<?xml version="1.0" encoding="UTF-8"?>
<testsuite xmlns:xsi="http://www.w3.org/2001/XMLSchema-instance" xsi:noNamespaceSchemaLocation="https://maven.apache.org/surefire/maven-surefire-plugin/xsd/surefire-test-report-3.0.xsd" version="3.0" name="org.apache.hadoop.ozone.container.TestECContainerRecovery" time="456.893" tests="1" errors="1" skipped="0" failures="0">
  <properties>
    <property name="awt.toolkit" value="sun.awt.X11.XToolkit"/>
    <property name="file.encoding.pkg" value="sun.io"/>
    <property name="java.specification.version" value="1.8"/>
    <property name="sun.cpu.isalist" value=""/>
    <property name="sun.jnu.encoding" value="UTF-8"/>
    <property name="java.class.path" value="/home/runner/work/ozone/ozone/hadoop-ozone/integration-test/target/test-classes:/home/runner/work/ozone/ozone/hadoop-ozone/integration-test/target/classes:/home/runner/.m2/repository/org/apache/ozone/ozone-common/1.3.0-SNAPSHOT/ozone-common-1.3.0-SNAPSHOT.jar:/home/runner/.m2/repository/io/grpc/grpc-netty/1.48.1/grpc-netty-1.48.1.jar:/home/runner/.m2/repository/io/grpc/grpc-core/1.48.1/grpc-core-1.48.1.jar:/home/runner/.m2/repository/com/google/android/annotations/4.1.1.4/annotations-4.1.1.4.jar:/home/runner/.m2/repository/org/codehaus/mojo/animal-sniffer-annotations/1.21/animal-sniffer-annotations-1.21.jar:/home/runner/.m2/repository/com/google/errorprone/error_prone_annotations/2.2.0/error_prone_annotations-2.2.0.jar:/home/runner/.m2/repository/io/perfmark/perfmark-api/0.25.0/perfmark-api-0.25.0.jar:/home/runner/.m2/repository/io/netty/netty-codec-http2/4.1.79.Final/netty-codec-http2-4.1.79.Final.jar:/home/runner/.m2/repository/io/netty/netty-common/4.1.79.Final/netty-common-4.1.79.Final.jar:/home/runner/.m2/repository/io/netty/netty-buffer/4.1.79.Final/netty-buffer-4.1.79.Final.jar:/home/runner/.m2/repository/io/netty/netty-codec-http/4.1.79.Final/netty-codec-http-4.1.79.Final.jar:/home/runner/.m2/repository/io/netty/netty-handler-proxy/4.1.79.Final/netty-handler-proxy-4.1.79.Final.jar:/home/runner/.m2/repository/io/netty/netty-codec-socks/4.1.79.Final/netty-codec-socks-4.1.79.Final.jar:/home/runner/.m2/repository/io/netty/netty-tcnative-boringssl-static/2.0.53.Final/netty-tcnative-boringssl-static-2.0.53.Final.jar:/home/runner/.m2/repository/io/netty/netty-tcnative-classes/2.0.53.Final/netty-tcnative-classes-2.0.53.Final.jar:/home/runner/.m2/repository/io/netty/netty-tcnative-boringssl-static/2.0.53.Final/netty-tcnative-boringssl-static-2.0.53.Final-linux-x86_64.jar:/home/runner/.m2/repository/io/netty/netty-tcnative-boringssl-static/2.0.53.Final/netty-tcnative-boringssl-static-2.0.53.Final-linux-aarch_64.jar:/home/runner/.m2/repository/io/netty/netty-tcnative-boringssl-static/2.0.53.Final/netty-tcnative-boringssl-static-2.0.53.Final-osx-x86_64.jar:/home/runner/.m2/repository/io/netty/netty-tcnative-boringssl-static/2.0.53.Final/netty-tcnative-boringssl-static-2.0.53.Final-osx-aarch_64.jar:/home/runner/.m2/repository/io/netty/netty-tcnative-boringssl-static/2.0.53.Final/netty-tcnative-boringssl-static-2.0.53.Final-windows-x86_64.jar:/home/runner/.m2/repository/org/apache/commons/commons-compress/1.21/commons-compress-1.21.jar:/home/runner/.m2/repository/org/apache/ozone/hdds-common/1.3.0-SNAPSHOT/hdds-common-1.3.0-SNAPSHOT.jar:/home/runner/.m2/repository/org/apache/ozone/hdds-client/1.3.0-SNAPSHOT/hdds-client-1.3.0-SNAPSHOT.jar:/home/runner/.m2/repository/org/apache/ozone/ozone-interface-client/1.3.0-SNAPSHOT/ozone-interface-client-1.3.0-SNAPSHOT.jar:/home/runner/.m2/repository/org/apache/ozone/hdds-test-utils/1.3.0-SNAPSHOT/hdds-test-utils-1.3.0-SNAPSHOT.jar:/home/runner/.m2/repository/com/google/guava/guava/31.1-jre/guava-31.1-jre.jar:/home/runner/.m2/repository/com/google/guava/failureaccess/1.0.1/failureaccess-1.0.1.jar:/home/runner/.m2/repository/com/google/guava/listenablefuture/9999.0-empty-to-avoid-conflict-with-guava/listenablefuture-9999.0-empty-to-avoid-conflict-with-guava.jar:/home/runner/.m2/repository/com/google/code/findbugs/jsr305/3.0.0/jsr305-3.0.0.jar:/home/runner/.m2/repository/org/checkerframework/checker-qual/3.12.0/checker-qual-3.12.0.jar:/home/runner/.m2/repository/com/google/j2objc/j2objc-annotations/1.3/j2objc-annotations-1.3.jar:/home/runner/.m2/repository/commons-io/commons-io/2.11.0/commons-io-2.11.0.jar:/home/runner/.m2/repository/commons-logging/commons-logging/1.2/commons-logging-1.2.jar:/home/runner/.m2/repository/ch/qos/reload4j/reload4j/1.2.22/reload4j-1.2.22.jar:/home/runner/.m2/repository/org/slf4j/slf4j-api/1.7.36/slf4j-api-1.7.36.jar:/home/runner/.m2/repository/org/apache/ozone/hdds-server-scm/1.3.0-SNAPSHOT/hdds-server-scm-1.3.0-SNAPSHOT.jar:/home/runner/.m2/repository/org/apache/ozone/hdds-container-service/1.3.0-SNAPSHOT/hdds-container-service-1.3.0-SNAPSHOT.jar:/home/runner/.m2/repository/org/apache/ozone/hdds-hadoop-dependency-server/1.3.0-SNAPSHOT/hdds-hadoop-dependency-server-1.3.0-SNAPSHOT.jar:/home/runner/.m2/repository/org/apache/hadoop/hadoop-hdfs/3.3.4/hadoop-hdfs-3.3.4.jar:/home/runner/.m2/repository/org/eclipse/jetty/jetty-util-ajax/9.4.49.v20220914/jetty-util-ajax-9.4.49.v20220914.jar:/home/runner/.m2/repository/commons-daemon/commons-daemon/1.0.13/commons-daemon-1.0.13.jar:/home/runner/.m2/repository/org/apache/ozone/hdds-server-framework/1.3.0-SNAPSHOT/hdds-server-framework-1.3.0-SNAPSHOT.jar:/home/runner/.m2/repository/org/apache/ozone/hdds-interface-server/1.3.0-SNAPSHOT/hdds-interface-server-1.3.0-SNAPSHOT.jar:/home/runner/.m2/repository/org/apache/commons/commons-configuration2/2.1.1/commons-configuration2-2.1.1.jar:/home/runner/.m2/repository/org/apache/logging/log4j/log4j-core/2.17.1/log4j-core-2.17.1.jar:/home/runner/.m2/repository/com/lmax/disruptor/3.4.2/disruptor-3.4.2.jar:/home/runner/.m2/repository/org/eclipse/jetty/jetty-servlet/9.4.49.v20220914/jetty-servlet-9.4.49.v20220914.jar:/home/runner/.m2/repository/org/eclipse/jetty/jetty-security/9.4.49.v20220914/jetty-security-9.4.49.v20220914.jar:/home/runner/.m2/repository/org/rocksdb/rocksdbjni/7.4.5/rocksdbjni-7.4.5.jar:/home/runner/.m2/repository/io/prometheus/simpleclient_dropwizard/0.7.0/simpleclient_dropwizard-0.7.0.jar:/home/runner/.m2/repository/io/prometheus/simpleclient/0.7.0/simpleclient-0.7.0.jar:/home/runner/.m2/repository/io/prometheus/simpleclient_common/0.7.0/simpleclient_common-0.7.0.jar:/home/runner/.m2/repository/com/github/spotbugs/spotbugs-annotations/3.1.12/spotbugs-annotations-3.1.12.jar:/home/runner/.m2/repository/io/dropwizard/metrics/metrics-core/3.2.4/metrics-core-3.2.4.jar:/home/runner/.m2/repository/org/apache/commons/commons-text/1.4/commons-text-1.4.jar:/home/runner/.m2/repository/org/apache/hadoop/hadoop-hdfs-client/3.3.4/hadoop-hdfs-client-3.3.4.jar:/home/runner/.m2/repository/com/squareup/okhttp3/okhttp/4.9.3/okhttp-4.9.3.jar:/home/runner/.m2/repository/com/squareup/okio/okio/2.8.0/okio-2.8.0.jar:/home/runner/.m2/repository/org/jetbrains/kotlin/kotlin-stdlib-common/1.4.10/kotlin-stdlib-common-1.4.10.jar:/home/runner/.m2/repository/org/bouncycastle/bcprov-jdk15on/1.67/bcprov-jdk15on-1.67.jar:/home/runner/.m2/repository/com/google/protobuf/protobuf-java/2.5.0/protobuf-java-2.5.0.jar:/home/runner/.m2/repository/org/apache/ozone/ozone-manager/1.3.0-SNAPSHOT/ozone-manager-1.3.0-SNAPSHOT.jar:/home/runner/.m2/repository/org/aspectj/aspectjrt/1.9.7/aspectjrt-1.9.7.jar:/home/runner/.m2/repository/org/aspectj/aspectjweaver/1.9.7/aspectjweaver-1.9.7.jar:/home/runner/.m2/repository/org/apache/ozone/hdds-interface-client/1.3.0-SNAPSHOT/hdds-interface-client-1.3.0-SNAPSHOT.jar:/home/runner/.m2/repository/org/apache/hadoop/thirdparty/hadoop-shaded-protobuf_3_7/1.1.1/hadoop-shaded-protobuf_3_7-1.1.1.jar:/home/runner/.m2/repository/org/apache/ozone/ozone-interface-storage/1.3.0-SNAPSHOT/ozone-interface-storage-1.3.0-SNAPSHOT.jar:/home/runner/.m2/repository/org/reflections/reflections/0.9.11/reflections-0.9.11.jar:/home/runner/.m2/repository/com/sun/jersey/jersey-client/1.19/jersey-client-1.19.jar:/home/runner/.m2/repository/org/apache/ranger/ranger-intg/2.3.0/ranger-intg-2.3.0.jar:/home/runner/.m2/repository/org/apache/ranger/ranger-plugins-common/2.3.0/ranger-plugins-common-2.3.0.jar:/home/runner/.m2/repository/commons-lang/commons-lang/2.6/commons-lang-2.6.jar:/home/runner/.m2/repository/org/codehaus/jackson/jackson-jaxrs/1.9.13/jackson-jaxrs-1.9.13.jar:/home/runner/.m2/repository/org/apache/ranger/ranger-plugins-cred/2.3.0/ranger-plugins-cred-2.3.0.jar:/home/runner/.m2/repository/org/apache/ranger/ranger-plugins-audit/2.3.0/ranger-plugins-audit-2.3.0.jar:/home/runner/.m2/repository/org/eclipse/jetty/jetty-client/9.4.31.v20200723/jetty-client-9.4.31.v20200723.jar:/home/runner/.m2/repository/org/apache/httpcomponents/httpmime/4.5.6/httpmime-4.5.6.jar:/home/runner/.m2/repository/org/apache/httpcomponents/httpcore-nio/4.4.6/httpcore-nio-4.4.6.jar:/home/runner/.m2/repository/org/apache/httpcomponents/httpasyncclient/4.1.3/httpasyncclient-4.1.3.jar:/home/runner/.m2/repository/com/carrotsearch/hppc/0.8.0/hppc-0.8.0.jar:/home/runner/.m2/repository/org/apache/orc/orc-core/1.5.8/orc-core-1.5.8.jar:/home/runner/.m2/repository/net/java/dev/jna/jna/5.2.0/jna-5.2.0.jar:/home/runner/.m2/repository/net/java/dev/jna/jna-platform/5.2.0/jna-platform-5.2.0.jar:/home/runner/.m2/repository/com/kstruct/gethostname4j/0.0.2/gethostname4j-0.0.2.jar:/home/runner/.m2/repository/org/apache/ranger/ranger-plugin-classloader/2.3.0/ranger-plugin-classloader-2.3.0.jar:/home/runner/.m2/repository/org/apache/hadoop/hadoop-minikdc/3.3.4/hadoop-minikdc-3.3.4.jar:/home/runner/.m2/repository/org/apache/kerby/kerb-simplekdc/1.0.1/kerb-simplekdc-1.0.1.jar:/home/runner/.m2/repository/org/apache/kerby/kerb-client/1.0.1/kerb-client-1.0.1.jar:/home/runner/.m2/repository/org/apache/kerby/kerby-config/1.0.1/kerby-config-1.0.1.jar:/home/runner/.m2/repository/org/apache/kerby/kerb-common/1.0.1/kerb-common-1.0.1.jar:/home/runner/.m2/repository/org/apache/kerby/kerb-crypto/1.0.1/kerb-crypto-1.0.1.jar:/home/runner/.m2/repository/org/apache/kerby/kerb-util/1.0.1/kerb-util-1.0.1.jar:/home/runner/.m2/repository/org/apache/kerby/token-provider/1.0.1/token-provider-1.0.1.jar:/home/runner/.m2/repository/org/apache/kerby/kerb-admin/1.0.1/kerb-admin-1.0.1.jar:/home/runner/.m2/repository/org/apache/kerby/kerb-server/1.0.1/kerb-server-1.0.1.jar:/home/runner/.m2/repository/org/apache/kerby/kerb-identity/1.0.1/kerb-identity-1.0.1.jar:/home/runner/.m2/repository/org/apache/kerby/kerby-xdr/1.0.1/kerby-xdr-1.0.1.jar:/home/runner/.m2/repository/org/apache/ozone/ozone-s3gateway/1.3.0-SNAPSHOT/ozone-s3gateway-1.3.0-SNAPSHOT.jar:/home/runner/.m2/repository/org/javassist/javassist/3.21.0-GA/javassist-3.21.0-GA.jar:/home/runner/.m2/repository/org/jboss/weld/servlet/weld-servlet/2.4.7.Final/weld-servlet-2.4.7.Final.jar:/home/runner/.m2/repository/org/glassfish/jersey/containers/jersey-container-servlet-core/2.34/jersey-container-servlet-core-2.34.jar:/home/runner/.m2/repository/org/glassfish/hk2/external/jakarta.inject/2.6.1/jakarta.inject-2.6.1.jar:/home/runner/.m2/repository/org/glassfish/jersey/core/jersey-common/2.34/jersey-common-2.34.jar:/home/runner/.m2/repository/jakarta/ws/rs/jakarta.ws.rs-api/2.1.6/jakarta.ws.rs-api-2.1.6.jar:/home/runner/.m2/repository/org/glassfish/jersey/ext/cdi/jersey-cdi1x/2.34/jersey-cdi1x-2.34.jar:/home/runner/.m2/repository/org/glassfish/jersey/inject/jersey-hk2/2.34/jersey-hk2-2.34.jar:/home/runner/.m2/repository/org/glassfish/hk2/hk2-locator/2.6.1/hk2-locator-2.6.1.jar:/home/runner/.m2/repository/org/glassfish/jersey/media/jersey-media-jaxb/2.34/jersey-media-jaxb-2.34.jar:/home/runner/.m2/repository/org/glassfish/hk2/osgi-resource-locator/1.0.3/osgi-resource-locator-1.0.3.jar:/home/runner/.m2/repository/org/glassfish/hk2/hk2-api/2.5.0/hk2-api-2.5.0.jar:/home/runner/.m2/repository/org/glassfish/hk2/hk2-utils/2.5.0/hk2-utils-2.5.0.jar:/home/runner/.m2/repository/org/glassfish/hk2/external/aopalliance-repackaged/2.5.0/aopalliance-repackaged-2.5.0.jar:/home/runner/.m2/repository/com/fasterxml/jackson/dataformat/jackson-dataformat-xml/2.13.4/jackson-dataformat-xml-2.13.4.jar:/home/runner/.m2/repository/com/fasterxml/jackson/core/jackson-core/2.13.4/jackson-core-2.13.4.jar:/home/runner/.m2/repository/org/codehaus/woodstox/stax2-api/3.1.4/stax2-api-3.1.4.jar:/home/runner/.m2/repository/com/fasterxml/woodstox/woodstox-core/5.4.0/woodstox-core-5.4.0.jar:/home/runner/.m2/repository/com/fasterxml/jackson/module/jackson-module-jaxb-annotations/2.13.4/jackson-module-jaxb-annotations-2.13.4.jar:/home/runner/.m2/repository/jakarta/xml/bind/jakarta.xml.bind-api/2.3.3/jakarta.xml.bind-api-2.3.3.jar:/home/runner/.m2/repository/jakarta/activation/jakarta.activation-api/1.2.1/jakarta.activation-api-1.2.1.jar:/home/runner/.m2/repository/javax/enterprise/cdi-api/1.2/cdi-api-1.2.jar:/home/runner/.m2/repository/javax/el/javax.el-api/3.0.0/javax.el-api-3.0.0.jar:/home/runner/.m2/repository/javax/interceptor/javax.interceptor-api/1.2/javax.interceptor-api-1.2.jar:/home/runner/.m2/repository/javax/inject/javax.inject/1/javax.inject-1.jar:/home/runner/.m2/repository/javax/xml/bind/jaxb-api/2.3.0/jaxb-api-2.3.0.jar:/home/runner/.m2/repository/org/glassfish/jaxb/jaxb-runtime/2.3.0.1/jaxb-runtime-2.3.0.1.jar:/home/runner/.m2/repository/org/glassfish/jaxb/jaxb-core/2.3.0.1/jaxb-core-2.3.0.1.jar:/home/runner/.m2/repository/org/glassfish/jaxb/txw2/2.3.0.1/txw2-2.3.0.1.jar:/home/runner/.m2/repository/com/sun/istack/istack-commons-runtime/3.0.5/istack-commons-runtime-3.0.5.jar:/home/runner/.m2/repository/org/jvnet/staxex/stax-ex/1.7.8/stax-ex-1.7.8.jar:/home/runner/.m2/repository/com/sun/xml/fastinfoset/FastInfoset/1.2.13/FastInfoset-1.2.13.jar:/home/runner/.m2/repository/javax/activation/activation/1.1.1/activation-1.1.1.jar:/home/runner/.m2/repository/io/grpc/grpc-protobuf/1.48.1/grpc-protobuf-1.48.1.jar:/home/runner/.m2/repository/io/grpc/grpc-api/1.48.1/grpc-api-1.48.1.jar:/home/runner/.m2/repository/io/grpc/grpc-context/1.48.1/grpc-context-1.48.1.jar:/home/runner/.m2/repository/com/google/api/grpc/proto-google-common-protos/2.9.0/proto-google-common-protos-2.9.0.jar:/home/runner/.m2/repository/io/grpc/grpc-protobuf-lite/1.48.1/grpc-protobuf-lite-1.48.1.jar:/home/runner/.m2/repository/io/grpc/grpc-stub/1.48.1/grpc-stub-1.48.1.jar:/home/runner/.m2/repository/io/netty/netty-transport/4.1.79.Final/netty-transport-4.1.79.Final.jar:/home/runner/.m2/repository/io/netty/netty-resolver/4.1.79.Final/netty-resolver-4.1.79.Final.jar:/home/runner/.m2/repository/org/apache/ozone/ozone-csi/1.3.0-SNAPSHOT/ozone-csi-1.3.0-SNAPSHOT.jar:/home/runner/.m2/repository/com/google/protobuf/protobuf-java-util/3.19.2/protobuf-java-util-3.19.2.jar:/home/runner/.m2/repository/com/google/code/gson/gson/2.9.0/gson-2.9.0.jar:/home/runner/.m2/repository/org/apache/ozone/hdds-config/1.3.0-SNAPSHOT/hdds-config-1.3.0-SNAPSHOT.jar:/home/runner/.m2/repository/io/netty/netty-transport-native-epoll/4.1.79.Final/netty-transport-native-epoll-4.1.79.Final-linux-x86_64.jar:/home/runner/.m2/repository/io/netty/netty-transport-classes-epoll/4.1.79.Final/netty-transport-classes-epoll-4.1.79.Final.jar:/home/runner/.m2/repository/io/netty/netty-transport-native-unix-common/4.1.79.Final/netty-transport-native-unix-common-4.1.79.Final.jar:/home/runner/.m2/repository/org/slf4j/slf4j-reload4j/1.7.36/slf4j-reload4j-1.7.36.jar:/home/runner/.m2/repository/org/apache/ozone/ozone-recon/1.3.0-SNAPSHOT/ozone-recon-1.3.0-SNAPSHOT.jar:/home/runner/.m2/repository/org/apache/ozone/ozone-reconcodegen/1.3.0-SNAPSHOT/ozone-reconcodegen-1.3.0-SNAPSHOT.jar:/home/runner/.m2/repository/com/google/inject/extensions/guice-multibindings/4.0/guice-multibindings-4.0.jar:/home/runner/.m2/repository/com/google/inject/guice/4.0/guice-4.0.jar:/home/runner/.m2/repository/aopalliance/aopalliance/1.0/aopalliance-1.0.jar:/home/runner/.m2/repository/com/google/inject/extensions/guice-assistedinject/4.0/guice-assistedinject-4.0.jar:/home/runner/.m2/repository/com/google/inject/extensions/guice-servlet/4.0/guice-servlet-4.0.jar:/home/runner/.m2/repository/org/glassfish/jersey/containers/jersey-container-servlet/2.34/jersey-container-servlet-2.34.jar:/home/runner/.m2/repository/org/glassfish/hk2/guice-bridge/2.5.0/guice-bridge-2.5.0.jar:/home/runner/.m2/repository/org/glassfish/jersey/core/jersey-server/2.34/jersey-server-2.34.jar:/home/runner/.m2/repository/org/glassfish/jersey/core/jersey-client/2.34/jersey-client-2.34.jar:/home/runner/.m2/repository/jakarta/annotation/jakarta.annotation-api/1.3.5/jakarta.annotation-api-1.3.5.jar:/home/runner/.m2/repository/jakarta/validation/jakarta.validation-api/2.0.2/jakarta.validation-api-2.0.2.jar:/home/runner/.m2/repository/org/glassfish/jersey/media/jersey-media-json-jackson/2.34/jersey-media-json-jackson-2.34.jar:/home/runner/.m2/repository/org/glassfish/jersey/ext/jersey-entity-filtering/2.34/jersey-entity-filtering-2.34.jar:/home/runner/.m2/repository/org/jooq/jooq/3.11.10/jooq-3.11.10.jar:/home/runner/.m2/repository/org/jooq/jooq-meta/3.11.10/jooq-meta-3.11.10.jar:/home/runner/.m2/repository/org/jooq/jooq-codegen/3.11.10/jooq-codegen-3.11.10.jar:/home/runner/.m2/repository/com/jolbox/bonecp/0.8.0.RELEASE/bonecp-0.8.0.RELEASE.jar:/home/runner/.m2/repository/org/apache/derby/derby/10.14.2.0/derby-10.14.2.0.jar:/home/runner/.m2/repository/org/xerial/sqlite-jdbc/3.25.2/sqlite-jdbc-3.25.2.jar:/home/runner/.m2/repository/org/springframework/spring-jdbc/5.3.23/spring-jdbc-5.3.23.jar:/home/runner/.m2/repository/org/springframework/spring-beans/5.3.23/spring-beans-5.3.23.jar:/home/runner/.m2/repository/org/springframework/spring-core/5.3.23/spring-core-5.3.23.jar:/home/runner/.m2/repository/org/springframework/spring-jcl/5.3.23/spring-jcl-5.3.23.jar:/home/runner/.m2/repository/org/springframework/spring-tx/5.3.23/spring-tx-5.3.23.jar:/home/runner/.m2/repository/org/apache/ozone/ozone-client/1.3.0-SNAPSHOT/ozone-client-1.3.0-SNAPSHOT.jar:/home/runner/.m2/repository/org/apache/ozone/hdds-erasurecode/1.3.0-SNAPSHOT/hdds-erasurecode-1.3.0-SNAPSHOT.jar:/home/runner/.m2/repository/org/apache/ozone/ozone-filesystem/1.3.0-SNAPSHOT/ozone-filesystem-1.3.0-SNAPSHOT.jar:/home/runner/.m2/repository/org/apache/ozone/ozone-filesystem-common/1.3.0-SNAPSHOT/ozone-filesystem-common-1.3.0-SNAPSHOT.jar:/home/runner/.m2/repository/org/apache/ozone/ozone-tools/1.3.0-SNAPSHOT/ozone-tools-1.3.0-SNAPSHOT.jar:/home/runner/.m2/repository/org/apache/ratis/ratis-tools/2.4.0/ratis-tools-2.4.0.jar:/home/runner/.m2/repository/com/amazonaws/aws-java-sdk-core/1.12.261/aws-java-sdk-core-1.12.261.jar:/home/runner/.m2/repository/org/apache/httpcomponents/httpclient/4.5.13/httpclient-4.5.13.jar:/home/runner/.m2/repository/org/apache/httpcomponents/httpcore/4.4.13/httpcore-4.4.13.jar:/home/runner/.m2/repository/software/amazon/ion/ion-java/1.0.2/ion-java-1.0.2.jar:/home/runner/.m2/repository/com/fasterxml/jackson/dataformat/jackson-dataformat-cbor/2.13.4/jackson-dataformat-cbor-2.13.4.jar:/home/runner/.m2/repository/joda-time/joda-time/2.8.1/joda-time-2.8.1.jar:/home/runner/.m2/repository/com/amazonaws/aws-java-sdk-s3/1.12.261/aws-java-sdk-s3-1.12.261.jar:/home/runner/.m2/repository/com/amazonaws/aws-java-sdk-kms/1.12.261/aws-java-sdk-kms-1.12.261.jar:/home/runner/.m2/repository/com/amazonaws/jmespath-java/1.12.261/jmespath-java-1.12.261.jar:/home/runner/.m2/repository/org/kohsuke/metainf-services/metainf-services/1.8/metainf-services-1.8.jar:/home/runner/.m2/repository/org/apache/ozone/hdds-tools/1.3.0-SNAPSHOT/hdds-tools-1.3.0-SNAPSHOT.jar:/home/runner/.m2/repository/commons-cli/commons-cli/1.2/commons-cli-1.2.jar:/home/runner/.m2/repository/org/apache/commons/commons-lang3/3.7/commons-lang3-3.7.jar:/home/runner/.m2/repository/org/apache/ozone/ozone-manager/1.3.0-SNAPSHOT/ozone-manager-1.3.0-SNAPSHOT-tests.jar:/home/runner/.m2/repository/org/apache/ozone/hdds-common/1.3.0-SNAPSHOT/hdds-common-1.3.0-SNAPSHOT-tests.jar:/home/runner/.m2/repository/org/apache/ozone/hdds-hadoop-dependency-client/1.3.0-SNAPSHOT/hdds-hadoop-dependency-client-1.3.0-SNAPSHOT.jar:/home/runner/.m2/repository/info/picocli/picocli/4.6.1/picocli-4.6.1.jar:/home/runner/.m2/repository/com/fasterxml/jackson/core/jackson-annotations/2.13.4/jackson-annotations-2.13.4.jar:/home/runner/.m2/repository/com/fasterxml/jackson/datatype/jackson-datatype-jsr310/2.13.4/jackson-datatype-jsr310-2.13.4.jar:/home/runner/.m2/repository/org/apache/ozone/hdds-annotation-processing/1.3.0-SNAPSHOT/hdds-annotation-processing-1.3.0-SNAPSHOT.jar:/home/runner/.m2/repository/javax/annotation/javax.annotation-api/1.2/javax.annotation-api-1.2.jar:/home/runner/.m2/repository/org/apache/ratis/ratis-server/2.4.0/ratis-server-2.4.0.jar:/home/runner/.m2/repository/org/apache/ratis/ratis-client/2.4.0/ratis-client-2.4.0.jar:/home/runner/.m2/repository/org/apache/ratis/ratis-server-api/2.4.0/ratis-server-api-2.4.0.jar:/home/runner/.m2/repository/org/apache/ratis/ratis-metrics/2.4.0/ratis-metrics-2.4.0.jar:/home/runner/.m2/repository/org/apache/ratis/ratis-netty/2.4.0/ratis-netty-2.4.0.jar:/home/runner/.m2/repository/org/apache/ratis/ratis-grpc/2.4.0/ratis-grpc-2.4.0.jar:/home/runner/.m2/repository/org/apache/logging/log4j/log4j-api/2.17.1/log4j-api-2.17.1.jar:/home/runner/.m2/repository/org/apache/commons/commons-pool2/2.6.0/commons-pool2-2.6.0.jar:/home/runner/.m2/repository/org/bouncycastle/bcpkix-jdk15on/1.67/bcpkix-jdk15on-1.67.jar:/home/runner/.m2/repository/commons-validator/commons-validator/1.6/commons-validator-1.6.jar:/home/runner/.m2/repository/commons-beanutils/commons-beanutils/1.9.4/commons-beanutils-1.9.4.jar:/home/runner/.m2/repository/commons-digester/commons-digester/1.8.1/commons-digester-1.8.1.jar:/home/runner/.m2/repository/commons-collections/commons-collections/3.2.2/commons-collections-3.2.2.jar:/home/runner/.m2/repository/io/jaegertracing/jaeger-client/1.6.0/jaeger-client-1.6.0.jar:/home/runner/.m2/repository/io/jaegertracing/jaeger-thrift/1.6.0/jaeger-thrift-1.6.0.jar:/home/runner/.m2/repository/org/apache/thrift/libthrift/0.14.1/libthrift-0.14.1.jar:/home/runner/.m2/repository/io/jaegertracing/jaeger-core/1.6.0/jaeger-core-1.6.0.jar:/home/runner/.m2/repository/io/jaegertracing/jaeger-tracerresolver/1.6.0/jaeger-tracerresolver-1.6.0.jar:/home/runner/.m2/repository/io/opentracing/contrib/opentracing-tracerresolver/0.1.8/opentracing-tracerresolver-0.1.8.jar:/home/runner/.m2/repository/org/jetbrains/kotlin/kotlin-stdlib/1.6.21/kotlin-stdlib-1.6.21.jar:/home/runner/.m2/repository/org/jetbrains/annotations/13.0/annotations-13.0.jar:/home/runner/.m2/repository/io/opentracing/opentracing-util/0.33.0/opentracing-util-0.33.0.jar:/home/runner/.m2/repository/io/opentracing/opentracing-api/0.33.0/opentracing-api-0.33.0.jar:/home/runner/.m2/repository/io/opentracing/opentracing-noop/0.33.0/opentracing-noop-0.33.0.jar:/home/runner/.m2/repository/org/yaml/snakeyaml/1.33/snakeyaml-1.33.jar:/home/runner/.m2/repository/org/apache/ozone/hdds-interface-admin/1.3.0-SNAPSHOT/hdds-interface-admin-1.3.0-SNAPSHOT.jar:/home/runner/.m2/repository/junit/junit/4.13.1/junit-4.13.1.jar:/home/runner/.m2/repository/org/hamcrest/hamcrest-core/1.3/hamcrest-core-1.3.jar:/home/runner/.m2/repository/org/junit/jupiter/junit-jupiter-api/5.8.2/junit-jupiter-api-5.8.2.jar:/home/runner/.m2/repository/org/opentest4j/opentest4j/1.2.0/opentest4j-1.2.0.jar:/home/runner/.m2/repository/org/junit/platform/junit-platform-commons/1.8.2/junit-platform-commons-1.8.2.jar:/home/runner/.m2/repository/org/apiguardian/apiguardian-api/1.1.2/apiguardian-api-1.1.2.jar:/home/runner/.m2/repository/org/junit/jupiter/junit-jupiter-params/5.8.2/junit-jupiter-params-5.8.2.jar:/home/runner/.m2/repository/org/junit/jupiter/junit-jupiter-migrationsupport/5.8.2/junit-jupiter-migrationsupport-5.8.2.jar:/home/runner/.m2/repository/org/junit/jupiter/junit-jupiter-engine/5.8.2/junit-jupiter-engine-5.8.2.jar:/home/runner/.m2/repository/org/junit/platform/junit-platform-engine/1.8.2/junit-platform-engine-1.8.2.jar:/home/runner/.m2/repository/org/junit/vintage/junit-vintage-engine/5.8.2/junit-vintage-engine-5.8.2.jar:/home/runner/.m2/repository/org/junit/platform/junit-platform-launcher/1.8.2/junit-platform-launcher-1.8.2.jar:/home/runner/.m2/repository/org/mockito/mockito-core/2.28.2/mockito-core-2.28.2.jar:/home/runner/.m2/repository/net/bytebuddy/byte-buddy/1.9.10/byte-buddy-1.9.10.jar:/home/runner/.m2/repository/net/bytebuddy/byte-buddy-agent/1.9.10/byte-buddy-agent-1.9.10.jar:/home/runner/.m2/repository/org/objenesis/objenesis/1.0/objenesis-1.0.jar:/home/runner/.m2/repository/org/apache/hadoop/hadoop-kms/3.3.4/hadoop-kms-3.3.4.jar:/home/runner/.m2/repository/org/apache/hadoop/hadoop-auth/3.3.4/hadoop-auth-3.3.4.jar:/home/runner/.m2/repository/com/nimbusds/nimbus-jose-jwt/7.9/nimbus-jose-jwt-7.9.jar:/home/runner/.m2/repository/com/github/stephenc/jcip/jcip-annotations/1.0-1/jcip-annotations-1.0-1.jar:/home/runner/.m2/repository/net/minidev/json-smart/2.4.7/json-smart-2.4.7.jar:/home/runner/.m2/repository/net/minidev/accessors-smart/2.4.7/accessors-smart-2.4.7.jar:/home/runner/.m2/repository/org/ow2/asm/asm/5.0.4/asm-5.0.4.jar:/home/runner/.m2/repository/org/apache/zookeeper/zookeeper/3.5.6/zookeeper-3.5.6.jar:/home/runner/.m2/repository/org/apache/zookeeper/zookeeper-jute/3.5.6/zookeeper-jute-3.5.6.jar:/home/runner/.m2/repository/org/apache/yetus/audience-annotations/0.5.0/audience-annotations-0.5.0.jar:/home/runner/.m2/repository/org/apache/curator/curator-framework/4.2.0/curator-framework-4.2.0.jar:/home/runner/.m2/repository/org/apache/hadoop/thirdparty/hadoop-shaded-guava/1.1.1/hadoop-shaded-guava-1.1.1.jar:/home/runner/.m2/repository/com/sun/jersey/jersey-core/1.19/jersey-core-1.19.jar:/home/runner/.m2/repository/javax/ws/rs/jsr311-api/1.1.1/jsr311-api-1.1.1.jar:/home/runner/.m2/repository/com/sun/jersey/jersey-server/1.19/jersey-server-1.19.jar:/home/runner/.m2/repository/javax/servlet/javax.servlet-api/3.1.0/javax.servlet-api-3.1.0.jar:/home/runner/.m2/repository/org/eclipse/jetty/jetty-server/9.4.49.v20220914/jetty-server-9.4.49.v20220914.jar:/home/runner/.m2/repository/org/eclipse/jetty/jetty-http/9.4.49.v20220914/jetty-http-9.4.49.v20220914.jar:/home/runner/.m2/repository/org/eclipse/jetty/jetty-io/9.4.49.v20220914/jetty-io-9.4.49.v20220914.jar:/home/runner/.m2/repository/org/eclipse/jetty/jetty-webapp/9.4.49.v20220914/jetty-webapp-9.4.49.v20220914.jar:/home/runner/.m2/repository/org/eclipse/jetty/jetty-xml/9.4.49.v20220914/jetty-xml-9.4.49.v20220914.jar:/home/runner/.m2/repository/org/apache/hadoop/hadoop-common/3.3.4/hadoop-common-3.3.4.jar:/home/runner/.m2/repository/org/apache/commons/commons-math3/3.1.1/commons-math3-3.1.1.jar:/home/runner/.m2/repository/commons-net/commons-net/3.6/commons-net-3.6.jar:/home/runner/.m2/repository/com/sun/jersey/jersey-servlet/1.19/jersey-servlet-1.19.jar:/home/runner/.m2/repository/com/sun/jersey/jersey-json/1.19/jersey-json-1.19.jar:/home/runner/.m2/repository/org/codehaus/jettison/jettison/1.1/jettison-1.1.jar:/home/runner/.m2/repository/com/sun/xml/bind/jaxb-impl/2.2.3-1/jaxb-impl-2.2.3-1.jar:/home/runner/.m2/repository/org/codehaus/jackson/jackson-xc/1.9.2/jackson-xc-1.9.2.jar:/home/runner/.m2/repository/com/google/re2j/re2j/1.1/re2j-1.1.jar:/home/runner/.m2/repository/com/jcraft/jsch/0.1.54/jsch-0.1.54.jar:/home/runner/.m2/repository/org/apache/curator/curator-client/4.2.0/curator-client-4.2.0.jar:/home/runner/.m2/repository/org/apache/curator/curator-recipes/4.2.0/curator-recipes-4.2.0.jar:/home/runner/.m2/repository/org/apache/kerby/kerb-core/1.0.1/kerb-core-1.0.1.jar:/home/runner/.m2/repository/org/apache/kerby/kerby-pkix/1.0.1/kerby-pkix-1.0.1.jar:/home/runner/.m2/repository/org/apache/kerby/kerby-asn1/1.0.1/kerby-asn1-1.0.1.jar:/home/runner/.m2/repository/org/apache/kerby/kerby-util/1.0.1/kerby-util-1.0.1.jar:/home/runner/.m2/repository/dnsjava/dnsjava/2.1.7/dnsjava-2.1.7.jar:/home/runner/.m2/repository/org/xerial/snappy/snappy-java/1.1.8.2/snappy-java-1.1.8.2.jar:/home/runner/.m2/repository/org/eclipse/jetty/jetty-util/9.4.49.v20220914/jetty-util-9.4.49.v20220914.jar:/home/runner/.m2/repository/com/fasterxml/jackson/core/jackson-databind/2.13.4.2/jackson-databind-2.13.4.2.jar:/home/runner/.m2/repository/org/apache/hadoop/hadoop-kms/3.3.4/hadoop-kms-3.3.4-tests.jar:/home/runner/.m2/repository/org/apache/ozone/hdds-server-scm/1.3.0-SNAPSHOT/hdds-server-scm-1.3.0-SNAPSHOT-tests.jar:/home/runner/.m2/repository/org/apache/ozone/hdds-container-service/1.3.0-SNAPSHOT/hdds-container-service-1.3.0-SNAPSHOT-tests.jar:/home/runner/.m2/repository/commons-codec/commons-codec/1.11/commons-codec-1.11.jar:/home/runner/.m2/repository/io/netty/netty-codec/4.1.79.Final/netty-codec-4.1.79.Final.jar:/home/runner/.m2/repository/io/netty/netty-handler/4.1.79.Final/netty-handler-4.1.79.Final.jar:/home/runner/.m2/repository/org/apache/ozone/hdds-hadoop-dependency-test/1.3.0-SNAPSHOT/hdds-hadoop-dependency-test-1.3.0-SNAPSHOT.jar:/home/runner/.m2/repository/org/apache/hadoop/hadoop-common/3.3.4/hadoop-common-3.3.4-tests.jar:/home/runner/.m2/repository/org/apache/hadoop/hadoop-hdfs/3.3.4/hadoop-hdfs-3.3.4-tests.jar:/home/runner/.m2/repository/org/assertj/assertj-core/3.12.2/assertj-core-3.12.2.jar:/home/runner/.m2/repository/org/apache/hadoop/hadoop-distcp/3.3.4/hadoop-distcp-3.3.4.jar:/home/runner/.m2/repository/org/apache/hadoop/hadoop-mapreduce-client-jobclient/3.3.4/hadoop-mapreduce-client-jobclient-3.3.4.jar:/home/runner/.m2/repository/org/apache/hadoop/hadoop-mapreduce-client-common/3.3.4/hadoop-mapreduce-client-common-3.3.4.jar:/home/runner/.m2/repository/org/apache/hadoop/hadoop-yarn-common/3.3.4/hadoop-yarn-common-3.3.4.jar:/home/runner/.m2/repository/org/apache/hadoop/hadoop-yarn-api/3.3.4/hadoop-yarn-api-3.3.4.jar:/home/runner/.m2/repository/com/sun/jersey/contribs/jersey-guice/1.19/jersey-guice-1.19.jar:/home/runner/.m2/repository/com/fasterxml/jackson/jaxrs/jackson-jaxrs-json-provider/2.13.4/jackson-jaxrs-json-provider-2.13.4.jar:/home/runner/.m2/repository/com/fasterxml/jackson/jaxrs/jackson-jaxrs-base/2.13.4/jackson-jaxrs-base-2.13.4.jar:/home/runner/.m2/repository/org/apache/hadoop/hadoop-yarn-client/3.3.4/hadoop-yarn-client-3.3.4.jar:/home/runner/.m2/repository/org/eclipse/jetty/websocket/websocket-client/9.4.43.v20210629/websocket-client-9.4.43.v20210629.jar:/home/runner/.m2/repository/org/eclipse/jetty/websocket/websocket-common/9.4.43.v20210629/websocket-common-9.4.43.v20210629.jar:/home/runner/.m2/repository/org/eclipse/jetty/websocket/websocket-api/9.4.43.v20210629/websocket-api-9.4.43.v20210629.jar:/home/runner/.m2/repository/org/jline/jline/3.9.0/jline-3.9.0.jar:/home/runner/.m2/repository/org/apache/hadoop/hadoop-mapreduce-client-core/3.3.4/hadoop-mapreduce-client-core-3.3.4.jar:/home/runner/.m2/repository/org/apache/avro/avro/1.7.7/avro-1.7.7.jar:/home/runner/.m2/repository/org/codehaus/jackson/jackson-core-asl/1.9.13/jackson-core-asl-1.9.13.jar:/home/runner/.m2/repository/org/codehaus/jackson/jackson-mapper-asl/1.9.13/jackson-mapper-asl-1.9.13.jar:/home/runner/.m2/repository/com/thoughtworks/paranamer/paranamer/2.3/paranamer-2.3.jar:/home/runner/.m2/repository/org/apache/hadoop/hadoop-annotations/3.3.4/hadoop-annotations-3.3.4.jar:/usr/lib/jvm/temurin-8-jdk-amd64/jre/../lib/tools.jar:/home/runner/.m2/repository/io/netty/netty/3.10.6.Final/netty-3.10.6.Final.jar:/home/runner/.m2/repository/org/apache/hadoop/hadoop-distcp/3.3.4/hadoop-distcp-3.3.4-tests.jar:/home/runner/.m2/repository/org/slf4j/jul-to-slf4j/1.7.36/jul-to-slf4j-1.7.36.jar:/home/runner/.m2/repository/org/apache/ratis/ratis-common/2.4.0/ratis-common-2.4.0.jar:/home/runner/.m2/repository/org/apache/ratis/ratis-thirdparty-misc/1.0.2/ratis-thirdparty-misc-1.0.2.jar:/home/runner/.m2/repository/org/apache/ratis/ratis-proto/2.4.0/ratis-proto-2.4.0.jar:"/>
    <property name="java.vm.vendor" value="Temurin"/>
    <property name="sun.arch.data.model" value="64"/>
    <property name="test.build.dir" value="/home/runner/work/ozone/ozone/hadoop-ozone/integration-test/target/test-dir"/>
    <property name="test.cache.data" value=""/>
    <property name="java.vendor.url" value="https://adoptium.net/"/>
    <property name="user.timezone" value="Etc/UTC"/>
    <property name="java.vm.specification.version" value="1.8"/>
    <property name="os.name" value="Linux"/>
    <property name="test.build.data" value="/home/runner/work/ozone/ozone/hadoop-ozone/integration-test/target/test-dir"/>
    <property name="sun.java.launcher" value="SUN_STANDARD"/>
    <property name="sun.boot.library.path" value="/usr/lib/jvm/temurin-8-jdk-amd64/jre/lib/amd64"/>
    <property name="sun.java.command" value="/home/runner/work/ozone/ozone/hadoop-ozone/integration-test/target/surefire/surefirebooter7814587453580781298.jar /home/runner/work/ozone/ozone/hadoop-ozone/integration-test/target/surefire 2022-11-07T12-56-27_507-jvmRun1 surefire7074306442434182948tmp surefire_129060074345414012763tmp"/>
    <property name="surefire.test.class.path" value="/home/runner/work/ozone/ozone/hadoop-ozone/integration-test/target/test-classes:/home/runner/work/ozone/ozone/hadoop-ozone/integration-test/target/classes:/home/runner/.m2/repository/org/apache/ozone/ozone-common/1.3.0-SNAPSHOT/ozone-common-1.3.0-SNAPSHOT.jar:/home/runner/.m2/repository/io/grpc/grpc-netty/1.48.1/grpc-netty-1.48.1.jar:/home/runner/.m2/repository/io/grpc/grpc-core/1.48.1/grpc-core-1.48.1.jar:/home/runner/.m2/repository/com/google/android/annotations/4.1.1.4/annotations-4.1.1.4.jar:/home/runner/.m2/repository/org/codehaus/mojo/animal-sniffer-annotations/1.21/animal-sniffer-annotations-1.21.jar:/home/runner/.m2/repository/com/google/errorprone/error_prone_annotations/2.2.0/error_prone_annotations-2.2.0.jar:/home/runner/.m2/repository/io/perfmark/perfmark-api/0.25.0/perfmark-api-0.25.0.jar:/home/runner/.m2/repository/io/netty/netty-codec-http2/4.1.79.Final/netty-codec-http2-4.1.79.Final.jar:/home/runner/.m2/repository/io/netty/netty-common/4.1.79.Final/netty-common-4.1.79.Final.jar:/home/runner/.m2/repository/io/netty/netty-buffer/4.1.79.Final/netty-buffer-4.1.79.Final.jar:/home/runner/.m2/repository/io/netty/netty-codec-http/4.1.79.Final/netty-codec-http-4.1.79.Final.jar:/home/runner/.m2/repository/io/netty/netty-handler-proxy/4.1.79.Final/netty-handler-proxy-4.1.79.Final.jar:/home/runner/.m2/repository/io/netty/netty-codec-socks/4.1.79.Final/netty-codec-socks-4.1.79.Final.jar:/home/runner/.m2/repository/io/netty/netty-tcnative-boringssl-static/2.0.53.Final/netty-tcnative-boringssl-static-2.0.53.Final.jar:/home/runner/.m2/repository/io/netty/netty-tcnative-classes/2.0.53.Final/netty-tcnative-classes-2.0.53.Final.jar:/home/runner/.m2/repository/io/netty/netty-tcnative-boringssl-static/2.0.53.Final/netty-tcnative-boringssl-static-2.0.53.Final-linux-x86_64.jar:/home/runner/.m2/repository/io/netty/netty-tcnative-boringssl-static/2.0.53.Final/netty-tcnative-boringssl-static-2.0.53.Final-linux-aarch_64.jar:/home/runner/.m2/repository/io/netty/netty-tcnative-boringssl-static/2.0.53.Final/netty-tcnative-boringssl-static-2.0.53.Final-osx-x86_64.jar:/home/runner/.m2/repository/io/netty/netty-tcnative-boringssl-static/2.0.53.Final/netty-tcnative-boringssl-static-2.0.53.Final-osx-aarch_64.jar:/home/runner/.m2/repository/io/netty/netty-tcnative-boringssl-static/2.0.53.Final/netty-tcnative-boringssl-static-2.0.53.Final-windows-x86_64.jar:/home/runner/.m2/repository/org/apache/commons/commons-compress/1.21/commons-compress-1.21.jar:/home/runner/.m2/repository/org/apache/ozone/hdds-common/1.3.0-SNAPSHOT/hdds-common-1.3.0-SNAPSHOT.jar:/home/runner/.m2/repository/org/apache/ozone/hdds-client/1.3.0-SNAPSHOT/hdds-client-1.3.0-SNAPSHOT.jar:/home/runner/.m2/repository/org/apache/ozone/ozone-interface-client/1.3.0-SNAPSHOT/ozone-interface-client-1.3.0-SNAPSHOT.jar:/home/runner/.m2/repository/org/apache/ozone/hdds-test-utils/1.3.0-SNAPSHOT/hdds-test-utils-1.3.0-SNAPSHOT.jar:/home/runner/.m2/repository/com/google/guava/guava/31.1-jre/guava-31.1-jre.jar:/home/runner/.m2/repository/com/google/guava/failureaccess/1.0.1/failureaccess-1.0.1.jar:/home/runner/.m2/repository/com/google/guava/listenablefuture/9999.0-empty-to-avoid-conflict-with-guava/listenablefuture-9999.0-empty-to-avoid-conflict-with-guava.jar:/home/runner/.m2/repository/com/google/code/findbugs/jsr305/3.0.0/jsr305-3.0.0.jar:/home/runner/.m2/repository/org/checkerframework/checker-qual/3.12.0/checker-qual-3.12.0.jar:/home/runner/.m2/repository/com/google/j2objc/j2objc-annotations/1.3/j2objc-annotations-1.3.jar:/home/runner/.m2/repository/commons-io/commons-io/2.11.0/commons-io-2.11.0.jar:/home/runner/.m2/repository/commons-logging/commons-logging/1.2/commons-logging-1.2.jar:/home/runner/.m2/repository/ch/qos/reload4j/reload4j/1.2.22/reload4j-1.2.22.jar:/home/runner/.m2/repository/org/slf4j/slf4j-api/1.7.36/slf4j-api-1.7.36.jar:/home/runner/.m2/repository/org/apache/ozone/hdds-server-scm/1.3.0-SNAPSHOT/hdds-server-scm-1.3.0-SNAPSHOT.jar:/home/runner/.m2/repository/org/apache/ozone/hdds-container-service/1.3.0-SNAPSHOT/hdds-container-service-1.3.0-SNAPSHOT.jar:/home/runner/.m2/repository/org/apache/ozone/hdds-hadoop-dependency-server/1.3.0-SNAPSHOT/hdds-hadoop-dependency-server-1.3.0-SNAPSHOT.jar:/home/runner/.m2/repository/org/apache/hadoop/hadoop-hdfs/3.3.4/hadoop-hdfs-3.3.4.jar:/home/runner/.m2/repository/org/eclipse/jetty/jetty-util-ajax/9.4.49.v20220914/jetty-util-ajax-9.4.49.v20220914.jar:/home/runner/.m2/repository/commons-daemon/commons-daemon/1.0.13/commons-daemon-1.0.13.jar:/home/runner/.m2/repository/org/apache/ozone/hdds-server-framework/1.3.0-SNAPSHOT/hdds-server-framework-1.3.0-SNAPSHOT.jar:/home/runner/.m2/repository/org/apache/ozone/hdds-interface-server/1.3.0-SNAPSHOT/hdds-interface-server-1.3.0-SNAPSHOT.jar:/home/runner/.m2/repository/org/apache/commons/commons-configuration2/2.1.1/commons-configuration2-2.1.1.jar:/home/runner/.m2/repository/org/apache/logging/log4j/log4j-core/2.17.1/log4j-core-2.17.1.jar:/home/runner/.m2/repository/com/lmax/disruptor/3.4.2/disruptor-3.4.2.jar:/home/runner/.m2/repository/org/eclipse/jetty/jetty-servlet/9.4.49.v20220914/jetty-servlet-9.4.49.v20220914.jar:/home/runner/.m2/repository/org/eclipse/jetty/jetty-security/9.4.49.v20220914/jetty-security-9.4.49.v20220914.jar:/home/runner/.m2/repository/org/rocksdb/rocksdbjni/7.4.5/rocksdbjni-7.4.5.jar:/home/runner/.m2/repository/io/prometheus/simpleclient_dropwizard/0.7.0/simpleclient_dropwizard-0.7.0.jar:/home/runner/.m2/repository/io/prometheus/simpleclient/0.7.0/simpleclient-0.7.0.jar:/home/runner/.m2/repository/io/prometheus/simpleclient_common/0.7.0/simpleclient_common-0.7.0.jar:/home/runner/.m2/repository/com/github/spotbugs/spotbugs-annotations/3.1.12/spotbugs-annotations-3.1.12.jar:/home/runner/.m2/repository/io/dropwizard/metrics/metrics-core/3.2.4/metrics-core-3.2.4.jar:/home/runner/.m2/repository/org/apache/commons/commons-text/1.4/commons-text-1.4.jar:/home/runner/.m2/repository/org/apache/hadoop/hadoop-hdfs-client/3.3.4/hadoop-hdfs-client-3.3.4.jar:/home/runner/.m2/repository/com/squareup/okhttp3/okhttp/4.9.3/okhttp-4.9.3.jar:/home/runner/.m2/repository/com/squareup/okio/okio/2.8.0/okio-2.8.0.jar:/home/runner/.m2/repository/org/jetbrains/kotlin/kotlin-stdlib-common/1.4.10/kotlin-stdlib-common-1.4.10.jar:/home/runner/.m2/repository/org/bouncycastle/bcprov-jdk15on/1.67/bcprov-jdk15on-1.67.jar:/home/runner/.m2/repository/com/google/protobuf/protobuf-java/2.5.0/protobuf-java-2.5.0.jar:/home/runner/.m2/repository/org/apache/ozone/ozone-manager/1.3.0-SNAPSHOT/ozone-manager-1.3.0-SNAPSHOT.jar:/home/runner/.m2/repository/org/aspectj/aspectjrt/1.9.7/aspectjrt-1.9.7.jar:/home/runner/.m2/repository/org/aspectj/aspectjweaver/1.9.7/aspectjweaver-1.9.7.jar:/home/runner/.m2/repository/org/apache/ozone/hdds-interface-client/1.3.0-SNAPSHOT/hdds-interface-client-1.3.0-SNAPSHOT.jar:/home/runner/.m2/repository/org/apache/hadoop/thirdparty/hadoop-shaded-protobuf_3_7/1.1.1/hadoop-shaded-protobuf_3_7-1.1.1.jar:/home/runner/.m2/repository/org/apache/ozone/ozone-interface-storage/1.3.0-SNAPSHOT/ozone-interface-storage-1.3.0-SNAPSHOT.jar:/home/runner/.m2/repository/org/reflections/reflections/0.9.11/reflections-0.9.11.jar:/home/runner/.m2/repository/com/sun/jersey/jersey-client/1.19/jersey-client-1.19.jar:/home/runner/.m2/repository/org/apache/ranger/ranger-intg/2.3.0/ranger-intg-2.3.0.jar:/home/runner/.m2/repository/org/apache/ranger/ranger-plugins-common/2.3.0/ranger-plugins-common-2.3.0.jar:/home/runner/.m2/repository/commons-lang/commons-lang/2.6/commons-lang-2.6.jar:/home/runner/.m2/repository/org/codehaus/jackson/jackson-jaxrs/1.9.13/jackson-jaxrs-1.9.13.jar:/home/runner/.m2/repository/org/apache/ranger/ranger-plugins-cred/2.3.0/ranger-plugins-cred-2.3.0.jar:/home/runner/.m2/repository/org/apache/ranger/ranger-plugins-audit/2.3.0/ranger-plugins-audit-2.3.0.jar:/home/runner/.m2/repository/org/eclipse/jetty/jetty-client/9.4.31.v20200723/jetty-client-9.4.31.v20200723.jar:/home/runner/.m2/repository/org/apache/httpcomponents/httpmime/4.5.6/httpmime-4.5.6.jar:/home/runner/.m2/repository/org/apache/httpcomponents/httpcore-nio/4.4.6/httpcore-nio-4.4.6.jar:/home/runner/.m2/repository/org/apache/httpcomponents/httpasyncclient/4.1.3/httpasyncclient-4.1.3.jar:/home/runner/.m2/repository/com/carrotsearch/hppc/0.8.0/hppc-0.8.0.jar:/home/runner/.m2/repository/org/apache/orc/orc-core/1.5.8/orc-core-1.5.8.jar:/home/runner/.m2/repository/net/java/dev/jna/jna/5.2.0/jna-5.2.0.jar:/home/runner/.m2/repository/net/java/dev/jna/jna-platform/5.2.0/jna-platform-5.2.0.jar:/home/runner/.m2/repository/com/kstruct/gethostname4j/0.0.2/gethostname4j-0.0.2.jar:/home/runner/.m2/repository/org/apache/ranger/ranger-plugin-classloader/2.3.0/ranger-plugin-classloader-2.3.0.jar:/home/runner/.m2/repository/org/apache/hadoop/hadoop-minikdc/3.3.4/hadoop-minikdc-3.3.4.jar:/home/runner/.m2/repository/org/apache/kerby/kerb-simplekdc/1.0.1/kerb-simplekdc-1.0.1.jar:/home/runner/.m2/repository/org/apache/kerby/kerb-client/1.0.1/kerb-client-1.0.1.jar:/home/runner/.m2/repository/org/apache/kerby/kerby-config/1.0.1/kerby-config-1.0.1.jar:/home/runner/.m2/repository/org/apache/kerby/kerb-common/1.0.1/kerb-common-1.0.1.jar:/home/runner/.m2/repository/org/apache/kerby/kerb-crypto/1.0.1/kerb-crypto-1.0.1.jar:/home/runner/.m2/repository/org/apache/kerby/kerb-util/1.0.1/kerb-util-1.0.1.jar:/home/runner/.m2/repository/org/apache/kerby/token-provider/1.0.1/token-provider-1.0.1.jar:/home/runner/.m2/repository/org/apache/kerby/kerb-admin/1.0.1/kerb-admin-1.0.1.jar:/home/runner/.m2/repository/org/apache/kerby/kerb-server/1.0.1/kerb-server-1.0.1.jar:/home/runner/.m2/repository/org/apache/kerby/kerb-identity/1.0.1/kerb-identity-1.0.1.jar:/home/runner/.m2/repository/org/apache/kerby/kerby-xdr/1.0.1/kerby-xdr-1.0.1.jar:/home/runner/.m2/repository/org/apache/ozone/ozone-s3gateway/1.3.0-SNAPSHOT/ozone-s3gateway-1.3.0-SNAPSHOT.jar:/home/runner/.m2/repository/org/javassist/javassist/3.21.0-GA/javassist-3.21.0-GA.jar:/home/runner/.m2/repository/org/jboss/weld/servlet/weld-servlet/2.4.7.Final/weld-servlet-2.4.7.Final.jar:/home/runner/.m2/repository/org/glassfish/jersey/containers/jersey-container-servlet-core/2.34/jersey-container-servlet-core-2.34.jar:/home/runner/.m2/repository/org/glassfish/hk2/external/jakarta.inject/2.6.1/jakarta.inject-2.6.1.jar:/home/runner/.m2/repository/org/glassfish/jersey/core/jersey-common/2.34/jersey-common-2.34.jar:/home/runner/.m2/repository/jakarta/ws/rs/jakarta.ws.rs-api/2.1.6/jakarta.ws.rs-api-2.1.6.jar:/home/runner/.m2/repository/org/glassfish/jersey/ext/cdi/jersey-cdi1x/2.34/jersey-cdi1x-2.34.jar:/home/runner/.m2/repository/org/glassfish/jersey/inject/jersey-hk2/2.34/jersey-hk2-2.34.jar:/home/runner/.m2/repository/org/glassfish/hk2/hk2-locator/2.6.1/hk2-locator-2.6.1.jar:/home/runner/.m2/repository/org/glassfish/jersey/media/jersey-media-jaxb/2.34/jersey-media-jaxb-2.34.jar:/home/runner/.m2/repository/org/glassfish/hk2/osgi-resource-locator/1.0.3/osgi-resource-locator-1.0.3.jar:/home/runner/.m2/repository/org/glassfish/hk2/hk2-api/2.5.0/hk2-api-2.5.0.jar:/home/runner/.m2/repository/org/glassfish/hk2/hk2-utils/2.5.0/hk2-utils-2.5.0.jar:/home/runner/.m2/repository/org/glassfish/hk2/external/aopalliance-repackaged/2.5.0/aopalliance-repackaged-2.5.0.jar:/home/runner/.m2/repository/com/fasterxml/jackson/dataformat/jackson-dataformat-xml/2.13.4/jackson-dataformat-xml-2.13.4.jar:/home/runner/.m2/repository/com/fasterxml/jackson/core/jackson-core/2.13.4/jackson-core-2.13.4.jar:/home/runner/.m2/repository/org/codehaus/woodstox/stax2-api/3.1.4/stax2-api-3.1.4.jar:/home/runner/.m2/repository/com/fasterxml/woodstox/woodstox-core/5.4.0/woodstox-core-5.4.0.jar:/home/runner/.m2/repository/com/fasterxml/jackson/module/jackson-module-jaxb-annotations/2.13.4/jackson-module-jaxb-annotations-2.13.4.jar:/home/runner/.m2/repository/jakarta/xml/bind/jakarta.xml.bind-api/2.3.3/jakarta.xml.bind-api-2.3.3.jar:/home/runner/.m2/repository/jakarta/activation/jakarta.activation-api/1.2.1/jakarta.activation-api-1.2.1.jar:/home/runner/.m2/repository/javax/enterprise/cdi-api/1.2/cdi-api-1.2.jar:/home/runner/.m2/repository/javax/el/javax.el-api/3.0.0/javax.el-api-3.0.0.jar:/home/runner/.m2/repository/javax/interceptor/javax.interceptor-api/1.2/javax.interceptor-api-1.2.jar:/home/runner/.m2/repository/javax/inject/javax.inject/1/javax.inject-1.jar:/home/runner/.m2/repository/javax/xml/bind/jaxb-api/2.3.0/jaxb-api-2.3.0.jar:/home/runner/.m2/repository/org/glassfish/jaxb/jaxb-runtime/2.3.0.1/jaxb-runtime-2.3.0.1.jar:/home/runner/.m2/repository/org/glassfish/jaxb/jaxb-core/2.3.0.1/jaxb-core-2.3.0.1.jar:/home/runner/.m2/repository/org/glassfish/jaxb/txw2/2.3.0.1/txw2-2.3.0.1.jar:/home/runner/.m2/repository/com/sun/istack/istack-commons-runtime/3.0.5/istack-commons-runtime-3.0.5.jar:/home/runner/.m2/repository/org/jvnet/staxex/stax-ex/1.7.8/stax-ex-1.7.8.jar:/home/runner/.m2/repository/com/sun/xml/fastinfoset/FastInfoset/1.2.13/FastInfoset-1.2.13.jar:/home/runner/.m2/repository/javax/activation/activation/1.1.1/activation-1.1.1.jar:/home/runner/.m2/repository/io/grpc/grpc-protobuf/1.48.1/grpc-protobuf-1.48.1.jar:/home/runner/.m2/repository/io/grpc/grpc-api/1.48.1/grpc-api-1.48.1.jar:/home/runner/.m2/repository/io/grpc/grpc-context/1.48.1/grpc-context-1.48.1.jar:/home/runner/.m2/repository/com/google/api/grpc/proto-google-common-protos/2.9.0/proto-google-common-protos-2.9.0.jar:/home/runner/.m2/repository/io/grpc/grpc-protobuf-lite/1.48.1/grpc-protobuf-lite-1.48.1.jar:/home/runner/.m2/repository/io/grpc/grpc-stub/1.48.1/grpc-stub-1.48.1.jar:/home/runner/.m2/repository/io/netty/netty-transport/4.1.79.Final/netty-transport-4.1.79.Final.jar:/home/runner/.m2/repository/io/netty/netty-resolver/4.1.79.Final/netty-resolver-4.1.79.Final.jar:/home/runner/.m2/repository/org/apache/ozone/ozone-csi/1.3.0-SNAPSHOT/ozone-csi-1.3.0-SNAPSHOT.jar:/home/runner/.m2/repository/com/google/protobuf/protobuf-java-util/3.19.2/protobuf-java-util-3.19.2.jar:/home/runner/.m2/repository/com/google/code/gson/gson/2.9.0/gson-2.9.0.jar:/home/runner/.m2/repository/org/apache/ozone/hdds-config/1.3.0-SNAPSHOT/hdds-config-1.3.0-SNAPSHOT.jar:/home/runner/.m2/repository/io/netty/netty-transport-native-epoll/4.1.79.Final/netty-transport-native-epoll-4.1.79.Final-linux-x86_64.jar:/home/runner/.m2/repository/io/netty/netty-transport-classes-epoll/4.1.79.Final/netty-transport-classes-epoll-4.1.79.Final.jar:/home/runner/.m2/repository/io/netty/netty-transport-native-unix-common/4.1.79.Final/netty-transport-native-unix-common-4.1.79.Final.jar:/home/runner/.m2/repository/org/slf4j/slf4j-reload4j/1.7.36/slf4j-reload4j-1.7.36.jar:/home/runner/.m2/repository/org/apache/ozone/ozone-recon/1.3.0-SNAPSHOT/ozone-recon-1.3.0-SNAPSHOT.jar:/home/runner/.m2/repository/org/apache/ozone/ozone-reconcodegen/1.3.0-SNAPSHOT/ozone-reconcodegen-1.3.0-SNAPSHOT.jar:/home/runner/.m2/repository/com/google/inject/extensions/guice-multibindings/4.0/guice-multibindings-4.0.jar:/home/runner/.m2/repository/com/google/inject/guice/4.0/guice-4.0.jar:/home/runner/.m2/repository/aopalliance/aopalliance/1.0/aopalliance-1.0.jar:/home/runner/.m2/repository/com/google/inject/extensions/guice-assistedinject/4.0/guice-assistedinject-4.0.jar:/home/runner/.m2/repository/com/google/inject/extensions/guice-servlet/4.0/guice-servlet-4.0.jar:/home/runner/.m2/repository/org/glassfish/jersey/containers/jersey-container-servlet/2.34/jersey-container-servlet-2.34.jar:/home/runner/.m2/repository/org/glassfish/hk2/guice-bridge/2.5.0/guice-bridge-2.5.0.jar:/home/runner/.m2/repository/org/glassfish/jersey/core/jersey-server/2.34/jersey-server-2.34.jar:/home/runner/.m2/repository/org/glassfish/jersey/core/jersey-client/2.34/jersey-client-2.34.jar:/home/runner/.m2/repository/jakarta/annotation/jakarta.annotation-api/1.3.5/jakarta.annotation-api-1.3.5.jar:/home/runner/.m2/repository/jakarta/validation/jakarta.validation-api/2.0.2/jakarta.validation-api-2.0.2.jar:/home/runner/.m2/repository/org/glassfish/jersey/media/jersey-media-json-jackson/2.34/jersey-media-json-jackson-2.34.jar:/home/runner/.m2/repository/org/glassfish/jersey/ext/jersey-entity-filtering/2.34/jersey-entity-filtering-2.34.jar:/home/runner/.m2/repository/org/jooq/jooq/3.11.10/jooq-3.11.10.jar:/home/runner/.m2/repository/org/jooq/jooq-meta/3.11.10/jooq-meta-3.11.10.jar:/home/runner/.m2/repository/org/jooq/jooq-codegen/3.11.10/jooq-codegen-3.11.10.jar:/home/runner/.m2/repository/com/jolbox/bonecp/0.8.0.RELEASE/bonecp-0.8.0.RELEASE.jar:/home/runner/.m2/repository/org/apache/derby/derby/10.14.2.0/derby-10.14.2.0.jar:/home/runner/.m2/repository/org/xerial/sqlite-jdbc/3.25.2/sqlite-jdbc-3.25.2.jar:/home/runner/.m2/repository/org/springframework/spring-jdbc/5.3.23/spring-jdbc-5.3.23.jar:/home/runner/.m2/repository/org/springframework/spring-beans/5.3.23/spring-beans-5.3.23.jar:/home/runner/.m2/repository/org/springframework/spring-core/5.3.23/spring-core-5.3.23.jar:/home/runner/.m2/repository/org/springframework/spring-jcl/5.3.23/spring-jcl-5.3.23.jar:/home/runner/.m2/repository/org/springframework/spring-tx/5.3.23/spring-tx-5.3.23.jar:/home/runner/.m2/repository/org/apache/ozone/ozone-client/1.3.0-SNAPSHOT/ozone-client-1.3.0-SNAPSHOT.jar:/home/runner/.m2/repository/org/apache/ozone/hdds-erasurecode/1.3.0-SNAPSHOT/hdds-erasurecode-1.3.0-SNAPSHOT.jar:/home/runner/.m2/repository/org/apache/ozone/ozone-filesystem/1.3.0-SNAPSHOT/ozone-filesystem-1.3.0-SNAPSHOT.jar:/home/runner/.m2/repository/org/apache/ozone/ozone-filesystem-common/1.3.0-SNAPSHOT/ozone-filesystem-common-1.3.0-SNAPSHOT.jar:/home/runner/.m2/repository/org/apache/ozone/ozone-tools/1.3.0-SNAPSHOT/ozone-tools-1.3.0-SNAPSHOT.jar:/home/runner/.m2/repository/org/apache/ratis/ratis-tools/2.4.0/ratis-tools-2.4.0.jar:/home/runner/.m2/repository/com/amazonaws/aws-java-sdk-core/1.12.261/aws-java-sdk-core-1.12.261.jar:/home/runner/.m2/repository/org/apache/httpcomponents/httpclient/4.5.13/httpclient-4.5.13.jar:/home/runner/.m2/repository/org/apache/httpcomponents/httpcore/4.4.13/httpcore-4.4.13.jar:/home/runner/.m2/repository/software/amazon/ion/ion-java/1.0.2/ion-java-1.0.2.jar:/home/runner/.m2/repository/com/fasterxml/jackson/dataformat/jackson-dataformat-cbor/2.13.4/jackson-dataformat-cbor-2.13.4.jar:/home/runner/.m2/repository/joda-time/joda-time/2.8.1/joda-time-2.8.1.jar:/home/runner/.m2/repository/com/amazonaws/aws-java-sdk-s3/1.12.261/aws-java-sdk-s3-1.12.261.jar:/home/runner/.m2/repository/com/amazonaws/aws-java-sdk-kms/1.12.261/aws-java-sdk-kms-1.12.261.jar:/home/runner/.m2/repository/com/amazonaws/jmespath-java/1.12.261/jmespath-java-1.12.261.jar:/home/runner/.m2/repository/org/kohsuke/metainf-services/metainf-services/1.8/metainf-services-1.8.jar:/home/runner/.m2/repository/org/apache/ozone/hdds-tools/1.3.0-SNAPSHOT/hdds-tools-1.3.0-SNAPSHOT.jar:/home/runner/.m2/repository/commons-cli/commons-cli/1.2/commons-cli-1.2.jar:/home/runner/.m2/repository/org/apache/commons/commons-lang3/3.7/commons-lang3-3.7.jar:/home/runner/.m2/repository/org/apache/ozone/ozone-manager/1.3.0-SNAPSHOT/ozone-manager-1.3.0-SNAPSHOT-tests.jar:/home/runner/.m2/repository/org/apache/ozone/hdds-common/1.3.0-SNAPSHOT/hdds-common-1.3.0-SNAPSHOT-tests.jar:/home/runner/.m2/repository/org/apache/ozone/hdds-hadoop-dependency-client/1.3.0-SNAPSHOT/hdds-hadoop-dependency-client-1.3.0-SNAPSHOT.jar:/home/runner/.m2/repository/info/picocli/picocli/4.6.1/picocli-4.6.1.jar:/home/runner/.m2/repository/com/fasterxml/jackson/core/jackson-annotations/2.13.4/jackson-annotations-2.13.4.jar:/home/runner/.m2/repository/com/fasterxml/jackson/datatype/jackson-datatype-jsr310/2.13.4/jackson-datatype-jsr310-2.13.4.jar:/home/runner/.m2/repository/org/apache/ozone/hdds-annotation-processing/1.3.0-SNAPSHOT/hdds-annotation-processing-1.3.0-SNAPSHOT.jar:/home/runner/.m2/repository/javax/annotation/javax.annotation-api/1.2/javax.annotation-api-1.2.jar:/home/runner/.m2/repository/org/apache/ratis/ratis-server/2.4.0/ratis-server-2.4.0.jar:/home/runner/.m2/repository/org/apache/ratis/ratis-client/2.4.0/ratis-client-2.4.0.jar:/home/runner/.m2/repository/org/apache/ratis/ratis-server-api/2.4.0/ratis-server-api-2.4.0.jar:/home/runner/.m2/repository/org/apache/ratis/ratis-metrics/2.4.0/ratis-metrics-2.4.0.jar:/home/runner/.m2/repository/org/apache/ratis/ratis-netty/2.4.0/ratis-netty-2.4.0.jar:/home/runner/.m2/repository/org/apache/ratis/ratis-grpc/2.4.0/ratis-grpc-2.4.0.jar:/home/runner/.m2/repository/org/apache/logging/log4j/log4j-api/2.17.1/log4j-api-2.17.1.jar:/home/runner/.m2/repository/org/apache/commons/commons-pool2/2.6.0/commons-pool2-2.6.0.jar:/home/runner/.m2/repository/org/bouncycastle/bcpkix-jdk15on/1.67/bcpkix-jdk15on-1.67.jar:/home/runner/.m2/repository/commons-validator/commons-validator/1.6/commons-validator-1.6.jar:/home/runner/.m2/repository/commons-beanutils/commons-beanutils/1.9.4/commons-beanutils-1.9.4.jar:/home/runner/.m2/repository/commons-digester/commons-digester/1.8.1/commons-digester-1.8.1.jar:/home/runner/.m2/repository/commons-collections/commons-collections/3.2.2/commons-collections-3.2.2.jar:/home/runner/.m2/repository/io/jaegertracing/jaeger-client/1.6.0/jaeger-client-1.6.0.jar:/home/runner/.m2/repository/io/jaegertracing/jaeger-thrift/1.6.0/jaeger-thrift-1.6.0.jar:/home/runner/.m2/repository/org/apache/thrift/libthrift/0.14.1/libthrift-0.14.1.jar:/home/runner/.m2/repository/io/jaegertracing/jaeger-core/1.6.0/jaeger-core-1.6.0.jar:/home/runner/.m2/repository/io/jaegertracing/jaeger-tracerresolver/1.6.0/jaeger-tracerresolver-1.6.0.jar:/home/runner/.m2/repository/io/opentracing/contrib/opentracing-tracerresolver/0.1.8/opentracing-tracerresolver-0.1.8.jar:/home/runner/.m2/repository/org/jetbrains/kotlin/kotlin-stdlib/1.6.21/kotlin-stdlib-1.6.21.jar:/home/runner/.m2/repository/org/jetbrains/annotations/13.0/annotations-13.0.jar:/home/runner/.m2/repository/io/opentracing/opentracing-util/0.33.0/opentracing-util-0.33.0.jar:/home/runner/.m2/repository/io/opentracing/opentracing-api/0.33.0/opentracing-api-0.33.0.jar:/home/runner/.m2/repository/io/opentracing/opentracing-noop/0.33.0/opentracing-noop-0.33.0.jar:/home/runner/.m2/repository/org/yaml/snakeyaml/1.33/snakeyaml-1.33.jar:/home/runner/.m2/repository/org/apache/ozone/hdds-interface-admin/1.3.0-SNAPSHOT/hdds-interface-admin-1.3.0-SNAPSHOT.jar:/home/runner/.m2/repository/junit/junit/4.13.1/junit-4.13.1.jar:/home/runner/.m2/repository/org/hamcrest/hamcrest-core/1.3/hamcrest-core-1.3.jar:/home/runner/.m2/repository/org/junit/jupiter/junit-jupiter-api/5.8.2/junit-jupiter-api-5.8.2.jar:/home/runner/.m2/repository/org/opentest4j/opentest4j/1.2.0/opentest4j-1.2.0.jar:/home/runner/.m2/repository/org/junit/platform/junit-platform-commons/1.8.2/junit-platform-commons-1.8.2.jar:/home/runner/.m2/repository/org/apiguardian/apiguardian-api/1.1.2/apiguardian-api-1.1.2.jar:/home/runner/.m2/repository/org/junit/jupiter/junit-jupiter-params/5.8.2/junit-jupiter-params-5.8.2.jar:/home/runner/.m2/repository/org/junit/jupiter/junit-jupiter-migrationsupport/5.8.2/junit-jupiter-migrationsupport-5.8.2.jar:/home/runner/.m2/repository/org/junit/jupiter/junit-jupiter-engine/5.8.2/junit-jupiter-engine-5.8.2.jar:/home/runner/.m2/repository/org/junit/platform/junit-platform-engine/1.8.2/junit-platform-engine-1.8.2.jar:/home/runner/.m2/repository/org/junit/vintage/junit-vintage-engine/5.8.2/junit-vintage-engine-5.8.2.jar:/home/runner/.m2/repository/org/junit/platform/junit-platform-launcher/1.8.2/junit-platform-launcher-1.8.2.jar:/home/runner/.m2/repository/org/mockito/mockito-core/2.28.2/mockito-core-2.28.2.jar:/home/runner/.m2/repository/net/bytebuddy/byte-buddy/1.9.10/byte-buddy-1.9.10.jar:/home/runner/.m2/repository/net/bytebuddy/byte-buddy-agent/1.9.10/byte-buddy-agent-1.9.10.jar:/home/runner/.m2/repository/org/objenesis/objenesis/1.0/objenesis-1.0.jar:/home/runner/.m2/repository/org/apache/hadoop/hadoop-kms/3.3.4/hadoop-kms-3.3.4.jar:/home/runner/.m2/repository/org/apache/hadoop/hadoop-auth/3.3.4/hadoop-auth-3.3.4.jar:/home/runner/.m2/repository/com/nimbusds/nimbus-jose-jwt/7.9/nimbus-jose-jwt-7.9.jar:/home/runner/.m2/repository/com/github/stephenc/jcip/jcip-annotations/1.0-1/jcip-annotations-1.0-1.jar:/home/runner/.m2/repository/net/minidev/json-smart/2.4.7/json-smart-2.4.7.jar:/home/runner/.m2/repository/net/minidev/accessors-smart/2.4.7/accessors-smart-2.4.7.jar:/home/runner/.m2/repository/org/ow2/asm/asm/5.0.4/asm-5.0.4.jar:/home/runner/.m2/repository/org/apache/zookeeper/zookeeper/3.5.6/zookeeper-3.5.6.jar:/home/runner/.m2/repository/org/apache/zookeeper/zookeeper-jute/3.5.6/zookeeper-jute-3.5.6.jar:/home/runner/.m2/repository/org/apache/yetus/audience-annotations/0.5.0/audience-annotations-0.5.0.jar:/home/runner/.m2/repository/org/apache/curator/curator-framework/4.2.0/curator-framework-4.2.0.jar:/home/runner/.m2/repository/org/apache/hadoop/thirdparty/hadoop-shaded-guava/1.1.1/hadoop-shaded-guava-1.1.1.jar:/home/runner/.m2/repository/com/sun/jersey/jersey-core/1.19/jersey-core-1.19.jar:/home/runner/.m2/repository/javax/ws/rs/jsr311-api/1.1.1/jsr311-api-1.1.1.jar:/home/runner/.m2/repository/com/sun/jersey/jersey-server/1.19/jersey-server-1.19.jar:/home/runner/.m2/repository/javax/servlet/javax.servlet-api/3.1.0/javax.servlet-api-3.1.0.jar:/home/runner/.m2/repository/org/eclipse/jetty/jetty-server/9.4.49.v20220914/jetty-server-9.4.49.v20220914.jar:/home/runner/.m2/repository/org/eclipse/jetty/jetty-http/9.4.49.v20220914/jetty-http-9.4.49.v20220914.jar:/home/runner/.m2/repository/org/eclipse/jetty/jetty-io/9.4.49.v20220914/jetty-io-9.4.49.v20220914.jar:/home/runner/.m2/repository/org/eclipse/jetty/jetty-webapp/9.4.49.v20220914/jetty-webapp-9.4.49.v20220914.jar:/home/runner/.m2/repository/org/eclipse/jetty/jetty-xml/9.4.49.v20220914/jetty-xml-9.4.49.v20220914.jar:/home/runner/.m2/repository/org/apache/hadoop/hadoop-common/3.3.4/hadoop-common-3.3.4.jar:/home/runner/.m2/repository/org/apache/commons/commons-math3/3.1.1/commons-math3-3.1.1.jar:/home/runner/.m2/repository/commons-net/commons-net/3.6/commons-net-3.6.jar:/home/runner/.m2/repository/com/sun/jersey/jersey-servlet/1.19/jersey-servlet-1.19.jar:/home/runner/.m2/repository/com/sun/jersey/jersey-json/1.19/jersey-json-1.19.jar:/home/runner/.m2/repository/org/codehaus/jettison/jettison/1.1/jettison-1.1.jar:/home/runner/.m2/repository/com/sun/xml/bind/jaxb-impl/2.2.3-1/jaxb-impl-2.2.3-1.jar:/home/runner/.m2/repository/org/codehaus/jackson/jackson-xc/1.9.2/jackson-xc-1.9.2.jar:/home/runner/.m2/repository/com/google/re2j/re2j/1.1/re2j-1.1.jar:/home/runner/.m2/repository/com/jcraft/jsch/0.1.54/jsch-0.1.54.jar:/home/runner/.m2/repository/org/apache/curator/curator-client/4.2.0/curator-client-4.2.0.jar:/home/runner/.m2/repository/org/apache/curator/curator-recipes/4.2.0/curator-recipes-4.2.0.jar:/home/runner/.m2/repository/org/apache/kerby/kerb-core/1.0.1/kerb-core-1.0.1.jar:/home/runner/.m2/repository/org/apache/kerby/kerby-pkix/1.0.1/kerby-pkix-1.0.1.jar:/home/runner/.m2/repository/org/apache/kerby/kerby-asn1/1.0.1/kerby-asn1-1.0.1.jar:/home/runner/.m2/repository/org/apache/kerby/kerby-util/1.0.1/kerby-util-1.0.1.jar:/home/runner/.m2/repository/dnsjava/dnsjava/2.1.7/dnsjava-2.1.7.jar:/home/runner/.m2/repository/org/xerial/snappy/snappy-java/1.1.8.2/snappy-java-1.1.8.2.jar:/home/runner/.m2/repository/org/eclipse/jetty/jetty-util/9.4.49.v20220914/jetty-util-9.4.49.v20220914.jar:/home/runner/.m2/repository/com/fasterxml/jackson/core/jackson-databind/2.13.4.2/jackson-databind-2.13.4.2.jar:/home/runner/.m2/repository/org/apache/hadoop/hadoop-kms/3.3.4/hadoop-kms-3.3.4-tests.jar:/home/runner/.m2/repository/org/apache/ozone/hdds-server-scm/1.3.0-SNAPSHOT/hdds-server-scm-1.3.0-SNAPSHOT-tests.jar:/home/runner/.m2/repository/org/apache/ozone/hdds-container-service/1.3.0-SNAPSHOT/hdds-container-service-1.3.0-SNAPSHOT-tests.jar:/home/runner/.m2/repository/commons-codec/commons-codec/1.11/commons-codec-1.11.jar:/home/runner/.m2/repository/io/netty/netty-codec/4.1.79.Final/netty-codec-4.1.79.Final.jar:/home/runner/.m2/repository/io/netty/netty-handler/4.1.79.Final/netty-handler-4.1.79.Final.jar:/home/runner/.m2/repository/org/apache/ozone/hdds-hadoop-dependency-test/1.3.0-SNAPSHOT/hdds-hadoop-dependency-test-1.3.0-SNAPSHOT.jar:/home/runner/.m2/repository/org/apache/hadoop/hadoop-common/3.3.4/hadoop-common-3.3.4-tests.jar:/home/runner/.m2/repository/org/apache/hadoop/hadoop-hdfs/3.3.4/hadoop-hdfs-3.3.4-tests.jar:/home/runner/.m2/repository/org/assertj/assertj-core/3.12.2/assertj-core-3.12.2.jar:/home/runner/.m2/repository/org/apache/hadoop/hadoop-distcp/3.3.4/hadoop-distcp-3.3.4.jar:/home/runner/.m2/repository/org/apache/hadoop/hadoop-mapreduce-client-jobclient/3.3.4/hadoop-mapreduce-client-jobclient-3.3.4.jar:/home/runner/.m2/repository/org/apache/hadoop/hadoop-mapreduce-client-common/3.3.4/hadoop-mapreduce-client-common-3.3.4.jar:/home/runner/.m2/repository/org/apache/hadoop/hadoop-yarn-common/3.3.4/hadoop-yarn-common-3.3.4.jar:/home/runner/.m2/repository/org/apache/hadoop/hadoop-yarn-api/3.3.4/hadoop-yarn-api-3.3.4.jar:/home/runner/.m2/repository/com/sun/jersey/contribs/jersey-guice/1.19/jersey-guice-1.19.jar:/home/runner/.m2/repository/com/fasterxml/jackson/jaxrs/jackson-jaxrs-json-provider/2.13.4/jackson-jaxrs-json-provider-2.13.4.jar:/home/runner/.m2/repository/com/fasterxml/jackson/jaxrs/jackson-jaxrs-base/2.13.4/jackson-jaxrs-base-2.13.4.jar:/home/runner/.m2/repository/org/apache/hadoop/hadoop-yarn-client/3.3.4/hadoop-yarn-client-3.3.4.jar:/home/runner/.m2/repository/org/eclipse/jetty/websocket/websocket-client/9.4.43.v20210629/websocket-client-9.4.43.v20210629.jar:/home/runner/.m2/repository/org/eclipse/jetty/websocket/websocket-common/9.4.43.v20210629/websocket-common-9.4.43.v20210629.jar:/home/runner/.m2/repository/org/eclipse/jetty/websocket/websocket-api/9.4.43.v20210629/websocket-api-9.4.43.v20210629.jar:/home/runner/.m2/repository/org/jline/jline/3.9.0/jline-3.9.0.jar:/home/runner/.m2/repository/org/apache/hadoop/hadoop-mapreduce-client-core/3.3.4/hadoop-mapreduce-client-core-3.3.4.jar:/home/runner/.m2/repository/org/apache/avro/avro/1.7.7/avro-1.7.7.jar:/home/runner/.m2/repository/org/codehaus/jackson/jackson-core-asl/1.9.13/jackson-core-asl-1.9.13.jar:/home/runner/.m2/repository/org/codehaus/jackson/jackson-mapper-asl/1.9.13/jackson-mapper-asl-1.9.13.jar:/home/runner/.m2/repository/com/thoughtworks/paranamer/paranamer/2.3/paranamer-2.3.jar:/home/runner/.m2/repository/org/apache/hadoop/hadoop-annotations/3.3.4/hadoop-annotations-3.3.4.jar:/usr/lib/jvm/temurin-8-jdk-amd64/jre/../lib/tools.jar:/home/runner/.m2/repository/io/netty/netty/3.10.6.Final/netty-3.10.6.Final.jar:/home/runner/.m2/repository/org/apache/hadoop/hadoop-distcp/3.3.4/hadoop-distcp-3.3.4-tests.jar:/home/runner/.m2/repository/org/slf4j/jul-to-slf4j/1.7.36/jul-to-slf4j-1.7.36.jar:/home/runner/.m2/repository/org/apache/ratis/ratis-common/2.4.0/ratis-common-2.4.0.jar:/home/runner/.m2/repository/org/apache/ratis/ratis-thirdparty-misc/1.0.2/ratis-thirdparty-misc-1.0.2.jar:/home/runner/.m2/repository/org/apache/ratis/ratis-proto/2.4.0/ratis-proto-2.4.0.jar:"/>
    <property name="sun.cpu.endian" value="little"/>
    <property name="user.home" value="/home/runner"/>
    <property name="user.language" value="en"/>
    <property name="java.specification.vendor" value="Oracle Corporation"/>
    <property name="java.home" value="/usr/lib/jvm/temurin-8-jdk-amd64/jre"/>
    <property name="java.security.krb5.conf" value="/home/runner/work/ozone/ozone/hadoop-ozone/integration-test/target/test-classes/krb5.conf"/>
    <property name="basedir" value="/home/runner/work/ozone/ozone/hadoop-ozone/integration-test"/>
    <property name="file.separator" value="/"/>
    <property name="line.separator" value="&#10;"/>
    <property name="java.vm.specification.vendor" value="Oracle Corporation"/>
    <property name="java.specification.name" value="Java Platform API Specification"/>
    <property name="java.awt.graphicsenv" value="sun.awt.X11GraphicsEnvironment"/>
    <property name="skip.installnpx" value="true"/>
    <property name="surefire.real.class.path" value="/home/runner/work/ozone/ozone/hadoop-ozone/integration-test/target/surefire/surefirebooter7814587453580781298.jar:/home/runner/.m2/repository/org/jacoco/org.jacoco.agent/0.8.5/org.jacoco.agent-0.8.5-runtime.jar"/>
    <property name="hadoop.log.dir" value="/home/runner/work/ozone/ozone/hadoop-ozone/integration-test/target/log"/>
    <property name="sun.boot.class.path" value="/usr/lib/jvm/temurin-8-jdk-amd64/jre/lib/resources.jar:/usr/lib/jvm/temurin-8-jdk-amd64/jre/lib/rt.jar:/usr/lib/jvm/temurin-8-jdk-amd64/jre/lib/sunrsasign.jar:/usr/lib/jvm/temurin-8-jdk-amd64/jre/lib/jsse.jar:/usr/lib/jvm/temurin-8-jdk-amd64/jre/lib/jce.jar:/usr/lib/jvm/temurin-8-jdk-amd64/jre/lib/charsets.jar:/usr/lib/jvm/temurin-8-jdk-amd64/jre/lib/jfr.jar:/usr/lib/jvm/temurin-8-jdk-amd64/jre/classes"/>
    <property name="sun.management.compiler" value="HotSpot 64-Bit Tiered Compilers"/>
    <property name="skip.npx" value="true"/>
    <property name="java.runtime.version" value="1.8.0_345-b01"/>
    <property name="java.net.preferIPv4Stack" value="true"/>
    <property name="user.name" value="runner"/>
    <property name="path.separator" value=":"/>
    <property name="java.security.egd" value="file:///dev/urandom"/>
    <property name="os.version" value="5.15.0-1022-azure"/>
    <property name="java.endorsed.dirs" value="/usr/lib/jvm/temurin-8-jdk-amd64/jre/lib/endorsed"/>
    <property name="java.runtime.name" value="OpenJDK Runtime Environment"/>
    <property name="file.encoding" value="UTF-8"/>
    <property name="java.vm.name" value="OpenJDK 64-Bit Server VM"/>
    <property name="test.build.webapps" value=""/>
    <property name="localRepository" value="/home/runner/.m2/repository"/>
    <property name="jetty.git.hash" value="4231a3b2e4cb8548a412a789936d640a97b1aa0a"/>
    <property name="java.vendor.url.bug" value="https://github.com/adoptium/adoptium-support/issues"/>
    <property name="java.io.tmpdir" value="/tmp"/>
    <property name="require.test.libhadoop" value=""/>
    <property name="java.version" value="1.8.0_345"/>
    <property name="user.dir" value="/home/runner/work/ozone/ozone/hadoop-ozone/integration-test"/>
    <property name="os.arch" value="amd64"/>
    <property name="java.vm.specification.name" value="Java Virtual Machine Specification"/>
    <property name="test.build.classes" value="/home/runner/work/ozone/ozone/hadoop-ozone/integration-test/target/test-classes"/>
    <property name="java.awt.printerjob" value="sun.print.PSPrinterJob"/>
    <property name="sun.os.patch.level" value="unknown"/>
    <property name="org.apache.ratis.thirdparty.io.netty.allocator.useCacheForAllThreads" value="false"/>
    <property name="hadoop.tmp.dir" value="/home/runner/work/ozone/ozone/hadoop-ozone/integration-test/target/tmp"/>
    <property name="java.library.path" value="/usr/java/packages/lib/amd64:/usr/lib64:/lib64:/lib:/usr/lib"/>
    <property name="java.vm.info" value="mixed mode"/>
    <property name="java.vendor" value="Temurin"/>
    <property name="java.vm.version" value="25.345-b01"/>
    <property name="java.ext.dirs" value="/usr/lib/jvm/temurin-8-jdk-amd64/jre/lib/ext:/usr/java/packages/lib/ext"/>
    <property name="sun.io.unicode.encoding" value="UnicodeLittle"/>
    <property name="java.class.version" value="52.0"/>
  </properties>
  <testcase name="testContainerRecoveryOverReplicationProcessing" classname="org.apache.hadoop.ozone.container.TestECContainerRecovery" time="107.017">
    <error type="java.util.concurrent.TimeoutException"><![CDATA[java.util.concurrent.TimeoutException: 
Timed out waiting for condition. Thread diagnostics:
Timestamp: 2022-11-07 01:10:40,174

"JvmPauseMonitor2" daemon prio=5 tid=370 timed_waiting
java.lang.Thread.State: TIMED_WAITING
        at java.lang.Thread.sleep(Native Method)
        at java.lang.Thread.sleep(Thread.java:342)
        at java.util.concurrent.TimeUnit.sleep(TimeUnit.java:386)
        at org.apache.ratis.util.TimeDuration.sleep(TimeDuration.java:325)
        at org.apache.ratis.util.TimeDuration.sleep(TimeDuration.java:310)
        at org.apache.ratis.util.JvmPauseMonitor.detectPause(JvmPauseMonitor.java:119)
        at org.apache.ratis.util.JvmPauseMonitor.run(JvmPauseMonitor.java:108)
        at org.apache.ratis.util.JvmPauseMonitor$$Lambda$706/1921836051.run(Unknown Source)
        at java.lang.Thread.run(Thread.java:750)
"qtp1108487976-152" daemon prio=5 tid=152 timed_waiting
java.lang.Thread.State: TIMED_WAITING
        at sun.misc.Unsafe.park(Native Method)
        at java.util.concurrent.locks.LockSupport.parkNanos(LockSupport.java:215)
        at java.util.concurrent.locks.AbstractQueuedSynchronizer$ConditionObject.awaitNanos(AbstractQueuedSynchronizer.java:2078)
        at org.eclipse.jetty.util.BlockingArrayQueue.poll(BlockingArrayQueue.java:382)
        at org.eclipse.jetty.util.thread.QueuedThreadPool$Runner.idleJobPoll(QueuedThreadPool.java:974)
        at org.eclipse.jetty.util.thread.QueuedThreadPool$Runner.run(QueuedThreadPool.java:1018)
        at java.lang.Thread.run(Thread.java:750)
"CommandWatcher-LeaseManager#LeaseMonitor" daemon prio=5 tid=46 timed_waiting
java.lang.Thread.State: TIMED_WAITING
        at java.lang.Object.wait(Native Method)
        at org.apache.hadoop.ozone.lease.LeaseManager$LeaseMonitor.run(LeaseManager.java:238)
        at java.lang.Thread.run(Thread.java:750)
"8b45bab1-f519-4e04-ad6f-9efd561d6d57@group-FCFD6ADF178B-SegmentedRaftLogWorker"  prio=5 tid=640 timed_waiting
java.lang.Thread.State: TIMED_WAITING
        at sun.misc.Unsafe.park(Native Method)
        at java.util.concurrent.locks.LockSupport.parkNanos(LockSupport.java:215)
        at java.util.concurrent.locks.AbstractQueuedSynchronizer$ConditionObject.awaitNanos(AbstractQueuedSynchronizer.java:2078)
        at org.apache.ratis.util.DataBlockingQueue.poll(DataBlockingQueue.java:148)
        at org.apache.ratis.server.raftlog.segmented.SegmentedRaftLogWorker.run(SegmentedRaftLogWorker.java:310)
        at org.apache.ratis.server.raftlog.segmented.SegmentedRaftLogWorker$$Lambda$665/990731450.run(Unknown Source)
        at java.lang.Thread.run(Thread.java:750)
"qtp1374355136-115" daemon prio=5 tid=115 timed_waiting
java.lang.Thread.State: TIMED_WAITING
        at sun.misc.Unsafe.park(Native Method)
        at java.util.concurrent.locks.LockSupport.parkNanos(LockSupport.java:215)
        at java.util.concurrent.locks.AbstractQueuedSynchronizer$ConditionObject.awaitNanos(AbstractQueuedSynchronizer.java:2078)
        at org.eclipse.jetty.util.BlockingArrayQueue.poll(BlockingArrayQueue.java:382)
        at org.eclipse.jetty.util.thread.QueuedThreadPool$Runner.idleJobPoll(QueuedThreadPool.java:974)
        at org.eclipse.jetty.util.thread.QueuedThreadPool$Runner.run(QueuedThreadPool.java:1018)
        at java.lang.Thread.run(Thread.java:750)
"IPC Server handler 6 on default port 42553" daemon prio=5 tid=73 timed_waiting
java.lang.Thread.State: TIMED_WAITING
        at sun.misc.Unsafe.park(Native Method)
        at java.util.concurrent.locks.LockSupport.parkNanos(LockSupport.java:215)
        at java.util.concurrent.locks.AbstractQueuedSynchronizer$ConditionObject.awaitNanos(AbstractQueuedSynchronizer.java:2078)
        at java.util.concurrent.LinkedBlockingQueue.poll(LinkedBlockingQueue.java:467)
        at org.apache.hadoop.ipc.CallQueueManager.take(CallQueueManager.java:317)
        at org.apache.hadoop.ipc.Server$Handler.run(Server.java:2942)
"StaleRecoveringContainerScrubbingService#0" daemon prio=5 tid=373 in Object.wait()
java.lang.Thread.State: WAITING (on object monitor)
        at sun.misc.Unsafe.park(Native Method)
        at java.util.concurrent.locks.LockSupport.park(LockSupport.java:175)
        at java.util.concurrent.locks.AbstractQueuedSynchronizer$ConditionObject.await(AbstractQueuedSynchronizer.java:2039)
        at java.util.concurrent.ScheduledThreadPoolExecutor$DelayedWorkQueue.take(ScheduledThreadPoolExecutor.java:1088)
        at java.util.concurrent.ScheduledThreadPoolExecutor$DelayedWorkQueue.take(ScheduledThreadPoolExecutor.java:809)
        at java.util.concurrent.ThreadPoolExecutor.getTask(ThreadPoolExecutor.java:1074)
        at java.util.concurrent.ThreadPoolExecutor.runWorker(ThreadPoolExecutor.java:1134)
        at java.util.concurrent.ThreadPoolExecutor$Worker.run(ThreadPoolExecutor.java:624)
        at java.lang.Thread.run(Thread.java:750)
"pool-118-thread-1"  prio=5 tid=586 in Object.wait()
java.lang.Thread.State: WAITING (on object monitor)
        at sun.misc.Unsafe.park(Native Method)
        at java.util.concurrent.locks.LockSupport.park(LockSupport.java:175)
        at java.util.concurrent.locks.AbstractQueuedSynchronizer$ConditionObject.await(AbstractQueuedSynchronizer.java:2039)
        at java.util.concurrent.LinkedBlockingQueue.take(LinkedBlockingQueue.java:442)
        at java.util.concurrent.ThreadPoolExecutor.getTask(ThreadPoolExecutor.java:1074)
        at java.util.concurrent.ThreadPoolExecutor.runWorker(ThreadPoolExecutor.java:1134)
        at java.util.concurrent.ThreadPoolExecutor$Worker.run(ThreadPoolExecutor.java:624)
        at java.lang.Thread.run(Thread.java:750)
"org.apache.hadoop.ozone.container.common.statemachine.commandhandler.DeleteBlocksCommandHandler$DeleteCmdWorker@4e01cf43" daemon prio=5 tid=210 timed_waiting
java.lang.Thread.State: TIMED_WAITING
        at java.lang.Thread.sleep(Native Method)
        at org.apache.hadoop.ozone.container.common.statemachine.commandhandler.DeleteBlocksCommandHandler$DeleteCmdWorker.run(DeleteBlocksCommandHandler.java:183)
        at java.lang.Thread.run(Thread.java:750)
"ChunkWriter-2-0" daemon prio=5 tid=559 in Object.wait()
java.lang.Thread.State: WAITING (on object monitor)
        at sun.misc.Unsafe.park(Native Method)
        at java.util.concurrent.locks.LockSupport.park(LockSupport.java:175)
        at java.util.concurrent.locks.AbstractQueuedSynchronizer$ConditionObject.await(AbstractQueuedSynchronizer.java:2039)
        at java.util.concurrent.LinkedBlockingDeque.takeFirst(LinkedBlockingDeque.java:492)
        at java.util.concurrent.LinkedBlockingDeque.take(LinkedBlockingDeque.java:680)
        at java.util.concurrent.ThreadPoolExecutor.getTask(ThreadPoolExecutor.java:1074)
        at java.util.concurrent.ThreadPoolExecutor.runWorker(ThreadPoolExecutor.java:1134)
        at java.util.concurrent.ThreadPoolExecutor$Worker.run(ThreadPoolExecutor.java:624)
        at java.lang.Thread.run(Thread.java:750)
"f7350d57-8232-4853-9d4b-5861d033a2e4@group-26F38406CDA9-StateMachineUpdater" daemon prio=5 tid=607 timed_waiting
java.lang.Thread.State: TIMED_WAITING
        at sun.misc.Unsafe.park(Native Method)
        at java.util.concurrent.locks.LockSupport.parkNanos(LockSupport.java:215)
        at java.util.concurrent.CompletableFuture$Signaller.block(CompletableFuture.java:1709)
        at java.util.concurrent.ForkJoinPool.managedBlock(ForkJoinPool.java:3323)
        at java.util.concurrent.CompletableFuture.timedGet(CompletableFuture.java:1788)
        at java.util.concurrent.CompletableFuture.get(CompletableFuture.java:1928)
        at org.apache.ratis.util.AwaitForSignal.await(AwaitForSignal.java:56)
        at org.apache.ratis.server.impl.StateMachineUpdater.waitForCommit(StateMachineUpdater.java:207)
        at org.apache.ratis.server.impl.StateMachineUpdater.run(StateMachineUpdater.java:176)
        at java.lang.Thread.run(Thread.java:750)
"ChunkWriter-2-0" daemon prio=5 tid=330 in Object.wait()
java.lang.Thread.State: WAITING (on object monitor)
        at sun.misc.Unsafe.park(Native Method)
        at java.util.concurrent.locks.LockSupport.park(LockSupport.java:175)
        at java.util.concurrent.locks.AbstractQueuedSynchronizer$ConditionObject.await(AbstractQueuedSynchronizer.java:2039)
        at java.util.concurrent.LinkedBlockingDeque.takeFirst(LinkedBlockingDeque.java:492)
        at java.util.concurrent.LinkedBlockingDeque.take(LinkedBlockingDeque.java:680)
        at java.util.concurrent.ThreadPoolExecutor.getTask(ThreadPoolExecutor.java:1074)
        at java.util.concurrent.ThreadPoolExecutor.runWorker(ThreadPoolExecutor.java:1134)
        at java.util.concurrent.ThreadPoolExecutor$Worker.run(ThreadPoolExecutor.java:624)
        at java.lang.Thread.run(Thread.java:750)
"IPC Server Responder" daemon prio=5 tid=26 runnable
java.lang.Thread.State: RUNNABLE
        at sun.nio.ch.EPollArrayWrapper.epollWait(Native Method)
        at sun.nio.ch.EPollArrayWrapper.poll(EPollArrayWrapper.java:269)
        at sun.nio.ch.EPollSelectorImpl.doSelect(EPollSelectorImpl.java:93)
        at sun.nio.ch.SelectorImpl.lockAndDoSelect(SelectorImpl.java:86)
        at sun.nio.ch.SelectorImpl.select(SelectorImpl.java:97)
        at org.apache.hadoop.ipc.Server$Responder.doRunLoop(Server.java:1532)
        at org.apache.hadoop.ipc.Server$Responder.run(Server.java:1515)
"FixedThreadPoolWithAffinityExecutor-8-0" daemon prio=5 tid=43 timed_waiting
java.lang.Thread.State: TIMED_WAITING
        at sun.misc.Unsafe.park(Native Method)
        at java.util.concurrent.locks.LockSupport.parkNanos(LockSupport.java:215)
        at java.util.concurrent.locks.AbstractQueuedSynchronizer$ConditionObject.awaitNanos(AbstractQueuedSynchronizer.java:2078)
        at java.util.concurrent.LinkedBlockingQueue.poll(LinkedBlockingQueue.java:467)
        at org.apache.hadoop.hdds.scm.server.ContainerReportQueue.poll(ContainerReportQueue.java:266)
        at org.apache.hadoop.hdds.scm.server.ContainerReportQueue.poll(ContainerReportQueue.java:42)
        at org.apache.hadoop.hdds.server.events.FixedThreadPoolWithAffinityExecutor$ContainerReportProcessTask.run(FixedThreadPoolWithAffinityExecutor.java:218)
        at java.util.concurrent.Executors$RunnableAdapter.call(Executors.java:511)
        at java.util.concurrent.FutureTask.run(FutureTask.java:266)
        at java.util.concurrent.ThreadPoolExecutor.runWorker(ThreadPoolExecutor.java:1149)
        at java.util.concurrent.ThreadPoolExecutor$Worker.run(ThreadPoolExecutor.java:624)
        at java.lang.Thread.run(Thread.java:750)
"Command processor thread" daemon prio=5 tid=253 timed_waiting
java.lang.Thread.State: TIMED_WAITING
        at java.lang.Thread.sleep(Native Method)
        at org.apache.hadoop.ozone.container.common.statemachine.DatanodeStateMachine.lambda$initCommandHandlerThread$3(DatanodeStateMachine.java:641)
        at org.apache.hadoop.ozone.container.common.statemachine.DatanodeStateMachine$$Lambda$785/613122004.run(Unknown Source)
        at java.lang.Thread.run(Thread.java:750)
"f7350d57-8232-4853-9d4b-5861d033a2e4@group-1C8420390690-FollowerState" daemon prio=5 tid=688 timed_waiting
java.lang.Thread.State: TIMED_WAITING
        at java.lang.Thread.sleep(Native Method)
        at java.lang.Thread.sleep(Thread.java:342)
        at java.util.concurrent.TimeUnit.sleep(TimeUnit.java:386)
        at org.apache.ratis.util.TimeDuration.sleep(TimeDuration.java:325)
        at org.apache.ratis.util.TimeDuration.sleep(TimeDuration.java:310)
        at org.apache.ratis.server.impl.FollowerState.run(FollowerState.java:128)
"Datanode ReportManager Thread - 3" daemon prio=5 tid=418 in Object.wait()
java.lang.Thread.State: WAITING (on object monitor)
        at sun.misc.Unsafe.park(Native Method)
        at java.util.concurrent.locks.LockSupport.park(LockSupport.java:175)
        at java.util.concurrent.locks.AbstractQueuedSynchronizer$ConditionObject.await(AbstractQueuedSynchronizer.java:2039)
        at java.util.concurrent.ScheduledThreadPoolExecutor$DelayedWorkQueue.take(ScheduledThreadPoolExecutor.java:1088)
        at java.util.concurrent.ScheduledThreadPoolExecutor$DelayedWorkQueue.take(ScheduledThreadPoolExecutor.java:809)
        at java.util.concurrent.ThreadPoolExecutor.getTask(ThreadPoolExecutor.java:1074)
        at java.util.concurrent.ThreadPoolExecutor.runWorker(ThreadPoolExecutor.java:1134)
        at java.util.concurrent.ThreadPoolExecutor$Worker.run(ThreadPoolExecutor.java:624)
        at java.lang.Thread.run(Thread.java:750)
"IPC Server handler 19 on default port 41185" daemon prio=5 tid=106 timed_waiting
java.lang.Thread.State: TIMED_WAITING
        at sun.misc.Unsafe.park(Native Method)
        at java.util.concurrent.locks.LockSupport.parkNanos(LockSupport.java:215)
        at java.util.concurrent.locks.AbstractQueuedSynchronizer$ConditionObject.awaitNanos(AbstractQueuedSynchronizer.java:2078)
        at java.util.concurrent.LinkedBlockingQueue.poll(LinkedBlockingQueue.java:467)
        at org.apache.hadoop.ipc.CallQueueManager.take(CallQueueManager.java:317)
        at org.apache.hadoop.ipc.Server$Handler.run(Server.java:2942)
"Datanode State Machine Task Thread - 0"  prio=5 tid=281 timed_waiting
java.lang.Thread.State: TIMED_WAITING
        at sun.misc.Unsafe.park(Native Method)
        at java.util.concurrent.locks.LockSupport.park(LockSupport.java:175)
        at java.util.concurrent.locks.AbstractQueuedSynchronizer$ConditionObject.await(AbstractQueuedSynchronizer.java:2039)
        at java.util.concurrent.LinkedBlockingQueue.take(LinkedBlockingQueue.java:442)
        at java.util.concurrent.ThreadPoolExecutor.getTask(ThreadPoolExecutor.java:1074)
        at java.util.concurrent.ThreadPoolExecutor.runWorker(ThreadPoolExecutor.java:1134)
        at java.util.concurrent.ThreadPoolExecutor$Worker.run(ThreadPoolExecutor.java:624)
        at java.lang.Thread.run(Thread.java:750)
"Session-HouseKeeper-51d14a8a-1"  prio=5 tid=220 timed_waiting
java.lang.Thread.State: TIMED_WAITING
        at sun.misc.Unsafe.park(Native Method)
        at java.util.concurrent.locks.LockSupport.parkNanos(LockSupport.java:215)
        at java.util.concurrent.locks.AbstractQueuedSynchronizer$ConditionObject.awaitNanos(AbstractQueuedSynchronizer.java:2078)
        at java.util.concurrent.ScheduledThreadPoolExecutor$DelayedWorkQueue.take(ScheduledThreadPoolExecutor.java:1093)
        at java.util.concurrent.ScheduledThreadPoolExecutor$DelayedWorkQueue.take(ScheduledThreadPoolExecutor.java:809)
        at java.util.concurrent.ThreadPoolExecutor.getTask(ThreadPoolExecutor.java:1074)
        at java.util.concurrent.ThreadPoolExecutor.runWorker(ThreadPoolExecutor.java:1134)
        at java.util.concurrent.ThreadPoolExecutor$Worker.run(ThreadPoolExecutor.java:624)
        at java.lang.Thread.run(Thread.java:750)
"IPC Server handler 13 on default port 42403" daemon prio=5 tid=167 timed_waiting
java.lang.Thread.State: TIMED_WAITING
        at sun.misc.Unsafe.park(Native Method)
        at java.util.concurrent.locks.LockSupport.parkNanos(LockSupport.java:215)
        at java.util.concurrent.locks.AbstractQueuedSynchronizer$ConditionObject.awaitNanos(AbstractQueuedSynchronizer.java:2078)
        at java.util.concurrent.LinkedBlockingQueue.poll(LinkedBlockingQueue.java:467)
        at org.apache.hadoop.ipc.CallQueueManager.take(CallQueueManager.java:317)
        at org.apache.hadoop.ipc.Server$Handler.run(Server.java:2942)
"ChunkWriter-1-0" daemon prio=5 tid=521 in Object.wait()
java.lang.Thread.State: WAITING (on object monitor)
        at sun.misc.Unsafe.park(Native Method)
        at java.util.concurrent.locks.LockSupport.park(LockSupport.java:175)
        at java.util.concurrent.locks.AbstractQueuedSynchronizer$ConditionObject.await(AbstractQueuedSynchronizer.java:2039)
        at java.util.concurrent.LinkedBlockingDeque.takeFirst(LinkedBlockingDeque.java:492)
        at java.util.concurrent.LinkedBlockingDeque.take(LinkedBlockingDeque.java:680)
        at java.util.concurrent.ThreadPoolExecutor.getTask(ThreadPoolExecutor.java:1074)
        at java.util.concurrent.ThreadPoolExecutor.runWorker(ThreadPoolExecutor.java:1134)
        at java.util.concurrent.ThreadPoolExecutor$Worker.run(ThreadPoolExecutor.java:624)
        at java.lang.Thread.run(Thread.java:750)
"qtp36960764-397" daemon prio=5 tid=397 timed_waiting
java.lang.Thread.State: TIMED_WAITING
        at sun.misc.Unsafe.park(Native Method)
        at java.util.concurrent.locks.LockSupport.parkNanos(LockSupport.java:215)
        at java.util.concurrent.locks.AbstractQueuedSynchronizer$ConditionObject.awaitNanos(AbstractQueuedSynchronizer.java:2078)
        at org.eclipse.jetty.util.BlockingArrayQueue.poll(BlockingArrayQueue.java:382)
        at org.eclipse.jetty.util.thread.QueuedThreadPool$Runner.idleJobPoll(QueuedThreadPool.java:974)
        at org.eclipse.jetty.util.thread.QueuedThreadPool$Runner.run(QueuedThreadPool.java:1018)
        at java.lang.Thread.run(Thread.java:750)
"JvmPauseMonitor1" daemon prio=5 tid=332 timed_waiting
java.lang.Thread.State: TIMED_WAITING
        at java.lang.Thread.sleep(Native Method)
        at java.lang.Thread.sleep(Thread.java:342)
        at java.util.concurrent.TimeUnit.sleep(TimeUnit.java:386)
        at org.apache.ratis.util.TimeDuration.sleep(TimeDuration.java:325)
        at org.apache.ratis.util.TimeDuration.sleep(TimeDuration.java:310)
        at org.apache.ratis.util.JvmPauseMonitor.detectPause(JvmPauseMonitor.java:119)
        at org.apache.ratis.util.JvmPauseMonitor.run(JvmPauseMonitor.java:108)
        at org.apache.ratis.util.JvmPauseMonitor$$Lambda$706/1921836051.run(Unknown Source)
        at java.lang.Thread.run(Thread.java:750)
"BlockDeletingService#1" daemon prio=5 tid=451 timed_waiting
java.lang.Thread.State: TIMED_WAITING
        at sun.misc.Unsafe.park(Native Method)
        at java.util.concurrent.locks.LockSupport.parkNanos(LockSupport.java:215)
        at java.util.concurrent.locks.AbstractQueuedSynchronizer$ConditionObject.awaitNanos(AbstractQueuedSynchronizer.java:2078)
        at java.util.concurrent.ScheduledThreadPoolExecutor$DelayedWorkQueue.take(ScheduledThreadPoolExecutor.java:1093)
        at java.util.concurrent.ScheduledThreadPoolExecutor$DelayedWorkQueue.take(ScheduledThreadPoolExecutor.java:809)
        at java.util.concurrent.ThreadPoolExecutor.getTask(ThreadPoolExecutor.java:1074)
        at java.util.concurrent.ThreadPoolExecutor.runWorker(ThreadPoolExecutor.java:1134)
        at java.util.concurrent.ThreadPoolExecutor$Worker.run(ThreadPoolExecutor.java:624)
        at java.lang.Thread.run(Thread.java:750)
"org.apache.hadoop.util.JvmPauseMonitor$Monitor@24b1d38" daemon prio=5 tid=228 timed_waiting
java.lang.Thread.State: TIMED_WAITING
        at java.lang.Thread.sleep(Native Method)
        at org.apache.hadoop.util.JvmPauseMonitor$Monitor.run(JvmPauseMonitor.java:192)
        at java.lang.Thread.run(Thread.java:750)
"Command processor thread" daemon prio=5 tid=201 timed_waiting
java.lang.Thread.State: TIMED_WAITING
        at java.lang.Thread.sleep(Native Method)
        at org.apache.hadoop.ozone.container.common.statemachine.DatanodeStateMachine.lambda$initCommandHandlerThread$3(DatanodeStateMachine.java:641)
        at org.apache.hadoop.ozone.container.common.statemachine.DatanodeStateMachine$$Lambda$785/613122004.run(Unknown Source)
        at java.lang.Thread.run(Thread.java:750)
"JvmPauseMonitor5" daemon prio=5 tid=484 timed_waiting
java.lang.Thread.State: TIMED_WAITING
        at java.lang.Thread.sleep(Native Method)
        at java.lang.Thread.sleep(Thread.java:342)
        at java.util.concurrent.TimeUnit.sleep(TimeUnit.java:386)
        at org.apache.ratis.util.TimeDuration.sleep(TimeDuration.java:325)
        at org.apache.ratis.util.TimeDuration.sleep(TimeDuration.java:310)
        at org.apache.ratis.util.JvmPauseMonitor.detectPause(JvmPauseMonitor.java:119)
        at org.apache.ratis.util.JvmPauseMonitor.run(JvmPauseMonitor.java:108)
        at org.apache.ratis.util.JvmPauseMonitor$$Lambda$706/1921836051.run(Unknown Source)
        at java.lang.Thread.run(Thread.java:750)
"ChunkWriter-2-0" daemon prio=5 tid=509 in Object.wait()
java.lang.Thread.State: WAITING (on object monitor)
        at sun.misc.Unsafe.park(Native Method)
        at java.util.concurrent.locks.LockSupport.park(LockSupport.java:175)
        at java.util.concurrent.locks.AbstractQueuedSynchronizer$ConditionObject.await(AbstractQueuedSynchronizer.java:2039)
        at java.util.concurrent.LinkedBlockingDeque.takeFirst(LinkedBlockingDeque.java:492)
        at java.util.concurrent.LinkedBlockingDeque.take(LinkedBlockingDeque.java:680)
        at java.util.concurrent.ThreadPoolExecutor.getTask(ThreadPoolExecutor.java:1074)
        at java.util.concurrent.ThreadPoolExecutor.runWorker(ThreadPoolExecutor.java:1134)
        at java.util.concurrent.ThreadPoolExecutor$Worker.run(ThreadPoolExecutor.java:624)
        at java.lang.Thread.run(Thread.java:750)
"qtp230464909-184" daemon prio=5 tid=184 runnable
java.lang.Thread.State: RUNNABLE
        at sun.nio.ch.EPollArrayWrapper.epollWait(Native Method)
        at sun.nio.ch.EPollArrayWrapper.poll(EPollArrayWrapper.java:269)
        at sun.nio.ch.EPollSelectorImpl.doSelect(EPollSelectorImpl.java:93)
        at sun.nio.ch.SelectorImpl.lockAndDoSelect(SelectorImpl.java:86)
        at sun.nio.ch.SelectorImpl.select(SelectorImpl.java:97)
        at sun.nio.ch.SelectorImpl.select(SelectorImpl.java:101)
        at org.eclipse.jetty.io.ManagedSelector.nioSelect(ManagedSelector.java:183)
        at org.eclipse.jetty.io.ManagedSelector.select(ManagedSelector.java:190)
        at org.eclipse.jetty.io.ManagedSelector$SelectorProducer.select(ManagedSelector.java:606)
        at org.eclipse.jetty.io.ManagedSelector$SelectorProducer.produce(ManagedSelector.java:543)
        at org.eclipse.jetty.util.thread.strategy.EatWhatYouKill.produceTask(EatWhatYouKill.java:362)
        at org.eclipse.jetty.util.thread.strategy.EatWhatYouKill.doProduce(EatWhatYouKill.java:186)
        at org.eclipse.jetty.util.thread.strategy.EatWhatYouKill.tryProduce(EatWhatYouKill.java:173)
        at org.eclipse.jetty.util.thread.strategy.EatWhatYouKill.produce(EatWhatYouKill.java:137)
        at org.eclipse.jetty.io.ManagedSelector$$Lambda$446/1576513034.run(Unknown Source)
        at org.eclipse.jetty.util.thread.QueuedThreadPool.runJob(QueuedThreadPool.java:883)
        at org.eclipse.jetty.util.thread.QueuedThreadPool$Runner.run(QueuedThreadPool.java:1034)
        at java.lang.Thread.run(Thread.java:750)
"IPC Server handler 1 on default port 43027" daemon prio=5 tid=48 timed_waiting
java.lang.Thread.State: TIMED_WAITING
        at sun.misc.Unsafe.park(Native Method)
        at java.util.concurrent.locks.LockSupport.parkNanos(LockSupport.java:215)
        at java.util.concurrent.locks.AbstractQueuedSynchronizer$ConditionObject.awaitNanos(AbstractQueuedSynchronizer.java:2078)
        at java.util.concurrent.LinkedBlockingQueue.poll(LinkedBlockingQueue.java:467)
        at org.apache.hadoop.ipc.CallQueueManager.take(CallQueueManager.java:317)
        at org.apache.hadoop.ipc.Server$Handler.run(Server.java:2942)
"Datanode ReportManager Thread - 2" daemon prio=5 tid=224 in Object.wait()
java.lang.Thread.State: WAITING (on object monitor)
        at sun.misc.Unsafe.park(Native Method)
        at java.util.concurrent.locks.LockSupport.park(LockSupport.java:175)
        at java.util.concurrent.locks.AbstractQueuedSynchronizer$ConditionObject.await(AbstractQueuedSynchronizer.java:2039)
        at java.util.concurrent.ScheduledThreadPoolExecutor$DelayedWorkQueue.take(ScheduledThreadPoolExecutor.java:1088)
        at java.util.concurrent.ScheduledThreadPoolExecutor$DelayedWorkQueue.take(ScheduledThreadPoolExecutor.java:809)
        at java.util.concurrent.ThreadPoolExecutor.getTask(ThreadPoolExecutor.java:1074)
        at java.util.concurrent.ThreadPoolExecutor.runWorker(ThreadPoolExecutor.java:1134)
        at java.util.concurrent.ThreadPoolExecutor$Worker.run(ThreadPoolExecutor.java:624)
        at java.lang.Thread.run(Thread.java:750)
"org.apache.hadoop.util.JvmPauseMonitor$Monitor@68bb7080" daemon prio=5 tid=421 timed_waiting
java.lang.Thread.State: TIMED_WAITING
        at java.lang.Thread.sleep(Native Method)
        at org.apache.hadoop.util.JvmPauseMonitor$Monitor.run(JvmPauseMonitor.java:192)
        at java.lang.Thread.run(Thread.java:750)
"ChunkReader-ELG-0" daemon prio=5 tid=333 runnable
java.lang.Thread.State: RUNNABLE
        at org.apache.ratis.thirdparty.io.netty.channel.epoll.Native.epollWait(Native Method)
        at org.apache.ratis.thirdparty.io.netty.channel.epoll.Native.epollWait(Native.java:209)
        at org.apache.ratis.thirdparty.io.netty.channel.epoll.Native.epollWait(Native.java:202)
        at org.apache.ratis.thirdparty.io.netty.channel.epoll.EpollEventLoop.epollWaitNoTimerChange(EpollEventLoop.java:294)
        at org.apache.ratis.thirdparty.io.netty.channel.epoll.EpollEventLoop.run(EpollEventLoop.java:351)
        at org.apache.ratis.thirdparty.io.netty.util.concurrent.SingleThreadEventExecutor$4.run(SingleThreadEventExecutor.java:995)
        at org.apache.ratis.thirdparty.io.netty.util.internal.ThreadExecutorMap$2.run(ThreadExecutorMap.java:74)
        at java.lang.Thread.run(Thread.java:750)
"Session-HouseKeeper-39005f95-1"  prio=5 tid=401 timed_waiting
java.lang.Thread.State: TIMED_WAITING
        at sun.misc.Unsafe.park(Native Method)
        at java.util.concurrent.locks.LockSupport.parkNanos(LockSupport.java:215)
        at java.util.concurrent.locks.AbstractQueuedSynchronizer$ConditionObject.awaitNanos(AbstractQueuedSynchronizer.java:2078)
        at java.util.concurrent.ScheduledThreadPoolExecutor$DelayedWorkQueue.take(ScheduledThreadPoolExecutor.java:1093)
        at java.util.concurrent.ScheduledThreadPoolExecutor$DelayedWorkQueue.take(ScheduledThreadPoolExecutor.java:809)
        at java.util.concurrent.ThreadPoolExecutor.getTask(ThreadPoolExecutor.java:1074)
        at java.util.concurrent.ThreadPoolExecutor.runWorker(ThreadPoolExecutor.java:1134)
        at java.util.concurrent.ThreadPoolExecutor$Worker.run(ThreadPoolExecutor.java:624)
        at java.lang.Thread.run(Thread.java:750)
"qtp1362046077-238" daemon prio=5 tid=238 runnable
java.lang.Thread.State: RUNNABLE
        at sun.nio.ch.EPollArrayWrapper.epollWait(Native Method)
        at sun.nio.ch.EPollArrayWrapper.poll(EPollArrayWrapper.java:269)
        at sun.nio.ch.EPollSelectorImpl.doSelect(EPollSelectorImpl.java:93)
        at sun.nio.ch.SelectorImpl.lockAndDoSelect(SelectorImpl.java:86)
        at sun.nio.ch.SelectorImpl.select(SelectorImpl.java:97)
        at sun.nio.ch.SelectorImpl.select(SelectorImpl.java:101)
        at org.eclipse.jetty.io.ManagedSelector.nioSelect(ManagedSelector.java:183)
        at org.eclipse.jetty.io.ManagedSelector.select(ManagedSelector.java:190)
        at org.eclipse.jetty.io.ManagedSelector$SelectorProducer.select(ManagedSelector.java:606)
        at org.eclipse.jetty.io.ManagedSelector$SelectorProducer.produce(ManagedSelector.java:543)
        at org.eclipse.jetty.util.thread.strategy.EatWhatYouKill.produceTask(EatWhatYouKill.java:362)
        at org.eclipse.jetty.util.thread.strategy.EatWhatYouKill.doProduce(EatWhatYouKill.java:186)
        at org.eclipse.jetty.util.thread.strategy.EatWhatYouKill.tryProduce(EatWhatYouKill.java:173)
        at org.eclipse.jetty.util.thread.strategy.EatWhatYouKill.produce(EatWhatYouKill.java:137)
        at org.eclipse.jetty.io.ManagedSelector$$Lambda$446/1576513034.run(Unknown Source)
        at org.eclipse.jetty.util.thread.QueuedThreadPool.runJob(QueuedThreadPool.java:883)
        at org.eclipse.jetty.util.thread.QueuedThreadPool$Runner.run(QueuedThreadPool.java:1034)
        at java.lang.Thread.run(Thread.java:750)
"org.apache.hadoop.ozone.container.common.statemachine.commandhandler.DeleteBlocksCommandHandler$DeleteCmdWorker@5f9b4406" daemon prio=5 tid=262 timed_waiting
java.lang.Thread.State: TIMED_WAITING
        at java.lang.Thread.sleep(Native Method)
        at org.apache.hadoop.ozone.container.common.statemachine.commandhandler.DeleteBlocksCommandHandler$DeleteCmdWorker.run(DeleteBlocksCommandHandler.java:183)
        at java.lang.Thread.run(Thread.java:750)
"qtp1171084822-219" daemon prio=5 tid=219 timed_waiting
java.lang.Thread.State: TIMED_WAITING
        at sun.misc.Unsafe.park(Native Method)
        at java.util.concurrent.locks.LockSupport.parkNanos(LockSupport.java:215)
        at java.util.concurrent.locks.AbstractQueuedSynchronizer$ConditionObject.awaitNanos(AbstractQueuedSynchronizer.java:2078)
        at org.eclipse.jetty.util.BlockingArrayQueue.poll(BlockingArrayQueue.java:382)
        at org.eclipse.jetty.util.thread.QueuedThreadPool$Runner.idleJobPoll(QueuedThreadPool.java:974)
        at org.eclipse.jetty.util.thread.QueuedThreadPool$Runner.run(QueuedThreadPool.java:1018)
        at java.lang.Thread.run(Thread.java:750)
"IPC Server handler 14 on default port 41185" daemon prio=5 tid=101 timed_waiting
java.lang.Thread.State: TIMED_WAITING
        at sun.misc.Unsafe.park(Native Method)
        at java.util.concurrent.locks.LockSupport.parkNanos(LockSupport.java:215)
        at java.util.concurrent.locks.AbstractQueuedSynchronizer$ConditionObject.awaitNanos(AbstractQueuedSynchronizer.java:2078)
        at java.util.concurrent.LinkedBlockingQueue.poll(LinkedBlockingQueue.java:467)
        at org.apache.hadoop.ipc.CallQueueManager.take(CallQueueManager.java:317)
        at org.apache.hadoop.ipc.Server$Handler.run(Server.java:2942)
"BlockDeletingService#0" daemon prio=5 tid=563 in Object.wait()
java.lang.Thread.State: WAITING (on object monitor)
        at sun.misc.Unsafe.park(Native Method)
        at java.util.concurrent.locks.LockSupport.park(LockSupport.java:175)
        at java.util.concurrent.locks.AbstractQueuedSynchronizer$ConditionObject.await(AbstractQueuedSynchronizer.java:2039)
        at java.util.concurrent.ScheduledThreadPoolExecutor$DelayedWorkQueue.take(ScheduledThreadPoolExecutor.java:1088)
        at java.util.concurrent.ScheduledThreadPoolExecutor$DelayedWorkQueue.take(ScheduledThreadPoolExecutor.java:809)
        at java.util.concurrent.ThreadPoolExecutor.getTask(ThreadPoolExecutor.java:1074)
        at java.util.concurrent.ThreadPoolExecutor.runWorker(ThreadPoolExecutor.java:1134)
        at java.util.concurrent.ThreadPoolExecutor$Worker.run(ThreadPoolExecutor.java:624)
        at java.lang.Thread.run(Thread.java:750)
"Periodic HDDS volume checker" daemon prio=5 tid=205 timed_waiting
java.lang.Thread.State: TIMED_WAITING
        at sun.misc.Unsafe.park(Native Method)
        at java.util.concurrent.locks.LockSupport.parkNanos(LockSupport.java:215)
        at java.util.concurrent.locks.AbstractQueuedSynchronizer$ConditionObject.awaitNanos(AbstractQueuedSynchronizer.java:2078)
        at java.util.concurrent.ScheduledThreadPoolExecutor$DelayedWorkQueue.take(ScheduledThreadPoolExecutor.java:1093)
        at java.util.concurrent.ScheduledThreadPoolExecutor$DelayedWorkQueue.take(ScheduledThreadPoolExecutor.java:809)
        at java.util.concurrent.ThreadPoolExecutor.getTask(ThreadPoolExecutor.java:1074)
        at java.util.concurrent.ThreadPoolExecutor.runWorker(ThreadPoolExecutor.java:1134)
        at java.util.concurrent.ThreadPoolExecutor$Worker.run(ThreadPoolExecutor.java:624)
        at java.lang.Thread.run(Thread.java:750)
"qtp1108487976-146-acceptor-0@5c78ab0c-ServerConnector@5cafef6f{HTTP/1.1, (http/1.1)}{0.0.0.0:40591}" daemon prio=3 tid=146 runnable
java.lang.Thread.State: RUNNABLE
        at sun.nio.ch.ServerSocketChannelImpl.accept0(Native Method)
        at sun.nio.ch.ServerSocketChannelImpl.accept(ServerSocketChannelImpl.java:421)
        at sun.nio.ch.ServerSocketChannelImpl.accept(ServerSocketChannelImpl.java:249)
        at org.eclipse.jetty.server.ServerConnector.accept(ServerConnector.java:388)
        at org.eclipse.jetty.server.AbstractConnector$Acceptor.run(AbstractConnector.java:704)
        at org.eclipse.jetty.util.thread.QueuedThreadPool.runJob(QueuedThreadPool.java:883)
        at org.eclipse.jetty.util.thread.QueuedThreadPool$Runner.run(QueuedThreadPool.java:1034)
        at java.lang.Thread.run(Thread.java:750)
"Datanode ReportManager Thread - 4" daemon prio=5 tid=252 in Object.wait()
java.lang.Thread.State: WAITING (on object monitor)
        at sun.misc.Unsafe.park(Native Method)
        at java.util.concurrent.locks.LockSupport.park(LockSupport.java:175)
        at java.util.concurrent.locks.AbstractQueuedSynchronizer$ConditionObject.await(AbstractQueuedSynchronizer.java:2039)
        at java.util.concurrent.ScheduledThreadPoolExecutor$DelayedWorkQueue.take(ScheduledThreadPoolExecutor.java:1088)
        at java.util.concurrent.ScheduledThreadPoolExecutor$DelayedWorkQueue.take(ScheduledThreadPoolExecutor.java:809)
        at java.util.concurrent.ThreadPoolExecutor.getTask(ThreadPoolExecutor.java:1074)
        at java.util.concurrent.ThreadPoolExecutor.runWorker(ThreadPoolExecutor.java:1134)
        at java.util.concurrent.ThreadPoolExecutor$Worker.run(ThreadPoolExecutor.java:624)
        at java.lang.Thread.run(Thread.java:750)
"EventQueue-CloseContainerForCloseContainerEventHandler" daemon prio=5 tid=825 in Object.wait()
java.lang.Thread.State: WAITING (on object monitor)
        at sun.misc.Unsafe.park(Native Method)
        at java.util.concurrent.locks.LockSupport.park(LockSupport.java:175)
        at java.util.concurrent.locks.AbstractQueuedSynchronizer$ConditionObject.await(AbstractQueuedSynchronizer.java:2039)
        at java.util.concurrent.LinkedBlockingQueue.take(LinkedBlockingQueue.java:442)
        at java.util.concurrent.ThreadPoolExecutor.getTask(ThreadPoolExecutor.java:1074)
        at java.util.concurrent.ThreadPoolExecutor.runWorker(ThreadPoolExecutor.java:1134)
        at java.util.concurrent.ThreadPoolExecutor$Worker.run(ThreadPoolExecutor.java:624)
        at java.lang.Thread.run(Thread.java:750)
"IPC Server handler 12 on default port 42403" daemon prio=5 tid=166 timed_waiting
java.lang.Thread.State: TIMED_WAITING
        at sun.misc.Unsafe.park(Native Method)
        at java.util.concurrent.locks.LockSupport.parkNanos(LockSupport.java:215)
        at java.util.concurrent.locks.AbstractQueuedSynchronizer$ConditionObject.awaitNanos(AbstractQueuedSynchronizer.java:2078)
        at java.util.concurrent.LinkedBlockingQueue.poll(LinkedBlockingQueue.java:467)
        at org.apache.hadoop.ipc.CallQueueManager.take(CallQueueManager.java:317)
        at org.apache.hadoop.ipc.Server$Handler.run(Server.java:2942)
"IPC Server handler 8 on default port 42403" daemon prio=5 tid=162 timed_waiting
java.lang.Thread.State: TIMED_WAITING
        at sun.misc.Unsafe.park(Native Method)
        at java.util.concurrent.locks.LockSupport.parkNanos(LockSupport.java:215)
        at java.util.concurrent.locks.AbstractQueuedSynchronizer$ConditionObject.awaitNanos(AbstractQueuedSynchronizer.java:2078)
        at java.util.concurrent.LinkedBlockingQueue.poll(LinkedBlockingQueue.java:467)
        at org.apache.hadoop.ipc.CallQueueManager.take(CallQueueManager.java:317)
        at org.apache.hadoop.ipc.Server$Handler.run(Server.java:2942)
"PartialTableCache Cleanup Thread - 0" daemon prio=5 tid=763 in Object.wait()
java.lang.Thread.State: WAITING (on object monitor)
        at sun.misc.Unsafe.park(Native Method)
        at java.util.concurrent.locks.LockSupport.park(LockSupport.java:175)
        at java.util.concurrent.locks.AbstractQueuedSynchronizer$ConditionObject.await(AbstractQueuedSynchronizer.java:2039)
        at java.util.concurrent.LinkedBlockingQueue.take(LinkedBlockingQueue.java:442)
        at java.util.concurrent.ThreadPoolExecutor.getTask(ThreadPoolExecutor.java:1074)
        at java.util.concurrent.ThreadPoolExecutor.runWorker(ThreadPoolExecutor.java:1134)
        at java.util.concurrent.ThreadPoolExecutor$Worker.run(ThreadPoolExecutor.java:624)
        at java.lang.Thread.run(Thread.java:750)
"qtp329849858-291-acceptor-0@4348fc69-ServerConnector@5475de4{HTTP/1.1, (http/1.1)}{0.0.0.0:39439}" daemon prio=3 tid=291 runnable
java.lang.Thread.State: RUNNABLE
        at sun.nio.ch.ServerSocketChannelImpl.accept0(Native Method)
        at sun.nio.ch.ServerSocketChannelImpl.accept(ServerSocketChannelImpl.java:421)
        at sun.nio.ch.ServerSocketChannelImpl.accept(ServerSocketChannelImpl.java:249)
        at org.eclipse.jetty.server.ServerConnector.accept(ServerConnector.java:388)
        at org.eclipse.jetty.server.AbstractConnector$Acceptor.run(AbstractConnector.java:704)
        at org.eclipse.jetty.util.thread.QueuedThreadPool.runJob(QueuedThreadPool.java:883)
        at org.eclipse.jetty.util.thread.QueuedThreadPool$Runner.run(QueuedThreadPool.java:1034)
        at java.lang.Thread.run(Thread.java:750)
"BlockDeletingService#2" daemon prio=5 tid=864 in Object.wait()
java.lang.Thread.State: WAITING (on object monitor)
        at sun.misc.Unsafe.park(Native Method)
        at java.util.concurrent.locks.LockSupport.park(LockSupport.java:175)
        at java.util.concurrent.locks.AbstractQueuedSynchronizer$ConditionObject.await(AbstractQueuedSynchronizer.java:2039)
        at java.util.concurrent.ScheduledThreadPoolExecutor$DelayedWorkQueue.take(ScheduledThreadPoolExecutor.java:1088)
        at java.util.concurrent.ScheduledThreadPoolExecutor$DelayedWorkQueue.take(ScheduledThreadPoolExecutor.java:809)
        at java.util.concurrent.ThreadPoolExecutor.getTask(ThreadPoolExecutor.java:1074)
        at java.util.concurrent.ThreadPoolExecutor.runWorker(ThreadPoolExecutor.java:1134)
        at java.util.concurrent.ThreadPoolExecutor$Worker.run(ThreadPoolExecutor.java:624)
        at java.lang.Thread.run(Thread.java:750)
"org.apache.hadoop.util.JvmPauseMonitor$Monitor@f044ca1" daemon prio=5 tid=306 timed_waiting
java.lang.Thread.State: TIMED_WAITING
        at java.lang.Thread.sleep(Native Method)
        at org.apache.hadoop.util.JvmPauseMonitor$Monitor.run(JvmPauseMonitor.java:192)
        at java.lang.Thread.run(Thread.java:750)
"Datanode ReportManager Thread - 1" daemon prio=5 tid=249 in Object.wait()
java.lang.Thread.State: WAITING (on object monitor)
        at sun.misc.Unsafe.park(Native Method)
        at java.util.concurrent.locks.LockSupport.park(LockSupport.java:175)
        at java.util.concurrent.locks.AbstractQueuedSynchronizer$ConditionObject.await(AbstractQueuedSynchronizer.java:2039)
        at java.util.concurrent.ScheduledThreadPoolExecutor$DelayedWorkQueue.take(ScheduledThreadPoolExecutor.java:1088)
        at java.util.concurrent.ScheduledThreadPoolExecutor$DelayedWorkQueue.take(ScheduledThreadPoolExecutor.java:809)
        at java.util.concurrent.ThreadPoolExecutor.getTask(ThreadPoolExecutor.java:1074)
        at java.util.concurrent.ThreadPoolExecutor.runWorker(ThreadPoolExecutor.java:1134)
        at java.util.concurrent.ThreadPoolExecutor$Worker.run(ThreadPoolExecutor.java:624)
        at java.lang.Thread.run(Thread.java:750)
"8b45bab1-f519-4e04-ad6f-9efd561d6d57@group-199B584234DF-FollowerState" daemon prio=5 tid=743 timed_waiting
java.lang.Thread.State: TIMED_WAITING
        at java.lang.Thread.sleep(Native Method)
        at java.lang.Thread.sleep(Thread.java:342)
        at java.util.concurrent.TimeUnit.sleep(TimeUnit.java:386)
        at org.apache.ratis.util.TimeDuration.sleep(TimeDuration.java:325)
        at org.apache.ratis.util.TimeDuration.sleep(TimeDuration.java:310)
        at org.apache.ratis.server.impl.FollowerState.run(FollowerState.java:128)
"qtp1097955717-469" daemon prio=5 tid=469 runnable
java.lang.Thread.State: RUNNABLE
        at sun.nio.ch.EPollArrayWrapper.epollWait(Native Method)
        at sun.nio.ch.EPollArrayWrapper.poll(EPollArrayWrapper.java:269)
        at sun.nio.ch.EPollSelectorImpl.doSelect(EPollSelectorImpl.java:93)
        at sun.nio.ch.SelectorImpl.lockAndDoSelect(SelectorImpl.java:86)
        at sun.nio.ch.SelectorImpl.select(SelectorImpl.java:97)
        at sun.nio.ch.SelectorImpl.select(SelectorImpl.java:101)
        at org.eclipse.jetty.io.ManagedSelector.nioSelect(ManagedSelector.java:183)
        at org.eclipse.jetty.io.ManagedSelector.select(ManagedSelector.java:190)
        at org.eclipse.jetty.io.ManagedSelector$SelectorProducer.select(ManagedSelector.java:606)
        at org.eclipse.jetty.io.ManagedSelector$SelectorProducer.produce(ManagedSelector.java:543)
        at org.eclipse.jetty.util.thread.strategy.EatWhatYouKill.produceTask(EatWhatYouKill.java:362)
        at org.eclipse.jetty.util.thread.strategy.EatWhatYouKill.doProduce(EatWhatYouKill.java:186)
        at org.eclipse.jetty.util.thread.strategy.EatWhatYouKill.tryProduce(EatWhatYouKill.java:173)
        at org.eclipse.jetty.util.thread.strategy.EatWhatYouKill.produce(EatWhatYouKill.java:137)
        at org.eclipse.jetty.io.ManagedSelector$$Lambda$446/1576513034.run(Unknown Source)
        at org.eclipse.jetty.util.thread.QueuedThreadPool.runJob(QueuedThreadPool.java:883)
        at org.eclipse.jetty.util.thread.QueuedThreadPool$Runner.run(QueuedThreadPool.java:1034)
        at java.lang.Thread.run(Thread.java:750)
"Periodic HDDS volume checker" daemon prio=5 tid=312 timed_waiting
java.lang.Thread.State: TIMED_WAITING
        at sun.misc.Unsafe.park(Native Method)
        at java.util.concurrent.locks.LockSupport.parkNanos(LockSupport.java:215)
        at java.util.concurrent.locks.AbstractQueuedSynchronizer$ConditionObject.awaitNanos(AbstractQueuedSynchronizer.java:2078)
        at java.util.concurrent.ScheduledThreadPoolExecutor$DelayedWorkQueue.take(ScheduledThreadPoolExecutor.java:1093)
        at java.util.concurrent.ScheduledThreadPoolExecutor$DelayedWorkQueue.take(ScheduledThreadPoolExecutor.java:809)
        at java.util.concurrent.ThreadPoolExecutor.getTask(ThreadPoolExecutor.java:1074)
        at java.util.concurrent.ThreadPoolExecutor.runWorker(ThreadPoolExecutor.java:1134)
        at java.util.concurrent.ThreadPoolExecutor$Worker.run(ThreadPoolExecutor.java:624)
        at java.lang.Thread.run(Thread.java:750)
"Session-HouseKeeper-603a1212-1"  prio=5 tid=192 timed_waiting
java.lang.Thread.State: TIMED_WAITING
        at sun.misc.Unsafe.park(Native Method)
        at java.util.concurrent.locks.LockSupport.parkNanos(LockSupport.java:215)
        at java.util.concurrent.locks.AbstractQueuedSynchronizer$ConditionObject.awaitNanos(AbstractQueuedSynchronizer.java:2078)
        at java.util.concurrent.ScheduledThreadPoolExecutor$DelayedWorkQueue.take(ScheduledThreadPoolExecutor.java:1093)
        at java.util.concurrent.ScheduledThreadPoolExecutor$DelayedWorkQueue.take(ScheduledThreadPoolExecutor.java:809)
        at java.util.concurrent.ThreadPoolExecutor.getTask(ThreadPoolExecutor.java:1074)
        at java.util.concurrent.ThreadPoolExecutor.runWorker(ThreadPoolExecutor.java:1134)
        at java.util.concurrent.ThreadPoolExecutor$Worker.run(ThreadPoolExecutor.java:624)
        at java.lang.Thread.run(Thread.java:750)
"Session-HouseKeeper-1251cdec-1"  prio=5 tid=246 timed_waiting
java.lang.Thread.State: TIMED_WAITING
        at sun.misc.Unsafe.park(Native Method)
        at java.util.concurrent.locks.LockSupport.parkNanos(LockSupport.java:215)
        at java.util.concurrent.locks.AbstractQueuedSynchronizer$ConditionObject.awaitNanos(AbstractQueuedSynchronizer.java:2078)
        at java.util.concurrent.ScheduledThreadPoolExecutor$DelayedWorkQueue.take(ScheduledThreadPoolExecutor.java:1093)
        at java.util.concurrent.ScheduledThreadPoolExecutor$DelayedWorkQueue.take(ScheduledThreadPoolExecutor.java:809)
        at java.util.concurrent.ThreadPoolExecutor.getTask(ThreadPoolExecutor.java:1074)
        at java.util.concurrent.ThreadPoolExecutor.runWorker(ThreadPoolExecutor.java:1134)
        at java.util.concurrent.ThreadPoolExecutor$Worker.run(ThreadPoolExecutor.java:624)
        at java.lang.Thread.run(Thread.java:750)
"f7350d57-8232-4853-9d4b-5861d033a2e4-server-thread1" daemon prio=5 tid=724 timed_waiting
java.lang.Thread.State: TIMED_WAITING
        at sun.misc.Unsafe.park(Native Method)
        at java.util.concurrent.locks.LockSupport.parkNanos(LockSupport.java:215)
        at java.util.concurrent.SynchronousQueue$TransferStack.awaitFulfill(SynchronousQueue.java:460)
        at java.util.concurrent.SynchronousQueue$TransferStack.transfer(SynchronousQueue.java:362)
        at java.util.concurrent.SynchronousQueue.poll(SynchronousQueue.java:941)
        at java.util.concurrent.ThreadPoolExecutor.getTask(ThreadPoolExecutor.java:1073)
        at java.util.concurrent.ThreadPoolExecutor.runWorker(ThreadPoolExecutor.java:1134)
        at java.util.concurrent.ThreadPoolExecutor$Worker.run(ThreadPoolExecutor.java:624)
        at java.lang.Thread.run(Thread.java:750)
"EventQueue-PipelineReportForPipelineReportHandler" daemon prio=5 tid=489 in Object.wait()
java.lang.Thread.State: WAITING (on object monitor)
        at sun.misc.Unsafe.park(Native Method)
        at java.util.concurrent.locks.LockSupport.park(LockSupport.java:175)
        at java.util.concurrent.locks.AbstractQueuedSynchronizer$ConditionObject.await(AbstractQueuedSynchronizer.java:2039)
        at java.util.concurrent.LinkedBlockingQueue.take(LinkedBlockingQueue.java:442)
        at java.util.concurrent.ThreadPoolExecutor.getTask(ThreadPoolExecutor.java:1074)
        at java.util.concurrent.ThreadPoolExecutor.runWorker(ThreadPoolExecutor.java:1134)
        at java.util.concurrent.ThreadPoolExecutor$Worker.run(ThreadPoolExecutor.java:624)
        at java.lang.Thread.run(Thread.java:750)
"SCMBlockDeletingService#0" daemon prio=5 tid=107 timed_waiting
java.lang.Thread.State: TIMED_WAITING
        at sun.misc.Unsafe.park(Native Method)
        at java.util.concurrent.locks.LockSupport.parkNanos(LockSupport.java:215)
        at java.util.concurrent.locks.AbstractQueuedSynchronizer$ConditionObject.awaitNanos(AbstractQueuedSynchronizer.java:2078)
        at java.util.concurrent.ScheduledThreadPoolExecutor$DelayedWorkQueue.take(ScheduledThreadPoolExecutor.java:1093)
        at java.util.concurrent.ScheduledThreadPoolExecutor$DelayedWorkQueue.take(ScheduledThreadPoolExecutor.java:809)
        at java.util.concurrent.ThreadPoolExecutor.getTask(ThreadPoolExecutor.java:1074)
        at java.util.concurrent.ThreadPoolExecutor.runWorker(ThreadPoolExecutor.java:1134)
        at java.util.concurrent.ThreadPoolExecutor$Worker.run(ThreadPoolExecutor.java:624)
        at java.lang.Thread.run(Thread.java:750)
"FixedThreadPoolWithAffinityExecutor-9-0" daemon prio=5 tid=44 runnable
java.lang.Thread.State: RUNNABLE
        at sun.misc.Unsafe.park(Native Method)
        at java.util.concurrent.locks.LockSupport.parkNanos(LockSupport.java:215)
        at java.util.concurrent.locks.AbstractQueuedSynchronizer$ConditionObject.awaitNanos(AbstractQueuedSynchronizer.java:2078)
        at java.util.concurrent.LinkedBlockingQueue.poll(LinkedBlockingQueue.java:467)
        at org.apache.hadoop.hdds.scm.server.ContainerReportQueue.poll(ContainerReportQueue.java:266)
        at org.apache.hadoop.hdds.scm.server.ContainerReportQueue.poll(ContainerReportQueue.java:42)
        at org.apache.hadoop.hdds.server.events.FixedThreadPoolWithAffinityExecutor$ContainerReportProcessTask.run(FixedThreadPoolWithAffinityExecutor.java:218)
        at java.util.concurrent.Executors$RunnableAdapter.call(Executors.java:511)
        at java.util.concurrent.FutureTask.run(FutureTask.java:266)
        at java.util.concurrent.ThreadPoolExecutor.runWorker(ThreadPoolExecutor.java:1149)
        at java.util.concurrent.ThreadPoolExecutor$Worker.run(ThreadPoolExecutor.java:624)
        at java.lang.Thread.run(Thread.java:750)
"PartialTableCache Cleanup Thread - 0" daemon prio=5 tid=793 in Object.wait()
java.lang.Thread.State: WAITING (on object monitor)
        at sun.misc.Unsafe.park(Native Method)
        at java.util.concurrent.locks.LockSupport.park(LockSupport.java:175)
        at java.util.concurrent.locks.AbstractQueuedSynchronizer$ConditionObject.await(AbstractQueuedSynchronizer.java:2039)
        at java.util.concurrent.LinkedBlockingQueue.take(LinkedBlockingQueue.java:442)
        at java.util.concurrent.ThreadPoolExecutor.getTask(ThreadPoolExecutor.java:1074)
        at java.util.concurrent.ThreadPoolExecutor.runWorker(ThreadPoolExecutor.java:1134)
        at java.util.concurrent.ThreadPoolExecutor$Worker.run(ThreadPoolExecutor.java:624)
        at java.lang.Thread.run(Thread.java:750)
"pool-59-thread-1"  prio=5 tid=144 timed_waiting
java.lang.Thread.State: TIMED_WAITING
        at sun.misc.Unsafe.park(Native Method)
        at java.util.concurrent.locks.LockSupport.parkNanos(LockSupport.java:215)
        at java.util.concurrent.locks.AbstractQueuedSynchronizer$ConditionObject.awaitNanos(AbstractQueuedSynchronizer.java:2078)
        at java.util.concurrent.ScheduledThreadPoolExecutor$DelayedWorkQueue.take(ScheduledThreadPoolExecutor.java:1093)
        at java.util.concurrent.ScheduledThreadPoolExecutor$DelayedWorkQueue.take(ScheduledThreadPoolExecutor.java:809)
        at java.util.concurrent.ThreadPoolExecutor.getTask(ThreadPoolExecutor.java:1074)
        at java.util.concurrent.ThreadPoolExecutor.runWorker(ThreadPoolExecutor.java:1134)
        at java.util.concurrent.ThreadPoolExecutor$Worker.run(ThreadPoolExecutor.java:624)
        at java.lang.Thread.run(Thread.java:750)
"1810f6e6-5580-46b0-b88d-9b5f15cbee6a@group-BC4E8DEC760A-LeaderStateImpl" daemon prio=5 tid=820 timed_waiting
java.lang.Thread.State: TIMED_WAITING
        at sun.misc.Unsafe.park(Native Method)
        at java.util.concurrent.locks.LockSupport.parkNanos(LockSupport.java:215)
        at java.util.concurrent.locks.AbstractQueuedSynchronizer$ConditionObject.awaitNanos(AbstractQueuedSynchronizer.java:2078)
        at java.util.concurrent.ArrayBlockingQueue.poll(ArrayBlockingQueue.java:418)
        at org.apache.ratis.server.impl.LeaderStateImpl$EventQueue.poll(LeaderStateImpl.java:159)
        at org.apache.ratis.server.impl.LeaderStateImpl$EventProcessor.run(LeaderStateImpl.java:630)
"BlockDeletingService#0" daemon prio=5 tid=492 in Object.wait()
java.lang.Thread.State: WAITING (on object monitor)
        at sun.misc.Unsafe.park(Native Method)
        at java.util.concurrent.locks.LockSupport.park(LockSupport.java:175)
        at java.util.concurrent.locks.AbstractQueuedSynchronizer$ConditionObject.await(AbstractQueuedSynchronizer.java:2039)
        at java.util.concurrent.ScheduledThreadPoolExecutor$DelayedWorkQueue.take(ScheduledThreadPoolExecutor.java:1088)
        at java.util.concurrent.ScheduledThreadPoolExecutor$DelayedWorkQueue.take(ScheduledThreadPoolExecutor.java:809)
        at java.util.concurrent.ThreadPoolExecutor.getTask(ThreadPoolExecutor.java:1074)
        at java.util.concurrent.ThreadPoolExecutor.runWorker(ThreadPoolExecutor.java:1134)
        at java.util.concurrent.ThreadPoolExecutor$Worker.run(ThreadPoolExecutor.java:624)
        at java.lang.Thread.run(Thread.java:750)
"org.apache.hadoop.ozone.container.common.statemachine.commandhandler.DeleteBlocksCommandHandler$DeleteCmdWorker@2beba1c9" daemon prio=5 tid=353 timed_waiting
java.lang.Thread.State: TIMED_WAITING
        at java.lang.Thread.sleep(Native Method)
        at org.apache.hadoop.ozone.container.common.statemachine.commandhandler.DeleteBlocksCommandHandler$DeleteCmdWorker.run(DeleteBlocksCommandHandler.java:183)
        at java.lang.Thread.run(Thread.java:750)
"IPC Server handler 1 on default port 42403" daemon prio=5 tid=155 timed_waiting
java.lang.Thread.State: TIMED_WAITING
        at sun.misc.Unsafe.park(Native Method)
        at java.util.concurrent.locks.LockSupport.parkNanos(LockSupport.java:215)
        at java.util.concurrent.locks.AbstractQueuedSynchronizer$ConditionObject.awaitNanos(AbstractQueuedSynchronizer.java:2078)
        at java.util.concurrent.LinkedBlockingQueue.poll(LinkedBlockingQueue.java:467)
        at org.apache.hadoop.ipc.CallQueueManager.take(CallQueueManager.java:317)
        at org.apache.hadoop.ipc.Server$Handler.run(Server.java:2942)
"IPC Server handler 6 on default port 41185" daemon prio=5 tid=93 timed_waiting
java.lang.Thread.State: TIMED_WAITING
        at sun.misc.Unsafe.park(Native Method)
        at java.util.concurrent.locks.LockSupport.parkNanos(LockSupport.java:215)
        at java.util.concurrent.locks.AbstractQueuedSynchronizer$ConditionObject.awaitNanos(AbstractQueuedSynchronizer.java:2078)
        at java.util.concurrent.LinkedBlockingQueue.poll(LinkedBlockingQueue.java:467)
        at org.apache.hadoop.ipc.CallQueueManager.take(CallQueueManager.java:317)
        at org.apache.hadoop.ipc.Server$Handler.run(Server.java:2942)
"FixedThreadPoolWithAffinityExecutor-1-0" daemon prio=5 tid=36 timed_waiting
java.lang.Thread.State: TIMED_WAITING
        at sun.misc.Unsafe.park(Native Method)
        at java.util.concurrent.locks.LockSupport.parkNanos(LockSupport.java:215)
        at java.util.concurrent.locks.AbstractQueuedSynchronizer$ConditionObject.awaitNanos(AbstractQueuedSynchronizer.java:2078)
        at java.util.concurrent.LinkedBlockingQueue.poll(LinkedBlockingQueue.java:467)
        at org.apache.hadoop.hdds.scm.server.ContainerReportQueue.poll(ContainerReportQueue.java:266)
        at org.apache.hadoop.hdds.scm.server.ContainerReportQueue.poll(ContainerReportQueue.java:42)
        at org.apache.hadoop.hdds.server.events.FixedThreadPoolWithAffinityExecutor$ContainerReportProcessTask.run(FixedThreadPoolWithAffinityExecutor.java:218)
        at java.util.concurrent.Executors$RunnableAdapter.call(Executors.java:511)
        at java.util.concurrent.FutureTask.run(FutureTask.java:266)
        at java.util.concurrent.ThreadPoolExecutor.runWorker(ThreadPoolExecutor.java:1149)
        at java.util.concurrent.ThreadPoolExecutor$Worker.run(ThreadPoolExecutor.java:624)
        at java.lang.Thread.run(Thread.java:750)
"ChunkWriter-0-0" daemon prio=5 tid=532 in Object.wait()
java.lang.Thread.State: WAITING (on object monitor)
        at sun.misc.Unsafe.park(Native Method)
        at java.util.concurrent.locks.LockSupport.park(LockSupport.java:175)
        at java.util.concurrent.locks.AbstractQueuedSynchronizer$ConditionObject.await(AbstractQueuedSynchronizer.java:2039)
        at java.util.concurrent.LinkedBlockingDeque.takeFirst(LinkedBlockingDeque.java:492)
        at java.util.concurrent.LinkedBlockingDeque.take(LinkedBlockingDeque.java:680)
        at java.util.concurrent.ThreadPoolExecutor.getTask(ThreadPoolExecutor.java:1074)
        at java.util.concurrent.ThreadPoolExecutor.runWorker(ThreadPoolExecutor.java:1134)
        at java.util.concurrent.ThreadPoolExecutor$Worker.run(ThreadPoolExecutor.java:624)
        at java.lang.Thread.run(Thread.java:750)
"f7350d57-8232-4853-9d4b-5861d033a2e4@group-0066D9F15E56-SegmentedRaftLogWorker"  prio=5 tid=595 timed_waiting
java.lang.Thread.State: TIMED_WAITING
        at sun.misc.Unsafe.park(Native Method)
        at java.util.concurrent.locks.LockSupport.parkNanos(LockSupport.java:215)
        at java.util.concurrent.locks.AbstractQueuedSynchronizer$ConditionObject.awaitNanos(AbstractQueuedSynchronizer.java:2078)
        at org.apache.ratis.util.DataBlockingQueue.poll(DataBlockingQueue.java:148)
        at org.apache.ratis.server.raftlog.segmented.SegmentedRaftLogWorker.run(SegmentedRaftLogWorker.java:310)
        at org.apache.ratis.server.raftlog.segmented.SegmentedRaftLogWorker$$Lambda$665/990731450.run(Unknown Source)
        at java.lang.Thread.run(Thread.java:750)
"2277c71a-7226-47f8-a4ca-90f752095403@group-B3075DD5C248-LeaderStateImpl" daemon prio=5 tid=733 timed_waiting
java.lang.Thread.State: TIMED_WAITING
        at sun.misc.Unsafe.park(Native Method)
        at java.util.concurrent.locks.LockSupport.parkNanos(LockSupport.java:215)
        at java.util.concurrent.locks.AbstractQueuedSynchronizer$ConditionObject.awaitNanos(AbstractQueuedSynchronizer.java:2078)
        at java.util.concurrent.ArrayBlockingQueue.poll(ArrayBlockingQueue.java:418)
        at org.apache.ratis.server.impl.LeaderStateImpl$EventQueue.poll(LeaderStateImpl.java:159)
        at org.apache.ratis.server.impl.LeaderStateImpl$EventProcessor.run(LeaderStateImpl.java:630)
"qtp1362046077-244" daemon prio=5 tid=244 timed_waiting
java.lang.Thread.State: TIMED_WAITING
        at sun.misc.Unsafe.park(Native Method)
        at java.util.concurrent.locks.LockSupport.parkNanos(LockSupport.java:215)
        at java.util.concurrent.locks.AbstractQueuedSynchronizer$ConditionObject.awaitNanos(AbstractQueuedSynchronizer.java:2078)
        at org.eclipse.jetty.util.BlockingArrayQueue.poll(BlockingArrayQueue.java:382)
        at org.eclipse.jetty.util.thread.QueuedThreadPool$Runner.idleJobPoll(QueuedThreadPool.java:974)
        at org.eclipse.jetty.util.thread.QueuedThreadPool$Runner.run(QueuedThreadPool.java:1018)
        at java.lang.Thread.run(Thread.java:750)
"Datanode ReportManager Thread - 3" daemon prio=5 tid=277 timed_waiting
java.lang.Thread.State: TIMED_WAITING
        at sun.misc.Unsafe.park(Native Method)
        at java.util.concurrent.locks.LockSupport.parkNanos(LockSupport.java:215)
        at java.util.concurrent.locks.AbstractQueuedSynchronizer$ConditionObject.awaitNanos(AbstractQueuedSynchronizer.java:2078)
        at java.util.concurrent.ScheduledThreadPoolExecutor$DelayedWorkQueue.take(ScheduledThreadPoolExecutor.java:1093)
        at java.util.concurrent.ScheduledThreadPoolExecutor$DelayedWorkQueue.take(ScheduledThreadPoolExecutor.java:809)
        at java.util.concurrent.ThreadPoolExecutor.getTask(ThreadPoolExecutor.java:1074)
        at java.util.concurrent.ThreadPoolExecutor.runWorker(ThreadPoolExecutor.java:1134)
        at java.util.concurrent.ThreadPoolExecutor$Worker.run(ThreadPoolExecutor.java:624)
        at java.lang.Thread.run(Thread.java:750)
"f7350d57-8232-4853-9d4b-5861d033a2e4@group-26F38406CDA9-SegmentedRaftLogWorker"  prio=5 tid=605 timed_waiting
java.lang.Thread.State: TIMED_WAITING
        at sun.misc.Unsafe.park(Native Method)
        at java.util.concurrent.locks.LockSupport.parkNanos(LockSupport.java:215)
        at java.util.concurrent.locks.AbstractQueuedSynchronizer$ConditionObject.awaitNanos(AbstractQueuedSynchronizer.java:2078)
        at org.apache.ratis.util.DataBlockingQueue.poll(DataBlockingQueue.java:148)
        at org.apache.ratis.server.raftlog.segmented.SegmentedRaftLogWorker.run(SegmentedRaftLogWorker.java:310)
        at org.apache.ratis.server.raftlog.segmented.SegmentedRaftLogWorker$$Lambda$665/990731450.run(Unknown Source)
        at java.lang.Thread.run(Thread.java:750)
"IPC Server handler 3 on default port 42553" daemon prio=5 tid=70 timed_waiting
java.lang.Thread.State: TIMED_WAITING
        at sun.misc.Unsafe.park(Native Method)
        at java.util.concurrent.locks.LockSupport.parkNanos(LockSupport.java:215)
        at java.util.concurrent.locks.AbstractQueuedSynchronizer$ConditionObject.awaitNanos(AbstractQueuedSynchronizer.java:2078)
        at java.util.concurrent.LinkedBlockingQueue.poll(LinkedBlockingQueue.java:467)
        at org.apache.hadoop.ipc.CallQueueManager.take(CallQueueManager.java:317)
        at org.apache.hadoop.ipc.Server$Handler.run(Server.java:2942)
"qtp1097955717-473" daemon prio=5 tid=473 timed_waiting
java.lang.Thread.State: TIMED_WAITING
        at sun.misc.Unsafe.park(Native Method)
        at java.util.concurrent.locks.LockSupport.parkNanos(LockSupport.java:215)
        at java.util.concurrent.locks.AbstractQueuedSynchronizer$ConditionObject.awaitNanos(AbstractQueuedSynchronizer.java:2078)
        at org.eclipse.jetty.util.BlockingArrayQueue.poll(BlockingArrayQueue.java:382)
        at org.eclipse.jetty.util.thread.QueuedThreadPool$Runner.idleJobPoll(QueuedThreadPool.java:974)
        at org.eclipse.jetty.util.thread.QueuedThreadPool$Runner.run(QueuedThreadPool.java:1018)
        at java.lang.Thread.run(Thread.java:750)
"Datanode State Machine Task Thread - 1"  prio=5 tid=308 in Object.wait()
java.lang.Thread.State: WAITING (on object monitor)
        at sun.misc.Unsafe.park(Native Method)
        at java.util.concurrent.locks.LockSupport.park(LockSupport.java:175)
        at java.util.concurrent.locks.AbstractQueuedSynchronizer$ConditionObject.await(AbstractQueuedSynchronizer.java:2039)
        at java.util.concurrent.LinkedBlockingQueue.take(LinkedBlockingQueue.java:442)
        at java.util.concurrent.ThreadPoolExecutor.getTask(ThreadPoolExecutor.java:1074)
        at java.util.concurrent.ThreadPoolExecutor.runWorker(ThreadPoolExecutor.java:1134)
        at java.util.concurrent.ThreadPoolExecutor$Worker.run(ThreadPoolExecutor.java:624)
        at java.lang.Thread.run(Thread.java:750)
"qtp230464909-191" daemon prio=5 tid=191 timed_waiting
java.lang.Thread.State: TIMED_WAITING
        at sun.misc.Unsafe.park(Native Method)
        at java.util.concurrent.locks.LockSupport.parkNanos(LockSupport.java:215)
        at java.util.concurrent.locks.AbstractQueuedSynchronizer$ConditionObject.awaitNanos(AbstractQueuedSynchronizer.java:2078)
        at org.eclipse.jetty.util.BlockingArrayQueue.poll(BlockingArrayQueue.java:382)
        at org.eclipse.jetty.util.thread.QueuedThreadPool$Runner.idleJobPoll(QueuedThreadPool.java:974)
        at org.eclipse.jetty.util.thread.QueuedThreadPool$Runner.run(QueuedThreadPool.java:1018)
        at java.lang.Thread.run(Thread.java:750)
"IPC Server idle connection scanner for port 43027" daemon prio=5 tid=33 timed_waiting
java.lang.Thread.State: TIMED_WAITING
        at java.lang.Object.wait(Native Method)
        at java.util.TimerThread.mainLoop(Timer.java:552)
        at java.util.TimerThread.run(Timer.java:505)
"ChunkReader-0" daemon prio=5 tid=770 in Object.wait()
java.lang.Thread.State: WAITING (on object monitor)
        at sun.misc.Unsafe.park(Native Method)
        at java.util.concurrent.locks.LockSupport.park(LockSupport.java:175)
        at java.util.concurrent.locks.AbstractQueuedSynchronizer$ConditionObject.await(AbstractQueuedSynchronizer.java:2039)
        at java.util.concurrent.LinkedBlockingQueue.take(LinkedBlockingQueue.java:442)
        at java.util.concurrent.ThreadPoolExecutor.getTask(ThreadPoolExecutor.java:1074)
        at java.util.concurrent.ThreadPoolExecutor.runWorker(ThreadPoolExecutor.java:1134)
        at java.util.concurrent.ThreadPoolExecutor$Worker.run(ThreadPoolExecutor.java:624)
        at java.lang.Thread.run(Thread.java:750)
"Datanode ReportManager Thread - 4" daemon prio=5 tid=419 timed_waiting
java.lang.Thread.State: TIMED_WAITING
        at sun.misc.Unsafe.park(Native Method)
        at java.util.concurrent.locks.LockSupport.parkNanos(LockSupport.java:215)
        at java.util.concurrent.locks.AbstractQueuedSynchronizer$ConditionObject.awaitNanos(AbstractQueuedSynchronizer.java:2078)
        at java.util.concurrent.ScheduledThreadPoolExecutor$DelayedWorkQueue.take(ScheduledThreadPoolExecutor.java:1093)
        at java.util.concurrent.ScheduledThreadPoolExecutor$DelayedWorkQueue.take(ScheduledThreadPoolExecutor.java:809)
        at java.util.concurrent.ThreadPoolExecutor.getTask(ThreadPoolExecutor.java:1074)
        at java.util.concurrent.ThreadPoolExecutor.runWorker(ThreadPoolExecutor.java:1134)
        at java.util.concurrent.ThreadPoolExecutor$Worker.run(ThreadPoolExecutor.java:624)
        at java.lang.Thread.run(Thread.java:750)
"IPC Server handler 7 on default port 42553" daemon prio=5 tid=74 timed_waiting
java.lang.Thread.State: TIMED_WAITING
        at sun.misc.Unsafe.park(Native Method)
        at java.util.concurrent.locks.LockSupport.parkNanos(LockSupport.java:215)
        at java.util.concurrent.locks.AbstractQueuedSynchronizer$ConditionObject.awaitNanos(AbstractQueuedSynchronizer.java:2078)
        at java.util.concurrent.LinkedBlockingQueue.poll(LinkedBlockingQueue.java:467)
        at org.apache.hadoop.ipc.CallQueueManager.take(CallQueueManager.java:317)
        at org.apache.hadoop.ipc.Server$Handler.run(Server.java:2942)
"ChunkWriter-0-0" daemon prio=5 tid=480 in Object.wait()
java.lang.Thread.State: WAITING (on object monitor)
        at sun.misc.Unsafe.park(Native Method)
        at java.util.concurrent.locks.LockSupport.park(LockSupport.java:175)
        at java.util.concurrent.locks.AbstractQueuedSynchronizer$ConditionObject.await(AbstractQueuedSynchronizer.java:2039)
        at java.util.concurrent.LinkedBlockingDeque.takeFirst(LinkedBlockingDeque.java:492)
        at java.util.concurrent.LinkedBlockingDeque.take(LinkedBlockingDeque.java:680)
        at java.util.concurrent.ThreadPoolExecutor.getTask(ThreadPoolExecutor.java:1074)
        at java.util.concurrent.ThreadPoolExecutor.runWorker(ThreadPoolExecutor.java:1134)
        at java.util.concurrent.ThreadPoolExecutor$Worker.run(ThreadPoolExecutor.java:624)
        at java.lang.Thread.run(Thread.java:750)
"IPC Server handler 19 on default port 43027" daemon prio=5 tid=66 timed_waiting
java.lang.Thread.State: TIMED_WAITING
        at sun.misc.Unsafe.park(Native Method)
        at java.util.concurrent.locks.LockSupport.parkNanos(LockSupport.java:215)
        at java.util.concurrent.locks.AbstractQueuedSynchronizer$ConditionObject.awaitNanos(AbstractQueuedSynchronizer.java:2078)
        at java.util.concurrent.LinkedBlockingQueue.poll(LinkedBlockingQueue.java:467)
        at org.apache.hadoop.ipc.CallQueueManager.take(CallQueueManager.java:317)
        at org.apache.hadoop.ipc.Server$Handler.run(Server.java:2942)
"pool-55-thread-1"  prio=5 tid=127 in Object.wait()
java.lang.Thread.State: WAITING (on object monitor)
        at sun.misc.Unsafe.park(Native Method)
        at java.util.concurrent.locks.LockSupport.park(LockSupport.java:175)
        at java.util.concurrent.locks.AbstractQueuedSynchronizer$ConditionObject.await(AbstractQueuedSynchronizer.java:2039)
        at java.util.concurrent.LinkedBlockingQueue.take(LinkedBlockingQueue.java:442)
        at java.util.concurrent.ThreadPoolExecutor.getTask(ThreadPoolExecutor.java:1074)
        at java.util.concurrent.ThreadPoolExecutor.runWorker(ThreadPoolExecutor.java:1134)
        at java.util.concurrent.ThreadPoolExecutor$Worker.run(ThreadPoolExecutor.java:624)
        at java.lang.Thread.run(Thread.java:750)
"IPC Server handler 16 on default port 42553" daemon prio=5 tid=83 timed_waiting
java.lang.Thread.State: TIMED_WAITING
        at sun.misc.Unsafe.park(Native Method)
        at java.util.concurrent.locks.LockSupport.parkNanos(LockSupport.java:215)
        at java.util.concurrent.locks.AbstractQueuedSynchronizer$ConditionObject.awaitNanos(AbstractQueuedSynchronizer.java:2078)
        at java.util.concurrent.LinkedBlockingQueue.poll(LinkedBlockingQueue.java:467)
        at org.apache.hadoop.ipc.CallQueueManager.take(CallQueueManager.java:317)
        at org.apache.hadoop.ipc.Server$Handler.run(Server.java:2942)
"ChunkWriter-1-0" daemon prio=5 tid=405 in Object.wait()
java.lang.Thread.State: WAITING (on object monitor)
        at sun.misc.Unsafe.park(Native Method)
        at java.util.concurrent.locks.LockSupport.park(LockSupport.java:175)
        at java.util.concurrent.locks.AbstractQueuedSynchronizer$ConditionObject.await(AbstractQueuedSynchronizer.java:2039)
        at java.util.concurrent.LinkedBlockingDeque.takeFirst(LinkedBlockingDeque.java:492)
        at java.util.concurrent.LinkedBlockingDeque.take(LinkedBlockingDeque.java:680)
        at java.util.concurrent.ThreadPoolExecutor.getTask(ThreadPoolExecutor.java:1074)
        at java.util.concurrent.ThreadPoolExecutor.runWorker(ThreadPoolExecutor.java:1134)
        at java.util.concurrent.ThreadPoolExecutor$Worker.run(ThreadPoolExecutor.java:624)
        at java.lang.Thread.run(Thread.java:750)
"Session-HouseKeeper-14bcbd4e-1"  prio=5 tid=327 timed_waiting
java.lang.Thread.State: TIMED_WAITING
        at sun.misc.Unsafe.park(Native Method)
        at java.util.concurrent.locks.LockSupport.parkNanos(LockSupport.java:215)
        at java.util.concurrent.locks.AbstractQueuedSynchronizer$ConditionObject.awaitNanos(AbstractQueuedSynchronizer.java:2078)
        at java.util.concurrent.ScheduledThreadPoolExecutor$DelayedWorkQueue.take(ScheduledThreadPoolExecutor.java:1093)
        at java.util.concurrent.ScheduledThreadPoolExecutor$DelayedWorkQueue.take(ScheduledThreadPoolExecutor.java:809)
        at java.util.concurrent.ThreadPoolExecutor.getTask(ThreadPoolExecutor.java:1074)
        at java.util.concurrent.ThreadPoolExecutor.runWorker(ThreadPoolExecutor.java:1134)
        at java.util.concurrent.ThreadPoolExecutor$Worker.run(ThreadPoolExecutor.java:624)
        at java.lang.Thread.run(Thread.java:750)
"grpc-default-worker-ELG-3-1" daemon prio=5 tid=575 runnable
java.lang.Thread.State: RUNNABLE
        at org.apache.ratis.thirdparty.io.netty.channel.epoll.Native.epollWait0(Native Method)
        at org.apache.ratis.thirdparty.io.netty.channel.epoll.Native.epollWait(Native.java:182)
        at org.apache.ratis.thirdparty.io.netty.channel.epoll.EpollEventLoop.epollWait(EpollEventLoop.java:290)
        at org.apache.ratis.thirdparty.io.netty.channel.epoll.EpollEventLoop.run(EpollEventLoop.java:354)
        at org.apache.ratis.thirdparty.io.netty.util.concurrent.SingleThreadEventExecutor$4.run(SingleThreadEventExecutor.java:995)
        at org.apache.ratis.thirdparty.io.netty.util.internal.ThreadExecutorMap$2.run(ThreadExecutorMap.java:74)
        at org.apache.ratis.thirdparty.io.netty.util.concurrent.FastThreadLocalRunnable.run(FastThreadLocalRunnable.java:30)
        at java.lang.Thread.run(Thread.java:750)
"b6bc655b-a75f-4a95-a86c-7969b7c6987b@group-1C8420390690-FollowerState" daemon prio=5 tid=689 timed_waiting
java.lang.Thread.State: TIMED_WAITING
        at java.lang.Thread.sleep(Native Method)
        at java.lang.Thread.sleep(Thread.java:342)
        at java.util.concurrent.TimeUnit.sleep(TimeUnit.java:386)
        at org.apache.ratis.util.TimeDuration.sleep(TimeDuration.java:325)
        at org.apache.ratis.util.TimeDuration.sleep(TimeDuration.java:310)
        at org.apache.ratis.server.impl.FollowerState.run(FollowerState.java:128)
"IPC Server handler 0 on default port 42403" daemon prio=5 tid=154 timed_waiting
java.lang.Thread.State: TIMED_WAITING
        at sun.misc.Unsafe.park(Native Method)
        at java.util.concurrent.locks.LockSupport.parkNanos(LockSupport.java:215)
        at java.util.concurrent.locks.AbstractQueuedSynchronizer$ConditionObject.awaitNanos(AbstractQueuedSynchronizer.java:2078)
        at java.util.concurrent.LinkedBlockingQueue.poll(LinkedBlockingQueue.java:467)
        at org.apache.hadoop.ipc.CallQueueManager.take(CallQueueManager.java:317)
        at org.apache.hadoop.ipc.Server$Handler.run(Server.java:2942)
"b6bc655b-a75f-4a95-a86c-7969b7c6987b@group-1C8420390690-StateMachineUpdater" daemon prio=5 tid=584 timed_waiting
java.lang.Thread.State: TIMED_WAITING
        at sun.misc.Unsafe.park(Native Method)
        at java.util.concurrent.locks.LockSupport.parkNanos(LockSupport.java:215)
        at java.util.concurrent.CompletableFuture$Signaller.block(CompletableFuture.java:1709)
        at java.util.concurrent.ForkJoinPool.managedBlock(ForkJoinPool.java:3323)
        at java.util.concurrent.CompletableFuture.timedGet(CompletableFuture.java:1788)
        at java.util.concurrent.CompletableFuture.get(CompletableFuture.java:1928)
        at org.apache.ratis.util.AwaitForSignal.await(AwaitForSignal.java:56)
        at org.apache.ratis.server.impl.StateMachineUpdater.waitForCommit(StateMachineUpdater.java:207)
        at org.apache.ratis.server.impl.StateMachineUpdater.run(StateMachineUpdater.java:176)
        at java.lang.Thread.run(Thread.java:750)
"pool-295-thread-1"  prio=5 tid=680 in Object.wait()
java.lang.Thread.State: WAITING (on object monitor)
        at sun.misc.Unsafe.park(Native Method)
        at java.util.concurrent.locks.LockSupport.park(LockSupport.java:175)
        at java.util.concurrent.locks.AbstractQueuedSynchronizer$ConditionObject.await(AbstractQueuedSynchronizer.java:2039)
        at java.util.concurrent.LinkedBlockingQueue.take(LinkedBlockingQueue.java:442)
        at java.util.concurrent.ThreadPoolExecutor.getTask(ThreadPoolExecutor.java:1074)
        at java.util.concurrent.ThreadPoolExecutor.runWorker(ThreadPoolExecutor.java:1134)
        at java.util.concurrent.ThreadPoolExecutor$Worker.run(ThreadPoolExecutor.java:624)
        at java.lang.Thread.run(Thread.java:750)
"qtp36960764-396" daemon prio=5 tid=396 timed_waiting
java.lang.Thread.State: TIMED_WAITING
        at sun.misc.Unsafe.park(Native Method)
        at java.util.concurrent.locks.LockSupport.parkNanos(LockSupport.java:215)
        at java.util.concurrent.locks.AbstractQueuedSynchronizer$ConditionObject.awaitNanos(AbstractQueuedSynchronizer.java:2078)
        at org.eclipse.jetty.util.BlockingArrayQueue.poll(BlockingArrayQueue.java:382)
        at org.eclipse.jetty.util.thread.QueuedThreadPool$Runner.idleJobPoll(QueuedThreadPool.java:974)
        at org.eclipse.jetty.util.thread.QueuedThreadPool$Runner.run(QueuedThreadPool.java:1018)
        at java.lang.Thread.run(Thread.java:750)
"StaleRecoveringContainerScrubbingService#2" daemon prio=5 tid=866 in Object.wait()
java.lang.Thread.State: WAITING (on object monitor)
        at sun.misc.Unsafe.park(Native Method)
        at java.util.concurrent.locks.LockSupport.park(LockSupport.java:175)
        at java.util.concurrent.locks.AbstractQueuedSynchronizer$ConditionObject.await(AbstractQueuedSynchronizer.java:2039)
        at java.util.concurrent.ScheduledThreadPoolExecutor$DelayedWorkQueue.take(ScheduledThreadPoolExecutor.java:1088)
        at java.util.concurrent.ScheduledThreadPoolExecutor$DelayedWorkQueue.take(ScheduledThreadPoolExecutor.java:809)
        at java.util.concurrent.ThreadPoolExecutor.getTask(ThreadPoolExecutor.java:1074)
        at java.util.concurrent.ThreadPoolExecutor.runWorker(ThreadPoolExecutor.java:1134)
        at java.util.concurrent.ThreadPoolExecutor$Worker.run(ThreadPoolExecutor.java:624)
        at java.lang.Thread.run(Thread.java:750)
"pool-223-thread-1"  prio=5 tid=354 timed_waiting
java.lang.Thread.State: TIMED_WAITING
        at sun.misc.Unsafe.park(Native Method)
        at java.util.concurrent.locks.LockSupport.parkNanos(LockSupport.java:215)
        at java.util.concurrent.locks.AbstractQueuedSynchronizer$ConditionObject.awaitNanos(AbstractQueuedSynchronizer.java:2078)
        at java.util.concurrent.ScheduledThreadPoolExecutor$DelayedWorkQueue.take(ScheduledThreadPoolExecutor.java:1093)
        at java.util.concurrent.ScheduledThreadPoolExecutor$DelayedWorkQueue.take(ScheduledThreadPoolExecutor.java:809)
        at java.util.concurrent.ThreadPoolExecutor.getTask(ThreadPoolExecutor.java:1074)
        at java.util.concurrent.ThreadPoolExecutor.runWorker(ThreadPoolExecutor.java:1134)
        at java.util.concurrent.ThreadPoolExecutor$Worker.run(ThreadPoolExecutor.java:624)
        at java.lang.Thread.run(Thread.java:750)
"pool-157-thread-1" daemon prio=5 tid=285 timed_waiting
java.lang.Thread.State: TIMED_WAITING
        at sun.misc.Unsafe.park(Native Method)
        at java.util.concurrent.locks.LockSupport.parkNanos(LockSupport.java:215)
        at java.util.concurrent.locks.AbstractQueuedSynchronizer$ConditionObject.awaitNanos(AbstractQueuedSynchronizer.java:2078)
        at java.util.concurrent.ScheduledThreadPoolExecutor$DelayedWorkQueue.take(ScheduledThreadPoolExecutor.java:1093)
        at java.util.concurrent.ScheduledThreadPoolExecutor$DelayedWorkQueue.take(ScheduledThreadPoolExecutor.java:809)
        at java.util.concurrent.ThreadPoolExecutor.getTask(ThreadPoolExecutor.java:1074)
        at java.util.concurrent.ThreadPoolExecutor.runWorker(ThreadPoolExecutor.java:1134)
        at java.util.concurrent.ThreadPoolExecutor$Worker.run(ThreadPoolExecutor.java:624)
        at java.lang.Thread.run(Thread.java:750)
"pool-214-thread-1"  prio=5 tid=646 in Object.wait()
java.lang.Thread.State: WAITING (on object monitor)
        at sun.misc.Unsafe.park(Native Method)
        at java.util.concurrent.locks.LockSupport.park(LockSupport.java:175)
        at java.util.concurrent.locks.AbstractQueuedSynchronizer$ConditionObject.await(AbstractQueuedSynchronizer.java:2039)
        at java.util.concurrent.LinkedBlockingQueue.take(LinkedBlockingQueue.java:442)
        at java.util.concurrent.ThreadPoolExecutor.getTask(ThreadPoolExecutor.java:1074)
        at java.util.concurrent.ThreadPoolExecutor.runWorker(ThreadPoolExecutor.java:1134)
        at java.util.concurrent.ThreadPoolExecutor$Worker.run(ThreadPoolExecutor.java:624)
        at java.lang.Thread.run(Thread.java:750)
"pool-88-thread-1" daemon prio=5 tid=207 timed_waiting
java.lang.Thread.State: TIMED_WAITING
        at sun.misc.Unsafe.park(Native Method)
        at java.util.concurrent.locks.LockSupport.parkNanos(LockSupport.java:215)
        at java.util.concurrent.locks.AbstractQueuedSynchronizer$ConditionObject.awaitNanos(AbstractQueuedSynchronizer.java:2078)
        at java.util.concurrent.ScheduledThreadPoolExecutor$DelayedWorkQueue.take(ScheduledThreadPoolExecutor.java:1093)
        at java.util.concurrent.ScheduledThreadPoolExecutor$DelayedWorkQueue.take(ScheduledThreadPoolExecutor.java:809)
        at java.util.concurrent.ThreadPoolExecutor.getTask(ThreadPoolExecutor.java:1074)
        at java.util.concurrent.ThreadPoolExecutor.runWorker(ThreadPoolExecutor.java:1134)
        at java.util.concurrent.ThreadPoolExecutor$Worker.run(ThreadPoolExecutor.java:624)
        at java.lang.Thread.run(Thread.java:750)
"f7350d57-8232-4853-9d4b-5861d033a2e4-server-thread2" daemon prio=5 tid=698 timed_waiting
java.lang.Thread.State: TIMED_WAITING
        at sun.misc.Unsafe.park(Native Method)
        at java.util.concurrent.locks.LockSupport.parkNanos(LockSupport.java:215)
        at java.util.concurrent.SynchronousQueue$TransferStack.awaitFulfill(SynchronousQueue.java:460)
        at java.util.concurrent.SynchronousQueue$TransferStack.transfer(SynchronousQueue.java:362)
        at java.util.concurrent.SynchronousQueue.poll(SynchronousQueue.java:941)
        at java.util.concurrent.ThreadPoolExecutor.getTask(ThreadPoolExecutor.java:1073)
        at java.util.concurrent.ThreadPoolExecutor.runWorker(ThreadPoolExecutor.java:1134)
        at java.util.concurrent.ThreadPoolExecutor$Worker.run(ThreadPoolExecutor.java:624)
        at java.lang.Thread.run(Thread.java:750)
"StaleRecoveringContainerScrubbingService#1" daemon prio=5 tid=515 timed_waiting
java.lang.Thread.State: TIMED_WAITING
        at sun.misc.Unsafe.park(Native Method)
        at java.util.concurrent.locks.LockSupport.parkNanos(LockSupport.java:215)
        at java.util.concurrent.locks.AbstractQueuedSynchronizer$ConditionObject.awaitNanos(AbstractQueuedSynchronizer.java:2078)
        at java.util.concurrent.ScheduledThreadPoolExecutor$DelayedWorkQueue.take(ScheduledThreadPoolExecutor.java:1093)
        at java.util.concurrent.ScheduledThreadPoolExecutor$DelayedWorkQueue.take(ScheduledThreadPoolExecutor.java:809)
        at java.util.concurrent.ThreadPoolExecutor.getTask(ThreadPoolExecutor.java:1074)
        at java.util.concurrent.ThreadPoolExecutor.runWorker(ThreadPoolExecutor.java:1134)
        at java.util.concurrent.ThreadPoolExecutor$Worker.run(ThreadPoolExecutor.java:624)
        at java.lang.Thread.run(Thread.java:750)
"Socket Reader #1 for port 0"  prio=5 tid=28 runnable
java.lang.Thread.State: RUNNABLE
        at sun.nio.ch.EPollArrayWrapper.epollWait(Native Method)
        at sun.nio.ch.EPollArrayWrapper.poll(EPollArrayWrapper.java:269)
        at sun.nio.ch.EPollSelectorImpl.doSelect(EPollSelectorImpl.java:93)
        at sun.nio.ch.SelectorImpl.lockAndDoSelect(SelectorImpl.java:86)
        at sun.nio.ch.SelectorImpl.select(SelectorImpl.java:97)
        at sun.nio.ch.SelectorImpl.select(SelectorImpl.java:101)
        at org.apache.hadoop.ipc.Server$Listener$Reader.doRunLoop(Server.java:1296)
        at org.apache.hadoop.ipc.Server$Listener$Reader.run(Server.java:1275)
"StaleRecoveringContainerScrubbingService#0" daemon prio=5 tid=411 in Object.wait()
java.lang.Thread.State: WAITING (on object monitor)
        at sun.misc.Unsafe.park(Native Method)
        at java.util.concurrent.locks.LockSupport.park(LockSupport.java:175)
        at java.util.concurrent.locks.AbstractQueuedSynchronizer$ConditionObject.await(AbstractQueuedSynchronizer.java:2039)
        at java.util.concurrent.ScheduledThreadPoolExecutor$DelayedWorkQueue.take(ScheduledThreadPoolExecutor.java:1088)
        at java.util.concurrent.ScheduledThreadPoolExecutor$DelayedWorkQueue.take(ScheduledThreadPoolExecutor.java:809)
        at java.util.concurrent.ThreadPoolExecutor.getTask(ThreadPoolExecutor.java:1074)
        at java.util.concurrent.ThreadPoolExecutor.runWorker(ThreadPoolExecutor.java:1134)
        at java.util.concurrent.ThreadPoolExecutor$Worker.run(ThreadPoolExecutor.java:624)
        at java.lang.Thread.run(Thread.java:750)
"IPC Server handler 18 on default port 42403" daemon prio=5 tid=172 timed_waiting
java.lang.Thread.State: TIMED_WAITING
        at sun.misc.Unsafe.park(Native Method)
        at java.util.concurrent.locks.LockSupport.parkNanos(LockSupport.java:215)
        at java.util.concurrent.locks.AbstractQueuedSynchronizer$ConditionObject.awaitNanos(AbstractQueuedSynchronizer.java:2078)
        at java.util.concurrent.LinkedBlockingQueue.poll(LinkedBlockingQueue.java:467)
        at org.apache.hadoop.ipc.CallQueueManager.take(CallQueueManager.java:317)
        at org.apache.hadoop.ipc.Server$Handler.run(Server.java:2942)
"Periodic HDDS volume checker" daemon prio=5 tid=283 timed_waiting
java.lang.Thread.State: TIMED_WAITING
        at sun.misc.Unsafe.park(Native Method)
        at java.util.concurrent.locks.LockSupport.parkNanos(LockSupport.java:215)
        at java.util.concurrent.locks.AbstractQueuedSynchronizer$ConditionObject.awaitNanos(AbstractQueuedSynchronizer.java:2078)
        at java.util.concurrent.ScheduledThreadPoolExecutor$DelayedWorkQueue.take(ScheduledThreadPoolExecutor.java:1093)
        at java.util.concurrent.ScheduledThreadPoolExecutor$DelayedWorkQueue.take(ScheduledThreadPoolExecutor.java:809)
        at java.util.concurrent.ThreadPoolExecutor.getTask(ThreadPoolExecutor.java:1074)
        at java.util.concurrent.ThreadPoolExecutor.runWorker(ThreadPoolExecutor.java:1134)
        at java.util.concurrent.ThreadPoolExecutor$Worker.run(ThreadPoolExecutor.java:624)
        at java.lang.Thread.run(Thread.java:750)
"JvmPauseMonitor10" daemon prio=5 tid=561 timed_waiting
java.lang.Thread.State: TIMED_WAITING
        at java.lang.Thread.sleep(Native Method)
        at java.lang.Thread.sleep(Thread.java:342)
        at java.util.concurrent.TimeUnit.sleep(TimeUnit.java:386)
        at org.apache.ratis.util.TimeDuration.sleep(TimeDuration.java:325)
        at org.apache.ratis.util.TimeDuration.sleep(TimeDuration.java:310)
        at org.apache.ratis.util.JvmPauseMonitor.detectPause(JvmPauseMonitor.java:119)
        at org.apache.ratis.util.JvmPauseMonitor.run(JvmPauseMonitor.java:108)
        at org.apache.ratis.util.JvmPauseMonitor$$Lambda$706/1921836051.run(Unknown Source)
        at java.lang.Thread.run(Thread.java:750)
"RatisPipelineUtilsThread - 0"  prio=5 tid=15 timed_waiting
java.lang.Thread.State: TIMED_WAITING
        at java.lang.Object.wait(Native Method)
        at org.apache.hadoop.hdds.scm.pipeline.BackgroundPipelineCreator.run(BackgroundPipelineCreator.java:176)
        at org.apache.hadoop.hdds.scm.pipeline.BackgroundPipelineCreator$$Lambda$372/603327357.run(Unknown Source)
        at java.lang.Thread.run(Thread.java:750)
"IPC Server handler 16 on default port 42403" daemon prio=5 tid=170 timed_waiting
java.lang.Thread.State: TIMED_WAITING
        at sun.misc.Unsafe.park(Native Method)
        at java.util.concurrent.locks.LockSupport.parkNanos(LockSupport.java:215)
        at java.util.concurrent.locks.AbstractQueuedSynchronizer$ConditionObject.awaitNanos(AbstractQueuedSynchronizer.java:2078)
        at java.util.concurrent.LinkedBlockingQueue.poll(LinkedBlockingQueue.java:467)
        at org.apache.hadoop.ipc.CallQueueManager.take(CallQueueManager.java:317)
        at org.apache.hadoop.ipc.Server$Handler.run(Server.java:2942)
"BlockDeletingService#2" daemon prio=5 tid=856 in Object.wait()
java.lang.Thread.State: WAITING (on object monitor)
        at sun.misc.Unsafe.park(Native Method)
        at java.util.concurrent.locks.LockSupport.park(LockSupport.java:175)
        at java.util.concurrent.locks.AbstractQueuedSynchronizer$ConditionObject.await(AbstractQueuedSynchronizer.java:2039)
        at java.util.concurrent.ScheduledThreadPoolExecutor$DelayedWorkQueue.take(ScheduledThreadPoolExecutor.java:1088)
        at java.util.concurrent.ScheduledThreadPoolExecutor$DelayedWorkQueue.take(ScheduledThreadPoolExecutor.java:809)
        at java.util.concurrent.ThreadPoolExecutor.getTask(ThreadPoolExecutor.java:1074)
        at java.util.concurrent.ThreadPoolExecutor.runWorker(ThreadPoolExecutor.java:1134)
        at java.util.concurrent.ThreadPoolExecutor$Worker.run(ThreadPoolExecutor.java:624)
        at java.lang.Thread.run(Thread.java:750)
"ChunkWriter-3-0" daemon prio=5 tid=560 in Object.wait()
java.lang.Thread.State: WAITING (on object monitor)
        at sun.misc.Unsafe.park(Native Method)
        at java.util.concurrent.locks.LockSupport.park(LockSupport.java:175)
        at java.util.concurrent.locks.AbstractQueuedSynchronizer$ConditionObject.await(AbstractQueuedSynchronizer.java:2039)
        at java.util.concurrent.LinkedBlockingDeque.takeFirst(LinkedBlockingDeque.java:492)
        at java.util.concurrent.LinkedBlockingDeque.take(LinkedBlockingDeque.java:680)
        at java.util.concurrent.ThreadPoolExecutor.getTask(ThreadPoolExecutor.java:1074)
        at java.util.concurrent.ThreadPoolExecutor.runWorker(ThreadPoolExecutor.java:1134)
        at java.util.concurrent.ThreadPoolExecutor$Worker.run(ThreadPoolExecutor.java:624)
        at java.lang.Thread.run(Thread.java:750)
"EventQueue-PipelineReportForOneReplicaPipelineSafeModeRule" daemon prio=5 tid=490 in Object.wait()
java.lang.Thread.State: WAITING (on object monitor)
        at sun.misc.Unsafe.park(Native Method)
        at java.util.concurrent.locks.LockSupport.park(LockSupport.java:175)
        at java.util.concurrent.locks.AbstractQueuedSynchronizer$ConditionObject.await(AbstractQueuedSynchronizer.java:2039)
        at java.util.concurrent.LinkedBlockingQueue.take(LinkedBlockingQueue.java:442)
        at java.util.concurrent.ThreadPoolExecutor.getTask(ThreadPoolExecutor.java:1074)
        at java.util.concurrent.ThreadPoolExecutor.runWorker(ThreadPoolExecutor.java:1134)
        at java.util.concurrent.ThreadPoolExecutor$Worker.run(ThreadPoolExecutor.java:624)
        at java.lang.Thread.run(Thread.java:750)
"qtp563908089-358" daemon prio=5 tid=358 timed_waiting
java.lang.Thread.State: TIMED_WAITING
        at sun.misc.Unsafe.park(Native Method)
        at java.util.concurrent.locks.LockSupport.parkNanos(LockSupport.java:215)
        at java.util.concurrent.locks.AbstractQueuedSynchronizer$ConditionObject.awaitNanos(AbstractQueuedSynchronizer.java:2078)
        at org.eclipse.jetty.util.BlockingArrayQueue.poll(BlockingArrayQueue.java:382)
        at org.eclipse.jetty.util.thread.QueuedThreadPool$Runner.idleJobPoll(QueuedThreadPool.java:974)
        at org.eclipse.jetty.util.thread.QueuedThreadPool$Runner.run(QueuedThreadPool.java:1018)
        at java.lang.Thread.run(Thread.java:750)
"ChunkWriter-3-0" daemon prio=5 tid=369 in Object.wait()
java.lang.Thread.State: WAITING (on object monitor)
        at sun.misc.Unsafe.park(Native Method)
        at java.util.concurrent.locks.LockSupport.park(LockSupport.java:175)
        at java.util.concurrent.locks.AbstractQueuedSynchronizer$ConditionObject.await(AbstractQueuedSynchronizer.java:2039)
        at java.util.concurrent.LinkedBlockingDeque.takeFirst(LinkedBlockingDeque.java:492)
        at java.util.concurrent.LinkedBlockingDeque.take(LinkedBlockingDeque.java:680)
        at java.util.concurrent.ThreadPoolExecutor.getTask(ThreadPoolExecutor.java:1074)
        at java.util.concurrent.ThreadPoolExecutor.runWorker(ThreadPoolExecutor.java:1134)
        at java.util.concurrent.ThreadPoolExecutor$Worker.run(ThreadPoolExecutor.java:624)
        at java.lang.Thread.run(Thread.java:750)
"94086278-3489-4279-864e-1549830c8dca@group-9130B53F7C21-SegmentedRaftLogWorker"  prio=5 tid=569 timed_waiting
java.lang.Thread.State: TIMED_WAITING
        at sun.misc.Unsafe.park(Native Method)
        at java.util.concurrent.locks.LockSupport.parkNanos(LockSupport.java:215)
        at java.util.concurrent.locks.AbstractQueuedSynchronizer$ConditionObject.awaitNanos(AbstractQueuedSynchronizer.java:2078)
        at org.apache.ratis.util.DataBlockingQueue.poll(DataBlockingQueue.java:148)
        at org.apache.ratis.server.raftlog.segmented.SegmentedRaftLogWorker.run(SegmentedRaftLogWorker.java:310)
        at org.apache.ratis.server.raftlog.segmented.SegmentedRaftLogWorker$$Lambda$665/990731450.run(Unknown Source)
        at java.lang.Thread.run(Thread.java:750)
"IPC Server handler 9 on default port 41185" daemon prio=5 tid=96 timed_waiting
java.lang.Thread.State: TIMED_WAITING
        at sun.misc.Unsafe.park(Native Method)
        at java.util.concurrent.locks.LockSupport.parkNanos(LockSupport.java:215)
        at java.util.concurrent.locks.AbstractQueuedSynchronizer$ConditionObject.awaitNanos(AbstractQueuedSynchronizer.java:2078)
        at java.util.concurrent.LinkedBlockingQueue.poll(LinkedBlockingQueue.java:467)
        at org.apache.hadoop.ipc.CallQueueManager.take(CallQueueManager.java:317)
        at org.apache.hadoop.ipc.Server$Handler.run(Server.java:2942)
"Signal Dispatcher" daemon prio=9 tid=4 runnable
java.lang.Thread.State: RUNNABLE
"pool-304-thread-1"  prio=5 tid=468 timed_waiting
java.lang.Thread.State: TIMED_WAITING
        at sun.misc.Unsafe.park(Native Method)
        at java.util.concurrent.locks.LockSupport.parkNanos(LockSupport.java:215)
        at java.util.concurrent.locks.AbstractQueuedSynchronizer$ConditionObject.awaitNanos(AbstractQueuedSynchronizer.java:2078)
        at java.util.concurrent.ScheduledThreadPoolExecutor$DelayedWorkQueue.take(ScheduledThreadPoolExecutor.java:1093)
        at java.util.concurrent.ScheduledThreadPoolExecutor$DelayedWorkQueue.take(ScheduledThreadPoolExecutor.java:809)
        at java.util.concurrent.ThreadPoolExecutor.getTask(ThreadPoolExecutor.java:1074)
        at java.util.concurrent.ThreadPoolExecutor.runWorker(ThreadPoolExecutor.java:1134)
        at java.util.concurrent.ThreadPoolExecutor$Worker.run(ThreadPoolExecutor.java:624)
        at java.lang.Thread.run(Thread.java:750)
"qtp563908089-359" daemon prio=5 tid=359 timed_waiting
java.lang.Thread.State: TIMED_WAITING
        at sun.misc.Unsafe.park(Native Method)
        at java.util.concurrent.locks.LockSupport.parkNanos(LockSupport.java:215)
        at java.util.concurrent.locks.AbstractQueuedSynchronizer$ConditionObject.awaitNanos(AbstractQueuedSynchronizer.java:2078)
        at org.eclipse.jetty.util.BlockingArrayQueue.poll(BlockingArrayQueue.java:382)
        at org.eclipse.jetty.util.thread.QueuedThreadPool$Runner.idleJobPoll(QueuedThreadPool.java:974)
        at org.eclipse.jetty.util.thread.QueuedThreadPool$Runner.run(QueuedThreadPool.java:1018)
        at java.lang.Thread.run(Thread.java:750)
"Datanode ReportManager Thread - 3" daemon prio=5 tid=303 in Object.wait()
java.lang.Thread.State: WAITING (on object monitor)
        at sun.misc.Unsafe.park(Native Method)
        at java.util.concurrent.locks.LockSupport.park(LockSupport.java:175)
        at java.util.concurrent.locks.AbstractQueuedSynchronizer$ConditionObject.await(AbstractQueuedSynchronizer.java:2039)
        at java.util.concurrent.ScheduledThreadPoolExecutor$DelayedWorkQueue.take(ScheduledThreadPoolExecutor.java:1088)
        at java.util.concurrent.ScheduledThreadPoolExecutor$DelayedWorkQueue.take(ScheduledThreadPoolExecutor.java:809)
        at java.util.concurrent.ThreadPoolExecutor.getTask(ThreadPoolExecutor.java:1074)
        at java.util.concurrent.ThreadPoolExecutor.runWorker(ThreadPoolExecutor.java:1134)
        at java.util.concurrent.ThreadPoolExecutor$Worker.run(ThreadPoolExecutor.java:624)
        at java.lang.Thread.run(Thread.java:750)
"qtp1374355136-116" daemon prio=5 tid=116 timed_waiting
java.lang.Thread.State: TIMED_WAITING
        at sun.misc.Unsafe.park(Native Method)
        at java.util.concurrent.locks.LockSupport.parkNanos(LockSupport.java:215)
        at java.util.concurrent.locks.AbstractQueuedSynchronizer$ConditionObject.awaitNanos(AbstractQueuedSynchronizer.java:2078)
        at org.eclipse.jetty.util.BlockingArrayQueue.poll(BlockingArrayQueue.java:382)
        at org.eclipse.jetty.util.thread.QueuedThreadPool$Runner.idleJobPoll(QueuedThreadPool.java:974)
        at org.eclipse.jetty.util.thread.QueuedThreadPool$Runner.run(QueuedThreadPool.java:1018)
        at java.lang.Thread.run(Thread.java:750)
"grpc-default-executor-4" daemon prio=5 tid=725 timed_waiting
java.lang.Thread.State: TIMED_WAITING
        at sun.misc.Unsafe.park(Native Method)
        at java.util.concurrent.locks.LockSupport.parkNanos(LockSupport.java:215)
        at java.util.concurrent.SynchronousQueue$TransferStack.awaitFulfill(SynchronousQueue.java:460)
        at java.util.concurrent.SynchronousQueue$TransferStack.transfer(SynchronousQueue.java:362)
        at java.util.concurrent.SynchronousQueue.poll(SynchronousQueue.java:941)
        at java.util.concurrent.ThreadPoolExecutor.getTask(ThreadPoolExecutor.java:1073)
        at java.util.concurrent.ThreadPoolExecutor.runWorker(ThreadPoolExecutor.java:1134)
        at java.util.concurrent.ThreadPoolExecutor$Worker.run(ThreadPoolExecutor.java:624)
        at java.lang.Thread.run(Thread.java:750)
"Command processor thread" daemon prio=5 tid=344 timed_waiting
java.lang.Thread.State: TIMED_WAITING
        at java.lang.Thread.sleep(Native Method)
        at org.apache.hadoop.ozone.container.common.statemachine.DatanodeStateMachine.lambda$initCommandHandlerThread$3(DatanodeStateMachine.java:641)
        at org.apache.hadoop.ozone.container.common.statemachine.DatanodeStateMachine$$Lambda$785/613122004.run(Unknown Source)
        at java.lang.Thread.run(Thread.java:750)
"Datanode State Machine Task Thread - 0"  prio=5 tid=346 in Object.wait()
java.lang.Thread.State: WAITING (on object monitor)
        at sun.misc.Unsafe.park(Native Method)
        at java.util.concurrent.locks.LockSupport.park(LockSupport.java:175)
        at java.util.concurrent.locks.AbstractQueuedSynchronizer$ConditionObject.await(AbstractQueuedSynchronizer.java:2039)
        at java.util.concurrent.LinkedBlockingQueue.take(LinkedBlockingQueue.java:442)
        at java.util.concurrent.ThreadPoolExecutor.getTask(ThreadPoolExecutor.java:1074)
        at java.util.concurrent.ThreadPoolExecutor.runWorker(ThreadPoolExecutor.java:1134)
        at java.util.concurrent.ThreadPoolExecutor$Worker.run(ThreadPoolExecutor.java:624)
        at java.lang.Thread.run(Thread.java:750)
"IPC Parameter Sending Thread #0" daemon prio=5 tid=123 timed_waiting
java.lang.Thread.State: TIMED_WAITING
        at sun.misc.Unsafe.park(Native Method)
        at java.util.concurrent.locks.LockSupport.parkNanos(LockSupport.java:215)
        at java.util.concurrent.SynchronousQueue$TransferStack.awaitFulfill(SynchronousQueue.java:460)
        at java.util.concurrent.SynchronousQueue$TransferStack.transfer(SynchronousQueue.java:362)
        at java.util.concurrent.SynchronousQueue.poll(SynchronousQueue.java:941)
        at java.util.concurrent.ThreadPoolExecutor.getTask(ThreadPoolExecutor.java:1073)
        at java.util.concurrent.ThreadPoolExecutor.runWorker(ThreadPoolExecutor.java:1134)
        at java.util.concurrent.ThreadPoolExecutor$Worker.run(ThreadPoolExecutor.java:624)
        at java.lang.Thread.run(Thread.java:750)
"Datanode State Machine Daemon Thread" daemon prio=5 tid=338 timed_waiting
java.lang.Thread.State: TIMED_WAITING
        at java.lang.Thread.sleep(Native Method)
        at org.apache.hadoop.ozone.container.common.statemachine.DatanodeStateMachine.startStateMachineThread(DatanodeStateMachine.java:321)
        at org.apache.hadoop.ozone.container.common.statemachine.DatanodeStateMachine.lambda$startDaemon$0(DatanodeStateMachine.java:506)
        at org.apache.hadoop.ozone.container.common.statemachine.DatanodeStateMachine$$Lambda$782/1106125451.run(Unknown Source)
        at java.lang.Thread.run(Thread.java:750)
"JvmPauseMonitor0" daemon prio=5 tid=139 timed_waiting
java.lang.Thread.State: TIMED_WAITING
        at java.lang.Thread.sleep(Native Method)
        at java.lang.Thread.sleep(Thread.java:342)
        at java.util.concurrent.TimeUnit.sleep(TimeUnit.java:386)
        at org.apache.ratis.util.TimeDuration.sleep(TimeDuration.java:325)
        at org.apache.ratis.util.TimeDuration.sleep(TimeDuration.java:310)
        at org.apache.ratis.util.JvmPauseMonitor.detectPause(JvmPauseMonitor.java:119)
        at org.apache.ratis.util.JvmPauseMonitor.run(JvmPauseMonitor.java:108)
        at org.apache.ratis.util.JvmPauseMonitor$$Lambda$706/1921836051.run(Unknown Source)
        at java.lang.Thread.run(Thread.java:750)
"8b45bab1-f519-4e04-ad6f-9efd561d6d57@group-0F702FC51EF1->2277c71a-7226-47f8-a4ca-90f752095403-GrpcLogAppender-LogAppenderDaemon" daemon prio=5 tid=833 timed_waiting
java.lang.Thread.State: TIMED_WAITING
        at sun.misc.Unsafe.park(Native Method)
        at java.util.concurrent.locks.LockSupport.parkNanos(LockSupport.java:215)
        at java.util.concurrent.CompletableFuture$Signaller.block(CompletableFuture.java:1709)
        at java.util.concurrent.ForkJoinPool.managedBlock(ForkJoinPool.java:3323)
        at java.util.concurrent.CompletableFuture.timedGet(CompletableFuture.java:1788)
        at java.util.concurrent.CompletableFuture.get(CompletableFuture.java:1928)
        at org.apache.ratis.util.AwaitForSignal.await(AwaitForSignal.java:56)
        at org.apache.ratis.grpc.server.GrpcLogAppender.mayWait(GrpcLogAppender.java:198)
        at org.apache.ratis.grpc.server.GrpcLogAppender.run(GrpcLogAppender.java:148)
        at org.apache.ratis.server.leader.LogAppenderDaemon.run(LogAppenderDaemon.java:78)
        at org.apache.ratis.server.leader.LogAppenderDaemon$$Lambda$1039/1183590628.run(Unknown Source)
        at java.lang.Thread.run(Thread.java:750)
"IPC Server handler 10 on default port 43027" daemon prio=5 tid=57 timed_waiting
java.lang.Thread.State: TIMED_WAITING
        at sun.misc.Unsafe.park(Native Method)
        at java.util.concurrent.locks.LockSupport.parkNanos(LockSupport.java:215)
        at java.util.concurrent.locks.AbstractQueuedSynchronizer$ConditionObject.awaitNanos(AbstractQueuedSynchronizer.java:2078)
        at java.util.concurrent.LinkedBlockingQueue.poll(LinkedBlockingQueue.java:467)
        at org.apache.hadoop.ipc.CallQueueManager.take(CallQueueManager.java:317)
        at org.apache.hadoop.ipc.Server$Handler.run(Server.java:2942)
"StaleRecoveringContainerScrubbingService#1" daemon prio=5 tid=374 timed_waiting
java.lang.Thread.State: TIMED_WAITING
        at sun.misc.Unsafe.park(Native Method)
        at java.util.concurrent.locks.LockSupport.parkNanos(LockSupport.java:215)
        at java.util.concurrent.locks.AbstractQueuedSynchronizer$ConditionObject.awaitNanos(AbstractQueuedSynchronizer.java:2078)
        at java.util.concurrent.ScheduledThreadPoolExecutor$DelayedWorkQueue.take(ScheduledThreadPoolExecutor.java:1093)
        at java.util.concurrent.ScheduledThreadPoolExecutor$DelayedWorkQueue.take(ScheduledThreadPoolExecutor.java:809)
        at java.util.concurrent.ThreadPoolExecutor.getTask(ThreadPoolExecutor.java:1074)
        at java.util.concurrent.ThreadPoolExecutor.runWorker(ThreadPoolExecutor.java:1134)
        at java.util.concurrent.ThreadPoolExecutor$Worker.run(ThreadPoolExecutor.java:624)
        at java.lang.Thread.run(Thread.java:750)
"StaleRecoveringContainerScrubbingService#2" daemon prio=5 tid=857 in Object.wait()
java.lang.Thread.State: WAITING (on object monitor)
        at sun.misc.Unsafe.park(Native Method)
        at java.util.concurrent.locks.LockSupport.park(LockSupport.java:175)
        at java.util.concurrent.locks.AbstractQueuedSynchronizer$ConditionObject.await(AbstractQueuedSynchronizer.java:2039)
        at java.util.concurrent.ScheduledThreadPoolExecutor$DelayedWorkQueue.take(ScheduledThreadPoolExecutor.java:1088)
        at java.util.concurrent.ScheduledThreadPoolExecutor$DelayedWorkQueue.take(ScheduledThreadPoolExecutor.java:809)
        at java.util.concurrent.ThreadPoolExecutor.getTask(ThreadPoolExecutor.java:1074)
        at java.util.concurrent.ThreadPoolExecutor.runWorker(ThreadPoolExecutor.java:1134)
        at java.util.concurrent.ThreadPoolExecutor$Worker.run(ThreadPoolExecutor.java:624)
        at java.lang.Thread.run(Thread.java:750)
"BlockDeletingService#0" daemon prio=5 tid=372 in Object.wait()
java.lang.Thread.State: WAITING (on object monitor)
        at sun.misc.Unsafe.park(Native Method)
        at java.util.concurrent.locks.LockSupport.park(LockSupport.java:175)
        at java.util.concurrent.locks.AbstractQueuedSynchronizer$ConditionObject.await(AbstractQueuedSynchronizer.java:2039)
        at java.util.concurrent.ScheduledThreadPoolExecutor$DelayedWorkQueue.take(ScheduledThreadPoolExecutor.java:1088)
        at java.util.concurrent.ScheduledThreadPoolExecutor$DelayedWorkQueue.take(ScheduledThreadPoolExecutor.java:809)
        at java.util.concurrent.ThreadPoolExecutor.getTask(ThreadPoolExecutor.java:1074)
        at java.util.concurrent.ThreadPoolExecutor.runWorker(ThreadPoolExecutor.java:1134)
        at java.util.concurrent.ThreadPoolExecutor$Worker.run(ThreadPoolExecutor.java:624)
        at java.lang.Thread.run(Thread.java:750)
"ChunkWriter-2-0" daemon prio=5 tid=406 in Object.wait()
java.lang.Thread.State: WAITING (on object monitor)
        at sun.misc.Unsafe.park(Native Method)
        at java.util.concurrent.locks.LockSupport.park(LockSupport.java:175)
        at java.util.concurrent.locks.AbstractQueuedSynchronizer$ConditionObject.await(AbstractQueuedSynchronizer.java:2039)
        at java.util.concurrent.LinkedBlockingDeque.takeFirst(LinkedBlockingDeque.java:492)
        at java.util.concurrent.LinkedBlockingDeque.take(LinkedBlockingDeque.java:680)
        at java.util.concurrent.ThreadPoolExecutor.getTask(ThreadPoolExecutor.java:1074)
        at java.util.concurrent.ThreadPoolExecutor.runWorker(ThreadPoolExecutor.java:1134)
        at java.util.concurrent.ThreadPoolExecutor$Worker.run(ThreadPoolExecutor.java:624)
        at java.lang.Thread.run(Thread.java:750)
"ChunkReader-ELG-0" daemon prio=5 tid=512 runnable
java.lang.Thread.State: RUNNABLE
        at org.apache.ratis.thirdparty.io.netty.channel.epoll.Native.epollWait0(Native Method)
        at org.apache.ratis.thirdparty.io.netty.channel.epoll.Native.epollWait(Native.java:182)
        at org.apache.ratis.thirdparty.io.netty.channel.epoll.EpollEventLoop.epollWait(EpollEventLoop.java:290)
        at org.apache.ratis.thirdparty.io.netty.channel.epoll.EpollEventLoop.run(EpollEventLoop.java:354)
        at org.apache.ratis.thirdparty.io.netty.util.concurrent.SingleThreadEventExecutor$4.run(SingleThreadEventExecutor.java:995)
        at org.apache.ratis.thirdparty.io.netty.util.internal.ThreadExecutorMap$2.run(ThreadExecutorMap.java:74)
        at java.lang.Thread.run(Thread.java:750)
"qtp1108487976-147" daemon prio=5 tid=147 timed_waiting
java.lang.Thread.State: TIMED_WAITING
        at sun.misc.Unsafe.park(Native Method)
        at java.util.concurrent.locks.LockSupport.parkNanos(LockSupport.java:215)
        at java.util.concurrent.locks.AbstractQueuedSynchronizer$ConditionObject.awaitNanos(AbstractQueuedSynchronizer.java:2078)
        at org.eclipse.jetty.util.BlockingArrayQueue.poll(BlockingArrayQueue.java:382)
        at org.eclipse.jetty.util.thread.QueuedThreadPool$Runner.idleJobPoll(QueuedThreadPool.java:974)
        at org.eclipse.jetty.util.thread.QueuedThreadPool$Runner.run(QueuedThreadPool.java:1018)
        at java.lang.Thread.run(Thread.java:750)
"PartialTableCache Cleanup Thread - 0" daemon prio=5 tid=764 in Object.wait()
java.lang.Thread.State: WAITING (on object monitor)
        at sun.misc.Unsafe.park(Native Method)
        at java.util.concurrent.locks.LockSupport.park(LockSupport.java:175)
        at java.util.concurrent.locks.AbstractQueuedSynchronizer$ConditionObject.await(AbstractQueuedSynchronizer.java:2039)
        at java.util.concurrent.LinkedBlockingQueue.take(LinkedBlockingQueue.java:442)
        at java.util.concurrent.ThreadPoolExecutor.getTask(ThreadPoolExecutor.java:1074)
        at java.util.concurrent.ThreadPoolExecutor.runWorker(ThreadPoolExecutor.java:1134)
        at java.util.concurrent.ThreadPoolExecutor$Worker.run(ThreadPoolExecutor.java:624)
        at java.lang.Thread.run(Thread.java:750)
"Datanode State Machine Task Thread - 1"  prio=5 tid=518 in Object.wait()
java.lang.Thread.State: WAITING (on object monitor)
        at sun.misc.Unsafe.park(Native Method)
        at java.util.concurrent.locks.LockSupport.park(LockSupport.java:175)
        at java.util.concurrent.locks.AbstractQueuedSynchronizer$ConditionObject.await(AbstractQueuedSynchronizer.java:2039)
        at java.util.concurrent.LinkedBlockingQueue.take(LinkedBlockingQueue.java:442)
        at java.util.concurrent.ThreadPoolExecutor.getTask(ThreadPoolExecutor.java:1074)
        at java.util.concurrent.ThreadPoolExecutor.runWorker(ThreadPoolExecutor.java:1134)
        at java.util.concurrent.ThreadPoolExecutor$Worker.run(ThreadPoolExecutor.java:624)
        at java.lang.Thread.run(Thread.java:750)
"qtp563908089-356-acceptor-0@7ae76ff6-ServerConnector@3ab4abce{HTTP/1.1, (http/1.1)}{0.0.0.0:33059}" daemon prio=3 tid=356 runnable
java.lang.Thread.State: RUNNABLE
        at sun.nio.ch.ServerSocketChannelImpl.accept0(Native Method)
        at sun.nio.ch.ServerSocketChannelImpl.accept(ServerSocketChannelImpl.java:421)
        at sun.nio.ch.ServerSocketChannelImpl.accept(ServerSocketChannelImpl.java:249)
        at org.eclipse.jetty.server.ServerConnector.accept(ServerConnector.java:388)
        at org.eclipse.jetty.server.AbstractConnector$Acceptor.run(AbstractConnector.java:704)
        at org.eclipse.jetty.util.thread.QueuedThreadPool.runJob(QueuedThreadPool.java:883)
        at org.eclipse.jetty.util.thread.QueuedThreadPool$Runner.run(QueuedThreadPool.java:1034)
        at java.lang.Thread.run(Thread.java:750)
"StaleRecoveringContainerScrubbingService#2" daemon prio=5 tid=858 in Object.wait()
java.lang.Thread.State: WAITING (on object monitor)
        at sun.misc.Unsafe.park(Native Method)
        at java.util.concurrent.locks.LockSupport.park(LockSupport.java:175)
        at java.util.concurrent.locks.AbstractQueuedSynchronizer$ConditionObject.await(AbstractQueuedSynchronizer.java:2039)
        at java.util.concurrent.ScheduledThreadPoolExecutor$DelayedWorkQueue.take(ScheduledThreadPoolExecutor.java:1088)
        at java.util.concurrent.ScheduledThreadPoolExecutor$DelayedWorkQueue.take(ScheduledThreadPoolExecutor.java:809)
        at java.util.concurrent.ThreadPoolExecutor.getTask(ThreadPoolExecutor.java:1074)
        at java.util.concurrent.ThreadPoolExecutor.runWorker(ThreadPoolExecutor.java:1134)
        at java.util.concurrent.ThreadPoolExecutor$Worker.run(ThreadPoolExecutor.java:624)
        at java.lang.Thread.run(Thread.java:750)
"ChunkWriter-2-0" daemon prio=5 tid=368 in Object.wait()
java.lang.Thread.State: WAITING (on object monitor)
        at sun.misc.Unsafe.park(Native Method)
        at java.util.concurrent.locks.LockSupport.park(LockSupport.java:175)
        at java.util.concurrent.locks.AbstractQueuedSynchronizer$ConditionObject.await(AbstractQueuedSynchronizer.java:2039)
        at java.util.concurrent.LinkedBlockingDeque.takeFirst(LinkedBlockingDeque.java:492)
        at java.util.concurrent.LinkedBlockingDeque.take(LinkedBlockingDeque.java:680)
        at java.util.concurrent.ThreadPoolExecutor.getTask(ThreadPoolExecutor.java:1074)
        at java.util.concurrent.ThreadPoolExecutor.runWorker(ThreadPoolExecutor.java:1134)
        at java.util.concurrent.ThreadPoolExecutor$Worker.run(ThreadPoolExecutor.java:624)
        at java.lang.Thread.run(Thread.java:750)
"ChunkWriter-0-0" daemon prio=5 tid=520 in Object.wait()
java.lang.Thread.State: WAITING (on object monitor)
        at sun.misc.Unsafe.park(Native Method)
        at java.util.concurrent.locks.LockSupport.park(LockSupport.java:175)
        at java.util.concurrent.locks.AbstractQueuedSynchronizer$ConditionObject.await(AbstractQueuedSynchronizer.java:2039)
        at java.util.concurrent.LinkedBlockingDeque.takeFirst(LinkedBlockingDeque.java:492)
        at java.util.concurrent.LinkedBlockingDeque.take(LinkedBlockingDeque.java:680)
        at java.util.concurrent.ThreadPoolExecutor.getTask(ThreadPoolExecutor.java:1074)
        at java.util.concurrent.ThreadPoolExecutor.runWorker(ThreadPoolExecutor.java:1134)
        at java.util.concurrent.ThreadPoolExecutor$Worker.run(ThreadPoolExecutor.java:624)
        at java.lang.Thread.run(Thread.java:750)
"prometheus" daemon prio=5 tid=119 in Object.wait()
java.lang.Thread.State: WAITING (on object monitor)
        at java.lang.Object.wait(Native Method)
        at java.lang.Object.wait(Object.java:502)
        at org.apache.hadoop.metrics2.impl.SinkQueue.waitForData(SinkQueue.java:114)
        at org.apache.hadoop.metrics2.impl.SinkQueue.consumeAll(SinkQueue.java:83)
        at org.apache.hadoop.metrics2.impl.MetricsSinkAdapter.publishMetricsFromQueue(MetricsSinkAdapter.java:135)
        at org.apache.hadoop.metrics2.impl.MetricsSinkAdapter$1.run(MetricsSinkAdapter.java:89)
"ExpiredContainerReplicaOpScrubberThread" daemon prio=5 tid=17 timed_waiting
java.lang.Thread.State: TIMED_WAITING
        at java.lang.Object.wait(Native Method)
        at org.apache.hadoop.hdds.scm.ha.BackgroundSCMService.run(BackgroundSCMService.java:110)
        at org.apache.hadoop.hdds.scm.ha.BackgroundSCMService$$Lambda$375/269287960.run(Unknown Source)
        at java.lang.Thread.run(Thread.java:750)
"pool-64-thread-1" daemon prio=5 tid=178 timed_waiting
java.lang.Thread.State: TIMED_WAITING
        at sun.misc.Unsafe.park(Native Method)
        at java.util.concurrent.locks.LockSupport.parkNanos(LockSupport.java:215)
        at java.util.concurrent.locks.AbstractQueuedSynchronizer$ConditionObject.awaitNanos(AbstractQueuedSynchronizer.java:2078)
        at java.util.concurrent.ScheduledThreadPoolExecutor$DelayedWorkQueue.take(ScheduledThreadPoolExecutor.java:1093)
        at java.util.concurrent.ScheduledThreadPoolExecutor$DelayedWorkQueue.take(ScheduledThreadPoolExecutor.java:809)
        at java.util.concurrent.ThreadPoolExecutor.getTask(ThreadPoolExecutor.java:1074)
        at java.util.concurrent.ThreadPoolExecutor.runWorker(ThreadPoolExecutor.java:1134)
        at java.util.concurrent.ThreadPoolExecutor$Worker.run(ThreadPoolExecutor.java:624)
        at java.lang.Thread.run(Thread.java:750)
"ChunkReader-2" daemon prio=5 tid=785 in Object.wait()
java.lang.Thread.State: WAITING (on object monitor)
        at sun.misc.Unsafe.park(Native Method)
        at java.util.concurrent.locks.LockSupport.park(LockSupport.java:175)
        at java.util.concurrent.locks.AbstractQueuedSynchronizer$ConditionObject.await(AbstractQueuedSynchronizer.java:2039)
        at java.util.concurrent.LinkedBlockingQueue.take(LinkedBlockingQueue.java:442)
        at java.util.concurrent.ThreadPoolExecutor.getTask(ThreadPoolExecutor.java:1074)
        at java.util.concurrent.ThreadPoolExecutor.runWorker(ThreadPoolExecutor.java:1134)
        at java.util.concurrent.ThreadPoolExecutor$Worker.run(ThreadPoolExecutor.java:624)
        at java.lang.Thread.run(Thread.java:750)
"StaleRecoveringContainerScrubbingService#2" daemon prio=5 tid=853 in Object.wait()
java.lang.Thread.State: WAITING (on object monitor)
        at sun.misc.Unsafe.park(Native Method)
        at java.util.concurrent.locks.LockSupport.park(LockSupport.java:175)
        at java.util.concurrent.locks.AbstractQueuedSynchronizer$ConditionObject.await(AbstractQueuedSynchronizer.java:2039)
        at java.util.concurrent.ScheduledThreadPoolExecutor$DelayedWorkQueue.take(ScheduledThreadPoolExecutor.java:1088)
        at java.util.concurrent.ScheduledThreadPoolExecutor$DelayedWorkQueue.take(ScheduledThreadPoolExecutor.java:809)
        at java.util.concurrent.ThreadPoolExecutor.getTask(ThreadPoolExecutor.java:1074)
        at java.util.concurrent.ThreadPoolExecutor.runWorker(ThreadPoolExecutor.java:1134)
        at java.util.concurrent.ThreadPoolExecutor$Worker.run(ThreadPoolExecutor.java:624)
        at java.lang.Thread.run(Thread.java:750)
"4c8c7e9c-fcb8-4cf5-b401-3fb7accb4cdc@group-199B584234DF-FollowerState" daemon prio=5 tid=742 timed_waiting
java.lang.Thread.State: TIMED_WAITING
        at java.lang.Thread.sleep(Native Method)
        at java.lang.Thread.sleep(Thread.java:342)
        at java.util.concurrent.TimeUnit.sleep(TimeUnit.java:386)
        at org.apache.ratis.util.TimeDuration.sleep(TimeDuration.java:325)
        at org.apache.ratis.util.TimeDuration.sleep(TimeDuration.java:310)
        at org.apache.ratis.server.impl.FollowerState.run(FollowerState.java:128)
"EndpointStateMachine task thread for /0.0.0.0:41185 - 0 "  prio=5 tid=531 in Object.wait()
java.lang.Thread.State: WAITING (on object monitor)
        at sun.misc.Unsafe.park(Native Method)
        at java.util.concurrent.locks.LockSupport.park(LockSupport.java:175)
        at java.util.concurrent.locks.AbstractQueuedSynchronizer$ConditionObject.await(AbstractQueuedSynchronizer.java:2039)
        at java.util.concurrent.LinkedBlockingQueue.take(LinkedBlockingQueue.java:442)
        at java.util.concurrent.ThreadPoolExecutor.getTask(ThreadPoolExecutor.java:1074)
        at java.util.concurrent.ThreadPoolExecutor.runWorker(ThreadPoolExecutor.java:1134)
        at java.util.concurrent.ThreadPoolExecutor$Worker.run(ThreadPoolExecutor.java:624)
        at java.lang.Thread.run(Thread.java:750)
"qtp1166478592-270" daemon prio=5 tid=270 timed_waiting
java.lang.Thread.State: TIMED_WAITING
        at sun.misc.Unsafe.park(Native Method)
        at java.util.concurrent.locks.LockSupport.parkNanos(LockSupport.java:215)
        at java.util.concurrent.locks.AbstractQueuedSynchronizer$ConditionObject.awaitNanos(AbstractQueuedSynchronizer.java:2078)
        at org.eclipse.jetty.util.BlockingArrayQueue.poll(BlockingArrayQueue.java:382)
        at org.eclipse.jetty.util.thread.QueuedThreadPool$Runner.idleJobPoll(QueuedThreadPool.java:974)
        at org.eclipse.jetty.util.thread.QueuedThreadPool$Runner.run(QueuedThreadPool.java:1018)
        at java.lang.Thread.run(Thread.java:750)
"grpc-default-boss-ELG-1-1" daemon prio=5 tid=138 runnable
java.lang.Thread.State: RUNNABLE
        at org.apache.ratis.thirdparty.io.netty.channel.epoll.Native.epollWait(Native Method)
        at org.apache.ratis.thirdparty.io.netty.channel.epoll.Native.epollWait(Native.java:209)
        at org.apache.ratis.thirdparty.io.netty.channel.epoll.Native.epollWait(Native.java:202)
        at org.apache.ratis.thirdparty.io.netty.channel.epoll.EpollEventLoop.epollWaitNoTimerChange(EpollEventLoop.java:294)
        at org.apache.ratis.thirdparty.io.netty.channel.epoll.EpollEventLoop.run(EpollEventLoop.java:351)
        at org.apache.ratis.thirdparty.io.netty.util.concurrent.SingleThreadEventExecutor$4.run(SingleThreadEventExecutor.java:995)
        at org.apache.ratis.thirdparty.io.netty.util.internal.ThreadExecutorMap$2.run(ThreadExecutorMap.java:74)
        at org.apache.ratis.thirdparty.io.netty.util.concurrent.FastThreadLocalRunnable.run(FastThreadLocalRunnable.java:30)
        at java.lang.Thread.run(Thread.java:750)
"b6bc655b-a75f-4a95-a86c-7969b7c6987b@group-26F38406CDA9->f7350d57-8232-4853-9d4b-5861d033a2e4-GrpcLogAppender-LogAppenderDaemon" daemon prio=5 tid=715 timed_waiting
java.lang.Thread.State: TIMED_WAITING
        at sun.misc.Unsafe.park(Native Method)
        at java.util.concurrent.locks.LockSupport.parkNanos(LockSupport.java:215)
        at java.util.concurrent.CompletableFuture$Signaller.block(CompletableFuture.java:1709)
        at java.util.concurrent.ForkJoinPool.managedBlock(ForkJoinPool.java:3323)
        at java.util.concurrent.CompletableFuture.timedGet(CompletableFuture.java:1788)
        at java.util.concurrent.CompletableFuture.get(CompletableFuture.java:1928)
        at org.apache.ratis.util.AwaitForSignal.await(AwaitForSignal.java:56)
        at org.apache.ratis.grpc.server.GrpcLogAppender.mayWait(GrpcLogAppender.java:198)
        at org.apache.ratis.grpc.server.GrpcLogAppender.run(GrpcLogAppender.java:148)
        at org.apache.ratis.server.leader.LogAppenderDaemon.run(LogAppenderDaemon.java:78)
        at org.apache.ratis.server.leader.LogAppenderDaemon$$Lambda$1039/1183590628.run(Unknown Source)
        at java.lang.Thread.run(Thread.java:750)
"qtp36960764-399" daemon prio=5 tid=399 timed_waiting
java.lang.Thread.State: TIMED_WAITING
        at sun.misc.Unsafe.park(Native Method)
        at java.util.concurrent.locks.LockSupport.parkNanos(LockSupport.java:215)
        at java.util.concurrent.locks.AbstractQueuedSynchronizer$ConditionObject.awaitNanos(AbstractQueuedSynchronizer.java:2078)
        at org.eclipse.jetty.util.BlockingArrayQueue.poll(BlockingArrayQueue.java:382)
        at org.eclipse.jetty.util.thread.QueuedThreadPool$Runner.idleJobPoll(QueuedThreadPool.java:974)
        at org.eclipse.jetty.util.thread.QueuedThreadPool$Runner.run(QueuedThreadPool.java:1018)
        at java.lang.Thread.run(Thread.java:750)
"pool-72-thread-1"  prio=5 tid=567 in Object.wait()
java.lang.Thread.State: WAITING (on object monitor)
        at sun.misc.Unsafe.park(Native Method)
        at java.util.concurrent.locks.LockSupport.park(LockSupport.java:175)
        at java.util.concurrent.locks.AbstractQueuedSynchronizer$ConditionObject.await(AbstractQueuedSynchronizer.java:2039)
        at java.util.concurrent.LinkedBlockingQueue.take(LinkedBlockingQueue.java:442)
        at java.util.concurrent.ThreadPoolExecutor.getTask(ThreadPoolExecutor.java:1074)
        at java.util.concurrent.ThreadPoolExecutor.runWorker(ThreadPoolExecutor.java:1134)
        at java.util.concurrent.ThreadPoolExecutor$Worker.run(ThreadPoolExecutor.java:624)
        at java.lang.Thread.run(Thread.java:750)
"IPC Server handler 8 on default port 43027" daemon prio=5 tid=55 timed_waiting
java.lang.Thread.State: TIMED_WAITING
        at sun.misc.Unsafe.park(Native Method)
        at java.util.concurrent.locks.LockSupport.parkNanos(LockSupport.java:215)
        at java.util.concurrent.locks.AbstractQueuedSynchronizer$ConditionObject.awaitNanos(AbstractQueuedSynchronizer.java:2078)
        at java.util.concurrent.LinkedBlockingQueue.poll(LinkedBlockingQueue.java:467)
        at org.apache.hadoop.ipc.CallQueueManager.take(CallQueueManager.java:317)
        at org.apache.hadoop.ipc.Server$Handler.run(Server.java:2942)
"Session-HouseKeeper-571c90a8-1"  prio=5 tid=272 timed_waiting
java.lang.Thread.State: TIMED_WAITING
        at sun.misc.Unsafe.park(Native Method)
        at java.util.concurrent.locks.LockSupport.parkNanos(LockSupport.java:215)
        at java.util.concurrent.locks.AbstractQueuedSynchronizer$ConditionObject.awaitNanos(AbstractQueuedSynchronizer.java:2078)
        at java.util.concurrent.ScheduledThreadPoolExecutor$DelayedWorkQueue.take(ScheduledThreadPoolExecutor.java:1093)
        at java.util.concurrent.ScheduledThreadPoolExecutor$DelayedWorkQueue.take(ScheduledThreadPoolExecutor.java:809)
        at java.util.concurrent.ThreadPoolExecutor.getTask(ThreadPoolExecutor.java:1074)
        at java.util.concurrent.ThreadPoolExecutor.runWorker(ThreadPoolExecutor.java:1134)
        at java.util.concurrent.ThreadPoolExecutor$Worker.run(ThreadPoolExecutor.java:624)
        at java.lang.Thread.run(Thread.java:750)
"BlockDeletingService#2" daemon prio=5 tid=863 in Object.wait()
java.lang.Thread.State: WAITING (on object monitor)
        at sun.misc.Unsafe.park(Native Method)
        at java.util.concurrent.locks.LockSupport.park(LockSupport.java:175)
        at java.util.concurrent.locks.AbstractQueuedSynchronizer$ConditionObject.await(AbstractQueuedSynchronizer.java:2039)
        at java.util.concurrent.ScheduledThreadPoolExecutor$DelayedWorkQueue.take(ScheduledThreadPoolExecutor.java:1088)
        at java.util.concurrent.ScheduledThreadPoolExecutor$DelayedWorkQueue.take(ScheduledThreadPoolExecutor.java:809)
        at java.util.concurrent.ThreadPoolExecutor.getTask(ThreadPoolExecutor.java:1074)
        at java.util.concurrent.ThreadPoolExecutor.runWorker(ThreadPoolExecutor.java:1134)
        at java.util.concurrent.ThreadPoolExecutor$Worker.run(ThreadPoolExecutor.java:624)
        at java.lang.Thread.run(Thread.java:750)
"f7350d57-8232-4853-9d4b-5861d033a2e4@group-1C8420390690-StateMachineUpdater" daemon prio=5 tid=590 timed_waiting
java.lang.Thread.State: TIMED_WAITING
        at sun.misc.Unsafe.park(Native Method)
        at java.util.concurrent.locks.LockSupport.parkNanos(LockSupport.java:215)
        at java.util.concurrent.CompletableFuture$Signaller.block(CompletableFuture.java:1709)
        at java.util.concurrent.ForkJoinPool.managedBlock(ForkJoinPool.java:3323)
        at java.util.concurrent.CompletableFuture.timedGet(CompletableFuture.java:1788)
        at java.util.concurrent.CompletableFuture.get(CompletableFuture.java:1928)
        at org.apache.ratis.util.AwaitForSignal.await(AwaitForSignal.java:56)
        at org.apache.ratis.server.impl.StateMachineUpdater.waitForCommit(StateMachineUpdater.java:207)
        at org.apache.ratis.server.impl.StateMachineUpdater.run(StateMachineUpdater.java:176)
        at java.lang.Thread.run(Thread.java:750)
"pool-150-thread-1"  prio=5 tid=263 timed_waiting
java.lang.Thread.State: TIMED_WAITING
        at sun.misc.Unsafe.park(Native Method)
        at java.util.concurrent.locks.LockSupport.parkNanos(LockSupport.java:215)
        at java.util.concurrent.locks.AbstractQueuedSynchronizer$ConditionObject.awaitNanos(AbstractQueuedSynchronizer.java:2078)
        at java.util.concurrent.ScheduledThreadPoolExecutor$DelayedWorkQueue.take(ScheduledThreadPoolExecutor.java:1093)
        at java.util.concurrent.ScheduledThreadPoolExecutor$DelayedWorkQueue.take(ScheduledThreadPoolExecutor.java:809)
        at java.util.concurrent.ThreadPoolExecutor.getTask(ThreadPoolExecutor.java:1074)
        at java.util.concurrent.ThreadPoolExecutor.runWorker(ThreadPoolExecutor.java:1134)
        at java.util.concurrent.ThreadPoolExecutor$Worker.run(ThreadPoolExecutor.java:624)
        at java.lang.Thread.run(Thread.java:750)
"pool-241-thread-1"  prio=5 tid=653 in Object.wait()
java.lang.Thread.State: WAITING (on object monitor)
        at sun.misc.Unsafe.park(Native Method)
        at java.util.concurrent.locks.LockSupport.park(LockSupport.java:175)
        at java.util.concurrent.locks.AbstractQueuedSynchronizer$ConditionObject.await(AbstractQueuedSynchronizer.java:2039)
        at java.util.concurrent.LinkedBlockingQueue.take(LinkedBlockingQueue.java:442)
        at java.util.concurrent.ThreadPoolExecutor.getTask(ThreadPoolExecutor.java:1074)
        at java.util.concurrent.ThreadPoolExecutor.runWorker(ThreadPoolExecutor.java:1134)
        at java.util.concurrent.ThreadPoolExecutor$Worker.run(ThreadPoolExecutor.java:624)
        at java.lang.Thread.run(Thread.java:750)
"StaleRecoveringContainerScrubbingService#0" daemon prio=5 tid=565 in Object.wait()
java.lang.Thread.State: WAITING (on object monitor)
        at sun.misc.Unsafe.park(Native Method)
        at java.util.concurrent.locks.LockSupport.park(LockSupport.java:175)
        at java.util.concurrent.locks.AbstractQueuedSynchronizer$ConditionObject.await(AbstractQueuedSynchronizer.java:2039)
        at java.util.concurrent.ScheduledThreadPoolExecutor$DelayedWorkQueue.take(ScheduledThreadPoolExecutor.java:1088)
        at java.util.concurrent.ScheduledThreadPoolExecutor$DelayedWorkQueue.take(ScheduledThreadPoolExecutor.java:809)
        at java.util.concurrent.ThreadPoolExecutor.getTask(ThreadPoolExecutor.java:1074)
        at java.util.concurrent.ThreadPoolExecutor.runWorker(ThreadPoolExecutor.java:1134)
        at java.util.concurrent.ThreadPoolExecutor$Worker.run(ThreadPoolExecutor.java:624)
        at java.lang.Thread.run(Thread.java:750)
"a8ad72fe-b4a4-4d4d-9a7f-b9692428a970@group-D14C5171AF91-StateMachineUpdater" daemon prio=5 tid=649 timed_waiting
java.lang.Thread.State: TIMED_WAITING
        at sun.misc.Unsafe.park(Native Method)
        at java.util.concurrent.locks.LockSupport.parkNanos(LockSupport.java:215)
        at java.util.concurrent.CompletableFuture$Signaller.block(CompletableFuture.java:1709)
        at java.util.concurrent.ForkJoinPool.managedBlock(ForkJoinPool.java:3323)
        at java.util.concurrent.CompletableFuture.timedGet(CompletableFuture.java:1788)
        at java.util.concurrent.CompletableFuture.get(CompletableFuture.java:1928)
        at org.apache.ratis.util.AwaitForSignal.await(AwaitForSignal.java:56)
        at org.apache.ratis.server.impl.StateMachineUpdater.waitForCommit(StateMachineUpdater.java:207)
        at org.apache.ratis.server.impl.StateMachineUpdater.run(StateMachineUpdater.java:176)
        at java.lang.Thread.run(Thread.java:750)
"grpc-default-executor-3" daemon prio=5 tid=704 timed_waiting
java.lang.Thread.State: TIMED_WAITING
        at sun.misc.Unsafe.park(Native Method)
        at java.util.concurrent.locks.LockSupport.parkNanos(LockSupport.java:215)
        at java.util.concurrent.SynchronousQueue$TransferStack.awaitFulfill(SynchronousQueue.java:460)
        at java.util.concurrent.SynchronousQueue$TransferStack.transfer(SynchronousQueue.java:362)
        at java.util.concurrent.SynchronousQueue.poll(SynchronousQueue.java:941)
        at java.util.concurrent.ThreadPoolExecutor.getTask(ThreadPoolExecutor.java:1073)
        at java.util.concurrent.ThreadPoolExecutor.runWorker(ThreadPoolExecutor.java:1134)
        at java.util.concurrent.ThreadPoolExecutor$Worker.run(ThreadPoolExecutor.java:624)
        at java.lang.Thread.run(Thread.java:750)
"qtp230464909-188" daemon prio=5 tid=188 timed_waiting
java.lang.Thread.State: TIMED_WAITING
        at sun.misc.Unsafe.park(Native Method)
        at java.util.concurrent.locks.LockSupport.parkNanos(LockSupport.java:215)
        at java.util.concurrent.locks.AbstractQueuedSynchronizer$ConditionObject.awaitNanos(AbstractQueuedSynchronizer.java:2078)
        at org.eclipse.jetty.util.BlockingArrayQueue.poll(BlockingArrayQueue.java:382)
        at org.eclipse.jetty.util.thread.QueuedThreadPool$Runner.idleJobPoll(QueuedThreadPool.java:974)
        at org.eclipse.jetty.util.thread.QueuedThreadPool$Runner.run(QueuedThreadPool.java:1018)
        at java.lang.Thread.run(Thread.java:750)
"IPC Server handler 7 on default port 43027" daemon prio=5 tid=54 timed_waiting
java.lang.Thread.State: TIMED_WAITING
        at sun.misc.Unsafe.park(Native Method)
        at java.util.concurrent.locks.LockSupport.parkNanos(LockSupport.java:215)
        at java.util.concurrent.locks.AbstractQueuedSynchronizer$ConditionObject.awaitNanos(AbstractQueuedSynchronizer.java:2078)
        at java.util.concurrent.LinkedBlockingQueue.poll(LinkedBlockingQueue.java:467)
        at org.apache.hadoop.ipc.CallQueueManager.take(CallQueueManager.java:317)
        at org.apache.hadoop.ipc.Server$Handler.run(Server.java:2942)
"qtp1097955717-475" daemon prio=5 tid=475 timed_waiting
java.lang.Thread.State: TIMED_WAITING
        at sun.misc.Unsafe.park(Native Method)
        at java.util.concurrent.locks.LockSupport.parkNanos(LockSupport.java:215)
        at java.util.concurrent.locks.AbstractQueuedSynchronizer$ConditionObject.awaitNanos(AbstractQueuedSynchronizer.java:2078)
        at org.eclipse.jetty.util.BlockingArrayQueue.poll(BlockingArrayQueue.java:382)
        at org.eclipse.jetty.util.thread.QueuedThreadPool$Runner.idleJobPoll(QueuedThreadPool.java:974)
        at org.eclipse.jetty.util.thread.QueuedThreadPool$Runner.run(QueuedThreadPool.java:1018)
        at java.lang.Thread.run(Thread.java:750)
"IPC Server handler 12 on default port 43027" daemon prio=5 tid=59 timed_waiting
java.lang.Thread.State: TIMED_WAITING
        at sun.misc.Unsafe.park(Native Method)
        at java.util.concurrent.locks.LockSupport.parkNanos(LockSupport.java:215)
        at java.util.concurrent.locks.AbstractQueuedSynchronizer$ConditionObject.awaitNanos(AbstractQueuedSynchronizer.java:2078)
        at java.util.concurrent.LinkedBlockingQueue.poll(LinkedBlockingQueue.java:467)
        at org.apache.hadoop.ipc.CallQueueManager.take(CallQueueManager.java:317)
        at org.apache.hadoop.ipc.Server$Handler.run(Server.java:2942)
"f7350d57-8232-4853-9d4b-5861d033a2e4-server-thread1" daemon prio=5 tid=694 timed_waiting
java.lang.Thread.State: TIMED_WAITING
        at sun.misc.Unsafe.park(Native Method)
        at java.util.concurrent.locks.LockSupport.parkNanos(LockSupport.java:215)
        at java.util.concurrent.SynchronousQueue$TransferStack.awaitFulfill(SynchronousQueue.java:460)
        at java.util.concurrent.SynchronousQueue$TransferStack.transfer(SynchronousQueue.java:362)
        at java.util.concurrent.SynchronousQueue.poll(SynchronousQueue.java:941)
        at java.util.concurrent.ThreadPoolExecutor.getTask(ThreadPoolExecutor.java:1073)
        at java.util.concurrent.ThreadPoolExecutor.runWorker(ThreadPoolExecutor.java:1134)
        at java.util.concurrent.ThreadPoolExecutor$Worker.run(ThreadPoolExecutor.java:624)
        at java.lang.Thread.run(Thread.java:750)
"4c8c7e9c-fcb8-4cf5-b401-3fb7accb4cdc@group-199B584234DF-SegmentedRaftLogWorker"  prio=5 tid=632 timed_waiting
java.lang.Thread.State: TIMED_WAITING
        at sun.misc.Unsafe.park(Native Method)
        at java.util.concurrent.locks.LockSupport.parkNanos(LockSupport.java:215)
        at java.util.concurrent.locks.AbstractQueuedSynchronizer$ConditionObject.awaitNanos(AbstractQueuedSynchronizer.java:2078)
        at org.apache.ratis.util.DataBlockingQueue.poll(DataBlockingQueue.java:148)
        at org.apache.ratis.server.raftlog.segmented.SegmentedRaftLogWorker.run(SegmentedRaftLogWorker.java:310)
        at org.apache.ratis.server.raftlog.segmented.SegmentedRaftLogWorker$$Lambda$665/990731450.run(Unknown Source)
        at java.lang.Thread.run(Thread.java:750)
"PartialTableCache Cleanup Thread - 0" daemon prio=5 tid=850 in Object.wait()
java.lang.Thread.State: WAITING (on object monitor)
        at sun.misc.Unsafe.park(Native Method)
        at java.util.concurrent.locks.LockSupport.park(LockSupport.java:175)
        at java.util.concurrent.locks.AbstractQueuedSynchronizer$ConditionObject.await(AbstractQueuedSynchronizer.java:2039)
        at java.util.concurrent.LinkedBlockingQueue.take(LinkedBlockingQueue.java:442)
        at java.util.concurrent.ThreadPoolExecutor.getTask(ThreadPoolExecutor.java:1074)
        at java.util.concurrent.ThreadPoolExecutor.runWorker(ThreadPoolExecutor.java:1134)
        at java.util.concurrent.ThreadPoolExecutor$Worker.run(ThreadPoolExecutor.java:624)
        at java.lang.Thread.run(Thread.java:750)
"qtp329849858-293" daemon prio=5 tid=293 timed_waiting
java.lang.Thread.State: TIMED_WAITING
        at sun.misc.Unsafe.park(Native Method)
        at java.util.concurrent.locks.LockSupport.parkNanos(LockSupport.java:215)
        at java.util.concurrent.locks.AbstractQueuedSynchronizer$ConditionObject.awaitNanos(AbstractQueuedSynchronizer.java:2078)
        at org.eclipse.jetty.util.BlockingArrayQueue.poll(BlockingArrayQueue.java:382)
        at org.eclipse.jetty.util.thread.QueuedThreadPool$Runner.idleJobPoll(QueuedThreadPool.java:974)
        at org.eclipse.jetty.util.thread.QueuedThreadPool$Runner.run(QueuedThreadPool.java:1018)
        at java.lang.Thread.run(Thread.java:750)
"Datanode State Machine Task Thread - 0"  prio=5 tid=422 in Object.wait()
java.lang.Thread.State: WAITING (on object monitor)
        at sun.misc.Unsafe.park(Native Method)
        at java.util.concurrent.locks.LockSupport.park(LockSupport.java:175)
        at java.util.concurrent.locks.AbstractQueuedSynchronizer$ConditionObject.await(AbstractQueuedSynchronizer.java:2039)
        at java.util.concurrent.LinkedBlockingQueue.take(LinkedBlockingQueue.java:442)
        at java.util.concurrent.ThreadPoolExecutor.getTask(ThreadPoolExecutor.java:1074)
        at java.util.concurrent.ThreadPoolExecutor.runWorker(ThreadPoolExecutor.java:1134)
        at java.util.concurrent.ThreadPoolExecutor$Worker.run(ThreadPoolExecutor.java:624)
        at java.lang.Thread.run(Thread.java:750)
"pool-180-thread-1" daemon prio=5 tid=314 timed_waiting
java.lang.Thread.State: TIMED_WAITING
        at sun.misc.Unsafe.park(Native Method)
        at java.util.concurrent.locks.LockSupport.parkNanos(LockSupport.java:215)
        at java.util.concurrent.locks.AbstractQueuedSynchronizer$ConditionObject.awaitNanos(AbstractQueuedSynchronizer.java:2078)
        at java.util.concurrent.ScheduledThreadPoolExecutor$DelayedWorkQueue.take(ScheduledThreadPoolExecutor.java:1093)
        at java.util.concurrent.ScheduledThreadPoolExecutor$DelayedWorkQueue.take(ScheduledThreadPoolExecutor.java:809)
        at java.util.concurrent.ThreadPoolExecutor.getTask(ThreadPoolExecutor.java:1074)
        at java.util.concurrent.ThreadPoolExecutor.runWorker(ThreadPoolExecutor.java:1134)
        at java.util.concurrent.ThreadPoolExecutor$Worker.run(ThreadPoolExecutor.java:624)
        at java.lang.Thread.run(Thread.java:750)
"IPC Server handler 6 on default port 43027" daemon prio=5 tid=53 timed_waiting
java.lang.Thread.State: TIMED_WAITING
        at sun.misc.Unsafe.park(Native Method)
        at java.util.concurrent.locks.LockSupport.parkNanos(LockSupport.java:215)
        at java.util.concurrent.locks.AbstractQueuedSynchronizer$ConditionObject.awaitNanos(AbstractQueuedSynchronizer.java:2078)
        at java.util.concurrent.LinkedBlockingQueue.poll(LinkedBlockingQueue.java:467)
        at org.apache.hadoop.ipc.CallQueueManager.take(CallQueueManager.java:317)
        at org.apache.hadoop.ipc.Server$Handler.run(Server.java:2942)
"ChunkReader-3" daemon prio=5 tid=787 in Object.wait()
java.lang.Thread.State: WAITING (on object monitor)
        at sun.misc.Unsafe.park(Native Method)
        at java.util.concurrent.locks.LockSupport.park(LockSupport.java:175)
        at java.util.concurrent.locks.AbstractQueuedSynchronizer$ConditionObject.await(AbstractQueuedSynchronizer.java:2039)
        at java.util.concurrent.LinkedBlockingQueue.take(LinkedBlockingQueue.java:442)
        at java.util.concurrent.ThreadPoolExecutor.getTask(ThreadPoolExecutor.java:1074)
        at java.util.concurrent.ThreadPoolExecutor.runWorker(ThreadPoolExecutor.java:1134)
        at java.util.concurrent.ThreadPoolExecutor$Worker.run(ThreadPoolExecutor.java:624)
        at java.lang.Thread.run(Thread.java:750)
"ChunkReader-3" daemon prio=5 tid=789 in Object.wait()
java.lang.Thread.State: WAITING (on object monitor)
        at sun.misc.Unsafe.park(Native Method)
        at java.util.concurrent.locks.LockSupport.park(LockSupport.java:175)
        at java.util.concurrent.locks.AbstractQueuedSynchronizer$ConditionObject.await(AbstractQueuedSynchronizer.java:2039)
        at java.util.concurrent.LinkedBlockingQueue.take(LinkedBlockingQueue.java:442)
        at java.util.concurrent.ThreadPoolExecutor.getTask(ThreadPoolExecutor.java:1074)
        at java.util.concurrent.ThreadPoolExecutor.runWorker(ThreadPoolExecutor.java:1134)
        at java.util.concurrent.ThreadPoolExecutor$Worker.run(ThreadPoolExecutor.java:624)
        at java.lang.Thread.run(Thread.java:750)
"IPC Server handler 3 on default port 43027" daemon prio=5 tid=50 timed_waiting
java.lang.Thread.State: TIMED_WAITING
        at sun.misc.Unsafe.park(Native Method)
        at java.util.concurrent.locks.LockSupport.parkNanos(LockSupport.java:215)
        at java.util.concurrent.locks.AbstractQueuedSynchronizer$ConditionObject.awaitNanos(AbstractQueuedSynchronizer.java:2078)
        at java.util.concurrent.LinkedBlockingQueue.poll(LinkedBlockingQueue.java:467)
        at org.apache.hadoop.ipc.CallQueueManager.take(CallQueueManager.java:317)
        at org.apache.hadoop.ipc.Server$Handler.run(Server.java:2942)
"ChunkWriter-3-0" daemon prio=5 tid=483 in Object.wait()
java.lang.Thread.State: WAITING (on object monitor)
        at sun.misc.Unsafe.park(Native Method)
        at java.util.concurrent.locks.LockSupport.park(LockSupport.java:175)
        at java.util.concurrent.locks.AbstractQueuedSynchronizer$ConditionObject.await(AbstractQueuedSynchronizer.java:2039)
        at java.util.concurrent.LinkedBlockingDeque.takeFirst(LinkedBlockingDeque.java:492)
        at java.util.concurrent.LinkedBlockingDeque.take(LinkedBlockingDeque.java:680)
        at java.util.concurrent.ThreadPoolExecutor.getTask(ThreadPoolExecutor.java:1074)
        at java.util.concurrent.ThreadPoolExecutor.runWorker(ThreadPoolExecutor.java:1134)
        at java.util.concurrent.ThreadPoolExecutor$Worker.run(ThreadPoolExecutor.java:624)
        at java.lang.Thread.run(Thread.java:750)
"qtp1108487976-151" daemon prio=5 tid=151 timed_waiting
java.lang.Thread.State: TIMED_WAITING
        at sun.misc.Unsafe.park(Native Method)
        at java.util.concurrent.locks.LockSupport.parkNanos(LockSupport.java:215)
        at java.util.concurrent.locks.AbstractQueuedSynchronizer$ConditionObject.awaitNanos(AbstractQueuedSynchronizer.java:2078)
        at org.eclipse.jetty.util.BlockingArrayQueue.poll(BlockingArrayQueue.java:382)
        at org.eclipse.jetty.util.thread.QueuedThreadPool$Runner.idleJobPoll(QueuedThreadPool.java:974)
        at org.eclipse.jetty.util.thread.QueuedThreadPool$Runner.run(QueuedThreadPool.java:1018)
        at java.lang.Thread.run(Thread.java:750)
"BackgroundPipelineScrubberThread" daemon prio=5 tid=16 timed_waiting
java.lang.Thread.State: TIMED_WAITING
        at java.lang.Object.wait(Native Method)
        at org.apache.hadoop.hdds.scm.ha.BackgroundSCMService.run(BackgroundSCMService.java:110)
        at org.apache.hadoop.hdds.scm.ha.BackgroundSCMService$$Lambda$375/269287960.run(Unknown Source)
        at java.lang.Thread.run(Thread.java:750)
"pool-250-thread-1"  prio=5 tid=392 timed_waiting
java.lang.Thread.State: TIMED_WAITING
        at sun.misc.Unsafe.park(Native Method)
        at java.util.concurrent.locks.LockSupport.parkNanos(LockSupport.java:215)
        at java.util.concurrent.locks.AbstractQueuedSynchronizer$ConditionObject.awaitNanos(AbstractQueuedSynchronizer.java:2078)
        at java.util.concurrent.ScheduledThreadPoolExecutor$DelayedWorkQueue.take(ScheduledThreadPoolExecutor.java:1093)
        at java.util.concurrent.ScheduledThreadPoolExecutor$DelayedWorkQueue.take(ScheduledThreadPoolExecutor.java:809)
        at java.util.concurrent.ThreadPoolExecutor.getTask(ThreadPoolExecutor.java:1074)
        at java.util.concurrent.ThreadPoolExecutor.runWorker(ThreadPoolExecutor.java:1134)
        at java.util.concurrent.ThreadPoolExecutor$Worker.run(ThreadPoolExecutor.java:624)
        at java.lang.Thread.run(Thread.java:750)
"Datanode ReportManager Thread - 1" daemon prio=5 tid=275 in Object.wait()
java.lang.Thread.State: WAITING (on object monitor)
        at sun.misc.Unsafe.park(Native Method)
        at java.util.concurrent.locks.LockSupport.park(LockSupport.java:175)
        at java.util.concurrent.locks.AbstractQueuedSynchronizer$ConditionObject.await(AbstractQueuedSynchronizer.java:2039)
        at java.util.concurrent.ScheduledThreadPoolExecutor$DelayedWorkQueue.take(ScheduledThreadPoolExecutor.java:1088)
        at java.util.concurrent.ScheduledThreadPoolExecutor$DelayedWorkQueue.take(ScheduledThreadPoolExecutor.java:809)
        at java.util.concurrent.ThreadPoolExecutor.getTask(ThreadPoolExecutor.java:1074)
        at java.util.concurrent.ThreadPoolExecutor.runWorker(ThreadPoolExecutor.java:1134)
        at java.util.concurrent.ThreadPoolExecutor$Worker.run(ThreadPoolExecutor.java:624)
        at java.lang.Thread.run(Thread.java:750)
"Session-HouseKeeper-6f664ab3-1"  prio=5 tid=477 timed_waiting
java.lang.Thread.State: TIMED_WAITING
        at sun.misc.Unsafe.park(Native Method)
        at java.util.concurrent.locks.LockSupport.parkNanos(LockSupport.java:215)
        at java.util.concurrent.locks.AbstractQueuedSynchronizer$ConditionObject.awaitNanos(AbstractQueuedSynchronizer.java:2078)
        at java.util.concurrent.ScheduledThreadPoolExecutor$DelayedWorkQueue.take(ScheduledThreadPoolExecutor.java:1093)
        at java.util.concurrent.ScheduledThreadPoolExecutor$DelayedWorkQueue.take(ScheduledThreadPoolExecutor.java:809)
        at java.util.concurrent.ThreadPoolExecutor.getTask(ThreadPoolExecutor.java:1074)
        at java.util.concurrent.ThreadPoolExecutor.runWorker(ThreadPoolExecutor.java:1134)
        at java.util.concurrent.ThreadPoolExecutor$Worker.run(ThreadPoolExecutor.java:624)
        at java.lang.Thread.run(Thread.java:750)
"f7350d57-8232-4853-9d4b-5861d033a2e4-server-thread3" daemon prio=5 tid=730 timed_waiting
java.lang.Thread.State: TIMED_WAITING
        at sun.misc.Unsafe.park(Native Method)
        at java.util.concurrent.locks.LockSupport.parkNanos(LockSupport.java:215)
        at java.util.concurrent.SynchronousQueue$TransferStack.awaitFulfill(SynchronousQueue.java:460)
        at java.util.concurrent.SynchronousQueue$TransferStack.transfer(SynchronousQueue.java:362)
        at java.util.concurrent.SynchronousQueue.poll(SynchronousQueue.java:941)
        at java.util.concurrent.ThreadPoolExecutor.getTask(ThreadPoolExecutor.java:1073)
        at java.util.concurrent.ThreadPoolExecutor.runWorker(ThreadPoolExecutor.java:1134)
        at java.util.concurrent.ThreadPoolExecutor$Worker.run(ThreadPoolExecutor.java:624)
        at java.lang.Thread.run(Thread.java:750)
"Datanode State Machine Daemon Thread" daemon prio=5 tid=273 timed_waiting
java.lang.Thread.State: TIMED_WAITING
        at java.lang.Thread.sleep(Native Method)
        at org.apache.hadoop.ozone.container.common.statemachine.DatanodeStateMachine.startStateMachineThread(DatanodeStateMachine.java:321)
        at org.apache.hadoop.ozone.container.common.statemachine.DatanodeStateMachine.lambda$startDaemon$0(DatanodeStateMachine.java:506)
        at org.apache.hadoop.ozone.container.common.statemachine.DatanodeStateMachine$$Lambda$782/1106125451.run(Unknown Source)
        at java.lang.Thread.run(Thread.java:750)
"IPC Server handler 10 on default port 42553" daemon prio=5 tid=77 timed_waiting
java.lang.Thread.State: TIMED_WAITING
        at sun.misc.Unsafe.park(Native Method)
        at java.util.concurrent.locks.LockSupport.parkNanos(LockSupport.java:215)
        at java.util.concurrent.locks.AbstractQueuedSynchronizer$ConditionObject.awaitNanos(AbstractQueuedSynchronizer.java:2078)
        at java.util.concurrent.LinkedBlockingQueue.poll(LinkedBlockingQueue.java:467)
        at org.apache.hadoop.ipc.CallQueueManager.take(CallQueueManager.java:317)
        at org.apache.hadoop.ipc.Server$Handler.run(Server.java:2942)
"Datanode ReportManager Thread - 2" daemon prio=5 tid=341 in Object.wait()
java.lang.Thread.State: WAITING (on object monitor)
        at sun.misc.Unsafe.park(Native Method)
        at java.util.concurrent.locks.LockSupport.park(LockSupport.java:175)
        at java.util.concurrent.locks.AbstractQueuedSynchronizer$ConditionObject.await(AbstractQueuedSynchronizer.java:2039)
        at java.util.concurrent.ScheduledThreadPoolExecutor$DelayedWorkQueue.take(ScheduledThreadPoolExecutor.java:1088)
        at java.util.concurrent.ScheduledThreadPoolExecutor$DelayedWorkQueue.take(ScheduledThreadPoolExecutor.java:809)
        at java.util.concurrent.ThreadPoolExecutor.getTask(ThreadPoolExecutor.java:1074)
        at java.util.concurrent.ThreadPoolExecutor.runWorker(ThreadPoolExecutor.java:1134)
        at java.util.concurrent.ThreadPoolExecutor$Worker.run(ThreadPoolExecutor.java:624)
        at java.lang.Thread.run(Thread.java:750)
"om1-client-thread1" daemon prio=5 tid=748 timed_waiting
java.lang.Thread.State: TIMED_WAITING
        at sun.misc.Unsafe.park(Native Method)
        at java.util.concurrent.locks.LockSupport.parkNanos(LockSupport.java:215)
        at java.util.concurrent.SynchronousQueue$TransferStack.awaitFulfill(SynchronousQueue.java:460)
        at java.util.concurrent.SynchronousQueue$TransferStack.transfer(SynchronousQueue.java:362)
        at java.util.concurrent.SynchronousQueue.poll(SynchronousQueue.java:941)
        at java.util.concurrent.ThreadPoolExecutor.getTask(ThreadPoolExecutor.java:1073)
        at java.util.concurrent.ThreadPoolExecutor.runWorker(ThreadPoolExecutor.java:1134)
        at java.util.concurrent.ThreadPoolExecutor$Worker.run(ThreadPoolExecutor.java:624)
        at java.lang.Thread.run(Thread.java:750)
"FixedThreadPoolWithAffinityExecutor-5-0" daemon prio=5 tid=40 timed_waiting
java.lang.Thread.State: TIMED_WAITING
        at sun.misc.Unsafe.park(Native Method)
        at java.util.concurrent.locks.LockSupport.parkNanos(LockSupport.java:215)
        at java.util.concurrent.locks.AbstractQueuedSynchronizer$ConditionObject.awaitNanos(AbstractQueuedSynchronizer.java:2078)
        at java.util.concurrent.LinkedBlockingQueue.poll(LinkedBlockingQueue.java:467)
        at org.apache.hadoop.hdds.scm.server.ContainerReportQueue.poll(ContainerReportQueue.java:266)
        at org.apache.hadoop.hdds.scm.server.ContainerReportQueue.poll(ContainerReportQueue.java:42)
        at org.apache.hadoop.hdds.server.events.FixedThreadPoolWithAffinityExecutor$ContainerReportProcessTask.run(FixedThreadPoolWithAffinityExecutor.java:218)
        at java.util.concurrent.Executors$RunnableAdapter.call(Executors.java:511)
        at java.util.concurrent.FutureTask.run(FutureTask.java:266)
        at java.util.concurrent.ThreadPoolExecutor.runWorker(ThreadPoolExecutor.java:1149)
        at java.util.concurrent.ThreadPoolExecutor$Worker.run(ThreadPoolExecutor.java:624)
        at java.lang.Thread.run(Thread.java:750)
"a8ad72fe-b4a4-4d4d-9a7f-b9692428a970@group-D14C5171AF91-LeaderStateImpl" daemon prio=5 tid=799 timed_waiting
java.lang.Thread.State: TIMED_WAITING
        at sun.misc.Unsafe.park(Native Method)
        at java.util.concurrent.locks.LockSupport.parkNanos(LockSupport.java:215)
        at java.util.concurrent.locks.AbstractQueuedSynchronizer$ConditionObject.awaitNanos(AbstractQueuedSynchronizer.java:2078)
        at java.util.concurrent.ArrayBlockingQueue.poll(ArrayBlockingQueue.java:418)
        at org.apache.ratis.server.impl.LeaderStateImpl$EventQueue.poll(LeaderStateImpl.java:159)
        at org.apache.ratis.server.impl.LeaderStateImpl$EventProcessor.run(LeaderStateImpl.java:630)
"94086278-3489-4279-864e-1549830c8dca@group-1C8420390690-LeaderStateImpl" daemon prio=5 tid=691 timed_waiting
java.lang.Thread.State: TIMED_WAITING
        at sun.misc.Unsafe.park(Native Method)
        at java.util.concurrent.locks.LockSupport.parkNanos(LockSupport.java:215)
        at java.util.concurrent.locks.AbstractQueuedSynchronizer$ConditionObject.awaitNanos(AbstractQueuedSynchronizer.java:2078)
        at java.util.concurrent.ArrayBlockingQueue.poll(ArrayBlockingQueue.java:418)
        at org.apache.ratis.server.impl.LeaderStateImpl$EventQueue.poll(LeaderStateImpl.java:159)
        at org.apache.ratis.server.impl.LeaderStateImpl$EventProcessor.run(LeaderStateImpl.java:630)
"ChunkReader-4" daemon prio=5 tid=792 in Object.wait()
java.lang.Thread.State: WAITING (on object monitor)
        at sun.misc.Unsafe.park(Native Method)
        at java.util.concurrent.locks.LockSupport.park(LockSupport.java:175)
        at java.util.concurrent.locks.AbstractQueuedSynchronizer$ConditionObject.await(AbstractQueuedSynchronizer.java:2039)
        at java.util.concurrent.LinkedBlockingQueue.take(LinkedBlockingQueue.java:442)
        at java.util.concurrent.ThreadPoolExecutor.getTask(ThreadPoolExecutor.java:1074)
        at java.util.concurrent.ThreadPoolExecutor.runWorker(ThreadPoolExecutor.java:1134)
        at java.util.concurrent.ThreadPoolExecutor$Worker.run(ThreadPoolExecutor.java:624)
        at java.lang.Thread.run(Thread.java:750)
"cc281ddc-c10d-4250-8559-4debec3b143b@group-79F6478414F1-StateMachineUpdater" daemon prio=5 tid=683 timed_waiting
java.lang.Thread.State: TIMED_WAITING
        at sun.misc.Unsafe.park(Native Method)
        at java.util.concurrent.locks.LockSupport.parkNanos(LockSupport.java:215)
        at java.util.concurrent.CompletableFuture$Signaller.block(CompletableFuture.java:1709)
        at java.util.concurrent.ForkJoinPool.managedBlock(ForkJoinPool.java:3323)
        at java.util.concurrent.CompletableFuture.timedGet(CompletableFuture.java:1788)
        at java.util.concurrent.CompletableFuture.get(CompletableFuture.java:1928)
        at org.apache.ratis.util.AwaitForSignal.await(AwaitForSignal.java:56)
        at org.apache.ratis.server.impl.StateMachineUpdater.waitForCommit(StateMachineUpdater.java:207)
        at org.apache.ratis.server.impl.StateMachineUpdater.run(StateMachineUpdater.java:176)
        at java.lang.Thread.run(Thread.java:750)
"8b45bab1-f519-4e04-ad6f-9efd561d6d57@group-199B584234DF-SegmentedRaftLogWorker"  prio=5 tid=636 timed_waiting
java.lang.Thread.State: TIMED_WAITING
        at sun.misc.Unsafe.park(Native Method)
        at java.util.concurrent.locks.LockSupport.parkNanos(LockSupport.java:215)
        at java.util.concurrent.locks.AbstractQueuedSynchronizer$ConditionObject.awaitNanos(AbstractQueuedSynchronizer.java:2078)
        at org.apache.ratis.util.DataBlockingQueue.poll(DataBlockingQueue.java:148)
        at org.apache.ratis.server.raftlog.segmented.SegmentedRaftLogWorker.run(SegmentedRaftLogWorker.java:310)
        at org.apache.ratis.server.raftlog.segmented.SegmentedRaftLogWorker$$Lambda$665/990731450.run(Unknown Source)
        at java.lang.Thread.run(Thread.java:750)
"pool-31-thread-1"  prio=5 tid=109 timed_waiting
java.lang.Thread.State: TIMED_WAITING
        at sun.misc.Unsafe.park(Native Method)
        at java.util.concurrent.locks.LockSupport.parkNanos(LockSupport.java:215)
        at java.util.concurrent.locks.AbstractQueuedSynchronizer$ConditionObject.awaitNanos(AbstractQueuedSynchronizer.java:2078)
        at java.util.concurrent.ScheduledThreadPoolExecutor$DelayedWorkQueue.take(ScheduledThreadPoolExecutor.java:1093)
        at java.util.concurrent.ScheduledThreadPoolExecutor$DelayedWorkQueue.take(ScheduledThreadPoolExecutor.java:809)
        at java.util.concurrent.ThreadPoolExecutor.getTask(ThreadPoolExecutor.java:1074)
        at java.util.concurrent.ThreadPoolExecutor.runWorker(ThreadPoolExecutor.java:1134)
        at java.util.concurrent.ThreadPoolExecutor$Worker.run(ThreadPoolExecutor.java:624)
        at java.lang.Thread.run(Thread.java:750)
"94086278-3489-4279-864e-1549830c8dca@group-1C8420390690->b6bc655b-a75f-4a95-a86c-7969b7c6987b-GrpcLogAppender-LogAppenderDaemon" daemon prio=5 tid=693 timed_waiting
java.lang.Thread.State: TIMED_WAITING
        at sun.misc.Unsafe.park(Native Method)
        at java.util.concurrent.locks.LockSupport.parkNanos(LockSupport.java:215)
        at java.util.concurrent.CompletableFuture$Signaller.block(CompletableFuture.java:1709)
        at java.util.concurrent.ForkJoinPool.managedBlock(ForkJoinPool.java:3323)
        at java.util.concurrent.CompletableFuture.timedGet(CompletableFuture.java:1788)
        at java.util.concurrent.CompletableFuture.get(CompletableFuture.java:1928)
        at org.apache.ratis.util.AwaitForSignal.await(AwaitForSignal.java:56)
        at org.apache.ratis.grpc.server.GrpcLogAppender.mayWait(GrpcLogAppender.java:198)
        at org.apache.ratis.grpc.server.GrpcLogAppender.run(GrpcLogAppender.java:148)
        at org.apache.ratis.server.leader.LogAppenderDaemon.run(LogAppenderDaemon.java:78)
        at org.apache.ratis.server.leader.LogAppenderDaemon$$Lambda$1039/1183590628.run(Unknown Source)
        at java.lang.Thread.run(Thread.java:750)
"StaleRecoveringContainerScrubbingService#0" daemon prio=5 tid=539 in Object.wait()
java.lang.Thread.State: WAITING (on object monitor)
        at sun.misc.Unsafe.park(Native Method)
        at java.util.concurrent.locks.LockSupport.park(LockSupport.java:175)
        at java.util.concurrent.locks.AbstractQueuedSynchronizer$ConditionObject.await(AbstractQueuedSynchronizer.java:2039)
        at java.util.concurrent.ScheduledThreadPoolExecutor$DelayedWorkQueue.take(ScheduledThreadPoolExecutor.java:1088)
        at java.util.concurrent.ScheduledThreadPoolExecutor$DelayedWorkQueue.take(ScheduledThreadPoolExecutor.java:809)
        at java.util.concurrent.ThreadPoolExecutor.getTask(ThreadPoolExecutor.java:1074)
        at java.util.concurrent.ThreadPoolExecutor.runWorker(ThreadPoolExecutor.java:1134)
        at java.util.concurrent.ThreadPoolExecutor$Worker.run(ThreadPoolExecutor.java:624)
        at java.lang.Thread.run(Thread.java:750)
"ChunkWriter-0-0" daemon prio=5 tid=557 in Object.wait()
java.lang.Thread.State: WAITING (on object monitor)
        at sun.misc.Unsafe.park(Native Method)
        at java.util.concurrent.locks.LockSupport.park(LockSupport.java:175)
        at java.util.concurrent.locks.AbstractQueuedSynchronizer$ConditionObject.await(AbstractQueuedSynchronizer.java:2039)
        at java.util.concurrent.LinkedBlockingDeque.takeFirst(LinkedBlockingDeque.java:492)
        at java.util.concurrent.LinkedBlockingDeque.take(LinkedBlockingDeque.java:680)
        at java.util.concurrent.ThreadPoolExecutor.getTask(ThreadPoolExecutor.java:1074)
        at java.util.concurrent.ThreadPoolExecutor.runWorker(ThreadPoolExecutor.java:1134)
        at java.util.concurrent.ThreadPoolExecutor$Worker.run(ThreadPoolExecutor.java:624)
        at java.lang.Thread.run(Thread.java:750)
"StaleRecoveringContainerScrubbingService#1" daemon prio=5 tid=566 timed_waiting
java.lang.Thread.State: TIMED_WAITING
        at sun.misc.Unsafe.park(Native Method)
        at java.util.concurrent.locks.LockSupport.parkNanos(LockSupport.java:215)
        at java.util.concurrent.locks.AbstractQueuedSynchronizer$ConditionObject.awaitNanos(AbstractQueuedSynchronizer.java:2078)
        at java.util.concurrent.ScheduledThreadPoolExecutor$DelayedWorkQueue.take(ScheduledThreadPoolExecutor.java:1093)
        at java.util.concurrent.ScheduledThreadPoolExecutor$DelayedWorkQueue.take(ScheduledThreadPoolExecutor.java:809)
        at java.util.concurrent.ThreadPoolExecutor.getTask(ThreadPoolExecutor.java:1074)
        at java.util.concurrent.ThreadPoolExecutor.runWorker(ThreadPoolExecutor.java:1134)
        at java.util.concurrent.ThreadPoolExecutor$Worker.run(ThreadPoolExecutor.java:624)
        at java.lang.Thread.run(Thread.java:750)
"cc281ddc-c10d-4250-8559-4debec3b143b@group-79F6478414F1-LeaderStateImpl" daemon prio=5 tid=822 timed_waiting
java.lang.Thread.State: TIMED_WAITING
        at sun.misc.Unsafe.park(Native Method)
        at java.util.concurrent.locks.LockSupport.parkNanos(LockSupport.java:215)
        at java.util.concurrent.locks.AbstractQueuedSynchronizer$ConditionObject.awaitNanos(AbstractQueuedSynchronizer.java:2078)
        at java.util.concurrent.ArrayBlockingQueue.poll(ArrayBlockingQueue.java:418)
        at org.apache.ratis.server.impl.LeaderStateImpl$EventQueue.poll(LeaderStateImpl.java:159)
        at org.apache.ratis.server.impl.LeaderStateImpl$EventProcessor.run(LeaderStateImpl.java:630)
"IPC Server handler 4 on default port 42403" daemon prio=5 tid=158 timed_waiting
java.lang.Thread.State: TIMED_WAITING
        at sun.misc.Unsafe.park(Native Method)
        at java.util.concurrent.locks.LockSupport.parkNanos(LockSupport.java:215)
        at java.util.concurrent.locks.AbstractQueuedSynchronizer$ConditionObject.awaitNanos(AbstractQueuedSynchronizer.java:2078)
        at java.util.concurrent.LinkedBlockingQueue.poll(LinkedBlockingQueue.java:467)
        at org.apache.hadoop.ipc.CallQueueManager.take(CallQueueManager.java:317)
        at org.apache.hadoop.ipc.Server$Handler.run(Server.java:2942)
"om1@group-C5BA1605619E-StateMachineUpdater" daemon prio=5 tid=137 timed_waiting
java.lang.Thread.State: TIMED_WAITING
        at sun.misc.Unsafe.park(Native Method)
        at java.util.concurrent.locks.LockSupport.parkNanos(LockSupport.java:215)
        at java.util.concurrent.CompletableFuture$Signaller.block(CompletableFuture.java:1709)
        at java.util.concurrent.ForkJoinPool.managedBlock(ForkJoinPool.java:3323)
        at java.util.concurrent.CompletableFuture.timedGet(CompletableFuture.java:1788)
        at java.util.concurrent.CompletableFuture.get(CompletableFuture.java:1928)
        at org.apache.ratis.util.AwaitForSignal.await(AwaitForSignal.java:56)
        at org.apache.ratis.server.impl.StateMachineUpdater.waitForCommit(StateMachineUpdater.java:207)
        at org.apache.ratis.server.impl.StateMachineUpdater.run(StateMachineUpdater.java:176)
        at java.lang.Thread.run(Thread.java:750)
"Datanode State Machine Task Thread - 1"  prio=5 tid=402 in Object.wait()
java.lang.Thread.State: WAITING (on object monitor)
        at sun.misc.Unsafe.park(Native Method)
        at java.util.concurrent.locks.LockSupport.park(LockSupport.java:175)
        at java.util.concurrent.locks.AbstractQueuedSynchronizer$ConditionObject.await(AbstractQueuedSynchronizer.java:2039)
        at java.util.concurrent.LinkedBlockingQueue.take(LinkedBlockingQueue.java:442)
        at java.util.concurrent.ThreadPoolExecutor.getTask(ThreadPoolExecutor.java:1074)
        at java.util.concurrent.ThreadPoolExecutor.runWorker(ThreadPoolExecutor.java:1134)
        at java.util.concurrent.ThreadPoolExecutor$Worker.run(ThreadPoolExecutor.java:624)
        at java.lang.Thread.run(Thread.java:750)
"Periodic HDDS volume checker" daemon prio=5 tid=462 timed_waiting
java.lang.Thread.State: TIMED_WAITING
        at sun.misc.Unsafe.park(Native Method)
        at java.util.concurrent.locks.LockSupport.parkNanos(LockSupport.java:215)
        at java.util.concurrent.locks.AbstractQueuedSynchronizer$ConditionObject.awaitNanos(AbstractQueuedSynchronizer.java:2078)
        at java.util.concurrent.ScheduledThreadPoolExecutor$DelayedWorkQueue.take(ScheduledThreadPoolExecutor.java:1093)
        at java.util.concurrent.ScheduledThreadPoolExecutor$DelayedWorkQueue.take(ScheduledThreadPoolExecutor.java:809)
        at java.util.concurrent.ThreadPoolExecutor.getTask(ThreadPoolExecutor.java:1074)
        at java.util.concurrent.ThreadPoolExecutor.runWorker(ThreadPoolExecutor.java:1134)
        at java.util.concurrent.ThreadPoolExecutor$Worker.run(ThreadPoolExecutor.java:624)
        at java.lang.Thread.run(Thread.java:750)
"Session-HouseKeeper-29b93eb5-1"  prio=5 tid=153 timed_waiting
java.lang.Thread.State: TIMED_WAITING
        at sun.misc.Unsafe.park(Native Method)
        at java.util.concurrent.locks.LockSupport.parkNanos(LockSupport.java:215)
        at java.util.concurrent.locks.AbstractQueuedSynchronizer$ConditionObject.awaitNanos(AbstractQueuedSynchronizer.java:2078)
        at java.util.concurrent.ScheduledThreadPoolExecutor$DelayedWorkQueue.take(ScheduledThreadPoolExecutor.java:1093)
        at java.util.concurrent.ScheduledThreadPoolExecutor$DelayedWorkQueue.take(ScheduledThreadPoolExecutor.java:809)
        at java.util.concurrent.ThreadPoolExecutor.getTask(ThreadPoolExecutor.java:1074)
        at java.util.concurrent.ThreadPoolExecutor.runWorker(ThreadPoolExecutor.java:1134)
        at java.util.concurrent.ThreadPoolExecutor$Worker.run(ThreadPoolExecutor.java:624)
        at java.lang.Thread.run(Thread.java:750)
"2277c71a-7226-47f8-a4ca-90f752095403@group-B3075DD5C248-StateMachineUpdater" daemon prio=5 tid=615 timed_waiting
java.lang.Thread.State: TIMED_WAITING
        at sun.misc.Unsafe.park(Native Method)
        at java.util.concurrent.locks.LockSupport.parkNanos(LockSupport.java:215)
        at java.util.concurrent.CompletableFuture$Signaller.block(CompletableFuture.java:1709)
        at java.util.concurrent.ForkJoinPool.managedBlock(ForkJoinPool.java:3323)
        at java.util.concurrent.CompletableFuture.timedGet(CompletableFuture.java:1788)
        at java.util.concurrent.CompletableFuture.get(CompletableFuture.java:1928)
        at org.apache.ratis.util.AwaitForSignal.await(AwaitForSignal.java:56)
        at org.apache.ratis.server.impl.StateMachineUpdater.waitForCommit(StateMachineUpdater.java:207)
        at org.apache.ratis.server.impl.StateMachineUpdater.run(StateMachineUpdater.java:176)
        at java.lang.Thread.run(Thread.java:750)
"org.apache.hadoop.ozone.container.common.statemachine.commandhandler.DeleteBlocksCommandHandler$DeleteCmdWorker@78a724c3" daemon prio=5 tid=467 timed_waiting
java.lang.Thread.State: TIMED_WAITING
        at java.lang.Thread.sleep(Native Method)
        at org.apache.hadoop.ozone.container.common.statemachine.commandhandler.DeleteBlocksCommandHandler$DeleteCmdWorker.run(DeleteBlocksCommandHandler.java:183)
        at java.lang.Thread.run(Thread.java:750)
"IPC Server handler 17 on default port 41185" daemon prio=5 tid=104 timed_waiting
java.lang.Thread.State: TIMED_WAITING
        at sun.misc.Unsafe.park(Native Method)
        at java.util.concurrent.locks.LockSupport.parkNanos(LockSupport.java:215)
        at java.util.concurrent.locks.AbstractQueuedSynchronizer$ConditionObject.awaitNanos(AbstractQueuedSynchronizer.java:2078)
        at java.util.concurrent.LinkedBlockingQueue.poll(LinkedBlockingQueue.java:467)
        at org.apache.hadoop.ipc.CallQueueManager.take(CallQueueManager.java:317)
        at org.apache.hadoop.ipc.Server$Handler.run(Server.java:2942)
"b6bc655b-a75f-4a95-a86c-7969b7c6987b@group-1C8420390690-SegmentedRaftLogWorker"  prio=5 tid=582 timed_waiting
java.lang.Thread.State: TIMED_WAITING
        at sun.misc.Unsafe.park(Native Method)
        at java.util.concurrent.locks.LockSupport.parkNanos(LockSupport.java:215)
        at java.util.concurrent.locks.AbstractQueuedSynchronizer$ConditionObject.awaitNanos(AbstractQueuedSynchronizer.java:2078)
        at org.apache.ratis.util.DataBlockingQueue.poll(DataBlockingQueue.java:148)
        at org.apache.ratis.server.raftlog.segmented.SegmentedRaftLogWorker.run(SegmentedRaftLogWorker.java:310)
        at org.apache.ratis.server.raftlog.segmented.SegmentedRaftLogWorker$$Lambda$665/990731450.run(Unknown Source)
        at java.lang.Thread.run(Thread.java:750)
"4c8c7e9c-fcb8-4cf5-b401-3fb7accb4cdc@group-0F702FC51EF1-StateMachineUpdater" daemon prio=5 tid=622 timed_waiting
java.lang.Thread.State: TIMED_WAITING
        at sun.misc.Unsafe.park(Native Method)
        at java.util.concurrent.locks.LockSupport.parkNanos(LockSupport.java:215)
        at java.util.concurrent.CompletableFuture$Signaller.block(CompletableFuture.java:1709)
        at java.util.concurrent.ForkJoinPool.managedBlock(ForkJoinPool.java:3323)
        at java.util.concurrent.CompletableFuture.timedGet(CompletableFuture.java:1788)
        at java.util.concurrent.CompletableFuture.get(CompletableFuture.java:1928)
        at org.apache.ratis.util.AwaitForSignal.await(AwaitForSignal.java:56)
        at org.apache.ratis.server.impl.StateMachineUpdater.waitForCommit(StateMachineUpdater.java:207)
        at org.apache.ratis.server.impl.StateMachineUpdater.run(StateMachineUpdater.java:176)
        at java.lang.Thread.run(Thread.java:750)
"Datanode State Machine Task Thread - 1"  prio=5 tid=505 in Object.wait()
java.lang.Thread.State: WAITING (on object monitor)
        at sun.misc.Unsafe.park(Native Method)
        at java.util.concurrent.locks.LockSupport.park(LockSupport.java:175)
        at java.util.concurrent.locks.AbstractQueuedSynchronizer$ConditionObject.await(AbstractQueuedSynchronizer.java:2039)
        at java.util.concurrent.LinkedBlockingQueue.take(LinkedBlockingQueue.java:442)
        at java.util.concurrent.ThreadPoolExecutor.getTask(ThreadPoolExecutor.java:1074)
        at java.util.concurrent.ThreadPoolExecutor.runWorker(ThreadPoolExecutor.java:1134)
        at java.util.concurrent.ThreadPoolExecutor$Worker.run(ThreadPoolExecutor.java:624)
        at java.lang.Thread.run(Thread.java:750)
"Datanode ReportManager Thread - 1" daemon prio=5 tid=301 in Object.wait()
java.lang.Thread.State: WAITING (on object monitor)
        at sun.misc.Unsafe.park(Native Method)
        at java.util.concurrent.locks.LockSupport.park(LockSupport.java:175)
        at java.util.concurrent.locks.AbstractQueuedSynchronizer$ConditionObject.await(AbstractQueuedSynchronizer.java:2039)
        at java.util.concurrent.ScheduledThreadPoolExecutor$DelayedWorkQueue.take(ScheduledThreadPoolExecutor.java:1088)
        at java.util.concurrent.ScheduledThreadPoolExecutor$DelayedWorkQueue.take(ScheduledThreadPoolExecutor.java:809)
        at java.util.concurrent.ThreadPoolExecutor.getTask(ThreadPoolExecutor.java:1074)
        at java.util.concurrent.ThreadPoolExecutor.runWorker(ThreadPoolExecutor.java:1134)
        at java.util.concurrent.ThreadPoolExecutor$Worker.run(ThreadPoolExecutor.java:624)
        at java.lang.Thread.run(Thread.java:750)
"IPC Server handler 9 on default port 43027" daemon prio=5 tid=56 timed_waiting
java.lang.Thread.State: TIMED_WAITING
        at sun.misc.Unsafe.park(Native Method)
        at java.util.concurrent.locks.LockSupport.parkNanos(LockSupport.java:215)
        at java.util.concurrent.locks.AbstractQueuedSynchronizer$ConditionObject.awaitNanos(AbstractQueuedSynchronizer.java:2078)
        at java.util.concurrent.LinkedBlockingQueue.poll(LinkedBlockingQueue.java:467)
        at org.apache.hadoop.ipc.CallQueueManager.take(CallQueueManager.java:317)
        at org.apache.hadoop.ipc.Server$Handler.run(Server.java:2942)
"b6bc655b-a75f-4a95-a86c-7969b7c6987b@group-6960E46847BC-SegmentedRaftLogWorker"  prio=5 tid=579 timed_waiting
java.lang.Thread.State: TIMED_WAITING
        at sun.misc.Unsafe.park(Native Method)
        at java.util.concurrent.locks.LockSupport.parkNanos(LockSupport.java:215)
        at java.util.concurrent.locks.AbstractQueuedSynchronizer$ConditionObject.awaitNanos(AbstractQueuedSynchronizer.java:2078)
        at org.apache.ratis.util.DataBlockingQueue.poll(DataBlockingQueue.java:148)
        at org.apache.ratis.server.raftlog.segmented.SegmentedRaftLogWorker.run(SegmentedRaftLogWorker.java:310)
        at org.apache.ratis.server.raftlog.segmented.SegmentedRaftLogWorker$$Lambda$665/990731450.run(Unknown Source)
        at java.lang.Thread.run(Thread.java:750)
"qtp1097955717-472" daemon prio=5 tid=472 timed_waiting
java.lang.Thread.State: TIMED_WAITING
        at sun.misc.Unsafe.park(Native Method)
        at java.util.concurrent.locks.LockSupport.parkNanos(LockSupport.java:215)
        at java.util.concurrent.locks.AbstractQueuedSynchronizer$ConditionObject.awaitNanos(AbstractQueuedSynchronizer.java:2078)
        at org.eclipse.jetty.util.BlockingArrayQueue.poll(BlockingArrayQueue.java:382)
        at org.eclipse.jetty.util.thread.QueuedThreadPool$Runner.idleJobPoll(QueuedThreadPool.java:974)
        at org.eclipse.jetty.util.thread.QueuedThreadPool$Runner.run(QueuedThreadPool.java:1018)
        at java.lang.Thread.run(Thread.java:750)
"IPC Server Responder" daemon prio=5 tid=30 runnable
java.lang.Thread.State: RUNNABLE
        at sun.nio.ch.EPollArrayWrapper.epollWait(Native Method)
        at sun.nio.ch.EPollArrayWrapper.poll(EPollArrayWrapper.java:269)
        at sun.nio.ch.EPollSelectorImpl.doSelect(EPollSelectorImpl.java:93)
        at sun.nio.ch.SelectorImpl.lockAndDoSelect(SelectorImpl.java:86)
        at sun.nio.ch.SelectorImpl.select(SelectorImpl.java:97)
        at org.apache.hadoop.ipc.Server$Responder.doRunLoop(Server.java:1532)
        at org.apache.hadoop.ipc.Server$Responder.run(Server.java:1515)
"FullTableCache Cleanup Thread - 0" daemon prio=5 tid=758 in Object.wait()
java.lang.Thread.State: WAITING (on object monitor)
        at sun.misc.Unsafe.park(Native Method)
        at java.util.concurrent.locks.LockSupport.park(LockSupport.java:175)
        at java.util.concurrent.locks.AbstractQueuedSynchronizer$ConditionObject.await(AbstractQueuedSynchronizer.java:2039)
        at java.util.concurrent.LinkedBlockingQueue.take(LinkedBlockingQueue.java:442)
        at java.util.concurrent.ThreadPoolExecutor.getTask(ThreadPoolExecutor.java:1074)
        at java.util.concurrent.ThreadPoolExecutor.runWorker(ThreadPoolExecutor.java:1134)
        at java.util.concurrent.ThreadPoolExecutor$Worker.run(ThreadPoolExecutor.java:624)
        at java.lang.Thread.run(Thread.java:750)
"org.apache.hadoop.util.JvmPauseMonitor$Monitor@17cc72cb" daemon prio=5 tid=174 timed_waiting
java.lang.Thread.State: TIMED_WAITING
        at java.lang.Thread.sleep(Native Method)
        at org.apache.hadoop.util.JvmPauseMonitor$Monitor.run(JvmPauseMonitor.java:192)
        at java.lang.Thread.run(Thread.java:750)
"StaleRecoveringContainerScrubbingService#1" daemon prio=5 tid=495 timed_waiting
java.lang.Thread.State: TIMED_WAITING
        at sun.misc.Unsafe.park(Native Method)
        at java.util.concurrent.locks.LockSupport.parkNanos(LockSupport.java:215)
        at java.util.concurrent.locks.AbstractQueuedSynchronizer$ConditionObject.awaitNanos(AbstractQueuedSynchronizer.java:2078)
        at java.util.concurrent.ScheduledThreadPoolExecutor$DelayedWorkQueue.take(ScheduledThreadPoolExecutor.java:1093)
        at java.util.concurrent.ScheduledThreadPoolExecutor$DelayedWorkQueue.take(ScheduledThreadPoolExecutor.java:809)
        at java.util.concurrent.ThreadPoolExecutor.getTask(ThreadPoolExecutor.java:1074)
        at java.util.concurrent.ThreadPoolExecutor.runWorker(ThreadPoolExecutor.java:1134)
        at java.util.concurrent.ThreadPoolExecutor$Worker.run(ThreadPoolExecutor.java:624)
        at java.lang.Thread.run(Thread.java:750)
"ChunkWriter-3-0" daemon prio=5 tid=510 in Object.wait()
java.lang.Thread.State: WAITING (on object monitor)
        at sun.misc.Unsafe.park(Native Method)
        at java.util.concurrent.locks.LockSupport.park(LockSupport.java:175)
        at java.util.concurrent.locks.AbstractQueuedSynchronizer$ConditionObject.await(AbstractQueuedSynchronizer.java:2039)
        at java.util.concurrent.LinkedBlockingDeque.takeFirst(LinkedBlockingDeque.java:492)
        at java.util.concurrent.LinkedBlockingDeque.take(LinkedBlockingDeque.java:680)
        at java.util.concurrent.ThreadPoolExecutor.getTask(ThreadPoolExecutor.java:1074)
        at java.util.concurrent.ThreadPoolExecutor.runWorker(ThreadPoolExecutor.java:1134)
        at java.util.concurrent.ThreadPoolExecutor$Worker.run(ThreadPoolExecutor.java:624)
        at java.lang.Thread.run(Thread.java:750)
"BlockDeletingService#2" daemon prio=5 tid=854 in Object.wait()
java.lang.Thread.State: WAITING (on object monitor)
        at sun.misc.Unsafe.park(Native Method)
        at java.util.concurrent.locks.LockSupport.park(LockSupport.java:175)
        at java.util.concurrent.locks.AbstractQueuedSynchronizer$ConditionObject.await(AbstractQueuedSynchronizer.java:2039)
        at java.util.concurrent.ScheduledThreadPoolExecutor$DelayedWorkQueue.take(ScheduledThreadPoolExecutor.java:1088)
        at java.util.concurrent.ScheduledThreadPoolExecutor$DelayedWorkQueue.take(ScheduledThreadPoolExecutor.java:809)
        at java.util.concurrent.ThreadPoolExecutor.getTask(ThreadPoolExecutor.java:1074)
        at java.util.concurrent.ThreadPoolExecutor.runWorker(ThreadPoolExecutor.java:1134)
        at java.util.concurrent.ThreadPoolExecutor$Worker.run(ThreadPoolExecutor.java:624)
        at java.lang.Thread.run(Thread.java:750)
"qtp738848490-320-acceptor-0@63191f62-ServerConnector@3c5c64d6{HTTP/1.1, (http/1.1)}{0.0.0.0:38969}" daemon prio=3 tid=320 runnable
java.lang.Thread.State: RUNNABLE
        at sun.nio.ch.ServerSocketChannelImpl.accept0(Native Method)
        at sun.nio.ch.ServerSocketChannelImpl.accept(ServerSocketChannelImpl.java:421)
        at sun.nio.ch.ServerSocketChannelImpl.accept(ServerSocketChannelImpl.java:249)
        at org.eclipse.jetty.server.ServerConnector.accept(ServerConnector.java:388)
        at org.eclipse.jetty.server.AbstractConnector$Acceptor.run(AbstractConnector.java:704)
        at org.eclipse.jetty.util.thread.QueuedThreadPool.runJob(QueuedThreadPool.java:883)
        at org.eclipse.jetty.util.thread.QueuedThreadPool$Runner.run(QueuedThreadPool.java:1034)
        at java.lang.Thread.run(Thread.java:750)
"ChunkWriter-1-0" daemon prio=5 tid=533 in Object.wait()
java.lang.Thread.State: WAITING (on object monitor)
        at sun.misc.Unsafe.park(Native Method)
        at java.util.concurrent.locks.LockSupport.park(LockSupport.java:175)
        at java.util.concurrent.locks.AbstractQueuedSynchronizer$ConditionObject.await(AbstractQueuedSynchronizer.java:2039)
        at java.util.concurrent.LinkedBlockingDeque.takeFirst(LinkedBlockingDeque.java:492)
        at java.util.concurrent.LinkedBlockingDeque.take(LinkedBlockingDeque.java:680)
        at java.util.concurrent.ThreadPoolExecutor.getTask(ThreadPoolExecutor.java:1074)
        at java.util.concurrent.ThreadPoolExecutor.runWorker(ThreadPoolExecutor.java:1134)
        at java.util.concurrent.ThreadPoolExecutor$Worker.run(ThreadPoolExecutor.java:624)
        at java.lang.Thread.run(Thread.java:750)
"qtp1166478592-265-acceptor-0@7cddcf93-ServerConnector@388e631{HTTP/1.1, (http/1.1)}{0.0.0.0:39105}" daemon prio=3 tid=265 runnable
java.lang.Thread.State: RUNNABLE
        at sun.nio.ch.ServerSocketChannelImpl.accept0(Native Method)
        at sun.nio.ch.ServerSocketChannelImpl.accept(ServerSocketChannelImpl.java:421)
        at sun.nio.ch.ServerSocketChannelImpl.accept(ServerSocketChannelImpl.java:249)
        at org.eclipse.jetty.server.ServerConnector.accept(ServerConnector.java:388)
        at org.eclipse.jetty.server.AbstractConnector$Acceptor.run(AbstractConnector.java:704)
        at org.eclipse.jetty.util.thread.QueuedThreadPool.runJob(QueuedThreadPool.java:883)
        at org.eclipse.jetty.util.thread.QueuedThreadPool$Runner.run(QueuedThreadPool.java:1034)
        at java.lang.Thread.run(Thread.java:750)
"Datanode State Machine Task Thread - 0"  prio=5 tid=203 in Object.wait()
java.lang.Thread.State: WAITING (on object monitor)
        at sun.misc.Unsafe.park(Native Method)
        at java.util.concurrent.locks.LockSupport.park(LockSupport.java:175)
        at java.util.concurrent.locks.AbstractQueuedSynchronizer$ConditionObject.await(AbstractQueuedSynchronizer.java:2039)
        at java.util.concurrent.LinkedBlockingQueue.take(LinkedBlockingQueue.java:442)
        at java.util.concurrent.ThreadPoolExecutor.getTask(ThreadPoolExecutor.java:1074)
        at java.util.concurrent.ThreadPoolExecutor.runWorker(ThreadPoolExecutor.java:1134)
        at java.util.concurrent.ThreadPoolExecutor$Worker.run(ThreadPoolExecutor.java:624)
        at java.lang.Thread.run(Thread.java:750)
"Listener at 127.0.0.1/42403"  prio=5 tid=1 runnable
java.lang.Thread.State: RUNNABLE
        at java.lang.Thread.dumpThreads(Native Method)
        at java.lang.Thread.getAllStackTraces(Thread.java:1615)
        at org.apache.ozone.test.TimedOutTestsListener.buildThreadDump(TimedOutTestsListener.java:93)
        at org.apache.ozone.test.TimedOutTestsListener.buildThreadDiagnosticString(TimedOutTestsListener.java:79)
        at org.apache.ozone.test.GenericTestUtils.waitFor(GenericTestUtils.java:224)
        at org.apache.hadoop.ozone.container.TestECContainerRecovery.waitForContainerCount(TestECContainerRecovery.java:265)
        at org.apache.hadoop.ozone.container.TestECContainerRecovery.testContainerRecoveryOverReplicationProcessing(TestECContainerRecovery.java:209)
        at sun.reflect.NativeMethodAccessorImpl.invoke0(Native Method)
        at sun.reflect.NativeMethodAccessorImpl.invoke(NativeMethodAccessorImpl.java:62)
        at sun.reflect.DelegatingMethodAccessorImpl.invoke(DelegatingMethodAccessorImpl.java:43)
        at java.lang.reflect.Method.invoke(Method.java:498)
        at org.junit.platform.commons.util.ReflectionUtils.invokeMethod(ReflectionUtils.java:725)
        at org.junit.jupiter.engine.execution.MethodInvocation.proceed(MethodInvocation.java:60)
        at org.junit.jupiter.engine.execution.InvocationInterceptorChain$ValidatingInvocation.proceed(InvocationInterceptorChain.java:131)
        at org.junit.jupiter.engine.extension.TimeoutExtension.intercept(TimeoutExtension.java:149)
        at org.junit.jupiter.engine.extension.TimeoutExtension.interceptTestableMethod(TimeoutExtension.java:140)
        at org.junit.jupiter.engine.extension.TimeoutExtension.interceptTestMethod(TimeoutExtension.java:84)
        at org.junit.jupiter.engine.descriptor.TestMethodTestDescriptor$$Lambda$158/1014982340.apply(Unknown Source)
        at org.junit.jupiter.engine.execution.ExecutableInvoker$ReflectiveInterceptorCall.lambda$ofVoidMethod$0(ExecutableInvoker.java:115)
        at org.junit.jupiter.engine.execution.ExecutableInvoker$ReflectiveInterceptorCall$$Lambda$159/268084911.apply(Unknown Source)
        at org.junit.jupiter.engine.execution.ExecutableInvoker.lambda$invoke$0(ExecutableInvoker.java:105)
        at org.junit.jupiter.engine.execution.ExecutableInvoker$$Lambda$314/1457263953.apply(Unknown Source)
        at org.junit.jupiter.engine.execution.InvocationInterceptorChain$InterceptedInvocation.proceed(InvocationInterceptorChain.java:106)
        at org.junit.jupiter.engine.execution.InvocationInterceptorChain.proceed(InvocationInterceptorChain.java:64)
        at org.junit.jupiter.engine.execution.InvocationInterceptorChain.chainAndInvoke(InvocationInterceptorChain.java:45)
        at org.junit.jupiter.engine.execution.InvocationInterceptorChain.invoke(InvocationInterceptorChain.java:37)
        at org.junit.jupiter.engine.execution.ExecutableInvoker.invoke(ExecutableInvoker.java:104)
        at org.junit.jupiter.engine.execution.ExecutableInvoker.invoke(ExecutableInvoker.java:98)
        at org.junit.jupiter.engine.descriptor.TestMethodTestDescriptor.lambda$invokeTestMethod$7(TestMethodTestDescriptor.java:214)
        at org.junit.jupiter.engine.descriptor.TestMethodTestDescriptor$$Lambda$1169/1775757149.execute(Unknown Source)
        at org.junit.platform.engine.support.hierarchical.ThrowableCollector.execute(ThrowableCollector.java:73)
        at org.junit.jupiter.engine.descriptor.TestMethodTestDescriptor.invokeTestMethod(TestMethodTestDescriptor.java:210)
        at org.junit.jupiter.engine.descriptor.TestMethodTestDescriptor.execute(TestMethodTestDescriptor.java:135)
        at org.junit.jupiter.engine.descriptor.TestMethodTestDescriptor.execute(TestMethodTestDescriptor.java:66)
        at org.junit.platform.engine.support.hierarchical.NodeTestTask.lambda$executeRecursively$6(NodeTestTask.java:151)
        at org.junit.platform.engine.support.hierarchical.NodeTestTask$$Lambda$258/2129442232.execute(Unknown Source)
        at org.junit.platform.engine.support.hierarchical.ThrowableCollector.execute(ThrowableCollector.java:73)
        at org.junit.platform.engine.support.hierarchical.NodeTestTask.lambda$executeRecursively$8(NodeTestTask.java:141)
        at org.junit.platform.engine.support.hierarchical.NodeTestTask$$Lambda$257/352367347.invoke(Unknown Source)
        at org.junit.platform.engine.support.hierarchical.Node.around(Node.java:137)
        at org.junit.platform.engine.support.hierarchical.NodeTestTask.lambda$executeRecursively$9(NodeTestTask.java:139)
        at org.junit.platform.engine.support.hierarchical.NodeTestTask$$Lambda$256/1204481453.execute(Unknown Source)
        at org.junit.platform.engine.support.hierarchical.ThrowableCollector.execute(ThrowableCollector.java:73)
        at org.junit.platform.engine.support.hierarchical.NodeTestTask.executeRecursively(NodeTestTask.java:138)
        at org.junit.platform.engine.support.hierarchical.NodeTestTask.execute(NodeTestTask.java:95)
        at org.junit.platform.engine.support.hierarchical.SameThreadHierarchicalTestExecutorService$$Lambda$262/1902671237.accept(Unknown Source)
        at java.util.ArrayList.forEach(ArrayList.java:1259)
        at org.junit.platform.engine.support.hierarchical.SameThreadHierarchicalTestExecutorService.invokeAll(SameThreadHierarchicalTestExecutorService.java:41)
        at org.junit.platform.engine.support.hierarchical.NodeTestTask.lambda$executeRecursively$6(NodeTestTask.java:155)
        at org.junit.platform.engine.support.hierarchical.NodeTestTask$$Lambda$258/2129442232.execute(Unknown Source)
        at org.junit.platform.engine.support.hierarchical.ThrowableCollector.execute(ThrowableCollector.java:73)
        at org.junit.platform.engine.support.hierarchical.NodeTestTask.lambda$executeRecursively$8(NodeTestTask.java:141)
        at org.junit.platform.engine.support.hierarchical.NodeTestTask$$Lambda$257/352367347.invoke(Unknown Source)
        at org.junit.platform.engine.support.hierarchical.Node.around(Node.java:137)
        at org.junit.platform.engine.support.hierarchical.NodeTestTask.lambda$executeRecursively$9(NodeTestTask.java:139)
        at org.junit.platform.engine.support.hierarchical.NodeTestTask$$Lambda$256/1204481453.execute(Unknown Source)
        at org.junit.platform.engine.support.hierarchical.ThrowableCollector.execute(ThrowableCollector.java:73)
        at org.junit.platform.engine.support.hierarchical.NodeTestTask.executeRecursively(NodeTestTask.java:138)
        at org.junit.platform.engine.support.hierarchical.NodeTestTask.execute(NodeTestTask.java:95)
        at org.junit.platform.engine.support.hierarchical.SameThreadHierarchicalTestExecutorService$$Lambda$262/1902671237.accept(Unknown Source)
        at java.util.ArrayList.forEach(ArrayList.java:1259)
        at org.junit.platform.engine.support.hierarchical.SameThreadHierarchicalTestExecutorService.invokeAll(SameThreadHierarchicalTestExecutorService.java:41)
        at org.junit.platform.engine.support.hierarchical.NodeTestTask.lambda$executeRecursively$6(NodeTestTask.java:155)
        at org.junit.platform.engine.support.hierarchical.NodeTestTask$$Lambda$258/2129442232.execute(Unknown Source)
        at org.junit.platform.engine.support.hierarchical.ThrowableCollector.execute(ThrowableCollector.java:73)
        at org.junit.platform.engine.support.hierarchical.NodeTestTask.lambda$executeRecursively$8(NodeTestTask.java:141)
        at org.junit.platform.engine.support.hierarchical.NodeTestTask$$Lambda$257/352367347.invoke(Unknown Source)
        at org.junit.platform.engine.support.hierarchical.Node.around(Node.java:137)
        at org.junit.platform.engine.support.hierarchical.NodeTestTask.lambda$executeRecursively$9(NodeTestTask.java:139)
        at org.junit.platform.engine.support.hierarchical.NodeTestTask$$Lambda$256/1204481453.execute(Unknown Source)
        at org.junit.platform.engine.support.hierarchical.ThrowableCollector.execute(ThrowableCollector.java:73)
        at org.junit.platform.engine.support.hierarchical.NodeTestTask.executeRecursively(NodeTestTask.java:138)
        at org.junit.platform.engine.support.hierarchical.NodeTestTask.execute(NodeTestTask.java:95)
        at org.junit.platform.engine.support.hierarchical.SameThreadHierarchicalTestExecutorService.submit(SameThreadHierarchicalTestExecutorService.java:35)
        at org.junit.platform.engine.support.hierarchical.HierarchicalTestExecutor.execute(HierarchicalTestExecutor.java:57)
        at org.junit.platform.engine.support.hierarchical.HierarchicalTestEngine.execute(HierarchicalTestEngine.java:54)
        at org.junit.platform.launcher.core.EngineExecutionOrchestrator.execute(EngineExecutionOrchestrator.java:107)
        at org.junit.platform.launcher.core.EngineExecutionOrchestrator.execute(EngineExecutionOrchestrator.java:88)
        at org.junit.platform.launcher.core.EngineExecutionOrchestrator.lambda$execute$0(EngineExecutionOrchestrator.java:54)
        at org.junit.platform.launcher.core.EngineExecutionOrchestrator$$Lambda$214/1758008124.accept(Unknown Source)
        at org.junit.platform.launcher.core.EngineExecutionOrchestrator.withInterceptedStreams(EngineExecutionOrchestrator.java:67)
        at org.junit.platform.launcher.core.EngineExecutionOrchestrator.execute(EngineExecutionOrchestrator.java:52)
        at org.junit.platform.launcher.core.DefaultLauncher.execute(DefaultLauncher.java:114)
        at org.junit.platform.launcher.core.DefaultLauncher.execute(DefaultLauncher.java:86)
        at org.junit.platform.launcher.core.DefaultLauncherSession$DelegatingLauncher.execute(DefaultLauncherSession.java:86)
        at org.junit.platform.launcher.core.SessionPerRequestLauncher.execute(SessionPerRequestLauncher.java:53)
        at org.apache.maven.surefire.junitplatform.JUnitPlatformProvider.execute(JUnitPlatformProvider.java:188)
        at org.apache.maven.surefire.junitplatform.JUnitPlatformProvider.invokeAllTests(JUnitPlatformProvider.java:154)
        at org.apache.maven.surefire.junitplatform.JUnitPlatformProvider.invoke(JUnitPlatformProvider.java:124)
        at org.apache.maven.surefire.booter.ForkedBooter.runSuitesInProcess(ForkedBooter.java:428)
        at org.apache.maven.surefire.booter.ForkedBooter.execute(ForkedBooter.java:162)
        at org.apache.maven.surefire.booter.ForkedBooter.run(ForkedBooter.java:562)
        at org.apache.maven.surefire.booter.ForkedBooter.main(ForkedBooter.java:548)
"BlockDeletingService#1" daemon prio=5 tid=564 timed_waiting
java.lang.Thread.State: TIMED_WAITING
        at sun.misc.Unsafe.park(Native Method)
        at java.util.concurrent.locks.LockSupport.parkNanos(LockSupport.java:215)
        at java.util.concurrent.locks.AbstractQueuedSynchronizer$ConditionObject.awaitNanos(AbstractQueuedSynchronizer.java:2078)
        at java.util.concurrent.ScheduledThreadPoolExecutor$DelayedWorkQueue.take(ScheduledThreadPoolExecutor.java:1093)
        at java.util.concurrent.ScheduledThreadPoolExecutor$DelayedWorkQueue.take(ScheduledThreadPoolExecutor.java:809)
        at java.util.concurrent.ThreadPoolExecutor.getTask(ThreadPoolExecutor.java:1074)
        at java.util.concurrent.ThreadPoolExecutor.runWorker(ThreadPoolExecutor.java:1134)
        at java.util.concurrent.ThreadPoolExecutor$Worker.run(ThreadPoolExecutor.java:624)
        at java.lang.Thread.run(Thread.java:750)
"IPC Server handler 5 on default port 42553" daemon prio=5 tid=72 timed_waiting
java.lang.Thread.State: TIMED_WAITING
        at sun.misc.Unsafe.park(Native Method)
        at java.util.concurrent.locks.LockSupport.parkNanos(LockSupport.java:215)
        at java.util.concurrent.locks.AbstractQueuedSynchronizer$ConditionObject.awaitNanos(AbstractQueuedSynchronizer.java:2078)
        at java.util.concurrent.LinkedBlockingQueue.poll(LinkedBlockingQueue.java:467)
        at org.apache.hadoop.ipc.CallQueueManager.take(CallQueueManager.java:317)
        at org.apache.hadoop.ipc.Server$Handler.run(Server.java:2942)
"EventQueue-DeadNodeForDeadNodeHandler" daemon prio=5 tid=844 in Object.wait()
java.lang.Thread.State: WAITING (on object monitor)
        at sun.misc.Unsafe.park(Native Method)
        at java.util.concurrent.locks.LockSupport.park(LockSupport.java:175)
        at java.util.concurrent.locks.AbstractQueuedSynchronizer$ConditionObject.await(AbstractQueuedSynchronizer.java:2039)
        at java.util.concurrent.LinkedBlockingQueue.take(LinkedBlockingQueue.java:442)
        at java.util.concurrent.ThreadPoolExecutor.getTask(ThreadPoolExecutor.java:1074)
        at java.util.concurrent.ThreadPoolExecutor.runWorker(ThreadPoolExecutor.java:1134)
        at java.util.concurrent.ThreadPoolExecutor$Worker.run(ThreadPoolExecutor.java:624)
        at java.lang.Thread.run(Thread.java:750)
"Datanode ReportManager Thread - 3" daemon prio=5 tid=500 in Object.wait()
java.lang.Thread.State: WAITING (on object monitor)
        at sun.misc.Unsafe.park(Native Method)
        at java.util.concurrent.locks.LockSupport.park(LockSupport.java:175)
        at java.util.concurrent.locks.AbstractQueuedSynchronizer$ConditionObject.await(AbstractQueuedSynchronizer.java:2039)
        at java.util.concurrent.ScheduledThreadPoolExecutor$DelayedWorkQueue.take(ScheduledThreadPoolExecutor.java:1088)
        at java.util.concurrent.ScheduledThreadPoolExecutor$DelayedWorkQueue.take(ScheduledThreadPoolExecutor.java:809)
        at java.util.concurrent.ThreadPoolExecutor.getTask(ThreadPoolExecutor.java:1074)
        at java.util.concurrent.ThreadPoolExecutor.runWorker(ThreadPoolExecutor.java:1134)
        at java.util.concurrent.ThreadPoolExecutor$Worker.run(ThreadPoolExecutor.java:624)
        at java.lang.Thread.run(Thread.java:750)
"qtp1374355136-112" daemon prio=5 tid=112 timed_waiting
java.lang.Thread.State: TIMED_WAITING
        at sun.misc.Unsafe.park(Native Method)
        at java.util.concurrent.locks.LockSupport.parkNanos(LockSupport.java:215)
        at java.util.concurrent.locks.AbstractQueuedSynchronizer$ConditionObject.awaitNanos(AbstractQueuedSynchronizer.java:2078)
        at org.eclipse.jetty.util.BlockingArrayQueue.poll(BlockingArrayQueue.java:382)
        at org.eclipse.jetty.util.thread.QueuedThreadPool$Runner.idleJobPoll(QueuedThreadPool.java:974)
        at org.eclipse.jetty.util.thread.QueuedThreadPool$Runner.run(QueuedThreadPool.java:1018)
        at java.lang.Thread.run(Thread.java:750)
"qtp329849858-294" daemon prio=5 tid=294 timed_waiting
java.lang.Thread.State: TIMED_WAITING
        at sun.misc.Unsafe.park(Native Method)
        at java.util.concurrent.locks.LockSupport.parkNanos(LockSupport.java:215)
        at java.util.concurrent.locks.AbstractQueuedSynchronizer$ConditionObject.awaitNanos(AbstractQueuedSynchronizer.java:2078)
        at org.eclipse.jetty.util.BlockingArrayQueue.poll(BlockingArrayQueue.java:382)
        at org.eclipse.jetty.util.thread.QueuedThreadPool$Runner.idleJobPoll(QueuedThreadPool.java:974)
        at org.eclipse.jetty.util.thread.QueuedThreadPool$Runner.run(QueuedThreadPool.java:1018)
        at java.lang.Thread.run(Thread.java:750)
"94086278-3489-4279-864e-1549830c8dca@group-9130B53F7C21-StateMachineUpdater" daemon prio=5 tid=571 timed_waiting
java.lang.Thread.State: TIMED_WAITING
        at sun.misc.Unsafe.park(Native Method)
        at java.util.concurrent.locks.LockSupport.parkNanos(LockSupport.java:215)
        at java.util.concurrent.CompletableFuture$Signaller.block(CompletableFuture.java:1709)
        at java.util.concurrent.ForkJoinPool.managedBlock(ForkJoinPool.java:3323)
        at java.util.concurrent.CompletableFuture.timedGet(CompletableFuture.java:1788)
        at java.util.concurrent.CompletableFuture.get(CompletableFuture.java:1928)
        at org.apache.ratis.util.AwaitForSignal.await(AwaitForSignal.java:56)
        at org.apache.ratis.server.impl.StateMachineUpdater.waitForCommit(StateMachineUpdater.java:207)
        at org.apache.ratis.server.impl.StateMachineUpdater.run(StateMachineUpdater.java:176)
        at java.lang.Thread.run(Thread.java:750)
"qtp1166478592-267" daemon prio=5 tid=267 timed_waiting
java.lang.Thread.State: TIMED_WAITING
        at sun.misc.Unsafe.park(Native Method)
        at java.util.concurrent.locks.LockSupport.parkNanos(LockSupport.java:215)
        at java.util.concurrent.locks.AbstractQueuedSynchronizer$ConditionObject.awaitNanos(AbstractQueuedSynchronizer.java:2078)
        at org.eclipse.jetty.util.BlockingArrayQueue.poll(BlockingArrayQueue.java:382)
        at org.eclipse.jetty.util.thread.QueuedThreadPool$Runner.idleJobPoll(QueuedThreadPool.java:974)
        at org.eclipse.jetty.util.thread.QueuedThreadPool$Runner.run(QueuedThreadPool.java:1018)
        at java.lang.Thread.run(Thread.java:750)
"qtp1171084822-218" daemon prio=5 tid=218 timed_waiting
java.lang.Thread.State: TIMED_WAITING
        at sun.misc.Unsafe.park(Native Method)
        at java.util.concurrent.locks.LockSupport.parkNanos(LockSupport.java:215)
        at java.util.concurrent.locks.AbstractQueuedSynchronizer$ConditionObject.awaitNanos(AbstractQueuedSynchronizer.java:2078)
        at org.eclipse.jetty.util.BlockingArrayQueue.poll(BlockingArrayQueue.java:382)
        at org.eclipse.jetty.util.thread.QueuedThreadPool$Runner.idleJobPoll(QueuedThreadPool.java:974)
        at org.eclipse.jetty.util.thread.QueuedThreadPool$Runner.run(QueuedThreadPool.java:1018)
        at java.lang.Thread.run(Thread.java:750)
"4c8c7e9c-fcb8-4cf5-b401-3fb7accb4cdc@group-0F702FC51EF1-SegmentedRaftLogWorker"  prio=5 tid=620 timed_waiting
java.lang.Thread.State: TIMED_WAITING
        at sun.misc.Unsafe.park(Native Method)
        at java.util.concurrent.locks.LockSupport.parkNanos(LockSupport.java:215)
        at java.util.concurrent.locks.AbstractQueuedSynchronizer$ConditionObject.awaitNanos(AbstractQueuedSynchronizer.java:2078)
        at org.apache.ratis.util.DataBlockingQueue.poll(DataBlockingQueue.java:148)
        at org.apache.ratis.server.raftlog.segmented.SegmentedRaftLogWorker.run(SegmentedRaftLogWorker.java:310)
        at org.apache.ratis.server.raftlog.segmented.SegmentedRaftLogWorker$$Lambda$665/990731450.run(Unknown Source)
        at java.lang.Thread.run(Thread.java:750)
"qtp329849858-292" daemon prio=5 tid=292 timed_waiting
java.lang.Thread.State: TIMED_WAITING
        at sun.misc.Unsafe.park(Native Method)
        at java.util.concurrent.locks.LockSupport.parkNanos(LockSupport.java:215)
        at java.util.concurrent.locks.AbstractQueuedSynchronizer$ConditionObject.awaitNanos(AbstractQueuedSynchronizer.java:2078)
        at org.eclipse.jetty.util.BlockingArrayQueue.poll(BlockingArrayQueue.java:382)
        at org.eclipse.jetty.util.thread.QueuedThreadPool$Runner.idleJobPoll(QueuedThreadPool.java:974)
        at org.eclipse.jetty.util.thread.QueuedThreadPool$Runner.run(QueuedThreadPool.java:1018)
        at java.lang.Thread.run(Thread.java:750)
"qtp230464909-189" daemon prio=5 tid=189 timed_waiting
java.lang.Thread.State: TIMED_WAITING
        at sun.misc.Unsafe.park(Native Method)
        at java.util.concurrent.locks.LockSupport.parkNanos(LockSupport.java:215)
        at java.util.concurrent.locks.AbstractQueuedSynchronizer$ConditionObject.awaitNanos(AbstractQueuedSynchronizer.java:2078)
        at org.eclipse.jetty.util.BlockingArrayQueue.poll(BlockingArrayQueue.java:382)
        at org.eclipse.jetty.util.thread.QueuedThreadPool$Runner.idleJobPoll(QueuedThreadPool.java:974)
        at org.eclipse.jetty.util.thread.QueuedThreadPool$Runner.run(QueuedThreadPool.java:1018)
        at java.lang.Thread.run(Thread.java:750)
"IPC Server handler 19 on default port 42403" daemon prio=5 tid=173 timed_waiting
java.lang.Thread.State: TIMED_WAITING
        at sun.misc.Unsafe.park(Native Method)
        at java.util.concurrent.locks.LockSupport.parkNanos(LockSupport.java:215)
        at java.util.concurrent.locks.AbstractQueuedSynchronizer$ConditionObject.awaitNanos(AbstractQueuedSynchronizer.java:2078)
        at java.util.concurrent.LinkedBlockingQueue.poll(LinkedBlockingQueue.java:467)
        at org.apache.hadoop.ipc.CallQueueManager.take(CallQueueManager.java:317)
        at org.apache.hadoop.ipc.Server$Handler.run(Server.java:2942)
"qtp1374355136-110" daemon prio=5 tid=110 runnable
java.lang.Thread.State: RUNNABLE
        at sun.nio.ch.EPollArrayWrapper.epollWait(Native Method)
        at sun.nio.ch.EPollArrayWrapper.poll(EPollArrayWrapper.java:269)
        at sun.nio.ch.EPollSelectorImpl.doSelect(EPollSelectorImpl.java:93)
        at sun.nio.ch.SelectorImpl.lockAndDoSelect(SelectorImpl.java:86)
        at sun.nio.ch.SelectorImpl.select(SelectorImpl.java:97)
        at sun.nio.ch.SelectorImpl.select(SelectorImpl.java:101)
        at org.eclipse.jetty.io.ManagedSelector.nioSelect(ManagedSelector.java:183)
        at org.eclipse.jetty.io.ManagedSelector.select(ManagedSelector.java:190)
        at org.eclipse.jetty.io.ManagedSelector$SelectorProducer.select(ManagedSelector.java:606)
        at org.eclipse.jetty.io.ManagedSelector$SelectorProducer.produce(ManagedSelector.java:543)
        at org.eclipse.jetty.util.thread.strategy.EatWhatYouKill.produceTask(EatWhatYouKill.java:362)
        at org.eclipse.jetty.util.thread.strategy.EatWhatYouKill.doProduce(EatWhatYouKill.java:186)
        at org.eclipse.jetty.util.thread.strategy.EatWhatYouKill.tryProduce(EatWhatYouKill.java:173)
        at org.eclipse.jetty.util.thread.strategy.EatWhatYouKill.produce(EatWhatYouKill.java:137)
        at org.eclipse.jetty.io.ManagedSelector$$Lambda$446/1576513034.run(Unknown Source)
        at org.eclipse.jetty.util.thread.QueuedThreadPool.runJob(QueuedThreadPool.java:883)
        at org.eclipse.jetty.util.thread.QueuedThreadPool$Runner.run(QueuedThreadPool.java:1034)
        at java.lang.Thread.run(Thread.java:750)
"qtp563908089-360" daemon prio=5 tid=360 timed_waiting
java.lang.Thread.State: TIMED_WAITING
        at sun.misc.Unsafe.park(Native Method)
        at java.util.concurrent.locks.LockSupport.parkNanos(LockSupport.java:215)
        at java.util.concurrent.locks.AbstractQueuedSynchronizer$ConditionObject.awaitNanos(AbstractQueuedSynchronizer.java:2078)
        at org.eclipse.jetty.util.BlockingArrayQueue.poll(BlockingArrayQueue.java:382)
        at org.eclipse.jetty.util.thread.QueuedThreadPool$Runner.idleJobPoll(QueuedThreadPool.java:974)
        at org.eclipse.jetty.util.thread.QueuedThreadPool$Runner.run(QueuedThreadPool.java:1018)
        at java.lang.Thread.run(Thread.java:750)
"ChunkReader-2" daemon prio=5 tid=775 in Object.wait()
java.lang.Thread.State: WAITING (on object monitor)
        at sun.misc.Unsafe.park(Native Method)
        at java.util.concurrent.locks.LockSupport.park(LockSupport.java:175)
        at java.util.concurrent.locks.AbstractQueuedSynchronizer$ConditionObject.await(AbstractQueuedSynchronizer.java:2039)
        at java.util.concurrent.LinkedBlockingQueue.take(LinkedBlockingQueue.java:442)
        at java.util.concurrent.ThreadPoolExecutor.getTask(ThreadPoolExecutor.java:1074)
        at java.util.concurrent.ThreadPoolExecutor.runWorker(ThreadPoolExecutor.java:1134)
        at java.util.concurrent.ThreadPoolExecutor$Worker.run(ThreadPoolExecutor.java:624)
        at java.lang.Thread.run(Thread.java:750)
"ChunkWriter-1-0" daemon prio=5 tid=367 in Object.wait()
java.lang.Thread.State: WAITING (on object monitor)
        at sun.misc.Unsafe.park(Native Method)
        at java.util.concurrent.locks.LockSupport.park(LockSupport.java:175)
        at java.util.concurrent.locks.AbstractQueuedSynchronizer$ConditionObject.await(AbstractQueuedSynchronizer.java:2039)
        at java.util.concurrent.LinkedBlockingDeque.takeFirst(LinkedBlockingDeque.java:492)
        at java.util.concurrent.LinkedBlockingDeque.take(LinkedBlockingDeque.java:680)
        at java.util.concurrent.ThreadPoolExecutor.getTask(ThreadPoolExecutor.java:1074)
        at java.util.concurrent.ThreadPoolExecutor.runWorker(ThreadPoolExecutor.java:1134)
        at java.util.concurrent.ThreadPoolExecutor$Worker.run(ThreadPoolExecutor.java:624)
        at java.lang.Thread.run(Thread.java:750)
"qtp563908089-357" daemon prio=5 tid=357 timed_waiting
java.lang.Thread.State: TIMED_WAITING
        at sun.misc.Unsafe.park(Native Method)
        at java.util.concurrent.locks.LockSupport.parkNanos(LockSupport.java:215)
        at java.util.concurrent.locks.AbstractQueuedSynchronizer$ConditionObject.awaitNanos(AbstractQueuedSynchronizer.java:2078)
        at org.eclipse.jetty.util.BlockingArrayQueue.poll(BlockingArrayQueue.java:382)
        at org.eclipse.jetty.util.thread.QueuedThreadPool$Runner.idleJobPoll(QueuedThreadPool.java:974)
        at org.eclipse.jetty.util.thread.QueuedThreadPool$Runner.run(QueuedThreadPool.java:1018)
        at java.lang.Thread.run(Thread.java:750)
"cc281ddc-c10d-4250-8559-4debec3b143b@group-79F6478414F1-SegmentedRaftLogWorker"  prio=5 tid=681 timed_waiting
java.lang.Thread.State: TIMED_WAITING
        at sun.misc.Unsafe.park(Native Method)
        at java.util.concurrent.locks.LockSupport.parkNanos(LockSupport.java:215)
        at java.util.concurrent.locks.AbstractQueuedSynchronizer$ConditionObject.awaitNanos(AbstractQueuedSynchronizer.java:2078)
        at org.apache.ratis.util.DataBlockingQueue.poll(DataBlockingQueue.java:148)
        at org.apache.ratis.server.raftlog.segmented.SegmentedRaftLogWorker.run(SegmentedRaftLogWorker.java:310)
        at org.apache.ratis.server.raftlog.segmented.SegmentedRaftLogWorker$$Lambda$665/990731450.run(Unknown Source)
        at java.lang.Thread.run(Thread.java:750)
"IPC Server handler 9 on default port 42553" daemon prio=5 tid=76 timed_waiting
java.lang.Thread.State: TIMED_WAITING
        at sun.misc.Unsafe.park(Native Method)
        at java.util.concurrent.locks.LockSupport.parkNanos(LockSupport.java:215)
        at java.util.concurrent.locks.AbstractQueuedSynchronizer$ConditionObject.awaitNanos(AbstractQueuedSynchronizer.java:2078)
        at java.util.concurrent.LinkedBlockingQueue.poll(LinkedBlockingQueue.java:467)
        at org.apache.hadoop.ipc.CallQueueManager.take(CallQueueManager.java:317)
        at org.apache.hadoop.ipc.Server$Handler.run(Server.java:2942)
"Datanode ReportManager Thread - 0" daemon prio=5 tid=222 in Object.wait()
java.lang.Thread.State: WAITING (on object monitor)
        at sun.misc.Unsafe.park(Native Method)
        at java.util.concurrent.locks.LockSupport.park(LockSupport.java:175)
        at java.util.concurrent.locks.AbstractQueuedSynchronizer$ConditionObject.await(AbstractQueuedSynchronizer.java:2039)
        at java.util.concurrent.ScheduledThreadPoolExecutor$DelayedWorkQueue.take(ScheduledThreadPoolExecutor.java:1088)
        at java.util.concurrent.ScheduledThreadPoolExecutor$DelayedWorkQueue.take(ScheduledThreadPoolExecutor.java:809)
        at java.util.concurrent.ThreadPoolExecutor.getTask(ThreadPoolExecutor.java:1074)
        at java.util.concurrent.ThreadPoolExecutor.runWorker(ThreadPoolExecutor.java:1134)
        at java.util.concurrent.ThreadPoolExecutor$Worker.run(ThreadPoolExecutor.java:624)
        at java.lang.Thread.run(Thread.java:750)
"ChunkWriter-3-0" daemon prio=5 tid=445 in Object.wait()
java.lang.Thread.State: WAITING (on object monitor)
        at sun.misc.Unsafe.park(Native Method)
        at java.util.concurrent.locks.LockSupport.park(LockSupport.java:175)
        at java.util.concurrent.locks.AbstractQueuedSynchronizer$ConditionObject.await(AbstractQueuedSynchronizer.java:2039)
        at java.util.concurrent.LinkedBlockingDeque.takeFirst(LinkedBlockingDeque.java:492)
        at java.util.concurrent.LinkedBlockingDeque.take(LinkedBlockingDeque.java:680)
        at java.util.concurrent.ThreadPoolExecutor.getTask(ThreadPoolExecutor.java:1074)
        at java.util.concurrent.ThreadPoolExecutor.runWorker(ThreadPoolExecutor.java:1134)
        at java.util.concurrent.ThreadPoolExecutor$Worker.run(ThreadPoolExecutor.java:624)
        at java.lang.Thread.run(Thread.java:750)
"2277c71a-7226-47f8-a4ca-90f752095403-server-thread3" daemon prio=5 tid=842 timed_waiting
java.lang.Thread.State: TIMED_WAITING
        at sun.misc.Unsafe.park(Native Method)
        at java.util.concurrent.locks.LockSupport.parkNanos(LockSupport.java:215)
        at java.util.concurrent.SynchronousQueue$TransferStack.awaitFulfill(SynchronousQueue.java:460)
        at java.util.concurrent.SynchronousQueue$TransferStack.transfer(SynchronousQueue.java:362)
        at java.util.concurrent.SynchronousQueue.poll(SynchronousQueue.java:941)
        at java.util.concurrent.ThreadPoolExecutor.getTask(ThreadPoolExecutor.java:1073)
        at java.util.concurrent.ThreadPoolExecutor.runWorker(ThreadPoolExecutor.java:1134)
        at java.util.concurrent.ThreadPoolExecutor$Worker.run(ThreadPoolExecutor.java:624)
        at java.lang.Thread.run(Thread.java:750)
"qtp1108487976-148" daemon prio=5 tid=148 timed_waiting
java.lang.Thread.State: TIMED_WAITING
        at sun.misc.Unsafe.park(Native Method)
        at java.util.concurrent.locks.LockSupport.parkNanos(LockSupport.java:215)
        at java.util.concurrent.locks.AbstractQueuedSynchronizer$ConditionObject.awaitNanos(AbstractQueuedSynchronizer.java:2078)
        at org.eclipse.jetty.util.BlockingArrayQueue.poll(BlockingArrayQueue.java:382)
        at org.eclipse.jetty.util.thread.QueuedThreadPool$Runner.idleJobPoll(QueuedThreadPool.java:974)
        at org.eclipse.jetty.util.thread.QueuedThreadPool$Runner.run(QueuedThreadPool.java:1018)
        at java.lang.Thread.run(Thread.java:750)
"4c8c7e9c-fcb8-4cf5-b401-3fb7accb4cdc-server-thread1" daemon prio=5 tid=751 timed_waiting
java.lang.Thread.State: TIMED_WAITING
        at sun.misc.Unsafe.park(Native Method)
        at java.util.concurrent.locks.LockSupport.parkNanos(LockSupport.java:215)
        at java.util.concurrent.SynchronousQueue$TransferStack.awaitFulfill(SynchronousQueue.java:460)
        at java.util.concurrent.SynchronousQueue$TransferStack.transfer(SynchronousQueue.java:362)
        at java.util.concurrent.SynchronousQueue.poll(SynchronousQueue.java:941)
        at java.util.concurrent.ThreadPoolExecutor.getTask(ThreadPoolExecutor.java:1073)
        at java.util.concurrent.ThreadPoolExecutor.runWorker(ThreadPoolExecutor.java:1134)
        at java.util.concurrent.ThreadPoolExecutor$Worker.run(ThreadPoolExecutor.java:624)
        at java.lang.Thread.run(Thread.java:750)
"Datanode ReportManager Thread - 1" daemon prio=5 tid=197 in Object.wait()
java.lang.Thread.State: WAITING (on object monitor)
        at sun.misc.Unsafe.park(Native Method)
        at java.util.concurrent.locks.LockSupport.park(LockSupport.java:175)
        at java.util.concurrent.locks.AbstractQueuedSynchronizer$ConditionObject.await(AbstractQueuedSynchronizer.java:2039)
        at java.util.concurrent.ScheduledThreadPoolExecutor$DelayedWorkQueue.take(ScheduledThreadPoolExecutor.java:1088)
        at java.util.concurrent.ScheduledThreadPoolExecutor$DelayedWorkQueue.take(ScheduledThreadPoolExecutor.java:809)
        at java.util.concurrent.ThreadPoolExecutor.getTask(ThreadPoolExecutor.java:1074)
        at java.util.concurrent.ThreadPoolExecutor.runWorker(ThreadPoolExecutor.java:1134)
        at java.util.concurrent.ThreadPoolExecutor$Worker.run(ThreadPoolExecutor.java:624)
        at java.lang.Thread.run(Thread.java:750)
"IPC Server handler 5 on default port 42403" daemon prio=5 tid=159 timed_waiting
java.lang.Thread.State: TIMED_WAITING
        at sun.misc.Unsafe.park(Native Method)
        at java.util.concurrent.locks.LockSupport.parkNanos(LockSupport.java:215)
        at java.util.concurrent.locks.AbstractQueuedSynchronizer$ConditionObject.awaitNanos(AbstractQueuedSynchronizer.java:2078)
        at java.util.concurrent.LinkedBlockingQueue.poll(LinkedBlockingQueue.java:467)
        at org.apache.hadoop.ipc.CallQueueManager.take(CallQueueManager.java:317)
        at org.apache.hadoop.ipc.Server$Handler.run(Server.java:2942)
"timer6" daemon prio=5 tid=723 timed_waiting
java.lang.Thread.State: TIMED_WAITING
        at java.lang.Object.wait(Native Method)
        at java.util.TimerThread.mainLoop(Timer.java:552)
        at java.util.TimerThread.run(Timer.java:505)
"org.apache.hadoop.util.JvmPauseMonitor$Monitor@1afabf06" daemon prio=5 tid=108 timed_waiting
java.lang.Thread.State: TIMED_WAITING
        at java.lang.Thread.sleep(Native Method)
        at org.apache.hadoop.util.JvmPauseMonitor$Monitor.run(JvmPauseMonitor.java:192)
        at java.lang.Thread.run(Thread.java:750)
"ChunkWriter-0-0" daemon prio=5 tid=328 in Object.wait()
java.lang.Thread.State: WAITING (on object monitor)
        at sun.misc.Unsafe.park(Native Method)
        at java.util.concurrent.locks.LockSupport.park(LockSupport.java:175)
        at java.util.concurrent.locks.AbstractQueuedSynchronizer$ConditionObject.await(AbstractQueuedSynchronizer.java:2039)
        at java.util.concurrent.LinkedBlockingDeque.takeFirst(LinkedBlockingDeque.java:492)
        at java.util.concurrent.LinkedBlockingDeque.take(LinkedBlockingDeque.java:680)
        at java.util.concurrent.ThreadPoolExecutor.getTask(ThreadPoolExecutor.java:1074)
        at java.util.concurrent.ThreadPoolExecutor.runWorker(ThreadPoolExecutor.java:1134)
        at java.util.concurrent.ThreadPoolExecutor$Worker.run(ThreadPoolExecutor.java:624)
        at java.lang.Thread.run(Thread.java:750)
"Datanode State Machine Task Thread - 0"  prio=5 tid=384 in Object.wait()
java.lang.Thread.State: WAITING (on object monitor)
        at sun.misc.Unsafe.park(Native Method)
        at java.util.concurrent.locks.LockSupport.park(LockSupport.java:175)
        at java.util.concurrent.locks.AbstractQueuedSynchronizer$ConditionObject.await(AbstractQueuedSynchronizer.java:2039)
        at java.util.concurrent.LinkedBlockingQueue.take(LinkedBlockingQueue.java:442)
        at java.util.concurrent.ThreadPoolExecutor.getTask(ThreadPoolExecutor.java:1074)
        at java.util.concurrent.ThreadPoolExecutor.runWorker(ThreadPoolExecutor.java:1134)
        at java.util.concurrent.ThreadPoolExecutor$Worker.run(ThreadPoolExecutor.java:624)
        at java.lang.Thread.run(Thread.java:750)
"Datanode State Machine Task Thread - 0"  prio=5 tid=229 in Object.wait()
java.lang.Thread.State: WAITING (on object monitor)
        at sun.misc.Unsafe.park(Native Method)
        at java.util.concurrent.locks.LockSupport.park(LockSupport.java:175)
        at java.util.concurrent.locks.AbstractQueuedSynchronizer$ConditionObject.await(AbstractQueuedSynchronizer.java:2039)
        at java.util.concurrent.LinkedBlockingQueue.take(LinkedBlockingQueue.java:442)
        at java.util.concurrent.ThreadPoolExecutor.getTask(ThreadPoolExecutor.java:1074)
        at java.util.concurrent.ThreadPoolExecutor.runWorker(ThreadPoolExecutor.java:1134)
        at java.util.concurrent.ThreadPoolExecutor$Worker.run(ThreadPoolExecutor.java:624)
        at java.lang.Thread.run(Thread.java:750)
"IPC Server handler 7 on default port 41185" daemon prio=5 tid=94 timed_waiting
java.lang.Thread.State: TIMED_WAITING
        at sun.misc.Unsafe.park(Native Method)
        at java.util.concurrent.locks.LockSupport.parkNanos(LockSupport.java:215)
        at java.util.concurrent.locks.AbstractQueuedSynchronizer$ConditionObject.awaitNanos(AbstractQueuedSynchronizer.java:2078)
        at java.util.concurrent.LinkedBlockingQueue.poll(LinkedBlockingQueue.java:467)
        at org.apache.hadoop.ipc.CallQueueManager.take(CallQueueManager.java:317)
        at org.apache.hadoop.ipc.Server$Handler.run(Server.java:2942)
"b6bc655b-a75f-4a95-a86c-7969b7c6987b-server-thread3" daemon prio=5 tid=702 timed_waiting
java.lang.Thread.State: TIMED_WAITING
        at sun.misc.Unsafe.park(Native Method)
        at java.util.concurrent.locks.LockSupport.parkNanos(LockSupport.java:215)
        at java.util.concurrent.SynchronousQueue$TransferStack.awaitFulfill(SynchronousQueue.java:460)
        at java.util.concurrent.SynchronousQueue$TransferStack.transfer(SynchronousQueue.java:362)
        at java.util.concurrent.SynchronousQueue.poll(SynchronousQueue.java:941)
        at java.util.concurrent.ThreadPoolExecutor.getTask(ThreadPoolExecutor.java:1073)
        at java.util.concurrent.ThreadPoolExecutor.runWorker(ThreadPoolExecutor.java:1134)
        at java.util.concurrent.ThreadPoolExecutor$Worker.run(ThreadPoolExecutor.java:624)
        at java.lang.Thread.run(Thread.java:750)
"IPC Server Responder" daemon prio=5 tid=133 runnable
java.lang.Thread.State: RUNNABLE
        at sun.nio.ch.EPollArrayWrapper.epollWait(Native Method)
        at sun.nio.ch.EPollArrayWrapper.poll(EPollArrayWrapper.java:269)
        at sun.nio.ch.EPollSelectorImpl.doSelect(EPollSelectorImpl.java:93)
        at sun.nio.ch.SelectorImpl.lockAndDoSelect(SelectorImpl.java:86)
        at sun.nio.ch.SelectorImpl.select(SelectorImpl.java:97)
        at org.apache.hadoop.ipc.Server$Responder.doRunLoop(Server.java:1532)
        at org.apache.hadoop.ipc.Server$Responder.run(Server.java:1515)
"IPC Server handler 2 on default port 42553" daemon prio=5 tid=69 timed_waiting
java.lang.Thread.State: TIMED_WAITING
        at sun.misc.Unsafe.park(Native Method)
        at java.util.concurrent.locks.LockSupport.parkNanos(LockSupport.java:215)
        at java.util.concurrent.locks.AbstractQueuedSynchronizer$ConditionObject.awaitNanos(AbstractQueuedSynchronizer.java:2078)
        at java.util.concurrent.LinkedBlockingQueue.poll(LinkedBlockingQueue.java:467)
        at org.apache.hadoop.ipc.CallQueueManager.take(CallQueueManager.java:317)
        at org.apache.hadoop.ipc.Server$Handler.run(Server.java:2942)
"qtp36960764-395-acceptor-0@224d67ca-ServerConnector@539f603f{HTTP/1.1, (http/1.1)}{0.0.0.0:40313}" daemon prio=3 tid=395 runnable
java.lang.Thread.State: RUNNABLE
        at sun.nio.ch.ServerSocketChannelImpl.accept0(Native Method)
        at sun.nio.ch.ServerSocketChannelImpl.accept(ServerSocketChannelImpl.java:421)
        at sun.nio.ch.ServerSocketChannelImpl.accept(ServerSocketChannelImpl.java:249)
        at org.eclipse.jetty.server.ServerConnector.accept(ServerConnector.java:388)
        at org.eclipse.jetty.server.AbstractConnector$Acceptor.run(AbstractConnector.java:704)
        at org.eclipse.jetty.util.thread.QueuedThreadPool.runJob(QueuedThreadPool.java:883)
        at org.eclipse.jetty.util.thread.QueuedThreadPool$Runner.run(QueuedThreadPool.java:1034)
        at java.lang.Thread.run(Thread.java:750)
"Datanode ReportManager Thread - 1" daemon prio=5 tid=340 timed_waiting
java.lang.Thread.State: TIMED_WAITING
        at sun.misc.Unsafe.park(Native Method)
        at java.util.concurrent.locks.LockSupport.parkNanos(LockSupport.java:215)
        at java.util.concurrent.locks.AbstractQueuedSynchronizer$ConditionObject.awaitNanos(AbstractQueuedSynchronizer.java:2078)
        at java.util.concurrent.ScheduledThreadPoolExecutor$DelayedWorkQueue.take(ScheduledThreadPoolExecutor.java:1093)
        at java.util.concurrent.ScheduledThreadPoolExecutor$DelayedWorkQueue.take(ScheduledThreadPoolExecutor.java:809)
        at java.util.concurrent.ThreadPoolExecutor.getTask(ThreadPoolExecutor.java:1074)
        at java.util.concurrent.ThreadPoolExecutor.runWorker(ThreadPoolExecutor.java:1134)
        at java.util.concurrent.ThreadPoolExecutor$Worker.run(ThreadPoolExecutor.java:624)
        at java.lang.Thread.run(Thread.java:750)
"4c8c7e9c-fcb8-4cf5-b401-3fb7accb4cdc@group-068915523544-LeaderStateImpl" daemon prio=5 tid=766 timed_waiting
java.lang.Thread.State: TIMED_WAITING
        at sun.misc.Unsafe.park(Native Method)
        at java.util.concurrent.locks.LockSupport.parkNanos(LockSupport.java:215)
        at java.util.concurrent.locks.AbstractQueuedSynchronizer$ConditionObject.awaitNanos(AbstractQueuedSynchronizer.java:2078)
        at java.util.concurrent.ArrayBlockingQueue.poll(ArrayBlockingQueue.java:418)
        at org.apache.ratis.server.impl.LeaderStateImpl$EventQueue.poll(LeaderStateImpl.java:159)
        at org.apache.ratis.server.impl.LeaderStateImpl$EventProcessor.run(LeaderStateImpl.java:630)
"org.apache.hadoop.util.JvmPauseMonitor$Monitor@5d7bef95" daemon prio=5 tid=503 timed_waiting
java.lang.Thread.State: TIMED_WAITING
        at java.lang.Thread.sleep(Native Method)
        at org.apache.hadoop.util.JvmPauseMonitor$Monitor.run(JvmPauseMonitor.java:192)
        at java.lang.Thread.run(Thread.java:750)
"EndpointStateMachine task thread for /0.0.0.0:41185 - 0 "  prio=5 tid=403 in Object.wait()
java.lang.Thread.State: WAITING (on object monitor)
        at sun.misc.Unsafe.park(Native Method)
        at java.util.concurrent.locks.LockSupport.park(LockSupport.java:175)
        at java.util.concurrent.locks.AbstractQueuedSynchronizer$ConditionObject.await(AbstractQueuedSynchronizer.java:2039)
        at java.util.concurrent.LinkedBlockingQueue.take(LinkedBlockingQueue.java:442)
        at java.util.concurrent.ThreadPoolExecutor.getTask(ThreadPoolExecutor.java:1074)
        at java.util.concurrent.ThreadPoolExecutor.runWorker(ThreadPoolExecutor.java:1134)
        at java.util.concurrent.ThreadPoolExecutor$Worker.run(ThreadPoolExecutor.java:624)
        at java.lang.Thread.run(Thread.java:750)
"IPC Server handler 8 on default port 42553" daemon prio=5 tid=75 timed_waiting
java.lang.Thread.State: TIMED_WAITING
        at sun.misc.Unsafe.park(Native Method)
        at java.util.concurrent.locks.LockSupport.parkNanos(LockSupport.java:215)
        at java.util.concurrent.locks.AbstractQueuedSynchronizer$ConditionObject.awaitNanos(AbstractQueuedSynchronizer.java:2078)
        at java.util.concurrent.LinkedBlockingQueue.poll(LinkedBlockingQueue.java:467)
        at org.apache.hadoop.ipc.CallQueueManager.take(CallQueueManager.java:317)
        at org.apache.hadoop.ipc.Server$Handler.run(Server.java:2942)
"StaleRecoveringContainerScrubbingService#1" daemon prio=5 tid=529 timed_waiting
java.lang.Thread.State: TIMED_WAITING
        at sun.misc.Unsafe.park(Native Method)
        at java.util.concurrent.locks.LockSupport.parkNanos(LockSupport.java:215)
        at java.util.concurrent.locks.AbstractQueuedSynchronizer$ConditionObject.awaitNanos(AbstractQueuedSynchronizer.java:2078)
        at java.util.concurrent.ScheduledThreadPoolExecutor$DelayedWorkQueue.take(ScheduledThreadPoolExecutor.java:1093)
        at java.util.concurrent.ScheduledThreadPoolExecutor$DelayedWorkQueue.take(ScheduledThreadPoolExecutor.java:809)
        at java.util.concurrent.ThreadPoolExecutor.getTask(ThreadPoolExecutor.java:1074)
        at java.util.concurrent.ThreadPoolExecutor.runWorker(ThreadPoolExecutor.java:1134)
        at java.util.concurrent.ThreadPoolExecutor$Worker.run(ThreadPoolExecutor.java:624)
        at java.lang.Thread.run(Thread.java:750)
"IPC Server handler 12 on default port 41185" daemon prio=5 tid=99 timed_waiting
java.lang.Thread.State: TIMED_WAITING
        at sun.misc.Unsafe.park(Native Method)
        at java.util.concurrent.locks.LockSupport.parkNanos(LockSupport.java:215)
        at java.util.concurrent.locks.AbstractQueuedSynchronizer$ConditionObject.awaitNanos(AbstractQueuedSynchronizer.java:2078)
        at java.util.concurrent.LinkedBlockingQueue.poll(LinkedBlockingQueue.java:467)
        at org.apache.hadoop.ipc.CallQueueManager.take(CallQueueManager.java:317)
        at org.apache.hadoop.ipc.Server$Handler.run(Server.java:2942)
"IPC Server handler 18 on default port 41185" daemon prio=5 tid=105 timed_waiting
java.lang.Thread.State: TIMED_WAITING
        at sun.misc.Unsafe.park(Native Method)
        at java.util.concurrent.locks.LockSupport.parkNanos(LockSupport.java:215)
        at java.util.concurrent.locks.AbstractQueuedSynchronizer$ConditionObject.awaitNanos(AbstractQueuedSynchronizer.java:2078)
        at java.util.concurrent.LinkedBlockingQueue.poll(LinkedBlockingQueue.java:467)
        at org.apache.hadoop.ipc.CallQueueManager.take(CallQueueManager.java:317)
        at org.apache.hadoop.ipc.Server$Handler.run(Server.java:2942)
"Command processor thread" daemon prio=5 tid=227 timed_waiting
java.lang.Thread.State: TIMED_WAITING
        at java.lang.Thread.sleep(Native Method)
        at org.apache.hadoop.ozone.container.common.statemachine.DatanodeStateMachine.lambda$initCommandHandlerThread$3(DatanodeStateMachine.java:641)
        at org.apache.hadoop.ozone.container.common.statemachine.DatanodeStateMachine$$Lambda$785/613122004.run(Unknown Source)
        at java.lang.Thread.run(Thread.java:750)
"BlockDeletingService#1" daemon prio=5 tid=336 timed_waiting
java.lang.Thread.State: TIMED_WAITING
        at sun.misc.Unsafe.park(Native Method)
        at java.util.concurrent.locks.LockSupport.parkNanos(LockSupport.java:215)
        at java.util.concurrent.locks.AbstractQueuedSynchronizer$ConditionObject.awaitNanos(AbstractQueuedSynchronizer.java:2078)
        at java.util.concurrent.ScheduledThreadPoolExecutor$DelayedWorkQueue.take(ScheduledThreadPoolExecutor.java:1093)
        at java.util.concurrent.ScheduledThreadPoolExecutor$DelayedWorkQueue.take(ScheduledThreadPoolExecutor.java:809)
        at java.util.concurrent.ThreadPoolExecutor.getTask(ThreadPoolExecutor.java:1074)
        at java.util.concurrent.ThreadPoolExecutor.runWorker(ThreadPoolExecutor.java:1134)
        at java.util.concurrent.ThreadPoolExecutor$Worker.run(ThreadPoolExecutor.java:624)
        at java.lang.Thread.run(Thread.java:750)
"ChunkWriter-2-0" daemon prio=5 tid=444 in Object.wait()
java.lang.Thread.State: WAITING (on object monitor)
        at sun.misc.Unsafe.park(Native Method)
        at java.util.concurrent.locks.LockSupport.park(LockSupport.java:175)
        at java.util.concurrent.locks.AbstractQueuedSynchronizer$ConditionObject.await(AbstractQueuedSynchronizer.java:2039)
        at java.util.concurrent.LinkedBlockingDeque.takeFirst(LinkedBlockingDeque.java:492)
        at java.util.concurrent.LinkedBlockingDeque.take(LinkedBlockingDeque.java:680)
        at java.util.concurrent.ThreadPoolExecutor.getTask(ThreadPoolExecutor.java:1074)
        at java.util.concurrent.ThreadPoolExecutor.runWorker(ThreadPoolExecutor.java:1134)
        at java.util.concurrent.ThreadPoolExecutor$Worker.run(ThreadPoolExecutor.java:624)
        at java.lang.Thread.run(Thread.java:750)
"BlockDeletingService#1" daemon prio=5 tid=412 timed_waiting
java.lang.Thread.State: TIMED_WAITING
        at sun.misc.Unsafe.park(Native Method)
        at java.util.concurrent.locks.LockSupport.parkNanos(LockSupport.java:215)
        at java.util.concurrent.locks.AbstractQueuedSynchronizer$ConditionObject.awaitNanos(AbstractQueuedSynchronizer.java:2078)
        at java.util.concurrent.ScheduledThreadPoolExecutor$DelayedWorkQueue.take(ScheduledThreadPoolExecutor.java:1093)
        at java.util.concurrent.ScheduledThreadPoolExecutor$DelayedWorkQueue.take(ScheduledThreadPoolExecutor.java:809)
        at java.util.concurrent.ThreadPoolExecutor.getTask(ThreadPoolExecutor.java:1074)
        at java.util.concurrent.ThreadPoolExecutor.runWorker(ThreadPoolExecutor.java:1134)
        at java.util.concurrent.ThreadPoolExecutor$Worker.run(ThreadPoolExecutor.java:624)
        at java.lang.Thread.run(Thread.java:750)
"IPC Server handler 4 on default port 42553" daemon prio=5 tid=71 timed_waiting
java.lang.Thread.State: TIMED_WAITING
        at sun.misc.Unsafe.park(Native Method)
        at java.util.concurrent.locks.LockSupport.parkNanos(LockSupport.java:215)
        at java.util.concurrent.locks.AbstractQueuedSynchronizer$ConditionObject.awaitNanos(AbstractQueuedSynchronizer.java:2078)
        at java.util.concurrent.LinkedBlockingQueue.poll(LinkedBlockingQueue.java:467)
        at org.apache.hadoop.ipc.CallQueueManager.take(CallQueueManager.java:317)
        at org.apache.hadoop.ipc.Server$Handler.run(Server.java:2942)
"Under Replicated Processor" daemon prio=5 tid=846 timed_waiting
java.lang.Thread.State: TIMED_WAITING
        at java.lang.Object.wait(Native Method)
        at org.apache.hadoop.hdds.scm.container.replication.UnderReplicatedProcessor.run(UnderReplicatedProcessor.java:142)
        at java.lang.Thread.run(Thread.java:750)
"b6bc655b-a75f-4a95-a86c-7969b7c6987b@group-26F38406CDA9-LeaderStateImpl" daemon prio=5 tid=714 timed_waiting
java.lang.Thread.State: TIMED_WAITING
        at sun.misc.Unsafe.park(Native Method)
        at java.util.concurrent.locks.LockSupport.parkNanos(LockSupport.java:215)
        at java.util.concurrent.locks.AbstractQueuedSynchronizer$ConditionObject.awaitNanos(AbstractQueuedSynchronizer.java:2078)
        at java.util.concurrent.ArrayBlockingQueue.poll(ArrayBlockingQueue.java:418)
        at org.apache.ratis.server.impl.LeaderStateImpl$EventQueue.poll(LeaderStateImpl.java:159)
        at org.apache.ratis.server.impl.LeaderStateImpl$EventProcessor.run(LeaderStateImpl.java:630)
"qtp738848490-323" daemon prio=5 tid=323 timed_waiting
java.lang.Thread.State: TIMED_WAITING
        at sun.misc.Unsafe.park(Native Method)
        at java.util.concurrent.locks.LockSupport.parkNanos(LockSupport.java:215)
        at java.util.concurrent.locks.AbstractQueuedSynchronizer$ConditionObject.awaitNanos(AbstractQueuedSynchronizer.java:2078)
        at org.eclipse.jetty.util.BlockingArrayQueue.poll(BlockingArrayQueue.java:382)
        at org.eclipse.jetty.util.thread.QueuedThreadPool$Runner.idleJobPoll(QueuedThreadPool.java:974)
        at org.eclipse.jetty.util.thread.QueuedThreadPool$Runner.run(QueuedThreadPool.java:1018)
        at java.lang.Thread.run(Thread.java:750)
"8b45bab1-f519-4e04-ad6f-9efd561d6d57@group-0F702FC51EF1-LeaderStateImpl" daemon prio=5 tid=831 timed_waiting
java.lang.Thread.State: TIMED_WAITING
        at sun.misc.Unsafe.park(Native Method)
        at java.util.concurrent.locks.LockSupport.parkNanos(LockSupport.java:215)
        at java.util.concurrent.locks.AbstractQueuedSynchronizer$ConditionObject.awaitNanos(AbstractQueuedSynchronizer.java:2078)
        at java.util.concurrent.ArrayBlockingQueue.poll(ArrayBlockingQueue.java:418)
        at org.apache.ratis.server.impl.LeaderStateImpl$EventQueue.poll(LeaderStateImpl.java:159)
        at org.apache.ratis.server.impl.LeaderStateImpl$EventProcessor.run(LeaderStateImpl.java:630)
"BlockDeletingService#1" daemon prio=5 tid=516 timed_waiting
java.lang.Thread.State: TIMED_WAITING
        at sun.misc.Unsafe.park(Native Method)
        at java.util.concurrent.locks.LockSupport.parkNanos(LockSupport.java:215)
        at java.util.concurrent.locks.AbstractQueuedSynchronizer$ConditionObject.awaitNanos(AbstractQueuedSynchronizer.java:2078)
        at java.util.concurrent.ScheduledThreadPoolExecutor$DelayedWorkQueue.take(ScheduledThreadPoolExecutor.java:1093)
        at java.util.concurrent.ScheduledThreadPoolExecutor$DelayedWorkQueue.take(ScheduledThreadPoolExecutor.java:809)
        at java.util.concurrent.ThreadPoolExecutor.getTask(ThreadPoolExecutor.java:1074)
        at java.util.concurrent.ThreadPoolExecutor.runWorker(ThreadPoolExecutor.java:1134)
        at java.util.concurrent.ThreadPoolExecutor$Worker.run(ThreadPoolExecutor.java:624)
        at java.lang.Thread.run(Thread.java:750)
"Datanode State Machine Daemon Thread" daemon prio=5 tid=221 timed_waiting
java.lang.Thread.State: TIMED_WAITING
        at java.lang.Thread.sleep(Native Method)
        at org.apache.hadoop.ozone.container.common.statemachine.DatanodeStateMachine.startStateMachineThread(DatanodeStateMachine.java:321)
        at org.apache.hadoop.ozone.container.common.statemachine.DatanodeStateMachine.lambda$startDaemon$0(DatanodeStateMachine.java:506)
        at org.apache.hadoop.ozone.container.common.statemachine.DatanodeStateMachine$$Lambda$782/1106125451.run(Unknown Source)
        at java.lang.Thread.run(Thread.java:750)
"b6bc655b-a75f-4a95-a86c-7969b7c6987b-server-thread2" daemon prio=5 tid=701 timed_waiting
java.lang.Thread.State: TIMED_WAITING
        at sun.misc.Unsafe.park(Native Method)
        at java.util.concurrent.locks.LockSupport.parkNanos(LockSupport.java:215)
        at java.util.concurrent.SynchronousQueue$TransferStack.awaitFulfill(SynchronousQueue.java:460)
        at java.util.concurrent.SynchronousQueue$TransferStack.transfer(SynchronousQueue.java:362)
        at java.util.concurrent.SynchronousQueue.poll(SynchronousQueue.java:941)
        at java.util.concurrent.ThreadPoolExecutor.getTask(ThreadPoolExecutor.java:1073)
        at java.util.concurrent.ThreadPoolExecutor.runWorker(ThreadPoolExecutor.java:1134)
        at java.util.concurrent.ThreadPoolExecutor$Worker.run(ThreadPoolExecutor.java:624)
        at java.lang.Thread.run(Thread.java:750)
"IPC Server handler 3 on default port 42403" daemon prio=5 tid=157 timed_waiting
java.lang.Thread.State: TIMED_WAITING
        at sun.misc.Unsafe.park(Native Method)
        at java.util.concurrent.locks.LockSupport.parkNanos(LockSupport.java:215)
        at java.util.concurrent.locks.AbstractQueuedSynchronizer$ConditionObject.awaitNanos(AbstractQueuedSynchronizer.java:2078)
        at java.util.concurrent.LinkedBlockingQueue.poll(LinkedBlockingQueue.java:467)
        at org.apache.hadoop.ipc.CallQueueManager.take(CallQueueManager.java:317)
        at org.apache.hadoop.ipc.Server$Handler.run(Server.java:2942)
"IPC Server handler 15 on default port 41185" daemon prio=5 tid=102 timed_waiting
java.lang.Thread.State: TIMED_WAITING
        at sun.misc.Unsafe.park(Native Method)
        at java.util.concurrent.locks.LockSupport.parkNanos(LockSupport.java:215)
        at java.util.concurrent.locks.AbstractQueuedSynchronizer$ConditionObject.awaitNanos(AbstractQueuedSynchronizer.java:2078)
        at java.util.concurrent.LinkedBlockingQueue.poll(LinkedBlockingQueue.java:467)
        at org.apache.hadoop.ipc.CallQueueManager.take(CallQueueManager.java:317)
        at org.apache.hadoop.ipc.Server$Handler.run(Server.java:2942)
"StaleRecoveringContainerScrubbingService#0" daemon prio=5 tid=335 in Object.wait()
java.lang.Thread.State: WAITING (on object monitor)
        at sun.misc.Unsafe.park(Native Method)
        at java.util.concurrent.locks.LockSupport.park(LockSupport.java:175)
        at java.util.concurrent.locks.AbstractQueuedSynchronizer$ConditionObject.await(AbstractQueuedSynchronizer.java:2039)
        at java.util.concurrent.ScheduledThreadPoolExecutor$DelayedWorkQueue.take(ScheduledThreadPoolExecutor.java:1088)
        at java.util.concurrent.ScheduledThreadPoolExecutor$DelayedWorkQueue.take(ScheduledThreadPoolExecutor.java:809)
        at java.util.concurrent.ThreadPoolExecutor.getTask(ThreadPoolExecutor.java:1074)
        at java.util.concurrent.ThreadPoolExecutor.runWorker(ThreadPoolExecutor.java:1134)
        at java.util.concurrent.ThreadPoolExecutor$Worker.run(ThreadPoolExecutor.java:624)
        at java.lang.Thread.run(Thread.java:750)
"qtp1374355136-114" daemon prio=5 tid=114 timed_waiting
java.lang.Thread.State: TIMED_WAITING
        at sun.misc.Unsafe.park(Native Method)
        at java.util.concurrent.locks.LockSupport.parkNanos(LockSupport.java:215)
        at java.util.concurrent.locks.AbstractQueuedSynchronizer$ConditionObject.awaitNanos(AbstractQueuedSynchronizer.java:2078)
        at org.eclipse.jetty.util.BlockingArrayQueue.poll(BlockingArrayQueue.java:382)
        at org.eclipse.jetty.util.thread.QueuedThreadPool$Runner.idleJobPoll(QueuedThreadPool.java:974)
        at org.eclipse.jetty.util.thread.QueuedThreadPool$Runner.run(QueuedThreadPool.java:1018)
        at java.lang.Thread.run(Thread.java:750)
"qtp1374355136-113" daemon prio=5 tid=113 timed_waiting
java.lang.Thread.State: TIMED_WAITING
        at sun.misc.Unsafe.park(Native Method)
        at java.util.concurrent.locks.LockSupport.parkNanos(LockSupport.java:215)
        at java.util.concurrent.locks.AbstractQueuedSynchronizer$ConditionObject.awaitNanos(AbstractQueuedSynchronizer.java:2078)
        at org.eclipse.jetty.util.BlockingArrayQueue.poll(BlockingArrayQueue.java:382)
        at org.eclipse.jetty.util.thread.QueuedThreadPool$Runner.idleJobPoll(QueuedThreadPool.java:974)
        at org.eclipse.jetty.util.thread.QueuedThreadPool$Runner.run(QueuedThreadPool.java:1018)
        at java.lang.Thread.run(Thread.java:750)
"EventQueue-NodeRegistrationContainerReportForDataNodeSafeModeRule" daemon prio=5 tid=488 in Object.wait()
java.lang.Thread.State: WAITING (on object monitor)
        at sun.misc.Unsafe.park(Native Method)
        at java.util.concurrent.locks.LockSupport.park(LockSupport.java:175)
        at java.util.concurrent.locks.AbstractQueuedSynchronizer$ConditionObject.await(AbstractQueuedSynchronizer.java:2039)
        at java.util.concurrent.LinkedBlockingQueue.take(LinkedBlockingQueue.java:442)
        at java.util.concurrent.ThreadPoolExecutor.getTask(ThreadPoolExecutor.java:1074)
        at java.util.concurrent.ThreadPoolExecutor.runWorker(ThreadPoolExecutor.java:1134)
        at java.util.concurrent.ThreadPoolExecutor$Worker.run(ThreadPoolExecutor.java:624)
        at java.lang.Thread.run(Thread.java:750)
"IPC Server listener on 0" daemon prio=5 tid=23 runnable
java.lang.Thread.State: RUNNABLE
        at sun.nio.ch.EPollArrayWrapper.epollWait(Native Method)
        at sun.nio.ch.EPollArrayWrapper.poll(EPollArrayWrapper.java:269)
        at sun.nio.ch.EPollSelectorImpl.doSelect(EPollSelectorImpl.java:93)
        at sun.nio.ch.SelectorImpl.lockAndDoSelect(SelectorImpl.java:86)
        at sun.nio.ch.SelectorImpl.select(SelectorImpl.java:97)
        at sun.nio.ch.SelectorImpl.select(SelectorImpl.java:101)
        at org.apache.hadoop.ipc.Server$Listener.run(Server.java:1358)
"Datanode State Machine Task Thread - 1"  prio=5 tid=440 in Object.wait()
java.lang.Thread.State: WAITING (on object monitor)
        at sun.misc.Unsafe.park(Native Method)
        at java.util.concurrent.locks.LockSupport.park(LockSupport.java:175)
        at java.util.concurrent.locks.AbstractQueuedSynchronizer$ConditionObject.await(AbstractQueuedSynchronizer.java:2039)
        at java.util.concurrent.LinkedBlockingQueue.take(LinkedBlockingQueue.java:442)
        at java.util.concurrent.ThreadPoolExecutor.getTask(ThreadPoolExecutor.java:1074)
        at java.util.concurrent.ThreadPoolExecutor.runWorker(ThreadPoolExecutor.java:1134)
        at java.util.concurrent.ThreadPoolExecutor$Worker.run(ThreadPoolExecutor.java:624)
        at java.lang.Thread.run(Thread.java:750)
"Command processor thread" daemon prio=5 tid=420 timed_waiting
java.lang.Thread.State: TIMED_WAITING
        at java.lang.Thread.sleep(Native Method)
        at org.apache.hadoop.ozone.container.common.statemachine.DatanodeStateMachine.lambda$initCommandHandlerThread$3(DatanodeStateMachine.java:641)
        at org.apache.hadoop.ozone.container.common.statemachine.DatanodeStateMachine$$Lambda$785/613122004.run(Unknown Source)
        at java.lang.Thread.run(Thread.java:750)
"Datanode State Machine Daemon Thread" daemon prio=5 tid=195 timed_waiting
java.lang.Thread.State: TIMED_WAITING
        at java.lang.Thread.sleep(Native Method)
        at org.apache.hadoop.ozone.container.common.statemachine.DatanodeStateMachine.startStateMachineThread(DatanodeStateMachine.java:321)
        at org.apache.hadoop.ozone.container.common.statemachine.DatanodeStateMachine.lambda$startDaemon$0(DatanodeStateMachine.java:506)
        at org.apache.hadoop.ozone.container.common.statemachine.DatanodeStateMachine$$Lambda$782/1106125451.run(Unknown Source)
        at java.lang.Thread.run(Thread.java:750)
"BlockDeletingService#2" daemon prio=5 tid=868 in Object.wait()
java.lang.Thread.State: WAITING (on object monitor)
        at sun.misc.Unsafe.park(Native Method)
        at java.util.concurrent.locks.LockSupport.park(LockSupport.java:175)
        at java.util.concurrent.locks.AbstractQueuedSynchronizer$ConditionObject.await(AbstractQueuedSynchronizer.java:2039)
        at java.util.concurrent.ScheduledThreadPoolExecutor$DelayedWorkQueue.take(ScheduledThreadPoolExecutor.java:1088)
        at java.util.concurrent.ScheduledThreadPoolExecutor$DelayedWorkQueue.take(ScheduledThreadPoolExecutor.java:809)
        at java.util.concurrent.ThreadPoolExecutor.getTask(ThreadPoolExecutor.java:1074)
        at java.util.concurrent.ThreadPoolExecutor.runWorker(ThreadPoolExecutor.java:1134)
        at java.util.concurrent.ThreadPoolExecutor$Worker.run(ThreadPoolExecutor.java:624)
        at java.lang.Thread.run(Thread.java:750)
"2277c71a-7226-47f8-a4ca-90f752095403-server-thread1" daemon prio=5 tid=840 timed_waiting
java.lang.Thread.State: TIMED_WAITING
        at sun.misc.Unsafe.park(Native Method)
        at java.util.concurrent.locks.LockSupport.parkNanos(LockSupport.java:215)
        at java.util.concurrent.SynchronousQueue$TransferStack.awaitFulfill(SynchronousQueue.java:460)
        at java.util.concurrent.SynchronousQueue$TransferStack.transfer(SynchronousQueue.java:362)
        at java.util.concurrent.SynchronousQueue.poll(SynchronousQueue.java:941)
        at java.util.concurrent.ThreadPoolExecutor.getTask(ThreadPoolExecutor.java:1073)
        at java.util.concurrent.ThreadPoolExecutor.runWorker(ThreadPoolExecutor.java:1134)
        at java.util.concurrent.ThreadPoolExecutor$Worker.run(ThreadPoolExecutor.java:624)
        at java.lang.Thread.run(Thread.java:750)
"StaleRecoveringContainerScrubbingService#1" daemon prio=5 tid=540 timed_waiting
java.lang.Thread.State: TIMED_WAITING
        at sun.misc.Unsafe.park(Native Method)
        at java.util.concurrent.locks.LockSupport.parkNanos(LockSupport.java:215)
        at java.util.concurrent.locks.AbstractQueuedSynchronizer$ConditionObject.awaitNanos(AbstractQueuedSynchronizer.java:2078)
        at java.util.concurrent.ScheduledThreadPoolExecutor$DelayedWorkQueue.take(ScheduledThreadPoolExecutor.java:1093)
        at java.util.concurrent.ScheduledThreadPoolExecutor$DelayedWorkQueue.take(ScheduledThreadPoolExecutor.java:809)
        at java.util.concurrent.ThreadPoolExecutor.getTask(ThreadPoolExecutor.java:1074)
        at java.util.concurrent.ThreadPoolExecutor.runWorker(ThreadPoolExecutor.java:1134)
        at java.util.concurrent.ThreadPoolExecutor$Worker.run(ThreadPoolExecutor.java:624)
        at java.lang.Thread.run(Thread.java:750)
"4c8c7e9c-fcb8-4cf5-b401-3fb7accb4cdc@group-199B584234DF-StateMachineUpdater" daemon prio=5 tid=634 timed_waiting
java.lang.Thread.State: TIMED_WAITING
        at sun.misc.Unsafe.park(Native Method)
        at java.util.concurrent.locks.LockSupport.parkNanos(LockSupport.java:215)
        at java.util.concurrent.CompletableFuture$Signaller.block(CompletableFuture.java:1709)
        at java.util.concurrent.ForkJoinPool.managedBlock(ForkJoinPool.java:3323)
        at java.util.concurrent.CompletableFuture.timedGet(CompletableFuture.java:1788)
        at java.util.concurrent.CompletableFuture.get(CompletableFuture.java:1928)
        at org.apache.ratis.util.AwaitForSignal.await(AwaitForSignal.java:56)
        at org.apache.ratis.server.impl.StateMachineUpdater.waitForCommit(StateMachineUpdater.java:207)
        at org.apache.ratis.server.impl.StateMachineUpdater.run(StateMachineUpdater.java:176)
        at java.lang.Thread.run(Thread.java:750)
"om1@group-C5BA1605619E-SegmentedRaftLogWorker"  prio=5 tid=135 timed_waiting
java.lang.Thread.State: TIMED_WAITING
        at sun.misc.Unsafe.park(Native Method)
        at java.util.concurrent.locks.LockSupport.parkNanos(LockSupport.java:215)
        at java.util.concurrent.locks.AbstractQueuedSynchronizer$ConditionObject.awaitNanos(AbstractQueuedSynchronizer.java:2078)
        at org.apache.ratis.util.DataBlockingQueue.poll(DataBlockingQueue.java:148)
        at org.apache.ratis.server.raftlog.segmented.SegmentedRaftLogWorker.run(SegmentedRaftLogWorker.java:310)
        at org.apache.ratis.server.raftlog.segmented.SegmentedRaftLogWorker$$Lambda$665/990731450.run(Unknown Source)
        at java.lang.Thread.run(Thread.java:750)
"BlockDeletingService#1" daemon prio=5 tid=494 timed_waiting
java.lang.Thread.State: TIMED_WAITING
        at sun.misc.Unsafe.park(Native Method)
        at java.util.concurrent.locks.LockSupport.parkNanos(LockSupport.java:215)
        at java.util.concurrent.locks.AbstractQueuedSynchronizer$ConditionObject.awaitNanos(AbstractQueuedSynchronizer.java:2078)
        at java.util.concurrent.ScheduledThreadPoolExecutor$DelayedWorkQueue.take(ScheduledThreadPoolExecutor.java:1093)
        at java.util.concurrent.ScheduledThreadPoolExecutor$DelayedWorkQueue.take(ScheduledThreadPoolExecutor.java:809)
        at java.util.concurrent.ThreadPoolExecutor.getTask(ThreadPoolExecutor.java:1074)
        at java.util.concurrent.ThreadPoolExecutor.runWorker(ThreadPoolExecutor.java:1134)
        at java.util.concurrent.ThreadPoolExecutor$Worker.run(ThreadPoolExecutor.java:624)
        at java.lang.Thread.run(Thread.java:750)
"IPC Server handler 17 on default port 42553" daemon prio=5 tid=84 timed_waiting
java.lang.Thread.State: TIMED_WAITING
        at sun.misc.Unsafe.park(Native Method)
        at java.util.concurrent.locks.LockSupport.parkNanos(LockSupport.java:215)
        at java.util.concurrent.locks.AbstractQueuedSynchronizer$ConditionObject.awaitNanos(AbstractQueuedSynchronizer.java:2078)
        at java.util.concurrent.LinkedBlockingQueue.poll(LinkedBlockingQueue.java:467)
        at org.apache.hadoop.ipc.CallQueueManager.take(CallQueueManager.java:317)
        at org.apache.hadoop.ipc.Server$Handler.run(Server.java:2942)
"EventQueue-NewNodeForNewNodeHandler" daemon prio=5 tid=486 in Object.wait()
java.lang.Thread.State: WAITING (on object monitor)
        at sun.misc.Unsafe.park(Native Method)
        at java.util.concurrent.locks.LockSupport.park(LockSupport.java:175)
        at java.util.concurrent.locks.AbstractQueuedSynchronizer$ConditionObject.await(AbstractQueuedSynchronizer.java:2039)
        at java.util.concurrent.LinkedBlockingQueue.take(LinkedBlockingQueue.java:442)
        at java.util.concurrent.ThreadPoolExecutor.getTask(ThreadPoolExecutor.java:1074)
        at java.util.concurrent.ThreadPoolExecutor.runWorker(ThreadPoolExecutor.java:1134)
        at java.util.concurrent.ThreadPoolExecutor$Worker.run(ThreadPoolExecutor.java:624)
        at java.lang.Thread.run(Thread.java:750)
"EndpointStateMachine task thread for /0.0.0.0:41185 - 0 "  prio=5 tid=309 in Object.wait()
java.lang.Thread.State: WAITING (on object monitor)
        at sun.misc.Unsafe.park(Native Method)
        at java.util.concurrent.locks.LockSupport.park(LockSupport.java:175)
        at java.util.concurrent.locks.AbstractQueuedSynchronizer$ConditionObject.await(AbstractQueuedSynchronizer.java:2039)
        at java.util.concurrent.LinkedBlockingQueue.take(LinkedBlockingQueue.java:442)
        at java.util.concurrent.ThreadPoolExecutor.getTask(ThreadPoolExecutor.java:1074)
        at java.util.concurrent.ThreadPoolExecutor.runWorker(ThreadPoolExecutor.java:1134)
        at java.util.concurrent.ThreadPoolExecutor$Worker.run(ThreadPoolExecutor.java:624)
        at java.lang.Thread.run(Thread.java:750)
"Datanode State Machine Task Thread - 1"  prio=5 tid=555 in Object.wait()
java.lang.Thread.State: WAITING (on object monitor)
        at sun.misc.Unsafe.park(Native Method)
        at java.util.concurrent.locks.LockSupport.park(LockSupport.java:175)
        at java.util.concurrent.locks.AbstractQueuedSynchronizer$ConditionObject.await(AbstractQueuedSynchronizer.java:2039)
        at java.util.concurrent.LinkedBlockingQueue.take(LinkedBlockingQueue.java:442)
        at java.util.concurrent.ThreadPoolExecutor.getTask(ThreadPoolExecutor.java:1074)
        at java.util.concurrent.ThreadPoolExecutor.runWorker(ThreadPoolExecutor.java:1134)
        at java.util.concurrent.ThreadPoolExecutor$Worker.run(ThreadPoolExecutor.java:624)
        at java.lang.Thread.run(Thread.java:750)
"JvmPauseMonitor4" daemon prio=5 tid=446 timed_waiting
java.lang.Thread.State: TIMED_WAITING
        at java.lang.Thread.sleep(Native Method)
        at java.lang.Thread.sleep(Thread.java:342)
        at java.util.concurrent.TimeUnit.sleep(TimeUnit.java:386)
        at org.apache.ratis.util.TimeDuration.sleep(TimeDuration.java:325)
        at org.apache.ratis.util.TimeDuration.sleep(TimeDuration.java:310)
        at org.apache.ratis.util.JvmPauseMonitor.detectPause(JvmPauseMonitor.java:119)
        at org.apache.ratis.util.JvmPauseMonitor.run(JvmPauseMonitor.java:108)
        at org.apache.ratis.util.JvmPauseMonitor$$Lambda$706/1921836051.run(Unknown Source)
        at java.lang.Thread.run(Thread.java:750)
"IPC Server listener on 0" daemon prio=5 tid=27 runnable
java.lang.Thread.State: RUNNABLE
        at sun.nio.ch.EPollArrayWrapper.epollWait(Native Method)
        at sun.nio.ch.EPollArrayWrapper.poll(EPollArrayWrapper.java:269)
        at sun.nio.ch.EPollSelectorImpl.doSelect(EPollSelectorImpl.java:93)
        at sun.nio.ch.SelectorImpl.lockAndDoSelect(SelectorImpl.java:86)
        at sun.nio.ch.SelectorImpl.select(SelectorImpl.java:97)
        at sun.nio.ch.SelectorImpl.select(SelectorImpl.java:101)
        at org.apache.hadoop.ipc.Server$Listener.run(Server.java:1358)
"4c8c7e9c-fcb8-4cf5-b401-3fb7accb4cdc@group-068915523544-SegmentedRaftLogWorker"  prio=5 tid=643 timed_waiting
java.lang.Thread.State: TIMED_WAITING
        at sun.misc.Unsafe.park(Native Method)
        at java.util.concurrent.locks.LockSupport.parkNanos(LockSupport.java:215)
        at java.util.concurrent.locks.AbstractQueuedSynchronizer$ConditionObject.awaitNanos(AbstractQueuedSynchronizer.java:2078)
        at org.apache.ratis.util.DataBlockingQueue.poll(DataBlockingQueue.java:148)
        at org.apache.ratis.server.raftlog.segmented.SegmentedRaftLogWorker.run(SegmentedRaftLogWorker.java:310)
        at org.apache.ratis.server.raftlog.segmented.SegmentedRaftLogWorker$$Lambda$665/990731450.run(Unknown Source)
        at java.lang.Thread.run(Thread.java:750)
"Periodic HDDS volume checker" daemon prio=5 tid=257 timed_waiting
java.lang.Thread.State: TIMED_WAITING
        at sun.misc.Unsafe.park(Native Method)
        at java.util.concurrent.locks.LockSupport.parkNanos(LockSupport.java:215)
        at java.util.concurrent.locks.AbstractQueuedSynchronizer$ConditionObject.awaitNanos(AbstractQueuedSynchronizer.java:2078)
        at java.util.concurrent.ScheduledThreadPoolExecutor$DelayedWorkQueue.take(ScheduledThreadPoolExecutor.java:1093)
        at java.util.concurrent.ScheduledThreadPoolExecutor$DelayedWorkQueue.take(ScheduledThreadPoolExecutor.java:809)
        at java.util.concurrent.ThreadPoolExecutor.getTask(ThreadPoolExecutor.java:1074)
        at java.util.concurrent.ThreadPoolExecutor.runWorker(ThreadPoolExecutor.java:1134)
        at java.util.concurrent.ThreadPoolExecutor$Worker.run(ThreadPoolExecutor.java:624)
        at java.lang.Thread.run(Thread.java:750)
"org.apache.hadoop.util.JvmPauseMonitor$Monitor@4b14cd43" daemon prio=5 tid=280 timed_waiting
java.lang.Thread.State: TIMED_WAITING
        at java.lang.Thread.sleep(Native Method)
        at org.apache.hadoop.util.JvmPauseMonitor$Monitor.run(JvmPauseMonitor.java:192)
        at java.lang.Thread.run(Thread.java:750)
"qtp1097955717-474" daemon prio=5 tid=474 timed_waiting
java.lang.Thread.State: TIMED_WAITING
        at sun.misc.Unsafe.park(Native Method)
        at java.util.concurrent.locks.LockSupport.parkNanos(LockSupport.java:215)
        at java.util.concurrent.locks.AbstractQueuedSynchronizer$ConditionObject.awaitNanos(AbstractQueuedSynchronizer.java:2078)
        at org.eclipse.jetty.util.BlockingArrayQueue.poll(BlockingArrayQueue.java:382)
        at org.eclipse.jetty.util.thread.QueuedThreadPool$Runner.idleJobPoll(QueuedThreadPool.java:974)
        at org.eclipse.jetty.util.thread.QueuedThreadPool$Runner.run(QueuedThreadPool.java:1018)
        at java.lang.Thread.run(Thread.java:750)
"ChunkWriter-3-0" daemon prio=5 tid=331 in Object.wait()
java.lang.Thread.State: WAITING (on object monitor)
        at sun.misc.Unsafe.park(Native Method)
        at java.util.concurrent.locks.LockSupport.park(LockSupport.java:175)
        at java.util.concurrent.locks.AbstractQueuedSynchronizer$ConditionObject.await(AbstractQueuedSynchronizer.java:2039)
        at java.util.concurrent.LinkedBlockingDeque.takeFirst(LinkedBlockingDeque.java:492)
        at java.util.concurrent.LinkedBlockingDeque.take(LinkedBlockingDeque.java:680)
        at java.util.concurrent.ThreadPoolExecutor.getTask(ThreadPoolExecutor.java:1074)
        at java.util.concurrent.ThreadPoolExecutor.runWorker(ThreadPoolExecutor.java:1134)
        at java.util.concurrent.ThreadPoolExecutor$Worker.run(ThreadPoolExecutor.java:624)
        at java.lang.Thread.run(Thread.java:750)
"qtp738848490-319" daemon prio=5 tid=319 runnable
java.lang.Thread.State: RUNNABLE
        at sun.nio.ch.EPollArrayWrapper.epollWait(Native Method)
        at sun.nio.ch.EPollArrayWrapper.poll(EPollArrayWrapper.java:269)
        at sun.nio.ch.EPollSelectorImpl.doSelect(EPollSelectorImpl.java:93)
        at sun.nio.ch.SelectorImpl.lockAndDoSelect(SelectorImpl.java:86)
        at sun.nio.ch.SelectorImpl.select(SelectorImpl.java:97)
        at sun.nio.ch.SelectorImpl.select(SelectorImpl.java:101)
        at org.eclipse.jetty.io.ManagedSelector.nioSelect(ManagedSelector.java:183)
        at org.eclipse.jetty.io.ManagedSelector.select(ManagedSelector.java:190)
        at org.eclipse.jetty.io.ManagedSelector$SelectorProducer.select(ManagedSelector.java:606)
        at org.eclipse.jetty.io.ManagedSelector$SelectorProducer.produce(ManagedSelector.java:543)
        at org.eclipse.jetty.util.thread.strategy.EatWhatYouKill.produceTask(EatWhatYouKill.java:362)
        at org.eclipse.jetty.util.thread.strategy.EatWhatYouKill.doProduce(EatWhatYouKill.java:186)
        at org.eclipse.jetty.util.thread.strategy.EatWhatYouKill.tryProduce(EatWhatYouKill.java:173)
        at org.eclipse.jetty.util.thread.strategy.EatWhatYouKill.produce(EatWhatYouKill.java:137)
        at org.eclipse.jetty.io.ManagedSelector$$Lambda$446/1576513034.run(Unknown Source)
        at org.eclipse.jetty.util.thread.QueuedThreadPool.runJob(QueuedThreadPool.java:883)
        at org.eclipse.jetty.util.thread.QueuedThreadPool$Runner.run(QueuedThreadPool.java:1034)
        at java.lang.Thread.run(Thread.java:750)
"ChunkWriter-3-0" daemon prio=5 tid=407 in Object.wait()
java.lang.Thread.State: WAITING (on object monitor)
        at sun.misc.Unsafe.park(Native Method)
        at java.util.concurrent.locks.LockSupport.park(LockSupport.java:175)
        at java.util.concurrent.locks.AbstractQueuedSynchronizer$ConditionObject.await(AbstractQueuedSynchronizer.java:2039)
        at java.util.concurrent.LinkedBlockingDeque.takeFirst(LinkedBlockingDeque.java:492)
        at java.util.concurrent.LinkedBlockingDeque.take(LinkedBlockingDeque.java:680)
        at java.util.concurrent.ThreadPoolExecutor.getTask(ThreadPoolExecutor.java:1074)
        at java.util.concurrent.ThreadPoolExecutor.runWorker(ThreadPoolExecutor.java:1134)
        at java.util.concurrent.ThreadPoolExecutor$Worker.run(ThreadPoolExecutor.java:624)
        at java.lang.Thread.run(Thread.java:750)
"IPC Server handler 15 on default port 42403" daemon prio=5 tid=169 timed_waiting
java.lang.Thread.State: TIMED_WAITING
        at sun.misc.Unsafe.park(Native Method)
        at java.util.concurrent.locks.LockSupport.parkNanos(LockSupport.java:215)
        at java.util.concurrent.locks.AbstractQueuedSynchronizer$ConditionObject.awaitNanos(AbstractQueuedSynchronizer.java:2078)
        at java.util.concurrent.LinkedBlockingQueue.poll(LinkedBlockingQueue.java:467)
        at org.apache.hadoop.ipc.CallQueueManager.take(CallQueueManager.java:317)
        at org.apache.hadoop.ipc.Server$Handler.run(Server.java:2942)
"qtp1166478592-269" daemon prio=5 tid=269 timed_waiting
java.lang.Thread.State: TIMED_WAITING
        at sun.misc.Unsafe.park(Native Method)
        at java.util.concurrent.locks.LockSupport.parkNanos(LockSupport.java:215)
        at java.util.concurrent.locks.AbstractQueuedSynchronizer$ConditionObject.awaitNanos(AbstractQueuedSynchronizer.java:2078)
        at org.eclipse.jetty.util.BlockingArrayQueue.poll(BlockingArrayQueue.java:382)
        at org.eclipse.jetty.util.thread.QueuedThreadPool$Runner.idleJobPoll(QueuedThreadPool.java:974)
        at org.eclipse.jetty.util.thread.QueuedThreadPool$Runner.run(QueuedThreadPool.java:1018)
        at java.lang.Thread.run(Thread.java:750)
"8b45bab1-f519-4e04-ad6f-9efd561d6d57-server-thread3" daemon prio=5 tid=754 timed_waiting
java.lang.Thread.State: TIMED_WAITING
        at sun.misc.Unsafe.park(Native Method)
        at java.util.concurrent.locks.LockSupport.parkNanos(LockSupport.java:215)
        at java.util.concurrent.SynchronousQueue$TransferStack.awaitFulfill(SynchronousQueue.java:460)
        at java.util.concurrent.SynchronousQueue$TransferStack.transfer(SynchronousQueue.java:362)
        at java.util.concurrent.SynchronousQueue.poll(SynchronousQueue.java:941)
        at java.util.concurrent.ThreadPoolExecutor.getTask(ThreadPoolExecutor.java:1073)
        at java.util.concurrent.ThreadPoolExecutor.runWorker(ThreadPoolExecutor.java:1134)
        at java.util.concurrent.ThreadPoolExecutor$Worker.run(ThreadPoolExecutor.java:624)
        at java.lang.Thread.run(Thread.java:750)
"BlockDeletingService#1" daemon prio=5 tid=541 timed_waiting
java.lang.Thread.State: TIMED_WAITING
        at sun.misc.Unsafe.park(Native Method)
        at java.util.concurrent.locks.LockSupport.parkNanos(LockSupport.java:215)
        at java.util.concurrent.locks.AbstractQueuedSynchronizer$ConditionObject.awaitNanos(AbstractQueuedSynchronizer.java:2078)
        at java.util.concurrent.ScheduledThreadPoolExecutor$DelayedWorkQueue.take(ScheduledThreadPoolExecutor.java:1093)
        at java.util.concurrent.ScheduledThreadPoolExecutor$DelayedWorkQueue.take(ScheduledThreadPoolExecutor.java:809)
        at java.util.concurrent.ThreadPoolExecutor.getTask(ThreadPoolExecutor.java:1074)
        at java.util.concurrent.ThreadPoolExecutor.runWorker(ThreadPoolExecutor.java:1134)
        at java.util.concurrent.ThreadPoolExecutor$Worker.run(ThreadPoolExecutor.java:624)
        at java.lang.Thread.run(Thread.java:750)
"Command processor thread" daemon prio=5 tid=502 timed_waiting
java.lang.Thread.State: TIMED_WAITING
        at java.lang.Thread.sleep(Native Method)
        at org.apache.hadoop.ozone.container.common.statemachine.DatanodeStateMachine.lambda$initCommandHandlerThread$3(DatanodeStateMachine.java:641)
        at org.apache.hadoop.ozone.container.common.statemachine.DatanodeStateMachine$$Lambda$785/613122004.run(Unknown Source)
        at java.lang.Thread.run(Thread.java:750)
"ChunkReader-2" daemon prio=5 tid=783 in Object.wait()
java.lang.Thread.State: WAITING (on object monitor)
        at sun.misc.Unsafe.park(Native Method)
        at java.util.concurrent.locks.LockSupport.park(LockSupport.java:175)
        at java.util.concurrent.locks.AbstractQueuedSynchronizer$ConditionObject.await(AbstractQueuedSynchronizer.java:2039)
        at java.util.concurrent.LinkedBlockingQueue.take(LinkedBlockingQueue.java:442)
        at java.util.concurrent.ThreadPoolExecutor.getTask(ThreadPoolExecutor.java:1074)
        at java.util.concurrent.ThreadPoolExecutor.runWorker(ThreadPoolExecutor.java:1134)
        at java.util.concurrent.ThreadPoolExecutor$Worker.run(ThreadPoolExecutor.java:624)
        at java.lang.Thread.run(Thread.java:750)
"pool-207-thread-1" daemon prio=5 tid=350 timed_waiting
java.lang.Thread.State: TIMED_WAITING
        at sun.misc.Unsafe.park(Native Method)
        at java.util.concurrent.locks.LockSupport.parkNanos(LockSupport.java:215)
        at java.util.concurrent.locks.AbstractQueuedSynchronizer$ConditionObject.awaitNanos(AbstractQueuedSynchronizer.java:2078)
        at java.util.concurrent.ScheduledThreadPoolExecutor$DelayedWorkQueue.take(ScheduledThreadPoolExecutor.java:1093)
        at java.util.concurrent.ScheduledThreadPoolExecutor$DelayedWorkQueue.take(ScheduledThreadPoolExecutor.java:809)
        at java.util.concurrent.ThreadPoolExecutor.getTask(ThreadPoolExecutor.java:1074)
        at java.util.concurrent.ThreadPoolExecutor.runWorker(ThreadPoolExecutor.java:1134)
        at java.util.concurrent.ThreadPoolExecutor$Worker.run(ThreadPoolExecutor.java:624)
        at java.lang.Thread.run(Thread.java:750)
"StaleRecoveringContainerScrubbingService#2" daemon prio=5 tid=861 in Object.wait()
java.lang.Thread.State: WAITING (on object monitor)
        at sun.misc.Unsafe.park(Native Method)
        at java.util.concurrent.locks.LockSupport.park(LockSupport.java:175)
        at java.util.concurrent.locks.AbstractQueuedSynchronizer$ConditionObject.await(AbstractQueuedSynchronizer.java:2039)
        at java.util.concurrent.ScheduledThreadPoolExecutor$DelayedWorkQueue.take(ScheduledThreadPoolExecutor.java:1088)
        at java.util.concurrent.ScheduledThreadPoolExecutor$DelayedWorkQueue.take(ScheduledThreadPoolExecutor.java:809)
        at java.util.concurrent.ThreadPoolExecutor.getTask(ThreadPoolExecutor.java:1074)
        at java.util.concurrent.ThreadPoolExecutor.runWorker(ThreadPoolExecutor.java:1134)
        at java.util.concurrent.ThreadPoolExecutor$Worker.run(ThreadPoolExecutor.java:624)
        at java.lang.Thread.run(Thread.java:750)
"FixedThreadPoolWithAffinityExecutor-2-0" daemon prio=5 tid=37 timed_waiting
java.lang.Thread.State: TIMED_WAITING
        at sun.misc.Unsafe.park(Native Method)
        at java.util.concurrent.locks.LockSupport.parkNanos(LockSupport.java:215)
        at java.util.concurrent.locks.AbstractQueuedSynchronizer$ConditionObject.awaitNanos(AbstractQueuedSynchronizer.java:2078)
        at java.util.concurrent.LinkedBlockingQueue.poll(LinkedBlockingQueue.java:467)
        at org.apache.hadoop.hdds.scm.server.ContainerReportQueue.poll(ContainerReportQueue.java:266)
        at org.apache.hadoop.hdds.scm.server.ContainerReportQueue.poll(ContainerReportQueue.java:42)
        at org.apache.hadoop.hdds.server.events.FixedThreadPoolWithAffinityExecutor$ContainerReportProcessTask.run(FixedThreadPoolWithAffinityExecutor.java:218)
        at java.util.concurrent.Executors$RunnableAdapter.call(Executors.java:511)
        at java.util.concurrent.FutureTask.run(FutureTask.java:266)
        at java.util.concurrent.ThreadPoolExecutor.runWorker(ThreadPoolExecutor.java:1149)
        at java.util.concurrent.ThreadPoolExecutor$Worker.run(ThreadPoolExecutor.java:624)
        at java.lang.Thread.run(Thread.java:750)
"Finalizer" daemon prio=8 tid=3 in Object.wait()
java.lang.Thread.State: WAITING (on object monitor)
        at java.lang.Object.wait(Native Method)
        at java.lang.ref.ReferenceQueue.remove(ReferenceQueue.java:144)
        at java.lang.ref.ReferenceQueue.remove(ReferenceQueue.java:165)
        at java.lang.ref.Finalizer$FinalizerThread.run(Finalizer.java:216)
"IPC Server handler 17 on default port 43027" daemon prio=5 tid=64 timed_waiting
java.lang.Thread.State: TIMED_WAITING
        at sun.misc.Unsafe.park(Native Method)
        at java.util.concurrent.locks.LockSupport.parkNanos(LockSupport.java:215)
        at java.util.concurrent.locks.AbstractQueuedSynchronizer$ConditionObject.awaitNanos(AbstractQueuedSynchronizer.java:2078)
        at java.util.concurrent.LinkedBlockingQueue.poll(LinkedBlockingQueue.java:467)
        at org.apache.hadoop.ipc.CallQueueManager.take(CallQueueManager.java:317)
        at org.apache.hadoop.ipc.Server$Handler.run(Server.java:2942)
"IPC Server idle connection scanner for port 42553" daemon prio=5 tid=29 timed_waiting
java.lang.Thread.State: TIMED_WAITING
        at java.lang.Object.wait(Native Method)
        at java.util.TimerThread.mainLoop(Timer.java:552)
        at java.util.TimerThread.run(Timer.java:505)
"ChunkReader-2" daemon prio=5 tid=784 in Object.wait()
java.lang.Thread.State: WAITING (on object monitor)
        at sun.misc.Unsafe.park(Native Method)
        at java.util.concurrent.locks.LockSupport.park(LockSupport.java:175)
        at java.util.concurrent.locks.AbstractQueuedSynchronizer$ConditionObject.await(AbstractQueuedSynchronizer.java:2039)
        at java.util.concurrent.LinkedBlockingQueue.take(LinkedBlockingQueue.java:442)
        at java.util.concurrent.ThreadPoolExecutor.getTask(ThreadPoolExecutor.java:1074)
        at java.util.concurrent.ThreadPoolExecutor.runWorker(ThreadPoolExecutor.java:1134)
        at java.util.concurrent.ThreadPoolExecutor$Worker.run(ThreadPoolExecutor.java:624)
        at java.lang.Thread.run(Thread.java:750)
"ChunkReader-1" daemon prio=5 tid=773 in Object.wait()
java.lang.Thread.State: WAITING (on object monitor)
        at sun.misc.Unsafe.park(Native Method)
        at java.util.concurrent.locks.LockSupport.park(LockSupport.java:175)
        at java.util.concurrent.locks.AbstractQueuedSynchronizer$ConditionObject.await(AbstractQueuedSynchronizer.java:2039)
        at java.util.concurrent.LinkedBlockingQueue.take(LinkedBlockingQueue.java:442)
        at java.util.concurrent.ThreadPoolExecutor.getTask(ThreadPoolExecutor.java:1074)
        at java.util.concurrent.ThreadPoolExecutor.runWorker(ThreadPoolExecutor.java:1134)
        at java.util.concurrent.ThreadPoolExecutor$Worker.run(ThreadPoolExecutor.java:624)
        at java.lang.Thread.run(Thread.java:750)
"EndpointStateMachine task thread for /0.0.0.0:41185 - 0 "  prio=5 tid=479 in Object.wait()
java.lang.Thread.State: WAITING (on object monitor)
        at sun.misc.Unsafe.park(Native Method)
        at java.util.concurrent.locks.LockSupport.park(LockSupport.java:175)
        at java.util.concurrent.locks.AbstractQueuedSynchronizer$ConditionObject.await(AbstractQueuedSynchronizer.java:2039)
        at java.util.concurrent.LinkedBlockingQueue.take(LinkedBlockingQueue.java:442)
        at java.util.concurrent.ThreadPoolExecutor.getTask(ThreadPoolExecutor.java:1074)
        at java.util.concurrent.ThreadPoolExecutor.runWorker(ThreadPoolExecutor.java:1134)
        at java.util.concurrent.ThreadPoolExecutor$Worker.run(ThreadPoolExecutor.java:624)
        at java.lang.Thread.run(Thread.java:750)
"Datanode State Machine Task Thread - 1"  prio=5 tid=530 in Object.wait()
java.lang.Thread.State: WAITING (on object monitor)
        at sun.misc.Unsafe.park(Native Method)
        at java.util.concurrent.locks.LockSupport.park(LockSupport.java:175)
        at java.util.concurrent.locks.AbstractQueuedSynchronizer$ConditionObject.await(AbstractQueuedSynchronizer.java:2039)
        at java.util.concurrent.LinkedBlockingQueue.take(LinkedBlockingQueue.java:442)
        at java.util.concurrent.ThreadPoolExecutor.getTask(ThreadPoolExecutor.java:1074)
        at java.util.concurrent.ThreadPoolExecutor.runWorker(ThreadPoolExecutor.java:1134)
        at java.util.concurrent.ThreadPoolExecutor$Worker.run(ThreadPoolExecutor.java:624)
        at java.lang.Thread.run(Thread.java:750)
"Datanode ReportManager Thread - 4" daemon prio=5 tid=278 in Object.wait()
java.lang.Thread.State: WAITING (on object monitor)
        at sun.misc.Unsafe.park(Native Method)
        at java.util.concurrent.locks.LockSupport.park(LockSupport.java:175)
        at java.util.concurrent.locks.AbstractQueuedSynchronizer$ConditionObject.await(AbstractQueuedSynchronizer.java:2039)
        at java.util.concurrent.ScheduledThreadPoolExecutor$DelayedWorkQueue.take(ScheduledThreadPoolExecutor.java:1088)
        at java.util.concurrent.ScheduledThreadPoolExecutor$DelayedWorkQueue.take(ScheduledThreadPoolExecutor.java:809)
        at java.util.concurrent.ThreadPoolExecutor.getTask(ThreadPoolExecutor.java:1074)
        at java.util.concurrent.ThreadPoolExecutor.runWorker(ThreadPoolExecutor.java:1134)
        at java.util.concurrent.ThreadPoolExecutor$Worker.run(ThreadPoolExecutor.java:624)
        at java.lang.Thread.run(Thread.java:750)
"IPC Server idle connection scanner for port 42403" daemon prio=5 tid=132 timed_waiting
java.lang.Thread.State: TIMED_WAITING
        at java.lang.Object.wait(Native Method)
        at java.util.TimerThread.mainLoop(Timer.java:552)
        at java.util.TimerThread.run(Timer.java:505)
"IPC Server handler 14 on default port 43027" daemon prio=5 tid=61 timed_waiting
java.lang.Thread.State: TIMED_WAITING
        at sun.misc.Unsafe.park(Native Method)
        at java.util.concurrent.locks.LockSupport.parkNanos(LockSupport.java:215)
        at java.util.concurrent.locks.AbstractQueuedSynchronizer$ConditionObject.awaitNanos(AbstractQueuedSynchronizer.java:2078)
        at java.util.concurrent.LinkedBlockingQueue.poll(LinkedBlockingQueue.java:467)
        at org.apache.hadoop.ipc.CallQueueManager.take(CallQueueManager.java:317)
        at org.apache.hadoop.ipc.Server$Handler.run(Server.java:2942)
"StaleRecoveringContainerScrubbingService#1" daemon prio=5 tid=337 timed_waiting
java.lang.Thread.State: TIMED_WAITING
        at sun.misc.Unsafe.park(Native Method)
        at java.util.concurrent.locks.LockSupport.parkNanos(LockSupport.java:215)
        at java.util.concurrent.locks.AbstractQueuedSynchronizer$ConditionObject.awaitNanos(AbstractQueuedSynchronizer.java:2078)
        at java.util.concurrent.ScheduledThreadPoolExecutor$DelayedWorkQueue.take(ScheduledThreadPoolExecutor.java:1093)
        at java.util.concurrent.ScheduledThreadPoolExecutor$DelayedWorkQueue.take(ScheduledThreadPoolExecutor.java:809)
        at java.util.concurrent.ThreadPoolExecutor.getTask(ThreadPoolExecutor.java:1074)
        at java.util.concurrent.ThreadPoolExecutor.runWorker(ThreadPoolExecutor.java:1134)
        at java.util.concurrent.ThreadPoolExecutor$Worker.run(ThreadPoolExecutor.java:624)
        at java.lang.Thread.run(Thread.java:750)
"pool-104-thread-1"  prio=5 tid=211 timed_waiting
java.lang.Thread.State: TIMED_WAITING
        at sun.misc.Unsafe.park(Native Method)
        at java.util.concurrent.locks.LockSupport.parkNanos(LockSupport.java:215)
        at java.util.concurrent.locks.AbstractQueuedSynchronizer$ConditionObject.awaitNanos(AbstractQueuedSynchronizer.java:2078)
        at java.util.concurrent.ScheduledThreadPoolExecutor$DelayedWorkQueue.take(ScheduledThreadPoolExecutor.java:1093)
        at java.util.concurrent.ScheduledThreadPoolExecutor$DelayedWorkQueue.take(ScheduledThreadPoolExecutor.java:809)
        at java.util.concurrent.ThreadPoolExecutor.getTask(ThreadPoolExecutor.java:1074)
        at java.util.concurrent.ThreadPoolExecutor.runWorker(ThreadPoolExecutor.java:1134)
        at java.util.concurrent.ThreadPoolExecutor$Worker.run(ThreadPoolExecutor.java:624)
        at java.lang.Thread.run(Thread.java:750)
"94086278-3489-4279-864e-1549830c8dca@group-26F38406CDA9-StateMachineUpdater" daemon prio=5 tid=601 timed_waiting
java.lang.Thread.State: TIMED_WAITING
        at sun.misc.Unsafe.park(Native Method)
        at java.util.concurrent.locks.LockSupport.parkNanos(LockSupport.java:215)
        at java.util.concurrent.CompletableFuture$Signaller.block(CompletableFuture.java:1709)
        at java.util.concurrent.ForkJoinPool.managedBlock(ForkJoinPool.java:3323)
        at java.util.concurrent.CompletableFuture.timedGet(CompletableFuture.java:1788)
        at java.util.concurrent.CompletableFuture.get(CompletableFuture.java:1928)
        at org.apache.ratis.util.AwaitForSignal.await(AwaitForSignal.java:56)
        at org.apache.ratis.server.impl.StateMachineUpdater.waitForCommit(StateMachineUpdater.java:207)
        at org.apache.ratis.server.impl.StateMachineUpdater.run(StateMachineUpdater.java:176)
        at java.lang.Thread.run(Thread.java:750)
"Datanode State Machine Daemon Thread" daemon prio=5 tid=496 timed_waiting
java.lang.Thread.State: TIMED_WAITING
        at java.lang.Thread.sleep(Native Method)
        at org.apache.hadoop.ozone.container.common.statemachine.DatanodeStateMachine.startStateMachineThread(DatanodeStateMachine.java:321)
        at org.apache.hadoop.ozone.container.common.statemachine.DatanodeStateMachine.lambda$startDaemon$0(DatanodeStateMachine.java:506)
        at org.apache.hadoop.ozone.container.common.statemachine.DatanodeStateMachine$$Lambda$782/1106125451.run(Unknown Source)
        at java.lang.Thread.run(Thread.java:750)
"StaleRecoveringContainerScrubbingService#1" daemon prio=5 tid=450 timed_waiting
java.lang.Thread.State: TIMED_WAITING
        at sun.misc.Unsafe.park(Native Method)
        at java.util.concurrent.locks.LockSupport.parkNanos(LockSupport.java:215)
        at java.util.concurrent.locks.AbstractQueuedSynchronizer$ConditionObject.awaitNanos(AbstractQueuedSynchronizer.java:2078)
        at java.util.concurrent.ScheduledThreadPoolExecutor$DelayedWorkQueue.take(ScheduledThreadPoolExecutor.java:1093)
        at java.util.concurrent.ScheduledThreadPoolExecutor$DelayedWorkQueue.take(ScheduledThreadPoolExecutor.java:809)
        at java.util.concurrent.ThreadPoolExecutor.getTask(ThreadPoolExecutor.java:1074)
        at java.util.concurrent.ThreadPoolExecutor.runWorker(ThreadPoolExecutor.java:1134)
        at java.util.concurrent.ThreadPoolExecutor$Worker.run(ThreadPoolExecutor.java:624)
        at java.lang.Thread.run(Thread.java:750)
"8b45bab1-f519-4e04-ad6f-9efd561d6d57@group-0F702FC51EF1-StateMachineUpdater" daemon prio=5 tid=627 timed_waiting
java.lang.Thread.State: TIMED_WAITING
        at sun.misc.Unsafe.park(Native Method)
        at java.util.concurrent.locks.LockSupport.parkNanos(LockSupport.java:215)
        at java.util.concurrent.CompletableFuture$Signaller.block(CompletableFuture.java:1709)
        at java.util.concurrent.ForkJoinPool.managedBlock(ForkJoinPool.java:3323)
        at java.util.concurrent.CompletableFuture.timedGet(CompletableFuture.java:1788)
        at java.util.concurrent.CompletableFuture.get(CompletableFuture.java:1928)
        at org.apache.ratis.util.AwaitForSignal.await(AwaitForSignal.java:56)
        at org.apache.ratis.server.impl.StateMachineUpdater.waitForCommit(StateMachineUpdater.java:207)
        at org.apache.ratis.server.impl.StateMachineUpdater.run(StateMachineUpdater.java:176)
        at java.lang.Thread.run(Thread.java:750)
"2277c71a-7226-47f8-a4ca-90f752095403@group-199B584234DF->4c8c7e9c-fcb8-4cf5-b401-3fb7accb4cdc-GrpcLogAppender-LogAppenderDaemon" daemon prio=5 tid=746 timed_waiting
java.lang.Thread.State: TIMED_WAITING
        at sun.misc.Unsafe.park(Native Method)
        at java.util.concurrent.locks.LockSupport.parkNanos(LockSupport.java:215)
        at java.util.concurrent.CompletableFuture$Signaller.block(CompletableFuture.java:1709)
        at java.util.concurrent.ForkJoinPool.managedBlock(ForkJoinPool.java:3323)
        at java.util.concurrent.CompletableFuture.timedGet(CompletableFuture.java:1788)
        at java.util.concurrent.CompletableFuture.get(CompletableFuture.java:1928)
        at org.apache.ratis.util.AwaitForSignal.await(AwaitForSignal.java:56)
        at org.apache.ratis.grpc.server.GrpcLogAppender.mayWait(GrpcLogAppender.java:198)
        at org.apache.ratis.grpc.server.GrpcLogAppender.run(GrpcLogAppender.java:148)
        at org.apache.ratis.server.leader.LogAppenderDaemon.run(LogAppenderDaemon.java:78)
        at org.apache.ratis.server.leader.LogAppenderDaemon$$Lambda$1039/1183590628.run(Unknown Source)
        at java.lang.Thread.run(Thread.java:750)
"JvmPauseMonitor8" daemon prio=5 tid=536 timed_waiting
java.lang.Thread.State: TIMED_WAITING
        at java.lang.Thread.sleep(Native Method)
        at java.lang.Thread.sleep(Thread.java:342)
        at java.util.concurrent.TimeUnit.sleep(TimeUnit.java:386)
        at org.apache.ratis.util.TimeDuration.sleep(TimeDuration.java:325)
        at org.apache.ratis.util.TimeDuration.sleep(TimeDuration.java:310)
        at org.apache.ratis.util.JvmPauseMonitor.detectPause(JvmPauseMonitor.java:119)
        at org.apache.ratis.util.JvmPauseMonitor.run(JvmPauseMonitor.java:108)
        at org.apache.ratis.util.JvmPauseMonitor$$Lambda$706/1921836051.run(Unknown Source)
        at java.lang.Thread.run(Thread.java:750)
"8b45bab1-f519-4e04-ad6f-9efd561d6d57@group-0F702FC51EF1->4c8c7e9c-fcb8-4cf5-b401-3fb7accb4cdc-GrpcLogAppender-LogAppenderDaemon" daemon prio=5 tid=832 timed_waiting
java.lang.Thread.State: TIMED_WAITING
        at sun.misc.Unsafe.park(Native Method)
        at java.util.concurrent.locks.LockSupport.parkNanos(LockSupport.java:215)
        at java.util.concurrent.CompletableFuture$Signaller.block(CompletableFuture.java:1709)
        at java.util.concurrent.ForkJoinPool.managedBlock(ForkJoinPool.java:3323)
        at java.util.concurrent.CompletableFuture.timedGet(CompletableFuture.java:1788)
        at java.util.concurrent.CompletableFuture.get(CompletableFuture.java:1928)
        at org.apache.ratis.util.AwaitForSignal.await(AwaitForSignal.java:56)
        at org.apache.ratis.grpc.server.GrpcLogAppender.mayWait(GrpcLogAppender.java:198)
        at org.apache.ratis.grpc.server.GrpcLogAppender.run(GrpcLogAppender.java:148)
        at org.apache.ratis.server.leader.LogAppenderDaemon.run(LogAppenderDaemon.java:78)
        at org.apache.ratis.server.leader.LogAppenderDaemon$$Lambda$1039/1183590628.run(Unknown Source)
        at java.lang.Thread.run(Thread.java:750)
"2277c71a-7226-47f8-a4ca-90f752095403@group-199B584234DF->8b45bab1-f519-4e04-ad6f-9efd561d6d57-GrpcLogAppender-LogAppenderDaemon" daemon prio=5 tid=747 timed_waiting
java.lang.Thread.State: TIMED_WAITING
        at sun.misc.Unsafe.park(Native Method)
        at java.util.concurrent.locks.LockSupport.parkNanos(LockSupport.java:215)
        at java.util.concurrent.CompletableFuture$Signaller.block(CompletableFuture.java:1709)
        at java.util.concurrent.ForkJoinPool.managedBlock(ForkJoinPool.java:3323)
        at java.util.concurrent.CompletableFuture.timedGet(CompletableFuture.java:1788)
        at java.util.concurrent.CompletableFuture.get(CompletableFuture.java:1928)
        at org.apache.ratis.util.AwaitForSignal.await(AwaitForSignal.java:56)
        at org.apache.ratis.grpc.server.GrpcLogAppender.mayWait(GrpcLogAppender.java:198)
        at org.apache.ratis.grpc.server.GrpcLogAppender.run(GrpcLogAppender.java:148)
        at org.apache.ratis.server.leader.LogAppenderDaemon.run(LogAppenderDaemon.java:78)
        at org.apache.ratis.server.leader.LogAppenderDaemon$$Lambda$1039/1183590628.run(Unknown Source)
        at java.lang.Thread.run(Thread.java:750)
"ChunkReader-1" daemon prio=5 tid=772 in Object.wait()
java.lang.Thread.State: WAITING (on object monitor)
        at sun.misc.Unsafe.park(Native Method)
        at java.util.concurrent.locks.LockSupport.park(LockSupport.java:175)
        at java.util.concurrent.locks.AbstractQueuedSynchronizer$ConditionObject.await(AbstractQueuedSynchronizer.java:2039)
        at java.util.concurrent.LinkedBlockingQueue.take(LinkedBlockingQueue.java:442)
        at java.util.concurrent.ThreadPoolExecutor.getTask(ThreadPoolExecutor.java:1074)
        at java.util.concurrent.ThreadPoolExecutor.runWorker(ThreadPoolExecutor.java:1134)
        at java.util.concurrent.ThreadPoolExecutor$Worker.run(ThreadPoolExecutor.java:624)
        at java.lang.Thread.run(Thread.java:750)
"org.apache.hadoop.ozone.container.common.statemachine.commandhandler.DeleteBlocksCommandHandler$DeleteCmdWorker@6a6082b3" daemon prio=5 tid=288 timed_waiting
java.lang.Thread.State: TIMED_WAITING
        at java.lang.Thread.sleep(Native Method)
        at org.apache.hadoop.ozone.container.common.statemachine.commandhandler.DeleteBlocksCommandHandler$DeleteCmdWorker.run(DeleteBlocksCommandHandler.java:183)
        at java.lang.Thread.run(Thread.java:750)
"qtp738848490-324" daemon prio=5 tid=324 timed_waiting
java.lang.Thread.State: TIMED_WAITING
        at sun.misc.Unsafe.park(Native Method)
        at java.util.concurrent.locks.LockSupport.parkNanos(LockSupport.java:215)
        at java.util.concurrent.locks.AbstractQueuedSynchronizer$ConditionObject.awaitNanos(AbstractQueuedSynchronizer.java:2078)
        at org.eclipse.jetty.util.BlockingArrayQueue.poll(BlockingArrayQueue.java:382)
        at org.eclipse.jetty.util.thread.QueuedThreadPool$Runner.idleJobPoll(QueuedThreadPool.java:974)
        at org.eclipse.jetty.util.thread.QueuedThreadPool$Runner.run(QueuedThreadPool.java:1018)
        at java.lang.Thread.run(Thread.java:750)
"JvmPauseMonitor3" daemon prio=5 tid=408 timed_waiting
java.lang.Thread.State: TIMED_WAITING
        at java.lang.Thread.sleep(Native Method)
        at java.lang.Thread.sleep(Thread.java:342)
        at java.util.concurrent.TimeUnit.sleep(TimeUnit.java:386)
        at org.apache.ratis.util.TimeDuration.sleep(TimeDuration.java:325)
        at org.apache.ratis.util.TimeDuration.sleep(TimeDuration.java:310)
        at org.apache.ratis.util.JvmPauseMonitor.detectPause(JvmPauseMonitor.java:119)
        at org.apache.ratis.util.JvmPauseMonitor.run(JvmPauseMonitor.java:108)
        at org.apache.ratis.util.JvmPauseMonitor$$Lambda$706/1921836051.run(Unknown Source)
        at java.lang.Thread.run(Thread.java:750)
"IPC Server handler 11 on default port 42553" daemon prio=5 tid=78 timed_waiting
java.lang.Thread.State: TIMED_WAITING
        at sun.misc.Unsafe.park(Native Method)
        at java.util.concurrent.locks.LockSupport.parkNanos(LockSupport.java:215)
        at java.util.concurrent.locks.AbstractQueuedSynchronizer$ConditionObject.awaitNanos(AbstractQueuedSynchronizer.java:2078)
        at java.util.concurrent.LinkedBlockingQueue.poll(LinkedBlockingQueue.java:467)
        at org.apache.hadoop.ipc.CallQueueManager.take(CallQueueManager.java:317)
        at org.apache.hadoop.ipc.Server$Handler.run(Server.java:2942)
"EventQueue-DatanodeCommandForSCMNodeManager"  prio=5 tid=491 in Object.wait()
java.lang.Thread.State: WAITING (on object monitor)
        at sun.misc.Unsafe.park(Native Method)
        at java.util.concurrent.locks.LockSupport.park(LockSupport.java:175)
        at java.util.concurrent.locks.AbstractQueuedSynchronizer$ConditionObject.await(AbstractQueuedSynchronizer.java:2039)
        at java.util.concurrent.LinkedBlockingQueue.take(LinkedBlockingQueue.java:442)
        at java.util.concurrent.ThreadPoolExecutor.getTask(ThreadPoolExecutor.java:1074)
        at java.util.concurrent.ThreadPoolExecutor.runWorker(ThreadPoolExecutor.java:1134)
        at java.util.concurrent.ThreadPoolExecutor$Worker.run(ThreadPoolExecutor.java:624)
        at java.lang.Thread.run(Thread.java:750)
"qtp1362046077-243" daemon prio=5 tid=243 timed_waiting
java.lang.Thread.State: TIMED_WAITING
        at sun.misc.Unsafe.park(Native Method)
        at java.util.concurrent.locks.LockSupport.parkNanos(LockSupport.java:215)
        at java.util.concurrent.locks.AbstractQueuedSynchronizer$ConditionObject.awaitNanos(AbstractQueuedSynchronizer.java:2078)
        at org.eclipse.jetty.util.BlockingArrayQueue.poll(BlockingArrayQueue.java:382)
        at org.eclipse.jetty.util.thread.QueuedThreadPool$Runner.idleJobPoll(QueuedThreadPool.java:974)
        at org.eclipse.jetty.util.thread.QueuedThreadPool$Runner.run(QueuedThreadPool.java:1018)
        at java.lang.Thread.run(Thread.java:750)
"Datanode State Machine Task Thread - 1"  prio=5 tid=364 in Object.wait()
java.lang.Thread.State: WAITING (on object monitor)
        at sun.misc.Unsafe.park(Native Method)
        at java.util.concurrent.locks.LockSupport.park(LockSupport.java:175)
        at java.util.concurrent.locks.AbstractQueuedSynchronizer$ConditionObject.await(AbstractQueuedSynchronizer.java:2039)
        at java.util.concurrent.LinkedBlockingQueue.take(LinkedBlockingQueue.java:442)
        at java.util.concurrent.ThreadPoolExecutor.getTask(ThreadPoolExecutor.java:1074)
        at java.util.concurrent.ThreadPoolExecutor.runWorker(ThreadPoolExecutor.java:1134)
        at java.util.concurrent.ThreadPoolExecutor$Worker.run(ThreadPoolExecutor.java:624)
        at java.lang.Thread.run(Thread.java:750)
"KeyDeletingService#0" daemon prio=5 tid=141 timed_waiting
java.lang.Thread.State: TIMED_WAITING
        at sun.misc.Unsafe.park(Native Method)
        at java.util.concurrent.locks.LockSupport.parkNanos(LockSupport.java:215)
        at java.util.concurrent.locks.AbstractQueuedSynchronizer$ConditionObject.awaitNanos(AbstractQueuedSynchronizer.java:2078)
        at java.util.concurrent.ScheduledThreadPoolExecutor$DelayedWorkQueue.take(ScheduledThreadPoolExecutor.java:1093)
        at java.util.concurrent.ScheduledThreadPoolExecutor$DelayedWorkQueue.take(ScheduledThreadPoolExecutor.java:809)
        at java.util.concurrent.ThreadPoolExecutor.getTask(ThreadPoolExecutor.java:1074)
        at java.util.concurrent.ThreadPoolExecutor.runWorker(ThreadPoolExecutor.java:1134)
        at java.util.concurrent.ThreadPoolExecutor$Worker.run(ThreadPoolExecutor.java:624)
        at java.lang.Thread.run(Thread.java:750)
"ChunkReader-0" daemon prio=5 tid=767 in Object.wait()
java.lang.Thread.State: WAITING (on object monitor)
        at sun.misc.Unsafe.park(Native Method)
        at java.util.concurrent.locks.LockSupport.park(LockSupport.java:175)
        at java.util.concurrent.locks.AbstractQueuedSynchronizer$ConditionObject.await(AbstractQueuedSynchronizer.java:2039)
        at java.util.concurrent.LinkedBlockingQueue.take(LinkedBlockingQueue.java:442)
        at java.util.concurrent.ThreadPoolExecutor.getTask(ThreadPoolExecutor.java:1074)
        at java.util.concurrent.ThreadPoolExecutor.runWorker(ThreadPoolExecutor.java:1134)
        at java.util.concurrent.ThreadPoolExecutor$Worker.run(ThreadPoolExecutor.java:624)
        at java.lang.Thread.run(Thread.java:750)
"Datanode State Machine Task Thread - 0"  prio=5 tid=307 in Object.wait()
java.lang.Thread.State: WAITING (on object monitor)
        at sun.misc.Unsafe.park(Native Method)
        at java.util.concurrent.locks.LockSupport.park(LockSupport.java:175)
        at java.util.concurrent.locks.AbstractQueuedSynchronizer$ConditionObject.await(AbstractQueuedSynchronizer.java:2039)
        at java.util.concurrent.LinkedBlockingQueue.take(LinkedBlockingQueue.java:442)
        at java.util.concurrent.ThreadPoolExecutor.getTask(ThreadPoolExecutor.java:1074)
        at java.util.concurrent.ThreadPoolExecutor.runWorker(ThreadPoolExecutor.java:1134)
        at java.util.concurrent.ThreadPoolExecutor$Worker.run(ThreadPoolExecutor.java:624)
        at java.lang.Thread.run(Thread.java:750)
"qtp36960764-393" daemon prio=5 tid=393 runnable
java.lang.Thread.State: RUNNABLE
        at sun.nio.ch.EPollArrayWrapper.epollWait(Native Method)
        at sun.nio.ch.EPollArrayWrapper.poll(EPollArrayWrapper.java:269)
        at sun.nio.ch.EPollSelectorImpl.doSelect(EPollSelectorImpl.java:93)
        at sun.nio.ch.SelectorImpl.lockAndDoSelect(SelectorImpl.java:86)
        at sun.nio.ch.SelectorImpl.select(SelectorImpl.java:97)
        at sun.nio.ch.SelectorImpl.select(SelectorImpl.java:101)
        at org.eclipse.jetty.io.ManagedSelector.nioSelect(ManagedSelector.java:183)
        at org.eclipse.jetty.io.ManagedSelector.select(ManagedSelector.java:190)
        at org.eclipse.jetty.io.ManagedSelector$SelectorProducer.select(ManagedSelector.java:606)
        at org.eclipse.jetty.io.ManagedSelector$SelectorProducer.produce(ManagedSelector.java:543)
        at org.eclipse.jetty.util.thread.strategy.EatWhatYouKill.produceTask(EatWhatYouKill.java:362)
        at org.eclipse.jetty.util.thread.strategy.EatWhatYouKill.doProduce(EatWhatYouKill.java:186)
        at org.eclipse.jetty.util.thread.strategy.EatWhatYouKill.tryProduce(EatWhatYouKill.java:173)
        at org.eclipse.jetty.util.thread.strategy.EatWhatYouKill.produce(EatWhatYouKill.java:137)
        at org.eclipse.jetty.io.ManagedSelector$$Lambda$446/1576513034.run(Unknown Source)
        at org.eclipse.jetty.util.thread.QueuedThreadPool.runJob(QueuedThreadPool.java:883)
        at org.eclipse.jetty.util.thread.QueuedThreadPool$Runner.run(QueuedThreadPool.java:1034)
        at java.lang.Thread.run(Thread.java:750)
"4c8c7e9c-fcb8-4cf5-b401-3fb7accb4cdc@group-068915523544-StateMachineUpdater" daemon prio=5 tid=645 timed_waiting
java.lang.Thread.State: TIMED_WAITING
        at sun.misc.Unsafe.park(Native Method)
        at java.util.concurrent.locks.LockSupport.parkNanos(LockSupport.java:215)
        at java.util.concurrent.CompletableFuture$Signaller.block(CompletableFuture.java:1709)
        at java.util.concurrent.ForkJoinPool.managedBlock(ForkJoinPool.java:3323)
        at java.util.concurrent.CompletableFuture.timedGet(CompletableFuture.java:1788)
        at java.util.concurrent.CompletableFuture.get(CompletableFuture.java:1928)
        at org.apache.ratis.util.AwaitForSignal.await(AwaitForSignal.java:56)
        at org.apache.ratis.server.impl.StateMachineUpdater.waitForCommit(StateMachineUpdater.java:207)
        at org.apache.ratis.server.impl.StateMachineUpdater.run(StateMachineUpdater.java:176)
        at java.lang.Thread.run(Thread.java:750)
"qtp1108487976-149" daemon prio=5 tid=149 timed_waiting
java.lang.Thread.State: TIMED_WAITING
        at sun.misc.Unsafe.park(Native Method)
        at java.util.concurrent.locks.LockSupport.parkNanos(LockSupport.java:215)
        at java.util.concurrent.locks.AbstractQueuedSynchronizer$ConditionObject.awaitNanos(AbstractQueuedSynchronizer.java:2078)
        at org.eclipse.jetty.util.BlockingArrayQueue.poll(BlockingArrayQueue.java:382)
        at org.eclipse.jetty.util.thread.QueuedThreadPool$Runner.idleJobPoll(QueuedThreadPool.java:974)
        at org.eclipse.jetty.util.thread.QueuedThreadPool$Runner.run(QueuedThreadPool.java:1018)
        at java.lang.Thread.run(Thread.java:750)
"ChunkWriter-0-0" daemon prio=5 tid=507 in Object.wait()
java.lang.Thread.State: WAITING (on object monitor)
        at sun.misc.Unsafe.park(Native Method)
        at java.util.concurrent.locks.LockSupport.park(LockSupport.java:175)
        at java.util.concurrent.locks.AbstractQueuedSynchronizer$ConditionObject.await(AbstractQueuedSynchronizer.java:2039)
        at java.util.concurrent.LinkedBlockingDeque.takeFirst(LinkedBlockingDeque.java:492)
        at java.util.concurrent.LinkedBlockingDeque.take(LinkedBlockingDeque.java:680)
        at java.util.concurrent.ThreadPoolExecutor.getTask(ThreadPoolExecutor.java:1074)
        at java.util.concurrent.ThreadPoolExecutor.runWorker(ThreadPoolExecutor.java:1134)
        at java.util.concurrent.ThreadPoolExecutor$Worker.run(ThreadPoolExecutor.java:624)
        at java.lang.Thread.run(Thread.java:750)
"pool-288-thread-1" daemon prio=5 tid=464 timed_waiting
java.lang.Thread.State: TIMED_WAITING
        at sun.misc.Unsafe.park(Native Method)
        at java.util.concurrent.locks.LockSupport.parkNanos(LockSupport.java:215)
        at java.util.concurrent.locks.AbstractQueuedSynchronizer$ConditionObject.awaitNanos(AbstractQueuedSynchronizer.java:2078)
        at java.util.concurrent.ScheduledThreadPoolExecutor$DelayedWorkQueue.take(ScheduledThreadPoolExecutor.java:1093)
        at java.util.concurrent.ScheduledThreadPoolExecutor$DelayedWorkQueue.take(ScheduledThreadPoolExecutor.java:809)
        at java.util.concurrent.ThreadPoolExecutor.getTask(ThreadPoolExecutor.java:1074)
        at java.util.concurrent.ThreadPoolExecutor.runWorker(ThreadPoolExecutor.java:1134)
        at java.util.concurrent.ThreadPoolExecutor$Worker.run(ThreadPoolExecutor.java:624)
        at java.lang.Thread.run(Thread.java:750)
"qtp1171084822-217" daemon prio=5 tid=217 timed_waiting
java.lang.Thread.State: TIMED_WAITING
        at sun.misc.Unsafe.park(Native Method)
        at java.util.concurrent.locks.LockSupport.parkNanos(LockSupport.java:215)
        at java.util.concurrent.locks.AbstractQueuedSynchronizer$ConditionObject.awaitNanos(AbstractQueuedSynchronizer.java:2078)
        at org.eclipse.jetty.util.BlockingArrayQueue.poll(BlockingArrayQueue.java:382)
        at org.eclipse.jetty.util.thread.QueuedThreadPool$Runner.idleJobPoll(QueuedThreadPool.java:974)
        at org.eclipse.jetty.util.thread.QueuedThreadPool$Runner.run(QueuedThreadPool.java:1018)
        at java.lang.Thread.run(Thread.java:750)
"StaleRecoveringContainerScrubbingService#0" daemon prio=5 tid=449 in Object.wait()
java.lang.Thread.State: WAITING (on object monitor)
        at sun.misc.Unsafe.park(Native Method)
        at java.util.concurrent.locks.LockSupport.park(LockSupport.java:175)
        at java.util.concurrent.locks.AbstractQueuedSynchronizer$ConditionObject.await(AbstractQueuedSynchronizer.java:2039)
        at java.util.concurrent.ScheduledThreadPoolExecutor$DelayedWorkQueue.take(ScheduledThreadPoolExecutor.java:1088)
        at java.util.concurrent.ScheduledThreadPoolExecutor$DelayedWorkQueue.take(ScheduledThreadPoolExecutor.java:809)
        at java.util.concurrent.ThreadPoolExecutor.getTask(ThreadPoolExecutor.java:1074)
        at java.util.concurrent.ThreadPoolExecutor.runWorker(ThreadPoolExecutor.java:1134)
        at java.util.concurrent.ThreadPoolExecutor$Worker.run(ThreadPoolExecutor.java:624)
        at java.lang.Thread.run(Thread.java:750)
"qtp563908089-361" daemon prio=5 tid=361 timed_waiting
java.lang.Thread.State: TIMED_WAITING
        at sun.misc.Unsafe.park(Native Method)
        at java.util.concurrent.locks.LockSupport.parkNanos(LockSupport.java:215)
        at java.util.concurrent.locks.AbstractQueuedSynchronizer$ConditionObject.awaitNanos(AbstractQueuedSynchronizer.java:2078)
        at org.eclipse.jetty.util.BlockingArrayQueue.poll(BlockingArrayQueue.java:382)
        at org.eclipse.jetty.util.thread.QueuedThreadPool$Runner.idleJobPoll(QueuedThreadPool.java:974)
        at org.eclipse.jetty.util.thread.QueuedThreadPool$Runner.run(QueuedThreadPool.java:1018)
        at java.lang.Thread.run(Thread.java:750)
"Datanode ReportManager Thread - 2" daemon prio=5 tid=198 timed_waiting
java.lang.Thread.State: TIMED_WAITING
        at sun.misc.Unsafe.park(Native Method)
        at java.util.concurrent.locks.LockSupport.parkNanos(LockSupport.java:215)
        at java.util.concurrent.locks.AbstractQueuedSynchronizer$ConditionObject.awaitNanos(AbstractQueuedSynchronizer.java:2078)
        at java.util.concurrent.ScheduledThreadPoolExecutor$DelayedWorkQueue.take(ScheduledThreadPoolExecutor.java:1093)
        at java.util.concurrent.ScheduledThreadPoolExecutor$DelayedWorkQueue.take(ScheduledThreadPoolExecutor.java:809)
        at java.util.concurrent.ThreadPoolExecutor.getTask(ThreadPoolExecutor.java:1074)
        at java.util.concurrent.ThreadPoolExecutor.runWorker(ThreadPoolExecutor.java:1134)
        at java.util.concurrent.ThreadPoolExecutor$Worker.run(ThreadPoolExecutor.java:624)
        at java.lang.Thread.run(Thread.java:750)
"Datanode ReportManager Thread - 2" daemon prio=5 tid=417 timed_waiting
java.lang.Thread.State: TIMED_WAITING
        at sun.misc.Unsafe.park(Native Method)
        at java.util.concurrent.locks.LockSupport.parkNanos(LockSupport.java:215)
        at java.util.concurrent.locks.AbstractQueuedSynchronizer$ConditionObject.awaitNanos(AbstractQueuedSynchronizer.java:2078)
        at java.util.concurrent.ScheduledThreadPoolExecutor$DelayedWorkQueue.take(ScheduledThreadPoolExecutor.java:1093)
        at java.util.concurrent.ScheduledThreadPoolExecutor$DelayedWorkQueue.take(ScheduledThreadPoolExecutor.java:809)
        at java.util.concurrent.ThreadPoolExecutor.getTask(ThreadPoolExecutor.java:1074)
        at java.util.concurrent.ThreadPoolExecutor.runWorker(ThreadPoolExecutor.java:1134)
        at java.util.concurrent.ThreadPoolExecutor$Worker.run(ThreadPoolExecutor.java:624)
        at java.lang.Thread.run(Thread.java:750)
"grpc-default-worker-ELG-3-2" daemon prio=5 tid=577 runnable
java.lang.Thread.State: RUNNABLE
        at org.apache.ratis.thirdparty.io.netty.channel.epoll.Native.epollWait0(Native Method)
        at org.apache.ratis.thirdparty.io.netty.channel.epoll.Native.epollWait(Native.java:182)
        at org.apache.ratis.thirdparty.io.netty.channel.epoll.EpollEventLoop.epollWait(EpollEventLoop.java:290)
        at org.apache.ratis.thirdparty.io.netty.channel.epoll.EpollEventLoop.run(EpollEventLoop.java:354)
        at org.apache.ratis.thirdparty.io.netty.util.concurrent.SingleThreadEventExecutor$4.run(SingleThreadEventExecutor.java:995)
        at org.apache.ratis.thirdparty.io.netty.util.internal.ThreadExecutorMap$2.run(ThreadExecutorMap.java:74)
        at org.apache.ratis.thirdparty.io.netty.util.concurrent.FastThreadLocalRunnable.run(FastThreadLocalRunnable.java:30)
        at java.lang.Thread.run(Thread.java:750)
"qtp230464909-186" daemon prio=5 tid=186 timed_waiting
java.lang.Thread.State: TIMED_WAITING
        at sun.misc.Unsafe.park(Native Method)
        at java.util.concurrent.locks.LockSupport.parkNanos(LockSupport.java:215)
        at java.util.concurrent.locks.AbstractQueuedSynchronizer$ConditionObject.awaitNanos(AbstractQueuedSynchronizer.java:2078)
        at org.eclipse.jetty.util.BlockingArrayQueue.poll(BlockingArrayQueue.java:382)
        at org.eclipse.jetty.util.thread.QueuedThreadPool$Runner.idleJobPoll(QueuedThreadPool.java:974)
        at org.eclipse.jetty.util.thread.QueuedThreadPool$Runner.run(QueuedThreadPool.java:1018)
        at java.lang.Thread.run(Thread.java:750)
"qtp1362046077-240" daemon prio=5 tid=240 timed_waiting
java.lang.Thread.State: TIMED_WAITING
        at sun.misc.Unsafe.park(Native Method)
        at java.util.concurrent.locks.LockSupport.parkNanos(LockSupport.java:215)
        at java.util.concurrent.locks.AbstractQueuedSynchronizer$ConditionObject.awaitNanos(AbstractQueuedSynchronizer.java:2078)
        at org.eclipse.jetty.util.BlockingArrayQueue.poll(BlockingArrayQueue.java:382)
        at org.eclipse.jetty.util.thread.QueuedThreadPool$Runner.idleJobPoll(QueuedThreadPool.java:974)
        at org.eclipse.jetty.util.thread.QueuedThreadPool$Runner.run(QueuedThreadPool.java:1018)
        at java.lang.Thread.run(Thread.java:750)
"FullTableCache Cleanup Thread - 0" daemon prio=5 tid=759 in Object.wait()
java.lang.Thread.State: WAITING (on object monitor)
        at sun.misc.Unsafe.park(Native Method)
        at java.util.concurrent.locks.LockSupport.park(LockSupport.java:175)
        at java.util.concurrent.locks.AbstractQueuedSynchronizer$ConditionObject.await(AbstractQueuedSynchronizer.java:2039)
        at java.util.concurrent.LinkedBlockingQueue.take(LinkedBlockingQueue.java:442)
        at java.util.concurrent.ThreadPoolExecutor.getTask(ThreadPoolExecutor.java:1074)
        at java.util.concurrent.ThreadPoolExecutor.runWorker(ThreadPoolExecutor.java:1134)
        at java.util.concurrent.ThreadPoolExecutor$Worker.run(ThreadPoolExecutor.java:624)
        at java.lang.Thread.run(Thread.java:750)
"ChunkReader-ELG-0" daemon prio=5 tid=409 runnable
java.lang.Thread.State: RUNNABLE
        at org.apache.ratis.thirdparty.io.netty.channel.epoll.Native.epollWait(Native Method)
        at org.apache.ratis.thirdparty.io.netty.channel.epoll.Native.epollWait(Native.java:209)
        at org.apache.ratis.thirdparty.io.netty.channel.epoll.Native.epollWait(Native.java:202)
        at org.apache.ratis.thirdparty.io.netty.channel.epoll.EpollEventLoop.epollWaitNoTimerChange(EpollEventLoop.java:294)
        at org.apache.ratis.thirdparty.io.netty.channel.epoll.EpollEventLoop.run(EpollEventLoop.java:351)
        at org.apache.ratis.thirdparty.io.netty.util.concurrent.SingleThreadEventExecutor$4.run(SingleThreadEventExecutor.java:995)
        at org.apache.ratis.thirdparty.io.netty.util.internal.ThreadExecutorMap$2.run(ThreadExecutorMap.java:74)
        at java.lang.Thread.run(Thread.java:750)
"f7350d57-8232-4853-9d4b-5861d033a2e4@group-1C8420390690-SegmentedRaftLogWorker"  prio=5 tid=588 timed_waiting
java.lang.Thread.State: TIMED_WAITING
        at sun.misc.Unsafe.park(Native Method)
        at java.util.concurrent.locks.LockSupport.parkNanos(LockSupport.java:215)
        at java.util.concurrent.locks.AbstractQueuedSynchronizer$ConditionObject.awaitNanos(AbstractQueuedSynchronizer.java:2078)
        at org.apache.ratis.util.DataBlockingQueue.poll(DataBlockingQueue.java:148)
        at org.apache.ratis.server.raftlog.segmented.SegmentedRaftLogWorker.run(SegmentedRaftLogWorker.java:310)
        at org.apache.ratis.server.raftlog.segmented.SegmentedRaftLogWorker$$Lambda$665/990731450.run(Unknown Source)
        at java.lang.Thread.run(Thread.java:750)
"IPC Server handler 16 on default port 43027" daemon prio=5 tid=63 timed_waiting
java.lang.Thread.State: TIMED_WAITING
        at sun.misc.Unsafe.park(Native Method)
        at java.util.concurrent.locks.LockSupport.parkNanos(LockSupport.java:215)
        at java.util.concurrent.locks.AbstractQueuedSynchronizer$ConditionObject.awaitNanos(AbstractQueuedSynchronizer.java:2078)
        at java.util.concurrent.LinkedBlockingQueue.poll(LinkedBlockingQueue.java:467)
        at org.apache.hadoop.ipc.CallQueueManager.take(CallQueueManager.java:317)
        at org.apache.hadoop.ipc.Server$Handler.run(Server.java:2942)
"Datanode ReportManager Thread - 3" daemon prio=5 tid=342 in Object.wait()
java.lang.Thread.State: WAITING (on object monitor)
        at sun.misc.Unsafe.park(Native Method)
        at java.util.concurrent.locks.LockSupport.park(LockSupport.java:175)
        at java.util.concurrent.locks.AbstractQueuedSynchronizer$ConditionObject.await(AbstractQueuedSynchronizer.java:2039)
        at java.util.concurrent.ScheduledThreadPoolExecutor$DelayedWorkQueue.take(ScheduledThreadPoolExecutor.java:1088)
        at java.util.concurrent.ScheduledThreadPoolExecutor$DelayedWorkQueue.take(ScheduledThreadPoolExecutor.java:809)
        at java.util.concurrent.ThreadPoolExecutor.getTask(ThreadPoolExecutor.java:1074)
        at java.util.concurrent.ThreadPoolExecutor.runWorker(ThreadPoolExecutor.java:1134)
        at java.util.concurrent.ThreadPoolExecutor$Worker.run(ThreadPoolExecutor.java:624)
        at java.lang.Thread.run(Thread.java:750)
"qtp1166478592-266" daemon prio=5 tid=266 timed_waiting
java.lang.Thread.State: TIMED_WAITING
        at sun.misc.Unsafe.park(Native Method)
        at java.util.concurrent.locks.LockSupport.parkNanos(LockSupport.java:215)
        at java.util.concurrent.locks.AbstractQueuedSynchronizer$ConditionObject.awaitNanos(AbstractQueuedSynchronizer.java:2078)
        at org.eclipse.jetty.util.BlockingArrayQueue.poll(BlockingArrayQueue.java:382)
        at org.eclipse.jetty.util.thread.QueuedThreadPool$Runner.idleJobPoll(QueuedThreadPool.java:974)
        at org.eclipse.jetty.util.thread.QueuedThreadPool$Runner.run(QueuedThreadPool.java:1018)
        at java.lang.Thread.run(Thread.java:750)
"IPC Server handler 4 on default port 43027" daemon prio=5 tid=51 timed_waiting
java.lang.Thread.State: TIMED_WAITING
        at sun.misc.Unsafe.park(Native Method)
        at java.util.concurrent.locks.LockSupport.parkNanos(LockSupport.java:215)
        at java.util.concurrent.locks.AbstractQueuedSynchronizer$ConditionObject.awaitNanos(AbstractQueuedSynchronizer.java:2078)
        at java.util.concurrent.LinkedBlockingQueue.poll(LinkedBlockingQueue.java:467)
        at org.apache.hadoop.ipc.CallQueueManager.take(CallQueueManager.java:317)
        at org.apache.hadoop.ipc.Server$Handler.run(Server.java:2942)
"94086278-3489-4279-864e-1549830c8dca@group-26F38406CDA9-FollowerState" daemon prio=5 tid=718 timed_waiting
java.lang.Thread.State: TIMED_WAITING
        at java.lang.Thread.sleep(Native Method)
        at java.lang.Thread.sleep(Thread.java:342)
        at java.util.concurrent.TimeUnit.sleep(TimeUnit.java:386)
        at org.apache.ratis.util.TimeDuration.sleep(TimeDuration.java:325)
        at org.apache.ratis.util.TimeDuration.sleep(TimeDuration.java:310)
        at org.apache.ratis.server.impl.FollowerState.run(FollowerState.java:128)
"OM StateMachine ApplyTransaction Thread - 0" daemon prio=5 tid=756 in Object.wait()
java.lang.Thread.State: WAITING (on object monitor)
        at sun.misc.Unsafe.park(Native Method)
        at java.util.concurrent.locks.LockSupport.park(LockSupport.java:175)
        at java.util.concurrent.locks.AbstractQueuedSynchronizer$ConditionObject.await(AbstractQueuedSynchronizer.java:2039)
        at java.util.concurrent.LinkedBlockingQueue.take(LinkedBlockingQueue.java:442)
        at java.util.concurrent.ThreadPoolExecutor.getTask(ThreadPoolExecutor.java:1074)
        at java.util.concurrent.ThreadPoolExecutor.runWorker(ThreadPoolExecutor.java:1134)
        at java.util.concurrent.ThreadPoolExecutor$Worker.run(ThreadPoolExecutor.java:624)
        at java.lang.Thread.run(Thread.java:750)
"qtp1097955717-476" daemon prio=5 tid=476 timed_waiting
java.lang.Thread.State: TIMED_WAITING
        at sun.misc.Unsafe.park(Native Method)
        at java.util.concurrent.locks.LockSupport.parkNanos(LockSupport.java:215)
        at java.util.concurrent.locks.AbstractQueuedSynchronizer$ConditionObject.awaitNanos(AbstractQueuedSynchronizer.java:2078)
        at org.eclipse.jetty.util.BlockingArrayQueue.poll(BlockingArrayQueue.java:382)
        at org.eclipse.jetty.util.thread.QueuedThreadPool$Runner.idleJobPoll(QueuedThreadPool.java:974)
        at org.eclipse.jetty.util.thread.QueuedThreadPool$Runner.run(QueuedThreadPool.java:1018)
        at java.lang.Thread.run(Thread.java:750)
"IPC Server handler 0 on default port 42553" daemon prio=5 tid=67 timed_waiting
java.lang.Thread.State: TIMED_WAITING
        at sun.misc.Unsafe.park(Native Method)
        at java.util.concurrent.locks.LockSupport.parkNanos(LockSupport.java:215)
        at java.util.concurrent.locks.AbstractQueuedSynchronizer$ConditionObject.awaitNanos(AbstractQueuedSynchronizer.java:2078)
        at java.util.concurrent.LinkedBlockingQueue.poll(LinkedBlockingQueue.java:467)
        at org.apache.hadoop.ipc.CallQueueManager.take(CallQueueManager.java:317)
        at org.apache.hadoop.ipc.Server$Handler.run(Server.java:2942)
"BlockDeletingService#0" daemon prio=5 tid=513 in Object.wait()
java.lang.Thread.State: WAITING (on object monitor)
        at sun.misc.Unsafe.park(Native Method)
        at java.util.concurrent.locks.LockSupport.park(LockSupport.java:175)
        at java.util.concurrent.locks.AbstractQueuedSynchronizer$ConditionObject.await(AbstractQueuedSynchronizer.java:2039)
        at java.util.concurrent.ScheduledThreadPoolExecutor$DelayedWorkQueue.take(ScheduledThreadPoolExecutor.java:1088)
        at java.util.concurrent.ScheduledThreadPoolExecutor$DelayedWorkQueue.take(ScheduledThreadPoolExecutor.java:809)
        at java.util.concurrent.ThreadPoolExecutor.getTask(ThreadPoolExecutor.java:1074)
        at java.util.concurrent.ThreadPoolExecutor.runWorker(ThreadPoolExecutor.java:1134)
        at java.util.concurrent.ThreadPoolExecutor$Worker.run(ThreadPoolExecutor.java:624)
        at java.lang.Thread.run(Thread.java:750)
"qtp1166478592-264" daemon prio=5 tid=264 runnable
java.lang.Thread.State: RUNNABLE
        at sun.nio.ch.EPollArrayWrapper.epollWait(Native Method)
        at sun.nio.ch.EPollArrayWrapper.poll(EPollArrayWrapper.java:269)
        at sun.nio.ch.EPollSelectorImpl.doSelect(EPollSelectorImpl.java:93)
        at sun.nio.ch.SelectorImpl.lockAndDoSelect(SelectorImpl.java:86)
        at sun.nio.ch.SelectorImpl.select(SelectorImpl.java:97)
        at sun.nio.ch.SelectorImpl.select(SelectorImpl.java:101)
        at org.eclipse.jetty.io.ManagedSelector.nioSelect(ManagedSelector.java:183)
        at org.eclipse.jetty.io.ManagedSelector.select(ManagedSelector.java:190)
        at org.eclipse.jetty.io.ManagedSelector$SelectorProducer.select(ManagedSelector.java:606)
        at org.eclipse.jetty.io.ManagedSelector$SelectorProducer.produce(ManagedSelector.java:543)
        at org.eclipse.jetty.util.thread.strategy.EatWhatYouKill.produceTask(EatWhatYouKill.java:362)
        at org.eclipse.jetty.util.thread.strategy.EatWhatYouKill.doProduce(EatWhatYouKill.java:186)
        at org.eclipse.jetty.util.thread.strategy.EatWhatYouKill.tryProduce(EatWhatYouKill.java:173)
        at org.eclipse.jetty.util.thread.strategy.EatWhatYouKill.produce(EatWhatYouKill.java:137)
        at org.eclipse.jetty.io.ManagedSelector$$Lambda$446/1576513034.run(Unknown Source)
        at org.eclipse.jetty.util.thread.QueuedThreadPool.runJob(QueuedThreadPool.java:883)
        at org.eclipse.jetty.util.thread.QueuedThreadPool$Runner.run(QueuedThreadPool.java:1034)
        at java.lang.Thread.run(Thread.java:750)
"qtp1108487976-150" daemon prio=5 tid=150 timed_waiting
java.lang.Thread.State: TIMED_WAITING
        at sun.misc.Unsafe.park(Native Method)
        at java.util.concurrent.locks.LockSupport.parkNanos(LockSupport.java:215)
        at java.util.concurrent.locks.AbstractQueuedSynchronizer$ConditionObject.awaitNanos(AbstractQueuedSynchronizer.java:2078)
        at org.eclipse.jetty.util.BlockingArrayQueue.poll(BlockingArrayQueue.java:382)
        at org.eclipse.jetty.util.thread.QueuedThreadPool$Runner.idleJobPoll(QueuedThreadPool.java:974)
        at org.eclipse.jetty.util.thread.QueuedThreadPool$Runner.run(QueuedThreadPool.java:1018)
        at java.lang.Thread.run(Thread.java:750)
"IPC Server handler 16 on default port 41185" daemon prio=5 tid=103 timed_waiting
java.lang.Thread.State: TIMED_WAITING
        at sun.misc.Unsafe.park(Native Method)
        at java.util.concurrent.locks.LockSupport.parkNanos(LockSupport.java:215)
        at java.util.concurrent.locks.AbstractQueuedSynchronizer$ConditionObject.awaitNanos(AbstractQueuedSynchronizer.java:2078)
        at java.util.concurrent.LinkedBlockingQueue.poll(LinkedBlockingQueue.java:467)
        at org.apache.hadoop.ipc.CallQueueManager.take(CallQueueManager.java:317)
        at org.apache.hadoop.ipc.Server$Handler.run(Server.java:2942)
"4c8c7e9c-fcb8-4cf5-b401-3fb7accb4cdc@group-0F702FC51EF1-FollowerState" daemon prio=5 tid=830 timed_waiting
java.lang.Thread.State: TIMED_WAITING
        at java.lang.Thread.sleep(Native Method)
        at java.lang.Thread.sleep(Thread.java:342)
        at java.util.concurrent.TimeUnit.sleep(TimeUnit.java:386)
        at org.apache.ratis.util.TimeDuration.sleep(TimeDuration.java:325)
        at org.apache.ratis.util.TimeDuration.sleep(TimeDuration.java:310)
        at org.apache.ratis.server.impl.FollowerState.run(FollowerState.java:128)
"f7350d57-8232-4853-9d4b-5861d033a2e4@group-0066D9F15E56-LeaderStateImpl" daemon prio=5 tid=727 timed_waiting
java.lang.Thread.State: TIMED_WAITING
        at sun.misc.Unsafe.park(Native Method)
        at java.util.concurrent.locks.LockSupport.parkNanos(LockSupport.java:215)
        at java.util.concurrent.locks.AbstractQueuedSynchronizer$ConditionObject.awaitNanos(AbstractQueuedSynchronizer.java:2078)
        at java.util.concurrent.ArrayBlockingQueue.poll(ArrayBlockingQueue.java:418)
        at org.apache.ratis.server.impl.LeaderStateImpl$EventQueue.poll(LeaderStateImpl.java:159)
        at org.apache.ratis.server.impl.LeaderStateImpl$EventProcessor.run(LeaderStateImpl.java:630)
"timer3" daemon prio=5 tid=699 timed_waiting
java.lang.Thread.State: TIMED_WAITING
        at java.lang.Object.wait(Native Method)
        at java.util.TimerThread.mainLoop(Timer.java:552)
        at java.util.TimerThread.run(Timer.java:505)
"pool-187-thread-1"  prio=5 tid=619 in Object.wait()
java.lang.Thread.State: WAITING (on object monitor)
        at sun.misc.Unsafe.park(Native Method)
        at java.util.concurrent.locks.LockSupport.park(LockSupport.java:175)
        at java.util.concurrent.locks.AbstractQueuedSynchronizer$ConditionObject.await(AbstractQueuedSynchronizer.java:2039)
        at java.util.concurrent.LinkedBlockingQueue.take(LinkedBlockingQueue.java:442)
        at java.util.concurrent.ThreadPoolExecutor.getTask(ThreadPoolExecutor.java:1074)
        at java.util.concurrent.ThreadPoolExecutor.runWorker(ThreadPoolExecutor.java:1134)
        at java.util.concurrent.ThreadPoolExecutor$Worker.run(ThreadPoolExecutor.java:624)
        at java.lang.Thread.run(Thread.java:750)
"b6bc655b-a75f-4a95-a86c-7969b7c6987b@group-26F38406CDA9->94086278-3489-4279-864e-1549830c8dca-GrpcLogAppender-LogAppenderDaemon" daemon prio=5 tid=717 timed_waiting
java.lang.Thread.State: TIMED_WAITING
        at sun.misc.Unsafe.park(Native Method)
        at java.util.concurrent.locks.LockSupport.parkNanos(LockSupport.java:215)
        at java.util.concurrent.CompletableFuture$Signaller.block(CompletableFuture.java:1709)
        at java.util.concurrent.ForkJoinPool.managedBlock(ForkJoinPool.java:3323)
        at java.util.concurrent.CompletableFuture.timedGet(CompletableFuture.java:1788)
        at java.util.concurrent.CompletableFuture.get(CompletableFuture.java:1928)
        at org.apache.ratis.util.AwaitForSignal.await(AwaitForSignal.java:56)
        at org.apache.ratis.grpc.server.GrpcLogAppender.mayWait(GrpcLogAppender.java:198)
        at org.apache.ratis.grpc.server.GrpcLogAppender.run(GrpcLogAppender.java:148)
        at org.apache.ratis.server.leader.LogAppenderDaemon.run(LogAppenderDaemon.java:78)
        at org.apache.ratis.server.leader.LogAppenderDaemon$$Lambda$1039/1183590628.run(Unknown Source)
        at java.lang.Thread.run(Thread.java:750)
"Command processor thread" daemon prio=5 tid=305 timed_waiting
java.lang.Thread.State: TIMED_WAITING
        at java.lang.Thread.sleep(Native Method)
        at org.apache.hadoop.ozone.container.common.statemachine.DatanodeStateMachine.lambda$initCommandHandlerThread$3(DatanodeStateMachine.java:641)
        at org.apache.hadoop.ozone.container.common.statemachine.DatanodeStateMachine$$Lambda$785/613122004.run(Unknown Source)
        at java.lang.Thread.run(Thread.java:750)
"qtp1166478592-271" daemon prio=5 tid=271 timed_waiting
java.lang.Thread.State: TIMED_WAITING
        at sun.misc.Unsafe.park(Native Method)
        at java.util.concurrent.locks.LockSupport.parkNanos(LockSupport.java:215)
        at java.util.concurrent.locks.AbstractQueuedSynchronizer$ConditionObject.awaitNanos(AbstractQueuedSynchronizer.java:2078)
        at org.eclipse.jetty.util.BlockingArrayQueue.poll(BlockingArrayQueue.java:382)
        at org.eclipse.jetty.util.thread.QueuedThreadPool$Runner.idleJobPoll(QueuedThreadPool.java:974)
        at org.eclipse.jetty.util.thread.QueuedThreadPool$Runner.run(QueuedThreadPool.java:1018)
        at java.lang.Thread.run(Thread.java:750)
"timer0" daemon prio=5 tid=726 timed_waiting
java.lang.Thread.State: TIMED_WAITING
        at java.lang.Object.wait(Native Method)
        at java.util.TimerThread.mainLoop(Timer.java:552)
        at java.util.TimerThread.run(Timer.java:505)
"Datanode State Machine Daemon Thread" daemon prio=5 tid=376 timed_waiting
java.lang.Thread.State: TIMED_WAITING
        at java.lang.Thread.sleep(Native Method)
        at org.apache.hadoop.ozone.container.common.statemachine.DatanodeStateMachine.startStateMachineThread(DatanodeStateMachine.java:321)
        at org.apache.hadoop.ozone.container.common.statemachine.DatanodeStateMachine.lambda$startDaemon$0(DatanodeStateMachine.java:506)
        at org.apache.hadoop.ozone.container.common.statemachine.DatanodeStateMachine$$Lambda$782/1106125451.run(Unknown Source)
        at java.lang.Thread.run(Thread.java:750)
"b6bc655b-a75f-4a95-a86c-7969b7c6987b@group-6960E46847BC-StateMachineUpdater" daemon prio=5 tid=581 timed_waiting
java.lang.Thread.State: TIMED_WAITING
        at sun.misc.Unsafe.park(Native Method)
        at java.util.concurrent.locks.LockSupport.parkNanos(LockSupport.java:215)
        at java.util.concurrent.CompletableFuture$Signaller.block(CompletableFuture.java:1709)
        at java.util.concurrent.ForkJoinPool.managedBlock(ForkJoinPool.java:3323)
        at java.util.concurrent.CompletableFuture.timedGet(CompletableFuture.java:1788)
        at java.util.concurrent.CompletableFuture.get(CompletableFuture.java:1928)
        at org.apache.ratis.util.AwaitForSignal.await(AwaitForSignal.java:56)
        at org.apache.ratis.server.impl.StateMachineUpdater.waitForCommit(StateMachineUpdater.java:207)
        at org.apache.ratis.server.impl.StateMachineUpdater.run(StateMachineUpdater.java:176)
        at java.lang.Thread.run(Thread.java:750)
"qtp738848490-325" daemon prio=5 tid=325 timed_waiting
java.lang.Thread.State: TIMED_WAITING
        at sun.misc.Unsafe.park(Native Method)
        at java.util.concurrent.locks.LockSupport.parkNanos(LockSupport.java:215)
        at java.util.concurrent.locks.AbstractQueuedSynchronizer$ConditionObject.awaitNanos(AbstractQueuedSynchronizer.java:2078)
        at org.eclipse.jetty.util.BlockingArrayQueue.poll(BlockingArrayQueue.java:382)
        at org.eclipse.jetty.util.thread.QueuedThreadPool$Runner.idleJobPoll(QueuedThreadPool.java:974)
        at org.eclipse.jetty.util.thread.QueuedThreadPool$Runner.run(QueuedThreadPool.java:1018)
        at java.lang.Thread.run(Thread.java:750)
"ChunkWriter-3-0" daemon prio=5 tid=523 in Object.wait()
java.lang.Thread.State: WAITING (on object monitor)
        at sun.misc.Unsafe.park(Native Method)
        at java.util.concurrent.locks.LockSupport.park(LockSupport.java:175)
        at java.util.concurrent.locks.AbstractQueuedSynchronizer$ConditionObject.await(AbstractQueuedSynchronizer.java:2039)
        at java.util.concurrent.LinkedBlockingDeque.takeFirst(LinkedBlockingDeque.java:492)
        at java.util.concurrent.LinkedBlockingDeque.take(LinkedBlockingDeque.java:680)
        at java.util.concurrent.ThreadPoolExecutor.getTask(ThreadPoolExecutor.java:1074)
        at java.util.concurrent.ThreadPoolExecutor.runWorker(ThreadPoolExecutor.java:1134)
        at java.util.concurrent.ThreadPoolExecutor$Worker.run(ThreadPoolExecutor.java:624)
        at java.lang.Thread.run(Thread.java:750)
"qtp36960764-394" daemon prio=5 tid=394 timed_waiting
java.lang.Thread.State: TIMED_WAITING
        at sun.misc.Unsafe.park(Native Method)
        at java.util.concurrent.locks.LockSupport.parkNanos(LockSupport.java:215)
        at java.util.concurrent.locks.AbstractQueuedSynchronizer$ConditionObject.awaitNanos(AbstractQueuedSynchronizer.java:2078)
        at org.eclipse.jetty.util.BlockingArrayQueue.poll(BlockingArrayQueue.java:382)
        at org.eclipse.jetty.util.thread.QueuedThreadPool$Runner.idleJobPoll(QueuedThreadPool.java:974)
        at org.eclipse.jetty.util.thread.QueuedThreadPool$Runner.run(QueuedThreadPool.java:1018)
        at java.lang.Thread.run(Thread.java:750)
"IPC Server handler 14 on default port 42553" daemon prio=5 tid=81 timed_waiting
java.lang.Thread.State: TIMED_WAITING
        at sun.misc.Unsafe.park(Native Method)
        at java.util.concurrent.locks.LockSupport.parkNanos(LockSupport.java:215)
        at java.util.concurrent.locks.AbstractQueuedSynchronizer$ConditionObject.awaitNanos(AbstractQueuedSynchronizer.java:2078)
        at java.util.concurrent.LinkedBlockingQueue.poll(LinkedBlockingQueue.java:467)
        at org.apache.hadoop.ipc.CallQueueManager.take(CallQueueManager.java:317)
        at org.apache.hadoop.ipc.Server$Handler.run(Server.java:2942)
"qtp1097955717-471" daemon prio=5 tid=471 timed_waiting
java.lang.Thread.State: TIMED_WAITING
        at sun.misc.Unsafe.park(Native Method)
        at java.util.concurrent.locks.LockSupport.parkNanos(LockSupport.java:215)
        at java.util.concurrent.locks.AbstractQueuedSynchronizer$ConditionObject.awaitNanos(AbstractQueuedSynchronizer.java:2078)
        at org.eclipse.jetty.util.BlockingArrayQueue.poll(BlockingArrayQueue.java:382)
        at org.eclipse.jetty.util.thread.QueuedThreadPool$Runner.idleJobPoll(QueuedThreadPool.java:974)
        at org.eclipse.jetty.util.thread.QueuedThreadPool$Runner.run(QueuedThreadPool.java:1018)
        at java.lang.Thread.run(Thread.java:750)
"Datanode State Machine Daemon Thread" daemon prio=5 tid=414 timed_waiting
java.lang.Thread.State: TIMED_WAITING
        at java.lang.Thread.sleep(Native Method)
        at org.apache.hadoop.ozone.container.common.statemachine.DatanodeStateMachine.startStateMachineThread(DatanodeStateMachine.java:321)
        at org.apache.hadoop.ozone.container.common.statemachine.DatanodeStateMachine.lambda$startDaemon$0(DatanodeStateMachine.java:506)
        at org.apache.hadoop.ozone.container.common.statemachine.DatanodeStateMachine$$Lambda$782/1106125451.run(Unknown Source)
        at java.lang.Thread.run(Thread.java:750)
"IPC Server handler 17 on default port 42403" daemon prio=5 tid=171 timed_waiting
java.lang.Thread.State: TIMED_WAITING
        at sun.misc.Unsafe.park(Native Method)
        at java.util.concurrent.locks.LockSupport.parkNanos(LockSupport.java:215)
        at java.util.concurrent.locks.AbstractQueuedSynchronizer$ConditionObject.awaitNanos(AbstractQueuedSynchronizer.java:2078)
        at java.util.concurrent.LinkedBlockingQueue.poll(LinkedBlockingQueue.java:467)
        at org.apache.hadoop.ipc.CallQueueManager.take(CallQueueManager.java:317)
        at org.apache.hadoop.ipc.Server$Handler.run(Server.java:2942)
"qtp329849858-290" daemon prio=5 tid=290 runnable
java.lang.Thread.State: RUNNABLE
        at sun.nio.ch.EPollArrayWrapper.epollWait(Native Method)
        at sun.nio.ch.EPollArrayWrapper.poll(EPollArrayWrapper.java:269)
        at sun.nio.ch.EPollSelectorImpl.doSelect(EPollSelectorImpl.java:93)
        at sun.nio.ch.SelectorImpl.lockAndDoSelect(SelectorImpl.java:86)
        at sun.nio.ch.SelectorImpl.select(SelectorImpl.java:97)
        at sun.nio.ch.SelectorImpl.select(SelectorImpl.java:101)
        at org.eclipse.jetty.io.ManagedSelector.nioSelect(ManagedSelector.java:183)
        at org.eclipse.jetty.io.ManagedSelector.select(ManagedSelector.java:190)
        at org.eclipse.jetty.io.ManagedSelector$SelectorProducer.select(ManagedSelector.java:606)
        at org.eclipse.jetty.io.ManagedSelector$SelectorProducer.produce(ManagedSelector.java:543)
        at org.eclipse.jetty.util.thread.strategy.EatWhatYouKill.produceTask(EatWhatYouKill.java:362)
        at org.eclipse.jetty.util.thread.strategy.EatWhatYouKill.doProduce(EatWhatYouKill.java:186)
        at org.eclipse.jetty.util.thread.strategy.EatWhatYouKill.tryProduce(EatWhatYouKill.java:173)
        at org.eclipse.jetty.util.thread.strategy.EatWhatYouKill.produce(EatWhatYouKill.java:137)
        at org.eclipse.jetty.io.ManagedSelector$$Lambda$446/1576513034.run(Unknown Source)
        at org.eclipse.jetty.util.thread.QueuedThreadPool.runJob(QueuedThreadPool.java:883)
        at org.eclipse.jetty.util.thread.QueuedThreadPool$Runner.run(QueuedThreadPool.java:1034)
        at java.lang.Thread.run(Thread.java:750)
"4c8c7e9c-fcb8-4cf5-b401-3fb7accb4cdc-server-thread3" daemon prio=5 tid=838 timed_waiting
java.lang.Thread.State: TIMED_WAITING
        at sun.misc.Unsafe.park(Native Method)
        at java.util.concurrent.locks.LockSupport.parkNanos(LockSupport.java:215)
        at java.util.concurrent.SynchronousQueue$TransferStack.awaitFulfill(SynchronousQueue.java:460)
        at java.util.concurrent.SynchronousQueue$TransferStack.transfer(SynchronousQueue.java:362)
        at java.util.concurrent.SynchronousQueue.poll(SynchronousQueue.java:941)
        at java.util.concurrent.ThreadPoolExecutor.getTask(ThreadPoolExecutor.java:1073)
        at java.util.concurrent.ThreadPoolExecutor.runWorker(ThreadPoolExecutor.java:1134)
        at java.util.concurrent.ThreadPoolExecutor$Worker.run(ThreadPoolExecutor.java:624)
        at java.lang.Thread.run(Thread.java:750)
"Periodic HDDS volume checker" daemon prio=5 tid=348 timed_waiting
java.lang.Thread.State: TIMED_WAITING
        at sun.misc.Unsafe.park(Native Method)
        at java.util.concurrent.locks.LockSupport.parkNanos(LockSupport.java:215)
        at java.util.concurrent.locks.AbstractQueuedSynchronizer$ConditionObject.awaitNanos(AbstractQueuedSynchronizer.java:2078)
        at java.util.concurrent.ScheduledThreadPoolExecutor$DelayedWorkQueue.take(ScheduledThreadPoolExecutor.java:1093)
        at java.util.concurrent.ScheduledThreadPoolExecutor$DelayedWorkQueue.take(ScheduledThreadPoolExecutor.java:809)
        at java.util.concurrent.ThreadPoolExecutor.getTask(ThreadPoolExecutor.java:1074)
        at java.util.concurrent.ThreadPoolExecutor.runWorker(ThreadPoolExecutor.java:1134)
        at java.util.concurrent.ThreadPoolExecutor$Worker.run(ThreadPoolExecutor.java:624)
        at java.lang.Thread.run(Thread.java:750)
"StaleRecoveringContainerScrubbingService#2" daemon prio=5 tid=869 in Object.wait()
java.lang.Thread.State: WAITING (on object monitor)
        at sun.misc.Unsafe.park(Native Method)
        at java.util.concurrent.locks.LockSupport.park(LockSupport.java:175)
        at java.util.concurrent.locks.AbstractQueuedSynchronizer$ConditionObject.await(AbstractQueuedSynchronizer.java:2039)
        at java.util.concurrent.ScheduledThreadPoolExecutor$DelayedWorkQueue.take(ScheduledThreadPoolExecutor.java:1088)
        at java.util.concurrent.ScheduledThreadPoolExecutor$DelayedWorkQueue.take(ScheduledThreadPoolExecutor.java:809)
        at java.util.concurrent.ThreadPoolExecutor.getTask(ThreadPoolExecutor.java:1074)
        at java.util.concurrent.ThreadPoolExecutor.runWorker(ThreadPoolExecutor.java:1134)
        at java.util.concurrent.ThreadPoolExecutor$Worker.run(ThreadPoolExecutor.java:624)
        at java.lang.Thread.run(Thread.java:750)
"Session-HouseKeeper-1587e9a6-1"  prio=5 tid=363 timed_waiting
java.lang.Thread.State: TIMED_WAITING
        at sun.misc.Unsafe.park(Native Method)
        at java.util.concurrent.locks.LockSupport.parkNanos(LockSupport.java:215)
        at java.util.concurrent.locks.AbstractQueuedSynchronizer$ConditionObject.awaitNanos(AbstractQueuedSynchronizer.java:2078)
        at java.util.concurrent.ScheduledThreadPoolExecutor$DelayedWorkQueue.take(ScheduledThreadPoolExecutor.java:1093)
        at java.util.concurrent.ScheduledThreadPoolExecutor$DelayedWorkQueue.take(ScheduledThreadPoolExecutor.java:809)
        at java.util.concurrent.ThreadPoolExecutor.getTask(ThreadPoolExecutor.java:1074)
        at java.util.concurrent.ThreadPoolExecutor.runWorker(ThreadPoolExecutor.java:1134)
        at java.util.concurrent.ThreadPoolExecutor$Worker.run(ThreadPoolExecutor.java:624)
        at java.lang.Thread.run(Thread.java:750)
"BlockDeletingService#2" daemon prio=5 tid=867 in Object.wait()
java.lang.Thread.State: WAITING (on object monitor)
        at sun.misc.Unsafe.park(Native Method)
        at java.util.concurrent.locks.LockSupport.park(LockSupport.java:175)
        at java.util.concurrent.locks.AbstractQueuedSynchronizer$ConditionObject.await(AbstractQueuedSynchronizer.java:2039)
        at java.util.concurrent.ScheduledThreadPoolExecutor$DelayedWorkQueue.take(ScheduledThreadPoolExecutor.java:1088)
        at java.util.concurrent.ScheduledThreadPoolExecutor$DelayedWorkQueue.take(ScheduledThreadPoolExecutor.java:809)
        at java.util.concurrent.ThreadPoolExecutor.getTask(ThreadPoolExecutor.java:1074)
        at java.util.concurrent.ThreadPoolExecutor.runWorker(ThreadPoolExecutor.java:1134)
        at java.util.concurrent.ThreadPoolExecutor$Worker.run(ThreadPoolExecutor.java:624)
        at java.lang.Thread.run(Thread.java:750)
"4c8c7e9c-fcb8-4cf5-b401-3fb7accb4cdc-server-thread2" daemon prio=5 tid=841 timed_waiting
java.lang.Thread.State: TIMED_WAITING
        at sun.misc.Unsafe.park(Native Method)
        at java.util.concurrent.locks.LockSupport.parkNanos(LockSupport.java:215)
        at java.util.concurrent.SynchronousQueue$TransferStack.awaitFulfill(SynchronousQueue.java:460)
        at java.util.concurrent.SynchronousQueue$TransferStack.transfer(SynchronousQueue.java:362)
        at java.util.concurrent.SynchronousQueue.poll(SynchronousQueue.java:941)
        at java.util.concurrent.ThreadPoolExecutor.getTask(ThreadPoolExecutor.java:1073)
        at java.util.concurrent.ThreadPoolExecutor.runWorker(ThreadPoolExecutor.java:1134)
        at java.util.concurrent.ThreadPoolExecutor$Worker.run(ThreadPoolExecutor.java:624)
        at java.lang.Thread.run(Thread.java:750)
"Datanode ReportManager Thread - 0" daemon prio=5 tid=196 in Object.wait()
java.lang.Thread.State: WAITING (on object monitor)
        at sun.misc.Unsafe.park(Native Method)
        at java.util.concurrent.locks.LockSupport.park(LockSupport.java:175)
        at java.util.concurrent.locks.AbstractQueuedSynchronizer$ConditionObject.await(AbstractQueuedSynchronizer.java:2039)
        at java.util.concurrent.ScheduledThreadPoolExecutor$DelayedWorkQueue.take(ScheduledThreadPoolExecutor.java:1088)
        at java.util.concurrent.ScheduledThreadPoolExecutor$DelayedWorkQueue.take(ScheduledThreadPoolExecutor.java:809)
        at java.util.concurrent.ThreadPoolExecutor.getTask(ThreadPoolExecutor.java:1074)
        at java.util.concurrent.ThreadPoolExecutor.runWorker(ThreadPoolExecutor.java:1134)
        at java.util.concurrent.ThreadPoolExecutor$Worker.run(ThreadPoolExecutor.java:624)
        at java.lang.Thread.run(Thread.java:750)
"94086278-3489-4279-864e-1549830c8dca@group-1C8420390690->f7350d57-8232-4853-9d4b-5861d033a2e4-GrpcLogAppender-LogAppenderDaemon" daemon prio=5 tid=692 timed_waiting
java.lang.Thread.State: TIMED_WAITING
        at sun.misc.Unsafe.park(Native Method)
        at java.util.concurrent.locks.LockSupport.parkNanos(LockSupport.java:215)
        at java.util.concurrent.CompletableFuture$Signaller.block(CompletableFuture.java:1709)
        at java.util.concurrent.ForkJoinPool.managedBlock(ForkJoinPool.java:3323)
        at java.util.concurrent.CompletableFuture.timedGet(CompletableFuture.java:1788)
        at java.util.concurrent.CompletableFuture.get(CompletableFuture.java:1928)
        at org.apache.ratis.util.AwaitForSignal.await(AwaitForSignal.java:56)
        at org.apache.ratis.grpc.server.GrpcLogAppender.mayWait(GrpcLogAppender.java:198)
        at org.apache.ratis.grpc.server.GrpcLogAppender.run(GrpcLogAppender.java:148)
        at org.apache.ratis.server.leader.LogAppenderDaemon.run(LogAppenderDaemon.java:78)
        at org.apache.ratis.server.leader.LogAppenderDaemon$$Lambda$1039/1183590628.run(Unknown Source)
        at java.lang.Thread.run(Thread.java:750)
"Datanode ReportManager Thread - 4" daemon prio=5 tid=343 timed_waiting
java.lang.Thread.State: TIMED_WAITING
        at sun.misc.Unsafe.park(Native Method)
        at java.util.concurrent.locks.LockSupport.parkNanos(LockSupport.java:215)
        at java.util.concurrent.locks.AbstractQueuedSynchronizer$ConditionObject.awaitNanos(AbstractQueuedSynchronizer.java:2078)
        at java.util.concurrent.ScheduledThreadPoolExecutor$DelayedWorkQueue.take(ScheduledThreadPoolExecutor.java:1093)
        at java.util.concurrent.ScheduledThreadPoolExecutor$DelayedWorkQueue.take(ScheduledThreadPoolExecutor.java:809)
        at java.util.concurrent.ThreadPoolExecutor.getTask(ThreadPoolExecutor.java:1074)
        at java.util.concurrent.ThreadPoolExecutor.runWorker(ThreadPoolExecutor.java:1134)
        at java.util.concurrent.ThreadPoolExecutor$Worker.run(ThreadPoolExecutor.java:624)
        at java.lang.Thread.run(Thread.java:750)
"pool-164-thread-1"  prio=5 tid=624 in Object.wait()
java.lang.Thread.State: WAITING (on object monitor)
        at sun.misc.Unsafe.park(Native Method)
        at java.util.concurrent.locks.LockSupport.park(LockSupport.java:175)
        at java.util.concurrent.locks.AbstractQueuedSynchronizer$ConditionObject.await(AbstractQueuedSynchronizer.java:2039)
        at java.util.concurrent.LinkedBlockingQueue.take(LinkedBlockingQueue.java:442)
        at java.util.concurrent.ThreadPoolExecutor.getTask(ThreadPoolExecutor.java:1074)
        at java.util.concurrent.ThreadPoolExecutor.runWorker(ThreadPoolExecutor.java:1134)
        at java.util.concurrent.ThreadPoolExecutor$Worker.run(ThreadPoolExecutor.java:624)
        at java.lang.Thread.run(Thread.java:750)
"8b45bab1-f519-4e04-ad6f-9efd561d6d57-server-thread4" daemon prio=5 tid=757 timed_waiting
java.lang.Thread.State: TIMED_WAITING
        at sun.misc.Unsafe.park(Native Method)
        at java.util.concurrent.locks.LockSupport.parkNanos(LockSupport.java:215)
        at java.util.concurrent.SynchronousQueue$TransferStack.awaitFulfill(SynchronousQueue.java:460)
        at java.util.concurrent.SynchronousQueue$TransferStack.transfer(SynchronousQueue.java:362)
        at java.util.concurrent.SynchronousQueue.poll(SynchronousQueue.java:941)
        at java.util.concurrent.ThreadPoolExecutor.getTask(ThreadPoolExecutor.java:1073)
        at java.util.concurrent.ThreadPoolExecutor.runWorker(ThreadPoolExecutor.java:1134)
        at java.util.concurrent.ThreadPoolExecutor$Worker.run(ThreadPoolExecutor.java:624)
        at java.lang.Thread.run(Thread.java:750)
"ChunkReader-ELG-0" daemon prio=5 tid=537 runnable
java.lang.Thread.State: RUNNABLE
        at org.apache.ratis.thirdparty.io.netty.channel.epoll.Native.epollWait0(Native Method)
        at org.apache.ratis.thirdparty.io.netty.channel.epoll.Native.epollWait(Native.java:182)
        at org.apache.ratis.thirdparty.io.netty.channel.epoll.EpollEventLoop.epollWait(EpollEventLoop.java:290)
        at org.apache.ratis.thirdparty.io.netty.channel.epoll.EpollEventLoop.run(EpollEventLoop.java:354)
        at org.apache.ratis.thirdparty.io.netty.util.concurrent.SingleThreadEventExecutor$4.run(SingleThreadEventExecutor.java:995)
        at org.apache.ratis.thirdparty.io.netty.util.internal.ThreadExecutorMap$2.run(ThreadExecutorMap.java:74)
        at java.lang.Thread.run(Thread.java:750)
"FixedThreadPoolWithAffinityExecutor-7-0" daemon prio=5 tid=42 timed_waiting
java.lang.Thread.State: TIMED_WAITING
        at sun.misc.Unsafe.park(Native Method)
        at java.util.concurrent.locks.LockSupport.parkNanos(LockSupport.java:215)
        at java.util.concurrent.locks.AbstractQueuedSynchronizer$ConditionObject.awaitNanos(AbstractQueuedSynchronizer.java:2078)
        at java.util.concurrent.LinkedBlockingQueue.poll(LinkedBlockingQueue.java:467)
        at org.apache.hadoop.hdds.scm.server.ContainerReportQueue.poll(ContainerReportQueue.java:266)
        at org.apache.hadoop.hdds.scm.server.ContainerReportQueue.poll(ContainerReportQueue.java:42)
        at org.apache.hadoop.hdds.server.events.FixedThreadPoolWithAffinityExecutor$ContainerReportProcessTask.run(FixedThreadPoolWithAffinityExecutor.java:218)
        at java.util.concurrent.Executors$RunnableAdapter.call(Executors.java:511)
        at java.util.concurrent.FutureTask.run(FutureTask.java:266)
        at java.util.concurrent.ThreadPoolExecutor.runWorker(ThreadPoolExecutor.java:1149)
        at java.util.concurrent.ThreadPoolExecutor$Worker.run(ThreadPoolExecutor.java:624)
        at java.lang.Thread.run(Thread.java:750)
"IPC Server handler 2 on default port 41185" daemon prio=5 tid=89 timed_waiting
java.lang.Thread.State: TIMED_WAITING
        at sun.misc.Unsafe.park(Native Method)
        at java.util.concurrent.locks.LockSupport.parkNanos(LockSupport.java:215)
        at java.util.concurrent.locks.AbstractQueuedSynchronizer$ConditionObject.awaitNanos(AbstractQueuedSynchronizer.java:2078)
        at java.util.concurrent.LinkedBlockingQueue.poll(LinkedBlockingQueue.java:467)
        at org.apache.hadoop.ipc.CallQueueManager.take(CallQueueManager.java:317)
        at org.apache.hadoop.ipc.Server$Handler.run(Server.java:2942)
"ChunkReader-0" daemon prio=5 tid=771 in Object.wait()
java.lang.Thread.State: WAITING (on object monitor)
        at sun.misc.Unsafe.park(Native Method)
        at java.util.concurrent.locks.LockSupport.park(LockSupport.java:175)
        at java.util.concurrent.locks.AbstractQueuedSynchronizer$ConditionObject.await(AbstractQueuedSynchronizer.java:2039)
        at java.util.concurrent.LinkedBlockingQueue.take(LinkedBlockingQueue.java:442)
        at java.util.concurrent.ThreadPoolExecutor.getTask(ThreadPoolExecutor.java:1074)
        at java.util.concurrent.ThreadPoolExecutor.runWorker(ThreadPoolExecutor.java:1134)
        at java.util.concurrent.ThreadPoolExecutor$Worker.run(ThreadPoolExecutor.java:624)
        at java.lang.Thread.run(Thread.java:750)
"Datanode ReportManager Thread - 2" daemon prio=5 tid=250 timed_waiting
java.lang.Thread.State: TIMED_WAITING
        at sun.misc.Unsafe.park(Native Method)
        at java.util.concurrent.locks.LockSupport.parkNanos(LockSupport.java:215)
        at java.util.concurrent.locks.AbstractQueuedSynchronizer$ConditionObject.awaitNanos(AbstractQueuedSynchronizer.java:2078)
        at java.util.concurrent.ScheduledThreadPoolExecutor$DelayedWorkQueue.take(ScheduledThreadPoolExecutor.java:1093)
        at java.util.concurrent.ScheduledThreadPoolExecutor$DelayedWorkQueue.take(ScheduledThreadPoolExecutor.java:809)
        at java.util.concurrent.ThreadPoolExecutor.getTask(ThreadPoolExecutor.java:1074)
        at java.util.concurrent.ThreadPoolExecutor.runWorker(ThreadPoolExecutor.java:1134)
        at java.util.concurrent.ThreadPoolExecutor$Worker.run(ThreadPoolExecutor.java:624)
        at java.lang.Thread.run(Thread.java:750)
"pool-173-thread-1"  prio=5 tid=289 timed_waiting
java.lang.Thread.State: TIMED_WAITING
        at sun.misc.Unsafe.park(Native Method)
        at java.util.concurrent.locks.LockSupport.parkNanos(LockSupport.java:215)
        at java.util.concurrent.locks.AbstractQueuedSynchronizer$ConditionObject.awaitNanos(AbstractQueuedSynchronizer.java:2078)
        at java.util.concurrent.ScheduledThreadPoolExecutor$DelayedWorkQueue.take(ScheduledThreadPoolExecutor.java:1093)
        at java.util.concurrent.ScheduledThreadPoolExecutor$DelayedWorkQueue.take(ScheduledThreadPoolExecutor.java:809)
        at java.util.concurrent.ThreadPoolExecutor.getTask(ThreadPoolExecutor.java:1074)
        at java.util.concurrent.ThreadPoolExecutor.runWorker(ThreadPoolExecutor.java:1134)
        at java.util.concurrent.ThreadPoolExecutor$Worker.run(ThreadPoolExecutor.java:624)
        at java.lang.Thread.run(Thread.java:750)
"qtp329849858-296" daemon prio=5 tid=296 timed_waiting
java.lang.Thread.State: TIMED_WAITING
        at sun.misc.Unsafe.park(Native Method)
        at java.util.concurrent.locks.LockSupport.parkNanos(LockSupport.java:215)
        at java.util.concurrent.locks.AbstractQueuedSynchronizer$ConditionObject.awaitNanos(AbstractQueuedSynchronizer.java:2078)
        at org.eclipse.jetty.util.BlockingArrayQueue.poll(BlockingArrayQueue.java:382)
        at org.eclipse.jetty.util.thread.QueuedThreadPool$Runner.idleJobPoll(QueuedThreadPool.java:974)
        at org.eclipse.jetty.util.thread.QueuedThreadPool$Runner.run(QueuedThreadPool.java:1018)
        at java.lang.Thread.run(Thread.java:750)
"pool-81-thread-1"  prio=5 tid=183 timed_waiting
java.lang.Thread.State: TIMED_WAITING
        at sun.misc.Unsafe.park(Native Method)
        at java.util.concurrent.locks.LockSupport.parkNanos(LockSupport.java:215)
        at java.util.concurrent.locks.AbstractQueuedSynchronizer$ConditionObject.awaitNanos(AbstractQueuedSynchronizer.java:2078)
        at java.util.concurrent.ScheduledThreadPoolExecutor$DelayedWorkQueue.take(ScheduledThreadPoolExecutor.java:1093)
        at java.util.concurrent.ScheduledThreadPoolExecutor$DelayedWorkQueue.take(ScheduledThreadPoolExecutor.java:809)
        at java.util.concurrent.ThreadPoolExecutor.getTask(ThreadPoolExecutor.java:1074)
        at java.util.concurrent.ThreadPoolExecutor.runWorker(ThreadPoolExecutor.java:1134)
        at java.util.concurrent.ThreadPoolExecutor$Worker.run(ThreadPoolExecutor.java:624)
        at java.lang.Thread.run(Thread.java:750)
"Over Replicated Processor" daemon prio=5 tid=847 timed_waiting
java.lang.Thread.State: TIMED_WAITING
        at java.lang.Object.wait(Native Method)
        at org.apache.hadoop.hdds.scm.container.replication.OverReplicatedProcessor.run(OverReplicatedProcessor.java:131)
        at java.lang.Thread.run(Thread.java:750)
"Datanode ReportManager Thread - 2" daemon prio=5 tid=499 timed_waiting
java.lang.Thread.State: TIMED_WAITING
        at sun.misc.Unsafe.park(Native Method)
        at java.util.concurrent.locks.LockSupport.parkNanos(LockSupport.java:215)
        at java.util.concurrent.locks.AbstractQueuedSynchronizer$ConditionObject.awaitNanos(AbstractQueuedSynchronizer.java:2078)
        at java.util.concurrent.ScheduledThreadPoolExecutor$DelayedWorkQueue.take(ScheduledThreadPoolExecutor.java:1093)
        at java.util.concurrent.ScheduledThreadPoolExecutor$DelayedWorkQueue.take(ScheduledThreadPoolExecutor.java:809)
        at java.util.concurrent.ThreadPoolExecutor.getTask(ThreadPoolExecutor.java:1074)
        at java.util.concurrent.ThreadPoolExecutor.runWorker(ThreadPoolExecutor.java:1134)
        at java.util.concurrent.ThreadPoolExecutor$Worker.run(ThreadPoolExecutor.java:624)
        at java.lang.Thread.run(Thread.java:750)
"BlockDeletingService#0" daemon prio=5 tid=410 in Object.wait()
java.lang.Thread.State: WAITING (on object monitor)
        at sun.misc.Unsafe.park(Native Method)
        at java.util.concurrent.locks.LockSupport.park(LockSupport.java:175)
        at java.util.concurrent.locks.AbstractQueuedSynchronizer$ConditionObject.await(AbstractQueuedSynchronizer.java:2039)
        at java.util.concurrent.ScheduledThreadPoolExecutor$DelayedWorkQueue.take(ScheduledThreadPoolExecutor.java:1088)
        at java.util.concurrent.ScheduledThreadPoolExecutor$DelayedWorkQueue.take(ScheduledThreadPoolExecutor.java:809)
        at java.util.concurrent.ThreadPoolExecutor.getTask(ThreadPoolExecutor.java:1074)
        at java.util.concurrent.ThreadPoolExecutor.runWorker(ThreadPoolExecutor.java:1134)
        at java.util.concurrent.ThreadPoolExecutor$Worker.run(ThreadPoolExecutor.java:624)
        at java.lang.Thread.run(Thread.java:750)
"BlockDeletingService#0" daemon prio=5 tid=448 in Object.wait()
java.lang.Thread.State: WAITING (on object monitor)
        at sun.misc.Unsafe.park(Native Method)
        at java.util.concurrent.locks.LockSupport.park(LockSupport.java:175)
        at java.util.concurrent.locks.AbstractQueuedSynchronizer$ConditionObject.await(AbstractQueuedSynchronizer.java:2039)
        at java.util.concurrent.ScheduledThreadPoolExecutor$DelayedWorkQueue.take(ScheduledThreadPoolExecutor.java:1088)
        at java.util.concurrent.ScheduledThreadPoolExecutor$DelayedWorkQueue.take(ScheduledThreadPoolExecutor.java:809)
        at java.util.concurrent.ThreadPoolExecutor.getTask(ThreadPoolExecutor.java:1074)
        at java.util.concurrent.ThreadPoolExecutor.runWorker(ThreadPoolExecutor.java:1134)
        at java.util.concurrent.ThreadPoolExecutor$Worker.run(ThreadPoolExecutor.java:624)
        at java.lang.Thread.run(Thread.java:750)
"ChunkReader-ELG-0" daemon prio=5 tid=562 runnable
java.lang.Thread.State: RUNNABLE
        at org.apache.ratis.thirdparty.io.netty.channel.epoll.Native.epollWait(Native Method)
        at org.apache.ratis.thirdparty.io.netty.channel.epoll.Native.epollWait(Native.java:209)
        at org.apache.ratis.thirdparty.io.netty.channel.epoll.Native.epollWait(Native.java:202)
        at org.apache.ratis.thirdparty.io.netty.channel.epoll.EpollEventLoop.epollWaitNoTimerChange(EpollEventLoop.java:294)
        at org.apache.ratis.thirdparty.io.netty.channel.epoll.EpollEventLoop.run(EpollEventLoop.java:351)
        at org.apache.ratis.thirdparty.io.netty.util.concurrent.SingleThreadEventExecutor$4.run(SingleThreadEventExecutor.java:995)
        at org.apache.ratis.thirdparty.io.netty.util.internal.ThreadExecutorMap$2.run(ThreadExecutorMap.java:74)
        at java.lang.Thread.run(Thread.java:750)
"qtp738848490-321" daemon prio=5 tid=321 timed_waiting
java.lang.Thread.State: TIMED_WAITING
        at sun.misc.Unsafe.park(Native Method)
        at java.util.concurrent.locks.LockSupport.parkNanos(LockSupport.java:215)
        at java.util.concurrent.locks.AbstractQueuedSynchronizer$ConditionObject.awaitNanos(AbstractQueuedSynchronizer.java:2078)
        at org.eclipse.jetty.util.BlockingArrayQueue.poll(BlockingArrayQueue.java:382)
        at org.eclipse.jetty.util.thread.QueuedThreadPool$Runner.idleJobPoll(QueuedThreadPool.java:974)
        at org.eclipse.jetty.util.thread.QueuedThreadPool$Runner.run(QueuedThreadPool.java:1018)
        at java.lang.Thread.run(Thread.java:750)
"Datanode ReportManager Thread - 3" daemon prio=5 tid=225 timed_waiting
java.lang.Thread.State: TIMED_WAITING
        at sun.misc.Unsafe.park(Native Method)
        at java.util.concurrent.locks.LockSupport.parkNanos(LockSupport.java:215)
        at java.util.concurrent.locks.AbstractQueuedSynchronizer$ConditionObject.awaitNanos(AbstractQueuedSynchronizer.java:2078)
        at java.util.concurrent.ScheduledThreadPoolExecutor$DelayedWorkQueue.take(ScheduledThreadPoolExecutor.java:1093)
        at java.util.concurrent.ScheduledThreadPoolExecutor$DelayedWorkQueue.take(ScheduledThreadPoolExecutor.java:809)
        at java.util.concurrent.ThreadPoolExecutor.getTask(ThreadPoolExecutor.java:1074)
        at java.util.concurrent.ThreadPoolExecutor.runWorker(ThreadPoolExecutor.java:1134)
        at java.util.concurrent.ThreadPoolExecutor$Worker.run(ThreadPoolExecutor.java:624)
        at java.lang.Thread.run(Thread.java:750)
"ChunkWriter-2-0" daemon prio=5 tid=534 in Object.wait()
java.lang.Thread.State: WAITING (on object monitor)
        at sun.misc.Unsafe.park(Native Method)
        at java.util.concurrent.locks.LockSupport.park(LockSupport.java:175)
        at java.util.concurrent.locks.AbstractQueuedSynchronizer$ConditionObject.await(AbstractQueuedSynchronizer.java:2039)
        at java.util.concurrent.LinkedBlockingDeque.takeFirst(LinkedBlockingDeque.java:492)
        at java.util.concurrent.LinkedBlockingDeque.take(LinkedBlockingDeque.java:680)
        at java.util.concurrent.ThreadPoolExecutor.getTask(ThreadPoolExecutor.java:1074)
        at java.util.concurrent.ThreadPoolExecutor.runWorker(ThreadPoolExecutor.java:1134)
        at java.util.concurrent.ThreadPoolExecutor$Worker.run(ThreadPoolExecutor.java:624)
        at java.lang.Thread.run(Thread.java:750)
"org.apache.hadoop.ozone.container.common.statemachine.commandhandler.DeleteBlocksCommandHandler$DeleteCmdWorker@6c37dac8" daemon prio=5 tid=391 timed_waiting
java.lang.Thread.State: TIMED_WAITING
        at java.lang.Thread.sleep(Native Method)
        at org.apache.hadoop.ozone.container.common.statemachine.commandhandler.DeleteBlocksCommandHandler$DeleteCmdWorker.run(DeleteBlocksCommandHandler.java:183)
        at java.lang.Thread.run(Thread.java:750)
"Datanode ReportManager Thread - 3" daemon prio=5 tid=199 in Object.wait()
java.lang.Thread.State: WAITING (on object monitor)
        at sun.misc.Unsafe.park(Native Method)
        at java.util.concurrent.locks.LockSupport.park(LockSupport.java:175)
        at java.util.concurrent.locks.AbstractQueuedSynchronizer$ConditionObject.await(AbstractQueuedSynchronizer.java:2039)
        at java.util.concurrent.ScheduledThreadPoolExecutor$DelayedWorkQueue.take(ScheduledThreadPoolExecutor.java:1088)
        at java.util.concurrent.ScheduledThreadPoolExecutor$DelayedWorkQueue.take(ScheduledThreadPoolExecutor.java:809)
        at java.util.concurrent.ThreadPoolExecutor.getTask(ThreadPoolExecutor.java:1074)
        at java.util.concurrent.ThreadPoolExecutor.runWorker(ThreadPoolExecutor.java:1134)
        at java.util.concurrent.ThreadPoolExecutor$Worker.run(ThreadPoolExecutor.java:624)
        at java.lang.Thread.run(Thread.java:750)
"Datanode ReportManager Thread - 3" daemon prio=5 tid=380 in Object.wait()
java.lang.Thread.State: WAITING (on object monitor)
        at sun.misc.Unsafe.park(Native Method)
        at java.util.concurrent.locks.LockSupport.park(LockSupport.java:175)
        at java.util.concurrent.locks.AbstractQueuedSynchronizer$ConditionObject.await(AbstractQueuedSynchronizer.java:2039)
        at java.util.concurrent.ScheduledThreadPoolExecutor$DelayedWorkQueue.take(ScheduledThreadPoolExecutor.java:1088)
        at java.util.concurrent.ScheduledThreadPoolExecutor$DelayedWorkQueue.take(ScheduledThreadPoolExecutor.java:809)
        at java.util.concurrent.ThreadPoolExecutor.getTask(ThreadPoolExecutor.java:1074)
        at java.util.concurrent.ThreadPoolExecutor.runWorker(ThreadPoolExecutor.java:1134)
        at java.util.concurrent.ThreadPoolExecutor$Worker.run(ThreadPoolExecutor.java:624)
        at java.lang.Thread.run(Thread.java:750)
"Timer-0"  prio=5 tid=140 timed_waiting
java.lang.Thread.State: TIMED_WAITING
        at java.lang.Object.wait(Native Method)
        at java.util.TimerThread.mainLoop(Timer.java:552)
        at java.util.TimerThread.run(Timer.java:505)
"qtp1362046077-239-acceptor-0@444825a2-ServerConnector@5c10b993{HTTP/1.1, (http/1.1)}{0.0.0.0:37607}" daemon prio=3 tid=239 runnable
java.lang.Thread.State: RUNNABLE
        at sun.nio.ch.ServerSocketChannelImpl.accept0(Native Method)
        at sun.nio.ch.ServerSocketChannelImpl.accept(ServerSocketChannelImpl.java:421)
        at sun.nio.ch.ServerSocketChannelImpl.accept(ServerSocketChannelImpl.java:249)
        at org.eclipse.jetty.server.ServerConnector.accept(ServerConnector.java:388)
        at org.eclipse.jetty.server.AbstractConnector$Acceptor.run(AbstractConnector.java:704)
        at org.eclipse.jetty.util.thread.QueuedThreadPool.runJob(QueuedThreadPool.java:883)
        at org.eclipse.jetty.util.thread.QueuedThreadPool$Runner.run(QueuedThreadPool.java:1034)
        at java.lang.Thread.run(Thread.java:750)
"pool-127-thread-1"  prio=5 tid=237 timed_waiting
java.lang.Thread.State: TIMED_WAITING
        at sun.misc.Unsafe.park(Native Method)
        at java.util.concurrent.locks.LockSupport.parkNanos(LockSupport.java:215)
        at java.util.concurrent.locks.AbstractQueuedSynchronizer$ConditionObject.awaitNanos(AbstractQueuedSynchronizer.java:2078)
        at java.util.concurrent.ScheduledThreadPoolExecutor$DelayedWorkQueue.take(ScheduledThreadPoolExecutor.java:1093)
        at java.util.concurrent.ScheduledThreadPoolExecutor$DelayedWorkQueue.take(ScheduledThreadPoolExecutor.java:809)
        at java.util.concurrent.ThreadPoolExecutor.getTask(ThreadPoolExecutor.java:1074)
        at java.util.concurrent.ThreadPoolExecutor.runWorker(ThreadPoolExecutor.java:1134)
        at java.util.concurrent.ThreadPoolExecutor$Worker.run(ThreadPoolExecutor.java:624)
        at java.lang.Thread.run(Thread.java:750)
"Reference Handler" daemon prio=10 tid=2 in Object.wait()
java.lang.Thread.State: WAITING (on object monitor)
        at java.lang.Object.wait(Native Method)
        at java.lang.Object.wait(Object.java:502)
        at java.lang.ref.Reference.tryHandlePending(Reference.java:191)
        at java.lang.ref.Reference$ReferenceHandler.run(Reference.java:153)
"2277c71a-7226-47f8-a4ca-90f752095403@group-0F702FC51EF1-StateMachineUpdater" daemon prio=5 tid=618 timed_waiting
java.lang.Thread.State: TIMED_WAITING
        at sun.misc.Unsafe.park(Native Method)
        at java.util.concurrent.locks.LockSupport.parkNanos(LockSupport.java:215)
        at java.util.concurrent.CompletableFuture$Signaller.block(CompletableFuture.java:1709)
        at java.util.concurrent.ForkJoinPool.managedBlock(ForkJoinPool.java:3323)
        at java.util.concurrent.CompletableFuture.timedGet(CompletableFuture.java:1788)
        at java.util.concurrent.CompletableFuture.get(CompletableFuture.java:1928)
        at org.apache.ratis.util.AwaitForSignal.await(AwaitForSignal.java:56)
        at org.apache.ratis.server.impl.StateMachineUpdater.waitForCommit(StateMachineUpdater.java:207)
        at org.apache.ratis.server.impl.StateMachineUpdater.run(StateMachineUpdater.java:176)
        at java.lang.Thread.run(Thread.java:750)
"timer1" daemon prio=5 tid=697 timed_waiting
java.lang.Thread.State: TIMED_WAITING
        at java.lang.Object.wait(Native Method)
        at java.util.TimerThread.mainLoop(Timer.java:552)
        at java.util.TimerThread.run(Timer.java:505)
"timer5" daemon prio=5 tid=719 timed_waiting
java.lang.Thread.State: TIMED_WAITING
        at java.lang.Object.wait(Native Method)
        at java.util.TimerThread.mainLoop(Timer.java:552)
        at java.util.TimerThread.run(Timer.java:505)
"Session-HouseKeeper-5b4b6f3b-1"  prio=5 tid=118 timed_waiting
java.lang.Thread.State: TIMED_WAITING
        at sun.misc.Unsafe.park(Native Method)
        at java.util.concurrent.locks.LockSupport.parkNanos(LockSupport.java:215)
        at java.util.concurrent.locks.AbstractQueuedSynchronizer$ConditionObject.awaitNanos(AbstractQueuedSynchronizer.java:2078)
        at java.util.concurrent.ScheduledThreadPoolExecutor$DelayedWorkQueue.take(ScheduledThreadPoolExecutor.java:1093)
        at java.util.concurrent.ScheduledThreadPoolExecutor$DelayedWorkQueue.take(ScheduledThreadPoolExecutor.java:809)
        at java.util.concurrent.ThreadPoolExecutor.getTask(ThreadPoolExecutor.java:1074)
        at java.util.concurrent.ThreadPoolExecutor.runWorker(ThreadPoolExecutor.java:1134)
        at java.util.concurrent.ThreadPoolExecutor$Worker.run(ThreadPoolExecutor.java:624)
        at java.lang.Thread.run(Thread.java:750)
"2277c71a-7226-47f8-a4ca-90f752095403@group-0F702FC51EF1-FollowerState" daemon prio=5 tid=836 timed_waiting
java.lang.Thread.State: TIMED_WAITING
        at java.lang.Thread.sleep(Native Method)
        at java.lang.Thread.sleep(Thread.java:342)
        at java.util.concurrent.TimeUnit.sleep(TimeUnit.java:386)
        at org.apache.ratis.util.TimeDuration.sleep(TimeDuration.java:325)
        at org.apache.ratis.util.TimeDuration.sleep(TimeDuration.java:310)
        at org.apache.ratis.server.impl.FollowerState.run(FollowerState.java:128)
"qtp36960764-398" daemon prio=5 tid=398 timed_waiting
java.lang.Thread.State: TIMED_WAITING
        at sun.misc.Unsafe.park(Native Method)
        at java.util.concurrent.locks.LockSupport.parkNanos(LockSupport.java:215)
        at java.util.concurrent.locks.AbstractQueuedSynchronizer$ConditionObject.awaitNanos(AbstractQueuedSynchronizer.java:2078)
        at org.eclipse.jetty.util.BlockingArrayQueue.poll(BlockingArrayQueue.java:382)
        at org.eclipse.jetty.util.thread.QueuedThreadPool$Runner.idleJobPoll(QueuedThreadPool.java:974)
        at org.eclipse.jetty.util.thread.QueuedThreadPool$Runner.run(QueuedThreadPool.java:1018)
        at java.lang.Thread.run(Thread.java:750)
"ReplicationMonitor" daemon prio=5 tid=845 timed_waiting
java.lang.Thread.State: TIMED_WAITING
        at java.lang.Object.wait(Native Method)
        at org.apache.hadoop.hdds.scm.container.replication.ReplicationManager.run(ReplicationManager.java:575)
        at org.apache.hadoop.hdds.scm.container.replication.ReplicationManager$$Lambda$382/1856963340.run(Unknown Source)
        at java.lang.Thread.run(Thread.java:750)
"BlockDeletingService#1" daemon prio=5 tid=528 timed_waiting
java.lang.Thread.State: TIMED_WAITING
        at sun.misc.Unsafe.park(Native Method)
        at java.util.concurrent.locks.LockSupport.parkNanos(LockSupport.java:215)
        at java.util.concurrent.locks.AbstractQueuedSynchronizer$ConditionObject.awaitNanos(AbstractQueuedSynchronizer.java:2078)
        at java.util.concurrent.ScheduledThreadPoolExecutor$DelayedWorkQueue.take(ScheduledThreadPoolExecutor.java:1093)
        at java.util.concurrent.ScheduledThreadPoolExecutor$DelayedWorkQueue.take(ScheduledThreadPoolExecutor.java:809)
        at java.util.concurrent.ThreadPoolExecutor.getTask(ThreadPoolExecutor.java:1074)
        at java.util.concurrent.ThreadPoolExecutor.runWorker(ThreadPoolExecutor.java:1134)
        at java.util.concurrent.ThreadPoolExecutor$Worker.run(ThreadPoolExecutor.java:624)
        at java.lang.Thread.run(Thread.java:750)
"IPC Server handler 5 on default port 41185" daemon prio=5 tid=92 timed_waiting
java.lang.Thread.State: TIMED_WAITING
        at sun.misc.Unsafe.park(Native Method)
        at java.util.concurrent.locks.LockSupport.parkNanos(LockSupport.java:215)
        at java.util.concurrent.locks.AbstractQueuedSynchronizer$ConditionObject.awaitNanos(AbstractQueuedSynchronizer.java:2078)
        at java.util.concurrent.LinkedBlockingQueue.poll(LinkedBlockingQueue.java:467)
        at org.apache.hadoop.ipc.CallQueueManager.take(CallQueueManager.java:317)
        at org.apache.hadoop.ipc.Server$Handler.run(Server.java:2942)
"ChunkWriter-2-0" daemon prio=5 tid=522 in Object.wait()
java.lang.Thread.State: WAITING (on object monitor)
        at sun.misc.Unsafe.park(Native Method)
        at java.util.concurrent.locks.LockSupport.park(LockSupport.java:175)
        at java.util.concurrent.locks.AbstractQueuedSynchronizer$ConditionObject.await(AbstractQueuedSynchronizer.java:2039)
        at java.util.concurrent.LinkedBlockingDeque.takeFirst(LinkedBlockingDeque.java:492)
        at java.util.concurrent.LinkedBlockingDeque.take(LinkedBlockingDeque.java:680)
        at java.util.concurrent.ThreadPoolExecutor.getTask(ThreadPoolExecutor.java:1074)
        at java.util.concurrent.ThreadPoolExecutor.runWorker(ThreadPoolExecutor.java:1134)
        at java.util.concurrent.ThreadPoolExecutor$Worker.run(ThreadPoolExecutor.java:624)
        at java.lang.Thread.run(Thread.java:750)
"IPC Server handler 13 on default port 41185" daemon prio=5 tid=100 timed_waiting
java.lang.Thread.State: TIMED_WAITING
        at sun.misc.Unsafe.park(Native Method)
        at java.util.concurrent.locks.LockSupport.parkNanos(LockSupport.java:215)
        at java.util.concurrent.locks.AbstractQueuedSynchronizer$ConditionObject.awaitNanos(AbstractQueuedSynchronizer.java:2078)
        at java.util.concurrent.LinkedBlockingQueue.poll(LinkedBlockingQueue.java:467)
        at org.apache.hadoop.ipc.CallQueueManager.take(CallQueueManager.java:317)
        at org.apache.hadoop.ipc.Server$Handler.run(Server.java:2942)
"2277c71a-7226-47f8-a4ca-90f752095403@group-199B584234DF-StateMachineUpdater" daemon prio=5 tid=631 timed_waiting
java.lang.Thread.State: TIMED_WAITING
        at sun.misc.Unsafe.park(Native Method)
        at java.util.concurrent.locks.LockSupport.parkNanos(LockSupport.java:215)
        at java.util.concurrent.CompletableFuture$Signaller.block(CompletableFuture.java:1709)
        at java.util.concurrent.ForkJoinPool.managedBlock(ForkJoinPool.java:3323)
        at java.util.concurrent.CompletableFuture.timedGet(CompletableFuture.java:1788)
        at java.util.concurrent.CompletableFuture.get(CompletableFuture.java:1928)
        at org.apache.ratis.util.AwaitForSignal.await(AwaitForSignal.java:56)
        at org.apache.ratis.server.impl.StateMachineUpdater.waitForCommit(StateMachineUpdater.java:207)
        at org.apache.ratis.server.impl.StateMachineUpdater.run(StateMachineUpdater.java:176)
        at java.lang.Thread.run(Thread.java:750)
"qtp329849858-297" daemon prio=5 tid=297 timed_waiting
java.lang.Thread.State: TIMED_WAITING
        at sun.misc.Unsafe.park(Native Method)
        at java.util.concurrent.locks.LockSupport.parkNanos(LockSupport.java:215)
        at java.util.concurrent.locks.AbstractQueuedSynchronizer$ConditionObject.awaitNanos(AbstractQueuedSynchronizer.java:2078)
        at org.eclipse.jetty.util.BlockingArrayQueue.poll(BlockingArrayQueue.java:382)
        at org.eclipse.jetty.util.thread.QueuedThreadPool$Runner.idleJobPoll(QueuedThreadPool.java:974)
        at org.eclipse.jetty.util.thread.QueuedThreadPool$Runner.run(QueuedThreadPool.java:1018)
        at java.lang.Thread.run(Thread.java:750)
"IPC Server handler 13 on default port 42553" daemon prio=5 tid=80 timed_waiting
java.lang.Thread.State: TIMED_WAITING
        at sun.misc.Unsafe.park(Native Method)
        at java.util.concurrent.locks.LockSupport.parkNanos(LockSupport.java:215)
        at java.util.concurrent.locks.AbstractQueuedSynchronizer$ConditionObject.awaitNanos(AbstractQueuedSynchronizer.java:2078)
        at java.util.concurrent.LinkedBlockingQueue.poll(LinkedBlockingQueue.java:467)
        at org.apache.hadoop.ipc.CallQueueManager.take(CallQueueManager.java:317)
        at org.apache.hadoop.ipc.Server$Handler.run(Server.java:2942)
"Datanode State Machine Task Thread - 0"  prio=5 tid=255 in Object.wait()
java.lang.Thread.State: WAITING (on object monitor)
        at sun.misc.Unsafe.park(Native Method)
        at java.util.concurrent.locks.LockSupport.park(LockSupport.java:175)
        at java.util.concurrent.locks.AbstractQueuedSynchronizer$ConditionObject.await(AbstractQueuedSynchronizer.java:2039)
        at java.util.concurrent.LinkedBlockingQueue.take(LinkedBlockingQueue.java:442)
        at java.util.concurrent.ThreadPoolExecutor.getTask(ThreadPoolExecutor.java:1074)
        at java.util.concurrent.ThreadPoolExecutor.runWorker(ThreadPoolExecutor.java:1134)
        at java.util.concurrent.ThreadPoolExecutor$Worker.run(ThreadPoolExecutor.java:624)
        at java.lang.Thread.run(Thread.java:750)
"qtp1108487976-145" daemon prio=5 tid=145 runnable
java.lang.Thread.State: RUNNABLE
        at sun.nio.ch.EPollArrayWrapper.epollWait(Native Method)
        at sun.nio.ch.EPollArrayWrapper.poll(EPollArrayWrapper.java:269)
        at sun.nio.ch.EPollSelectorImpl.doSelect(EPollSelectorImpl.java:93)
        at sun.nio.ch.SelectorImpl.lockAndDoSelect(SelectorImpl.java:86)
        at sun.nio.ch.SelectorImpl.select(SelectorImpl.java:97)
        at sun.nio.ch.SelectorImpl.select(SelectorImpl.java:101)
        at org.eclipse.jetty.io.ManagedSelector.nioSelect(ManagedSelector.java:183)
        at org.eclipse.jetty.io.ManagedSelector.select(ManagedSelector.java:190)
        at org.eclipse.jetty.io.ManagedSelector$SelectorProducer.select(ManagedSelector.java:606)
        at org.eclipse.jetty.io.ManagedSelector$SelectorProducer.produce(ManagedSelector.java:543)
        at org.eclipse.jetty.util.thread.strategy.EatWhatYouKill.produceTask(EatWhatYouKill.java:362)
        at org.eclipse.jetty.util.thread.strategy.EatWhatYouKill.doProduce(EatWhatYouKill.java:186)
        at org.eclipse.jetty.util.thread.strategy.EatWhatYouKill.tryProduce(EatWhatYouKill.java:173)
        at org.eclipse.jetty.util.thread.strategy.EatWhatYouKill.produce(EatWhatYouKill.java:137)
        at org.eclipse.jetty.io.ManagedSelector$$Lambda$446/1576513034.run(Unknown Source)
        at org.eclipse.jetty.util.thread.QueuedThreadPool.runJob(QueuedThreadPool.java:883)
        at org.eclipse.jetty.util.thread.QueuedThreadPool$Runner.run(QueuedThreadPool.java:1034)
        at java.lang.Thread.run(Thread.java:750)
"om1@group-C5BA1605619E-LeaderStateImpl" daemon prio=5 tid=194 timed_waiting
java.lang.Thread.State: TIMED_WAITING
        at sun.misc.Unsafe.park(Native Method)
        at java.util.concurrent.locks.LockSupport.parkNanos(LockSupport.java:215)
        at java.util.concurrent.locks.AbstractQueuedSynchronizer$ConditionObject.awaitNanos(AbstractQueuedSynchronizer.java:2078)
        at java.util.concurrent.ArrayBlockingQueue.poll(ArrayBlockingQueue.java:418)
        at org.apache.ratis.server.impl.LeaderStateImpl$EventQueue.poll(LeaderStateImpl.java:159)
        at org.apache.ratis.server.impl.LeaderStateImpl$EventProcessor.run(LeaderStateImpl.java:630)
"b6bc655b-a75f-4a95-a86c-7969b7c6987b@group-26F38406CDA9-SegmentedRaftLogWorker"  prio=5 tid=597 timed_waiting
java.lang.Thread.State: TIMED_WAITING
        at sun.misc.Unsafe.park(Native Method)
        at java.util.concurrent.locks.LockSupport.parkNanos(LockSupport.java:215)
        at java.util.concurrent.locks.AbstractQueuedSynchronizer$ConditionObject.awaitNanos(AbstractQueuedSynchronizer.java:2078)
        at org.apache.ratis.util.DataBlockingQueue.poll(DataBlockingQueue.java:148)
        at org.apache.ratis.server.raftlog.segmented.SegmentedRaftLogWorker.run(SegmentedRaftLogWorker.java:310)
        at org.apache.ratis.server.raftlog.segmented.SegmentedRaftLogWorker$$Lambda$665/990731450.run(Unknown Source)
        at java.lang.Thread.run(Thread.java:750)
"IPC Server handler 14 on default port 42403" daemon prio=5 tid=168 timed_waiting
java.lang.Thread.State: TIMED_WAITING
        at sun.misc.Unsafe.park(Native Method)
        at java.util.concurrent.locks.LockSupport.parkNanos(LockSupport.java:215)
        at java.util.concurrent.locks.AbstractQueuedSynchronizer$ConditionObject.awaitNanos(AbstractQueuedSynchronizer.java:2078)
        at java.util.concurrent.LinkedBlockingQueue.poll(LinkedBlockingQueue.java:467)
        at org.apache.hadoop.ipc.CallQueueManager.take(CallQueueManager.java:317)
        at org.apache.hadoop.ipc.Server$Handler.run(Server.java:2942)
"IPC Server handler 18 on default port 42553" daemon prio=5 tid=85 timed_waiting
java.lang.Thread.State: TIMED_WAITING
        at sun.misc.Unsafe.park(Native Method)
        at java.util.concurrent.locks.LockSupport.parkNanos(LockSupport.java:215)
        at java.util.concurrent.locks.AbstractQueuedSynchronizer$ConditionObject.awaitNanos(AbstractQueuedSynchronizer.java:2078)
        at java.util.concurrent.LinkedBlockingQueue.poll(LinkedBlockingQueue.java:467)
        at org.apache.hadoop.ipc.CallQueueManager.take(CallQueueManager.java:317)
        at org.apache.hadoop.ipc.Server$Handler.run(Server.java:2942)
"StaleRecoveringContainerScrubbingService#0" daemon prio=5 tid=493 in Object.wait()
java.lang.Thread.State: WAITING (on object monitor)
        at sun.misc.Unsafe.park(Native Method)
        at java.util.concurrent.locks.LockSupport.park(LockSupport.java:175)
        at java.util.concurrent.locks.AbstractQueuedSynchronizer$ConditionObject.await(AbstractQueuedSynchronizer.java:2039)
        at java.util.concurrent.ScheduledThreadPoolExecutor$DelayedWorkQueue.take(ScheduledThreadPoolExecutor.java:1088)
        at java.util.concurrent.ScheduledThreadPoolExecutor$DelayedWorkQueue.take(ScheduledThreadPoolExecutor.java:809)
        at java.util.concurrent.ThreadPoolExecutor.getTask(ThreadPoolExecutor.java:1074)
        at java.util.concurrent.ThreadPoolExecutor.runWorker(ThreadPoolExecutor.java:1134)
        at java.util.concurrent.ThreadPoolExecutor$Worker.run(ThreadPoolExecutor.java:624)
        at java.lang.Thread.run(Thread.java:750)
"a8ad72fe-b4a4-4d4d-9a7f-b9692428a970@group-D14C5171AF91-SegmentedRaftLogWorker"  prio=5 tid=647 timed_waiting
java.lang.Thread.State: TIMED_WAITING
        at sun.misc.Unsafe.park(Native Method)
        at java.util.concurrent.locks.LockSupport.parkNanos(LockSupport.java:215)
        at java.util.concurrent.locks.AbstractQueuedSynchronizer$ConditionObject.awaitNanos(AbstractQueuedSynchronizer.java:2078)
        at org.apache.ratis.util.DataBlockingQueue.poll(DataBlockingQueue.java:148)
        at org.apache.ratis.server.raftlog.segmented.SegmentedRaftLogWorker.run(SegmentedRaftLogWorker.java:310)
        at org.apache.ratis.server.raftlog.segmented.SegmentedRaftLogWorker$$Lambda$665/990731450.run(Unknown Source)
        at java.lang.Thread.run(Thread.java:750)
"ChunkReader-3" daemon prio=5 tid=788 in Object.wait()
java.lang.Thread.State: WAITING (on object monitor)
        at sun.misc.Unsafe.park(Native Method)
        at java.util.concurrent.locks.LockSupport.park(LockSupport.java:175)
        at java.util.concurrent.locks.AbstractQueuedSynchronizer$ConditionObject.await(AbstractQueuedSynchronizer.java:2039)
        at java.util.concurrent.LinkedBlockingQueue.take(LinkedBlockingQueue.java:442)
        at java.util.concurrent.ThreadPoolExecutor.getTask(ThreadPoolExecutor.java:1074)
        at java.util.concurrent.ThreadPoolExecutor.runWorker(ThreadPoolExecutor.java:1134)
        at java.util.concurrent.ThreadPoolExecutor$Worker.run(ThreadPoolExecutor.java:624)
        at java.lang.Thread.run(Thread.java:750)
"Datanode ReportManager Thread - 2" daemon prio=5 tid=276 in Object.wait()
java.lang.Thread.State: WAITING (on object monitor)
        at sun.misc.Unsafe.park(Native Method)
        at java.util.concurrent.locks.LockSupport.park(LockSupport.java:175)
        at java.util.concurrent.locks.AbstractQueuedSynchronizer$ConditionObject.await(AbstractQueuedSynchronizer.java:2039)
        at java.util.concurrent.ScheduledThreadPoolExecutor$DelayedWorkQueue.take(ScheduledThreadPoolExecutor.java:1088)
        at java.util.concurrent.ScheduledThreadPoolExecutor$DelayedWorkQueue.take(ScheduledThreadPoolExecutor.java:809)
        at java.util.concurrent.ThreadPoolExecutor.getTask(ThreadPoolExecutor.java:1074)
        at java.util.concurrent.ThreadPoolExecutor.runWorker(ThreadPoolExecutor.java:1134)
        at java.util.concurrent.ThreadPoolExecutor$Worker.run(ThreadPoolExecutor.java:624)
        at java.lang.Thread.run(Thread.java:750)
"f7350d57-8232-4853-9d4b-5861d033a2e4@group-0066D9F15E56-StateMachineUpdater" daemon prio=5 tid=602 timed_waiting
java.lang.Thread.State: TIMED_WAITING
        at sun.misc.Unsafe.park(Native Method)
        at java.util.concurrent.locks.LockSupport.parkNanos(LockSupport.java:215)
        at java.util.concurrent.CompletableFuture$Signaller.block(CompletableFuture.java:1709)
        at java.util.concurrent.ForkJoinPool.managedBlock(ForkJoinPool.java:3323)
        at java.util.concurrent.CompletableFuture.timedGet(CompletableFuture.java:1788)
        at java.util.concurrent.CompletableFuture.get(CompletableFuture.java:1928)
        at org.apache.ratis.util.AwaitForSignal.await(AwaitForSignal.java:56)
        at org.apache.ratis.server.impl.StateMachineUpdater.waitForCommit(StateMachineUpdater.java:207)
        at org.apache.ratis.server.impl.StateMachineUpdater.run(StateMachineUpdater.java:176)
        at java.lang.Thread.run(Thread.java:750)
"IPC Server handler 5 on default port 43027" daemon prio=5 tid=52 timed_waiting
java.lang.Thread.State: TIMED_WAITING
        at sun.misc.Unsafe.park(Native Method)
        at java.util.concurrent.locks.LockSupport.parkNanos(LockSupport.java:215)
        at java.util.concurrent.locks.AbstractQueuedSynchronizer$ConditionObject.awaitNanos(AbstractQueuedSynchronizer.java:2078)
        at java.util.concurrent.LinkedBlockingQueue.poll(LinkedBlockingQueue.java:467)
        at org.apache.hadoop.ipc.CallQueueManager.take(CallQueueManager.java:317)
        at org.apache.hadoop.ipc.Server$Handler.run(Server.java:2942)
"IPC Server handler 2 on default port 42403" daemon prio=5 tid=156 timed_waiting
java.lang.Thread.State: TIMED_WAITING
        at sun.misc.Unsafe.park(Native Method)
        at java.util.concurrent.locks.LockSupport.parkNanos(LockSupport.java:215)
        at java.util.concurrent.locks.AbstractQueuedSynchronizer$ConditionObject.awaitNanos(AbstractQueuedSynchronizer.java:2078)
        at java.util.concurrent.LinkedBlockingQueue.poll(LinkedBlockingQueue.java:467)
        at org.apache.hadoop.ipc.CallQueueManager.take(CallQueueManager.java:317)
        at org.apache.hadoop.ipc.Server$Handler.run(Server.java:2942)
"IPC Server handler 9 on default port 42403" daemon prio=5 tid=163 timed_waiting
java.lang.Thread.State: TIMED_WAITING
        at sun.misc.Unsafe.park(Native Method)
        at java.util.concurrent.locks.LockSupport.parkNanos(LockSupport.java:215)
        at java.util.concurrent.locks.AbstractQueuedSynchronizer$ConditionObject.awaitNanos(AbstractQueuedSynchronizer.java:2078)
        at java.util.concurrent.LinkedBlockingQueue.poll(LinkedBlockingQueue.java:467)
        at org.apache.hadoop.ipc.CallQueueManager.take(CallQueueManager.java:317)
        at org.apache.hadoop.ipc.Server$Handler.run(Server.java:2942)
"IPC Server handler 15 on default port 42553" daemon prio=5 tid=82 timed_waiting
java.lang.Thread.State: TIMED_WAITING
        at sun.misc.Unsafe.park(Native Method)
        at java.util.concurrent.locks.LockSupport.parkNanos(LockSupport.java:215)
        at java.util.concurrent.locks.AbstractQueuedSynchronizer$ConditionObject.awaitNanos(AbstractQueuedSynchronizer.java:2078)
        at java.util.concurrent.LinkedBlockingQueue.poll(LinkedBlockingQueue.java:467)
        at org.apache.hadoop.ipc.CallQueueManager.take(CallQueueManager.java:317)
        at org.apache.hadoop.ipc.Server$Handler.run(Server.java:2942)
"Command processor thread" daemon prio=5 tid=279 timed_waiting
java.lang.Thread.State: TIMED_WAITING
        at java.lang.Thread.sleep(Native Method)
        at org.apache.hadoop.ozone.container.common.statemachine.DatanodeStateMachine.lambda$initCommandHandlerThread$3(DatanodeStateMachine.java:641)
        at org.apache.hadoop.ozone.container.common.statemachine.DatanodeStateMachine$$Lambda$785/613122004.run(Unknown Source)
        at java.lang.Thread.run(Thread.java:750)
"b6bc655b-a75f-4a95-a86c-7969b7c6987b@group-26F38406CDA9-StateMachineUpdater" daemon prio=5 tid=600 timed_waiting
java.lang.Thread.State: TIMED_WAITING
        at sun.misc.Unsafe.park(Native Method)
        at java.util.concurrent.locks.LockSupport.parkNanos(LockSupport.java:215)
        at java.util.concurrent.CompletableFuture$Signaller.block(CompletableFuture.java:1709)
        at java.util.concurrent.ForkJoinPool.managedBlock(ForkJoinPool.java:3323)
        at java.util.concurrent.CompletableFuture.timedGet(CompletableFuture.java:1788)
        at java.util.concurrent.CompletableFuture.get(CompletableFuture.java:1928)
        at org.apache.ratis.util.AwaitForSignal.await(AwaitForSignal.java:56)
        at org.apache.ratis.server.impl.StateMachineUpdater.waitForCommit(StateMachineUpdater.java:207)
        at org.apache.ratis.server.impl.StateMachineUpdater.run(StateMachineUpdater.java:176)
        at java.lang.Thread.run(Thread.java:750)
"pool-141-thread-1"  prio=5 tid=612 in Object.wait()
java.lang.Thread.State: WAITING (on object monitor)
        at sun.misc.Unsafe.park(Native Method)
        at java.util.concurrent.locks.LockSupport.park(LockSupport.java:175)
        at java.util.concurrent.locks.AbstractQueuedSynchronizer$ConditionObject.await(AbstractQueuedSynchronizer.java:2039)
        at java.util.concurrent.LinkedBlockingQueue.take(LinkedBlockingQueue.java:442)
        at java.util.concurrent.ThreadPoolExecutor.getTask(ThreadPoolExecutor.java:1074)
        at java.util.concurrent.ThreadPoolExecutor.runWorker(ThreadPoolExecutor.java:1134)
        at java.util.concurrent.ThreadPoolExecutor$Worker.run(ThreadPoolExecutor.java:624)
        at java.lang.Thread.run(Thread.java:750)
"IPC Server handler 19 on default port 42553" daemon prio=5 tid=86 timed_waiting
java.lang.Thread.State: TIMED_WAITING
        at sun.misc.Unsafe.park(Native Method)
        at java.util.concurrent.locks.LockSupport.parkNanos(LockSupport.java:215)
        at java.util.concurrent.locks.AbstractQueuedSynchronizer$ConditionObject.awaitNanos(AbstractQueuedSynchronizer.java:2078)
        at java.util.concurrent.LinkedBlockingQueue.poll(LinkedBlockingQueue.java:467)
        at org.apache.hadoop.ipc.CallQueueManager.take(CallQueueManager.java:317)
        at org.apache.hadoop.ipc.Server$Handler.run(Server.java:2942)
"IPC Server handler 10 on default port 42403" daemon prio=5 tid=164 timed_waiting
java.lang.Thread.State: TIMED_WAITING
        at sun.misc.Unsafe.park(Native Method)
        at java.util.concurrent.locks.LockSupport.parkNanos(LockSupport.java:215)
        at java.util.concurrent.locks.AbstractQueuedSynchronizer$ConditionObject.awaitNanos(AbstractQueuedSynchronizer.java:2078)
        at java.util.concurrent.LinkedBlockingQueue.poll(LinkedBlockingQueue.java:467)
        at org.apache.hadoop.ipc.CallQueueManager.take(CallQueueManager.java:317)
        at org.apache.hadoop.ipc.Server$Handler.run(Server.java:2942)
"2277c71a-7226-47f8-a4ca-90f752095403@group-199B584234DF-LeaderStateImpl" daemon prio=5 tid=745 timed_waiting
java.lang.Thread.State: TIMED_WAITING
        at sun.misc.Unsafe.park(Native Method)
        at java.util.concurrent.locks.LockSupport.parkNanos(LockSupport.java:215)
        at java.util.concurrent.locks.AbstractQueuedSynchronizer$ConditionObject.awaitNanos(AbstractQueuedSynchronizer.java:2078)
        at java.util.concurrent.ArrayBlockingQueue.poll(ArrayBlockingQueue.java:418)
        at org.apache.ratis.server.impl.LeaderStateImpl$EventQueue.poll(LeaderStateImpl.java:159)
        at org.apache.ratis.server.impl.LeaderStateImpl$EventProcessor.run(LeaderStateImpl.java:630)
"FixedThreadPoolWithAffinityExecutor-0-0" daemon prio=5 tid=35 timed_waiting
java.lang.Thread.State: TIMED_WAITING
        at sun.misc.Unsafe.park(Native Method)
        at java.util.concurrent.locks.LockSupport.parkNanos(LockSupport.java:215)
        at java.util.concurrent.locks.AbstractQueuedSynchronizer$ConditionObject.awaitNanos(AbstractQueuedSynchronizer.java:2078)
        at java.util.concurrent.LinkedBlockingQueue.poll(LinkedBlockingQueue.java:467)
        at org.apache.hadoop.hdds.scm.server.ContainerReportQueue.poll(ContainerReportQueue.java:266)
        at org.apache.hadoop.hdds.scm.server.ContainerReportQueue.poll(ContainerReportQueue.java:42)
        at org.apache.hadoop.hdds.server.events.FixedThreadPoolWithAffinityExecutor$ContainerReportProcessTask.run(FixedThreadPoolWithAffinityExecutor.java:218)
        at java.util.concurrent.Executors$RunnableAdapter.call(Executors.java:511)
        at java.util.concurrent.FutureTask.run(FutureTask.java:266)
        at java.util.concurrent.ThreadPoolExecutor.runWorker(ThreadPoolExecutor.java:1149)
        at java.util.concurrent.ThreadPoolExecutor$Worker.run(ThreadPoolExecutor.java:624)
        at java.lang.Thread.run(Thread.java:750)
"qtp1374355136-117" daemon prio=5 tid=117 timed_waiting
java.lang.Thread.State: TIMED_WAITING
        at sun.misc.Unsafe.park(Native Method)
        at java.util.concurrent.locks.LockSupport.parkNanos(LockSupport.java:215)
        at java.util.concurrent.locks.AbstractQueuedSynchronizer$ConditionObject.awaitNanos(AbstractQueuedSynchronizer.java:2078)
        at org.eclipse.jetty.util.BlockingArrayQueue.poll(BlockingArrayQueue.java:382)
        at org.eclipse.jetty.util.thread.QueuedThreadPool$Runner.idleJobPoll(QueuedThreadPool.java:974)
        at org.eclipse.jetty.util.thread.QueuedThreadPool$Runner.run(QueuedThreadPool.java:1018)
        at java.lang.Thread.run(Thread.java:750)
"qtp1171084822-212" daemon prio=5 tid=212 runnable
java.lang.Thread.State: RUNNABLE
        at sun.nio.ch.EPollArrayWrapper.epollWait(Native Method)
        at sun.nio.ch.EPollArrayWrapper.poll(EPollArrayWrapper.java:269)
        at sun.nio.ch.EPollSelectorImpl.doSelect(EPollSelectorImpl.java:93)
        at sun.nio.ch.SelectorImpl.lockAndDoSelect(SelectorImpl.java:86)
        at sun.nio.ch.SelectorImpl.select(SelectorImpl.java:97)
        at sun.nio.ch.SelectorImpl.select(SelectorImpl.java:101)
        at org.eclipse.jetty.io.ManagedSelector.nioSelect(ManagedSelector.java:183)
        at org.eclipse.jetty.io.ManagedSelector.select(ManagedSelector.java:190)
        at org.eclipse.jetty.io.ManagedSelector$SelectorProducer.select(ManagedSelector.java:606)
        at org.eclipse.jetty.io.ManagedSelector$SelectorProducer.produce(ManagedSelector.java:543)
        at org.eclipse.jetty.util.thread.strategy.EatWhatYouKill.produceTask(EatWhatYouKill.java:362)
        at org.eclipse.jetty.util.thread.strategy.EatWhatYouKill.doProduce(EatWhatYouKill.java:186)
        at org.eclipse.jetty.util.thread.strategy.EatWhatYouKill.tryProduce(EatWhatYouKill.java:173)
        at org.eclipse.jetty.util.thread.strategy.EatWhatYouKill.produce(EatWhatYouKill.java:137)
        at org.eclipse.jetty.io.ManagedSelector$$Lambda$446/1576513034.run(Unknown Source)
        at org.eclipse.jetty.util.thread.QueuedThreadPool.runJob(QueuedThreadPool.java:883)
        at org.eclipse.jetty.util.thread.QueuedThreadPool$Runner.run(QueuedThreadPool.java:1034)
        at java.lang.Thread.run(Thread.java:750)
"2277c71a-7226-47f8-a4ca-90f752095403@group-199B584234DF-SegmentedRaftLogWorker"  prio=5 tid=629 timed_waiting
java.lang.Thread.State: TIMED_WAITING
        at sun.misc.Unsafe.park(Native Method)
        at java.util.concurrent.locks.LockSupport.parkNanos(LockSupport.java:215)
        at java.util.concurrent.locks.AbstractQueuedSynchronizer$ConditionObject.awaitNanos(AbstractQueuedSynchronizer.java:2078)
        at org.apache.ratis.util.DataBlockingQueue.poll(DataBlockingQueue.java:148)
        at org.apache.ratis.server.raftlog.segmented.SegmentedRaftLogWorker.run(SegmentedRaftLogWorker.java:310)
        at org.apache.ratis.server.raftlog.segmented.SegmentedRaftLogWorker$$Lambda$665/990731450.run(Unknown Source)
        at java.lang.Thread.run(Thread.java:750)
"FixedThreadPoolWithAffinityExecutor-6-0" daemon prio=5 tid=41 timed_waiting
java.lang.Thread.State: TIMED_WAITING
        at sun.misc.Unsafe.park(Native Method)
        at java.util.concurrent.locks.LockSupport.parkNanos(LockSupport.java:215)
        at java.util.concurrent.locks.AbstractQueuedSynchronizer$ConditionObject.awaitNanos(AbstractQueuedSynchronizer.java:2078)
        at java.util.concurrent.LinkedBlockingQueue.poll(LinkedBlockingQueue.java:467)
        at org.apache.hadoop.hdds.scm.server.ContainerReportQueue.poll(ContainerReportQueue.java:266)
        at org.apache.hadoop.hdds.scm.server.ContainerReportQueue.poll(ContainerReportQueue.java:42)
        at org.apache.hadoop.hdds.server.events.FixedThreadPoolWithAffinityExecutor$ContainerReportProcessTask.run(FixedThreadPoolWithAffinityExecutor.java:218)
        at java.util.concurrent.Executors$RunnableAdapter.call(Executors.java:511)
        at java.util.concurrent.FutureTask.run(FutureTask.java:266)
        at java.util.concurrent.ThreadPoolExecutor.runWorker(ThreadPoolExecutor.java:1149)
        at java.util.concurrent.ThreadPoolExecutor$Worker.run(ThreadPoolExecutor.java:624)
        at java.lang.Thread.run(Thread.java:750)
"Periodic HDDS volume checker" daemon prio=5 tid=231 timed_waiting
java.lang.Thread.State: TIMED_WAITING
        at sun.misc.Unsafe.park(Native Method)
        at java.util.concurrent.locks.LockSupport.parkNanos(LockSupport.java:215)
        at java.util.concurrent.locks.AbstractQueuedSynchronizer$ConditionObject.awaitNanos(AbstractQueuedSynchronizer.java:2078)
        at java.util.concurrent.ScheduledThreadPoolExecutor$DelayedWorkQueue.take(ScheduledThreadPoolExecutor.java:1093)
        at java.util.concurrent.ScheduledThreadPoolExecutor$DelayedWorkQueue.take(ScheduledThreadPoolExecutor.java:809)
        at java.util.concurrent.ThreadPoolExecutor.getTask(ThreadPoolExecutor.java:1074)
        at java.util.concurrent.ThreadPoolExecutor.runWorker(ThreadPoolExecutor.java:1134)
        at java.util.concurrent.ThreadPoolExecutor$Worker.run(ThreadPoolExecutor.java:624)
        at java.lang.Thread.run(Thread.java:750)
"qtp230464909-185-acceptor-0@1a6753a3-ServerConnector@60aa7347{HTTP/1.1, (http/1.1)}{0.0.0.0:46219}" daemon prio=3 tid=185 runnable
java.lang.Thread.State: RUNNABLE
        at sun.nio.ch.ServerSocketChannelImpl.accept0(Native Method)
        at sun.nio.ch.ServerSocketChannelImpl.accept(ServerSocketChannelImpl.java:421)
        at sun.nio.ch.ServerSocketChannelImpl.accept(ServerSocketChannelImpl.java:249)
        at org.eclipse.jetty.server.ServerConnector.accept(ServerConnector.java:388)
        at org.eclipse.jetty.server.AbstractConnector$Acceptor.run(AbstractConnector.java:704)
        at org.eclipse.jetty.util.thread.QueuedThreadPool.runJob(QueuedThreadPool.java:883)
        at org.eclipse.jetty.util.thread.QueuedThreadPool$Runner.run(QueuedThreadPool.java:1034)
        at java.lang.Thread.run(Thread.java:750)
"ChunkReader-0" daemon prio=5 tid=768 in Object.wait()
java.lang.Thread.State: WAITING (on object monitor)
        at sun.misc.Unsafe.park(Native Method)
        at java.util.concurrent.locks.LockSupport.park(LockSupport.java:175)
        at java.util.concurrent.locks.AbstractQueuedSynchronizer$ConditionObject.await(AbstractQueuedSynchronizer.java:2039)
        at java.util.concurrent.LinkedBlockingQueue.take(LinkedBlockingQueue.java:442)
        at java.util.concurrent.ThreadPoolExecutor.getTask(ThreadPoolExecutor.java:1074)
        at java.util.concurrent.ThreadPoolExecutor.runWorker(ThreadPoolExecutor.java:1134)
        at java.util.concurrent.ThreadPoolExecutor$Worker.run(ThreadPoolExecutor.java:624)
        at java.lang.Thread.run(Thread.java:750)
"94086278-3489-4279-864e-1549830c8dca@group-9130B53F7C21-LeaderStateImpl" daemon prio=5 tid=690 timed_waiting
java.lang.Thread.State: TIMED_WAITING
        at sun.misc.Unsafe.park(Native Method)
        at java.util.concurrent.locks.LockSupport.parkNanos(LockSupport.java:215)
        at java.util.concurrent.locks.AbstractQueuedSynchronizer$ConditionObject.awaitNanos(AbstractQueuedSynchronizer.java:2078)
        at java.util.concurrent.ArrayBlockingQueue.poll(ArrayBlockingQueue.java:418)
        at org.apache.ratis.server.impl.LeaderStateImpl$EventQueue.poll(LeaderStateImpl.java:159)
        at org.apache.ratis.server.impl.LeaderStateImpl$EventProcessor.run(LeaderStateImpl.java:630)
"8b45bab1-f519-4e04-ad6f-9efd561d6d57@group-0F702FC51EF1-SegmentedRaftLogWorker"  prio=5 tid=625 timed_waiting
java.lang.Thread.State: TIMED_WAITING
        at sun.misc.Unsafe.park(Native Method)
        at java.util.concurrent.locks.LockSupport.parkNanos(LockSupport.java:215)
        at java.util.concurrent.locks.AbstractQueuedSynchronizer$ConditionObject.awaitNanos(AbstractQueuedSynchronizer.java:2078)
        at org.apache.ratis.util.DataBlockingQueue.poll(DataBlockingQueue.java:148)
        at org.apache.ratis.server.raftlog.segmented.SegmentedRaftLogWorker.run(SegmentedRaftLogWorker.java:310)
        at org.apache.ratis.server.raftlog.segmented.SegmentedRaftLogWorker$$Lambda$665/990731450.run(Unknown Source)
        at java.lang.Thread.run(Thread.java:750)
"EventQueue-StaleNodeForStaleNodeHandler" daemon prio=5 tid=824 in Object.wait()
java.lang.Thread.State: WAITING (on object monitor)
        at sun.misc.Unsafe.park(Native Method)
        at java.util.concurrent.locks.LockSupport.park(LockSupport.java:175)
        at java.util.concurrent.locks.AbstractQueuedSynchronizer$ConditionObject.await(AbstractQueuedSynchronizer.java:2039)
        at java.util.concurrent.LinkedBlockingQueue.take(LinkedBlockingQueue.java:442)
        at java.util.concurrent.ThreadPoolExecutor.getTask(ThreadPoolExecutor.java:1074)
        at java.util.concurrent.ThreadPoolExecutor.runWorker(ThreadPoolExecutor.java:1134)
        at java.util.concurrent.ThreadPoolExecutor$Worker.run(ThreadPoolExecutor.java:624)
        at java.lang.Thread.run(Thread.java:750)
"org.apache.hadoop.util.JvmPauseMonitor$Monitor@f8e7b3" daemon prio=5 tid=254 timed_waiting
java.lang.Thread.State: TIMED_WAITING
        at java.lang.Thread.sleep(Native Method)
        at org.apache.hadoop.util.JvmPauseMonitor$Monitor.run(JvmPauseMonitor.java:192)
        at java.lang.Thread.run(Thread.java:750)
"Datanode ReportManager Thread - 2" daemon prio=5 tid=302 in Object.wait()
java.lang.Thread.State: WAITING (on object monitor)
        at sun.misc.Unsafe.park(Native Method)
        at java.util.concurrent.locks.LockSupport.park(LockSupport.java:175)
        at java.util.concurrent.locks.AbstractQueuedSynchronizer$ConditionObject.await(AbstractQueuedSynchronizer.java:2039)
        at java.util.concurrent.ScheduledThreadPoolExecutor$DelayedWorkQueue.take(ScheduledThreadPoolExecutor.java:1088)
        at java.util.concurrent.ScheduledThreadPoolExecutor$DelayedWorkQueue.take(ScheduledThreadPoolExecutor.java:809)
        at java.util.concurrent.ThreadPoolExecutor.getTask(ThreadPoolExecutor.java:1074)
        at java.util.concurrent.ThreadPoolExecutor.runWorker(ThreadPoolExecutor.java:1134)
        at java.util.concurrent.ThreadPoolExecutor$Worker.run(ThreadPoolExecutor.java:624)
        at java.lang.Thread.run(Thread.java:750)
"DatanodeAdminManager-0" daemon prio=5 tid=21 timed_waiting
java.lang.Thread.State: TIMED_WAITING
        at sun.misc.Unsafe.park(Native Method)
        at java.util.concurrent.locks.LockSupport.parkNanos(LockSupport.java:215)
        at java.util.concurrent.locks.AbstractQueuedSynchronizer$ConditionObject.awaitNanos(AbstractQueuedSynchronizer.java:2078)
        at java.util.concurrent.ScheduledThreadPoolExecutor$DelayedWorkQueue.take(ScheduledThreadPoolExecutor.java:1093)
        at java.util.concurrent.ScheduledThreadPoolExecutor$DelayedWorkQueue.take(ScheduledThreadPoolExecutor.java:809)
        at java.util.concurrent.ThreadPoolExecutor.getTask(ThreadPoolExecutor.java:1074)
        at java.util.concurrent.ThreadPoolExecutor.runWorker(ThreadPoolExecutor.java:1134)
        at java.util.concurrent.ThreadPoolExecutor$Worker.run(ThreadPoolExecutor.java:624)
        at java.lang.Thread.run(Thread.java:750)
"Datanode State Machine Task Thread - 0"  prio=5 tid=504 in Object.wait()
java.lang.Thread.State: WAITING (on object monitor)
        at sun.misc.Unsafe.park(Native Method)
        at java.util.concurrent.locks.LockSupport.park(LockSupport.java:175)
        at java.util.concurrent.locks.AbstractQueuedSynchronizer$ConditionObject.await(AbstractQueuedSynchronizer.java:2039)
        at java.util.concurrent.LinkedBlockingQueue.take(LinkedBlockingQueue.java:442)
        at java.util.concurrent.ThreadPoolExecutor.getTask(ThreadPoolExecutor.java:1074)
        at java.util.concurrent.ThreadPoolExecutor.runWorker(ThreadPoolExecutor.java:1134)
        at java.util.concurrent.ThreadPoolExecutor$Worker.run(ThreadPoolExecutor.java:624)
        at java.lang.Thread.run(Thread.java:750)
"IPC Server listener on 0" daemon prio=5 tid=130 runnable
java.lang.Thread.State: RUNNABLE
        at sun.nio.ch.EPollArrayWrapper.epollWait(Native Method)
        at sun.nio.ch.EPollArrayWrapper.poll(EPollArrayWrapper.java:269)
        at sun.nio.ch.EPollSelectorImpl.doSelect(EPollSelectorImpl.java:93)
        at sun.nio.ch.SelectorImpl.lockAndDoSelect(SelectorImpl.java:86)
        at sun.nio.ch.SelectorImpl.select(SelectorImpl.java:97)
        at sun.nio.ch.SelectorImpl.select(SelectorImpl.java:101)
        at org.apache.hadoop.ipc.Server$Listener.run(Server.java:1358)
"IPC Server listener on 0" daemon prio=5 tid=31 runnable
java.lang.Thread.State: RUNNABLE
        at sun.nio.ch.EPollArrayWrapper.epollWait(Native Method)
        at sun.nio.ch.EPollArrayWrapper.poll(EPollArrayWrapper.java:269)
        at sun.nio.ch.EPollSelectorImpl.doSelect(EPollSelectorImpl.java:93)
        at sun.nio.ch.SelectorImpl.lockAndDoSelect(SelectorImpl.java:86)
        at sun.nio.ch.SelectorImpl.select(SelectorImpl.java:97)
        at sun.nio.ch.SelectorImpl.select(SelectorImpl.java:101)
        at org.apache.hadoop.ipc.Server$Listener.run(Server.java:1358)
"Datanode ReportManager Thread - 4" daemon prio=5 tid=381 in Object.wait()
java.lang.Thread.State: WAITING (on object monitor)
        at sun.misc.Unsafe.park(Native Method)
        at java.util.concurrent.locks.LockSupport.park(LockSupport.java:175)
        at java.util.concurrent.locks.AbstractQueuedSynchronizer$ConditionObject.await(AbstractQueuedSynchronizer.java:2039)
        at java.util.concurrent.ScheduledThreadPoolExecutor$DelayedWorkQueue.take(ScheduledThreadPoolExecutor.java:1088)
        at java.util.concurrent.ScheduledThreadPoolExecutor$DelayedWorkQueue.take(ScheduledThreadPoolExecutor.java:809)
        at java.util.concurrent.ThreadPoolExecutor.getTask(ThreadPoolExecutor.java:1074)
        at java.util.concurrent.ThreadPoolExecutor.runWorker(ThreadPoolExecutor.java:1134)
        at java.util.concurrent.ThreadPoolExecutor$Worker.run(ThreadPoolExecutor.java:624)
        at java.lang.Thread.run(Thread.java:750)
"org.apache.hadoop.ozone.container.common.statemachine.commandhandler.DeleteBlocksCommandHandler$DeleteCmdWorker@2021b349" daemon prio=5 tid=317 timed_waiting
java.lang.Thread.State: TIMED_WAITING
        at java.lang.Thread.sleep(Native Method)
        at org.apache.hadoop.ozone.container.common.statemachine.commandhandler.DeleteBlocksCommandHandler$DeleteCmdWorker.run(DeleteBlocksCommandHandler.java:183)
        at java.lang.Thread.run(Thread.java:750)
"ChunkWriter-0-0" daemon prio=5 tid=366 in Object.wait()
java.lang.Thread.State: WAITING (on object monitor)
        at sun.misc.Unsafe.park(Native Method)
        at java.util.concurrent.locks.LockSupport.park(LockSupport.java:175)
        at java.util.concurrent.locks.AbstractQueuedSynchronizer$ConditionObject.await(AbstractQueuedSynchronizer.java:2039)
        at java.util.concurrent.LinkedBlockingDeque.takeFirst(LinkedBlockingDeque.java:492)
        at java.util.concurrent.LinkedBlockingDeque.take(LinkedBlockingDeque.java:680)
        at java.util.concurrent.ThreadPoolExecutor.getTask(ThreadPoolExecutor.java:1074)
        at java.util.concurrent.ThreadPoolExecutor.runWorker(ThreadPoolExecutor.java:1134)
        at java.util.concurrent.ThreadPoolExecutor$Worker.run(ThreadPoolExecutor.java:624)
        at java.lang.Thread.run(Thread.java:750)
"IPC Server handler 15 on default port 43027" daemon prio=5 tid=62 timed_waiting
java.lang.Thread.State: TIMED_WAITING
        at sun.misc.Unsafe.park(Native Method)
        at java.util.concurrent.locks.LockSupport.parkNanos(LockSupport.java:215)
        at java.util.concurrent.locks.AbstractQueuedSynchronizer$ConditionObject.awaitNanos(AbstractQueuedSynchronizer.java:2078)
        at java.util.concurrent.LinkedBlockingQueue.poll(LinkedBlockingQueue.java:467)
        at org.apache.hadoop.ipc.CallQueueManager.take(CallQueueManager.java:317)
        at org.apache.hadoop.ipc.Server$Handler.run(Server.java:2942)
"surefire-forkedjvm-command-thread" daemon prio=5 tid=10 runnable
java.lang.Thread.State: RUNNABLE
        at java.io.FileInputStream.readBytes(Native Method)
        at java.io.FileInputStream.read(FileInputStream.java:255)
        at java.io.BufferedInputStream.read1(BufferedInputStream.java:284)
        at java.io.BufferedInputStream.read(BufferedInputStream.java:345)
        at java.io.BufferedInputStream.fill(BufferedInputStream.java:246)
        at java.io.BufferedInputStream.read1(BufferedInputStream.java:286)
        at java.io.BufferedInputStream.read(BufferedInputStream.java:345)
        at org.apache.maven.surefire.api.util.internal.Channels$3.readImpl(Channels.java:214)
        at org.apache.maven.surefire.api.util.internal.AbstractNoninterruptibleReadableChannel.read(AbstractNoninterruptibleReadableChannel.java:54)
        at org.apache.maven.surefire.booter.spi.LegacyMasterProcessChannelDecoder.decode(LegacyMasterProcessChannelDecoder.java:80)
        at org.apache.maven.surefire.booter.CommandReader$CommandRunnable.run(CommandReader.java:343)
        at java.lang.Thread.run(Thread.java:750)
"StaleRecoveringContainerScrubbingService#0" daemon prio=5 tid=527 in Object.wait()
java.lang.Thread.State: WAITING (on object monitor)
        at sun.misc.Unsafe.park(Native Method)
        at java.util.concurrent.locks.LockSupport.park(LockSupport.java:175)
        at java.util.concurrent.locks.AbstractQueuedSynchronizer$ConditionObject.await(AbstractQueuedSynchronizer.java:2039)
        at java.util.concurrent.ScheduledThreadPoolExecutor$DelayedWorkQueue.take(ScheduledThreadPoolExecutor.java:1088)
        at java.util.concurrent.ScheduledThreadPoolExecutor$DelayedWorkQueue.take(ScheduledThreadPoolExecutor.java:809)
        at java.util.concurrent.ThreadPoolExecutor.getTask(ThreadPoolExecutor.java:1074)
        at java.util.concurrent.ThreadPoolExecutor.runWorker(ThreadPoolExecutor.java:1134)
        at java.util.concurrent.ThreadPoolExecutor$Worker.run(ThreadPoolExecutor.java:624)
        at java.lang.Thread.run(Thread.java:750)
"timer7" daemon prio=5 tid=720 timed_waiting
java.lang.Thread.State: TIMED_WAITING
        at java.lang.Object.wait(Native Method)
        at java.util.TimerThread.mainLoop(Timer.java:552)
        at java.util.TimerThread.run(Timer.java:505)
"IPC Server handler 4 on default port 41185" daemon prio=5 tid=91 timed_waiting
java.lang.Thread.State: TIMED_WAITING
        at sun.misc.Unsafe.park(Native Method)
        at java.util.concurrent.locks.LockSupport.parkNanos(LockSupport.java:215)
        at java.util.concurrent.locks.AbstractQueuedSynchronizer$ConditionObject.awaitNanos(AbstractQueuedSynchronizer.java:2078)
        at java.util.concurrent.LinkedBlockingQueue.poll(LinkedBlockingQueue.java:467)
        at org.apache.hadoop.ipc.CallQueueManager.take(CallQueueManager.java:317)
        at org.apache.hadoop.ipc.Server$Handler.run(Server.java:2942)
"ChunkReader-ELG-0" daemon prio=5 tid=447 runnable
java.lang.Thread.State: RUNNABLE
        at org.apache.ratis.thirdparty.io.netty.channel.epoll.Native.epollWait0(Native Method)
        at org.apache.ratis.thirdparty.io.netty.channel.epoll.Native.epollWait(Native.java:182)
        at org.apache.ratis.thirdparty.io.netty.channel.epoll.EpollEventLoop.epollWait(EpollEventLoop.java:290)
        at org.apache.ratis.thirdparty.io.netty.channel.epoll.EpollEventLoop.run(EpollEventLoop.java:354)
        at org.apache.ratis.thirdparty.io.netty.util.concurrent.SingleThreadEventExecutor$4.run(SingleThreadEventExecutor.java:995)
        at org.apache.ratis.thirdparty.io.netty.util.internal.ThreadExecutorMap$2.run(ThreadExecutorMap.java:74)
        at java.lang.Thread.run(Thread.java:750)
"IPC Server handler 0 on default port 41185" daemon prio=5 tid=87 timed_waiting
java.lang.Thread.State: TIMED_WAITING
        at sun.misc.Unsafe.park(Native Method)
        at java.util.concurrent.locks.LockSupport.parkNanos(LockSupport.java:215)
        at java.util.concurrent.locks.AbstractQueuedSynchronizer$ConditionObject.awaitNanos(AbstractQueuedSynchronizer.java:2078)
        at java.util.concurrent.LinkedBlockingQueue.poll(LinkedBlockingQueue.java:467)
        at org.apache.hadoop.ipc.CallQueueManager.take(CallQueueManager.java:317)
        at org.apache.hadoop.ipc.Server$Handler.run(Server.java:2942)
"qtp563908089-355" daemon prio=5 tid=355 runnable
java.lang.Thread.State: RUNNABLE
        at sun.nio.ch.EPollArrayWrapper.epollWait(Native Method)
        at sun.nio.ch.EPollArrayWrapper.poll(EPollArrayWrapper.java:269)
        at sun.nio.ch.EPollSelectorImpl.doSelect(EPollSelectorImpl.java:93)
        at sun.nio.ch.SelectorImpl.lockAndDoSelect(SelectorImpl.java:86)
        at sun.nio.ch.SelectorImpl.select(SelectorImpl.java:97)
        at sun.nio.ch.SelectorImpl.select(SelectorImpl.java:101)
        at org.eclipse.jetty.io.ManagedSelector.nioSelect(ManagedSelector.java:183)
        at org.eclipse.jetty.io.ManagedSelector.select(ManagedSelector.java:190)
        at org.eclipse.jetty.io.ManagedSelector$SelectorProducer.select(ManagedSelector.java:606)
        at org.eclipse.jetty.io.ManagedSelector$SelectorProducer.produce(ManagedSelector.java:543)
        at org.eclipse.jetty.util.thread.strategy.EatWhatYouKill.produceTask(EatWhatYouKill.java:362)
        at org.eclipse.jetty.util.thread.strategy.EatWhatYouKill.doProduce(EatWhatYouKill.java:186)
        at org.eclipse.jetty.util.thread.strategy.EatWhatYouKill.tryProduce(EatWhatYouKill.java:173)
        at org.eclipse.jetty.util.thread.strategy.EatWhatYouKill.produce(EatWhatYouKill.java:137)
        at org.eclipse.jetty.io.ManagedSelector$$Lambda$446/1576513034.run(Unknown Source)
        at org.eclipse.jetty.util.thread.QueuedThreadPool.runJob(QueuedThreadPool.java:883)
        at org.eclipse.jetty.util.thread.QueuedThreadPool$Runner.run(QueuedThreadPool.java:1034)
        at java.lang.Thread.run(Thread.java:750)
"EndpointStateMachine task thread for /0.0.0.0:41185 - 0 "  prio=5 tid=556 in Object.wait()
java.lang.Thread.State: WAITING (on object monitor)
        at sun.misc.Unsafe.park(Native Method)
        at java.util.concurrent.locks.LockSupport.park(LockSupport.java:175)
        at java.util.concurrent.locks.AbstractQueuedSynchronizer$ConditionObject.await(AbstractQueuedSynchronizer.java:2039)
        at java.util.concurrent.LinkedBlockingQueue.take(LinkedBlockingQueue.java:442)
        at java.util.concurrent.ThreadPoolExecutor.getTask(ThreadPoolExecutor.java:1074)
        at java.util.concurrent.ThreadPoolExecutor.runWorker(ThreadPoolExecutor.java:1134)
        at java.util.concurrent.ThreadPoolExecutor$Worker.run(ThreadPoolExecutor.java:624)
        at java.lang.Thread.run(Thread.java:750)
"BlockDeletingService#2" daemon prio=5 tid=852 in Object.wait()
java.lang.Thread.State: WAITING (on object monitor)
        at sun.misc.Unsafe.park(Native Method)
        at java.util.concurrent.locks.LockSupport.park(LockSupport.java:175)
        at java.util.concurrent.locks.AbstractQueuedSynchronizer$ConditionObject.await(AbstractQueuedSynchronizer.java:2039)
        at java.util.concurrent.ScheduledThreadPoolExecutor$DelayedWorkQueue.take(ScheduledThreadPoolExecutor.java:1088)
        at java.util.concurrent.ScheduledThreadPoolExecutor$DelayedWorkQueue.take(ScheduledThreadPoolExecutor.java:809)
        at java.util.concurrent.ThreadPoolExecutor.getTask(ThreadPoolExecutor.java:1074)
        at java.util.concurrent.ThreadPoolExecutor.runWorker(ThreadPoolExecutor.java:1134)
        at java.util.concurrent.ThreadPoolExecutor$Worker.run(ThreadPoolExecutor.java:624)
        at java.lang.Thread.run(Thread.java:750)
"94086278-3489-4279-864e-1549830c8dca@group-1C8420390690-SegmentedRaftLogWorker"  prio=5 tid=572 timed_waiting
java.lang.Thread.State: TIMED_WAITING
        at sun.misc.Unsafe.park(Native Method)
        at java.util.concurrent.locks.LockSupport.parkNanos(LockSupport.java:215)
        at java.util.concurrent.locks.AbstractQueuedSynchronizer$ConditionObject.awaitNanos(AbstractQueuedSynchronizer.java:2078)
        at org.apache.ratis.util.DataBlockingQueue.poll(DataBlockingQueue.java:148)
        at org.apache.ratis.server.raftlog.segmented.SegmentedRaftLogWorker.run(SegmentedRaftLogWorker.java:310)
        at org.apache.ratis.server.raftlog.segmented.SegmentedRaftLogWorker$$Lambda$665/990731450.run(Unknown Source)
        at java.lang.Thread.run(Thread.java:750)
"qtp1097955717-470-acceptor-0@76303f8c-ServerConnector@2034ceab{HTTP/1.1, (http/1.1)}{0.0.0.0:38653}" daemon prio=3 tid=470 runnable
java.lang.Thread.State: RUNNABLE
        at sun.nio.ch.ServerSocketChannelImpl.accept0(Native Method)
        at sun.nio.ch.ServerSocketChannelImpl.accept(ServerSocketChannelImpl.java:421)
        at sun.nio.ch.ServerSocketChannelImpl.accept(ServerSocketChannelImpl.java:249)
        at org.eclipse.jetty.server.ServerConnector.accept(ServerConnector.java:388)
        at org.eclipse.jetty.server.AbstractConnector$Acceptor.run(AbstractConnector.java:704)
        at org.eclipse.jetty.util.thread.QueuedThreadPool.runJob(QueuedThreadPool.java:883)
        at org.eclipse.jetty.util.thread.QueuedThreadPool$Runner.run(QueuedThreadPool.java:1034)
        at java.lang.Thread.run(Thread.java:750)
"Socket Reader #1 for port 0"  prio=5 tid=131 runnable
java.lang.Thread.State: RUNNABLE
        at sun.nio.ch.EPollArrayWrapper.epollWait(Native Method)
        at sun.nio.ch.EPollArrayWrapper.poll(EPollArrayWrapper.java:269)
        at sun.nio.ch.EPollSelectorImpl.doSelect(EPollSelectorImpl.java:93)
        at sun.nio.ch.SelectorImpl.lockAndDoSelect(SelectorImpl.java:86)
        at sun.nio.ch.SelectorImpl.select(SelectorImpl.java:97)
        at sun.nio.ch.SelectorImpl.select(SelectorImpl.java:101)
        at org.apache.hadoop.ipc.Server$Listener$Reader.doRunLoop(Server.java:1296)
        at org.apache.hadoop.ipc.Server$Listener$Reader.run(Server.java:1275)
"IPC Server handler 3 on default port 41185" daemon prio=5 tid=90 timed_waiting
java.lang.Thread.State: TIMED_WAITING
        at sun.misc.Unsafe.park(Native Method)
        at java.util.concurrent.locks.LockSupport.parkNanos(LockSupport.java:215)
        at java.util.concurrent.locks.AbstractQueuedSynchronizer$ConditionObject.awaitNanos(AbstractQueuedSynchronizer.java:2078)
        at java.util.concurrent.LinkedBlockingQueue.poll(LinkedBlockingQueue.java:467)
        at org.apache.hadoop.ipc.CallQueueManager.take(CallQueueManager.java:317)
        at org.apache.hadoop.ipc.Server$Handler.run(Server.java:2942)
"qtp1171084822-213-acceptor-0@5469bed8-ServerConnector@40e0d56c{HTTP/1.1, (http/1.1)}{0.0.0.0:35517}" daemon prio=3 tid=213 runnable
java.lang.Thread.State: RUNNABLE
        at sun.nio.ch.ServerSocketChannelImpl.accept0(Native Method)
        at sun.nio.ch.ServerSocketChannelImpl.accept(ServerSocketChannelImpl.java:421)
        at sun.nio.ch.ServerSocketChannelImpl.accept(ServerSocketChannelImpl.java:249)
        at org.eclipse.jetty.server.ServerConnector.accept(ServerConnector.java:388)
        at org.eclipse.jetty.server.AbstractConnector$Acceptor.run(AbstractConnector.java:704)
        at org.eclipse.jetty.util.thread.QueuedThreadPool.runJob(QueuedThreadPool.java:883)
        at org.eclipse.jetty.util.thread.QueuedThreadPool$Runner.run(QueuedThreadPool.java:1034)
        at java.lang.Thread.run(Thread.java:750)
"EndpointStateMachine task thread for /0.0.0.0:41185 - 0 "  prio=5 tid=441 in Object.wait()
java.lang.Thread.State: WAITING (on object monitor)
        at sun.misc.Unsafe.park(Native Method)
        at java.util.concurrent.locks.LockSupport.park(LockSupport.java:175)
        at java.util.concurrent.locks.AbstractQueuedSynchronizer$ConditionObject.await(AbstractQueuedSynchronizer.java:2039)
        at java.util.concurrent.LinkedBlockingQueue.take(LinkedBlockingQueue.java:442)
        at java.util.concurrent.ThreadPoolExecutor.getTask(ThreadPoolExecutor.java:1074)
        at java.util.concurrent.ThreadPoolExecutor.runWorker(ThreadPoolExecutor.java:1134)
        at java.util.concurrent.ThreadPoolExecutor$Worker.run(ThreadPoolExecutor.java:624)
        at java.lang.Thread.run(Thread.java:750)
"94086278-3489-4279-864e-1549830c8dca-server-thread3" daemon prio=5 tid=728 timed_waiting
java.lang.Thread.State: TIMED_WAITING
        at sun.misc.Unsafe.park(Native Method)
        at java.util.concurrent.locks.LockSupport.parkNanos(LockSupport.java:215)
        at java.util.concurrent.SynchronousQueue$TransferStack.awaitFulfill(SynchronousQueue.java:460)
        at java.util.concurrent.SynchronousQueue$TransferStack.transfer(SynchronousQueue.java:362)
        at java.util.concurrent.SynchronousQueue.poll(SynchronousQueue.java:941)
        at java.util.concurrent.ThreadPoolExecutor.getTask(ThreadPoolExecutor.java:1073)
        at java.util.concurrent.ThreadPoolExecutor.runWorker(ThreadPoolExecutor.java:1134)
        at java.util.concurrent.ThreadPoolExecutor$Worker.run(ThreadPoolExecutor.java:624)
        at java.lang.Thread.run(Thread.java:750)
"FixedThreadPoolWithAffinityExecutor-3-0" daemon prio=5 tid=38 timed_waiting
java.lang.Thread.State: TIMED_WAITING
        at sun.misc.Unsafe.park(Native Method)
        at java.util.concurrent.locks.LockSupport.parkNanos(LockSupport.java:215)
        at java.util.concurrent.locks.AbstractQueuedSynchronizer$ConditionObject.awaitNanos(AbstractQueuedSynchronizer.java:2078)
        at java.util.concurrent.LinkedBlockingQueue.poll(LinkedBlockingQueue.java:467)
        at org.apache.hadoop.hdds.scm.server.ContainerReportQueue.poll(ContainerReportQueue.java:266)
        at org.apache.hadoop.hdds.scm.server.ContainerReportQueue.poll(ContainerReportQueue.java:42)
        at org.apache.hadoop.hdds.server.events.FixedThreadPoolWithAffinityExecutor$ContainerReportProcessTask.run(FixedThreadPoolWithAffinityExecutor.java:218)
        at java.util.concurrent.Executors$RunnableAdapter.call(Executors.java:511)
        at java.util.concurrent.FutureTask.run(FutureTask.java:266)
        at java.util.concurrent.ThreadPoolExecutor.runWorker(ThreadPoolExecutor.java:1149)
        at java.util.concurrent.ThreadPoolExecutor$Worker.run(ThreadPoolExecutor.java:624)
        at java.lang.Thread.run(Thread.java:750)
"qtp1362046077-241" daemon prio=5 tid=241 timed_waiting
java.lang.Thread.State: TIMED_WAITING
        at sun.misc.Unsafe.park(Native Method)
        at java.util.concurrent.locks.LockSupport.parkNanos(LockSupport.java:215)
        at java.util.concurrent.locks.AbstractQueuedSynchronizer$ConditionObject.awaitNanos(AbstractQueuedSynchronizer.java:2078)
        at org.eclipse.jetty.util.BlockingArrayQueue.poll(BlockingArrayQueue.java:382)
        at org.eclipse.jetty.util.thread.QueuedThreadPool$Runner.idleJobPoll(QueuedThreadPool.java:974)
        at org.eclipse.jetty.util.thread.QueuedThreadPool$Runner.run(QueuedThreadPool.java:1018)
        at java.lang.Thread.run(Thread.java:750)
"qtp1374355136-111-acceptor-0@85a7a15-ServerConnector@34cb1310{HTTP/1.1, (http/1.1)}{0.0.0.0:38847}" daemon prio=3 tid=111 runnable
java.lang.Thread.State: RUNNABLE
        at sun.nio.ch.ServerSocketChannelImpl.accept0(Native Method)
        at sun.nio.ch.ServerSocketChannelImpl.accept(ServerSocketChannelImpl.java:421)
        at sun.nio.ch.ServerSocketChannelImpl.accept(ServerSocketChannelImpl.java:249)
        at org.eclipse.jetty.server.ServerConnector.accept(ServerConnector.java:388)
        at org.eclipse.jetty.server.AbstractConnector$Acceptor.run(AbstractConnector.java:704)
        at org.eclipse.jetty.util.thread.QueuedThreadPool.runJob(QueuedThreadPool.java:883)
        at org.eclipse.jetty.util.thread.QueuedThreadPool$Runner.run(QueuedThreadPool.java:1034)
        at java.lang.Thread.run(Thread.java:750)
"1810f6e6-5580-46b0-b88d-9b5f15cbee6a@group-BC4E8DEC760A-StateMachineUpdater" daemon prio=5 tid=676 timed_waiting
java.lang.Thread.State: TIMED_WAITING
        at sun.misc.Unsafe.park(Native Method)
        at java.util.concurrent.locks.LockSupport.parkNanos(LockSupport.java:215)
        at java.util.concurrent.CompletableFuture$Signaller.block(CompletableFuture.java:1709)
        at java.util.concurrent.ForkJoinPool.managedBlock(ForkJoinPool.java:3323)
        at java.util.concurrent.CompletableFuture.timedGet(CompletableFuture.java:1788)
        at java.util.concurrent.CompletableFuture.get(CompletableFuture.java:1928)
        at org.apache.ratis.util.AwaitForSignal.await(AwaitForSignal.java:56)
        at org.apache.ratis.server.impl.StateMachineUpdater.waitForCommit(StateMachineUpdater.java:207)
        at org.apache.ratis.server.impl.StateMachineUpdater.run(StateMachineUpdater.java:176)
        at java.lang.Thread.run(Thread.java:750)
"qtp1362046077-242" daemon prio=5 tid=242 timed_waiting
java.lang.Thread.State: TIMED_WAITING
        at sun.misc.Unsafe.park(Native Method)
        at java.util.concurrent.locks.LockSupport.parkNanos(LockSupport.java:215)
        at java.util.concurrent.locks.AbstractQueuedSynchronizer$ConditionObject.awaitNanos(AbstractQueuedSynchronizer.java:2078)
        at org.eclipse.jetty.util.BlockingArrayQueue.poll(BlockingArrayQueue.java:382)
        at org.eclipse.jetty.util.thread.QueuedThreadPool$Runner.idleJobPoll(QueuedThreadPool.java:974)
        at org.eclipse.jetty.util.thread.QueuedThreadPool$Runner.run(QueuedThreadPool.java:1018)
        at java.lang.Thread.run(Thread.java:750)
"EndpointStateMachine task thread for /0.0.0.0:41185 - 0 "  prio=5 tid=506 in Object.wait()
java.lang.Thread.State: WAITING (on object monitor)
        at sun.misc.Unsafe.park(Native Method)
        at java.util.concurrent.locks.LockSupport.park(LockSupport.java:175)
        at java.util.concurrent.locks.AbstractQueuedSynchronizer$ConditionObject.await(AbstractQueuedSynchronizer.java:2039)
        at java.util.concurrent.LinkedBlockingQueue.take(LinkedBlockingQueue.java:442)
        at java.util.concurrent.ThreadPoolExecutor.getTask(ThreadPoolExecutor.java:1074)
        at java.util.concurrent.ThreadPoolExecutor.runWorker(ThreadPoolExecutor.java:1134)
        at java.util.concurrent.ThreadPoolExecutor$Worker.run(ThreadPoolExecutor.java:624)
        at java.lang.Thread.run(Thread.java:750)
"IPC Client (814583272) connection to 0.0.0.0/0.0.0.0:41185 from runner" daemon prio=5 tid=310 timed_waiting
java.lang.Thread.State: TIMED_WAITING
        at java.lang.Object.wait(Native Method)
        at org.apache.hadoop.ipc.Client$Connection.waitForWork(Client.java:1086)
        at org.apache.hadoop.ipc.Client$Connection.run(Client.java:1133)
"Datanode ReportManager Thread - 4" daemon prio=5 tid=501 timed_waiting
java.lang.Thread.State: TIMED_WAITING
        at sun.misc.Unsafe.park(Native Method)
        at java.util.concurrent.locks.LockSupport.parkNanos(LockSupport.java:215)
        at java.util.concurrent.locks.AbstractQueuedSynchronizer$ConditionObject.awaitNanos(AbstractQueuedSynchronizer.java:2078)
        at java.util.concurrent.ScheduledThreadPoolExecutor$DelayedWorkQueue.take(ScheduledThreadPoolExecutor.java:1093)
        at java.util.concurrent.ScheduledThreadPoolExecutor$DelayedWorkQueue.take(ScheduledThreadPoolExecutor.java:809)
        at java.util.concurrent.ThreadPoolExecutor.getTask(ThreadPoolExecutor.java:1074)
        at java.util.concurrent.ThreadPoolExecutor.runWorker(ThreadPoolExecutor.java:1134)
        at java.util.concurrent.ThreadPoolExecutor$Worker.run(ThreadPoolExecutor.java:624)
        at java.lang.Thread.run(Thread.java:750)
"IPC Server handler 11 on default port 41185" daemon prio=5 tid=98 timed_waiting
java.lang.Thread.State: TIMED_WAITING
        at sun.misc.Unsafe.park(Native Method)
        at java.util.concurrent.locks.LockSupport.parkNanos(LockSupport.java:215)
        at java.util.concurrent.locks.AbstractQueuedSynchronizer$ConditionObject.awaitNanos(AbstractQueuedSynchronizer.java:2078)
        at java.util.concurrent.LinkedBlockingQueue.poll(LinkedBlockingQueue.java:467)
        at org.apache.hadoop.ipc.CallQueueManager.take(CallQueueManager.java:317)
        at org.apache.hadoop.ipc.Server$Handler.run(Server.java:2942)
"pool-196-thread-1"  prio=5 tid=318 timed_waiting
java.lang.Thread.State: TIMED_WAITING
        at sun.misc.Unsafe.park(Native Method)
        at java.util.concurrent.locks.LockSupport.parkNanos(LockSupport.java:215)
        at java.util.concurrent.locks.AbstractQueuedSynchronizer$ConditionObject.awaitNanos(AbstractQueuedSynchronizer.java:2078)
        at java.util.concurrent.ScheduledThreadPoolExecutor$DelayedWorkQueue.take(ScheduledThreadPoolExecutor.java:1093)
        at java.util.concurrent.ScheduledThreadPoolExecutor$DelayedWorkQueue.take(ScheduledThreadPoolExecutor.java:809)
        at java.util.concurrent.ThreadPoolExecutor.getTask(ThreadPoolExecutor.java:1074)
        at java.util.concurrent.ThreadPoolExecutor.runWorker(ThreadPoolExecutor.java:1134)
        at java.util.concurrent.ThreadPoolExecutor$Worker.run(ThreadPoolExecutor.java:624)
        at java.lang.Thread.run(Thread.java:750)
"FixedThreadPoolWithAffinityExecutor-4-0" daemon prio=5 tid=39 timed_waiting
java.lang.Thread.State: TIMED_WAITING
        at sun.misc.Unsafe.park(Native Method)
        at java.util.concurrent.locks.LockSupport.parkNanos(LockSupport.java:215)
        at java.util.concurrent.locks.AbstractQueuedSynchronizer$ConditionObject.awaitNanos(AbstractQueuedSynchronizer.java:2078)
        at java.util.concurrent.LinkedBlockingQueue.poll(LinkedBlockingQueue.java:467)
        at org.apache.hadoop.hdds.scm.server.ContainerReportQueue.poll(ContainerReportQueue.java:266)
        at org.apache.hadoop.hdds.scm.server.ContainerReportQueue.poll(ContainerReportQueue.java:42)
        at org.apache.hadoop.hdds.server.events.FixedThreadPoolWithAffinityExecutor$ContainerReportProcessTask.run(FixedThreadPoolWithAffinityExecutor.java:218)
        at java.util.concurrent.Executors$RunnableAdapter.call(Executors.java:511)
        at java.util.concurrent.FutureTask.run(FutureTask.java:266)
        at java.util.concurrent.ThreadPoolExecutor.runWorker(ThreadPoolExecutor.java:1149)
        at java.util.concurrent.ThreadPoolExecutor$Worker.run(ThreadPoolExecutor.java:624)
        at java.lang.Thread.run(Thread.java:750)
"Command processor thread" daemon prio=5 tid=382 timed_waiting
java.lang.Thread.State: TIMED_WAITING
        at java.lang.Thread.sleep(Native Method)
        at org.apache.hadoop.ozone.container.common.statemachine.DatanodeStateMachine.lambda$initCommandHandlerThread$3(DatanodeStateMachine.java:641)
        at org.apache.hadoop.ozone.container.common.statemachine.DatanodeStateMachine$$Lambda$785/613122004.run(Unknown Source)
        at java.lang.Thread.run(Thread.java:750)
"2277c71a-7226-47f8-a4ca-90f752095403@group-0F702FC51EF1-SegmentedRaftLogWorker"  prio=5 tid=616 timed_waiting
java.lang.Thread.State: TIMED_WAITING
        at sun.misc.Unsafe.park(Native Method)
        at java.util.concurrent.locks.LockSupport.parkNanos(LockSupport.java:215)
        at java.util.concurrent.locks.AbstractQueuedSynchronizer$ConditionObject.awaitNanos(AbstractQueuedSynchronizer.java:2078)
        at org.apache.ratis.util.DataBlockingQueue.poll(DataBlockingQueue.java:148)
        at org.apache.ratis.server.raftlog.segmented.SegmentedRaftLogWorker.run(SegmentedRaftLogWorker.java:310)
        at org.apache.ratis.server.raftlog.segmented.SegmentedRaftLogWorker$$Lambda$665/990731450.run(Unknown Source)
        at java.lang.Thread.run(Thread.java:750)
"qtp329849858-295" daemon prio=5 tid=295 timed_waiting
java.lang.Thread.State: TIMED_WAITING
        at sun.misc.Unsafe.park(Native Method)
        at java.util.concurrent.locks.LockSupport.parkNanos(LockSupport.java:215)
        at java.util.concurrent.locks.AbstractQueuedSynchronizer$ConditionObject.awaitNanos(AbstractQueuedSynchronizer.java:2078)
        at org.eclipse.jetty.util.BlockingArrayQueue.poll(BlockingArrayQueue.java:382)
        at org.eclipse.jetty.util.thread.QueuedThreadPool$Runner.idleJobPoll(QueuedThreadPool.java:974)
        at org.eclipse.jetty.util.thread.QueuedThreadPool$Runner.run(QueuedThreadPool.java:1018)
        at java.lang.Thread.run(Thread.java:750)
"94086278-3489-4279-864e-1549830c8dca-server-thread2" daemon prio=5 tid=721 timed_waiting
java.lang.Thread.State: TIMED_WAITING
        at sun.misc.Unsafe.park(Native Method)
        at java.util.concurrent.locks.LockSupport.parkNanos(LockSupport.java:215)
        at java.util.concurrent.SynchronousQueue$TransferStack.awaitFulfill(SynchronousQueue.java:460)
        at java.util.concurrent.SynchronousQueue$TransferStack.transfer(SynchronousQueue.java:362)
        at java.util.concurrent.SynchronousQueue.poll(SynchronousQueue.java:941)
        at java.util.concurrent.ThreadPoolExecutor.getTask(ThreadPoolExecutor.java:1073)
        at java.util.concurrent.ThreadPoolExecutor.runWorker(ThreadPoolExecutor.java:1134)
        at java.util.concurrent.ThreadPoolExecutor$Worker.run(ThreadPoolExecutor.java:624)
        at java.lang.Thread.run(Thread.java:750)
"ChunkWriter-3-0" daemon prio=5 tid=535 in Object.wait()
java.lang.Thread.State: WAITING (on object monitor)
        at sun.misc.Unsafe.park(Native Method)
        at java.util.concurrent.locks.LockSupport.park(LockSupport.java:175)
        at java.util.concurrent.locks.AbstractQueuedSynchronizer$ConditionObject.await(AbstractQueuedSynchronizer.java:2039)
        at java.util.concurrent.LinkedBlockingDeque.takeFirst(LinkedBlockingDeque.java:492)
        at java.util.concurrent.LinkedBlockingDeque.take(LinkedBlockingDeque.java:680)
        at java.util.concurrent.ThreadPoolExecutor.getTask(ThreadPoolExecutor.java:1074)
        at java.util.concurrent.ThreadPoolExecutor.runWorker(ThreadPoolExecutor.java:1134)
        at java.util.concurrent.ThreadPoolExecutor$Worker.run(ThreadPoolExecutor.java:624)
        at java.lang.Thread.run(Thread.java:750)
"pool-234-thread-1" daemon prio=5 tid=388 timed_waiting
java.lang.Thread.State: TIMED_WAITING
        at sun.misc.Unsafe.park(Native Method)
        at java.util.concurrent.locks.LockSupport.parkNanos(LockSupport.java:215)
        at java.util.concurrent.locks.AbstractQueuedSynchronizer$ConditionObject.awaitNanos(AbstractQueuedSynchronizer.java:2078)
        at java.util.concurrent.ScheduledThreadPoolExecutor$DelayedWorkQueue.take(ScheduledThreadPoolExecutor.java:1093)
        at java.util.concurrent.ScheduledThreadPoolExecutor$DelayedWorkQueue.take(ScheduledThreadPoolExecutor.java:809)
        at java.util.concurrent.ThreadPoolExecutor.getTask(ThreadPoolExecutor.java:1074)
        at java.util.concurrent.ThreadPoolExecutor.runWorker(ThreadPoolExecutor.java:1134)
        at java.util.concurrent.ThreadPoolExecutor$Worker.run(ThreadPoolExecutor.java:624)
        at java.lang.Thread.run(Thread.java:750)
"pool-111-thread-1" daemon prio=5 tid=233 timed_waiting
java.lang.Thread.State: TIMED_WAITING
        at sun.misc.Unsafe.park(Native Method)
        at java.util.concurrent.locks.LockSupport.parkNanos(LockSupport.java:215)
        at java.util.concurrent.locks.AbstractQueuedSynchronizer$ConditionObject.awaitNanos(AbstractQueuedSynchronizer.java:2078)
        at java.util.concurrent.ScheduledThreadPoolExecutor$DelayedWorkQueue.take(ScheduledThreadPoolExecutor.java:1093)
        at java.util.concurrent.ScheduledThreadPoolExecutor$DelayedWorkQueue.take(ScheduledThreadPoolExecutor.java:809)
        at java.util.concurrent.ThreadPoolExecutor.getTask(ThreadPoolExecutor.java:1074)
        at java.util.concurrent.ThreadPoolExecutor.runWorker(ThreadPoolExecutor.java:1134)
        at java.util.concurrent.ThreadPoolExecutor$Worker.run(ThreadPoolExecutor.java:624)
        at java.lang.Thread.run(Thread.java:750)
"IPC Server handler 0 on default port 43027" daemon prio=5 tid=47 timed_waiting
java.lang.Thread.State: TIMED_WAITING
        at sun.misc.Unsafe.park(Native Method)
        at java.util.concurrent.locks.LockSupport.parkNanos(LockSupport.java:215)
        at java.util.concurrent.locks.AbstractQueuedSynchronizer$ConditionObject.awaitNanos(AbstractQueuedSynchronizer.java:2078)
        at java.util.concurrent.LinkedBlockingQueue.poll(LinkedBlockingQueue.java:467)
        at org.apache.hadoop.ipc.CallQueueManager.take(CallQueueManager.java:317)
        at org.apache.hadoop.ipc.Server$Handler.run(Server.java:2942)
"IPC Server handler 12 on default port 42553" daemon prio=5 tid=79 timed_waiting
java.lang.Thread.State: TIMED_WAITING
        at sun.misc.Unsafe.park(Native Method)
        at java.util.concurrent.locks.LockSupport.parkNanos(LockSupport.java:215)
        at java.util.concurrent.locks.AbstractQueuedSynchronizer$ConditionObject.awaitNanos(AbstractQueuedSynchronizer.java:2078)
        at java.util.concurrent.LinkedBlockingQueue.poll(LinkedBlockingQueue.java:467)
        at org.apache.hadoop.ipc.CallQueueManager.take(CallQueueManager.java:317)
        at org.apache.hadoop.ipc.Server$Handler.run(Server.java:2942)
"org.apache.hadoop.util.JvmPauseMonitor$Monitor@33e17602" daemon prio=5 tid=383 timed_waiting
java.lang.Thread.State: TIMED_WAITING
        at java.lang.Thread.sleep(Native Method)
        at org.apache.hadoop.util.JvmPauseMonitor$Monitor.run(JvmPauseMonitor.java:192)
        at java.lang.Thread.run(Thread.java:750)
"8b45bab1-f519-4e04-ad6f-9efd561d6d57@group-199B584234DF-StateMachineUpdater" daemon prio=5 tid=638 timed_waiting
java.lang.Thread.State: TIMED_WAITING
        at sun.misc.Unsafe.park(Native Method)
        at java.util.concurrent.locks.LockSupport.parkNanos(LockSupport.java:215)
        at java.util.concurrent.CompletableFuture$Signaller.block(CompletableFuture.java:1709)
        at java.util.concurrent.ForkJoinPool.managedBlock(ForkJoinPool.java:3323)
        at java.util.concurrent.CompletableFuture.timedGet(CompletableFuture.java:1788)
        at java.util.concurrent.CompletableFuture.get(CompletableFuture.java:1928)
        at org.apache.ratis.util.AwaitForSignal.await(AwaitForSignal.java:56)
        at org.apache.ratis.server.impl.StateMachineUpdater.waitForCommit(StateMachineUpdater.java:207)
        at org.apache.ratis.server.impl.StateMachineUpdater.run(StateMachineUpdater.java:176)
        at java.lang.Thread.run(Thread.java:750)
"ChunkWriter-1-0" daemon prio=5 tid=443 in Object.wait()
java.lang.Thread.State: WAITING (on object monitor)
        at sun.misc.Unsafe.park(Native Method)
        at java.util.concurrent.locks.LockSupport.park(LockSupport.java:175)
        at java.util.concurrent.locks.AbstractQueuedSynchronizer$ConditionObject.await(AbstractQueuedSynchronizer.java:2039)
        at java.util.concurrent.LinkedBlockingDeque.takeFirst(LinkedBlockingDeque.java:492)
        at java.util.concurrent.LinkedBlockingDeque.take(LinkedBlockingDeque.java:680)
        at java.util.concurrent.ThreadPoolExecutor.getTask(ThreadPoolExecutor.java:1074)
        at java.util.concurrent.ThreadPoolExecutor.runWorker(ThreadPoolExecutor.java:1134)
        at java.util.concurrent.ThreadPoolExecutor$Worker.run(ThreadPoolExecutor.java:624)
        at java.lang.Thread.run(Thread.java:750)
"Datanode ReportManager Thread - 1" daemon prio=5 tid=416 timed_waiting
java.lang.Thread.State: TIMED_WAITING
        at sun.misc.Unsafe.park(Native Method)
        at java.util.concurrent.locks.LockSupport.parkNanos(LockSupport.java:215)
        at java.util.concurrent.locks.AbstractQueuedSynchronizer$ConditionObject.awaitNanos(AbstractQueuedSynchronizer.java:2078)
        at java.util.concurrent.ScheduledThreadPoolExecutor$DelayedWorkQueue.take(ScheduledThreadPoolExecutor.java:1093)
        at java.util.concurrent.ScheduledThreadPoolExecutor$DelayedWorkQueue.take(ScheduledThreadPoolExecutor.java:809)
        at java.util.concurrent.ThreadPoolExecutor.getTask(ThreadPoolExecutor.java:1074)
        at java.util.concurrent.ThreadPoolExecutor.runWorker(ThreadPoolExecutor.java:1134)
        at java.util.concurrent.ThreadPoolExecutor$Worker.run(ThreadPoolExecutor.java:624)
        at java.lang.Thread.run(Thread.java:750)
"IPC Server handler 1 on default port 41185" daemon prio=5 tid=88 timed_waiting
java.lang.Thread.State: TIMED_WAITING
        at sun.misc.Unsafe.park(Native Method)
        at java.util.concurrent.locks.LockSupport.parkNanos(LockSupport.java:215)
        at java.util.concurrent.locks.AbstractQueuedSynchronizer$ConditionObject.awaitNanos(AbstractQueuedSynchronizer.java:2078)
        at java.util.concurrent.LinkedBlockingQueue.poll(LinkedBlockingQueue.java:467)
        at org.apache.hadoop.ipc.CallQueueManager.take(CallQueueManager.java:317)
        at org.apache.hadoop.ipc.Server$Handler.run(Server.java:2942)
"JvmPauseMonitor7" daemon prio=5 tid=524 timed_waiting
java.lang.Thread.State: TIMED_WAITING
        at java.lang.Thread.sleep(Native Method)
        at java.lang.Thread.sleep(Thread.java:342)
        at java.util.concurrent.TimeUnit.sleep(TimeUnit.java:386)
        at org.apache.ratis.util.TimeDuration.sleep(TimeDuration.java:325)
        at org.apache.ratis.util.TimeDuration.sleep(TimeDuration.java:310)
        at org.apache.ratis.util.JvmPauseMonitor.detectPause(JvmPauseMonitor.java:119)
        at org.apache.ratis.util.JvmPauseMonitor.run(JvmPauseMonitor.java:108)
        at org.apache.ratis.util.JvmPauseMonitor$$Lambda$706/1921836051.run(Unknown Source)
        at java.lang.Thread.run(Thread.java:750)
"BlockDeletingService#1" daemon prio=5 tid=375 timed_waiting
java.lang.Thread.State: TIMED_WAITING
        at sun.misc.Unsafe.park(Native Method)
        at java.util.concurrent.locks.LockSupport.parkNanos(LockSupport.java:215)
        at java.util.concurrent.locks.AbstractQueuedSynchronizer$ConditionObject.awaitNanos(AbstractQueuedSynchronizer.java:2078)
        at java.util.concurrent.ScheduledThreadPoolExecutor$DelayedWorkQueue.take(ScheduledThreadPoolExecutor.java:1093)
        at java.util.concurrent.ScheduledThreadPoolExecutor$DelayedWorkQueue.take(ScheduledThreadPoolExecutor.java:809)
        at java.util.concurrent.ThreadPoolExecutor.getTask(ThreadPoolExecutor.java:1074)
        at java.util.concurrent.ThreadPoolExecutor.runWorker(ThreadPoolExecutor.java:1134)
        at java.util.concurrent.ThreadPoolExecutor$Worker.run(ThreadPoolExecutor.java:624)
        at java.lang.Thread.run(Thread.java:750)
"Datanode ReportManager Thread - 0" daemon prio=5 tid=415 in Object.wait()
java.lang.Thread.State: WAITING (on object monitor)
        at sun.misc.Unsafe.park(Native Method)
        at java.util.concurrent.locks.LockSupport.park(LockSupport.java:175)
        at java.util.concurrent.locks.AbstractQueuedSynchronizer$ConditionObject.await(AbstractQueuedSynchronizer.java:2039)
        at java.util.concurrent.ScheduledThreadPoolExecutor$DelayedWorkQueue.take(ScheduledThreadPoolExecutor.java:1088)
        at java.util.concurrent.ScheduledThreadPoolExecutor$DelayedWorkQueue.take(ScheduledThreadPoolExecutor.java:809)
        at java.util.concurrent.ThreadPoolExecutor.getTask(ThreadPoolExecutor.java:1074)
        at java.util.concurrent.ThreadPoolExecutor.runWorker(ThreadPoolExecutor.java:1134)
        at java.util.concurrent.ThreadPoolExecutor$Worker.run(ThreadPoolExecutor.java:624)
        at java.lang.Thread.run(Thread.java:750)
"IPC Server handler 13 on default port 43027" daemon prio=5 tid=60 timed_waiting
java.lang.Thread.State: TIMED_WAITING
        at sun.misc.Unsafe.park(Native Method)
        at java.util.concurrent.locks.LockSupport.parkNanos(LockSupport.java:215)
        at java.util.concurrent.locks.AbstractQueuedSynchronizer$ConditionObject.awaitNanos(AbstractQueuedSynchronizer.java:2078)
        at java.util.concurrent.LinkedBlockingQueue.poll(LinkedBlockingQueue.java:467)
        at org.apache.hadoop.ipc.CallQueueManager.take(CallQueueManager.java:317)
        at org.apache.hadoop.ipc.Server$Handler.run(Server.java:2942)
"org.apache.hadoop.util.JvmPauseMonitor$Monitor@8be8979" daemon prio=5 tid=345 timed_waiting
java.lang.Thread.State: TIMED_WAITING
        at java.lang.Thread.sleep(Native Method)
        at org.apache.hadoop.util.JvmPauseMonitor$Monitor.run(JvmPauseMonitor.java:192)
        at java.lang.Thread.run(Thread.java:750)
"StaleRecoveringContainerScrubbingService#2" daemon prio=5 tid=855 in Object.wait()
java.lang.Thread.State: WAITING (on object monitor)
        at sun.misc.Unsafe.park(Native Method)
        at java.util.concurrent.locks.LockSupport.park(LockSupport.java:175)
        at java.util.concurrent.locks.AbstractQueuedSynchronizer$ConditionObject.await(AbstractQueuedSynchronizer.java:2039)
        at java.util.concurrent.ScheduledThreadPoolExecutor$DelayedWorkQueue.take(ScheduledThreadPoolExecutor.java:1088)
        at java.util.concurrent.ScheduledThreadPoolExecutor$DelayedWorkQueue.take(ScheduledThreadPoolExecutor.java:809)
        at java.util.concurrent.ThreadPoolExecutor.getTask(ThreadPoolExecutor.java:1074)
        at java.util.concurrent.ThreadPoolExecutor.runWorker(ThreadPoolExecutor.java:1134)
        at java.util.concurrent.ThreadPoolExecutor$Worker.run(ThreadPoolExecutor.java:624)
        at java.lang.Thread.run(Thread.java:750)
"qtp230464909-187" daemon prio=5 tid=187 timed_waiting
java.lang.Thread.State: TIMED_WAITING
        at sun.misc.Unsafe.park(Native Method)
        at java.util.concurrent.locks.LockSupport.parkNanos(LockSupport.java:215)
        at java.util.concurrent.locks.AbstractQueuedSynchronizer$ConditionObject.awaitNanos(AbstractQueuedSynchronizer.java:2078)
        at org.eclipse.jetty.util.BlockingArrayQueue.poll(BlockingArrayQueue.java:382)
        at org.eclipse.jetty.util.thread.QueuedThreadPool$Runner.idleJobPoll(QueuedThreadPool.java:974)
        at org.eclipse.jetty.util.thread.QueuedThreadPool$Runner.run(QueuedThreadPool.java:1018)
        at java.lang.Thread.run(Thread.java:750)
"IPC Server handler 11 on default port 42403" daemon prio=5 tid=165 timed_waiting
java.lang.Thread.State: TIMED_WAITING
        at sun.misc.Unsafe.park(Native Method)
        at java.util.concurrent.locks.LockSupport.parkNanos(LockSupport.java:215)
        at java.util.concurrent.locks.AbstractQueuedSynchronizer$ConditionObject.awaitNanos(AbstractQueuedSynchronizer.java:2078)
        at java.util.concurrent.LinkedBlockingQueue.poll(LinkedBlockingQueue.java:467)
        at org.apache.hadoop.ipc.CallQueueManager.take(CallQueueManager.java:317)
        at org.apache.hadoop.ipc.Server$Handler.run(Server.java:2942)
"IPC Server handler 8 on default port 41185" daemon prio=5 tid=95 timed_waiting
java.lang.Thread.State: TIMED_WAITING
        at sun.misc.Unsafe.park(Native Method)
        at java.util.concurrent.locks.LockSupport.parkNanos(LockSupport.java:215)
        at java.util.concurrent.locks.AbstractQueuedSynchronizer$ConditionObject.awaitNanos(AbstractQueuedSynchronizer.java:2078)
        at java.util.concurrent.LinkedBlockingQueue.poll(LinkedBlockingQueue.java:467)
        at org.apache.hadoop.ipc.CallQueueManager.take(CallQueueManager.java:317)
        at org.apache.hadoop.ipc.Server$Handler.run(Server.java:2942)
"qtp36960764-400" daemon prio=5 tid=400 timed_waiting
java.lang.Thread.State: TIMED_WAITING
        at sun.misc.Unsafe.park(Native Method)
        at java.util.concurrent.locks.LockSupport.parkNanos(LockSupport.java:215)
        at java.util.concurrent.locks.AbstractQueuedSynchronizer$ConditionObject.awaitNanos(AbstractQueuedSynchronizer.java:2078)
        at org.eclipse.jetty.util.BlockingArrayQueue.poll(BlockingArrayQueue.java:382)
        at org.eclipse.jetty.util.thread.QueuedThreadPool$Runner.idleJobPoll(QueuedThreadPool.java:974)
        at org.eclipse.jetty.util.thread.QueuedThreadPool$Runner.run(QueuedThreadPool.java:1018)
        at java.lang.Thread.run(Thread.java:750)
"94086278-3489-4279-864e-1549830c8dca@group-1C8420390690-StateMachineUpdater" daemon prio=5 tid=574 timed_waiting
java.lang.Thread.State: TIMED_WAITING
        at sun.misc.Unsafe.park(Native Method)
        at java.util.concurrent.locks.LockSupport.parkNanos(LockSupport.java:215)
        at java.util.concurrent.CompletableFuture$Signaller.block(CompletableFuture.java:1709)
        at java.util.concurrent.ForkJoinPool.managedBlock(ForkJoinPool.java:3323)
        at java.util.concurrent.CompletableFuture.timedGet(CompletableFuture.java:1788)
        at java.util.concurrent.CompletableFuture.get(CompletableFuture.java:1928)
        at org.apache.ratis.util.AwaitForSignal.await(AwaitForSignal.java:56)
        at org.apache.ratis.server.impl.StateMachineUpdater.waitForCommit(StateMachineUpdater.java:207)
        at org.apache.ratis.server.impl.StateMachineUpdater.run(StateMachineUpdater.java:176)
        at java.lang.Thread.run(Thread.java:750)
"EndpointStateMachine task thread for /0.0.0.0:41185 - 0 "  prio=5 tid=519 in Object.wait()
java.lang.Thread.State: WAITING (on object monitor)
        at sun.misc.Unsafe.park(Native Method)
        at java.util.concurrent.locks.LockSupport.park(LockSupport.java:175)
        at java.util.concurrent.locks.AbstractQueuedSynchronizer$ConditionObject.await(AbstractQueuedSynchronizer.java:2039)
        at java.util.concurrent.LinkedBlockingQueue.take(LinkedBlockingQueue.java:442)
        at java.util.concurrent.ThreadPoolExecutor.getTask(ThreadPoolExecutor.java:1074)
        at java.util.concurrent.ThreadPoolExecutor.runWorker(ThreadPoolExecutor.java:1134)
        at java.util.concurrent.ThreadPoolExecutor$Worker.run(ThreadPoolExecutor.java:624)
        at java.lang.Thread.run(Thread.java:750)
"ChunkWriter-1-0" daemon prio=5 tid=508 in Object.wait()
java.lang.Thread.State: WAITING (on object monitor)
        at sun.misc.Unsafe.park(Native Method)
        at java.util.concurrent.locks.LockSupport.park(LockSupport.java:175)
        at java.util.concurrent.locks.AbstractQueuedSynchronizer$ConditionObject.await(AbstractQueuedSynchronizer.java:2039)
        at java.util.concurrent.LinkedBlockingDeque.takeFirst(LinkedBlockingDeque.java:492)
        at java.util.concurrent.LinkedBlockingDeque.take(LinkedBlockingDeque.java:680)
        at java.util.concurrent.ThreadPoolExecutor.getTask(ThreadPoolExecutor.java:1074)
        at java.util.concurrent.ThreadPoolExecutor.runWorker(ThreadPoolExecutor.java:1134)
        at java.util.concurrent.ThreadPoolExecutor$Worker.run(ThreadPoolExecutor.java:624)
        at java.lang.Thread.run(Thread.java:750)
"EventQueue-OpenPipelineForHealthyPipelineSafeModeRule" daemon prio=5 tid=568 in Object.wait()
java.lang.Thread.State: WAITING (on object monitor)
        at sun.misc.Unsafe.park(Native Method)
        at java.util.concurrent.locks.LockSupport.park(LockSupport.java:175)
        at java.util.concurrent.locks.AbstractQueuedSynchronizer$ConditionObject.await(AbstractQueuedSynchronizer.java:2039)
        at java.util.concurrent.LinkedBlockingQueue.take(LinkedBlockingQueue.java:442)
        at java.util.concurrent.ThreadPoolExecutor.getTask(ThreadPoolExecutor.java:1074)
        at java.util.concurrent.ThreadPoolExecutor.runWorker(ThreadPoolExecutor.java:1134)
        at java.util.concurrent.ThreadPoolExecutor$Worker.run(ThreadPoolExecutor.java:624)
        at java.lang.Thread.run(Thread.java:750)
"DirectoryDeletingService#0" daemon prio=5 tid=142 timed_waiting
java.lang.Thread.State: TIMED_WAITING
        at sun.misc.Unsafe.park(Native Method)
        at java.util.concurrent.locks.LockSupport.parkNanos(LockSupport.java:215)
        at java.util.concurrent.locks.AbstractQueuedSynchronizer$ConditionObject.awaitNanos(AbstractQueuedSynchronizer.java:2078)
        at java.util.concurrent.ScheduledThreadPoolExecutor$DelayedWorkQueue.take(ScheduledThreadPoolExecutor.java:1093)
        at java.util.concurrent.ScheduledThreadPoolExecutor$DelayedWorkQueue.take(ScheduledThreadPoolExecutor.java:809)
        at java.util.concurrent.ThreadPoolExecutor.getTask(ThreadPoolExecutor.java:1074)
        at java.util.concurrent.ThreadPoolExecutor.runWorker(ThreadPoolExecutor.java:1134)
        at java.util.concurrent.ThreadPoolExecutor$Worker.run(ThreadPoolExecutor.java:624)
        at java.lang.Thread.run(Thread.java:750)
"8b45bab1-f519-4e04-ad6f-9efd561d6d57@group-FCFD6ADF178B-StateMachineUpdater" daemon prio=5 tid=642 timed_waiting
java.lang.Thread.State: TIMED_WAITING
        at sun.misc.Unsafe.park(Native Method)
        at java.util.concurrent.locks.LockSupport.parkNanos(LockSupport.java:215)
        at java.util.concurrent.CompletableFuture$Signaller.block(CompletableFuture.java:1709)
        at java.util.concurrent.ForkJoinPool.managedBlock(ForkJoinPool.java:3323)
        at java.util.concurrent.CompletableFuture.timedGet(CompletableFuture.java:1788)
        at java.util.concurrent.CompletableFuture.get(CompletableFuture.java:1928)
        at org.apache.ratis.util.AwaitForSignal.await(AwaitForSignal.java:56)
        at org.apache.ratis.server.impl.StateMachineUpdater.waitForCommit(StateMachineUpdater.java:207)
        at org.apache.ratis.server.impl.StateMachineUpdater.run(StateMachineUpdater.java:176)
        at java.lang.Thread.run(Thread.java:750)
"Datanode ReportManager Thread - 0" daemon prio=5 tid=300 timed_waiting
java.lang.Thread.State: TIMED_WAITING
        at sun.misc.Unsafe.park(Native Method)
        at java.util.concurrent.locks.LockSupport.parkNanos(LockSupport.java:215)
        at java.util.concurrent.locks.AbstractQueuedSynchronizer$ConditionObject.awaitNanos(AbstractQueuedSynchronizer.java:2078)
        at java.util.concurrent.ScheduledThreadPoolExecutor$DelayedWorkQueue.take(ScheduledThreadPoolExecutor.java:1093)
        at java.util.concurrent.ScheduledThreadPoolExecutor$DelayedWorkQueue.take(ScheduledThreadPoolExecutor.java:809)
        at java.util.concurrent.ThreadPoolExecutor.getTask(ThreadPoolExecutor.java:1074)
        at java.util.concurrent.ThreadPoolExecutor.runWorker(ThreadPoolExecutor.java:1134)
        at java.util.concurrent.ThreadPoolExecutor$Worker.run(ThreadPoolExecutor.java:624)
        at java.lang.Thread.run(Thread.java:750)
"BlockDeletingService#0" daemon prio=5 tid=526 in Object.wait()
java.lang.Thread.State: WAITING (on object monitor)
        at sun.misc.Unsafe.park(Native Method)
        at java.util.concurrent.locks.LockSupport.park(LockSupport.java:175)
        at java.util.concurrent.locks.AbstractQueuedSynchronizer$ConditionObject.await(AbstractQueuedSynchronizer.java:2039)
        at java.util.concurrent.ScheduledThreadPoolExecutor$DelayedWorkQueue.take(ScheduledThreadPoolExecutor.java:1088)
        at java.util.concurrent.ScheduledThreadPoolExecutor$DelayedWorkQueue.take(ScheduledThreadPoolExecutor.java:809)
        at java.util.concurrent.ThreadPoolExecutor.getTask(ThreadPoolExecutor.java:1074)
        at java.util.concurrent.ThreadPoolExecutor.runWorker(ThreadPoolExecutor.java:1134)
        at java.util.concurrent.ThreadPoolExecutor$Worker.run(ThreadPoolExecutor.java:624)
        at java.lang.Thread.run(Thread.java:750)
"Datanode ReportManager Thread - 1" daemon prio=5 tid=498 in Object.wait()
java.lang.Thread.State: WAITING (on object monitor)
        at sun.misc.Unsafe.park(Native Method)
        at java.util.concurrent.locks.LockSupport.park(LockSupport.java:175)
        at java.util.concurrent.locks.AbstractQueuedSynchronizer$ConditionObject.await(AbstractQueuedSynchronizer.java:2039)
        at java.util.concurrent.ScheduledThreadPoolExecutor$DelayedWorkQueue.take(ScheduledThreadPoolExecutor.java:1088)
        at java.util.concurrent.ScheduledThreadPoolExecutor$DelayedWorkQueue.take(ScheduledThreadPoolExecutor.java:809)
        at java.util.concurrent.ThreadPoolExecutor.getTask(ThreadPoolExecutor.java:1074)
        at java.util.concurrent.ThreadPoolExecutor.runWorker(ThreadPoolExecutor.java:1134)
        at java.util.concurrent.ThreadPoolExecutor$Worker.run(ThreadPoolExecutor.java:624)
        at java.lang.Thread.run(Thread.java:750)
"ChunkWriter-1-0" daemon prio=5 tid=329 in Object.wait()
java.lang.Thread.State: WAITING (on object monitor)
        at sun.misc.Unsafe.park(Native Method)
        at java.util.concurrent.locks.LockSupport.park(LockSupport.java:175)
        at java.util.concurrent.locks.AbstractQueuedSynchronizer$ConditionObject.await(AbstractQueuedSynchronizer.java:2039)
        at java.util.concurrent.LinkedBlockingDeque.takeFirst(LinkedBlockingDeque.java:492)
        at java.util.concurrent.LinkedBlockingDeque.take(LinkedBlockingDeque.java:680)
        at java.util.concurrent.ThreadPoolExecutor.getTask(ThreadPoolExecutor.java:1074)
        at java.util.concurrent.ThreadPoolExecutor.runWorker(ThreadPoolExecutor.java:1134)
        at java.util.concurrent.ThreadPoolExecutor$Worker.run(ThreadPoolExecutor.java:624)
        at java.lang.Thread.run(Thread.java:750)
"Datanode ReportManager Thread - 4" daemon prio=5 tid=226 in Object.wait()
java.lang.Thread.State: WAITING (on object monitor)
        at sun.misc.Unsafe.park(Native Method)
        at java.util.concurrent.locks.LockSupport.park(LockSupport.java:175)
        at java.util.concurrent.locks.AbstractQueuedSynchronizer$ConditionObject.await(AbstractQueuedSynchronizer.java:2039)
        at java.util.concurrent.ScheduledThreadPoolExecutor$DelayedWorkQueue.take(ScheduledThreadPoolExecutor.java:1088)
        at java.util.concurrent.ScheduledThreadPoolExecutor$DelayedWorkQueue.take(ScheduledThreadPoolExecutor.java:809)
        at java.util.concurrent.ThreadPoolExecutor.getTask(ThreadPoolExecutor.java:1074)
        at java.util.concurrent.ThreadPoolExecutor.runWorker(ThreadPoolExecutor.java:1134)
        at java.util.concurrent.ThreadPoolExecutor$Worker.run(ThreadPoolExecutor.java:624)
        at java.lang.Thread.run(Thread.java:750)
"Datanode ReportManager Thread - 1" daemon prio=5 tid=378 in Object.wait()
java.lang.Thread.State: WAITING (on object monitor)
        at sun.misc.Unsafe.park(Native Method)
        at java.util.concurrent.locks.LockSupport.park(LockSupport.java:175)
        at java.util.concurrent.locks.AbstractQueuedSynchronizer$ConditionObject.await(AbstractQueuedSynchronizer.java:2039)
        at java.util.concurrent.ScheduledThreadPoolExecutor$DelayedWorkQueue.take(ScheduledThreadPoolExecutor.java:1088)
        at java.util.concurrent.ScheduledThreadPoolExecutor$DelayedWorkQueue.take(ScheduledThreadPoolExecutor.java:809)
        at java.util.concurrent.ThreadPoolExecutor.getTask(ThreadPoolExecutor.java:1074)
        at java.util.concurrent.ThreadPoolExecutor.runWorker(ThreadPoolExecutor.java:1134)
        at java.util.concurrent.ThreadPoolExecutor$Worker.run(ThreadPoolExecutor.java:624)
        at java.lang.Thread.run(Thread.java:750)
"1810f6e6-5580-46b0-b88d-9b5f15cbee6a@group-BC4E8DEC760A-SegmentedRaftLogWorker"  prio=5 tid=674 timed_waiting
java.lang.Thread.State: TIMED_WAITING
        at sun.misc.Unsafe.park(Native Method)
        at java.util.concurrent.locks.LockSupport.parkNanos(LockSupport.java:215)
        at java.util.concurrent.locks.AbstractQueuedSynchronizer$ConditionObject.awaitNanos(AbstractQueuedSynchronizer.java:2078)
        at org.apache.ratis.util.DataBlockingQueue.poll(DataBlockingQueue.java:148)
        at org.apache.ratis.server.raftlog.segmented.SegmentedRaftLogWorker.run(SegmentedRaftLogWorker.java:310)
        at org.apache.ratis.server.raftlog.segmented.SegmentedRaftLogWorker$$Lambda$665/990731450.run(Unknown Source)
        at java.lang.Thread.run(Thread.java:750)
"ChunkWriter-2-0" daemon prio=5 tid=482 in Object.wait()
java.lang.Thread.State: WAITING (on object monitor)
        at sun.misc.Unsafe.park(Native Method)
        at java.util.concurrent.locks.LockSupport.park(LockSupport.java:175)
        at java.util.concurrent.locks.AbstractQueuedSynchronizer$ConditionObject.await(AbstractQueuedSynchronizer.java:2039)
        at java.util.concurrent.LinkedBlockingDeque.takeFirst(LinkedBlockingDeque.java:492)
        at java.util.concurrent.LinkedBlockingDeque.take(LinkedBlockingDeque.java:680)
        at java.util.concurrent.ThreadPoolExecutor.getTask(ThreadPoolExecutor.java:1074)
        at java.util.concurrent.ThreadPoolExecutor.runWorker(ThreadPoolExecutor.java:1134)
        at java.util.concurrent.ThreadPoolExecutor$Worker.run(ThreadPoolExecutor.java:624)
        at java.lang.Thread.run(Thread.java:750)
"qtp738848490-326" daemon prio=5 tid=326 timed_waiting
java.lang.Thread.State: TIMED_WAITING
        at sun.misc.Unsafe.park(Native Method)
        at java.util.concurrent.locks.LockSupport.parkNanos(LockSupport.java:215)
        at java.util.concurrent.locks.AbstractQueuedSynchronizer$ConditionObject.awaitNanos(AbstractQueuedSynchronizer.java:2078)
        at org.eclipse.jetty.util.BlockingArrayQueue.poll(BlockingArrayQueue.java:382)
        at org.eclipse.jetty.util.thread.QueuedThreadPool$Runner.idleJobPoll(QueuedThreadPool.java:974)
        at org.eclipse.jetty.util.thread.QueuedThreadPool$Runner.run(QueuedThreadPool.java:1018)
        at java.lang.Thread.run(Thread.java:750)
"8b45bab1-f519-4e04-ad6f-9efd561d6d57@group-FCFD6ADF178B-LeaderStateImpl" daemon prio=5 tid=761 timed_waiting
java.lang.Thread.State: TIMED_WAITING
        at sun.misc.Unsafe.park(Native Method)
        at java.util.concurrent.locks.LockSupport.parkNanos(LockSupport.java:215)
        at java.util.concurrent.locks.AbstractQueuedSynchronizer$ConditionObject.awaitNanos(AbstractQueuedSynchronizer.java:2078)
        at java.util.concurrent.ArrayBlockingQueue.poll(ArrayBlockingQueue.java:418)
        at org.apache.ratis.server.impl.LeaderStateImpl$EventQueue.poll(LeaderStateImpl.java:159)
        at org.apache.ratis.server.impl.LeaderStateImpl$EventProcessor.run(LeaderStateImpl.java:630)
"ChunkWriter-1-0" daemon prio=5 tid=481 in Object.wait()
java.lang.Thread.State: WAITING (on object monitor)
        at sun.misc.Unsafe.park(Native Method)
        at java.util.concurrent.locks.LockSupport.park(LockSupport.java:175)
        at java.util.concurrent.locks.AbstractQueuedSynchronizer$ConditionObject.await(AbstractQueuedSynchronizer.java:2039)
        at java.util.concurrent.LinkedBlockingDeque.takeFirst(LinkedBlockingDeque.java:492)
        at java.util.concurrent.LinkedBlockingDeque.take(LinkedBlockingDeque.java:680)
        at java.util.concurrent.ThreadPoolExecutor.getTask(ThreadPoolExecutor.java:1074)
        at java.util.concurrent.ThreadPoolExecutor.runWorker(ThreadPoolExecutor.java:1134)
        at java.util.concurrent.ThreadPoolExecutor$Worker.run(ThreadPoolExecutor.java:624)
        at java.lang.Thread.run(Thread.java:750)
"94086278-3489-4279-864e-1549830c8dca@group-26F38406CDA9-SegmentedRaftLogWorker"  prio=5 tid=594 timed_waiting
java.lang.Thread.State: TIMED_WAITING
        at sun.misc.Unsafe.park(Native Method)
        at java.util.concurrent.locks.LockSupport.parkNanos(LockSupport.java:215)
        at java.util.concurrent.locks.AbstractQueuedSynchronizer$ConditionObject.awaitNanos(AbstractQueuedSynchronizer.java:2078)
        at org.apache.ratis.util.DataBlockingQueue.poll(DataBlockingQueue.java:148)
        at org.apache.ratis.server.raftlog.segmented.SegmentedRaftLogWorker.run(SegmentedRaftLogWorker.java:310)
        at org.apache.ratis.server.raftlog.segmented.SegmentedRaftLogWorker$$Lambda$665/990731450.run(Unknown Source)
        at java.lang.Thread.run(Thread.java:750)
"Periodic HDDS volume checker" daemon prio=5 tid=176 timed_waiting
java.lang.Thread.State: TIMED_WAITING
        at sun.misc.Unsafe.park(Native Method)
        at java.util.concurrent.locks.LockSupport.parkNanos(LockSupport.java:215)
        at java.util.concurrent.locks.AbstractQueuedSynchronizer$ConditionObject.awaitNanos(AbstractQueuedSynchronizer.java:2078)
        at java.util.concurrent.ScheduledThreadPoolExecutor$DelayedWorkQueue.take(ScheduledThreadPoolExecutor.java:1093)
        at java.util.concurrent.ScheduledThreadPoolExecutor$DelayedWorkQueue.take(ScheduledThreadPoolExecutor.java:809)
        at java.util.concurrent.ThreadPoolExecutor.getTask(ThreadPoolExecutor.java:1074)
        at java.util.concurrent.ThreadPoolExecutor.runWorker(ThreadPoolExecutor.java:1134)
        at java.util.concurrent.ThreadPoolExecutor$Worker.run(ThreadPoolExecutor.java:624)
        at java.lang.Thread.run(Thread.java:750)
"Datanode ReportManager Thread - 2" daemon prio=5 tid=379 in Object.wait()
java.lang.Thread.State: WAITING (on object monitor)
        at sun.misc.Unsafe.park(Native Method)
        at java.util.concurrent.locks.LockSupport.park(LockSupport.java:175)
        at java.util.concurrent.locks.AbstractQueuedSynchronizer$ConditionObject.await(AbstractQueuedSynchronizer.java:2039)
        at java.util.concurrent.ScheduledThreadPoolExecutor$DelayedWorkQueue.take(ScheduledThreadPoolExecutor.java:1088)
        at java.util.concurrent.ScheduledThreadPoolExecutor$DelayedWorkQueue.take(ScheduledThreadPoolExecutor.java:809)
        at java.util.concurrent.ThreadPoolExecutor.getTask(ThreadPoolExecutor.java:1074)
        at java.util.concurrent.ThreadPoolExecutor.runWorker(ThreadPoolExecutor.java:1134)
        at java.util.concurrent.ThreadPoolExecutor$Worker.run(ThreadPoolExecutor.java:624)
        at java.lang.Thread.run(Thread.java:750)
"pool-134-thread-1" daemon prio=5 tid=259 timed_waiting
java.lang.Thread.State: TIMED_WAITING
        at sun.misc.Unsafe.park(Native Method)
        at java.util.concurrent.locks.LockSupport.parkNanos(LockSupport.java:215)
        at java.util.concurrent.locks.AbstractQueuedSynchronizer$ConditionObject.awaitNanos(AbstractQueuedSynchronizer.java:2078)
        at java.util.concurrent.ScheduledThreadPoolExecutor$DelayedWorkQueue.take(ScheduledThreadPoolExecutor.java:1093)
        at java.util.concurrent.ScheduledThreadPoolExecutor$DelayedWorkQueue.take(ScheduledThreadPoolExecutor.java:809)
        at java.util.concurrent.ThreadPoolExecutor.getTask(ThreadPoolExecutor.java:1074)
        at java.util.concurrent.ThreadPoolExecutor.runWorker(ThreadPoolExecutor.java:1134)
        at java.util.concurrent.ThreadPoolExecutor$Worker.run(ThreadPoolExecutor.java:624)
        at java.lang.Thread.run(Thread.java:750)
"b6bc655b-a75f-4a95-a86c-7969b7c6987b@group-6960E46847BC-LeaderStateImpl" daemon prio=5 tid=706 timed_waiting
java.lang.Thread.State: TIMED_WAITING
        at sun.misc.Unsafe.park(Native Method)
        at java.util.concurrent.locks.LockSupport.parkNanos(LockSupport.java:215)
        at java.util.concurrent.locks.AbstractQueuedSynchronizer$ConditionObject.awaitNanos(AbstractQueuedSynchronizer.java:2078)
        at java.util.concurrent.ArrayBlockingQueue.poll(ArrayBlockingQueue.java:418)
        at org.apache.ratis.server.impl.LeaderStateImpl$EventQueue.poll(LeaderStateImpl.java:159)
        at org.apache.ratis.server.impl.LeaderStateImpl$EventProcessor.run(LeaderStateImpl.java:630)
"2277c71a-7226-47f8-a4ca-90f752095403@group-B3075DD5C248-SegmentedRaftLogWorker"  prio=5 tid=613 timed_waiting
java.lang.Thread.State: TIMED_WAITING
        at sun.misc.Unsafe.park(Native Method)
        at java.util.concurrent.locks.LockSupport.parkNanos(LockSupport.java:215)
        at java.util.concurrent.locks.AbstractQueuedSynchronizer$ConditionObject.awaitNanos(AbstractQueuedSynchronizer.java:2078)
        at org.apache.ratis.util.DataBlockingQueue.poll(DataBlockingQueue.java:148)
        at org.apache.ratis.server.raftlog.segmented.SegmentedRaftLogWorker.run(SegmentedRaftLogWorker.java:310)
        at org.apache.ratis.server.raftlog.segmented.SegmentedRaftLogWorker$$Lambda$665/990731450.run(Unknown Source)
        at java.lang.Thread.run(Thread.java:750)
"4c8c7e9c-fcb8-4cf5-b401-3fb7accb4cdc-server-thread3" daemon prio=5 tid=755 timed_waiting
java.lang.Thread.State: TIMED_WAITING
        at sun.misc.Unsafe.park(Native Method)
        at java.util.concurrent.locks.LockSupport.parkNanos(LockSupport.java:215)
        at java.util.concurrent.SynchronousQueue$TransferStack.awaitFulfill(SynchronousQueue.java:460)
        at java.util.concurrent.SynchronousQueue$TransferStack.transfer(SynchronousQueue.java:362)
        at java.util.concurrent.SynchronousQueue.poll(SynchronousQueue.java:941)
        at java.util.concurrent.ThreadPoolExecutor.getTask(ThreadPoolExecutor.java:1073)
        at java.util.concurrent.ThreadPoolExecutor.runWorker(ThreadPoolExecutor.java:1134)
        at java.util.concurrent.ThreadPoolExecutor$Worker.run(ThreadPoolExecutor.java:624)
        at java.lang.Thread.run(Thread.java:750)
"Socket Reader #1 for port 0"  prio=5 tid=24 runnable
java.lang.Thread.State: RUNNABLE
        at sun.nio.ch.EPollArrayWrapper.epollWait(Native Method)
        at sun.nio.ch.EPollArrayWrapper.poll(EPollArrayWrapper.java:269)
        at sun.nio.ch.EPollSelectorImpl.doSelect(EPollSelectorImpl.java:93)
        at sun.nio.ch.SelectorImpl.lockAndDoSelect(SelectorImpl.java:86)
        at sun.nio.ch.SelectorImpl.select(SelectorImpl.java:97)
        at sun.nio.ch.SelectorImpl.select(SelectorImpl.java:101)
        at org.apache.hadoop.ipc.Server$Listener$Reader.doRunLoop(Server.java:1296)
        at org.apache.hadoop.ipc.Server$Listener$Reader.run(Server.java:1275)
"BlockDeletingService#0" daemon prio=5 tid=334 in Object.wait()
java.lang.Thread.State: WAITING (on object monitor)
        at sun.misc.Unsafe.park(Native Method)
        at java.util.concurrent.locks.LockSupport.park(LockSupport.java:175)
        at java.util.concurrent.locks.AbstractQueuedSynchronizer$ConditionObject.await(AbstractQueuedSynchronizer.java:2039)
        at java.util.concurrent.ScheduledThreadPoolExecutor$DelayedWorkQueue.take(ScheduledThreadPoolExecutor.java:1088)
        at java.util.concurrent.ScheduledThreadPoolExecutor$DelayedWorkQueue.take(ScheduledThreadPoolExecutor.java:809)
        at java.util.concurrent.ThreadPoolExecutor.getTask(ThreadPoolExecutor.java:1074)
        at java.util.concurrent.ThreadPoolExecutor.runWorker(ThreadPoolExecutor.java:1134)
        at java.util.concurrent.ThreadPoolExecutor$Worker.run(ThreadPoolExecutor.java:624)
        at java.lang.Thread.run(Thread.java:750)
"qtp738848490-322" daemon prio=5 tid=322 timed_waiting
java.lang.Thread.State: TIMED_WAITING
        at sun.misc.Unsafe.park(Native Method)
        at java.util.concurrent.locks.LockSupport.parkNanos(LockSupport.java:215)
        at java.util.concurrent.locks.AbstractQueuedSynchronizer$ConditionObject.awaitNanos(AbstractQueuedSynchronizer.java:2078)
        at org.eclipse.jetty.util.BlockingArrayQueue.poll(BlockingArrayQueue.java:382)
        at org.eclipse.jetty.util.thread.QueuedThreadPool$Runner.idleJobPoll(QueuedThreadPool.java:974)
        at org.eclipse.jetty.util.thread.QueuedThreadPool$Runner.run(QueuedThreadPool.java:1018)
        at java.lang.Thread.run(Thread.java:750)
"ChunkReader-ELG-0" daemon prio=5 tid=485 runnable
java.lang.Thread.State: RUNNABLE
        at org.apache.ratis.thirdparty.io.netty.channel.epoll.Native.epollWait0(Native Method)
        at org.apache.ratis.thirdparty.io.netty.channel.epoll.Native.epollWait(Native.java:182)
        at org.apache.ratis.thirdparty.io.netty.channel.epoll.EpollEventLoop.epollWait(EpollEventLoop.java:290)
        at org.apache.ratis.thirdparty.io.netty.channel.epoll.EpollEventLoop.run(EpollEventLoop.java:354)
        at org.apache.ratis.thirdparty.io.netty.util.concurrent.SingleThreadEventExecutor$4.run(SingleThreadEventExecutor.java:995)
        at org.apache.ratis.thirdparty.io.netty.util.internal.ThreadExecutorMap$2.run(ThreadExecutorMap.java:74)
        at java.lang.Thread.run(Thread.java:750)
"StaleRecoveringContainerScrubbingService#2" daemon prio=5 tid=865 in Object.wait()
java.lang.Thread.State: WAITING (on object monitor)
        at sun.misc.Unsafe.park(Native Method)
        at java.util.concurrent.locks.LockSupport.park(LockSupport.java:175)
        at java.util.concurrent.locks.AbstractQueuedSynchronizer$ConditionObject.await(AbstractQueuedSynchronizer.java:2039)
        at java.util.concurrent.ScheduledThreadPoolExecutor$DelayedWorkQueue.take(ScheduledThreadPoolExecutor.java:1088)
        at java.util.concurrent.ScheduledThreadPoolExecutor$DelayedWorkQueue.take(ScheduledThreadPoolExecutor.java:809)
        at java.util.concurrent.ThreadPoolExecutor.getTask(ThreadPoolExecutor.java:1074)
        at java.util.concurrent.ThreadPoolExecutor.runWorker(ThreadPoolExecutor.java:1134)
        at java.util.concurrent.ThreadPoolExecutor$Worker.run(ThreadPoolExecutor.java:624)
        at java.lang.Thread.run(Thread.java:750)
"ChunkWriter-1-0" daemon prio=5 tid=558 in Object.wait()
java.lang.Thread.State: WAITING (on object monitor)
        at sun.misc.Unsafe.park(Native Method)
        at java.util.concurrent.locks.LockSupport.park(LockSupport.java:175)
        at java.util.concurrent.locks.AbstractQueuedSynchronizer$ConditionObject.await(AbstractQueuedSynchronizer.java:2039)
        at java.util.concurrent.LinkedBlockingDeque.takeFirst(LinkedBlockingDeque.java:492)
        at java.util.concurrent.LinkedBlockingDeque.take(LinkedBlockingDeque.java:680)
        at java.util.concurrent.ThreadPoolExecutor.getTask(ThreadPoolExecutor.java:1074)
        at java.util.concurrent.ThreadPoolExecutor.runWorker(ThreadPoolExecutor.java:1134)
        at java.util.concurrent.ThreadPoolExecutor$Worker.run(ThreadPoolExecutor.java:624)
        at java.lang.Thread.run(Thread.java:750)
"IPC Server handler 11 on default port 43027" daemon prio=5 tid=58 timed_waiting
java.lang.Thread.State: TIMED_WAITING
        at sun.misc.Unsafe.park(Native Method)
        at java.util.concurrent.locks.LockSupport.parkNanos(LockSupport.java:215)
        at java.util.concurrent.locks.AbstractQueuedSynchronizer$ConditionObject.awaitNanos(AbstractQueuedSynchronizer.java:2078)
        at java.util.concurrent.LinkedBlockingQueue.poll(LinkedBlockingQueue.java:467)
        at org.apache.hadoop.ipc.CallQueueManager.take(CallQueueManager.java:317)
        at org.apache.hadoop.ipc.Server$Handler.run(Server.java:2942)
"Datanode ReportManager Thread - 3" daemon prio=5 tid=251 in Object.wait()
java.lang.Thread.State: WAITING (on object monitor)
        at sun.misc.Unsafe.park(Native Method)
        at java.util.concurrent.locks.LockSupport.park(LockSupport.java:175)
        at java.util.concurrent.locks.AbstractQueuedSynchronizer$ConditionObject.await(AbstractQueuedSynchronizer.java:2039)
        at java.util.concurrent.ScheduledThreadPoolExecutor$DelayedWorkQueue.take(ScheduledThreadPoolExecutor.java:1088)
        at java.util.concurrent.ScheduledThreadPoolExecutor$DelayedWorkQueue.take(ScheduledThreadPoolExecutor.java:809)
        at java.util.concurrent.ThreadPoolExecutor.getTask(ThreadPoolExecutor.java:1074)
        at java.util.concurrent.ThreadPoolExecutor.runWorker(ThreadPoolExecutor.java:1134)
        at java.util.concurrent.ThreadPoolExecutor$Worker.run(ThreadPoolExecutor.java:624)
        at java.lang.Thread.run(Thread.java:750)
"qtp230464909-190" daemon prio=5 tid=190 timed_waiting
java.lang.Thread.State: TIMED_WAITING
        at sun.misc.Unsafe.park(Native Method)
        at java.util.concurrent.locks.LockSupport.parkNanos(LockSupport.java:215)
        at java.util.concurrent.locks.AbstractQueuedSynchronizer$ConditionObject.awaitNanos(AbstractQueuedSynchronizer.java:2078)
        at org.eclipse.jetty.util.BlockingArrayQueue.poll(BlockingArrayQueue.java:382)
        at org.eclipse.jetty.util.thread.QueuedThreadPool$Runner.idleJobPoll(QueuedThreadPool.java:974)
        at org.eclipse.jetty.util.thread.QueuedThreadPool$Runner.run(QueuedThreadPool.java:1018)
        at java.lang.Thread.run(Thread.java:750)
"Datanode ReportManager Thread - 4" daemon prio=5 tid=304 in Object.wait()
java.lang.Thread.State: WAITING (on object monitor)
        at sun.misc.Unsafe.park(Native Method)
        at java.util.concurrent.locks.LockSupport.park(LockSupport.java:175)
        at java.util.concurrent.locks.AbstractQueuedSynchronizer$ConditionObject.await(AbstractQueuedSynchronizer.java:2039)
        at java.util.concurrent.ScheduledThreadPoolExecutor$DelayedWorkQueue.take(ScheduledThreadPoolExecutor.java:1088)
        at java.util.concurrent.ScheduledThreadPoolExecutor$DelayedWorkQueue.take(ScheduledThreadPoolExecutor.java:809)
        at java.util.concurrent.ThreadPoolExecutor.getTask(ThreadPoolExecutor.java:1074)
        at java.util.concurrent.ThreadPoolExecutor.runWorker(ThreadPoolExecutor.java:1134)
        at java.util.concurrent.ThreadPoolExecutor$Worker.run(ThreadPoolExecutor.java:624)
        at java.lang.Thread.run(Thread.java:750)
"ChunkReader-1" daemon prio=5 tid=777 in Object.wait()
java.lang.Thread.State: WAITING (on object monitor)
        at sun.misc.Unsafe.park(Native Method)
        at java.util.concurrent.locks.LockSupport.park(LockSupport.java:175)
        at java.util.concurrent.locks.AbstractQueuedSynchronizer$ConditionObject.await(AbstractQueuedSynchronizer.java:2039)
        at java.util.concurrent.LinkedBlockingQueue.take(LinkedBlockingQueue.java:442)
        at java.util.concurrent.ThreadPoolExecutor.getTask(ThreadPoolExecutor.java:1074)
        at java.util.concurrent.ThreadPoolExecutor.runWorker(ThreadPoolExecutor.java:1134)
        at java.util.concurrent.ThreadPoolExecutor$Worker.run(ThreadPoolExecutor.java:624)
        at java.lang.Thread.run(Thread.java:750)
"BlockDeletingService#0" daemon prio=5 tid=538 in Object.wait()
java.lang.Thread.State: WAITING (on object monitor)
        at sun.misc.Unsafe.park(Native Method)
        at java.util.concurrent.locks.LockSupport.park(LockSupport.java:175)
        at java.util.concurrent.locks.AbstractQueuedSynchronizer$ConditionObject.await(AbstractQueuedSynchronizer.java:2039)
        at java.util.concurrent.ScheduledThreadPoolExecutor$DelayedWorkQueue.take(ScheduledThreadPoolExecutor.java:1088)
        at java.util.concurrent.ScheduledThreadPoolExecutor$DelayedWorkQueue.take(ScheduledThreadPoolExecutor.java:809)
        at java.util.concurrent.ThreadPoolExecutor.getTask(ThreadPoolExecutor.java:1074)
        at java.util.concurrent.ThreadPoolExecutor.runWorker(ThreadPoolExecutor.java:1134)
        at java.util.concurrent.ThreadPoolExecutor$Worker.run(ThreadPoolExecutor.java:624)
        at java.lang.Thread.run(Thread.java:750)
"Socket Reader #1 for port 0"  prio=5 tid=32 runnable
java.lang.Thread.State: RUNNABLE
        at sun.nio.ch.EPollArrayWrapper.epollWait(Native Method)
        at sun.nio.ch.EPollArrayWrapper.poll(EPollArrayWrapper.java:269)
        at sun.nio.ch.EPollSelectorImpl.doSelect(EPollSelectorImpl.java:93)
        at sun.nio.ch.SelectorImpl.lockAndDoSelect(SelectorImpl.java:86)
        at sun.nio.ch.SelectorImpl.select(SelectorImpl.java:97)
        at sun.nio.ch.SelectorImpl.select(SelectorImpl.java:101)
        at org.apache.hadoop.ipc.Server$Listener$Reader.doRunLoop(Server.java:1296)
        at org.apache.hadoop.ipc.Server$Listener$Reader.run(Server.java:1275)
"EndpointStateMachine task thread for /0.0.0.0:41185 - 0 "  prio=5 tid=365 in Object.wait()
java.lang.Thread.State: WAITING (on object monitor)
        at sun.misc.Unsafe.park(Native Method)
        at java.util.concurrent.locks.LockSupport.park(LockSupport.java:175)
        at java.util.concurrent.locks.AbstractQueuedSynchronizer$ConditionObject.await(AbstractQueuedSynchronizer.java:2039)
        at java.util.concurrent.LinkedBlockingQueue.take(LinkedBlockingQueue.java:442)
        at java.util.concurrent.ThreadPoolExecutor.getTask(ThreadPoolExecutor.java:1074)
        at java.util.concurrent.ThreadPoolExecutor.runWorker(ThreadPoolExecutor.java:1134)
        at java.util.concurrent.ThreadPoolExecutor$Worker.run(ThreadPoolExecutor.java:624)
        at java.lang.Thread.run(Thread.java:750)
"Datanode ReportManager Thread - 0" daemon prio=5 tid=248 in Object.wait()
java.lang.Thread.State: WAITING (on object monitor)
        at sun.misc.Unsafe.park(Native Method)
        at java.util.concurrent.locks.LockSupport.park(LockSupport.java:175)
        at java.util.concurrent.locks.AbstractQueuedSynchronizer$ConditionObject.await(AbstractQueuedSynchronizer.java:2039)
        at java.util.concurrent.ScheduledThreadPoolExecutor$DelayedWorkQueue.take(ScheduledThreadPoolExecutor.java:1088)
        at java.util.concurrent.ScheduledThreadPoolExecutor$DelayedWorkQueue.take(ScheduledThreadPoolExecutor.java:809)
        at java.util.concurrent.ThreadPoolExecutor.getTask(ThreadPoolExecutor.java:1074)
        at java.util.concurrent.ThreadPoolExecutor.runWorker(ThreadPoolExecutor.java:1134)
        at java.util.concurrent.ThreadPoolExecutor$Worker.run(ThreadPoolExecutor.java:624)
        at java.lang.Thread.run(Thread.java:750)
"qtp1171084822-216" daemon prio=5 tid=216 timed_waiting
java.lang.Thread.State: TIMED_WAITING
        at sun.misc.Unsafe.park(Native Method)
        at java.util.concurrent.locks.LockSupport.parkNanos(LockSupport.java:215)
        at java.util.concurrent.locks.AbstractQueuedSynchronizer$ConditionObject.awaitNanos(AbstractQueuedSynchronizer.java:2078)
        at org.eclipse.jetty.util.BlockingArrayQueue.poll(BlockingArrayQueue.java:382)
        at org.eclipse.jetty.util.thread.QueuedThreadPool$Runner.idleJobPoll(QueuedThreadPool.java:974)
        at org.eclipse.jetty.util.thread.QueuedThreadPool$Runner.run(QueuedThreadPool.java:1018)
        at java.lang.Thread.run(Thread.java:750)
"IPC Server handler 18 on default port 43027" daemon prio=5 tid=65 timed_waiting
java.lang.Thread.State: TIMED_WAITING
        at sun.misc.Unsafe.park(Native Method)
        at java.util.concurrent.locks.LockSupport.parkNanos(LockSupport.java:215)
        at java.util.concurrent.locks.AbstractQueuedSynchronizer$ConditionObject.awaitNanos(AbstractQueuedSynchronizer.java:2078)
        at java.util.concurrent.LinkedBlockingQueue.poll(LinkedBlockingQueue.java:467)
        at org.apache.hadoop.ipc.CallQueueManager.take(CallQueueManager.java:317)
        at org.apache.hadoop.ipc.Server$Handler.run(Server.java:2942)
"BlockDeletingService#2" daemon prio=5 tid=859 in Object.wait()
java.lang.Thread.State: WAITING (on object monitor)
        at sun.misc.Unsafe.park(Native Method)
        at java.util.concurrent.locks.LockSupport.park(LockSupport.java:175)
        at java.util.concurrent.locks.AbstractQueuedSynchronizer$ConditionObject.await(AbstractQueuedSynchronizer.java:2039)
        at java.util.concurrent.ScheduledThreadPoolExecutor$DelayedWorkQueue.take(ScheduledThreadPoolExecutor.java:1088)
        at java.util.concurrent.ScheduledThreadPoolExecutor$DelayedWorkQueue.take(ScheduledThreadPoolExecutor.java:809)
        at java.util.concurrent.ThreadPoolExecutor.getTask(ThreadPoolExecutor.java:1074)
        at java.util.concurrent.ThreadPoolExecutor.runWorker(ThreadPoolExecutor.java:1134)
        at java.util.concurrent.ThreadPoolExecutor$Worker.run(ThreadPoolExecutor.java:624)
        at java.lang.Thread.run(Thread.java:750)
"JvmPauseMonitor6" daemon prio=5 tid=511 timed_waiting
java.lang.Thread.State: TIMED_WAITING
        at java.lang.Thread.sleep(Native Method)
        at java.lang.Thread.sleep(Thread.java:342)
        at java.util.concurrent.TimeUnit.sleep(TimeUnit.java:386)
        at org.apache.ratis.util.TimeDuration.sleep(TimeDuration.java:325)
        at org.apache.ratis.util.TimeDuration.sleep(TimeDuration.java:310)
        at org.apache.ratis.util.JvmPauseMonitor.detectPause(JvmPauseMonitor.java:119)
        at org.apache.ratis.util.JvmPauseMonitor.run(JvmPauseMonitor.java:108)
        at org.apache.ratis.util.JvmPauseMonitor$$Lambda$706/1921836051.run(Unknown Source)
        at java.lang.Thread.run(Thread.java:750)
"Datanode ReportManager Thread - 0" daemon prio=5 tid=377 timed_waiting
java.lang.Thread.State: TIMED_WAITING
        at sun.misc.Unsafe.park(Native Method)
        at java.util.concurrent.locks.LockSupport.parkNanos(LockSupport.java:215)
        at java.util.concurrent.locks.AbstractQueuedSynchronizer$ConditionObject.awaitNanos(AbstractQueuedSynchronizer.java:2078)
        at java.util.concurrent.ScheduledThreadPoolExecutor$DelayedWorkQueue.take(ScheduledThreadPoolExecutor.java:1093)
        at java.util.concurrent.ScheduledThreadPoolExecutor$DelayedWorkQueue.take(ScheduledThreadPoolExecutor.java:809)
        at java.util.concurrent.ThreadPoolExecutor.getTask(ThreadPoolExecutor.java:1074)
        at java.util.concurrent.ThreadPoolExecutor.runWorker(ThreadPoolExecutor.java:1134)
        at java.util.concurrent.ThreadPoolExecutor$Worker.run(ThreadPoolExecutor.java:624)
        at java.lang.Thread.run(Thread.java:750)
"IPC Server handler 7 on default port 42403" daemon prio=5 tid=161 timed_waiting
java.lang.Thread.State: TIMED_WAITING
        at sun.misc.Unsafe.park(Native Method)
        at java.util.concurrent.locks.LockSupport.parkNanos(LockSupport.java:215)
        at java.util.concurrent.locks.AbstractQueuedSynchronizer$ConditionObject.awaitNanos(AbstractQueuedSynchronizer.java:2078)
        at java.util.concurrent.LinkedBlockingQueue.poll(LinkedBlockingQueue.java:467)
        at org.apache.hadoop.ipc.CallQueueManager.take(CallQueueManager.java:317)
        at org.apache.hadoop.ipc.Server$Handler.run(Server.java:2942)
"Periodic HDDS volume checker" daemon prio=5 tid=386 timed_waiting
java.lang.Thread.State: TIMED_WAITING
        at sun.misc.Unsafe.park(Native Method)
        at java.util.concurrent.locks.LockSupport.parkNanos(LockSupport.java:215)
        at java.util.concurrent.locks.AbstractQueuedSynchronizer$ConditionObject.awaitNanos(AbstractQueuedSynchronizer.java:2078)
        at java.util.concurrent.ScheduledThreadPoolExecutor$DelayedWorkQueue.take(ScheduledThreadPoolExecutor.java:1093)
        at java.util.concurrent.ScheduledThreadPoolExecutor$DelayedWorkQueue.take(ScheduledThreadPoolExecutor.java:809)
        at java.util.concurrent.ThreadPoolExecutor.getTask(ThreadPoolExecutor.java:1074)
        at java.util.concurrent.ThreadPoolExecutor.runWorker(ThreadPoolExecutor.java:1134)
        at java.util.concurrent.ThreadPoolExecutor$Worker.run(ThreadPoolExecutor.java:624)
        at java.lang.Thread.run(Thread.java:750)
"IPC Server Responder" daemon prio=5 tid=34 runnable
java.lang.Thread.State: RUNNABLE
        at sun.nio.ch.EPollArrayWrapper.epollWait(Native Method)
        at sun.nio.ch.EPollArrayWrapper.poll(EPollArrayWrapper.java:269)
        at sun.nio.ch.EPollSelectorImpl.doSelect(EPollSelectorImpl.java:93)
        at sun.nio.ch.SelectorImpl.lockAndDoSelect(SelectorImpl.java:86)
        at sun.nio.ch.SelectorImpl.select(SelectorImpl.java:97)
        at org.apache.hadoop.ipc.Server$Responder.doRunLoop(Server.java:1532)
        at org.apache.hadoop.ipc.Server$Responder.run(Server.java:1515)
"Datanode State Machine Daemon Thread" daemon prio=5 tid=299 timed_waiting
java.lang.Thread.State: TIMED_WAITING
        at java.lang.Thread.sleep(Native Method)
        at org.apache.hadoop.ozone.container.common.statemachine.DatanodeStateMachine.startStateMachineThread(DatanodeStateMachine.java:321)
        at org.apache.hadoop.ozone.container.common.statemachine.DatanodeStateMachine.lambda$startDaemon$0(DatanodeStateMachine.java:506)
        at org.apache.hadoop.ozone.container.common.statemachine.DatanodeStateMachine$$Lambda$782/1106125451.run(Unknown Source)
        at java.lang.Thread.run(Thread.java:750)
"Timer for 'StorageContainerManager' metrics system" daemon prio=5 tid=45 timed_waiting
java.lang.Thread.State: TIMED_WAITING
        at java.lang.Object.wait(Native Method)
        at java.util.TimerThread.mainLoop(Timer.java:552)
        at java.util.TimerThread.run(Timer.java:505)
"Datanode ReportManager Thread - 1" daemon prio=5 tid=223 in Object.wait()
java.lang.Thread.State: WAITING (on object monitor)
        at sun.misc.Unsafe.park(Native Method)
        at java.util.concurrent.locks.LockSupport.park(LockSupport.java:175)
        at java.util.concurrent.locks.AbstractQueuedSynchronizer$ConditionObject.await(AbstractQueuedSynchronizer.java:2039)
        at java.util.concurrent.ScheduledThreadPoolExecutor$DelayedWorkQueue.take(ScheduledThreadPoolExecutor.java:1088)
        at java.util.concurrent.ScheduledThreadPoolExecutor$DelayedWorkQueue.take(ScheduledThreadPoolExecutor.java:809)
        at java.util.concurrent.ThreadPoolExecutor.getTask(ThreadPoolExecutor.java:1074)
        at java.util.concurrent.ThreadPoolExecutor.runWorker(ThreadPoolExecutor.java:1134)
        at java.util.concurrent.ThreadPoolExecutor$Worker.run(ThreadPoolExecutor.java:624)
        at java.lang.Thread.run(Thread.java:750)
"qtp1171084822-215" daemon prio=5 tid=215 timed_waiting
java.lang.Thread.State: TIMED_WAITING
        at sun.misc.Unsafe.park(Native Method)
        at java.util.concurrent.locks.LockSupport.parkNanos(LockSupport.java:215)
        at java.util.concurrent.locks.AbstractQueuedSynchronizer$ConditionObject.awaitNanos(AbstractQueuedSynchronizer.java:2078)
        at org.eclipse.jetty.util.BlockingArrayQueue.poll(BlockingArrayQueue.java:382)
        at org.eclipse.jetty.util.thread.QueuedThreadPool$Runner.idleJobPoll(QueuedThreadPool.java:974)
        at org.eclipse.jetty.util.thread.QueuedThreadPool$Runner.run(QueuedThreadPool.java:1018)
        at java.lang.Thread.run(Thread.java:750)
"OMDoubleBufferFlushThread" daemon prio=5 tid=125 timed_waiting
java.lang.Thread.State: TIMED_WAITING
        at java.lang.Object.wait(Native Method)
        at org.apache.hadoop.ozone.om.ratis.OzoneManagerDoubleBuffer.canFlush(OzoneManagerDoubleBuffer.java:538)
        at org.apache.hadoop.ozone.om.ratis.OzoneManagerDoubleBuffer.flushTransactions(OzoneManagerDoubleBuffer.java:268)
        at org.apache.hadoop.ozone.om.ratis.OzoneManagerDoubleBuffer$$Lambda$504/181805309.run(Unknown Source)
        at java.lang.Thread.run(Thread.java:750)
"Datanode ReportManager Thread - 0" daemon prio=5 tid=497 in Object.wait()
java.lang.Thread.State: WAITING (on object monitor)
        at sun.misc.Unsafe.park(Native Method)
        at java.util.concurrent.locks.LockSupport.park(LockSupport.java:175)
        at java.util.concurrent.locks.AbstractQueuedSynchronizer$ConditionObject.await(AbstractQueuedSynchronizer.java:2039)
        at java.util.concurrent.ScheduledThreadPoolExecutor$DelayedWorkQueue.take(ScheduledThreadPoolExecutor.java:1088)
        at java.util.concurrent.ScheduledThreadPoolExecutor$DelayedWorkQueue.take(ScheduledThreadPoolExecutor.java:809)
        at java.util.concurrent.ThreadPoolExecutor.getTask(ThreadPoolExecutor.java:1074)
        at java.util.concurrent.ThreadPoolExecutor.runWorker(ThreadPoolExecutor.java:1134)
        at java.util.concurrent.ThreadPoolExecutor$Worker.run(ThreadPoolExecutor.java:624)
        at java.lang.Thread.run(Thread.java:750)
"SCM Heartbeat Processing Thread - 0" daemon prio=5 tid=14 timed_waiting
java.lang.Thread.State: TIMED_WAITING
        at sun.misc.Unsafe.park(Native Method)
        at java.util.concurrent.locks.LockSupport.parkNanos(LockSupport.java:215)
        at java.util.concurrent.locks.AbstractQueuedSynchronizer$ConditionObject.awaitNanos(AbstractQueuedSynchronizer.java:2078)
        at java.util.concurrent.ScheduledThreadPoolExecutor$DelayedWorkQueue.take(ScheduledThreadPoolExecutor.java:1093)
        at java.util.concurrent.ScheduledThreadPoolExecutor$DelayedWorkQueue.take(ScheduledThreadPoolExecutor.java:809)
        at java.util.concurrent.ThreadPoolExecutor.getTask(ThreadPoolExecutor.java:1074)
        at java.util.concurrent.ThreadPoolExecutor.runWorker(ThreadPoolExecutor.java:1134)
        at java.util.concurrent.ThreadPoolExecutor$Worker.run(ThreadPoolExecutor.java:624)
        at java.lang.Thread.run(Thread.java:750)
"StaleRecoveringContainerScrubbingService#1" daemon prio=5 tid=413 timed_waiting
java.lang.Thread.State: TIMED_WAITING
        at sun.misc.Unsafe.park(Native Method)
        at java.util.concurrent.locks.LockSupport.parkNanos(LockSupport.java:215)
        at java.util.concurrent.locks.AbstractQueuedSynchronizer$ConditionObject.awaitNanos(AbstractQueuedSynchronizer.java:2078)
        at java.util.concurrent.ScheduledThreadPoolExecutor$DelayedWorkQueue.take(ScheduledThreadPoolExecutor.java:1093)
        at java.util.concurrent.ScheduledThreadPoolExecutor$DelayedWorkQueue.take(ScheduledThreadPoolExecutor.java:809)
        at java.util.concurrent.ThreadPoolExecutor.getTask(ThreadPoolExecutor.java:1074)
        at java.util.concurrent.ThreadPoolExecutor.runWorker(ThreadPoolExecutor.java:1134)
        at java.util.concurrent.ThreadPoolExecutor$Worker.run(ThreadPoolExecutor.java:624)
        at java.lang.Thread.run(Thread.java:750)
"ChunkWriter-0-0" daemon prio=5 tid=404 in Object.wait()
java.lang.Thread.State: WAITING (on object monitor)
        at sun.misc.Unsafe.park(Native Method)
        at java.util.concurrent.locks.LockSupport.park(LockSupport.java:175)
        at java.util.concurrent.locks.AbstractQueuedSynchronizer$ConditionObject.await(AbstractQueuedSynchronizer.java:2039)
        at java.util.concurrent.LinkedBlockingDeque.takeFirst(LinkedBlockingDeque.java:492)
        at java.util.concurrent.LinkedBlockingDeque.take(LinkedBlockingDeque.java:680)
        at java.util.concurrent.ThreadPoolExecutor.getTask(ThreadPoolExecutor.java:1074)
        at java.util.concurrent.ThreadPoolExecutor.runWorker(ThreadPoolExecutor.java:1134)
        at java.util.concurrent.ThreadPoolExecutor$Worker.run(ThreadPoolExecutor.java:624)
        at java.lang.Thread.run(Thread.java:750)
"IPC Server idle connection scanner for port 41185" daemon prio=5 tid=25 timed_waiting
java.lang.Thread.State: TIMED_WAITING
        at java.lang.Object.wait(Native Method)
        at java.util.TimerThread.mainLoop(Timer.java:552)
        at java.util.TimerThread.run(Timer.java:505)
"qtp1362046077-245" daemon prio=5 tid=245 timed_waiting
java.lang.Thread.State: TIMED_WAITING
        at sun.misc.Unsafe.park(Native Method)
        at java.util.concurrent.locks.LockSupport.parkNanos(LockSupport.java:215)
        at java.util.concurrent.locks.AbstractQueuedSynchronizer$ConditionObject.awaitNanos(AbstractQueuedSynchronizer.java:2078)
        at org.eclipse.jetty.util.BlockingArrayQueue.poll(BlockingArrayQueue.java:382)
        at org.eclipse.jetty.util.thread.QueuedThreadPool$Runner.idleJobPoll(QueuedThreadPool.java:974)
        at org.eclipse.jetty.util.thread.QueuedThreadPool$Runner.run(QueuedThreadPool.java:1018)
        at java.lang.Thread.run(Thread.java:750)
"f7350d57-8232-4853-9d4b-5861d033a2e4@group-26F38406CDA9-FollowerState" daemon prio=5 tid=713 timed_waiting
java.lang.Thread.State: TIMED_WAITING
        at java.lang.Thread.sleep(Native Method)
        at java.lang.Thread.sleep(Thread.java:342)
        at java.util.concurrent.TimeUnit.sleep(TimeUnit.java:386)
        at org.apache.ratis.util.TimeDuration.sleep(TimeDuration.java:325)
        at org.apache.ratis.util.TimeDuration.sleep(TimeDuration.java:310)
        at org.apache.ratis.server.impl.FollowerState.run(FollowerState.java:128)
"IPC Server handler 6 on default port 42403" daemon prio=5 tid=160 timed_waiting
java.lang.Thread.State: TIMED_WAITING
        at sun.misc.Unsafe.park(Native Method)
        at java.util.concurrent.locks.LockSupport.parkNanos(LockSupport.java:215)
        at java.util.concurrent.locks.AbstractQueuedSynchronizer$ConditionObject.awaitNanos(AbstractQueuedSynchronizer.java:2078)
        at java.util.concurrent.LinkedBlockingQueue.poll(LinkedBlockingQueue.java:467)
        at org.apache.hadoop.ipc.CallQueueManager.take(CallQueueManager.java:317)
        at org.apache.hadoop.ipc.Server$Handler.run(Server.java:2942)
"ChunkReader-1" daemon prio=5 tid=781 in Object.wait()
java.lang.Thread.State: WAITING (on object monitor)
        at sun.misc.Unsafe.park(Native Method)
        at java.util.concurrent.locks.LockSupport.park(LockSupport.java:175)
        at java.util.concurrent.locks.AbstractQueuedSynchronizer$ConditionObject.await(AbstractQueuedSynchronizer.java:2039)
        at java.util.concurrent.LinkedBlockingQueue.take(LinkedBlockingQueue.java:442)
        at java.util.concurrent.ThreadPoolExecutor.getTask(ThreadPoolExecutor.java:1074)
        at java.util.concurrent.ThreadPoolExecutor.runWorker(ThreadPoolExecutor.java:1134)
        at java.util.concurrent.ThreadPoolExecutor$Worker.run(ThreadPoolExecutor.java:624)
        at java.lang.Thread.run(Thread.java:750)
"EventQueue-NodeRegistrationContainerReportForContainerSafeModeRule" daemon prio=5 tid=487 in Object.wait()
java.lang.Thread.State: WAITING (on object monitor)
        at sun.misc.Unsafe.park(Native Method)
        at java.util.concurrent.locks.LockSupport.park(LockSupport.java:175)
        at java.util.concurrent.locks.AbstractQueuedSynchronizer$ConditionObject.await(AbstractQueuedSynchronizer.java:2039)
        at java.util.concurrent.LinkedBlockingQueue.take(LinkedBlockingQueue.java:442)
        at java.util.concurrent.ThreadPoolExecutor.getTask(ThreadPoolExecutor.java:1074)
        at java.util.concurrent.ThreadPoolExecutor.runWorker(ThreadPoolExecutor.java:1134)
        at java.util.concurrent.ThreadPoolExecutor$Worker.run(ThreadPoolExecutor.java:624)
        at java.lang.Thread.run(Thread.java:750)
"ChunkReader-ELG-0" daemon prio=5 tid=525 runnable
java.lang.Thread.State: RUNNABLE
        at org.apache.ratis.thirdparty.io.netty.channel.epoll.Native.epollWait(Native Method)
        at org.apache.ratis.thirdparty.io.netty.channel.epoll.Native.epollWait(Native.java:209)
        at org.apache.ratis.thirdparty.io.netty.channel.epoll.Native.epollWait(Native.java:202)
        at org.apache.ratis.thirdparty.io.netty.channel.epoll.EpollEventLoop.epollWaitNoTimerChange(EpollEventLoop.java:294)
        at org.apache.ratis.thirdparty.io.netty.channel.epoll.EpollEventLoop.run(EpollEventLoop.java:351)
        at org.apache.ratis.thirdparty.io.netty.util.concurrent.SingleThreadEventExecutor$4.run(SingleThreadEventExecutor.java:995)
        at org.apache.ratis.thirdparty.io.netty.util.internal.ThreadExecutorMap$2.run(ThreadExecutorMap.java:74)
        at java.lang.Thread.run(Thread.java:750)
"Datanode ReportManager Thread - 0" daemon prio=5 tid=339 timed_waiting
java.lang.Thread.State: TIMED_WAITING
        at sun.misc.Unsafe.park(Native Method)
        at java.util.concurrent.locks.LockSupport.parkNanos(LockSupport.java:215)
        at java.util.concurrent.locks.AbstractQueuedSynchronizer$ConditionObject.awaitNanos(AbstractQueuedSynchronizer.java:2078)
        at java.util.concurrent.ScheduledThreadPoolExecutor$DelayedWorkQueue.take(ScheduledThreadPoolExecutor.java:1093)
        at java.util.concurrent.ScheduledThreadPoolExecutor$DelayedWorkQueue.take(ScheduledThreadPoolExecutor.java:809)
        at java.util.concurrent.ThreadPoolExecutor.getTask(ThreadPoolExecutor.java:1074)
        at java.util.concurrent.ThreadPoolExecutor.runWorker(ThreadPoolExecutor.java:1134)
        at java.util.concurrent.ThreadPoolExecutor$Worker.run(ThreadPoolExecutor.java:624)
        at java.lang.Thread.run(Thread.java:750)
"Datanode ReportManager Thread - 0" daemon prio=5 tid=274 timed_waiting
java.lang.Thread.State: TIMED_WAITING
        at sun.misc.Unsafe.park(Native Method)
        at java.util.concurrent.locks.LockSupport.parkNanos(LockSupport.java:215)
        at java.util.concurrent.locks.AbstractQueuedSynchronizer$ConditionObject.awaitNanos(AbstractQueuedSynchronizer.java:2078)
        at java.util.concurrent.ScheduledThreadPoolExecutor$DelayedWorkQueue.take(ScheduledThreadPoolExecutor.java:1093)
        at java.util.concurrent.ScheduledThreadPoolExecutor$DelayedWorkQueue.take(ScheduledThreadPoolExecutor.java:809)
        at java.util.concurrent.ThreadPoolExecutor.getTask(ThreadPoolExecutor.java:1074)
        at java.util.concurrent.ThreadPoolExecutor.runWorker(ThreadPoolExecutor.java:1134)
        at java.util.concurrent.ThreadPoolExecutor$Worker.run(ThreadPoolExecutor.java:624)
        at java.lang.Thread.run(Thread.java:750)
"Datanode ReportManager Thread - 4" daemon prio=5 tid=200 timed_waiting
java.lang.Thread.State: TIMED_WAITING
        at sun.misc.Unsafe.park(Native Method)
        at java.util.concurrent.locks.LockSupport.parkNanos(LockSupport.java:215)
        at java.util.concurrent.locks.AbstractQueuedSynchronizer$ConditionObject.awaitNanos(AbstractQueuedSynchronizer.java:2078)
        at java.util.concurrent.ScheduledThreadPoolExecutor$DelayedWorkQueue.take(ScheduledThreadPoolExecutor.java:1093)
        at java.util.concurrent.ScheduledThreadPoolExecutor$DelayedWorkQueue.take(ScheduledThreadPoolExecutor.java:809)
        at java.util.concurrent.ThreadPoolExecutor.getTask(ThreadPoolExecutor.java:1074)
        at java.util.concurrent.ThreadPoolExecutor.runWorker(ThreadPoolExecutor.java:1134)
        at java.util.concurrent.ThreadPoolExecutor$Worker.run(ThreadPoolExecutor.java:624)
        at java.lang.Thread.run(Thread.java:750)
"org.apache.hadoop.util.JvmPauseMonitor$Monitor@20c527f6" daemon prio=5 tid=202 timed_waiting
java.lang.Thread.State: TIMED_WAITING
        at java.lang.Thread.sleep(Native Method)
        at org.apache.hadoop.util.JvmPauseMonitor$Monitor.run(JvmPauseMonitor.java:192)
        at java.lang.Thread.run(Thread.java:750)
"pool-95-thread-1"  prio=5 tid=578 in Object.wait()
java.lang.Thread.State: WAITING (on object monitor)
        at sun.misc.Unsafe.park(Native Method)
        at java.util.concurrent.locks.LockSupport.park(LockSupport.java:175)
        at java.util.concurrent.locks.AbstractQueuedSynchronizer$ConditionObject.await(AbstractQueuedSynchronizer.java:2039)
        at java.util.concurrent.LinkedBlockingQueue.take(LinkedBlockingQueue.java:442)
        at java.util.concurrent.ThreadPoolExecutor.getTask(ThreadPoolExecutor.java:1074)
        at java.util.concurrent.ThreadPoolExecutor.runWorker(ThreadPoolExecutor.java:1134)
        at java.util.concurrent.ThreadPoolExecutor$Worker.run(ThreadPoolExecutor.java:624)
        at java.lang.Thread.run(Thread.java:750)
"PartialTableCache Cleanup Thread - 0" daemon prio=5 tid=849 in Object.wait()
java.lang.Thread.State: WAITING (on object monitor)
        at sun.misc.Unsafe.park(Native Method)
        at java.util.concurrent.locks.LockSupport.park(LockSupport.java:175)
        at java.util.concurrent.locks.AbstractQueuedSynchronizer$ConditionObject.await(AbstractQueuedSynchronizer.java:2039)
        at java.util.concurrent.LinkedBlockingQueue.take(LinkedBlockingQueue.java:442)
        at java.util.concurrent.ThreadPoolExecutor.getTask(ThreadPoolExecutor.java:1074)
        at java.util.concurrent.ThreadPoolExecutor.runWorker(ThreadPoolExecutor.java:1134)
        at java.util.concurrent.ThreadPoolExecutor$Worker.run(ThreadPoolExecutor.java:624)
        at java.lang.Thread.run(Thread.java:750)
"ChunkReader-3" daemon prio=5 tid=790 in Object.wait()
java.lang.Thread.State: WAITING (on object monitor)
        at sun.misc.Unsafe.park(Native Method)
        at java.util.concurrent.locks.LockSupport.park(LockSupport.java:175)
        at java.util.concurrent.locks.AbstractQueuedSynchronizer$ConditionObject.await(AbstractQueuedSynchronizer.java:2039)
        at java.util.concurrent.LinkedBlockingQueue.take(LinkedBlockingQueue.java:442)
        at java.util.concurrent.ThreadPoolExecutor.getTask(ThreadPoolExecutor.java:1074)
        at java.util.concurrent.ThreadPoolExecutor.runWorker(ThreadPoolExecutor.java:1134)
        at java.util.concurrent.ThreadPoolExecutor$Worker.run(ThreadPoolExecutor.java:624)
        at java.lang.Thread.run(Thread.java:750)
"qtp563908089-362" daemon prio=5 tid=362 timed_waiting
java.lang.Thread.State: TIMED_WAITING
        at sun.misc.Unsafe.park(Native Method)
        at java.util.concurrent.locks.LockSupport.parkNanos(LockSupport.java:215)
        at java.util.concurrent.locks.AbstractQueuedSynchronizer$ConditionObject.awaitNanos(AbstractQueuedSynchronizer.java:2078)
        at org.eclipse.jetty.util.BlockingArrayQueue.poll(BlockingArrayQueue.java:382)
        at org.eclipse.jetty.util.thread.QueuedThreadPool$Runner.idleJobPoll(QueuedThreadPool.java:974)
        at org.eclipse.jetty.util.thread.QueuedThreadPool$Runner.run(QueuedThreadPool.java:1018)
        at java.lang.Thread.run(Thread.java:750)
"ChunkWriter-0-0" daemon prio=5 tid=442 in Object.wait()
java.lang.Thread.State: WAITING (on object monitor)
        at sun.misc.Unsafe.park(Native Method)
        at java.util.concurrent.locks.LockSupport.park(LockSupport.java:175)
        at java.util.concurrent.locks.AbstractQueuedSynchronizer$ConditionObject.await(AbstractQueuedSynchronizer.java:2039)
        at java.util.concurrent.LinkedBlockingDeque.takeFirst(LinkedBlockingDeque.java:492)
        at java.util.concurrent.LinkedBlockingDeque.take(LinkedBlockingDeque.java:680)
        at java.util.concurrent.ThreadPoolExecutor.getTask(ThreadPoolExecutor.java:1074)
        at java.util.concurrent.ThreadPoolExecutor.runWorker(ThreadPoolExecutor.java:1134)
        at java.util.concurrent.ThreadPoolExecutor$Worker.run(ThreadPoolExecutor.java:624)
        at java.lang.Thread.run(Thread.java:750)
"ChunkReader-ELG-0" daemon prio=5 tid=371 runnable
java.lang.Thread.State: RUNNABLE
        at org.apache.ratis.thirdparty.io.netty.channel.epoll.Native.epollWait(Native Method)
        at org.apache.ratis.thirdparty.io.netty.channel.epoll.Native.epollWait(Native.java:209)
        at org.apache.ratis.thirdparty.io.netty.channel.epoll.Native.epollWait(Native.java:202)
        at org.apache.ratis.thirdparty.io.netty.channel.epoll.EpollEventLoop.epollWaitNoTimerChange(EpollEventLoop.java:294)
        at org.apache.ratis.thirdparty.io.netty.channel.epoll.EpollEventLoop.run(EpollEventLoop.java:351)
        at org.apache.ratis.thirdparty.io.netty.util.concurrent.SingleThreadEventExecutor$4.run(SingleThreadEventExecutor.java:995)
        at org.apache.ratis.thirdparty.io.netty.util.internal.ThreadExecutorMap$2.run(ThreadExecutorMap.java:74)
        at java.lang.Thread.run(Thread.java:750)
"EventQueue-NodeReportForNodeReportHandler" daemon prio=5 tid=851 in Object.wait()
java.lang.Thread.State: WAITING (on object monitor)
        at sun.misc.Unsafe.park(Native Method)
        at java.util.concurrent.locks.LockSupport.park(LockSupport.java:175)
        at java.util.concurrent.locks.AbstractQueuedSynchronizer$ConditionObject.await(AbstractQueuedSynchronizer.java:2039)
        at java.util.concurrent.LinkedBlockingQueue.take(LinkedBlockingQueue.java:442)
        at java.util.concurrent.ThreadPoolExecutor.getTask(ThreadPoolExecutor.java:1074)
        at java.util.concurrent.ThreadPoolExecutor.runWorker(ThreadPoolExecutor.java:1134)
        at java.util.concurrent.ThreadPoolExecutor$Worker.run(ThreadPoolExecutor.java:624)
        at java.lang.Thread.run(Thread.java:750)
"Datanode State Machine Task Thread - 1"  prio=5 tid=478 in Object.wait()
java.lang.Thread.State: WAITING (on object monitor)
        at sun.misc.Unsafe.park(Native Method)
        at java.util.concurrent.locks.LockSupport.park(LockSupport.java:175)
        at java.util.concurrent.locks.AbstractQueuedSynchronizer$ConditionObject.await(AbstractQueuedSynchronizer.java:2039)
        at java.util.concurrent.LinkedBlockingQueue.take(LinkedBlockingQueue.java:442)
        at java.util.concurrent.ThreadPoolExecutor.getTask(ThreadPoolExecutor.java:1074)
        at java.util.concurrent.ThreadPoolExecutor.runWorker(ThreadPoolExecutor.java:1134)
        at java.util.concurrent.ThreadPoolExecutor$Worker.run(ThreadPoolExecutor.java:624)
        at java.lang.Thread.run(Thread.java:750)
"Session-HouseKeeper-532e4f1a-1"  prio=5 tid=298 timed_waiting
java.lang.Thread.State: TIMED_WAITING
        at sun.misc.Unsafe.park(Native Method)
        at java.util.concurrent.locks.LockSupport.parkNanos(LockSupport.java:215)
        at java.util.concurrent.locks.AbstractQueuedSynchronizer$ConditionObject.awaitNanos(AbstractQueuedSynchronizer.java:2078)
        at java.util.concurrent.ScheduledThreadPoolExecutor$DelayedWorkQueue.take(ScheduledThreadPoolExecutor.java:1093)
        at java.util.concurrent.ScheduledThreadPoolExecutor$DelayedWorkQueue.take(ScheduledThreadPoolExecutor.java:809)
        at java.util.concurrent.ThreadPoolExecutor.getTask(ThreadPoolExecutor.java:1074)
        at java.util.concurrent.ThreadPoolExecutor.runWorker(ThreadPoolExecutor.java:1134)
        at java.util.concurrent.ThreadPoolExecutor$Worker.run(ThreadPoolExecutor.java:624)
        at java.lang.Thread.run(Thread.java:750)
"qtp1171084822-214" daemon prio=5 tid=214 timed_waiting
java.lang.Thread.State: TIMED_WAITING
        at sun.misc.Unsafe.park(Native Method)
        at java.util.concurrent.locks.LockSupport.parkNanos(LockSupport.java:215)
        at java.util.concurrent.locks.AbstractQueuedSynchronizer$ConditionObject.awaitNanos(AbstractQueuedSynchronizer.java:2078)
        at org.eclipse.jetty.util.BlockingArrayQueue.poll(BlockingArrayQueue.java:382)
        at org.eclipse.jetty.util.thread.QueuedThreadPool$Runner.idleJobPoll(QueuedThreadPool.java:974)
        at org.eclipse.jetty.util.thread.QueuedThreadPool$Runner.run(QueuedThreadPool.java:1018)
        at java.lang.Thread.run(Thread.java:750)
"IPC Server handler 2 on default port 43027" daemon prio=5 tid=49 timed_waiting
java.lang.Thread.State: TIMED_WAITING
        at sun.misc.Unsafe.park(Native Method)
        at java.util.concurrent.locks.LockSupport.parkNanos(LockSupport.java:215)
        at java.util.concurrent.locks.AbstractQueuedSynchronizer$ConditionObject.awaitNanos(AbstractQueuedSynchronizer.java:2078)
        at java.util.concurrent.LinkedBlockingQueue.poll(LinkedBlockingQueue.java:467)
        at org.apache.hadoop.ipc.CallQueueManager.take(CallQueueManager.java:317)
        at org.apache.hadoop.ipc.Server$Handler.run(Server.java:2942)
"timer4" daemon prio=5 tid=703 timed_waiting
java.lang.Thread.State: TIMED_WAITING
        at java.lang.Object.wait(Native Method)
        at java.util.TimerThread.mainLoop(Timer.java:552)
        at java.util.TimerThread.run(Timer.java:505)
"org.apache.hadoop.ozone.container.common.statemachine.commandhandler.DeleteBlocksCommandHandler$DeleteCmdWorker@2c6d4872" daemon prio=5 tid=236 timed_waiting
java.lang.Thread.State: TIMED_WAITING
        at java.lang.Thread.sleep(Native Method)
        at org.apache.hadoop.ozone.container.common.statemachine.commandhandler.DeleteBlocksCommandHandler$DeleteCmdWorker.run(DeleteBlocksCommandHandler.java:183)
        at java.lang.Thread.run(Thread.java:750)
"IPC Server handler 10 on default port 41185" daemon prio=5 tid=97 timed_waiting
java.lang.Thread.State: TIMED_WAITING
        at sun.misc.Unsafe.park(Native Method)
        at java.util.concurrent.locks.LockSupport.parkNanos(LockSupport.java:215)
        at java.util.concurrent.locks.AbstractQueuedSynchronizer$ConditionObject.awaitNanos(AbstractQueuedSynchronizer.java:2078)
        at java.util.concurrent.LinkedBlockingQueue.poll(LinkedBlockingQueue.java:467)
        at org.apache.hadoop.ipc.CallQueueManager.take(CallQueueManager.java:317)
        at org.apache.hadoop.ipc.Server$Handler.run(Server.java:2942)
"StaleRecoveringContainerScrubbingService#2" daemon prio=5 tid=862 in Object.wait()
java.lang.Thread.State: WAITING (on object monitor)
        at sun.misc.Unsafe.park(Native Method)
        at java.util.concurrent.locks.LockSupport.park(LockSupport.java:175)
        at java.util.concurrent.locks.AbstractQueuedSynchronizer$ConditionObject.await(AbstractQueuedSynchronizer.java:2039)
        at java.util.concurrent.ScheduledThreadPoolExecutor$DelayedWorkQueue.take(ScheduledThreadPoolExecutor.java:1088)
        at java.util.concurrent.ScheduledThreadPoolExecutor$DelayedWorkQueue.take(ScheduledThreadPoolExecutor.java:809)
        at java.util.concurrent.ThreadPoolExecutor.getTask(ThreadPoolExecutor.java:1074)
        at java.util.concurrent.ThreadPoolExecutor.runWorker(ThreadPoolExecutor.java:1134)
        at java.util.concurrent.ThreadPoolExecutor$Worker.run(ThreadPoolExecutor.java:624)
        at java.lang.Thread.run(Thread.java:750)
"BlockDeletingService#2" daemon prio=5 tid=860 in Object.wait()
java.lang.Thread.State: WAITING (on object monitor)
        at sun.misc.Unsafe.park(Native Method)
        at java.util.concurrent.locks.LockSupport.park(LockSupport.java:175)
        at java.util.concurrent.locks.AbstractQueuedSynchronizer$ConditionObject.await(AbstractQueuedSynchronizer.java:2039)
        at java.util.concurrent.ScheduledThreadPoolExecutor$DelayedWorkQueue.take(ScheduledThreadPoolExecutor.java:1088)
        at java.util.concurrent.ScheduledThreadPoolExecutor$DelayedWorkQueue.take(ScheduledThreadPoolExecutor.java:809)
        at java.util.concurrent.ThreadPoolExecutor.getTask(ThreadPoolExecutor.java:1074)
        at java.util.concurrent.ThreadPoolExecutor.runWorker(ThreadPoolExecutor.java:1134)
        at java.util.concurrent.ThreadPoolExecutor$Worker.run(ThreadPoolExecutor.java:624)
        at java.lang.Thread.run(Thread.java:750)
"OpenKeyCleanupService#0" daemon prio=5 tid=143 timed_waiting
java.lang.Thread.State: TIMED_WAITING
        at sun.misc.Unsafe.park(Native Method)
        at java.util.concurrent.locks.LockSupport.parkNanos(LockSupport.java:215)
        at java.util.concurrent.locks.AbstractQueuedSynchronizer$ConditionObject.awaitNanos(AbstractQueuedSynchronizer.java:2078)
        at java.util.concurrent.ScheduledThreadPoolExecutor$DelayedWorkQueue.take(ScheduledThreadPoolExecutor.java:1093)
        at java.util.concurrent.ScheduledThreadPoolExecutor$DelayedWorkQueue.take(ScheduledThreadPoolExecutor.java:809)
        at java.util.concurrent.ThreadPoolExecutor.getTask(ThreadPoolExecutor.java:1074)
        at java.util.concurrent.ThreadPoolExecutor.runWorker(ThreadPoolExecutor.java:1134)
        at java.util.concurrent.ThreadPoolExecutor$Worker.run(ThreadPoolExecutor.java:624)
        at java.lang.Thread.run(Thread.java:750)
"IPC Server handler 1 on default port 42553" daemon prio=5 tid=68 timed_waiting
java.lang.Thread.State: TIMED_WAITING
        at sun.misc.Unsafe.park(Native Method)
        at java.util.concurrent.locks.LockSupport.parkNanos(LockSupport.java:215)
        at java.util.concurrent.locks.AbstractQueuedSynchronizer$ConditionObject.awaitNanos(AbstractQueuedSynchronizer.java:2078)
        at java.util.concurrent.LinkedBlockingQueue.poll(LinkedBlockingQueue.java:467)
        at org.apache.hadoop.ipc.CallQueueManager.take(CallQueueManager.java:317)
        at org.apache.hadoop.ipc.Server$Handler.run(Server.java:2942)
"StaleRecoveringContainerScrubbingService#0" daemon prio=5 tid=514 in Object.wait()
java.lang.Thread.State: WAITING (on object monitor)
        at sun.misc.Unsafe.park(Native Method)
        at java.util.concurrent.locks.LockSupport.park(LockSupport.java:175)
        at java.util.concurrent.locks.AbstractQueuedSynchronizer$ConditionObject.await(AbstractQueuedSynchronizer.java:2039)
        at java.util.concurrent.ScheduledThreadPoolExecutor$DelayedWorkQueue.take(ScheduledThreadPoolExecutor.java:1088)
        at java.util.concurrent.ScheduledThreadPoolExecutor$DelayedWorkQueue.take(ScheduledThreadPoolExecutor.java:809)
        at java.util.concurrent.ThreadPoolExecutor.getTask(ThreadPoolExecutor.java:1074)
        at java.util.concurrent.ThreadPoolExecutor.runWorker(ThreadPoolExecutor.java:1134)
        at java.util.concurrent.ThreadPoolExecutor$Worker.run(ThreadPoolExecutor.java:624)
        at java.lang.Thread.run(Thread.java:750)
"timer2" daemon prio=5 tid=696 timed_waiting
java.lang.Thread.State: TIMED_WAITING
        at java.lang.Object.wait(Native Method)
        at java.util.TimerThread.mainLoop(Timer.java:552)
        at java.util.TimerThread.run(Timer.java:505)
"EventQueue-CommandQueueReportForCommandQueueReportHandler" daemon prio=5 tid=554 in Object.wait()
java.lang.Thread.State: WAITING (on object monitor)
        at sun.misc.Unsafe.park(Native Method)
        at java.util.concurrent.locks.LockSupport.park(LockSupport.java:175)
        at java.util.concurrent.locks.AbstractQueuedSynchronizer$ConditionObject.await(AbstractQueuedSynchronizer.java:2039)
        at java.util.concurrent.LinkedBlockingQueue.take(LinkedBlockingQueue.java:442)
        at java.util.concurrent.ThreadPoolExecutor.getTask(ThreadPoolExecutor.java:1074)
        at java.util.concurrent.ThreadPoolExecutor.runWorker(ThreadPoolExecutor.java:1134)
        at java.util.concurrent.ThreadPoolExecutor$Worker.run(ThreadPoolExecutor.java:624)
        at java.lang.Thread.run(Thread.java:750)
"PartialTableCache Cleanup Thread - 0" daemon prio=5 tid=848 in Object.wait()
java.lang.Thread.State: WAITING (on object monitor)
        at sun.misc.Unsafe.park(Native Method)
        at java.util.concurrent.locks.LockSupport.park(LockSupport.java:175)
        at java.util.concurrent.locks.AbstractQueuedSynchronizer$ConditionObject.await(AbstractQueuedSynchronizer.java:2039)
        at java.util.concurrent.LinkedBlockingQueue.take(LinkedBlockingQueue.java:442)
        at java.util.concurrent.ThreadPoolExecutor.getTask(ThreadPoolExecutor.java:1074)
        at java.util.concurrent.ThreadPoolExecutor.runWorker(ThreadPoolExecutor.java:1134)
        at java.util.concurrent.ThreadPoolExecutor$Worker.run(ThreadPoolExecutor.java:624)
        at java.lang.Thread.run(Thread.java:750)
"qtp1166478592-268" daemon prio=5 tid=268 timed_waiting
java.lang.Thread.State: TIMED_WAITING
        at sun.misc.Unsafe.park(Native Method)
        at java.util.concurrent.locks.LockSupport.parkNanos(LockSupport.java:215)
        at java.util.concurrent.locks.AbstractQueuedSynchronizer$ConditionObject.awaitNanos(AbstractQueuedSynchronizer.java:2078)
        at org.eclipse.jetty.util.BlockingArrayQueue.poll(BlockingArrayQueue.java:382)
        at org.eclipse.jetty.util.thread.QueuedThreadPool$Runner.idleJobPoll(QueuedThreadPool.java:974)
        at org.eclipse.jetty.util.thread.QueuedThreadPool$Runner.run(QueuedThreadPool.java:1018)
        at java.lang.Thread.run(Thread.java:750)
"Datanode State Machine Daemon Thread" daemon prio=5 tid=247 timed_waiting
java.lang.Thread.State: TIMED_WAITING
        at java.lang.Thread.sleep(Native Method)
        at org.apache.hadoop.ozone.container.common.statemachine.DatanodeStateMachine.startStateMachineThread(DatanodeStateMachine.java:321)
        at org.apache.hadoop.ozone.container.common.statemachine.DatanodeStateMachine.lambda$startDaemon$0(DatanodeStateMachine.java:506)
        at org.apache.hadoop.ozone.container.common.statemachine.DatanodeStateMachine$$Lambda$782/1106125451.run(Unknown Source)
        at java.lang.Thread.run(Thread.java:750)
"org.apache.hadoop.ozone.container.common.statemachine.commandhandler.DeleteBlocksCommandHandler$DeleteCmdWorker@246f4044" daemon prio=5 tid=182 timed_waiting
java.lang.Thread.State: TIMED_WAITING
        at java.lang.Thread.sleep(Native Method)
        at org.apache.hadoop.ozone.container.common.statemachine.commandhandler.DeleteBlocksCommandHandler$DeleteCmdWorker.run(DeleteBlocksCommandHandler.java:183)
        at java.lang.Thread.run(Thread.java:750)


	at org.apache.ozone.test.GenericTestUtils.waitFor(GenericTestUtils.java:224)
	at org.apache.hadoop.ozone.container.TestECContainerRecovery.waitForContainerCount(TestECContainerRecovery.java:265)
	at org.apache.hadoop.ozone.container.TestECContainerRecovery.testContainerRecoveryOverReplicationProcessing(TestECContainerRecovery.java:209)
	at sun.reflect.NativeMethodAccessorImpl.invoke0(Native Method)
	at sun.reflect.NativeMethodAccessorImpl.invoke(NativeMethodAccessorImpl.java:62)
	at sun.reflect.DelegatingMethodAccessorImpl.invoke(DelegatingMethodAccessorImpl.java:43)
	at java.lang.reflect.Method.invoke(Method.java:498)
	at org.junit.platform.commons.util.ReflectionUtils.invokeMethod(ReflectionUtils.java:725)
	at org.junit.jupiter.engine.execution.MethodInvocation.proceed(MethodInvocation.java:60)
	at org.junit.jupiter.engine.execution.InvocationInterceptorChain$ValidatingInvocation.proceed(InvocationInterceptorChain.java:131)
	at org.junit.jupiter.engine.extension.TimeoutExtension.intercept(TimeoutExtension.java:149)
	at org.junit.jupiter.engine.extension.TimeoutExtension.interceptTestableMethod(TimeoutExtension.java:140)
	at org.junit.jupiter.engine.extension.TimeoutExtension.interceptTestMethod(TimeoutExtension.java:84)
	at org.junit.jupiter.engine.execution.ExecutableInvoker$ReflectiveInterceptorCall.lambda$ofVoidMethod$0(ExecutableInvoker.java:115)
	at org.junit.jupiter.engine.execution.ExecutableInvoker.lambda$invoke$0(ExecutableInvoker.java:105)
	at org.junit.jupiter.engine.execution.InvocationInterceptorChain$InterceptedInvocation.proceed(InvocationInterceptorChain.java:106)
	at org.junit.jupiter.engine.execution.InvocationInterceptorChain.proceed(InvocationInterceptorChain.java:64)
	at org.junit.jupiter.engine.execution.InvocationInterceptorChain.chainAndInvoke(InvocationInterceptorChain.java:45)
	at org.junit.jupiter.engine.execution.InvocationInterceptorChain.invoke(InvocationInterceptorChain.java:37)
	at org.junit.jupiter.engine.execution.ExecutableInvoker.invoke(ExecutableInvoker.java:104)
	at org.junit.jupiter.engine.execution.ExecutableInvoker.invoke(ExecutableInvoker.java:98)
	at org.junit.jupiter.engine.descriptor.TestMethodTestDescriptor.lambda$invokeTestMethod$7(TestMethodTestDescriptor.java:214)
	at org.junit.platform.engine.support.hierarchical.ThrowableCollector.execute(ThrowableCollector.java:73)
	at org.junit.jupiter.engine.descriptor.TestMethodTestDescriptor.invokeTestMethod(TestMethodTestDescriptor.java:210)
	at org.junit.jupiter.engine.descriptor.TestMethodTestDescriptor.execute(TestMethodTestDescriptor.java:135)
	at org.junit.jupiter.engine.descriptor.TestMethodTestDescriptor.execute(TestMethodTestDescriptor.java:66)
	at org.junit.platform.engine.support.hierarchical.NodeTestTask.lambda$executeRecursively$6(NodeTestTask.java:151)
	at org.junit.platform.engine.support.hierarchical.ThrowableCollector.execute(ThrowableCollector.java:73)
	at org.junit.platform.engine.support.hierarchical.NodeTestTask.lambda$executeRecursively$8(NodeTestTask.java:141)
	at org.junit.platform.engine.support.hierarchical.Node.around(Node.java:137)
	at org.junit.platform.engine.support.hierarchical.NodeTestTask.lambda$executeRecursively$9(NodeTestTask.java:139)
	at org.junit.platform.engine.support.hierarchical.ThrowableCollector.execute(ThrowableCollector.java:73)
	at org.junit.platform.engine.support.hierarchical.NodeTestTask.executeRecursively(NodeTestTask.java:138)
	at org.junit.platform.engine.support.hierarchical.NodeTestTask.execute(NodeTestTask.java:95)
	at java.util.ArrayList.forEach(ArrayList.java:1259)
	at org.junit.platform.engine.support.hierarchical.SameThreadHierarchicalTestExecutorService.invokeAll(SameThreadHierarchicalTestExecutorService.java:41)
	at org.junit.platform.engine.support.hierarchical.NodeTestTask.lambda$executeRecursively$6(NodeTestTask.java:155)
	at org.junit.platform.engine.support.hierarchical.ThrowableCollector.execute(ThrowableCollector.java:73)
	at org.junit.platform.engine.support.hierarchical.NodeTestTask.lambda$executeRecursively$8(NodeTestTask.java:141)
	at org.junit.platform.engine.support.hierarchical.Node.around(Node.java:137)
	at org.junit.platform.engine.support.hierarchical.NodeTestTask.lambda$executeRecursively$9(NodeTestTask.java:139)
	at org.junit.platform.engine.support.hierarchical.ThrowableCollector.execute(ThrowableCollector.java:73)
	at org.junit.platform.engine.support.hierarchical.NodeTestTask.executeRecursively(NodeTestTask.java:138)
	at org.junit.platform.engine.support.hierarchical.NodeTestTask.execute(NodeTestTask.java:95)
	at java.util.ArrayList.forEach(ArrayList.java:1259)
	at org.junit.platform.engine.support.hierarchical.SameThreadHierarchicalTestExecutorService.invokeAll(SameThreadHierarchicalTestExecutorService.java:41)
	at org.junit.platform.engine.support.hierarchical.NodeTestTask.lambda$executeRecursively$6(NodeTestTask.java:155)
	at org.junit.platform.engine.support.hierarchical.ThrowableCollector.execute(ThrowableCollector.java:73)
	at org.junit.platform.engine.support.hierarchical.NodeTestTask.lambda$executeRecursively$8(NodeTestTask.java:141)
	at org.junit.platform.engine.support.hierarchical.Node.around(Node.java:137)
	at org.junit.platform.engine.support.hierarchical.NodeTestTask.lambda$executeRecursively$9(NodeTestTask.java:139)
	at org.junit.platform.engine.support.hierarchical.ThrowableCollector.execute(ThrowableCollector.java:73)
	at org.junit.platform.engine.support.hierarchical.NodeTestTask.executeRecursively(NodeTestTask.java:138)
	at org.junit.platform.engine.support.hierarchical.NodeTestTask.execute(NodeTestTask.java:95)
	at org.junit.platform.engine.support.hierarchical.SameThreadHierarchicalTestExecutorService.submit(SameThreadHierarchicalTestExecutorService.java:35)
	at org.junit.platform.engine.support.hierarchical.HierarchicalTestExecutor.execute(HierarchicalTestExecutor.java:57)
	at org.junit.platform.engine.support.hierarchical.HierarchicalTestEngine.execute(HierarchicalTestEngine.java:54)
	at org.junit.platform.launcher.core.EngineExecutionOrchestrator.execute(EngineExecutionOrchestrator.java:107)
	at org.junit.platform.launcher.core.EngineExecutionOrchestrator.execute(EngineExecutionOrchestrator.java:88)
	at org.junit.platform.launcher.core.EngineExecutionOrchestrator.lambda$execute$0(EngineExecutionOrchestrator.java:54)
	at org.junit.platform.launcher.core.EngineExecutionOrchestrator.withInterceptedStreams(EngineExecutionOrchestrator.java:67)
	at org.junit.platform.launcher.core.EngineExecutionOrchestrator.execute(EngineExecutionOrchestrator.java:52)
	at org.junit.platform.launcher.core.DefaultLauncher.execute(DefaultLauncher.java:114)
	at org.junit.platform.launcher.core.DefaultLauncher.execute(DefaultLauncher.java:86)
	at org.junit.platform.launcher.core.DefaultLauncherSession$DelegatingLauncher.execute(DefaultLauncherSession.java:86)
	at org.junit.platform.launcher.core.SessionPerRequestLauncher.execute(SessionPerRequestLauncher.java:53)
	at org.apache.maven.surefire.junitplatform.JUnitPlatformProvider.execute(JUnitPlatformProvider.java:188)
	at org.apache.maven.surefire.junitplatform.JUnitPlatformProvider.invokeAllTests(JUnitPlatformProvider.java:154)
	at org.apache.maven.surefire.junitplatform.JUnitPlatformProvider.invoke(JUnitPlatformProvider.java:124)
	at org.apache.maven.surefire.booter.ForkedBooter.runSuitesInProcess(ForkedBooter.java:428)
	at org.apache.maven.surefire.booter.ForkedBooter.execute(ForkedBooter.java:162)
	at org.apache.maven.surefire.booter.ForkedBooter.run(ForkedBooter.java:562)
	at org.apache.maven.surefire.booter.ForkedBooter.main(ForkedBooter.java:548)
]]></error>
    <system-out><![CDATA[2022-11-07 13:08:30,523 [main] WARN  server.ServerUtils (ServerUtils.java:getScmDbDir(148)) - ozone.scm.db.dirs is not configured. We recommend adding this setting. Falling back to ozone.metadata.dirs instead.
2022-11-07 13:08:30,615 [main] WARN  server.ServerUtils (ServerUtils.java:getScmDbDir(148)) - ozone.scm.db.dirs is not configured. We recommend adding this setting. Falling back to ozone.metadata.dirs instead.
2022-11-07 13:08:30,618 [main] INFO  ha.SCMHANodeDetails (SCMHANodeDetails.java:loadSCMHAConfig(209)) - ServiceID for StorageContainerManager is null
2022-11-07 13:08:30,630 [main] WARN  ha.SCMHANodeDetails (SCMHANodeDetails.java:validateSCMHAConfig(182)) - Invalid config ozone.scm.ratis.enable. The config was not specified, but the default value true conflicts with the expected config value false. Falling back to the expected value. Current State of SCM: SCM is running in Non-HA without Ratis Ratis SCM -> Non Ratis SCM or Non HA SCM -> HA SCM is not supported
2022-11-07 13:08:30,630 [main] INFO  ha.SCMHANodeDetails (SCMHANodeDetails.java:loadSCMHAConfig(214)) - ozone.scm.default.service.id is not defined, falling back to ozone.scm.service.ids to find serviceID for StorageContainerManager if it is HA enabled cluster
2022-11-07 13:08:31,199 [main] WARN  utils.HAUtils (HAUtils.java:getMetaDir(342)) - ozone.scm.db.dirs is not configured. We recommend adding this setting. Falling back to ozone.metadata.dirs instead.
2022-11-07 13:08:31,345 [main] WARN  db.DBStoreBuilder (DBStoreBuilder.java:applyDBDefinition(144)) - ozone.scm.db.dirs is not configured. We recommend adding this setting. Falling back to ozone.metadata.dirs instead.
2022-11-07 13:08:31,705 [main] INFO  net.NodeSchemaLoader (NodeSchemaLoader.java:loadSchemaFromFile(129)) - Loading schema from [jar:file:/home/runner/.m2/repository/org/apache/ozone/hdds-common/1.3.0-SNAPSHOT/hdds-common-1.3.0-SNAPSHOT.jar!/network-topology-default.xml]
2022-11-07 13:08:31,707 [main] INFO  net.NodeSchemaLoader (NodeSchemaLoader.java:loadSchema(176)) - Loading network topology layer schema file
2022-11-07 13:08:31,753 [main] INFO  metrics.MetricRegistries (MetricRegistriesLoader.java:load(64)) - Loaded MetricRegistries class org.apache.ratis.metrics.impl.MetricRegistriesImpl
2022-11-07 13:08:31,765 [main] INFO  upgrade.AbstractLayoutVersionManager (AbstractLayoutVersionManager.java:init(83)) - Initializing Layout version manager with metadata layout = DATANODE_SCHEMA_V3 (version = 4), software layout = DATANODE_SCHEMA_V3 (version = 4)
2022-11-07 13:08:32,084 [main] INFO  reflections.Reflections (Reflections.java:scan(232)) - Reflections took 209 ms to scan 7 urls, producing 139 keys and 336 values 
2022-11-07 13:08:32,236 [main] INFO  ha.SequenceIdGenerator (SequenceIdGenerator.java:upgradeToSequenceId(349)) - upgrade localId to 109611004723200000
2022-11-07 13:08:32,236 [main] INFO  ha.SequenceIdGenerator (SequenceIdGenerator.java:upgradeToSequenceId(359)) - upgrade delTxnId to 0
2022-11-07 13:08:32,240 [main] INFO  ha.SequenceIdGenerator (SequenceIdGenerator.java:upgradeToSequenceId(376)) - upgrade containerId to 0
2022-11-07 13:08:32,243 [main] INFO  ha.SequenceIdGenerator (SequenceIdGenerator.java:<init>(220)) - Init the HA SequenceIdGenerator.
2022-11-07 13:08:32,296 [main] WARN  server.ServerUtils (ServerUtils.java:sanitizeUserArgs(67)) - ozone.scm.stale.node.interval value = 1000 is smaller than min = 3000 based on the key value of hdds.heartbeat.interval, reset to the min value 3000.
2022-11-07 13:08:32,297 [main] WARN  server.ServerUtils (ServerUtils.java:sanitizeUserArgs(67)) - ozone.scm.stale.node.interval value = 1000 is smaller than min = 3000 based on the key value of hdds.heartbeat.interval, reset to the min value 3000.
2022-11-07 13:08:32,297 [main] WARN  server.ServerUtils (ServerUtils.java:sanitizeUserArgs(67)) - ozone.scm.dead.node.interval value = 1000 is smaller than min = 6000 based on the key value of ozone.scm.stale.node.interval, reset to the min value 6000.
2022-11-07 13:08:32,305 [main] INFO  node.SCMNodeManager (SCMNodeManager.java:<init>(149)) - Entering startup safe mode.
2022-11-07 13:08:32,394 [main] INFO  algorithms.ContainerPlacementPolicyFactory (ContainerPlacementPolicyFactory.java:getPolicyInternal(86)) - Create container placement policy of type org.apache.hadoop.hdds.scm.container.placement.algorithms.SCMContainerPlacementRandom
2022-11-07 13:08:32,399 [main] INFO  algorithms.ContainerPlacementPolicyFactory (ContainerPlacementPolicyFactory.java:getPolicyInternal(86)) - Create container placement policy of type org.apache.hadoop.hdds.scm.container.placement.algorithms.SCMContainerPlacementRackScatter
2022-11-07 13:08:32,428 [main] INFO  pipeline.PipelineStateManagerImpl (PipelineStateManagerImpl.java:initialize(78)) - No pipeline exists in current db
2022-11-07 13:08:32,469 [main] INFO  algorithms.LeaderChoosePolicyFactory (LeaderChoosePolicyFactory.java:getPolicy(57)) - Create leader choose policy of type org.apache.hadoop.hdds.scm.pipeline.leader.choose.algorithms.MinLeaderCountChoosePolicy
2022-11-07 13:08:32,469 [main] INFO  algorithms.ContainerPlacementPolicyFactory (ContainerPlacementPolicyFactory.java:getPolicyInternal(86)) - Create container placement policy of type org.apache.hadoop.hdds.scm.container.placement.algorithms.SCMContainerPlacementRackScatter
2022-11-07 13:08:32,478 [main] INFO  ha.SCMServiceManager (SCMServiceManager.java:register(42)) - Registering service BackgroundPipelineCreator.
2022-11-07 13:08:32,478 [main] INFO  pipeline.BackgroundPipelineCreator (BackgroundPipelineCreator.java:start(124)) - Starting RatisPipelineUtilsThread.
2022-11-07 13:08:32,483 [main] INFO  BackgroundPipelineScrubber (BackgroundSCMService.java:start(68)) - Starting BackgroundPipelineScrubber Service.
2022-11-07 13:08:32,483 [main] INFO  ha.SCMServiceManager (SCMServiceManager.java:register(42)) - Registering service BackgroundPipelineScrubber.
2022-11-07 13:08:32,493 [main] INFO  ExpiredContainerReplicaOpScrubber (BackgroundSCMService.java:start(68)) - Starting ExpiredContainerReplicaOpScrubber Service.
2022-11-07 13:08:32,493 [main] INFO  ha.SCMServiceManager (SCMServiceManager.java:register(42)) - Registering service ExpiredContainerReplicaOpScrubber.
2022-11-07 13:08:32,551 [main] INFO  algorithms.PipelineChoosePolicyFactory (PipelineChoosePolicyFactory.java:createPipelineChoosePolicyFromClass(73)) - Create pipeline choose policy of type org.apache.hadoop.hdds.scm.pipeline.choose.algorithms.RandomPipelineChoosePolicy
2022-11-07 13:08:32,578 [main] INFO  ha.SCMServiceManager (SCMServiceManager.java:register(42)) - Registering service SCMBlockDeletingService.
2022-11-07 13:08:32,651 [main] INFO  replication.ReplicationManager (ReplicationManager.java:start(239)) - Starting Replication Monitor Thread.
2022-11-07 13:08:32,659 [main] INFO  ha.SCMServiceManager (SCMServiceManager.java:register(42)) - Registering service ReplicationManager.
2022-11-07 13:08:32,662 [ReplicationMonitor] INFO  replication.ReplicationManager (ReplicationManager.java:processAll(307)) - Replication Manager is not ready to run until 3000ms after safemode exit
2022-11-07 13:08:32,669 [main] INFO  safemode.ContainerSafeModeRule (ContainerSafeModeRule.java:<init>(89)) - containers with one replica threshold count 0
2022-11-07 13:08:32,676 [main] INFO  safemode.HealthyPipelineSafeModeRule (HealthyPipelineSafeModeRule.java:initializeRule(169)) - Total pipeline count is 0, healthy pipeline threshold count is 1
2022-11-07 13:08:32,678 [main] INFO  safemode.OneReplicaPipelineSafeModeRule (OneReplicaPipelineSafeModeRule.java:initializeRule(180)) - Total pipeline count is 0, pipeline's with at least one datanode reported threshold count is 0
2022-11-07 13:08:33,029 [main] INFO  audit.AuditLogger (AuditLogger.java:refreshDebugCmdSet(126)) - Refresh DebugCmdSet for SCMAudit to [].
2022-11-07 13:08:33,078 [main] INFO  ipc.CallQueueManager (CallQueueManager.java:<init>(90)) - Using callQueue: class java.util.concurrent.LinkedBlockingQueue, queueCapacity: 2000, scheduler: class org.apache.hadoop.ipc.DefaultRpcScheduler, ipcBackoff: false.
2022-11-07 13:08:33,124 [Socket Reader #1 for port 0] INFO  ipc.Server (Server.java:run(1273)) - Starting Socket Reader #1 for port 0
2022-11-07 13:08:33,203 [Listener at 0.0.0.0/41185] INFO  audit.AuditLogger (AuditLogger.java:refreshDebugCmdSet(126)) - Refresh DebugCmdSet for SCMAudit to [].
2022-11-07 13:08:33,210 [Listener at 0.0.0.0/41185] INFO  ipc.CallQueueManager (CallQueueManager.java:<init>(90)) - Using callQueue: class java.util.concurrent.LinkedBlockingQueue, queueCapacity: 2000, scheduler: class org.apache.hadoop.ipc.DefaultRpcScheduler, ipcBackoff: false.
2022-11-07 13:08:33,212 [Socket Reader #1 for port 0] INFO  ipc.Server (Server.java:run(1273)) - Starting Socket Reader #1 for port 0
2022-11-07 13:08:33,249 [Listener at 0.0.0.0/42553] INFO  audit.AuditLogger (AuditLogger.java:refreshDebugCmdSet(126)) - Refresh DebugCmdSet for SCMAudit to [].
2022-11-07 13:08:33,263 [Listener at 0.0.0.0/42553] INFO  ipc.CallQueueManager (CallQueueManager.java:<init>(90)) - Using callQueue: class java.util.concurrent.LinkedBlockingQueue, queueCapacity: 2000, scheduler: class org.apache.hadoop.ipc.DefaultRpcScheduler, ipcBackoff: false.
2022-11-07 13:08:33,265 [Socket Reader #1 for port 0] INFO  ipc.Server (Server.java:run(1273)) - Starting Socket Reader #1 for port 0
2022-11-07 13:08:33,333 [Listener at 0.0.0.0/43027] INFO  ha.SCMServiceManager (SCMServiceManager.java:register(42)) - Registering service ContainerBalancer.
2022-11-07 13:08:33,336 [Listener at 0.0.0.0/43027] INFO  server.StorageContainerManager (StorageContainerManager.java:<init>(415)) - 
Container Balancer status:
Key                            Value
Running                        true
Container Balancer Configuration values:
Key                                                Value
Threshold                                          10
Max Datanodes to Involve per Iteration(percent)    20
Max Size to Move per Iteration                     500GB
Max Size Entering Target per Iteration             26GB
Max Size Leaving Source per Iteration              26GB

2022-11-07 13:08:33,336 [Listener at 0.0.0.0/43027] WARN  events.EventQueue (EventQueue.java:fireEvent(216)) - No event handler registered for event TypedEvent{payloadType=SafeModeStatus, name='Safe mode status'}
2022-11-07 13:08:33,338 [Listener at 0.0.0.0/43027] INFO  ha.SCMContext (SCMContext.java:updateSafeModeStatus(228)) - Update SafeModeStatus from SafeModeStatus{safeModeStatus=true, preCheckPassed=false} to SafeModeStatus{safeModeStatus=true, preCheckPassed=false}.
2022-11-07 13:08:33,341 [Listener at 0.0.0.0/43027] INFO  server.StorageContainerManager (StorageContainerManager.java:start(1449)) - StorageContainerLocationProtocol RPC server is listening at /0.0.0.0:43027
2022-11-07 13:08:33,417 [Listener at 0.0.0.0/43027] WARN  impl.MetricsConfig (MetricsConfig.java:loadFirst(136)) - Cannot locate configuration: tried hadoop-metrics2-storagecontainermanager.properties,hadoop-metrics2.properties
2022-11-07 13:08:33,438 [Listener at 0.0.0.0/43027] INFO  impl.MetricsSystemImpl (MetricsSystemImpl.java:startTimer(378)) - Scheduled Metric snapshot period at 10 second(s).
2022-11-07 13:08:33,439 [Listener at 0.0.0.0/43027] INFO  impl.MetricsSystemImpl (MetricsSystemImpl.java:start(191)) - StorageContainerManager metrics system started
2022-11-07 13:08:33,848 [Listener at 0.0.0.0/43027] INFO  server.SCMClientProtocolServer (SCMClientProtocolServer.java:start(170)) - RPC server for Client  is listening at /0.0.0.0:43027
2022-11-07 13:08:33,850 [IPC Server Responder] INFO  ipc.Server (Server.java:run(1512)) - IPC Server Responder: starting
2022-11-07 13:08:33,859 [IPC Server listener on 0] INFO  ipc.Server (Server.java:run(1352)) - IPC Server listener on 0: starting
2022-11-07 13:08:33,890 [Listener at 0.0.0.0/43027] INFO  server.StorageContainerManager (StorageContainerManager.java:start(1464)) - ScmBlockLocationProtocol RPC server is listening at /0.0.0.0:42553
2022-11-07 13:08:33,891 [Listener at 0.0.0.0/43027] INFO  server.SCMBlockProtocolServer (SCMBlockProtocolServer.java:start(152)) - RPC server for Block Protocol is listening at /0.0.0.0:42553
2022-11-07 13:08:33,892 [IPC Server Responder] INFO  ipc.Server (Server.java:run(1512)) - IPC Server Responder: starting
2022-11-07 13:08:33,893 [IPC Server listener on 0] INFO  ipc.Server (Server.java:run(1352)) - IPC Server listener on 0: starting
2022-11-07 13:08:33,901 [Listener at 0.0.0.0/43027] INFO  server.SCMDatanodeProtocolServer (SCMDatanodeProtocolServer.java:start(186)) - ScmDatanodeProtocol RPC server for DataNodes is listening at /0.0.0.0:41185
2022-11-07 13:08:33,902 [IPC Server Responder] INFO  ipc.Server (Server.java:run(1512)) - IPC Server Responder: starting
2022-11-07 13:08:33,902 [IPC Server listener on 0] INFO  ipc.Server (Server.java:run(1352)) - IPC Server listener on 0: starting
2022-11-07 13:08:33,935 [org.apache.hadoop.util.JvmPauseMonitor$Monitor@1afabf06] INFO  util.JvmPauseMonitor (JvmPauseMonitor.java:run(188)) - Starting JVM pause monitor
2022-11-07 13:08:33,954 [Listener at 0.0.0.0/43027] INFO  http.BaseHttpServer (BaseHttpServer.java:newHttpServer2BuilderForOzone(213)) - Starting Web-server for scm at: http://0.0.0.0:0
2022-11-07 13:08:33,955 [Listener at 0.0.0.0/43027] INFO  http.BaseHttpServer (BaseHttpServer.java:<init>(108)) - Hadoop Security Enabled: false Ozone Security Enabled: false Ozone HTTP Security Enabled: false 
2022-11-07 13:08:33,986 [Listener at 0.0.0.0/43027] INFO  util.log (Log.java:initialized(170)) - Logging initialized @5143ms to org.eclipse.jetty.util.log.Slf4jLog
2022-11-07 13:08:34,123 [Listener at 0.0.0.0/43027] WARN  server.AuthenticationFilter (AuthenticationFilter.java:constructSecretProvider(240)) - Unable to initialize FileSignerSecretProvider, falling back to use random secrets. Reason: Could not read signature secret file: /home/runner/hadoop-http-auth-signature-secret
2022-11-07 13:08:34,131 [Listener at 0.0.0.0/43027] WARN  http.HttpRequestLog (HttpRequestLog.java:getRequestLog(103)) - Jetty request log can only be enabled using Log4j
2022-11-07 13:08:34,139 [Listener at 0.0.0.0/43027] INFO  http.HttpServer2 (HttpServer2.java:addGlobalFilter(1031)) - Added global filter 'safety' (class=org.apache.hadoop.hdds.server.http.HttpServer2$QuotingInputFilter)
2022-11-07 13:08:34,141 [Listener at 0.0.0.0/43027] INFO  http.HttpServer2 (HttpServer2.java:addFilter(1007)) - Added filter static_user_filter (class=org.apache.hadoop.http.lib.StaticUserWebFilter$StaticUserFilter) to context scm
2022-11-07 13:08:34,142 [Listener at 0.0.0.0/43027] INFO  http.HttpServer2 (HttpServer2.java:addFilter(1015)) - Added filter static_user_filter (class=org.apache.hadoop.http.lib.StaticUserWebFilter$StaticUserFilter) to context static
2022-11-07 13:08:34,142 [Listener at 0.0.0.0/43027] INFO  http.HttpServer2 (HttpServer2.java:addFilter(1015)) - Added filter static_user_filter (class=org.apache.hadoop.http.lib.StaticUserWebFilter$StaticUserFilter) to context logs
2022-11-07 13:08:34,200 [Listener at 0.0.0.0/43027] INFO  http.HttpServer2 (HttpServer2.java:bindListener(1250)) - Jetty bound to port 38847
2022-11-07 13:08:34,201 [Listener at 0.0.0.0/43027] INFO  server.Server (Server.java:doStart(375)) - jetty-9.4.49.v20220914; built: 2022-09-14T01:07:36.601Z; git: 4231a3b2e4cb8548a412a789936d640a97b1aa0a; jvm 1.8.0_345-b01
2022-11-07 13:08:34,262 [Listener at 0.0.0.0/43027] INFO  server.session (DefaultSessionIdManager.java:doStart(334)) - DefaultSessionIdManager workerName=node0
2022-11-07 13:08:34,262 [Listener at 0.0.0.0/43027] INFO  server.session (DefaultSessionIdManager.java:doStart(339)) - No SessionScavenger set, using defaults
2022-11-07 13:08:34,265 [Listener at 0.0.0.0/43027] INFO  server.session (HouseKeeper.java:startScavenging(132)) - node0 Scavenging every 600000ms
2022-11-07 13:08:34,281 [Listener at 0.0.0.0/43027] INFO  handler.ContextHandler (ContextHandler.java:doStart(921)) - Started o.e.j.s.ServletContextHandler@118879d2{logs,/logs,file:///home/runner/work/ozone/ozone/hadoop-ozone/integration-test/target/log,AVAILABLE}
2022-11-07 13:08:34,283 [Listener at 0.0.0.0/43027] INFO  handler.ContextHandler (ContextHandler.java:doStart(921)) - Started o.e.j.s.ServletContextHandler@b859355{static,/static,file:///home/runner/work/ozone/ozone/hadoop-ozone/integration-test/target/test-classes/webapps/static,AVAILABLE}
2022-11-07 13:08:34,346 [Listener at 0.0.0.0/43027] INFO  handler.ContextHandler (ContextHandler.java:doStart(921)) - Started o.e.j.w.WebAppContext@17e66aed{scm,/,file:///home/runner/work/ozone/ozone/hadoop-ozone/integration-test/target/test-classes/webapps/scm/,AVAILABLE}{file:/home/runner/work/ozone/ozone/hadoop-ozone/integration-test/target/test-classes/webapps/scm}
2022-11-07 13:08:34,360 [Listener at 0.0.0.0/43027] INFO  server.AbstractConnector (AbstractConnector.java:doStart(333)) - Started ServerConnector@34cb1310{HTTP/1.1, (http/1.1)}{0.0.0.0:38847}
2022-11-07 13:08:34,361 [Listener at 0.0.0.0/43027] INFO  server.Server (Server.java:doStart(415)) - Started @5518ms
2022-11-07 13:08:34,364 [Listener at 0.0.0.0/43027] INFO  impl.MetricsSinkAdapter (MetricsSinkAdapter.java:start(204)) - Sink prometheus started
2022-11-07 13:08:34,364 [Listener at 0.0.0.0/43027] INFO  impl.MetricsSystemImpl (MetricsSystemImpl.java:registerSink(305)) - Registered sink prometheus
2022-11-07 13:08:34,366 [Listener at 0.0.0.0/43027] INFO  http.BaseHttpServer (BaseHttpServer.java:updateConnectorAddress(333)) - HTTP server of scm listening at http://0.0.0.0:38847
2022-11-07 13:08:34,368 [Listener at 0.0.0.0/43027] WARN  server.ServerUtils (ServerUtils.java:getDBPath(225)) - ozone.om.db.dirs is not configured. We recommend adding this setting. Falling back to ozone.metadata.dirs instead.
2022-11-07 13:08:34,441 [Listener at 0.0.0.0/43027] INFO  audit.AuditLogger (AuditLogger.java:refreshDebugCmdSet(126)) - Refresh DebugCmdSet for OMAudit to [].
2022-11-07 13:08:34,572 [Listener at 0.0.0.0/43027] INFO  ha.OMHANodeDetails (OMHANodeDetails.java:loadOMHAConfig(115)) - ozone.om.internal.service.id is not defined, falling back to ozone.om.service.ids to find serviceID for OzoneManager if it is HA enabled cluster
2022-11-07 13:08:34,576 [Listener at 0.0.0.0/43027] INFO  ha.OMHANodeDetails (OMHANodeDetails.java:loadOMHAConfig(226)) - Configuration does not have ozone.om.address set. Falling back to the default OM address /127.0.0.1:0
2022-11-07 13:08:34,576 [Listener at 0.0.0.0/43027] INFO  ha.OMHANodeDetails (OMHANodeDetails.java:getOMNodeDetailsForNonHA(254)) - OM Service ID is not set. Setting it to the default ID: omServiceIdDefault
2022-11-07 13:08:34,576 [Listener at 0.0.0.0/43027] INFO  ha.OMHANodeDetails (OMHANodeDetails.java:getOMNodeDetailsForNonHA(261)) - OM Node ID is not set. Setting it to the default ID: om1
2022-11-07 13:08:34,583 [Listener at 0.0.0.0/43027] WARN  server.ServerUtils (ServerUtils.java:getDBPath(225)) - ozone.om.db.dirs is not configured. We recommend adding this setting. Falling back to ozone.metadata.dirs instead.
2022-11-07 13:08:34,585 [Listener at 0.0.0.0/43027] INFO  upgrade.AbstractLayoutVersionManager (AbstractLayoutVersionManager.java:init(83)) - Initializing Layout version manager with metadata layout = MULTITENANCY_SCHEMA (version = 3), software layout = MULTITENANCY_SCHEMA (version = 3)
2022-11-07 13:08:34,697 [Listener at 0.0.0.0/43027] INFO  reflections.Reflections (Reflections.java:scan(232)) - Reflections took 106 ms to scan 2 urls, producing 154 keys and 428 values [using 2 cores]
2022-11-07 13:08:34,702 [Listener at 0.0.0.0/43027] INFO  upgrade.OMLayoutVersionManager (OMLayoutVersionManager.java:lambda$0(115)) - Skipping Upgrade Action MockOmUpgradeAction since it has been finalized.
2022-11-07 13:08:34,708 [Listener at 0.0.0.0/43027] WARN  server.ServerUtils (ServerUtils.java:getDBPath(225)) - ozone.om.db.dirs is not configured. We recommend adding this setting. Falling back to ozone.metadata.dirs instead.
2022-11-07 13:08:34,900 [Listener at 0.0.0.0/43027] INFO  proxy.SCMBlockLocationFailoverProxyProvider (SCMBlockLocationFailoverProxyProvider.java:<init>(114)) - Created block location fail-over proxy with 1 nodes: [nodeId=scmNodeId,nodeAddress=/0.0.0.0:42553]
2022-11-07 13:08:34,941 [Listener at 0.0.0.0/43027] INFO  proxy.SCMBlockLocationFailoverProxyProvider (SCMBlockLocationFailoverProxyProvider.java:<init>(114)) - Created block location fail-over proxy with 1 nodes: [nodeId=scmNodeId,nodeAddress=/0.0.0.0:42553]
2022-11-07 13:08:35,213 [Listener at 0.0.0.0/43027] WARN  server.ServerUtils (ServerUtils.java:getDBPath(225)) - ozone.om.db.dirs is not configured. We recommend adding this setting. Falling back to ozone.metadata.dirs instead.
2022-11-07 13:08:35,220 [Listener at 0.0.0.0/43027] INFO  codec.OmKeyInfoCodec (OmKeyInfoCodec.java:<init>(49)) - OmKeyInfoCodec ignorePipeline = true
2022-11-07 13:08:35,221 [Listener at 0.0.0.0/43027] INFO  codec.RepeatedOmKeyInfoCodec (RepeatedOmKeyInfoCodec.java:<init>(41)) - RepeatedOmKeyInfoCodec ignorePipeline = true
2022-11-07 13:08:35,460 [Listener at 0.0.0.0/43027] INFO  om.OzoneManager (OzoneManager.java:instantiateServices(715)) - S3 Multi-Tenancy is disabled
2022-11-07 13:08:35,608 [Listener at 0.0.0.0/43027] INFO  om.OzoneManager (OzoneManager.java:addS3GVolumeToDB(4395)) - Created Volume s3v With Owner runner required for S3Gateway operations.
2022-11-07 13:08:35,678 [Listener at 0.0.0.0/43027] WARN  server.ServerUtils (ServerUtils.java:getDefaultRatisDirectory(237)) - Storage directory for Ratis is not configured. It is a good idea to map this to an SSD disk. Falling back to ozone.metadata.dirs
2022-11-07 13:08:35,679 [Listener at 0.0.0.0/43027] WARN  utils.OzoneManagerRatisUtils (OzoneManagerRatisUtils.java:getOMRatisSnapshotDirectory(434)) - ozone.om.ratis.snapshot.dir is not configured. Falling back to ozone.metadata.dirs config
2022-11-07 13:08:35,711 [Listener at 0.0.0.0/43027] WARN  server.ServerUtils (ServerUtils.java:getDefaultRatisDirectory(237)) - Storage directory for Ratis is not configured. It is a good idea to map this to an SSD disk. Falling back to ozone.metadata.dirs
2022-11-07 13:08:35,764 [Listener at 0.0.0.0/43027] INFO  ratis.OzoneManagerRatisServer (OzoneManagerRatisServer.java:<init>(160)) - Instantiating OM Ratis server with groupID: omServiceIdDefault and peers: localhost:9872
2022-11-07 13:08:35,775 [Listener at 0.0.0.0/43027] INFO  ratis.OzoneManagerStateMachine (OzoneManagerStateMachine.java:loadSnapshotInfoFromDB(636)) - LastAppliedIndex is set from TransactionInfo from OM DB as (t:0, i:~)
2022-11-07 13:08:35,837 [Listener at 0.0.0.0/43027] INFO  server.RaftServer (ConfUtils.java:logGet(46)) - raft.rpc.type = GRPC (default)
2022-11-07 13:08:35,948 [Listener at 0.0.0.0/43027] INFO  grpc.GrpcConfigKeys (ConfUtils.java:logFallback(53)) - raft.grpc.admin.host = null (fallback to raft.grpc.server.host)
2022-11-07 13:08:35,949 [Listener at 0.0.0.0/43027] INFO  grpc.GrpcConfigKeys (ConfUtils.java:logFallback(53)) - raft.grpc.admin.port = 9872 (fallback to raft.grpc.server.port)
2022-11-07 13:08:35,950 [Listener at 0.0.0.0/43027] INFO  grpc.GrpcConfigKeys (ConfUtils.java:logFallback(53)) - raft.grpc.client.host = null (fallback to raft.grpc.server.host)
2022-11-07 13:08:35,951 [Listener at 0.0.0.0/43027] INFO  grpc.GrpcConfigKeys (ConfUtils.java:logFallback(53)) - raft.grpc.client.port = 9872 (fallback to raft.grpc.server.port)
2022-11-07 13:08:35,951 [Listener at 0.0.0.0/43027] INFO  grpc.GrpcConfigKeys (ConfUtils.java:logGet(46)) - raft.grpc.server.host = null (default)
2022-11-07 13:08:35,951 [Listener at 0.0.0.0/43027] INFO  grpc.GrpcConfigKeys (ConfUtils.java:logGet(46)) - raft.grpc.server.port = 9872 (custom)
2022-11-07 13:08:35,952 [Listener at 0.0.0.0/43027] INFO  server.GrpcService (ConfUtils.java:logGet(46)) - raft.grpc.message.size.max = 33554432 (custom)
2022-11-07 13:08:35,954 [Listener at 0.0.0.0/43027] INFO  server.RaftServerConfigKeys (ConfUtils.java:logGet(46)) - raft.server.log.appender.buffer.byte-limit = 33554432 (custom)
2022-11-07 13:08:35,955 [Listener at 0.0.0.0/43027] INFO  server.GrpcService (ConfUtils.java:logGet(46)) - raft.grpc.flow.control.window = 1MB (=1048576) (default)
2022-11-07 13:08:35,955 [Listener at 0.0.0.0/43027] INFO  server.RaftServerConfigKeys (ConfUtils.java:logGet(46)) - raft.server.rpc.request.timeout = 3000ms (default)
2022-11-07 13:08:35,974 [Listener at 0.0.0.0/43027] INFO  grpc.GrpcConfigKeys (ConfUtils.java:logGet(46)) - raft.grpc.server.heartbeat.channel = true (default)
2022-11-07 13:08:35,978 [Listener at 0.0.0.0/43027] INFO  grpc.GrpcConfigKeys (ConfUtils.java:logGet(46)) - raft.grpc.server.async.request.thread.pool.cached = true (default)
2022-11-07 13:08:35,979 [Listener at 0.0.0.0/43027] INFO  grpc.GrpcConfigKeys (ConfUtils.java:logGet(46)) - raft.grpc.server.async.request.thread.pool.size = 32 (default)
2022-11-07 13:08:36,344 [Listener at 0.0.0.0/43027] INFO  impl.DataStreamServerImpl (ConfUtils.java:logGet(46)) - raft.datastream.type = DISABLED (default)
2022-11-07 13:08:36,351 [Listener at 0.0.0.0/43027] INFO  server.RaftServerConfigKeys (ConfUtils.java:logGet(46)) - raft.server.threadpool.proxy.cached = true (default)
2022-11-07 13:08:36,353 [Listener at 0.0.0.0/43027] INFO  server.RaftServerConfigKeys (ConfUtils.java:logGet(46)) - raft.server.threadpool.proxy.size = 0 (default)
2022-11-07 13:08:36,354 [Listener at 0.0.0.0/43027] INFO  server.RaftServerConfigKeys (ConfUtils.java:logGet(46)) - raft.server.rpc.slowness.timeout = 120s (custom)
2022-11-07 13:08:36,354 [Listener at 0.0.0.0/43027] INFO  server.RaftServerConfigKeys (ConfUtils.java:logGet(46)) - raft.server.leaderelection.leader.step-down.wait-time = 10s (default)
2022-11-07 13:08:36,359 [Listener at 0.0.0.0/43027] INFO  server.RaftServerConfigKeys (ConfUtils.java:logGet(46)) - raft.server.storage.dir = [/home/runner/work/ozone/ozone/hadoop-ozone/integration-test/target/test-dir/MiniOzoneClusterImpl-2a90587d-8655-4e72-8ce6-1bf59b520396/ozone-meta/ratis] (custom)
2022-11-07 13:08:36,375 [Listener at 0.0.0.0/43027] INFO  server.RaftServer (RaftServerProxy.java:addNew(96)) - om1: addNew group-C5BA1605619E:[om1|rpc:localhost:9872|priority:0|startupRole:FOLLOWER] returns group-C5BA1605619E:java.util.concurrent.CompletableFuture@3aa8ebf9[Not completed]
2022-11-07 13:08:36,375 [Listener at 0.0.0.0/43027] INFO  om.OzoneManager (OzoneManager.java:initializeRatisServer(1978)) - OzoneManager Ratis server initialized at port 9872
2022-11-07 13:08:36,400 [Listener at 0.0.0.0/43027] INFO  om.OzoneManager (OzoneManager.java:getRpcServer(1104)) - Creating RPC Server
2022-11-07 13:08:36,444 [pool-55-thread-1] INFO  server.RaftServer$Division (RaftServerImpl.java:<init>(195)) - om1: new RaftServerImpl for group-C5BA1605619E:[om1|rpc:localhost:9872|priority:0|startupRole:FOLLOWER] with OzoneManagerStateMachine:uninitialized
2022-11-07 13:08:36,446 [pool-55-thread-1] INFO  server.RaftServerConfigKeys (ConfUtils.java:logGet(46)) - raft.server.rpc.timeout.min = 1s (custom)
2022-11-07 13:08:36,447 [pool-55-thread-1] INFO  server.RaftServerConfigKeys (ConfUtils.java:logGet(46)) - raft.server.rpc.timeout.max = 1200ms (custom)
2022-11-07 13:08:36,448 [pool-55-thread-1] INFO  server.RaftServerConfigKeys (ConfUtils.java:logGet(46)) - raft.server.rpc.sleep.time = 25ms (default)
2022-11-07 13:08:36,448 [pool-55-thread-1] INFO  server.RaftServerConfigKeys (ConfUtils.java:logGet(46)) - raft.server.rpc.slowness.timeout = 120s (custom)
2022-11-07 13:08:36,448 [pool-55-thread-1] INFO  server.RaftServerConfigKeys (ConfUtils.java:logGet(46)) - raft.server.leaderelection.leader.step-down.wait-time = 10s (default)
2022-11-07 13:08:36,448 [pool-55-thread-1] INFO  server.RaftServerConfigKeys (ConfUtils.java:logGet(46)) - raft.server.sleep.deviation.threshold = 300ms (default)
2022-11-07 13:08:36,473 [pool-55-thread-1] INFO  server.RaftServer$Division (ServerState.java:<init>(118)) - om1@group-C5BA1605619E: ConfigurationManager, init=-1: peers:[om1|rpc:localhost:9872|priority:0|startupRole:FOLLOWER]|listeners:[], old=null, confs=<EMPTY_MAP>
2022-11-07 13:08:36,474 [pool-55-thread-1] INFO  server.RaftServerConfigKeys (ConfUtils.java:logGet(46)) - raft.server.storage.dir = [/home/runner/work/ozone/ozone/hadoop-ozone/integration-test/target/test-dir/MiniOzoneClusterImpl-2a90587d-8655-4e72-8ce6-1bf59b520396/ozone-meta/ratis] (custom)
2022-11-07 13:08:36,522 [pool-55-thread-1] INFO  server.RaftServerConfigKeys (ConfUtils.java:logGet(46)) - raft.server.log.corruption.policy = EXCEPTION (default)
2022-11-07 13:08:36,522 [pool-55-thread-1] INFO  server.RaftServerConfigKeys (ConfUtils.java:logGet(46)) - raft.server.storage.free-space.min = 0MB (=0) (default)
2022-11-07 13:08:36,550 [pool-55-thread-1] INFO  server.RaftServerConfigKeys (ConfUtils.java:logGet(46)) - raft.server.notification.no-leader.timeout = 120s (custom)
2022-11-07 13:08:36,566 [pool-55-thread-1] INFO  server.RaftServerConfigKeys (ConfUtils.java:logGet(46)) - raft.server.retrycache.expirytime = 300s (custom)
2022-11-07 13:08:36,566 [pool-55-thread-1] INFO  server.RaftServerConfigKeys (ConfUtils.java:logGet(46)) - raft.server.retrycache.statistics.expirytime = 100μs (default)
2022-11-07 13:08:36,826 [pool-55-thread-1] INFO  server.RaftServerConfigKeys (ConfUtils.java:logGet(46)) - raft.server.log.appender.install.snapshot.enabled = false (custom)
2022-11-07 13:08:36,831 [pool-55-thread-1] INFO  server.RaftServerConfigKeys (ConfUtils.java:logGet(46)) - raft.server.threadpool.server.cached = true (default)
2022-11-07 13:08:36,833 [pool-55-thread-1] INFO  server.RaftServerConfigKeys (ConfUtils.java:logGet(46)) - raft.server.threadpool.server.size = 0 (default)
2022-11-07 13:08:36,833 [pool-55-thread-1] INFO  server.RaftServerConfigKeys (ConfUtils.java:logGet(46)) - raft.server.threadpool.client.cached = true (default)
2022-11-07 13:08:36,835 [pool-55-thread-1] INFO  server.RaftServerConfigKeys (ConfUtils.java:logGet(46)) - raft.server.threadpool.client.size = 0 (default)
2022-11-07 13:08:37,400 [Listener at 0.0.0.0/43027] INFO  reflections.Reflections (Reflections.java:scan(232)) - Reflections took 872 ms to scan 19 urls, producing 67 keys and 4312 values [using 2 cores]
2022-11-07 13:08:37,566 [Listener at 0.0.0.0/43027] INFO  ipc.CallQueueManager (CallQueueManager.java:<init>(90)) - Using callQueue: class java.util.concurrent.LinkedBlockingQueue, queueCapacity: 2000, scheduler: class org.apache.hadoop.ipc.DefaultRpcScheduler, ipcBackoff: false.
2022-11-07 13:08:37,567 [Socket Reader #1 for port 0] INFO  ipc.Server (Server.java:run(1273)) - Starting Socket Reader #1 for port 0
2022-11-07 13:08:37,603 [Listener at 127.0.0.1/42403] INFO  impl.MetricsSystemImpl (MetricsSystemImpl.java:init(158)) - OzoneManager metrics system started (again)
2022-11-07 13:08:37,618 [Listener at 127.0.0.1/42403] INFO  om.OzoneManager (OzoneManager.java:start(1485)) - OzoneManager RPC server is listening at localhost/127.0.0.1:42403
2022-11-07 13:08:37,619 [Listener at 127.0.0.1/42403] INFO  ratis.OzoneManagerRatisServer (OzoneManagerRatisServer.java:start(555)) - Starting OzoneManagerRatisServer om1 at port 9872
2022-11-07 13:08:37,623 [om1-impl-thread1] INFO  storage.RaftStorageDirectory (RaftStorageDirectoryImpl.java:analyzeStorage(137)) - The storage directory /home/runner/work/ozone/ozone/hadoop-ozone/integration-test/target/test-dir/MiniOzoneClusterImpl-2a90587d-8655-4e72-8ce6-1bf59b520396/ozone-meta/ratis/bf265839-605b-3f16-9796-c5ba1605619e does not exist. Creating ...
2022-11-07 13:08:37,628 [om1-impl-thread1] INFO  storage.RaftStorageDirectory (RaftStorageDirectoryImpl.java:tryLock(231)) - Lock on /home/runner/work/ozone/ozone/hadoop-ozone/integration-test/target/test-dir/MiniOzoneClusterImpl-2a90587d-8655-4e72-8ce6-1bf59b520396/ozone-meta/ratis/bf265839-605b-3f16-9796-c5ba1605619e/in_use.lock acquired by nodename 14802@fv-az255-291
2022-11-07 13:08:37,636 [om1-impl-thread1] INFO  storage.RaftStorage (RaftStorageImpl.java:format(96)) - Storage directory /home/runner/work/ozone/ozone/hadoop-ozone/integration-test/target/test-dir/MiniOzoneClusterImpl-2a90587d-8655-4e72-8ce6-1bf59b520396/ozone-meta/ratis/bf265839-605b-3f16-9796-c5ba1605619e has been successfully formatted.
2022-11-07 13:08:37,639 [om1-impl-thread1] INFO  server.RaftServerConfigKeys (ConfUtils.java:logGet(46)) - raft.server.log.use.memory = false (default)
2022-11-07 13:08:37,653 [om1-impl-thread1] INFO  server.RaftServerConfigKeys (ConfUtils.java:logGet(46)) - raft.server.log.purge.gap = 1000000 (custom)
2022-11-07 13:08:37,655 [om1-impl-thread1] INFO  server.RaftServerConfigKeys (ConfUtils.java:logGet(46)) - raft.server.log.appender.buffer.byte-limit = 33554432 (custom)
2022-11-07 13:08:37,657 [om1-impl-thread1] INFO  server.RaftServerConfigKeys (ConfUtils.java:logGet(46)) - raft.server.log.statemachine.data.read.timeout = 1000ms (default)
2022-11-07 13:08:37,659 [om1-impl-thread1] INFO  server.RaftServerConfigKeys (ConfUtils.java:logGet(46)) - raft.server.log.purge.preservation.log.num = 0 (default)
2022-11-07 13:08:37,663 [om1-impl-thread1] INFO  server.RaftServerConfigKeys (ConfUtils.java:logGet(46)) - raft.server.log.segment.size.max = 4194304 (custom)
2022-11-07 13:08:37,807 [om1-impl-thread1] INFO  server.RaftServerConfigKeys (ConfUtils.java:logGet(46)) - raft.server.log.segment.cache.num.max = 2 (custom)
2022-11-07 13:08:37,808 [om1-impl-thread1] INFO  server.RaftServerConfigKeys (ConfUtils.java:logGet(46)) - raft.server.log.segment.cache.size.max = 200MB (=209715200) (default)
2022-11-07 13:08:37,816 [om1-impl-thread1] INFO  segmented.SegmentedRaftLogWorker (SegmentedRaftLogWorker.java:<init>(191)) - new om1@group-C5BA1605619E-SegmentedRaftLogWorker for RaftStorageImpl:Storage Directory /home/runner/work/ozone/ozone/hadoop-ozone/integration-test/target/test-dir/MiniOzoneClusterImpl-2a90587d-8655-4e72-8ce6-1bf59b520396/ozone-meta/ratis/bf265839-605b-3f16-9796-c5ba1605619e
2022-11-07 13:08:37,817 [om1-impl-thread1] INFO  server.RaftServerConfigKeys (ConfUtils.java:logGet(46)) - raft.server.log.queue.byte-limit = 64MB (=67108864) (default)
2022-11-07 13:08:37,819 [om1-impl-thread1] INFO  server.RaftServerConfigKeys (ConfUtils.java:logGet(46)) - raft.server.log.queue.element-limit = 4096 (default)
2022-11-07 13:08:37,820 [om1-impl-thread1] INFO  server.RaftServerConfigKeys (ConfUtils.java:logGet(46)) - raft.server.log.segment.size.max = 4194304 (custom)
2022-11-07 13:08:37,821 [om1-impl-thread1] INFO  server.RaftServerConfigKeys (ConfUtils.java:logGet(46)) - raft.server.log.preallocated.size = 4194304 (custom)
2022-11-07 13:08:37,821 [om1-impl-thread1] INFO  server.RaftServerConfigKeys (ConfUtils.java:logGet(46)) - raft.server.log.force.sync.num = 128 (default)
2022-11-07 13:08:37,822 [om1-impl-thread1] INFO  server.RaftServerConfigKeys (ConfUtils.java:logGet(46)) - raft.server.log.statemachine.data.sync = true (default)
2022-11-07 13:08:37,822 [om1-impl-thread1] INFO  server.RaftServerConfigKeys (ConfUtils.java:logGet(46)) - raft.server.log.statemachine.data.sync.timeout = 10s (default)
2022-11-07 13:08:37,823 [om1-impl-thread1] INFO  server.RaftServerConfigKeys (ConfUtils.java:logGet(46)) - raft.server.log.statemachine.data.sync.timeout.retry = -1 (default)
2022-11-07 13:08:37,834 [om1-impl-thread1] INFO  server.RaftServerConfigKeys (ConfUtils.java:logGet(46)) - raft.server.log.write.buffer.size = 64KB (=65536) (default)
2022-11-07 13:08:37,835 [om1-impl-thread1] INFO  server.RaftServerConfigKeys (ConfUtils.java:logGet(46)) - raft.server.log.unsafe-flush.enabled = false (default)
2022-11-07 13:08:37,835 [om1-impl-thread1] INFO  server.RaftServerConfigKeys (ConfUtils.java:logGet(46)) - raft.server.log.async-flush.enabled = false (default)
2022-11-07 13:08:37,836 [om1-impl-thread1] INFO  server.RaftServerConfigKeys (ConfUtils.java:logGet(46)) - raft.server.log.statemachine.data.caching.enabled = false (default)
2022-11-07 13:08:37,843 [om1-impl-thread1] INFO  segmented.SegmentedRaftLogWorker (SegmentedRaftLogWorker.java:lambda$new$0(136)) - om1@group-C5BA1605619E-SegmentedRaftLogWorker: flushIndex: setUnconditionally 0 -> -1
2022-11-07 13:08:37,843 [om1-impl-thread1] INFO  segmented.SegmentedRaftLogWorker (SegmentedRaftLogWorker.java:lambda$new$0(136)) - om1@group-C5BA1605619E-SegmentedRaftLogWorker: safeCacheEvictIndex: setUnconditionally 0 -> -1
2022-11-07 13:08:37,845 [om1-impl-thread1] INFO  server.RaftServer$Division (RaftServerImpl.java:start(334)) - om1@group-C5BA1605619E: start as a follower, conf=-1: peers:[om1|rpc:localhost:9872|priority:0|startupRole:FOLLOWER]|listeners:[], old=null
2022-11-07 13:08:37,850 [om1-impl-thread1] INFO  server.RaftServer$Division (RaftServerImpl.java:setRole(321)) - om1@group-C5BA1605619E: changes role from      null to FOLLOWER at term 0 for startAsFollower
2022-11-07 13:08:37,852 [om1-impl-thread1] INFO  impl.RoleInfo (RoleInfo.java:updateAndGet(139)) - om1: start om1@group-C5BA1605619E-FollowerState
2022-11-07 13:08:37,854 [om1-impl-thread1] INFO  util.JmxRegister (JmxRegister.java:tryRegister(44)) - Successfully registered JMX Bean with object name Ratis:service=RaftServer,group=group-C5BA1605619E,id=om1
2022-11-07 13:08:37,856 [om1-impl-thread1] INFO  server.RaftServerConfigKeys (ConfUtils.java:logGet(46)) - raft.server.snapshot.auto.trigger.enabled = true (custom)
2022-11-07 13:08:37,857 [om1-impl-thread1] INFO  server.RaftServerConfigKeys (ConfUtils.java:logGet(46)) - raft.server.snapshot.auto.trigger.threshold = 400000 (default)
2022-11-07 13:08:37,857 [om1-impl-thread1] INFO  server.RaftServerConfigKeys (ConfUtils.java:logGet(46)) - raft.server.snapshot.retention.file.num = -1 (default)
2022-11-07 13:08:37,858 [om1-impl-thread1] INFO  server.RaftServerConfigKeys (ConfUtils.java:logGet(46)) - raft.server.log.purge.upto.snapshot.index = true (custom)
2022-11-07 13:08:37,859 [om1@group-C5BA1605619E-FollowerState] INFO  server.RaftServerConfigKeys (ConfUtils.java:logFallback(53)) - raft.server.rpc.first-election.timeout.min = 1s (fallback to raft.server.rpc.timeout.min)
2022-11-07 13:08:37,859 [om1@group-C5BA1605619E-FollowerState] INFO  server.RaftServerConfigKeys (ConfUtils.java:logFallback(53)) - raft.server.rpc.first-election.timeout.max = 1200ms (fallback to raft.server.rpc.timeout.max)
2022-11-07 13:08:37,862 [Listener at 127.0.0.1/42403] INFO  server.RaftServer (RaftServerProxy.java:startImpl(393)) - om1: start RPC server
2022-11-07 13:08:37,942 [Listener at 127.0.0.1/42403] INFO  server.GrpcService (GrpcService.java:startImpl(270)) - om1: GrpcService started, listening on 9872
2022-11-07 13:08:37,948 [Listener at 127.0.0.1/42403] INFO  om.OzoneManager (OzoneManager.java:start(1501)) - Version File has different layout version (3) than OM DB (null). That is expected if this OM has never been finalized to a newer layout version.
2022-11-07 13:08:37,949 [JvmPauseMonitor0] INFO  util.JvmPauseMonitor (JvmPauseMonitor.java:run(105)) - JvmPauseMonitor-om1: Started
2022-11-07 13:08:37,971 [Listener at 127.0.0.1/42403] INFO  http.BaseHttpServer (BaseHttpServer.java:newHttpServer2BuilderForOzone(213)) - Starting Web-server for ozoneManager at: http://0.0.0.0:0
2022-11-07 13:08:37,971 [Listener at 127.0.0.1/42403] INFO  http.BaseHttpServer (BaseHttpServer.java:<init>(108)) - Hadoop Security Enabled: false Ozone Security Enabled: false Ozone HTTP Security Enabled: false 
2022-11-07 13:08:37,973 [Listener at 127.0.0.1/42403] WARN  server.AuthenticationFilter (AuthenticationFilter.java:constructSecretProvider(240)) - Unable to initialize FileSignerSecretProvider, falling back to use random secrets. Reason: Could not read signature secret file: /home/runner/hadoop-http-auth-signature-secret
2022-11-07 13:08:37,977 [Listener at 127.0.0.1/42403] WARN  http.HttpRequestLog (HttpRequestLog.java:getRequestLog(103)) - Jetty request log can only be enabled using Log4j
2022-11-07 13:08:37,979 [Listener at 127.0.0.1/42403] INFO  http.HttpServer2 (HttpServer2.java:addGlobalFilter(1031)) - Added global filter 'safety' (class=org.apache.hadoop.hdds.server.http.HttpServer2$QuotingInputFilter)
2022-11-07 13:08:37,980 [Listener at 127.0.0.1/42403] INFO  http.HttpServer2 (HttpServer2.java:addFilter(1007)) - Added filter static_user_filter (class=org.apache.hadoop.http.lib.StaticUserWebFilter$StaticUserFilter) to context ozoneManager
2022-11-07 13:08:37,983 [Listener at 127.0.0.1/42403] INFO  http.HttpServer2 (HttpServer2.java:addFilter(1015)) - Added filter static_user_filter (class=org.apache.hadoop.http.lib.StaticUserWebFilter$StaticUserFilter) to context static
2022-11-07 13:08:37,983 [Listener at 127.0.0.1/42403] INFO  http.HttpServer2 (HttpServer2.java:addFilter(1015)) - Added filter static_user_filter (class=org.apache.hadoop.http.lib.StaticUserWebFilter$StaticUserFilter) to context logs
2022-11-07 13:08:37,987 [Listener at 127.0.0.1/42403] INFO  http.HttpServer2 (HttpServer2.java:bindListener(1250)) - Jetty bound to port 40591
2022-11-07 13:08:37,987 [Listener at 127.0.0.1/42403] INFO  server.Server (Server.java:doStart(375)) - jetty-9.4.49.v20220914; built: 2022-09-14T01:07:36.601Z; git: 4231a3b2e4cb8548a412a789936d640a97b1aa0a; jvm 1.8.0_345-b01
2022-11-07 13:08:38,014 [Listener at 127.0.0.1/42403] INFO  server.session (DefaultSessionIdManager.java:doStart(334)) - DefaultSessionIdManager workerName=node0
2022-11-07 13:08:38,014 [Listener at 127.0.0.1/42403] INFO  server.session (DefaultSessionIdManager.java:doStart(339)) - No SessionScavenger set, using defaults
2022-11-07 13:08:38,015 [Listener at 127.0.0.1/42403] INFO  server.session (HouseKeeper.java:startScavenging(132)) - node0 Scavenging every 660000ms
2022-11-07 13:08:38,015 [Listener at 127.0.0.1/42403] INFO  handler.ContextHandler (ContextHandler.java:doStart(921)) - Started o.e.j.s.ServletContextHandler@13428b9d{logs,/logs,file:///home/runner/work/ozone/ozone/hadoop-ozone/integration-test/target/log,AVAILABLE}
2022-11-07 13:08:38,016 [Listener at 127.0.0.1/42403] INFO  handler.ContextHandler (ContextHandler.java:doStart(921)) - Started o.e.j.s.ServletContextHandler@30be0857{static,/static,file:///home/runner/work/ozone/ozone/hadoop-ozone/integration-test/target/test-classes/webapps/static,AVAILABLE}
2022-11-07 13:08:38,022 [Listener at 127.0.0.1/42403] INFO  handler.ContextHandler (ContextHandler.java:doStart(921)) - Started o.e.j.w.WebAppContext@344c2157{ozoneManager,/,file:///home/runner/work/ozone/ozone/hadoop-ozone/integration-test/target/test-classes/webapps/ozoneManager/,AVAILABLE}{file:/home/runner/work/ozone/ozone/hadoop-ozone/integration-test/target/test-classes/webapps/ozoneManager}
2022-11-07 13:08:38,023 [Listener at 127.0.0.1/42403] INFO  server.AbstractConnector (AbstractConnector.java:doStart(333)) - Started ServerConnector@5cafef6f{HTTP/1.1, (http/1.1)}{0.0.0.0:40591}
2022-11-07 13:08:38,023 [Listener at 127.0.0.1/42403] INFO  server.Server (Server.java:doStart(415)) - Started @9181ms
2022-11-07 13:08:38,024 [Listener at 127.0.0.1/42403] WARN  impl.MetricsSystemImpl (MetricsSystemImpl.java:register(279)) - Sink prometheus already exists!
2022-11-07 13:08:38,024 [Listener at 127.0.0.1/42403] INFO  http.BaseHttpServer (BaseHttpServer.java:updateConnectorAddress(333)) - HTTP server of ozoneManager listening at http://0.0.0.0:40591
2022-11-07 13:08:38,026 [IPC Server Responder] INFO  ipc.Server (Server.java:run(1512)) - IPC Server Responder: starting
2022-11-07 13:08:38,030 [IPC Server listener on 0] INFO  ipc.Server (Server.java:run(1352)) - IPC Server listener on 0: starting
2022-11-07 13:08:38,034 [Listener at 127.0.0.1/42403] INFO  om.OzoneManager (OzoneManager.java:startTrashEmptier(1922)) - Trash Interval set to 0. Files deleted won't move to trash
2022-11-07 13:08:38,049 [org.apache.hadoop.util.JvmPauseMonitor$Monitor@17cc72cb] INFO  util.JvmPauseMonitor (JvmPauseMonitor.java:run(188)) - Starting JVM pause monitor
2022-11-07 13:08:38,321 [Listener at 127.0.0.1/42403] WARN  impl.MetricRegistriesImpl (MetricRegistriesImpl.java:addReporterRegistration(111)) - New reporters are added after registries were created. Some metrics will be missing from the reporter. Please add reporter before adding any new registry.
2022-11-07 13:08:38,321 [Listener at 127.0.0.1/42403] WARN  impl.MetricRegistriesImpl (MetricRegistriesImpl.java:addReporterRegistration(111)) - New reporters are added after registries were created. Some metrics will be missing from the reporter. Please add reporter before adding any new registry.
2022-11-07 13:08:38,321 [Listener at 127.0.0.1/42403] INFO  impl.MetricsSystemImpl (MetricsSystemImpl.java:init(158)) - HddsDatanode metrics system started (again)
2022-11-07 13:08:38,349 [Listener at 127.0.0.1/42403] INFO  ozone.HddsDatanodeService (HddsDatanodeService.java:start(236)) - HddsDatanodeService host:fv-az255-291.sbdzdnwsxtye1lzl1wgdhvzhwg.dx.internal.cloudapp.net ip:10.1.0.171
2022-11-07 13:08:38,396 [Listener at 127.0.0.1/42403] INFO  upgrade.AbstractLayoutVersionManager (AbstractLayoutVersionManager.java:init(83)) - Initializing Layout version manager with metadata layout = DATANODE_SCHEMA_V3 (version = 4), software layout = DATANODE_SCHEMA_V3 (version = 4)
2022-11-07 13:08:38,457 [Listener at 127.0.0.1/42403] INFO  reflections.Reflections (Reflections.java:scan(232)) - Reflections took 60 ms to scan 7 urls, producing 139 keys and 336 values 
2022-11-07 13:08:38,462 [Listener at 127.0.0.1/42403] INFO  statemachine.DatanodeStateMachine (DatanodeStateMachine.java:getEndPointTaskThreadPoolSize(245)) - Datanode State Machine Task Thread Pool size 2
2022-11-07 13:08:38,535 [Listener at 127.0.0.1/42403] INFO  volume.HddsVolume (HddsVolume.java:<init>(117)) - Creating HddsVolume: /home/runner/work/ozone/ozone/hadoop-ozone/integration-test/target/test-dir/MiniOzoneClusterImpl-2a90587d-8655-4e72-8ce6-1bf59b520396/datanode-0/data-0/containers/hdds of storage type : DISK capacity : 9223372036854775807
2022-11-07 13:08:38,538 [Listener at 127.0.0.1/42403] INFO  volume.MutableVolumeSet (MutableVolumeSet.java:initializeVolumeSet(174)) - Added Volume : /home/runner/work/ozone/ozone/hadoop-ozone/integration-test/target/test-dir/MiniOzoneClusterImpl-2a90587d-8655-4e72-8ce6-1bf59b520396/datanode-0/data-0/containers/hdds to VolumeSet
2022-11-07 13:08:38,539 [Listener at 127.0.0.1/42403] INFO  volume.ThrottledAsyncChecker (ThrottledAsyncChecker.java:schedule(141)) - Scheduling a check for /home/runner/work/ozone/ozone/hadoop-ozone/integration-test/target/test-dir/MiniOzoneClusterImpl-2a90587d-8655-4e72-8ce6-1bf59b520396/datanode-0/data-0/containers/hdds
2022-11-07 13:08:38,568 [Listener at 127.0.0.1/42403] INFO  volume.StorageVolumeChecker (StorageVolumeChecker.java:checkAllVolumes(202)) - Scheduled health check for volume /home/runner/work/ozone/ozone/hadoop-ozone/integration-test/target/test-dir/MiniOzoneClusterImpl-2a90587d-8655-4e72-8ce6-1bf59b520396/datanode-0/data-0/containers/hdds
2022-11-07 13:08:38,589 [Listener at 127.0.0.1/42403] INFO  volume.MutableVolumeSet (MutableVolumeSet.java:initializeVolumeSet(174)) - Added Volume : /home/runner/work/ozone/ozone/hadoop-ozone/integration-test/target/test-dir/MiniOzoneClusterImpl-2a90587d-8655-4e72-8ce6-1bf59b520396/datanode-0/data/ratis to VolumeSet
2022-11-07 13:08:38,589 [Listener at 127.0.0.1/42403] INFO  volume.ThrottledAsyncChecker (ThrottledAsyncChecker.java:schedule(141)) - Scheduling a check for /home/runner/work/ozone/ozone/hadoop-ozone/integration-test/target/test-dir/MiniOzoneClusterImpl-2a90587d-8655-4e72-8ce6-1bf59b520396/datanode-0/data/ratis
2022-11-07 13:08:38,590 [Listener at 127.0.0.1/42403] INFO  volume.StorageVolumeChecker (StorageVolumeChecker.java:checkAllVolumes(202)) - Scheduled health check for volume /home/runner/work/ozone/ozone/hadoop-ozone/integration-test/target/test-dir/MiniOzoneClusterImpl-2a90587d-8655-4e72-8ce6-1bf59b520396/datanode-0/data/ratis
2022-11-07 13:08:38,619 [Thread-136] INFO  ozoneimpl.ContainerReader (ContainerReader.java:readVolume(175)) - Finish verifying containers on volume /home/runner/work/ozone/ozone/hadoop-ozone/integration-test/target/test-dir/MiniOzoneClusterImpl-2a90587d-8655-4e72-8ce6-1bf59b520396/datanode-0/data-0/containers/hdds
2022-11-07 13:08:38,619 [Listener at 127.0.0.1/42403] INFO  ozoneimpl.OzoneContainer (OzoneContainer.java:buildContainerSet(300)) - Build ContainerSet costs 0s
2022-11-07 13:08:38,672 [Listener at 127.0.0.1/42403] INFO  audit.AuditLogger (AuditLogger.java:refreshDebugCmdSet(126)) - Refresh DebugCmdSet for DNAudit to [].
2022-11-07 13:08:38,705 [Listener at 127.0.0.1/42403] INFO  server.RaftServer (ConfUtils.java:logGet(46)) - raft.rpc.type = GRPC (default)
2022-11-07 13:08:38,705 [Listener at 127.0.0.1/42403] INFO  grpc.GrpcConfigKeys (ConfUtils.java:logFallback(53)) - raft.grpc.admin.host = null (fallback to raft.grpc.server.host)
2022-11-07 13:08:38,705 [Listener at 127.0.0.1/42403] INFO  grpc.GrpcConfigKeys (ConfUtils.java:logGet(46)) - raft.grpc.admin.port = 0 (custom)
2022-11-07 13:08:38,706 [Listener at 127.0.0.1/42403] INFO  grpc.GrpcConfigKeys (ConfUtils.java:logFallback(53)) - raft.grpc.client.host = null (fallback to raft.grpc.server.host)
2022-11-07 13:08:38,706 [Listener at 127.0.0.1/42403] INFO  grpc.GrpcConfigKeys (ConfUtils.java:logGet(46)) - raft.grpc.client.port = 0 (custom)
2022-11-07 13:08:38,706 [Listener at 127.0.0.1/42403] INFO  grpc.GrpcConfigKeys (ConfUtils.java:logGet(46)) - raft.grpc.server.host = null (default)
2022-11-07 13:08:38,706 [Listener at 127.0.0.1/42403] INFO  grpc.GrpcConfigKeys (ConfUtils.java:logGet(46)) - raft.grpc.server.port = 0 (default)
2022-11-07 13:08:38,707 [Listener at 127.0.0.1/42403] INFO  server.GrpcService (ConfUtils.java:logGet(46)) - raft.grpc.message.size.max = 32MB (=33554432) (custom)
2022-11-07 13:08:38,707 [Listener at 127.0.0.1/42403] INFO  server.RaftServerConfigKeys (ConfUtils.java:logGet(46)) - raft.server.log.appender.buffer.byte-limit = 33554432 (custom)
2022-11-07 13:08:38,707 [Listener at 127.0.0.1/42403] INFO  server.GrpcService (ConfUtils.java:logGet(46)) - raft.grpc.flow.control.window = 5MB (=5242880) (custom)
2022-11-07 13:08:38,707 [Listener at 127.0.0.1/42403] INFO  server.RaftServerConfigKeys (ConfUtils.java:logGet(46)) - raft.server.rpc.request.timeout = 60s (custom)
2022-11-07 13:08:38,708 [Listener at 127.0.0.1/42403] INFO  grpc.GrpcConfigKeys (ConfUtils.java:logGet(46)) - raft.grpc.server.heartbeat.channel = true (default)
2022-11-07 13:08:38,708 [Listener at 127.0.0.1/42403] INFO  grpc.GrpcConfigKeys (ConfUtils.java:logGet(46)) - raft.grpc.server.async.request.thread.pool.cached = true (default)
2022-11-07 13:08:38,708 [Listener at 127.0.0.1/42403] INFO  grpc.GrpcConfigKeys (ConfUtils.java:logGet(46)) - raft.grpc.server.async.request.thread.pool.size = 32 (default)
2022-11-07 13:08:38,710 [Listener at 127.0.0.1/42403] INFO  impl.DataStreamServerImpl (ConfUtils.java:logGet(46)) - raft.datastream.type = DISABLED (default)
2022-11-07 13:08:38,710 [Listener at 127.0.0.1/42403] INFO  server.RaftServerConfigKeys (ConfUtils.java:logGet(46)) - raft.server.threadpool.proxy.cached = true (default)
2022-11-07 13:08:38,710 [Listener at 127.0.0.1/42403] INFO  server.RaftServerConfigKeys (ConfUtils.java:logGet(46)) - raft.server.threadpool.proxy.size = 0 (default)
2022-11-07 13:08:38,711 [Listener at 127.0.0.1/42403] INFO  server.RaftServerConfigKeys (ConfUtils.java:logGet(46)) - raft.server.rpc.slowness.timeout = 300s (custom)
2022-11-07 13:08:38,711 [Listener at 127.0.0.1/42403] INFO  server.RaftServerConfigKeys (ConfUtils.java:logGet(46)) - raft.server.leaderelection.leader.step-down.wait-time = 10s (default)
2022-11-07 13:08:38,711 [Listener at 127.0.0.1/42403] INFO  server.RaftServerConfigKeys (ConfUtils.java:logGet(46)) - raft.server.storage.dir = [/home/runner/work/ozone/ozone/hadoop-ozone/integration-test/target/test-dir/MiniOzoneClusterImpl-2a90587d-8655-4e72-8ce6-1bf59b520396/datanode-0/data/ratis] (custom)
2022-11-07 13:08:38,730 [Listener at 127.0.0.1/42403] INFO  server.XceiverServerGrpc (XceiverServerGrpc.java:<init>(132)) - GrpcServer channel type EpollServerSocketChannel
2022-11-07 13:08:38,804 [Listener at 127.0.0.1/42403] INFO  http.BaseHttpServer (BaseHttpServer.java:newHttpServer2BuilderForOzone(213)) - Starting Web-server for hddsDatanode at: http://0.0.0.0:0
2022-11-07 13:08:38,804 [Listener at 127.0.0.1/42403] INFO  http.BaseHttpServer (BaseHttpServer.java:<init>(108)) - Hadoop Security Enabled: false Ozone Security Enabled: false Ozone HTTP Security Enabled: false 
2022-11-07 13:08:38,806 [Listener at 127.0.0.1/42403] WARN  server.AuthenticationFilter (AuthenticationFilter.java:constructSecretProvider(240)) - Unable to initialize FileSignerSecretProvider, falling back to use random secrets. Reason: Could not read signature secret file: /home/runner/hadoop-http-auth-signature-secret
2022-11-07 13:08:38,807 [Listener at 127.0.0.1/42403] WARN  http.HttpRequestLog (HttpRequestLog.java:getRequestLog(103)) - Jetty request log can only be enabled using Log4j
2022-11-07 13:08:38,808 [Listener at 127.0.0.1/42403] INFO  http.HttpServer2 (HttpServer2.java:addGlobalFilter(1031)) - Added global filter 'safety' (class=org.apache.hadoop.hdds.server.http.HttpServer2$QuotingInputFilter)
2022-11-07 13:08:38,809 [Listener at 127.0.0.1/42403] INFO  http.HttpServer2 (HttpServer2.java:addFilter(1007)) - Added filter static_user_filter (class=org.apache.hadoop.http.lib.StaticUserWebFilter$StaticUserFilter) to context hddsDatanode
2022-11-07 13:08:38,809 [Listener at 127.0.0.1/42403] INFO  http.HttpServer2 (HttpServer2.java:addFilter(1015)) - Added filter static_user_filter (class=org.apache.hadoop.http.lib.StaticUserWebFilter$StaticUserFilter) to context static
2022-11-07 13:08:38,810 [Listener at 127.0.0.1/42403] INFO  http.HttpServer2 (HttpServer2.java:addFilter(1015)) - Added filter static_user_filter (class=org.apache.hadoop.http.lib.StaticUserWebFilter$StaticUserFilter) to context logs
2022-11-07 13:08:38,810 [Listener at 127.0.0.1/42403] INFO  http.HttpServer2 (HttpServer2.java:bindListener(1250)) - Jetty bound to port 46219
2022-11-07 13:08:38,811 [Listener at 127.0.0.1/42403] INFO  server.Server (Server.java:doStart(375)) - jetty-9.4.49.v20220914; built: 2022-09-14T01:07:36.601Z; git: 4231a3b2e4cb8548a412a789936d640a97b1aa0a; jvm 1.8.0_345-b01
2022-11-07 13:08:38,827 [Listener at 127.0.0.1/42403] INFO  server.session (DefaultSessionIdManager.java:doStart(334)) - DefaultSessionIdManager workerName=node0
2022-11-07 13:08:38,827 [Listener at 127.0.0.1/42403] INFO  server.session (DefaultSessionIdManager.java:doStart(339)) - No SessionScavenger set, using defaults
2022-11-07 13:08:38,828 [Listener at 127.0.0.1/42403] INFO  server.session (HouseKeeper.java:startScavenging(132)) - node0 Scavenging every 600000ms
2022-11-07 13:08:38,829 [Listener at 127.0.0.1/42403] INFO  handler.ContextHandler (ContextHandler.java:doStart(921)) - Started o.e.j.s.ServletContextHandler@1a34100f{logs,/logs,file:///home/runner/work/ozone/ozone/hadoop-ozone/integration-test/target/log,AVAILABLE}
2022-11-07 13:08:38,829 [Listener at 127.0.0.1/42403] INFO  handler.ContextHandler (ContextHandler.java:doStart(921)) - Started o.e.j.s.ServletContextHandler@574fa80a{static,/static,jar:file:/home/runner/.m2/repository/org/apache/ozone/hdds-container-service/1.3.0-SNAPSHOT/hdds-container-service-1.3.0-SNAPSHOT.jar!/webapps/static,AVAILABLE}
2022-11-07 13:08:38,963 [om1@group-C5BA1605619E-FollowerState] INFO  impl.FollowerState (FollowerState.java:run(143)) - om1@group-C5BA1605619E-FollowerState: change to CANDIDATE, lastRpcElapsedTime:1110739387ns, electionTimeout:1102ms
2022-11-07 13:08:38,964 [om1@group-C5BA1605619E-FollowerState] INFO  impl.RoleInfo (RoleInfo.java:shutdownFollowerState(110)) - om1: shutdown om1@group-C5BA1605619E-FollowerState
2022-11-07 13:08:38,964 [om1@group-C5BA1605619E-FollowerState] INFO  server.RaftServer$Division (RaftServerImpl.java:setRole(321)) - om1@group-C5BA1605619E: changes role from  FOLLOWER to CANDIDATE at term 0 for changeToCandidate
2022-11-07 13:08:38,968 [om1@group-C5BA1605619E-FollowerState] INFO  server.RaftServerConfigKeys (ConfUtils.java:logGet(46)) - raft.server.leaderelection.pre-vote = false (custom)
2022-11-07 13:08:38,968 [om1@group-C5BA1605619E-FollowerState] INFO  impl.RoleInfo (RoleInfo.java:updateAndGet(139)) - om1: start om1@group-C5BA1605619E-LeaderElection1
2022-11-07 13:08:38,994 [om1@group-C5BA1605619E-LeaderElection1] INFO  impl.LeaderElection (LeaderElection.java:askForVotes(312)) - om1@group-C5BA1605619E-LeaderElection1 ELECTION round 0: submit vote requests at term 1 for -1: peers:[om1|rpc:localhost:9872|priority:0|startupRole:FOLLOWER]|listeners:[], old=null
2022-11-07 13:08:38,995 [om1@group-C5BA1605619E-LeaderElection1] INFO  impl.LeaderElection (LeaderElection.java:askForVotes(314)) - om1@group-C5BA1605619E-LeaderElection1 ELECTION round 0: result PASSED (term=1)
2022-11-07 13:08:38,995 [om1@group-C5BA1605619E-LeaderElection1] INFO  impl.RoleInfo (RoleInfo.java:shutdownLeaderElection(130)) - om1: shutdown om1@group-C5BA1605619E-LeaderElection1
2022-11-07 13:08:38,996 [om1@group-C5BA1605619E-LeaderElection1] INFO  server.RaftServer$Division (RaftServerImpl.java:setRole(321)) - om1@group-C5BA1605619E: changes role from CANDIDATE to LEADER at term 1 for changeToLeader
2022-11-07 13:08:38,996 [om1@group-C5BA1605619E-LeaderElection1] INFO  server.RaftServer$Division (ServerState.java:setLeader(313)) - om1@group-C5BA1605619E: change Leader from null to om1 at term 1 for becomeLeader, leader elected after 2445ms
2022-11-07 13:08:39,002 [om1@group-C5BA1605619E-LeaderElection1] INFO  server.RaftServerConfigKeys (ConfUtils.java:logGet(46)) - raft.server.staging.catchup.gap = 1000 (default)
2022-11-07 13:08:39,015 [om1@group-C5BA1605619E-LeaderElection1] INFO  server.RaftServerConfigKeys (ConfUtils.java:logGet(46)) - raft.server.write.element-limit = 4096 (default)
2022-11-07 13:08:39,016 [om1@group-C5BA1605619E-LeaderElection1] INFO  server.RaftServerConfigKeys (ConfUtils.java:logGet(46)) - raft.server.write.byte-limit = 64MB (=67108864) (default)
2022-11-07 13:08:39,030 [om1@group-C5BA1605619E-LeaderElection1] INFO  server.RaftServerConfigKeys (ConfUtils.java:logGet(46)) - raft.server.watch.timeout = 10s (default)
2022-11-07 13:08:39,030 [om1@group-C5BA1605619E-LeaderElection1] INFO  server.RaftServerConfigKeys (ConfUtils.java:logGet(46)) - raft.server.watch.timeout.denomination = 1s (default)
2022-11-07 13:08:39,031 [om1@group-C5BA1605619E-LeaderElection1] INFO  server.RaftServerConfigKeys (ConfUtils.java:logGet(46)) - raft.server.watch.element-limit = 65536 (default)
2022-11-07 13:08:39,043 [om1@group-C5BA1605619E-LeaderElection1] INFO  server.RaftServerConfigKeys (ConfUtils.java:logGet(46)) - raft.server.write.element-limit = 4096 (default)
2022-11-07 13:08:39,051 [om1@group-C5BA1605619E-LeaderElection1] INFO  server.RaftServerConfigKeys (ConfUtils.java:logGet(46)) - raft.server.write.follower.gap.ratio.max = -1.0 (default)
2022-11-07 13:08:39,063 [om1@group-C5BA1605619E-LeaderElection1] INFO  impl.RoleInfo (RoleInfo.java:updateAndGet(139)) - om1: start om1@group-C5BA1605619E-LeaderStateImpl
2022-11-07 13:08:39,082 [Listener at 127.0.0.1/42403] INFO  handler.ContextHandler (ContextHandler.java:doStart(921)) - Started o.e.j.w.WebAppContext@4c3316bb{hddsDatanode,/,file:///tmp/jetty-0_0_0_0-46219-hdds-container-service-1_3_0-SNAPSHOT_jar-_-any-4562873793847470394/webapp/,AVAILABLE}{jar:file:/home/runner/.m2/repository/org/apache/ozone/hdds-container-service/1.3.0-SNAPSHOT/hdds-container-service-1.3.0-SNAPSHOT.jar!/webapps/hddsDatanode}
2022-11-07 13:08:39,084 [Listener at 127.0.0.1/42403] INFO  server.AbstractConnector (AbstractConnector.java:doStart(333)) - Started ServerConnector@60aa7347{HTTP/1.1, (http/1.1)}{0.0.0.0:46219}
2022-11-07 13:08:39,085 [Listener at 127.0.0.1/42403] INFO  server.Server (Server.java:doStart(415)) - Started @10242ms
2022-11-07 13:08:39,085 [Listener at 127.0.0.1/42403] WARN  impl.MetricsSystemImpl (MetricsSystemImpl.java:register(279)) - Sink prometheus already exists!
2022-11-07 13:08:39,086 [Listener at 127.0.0.1/42403] INFO  http.BaseHttpServer (BaseHttpServer.java:updateConnectorAddress(333)) - HTTP server of hddsDatanode listening at http://0.0.0.0:46219
2022-11-07 13:08:39,088 [Listener at 127.0.0.1/42403] WARN  impl.MetricRegistriesImpl (MetricRegistriesImpl.java:addReporterRegistration(111)) - New reporters are added after registries were created. Some metrics will be missing from the reporter. Please add reporter before adding any new registry.
2022-11-07 13:08:39,088 [Listener at 127.0.0.1/42403] WARN  impl.MetricRegistriesImpl (MetricRegistriesImpl.java:addReporterRegistration(111)) - New reporters are added after registries were created. Some metrics will be missing from the reporter. Please add reporter before adding any new registry.
2022-11-07 13:08:39,088 [Listener at 127.0.0.1/42403] INFO  impl.MetricsSystemImpl (MetricsSystemImpl.java:init(158)) - HddsDatanode metrics system started (again)
2022-11-07 13:08:39,094 [Datanode State Machine Daemon Thread] INFO  statemachine.DatanodeStateMachine (DatanodeStateMachine.java:lambda$startDaemon$0(505)) - Ozone container server started.
2022-11-07 13:08:39,113 [Listener at 127.0.0.1/42403] INFO  ozone.HddsDatanodeService (HddsDatanodeService.java:start(236)) - HddsDatanodeService host:fv-az255-291.sbdzdnwsxtye1lzl1wgdhvzhwg.dx.internal.cloudapp.net ip:10.1.0.171
2022-11-07 13:08:39,138 [org.apache.hadoop.util.JvmPauseMonitor$Monitor@20c527f6] INFO  util.JvmPauseMonitor (JvmPauseMonitor.java:run(188)) - Starting JVM pause monitor
2022-11-07 13:08:39,148 [Listener at 127.0.0.1/42403] INFO  upgrade.AbstractLayoutVersionManager (AbstractLayoutVersionManager.java:init(83)) - Initializing Layout version manager with metadata layout = DATANODE_SCHEMA_V3 (version = 4), software layout = DATANODE_SCHEMA_V3 (version = 4)
2022-11-07 13:08:39,155 [om1@group-C5BA1605619E-LeaderElection1] INFO  segmented.SegmentedRaftLogWorker (SegmentedRaftLogWorker.java:startLogSegment(452)) - om1@group-C5BA1605619E-SegmentedRaftLogWorker: Starting segment from index:0
2022-11-07 13:08:39,240 [om1@group-C5BA1605619E-LeaderElection1] INFO  server.RaftServer$Division (ServerState.java:setRaftConf(430)) - om1@group-C5BA1605619E: set configuration 0: peers:[om1|rpc:localhost:9872|admin:|client:|dataStream:|priority:0|startupRole:FOLLOWER]|listeners:[], old=null
2022-11-07 13:08:39,308 [Listener at 127.0.0.1/42403] INFO  reflections.Reflections (Reflections.java:scan(232)) - Reflections took 157 ms to scan 7 urls, producing 139 keys and 336 values 
2022-11-07 13:08:39,313 [Listener at 127.0.0.1/42403] INFO  statemachine.DatanodeStateMachine (DatanodeStateMachine.java:getEndPointTaskThreadPoolSize(245)) - Datanode State Machine Task Thread Pool size 2
2022-11-07 13:08:39,321 [Listener at 127.0.0.1/42403] INFO  volume.HddsVolume (HddsVolume.java:<init>(117)) - Creating HddsVolume: /home/runner/work/ozone/ozone/hadoop-ozone/integration-test/target/test-dir/MiniOzoneClusterImpl-2a90587d-8655-4e72-8ce6-1bf59b520396/datanode-1/data-0/containers/hdds of storage type : DISK capacity : 9223372036854775807
2022-11-07 13:08:39,322 [Listener at 127.0.0.1/42403] INFO  volume.MutableVolumeSet (MutableVolumeSet.java:initializeVolumeSet(174)) - Added Volume : /home/runner/work/ozone/ozone/hadoop-ozone/integration-test/target/test-dir/MiniOzoneClusterImpl-2a90587d-8655-4e72-8ce6-1bf59b520396/datanode-1/data-0/containers/hdds to VolumeSet
2022-11-07 13:08:39,322 [Listener at 127.0.0.1/42403] INFO  volume.ThrottledAsyncChecker (ThrottledAsyncChecker.java:schedule(141)) - Scheduling a check for /home/runner/work/ozone/ozone/hadoop-ozone/integration-test/target/test-dir/MiniOzoneClusterImpl-2a90587d-8655-4e72-8ce6-1bf59b520396/datanode-1/data-0/containers/hdds
2022-11-07 13:08:39,333 [Listener at 127.0.0.1/42403] INFO  volume.StorageVolumeChecker (StorageVolumeChecker.java:checkAllVolumes(202)) - Scheduled health check for volume /home/runner/work/ozone/ozone/hadoop-ozone/integration-test/target/test-dir/MiniOzoneClusterImpl-2a90587d-8655-4e72-8ce6-1bf59b520396/datanode-1/data-0/containers/hdds
2022-11-07 13:08:39,353 [Listener at 127.0.0.1/42403] INFO  volume.MutableVolumeSet (MutableVolumeSet.java:initializeVolumeSet(174)) - Added Volume : /home/runner/work/ozone/ozone/hadoop-ozone/integration-test/target/test-dir/MiniOzoneClusterImpl-2a90587d-8655-4e72-8ce6-1bf59b520396/datanode-1/data/ratis to VolumeSet
2022-11-07 13:08:39,355 [Listener at 127.0.0.1/42403] INFO  volume.ThrottledAsyncChecker (ThrottledAsyncChecker.java:schedule(141)) - Scheduling a check for /home/runner/work/ozone/ozone/hadoop-ozone/integration-test/target/test-dir/MiniOzoneClusterImpl-2a90587d-8655-4e72-8ce6-1bf59b520396/datanode-1/data/ratis
2022-11-07 13:08:39,355 [Listener at 127.0.0.1/42403] INFO  volume.StorageVolumeChecker (StorageVolumeChecker.java:checkAllVolumes(202)) - Scheduled health check for volume /home/runner/work/ozone/ozone/hadoop-ozone/integration-test/target/test-dir/MiniOzoneClusterImpl-2a90587d-8655-4e72-8ce6-1bf59b520396/datanode-1/data/ratis
2022-11-07 13:08:39,411 [Thread-151] INFO  ozoneimpl.ContainerReader (ContainerReader.java:readVolume(175)) - Finish verifying containers on volume /home/runner/work/ozone/ozone/hadoop-ozone/integration-test/target/test-dir/MiniOzoneClusterImpl-2a90587d-8655-4e72-8ce6-1bf59b520396/datanode-1/data-0/containers/hdds
2022-11-07 13:08:39,419 [Listener at 127.0.0.1/42403] INFO  ozoneimpl.OzoneContainer (OzoneContainer.java:buildContainerSet(300)) - Build ContainerSet costs 0s
2022-11-07 13:08:39,423 [Datanode State Machine Task Thread - 0] INFO  datanode.InitDatanodeState (InitDatanodeState.java:persistContainerDatanodeDetails(138)) - DatanodeDetails is persisted to /home/runner/work/ozone/ozone/hadoop-ozone/integration-test/target/test-dir/MiniOzoneClusterImpl-2a90587d-8655-4e72-8ce6-1bf59b520396/datanode-0/meta/datanode.id
2022-11-07 13:08:39,425 [Listener at 127.0.0.1/42403] INFO  server.RaftServer (ConfUtils.java:logGet(46)) - raft.rpc.type = GRPC (default)
2022-11-07 13:08:39,425 [Listener at 127.0.0.1/42403] INFO  grpc.GrpcConfigKeys (ConfUtils.java:logFallback(53)) - raft.grpc.admin.host = null (fallback to raft.grpc.server.host)
2022-11-07 13:08:39,425 [Listener at 127.0.0.1/42403] INFO  grpc.GrpcConfigKeys (ConfUtils.java:logGet(46)) - raft.grpc.admin.port = 0 (custom)
2022-11-07 13:08:39,425 [Listener at 127.0.0.1/42403] INFO  grpc.GrpcConfigKeys (ConfUtils.java:logFallback(53)) - raft.grpc.client.host = null (fallback to raft.grpc.server.host)
2022-11-07 13:08:39,426 [Listener at 127.0.0.1/42403] INFO  grpc.GrpcConfigKeys (ConfUtils.java:logGet(46)) - raft.grpc.client.port = 0 (custom)
2022-11-07 13:08:39,426 [Listener at 127.0.0.1/42403] INFO  grpc.GrpcConfigKeys (ConfUtils.java:logGet(46)) - raft.grpc.server.host = null (default)
2022-11-07 13:08:39,426 [Listener at 127.0.0.1/42403] INFO  grpc.GrpcConfigKeys (ConfUtils.java:logGet(46)) - raft.grpc.server.port = 0 (default)
2022-11-07 13:08:39,426 [Listener at 127.0.0.1/42403] INFO  server.GrpcService (ConfUtils.java:logGet(46)) - raft.grpc.message.size.max = 32MB (=33554432) (custom)
2022-11-07 13:08:39,427 [Listener at 127.0.0.1/42403] INFO  server.RaftServerConfigKeys (ConfUtils.java:logGet(46)) - raft.server.log.appender.buffer.byte-limit = 33554432 (custom)
2022-11-07 13:08:39,427 [Listener at 127.0.0.1/42403] INFO  server.GrpcService (ConfUtils.java:logGet(46)) - raft.grpc.flow.control.window = 5MB (=5242880) (custom)
2022-11-07 13:08:39,427 [om1@group-C5BA1605619E-SegmentedRaftLogWorker] INFO  segmented.SegmentedRaftLogWorker (SegmentedRaftLogWorker.java:execute(656)) - om1@group-C5BA1605619E-SegmentedRaftLogWorker: created new log segment /home/runner/work/ozone/ozone/hadoop-ozone/integration-test/target/test-dir/MiniOzoneClusterImpl-2a90587d-8655-4e72-8ce6-1bf59b520396/ozone-meta/ratis/bf265839-605b-3f16-9796-c5ba1605619e/current/log_inprogress_0
2022-11-07 13:08:39,429 [Listener at 127.0.0.1/42403] INFO  server.RaftServerConfigKeys (ConfUtils.java:logGet(46)) - raft.server.rpc.request.timeout = 60s (custom)
2022-11-07 13:08:39,431 [Listener at 127.0.0.1/42403] INFO  grpc.GrpcConfigKeys (ConfUtils.java:logGet(46)) - raft.grpc.server.heartbeat.channel = true (default)
2022-11-07 13:08:39,431 [Listener at 127.0.0.1/42403] INFO  grpc.GrpcConfigKeys (ConfUtils.java:logGet(46)) - raft.grpc.server.async.request.thread.pool.cached = true (default)
2022-11-07 13:08:39,431 [Listener at 127.0.0.1/42403] INFO  grpc.GrpcConfigKeys (ConfUtils.java:logGet(46)) - raft.grpc.server.async.request.thread.pool.size = 32 (default)
2022-11-07 13:08:39,432 [Listener at 127.0.0.1/42403] INFO  impl.DataStreamServerImpl (ConfUtils.java:logGet(46)) - raft.datastream.type = DISABLED (default)
2022-11-07 13:08:39,432 [Listener at 127.0.0.1/42403] INFO  server.RaftServerConfigKeys (ConfUtils.java:logGet(46)) - raft.server.threadpool.proxy.cached = true (default)
2022-11-07 13:08:39,436 [Listener at 127.0.0.1/42403] INFO  server.RaftServerConfigKeys (ConfUtils.java:logGet(46)) - raft.server.threadpool.proxy.size = 0 (default)
2022-11-07 13:08:39,436 [Listener at 127.0.0.1/42403] INFO  server.RaftServerConfigKeys (ConfUtils.java:logGet(46)) - raft.server.rpc.slowness.timeout = 300s (custom)
2022-11-07 13:08:39,438 [Listener at 127.0.0.1/42403] INFO  server.RaftServerConfigKeys (ConfUtils.java:logGet(46)) - raft.server.leaderelection.leader.step-down.wait-time = 10s (default)
2022-11-07 13:08:39,440 [Listener at 127.0.0.1/42403] INFO  server.RaftServerConfigKeys (ConfUtils.java:logGet(46)) - raft.server.storage.dir = [/home/runner/work/ozone/ozone/hadoop-ozone/integration-test/target/test-dir/MiniOzoneClusterImpl-2a90587d-8655-4e72-8ce6-1bf59b520396/datanode-1/data/ratis] (custom)
2022-11-07 13:08:39,451 [Listener at 127.0.0.1/42403] INFO  server.XceiverServerGrpc (XceiverServerGrpc.java:<init>(132)) - GrpcServer channel type EpollServerSocketChannel
2022-11-07 13:08:39,461 [Listener at 127.0.0.1/42403] INFO  http.BaseHttpServer (BaseHttpServer.java:newHttpServer2BuilderForOzone(213)) - Starting Web-server for hddsDatanode at: http://0.0.0.0:0
2022-11-07 13:08:39,461 [Listener at 127.0.0.1/42403] INFO  http.BaseHttpServer (BaseHttpServer.java:<init>(108)) - Hadoop Security Enabled: false Ozone Security Enabled: false Ozone HTTP Security Enabled: false 
2022-11-07 13:08:39,463 [Listener at 127.0.0.1/42403] WARN  server.AuthenticationFilter (AuthenticationFilter.java:constructSecretProvider(240)) - Unable to initialize FileSignerSecretProvider, falling back to use random secrets. Reason: Could not read signature secret file: /home/runner/hadoop-http-auth-signature-secret
2022-11-07 13:08:39,469 [Listener at 127.0.0.1/42403] WARN  http.HttpRequestLog (HttpRequestLog.java:getRequestLog(103)) - Jetty request log can only be enabled using Log4j
2022-11-07 13:08:39,471 [Listener at 127.0.0.1/42403] INFO  http.HttpServer2 (HttpServer2.java:addGlobalFilter(1031)) - Added global filter 'safety' (class=org.apache.hadoop.hdds.server.http.HttpServer2$QuotingInputFilter)
2022-11-07 13:08:39,472 [Listener at 127.0.0.1/42403] INFO  http.HttpServer2 (HttpServer2.java:addFilter(1007)) - Added filter static_user_filter (class=org.apache.hadoop.http.lib.StaticUserWebFilter$StaticUserFilter) to context hddsDatanode
2022-11-07 13:08:39,472 [Listener at 127.0.0.1/42403] INFO  http.HttpServer2 (HttpServer2.java:addFilter(1015)) - Added filter static_user_filter (class=org.apache.hadoop.http.lib.StaticUserWebFilter$StaticUserFilter) to context static
2022-11-07 13:08:39,473 [Listener at 127.0.0.1/42403] INFO  http.HttpServer2 (HttpServer2.java:addFilter(1015)) - Added filter static_user_filter (class=org.apache.hadoop.http.lib.StaticUserWebFilter$StaticUserFilter) to context logs
2022-11-07 13:08:39,473 [Listener at 127.0.0.1/42403] INFO  http.HttpServer2 (HttpServer2.java:bindListener(1250)) - Jetty bound to port 35517
2022-11-07 13:08:39,473 [Listener at 127.0.0.1/42403] INFO  server.Server (Server.java:doStart(375)) - jetty-9.4.49.v20220914; built: 2022-09-14T01:07:36.601Z; git: 4231a3b2e4cb8548a412a789936d640a97b1aa0a; jvm 1.8.0_345-b01
2022-11-07 13:08:39,504 [Listener at 127.0.0.1/42403] INFO  server.session (DefaultSessionIdManager.java:doStart(334)) - DefaultSessionIdManager workerName=node0
2022-11-07 13:08:39,504 [Listener at 127.0.0.1/42403] INFO  server.session (DefaultSessionIdManager.java:doStart(339)) - No SessionScavenger set, using defaults
2022-11-07 13:08:39,504 [Listener at 127.0.0.1/42403] INFO  server.session (HouseKeeper.java:startScavenging(132)) - node0 Scavenging every 660000ms
2022-11-07 13:08:39,505 [Listener at 127.0.0.1/42403] INFO  handler.ContextHandler (ContextHandler.java:doStart(921)) - Started o.e.j.s.ServletContextHandler@577e0362{logs,/logs,file:///home/runner/work/ozone/ozone/hadoop-ozone/integration-test/target/log,AVAILABLE}
2022-11-07 13:08:39,506 [Listener at 127.0.0.1/42403] INFO  handler.ContextHandler (ContextHandler.java:doStart(921)) - Started o.e.j.s.ServletContextHandler@582e40f8{static,/static,jar:file:/home/runner/.m2/repository/org/apache/ozone/hdds-container-service/1.3.0-SNAPSHOT/hdds-container-service-1.3.0-SNAPSHOT.jar!/webapps/static,AVAILABLE}
2022-11-07 13:08:39,615 [om1@group-C5BA1605619E-StateMachineUpdater] INFO  ratis.OzoneManagerStateMachine (OzoneManagerStateMachine.java:notifyConfigurationChanged(192)) - Received Configuration change notification from Ratis. New Peer list:
[id: "om1"
address: "localhost:9872"
startupRole: FOLLOWER
]
2022-11-07 13:08:39,762 [Listener at 127.0.0.1/42403] INFO  handler.ContextHandler (ContextHandler.java:doStart(921)) - Started o.e.j.w.WebAppContext@153c5283{hddsDatanode,/,file:///tmp/jetty-0_0_0_0-35517-hdds-container-service-1_3_0-SNAPSHOT_jar-_-any-1771522746594756367/webapp/,AVAILABLE}{jar:file:/home/runner/.m2/repository/org/apache/ozone/hdds-container-service/1.3.0-SNAPSHOT/hdds-container-service-1.3.0-SNAPSHOT.jar!/webapps/hddsDatanode}
2022-11-07 13:08:39,763 [Listener at 127.0.0.1/42403] INFO  server.AbstractConnector (AbstractConnector.java:doStart(333)) - Started ServerConnector@40e0d56c{HTTP/1.1, (http/1.1)}{0.0.0.0:35517}
2022-11-07 13:08:39,764 [Listener at 127.0.0.1/42403] INFO  server.Server (Server.java:doStart(415)) - Started @10921ms
2022-11-07 13:08:39,764 [Listener at 127.0.0.1/42403] WARN  impl.MetricsSystemImpl (MetricsSystemImpl.java:register(279)) - Sink prometheus already exists!
2022-11-07 13:08:39,765 [Listener at 127.0.0.1/42403] INFO  http.BaseHttpServer (BaseHttpServer.java:updateConnectorAddress(333)) - HTTP server of hddsDatanode listening at http://0.0.0.0:35517
2022-11-07 13:08:39,765 [Listener at 127.0.0.1/42403] WARN  impl.MetricRegistriesImpl (MetricRegistriesImpl.java:addReporterRegistration(111)) - New reporters are added after registries were created. Some metrics will be missing from the reporter. Please add reporter before adding any new registry.
2022-11-07 13:08:39,766 [Listener at 127.0.0.1/42403] WARN  impl.MetricRegistriesImpl (MetricRegistriesImpl.java:addReporterRegistration(111)) - New reporters are added after registries were created. Some metrics will be missing from the reporter. Please add reporter before adding any new registry.
2022-11-07 13:08:39,766 [Listener at 127.0.0.1/42403] INFO  impl.MetricsSystemImpl (MetricsSystemImpl.java:init(158)) - HddsDatanode metrics system started (again)
2022-11-07 13:08:39,771 [Datanode State Machine Daemon Thread] INFO  statemachine.DatanodeStateMachine (DatanodeStateMachine.java:lambda$startDaemon$0(505)) - Ozone container server started.
2022-11-07 13:08:39,806 [org.apache.hadoop.util.JvmPauseMonitor$Monitor@24b1d38] INFO  util.JvmPauseMonitor (JvmPauseMonitor.java:run(188)) - Starting JVM pause monitor
2022-11-07 13:08:39,824 [Datanode State Machine Task Thread - 0] INFO  datanode.InitDatanodeState (InitDatanodeState.java:persistContainerDatanodeDetails(138)) - DatanodeDetails is persisted to /home/runner/work/ozone/ozone/hadoop-ozone/integration-test/target/test-dir/MiniOzoneClusterImpl-2a90587d-8655-4e72-8ce6-1bf59b520396/datanode-1/meta/datanode.id
2022-11-07 13:08:39,825 [Listener at 127.0.0.1/42403] INFO  ozone.HddsDatanodeService (HddsDatanodeService.java:start(236)) - HddsDatanodeService host:fv-az255-291.sbdzdnwsxtye1lzl1wgdhvzhwg.dx.internal.cloudapp.net ip:10.1.0.171
2022-11-07 13:08:39,850 [Listener at 127.0.0.1/42403] INFO  upgrade.AbstractLayoutVersionManager (AbstractLayoutVersionManager.java:init(83)) - Initializing Layout version manager with metadata layout = DATANODE_SCHEMA_V3 (version = 4), software layout = DATANODE_SCHEMA_V3 (version = 4)
2022-11-07 13:08:39,905 [Listener at 127.0.0.1/42403] INFO  reflections.Reflections (Reflections.java:scan(232)) - Reflections took 53 ms to scan 7 urls, producing 139 keys and 336 values 
2022-11-07 13:08:39,907 [Listener at 127.0.0.1/42403] INFO  statemachine.DatanodeStateMachine (DatanodeStateMachine.java:getEndPointTaskThreadPoolSize(245)) - Datanode State Machine Task Thread Pool size 2
2022-11-07 13:08:39,909 [Listener at 127.0.0.1/42403] INFO  volume.HddsVolume (HddsVolume.java:<init>(117)) - Creating HddsVolume: /home/runner/work/ozone/ozone/hadoop-ozone/integration-test/target/test-dir/MiniOzoneClusterImpl-2a90587d-8655-4e72-8ce6-1bf59b520396/datanode-2/data-0/containers/hdds of storage type : DISK capacity : 9223372036854775807
2022-11-07 13:08:39,910 [Listener at 127.0.0.1/42403] INFO  volume.MutableVolumeSet (MutableVolumeSet.java:initializeVolumeSet(174)) - Added Volume : /home/runner/work/ozone/ozone/hadoop-ozone/integration-test/target/test-dir/MiniOzoneClusterImpl-2a90587d-8655-4e72-8ce6-1bf59b520396/datanode-2/data-0/containers/hdds to VolumeSet
2022-11-07 13:08:39,910 [Listener at 127.0.0.1/42403] INFO  volume.ThrottledAsyncChecker (ThrottledAsyncChecker.java:schedule(141)) - Scheduling a check for /home/runner/work/ozone/ozone/hadoop-ozone/integration-test/target/test-dir/MiniOzoneClusterImpl-2a90587d-8655-4e72-8ce6-1bf59b520396/datanode-2/data-0/containers/hdds
2022-11-07 13:08:39,913 [Listener at 127.0.0.1/42403] INFO  volume.StorageVolumeChecker (StorageVolumeChecker.java:checkAllVolumes(202)) - Scheduled health check for volume /home/runner/work/ozone/ozone/hadoop-ozone/integration-test/target/test-dir/MiniOzoneClusterImpl-2a90587d-8655-4e72-8ce6-1bf59b520396/datanode-2/data-0/containers/hdds
2022-11-07 13:08:39,927 [Listener at 127.0.0.1/42403] INFO  volume.MutableVolumeSet (MutableVolumeSet.java:initializeVolumeSet(174)) - Added Volume : /home/runner/work/ozone/ozone/hadoop-ozone/integration-test/target/test-dir/MiniOzoneClusterImpl-2a90587d-8655-4e72-8ce6-1bf59b520396/datanode-2/data/ratis to VolumeSet
2022-11-07 13:08:39,928 [Listener at 127.0.0.1/42403] INFO  volume.ThrottledAsyncChecker (ThrottledAsyncChecker.java:schedule(141)) - Scheduling a check for /home/runner/work/ozone/ozone/hadoop-ozone/integration-test/target/test-dir/MiniOzoneClusterImpl-2a90587d-8655-4e72-8ce6-1bf59b520396/datanode-2/data/ratis
2022-11-07 13:08:39,928 [Listener at 127.0.0.1/42403] INFO  volume.StorageVolumeChecker (StorageVolumeChecker.java:checkAllVolumes(202)) - Scheduled health check for volume /home/runner/work/ozone/ozone/hadoop-ozone/integration-test/target/test-dir/MiniOzoneClusterImpl-2a90587d-8655-4e72-8ce6-1bf59b520396/datanode-2/data/ratis
2022-11-07 13:08:39,943 [Thread-164] INFO  ozoneimpl.ContainerReader (ContainerReader.java:readVolume(175)) - Finish verifying containers on volume /home/runner/work/ozone/ozone/hadoop-ozone/integration-test/target/test-dir/MiniOzoneClusterImpl-2a90587d-8655-4e72-8ce6-1bf59b520396/datanode-2/data-0/containers/hdds
2022-11-07 13:08:39,943 [Listener at 127.0.0.1/42403] INFO  ozoneimpl.OzoneContainer (OzoneContainer.java:buildContainerSet(300)) - Build ContainerSet costs 0s
2022-11-07 13:08:39,946 [Listener at 127.0.0.1/42403] INFO  server.RaftServer (ConfUtils.java:logGet(46)) - raft.rpc.type = GRPC (default)
2022-11-07 13:08:39,947 [Listener at 127.0.0.1/42403] INFO  grpc.GrpcConfigKeys (ConfUtils.java:logFallback(53)) - raft.grpc.admin.host = null (fallback to raft.grpc.server.host)
2022-11-07 13:08:39,947 [Listener at 127.0.0.1/42403] INFO  grpc.GrpcConfigKeys (ConfUtils.java:logGet(46)) - raft.grpc.admin.port = 0 (custom)
2022-11-07 13:08:39,947 [Listener at 127.0.0.1/42403] INFO  grpc.GrpcConfigKeys (ConfUtils.java:logFallback(53)) - raft.grpc.client.host = null (fallback to raft.grpc.server.host)
2022-11-07 13:08:39,947 [Listener at 127.0.0.1/42403] INFO  grpc.GrpcConfigKeys (ConfUtils.java:logGet(46)) - raft.grpc.client.port = 0 (custom)
2022-11-07 13:08:39,947 [Listener at 127.0.0.1/42403] INFO  grpc.GrpcConfigKeys (ConfUtils.java:logGet(46)) - raft.grpc.server.host = null (default)
2022-11-07 13:08:39,948 [Listener at 127.0.0.1/42403] INFO  grpc.GrpcConfigKeys (ConfUtils.java:logGet(46)) - raft.grpc.server.port = 0 (default)
2022-11-07 13:08:39,948 [Listener at 127.0.0.1/42403] INFO  server.GrpcService (ConfUtils.java:logGet(46)) - raft.grpc.message.size.max = 32MB (=33554432) (custom)
2022-11-07 13:08:39,948 [Listener at 127.0.0.1/42403] INFO  server.RaftServerConfigKeys (ConfUtils.java:logGet(46)) - raft.server.log.appender.buffer.byte-limit = 33554432 (custom)
2022-11-07 13:08:39,950 [Listener at 127.0.0.1/42403] INFO  server.GrpcService (ConfUtils.java:logGet(46)) - raft.grpc.flow.control.window = 5MB (=5242880) (custom)
2022-11-07 13:08:39,951 [Listener at 127.0.0.1/42403] INFO  server.RaftServerConfigKeys (ConfUtils.java:logGet(46)) - raft.server.rpc.request.timeout = 60s (custom)
2022-11-07 13:08:39,951 [Listener at 127.0.0.1/42403] INFO  grpc.GrpcConfigKeys (ConfUtils.java:logGet(46)) - raft.grpc.server.heartbeat.channel = true (default)
2022-11-07 13:08:39,951 [Listener at 127.0.0.1/42403] INFO  grpc.GrpcConfigKeys (ConfUtils.java:logGet(46)) - raft.grpc.server.async.request.thread.pool.cached = true (default)
2022-11-07 13:08:39,951 [Listener at 127.0.0.1/42403] INFO  grpc.GrpcConfigKeys (ConfUtils.java:logGet(46)) - raft.grpc.server.async.request.thread.pool.size = 32 (default)
2022-11-07 13:08:39,953 [Listener at 127.0.0.1/42403] INFO  impl.DataStreamServerImpl (ConfUtils.java:logGet(46)) - raft.datastream.type = DISABLED (default)
2022-11-07 13:08:39,953 [Listener at 127.0.0.1/42403] INFO  server.RaftServerConfigKeys (ConfUtils.java:logGet(46)) - raft.server.threadpool.proxy.cached = true (default)
2022-11-07 13:08:39,953 [Listener at 127.0.0.1/42403] INFO  server.RaftServerConfigKeys (ConfUtils.java:logGet(46)) - raft.server.threadpool.proxy.size = 0 (default)
2022-11-07 13:08:39,954 [Listener at 127.0.0.1/42403] INFO  server.RaftServerConfigKeys (ConfUtils.java:logGet(46)) - raft.server.rpc.slowness.timeout = 300s (custom)
2022-11-07 13:08:39,954 [Listener at 127.0.0.1/42403] INFO  server.RaftServerConfigKeys (ConfUtils.java:logGet(46)) - raft.server.leaderelection.leader.step-down.wait-time = 10s (default)
2022-11-07 13:08:39,954 [Listener at 127.0.0.1/42403] INFO  server.RaftServerConfigKeys (ConfUtils.java:logGet(46)) - raft.server.storage.dir = [/home/runner/work/ozone/ozone/hadoop-ozone/integration-test/target/test-dir/MiniOzoneClusterImpl-2a90587d-8655-4e72-8ce6-1bf59b520396/datanode-2/data/ratis] (custom)
2022-11-07 13:08:39,960 [Listener at 127.0.0.1/42403] INFO  server.XceiverServerGrpc (XceiverServerGrpc.java:<init>(132)) - GrpcServer channel type EpollServerSocketChannel
2022-11-07 13:08:39,965 [Listener at 127.0.0.1/42403] INFO  http.BaseHttpServer (BaseHttpServer.java:newHttpServer2BuilderForOzone(213)) - Starting Web-server for hddsDatanode at: http://0.0.0.0:0
2022-11-07 13:08:39,965 [Listener at 127.0.0.1/42403] INFO  http.BaseHttpServer (BaseHttpServer.java:<init>(108)) - Hadoop Security Enabled: false Ozone Security Enabled: false Ozone HTTP Security Enabled: false 
2022-11-07 13:08:39,967 [Listener at 127.0.0.1/42403] WARN  server.AuthenticationFilter (AuthenticationFilter.java:constructSecretProvider(240)) - Unable to initialize FileSignerSecretProvider, falling back to use random secrets. Reason: Could not read signature secret file: /home/runner/hadoop-http-auth-signature-secret
2022-11-07 13:08:39,969 [Listener at 127.0.0.1/42403] WARN  http.HttpRequestLog (HttpRequestLog.java:getRequestLog(103)) - Jetty request log can only be enabled using Log4j
2022-11-07 13:08:39,971 [Listener at 127.0.0.1/42403] INFO  http.HttpServer2 (HttpServer2.java:addGlobalFilter(1031)) - Added global filter 'safety' (class=org.apache.hadoop.hdds.server.http.HttpServer2$QuotingInputFilter)
2022-11-07 13:08:39,972 [Listener at 127.0.0.1/42403] INFO  http.HttpServer2 (HttpServer2.java:addFilter(1007)) - Added filter static_user_filter (class=org.apache.hadoop.http.lib.StaticUserWebFilter$StaticUserFilter) to context hddsDatanode
2022-11-07 13:08:39,972 [Listener at 127.0.0.1/42403] INFO  http.HttpServer2 (HttpServer2.java:addFilter(1015)) - Added filter static_user_filter (class=org.apache.hadoop.http.lib.StaticUserWebFilter$StaticUserFilter) to context static
2022-11-07 13:08:39,972 [Listener at 127.0.0.1/42403] INFO  http.HttpServer2 (HttpServer2.java:addFilter(1015)) - Added filter static_user_filter (class=org.apache.hadoop.http.lib.StaticUserWebFilter$StaticUserFilter) to context logs
2022-11-07 13:08:39,973 [Listener at 127.0.0.1/42403] INFO  http.HttpServer2 (HttpServer2.java:bindListener(1250)) - Jetty bound to port 37607
2022-11-07 13:08:39,973 [Listener at 127.0.0.1/42403] INFO  server.Server (Server.java:doStart(375)) - jetty-9.4.49.v20220914; built: 2022-09-14T01:07:36.601Z; git: 4231a3b2e4cb8548a412a789936d640a97b1aa0a; jvm 1.8.0_345-b01
2022-11-07 13:08:39,999 [Listener at 127.0.0.1/42403] INFO  server.session (DefaultSessionIdManager.java:doStart(334)) - DefaultSessionIdManager workerName=node0
2022-11-07 13:08:39,999 [Listener at 127.0.0.1/42403] INFO  server.session (DefaultSessionIdManager.java:doStart(339)) - No SessionScavenger set, using defaults
2022-11-07 13:08:39,999 [Listener at 127.0.0.1/42403] INFO  server.session (HouseKeeper.java:startScavenging(132)) - node0 Scavenging every 600000ms
2022-11-07 13:08:40,003 [Listener at 127.0.0.1/42403] INFO  handler.ContextHandler (ContextHandler.java:doStart(921)) - Started o.e.j.s.ServletContextHandler@7588d46f{logs,/logs,file:///home/runner/work/ozone/ozone/hadoop-ozone/integration-test/target/log,AVAILABLE}
2022-11-07 13:08:40,003 [Listener at 127.0.0.1/42403] INFO  handler.ContextHandler (ContextHandler.java:doStart(921)) - Started o.e.j.s.ServletContextHandler@2e3abc3b{static,/static,jar:file:/home/runner/.m2/repository/org/apache/ozone/hdds-container-service/1.3.0-SNAPSHOT/hdds-container-service-1.3.0-SNAPSHOT.jar!/webapps/static,AVAILABLE}
2022-11-07 13:08:40,215 [Listener at 127.0.0.1/42403] INFO  handler.ContextHandler (ContextHandler.java:doStart(921)) - Started o.e.j.w.WebAppContext@2ca0c62f{hddsDatanode,/,file:///tmp/jetty-0_0_0_0-37607-hdds-container-service-1_3_0-SNAPSHOT_jar-_-any-6488749325528606370/webapp/,AVAILABLE}{jar:file:/home/runner/.m2/repository/org/apache/ozone/hdds-container-service/1.3.0-SNAPSHOT/hdds-container-service-1.3.0-SNAPSHOT.jar!/webapps/hddsDatanode}
2022-11-07 13:08:40,217 [Listener at 127.0.0.1/42403] INFO  server.AbstractConnector (AbstractConnector.java:doStart(333)) - Started ServerConnector@5c10b993{HTTP/1.1, (http/1.1)}{0.0.0.0:37607}
2022-11-07 13:08:40,217 [Listener at 127.0.0.1/42403] INFO  server.Server (Server.java:doStart(415)) - Started @11374ms
2022-11-07 13:08:40,217 [Listener at 127.0.0.1/42403] WARN  impl.MetricsSystemImpl (MetricsSystemImpl.java:register(279)) - Sink prometheus already exists!
2022-11-07 13:08:40,218 [Listener at 127.0.0.1/42403] INFO  http.BaseHttpServer (BaseHttpServer.java:updateConnectorAddress(333)) - HTTP server of hddsDatanode listening at http://0.0.0.0:37607
2022-11-07 13:08:40,218 [Listener at 127.0.0.1/42403] WARN  impl.MetricRegistriesImpl (MetricRegistriesImpl.java:addReporterRegistration(111)) - New reporters are added after registries were created. Some metrics will be missing from the reporter. Please add reporter before adding any new registry.
2022-11-07 13:08:40,218 [Listener at 127.0.0.1/42403] WARN  impl.MetricRegistriesImpl (MetricRegistriesImpl.java:addReporterRegistration(111)) - New reporters are added after registries were created. Some metrics will be missing from the reporter. Please add reporter before adding any new registry.
2022-11-07 13:08:40,219 [Listener at 127.0.0.1/42403] INFO  impl.MetricsSystemImpl (MetricsSystemImpl.java:init(158)) - HddsDatanode metrics system started (again)
2022-11-07 13:08:40,233 [Datanode State Machine Daemon Thread] INFO  statemachine.DatanodeStateMachine (DatanodeStateMachine.java:lambda$startDaemon$0(505)) - Ozone container server started.
2022-11-07 13:08:40,250 [org.apache.hadoop.util.JvmPauseMonitor$Monitor@f8e7b3] INFO  util.JvmPauseMonitor (JvmPauseMonitor.java:run(188)) - Starting JVM pause monitor
2022-11-07 13:08:40,252 [Datanode State Machine Task Thread - 0] INFO  datanode.InitDatanodeState (InitDatanodeState.java:persistContainerDatanodeDetails(138)) - DatanodeDetails is persisted to /home/runner/work/ozone/ozone/hadoop-ozone/integration-test/target/test-dir/MiniOzoneClusterImpl-2a90587d-8655-4e72-8ce6-1bf59b520396/datanode-2/meta/datanode.id
2022-11-07 13:08:40,254 [Listener at 127.0.0.1/42403] INFO  ozone.HddsDatanodeService (HddsDatanodeService.java:start(236)) - HddsDatanodeService host:fv-az255-291.sbdzdnwsxtye1lzl1wgdhvzhwg.dx.internal.cloudapp.net ip:10.1.0.171
2022-11-07 13:08:40,301 [Listener at 127.0.0.1/42403] INFO  upgrade.AbstractLayoutVersionManager (AbstractLayoutVersionManager.java:init(83)) - Initializing Layout version manager with metadata layout = DATANODE_SCHEMA_V3 (version = 4), software layout = DATANODE_SCHEMA_V3 (version = 4)
2022-11-07 13:08:40,356 [Listener at 127.0.0.1/42403] INFO  reflections.Reflections (Reflections.java:scan(232)) - Reflections took 53 ms to scan 7 urls, producing 139 keys and 336 values 
2022-11-07 13:08:40,358 [Listener at 127.0.0.1/42403] INFO  statemachine.DatanodeStateMachine (DatanodeStateMachine.java:getEndPointTaskThreadPoolSize(245)) - Datanode State Machine Task Thread Pool size 2
2022-11-07 13:08:40,361 [Listener at 127.0.0.1/42403] INFO  volume.HddsVolume (HddsVolume.java:<init>(117)) - Creating HddsVolume: /home/runner/work/ozone/ozone/hadoop-ozone/integration-test/target/test-dir/MiniOzoneClusterImpl-2a90587d-8655-4e72-8ce6-1bf59b520396/datanode-3/data-0/containers/hdds of storage type : DISK capacity : 9223372036854775807
2022-11-07 13:08:40,361 [Listener at 127.0.0.1/42403] INFO  volume.MutableVolumeSet (MutableVolumeSet.java:initializeVolumeSet(174)) - Added Volume : /home/runner/work/ozone/ozone/hadoop-ozone/integration-test/target/test-dir/MiniOzoneClusterImpl-2a90587d-8655-4e72-8ce6-1bf59b520396/datanode-3/data-0/containers/hdds to VolumeSet
2022-11-07 13:08:40,362 [Listener at 127.0.0.1/42403] INFO  volume.ThrottledAsyncChecker (ThrottledAsyncChecker.java:schedule(141)) - Scheduling a check for /home/runner/work/ozone/ozone/hadoop-ozone/integration-test/target/test-dir/MiniOzoneClusterImpl-2a90587d-8655-4e72-8ce6-1bf59b520396/datanode-3/data-0/containers/hdds
2022-11-07 13:08:40,370 [Listener at 127.0.0.1/42403] INFO  volume.StorageVolumeChecker (StorageVolumeChecker.java:checkAllVolumes(202)) - Scheduled health check for volume /home/runner/work/ozone/ozone/hadoop-ozone/integration-test/target/test-dir/MiniOzoneClusterImpl-2a90587d-8655-4e72-8ce6-1bf59b520396/datanode-3/data-0/containers/hdds
2022-11-07 13:08:40,389 [Listener at 127.0.0.1/42403] INFO  volume.MutableVolumeSet (MutableVolumeSet.java:initializeVolumeSet(174)) - Added Volume : /home/runner/work/ozone/ozone/hadoop-ozone/integration-test/target/test-dir/MiniOzoneClusterImpl-2a90587d-8655-4e72-8ce6-1bf59b520396/datanode-3/data/ratis to VolumeSet
2022-11-07 13:08:40,390 [Listener at 127.0.0.1/42403] INFO  volume.ThrottledAsyncChecker (ThrottledAsyncChecker.java:schedule(141)) - Scheduling a check for /home/runner/work/ozone/ozone/hadoop-ozone/integration-test/target/test-dir/MiniOzoneClusterImpl-2a90587d-8655-4e72-8ce6-1bf59b520396/datanode-3/data/ratis
2022-11-07 13:08:40,391 [Listener at 127.0.0.1/42403] INFO  volume.StorageVolumeChecker (StorageVolumeChecker.java:checkAllVolumes(202)) - Scheduled health check for volume /home/runner/work/ozone/ozone/hadoop-ozone/integration-test/target/test-dir/MiniOzoneClusterImpl-2a90587d-8655-4e72-8ce6-1bf59b520396/datanode-3/data/ratis
2022-11-07 13:08:40,420 [Thread-177] INFO  ozoneimpl.ContainerReader (ContainerReader.java:readVolume(175)) - Finish verifying containers on volume /home/runner/work/ozone/ozone/hadoop-ozone/integration-test/target/test-dir/MiniOzoneClusterImpl-2a90587d-8655-4e72-8ce6-1bf59b520396/datanode-3/data-0/containers/hdds
2022-11-07 13:08:40,421 [Listener at 127.0.0.1/42403] INFO  ozoneimpl.OzoneContainer (OzoneContainer.java:buildContainerSet(300)) - Build ContainerSet costs 0s
2022-11-07 13:08:40,429 [Listener at 127.0.0.1/42403] INFO  server.RaftServer (ConfUtils.java:logGet(46)) - raft.rpc.type = GRPC (default)
2022-11-07 13:08:40,430 [Listener at 127.0.0.1/42403] INFO  grpc.GrpcConfigKeys (ConfUtils.java:logFallback(53)) - raft.grpc.admin.host = null (fallback to raft.grpc.server.host)
2022-11-07 13:08:40,431 [Listener at 127.0.0.1/42403] INFO  grpc.GrpcConfigKeys (ConfUtils.java:logGet(46)) - raft.grpc.admin.port = 0 (custom)
2022-11-07 13:08:40,431 [Listener at 127.0.0.1/42403] INFO  grpc.GrpcConfigKeys (ConfUtils.java:logFallback(53)) - raft.grpc.client.host = null (fallback to raft.grpc.server.host)
2022-11-07 13:08:40,432 [Listener at 127.0.0.1/42403] INFO  grpc.GrpcConfigKeys (ConfUtils.java:logGet(46)) - raft.grpc.client.port = 0 (custom)
2022-11-07 13:08:40,433 [Listener at 127.0.0.1/42403] INFO  grpc.GrpcConfigKeys (ConfUtils.java:logGet(46)) - raft.grpc.server.host = null (default)
2022-11-07 13:08:40,435 [Listener at 127.0.0.1/42403] INFO  grpc.GrpcConfigKeys (ConfUtils.java:logGet(46)) - raft.grpc.server.port = 0 (default)
2022-11-07 13:08:40,435 [Listener at 127.0.0.1/42403] INFO  server.GrpcService (ConfUtils.java:logGet(46)) - raft.grpc.message.size.max = 32MB (=33554432) (custom)
2022-11-07 13:08:40,436 [Listener at 127.0.0.1/42403] INFO  server.RaftServerConfigKeys (ConfUtils.java:logGet(46)) - raft.server.log.appender.buffer.byte-limit = 33554432 (custom)
2022-11-07 13:08:40,437 [Listener at 127.0.0.1/42403] INFO  server.GrpcService (ConfUtils.java:logGet(46)) - raft.grpc.flow.control.window = 5MB (=5242880) (custom)
2022-11-07 13:08:40,437 [Listener at 127.0.0.1/42403] INFO  server.RaftServerConfigKeys (ConfUtils.java:logGet(46)) - raft.server.rpc.request.timeout = 60s (custom)
2022-11-07 13:08:40,439 [Listener at 127.0.0.1/42403] INFO  grpc.GrpcConfigKeys (ConfUtils.java:logGet(46)) - raft.grpc.server.heartbeat.channel = true (default)
2022-11-07 13:08:40,439 [Listener at 127.0.0.1/42403] INFO  grpc.GrpcConfigKeys (ConfUtils.java:logGet(46)) - raft.grpc.server.async.request.thread.pool.cached = true (default)
2022-11-07 13:08:40,439 [Listener at 127.0.0.1/42403] INFO  grpc.GrpcConfigKeys (ConfUtils.java:logGet(46)) - raft.grpc.server.async.request.thread.pool.size = 32 (default)
2022-11-07 13:08:40,443 [Listener at 127.0.0.1/42403] INFO  impl.DataStreamServerImpl (ConfUtils.java:logGet(46)) - raft.datastream.type = DISABLED (default)
2022-11-07 13:08:40,444 [Listener at 127.0.0.1/42403] INFO  server.RaftServerConfigKeys (ConfUtils.java:logGet(46)) - raft.server.threadpool.proxy.cached = true (default)
2022-11-07 13:08:40,444 [Listener at 127.0.0.1/42403] INFO  server.RaftServerConfigKeys (ConfUtils.java:logGet(46)) - raft.server.threadpool.proxy.size = 0 (default)
2022-11-07 13:08:40,445 [Listener at 127.0.0.1/42403] INFO  server.RaftServerConfigKeys (ConfUtils.java:logGet(46)) - raft.server.rpc.slowness.timeout = 300s (custom)
2022-11-07 13:08:40,446 [Listener at 127.0.0.1/42403] INFO  server.RaftServerConfigKeys (ConfUtils.java:logGet(46)) - raft.server.leaderelection.leader.step-down.wait-time = 10s (default)
2022-11-07 13:08:40,446 [Listener at 127.0.0.1/42403] INFO  server.RaftServerConfigKeys (ConfUtils.java:logGet(46)) - raft.server.storage.dir = [/home/runner/work/ozone/ozone/hadoop-ozone/integration-test/target/test-dir/MiniOzoneClusterImpl-2a90587d-8655-4e72-8ce6-1bf59b520396/datanode-3/data/ratis] (custom)
2022-11-07 13:08:40,453 [Listener at 127.0.0.1/42403] INFO  server.XceiverServerGrpc (XceiverServerGrpc.java:<init>(132)) - GrpcServer channel type EpollServerSocketChannel
2022-11-07 13:08:40,468 [Listener at 127.0.0.1/42403] INFO  http.BaseHttpServer (BaseHttpServer.java:newHttpServer2BuilderForOzone(213)) - Starting Web-server for hddsDatanode at: http://0.0.0.0:0
2022-11-07 13:08:40,468 [Listener at 127.0.0.1/42403] INFO  http.BaseHttpServer (BaseHttpServer.java:<init>(108)) - Hadoop Security Enabled: false Ozone Security Enabled: false Ozone HTTP Security Enabled: false 
2022-11-07 13:08:40,470 [Listener at 127.0.0.1/42403] WARN  server.AuthenticationFilter (AuthenticationFilter.java:constructSecretProvider(240)) - Unable to initialize FileSignerSecretProvider, falling back to use random secrets. Reason: Could not read signature secret file: /home/runner/hadoop-http-auth-signature-secret
2022-11-07 13:08:40,480 [Listener at 127.0.0.1/42403] WARN  http.HttpRequestLog (HttpRequestLog.java:getRequestLog(103)) - Jetty request log can only be enabled using Log4j
2022-11-07 13:08:40,485 [Listener at 127.0.0.1/42403] INFO  http.HttpServer2 (HttpServer2.java:addGlobalFilter(1031)) - Added global filter 'safety' (class=org.apache.hadoop.hdds.server.http.HttpServer2$QuotingInputFilter)
2022-11-07 13:08:40,488 [Listener at 127.0.0.1/42403] INFO  http.HttpServer2 (HttpServer2.java:addFilter(1007)) - Added filter static_user_filter (class=org.apache.hadoop.http.lib.StaticUserWebFilter$StaticUserFilter) to context hddsDatanode
2022-11-07 13:08:40,488 [Listener at 127.0.0.1/42403] INFO  http.HttpServer2 (HttpServer2.java:addFilter(1015)) - Added filter static_user_filter (class=org.apache.hadoop.http.lib.StaticUserWebFilter$StaticUserFilter) to context static
2022-11-07 13:08:40,489 [Listener at 127.0.0.1/42403] INFO  http.HttpServer2 (HttpServer2.java:addFilter(1015)) - Added filter static_user_filter (class=org.apache.hadoop.http.lib.StaticUserWebFilter$StaticUserFilter) to context logs
2022-11-07 13:08:40,491 [Listener at 127.0.0.1/42403] INFO  http.HttpServer2 (HttpServer2.java:bindListener(1250)) - Jetty bound to port 39105
2022-11-07 13:08:40,491 [Listener at 127.0.0.1/42403] INFO  server.Server (Server.java:doStart(375)) - jetty-9.4.49.v20220914; built: 2022-09-14T01:07:36.601Z; git: 4231a3b2e4cb8548a412a789936d640a97b1aa0a; jvm 1.8.0_345-b01
2022-11-07 13:08:40,503 [Listener at 127.0.0.1/42403] INFO  server.session (DefaultSessionIdManager.java:doStart(334)) - DefaultSessionIdManager workerName=node0
2022-11-07 13:08:40,503 [Listener at 127.0.0.1/42403] INFO  server.session (DefaultSessionIdManager.java:doStart(339)) - No SessionScavenger set, using defaults
2022-11-07 13:08:40,504 [Listener at 127.0.0.1/42403] INFO  server.session (HouseKeeper.java:startScavenging(132)) - node0 Scavenging every 660000ms
2022-11-07 13:08:40,505 [Listener at 127.0.0.1/42403] INFO  handler.ContextHandler (ContextHandler.java:doStart(921)) - Started o.e.j.s.ServletContextHandler@1a8fe894{logs,/logs,file:///home/runner/work/ozone/ozone/hadoop-ozone/integration-test/target/log,AVAILABLE}
2022-11-07 13:08:40,505 [Listener at 127.0.0.1/42403] INFO  handler.ContextHandler (ContextHandler.java:doStart(921)) - Started o.e.j.s.ServletContextHandler@1c2e1acb{static,/static,jar:file:/home/runner/.m2/repository/org/apache/ozone/hdds-container-service/1.3.0-SNAPSHOT/hdds-container-service-1.3.0-SNAPSHOT.jar!/webapps/static,AVAILABLE}
2022-11-07 13:08:40,699 [Listener at 127.0.0.1/42403] INFO  handler.ContextHandler (ContextHandler.java:doStart(921)) - Started o.e.j.w.WebAppContext@7bb15812{hddsDatanode,/,file:///tmp/jetty-0_0_0_0-39105-hdds-container-service-1_3_0-SNAPSHOT_jar-_-any-3427281705446160257/webapp/,AVAILABLE}{jar:file:/home/runner/.m2/repository/org/apache/ozone/hdds-container-service/1.3.0-SNAPSHOT/hdds-container-service-1.3.0-SNAPSHOT.jar!/webapps/hddsDatanode}
2022-11-07 13:08:40,700 [Listener at 127.0.0.1/42403] INFO  server.AbstractConnector (AbstractConnector.java:doStart(333)) - Started ServerConnector@388e631{HTTP/1.1, (http/1.1)}{0.0.0.0:39105}
2022-11-07 13:08:40,701 [Listener at 127.0.0.1/42403] INFO  server.Server (Server.java:doStart(415)) - Started @11858ms
2022-11-07 13:08:40,701 [Listener at 127.0.0.1/42403] WARN  impl.MetricsSystemImpl (MetricsSystemImpl.java:register(279)) - Sink prometheus already exists!
2022-11-07 13:08:40,702 [Listener at 127.0.0.1/42403] INFO  http.BaseHttpServer (BaseHttpServer.java:updateConnectorAddress(333)) - HTTP server of hddsDatanode listening at http://0.0.0.0:39105
2022-11-07 13:08:40,703 [Listener at 127.0.0.1/42403] WARN  impl.MetricRegistriesImpl (MetricRegistriesImpl.java:addReporterRegistration(111)) - New reporters are added after registries were created. Some metrics will be missing from the reporter. Please add reporter before adding any new registry.
2022-11-07 13:08:40,703 [Listener at 127.0.0.1/42403] WARN  impl.MetricRegistriesImpl (MetricRegistriesImpl.java:addReporterRegistration(111)) - New reporters are added after registries were created. Some metrics will be missing from the reporter. Please add reporter before adding any new registry.
2022-11-07 13:08:40,703 [Listener at 127.0.0.1/42403] INFO  impl.MetricsSystemImpl (MetricsSystemImpl.java:init(158)) - HddsDatanode metrics system started (again)
2022-11-07 13:08:40,708 [Datanode State Machine Daemon Thread] INFO  statemachine.DatanodeStateMachine (DatanodeStateMachine.java:lambda$startDaemon$0(505)) - Ozone container server started.
2022-11-07 13:08:40,714 [org.apache.hadoop.util.JvmPauseMonitor$Monitor@4b14cd43] INFO  util.JvmPauseMonitor (JvmPauseMonitor.java:run(188)) - Starting JVM pause monitor
2022-11-07 13:08:40,716 [Datanode State Machine Task Thread - 0] INFO  datanode.InitDatanodeState (InitDatanodeState.java:persistContainerDatanodeDetails(138)) - DatanodeDetails is persisted to /home/runner/work/ozone/ozone/hadoop-ozone/integration-test/target/test-dir/MiniOzoneClusterImpl-2a90587d-8655-4e72-8ce6-1bf59b520396/datanode-3/meta/datanode.id
2022-11-07 13:08:40,729 [Listener at 127.0.0.1/42403] INFO  ozone.HddsDatanodeService (HddsDatanodeService.java:start(236)) - HddsDatanodeService host:fv-az255-291.sbdzdnwsxtye1lzl1wgdhvzhwg.dx.internal.cloudapp.net ip:10.1.0.171
2022-11-07 13:08:40,757 [Listener at 127.0.0.1/42403] INFO  upgrade.AbstractLayoutVersionManager (AbstractLayoutVersionManager.java:init(83)) - Initializing Layout version manager with metadata layout = DATANODE_SCHEMA_V3 (version = 4), software layout = DATANODE_SCHEMA_V3 (version = 4)
2022-11-07 13:08:40,816 [Listener at 127.0.0.1/42403] INFO  reflections.Reflections (Reflections.java:scan(232)) - Reflections took 57 ms to scan 7 urls, producing 139 keys and 336 values 
2022-11-07 13:08:40,818 [Listener at 127.0.0.1/42403] INFO  statemachine.DatanodeStateMachine (DatanodeStateMachine.java:getEndPointTaskThreadPoolSize(245)) - Datanode State Machine Task Thread Pool size 2
2022-11-07 13:08:40,820 [Listener at 127.0.0.1/42403] INFO  volume.HddsVolume (HddsVolume.java:<init>(117)) - Creating HddsVolume: /home/runner/work/ozone/ozone/hadoop-ozone/integration-test/target/test-dir/MiniOzoneClusterImpl-2a90587d-8655-4e72-8ce6-1bf59b520396/datanode-4/data-0/containers/hdds of storage type : DISK capacity : 9223372036854775807
2022-11-07 13:08:40,820 [Listener at 127.0.0.1/42403] INFO  volume.MutableVolumeSet (MutableVolumeSet.java:initializeVolumeSet(174)) - Added Volume : /home/runner/work/ozone/ozone/hadoop-ozone/integration-test/target/test-dir/MiniOzoneClusterImpl-2a90587d-8655-4e72-8ce6-1bf59b520396/datanode-4/data-0/containers/hdds to VolumeSet
2022-11-07 13:08:40,821 [Listener at 127.0.0.1/42403] INFO  volume.ThrottledAsyncChecker (ThrottledAsyncChecker.java:schedule(141)) - Scheduling a check for /home/runner/work/ozone/ozone/hadoop-ozone/integration-test/target/test-dir/MiniOzoneClusterImpl-2a90587d-8655-4e72-8ce6-1bf59b520396/datanode-4/data-0/containers/hdds
2022-11-07 13:08:40,826 [Listener at 127.0.0.1/42403] INFO  volume.StorageVolumeChecker (StorageVolumeChecker.java:checkAllVolumes(202)) - Scheduled health check for volume /home/runner/work/ozone/ozone/hadoop-ozone/integration-test/target/test-dir/MiniOzoneClusterImpl-2a90587d-8655-4e72-8ce6-1bf59b520396/datanode-4/data-0/containers/hdds
2022-11-07 13:08:40,840 [Listener at 127.0.0.1/42403] INFO  volume.MutableVolumeSet (MutableVolumeSet.java:initializeVolumeSet(174)) - Added Volume : /home/runner/work/ozone/ozone/hadoop-ozone/integration-test/target/test-dir/MiniOzoneClusterImpl-2a90587d-8655-4e72-8ce6-1bf59b520396/datanode-4/data/ratis to VolumeSet
2022-11-07 13:08:40,840 [Listener at 127.0.0.1/42403] INFO  volume.ThrottledAsyncChecker (ThrottledAsyncChecker.java:schedule(141)) - Scheduling a check for /home/runner/work/ozone/ozone/hadoop-ozone/integration-test/target/test-dir/MiniOzoneClusterImpl-2a90587d-8655-4e72-8ce6-1bf59b520396/datanode-4/data/ratis
2022-11-07 13:08:40,840 [Listener at 127.0.0.1/42403] INFO  volume.StorageVolumeChecker (StorageVolumeChecker.java:checkAllVolumes(202)) - Scheduled health check for volume /home/runner/work/ozone/ozone/hadoop-ozone/integration-test/target/test-dir/MiniOzoneClusterImpl-2a90587d-8655-4e72-8ce6-1bf59b520396/datanode-4/data/ratis
2022-11-07 13:08:40,852 [Thread-190] INFO  ozoneimpl.ContainerReader (ContainerReader.java:readVolume(175)) - Finish verifying containers on volume /home/runner/work/ozone/ozone/hadoop-ozone/integration-test/target/test-dir/MiniOzoneClusterImpl-2a90587d-8655-4e72-8ce6-1bf59b520396/datanode-4/data-0/containers/hdds
2022-11-07 13:08:40,852 [Listener at 127.0.0.1/42403] INFO  ozoneimpl.OzoneContainer (OzoneContainer.java:buildContainerSet(300)) - Build ContainerSet costs 0s
2022-11-07 13:08:40,855 [Listener at 127.0.0.1/42403] INFO  server.RaftServer (ConfUtils.java:logGet(46)) - raft.rpc.type = GRPC (default)
2022-11-07 13:08:40,856 [Listener at 127.0.0.1/42403] INFO  grpc.GrpcConfigKeys (ConfUtils.java:logFallback(53)) - raft.grpc.admin.host = null (fallback to raft.grpc.server.host)
2022-11-07 13:08:40,856 [Listener at 127.0.0.1/42403] INFO  grpc.GrpcConfigKeys (ConfUtils.java:logGet(46)) - raft.grpc.admin.port = 0 (custom)
2022-11-07 13:08:40,856 [Listener at 127.0.0.1/42403] INFO  grpc.GrpcConfigKeys (ConfUtils.java:logFallback(53)) - raft.grpc.client.host = null (fallback to raft.grpc.server.host)
2022-11-07 13:08:40,856 [Listener at 127.0.0.1/42403] INFO  grpc.GrpcConfigKeys (ConfUtils.java:logGet(46)) - raft.grpc.client.port = 0 (custom)
2022-11-07 13:08:40,857 [Listener at 127.0.0.1/42403] INFO  grpc.GrpcConfigKeys (ConfUtils.java:logGet(46)) - raft.grpc.server.host = null (default)
2022-11-07 13:08:40,857 [Listener at 127.0.0.1/42403] INFO  grpc.GrpcConfigKeys (ConfUtils.java:logGet(46)) - raft.grpc.server.port = 0 (default)
2022-11-07 13:08:40,857 [Listener at 127.0.0.1/42403] INFO  server.GrpcService (ConfUtils.java:logGet(46)) - raft.grpc.message.size.max = 32MB (=33554432) (custom)
2022-11-07 13:08:40,857 [Listener at 127.0.0.1/42403] INFO  server.RaftServerConfigKeys (ConfUtils.java:logGet(46)) - raft.server.log.appender.buffer.byte-limit = 33554432 (custom)
2022-11-07 13:08:40,858 [Listener at 127.0.0.1/42403] INFO  server.GrpcService (ConfUtils.java:logGet(46)) - raft.grpc.flow.control.window = 5MB (=5242880) (custom)
2022-11-07 13:08:40,858 [Listener at 127.0.0.1/42403] INFO  server.RaftServerConfigKeys (ConfUtils.java:logGet(46)) - raft.server.rpc.request.timeout = 60s (custom)
2022-11-07 13:08:40,858 [Listener at 127.0.0.1/42403] INFO  grpc.GrpcConfigKeys (ConfUtils.java:logGet(46)) - raft.grpc.server.heartbeat.channel = true (default)
2022-11-07 13:08:40,858 [Listener at 127.0.0.1/42403] INFO  grpc.GrpcConfigKeys (ConfUtils.java:logGet(46)) - raft.grpc.server.async.request.thread.pool.cached = true (default)
2022-11-07 13:08:40,859 [Listener at 127.0.0.1/42403] INFO  grpc.GrpcConfigKeys (ConfUtils.java:logGet(46)) - raft.grpc.server.async.request.thread.pool.size = 32 (default)
2022-11-07 13:08:40,860 [Listener at 127.0.0.1/42403] INFO  impl.DataStreamServerImpl (ConfUtils.java:logGet(46)) - raft.datastream.type = DISABLED (default)
2022-11-07 13:08:40,860 [Listener at 127.0.0.1/42403] INFO  server.RaftServerConfigKeys (ConfUtils.java:logGet(46)) - raft.server.threadpool.proxy.cached = true (default)
2022-11-07 13:08:40,860 [Listener at 127.0.0.1/42403] INFO  server.RaftServerConfigKeys (ConfUtils.java:logGet(46)) - raft.server.threadpool.proxy.size = 0 (default)
2022-11-07 13:08:40,860 [Listener at 127.0.0.1/42403] INFO  server.RaftServerConfigKeys (ConfUtils.java:logGet(46)) - raft.server.rpc.slowness.timeout = 300s (custom)
2022-11-07 13:08:40,861 [Listener at 127.0.0.1/42403] INFO  server.RaftServerConfigKeys (ConfUtils.java:logGet(46)) - raft.server.leaderelection.leader.step-down.wait-time = 10s (default)
2022-11-07 13:08:40,861 [Listener at 127.0.0.1/42403] INFO  server.RaftServerConfigKeys (ConfUtils.java:logGet(46)) - raft.server.storage.dir = [/home/runner/work/ozone/ozone/hadoop-ozone/integration-test/target/test-dir/MiniOzoneClusterImpl-2a90587d-8655-4e72-8ce6-1bf59b520396/datanode-4/data/ratis] (custom)
2022-11-07 13:08:40,862 [Listener at 127.0.0.1/42403] INFO  server.XceiverServerGrpc (XceiverServerGrpc.java:<init>(132)) - GrpcServer channel type EpollServerSocketChannel
2022-11-07 13:08:40,867 [Listener at 127.0.0.1/42403] INFO  http.BaseHttpServer (BaseHttpServer.java:newHttpServer2BuilderForOzone(213)) - Starting Web-server for hddsDatanode at: http://0.0.0.0:0
2022-11-07 13:08:40,867 [Listener at 127.0.0.1/42403] INFO  http.BaseHttpServer (BaseHttpServer.java:<init>(108)) - Hadoop Security Enabled: false Ozone Security Enabled: false Ozone HTTP Security Enabled: false 
2022-11-07 13:08:40,869 [Listener at 127.0.0.1/42403] WARN  server.AuthenticationFilter (AuthenticationFilter.java:constructSecretProvider(240)) - Unable to initialize FileSignerSecretProvider, falling back to use random secrets. Reason: Could not read signature secret file: /home/runner/hadoop-http-auth-signature-secret
2022-11-07 13:08:40,869 [Listener at 127.0.0.1/42403] WARN  http.HttpRequestLog (HttpRequestLog.java:getRequestLog(103)) - Jetty request log can only be enabled using Log4j
2022-11-07 13:08:40,871 [Listener at 127.0.0.1/42403] INFO  http.HttpServer2 (HttpServer2.java:addGlobalFilter(1031)) - Added global filter 'safety' (class=org.apache.hadoop.hdds.server.http.HttpServer2$QuotingInputFilter)
2022-11-07 13:08:40,872 [Listener at 127.0.0.1/42403] INFO  http.HttpServer2 (HttpServer2.java:addFilter(1007)) - Added filter static_user_filter (class=org.apache.hadoop.http.lib.StaticUserWebFilter$StaticUserFilter) to context hddsDatanode
2022-11-07 13:08:40,872 [Listener at 127.0.0.1/42403] INFO  http.HttpServer2 (HttpServer2.java:addFilter(1015)) - Added filter static_user_filter (class=org.apache.hadoop.http.lib.StaticUserWebFilter$StaticUserFilter) to context static
2022-11-07 13:08:40,872 [Listener at 127.0.0.1/42403] INFO  http.HttpServer2 (HttpServer2.java:addFilter(1015)) - Added filter static_user_filter (class=org.apache.hadoop.http.lib.StaticUserWebFilter$StaticUserFilter) to context logs
2022-11-07 13:08:40,873 [Listener at 127.0.0.1/42403] INFO  http.HttpServer2 (HttpServer2.java:bindListener(1250)) - Jetty bound to port 39439
2022-11-07 13:08:40,873 [Listener at 127.0.0.1/42403] INFO  server.Server (Server.java:doStart(375)) - jetty-9.4.49.v20220914; built: 2022-09-14T01:07:36.601Z; git: 4231a3b2e4cb8548a412a789936d640a97b1aa0a; jvm 1.8.0_345-b01
2022-11-07 13:08:40,878 [Listener at 127.0.0.1/42403] INFO  server.session (DefaultSessionIdManager.java:doStart(334)) - DefaultSessionIdManager workerName=node0
2022-11-07 13:08:40,878 [Listener at 127.0.0.1/42403] INFO  server.session (DefaultSessionIdManager.java:doStart(339)) - No SessionScavenger set, using defaults
2022-11-07 13:08:40,879 [Listener at 127.0.0.1/42403] INFO  server.session (HouseKeeper.java:startScavenging(132)) - node0 Scavenging every 600000ms
2022-11-07 13:08:40,881 [Listener at 127.0.0.1/42403] INFO  handler.ContextHandler (ContextHandler.java:doStart(921)) - Started o.e.j.s.ServletContextHandler@58e6940{logs,/logs,file:///home/runner/work/ozone/ozone/hadoop-ozone/integration-test/target/log,AVAILABLE}
2022-11-07 13:08:40,882 [Listener at 127.0.0.1/42403] INFO  handler.ContextHandler (ContextHandler.java:doStart(921)) - Started o.e.j.s.ServletContextHandler@7b67e60e{static,/static,jar:file:/home/runner/.m2/repository/org/apache/ozone/hdds-container-service/1.3.0-SNAPSHOT/hdds-container-service-1.3.0-SNAPSHOT.jar!/webapps/static,AVAILABLE}
2022-11-07 13:08:41,079 [Listener at 127.0.0.1/42403] INFO  handler.ContextHandler (ContextHandler.java:doStart(921)) - Started o.e.j.w.WebAppContext@150ec661{hddsDatanode,/,file:///tmp/jetty-0_0_0_0-39439-hdds-container-service-1_3_0-SNAPSHOT_jar-_-any-3026466759774666568/webapp/,AVAILABLE}{jar:file:/home/runner/.m2/repository/org/apache/ozone/hdds-container-service/1.3.0-SNAPSHOT/hdds-container-service-1.3.0-SNAPSHOT.jar!/webapps/hddsDatanode}
2022-11-07 13:08:41,082 [Listener at 127.0.0.1/42403] INFO  server.AbstractConnector (AbstractConnector.java:doStart(333)) - Started ServerConnector@5475de4{HTTP/1.1, (http/1.1)}{0.0.0.0:39439}
2022-11-07 13:08:41,082 [Listener at 127.0.0.1/42403] INFO  server.Server (Server.java:doStart(415)) - Started @12239ms
2022-11-07 13:08:41,082 [Listener at 127.0.0.1/42403] WARN  impl.MetricsSystemImpl (MetricsSystemImpl.java:register(279)) - Sink prometheus already exists!
2022-11-07 13:08:41,083 [Listener at 127.0.0.1/42403] INFO  http.BaseHttpServer (BaseHttpServer.java:updateConnectorAddress(333)) - HTTP server of hddsDatanode listening at http://0.0.0.0:39439
2022-11-07 13:08:41,083 [Datanode State Machine Daemon Thread] INFO  statemachine.DatanodeStateMachine (DatanodeStateMachine.java:lambda$startDaemon$0(505)) - Ozone container server started.
2022-11-07 13:08:41,087 [Listener at 127.0.0.1/42403] WARN  impl.MetricRegistriesImpl (MetricRegistriesImpl.java:addReporterRegistration(111)) - New reporters are added after registries were created. Some metrics will be missing from the reporter. Please add reporter before adding any new registry.
2022-11-07 13:08:41,087 [Listener at 127.0.0.1/42403] WARN  impl.MetricRegistriesImpl (MetricRegistriesImpl.java:addReporterRegistration(111)) - New reporters are added after registries were created. Some metrics will be missing from the reporter. Please add reporter before adding any new registry.
2022-11-07 13:08:41,088 [Listener at 127.0.0.1/42403] INFO  impl.MetricsSystemImpl (MetricsSystemImpl.java:init(158)) - HddsDatanode metrics system started (again)
2022-11-07 13:08:41,095 [org.apache.hadoop.util.JvmPauseMonitor$Monitor@f044ca1] INFO  util.JvmPauseMonitor (JvmPauseMonitor.java:run(188)) - Starting JVM pause monitor
2022-11-07 13:08:41,098 [Datanode State Machine Task Thread - 0] INFO  datanode.InitDatanodeState (InitDatanodeState.java:persistContainerDatanodeDetails(138)) - DatanodeDetails is persisted to /home/runner/work/ozone/ozone/hadoop-ozone/integration-test/target/test-dir/MiniOzoneClusterImpl-2a90587d-8655-4e72-8ce6-1bf59b520396/datanode-4/meta/datanode.id
2022-11-07 13:08:41,101 [Listener at 127.0.0.1/42403] INFO  ozone.HddsDatanodeService (HddsDatanodeService.java:start(236)) - HddsDatanodeService host:fv-az255-291.sbdzdnwsxtye1lzl1wgdhvzhwg.dx.internal.cloudapp.net ip:10.1.0.171
2022-11-07 13:08:41,128 [Listener at 127.0.0.1/42403] INFO  upgrade.AbstractLayoutVersionManager (AbstractLayoutVersionManager.java:init(83)) - Initializing Layout version manager with metadata layout = DATANODE_SCHEMA_V3 (version = 4), software layout = DATANODE_SCHEMA_V3 (version = 4)
2022-11-07 13:08:41,190 [Listener at 127.0.0.1/42403] INFO  reflections.Reflections (Reflections.java:scan(232)) - Reflections took 61 ms to scan 7 urls, producing 139 keys and 336 values 
2022-11-07 13:08:41,192 [Listener at 127.0.0.1/42403] INFO  statemachine.DatanodeStateMachine (DatanodeStateMachine.java:getEndPointTaskThreadPoolSize(245)) - Datanode State Machine Task Thread Pool size 2
2022-11-07 13:08:41,204 [Listener at 127.0.0.1/42403] INFO  volume.HddsVolume (HddsVolume.java:<init>(117)) - Creating HddsVolume: /home/runner/work/ozone/ozone/hadoop-ozone/integration-test/target/test-dir/MiniOzoneClusterImpl-2a90587d-8655-4e72-8ce6-1bf59b520396/datanode-5/data-0/containers/hdds of storage type : DISK capacity : 9223372036854775807
2022-11-07 13:08:41,205 [Listener at 127.0.0.1/42403] INFO  volume.MutableVolumeSet (MutableVolumeSet.java:initializeVolumeSet(174)) - Added Volume : /home/runner/work/ozone/ozone/hadoop-ozone/integration-test/target/test-dir/MiniOzoneClusterImpl-2a90587d-8655-4e72-8ce6-1bf59b520396/datanode-5/data-0/containers/hdds to VolumeSet
2022-11-07 13:08:41,205 [Listener at 127.0.0.1/42403] INFO  volume.ThrottledAsyncChecker (ThrottledAsyncChecker.java:schedule(141)) - Scheduling a check for /home/runner/work/ozone/ozone/hadoop-ozone/integration-test/target/test-dir/MiniOzoneClusterImpl-2a90587d-8655-4e72-8ce6-1bf59b520396/datanode-5/data-0/containers/hdds
2022-11-07 13:08:41,215 [Listener at 127.0.0.1/42403] INFO  volume.StorageVolumeChecker (StorageVolumeChecker.java:checkAllVolumes(202)) - Scheduled health check for volume /home/runner/work/ozone/ozone/hadoop-ozone/integration-test/target/test-dir/MiniOzoneClusterImpl-2a90587d-8655-4e72-8ce6-1bf59b520396/datanode-5/data-0/containers/hdds
2022-11-07 13:08:41,228 [Listener at 127.0.0.1/42403] INFO  volume.MutableVolumeSet (MutableVolumeSet.java:initializeVolumeSet(174)) - Added Volume : /home/runner/work/ozone/ozone/hadoop-ozone/integration-test/target/test-dir/MiniOzoneClusterImpl-2a90587d-8655-4e72-8ce6-1bf59b520396/datanode-5/data/ratis to VolumeSet
2022-11-07 13:08:41,229 [Listener at 127.0.0.1/42403] INFO  volume.ThrottledAsyncChecker (ThrottledAsyncChecker.java:schedule(141)) - Scheduling a check for /home/runner/work/ozone/ozone/hadoop-ozone/integration-test/target/test-dir/MiniOzoneClusterImpl-2a90587d-8655-4e72-8ce6-1bf59b520396/datanode-5/data/ratis
2022-11-07 13:08:41,229 [Listener at 127.0.0.1/42403] INFO  volume.StorageVolumeChecker (StorageVolumeChecker.java:checkAllVolumes(202)) - Scheduled health check for volume /home/runner/work/ozone/ozone/hadoop-ozone/integration-test/target/test-dir/MiniOzoneClusterImpl-2a90587d-8655-4e72-8ce6-1bf59b520396/datanode-5/data/ratis
2022-11-07 13:08:41,244 [Thread-204] INFO  ozoneimpl.ContainerReader (ContainerReader.java:readVolume(175)) - Finish verifying containers on volume /home/runner/work/ozone/ozone/hadoop-ozone/integration-test/target/test-dir/MiniOzoneClusterImpl-2a90587d-8655-4e72-8ce6-1bf59b520396/datanode-5/data-0/containers/hdds
2022-11-07 13:08:41,244 [Listener at 127.0.0.1/42403] INFO  ozoneimpl.OzoneContainer (OzoneContainer.java:buildContainerSet(300)) - Build ContainerSet costs 0s
2022-11-07 13:08:41,249 [Listener at 127.0.0.1/42403] INFO  server.RaftServer (ConfUtils.java:logGet(46)) - raft.rpc.type = GRPC (default)
2022-11-07 13:08:41,251 [Listener at 127.0.0.1/42403] INFO  grpc.GrpcConfigKeys (ConfUtils.java:logFallback(53)) - raft.grpc.admin.host = null (fallback to raft.grpc.server.host)
2022-11-07 13:08:41,251 [Listener at 127.0.0.1/42403] INFO  grpc.GrpcConfigKeys (ConfUtils.java:logGet(46)) - raft.grpc.admin.port = 0 (custom)
2022-11-07 13:08:41,251 [Listener at 127.0.0.1/42403] INFO  grpc.GrpcConfigKeys (ConfUtils.java:logFallback(53)) - raft.grpc.client.host = null (fallback to raft.grpc.server.host)
2022-11-07 13:08:41,252 [Listener at 127.0.0.1/42403] INFO  grpc.GrpcConfigKeys (ConfUtils.java:logGet(46)) - raft.grpc.client.port = 0 (custom)
2022-11-07 13:08:41,252 [Listener at 127.0.0.1/42403] INFO  grpc.GrpcConfigKeys (ConfUtils.java:logGet(46)) - raft.grpc.server.host = null (default)
2022-11-07 13:08:41,252 [Listener at 127.0.0.1/42403] INFO  grpc.GrpcConfigKeys (ConfUtils.java:logGet(46)) - raft.grpc.server.port = 0 (default)
2022-11-07 13:08:41,252 [Listener at 127.0.0.1/42403] INFO  server.GrpcService (ConfUtils.java:logGet(46)) - raft.grpc.message.size.max = 32MB (=33554432) (custom)
2022-11-07 13:08:41,252 [Listener at 127.0.0.1/42403] INFO  server.RaftServerConfigKeys (ConfUtils.java:logGet(46)) - raft.server.log.appender.buffer.byte-limit = 33554432 (custom)
2022-11-07 13:08:41,254 [Listener at 127.0.0.1/42403] INFO  server.GrpcService (ConfUtils.java:logGet(46)) - raft.grpc.flow.control.window = 5MB (=5242880) (custom)
2022-11-07 13:08:41,254 [Listener at 127.0.0.1/42403] INFO  server.RaftServerConfigKeys (ConfUtils.java:logGet(46)) - raft.server.rpc.request.timeout = 60s (custom)
2022-11-07 13:08:41,255 [Listener at 127.0.0.1/42403] INFO  grpc.GrpcConfigKeys (ConfUtils.java:logGet(46)) - raft.grpc.server.heartbeat.channel = true (default)
2022-11-07 13:08:41,255 [Listener at 127.0.0.1/42403] INFO  grpc.GrpcConfigKeys (ConfUtils.java:logGet(46)) - raft.grpc.server.async.request.thread.pool.cached = true (default)
2022-11-07 13:08:41,255 [Listener at 127.0.0.1/42403] INFO  grpc.GrpcConfigKeys (ConfUtils.java:logGet(46)) - raft.grpc.server.async.request.thread.pool.size = 32 (default)
2022-11-07 13:08:41,256 [Listener at 127.0.0.1/42403] INFO  impl.DataStreamServerImpl (ConfUtils.java:logGet(46)) - raft.datastream.type = DISABLED (default)
2022-11-07 13:08:41,257 [Listener at 127.0.0.1/42403] INFO  server.RaftServerConfigKeys (ConfUtils.java:logGet(46)) - raft.server.threadpool.proxy.cached = true (default)
2022-11-07 13:08:41,257 [Listener at 127.0.0.1/42403] INFO  server.RaftServerConfigKeys (ConfUtils.java:logGet(46)) - raft.server.threadpool.proxy.size = 0 (default)
2022-11-07 13:08:41,257 [Listener at 127.0.0.1/42403] INFO  server.RaftServerConfigKeys (ConfUtils.java:logGet(46)) - raft.server.rpc.slowness.timeout = 300s (custom)
2022-11-07 13:08:41,257 [Listener at 127.0.0.1/42403] INFO  server.RaftServerConfigKeys (ConfUtils.java:logGet(46)) - raft.server.leaderelection.leader.step-down.wait-time = 10s (default)
2022-11-07 13:08:41,257 [Listener at 127.0.0.1/42403] INFO  server.RaftServerConfigKeys (ConfUtils.java:logGet(46)) - raft.server.storage.dir = [/home/runner/work/ozone/ozone/hadoop-ozone/integration-test/target/test-dir/MiniOzoneClusterImpl-2a90587d-8655-4e72-8ce6-1bf59b520396/datanode-5/data/ratis] (custom)
2022-11-07 13:08:41,260 [Listener at 127.0.0.1/42403] INFO  server.XceiverServerGrpc (XceiverServerGrpc.java:<init>(132)) - GrpcServer channel type EpollServerSocketChannel
2022-11-07 13:08:41,267 [Listener at 127.0.0.1/42403] INFO  http.BaseHttpServer (BaseHttpServer.java:newHttpServer2BuilderForOzone(213)) - Starting Web-server for hddsDatanode at: http://0.0.0.0:0
2022-11-07 13:08:41,268 [Listener at 127.0.0.1/42403] INFO  http.BaseHttpServer (BaseHttpServer.java:<init>(108)) - Hadoop Security Enabled: false Ozone Security Enabled: false Ozone HTTP Security Enabled: false 
2022-11-07 13:08:41,269 [Listener at 127.0.0.1/42403] WARN  server.AuthenticationFilter (AuthenticationFilter.java:constructSecretProvider(240)) - Unable to initialize FileSignerSecretProvider, falling back to use random secrets. Reason: Could not read signature secret file: /home/runner/hadoop-http-auth-signature-secret
2022-11-07 13:08:41,270 [Listener at 127.0.0.1/42403] WARN  http.HttpRequestLog (HttpRequestLog.java:getRequestLog(103)) - Jetty request log can only be enabled using Log4j
2022-11-07 13:08:41,271 [Listener at 127.0.0.1/42403] INFO  http.HttpServer2 (HttpServer2.java:addGlobalFilter(1031)) - Added global filter 'safety' (class=org.apache.hadoop.hdds.server.http.HttpServer2$QuotingInputFilter)
2022-11-07 13:08:41,272 [Listener at 127.0.0.1/42403] INFO  http.HttpServer2 (HttpServer2.java:addFilter(1007)) - Added filter static_user_filter (class=org.apache.hadoop.http.lib.StaticUserWebFilter$StaticUserFilter) to context hddsDatanode
2022-11-07 13:08:41,272 [Listener at 127.0.0.1/42403] INFO  http.HttpServer2 (HttpServer2.java:addFilter(1015)) - Added filter static_user_filter (class=org.apache.hadoop.http.lib.StaticUserWebFilter$StaticUserFilter) to context logs
2022-11-07 13:08:41,272 [Listener at 127.0.0.1/42403] INFO  http.HttpServer2 (HttpServer2.java:addFilter(1015)) - Added filter static_user_filter (class=org.apache.hadoop.http.lib.StaticUserWebFilter$StaticUserFilter) to context static
2022-11-07 13:08:41,274 [Listener at 127.0.0.1/42403] INFO  http.HttpServer2 (HttpServer2.java:bindListener(1250)) - Jetty bound to port 38969
2022-11-07 13:08:41,274 [Listener at 127.0.0.1/42403] INFO  server.Server (Server.java:doStart(375)) - jetty-9.4.49.v20220914; built: 2022-09-14T01:07:36.601Z; git: 4231a3b2e4cb8548a412a789936d640a97b1aa0a; jvm 1.8.0_345-b01
2022-11-07 13:08:41,295 [Listener at 127.0.0.1/42403] INFO  server.session (DefaultSessionIdManager.java:doStart(334)) - DefaultSessionIdManager workerName=node0
2022-11-07 13:08:41,295 [Listener at 127.0.0.1/42403] INFO  server.session (DefaultSessionIdManager.java:doStart(339)) - No SessionScavenger set, using defaults
2022-11-07 13:08:41,295 [Listener at 127.0.0.1/42403] INFO  server.session (HouseKeeper.java:startScavenging(132)) - node0 Scavenging every 600000ms
2022-11-07 13:08:41,296 [Listener at 127.0.0.1/42403] INFO  handler.ContextHandler (ContextHandler.java:doStart(921)) - Started o.e.j.s.ServletContextHandler@59f7d263{logs,/logs,file:///home/runner/work/ozone/ozone/hadoop-ozone/integration-test/target/log,AVAILABLE}
2022-11-07 13:08:41,297 [Listener at 127.0.0.1/42403] INFO  handler.ContextHandler (ContextHandler.java:doStart(921)) - Started o.e.j.s.ServletContextHandler@57b7287c{static,/static,jar:file:/home/runner/.m2/repository/org/apache/ozone/hdds-container-service/1.3.0-SNAPSHOT/hdds-container-service-1.3.0-SNAPSHOT.jar!/webapps/static,AVAILABLE}
2022-11-07 13:08:41,332 [EndpointStateMachine task thread for /0.0.0.0:41185 - 0 ] INFO  utils.DatanodeStoreCache (DatanodeStoreCache.java:addDB(58)) - Added db /home/runner/work/ozone/ozone/hadoop-ozone/integration-test/target/test-dir/MiniOzoneClusterImpl-2a90587d-8655-4e72-8ce6-1bf59b520396/datanode-0/data-0/containers/hdds/2a90587d-8655-4e72-8ce6-1bf59b520396/DS-aaec92a0-3770-4ce0-b2d2-fb506bf81bb3/container.db to cache
2022-11-07 13:08:41,332 [EndpointStateMachine task thread for /0.0.0.0:41185 - 0 ] INFO  volume.HddsVolume (HddsVolume.java:createDbStore(307)) - SchemaV3 db is created and loaded at /home/runner/work/ozone/ozone/hadoop-ozone/integration-test/target/test-dir/MiniOzoneClusterImpl-2a90587d-8655-4e72-8ce6-1bf59b520396/datanode-0/data-0/containers/hdds/2a90587d-8655-4e72-8ce6-1bf59b520396/DS-aaec92a0-3770-4ce0-b2d2-fb506bf81bb3/container.db for volume DS-aaec92a0-3770-4ce0-b2d2-fb506bf81bb3
2022-11-07 13:08:41,334 [EndpointStateMachine task thread for /0.0.0.0:41185 - 0 ] INFO  ozoneimpl.OzoneContainer (OzoneContainer.java:start(378)) - Attempting to start container services.
2022-11-07 13:08:41,339 [EndpointStateMachine task thread for /0.0.0.0:41185 - 0 ] INFO  ozoneimpl.OzoneContainer (OzoneContainer.java:startContainerScrub(313)) - Background container scanner has been disabled.
2022-11-07 13:08:41,360 [EndpointStateMachine task thread for /0.0.0.0:41185 - 0 ] INFO  replication.ReplicationServer (ReplicationServer.java:start(111)) - ReplicationServer is started using port 38083
2022-11-07 13:08:41,363 [EndpointStateMachine task thread for /0.0.0.0:41185 - 0 ] INFO  ratis.XceiverServerRatis (XceiverServerRatis.java:start(481)) - Starting XceiverServerRatis 94086278-3489-4279-864e-1549830c8dca
2022-11-07 13:08:41,381 [EndpointStateMachine task thread for /0.0.0.0:41185 - 0 ] INFO  server.RaftServer (RaftServerProxy.java:startImpl(393)) - 94086278-3489-4279-864e-1549830c8dca: start RPC server
2022-11-07 13:08:41,412 [EndpointStateMachine task thread for /0.0.0.0:41185 - 0 ] INFO  server.GrpcService (GrpcService.java:startImpl(270)) - 94086278-3489-4279-864e-1549830c8dca: GrpcService started, listening on 40247
2022-11-07 13:08:41,414 [EndpointStateMachine task thread for /0.0.0.0:41185 - 0 ] INFO  ratis.XceiverServerRatis (XceiverServerRatis.java:getRealPort(502)) - XceiverServerRatis 94086278-3489-4279-864e-1549830c8dca is started using port 40247 for RATIS
2022-11-07 13:08:41,414 [EndpointStateMachine task thread for /0.0.0.0:41185 - 0 ] INFO  ratis.XceiverServerRatis (XceiverServerRatis.java:getRealPort(502)) - XceiverServerRatis 94086278-3489-4279-864e-1549830c8dca is started using port 40247 for RATIS_ADMIN
2022-11-07 13:08:41,414 [EndpointStateMachine task thread for /0.0.0.0:41185 - 0 ] INFO  ratis.XceiverServerRatis (XceiverServerRatis.java:getRealPort(502)) - XceiverServerRatis 94086278-3489-4279-864e-1549830c8dca is started using port 40247 for RATIS_SERVER
2022-11-07 13:08:41,423 [JvmPauseMonitor1] INFO  util.JvmPauseMonitor (JvmPauseMonitor.java:run(105)) - JvmPauseMonitor-94086278-3489-4279-864e-1549830c8dca: Started
2022-11-07 13:08:41,423 [EndpointStateMachine task thread for /0.0.0.0:41185 - 0 ] INFO  server.XceiverServerGrpc (XceiverServerGrpc.java:start(180)) - XceiverServerGrpc 94086278-3489-4279-864e-1549830c8dca is started using port 39795
2022-11-07 13:08:41,563 [Listener at 127.0.0.1/42403] INFO  handler.ContextHandler (ContextHandler.java:doStart(921)) - Started o.e.j.w.WebAppContext@55710b6e{hddsDatanode,/,file:///tmp/jetty-0_0_0_0-38969-hdds-container-service-1_3_0-SNAPSHOT_jar-_-any-2951572150829334921/webapp/,AVAILABLE}{jar:file:/home/runner/.m2/repository/org/apache/ozone/hdds-container-service/1.3.0-SNAPSHOT/hdds-container-service-1.3.0-SNAPSHOT.jar!/webapps/hddsDatanode}
2022-11-07 13:08:41,564 [Listener at 127.0.0.1/42403] INFO  server.AbstractConnector (AbstractConnector.java:doStart(333)) - Started ServerConnector@3c5c64d6{HTTP/1.1, (http/1.1)}{0.0.0.0:38969}
2022-11-07 13:08:41,565 [Listener at 127.0.0.1/42403] INFO  server.Server (Server.java:doStart(415)) - Started @12722ms
2022-11-07 13:08:41,565 [Listener at 127.0.0.1/42403] WARN  impl.MetricsSystemImpl (MetricsSystemImpl.java:register(279)) - Sink prometheus already exists!
2022-11-07 13:08:41,566 [Listener at 127.0.0.1/42403] INFO  http.BaseHttpServer (BaseHttpServer.java:updateConnectorAddress(333)) - HTTP server of hddsDatanode listening at http://0.0.0.0:38969
2022-11-07 13:08:41,566 [Datanode State Machine Daemon Thread] INFO  statemachine.DatanodeStateMachine (DatanodeStateMachine.java:lambda$startDaemon$0(505)) - Ozone container server started.
2022-11-07 13:08:41,571 [Listener at 127.0.0.1/42403] WARN  impl.MetricRegistriesImpl (MetricRegistriesImpl.java:addReporterRegistration(111)) - New reporters are added after registries were created. Some metrics will be missing from the reporter. Please add reporter before adding any new registry.
2022-11-07 13:08:41,572 [Listener at 127.0.0.1/42403] WARN  impl.MetricRegistriesImpl (MetricRegistriesImpl.java:addReporterRegistration(111)) - New reporters are added after registries were created. Some metrics will be missing from the reporter. Please add reporter before adding any new registry.
2022-11-07 13:08:41,573 [Listener at 127.0.0.1/42403] INFO  impl.MetricsSystemImpl (MetricsSystemImpl.java:init(158)) - HddsDatanode metrics system started (again)
2022-11-07 13:08:41,579 [org.apache.hadoop.util.JvmPauseMonitor$Monitor@8be8979] INFO  util.JvmPauseMonitor (JvmPauseMonitor.java:run(188)) - Starting JVM pause monitor
2022-11-07 13:08:41,587 [Datanode State Machine Task Thread - 0] INFO  datanode.InitDatanodeState (InitDatanodeState.java:persistContainerDatanodeDetails(138)) - DatanodeDetails is persisted to /home/runner/work/ozone/ozone/hadoop-ozone/integration-test/target/test-dir/MiniOzoneClusterImpl-2a90587d-8655-4e72-8ce6-1bf59b520396/datanode-5/meta/datanode.id
2022-11-07 13:08:41,590 [Listener at 127.0.0.1/42403] INFO  ozone.HddsDatanodeService (HddsDatanodeService.java:start(236)) - HddsDatanodeService host:fv-az255-291.sbdzdnwsxtye1lzl1wgdhvzhwg.dx.internal.cloudapp.net ip:10.1.0.171
2022-11-07 13:08:41,615 [Listener at 127.0.0.1/42403] INFO  upgrade.AbstractLayoutVersionManager (AbstractLayoutVersionManager.java:init(83)) - Initializing Layout version manager with metadata layout = DATANODE_SCHEMA_V3 (version = 4), software layout = DATANODE_SCHEMA_V3 (version = 4)
2022-11-07 13:08:41,672 [Listener at 127.0.0.1/42403] INFO  reflections.Reflections (Reflections.java:scan(232)) - Reflections took 56 ms to scan 7 urls, producing 139 keys and 336 values 
2022-11-07 13:08:41,674 [Listener at 127.0.0.1/42403] INFO  statemachine.DatanodeStateMachine (DatanodeStateMachine.java:getEndPointTaskThreadPoolSize(245)) - Datanode State Machine Task Thread Pool size 2
2022-11-07 13:08:41,676 [Listener at 127.0.0.1/42403] INFO  volume.HddsVolume (HddsVolume.java:<init>(117)) - Creating HddsVolume: /home/runner/work/ozone/ozone/hadoop-ozone/integration-test/target/test-dir/MiniOzoneClusterImpl-2a90587d-8655-4e72-8ce6-1bf59b520396/datanode-6/data-0/containers/hdds of storage type : DISK capacity : 9223372036854775807
2022-11-07 13:08:41,676 [Listener at 127.0.0.1/42403] INFO  volume.MutableVolumeSet (MutableVolumeSet.java:initializeVolumeSet(174)) - Added Volume : /home/runner/work/ozone/ozone/hadoop-ozone/integration-test/target/test-dir/MiniOzoneClusterImpl-2a90587d-8655-4e72-8ce6-1bf59b520396/datanode-6/data-0/containers/hdds to VolumeSet
2022-11-07 13:08:41,676 [Listener at 127.0.0.1/42403] INFO  volume.ThrottledAsyncChecker (ThrottledAsyncChecker.java:schedule(141)) - Scheduling a check for /home/runner/work/ozone/ozone/hadoop-ozone/integration-test/target/test-dir/MiniOzoneClusterImpl-2a90587d-8655-4e72-8ce6-1bf59b520396/datanode-6/data-0/containers/hdds
2022-11-07 13:08:41,682 [Listener at 127.0.0.1/42403] INFO  volume.StorageVolumeChecker (StorageVolumeChecker.java:checkAllVolumes(202)) - Scheduled health check for volume /home/runner/work/ozone/ozone/hadoop-ozone/integration-test/target/test-dir/MiniOzoneClusterImpl-2a90587d-8655-4e72-8ce6-1bf59b520396/datanode-6/data-0/containers/hdds
2022-11-07 13:08:41,695 [Listener at 127.0.0.1/42403] INFO  volume.MutableVolumeSet (MutableVolumeSet.java:initializeVolumeSet(174)) - Added Volume : /home/runner/work/ozone/ozone/hadoop-ozone/integration-test/target/test-dir/MiniOzoneClusterImpl-2a90587d-8655-4e72-8ce6-1bf59b520396/datanode-6/data/ratis to VolumeSet
2022-11-07 13:08:41,695 [Listener at 127.0.0.1/42403] INFO  volume.ThrottledAsyncChecker (ThrottledAsyncChecker.java:schedule(141)) - Scheduling a check for /home/runner/work/ozone/ozone/hadoop-ozone/integration-test/target/test-dir/MiniOzoneClusterImpl-2a90587d-8655-4e72-8ce6-1bf59b520396/datanode-6/data/ratis
2022-11-07 13:08:41,695 [Listener at 127.0.0.1/42403] INFO  volume.StorageVolumeChecker (StorageVolumeChecker.java:checkAllVolumes(202)) - Scheduled health check for volume /home/runner/work/ozone/ozone/hadoop-ozone/integration-test/target/test-dir/MiniOzoneClusterImpl-2a90587d-8655-4e72-8ce6-1bf59b520396/datanode-6/data/ratis
2022-11-07 13:08:41,708 [Thread-222] INFO  ozoneimpl.ContainerReader (ContainerReader.java:readVolume(175)) - Finish verifying containers on volume /home/runner/work/ozone/ozone/hadoop-ozone/integration-test/target/test-dir/MiniOzoneClusterImpl-2a90587d-8655-4e72-8ce6-1bf59b520396/datanode-6/data-0/containers/hdds
2022-11-07 13:08:41,708 [Listener at 127.0.0.1/42403] INFO  ozoneimpl.OzoneContainer (OzoneContainer.java:buildContainerSet(300)) - Build ContainerSet costs 0s
2022-11-07 13:08:41,711 [Listener at 127.0.0.1/42403] INFO  server.RaftServer (ConfUtils.java:logGet(46)) - raft.rpc.type = GRPC (default)
2022-11-07 13:08:41,711 [Listener at 127.0.0.1/42403] INFO  grpc.GrpcConfigKeys (ConfUtils.java:logFallback(53)) - raft.grpc.admin.host = null (fallback to raft.grpc.server.host)
2022-11-07 13:08:41,712 [Listener at 127.0.0.1/42403] INFO  grpc.GrpcConfigKeys (ConfUtils.java:logGet(46)) - raft.grpc.admin.port = 0 (custom)
2022-11-07 13:08:41,712 [Listener at 127.0.0.1/42403] INFO  grpc.GrpcConfigKeys (ConfUtils.java:logFallback(53)) - raft.grpc.client.host = null (fallback to raft.grpc.server.host)
2022-11-07 13:08:41,712 [Listener at 127.0.0.1/42403] INFO  grpc.GrpcConfigKeys (ConfUtils.java:logGet(46)) - raft.grpc.client.port = 0 (custom)
2022-11-07 13:08:41,712 [Listener at 127.0.0.1/42403] INFO  grpc.GrpcConfigKeys (ConfUtils.java:logGet(46)) - raft.grpc.server.host = null (default)
2022-11-07 13:08:41,712 [Listener at 127.0.0.1/42403] INFO  grpc.GrpcConfigKeys (ConfUtils.java:logGet(46)) - raft.grpc.server.port = 0 (default)
2022-11-07 13:08:41,713 [Listener at 127.0.0.1/42403] INFO  server.GrpcService (ConfUtils.java:logGet(46)) - raft.grpc.message.size.max = 32MB (=33554432) (custom)
2022-11-07 13:08:41,713 [Listener at 127.0.0.1/42403] INFO  server.RaftServerConfigKeys (ConfUtils.java:logGet(46)) - raft.server.log.appender.buffer.byte-limit = 33554432 (custom)
2022-11-07 13:08:41,713 [Listener at 127.0.0.1/42403] INFO  server.GrpcService (ConfUtils.java:logGet(46)) - raft.grpc.flow.control.window = 5MB (=5242880) (custom)
2022-11-07 13:08:41,713 [Listener at 127.0.0.1/42403] INFO  server.RaftServerConfigKeys (ConfUtils.java:logGet(46)) - raft.server.rpc.request.timeout = 60s (custom)
2022-11-07 13:08:41,713 [Listener at 127.0.0.1/42403] INFO  grpc.GrpcConfigKeys (ConfUtils.java:logGet(46)) - raft.grpc.server.heartbeat.channel = true (default)
2022-11-07 13:08:41,714 [Listener at 127.0.0.1/42403] INFO  grpc.GrpcConfigKeys (ConfUtils.java:logGet(46)) - raft.grpc.server.async.request.thread.pool.cached = true (default)
2022-11-07 13:08:41,714 [Listener at 127.0.0.1/42403] INFO  grpc.GrpcConfigKeys (ConfUtils.java:logGet(46)) - raft.grpc.server.async.request.thread.pool.size = 32 (default)
2022-11-07 13:08:41,720 [Listener at 127.0.0.1/42403] INFO  impl.DataStreamServerImpl (ConfUtils.java:logGet(46)) - raft.datastream.type = DISABLED (default)
2022-11-07 13:08:41,721 [Listener at 127.0.0.1/42403] INFO  server.RaftServerConfigKeys (ConfUtils.java:logGet(46)) - raft.server.threadpool.proxy.cached = true (default)
2022-11-07 13:08:41,721 [Listener at 127.0.0.1/42403] INFO  server.RaftServerConfigKeys (ConfUtils.java:logGet(46)) - raft.server.threadpool.proxy.size = 0 (default)
2022-11-07 13:08:41,721 [Listener at 127.0.0.1/42403] INFO  server.RaftServerConfigKeys (ConfUtils.java:logGet(46)) - raft.server.rpc.slowness.timeout = 300s (custom)
2022-11-07 13:08:41,721 [Listener at 127.0.0.1/42403] INFO  server.RaftServerConfigKeys (ConfUtils.java:logGet(46)) - raft.server.leaderelection.leader.step-down.wait-time = 10s (default)
2022-11-07 13:08:41,721 [Listener at 127.0.0.1/42403] INFO  server.RaftServerConfigKeys (ConfUtils.java:logGet(46)) - raft.server.storage.dir = [/home/runner/work/ozone/ozone/hadoop-ozone/integration-test/target/test-dir/MiniOzoneClusterImpl-2a90587d-8655-4e72-8ce6-1bf59b520396/datanode-6/data/ratis] (custom)
2022-11-07 13:08:41,723 [Listener at 127.0.0.1/42403] INFO  server.XceiverServerGrpc (XceiverServerGrpc.java:<init>(132)) - GrpcServer channel type EpollServerSocketChannel
2022-11-07 13:08:41,731 [Listener at 127.0.0.1/42403] INFO  http.BaseHttpServer (BaseHttpServer.java:newHttpServer2BuilderForOzone(213)) - Starting Web-server for hddsDatanode at: http://0.0.0.0:0
2022-11-07 13:08:41,732 [Listener at 127.0.0.1/42403] INFO  http.BaseHttpServer (BaseHttpServer.java:<init>(108)) - Hadoop Security Enabled: false Ozone Security Enabled: false Ozone HTTP Security Enabled: false 
2022-11-07 13:08:41,733 [Listener at 127.0.0.1/42403] WARN  server.AuthenticationFilter (AuthenticationFilter.java:constructSecretProvider(240)) - Unable to initialize FileSignerSecretProvider, falling back to use random secrets. Reason: Could not read signature secret file: /home/runner/hadoop-http-auth-signature-secret
2022-11-07 13:08:41,739 [Listener at 127.0.0.1/42403] WARN  http.HttpRequestLog (HttpRequestLog.java:getRequestLog(103)) - Jetty request log can only be enabled using Log4j
2022-11-07 13:08:41,740 [Listener at 127.0.0.1/42403] INFO  http.HttpServer2 (HttpServer2.java:addGlobalFilter(1031)) - Added global filter 'safety' (class=org.apache.hadoop.hdds.server.http.HttpServer2$QuotingInputFilter)
2022-11-07 13:08:41,741 [Listener at 127.0.0.1/42403] INFO  http.HttpServer2 (HttpServer2.java:addFilter(1007)) - Added filter static_user_filter (class=org.apache.hadoop.http.lib.StaticUserWebFilter$StaticUserFilter) to context hddsDatanode
2022-11-07 13:08:41,741 [Listener at 127.0.0.1/42403] INFO  http.HttpServer2 (HttpServer2.java:addFilter(1015)) - Added filter static_user_filter (class=org.apache.hadoop.http.lib.StaticUserWebFilter$StaticUserFilter) to context static
2022-11-07 13:08:41,742 [Listener at 127.0.0.1/42403] INFO  http.HttpServer2 (HttpServer2.java:addFilter(1015)) - Added filter static_user_filter (class=org.apache.hadoop.http.lib.StaticUserWebFilter$StaticUserFilter) to context logs
2022-11-07 13:08:41,742 [Listener at 127.0.0.1/42403] INFO  http.HttpServer2 (HttpServer2.java:bindListener(1250)) - Jetty bound to port 33059
2022-11-07 13:08:41,743 [Listener at 127.0.0.1/42403] INFO  server.Server (Server.java:doStart(375)) - jetty-9.4.49.v20220914; built: 2022-09-14T01:07:36.601Z; git: 4231a3b2e4cb8548a412a789936d640a97b1aa0a; jvm 1.8.0_345-b01
2022-11-07 13:08:41,751 [Listener at 127.0.0.1/42403] INFO  server.session (DefaultSessionIdManager.java:doStart(334)) - DefaultSessionIdManager workerName=node0
2022-11-07 13:08:41,752 [Listener at 127.0.0.1/42403] INFO  server.session (DefaultSessionIdManager.java:doStart(339)) - No SessionScavenger set, using defaults
2022-11-07 13:08:41,752 [Listener at 127.0.0.1/42403] INFO  server.session (HouseKeeper.java:startScavenging(132)) - node0 Scavenging every 660000ms
2022-11-07 13:08:41,753 [Listener at 127.0.0.1/42403] INFO  handler.ContextHandler (ContextHandler.java:doStart(921)) - Started o.e.j.s.ServletContextHandler@1d8aab12{logs,/logs,file:///home/runner/work/ozone/ozone/hadoop-ozone/integration-test/target/log,AVAILABLE}
2022-11-07 13:08:41,753 [Listener at 127.0.0.1/42403] INFO  handler.ContextHandler (ContextHandler.java:doStart(921)) - Started o.e.j.s.ServletContextHandler@162ea06f{static,/static,jar:file:/home/runner/.m2/repository/org/apache/ozone/hdds-container-service/1.3.0-SNAPSHOT/hdds-container-service-1.3.0-SNAPSHOT.jar!/webapps/static,AVAILABLE}
2022-11-07 13:08:41,873 [EndpointStateMachine task thread for /0.0.0.0:41185 - 0 ] INFO  utils.DatanodeStoreCache (DatanodeStoreCache.java:addDB(58)) - Added db /home/runner/work/ozone/ozone/hadoop-ozone/integration-test/target/test-dir/MiniOzoneClusterImpl-2a90587d-8655-4e72-8ce6-1bf59b520396/datanode-1/data-0/containers/hdds/2a90587d-8655-4e72-8ce6-1bf59b520396/DS-03f9d2f9-dafb-4c60-85ec-638ca6d03663/container.db to cache
2022-11-07 13:08:41,879 [EndpointStateMachine task thread for /0.0.0.0:41185 - 0 ] INFO  volume.HddsVolume (HddsVolume.java:createDbStore(307)) - SchemaV3 db is created and loaded at /home/runner/work/ozone/ozone/hadoop-ozone/integration-test/target/test-dir/MiniOzoneClusterImpl-2a90587d-8655-4e72-8ce6-1bf59b520396/datanode-1/data-0/containers/hdds/2a90587d-8655-4e72-8ce6-1bf59b520396/DS-03f9d2f9-dafb-4c60-85ec-638ca6d03663/container.db for volume DS-03f9d2f9-dafb-4c60-85ec-638ca6d03663
2022-11-07 13:08:41,882 [EndpointStateMachine task thread for /0.0.0.0:41185 - 0 ] INFO  ozoneimpl.OzoneContainer (OzoneContainer.java:start(378)) - Attempting to start container services.
2022-11-07 13:08:41,883 [EndpointStateMachine task thread for /0.0.0.0:41185 - 0 ] INFO  ozoneimpl.OzoneContainer (OzoneContainer.java:startContainerScrub(313)) - Background container scanner has been disabled.
2022-11-07 13:08:41,885 [EndpointStateMachine task thread for /0.0.0.0:41185 - 0 ] INFO  replication.ReplicationServer (ReplicationServer.java:start(111)) - ReplicationServer is started using port 43689
2022-11-07 13:08:41,885 [EndpointStateMachine task thread for /0.0.0.0:41185 - 0 ] INFO  ratis.XceiverServerRatis (XceiverServerRatis.java:start(481)) - Starting XceiverServerRatis b6bc655b-a75f-4a95-a86c-7969b7c6987b
2022-11-07 13:08:41,890 [EndpointStateMachine task thread for /0.0.0.0:41185 - 0 ] INFO  server.RaftServer (RaftServerProxy.java:startImpl(393)) - b6bc655b-a75f-4a95-a86c-7969b7c6987b: start RPC server
2022-11-07 13:08:41,896 [EndpointStateMachine task thread for /0.0.0.0:41185 - 0 ] INFO  server.GrpcService (GrpcService.java:startImpl(270)) - b6bc655b-a75f-4a95-a86c-7969b7c6987b: GrpcService started, listening on 37153
2022-11-07 13:08:41,902 [EndpointStateMachine task thread for /0.0.0.0:41185 - 0 ] INFO  ratis.XceiverServerRatis (XceiverServerRatis.java:getRealPort(502)) - XceiverServerRatis b6bc655b-a75f-4a95-a86c-7969b7c6987b is started using port 37153 for RATIS
2022-11-07 13:08:41,902 [EndpointStateMachine task thread for /0.0.0.0:41185 - 0 ] INFO  ratis.XceiverServerRatis (XceiverServerRatis.java:getRealPort(502)) - XceiverServerRatis b6bc655b-a75f-4a95-a86c-7969b7c6987b is started using port 37153 for RATIS_ADMIN
2022-11-07 13:08:41,902 [EndpointStateMachine task thread for /0.0.0.0:41185 - 0 ] INFO  ratis.XceiverServerRatis (XceiverServerRatis.java:getRealPort(502)) - XceiverServerRatis b6bc655b-a75f-4a95-a86c-7969b7c6987b is started using port 37153 for RATIS_SERVER
2022-11-07 13:08:41,903 [JvmPauseMonitor2] INFO  util.JvmPauseMonitor (JvmPauseMonitor.java:run(105)) - JvmPauseMonitor-b6bc655b-a75f-4a95-a86c-7969b7c6987b: Started
2022-11-07 13:08:41,905 [EndpointStateMachine task thread for /0.0.0.0:41185 - 0 ] INFO  server.XceiverServerGrpc (XceiverServerGrpc.java:start(180)) - XceiverServerGrpc b6bc655b-a75f-4a95-a86c-7969b7c6987b is started using port 43049
2022-11-07 13:08:41,977 [Listener at 127.0.0.1/42403] INFO  handler.ContextHandler (ContextHandler.java:doStart(921)) - Started o.e.j.w.WebAppContext@2408dbed{hddsDatanode,/,file:///tmp/jetty-0_0_0_0-33059-hdds-container-service-1_3_0-SNAPSHOT_jar-_-any-5357718601950132550/webapp/,AVAILABLE}{jar:file:/home/runner/.m2/repository/org/apache/ozone/hdds-container-service/1.3.0-SNAPSHOT/hdds-container-service-1.3.0-SNAPSHOT.jar!/webapps/hddsDatanode}
2022-11-07 13:08:41,979 [Listener at 127.0.0.1/42403] INFO  server.AbstractConnector (AbstractConnector.java:doStart(333)) - Started ServerConnector@3ab4abce{HTTP/1.1, (http/1.1)}{0.0.0.0:33059}
2022-11-07 13:08:41,979 [Listener at 127.0.0.1/42403] INFO  server.Server (Server.java:doStart(415)) - Started @13136ms
2022-11-07 13:08:41,979 [Listener at 127.0.0.1/42403] WARN  impl.MetricsSystemImpl (MetricsSystemImpl.java:register(279)) - Sink prometheus already exists!
2022-11-07 13:08:41,980 [Listener at 127.0.0.1/42403] INFO  http.BaseHttpServer (BaseHttpServer.java:updateConnectorAddress(333)) - HTTP server of hddsDatanode listening at http://0.0.0.0:33059
2022-11-07 13:08:41,980 [Listener at 127.0.0.1/42403] WARN  impl.MetricRegistriesImpl (MetricRegistriesImpl.java:addReporterRegistration(111)) - New reporters are added after registries were created. Some metrics will be missing from the reporter. Please add reporter before adding any new registry.
2022-11-07 13:08:41,981 [Listener at 127.0.0.1/42403] WARN  impl.MetricRegistriesImpl (MetricRegistriesImpl.java:addReporterRegistration(111)) - New reporters are added after registries were created. Some metrics will be missing from the reporter. Please add reporter before adding any new registry.
2022-11-07 13:08:41,981 [Listener at 127.0.0.1/42403] INFO  impl.MetricsSystemImpl (MetricsSystemImpl.java:init(158)) - HddsDatanode metrics system started (again)
2022-11-07 13:08:41,981 [Datanode State Machine Daemon Thread] INFO  statemachine.DatanodeStateMachine (DatanodeStateMachine.java:lambda$startDaemon$0(505)) - Ozone container server started.
2022-11-07 13:08:42,005 [org.apache.hadoop.util.JvmPauseMonitor$Monitor@33e17602] INFO  util.JvmPauseMonitor (JvmPauseMonitor.java:run(188)) - Starting JVM pause monitor
2022-11-07 13:08:42,008 [Listener at 127.0.0.1/42403] INFO  ozone.HddsDatanodeService (HddsDatanodeService.java:start(236)) - HddsDatanodeService host:fv-az255-291.sbdzdnwsxtye1lzl1wgdhvzhwg.dx.internal.cloudapp.net ip:10.1.0.171
2022-11-07 13:08:42,015 [Datanode State Machine Task Thread - 0] INFO  datanode.InitDatanodeState (InitDatanodeState.java:persistContainerDatanodeDetails(138)) - DatanodeDetails is persisted to /home/runner/work/ozone/ozone/hadoop-ozone/integration-test/target/test-dir/MiniOzoneClusterImpl-2a90587d-8655-4e72-8ce6-1bf59b520396/datanode-6/meta/datanode.id
2022-11-07 13:08:42,045 [Listener at 127.0.0.1/42403] INFO  upgrade.AbstractLayoutVersionManager (AbstractLayoutVersionManager.java:init(83)) - Initializing Layout version manager with metadata layout = DATANODE_SCHEMA_V3 (version = 4), software layout = DATANODE_SCHEMA_V3 (version = 4)
2022-11-07 13:08:42,110 [Listener at 127.0.0.1/42403] INFO  reflections.Reflections (Reflections.java:scan(232)) - Reflections took 63 ms to scan 7 urls, producing 139 keys and 336 values 
2022-11-07 13:08:42,111 [Listener at 127.0.0.1/42403] INFO  statemachine.DatanodeStateMachine (DatanodeStateMachine.java:getEndPointTaskThreadPoolSize(245)) - Datanode State Machine Task Thread Pool size 2
2022-11-07 13:08:42,115 [Listener at 127.0.0.1/42403] INFO  volume.HddsVolume (HddsVolume.java:<init>(117)) - Creating HddsVolume: /home/runner/work/ozone/ozone/hadoop-ozone/integration-test/target/test-dir/MiniOzoneClusterImpl-2a90587d-8655-4e72-8ce6-1bf59b520396/datanode-7/data-0/containers/hdds of storage type : DISK capacity : 9223372036854775807
2022-11-07 13:08:42,115 [Listener at 127.0.0.1/42403] INFO  volume.MutableVolumeSet (MutableVolumeSet.java:initializeVolumeSet(174)) - Added Volume : /home/runner/work/ozone/ozone/hadoop-ozone/integration-test/target/test-dir/MiniOzoneClusterImpl-2a90587d-8655-4e72-8ce6-1bf59b520396/datanode-7/data-0/containers/hdds to VolumeSet
2022-11-07 13:08:42,115 [Listener at 127.0.0.1/42403] INFO  volume.ThrottledAsyncChecker (ThrottledAsyncChecker.java:schedule(141)) - Scheduling a check for /home/runner/work/ozone/ozone/hadoop-ozone/integration-test/target/test-dir/MiniOzoneClusterImpl-2a90587d-8655-4e72-8ce6-1bf59b520396/datanode-7/data-0/containers/hdds
2022-11-07 13:08:42,125 [Listener at 127.0.0.1/42403] INFO  volume.StorageVolumeChecker (StorageVolumeChecker.java:checkAllVolumes(202)) - Scheduled health check for volume /home/runner/work/ozone/ozone/hadoop-ozone/integration-test/target/test-dir/MiniOzoneClusterImpl-2a90587d-8655-4e72-8ce6-1bf59b520396/datanode-7/data-0/containers/hdds
2022-11-07 13:08:42,140 [Listener at 127.0.0.1/42403] INFO  volume.MutableVolumeSet (MutableVolumeSet.java:initializeVolumeSet(174)) - Added Volume : /home/runner/work/ozone/ozone/hadoop-ozone/integration-test/target/test-dir/MiniOzoneClusterImpl-2a90587d-8655-4e72-8ce6-1bf59b520396/datanode-7/data/ratis to VolumeSet
2022-11-07 13:08:42,140 [Listener at 127.0.0.1/42403] INFO  volume.ThrottledAsyncChecker (ThrottledAsyncChecker.java:schedule(141)) - Scheduling a check for /home/runner/work/ozone/ozone/hadoop-ozone/integration-test/target/test-dir/MiniOzoneClusterImpl-2a90587d-8655-4e72-8ce6-1bf59b520396/datanode-7/data/ratis
2022-11-07 13:08:42,141 [Listener at 127.0.0.1/42403] INFO  volume.StorageVolumeChecker (StorageVolumeChecker.java:checkAllVolumes(202)) - Scheduled health check for volume /home/runner/work/ozone/ozone/hadoop-ozone/integration-test/target/test-dir/MiniOzoneClusterImpl-2a90587d-8655-4e72-8ce6-1bf59b520396/datanode-7/data/ratis
2022-11-07 13:08:42,155 [Thread-240] INFO  ozoneimpl.ContainerReader (ContainerReader.java:readVolume(175)) - Finish verifying containers on volume /home/runner/work/ozone/ozone/hadoop-ozone/integration-test/target/test-dir/MiniOzoneClusterImpl-2a90587d-8655-4e72-8ce6-1bf59b520396/datanode-7/data-0/containers/hdds
2022-11-07 13:08:42,155 [Listener at 127.0.0.1/42403] INFO  ozoneimpl.OzoneContainer (OzoneContainer.java:buildContainerSet(300)) - Build ContainerSet costs 0s
2022-11-07 13:08:42,161 [Listener at 127.0.0.1/42403] INFO  server.RaftServer (ConfUtils.java:logGet(46)) - raft.rpc.type = GRPC (default)
2022-11-07 13:08:42,162 [Listener at 127.0.0.1/42403] INFO  grpc.GrpcConfigKeys (ConfUtils.java:logFallback(53)) - raft.grpc.admin.host = null (fallback to raft.grpc.server.host)
2022-11-07 13:08:42,162 [Listener at 127.0.0.1/42403] INFO  grpc.GrpcConfigKeys (ConfUtils.java:logGet(46)) - raft.grpc.admin.port = 0 (custom)
2022-11-07 13:08:42,162 [Listener at 127.0.0.1/42403] INFO  grpc.GrpcConfigKeys (ConfUtils.java:logFallback(53)) - raft.grpc.client.host = null (fallback to raft.grpc.server.host)
2022-11-07 13:08:42,163 [Listener at 127.0.0.1/42403] INFO  grpc.GrpcConfigKeys (ConfUtils.java:logGet(46)) - raft.grpc.client.port = 0 (custom)
2022-11-07 13:08:42,163 [Listener at 127.0.0.1/42403] INFO  grpc.GrpcConfigKeys (ConfUtils.java:logGet(46)) - raft.grpc.server.host = null (default)
2022-11-07 13:08:42,163 [Listener at 127.0.0.1/42403] INFO  grpc.GrpcConfigKeys (ConfUtils.java:logGet(46)) - raft.grpc.server.port = 0 (default)
2022-11-07 13:08:42,163 [Listener at 127.0.0.1/42403] INFO  server.GrpcService (ConfUtils.java:logGet(46)) - raft.grpc.message.size.max = 32MB (=33554432) (custom)
2022-11-07 13:08:42,164 [Listener at 127.0.0.1/42403] INFO  server.RaftServerConfigKeys (ConfUtils.java:logGet(46)) - raft.server.log.appender.buffer.byte-limit = 33554432 (custom)
2022-11-07 13:08:42,164 [Listener at 127.0.0.1/42403] INFO  server.GrpcService (ConfUtils.java:logGet(46)) - raft.grpc.flow.control.window = 5MB (=5242880) (custom)
2022-11-07 13:08:42,164 [Listener at 127.0.0.1/42403] INFO  server.RaftServerConfigKeys (ConfUtils.java:logGet(46)) - raft.server.rpc.request.timeout = 60s (custom)
2022-11-07 13:08:42,164 [Listener at 127.0.0.1/42403] INFO  grpc.GrpcConfigKeys (ConfUtils.java:logGet(46)) - raft.grpc.server.heartbeat.channel = true (default)
2022-11-07 13:08:42,164 [Listener at 127.0.0.1/42403] INFO  grpc.GrpcConfigKeys (ConfUtils.java:logGet(46)) - raft.grpc.server.async.request.thread.pool.cached = true (default)
2022-11-07 13:08:42,165 [Listener at 127.0.0.1/42403] INFO  grpc.GrpcConfigKeys (ConfUtils.java:logGet(46)) - raft.grpc.server.async.request.thread.pool.size = 32 (default)
2022-11-07 13:08:42,166 [Listener at 127.0.0.1/42403] INFO  impl.DataStreamServerImpl (ConfUtils.java:logGet(46)) - raft.datastream.type = DISABLED (default)
2022-11-07 13:08:42,166 [Listener at 127.0.0.1/42403] INFO  server.RaftServerConfigKeys (ConfUtils.java:logGet(46)) - raft.server.threadpool.proxy.cached = true (default)
2022-11-07 13:08:42,167 [Listener at 127.0.0.1/42403] INFO  server.RaftServerConfigKeys (ConfUtils.java:logGet(46)) - raft.server.threadpool.proxy.size = 0 (default)
2022-11-07 13:08:42,167 [Listener at 127.0.0.1/42403] INFO  server.RaftServerConfigKeys (ConfUtils.java:logGet(46)) - raft.server.rpc.slowness.timeout = 300s (custom)
2022-11-07 13:08:42,167 [Listener at 127.0.0.1/42403] INFO  server.RaftServerConfigKeys (ConfUtils.java:logGet(46)) - raft.server.leaderelection.leader.step-down.wait-time = 10s (default)
2022-11-07 13:08:42,167 [Listener at 127.0.0.1/42403] INFO  server.RaftServerConfigKeys (ConfUtils.java:logGet(46)) - raft.server.storage.dir = [/home/runner/work/ozone/ozone/hadoop-ozone/integration-test/target/test-dir/MiniOzoneClusterImpl-2a90587d-8655-4e72-8ce6-1bf59b520396/datanode-7/data/ratis] (custom)
2022-11-07 13:08:42,171 [Listener at 127.0.0.1/42403] INFO  server.XceiverServerGrpc (XceiverServerGrpc.java:<init>(132)) - GrpcServer channel type EpollServerSocketChannel
2022-11-07 13:08:42,175 [Listener at 127.0.0.1/42403] INFO  http.BaseHttpServer (BaseHttpServer.java:newHttpServer2BuilderForOzone(213)) - Starting Web-server for hddsDatanode at: http://0.0.0.0:0
2022-11-07 13:08:42,176 [Listener at 127.0.0.1/42403] INFO  http.BaseHttpServer (BaseHttpServer.java:<init>(108)) - Hadoop Security Enabled: false Ozone Security Enabled: false Ozone HTTP Security Enabled: false 
2022-11-07 13:08:42,177 [Listener at 127.0.0.1/42403] WARN  server.AuthenticationFilter (AuthenticationFilter.java:constructSecretProvider(240)) - Unable to initialize FileSignerSecretProvider, falling back to use random secrets. Reason: Could not read signature secret file: /home/runner/hadoop-http-auth-signature-secret
2022-11-07 13:08:42,178 [Listener at 127.0.0.1/42403] WARN  http.HttpRequestLog (HttpRequestLog.java:getRequestLog(103)) - Jetty request log can only be enabled using Log4j
2022-11-07 13:08:42,186 [Listener at 127.0.0.1/42403] INFO  http.HttpServer2 (HttpServer2.java:addGlobalFilter(1031)) - Added global filter 'safety' (class=org.apache.hadoop.hdds.server.http.HttpServer2$QuotingInputFilter)
2022-11-07 13:08:42,187 [Listener at 127.0.0.1/42403] INFO  http.HttpServer2 (HttpServer2.java:addFilter(1007)) - Added filter static_user_filter (class=org.apache.hadoop.http.lib.StaticUserWebFilter$StaticUserFilter) to context hddsDatanode
2022-11-07 13:08:42,187 [Listener at 127.0.0.1/42403] INFO  http.HttpServer2 (HttpServer2.java:addFilter(1015)) - Added filter static_user_filter (class=org.apache.hadoop.http.lib.StaticUserWebFilter$StaticUserFilter) to context static
2022-11-07 13:08:42,187 [Listener at 127.0.0.1/42403] INFO  http.HttpServer2 (HttpServer2.java:addFilter(1015)) - Added filter static_user_filter (class=org.apache.hadoop.http.lib.StaticUserWebFilter$StaticUserFilter) to context logs
2022-11-07 13:08:42,188 [Listener at 127.0.0.1/42403] INFO  http.HttpServer2 (HttpServer2.java:bindListener(1250)) - Jetty bound to port 40313
2022-11-07 13:08:42,189 [Listener at 127.0.0.1/42403] INFO  server.Server (Server.java:doStart(375)) - jetty-9.4.49.v20220914; built: 2022-09-14T01:07:36.601Z; git: 4231a3b2e4cb8548a412a789936d640a97b1aa0a; jvm 1.8.0_345-b01
2022-11-07 13:08:42,190 [Listener at 127.0.0.1/42403] INFO  server.session (DefaultSessionIdManager.java:doStart(334)) - DefaultSessionIdManager workerName=node0
2022-11-07 13:08:42,190 [Listener at 127.0.0.1/42403] INFO  server.session (DefaultSessionIdManager.java:doStart(339)) - No SessionScavenger set, using defaults
2022-11-07 13:08:42,191 [Listener at 127.0.0.1/42403] INFO  server.session (HouseKeeper.java:startScavenging(132)) - node0 Scavenging every 600000ms
2022-11-07 13:08:42,192 [Listener at 127.0.0.1/42403] INFO  handler.ContextHandler (ContextHandler.java:doStart(921)) - Started o.e.j.s.ServletContextHandler@501ed355{logs,/logs,file:///home/runner/work/ozone/ozone/hadoop-ozone/integration-test/target/log,AVAILABLE}
2022-11-07 13:08:42,194 [Listener at 127.0.0.1/42403] INFO  handler.ContextHandler (ContextHandler.java:doStart(921)) - Started o.e.j.s.ServletContextHandler@7de621f{static,/static,jar:file:/home/runner/.m2/repository/org/apache/ozone/hdds-container-service/1.3.0-SNAPSHOT/hdds-container-service-1.3.0-SNAPSHOT.jar!/webapps/static,AVAILABLE}
2022-11-07 13:08:42,313 [EndpointStateMachine task thread for /0.0.0.0:41185 - 0 ] INFO  utils.DatanodeStoreCache (DatanodeStoreCache.java:addDB(58)) - Added db /home/runner/work/ozone/ozone/hadoop-ozone/integration-test/target/test-dir/MiniOzoneClusterImpl-2a90587d-8655-4e72-8ce6-1bf59b520396/datanode-2/data-0/containers/hdds/2a90587d-8655-4e72-8ce6-1bf59b520396/DS-3dcfc9d2-75f0-4a98-9cad-afb174a5e3d6/container.db to cache
2022-11-07 13:08:42,314 [EndpointStateMachine task thread for /0.0.0.0:41185 - 0 ] INFO  volume.HddsVolume (HddsVolume.java:createDbStore(307)) - SchemaV3 db is created and loaded at /home/runner/work/ozone/ozone/hadoop-ozone/integration-test/target/test-dir/MiniOzoneClusterImpl-2a90587d-8655-4e72-8ce6-1bf59b520396/datanode-2/data-0/containers/hdds/2a90587d-8655-4e72-8ce6-1bf59b520396/DS-3dcfc9d2-75f0-4a98-9cad-afb174a5e3d6/container.db for volume DS-3dcfc9d2-75f0-4a98-9cad-afb174a5e3d6
2022-11-07 13:08:42,314 [EndpointStateMachine task thread for /0.0.0.0:41185 - 0 ] INFO  ozoneimpl.OzoneContainer (OzoneContainer.java:start(378)) - Attempting to start container services.
2022-11-07 13:08:42,314 [EndpointStateMachine task thread for /0.0.0.0:41185 - 0 ] INFO  ozoneimpl.OzoneContainer (OzoneContainer.java:startContainerScrub(313)) - Background container scanner has been disabled.
2022-11-07 13:08:42,318 [EndpointStateMachine task thread for /0.0.0.0:41185 - 0 ] INFO  replication.ReplicationServer (ReplicationServer.java:start(111)) - ReplicationServer is started using port 39259
2022-11-07 13:08:42,320 [EndpointStateMachine task thread for /0.0.0.0:41185 - 0 ] INFO  ratis.XceiverServerRatis (XceiverServerRatis.java:start(481)) - Starting XceiverServerRatis f7350d57-8232-4853-9d4b-5861d033a2e4
2022-11-07 13:08:42,334 [EndpointStateMachine task thread for /0.0.0.0:41185 - 0 ] INFO  server.RaftServer (RaftServerProxy.java:startImpl(393)) - f7350d57-8232-4853-9d4b-5861d033a2e4: start RPC server
2022-11-07 13:08:42,360 [EndpointStateMachine task thread for /0.0.0.0:41185 - 0 ] INFO  server.GrpcService (GrpcService.java:startImpl(270)) - f7350d57-8232-4853-9d4b-5861d033a2e4: GrpcService started, listening on 40541
2022-11-07 13:08:42,365 [EndpointStateMachine task thread for /0.0.0.0:41185 - 0 ] INFO  ratis.XceiverServerRatis (XceiverServerRatis.java:getRealPort(502)) - XceiverServerRatis f7350d57-8232-4853-9d4b-5861d033a2e4 is started using port 40541 for RATIS
2022-11-07 13:08:42,365 [EndpointStateMachine task thread for /0.0.0.0:41185 - 0 ] INFO  ratis.XceiverServerRatis (XceiverServerRatis.java:getRealPort(502)) - XceiverServerRatis f7350d57-8232-4853-9d4b-5861d033a2e4 is started using port 40541 for RATIS_ADMIN
2022-11-07 13:08:42,365 [EndpointStateMachine task thread for /0.0.0.0:41185 - 0 ] INFO  ratis.XceiverServerRatis (XceiverServerRatis.java:getRealPort(502)) - XceiverServerRatis f7350d57-8232-4853-9d4b-5861d033a2e4 is started using port 40541 for RATIS_SERVER
2022-11-07 13:08:42,366 [JvmPauseMonitor3] INFO  util.JvmPauseMonitor (JvmPauseMonitor.java:run(105)) - JvmPauseMonitor-f7350d57-8232-4853-9d4b-5861d033a2e4: Started
2022-11-07 13:08:42,375 [EndpointStateMachine task thread for /0.0.0.0:41185 - 0 ] INFO  server.XceiverServerGrpc (XceiverServerGrpc.java:start(180)) - XceiverServerGrpc f7350d57-8232-4853-9d4b-5861d033a2e4 is started using port 39243
2022-11-07 13:08:42,436 [Listener at 127.0.0.1/42403] INFO  handler.ContextHandler (ContextHandler.java:doStart(921)) - Started o.e.j.w.WebAppContext@41b5ad5f{hddsDatanode,/,file:///tmp/jetty-0_0_0_0-40313-hdds-container-service-1_3_0-SNAPSHOT_jar-_-any-3997417093920442642/webapp/,AVAILABLE}{jar:file:/home/runner/.m2/repository/org/apache/ozone/hdds-container-service/1.3.0-SNAPSHOT/hdds-container-service-1.3.0-SNAPSHOT.jar!/webapps/hddsDatanode}
2022-11-07 13:08:42,438 [Listener at 127.0.0.1/42403] INFO  server.AbstractConnector (AbstractConnector.java:doStart(333)) - Started ServerConnector@539f603f{HTTP/1.1, (http/1.1)}{0.0.0.0:40313}
2022-11-07 13:08:42,438 [Listener at 127.0.0.1/42403] INFO  server.Server (Server.java:doStart(415)) - Started @13595ms
2022-11-07 13:08:42,438 [Listener at 127.0.0.1/42403] WARN  impl.MetricsSystemImpl (MetricsSystemImpl.java:register(279)) - Sink prometheus already exists!
2022-11-07 13:08:42,440 [Listener at 127.0.0.1/42403] INFO  http.BaseHttpServer (BaseHttpServer.java:updateConnectorAddress(333)) - HTTP server of hddsDatanode listening at http://0.0.0.0:40313
2022-11-07 13:08:42,441 [Listener at 127.0.0.1/42403] WARN  impl.MetricRegistriesImpl (MetricRegistriesImpl.java:addReporterRegistration(111)) - New reporters are added after registries were created. Some metrics will be missing from the reporter. Please add reporter before adding any new registry.
2022-11-07 13:08:42,441 [Listener at 127.0.0.1/42403] WARN  impl.MetricRegistriesImpl (MetricRegistriesImpl.java:addReporterRegistration(111)) - New reporters are added after registries were created. Some metrics will be missing from the reporter. Please add reporter before adding any new registry.
2022-11-07 13:08:42,441 [Listener at 127.0.0.1/42403] INFO  impl.MetricsSystemImpl (MetricsSystemImpl.java:init(158)) - HddsDatanode metrics system started (again)
2022-11-07 13:08:42,441 [Datanode State Machine Daemon Thread] INFO  statemachine.DatanodeStateMachine (DatanodeStateMachine.java:lambda$startDaemon$0(505)) - Ozone container server started.
2022-11-07 13:08:42,463 [Listener at 127.0.0.1/42403] INFO  ozone.HddsDatanodeService (HddsDatanodeService.java:start(236)) - HddsDatanodeService host:fv-az255-291.sbdzdnwsxtye1lzl1wgdhvzhwg.dx.internal.cloudapp.net ip:10.1.0.171
2022-11-07 13:08:42,470 [org.apache.hadoop.util.JvmPauseMonitor$Monitor@68bb7080] INFO  util.JvmPauseMonitor (JvmPauseMonitor.java:run(188)) - Starting JVM pause monitor
2022-11-07 13:08:42,473 [Datanode State Machine Task Thread - 0] INFO  datanode.InitDatanodeState (InitDatanodeState.java:persistContainerDatanodeDetails(138)) - DatanodeDetails is persisted to /home/runner/work/ozone/ozone/hadoop-ozone/integration-test/target/test-dir/MiniOzoneClusterImpl-2a90587d-8655-4e72-8ce6-1bf59b520396/datanode-7/meta/datanode.id
2022-11-07 13:08:42,491 [Listener at 127.0.0.1/42403] INFO  upgrade.AbstractLayoutVersionManager (AbstractLayoutVersionManager.java:init(83)) - Initializing Layout version manager with metadata layout = DATANODE_SCHEMA_V3 (version = 4), software layout = DATANODE_SCHEMA_V3 (version = 4)
2022-11-07 13:08:42,574 [Listener at 127.0.0.1/42403] INFO  reflections.Reflections (Reflections.java:scan(232)) - Reflections took 81 ms to scan 7 urls, producing 139 keys and 336 values 
2022-11-07 13:08:42,575 [Listener at 127.0.0.1/42403] INFO  statemachine.DatanodeStateMachine (DatanodeStateMachine.java:getEndPointTaskThreadPoolSize(245)) - Datanode State Machine Task Thread Pool size 2
2022-11-07 13:08:42,578 [Listener at 127.0.0.1/42403] INFO  volume.HddsVolume (HddsVolume.java:<init>(117)) - Creating HddsVolume: /home/runner/work/ozone/ozone/hadoop-ozone/integration-test/target/test-dir/MiniOzoneClusterImpl-2a90587d-8655-4e72-8ce6-1bf59b520396/datanode-8/data-0/containers/hdds of storage type : DISK capacity : 9223372036854775807
2022-11-07 13:08:42,578 [Listener at 127.0.0.1/42403] INFO  volume.MutableVolumeSet (MutableVolumeSet.java:initializeVolumeSet(174)) - Added Volume : /home/runner/work/ozone/ozone/hadoop-ozone/integration-test/target/test-dir/MiniOzoneClusterImpl-2a90587d-8655-4e72-8ce6-1bf59b520396/datanode-8/data-0/containers/hdds to VolumeSet
2022-11-07 13:08:42,578 [Listener at 127.0.0.1/42403] INFO  volume.ThrottledAsyncChecker (ThrottledAsyncChecker.java:schedule(141)) - Scheduling a check for /home/runner/work/ozone/ozone/hadoop-ozone/integration-test/target/test-dir/MiniOzoneClusterImpl-2a90587d-8655-4e72-8ce6-1bf59b520396/datanode-8/data-0/containers/hdds
2022-11-07 13:08:42,586 [Listener at 127.0.0.1/42403] INFO  volume.StorageVolumeChecker (StorageVolumeChecker.java:checkAllVolumes(202)) - Scheduled health check for volume /home/runner/work/ozone/ozone/hadoop-ozone/integration-test/target/test-dir/MiniOzoneClusterImpl-2a90587d-8655-4e72-8ce6-1bf59b520396/datanode-8/data-0/containers/hdds
2022-11-07 13:08:42,599 [Listener at 127.0.0.1/42403] INFO  volume.MutableVolumeSet (MutableVolumeSet.java:initializeVolumeSet(174)) - Added Volume : /home/runner/work/ozone/ozone/hadoop-ozone/integration-test/target/test-dir/MiniOzoneClusterImpl-2a90587d-8655-4e72-8ce6-1bf59b520396/datanode-8/data/ratis to VolumeSet
2022-11-07 13:08:42,599 [Listener at 127.0.0.1/42403] INFO  volume.ThrottledAsyncChecker (ThrottledAsyncChecker.java:schedule(141)) - Scheduling a check for /home/runner/work/ozone/ozone/hadoop-ozone/integration-test/target/test-dir/MiniOzoneClusterImpl-2a90587d-8655-4e72-8ce6-1bf59b520396/datanode-8/data/ratis
2022-11-07 13:08:42,600 [Listener at 127.0.0.1/42403] INFO  volume.StorageVolumeChecker (StorageVolumeChecker.java:checkAllVolumes(202)) - Scheduled health check for volume /home/runner/work/ozone/ozone/hadoop-ozone/integration-test/target/test-dir/MiniOzoneClusterImpl-2a90587d-8655-4e72-8ce6-1bf59b520396/datanode-8/data/ratis
2022-11-07 13:08:42,614 [Thread-258] INFO  ozoneimpl.ContainerReader (ContainerReader.java:readVolume(175)) - Finish verifying containers on volume /home/runner/work/ozone/ozone/hadoop-ozone/integration-test/target/test-dir/MiniOzoneClusterImpl-2a90587d-8655-4e72-8ce6-1bf59b520396/datanode-8/data-0/containers/hdds
2022-11-07 13:08:42,615 [Listener at 127.0.0.1/42403] INFO  ozoneimpl.OzoneContainer (OzoneContainer.java:buildContainerSet(300)) - Build ContainerSet costs 0s
2022-11-07 13:08:42,618 [Listener at 127.0.0.1/42403] INFO  server.RaftServer (ConfUtils.java:logGet(46)) - raft.rpc.type = GRPC (default)
2022-11-07 13:08:42,618 [Listener at 127.0.0.1/42403] INFO  grpc.GrpcConfigKeys (ConfUtils.java:logFallback(53)) - raft.grpc.admin.host = null (fallback to raft.grpc.server.host)
2022-11-07 13:08:42,618 [Listener at 127.0.0.1/42403] INFO  grpc.GrpcConfigKeys (ConfUtils.java:logGet(46)) - raft.grpc.admin.port = 0 (custom)
2022-11-07 13:08:42,618 [Listener at 127.0.0.1/42403] INFO  grpc.GrpcConfigKeys (ConfUtils.java:logFallback(53)) - raft.grpc.client.host = null (fallback to raft.grpc.server.host)
2022-11-07 13:08:42,619 [Listener at 127.0.0.1/42403] INFO  grpc.GrpcConfigKeys (ConfUtils.java:logGet(46)) - raft.grpc.client.port = 0 (custom)
2022-11-07 13:08:42,619 [Listener at 127.0.0.1/42403] INFO  grpc.GrpcConfigKeys (ConfUtils.java:logGet(46)) - raft.grpc.server.host = null (default)
2022-11-07 13:08:42,619 [Listener at 127.0.0.1/42403] INFO  grpc.GrpcConfigKeys (ConfUtils.java:logGet(46)) - raft.grpc.server.port = 0 (default)
2022-11-07 13:08:42,619 [Listener at 127.0.0.1/42403] INFO  server.GrpcService (ConfUtils.java:logGet(46)) - raft.grpc.message.size.max = 32MB (=33554432) (custom)
2022-11-07 13:08:42,619 [Listener at 127.0.0.1/42403] INFO  server.RaftServerConfigKeys (ConfUtils.java:logGet(46)) - raft.server.log.appender.buffer.byte-limit = 33554432 (custom)
2022-11-07 13:08:42,620 [Listener at 127.0.0.1/42403] INFO  server.GrpcService (ConfUtils.java:logGet(46)) - raft.grpc.flow.control.window = 5MB (=5242880) (custom)
2022-11-07 13:08:42,620 [Listener at 127.0.0.1/42403] INFO  server.RaftServerConfigKeys (ConfUtils.java:logGet(46)) - raft.server.rpc.request.timeout = 60s (custom)
2022-11-07 13:08:42,620 [Listener at 127.0.0.1/42403] INFO  grpc.GrpcConfigKeys (ConfUtils.java:logGet(46)) - raft.grpc.server.heartbeat.channel = true (default)
2022-11-07 13:08:42,620 [Listener at 127.0.0.1/42403] INFO  grpc.GrpcConfigKeys (ConfUtils.java:logGet(46)) - raft.grpc.server.async.request.thread.pool.cached = true (default)
2022-11-07 13:08:42,620 [Listener at 127.0.0.1/42403] INFO  grpc.GrpcConfigKeys (ConfUtils.java:logGet(46)) - raft.grpc.server.async.request.thread.pool.size = 32 (default)
2022-11-07 13:08:42,622 [Listener at 127.0.0.1/42403] INFO  impl.DataStreamServerImpl (ConfUtils.java:logGet(46)) - raft.datastream.type = DISABLED (default)
2022-11-07 13:08:42,622 [Listener at 127.0.0.1/42403] INFO  server.RaftServerConfigKeys (ConfUtils.java:logGet(46)) - raft.server.threadpool.proxy.cached = true (default)
2022-11-07 13:08:42,622 [Listener at 127.0.0.1/42403] INFO  server.RaftServerConfigKeys (ConfUtils.java:logGet(46)) - raft.server.threadpool.proxy.size = 0 (default)
2022-11-07 13:08:42,622 [Listener at 127.0.0.1/42403] INFO  server.RaftServerConfigKeys (ConfUtils.java:logGet(46)) - raft.server.rpc.slowness.timeout = 300s (custom)
2022-11-07 13:08:42,623 [Listener at 127.0.0.1/42403] INFO  server.RaftServerConfigKeys (ConfUtils.java:logGet(46)) - raft.server.leaderelection.leader.step-down.wait-time = 10s (default)
2022-11-07 13:08:42,623 [Listener at 127.0.0.1/42403] INFO  server.RaftServerConfigKeys (ConfUtils.java:logGet(46)) - raft.server.storage.dir = [/home/runner/work/ozone/ozone/hadoop-ozone/integration-test/target/test-dir/MiniOzoneClusterImpl-2a90587d-8655-4e72-8ce6-1bf59b520396/datanode-8/data/ratis] (custom)
2022-11-07 13:08:42,628 [Listener at 127.0.0.1/42403] INFO  server.XceiverServerGrpc (XceiverServerGrpc.java:<init>(132)) - GrpcServer channel type EpollServerSocketChannel
2022-11-07 13:08:42,635 [Listener at 127.0.0.1/42403] INFO  http.BaseHttpServer (BaseHttpServer.java:newHttpServer2BuilderForOzone(213)) - Starting Web-server for hddsDatanode at: http://0.0.0.0:0
2022-11-07 13:08:42,636 [Listener at 127.0.0.1/42403] INFO  http.BaseHttpServer (BaseHttpServer.java:<init>(108)) - Hadoop Security Enabled: false Ozone Security Enabled: false Ozone HTTP Security Enabled: false 
2022-11-07 13:08:42,637 [Listener at 127.0.0.1/42403] WARN  server.AuthenticationFilter (AuthenticationFilter.java:constructSecretProvider(240)) - Unable to initialize FileSignerSecretProvider, falling back to use random secrets. Reason: Could not read signature secret file: /home/runner/hadoop-http-auth-signature-secret
2022-11-07 13:08:42,638 [Listener at 127.0.0.1/42403] WARN  http.HttpRequestLog (HttpRequestLog.java:getRequestLog(103)) - Jetty request log can only be enabled using Log4j
2022-11-07 13:08:42,639 [Listener at 127.0.0.1/42403] INFO  http.HttpServer2 (HttpServer2.java:addGlobalFilter(1031)) - Added global filter 'safety' (class=org.apache.hadoop.hdds.server.http.HttpServer2$QuotingInputFilter)
2022-11-07 13:08:42,640 [Listener at 127.0.0.1/42403] INFO  http.HttpServer2 (HttpServer2.java:addFilter(1007)) - Added filter static_user_filter (class=org.apache.hadoop.http.lib.StaticUserWebFilter$StaticUserFilter) to context hddsDatanode
2022-11-07 13:08:42,640 [Listener at 127.0.0.1/42403] INFO  http.HttpServer2 (HttpServer2.java:addFilter(1015)) - Added filter static_user_filter (class=org.apache.hadoop.http.lib.StaticUserWebFilter$StaticUserFilter) to context logs
2022-11-07 13:08:42,641 [Listener at 127.0.0.1/42403] INFO  http.HttpServer2 (HttpServer2.java:addFilter(1015)) - Added filter static_user_filter (class=org.apache.hadoop.http.lib.StaticUserWebFilter$StaticUserFilter) to context static
2022-11-07 13:08:42,641 [Listener at 127.0.0.1/42403] INFO  http.HttpServer2 (HttpServer2.java:bindListener(1250)) - Jetty bound to port 45559
2022-11-07 13:08:42,642 [Listener at 127.0.0.1/42403] INFO  server.Server (Server.java:doStart(375)) - jetty-9.4.49.v20220914; built: 2022-09-14T01:07:36.601Z; git: 4231a3b2e4cb8548a412a789936d640a97b1aa0a; jvm 1.8.0_345-b01
2022-11-07 13:08:42,643 [Listener at 127.0.0.1/42403] INFO  server.session (DefaultSessionIdManager.java:doStart(334)) - DefaultSessionIdManager workerName=node0
2022-11-07 13:08:42,644 [Listener at 127.0.0.1/42403] INFO  server.session (DefaultSessionIdManager.java:doStart(339)) - No SessionScavenger set, using defaults
2022-11-07 13:08:42,644 [Listener at 127.0.0.1/42403] INFO  server.session (HouseKeeper.java:startScavenging(132)) - node0 Scavenging every 660000ms
2022-11-07 13:08:42,645 [Listener at 127.0.0.1/42403] INFO  handler.ContextHandler (ContextHandler.java:doStart(921)) - Started o.e.j.s.ServletContextHandler@2e2d57ea{logs,/logs,file:///home/runner/work/ozone/ozone/hadoop-ozone/integration-test/target/log,AVAILABLE}
2022-11-07 13:08:42,645 [Listener at 127.0.0.1/42403] INFO  handler.ContextHandler (ContextHandler.java:doStart(921)) - Started o.e.j.s.ServletContextHandler@42602e0f{static,/static,jar:file:/home/runner/.m2/repository/org/apache/ozone/hdds-container-service/1.3.0-SNAPSHOT/hdds-container-service-1.3.0-SNAPSHOT.jar!/webapps/static,AVAILABLE}
2022-11-07 13:08:42,770 [EndpointStateMachine task thread for /0.0.0.0:41185 - 0 ] INFO  utils.DatanodeStoreCache (DatanodeStoreCache.java:addDB(58)) - Added db /home/runner/work/ozone/ozone/hadoop-ozone/integration-test/target/test-dir/MiniOzoneClusterImpl-2a90587d-8655-4e72-8ce6-1bf59b520396/datanode-3/data-0/containers/hdds/2a90587d-8655-4e72-8ce6-1bf59b520396/DS-e866128a-a6d4-4848-887a-890c0299c0e2/container.db to cache
2022-11-07 13:08:42,770 [EndpointStateMachine task thread for /0.0.0.0:41185 - 0 ] INFO  volume.HddsVolume (HddsVolume.java:createDbStore(307)) - SchemaV3 db is created and loaded at /home/runner/work/ozone/ozone/hadoop-ozone/integration-test/target/test-dir/MiniOzoneClusterImpl-2a90587d-8655-4e72-8ce6-1bf59b520396/datanode-3/data-0/containers/hdds/2a90587d-8655-4e72-8ce6-1bf59b520396/DS-e866128a-a6d4-4848-887a-890c0299c0e2/container.db for volume DS-e866128a-a6d4-4848-887a-890c0299c0e2
2022-11-07 13:08:42,771 [EndpointStateMachine task thread for /0.0.0.0:41185 - 0 ] INFO  ozoneimpl.OzoneContainer (OzoneContainer.java:start(378)) - Attempting to start container services.
2022-11-07 13:08:42,771 [EndpointStateMachine task thread for /0.0.0.0:41185 - 0 ] INFO  ozoneimpl.OzoneContainer (OzoneContainer.java:startContainerScrub(313)) - Background container scanner has been disabled.
2022-11-07 13:08:42,774 [EndpointStateMachine task thread for /0.0.0.0:41185 - 0 ] INFO  replication.ReplicationServer (ReplicationServer.java:start(111)) - ReplicationServer is started using port 38469
2022-11-07 13:08:42,774 [EndpointStateMachine task thread for /0.0.0.0:41185 - 0 ] INFO  ratis.XceiverServerRatis (XceiverServerRatis.java:start(481)) - Starting XceiverServerRatis 2277c71a-7226-47f8-a4ca-90f752095403
2022-11-07 13:08:42,786 [EndpointStateMachine task thread for /0.0.0.0:41185 - 0 ] INFO  server.RaftServer (RaftServerProxy.java:startImpl(393)) - 2277c71a-7226-47f8-a4ca-90f752095403: start RPC server
2022-11-07 13:08:42,789 [EndpointStateMachine task thread for /0.0.0.0:41185 - 0 ] INFO  server.GrpcService (GrpcService.java:startImpl(270)) - 2277c71a-7226-47f8-a4ca-90f752095403: GrpcService started, listening on 35629
2022-11-07 13:08:42,794 [EndpointStateMachine task thread for /0.0.0.0:41185 - 0 ] INFO  ratis.XceiverServerRatis (XceiverServerRatis.java:getRealPort(502)) - XceiverServerRatis 2277c71a-7226-47f8-a4ca-90f752095403 is started using port 35629 for RATIS
2022-11-07 13:08:42,794 [EndpointStateMachine task thread for /0.0.0.0:41185 - 0 ] INFO  ratis.XceiverServerRatis (XceiverServerRatis.java:getRealPort(502)) - XceiverServerRatis 2277c71a-7226-47f8-a4ca-90f752095403 is started using port 35629 for RATIS_ADMIN
2022-11-07 13:08:42,795 [EndpointStateMachine task thread for /0.0.0.0:41185 - 0 ] INFO  ratis.XceiverServerRatis (XceiverServerRatis.java:getRealPort(502)) - XceiverServerRatis 2277c71a-7226-47f8-a4ca-90f752095403 is started using port 35629 for RATIS_SERVER
2022-11-07 13:08:42,795 [JvmPauseMonitor4] INFO  util.JvmPauseMonitor (JvmPauseMonitor.java:run(105)) - JvmPauseMonitor-2277c71a-7226-47f8-a4ca-90f752095403: Started
2022-11-07 13:08:42,806 [EndpointStateMachine task thread for /0.0.0.0:41185 - 0 ] INFO  server.XceiverServerGrpc (XceiverServerGrpc.java:start(180)) - XceiverServerGrpc 2277c71a-7226-47f8-a4ca-90f752095403 is started using port 42231
2022-11-07 13:08:42,866 [Listener at 127.0.0.1/42403] INFO  handler.ContextHandler (ContextHandler.java:doStart(921)) - Started o.e.j.w.WebAppContext@182ce28a{hddsDatanode,/,file:///tmp/jetty-0_0_0_0-45559-hdds-container-service-1_3_0-SNAPSHOT_jar-_-any-7786519141322570298/webapp/,AVAILABLE}{jar:file:/home/runner/.m2/repository/org/apache/ozone/hdds-container-service/1.3.0-SNAPSHOT/hdds-container-service-1.3.0-SNAPSHOT.jar!/webapps/hddsDatanode}
2022-11-07 13:08:42,868 [Listener at 127.0.0.1/42403] INFO  server.AbstractConnector (AbstractConnector.java:doStart(333)) - Started ServerConnector@37a4fc71{HTTP/1.1, (http/1.1)}{0.0.0.0:45559}
2022-11-07 13:08:42,868 [Listener at 127.0.0.1/42403] INFO  server.Server (Server.java:doStart(415)) - Started @14025ms
2022-11-07 13:08:42,868 [Listener at 127.0.0.1/42403] WARN  impl.MetricsSystemImpl (MetricsSystemImpl.java:register(279)) - Sink prometheus already exists!
2022-11-07 13:08:42,869 [Listener at 127.0.0.1/42403] INFO  http.BaseHttpServer (BaseHttpServer.java:updateConnectorAddress(333)) - HTTP server of hddsDatanode listening at http://0.0.0.0:45559
2022-11-07 13:08:42,869 [Listener at 127.0.0.1/42403] WARN  impl.MetricRegistriesImpl (MetricRegistriesImpl.java:addReporterRegistration(111)) - New reporters are added after registries were created. Some metrics will be missing from the reporter. Please add reporter before adding any new registry.
2022-11-07 13:08:42,870 [Listener at 127.0.0.1/42403] WARN  impl.MetricRegistriesImpl (MetricRegistriesImpl.java:addReporterRegistration(111)) - New reporters are added after registries were created. Some metrics will be missing from the reporter. Please add reporter before adding any new registry.
2022-11-07 13:08:42,870 [Listener at 127.0.0.1/42403] INFO  impl.MetricsSystemImpl (MetricsSystemImpl.java:init(158)) - HddsDatanode metrics system started (again)
2022-11-07 13:08:42,876 [Datanode State Machine Daemon Thread] INFO  statemachine.DatanodeStateMachine (DatanodeStateMachine.java:lambda$startDaemon$0(505)) - Ozone container server started.
2022-11-07 13:08:42,884 [org.apache.hadoop.util.JvmPauseMonitor$Monitor@67b4d28d] INFO  util.JvmPauseMonitor (JvmPauseMonitor.java:run(188)) - Starting JVM pause monitor
2022-11-07 13:08:42,886 [Listener at 127.0.0.1/42403] INFO  ozone.HddsDatanodeService (HddsDatanodeService.java:start(236)) - HddsDatanodeService host:fv-az255-291.sbdzdnwsxtye1lzl1wgdhvzhwg.dx.internal.cloudapp.net ip:10.1.0.171
2022-11-07 13:08:42,896 [Datanode State Machine Task Thread - 0] INFO  datanode.InitDatanodeState (InitDatanodeState.java:persistContainerDatanodeDetails(138)) - DatanodeDetails is persisted to /home/runner/work/ozone/ozone/hadoop-ozone/integration-test/target/test-dir/MiniOzoneClusterImpl-2a90587d-8655-4e72-8ce6-1bf59b520396/datanode-8/meta/datanode.id
2022-11-07 13:08:42,919 [Listener at 127.0.0.1/42403] INFO  upgrade.AbstractLayoutVersionManager (AbstractLayoutVersionManager.java:init(83)) - Initializing Layout version manager with metadata layout = DATANODE_SCHEMA_V3 (version = 4), software layout = DATANODE_SCHEMA_V3 (version = 4)
2022-11-07 13:08:42,968 [Listener at 127.0.0.1/42403] INFO  reflections.Reflections (Reflections.java:scan(232)) - Reflections took 47 ms to scan 7 urls, producing 139 keys and 336 values 
2022-11-07 13:08:42,970 [Listener at 127.0.0.1/42403] INFO  statemachine.DatanodeStateMachine (DatanodeStateMachine.java:getEndPointTaskThreadPoolSize(245)) - Datanode State Machine Task Thread Pool size 2
2022-11-07 13:08:42,976 [Listener at 127.0.0.1/42403] INFO  volume.HddsVolume (HddsVolume.java:<init>(117)) - Creating HddsVolume: /home/runner/work/ozone/ozone/hadoop-ozone/integration-test/target/test-dir/MiniOzoneClusterImpl-2a90587d-8655-4e72-8ce6-1bf59b520396/datanode-9/data-0/containers/hdds of storage type : DISK capacity : 9223372036854775807
2022-11-07 13:08:42,976 [Listener at 127.0.0.1/42403] INFO  volume.MutableVolumeSet (MutableVolumeSet.java:initializeVolumeSet(174)) - Added Volume : /home/runner/work/ozone/ozone/hadoop-ozone/integration-test/target/test-dir/MiniOzoneClusterImpl-2a90587d-8655-4e72-8ce6-1bf59b520396/datanode-9/data-0/containers/hdds to VolumeSet
2022-11-07 13:08:42,976 [Listener at 127.0.0.1/42403] INFO  volume.ThrottledAsyncChecker (ThrottledAsyncChecker.java:schedule(141)) - Scheduling a check for /home/runner/work/ozone/ozone/hadoop-ozone/integration-test/target/test-dir/MiniOzoneClusterImpl-2a90587d-8655-4e72-8ce6-1bf59b520396/datanode-9/data-0/containers/hdds
2022-11-07 13:08:42,981 [Listener at 127.0.0.1/42403] INFO  volume.StorageVolumeChecker (StorageVolumeChecker.java:checkAllVolumes(202)) - Scheduled health check for volume /home/runner/work/ozone/ozone/hadoop-ozone/integration-test/target/test-dir/MiniOzoneClusterImpl-2a90587d-8655-4e72-8ce6-1bf59b520396/datanode-9/data-0/containers/hdds
2022-11-07 13:08:42,993 [Listener at 127.0.0.1/42403] INFO  volume.MutableVolumeSet (MutableVolumeSet.java:initializeVolumeSet(174)) - Added Volume : /home/runner/work/ozone/ozone/hadoop-ozone/integration-test/target/test-dir/MiniOzoneClusterImpl-2a90587d-8655-4e72-8ce6-1bf59b520396/datanode-9/data/ratis to VolumeSet
2022-11-07 13:08:42,994 [Listener at 127.0.0.1/42403] INFO  volume.ThrottledAsyncChecker (ThrottledAsyncChecker.java:schedule(141)) - Scheduling a check for /home/runner/work/ozone/ozone/hadoop-ozone/integration-test/target/test-dir/MiniOzoneClusterImpl-2a90587d-8655-4e72-8ce6-1bf59b520396/datanode-9/data/ratis
2022-11-07 13:08:42,995 [Listener at 127.0.0.1/42403] INFO  volume.StorageVolumeChecker (StorageVolumeChecker.java:checkAllVolumes(202)) - Scheduled health check for volume /home/runner/work/ozone/ozone/hadoop-ozone/integration-test/target/test-dir/MiniOzoneClusterImpl-2a90587d-8655-4e72-8ce6-1bf59b520396/datanode-9/data/ratis
2022-11-07 13:08:43,010 [Thread-276] INFO  ozoneimpl.ContainerReader (ContainerReader.java:readVolume(175)) - Finish verifying containers on volume /home/runner/work/ozone/ozone/hadoop-ozone/integration-test/target/test-dir/MiniOzoneClusterImpl-2a90587d-8655-4e72-8ce6-1bf59b520396/datanode-9/data-0/containers/hdds
2022-11-07 13:08:43,011 [Listener at 127.0.0.1/42403] INFO  ozoneimpl.OzoneContainer (OzoneContainer.java:buildContainerSet(300)) - Build ContainerSet costs 0s
2022-11-07 13:08:43,015 [Listener at 127.0.0.1/42403] INFO  server.RaftServer (ConfUtils.java:logGet(46)) - raft.rpc.type = GRPC (default)
2022-11-07 13:08:43,015 [Listener at 127.0.0.1/42403] INFO  grpc.GrpcConfigKeys (ConfUtils.java:logFallback(53)) - raft.grpc.admin.host = null (fallback to raft.grpc.server.host)
2022-11-07 13:08:43,016 [Listener at 127.0.0.1/42403] INFO  grpc.GrpcConfigKeys (ConfUtils.java:logGet(46)) - raft.grpc.admin.port = 0 (custom)
2022-11-07 13:08:43,016 [Listener at 127.0.0.1/42403] INFO  grpc.GrpcConfigKeys (ConfUtils.java:logFallback(53)) - raft.grpc.client.host = null (fallback to raft.grpc.server.host)
2022-11-07 13:08:43,016 [Listener at 127.0.0.1/42403] INFO  grpc.GrpcConfigKeys (ConfUtils.java:logGet(46)) - raft.grpc.client.port = 0 (custom)
2022-11-07 13:08:43,016 [Listener at 127.0.0.1/42403] INFO  grpc.GrpcConfigKeys (ConfUtils.java:logGet(46)) - raft.grpc.server.host = null (default)
2022-11-07 13:08:43,016 [Listener at 127.0.0.1/42403] INFO  grpc.GrpcConfigKeys (ConfUtils.java:logGet(46)) - raft.grpc.server.port = 0 (default)
2022-11-07 13:08:43,017 [Listener at 127.0.0.1/42403] INFO  server.GrpcService (ConfUtils.java:logGet(46)) - raft.grpc.message.size.max = 32MB (=33554432) (custom)
2022-11-07 13:08:43,017 [Listener at 127.0.0.1/42403] INFO  server.RaftServerConfigKeys (ConfUtils.java:logGet(46)) - raft.server.log.appender.buffer.byte-limit = 33554432 (custom)
2022-11-07 13:08:43,017 [Listener at 127.0.0.1/42403] INFO  server.GrpcService (ConfUtils.java:logGet(46)) - raft.grpc.flow.control.window = 5MB (=5242880) (custom)
2022-11-07 13:08:43,017 [Listener at 127.0.0.1/42403] INFO  server.RaftServerConfigKeys (ConfUtils.java:logGet(46)) - raft.server.rpc.request.timeout = 60s (custom)
2022-11-07 13:08:43,018 [Listener at 127.0.0.1/42403] INFO  grpc.GrpcConfigKeys (ConfUtils.java:logGet(46)) - raft.grpc.server.heartbeat.channel = true (default)
2022-11-07 13:08:43,018 [Listener at 127.0.0.1/42403] INFO  grpc.GrpcConfigKeys (ConfUtils.java:logGet(46)) - raft.grpc.server.async.request.thread.pool.cached = true (default)
2022-11-07 13:08:43,018 [Listener at 127.0.0.1/42403] INFO  grpc.GrpcConfigKeys (ConfUtils.java:logGet(46)) - raft.grpc.server.async.request.thread.pool.size = 32 (default)
2022-11-07 13:08:43,019 [Listener at 127.0.0.1/42403] INFO  impl.DataStreamServerImpl (ConfUtils.java:logGet(46)) - raft.datastream.type = DISABLED (default)
2022-11-07 13:08:43,019 [Listener at 127.0.0.1/42403] INFO  server.RaftServerConfigKeys (ConfUtils.java:logGet(46)) - raft.server.threadpool.proxy.cached = true (default)
2022-11-07 13:08:43,020 [Listener at 127.0.0.1/42403] INFO  server.RaftServerConfigKeys (ConfUtils.java:logGet(46)) - raft.server.threadpool.proxy.size = 0 (default)
2022-11-07 13:08:43,020 [Listener at 127.0.0.1/42403] INFO  server.RaftServerConfigKeys (ConfUtils.java:logGet(46)) - raft.server.rpc.slowness.timeout = 300s (custom)
2022-11-07 13:08:43,020 [Listener at 127.0.0.1/42403] INFO  server.RaftServerConfigKeys (ConfUtils.java:logGet(46)) - raft.server.leaderelection.leader.step-down.wait-time = 10s (default)
2022-11-07 13:08:43,020 [Listener at 127.0.0.1/42403] INFO  server.RaftServerConfigKeys (ConfUtils.java:logGet(46)) - raft.server.storage.dir = [/home/runner/work/ozone/ozone/hadoop-ozone/integration-test/target/test-dir/MiniOzoneClusterImpl-2a90587d-8655-4e72-8ce6-1bf59b520396/datanode-9/data/ratis] (custom)
2022-11-07 13:08:43,024 [Listener at 127.0.0.1/42403] INFO  server.XceiverServerGrpc (XceiverServerGrpc.java:<init>(132)) - GrpcServer channel type EpollServerSocketChannel
2022-11-07 13:08:43,027 [Listener at 127.0.0.1/42403] INFO  http.BaseHttpServer (BaseHttpServer.java:newHttpServer2BuilderForOzone(213)) - Starting Web-server for hddsDatanode at: http://0.0.0.0:0
2022-11-07 13:08:43,028 [Listener at 127.0.0.1/42403] INFO  http.BaseHttpServer (BaseHttpServer.java:<init>(108)) - Hadoop Security Enabled: false Ozone Security Enabled: false Ozone HTTP Security Enabled: false 
2022-11-07 13:08:43,029 [Listener at 127.0.0.1/42403] WARN  server.AuthenticationFilter (AuthenticationFilter.java:constructSecretProvider(240)) - Unable to initialize FileSignerSecretProvider, falling back to use random secrets. Reason: Could not read signature secret file: /home/runner/hadoop-http-auth-signature-secret
2022-11-07 13:08:43,030 [Listener at 127.0.0.1/42403] WARN  http.HttpRequestLog (HttpRequestLog.java:getRequestLog(103)) - Jetty request log can only be enabled using Log4j
2022-11-07 13:08:43,031 [Listener at 127.0.0.1/42403] INFO  http.HttpServer2 (HttpServer2.java:addGlobalFilter(1031)) - Added global filter 'safety' (class=org.apache.hadoop.hdds.server.http.HttpServer2$QuotingInputFilter)
2022-11-07 13:08:43,032 [Listener at 127.0.0.1/42403] INFO  http.HttpServer2 (HttpServer2.java:addFilter(1007)) - Added filter static_user_filter (class=org.apache.hadoop.http.lib.StaticUserWebFilter$StaticUserFilter) to context hddsDatanode
2022-11-07 13:08:43,032 [Listener at 127.0.0.1/42403] INFO  http.HttpServer2 (HttpServer2.java:addFilter(1015)) - Added filter static_user_filter (class=org.apache.hadoop.http.lib.StaticUserWebFilter$StaticUserFilter) to context logs
2022-11-07 13:08:43,033 [Listener at 127.0.0.1/42403] INFO  http.HttpServer2 (HttpServer2.java:addFilter(1015)) - Added filter static_user_filter (class=org.apache.hadoop.http.lib.StaticUserWebFilter$StaticUserFilter) to context static
2022-11-07 13:08:43,033 [Listener at 127.0.0.1/42403] INFO  http.HttpServer2 (HttpServer2.java:bindListener(1250)) - Jetty bound to port 38653
2022-11-07 13:08:43,034 [Listener at 127.0.0.1/42403] INFO  server.Server (Server.java:doStart(375)) - jetty-9.4.49.v20220914; built: 2022-09-14T01:07:36.601Z; git: 4231a3b2e4cb8548a412a789936d640a97b1aa0a; jvm 1.8.0_345-b01
2022-11-07 13:08:43,036 [Listener at 127.0.0.1/42403] INFO  server.session (DefaultSessionIdManager.java:doStart(334)) - DefaultSessionIdManager workerName=node0
2022-11-07 13:08:43,036 [Listener at 127.0.0.1/42403] INFO  server.session (DefaultSessionIdManager.java:doStart(339)) - No SessionScavenger set, using defaults
2022-11-07 13:08:43,037 [Listener at 127.0.0.1/42403] INFO  server.session (HouseKeeper.java:startScavenging(132)) - node0 Scavenging every 660000ms
2022-11-07 13:08:43,038 [Listener at 127.0.0.1/42403] INFO  handler.ContextHandler (ContextHandler.java:doStart(921)) - Started o.e.j.s.ServletContextHandler@4411aea2{logs,/logs,file:///home/runner/work/ozone/ozone/hadoop-ozone/integration-test/target/log,AVAILABLE}
2022-11-07 13:08:43,038 [Listener at 127.0.0.1/42403] INFO  handler.ContextHandler (ContextHandler.java:doStart(921)) - Started o.e.j.s.ServletContextHandler@627b59c6{static,/static,jar:file:/home/runner/.m2/repository/org/apache/ozone/hdds-container-service/1.3.0-SNAPSHOT/hdds-container-service-1.3.0-SNAPSHOT.jar!/webapps/static,AVAILABLE}
2022-11-07 13:08:43,145 [EndpointStateMachine task thread for /0.0.0.0:41185 - 0 ] INFO  utils.DatanodeStoreCache (DatanodeStoreCache.java:addDB(58)) - Added db /home/runner/work/ozone/ozone/hadoop-ozone/integration-test/target/test-dir/MiniOzoneClusterImpl-2a90587d-8655-4e72-8ce6-1bf59b520396/datanode-4/data-0/containers/hdds/2a90587d-8655-4e72-8ce6-1bf59b520396/DS-5d0762c6-91b7-4541-a5f4-9caf56a2631f/container.db to cache
2022-11-07 13:08:43,146 [EndpointStateMachine task thread for /0.0.0.0:41185 - 0 ] INFO  volume.HddsVolume (HddsVolume.java:createDbStore(307)) - SchemaV3 db is created and loaded at /home/runner/work/ozone/ozone/hadoop-ozone/integration-test/target/test-dir/MiniOzoneClusterImpl-2a90587d-8655-4e72-8ce6-1bf59b520396/datanode-4/data-0/containers/hdds/2a90587d-8655-4e72-8ce6-1bf59b520396/DS-5d0762c6-91b7-4541-a5f4-9caf56a2631f/container.db for volume DS-5d0762c6-91b7-4541-a5f4-9caf56a2631f
2022-11-07 13:08:43,146 [EndpointStateMachine task thread for /0.0.0.0:41185 - 0 ] INFO  ozoneimpl.OzoneContainer (OzoneContainer.java:start(378)) - Attempting to start container services.
2022-11-07 13:08:43,146 [EndpointStateMachine task thread for /0.0.0.0:41185 - 0 ] INFO  ozoneimpl.OzoneContainer (OzoneContainer.java:startContainerScrub(313)) - Background container scanner has been disabled.
2022-11-07 13:08:43,153 [EndpointStateMachine task thread for /0.0.0.0:41185 - 0 ] INFO  replication.ReplicationServer (ReplicationServer.java:start(111)) - ReplicationServer is started using port 34333
2022-11-07 13:08:43,153 [EndpointStateMachine task thread for /0.0.0.0:41185 - 0 ] INFO  ratis.XceiverServerRatis (XceiverServerRatis.java:start(481)) - Starting XceiverServerRatis 8b45bab1-f519-4e04-ad6f-9efd561d6d57
2022-11-07 13:08:43,166 [EndpointStateMachine task thread for /0.0.0.0:41185 - 0 ] INFO  server.RaftServer (RaftServerProxy.java:startImpl(393)) - 8b45bab1-f519-4e04-ad6f-9efd561d6d57: start RPC server
2022-11-07 13:08:43,175 [EndpointStateMachine task thread for /0.0.0.0:41185 - 0 ] INFO  server.GrpcService (GrpcService.java:startImpl(270)) - 8b45bab1-f519-4e04-ad6f-9efd561d6d57: GrpcService started, listening on 33673
2022-11-07 13:08:43,175 [EndpointStateMachine task thread for /0.0.0.0:41185 - 0 ] INFO  ratis.XceiverServerRatis (XceiverServerRatis.java:getRealPort(502)) - XceiverServerRatis 8b45bab1-f519-4e04-ad6f-9efd561d6d57 is started using port 33673 for RATIS
2022-11-07 13:08:43,175 [EndpointStateMachine task thread for /0.0.0.0:41185 - 0 ] INFO  ratis.XceiverServerRatis (XceiverServerRatis.java:getRealPort(502)) - XceiverServerRatis 8b45bab1-f519-4e04-ad6f-9efd561d6d57 is started using port 33673 for RATIS_ADMIN
2022-11-07 13:08:43,175 [EndpointStateMachine task thread for /0.0.0.0:41185 - 0 ] INFO  ratis.XceiverServerRatis (XceiverServerRatis.java:getRealPort(502)) - XceiverServerRatis 8b45bab1-f519-4e04-ad6f-9efd561d6d57 is started using port 33673 for RATIS_SERVER
2022-11-07 13:08:43,185 [JvmPauseMonitor5] INFO  util.JvmPauseMonitor (JvmPauseMonitor.java:run(105)) - JvmPauseMonitor-8b45bab1-f519-4e04-ad6f-9efd561d6d57: Started
2022-11-07 13:08:43,189 [IPC Server handler 2 on default port 41185] INFO  net.NetworkTopologyImpl (NetworkTopologyImpl.java:add(112)) - Added a new node: /default-rack/94086278-3489-4279-864e-1549830c8dca
2022-11-07 13:08:43,191 [IPC Server handler 2 on default port 41185] INFO  node.SCMNodeManager (SCMNodeManager.java:register(397)) - Registered Data node : 94086278-3489-4279-864e-1549830c8dca{ip: 10.1.0.171, host: fv-az255-291.sbdzdnwsxtye1lzl1wgdhvzhwg.dx.internal.cloudapp.net, ports: [REPLICATION=38083, RATIS=40247, RATIS_ADMIN=40247, RATIS_SERVER=40247, STANDALONE=39795], networkLocation: /default-rack, certSerialId: null, persistedOpState: null, persistedOpStateExpiryEpochSec: 0}
2022-11-07 13:08:43,200 [EventQueue-NewNodeForNewNodeHandler] INFO  pipeline.BackgroundPipelineCreator (BackgroundPipelineCreator.java:notifyEventTriggered(276)) - trigger a one-shot run on RatisPipelineUtilsThread.
2022-11-07 13:08:43,207 [EventQueue-NodeRegistrationContainerReportForContainerSafeModeRule] INFO  safemode.SCMSafeModeManager (SCMSafeModeManager.java:validateSafeModeExitRules(204)) - ContainerSafeModeRule rule is successfully validated
2022-11-07 13:08:43,209 [RatisPipelineUtilsThread - 0] INFO  pipeline.RatisPipelineProvider (RatisPipelineProvider.java:lambda$create$0(195)) - Sending CreatePipelineCommand for pipeline:PipelineID=8981793f-f4fe-46b3-9db8-9130b53f7c21 to datanode:94086278-3489-4279-864e-1549830c8dca
2022-11-07 13:08:43,210 [EventQueue-NodeRegistrationContainerReportForDataNodeSafeModeRule] INFO  safemode.SCMSafeModeManager (DataNodeSafeModeRule.java:process(71)) - SCM in safe mode. 1 DataNodes registered, 3 required.
2022-11-07 13:08:43,212 [EndpointStateMachine task thread for /0.0.0.0:41185 - 0 ] INFO  server.XceiverServerGrpc (XceiverServerGrpc.java:start(180)) - XceiverServerGrpc 8b45bab1-f519-4e04-ad6f-9efd561d6d57 is started using port 46671
2022-11-07 13:08:43,232 [EventQueue-PipelineReportForOneReplicaPipelineSafeModeRule] INFO  safemode.SCMSafeModeManager (SCMSafeModeManager.java:validateSafeModeExitRules(204)) - AtleastOneDatanodeReportedRule rule is successfully validated
2022-11-07 13:08:43,242 [RatisPipelineUtilsThread - 0] INFO  pipeline.PipelineStateManagerImpl (PipelineStateManagerImpl.java:addPipeline(103)) - Created pipeline Pipeline[ Id: 8981793f-f4fe-46b3-9db8-9130b53f7c21, Nodes: 94086278-3489-4279-864e-1549830c8dca{ip: 10.1.0.171, host: fv-az255-291.sbdzdnwsxtye1lzl1wgdhvzhwg.dx.internal.cloudapp.net, ports: [REPLICATION=38083, RATIS=40247, RATIS_ADMIN=40247, RATIS_SERVER=40247, STANDALONE=39795], networkLocation: /default-rack, certSerialId: null, persistedOpState: IN_SERVICE, persistedOpStateExpiryEpochSec: 0}, ReplicationConfig: RATIS/ONE, State:ALLOCATED, leaderId:, CreationTimestamp2022-11-07T13:08:43.208Z[Etc/UTC]].
2022-11-07 13:08:43,314 [Listener at 127.0.0.1/42403] INFO  handler.ContextHandler (ContextHandler.java:doStart(921)) - Started o.e.j.w.WebAppContext@11444634{hddsDatanode,/,file:///tmp/jetty-0_0_0_0-38653-hdds-container-service-1_3_0-SNAPSHOT_jar-_-any-3427655216637855318/webapp/,AVAILABLE}{jar:file:/home/runner/.m2/repository/org/apache/ozone/hdds-container-service/1.3.0-SNAPSHOT/hdds-container-service-1.3.0-SNAPSHOT.jar!/webapps/hddsDatanode}
2022-11-07 13:08:43,316 [Listener at 127.0.0.1/42403] INFO  server.AbstractConnector (AbstractConnector.java:doStart(333)) - Started ServerConnector@2034ceab{HTTP/1.1, (http/1.1)}{0.0.0.0:38653}
2022-11-07 13:08:43,317 [Listener at 127.0.0.1/42403] INFO  server.Server (Server.java:doStart(415)) - Started @14474ms
2022-11-07 13:08:43,317 [Listener at 127.0.0.1/42403] WARN  impl.MetricsSystemImpl (MetricsSystemImpl.java:register(279)) - Sink prometheus already exists!
2022-11-07 13:08:43,317 [Listener at 127.0.0.1/42403] INFO  http.BaseHttpServer (BaseHttpServer.java:updateConnectorAddress(333)) - HTTP server of hddsDatanode listening at http://0.0.0.0:38653
2022-11-07 13:08:43,319 [Listener at 127.0.0.1/42403] INFO  ozone.MiniOzoneClusterImpl (MiniOzoneClusterImpl.java:lambda$waitForClusterToBeReady$0(216)) - Waiting for nodes to be ready. Got 1 of 10 DN Heartbeats.
2022-11-07 13:08:43,319 [Listener at 127.0.0.1/42403] INFO  ozone.MiniOzoneClusterImpl (MiniOzoneClusterImpl.java:lambda$waitForClusterToBeReady$0(219)) - Waiting for cluster to exit safe mode
2022-11-07 13:08:43,320 [Listener at 127.0.0.1/42403] INFO  ozone.MiniOzoneClusterImpl (MiniOzoneClusterImpl.java:lambda$waitForClusterToBeReady$0(221)) - SCM became leader
2022-11-07 13:08:43,321 [Datanode State Machine Daemon Thread] INFO  statemachine.DatanodeStateMachine (DatanodeStateMachine.java:lambda$startDaemon$0(505)) - Ozone container server started.
2022-11-07 13:08:43,341 [org.apache.hadoop.util.JvmPauseMonitor$Monitor@5d7bef95] INFO  util.JvmPauseMonitor (JvmPauseMonitor.java:run(188)) - Starting JVM pause monitor
2022-11-07 13:08:43,345 [Datanode State Machine Task Thread - 0] INFO  datanode.InitDatanodeState (InitDatanodeState.java:persistContainerDatanodeDetails(138)) - DatanodeDetails is persisted to /home/runner/work/ozone/ozone/hadoop-ozone/integration-test/target/test-dir/MiniOzoneClusterImpl-2a90587d-8655-4e72-8ce6-1bf59b520396/datanode-9/meta/datanode.id
2022-11-07 13:08:43,625 [EndpointStateMachine task thread for /0.0.0.0:41185 - 0 ] INFO  utils.DatanodeStoreCache (DatanodeStoreCache.java:addDB(58)) - Added db /home/runner/work/ozone/ozone/hadoop-ozone/integration-test/target/test-dir/MiniOzoneClusterImpl-2a90587d-8655-4e72-8ce6-1bf59b520396/datanode-5/data-0/containers/hdds/2a90587d-8655-4e72-8ce6-1bf59b520396/DS-21c3c233-cc74-4c46-afae-b8d0c166acb1/container.db to cache
2022-11-07 13:08:43,625 [EndpointStateMachine task thread for /0.0.0.0:41185 - 0 ] INFO  volume.HddsVolume (HddsVolume.java:createDbStore(307)) - SchemaV3 db is created and loaded at /home/runner/work/ozone/ozone/hadoop-ozone/integration-test/target/test-dir/MiniOzoneClusterImpl-2a90587d-8655-4e72-8ce6-1bf59b520396/datanode-5/data-0/containers/hdds/2a90587d-8655-4e72-8ce6-1bf59b520396/DS-21c3c233-cc74-4c46-afae-b8d0c166acb1/container.db for volume DS-21c3c233-cc74-4c46-afae-b8d0c166acb1
2022-11-07 13:08:43,626 [EndpointStateMachine task thread for /0.0.0.0:41185 - 0 ] INFO  ozoneimpl.OzoneContainer (OzoneContainer.java:start(378)) - Attempting to start container services.
2022-11-07 13:08:43,626 [EndpointStateMachine task thread for /0.0.0.0:41185 - 0 ] INFO  ozoneimpl.OzoneContainer (OzoneContainer.java:startContainerScrub(313)) - Background container scanner has been disabled.
2022-11-07 13:08:43,629 [EndpointStateMachine task thread for /0.0.0.0:41185 - 0 ] INFO  replication.ReplicationServer (ReplicationServer.java:start(111)) - ReplicationServer is started using port 36497
2022-11-07 13:08:43,629 [EndpointStateMachine task thread for /0.0.0.0:41185 - 0 ] INFO  ratis.XceiverServerRatis (XceiverServerRatis.java:start(481)) - Starting XceiverServerRatis 4c8c7e9c-fcb8-4cf5-b401-3fb7accb4cdc
2022-11-07 13:08:43,630 [EndpointStateMachine task thread for /0.0.0.0:41185 - 0 ] INFO  server.RaftServer (RaftServerProxy.java:startImpl(393)) - 4c8c7e9c-fcb8-4cf5-b401-3fb7accb4cdc: start RPC server
2022-11-07 13:08:43,632 [EndpointStateMachine task thread for /0.0.0.0:41185 - 0 ] INFO  server.GrpcService (GrpcService.java:startImpl(270)) - 4c8c7e9c-fcb8-4cf5-b401-3fb7accb4cdc: GrpcService started, listening on 46431
2022-11-07 13:08:43,632 [EndpointStateMachine task thread for /0.0.0.0:41185 - 0 ] INFO  ratis.XceiverServerRatis (XceiverServerRatis.java:getRealPort(502)) - XceiverServerRatis 4c8c7e9c-fcb8-4cf5-b401-3fb7accb4cdc is started using port 46431 for RATIS
2022-11-07 13:08:43,632 [JvmPauseMonitor6] INFO  util.JvmPauseMonitor (JvmPauseMonitor.java:run(105)) - JvmPauseMonitor-4c8c7e9c-fcb8-4cf5-b401-3fb7accb4cdc: Started
2022-11-07 13:08:43,632 [EndpointStateMachine task thread for /0.0.0.0:41185 - 0 ] INFO  ratis.XceiverServerRatis (XceiverServerRatis.java:getRealPort(502)) - XceiverServerRatis 4c8c7e9c-fcb8-4cf5-b401-3fb7accb4cdc is started using port 46431 for RATIS_ADMIN
2022-11-07 13:08:43,632 [EndpointStateMachine task thread for /0.0.0.0:41185 - 0 ] INFO  ratis.XceiverServerRatis (XceiverServerRatis.java:getRealPort(502)) - XceiverServerRatis 4c8c7e9c-fcb8-4cf5-b401-3fb7accb4cdc is started using port 46431 for RATIS_SERVER
2022-11-07 13:08:43,635 [EndpointStateMachine task thread for /0.0.0.0:41185 - 0 ] INFO  server.XceiverServerGrpc (XceiverServerGrpc.java:start(180)) - XceiverServerGrpc 4c8c7e9c-fcb8-4cf5-b401-3fb7accb4cdc is started using port 38777
2022-11-07 13:08:43,810 [IPC Server handler 3 on default port 41185] INFO  net.NetworkTopologyImpl (NetworkTopologyImpl.java:add(112)) - Added a new node: /default-rack/b6bc655b-a75f-4a95-a86c-7969b7c6987b
2022-11-07 13:08:43,810 [IPC Server handler 3 on default port 41185] INFO  node.SCMNodeManager (SCMNodeManager.java:register(397)) - Registered Data node : b6bc655b-a75f-4a95-a86c-7969b7c6987b{ip: 10.1.0.171, host: fv-az255-291.sbdzdnwsxtye1lzl1wgdhvzhwg.dx.internal.cloudapp.net, ports: [REPLICATION=43689, RATIS=37153, RATIS_ADMIN=37153, RATIS_SERVER=37153, STANDALONE=43049], networkLocation: /default-rack, certSerialId: null, persistedOpState: null, persistedOpStateExpiryEpochSec: 0}
2022-11-07 13:08:43,811 [EventQueue-NewNodeForNewNodeHandler] INFO  pipeline.BackgroundPipelineCreator (BackgroundPipelineCreator.java:notifyEventTriggered(276)) - trigger a one-shot run on RatisPipelineUtilsThread.
2022-11-07 13:08:43,811 [EventQueue-NodeRegistrationContainerReportForDataNodeSafeModeRule] INFO  safemode.SCMSafeModeManager (DataNodeSafeModeRule.java:process(71)) - SCM in safe mode. 2 DataNodes registered, 3 required.
2022-11-07 13:08:43,817 [RatisPipelineUtilsThread - 0] INFO  pipeline.RatisPipelineProvider (RatisPipelineProvider.java:lambda$create$0(195)) - Sending CreatePipelineCommand for pipeline:PipelineID=bb321332-182a-4893-b73f-6960e46847bc to datanode:b6bc655b-a75f-4a95-a86c-7969b7c6987b
2022-11-07 13:08:43,817 [RatisPipelineUtilsThread - 0] INFO  pipeline.PipelineStateManagerImpl (PipelineStateManagerImpl.java:addPipeline(103)) - Created pipeline Pipeline[ Id: bb321332-182a-4893-b73f-6960e46847bc, Nodes: b6bc655b-a75f-4a95-a86c-7969b7c6987b{ip: 10.1.0.171, host: fv-az255-291.sbdzdnwsxtye1lzl1wgdhvzhwg.dx.internal.cloudapp.net, ports: [REPLICATION=43689, RATIS=37153, RATIS_ADMIN=37153, RATIS_SERVER=37153, STANDALONE=43049], networkLocation: /default-rack, certSerialId: null, persistedOpState: IN_SERVICE, persistedOpStateExpiryEpochSec: 0}, ReplicationConfig: RATIS/ONE, State:ALLOCATED, leaderId:, CreationTimestamp2022-11-07T13:08:43.817Z[Etc/UTC]].
2022-11-07 13:08:44,049 [EndpointStateMachine task thread for /0.0.0.0:41185 - 0 ] INFO  utils.DatanodeStoreCache (DatanodeStoreCache.java:addDB(58)) - Added db /home/runner/work/ozone/ozone/hadoop-ozone/integration-test/target/test-dir/MiniOzoneClusterImpl-2a90587d-8655-4e72-8ce6-1bf59b520396/datanode-6/data-0/containers/hdds/2a90587d-8655-4e72-8ce6-1bf59b520396/DS-9d4b87bf-0823-4154-8b8d-772a621f3169/container.db to cache
2022-11-07 13:08:44,049 [EndpointStateMachine task thread for /0.0.0.0:41185 - 0 ] INFO  volume.HddsVolume (HddsVolume.java:createDbStore(307)) - SchemaV3 db is created and loaded at /home/runner/work/ozone/ozone/hadoop-ozone/integration-test/target/test-dir/MiniOzoneClusterImpl-2a90587d-8655-4e72-8ce6-1bf59b520396/datanode-6/data-0/containers/hdds/2a90587d-8655-4e72-8ce6-1bf59b520396/DS-9d4b87bf-0823-4154-8b8d-772a621f3169/container.db for volume DS-9d4b87bf-0823-4154-8b8d-772a621f3169
2022-11-07 13:08:44,049 [EndpointStateMachine task thread for /0.0.0.0:41185 - 0 ] INFO  ozoneimpl.OzoneContainer (OzoneContainer.java:start(378)) - Attempting to start container services.
2022-11-07 13:08:44,049 [EndpointStateMachine task thread for /0.0.0.0:41185 - 0 ] INFO  ozoneimpl.OzoneContainer (OzoneContainer.java:startContainerScrub(313)) - Background container scanner has been disabled.
2022-11-07 13:08:44,057 [EndpointStateMachine task thread for /0.0.0.0:41185 - 0 ] INFO  replication.ReplicationServer (ReplicationServer.java:start(111)) - ReplicationServer is started using port 43581
2022-11-07 13:08:44,057 [EndpointStateMachine task thread for /0.0.0.0:41185 - 0 ] INFO  ratis.XceiverServerRatis (XceiverServerRatis.java:start(481)) - Starting XceiverServerRatis a8ad72fe-b4a4-4d4d-9a7f-b9692428a970
2022-11-07 13:08:44,058 [EndpointStateMachine task thread for /0.0.0.0:41185 - 0 ] INFO  server.RaftServer (RaftServerProxy.java:startImpl(393)) - a8ad72fe-b4a4-4d4d-9a7f-b9692428a970: start RPC server
2022-11-07 13:08:44,060 [EndpointStateMachine task thread for /0.0.0.0:41185 - 0 ] INFO  server.GrpcService (GrpcService.java:startImpl(270)) - a8ad72fe-b4a4-4d4d-9a7f-b9692428a970: GrpcService started, listening on 39375
2022-11-07 13:08:44,060 [EndpointStateMachine task thread for /0.0.0.0:41185 - 0 ] INFO  ratis.XceiverServerRatis (XceiverServerRatis.java:getRealPort(502)) - XceiverServerRatis a8ad72fe-b4a4-4d4d-9a7f-b9692428a970 is started using port 39375 for RATIS
2022-11-07 13:08:44,060 [EndpointStateMachine task thread for /0.0.0.0:41185 - 0 ] INFO  ratis.XceiverServerRatis (XceiverServerRatis.java:getRealPort(502)) - XceiverServerRatis a8ad72fe-b4a4-4d4d-9a7f-b9692428a970 is started using port 39375 for RATIS_ADMIN
2022-11-07 13:08:44,060 [JvmPauseMonitor7] INFO  util.JvmPauseMonitor (JvmPauseMonitor.java:run(105)) - JvmPauseMonitor-a8ad72fe-b4a4-4d4d-9a7f-b9692428a970: Started
2022-11-07 13:08:44,060 [EndpointStateMachine task thread for /0.0.0.0:41185 - 0 ] INFO  ratis.XceiverServerRatis (XceiverServerRatis.java:getRealPort(502)) - XceiverServerRatis a8ad72fe-b4a4-4d4d-9a7f-b9692428a970 is started using port 39375 for RATIS_SERVER
2022-11-07 13:08:44,065 [EndpointStateMachine task thread for /0.0.0.0:41185 - 0 ] INFO  server.XceiverServerGrpc (XceiverServerGrpc.java:start(180)) - XceiverServerGrpc a8ad72fe-b4a4-4d4d-9a7f-b9692428a970 is started using port 41719
2022-11-07 13:08:44,253 [IPC Server handler 1 on default port 41185] INFO  net.NetworkTopologyImpl (NetworkTopologyImpl.java:add(112)) - Added a new node: /default-rack/f7350d57-8232-4853-9d4b-5861d033a2e4
2022-11-07 13:08:44,253 [IPC Server handler 1 on default port 41185] INFO  node.SCMNodeManager (SCMNodeManager.java:register(397)) - Registered Data node : f7350d57-8232-4853-9d4b-5861d033a2e4{ip: 10.1.0.171, host: fv-az255-291.sbdzdnwsxtye1lzl1wgdhvzhwg.dx.internal.cloudapp.net, ports: [REPLICATION=39259, RATIS=40541, RATIS_ADMIN=40541, RATIS_SERVER=40541, STANDALONE=39243], networkLocation: /default-rack, certSerialId: null, persistedOpState: null, persistedOpStateExpiryEpochSec: 0}
2022-11-07 13:08:44,254 [EventQueue-NewNodeForNewNodeHandler] INFO  pipeline.BackgroundPipelineCreator (BackgroundPipelineCreator.java:notifyEventTriggered(276)) - trigger a one-shot run on RatisPipelineUtilsThread.
2022-11-07 13:08:44,254 [EventQueue-NodeRegistrationContainerReportForDataNodeSafeModeRule] INFO  safemode.SCMSafeModeManager (DataNodeSafeModeRule.java:process(71)) - SCM in safe mode. 3 DataNodes registered, 3 required.
2022-11-07 13:08:44,254 [EventQueue-NodeRegistrationContainerReportForDataNodeSafeModeRule] INFO  safemode.SCMSafeModeManager (SCMSafeModeManager.java:validateSafeModeExitRules(204)) - DataNodeSafeModeRule rule is successfully validated
2022-11-07 13:08:44,254 [EventQueue-NodeRegistrationContainerReportForDataNodeSafeModeRule] INFO  safemode.SCMSafeModeManager (SCMSafeModeManager.java:completePreCheck(233)) - All SCM safe mode pre check rules have passed
2022-11-07 13:08:44,254 [EventQueue-NodeRegistrationContainerReportForDataNodeSafeModeRule] WARN  events.EventQueue (EventQueue.java:fireEvent(216)) - No event handler registered for event TypedEvent{payloadType=SafeModeStatus, name='Safe mode status'}
2022-11-07 13:08:44,254 [EventQueue-NodeRegistrationContainerReportForDataNodeSafeModeRule] INFO  ha.SCMContext (SCMContext.java:updateSafeModeStatus(228)) - Update SafeModeStatus from SafeModeStatus{safeModeStatus=true, preCheckPassed=false} to SafeModeStatus{safeModeStatus=true, preCheckPassed=true}.
2022-11-07 13:08:44,254 [EventQueue-NodeRegistrationContainerReportForDataNodeSafeModeRule] INFO  pipeline.BackgroundPipelineCreator (BackgroundPipelineCreator.java:notifyEventTriggered(276)) - trigger a one-shot run on RatisPipelineUtilsThread.
2022-11-07 13:08:44,255 [RatisPipelineUtilsThread - 0] INFO  pipeline.RatisPipelineProvider (RatisPipelineProvider.java:lambda$create$0(195)) - Sending CreatePipelineCommand for pipeline:PipelineID=247c26f2-bd5e-446b-90d8-0066d9f15e56 to datanode:f7350d57-8232-4853-9d4b-5861d033a2e4
2022-11-07 13:08:44,255 [RatisPipelineUtilsThread - 0] INFO  pipeline.PipelineStateManagerImpl (PipelineStateManagerImpl.java:addPipeline(103)) - Created pipeline Pipeline[ Id: 247c26f2-bd5e-446b-90d8-0066d9f15e56, Nodes: f7350d57-8232-4853-9d4b-5861d033a2e4{ip: 10.1.0.171, host: fv-az255-291.sbdzdnwsxtye1lzl1wgdhvzhwg.dx.internal.cloudapp.net, ports: [REPLICATION=39259, RATIS=40541, RATIS_ADMIN=40541, RATIS_SERVER=40541, STANDALONE=39243], networkLocation: /default-rack, certSerialId: null, persistedOpState: IN_SERVICE, persistedOpStateExpiryEpochSec: 0}, ReplicationConfig: RATIS/ONE, State:ALLOCATED, leaderId:, CreationTimestamp2022-11-07T13:08:44.255Z[Etc/UTC]].
2022-11-07 13:08:44,260 [RatisPipelineUtilsThread - 0] INFO  pipeline.RatisPipelineProvider (RatisPipelineProvider.java:lambda$create$0(195)) - Sending CreatePipelineCommand for pipeline:PipelineID=e4083e02-8768-4cbf-b290-1c8420390690 to datanode:f7350d57-8232-4853-9d4b-5861d033a2e4
2022-11-07 13:08:44,260 [RatisPipelineUtilsThread - 0] INFO  pipeline.RatisPipelineProvider (RatisPipelineProvider.java:lambda$create$0(195)) - Sending CreatePipelineCommand for pipeline:PipelineID=e4083e02-8768-4cbf-b290-1c8420390690 to datanode:b6bc655b-a75f-4a95-a86c-7969b7c6987b
2022-11-07 13:08:44,260 [RatisPipelineUtilsThread - 0] INFO  pipeline.RatisPipelineProvider (RatisPipelineProvider.java:lambda$create$0(195)) - Sending CreatePipelineCommand for pipeline:PipelineID=e4083e02-8768-4cbf-b290-1c8420390690 to datanode:94086278-3489-4279-864e-1549830c8dca
2022-11-07 13:08:44,261 [RatisPipelineUtilsThread - 0] INFO  pipeline.PipelineStateManagerImpl (PipelineStateManagerImpl.java:addPipeline(103)) - Created pipeline Pipeline[ Id: e4083e02-8768-4cbf-b290-1c8420390690, Nodes: f7350d57-8232-4853-9d4b-5861d033a2e4{ip: 10.1.0.171, host: fv-az255-291.sbdzdnwsxtye1lzl1wgdhvzhwg.dx.internal.cloudapp.net, ports: [REPLICATION=39259, RATIS=40541, RATIS_ADMIN=40541, RATIS_SERVER=40541, STANDALONE=39243], networkLocation: /default-rack, certSerialId: null, persistedOpState: IN_SERVICE, persistedOpStateExpiryEpochSec: 0}b6bc655b-a75f-4a95-a86c-7969b7c6987b{ip: 10.1.0.171, host: fv-az255-291.sbdzdnwsxtye1lzl1wgdhvzhwg.dx.internal.cloudapp.net, ports: [REPLICATION=43689, RATIS=37153, RATIS_ADMIN=37153, RATIS_SERVER=37153, STANDALONE=43049], networkLocation: /default-rack, certSerialId: null, persistedOpState: IN_SERVICE, persistedOpStateExpiryEpochSec: 0}94086278-3489-4279-864e-1549830c8dca{ip: 10.1.0.171, host: fv-az255-291.sbdzdnwsxtye1lzl1wgdhvzhwg.dx.internal.cloudapp.net, ports: [REPLICATION=38083, RATIS=40247, RATIS_ADMIN=40247, RATIS_SERVER=40247, STANDALONE=39795], networkLocation: /default-rack, certSerialId: null, persistedOpState: IN_SERVICE, persistedOpStateExpiryEpochSec: 0}, ReplicationConfig: RATIS/THREE, State:ALLOCATED, leaderId:, CreationTimestamp2022-11-07T13:08:44.260Z[Etc/UTC]].
2022-11-07 13:08:44,263 [RatisPipelineUtilsThread - 0] INFO  pipeline.RatisPipelineProvider (RatisPipelineProvider.java:lambda$create$0(195)) - Sending CreatePipelineCommand for pipeline:PipelineID=a67552b2-8b50-4423-8502-26f38406cda9 to datanode:f7350d57-8232-4853-9d4b-5861d033a2e4
2022-11-07 13:08:44,263 [RatisPipelineUtilsThread - 0] INFO  pipeline.RatisPipelineProvider (RatisPipelineProvider.java:lambda$create$0(195)) - Sending CreatePipelineCommand for pipeline:PipelineID=a67552b2-8b50-4423-8502-26f38406cda9 to datanode:b6bc655b-a75f-4a95-a86c-7969b7c6987b
2022-11-07 13:08:44,263 [RatisPipelineUtilsThread - 0] INFO  pipeline.RatisPipelineProvider (RatisPipelineProvider.java:lambda$create$0(195)) - Sending CreatePipelineCommand for pipeline:PipelineID=a67552b2-8b50-4423-8502-26f38406cda9 to datanode:94086278-3489-4279-864e-1549830c8dca
2022-11-07 13:08:44,264 [RatisPipelineUtilsThread - 0] INFO  pipeline.PipelineStateManagerImpl (PipelineStateManagerImpl.java:addPipeline(103)) - Created pipeline Pipeline[ Id: a67552b2-8b50-4423-8502-26f38406cda9, Nodes: f7350d57-8232-4853-9d4b-5861d033a2e4{ip: 10.1.0.171, host: fv-az255-291.sbdzdnwsxtye1lzl1wgdhvzhwg.dx.internal.cloudapp.net, ports: [REPLICATION=39259, RATIS=40541, RATIS_ADMIN=40541, RATIS_SERVER=40541, STANDALONE=39243], networkLocation: /default-rack, certSerialId: null, persistedOpState: IN_SERVICE, persistedOpStateExpiryEpochSec: 0}b6bc655b-a75f-4a95-a86c-7969b7c6987b{ip: 10.1.0.171, host: fv-az255-291.sbdzdnwsxtye1lzl1wgdhvzhwg.dx.internal.cloudapp.net, ports: [REPLICATION=43689, RATIS=37153, RATIS_ADMIN=37153, RATIS_SERVER=37153, STANDALONE=43049], networkLocation: /default-rack, certSerialId: null, persistedOpState: IN_SERVICE, persistedOpStateExpiryEpochSec: 0}94086278-3489-4279-864e-1549830c8dca{ip: 10.1.0.171, host: fv-az255-291.sbdzdnwsxtye1lzl1wgdhvzhwg.dx.internal.cloudapp.net, ports: [REPLICATION=38083, RATIS=40247, RATIS_ADMIN=40247, RATIS_SERVER=40247, STANDALONE=39795], networkLocation: /default-rack, certSerialId: null, persistedOpState: IN_SERVICE, persistedOpStateExpiryEpochSec: 0}, ReplicationConfig: RATIS/THREE, State:ALLOCATED, leaderId:, CreationTimestamp2022-11-07T13:08:44.263Z[Etc/UTC]].
2022-11-07 13:08:44,264 [RatisPipelineUtilsThread - 0] INFO  pipeline.PipelineManagerImpl (PipelineManagerImpl.java:recordMetricsForPipeline(826)) - Pipeline: PipelineID=a67552b2-8b50-4423-8502-26f38406cda9 contains same datanodes as previous pipelines: PipelineID=e4083e02-8768-4cbf-b290-1c8420390690 nodeIds: f7350d57-8232-4853-9d4b-5861d033a2e4, b6bc655b-a75f-4a95-a86c-7969b7c6987b, 94086278-3489-4279-864e-1549830c8dca
2022-11-07 13:08:44,320 [Listener at 127.0.0.1/42403] INFO  ozone.MiniOzoneClusterImpl (MiniOzoneClusterImpl.java:lambda$waitForClusterToBeReady$0(216)) - Waiting for nodes to be ready. Got 3 of 10 DN Heartbeats.
2022-11-07 13:08:44,321 [Listener at 127.0.0.1/42403] INFO  ozone.MiniOzoneClusterImpl (MiniOzoneClusterImpl.java:lambda$waitForClusterToBeReady$0(219)) - Waiting for cluster to exit safe mode
2022-11-07 13:08:44,322 [Listener at 127.0.0.1/42403] INFO  ozone.MiniOzoneClusterImpl (MiniOzoneClusterImpl.java:lambda$waitForClusterToBeReady$0(221)) - SCM became leader
2022-11-07 13:08:44,513 [EndpointStateMachine task thread for /0.0.0.0:41185 - 0 ] INFO  utils.DatanodeStoreCache (DatanodeStoreCache.java:addDB(58)) - Added db /home/runner/work/ozone/ozone/hadoop-ozone/integration-test/target/test-dir/MiniOzoneClusterImpl-2a90587d-8655-4e72-8ce6-1bf59b520396/datanode-7/data-0/containers/hdds/2a90587d-8655-4e72-8ce6-1bf59b520396/DS-7a0c37d6-099e-4a75-b6af-67fc6ce00fa2/container.db to cache
2022-11-07 13:08:44,514 [EndpointStateMachine task thread for /0.0.0.0:41185 - 0 ] INFO  volume.HddsVolume (HddsVolume.java:createDbStore(307)) - SchemaV3 db is created and loaded at /home/runner/work/ozone/ozone/hadoop-ozone/integration-test/target/test-dir/MiniOzoneClusterImpl-2a90587d-8655-4e72-8ce6-1bf59b520396/datanode-7/data-0/containers/hdds/2a90587d-8655-4e72-8ce6-1bf59b520396/DS-7a0c37d6-099e-4a75-b6af-67fc6ce00fa2/container.db for volume DS-7a0c37d6-099e-4a75-b6af-67fc6ce00fa2
2022-11-07 13:08:44,514 [EndpointStateMachine task thread for /0.0.0.0:41185 - 0 ] INFO  ozoneimpl.OzoneContainer (OzoneContainer.java:start(378)) - Attempting to start container services.
2022-11-07 13:08:44,514 [EndpointStateMachine task thread for /0.0.0.0:41185 - 0 ] INFO  ozoneimpl.OzoneContainer (OzoneContainer.java:startContainerScrub(313)) - Background container scanner has been disabled.
2022-11-07 13:08:44,516 [EndpointStateMachine task thread for /0.0.0.0:41185 - 0 ] INFO  replication.ReplicationServer (ReplicationServer.java:start(111)) - ReplicationServer is started using port 43399
2022-11-07 13:08:44,517 [EndpointStateMachine task thread for /0.0.0.0:41185 - 0 ] INFO  ratis.XceiverServerRatis (XceiverServerRatis.java:start(481)) - Starting XceiverServerRatis 1810f6e6-5580-46b0-b88d-9b5f15cbee6a
2022-11-07 13:08:44,518 [EndpointStateMachine task thread for /0.0.0.0:41185 - 0 ] INFO  server.RaftServer (RaftServerProxy.java:startImpl(393)) - 1810f6e6-5580-46b0-b88d-9b5f15cbee6a: start RPC server
2022-11-07 13:08:44,519 [EndpointStateMachine task thread for /0.0.0.0:41185 - 0 ] INFO  server.GrpcService (GrpcService.java:startImpl(270)) - 1810f6e6-5580-46b0-b88d-9b5f15cbee6a: GrpcService started, listening on 37795
2022-11-07 13:08:44,520 [EndpointStateMachine task thread for /0.0.0.0:41185 - 0 ] INFO  ratis.XceiverServerRatis (XceiverServerRatis.java:getRealPort(502)) - XceiverServerRatis 1810f6e6-5580-46b0-b88d-9b5f15cbee6a is started using port 37795 for RATIS
2022-11-07 13:08:44,520 [JvmPauseMonitor8] INFO  util.JvmPauseMonitor (JvmPauseMonitor.java:run(105)) - JvmPauseMonitor-1810f6e6-5580-46b0-b88d-9b5f15cbee6a: Started
2022-11-07 13:08:44,520 [EndpointStateMachine task thread for /0.0.0.0:41185 - 0 ] INFO  ratis.XceiverServerRatis (XceiverServerRatis.java:getRealPort(502)) - XceiverServerRatis 1810f6e6-5580-46b0-b88d-9b5f15cbee6a is started using port 37795 for RATIS_ADMIN
2022-11-07 13:08:44,520 [EndpointStateMachine task thread for /0.0.0.0:41185 - 0 ] INFO  ratis.XceiverServerRatis (XceiverServerRatis.java:getRealPort(502)) - XceiverServerRatis 1810f6e6-5580-46b0-b88d-9b5f15cbee6a is started using port 37795 for RATIS_SERVER
2022-11-07 13:08:44,531 [EndpointStateMachine task thread for /0.0.0.0:41185 - 0 ] INFO  server.XceiverServerGrpc (XceiverServerGrpc.java:start(180)) - XceiverServerGrpc 1810f6e6-5580-46b0-b88d-9b5f15cbee6a is started using port 38201
2022-11-07 13:08:44,717 [IPC Server handler 4 on default port 41185] INFO  net.NetworkTopologyImpl (NetworkTopologyImpl.java:add(112)) - Added a new node: /default-rack/2277c71a-7226-47f8-a4ca-90f752095403
2022-11-07 13:08:44,717 [IPC Server handler 4 on default port 41185] INFO  node.SCMNodeManager (SCMNodeManager.java:register(397)) - Registered Data node : 2277c71a-7226-47f8-a4ca-90f752095403{ip: 10.1.0.171, host: fv-az255-291.sbdzdnwsxtye1lzl1wgdhvzhwg.dx.internal.cloudapp.net, ports: [REPLICATION=38469, RATIS=35629, RATIS_ADMIN=35629, RATIS_SERVER=35629, STANDALONE=42231], networkLocation: /default-rack, certSerialId: null, persistedOpState: null, persistedOpStateExpiryEpochSec: 0}
2022-11-07 13:08:44,718 [EventQueue-NewNodeForNewNodeHandler] INFO  pipeline.BackgroundPipelineCreator (BackgroundPipelineCreator.java:notifyEventTriggered(276)) - trigger a one-shot run on RatisPipelineUtilsThread.
2022-11-07 13:08:44,718 [RatisPipelineUtilsThread - 0] INFO  pipeline.RatisPipelineProvider (RatisPipelineProvider.java:lambda$create$0(195)) - Sending CreatePipelineCommand for pipeline:PipelineID=2df64d4e-9bec-4652-bde9-b3075dd5c248 to datanode:2277c71a-7226-47f8-a4ca-90f752095403
2022-11-07 13:08:44,719 [RatisPipelineUtilsThread - 0] INFO  pipeline.PipelineStateManagerImpl (PipelineStateManagerImpl.java:addPipeline(103)) - Created pipeline Pipeline[ Id: 2df64d4e-9bec-4652-bde9-b3075dd5c248, Nodes: 2277c71a-7226-47f8-a4ca-90f752095403{ip: 10.1.0.171, host: fv-az255-291.sbdzdnwsxtye1lzl1wgdhvzhwg.dx.internal.cloudapp.net, ports: [REPLICATION=38469, RATIS=35629, RATIS_ADMIN=35629, RATIS_SERVER=35629, STANDALONE=42231], networkLocation: /default-rack, certSerialId: null, persistedOpState: IN_SERVICE, persistedOpStateExpiryEpochSec: 0}, ReplicationConfig: RATIS/ONE, State:ALLOCATED, leaderId:, CreationTimestamp2022-11-07T13:08:44.718Z[Etc/UTC]].
2022-11-07 13:08:44,938 [EndpointStateMachine task thread for /0.0.0.0:41185 - 0 ] INFO  utils.DatanodeStoreCache (DatanodeStoreCache.java:addDB(58)) - Added db /home/runner/work/ozone/ozone/hadoop-ozone/integration-test/target/test-dir/MiniOzoneClusterImpl-2a90587d-8655-4e72-8ce6-1bf59b520396/datanode-8/data-0/containers/hdds/2a90587d-8655-4e72-8ce6-1bf59b520396/DS-ae89aec3-d254-4a55-be94-e61e90dd7303/container.db to cache
2022-11-07 13:08:44,939 [EndpointStateMachine task thread for /0.0.0.0:41185 - 0 ] INFO  volume.HddsVolume (HddsVolume.java:createDbStore(307)) - SchemaV3 db is created and loaded at /home/runner/work/ozone/ozone/hadoop-ozone/integration-test/target/test-dir/MiniOzoneClusterImpl-2a90587d-8655-4e72-8ce6-1bf59b520396/datanode-8/data-0/containers/hdds/2a90587d-8655-4e72-8ce6-1bf59b520396/DS-ae89aec3-d254-4a55-be94-e61e90dd7303/container.db for volume DS-ae89aec3-d254-4a55-be94-e61e90dd7303
2022-11-07 13:08:44,939 [EndpointStateMachine task thread for /0.0.0.0:41185 - 0 ] INFO  ozoneimpl.OzoneContainer (OzoneContainer.java:start(378)) - Attempting to start container services.
2022-11-07 13:08:44,939 [EndpointStateMachine task thread for /0.0.0.0:41185 - 0 ] INFO  ozoneimpl.OzoneContainer (OzoneContainer.java:startContainerScrub(313)) - Background container scanner has been disabled.
2022-11-07 13:08:44,941 [EndpointStateMachine task thread for /0.0.0.0:41185 - 0 ] INFO  replication.ReplicationServer (ReplicationServer.java:start(111)) - ReplicationServer is started using port 39049
2022-11-07 13:08:44,942 [EndpointStateMachine task thread for /0.0.0.0:41185 - 0 ] INFO  ratis.XceiverServerRatis (XceiverServerRatis.java:start(481)) - Starting XceiverServerRatis 8bab8527-0d32-4ef2-9c82-248b5a5867bf
2022-11-07 13:08:44,942 [EndpointStateMachine task thread for /0.0.0.0:41185 - 0 ] INFO  server.RaftServer (RaftServerProxy.java:startImpl(393)) - 8bab8527-0d32-4ef2-9c82-248b5a5867bf: start RPC server
2022-11-07 13:08:44,943 [EndpointStateMachine task thread for /0.0.0.0:41185 - 0 ] INFO  server.GrpcService (GrpcService.java:startImpl(270)) - 8bab8527-0d32-4ef2-9c82-248b5a5867bf: GrpcService started, listening on 42469
2022-11-07 13:08:44,944 [EndpointStateMachine task thread for /0.0.0.0:41185 - 0 ] INFO  ratis.XceiverServerRatis (XceiverServerRatis.java:getRealPort(502)) - XceiverServerRatis 8bab8527-0d32-4ef2-9c82-248b5a5867bf is started using port 42469 for RATIS
2022-11-07 13:08:44,944 [JvmPauseMonitor9] INFO  util.JvmPauseMonitor (JvmPauseMonitor.java:run(105)) - JvmPauseMonitor-8bab8527-0d32-4ef2-9c82-248b5a5867bf: Started
2022-11-07 13:08:44,944 [EndpointStateMachine task thread for /0.0.0.0:41185 - 0 ] INFO  ratis.XceiverServerRatis (XceiverServerRatis.java:getRealPort(502)) - XceiverServerRatis 8bab8527-0d32-4ef2-9c82-248b5a5867bf is started using port 42469 for RATIS_ADMIN
2022-11-07 13:08:44,944 [EndpointStateMachine task thread for /0.0.0.0:41185 - 0 ] INFO  ratis.XceiverServerRatis (XceiverServerRatis.java:getRealPort(502)) - XceiverServerRatis 8bab8527-0d32-4ef2-9c82-248b5a5867bf is started using port 42469 for RATIS_SERVER
2022-11-07 13:08:44,951 [EndpointStateMachine task thread for /0.0.0.0:41185 - 0 ] INFO  server.XceiverServerGrpc (XceiverServerGrpc.java:start(180)) - XceiverServerGrpc 8bab8527-0d32-4ef2-9c82-248b5a5867bf is started using port 36367
2022-11-07 13:08:45,097 [IPC Server handler 2 on default port 41185] INFO  net.NetworkTopologyImpl (NetworkTopologyImpl.java:add(112)) - Added a new node: /default-rack/8b45bab1-f519-4e04-ad6f-9efd561d6d57
2022-11-07 13:08:45,097 [IPC Server handler 2 on default port 41185] INFO  node.SCMNodeManager (SCMNodeManager.java:register(397)) - Registered Data node : 8b45bab1-f519-4e04-ad6f-9efd561d6d57{ip: 10.1.0.171, host: fv-az255-291.sbdzdnwsxtye1lzl1wgdhvzhwg.dx.internal.cloudapp.net, ports: [REPLICATION=34333, RATIS=33673, RATIS_ADMIN=33673, RATIS_SERVER=33673, STANDALONE=46671], networkLocation: /default-rack, certSerialId: null, persistedOpState: null, persistedOpStateExpiryEpochSec: 0}
2022-11-07 13:08:45,097 [EventQueue-NewNodeForNewNodeHandler] INFO  pipeline.BackgroundPipelineCreator (BackgroundPipelineCreator.java:notifyEventTriggered(276)) - trigger a one-shot run on RatisPipelineUtilsThread.
2022-11-07 13:08:45,098 [RatisPipelineUtilsThread - 0] INFO  pipeline.RatisPipelineProvider (RatisPipelineProvider.java:lambda$create$0(195)) - Sending CreatePipelineCommand for pipeline:PipelineID=bc9fa752-ba9d-4d6b-a33c-fcfd6adf178b to datanode:8b45bab1-f519-4e04-ad6f-9efd561d6d57
2022-11-07 13:08:45,099 [RatisPipelineUtilsThread - 0] INFO  pipeline.PipelineStateManagerImpl (PipelineStateManagerImpl.java:addPipeline(103)) - Created pipeline Pipeline[ Id: bc9fa752-ba9d-4d6b-a33c-fcfd6adf178b, Nodes: 8b45bab1-f519-4e04-ad6f-9efd561d6d57{ip: 10.1.0.171, host: fv-az255-291.sbdzdnwsxtye1lzl1wgdhvzhwg.dx.internal.cloudapp.net, ports: [REPLICATION=34333, RATIS=33673, RATIS_ADMIN=33673, RATIS_SERVER=33673, STANDALONE=46671], networkLocation: /default-rack, certSerialId: null, persistedOpState: IN_SERVICE, persistedOpStateExpiryEpochSec: 0}, ReplicationConfig: RATIS/ONE, State:ALLOCATED, leaderId:, CreationTimestamp2022-11-07T13:08:45.098Z[Etc/UTC]].
2022-11-07 13:08:45,322 [Listener at 127.0.0.1/42403] INFO  ozone.MiniOzoneClusterImpl (MiniOzoneClusterImpl.java:lambda$waitForClusterToBeReady$0(216)) - Waiting for nodes to be ready. Got 5 of 10 DN Heartbeats.
2022-11-07 13:08:45,322 [Listener at 127.0.0.1/42403] INFO  ozone.MiniOzoneClusterImpl (MiniOzoneClusterImpl.java:lambda$waitForClusterToBeReady$0(219)) - Waiting for cluster to exit safe mode
2022-11-07 13:08:45,322 [Listener at 127.0.0.1/42403] INFO  ozone.MiniOzoneClusterImpl (MiniOzoneClusterImpl.java:lambda$waitForClusterToBeReady$0(221)) - SCM became leader
2022-11-07 13:08:45,390 [EndpointStateMachine task thread for /0.0.0.0:41185 - 0 ] INFO  utils.DatanodeStoreCache (DatanodeStoreCache.java:addDB(58)) - Added db /home/runner/work/ozone/ozone/hadoop-ozone/integration-test/target/test-dir/MiniOzoneClusterImpl-2a90587d-8655-4e72-8ce6-1bf59b520396/datanode-9/data-0/containers/hdds/2a90587d-8655-4e72-8ce6-1bf59b520396/DS-ac49d03c-a423-4ccb-9276-9bb3a4acc276/container.db to cache
2022-11-07 13:08:45,391 [EndpointStateMachine task thread for /0.0.0.0:41185 - 0 ] INFO  volume.HddsVolume (HddsVolume.java:createDbStore(307)) - SchemaV3 db is created and loaded at /home/runner/work/ozone/ozone/hadoop-ozone/integration-test/target/test-dir/MiniOzoneClusterImpl-2a90587d-8655-4e72-8ce6-1bf59b520396/datanode-9/data-0/containers/hdds/2a90587d-8655-4e72-8ce6-1bf59b520396/DS-ac49d03c-a423-4ccb-9276-9bb3a4acc276/container.db for volume DS-ac49d03c-a423-4ccb-9276-9bb3a4acc276
2022-11-07 13:08:45,391 [EndpointStateMachine task thread for /0.0.0.0:41185 - 0 ] INFO  ozoneimpl.OzoneContainer (OzoneContainer.java:start(378)) - Attempting to start container services.
2022-11-07 13:08:45,392 [EndpointStateMachine task thread for /0.0.0.0:41185 - 0 ] INFO  ozoneimpl.OzoneContainer (OzoneContainer.java:startContainerScrub(313)) - Background container scanner has been disabled.
2022-11-07 13:08:45,393 [EndpointStateMachine task thread for /0.0.0.0:41185 - 0 ] INFO  replication.ReplicationServer (ReplicationServer.java:start(111)) - ReplicationServer is started using port 36043
2022-11-07 13:08:45,393 [EndpointStateMachine task thread for /0.0.0.0:41185 - 0 ] INFO  ratis.XceiverServerRatis (XceiverServerRatis.java:start(481)) - Starting XceiverServerRatis cc281ddc-c10d-4250-8559-4debec3b143b
2022-11-07 13:08:45,405 [EndpointStateMachine task thread for /0.0.0.0:41185 - 0 ] INFO  server.RaftServer (RaftServerProxy.java:startImpl(393)) - cc281ddc-c10d-4250-8559-4debec3b143b: start RPC server
2022-11-07 13:08:45,407 [EndpointStateMachine task thread for /0.0.0.0:41185 - 0 ] INFO  server.GrpcService (GrpcService.java:startImpl(270)) - cc281ddc-c10d-4250-8559-4debec3b143b: GrpcService started, listening on 39521
2022-11-07 13:08:45,410 [EndpointStateMachine task thread for /0.0.0.0:41185 - 0 ] INFO  ratis.XceiverServerRatis (XceiverServerRatis.java:getRealPort(502)) - XceiverServerRatis cc281ddc-c10d-4250-8559-4debec3b143b is started using port 39521 for RATIS
2022-11-07 13:08:45,410 [EndpointStateMachine task thread for /0.0.0.0:41185 - 0 ] INFO  ratis.XceiverServerRatis (XceiverServerRatis.java:getRealPort(502)) - XceiverServerRatis cc281ddc-c10d-4250-8559-4debec3b143b is started using port 39521 for RATIS_ADMIN
2022-11-07 13:08:45,411 [EndpointStateMachine task thread for /0.0.0.0:41185 - 0 ] INFO  ratis.XceiverServerRatis (XceiverServerRatis.java:getRealPort(502)) - XceiverServerRatis cc281ddc-c10d-4250-8559-4debec3b143b is started using port 39521 for RATIS_SERVER
2022-11-07 13:08:45,411 [JvmPauseMonitor10] INFO  util.JvmPauseMonitor (JvmPauseMonitor.java:run(105)) - JvmPauseMonitor-cc281ddc-c10d-4250-8559-4debec3b143b: Started
2022-11-07 13:08:45,420 [EndpointStateMachine task thread for /0.0.0.0:41185 - 0 ] INFO  server.XceiverServerGrpc (XceiverServerGrpc.java:start(180)) - XceiverServerGrpc cc281ddc-c10d-4250-8559-4debec3b143b is started using port 37637
2022-11-07 13:08:45,577 [IPC Server handler 4 on default port 41185] INFO  net.NetworkTopologyImpl (NetworkTopologyImpl.java:add(112)) - Added a new node: /default-rack/4c8c7e9c-fcb8-4cf5-b401-3fb7accb4cdc
2022-11-07 13:08:45,577 [IPC Server handler 4 on default port 41185] INFO  node.SCMNodeManager (SCMNodeManager.java:register(397)) - Registered Data node : 4c8c7e9c-fcb8-4cf5-b401-3fb7accb4cdc{ip: 10.1.0.171, host: fv-az255-291.sbdzdnwsxtye1lzl1wgdhvzhwg.dx.internal.cloudapp.net, ports: [REPLICATION=36497, RATIS=46431, RATIS_ADMIN=46431, RATIS_SERVER=46431, STANDALONE=38777], networkLocation: /default-rack, certSerialId: null, persistedOpState: null, persistedOpStateExpiryEpochSec: 0}
2022-11-07 13:08:45,578 [EventQueue-NewNodeForNewNodeHandler] INFO  pipeline.BackgroundPipelineCreator (BackgroundPipelineCreator.java:notifyEventTriggered(276)) - trigger a one-shot run on RatisPipelineUtilsThread.
2022-11-07 13:08:45,578 [RatisPipelineUtilsThread - 0] INFO  pipeline.RatisPipelineProvider (RatisPipelineProvider.java:lambda$create$0(195)) - Sending CreatePipelineCommand for pipeline:PipelineID=0c6d9f04-8127-4c35-b413-068915523544 to datanode:4c8c7e9c-fcb8-4cf5-b401-3fb7accb4cdc
2022-11-07 13:08:45,579 [RatisPipelineUtilsThread - 0] INFO  pipeline.PipelineStateManagerImpl (PipelineStateManagerImpl.java:addPipeline(103)) - Created pipeline Pipeline[ Id: 0c6d9f04-8127-4c35-b413-068915523544, Nodes: 4c8c7e9c-fcb8-4cf5-b401-3fb7accb4cdc{ip: 10.1.0.171, host: fv-az255-291.sbdzdnwsxtye1lzl1wgdhvzhwg.dx.internal.cloudapp.net, ports: [REPLICATION=36497, RATIS=46431, RATIS_ADMIN=46431, RATIS_SERVER=46431, STANDALONE=38777], networkLocation: /default-rack, certSerialId: null, persistedOpState: IN_SERVICE, persistedOpStateExpiryEpochSec: 0}, ReplicationConfig: RATIS/ONE, State:ALLOCATED, leaderId:, CreationTimestamp2022-11-07T13:08:45.578Z[Etc/UTC]].
2022-11-07 13:08:45,580 [RatisPipelineUtilsThread - 0] INFO  pipeline.RatisPipelineProvider (RatisPipelineProvider.java:lambda$create$0(195)) - Sending CreatePipelineCommand for pipeline:PipelineID=cdc51678-e820-4382-9164-0f702fc51ef1 to datanode:4c8c7e9c-fcb8-4cf5-b401-3fb7accb4cdc
2022-11-07 13:08:45,580 [RatisPipelineUtilsThread - 0] INFO  pipeline.RatisPipelineProvider (RatisPipelineProvider.java:lambda$create$0(195)) - Sending CreatePipelineCommand for pipeline:PipelineID=cdc51678-e820-4382-9164-0f702fc51ef1 to datanode:8b45bab1-f519-4e04-ad6f-9efd561d6d57
2022-11-07 13:08:45,580 [RatisPipelineUtilsThread - 0] INFO  pipeline.RatisPipelineProvider (RatisPipelineProvider.java:lambda$create$0(195)) - Sending CreatePipelineCommand for pipeline:PipelineID=cdc51678-e820-4382-9164-0f702fc51ef1 to datanode:2277c71a-7226-47f8-a4ca-90f752095403
2022-11-07 13:08:45,581 [RatisPipelineUtilsThread - 0] INFO  pipeline.PipelineStateManagerImpl (PipelineStateManagerImpl.java:addPipeline(103)) - Created pipeline Pipeline[ Id: cdc51678-e820-4382-9164-0f702fc51ef1, Nodes: 4c8c7e9c-fcb8-4cf5-b401-3fb7accb4cdc{ip: 10.1.0.171, host: fv-az255-291.sbdzdnwsxtye1lzl1wgdhvzhwg.dx.internal.cloudapp.net, ports: [REPLICATION=36497, RATIS=46431, RATIS_ADMIN=46431, RATIS_SERVER=46431, STANDALONE=38777], networkLocation: /default-rack, certSerialId: null, persistedOpState: IN_SERVICE, persistedOpStateExpiryEpochSec: 0}8b45bab1-f519-4e04-ad6f-9efd561d6d57{ip: 10.1.0.171, host: fv-az255-291.sbdzdnwsxtye1lzl1wgdhvzhwg.dx.internal.cloudapp.net, ports: [REPLICATION=34333, RATIS=33673, RATIS_ADMIN=33673, RATIS_SERVER=33673, STANDALONE=46671], networkLocation: /default-rack, certSerialId: null, persistedOpState: IN_SERVICE, persistedOpStateExpiryEpochSec: 0}2277c71a-7226-47f8-a4ca-90f752095403{ip: 10.1.0.171, host: fv-az255-291.sbdzdnwsxtye1lzl1wgdhvzhwg.dx.internal.cloudapp.net, ports: [REPLICATION=38469, RATIS=35629, RATIS_ADMIN=35629, RATIS_SERVER=35629, STANDALONE=42231], networkLocation: /default-rack, certSerialId: null, persistedOpState: IN_SERVICE, persistedOpStateExpiryEpochSec: 0}, ReplicationConfig: RATIS/THREE, State:ALLOCATED, leaderId:, CreationTimestamp2022-11-07T13:08:45.580Z[Etc/UTC]].
2022-11-07 13:08:45,582 [RatisPipelineUtilsThread - 0] INFO  pipeline.RatisPipelineProvider (RatisPipelineProvider.java:lambda$create$0(195)) - Sending CreatePipelineCommand for pipeline:PipelineID=ef765816-2baf-4ec2-bfd0-199b584234df to datanode:4c8c7e9c-fcb8-4cf5-b401-3fb7accb4cdc
2022-11-07 13:08:45,582 [RatisPipelineUtilsThread - 0] INFO  pipeline.RatisPipelineProvider (RatisPipelineProvider.java:lambda$create$0(195)) - Sending CreatePipelineCommand for pipeline:PipelineID=ef765816-2baf-4ec2-bfd0-199b584234df to datanode:2277c71a-7226-47f8-a4ca-90f752095403
2022-11-07 13:08:45,582 [RatisPipelineUtilsThread - 0] INFO  pipeline.RatisPipelineProvider (RatisPipelineProvider.java:lambda$create$0(195)) - Sending CreatePipelineCommand for pipeline:PipelineID=ef765816-2baf-4ec2-bfd0-199b584234df to datanode:8b45bab1-f519-4e04-ad6f-9efd561d6d57
2022-11-07 13:08:45,583 [RatisPipelineUtilsThread - 0] INFO  pipeline.PipelineStateManagerImpl (PipelineStateManagerImpl.java:addPipeline(103)) - Created pipeline Pipeline[ Id: ef765816-2baf-4ec2-bfd0-199b584234df, Nodes: 4c8c7e9c-fcb8-4cf5-b401-3fb7accb4cdc{ip: 10.1.0.171, host: fv-az255-291.sbdzdnwsxtye1lzl1wgdhvzhwg.dx.internal.cloudapp.net, ports: [REPLICATION=36497, RATIS=46431, RATIS_ADMIN=46431, RATIS_SERVER=46431, STANDALONE=38777], networkLocation: /default-rack, certSerialId: null, persistedOpState: IN_SERVICE, persistedOpStateExpiryEpochSec: 0}2277c71a-7226-47f8-a4ca-90f752095403{ip: 10.1.0.171, host: fv-az255-291.sbdzdnwsxtye1lzl1wgdhvzhwg.dx.internal.cloudapp.net, ports: [REPLICATION=38469, RATIS=35629, RATIS_ADMIN=35629, RATIS_SERVER=35629, STANDALONE=42231], networkLocation: /default-rack, certSerialId: null, persistedOpState: IN_SERVICE, persistedOpStateExpiryEpochSec: 0}8b45bab1-f519-4e04-ad6f-9efd561d6d57{ip: 10.1.0.171, host: fv-az255-291.sbdzdnwsxtye1lzl1wgdhvzhwg.dx.internal.cloudapp.net, ports: [REPLICATION=34333, RATIS=33673, RATIS_ADMIN=33673, RATIS_SERVER=33673, STANDALONE=46671], networkLocation: /default-rack, certSerialId: null, persistedOpState: IN_SERVICE, persistedOpStateExpiryEpochSec: 0}, ReplicationConfig: RATIS/THREE, State:ALLOCATED, leaderId:, CreationTimestamp2022-11-07T13:08:45.582Z[Etc/UTC]].
2022-11-07 13:08:45,583 [RatisPipelineUtilsThread - 0] INFO  pipeline.PipelineManagerImpl (PipelineManagerImpl.java:recordMetricsForPipeline(826)) - Pipeline: PipelineID=ef765816-2baf-4ec2-bfd0-199b584234df contains same datanodes as previous pipelines: PipelineID=cdc51678-e820-4382-9164-0f702fc51ef1 nodeIds: 4c8c7e9c-fcb8-4cf5-b401-3fb7accb4cdc, 2277c71a-7226-47f8-a4ca-90f752095403, 8b45bab1-f519-4e04-ad6f-9efd561d6d57
2022-11-07 13:08:46,011 [IPC Server handler 0 on default port 41185] INFO  net.NetworkTopologyImpl (NetworkTopologyImpl.java:add(112)) - Added a new node: /default-rack/a8ad72fe-b4a4-4d4d-9a7f-b9692428a970
2022-11-07 13:08:46,012 [IPC Server handler 0 on default port 41185] INFO  node.SCMNodeManager (SCMNodeManager.java:register(397)) - Registered Data node : a8ad72fe-b4a4-4d4d-9a7f-b9692428a970{ip: 10.1.0.171, host: fv-az255-291.sbdzdnwsxtye1lzl1wgdhvzhwg.dx.internal.cloudapp.net, ports: [REPLICATION=43581, RATIS=39375, RATIS_ADMIN=39375, RATIS_SERVER=39375, STANDALONE=41719], networkLocation: /default-rack, certSerialId: null, persistedOpState: null, persistedOpStateExpiryEpochSec: 0}
2022-11-07 13:08:46,012 [EventQueue-NewNodeForNewNodeHandler] INFO  pipeline.BackgroundPipelineCreator (BackgroundPipelineCreator.java:notifyEventTriggered(276)) - trigger a one-shot run on RatisPipelineUtilsThread.
2022-11-07 13:08:46,013 [RatisPipelineUtilsThread - 0] INFO  pipeline.RatisPipelineProvider (RatisPipelineProvider.java:lambda$create$0(195)) - Sending CreatePipelineCommand for pipeline:PipelineID=679e896b-67ab-4a55-9f45-d14c5171af91 to datanode:a8ad72fe-b4a4-4d4d-9a7f-b9692428a970
2022-11-07 13:08:46,014 [RatisPipelineUtilsThread - 0] INFO  pipeline.PipelineStateManagerImpl (PipelineStateManagerImpl.java:addPipeline(103)) - Created pipeline Pipeline[ Id: 679e896b-67ab-4a55-9f45-d14c5171af91, Nodes: a8ad72fe-b4a4-4d4d-9a7f-b9692428a970{ip: 10.1.0.171, host: fv-az255-291.sbdzdnwsxtye1lzl1wgdhvzhwg.dx.internal.cloudapp.net, ports: [REPLICATION=43581, RATIS=39375, RATIS_ADMIN=39375, RATIS_SERVER=39375, STANDALONE=41719], networkLocation: /default-rack, certSerialId: null, persistedOpState: IN_SERVICE, persistedOpStateExpiryEpochSec: 0}, ReplicationConfig: RATIS/ONE, State:ALLOCATED, leaderId:, CreationTimestamp2022-11-07T13:08:46.013Z[Etc/UTC]].
2022-11-07 13:08:46,162 [Command processor thread] INFO  server.RaftServer (RaftServerProxy.java:addNew(96)) - 94086278-3489-4279-864e-1549830c8dca: addNew group-9130B53F7C21:[94086278-3489-4279-864e-1549830c8dca|rpc:10.1.0.171:40247|priority:1|startupRole:FOLLOWER] returns group-9130B53F7C21:java.util.concurrent.CompletableFuture@7ae48b81[Not completed]
2022-11-07 13:08:46,175 [pool-72-thread-1] INFO  server.RaftServer$Division (RaftServerImpl.java:<init>(195)) - 94086278-3489-4279-864e-1549830c8dca: new RaftServerImpl for group-9130B53F7C21:[94086278-3489-4279-864e-1549830c8dca|rpc:10.1.0.171:40247|priority:1|startupRole:FOLLOWER] with ContainerStateMachine:uninitialized
2022-11-07 13:08:46,175 [pool-72-thread-1] INFO  server.RaftServerConfigKeys (ConfUtils.java:logGet(46)) - raft.server.rpc.timeout.min = 5s (custom)
2022-11-07 13:08:46,176 [pool-72-thread-1] INFO  server.RaftServerConfigKeys (ConfUtils.java:logGet(46)) - raft.server.rpc.timeout.max = 5200ms (custom)
2022-11-07 13:08:46,176 [pool-72-thread-1] INFO  server.RaftServerConfigKeys (ConfUtils.java:logGet(46)) - raft.server.rpc.sleep.time = 25ms (default)
2022-11-07 13:08:46,176 [pool-72-thread-1] INFO  server.RaftServerConfigKeys (ConfUtils.java:logGet(46)) - raft.server.rpc.slowness.timeout = 300s (custom)
2022-11-07 13:08:46,176 [pool-72-thread-1] INFO  server.RaftServerConfigKeys (ConfUtils.java:logGet(46)) - raft.server.leaderelection.leader.step-down.wait-time = 10s (default)
2022-11-07 13:08:46,176 [pool-72-thread-1] INFO  server.RaftServerConfigKeys (ConfUtils.java:logGet(46)) - raft.server.sleep.deviation.threshold = 300ms (default)
2022-11-07 13:08:46,176 [pool-72-thread-1] INFO  server.RaftServer$Division (ServerState.java:<init>(118)) - 94086278-3489-4279-864e-1549830c8dca@group-9130B53F7C21: ConfigurationManager, init=-1: peers:[94086278-3489-4279-864e-1549830c8dca|rpc:10.1.0.171:40247|priority:1|startupRole:FOLLOWER]|listeners:[], old=null, confs=<EMPTY_MAP>
2022-11-07 13:08:46,176 [pool-72-thread-1] INFO  server.RaftServerConfigKeys (ConfUtils.java:logGet(46)) - raft.server.storage.dir = [/home/runner/work/ozone/ozone/hadoop-ozone/integration-test/target/test-dir/MiniOzoneClusterImpl-2a90587d-8655-4e72-8ce6-1bf59b520396/datanode-0/data/ratis] (custom)
2022-11-07 13:08:46,176 [pool-72-thread-1] INFO  server.RaftServerConfigKeys (ConfUtils.java:logGet(46)) - raft.server.log.corruption.policy = EXCEPTION (default)
2022-11-07 13:08:46,176 [pool-72-thread-1] INFO  server.RaftServerConfigKeys (ConfUtils.java:logGet(46)) - raft.server.storage.free-space.min = 0MB (=0) (default)
2022-11-07 13:08:46,177 [pool-72-thread-1] INFO  server.RaftServerConfigKeys (ConfUtils.java:logGet(46)) - raft.server.notification.no-leader.timeout = 300s (custom)
2022-11-07 13:08:46,177 [pool-72-thread-1] INFO  server.RaftServerConfigKeys (ConfUtils.java:logGet(46)) - raft.server.retrycache.expirytime = 600000ms (custom)
2022-11-07 13:08:46,177 [pool-72-thread-1] INFO  server.RaftServerConfigKeys (ConfUtils.java:logGet(46)) - raft.server.retrycache.statistics.expirytime = 100μs (default)
2022-11-07 13:08:46,181 [pool-72-thread-1] INFO  server.RaftServerConfigKeys (ConfUtils.java:logGet(46)) - raft.server.log.appender.install.snapshot.enabled = false (custom)
2022-11-07 13:08:46,181 [pool-72-thread-1] INFO  server.RaftServerConfigKeys (ConfUtils.java:logGet(46)) - raft.server.threadpool.server.cached = true (default)
2022-11-07 13:08:46,182 [pool-72-thread-1] INFO  server.RaftServerConfigKeys (ConfUtils.java:logGet(46)) - raft.server.threadpool.server.size = 0 (default)
2022-11-07 13:08:46,182 [pool-72-thread-1] INFO  server.RaftServerConfigKeys (ConfUtils.java:logGet(46)) - raft.server.threadpool.client.cached = true (default)
2022-11-07 13:08:46,182 [pool-72-thread-1] INFO  server.RaftServerConfigKeys (ConfUtils.java:logGet(46)) - raft.server.threadpool.client.size = 0 (default)
2022-11-07 13:08:46,182 [pool-72-thread-1] INFO  storage.RaftStorageDirectory (RaftStorageDirectoryImpl.java:analyzeStorage(137)) - The storage directory /home/runner/work/ozone/ozone/hadoop-ozone/integration-test/target/test-dir/MiniOzoneClusterImpl-2a90587d-8655-4e72-8ce6-1bf59b520396/datanode-0/data/ratis/8981793f-f4fe-46b3-9db8-9130b53f7c21 does not exist. Creating ...
2022-11-07 13:08:46,185 [pool-72-thread-1] INFO  storage.RaftStorageDirectory (RaftStorageDirectoryImpl.java:tryLock(231)) - Lock on /home/runner/work/ozone/ozone/hadoop-ozone/integration-test/target/test-dir/MiniOzoneClusterImpl-2a90587d-8655-4e72-8ce6-1bf59b520396/datanode-0/data/ratis/8981793f-f4fe-46b3-9db8-9130b53f7c21/in_use.lock acquired by nodename 14802@fv-az255-291
2022-11-07 13:08:46,187 [pool-72-thread-1] INFO  storage.RaftStorage (RaftStorageImpl.java:format(96)) - Storage directory /home/runner/work/ozone/ozone/hadoop-ozone/integration-test/target/test-dir/MiniOzoneClusterImpl-2a90587d-8655-4e72-8ce6-1bf59b520396/datanode-0/data/ratis/8981793f-f4fe-46b3-9db8-9130b53f7c21 has been successfully formatted.
2022-11-07 13:08:46,196 [pool-72-thread-1] INFO  ratis.ContainerStateMachine (ContainerStateMachine.java:loadSnapshot(236)) - group-9130B53F7C21: The snapshot info is null. Setting the last applied indexto:(t:0, i:~)
2022-11-07 13:08:46,196 [pool-72-thread-1] INFO  server.RaftServerConfigKeys (ConfUtils.java:logGet(46)) - raft.server.log.use.memory = false (default)
2022-11-07 13:08:46,196 [pool-72-thread-1] INFO  server.RaftServerConfigKeys (ConfUtils.java:logGet(46)) - raft.server.log.purge.gap = 1000000 (custom)
2022-11-07 13:08:46,204 [EventQueue-PipelineReportForPipelineReportHandler] INFO  pipeline.PipelineManagerImpl (PipelineManagerImpl.java:openPipeline(367)) - Pipeline Pipeline[ Id: 8981793f-f4fe-46b3-9db8-9130b53f7c21, Nodes: 94086278-3489-4279-864e-1549830c8dca{ip: 10.1.0.171, host: fv-az255-291.sbdzdnwsxtye1lzl1wgdhvzhwg.dx.internal.cloudapp.net, ports: [REPLICATION=38083, RATIS=40247, RATIS_ADMIN=40247, RATIS_SERVER=40247, STANDALONE=39795], networkLocation: /default-rack, certSerialId: null, persistedOpState: IN_SERVICE, persistedOpStateExpiryEpochSec: 0}, ReplicationConfig: RATIS/ONE, State:ALLOCATED, leaderId:94086278-3489-4279-864e-1549830c8dca, CreationTimestamp2022-11-07T13:08:43.208Z[Etc/UTC]] moved to OPEN state
2022-11-07 13:08:46,206 [pool-72-thread-1] INFO  server.RaftServerConfigKeys (ConfUtils.java:logGet(46)) - raft.server.log.appender.buffer.byte-limit = 33554432 (custom)
2022-11-07 13:08:46,207 [pool-72-thread-1] INFO  server.RaftServerConfigKeys (ConfUtils.java:logGet(46)) - raft.server.log.statemachine.data.read.timeout = 1000ms (default)
2022-11-07 13:08:46,207 [pool-72-thread-1] INFO  server.RaftServerConfigKeys (ConfUtils.java:logGet(46)) - raft.server.log.purge.preservation.log.num = 0 (default)
2022-11-07 13:08:46,208 [pool-72-thread-1] INFO  server.RaftServerConfigKeys (ConfUtils.java:logGet(46)) - raft.server.log.segment.size.max = 1048576 (custom)
2022-11-07 13:08:46,209 [pool-72-thread-1] INFO  server.RaftServerConfigKeys (ConfUtils.java:logGet(46)) - raft.server.log.segment.cache.num.max = 2 (custom)
2022-11-07 13:08:46,209 [pool-72-thread-1] INFO  server.RaftServerConfigKeys (ConfUtils.java:logGet(46)) - raft.server.log.segment.cache.size.max = 200MB (=209715200) (default)
2022-11-07 13:08:46,209 [pool-72-thread-1] INFO  segmented.SegmentedRaftLogWorker (SegmentedRaftLogWorker.java:<init>(191)) - new 94086278-3489-4279-864e-1549830c8dca@group-9130B53F7C21-SegmentedRaftLogWorker for RaftStorageImpl:Storage Directory /home/runner/work/ozone/ozone/hadoop-ozone/integration-test/target/test-dir/MiniOzoneClusterImpl-2a90587d-8655-4e72-8ce6-1bf59b520396/datanode-0/data/ratis/8981793f-f4fe-46b3-9db8-9130b53f7c21
2022-11-07 13:08:46,209 [pool-72-thread-1] INFO  server.RaftServerConfigKeys (ConfUtils.java:logGet(46)) - raft.server.log.queue.byte-limit = 4294967296 (custom)
2022-11-07 13:08:46,210 [pool-72-thread-1] INFO  server.RaftServerConfigKeys (ConfUtils.java:logGet(46)) - raft.server.log.queue.element-limit = 1024 (custom)
2022-11-07 13:08:46,210 [pool-72-thread-1] INFO  server.RaftServerConfigKeys (ConfUtils.java:logGet(46)) - raft.server.log.segment.size.max = 1048576 (custom)
2022-11-07 13:08:46,210 [pool-72-thread-1] INFO  server.RaftServerConfigKeys (ConfUtils.java:logGet(46)) - raft.server.log.preallocated.size = 16384 (custom)
2022-11-07 13:08:46,210 [pool-72-thread-1] INFO  server.RaftServerConfigKeys (ConfUtils.java:logGet(46)) - raft.server.log.force.sync.num = 128 (default)
2022-11-07 13:08:46,210 [pool-72-thread-1] INFO  server.RaftServerConfigKeys (ConfUtils.java:logGet(46)) - raft.server.log.statemachine.data.sync = true (default)
2022-11-07 13:08:46,210 [pool-72-thread-1] INFO  server.RaftServerConfigKeys (ConfUtils.java:logGet(46)) - raft.server.log.statemachine.data.sync.timeout = 10s (default)
2022-11-07 13:08:46,210 [pool-72-thread-1] INFO  server.RaftServerConfigKeys (ConfUtils.java:logGet(46)) - raft.server.log.statemachine.data.sync.timeout.retry = -1 (default)
2022-11-07 13:08:46,213 [EventQueue-OpenPipelineForHealthyPipelineSafeModeRule] INFO  safemode.SCMSafeModeManager (HealthyPipelineSafeModeRule.java:process(137)) - SCM in safe mode. Healthy pipelines reported count is 0, required healthy pipeline reported count is 1
2022-11-07 13:08:46,214 [pool-72-thread-1] INFO  server.RaftServerConfigKeys (ConfUtils.java:logGet(46)) - raft.server.log.write.buffer.size = 1048576 (custom)
2022-11-07 13:08:46,217 [pool-72-thread-1] INFO  server.RaftServerConfigKeys (ConfUtils.java:logGet(46)) - raft.server.log.unsafe-flush.enabled = false (default)
2022-11-07 13:08:46,217 [pool-72-thread-1] INFO  server.RaftServerConfigKeys (ConfUtils.java:logGet(46)) - raft.server.log.async-flush.enabled = false (default)
2022-11-07 13:08:46,217 [pool-72-thread-1] INFO  server.RaftServerConfigKeys (ConfUtils.java:logGet(46)) - raft.server.log.statemachine.data.caching.enabled = true (custom)
2022-11-07 13:08:46,218 [pool-72-thread-1] INFO  segmented.SegmentedRaftLogWorker (SegmentedRaftLogWorker.java:lambda$new$0(136)) - 94086278-3489-4279-864e-1549830c8dca@group-9130B53F7C21-SegmentedRaftLogWorker: flushIndex: setUnconditionally 0 -> -1
2022-11-07 13:08:46,218 [pool-72-thread-1] INFO  segmented.SegmentedRaftLogWorker (SegmentedRaftLogWorker.java:lambda$new$0(136)) - 94086278-3489-4279-864e-1549830c8dca@group-9130B53F7C21-SegmentedRaftLogWorker: safeCacheEvictIndex: setUnconditionally 0 -> -1
2022-11-07 13:08:46,218 [pool-72-thread-1] INFO  server.RaftServer$Division (RaftServerImpl.java:start(334)) - 94086278-3489-4279-864e-1549830c8dca@group-9130B53F7C21: start as a follower, conf=-1: peers:[94086278-3489-4279-864e-1549830c8dca|rpc:10.1.0.171:40247|priority:1|startupRole:FOLLOWER]|listeners:[], old=null
2022-11-07 13:08:46,218 [pool-72-thread-1] INFO  server.RaftServer$Division (RaftServerImpl.java:setRole(321)) - 94086278-3489-4279-864e-1549830c8dca@group-9130B53F7C21: changes role from      null to FOLLOWER at term 0 for startAsFollower
2022-11-07 13:08:46,219 [pool-72-thread-1] INFO  impl.RoleInfo (RoleInfo.java:updateAndGet(139)) - 94086278-3489-4279-864e-1549830c8dca: start 94086278-3489-4279-864e-1549830c8dca@group-9130B53F7C21-FollowerState
2022-11-07 13:08:46,222 [pool-72-thread-1] INFO  util.JmxRegister (JmxRegister.java:tryRegister(44)) - Successfully registered JMX Bean with object name Ratis:service=RaftServer,group=group-9130B53F7C21,id=94086278-3489-4279-864e-1549830c8dca
2022-11-07 13:08:46,223 [pool-72-thread-1] INFO  server.RaftServerConfigKeys (ConfUtils.java:logGet(46)) - raft.server.snapshot.auto.trigger.enabled = true (custom)
2022-11-07 13:08:46,223 [pool-72-thread-1] INFO  server.RaftServerConfigKeys (ConfUtils.java:logGet(46)) - raft.server.snapshot.auto.trigger.threshold = 10000 (custom)
2022-11-07 13:08:46,223 [pool-72-thread-1] INFO  server.RaftServerConfigKeys (ConfUtils.java:logGet(46)) - raft.server.snapshot.retention.file.num = 5 (custom)
2022-11-07 13:08:46,223 [pool-72-thread-1] INFO  server.RaftServerConfigKeys (ConfUtils.java:logGet(46)) - raft.server.log.purge.upto.snapshot.index = false (default)
2022-11-07 13:08:46,224 [94086278-3489-4279-864e-1549830c8dca@group-9130B53F7C21-FollowerState] INFO  server.RaftServerConfigKeys (ConfUtils.java:logFallback(53)) - raft.server.rpc.first-election.timeout.min = 5s (fallback to raft.server.rpc.timeout.min)
2022-11-07 13:08:46,224 [94086278-3489-4279-864e-1549830c8dca@group-9130B53F7C21-FollowerState] INFO  server.RaftServerConfigKeys (ConfUtils.java:logFallback(53)) - raft.server.rpc.first-election.timeout.max = 5200ms (fallback to raft.server.rpc.timeout.max)
2022-11-07 13:08:46,238 [Command processor thread] INFO  ratis.XceiverServerRatis (XceiverServerRatis.java:addGroup(765)) - Created group PipelineID=8981793f-f4fe-46b3-9db8-9130b53f7c21
2022-11-07 13:08:46,239 [Command processor thread] INFO  commandhandler.CreatePipelineCommandHandler (CreatePipelineCommandHandler.java:handle(113)) - Created Pipeline RATIS ONE PipelineID=8981793f-f4fe-46b3-9db8-9130b53f7c21.
2022-11-07 13:08:46,239 [Command processor thread] INFO  server.RaftServer (RaftServerProxy.java:addNew(96)) - 94086278-3489-4279-864e-1549830c8dca: addNew group-1C8420390690:[f7350d57-8232-4853-9d4b-5861d033a2e4|rpc:10.1.0.171:40541|priority:0|startupRole:FOLLOWER, 94086278-3489-4279-864e-1549830c8dca|rpc:10.1.0.171:40247|priority:1|startupRole:FOLLOWER, b6bc655b-a75f-4a95-a86c-7969b7c6987b|rpc:10.1.0.171:37153|priority:0|startupRole:FOLLOWER] returns group-1C8420390690:java.util.concurrent.CompletableFuture@5144b433[Not completed]
2022-11-07 13:08:46,247 [pool-72-thread-1] INFO  server.RaftServer$Division (RaftServerImpl.java:<init>(195)) - 94086278-3489-4279-864e-1549830c8dca: new RaftServerImpl for group-1C8420390690:[f7350d57-8232-4853-9d4b-5861d033a2e4|rpc:10.1.0.171:40541|priority:0|startupRole:FOLLOWER, 94086278-3489-4279-864e-1549830c8dca|rpc:10.1.0.171:40247|priority:1|startupRole:FOLLOWER, b6bc655b-a75f-4a95-a86c-7969b7c6987b|rpc:10.1.0.171:37153|priority:0|startupRole:FOLLOWER] with ContainerStateMachine:uninitialized
2022-11-07 13:08:46,248 [pool-72-thread-1] INFO  server.RaftServerConfigKeys (ConfUtils.java:logGet(46)) - raft.server.rpc.timeout.min = 5s (custom)
2022-11-07 13:08:46,248 [pool-72-thread-1] INFO  server.RaftServerConfigKeys (ConfUtils.java:logGet(46)) - raft.server.rpc.timeout.max = 5200ms (custom)
2022-11-07 13:08:46,248 [pool-72-thread-1] INFO  server.RaftServerConfigKeys (ConfUtils.java:logGet(46)) - raft.server.rpc.sleep.time = 25ms (default)
2022-11-07 13:08:46,248 [pool-72-thread-1] INFO  server.RaftServerConfigKeys (ConfUtils.java:logGet(46)) - raft.server.rpc.slowness.timeout = 300s (custom)
2022-11-07 13:08:46,248 [pool-72-thread-1] INFO  server.RaftServerConfigKeys (ConfUtils.java:logGet(46)) - raft.server.leaderelection.leader.step-down.wait-time = 10s (default)
2022-11-07 13:08:46,248 [pool-72-thread-1] INFO  server.RaftServerConfigKeys (ConfUtils.java:logGet(46)) - raft.server.sleep.deviation.threshold = 300ms (default)
2022-11-07 13:08:46,248 [pool-72-thread-1] INFO  server.RaftServer$Division (ServerState.java:<init>(118)) - 94086278-3489-4279-864e-1549830c8dca@group-1C8420390690: ConfigurationManager, init=-1: peers:[f7350d57-8232-4853-9d4b-5861d033a2e4|rpc:10.1.0.171:40541|priority:0|startupRole:FOLLOWER, 94086278-3489-4279-864e-1549830c8dca|rpc:10.1.0.171:40247|priority:1|startupRole:FOLLOWER, b6bc655b-a75f-4a95-a86c-7969b7c6987b|rpc:10.1.0.171:37153|priority:0|startupRole:FOLLOWER]|listeners:[], old=null, confs=<EMPTY_MAP>
2022-11-07 13:08:46,248 [pool-72-thread-1] INFO  server.RaftServerConfigKeys (ConfUtils.java:logGet(46)) - raft.server.storage.dir = [/home/runner/work/ozone/ozone/hadoop-ozone/integration-test/target/test-dir/MiniOzoneClusterImpl-2a90587d-8655-4e72-8ce6-1bf59b520396/datanode-0/data/ratis] (custom)
2022-11-07 13:08:46,249 [pool-72-thread-1] INFO  server.RaftServerConfigKeys (ConfUtils.java:logGet(46)) - raft.server.log.corruption.policy = EXCEPTION (default)
2022-11-07 13:08:46,249 [pool-72-thread-1] INFO  server.RaftServerConfigKeys (ConfUtils.java:logGet(46)) - raft.server.storage.free-space.min = 0MB (=0) (default)
2022-11-07 13:08:46,249 [pool-72-thread-1] INFO  server.RaftServerConfigKeys (ConfUtils.java:logGet(46)) - raft.server.notification.no-leader.timeout = 300s (custom)
2022-11-07 13:08:46,249 [pool-72-thread-1] INFO  server.RaftServerConfigKeys (ConfUtils.java:logGet(46)) - raft.server.retrycache.expirytime = 600000ms (custom)
2022-11-07 13:08:46,249 [pool-72-thread-1] INFO  server.RaftServerConfigKeys (ConfUtils.java:logGet(46)) - raft.server.retrycache.statistics.expirytime = 100μs (default)
2022-11-07 13:08:46,261 [pool-72-thread-1] INFO  server.RaftServerConfigKeys (ConfUtils.java:logGet(46)) - raft.server.log.appender.install.snapshot.enabled = false (custom)
2022-11-07 13:08:46,261 [pool-72-thread-1] INFO  server.RaftServerConfigKeys (ConfUtils.java:logGet(46)) - raft.server.threadpool.server.cached = true (default)
2022-11-07 13:08:46,261 [pool-72-thread-1] INFO  server.RaftServerConfigKeys (ConfUtils.java:logGet(46)) - raft.server.threadpool.server.size = 0 (default)
2022-11-07 13:08:46,261 [pool-72-thread-1] INFO  server.RaftServerConfigKeys (ConfUtils.java:logGet(46)) - raft.server.threadpool.client.cached = true (default)
2022-11-07 13:08:46,262 [pool-72-thread-1] INFO  server.RaftServerConfigKeys (ConfUtils.java:logGet(46)) - raft.server.threadpool.client.size = 0 (default)
2022-11-07 13:08:46,262 [pool-72-thread-1] INFO  storage.RaftStorageDirectory (RaftStorageDirectoryImpl.java:analyzeStorage(137)) - The storage directory /home/runner/work/ozone/ozone/hadoop-ozone/integration-test/target/test-dir/MiniOzoneClusterImpl-2a90587d-8655-4e72-8ce6-1bf59b520396/datanode-0/data/ratis/e4083e02-8768-4cbf-b290-1c8420390690 does not exist. Creating ...
2022-11-07 13:08:46,263 [pool-72-thread-1] INFO  storage.RaftStorageDirectory (RaftStorageDirectoryImpl.java:tryLock(231)) - Lock on /home/runner/work/ozone/ozone/hadoop-ozone/integration-test/target/test-dir/MiniOzoneClusterImpl-2a90587d-8655-4e72-8ce6-1bf59b520396/datanode-0/data/ratis/e4083e02-8768-4cbf-b290-1c8420390690/in_use.lock acquired by nodename 14802@fv-az255-291
2022-11-07 13:08:46,265 [pool-72-thread-1] INFO  storage.RaftStorage (RaftStorageImpl.java:format(96)) - Storage directory /home/runner/work/ozone/ozone/hadoop-ozone/integration-test/target/test-dir/MiniOzoneClusterImpl-2a90587d-8655-4e72-8ce6-1bf59b520396/datanode-0/data/ratis/e4083e02-8768-4cbf-b290-1c8420390690 has been successfully formatted.
2022-11-07 13:08:46,267 [pool-72-thread-1] INFO  ratis.ContainerStateMachine (ContainerStateMachine.java:loadSnapshot(236)) - group-1C8420390690: The snapshot info is null. Setting the last applied indexto:(t:0, i:~)
2022-11-07 13:08:46,267 [pool-72-thread-1] INFO  server.RaftServerConfigKeys (ConfUtils.java:logGet(46)) - raft.server.log.use.memory = false (default)
2022-11-07 13:08:46,267 [pool-72-thread-1] INFO  server.RaftServerConfigKeys (ConfUtils.java:logGet(46)) - raft.server.log.purge.gap = 1000000 (custom)
2022-11-07 13:08:46,269 [EventQueue-OpenPipelineForHealthyPipelineSafeModeRule] INFO  safemode.SCMSafeModeManager (HealthyPipelineSafeModeRule.java:process(137)) - SCM in safe mode. Healthy pipelines reported count is 0, required healthy pipeline reported count is 1
2022-11-07 13:08:46,271 [pool-72-thread-1] INFO  server.RaftServerConfigKeys (ConfUtils.java:logGet(46)) - raft.server.log.appender.buffer.byte-limit = 33554432 (custom)
2022-11-07 13:08:46,271 [pool-72-thread-1] INFO  server.RaftServerConfigKeys (ConfUtils.java:logGet(46)) - raft.server.log.statemachine.data.read.timeout = 1000ms (default)
2022-11-07 13:08:46,271 [pool-72-thread-1] INFO  server.RaftServerConfigKeys (ConfUtils.java:logGet(46)) - raft.server.log.purge.preservation.log.num = 0 (default)
2022-11-07 13:08:46,272 [pool-72-thread-1] INFO  server.RaftServerConfigKeys (ConfUtils.java:logGet(46)) - raft.server.log.segment.size.max = 1048576 (custom)
2022-11-07 13:08:46,274 [pool-72-thread-1] INFO  server.RaftServerConfigKeys (ConfUtils.java:logGet(46)) - raft.server.log.segment.cache.num.max = 2 (custom)
2022-11-07 13:08:46,274 [pool-72-thread-1] INFO  server.RaftServerConfigKeys (ConfUtils.java:logGet(46)) - raft.server.log.segment.cache.size.max = 200MB (=209715200) (default)
2022-11-07 13:08:46,274 [pool-72-thread-1] INFO  segmented.SegmentedRaftLogWorker (SegmentedRaftLogWorker.java:<init>(191)) - new 94086278-3489-4279-864e-1549830c8dca@group-1C8420390690-SegmentedRaftLogWorker for RaftStorageImpl:Storage Directory /home/runner/work/ozone/ozone/hadoop-ozone/integration-test/target/test-dir/MiniOzoneClusterImpl-2a90587d-8655-4e72-8ce6-1bf59b520396/datanode-0/data/ratis/e4083e02-8768-4cbf-b290-1c8420390690
2022-11-07 13:08:46,274 [pool-72-thread-1] INFO  server.RaftServerConfigKeys (ConfUtils.java:logGet(46)) - raft.server.log.queue.byte-limit = 4294967296 (custom)
2022-11-07 13:08:46,274 [pool-72-thread-1] INFO  server.RaftServerConfigKeys (ConfUtils.java:logGet(46)) - raft.server.log.queue.element-limit = 1024 (custom)
2022-11-07 13:08:46,274 [pool-72-thread-1] INFO  server.RaftServerConfigKeys (ConfUtils.java:logGet(46)) - raft.server.log.segment.size.max = 1048576 (custom)
2022-11-07 13:08:46,274 [pool-72-thread-1] INFO  server.RaftServerConfigKeys (ConfUtils.java:logGet(46)) - raft.server.log.preallocated.size = 16384 (custom)
2022-11-07 13:08:46,274 [pool-72-thread-1] INFO  server.RaftServerConfigKeys (ConfUtils.java:logGet(46)) - raft.server.log.force.sync.num = 128 (default)
2022-11-07 13:08:46,274 [pool-72-thread-1] INFO  server.RaftServerConfigKeys (ConfUtils.java:logGet(46)) - raft.server.log.statemachine.data.sync = true (default)
2022-11-07 13:08:46,275 [pool-72-thread-1] INFO  server.RaftServerConfigKeys (ConfUtils.java:logGet(46)) - raft.server.log.statemachine.data.sync.timeout = 10s (default)
2022-11-07 13:08:46,275 [pool-72-thread-1] INFO  server.RaftServerConfigKeys (ConfUtils.java:logGet(46)) - raft.server.log.statemachine.data.sync.timeout.retry = -1 (default)
2022-11-07 13:08:46,278 [pool-72-thread-1] INFO  server.RaftServerConfigKeys (ConfUtils.java:logGet(46)) - raft.server.log.write.buffer.size = 1048576 (custom)
2022-11-07 13:08:46,278 [pool-72-thread-1] INFO  server.RaftServerConfigKeys (ConfUtils.java:logGet(46)) - raft.server.log.unsafe-flush.enabled = false (default)
2022-11-07 13:08:46,279 [pool-72-thread-1] INFO  server.RaftServerConfigKeys (ConfUtils.java:logGet(46)) - raft.server.log.async-flush.enabled = false (default)
2022-11-07 13:08:46,279 [pool-72-thread-1] INFO  server.RaftServerConfigKeys (ConfUtils.java:logGet(46)) - raft.server.log.statemachine.data.caching.enabled = true (custom)
2022-11-07 13:08:46,279 [pool-72-thread-1] INFO  segmented.SegmentedRaftLogWorker (SegmentedRaftLogWorker.java:lambda$new$0(136)) - 94086278-3489-4279-864e-1549830c8dca@group-1C8420390690-SegmentedRaftLogWorker: flushIndex: setUnconditionally 0 -> -1
2022-11-07 13:08:46,279 [pool-72-thread-1] INFO  segmented.SegmentedRaftLogWorker (SegmentedRaftLogWorker.java:lambda$new$0(136)) - 94086278-3489-4279-864e-1549830c8dca@group-1C8420390690-SegmentedRaftLogWorker: safeCacheEvictIndex: setUnconditionally 0 -> -1
2022-11-07 13:08:46,279 [pool-72-thread-1] INFO  server.RaftServer$Division (RaftServerImpl.java:start(334)) - 94086278-3489-4279-864e-1549830c8dca@group-1C8420390690: start as a follower, conf=-1: peers:[f7350d57-8232-4853-9d4b-5861d033a2e4|rpc:10.1.0.171:40541|priority:0|startupRole:FOLLOWER, 94086278-3489-4279-864e-1549830c8dca|rpc:10.1.0.171:40247|priority:1|startupRole:FOLLOWER, b6bc655b-a75f-4a95-a86c-7969b7c6987b|rpc:10.1.0.171:37153|priority:0|startupRole:FOLLOWER]|listeners:[], old=null
2022-11-07 13:08:46,279 [pool-72-thread-1] INFO  server.RaftServer$Division (RaftServerImpl.java:setRole(321)) - 94086278-3489-4279-864e-1549830c8dca@group-1C8420390690: changes role from      null to FOLLOWER at term 0 for startAsFollower
2022-11-07 13:08:46,279 [pool-72-thread-1] INFO  impl.RoleInfo (RoleInfo.java:updateAndGet(139)) - 94086278-3489-4279-864e-1549830c8dca: start 94086278-3489-4279-864e-1549830c8dca@group-1C8420390690-FollowerState
2022-11-07 13:08:46,280 [pool-72-thread-1] INFO  util.JmxRegister (JmxRegister.java:tryRegister(44)) - Successfully registered JMX Bean with object name Ratis:service=RaftServer,group=group-1C8420390690,id=94086278-3489-4279-864e-1549830c8dca
2022-11-07 13:08:46,280 [pool-72-thread-1] INFO  server.RaftServerConfigKeys (ConfUtils.java:logGet(46)) - raft.server.snapshot.auto.trigger.enabled = true (custom)
2022-11-07 13:08:46,280 [pool-72-thread-1] INFO  server.RaftServerConfigKeys (ConfUtils.java:logGet(46)) - raft.server.snapshot.auto.trigger.threshold = 10000 (custom)
2022-11-07 13:08:46,280 [pool-72-thread-1] INFO  server.RaftServerConfigKeys (ConfUtils.java:logGet(46)) - raft.server.snapshot.retention.file.num = 5 (custom)
2022-11-07 13:08:46,280 [pool-72-thread-1] INFO  server.RaftServerConfigKeys (ConfUtils.java:logGet(46)) - raft.server.log.purge.upto.snapshot.index = false (default)
2022-11-07 13:08:46,281 [94086278-3489-4279-864e-1549830c8dca@group-1C8420390690-FollowerState] INFO  server.RaftServerConfigKeys (ConfUtils.java:logFallback(53)) - raft.server.rpc.first-election.timeout.min = 5s (fallback to raft.server.rpc.timeout.min)
2022-11-07 13:08:46,282 [94086278-3489-4279-864e-1549830c8dca@group-1C8420390690-FollowerState] INFO  server.RaftServerConfigKeys (ConfUtils.java:logFallback(53)) - raft.server.rpc.first-election.timeout.max = 5200ms (fallback to raft.server.rpc.timeout.max)
2022-11-07 13:08:46,286 [Command processor thread] INFO  ratis.XceiverServerRatis (XceiverServerRatis.java:addGroup(765)) - Created group PipelineID=e4083e02-8768-4cbf-b290-1c8420390690
2022-11-07 13:08:46,325 [Listener at 127.0.0.1/42403] INFO  ozone.MiniOzoneClusterImpl (MiniOzoneClusterImpl.java:lambda$waitForClusterToBeReady$0(216)) - Waiting for nodes to be ready. Got 7 of 10 DN Heartbeats.
2022-11-07 13:08:46,326 [Listener at 127.0.0.1/42403] INFO  ozone.MiniOzoneClusterImpl (MiniOzoneClusterImpl.java:lambda$waitForClusterToBeReady$0(219)) - Waiting for cluster to exit safe mode
2022-11-07 13:08:46,326 [Listener at 127.0.0.1/42403] INFO  ozone.MiniOzoneClusterImpl (MiniOzoneClusterImpl.java:lambda$waitForClusterToBeReady$0(221)) - SCM became leader
2022-11-07 13:08:46,474 [IPC Server handler 6 on default port 41185] INFO  net.NetworkTopologyImpl (NetworkTopologyImpl.java:add(112)) - Added a new node: /default-rack/1810f6e6-5580-46b0-b88d-9b5f15cbee6a
2022-11-07 13:08:46,474 [IPC Server handler 6 on default port 41185] INFO  node.SCMNodeManager (SCMNodeManager.java:register(397)) - Registered Data node : 1810f6e6-5580-46b0-b88d-9b5f15cbee6a{ip: 10.1.0.171, host: fv-az255-291.sbdzdnwsxtye1lzl1wgdhvzhwg.dx.internal.cloudapp.net, ports: [REPLICATION=43399, RATIS=37795, RATIS_ADMIN=37795, RATIS_SERVER=37795, STANDALONE=38201], networkLocation: /default-rack, certSerialId: null, persistedOpState: null, persistedOpStateExpiryEpochSec: 0}
2022-11-07 13:08:46,475 [EventQueue-NewNodeForNewNodeHandler] INFO  pipeline.BackgroundPipelineCreator (BackgroundPipelineCreator.java:notifyEventTriggered(276)) - trigger a one-shot run on RatisPipelineUtilsThread.
2022-11-07 13:08:46,476 [RatisPipelineUtilsThread - 0] INFO  pipeline.RatisPipelineProvider (RatisPipelineProvider.java:lambda$create$0(195)) - Sending CreatePipelineCommand for pipeline:PipelineID=b2c925c1-517d-4de9-aff2-bc4e8dec760a to datanode:1810f6e6-5580-46b0-b88d-9b5f15cbee6a
2022-11-07 13:08:46,477 [RatisPipelineUtilsThread - 0] INFO  pipeline.PipelineStateManagerImpl (PipelineStateManagerImpl.java:addPipeline(103)) - Created pipeline Pipeline[ Id: b2c925c1-517d-4de9-aff2-bc4e8dec760a, Nodes: 1810f6e6-5580-46b0-b88d-9b5f15cbee6a{ip: 10.1.0.171, host: fv-az255-291.sbdzdnwsxtye1lzl1wgdhvzhwg.dx.internal.cloudapp.net, ports: [REPLICATION=43399, RATIS=37795, RATIS_ADMIN=37795, RATIS_SERVER=37795, STANDALONE=38201], networkLocation: /default-rack, certSerialId: null, persistedOpState: IN_SERVICE, persistedOpStateExpiryEpochSec: 0}, ReplicationConfig: RATIS/ONE, State:ALLOCATED, leaderId:, CreationTimestamp2022-11-07T13:08:46.475Z[Etc/UTC]].
2022-11-07 13:08:46,814 [Command processor thread] INFO  server.RaftServer (RaftServerProxy.java:addNew(96)) - b6bc655b-a75f-4a95-a86c-7969b7c6987b: addNew group-6960E46847BC:[b6bc655b-a75f-4a95-a86c-7969b7c6987b|rpc:10.1.0.171:37153|priority:1|startupRole:FOLLOWER] returns group-6960E46847BC:java.util.concurrent.CompletableFuture@510d0a53[Not completed]
2022-11-07 13:08:46,816 [pool-95-thread-1] INFO  server.RaftServer$Division (RaftServerImpl.java:<init>(195)) - b6bc655b-a75f-4a95-a86c-7969b7c6987b: new RaftServerImpl for group-6960E46847BC:[b6bc655b-a75f-4a95-a86c-7969b7c6987b|rpc:10.1.0.171:37153|priority:1|startupRole:FOLLOWER] with ContainerStateMachine:uninitialized
2022-11-07 13:08:46,817 [pool-95-thread-1] INFO  server.RaftServerConfigKeys (ConfUtils.java:logGet(46)) - raft.server.rpc.timeout.min = 5s (custom)
2022-11-07 13:08:46,817 [pool-95-thread-1] INFO  server.RaftServerConfigKeys (ConfUtils.java:logGet(46)) - raft.server.rpc.timeout.max = 5200ms (custom)
2022-11-07 13:08:46,817 [pool-95-thread-1] INFO  server.RaftServerConfigKeys (ConfUtils.java:logGet(46)) - raft.server.rpc.sleep.time = 25ms (default)
2022-11-07 13:08:46,818 [pool-95-thread-1] INFO  server.RaftServerConfigKeys (ConfUtils.java:logGet(46)) - raft.server.rpc.slowness.timeout = 300s (custom)
2022-11-07 13:08:46,818 [pool-95-thread-1] INFO  server.RaftServerConfigKeys (ConfUtils.java:logGet(46)) - raft.server.leaderelection.leader.step-down.wait-time = 10s (default)
2022-11-07 13:08:46,818 [pool-95-thread-1] INFO  server.RaftServerConfigKeys (ConfUtils.java:logGet(46)) - raft.server.sleep.deviation.threshold = 300ms (default)
2022-11-07 13:08:46,818 [pool-95-thread-1] INFO  server.RaftServer$Division (ServerState.java:<init>(118)) - b6bc655b-a75f-4a95-a86c-7969b7c6987b@group-6960E46847BC: ConfigurationManager, init=-1: peers:[b6bc655b-a75f-4a95-a86c-7969b7c6987b|rpc:10.1.0.171:37153|priority:1|startupRole:FOLLOWER]|listeners:[], old=null, confs=<EMPTY_MAP>
2022-11-07 13:08:46,818 [pool-95-thread-1] INFO  server.RaftServerConfigKeys (ConfUtils.java:logGet(46)) - raft.server.storage.dir = [/home/runner/work/ozone/ozone/hadoop-ozone/integration-test/target/test-dir/MiniOzoneClusterImpl-2a90587d-8655-4e72-8ce6-1bf59b520396/datanode-1/data/ratis] (custom)
2022-11-07 13:08:46,818 [pool-95-thread-1] INFO  server.RaftServerConfigKeys (ConfUtils.java:logGet(46)) - raft.server.log.corruption.policy = EXCEPTION (default)
2022-11-07 13:08:46,818 [pool-95-thread-1] INFO  server.RaftServerConfigKeys (ConfUtils.java:logGet(46)) - raft.server.storage.free-space.min = 0MB (=0) (default)
2022-11-07 13:08:46,819 [pool-95-thread-1] INFO  server.RaftServerConfigKeys (ConfUtils.java:logGet(46)) - raft.server.notification.no-leader.timeout = 300s (custom)
2022-11-07 13:08:46,819 [pool-95-thread-1] INFO  server.RaftServerConfigKeys (ConfUtils.java:logGet(46)) - raft.server.retrycache.expirytime = 600000ms (custom)
2022-11-07 13:08:46,819 [pool-95-thread-1] INFO  server.RaftServerConfigKeys (ConfUtils.java:logGet(46)) - raft.server.retrycache.statistics.expirytime = 100μs (default)
2022-11-07 13:08:46,823 [pool-95-thread-1] INFO  server.RaftServerConfigKeys (ConfUtils.java:logGet(46)) - raft.server.log.appender.install.snapshot.enabled = false (custom)
2022-11-07 13:08:46,823 [pool-95-thread-1] INFO  server.RaftServerConfigKeys (ConfUtils.java:logGet(46)) - raft.server.threadpool.server.cached = true (default)
2022-11-07 13:08:46,823 [pool-95-thread-1] INFO  server.RaftServerConfigKeys (ConfUtils.java:logGet(46)) - raft.server.threadpool.server.size = 0 (default)
2022-11-07 13:08:46,823 [pool-95-thread-1] INFO  server.RaftServerConfigKeys (ConfUtils.java:logGet(46)) - raft.server.threadpool.client.cached = true (default)
2022-11-07 13:08:46,823 [pool-95-thread-1] INFO  server.RaftServerConfigKeys (ConfUtils.java:logGet(46)) - raft.server.threadpool.client.size = 0 (default)
2022-11-07 13:08:46,823 [pool-95-thread-1] INFO  storage.RaftStorageDirectory (RaftStorageDirectoryImpl.java:analyzeStorage(137)) - The storage directory /home/runner/work/ozone/ozone/hadoop-ozone/integration-test/target/test-dir/MiniOzoneClusterImpl-2a90587d-8655-4e72-8ce6-1bf59b520396/datanode-1/data/ratis/bb321332-182a-4893-b73f-6960e46847bc does not exist. Creating ...
2022-11-07 13:08:46,825 [pool-95-thread-1] INFO  storage.RaftStorageDirectory (RaftStorageDirectoryImpl.java:tryLock(231)) - Lock on /home/runner/work/ozone/ozone/hadoop-ozone/integration-test/target/test-dir/MiniOzoneClusterImpl-2a90587d-8655-4e72-8ce6-1bf59b520396/datanode-1/data/ratis/bb321332-182a-4893-b73f-6960e46847bc/in_use.lock acquired by nodename 14802@fv-az255-291
2022-11-07 13:08:46,827 [pool-95-thread-1] INFO  storage.RaftStorage (RaftStorageImpl.java:format(96)) - Storage directory /home/runner/work/ozone/ozone/hadoop-ozone/integration-test/target/test-dir/MiniOzoneClusterImpl-2a90587d-8655-4e72-8ce6-1bf59b520396/datanode-1/data/ratis/bb321332-182a-4893-b73f-6960e46847bc has been successfully formatted.
2022-11-07 13:08:46,831 [pool-95-thread-1] INFO  ratis.ContainerStateMachine (ContainerStateMachine.java:loadSnapshot(236)) - group-6960E46847BC: The snapshot info is null. Setting the last applied indexto:(t:0, i:~)
2022-11-07 13:08:46,836 [pool-95-thread-1] INFO  server.RaftServerConfigKeys (ConfUtils.java:logGet(46)) - raft.server.log.use.memory = false (default)
2022-11-07 13:08:46,836 [pool-95-thread-1] INFO  server.RaftServerConfigKeys (ConfUtils.java:logGet(46)) - raft.server.log.purge.gap = 1000000 (custom)
2022-11-07 13:08:46,836 [pool-95-thread-1] INFO  server.RaftServerConfigKeys (ConfUtils.java:logGet(46)) - raft.server.log.appender.buffer.byte-limit = 33554432 (custom)
2022-11-07 13:08:46,836 [pool-95-thread-1] INFO  server.RaftServerConfigKeys (ConfUtils.java:logGet(46)) - raft.server.log.statemachine.data.read.timeout = 1000ms (default)
2022-11-07 13:08:46,836 [pool-95-thread-1] INFO  server.RaftServerConfigKeys (ConfUtils.java:logGet(46)) - raft.server.log.purge.preservation.log.num = 0 (default)
2022-11-07 13:08:46,837 [pool-95-thread-1] INFO  server.RaftServerConfigKeys (ConfUtils.java:logGet(46)) - raft.server.log.segment.size.max = 1048576 (custom)
2022-11-07 13:08:46,837 [EventQueue-PipelineReportForPipelineReportHandler] INFO  pipeline.PipelineManagerImpl (PipelineManagerImpl.java:openPipeline(367)) - Pipeline Pipeline[ Id: bb321332-182a-4893-b73f-6960e46847bc, Nodes: b6bc655b-a75f-4a95-a86c-7969b7c6987b{ip: 10.1.0.171, host: fv-az255-291.sbdzdnwsxtye1lzl1wgdhvzhwg.dx.internal.cloudapp.net, ports: [REPLICATION=43689, RATIS=37153, RATIS_ADMIN=37153, RATIS_SERVER=37153, STANDALONE=43049], networkLocation: /default-rack, certSerialId: null, persistedOpState: IN_SERVICE, persistedOpStateExpiryEpochSec: 0}, ReplicationConfig: RATIS/ONE, State:ALLOCATED, leaderId:b6bc655b-a75f-4a95-a86c-7969b7c6987b, CreationTimestamp2022-11-07T13:08:43.817Z[Etc/UTC]] moved to OPEN state
2022-11-07 13:08:46,838 [pool-95-thread-1] INFO  server.RaftServerConfigKeys (ConfUtils.java:logGet(46)) - raft.server.log.segment.cache.num.max = 2 (custom)
2022-11-07 13:08:46,838 [pool-95-thread-1] INFO  server.RaftServerConfigKeys (ConfUtils.java:logGet(46)) - raft.server.log.segment.cache.size.max = 200MB (=209715200) (default)
2022-11-07 13:08:46,838 [EventQueue-OpenPipelineForHealthyPipelineSafeModeRule] INFO  safemode.SCMSafeModeManager (HealthyPipelineSafeModeRule.java:process(137)) - SCM in safe mode. Healthy pipelines reported count is 0, required healthy pipeline reported count is 1
2022-11-07 13:08:46,838 [pool-95-thread-1] INFO  segmented.SegmentedRaftLogWorker (SegmentedRaftLogWorker.java:<init>(191)) - new b6bc655b-a75f-4a95-a86c-7969b7c6987b@group-6960E46847BC-SegmentedRaftLogWorker for RaftStorageImpl:Storage Directory /home/runner/work/ozone/ozone/hadoop-ozone/integration-test/target/test-dir/MiniOzoneClusterImpl-2a90587d-8655-4e72-8ce6-1bf59b520396/datanode-1/data/ratis/bb321332-182a-4893-b73f-6960e46847bc
2022-11-07 13:08:46,839 [pool-95-thread-1] INFO  server.RaftServerConfigKeys (ConfUtils.java:logGet(46)) - raft.server.log.queue.byte-limit = 4294967296 (custom)
2022-11-07 13:08:46,839 [pool-95-thread-1] INFO  server.RaftServerConfigKeys (ConfUtils.java:logGet(46)) - raft.server.log.queue.element-limit = 1024 (custom)
2022-11-07 13:08:46,839 [pool-95-thread-1] INFO  server.RaftServerConfigKeys (ConfUtils.java:logGet(46)) - raft.server.log.segment.size.max = 1048576 (custom)
2022-11-07 13:08:46,839 [pool-95-thread-1] INFO  server.RaftServerConfigKeys (ConfUtils.java:logGet(46)) - raft.server.log.preallocated.size = 16384 (custom)
2022-11-07 13:08:46,839 [pool-95-thread-1] INFO  server.RaftServerConfigKeys (ConfUtils.java:logGet(46)) - raft.server.log.force.sync.num = 128 (default)
2022-11-07 13:08:46,839 [pool-95-thread-1] INFO  server.RaftServerConfigKeys (ConfUtils.java:logGet(46)) - raft.server.log.statemachine.data.sync = true (default)
2022-11-07 13:08:46,840 [pool-95-thread-1] INFO  server.RaftServerConfigKeys (ConfUtils.java:logGet(46)) - raft.server.log.statemachine.data.sync.timeout = 10s (default)
2022-11-07 13:08:46,840 [pool-95-thread-1] INFO  server.RaftServerConfigKeys (ConfUtils.java:logGet(46)) - raft.server.log.statemachine.data.sync.timeout.retry = -1 (default)
2022-11-07 13:08:46,842 [pool-95-thread-1] INFO  server.RaftServerConfigKeys (ConfUtils.java:logGet(46)) - raft.server.log.write.buffer.size = 1048576 (custom)
2022-11-07 13:08:46,843 [pool-95-thread-1] INFO  server.RaftServerConfigKeys (ConfUtils.java:logGet(46)) - raft.server.log.unsafe-flush.enabled = false (default)
2022-11-07 13:08:46,843 [pool-95-thread-1] INFO  server.RaftServerConfigKeys (ConfUtils.java:logGet(46)) - raft.server.log.async-flush.enabled = false (default)
2022-11-07 13:08:46,843 [pool-95-thread-1] INFO  server.RaftServerConfigKeys (ConfUtils.java:logGet(46)) - raft.server.log.statemachine.data.caching.enabled = true (custom)
2022-11-07 13:08:46,843 [pool-95-thread-1] INFO  segmented.SegmentedRaftLogWorker (SegmentedRaftLogWorker.java:lambda$new$0(136)) - b6bc655b-a75f-4a95-a86c-7969b7c6987b@group-6960E46847BC-SegmentedRaftLogWorker: flushIndex: setUnconditionally 0 -> -1
2022-11-07 13:08:46,843 [pool-95-thread-1] INFO  segmented.SegmentedRaftLogWorker (SegmentedRaftLogWorker.java:lambda$new$0(136)) - b6bc655b-a75f-4a95-a86c-7969b7c6987b@group-6960E46847BC-SegmentedRaftLogWorker: safeCacheEvictIndex: setUnconditionally 0 -> -1
2022-11-07 13:08:46,844 [pool-95-thread-1] INFO  server.RaftServer$Division (RaftServerImpl.java:start(334)) - b6bc655b-a75f-4a95-a86c-7969b7c6987b@group-6960E46847BC: start as a follower, conf=-1: peers:[b6bc655b-a75f-4a95-a86c-7969b7c6987b|rpc:10.1.0.171:37153|priority:1|startupRole:FOLLOWER]|listeners:[], old=null
2022-11-07 13:08:46,844 [pool-95-thread-1] INFO  server.RaftServer$Division (RaftServerImpl.java:setRole(321)) - b6bc655b-a75f-4a95-a86c-7969b7c6987b@group-6960E46847BC: changes role from      null to FOLLOWER at term 0 for startAsFollower
2022-11-07 13:08:46,844 [pool-95-thread-1] INFO  impl.RoleInfo (RoleInfo.java:updateAndGet(139)) - b6bc655b-a75f-4a95-a86c-7969b7c6987b: start b6bc655b-a75f-4a95-a86c-7969b7c6987b@group-6960E46847BC-FollowerState
2022-11-07 13:08:46,844 [pool-95-thread-1] INFO  util.JmxRegister (JmxRegister.java:tryRegister(44)) - Successfully registered JMX Bean with object name Ratis:service=RaftServer,group=group-6960E46847BC,id=b6bc655b-a75f-4a95-a86c-7969b7c6987b
2022-11-07 13:08:46,851 [pool-95-thread-1] INFO  server.RaftServerConfigKeys (ConfUtils.java:logGet(46)) - raft.server.snapshot.auto.trigger.enabled = true (custom)
2022-11-07 13:08:46,851 [b6bc655b-a75f-4a95-a86c-7969b7c6987b@group-6960E46847BC-FollowerState] INFO  server.RaftServerConfigKeys (ConfUtils.java:logFallback(53)) - raft.server.rpc.first-election.timeout.min = 5s (fallback to raft.server.rpc.timeout.min)
2022-11-07 13:08:46,851 [pool-95-thread-1] INFO  server.RaftServerConfigKeys (ConfUtils.java:logGet(46)) - raft.server.snapshot.auto.trigger.threshold = 10000 (custom)
2022-11-07 13:08:46,852 [pool-95-thread-1] INFO  server.RaftServerConfigKeys (ConfUtils.java:logGet(46)) - raft.server.snapshot.retention.file.num = 5 (custom)
2022-11-07 13:08:46,852 [pool-95-thread-1] INFO  server.RaftServerConfigKeys (ConfUtils.java:logGet(46)) - raft.server.log.purge.upto.snapshot.index = false (default)
2022-11-07 13:08:46,853 [Command processor thread] INFO  ratis.XceiverServerRatis (XceiverServerRatis.java:addGroup(765)) - Created group PipelineID=bb321332-182a-4893-b73f-6960e46847bc
2022-11-07 13:08:46,853 [Command processor thread] INFO  commandhandler.CreatePipelineCommandHandler (CreatePipelineCommandHandler.java:handle(113)) - Created Pipeline RATIS ONE PipelineID=bb321332-182a-4893-b73f-6960e46847bc.
2022-11-07 13:08:46,860 [Command processor thread] INFO  server.RaftServer (RaftServerProxy.java:addNew(96)) - b6bc655b-a75f-4a95-a86c-7969b7c6987b: addNew group-1C8420390690:[f7350d57-8232-4853-9d4b-5861d033a2e4|rpc:10.1.0.171:40541|priority:0|startupRole:FOLLOWER, 94086278-3489-4279-864e-1549830c8dca|rpc:10.1.0.171:40247|priority:1|startupRole:FOLLOWER, b6bc655b-a75f-4a95-a86c-7969b7c6987b|rpc:10.1.0.171:37153|priority:0|startupRole:FOLLOWER] returns group-1C8420390690:java.util.concurrent.CompletableFuture@553284aa[Not completed]
2022-11-07 13:08:46,861 [pool-95-thread-1] INFO  server.RaftServer$Division (RaftServerImpl.java:<init>(195)) - b6bc655b-a75f-4a95-a86c-7969b7c6987b: new RaftServerImpl for group-1C8420390690:[f7350d57-8232-4853-9d4b-5861d033a2e4|rpc:10.1.0.171:40541|priority:0|startupRole:FOLLOWER, 94086278-3489-4279-864e-1549830c8dca|rpc:10.1.0.171:40247|priority:1|startupRole:FOLLOWER, b6bc655b-a75f-4a95-a86c-7969b7c6987b|rpc:10.1.0.171:37153|priority:0|startupRole:FOLLOWER] with ContainerStateMachine:uninitialized
2022-11-07 13:08:46,861 [pool-95-thread-1] INFO  server.RaftServerConfigKeys (ConfUtils.java:logGet(46)) - raft.server.rpc.timeout.min = 5s (custom)
2022-11-07 13:08:46,861 [pool-95-thread-1] INFO  server.RaftServerConfigKeys (ConfUtils.java:logGet(46)) - raft.server.rpc.timeout.max = 5200ms (custom)
2022-11-07 13:08:46,861 [pool-95-thread-1] INFO  server.RaftServerConfigKeys (ConfUtils.java:logGet(46)) - raft.server.rpc.sleep.time = 25ms (default)
2022-11-07 13:08:46,861 [pool-95-thread-1] INFO  server.RaftServerConfigKeys (ConfUtils.java:logGet(46)) - raft.server.rpc.slowness.timeout = 300s (custom)
2022-11-07 13:08:46,861 [pool-95-thread-1] INFO  server.RaftServerConfigKeys (ConfUtils.java:logGet(46)) - raft.server.leaderelection.leader.step-down.wait-time = 10s (default)
2022-11-07 13:08:46,861 [pool-95-thread-1] INFO  server.RaftServerConfigKeys (ConfUtils.java:logGet(46)) - raft.server.sleep.deviation.threshold = 300ms (default)
2022-11-07 13:08:46,862 [pool-95-thread-1] INFO  server.RaftServer$Division (ServerState.java:<init>(118)) - b6bc655b-a75f-4a95-a86c-7969b7c6987b@group-1C8420390690: ConfigurationManager, init=-1: peers:[f7350d57-8232-4853-9d4b-5861d033a2e4|rpc:10.1.0.171:40541|priority:0|startupRole:FOLLOWER, 94086278-3489-4279-864e-1549830c8dca|rpc:10.1.0.171:40247|priority:1|startupRole:FOLLOWER, b6bc655b-a75f-4a95-a86c-7969b7c6987b|rpc:10.1.0.171:37153|priority:0|startupRole:FOLLOWER]|listeners:[], old=null, confs=<EMPTY_MAP>
2022-11-07 13:08:46,862 [pool-95-thread-1] INFO  server.RaftServerConfigKeys (ConfUtils.java:logGet(46)) - raft.server.storage.dir = [/home/runner/work/ozone/ozone/hadoop-ozone/integration-test/target/test-dir/MiniOzoneClusterImpl-2a90587d-8655-4e72-8ce6-1bf59b520396/datanode-1/data/ratis] (custom)
2022-11-07 13:08:46,862 [pool-95-thread-1] INFO  server.RaftServerConfigKeys (ConfUtils.java:logGet(46)) - raft.server.log.corruption.policy = EXCEPTION (default)
2022-11-07 13:08:46,862 [pool-95-thread-1] INFO  server.RaftServerConfigKeys (ConfUtils.java:logGet(46)) - raft.server.storage.free-space.min = 0MB (=0) (default)
2022-11-07 13:08:46,862 [pool-95-thread-1] INFO  server.RaftServerConfigKeys (ConfUtils.java:logGet(46)) - raft.server.notification.no-leader.timeout = 300s (custom)
2022-11-07 13:08:46,862 [pool-95-thread-1] INFO  server.RaftServerConfigKeys (ConfUtils.java:logGet(46)) - raft.server.retrycache.expirytime = 600000ms (custom)
2022-11-07 13:08:46,862 [pool-95-thread-1] INFO  server.RaftServerConfigKeys (ConfUtils.java:logGet(46)) - raft.server.retrycache.statistics.expirytime = 100μs (default)
2022-11-07 13:08:46,866 [pool-95-thread-1] INFO  server.RaftServerConfigKeys (ConfUtils.java:logGet(46)) - raft.server.log.appender.install.snapshot.enabled = false (custom)
2022-11-07 13:08:46,866 [pool-95-thread-1] INFO  server.RaftServerConfigKeys (ConfUtils.java:logGet(46)) - raft.server.threadpool.server.cached = true (default)
2022-11-07 13:08:46,866 [pool-95-thread-1] INFO  server.RaftServerConfigKeys (ConfUtils.java:logGet(46)) - raft.server.threadpool.server.size = 0 (default)
2022-11-07 13:08:46,866 [pool-95-thread-1] INFO  server.RaftServerConfigKeys (ConfUtils.java:logGet(46)) - raft.server.threadpool.client.cached = true (default)
2022-11-07 13:08:46,866 [pool-95-thread-1] INFO  server.RaftServerConfigKeys (ConfUtils.java:logGet(46)) - raft.server.threadpool.client.size = 0 (default)
2022-11-07 13:08:46,866 [pool-95-thread-1] INFO  storage.RaftStorageDirectory (RaftStorageDirectoryImpl.java:analyzeStorage(137)) - The storage directory /home/runner/work/ozone/ozone/hadoop-ozone/integration-test/target/test-dir/MiniOzoneClusterImpl-2a90587d-8655-4e72-8ce6-1bf59b520396/datanode-1/data/ratis/e4083e02-8768-4cbf-b290-1c8420390690 does not exist. Creating ...
2022-11-07 13:08:46,866 [b6bc655b-a75f-4a95-a86c-7969b7c6987b@group-6960E46847BC-FollowerState] INFO  server.RaftServerConfigKeys (ConfUtils.java:logFallback(53)) - raft.server.rpc.first-election.timeout.max = 5200ms (fallback to raft.server.rpc.timeout.max)
2022-11-07 13:08:46,874 [pool-95-thread-1] INFO  storage.RaftStorageDirectory (RaftStorageDirectoryImpl.java:tryLock(231)) - Lock on /home/runner/work/ozone/ozone/hadoop-ozone/integration-test/target/test-dir/MiniOzoneClusterImpl-2a90587d-8655-4e72-8ce6-1bf59b520396/datanode-1/data/ratis/e4083e02-8768-4cbf-b290-1c8420390690/in_use.lock acquired by nodename 14802@fv-az255-291
2022-11-07 13:08:46,879 [pool-95-thread-1] INFO  storage.RaftStorage (RaftStorageImpl.java:format(96)) - Storage directory /home/runner/work/ozone/ozone/hadoop-ozone/integration-test/target/test-dir/MiniOzoneClusterImpl-2a90587d-8655-4e72-8ce6-1bf59b520396/datanode-1/data/ratis/e4083e02-8768-4cbf-b290-1c8420390690 has been successfully formatted.
2022-11-07 13:08:46,881 [pool-95-thread-1] INFO  ratis.ContainerStateMachine (ContainerStateMachine.java:loadSnapshot(236)) - group-1C8420390690: The snapshot info is null. Setting the last applied indexto:(t:0, i:~)
2022-11-07 13:08:46,881 [pool-95-thread-1] INFO  server.RaftServerConfigKeys (ConfUtils.java:logGet(46)) - raft.server.log.use.memory = false (default)
2022-11-07 13:08:46,881 [pool-95-thread-1] INFO  server.RaftServerConfigKeys (ConfUtils.java:logGet(46)) - raft.server.log.purge.gap = 1000000 (custom)
2022-11-07 13:08:46,881 [pool-95-thread-1] INFO  server.RaftServerConfigKeys (ConfUtils.java:logGet(46)) - raft.server.log.appender.buffer.byte-limit = 33554432 (custom)
2022-11-07 13:08:46,881 [pool-95-thread-1] INFO  server.RaftServerConfigKeys (ConfUtils.java:logGet(46)) - raft.server.log.statemachine.data.read.timeout = 1000ms (default)
2022-11-07 13:08:46,881 [pool-95-thread-1] INFO  server.RaftServerConfigKeys (ConfUtils.java:logGet(46)) - raft.server.log.purge.preservation.log.num = 0 (default)
2022-11-07 13:08:46,882 [pool-95-thread-1] INFO  server.RaftServerConfigKeys (ConfUtils.java:logGet(46)) - raft.server.log.segment.size.max = 1048576 (custom)
2022-11-07 13:08:46,885 [pool-95-thread-1] INFO  server.RaftServerConfigKeys (ConfUtils.java:logGet(46)) - raft.server.log.segment.cache.num.max = 2 (custom)
2022-11-07 13:08:46,885 [pool-95-thread-1] INFO  server.RaftServerConfigKeys (ConfUtils.java:logGet(46)) - raft.server.log.segment.cache.size.max = 200MB (=209715200) (default)
2022-11-07 13:08:46,885 [pool-95-thread-1] INFO  segmented.SegmentedRaftLogWorker (SegmentedRaftLogWorker.java:<init>(191)) - new b6bc655b-a75f-4a95-a86c-7969b7c6987b@group-1C8420390690-SegmentedRaftLogWorker for RaftStorageImpl:Storage Directory /home/runner/work/ozone/ozone/hadoop-ozone/integration-test/target/test-dir/MiniOzoneClusterImpl-2a90587d-8655-4e72-8ce6-1bf59b520396/datanode-1/data/ratis/e4083e02-8768-4cbf-b290-1c8420390690
2022-11-07 13:08:46,885 [pool-95-thread-1] INFO  server.RaftServerConfigKeys (ConfUtils.java:logGet(46)) - raft.server.log.queue.byte-limit = 4294967296 (custom)
2022-11-07 13:08:46,885 [pool-95-thread-1] INFO  server.RaftServerConfigKeys (ConfUtils.java:logGet(46)) - raft.server.log.queue.element-limit = 1024 (custom)
2022-11-07 13:08:46,885 [pool-95-thread-1] INFO  server.RaftServerConfigKeys (ConfUtils.java:logGet(46)) - raft.server.log.segment.size.max = 1048576 (custom)
2022-11-07 13:08:46,885 [pool-95-thread-1] INFO  server.RaftServerConfigKeys (ConfUtils.java:logGet(46)) - raft.server.log.preallocated.size = 16384 (custom)
2022-11-07 13:08:46,886 [pool-95-thread-1] INFO  server.RaftServerConfigKeys (ConfUtils.java:logGet(46)) - raft.server.log.force.sync.num = 128 (default)
2022-11-07 13:08:46,886 [pool-95-thread-1] INFO  server.RaftServerConfigKeys (ConfUtils.java:logGet(46)) - raft.server.log.statemachine.data.sync = true (default)
2022-11-07 13:08:46,886 [pool-95-thread-1] INFO  server.RaftServerConfigKeys (ConfUtils.java:logGet(46)) - raft.server.log.statemachine.data.sync.timeout = 10s (default)
2022-11-07 13:08:46,886 [pool-95-thread-1] INFO  server.RaftServerConfigKeys (ConfUtils.java:logGet(46)) - raft.server.log.statemachine.data.sync.timeout.retry = -1 (default)
2022-11-07 13:08:46,886 [EventQueue-OpenPipelineForHealthyPipelineSafeModeRule] INFO  safemode.SCMSafeModeManager (HealthyPipelineSafeModeRule.java:process(137)) - SCM in safe mode. Healthy pipelines reported count is 0, required healthy pipeline reported count is 1
2022-11-07 13:08:46,889 [IPC Server handler 11 on default port 41185] INFO  net.NetworkTopologyImpl (NetworkTopologyImpl.java:add(112)) - Added a new node: /default-rack/8bab8527-0d32-4ef2-9c82-248b5a5867bf
2022-11-07 13:08:46,889 [IPC Server handler 11 on default port 41185] INFO  node.SCMNodeManager (SCMNodeManager.java:register(397)) - Registered Data node : 8bab8527-0d32-4ef2-9c82-248b5a5867bf{ip: 10.1.0.171, host: fv-az255-291.sbdzdnwsxtye1lzl1wgdhvzhwg.dx.internal.cloudapp.net, ports: [REPLICATION=39049, RATIS=42469, RATIS_ADMIN=42469, RATIS_SERVER=42469, STANDALONE=36367], networkLocation: /default-rack, certSerialId: null, persistedOpState: null, persistedOpStateExpiryEpochSec: 0}
2022-11-07 13:08:46,889 [EventQueue-NewNodeForNewNodeHandler] INFO  pipeline.BackgroundPipelineCreator (BackgroundPipelineCreator.java:notifyEventTriggered(276)) - trigger a one-shot run on RatisPipelineUtilsThread.
2022-11-07 13:08:46,890 [RatisPipelineUtilsThread - 0] INFO  pipeline.RatisPipelineProvider (RatisPipelineProvider.java:lambda$create$0(195)) - Sending CreatePipelineCommand for pipeline:PipelineID=3ed164d9-4e34-47e9-b0ce-b2cb90d6e01f to datanode:8bab8527-0d32-4ef2-9c82-248b5a5867bf
2022-11-07 13:08:46,891 [RatisPipelineUtilsThread - 0] INFO  pipeline.PipelineStateManagerImpl (PipelineStateManagerImpl.java:addPipeline(103)) - Created pipeline Pipeline[ Id: 3ed164d9-4e34-47e9-b0ce-b2cb90d6e01f, Nodes: 8bab8527-0d32-4ef2-9c82-248b5a5867bf{ip: 10.1.0.171, host: fv-az255-291.sbdzdnwsxtye1lzl1wgdhvzhwg.dx.internal.cloudapp.net, ports: [REPLICATION=39049, RATIS=42469, RATIS_ADMIN=42469, RATIS_SERVER=42469, STANDALONE=36367], networkLocation: /default-rack, certSerialId: null, persistedOpState: IN_SERVICE, persistedOpStateExpiryEpochSec: 0}, ReplicationConfig: RATIS/ONE, State:ALLOCATED, leaderId:, CreationTimestamp2022-11-07T13:08:46.890Z[Etc/UTC]].
2022-11-07 13:08:46,892 [RatisPipelineUtilsThread - 0] INFO  pipeline.RatisPipelineProvider (RatisPipelineProvider.java:lambda$create$0(195)) - Sending CreatePipelineCommand for pipeline:PipelineID=75bfd763-660f-4794-893b-65cf6ac154c0 to datanode:1810f6e6-5580-46b0-b88d-9b5f15cbee6a
2022-11-07 13:08:46,892 [RatisPipelineUtilsThread - 0] INFO  pipeline.RatisPipelineProvider (RatisPipelineProvider.java:lambda$create$0(195)) - Sending CreatePipelineCommand for pipeline:PipelineID=75bfd763-660f-4794-893b-65cf6ac154c0 to datanode:8bab8527-0d32-4ef2-9c82-248b5a5867bf
2022-11-07 13:08:46,892 [RatisPipelineUtilsThread - 0] INFO  pipeline.RatisPipelineProvider (RatisPipelineProvider.java:lambda$create$0(195)) - Sending CreatePipelineCommand for pipeline:PipelineID=75bfd763-660f-4794-893b-65cf6ac154c0 to datanode:a8ad72fe-b4a4-4d4d-9a7f-b9692428a970
2022-11-07 13:08:46,893 [RatisPipelineUtilsThread - 0] INFO  pipeline.PipelineStateManagerImpl (PipelineStateManagerImpl.java:addPipeline(103)) - Created pipeline Pipeline[ Id: 75bfd763-660f-4794-893b-65cf6ac154c0, Nodes: 1810f6e6-5580-46b0-b88d-9b5f15cbee6a{ip: 10.1.0.171, host: fv-az255-291.sbdzdnwsxtye1lzl1wgdhvzhwg.dx.internal.cloudapp.net, ports: [REPLICATION=43399, RATIS=37795, RATIS_ADMIN=37795, RATIS_SERVER=37795, STANDALONE=38201], networkLocation: /default-rack, certSerialId: null, persistedOpState: IN_SERVICE, persistedOpStateExpiryEpochSec: 0}8bab8527-0d32-4ef2-9c82-248b5a5867bf{ip: 10.1.0.171, host: fv-az255-291.sbdzdnwsxtye1lzl1wgdhvzhwg.dx.internal.cloudapp.net, ports: [REPLICATION=39049, RATIS=42469, RATIS_ADMIN=42469, RATIS_SERVER=42469, STANDALONE=36367], networkLocation: /default-rack, certSerialId: null, persistedOpState: IN_SERVICE, persistedOpStateExpiryEpochSec: 0}a8ad72fe-b4a4-4d4d-9a7f-b9692428a970{ip: 10.1.0.171, host: fv-az255-291.sbdzdnwsxtye1lzl1wgdhvzhwg.dx.internal.cloudapp.net, ports: [REPLICATION=43581, RATIS=39375, RATIS_ADMIN=39375, RATIS_SERVER=39375, STANDALONE=41719], networkLocation: /default-rack, certSerialId: null, persistedOpState: IN_SERVICE, persistedOpStateExpiryEpochSec: 0}, ReplicationConfig: RATIS/THREE, State:ALLOCATED, leaderId:, CreationTimestamp2022-11-07T13:08:46.892Z[Etc/UTC]].
2022-11-07 13:08:46,894 [RatisPipelineUtilsThread - 0] INFO  pipeline.RatisPipelineProvider (RatisPipelineProvider.java:lambda$create$0(195)) - Sending CreatePipelineCommand for pipeline:PipelineID=f1880885-540f-49c6-8261-bf7e77d1b3e1 to datanode:1810f6e6-5580-46b0-b88d-9b5f15cbee6a
2022-11-07 13:08:46,894 [RatisPipelineUtilsThread - 0] INFO  pipeline.RatisPipelineProvider (RatisPipelineProvider.java:lambda$create$0(195)) - Sending CreatePipelineCommand for pipeline:PipelineID=f1880885-540f-49c6-8261-bf7e77d1b3e1 to datanode:a8ad72fe-b4a4-4d4d-9a7f-b9692428a970
2022-11-07 13:08:46,894 [RatisPipelineUtilsThread - 0] INFO  pipeline.RatisPipelineProvider (RatisPipelineProvider.java:lambda$create$0(195)) - Sending CreatePipelineCommand for pipeline:PipelineID=f1880885-540f-49c6-8261-bf7e77d1b3e1 to datanode:8bab8527-0d32-4ef2-9c82-248b5a5867bf
2022-11-07 13:08:46,895 [RatisPipelineUtilsThread - 0] INFO  pipeline.PipelineStateManagerImpl (PipelineStateManagerImpl.java:addPipeline(103)) - Created pipeline Pipeline[ Id: f1880885-540f-49c6-8261-bf7e77d1b3e1, Nodes: 1810f6e6-5580-46b0-b88d-9b5f15cbee6a{ip: 10.1.0.171, host: fv-az255-291.sbdzdnwsxtye1lzl1wgdhvzhwg.dx.internal.cloudapp.net, ports: [REPLICATION=43399, RATIS=37795, RATIS_ADMIN=37795, RATIS_SERVER=37795, STANDALONE=38201], networkLocation: /default-rack, certSerialId: null, persistedOpState: IN_SERVICE, persistedOpStateExpiryEpochSec: 0}a8ad72fe-b4a4-4d4d-9a7f-b9692428a970{ip: 10.1.0.171, host: fv-az255-291.sbdzdnwsxtye1lzl1wgdhvzhwg.dx.internal.cloudapp.net, ports: [REPLICATION=43581, RATIS=39375, RATIS_ADMIN=39375, RATIS_SERVER=39375, STANDALONE=41719], networkLocation: /default-rack, certSerialId: null, persistedOpState: IN_SERVICE, persistedOpStateExpiryEpochSec: 0}8bab8527-0d32-4ef2-9c82-248b5a5867bf{ip: 10.1.0.171, host: fv-az255-291.sbdzdnwsxtye1lzl1wgdhvzhwg.dx.internal.cloudapp.net, ports: [REPLICATION=39049, RATIS=42469, RATIS_ADMIN=42469, RATIS_SERVER=42469, STANDALONE=36367], networkLocation: /default-rack, certSerialId: null, persistedOpState: IN_SERVICE, persistedOpStateExpiryEpochSec: 0}, ReplicationConfig: RATIS/THREE, State:ALLOCATED, leaderId:, CreationTimestamp2022-11-07T13:08:46.894Z[Etc/UTC]].
2022-11-07 13:08:46,895 [RatisPipelineUtilsThread - 0] INFO  pipeline.PipelineManagerImpl (PipelineManagerImpl.java:recordMetricsForPipeline(826)) - Pipeline: PipelineID=f1880885-540f-49c6-8261-bf7e77d1b3e1 contains same datanodes as previous pipelines: PipelineID=75bfd763-660f-4794-893b-65cf6ac154c0 nodeIds: 1810f6e6-5580-46b0-b88d-9b5f15cbee6a, a8ad72fe-b4a4-4d4d-9a7f-b9692428a970, 8bab8527-0d32-4ef2-9c82-248b5a5867bf
2022-11-07 13:08:46,906 [pool-95-thread-1] INFO  server.RaftServerConfigKeys (ConfUtils.java:logGet(46)) - raft.server.log.write.buffer.size = 1048576 (custom)
2022-11-07 13:08:46,908 [pool-95-thread-1] INFO  server.RaftServerConfigKeys (ConfUtils.java:logGet(46)) - raft.server.log.unsafe-flush.enabled = false (default)
2022-11-07 13:08:46,908 [pool-95-thread-1] INFO  server.RaftServerConfigKeys (ConfUtils.java:logGet(46)) - raft.server.log.async-flush.enabled = false (default)
2022-11-07 13:08:46,908 [pool-95-thread-1] INFO  server.RaftServerConfigKeys (ConfUtils.java:logGet(46)) - raft.server.log.statemachine.data.caching.enabled = true (custom)
2022-11-07 13:08:46,908 [pool-95-thread-1] INFO  segmented.SegmentedRaftLogWorker (SegmentedRaftLogWorker.java:lambda$new$0(136)) - b6bc655b-a75f-4a95-a86c-7969b7c6987b@group-1C8420390690-SegmentedRaftLogWorker: flushIndex: setUnconditionally 0 -> -1
2022-11-07 13:08:46,908 [pool-95-thread-1] INFO  segmented.SegmentedRaftLogWorker (SegmentedRaftLogWorker.java:lambda$new$0(136)) - b6bc655b-a75f-4a95-a86c-7969b7c6987b@group-1C8420390690-SegmentedRaftLogWorker: safeCacheEvictIndex: setUnconditionally 0 -> -1
2022-11-07 13:08:46,910 [pool-95-thread-1] INFO  server.RaftServer$Division (RaftServerImpl.java:start(334)) - b6bc655b-a75f-4a95-a86c-7969b7c6987b@group-1C8420390690: start as a follower, conf=-1: peers:[f7350d57-8232-4853-9d4b-5861d033a2e4|rpc:10.1.0.171:40541|priority:0|startupRole:FOLLOWER, 94086278-3489-4279-864e-1549830c8dca|rpc:10.1.0.171:40247|priority:1|startupRole:FOLLOWER, b6bc655b-a75f-4a95-a86c-7969b7c6987b|rpc:10.1.0.171:37153|priority:0|startupRole:FOLLOWER]|listeners:[], old=null
2022-11-07 13:08:46,910 [pool-95-thread-1] INFO  server.RaftServer$Division (RaftServerImpl.java:setRole(321)) - b6bc655b-a75f-4a95-a86c-7969b7c6987b@group-1C8420390690: changes role from      null to FOLLOWER at term 0 for startAsFollower
2022-11-07 13:08:46,911 [pool-95-thread-1] INFO  impl.RoleInfo (RoleInfo.java:updateAndGet(139)) - b6bc655b-a75f-4a95-a86c-7969b7c6987b: start b6bc655b-a75f-4a95-a86c-7969b7c6987b@group-1C8420390690-FollowerState
2022-11-07 13:08:46,914 [pool-95-thread-1] INFO  util.JmxRegister (JmxRegister.java:tryRegister(44)) - Successfully registered JMX Bean with object name Ratis:service=RaftServer,group=group-1C8420390690,id=b6bc655b-a75f-4a95-a86c-7969b7c6987b
2022-11-07 13:08:46,916 [pool-95-thread-1] INFO  server.RaftServerConfigKeys (ConfUtils.java:logGet(46)) - raft.server.snapshot.auto.trigger.enabled = true (custom)
2022-11-07 13:08:46,916 [pool-95-thread-1] INFO  server.RaftServerConfigKeys (ConfUtils.java:logGet(46)) - raft.server.snapshot.auto.trigger.threshold = 10000 (custom)
2022-11-07 13:08:46,916 [pool-95-thread-1] INFO  server.RaftServerConfigKeys (ConfUtils.java:logGet(46)) - raft.server.snapshot.retention.file.num = 5 (custom)
2022-11-07 13:08:46,916 [pool-95-thread-1] INFO  server.RaftServerConfigKeys (ConfUtils.java:logGet(46)) - raft.server.log.purge.upto.snapshot.index = false (default)
2022-11-07 13:08:46,920 [b6bc655b-a75f-4a95-a86c-7969b7c6987b@group-1C8420390690-FollowerState] INFO  server.RaftServerConfigKeys (ConfUtils.java:logFallback(53)) - raft.server.rpc.first-election.timeout.min = 5s (fallback to raft.server.rpc.timeout.min)
2022-11-07 13:08:46,920 [b6bc655b-a75f-4a95-a86c-7969b7c6987b@group-1C8420390690-FollowerState] INFO  server.RaftServerConfigKeys (ConfUtils.java:logFallback(53)) - raft.server.rpc.first-election.timeout.max = 5200ms (fallback to raft.server.rpc.timeout.max)
2022-11-07 13:08:46,927 [Command processor thread] INFO  ratis.XceiverServerRatis (XceiverServerRatis.java:addGroup(765)) - Created group PipelineID=e4083e02-8768-4cbf-b290-1c8420390690
2022-11-07 13:08:47,019 [grpc-default-executor-1] INFO  server.RaftServer (RaftServerProxy.java:addNew(96)) - f7350d57-8232-4853-9d4b-5861d033a2e4: addNew group-1C8420390690:[f7350d57-8232-4853-9d4b-5861d033a2e4|rpc:10.1.0.171:40541|dataStream:|priority:0|startupRole:FOLLOWER, 94086278-3489-4279-864e-1549830c8dca|rpc:10.1.0.171:40247|dataStream:|priority:1|startupRole:FOLLOWER, b6bc655b-a75f-4a95-a86c-7969b7c6987b|rpc:10.1.0.171:37153|dataStream:|priority:0|startupRole:FOLLOWER] returns group-1C8420390690:java.util.concurrent.CompletableFuture@4fda40ee[Not completed]
2022-11-07 13:08:47,052 [pool-118-thread-1] INFO  server.RaftServer$Division (RaftServerImpl.java:<init>(195)) - f7350d57-8232-4853-9d4b-5861d033a2e4: new RaftServerImpl for group-1C8420390690:[f7350d57-8232-4853-9d4b-5861d033a2e4|rpc:10.1.0.171:40541|dataStream:|priority:0|startupRole:FOLLOWER, 94086278-3489-4279-864e-1549830c8dca|rpc:10.1.0.171:40247|dataStream:|priority:1|startupRole:FOLLOWER, b6bc655b-a75f-4a95-a86c-7969b7c6987b|rpc:10.1.0.171:37153|dataStream:|priority:0|startupRole:FOLLOWER] with ContainerStateMachine:uninitialized
2022-11-07 13:08:47,052 [pool-118-thread-1] INFO  server.RaftServerConfigKeys (ConfUtils.java:logGet(46)) - raft.server.rpc.timeout.min = 5s (custom)
2022-11-07 13:08:47,052 [pool-118-thread-1] INFO  server.RaftServerConfigKeys (ConfUtils.java:logGet(46)) - raft.server.rpc.timeout.max = 5200ms (custom)
2022-11-07 13:08:47,052 [pool-118-thread-1] INFO  server.RaftServerConfigKeys (ConfUtils.java:logGet(46)) - raft.server.rpc.sleep.time = 25ms (default)
2022-11-07 13:08:47,052 [pool-118-thread-1] INFO  server.RaftServerConfigKeys (ConfUtils.java:logGet(46)) - raft.server.rpc.slowness.timeout = 300s (custom)
2022-11-07 13:08:47,052 [pool-118-thread-1] INFO  server.RaftServerConfigKeys (ConfUtils.java:logGet(46)) - raft.server.leaderelection.leader.step-down.wait-time = 10s (default)
2022-11-07 13:08:47,052 [pool-118-thread-1] INFO  server.RaftServerConfigKeys (ConfUtils.java:logGet(46)) - raft.server.sleep.deviation.threshold = 300ms (default)
2022-11-07 13:08:47,053 [pool-118-thread-1] INFO  server.RaftServer$Division (ServerState.java:<init>(118)) - f7350d57-8232-4853-9d4b-5861d033a2e4@group-1C8420390690: ConfigurationManager, init=-1: peers:[f7350d57-8232-4853-9d4b-5861d033a2e4|rpc:10.1.0.171:40541|dataStream:|priority:0|startupRole:FOLLOWER, 94086278-3489-4279-864e-1549830c8dca|rpc:10.1.0.171:40247|dataStream:|priority:1|startupRole:FOLLOWER, b6bc655b-a75f-4a95-a86c-7969b7c6987b|rpc:10.1.0.171:37153|dataStream:|priority:0|startupRole:FOLLOWER]|listeners:[], old=null, confs=<EMPTY_MAP>
2022-11-07 13:08:47,053 [pool-118-thread-1] INFO  server.RaftServerConfigKeys (ConfUtils.java:logGet(46)) - raft.server.storage.dir = [/home/runner/work/ozone/ozone/hadoop-ozone/integration-test/target/test-dir/MiniOzoneClusterImpl-2a90587d-8655-4e72-8ce6-1bf59b520396/datanode-2/data/ratis] (custom)
2022-11-07 13:08:47,053 [pool-118-thread-1] INFO  server.RaftServerConfigKeys (ConfUtils.java:logGet(46)) - raft.server.log.corruption.policy = EXCEPTION (default)
2022-11-07 13:08:47,053 [pool-118-thread-1] INFO  server.RaftServerConfigKeys (ConfUtils.java:logGet(46)) - raft.server.storage.free-space.min = 0MB (=0) (default)
2022-11-07 13:08:47,054 [pool-118-thread-1] INFO  server.RaftServerConfigKeys (ConfUtils.java:logGet(46)) - raft.server.notification.no-leader.timeout = 300s (custom)
2022-11-07 13:08:47,054 [pool-118-thread-1] INFO  server.RaftServerConfigKeys (ConfUtils.java:logGet(46)) - raft.server.retrycache.expirytime = 600000ms (custom)
2022-11-07 13:08:47,054 [pool-118-thread-1] INFO  server.RaftServerConfigKeys (ConfUtils.java:logGet(46)) - raft.server.retrycache.statistics.expirytime = 100μs (default)
2022-11-07 13:08:47,057 [pool-118-thread-1] INFO  server.RaftServerConfigKeys (ConfUtils.java:logGet(46)) - raft.server.log.appender.install.snapshot.enabled = false (custom)
2022-11-07 13:08:47,057 [pool-118-thread-1] INFO  server.RaftServerConfigKeys (ConfUtils.java:logGet(46)) - raft.server.threadpool.server.cached = true (default)
2022-11-07 13:08:47,057 [pool-118-thread-1] INFO  server.RaftServerConfigKeys (ConfUtils.java:logGet(46)) - raft.server.threadpool.server.size = 0 (default)
2022-11-07 13:08:47,057 [pool-118-thread-1] INFO  server.RaftServerConfigKeys (ConfUtils.java:logGet(46)) - raft.server.threadpool.client.cached = true (default)
2022-11-07 13:08:47,057 [pool-118-thread-1] INFO  server.RaftServerConfigKeys (ConfUtils.java:logGet(46)) - raft.server.threadpool.client.size = 0 (default)
2022-11-07 13:08:47,058 [pool-118-thread-1] INFO  storage.RaftStorageDirectory (RaftStorageDirectoryImpl.java:analyzeStorage(137)) - The storage directory /home/runner/work/ozone/ozone/hadoop-ozone/integration-test/target/test-dir/MiniOzoneClusterImpl-2a90587d-8655-4e72-8ce6-1bf59b520396/datanode-2/data/ratis/e4083e02-8768-4cbf-b290-1c8420390690 does not exist. Creating ...
2022-11-07 13:08:47,061 [pool-118-thread-1] INFO  storage.RaftStorageDirectory (RaftStorageDirectoryImpl.java:tryLock(231)) - Lock on /home/runner/work/ozone/ozone/hadoop-ozone/integration-test/target/test-dir/MiniOzoneClusterImpl-2a90587d-8655-4e72-8ce6-1bf59b520396/datanode-2/data/ratis/e4083e02-8768-4cbf-b290-1c8420390690/in_use.lock acquired by nodename 14802@fv-az255-291
2022-11-07 13:08:47,064 [pool-118-thread-1] INFO  storage.RaftStorage (RaftStorageImpl.java:format(96)) - Storage directory /home/runner/work/ozone/ozone/hadoop-ozone/integration-test/target/test-dir/MiniOzoneClusterImpl-2a90587d-8655-4e72-8ce6-1bf59b520396/datanode-2/data/ratis/e4083e02-8768-4cbf-b290-1c8420390690 has been successfully formatted.
2022-11-07 13:08:47,064 [pool-118-thread-1] INFO  ratis.ContainerStateMachine (ContainerStateMachine.java:loadSnapshot(236)) - group-1C8420390690: The snapshot info is null. Setting the last applied indexto:(t:0, i:~)
2022-11-07 13:08:47,064 [pool-118-thread-1] INFO  server.RaftServerConfigKeys (ConfUtils.java:logGet(46)) - raft.server.log.use.memory = false (default)
2022-11-07 13:08:47,065 [pool-118-thread-1] INFO  server.RaftServerConfigKeys (ConfUtils.java:logGet(46)) - raft.server.log.purge.gap = 1000000 (custom)
2022-11-07 13:08:47,065 [pool-118-thread-1] INFO  server.RaftServerConfigKeys (ConfUtils.java:logGet(46)) - raft.server.log.appender.buffer.byte-limit = 33554432 (custom)
2022-11-07 13:08:47,065 [pool-118-thread-1] INFO  server.RaftServerConfigKeys (ConfUtils.java:logGet(46)) - raft.server.log.statemachine.data.read.timeout = 1000ms (default)
2022-11-07 13:08:47,065 [pool-118-thread-1] INFO  server.RaftServerConfigKeys (ConfUtils.java:logGet(46)) - raft.server.log.purge.preservation.log.num = 0 (default)
2022-11-07 13:08:47,065 [pool-118-thread-1] INFO  server.RaftServerConfigKeys (ConfUtils.java:logGet(46)) - raft.server.log.segment.size.max = 1048576 (custom)
2022-11-07 13:08:47,066 [pool-118-thread-1] INFO  server.RaftServerConfigKeys (ConfUtils.java:logGet(46)) - raft.server.log.segment.cache.num.max = 2 (custom)
2022-11-07 13:08:47,066 [pool-118-thread-1] INFO  server.RaftServerConfigKeys (ConfUtils.java:logGet(46)) - raft.server.log.segment.cache.size.max = 200MB (=209715200) (default)
2022-11-07 13:08:47,066 [pool-118-thread-1] INFO  segmented.SegmentedRaftLogWorker (SegmentedRaftLogWorker.java:<init>(191)) - new f7350d57-8232-4853-9d4b-5861d033a2e4@group-1C8420390690-SegmentedRaftLogWorker for RaftStorageImpl:Storage Directory /home/runner/work/ozone/ozone/hadoop-ozone/integration-test/target/test-dir/MiniOzoneClusterImpl-2a90587d-8655-4e72-8ce6-1bf59b520396/datanode-2/data/ratis/e4083e02-8768-4cbf-b290-1c8420390690
2022-11-07 13:08:47,066 [pool-118-thread-1] INFO  server.RaftServerConfigKeys (ConfUtils.java:logGet(46)) - raft.server.log.queue.byte-limit = 4294967296 (custom)
2022-11-07 13:08:47,066 [pool-118-thread-1] INFO  server.RaftServerConfigKeys (ConfUtils.java:logGet(46)) - raft.server.log.queue.element-limit = 1024 (custom)
2022-11-07 13:08:47,067 [pool-118-thread-1] INFO  server.RaftServerConfigKeys (ConfUtils.java:logGet(46)) - raft.server.log.segment.size.max = 1048576 (custom)
2022-11-07 13:08:47,067 [pool-118-thread-1] INFO  server.RaftServerConfigKeys (ConfUtils.java:logGet(46)) - raft.server.log.preallocated.size = 16384 (custom)
2022-11-07 13:08:47,067 [pool-118-thread-1] INFO  server.RaftServerConfigKeys (ConfUtils.java:logGet(46)) - raft.server.log.force.sync.num = 128 (default)
2022-11-07 13:08:47,067 [pool-118-thread-1] INFO  server.RaftServerConfigKeys (ConfUtils.java:logGet(46)) - raft.server.log.statemachine.data.sync = true (default)
2022-11-07 13:08:47,067 [pool-118-thread-1] INFO  server.RaftServerConfigKeys (ConfUtils.java:logGet(46)) - raft.server.log.statemachine.data.sync.timeout = 10s (default)
2022-11-07 13:08:47,067 [pool-118-thread-1] INFO  server.RaftServerConfigKeys (ConfUtils.java:logGet(46)) - raft.server.log.statemachine.data.sync.timeout.retry = -1 (default)
2022-11-07 13:08:47,073 [pool-118-thread-1] INFO  server.RaftServerConfigKeys (ConfUtils.java:logGet(46)) - raft.server.log.write.buffer.size = 1048576 (custom)
2022-11-07 13:08:47,074 [pool-118-thread-1] INFO  server.RaftServerConfigKeys (ConfUtils.java:logGet(46)) - raft.server.log.unsafe-flush.enabled = false (default)
2022-11-07 13:08:47,074 [pool-118-thread-1] INFO  server.RaftServerConfigKeys (ConfUtils.java:logGet(46)) - raft.server.log.async-flush.enabled = false (default)
2022-11-07 13:08:47,074 [pool-118-thread-1] INFO  server.RaftServerConfigKeys (ConfUtils.java:logGet(46)) - raft.server.log.statemachine.data.caching.enabled = true (custom)
2022-11-07 13:08:47,076 [pool-118-thread-1] INFO  segmented.SegmentedRaftLogWorker (SegmentedRaftLogWorker.java:lambda$new$0(136)) - f7350d57-8232-4853-9d4b-5861d033a2e4@group-1C8420390690-SegmentedRaftLogWorker: flushIndex: setUnconditionally 0 -> -1
2022-11-07 13:08:47,076 [pool-118-thread-1] INFO  segmented.SegmentedRaftLogWorker (SegmentedRaftLogWorker.java:lambda$new$0(136)) - f7350d57-8232-4853-9d4b-5861d033a2e4@group-1C8420390690-SegmentedRaftLogWorker: safeCacheEvictIndex: setUnconditionally 0 -> -1
2022-11-07 13:08:47,085 [pool-118-thread-1] INFO  server.RaftServer$Division (RaftServerImpl.java:start(334)) - f7350d57-8232-4853-9d4b-5861d033a2e4@group-1C8420390690: start as a follower, conf=-1: peers:[f7350d57-8232-4853-9d4b-5861d033a2e4|rpc:10.1.0.171:40541|dataStream:|priority:0|startupRole:FOLLOWER, 94086278-3489-4279-864e-1549830c8dca|rpc:10.1.0.171:40247|dataStream:|priority:1|startupRole:FOLLOWER, b6bc655b-a75f-4a95-a86c-7969b7c6987b|rpc:10.1.0.171:37153|dataStream:|priority:0|startupRole:FOLLOWER]|listeners:[], old=null
2022-11-07 13:08:47,085 [pool-118-thread-1] INFO  server.RaftServer$Division (RaftServerImpl.java:setRole(321)) - f7350d57-8232-4853-9d4b-5861d033a2e4@group-1C8420390690: changes role from      null to FOLLOWER at term 0 for startAsFollower
2022-11-07 13:08:47,086 [pool-118-thread-1] INFO  impl.RoleInfo (RoleInfo.java:updateAndGet(139)) - f7350d57-8232-4853-9d4b-5861d033a2e4: start f7350d57-8232-4853-9d4b-5861d033a2e4@group-1C8420390690-FollowerState
2022-11-07 13:08:47,088 [pool-118-thread-1] INFO  util.JmxRegister (JmxRegister.java:tryRegister(44)) - Successfully registered JMX Bean with object name Ratis:service=RaftServer,group=group-1C8420390690,id=f7350d57-8232-4853-9d4b-5861d033a2e4
2022-11-07 13:08:47,089 [pool-118-thread-1] INFO  server.RaftServerConfigKeys (ConfUtils.java:logGet(46)) - raft.server.snapshot.auto.trigger.enabled = true (custom)
2022-11-07 13:08:47,089 [pool-118-thread-1] INFO  server.RaftServerConfigKeys (ConfUtils.java:logGet(46)) - raft.server.snapshot.auto.trigger.threshold = 10000 (custom)
2022-11-07 13:08:47,089 [pool-118-thread-1] INFO  server.RaftServerConfigKeys (ConfUtils.java:logGet(46)) - raft.server.snapshot.retention.file.num = 5 (custom)
2022-11-07 13:08:47,089 [pool-118-thread-1] INFO  server.RaftServerConfigKeys (ConfUtils.java:logGet(46)) - raft.server.log.purge.upto.snapshot.index = false (default)
2022-11-07 13:08:47,089 [f7350d57-8232-4853-9d4b-5861d033a2e4@group-1C8420390690-FollowerState] INFO  server.RaftServerConfigKeys (ConfUtils.java:logFallback(53)) - raft.server.rpc.first-election.timeout.min = 5s (fallback to raft.server.rpc.timeout.min)
2022-11-07 13:08:47,108 [f7350d57-8232-4853-9d4b-5861d033a2e4@group-1C8420390690-FollowerState] INFO  server.RaftServerConfigKeys (ConfUtils.java:logFallback(53)) - raft.server.rpc.first-election.timeout.max = 5200ms (fallback to raft.server.rpc.timeout.max)
2022-11-07 13:08:47,254 [Command processor thread] INFO  server.RaftServer (RaftServerProxy.java:addNew(96)) - f7350d57-8232-4853-9d4b-5861d033a2e4: addNew group-0066D9F15E56:[f7350d57-8232-4853-9d4b-5861d033a2e4|rpc:10.1.0.171:40541|priority:1|startupRole:FOLLOWER] returns group-0066D9F15E56:java.util.concurrent.CompletableFuture@2bd9829c[Not completed]
2022-11-07 13:08:47,259 [pool-118-thread-1] INFO  server.RaftServer$Division (RaftServerImpl.java:<init>(195)) - f7350d57-8232-4853-9d4b-5861d033a2e4: new RaftServerImpl for group-0066D9F15E56:[f7350d57-8232-4853-9d4b-5861d033a2e4|rpc:10.1.0.171:40541|priority:1|startupRole:FOLLOWER] with ContainerStateMachine:uninitialized
2022-11-07 13:08:47,259 [pool-118-thread-1] INFO  server.RaftServerConfigKeys (ConfUtils.java:logGet(46)) - raft.server.rpc.timeout.min = 5s (custom)
2022-11-07 13:08:47,259 [pool-118-thread-1] INFO  server.RaftServerConfigKeys (ConfUtils.java:logGet(46)) - raft.server.rpc.timeout.max = 5200ms (custom)
2022-11-07 13:08:47,259 [pool-118-thread-1] INFO  server.RaftServerConfigKeys (ConfUtils.java:logGet(46)) - raft.server.rpc.sleep.time = 25ms (default)
2022-11-07 13:08:47,259 [pool-118-thread-1] INFO  server.RaftServerConfigKeys (ConfUtils.java:logGet(46)) - raft.server.rpc.slowness.timeout = 300s (custom)
2022-11-07 13:08:47,259 [pool-118-thread-1] INFO  server.RaftServerConfigKeys (ConfUtils.java:logGet(46)) - raft.server.leaderelection.leader.step-down.wait-time = 10s (default)
2022-11-07 13:08:47,259 [pool-118-thread-1] INFO  server.RaftServerConfigKeys (ConfUtils.java:logGet(46)) - raft.server.sleep.deviation.threshold = 300ms (default)
2022-11-07 13:08:47,259 [pool-118-thread-1] INFO  server.RaftServer$Division (ServerState.java:<init>(118)) - f7350d57-8232-4853-9d4b-5861d033a2e4@group-0066D9F15E56: ConfigurationManager, init=-1: peers:[f7350d57-8232-4853-9d4b-5861d033a2e4|rpc:10.1.0.171:40541|priority:1|startupRole:FOLLOWER]|listeners:[], old=null, confs=<EMPTY_MAP>
2022-11-07 13:08:47,259 [pool-118-thread-1] INFO  server.RaftServerConfigKeys (ConfUtils.java:logGet(46)) - raft.server.storage.dir = [/home/runner/work/ozone/ozone/hadoop-ozone/integration-test/target/test-dir/MiniOzoneClusterImpl-2a90587d-8655-4e72-8ce6-1bf59b520396/datanode-2/data/ratis] (custom)
2022-11-07 13:08:47,260 [pool-118-thread-1] INFO  server.RaftServerConfigKeys (ConfUtils.java:logGet(46)) - raft.server.log.corruption.policy = EXCEPTION (default)
2022-11-07 13:08:47,260 [pool-118-thread-1] INFO  server.RaftServerConfigKeys (ConfUtils.java:logGet(46)) - raft.server.storage.free-space.min = 0MB (=0) (default)
2022-11-07 13:08:47,260 [pool-118-thread-1] INFO  server.RaftServerConfigKeys (ConfUtils.java:logGet(46)) - raft.server.notification.no-leader.timeout = 300s (custom)
2022-11-07 13:08:47,260 [pool-118-thread-1] INFO  server.RaftServerConfigKeys (ConfUtils.java:logGet(46)) - raft.server.retrycache.expirytime = 600000ms (custom)
2022-11-07 13:08:47,260 [pool-118-thread-1] INFO  server.RaftServerConfigKeys (ConfUtils.java:logGet(46)) - raft.server.retrycache.statistics.expirytime = 100μs (default)
2022-11-07 13:08:47,262 [pool-118-thread-1] INFO  server.RaftServerConfigKeys (ConfUtils.java:logGet(46)) - raft.server.log.appender.install.snapshot.enabled = false (custom)
2022-11-07 13:08:47,262 [pool-118-thread-1] INFO  server.RaftServerConfigKeys (ConfUtils.java:logGet(46)) - raft.server.threadpool.server.cached = true (default)
2022-11-07 13:08:47,262 [pool-118-thread-1] INFO  server.RaftServerConfigKeys (ConfUtils.java:logGet(46)) - raft.server.threadpool.server.size = 0 (default)
2022-11-07 13:08:47,262 [pool-118-thread-1] INFO  server.RaftServerConfigKeys (ConfUtils.java:logGet(46)) - raft.server.threadpool.client.cached = true (default)
2022-11-07 13:08:47,262 [pool-118-thread-1] INFO  server.RaftServerConfigKeys (ConfUtils.java:logGet(46)) - raft.server.threadpool.client.size = 0 (default)
2022-11-07 13:08:47,262 [pool-118-thread-1] INFO  storage.RaftStorageDirectory (RaftStorageDirectoryImpl.java:analyzeStorage(137)) - The storage directory /home/runner/work/ozone/ozone/hadoop-ozone/integration-test/target/test-dir/MiniOzoneClusterImpl-2a90587d-8655-4e72-8ce6-1bf59b520396/datanode-2/data/ratis/247c26f2-bd5e-446b-90d8-0066d9f15e56 does not exist. Creating ...
2022-11-07 13:08:47,267 [Command processor thread] INFO  commandhandler.CreatePipelineCommandHandler (CreatePipelineCommandHandler.java:handle(113)) - Created Pipeline RATIS THREE PipelineID=e4083e02-8768-4cbf-b290-1c8420390690.
2022-11-07 13:08:47,267 [Command processor thread] INFO  server.RaftServer (RaftServerProxy.java:addNew(96)) - 94086278-3489-4279-864e-1549830c8dca: addNew group-26F38406CDA9:[f7350d57-8232-4853-9d4b-5861d033a2e4|rpc:10.1.0.171:40541|priority:0|startupRole:FOLLOWER, 94086278-3489-4279-864e-1549830c8dca|rpc:10.1.0.171:40247|priority:0|startupRole:FOLLOWER, b6bc655b-a75f-4a95-a86c-7969b7c6987b|rpc:10.1.0.171:37153|priority:1|startupRole:FOLLOWER] returns group-26F38406CDA9:java.util.concurrent.CompletableFuture@1370acb6[Not completed]
2022-11-07 13:08:47,268 [pool-72-thread-1] INFO  server.RaftServer$Division (RaftServerImpl.java:<init>(195)) - 94086278-3489-4279-864e-1549830c8dca: new RaftServerImpl for group-26F38406CDA9:[f7350d57-8232-4853-9d4b-5861d033a2e4|rpc:10.1.0.171:40541|priority:0|startupRole:FOLLOWER, 94086278-3489-4279-864e-1549830c8dca|rpc:10.1.0.171:40247|priority:0|startupRole:FOLLOWER, b6bc655b-a75f-4a95-a86c-7969b7c6987b|rpc:10.1.0.171:37153|priority:1|startupRole:FOLLOWER] with ContainerStateMachine:uninitialized
2022-11-07 13:08:47,269 [pool-72-thread-1] INFO  server.RaftServerConfigKeys (ConfUtils.java:logGet(46)) - raft.server.rpc.timeout.min = 5s (custom)
2022-11-07 13:08:47,269 [pool-72-thread-1] INFO  server.RaftServerConfigKeys (ConfUtils.java:logGet(46)) - raft.server.rpc.timeout.max = 5200ms (custom)
2022-11-07 13:08:47,269 [pool-72-thread-1] INFO  server.RaftServerConfigKeys (ConfUtils.java:logGet(46)) - raft.server.rpc.sleep.time = 25ms (default)
2022-11-07 13:08:47,269 [pool-72-thread-1] INFO  server.RaftServerConfigKeys (ConfUtils.java:logGet(46)) - raft.server.rpc.slowness.timeout = 300s (custom)
2022-11-07 13:08:47,269 [pool-72-thread-1] INFO  server.RaftServerConfigKeys (ConfUtils.java:logGet(46)) - raft.server.leaderelection.leader.step-down.wait-time = 10s (default)
2022-11-07 13:08:47,269 [pool-72-thread-1] INFO  server.RaftServerConfigKeys (ConfUtils.java:logGet(46)) - raft.server.sleep.deviation.threshold = 300ms (default)
2022-11-07 13:08:47,269 [pool-72-thread-1] INFO  server.RaftServer$Division (ServerState.java:<init>(118)) - 94086278-3489-4279-864e-1549830c8dca@group-26F38406CDA9: ConfigurationManager, init=-1: peers:[f7350d57-8232-4853-9d4b-5861d033a2e4|rpc:10.1.0.171:40541|priority:0|startupRole:FOLLOWER, 94086278-3489-4279-864e-1549830c8dca|rpc:10.1.0.171:40247|priority:0|startupRole:FOLLOWER, b6bc655b-a75f-4a95-a86c-7969b7c6987b|rpc:10.1.0.171:37153|priority:1|startupRole:FOLLOWER]|listeners:[], old=null, confs=<EMPTY_MAP>
2022-11-07 13:08:47,269 [pool-72-thread-1] INFO  server.RaftServerConfigKeys (ConfUtils.java:logGet(46)) - raft.server.storage.dir = [/home/runner/work/ozone/ozone/hadoop-ozone/integration-test/target/test-dir/MiniOzoneClusterImpl-2a90587d-8655-4e72-8ce6-1bf59b520396/datanode-0/data/ratis] (custom)
2022-11-07 13:08:47,269 [pool-72-thread-1] INFO  server.RaftServerConfigKeys (ConfUtils.java:logGet(46)) - raft.server.log.corruption.policy = EXCEPTION (default)
2022-11-07 13:08:47,269 [pool-72-thread-1] INFO  server.RaftServerConfigKeys (ConfUtils.java:logGet(46)) - raft.server.storage.free-space.min = 0MB (=0) (default)
2022-11-07 13:08:47,270 [pool-72-thread-1] INFO  server.RaftServerConfigKeys (ConfUtils.java:logGet(46)) - raft.server.notification.no-leader.timeout = 300s (custom)
2022-11-07 13:08:47,270 [pool-72-thread-1] INFO  server.RaftServerConfigKeys (ConfUtils.java:logGet(46)) - raft.server.retrycache.expirytime = 600000ms (custom)
2022-11-07 13:08:47,270 [pool-72-thread-1] INFO  server.RaftServerConfigKeys (ConfUtils.java:logGet(46)) - raft.server.retrycache.statistics.expirytime = 100μs (default)
2022-11-07 13:08:47,271 [pool-72-thread-1] INFO  server.RaftServerConfigKeys (ConfUtils.java:logGet(46)) - raft.server.log.appender.install.snapshot.enabled = false (custom)
2022-11-07 13:08:47,272 [pool-72-thread-1] INFO  server.RaftServerConfigKeys (ConfUtils.java:logGet(46)) - raft.server.threadpool.server.cached = true (default)
2022-11-07 13:08:47,272 [pool-72-thread-1] INFO  server.RaftServerConfigKeys (ConfUtils.java:logGet(46)) - raft.server.threadpool.server.size = 0 (default)
2022-11-07 13:08:47,272 [pool-72-thread-1] INFO  server.RaftServerConfigKeys (ConfUtils.java:logGet(46)) - raft.server.threadpool.client.cached = true (default)
2022-11-07 13:08:47,272 [pool-72-thread-1] INFO  server.RaftServerConfigKeys (ConfUtils.java:logGet(46)) - raft.server.threadpool.client.size = 0 (default)
2022-11-07 13:08:47,272 [pool-72-thread-1] INFO  storage.RaftStorageDirectory (RaftStorageDirectoryImpl.java:analyzeStorage(137)) - The storage directory /home/runner/work/ozone/ozone/hadoop-ozone/integration-test/target/test-dir/MiniOzoneClusterImpl-2a90587d-8655-4e72-8ce6-1bf59b520396/datanode-0/data/ratis/a67552b2-8b50-4423-8502-26f38406cda9 does not exist. Creating ...
2022-11-07 13:08:47,272 [pool-118-thread-1] INFO  storage.RaftStorageDirectory (RaftStorageDirectoryImpl.java:tryLock(231)) - Lock on /home/runner/work/ozone/ozone/hadoop-ozone/integration-test/target/test-dir/MiniOzoneClusterImpl-2a90587d-8655-4e72-8ce6-1bf59b520396/datanode-2/data/ratis/247c26f2-bd5e-446b-90d8-0066d9f15e56/in_use.lock acquired by nodename 14802@fv-az255-291
2022-11-07 13:08:47,274 [pool-72-thread-1] INFO  storage.RaftStorageDirectory (RaftStorageDirectoryImpl.java:tryLock(231)) - Lock on /home/runner/work/ozone/ozone/hadoop-ozone/integration-test/target/test-dir/MiniOzoneClusterImpl-2a90587d-8655-4e72-8ce6-1bf59b520396/datanode-0/data/ratis/a67552b2-8b50-4423-8502-26f38406cda9/in_use.lock acquired by nodename 14802@fv-az255-291
2022-11-07 13:08:47,277 [pool-118-thread-1] INFO  storage.RaftStorage (RaftStorageImpl.java:format(96)) - Storage directory /home/runner/work/ozone/ozone/hadoop-ozone/integration-test/target/test-dir/MiniOzoneClusterImpl-2a90587d-8655-4e72-8ce6-1bf59b520396/datanode-2/data/ratis/247c26f2-bd5e-446b-90d8-0066d9f15e56 has been successfully formatted.
2022-11-07 13:08:47,278 [pool-118-thread-1] INFO  ratis.ContainerStateMachine (ContainerStateMachine.java:loadSnapshot(236)) - group-0066D9F15E56: The snapshot info is null. Setting the last applied indexto:(t:0, i:~)
2022-11-07 13:08:47,278 [pool-118-thread-1] INFO  server.RaftServerConfigKeys (ConfUtils.java:logGet(46)) - raft.server.log.use.memory = false (default)
2022-11-07 13:08:47,278 [pool-118-thread-1] INFO  server.RaftServerConfigKeys (ConfUtils.java:logGet(46)) - raft.server.log.purge.gap = 1000000 (custom)
2022-11-07 13:08:47,278 [pool-72-thread-1] INFO  storage.RaftStorage (RaftStorageImpl.java:format(96)) - Storage directory /home/runner/work/ozone/ozone/hadoop-ozone/integration-test/target/test-dir/MiniOzoneClusterImpl-2a90587d-8655-4e72-8ce6-1bf59b520396/datanode-0/data/ratis/a67552b2-8b50-4423-8502-26f38406cda9 has been successfully formatted.
2022-11-07 13:08:47,279 [pool-72-thread-1] INFO  ratis.ContainerStateMachine (ContainerStateMachine.java:loadSnapshot(236)) - group-26F38406CDA9: The snapshot info is null. Setting the last applied indexto:(t:0, i:~)
2022-11-07 13:08:47,279 [pool-72-thread-1] INFO  server.RaftServerConfigKeys (ConfUtils.java:logGet(46)) - raft.server.log.use.memory = false (default)
2022-11-07 13:08:47,279 [pool-72-thread-1] INFO  server.RaftServerConfigKeys (ConfUtils.java:logGet(46)) - raft.server.log.purge.gap = 1000000 (custom)
2022-11-07 13:08:47,279 [pool-72-thread-1] INFO  server.RaftServerConfigKeys (ConfUtils.java:logGet(46)) - raft.server.log.appender.buffer.byte-limit = 33554432 (custom)
2022-11-07 13:08:47,279 [pool-72-thread-1] INFO  server.RaftServerConfigKeys (ConfUtils.java:logGet(46)) - raft.server.log.statemachine.data.read.timeout = 1000ms (default)
2022-11-07 13:08:47,279 [pool-72-thread-1] INFO  server.RaftServerConfigKeys (ConfUtils.java:logGet(46)) - raft.server.log.purge.preservation.log.num = 0 (default)
2022-11-07 13:08:47,279 [pool-118-thread-1] INFO  server.RaftServerConfigKeys (ConfUtils.java:logGet(46)) - raft.server.log.appender.buffer.byte-limit = 33554432 (custom)
2022-11-07 13:08:47,280 [pool-72-thread-1] INFO  server.RaftServerConfigKeys (ConfUtils.java:logGet(46)) - raft.server.log.segment.size.max = 1048576 (custom)
2022-11-07 13:08:47,281 [pool-72-thread-1] INFO  server.RaftServerConfigKeys (ConfUtils.java:logGet(46)) - raft.server.log.segment.cache.num.max = 2 (custom)
2022-11-07 13:08:47,281 [pool-72-thread-1] INFO  server.RaftServerConfigKeys (ConfUtils.java:logGet(46)) - raft.server.log.segment.cache.size.max = 200MB (=209715200) (default)
2022-11-07 13:08:47,281 [pool-72-thread-1] INFO  segmented.SegmentedRaftLogWorker (SegmentedRaftLogWorker.java:<init>(191)) - new 94086278-3489-4279-864e-1549830c8dca@group-26F38406CDA9-SegmentedRaftLogWorker for RaftStorageImpl:Storage Directory /home/runner/work/ozone/ozone/hadoop-ozone/integration-test/target/test-dir/MiniOzoneClusterImpl-2a90587d-8655-4e72-8ce6-1bf59b520396/datanode-0/data/ratis/a67552b2-8b50-4423-8502-26f38406cda9
2022-11-07 13:08:47,288 [pool-72-thread-1] INFO  server.RaftServerConfigKeys (ConfUtils.java:logGet(46)) - raft.server.log.queue.byte-limit = 4294967296 (custom)
2022-11-07 13:08:47,288 [pool-72-thread-1] INFO  server.RaftServerConfigKeys (ConfUtils.java:logGet(46)) - raft.server.log.queue.element-limit = 1024 (custom)
2022-11-07 13:08:47,288 [pool-72-thread-1] INFO  server.RaftServerConfigKeys (ConfUtils.java:logGet(46)) - raft.server.log.segment.size.max = 1048576 (custom)
2022-11-07 13:08:47,288 [pool-72-thread-1] INFO  server.RaftServerConfigKeys (ConfUtils.java:logGet(46)) - raft.server.log.preallocated.size = 16384 (custom)
2022-11-07 13:08:47,289 [pool-72-thread-1] INFO  server.RaftServerConfigKeys (ConfUtils.java:logGet(46)) - raft.server.log.force.sync.num = 128 (default)
2022-11-07 13:08:47,289 [pool-72-thread-1] INFO  server.RaftServerConfigKeys (ConfUtils.java:logGet(46)) - raft.server.log.statemachine.data.sync = true (default)
2022-11-07 13:08:47,289 [pool-72-thread-1] INFO  server.RaftServerConfigKeys (ConfUtils.java:logGet(46)) - raft.server.log.statemachine.data.sync.timeout = 10s (default)
2022-11-07 13:08:47,289 [pool-72-thread-1] INFO  server.RaftServerConfigKeys (ConfUtils.java:logGet(46)) - raft.server.log.statemachine.data.sync.timeout.retry = -1 (default)
2022-11-07 13:08:47,281 [pool-118-thread-1] INFO  server.RaftServerConfigKeys (ConfUtils.java:logGet(46)) - raft.server.log.statemachine.data.read.timeout = 1000ms (default)
2022-11-07 13:08:47,289 [pool-118-thread-1] INFO  server.RaftServerConfigKeys (ConfUtils.java:logGet(46)) - raft.server.log.purge.preservation.log.num = 0 (default)
2022-11-07 13:08:47,290 [pool-118-thread-1] INFO  server.RaftServerConfigKeys (ConfUtils.java:logGet(46)) - raft.server.log.segment.size.max = 1048576 (custom)
2022-11-07 13:08:47,290 [pool-118-thread-1] INFO  server.RaftServerConfigKeys (ConfUtils.java:logGet(46)) - raft.server.log.segment.cache.num.max = 2 (custom)
2022-11-07 13:08:47,290 [pool-118-thread-1] INFO  server.RaftServerConfigKeys (ConfUtils.java:logGet(46)) - raft.server.log.segment.cache.size.max = 200MB (=209715200) (default)
2022-11-07 13:08:47,290 [pool-118-thread-1] INFO  segmented.SegmentedRaftLogWorker (SegmentedRaftLogWorker.java:<init>(191)) - new f7350d57-8232-4853-9d4b-5861d033a2e4@group-0066D9F15E56-SegmentedRaftLogWorker for RaftStorageImpl:Storage Directory /home/runner/work/ozone/ozone/hadoop-ozone/integration-test/target/test-dir/MiniOzoneClusterImpl-2a90587d-8655-4e72-8ce6-1bf59b520396/datanode-2/data/ratis/247c26f2-bd5e-446b-90d8-0066d9f15e56
2022-11-07 13:08:47,291 [pool-118-thread-1] INFO  server.RaftServerConfigKeys (ConfUtils.java:logGet(46)) - raft.server.log.queue.byte-limit = 4294967296 (custom)
2022-11-07 13:08:47,291 [pool-118-thread-1] INFO  server.RaftServerConfigKeys (ConfUtils.java:logGet(46)) - raft.server.log.queue.element-limit = 1024 (custom)
2022-11-07 13:08:47,291 [pool-118-thread-1] INFO  server.RaftServerConfigKeys (ConfUtils.java:logGet(46)) - raft.server.log.segment.size.max = 1048576 (custom)
2022-11-07 13:08:47,291 [pool-118-thread-1] INFO  server.RaftServerConfigKeys (ConfUtils.java:logGet(46)) - raft.server.log.preallocated.size = 16384 (custom)
2022-11-07 13:08:47,291 [pool-118-thread-1] INFO  server.RaftServerConfigKeys (ConfUtils.java:logGet(46)) - raft.server.log.force.sync.num = 128 (default)
2022-11-07 13:08:47,294 [pool-118-thread-1] INFO  server.RaftServerConfigKeys (ConfUtils.java:logGet(46)) - raft.server.log.statemachine.data.sync = true (default)
2022-11-07 13:08:47,294 [pool-118-thread-1] INFO  server.RaftServerConfigKeys (ConfUtils.java:logGet(46)) - raft.server.log.statemachine.data.sync.timeout = 10s (default)
2022-11-07 13:08:47,294 [pool-118-thread-1] INFO  server.RaftServerConfigKeys (ConfUtils.java:logGet(46)) - raft.server.log.statemachine.data.sync.timeout.retry = -1 (default)
2022-11-07 13:08:47,300 [Command processor thread] INFO  commandhandler.CreatePipelineCommandHandler (CreatePipelineCommandHandler.java:handle(113)) - Created Pipeline RATIS THREE PipelineID=e4083e02-8768-4cbf-b290-1c8420390690.
2022-11-07 13:08:47,300 [Command processor thread] INFO  server.RaftServer (RaftServerProxy.java:addNew(96)) - b6bc655b-a75f-4a95-a86c-7969b7c6987b: addNew group-26F38406CDA9:[f7350d57-8232-4853-9d4b-5861d033a2e4|rpc:10.1.0.171:40541|priority:0|startupRole:FOLLOWER, 94086278-3489-4279-864e-1549830c8dca|rpc:10.1.0.171:40247|priority:0|startupRole:FOLLOWER, b6bc655b-a75f-4a95-a86c-7969b7c6987b|rpc:10.1.0.171:37153|priority:1|startupRole:FOLLOWER] returns group-26F38406CDA9:java.util.concurrent.CompletableFuture@6ab8985[Not completed]
2022-11-07 13:08:47,301 [EventQueue-PipelineReportForPipelineReportHandler] INFO  pipeline.PipelineManagerImpl (PipelineManagerImpl.java:openPipeline(367)) - Pipeline Pipeline[ Id: 247c26f2-bd5e-446b-90d8-0066d9f15e56, Nodes: f7350d57-8232-4853-9d4b-5861d033a2e4{ip: 10.1.0.171, host: fv-az255-291.sbdzdnwsxtye1lzl1wgdhvzhwg.dx.internal.cloudapp.net, ports: [REPLICATION=39259, RATIS=40541, RATIS_ADMIN=40541, RATIS_SERVER=40541, STANDALONE=39243], networkLocation: /default-rack, certSerialId: null, persistedOpState: IN_SERVICE, persistedOpStateExpiryEpochSec: 0}, ReplicationConfig: RATIS/ONE, State:ALLOCATED, leaderId:f7350d57-8232-4853-9d4b-5861d033a2e4, CreationTimestamp2022-11-07T13:08:44.255Z[Etc/UTC]] moved to OPEN state
2022-11-07 13:08:47,301 [pool-95-thread-1] INFO  server.RaftServer$Division (RaftServerImpl.java:<init>(195)) - b6bc655b-a75f-4a95-a86c-7969b7c6987b: new RaftServerImpl for group-26F38406CDA9:[f7350d57-8232-4853-9d4b-5861d033a2e4|rpc:10.1.0.171:40541|priority:0|startupRole:FOLLOWER, 94086278-3489-4279-864e-1549830c8dca|rpc:10.1.0.171:40247|priority:0|startupRole:FOLLOWER, b6bc655b-a75f-4a95-a86c-7969b7c6987b|rpc:10.1.0.171:37153|priority:1|startupRole:FOLLOWER] with ContainerStateMachine:uninitialized
2022-11-07 13:08:47,303 [pool-95-thread-1] INFO  server.RaftServerConfigKeys (ConfUtils.java:logGet(46)) - raft.server.rpc.timeout.min = 5s (custom)
2022-11-07 13:08:47,303 [pool-95-thread-1] INFO  server.RaftServerConfigKeys (ConfUtils.java:logGet(46)) - raft.server.rpc.timeout.max = 5200ms (custom)
2022-11-07 13:08:47,303 [pool-95-thread-1] INFO  server.RaftServerConfigKeys (ConfUtils.java:logGet(46)) - raft.server.rpc.sleep.time = 25ms (default)
2022-11-07 13:08:47,303 [pool-95-thread-1] INFO  server.RaftServerConfigKeys (ConfUtils.java:logGet(46)) - raft.server.rpc.slowness.timeout = 300s (custom)
2022-11-07 13:08:47,303 [pool-95-thread-1] INFO  server.RaftServerConfigKeys (ConfUtils.java:logGet(46)) - raft.server.leaderelection.leader.step-down.wait-time = 10s (default)
2022-11-07 13:08:47,304 [pool-95-thread-1] INFO  server.RaftServerConfigKeys (ConfUtils.java:logGet(46)) - raft.server.sleep.deviation.threshold = 300ms (default)
2022-11-07 13:08:47,304 [pool-95-thread-1] INFO  server.RaftServer$Division (ServerState.java:<init>(118)) - b6bc655b-a75f-4a95-a86c-7969b7c6987b@group-26F38406CDA9: ConfigurationManager, init=-1: peers:[f7350d57-8232-4853-9d4b-5861d033a2e4|rpc:10.1.0.171:40541|priority:0|startupRole:FOLLOWER, 94086278-3489-4279-864e-1549830c8dca|rpc:10.1.0.171:40247|priority:0|startupRole:FOLLOWER, b6bc655b-a75f-4a95-a86c-7969b7c6987b|rpc:10.1.0.171:37153|priority:1|startupRole:FOLLOWER]|listeners:[], old=null, confs=<EMPTY_MAP>
2022-11-07 13:08:47,304 [pool-95-thread-1] INFO  server.RaftServerConfigKeys (ConfUtils.java:logGet(46)) - raft.server.storage.dir = [/home/runner/work/ozone/ozone/hadoop-ozone/integration-test/target/test-dir/MiniOzoneClusterImpl-2a90587d-8655-4e72-8ce6-1bf59b520396/datanode-1/data/ratis] (custom)
2022-11-07 13:08:47,304 [pool-95-thread-1] INFO  server.RaftServerConfigKeys (ConfUtils.java:logGet(46)) - raft.server.log.corruption.policy = EXCEPTION (default)
2022-11-07 13:08:47,304 [pool-95-thread-1] INFO  server.RaftServerConfigKeys (ConfUtils.java:logGet(46)) - raft.server.storage.free-space.min = 0MB (=0) (default)
2022-11-07 13:08:47,304 [pool-95-thread-1] INFO  server.RaftServerConfigKeys (ConfUtils.java:logGet(46)) - raft.server.notification.no-leader.timeout = 300s (custom)
2022-11-07 13:08:47,304 [pool-95-thread-1] INFO  server.RaftServerConfigKeys (ConfUtils.java:logGet(46)) - raft.server.retrycache.expirytime = 600000ms (custom)
2022-11-07 13:08:47,304 [pool-95-thread-1] INFO  server.RaftServerConfigKeys (ConfUtils.java:logGet(46)) - raft.server.retrycache.statistics.expirytime = 100μs (default)
2022-11-07 13:08:47,306 [pool-95-thread-1] INFO  server.RaftServerConfigKeys (ConfUtils.java:logGet(46)) - raft.server.log.appender.install.snapshot.enabled = false (custom)
2022-11-07 13:08:47,306 [pool-95-thread-1] INFO  server.RaftServerConfigKeys (ConfUtils.java:logGet(46)) - raft.server.threadpool.server.cached = true (default)
2022-11-07 13:08:47,306 [pool-95-thread-1] INFO  server.RaftServerConfigKeys (ConfUtils.java:logGet(46)) - raft.server.threadpool.server.size = 0 (default)
2022-11-07 13:08:47,306 [pool-95-thread-1] INFO  server.RaftServerConfigKeys (ConfUtils.java:logGet(46)) - raft.server.threadpool.client.cached = true (default)
2022-11-07 13:08:47,306 [pool-95-thread-1] INFO  server.RaftServerConfigKeys (ConfUtils.java:logGet(46)) - raft.server.threadpool.client.size = 0 (default)
2022-11-07 13:08:47,307 [pool-95-thread-1] INFO  storage.RaftStorageDirectory (RaftStorageDirectoryImpl.java:analyzeStorage(137)) - The storage directory /home/runner/work/ozone/ozone/hadoop-ozone/integration-test/target/test-dir/MiniOzoneClusterImpl-2a90587d-8655-4e72-8ce6-1bf59b520396/datanode-1/data/ratis/a67552b2-8b50-4423-8502-26f38406cda9 does not exist. Creating ...
2022-11-07 13:08:47,307 [EventQueue-OpenPipelineForHealthyPipelineSafeModeRule] INFO  safemode.SCMSafeModeManager (HealthyPipelineSafeModeRule.java:process(137)) - SCM in safe mode. Healthy pipelines reported count is 0, required healthy pipeline reported count is 1
2022-11-07 13:08:47,311 [pool-95-thread-1] INFO  storage.RaftStorageDirectory (RaftStorageDirectoryImpl.java:tryLock(231)) - Lock on /home/runner/work/ozone/ozone/hadoop-ozone/integration-test/target/test-dir/MiniOzoneClusterImpl-2a90587d-8655-4e72-8ce6-1bf59b520396/datanode-1/data/ratis/a67552b2-8b50-4423-8502-26f38406cda9/in_use.lock acquired by nodename 14802@fv-az255-291
2022-11-07 13:08:47,313 [EventQueue-OpenPipelineForHealthyPipelineSafeModeRule] INFO  safemode.SCMSafeModeManager (HealthyPipelineSafeModeRule.java:process(137)) - SCM in safe mode. Healthy pipelines reported count is 0, required healthy pipeline reported count is 1
2022-11-07 13:08:47,309 [pool-72-thread-1] INFO  server.RaftServerConfigKeys (ConfUtils.java:logGet(46)) - raft.server.log.write.buffer.size = 1048576 (custom)
2022-11-07 13:08:47,314 [pool-95-thread-1] INFO  storage.RaftStorage (RaftStorageImpl.java:format(96)) - Storage directory /home/runner/work/ozone/ozone/hadoop-ozone/integration-test/target/test-dir/MiniOzoneClusterImpl-2a90587d-8655-4e72-8ce6-1bf59b520396/datanode-1/data/ratis/a67552b2-8b50-4423-8502-26f38406cda9 has been successfully formatted.
2022-11-07 13:08:47,314 [pool-95-thread-1] INFO  ratis.ContainerStateMachine (ContainerStateMachine.java:loadSnapshot(236)) - group-26F38406CDA9: The snapshot info is null. Setting the last applied indexto:(t:0, i:~)
2022-11-07 13:08:47,314 [pool-95-thread-1] INFO  server.RaftServerConfigKeys (ConfUtils.java:logGet(46)) - raft.server.log.use.memory = false (default)
2022-11-07 13:08:47,314 [pool-95-thread-1] INFO  server.RaftServerConfigKeys (ConfUtils.java:logGet(46)) - raft.server.log.purge.gap = 1000000 (custom)
2022-11-07 13:08:47,314 [pool-95-thread-1] INFO  server.RaftServerConfigKeys (ConfUtils.java:logGet(46)) - raft.server.log.appender.buffer.byte-limit = 33554432 (custom)
2022-11-07 13:08:47,315 [pool-95-thread-1] INFO  server.RaftServerConfigKeys (ConfUtils.java:logGet(46)) - raft.server.log.statemachine.data.read.timeout = 1000ms (default)
2022-11-07 13:08:47,315 [pool-95-thread-1] INFO  server.RaftServerConfigKeys (ConfUtils.java:logGet(46)) - raft.server.log.purge.preservation.log.num = 0 (default)
2022-11-07 13:08:47,315 [pool-95-thread-1] INFO  server.RaftServerConfigKeys (ConfUtils.java:logGet(46)) - raft.server.log.segment.size.max = 1048576 (custom)
2022-11-07 13:08:47,315 [pool-72-thread-1] INFO  server.RaftServerConfigKeys (ConfUtils.java:logGet(46)) - raft.server.log.unsafe-flush.enabled = false (default)
2022-11-07 13:08:47,318 [EventQueue-OpenPipelineForHealthyPipelineSafeModeRule] INFO  safemode.SCMSafeModeManager (HealthyPipelineSafeModeRule.java:process(137)) - SCM in safe mode. Healthy pipelines reported count is 0, required healthy pipeline reported count is 1
2022-11-07 13:08:47,319 [pool-72-thread-1] INFO  server.RaftServerConfigKeys (ConfUtils.java:logGet(46)) - raft.server.log.async-flush.enabled = false (default)
2022-11-07 13:08:47,319 [pool-72-thread-1] INFO  server.RaftServerConfigKeys (ConfUtils.java:logGet(46)) - raft.server.log.statemachine.data.caching.enabled = true (custom)
2022-11-07 13:08:47,319 [pool-72-thread-1] INFO  segmented.SegmentedRaftLogWorker (SegmentedRaftLogWorker.java:lambda$new$0(136)) - 94086278-3489-4279-864e-1549830c8dca@group-26F38406CDA9-SegmentedRaftLogWorker: flushIndex: setUnconditionally 0 -> -1
2022-11-07 13:08:47,319 [pool-72-thread-1] INFO  segmented.SegmentedRaftLogWorker (SegmentedRaftLogWorker.java:lambda$new$0(136)) - 94086278-3489-4279-864e-1549830c8dca@group-26F38406CDA9-SegmentedRaftLogWorker: safeCacheEvictIndex: setUnconditionally 0 -> -1
2022-11-07 13:08:47,320 [pool-95-thread-1] INFO  server.RaftServerConfigKeys (ConfUtils.java:logGet(46)) - raft.server.log.segment.cache.num.max = 2 (custom)
2022-11-07 13:08:47,320 [pool-95-thread-1] INFO  server.RaftServerConfigKeys (ConfUtils.java:logGet(46)) - raft.server.log.segment.cache.size.max = 200MB (=209715200) (default)
2022-11-07 13:08:47,320 [pool-95-thread-1] INFO  segmented.SegmentedRaftLogWorker (SegmentedRaftLogWorker.java:<init>(191)) - new b6bc655b-a75f-4a95-a86c-7969b7c6987b@group-26F38406CDA9-SegmentedRaftLogWorker for RaftStorageImpl:Storage Directory /home/runner/work/ozone/ozone/hadoop-ozone/integration-test/target/test-dir/MiniOzoneClusterImpl-2a90587d-8655-4e72-8ce6-1bf59b520396/datanode-1/data/ratis/a67552b2-8b50-4423-8502-26f38406cda9
2022-11-07 13:08:47,320 [pool-95-thread-1] INFO  server.RaftServerConfigKeys (ConfUtils.java:logGet(46)) - raft.server.log.queue.byte-limit = 4294967296 (custom)
2022-11-07 13:08:47,320 [pool-95-thread-1] INFO  server.RaftServerConfigKeys (ConfUtils.java:logGet(46)) - raft.server.log.queue.element-limit = 1024 (custom)
2022-11-07 13:08:47,320 [pool-95-thread-1] INFO  server.RaftServerConfigKeys (ConfUtils.java:logGet(46)) - raft.server.log.segment.size.max = 1048576 (custom)
2022-11-07 13:08:47,320 [pool-95-thread-1] INFO  server.RaftServerConfigKeys (ConfUtils.java:logGet(46)) - raft.server.log.preallocated.size = 16384 (custom)
2022-11-07 13:08:47,321 [pool-95-thread-1] INFO  server.RaftServerConfigKeys (ConfUtils.java:logGet(46)) - raft.server.log.force.sync.num = 128 (default)
2022-11-07 13:08:47,321 [pool-95-thread-1] INFO  server.RaftServerConfigKeys (ConfUtils.java:logGet(46)) - raft.server.log.statemachine.data.sync = true (default)
2022-11-07 13:08:47,321 [pool-95-thread-1] INFO  server.RaftServerConfigKeys (ConfUtils.java:logGet(46)) - raft.server.log.statemachine.data.sync.timeout = 10s (default)
2022-11-07 13:08:47,321 [pool-95-thread-1] INFO  server.RaftServerConfigKeys (ConfUtils.java:logGet(46)) - raft.server.log.statemachine.data.sync.timeout.retry = -1 (default)
2022-11-07 13:08:47,319 [pool-118-thread-1] INFO  server.RaftServerConfigKeys (ConfUtils.java:logGet(46)) - raft.server.log.write.buffer.size = 1048576 (custom)
2022-11-07 13:08:47,321 [pool-118-thread-1] INFO  server.RaftServerConfigKeys (ConfUtils.java:logGet(46)) - raft.server.log.unsafe-flush.enabled = false (default)
2022-11-07 13:08:47,321 [pool-118-thread-1] INFO  server.RaftServerConfigKeys (ConfUtils.java:logGet(46)) - raft.server.log.async-flush.enabled = false (default)
2022-11-07 13:08:47,321 [pool-118-thread-1] INFO  server.RaftServerConfigKeys (ConfUtils.java:logGet(46)) - raft.server.log.statemachine.data.caching.enabled = true (custom)
2022-11-07 13:08:47,322 [pool-118-thread-1] INFO  segmented.SegmentedRaftLogWorker (SegmentedRaftLogWorker.java:lambda$new$0(136)) - f7350d57-8232-4853-9d4b-5861d033a2e4@group-0066D9F15E56-SegmentedRaftLogWorker: flushIndex: setUnconditionally 0 -> -1
2022-11-07 13:08:47,322 [pool-118-thread-1] INFO  segmented.SegmentedRaftLogWorker (SegmentedRaftLogWorker.java:lambda$new$0(136)) - f7350d57-8232-4853-9d4b-5861d033a2e4@group-0066D9F15E56-SegmentedRaftLogWorker: safeCacheEvictIndex: setUnconditionally 0 -> -1
2022-11-07 13:08:47,322 [pool-72-thread-1] INFO  server.RaftServer$Division (RaftServerImpl.java:start(334)) - 94086278-3489-4279-864e-1549830c8dca@group-26F38406CDA9: start as a follower, conf=-1: peers:[f7350d57-8232-4853-9d4b-5861d033a2e4|rpc:10.1.0.171:40541|priority:0|startupRole:FOLLOWER, 94086278-3489-4279-864e-1549830c8dca|rpc:10.1.0.171:40247|priority:0|startupRole:FOLLOWER, b6bc655b-a75f-4a95-a86c-7969b7c6987b|rpc:10.1.0.171:37153|priority:1|startupRole:FOLLOWER]|listeners:[], old=null
2022-11-07 13:08:47,322 [pool-72-thread-1] INFO  server.RaftServer$Division (RaftServerImpl.java:setRole(321)) - 94086278-3489-4279-864e-1549830c8dca@group-26F38406CDA9: changes role from      null to FOLLOWER at term 0 for startAsFollower
2022-11-07 13:08:47,322 [pool-118-thread-1] INFO  server.RaftServer$Division (RaftServerImpl.java:start(334)) - f7350d57-8232-4853-9d4b-5861d033a2e4@group-0066D9F15E56: start as a follower, conf=-1: peers:[f7350d57-8232-4853-9d4b-5861d033a2e4|rpc:10.1.0.171:40541|priority:1|startupRole:FOLLOWER]|listeners:[], old=null
2022-11-07 13:08:47,322 [pool-72-thread-1] INFO  impl.RoleInfo (RoleInfo.java:updateAndGet(139)) - 94086278-3489-4279-864e-1549830c8dca: start 94086278-3489-4279-864e-1549830c8dca@group-26F38406CDA9-FollowerState
2022-11-07 13:08:47,324 [pool-95-thread-1] INFO  server.RaftServerConfigKeys (ConfUtils.java:logGet(46)) - raft.server.log.write.buffer.size = 1048576 (custom)
2022-11-07 13:08:47,324 [pool-95-thread-1] INFO  server.RaftServerConfigKeys (ConfUtils.java:logGet(46)) - raft.server.log.unsafe-flush.enabled = false (default)
2022-11-07 13:08:47,324 [pool-95-thread-1] INFO  server.RaftServerConfigKeys (ConfUtils.java:logGet(46)) - raft.server.log.async-flush.enabled = false (default)
2022-11-07 13:08:47,324 [pool-95-thread-1] INFO  server.RaftServerConfigKeys (ConfUtils.java:logGet(46)) - raft.server.log.statemachine.data.caching.enabled = true (custom)
2022-11-07 13:08:47,325 [pool-95-thread-1] INFO  segmented.SegmentedRaftLogWorker (SegmentedRaftLogWorker.java:lambda$new$0(136)) - b6bc655b-a75f-4a95-a86c-7969b7c6987b@group-26F38406CDA9-SegmentedRaftLogWorker: flushIndex: setUnconditionally 0 -> -1
2022-11-07 13:08:47,325 [pool-95-thread-1] INFO  segmented.SegmentedRaftLogWorker (SegmentedRaftLogWorker.java:lambda$new$0(136)) - b6bc655b-a75f-4a95-a86c-7969b7c6987b@group-26F38406CDA9-SegmentedRaftLogWorker: safeCacheEvictIndex: setUnconditionally 0 -> -1
2022-11-07 13:08:47,322 [pool-118-thread-1] INFO  server.RaftServer$Division (RaftServerImpl.java:setRole(321)) - f7350d57-8232-4853-9d4b-5861d033a2e4@group-0066D9F15E56: changes role from      null to FOLLOWER at term 0 for startAsFollower
2022-11-07 13:08:47,326 [Listener at 127.0.0.1/42403] INFO  ozone.MiniOzoneClusterImpl (MiniOzoneClusterImpl.java:lambda$waitForClusterToBeReady$0(216)) - Waiting for nodes to be ready. Got 9 of 10 DN Heartbeats.
2022-11-07 13:08:47,326 [Listener at 127.0.0.1/42403] INFO  ozone.MiniOzoneClusterImpl (MiniOzoneClusterImpl.java:lambda$waitForClusterToBeReady$0(219)) - Waiting for cluster to exit safe mode
2022-11-07 13:08:47,327 [Listener at 127.0.0.1/42403] INFO  ozone.MiniOzoneClusterImpl (MiniOzoneClusterImpl.java:lambda$waitForClusterToBeReady$0(221)) - SCM became leader
2022-11-07 13:08:47,328 [pool-72-thread-1] INFO  util.JmxRegister (JmxRegister.java:tryRegister(44)) - Successfully registered JMX Bean with object name Ratis:service=RaftServer,group=group-26F38406CDA9,id=94086278-3489-4279-864e-1549830c8dca
2022-11-07 13:08:47,328 [pool-72-thread-1] INFO  server.RaftServerConfigKeys (ConfUtils.java:logGet(46)) - raft.server.snapshot.auto.trigger.enabled = true (custom)
2022-11-07 13:08:47,330 [pool-118-thread-1] INFO  impl.RoleInfo (RoleInfo.java:updateAndGet(139)) - f7350d57-8232-4853-9d4b-5861d033a2e4: start f7350d57-8232-4853-9d4b-5861d033a2e4@group-0066D9F15E56-FollowerState
2022-11-07 13:08:47,331 [pool-72-thread-1] INFO  server.RaftServerConfigKeys (ConfUtils.java:logGet(46)) - raft.server.snapshot.auto.trigger.threshold = 10000 (custom)
2022-11-07 13:08:47,331 [pool-72-thread-1] INFO  server.RaftServerConfigKeys (ConfUtils.java:logGet(46)) - raft.server.snapshot.retention.file.num = 5 (custom)
2022-11-07 13:08:47,331 [pool-72-thread-1] INFO  server.RaftServerConfigKeys (ConfUtils.java:logGet(46)) - raft.server.log.purge.upto.snapshot.index = false (default)
2022-11-07 13:08:47,331 [94086278-3489-4279-864e-1549830c8dca@group-26F38406CDA9-FollowerState] INFO  server.RaftServerConfigKeys (ConfUtils.java:logFallback(53)) - raft.server.rpc.first-election.timeout.min = 5s (fallback to raft.server.rpc.timeout.min)
2022-11-07 13:08:47,331 [94086278-3489-4279-864e-1549830c8dca@group-26F38406CDA9-FollowerState] INFO  server.RaftServerConfigKeys (ConfUtils.java:logFallback(53)) - raft.server.rpc.first-election.timeout.max = 5200ms (fallback to raft.server.rpc.timeout.max)
2022-11-07 13:08:47,331 [pool-95-thread-1] INFO  server.RaftServer$Division (RaftServerImpl.java:start(334)) - b6bc655b-a75f-4a95-a86c-7969b7c6987b@group-26F38406CDA9: start as a follower, conf=-1: peers:[f7350d57-8232-4853-9d4b-5861d033a2e4|rpc:10.1.0.171:40541|priority:0|startupRole:FOLLOWER, 94086278-3489-4279-864e-1549830c8dca|rpc:10.1.0.171:40247|priority:0|startupRole:FOLLOWER, b6bc655b-a75f-4a95-a86c-7969b7c6987b|rpc:10.1.0.171:37153|priority:1|startupRole:FOLLOWER]|listeners:[], old=null
2022-11-07 13:08:47,331 [pool-95-thread-1] INFO  server.RaftServer$Division (RaftServerImpl.java:setRole(321)) - b6bc655b-a75f-4a95-a86c-7969b7c6987b@group-26F38406CDA9: changes role from      null to FOLLOWER at term 0 for startAsFollower
2022-11-07 13:08:47,331 [pool-95-thread-1] INFO  impl.RoleInfo (RoleInfo.java:updateAndGet(139)) - b6bc655b-a75f-4a95-a86c-7969b7c6987b: start b6bc655b-a75f-4a95-a86c-7969b7c6987b@group-26F38406CDA9-FollowerState
2022-11-07 13:08:47,335 [pool-95-thread-1] INFO  util.JmxRegister (JmxRegister.java:tryRegister(44)) - Successfully registered JMX Bean with object name Ratis:service=RaftServer,group=group-26F38406CDA9,id=b6bc655b-a75f-4a95-a86c-7969b7c6987b
2022-11-07 13:08:47,335 [pool-95-thread-1] INFO  server.RaftServerConfigKeys (ConfUtils.java:logGet(46)) - raft.server.snapshot.auto.trigger.enabled = true (custom)
2022-11-07 13:08:47,335 [pool-95-thread-1] INFO  server.RaftServerConfigKeys (ConfUtils.java:logGet(46)) - raft.server.snapshot.auto.trigger.threshold = 10000 (custom)
2022-11-07 13:08:47,335 [pool-95-thread-1] INFO  server.RaftServerConfigKeys (ConfUtils.java:logGet(46)) - raft.server.snapshot.retention.file.num = 5 (custom)
2022-11-07 13:08:47,335 [pool-95-thread-1] INFO  server.RaftServerConfigKeys (ConfUtils.java:logGet(46)) - raft.server.log.purge.upto.snapshot.index = false (default)
2022-11-07 13:08:47,336 [b6bc655b-a75f-4a95-a86c-7969b7c6987b@group-26F38406CDA9-FollowerState] INFO  server.RaftServerConfigKeys (ConfUtils.java:logFallback(53)) - raft.server.rpc.first-election.timeout.min = 5s (fallback to raft.server.rpc.timeout.min)
2022-11-07 13:08:47,336 [b6bc655b-a75f-4a95-a86c-7969b7c6987b@group-26F38406CDA9-FollowerState] INFO  server.RaftServerConfigKeys (ConfUtils.java:logFallback(53)) - raft.server.rpc.first-election.timeout.max = 5200ms (fallback to raft.server.rpc.timeout.max)
2022-11-07 13:08:47,340 [Command processor thread] INFO  ratis.XceiverServerRatis (XceiverServerRatis.java:addGroup(765)) - Created group PipelineID=a67552b2-8b50-4423-8502-26f38406cda9
2022-11-07 13:08:47,346 [Command processor thread] INFO  ratis.XceiverServerRatis (XceiverServerRatis.java:addGroup(765)) - Created group PipelineID=a67552b2-8b50-4423-8502-26f38406cda9
2022-11-07 13:08:47,351 [pool-118-thread-1] INFO  util.JmxRegister (JmxRegister.java:tryRegister(44)) - Successfully registered JMX Bean with object name Ratis:service=RaftServer,group=group-0066D9F15E56,id=f7350d57-8232-4853-9d4b-5861d033a2e4
2022-11-07 13:08:47,351 [pool-118-thread-1] INFO  server.RaftServerConfigKeys (ConfUtils.java:logGet(46)) - raft.server.snapshot.auto.trigger.enabled = true (custom)
2022-11-07 13:08:47,351 [pool-118-thread-1] INFO  server.RaftServerConfigKeys (ConfUtils.java:logGet(46)) - raft.server.snapshot.auto.trigger.threshold = 10000 (custom)
2022-11-07 13:08:47,351 [pool-118-thread-1] INFO  server.RaftServerConfigKeys (ConfUtils.java:logGet(46)) - raft.server.snapshot.retention.file.num = 5 (custom)
2022-11-07 13:08:47,351 [pool-118-thread-1] INFO  server.RaftServerConfigKeys (ConfUtils.java:logGet(46)) - raft.server.log.purge.upto.snapshot.index = false (default)
2022-11-07 13:08:47,352 [f7350d57-8232-4853-9d4b-5861d033a2e4@group-0066D9F15E56-FollowerState] INFO  server.RaftServerConfigKeys (ConfUtils.java:logFallback(53)) - raft.server.rpc.first-election.timeout.min = 5s (fallback to raft.server.rpc.timeout.min)
2022-11-07 13:08:47,352 [f7350d57-8232-4853-9d4b-5861d033a2e4@group-0066D9F15E56-FollowerState] INFO  server.RaftServerConfigKeys (ConfUtils.java:logFallback(53)) - raft.server.rpc.first-election.timeout.max = 5200ms (fallback to raft.server.rpc.timeout.max)
2022-11-07 13:08:47,355 [Command processor thread] INFO  ratis.XceiverServerRatis (XceiverServerRatis.java:addGroup(765)) - Created group PipelineID=247c26f2-bd5e-446b-90d8-0066d9f15e56
2022-11-07 13:08:47,355 [Command processor thread] INFO  commandhandler.CreatePipelineCommandHandler (CreatePipelineCommandHandler.java:handle(113)) - Created Pipeline RATIS ONE PipelineID=247c26f2-bd5e-446b-90d8-0066d9f15e56.
2022-11-07 13:08:47,355 [Command processor thread] INFO  server.RaftServer (RaftServerProxy.java:addNew(96)) - f7350d57-8232-4853-9d4b-5861d033a2e4: addNew group-26F38406CDA9:[f7350d57-8232-4853-9d4b-5861d033a2e4|rpc:10.1.0.171:40541|priority:0|startupRole:FOLLOWER, 94086278-3489-4279-864e-1549830c8dca|rpc:10.1.0.171:40247|priority:0|startupRole:FOLLOWER, b6bc655b-a75f-4a95-a86c-7969b7c6987b|rpc:10.1.0.171:37153|priority:1|startupRole:FOLLOWER] returns group-26F38406CDA9:java.util.concurrent.CompletableFuture@251e7997[Not completed]
2022-11-07 13:08:47,357 [IPC Server handler 10 on default port 41185] INFO  net.NetworkTopologyImpl (NetworkTopologyImpl.java:add(112)) - Added a new node: /default-rack/cc281ddc-c10d-4250-8559-4debec3b143b
2022-11-07 13:08:47,357 [IPC Server handler 10 on default port 41185] INFO  node.SCMNodeManager (SCMNodeManager.java:register(397)) - Registered Data node : cc281ddc-c10d-4250-8559-4debec3b143b{ip: 10.1.0.171, host: fv-az255-291.sbdzdnwsxtye1lzl1wgdhvzhwg.dx.internal.cloudapp.net, ports: [REPLICATION=36043, RATIS=39521, RATIS_ADMIN=39521, RATIS_SERVER=39521, STANDALONE=37637], networkLocation: /default-rack, certSerialId: null, persistedOpState: null, persistedOpStateExpiryEpochSec: 0}
2022-11-07 13:08:47,358 [EventQueue-NewNodeForNewNodeHandler] INFO  pipeline.BackgroundPipelineCreator (BackgroundPipelineCreator.java:notifyEventTriggered(276)) - trigger a one-shot run on RatisPipelineUtilsThread.
2022-11-07 13:08:47,368 [RatisPipelineUtilsThread - 0] INFO  pipeline.RatisPipelineProvider (RatisPipelineProvider.java:lambda$create$0(195)) - Sending CreatePipelineCommand for pipeline:PipelineID=980b585c-8150-4be1-b086-79f6478414f1 to datanode:cc281ddc-c10d-4250-8559-4debec3b143b
2022-11-07 13:08:47,370 [RatisPipelineUtilsThread - 0] INFO  pipeline.PipelineStateManagerImpl (PipelineStateManagerImpl.java:addPipeline(103)) - Created pipeline Pipeline[ Id: 980b585c-8150-4be1-b086-79f6478414f1, Nodes: cc281ddc-c10d-4250-8559-4debec3b143b{ip: 10.1.0.171, host: fv-az255-291.sbdzdnwsxtye1lzl1wgdhvzhwg.dx.internal.cloudapp.net, ports: [REPLICATION=36043, RATIS=39521, RATIS_ADMIN=39521, RATIS_SERVER=39521, STANDALONE=37637], networkLocation: /default-rack, certSerialId: null, persistedOpState: IN_SERVICE, persistedOpStateExpiryEpochSec: 0}, ReplicationConfig: RATIS/ONE, State:ALLOCATED, leaderId:, CreationTimestamp2022-11-07T13:08:47.368Z[Etc/UTC]].
2022-11-07 13:08:47,367 [pool-118-thread-1] INFO  server.RaftServer$Division (RaftServerImpl.java:<init>(195)) - f7350d57-8232-4853-9d4b-5861d033a2e4: new RaftServerImpl for group-26F38406CDA9:[f7350d57-8232-4853-9d4b-5861d033a2e4|rpc:10.1.0.171:40541|priority:0|startupRole:FOLLOWER, 94086278-3489-4279-864e-1549830c8dca|rpc:10.1.0.171:40247|priority:0|startupRole:FOLLOWER, b6bc655b-a75f-4a95-a86c-7969b7c6987b|rpc:10.1.0.171:37153|priority:1|startupRole:FOLLOWER] with ContainerStateMachine:uninitialized
2022-11-07 13:08:47,371 [pool-118-thread-1] INFO  server.RaftServerConfigKeys (ConfUtils.java:logGet(46)) - raft.server.rpc.timeout.min = 5s (custom)
2022-11-07 13:08:47,371 [pool-118-thread-1] INFO  server.RaftServerConfigKeys (ConfUtils.java:logGet(46)) - raft.server.rpc.timeout.max = 5200ms (custom)
2022-11-07 13:08:47,371 [pool-118-thread-1] INFO  server.RaftServerConfigKeys (ConfUtils.java:logGet(46)) - raft.server.rpc.sleep.time = 25ms (default)
2022-11-07 13:08:47,371 [pool-118-thread-1] INFO  server.RaftServerConfigKeys (ConfUtils.java:logGet(46)) - raft.server.rpc.slowness.timeout = 300s (custom)
2022-11-07 13:08:47,371 [pool-118-thread-1] INFO  server.RaftServerConfigKeys (ConfUtils.java:logGet(46)) - raft.server.leaderelection.leader.step-down.wait-time = 10s (default)
2022-11-07 13:08:47,371 [pool-118-thread-1] INFO  server.RaftServerConfigKeys (ConfUtils.java:logGet(46)) - raft.server.sleep.deviation.threshold = 300ms (default)
2022-11-07 13:08:47,372 [pool-118-thread-1] INFO  server.RaftServer$Division (ServerState.java:<init>(118)) - f7350d57-8232-4853-9d4b-5861d033a2e4@group-26F38406CDA9: ConfigurationManager, init=-1: peers:[f7350d57-8232-4853-9d4b-5861d033a2e4|rpc:10.1.0.171:40541|priority:0|startupRole:FOLLOWER, 94086278-3489-4279-864e-1549830c8dca|rpc:10.1.0.171:40247|priority:0|startupRole:FOLLOWER, b6bc655b-a75f-4a95-a86c-7969b7c6987b|rpc:10.1.0.171:37153|priority:1|startupRole:FOLLOWER]|listeners:[], old=null, confs=<EMPTY_MAP>
2022-11-07 13:08:47,372 [pool-118-thread-1] INFO  server.RaftServerConfigKeys (ConfUtils.java:logGet(46)) - raft.server.storage.dir = [/home/runner/work/ozone/ozone/hadoop-ozone/integration-test/target/test-dir/MiniOzoneClusterImpl-2a90587d-8655-4e72-8ce6-1bf59b520396/datanode-2/data/ratis] (custom)
2022-11-07 13:08:47,373 [pool-118-thread-1] INFO  server.RaftServerConfigKeys (ConfUtils.java:logGet(46)) - raft.server.log.corruption.policy = EXCEPTION (default)
2022-11-07 13:08:47,373 [pool-118-thread-1] INFO  server.RaftServerConfigKeys (ConfUtils.java:logGet(46)) - raft.server.storage.free-space.min = 0MB (=0) (default)
2022-11-07 13:08:47,373 [pool-118-thread-1] INFO  server.RaftServerConfigKeys (ConfUtils.java:logGet(46)) - raft.server.notification.no-leader.timeout = 300s (custom)
2022-11-07 13:08:47,373 [pool-118-thread-1] INFO  server.RaftServerConfigKeys (ConfUtils.java:logGet(46)) - raft.server.retrycache.expirytime = 600000ms (custom)
2022-11-07 13:08:47,373 [pool-118-thread-1] INFO  server.RaftServerConfigKeys (ConfUtils.java:logGet(46)) - raft.server.retrycache.statistics.expirytime = 100μs (default)
2022-11-07 13:08:47,383 [pool-118-thread-1] INFO  server.RaftServerConfigKeys (ConfUtils.java:logGet(46)) - raft.server.log.appender.install.snapshot.enabled = false (custom)
2022-11-07 13:08:47,385 [pool-118-thread-1] INFO  server.RaftServerConfigKeys (ConfUtils.java:logGet(46)) - raft.server.threadpool.server.cached = true (default)
2022-11-07 13:08:47,385 [pool-118-thread-1] INFO  server.RaftServerConfigKeys (ConfUtils.java:logGet(46)) - raft.server.threadpool.server.size = 0 (default)
2022-11-07 13:08:47,386 [pool-118-thread-1] INFO  server.RaftServerConfigKeys (ConfUtils.java:logGet(46)) - raft.server.threadpool.client.cached = true (default)
2022-11-07 13:08:47,386 [pool-118-thread-1] INFO  server.RaftServerConfigKeys (ConfUtils.java:logGet(46)) - raft.server.threadpool.client.size = 0 (default)
2022-11-07 13:08:47,387 [pool-118-thread-1] INFO  storage.RaftStorageDirectory (RaftStorageDirectoryImpl.java:analyzeStorage(137)) - The storage directory /home/runner/work/ozone/ozone/hadoop-ozone/integration-test/target/test-dir/MiniOzoneClusterImpl-2a90587d-8655-4e72-8ce6-1bf59b520396/datanode-2/data/ratis/a67552b2-8b50-4423-8502-26f38406cda9 does not exist. Creating ...
2022-11-07 13:08:47,390 [pool-118-thread-1] INFO  storage.RaftStorageDirectory (RaftStorageDirectoryImpl.java:tryLock(231)) - Lock on /home/runner/work/ozone/ozone/hadoop-ozone/integration-test/target/test-dir/MiniOzoneClusterImpl-2a90587d-8655-4e72-8ce6-1bf59b520396/datanode-2/data/ratis/a67552b2-8b50-4423-8502-26f38406cda9/in_use.lock acquired by nodename 14802@fv-az255-291
2022-11-07 13:08:47,402 [pool-118-thread-1] INFO  storage.RaftStorage (RaftStorageImpl.java:format(96)) - Storage directory /home/runner/work/ozone/ozone/hadoop-ozone/integration-test/target/test-dir/MiniOzoneClusterImpl-2a90587d-8655-4e72-8ce6-1bf59b520396/datanode-2/data/ratis/a67552b2-8b50-4423-8502-26f38406cda9 has been successfully formatted.
2022-11-07 13:08:47,403 [pool-118-thread-1] INFO  ratis.ContainerStateMachine (ContainerStateMachine.java:loadSnapshot(236)) - group-26F38406CDA9: The snapshot info is null. Setting the last applied indexto:(t:0, i:~)
2022-11-07 13:08:47,403 [pool-118-thread-1] INFO  server.RaftServerConfigKeys (ConfUtils.java:logGet(46)) - raft.server.log.use.memory = false (default)
2022-11-07 13:08:47,404 [pool-118-thread-1] INFO  server.RaftServerConfigKeys (ConfUtils.java:logGet(46)) - raft.server.log.purge.gap = 1000000 (custom)
2022-11-07 13:08:47,404 [pool-118-thread-1] INFO  server.RaftServerConfigKeys (ConfUtils.java:logGet(46)) - raft.server.log.appender.buffer.byte-limit = 33554432 (custom)
2022-11-07 13:08:47,404 [pool-118-thread-1] INFO  server.RaftServerConfigKeys (ConfUtils.java:logGet(46)) - raft.server.log.statemachine.data.read.timeout = 1000ms (default)
2022-11-07 13:08:47,404 [pool-118-thread-1] INFO  server.RaftServerConfigKeys (ConfUtils.java:logGet(46)) - raft.server.log.purge.preservation.log.num = 0 (default)
2022-11-07 13:08:47,404 [pool-118-thread-1] INFO  server.RaftServerConfigKeys (ConfUtils.java:logGet(46)) - raft.server.log.segment.size.max = 1048576 (custom)
2022-11-07 13:08:47,405 [pool-118-thread-1] INFO  server.RaftServerConfigKeys (ConfUtils.java:logGet(46)) - raft.server.log.segment.cache.num.max = 2 (custom)
2022-11-07 13:08:47,405 [pool-118-thread-1] INFO  server.RaftServerConfigKeys (ConfUtils.java:logGet(46)) - raft.server.log.segment.cache.size.max = 200MB (=209715200) (default)
2022-11-07 13:08:47,405 [pool-118-thread-1] INFO  segmented.SegmentedRaftLogWorker (SegmentedRaftLogWorker.java:<init>(191)) - new f7350d57-8232-4853-9d4b-5861d033a2e4@group-26F38406CDA9-SegmentedRaftLogWorker for RaftStorageImpl:Storage Directory /home/runner/work/ozone/ozone/hadoop-ozone/integration-test/target/test-dir/MiniOzoneClusterImpl-2a90587d-8655-4e72-8ce6-1bf59b520396/datanode-2/data/ratis/a67552b2-8b50-4423-8502-26f38406cda9
2022-11-07 13:08:47,405 [pool-118-thread-1] INFO  server.RaftServerConfigKeys (ConfUtils.java:logGet(46)) - raft.server.log.queue.byte-limit = 4294967296 (custom)
2022-11-07 13:08:47,405 [pool-118-thread-1] INFO  server.RaftServerConfigKeys (ConfUtils.java:logGet(46)) - raft.server.log.queue.element-limit = 1024 (custom)
2022-11-07 13:08:47,405 [pool-118-thread-1] INFO  server.RaftServerConfigKeys (ConfUtils.java:logGet(46)) - raft.server.log.segment.size.max = 1048576 (custom)
2022-11-07 13:08:47,406 [pool-118-thread-1] INFO  server.RaftServerConfigKeys (ConfUtils.java:logGet(46)) - raft.server.log.preallocated.size = 16384 (custom)
2022-11-07 13:08:47,406 [pool-118-thread-1] INFO  server.RaftServerConfigKeys (ConfUtils.java:logGet(46)) - raft.server.log.force.sync.num = 128 (default)
2022-11-07 13:08:47,406 [pool-118-thread-1] INFO  server.RaftServerConfigKeys (ConfUtils.java:logGet(46)) - raft.server.log.statemachine.data.sync = true (default)
2022-11-07 13:08:47,406 [pool-118-thread-1] INFO  server.RaftServerConfigKeys (ConfUtils.java:logGet(46)) - raft.server.log.statemachine.data.sync.timeout = 10s (default)
2022-11-07 13:08:47,406 [pool-118-thread-1] INFO  server.RaftServerConfigKeys (ConfUtils.java:logGet(46)) - raft.server.log.statemachine.data.sync.timeout.retry = -1 (default)
2022-11-07 13:08:47,408 [pool-118-thread-1] INFO  server.RaftServerConfigKeys (ConfUtils.java:logGet(46)) - raft.server.log.write.buffer.size = 1048576 (custom)
2022-11-07 13:08:47,408 [pool-118-thread-1] INFO  server.RaftServerConfigKeys (ConfUtils.java:logGet(46)) - raft.server.log.unsafe-flush.enabled = false (default)
2022-11-07 13:08:47,408 [pool-118-thread-1] INFO  server.RaftServerConfigKeys (ConfUtils.java:logGet(46)) - raft.server.log.async-flush.enabled = false (default)
2022-11-07 13:08:47,408 [pool-118-thread-1] INFO  server.RaftServerConfigKeys (ConfUtils.java:logGet(46)) - raft.server.log.statemachine.data.caching.enabled = true (custom)
2022-11-07 13:08:47,409 [pool-118-thread-1] INFO  segmented.SegmentedRaftLogWorker (SegmentedRaftLogWorker.java:lambda$new$0(136)) - f7350d57-8232-4853-9d4b-5861d033a2e4@group-26F38406CDA9-SegmentedRaftLogWorker: flushIndex: setUnconditionally 0 -> -1
2022-11-07 13:08:47,409 [pool-118-thread-1] INFO  segmented.SegmentedRaftLogWorker (SegmentedRaftLogWorker.java:lambda$new$0(136)) - f7350d57-8232-4853-9d4b-5861d033a2e4@group-26F38406CDA9-SegmentedRaftLogWorker: safeCacheEvictIndex: setUnconditionally 0 -> -1
2022-11-07 13:08:47,418 [EventQueue-OpenPipelineForHealthyPipelineSafeModeRule] INFO  safemode.SCMSafeModeManager (HealthyPipelineSafeModeRule.java:process(137)) - SCM in safe mode. Healthy pipelines reported count is 0, required healthy pipeline reported count is 1
2022-11-07 13:08:47,421 [pool-118-thread-1] INFO  server.RaftServer$Division (RaftServerImpl.java:start(334)) - f7350d57-8232-4853-9d4b-5861d033a2e4@group-26F38406CDA9: start as a follower, conf=-1: peers:[f7350d57-8232-4853-9d4b-5861d033a2e4|rpc:10.1.0.171:40541|priority:0|startupRole:FOLLOWER, 94086278-3489-4279-864e-1549830c8dca|rpc:10.1.0.171:40247|priority:0|startupRole:FOLLOWER, b6bc655b-a75f-4a95-a86c-7969b7c6987b|rpc:10.1.0.171:37153|priority:1|startupRole:FOLLOWER]|listeners:[], old=null
2022-11-07 13:08:47,427 [pool-118-thread-1] INFO  server.RaftServer$Division (RaftServerImpl.java:setRole(321)) - f7350d57-8232-4853-9d4b-5861d033a2e4@group-26F38406CDA9: changes role from      null to FOLLOWER at term 0 for startAsFollower
2022-11-07 13:08:47,427 [pool-118-thread-1] INFO  impl.RoleInfo (RoleInfo.java:updateAndGet(139)) - f7350d57-8232-4853-9d4b-5861d033a2e4: start f7350d57-8232-4853-9d4b-5861d033a2e4@group-26F38406CDA9-FollowerState
2022-11-07 13:08:47,435 [pool-118-thread-1] INFO  util.JmxRegister (JmxRegister.java:tryRegister(44)) - Successfully registered JMX Bean with object name Ratis:service=RaftServer,group=group-26F38406CDA9,id=f7350d57-8232-4853-9d4b-5861d033a2e4
2022-11-07 13:08:47,435 [pool-118-thread-1] INFO  server.RaftServerConfigKeys (ConfUtils.java:logGet(46)) - raft.server.snapshot.auto.trigger.enabled = true (custom)
2022-11-07 13:08:47,435 [pool-118-thread-1] INFO  server.RaftServerConfigKeys (ConfUtils.java:logGet(46)) - raft.server.snapshot.auto.trigger.threshold = 10000 (custom)
2022-11-07 13:08:47,435 [pool-118-thread-1] INFO  server.RaftServerConfigKeys (ConfUtils.java:logGet(46)) - raft.server.snapshot.retention.file.num = 5 (custom)
2022-11-07 13:08:47,435 [pool-118-thread-1] INFO  server.RaftServerConfigKeys (ConfUtils.java:logGet(46)) - raft.server.log.purge.upto.snapshot.index = false (default)
2022-11-07 13:08:47,436 [f7350d57-8232-4853-9d4b-5861d033a2e4@group-26F38406CDA9-FollowerState] INFO  server.RaftServerConfigKeys (ConfUtils.java:logFallback(53)) - raft.server.rpc.first-election.timeout.min = 5s (fallback to raft.server.rpc.timeout.min)
2022-11-07 13:08:47,436 [f7350d57-8232-4853-9d4b-5861d033a2e4@group-26F38406CDA9-FollowerState] INFO  server.RaftServerConfigKeys (ConfUtils.java:logFallback(53)) - raft.server.rpc.first-election.timeout.max = 5200ms (fallback to raft.server.rpc.timeout.max)
2022-11-07 13:08:47,450 [Command processor thread] INFO  ratis.XceiverServerRatis (XceiverServerRatis.java:addGroup(765)) - Created group PipelineID=a67552b2-8b50-4423-8502-26f38406cda9
2022-11-07 13:08:47,493 [Command processor thread] INFO  commandhandler.CreatePipelineCommandHandler (CreatePipelineCommandHandler.java:handle(113)) - Created Pipeline RATIS THREE PipelineID=a67552b2-8b50-4423-8502-26f38406cda9.
2022-11-07 13:08:47,495 [Command processor thread] INFO  commandhandler.CreatePipelineCommandHandler (CreatePipelineCommandHandler.java:handle(113)) - Created Pipeline RATIS THREE PipelineID=a67552b2-8b50-4423-8502-26f38406cda9.
2022-11-07 13:08:47,552 [Command processor thread] INFO  commandhandler.CreatePipelineCommandHandler (CreatePipelineCommandHandler.java:handle(113)) - Created Pipeline RATIS THREE PipelineID=a67552b2-8b50-4423-8502-26f38406cda9.
2022-11-07 13:08:47,715 [Command processor thread] INFO  server.RaftServer (RaftServerProxy.java:addNew(96)) - 2277c71a-7226-47f8-a4ca-90f752095403: addNew group-B3075DD5C248:[2277c71a-7226-47f8-a4ca-90f752095403|rpc:10.1.0.171:35629|priority:1|startupRole:FOLLOWER] returns group-B3075DD5C248:java.util.concurrent.CompletableFuture@408904cb[Not completed]
2022-11-07 13:08:47,724 [pool-141-thread-1] INFO  server.RaftServer$Division (RaftServerImpl.java:<init>(195)) - 2277c71a-7226-47f8-a4ca-90f752095403: new RaftServerImpl for group-B3075DD5C248:[2277c71a-7226-47f8-a4ca-90f752095403|rpc:10.1.0.171:35629|priority:1|startupRole:FOLLOWER] with ContainerStateMachine:uninitialized
2022-11-07 13:08:47,724 [pool-141-thread-1] INFO  server.RaftServerConfigKeys (ConfUtils.java:logGet(46)) - raft.server.rpc.timeout.min = 5s (custom)
2022-11-07 13:08:47,724 [pool-141-thread-1] INFO  server.RaftServerConfigKeys (ConfUtils.java:logGet(46)) - raft.server.rpc.timeout.max = 5200ms (custom)
2022-11-07 13:08:47,724 [pool-141-thread-1] INFO  server.RaftServerConfigKeys (ConfUtils.java:logGet(46)) - raft.server.rpc.sleep.time = 25ms (default)
2022-11-07 13:08:47,724 [pool-141-thread-1] INFO  server.RaftServerConfigKeys (ConfUtils.java:logGet(46)) - raft.server.rpc.slowness.timeout = 300s (custom)
2022-11-07 13:08:47,724 [pool-141-thread-1] INFO  server.RaftServerConfigKeys (ConfUtils.java:logGet(46)) - raft.server.leaderelection.leader.step-down.wait-time = 10s (default)
2022-11-07 13:08:47,724 [pool-141-thread-1] INFO  server.RaftServerConfigKeys (ConfUtils.java:logGet(46)) - raft.server.sleep.deviation.threshold = 300ms (default)
2022-11-07 13:08:47,725 [pool-141-thread-1] INFO  server.RaftServer$Division (ServerState.java:<init>(118)) - 2277c71a-7226-47f8-a4ca-90f752095403@group-B3075DD5C248: ConfigurationManager, init=-1: peers:[2277c71a-7226-47f8-a4ca-90f752095403|rpc:10.1.0.171:35629|priority:1|startupRole:FOLLOWER]|listeners:[], old=null, confs=<EMPTY_MAP>
2022-11-07 13:08:47,725 [pool-141-thread-1] INFO  server.RaftServerConfigKeys (ConfUtils.java:logGet(46)) - raft.server.storage.dir = [/home/runner/work/ozone/ozone/hadoop-ozone/integration-test/target/test-dir/MiniOzoneClusterImpl-2a90587d-8655-4e72-8ce6-1bf59b520396/datanode-3/data/ratis] (custom)
2022-11-07 13:08:47,728 [pool-141-thread-1] INFO  server.RaftServerConfigKeys (ConfUtils.java:logGet(46)) - raft.server.log.corruption.policy = EXCEPTION (default)
2022-11-07 13:08:47,728 [pool-141-thread-1] INFO  server.RaftServerConfigKeys (ConfUtils.java:logGet(46)) - raft.server.storage.free-space.min = 0MB (=0) (default)
2022-11-07 13:08:47,728 [pool-141-thread-1] INFO  server.RaftServerConfigKeys (ConfUtils.java:logGet(46)) - raft.server.notification.no-leader.timeout = 300s (custom)
2022-11-07 13:08:47,728 [pool-141-thread-1] INFO  server.RaftServerConfigKeys (ConfUtils.java:logGet(46)) - raft.server.retrycache.expirytime = 600000ms (custom)
2022-11-07 13:08:47,728 [pool-141-thread-1] INFO  server.RaftServerConfigKeys (ConfUtils.java:logGet(46)) - raft.server.retrycache.statistics.expirytime = 100μs (default)
2022-11-07 13:08:47,731 [pool-141-thread-1] INFO  server.RaftServerConfigKeys (ConfUtils.java:logGet(46)) - raft.server.log.appender.install.snapshot.enabled = false (custom)
2022-11-07 13:08:47,731 [pool-141-thread-1] INFO  server.RaftServerConfigKeys (ConfUtils.java:logGet(46)) - raft.server.threadpool.server.cached = true (default)
2022-11-07 13:08:47,731 [pool-141-thread-1] INFO  server.RaftServerConfigKeys (ConfUtils.java:logGet(46)) - raft.server.threadpool.server.size = 0 (default)
2022-11-07 13:08:47,731 [pool-141-thread-1] INFO  server.RaftServerConfigKeys (ConfUtils.java:logGet(46)) - raft.server.threadpool.client.cached = true (default)
2022-11-07 13:08:47,731 [pool-141-thread-1] INFO  server.RaftServerConfigKeys (ConfUtils.java:logGet(46)) - raft.server.threadpool.client.size = 0 (default)
2022-11-07 13:08:47,731 [pool-141-thread-1] INFO  storage.RaftStorageDirectory (RaftStorageDirectoryImpl.java:analyzeStorage(137)) - The storage directory /home/runner/work/ozone/ozone/hadoop-ozone/integration-test/target/test-dir/MiniOzoneClusterImpl-2a90587d-8655-4e72-8ce6-1bf59b520396/datanode-3/data/ratis/2df64d4e-9bec-4652-bde9-b3075dd5c248 does not exist. Creating ...
2022-11-07 13:08:47,733 [pool-141-thread-1] INFO  storage.RaftStorageDirectory (RaftStorageDirectoryImpl.java:tryLock(231)) - Lock on /home/runner/work/ozone/ozone/hadoop-ozone/integration-test/target/test-dir/MiniOzoneClusterImpl-2a90587d-8655-4e72-8ce6-1bf59b520396/datanode-3/data/ratis/2df64d4e-9bec-4652-bde9-b3075dd5c248/in_use.lock acquired by nodename 14802@fv-az255-291
2022-11-07 13:08:47,741 [pool-141-thread-1] INFO  storage.RaftStorage (RaftStorageImpl.java:format(96)) - Storage directory /home/runner/work/ozone/ozone/hadoop-ozone/integration-test/target/test-dir/MiniOzoneClusterImpl-2a90587d-8655-4e72-8ce6-1bf59b520396/datanode-3/data/ratis/2df64d4e-9bec-4652-bde9-b3075dd5c248 has been successfully formatted.
2022-11-07 13:08:47,742 [pool-141-thread-1] INFO  ratis.ContainerStateMachine (ContainerStateMachine.java:loadSnapshot(236)) - group-B3075DD5C248: The snapshot info is null. Setting the last applied indexto:(t:0, i:~)
2022-11-07 13:08:47,742 [pool-141-thread-1] INFO  server.RaftServerConfigKeys (ConfUtils.java:logGet(46)) - raft.server.log.use.memory = false (default)
2022-11-07 13:08:47,742 [pool-141-thread-1] INFO  server.RaftServerConfigKeys (ConfUtils.java:logGet(46)) - raft.server.log.purge.gap = 1000000 (custom)
2022-11-07 13:08:47,742 [pool-141-thread-1] INFO  server.RaftServerConfigKeys (ConfUtils.java:logGet(46)) - raft.server.log.appender.buffer.byte-limit = 33554432 (custom)
2022-11-07 13:08:47,742 [pool-141-thread-1] INFO  server.RaftServerConfigKeys (ConfUtils.java:logGet(46)) - raft.server.log.statemachine.data.read.timeout = 1000ms (default)
2022-11-07 13:08:47,742 [pool-141-thread-1] INFO  server.RaftServerConfigKeys (ConfUtils.java:logGet(46)) - raft.server.log.purge.preservation.log.num = 0 (default)
2022-11-07 13:08:47,743 [pool-141-thread-1] INFO  server.RaftServerConfigKeys (ConfUtils.java:logGet(46)) - raft.server.log.segment.size.max = 1048576 (custom)
2022-11-07 13:08:47,744 [EventQueue-PipelineReportForPipelineReportHandler] INFO  pipeline.PipelineManagerImpl (PipelineManagerImpl.java:openPipeline(367)) - Pipeline Pipeline[ Id: 2df64d4e-9bec-4652-bde9-b3075dd5c248, Nodes: 2277c71a-7226-47f8-a4ca-90f752095403{ip: 10.1.0.171, host: fv-az255-291.sbdzdnwsxtye1lzl1wgdhvzhwg.dx.internal.cloudapp.net, ports: [REPLICATION=38469, RATIS=35629, RATIS_ADMIN=35629, RATIS_SERVER=35629, STANDALONE=42231], networkLocation: /default-rack, certSerialId: null, persistedOpState: IN_SERVICE, persistedOpStateExpiryEpochSec: 0}, ReplicationConfig: RATIS/ONE, State:ALLOCATED, leaderId:2277c71a-7226-47f8-a4ca-90f752095403, CreationTimestamp2022-11-07T13:08:44.718Z[Etc/UTC]] moved to OPEN state
2022-11-07 13:08:47,745 [EventQueue-OpenPipelineForHealthyPipelineSafeModeRule] INFO  safemode.SCMSafeModeManager (HealthyPipelineSafeModeRule.java:process(137)) - SCM in safe mode. Healthy pipelines reported count is 0, required healthy pipeline reported count is 1
2022-11-07 13:08:47,746 [pool-141-thread-1] INFO  server.RaftServerConfigKeys (ConfUtils.java:logGet(46)) - raft.server.log.segment.cache.num.max = 2 (custom)
2022-11-07 13:08:47,747 [pool-141-thread-1] INFO  server.RaftServerConfigKeys (ConfUtils.java:logGet(46)) - raft.server.log.segment.cache.size.max = 200MB (=209715200) (default)
2022-11-07 13:08:47,747 [pool-141-thread-1] INFO  segmented.SegmentedRaftLogWorker (SegmentedRaftLogWorker.java:<init>(191)) - new 2277c71a-7226-47f8-a4ca-90f752095403@group-B3075DD5C248-SegmentedRaftLogWorker for RaftStorageImpl:Storage Directory /home/runner/work/ozone/ozone/hadoop-ozone/integration-test/target/test-dir/MiniOzoneClusterImpl-2a90587d-8655-4e72-8ce6-1bf59b520396/datanode-3/data/ratis/2df64d4e-9bec-4652-bde9-b3075dd5c248
2022-11-07 13:08:47,747 [pool-141-thread-1] INFO  server.RaftServerConfigKeys (ConfUtils.java:logGet(46)) - raft.server.log.queue.byte-limit = 4294967296 (custom)
2022-11-07 13:08:47,747 [pool-141-thread-1] INFO  server.RaftServerConfigKeys (ConfUtils.java:logGet(46)) - raft.server.log.queue.element-limit = 1024 (custom)
2022-11-07 13:08:47,747 [pool-141-thread-1] INFO  server.RaftServerConfigKeys (ConfUtils.java:logGet(46)) - raft.server.log.segment.size.max = 1048576 (custom)
2022-11-07 13:08:47,748 [pool-141-thread-1] INFO  server.RaftServerConfigKeys (ConfUtils.java:logGet(46)) - raft.server.log.preallocated.size = 16384 (custom)
2022-11-07 13:08:47,748 [pool-141-thread-1] INFO  server.RaftServerConfigKeys (ConfUtils.java:logGet(46)) - raft.server.log.force.sync.num = 128 (default)
2022-11-07 13:08:47,748 [pool-141-thread-1] INFO  server.RaftServerConfigKeys (ConfUtils.java:logGet(46)) - raft.server.log.statemachine.data.sync = true (default)
2022-11-07 13:08:47,748 [pool-141-thread-1] INFO  server.RaftServerConfigKeys (ConfUtils.java:logGet(46)) - raft.server.log.statemachine.data.sync.timeout = 10s (default)
2022-11-07 13:08:47,748 [pool-141-thread-1] INFO  server.RaftServerConfigKeys (ConfUtils.java:logGet(46)) - raft.server.log.statemachine.data.sync.timeout.retry = -1 (default)
2022-11-07 13:08:47,753 [pool-141-thread-1] INFO  server.RaftServerConfigKeys (ConfUtils.java:logGet(46)) - raft.server.log.write.buffer.size = 1048576 (custom)
2022-11-07 13:08:47,756 [pool-141-thread-1] INFO  server.RaftServerConfigKeys (ConfUtils.java:logGet(46)) - raft.server.log.unsafe-flush.enabled = false (default)
2022-11-07 13:08:47,756 [pool-141-thread-1] INFO  server.RaftServerConfigKeys (ConfUtils.java:logGet(46)) - raft.server.log.async-flush.enabled = false (default)
2022-11-07 13:08:47,756 [pool-141-thread-1] INFO  server.RaftServerConfigKeys (ConfUtils.java:logGet(46)) - raft.server.log.statemachine.data.caching.enabled = true (custom)
2022-11-07 13:08:47,758 [pool-141-thread-1] INFO  segmented.SegmentedRaftLogWorker (SegmentedRaftLogWorker.java:lambda$new$0(136)) - 2277c71a-7226-47f8-a4ca-90f752095403@group-B3075DD5C248-SegmentedRaftLogWorker: flushIndex: setUnconditionally 0 -> -1
2022-11-07 13:08:47,758 [pool-141-thread-1] INFO  segmented.SegmentedRaftLogWorker (SegmentedRaftLogWorker.java:lambda$new$0(136)) - 2277c71a-7226-47f8-a4ca-90f752095403@group-B3075DD5C248-SegmentedRaftLogWorker: safeCacheEvictIndex: setUnconditionally 0 -> -1
2022-11-07 13:08:47,762 [pool-141-thread-1] INFO  server.RaftServer$Division (RaftServerImpl.java:start(334)) - 2277c71a-7226-47f8-a4ca-90f752095403@group-B3075DD5C248: start as a follower, conf=-1: peers:[2277c71a-7226-47f8-a4ca-90f752095403|rpc:10.1.0.171:35629|priority:1|startupRole:FOLLOWER]|listeners:[], old=null
2022-11-07 13:08:47,762 [pool-141-thread-1] INFO  server.RaftServer$Division (RaftServerImpl.java:setRole(321)) - 2277c71a-7226-47f8-a4ca-90f752095403@group-B3075DD5C248: changes role from      null to FOLLOWER at term 0 for startAsFollower
2022-11-07 13:08:47,762 [pool-141-thread-1] INFO  impl.RoleInfo (RoleInfo.java:updateAndGet(139)) - 2277c71a-7226-47f8-a4ca-90f752095403: start 2277c71a-7226-47f8-a4ca-90f752095403@group-B3075DD5C248-FollowerState
2022-11-07 13:08:47,763 [pool-141-thread-1] INFO  util.JmxRegister (JmxRegister.java:tryRegister(44)) - Successfully registered JMX Bean with object name Ratis:service=RaftServer,group=group-B3075DD5C248,id=2277c71a-7226-47f8-a4ca-90f752095403
2022-11-07 13:08:47,763 [pool-141-thread-1] INFO  server.RaftServerConfigKeys (ConfUtils.java:logGet(46)) - raft.server.snapshot.auto.trigger.enabled = true (custom)
2022-11-07 13:08:47,763 [pool-141-thread-1] INFO  server.RaftServerConfigKeys (ConfUtils.java:logGet(46)) - raft.server.snapshot.auto.trigger.threshold = 10000 (custom)
2022-11-07 13:08:47,763 [pool-141-thread-1] INFO  server.RaftServerConfigKeys (ConfUtils.java:logGet(46)) - raft.server.snapshot.retention.file.num = 5 (custom)
2022-11-07 13:08:47,763 [pool-141-thread-1] INFO  server.RaftServerConfigKeys (ConfUtils.java:logGet(46)) - raft.server.log.purge.upto.snapshot.index = false (default)
2022-11-07 13:08:47,764 [2277c71a-7226-47f8-a4ca-90f752095403@group-B3075DD5C248-FollowerState] INFO  server.RaftServerConfigKeys (ConfUtils.java:logFallback(53)) - raft.server.rpc.first-election.timeout.min = 5s (fallback to raft.server.rpc.timeout.min)
2022-11-07 13:08:47,764 [2277c71a-7226-47f8-a4ca-90f752095403@group-B3075DD5C248-FollowerState] INFO  server.RaftServerConfigKeys (ConfUtils.java:logFallback(53)) - raft.server.rpc.first-election.timeout.max = 5200ms (fallback to raft.server.rpc.timeout.max)
2022-11-07 13:08:47,768 [Command processor thread] INFO  ratis.XceiverServerRatis (XceiverServerRatis.java:addGroup(765)) - Created group PipelineID=2df64d4e-9bec-4652-bde9-b3075dd5c248
2022-11-07 13:08:47,768 [Command processor thread] INFO  commandhandler.CreatePipelineCommandHandler (CreatePipelineCommandHandler.java:handle(113)) - Created Pipeline RATIS ONE PipelineID=2df64d4e-9bec-4652-bde9-b3075dd5c248.
2022-11-07 13:08:47,768 [Command processor thread] INFO  server.RaftServer (RaftServerProxy.java:addNew(96)) - 2277c71a-7226-47f8-a4ca-90f752095403: addNew group-0F702FC51EF1:[4c8c7e9c-fcb8-4cf5-b401-3fb7accb4cdc|rpc:10.1.0.171:46431|priority:0|startupRole:FOLLOWER, 8b45bab1-f519-4e04-ad6f-9efd561d6d57|rpc:10.1.0.171:33673|priority:1|startupRole:FOLLOWER, 2277c71a-7226-47f8-a4ca-90f752095403|rpc:10.1.0.171:35629|priority:0|startupRole:FOLLOWER] returns group-0F702FC51EF1:java.util.concurrent.CompletableFuture@44b69802[Not completed]
2022-11-07 13:08:47,769 [pool-141-thread-1] INFO  server.RaftServer$Division (RaftServerImpl.java:<init>(195)) - 2277c71a-7226-47f8-a4ca-90f752095403: new RaftServerImpl for group-0F702FC51EF1:[4c8c7e9c-fcb8-4cf5-b401-3fb7accb4cdc|rpc:10.1.0.171:46431|priority:0|startupRole:FOLLOWER, 8b45bab1-f519-4e04-ad6f-9efd561d6d57|rpc:10.1.0.171:33673|priority:1|startupRole:FOLLOWER, 2277c71a-7226-47f8-a4ca-90f752095403|rpc:10.1.0.171:35629|priority:0|startupRole:FOLLOWER] with ContainerStateMachine:uninitialized
2022-11-07 13:08:47,769 [pool-141-thread-1] INFO  server.RaftServerConfigKeys (ConfUtils.java:logGet(46)) - raft.server.rpc.timeout.min = 5s (custom)
2022-11-07 13:08:47,770 [pool-141-thread-1] INFO  server.RaftServerConfigKeys (ConfUtils.java:logGet(46)) - raft.server.rpc.timeout.max = 5200ms (custom)
2022-11-07 13:08:47,770 [pool-141-thread-1] INFO  server.RaftServerConfigKeys (ConfUtils.java:logGet(46)) - raft.server.rpc.sleep.time = 25ms (default)
2022-11-07 13:08:47,770 [pool-141-thread-1] INFO  server.RaftServerConfigKeys (ConfUtils.java:logGet(46)) - raft.server.rpc.slowness.timeout = 300s (custom)
2022-11-07 13:08:47,770 [pool-141-thread-1] INFO  server.RaftServerConfigKeys (ConfUtils.java:logGet(46)) - raft.server.leaderelection.leader.step-down.wait-time = 10s (default)
2022-11-07 13:08:47,770 [pool-141-thread-1] INFO  server.RaftServerConfigKeys (ConfUtils.java:logGet(46)) - raft.server.sleep.deviation.threshold = 300ms (default)
2022-11-07 13:08:47,770 [pool-141-thread-1] INFO  server.RaftServer$Division (ServerState.java:<init>(118)) - 2277c71a-7226-47f8-a4ca-90f752095403@group-0F702FC51EF1: ConfigurationManager, init=-1: peers:[4c8c7e9c-fcb8-4cf5-b401-3fb7accb4cdc|rpc:10.1.0.171:46431|priority:0|startupRole:FOLLOWER, 8b45bab1-f519-4e04-ad6f-9efd561d6d57|rpc:10.1.0.171:33673|priority:1|startupRole:FOLLOWER, 2277c71a-7226-47f8-a4ca-90f752095403|rpc:10.1.0.171:35629|priority:0|startupRole:FOLLOWER]|listeners:[], old=null, confs=<EMPTY_MAP>
2022-11-07 13:08:47,770 [pool-141-thread-1] INFO  server.RaftServerConfigKeys (ConfUtils.java:logGet(46)) - raft.server.storage.dir = [/home/runner/work/ozone/ozone/hadoop-ozone/integration-test/target/test-dir/MiniOzoneClusterImpl-2a90587d-8655-4e72-8ce6-1bf59b520396/datanode-3/data/ratis] (custom)
2022-11-07 13:08:47,771 [pool-141-thread-1] INFO  server.RaftServerConfigKeys (ConfUtils.java:logGet(46)) - raft.server.log.corruption.policy = EXCEPTION (default)
2022-11-07 13:08:47,771 [pool-141-thread-1] INFO  server.RaftServerConfigKeys (ConfUtils.java:logGet(46)) - raft.server.storage.free-space.min = 0MB (=0) (default)
2022-11-07 13:08:47,771 [pool-141-thread-1] INFO  server.RaftServerConfigKeys (ConfUtils.java:logGet(46)) - raft.server.notification.no-leader.timeout = 300s (custom)
2022-11-07 13:08:47,771 [pool-141-thread-1] INFO  server.RaftServerConfigKeys (ConfUtils.java:logGet(46)) - raft.server.retrycache.expirytime = 600000ms (custom)
2022-11-07 13:08:47,771 [pool-141-thread-1] INFO  server.RaftServerConfigKeys (ConfUtils.java:logGet(46)) - raft.server.retrycache.statistics.expirytime = 100μs (default)
2022-11-07 13:08:47,772 [pool-141-thread-1] INFO  server.RaftServerConfigKeys (ConfUtils.java:logGet(46)) - raft.server.log.appender.install.snapshot.enabled = false (custom)
2022-11-07 13:08:47,772 [pool-141-thread-1] INFO  server.RaftServerConfigKeys (ConfUtils.java:logGet(46)) - raft.server.threadpool.server.cached = true (default)
2022-11-07 13:08:47,773 [pool-141-thread-1] INFO  server.RaftServerConfigKeys (ConfUtils.java:logGet(46)) - raft.server.threadpool.server.size = 0 (default)
2022-11-07 13:08:47,773 [pool-141-thread-1] INFO  server.RaftServerConfigKeys (ConfUtils.java:logGet(46)) - raft.server.threadpool.client.cached = true (default)
2022-11-07 13:08:47,773 [pool-141-thread-1] INFO  server.RaftServerConfigKeys (ConfUtils.java:logGet(46)) - raft.server.threadpool.client.size = 0 (default)
2022-11-07 13:08:47,773 [pool-141-thread-1] INFO  storage.RaftStorageDirectory (RaftStorageDirectoryImpl.java:analyzeStorage(137)) - The storage directory /home/runner/work/ozone/ozone/hadoop-ozone/integration-test/target/test-dir/MiniOzoneClusterImpl-2a90587d-8655-4e72-8ce6-1bf59b520396/datanode-3/data/ratis/cdc51678-e820-4382-9164-0f702fc51ef1 does not exist. Creating ...
2022-11-07 13:08:47,776 [pool-141-thread-1] INFO  storage.RaftStorageDirectory (RaftStorageDirectoryImpl.java:tryLock(231)) - Lock on /home/runner/work/ozone/ozone/hadoop-ozone/integration-test/target/test-dir/MiniOzoneClusterImpl-2a90587d-8655-4e72-8ce6-1bf59b520396/datanode-3/data/ratis/cdc51678-e820-4382-9164-0f702fc51ef1/in_use.lock acquired by nodename 14802@fv-az255-291
2022-11-07 13:08:47,778 [pool-141-thread-1] INFO  storage.RaftStorage (RaftStorageImpl.java:format(96)) - Storage directory /home/runner/work/ozone/ozone/hadoop-ozone/integration-test/target/test-dir/MiniOzoneClusterImpl-2a90587d-8655-4e72-8ce6-1bf59b520396/datanode-3/data/ratis/cdc51678-e820-4382-9164-0f702fc51ef1 has been successfully formatted.
2022-11-07 13:08:47,780 [pool-141-thread-1] INFO  ratis.ContainerStateMachine (ContainerStateMachine.java:loadSnapshot(236)) - group-0F702FC51EF1: The snapshot info is null. Setting the last applied indexto:(t:0, i:~)
2022-11-07 13:08:47,780 [pool-141-thread-1] INFO  server.RaftServerConfigKeys (ConfUtils.java:logGet(46)) - raft.server.log.use.memory = false (default)
2022-11-07 13:08:47,782 [EventQueue-OpenPipelineForHealthyPipelineSafeModeRule] INFO  safemode.SCMSafeModeManager (HealthyPipelineSafeModeRule.java:process(137)) - SCM in safe mode. Healthy pipelines reported count is 0, required healthy pipeline reported count is 1
2022-11-07 13:08:47,783 [pool-141-thread-1] INFO  server.RaftServerConfigKeys (ConfUtils.java:logGet(46)) - raft.server.log.purge.gap = 1000000 (custom)
2022-11-07 13:08:47,784 [pool-141-thread-1] INFO  server.RaftServerConfigKeys (ConfUtils.java:logGet(46)) - raft.server.log.appender.buffer.byte-limit = 33554432 (custom)
2022-11-07 13:08:47,784 [pool-141-thread-1] INFO  server.RaftServerConfigKeys (ConfUtils.java:logGet(46)) - raft.server.log.statemachine.data.read.timeout = 1000ms (default)
2022-11-07 13:08:47,784 [pool-141-thread-1] INFO  server.RaftServerConfigKeys (ConfUtils.java:logGet(46)) - raft.server.log.purge.preservation.log.num = 0 (default)
2022-11-07 13:08:47,784 [pool-141-thread-1] INFO  server.RaftServerConfigKeys (ConfUtils.java:logGet(46)) - raft.server.log.segment.size.max = 1048576 (custom)
2022-11-07 13:08:47,785 [pool-141-thread-1] INFO  server.RaftServerConfigKeys (ConfUtils.java:logGet(46)) - raft.server.log.segment.cache.num.max = 2 (custom)
2022-11-07 13:08:47,786 [pool-141-thread-1] INFO  server.RaftServerConfigKeys (ConfUtils.java:logGet(46)) - raft.server.log.segment.cache.size.max = 200MB (=209715200) (default)
2022-11-07 13:08:47,786 [pool-141-thread-1] INFO  segmented.SegmentedRaftLogWorker (SegmentedRaftLogWorker.java:<init>(191)) - new 2277c71a-7226-47f8-a4ca-90f752095403@group-0F702FC51EF1-SegmentedRaftLogWorker for RaftStorageImpl:Storage Directory /home/runner/work/ozone/ozone/hadoop-ozone/integration-test/target/test-dir/MiniOzoneClusterImpl-2a90587d-8655-4e72-8ce6-1bf59b520396/datanode-3/data/ratis/cdc51678-e820-4382-9164-0f702fc51ef1
2022-11-07 13:08:47,787 [pool-141-thread-1] INFO  server.RaftServerConfigKeys (ConfUtils.java:logGet(46)) - raft.server.log.queue.byte-limit = 4294967296 (custom)
2022-11-07 13:08:47,787 [pool-141-thread-1] INFO  server.RaftServerConfigKeys (ConfUtils.java:logGet(46)) - raft.server.log.queue.element-limit = 1024 (custom)
2022-11-07 13:08:47,787 [pool-141-thread-1] INFO  server.RaftServerConfigKeys (ConfUtils.java:logGet(46)) - raft.server.log.segment.size.max = 1048576 (custom)
2022-11-07 13:08:47,787 [pool-141-thread-1] INFO  server.RaftServerConfigKeys (ConfUtils.java:logGet(46)) - raft.server.log.preallocated.size = 16384 (custom)
2022-11-07 13:08:47,787 [pool-141-thread-1] INFO  server.RaftServerConfigKeys (ConfUtils.java:logGet(46)) - raft.server.log.force.sync.num = 128 (default)
2022-11-07 13:08:47,787 [pool-141-thread-1] INFO  server.RaftServerConfigKeys (ConfUtils.java:logGet(46)) - raft.server.log.statemachine.data.sync = true (default)
2022-11-07 13:08:47,787 [pool-141-thread-1] INFO  server.RaftServerConfigKeys (ConfUtils.java:logGet(46)) - raft.server.log.statemachine.data.sync.timeout = 10s (default)
2022-11-07 13:08:47,787 [pool-141-thread-1] INFO  server.RaftServerConfigKeys (ConfUtils.java:logGet(46)) - raft.server.log.statemachine.data.sync.timeout.retry = -1 (default)
2022-11-07 13:08:47,791 [pool-141-thread-1] INFO  server.RaftServerConfigKeys (ConfUtils.java:logGet(46)) - raft.server.log.write.buffer.size = 1048576 (custom)
2022-11-07 13:08:47,793 [pool-141-thread-1] INFO  server.RaftServerConfigKeys (ConfUtils.java:logGet(46)) - raft.server.log.unsafe-flush.enabled = false (default)
2022-11-07 13:08:47,793 [pool-141-thread-1] INFO  server.RaftServerConfigKeys (ConfUtils.java:logGet(46)) - raft.server.log.async-flush.enabled = false (default)
2022-11-07 13:08:47,793 [pool-141-thread-1] INFO  server.RaftServerConfigKeys (ConfUtils.java:logGet(46)) - raft.server.log.statemachine.data.caching.enabled = true (custom)
2022-11-07 13:08:47,793 [pool-141-thread-1] INFO  segmented.SegmentedRaftLogWorker (SegmentedRaftLogWorker.java:lambda$new$0(136)) - 2277c71a-7226-47f8-a4ca-90f752095403@group-0F702FC51EF1-SegmentedRaftLogWorker: flushIndex: setUnconditionally 0 -> -1
2022-11-07 13:08:47,793 [pool-141-thread-1] INFO  segmented.SegmentedRaftLogWorker (SegmentedRaftLogWorker.java:lambda$new$0(136)) - 2277c71a-7226-47f8-a4ca-90f752095403@group-0F702FC51EF1-SegmentedRaftLogWorker: safeCacheEvictIndex: setUnconditionally 0 -> -1
2022-11-07 13:08:47,794 [pool-141-thread-1] INFO  server.RaftServer$Division (RaftServerImpl.java:start(334)) - 2277c71a-7226-47f8-a4ca-90f752095403@group-0F702FC51EF1: start as a follower, conf=-1: peers:[4c8c7e9c-fcb8-4cf5-b401-3fb7accb4cdc|rpc:10.1.0.171:46431|priority:0|startupRole:FOLLOWER, 8b45bab1-f519-4e04-ad6f-9efd561d6d57|rpc:10.1.0.171:33673|priority:1|startupRole:FOLLOWER, 2277c71a-7226-47f8-a4ca-90f752095403|rpc:10.1.0.171:35629|priority:0|startupRole:FOLLOWER]|listeners:[], old=null
2022-11-07 13:08:47,794 [pool-141-thread-1] INFO  server.RaftServer$Division (RaftServerImpl.java:setRole(321)) - 2277c71a-7226-47f8-a4ca-90f752095403@group-0F702FC51EF1: changes role from      null to FOLLOWER at term 0 for startAsFollower
2022-11-07 13:08:47,795 [pool-141-thread-1] INFO  impl.RoleInfo (RoleInfo.java:updateAndGet(139)) - 2277c71a-7226-47f8-a4ca-90f752095403: start 2277c71a-7226-47f8-a4ca-90f752095403@group-0F702FC51EF1-FollowerState
2022-11-07 13:08:47,798 [pool-141-thread-1] INFO  util.JmxRegister (JmxRegister.java:tryRegister(44)) - Successfully registered JMX Bean with object name Ratis:service=RaftServer,group=group-0F702FC51EF1,id=2277c71a-7226-47f8-a4ca-90f752095403
2022-11-07 13:08:47,799 [pool-141-thread-1] INFO  server.RaftServerConfigKeys (ConfUtils.java:logGet(46)) - raft.server.snapshot.auto.trigger.enabled = true (custom)
2022-11-07 13:08:47,799 [pool-141-thread-1] INFO  server.RaftServerConfigKeys (ConfUtils.java:logGet(46)) - raft.server.snapshot.auto.trigger.threshold = 10000 (custom)
2022-11-07 13:08:47,800 [pool-141-thread-1] INFO  server.RaftServerConfigKeys (ConfUtils.java:logGet(46)) - raft.server.snapshot.retention.file.num = 5 (custom)
2022-11-07 13:08:47,800 [pool-141-thread-1] INFO  server.RaftServerConfigKeys (ConfUtils.java:logGet(46)) - raft.server.log.purge.upto.snapshot.index = false (default)
2022-11-07 13:08:47,806 [Command processor thread] INFO  ratis.XceiverServerRatis (XceiverServerRatis.java:addGroup(765)) - Created group PipelineID=cdc51678-e820-4382-9164-0f702fc51ef1
2022-11-07 13:08:47,813 [2277c71a-7226-47f8-a4ca-90f752095403@group-0F702FC51EF1-FollowerState] INFO  server.RaftServerConfigKeys (ConfUtils.java:logFallback(53)) - raft.server.rpc.first-election.timeout.min = 5s (fallback to raft.server.rpc.timeout.min)
2022-11-07 13:08:47,813 [2277c71a-7226-47f8-a4ca-90f752095403@group-0F702FC51EF1-FollowerState] INFO  server.RaftServerConfigKeys (ConfUtils.java:logFallback(53)) - raft.server.rpc.first-election.timeout.max = 5200ms (fallback to raft.server.rpc.timeout.max)
2022-11-07 13:08:47,833 [grpc-default-executor-1] INFO  server.RaftServer (RaftServerProxy.java:addNew(96)) - 4c8c7e9c-fcb8-4cf5-b401-3fb7accb4cdc: addNew group-0F702FC51EF1:[4c8c7e9c-fcb8-4cf5-b401-3fb7accb4cdc|rpc:10.1.0.171:46431|dataStream:|priority:0|startupRole:FOLLOWER, 8b45bab1-f519-4e04-ad6f-9efd561d6d57|rpc:10.1.0.171:33673|dataStream:|priority:1|startupRole:FOLLOWER, 2277c71a-7226-47f8-a4ca-90f752095403|rpc:10.1.0.171:35629|dataStream:|priority:0|startupRole:FOLLOWER] returns group-0F702FC51EF1:java.util.concurrent.CompletableFuture@133ac568[Not completed]
2022-11-07 13:08:47,835 [pool-187-thread-1] INFO  server.RaftServer$Division (RaftServerImpl.java:<init>(195)) - 4c8c7e9c-fcb8-4cf5-b401-3fb7accb4cdc: new RaftServerImpl for group-0F702FC51EF1:[4c8c7e9c-fcb8-4cf5-b401-3fb7accb4cdc|rpc:10.1.0.171:46431|dataStream:|priority:0|startupRole:FOLLOWER, 8b45bab1-f519-4e04-ad6f-9efd561d6d57|rpc:10.1.0.171:33673|dataStream:|priority:1|startupRole:FOLLOWER, 2277c71a-7226-47f8-a4ca-90f752095403|rpc:10.1.0.171:35629|dataStream:|priority:0|startupRole:FOLLOWER] with ContainerStateMachine:uninitialized
2022-11-07 13:08:47,835 [pool-187-thread-1] INFO  server.RaftServerConfigKeys (ConfUtils.java:logGet(46)) - raft.server.rpc.timeout.min = 5s (custom)
2022-11-07 13:08:47,835 [pool-187-thread-1] INFO  server.RaftServerConfigKeys (ConfUtils.java:logGet(46)) - raft.server.rpc.timeout.max = 5200ms (custom)
2022-11-07 13:08:47,835 [pool-187-thread-1] INFO  server.RaftServerConfigKeys (ConfUtils.java:logGet(46)) - raft.server.rpc.sleep.time = 25ms (default)
2022-11-07 13:08:47,835 [pool-187-thread-1] INFO  server.RaftServerConfigKeys (ConfUtils.java:logGet(46)) - raft.server.rpc.slowness.timeout = 300s (custom)
2022-11-07 13:08:47,835 [pool-187-thread-1] INFO  server.RaftServerConfigKeys (ConfUtils.java:logGet(46)) - raft.server.leaderelection.leader.step-down.wait-time = 10s (default)
2022-11-07 13:08:47,835 [pool-187-thread-1] INFO  server.RaftServerConfigKeys (ConfUtils.java:logGet(46)) - raft.server.sleep.deviation.threshold = 300ms (default)
2022-11-07 13:08:47,835 [pool-187-thread-1] INFO  server.RaftServer$Division (ServerState.java:<init>(118)) - 4c8c7e9c-fcb8-4cf5-b401-3fb7accb4cdc@group-0F702FC51EF1: ConfigurationManager, init=-1: peers:[4c8c7e9c-fcb8-4cf5-b401-3fb7accb4cdc|rpc:10.1.0.171:46431|dataStream:|priority:0|startupRole:FOLLOWER, 8b45bab1-f519-4e04-ad6f-9efd561d6d57|rpc:10.1.0.171:33673|dataStream:|priority:1|startupRole:FOLLOWER, 2277c71a-7226-47f8-a4ca-90f752095403|rpc:10.1.0.171:35629|dataStream:|priority:0|startupRole:FOLLOWER]|listeners:[], old=null, confs=<EMPTY_MAP>
2022-11-07 13:08:47,836 [pool-187-thread-1] INFO  server.RaftServerConfigKeys (ConfUtils.java:logGet(46)) - raft.server.storage.dir = [/home/runner/work/ozone/ozone/hadoop-ozone/integration-test/target/test-dir/MiniOzoneClusterImpl-2a90587d-8655-4e72-8ce6-1bf59b520396/datanode-5/data/ratis] (custom)
2022-11-07 13:08:47,836 [pool-187-thread-1] INFO  server.RaftServerConfigKeys (ConfUtils.java:logGet(46)) - raft.server.log.corruption.policy = EXCEPTION (default)
2022-11-07 13:08:47,836 [pool-187-thread-1] INFO  server.RaftServerConfigKeys (ConfUtils.java:logGet(46)) - raft.server.storage.free-space.min = 0MB (=0) (default)
2022-11-07 13:08:47,836 [pool-187-thread-1] INFO  server.RaftServerConfigKeys (ConfUtils.java:logGet(46)) - raft.server.notification.no-leader.timeout = 300s (custom)
2022-11-07 13:08:47,836 [pool-187-thread-1] INFO  server.RaftServerConfigKeys (ConfUtils.java:logGet(46)) - raft.server.retrycache.expirytime = 600000ms (custom)
2022-11-07 13:08:47,837 [pool-187-thread-1] INFO  server.RaftServerConfigKeys (ConfUtils.java:logGet(46)) - raft.server.retrycache.statistics.expirytime = 100μs (default)
2022-11-07 13:08:47,839 [pool-187-thread-1] INFO  server.RaftServerConfigKeys (ConfUtils.java:logGet(46)) - raft.server.log.appender.install.snapshot.enabled = false (custom)
2022-11-07 13:08:47,840 [pool-187-thread-1] INFO  server.RaftServerConfigKeys (ConfUtils.java:logGet(46)) - raft.server.threadpool.server.cached = true (default)
2022-11-07 13:08:47,840 [pool-187-thread-1] INFO  server.RaftServerConfigKeys (ConfUtils.java:logGet(46)) - raft.server.threadpool.server.size = 0 (default)
2022-11-07 13:08:47,840 [pool-187-thread-1] INFO  server.RaftServerConfigKeys (ConfUtils.java:logGet(46)) - raft.server.threadpool.client.cached = true (default)
2022-11-07 13:08:47,840 [pool-187-thread-1] INFO  server.RaftServerConfigKeys (ConfUtils.java:logGet(46)) - raft.server.threadpool.client.size = 0 (default)
2022-11-07 13:08:47,840 [pool-187-thread-1] INFO  storage.RaftStorageDirectory (RaftStorageDirectoryImpl.java:analyzeStorage(137)) - The storage directory /home/runner/work/ozone/ozone/hadoop-ozone/integration-test/target/test-dir/MiniOzoneClusterImpl-2a90587d-8655-4e72-8ce6-1bf59b520396/datanode-5/data/ratis/cdc51678-e820-4382-9164-0f702fc51ef1 does not exist. Creating ...
2022-11-07 13:08:47,841 [pool-187-thread-1] INFO  storage.RaftStorageDirectory (RaftStorageDirectoryImpl.java:tryLock(231)) - Lock on /home/runner/work/ozone/ozone/hadoop-ozone/integration-test/target/test-dir/MiniOzoneClusterImpl-2a90587d-8655-4e72-8ce6-1bf59b520396/datanode-5/data/ratis/cdc51678-e820-4382-9164-0f702fc51ef1/in_use.lock acquired by nodename 14802@fv-az255-291
2022-11-07 13:08:47,843 [pool-187-thread-1] INFO  storage.RaftStorage (RaftStorageImpl.java:format(96)) - Storage directory /home/runner/work/ozone/ozone/hadoop-ozone/integration-test/target/test-dir/MiniOzoneClusterImpl-2a90587d-8655-4e72-8ce6-1bf59b520396/datanode-5/data/ratis/cdc51678-e820-4382-9164-0f702fc51ef1 has been successfully formatted.
2022-11-07 13:08:47,844 [pool-187-thread-1] INFO  ratis.ContainerStateMachine (ContainerStateMachine.java:loadSnapshot(236)) - group-0F702FC51EF1: The snapshot info is null. Setting the last applied indexto:(t:0, i:~)
2022-11-07 13:08:47,844 [pool-187-thread-1] INFO  server.RaftServerConfigKeys (ConfUtils.java:logGet(46)) - raft.server.log.use.memory = false (default)
2022-11-07 13:08:47,844 [pool-187-thread-1] INFO  server.RaftServerConfigKeys (ConfUtils.java:logGet(46)) - raft.server.log.purge.gap = 1000000 (custom)
2022-11-07 13:08:47,844 [pool-187-thread-1] INFO  server.RaftServerConfigKeys (ConfUtils.java:logGet(46)) - raft.server.log.appender.buffer.byte-limit = 33554432 (custom)
2022-11-07 13:08:47,844 [pool-187-thread-1] INFO  server.RaftServerConfigKeys (ConfUtils.java:logGet(46)) - raft.server.log.statemachine.data.read.timeout = 1000ms (default)
2022-11-07 13:08:47,844 [pool-187-thread-1] INFO  server.RaftServerConfigKeys (ConfUtils.java:logGet(46)) - raft.server.log.purge.preservation.log.num = 0 (default)
2022-11-07 13:08:47,844 [pool-187-thread-1] INFO  server.RaftServerConfigKeys (ConfUtils.java:logGet(46)) - raft.server.log.segment.size.max = 1048576 (custom)
2022-11-07 13:08:47,846 [pool-187-thread-1] INFO  server.RaftServerConfigKeys (ConfUtils.java:logGet(46)) - raft.server.log.segment.cache.num.max = 2 (custom)
2022-11-07 13:08:47,846 [pool-187-thread-1] INFO  server.RaftServerConfigKeys (ConfUtils.java:logGet(46)) - raft.server.log.segment.cache.size.max = 200MB (=209715200) (default)
2022-11-07 13:08:47,846 [pool-187-thread-1] INFO  segmented.SegmentedRaftLogWorker (SegmentedRaftLogWorker.java:<init>(191)) - new 4c8c7e9c-fcb8-4cf5-b401-3fb7accb4cdc@group-0F702FC51EF1-SegmentedRaftLogWorker for RaftStorageImpl:Storage Directory /home/runner/work/ozone/ozone/hadoop-ozone/integration-test/target/test-dir/MiniOzoneClusterImpl-2a90587d-8655-4e72-8ce6-1bf59b520396/datanode-5/data/ratis/cdc51678-e820-4382-9164-0f702fc51ef1
2022-11-07 13:08:47,846 [pool-187-thread-1] INFO  server.RaftServerConfigKeys (ConfUtils.java:logGet(46)) - raft.server.log.queue.byte-limit = 4294967296 (custom)
2022-11-07 13:08:47,846 [pool-187-thread-1] INFO  server.RaftServerConfigKeys (ConfUtils.java:logGet(46)) - raft.server.log.queue.element-limit = 1024 (custom)
2022-11-07 13:08:47,846 [pool-187-thread-1] INFO  server.RaftServerConfigKeys (ConfUtils.java:logGet(46)) - raft.server.log.segment.size.max = 1048576 (custom)
2022-11-07 13:08:47,847 [pool-187-thread-1] INFO  server.RaftServerConfigKeys (ConfUtils.java:logGet(46)) - raft.server.log.preallocated.size = 16384 (custom)
2022-11-07 13:08:47,847 [pool-187-thread-1] INFO  server.RaftServerConfigKeys (ConfUtils.java:logGet(46)) - raft.server.log.force.sync.num = 128 (default)
2022-11-07 13:08:47,847 [pool-187-thread-1] INFO  server.RaftServerConfigKeys (ConfUtils.java:logGet(46)) - raft.server.log.statemachine.data.sync = true (default)
2022-11-07 13:08:47,847 [pool-187-thread-1] INFO  server.RaftServerConfigKeys (ConfUtils.java:logGet(46)) - raft.server.log.statemachine.data.sync.timeout = 10s (default)
2022-11-07 13:08:47,847 [pool-187-thread-1] INFO  server.RaftServerConfigKeys (ConfUtils.java:logGet(46)) - raft.server.log.statemachine.data.sync.timeout.retry = -1 (default)
2022-11-07 13:08:47,848 [pool-187-thread-1] INFO  server.RaftServerConfigKeys (ConfUtils.java:logGet(46)) - raft.server.log.write.buffer.size = 1048576 (custom)
2022-11-07 13:08:47,849 [pool-187-thread-1] INFO  server.RaftServerConfigKeys (ConfUtils.java:logGet(46)) - raft.server.log.unsafe-flush.enabled = false (default)
2022-11-07 13:08:47,849 [pool-187-thread-1] INFO  server.RaftServerConfigKeys (ConfUtils.java:logGet(46)) - raft.server.log.async-flush.enabled = false (default)
2022-11-07 13:08:47,850 [pool-187-thread-1] INFO  server.RaftServerConfigKeys (ConfUtils.java:logGet(46)) - raft.server.log.statemachine.data.caching.enabled = true (custom)
2022-11-07 13:08:47,850 [pool-187-thread-1] INFO  segmented.SegmentedRaftLogWorker (SegmentedRaftLogWorker.java:lambda$new$0(136)) - 4c8c7e9c-fcb8-4cf5-b401-3fb7accb4cdc@group-0F702FC51EF1-SegmentedRaftLogWorker: flushIndex: setUnconditionally 0 -> -1
2022-11-07 13:08:47,850 [pool-187-thread-1] INFO  segmented.SegmentedRaftLogWorker (SegmentedRaftLogWorker.java:lambda$new$0(136)) - 4c8c7e9c-fcb8-4cf5-b401-3fb7accb4cdc@group-0F702FC51EF1-SegmentedRaftLogWorker: safeCacheEvictIndex: setUnconditionally 0 -> -1
2022-11-07 13:08:47,850 [pool-187-thread-1] INFO  server.RaftServer$Division (RaftServerImpl.java:start(334)) - 4c8c7e9c-fcb8-4cf5-b401-3fb7accb4cdc@group-0F702FC51EF1: start as a follower, conf=-1: peers:[4c8c7e9c-fcb8-4cf5-b401-3fb7accb4cdc|rpc:10.1.0.171:46431|dataStream:|priority:0|startupRole:FOLLOWER, 8b45bab1-f519-4e04-ad6f-9efd561d6d57|rpc:10.1.0.171:33673|dataStream:|priority:1|startupRole:FOLLOWER, 2277c71a-7226-47f8-a4ca-90f752095403|rpc:10.1.0.171:35629|dataStream:|priority:0|startupRole:FOLLOWER]|listeners:[], old=null
2022-11-07 13:08:47,850 [pool-187-thread-1] INFO  server.RaftServer$Division (RaftServerImpl.java:setRole(321)) - 4c8c7e9c-fcb8-4cf5-b401-3fb7accb4cdc@group-0F702FC51EF1: changes role from      null to FOLLOWER at term 0 for startAsFollower
2022-11-07 13:08:47,850 [pool-187-thread-1] INFO  impl.RoleInfo (RoleInfo.java:updateAndGet(139)) - 4c8c7e9c-fcb8-4cf5-b401-3fb7accb4cdc: start 4c8c7e9c-fcb8-4cf5-b401-3fb7accb4cdc@group-0F702FC51EF1-FollowerState
2022-11-07 13:08:47,851 [pool-187-thread-1] INFO  util.JmxRegister (JmxRegister.java:tryRegister(44)) - Successfully registered JMX Bean with object name Ratis:service=RaftServer,group=group-0F702FC51EF1,id=4c8c7e9c-fcb8-4cf5-b401-3fb7accb4cdc
2022-11-07 13:08:47,851 [pool-187-thread-1] INFO  server.RaftServerConfigKeys (ConfUtils.java:logGet(46)) - raft.server.snapshot.auto.trigger.enabled = true (custom)
2022-11-07 13:08:47,851 [pool-187-thread-1] INFO  server.RaftServerConfigKeys (ConfUtils.java:logGet(46)) - raft.server.snapshot.auto.trigger.threshold = 10000 (custom)
2022-11-07 13:08:47,852 [pool-187-thread-1] INFO  server.RaftServerConfigKeys (ConfUtils.java:logGet(46)) - raft.server.snapshot.retention.file.num = 5 (custom)
2022-11-07 13:08:47,852 [pool-187-thread-1] INFO  server.RaftServerConfigKeys (ConfUtils.java:logGet(46)) - raft.server.log.purge.upto.snapshot.index = false (default)
2022-11-07 13:08:47,853 [4c8c7e9c-fcb8-4cf5-b401-3fb7accb4cdc@group-0F702FC51EF1-FollowerState] INFO  server.RaftServerConfigKeys (ConfUtils.java:logFallback(53)) - raft.server.rpc.first-election.timeout.min = 5s (fallback to raft.server.rpc.timeout.min)
2022-11-07 13:08:47,859 [4c8c7e9c-fcb8-4cf5-b401-3fb7accb4cdc@group-0F702FC51EF1-FollowerState] INFO  server.RaftServerConfigKeys (ConfUtils.java:logFallback(53)) - raft.server.rpc.first-election.timeout.max = 5200ms (fallback to raft.server.rpc.timeout.max)
2022-11-07 13:08:47,902 [grpc-default-executor-1] INFO  server.RaftServer (RaftServerProxy.java:addNew(96)) - 8b45bab1-f519-4e04-ad6f-9efd561d6d57: addNew group-0F702FC51EF1:[4c8c7e9c-fcb8-4cf5-b401-3fb7accb4cdc|rpc:10.1.0.171:46431|dataStream:|priority:0|startupRole:FOLLOWER, 8b45bab1-f519-4e04-ad6f-9efd561d6d57|rpc:10.1.0.171:33673|dataStream:|priority:1|startupRole:FOLLOWER, 2277c71a-7226-47f8-a4ca-90f752095403|rpc:10.1.0.171:35629|dataStream:|priority:0|startupRole:FOLLOWER] returns group-0F702FC51EF1:java.util.concurrent.CompletableFuture@47768d86[Not completed]
2022-11-07 13:08:47,905 [pool-164-thread-1] INFO  server.RaftServer$Division (RaftServerImpl.java:<init>(195)) - 8b45bab1-f519-4e04-ad6f-9efd561d6d57: new RaftServerImpl for group-0F702FC51EF1:[4c8c7e9c-fcb8-4cf5-b401-3fb7accb4cdc|rpc:10.1.0.171:46431|dataStream:|priority:0|startupRole:FOLLOWER, 8b45bab1-f519-4e04-ad6f-9efd561d6d57|rpc:10.1.0.171:33673|dataStream:|priority:1|startupRole:FOLLOWER, 2277c71a-7226-47f8-a4ca-90f752095403|rpc:10.1.0.171:35629|dataStream:|priority:0|startupRole:FOLLOWER] with ContainerStateMachine:uninitialized
2022-11-07 13:08:47,905 [pool-164-thread-1] INFO  server.RaftServerConfigKeys (ConfUtils.java:logGet(46)) - raft.server.rpc.timeout.min = 5s (custom)
2022-11-07 13:08:47,905 [pool-164-thread-1] INFO  server.RaftServerConfigKeys (ConfUtils.java:logGet(46)) - raft.server.rpc.timeout.max = 5200ms (custom)
2022-11-07 13:08:47,905 [pool-164-thread-1] INFO  server.RaftServerConfigKeys (ConfUtils.java:logGet(46)) - raft.server.rpc.sleep.time = 25ms (default)
2022-11-07 13:08:47,905 [pool-164-thread-1] INFO  server.RaftServerConfigKeys (ConfUtils.java:logGet(46)) - raft.server.rpc.slowness.timeout = 300s (custom)
2022-11-07 13:08:47,905 [pool-164-thread-1] INFO  server.RaftServerConfigKeys (ConfUtils.java:logGet(46)) - raft.server.leaderelection.leader.step-down.wait-time = 10s (default)
2022-11-07 13:08:47,905 [pool-164-thread-1] INFO  server.RaftServerConfigKeys (ConfUtils.java:logGet(46)) - raft.server.sleep.deviation.threshold = 300ms (default)
2022-11-07 13:08:47,906 [pool-164-thread-1] INFO  server.RaftServer$Division (ServerState.java:<init>(118)) - 8b45bab1-f519-4e04-ad6f-9efd561d6d57@group-0F702FC51EF1: ConfigurationManager, init=-1: peers:[4c8c7e9c-fcb8-4cf5-b401-3fb7accb4cdc|rpc:10.1.0.171:46431|dataStream:|priority:0|startupRole:FOLLOWER, 8b45bab1-f519-4e04-ad6f-9efd561d6d57|rpc:10.1.0.171:33673|dataStream:|priority:1|startupRole:FOLLOWER, 2277c71a-7226-47f8-a4ca-90f752095403|rpc:10.1.0.171:35629|dataStream:|priority:0|startupRole:FOLLOWER]|listeners:[], old=null, confs=<EMPTY_MAP>
2022-11-07 13:08:47,906 [pool-164-thread-1] INFO  server.RaftServerConfigKeys (ConfUtils.java:logGet(46)) - raft.server.storage.dir = [/home/runner/work/ozone/ozone/hadoop-ozone/integration-test/target/test-dir/MiniOzoneClusterImpl-2a90587d-8655-4e72-8ce6-1bf59b520396/datanode-4/data/ratis] (custom)
2022-11-07 13:08:47,907 [pool-164-thread-1] INFO  server.RaftServerConfigKeys (ConfUtils.java:logGet(46)) - raft.server.log.corruption.policy = EXCEPTION (default)
2022-11-07 13:08:47,907 [pool-164-thread-1] INFO  server.RaftServerConfigKeys (ConfUtils.java:logGet(46)) - raft.server.storage.free-space.min = 0MB (=0) (default)
2022-11-07 13:08:47,907 [pool-164-thread-1] INFO  server.RaftServerConfigKeys (ConfUtils.java:logGet(46)) - raft.server.notification.no-leader.timeout = 300s (custom)
2022-11-07 13:08:47,907 [pool-164-thread-1] INFO  server.RaftServerConfigKeys (ConfUtils.java:logGet(46)) - raft.server.retrycache.expirytime = 600000ms (custom)
2022-11-07 13:08:47,907 [pool-164-thread-1] INFO  server.RaftServerConfigKeys (ConfUtils.java:logGet(46)) - raft.server.retrycache.statistics.expirytime = 100μs (default)
2022-11-07 13:08:47,911 [pool-164-thread-1] INFO  server.RaftServerConfigKeys (ConfUtils.java:logGet(46)) - raft.server.log.appender.install.snapshot.enabled = false (custom)
2022-11-07 13:08:47,911 [pool-164-thread-1] INFO  server.RaftServerConfigKeys (ConfUtils.java:logGet(46)) - raft.server.threadpool.server.cached = true (default)
2022-11-07 13:08:47,911 [pool-164-thread-1] INFO  server.RaftServerConfigKeys (ConfUtils.java:logGet(46)) - raft.server.threadpool.server.size = 0 (default)
2022-11-07 13:08:47,914 [pool-164-thread-1] INFO  server.RaftServerConfigKeys (ConfUtils.java:logGet(46)) - raft.server.threadpool.client.cached = true (default)
2022-11-07 13:08:47,914 [pool-164-thread-1] INFO  server.RaftServerConfigKeys (ConfUtils.java:logGet(46)) - raft.server.threadpool.client.size = 0 (default)
2022-11-07 13:08:47,914 [pool-164-thread-1] INFO  storage.RaftStorageDirectory (RaftStorageDirectoryImpl.java:analyzeStorage(137)) - The storage directory /home/runner/work/ozone/ozone/hadoop-ozone/integration-test/target/test-dir/MiniOzoneClusterImpl-2a90587d-8655-4e72-8ce6-1bf59b520396/datanode-4/data/ratis/cdc51678-e820-4382-9164-0f702fc51ef1 does not exist. Creating ...
2022-11-07 13:08:47,915 [pool-164-thread-1] INFO  storage.RaftStorageDirectory (RaftStorageDirectoryImpl.java:tryLock(231)) - Lock on /home/runner/work/ozone/ozone/hadoop-ozone/integration-test/target/test-dir/MiniOzoneClusterImpl-2a90587d-8655-4e72-8ce6-1bf59b520396/datanode-4/data/ratis/cdc51678-e820-4382-9164-0f702fc51ef1/in_use.lock acquired by nodename 14802@fv-az255-291
2022-11-07 13:08:47,917 [pool-164-thread-1] INFO  storage.RaftStorage (RaftStorageImpl.java:format(96)) - Storage directory /home/runner/work/ozone/ozone/hadoop-ozone/integration-test/target/test-dir/MiniOzoneClusterImpl-2a90587d-8655-4e72-8ce6-1bf59b520396/datanode-4/data/ratis/cdc51678-e820-4382-9164-0f702fc51ef1 has been successfully formatted.
2022-11-07 13:08:47,922 [pool-164-thread-1] INFO  ratis.ContainerStateMachine (ContainerStateMachine.java:loadSnapshot(236)) - group-0F702FC51EF1: The snapshot info is null. Setting the last applied indexto:(t:0, i:~)
2022-11-07 13:08:47,922 [pool-164-thread-1] INFO  server.RaftServerConfigKeys (ConfUtils.java:logGet(46)) - raft.server.log.use.memory = false (default)
2022-11-07 13:08:47,923 [pool-164-thread-1] INFO  server.RaftServerConfigKeys (ConfUtils.java:logGet(46)) - raft.server.log.purge.gap = 1000000 (custom)
2022-11-07 13:08:47,923 [pool-164-thread-1] INFO  server.RaftServerConfigKeys (ConfUtils.java:logGet(46)) - raft.server.log.appender.buffer.byte-limit = 33554432 (custom)
2022-11-07 13:08:47,923 [pool-164-thread-1] INFO  server.RaftServerConfigKeys (ConfUtils.java:logGet(46)) - raft.server.log.statemachine.data.read.timeout = 1000ms (default)
2022-11-07 13:08:47,923 [pool-164-thread-1] INFO  server.RaftServerConfigKeys (ConfUtils.java:logGet(46)) - raft.server.log.purge.preservation.log.num = 0 (default)
2022-11-07 13:08:47,923 [pool-164-thread-1] INFO  server.RaftServerConfigKeys (ConfUtils.java:logGet(46)) - raft.server.log.segment.size.max = 1048576 (custom)
2022-11-07 13:08:47,924 [pool-164-thread-1] INFO  server.RaftServerConfigKeys (ConfUtils.java:logGet(46)) - raft.server.log.segment.cache.num.max = 2 (custom)
2022-11-07 13:08:47,924 [pool-164-thread-1] INFO  server.RaftServerConfigKeys (ConfUtils.java:logGet(46)) - raft.server.log.segment.cache.size.max = 200MB (=209715200) (default)
2022-11-07 13:08:47,924 [pool-164-thread-1] INFO  segmented.SegmentedRaftLogWorker (SegmentedRaftLogWorker.java:<init>(191)) - new 8b45bab1-f519-4e04-ad6f-9efd561d6d57@group-0F702FC51EF1-SegmentedRaftLogWorker for RaftStorageImpl:Storage Directory /home/runner/work/ozone/ozone/hadoop-ozone/integration-test/target/test-dir/MiniOzoneClusterImpl-2a90587d-8655-4e72-8ce6-1bf59b520396/datanode-4/data/ratis/cdc51678-e820-4382-9164-0f702fc51ef1
2022-11-07 13:08:47,924 [pool-164-thread-1] INFO  server.RaftServerConfigKeys (ConfUtils.java:logGet(46)) - raft.server.log.queue.byte-limit = 4294967296 (custom)
2022-11-07 13:08:47,924 [pool-164-thread-1] INFO  server.RaftServerConfigKeys (ConfUtils.java:logGet(46)) - raft.server.log.queue.element-limit = 1024 (custom)
2022-11-07 13:08:47,924 [pool-164-thread-1] INFO  server.RaftServerConfigKeys (ConfUtils.java:logGet(46)) - raft.server.log.segment.size.max = 1048576 (custom)
2022-11-07 13:08:47,924 [pool-164-thread-1] INFO  server.RaftServerConfigKeys (ConfUtils.java:logGet(46)) - raft.server.log.preallocated.size = 16384 (custom)
2022-11-07 13:08:47,924 [pool-164-thread-1] INFO  server.RaftServerConfigKeys (ConfUtils.java:logGet(46)) - raft.server.log.force.sync.num = 128 (default)
2022-11-07 13:08:47,925 [pool-164-thread-1] INFO  server.RaftServerConfigKeys (ConfUtils.java:logGet(46)) - raft.server.log.statemachine.data.sync = true (default)
2022-11-07 13:08:47,925 [pool-164-thread-1] INFO  server.RaftServerConfigKeys (ConfUtils.java:logGet(46)) - raft.server.log.statemachine.data.sync.timeout = 10s (default)
2022-11-07 13:08:47,925 [pool-164-thread-1] INFO  server.RaftServerConfigKeys (ConfUtils.java:logGet(46)) - raft.server.log.statemachine.data.sync.timeout.retry = -1 (default)
2022-11-07 13:08:47,927 [pool-164-thread-1] INFO  server.RaftServerConfigKeys (ConfUtils.java:logGet(46)) - raft.server.log.write.buffer.size = 1048576 (custom)
2022-11-07 13:08:47,929 [pool-164-thread-1] INFO  server.RaftServerConfigKeys (ConfUtils.java:logGet(46)) - raft.server.log.unsafe-flush.enabled = false (default)
2022-11-07 13:08:47,929 [pool-164-thread-1] INFO  server.RaftServerConfigKeys (ConfUtils.java:logGet(46)) - raft.server.log.async-flush.enabled = false (default)
2022-11-07 13:08:47,929 [pool-164-thread-1] INFO  server.RaftServerConfigKeys (ConfUtils.java:logGet(46)) - raft.server.log.statemachine.data.caching.enabled = true (custom)
2022-11-07 13:08:47,929 [pool-164-thread-1] INFO  segmented.SegmentedRaftLogWorker (SegmentedRaftLogWorker.java:lambda$new$0(136)) - 8b45bab1-f519-4e04-ad6f-9efd561d6d57@group-0F702FC51EF1-SegmentedRaftLogWorker: flushIndex: setUnconditionally 0 -> -1
2022-11-07 13:08:47,929 [pool-164-thread-1] INFO  segmented.SegmentedRaftLogWorker (SegmentedRaftLogWorker.java:lambda$new$0(136)) - 8b45bab1-f519-4e04-ad6f-9efd561d6d57@group-0F702FC51EF1-SegmentedRaftLogWorker: safeCacheEvictIndex: setUnconditionally 0 -> -1
2022-11-07 13:08:47,930 [pool-164-thread-1] INFO  server.RaftServer$Division (RaftServerImpl.java:start(334)) - 8b45bab1-f519-4e04-ad6f-9efd561d6d57@group-0F702FC51EF1: start as a follower, conf=-1: peers:[4c8c7e9c-fcb8-4cf5-b401-3fb7accb4cdc|rpc:10.1.0.171:46431|dataStream:|priority:0|startupRole:FOLLOWER, 8b45bab1-f519-4e04-ad6f-9efd561d6d57|rpc:10.1.0.171:33673|dataStream:|priority:1|startupRole:FOLLOWER, 2277c71a-7226-47f8-a4ca-90f752095403|rpc:10.1.0.171:35629|dataStream:|priority:0|startupRole:FOLLOWER]|listeners:[], old=null
2022-11-07 13:08:47,930 [pool-164-thread-1] INFO  server.RaftServer$Division (RaftServerImpl.java:setRole(321)) - 8b45bab1-f519-4e04-ad6f-9efd561d6d57@group-0F702FC51EF1: changes role from      null to FOLLOWER at term 0 for startAsFollower
2022-11-07 13:08:47,931 [pool-164-thread-1] INFO  impl.RoleInfo (RoleInfo.java:updateAndGet(139)) - 8b45bab1-f519-4e04-ad6f-9efd561d6d57: start 8b45bab1-f519-4e04-ad6f-9efd561d6d57@group-0F702FC51EF1-FollowerState
2022-11-07 13:08:47,934 [pool-164-thread-1] INFO  util.JmxRegister (JmxRegister.java:tryRegister(44)) - Successfully registered JMX Bean with object name Ratis:service=RaftServer,group=group-0F702FC51EF1,id=8b45bab1-f519-4e04-ad6f-9efd561d6d57
2022-11-07 13:08:47,935 [pool-164-thread-1] INFO  server.RaftServerConfigKeys (ConfUtils.java:logGet(46)) - raft.server.snapshot.auto.trigger.enabled = true (custom)
2022-11-07 13:08:47,935 [pool-164-thread-1] INFO  server.RaftServerConfigKeys (ConfUtils.java:logGet(46)) - raft.server.snapshot.auto.trigger.threshold = 10000 (custom)
2022-11-07 13:08:47,935 [pool-164-thread-1] INFO  server.RaftServerConfigKeys (ConfUtils.java:logGet(46)) - raft.server.snapshot.retention.file.num = 5 (custom)
2022-11-07 13:08:47,935 [pool-164-thread-1] INFO  server.RaftServerConfigKeys (ConfUtils.java:logGet(46)) - raft.server.log.purge.upto.snapshot.index = false (default)
2022-11-07 13:08:47,936 [8b45bab1-f519-4e04-ad6f-9efd561d6d57@group-0F702FC51EF1-FollowerState] INFO  server.RaftServerConfigKeys (ConfUtils.java:logFallback(53)) - raft.server.rpc.first-election.timeout.min = 5s (fallback to raft.server.rpc.timeout.min)
2022-11-07 13:08:47,953 [8b45bab1-f519-4e04-ad6f-9efd561d6d57@group-0F702FC51EF1-FollowerState] INFO  server.RaftServerConfigKeys (ConfUtils.java:logFallback(53)) - raft.server.rpc.first-election.timeout.max = 5200ms (fallback to raft.server.rpc.timeout.max)
2022-11-07 13:08:47,969 [Command processor thread] INFO  commandhandler.CreatePipelineCommandHandler (CreatePipelineCommandHandler.java:handle(113)) - Created Pipeline RATIS THREE PipelineID=cdc51678-e820-4382-9164-0f702fc51ef1.
2022-11-07 13:08:47,969 [Command processor thread] INFO  server.RaftServer (RaftServerProxy.java:addNew(96)) - 2277c71a-7226-47f8-a4ca-90f752095403: addNew group-199B584234DF:[4c8c7e9c-fcb8-4cf5-b401-3fb7accb4cdc|rpc:10.1.0.171:46431|priority:0|startupRole:FOLLOWER, 8b45bab1-f519-4e04-ad6f-9efd561d6d57|rpc:10.1.0.171:33673|priority:0|startupRole:FOLLOWER, 2277c71a-7226-47f8-a4ca-90f752095403|rpc:10.1.0.171:35629|priority:1|startupRole:FOLLOWER] returns group-199B584234DF:java.util.concurrent.CompletableFuture@5e732918[Not completed]
2022-11-07 13:08:47,970 [pool-141-thread-1] INFO  server.RaftServer$Division (RaftServerImpl.java:<init>(195)) - 2277c71a-7226-47f8-a4ca-90f752095403: new RaftServerImpl for group-199B584234DF:[4c8c7e9c-fcb8-4cf5-b401-3fb7accb4cdc|rpc:10.1.0.171:46431|priority:0|startupRole:FOLLOWER, 8b45bab1-f519-4e04-ad6f-9efd561d6d57|rpc:10.1.0.171:33673|priority:0|startupRole:FOLLOWER, 2277c71a-7226-47f8-a4ca-90f752095403|rpc:10.1.0.171:35629|priority:1|startupRole:FOLLOWER] with ContainerStateMachine:uninitialized
2022-11-07 13:08:47,970 [pool-141-thread-1] INFO  server.RaftServerConfigKeys (ConfUtils.java:logGet(46)) - raft.server.rpc.timeout.min = 5s (custom)
2022-11-07 13:08:47,970 [pool-141-thread-1] INFO  server.RaftServerConfigKeys (ConfUtils.java:logGet(46)) - raft.server.rpc.timeout.max = 5200ms (custom)
2022-11-07 13:08:47,970 [pool-141-thread-1] INFO  server.RaftServerConfigKeys (ConfUtils.java:logGet(46)) - raft.server.rpc.sleep.time = 25ms (default)
2022-11-07 13:08:47,970 [pool-141-thread-1] INFO  server.RaftServerConfigKeys (ConfUtils.java:logGet(46)) - raft.server.rpc.slowness.timeout = 300s (custom)
2022-11-07 13:08:47,971 [pool-141-thread-1] INFO  server.RaftServerConfigKeys (ConfUtils.java:logGet(46)) - raft.server.leaderelection.leader.step-down.wait-time = 10s (default)
2022-11-07 13:08:47,971 [pool-141-thread-1] INFO  server.RaftServerConfigKeys (ConfUtils.java:logGet(46)) - raft.server.sleep.deviation.threshold = 300ms (default)
2022-11-07 13:08:47,971 [pool-141-thread-1] INFO  server.RaftServer$Division (ServerState.java:<init>(118)) - 2277c71a-7226-47f8-a4ca-90f752095403@group-199B584234DF: ConfigurationManager, init=-1: peers:[4c8c7e9c-fcb8-4cf5-b401-3fb7accb4cdc|rpc:10.1.0.171:46431|priority:0|startupRole:FOLLOWER, 8b45bab1-f519-4e04-ad6f-9efd561d6d57|rpc:10.1.0.171:33673|priority:0|startupRole:FOLLOWER, 2277c71a-7226-47f8-a4ca-90f752095403|rpc:10.1.0.171:35629|priority:1|startupRole:FOLLOWER]|listeners:[], old=null, confs=<EMPTY_MAP>
2022-11-07 13:08:47,971 [pool-141-thread-1] INFO  server.RaftServerConfigKeys (ConfUtils.java:logGet(46)) - raft.server.storage.dir = [/home/runner/work/ozone/ozone/hadoop-ozone/integration-test/target/test-dir/MiniOzoneClusterImpl-2a90587d-8655-4e72-8ce6-1bf59b520396/datanode-3/data/ratis] (custom)
2022-11-07 13:08:47,971 [pool-141-thread-1] INFO  server.RaftServerConfigKeys (ConfUtils.java:logGet(46)) - raft.server.log.corruption.policy = EXCEPTION (default)
2022-11-07 13:08:47,971 [pool-141-thread-1] INFO  server.RaftServerConfigKeys (ConfUtils.java:logGet(46)) - raft.server.storage.free-space.min = 0MB (=0) (default)
2022-11-07 13:08:47,971 [pool-141-thread-1] INFO  server.RaftServerConfigKeys (ConfUtils.java:logGet(46)) - raft.server.notification.no-leader.timeout = 300s (custom)
2022-11-07 13:08:47,971 [pool-141-thread-1] INFO  server.RaftServerConfigKeys (ConfUtils.java:logGet(46)) - raft.server.retrycache.expirytime = 600000ms (custom)
2022-11-07 13:08:47,971 [pool-141-thread-1] INFO  server.RaftServerConfigKeys (ConfUtils.java:logGet(46)) - raft.server.retrycache.statistics.expirytime = 100μs (default)
2022-11-07 13:08:47,973 [pool-141-thread-1] INFO  server.RaftServerConfigKeys (ConfUtils.java:logGet(46)) - raft.server.log.appender.install.snapshot.enabled = false (custom)
2022-11-07 13:08:47,973 [pool-141-thread-1] INFO  server.RaftServerConfigKeys (ConfUtils.java:logGet(46)) - raft.server.threadpool.server.cached = true (default)
2022-11-07 13:08:47,973 [pool-141-thread-1] INFO  server.RaftServerConfigKeys (ConfUtils.java:logGet(46)) - raft.server.threadpool.server.size = 0 (default)
2022-11-07 13:08:47,973 [pool-141-thread-1] INFO  server.RaftServerConfigKeys (ConfUtils.java:logGet(46)) - raft.server.threadpool.client.cached = true (default)
2022-11-07 13:08:47,973 [pool-141-thread-1] INFO  server.RaftServerConfigKeys (ConfUtils.java:logGet(46)) - raft.server.threadpool.client.size = 0 (default)
2022-11-07 13:08:47,973 [pool-141-thread-1] INFO  storage.RaftStorageDirectory (RaftStorageDirectoryImpl.java:analyzeStorage(137)) - The storage directory /home/runner/work/ozone/ozone/hadoop-ozone/integration-test/target/test-dir/MiniOzoneClusterImpl-2a90587d-8655-4e72-8ce6-1bf59b520396/datanode-3/data/ratis/ef765816-2baf-4ec2-bfd0-199b584234df does not exist. Creating ...
2022-11-07 13:08:47,976 [pool-141-thread-1] INFO  storage.RaftStorageDirectory (RaftStorageDirectoryImpl.java:tryLock(231)) - Lock on /home/runner/work/ozone/ozone/hadoop-ozone/integration-test/target/test-dir/MiniOzoneClusterImpl-2a90587d-8655-4e72-8ce6-1bf59b520396/datanode-3/data/ratis/ef765816-2baf-4ec2-bfd0-199b584234df/in_use.lock acquired by nodename 14802@fv-az255-291
2022-11-07 13:08:47,977 [pool-141-thread-1] INFO  storage.RaftStorage (RaftStorageImpl.java:format(96)) - Storage directory /home/runner/work/ozone/ozone/hadoop-ozone/integration-test/target/test-dir/MiniOzoneClusterImpl-2a90587d-8655-4e72-8ce6-1bf59b520396/datanode-3/data/ratis/ef765816-2baf-4ec2-bfd0-199b584234df has been successfully formatted.
2022-11-07 13:08:47,979 [pool-141-thread-1] INFO  ratis.ContainerStateMachine (ContainerStateMachine.java:loadSnapshot(236)) - group-199B584234DF: The snapshot info is null. Setting the last applied indexto:(t:0, i:~)
2022-11-07 13:08:47,979 [pool-141-thread-1] INFO  server.RaftServerConfigKeys (ConfUtils.java:logGet(46)) - raft.server.log.use.memory = false (default)
2022-11-07 13:08:47,979 [pool-141-thread-1] INFO  server.RaftServerConfigKeys (ConfUtils.java:logGet(46)) - raft.server.log.purge.gap = 1000000 (custom)
2022-11-07 13:08:47,979 [pool-141-thread-1] INFO  server.RaftServerConfigKeys (ConfUtils.java:logGet(46)) - raft.server.log.appender.buffer.byte-limit = 33554432 (custom)
2022-11-07 13:08:47,979 [pool-141-thread-1] INFO  server.RaftServerConfigKeys (ConfUtils.java:logGet(46)) - raft.server.log.statemachine.data.read.timeout = 1000ms (default)
2022-11-07 13:08:47,979 [pool-141-thread-1] INFO  server.RaftServerConfigKeys (ConfUtils.java:logGet(46)) - raft.server.log.purge.preservation.log.num = 0 (default)
2022-11-07 13:08:47,979 [pool-141-thread-1] INFO  server.RaftServerConfigKeys (ConfUtils.java:logGet(46)) - raft.server.log.segment.size.max = 1048576 (custom)
2022-11-07 13:08:47,980 [EventQueue-OpenPipelineForHealthyPipelineSafeModeRule] INFO  safemode.SCMSafeModeManager (HealthyPipelineSafeModeRule.java:process(137)) - SCM in safe mode. Healthy pipelines reported count is 0, required healthy pipeline reported count is 1
2022-11-07 13:08:47,980 [pool-141-thread-1] INFO  server.RaftServerConfigKeys (ConfUtils.java:logGet(46)) - raft.server.log.segment.cache.num.max = 2 (custom)
2022-11-07 13:08:47,981 [pool-141-thread-1] INFO  server.RaftServerConfigKeys (ConfUtils.java:logGet(46)) - raft.server.log.segment.cache.size.max = 200MB (=209715200) (default)
2022-11-07 13:08:47,981 [pool-141-thread-1] INFO  segmented.SegmentedRaftLogWorker (SegmentedRaftLogWorker.java:<init>(191)) - new 2277c71a-7226-47f8-a4ca-90f752095403@group-199B584234DF-SegmentedRaftLogWorker for RaftStorageImpl:Storage Directory /home/runner/work/ozone/ozone/hadoop-ozone/integration-test/target/test-dir/MiniOzoneClusterImpl-2a90587d-8655-4e72-8ce6-1bf59b520396/datanode-3/data/ratis/ef765816-2baf-4ec2-bfd0-199b584234df
2022-11-07 13:08:47,982 [pool-141-thread-1] INFO  server.RaftServerConfigKeys (ConfUtils.java:logGet(46)) - raft.server.log.queue.byte-limit = 4294967296 (custom)
2022-11-07 13:08:47,982 [pool-141-thread-1] INFO  server.RaftServerConfigKeys (ConfUtils.java:logGet(46)) - raft.server.log.queue.element-limit = 1024 (custom)
2022-11-07 13:08:47,982 [pool-141-thread-1] INFO  server.RaftServerConfigKeys (ConfUtils.java:logGet(46)) - raft.server.log.segment.size.max = 1048576 (custom)
2022-11-07 13:08:47,982 [pool-141-thread-1] INFO  server.RaftServerConfigKeys (ConfUtils.java:logGet(46)) - raft.server.log.preallocated.size = 16384 (custom)
2022-11-07 13:08:47,982 [pool-141-thread-1] INFO  server.RaftServerConfigKeys (ConfUtils.java:logGet(46)) - raft.server.log.force.sync.num = 128 (default)
2022-11-07 13:08:47,982 [pool-141-thread-1] INFO  server.RaftServerConfigKeys (ConfUtils.java:logGet(46)) - raft.server.log.statemachine.data.sync = true (default)
2022-11-07 13:08:47,982 [pool-141-thread-1] INFO  server.RaftServerConfigKeys (ConfUtils.java:logGet(46)) - raft.server.log.statemachine.data.sync.timeout = 10s (default)
2022-11-07 13:08:47,982 [pool-141-thread-1] INFO  server.RaftServerConfigKeys (ConfUtils.java:logGet(46)) - raft.server.log.statemachine.data.sync.timeout.retry = -1 (default)
2022-11-07 13:08:47,985 [pool-141-thread-1] INFO  server.RaftServerConfigKeys (ConfUtils.java:logGet(46)) - raft.server.log.write.buffer.size = 1048576 (custom)
2022-11-07 13:08:47,986 [pool-141-thread-1] INFO  server.RaftServerConfigKeys (ConfUtils.java:logGet(46)) - raft.server.log.unsafe-flush.enabled = false (default)
2022-11-07 13:08:47,986 [pool-141-thread-1] INFO  server.RaftServerConfigKeys (ConfUtils.java:logGet(46)) - raft.server.log.async-flush.enabled = false (default)
2022-11-07 13:08:47,986 [pool-141-thread-1] INFO  server.RaftServerConfigKeys (ConfUtils.java:logGet(46)) - raft.server.log.statemachine.data.caching.enabled = true (custom)
2022-11-07 13:08:47,986 [pool-141-thread-1] INFO  segmented.SegmentedRaftLogWorker (SegmentedRaftLogWorker.java:lambda$new$0(136)) - 2277c71a-7226-47f8-a4ca-90f752095403@group-199B584234DF-SegmentedRaftLogWorker: flushIndex: setUnconditionally 0 -> -1
2022-11-07 13:08:47,986 [pool-141-thread-1] INFO  segmented.SegmentedRaftLogWorker (SegmentedRaftLogWorker.java:lambda$new$0(136)) - 2277c71a-7226-47f8-a4ca-90f752095403@group-199B584234DF-SegmentedRaftLogWorker: safeCacheEvictIndex: setUnconditionally 0 -> -1
2022-11-07 13:08:47,990 [pool-141-thread-1] INFO  server.RaftServer$Division (RaftServerImpl.java:start(334)) - 2277c71a-7226-47f8-a4ca-90f752095403@group-199B584234DF: start as a follower, conf=-1: peers:[4c8c7e9c-fcb8-4cf5-b401-3fb7accb4cdc|rpc:10.1.0.171:46431|priority:0|startupRole:FOLLOWER, 8b45bab1-f519-4e04-ad6f-9efd561d6d57|rpc:10.1.0.171:33673|priority:0|startupRole:FOLLOWER, 2277c71a-7226-47f8-a4ca-90f752095403|rpc:10.1.0.171:35629|priority:1|startupRole:FOLLOWER]|listeners:[], old=null
2022-11-07 13:08:47,990 [pool-141-thread-1] INFO  server.RaftServer$Division (RaftServerImpl.java:setRole(321)) - 2277c71a-7226-47f8-a4ca-90f752095403@group-199B584234DF: changes role from      null to FOLLOWER at term 0 for startAsFollower
2022-11-07 13:08:47,991 [pool-141-thread-1] INFO  impl.RoleInfo (RoleInfo.java:updateAndGet(139)) - 2277c71a-7226-47f8-a4ca-90f752095403: start 2277c71a-7226-47f8-a4ca-90f752095403@group-199B584234DF-FollowerState
2022-11-07 13:08:47,993 [pool-141-thread-1] INFO  util.JmxRegister (JmxRegister.java:tryRegister(44)) - Successfully registered JMX Bean with object name Ratis:service=RaftServer,group=group-199B584234DF,id=2277c71a-7226-47f8-a4ca-90f752095403
2022-11-07 13:08:47,993 [pool-141-thread-1] INFO  server.RaftServerConfigKeys (ConfUtils.java:logGet(46)) - raft.server.snapshot.auto.trigger.enabled = true (custom)
2022-11-07 13:08:47,993 [pool-141-thread-1] INFO  server.RaftServerConfigKeys (ConfUtils.java:logGet(46)) - raft.server.snapshot.auto.trigger.threshold = 10000 (custom)
2022-11-07 13:08:47,994 [pool-141-thread-1] INFO  server.RaftServerConfigKeys (ConfUtils.java:logGet(46)) - raft.server.snapshot.retention.file.num = 5 (custom)
2022-11-07 13:08:47,994 [pool-141-thread-1] INFO  server.RaftServerConfigKeys (ConfUtils.java:logGet(46)) - raft.server.log.purge.upto.snapshot.index = false (default)
2022-11-07 13:08:47,994 [2277c71a-7226-47f8-a4ca-90f752095403@group-199B584234DF-FollowerState] INFO  server.RaftServerConfigKeys (ConfUtils.java:logFallback(53)) - raft.server.rpc.first-election.timeout.min = 5s (fallback to raft.server.rpc.timeout.min)
2022-11-07 13:08:47,994 [2277c71a-7226-47f8-a4ca-90f752095403@group-199B584234DF-FollowerState] INFO  server.RaftServerConfigKeys (ConfUtils.java:logFallback(53)) - raft.server.rpc.first-election.timeout.max = 5200ms (fallback to raft.server.rpc.timeout.max)
2022-11-07 13:08:47,995 [Command processor thread] INFO  ratis.XceiverServerRatis (XceiverServerRatis.java:addGroup(765)) - Created group PipelineID=ef765816-2baf-4ec2-bfd0-199b584234df
2022-11-07 13:08:48,024 [grpc-default-executor-1] INFO  server.RaftServer (RaftServerProxy.java:addNew(96)) - 4c8c7e9c-fcb8-4cf5-b401-3fb7accb4cdc: addNew group-199B584234DF:[4c8c7e9c-fcb8-4cf5-b401-3fb7accb4cdc|rpc:10.1.0.171:46431|dataStream:|priority:0|startupRole:FOLLOWER, 8b45bab1-f519-4e04-ad6f-9efd561d6d57|rpc:10.1.0.171:33673|dataStream:|priority:0|startupRole:FOLLOWER, 2277c71a-7226-47f8-a4ca-90f752095403|rpc:10.1.0.171:35629|dataStream:|priority:1|startupRole:FOLLOWER] returns group-199B584234DF:java.util.concurrent.CompletableFuture@4beef69a[Not completed]
2022-11-07 13:08:48,025 [pool-187-thread-1] INFO  server.RaftServer$Division (RaftServerImpl.java:<init>(195)) - 4c8c7e9c-fcb8-4cf5-b401-3fb7accb4cdc: new RaftServerImpl for group-199B584234DF:[4c8c7e9c-fcb8-4cf5-b401-3fb7accb4cdc|rpc:10.1.0.171:46431|dataStream:|priority:0|startupRole:FOLLOWER, 8b45bab1-f519-4e04-ad6f-9efd561d6d57|rpc:10.1.0.171:33673|dataStream:|priority:0|startupRole:FOLLOWER, 2277c71a-7226-47f8-a4ca-90f752095403|rpc:10.1.0.171:35629|dataStream:|priority:1|startupRole:FOLLOWER] with ContainerStateMachine:uninitialized
2022-11-07 13:08:48,025 [pool-187-thread-1] INFO  server.RaftServerConfigKeys (ConfUtils.java:logGet(46)) - raft.server.rpc.timeout.min = 5s (custom)
2022-11-07 13:08:48,025 [pool-187-thread-1] INFO  server.RaftServerConfigKeys (ConfUtils.java:logGet(46)) - raft.server.rpc.timeout.max = 5200ms (custom)
2022-11-07 13:08:48,026 [pool-187-thread-1] INFO  server.RaftServerConfigKeys (ConfUtils.java:logGet(46)) - raft.server.rpc.sleep.time = 25ms (default)
2022-11-07 13:08:48,026 [pool-187-thread-1] INFO  server.RaftServerConfigKeys (ConfUtils.java:logGet(46)) - raft.server.rpc.slowness.timeout = 300s (custom)
2022-11-07 13:08:48,026 [pool-187-thread-1] INFO  server.RaftServerConfigKeys (ConfUtils.java:logGet(46)) - raft.server.leaderelection.leader.step-down.wait-time = 10s (default)
2022-11-07 13:08:48,026 [pool-187-thread-1] INFO  server.RaftServerConfigKeys (ConfUtils.java:logGet(46)) - raft.server.sleep.deviation.threshold = 300ms (default)
2022-11-07 13:08:48,026 [pool-187-thread-1] INFO  server.RaftServer$Division (ServerState.java:<init>(118)) - 4c8c7e9c-fcb8-4cf5-b401-3fb7accb4cdc@group-199B584234DF: ConfigurationManager, init=-1: peers:[4c8c7e9c-fcb8-4cf5-b401-3fb7accb4cdc|rpc:10.1.0.171:46431|dataStream:|priority:0|startupRole:FOLLOWER, 8b45bab1-f519-4e04-ad6f-9efd561d6d57|rpc:10.1.0.171:33673|dataStream:|priority:0|startupRole:FOLLOWER, 2277c71a-7226-47f8-a4ca-90f752095403|rpc:10.1.0.171:35629|dataStream:|priority:1|startupRole:FOLLOWER]|listeners:[], old=null, confs=<EMPTY_MAP>
2022-11-07 13:08:48,026 [pool-187-thread-1] INFO  server.RaftServerConfigKeys (ConfUtils.java:logGet(46)) - raft.server.storage.dir = [/home/runner/work/ozone/ozone/hadoop-ozone/integration-test/target/test-dir/MiniOzoneClusterImpl-2a90587d-8655-4e72-8ce6-1bf59b520396/datanode-5/data/ratis] (custom)
2022-11-07 13:08:48,026 [pool-187-thread-1] INFO  server.RaftServerConfigKeys (ConfUtils.java:logGet(46)) - raft.server.log.corruption.policy = EXCEPTION (default)
2022-11-07 13:08:48,026 [pool-187-thread-1] INFO  server.RaftServerConfigKeys (ConfUtils.java:logGet(46)) - raft.server.storage.free-space.min = 0MB (=0) (default)
2022-11-07 13:08:48,027 [pool-187-thread-1] INFO  server.RaftServerConfigKeys (ConfUtils.java:logGet(46)) - raft.server.notification.no-leader.timeout = 300s (custom)
2022-11-07 13:08:48,027 [pool-187-thread-1] INFO  server.RaftServerConfigKeys (ConfUtils.java:logGet(46)) - raft.server.retrycache.expirytime = 600000ms (custom)
2022-11-07 13:08:48,027 [pool-187-thread-1] INFO  server.RaftServerConfigKeys (ConfUtils.java:logGet(46)) - raft.server.retrycache.statistics.expirytime = 100μs (default)
2022-11-07 13:08:48,029 [pool-187-thread-1] INFO  server.RaftServerConfigKeys (ConfUtils.java:logGet(46)) - raft.server.log.appender.install.snapshot.enabled = false (custom)
2022-11-07 13:08:48,029 [pool-187-thread-1] INFO  server.RaftServerConfigKeys (ConfUtils.java:logGet(46)) - raft.server.threadpool.server.cached = true (default)
2022-11-07 13:08:48,029 [pool-187-thread-1] INFO  server.RaftServerConfigKeys (ConfUtils.java:logGet(46)) - raft.server.threadpool.server.size = 0 (default)
2022-11-07 13:08:48,029 [pool-187-thread-1] INFO  server.RaftServerConfigKeys (ConfUtils.java:logGet(46)) - raft.server.threadpool.client.cached = true (default)
2022-11-07 13:08:48,029 [pool-187-thread-1] INFO  server.RaftServerConfigKeys (ConfUtils.java:logGet(46)) - raft.server.threadpool.client.size = 0 (default)
2022-11-07 13:08:48,029 [pool-187-thread-1] INFO  storage.RaftStorageDirectory (RaftStorageDirectoryImpl.java:analyzeStorage(137)) - The storage directory /home/runner/work/ozone/ozone/hadoop-ozone/integration-test/target/test-dir/MiniOzoneClusterImpl-2a90587d-8655-4e72-8ce6-1bf59b520396/datanode-5/data/ratis/ef765816-2baf-4ec2-bfd0-199b584234df does not exist. Creating ...
2022-11-07 13:08:48,031 [pool-187-thread-1] INFO  storage.RaftStorageDirectory (RaftStorageDirectoryImpl.java:tryLock(231)) - Lock on /home/runner/work/ozone/ozone/hadoop-ozone/integration-test/target/test-dir/MiniOzoneClusterImpl-2a90587d-8655-4e72-8ce6-1bf59b520396/datanode-5/data/ratis/ef765816-2baf-4ec2-bfd0-199b584234df/in_use.lock acquired by nodename 14802@fv-az255-291
2022-11-07 13:08:48,032 [pool-187-thread-1] INFO  storage.RaftStorage (RaftStorageImpl.java:format(96)) - Storage directory /home/runner/work/ozone/ozone/hadoop-ozone/integration-test/target/test-dir/MiniOzoneClusterImpl-2a90587d-8655-4e72-8ce6-1bf59b520396/datanode-5/data/ratis/ef765816-2baf-4ec2-bfd0-199b584234df has been successfully formatted.
2022-11-07 13:08:48,033 [pool-187-thread-1] INFO  ratis.ContainerStateMachine (ContainerStateMachine.java:loadSnapshot(236)) - group-199B584234DF: The snapshot info is null. Setting the last applied indexto:(t:0, i:~)
2022-11-07 13:08:48,033 [pool-187-thread-1] INFO  server.RaftServerConfigKeys (ConfUtils.java:logGet(46)) - raft.server.log.use.memory = false (default)
2022-11-07 13:08:48,033 [pool-187-thread-1] INFO  server.RaftServerConfigKeys (ConfUtils.java:logGet(46)) - raft.server.log.purge.gap = 1000000 (custom)
2022-11-07 13:08:48,033 [pool-187-thread-1] INFO  server.RaftServerConfigKeys (ConfUtils.java:logGet(46)) - raft.server.log.appender.buffer.byte-limit = 33554432 (custom)
2022-11-07 13:08:48,033 [pool-187-thread-1] INFO  server.RaftServerConfigKeys (ConfUtils.java:logGet(46)) - raft.server.log.statemachine.data.read.timeout = 1000ms (default)
2022-11-07 13:08:48,033 [pool-187-thread-1] INFO  server.RaftServerConfigKeys (ConfUtils.java:logGet(46)) - raft.server.log.purge.preservation.log.num = 0 (default)
2022-11-07 13:08:48,034 [pool-187-thread-1] INFO  server.RaftServerConfigKeys (ConfUtils.java:logGet(46)) - raft.server.log.segment.size.max = 1048576 (custom)
2022-11-07 13:08:48,035 [pool-187-thread-1] INFO  server.RaftServerConfigKeys (ConfUtils.java:logGet(46)) - raft.server.log.segment.cache.num.max = 2 (custom)
2022-11-07 13:08:48,035 [pool-187-thread-1] INFO  server.RaftServerConfigKeys (ConfUtils.java:logGet(46)) - raft.server.log.segment.cache.size.max = 200MB (=209715200) (default)
2022-11-07 13:08:48,035 [pool-187-thread-1] INFO  segmented.SegmentedRaftLogWorker (SegmentedRaftLogWorker.java:<init>(191)) - new 4c8c7e9c-fcb8-4cf5-b401-3fb7accb4cdc@group-199B584234DF-SegmentedRaftLogWorker for RaftStorageImpl:Storage Directory /home/runner/work/ozone/ozone/hadoop-ozone/integration-test/target/test-dir/MiniOzoneClusterImpl-2a90587d-8655-4e72-8ce6-1bf59b520396/datanode-5/data/ratis/ef765816-2baf-4ec2-bfd0-199b584234df
2022-11-07 13:08:48,035 [pool-187-thread-1] INFO  server.RaftServerConfigKeys (ConfUtils.java:logGet(46)) - raft.server.log.queue.byte-limit = 4294967296 (custom)
2022-11-07 13:08:48,035 [pool-187-thread-1] INFO  server.RaftServerConfigKeys (ConfUtils.java:logGet(46)) - raft.server.log.queue.element-limit = 1024 (custom)
2022-11-07 13:08:48,035 [pool-187-thread-1] INFO  server.RaftServerConfigKeys (ConfUtils.java:logGet(46)) - raft.server.log.segment.size.max = 1048576 (custom)
2022-11-07 13:08:48,035 [pool-187-thread-1] INFO  server.RaftServerConfigKeys (ConfUtils.java:logGet(46)) - raft.server.log.preallocated.size = 16384 (custom)
2022-11-07 13:08:48,035 [pool-187-thread-1] INFO  server.RaftServerConfigKeys (ConfUtils.java:logGet(46)) - raft.server.log.force.sync.num = 128 (default)
2022-11-07 13:08:48,036 [pool-187-thread-1] INFO  server.RaftServerConfigKeys (ConfUtils.java:logGet(46)) - raft.server.log.statemachine.data.sync = true (default)
2022-11-07 13:08:48,036 [pool-187-thread-1] INFO  server.RaftServerConfigKeys (ConfUtils.java:logGet(46)) - raft.server.log.statemachine.data.sync.timeout = 10s (default)
2022-11-07 13:08:48,036 [pool-187-thread-1] INFO  server.RaftServerConfigKeys (ConfUtils.java:logGet(46)) - raft.server.log.statemachine.data.sync.timeout.retry = -1 (default)
2022-11-07 13:08:48,037 [pool-187-thread-1] INFO  server.RaftServerConfigKeys (ConfUtils.java:logGet(46)) - raft.server.log.write.buffer.size = 1048576 (custom)
2022-11-07 13:08:48,038 [pool-187-thread-1] INFO  server.RaftServerConfigKeys (ConfUtils.java:logGet(46)) - raft.server.log.unsafe-flush.enabled = false (default)
2022-11-07 13:08:48,038 [pool-187-thread-1] INFO  server.RaftServerConfigKeys (ConfUtils.java:logGet(46)) - raft.server.log.async-flush.enabled = false (default)
2022-11-07 13:08:48,038 [pool-187-thread-1] INFO  server.RaftServerConfigKeys (ConfUtils.java:logGet(46)) - raft.server.log.statemachine.data.caching.enabled = true (custom)
2022-11-07 13:08:48,038 [pool-187-thread-1] INFO  segmented.SegmentedRaftLogWorker (SegmentedRaftLogWorker.java:lambda$new$0(136)) - 4c8c7e9c-fcb8-4cf5-b401-3fb7accb4cdc@group-199B584234DF-SegmentedRaftLogWorker: flushIndex: setUnconditionally 0 -> -1
2022-11-07 13:08:48,038 [pool-187-thread-1] INFO  segmented.SegmentedRaftLogWorker (SegmentedRaftLogWorker.java:lambda$new$0(136)) - 4c8c7e9c-fcb8-4cf5-b401-3fb7accb4cdc@group-199B584234DF-SegmentedRaftLogWorker: safeCacheEvictIndex: setUnconditionally 0 -> -1
2022-11-07 13:08:48,038 [pool-187-thread-1] INFO  server.RaftServer$Division (RaftServerImpl.java:start(334)) - 4c8c7e9c-fcb8-4cf5-b401-3fb7accb4cdc@group-199B584234DF: start as a follower, conf=-1: peers:[4c8c7e9c-fcb8-4cf5-b401-3fb7accb4cdc|rpc:10.1.0.171:46431|dataStream:|priority:0|startupRole:FOLLOWER, 8b45bab1-f519-4e04-ad6f-9efd561d6d57|rpc:10.1.0.171:33673|dataStream:|priority:0|startupRole:FOLLOWER, 2277c71a-7226-47f8-a4ca-90f752095403|rpc:10.1.0.171:35629|dataStream:|priority:1|startupRole:FOLLOWER]|listeners:[], old=null
2022-11-07 13:08:48,039 [pool-187-thread-1] INFO  server.RaftServer$Division (RaftServerImpl.java:setRole(321)) - 4c8c7e9c-fcb8-4cf5-b401-3fb7accb4cdc@group-199B584234DF: changes role from      null to FOLLOWER at term 0 for startAsFollower
2022-11-07 13:08:48,039 [pool-187-thread-1] INFO  impl.RoleInfo (RoleInfo.java:updateAndGet(139)) - 4c8c7e9c-fcb8-4cf5-b401-3fb7accb4cdc: start 4c8c7e9c-fcb8-4cf5-b401-3fb7accb4cdc@group-199B584234DF-FollowerState
2022-11-07 13:08:48,039 [pool-187-thread-1] INFO  util.JmxRegister (JmxRegister.java:tryRegister(44)) - Successfully registered JMX Bean with object name Ratis:service=RaftServer,group=group-199B584234DF,id=4c8c7e9c-fcb8-4cf5-b401-3fb7accb4cdc
2022-11-07 13:08:48,039 [4c8c7e9c-fcb8-4cf5-b401-3fb7accb4cdc@group-199B584234DF-FollowerState] INFO  server.RaftServerConfigKeys (ConfUtils.java:logFallback(53)) - raft.server.rpc.first-election.timeout.min = 5s (fallback to raft.server.rpc.timeout.min)
2022-11-07 13:08:48,039 [pool-187-thread-1] INFO  server.RaftServerConfigKeys (ConfUtils.java:logGet(46)) - raft.server.snapshot.auto.trigger.enabled = true (custom)
2022-11-07 13:08:48,040 [4c8c7e9c-fcb8-4cf5-b401-3fb7accb4cdc@group-199B584234DF-FollowerState] INFO  server.RaftServerConfigKeys (ConfUtils.java:logFallback(53)) - raft.server.rpc.first-election.timeout.max = 5200ms (fallback to raft.server.rpc.timeout.max)
2022-11-07 13:08:48,040 [pool-187-thread-1] INFO  server.RaftServerConfigKeys (ConfUtils.java:logGet(46)) - raft.server.snapshot.auto.trigger.threshold = 10000 (custom)
2022-11-07 13:08:48,040 [pool-187-thread-1] INFO  server.RaftServerConfigKeys (ConfUtils.java:logGet(46)) - raft.server.snapshot.retention.file.num = 5 (custom)
2022-11-07 13:08:48,041 [pool-187-thread-1] INFO  server.RaftServerConfigKeys (ConfUtils.java:logGet(46)) - raft.server.log.purge.upto.snapshot.index = false (default)
2022-11-07 13:08:48,063 [grpc-default-executor-1] INFO  server.RaftServer (RaftServerProxy.java:addNew(96)) - 8b45bab1-f519-4e04-ad6f-9efd561d6d57: addNew group-199B584234DF:[4c8c7e9c-fcb8-4cf5-b401-3fb7accb4cdc|rpc:10.1.0.171:46431|dataStream:|priority:0|startupRole:FOLLOWER, 8b45bab1-f519-4e04-ad6f-9efd561d6d57|rpc:10.1.0.171:33673|dataStream:|priority:0|startupRole:FOLLOWER, 2277c71a-7226-47f8-a4ca-90f752095403|rpc:10.1.0.171:35629|dataStream:|priority:1|startupRole:FOLLOWER] returns group-199B584234DF:java.util.concurrent.CompletableFuture@2b5c46bc[Not completed]
2022-11-07 13:08:48,064 [pool-164-thread-1] INFO  server.RaftServer$Division (RaftServerImpl.java:<init>(195)) - 8b45bab1-f519-4e04-ad6f-9efd561d6d57: new RaftServerImpl for group-199B584234DF:[4c8c7e9c-fcb8-4cf5-b401-3fb7accb4cdc|rpc:10.1.0.171:46431|dataStream:|priority:0|startupRole:FOLLOWER, 8b45bab1-f519-4e04-ad6f-9efd561d6d57|rpc:10.1.0.171:33673|dataStream:|priority:0|startupRole:FOLLOWER, 2277c71a-7226-47f8-a4ca-90f752095403|rpc:10.1.0.171:35629|dataStream:|priority:1|startupRole:FOLLOWER] with ContainerStateMachine:uninitialized
2022-11-07 13:08:48,065 [pool-164-thread-1] INFO  server.RaftServerConfigKeys (ConfUtils.java:logGet(46)) - raft.server.rpc.timeout.min = 5s (custom)
2022-11-07 13:08:48,065 [pool-164-thread-1] INFO  server.RaftServerConfigKeys (ConfUtils.java:logGet(46)) - raft.server.rpc.timeout.max = 5200ms (custom)
2022-11-07 13:08:48,065 [pool-164-thread-1] INFO  server.RaftServerConfigKeys (ConfUtils.java:logGet(46)) - raft.server.rpc.sleep.time = 25ms (default)
2022-11-07 13:08:48,065 [pool-164-thread-1] INFO  server.RaftServerConfigKeys (ConfUtils.java:logGet(46)) - raft.server.rpc.slowness.timeout = 300s (custom)
2022-11-07 13:08:48,065 [pool-164-thread-1] INFO  server.RaftServerConfigKeys (ConfUtils.java:logGet(46)) - raft.server.leaderelection.leader.step-down.wait-time = 10s (default)
2022-11-07 13:08:48,065 [pool-164-thread-1] INFO  server.RaftServerConfigKeys (ConfUtils.java:logGet(46)) - raft.server.sleep.deviation.threshold = 300ms (default)
2022-11-07 13:08:48,065 [pool-164-thread-1] INFO  server.RaftServer$Division (ServerState.java:<init>(118)) - 8b45bab1-f519-4e04-ad6f-9efd561d6d57@group-199B584234DF: ConfigurationManager, init=-1: peers:[4c8c7e9c-fcb8-4cf5-b401-3fb7accb4cdc|rpc:10.1.0.171:46431|dataStream:|priority:0|startupRole:FOLLOWER, 8b45bab1-f519-4e04-ad6f-9efd561d6d57|rpc:10.1.0.171:33673|dataStream:|priority:0|startupRole:FOLLOWER, 2277c71a-7226-47f8-a4ca-90f752095403|rpc:10.1.0.171:35629|dataStream:|priority:1|startupRole:FOLLOWER]|listeners:[], old=null, confs=<EMPTY_MAP>
2022-11-07 13:08:48,065 [pool-164-thread-1] INFO  server.RaftServerConfigKeys (ConfUtils.java:logGet(46)) - raft.server.storage.dir = [/home/runner/work/ozone/ozone/hadoop-ozone/integration-test/target/test-dir/MiniOzoneClusterImpl-2a90587d-8655-4e72-8ce6-1bf59b520396/datanode-4/data/ratis] (custom)
2022-11-07 13:08:48,065 [pool-164-thread-1] INFO  server.RaftServerConfigKeys (ConfUtils.java:logGet(46)) - raft.server.log.corruption.policy = EXCEPTION (default)
2022-11-07 13:08:48,066 [pool-164-thread-1] INFO  server.RaftServerConfigKeys (ConfUtils.java:logGet(46)) - raft.server.storage.free-space.min = 0MB (=0) (default)
2022-11-07 13:08:48,066 [pool-164-thread-1] INFO  server.RaftServerConfigKeys (ConfUtils.java:logGet(46)) - raft.server.notification.no-leader.timeout = 300s (custom)
2022-11-07 13:08:48,066 [pool-164-thread-1] INFO  server.RaftServerConfigKeys (ConfUtils.java:logGet(46)) - raft.server.retrycache.expirytime = 600000ms (custom)
2022-11-07 13:08:48,066 [pool-164-thread-1] INFO  server.RaftServerConfigKeys (ConfUtils.java:logGet(46)) - raft.server.retrycache.statistics.expirytime = 100μs (default)
2022-11-07 13:08:48,067 [pool-164-thread-1] INFO  server.RaftServerConfigKeys (ConfUtils.java:logGet(46)) - raft.server.log.appender.install.snapshot.enabled = false (custom)
2022-11-07 13:08:48,067 [pool-164-thread-1] INFO  server.RaftServerConfigKeys (ConfUtils.java:logGet(46)) - raft.server.threadpool.server.cached = true (default)
2022-11-07 13:08:48,067 [pool-164-thread-1] INFO  server.RaftServerConfigKeys (ConfUtils.java:logGet(46)) - raft.server.threadpool.server.size = 0 (default)
2022-11-07 13:08:48,068 [pool-164-thread-1] INFO  server.RaftServerConfigKeys (ConfUtils.java:logGet(46)) - raft.server.threadpool.client.cached = true (default)
2022-11-07 13:08:48,068 [pool-164-thread-1] INFO  server.RaftServerConfigKeys (ConfUtils.java:logGet(46)) - raft.server.threadpool.client.size = 0 (default)
2022-11-07 13:08:48,068 [pool-164-thread-1] INFO  storage.RaftStorageDirectory (RaftStorageDirectoryImpl.java:analyzeStorage(137)) - The storage directory /home/runner/work/ozone/ozone/hadoop-ozone/integration-test/target/test-dir/MiniOzoneClusterImpl-2a90587d-8655-4e72-8ce6-1bf59b520396/datanode-4/data/ratis/ef765816-2baf-4ec2-bfd0-199b584234df does not exist. Creating ...
2022-11-07 13:08:48,069 [pool-164-thread-1] INFO  storage.RaftStorageDirectory (RaftStorageDirectoryImpl.java:tryLock(231)) - Lock on /home/runner/work/ozone/ozone/hadoop-ozone/integration-test/target/test-dir/MiniOzoneClusterImpl-2a90587d-8655-4e72-8ce6-1bf59b520396/datanode-4/data/ratis/ef765816-2baf-4ec2-bfd0-199b584234df/in_use.lock acquired by nodename 14802@fv-az255-291
2022-11-07 13:08:48,071 [pool-164-thread-1] INFO  storage.RaftStorage (RaftStorageImpl.java:format(96)) - Storage directory /home/runner/work/ozone/ozone/hadoop-ozone/integration-test/target/test-dir/MiniOzoneClusterImpl-2a90587d-8655-4e72-8ce6-1bf59b520396/datanode-4/data/ratis/ef765816-2baf-4ec2-bfd0-199b584234df has been successfully formatted.
2022-11-07 13:08:48,073 [pool-164-thread-1] INFO  ratis.ContainerStateMachine (ContainerStateMachine.java:loadSnapshot(236)) - group-199B584234DF: The snapshot info is null. Setting the last applied indexto:(t:0, i:~)
2022-11-07 13:08:48,073 [pool-164-thread-1] INFO  server.RaftServerConfigKeys (ConfUtils.java:logGet(46)) - raft.server.log.use.memory = false (default)
2022-11-07 13:08:48,073 [pool-164-thread-1] INFO  server.RaftServerConfigKeys (ConfUtils.java:logGet(46)) - raft.server.log.purge.gap = 1000000 (custom)
2022-11-07 13:08:48,073 [pool-164-thread-1] INFO  server.RaftServerConfigKeys (ConfUtils.java:logGet(46)) - raft.server.log.appender.buffer.byte-limit = 33554432 (custom)
2022-11-07 13:08:48,073 [pool-164-thread-1] INFO  server.RaftServerConfigKeys (ConfUtils.java:logGet(46)) - raft.server.log.statemachine.data.read.timeout = 1000ms (default)
2022-11-07 13:08:48,073 [pool-164-thread-1] INFO  server.RaftServerConfigKeys (ConfUtils.java:logGet(46)) - raft.server.log.purge.preservation.log.num = 0 (default)
2022-11-07 13:08:48,073 [pool-164-thread-1] INFO  server.RaftServerConfigKeys (ConfUtils.java:logGet(46)) - raft.server.log.segment.size.max = 1048576 (custom)
2022-11-07 13:08:48,074 [pool-164-thread-1] INFO  server.RaftServerConfigKeys (ConfUtils.java:logGet(46)) - raft.server.log.segment.cache.num.max = 2 (custom)
2022-11-07 13:08:48,076 [pool-164-thread-1] INFO  server.RaftServerConfigKeys (ConfUtils.java:logGet(46)) - raft.server.log.segment.cache.size.max = 200MB (=209715200) (default)
2022-11-07 13:08:48,077 [pool-164-thread-1] INFO  segmented.SegmentedRaftLogWorker (SegmentedRaftLogWorker.java:<init>(191)) - new 8b45bab1-f519-4e04-ad6f-9efd561d6d57@group-199B584234DF-SegmentedRaftLogWorker for RaftStorageImpl:Storage Directory /home/runner/work/ozone/ozone/hadoop-ozone/integration-test/target/test-dir/MiniOzoneClusterImpl-2a90587d-8655-4e72-8ce6-1bf59b520396/datanode-4/data/ratis/ef765816-2baf-4ec2-bfd0-199b584234df
2022-11-07 13:08:48,077 [pool-164-thread-1] INFO  server.RaftServerConfigKeys (ConfUtils.java:logGet(46)) - raft.server.log.queue.byte-limit = 4294967296 (custom)
2022-11-07 13:08:48,077 [pool-164-thread-1] INFO  server.RaftServerConfigKeys (ConfUtils.java:logGet(46)) - raft.server.log.queue.element-limit = 1024 (custom)
2022-11-07 13:08:48,077 [pool-164-thread-1] INFO  server.RaftServerConfigKeys (ConfUtils.java:logGet(46)) - raft.server.log.segment.size.max = 1048576 (custom)
2022-11-07 13:08:48,077 [pool-164-thread-1] INFO  server.RaftServerConfigKeys (ConfUtils.java:logGet(46)) - raft.server.log.preallocated.size = 16384 (custom)
2022-11-07 13:08:48,077 [pool-164-thread-1] INFO  server.RaftServerConfigKeys (ConfUtils.java:logGet(46)) - raft.server.log.force.sync.num = 128 (default)
2022-11-07 13:08:48,077 [pool-164-thread-1] INFO  server.RaftServerConfigKeys (ConfUtils.java:logGet(46)) - raft.server.log.statemachine.data.sync = true (default)
2022-11-07 13:08:48,078 [pool-164-thread-1] INFO  server.RaftServerConfigKeys (ConfUtils.java:logGet(46)) - raft.server.log.statemachine.data.sync.timeout = 10s (default)
2022-11-07 13:08:48,078 [pool-164-thread-1] INFO  server.RaftServerConfigKeys (ConfUtils.java:logGet(46)) - raft.server.log.statemachine.data.sync.timeout.retry = -1 (default)
2022-11-07 13:08:48,079 [pool-164-thread-1] INFO  server.RaftServerConfigKeys (ConfUtils.java:logGet(46)) - raft.server.log.write.buffer.size = 1048576 (custom)
2022-11-07 13:08:48,079 [pool-164-thread-1] INFO  server.RaftServerConfigKeys (ConfUtils.java:logGet(46)) - raft.server.log.unsafe-flush.enabled = false (default)
2022-11-07 13:08:48,080 [pool-164-thread-1] INFO  server.RaftServerConfigKeys (ConfUtils.java:logGet(46)) - raft.server.log.async-flush.enabled = false (default)
2022-11-07 13:08:48,080 [pool-164-thread-1] INFO  server.RaftServerConfigKeys (ConfUtils.java:logGet(46)) - raft.server.log.statemachine.data.caching.enabled = true (custom)
2022-11-07 13:08:48,080 [pool-164-thread-1] INFO  segmented.SegmentedRaftLogWorker (SegmentedRaftLogWorker.java:lambda$new$0(136)) - 8b45bab1-f519-4e04-ad6f-9efd561d6d57@group-199B584234DF-SegmentedRaftLogWorker: flushIndex: setUnconditionally 0 -> -1
2022-11-07 13:08:48,080 [pool-164-thread-1] INFO  segmented.SegmentedRaftLogWorker (SegmentedRaftLogWorker.java:lambda$new$0(136)) - 8b45bab1-f519-4e04-ad6f-9efd561d6d57@group-199B584234DF-SegmentedRaftLogWorker: safeCacheEvictIndex: setUnconditionally 0 -> -1
2022-11-07 13:08:48,080 [pool-164-thread-1] INFO  server.RaftServer$Division (RaftServerImpl.java:start(334)) - 8b45bab1-f519-4e04-ad6f-9efd561d6d57@group-199B584234DF: start as a follower, conf=-1: peers:[4c8c7e9c-fcb8-4cf5-b401-3fb7accb4cdc|rpc:10.1.0.171:46431|dataStream:|priority:0|startupRole:FOLLOWER, 8b45bab1-f519-4e04-ad6f-9efd561d6d57|rpc:10.1.0.171:33673|dataStream:|priority:0|startupRole:FOLLOWER, 2277c71a-7226-47f8-a4ca-90f752095403|rpc:10.1.0.171:35629|dataStream:|priority:1|startupRole:FOLLOWER]|listeners:[], old=null
2022-11-07 13:08:48,080 [pool-164-thread-1] INFO  server.RaftServer$Division (RaftServerImpl.java:setRole(321)) - 8b45bab1-f519-4e04-ad6f-9efd561d6d57@group-199B584234DF: changes role from      null to FOLLOWER at term 0 for startAsFollower
2022-11-07 13:08:48,081 [pool-164-thread-1] INFO  impl.RoleInfo (RoleInfo.java:updateAndGet(139)) - 8b45bab1-f519-4e04-ad6f-9efd561d6d57: start 8b45bab1-f519-4e04-ad6f-9efd561d6d57@group-199B584234DF-FollowerState
2022-11-07 13:08:48,081 [pool-164-thread-1] INFO  util.JmxRegister (JmxRegister.java:tryRegister(44)) - Successfully registered JMX Bean with object name Ratis:service=RaftServer,group=group-199B584234DF,id=8b45bab1-f519-4e04-ad6f-9efd561d6d57
2022-11-07 13:08:48,081 [pool-164-thread-1] INFO  server.RaftServerConfigKeys (ConfUtils.java:logGet(46)) - raft.server.snapshot.auto.trigger.enabled = true (custom)
2022-11-07 13:08:48,081 [pool-164-thread-1] INFO  server.RaftServerConfigKeys (ConfUtils.java:logGet(46)) - raft.server.snapshot.auto.trigger.threshold = 10000 (custom)
2022-11-07 13:08:48,081 [pool-164-thread-1] INFO  server.RaftServerConfigKeys (ConfUtils.java:logGet(46)) - raft.server.snapshot.retention.file.num = 5 (custom)
2022-11-07 13:08:48,081 [pool-164-thread-1] INFO  server.RaftServerConfigKeys (ConfUtils.java:logGet(46)) - raft.server.log.purge.upto.snapshot.index = false (default)
2022-11-07 13:08:48,082 [8b45bab1-f519-4e04-ad6f-9efd561d6d57@group-199B584234DF-FollowerState] INFO  server.RaftServerConfigKeys (ConfUtils.java:logFallback(53)) - raft.server.rpc.first-election.timeout.min = 5s (fallback to raft.server.rpc.timeout.min)
2022-11-07 13:08:48,087 [8b45bab1-f519-4e04-ad6f-9efd561d6d57@group-199B584234DF-FollowerState] INFO  server.RaftServerConfigKeys (ConfUtils.java:logFallback(53)) - raft.server.rpc.first-election.timeout.max = 5200ms (fallback to raft.server.rpc.timeout.max)
2022-11-07 13:08:48,095 [Command processor thread] INFO  commandhandler.CreatePipelineCommandHandler (CreatePipelineCommandHandler.java:handle(113)) - Created Pipeline RATIS THREE PipelineID=ef765816-2baf-4ec2-bfd0-199b584234df.
2022-11-07 13:08:48,096 [Command processor thread] INFO  server.RaftServer (RaftServerProxy.java:addNew(96)) - 8b45bab1-f519-4e04-ad6f-9efd561d6d57: addNew group-FCFD6ADF178B:[8b45bab1-f519-4e04-ad6f-9efd561d6d57|rpc:10.1.0.171:33673|priority:1|startupRole:FOLLOWER] returns group-FCFD6ADF178B:java.util.concurrent.CompletableFuture@60396e76[Not completed]
2022-11-07 13:08:48,097 [pool-164-thread-1] INFO  server.RaftServer$Division (RaftServerImpl.java:<init>(195)) - 8b45bab1-f519-4e04-ad6f-9efd561d6d57: new RaftServerImpl for group-FCFD6ADF178B:[8b45bab1-f519-4e04-ad6f-9efd561d6d57|rpc:10.1.0.171:33673|priority:1|startupRole:FOLLOWER] with ContainerStateMachine:uninitialized
2022-11-07 13:08:48,097 [pool-164-thread-1] INFO  server.RaftServerConfigKeys (ConfUtils.java:logGet(46)) - raft.server.rpc.timeout.min = 5s (custom)
2022-11-07 13:08:48,097 [pool-164-thread-1] INFO  server.RaftServerConfigKeys (ConfUtils.java:logGet(46)) - raft.server.rpc.timeout.max = 5200ms (custom)
2022-11-07 13:08:48,097 [pool-164-thread-1] INFO  server.RaftServerConfigKeys (ConfUtils.java:logGet(46)) - raft.server.rpc.sleep.time = 25ms (default)
2022-11-07 13:08:48,097 [pool-164-thread-1] INFO  server.RaftServerConfigKeys (ConfUtils.java:logGet(46)) - raft.server.rpc.slowness.timeout = 300s (custom)
2022-11-07 13:08:48,097 [pool-164-thread-1] INFO  server.RaftServerConfigKeys (ConfUtils.java:logGet(46)) - raft.server.leaderelection.leader.step-down.wait-time = 10s (default)
2022-11-07 13:08:48,097 [pool-164-thread-1] INFO  server.RaftServerConfigKeys (ConfUtils.java:logGet(46)) - raft.server.sleep.deviation.threshold = 300ms (default)
2022-11-07 13:08:48,097 [pool-164-thread-1] INFO  server.RaftServer$Division (ServerState.java:<init>(118)) - 8b45bab1-f519-4e04-ad6f-9efd561d6d57@group-FCFD6ADF178B: ConfigurationManager, init=-1: peers:[8b45bab1-f519-4e04-ad6f-9efd561d6d57|rpc:10.1.0.171:33673|priority:1|startupRole:FOLLOWER]|listeners:[], old=null, confs=<EMPTY_MAP>
2022-11-07 13:08:48,097 [pool-164-thread-1] INFO  server.RaftServerConfigKeys (ConfUtils.java:logGet(46)) - raft.server.storage.dir = [/home/runner/work/ozone/ozone/hadoop-ozone/integration-test/target/test-dir/MiniOzoneClusterImpl-2a90587d-8655-4e72-8ce6-1bf59b520396/datanode-4/data/ratis] (custom)
2022-11-07 13:08:48,098 [pool-164-thread-1] INFO  server.RaftServerConfigKeys (ConfUtils.java:logGet(46)) - raft.server.log.corruption.policy = EXCEPTION (default)
2022-11-07 13:08:48,098 [pool-164-thread-1] INFO  server.RaftServerConfigKeys (ConfUtils.java:logGet(46)) - raft.server.storage.free-space.min = 0MB (=0) (default)
2022-11-07 13:08:48,098 [pool-164-thread-1] INFO  server.RaftServerConfigKeys (ConfUtils.java:logGet(46)) - raft.server.notification.no-leader.timeout = 300s (custom)
2022-11-07 13:08:48,098 [pool-164-thread-1] INFO  server.RaftServerConfigKeys (ConfUtils.java:logGet(46)) - raft.server.retrycache.expirytime = 600000ms (custom)
2022-11-07 13:08:48,098 [pool-164-thread-1] INFO  server.RaftServerConfigKeys (ConfUtils.java:logGet(46)) - raft.server.retrycache.statistics.expirytime = 100μs (default)
2022-11-07 13:08:48,099 [pool-164-thread-1] INFO  server.RaftServerConfigKeys (ConfUtils.java:logGet(46)) - raft.server.log.appender.install.snapshot.enabled = false (custom)
2022-11-07 13:08:48,099 [pool-164-thread-1] INFO  server.RaftServerConfigKeys (ConfUtils.java:logGet(46)) - raft.server.threadpool.server.cached = true (default)
2022-11-07 13:08:48,100 [pool-164-thread-1] INFO  server.RaftServerConfigKeys (ConfUtils.java:logGet(46)) - raft.server.threadpool.server.size = 0 (default)
2022-11-07 13:08:48,100 [pool-164-thread-1] INFO  server.RaftServerConfigKeys (ConfUtils.java:logGet(46)) - raft.server.threadpool.client.cached = true (default)
2022-11-07 13:08:48,100 [pool-164-thread-1] INFO  server.RaftServerConfigKeys (ConfUtils.java:logGet(46)) - raft.server.threadpool.client.size = 0 (default)
2022-11-07 13:08:48,100 [pool-164-thread-1] INFO  storage.RaftStorageDirectory (RaftStorageDirectoryImpl.java:analyzeStorage(137)) - The storage directory /home/runner/work/ozone/ozone/hadoop-ozone/integration-test/target/test-dir/MiniOzoneClusterImpl-2a90587d-8655-4e72-8ce6-1bf59b520396/datanode-4/data/ratis/bc9fa752-ba9d-4d6b-a33c-fcfd6adf178b does not exist. Creating ...
2022-11-07 13:08:48,101 [pool-164-thread-1] INFO  storage.RaftStorageDirectory (RaftStorageDirectoryImpl.java:tryLock(231)) - Lock on /home/runner/work/ozone/ozone/hadoop-ozone/integration-test/target/test-dir/MiniOzoneClusterImpl-2a90587d-8655-4e72-8ce6-1bf59b520396/datanode-4/data/ratis/bc9fa752-ba9d-4d6b-a33c-fcfd6adf178b/in_use.lock acquired by nodename 14802@fv-az255-291
2022-11-07 13:08:48,103 [pool-164-thread-1] INFO  storage.RaftStorage (RaftStorageImpl.java:format(96)) - Storage directory /home/runner/work/ozone/ozone/hadoop-ozone/integration-test/target/test-dir/MiniOzoneClusterImpl-2a90587d-8655-4e72-8ce6-1bf59b520396/datanode-4/data/ratis/bc9fa752-ba9d-4d6b-a33c-fcfd6adf178b has been successfully formatted.
2022-11-07 13:08:48,104 [pool-164-thread-1] INFO  ratis.ContainerStateMachine (ContainerStateMachine.java:loadSnapshot(236)) - group-FCFD6ADF178B: The snapshot info is null. Setting the last applied indexto:(t:0, i:~)
2022-11-07 13:08:48,104 [pool-164-thread-1] INFO  server.RaftServerConfigKeys (ConfUtils.java:logGet(46)) - raft.server.log.use.memory = false (default)
2022-11-07 13:08:48,104 [pool-164-thread-1] INFO  server.RaftServerConfigKeys (ConfUtils.java:logGet(46)) - raft.server.log.purge.gap = 1000000 (custom)
2022-11-07 13:08:48,104 [pool-164-thread-1] INFO  server.RaftServerConfigKeys (ConfUtils.java:logGet(46)) - raft.server.log.appender.buffer.byte-limit = 33554432 (custom)
2022-11-07 13:08:48,105 [pool-164-thread-1] INFO  server.RaftServerConfigKeys (ConfUtils.java:logGet(46)) - raft.server.log.statemachine.data.read.timeout = 1000ms (default)
2022-11-07 13:08:48,106 [EventQueue-PipelineReportForPipelineReportHandler] INFO  pipeline.PipelineManagerImpl (PipelineManagerImpl.java:openPipeline(367)) - Pipeline Pipeline[ Id: bc9fa752-ba9d-4d6b-a33c-fcfd6adf178b, Nodes: 8b45bab1-f519-4e04-ad6f-9efd561d6d57{ip: 10.1.0.171, host: fv-az255-291.sbdzdnwsxtye1lzl1wgdhvzhwg.dx.internal.cloudapp.net, ports: [REPLICATION=34333, RATIS=33673, RATIS_ADMIN=33673, RATIS_SERVER=33673, STANDALONE=46671], networkLocation: /default-rack, certSerialId: null, persistedOpState: IN_SERVICE, persistedOpStateExpiryEpochSec: 0}, ReplicationConfig: RATIS/ONE, State:ALLOCATED, leaderId:8b45bab1-f519-4e04-ad6f-9efd561d6d57, CreationTimestamp2022-11-07T13:08:45.098Z[Etc/UTC]] moved to OPEN state
2022-11-07 13:08:48,107 [EventQueue-OpenPipelineForHealthyPipelineSafeModeRule] INFO  safemode.SCMSafeModeManager (HealthyPipelineSafeModeRule.java:process(137)) - SCM in safe mode. Healthy pipelines reported count is 0, required healthy pipeline reported count is 1
2022-11-07 13:08:48,107 [pool-164-thread-1] INFO  server.RaftServerConfigKeys (ConfUtils.java:logGet(46)) - raft.server.log.purge.preservation.log.num = 0 (default)
2022-11-07 13:08:48,108 [pool-164-thread-1] INFO  server.RaftServerConfigKeys (ConfUtils.java:logGet(46)) - raft.server.log.segment.size.max = 1048576 (custom)
2022-11-07 13:08:48,109 [pool-164-thread-1] INFO  server.RaftServerConfigKeys (ConfUtils.java:logGet(46)) - raft.server.log.segment.cache.num.max = 2 (custom)
2022-11-07 13:08:48,109 [pool-164-thread-1] INFO  server.RaftServerConfigKeys (ConfUtils.java:logGet(46)) - raft.server.log.segment.cache.size.max = 200MB (=209715200) (default)
2022-11-07 13:08:48,109 [pool-164-thread-1] INFO  segmented.SegmentedRaftLogWorker (SegmentedRaftLogWorker.java:<init>(191)) - new 8b45bab1-f519-4e04-ad6f-9efd561d6d57@group-FCFD6ADF178B-SegmentedRaftLogWorker for RaftStorageImpl:Storage Directory /home/runner/work/ozone/ozone/hadoop-ozone/integration-test/target/test-dir/MiniOzoneClusterImpl-2a90587d-8655-4e72-8ce6-1bf59b520396/datanode-4/data/ratis/bc9fa752-ba9d-4d6b-a33c-fcfd6adf178b
2022-11-07 13:08:48,109 [pool-164-thread-1] INFO  server.RaftServerConfigKeys (ConfUtils.java:logGet(46)) - raft.server.log.queue.byte-limit = 4294967296 (custom)
2022-11-07 13:08:48,109 [pool-164-thread-1] INFO  server.RaftServerConfigKeys (ConfUtils.java:logGet(46)) - raft.server.log.queue.element-limit = 1024 (custom)
2022-11-07 13:08:48,109 [pool-164-thread-1] INFO  server.RaftServerConfigKeys (ConfUtils.java:logGet(46)) - raft.server.log.segment.size.max = 1048576 (custom)
2022-11-07 13:08:48,109 [pool-164-thread-1] INFO  server.RaftServerConfigKeys (ConfUtils.java:logGet(46)) - raft.server.log.preallocated.size = 16384 (custom)
2022-11-07 13:08:48,109 [pool-164-thread-1] INFO  server.RaftServerConfigKeys (ConfUtils.java:logGet(46)) - raft.server.log.force.sync.num = 128 (default)
2022-11-07 13:08:48,109 [pool-164-thread-1] INFO  server.RaftServerConfigKeys (ConfUtils.java:logGet(46)) - raft.server.log.statemachine.data.sync = true (default)
2022-11-07 13:08:48,110 [pool-164-thread-1] INFO  server.RaftServerConfigKeys (ConfUtils.java:logGet(46)) - raft.server.log.statemachine.data.sync.timeout = 10s (default)
2022-11-07 13:08:48,110 [pool-164-thread-1] INFO  server.RaftServerConfigKeys (ConfUtils.java:logGet(46)) - raft.server.log.statemachine.data.sync.timeout.retry = -1 (default)
2022-11-07 13:08:48,111 [pool-164-thread-1] INFO  server.RaftServerConfigKeys (ConfUtils.java:logGet(46)) - raft.server.log.write.buffer.size = 1048576 (custom)
2022-11-07 13:08:48,112 [pool-164-thread-1] INFO  server.RaftServerConfigKeys (ConfUtils.java:logGet(46)) - raft.server.log.unsafe-flush.enabled = false (default)
2022-11-07 13:08:48,112 [pool-164-thread-1] INFO  server.RaftServerConfigKeys (ConfUtils.java:logGet(46)) - raft.server.log.async-flush.enabled = false (default)
2022-11-07 13:08:48,112 [pool-164-thread-1] INFO  server.RaftServerConfigKeys (ConfUtils.java:logGet(46)) - raft.server.log.statemachine.data.caching.enabled = true (custom)
2022-11-07 13:08:48,112 [pool-164-thread-1] INFO  segmented.SegmentedRaftLogWorker (SegmentedRaftLogWorker.java:lambda$new$0(136)) - 8b45bab1-f519-4e04-ad6f-9efd561d6d57@group-FCFD6ADF178B-SegmentedRaftLogWorker: flushIndex: setUnconditionally 0 -> -1
2022-11-07 13:08:48,112 [pool-164-thread-1] INFO  segmented.SegmentedRaftLogWorker (SegmentedRaftLogWorker.java:lambda$new$0(136)) - 8b45bab1-f519-4e04-ad6f-9efd561d6d57@group-FCFD6ADF178B-SegmentedRaftLogWorker: safeCacheEvictIndex: setUnconditionally 0 -> -1
2022-11-07 13:08:48,113 [pool-164-thread-1] INFO  server.RaftServer$Division (RaftServerImpl.java:start(334)) - 8b45bab1-f519-4e04-ad6f-9efd561d6d57@group-FCFD6ADF178B: start as a follower, conf=-1: peers:[8b45bab1-f519-4e04-ad6f-9efd561d6d57|rpc:10.1.0.171:33673|priority:1|startupRole:FOLLOWER]|listeners:[], old=null
2022-11-07 13:08:48,113 [pool-164-thread-1] INFO  server.RaftServer$Division (RaftServerImpl.java:setRole(321)) - 8b45bab1-f519-4e04-ad6f-9efd561d6d57@group-FCFD6ADF178B: changes role from      null to FOLLOWER at term 0 for startAsFollower
2022-11-07 13:08:48,113 [pool-164-thread-1] INFO  impl.RoleInfo (RoleInfo.java:updateAndGet(139)) - 8b45bab1-f519-4e04-ad6f-9efd561d6d57: start 8b45bab1-f519-4e04-ad6f-9efd561d6d57@group-FCFD6ADF178B-FollowerState
2022-11-07 13:08:48,113 [pool-164-thread-1] INFO  util.JmxRegister (JmxRegister.java:tryRegister(44)) - Successfully registered JMX Bean with object name Ratis:service=RaftServer,group=group-FCFD6ADF178B,id=8b45bab1-f519-4e04-ad6f-9efd561d6d57
2022-11-07 13:08:48,113 [pool-164-thread-1] INFO  server.RaftServerConfigKeys (ConfUtils.java:logGet(46)) - raft.server.snapshot.auto.trigger.enabled = true (custom)
2022-11-07 13:08:48,113 [pool-164-thread-1] INFO  server.RaftServerConfigKeys (ConfUtils.java:logGet(46)) - raft.server.snapshot.auto.trigger.threshold = 10000 (custom)
2022-11-07 13:08:48,113 [pool-164-thread-1] INFO  server.RaftServerConfigKeys (ConfUtils.java:logGet(46)) - raft.server.snapshot.retention.file.num = 5 (custom)
2022-11-07 13:08:48,114 [pool-164-thread-1] INFO  server.RaftServerConfigKeys (ConfUtils.java:logGet(46)) - raft.server.log.purge.upto.snapshot.index = false (default)
2022-11-07 13:08:48,114 [8b45bab1-f519-4e04-ad6f-9efd561d6d57@group-FCFD6ADF178B-FollowerState] INFO  server.RaftServerConfigKeys (ConfUtils.java:logFallback(53)) - raft.server.rpc.first-election.timeout.min = 5s (fallback to raft.server.rpc.timeout.min)
2022-11-07 13:08:48,115 [8b45bab1-f519-4e04-ad6f-9efd561d6d57@group-FCFD6ADF178B-FollowerState] INFO  server.RaftServerConfigKeys (ConfUtils.java:logFallback(53)) - raft.server.rpc.first-election.timeout.max = 5200ms (fallback to raft.server.rpc.timeout.max)
2022-11-07 13:08:48,118 [Command processor thread] INFO  ratis.XceiverServerRatis (XceiverServerRatis.java:addGroup(765)) - Created group PipelineID=bc9fa752-ba9d-4d6b-a33c-fcfd6adf178b
2022-11-07 13:08:48,119 [Command processor thread] INFO  commandhandler.CreatePipelineCommandHandler (CreatePipelineCommandHandler.java:handle(113)) - Created Pipeline RATIS ONE PipelineID=bc9fa752-ba9d-4d6b-a33c-fcfd6adf178b.
2022-11-07 13:08:48,328 [Listener at 127.0.0.1/42403] INFO  ozone.MiniOzoneClusterImpl (MiniOzoneClusterImpl.java:lambda$waitForClusterToBeReady$0(216)) - Nodes are ready. Got 10 of 10 DN Heartbeats.
2022-11-07 13:08:48,328 [Listener at 127.0.0.1/42403] INFO  ozone.MiniOzoneClusterImpl (MiniOzoneClusterImpl.java:lambda$waitForClusterToBeReady$0(219)) - Waiting for cluster to exit safe mode
2022-11-07 13:08:48,328 [Listener at 127.0.0.1/42403] INFO  ozone.MiniOzoneClusterImpl (MiniOzoneClusterImpl.java:lambda$waitForClusterToBeReady$0(221)) - SCM became leader
2022-11-07 13:08:48,574 [Command processor thread] INFO  server.RaftServer (RaftServerProxy.java:addNew(96)) - 4c8c7e9c-fcb8-4cf5-b401-3fb7accb4cdc: addNew group-068915523544:[4c8c7e9c-fcb8-4cf5-b401-3fb7accb4cdc|rpc:10.1.0.171:46431|priority:1|startupRole:FOLLOWER] returns group-068915523544:java.util.concurrent.CompletableFuture@282bceca[Not completed]
2022-11-07 13:08:48,575 [pool-187-thread-1] INFO  server.RaftServer$Division (RaftServerImpl.java:<init>(195)) - 4c8c7e9c-fcb8-4cf5-b401-3fb7accb4cdc: new RaftServerImpl for group-068915523544:[4c8c7e9c-fcb8-4cf5-b401-3fb7accb4cdc|rpc:10.1.0.171:46431|priority:1|startupRole:FOLLOWER] with ContainerStateMachine:uninitialized
2022-11-07 13:08:48,575 [pool-187-thread-1] INFO  server.RaftServerConfigKeys (ConfUtils.java:logGet(46)) - raft.server.rpc.timeout.min = 5s (custom)
2022-11-07 13:08:48,575 [pool-187-thread-1] INFO  server.RaftServerConfigKeys (ConfUtils.java:logGet(46)) - raft.server.rpc.timeout.max = 5200ms (custom)
2022-11-07 13:08:48,575 [pool-187-thread-1] INFO  server.RaftServerConfigKeys (ConfUtils.java:logGet(46)) - raft.server.rpc.sleep.time = 25ms (default)
2022-11-07 13:08:48,575 [pool-187-thread-1] INFO  server.RaftServerConfigKeys (ConfUtils.java:logGet(46)) - raft.server.rpc.slowness.timeout = 300s (custom)
2022-11-07 13:08:48,576 [pool-187-thread-1] INFO  server.RaftServerConfigKeys (ConfUtils.java:logGet(46)) - raft.server.leaderelection.leader.step-down.wait-time = 10s (default)
2022-11-07 13:08:48,576 [pool-187-thread-1] INFO  server.RaftServerConfigKeys (ConfUtils.java:logGet(46)) - raft.server.sleep.deviation.threshold = 300ms (default)
2022-11-07 13:08:48,576 [pool-187-thread-1] INFO  server.RaftServer$Division (ServerState.java:<init>(118)) - 4c8c7e9c-fcb8-4cf5-b401-3fb7accb4cdc@group-068915523544: ConfigurationManager, init=-1: peers:[4c8c7e9c-fcb8-4cf5-b401-3fb7accb4cdc|rpc:10.1.0.171:46431|priority:1|startupRole:FOLLOWER]|listeners:[], old=null, confs=<EMPTY_MAP>
2022-11-07 13:08:48,576 [pool-187-thread-1] INFO  server.RaftServerConfigKeys (ConfUtils.java:logGet(46)) - raft.server.storage.dir = [/home/runner/work/ozone/ozone/hadoop-ozone/integration-test/target/test-dir/MiniOzoneClusterImpl-2a90587d-8655-4e72-8ce6-1bf59b520396/datanode-5/data/ratis] (custom)
2022-11-07 13:08:48,576 [pool-187-thread-1] INFO  server.RaftServerConfigKeys (ConfUtils.java:logGet(46)) - raft.server.log.corruption.policy = EXCEPTION (default)
2022-11-07 13:08:48,576 [pool-187-thread-1] INFO  server.RaftServerConfigKeys (ConfUtils.java:logGet(46)) - raft.server.storage.free-space.min = 0MB (=0) (default)
2022-11-07 13:08:48,576 [pool-187-thread-1] INFO  server.RaftServerConfigKeys (ConfUtils.java:logGet(46)) - raft.server.notification.no-leader.timeout = 300s (custom)
2022-11-07 13:08:48,576 [pool-187-thread-1] INFO  server.RaftServerConfigKeys (ConfUtils.java:logGet(46)) - raft.server.retrycache.expirytime = 600000ms (custom)
2022-11-07 13:08:48,576 [pool-187-thread-1] INFO  server.RaftServerConfigKeys (ConfUtils.java:logGet(46)) - raft.server.retrycache.statistics.expirytime = 100μs (default)
2022-11-07 13:08:48,578 [pool-187-thread-1] INFO  server.RaftServerConfigKeys (ConfUtils.java:logGet(46)) - raft.server.log.appender.install.snapshot.enabled = false (custom)
2022-11-07 13:08:48,578 [pool-187-thread-1] INFO  server.RaftServerConfigKeys (ConfUtils.java:logGet(46)) - raft.server.threadpool.server.cached = true (default)
2022-11-07 13:08:48,578 [pool-187-thread-1] INFO  server.RaftServerConfigKeys (ConfUtils.java:logGet(46)) - raft.server.threadpool.server.size = 0 (default)
2022-11-07 13:08:48,578 [pool-187-thread-1] INFO  server.RaftServerConfigKeys (ConfUtils.java:logGet(46)) - raft.server.threadpool.client.cached = true (default)
2022-11-07 13:08:48,578 [pool-187-thread-1] INFO  server.RaftServerConfigKeys (ConfUtils.java:logGet(46)) - raft.server.threadpool.client.size = 0 (default)
2022-11-07 13:08:48,578 [pool-187-thread-1] INFO  storage.RaftStorageDirectory (RaftStorageDirectoryImpl.java:analyzeStorage(137)) - The storage directory /home/runner/work/ozone/ozone/hadoop-ozone/integration-test/target/test-dir/MiniOzoneClusterImpl-2a90587d-8655-4e72-8ce6-1bf59b520396/datanode-5/data/ratis/0c6d9f04-8127-4c35-b413-068915523544 does not exist. Creating ...
2022-11-07 13:08:48,580 [pool-187-thread-1] INFO  storage.RaftStorageDirectory (RaftStorageDirectoryImpl.java:tryLock(231)) - Lock on /home/runner/work/ozone/ozone/hadoop-ozone/integration-test/target/test-dir/MiniOzoneClusterImpl-2a90587d-8655-4e72-8ce6-1bf59b520396/datanode-5/data/ratis/0c6d9f04-8127-4c35-b413-068915523544/in_use.lock acquired by nodename 14802@fv-az255-291
2022-11-07 13:08:48,582 [pool-187-thread-1] INFO  storage.RaftStorage (RaftStorageImpl.java:format(96)) - Storage directory /home/runner/work/ozone/ozone/hadoop-ozone/integration-test/target/test-dir/MiniOzoneClusterImpl-2a90587d-8655-4e72-8ce6-1bf59b520396/datanode-5/data/ratis/0c6d9f04-8127-4c35-b413-068915523544 has been successfully formatted.
2022-11-07 13:08:48,582 [pool-187-thread-1] INFO  ratis.ContainerStateMachine (ContainerStateMachine.java:loadSnapshot(236)) - group-068915523544: The snapshot info is null. Setting the last applied indexto:(t:0, i:~)
2022-11-07 13:08:48,582 [pool-187-thread-1] INFO  server.RaftServerConfigKeys (ConfUtils.java:logGet(46)) - raft.server.log.use.memory = false (default)
2022-11-07 13:08:48,583 [pool-187-thread-1] INFO  server.RaftServerConfigKeys (ConfUtils.java:logGet(46)) - raft.server.log.purge.gap = 1000000 (custom)
2022-11-07 13:08:48,589 [pool-187-thread-1] INFO  server.RaftServerConfigKeys (ConfUtils.java:logGet(46)) - raft.server.log.appender.buffer.byte-limit = 33554432 (custom)
2022-11-07 13:08:48,590 [pool-187-thread-1] INFO  server.RaftServerConfigKeys (ConfUtils.java:logGet(46)) - raft.server.log.statemachine.data.read.timeout = 1000ms (default)
2022-11-07 13:08:48,590 [pool-187-thread-1] INFO  server.RaftServerConfigKeys (ConfUtils.java:logGet(46)) - raft.server.log.purge.preservation.log.num = 0 (default)
2022-11-07 13:08:48,590 [pool-187-thread-1] INFO  server.RaftServerConfigKeys (ConfUtils.java:logGet(46)) - raft.server.log.segment.size.max = 1048576 (custom)
2022-11-07 13:08:48,589 [EventQueue-PipelineReportForPipelineReportHandler] INFO  pipeline.PipelineManagerImpl (PipelineManagerImpl.java:openPipeline(367)) - Pipeline Pipeline[ Id: 0c6d9f04-8127-4c35-b413-068915523544, Nodes: 4c8c7e9c-fcb8-4cf5-b401-3fb7accb4cdc{ip: 10.1.0.171, host: fv-az255-291.sbdzdnwsxtye1lzl1wgdhvzhwg.dx.internal.cloudapp.net, ports: [REPLICATION=36497, RATIS=46431, RATIS_ADMIN=46431, RATIS_SERVER=46431, STANDALONE=38777], networkLocation: /default-rack, certSerialId: null, persistedOpState: IN_SERVICE, persistedOpStateExpiryEpochSec: 0}, ReplicationConfig: RATIS/ONE, State:ALLOCATED, leaderId:4c8c7e9c-fcb8-4cf5-b401-3fb7accb4cdc, CreationTimestamp2022-11-07T13:08:45.578Z[Etc/UTC]] moved to OPEN state
2022-11-07 13:08:48,591 [pool-187-thread-1] INFO  server.RaftServerConfigKeys (ConfUtils.java:logGet(46)) - raft.server.log.segment.cache.num.max = 2 (custom)
2022-11-07 13:08:48,591 [pool-187-thread-1] INFO  server.RaftServerConfigKeys (ConfUtils.java:logGet(46)) - raft.server.log.segment.cache.size.max = 200MB (=209715200) (default)
2022-11-07 13:08:48,591 [EventQueue-OpenPipelineForHealthyPipelineSafeModeRule] INFO  safemode.SCMSafeModeManager (HealthyPipelineSafeModeRule.java:process(137)) - SCM in safe mode. Healthy pipelines reported count is 0, required healthy pipeline reported count is 1
2022-11-07 13:08:48,594 [pool-187-thread-1] INFO  segmented.SegmentedRaftLogWorker (SegmentedRaftLogWorker.java:<init>(191)) - new 4c8c7e9c-fcb8-4cf5-b401-3fb7accb4cdc@group-068915523544-SegmentedRaftLogWorker for RaftStorageImpl:Storage Directory /home/runner/work/ozone/ozone/hadoop-ozone/integration-test/target/test-dir/MiniOzoneClusterImpl-2a90587d-8655-4e72-8ce6-1bf59b520396/datanode-5/data/ratis/0c6d9f04-8127-4c35-b413-068915523544
2022-11-07 13:08:48,594 [pool-187-thread-1] INFO  server.RaftServerConfigKeys (ConfUtils.java:logGet(46)) - raft.server.log.queue.byte-limit = 4294967296 (custom)
2022-11-07 13:08:48,594 [pool-187-thread-1] INFO  server.RaftServerConfigKeys (ConfUtils.java:logGet(46)) - raft.server.log.queue.element-limit = 1024 (custom)
2022-11-07 13:08:48,594 [pool-187-thread-1] INFO  server.RaftServerConfigKeys (ConfUtils.java:logGet(46)) - raft.server.log.segment.size.max = 1048576 (custom)
2022-11-07 13:08:48,594 [pool-187-thread-1] INFO  server.RaftServerConfigKeys (ConfUtils.java:logGet(46)) - raft.server.log.preallocated.size = 16384 (custom)
2022-11-07 13:08:48,595 [pool-187-thread-1] INFO  server.RaftServerConfigKeys (ConfUtils.java:logGet(46)) - raft.server.log.force.sync.num = 128 (default)
2022-11-07 13:08:48,595 [pool-187-thread-1] INFO  server.RaftServerConfigKeys (ConfUtils.java:logGet(46)) - raft.server.log.statemachine.data.sync = true (default)
2022-11-07 13:08:48,595 [pool-187-thread-1] INFO  server.RaftServerConfigKeys (ConfUtils.java:logGet(46)) - raft.server.log.statemachine.data.sync.timeout = 10s (default)
2022-11-07 13:08:48,595 [pool-187-thread-1] INFO  server.RaftServerConfigKeys (ConfUtils.java:logGet(46)) - raft.server.log.statemachine.data.sync.timeout.retry = -1 (default)
2022-11-07 13:08:48,598 [pool-187-thread-1] INFO  server.RaftServerConfigKeys (ConfUtils.java:logGet(46)) - raft.server.log.write.buffer.size = 1048576 (custom)
2022-11-07 13:08:48,603 [pool-187-thread-1] INFO  server.RaftServerConfigKeys (ConfUtils.java:logGet(46)) - raft.server.log.unsafe-flush.enabled = false (default)
2022-11-07 13:08:48,603 [pool-187-thread-1] INFO  server.RaftServerConfigKeys (ConfUtils.java:logGet(46)) - raft.server.log.async-flush.enabled = false (default)
2022-11-07 13:08:48,603 [pool-187-thread-1] INFO  server.RaftServerConfigKeys (ConfUtils.java:logGet(46)) - raft.server.log.statemachine.data.caching.enabled = true (custom)
2022-11-07 13:08:48,603 [pool-187-thread-1] INFO  segmented.SegmentedRaftLogWorker (SegmentedRaftLogWorker.java:lambda$new$0(136)) - 4c8c7e9c-fcb8-4cf5-b401-3fb7accb4cdc@group-068915523544-SegmentedRaftLogWorker: flushIndex: setUnconditionally 0 -> -1
2022-11-07 13:08:48,603 [pool-187-thread-1] INFO  segmented.SegmentedRaftLogWorker (SegmentedRaftLogWorker.java:lambda$new$0(136)) - 4c8c7e9c-fcb8-4cf5-b401-3fb7accb4cdc@group-068915523544-SegmentedRaftLogWorker: safeCacheEvictIndex: setUnconditionally 0 -> -1
2022-11-07 13:08:48,607 [pool-187-thread-1] INFO  server.RaftServer$Division (RaftServerImpl.java:start(334)) - 4c8c7e9c-fcb8-4cf5-b401-3fb7accb4cdc@group-068915523544: start as a follower, conf=-1: peers:[4c8c7e9c-fcb8-4cf5-b401-3fb7accb4cdc|rpc:10.1.0.171:46431|priority:1|startupRole:FOLLOWER]|listeners:[], old=null
2022-11-07 13:08:48,607 [pool-187-thread-1] INFO  server.RaftServer$Division (RaftServerImpl.java:setRole(321)) - 4c8c7e9c-fcb8-4cf5-b401-3fb7accb4cdc@group-068915523544: changes role from      null to FOLLOWER at term 0 for startAsFollower
2022-11-07 13:08:48,607 [pool-187-thread-1] INFO  impl.RoleInfo (RoleInfo.java:updateAndGet(139)) - 4c8c7e9c-fcb8-4cf5-b401-3fb7accb4cdc: start 4c8c7e9c-fcb8-4cf5-b401-3fb7accb4cdc@group-068915523544-FollowerState
2022-11-07 13:08:48,607 [pool-187-thread-1] INFO  util.JmxRegister (JmxRegister.java:tryRegister(44)) - Successfully registered JMX Bean with object name Ratis:service=RaftServer,group=group-068915523544,id=4c8c7e9c-fcb8-4cf5-b401-3fb7accb4cdc
2022-11-07 13:08:48,607 [pool-187-thread-1] INFO  server.RaftServerConfigKeys (ConfUtils.java:logGet(46)) - raft.server.snapshot.auto.trigger.enabled = true (custom)
2022-11-07 13:08:48,608 [pool-187-thread-1] INFO  server.RaftServerConfigKeys (ConfUtils.java:logGet(46)) - raft.server.snapshot.auto.trigger.threshold = 10000 (custom)
2022-11-07 13:08:48,608 [pool-187-thread-1] INFO  server.RaftServerConfigKeys (ConfUtils.java:logGet(46)) - raft.server.snapshot.retention.file.num = 5 (custom)
2022-11-07 13:08:48,608 [pool-187-thread-1] INFO  server.RaftServerConfigKeys (ConfUtils.java:logGet(46)) - raft.server.log.purge.upto.snapshot.index = false (default)
2022-11-07 13:08:48,609 [4c8c7e9c-fcb8-4cf5-b401-3fb7accb4cdc@group-068915523544-FollowerState] INFO  server.RaftServerConfigKeys (ConfUtils.java:logFallback(53)) - raft.server.rpc.first-election.timeout.min = 5s (fallback to raft.server.rpc.timeout.min)
2022-11-07 13:08:48,609 [4c8c7e9c-fcb8-4cf5-b401-3fb7accb4cdc@group-068915523544-FollowerState] INFO  server.RaftServerConfigKeys (ConfUtils.java:logFallback(53)) - raft.server.rpc.first-election.timeout.max = 5200ms (fallback to raft.server.rpc.timeout.max)
2022-11-07 13:08:48,609 [Command processor thread] INFO  ratis.XceiverServerRatis (XceiverServerRatis.java:addGroup(765)) - Created group PipelineID=0c6d9f04-8127-4c35-b413-068915523544
2022-11-07 13:08:48,609 [Command processor thread] INFO  commandhandler.CreatePipelineCommandHandler (CreatePipelineCommandHandler.java:handle(113)) - Created Pipeline RATIS ONE PipelineID=0c6d9f04-8127-4c35-b413-068915523544.
2022-11-07 13:08:49,007 [Command processor thread] INFO  server.RaftServer (RaftServerProxy.java:addNew(96)) - a8ad72fe-b4a4-4d4d-9a7f-b9692428a970: addNew group-D14C5171AF91:[a8ad72fe-b4a4-4d4d-9a7f-b9692428a970|rpc:10.1.0.171:39375|priority:1|startupRole:FOLLOWER] returns group-D14C5171AF91:java.util.concurrent.CompletableFuture@532d84f7[Not completed]
2022-11-07 13:08:49,010 [pool-214-thread-1] INFO  server.RaftServer$Division (RaftServerImpl.java:<init>(195)) - a8ad72fe-b4a4-4d4d-9a7f-b9692428a970: new RaftServerImpl for group-D14C5171AF91:[a8ad72fe-b4a4-4d4d-9a7f-b9692428a970|rpc:10.1.0.171:39375|priority:1|startupRole:FOLLOWER] with ContainerStateMachine:uninitialized
2022-11-07 13:08:49,010 [pool-214-thread-1] INFO  server.RaftServerConfigKeys (ConfUtils.java:logGet(46)) - raft.server.rpc.timeout.min = 5s (custom)
2022-11-07 13:08:49,010 [pool-214-thread-1] INFO  server.RaftServerConfigKeys (ConfUtils.java:logGet(46)) - raft.server.rpc.timeout.max = 5200ms (custom)
2022-11-07 13:08:49,011 [pool-214-thread-1] INFO  server.RaftServerConfigKeys (ConfUtils.java:logGet(46)) - raft.server.rpc.sleep.time = 25ms (default)
2022-11-07 13:08:49,011 [pool-214-thread-1] INFO  server.RaftServerConfigKeys (ConfUtils.java:logGet(46)) - raft.server.rpc.slowness.timeout = 300s (custom)
2022-11-07 13:08:49,011 [pool-214-thread-1] INFO  server.RaftServerConfigKeys (ConfUtils.java:logGet(46)) - raft.server.leaderelection.leader.step-down.wait-time = 10s (default)
2022-11-07 13:08:49,011 [pool-214-thread-1] INFO  server.RaftServerConfigKeys (ConfUtils.java:logGet(46)) - raft.server.sleep.deviation.threshold = 300ms (default)
2022-11-07 13:08:49,011 [pool-214-thread-1] INFO  server.RaftServer$Division (ServerState.java:<init>(118)) - a8ad72fe-b4a4-4d4d-9a7f-b9692428a970@group-D14C5171AF91: ConfigurationManager, init=-1: peers:[a8ad72fe-b4a4-4d4d-9a7f-b9692428a970|rpc:10.1.0.171:39375|priority:1|startupRole:FOLLOWER]|listeners:[], old=null, confs=<EMPTY_MAP>
2022-11-07 13:08:49,011 [pool-214-thread-1] INFO  server.RaftServerConfigKeys (ConfUtils.java:logGet(46)) - raft.server.storage.dir = [/home/runner/work/ozone/ozone/hadoop-ozone/integration-test/target/test-dir/MiniOzoneClusterImpl-2a90587d-8655-4e72-8ce6-1bf59b520396/datanode-6/data/ratis] (custom)
2022-11-07 13:08:49,011 [pool-214-thread-1] INFO  server.RaftServerConfigKeys (ConfUtils.java:logGet(46)) - raft.server.log.corruption.policy = EXCEPTION (default)
2022-11-07 13:08:49,011 [pool-214-thread-1] INFO  server.RaftServerConfigKeys (ConfUtils.java:logGet(46)) - raft.server.storage.free-space.min = 0MB (=0) (default)
2022-11-07 13:08:49,012 [pool-214-thread-1] INFO  server.RaftServerConfigKeys (ConfUtils.java:logGet(46)) - raft.server.notification.no-leader.timeout = 300s (custom)
2022-11-07 13:08:49,012 [pool-214-thread-1] INFO  server.RaftServerConfigKeys (ConfUtils.java:logGet(46)) - raft.server.retrycache.expirytime = 600000ms (custom)
2022-11-07 13:08:49,012 [pool-214-thread-1] INFO  server.RaftServerConfigKeys (ConfUtils.java:logGet(46)) - raft.server.retrycache.statistics.expirytime = 100μs (default)
2022-11-07 13:08:49,015 [pool-214-thread-1] INFO  server.RaftServerConfigKeys (ConfUtils.java:logGet(46)) - raft.server.log.appender.install.snapshot.enabled = false (custom)
2022-11-07 13:08:49,015 [pool-214-thread-1] INFO  server.RaftServerConfigKeys (ConfUtils.java:logGet(46)) - raft.server.threadpool.server.cached = true (default)
2022-11-07 13:08:49,015 [pool-214-thread-1] INFO  server.RaftServerConfigKeys (ConfUtils.java:logGet(46)) - raft.server.threadpool.server.size = 0 (default)
2022-11-07 13:08:49,015 [pool-214-thread-1] INFO  server.RaftServerConfigKeys (ConfUtils.java:logGet(46)) - raft.server.threadpool.client.cached = true (default)
2022-11-07 13:08:49,015 [pool-214-thread-1] INFO  server.RaftServerConfigKeys (ConfUtils.java:logGet(46)) - raft.server.threadpool.client.size = 0 (default)
2022-11-07 13:08:49,015 [pool-214-thread-1] INFO  storage.RaftStorageDirectory (RaftStorageDirectoryImpl.java:analyzeStorage(137)) - The storage directory /home/runner/work/ozone/ozone/hadoop-ozone/integration-test/target/test-dir/MiniOzoneClusterImpl-2a90587d-8655-4e72-8ce6-1bf59b520396/datanode-6/data/ratis/679e896b-67ab-4a55-9f45-d14c5171af91 does not exist. Creating ...
2022-11-07 13:08:49,027 [pool-214-thread-1] INFO  storage.RaftStorageDirectory (RaftStorageDirectoryImpl.java:tryLock(231)) - Lock on /home/runner/work/ozone/ozone/hadoop-ozone/integration-test/target/test-dir/MiniOzoneClusterImpl-2a90587d-8655-4e72-8ce6-1bf59b520396/datanode-6/data/ratis/679e896b-67ab-4a55-9f45-d14c5171af91/in_use.lock acquired by nodename 14802@fv-az255-291
2022-11-07 13:08:49,029 [pool-214-thread-1] INFO  storage.RaftStorage (RaftStorageImpl.java:format(96)) - Storage directory /home/runner/work/ozone/ozone/hadoop-ozone/integration-test/target/test-dir/MiniOzoneClusterImpl-2a90587d-8655-4e72-8ce6-1bf59b520396/datanode-6/data/ratis/679e896b-67ab-4a55-9f45-d14c5171af91 has been successfully formatted.
2022-11-07 13:08:49,029 [pool-214-thread-1] INFO  ratis.ContainerStateMachine (ContainerStateMachine.java:loadSnapshot(236)) - group-D14C5171AF91: The snapshot info is null. Setting the last applied indexto:(t:0, i:~)
2022-11-07 13:08:49,029 [pool-214-thread-1] INFO  server.RaftServerConfigKeys (ConfUtils.java:logGet(46)) - raft.server.log.use.memory = false (default)
2022-11-07 13:08:49,029 [pool-214-thread-1] INFO  server.RaftServerConfigKeys (ConfUtils.java:logGet(46)) - raft.server.log.purge.gap = 1000000 (custom)
2022-11-07 13:08:49,030 [pool-214-thread-1] INFO  server.RaftServerConfigKeys (ConfUtils.java:logGet(46)) - raft.server.log.appender.buffer.byte-limit = 33554432 (custom)
2022-11-07 13:08:49,030 [pool-214-thread-1] INFO  server.RaftServerConfigKeys (ConfUtils.java:logGet(46)) - raft.server.log.statemachine.data.read.timeout = 1000ms (default)
2022-11-07 13:08:49,030 [pool-214-thread-1] INFO  server.RaftServerConfigKeys (ConfUtils.java:logGet(46)) - raft.server.log.purge.preservation.log.num = 0 (default)
2022-11-07 13:08:49,030 [pool-214-thread-1] INFO  server.RaftServerConfigKeys (ConfUtils.java:logGet(46)) - raft.server.log.segment.size.max = 1048576 (custom)
2022-11-07 13:08:49,031 [EventQueue-PipelineReportForPipelineReportHandler] INFO  pipeline.PipelineManagerImpl (PipelineManagerImpl.java:openPipeline(367)) - Pipeline Pipeline[ Id: 679e896b-67ab-4a55-9f45-d14c5171af91, Nodes: a8ad72fe-b4a4-4d4d-9a7f-b9692428a970{ip: 10.1.0.171, host: fv-az255-291.sbdzdnwsxtye1lzl1wgdhvzhwg.dx.internal.cloudapp.net, ports: [REPLICATION=43581, RATIS=39375, RATIS_ADMIN=39375, RATIS_SERVER=39375, STANDALONE=41719], networkLocation: /default-rack, certSerialId: null, persistedOpState: IN_SERVICE, persistedOpStateExpiryEpochSec: 0}, ReplicationConfig: RATIS/ONE, State:ALLOCATED, leaderId:a8ad72fe-b4a4-4d4d-9a7f-b9692428a970, CreationTimestamp2022-11-07T13:08:46.013Z[Etc/UTC]] moved to OPEN state
2022-11-07 13:08:49,032 [EventQueue-OpenPipelineForHealthyPipelineSafeModeRule] INFO  safemode.SCMSafeModeManager (HealthyPipelineSafeModeRule.java:process(137)) - SCM in safe mode. Healthy pipelines reported count is 0, required healthy pipeline reported count is 1
2022-11-07 13:08:49,032 [pool-214-thread-1] INFO  server.RaftServerConfigKeys (ConfUtils.java:logGet(46)) - raft.server.log.segment.cache.num.max = 2 (custom)
2022-11-07 13:08:49,034 [pool-214-thread-1] INFO  server.RaftServerConfigKeys (ConfUtils.java:logGet(46)) - raft.server.log.segment.cache.size.max = 200MB (=209715200) (default)
2022-11-07 13:08:49,034 [pool-214-thread-1] INFO  segmented.SegmentedRaftLogWorker (SegmentedRaftLogWorker.java:<init>(191)) - new a8ad72fe-b4a4-4d4d-9a7f-b9692428a970@group-D14C5171AF91-SegmentedRaftLogWorker for RaftStorageImpl:Storage Directory /home/runner/work/ozone/ozone/hadoop-ozone/integration-test/target/test-dir/MiniOzoneClusterImpl-2a90587d-8655-4e72-8ce6-1bf59b520396/datanode-6/data/ratis/679e896b-67ab-4a55-9f45-d14c5171af91
2022-11-07 13:08:49,034 [pool-214-thread-1] INFO  server.RaftServerConfigKeys (ConfUtils.java:logGet(46)) - raft.server.log.queue.byte-limit = 4294967296 (custom)
2022-11-07 13:08:49,034 [pool-214-thread-1] INFO  server.RaftServerConfigKeys (ConfUtils.java:logGet(46)) - raft.server.log.queue.element-limit = 1024 (custom)
2022-11-07 13:08:49,034 [pool-214-thread-1] INFO  server.RaftServerConfigKeys (ConfUtils.java:logGet(46)) - raft.server.log.segment.size.max = 1048576 (custom)
2022-11-07 13:08:49,034 [pool-214-thread-1] INFO  server.RaftServerConfigKeys (ConfUtils.java:logGet(46)) - raft.server.log.preallocated.size = 16384 (custom)
2022-11-07 13:08:49,034 [pool-214-thread-1] INFO  server.RaftServerConfigKeys (ConfUtils.java:logGet(46)) - raft.server.log.force.sync.num = 128 (default)
2022-11-07 13:08:49,035 [pool-214-thread-1] INFO  server.RaftServerConfigKeys (ConfUtils.java:logGet(46)) - raft.server.log.statemachine.data.sync = true (default)
2022-11-07 13:08:49,035 [pool-214-thread-1] INFO  server.RaftServerConfigKeys (ConfUtils.java:logGet(46)) - raft.server.log.statemachine.data.sync.timeout = 10s (default)
2022-11-07 13:08:49,036 [pool-214-thread-1] INFO  server.RaftServerConfigKeys (ConfUtils.java:logGet(46)) - raft.server.log.statemachine.data.sync.timeout.retry = -1 (default)
2022-11-07 13:08:49,037 [pool-214-thread-1] INFO  server.RaftServerConfigKeys (ConfUtils.java:logGet(46)) - raft.server.log.write.buffer.size = 1048576 (custom)
2022-11-07 13:08:49,037 [pool-214-thread-1] INFO  server.RaftServerConfigKeys (ConfUtils.java:logGet(46)) - raft.server.log.unsafe-flush.enabled = false (default)
2022-11-07 13:08:49,038 [pool-214-thread-1] INFO  server.RaftServerConfigKeys (ConfUtils.java:logGet(46)) - raft.server.log.async-flush.enabled = false (default)
2022-11-07 13:08:49,038 [pool-214-thread-1] INFO  server.RaftServerConfigKeys (ConfUtils.java:logGet(46)) - raft.server.log.statemachine.data.caching.enabled = true (custom)
2022-11-07 13:08:49,038 [pool-214-thread-1] INFO  segmented.SegmentedRaftLogWorker (SegmentedRaftLogWorker.java:lambda$new$0(136)) - a8ad72fe-b4a4-4d4d-9a7f-b9692428a970@group-D14C5171AF91-SegmentedRaftLogWorker: flushIndex: setUnconditionally 0 -> -1
2022-11-07 13:08:49,038 [pool-214-thread-1] INFO  segmented.SegmentedRaftLogWorker (SegmentedRaftLogWorker.java:lambda$new$0(136)) - a8ad72fe-b4a4-4d4d-9a7f-b9692428a970@group-D14C5171AF91-SegmentedRaftLogWorker: safeCacheEvictIndex: setUnconditionally 0 -> -1
2022-11-07 13:08:49,042 [pool-214-thread-1] INFO  server.RaftServer$Division (RaftServerImpl.java:start(334)) - a8ad72fe-b4a4-4d4d-9a7f-b9692428a970@group-D14C5171AF91: start as a follower, conf=-1: peers:[a8ad72fe-b4a4-4d4d-9a7f-b9692428a970|rpc:10.1.0.171:39375|priority:1|startupRole:FOLLOWER]|listeners:[], old=null
2022-11-07 13:08:49,043 [pool-214-thread-1] INFO  server.RaftServer$Division (RaftServerImpl.java:setRole(321)) - a8ad72fe-b4a4-4d4d-9a7f-b9692428a970@group-D14C5171AF91: changes role from      null to FOLLOWER at term 0 for startAsFollower
2022-11-07 13:08:49,043 [pool-214-thread-1] INFO  impl.RoleInfo (RoleInfo.java:updateAndGet(139)) - a8ad72fe-b4a4-4d4d-9a7f-b9692428a970: start a8ad72fe-b4a4-4d4d-9a7f-b9692428a970@group-D14C5171AF91-FollowerState
2022-11-07 13:08:49,044 [a8ad72fe-b4a4-4d4d-9a7f-b9692428a970@group-D14C5171AF91-FollowerState] INFO  server.RaftServerConfigKeys (ConfUtils.java:logFallback(53)) - raft.server.rpc.first-election.timeout.min = 5s (fallback to raft.server.rpc.timeout.min)
2022-11-07 13:08:49,047 [pool-214-thread-1] INFO  util.JmxRegister (JmxRegister.java:tryRegister(44)) - Successfully registered JMX Bean with object name Ratis:service=RaftServer,group=group-D14C5171AF91,id=a8ad72fe-b4a4-4d4d-9a7f-b9692428a970
2022-11-07 13:08:49,047 [a8ad72fe-b4a4-4d4d-9a7f-b9692428a970@group-D14C5171AF91-FollowerState] INFO  server.RaftServerConfigKeys (ConfUtils.java:logFallback(53)) - raft.server.rpc.first-election.timeout.max = 5200ms (fallback to raft.server.rpc.timeout.max)
2022-11-07 13:08:49,048 [pool-214-thread-1] INFO  server.RaftServerConfigKeys (ConfUtils.java:logGet(46)) - raft.server.snapshot.auto.trigger.enabled = true (custom)
2022-11-07 13:08:49,048 [pool-214-thread-1] INFO  server.RaftServerConfigKeys (ConfUtils.java:logGet(46)) - raft.server.snapshot.auto.trigger.threshold = 10000 (custom)
2022-11-07 13:08:49,048 [pool-214-thread-1] INFO  server.RaftServerConfigKeys (ConfUtils.java:logGet(46)) - raft.server.snapshot.retention.file.num = 5 (custom)
2022-11-07 13:08:49,048 [pool-214-thread-1] INFO  server.RaftServerConfigKeys (ConfUtils.java:logGet(46)) - raft.server.log.purge.upto.snapshot.index = false (default)
2022-11-07 13:08:49,049 [Command processor thread] INFO  ratis.XceiverServerRatis (XceiverServerRatis.java:addGroup(765)) - Created group PipelineID=679e896b-67ab-4a55-9f45-d14c5171af91
2022-11-07 13:08:49,049 [Command processor thread] INFO  commandhandler.CreatePipelineCommandHandler (CreatePipelineCommandHandler.java:handle(113)) - Created Pipeline RATIS ONE PipelineID=679e896b-67ab-4a55-9f45-d14c5171af91.
2022-11-07 13:08:49,049 [Command processor thread] INFO  server.RaftServer (RaftServerProxy.java:addNew(96)) - a8ad72fe-b4a4-4d4d-9a7f-b9692428a970: addNew group-65CF6AC154C0:[a8ad72fe-b4a4-4d4d-9a7f-b9692428a970|rpc:10.1.0.171:39375|priority:0|startupRole:FOLLOWER, 1810f6e6-5580-46b0-b88d-9b5f15cbee6a|rpc:10.1.0.171:37795|priority:0|startupRole:FOLLOWER, 8bab8527-0d32-4ef2-9c82-248b5a5867bf|rpc:10.1.0.171:42469|priority:1|startupRole:FOLLOWER] returns group-65CF6AC154C0:java.util.concurrent.CompletableFuture@57120a4a[Not completed]
2022-11-07 13:08:49,051 [pool-214-thread-1] INFO  server.RaftServer$Division (RaftServerImpl.java:<init>(195)) - a8ad72fe-b4a4-4d4d-9a7f-b9692428a970: new RaftServerImpl for group-65CF6AC154C0:[a8ad72fe-b4a4-4d4d-9a7f-b9692428a970|rpc:10.1.0.171:39375|priority:0|startupRole:FOLLOWER, 1810f6e6-5580-46b0-b88d-9b5f15cbee6a|rpc:10.1.0.171:37795|priority:0|startupRole:FOLLOWER, 8bab8527-0d32-4ef2-9c82-248b5a5867bf|rpc:10.1.0.171:42469|priority:1|startupRole:FOLLOWER] with ContainerStateMachine:uninitialized
2022-11-07 13:08:49,051 [pool-214-thread-1] INFO  server.RaftServerConfigKeys (ConfUtils.java:logGet(46)) - raft.server.rpc.timeout.min = 5s (custom)
2022-11-07 13:08:49,051 [pool-214-thread-1] INFO  server.RaftServerConfigKeys (ConfUtils.java:logGet(46)) - raft.server.rpc.timeout.max = 5200ms (custom)
2022-11-07 13:08:49,051 [pool-214-thread-1] INFO  server.RaftServerConfigKeys (ConfUtils.java:logGet(46)) - raft.server.rpc.sleep.time = 25ms (default)
2022-11-07 13:08:49,051 [pool-214-thread-1] INFO  server.RaftServerConfigKeys (ConfUtils.java:logGet(46)) - raft.server.rpc.slowness.timeout = 300s (custom)
2022-11-07 13:08:49,052 [pool-214-thread-1] INFO  server.RaftServerConfigKeys (ConfUtils.java:logGet(46)) - raft.server.leaderelection.leader.step-down.wait-time = 10s (default)
2022-11-07 13:08:49,052 [pool-214-thread-1] INFO  server.RaftServerConfigKeys (ConfUtils.java:logGet(46)) - raft.server.sleep.deviation.threshold = 300ms (default)
2022-11-07 13:08:49,052 [pool-214-thread-1] INFO  server.RaftServer$Division (ServerState.java:<init>(118)) - a8ad72fe-b4a4-4d4d-9a7f-b9692428a970@group-65CF6AC154C0: ConfigurationManager, init=-1: peers:[a8ad72fe-b4a4-4d4d-9a7f-b9692428a970|rpc:10.1.0.171:39375|priority:0|startupRole:FOLLOWER, 1810f6e6-5580-46b0-b88d-9b5f15cbee6a|rpc:10.1.0.171:37795|priority:0|startupRole:FOLLOWER, 8bab8527-0d32-4ef2-9c82-248b5a5867bf|rpc:10.1.0.171:42469|priority:1|startupRole:FOLLOWER]|listeners:[], old=null, confs=<EMPTY_MAP>
2022-11-07 13:08:49,052 [pool-214-thread-1] INFO  server.RaftServerConfigKeys (ConfUtils.java:logGet(46)) - raft.server.storage.dir = [/home/runner/work/ozone/ozone/hadoop-ozone/integration-test/target/test-dir/MiniOzoneClusterImpl-2a90587d-8655-4e72-8ce6-1bf59b520396/datanode-6/data/ratis] (custom)
2022-11-07 13:08:49,052 [pool-214-thread-1] INFO  server.RaftServerConfigKeys (ConfUtils.java:logGet(46)) - raft.server.log.corruption.policy = EXCEPTION (default)
2022-11-07 13:08:49,052 [pool-214-thread-1] INFO  server.RaftServerConfigKeys (ConfUtils.java:logGet(46)) - raft.server.storage.free-space.min = 0MB (=0) (default)
2022-11-07 13:08:49,054 [pool-214-thread-1] INFO  server.RaftServerConfigKeys (ConfUtils.java:logGet(46)) - raft.server.notification.no-leader.timeout = 300s (custom)
2022-11-07 13:08:49,055 [pool-214-thread-1] INFO  server.RaftServerConfigKeys (ConfUtils.java:logGet(46)) - raft.server.retrycache.expirytime = 600000ms (custom)
2022-11-07 13:08:49,055 [pool-214-thread-1] INFO  server.RaftServerConfigKeys (ConfUtils.java:logGet(46)) - raft.server.retrycache.statistics.expirytime = 100μs (default)
2022-11-07 13:08:49,057 [pool-214-thread-1] INFO  server.RaftServerConfigKeys (ConfUtils.java:logGet(46)) - raft.server.log.appender.install.snapshot.enabled = false (custom)
2022-11-07 13:08:49,057 [pool-214-thread-1] INFO  server.RaftServerConfigKeys (ConfUtils.java:logGet(46)) - raft.server.threadpool.server.cached = true (default)
2022-11-07 13:08:49,057 [pool-214-thread-1] INFO  server.RaftServerConfigKeys (ConfUtils.java:logGet(46)) - raft.server.threadpool.server.size = 0 (default)
2022-11-07 13:08:49,057 [pool-214-thread-1] INFO  server.RaftServerConfigKeys (ConfUtils.java:logGet(46)) - raft.server.threadpool.client.cached = true (default)
2022-11-07 13:08:49,057 [pool-214-thread-1] INFO  server.RaftServerConfigKeys (ConfUtils.java:logGet(46)) - raft.server.threadpool.client.size = 0 (default)
2022-11-07 13:08:49,057 [pool-214-thread-1] INFO  storage.RaftStorageDirectory (RaftStorageDirectoryImpl.java:analyzeStorage(137)) - The storage directory /home/runner/work/ozone/ozone/hadoop-ozone/integration-test/target/test-dir/MiniOzoneClusterImpl-2a90587d-8655-4e72-8ce6-1bf59b520396/datanode-6/data/ratis/75bfd763-660f-4794-893b-65cf6ac154c0 does not exist. Creating ...
2022-11-07 13:08:49,059 [pool-214-thread-1] INFO  storage.RaftStorageDirectory (RaftStorageDirectoryImpl.java:tryLock(231)) - Lock on /home/runner/work/ozone/ozone/hadoop-ozone/integration-test/target/test-dir/MiniOzoneClusterImpl-2a90587d-8655-4e72-8ce6-1bf59b520396/datanode-6/data/ratis/75bfd763-660f-4794-893b-65cf6ac154c0/in_use.lock acquired by nodename 14802@fv-az255-291
2022-11-07 13:08:49,061 [pool-214-thread-1] INFO  storage.RaftStorage (RaftStorageImpl.java:format(96)) - Storage directory /home/runner/work/ozone/ozone/hadoop-ozone/integration-test/target/test-dir/MiniOzoneClusterImpl-2a90587d-8655-4e72-8ce6-1bf59b520396/datanode-6/data/ratis/75bfd763-660f-4794-893b-65cf6ac154c0 has been successfully formatted.
2022-11-07 13:08:49,062 [pool-214-thread-1] INFO  ratis.ContainerStateMachine (ContainerStateMachine.java:loadSnapshot(236)) - group-65CF6AC154C0: The snapshot info is null. Setting the last applied indexto:(t:0, i:~)
2022-11-07 13:08:49,062 [pool-214-thread-1] INFO  server.RaftServerConfigKeys (ConfUtils.java:logGet(46)) - raft.server.log.use.memory = false (default)
2022-11-07 13:08:49,063 [EventQueue-OpenPipelineForHealthyPipelineSafeModeRule] INFO  safemode.SCMSafeModeManager (HealthyPipelineSafeModeRule.java:process(137)) - SCM in safe mode. Healthy pipelines reported count is 0, required healthy pipeline reported count is 1
2022-11-07 13:08:49,064 [pool-214-thread-1] INFO  server.RaftServerConfigKeys (ConfUtils.java:logGet(46)) - raft.server.log.purge.gap = 1000000 (custom)
2022-11-07 13:08:49,066 [pool-214-thread-1] INFO  server.RaftServerConfigKeys (ConfUtils.java:logGet(46)) - raft.server.log.appender.buffer.byte-limit = 33554432 (custom)
2022-11-07 13:08:49,066 [pool-214-thread-1] INFO  server.RaftServerConfigKeys (ConfUtils.java:logGet(46)) - raft.server.log.statemachine.data.read.timeout = 1000ms (default)
2022-11-07 13:08:49,066 [pool-214-thread-1] INFO  server.RaftServerConfigKeys (ConfUtils.java:logGet(46)) - raft.server.log.purge.preservation.log.num = 0 (default)
2022-11-07 13:08:49,067 [pool-214-thread-1] INFO  server.RaftServerConfigKeys (ConfUtils.java:logGet(46)) - raft.server.log.segment.size.max = 1048576 (custom)
2022-11-07 13:08:49,067 [pool-214-thread-1] INFO  server.RaftServerConfigKeys (ConfUtils.java:logGet(46)) - raft.server.log.segment.cache.num.max = 2 (custom)
2022-11-07 13:08:49,067 [pool-214-thread-1] INFO  server.RaftServerConfigKeys (ConfUtils.java:logGet(46)) - raft.server.log.segment.cache.size.max = 200MB (=209715200) (default)
2022-11-07 13:08:49,067 [pool-214-thread-1] INFO  segmented.SegmentedRaftLogWorker (SegmentedRaftLogWorker.java:<init>(191)) - new a8ad72fe-b4a4-4d4d-9a7f-b9692428a970@group-65CF6AC154C0-SegmentedRaftLogWorker for RaftStorageImpl:Storage Directory /home/runner/work/ozone/ozone/hadoop-ozone/integration-test/target/test-dir/MiniOzoneClusterImpl-2a90587d-8655-4e72-8ce6-1bf59b520396/datanode-6/data/ratis/75bfd763-660f-4794-893b-65cf6ac154c0
2022-11-07 13:08:49,067 [pool-214-thread-1] INFO  server.RaftServerConfigKeys (ConfUtils.java:logGet(46)) - raft.server.log.queue.byte-limit = 4294967296 (custom)
2022-11-07 13:08:49,067 [pool-214-thread-1] INFO  server.RaftServerConfigKeys (ConfUtils.java:logGet(46)) - raft.server.log.queue.element-limit = 1024 (custom)
2022-11-07 13:08:49,068 [pool-214-thread-1] INFO  server.RaftServerConfigKeys (ConfUtils.java:logGet(46)) - raft.server.log.segment.size.max = 1048576 (custom)
2022-11-07 13:08:49,068 [pool-214-thread-1] INFO  server.RaftServerConfigKeys (ConfUtils.java:logGet(46)) - raft.server.log.preallocated.size = 16384 (custom)
2022-11-07 13:08:49,068 [pool-214-thread-1] INFO  server.RaftServerConfigKeys (ConfUtils.java:logGet(46)) - raft.server.log.force.sync.num = 128 (default)
2022-11-07 13:08:49,068 [pool-214-thread-1] INFO  server.RaftServerConfigKeys (ConfUtils.java:logGet(46)) - raft.server.log.statemachine.data.sync = true (default)
2022-11-07 13:08:49,068 [pool-214-thread-1] INFO  server.RaftServerConfigKeys (ConfUtils.java:logGet(46)) - raft.server.log.statemachine.data.sync.timeout = 10s (default)
2022-11-07 13:08:49,068 [pool-214-thread-1] INFO  server.RaftServerConfigKeys (ConfUtils.java:logGet(46)) - raft.server.log.statemachine.data.sync.timeout.retry = -1 (default)
2022-11-07 13:08:49,069 [pool-214-thread-1] INFO  server.RaftServerConfigKeys (ConfUtils.java:logGet(46)) - raft.server.log.write.buffer.size = 1048576 (custom)
2022-11-07 13:08:49,070 [pool-214-thread-1] INFO  server.RaftServerConfigKeys (ConfUtils.java:logGet(46)) - raft.server.log.unsafe-flush.enabled = false (default)
2022-11-07 13:08:49,070 [pool-214-thread-1] INFO  server.RaftServerConfigKeys (ConfUtils.java:logGet(46)) - raft.server.log.async-flush.enabled = false (default)
2022-11-07 13:08:49,070 [pool-214-thread-1] INFO  server.RaftServerConfigKeys (ConfUtils.java:logGet(46)) - raft.server.log.statemachine.data.caching.enabled = true (custom)
2022-11-07 13:08:49,071 [pool-214-thread-1] INFO  segmented.SegmentedRaftLogWorker (SegmentedRaftLogWorker.java:lambda$new$0(136)) - a8ad72fe-b4a4-4d4d-9a7f-b9692428a970@group-65CF6AC154C0-SegmentedRaftLogWorker: flushIndex: setUnconditionally 0 -> -1
2022-11-07 13:08:49,071 [pool-214-thread-1] INFO  segmented.SegmentedRaftLogWorker (SegmentedRaftLogWorker.java:lambda$new$0(136)) - a8ad72fe-b4a4-4d4d-9a7f-b9692428a970@group-65CF6AC154C0-SegmentedRaftLogWorker: safeCacheEvictIndex: setUnconditionally 0 -> -1
2022-11-07 13:08:49,071 [pool-214-thread-1] INFO  server.RaftServer$Division (RaftServerImpl.java:start(334)) - a8ad72fe-b4a4-4d4d-9a7f-b9692428a970@group-65CF6AC154C0: start as a follower, conf=-1: peers:[a8ad72fe-b4a4-4d4d-9a7f-b9692428a970|rpc:10.1.0.171:39375|priority:0|startupRole:FOLLOWER, 1810f6e6-5580-46b0-b88d-9b5f15cbee6a|rpc:10.1.0.171:37795|priority:0|startupRole:FOLLOWER, 8bab8527-0d32-4ef2-9c82-248b5a5867bf|rpc:10.1.0.171:42469|priority:1|startupRole:FOLLOWER]|listeners:[], old=null
2022-11-07 13:08:49,071 [pool-214-thread-1] INFO  server.RaftServer$Division (RaftServerImpl.java:setRole(321)) - a8ad72fe-b4a4-4d4d-9a7f-b9692428a970@group-65CF6AC154C0: changes role from      null to FOLLOWER at term 0 for startAsFollower
2022-11-07 13:08:49,071 [pool-214-thread-1] INFO  impl.RoleInfo (RoleInfo.java:updateAndGet(139)) - a8ad72fe-b4a4-4d4d-9a7f-b9692428a970: start a8ad72fe-b4a4-4d4d-9a7f-b9692428a970@group-65CF6AC154C0-FollowerState
2022-11-07 13:08:49,076 [pool-214-thread-1] INFO  util.JmxRegister (JmxRegister.java:tryRegister(44)) - Successfully registered JMX Bean with object name Ratis:service=RaftServer,group=group-65CF6AC154C0,id=a8ad72fe-b4a4-4d4d-9a7f-b9692428a970
2022-11-07 13:08:49,076 [pool-214-thread-1] INFO  server.RaftServerConfigKeys (ConfUtils.java:logGet(46)) - raft.server.snapshot.auto.trigger.enabled = true (custom)
2022-11-07 13:08:49,076 [pool-214-thread-1] INFO  server.RaftServerConfigKeys (ConfUtils.java:logGet(46)) - raft.server.snapshot.auto.trigger.threshold = 10000 (custom)
2022-11-07 13:08:49,076 [pool-214-thread-1] INFO  server.RaftServerConfigKeys (ConfUtils.java:logGet(46)) - raft.server.snapshot.retention.file.num = 5 (custom)
2022-11-07 13:08:49,076 [pool-214-thread-1] INFO  server.RaftServerConfigKeys (ConfUtils.java:logGet(46)) - raft.server.log.purge.upto.snapshot.index = false (default)
2022-11-07 13:08:49,077 [a8ad72fe-b4a4-4d4d-9a7f-b9692428a970@group-65CF6AC154C0-FollowerState] INFO  server.RaftServerConfigKeys (ConfUtils.java:logFallback(53)) - raft.server.rpc.first-election.timeout.min = 5s (fallback to raft.server.rpc.timeout.min)
2022-11-07 13:08:49,077 [a8ad72fe-b4a4-4d4d-9a7f-b9692428a970@group-65CF6AC154C0-FollowerState] INFO  server.RaftServerConfigKeys (ConfUtils.java:logFallback(53)) - raft.server.rpc.first-election.timeout.max = 5200ms (fallback to raft.server.rpc.timeout.max)
2022-11-07 13:08:49,077 [Command processor thread] INFO  ratis.XceiverServerRatis (XceiverServerRatis.java:addGroup(765)) - Created group PipelineID=75bfd763-660f-4794-893b-65cf6ac154c0
2022-11-07 13:08:49,094 [grpc-default-executor-1] INFO  server.RaftServer (RaftServerProxy.java:addNew(96)) - 1810f6e6-5580-46b0-b88d-9b5f15cbee6a: addNew group-65CF6AC154C0:[a8ad72fe-b4a4-4d4d-9a7f-b9692428a970|rpc:10.1.0.171:39375|dataStream:|priority:0|startupRole:FOLLOWER, 1810f6e6-5580-46b0-b88d-9b5f15cbee6a|rpc:10.1.0.171:37795|dataStream:|priority:0|startupRole:FOLLOWER, 8bab8527-0d32-4ef2-9c82-248b5a5867bf|rpc:10.1.0.171:42469|dataStream:|priority:1|startupRole:FOLLOWER] returns group-65CF6AC154C0:java.util.concurrent.CompletableFuture@29906184[Not completed]
2022-11-07 13:08:49,097 [pool-241-thread-1] INFO  server.RaftServer$Division (RaftServerImpl.java:<init>(195)) - 1810f6e6-5580-46b0-b88d-9b5f15cbee6a: new RaftServerImpl for group-65CF6AC154C0:[a8ad72fe-b4a4-4d4d-9a7f-b9692428a970|rpc:10.1.0.171:39375|dataStream:|priority:0|startupRole:FOLLOWER, 1810f6e6-5580-46b0-b88d-9b5f15cbee6a|rpc:10.1.0.171:37795|dataStream:|priority:0|startupRole:FOLLOWER, 8bab8527-0d32-4ef2-9c82-248b5a5867bf|rpc:10.1.0.171:42469|dataStream:|priority:1|startupRole:FOLLOWER] with ContainerStateMachine:uninitialized
2022-11-07 13:08:49,097 [pool-241-thread-1] INFO  server.RaftServerConfigKeys (ConfUtils.java:logGet(46)) - raft.server.rpc.timeout.min = 5s (custom)
2022-11-07 13:08:49,097 [pool-241-thread-1] INFO  server.RaftServerConfigKeys (ConfUtils.java:logGet(46)) - raft.server.rpc.timeout.max = 5200ms (custom)
2022-11-07 13:08:49,097 [pool-241-thread-1] INFO  server.RaftServerConfigKeys (ConfUtils.java:logGet(46)) - raft.server.rpc.sleep.time = 25ms (default)
2022-11-07 13:08:49,098 [pool-241-thread-1] INFO  server.RaftServerConfigKeys (ConfUtils.java:logGet(46)) - raft.server.rpc.slowness.timeout = 300s (custom)
2022-11-07 13:08:49,099 [pool-241-thread-1] INFO  server.RaftServerConfigKeys (ConfUtils.java:logGet(46)) - raft.server.leaderelection.leader.step-down.wait-time = 10s (default)
2022-11-07 13:08:49,099 [pool-241-thread-1] INFO  server.RaftServerConfigKeys (ConfUtils.java:logGet(46)) - raft.server.sleep.deviation.threshold = 300ms (default)
2022-11-07 13:08:49,099 [pool-241-thread-1] INFO  server.RaftServer$Division (ServerState.java:<init>(118)) - 1810f6e6-5580-46b0-b88d-9b5f15cbee6a@group-65CF6AC154C0: ConfigurationManager, init=-1: peers:[a8ad72fe-b4a4-4d4d-9a7f-b9692428a970|rpc:10.1.0.171:39375|dataStream:|priority:0|startupRole:FOLLOWER, 1810f6e6-5580-46b0-b88d-9b5f15cbee6a|rpc:10.1.0.171:37795|dataStream:|priority:0|startupRole:FOLLOWER, 8bab8527-0d32-4ef2-9c82-248b5a5867bf|rpc:10.1.0.171:42469|dataStream:|priority:1|startupRole:FOLLOWER]|listeners:[], old=null, confs=<EMPTY_MAP>
2022-11-07 13:08:49,099 [pool-241-thread-1] INFO  server.RaftServerConfigKeys (ConfUtils.java:logGet(46)) - raft.server.storage.dir = [/home/runner/work/ozone/ozone/hadoop-ozone/integration-test/target/test-dir/MiniOzoneClusterImpl-2a90587d-8655-4e72-8ce6-1bf59b520396/datanode-7/data/ratis] (custom)
2022-11-07 13:08:49,099 [pool-241-thread-1] INFO  server.RaftServerConfigKeys (ConfUtils.java:logGet(46)) - raft.server.log.corruption.policy = EXCEPTION (default)
2022-11-07 13:08:49,099 [pool-241-thread-1] INFO  server.RaftServerConfigKeys (ConfUtils.java:logGet(46)) - raft.server.storage.free-space.min = 0MB (=0) (default)
2022-11-07 13:08:49,099 [pool-241-thread-1] INFO  server.RaftServerConfigKeys (ConfUtils.java:logGet(46)) - raft.server.notification.no-leader.timeout = 300s (custom)
2022-11-07 13:08:49,099 [pool-241-thread-1] INFO  server.RaftServerConfigKeys (ConfUtils.java:logGet(46)) - raft.server.retrycache.expirytime = 600000ms (custom)
2022-11-07 13:08:49,099 [pool-241-thread-1] INFO  server.RaftServerConfigKeys (ConfUtils.java:logGet(46)) - raft.server.retrycache.statistics.expirytime = 100μs (default)
2022-11-07 13:08:49,102 [pool-241-thread-1] INFO  server.RaftServerConfigKeys (ConfUtils.java:logGet(46)) - raft.server.log.appender.install.snapshot.enabled = false (custom)
2022-11-07 13:08:49,102 [pool-241-thread-1] INFO  server.RaftServerConfigKeys (ConfUtils.java:logGet(46)) - raft.server.threadpool.server.cached = true (default)
2022-11-07 13:08:49,102 [pool-241-thread-1] INFO  server.RaftServerConfigKeys (ConfUtils.java:logGet(46)) - raft.server.threadpool.server.size = 0 (default)
2022-11-07 13:08:49,102 [pool-241-thread-1] INFO  server.RaftServerConfigKeys (ConfUtils.java:logGet(46)) - raft.server.threadpool.client.cached = true (default)
2022-11-07 13:08:49,102 [pool-241-thread-1] INFO  server.RaftServerConfigKeys (ConfUtils.java:logGet(46)) - raft.server.threadpool.client.size = 0 (default)
2022-11-07 13:08:49,102 [pool-241-thread-1] INFO  storage.RaftStorageDirectory (RaftStorageDirectoryImpl.java:analyzeStorage(137)) - The storage directory /home/runner/work/ozone/ozone/hadoop-ozone/integration-test/target/test-dir/MiniOzoneClusterImpl-2a90587d-8655-4e72-8ce6-1bf59b520396/datanode-7/data/ratis/75bfd763-660f-4794-893b-65cf6ac154c0 does not exist. Creating ...
2022-11-07 13:08:49,104 [pool-241-thread-1] INFO  storage.RaftStorageDirectory (RaftStorageDirectoryImpl.java:tryLock(231)) - Lock on /home/runner/work/ozone/ozone/hadoop-ozone/integration-test/target/test-dir/MiniOzoneClusterImpl-2a90587d-8655-4e72-8ce6-1bf59b520396/datanode-7/data/ratis/75bfd763-660f-4794-893b-65cf6ac154c0/in_use.lock acquired by nodename 14802@fv-az255-291
2022-11-07 13:08:49,110 [pool-241-thread-1] INFO  storage.RaftStorage (RaftStorageImpl.java:format(96)) - Storage directory /home/runner/work/ozone/ozone/hadoop-ozone/integration-test/target/test-dir/MiniOzoneClusterImpl-2a90587d-8655-4e72-8ce6-1bf59b520396/datanode-7/data/ratis/75bfd763-660f-4794-893b-65cf6ac154c0 has been successfully formatted.
2022-11-07 13:08:49,110 [pool-241-thread-1] INFO  ratis.ContainerStateMachine (ContainerStateMachine.java:loadSnapshot(236)) - group-65CF6AC154C0: The snapshot info is null. Setting the last applied indexto:(t:0, i:~)
2022-11-07 13:08:49,111 [pool-241-thread-1] INFO  server.RaftServerConfigKeys (ConfUtils.java:logGet(46)) - raft.server.log.use.memory = false (default)
2022-11-07 13:08:49,111 [pool-241-thread-1] INFO  server.RaftServerConfigKeys (ConfUtils.java:logGet(46)) - raft.server.log.purge.gap = 1000000 (custom)
2022-11-07 13:08:49,113 [pool-241-thread-1] INFO  server.RaftServerConfigKeys (ConfUtils.java:logGet(46)) - raft.server.log.appender.buffer.byte-limit = 33554432 (custom)
2022-11-07 13:08:49,113 [pool-241-thread-1] INFO  server.RaftServerConfigKeys (ConfUtils.java:logGet(46)) - raft.server.log.statemachine.data.read.timeout = 1000ms (default)
2022-11-07 13:08:49,113 [pool-241-thread-1] INFO  server.RaftServerConfigKeys (ConfUtils.java:logGet(46)) - raft.server.log.purge.preservation.log.num = 0 (default)
2022-11-07 13:08:49,113 [pool-241-thread-1] INFO  server.RaftServerConfigKeys (ConfUtils.java:logGet(46)) - raft.server.log.segment.size.max = 1048576 (custom)
2022-11-07 13:08:49,114 [pool-241-thread-1] INFO  server.RaftServerConfigKeys (ConfUtils.java:logGet(46)) - raft.server.log.segment.cache.num.max = 2 (custom)
2022-11-07 13:08:49,114 [pool-241-thread-1] INFO  server.RaftServerConfigKeys (ConfUtils.java:logGet(46)) - raft.server.log.segment.cache.size.max = 200MB (=209715200) (default)
2022-11-07 13:08:49,114 [pool-241-thread-1] INFO  segmented.SegmentedRaftLogWorker (SegmentedRaftLogWorker.java:<init>(191)) - new 1810f6e6-5580-46b0-b88d-9b5f15cbee6a@group-65CF6AC154C0-SegmentedRaftLogWorker for RaftStorageImpl:Storage Directory /home/runner/work/ozone/ozone/hadoop-ozone/integration-test/target/test-dir/MiniOzoneClusterImpl-2a90587d-8655-4e72-8ce6-1bf59b520396/datanode-7/data/ratis/75bfd763-660f-4794-893b-65cf6ac154c0
2022-11-07 13:08:49,114 [pool-241-thread-1] INFO  server.RaftServerConfigKeys (ConfUtils.java:logGet(46)) - raft.server.log.queue.byte-limit = 4294967296 (custom)
2022-11-07 13:08:49,114 [pool-241-thread-1] INFO  server.RaftServerConfigKeys (ConfUtils.java:logGet(46)) - raft.server.log.queue.element-limit = 1024 (custom)
2022-11-07 13:08:49,114 [pool-241-thread-1] INFO  server.RaftServerConfigKeys (ConfUtils.java:logGet(46)) - raft.server.log.segment.size.max = 1048576 (custom)
2022-11-07 13:08:49,114 [pool-241-thread-1] INFO  server.RaftServerConfigKeys (ConfUtils.java:logGet(46)) - raft.server.log.preallocated.size = 16384 (custom)
2022-11-07 13:08:49,114 [pool-241-thread-1] INFO  server.RaftServerConfigKeys (ConfUtils.java:logGet(46)) - raft.server.log.force.sync.num = 128 (default)
2022-11-07 13:08:49,115 [pool-241-thread-1] INFO  server.RaftServerConfigKeys (ConfUtils.java:logGet(46)) - raft.server.log.statemachine.data.sync = true (default)
2022-11-07 13:08:49,115 [pool-241-thread-1] INFO  server.RaftServerConfigKeys (ConfUtils.java:logGet(46)) - raft.server.log.statemachine.data.sync.timeout = 10s (default)
2022-11-07 13:08:49,115 [pool-241-thread-1] INFO  server.RaftServerConfigKeys (ConfUtils.java:logGet(46)) - raft.server.log.statemachine.data.sync.timeout.retry = -1 (default)
2022-11-07 13:08:49,117 [pool-241-thread-1] INFO  server.RaftServerConfigKeys (ConfUtils.java:logGet(46)) - raft.server.log.write.buffer.size = 1048576 (custom)
2022-11-07 13:08:49,117 [pool-241-thread-1] INFO  server.RaftServerConfigKeys (ConfUtils.java:logGet(46)) - raft.server.log.unsafe-flush.enabled = false (default)
2022-11-07 13:08:49,117 [pool-241-thread-1] INFO  server.RaftServerConfigKeys (ConfUtils.java:logGet(46)) - raft.server.log.async-flush.enabled = false (default)
2022-11-07 13:08:49,117 [pool-241-thread-1] INFO  server.RaftServerConfigKeys (ConfUtils.java:logGet(46)) - raft.server.log.statemachine.data.caching.enabled = true (custom)
2022-11-07 13:08:49,118 [pool-241-thread-1] INFO  segmented.SegmentedRaftLogWorker (SegmentedRaftLogWorker.java:lambda$new$0(136)) - 1810f6e6-5580-46b0-b88d-9b5f15cbee6a@group-65CF6AC154C0-SegmentedRaftLogWorker: flushIndex: setUnconditionally 0 -> -1
2022-11-07 13:08:49,118 [pool-241-thread-1] INFO  segmented.SegmentedRaftLogWorker (SegmentedRaftLogWorker.java:lambda$new$0(136)) - 1810f6e6-5580-46b0-b88d-9b5f15cbee6a@group-65CF6AC154C0-SegmentedRaftLogWorker: safeCacheEvictIndex: setUnconditionally 0 -> -1
2022-11-07 13:08:49,125 [pool-241-thread-1] INFO  server.RaftServer$Division (RaftServerImpl.java:start(334)) - 1810f6e6-5580-46b0-b88d-9b5f15cbee6a@group-65CF6AC154C0: start as a follower, conf=-1: peers:[a8ad72fe-b4a4-4d4d-9a7f-b9692428a970|rpc:10.1.0.171:39375|dataStream:|priority:0|startupRole:FOLLOWER, 1810f6e6-5580-46b0-b88d-9b5f15cbee6a|rpc:10.1.0.171:37795|dataStream:|priority:0|startupRole:FOLLOWER, 8bab8527-0d32-4ef2-9c82-248b5a5867bf|rpc:10.1.0.171:42469|dataStream:|priority:1|startupRole:FOLLOWER]|listeners:[], old=null
2022-11-07 13:08:49,125 [pool-241-thread-1] INFO  server.RaftServer$Division (RaftServerImpl.java:setRole(321)) - 1810f6e6-5580-46b0-b88d-9b5f15cbee6a@group-65CF6AC154C0: changes role from      null to FOLLOWER at term 0 for startAsFollower
2022-11-07 13:08:49,126 [pool-241-thread-1] INFO  impl.RoleInfo (RoleInfo.java:updateAndGet(139)) - 1810f6e6-5580-46b0-b88d-9b5f15cbee6a: start 1810f6e6-5580-46b0-b88d-9b5f15cbee6a@group-65CF6AC154C0-FollowerState
2022-11-07 13:08:49,126 [pool-241-thread-1] INFO  util.JmxRegister (JmxRegister.java:tryRegister(44)) - Successfully registered JMX Bean with object name Ratis:service=RaftServer,group=group-65CF6AC154C0,id=1810f6e6-5580-46b0-b88d-9b5f15cbee6a
2022-11-07 13:08:49,126 [pool-241-thread-1] INFO  server.RaftServerConfigKeys (ConfUtils.java:logGet(46)) - raft.server.snapshot.auto.trigger.enabled = true (custom)
2022-11-07 13:08:49,126 [pool-241-thread-1] INFO  server.RaftServerConfigKeys (ConfUtils.java:logGet(46)) - raft.server.snapshot.auto.trigger.threshold = 10000 (custom)
2022-11-07 13:08:49,126 [pool-241-thread-1] INFO  server.RaftServerConfigKeys (ConfUtils.java:logGet(46)) - raft.server.snapshot.retention.file.num = 5 (custom)
2022-11-07 13:08:49,126 [pool-241-thread-1] INFO  server.RaftServerConfigKeys (ConfUtils.java:logGet(46)) - raft.server.log.purge.upto.snapshot.index = false (default)
2022-11-07 13:08:49,127 [1810f6e6-5580-46b0-b88d-9b5f15cbee6a@group-65CF6AC154C0-FollowerState] INFO  server.RaftServerConfigKeys (ConfUtils.java:logFallback(53)) - raft.server.rpc.first-election.timeout.min = 5s (fallback to raft.server.rpc.timeout.min)
2022-11-07 13:08:49,150 [1810f6e6-5580-46b0-b88d-9b5f15cbee6a@group-65CF6AC154C0-FollowerState] INFO  server.RaftServerConfigKeys (ConfUtils.java:logFallback(53)) - raft.server.rpc.first-election.timeout.max = 5200ms (fallback to raft.server.rpc.timeout.max)
2022-11-07 13:08:49,178 [grpc-default-executor-1] INFO  server.RaftServer (RaftServerProxy.java:addNew(96)) - 8bab8527-0d32-4ef2-9c82-248b5a5867bf: addNew group-65CF6AC154C0:[a8ad72fe-b4a4-4d4d-9a7f-b9692428a970|rpc:10.1.0.171:39375|dataStream:|priority:0|startupRole:FOLLOWER, 1810f6e6-5580-46b0-b88d-9b5f15cbee6a|rpc:10.1.0.171:37795|dataStream:|priority:0|startupRole:FOLLOWER, 8bab8527-0d32-4ef2-9c82-248b5a5867bf|rpc:10.1.0.171:42469|dataStream:|priority:1|startupRole:FOLLOWER] returns group-65CF6AC154C0:java.util.concurrent.CompletableFuture@1038c53e[Not completed]
2022-11-07 13:08:49,184 [pool-268-thread-1] INFO  server.RaftServer$Division (RaftServerImpl.java:<init>(195)) - 8bab8527-0d32-4ef2-9c82-248b5a5867bf: new RaftServerImpl for group-65CF6AC154C0:[a8ad72fe-b4a4-4d4d-9a7f-b9692428a970|rpc:10.1.0.171:39375|dataStream:|priority:0|startupRole:FOLLOWER, 1810f6e6-5580-46b0-b88d-9b5f15cbee6a|rpc:10.1.0.171:37795|dataStream:|priority:0|startupRole:FOLLOWER, 8bab8527-0d32-4ef2-9c82-248b5a5867bf|rpc:10.1.0.171:42469|dataStream:|priority:1|startupRole:FOLLOWER] with ContainerStateMachine:uninitialized
2022-11-07 13:08:49,184 [pool-268-thread-1] INFO  server.RaftServerConfigKeys (ConfUtils.java:logGet(46)) - raft.server.rpc.timeout.min = 5s (custom)
2022-11-07 13:08:49,184 [pool-268-thread-1] INFO  server.RaftServerConfigKeys (ConfUtils.java:logGet(46)) - raft.server.rpc.timeout.max = 5200ms (custom)
2022-11-07 13:08:49,184 [pool-268-thread-1] INFO  server.RaftServerConfigKeys (ConfUtils.java:logGet(46)) - raft.server.rpc.sleep.time = 25ms (default)
2022-11-07 13:08:49,184 [pool-268-thread-1] INFO  server.RaftServerConfigKeys (ConfUtils.java:logGet(46)) - raft.server.rpc.slowness.timeout = 300s (custom)
2022-11-07 13:08:49,184 [pool-268-thread-1] INFO  server.RaftServerConfigKeys (ConfUtils.java:logGet(46)) - raft.server.leaderelection.leader.step-down.wait-time = 10s (default)
2022-11-07 13:08:49,184 [pool-268-thread-1] INFO  server.RaftServerConfigKeys (ConfUtils.java:logGet(46)) - raft.server.sleep.deviation.threshold = 300ms (default)
2022-11-07 13:08:49,185 [pool-268-thread-1] INFO  server.RaftServer$Division (ServerState.java:<init>(118)) - 8bab8527-0d32-4ef2-9c82-248b5a5867bf@group-65CF6AC154C0: ConfigurationManager, init=-1: peers:[a8ad72fe-b4a4-4d4d-9a7f-b9692428a970|rpc:10.1.0.171:39375|dataStream:|priority:0|startupRole:FOLLOWER, 1810f6e6-5580-46b0-b88d-9b5f15cbee6a|rpc:10.1.0.171:37795|dataStream:|priority:0|startupRole:FOLLOWER, 8bab8527-0d32-4ef2-9c82-248b5a5867bf|rpc:10.1.0.171:42469|dataStream:|priority:1|startupRole:FOLLOWER]|listeners:[], old=null, confs=<EMPTY_MAP>
2022-11-07 13:08:49,186 [pool-268-thread-1] INFO  server.RaftServerConfigKeys (ConfUtils.java:logGet(46)) - raft.server.storage.dir = [/home/runner/work/ozone/ozone/hadoop-ozone/integration-test/target/test-dir/MiniOzoneClusterImpl-2a90587d-8655-4e72-8ce6-1bf59b520396/datanode-8/data/ratis] (custom)
2022-11-07 13:08:49,186 [pool-268-thread-1] INFO  server.RaftServerConfigKeys (ConfUtils.java:logGet(46)) - raft.server.log.corruption.policy = EXCEPTION (default)
2022-11-07 13:08:49,186 [pool-268-thread-1] INFO  server.RaftServerConfigKeys (ConfUtils.java:logGet(46)) - raft.server.storage.free-space.min = 0MB (=0) (default)
2022-11-07 13:08:49,186 [pool-268-thread-1] INFO  server.RaftServerConfigKeys (ConfUtils.java:logGet(46)) - raft.server.notification.no-leader.timeout = 300s (custom)
2022-11-07 13:08:49,186 [pool-268-thread-1] INFO  server.RaftServerConfigKeys (ConfUtils.java:logGet(46)) - raft.server.retrycache.expirytime = 600000ms (custom)
2022-11-07 13:08:49,186 [pool-268-thread-1] INFO  server.RaftServerConfigKeys (ConfUtils.java:logGet(46)) - raft.server.retrycache.statistics.expirytime = 100μs (default)
2022-11-07 13:08:49,190 [pool-268-thread-1] INFO  server.RaftServerConfigKeys (ConfUtils.java:logGet(46)) - raft.server.log.appender.install.snapshot.enabled = false (custom)
2022-11-07 13:08:49,190 [pool-268-thread-1] INFO  server.RaftServerConfigKeys (ConfUtils.java:logGet(46)) - raft.server.threadpool.server.cached = true (default)
2022-11-07 13:08:49,190 [pool-268-thread-1] INFO  server.RaftServerConfigKeys (ConfUtils.java:logGet(46)) - raft.server.threadpool.server.size = 0 (default)
2022-11-07 13:08:49,190 [pool-268-thread-1] INFO  server.RaftServerConfigKeys (ConfUtils.java:logGet(46)) - raft.server.threadpool.client.cached = true (default)
2022-11-07 13:08:49,190 [pool-268-thread-1] INFO  server.RaftServerConfigKeys (ConfUtils.java:logGet(46)) - raft.server.threadpool.client.size = 0 (default)
2022-11-07 13:08:49,190 [pool-268-thread-1] INFO  storage.RaftStorageDirectory (RaftStorageDirectoryImpl.java:analyzeStorage(137)) - The storage directory /home/runner/work/ozone/ozone/hadoop-ozone/integration-test/target/test-dir/MiniOzoneClusterImpl-2a90587d-8655-4e72-8ce6-1bf59b520396/datanode-8/data/ratis/75bfd763-660f-4794-893b-65cf6ac154c0 does not exist. Creating ...
2022-11-07 13:08:49,193 [pool-268-thread-1] INFO  storage.RaftStorageDirectory (RaftStorageDirectoryImpl.java:tryLock(231)) - Lock on /home/runner/work/ozone/ozone/hadoop-ozone/integration-test/target/test-dir/MiniOzoneClusterImpl-2a90587d-8655-4e72-8ce6-1bf59b520396/datanode-8/data/ratis/75bfd763-660f-4794-893b-65cf6ac154c0/in_use.lock acquired by nodename 14802@fv-az255-291
2022-11-07 13:08:49,194 [pool-268-thread-1] INFO  storage.RaftStorage (RaftStorageImpl.java:format(96)) - Storage directory /home/runner/work/ozone/ozone/hadoop-ozone/integration-test/target/test-dir/MiniOzoneClusterImpl-2a90587d-8655-4e72-8ce6-1bf59b520396/datanode-8/data/ratis/75bfd763-660f-4794-893b-65cf6ac154c0 has been successfully formatted.
2022-11-07 13:08:49,195 [pool-268-thread-1] INFO  ratis.ContainerStateMachine (ContainerStateMachine.java:loadSnapshot(236)) - group-65CF6AC154C0: The snapshot info is null. Setting the last applied indexto:(t:0, i:~)
2022-11-07 13:08:49,195 [pool-268-thread-1] INFO  server.RaftServerConfigKeys (ConfUtils.java:logGet(46)) - raft.server.log.use.memory = false (default)
2022-11-07 13:08:49,198 [pool-268-thread-1] INFO  server.RaftServerConfigKeys (ConfUtils.java:logGet(46)) - raft.server.log.purge.gap = 1000000 (custom)
2022-11-07 13:08:49,198 [pool-268-thread-1] INFO  server.RaftServerConfigKeys (ConfUtils.java:logGet(46)) - raft.server.log.appender.buffer.byte-limit = 33554432 (custom)
2022-11-07 13:08:49,198 [pool-268-thread-1] INFO  server.RaftServerConfigKeys (ConfUtils.java:logGet(46)) - raft.server.log.statemachine.data.read.timeout = 1000ms (default)
2022-11-07 13:08:49,198 [pool-268-thread-1] INFO  server.RaftServerConfigKeys (ConfUtils.java:logGet(46)) - raft.server.log.purge.preservation.log.num = 0 (default)
2022-11-07 13:08:49,198 [pool-268-thread-1] INFO  server.RaftServerConfigKeys (ConfUtils.java:logGet(46)) - raft.server.log.segment.size.max = 1048576 (custom)
2022-11-07 13:08:49,199 [pool-268-thread-1] INFO  server.RaftServerConfigKeys (ConfUtils.java:logGet(46)) - raft.server.log.segment.cache.num.max = 2 (custom)
2022-11-07 13:08:49,199 [pool-268-thread-1] INFO  server.RaftServerConfigKeys (ConfUtils.java:logGet(46)) - raft.server.log.segment.cache.size.max = 200MB (=209715200) (default)
2022-11-07 13:08:49,199 [pool-268-thread-1] INFO  segmented.SegmentedRaftLogWorker (SegmentedRaftLogWorker.java:<init>(191)) - new 8bab8527-0d32-4ef2-9c82-248b5a5867bf@group-65CF6AC154C0-SegmentedRaftLogWorker for RaftStorageImpl:Storage Directory /home/runner/work/ozone/ozone/hadoop-ozone/integration-test/target/test-dir/MiniOzoneClusterImpl-2a90587d-8655-4e72-8ce6-1bf59b520396/datanode-8/data/ratis/75bfd763-660f-4794-893b-65cf6ac154c0
2022-11-07 13:08:49,199 [pool-268-thread-1] INFO  server.RaftServerConfigKeys (ConfUtils.java:logGet(46)) - raft.server.log.queue.byte-limit = 4294967296 (custom)
2022-11-07 13:08:49,199 [pool-268-thread-1] INFO  server.RaftServerConfigKeys (ConfUtils.java:logGet(46)) - raft.server.log.queue.element-limit = 1024 (custom)
2022-11-07 13:08:49,199 [pool-268-thread-1] INFO  server.RaftServerConfigKeys (ConfUtils.java:logGet(46)) - raft.server.log.segment.size.max = 1048576 (custom)
2022-11-07 13:08:49,199 [pool-268-thread-1] INFO  server.RaftServerConfigKeys (ConfUtils.java:logGet(46)) - raft.server.log.preallocated.size = 16384 (custom)
2022-11-07 13:08:49,200 [pool-268-thread-1] INFO  server.RaftServerConfigKeys (ConfUtils.java:logGet(46)) - raft.server.log.force.sync.num = 128 (default)
2022-11-07 13:08:49,200 [pool-268-thread-1] INFO  server.RaftServerConfigKeys (ConfUtils.java:logGet(46)) - raft.server.log.statemachine.data.sync = true (default)
2022-11-07 13:08:49,200 [pool-268-thread-1] INFO  server.RaftServerConfigKeys (ConfUtils.java:logGet(46)) - raft.server.log.statemachine.data.sync.timeout = 10s (default)
2022-11-07 13:08:49,200 [pool-268-thread-1] INFO  server.RaftServerConfigKeys (ConfUtils.java:logGet(46)) - raft.server.log.statemachine.data.sync.timeout.retry = -1 (default)
2022-11-07 13:08:49,202 [pool-268-thread-1] INFO  server.RaftServerConfigKeys (ConfUtils.java:logGet(46)) - raft.server.log.write.buffer.size = 1048576 (custom)
2022-11-07 13:08:49,202 [pool-268-thread-1] INFO  server.RaftServerConfigKeys (ConfUtils.java:logGet(46)) - raft.server.log.unsafe-flush.enabled = false (default)
2022-11-07 13:08:49,202 [pool-268-thread-1] INFO  server.RaftServerConfigKeys (ConfUtils.java:logGet(46)) - raft.server.log.async-flush.enabled = false (default)
2022-11-07 13:08:49,202 [pool-268-thread-1] INFO  server.RaftServerConfigKeys (ConfUtils.java:logGet(46)) - raft.server.log.statemachine.data.caching.enabled = true (custom)
2022-11-07 13:08:49,202 [pool-268-thread-1] INFO  segmented.SegmentedRaftLogWorker (SegmentedRaftLogWorker.java:lambda$new$0(136)) - 8bab8527-0d32-4ef2-9c82-248b5a5867bf@group-65CF6AC154C0-SegmentedRaftLogWorker: flushIndex: setUnconditionally 0 -> -1
2022-11-07 13:08:49,203 [pool-268-thread-1] INFO  segmented.SegmentedRaftLogWorker (SegmentedRaftLogWorker.java:lambda$new$0(136)) - 8bab8527-0d32-4ef2-9c82-248b5a5867bf@group-65CF6AC154C0-SegmentedRaftLogWorker: safeCacheEvictIndex: setUnconditionally 0 -> -1
2022-11-07 13:08:49,203 [pool-268-thread-1] INFO  server.RaftServer$Division (RaftServerImpl.java:start(334)) - 8bab8527-0d32-4ef2-9c82-248b5a5867bf@group-65CF6AC154C0: start as a follower, conf=-1: peers:[a8ad72fe-b4a4-4d4d-9a7f-b9692428a970|rpc:10.1.0.171:39375|dataStream:|priority:0|startupRole:FOLLOWER, 1810f6e6-5580-46b0-b88d-9b5f15cbee6a|rpc:10.1.0.171:37795|dataStream:|priority:0|startupRole:FOLLOWER, 8bab8527-0d32-4ef2-9c82-248b5a5867bf|rpc:10.1.0.171:42469|dataStream:|priority:1|startupRole:FOLLOWER]|listeners:[], old=null
2022-11-07 13:08:49,203 [pool-268-thread-1] INFO  server.RaftServer$Division (RaftServerImpl.java:setRole(321)) - 8bab8527-0d32-4ef2-9c82-248b5a5867bf@group-65CF6AC154C0: changes role from      null to FOLLOWER at term 0 for startAsFollower
2022-11-07 13:08:49,203 [pool-268-thread-1] INFO  impl.RoleInfo (RoleInfo.java:updateAndGet(139)) - 8bab8527-0d32-4ef2-9c82-248b5a5867bf: start 8bab8527-0d32-4ef2-9c82-248b5a5867bf@group-65CF6AC154C0-FollowerState
2022-11-07 13:08:49,203 [pool-268-thread-1] INFO  util.JmxRegister (JmxRegister.java:tryRegister(44)) - Successfully registered JMX Bean with object name Ratis:service=RaftServer,group=group-65CF6AC154C0,id=8bab8527-0d32-4ef2-9c82-248b5a5867bf
2022-11-07 13:08:49,204 [pool-268-thread-1] INFO  server.RaftServerConfigKeys (ConfUtils.java:logGet(46)) - raft.server.snapshot.auto.trigger.enabled = true (custom)
2022-11-07 13:08:49,204 [pool-268-thread-1] INFO  server.RaftServerConfigKeys (ConfUtils.java:logGet(46)) - raft.server.snapshot.auto.trigger.threshold = 10000 (custom)
2022-11-07 13:08:49,204 [pool-268-thread-1] INFO  server.RaftServerConfigKeys (ConfUtils.java:logGet(46)) - raft.server.snapshot.retention.file.num = 5 (custom)
2022-11-07 13:08:49,204 [pool-268-thread-1] INFO  server.RaftServerConfigKeys (ConfUtils.java:logGet(46)) - raft.server.log.purge.upto.snapshot.index = false (default)
2022-11-07 13:08:49,205 [8bab8527-0d32-4ef2-9c82-248b5a5867bf@group-65CF6AC154C0-FollowerState] INFO  server.RaftServerConfigKeys (ConfUtils.java:logFallback(53)) - raft.server.rpc.first-election.timeout.min = 5s (fallback to raft.server.rpc.timeout.min)
2022-11-07 13:08:49,211 [8bab8527-0d32-4ef2-9c82-248b5a5867bf@group-65CF6AC154C0-FollowerState] INFO  server.RaftServerConfigKeys (ConfUtils.java:logFallback(53)) - raft.server.rpc.first-election.timeout.max = 5200ms (fallback to raft.server.rpc.timeout.max)
2022-11-07 13:08:49,218 [Command processor thread] INFO  commandhandler.CreatePipelineCommandHandler (CreatePipelineCommandHandler.java:handle(113)) - Created Pipeline RATIS THREE PipelineID=75bfd763-660f-4794-893b-65cf6ac154c0.
2022-11-07 13:08:49,218 [Command processor thread] INFO  server.RaftServer (RaftServerProxy.java:addNew(96)) - a8ad72fe-b4a4-4d4d-9a7f-b9692428a970: addNew group-BF7E77D1B3E1:[a8ad72fe-b4a4-4d4d-9a7f-b9692428a970|rpc:10.1.0.171:39375|priority:1|startupRole:FOLLOWER, 1810f6e6-5580-46b0-b88d-9b5f15cbee6a|rpc:10.1.0.171:37795|priority:0|startupRole:FOLLOWER, 8bab8527-0d32-4ef2-9c82-248b5a5867bf|rpc:10.1.0.171:42469|priority:0|startupRole:FOLLOWER] returns group-BF7E77D1B3E1:java.util.concurrent.CompletableFuture@513c561a[Not completed]
2022-11-07 13:08:49,219 [pool-214-thread-1] INFO  server.RaftServer$Division (RaftServerImpl.java:<init>(195)) - a8ad72fe-b4a4-4d4d-9a7f-b9692428a970: new RaftServerImpl for group-BF7E77D1B3E1:[a8ad72fe-b4a4-4d4d-9a7f-b9692428a970|rpc:10.1.0.171:39375|priority:1|startupRole:FOLLOWER, 1810f6e6-5580-46b0-b88d-9b5f15cbee6a|rpc:10.1.0.171:37795|priority:0|startupRole:FOLLOWER, 8bab8527-0d32-4ef2-9c82-248b5a5867bf|rpc:10.1.0.171:42469|priority:0|startupRole:FOLLOWER] with ContainerStateMachine:uninitialized
2022-11-07 13:08:49,219 [pool-214-thread-1] INFO  server.RaftServerConfigKeys (ConfUtils.java:logGet(46)) - raft.server.rpc.timeout.min = 5s (custom)
2022-11-07 13:08:49,219 [pool-214-thread-1] INFO  server.RaftServerConfigKeys (ConfUtils.java:logGet(46)) - raft.server.rpc.timeout.max = 5200ms (custom)
2022-11-07 13:08:49,219 [pool-214-thread-1] INFO  server.RaftServerConfigKeys (ConfUtils.java:logGet(46)) - raft.server.rpc.sleep.time = 25ms (default)
2022-11-07 13:08:49,219 [pool-214-thread-1] INFO  server.RaftServerConfigKeys (ConfUtils.java:logGet(46)) - raft.server.rpc.slowness.timeout = 300s (custom)
2022-11-07 13:08:49,219 [pool-214-thread-1] INFO  server.RaftServerConfigKeys (ConfUtils.java:logGet(46)) - raft.server.leaderelection.leader.step-down.wait-time = 10s (default)
2022-11-07 13:08:49,219 [pool-214-thread-1] INFO  server.RaftServerConfigKeys (ConfUtils.java:logGet(46)) - raft.server.sleep.deviation.threshold = 300ms (default)
2022-11-07 13:08:49,220 [pool-214-thread-1] INFO  server.RaftServer$Division (ServerState.java:<init>(118)) - a8ad72fe-b4a4-4d4d-9a7f-b9692428a970@group-BF7E77D1B3E1: ConfigurationManager, init=-1: peers:[a8ad72fe-b4a4-4d4d-9a7f-b9692428a970|rpc:10.1.0.171:39375|priority:1|startupRole:FOLLOWER, 1810f6e6-5580-46b0-b88d-9b5f15cbee6a|rpc:10.1.0.171:37795|priority:0|startupRole:FOLLOWER, 8bab8527-0d32-4ef2-9c82-248b5a5867bf|rpc:10.1.0.171:42469|priority:0|startupRole:FOLLOWER]|listeners:[], old=null, confs=<EMPTY_MAP>
2022-11-07 13:08:49,220 [pool-214-thread-1] INFO  server.RaftServerConfigKeys (ConfUtils.java:logGet(46)) - raft.server.storage.dir = [/home/runner/work/ozone/ozone/hadoop-ozone/integration-test/target/test-dir/MiniOzoneClusterImpl-2a90587d-8655-4e72-8ce6-1bf59b520396/datanode-6/data/ratis] (custom)
2022-11-07 13:08:49,220 [pool-214-thread-1] INFO  server.RaftServerConfigKeys (ConfUtils.java:logGet(46)) - raft.server.log.corruption.policy = EXCEPTION (default)
2022-11-07 13:08:49,220 [pool-214-thread-1] INFO  server.RaftServerConfigKeys (ConfUtils.java:logGet(46)) - raft.server.storage.free-space.min = 0MB (=0) (default)
2022-11-07 13:08:49,220 [pool-214-thread-1] INFO  server.RaftServerConfigKeys (ConfUtils.java:logGet(46)) - raft.server.notification.no-leader.timeout = 300s (custom)
2022-11-07 13:08:49,220 [pool-214-thread-1] INFO  server.RaftServerConfigKeys (ConfUtils.java:logGet(46)) - raft.server.retrycache.expirytime = 600000ms (custom)
2022-11-07 13:08:49,220 [pool-214-thread-1] INFO  server.RaftServerConfigKeys (ConfUtils.java:logGet(46)) - raft.server.retrycache.statistics.expirytime = 100μs (default)
2022-11-07 13:08:49,221 [pool-214-thread-1] INFO  server.RaftServerConfigKeys (ConfUtils.java:logGet(46)) - raft.server.log.appender.install.snapshot.enabled = false (custom)
2022-11-07 13:08:49,221 [pool-214-thread-1] INFO  server.RaftServerConfigKeys (ConfUtils.java:logGet(46)) - raft.server.threadpool.server.cached = true (default)
2022-11-07 13:08:49,222 [pool-214-thread-1] INFO  server.RaftServerConfigKeys (ConfUtils.java:logGet(46)) - raft.server.threadpool.server.size = 0 (default)
2022-11-07 13:08:49,222 [pool-214-thread-1] INFO  server.RaftServerConfigKeys (ConfUtils.java:logGet(46)) - raft.server.threadpool.client.cached = true (default)
2022-11-07 13:08:49,222 [pool-214-thread-1] INFO  server.RaftServerConfigKeys (ConfUtils.java:logGet(46)) - raft.server.threadpool.client.size = 0 (default)
2022-11-07 13:08:49,222 [pool-214-thread-1] INFO  storage.RaftStorageDirectory (RaftStorageDirectoryImpl.java:analyzeStorage(137)) - The storage directory /home/runner/work/ozone/ozone/hadoop-ozone/integration-test/target/test-dir/MiniOzoneClusterImpl-2a90587d-8655-4e72-8ce6-1bf59b520396/datanode-6/data/ratis/f1880885-540f-49c6-8261-bf7e77d1b3e1 does not exist. Creating ...
2022-11-07 13:08:49,227 [pool-214-thread-1] INFO  storage.RaftStorageDirectory (RaftStorageDirectoryImpl.java:tryLock(231)) - Lock on /home/runner/work/ozone/ozone/hadoop-ozone/integration-test/target/test-dir/MiniOzoneClusterImpl-2a90587d-8655-4e72-8ce6-1bf59b520396/datanode-6/data/ratis/f1880885-540f-49c6-8261-bf7e77d1b3e1/in_use.lock acquired by nodename 14802@fv-az255-291
2022-11-07 13:08:49,228 [pool-214-thread-1] INFO  storage.RaftStorage (RaftStorageImpl.java:format(96)) - Storage directory /home/runner/work/ozone/ozone/hadoop-ozone/integration-test/target/test-dir/MiniOzoneClusterImpl-2a90587d-8655-4e72-8ce6-1bf59b520396/datanode-6/data/ratis/f1880885-540f-49c6-8261-bf7e77d1b3e1 has been successfully formatted.
2022-11-07 13:08:49,231 [EventQueue-OpenPipelineForHealthyPipelineSafeModeRule] INFO  safemode.SCMSafeModeManager (HealthyPipelineSafeModeRule.java:process(137)) - SCM in safe mode. Healthy pipelines reported count is 0, required healthy pipeline reported count is 1
2022-11-07 13:08:49,234 [pool-214-thread-1] INFO  ratis.ContainerStateMachine (ContainerStateMachine.java:loadSnapshot(236)) - group-BF7E77D1B3E1: The snapshot info is null. Setting the last applied indexto:(t:0, i:~)
2022-11-07 13:08:49,234 [pool-214-thread-1] INFO  server.RaftServerConfigKeys (ConfUtils.java:logGet(46)) - raft.server.log.use.memory = false (default)
2022-11-07 13:08:49,234 [pool-214-thread-1] INFO  server.RaftServerConfigKeys (ConfUtils.java:logGet(46)) - raft.server.log.purge.gap = 1000000 (custom)
2022-11-07 13:08:49,234 [pool-214-thread-1] INFO  server.RaftServerConfigKeys (ConfUtils.java:logGet(46)) - raft.server.log.appender.buffer.byte-limit = 33554432 (custom)
2022-11-07 13:08:49,234 [pool-214-thread-1] INFO  server.RaftServerConfigKeys (ConfUtils.java:logGet(46)) - raft.server.log.statemachine.data.read.timeout = 1000ms (default)
2022-11-07 13:08:49,234 [pool-214-thread-1] INFO  server.RaftServerConfigKeys (ConfUtils.java:logGet(46)) - raft.server.log.purge.preservation.log.num = 0 (default)
2022-11-07 13:08:49,234 [pool-214-thread-1] INFO  server.RaftServerConfigKeys (ConfUtils.java:logGet(46)) - raft.server.log.segment.size.max = 1048576 (custom)
2022-11-07 13:08:49,236 [pool-214-thread-1] INFO  server.RaftServerConfigKeys (ConfUtils.java:logGet(46)) - raft.server.log.segment.cache.num.max = 2 (custom)
2022-11-07 13:08:49,236 [pool-214-thread-1] INFO  server.RaftServerConfigKeys (ConfUtils.java:logGet(46)) - raft.server.log.segment.cache.size.max = 200MB (=209715200) (default)
2022-11-07 13:08:49,236 [pool-214-thread-1] INFO  segmented.SegmentedRaftLogWorker (SegmentedRaftLogWorker.java:<init>(191)) - new a8ad72fe-b4a4-4d4d-9a7f-b9692428a970@group-BF7E77D1B3E1-SegmentedRaftLogWorker for RaftStorageImpl:Storage Directory /home/runner/work/ozone/ozone/hadoop-ozone/integration-test/target/test-dir/MiniOzoneClusterImpl-2a90587d-8655-4e72-8ce6-1bf59b520396/datanode-6/data/ratis/f1880885-540f-49c6-8261-bf7e77d1b3e1
2022-11-07 13:08:49,236 [pool-214-thread-1] INFO  server.RaftServerConfigKeys (ConfUtils.java:logGet(46)) - raft.server.log.queue.byte-limit = 4294967296 (custom)
2022-11-07 13:08:49,236 [pool-214-thread-1] INFO  server.RaftServerConfigKeys (ConfUtils.java:logGet(46)) - raft.server.log.queue.element-limit = 1024 (custom)
2022-11-07 13:08:49,236 [pool-214-thread-1] INFO  server.RaftServerConfigKeys (ConfUtils.java:logGet(46)) - raft.server.log.segment.size.max = 1048576 (custom)
2022-11-07 13:08:49,237 [pool-214-thread-1] INFO  server.RaftServerConfigKeys (ConfUtils.java:logGet(46)) - raft.server.log.preallocated.size = 16384 (custom)
2022-11-07 13:08:49,237 [pool-214-thread-1] INFO  server.RaftServerConfigKeys (ConfUtils.java:logGet(46)) - raft.server.log.force.sync.num = 128 (default)
2022-11-07 13:08:49,237 [pool-214-thread-1] INFO  server.RaftServerConfigKeys (ConfUtils.java:logGet(46)) - raft.server.log.statemachine.data.sync = true (default)
2022-11-07 13:08:49,237 [pool-214-thread-1] INFO  server.RaftServerConfigKeys (ConfUtils.java:logGet(46)) - raft.server.log.statemachine.data.sync.timeout = 10s (default)
2022-11-07 13:08:49,237 [pool-214-thread-1] INFO  server.RaftServerConfigKeys (ConfUtils.java:logGet(46)) - raft.server.log.statemachine.data.sync.timeout.retry = -1 (default)
2022-11-07 13:08:49,240 [pool-214-thread-1] INFO  server.RaftServerConfigKeys (ConfUtils.java:logGet(46)) - raft.server.log.write.buffer.size = 1048576 (custom)
2022-11-07 13:08:49,240 [pool-214-thread-1] INFO  server.RaftServerConfigKeys (ConfUtils.java:logGet(46)) - raft.server.log.unsafe-flush.enabled = false (default)
2022-11-07 13:08:49,241 [pool-214-thread-1] INFO  server.RaftServerConfigKeys (ConfUtils.java:logGet(46)) - raft.server.log.async-flush.enabled = false (default)
2022-11-07 13:08:49,241 [pool-214-thread-1] INFO  server.RaftServerConfigKeys (ConfUtils.java:logGet(46)) - raft.server.log.statemachine.data.caching.enabled = true (custom)
2022-11-07 13:08:49,241 [pool-214-thread-1] INFO  segmented.SegmentedRaftLogWorker (SegmentedRaftLogWorker.java:lambda$new$0(136)) - a8ad72fe-b4a4-4d4d-9a7f-b9692428a970@group-BF7E77D1B3E1-SegmentedRaftLogWorker: flushIndex: setUnconditionally 0 -> -1
2022-11-07 13:08:49,241 [pool-214-thread-1] INFO  segmented.SegmentedRaftLogWorker (SegmentedRaftLogWorker.java:lambda$new$0(136)) - a8ad72fe-b4a4-4d4d-9a7f-b9692428a970@group-BF7E77D1B3E1-SegmentedRaftLogWorker: safeCacheEvictIndex: setUnconditionally 0 -> -1
2022-11-07 13:08:49,241 [pool-214-thread-1] INFO  server.RaftServer$Division (RaftServerImpl.java:start(334)) - a8ad72fe-b4a4-4d4d-9a7f-b9692428a970@group-BF7E77D1B3E1: start as a follower, conf=-1: peers:[a8ad72fe-b4a4-4d4d-9a7f-b9692428a970|rpc:10.1.0.171:39375|priority:1|startupRole:FOLLOWER, 1810f6e6-5580-46b0-b88d-9b5f15cbee6a|rpc:10.1.0.171:37795|priority:0|startupRole:FOLLOWER, 8bab8527-0d32-4ef2-9c82-248b5a5867bf|rpc:10.1.0.171:42469|priority:0|startupRole:FOLLOWER]|listeners:[], old=null
2022-11-07 13:08:49,241 [pool-214-thread-1] INFO  server.RaftServer$Division (RaftServerImpl.java:setRole(321)) - a8ad72fe-b4a4-4d4d-9a7f-b9692428a970@group-BF7E77D1B3E1: changes role from      null to FOLLOWER at term 0 for startAsFollower
2022-11-07 13:08:49,241 [pool-214-thread-1] INFO  impl.RoleInfo (RoleInfo.java:updateAndGet(139)) - a8ad72fe-b4a4-4d4d-9a7f-b9692428a970: start a8ad72fe-b4a4-4d4d-9a7f-b9692428a970@group-BF7E77D1B3E1-FollowerState
2022-11-07 13:08:49,242 [a8ad72fe-b4a4-4d4d-9a7f-b9692428a970@group-BF7E77D1B3E1-FollowerState] INFO  server.RaftServerConfigKeys (ConfUtils.java:logFallback(53)) - raft.server.rpc.first-election.timeout.min = 5s (fallback to raft.server.rpc.timeout.min)
2022-11-07 13:08:49,242 [pool-214-thread-1] INFO  util.JmxRegister (JmxRegister.java:tryRegister(44)) - Successfully registered JMX Bean with object name Ratis:service=RaftServer,group=group-BF7E77D1B3E1,id=a8ad72fe-b4a4-4d4d-9a7f-b9692428a970
2022-11-07 13:08:49,242 [a8ad72fe-b4a4-4d4d-9a7f-b9692428a970@group-BF7E77D1B3E1-FollowerState] INFO  server.RaftServerConfigKeys (ConfUtils.java:logFallback(53)) - raft.server.rpc.first-election.timeout.max = 5200ms (fallback to raft.server.rpc.timeout.max)
2022-11-07 13:08:49,242 [pool-214-thread-1] INFO  server.RaftServerConfigKeys (ConfUtils.java:logGet(46)) - raft.server.snapshot.auto.trigger.enabled = true (custom)
2022-11-07 13:08:49,242 [pool-214-thread-1] INFO  server.RaftServerConfigKeys (ConfUtils.java:logGet(46)) - raft.server.snapshot.auto.trigger.threshold = 10000 (custom)
2022-11-07 13:08:49,242 [pool-214-thread-1] INFO  server.RaftServerConfigKeys (ConfUtils.java:logGet(46)) - raft.server.snapshot.retention.file.num = 5 (custom)
2022-11-07 13:08:49,242 [pool-214-thread-1] INFO  server.RaftServerConfigKeys (ConfUtils.java:logGet(46)) - raft.server.log.purge.upto.snapshot.index = false (default)
2022-11-07 13:08:49,243 [Command processor thread] INFO  ratis.XceiverServerRatis (XceiverServerRatis.java:addGroup(765)) - Created group PipelineID=f1880885-540f-49c6-8261-bf7e77d1b3e1
2022-11-07 13:08:49,258 [grpc-default-executor-1] INFO  server.RaftServer (RaftServerProxy.java:addNew(96)) - 1810f6e6-5580-46b0-b88d-9b5f15cbee6a: addNew group-BF7E77D1B3E1:[a8ad72fe-b4a4-4d4d-9a7f-b9692428a970|rpc:10.1.0.171:39375|dataStream:|priority:1|startupRole:FOLLOWER, 1810f6e6-5580-46b0-b88d-9b5f15cbee6a|rpc:10.1.0.171:37795|dataStream:|priority:0|startupRole:FOLLOWER, 8bab8527-0d32-4ef2-9c82-248b5a5867bf|rpc:10.1.0.171:42469|dataStream:|priority:0|startupRole:FOLLOWER] returns group-BF7E77D1B3E1:java.util.concurrent.CompletableFuture@5975bfcc[Not completed]
2022-11-07 13:08:49,260 [pool-241-thread-1] INFO  server.RaftServer$Division (RaftServerImpl.java:<init>(195)) - 1810f6e6-5580-46b0-b88d-9b5f15cbee6a: new RaftServerImpl for group-BF7E77D1B3E1:[a8ad72fe-b4a4-4d4d-9a7f-b9692428a970|rpc:10.1.0.171:39375|dataStream:|priority:1|startupRole:FOLLOWER, 1810f6e6-5580-46b0-b88d-9b5f15cbee6a|rpc:10.1.0.171:37795|dataStream:|priority:0|startupRole:FOLLOWER, 8bab8527-0d32-4ef2-9c82-248b5a5867bf|rpc:10.1.0.171:42469|dataStream:|priority:0|startupRole:FOLLOWER] with ContainerStateMachine:uninitialized
2022-11-07 13:08:49,260 [pool-241-thread-1] INFO  server.RaftServerConfigKeys (ConfUtils.java:logGet(46)) - raft.server.rpc.timeout.min = 5s (custom)
2022-11-07 13:08:49,260 [pool-241-thread-1] INFO  server.RaftServerConfigKeys (ConfUtils.java:logGet(46)) - raft.server.rpc.timeout.max = 5200ms (custom)
2022-11-07 13:08:49,260 [pool-241-thread-1] INFO  server.RaftServerConfigKeys (ConfUtils.java:logGet(46)) - raft.server.rpc.sleep.time = 25ms (default)
2022-11-07 13:08:49,260 [pool-241-thread-1] INFO  server.RaftServerConfigKeys (ConfUtils.java:logGet(46)) - raft.server.rpc.slowness.timeout = 300s (custom)
2022-11-07 13:08:49,260 [pool-241-thread-1] INFO  server.RaftServerConfigKeys (ConfUtils.java:logGet(46)) - raft.server.leaderelection.leader.step-down.wait-time = 10s (default)
2022-11-07 13:08:49,260 [pool-241-thread-1] INFO  server.RaftServerConfigKeys (ConfUtils.java:logGet(46)) - raft.server.sleep.deviation.threshold = 300ms (default)
2022-11-07 13:08:49,260 [pool-241-thread-1] INFO  server.RaftServer$Division (ServerState.java:<init>(118)) - 1810f6e6-5580-46b0-b88d-9b5f15cbee6a@group-BF7E77D1B3E1: ConfigurationManager, init=-1: peers:[a8ad72fe-b4a4-4d4d-9a7f-b9692428a970|rpc:10.1.0.171:39375|dataStream:|priority:1|startupRole:FOLLOWER, 1810f6e6-5580-46b0-b88d-9b5f15cbee6a|rpc:10.1.0.171:37795|dataStream:|priority:0|startupRole:FOLLOWER, 8bab8527-0d32-4ef2-9c82-248b5a5867bf|rpc:10.1.0.171:42469|dataStream:|priority:0|startupRole:FOLLOWER]|listeners:[], old=null, confs=<EMPTY_MAP>
2022-11-07 13:08:49,261 [pool-241-thread-1] INFO  server.RaftServerConfigKeys (ConfUtils.java:logGet(46)) - raft.server.storage.dir = [/home/runner/work/ozone/ozone/hadoop-ozone/integration-test/target/test-dir/MiniOzoneClusterImpl-2a90587d-8655-4e72-8ce6-1bf59b520396/datanode-7/data/ratis] (custom)
2022-11-07 13:08:49,261 [pool-241-thread-1] INFO  server.RaftServerConfigKeys (ConfUtils.java:logGet(46)) - raft.server.log.corruption.policy = EXCEPTION (default)
2022-11-07 13:08:49,261 [pool-241-thread-1] INFO  server.RaftServerConfigKeys (ConfUtils.java:logGet(46)) - raft.server.storage.free-space.min = 0MB (=0) (default)
2022-11-07 13:08:49,261 [pool-241-thread-1] INFO  server.RaftServerConfigKeys (ConfUtils.java:logGet(46)) - raft.server.notification.no-leader.timeout = 300s (custom)
2022-11-07 13:08:49,261 [pool-241-thread-1] INFO  server.RaftServerConfigKeys (ConfUtils.java:logGet(46)) - raft.server.retrycache.expirytime = 600000ms (custom)
2022-11-07 13:08:49,261 [pool-241-thread-1] INFO  server.RaftServerConfigKeys (ConfUtils.java:logGet(46)) - raft.server.retrycache.statistics.expirytime = 100μs (default)
2022-11-07 13:08:49,263 [pool-241-thread-1] INFO  server.RaftServerConfigKeys (ConfUtils.java:logGet(46)) - raft.server.log.appender.install.snapshot.enabled = false (custom)
2022-11-07 13:08:49,263 [pool-241-thread-1] INFO  server.RaftServerConfigKeys (ConfUtils.java:logGet(46)) - raft.server.threadpool.server.cached = true (default)
2022-11-07 13:08:49,263 [pool-241-thread-1] INFO  server.RaftServerConfigKeys (ConfUtils.java:logGet(46)) - raft.server.threadpool.server.size = 0 (default)
2022-11-07 13:08:49,263 [pool-241-thread-1] INFO  server.RaftServerConfigKeys (ConfUtils.java:logGet(46)) - raft.server.threadpool.client.cached = true (default)
2022-11-07 13:08:49,263 [pool-241-thread-1] INFO  server.RaftServerConfigKeys (ConfUtils.java:logGet(46)) - raft.server.threadpool.client.size = 0 (default)
2022-11-07 13:08:49,263 [pool-241-thread-1] INFO  storage.RaftStorageDirectory (RaftStorageDirectoryImpl.java:analyzeStorage(137)) - The storage directory /home/runner/work/ozone/ozone/hadoop-ozone/integration-test/target/test-dir/MiniOzoneClusterImpl-2a90587d-8655-4e72-8ce6-1bf59b520396/datanode-7/data/ratis/f1880885-540f-49c6-8261-bf7e77d1b3e1 does not exist. Creating ...
2022-11-07 13:08:49,265 [pool-241-thread-1] INFO  storage.RaftStorageDirectory (RaftStorageDirectoryImpl.java:tryLock(231)) - Lock on /home/runner/work/ozone/ozone/hadoop-ozone/integration-test/target/test-dir/MiniOzoneClusterImpl-2a90587d-8655-4e72-8ce6-1bf59b520396/datanode-7/data/ratis/f1880885-540f-49c6-8261-bf7e77d1b3e1/in_use.lock acquired by nodename 14802@fv-az255-291
2022-11-07 13:08:49,266 [pool-241-thread-1] INFO  storage.RaftStorage (RaftStorageImpl.java:format(96)) - Storage directory /home/runner/work/ozone/ozone/hadoop-ozone/integration-test/target/test-dir/MiniOzoneClusterImpl-2a90587d-8655-4e72-8ce6-1bf59b520396/datanode-7/data/ratis/f1880885-540f-49c6-8261-bf7e77d1b3e1 has been successfully formatted.
2022-11-07 13:08:49,267 [pool-241-thread-1] INFO  ratis.ContainerStateMachine (ContainerStateMachine.java:loadSnapshot(236)) - group-BF7E77D1B3E1: The snapshot info is null. Setting the last applied indexto:(t:0, i:~)
2022-11-07 13:08:49,267 [pool-241-thread-1] INFO  server.RaftServerConfigKeys (ConfUtils.java:logGet(46)) - raft.server.log.use.memory = false (default)
2022-11-07 13:08:49,267 [pool-241-thread-1] INFO  server.RaftServerConfigKeys (ConfUtils.java:logGet(46)) - raft.server.log.purge.gap = 1000000 (custom)
2022-11-07 13:08:49,268 [pool-241-thread-1] INFO  server.RaftServerConfigKeys (ConfUtils.java:logGet(46)) - raft.server.log.appender.buffer.byte-limit = 33554432 (custom)
2022-11-07 13:08:49,268 [pool-241-thread-1] INFO  server.RaftServerConfigKeys (ConfUtils.java:logGet(46)) - raft.server.log.statemachine.data.read.timeout = 1000ms (default)
2022-11-07 13:08:49,268 [pool-241-thread-1] INFO  server.RaftServerConfigKeys (ConfUtils.java:logGet(46)) - raft.server.log.purge.preservation.log.num = 0 (default)
2022-11-07 13:08:49,268 [pool-241-thread-1] INFO  server.RaftServerConfigKeys (ConfUtils.java:logGet(46)) - raft.server.log.segment.size.max = 1048576 (custom)
2022-11-07 13:08:49,269 [pool-241-thread-1] INFO  server.RaftServerConfigKeys (ConfUtils.java:logGet(46)) - raft.server.log.segment.cache.num.max = 2 (custom)
2022-11-07 13:08:49,269 [pool-241-thread-1] INFO  server.RaftServerConfigKeys (ConfUtils.java:logGet(46)) - raft.server.log.segment.cache.size.max = 200MB (=209715200) (default)
2022-11-07 13:08:49,269 [pool-241-thread-1] INFO  segmented.SegmentedRaftLogWorker (SegmentedRaftLogWorker.java:<init>(191)) - new 1810f6e6-5580-46b0-b88d-9b5f15cbee6a@group-BF7E77D1B3E1-SegmentedRaftLogWorker for RaftStorageImpl:Storage Directory /home/runner/work/ozone/ozone/hadoop-ozone/integration-test/target/test-dir/MiniOzoneClusterImpl-2a90587d-8655-4e72-8ce6-1bf59b520396/datanode-7/data/ratis/f1880885-540f-49c6-8261-bf7e77d1b3e1
2022-11-07 13:08:49,269 [pool-241-thread-1] INFO  server.RaftServerConfigKeys (ConfUtils.java:logGet(46)) - raft.server.log.queue.byte-limit = 4294967296 (custom)
2022-11-07 13:08:49,269 [pool-241-thread-1] INFO  server.RaftServerConfigKeys (ConfUtils.java:logGet(46)) - raft.server.log.queue.element-limit = 1024 (custom)
2022-11-07 13:08:49,269 [pool-241-thread-1] INFO  server.RaftServerConfigKeys (ConfUtils.java:logGet(46)) - raft.server.log.segment.size.max = 1048576 (custom)
2022-11-07 13:08:49,269 [pool-241-thread-1] INFO  server.RaftServerConfigKeys (ConfUtils.java:logGet(46)) - raft.server.log.preallocated.size = 16384 (custom)
2022-11-07 13:08:49,269 [pool-241-thread-1] INFO  server.RaftServerConfigKeys (ConfUtils.java:logGet(46)) - raft.server.log.force.sync.num = 128 (default)
2022-11-07 13:08:49,270 [pool-241-thread-1] INFO  server.RaftServerConfigKeys (ConfUtils.java:logGet(46)) - raft.server.log.statemachine.data.sync = true (default)
2022-11-07 13:08:49,270 [pool-241-thread-1] INFO  server.RaftServerConfigKeys (ConfUtils.java:logGet(46)) - raft.server.log.statemachine.data.sync.timeout = 10s (default)
2022-11-07 13:08:49,270 [pool-241-thread-1] INFO  server.RaftServerConfigKeys (ConfUtils.java:logGet(46)) - raft.server.log.statemachine.data.sync.timeout.retry = -1 (default)
2022-11-07 13:08:49,271 [pool-241-thread-1] INFO  server.RaftServerConfigKeys (ConfUtils.java:logGet(46)) - raft.server.log.write.buffer.size = 1048576 (custom)
2022-11-07 13:08:49,271 [pool-241-thread-1] INFO  server.RaftServerConfigKeys (ConfUtils.java:logGet(46)) - raft.server.log.unsafe-flush.enabled = false (default)
2022-11-07 13:08:49,271 [pool-241-thread-1] INFO  server.RaftServerConfigKeys (ConfUtils.java:logGet(46)) - raft.server.log.async-flush.enabled = false (default)
2022-11-07 13:08:49,271 [pool-241-thread-1] INFO  server.RaftServerConfigKeys (ConfUtils.java:logGet(46)) - raft.server.log.statemachine.data.caching.enabled = true (custom)
2022-11-07 13:08:49,271 [pool-241-thread-1] INFO  segmented.SegmentedRaftLogWorker (SegmentedRaftLogWorker.java:lambda$new$0(136)) - 1810f6e6-5580-46b0-b88d-9b5f15cbee6a@group-BF7E77D1B3E1-SegmentedRaftLogWorker: flushIndex: setUnconditionally 0 -> -1
2022-11-07 13:08:49,272 [pool-241-thread-1] INFO  segmented.SegmentedRaftLogWorker (SegmentedRaftLogWorker.java:lambda$new$0(136)) - 1810f6e6-5580-46b0-b88d-9b5f15cbee6a@group-BF7E77D1B3E1-SegmentedRaftLogWorker: safeCacheEvictIndex: setUnconditionally 0 -> -1
2022-11-07 13:08:49,272 [pool-241-thread-1] INFO  server.RaftServer$Division (RaftServerImpl.java:start(334)) - 1810f6e6-5580-46b0-b88d-9b5f15cbee6a@group-BF7E77D1B3E1: start as a follower, conf=-1: peers:[a8ad72fe-b4a4-4d4d-9a7f-b9692428a970|rpc:10.1.0.171:39375|dataStream:|priority:1|startupRole:FOLLOWER, 1810f6e6-5580-46b0-b88d-9b5f15cbee6a|rpc:10.1.0.171:37795|dataStream:|priority:0|startupRole:FOLLOWER, 8bab8527-0d32-4ef2-9c82-248b5a5867bf|rpc:10.1.0.171:42469|dataStream:|priority:0|startupRole:FOLLOWER]|listeners:[], old=null
2022-11-07 13:08:49,272 [pool-241-thread-1] INFO  server.RaftServer$Division (RaftServerImpl.java:setRole(321)) - 1810f6e6-5580-46b0-b88d-9b5f15cbee6a@group-BF7E77D1B3E1: changes role from      null to FOLLOWER at term 0 for startAsFollower
2022-11-07 13:08:49,272 [pool-241-thread-1] INFO  impl.RoleInfo (RoleInfo.java:updateAndGet(139)) - 1810f6e6-5580-46b0-b88d-9b5f15cbee6a: start 1810f6e6-5580-46b0-b88d-9b5f15cbee6a@group-BF7E77D1B3E1-FollowerState
2022-11-07 13:08:49,272 [pool-241-thread-1] INFO  util.JmxRegister (JmxRegister.java:tryRegister(44)) - Successfully registered JMX Bean with object name Ratis:service=RaftServer,group=group-BF7E77D1B3E1,id=1810f6e6-5580-46b0-b88d-9b5f15cbee6a
2022-11-07 13:08:49,272 [pool-241-thread-1] INFO  server.RaftServerConfigKeys (ConfUtils.java:logGet(46)) - raft.server.snapshot.auto.trigger.enabled = true (custom)
2022-11-07 13:08:49,273 [pool-241-thread-1] INFO  server.RaftServerConfigKeys (ConfUtils.java:logGet(46)) - raft.server.snapshot.auto.trigger.threshold = 10000 (custom)
2022-11-07 13:08:49,273 [pool-241-thread-1] INFO  server.RaftServerConfigKeys (ConfUtils.java:logGet(46)) - raft.server.snapshot.retention.file.num = 5 (custom)
2022-11-07 13:08:49,273 [pool-241-thread-1] INFO  server.RaftServerConfigKeys (ConfUtils.java:logGet(46)) - raft.server.log.purge.upto.snapshot.index = false (default)
2022-11-07 13:08:49,273 [1810f6e6-5580-46b0-b88d-9b5f15cbee6a@group-BF7E77D1B3E1-FollowerState] INFO  server.RaftServerConfigKeys (ConfUtils.java:logFallback(53)) - raft.server.rpc.first-election.timeout.min = 5s (fallback to raft.server.rpc.timeout.min)
2022-11-07 13:08:49,276 [1810f6e6-5580-46b0-b88d-9b5f15cbee6a@group-BF7E77D1B3E1-FollowerState] INFO  server.RaftServerConfigKeys (ConfUtils.java:logFallback(53)) - raft.server.rpc.first-election.timeout.max = 5200ms (fallback to raft.server.rpc.timeout.max)
2022-11-07 13:08:49,297 [grpc-default-executor-1] INFO  server.RaftServer (RaftServerProxy.java:addNew(96)) - 8bab8527-0d32-4ef2-9c82-248b5a5867bf: addNew group-BF7E77D1B3E1:[a8ad72fe-b4a4-4d4d-9a7f-b9692428a970|rpc:10.1.0.171:39375|dataStream:|priority:1|startupRole:FOLLOWER, 1810f6e6-5580-46b0-b88d-9b5f15cbee6a|rpc:10.1.0.171:37795|dataStream:|priority:0|startupRole:FOLLOWER, 8bab8527-0d32-4ef2-9c82-248b5a5867bf|rpc:10.1.0.171:42469|dataStream:|priority:0|startupRole:FOLLOWER] returns group-BF7E77D1B3E1:java.util.concurrent.CompletableFuture@5f798812[Not completed]
2022-11-07 13:08:49,299 [pool-268-thread-1] INFO  server.RaftServer$Division (RaftServerImpl.java:<init>(195)) - 8bab8527-0d32-4ef2-9c82-248b5a5867bf: new RaftServerImpl for group-BF7E77D1B3E1:[a8ad72fe-b4a4-4d4d-9a7f-b9692428a970|rpc:10.1.0.171:39375|dataStream:|priority:1|startupRole:FOLLOWER, 1810f6e6-5580-46b0-b88d-9b5f15cbee6a|rpc:10.1.0.171:37795|dataStream:|priority:0|startupRole:FOLLOWER, 8bab8527-0d32-4ef2-9c82-248b5a5867bf|rpc:10.1.0.171:42469|dataStream:|priority:0|startupRole:FOLLOWER] with ContainerStateMachine:uninitialized
2022-11-07 13:08:49,299 [pool-268-thread-1] INFO  server.RaftServerConfigKeys (ConfUtils.java:logGet(46)) - raft.server.rpc.timeout.min = 5s (custom)
2022-11-07 13:08:49,299 [pool-268-thread-1] INFO  server.RaftServerConfigKeys (ConfUtils.java:logGet(46)) - raft.server.rpc.timeout.max = 5200ms (custom)
2022-11-07 13:08:49,299 [pool-268-thread-1] INFO  server.RaftServerConfigKeys (ConfUtils.java:logGet(46)) - raft.server.rpc.sleep.time = 25ms (default)
2022-11-07 13:08:49,299 [pool-268-thread-1] INFO  server.RaftServerConfigKeys (ConfUtils.java:logGet(46)) - raft.server.rpc.slowness.timeout = 300s (custom)
2022-11-07 13:08:49,299 [pool-268-thread-1] INFO  server.RaftServerConfigKeys (ConfUtils.java:logGet(46)) - raft.server.leaderelection.leader.step-down.wait-time = 10s (default)
2022-11-07 13:08:49,299 [pool-268-thread-1] INFO  server.RaftServerConfigKeys (ConfUtils.java:logGet(46)) - raft.server.sleep.deviation.threshold = 300ms (default)
2022-11-07 13:08:49,299 [pool-268-thread-1] INFO  server.RaftServer$Division (ServerState.java:<init>(118)) - 8bab8527-0d32-4ef2-9c82-248b5a5867bf@group-BF7E77D1B3E1: ConfigurationManager, init=-1: peers:[a8ad72fe-b4a4-4d4d-9a7f-b9692428a970|rpc:10.1.0.171:39375|dataStream:|priority:1|startupRole:FOLLOWER, 1810f6e6-5580-46b0-b88d-9b5f15cbee6a|rpc:10.1.0.171:37795|dataStream:|priority:0|startupRole:FOLLOWER, 8bab8527-0d32-4ef2-9c82-248b5a5867bf|rpc:10.1.0.171:42469|dataStream:|priority:0|startupRole:FOLLOWER]|listeners:[], old=null, confs=<EMPTY_MAP>
2022-11-07 13:08:49,299 [pool-268-thread-1] INFO  server.RaftServerConfigKeys (ConfUtils.java:logGet(46)) - raft.server.storage.dir = [/home/runner/work/ozone/ozone/hadoop-ozone/integration-test/target/test-dir/MiniOzoneClusterImpl-2a90587d-8655-4e72-8ce6-1bf59b520396/datanode-8/data/ratis] (custom)
2022-11-07 13:08:49,300 [pool-268-thread-1] INFO  server.RaftServerConfigKeys (ConfUtils.java:logGet(46)) - raft.server.log.corruption.policy = EXCEPTION (default)
2022-11-07 13:08:49,300 [pool-268-thread-1] INFO  server.RaftServerConfigKeys (ConfUtils.java:logGet(46)) - raft.server.storage.free-space.min = 0MB (=0) (default)
2022-11-07 13:08:49,300 [pool-268-thread-1] INFO  server.RaftServerConfigKeys (ConfUtils.java:logGet(46)) - raft.server.notification.no-leader.timeout = 300s (custom)
2022-11-07 13:08:49,300 [pool-268-thread-1] INFO  server.RaftServerConfigKeys (ConfUtils.java:logGet(46)) - raft.server.retrycache.expirytime = 600000ms (custom)
2022-11-07 13:08:49,300 [pool-268-thread-1] INFO  server.RaftServerConfigKeys (ConfUtils.java:logGet(46)) - raft.server.retrycache.statistics.expirytime = 100μs (default)
2022-11-07 13:08:49,301 [pool-268-thread-1] INFO  server.RaftServerConfigKeys (ConfUtils.java:logGet(46)) - raft.server.log.appender.install.snapshot.enabled = false (custom)
2022-11-07 13:08:49,301 [pool-268-thread-1] INFO  server.RaftServerConfigKeys (ConfUtils.java:logGet(46)) - raft.server.threadpool.server.cached = true (default)
2022-11-07 13:08:49,301 [pool-268-thread-1] INFO  server.RaftServerConfigKeys (ConfUtils.java:logGet(46)) - raft.server.threadpool.server.size = 0 (default)
2022-11-07 13:08:49,301 [pool-268-thread-1] INFO  server.RaftServerConfigKeys (ConfUtils.java:logGet(46)) - raft.server.threadpool.client.cached = true (default)
2022-11-07 13:08:49,301 [pool-268-thread-1] INFO  server.RaftServerConfigKeys (ConfUtils.java:logGet(46)) - raft.server.threadpool.client.size = 0 (default)
2022-11-07 13:08:49,302 [pool-268-thread-1] INFO  storage.RaftStorageDirectory (RaftStorageDirectoryImpl.java:analyzeStorage(137)) - The storage directory /home/runner/work/ozone/ozone/hadoop-ozone/integration-test/target/test-dir/MiniOzoneClusterImpl-2a90587d-8655-4e72-8ce6-1bf59b520396/datanode-8/data/ratis/f1880885-540f-49c6-8261-bf7e77d1b3e1 does not exist. Creating ...
2022-11-07 13:08:49,307 [pool-268-thread-1] INFO  storage.RaftStorageDirectory (RaftStorageDirectoryImpl.java:tryLock(231)) - Lock on /home/runner/work/ozone/ozone/hadoop-ozone/integration-test/target/test-dir/MiniOzoneClusterImpl-2a90587d-8655-4e72-8ce6-1bf59b520396/datanode-8/data/ratis/f1880885-540f-49c6-8261-bf7e77d1b3e1/in_use.lock acquired by nodename 14802@fv-az255-291
2022-11-07 13:08:49,309 [pool-268-thread-1] INFO  storage.RaftStorage (RaftStorageImpl.java:format(96)) - Storage directory /home/runner/work/ozone/ozone/hadoop-ozone/integration-test/target/test-dir/MiniOzoneClusterImpl-2a90587d-8655-4e72-8ce6-1bf59b520396/datanode-8/data/ratis/f1880885-540f-49c6-8261-bf7e77d1b3e1 has been successfully formatted.
2022-11-07 13:08:49,309 [pool-268-thread-1] INFO  ratis.ContainerStateMachine (ContainerStateMachine.java:loadSnapshot(236)) - group-BF7E77D1B3E1: The snapshot info is null. Setting the last applied indexto:(t:0, i:~)
2022-11-07 13:08:49,310 [pool-268-thread-1] INFO  server.RaftServerConfigKeys (ConfUtils.java:logGet(46)) - raft.server.log.use.memory = false (default)
2022-11-07 13:08:49,311 [pool-268-thread-1] INFO  server.RaftServerConfigKeys (ConfUtils.java:logGet(46)) - raft.server.log.purge.gap = 1000000 (custom)
2022-11-07 13:08:49,311 [pool-268-thread-1] INFO  server.RaftServerConfigKeys (ConfUtils.java:logGet(46)) - raft.server.log.appender.buffer.byte-limit = 33554432 (custom)
2022-11-07 13:08:49,311 [pool-268-thread-1] INFO  server.RaftServerConfigKeys (ConfUtils.java:logGet(46)) - raft.server.log.statemachine.data.read.timeout = 1000ms (default)
2022-11-07 13:08:49,311 [pool-268-thread-1] INFO  server.RaftServerConfigKeys (ConfUtils.java:logGet(46)) - raft.server.log.purge.preservation.log.num = 0 (default)
2022-11-07 13:08:49,311 [pool-268-thread-1] INFO  server.RaftServerConfigKeys (ConfUtils.java:logGet(46)) - raft.server.log.segment.size.max = 1048576 (custom)
2022-11-07 13:08:49,312 [pool-268-thread-1] INFO  server.RaftServerConfigKeys (ConfUtils.java:logGet(46)) - raft.server.log.segment.cache.num.max = 2 (custom)
2022-11-07 13:08:49,312 [pool-268-thread-1] INFO  server.RaftServerConfigKeys (ConfUtils.java:logGet(46)) - raft.server.log.segment.cache.size.max = 200MB (=209715200) (default)
2022-11-07 13:08:49,312 [pool-268-thread-1] INFO  segmented.SegmentedRaftLogWorker (SegmentedRaftLogWorker.java:<init>(191)) - new 8bab8527-0d32-4ef2-9c82-248b5a5867bf@group-BF7E77D1B3E1-SegmentedRaftLogWorker for RaftStorageImpl:Storage Directory /home/runner/work/ozone/ozone/hadoop-ozone/integration-test/target/test-dir/MiniOzoneClusterImpl-2a90587d-8655-4e72-8ce6-1bf59b520396/datanode-8/data/ratis/f1880885-540f-49c6-8261-bf7e77d1b3e1
2022-11-07 13:08:49,312 [pool-268-thread-1] INFO  server.RaftServerConfigKeys (ConfUtils.java:logGet(46)) - raft.server.log.queue.byte-limit = 4294967296 (custom)
2022-11-07 13:08:49,312 [pool-268-thread-1] INFO  server.RaftServerConfigKeys (ConfUtils.java:logGet(46)) - raft.server.log.queue.element-limit = 1024 (custom)
2022-11-07 13:08:49,312 [pool-268-thread-1] INFO  server.RaftServerConfigKeys (ConfUtils.java:logGet(46)) - raft.server.log.segment.size.max = 1048576 (custom)
2022-11-07 13:08:49,312 [pool-268-thread-1] INFO  server.RaftServerConfigKeys (ConfUtils.java:logGet(46)) - raft.server.log.preallocated.size = 16384 (custom)
2022-11-07 13:08:49,312 [pool-268-thread-1] INFO  server.RaftServerConfigKeys (ConfUtils.java:logGet(46)) - raft.server.log.force.sync.num = 128 (default)
2022-11-07 13:08:49,313 [pool-268-thread-1] INFO  server.RaftServerConfigKeys (ConfUtils.java:logGet(46)) - raft.server.log.statemachine.data.sync = true (default)
2022-11-07 13:08:49,313 [pool-268-thread-1] INFO  server.RaftServerConfigKeys (ConfUtils.java:logGet(46)) - raft.server.log.statemachine.data.sync.timeout = 10s (default)
2022-11-07 13:08:49,313 [pool-268-thread-1] INFO  server.RaftServerConfigKeys (ConfUtils.java:logGet(46)) - raft.server.log.statemachine.data.sync.timeout.retry = -1 (default)
2022-11-07 13:08:49,314 [pool-268-thread-1] INFO  server.RaftServerConfigKeys (ConfUtils.java:logGet(46)) - raft.server.log.write.buffer.size = 1048576 (custom)
2022-11-07 13:08:49,317 [pool-268-thread-1] INFO  server.RaftServerConfigKeys (ConfUtils.java:logGet(46)) - raft.server.log.unsafe-flush.enabled = false (default)
2022-11-07 13:08:49,317 [pool-268-thread-1] INFO  server.RaftServerConfigKeys (ConfUtils.java:logGet(46)) - raft.server.log.async-flush.enabled = false (default)
2022-11-07 13:08:49,317 [pool-268-thread-1] INFO  server.RaftServerConfigKeys (ConfUtils.java:logGet(46)) - raft.server.log.statemachine.data.caching.enabled = true (custom)
2022-11-07 13:08:49,317 [pool-268-thread-1] INFO  segmented.SegmentedRaftLogWorker (SegmentedRaftLogWorker.java:lambda$new$0(136)) - 8bab8527-0d32-4ef2-9c82-248b5a5867bf@group-BF7E77D1B3E1-SegmentedRaftLogWorker: flushIndex: setUnconditionally 0 -> -1
2022-11-07 13:08:49,317 [pool-268-thread-1] INFO  segmented.SegmentedRaftLogWorker (SegmentedRaftLogWorker.java:lambda$new$0(136)) - 8bab8527-0d32-4ef2-9c82-248b5a5867bf@group-BF7E77D1B3E1-SegmentedRaftLogWorker: safeCacheEvictIndex: setUnconditionally 0 -> -1
2022-11-07 13:08:49,318 [pool-268-thread-1] INFO  server.RaftServer$Division (RaftServerImpl.java:start(334)) - 8bab8527-0d32-4ef2-9c82-248b5a5867bf@group-BF7E77D1B3E1: start as a follower, conf=-1: peers:[a8ad72fe-b4a4-4d4d-9a7f-b9692428a970|rpc:10.1.0.171:39375|dataStream:|priority:1|startupRole:FOLLOWER, 1810f6e6-5580-46b0-b88d-9b5f15cbee6a|rpc:10.1.0.171:37795|dataStream:|priority:0|startupRole:FOLLOWER, 8bab8527-0d32-4ef2-9c82-248b5a5867bf|rpc:10.1.0.171:42469|dataStream:|priority:0|startupRole:FOLLOWER]|listeners:[], old=null
2022-11-07 13:08:49,318 [pool-268-thread-1] INFO  server.RaftServer$Division (RaftServerImpl.java:setRole(321)) - 8bab8527-0d32-4ef2-9c82-248b5a5867bf@group-BF7E77D1B3E1: changes role from      null to FOLLOWER at term 0 for startAsFollower
2022-11-07 13:08:49,319 [pool-268-thread-1] INFO  impl.RoleInfo (RoleInfo.java:updateAndGet(139)) - 8bab8527-0d32-4ef2-9c82-248b5a5867bf: start 8bab8527-0d32-4ef2-9c82-248b5a5867bf@group-BF7E77D1B3E1-FollowerState
2022-11-07 13:08:49,319 [pool-268-thread-1] INFO  util.JmxRegister (JmxRegister.java:tryRegister(44)) - Successfully registered JMX Bean with object name Ratis:service=RaftServer,group=group-BF7E77D1B3E1,id=8bab8527-0d32-4ef2-9c82-248b5a5867bf
2022-11-07 13:08:49,319 [pool-268-thread-1] INFO  server.RaftServerConfigKeys (ConfUtils.java:logGet(46)) - raft.server.snapshot.auto.trigger.enabled = true (custom)
2022-11-07 13:08:49,319 [pool-268-thread-1] INFO  server.RaftServerConfigKeys (ConfUtils.java:logGet(46)) - raft.server.snapshot.auto.trigger.threshold = 10000 (custom)
2022-11-07 13:08:49,319 [pool-268-thread-1] INFO  server.RaftServerConfigKeys (ConfUtils.java:logGet(46)) - raft.server.snapshot.retention.file.num = 5 (custom)
2022-11-07 13:08:49,319 [pool-268-thread-1] INFO  server.RaftServerConfigKeys (ConfUtils.java:logGet(46)) - raft.server.log.purge.upto.snapshot.index = false (default)
2022-11-07 13:08:49,323 [8bab8527-0d32-4ef2-9c82-248b5a5867bf@group-BF7E77D1B3E1-FollowerState] INFO  server.RaftServerConfigKeys (ConfUtils.java:logFallback(53)) - raft.server.rpc.first-election.timeout.min = 5s (fallback to raft.server.rpc.timeout.min)
2022-11-07 13:08:49,325 [8bab8527-0d32-4ef2-9c82-248b5a5867bf@group-BF7E77D1B3E1-FollowerState] INFO  server.RaftServerConfigKeys (ConfUtils.java:logFallback(53)) - raft.server.rpc.first-election.timeout.max = 5200ms (fallback to raft.server.rpc.timeout.max)
2022-11-07 13:08:49,327 [Command processor thread] INFO  commandhandler.CreatePipelineCommandHandler (CreatePipelineCommandHandler.java:handle(113)) - Created Pipeline RATIS THREE PipelineID=f1880885-540f-49c6-8261-bf7e77d1b3e1.
2022-11-07 13:08:49,329 [Listener at 127.0.0.1/42403] INFO  ozone.MiniOzoneClusterImpl (MiniOzoneClusterImpl.java:lambda$waitForClusterToBeReady$0(216)) - Nodes are ready. Got 10 of 10 DN Heartbeats.
2022-11-07 13:08:49,329 [Listener at 127.0.0.1/42403] INFO  ozone.MiniOzoneClusterImpl (MiniOzoneClusterImpl.java:lambda$waitForClusterToBeReady$0(219)) - Waiting for cluster to exit safe mode
2022-11-07 13:08:49,329 [Listener at 127.0.0.1/42403] INFO  ozone.MiniOzoneClusterImpl (MiniOzoneClusterImpl.java:lambda$waitForClusterToBeReady$0(221)) - SCM became leader
2022-11-07 13:08:49,470 [Command processor thread] INFO  server.RaftServer (RaftServerProxy.java:addNew(96)) - 1810f6e6-5580-46b0-b88d-9b5f15cbee6a: addNew group-BC4E8DEC760A:[1810f6e6-5580-46b0-b88d-9b5f15cbee6a|rpc:10.1.0.171:37795|priority:1|startupRole:FOLLOWER] returns group-BC4E8DEC760A:java.util.concurrent.CompletableFuture@7c5f26c2[Not completed]
2022-11-07 13:08:49,471 [pool-241-thread-1] INFO  server.RaftServer$Division (RaftServerImpl.java:<init>(195)) - 1810f6e6-5580-46b0-b88d-9b5f15cbee6a: new RaftServerImpl for group-BC4E8DEC760A:[1810f6e6-5580-46b0-b88d-9b5f15cbee6a|rpc:10.1.0.171:37795|priority:1|startupRole:FOLLOWER] with ContainerStateMachine:uninitialized
2022-11-07 13:08:49,472 [pool-241-thread-1] INFO  server.RaftServerConfigKeys (ConfUtils.java:logGet(46)) - raft.server.rpc.timeout.min = 5s (custom)
2022-11-07 13:08:49,472 [pool-241-thread-1] INFO  server.RaftServerConfigKeys (ConfUtils.java:logGet(46)) - raft.server.rpc.timeout.max = 5200ms (custom)
2022-11-07 13:08:49,472 [pool-241-thread-1] INFO  server.RaftServerConfigKeys (ConfUtils.java:logGet(46)) - raft.server.rpc.sleep.time = 25ms (default)
2022-11-07 13:08:49,472 [pool-241-thread-1] INFO  server.RaftServerConfigKeys (ConfUtils.java:logGet(46)) - raft.server.rpc.slowness.timeout = 300s (custom)
2022-11-07 13:08:49,472 [pool-241-thread-1] INFO  server.RaftServerConfigKeys (ConfUtils.java:logGet(46)) - raft.server.leaderelection.leader.step-down.wait-time = 10s (default)
2022-11-07 13:08:49,472 [pool-241-thread-1] INFO  server.RaftServerConfigKeys (ConfUtils.java:logGet(46)) - raft.server.sleep.deviation.threshold = 300ms (default)
2022-11-07 13:08:49,472 [pool-241-thread-1] INFO  server.RaftServer$Division (ServerState.java:<init>(118)) - 1810f6e6-5580-46b0-b88d-9b5f15cbee6a@group-BC4E8DEC760A: ConfigurationManager, init=-1: peers:[1810f6e6-5580-46b0-b88d-9b5f15cbee6a|rpc:10.1.0.171:37795|priority:1|startupRole:FOLLOWER]|listeners:[], old=null, confs=<EMPTY_MAP>
2022-11-07 13:08:49,472 [pool-241-thread-1] INFO  server.RaftServerConfigKeys (ConfUtils.java:logGet(46)) - raft.server.storage.dir = [/home/runner/work/ozone/ozone/hadoop-ozone/integration-test/target/test-dir/MiniOzoneClusterImpl-2a90587d-8655-4e72-8ce6-1bf59b520396/datanode-7/data/ratis] (custom)
2022-11-07 13:08:49,472 [pool-241-thread-1] INFO  server.RaftServerConfigKeys (ConfUtils.java:logGet(46)) - raft.server.log.corruption.policy = EXCEPTION (default)
2022-11-07 13:08:49,472 [pool-241-thread-1] INFO  server.RaftServerConfigKeys (ConfUtils.java:logGet(46)) - raft.server.storage.free-space.min = 0MB (=0) (default)
2022-11-07 13:08:49,473 [pool-241-thread-1] INFO  server.RaftServerConfigKeys (ConfUtils.java:logGet(46)) - raft.server.notification.no-leader.timeout = 300s (custom)
2022-11-07 13:08:49,473 [pool-241-thread-1] INFO  server.RaftServerConfigKeys (ConfUtils.java:logGet(46)) - raft.server.retrycache.expirytime = 600000ms (custom)
2022-11-07 13:08:49,473 [pool-241-thread-1] INFO  server.RaftServerConfigKeys (ConfUtils.java:logGet(46)) - raft.server.retrycache.statistics.expirytime = 100μs (default)
2022-11-07 13:08:49,474 [pool-241-thread-1] INFO  server.RaftServerConfigKeys (ConfUtils.java:logGet(46)) - raft.server.log.appender.install.snapshot.enabled = false (custom)
2022-11-07 13:08:49,474 [pool-241-thread-1] INFO  server.RaftServerConfigKeys (ConfUtils.java:logGet(46)) - raft.server.threadpool.server.cached = true (default)
2022-11-07 13:08:49,474 [pool-241-thread-1] INFO  server.RaftServerConfigKeys (ConfUtils.java:logGet(46)) - raft.server.threadpool.server.size = 0 (default)
2022-11-07 13:08:49,474 [pool-241-thread-1] INFO  server.RaftServerConfigKeys (ConfUtils.java:logGet(46)) - raft.server.threadpool.client.cached = true (default)
2022-11-07 13:08:49,474 [pool-241-thread-1] INFO  server.RaftServerConfigKeys (ConfUtils.java:logGet(46)) - raft.server.threadpool.client.size = 0 (default)
2022-11-07 13:08:49,475 [pool-241-thread-1] INFO  storage.RaftStorageDirectory (RaftStorageDirectoryImpl.java:analyzeStorage(137)) - The storage directory /home/runner/work/ozone/ozone/hadoop-ozone/integration-test/target/test-dir/MiniOzoneClusterImpl-2a90587d-8655-4e72-8ce6-1bf59b520396/datanode-7/data/ratis/b2c925c1-517d-4de9-aff2-bc4e8dec760a does not exist. Creating ...
2022-11-07 13:08:49,477 [pool-241-thread-1] INFO  storage.RaftStorageDirectory (RaftStorageDirectoryImpl.java:tryLock(231)) - Lock on /home/runner/work/ozone/ozone/hadoop-ozone/integration-test/target/test-dir/MiniOzoneClusterImpl-2a90587d-8655-4e72-8ce6-1bf59b520396/datanode-7/data/ratis/b2c925c1-517d-4de9-aff2-bc4e8dec760a/in_use.lock acquired by nodename 14802@fv-az255-291
2022-11-07 13:08:49,479 [pool-241-thread-1] INFO  storage.RaftStorage (RaftStorageImpl.java:format(96)) - Storage directory /home/runner/work/ozone/ozone/hadoop-ozone/integration-test/target/test-dir/MiniOzoneClusterImpl-2a90587d-8655-4e72-8ce6-1bf59b520396/datanode-7/data/ratis/b2c925c1-517d-4de9-aff2-bc4e8dec760a has been successfully formatted.
2022-11-07 13:08:49,480 [pool-241-thread-1] INFO  ratis.ContainerStateMachine (ContainerStateMachine.java:loadSnapshot(236)) - group-BC4E8DEC760A: The snapshot info is null. Setting the last applied indexto:(t:0, i:~)
2022-11-07 13:08:49,480 [pool-241-thread-1] INFO  server.RaftServerConfigKeys (ConfUtils.java:logGet(46)) - raft.server.log.use.memory = false (default)
2022-11-07 13:08:49,480 [pool-241-thread-1] INFO  server.RaftServerConfigKeys (ConfUtils.java:logGet(46)) - raft.server.log.purge.gap = 1000000 (custom)
2022-11-07 13:08:49,480 [pool-241-thread-1] INFO  server.RaftServerConfigKeys (ConfUtils.java:logGet(46)) - raft.server.log.appender.buffer.byte-limit = 33554432 (custom)
2022-11-07 13:08:49,480 [pool-241-thread-1] INFO  server.RaftServerConfigKeys (ConfUtils.java:logGet(46)) - raft.server.log.statemachine.data.read.timeout = 1000ms (default)
2022-11-07 13:08:49,480 [pool-241-thread-1] INFO  server.RaftServerConfigKeys (ConfUtils.java:logGet(46)) - raft.server.log.purge.preservation.log.num = 0 (default)
2022-11-07 13:08:49,480 [pool-241-thread-1] INFO  server.RaftServerConfigKeys (ConfUtils.java:logGet(46)) - raft.server.log.segment.size.max = 1048576 (custom)
2022-11-07 13:08:49,481 [EventQueue-PipelineReportForPipelineReportHandler] INFO  pipeline.PipelineManagerImpl (PipelineManagerImpl.java:openPipeline(367)) - Pipeline Pipeline[ Id: b2c925c1-517d-4de9-aff2-bc4e8dec760a, Nodes: 1810f6e6-5580-46b0-b88d-9b5f15cbee6a{ip: 10.1.0.171, host: fv-az255-291.sbdzdnwsxtye1lzl1wgdhvzhwg.dx.internal.cloudapp.net, ports: [REPLICATION=43399, RATIS=37795, RATIS_ADMIN=37795, RATIS_SERVER=37795, STANDALONE=38201], networkLocation: /default-rack, certSerialId: null, persistedOpState: IN_SERVICE, persistedOpStateExpiryEpochSec: 0}, ReplicationConfig: RATIS/ONE, State:ALLOCATED, leaderId:1810f6e6-5580-46b0-b88d-9b5f15cbee6a, CreationTimestamp2022-11-07T13:08:46.475Z[Etc/UTC]] moved to OPEN state
2022-11-07 13:08:49,482 [EventQueue-OpenPipelineForHealthyPipelineSafeModeRule] INFO  safemode.SCMSafeModeManager (HealthyPipelineSafeModeRule.java:process(137)) - SCM in safe mode. Healthy pipelines reported count is 0, required healthy pipeline reported count is 1
2022-11-07 13:08:49,483 [pool-241-thread-1] INFO  server.RaftServerConfigKeys (ConfUtils.java:logGet(46)) - raft.server.log.segment.cache.num.max = 2 (custom)
2022-11-07 13:08:49,485 [pool-241-thread-1] INFO  server.RaftServerConfigKeys (ConfUtils.java:logGet(46)) - raft.server.log.segment.cache.size.max = 200MB (=209715200) (default)
2022-11-07 13:08:49,485 [pool-241-thread-1] INFO  segmented.SegmentedRaftLogWorker (SegmentedRaftLogWorker.java:<init>(191)) - new 1810f6e6-5580-46b0-b88d-9b5f15cbee6a@group-BC4E8DEC760A-SegmentedRaftLogWorker for RaftStorageImpl:Storage Directory /home/runner/work/ozone/ozone/hadoop-ozone/integration-test/target/test-dir/MiniOzoneClusterImpl-2a90587d-8655-4e72-8ce6-1bf59b520396/datanode-7/data/ratis/b2c925c1-517d-4de9-aff2-bc4e8dec760a
2022-11-07 13:08:49,485 [pool-241-thread-1] INFO  server.RaftServerConfigKeys (ConfUtils.java:logGet(46)) - raft.server.log.queue.byte-limit = 4294967296 (custom)
2022-11-07 13:08:49,485 [pool-241-thread-1] INFO  server.RaftServerConfigKeys (ConfUtils.java:logGet(46)) - raft.server.log.queue.element-limit = 1024 (custom)
2022-11-07 13:08:49,485 [pool-241-thread-1] INFO  server.RaftServerConfigKeys (ConfUtils.java:logGet(46)) - raft.server.log.segment.size.max = 1048576 (custom)
2022-11-07 13:08:49,485 [pool-241-thread-1] INFO  server.RaftServerConfigKeys (ConfUtils.java:logGet(46)) - raft.server.log.preallocated.size = 16384 (custom)
2022-11-07 13:08:49,485 [pool-241-thread-1] INFO  server.RaftServerConfigKeys (ConfUtils.java:logGet(46)) - raft.server.log.force.sync.num = 128 (default)
2022-11-07 13:08:49,485 [pool-241-thread-1] INFO  server.RaftServerConfigKeys (ConfUtils.java:logGet(46)) - raft.server.log.statemachine.data.sync = true (default)
2022-11-07 13:08:49,486 [pool-241-thread-1] INFO  server.RaftServerConfigKeys (ConfUtils.java:logGet(46)) - raft.server.log.statemachine.data.sync.timeout = 10s (default)
2022-11-07 13:08:49,486 [pool-241-thread-1] INFO  server.RaftServerConfigKeys (ConfUtils.java:logGet(46)) - raft.server.log.statemachine.data.sync.timeout.retry = -1 (default)
2022-11-07 13:08:49,487 [pool-241-thread-1] INFO  server.RaftServerConfigKeys (ConfUtils.java:logGet(46)) - raft.server.log.write.buffer.size = 1048576 (custom)
2022-11-07 13:08:49,487 [pool-241-thread-1] INFO  server.RaftServerConfigKeys (ConfUtils.java:logGet(46)) - raft.server.log.unsafe-flush.enabled = false (default)
2022-11-07 13:08:49,487 [pool-241-thread-1] INFO  server.RaftServerConfigKeys (ConfUtils.java:logGet(46)) - raft.server.log.async-flush.enabled = false (default)
2022-11-07 13:08:49,487 [pool-241-thread-1] INFO  server.RaftServerConfigKeys (ConfUtils.java:logGet(46)) - raft.server.log.statemachine.data.caching.enabled = true (custom)
2022-11-07 13:08:49,487 [pool-241-thread-1] INFO  segmented.SegmentedRaftLogWorker (SegmentedRaftLogWorker.java:lambda$new$0(136)) - 1810f6e6-5580-46b0-b88d-9b5f15cbee6a@group-BC4E8DEC760A-SegmentedRaftLogWorker: flushIndex: setUnconditionally 0 -> -1
2022-11-07 13:08:49,487 [pool-241-thread-1] INFO  segmented.SegmentedRaftLogWorker (SegmentedRaftLogWorker.java:lambda$new$0(136)) - 1810f6e6-5580-46b0-b88d-9b5f15cbee6a@group-BC4E8DEC760A-SegmentedRaftLogWorker: safeCacheEvictIndex: setUnconditionally 0 -> -1
2022-11-07 13:08:49,488 [pool-241-thread-1] INFO  server.RaftServer$Division (RaftServerImpl.java:start(334)) - 1810f6e6-5580-46b0-b88d-9b5f15cbee6a@group-BC4E8DEC760A: start as a follower, conf=-1: peers:[1810f6e6-5580-46b0-b88d-9b5f15cbee6a|rpc:10.1.0.171:37795|priority:1|startupRole:FOLLOWER]|listeners:[], old=null
2022-11-07 13:08:49,488 [pool-241-thread-1] INFO  server.RaftServer$Division (RaftServerImpl.java:setRole(321)) - 1810f6e6-5580-46b0-b88d-9b5f15cbee6a@group-BC4E8DEC760A: changes role from      null to FOLLOWER at term 0 for startAsFollower
2022-11-07 13:08:49,488 [pool-241-thread-1] INFO  impl.RoleInfo (RoleInfo.java:updateAndGet(139)) - 1810f6e6-5580-46b0-b88d-9b5f15cbee6a: start 1810f6e6-5580-46b0-b88d-9b5f15cbee6a@group-BC4E8DEC760A-FollowerState
2022-11-07 13:08:49,488 [pool-241-thread-1] INFO  util.JmxRegister (JmxRegister.java:tryRegister(44)) - Successfully registered JMX Bean with object name Ratis:service=RaftServer,group=group-BC4E8DEC760A,id=1810f6e6-5580-46b0-b88d-9b5f15cbee6a
2022-11-07 13:08:49,488 [1810f6e6-5580-46b0-b88d-9b5f15cbee6a@group-BC4E8DEC760A-FollowerState] INFO  server.RaftServerConfigKeys (ConfUtils.java:logFallback(53)) - raft.server.rpc.first-election.timeout.min = 5s (fallback to raft.server.rpc.timeout.min)
2022-11-07 13:08:49,488 [pool-241-thread-1] INFO  server.RaftServerConfigKeys (ConfUtils.java:logGet(46)) - raft.server.snapshot.auto.trigger.enabled = true (custom)
2022-11-07 13:08:49,489 [1810f6e6-5580-46b0-b88d-9b5f15cbee6a@group-BC4E8DEC760A-FollowerState] INFO  server.RaftServerConfigKeys (ConfUtils.java:logFallback(53)) - raft.server.rpc.first-election.timeout.max = 5200ms (fallback to raft.server.rpc.timeout.max)
2022-11-07 13:08:49,489 [pool-241-thread-1] INFO  server.RaftServerConfigKeys (ConfUtils.java:logGet(46)) - raft.server.snapshot.auto.trigger.threshold = 10000 (custom)
2022-11-07 13:08:49,489 [pool-241-thread-1] INFO  server.RaftServerConfigKeys (ConfUtils.java:logGet(46)) - raft.server.snapshot.retention.file.num = 5 (custom)
2022-11-07 13:08:49,489 [pool-241-thread-1] INFO  server.RaftServerConfigKeys (ConfUtils.java:logGet(46)) - raft.server.log.purge.upto.snapshot.index = false (default)
2022-11-07 13:08:49,490 [Command processor thread] INFO  ratis.XceiverServerRatis (XceiverServerRatis.java:addGroup(765)) - Created group PipelineID=b2c925c1-517d-4de9-aff2-bc4e8dec760a
2022-11-07 13:08:49,490 [Command processor thread] INFO  commandhandler.CreatePipelineCommandHandler (CreatePipelineCommandHandler.java:handle(113)) - Created Pipeline RATIS ONE PipelineID=b2c925c1-517d-4de9-aff2-bc4e8dec760a.
2022-11-07 13:08:49,885 [Command processor thread] INFO  server.RaftServer (RaftServerProxy.java:addNew(96)) - 8bab8527-0d32-4ef2-9c82-248b5a5867bf: addNew group-B2CB90D6E01F:[8bab8527-0d32-4ef2-9c82-248b5a5867bf|rpc:10.1.0.171:42469|priority:1|startupRole:FOLLOWER] returns group-B2CB90D6E01F:java.util.concurrent.CompletableFuture@3e9e8ffe[Not completed]
2022-11-07 13:08:49,886 [pool-268-thread-1] INFO  server.RaftServer$Division (RaftServerImpl.java:<init>(195)) - 8bab8527-0d32-4ef2-9c82-248b5a5867bf: new RaftServerImpl for group-B2CB90D6E01F:[8bab8527-0d32-4ef2-9c82-248b5a5867bf|rpc:10.1.0.171:42469|priority:1|startupRole:FOLLOWER] with ContainerStateMachine:uninitialized
2022-11-07 13:08:49,886 [pool-268-thread-1] INFO  server.RaftServerConfigKeys (ConfUtils.java:logGet(46)) - raft.server.rpc.timeout.min = 5s (custom)
2022-11-07 13:08:49,886 [pool-268-thread-1] INFO  server.RaftServerConfigKeys (ConfUtils.java:logGet(46)) - raft.server.rpc.timeout.max = 5200ms (custom)
2022-11-07 13:08:49,886 [pool-268-thread-1] INFO  server.RaftServerConfigKeys (ConfUtils.java:logGet(46)) - raft.server.rpc.sleep.time = 25ms (default)
2022-11-07 13:08:49,886 [pool-268-thread-1] INFO  server.RaftServerConfigKeys (ConfUtils.java:logGet(46)) - raft.server.rpc.slowness.timeout = 300s (custom)
2022-11-07 13:08:49,886 [pool-268-thread-1] INFO  server.RaftServerConfigKeys (ConfUtils.java:logGet(46)) - raft.server.leaderelection.leader.step-down.wait-time = 10s (default)
2022-11-07 13:08:49,886 [pool-268-thread-1] INFO  server.RaftServerConfigKeys (ConfUtils.java:logGet(46)) - raft.server.sleep.deviation.threshold = 300ms (default)
2022-11-07 13:08:49,886 [pool-268-thread-1] INFO  server.RaftServer$Division (ServerState.java:<init>(118)) - 8bab8527-0d32-4ef2-9c82-248b5a5867bf@group-B2CB90D6E01F: ConfigurationManager, init=-1: peers:[8bab8527-0d32-4ef2-9c82-248b5a5867bf|rpc:10.1.0.171:42469|priority:1|startupRole:FOLLOWER]|listeners:[], old=null, confs=<EMPTY_MAP>
2022-11-07 13:08:49,887 [pool-268-thread-1] INFO  server.RaftServerConfigKeys (ConfUtils.java:logGet(46)) - raft.server.storage.dir = [/home/runner/work/ozone/ozone/hadoop-ozone/integration-test/target/test-dir/MiniOzoneClusterImpl-2a90587d-8655-4e72-8ce6-1bf59b520396/datanode-8/data/ratis] (custom)
2022-11-07 13:08:49,887 [pool-268-thread-1] INFO  server.RaftServerConfigKeys (ConfUtils.java:logGet(46)) - raft.server.log.corruption.policy = EXCEPTION (default)
2022-11-07 13:08:49,887 [pool-268-thread-1] INFO  server.RaftServerConfigKeys (ConfUtils.java:logGet(46)) - raft.server.storage.free-space.min = 0MB (=0) (default)
2022-11-07 13:08:49,887 [pool-268-thread-1] INFO  server.RaftServerConfigKeys (ConfUtils.java:logGet(46)) - raft.server.notification.no-leader.timeout = 300s (custom)
2022-11-07 13:08:49,887 [pool-268-thread-1] INFO  server.RaftServerConfigKeys (ConfUtils.java:logGet(46)) - raft.server.retrycache.expirytime = 600000ms (custom)
2022-11-07 13:08:49,887 [pool-268-thread-1] INFO  server.RaftServerConfigKeys (ConfUtils.java:logGet(46)) - raft.server.retrycache.statistics.expirytime = 100μs (default)
2022-11-07 13:08:49,888 [pool-268-thread-1] INFO  server.RaftServerConfigKeys (ConfUtils.java:logGet(46)) - raft.server.log.appender.install.snapshot.enabled = false (custom)
2022-11-07 13:08:49,889 [pool-268-thread-1] INFO  server.RaftServerConfigKeys (ConfUtils.java:logGet(46)) - raft.server.threadpool.server.cached = true (default)
2022-11-07 13:08:49,889 [pool-268-thread-1] INFO  server.RaftServerConfigKeys (ConfUtils.java:logGet(46)) - raft.server.threadpool.server.size = 0 (default)
2022-11-07 13:08:49,889 [pool-268-thread-1] INFO  server.RaftServerConfigKeys (ConfUtils.java:logGet(46)) - raft.server.threadpool.client.cached = true (default)
2022-11-07 13:08:49,889 [pool-268-thread-1] INFO  server.RaftServerConfigKeys (ConfUtils.java:logGet(46)) - raft.server.threadpool.client.size = 0 (default)
2022-11-07 13:08:49,889 [pool-268-thread-1] INFO  storage.RaftStorageDirectory (RaftStorageDirectoryImpl.java:analyzeStorage(137)) - The storage directory /home/runner/work/ozone/ozone/hadoop-ozone/integration-test/target/test-dir/MiniOzoneClusterImpl-2a90587d-8655-4e72-8ce6-1bf59b520396/datanode-8/data/ratis/3ed164d9-4e34-47e9-b0ce-b2cb90d6e01f does not exist. Creating ...
2022-11-07 13:08:49,890 [pool-268-thread-1] INFO  storage.RaftStorageDirectory (RaftStorageDirectoryImpl.java:tryLock(231)) - Lock on /home/runner/work/ozone/ozone/hadoop-ozone/integration-test/target/test-dir/MiniOzoneClusterImpl-2a90587d-8655-4e72-8ce6-1bf59b520396/datanode-8/data/ratis/3ed164d9-4e34-47e9-b0ce-b2cb90d6e01f/in_use.lock acquired by nodename 14802@fv-az255-291
2022-11-07 13:08:49,892 [pool-268-thread-1] INFO  storage.RaftStorage (RaftStorageImpl.java:format(96)) - Storage directory /home/runner/work/ozone/ozone/hadoop-ozone/integration-test/target/test-dir/MiniOzoneClusterImpl-2a90587d-8655-4e72-8ce6-1bf59b520396/datanode-8/data/ratis/3ed164d9-4e34-47e9-b0ce-b2cb90d6e01f has been successfully formatted.
2022-11-07 13:08:49,892 [pool-268-thread-1] INFO  ratis.ContainerStateMachine (ContainerStateMachine.java:loadSnapshot(236)) - group-B2CB90D6E01F: The snapshot info is null. Setting the last applied indexto:(t:0, i:~)
2022-11-07 13:08:49,893 [pool-268-thread-1] INFO  server.RaftServerConfigKeys (ConfUtils.java:logGet(46)) - raft.server.log.use.memory = false (default)
2022-11-07 13:08:49,893 [pool-268-thread-1] INFO  server.RaftServerConfigKeys (ConfUtils.java:logGet(46)) - raft.server.log.purge.gap = 1000000 (custom)
2022-11-07 13:08:49,893 [pool-268-thread-1] INFO  server.RaftServerConfigKeys (ConfUtils.java:logGet(46)) - raft.server.log.appender.buffer.byte-limit = 33554432 (custom)
2022-11-07 13:08:49,893 [pool-268-thread-1] INFO  server.RaftServerConfigKeys (ConfUtils.java:logGet(46)) - raft.server.log.statemachine.data.read.timeout = 1000ms (default)
2022-11-07 13:08:49,893 [pool-268-thread-1] INFO  server.RaftServerConfigKeys (ConfUtils.java:logGet(46)) - raft.server.log.purge.preservation.log.num = 0 (default)
2022-11-07 13:08:49,894 [pool-268-thread-1] INFO  server.RaftServerConfigKeys (ConfUtils.java:logGet(46)) - raft.server.log.segment.size.max = 1048576 (custom)
2022-11-07 13:08:49,894 [EventQueue-PipelineReportForPipelineReportHandler] INFO  pipeline.PipelineManagerImpl (PipelineManagerImpl.java:openPipeline(367)) - Pipeline Pipeline[ Id: 3ed164d9-4e34-47e9-b0ce-b2cb90d6e01f, Nodes: 8bab8527-0d32-4ef2-9c82-248b5a5867bf{ip: 10.1.0.171, host: fv-az255-291.sbdzdnwsxtye1lzl1wgdhvzhwg.dx.internal.cloudapp.net, ports: [REPLICATION=39049, RATIS=42469, RATIS_ADMIN=42469, RATIS_SERVER=42469, STANDALONE=36367], networkLocation: /default-rack, certSerialId: null, persistedOpState: IN_SERVICE, persistedOpStateExpiryEpochSec: 0}, ReplicationConfig: RATIS/ONE, State:ALLOCATED, leaderId:8bab8527-0d32-4ef2-9c82-248b5a5867bf, CreationTimestamp2022-11-07T13:08:46.890Z[Etc/UTC]] moved to OPEN state
2022-11-07 13:08:49,895 [EventQueue-OpenPipelineForHealthyPipelineSafeModeRule] INFO  safemode.SCMSafeModeManager (HealthyPipelineSafeModeRule.java:process(137)) - SCM in safe mode. Healthy pipelines reported count is 0, required healthy pipeline reported count is 1
2022-11-07 13:08:49,895 [pool-268-thread-1] INFO  server.RaftServerConfigKeys (ConfUtils.java:logGet(46)) - raft.server.log.segment.cache.num.max = 2 (custom)
2022-11-07 13:08:49,897 [pool-268-thread-1] INFO  server.RaftServerConfigKeys (ConfUtils.java:logGet(46)) - raft.server.log.segment.cache.size.max = 200MB (=209715200) (default)
2022-11-07 13:08:49,897 [pool-268-thread-1] INFO  segmented.SegmentedRaftLogWorker (SegmentedRaftLogWorker.java:<init>(191)) - new 8bab8527-0d32-4ef2-9c82-248b5a5867bf@group-B2CB90D6E01F-SegmentedRaftLogWorker for RaftStorageImpl:Storage Directory /home/runner/work/ozone/ozone/hadoop-ozone/integration-test/target/test-dir/MiniOzoneClusterImpl-2a90587d-8655-4e72-8ce6-1bf59b520396/datanode-8/data/ratis/3ed164d9-4e34-47e9-b0ce-b2cb90d6e01f
2022-11-07 13:08:49,897 [pool-268-thread-1] INFO  server.RaftServerConfigKeys (ConfUtils.java:logGet(46)) - raft.server.log.queue.byte-limit = 4294967296 (custom)
2022-11-07 13:08:49,897 [pool-268-thread-1] INFO  server.RaftServerConfigKeys (ConfUtils.java:logGet(46)) - raft.server.log.queue.element-limit = 1024 (custom)
2022-11-07 13:08:49,897 [pool-268-thread-1] INFO  server.RaftServerConfigKeys (ConfUtils.java:logGet(46)) - raft.server.log.segment.size.max = 1048576 (custom)
2022-11-07 13:08:49,897 [pool-268-thread-1] INFO  server.RaftServerConfigKeys (ConfUtils.java:logGet(46)) - raft.server.log.preallocated.size = 16384 (custom)
2022-11-07 13:08:49,897 [pool-268-thread-1] INFO  server.RaftServerConfigKeys (ConfUtils.java:logGet(46)) - raft.server.log.force.sync.num = 128 (default)
2022-11-07 13:08:49,897 [pool-268-thread-1] INFO  server.RaftServerConfigKeys (ConfUtils.java:logGet(46)) - raft.server.log.statemachine.data.sync = true (default)
2022-11-07 13:08:49,897 [pool-268-thread-1] INFO  server.RaftServerConfigKeys (ConfUtils.java:logGet(46)) - raft.server.log.statemachine.data.sync.timeout = 10s (default)
2022-11-07 13:08:49,897 [pool-268-thread-1] INFO  server.RaftServerConfigKeys (ConfUtils.java:logGet(46)) - raft.server.log.statemachine.data.sync.timeout.retry = -1 (default)
2022-11-07 13:08:49,898 [pool-268-thread-1] INFO  server.RaftServerConfigKeys (ConfUtils.java:logGet(46)) - raft.server.log.write.buffer.size = 1048576 (custom)
2022-11-07 13:08:49,899 [pool-268-thread-1] INFO  server.RaftServerConfigKeys (ConfUtils.java:logGet(46)) - raft.server.log.unsafe-flush.enabled = false (default)
2022-11-07 13:08:49,899 [pool-268-thread-1] INFO  server.RaftServerConfigKeys (ConfUtils.java:logGet(46)) - raft.server.log.async-flush.enabled = false (default)
2022-11-07 13:08:49,899 [pool-268-thread-1] INFO  server.RaftServerConfigKeys (ConfUtils.java:logGet(46)) - raft.server.log.statemachine.data.caching.enabled = true (custom)
2022-11-07 13:08:49,899 [pool-268-thread-1] INFO  segmented.SegmentedRaftLogWorker (SegmentedRaftLogWorker.java:lambda$new$0(136)) - 8bab8527-0d32-4ef2-9c82-248b5a5867bf@group-B2CB90D6E01F-SegmentedRaftLogWorker: flushIndex: setUnconditionally 0 -> -1
2022-11-07 13:08:49,900 [pool-268-thread-1] INFO  segmented.SegmentedRaftLogWorker (SegmentedRaftLogWorker.java:lambda$new$0(136)) - 8bab8527-0d32-4ef2-9c82-248b5a5867bf@group-B2CB90D6E01F-SegmentedRaftLogWorker: safeCacheEvictIndex: setUnconditionally 0 -> -1
2022-11-07 13:08:49,900 [pool-268-thread-1] INFO  server.RaftServer$Division (RaftServerImpl.java:start(334)) - 8bab8527-0d32-4ef2-9c82-248b5a5867bf@group-B2CB90D6E01F: start as a follower, conf=-1: peers:[8bab8527-0d32-4ef2-9c82-248b5a5867bf|rpc:10.1.0.171:42469|priority:1|startupRole:FOLLOWER]|listeners:[], old=null
2022-11-07 13:08:49,900 [pool-268-thread-1] INFO  server.RaftServer$Division (RaftServerImpl.java:setRole(321)) - 8bab8527-0d32-4ef2-9c82-248b5a5867bf@group-B2CB90D6E01F: changes role from      null to FOLLOWER at term 0 for startAsFollower
2022-11-07 13:08:49,900 [pool-268-thread-1] INFO  impl.RoleInfo (RoleInfo.java:updateAndGet(139)) - 8bab8527-0d32-4ef2-9c82-248b5a5867bf: start 8bab8527-0d32-4ef2-9c82-248b5a5867bf@group-B2CB90D6E01F-FollowerState
2022-11-07 13:08:49,900 [pool-268-thread-1] INFO  util.JmxRegister (JmxRegister.java:tryRegister(44)) - Successfully registered JMX Bean with object name Ratis:service=RaftServer,group=group-B2CB90D6E01F,id=8bab8527-0d32-4ef2-9c82-248b5a5867bf
2022-11-07 13:08:49,900 [pool-268-thread-1] INFO  server.RaftServerConfigKeys (ConfUtils.java:logGet(46)) - raft.server.snapshot.auto.trigger.enabled = true (custom)
2022-11-07 13:08:49,900 [pool-268-thread-1] INFO  server.RaftServerConfigKeys (ConfUtils.java:logGet(46)) - raft.server.snapshot.auto.trigger.threshold = 10000 (custom)
2022-11-07 13:08:49,901 [pool-268-thread-1] INFO  server.RaftServerConfigKeys (ConfUtils.java:logGet(46)) - raft.server.snapshot.retention.file.num = 5 (custom)
2022-11-07 13:08:49,901 [pool-268-thread-1] INFO  server.RaftServerConfigKeys (ConfUtils.java:logGet(46)) - raft.server.log.purge.upto.snapshot.index = false (default)
2022-11-07 13:08:49,901 [8bab8527-0d32-4ef2-9c82-248b5a5867bf@group-B2CB90D6E01F-FollowerState] INFO  server.RaftServerConfigKeys (ConfUtils.java:logFallback(53)) - raft.server.rpc.first-election.timeout.min = 5s (fallback to raft.server.rpc.timeout.min)
2022-11-07 13:08:49,901 [8bab8527-0d32-4ef2-9c82-248b5a5867bf@group-B2CB90D6E01F-FollowerState] INFO  server.RaftServerConfigKeys (ConfUtils.java:logFallback(53)) - raft.server.rpc.first-election.timeout.max = 5200ms (fallback to raft.server.rpc.timeout.max)
2022-11-07 13:08:49,902 [Command processor thread] INFO  ratis.XceiverServerRatis (XceiverServerRatis.java:addGroup(765)) - Created group PipelineID=3ed164d9-4e34-47e9-b0ce-b2cb90d6e01f
2022-11-07 13:08:49,902 [Command processor thread] INFO  commandhandler.CreatePipelineCommandHandler (CreatePipelineCommandHandler.java:handle(113)) - Created Pipeline RATIS ONE PipelineID=3ed164d9-4e34-47e9-b0ce-b2cb90d6e01f.
2022-11-07 13:08:50,329 [Listener at 127.0.0.1/42403] INFO  ozone.MiniOzoneClusterImpl (MiniOzoneClusterImpl.java:lambda$waitForClusterToBeReady$0(216)) - Nodes are ready. Got 10 of 10 DN Heartbeats.
2022-11-07 13:08:50,330 [Listener at 127.0.0.1/42403] INFO  ozone.MiniOzoneClusterImpl (MiniOzoneClusterImpl.java:lambda$waitForClusterToBeReady$0(219)) - Waiting for cluster to exit safe mode
2022-11-07 13:08:50,330 [Listener at 127.0.0.1/42403] INFO  ozone.MiniOzoneClusterImpl (MiniOzoneClusterImpl.java:lambda$waitForClusterToBeReady$0(221)) - SCM became leader
2022-11-07 13:08:50,343 [Command processor thread] INFO  server.RaftServer (RaftServerProxy.java:addNew(96)) - cc281ddc-c10d-4250-8559-4debec3b143b: addNew group-79F6478414F1:[cc281ddc-c10d-4250-8559-4debec3b143b|rpc:10.1.0.171:39521|priority:1|startupRole:FOLLOWER] returns group-79F6478414F1:java.util.concurrent.CompletableFuture@6811e9d7[Not completed]
2022-11-07 13:08:50,345 [pool-295-thread-1] INFO  server.RaftServer$Division (RaftServerImpl.java:<init>(195)) - cc281ddc-c10d-4250-8559-4debec3b143b: new RaftServerImpl for group-79F6478414F1:[cc281ddc-c10d-4250-8559-4debec3b143b|rpc:10.1.0.171:39521|priority:1|startupRole:FOLLOWER] with ContainerStateMachine:uninitialized
2022-11-07 13:08:50,346 [pool-295-thread-1] INFO  server.RaftServerConfigKeys (ConfUtils.java:logGet(46)) - raft.server.rpc.timeout.min = 5s (custom)
2022-11-07 13:08:50,346 [pool-295-thread-1] INFO  server.RaftServerConfigKeys (ConfUtils.java:logGet(46)) - raft.server.rpc.timeout.max = 5200ms (custom)
2022-11-07 13:08:50,346 [pool-295-thread-1] INFO  server.RaftServerConfigKeys (ConfUtils.java:logGet(46)) - raft.server.rpc.sleep.time = 25ms (default)
2022-11-07 13:08:50,346 [pool-295-thread-1] INFO  server.RaftServerConfigKeys (ConfUtils.java:logGet(46)) - raft.server.rpc.slowness.timeout = 300s (custom)
2022-11-07 13:08:50,346 [pool-295-thread-1] INFO  server.RaftServerConfigKeys (ConfUtils.java:logGet(46)) - raft.server.leaderelection.leader.step-down.wait-time = 10s (default)
2022-11-07 13:08:50,346 [pool-295-thread-1] INFO  server.RaftServerConfigKeys (ConfUtils.java:logGet(46)) - raft.server.sleep.deviation.threshold = 300ms (default)
2022-11-07 13:08:50,346 [pool-295-thread-1] INFO  server.RaftServer$Division (ServerState.java:<init>(118)) - cc281ddc-c10d-4250-8559-4debec3b143b@group-79F6478414F1: ConfigurationManager, init=-1: peers:[cc281ddc-c10d-4250-8559-4debec3b143b|rpc:10.1.0.171:39521|priority:1|startupRole:FOLLOWER]|listeners:[], old=null, confs=<EMPTY_MAP>
2022-11-07 13:08:50,346 [pool-295-thread-1] INFO  server.RaftServerConfigKeys (ConfUtils.java:logGet(46)) - raft.server.storage.dir = [/home/runner/work/ozone/ozone/hadoop-ozone/integration-test/target/test-dir/MiniOzoneClusterImpl-2a90587d-8655-4e72-8ce6-1bf59b520396/datanode-9/data/ratis] (custom)
2022-11-07 13:08:50,346 [pool-295-thread-1] INFO  server.RaftServerConfigKeys (ConfUtils.java:logGet(46)) - raft.server.log.corruption.policy = EXCEPTION (default)
2022-11-07 13:08:50,347 [pool-295-thread-1] INFO  server.RaftServerConfigKeys (ConfUtils.java:logGet(46)) - raft.server.storage.free-space.min = 0MB (=0) (default)
2022-11-07 13:08:50,347 [pool-295-thread-1] INFO  server.RaftServerConfigKeys (ConfUtils.java:logGet(46)) - raft.server.notification.no-leader.timeout = 300s (custom)
2022-11-07 13:08:50,347 [pool-295-thread-1] INFO  server.RaftServerConfigKeys (ConfUtils.java:logGet(46)) - raft.server.retrycache.expirytime = 600000ms (custom)
2022-11-07 13:08:50,347 [pool-295-thread-1] INFO  server.RaftServerConfigKeys (ConfUtils.java:logGet(46)) - raft.server.retrycache.statistics.expirytime = 100μs (default)
2022-11-07 13:08:50,350 [pool-295-thread-1] INFO  server.RaftServerConfigKeys (ConfUtils.java:logGet(46)) - raft.server.log.appender.install.snapshot.enabled = false (custom)
2022-11-07 13:08:50,350 [pool-295-thread-1] INFO  server.RaftServerConfigKeys (ConfUtils.java:logGet(46)) - raft.server.threadpool.server.cached = true (default)
2022-11-07 13:08:50,350 [pool-295-thread-1] INFO  server.RaftServerConfigKeys (ConfUtils.java:logGet(46)) - raft.server.threadpool.server.size = 0 (default)
2022-11-07 13:08:50,350 [pool-295-thread-1] INFO  server.RaftServerConfigKeys (ConfUtils.java:logGet(46)) - raft.server.threadpool.client.cached = true (default)
2022-11-07 13:08:50,350 [pool-295-thread-1] INFO  server.RaftServerConfigKeys (ConfUtils.java:logGet(46)) - raft.server.threadpool.client.size = 0 (default)
2022-11-07 13:08:50,350 [pool-295-thread-1] INFO  storage.RaftStorageDirectory (RaftStorageDirectoryImpl.java:analyzeStorage(137)) - The storage directory /home/runner/work/ozone/ozone/hadoop-ozone/integration-test/target/test-dir/MiniOzoneClusterImpl-2a90587d-8655-4e72-8ce6-1bf59b520396/datanode-9/data/ratis/980b585c-8150-4be1-b086-79f6478414f1 does not exist. Creating ...
2022-11-07 13:08:50,352 [pool-295-thread-1] INFO  storage.RaftStorageDirectory (RaftStorageDirectoryImpl.java:tryLock(231)) - Lock on /home/runner/work/ozone/ozone/hadoop-ozone/integration-test/target/test-dir/MiniOzoneClusterImpl-2a90587d-8655-4e72-8ce6-1bf59b520396/datanode-9/data/ratis/980b585c-8150-4be1-b086-79f6478414f1/in_use.lock acquired by nodename 14802@fv-az255-291
2022-11-07 13:08:50,354 [pool-295-thread-1] INFO  storage.RaftStorage (RaftStorageImpl.java:format(96)) - Storage directory /home/runner/work/ozone/ozone/hadoop-ozone/integration-test/target/test-dir/MiniOzoneClusterImpl-2a90587d-8655-4e72-8ce6-1bf59b520396/datanode-9/data/ratis/980b585c-8150-4be1-b086-79f6478414f1 has been successfully formatted.
2022-11-07 13:08:50,355 [pool-295-thread-1] INFO  ratis.ContainerStateMachine (ContainerStateMachine.java:loadSnapshot(236)) - group-79F6478414F1: The snapshot info is null. Setting the last applied indexto:(t:0, i:~)
2022-11-07 13:08:50,355 [pool-295-thread-1] INFO  server.RaftServerConfigKeys (ConfUtils.java:logGet(46)) - raft.server.log.use.memory = false (default)
2022-11-07 13:08:50,356 [EventQueue-PipelineReportForPipelineReportHandler] INFO  pipeline.PipelineManagerImpl (PipelineManagerImpl.java:openPipeline(367)) - Pipeline Pipeline[ Id: 980b585c-8150-4be1-b086-79f6478414f1, Nodes: cc281ddc-c10d-4250-8559-4debec3b143b{ip: 10.1.0.171, host: fv-az255-291.sbdzdnwsxtye1lzl1wgdhvzhwg.dx.internal.cloudapp.net, ports: [REPLICATION=36043, RATIS=39521, RATIS_ADMIN=39521, RATIS_SERVER=39521, STANDALONE=37637], networkLocation: /default-rack, certSerialId: null, persistedOpState: IN_SERVICE, persistedOpStateExpiryEpochSec: 0}, ReplicationConfig: RATIS/ONE, State:ALLOCATED, leaderId:cc281ddc-c10d-4250-8559-4debec3b143b, CreationTimestamp2022-11-07T13:08:47.368Z[Etc/UTC]] moved to OPEN state
2022-11-07 13:08:50,357 [EventQueue-OpenPipelineForHealthyPipelineSafeModeRule] INFO  safemode.SCMSafeModeManager (HealthyPipelineSafeModeRule.java:process(137)) - SCM in safe mode. Healthy pipelines reported count is 0, required healthy pipeline reported count is 1
2022-11-07 13:08:50,358 [pool-295-thread-1] INFO  server.RaftServerConfigKeys (ConfUtils.java:logGet(46)) - raft.server.log.purge.gap = 1000000 (custom)
2022-11-07 13:08:50,362 [pool-295-thread-1] INFO  server.RaftServerConfigKeys (ConfUtils.java:logGet(46)) - raft.server.log.appender.buffer.byte-limit = 33554432 (custom)
2022-11-07 13:08:50,362 [pool-295-thread-1] INFO  server.RaftServerConfigKeys (ConfUtils.java:logGet(46)) - raft.server.log.statemachine.data.read.timeout = 1000ms (default)
2022-11-07 13:08:50,362 [pool-295-thread-1] INFO  server.RaftServerConfigKeys (ConfUtils.java:logGet(46)) - raft.server.log.purge.preservation.log.num = 0 (default)
2022-11-07 13:08:50,363 [pool-295-thread-1] INFO  server.RaftServerConfigKeys (ConfUtils.java:logGet(46)) - raft.server.log.segment.size.max = 1048576 (custom)
2022-11-07 13:08:50,364 [pool-295-thread-1] INFO  server.RaftServerConfigKeys (ConfUtils.java:logGet(46)) - raft.server.log.segment.cache.num.max = 2 (custom)
2022-11-07 13:08:50,364 [pool-295-thread-1] INFO  server.RaftServerConfigKeys (ConfUtils.java:logGet(46)) - raft.server.log.segment.cache.size.max = 200MB (=209715200) (default)
2022-11-07 13:08:50,364 [pool-295-thread-1] INFO  segmented.SegmentedRaftLogWorker (SegmentedRaftLogWorker.java:<init>(191)) - new cc281ddc-c10d-4250-8559-4debec3b143b@group-79F6478414F1-SegmentedRaftLogWorker for RaftStorageImpl:Storage Directory /home/runner/work/ozone/ozone/hadoop-ozone/integration-test/target/test-dir/MiniOzoneClusterImpl-2a90587d-8655-4e72-8ce6-1bf59b520396/datanode-9/data/ratis/980b585c-8150-4be1-b086-79f6478414f1
2022-11-07 13:08:50,364 [pool-295-thread-1] INFO  server.RaftServerConfigKeys (ConfUtils.java:logGet(46)) - raft.server.log.queue.byte-limit = 4294967296 (custom)
2022-11-07 13:08:50,364 [pool-295-thread-1] INFO  server.RaftServerConfigKeys (ConfUtils.java:logGet(46)) - raft.server.log.queue.element-limit = 1024 (custom)
2022-11-07 13:08:50,364 [pool-295-thread-1] INFO  server.RaftServerConfigKeys (ConfUtils.java:logGet(46)) - raft.server.log.segment.size.max = 1048576 (custom)
2022-11-07 13:08:50,364 [pool-295-thread-1] INFO  server.RaftServerConfigKeys (ConfUtils.java:logGet(46)) - raft.server.log.preallocated.size = 16384 (custom)
2022-11-07 13:08:50,364 [pool-295-thread-1] INFO  server.RaftServerConfigKeys (ConfUtils.java:logGet(46)) - raft.server.log.force.sync.num = 128 (default)
2022-11-07 13:08:50,364 [pool-295-thread-1] INFO  server.RaftServerConfigKeys (ConfUtils.java:logGet(46)) - raft.server.log.statemachine.data.sync = true (default)
2022-11-07 13:08:50,364 [pool-295-thread-1] INFO  server.RaftServerConfigKeys (ConfUtils.java:logGet(46)) - raft.server.log.statemachine.data.sync.timeout = 10s (default)
2022-11-07 13:08:50,365 [pool-295-thread-1] INFO  server.RaftServerConfigKeys (ConfUtils.java:logGet(46)) - raft.server.log.statemachine.data.sync.timeout.retry = -1 (default)
2022-11-07 13:08:50,366 [pool-295-thread-1] INFO  server.RaftServerConfigKeys (ConfUtils.java:logGet(46)) - raft.server.log.write.buffer.size = 1048576 (custom)
2022-11-07 13:08:50,366 [pool-295-thread-1] INFO  server.RaftServerConfigKeys (ConfUtils.java:logGet(46)) - raft.server.log.unsafe-flush.enabled = false (default)
2022-11-07 13:08:50,366 [pool-295-thread-1] INFO  server.RaftServerConfigKeys (ConfUtils.java:logGet(46)) - raft.server.log.async-flush.enabled = false (default)
2022-11-07 13:08:50,366 [pool-295-thread-1] INFO  server.RaftServerConfigKeys (ConfUtils.java:logGet(46)) - raft.server.log.statemachine.data.caching.enabled = true (custom)
2022-11-07 13:08:50,367 [pool-295-thread-1] INFO  segmented.SegmentedRaftLogWorker (SegmentedRaftLogWorker.java:lambda$new$0(136)) - cc281ddc-c10d-4250-8559-4debec3b143b@group-79F6478414F1-SegmentedRaftLogWorker: flushIndex: setUnconditionally 0 -> -1
2022-11-07 13:08:50,367 [pool-295-thread-1] INFO  segmented.SegmentedRaftLogWorker (SegmentedRaftLogWorker.java:lambda$new$0(136)) - cc281ddc-c10d-4250-8559-4debec3b143b@group-79F6478414F1-SegmentedRaftLogWorker: safeCacheEvictIndex: setUnconditionally 0 -> -1
2022-11-07 13:08:50,370 [pool-295-thread-1] INFO  server.RaftServer$Division (RaftServerImpl.java:start(334)) - cc281ddc-c10d-4250-8559-4debec3b143b@group-79F6478414F1: start as a follower, conf=-1: peers:[cc281ddc-c10d-4250-8559-4debec3b143b|rpc:10.1.0.171:39521|priority:1|startupRole:FOLLOWER]|listeners:[], old=null
2022-11-07 13:08:50,370 [pool-295-thread-1] INFO  server.RaftServer$Division (RaftServerImpl.java:setRole(321)) - cc281ddc-c10d-4250-8559-4debec3b143b@group-79F6478414F1: changes role from      null to FOLLOWER at term 0 for startAsFollower
2022-11-07 13:08:50,370 [pool-295-thread-1] INFO  impl.RoleInfo (RoleInfo.java:updateAndGet(139)) - cc281ddc-c10d-4250-8559-4debec3b143b: start cc281ddc-c10d-4250-8559-4debec3b143b@group-79F6478414F1-FollowerState
2022-11-07 13:08:50,371 [cc281ddc-c10d-4250-8559-4debec3b143b@group-79F6478414F1-FollowerState] INFO  server.RaftServerConfigKeys (ConfUtils.java:logFallback(53)) - raft.server.rpc.first-election.timeout.min = 5s (fallback to raft.server.rpc.timeout.min)
2022-11-07 13:08:50,371 [pool-295-thread-1] INFO  util.JmxRegister (JmxRegister.java:tryRegister(44)) - Successfully registered JMX Bean with object name Ratis:service=RaftServer,group=group-79F6478414F1,id=cc281ddc-c10d-4250-8559-4debec3b143b
2022-11-07 13:08:50,371 [cc281ddc-c10d-4250-8559-4debec3b143b@group-79F6478414F1-FollowerState] INFO  server.RaftServerConfigKeys (ConfUtils.java:logFallback(53)) - raft.server.rpc.first-election.timeout.max = 5200ms (fallback to raft.server.rpc.timeout.max)
2022-11-07 13:08:50,371 [pool-295-thread-1] INFO  server.RaftServerConfigKeys (ConfUtils.java:logGet(46)) - raft.server.snapshot.auto.trigger.enabled = true (custom)
2022-11-07 13:08:50,371 [pool-295-thread-1] INFO  server.RaftServerConfigKeys (ConfUtils.java:logGet(46)) - raft.server.snapshot.auto.trigger.threshold = 10000 (custom)
2022-11-07 13:08:50,371 [pool-295-thread-1] INFO  server.RaftServerConfigKeys (ConfUtils.java:logGet(46)) - raft.server.snapshot.retention.file.num = 5 (custom)
2022-11-07 13:08:50,371 [pool-295-thread-1] INFO  server.RaftServerConfigKeys (ConfUtils.java:logGet(46)) - raft.server.log.purge.upto.snapshot.index = false (default)
2022-11-07 13:08:50,372 [Command processor thread] INFO  ratis.XceiverServerRatis (XceiverServerRatis.java:addGroup(765)) - Created group PipelineID=980b585c-8150-4be1-b086-79f6478414f1
2022-11-07 13:08:50,372 [Command processor thread] INFO  commandhandler.CreatePipelineCommandHandler (CreatePipelineCommandHandler.java:handle(113)) - Created Pipeline RATIS ONE PipelineID=980b585c-8150-4be1-b086-79f6478414f1.
2022-11-07 13:08:51,330 [Listener at 127.0.0.1/42403] INFO  ozone.MiniOzoneClusterImpl (MiniOzoneClusterImpl.java:lambda$waitForClusterToBeReady$0(216)) - Nodes are ready. Got 10 of 10 DN Heartbeats.
2022-11-07 13:08:51,330 [Listener at 127.0.0.1/42403] INFO  ozone.MiniOzoneClusterImpl (MiniOzoneClusterImpl.java:lambda$waitForClusterToBeReady$0(219)) - Waiting for cluster to exit safe mode
2022-11-07 13:08:51,330 [Listener at 127.0.0.1/42403] INFO  ozone.MiniOzoneClusterImpl (MiniOzoneClusterImpl.java:lambda$waitForClusterToBeReady$0(221)) - SCM became leader
2022-11-07 13:08:51,331 [94086278-3489-4279-864e-1549830c8dca@group-1C8420390690-FollowerState] INFO  impl.FollowerState (FollowerState.java:run(143)) - 94086278-3489-4279-864e-1549830c8dca@group-1C8420390690-FollowerState: change to CANDIDATE, lastRpcElapsedTime:5051363040ns, electionTimeout:5049ms
2022-11-07 13:08:51,331 [94086278-3489-4279-864e-1549830c8dca@group-1C8420390690-FollowerState] INFO  impl.RoleInfo (RoleInfo.java:shutdownFollowerState(110)) - 94086278-3489-4279-864e-1549830c8dca: shutdown 94086278-3489-4279-864e-1549830c8dca@group-1C8420390690-FollowerState
2022-11-07 13:08:51,331 [94086278-3489-4279-864e-1549830c8dca@group-1C8420390690-FollowerState] INFO  server.RaftServer$Division (RaftServerImpl.java:setRole(321)) - 94086278-3489-4279-864e-1549830c8dca@group-1C8420390690: changes role from  FOLLOWER to CANDIDATE at term 0 for changeToCandidate
2022-11-07 13:08:51,332 [94086278-3489-4279-864e-1549830c8dca@group-1C8420390690-FollowerState] INFO  server.RaftServerConfigKeys (ConfUtils.java:logGet(46)) - raft.server.leaderelection.pre-vote = false (custom)
2022-11-07 13:08:51,332 [94086278-3489-4279-864e-1549830c8dca@group-1C8420390690-FollowerState] INFO  impl.RoleInfo (RoleInfo.java:updateAndGet(139)) - 94086278-3489-4279-864e-1549830c8dca: start 94086278-3489-4279-864e-1549830c8dca@group-1C8420390690-LeaderElection2
2022-11-07 13:08:51,338 [94086278-3489-4279-864e-1549830c8dca@group-1C8420390690-LeaderElection2] INFO  impl.LeaderElection (LeaderElection.java:askForVotes(312)) - 94086278-3489-4279-864e-1549830c8dca@group-1C8420390690-LeaderElection2 ELECTION round 0: submit vote requests at term 1 for -1: peers:[f7350d57-8232-4853-9d4b-5861d033a2e4|rpc:10.1.0.171:40541|priority:0|startupRole:FOLLOWER, 94086278-3489-4279-864e-1549830c8dca|rpc:10.1.0.171:40247|priority:1|startupRole:FOLLOWER, b6bc655b-a75f-4a95-a86c-7969b7c6987b|rpc:10.1.0.171:37153|priority:0|startupRole:FOLLOWER]|listeners:[], old=null
2022-11-07 13:08:51,344 [94086278-3489-4279-864e-1549830c8dca@group-1C8420390690-LeaderElection2-1] INFO  server.GrpcServerProtocolClient (GrpcServerProtocolClient.java:<init>(63)) - Build channel for f7350d57-8232-4853-9d4b-5861d033a2e4
2022-11-07 13:08:51,349 [94086278-3489-4279-864e-1549830c8dca@group-1C8420390690-LeaderElection2] INFO  server.RaftServerConfigKeys (ConfUtils.java:logFallback(53)) - raft.server.rpc.first-election.timeout.min = 5s (fallback to raft.server.rpc.timeout.min)
2022-11-07 13:08:51,349 [94086278-3489-4279-864e-1549830c8dca@group-1C8420390690-LeaderElection2] INFO  server.RaftServerConfigKeys (ConfUtils.java:logFallback(53)) - raft.server.rpc.first-election.timeout.max = 5200ms (fallback to raft.server.rpc.timeout.max)
2022-11-07 13:08:51,352 [94086278-3489-4279-864e-1549830c8dca@group-9130B53F7C21-FollowerState] INFO  impl.FollowerState (FollowerState.java:run(143)) - 94086278-3489-4279-864e-1549830c8dca@group-9130B53F7C21-FollowerState: change to CANDIDATE, lastRpcElapsedTime:5132973557ns, electionTimeout:5127ms
2022-11-07 13:08:51,354 [94086278-3489-4279-864e-1549830c8dca@group-9130B53F7C21-FollowerState] INFO  impl.RoleInfo (RoleInfo.java:shutdownFollowerState(110)) - 94086278-3489-4279-864e-1549830c8dca: shutdown 94086278-3489-4279-864e-1549830c8dca@group-9130B53F7C21-FollowerState
2022-11-07 13:08:51,354 [94086278-3489-4279-864e-1549830c8dca@group-9130B53F7C21-FollowerState] INFO  server.RaftServer$Division (RaftServerImpl.java:setRole(321)) - 94086278-3489-4279-864e-1549830c8dca@group-9130B53F7C21: changes role from  FOLLOWER to CANDIDATE at term 0 for changeToCandidate
2022-11-07 13:08:51,357 [94086278-3489-4279-864e-1549830c8dca@group-9130B53F7C21-FollowerState] INFO  server.RaftServerConfigKeys (ConfUtils.java:logGet(46)) - raft.server.leaderelection.pre-vote = false (custom)
2022-11-07 13:08:51,357 [94086278-3489-4279-864e-1549830c8dca@group-9130B53F7C21-FollowerState] INFO  impl.RoleInfo (RoleInfo.java:updateAndGet(139)) - 94086278-3489-4279-864e-1549830c8dca: start 94086278-3489-4279-864e-1549830c8dca@group-9130B53F7C21-LeaderElection3
2022-11-07 13:08:51,355 [94086278-3489-4279-864e-1549830c8dca@group-1C8420390690-LeaderElection2-2] INFO  server.GrpcServerProtocolClient (GrpcServerProtocolClient.java:<init>(63)) - Build channel for b6bc655b-a75f-4a95-a86c-7969b7c6987b
2022-11-07 13:08:51,368 [grpc-default-executor-0] INFO  server.RaftServer$Division (RaftServerImpl.java:requestVote(1218)) - f7350d57-8232-4853-9d4b-5861d033a2e4@group-1C8420390690: receive requestVote(ELECTION, 94086278-3489-4279-864e-1549830c8dca, group-1C8420390690, 1, (t:0, i:0))
2022-11-07 13:08:51,370 [grpc-default-executor-0] INFO  impl.VoteContext (VoteContext.java:log(48)) - f7350d57-8232-4853-9d4b-5861d033a2e4@group-1C8420390690-FOLLOWER: accept ELECTION from 94086278-3489-4279-864e-1549830c8dca: our priority 0 <= candidate's priority 1
2022-11-07 13:08:51,371 [grpc-default-executor-0] INFO  server.RaftServer$Division (RaftServerImpl.java:setRole(321)) - f7350d57-8232-4853-9d4b-5861d033a2e4@group-1C8420390690: changes role from  FOLLOWER to FOLLOWER at term 1 for candidate:94086278-3489-4279-864e-1549830c8dca
2022-11-07 13:08:51,372 [grpc-default-executor-0] INFO  impl.RoleInfo (RoleInfo.java:shutdownFollowerState(110)) - f7350d57-8232-4853-9d4b-5861d033a2e4: shutdown f7350d57-8232-4853-9d4b-5861d033a2e4@group-1C8420390690-FollowerState
2022-11-07 13:08:51,372 [f7350d57-8232-4853-9d4b-5861d033a2e4@group-1C8420390690-FollowerState] INFO  impl.FollowerState (FollowerState.java:run(152)) - f7350d57-8232-4853-9d4b-5861d033a2e4@group-1C8420390690-FollowerState was interrupted
2022-11-07 13:08:51,377 [grpc-default-executor-0] INFO  impl.RoleInfo (RoleInfo.java:updateAndGet(139)) - f7350d57-8232-4853-9d4b-5861d033a2e4: start f7350d57-8232-4853-9d4b-5861d033a2e4@group-1C8420390690-FollowerState
2022-11-07 13:08:51,386 [grpc-default-executor-1] INFO  server.RaftServer$Division (RaftServerImpl.java:requestVote(1218)) - b6bc655b-a75f-4a95-a86c-7969b7c6987b@group-1C8420390690: receive requestVote(ELECTION, 94086278-3489-4279-864e-1549830c8dca, group-1C8420390690, 1, (t:0, i:0))
2022-11-07 13:08:51,386 [grpc-default-executor-1] INFO  impl.VoteContext (VoteContext.java:log(48)) - b6bc655b-a75f-4a95-a86c-7969b7c6987b@group-1C8420390690-FOLLOWER: accept ELECTION from 94086278-3489-4279-864e-1549830c8dca: our priority 0 <= candidate's priority 1
2022-11-07 13:08:51,389 [grpc-default-executor-1] INFO  server.RaftServer$Division (RaftServerImpl.java:setRole(321)) - b6bc655b-a75f-4a95-a86c-7969b7c6987b@group-1C8420390690: changes role from  FOLLOWER to FOLLOWER at term 1 for candidate:94086278-3489-4279-864e-1549830c8dca
2022-11-07 13:08:51,389 [grpc-default-executor-1] INFO  impl.RoleInfo (RoleInfo.java:shutdownFollowerState(110)) - b6bc655b-a75f-4a95-a86c-7969b7c6987b: shutdown b6bc655b-a75f-4a95-a86c-7969b7c6987b@group-1C8420390690-FollowerState
2022-11-07 13:08:51,389 [f7350d57-8232-4853-9d4b-5861d033a2e4@group-1C8420390690-FollowerState] INFO  server.RaftServerConfigKeys (ConfUtils.java:logFallback(53)) - raft.server.rpc.first-election.timeout.min = 5s (fallback to raft.server.rpc.timeout.min)
2022-11-07 13:08:51,390 [f7350d57-8232-4853-9d4b-5861d033a2e4@group-1C8420390690-FollowerState] INFO  server.RaftServerConfigKeys (ConfUtils.java:logFallback(53)) - raft.server.rpc.first-election.timeout.max = 5200ms (fallback to raft.server.rpc.timeout.max)
2022-11-07 13:08:51,390 [grpc-default-executor-1] INFO  impl.RoleInfo (RoleInfo.java:updateAndGet(139)) - b6bc655b-a75f-4a95-a86c-7969b7c6987b: start b6bc655b-a75f-4a95-a86c-7969b7c6987b@group-1C8420390690-FollowerState
2022-11-07 13:08:51,390 [b6bc655b-a75f-4a95-a86c-7969b7c6987b@group-1C8420390690-FollowerState] INFO  impl.FollowerState (FollowerState.java:run(152)) - b6bc655b-a75f-4a95-a86c-7969b7c6987b@group-1C8420390690-FollowerState was interrupted
2022-11-07 13:08:51,392 [grpc-default-executor-0] INFO  server.RaftServer$Division (RaftServerImpl.java:requestVote(1251)) - f7350d57-8232-4853-9d4b-5861d033a2e4@group-1C8420390690 replies to ELECTION vote request: 94086278-3489-4279-864e-1549830c8dca<-f7350d57-8232-4853-9d4b-5861d033a2e4#0:OK-t1. Peer's state: f7350d57-8232-4853-9d4b-5861d033a2e4@group-1C8420390690:t1, leader=null, voted=94086278-3489-4279-864e-1549830c8dca, raftlog=Memoized:f7350d57-8232-4853-9d4b-5861d033a2e4@group-1C8420390690-SegmentedRaftLog:OPENED:c-1, conf=-1: peers:[f7350d57-8232-4853-9d4b-5861d033a2e4|rpc:10.1.0.171:40541|dataStream:|priority:0|startupRole:FOLLOWER, 94086278-3489-4279-864e-1549830c8dca|rpc:10.1.0.171:40247|dataStream:|priority:1|startupRole:FOLLOWER, b6bc655b-a75f-4a95-a86c-7969b7c6987b|rpc:10.1.0.171:37153|dataStream:|priority:0|startupRole:FOLLOWER]|listeners:[], old=null
2022-11-07 13:08:51,395 [grpc-default-executor-1] INFO  server.RaftServer$Division (RaftServerImpl.java:requestVote(1251)) - b6bc655b-a75f-4a95-a86c-7969b7c6987b@group-1C8420390690 replies to ELECTION vote request: 94086278-3489-4279-864e-1549830c8dca<-b6bc655b-a75f-4a95-a86c-7969b7c6987b#0:OK-t1. Peer's state: b6bc655b-a75f-4a95-a86c-7969b7c6987b@group-1C8420390690:t1, leader=null, voted=94086278-3489-4279-864e-1549830c8dca, raftlog=Memoized:b6bc655b-a75f-4a95-a86c-7969b7c6987b@group-1C8420390690-SegmentedRaftLog:OPENED:c-1, conf=-1: peers:[f7350d57-8232-4853-9d4b-5861d033a2e4|rpc:10.1.0.171:40541|priority:0|startupRole:FOLLOWER, 94086278-3489-4279-864e-1549830c8dca|rpc:10.1.0.171:40247|priority:1|startupRole:FOLLOWER, b6bc655b-a75f-4a95-a86c-7969b7c6987b|rpc:10.1.0.171:37153|priority:0|startupRole:FOLLOWER]|listeners:[], old=null
2022-11-07 13:08:51,389 [94086278-3489-4279-864e-1549830c8dca@group-9130B53F7C21-LeaderElection3] INFO  impl.LeaderElection (LeaderElection.java:askForVotes(312)) - 94086278-3489-4279-864e-1549830c8dca@group-9130B53F7C21-LeaderElection3 ELECTION round 0: submit vote requests at term 1 for -1: peers:[94086278-3489-4279-864e-1549830c8dca|rpc:10.1.0.171:40247|priority:1|startupRole:FOLLOWER]|listeners:[], old=null
2022-11-07 13:08:51,396 [94086278-3489-4279-864e-1549830c8dca@group-9130B53F7C21-LeaderElection3] INFO  impl.LeaderElection (LeaderElection.java:askForVotes(314)) - 94086278-3489-4279-864e-1549830c8dca@group-9130B53F7C21-LeaderElection3 ELECTION round 0: result PASSED (term=1)
2022-11-07 13:08:51,396 [94086278-3489-4279-864e-1549830c8dca@group-9130B53F7C21-LeaderElection3] INFO  impl.RoleInfo (RoleInfo.java:shutdownLeaderElection(130)) - 94086278-3489-4279-864e-1549830c8dca: shutdown 94086278-3489-4279-864e-1549830c8dca@group-9130B53F7C21-LeaderElection3
2022-11-07 13:08:51,396 [94086278-3489-4279-864e-1549830c8dca@group-9130B53F7C21-LeaderElection3] INFO  server.RaftServer$Division (RaftServerImpl.java:setRole(321)) - 94086278-3489-4279-864e-1549830c8dca@group-9130B53F7C21: changes role from CANDIDATE to LEADER at term 1 for changeToLeader
2022-11-07 13:08:51,397 [94086278-3489-4279-864e-1549830c8dca@group-9130B53F7C21-LeaderElection3] INFO  ratis.XceiverServerRatis (XceiverServerRatis.java:handleLeaderChangedNotification(863)) - Leader change notification received for group: group-9130B53F7C21 with new leaderId: 94086278-3489-4279-864e-1549830c8dca
2022-11-07 13:08:51,397 [94086278-3489-4279-864e-1549830c8dca@group-9130B53F7C21-LeaderElection3] INFO  server.RaftServer$Division (ServerState.java:setLeader(313)) - 94086278-3489-4279-864e-1549830c8dca@group-9130B53F7C21: change Leader from null to 94086278-3489-4279-864e-1549830c8dca at term 1 for becomeLeader, leader elected after 5220ms
2022-11-07 13:08:51,397 [94086278-3489-4279-864e-1549830c8dca@group-9130B53F7C21-LeaderElection3] INFO  server.RaftServerConfigKeys (ConfUtils.java:logGet(46)) - raft.server.staging.catchup.gap = 1000 (default)
2022-11-07 13:08:51,397 [94086278-3489-4279-864e-1549830c8dca@group-9130B53F7C21-LeaderElection3] INFO  server.RaftServerConfigKeys (ConfUtils.java:logGet(46)) - raft.server.write.element-limit = 1024 (custom)
2022-11-07 13:08:51,397 [94086278-3489-4279-864e-1549830c8dca@group-9130B53F7C21-LeaderElection3] INFO  server.RaftServerConfigKeys (ConfUtils.java:logGet(46)) - raft.server.write.byte-limit = 1024 M (=1073741824) (custom)
2022-11-07 13:08:51,395 [b6bc655b-a75f-4a95-a86c-7969b7c6987b@group-1C8420390690-FollowerState] INFO  server.RaftServerConfigKeys (ConfUtils.java:logFallback(53)) - raft.server.rpc.first-election.timeout.min = 5s (fallback to raft.server.rpc.timeout.min)
2022-11-07 13:08:51,398 [b6bc655b-a75f-4a95-a86c-7969b7c6987b@group-1C8420390690-FollowerState] INFO  server.RaftServerConfigKeys (ConfUtils.java:logFallback(53)) - raft.server.rpc.first-election.timeout.max = 5200ms (fallback to raft.server.rpc.timeout.max)
2022-11-07 13:08:51,398 [94086278-3489-4279-864e-1549830c8dca@group-9130B53F7C21-LeaderElection3] INFO  server.RaftServerConfigKeys (ConfUtils.java:logGet(46)) - raft.server.watch.timeout = 180s (custom)
2022-11-07 13:08:51,399 [94086278-3489-4279-864e-1549830c8dca@group-9130B53F7C21-LeaderElection3] INFO  server.RaftServerConfigKeys (ConfUtils.java:logGet(46)) - raft.server.watch.timeout.denomination = 1s (default)
2022-11-07 13:08:51,399 [94086278-3489-4279-864e-1549830c8dca@group-9130B53F7C21-LeaderElection3] INFO  server.RaftServerConfigKeys (ConfUtils.java:logGet(46)) - raft.server.watch.element-limit = 65536 (default)
2022-11-07 13:08:51,399 [94086278-3489-4279-864e-1549830c8dca@group-9130B53F7C21-LeaderElection3] INFO  server.RaftServerConfigKeys (ConfUtils.java:logGet(46)) - raft.server.write.element-limit = 1024 (custom)
2022-11-07 13:08:51,399 [94086278-3489-4279-864e-1549830c8dca@group-9130B53F7C21-LeaderElection3] INFO  server.RaftServerConfigKeys (ConfUtils.java:logGet(46)) - raft.server.write.follower.gap.ratio.max = -1.0 (default)
2022-11-07 13:08:51,399 [94086278-3489-4279-864e-1549830c8dca@group-9130B53F7C21-LeaderElection3] INFO  impl.RoleInfo (RoleInfo.java:updateAndGet(139)) - 94086278-3489-4279-864e-1549830c8dca: start 94086278-3489-4279-864e-1549830c8dca@group-9130B53F7C21-LeaderStateImpl
2022-11-07 13:08:51,400 [94086278-3489-4279-864e-1549830c8dca@group-9130B53F7C21-LeaderElection3] INFO  segmented.SegmentedRaftLogWorker (SegmentedRaftLogWorker.java:startLogSegment(452)) - 94086278-3489-4279-864e-1549830c8dca@group-9130B53F7C21-SegmentedRaftLogWorker: Starting segment from index:0
2022-11-07 13:08:51,401 [94086278-3489-4279-864e-1549830c8dca@group-9130B53F7C21-SegmentedRaftLogWorker] INFO  segmented.SegmentedRaftLogWorker (SegmentedRaftLogWorker.java:execute(656)) - 94086278-3489-4279-864e-1549830c8dca@group-9130B53F7C21-SegmentedRaftLogWorker: created new log segment /home/runner/work/ozone/ozone/hadoop-ozone/integration-test/target/test-dir/MiniOzoneClusterImpl-2a90587d-8655-4e72-8ce6-1bf59b520396/datanode-0/data/ratis/8981793f-f4fe-46b3-9db8-9130b53f7c21/current/log_inprogress_0
2022-11-07 13:08:51,400 [EventQueue-OpenPipelineForHealthyPipelineSafeModeRule] INFO  safemode.SCMSafeModeManager (HealthyPipelineSafeModeRule.java:process(137)) - SCM in safe mode. Healthy pipelines reported count is 0, required healthy pipeline reported count is 1
2022-11-07 13:08:51,410 [94086278-3489-4279-864e-1549830c8dca@group-1C8420390690-LeaderElection2] INFO  impl.LeaderElection (LeaderElection.java:logAndReturn(90)) - 94086278-3489-4279-864e-1549830c8dca@group-1C8420390690-LeaderElection2: ELECTION PASSED received 1 response(s) and 0 exception(s):
2022-11-07 13:08:51,410 [94086278-3489-4279-864e-1549830c8dca@group-1C8420390690-LeaderElection2] INFO  impl.LeaderElection (LeaderElection.java:logAndReturn(94)) -   Response 0: 94086278-3489-4279-864e-1549830c8dca<-b6bc655b-a75f-4a95-a86c-7969b7c6987b#0:OK-t1
2022-11-07 13:08:51,410 [94086278-3489-4279-864e-1549830c8dca@group-1C8420390690-LeaderElection2] INFO  impl.LeaderElection (LeaderElection.java:askForVotes(314)) - 94086278-3489-4279-864e-1549830c8dca@group-1C8420390690-LeaderElection2 ELECTION round 0: result PASSED
2022-11-07 13:08:51,410 [94086278-3489-4279-864e-1549830c8dca@group-1C8420390690-LeaderElection2] INFO  impl.RoleInfo (RoleInfo.java:shutdownLeaderElection(130)) - 94086278-3489-4279-864e-1549830c8dca: shutdown 94086278-3489-4279-864e-1549830c8dca@group-1C8420390690-LeaderElection2
2022-11-07 13:08:51,410 [94086278-3489-4279-864e-1549830c8dca@group-1C8420390690-LeaderElection2] INFO  server.RaftServer$Division (RaftServerImpl.java:setRole(321)) - 94086278-3489-4279-864e-1549830c8dca@group-1C8420390690: changes role from CANDIDATE to LEADER at term 1 for changeToLeader
2022-11-07 13:08:51,410 [94086278-3489-4279-864e-1549830c8dca@group-9130B53F7C21-LeaderElection3] INFO  server.RaftServer$Division (ServerState.java:setRaftConf(430)) - 94086278-3489-4279-864e-1549830c8dca@group-9130B53F7C21: set configuration 0: peers:[94086278-3489-4279-864e-1549830c8dca|rpc:10.1.0.171:40247|dataStream:|priority:1|startupRole:FOLLOWER]|listeners:[], old=null
2022-11-07 13:08:51,410 [94086278-3489-4279-864e-1549830c8dca@group-1C8420390690-LeaderElection2] INFO  ratis.XceiverServerRatis (XceiverServerRatis.java:handleLeaderChangedNotification(863)) - Leader change notification received for group: group-1C8420390690 with new leaderId: 94086278-3489-4279-864e-1549830c8dca
2022-11-07 13:08:51,411 [94086278-3489-4279-864e-1549830c8dca@group-1C8420390690-LeaderElection2] INFO  server.RaftServer$Division (ServerState.java:setLeader(313)) - 94086278-3489-4279-864e-1549830c8dca@group-1C8420390690: change Leader from null to 94086278-3489-4279-864e-1549830c8dca at term 1 for becomeLeader, leader elected after 5161ms
2022-11-07 13:08:51,411 [94086278-3489-4279-864e-1549830c8dca@group-1C8420390690-LeaderElection2] INFO  server.RaftServerConfigKeys (ConfUtils.java:logGet(46)) - raft.server.staging.catchup.gap = 1000 (default)
2022-11-07 13:08:51,411 [94086278-3489-4279-864e-1549830c8dca@group-1C8420390690-LeaderElection2] INFO  server.RaftServerConfigKeys (ConfUtils.java:logGet(46)) - raft.server.write.element-limit = 1024 (custom)
2022-11-07 13:08:51,412 [94086278-3489-4279-864e-1549830c8dca@group-1C8420390690-LeaderElection2] INFO  server.RaftServerConfigKeys (ConfUtils.java:logGet(46)) - raft.server.write.byte-limit = 1024 M (=1073741824) (custom)
2022-11-07 13:08:51,412 [94086278-3489-4279-864e-1549830c8dca@group-1C8420390690-LeaderElection2] INFO  server.RaftServerConfigKeys (ConfUtils.java:logGet(46)) - raft.server.watch.timeout = 180s (custom)
2022-11-07 13:08:51,412 [94086278-3489-4279-864e-1549830c8dca@group-1C8420390690-LeaderElection2] INFO  server.RaftServerConfigKeys (ConfUtils.java:logGet(46)) - raft.server.watch.timeout.denomination = 1s (default)
2022-11-07 13:08:51,412 [94086278-3489-4279-864e-1549830c8dca@group-1C8420390690-LeaderElection2] INFO  server.RaftServerConfigKeys (ConfUtils.java:logGet(46)) - raft.server.watch.element-limit = 65536 (default)
2022-11-07 13:08:51,412 [94086278-3489-4279-864e-1549830c8dca@group-1C8420390690-LeaderElection2] INFO  server.RaftServerConfigKeys (ConfUtils.java:logGet(46)) - raft.server.write.element-limit = 1024 (custom)
2022-11-07 13:08:51,412 [94086278-3489-4279-864e-1549830c8dca@group-1C8420390690-LeaderElection2] INFO  server.RaftServerConfigKeys (ConfUtils.java:logGet(46)) - raft.server.write.follower.gap.ratio.max = -1.0 (default)
2022-11-07 13:08:51,416 [EventQueue-PipelineReportForPipelineReportHandler] INFO  pipeline.PipelineManagerImpl (PipelineManagerImpl.java:openPipeline(367)) - Pipeline Pipeline[ Id: e4083e02-8768-4cbf-b290-1c8420390690, Nodes: f7350d57-8232-4853-9d4b-5861d033a2e4{ip: 10.1.0.171, host: fv-az255-291.sbdzdnwsxtye1lzl1wgdhvzhwg.dx.internal.cloudapp.net, ports: [REPLICATION=39259, RATIS=40541, RATIS_ADMIN=40541, RATIS_SERVER=40541, STANDALONE=39243], networkLocation: /default-rack, certSerialId: null, persistedOpState: IN_SERVICE, persistedOpStateExpiryEpochSec: 0}b6bc655b-a75f-4a95-a86c-7969b7c6987b{ip: 10.1.0.171, host: fv-az255-291.sbdzdnwsxtye1lzl1wgdhvzhwg.dx.internal.cloudapp.net, ports: [REPLICATION=43689, RATIS=37153, RATIS_ADMIN=37153, RATIS_SERVER=37153, STANDALONE=43049], networkLocation: /default-rack, certSerialId: null, persistedOpState: IN_SERVICE, persistedOpStateExpiryEpochSec: 0}94086278-3489-4279-864e-1549830c8dca{ip: 10.1.0.171, host: fv-az255-291.sbdzdnwsxtye1lzl1wgdhvzhwg.dx.internal.cloudapp.net, ports: [REPLICATION=38083, RATIS=40247, RATIS_ADMIN=40247, RATIS_SERVER=40247, STANDALONE=39795], networkLocation: /default-rack, certSerialId: null, persistedOpState: IN_SERVICE, persistedOpStateExpiryEpochSec: 0}, ReplicationConfig: RATIS/THREE, State:ALLOCATED, leaderId:94086278-3489-4279-864e-1549830c8dca, CreationTimestamp2022-11-07T13:08:44.260Z[Etc/UTC]] moved to OPEN state
2022-11-07 13:08:51,416 [EventQueue-OpenPipelineForHealthyPipelineSafeModeRule] INFO  safemode.SCMSafeModeManager (HealthyPipelineSafeModeRule.java:process(137)) - SCM in safe mode. Healthy pipelines reported count is 1, required healthy pipeline reported count is 1
2022-11-07 13:08:51,416 [EventQueue-OpenPipelineForHealthyPipelineSafeModeRule] INFO  safemode.SCMSafeModeManager (SCMSafeModeManager.java:validateSafeModeExitRules(204)) - HealthyPipelineSafeModeRule rule is successfully validated
2022-11-07 13:08:51,416 [EventQueue-OpenPipelineForHealthyPipelineSafeModeRule] INFO  safemode.SCMSafeModeManager (SCMSafeModeManager.java:validateSafeModeExitRules(219)) - ScmSafeModeManager, all rules are successfully validated
2022-11-07 13:08:51,416 [EventQueue-OpenPipelineForHealthyPipelineSafeModeRule] INFO  safemode.SCMSafeModeManager (SCMSafeModeManager.java:exitSafeMode(248)) - SCM exiting safe mode.
2022-11-07 13:08:51,416 [EventQueue-OpenPipelineForHealthyPipelineSafeModeRule] WARN  events.EventQueue (EventQueue.java:fireEvent(216)) - No event handler registered for event TypedEvent{payloadType=SafeModeStatus, name='Safe mode status'}
2022-11-07 13:08:51,417 [EventQueue-OpenPipelineForHealthyPipelineSafeModeRule] INFO  ha.SCMContext (SCMContext.java:updateSafeModeStatus(228)) - Update SafeModeStatus from SafeModeStatus{safeModeStatus=true, preCheckPassed=true} to SafeModeStatus{safeModeStatus=false, preCheckPassed=true}.
2022-11-07 13:08:51,417 [EventQueue-OpenPipelineForHealthyPipelineSafeModeRule] INFO  pipeline.BackgroundPipelineCreator (BackgroundPipelineCreator.java:notifyStatusChanged(254)) - Service BackgroundPipelineCreator transitions to RUNNING.
2022-11-07 13:08:51,417 [EventQueue-OpenPipelineForHealthyPipelineSafeModeRule] INFO  BackgroundPipelineScrubber (BackgroundSCMService.java:notifyStatusChanged(82)) - Service BackgroundPipelineScrubber transitions to RUNNING.
2022-11-07 13:08:51,417 [EventQueue-OpenPipelineForHealthyPipelineSafeModeRule] INFO  ExpiredContainerReplicaOpScrubber (BackgroundSCMService.java:notifyStatusChanged(82)) - Service ExpiredContainerReplicaOpScrubber transitions to RUNNING.
2022-11-07 13:08:51,417 [EventQueue-OpenPipelineForHealthyPipelineSafeModeRule] INFO  replication.ReplicationManager (ReplicationManager.java:notifyStatusChanged(798)) - Service ReplicationManager transitions to RUNNING.
2022-11-07 13:08:51,422 [EventQueue-OpenPipelineForHealthyPipelineSafeModeRule] WARN  balancer.ContainerBalancer (ContainerBalancer.java:shouldRun(131)) - Could not find persisted configuration for ContainerBalancer when checking if ContainerBalancer should run. ContainerBalancer should not run now.
2022-11-07 13:08:51,435 [94086278-3489-4279-864e-1549830c8dca@group-1C8420390690-LeaderElection2] INFO  server.RaftServerConfigKeys (ConfUtils.java:logGet(46)) - raft.server.log.appender.snapshot.chunk.size.max = 16MB (=16777216) (default)
2022-11-07 13:08:51,435 [94086278-3489-4279-864e-1549830c8dca@group-1C8420390690-LeaderElection2] INFO  server.RaftServerConfigKeys (ConfUtils.java:logGet(46)) - raft.server.log.appender.buffer.byte-limit = 33554432 (custom)
2022-11-07 13:08:51,436 [94086278-3489-4279-864e-1549830c8dca@group-1C8420390690-LeaderElection2] INFO  server.RaftServerConfigKeys (ConfUtils.java:logGet(46)) - raft.server.log.appender.buffer.element-limit = 1 (custom)
2022-11-07 13:08:51,438 [94086278-3489-4279-864e-1549830c8dca@group-1C8420390690-LeaderElection2] INFO  grpc.GrpcConfigKeys (ConfUtils.java:logGet(46)) - raft.grpc.server.leader.outstanding.appends.max = 128 (default)
2022-11-07 13:08:51,439 [94086278-3489-4279-864e-1549830c8dca@group-1C8420390690-LeaderElection2] INFO  server.RaftServerConfigKeys (ConfUtils.java:logGet(46)) - raft.server.rpc.request.timeout = 60s (custom)
2022-11-07 13:08:51,439 [94086278-3489-4279-864e-1549830c8dca@group-1C8420390690-LeaderElection2] INFO  server.RaftServerConfigKeys (ConfUtils.java:logGet(46)) - raft.server.log.appender.install.snapshot.enabled = false (custom)
2022-11-07 13:08:51,439 [94086278-3489-4279-864e-1549830c8dca@group-1C8420390690-LeaderElection2] INFO  grpc.GrpcConfigKeys (ConfUtils.java:logGet(46)) - raft.grpc.server.heartbeat.channel = true (default)
2022-11-07 13:08:51,439 [94086278-3489-4279-864e-1549830c8dca@group-1C8420390690-LeaderElection2] INFO  server.RaftServerConfigKeys (ConfUtils.java:logGet(46)) - raft.server.log.appender.wait-time.min = 10ms (default)
2022-11-07 13:08:51,441 [94086278-3489-4279-864e-1549830c8dca@group-1C8420390690-LeaderElection2] INFO  server.RaftServerConfigKeys (ConfUtils.java:logGet(46)) - raft.server.log.appender.snapshot.chunk.size.max = 16MB (=16777216) (default)
2022-11-07 13:08:51,441 [94086278-3489-4279-864e-1549830c8dca@group-1C8420390690-LeaderElection2] INFO  server.RaftServerConfigKeys (ConfUtils.java:logGet(46)) - raft.server.log.appender.buffer.byte-limit = 33554432 (custom)
2022-11-07 13:08:51,442 [94086278-3489-4279-864e-1549830c8dca@group-1C8420390690-LeaderElection2] INFO  server.RaftServerConfigKeys (ConfUtils.java:logGet(46)) - raft.server.log.appender.buffer.element-limit = 1 (custom)
2022-11-07 13:08:51,442 [94086278-3489-4279-864e-1549830c8dca@group-1C8420390690-LeaderElection2] INFO  grpc.GrpcConfigKeys (ConfUtils.java:logGet(46)) - raft.grpc.server.leader.outstanding.appends.max = 128 (default)
2022-11-07 13:08:51,442 [94086278-3489-4279-864e-1549830c8dca@group-1C8420390690-LeaderElection2] INFO  server.RaftServerConfigKeys (ConfUtils.java:logGet(46)) - raft.server.rpc.request.timeout = 60s (custom)
2022-11-07 13:08:51,442 [94086278-3489-4279-864e-1549830c8dca@group-1C8420390690-LeaderElection2] INFO  server.RaftServerConfigKeys (ConfUtils.java:logGet(46)) - raft.server.log.appender.install.snapshot.enabled = false (custom)
2022-11-07 13:08:51,442 [94086278-3489-4279-864e-1549830c8dca@group-1C8420390690-LeaderElection2] INFO  grpc.GrpcConfigKeys (ConfUtils.java:logGet(46)) - raft.grpc.server.heartbeat.channel = true (default)
2022-11-07 13:08:51,442 [94086278-3489-4279-864e-1549830c8dca@group-1C8420390690-LeaderElection2] INFO  server.RaftServerConfigKeys (ConfUtils.java:logGet(46)) - raft.server.log.appender.wait-time.min = 10ms (default)
2022-11-07 13:08:51,443 [94086278-3489-4279-864e-1549830c8dca@group-1C8420390690-LeaderElection2] INFO  impl.RoleInfo (RoleInfo.java:updateAndGet(139)) - 94086278-3489-4279-864e-1549830c8dca: start 94086278-3489-4279-864e-1549830c8dca@group-1C8420390690-LeaderStateImpl
2022-11-07 13:08:51,444 [94086278-3489-4279-864e-1549830c8dca@group-1C8420390690-LeaderElection2] INFO  segmented.SegmentedRaftLogWorker (SegmentedRaftLogWorker.java:startLogSegment(452)) - 94086278-3489-4279-864e-1549830c8dca@group-1C8420390690-SegmentedRaftLogWorker: Starting segment from index:0
2022-11-07 13:08:51,445 [94086278-3489-4279-864e-1549830c8dca@group-1C8420390690-SegmentedRaftLogWorker] INFO  segmented.SegmentedRaftLogWorker (SegmentedRaftLogWorker.java:execute(656)) - 94086278-3489-4279-864e-1549830c8dca@group-1C8420390690-SegmentedRaftLogWorker: created new log segment /home/runner/work/ozone/ozone/hadoop-ozone/integration-test/target/test-dir/MiniOzoneClusterImpl-2a90587d-8655-4e72-8ce6-1bf59b520396/datanode-0/data/ratis/e4083e02-8768-4cbf-b290-1c8420390690/current/log_inprogress_0
2022-11-07 13:08:51,469 [94086278-3489-4279-864e-1549830c8dca@group-1C8420390690-LeaderElection2] INFO  server.RaftServer$Division (ServerState.java:setRaftConf(430)) - 94086278-3489-4279-864e-1549830c8dca@group-1C8420390690: set configuration 0: peers:[f7350d57-8232-4853-9d4b-5861d033a2e4|rpc:10.1.0.171:40541|dataStream:|priority:0|startupRole:FOLLOWER, 94086278-3489-4279-864e-1549830c8dca|rpc:10.1.0.171:40247|dataStream:|priority:1|startupRole:FOLLOWER, b6bc655b-a75f-4a95-a86c-7969b7c6987b|rpc:10.1.0.171:37153|dataStream:|priority:0|startupRole:FOLLOWER]|listeners:[], old=null
2022-11-07 13:08:51,519 [f7350d57-8232-4853-9d4b-5861d033a2e4-server-thread1] INFO  ratis.XceiverServerRatis (XceiverServerRatis.java:handleLeaderChangedNotification(863)) - Leader change notification received for group: group-1C8420390690 with new leaderId: 94086278-3489-4279-864e-1549830c8dca
2022-11-07 13:08:51,520 [f7350d57-8232-4853-9d4b-5861d033a2e4-server-thread1] INFO  server.RaftServer$Division (ServerState.java:setLeader(313)) - f7350d57-8232-4853-9d4b-5861d033a2e4@group-1C8420390690: change Leader from null to 94086278-3489-4279-864e-1549830c8dca at term 1 for appendEntries, leader elected after 4465ms
2022-11-07 13:08:51,521 [b6bc655b-a75f-4a95-a86c-7969b7c6987b-server-thread1] INFO  ratis.XceiverServerRatis (XceiverServerRatis.java:handleLeaderChangedNotification(863)) - Leader change notification received for group: group-1C8420390690 with new leaderId: 94086278-3489-4279-864e-1549830c8dca
2022-11-07 13:08:51,521 [b6bc655b-a75f-4a95-a86c-7969b7c6987b-server-thread1] INFO  server.RaftServer$Division (ServerState.java:setLeader(313)) - b6bc655b-a75f-4a95-a86c-7969b7c6987b@group-1C8420390690: change Leader from null to 94086278-3489-4279-864e-1549830c8dca at term 1 for appendEntries, leader elected after 4658ms
2022-11-07 13:08:51,565 [b6bc655b-a75f-4a95-a86c-7969b7c6987b-server-thread3] INFO  server.RaftServer$Division (ServerState.java:setRaftConf(430)) - b6bc655b-a75f-4a95-a86c-7969b7c6987b@group-1C8420390690: set configuration 0: peers:[f7350d57-8232-4853-9d4b-5861d033a2e4|rpc:10.1.0.171:40541|dataStream:|priority:0|startupRole:FOLLOWER, 94086278-3489-4279-864e-1549830c8dca|rpc:10.1.0.171:40247|dataStream:|priority:1|startupRole:FOLLOWER, b6bc655b-a75f-4a95-a86c-7969b7c6987b|rpc:10.1.0.171:37153|dataStream:|priority:0|startupRole:FOLLOWER]|listeners:[], old=null
2022-11-07 13:08:51,566 [b6bc655b-a75f-4a95-a86c-7969b7c6987b-server-thread3] INFO  segmented.SegmentedRaftLogWorker (SegmentedRaftLogWorker.java:startLogSegment(452)) - b6bc655b-a75f-4a95-a86c-7969b7c6987b@group-1C8420390690-SegmentedRaftLogWorker: Starting segment from index:0
2022-11-07 13:08:51,570 [b6bc655b-a75f-4a95-a86c-7969b7c6987b@group-1C8420390690-SegmentedRaftLogWorker] INFO  segmented.SegmentedRaftLogWorker (SegmentedRaftLogWorker.java:execute(656)) - b6bc655b-a75f-4a95-a86c-7969b7c6987b@group-1C8420390690-SegmentedRaftLogWorker: created new log segment /home/runner/work/ozone/ozone/hadoop-ozone/integration-test/target/test-dir/MiniOzoneClusterImpl-2a90587d-8655-4e72-8ce6-1bf59b520396/datanode-1/data/ratis/e4083e02-8768-4cbf-b290-1c8420390690/current/log_inprogress_0
2022-11-07 13:08:51,572 [f7350d57-8232-4853-9d4b-5861d033a2e4-server-thread2] INFO  server.RaftServer$Division (ServerState.java:setRaftConf(430)) - f7350d57-8232-4853-9d4b-5861d033a2e4@group-1C8420390690: set configuration 0: peers:[f7350d57-8232-4853-9d4b-5861d033a2e4|rpc:10.1.0.171:40541|dataStream:|priority:0|startupRole:FOLLOWER, 94086278-3489-4279-864e-1549830c8dca|rpc:10.1.0.171:40247|dataStream:|priority:1|startupRole:FOLLOWER, b6bc655b-a75f-4a95-a86c-7969b7c6987b|rpc:10.1.0.171:37153|dataStream:|priority:0|startupRole:FOLLOWER]|listeners:[], old=null
2022-11-07 13:08:51,572 [f7350d57-8232-4853-9d4b-5861d033a2e4-server-thread2] INFO  segmented.SegmentedRaftLogWorker (SegmentedRaftLogWorker.java:startLogSegment(452)) - f7350d57-8232-4853-9d4b-5861d033a2e4@group-1C8420390690-SegmentedRaftLogWorker: Starting segment from index:0
2022-11-07 13:08:51,575 [f7350d57-8232-4853-9d4b-5861d033a2e4@group-1C8420390690-SegmentedRaftLogWorker] INFO  segmented.SegmentedRaftLogWorker (SegmentedRaftLogWorker.java:execute(656)) - f7350d57-8232-4853-9d4b-5861d033a2e4@group-1C8420390690-SegmentedRaftLogWorker: created new log segment /home/runner/work/ozone/ozone/hadoop-ozone/integration-test/target/test-dir/MiniOzoneClusterImpl-2a90587d-8655-4e72-8ce6-1bf59b520396/datanode-2/data/ratis/e4083e02-8768-4cbf-b290-1c8420390690/current/log_inprogress_0
2022-11-07 13:08:51,940 [b6bc655b-a75f-4a95-a86c-7969b7c6987b@group-6960E46847BC-FollowerState] INFO  impl.FollowerState (FollowerState.java:run(143)) - b6bc655b-a75f-4a95-a86c-7969b7c6987b@group-6960E46847BC-FollowerState: change to CANDIDATE, lastRpcElapsedTime:5096560761ns, electionTimeout:5066ms
2022-11-07 13:08:51,941 [b6bc655b-a75f-4a95-a86c-7969b7c6987b@group-6960E46847BC-FollowerState] INFO  impl.RoleInfo (RoleInfo.java:shutdownFollowerState(110)) - b6bc655b-a75f-4a95-a86c-7969b7c6987b: shutdown b6bc655b-a75f-4a95-a86c-7969b7c6987b@group-6960E46847BC-FollowerState
2022-11-07 13:08:51,941 [b6bc655b-a75f-4a95-a86c-7969b7c6987b@group-6960E46847BC-FollowerState] INFO  server.RaftServer$Division (RaftServerImpl.java:setRole(321)) - b6bc655b-a75f-4a95-a86c-7969b7c6987b@group-6960E46847BC: changes role from  FOLLOWER to CANDIDATE at term 0 for changeToCandidate
2022-11-07 13:08:51,941 [b6bc655b-a75f-4a95-a86c-7969b7c6987b@group-6960E46847BC-FollowerState] INFO  server.RaftServerConfigKeys (ConfUtils.java:logGet(46)) - raft.server.leaderelection.pre-vote = false (custom)
2022-11-07 13:08:51,941 [b6bc655b-a75f-4a95-a86c-7969b7c6987b@group-6960E46847BC-FollowerState] INFO  impl.RoleInfo (RoleInfo.java:updateAndGet(139)) - b6bc655b-a75f-4a95-a86c-7969b7c6987b: start b6bc655b-a75f-4a95-a86c-7969b7c6987b@group-6960E46847BC-LeaderElection4
2022-11-07 13:08:51,946 [b6bc655b-a75f-4a95-a86c-7969b7c6987b@group-6960E46847BC-LeaderElection4] INFO  impl.LeaderElection (LeaderElection.java:askForVotes(312)) - b6bc655b-a75f-4a95-a86c-7969b7c6987b@group-6960E46847BC-LeaderElection4 ELECTION round 0: submit vote requests at term 1 for -1: peers:[b6bc655b-a75f-4a95-a86c-7969b7c6987b|rpc:10.1.0.171:37153|priority:1|startupRole:FOLLOWER]|listeners:[], old=null
2022-11-07 13:08:51,947 [b6bc655b-a75f-4a95-a86c-7969b7c6987b@group-6960E46847BC-LeaderElection4] INFO  impl.LeaderElection (LeaderElection.java:askForVotes(314)) - b6bc655b-a75f-4a95-a86c-7969b7c6987b@group-6960E46847BC-LeaderElection4 ELECTION round 0: result PASSED (term=1)
2022-11-07 13:08:51,947 [b6bc655b-a75f-4a95-a86c-7969b7c6987b@group-6960E46847BC-LeaderElection4] INFO  impl.RoleInfo (RoleInfo.java:shutdownLeaderElection(130)) - b6bc655b-a75f-4a95-a86c-7969b7c6987b: shutdown b6bc655b-a75f-4a95-a86c-7969b7c6987b@group-6960E46847BC-LeaderElection4
2022-11-07 13:08:51,947 [b6bc655b-a75f-4a95-a86c-7969b7c6987b@group-6960E46847BC-LeaderElection4] INFO  server.RaftServer$Division (RaftServerImpl.java:setRole(321)) - b6bc655b-a75f-4a95-a86c-7969b7c6987b@group-6960E46847BC: changes role from CANDIDATE to LEADER at term 1 for changeToLeader
2022-11-07 13:08:51,947 [b6bc655b-a75f-4a95-a86c-7969b7c6987b@group-6960E46847BC-LeaderElection4] INFO  ratis.XceiverServerRatis (XceiverServerRatis.java:handleLeaderChangedNotification(863)) - Leader change notification received for group: group-6960E46847BC with new leaderId: b6bc655b-a75f-4a95-a86c-7969b7c6987b
2022-11-07 13:08:51,947 [b6bc655b-a75f-4a95-a86c-7969b7c6987b@group-6960E46847BC-LeaderElection4] INFO  server.RaftServer$Division (ServerState.java:setLeader(313)) - b6bc655b-a75f-4a95-a86c-7969b7c6987b@group-6960E46847BC: change Leader from null to b6bc655b-a75f-4a95-a86c-7969b7c6987b at term 1 for becomeLeader, leader elected after 5128ms
2022-11-07 13:08:51,948 [b6bc655b-a75f-4a95-a86c-7969b7c6987b@group-6960E46847BC-LeaderElection4] INFO  server.RaftServerConfigKeys (ConfUtils.java:logGet(46)) - raft.server.staging.catchup.gap = 1000 (default)
2022-11-07 13:08:51,948 [b6bc655b-a75f-4a95-a86c-7969b7c6987b@group-6960E46847BC-LeaderElection4] INFO  server.RaftServerConfigKeys (ConfUtils.java:logGet(46)) - raft.server.write.element-limit = 1024 (custom)
2022-11-07 13:08:51,951 [b6bc655b-a75f-4a95-a86c-7969b7c6987b@group-6960E46847BC-LeaderElection4] INFO  server.RaftServerConfigKeys (ConfUtils.java:logGet(46)) - raft.server.write.byte-limit = 1024 M (=1073741824) (custom)
2022-11-07 13:08:51,952 [b6bc655b-a75f-4a95-a86c-7969b7c6987b@group-6960E46847BC-LeaderElection4] INFO  server.RaftServerConfigKeys (ConfUtils.java:logGet(46)) - raft.server.watch.timeout = 180s (custom)
2022-11-07 13:08:51,952 [b6bc655b-a75f-4a95-a86c-7969b7c6987b@group-6960E46847BC-LeaderElection4] INFO  server.RaftServerConfigKeys (ConfUtils.java:logGet(46)) - raft.server.watch.timeout.denomination = 1s (default)
2022-11-07 13:08:51,952 [b6bc655b-a75f-4a95-a86c-7969b7c6987b@group-6960E46847BC-LeaderElection4] INFO  server.RaftServerConfigKeys (ConfUtils.java:logGet(46)) - raft.server.watch.element-limit = 65536 (default)
2022-11-07 13:08:51,952 [b6bc655b-a75f-4a95-a86c-7969b7c6987b@group-6960E46847BC-LeaderElection4] INFO  server.RaftServerConfigKeys (ConfUtils.java:logGet(46)) - raft.server.write.element-limit = 1024 (custom)
2022-11-07 13:08:51,952 [b6bc655b-a75f-4a95-a86c-7969b7c6987b@group-6960E46847BC-LeaderElection4] INFO  server.RaftServerConfigKeys (ConfUtils.java:logGet(46)) - raft.server.write.follower.gap.ratio.max = -1.0 (default)
2022-11-07 13:08:51,952 [b6bc655b-a75f-4a95-a86c-7969b7c6987b@group-6960E46847BC-LeaderElection4] INFO  impl.RoleInfo (RoleInfo.java:updateAndGet(139)) - b6bc655b-a75f-4a95-a86c-7969b7c6987b: start b6bc655b-a75f-4a95-a86c-7969b7c6987b@group-6960E46847BC-LeaderStateImpl
2022-11-07 13:08:51,953 [b6bc655b-a75f-4a95-a86c-7969b7c6987b@group-6960E46847BC-LeaderElection4] INFO  segmented.SegmentedRaftLogWorker (SegmentedRaftLogWorker.java:startLogSegment(452)) - b6bc655b-a75f-4a95-a86c-7969b7c6987b@group-6960E46847BC-SegmentedRaftLogWorker: Starting segment from index:0
2022-11-07 13:08:51,956 [b6bc655b-a75f-4a95-a86c-7969b7c6987b@group-6960E46847BC-LeaderElection4] INFO  server.RaftServer$Division (ServerState.java:setRaftConf(430)) - b6bc655b-a75f-4a95-a86c-7969b7c6987b@group-6960E46847BC: set configuration 0: peers:[b6bc655b-a75f-4a95-a86c-7969b7c6987b|rpc:10.1.0.171:37153|dataStream:|priority:1|startupRole:FOLLOWER]|listeners:[], old=null
2022-11-07 13:08:51,957 [b6bc655b-a75f-4a95-a86c-7969b7c6987b@group-6960E46847BC-SegmentedRaftLogWorker] INFO  segmented.SegmentedRaftLogWorker (SegmentedRaftLogWorker.java:execute(656)) - b6bc655b-a75f-4a95-a86c-7969b7c6987b@group-6960E46847BC-SegmentedRaftLogWorker: created new log segment /home/runner/work/ozone/ozone/hadoop-ozone/integration-test/target/test-dir/MiniOzoneClusterImpl-2a90587d-8655-4e72-8ce6-1bf59b520396/datanode-1/data/ratis/bb321332-182a-4893-b73f-6960e46847bc/current/log_inprogress_0
2022-11-07 13:08:52,331 [Listener at 127.0.0.1/42403] INFO  ozone.MiniOzoneClusterImpl (MiniOzoneClusterImpl.java:lambda$waitForClusterToBeReady$0(216)) - Nodes are ready. Got 10 of 10 DN Heartbeats.
2022-11-07 13:08:52,331 [Listener at 127.0.0.1/42403] INFO  ozone.MiniOzoneClusterImpl (MiniOzoneClusterImpl.java:lambda$waitForClusterToBeReady$0(219)) - Cluster exits safe mode
2022-11-07 13:08:52,331 [Listener at 127.0.0.1/42403] INFO  ozone.MiniOzoneClusterImpl (MiniOzoneClusterImpl.java:lambda$waitForClusterToBeReady$0(221)) - SCM became leader
2022-11-07 13:08:52,379 [b6bc655b-a75f-4a95-a86c-7969b7c6987b@group-26F38406CDA9-FollowerState] INFO  impl.FollowerState (FollowerState.java:run(143)) - b6bc655b-a75f-4a95-a86c-7969b7c6987b@group-26F38406CDA9-FollowerState: change to CANDIDATE, lastRpcElapsedTime:5048081431ns, electionTimeout:5043ms
2022-11-07 13:08:52,380 [b6bc655b-a75f-4a95-a86c-7969b7c6987b@group-26F38406CDA9-FollowerState] INFO  impl.RoleInfo (RoleInfo.java:shutdownFollowerState(110)) - b6bc655b-a75f-4a95-a86c-7969b7c6987b: shutdown b6bc655b-a75f-4a95-a86c-7969b7c6987b@group-26F38406CDA9-FollowerState
2022-11-07 13:08:52,380 [b6bc655b-a75f-4a95-a86c-7969b7c6987b@group-26F38406CDA9-FollowerState] INFO  server.RaftServer$Division (RaftServerImpl.java:setRole(321)) - b6bc655b-a75f-4a95-a86c-7969b7c6987b@group-26F38406CDA9: changes role from  FOLLOWER to CANDIDATE at term 0 for changeToCandidate
2022-11-07 13:08:52,380 [b6bc655b-a75f-4a95-a86c-7969b7c6987b@group-26F38406CDA9-FollowerState] INFO  server.RaftServerConfigKeys (ConfUtils.java:logGet(46)) - raft.server.leaderelection.pre-vote = false (custom)
2022-11-07 13:08:52,380 [b6bc655b-a75f-4a95-a86c-7969b7c6987b@group-26F38406CDA9-FollowerState] INFO  impl.RoleInfo (RoleInfo.java:updateAndGet(139)) - b6bc655b-a75f-4a95-a86c-7969b7c6987b: start b6bc655b-a75f-4a95-a86c-7969b7c6987b@group-26F38406CDA9-LeaderElection5
2022-11-07 13:08:52,389 [94086278-3489-4279-864e-1549830c8dca@group-26F38406CDA9-FollowerState] INFO  impl.FollowerState (FollowerState.java:run(143)) - 94086278-3489-4279-864e-1549830c8dca@group-26F38406CDA9-FollowerState: change to CANDIDATE, lastRpcElapsedTime:5066554681ns, electionTimeout:5057ms
2022-11-07 13:08:52,389 [94086278-3489-4279-864e-1549830c8dca@group-26F38406CDA9-FollowerState] INFO  impl.RoleInfo (RoleInfo.java:shutdownFollowerState(110)) - 94086278-3489-4279-864e-1549830c8dca: shutdown 94086278-3489-4279-864e-1549830c8dca@group-26F38406CDA9-FollowerState
2022-11-07 13:08:52,389 [94086278-3489-4279-864e-1549830c8dca@group-26F38406CDA9-FollowerState] INFO  server.RaftServer$Division (RaftServerImpl.java:setRole(321)) - 94086278-3489-4279-864e-1549830c8dca@group-26F38406CDA9: changes role from  FOLLOWER to CANDIDATE at term 0 for changeToCandidate
2022-11-07 13:08:52,389 [94086278-3489-4279-864e-1549830c8dca@group-26F38406CDA9-FollowerState] INFO  server.RaftServerConfigKeys (ConfUtils.java:logGet(46)) - raft.server.leaderelection.pre-vote = false (custom)
2022-11-07 13:08:52,389 [94086278-3489-4279-864e-1549830c8dca@group-26F38406CDA9-FollowerState] INFO  impl.RoleInfo (RoleInfo.java:updateAndGet(139)) - 94086278-3489-4279-864e-1549830c8dca: start 94086278-3489-4279-864e-1549830c8dca@group-26F38406CDA9-LeaderElection6
2022-11-07 13:08:52,390 [b6bc655b-a75f-4a95-a86c-7969b7c6987b@group-26F38406CDA9-LeaderElection5] INFO  impl.LeaderElection (LeaderElection.java:askForVotes(312)) - b6bc655b-a75f-4a95-a86c-7969b7c6987b@group-26F38406CDA9-LeaderElection5 ELECTION round 0: submit vote requests at term 1 for -1: peers:[f7350d57-8232-4853-9d4b-5861d033a2e4|rpc:10.1.0.171:40541|priority:0|startupRole:FOLLOWER, 94086278-3489-4279-864e-1549830c8dca|rpc:10.1.0.171:40247|priority:0|startupRole:FOLLOWER, b6bc655b-a75f-4a95-a86c-7969b7c6987b|rpc:10.1.0.171:37153|priority:1|startupRole:FOLLOWER]|listeners:[], old=null
2022-11-07 13:08:52,398 [b6bc655b-a75f-4a95-a86c-7969b7c6987b@group-26F38406CDA9-LeaderElection5] INFO  server.RaftServerConfigKeys (ConfUtils.java:logFallback(53)) - raft.server.rpc.first-election.timeout.min = 5s (fallback to raft.server.rpc.timeout.min)
2022-11-07 13:08:52,398 [b6bc655b-a75f-4a95-a86c-7969b7c6987b@group-26F38406CDA9-LeaderElection5] INFO  server.RaftServerConfigKeys (ConfUtils.java:logFallback(53)) - raft.server.rpc.first-election.timeout.max = 5200ms (fallback to raft.server.rpc.timeout.max)
2022-11-07 13:08:52,399 [b6bc655b-a75f-4a95-a86c-7969b7c6987b@group-26F38406CDA9-LeaderElection5-1] INFO  server.GrpcServerProtocolClient (GrpcServerProtocolClient.java:<init>(63)) - Build channel for f7350d57-8232-4853-9d4b-5861d033a2e4
2022-11-07 13:08:52,413 [b6bc655b-a75f-4a95-a86c-7969b7c6987b@group-26F38406CDA9-LeaderElection5-2] INFO  server.GrpcServerProtocolClient (GrpcServerProtocolClient.java:<init>(63)) - Build channel for 94086278-3489-4279-864e-1549830c8dca
2022-11-07 13:08:52,423 [94086278-3489-4279-864e-1549830c8dca@group-26F38406CDA9-LeaderElection6] INFO  impl.LeaderElection (LeaderElection.java:askForVotes(312)) - 94086278-3489-4279-864e-1549830c8dca@group-26F38406CDA9-LeaderElection6 ELECTION round 0: submit vote requests at term 1 for -1: peers:[f7350d57-8232-4853-9d4b-5861d033a2e4|rpc:10.1.0.171:40541|priority:0|startupRole:FOLLOWER, 94086278-3489-4279-864e-1549830c8dca|rpc:10.1.0.171:40247|priority:0|startupRole:FOLLOWER, b6bc655b-a75f-4a95-a86c-7969b7c6987b|rpc:10.1.0.171:37153|priority:1|startupRole:FOLLOWER]|listeners:[], old=null
2022-11-07 13:08:52,430 [94086278-3489-4279-864e-1549830c8dca@group-26F38406CDA9-LeaderElection6] INFO  server.RaftServerConfigKeys (ConfUtils.java:logFallback(53)) - raft.server.rpc.first-election.timeout.min = 5s (fallback to raft.server.rpc.timeout.min)
2022-11-07 13:08:52,430 [94086278-3489-4279-864e-1549830c8dca@group-26F38406CDA9-LeaderElection6] INFO  server.RaftServerConfigKeys (ConfUtils.java:logFallback(53)) - raft.server.rpc.first-election.timeout.max = 5200ms (fallback to raft.server.rpc.timeout.max)
2022-11-07 13:08:52,433 [grpc-default-executor-3] INFO  server.RaftServer$Division (RaftServerImpl.java:requestVote(1218)) - 94086278-3489-4279-864e-1549830c8dca@group-26F38406CDA9: receive requestVote(ELECTION, b6bc655b-a75f-4a95-a86c-7969b7c6987b, group-26F38406CDA9, 1, (t:0, i:0))
2022-11-07 13:08:52,433 [grpc-default-executor-3] INFO  impl.VoteContext (VoteContext.java:log(48)) - 94086278-3489-4279-864e-1549830c8dca@group-26F38406CDA9-CANDIDATE: reject ELECTION from b6bc655b-a75f-4a95-a86c-7969b7c6987b: already has voted for 94086278-3489-4279-864e-1549830c8dca at current term 1
2022-11-07 13:08:52,433 [grpc-default-executor-3] INFO  server.RaftServer$Division (RaftServerImpl.java:requestVote(1251)) - 94086278-3489-4279-864e-1549830c8dca@group-26F38406CDA9 replies to ELECTION vote request: b6bc655b-a75f-4a95-a86c-7969b7c6987b<-94086278-3489-4279-864e-1549830c8dca#0:FAIL-t1. Peer's state: 94086278-3489-4279-864e-1549830c8dca@group-26F38406CDA9:t1, leader=null, voted=94086278-3489-4279-864e-1549830c8dca, raftlog=Memoized:94086278-3489-4279-864e-1549830c8dca@group-26F38406CDA9-SegmentedRaftLog:OPENED:c-1, conf=-1: peers:[f7350d57-8232-4853-9d4b-5861d033a2e4|rpc:10.1.0.171:40541|priority:0|startupRole:FOLLOWER, 94086278-3489-4279-864e-1549830c8dca|rpc:10.1.0.171:40247|priority:0|startupRole:FOLLOWER, b6bc655b-a75f-4a95-a86c-7969b7c6987b|rpc:10.1.0.171:37153|priority:1|startupRole:FOLLOWER]|listeners:[], old=null
2022-11-07 13:08:52,434 [grpc-default-executor-2] INFO  server.RaftServer$Division (RaftServerImpl.java:requestVote(1218)) - f7350d57-8232-4853-9d4b-5861d033a2e4@group-26F38406CDA9: receive requestVote(ELECTION, b6bc655b-a75f-4a95-a86c-7969b7c6987b, group-26F38406CDA9, 1, (t:0, i:0))
2022-11-07 13:08:52,434 [grpc-default-executor-2] INFO  impl.VoteContext (VoteContext.java:log(48)) - f7350d57-8232-4853-9d4b-5861d033a2e4@group-26F38406CDA9-FOLLOWER: accept ELECTION from b6bc655b-a75f-4a95-a86c-7969b7c6987b: our priority 0 <= candidate's priority 1
2022-11-07 13:08:52,434 [grpc-default-executor-2] INFO  server.RaftServer$Division (RaftServerImpl.java:setRole(321)) - f7350d57-8232-4853-9d4b-5861d033a2e4@group-26F38406CDA9: changes role from  FOLLOWER to FOLLOWER at term 1 for candidate:b6bc655b-a75f-4a95-a86c-7969b7c6987b
2022-11-07 13:08:52,434 [grpc-default-executor-2] INFO  impl.RoleInfo (RoleInfo.java:shutdownFollowerState(110)) - f7350d57-8232-4853-9d4b-5861d033a2e4: shutdown f7350d57-8232-4853-9d4b-5861d033a2e4@group-26F38406CDA9-FollowerState
2022-11-07 13:08:52,434 [grpc-default-executor-2] INFO  impl.RoleInfo (RoleInfo.java:updateAndGet(139)) - f7350d57-8232-4853-9d4b-5861d033a2e4: start f7350d57-8232-4853-9d4b-5861d033a2e4@group-26F38406CDA9-FollowerState
2022-11-07 13:08:52,434 [f7350d57-8232-4853-9d4b-5861d033a2e4@group-26F38406CDA9-FollowerState] INFO  impl.FollowerState (FollowerState.java:run(152)) - f7350d57-8232-4853-9d4b-5861d033a2e4@group-26F38406CDA9-FollowerState was interrupted
2022-11-07 13:08:52,440 [grpc-default-executor-2] INFO  server.RaftServer$Division (RaftServerImpl.java:requestVote(1251)) - f7350d57-8232-4853-9d4b-5861d033a2e4@group-26F38406CDA9 replies to ELECTION vote request: b6bc655b-a75f-4a95-a86c-7969b7c6987b<-f7350d57-8232-4853-9d4b-5861d033a2e4#0:OK-t1. Peer's state: f7350d57-8232-4853-9d4b-5861d033a2e4@group-26F38406CDA9:t1, leader=null, voted=b6bc655b-a75f-4a95-a86c-7969b7c6987b, raftlog=Memoized:f7350d57-8232-4853-9d4b-5861d033a2e4@group-26F38406CDA9-SegmentedRaftLog:OPENED:c-1, conf=-1: peers:[f7350d57-8232-4853-9d4b-5861d033a2e4|rpc:10.1.0.171:40541|priority:0|startupRole:FOLLOWER, 94086278-3489-4279-864e-1549830c8dca|rpc:10.1.0.171:40247|priority:0|startupRole:FOLLOWER, b6bc655b-a75f-4a95-a86c-7969b7c6987b|rpc:10.1.0.171:37153|priority:1|startupRole:FOLLOWER]|listeners:[], old=null
2022-11-07 13:08:52,447 [b6bc655b-a75f-4a95-a86c-7969b7c6987b@group-26F38406CDA9-LeaderElection5] INFO  impl.LeaderElection (LeaderElection.java:logAndReturn(90)) - b6bc655b-a75f-4a95-a86c-7969b7c6987b@group-26F38406CDA9-LeaderElection5: ELECTION PASSED received 2 response(s) and 0 exception(s):
2022-11-07 13:08:52,447 [b6bc655b-a75f-4a95-a86c-7969b7c6987b@group-26F38406CDA9-LeaderElection5] INFO  impl.LeaderElection (LeaderElection.java:logAndReturn(94)) -   Response 0: b6bc655b-a75f-4a95-a86c-7969b7c6987b<-f7350d57-8232-4853-9d4b-5861d033a2e4#0:OK-t1
2022-11-07 13:08:52,447 [b6bc655b-a75f-4a95-a86c-7969b7c6987b@group-26F38406CDA9-LeaderElection5] INFO  impl.LeaderElection (LeaderElection.java:logAndReturn(94)) -   Response 1: b6bc655b-a75f-4a95-a86c-7969b7c6987b<-94086278-3489-4279-864e-1549830c8dca#0:FAIL-t1
2022-11-07 13:08:52,448 [b6bc655b-a75f-4a95-a86c-7969b7c6987b@group-26F38406CDA9-LeaderElection5] INFO  impl.LeaderElection (LeaderElection.java:askForVotes(314)) - b6bc655b-a75f-4a95-a86c-7969b7c6987b@group-26F38406CDA9-LeaderElection5 ELECTION round 0: result PASSED
2022-11-07 13:08:52,448 [b6bc655b-a75f-4a95-a86c-7969b7c6987b@group-26F38406CDA9-LeaderElection5] INFO  impl.RoleInfo (RoleInfo.java:shutdownLeaderElection(130)) - b6bc655b-a75f-4a95-a86c-7969b7c6987b: shutdown b6bc655b-a75f-4a95-a86c-7969b7c6987b@group-26F38406CDA9-LeaderElection5
2022-11-07 13:08:52,448 [b6bc655b-a75f-4a95-a86c-7969b7c6987b@group-26F38406CDA9-LeaderElection5] INFO  server.RaftServer$Division (RaftServerImpl.java:setRole(321)) - b6bc655b-a75f-4a95-a86c-7969b7c6987b@group-26F38406CDA9: changes role from CANDIDATE to LEADER at term 1 for changeToLeader
2022-11-07 13:08:52,448 [b6bc655b-a75f-4a95-a86c-7969b7c6987b@group-26F38406CDA9-LeaderElection5] INFO  ratis.XceiverServerRatis (XceiverServerRatis.java:handleLeaderChangedNotification(863)) - Leader change notification received for group: group-26F38406CDA9 with new leaderId: b6bc655b-a75f-4a95-a86c-7969b7c6987b
2022-11-07 13:08:52,448 [b6bc655b-a75f-4a95-a86c-7969b7c6987b@group-26F38406CDA9-LeaderElection5] INFO  server.RaftServer$Division (ServerState.java:setLeader(313)) - b6bc655b-a75f-4a95-a86c-7969b7c6987b@group-26F38406CDA9: change Leader from null to b6bc655b-a75f-4a95-a86c-7969b7c6987b at term 1 for becomeLeader, leader elected after 5143ms
2022-11-07 13:08:52,448 [b6bc655b-a75f-4a95-a86c-7969b7c6987b@group-26F38406CDA9-LeaderElection5] INFO  server.RaftServerConfigKeys (ConfUtils.java:logGet(46)) - raft.server.staging.catchup.gap = 1000 (default)
2022-11-07 13:08:52,449 [b6bc655b-a75f-4a95-a86c-7969b7c6987b@group-26F38406CDA9-LeaderElection5] INFO  server.RaftServerConfigKeys (ConfUtils.java:logGet(46)) - raft.server.write.element-limit = 1024 (custom)
2022-11-07 13:08:52,449 [b6bc655b-a75f-4a95-a86c-7969b7c6987b@group-26F38406CDA9-LeaderElection5] INFO  server.RaftServerConfigKeys (ConfUtils.java:logGet(46)) - raft.server.write.byte-limit = 1024 M (=1073741824) (custom)
2022-11-07 13:08:52,449 [b6bc655b-a75f-4a95-a86c-7969b7c6987b@group-26F38406CDA9-LeaderElection5] INFO  server.RaftServerConfigKeys (ConfUtils.java:logGet(46)) - raft.server.watch.timeout = 180s (custom)
2022-11-07 13:08:52,449 [b6bc655b-a75f-4a95-a86c-7969b7c6987b@group-26F38406CDA9-LeaderElection5] INFO  server.RaftServerConfigKeys (ConfUtils.java:logGet(46)) - raft.server.watch.timeout.denomination = 1s (default)
2022-11-07 13:08:52,449 [b6bc655b-a75f-4a95-a86c-7969b7c6987b@group-26F38406CDA9-LeaderElection5] INFO  server.RaftServerConfigKeys (ConfUtils.java:logGet(46)) - raft.server.watch.element-limit = 65536 (default)
2022-11-07 13:08:52,449 [b6bc655b-a75f-4a95-a86c-7969b7c6987b@group-26F38406CDA9-LeaderElection5] INFO  server.RaftServerConfigKeys (ConfUtils.java:logGet(46)) - raft.server.write.element-limit = 1024 (custom)
2022-11-07 13:08:52,449 [b6bc655b-a75f-4a95-a86c-7969b7c6987b@group-26F38406CDA9-LeaderElection5] INFO  server.RaftServerConfigKeys (ConfUtils.java:logGet(46)) - raft.server.write.follower.gap.ratio.max = -1.0 (default)
2022-11-07 13:08:52,450 [b6bc655b-a75f-4a95-a86c-7969b7c6987b@group-26F38406CDA9-LeaderElection5] INFO  server.RaftServerConfigKeys (ConfUtils.java:logGet(46)) - raft.server.log.appender.snapshot.chunk.size.max = 16MB (=16777216) (default)
2022-11-07 13:08:52,450 [b6bc655b-a75f-4a95-a86c-7969b7c6987b@group-26F38406CDA9-LeaderElection5] INFO  server.RaftServerConfigKeys (ConfUtils.java:logGet(46)) - raft.server.log.appender.buffer.byte-limit = 33554432 (custom)
2022-11-07 13:08:52,451 [EventQueue-PipelineReportForPipelineReportHandler] INFO  pipeline.PipelineManagerImpl (PipelineManagerImpl.java:openPipeline(367)) - Pipeline Pipeline[ Id: a67552b2-8b50-4423-8502-26f38406cda9, Nodes: f7350d57-8232-4853-9d4b-5861d033a2e4{ip: 10.1.0.171, host: fv-az255-291.sbdzdnwsxtye1lzl1wgdhvzhwg.dx.internal.cloudapp.net, ports: [REPLICATION=39259, RATIS=40541, RATIS_ADMIN=40541, RATIS_SERVER=40541, STANDALONE=39243], networkLocation: /default-rack, certSerialId: null, persistedOpState: IN_SERVICE, persistedOpStateExpiryEpochSec: 0}b6bc655b-a75f-4a95-a86c-7969b7c6987b{ip: 10.1.0.171, host: fv-az255-291.sbdzdnwsxtye1lzl1wgdhvzhwg.dx.internal.cloudapp.net, ports: [REPLICATION=43689, RATIS=37153, RATIS_ADMIN=37153, RATIS_SERVER=37153, STANDALONE=43049], networkLocation: /default-rack, certSerialId: null, persistedOpState: IN_SERVICE, persistedOpStateExpiryEpochSec: 0}94086278-3489-4279-864e-1549830c8dca{ip: 10.1.0.171, host: fv-az255-291.sbdzdnwsxtye1lzl1wgdhvzhwg.dx.internal.cloudapp.net, ports: [REPLICATION=38083, RATIS=40247, RATIS_ADMIN=40247, RATIS_SERVER=40247, STANDALONE=39795], networkLocation: /default-rack, certSerialId: null, persistedOpState: IN_SERVICE, persistedOpStateExpiryEpochSec: 0}, ReplicationConfig: RATIS/THREE, State:ALLOCATED, leaderId:b6bc655b-a75f-4a95-a86c-7969b7c6987b, CreationTimestamp2022-11-07T13:08:44.263Z[Etc/UTC]] moved to OPEN state
2022-11-07 13:08:52,452 [b6bc655b-a75f-4a95-a86c-7969b7c6987b@group-26F38406CDA9-LeaderElection5] INFO  server.RaftServerConfigKeys (ConfUtils.java:logGet(46)) - raft.server.log.appender.buffer.element-limit = 1 (custom)
2022-11-07 13:08:52,458 [f7350d57-8232-4853-9d4b-5861d033a2e4@group-0066D9F15E56-FollowerState] INFO  impl.FollowerState (FollowerState.java:run(143)) - f7350d57-8232-4853-9d4b-5861d033a2e4@group-0066D9F15E56-FollowerState: change to CANDIDATE, lastRpcElapsedTime:5127743043ns, electionTimeout:5106ms
2022-11-07 13:08:52,458 [f7350d57-8232-4853-9d4b-5861d033a2e4@group-26F38406CDA9-FollowerState] INFO  server.RaftServerConfigKeys (ConfUtils.java:logFallback(53)) - raft.server.rpc.first-election.timeout.min = 5s (fallback to raft.server.rpc.timeout.min)
2022-11-07 13:08:52,458 [f7350d57-8232-4853-9d4b-5861d033a2e4@group-26F38406CDA9-FollowerState] INFO  server.RaftServerConfigKeys (ConfUtils.java:logFallback(53)) - raft.server.rpc.first-election.timeout.max = 5200ms (fallback to raft.server.rpc.timeout.max)
2022-11-07 13:08:52,458 [f7350d57-8232-4853-9d4b-5861d033a2e4@group-0066D9F15E56-FollowerState] INFO  impl.RoleInfo (RoleInfo.java:shutdownFollowerState(110)) - f7350d57-8232-4853-9d4b-5861d033a2e4: shutdown f7350d57-8232-4853-9d4b-5861d033a2e4@group-0066D9F15E56-FollowerState
2022-11-07 13:08:52,458 [f7350d57-8232-4853-9d4b-5861d033a2e4@group-0066D9F15E56-FollowerState] INFO  server.RaftServer$Division (RaftServerImpl.java:setRole(321)) - f7350d57-8232-4853-9d4b-5861d033a2e4@group-0066D9F15E56: changes role from  FOLLOWER to CANDIDATE at term 0 for changeToCandidate
2022-11-07 13:08:52,458 [f7350d57-8232-4853-9d4b-5861d033a2e4@group-0066D9F15E56-FollowerState] INFO  server.RaftServerConfigKeys (ConfUtils.java:logGet(46)) - raft.server.leaderelection.pre-vote = false (custom)
2022-11-07 13:08:52,459 [f7350d57-8232-4853-9d4b-5861d033a2e4@group-0066D9F15E56-FollowerState] INFO  impl.RoleInfo (RoleInfo.java:updateAndGet(139)) - f7350d57-8232-4853-9d4b-5861d033a2e4: start f7350d57-8232-4853-9d4b-5861d033a2e4@group-0066D9F15E56-LeaderElection7
2022-11-07 13:08:52,459 [grpc-default-executor-2] INFO  server.RaftServer$Division (RaftServerImpl.java:requestVote(1218)) - f7350d57-8232-4853-9d4b-5861d033a2e4@group-26F38406CDA9: receive requestVote(ELECTION, 94086278-3489-4279-864e-1549830c8dca, group-26F38406CDA9, 1, (t:0, i:0))
2022-11-07 13:08:52,459 [grpc-default-executor-2] INFO  impl.VoteContext (VoteContext.java:log(48)) - f7350d57-8232-4853-9d4b-5861d033a2e4@group-26F38406CDA9-FOLLOWER: reject ELECTION from 94086278-3489-4279-864e-1549830c8dca: already has voted for b6bc655b-a75f-4a95-a86c-7969b7c6987b at current term 1
2022-11-07 13:08:52,459 [grpc-default-executor-2] INFO  server.RaftServer$Division (RaftServerImpl.java:requestVote(1251)) - f7350d57-8232-4853-9d4b-5861d033a2e4@group-26F38406CDA9 replies to ELECTION vote request: 94086278-3489-4279-864e-1549830c8dca<-f7350d57-8232-4853-9d4b-5861d033a2e4#0:FAIL-t1. Peer's state: f7350d57-8232-4853-9d4b-5861d033a2e4@group-26F38406CDA9:t1, leader=null, voted=b6bc655b-a75f-4a95-a86c-7969b7c6987b, raftlog=Memoized:f7350d57-8232-4853-9d4b-5861d033a2e4@group-26F38406CDA9-SegmentedRaftLog:OPENED:c-1, conf=-1: peers:[f7350d57-8232-4853-9d4b-5861d033a2e4|rpc:10.1.0.171:40541|priority:0|startupRole:FOLLOWER, 94086278-3489-4279-864e-1549830c8dca|rpc:10.1.0.171:40247|priority:0|startupRole:FOLLOWER, b6bc655b-a75f-4a95-a86c-7969b7c6987b|rpc:10.1.0.171:37153|priority:1|startupRole:FOLLOWER]|listeners:[], old=null
2022-11-07 13:08:52,460 [grpc-default-executor-3] INFO  server.RaftServer$Division (RaftServerImpl.java:requestVote(1218)) - b6bc655b-a75f-4a95-a86c-7969b7c6987b@group-26F38406CDA9: receive requestVote(ELECTION, 94086278-3489-4279-864e-1549830c8dca, group-26F38406CDA9, 1, (t:0, i:0))
2022-11-07 13:08:52,452 [b6bc655b-a75f-4a95-a86c-7969b7c6987b@group-26F38406CDA9-LeaderElection5] INFO  grpc.GrpcConfigKeys (ConfUtils.java:logGet(46)) - raft.grpc.server.leader.outstanding.appends.max = 128 (default)
2022-11-07 13:08:52,461 [b6bc655b-a75f-4a95-a86c-7969b7c6987b@group-26F38406CDA9-LeaderElection5] INFO  server.RaftServerConfigKeys (ConfUtils.java:logGet(46)) - raft.server.rpc.request.timeout = 60s (custom)
2022-11-07 13:08:52,461 [b6bc655b-a75f-4a95-a86c-7969b7c6987b@group-26F38406CDA9-LeaderElection5] INFO  server.RaftServerConfigKeys (ConfUtils.java:logGet(46)) - raft.server.log.appender.install.snapshot.enabled = false (custom)
2022-11-07 13:08:52,461 [b6bc655b-a75f-4a95-a86c-7969b7c6987b@group-26F38406CDA9-LeaderElection5] INFO  grpc.GrpcConfigKeys (ConfUtils.java:logGet(46)) - raft.grpc.server.heartbeat.channel = true (default)
2022-11-07 13:08:52,461 [b6bc655b-a75f-4a95-a86c-7969b7c6987b@group-26F38406CDA9-LeaderElection5] INFO  server.RaftServerConfigKeys (ConfUtils.java:logGet(46)) - raft.server.log.appender.wait-time.min = 10ms (default)
2022-11-07 13:08:52,462 [b6bc655b-a75f-4a95-a86c-7969b7c6987b@group-26F38406CDA9-LeaderElection5] INFO  server.RaftServerConfigKeys (ConfUtils.java:logGet(46)) - raft.server.log.appender.snapshot.chunk.size.max = 16MB (=16777216) (default)
2022-11-07 13:08:52,462 [b6bc655b-a75f-4a95-a86c-7969b7c6987b@group-26F38406CDA9-LeaderElection5] INFO  server.RaftServerConfigKeys (ConfUtils.java:logGet(46)) - raft.server.log.appender.buffer.byte-limit = 33554432 (custom)
2022-11-07 13:08:52,462 [b6bc655b-a75f-4a95-a86c-7969b7c6987b@group-26F38406CDA9-LeaderElection5] INFO  server.RaftServerConfigKeys (ConfUtils.java:logGet(46)) - raft.server.log.appender.buffer.element-limit = 1 (custom)
2022-11-07 13:08:52,463 [b6bc655b-a75f-4a95-a86c-7969b7c6987b@group-26F38406CDA9-LeaderElection5] INFO  grpc.GrpcConfigKeys (ConfUtils.java:logGet(46)) - raft.grpc.server.leader.outstanding.appends.max = 128 (default)
2022-11-07 13:08:52,463 [b6bc655b-a75f-4a95-a86c-7969b7c6987b@group-26F38406CDA9-LeaderElection5] INFO  server.RaftServerConfigKeys (ConfUtils.java:logGet(46)) - raft.server.rpc.request.timeout = 60s (custom)
2022-11-07 13:08:52,463 [b6bc655b-a75f-4a95-a86c-7969b7c6987b@group-26F38406CDA9-LeaderElection5] INFO  server.RaftServerConfigKeys (ConfUtils.java:logGet(46)) - raft.server.log.appender.install.snapshot.enabled = false (custom)
2022-11-07 13:08:52,464 [b6bc655b-a75f-4a95-a86c-7969b7c6987b@group-26F38406CDA9-LeaderElection5] INFO  grpc.GrpcConfigKeys (ConfUtils.java:logGet(46)) - raft.grpc.server.heartbeat.channel = true (default)
2022-11-07 13:08:52,464 [b6bc655b-a75f-4a95-a86c-7969b7c6987b@group-26F38406CDA9-LeaderElection5] INFO  server.RaftServerConfigKeys (ConfUtils.java:logGet(46)) - raft.server.log.appender.wait-time.min = 10ms (default)
2022-11-07 13:08:52,467 [b6bc655b-a75f-4a95-a86c-7969b7c6987b@group-26F38406CDA9-LeaderElection5] INFO  impl.RoleInfo (RoleInfo.java:updateAndGet(139)) - b6bc655b-a75f-4a95-a86c-7969b7c6987b: start b6bc655b-a75f-4a95-a86c-7969b7c6987b@group-26F38406CDA9-LeaderStateImpl
2022-11-07 13:08:52,467 [b6bc655b-a75f-4a95-a86c-7969b7c6987b@group-26F38406CDA9-LeaderElection5] INFO  segmented.SegmentedRaftLogWorker (SegmentedRaftLogWorker.java:startLogSegment(452)) - b6bc655b-a75f-4a95-a86c-7969b7c6987b@group-26F38406CDA9-SegmentedRaftLogWorker: Starting segment from index:0
2022-11-07 13:08:52,476 [f7350d57-8232-4853-9d4b-5861d033a2e4@group-0066D9F15E56-LeaderElection7] INFO  impl.LeaderElection (LeaderElection.java:askForVotes(312)) - f7350d57-8232-4853-9d4b-5861d033a2e4@group-0066D9F15E56-LeaderElection7 ELECTION round 0: submit vote requests at term 1 for -1: peers:[f7350d57-8232-4853-9d4b-5861d033a2e4|rpc:10.1.0.171:40541|priority:1|startupRole:FOLLOWER]|listeners:[], old=null
2022-11-07 13:08:52,476 [f7350d57-8232-4853-9d4b-5861d033a2e4@group-0066D9F15E56-LeaderElection7] INFO  impl.LeaderElection (LeaderElection.java:askForVotes(314)) - f7350d57-8232-4853-9d4b-5861d033a2e4@group-0066D9F15E56-LeaderElection7 ELECTION round 0: result PASSED (term=1)
2022-11-07 13:08:52,476 [f7350d57-8232-4853-9d4b-5861d033a2e4@group-0066D9F15E56-LeaderElection7] INFO  impl.RoleInfo (RoleInfo.java:shutdownLeaderElection(130)) - f7350d57-8232-4853-9d4b-5861d033a2e4: shutdown f7350d57-8232-4853-9d4b-5861d033a2e4@group-0066D9F15E56-LeaderElection7
2022-11-07 13:08:52,476 [f7350d57-8232-4853-9d4b-5861d033a2e4@group-0066D9F15E56-LeaderElection7] INFO  server.RaftServer$Division (RaftServerImpl.java:setRole(321)) - f7350d57-8232-4853-9d4b-5861d033a2e4@group-0066D9F15E56: changes role from CANDIDATE to LEADER at term 1 for changeToLeader
2022-11-07 13:08:52,476 [f7350d57-8232-4853-9d4b-5861d033a2e4@group-0066D9F15E56-LeaderElection7] INFO  ratis.XceiverServerRatis (XceiverServerRatis.java:handleLeaderChangedNotification(863)) - Leader change notification received for group: group-0066D9F15E56 with new leaderId: f7350d57-8232-4853-9d4b-5861d033a2e4
2022-11-07 13:08:52,477 [b6bc655b-a75f-4a95-a86c-7969b7c6987b@group-26F38406CDA9-SegmentedRaftLogWorker] INFO  segmented.SegmentedRaftLogWorker (SegmentedRaftLogWorker.java:execute(656)) - b6bc655b-a75f-4a95-a86c-7969b7c6987b@group-26F38406CDA9-SegmentedRaftLogWorker: created new log segment /home/runner/work/ozone/ozone/hadoop-ozone/integration-test/target/test-dir/MiniOzoneClusterImpl-2a90587d-8655-4e72-8ce6-1bf59b520396/datanode-1/data/ratis/a67552b2-8b50-4423-8502-26f38406cda9/current/log_inprogress_0
2022-11-07 13:08:52,493 [b6bc655b-a75f-4a95-a86c-7969b7c6987b@group-26F38406CDA9-LeaderElection5] INFO  server.RaftServer$Division (ServerState.java:setRaftConf(430)) - b6bc655b-a75f-4a95-a86c-7969b7c6987b@group-26F38406CDA9: set configuration 0: peers:[f7350d57-8232-4853-9d4b-5861d033a2e4|rpc:10.1.0.171:40541|dataStream:|priority:0|startupRole:FOLLOWER, 94086278-3489-4279-864e-1549830c8dca|rpc:10.1.0.171:40247|dataStream:|priority:0|startupRole:FOLLOWER, b6bc655b-a75f-4a95-a86c-7969b7c6987b|rpc:10.1.0.171:37153|dataStream:|priority:1|startupRole:FOLLOWER]|listeners:[], old=null
2022-11-07 13:08:52,494 [grpc-default-executor-3] INFO  impl.VoteContext (VoteContext.java:log(48)) - b6bc655b-a75f-4a95-a86c-7969b7c6987b@group-26F38406CDA9-LEADER: reject ELECTION from 94086278-3489-4279-864e-1549830c8dca: already has voted for b6bc655b-a75f-4a95-a86c-7969b7c6987b at current term 1
2022-11-07 13:08:52,494 [grpc-default-executor-3] INFO  server.RaftServer$Division (RaftServerImpl.java:requestVote(1251)) - b6bc655b-a75f-4a95-a86c-7969b7c6987b@group-26F38406CDA9 replies to ELECTION vote request: 94086278-3489-4279-864e-1549830c8dca<-b6bc655b-a75f-4a95-a86c-7969b7c6987b#0:FAIL-t1. Peer's state: b6bc655b-a75f-4a95-a86c-7969b7c6987b@group-26F38406CDA9:t1, leader=b6bc655b-a75f-4a95-a86c-7969b7c6987b, voted=b6bc655b-a75f-4a95-a86c-7969b7c6987b, raftlog=Memoized:b6bc655b-a75f-4a95-a86c-7969b7c6987b@group-26F38406CDA9-SegmentedRaftLog:OPENED:c0, conf=0: peers:[f7350d57-8232-4853-9d4b-5861d033a2e4|rpc:10.1.0.171:40541|dataStream:|priority:0|startupRole:FOLLOWER, 94086278-3489-4279-864e-1549830c8dca|rpc:10.1.0.171:40247|dataStream:|priority:0|startupRole:FOLLOWER, b6bc655b-a75f-4a95-a86c-7969b7c6987b|rpc:10.1.0.171:37153|dataStream:|priority:1|startupRole:FOLLOWER]|listeners:[], old=null
2022-11-07 13:08:52,499 [94086278-3489-4279-864e-1549830c8dca@group-26F38406CDA9-LeaderElection6] INFO  impl.LeaderElection (LeaderElection.java:logAndReturn(90)) - 94086278-3489-4279-864e-1549830c8dca@group-26F38406CDA9-LeaderElection6: ELECTION REJECTED received 2 response(s) and 0 exception(s):
2022-11-07 13:08:52,499 [94086278-3489-4279-864e-1549830c8dca@group-26F38406CDA9-LeaderElection6] INFO  impl.LeaderElection (LeaderElection.java:logAndReturn(94)) -   Response 0: 94086278-3489-4279-864e-1549830c8dca<-f7350d57-8232-4853-9d4b-5861d033a2e4#0:FAIL-t1
2022-11-07 13:08:52,499 [94086278-3489-4279-864e-1549830c8dca@group-26F38406CDA9-LeaderElection6] INFO  impl.LeaderElection (LeaderElection.java:logAndReturn(94)) -   Response 1: 94086278-3489-4279-864e-1549830c8dca<-b6bc655b-a75f-4a95-a86c-7969b7c6987b#0:FAIL-t1
2022-11-07 13:08:52,499 [94086278-3489-4279-864e-1549830c8dca@group-26F38406CDA9-LeaderElection6] INFO  impl.LeaderElection (LeaderElection.java:askForVotes(314)) - 94086278-3489-4279-864e-1549830c8dca@group-26F38406CDA9-LeaderElection6 ELECTION round 0: result REJECTED
2022-11-07 13:08:52,499 [94086278-3489-4279-864e-1549830c8dca@group-26F38406CDA9-LeaderElection6] INFO  server.RaftServer$Division (RaftServerImpl.java:setRole(321)) - 94086278-3489-4279-864e-1549830c8dca@group-26F38406CDA9: changes role from CANDIDATE to FOLLOWER at term 1 for REJECTED
2022-11-07 13:08:52,499 [94086278-3489-4279-864e-1549830c8dca@group-26F38406CDA9-LeaderElection6] INFO  impl.RoleInfo (RoleInfo.java:shutdownLeaderElection(130)) - 94086278-3489-4279-864e-1549830c8dca: shutdown 94086278-3489-4279-864e-1549830c8dca@group-26F38406CDA9-LeaderElection6
2022-11-07 13:08:52,499 [94086278-3489-4279-864e-1549830c8dca@group-26F38406CDA9-LeaderElection6] INFO  impl.RoleInfo (RoleInfo.java:updateAndGet(139)) - 94086278-3489-4279-864e-1549830c8dca: start 94086278-3489-4279-864e-1549830c8dca@group-26F38406CDA9-FollowerState
2022-11-07 13:08:52,500 [94086278-3489-4279-864e-1549830c8dca@group-26F38406CDA9-FollowerState] INFO  server.RaftServerConfigKeys (ConfUtils.java:logFallback(53)) - raft.server.rpc.first-election.timeout.min = 5s (fallback to raft.server.rpc.timeout.min)
2022-11-07 13:08:52,500 [94086278-3489-4279-864e-1549830c8dca@group-26F38406CDA9-FollowerState] INFO  server.RaftServerConfigKeys (ConfUtils.java:logFallback(53)) - raft.server.rpc.first-election.timeout.max = 5200ms (fallback to raft.server.rpc.timeout.max)
2022-11-07 13:08:52,520 [f7350d57-8232-4853-9d4b-5861d033a2e4@group-0066D9F15E56-LeaderElection7] INFO  server.RaftServer$Division (ServerState.java:setLeader(313)) - f7350d57-8232-4853-9d4b-5861d033a2e4@group-0066D9F15E56: change Leader from null to f7350d57-8232-4853-9d4b-5861d033a2e4 at term 1 for becomeLeader, leader elected after 5216ms
2022-11-07 13:08:52,520 [f7350d57-8232-4853-9d4b-5861d033a2e4@group-0066D9F15E56-LeaderElection7] INFO  server.RaftServerConfigKeys (ConfUtils.java:logGet(46)) - raft.server.staging.catchup.gap = 1000 (default)
2022-11-07 13:08:52,521 [94086278-3489-4279-864e-1549830c8dca-server-thread2] INFO  ratis.XceiverServerRatis (XceiverServerRatis.java:handleLeaderChangedNotification(863)) - Leader change notification received for group: group-26F38406CDA9 with new leaderId: b6bc655b-a75f-4a95-a86c-7969b7c6987b
2022-11-07 13:08:52,521 [94086278-3489-4279-864e-1549830c8dca-server-thread2] INFO  server.RaftServer$Division (ServerState.java:setLeader(313)) - 94086278-3489-4279-864e-1549830c8dca@group-26F38406CDA9: change Leader from null to b6bc655b-a75f-4a95-a86c-7969b7c6987b at term 1 for appendEntries, leader elected after 5251ms
2022-11-07 13:08:52,544 [94086278-3489-4279-864e-1549830c8dca-server-thread2] INFO  server.RaftServer$Division (ServerState.java:setRaftConf(430)) - 94086278-3489-4279-864e-1549830c8dca@group-26F38406CDA9: set configuration 0: peers:[f7350d57-8232-4853-9d4b-5861d033a2e4|rpc:10.1.0.171:40541|dataStream:|priority:0|startupRole:FOLLOWER, 94086278-3489-4279-864e-1549830c8dca|rpc:10.1.0.171:40247|dataStream:|priority:0|startupRole:FOLLOWER, b6bc655b-a75f-4a95-a86c-7969b7c6987b|rpc:10.1.0.171:37153|dataStream:|priority:1|startupRole:FOLLOWER]|listeners:[], old=null
2022-11-07 13:08:52,544 [94086278-3489-4279-864e-1549830c8dca-server-thread2] INFO  segmented.SegmentedRaftLogWorker (SegmentedRaftLogWorker.java:startLogSegment(452)) - 94086278-3489-4279-864e-1549830c8dca@group-26F38406CDA9-SegmentedRaftLogWorker: Starting segment from index:0
2022-11-07 13:08:52,545 [f7350d57-8232-4853-9d4b-5861d033a2e4-server-thread1] INFO  ratis.XceiverServerRatis (XceiverServerRatis.java:handleLeaderChangedNotification(863)) - Leader change notification received for group: group-26F38406CDA9 with new leaderId: b6bc655b-a75f-4a95-a86c-7969b7c6987b
2022-11-07 13:08:52,545 [f7350d57-8232-4853-9d4b-5861d033a2e4-server-thread1] INFO  server.RaftServer$Division (ServerState.java:setLeader(313)) - f7350d57-8232-4853-9d4b-5861d033a2e4@group-26F38406CDA9: change Leader from null to b6bc655b-a75f-4a95-a86c-7969b7c6987b at term 1 for appendEntries, leader elected after 5171ms
2022-11-07 13:08:52,551 [94086278-3489-4279-864e-1549830c8dca@group-26F38406CDA9-SegmentedRaftLogWorker] INFO  segmented.SegmentedRaftLogWorker (SegmentedRaftLogWorker.java:execute(656)) - 94086278-3489-4279-864e-1549830c8dca@group-26F38406CDA9-SegmentedRaftLogWorker: created new log segment /home/runner/work/ozone/ozone/hadoop-ozone/integration-test/target/test-dir/MiniOzoneClusterImpl-2a90587d-8655-4e72-8ce6-1bf59b520396/datanode-0/data/ratis/a67552b2-8b50-4423-8502-26f38406cda9/current/log_inprogress_0
2022-11-07 13:08:52,559 [f7350d57-8232-4853-9d4b-5861d033a2e4@group-0066D9F15E56-LeaderElection7] INFO  server.RaftServerConfigKeys (ConfUtils.java:logGet(46)) - raft.server.write.element-limit = 1024 (custom)
2022-11-07 13:08:52,559 [f7350d57-8232-4853-9d4b-5861d033a2e4@group-0066D9F15E56-LeaderElection7] INFO  server.RaftServerConfigKeys (ConfUtils.java:logGet(46)) - raft.server.write.byte-limit = 1024 M (=1073741824) (custom)
2022-11-07 13:08:52,559 [f7350d57-8232-4853-9d4b-5861d033a2e4@group-0066D9F15E56-LeaderElection7] INFO  server.RaftServerConfigKeys (ConfUtils.java:logGet(46)) - raft.server.watch.timeout = 180s (custom)
2022-11-07 13:08:52,559 [f7350d57-8232-4853-9d4b-5861d033a2e4@group-0066D9F15E56-LeaderElection7] INFO  server.RaftServerConfigKeys (ConfUtils.java:logGet(46)) - raft.server.watch.timeout.denomination = 1s (default)
2022-11-07 13:08:52,559 [f7350d57-8232-4853-9d4b-5861d033a2e4@group-0066D9F15E56-LeaderElection7] INFO  server.RaftServerConfigKeys (ConfUtils.java:logGet(46)) - raft.server.watch.element-limit = 65536 (default)
2022-11-07 13:08:52,559 [f7350d57-8232-4853-9d4b-5861d033a2e4@group-0066D9F15E56-LeaderElection7] INFO  server.RaftServerConfigKeys (ConfUtils.java:logGet(46)) - raft.server.write.element-limit = 1024 (custom)
2022-11-07 13:08:52,559 [f7350d57-8232-4853-9d4b-5861d033a2e4@group-0066D9F15E56-LeaderElection7] INFO  server.RaftServerConfigKeys (ConfUtils.java:logGet(46)) - raft.server.write.follower.gap.ratio.max = -1.0 (default)
2022-11-07 13:08:52,560 [f7350d57-8232-4853-9d4b-5861d033a2e4@group-0066D9F15E56-LeaderElection7] INFO  impl.RoleInfo (RoleInfo.java:updateAndGet(139)) - f7350d57-8232-4853-9d4b-5861d033a2e4: start f7350d57-8232-4853-9d4b-5861d033a2e4@group-0066D9F15E56-LeaderStateImpl
2022-11-07 13:08:52,560 [f7350d57-8232-4853-9d4b-5861d033a2e4@group-0066D9F15E56-LeaderElection7] INFO  segmented.SegmentedRaftLogWorker (SegmentedRaftLogWorker.java:startLogSegment(452)) - f7350d57-8232-4853-9d4b-5861d033a2e4@group-0066D9F15E56-SegmentedRaftLogWorker: Starting segment from index:0
2022-11-07 13:08:52,573 [f7350d57-8232-4853-9d4b-5861d033a2e4@group-0066D9F15E56-LeaderElection7] INFO  server.RaftServer$Division (ServerState.java:setRaftConf(430)) - f7350d57-8232-4853-9d4b-5861d033a2e4@group-0066D9F15E56: set configuration 0: peers:[f7350d57-8232-4853-9d4b-5861d033a2e4|rpc:10.1.0.171:40541|dataStream:|priority:1|startupRole:FOLLOWER]|listeners:[], old=null
2022-11-07 13:08:52,579 [f7350d57-8232-4853-9d4b-5861d033a2e4@group-0066D9F15E56-SegmentedRaftLogWorker] INFO  segmented.SegmentedRaftLogWorker (SegmentedRaftLogWorker.java:execute(656)) - f7350d57-8232-4853-9d4b-5861d033a2e4@group-0066D9F15E56-SegmentedRaftLogWorker: created new log segment /home/runner/work/ozone/ozone/hadoop-ozone/integration-test/target/test-dir/MiniOzoneClusterImpl-2a90587d-8655-4e72-8ce6-1bf59b520396/datanode-2/data/ratis/247c26f2-bd5e-446b-90d8-0066d9f15e56/current/log_inprogress_0
2022-11-07 13:08:52,627 [f7350d57-8232-4853-9d4b-5861d033a2e4-server-thread3] INFO  server.RaftServer$Division (ServerState.java:setRaftConf(430)) - f7350d57-8232-4853-9d4b-5861d033a2e4@group-26F38406CDA9: set configuration 0: peers:[f7350d57-8232-4853-9d4b-5861d033a2e4|rpc:10.1.0.171:40541|dataStream:|priority:0|startupRole:FOLLOWER, 94086278-3489-4279-864e-1549830c8dca|rpc:10.1.0.171:40247|dataStream:|priority:0|startupRole:FOLLOWER, b6bc655b-a75f-4a95-a86c-7969b7c6987b|rpc:10.1.0.171:37153|dataStream:|priority:1|startupRole:FOLLOWER]|listeners:[], old=null
2022-11-07 13:08:52,627 [f7350d57-8232-4853-9d4b-5861d033a2e4-server-thread3] INFO  segmented.SegmentedRaftLogWorker (SegmentedRaftLogWorker.java:startLogSegment(452)) - f7350d57-8232-4853-9d4b-5861d033a2e4@group-26F38406CDA9-SegmentedRaftLogWorker: Starting segment from index:0
2022-11-07 13:08:52,630 [f7350d57-8232-4853-9d4b-5861d033a2e4@group-26F38406CDA9-SegmentedRaftLogWorker] INFO  segmented.SegmentedRaftLogWorker (SegmentedRaftLogWorker.java:execute(656)) - f7350d57-8232-4853-9d4b-5861d033a2e4@group-26F38406CDA9-SegmentedRaftLogWorker: created new log segment /home/runner/work/ozone/ozone/hadoop-ozone/integration-test/target/test-dir/MiniOzoneClusterImpl-2a90587d-8655-4e72-8ce6-1bf59b520396/datanode-2/data/ratis/a67552b2-8b50-4423-8502-26f38406cda9/current/log_inprogress_0
2022-11-07 13:08:52,891 [2277c71a-7226-47f8-a4ca-90f752095403@group-B3075DD5C248-FollowerState] INFO  impl.FollowerState (FollowerState.java:run(143)) - 2277c71a-7226-47f8-a4ca-90f752095403@group-B3075DD5C248-FollowerState: change to CANDIDATE, lastRpcElapsedTime:5129499067ns, electionTimeout:5127ms
2022-11-07 13:08:52,892 [2277c71a-7226-47f8-a4ca-90f752095403@group-B3075DD5C248-FollowerState] INFO  impl.RoleInfo (RoleInfo.java:shutdownFollowerState(110)) - 2277c71a-7226-47f8-a4ca-90f752095403: shutdown 2277c71a-7226-47f8-a4ca-90f752095403@group-B3075DD5C248-FollowerState
2022-11-07 13:08:52,892 [2277c71a-7226-47f8-a4ca-90f752095403@group-B3075DD5C248-FollowerState] INFO  server.RaftServer$Division (RaftServerImpl.java:setRole(321)) - 2277c71a-7226-47f8-a4ca-90f752095403@group-B3075DD5C248: changes role from  FOLLOWER to CANDIDATE at term 0 for changeToCandidate
2022-11-07 13:08:52,892 [2277c71a-7226-47f8-a4ca-90f752095403@group-B3075DD5C248-FollowerState] INFO  server.RaftServerConfigKeys (ConfUtils.java:logGet(46)) - raft.server.leaderelection.pre-vote = false (custom)
2022-11-07 13:08:52,892 [2277c71a-7226-47f8-a4ca-90f752095403@group-B3075DD5C248-FollowerState] INFO  impl.RoleInfo (RoleInfo.java:updateAndGet(139)) - 2277c71a-7226-47f8-a4ca-90f752095403: start 2277c71a-7226-47f8-a4ca-90f752095403@group-B3075DD5C248-LeaderElection8
2022-11-07 13:08:52,903 [2277c71a-7226-47f8-a4ca-90f752095403@group-B3075DD5C248-LeaderElection8] INFO  impl.LeaderElection (LeaderElection.java:askForVotes(312)) - 2277c71a-7226-47f8-a4ca-90f752095403@group-B3075DD5C248-LeaderElection8 ELECTION round 0: submit vote requests at term 1 for -1: peers:[2277c71a-7226-47f8-a4ca-90f752095403|rpc:10.1.0.171:35629|priority:1|startupRole:FOLLOWER]|listeners:[], old=null
2022-11-07 13:08:52,903 [2277c71a-7226-47f8-a4ca-90f752095403@group-B3075DD5C248-LeaderElection8] INFO  impl.LeaderElection (LeaderElection.java:askForVotes(314)) - 2277c71a-7226-47f8-a4ca-90f752095403@group-B3075DD5C248-LeaderElection8 ELECTION round 0: result PASSED (term=1)
2022-11-07 13:08:52,903 [2277c71a-7226-47f8-a4ca-90f752095403@group-B3075DD5C248-LeaderElection8] INFO  impl.RoleInfo (RoleInfo.java:shutdownLeaderElection(130)) - 2277c71a-7226-47f8-a4ca-90f752095403: shutdown 2277c71a-7226-47f8-a4ca-90f752095403@group-B3075DD5C248-LeaderElection8
2022-11-07 13:08:52,903 [2277c71a-7226-47f8-a4ca-90f752095403@group-B3075DD5C248-LeaderElection8] INFO  server.RaftServer$Division (RaftServerImpl.java:setRole(321)) - 2277c71a-7226-47f8-a4ca-90f752095403@group-B3075DD5C248: changes role from CANDIDATE to LEADER at term 1 for changeToLeader
2022-11-07 13:08:52,903 [2277c71a-7226-47f8-a4ca-90f752095403@group-B3075DD5C248-LeaderElection8] INFO  ratis.XceiverServerRatis (XceiverServerRatis.java:handleLeaderChangedNotification(863)) - Leader change notification received for group: group-B3075DD5C248 with new leaderId: 2277c71a-7226-47f8-a4ca-90f752095403
2022-11-07 13:08:52,904 [2277c71a-7226-47f8-a4ca-90f752095403@group-B3075DD5C248-LeaderElection8] INFO  server.RaftServer$Division (ServerState.java:setLeader(313)) - 2277c71a-7226-47f8-a4ca-90f752095403@group-B3075DD5C248: change Leader from null to 2277c71a-7226-47f8-a4ca-90f752095403 at term 1 for becomeLeader, leader elected after 5175ms
2022-11-07 13:08:52,904 [2277c71a-7226-47f8-a4ca-90f752095403@group-B3075DD5C248-LeaderElection8] INFO  server.RaftServerConfigKeys (ConfUtils.java:logGet(46)) - raft.server.staging.catchup.gap = 1000 (default)
2022-11-07 13:08:52,904 [2277c71a-7226-47f8-a4ca-90f752095403@group-B3075DD5C248-LeaderElection8] INFO  server.RaftServerConfigKeys (ConfUtils.java:logGet(46)) - raft.server.write.element-limit = 1024 (custom)
2022-11-07 13:08:52,904 [2277c71a-7226-47f8-a4ca-90f752095403@group-B3075DD5C248-LeaderElection8] INFO  server.RaftServerConfigKeys (ConfUtils.java:logGet(46)) - raft.server.write.byte-limit = 1024 M (=1073741824) (custom)
2022-11-07 13:08:52,904 [2277c71a-7226-47f8-a4ca-90f752095403@group-B3075DD5C248-LeaderElection8] INFO  server.RaftServerConfigKeys (ConfUtils.java:logGet(46)) - raft.server.watch.timeout = 180s (custom)
2022-11-07 13:08:52,905 [2277c71a-7226-47f8-a4ca-90f752095403@group-B3075DD5C248-LeaderElection8] INFO  server.RaftServerConfigKeys (ConfUtils.java:logGet(46)) - raft.server.watch.timeout.denomination = 1s (default)
2022-11-07 13:08:52,905 [2277c71a-7226-47f8-a4ca-90f752095403@group-B3075DD5C248-LeaderElection8] INFO  server.RaftServerConfigKeys (ConfUtils.java:logGet(46)) - raft.server.watch.element-limit = 65536 (default)
2022-11-07 13:08:52,905 [2277c71a-7226-47f8-a4ca-90f752095403@group-B3075DD5C248-LeaderElection8] INFO  server.RaftServerConfigKeys (ConfUtils.java:logGet(46)) - raft.server.write.element-limit = 1024 (custom)
2022-11-07 13:08:52,905 [2277c71a-7226-47f8-a4ca-90f752095403@group-B3075DD5C248-LeaderElection8] INFO  server.RaftServerConfigKeys (ConfUtils.java:logGet(46)) - raft.server.write.follower.gap.ratio.max = -1.0 (default)
2022-11-07 13:08:52,905 [2277c71a-7226-47f8-a4ca-90f752095403@group-B3075DD5C248-LeaderElection8] INFO  impl.RoleInfo (RoleInfo.java:updateAndGet(139)) - 2277c71a-7226-47f8-a4ca-90f752095403: start 2277c71a-7226-47f8-a4ca-90f752095403@group-B3075DD5C248-LeaderStateImpl
2022-11-07 13:08:52,910 [2277c71a-7226-47f8-a4ca-90f752095403@group-B3075DD5C248-LeaderElection8] INFO  segmented.SegmentedRaftLogWorker (SegmentedRaftLogWorker.java:startLogSegment(452)) - 2277c71a-7226-47f8-a4ca-90f752095403@group-B3075DD5C248-SegmentedRaftLogWorker: Starting segment from index:0
2022-11-07 13:08:52,915 [2277c71a-7226-47f8-a4ca-90f752095403@group-B3075DD5C248-SegmentedRaftLogWorker] INFO  segmented.SegmentedRaftLogWorker (SegmentedRaftLogWorker.java:execute(656)) - 2277c71a-7226-47f8-a4ca-90f752095403@group-B3075DD5C248-SegmentedRaftLogWorker: created new log segment /home/runner/work/ozone/ozone/hadoop-ozone/integration-test/target/test-dir/MiniOzoneClusterImpl-2a90587d-8655-4e72-8ce6-1bf59b520396/datanode-3/data/ratis/2df64d4e-9bec-4652-bde9-b3075dd5c248/current/log_inprogress_0
2022-11-07 13:08:52,921 [2277c71a-7226-47f8-a4ca-90f752095403@group-B3075DD5C248-LeaderElection8] INFO  server.RaftServer$Division (ServerState.java:setRaftConf(430)) - 2277c71a-7226-47f8-a4ca-90f752095403@group-B3075DD5C248: set configuration 0: peers:[2277c71a-7226-47f8-a4ca-90f752095403|rpc:10.1.0.171:35629|dataStream:|priority:1|startupRole:FOLLOWER]|listeners:[], old=null
2022-11-07 13:08:52,983 [2277c71a-7226-47f8-a4ca-90f752095403@group-0F702FC51EF1-FollowerState] INFO  impl.FollowerState (FollowerState.java:run(143)) - 2277c71a-7226-47f8-a4ca-90f752095403@group-0F702FC51EF1-FollowerState: change to CANDIDATE, lastRpcElapsedTime:5188496929ns, electionTimeout:5170ms
2022-11-07 13:08:52,983 [2277c71a-7226-47f8-a4ca-90f752095403@group-0F702FC51EF1-FollowerState] INFO  impl.RoleInfo (RoleInfo.java:shutdownFollowerState(110)) - 2277c71a-7226-47f8-a4ca-90f752095403: shutdown 2277c71a-7226-47f8-a4ca-90f752095403@group-0F702FC51EF1-FollowerState
2022-11-07 13:08:52,983 [2277c71a-7226-47f8-a4ca-90f752095403@group-0F702FC51EF1-FollowerState] INFO  server.RaftServer$Division (RaftServerImpl.java:setRole(321)) - 2277c71a-7226-47f8-a4ca-90f752095403@group-0F702FC51EF1: changes role from  FOLLOWER to CANDIDATE at term 0 for changeToCandidate
2022-11-07 13:08:52,984 [2277c71a-7226-47f8-a4ca-90f752095403@group-0F702FC51EF1-FollowerState] INFO  server.RaftServerConfigKeys (ConfUtils.java:logGet(46)) - raft.server.leaderelection.pre-vote = false (custom)
2022-11-07 13:08:52,984 [2277c71a-7226-47f8-a4ca-90f752095403@group-0F702FC51EF1-FollowerState] INFO  impl.RoleInfo (RoleInfo.java:updateAndGet(139)) - 2277c71a-7226-47f8-a4ca-90f752095403: start 2277c71a-7226-47f8-a4ca-90f752095403@group-0F702FC51EF1-LeaderElection9
2022-11-07 13:08:52,995 [2277c71a-7226-47f8-a4ca-90f752095403@group-199B584234DF-FollowerState] INFO  impl.FollowerState (FollowerState.java:run(143)) - 2277c71a-7226-47f8-a4ca-90f752095403@group-199B584234DF-FollowerState: change to CANDIDATE, lastRpcElapsedTime:5004545527ns, electionTimeout:5000ms
2022-11-07 13:08:52,995 [2277c71a-7226-47f8-a4ca-90f752095403@group-199B584234DF-FollowerState] INFO  impl.RoleInfo (RoleInfo.java:shutdownFollowerState(110)) - 2277c71a-7226-47f8-a4ca-90f752095403: shutdown 2277c71a-7226-47f8-a4ca-90f752095403@group-199B584234DF-FollowerState
2022-11-07 13:08:52,995 [2277c71a-7226-47f8-a4ca-90f752095403@group-199B584234DF-FollowerState] INFO  server.RaftServer$Division (RaftServerImpl.java:setRole(321)) - 2277c71a-7226-47f8-a4ca-90f752095403@group-199B584234DF: changes role from  FOLLOWER to CANDIDATE at term 0 for changeToCandidate
2022-11-07 13:08:52,995 [2277c71a-7226-47f8-a4ca-90f752095403@group-199B584234DF-FollowerState] INFO  server.RaftServerConfigKeys (ConfUtils.java:logGet(46)) - raft.server.leaderelection.pre-vote = false (custom)
2022-11-07 13:08:52,996 [2277c71a-7226-47f8-a4ca-90f752095403@group-199B584234DF-FollowerState] INFO  impl.RoleInfo (RoleInfo.java:updateAndGet(139)) - 2277c71a-7226-47f8-a4ca-90f752095403: start 2277c71a-7226-47f8-a4ca-90f752095403@group-199B584234DF-LeaderElection10
2022-11-07 13:08:52,997 [2277c71a-7226-47f8-a4ca-90f752095403@group-0F702FC51EF1-LeaderElection9] INFO  impl.LeaderElection (LeaderElection.java:askForVotes(312)) - 2277c71a-7226-47f8-a4ca-90f752095403@group-0F702FC51EF1-LeaderElection9 ELECTION round 0: submit vote requests at term 1 for -1: peers:[4c8c7e9c-fcb8-4cf5-b401-3fb7accb4cdc|rpc:10.1.0.171:46431|priority:0|startupRole:FOLLOWER, 8b45bab1-f519-4e04-ad6f-9efd561d6d57|rpc:10.1.0.171:33673|priority:1|startupRole:FOLLOWER, 2277c71a-7226-47f8-a4ca-90f752095403|rpc:10.1.0.171:35629|priority:0|startupRole:FOLLOWER]|listeners:[], old=null
2022-11-07 13:08:52,998 [2277c71a-7226-47f8-a4ca-90f752095403@group-0F702FC51EF1-LeaderElection9-1] INFO  server.GrpcServerProtocolClient (GrpcServerProtocolClient.java:<init>(63)) - Build channel for 4c8c7e9c-fcb8-4cf5-b401-3fb7accb4cdc
2022-11-07 13:08:53,007 [2277c71a-7226-47f8-a4ca-90f752095403@group-0F702FC51EF1-LeaderElection9] INFO  server.RaftServerConfigKeys (ConfUtils.java:logFallback(53)) - raft.server.rpc.first-election.timeout.min = 5s (fallback to raft.server.rpc.timeout.min)
2022-11-07 13:08:53,007 [2277c71a-7226-47f8-a4ca-90f752095403@group-0F702FC51EF1-LeaderElection9] INFO  server.RaftServerConfigKeys (ConfUtils.java:logFallback(53)) - raft.server.rpc.first-election.timeout.max = 5200ms (fallback to raft.server.rpc.timeout.max)
2022-11-07 13:08:53,009 [grpc-default-executor-3] INFO  server.RaftServer$Division (RaftServerImpl.java:requestVote(1218)) - 4c8c7e9c-fcb8-4cf5-b401-3fb7accb4cdc@group-0F702FC51EF1: receive requestVote(ELECTION, 2277c71a-7226-47f8-a4ca-90f752095403, group-0F702FC51EF1, 1, (t:0, i:0))
2022-11-07 13:08:53,009 [grpc-default-executor-3] INFO  impl.VoteContext (VoteContext.java:log(48)) - 4c8c7e9c-fcb8-4cf5-b401-3fb7accb4cdc@group-0F702FC51EF1-FOLLOWER: accept ELECTION from 2277c71a-7226-47f8-a4ca-90f752095403: our priority 0 <= candidate's priority 0
2022-11-07 13:08:53,009 [grpc-default-executor-3] INFO  server.RaftServer$Division (RaftServerImpl.java:setRole(321)) - 4c8c7e9c-fcb8-4cf5-b401-3fb7accb4cdc@group-0F702FC51EF1: changes role from  FOLLOWER to FOLLOWER at term 1 for candidate:2277c71a-7226-47f8-a4ca-90f752095403
2022-11-07 13:08:53,009 [grpc-default-executor-3] INFO  impl.RoleInfo (RoleInfo.java:shutdownFollowerState(110)) - 4c8c7e9c-fcb8-4cf5-b401-3fb7accb4cdc: shutdown 4c8c7e9c-fcb8-4cf5-b401-3fb7accb4cdc@group-0F702FC51EF1-FollowerState
2022-11-07 13:08:53,009 [grpc-default-executor-3] INFO  impl.RoleInfo (RoleInfo.java:updateAndGet(139)) - 4c8c7e9c-fcb8-4cf5-b401-3fb7accb4cdc: start 4c8c7e9c-fcb8-4cf5-b401-3fb7accb4cdc@group-0F702FC51EF1-FollowerState
2022-11-07 13:08:53,009 [4c8c7e9c-fcb8-4cf5-b401-3fb7accb4cdc@group-0F702FC51EF1-FollowerState] INFO  impl.FollowerState (FollowerState.java:run(152)) - 4c8c7e9c-fcb8-4cf5-b401-3fb7accb4cdc@group-0F702FC51EF1-FollowerState was interrupted
2022-11-07 13:08:53,011 [2277c71a-7226-47f8-a4ca-90f752095403@group-199B584234DF-LeaderElection10] INFO  impl.LeaderElection (LeaderElection.java:askForVotes(312)) - 2277c71a-7226-47f8-a4ca-90f752095403@group-199B584234DF-LeaderElection10 ELECTION round 0: submit vote requests at term 1 for -1: peers:[4c8c7e9c-fcb8-4cf5-b401-3fb7accb4cdc|rpc:10.1.0.171:46431|priority:0|startupRole:FOLLOWER, 8b45bab1-f519-4e04-ad6f-9efd561d6d57|rpc:10.1.0.171:33673|priority:0|startupRole:FOLLOWER, 2277c71a-7226-47f8-a4ca-90f752095403|rpc:10.1.0.171:35629|priority:1|startupRole:FOLLOWER]|listeners:[], old=null
2022-11-07 13:08:53,011 [4c8c7e9c-fcb8-4cf5-b401-3fb7accb4cdc@group-0F702FC51EF1-FollowerState] INFO  server.RaftServerConfigKeys (ConfUtils.java:logFallback(53)) - raft.server.rpc.first-election.timeout.min = 5s (fallback to raft.server.rpc.timeout.min)
2022-11-07 13:08:53,011 [4c8c7e9c-fcb8-4cf5-b401-3fb7accb4cdc@group-0F702FC51EF1-FollowerState] INFO  server.RaftServerConfigKeys (ConfUtils.java:logFallback(53)) - raft.server.rpc.first-election.timeout.max = 5200ms (fallback to raft.server.rpc.timeout.max)
2022-11-07 13:08:53,012 [2277c71a-7226-47f8-a4ca-90f752095403@group-0F702FC51EF1-LeaderElection9-2] INFO  server.GrpcServerProtocolClient (GrpcServerProtocolClient.java:<init>(63)) - Build channel for 8b45bab1-f519-4e04-ad6f-9efd561d6d57
2022-11-07 13:08:53,023 [2277c71a-7226-47f8-a4ca-90f752095403@group-199B584234DF-LeaderElection10] INFO  server.RaftServerConfigKeys (ConfUtils.java:logFallback(53)) - raft.server.rpc.first-election.timeout.min = 5s (fallback to raft.server.rpc.timeout.min)
2022-11-07 13:08:53,023 [2277c71a-7226-47f8-a4ca-90f752095403@group-199B584234DF-LeaderElection10] INFO  server.RaftServerConfigKeys (ConfUtils.java:logFallback(53)) - raft.server.rpc.first-election.timeout.max = 5200ms (fallback to raft.server.rpc.timeout.max)
2022-11-07 13:08:53,025 [grpc-default-executor-3] INFO  server.RaftServer$Division (RaftServerImpl.java:requestVote(1251)) - 4c8c7e9c-fcb8-4cf5-b401-3fb7accb4cdc@group-0F702FC51EF1 replies to ELECTION vote request: 2277c71a-7226-47f8-a4ca-90f752095403<-4c8c7e9c-fcb8-4cf5-b401-3fb7accb4cdc#0:OK-t1. Peer's state: 4c8c7e9c-fcb8-4cf5-b401-3fb7accb4cdc@group-0F702FC51EF1:t1, leader=null, voted=2277c71a-7226-47f8-a4ca-90f752095403, raftlog=Memoized:4c8c7e9c-fcb8-4cf5-b401-3fb7accb4cdc@group-0F702FC51EF1-SegmentedRaftLog:OPENED:c-1, conf=-1: peers:[4c8c7e9c-fcb8-4cf5-b401-3fb7accb4cdc|rpc:10.1.0.171:46431|dataStream:|priority:0|startupRole:FOLLOWER, 8b45bab1-f519-4e04-ad6f-9efd561d6d57|rpc:10.1.0.171:33673|dataStream:|priority:1|startupRole:FOLLOWER, 2277c71a-7226-47f8-a4ca-90f752095403|rpc:10.1.0.171:35629|dataStream:|priority:0|startupRole:FOLLOWER]|listeners:[], old=null
2022-11-07 13:08:53,040 [grpc-default-executor-2] INFO  server.RaftServer$Division (RaftServerImpl.java:requestVote(1218)) - 8b45bab1-f519-4e04-ad6f-9efd561d6d57@group-0F702FC51EF1: receive requestVote(ELECTION, 2277c71a-7226-47f8-a4ca-90f752095403, group-0F702FC51EF1, 1, (t:0, i:0))
2022-11-07 13:08:53,040 [grpc-default-executor-2] INFO  impl.VoteContext (VoteContext.java:log(48)) - 8b45bab1-f519-4e04-ad6f-9efd561d6d57@group-0F702FC51EF1-FOLLOWER: reject ELECTION from 2277c71a-7226-47f8-a4ca-90f752095403: our priority 1 > candidate's priority 0
2022-11-07 13:08:53,041 [grpc-default-executor-2] INFO  server.RaftServer$Division (RaftServerImpl.java:setRole(321)) - 8b45bab1-f519-4e04-ad6f-9efd561d6d57@group-0F702FC51EF1: changes role from  FOLLOWER to FOLLOWER at term 1 for candidate:2277c71a-7226-47f8-a4ca-90f752095403
2022-11-07 13:08:53,041 [grpc-default-executor-2] INFO  impl.RoleInfo (RoleInfo.java:shutdownFollowerState(110)) - 8b45bab1-f519-4e04-ad6f-9efd561d6d57: shutdown 8b45bab1-f519-4e04-ad6f-9efd561d6d57@group-0F702FC51EF1-FollowerState
2022-11-07 13:08:53,041 [grpc-default-executor-2] INFO  impl.RoleInfo (RoleInfo.java:updateAndGet(139)) - 8b45bab1-f519-4e04-ad6f-9efd561d6d57: start 8b45bab1-f519-4e04-ad6f-9efd561d6d57@group-0F702FC51EF1-FollowerState
2022-11-07 13:08:53,041 [8b45bab1-f519-4e04-ad6f-9efd561d6d57@group-0F702FC51EF1-FollowerState] INFO  impl.FollowerState (FollowerState.java:run(152)) - 8b45bab1-f519-4e04-ad6f-9efd561d6d57@group-0F702FC51EF1-FollowerState was interrupted
2022-11-07 13:08:53,042 [grpc-default-executor-3] INFO  server.RaftServer$Division (RaftServerImpl.java:requestVote(1218)) - 4c8c7e9c-fcb8-4cf5-b401-3fb7accb4cdc@group-199B584234DF: receive requestVote(ELECTION, 2277c71a-7226-47f8-a4ca-90f752095403, group-199B584234DF, 1, (t:0, i:0))
2022-11-07 13:08:53,042 [grpc-default-executor-3] INFO  impl.VoteContext (VoteContext.java:log(48)) - 4c8c7e9c-fcb8-4cf5-b401-3fb7accb4cdc@group-199B584234DF-FOLLOWER: accept ELECTION from 2277c71a-7226-47f8-a4ca-90f752095403: our priority 0 <= candidate's priority 1
2022-11-07 13:08:53,042 [grpc-default-executor-3] INFO  server.RaftServer$Division (RaftServerImpl.java:setRole(321)) - 4c8c7e9c-fcb8-4cf5-b401-3fb7accb4cdc@group-199B584234DF: changes role from  FOLLOWER to FOLLOWER at term 1 for candidate:2277c71a-7226-47f8-a4ca-90f752095403
2022-11-07 13:08:53,042 [grpc-default-executor-3] INFO  impl.RoleInfo (RoleInfo.java:shutdownFollowerState(110)) - 4c8c7e9c-fcb8-4cf5-b401-3fb7accb4cdc: shutdown 4c8c7e9c-fcb8-4cf5-b401-3fb7accb4cdc@group-199B584234DF-FollowerState
2022-11-07 13:08:53,044 [8b45bab1-f519-4e04-ad6f-9efd561d6d57@group-0F702FC51EF1-FollowerState] INFO  server.RaftServerConfigKeys (ConfUtils.java:logFallback(53)) - raft.server.rpc.first-election.timeout.min = 5s (fallback to raft.server.rpc.timeout.min)
2022-11-07 13:08:53,044 [8b45bab1-f519-4e04-ad6f-9efd561d6d57@group-0F702FC51EF1-FollowerState] INFO  server.RaftServerConfigKeys (ConfUtils.java:logFallback(53)) - raft.server.rpc.first-election.timeout.max = 5200ms (fallback to raft.server.rpc.timeout.max)
2022-11-07 13:08:53,045 [grpc-default-executor-3] INFO  impl.RoleInfo (RoleInfo.java:updateAndGet(139)) - 4c8c7e9c-fcb8-4cf5-b401-3fb7accb4cdc: start 4c8c7e9c-fcb8-4cf5-b401-3fb7accb4cdc@group-199B584234DF-FollowerState
2022-11-07 13:08:53,045 [4c8c7e9c-fcb8-4cf5-b401-3fb7accb4cdc@group-199B584234DF-FollowerState] INFO  impl.FollowerState (FollowerState.java:run(152)) - 4c8c7e9c-fcb8-4cf5-b401-3fb7accb4cdc@group-199B584234DF-FollowerState was interrupted
2022-11-07 13:08:53,045 [4c8c7e9c-fcb8-4cf5-b401-3fb7accb4cdc@group-199B584234DF-FollowerState] INFO  server.RaftServerConfigKeys (ConfUtils.java:logFallback(53)) - raft.server.rpc.first-election.timeout.min = 5s (fallback to raft.server.rpc.timeout.min)
2022-11-07 13:08:53,045 [4c8c7e9c-fcb8-4cf5-b401-3fb7accb4cdc@group-199B584234DF-FollowerState] INFO  server.RaftServerConfigKeys (ConfUtils.java:logFallback(53)) - raft.server.rpc.first-election.timeout.max = 5200ms (fallback to raft.server.rpc.timeout.max)
2022-11-07 13:08:53,046 [grpc-default-executor-2] INFO  server.RaftServer$Division (RaftServerImpl.java:requestVote(1251)) - 8b45bab1-f519-4e04-ad6f-9efd561d6d57@group-0F702FC51EF1 replies to ELECTION vote request: 2277c71a-7226-47f8-a4ca-90f752095403<-8b45bab1-f519-4e04-ad6f-9efd561d6d57#0:FAIL-t1. Peer's state: 8b45bab1-f519-4e04-ad6f-9efd561d6d57@group-0F702FC51EF1:t1, leader=null, voted=null, raftlog=Memoized:8b45bab1-f519-4e04-ad6f-9efd561d6d57@group-0F702FC51EF1-SegmentedRaftLog:OPENED:c-1, conf=-1: peers:[4c8c7e9c-fcb8-4cf5-b401-3fb7accb4cdc|rpc:10.1.0.171:46431|dataStream:|priority:0|startupRole:FOLLOWER, 8b45bab1-f519-4e04-ad6f-9efd561d6d57|rpc:10.1.0.171:33673|dataStream:|priority:1|startupRole:FOLLOWER, 2277c71a-7226-47f8-a4ca-90f752095403|rpc:10.1.0.171:35629|dataStream:|priority:0|startupRole:FOLLOWER]|listeners:[], old=null
2022-11-07 13:08:53,047 [grpc-default-executor-4] INFO  server.RaftServer$Division (RaftServerImpl.java:requestVote(1218)) - 8b45bab1-f519-4e04-ad6f-9efd561d6d57@group-199B584234DF: receive requestVote(ELECTION, 2277c71a-7226-47f8-a4ca-90f752095403, group-199B584234DF, 1, (t:0, i:0))
2022-11-07 13:08:53,047 [grpc-default-executor-4] INFO  impl.VoteContext (VoteContext.java:log(48)) - 8b45bab1-f519-4e04-ad6f-9efd561d6d57@group-199B584234DF-FOLLOWER: accept ELECTION from 2277c71a-7226-47f8-a4ca-90f752095403: our priority 0 <= candidate's priority 1
2022-11-07 13:08:53,047 [grpc-default-executor-4] INFO  server.RaftServer$Division (RaftServerImpl.java:setRole(321)) - 8b45bab1-f519-4e04-ad6f-9efd561d6d57@group-199B584234DF: changes role from  FOLLOWER to FOLLOWER at term 1 for candidate:2277c71a-7226-47f8-a4ca-90f752095403
2022-11-07 13:08:53,047 [grpc-default-executor-4] INFO  impl.RoleInfo (RoleInfo.java:shutdownFollowerState(110)) - 8b45bab1-f519-4e04-ad6f-9efd561d6d57: shutdown 8b45bab1-f519-4e04-ad6f-9efd561d6d57@group-199B584234DF-FollowerState
2022-11-07 13:08:53,048 [grpc-default-executor-4] INFO  impl.RoleInfo (RoleInfo.java:updateAndGet(139)) - 8b45bab1-f519-4e04-ad6f-9efd561d6d57: start 8b45bab1-f519-4e04-ad6f-9efd561d6d57@group-199B584234DF-FollowerState
2022-11-07 13:08:53,050 [8b45bab1-f519-4e04-ad6f-9efd561d6d57@group-199B584234DF-FollowerState] INFO  impl.FollowerState (FollowerState.java:run(152)) - 8b45bab1-f519-4e04-ad6f-9efd561d6d57@group-199B584234DF-FollowerState was interrupted
2022-11-07 13:08:53,051 [8b45bab1-f519-4e04-ad6f-9efd561d6d57@group-199B584234DF-FollowerState] INFO  server.RaftServerConfigKeys (ConfUtils.java:logFallback(53)) - raft.server.rpc.first-election.timeout.min = 5s (fallback to raft.server.rpc.timeout.min)
2022-11-07 13:08:53,051 [8b45bab1-f519-4e04-ad6f-9efd561d6d57@group-199B584234DF-FollowerState] INFO  server.RaftServerConfigKeys (ConfUtils.java:logFallback(53)) - raft.server.rpc.first-election.timeout.max = 5200ms (fallback to raft.server.rpc.timeout.max)
2022-11-07 13:08:53,051 [grpc-default-executor-3] INFO  server.RaftServer$Division (RaftServerImpl.java:requestVote(1251)) - 4c8c7e9c-fcb8-4cf5-b401-3fb7accb4cdc@group-199B584234DF replies to ELECTION vote request: 2277c71a-7226-47f8-a4ca-90f752095403<-4c8c7e9c-fcb8-4cf5-b401-3fb7accb4cdc#0:OK-t1. Peer's state: 4c8c7e9c-fcb8-4cf5-b401-3fb7accb4cdc@group-199B584234DF:t1, leader=null, voted=2277c71a-7226-47f8-a4ca-90f752095403, raftlog=Memoized:4c8c7e9c-fcb8-4cf5-b401-3fb7accb4cdc@group-199B584234DF-SegmentedRaftLog:OPENED:c-1, conf=-1: peers:[4c8c7e9c-fcb8-4cf5-b401-3fb7accb4cdc|rpc:10.1.0.171:46431|dataStream:|priority:0|startupRole:FOLLOWER, 8b45bab1-f519-4e04-ad6f-9efd561d6d57|rpc:10.1.0.171:33673|dataStream:|priority:0|startupRole:FOLLOWER, 2277c71a-7226-47f8-a4ca-90f752095403|rpc:10.1.0.171:35629|dataStream:|priority:1|startupRole:FOLLOWER]|listeners:[], old=null
2022-11-07 13:08:53,059 [2277c71a-7226-47f8-a4ca-90f752095403@group-0F702FC51EF1-LeaderElection9] INFO  impl.LeaderElection (LeaderElection.java:logAndReturn(90)) - 2277c71a-7226-47f8-a4ca-90f752095403@group-0F702FC51EF1-LeaderElection9: ELECTION REJECTED received 2 response(s) and 0 exception(s):
2022-11-07 13:08:53,059 [2277c71a-7226-47f8-a4ca-90f752095403@group-0F702FC51EF1-LeaderElection9] INFO  impl.LeaderElection (LeaderElection.java:logAndReturn(94)) -   Response 0: 2277c71a-7226-47f8-a4ca-90f752095403<-4c8c7e9c-fcb8-4cf5-b401-3fb7accb4cdc#0:OK-t1
2022-11-07 13:08:53,059 [2277c71a-7226-47f8-a4ca-90f752095403@group-0F702FC51EF1-LeaderElection9] INFO  impl.LeaderElection (LeaderElection.java:logAndReturn(94)) -   Response 1: 2277c71a-7226-47f8-a4ca-90f752095403<-8b45bab1-f519-4e04-ad6f-9efd561d6d57#0:FAIL-t1
2022-11-07 13:08:53,060 [2277c71a-7226-47f8-a4ca-90f752095403@group-0F702FC51EF1-LeaderElection9] INFO  impl.LeaderElection (LeaderElection.java:askForVotes(314)) - 2277c71a-7226-47f8-a4ca-90f752095403@group-0F702FC51EF1-LeaderElection9 ELECTION round 0: result REJECTED
2022-11-07 13:08:53,060 [2277c71a-7226-47f8-a4ca-90f752095403@group-0F702FC51EF1-LeaderElection9] INFO  server.RaftServer$Division (RaftServerImpl.java:setRole(321)) - 2277c71a-7226-47f8-a4ca-90f752095403@group-0F702FC51EF1: changes role from CANDIDATE to FOLLOWER at term 1 for REJECTED
2022-11-07 13:08:53,060 [2277c71a-7226-47f8-a4ca-90f752095403@group-0F702FC51EF1-LeaderElection9] INFO  impl.RoleInfo (RoleInfo.java:shutdownLeaderElection(130)) - 2277c71a-7226-47f8-a4ca-90f752095403: shutdown 2277c71a-7226-47f8-a4ca-90f752095403@group-0F702FC51EF1-LeaderElection9
2022-11-07 13:08:53,060 [2277c71a-7226-47f8-a4ca-90f752095403@group-0F702FC51EF1-LeaderElection9] INFO  impl.RoleInfo (RoleInfo.java:updateAndGet(139)) - 2277c71a-7226-47f8-a4ca-90f752095403: start 2277c71a-7226-47f8-a4ca-90f752095403@group-0F702FC51EF1-FollowerState
2022-11-07 13:08:53,063 [grpc-default-executor-4] INFO  server.RaftServer$Division (RaftServerImpl.java:requestVote(1251)) - 8b45bab1-f519-4e04-ad6f-9efd561d6d57@group-199B584234DF replies to ELECTION vote request: 2277c71a-7226-47f8-a4ca-90f752095403<-8b45bab1-f519-4e04-ad6f-9efd561d6d57#0:OK-t1. Peer's state: 8b45bab1-f519-4e04-ad6f-9efd561d6d57@group-199B584234DF:t1, leader=null, voted=2277c71a-7226-47f8-a4ca-90f752095403, raftlog=Memoized:8b45bab1-f519-4e04-ad6f-9efd561d6d57@group-199B584234DF-SegmentedRaftLog:OPENED:c-1, conf=-1: peers:[4c8c7e9c-fcb8-4cf5-b401-3fb7accb4cdc|rpc:10.1.0.171:46431|dataStream:|priority:0|startupRole:FOLLOWER, 8b45bab1-f519-4e04-ad6f-9efd561d6d57|rpc:10.1.0.171:33673|dataStream:|priority:0|startupRole:FOLLOWER, 2277c71a-7226-47f8-a4ca-90f752095403|rpc:10.1.0.171:35629|dataStream:|priority:1|startupRole:FOLLOWER]|listeners:[], old=null
2022-11-07 13:08:53,065 [2277c71a-7226-47f8-a4ca-90f752095403@group-199B584234DF-LeaderElection10] INFO  impl.LeaderElection (LeaderElection.java:logAndReturn(90)) - 2277c71a-7226-47f8-a4ca-90f752095403@group-199B584234DF-LeaderElection10: ELECTION PASSED received 1 response(s) and 0 exception(s):
2022-11-07 13:08:53,065 [2277c71a-7226-47f8-a4ca-90f752095403@group-199B584234DF-LeaderElection10] INFO  impl.LeaderElection (LeaderElection.java:logAndReturn(94)) -   Response 0: 2277c71a-7226-47f8-a4ca-90f752095403<-4c8c7e9c-fcb8-4cf5-b401-3fb7accb4cdc#0:OK-t1
2022-11-07 13:08:53,065 [2277c71a-7226-47f8-a4ca-90f752095403@group-199B584234DF-LeaderElection10] INFO  impl.LeaderElection (LeaderElection.java:askForVotes(314)) - 2277c71a-7226-47f8-a4ca-90f752095403@group-199B584234DF-LeaderElection10 ELECTION round 0: result PASSED
2022-11-07 13:08:53,065 [2277c71a-7226-47f8-a4ca-90f752095403@group-199B584234DF-LeaderElection10] INFO  impl.RoleInfo (RoleInfo.java:shutdownLeaderElection(130)) - 2277c71a-7226-47f8-a4ca-90f752095403: shutdown 2277c71a-7226-47f8-a4ca-90f752095403@group-199B584234DF-LeaderElection10
2022-11-07 13:08:53,065 [2277c71a-7226-47f8-a4ca-90f752095403@group-199B584234DF-LeaderElection10] INFO  server.RaftServer$Division (RaftServerImpl.java:setRole(321)) - 2277c71a-7226-47f8-a4ca-90f752095403@group-199B584234DF: changes role from CANDIDATE to LEADER at term 1 for changeToLeader
2022-11-07 13:08:53,065 [2277c71a-7226-47f8-a4ca-90f752095403@group-199B584234DF-LeaderElection10] INFO  ratis.XceiverServerRatis (XceiverServerRatis.java:handleLeaderChangedNotification(863)) - Leader change notification received for group: group-199B584234DF with new leaderId: 2277c71a-7226-47f8-a4ca-90f752095403
2022-11-07 13:08:53,065 [2277c71a-7226-47f8-a4ca-90f752095403@group-199B584234DF-LeaderElection10] INFO  server.RaftServer$Division (ServerState.java:setLeader(313)) - 2277c71a-7226-47f8-a4ca-90f752095403@group-199B584234DF: change Leader from null to 2277c71a-7226-47f8-a4ca-90f752095403 at term 1 for becomeLeader, leader elected after 5093ms
2022-11-07 13:08:53,065 [2277c71a-7226-47f8-a4ca-90f752095403@group-199B584234DF-LeaderElection10] INFO  server.RaftServerConfigKeys (ConfUtils.java:logGet(46)) - raft.server.staging.catchup.gap = 1000 (default)
2022-11-07 13:08:53,066 [2277c71a-7226-47f8-a4ca-90f752095403@group-199B584234DF-LeaderElection10] INFO  server.RaftServerConfigKeys (ConfUtils.java:logGet(46)) - raft.server.write.element-limit = 1024 (custom)
2022-11-07 13:08:53,066 [2277c71a-7226-47f8-a4ca-90f752095403@group-199B584234DF-LeaderElection10] INFO  server.RaftServerConfigKeys (ConfUtils.java:logGet(46)) - raft.server.write.byte-limit = 1024 M (=1073741824) (custom)
2022-11-07 13:08:53,066 [Listener at 127.0.0.1/42403] INFO  rpc.RpcClient (RpcClient.java:createVolume(472)) - Creating Volume: d4b62e8b-0933-488e-9bcf-62f64c8145ed, with runner as owner and space quota set to -1 bytes, counts quota set to -1
2022-11-07 13:08:53,068 [EventQueue-PipelineReportForPipelineReportHandler] INFO  pipeline.PipelineManagerImpl (PipelineManagerImpl.java:openPipeline(367)) - Pipeline Pipeline[ Id: ef765816-2baf-4ec2-bfd0-199b584234df, Nodes: 4c8c7e9c-fcb8-4cf5-b401-3fb7accb4cdc{ip: 10.1.0.171, host: fv-az255-291.sbdzdnwsxtye1lzl1wgdhvzhwg.dx.internal.cloudapp.net, ports: [REPLICATION=36497, RATIS=46431, RATIS_ADMIN=46431, RATIS_SERVER=46431, STANDALONE=38777], networkLocation: /default-rack, certSerialId: null, persistedOpState: IN_SERVICE, persistedOpStateExpiryEpochSec: 0}2277c71a-7226-47f8-a4ca-90f752095403{ip: 10.1.0.171, host: fv-az255-291.sbdzdnwsxtye1lzl1wgdhvzhwg.dx.internal.cloudapp.net, ports: [REPLICATION=38469, RATIS=35629, RATIS_ADMIN=35629, RATIS_SERVER=35629, STANDALONE=42231], networkLocation: /default-rack, certSerialId: null, persistedOpState: IN_SERVICE, persistedOpStateExpiryEpochSec: 0}8b45bab1-f519-4e04-ad6f-9efd561d6d57{ip: 10.1.0.171, host: fv-az255-291.sbdzdnwsxtye1lzl1wgdhvzhwg.dx.internal.cloudapp.net, ports: [REPLICATION=34333, RATIS=33673, RATIS_ADMIN=33673, RATIS_SERVER=33673, STANDALONE=46671], networkLocation: /default-rack, certSerialId: null, persistedOpState: IN_SERVICE, persistedOpStateExpiryEpochSec: 0}, ReplicationConfig: RATIS/THREE, State:ALLOCATED, leaderId:2277c71a-7226-47f8-a4ca-90f752095403, CreationTimestamp2022-11-07T13:08:45.582Z[Etc/UTC]] moved to OPEN state
2022-11-07 13:08:53,066 [2277c71a-7226-47f8-a4ca-90f752095403@group-199B584234DF-LeaderElection10] INFO  server.RaftServerConfigKeys (ConfUtils.java:logGet(46)) - raft.server.watch.timeout = 180s (custom)
2022-11-07 13:08:53,070 [2277c71a-7226-47f8-a4ca-90f752095403@group-199B584234DF-LeaderElection10] INFO  server.RaftServerConfigKeys (ConfUtils.java:logGet(46)) - raft.server.watch.timeout.denomination = 1s (default)
2022-11-07 13:08:53,070 [2277c71a-7226-47f8-a4ca-90f752095403@group-199B584234DF-LeaderElection10] INFO  server.RaftServerConfigKeys (ConfUtils.java:logGet(46)) - raft.server.watch.element-limit = 65536 (default)
2022-11-07 13:08:53,070 [2277c71a-7226-47f8-a4ca-90f752095403@group-199B584234DF-LeaderElection10] INFO  server.RaftServerConfigKeys (ConfUtils.java:logGet(46)) - raft.server.write.element-limit = 1024 (custom)
2022-11-07 13:08:53,070 [2277c71a-7226-47f8-a4ca-90f752095403@group-199B584234DF-LeaderElection10] INFO  server.RaftServerConfigKeys (ConfUtils.java:logGet(46)) - raft.server.write.follower.gap.ratio.max = -1.0 (default)
2022-11-07 13:08:53,071 [2277c71a-7226-47f8-a4ca-90f752095403@group-199B584234DF-LeaderElection10] INFO  server.RaftServerConfigKeys (ConfUtils.java:logGet(46)) - raft.server.log.appender.snapshot.chunk.size.max = 16MB (=16777216) (default)
2022-11-07 13:08:53,071 [2277c71a-7226-47f8-a4ca-90f752095403@group-199B584234DF-LeaderElection10] INFO  server.RaftServerConfigKeys (ConfUtils.java:logGet(46)) - raft.server.log.appender.buffer.byte-limit = 33554432 (custom)
2022-11-07 13:08:53,071 [2277c71a-7226-47f8-a4ca-90f752095403@group-199B584234DF-LeaderElection10] INFO  server.RaftServerConfigKeys (ConfUtils.java:logGet(46)) - raft.server.log.appender.buffer.element-limit = 1 (custom)
2022-11-07 13:08:53,071 [2277c71a-7226-47f8-a4ca-90f752095403@group-199B584234DF-LeaderElection10] INFO  grpc.GrpcConfigKeys (ConfUtils.java:logGet(46)) - raft.grpc.server.leader.outstanding.appends.max = 128 (default)
2022-11-07 13:08:53,071 [2277c71a-7226-47f8-a4ca-90f752095403@group-199B584234DF-LeaderElection10] INFO  server.RaftServerConfigKeys (ConfUtils.java:logGet(46)) - raft.server.rpc.request.timeout = 60s (custom)
2022-11-07 13:08:53,072 [2277c71a-7226-47f8-a4ca-90f752095403@group-199B584234DF-LeaderElection10] INFO  server.RaftServerConfigKeys (ConfUtils.java:logGet(46)) - raft.server.log.appender.install.snapshot.enabled = false (custom)
2022-11-07 13:08:53,072 [2277c71a-7226-47f8-a4ca-90f752095403@group-199B584234DF-LeaderElection10] INFO  grpc.GrpcConfigKeys (ConfUtils.java:logGet(46)) - raft.grpc.server.heartbeat.channel = true (default)
2022-11-07 13:08:53,072 [2277c71a-7226-47f8-a4ca-90f752095403@group-199B584234DF-LeaderElection10] INFO  server.RaftServerConfigKeys (ConfUtils.java:logGet(46)) - raft.server.log.appender.wait-time.min = 10ms (default)
2022-11-07 13:08:53,073 [2277c71a-7226-47f8-a4ca-90f752095403@group-199B584234DF-LeaderElection10] INFO  server.RaftServerConfigKeys (ConfUtils.java:logGet(46)) - raft.server.log.appender.snapshot.chunk.size.max = 16MB (=16777216) (default)
2022-11-07 13:08:53,073 [2277c71a-7226-47f8-a4ca-90f752095403@group-199B584234DF-LeaderElection10] INFO  server.RaftServerConfigKeys (ConfUtils.java:logGet(46)) - raft.server.log.appender.buffer.byte-limit = 33554432 (custom)
2022-11-07 13:08:53,073 [2277c71a-7226-47f8-a4ca-90f752095403@group-199B584234DF-LeaderElection10] INFO  server.RaftServerConfigKeys (ConfUtils.java:logGet(46)) - raft.server.log.appender.buffer.element-limit = 1 (custom)
2022-11-07 13:08:53,073 [2277c71a-7226-47f8-a4ca-90f752095403@group-199B584234DF-LeaderElection10] INFO  grpc.GrpcConfigKeys (ConfUtils.java:logGet(46)) - raft.grpc.server.leader.outstanding.appends.max = 128 (default)
2022-11-07 13:08:53,073 [2277c71a-7226-47f8-a4ca-90f752095403@group-199B584234DF-LeaderElection10] INFO  server.RaftServerConfigKeys (ConfUtils.java:logGet(46)) - raft.server.rpc.request.timeout = 60s (custom)
2022-11-07 13:08:53,073 [2277c71a-7226-47f8-a4ca-90f752095403@group-199B584234DF-LeaderElection10] INFO  server.RaftServerConfigKeys (ConfUtils.java:logGet(46)) - raft.server.log.appender.install.snapshot.enabled = false (custom)
2022-11-07 13:08:53,073 [2277c71a-7226-47f8-a4ca-90f752095403@group-199B584234DF-LeaderElection10] INFO  grpc.GrpcConfigKeys (ConfUtils.java:logGet(46)) - raft.grpc.server.heartbeat.channel = true (default)
2022-11-07 13:08:53,073 [2277c71a-7226-47f8-a4ca-90f752095403@group-199B584234DF-LeaderElection10] INFO  server.RaftServerConfigKeys (ConfUtils.java:logGet(46)) - raft.server.log.appender.wait-time.min = 10ms (default)
2022-11-07 13:08:53,074 [2277c71a-7226-47f8-a4ca-90f752095403@group-199B584234DF-LeaderElection10] INFO  impl.RoleInfo (RoleInfo.java:updateAndGet(139)) - 2277c71a-7226-47f8-a4ca-90f752095403: start 2277c71a-7226-47f8-a4ca-90f752095403@group-199B584234DF-LeaderStateImpl
2022-11-07 13:08:53,074 [2277c71a-7226-47f8-a4ca-90f752095403@group-199B584234DF-LeaderElection10] INFO  segmented.SegmentedRaftLogWorker (SegmentedRaftLogWorker.java:startLogSegment(452)) - 2277c71a-7226-47f8-a4ca-90f752095403@group-199B584234DF-SegmentedRaftLogWorker: Starting segment from index:0
2022-11-07 13:08:53,074 [2277c71a-7226-47f8-a4ca-90f752095403@group-0F702FC51EF1-FollowerState] INFO  server.RaftServerConfigKeys (ConfUtils.java:logFallback(53)) - raft.server.rpc.first-election.timeout.min = 5s (fallback to raft.server.rpc.timeout.min)
2022-11-07 13:08:53,075 [2277c71a-7226-47f8-a4ca-90f752095403@group-0F702FC51EF1-FollowerState] INFO  server.RaftServerConfigKeys (ConfUtils.java:logFallback(53)) - raft.server.rpc.first-election.timeout.max = 5200ms (fallback to raft.server.rpc.timeout.max)
2022-11-07 13:08:53,077 [2277c71a-7226-47f8-a4ca-90f752095403@group-199B584234DF-SegmentedRaftLogWorker] INFO  segmented.SegmentedRaftLogWorker (SegmentedRaftLogWorker.java:execute(656)) - 2277c71a-7226-47f8-a4ca-90f752095403@group-199B584234DF-SegmentedRaftLogWorker: created new log segment /home/runner/work/ozone/ozone/hadoop-ozone/integration-test/target/test-dir/MiniOzoneClusterImpl-2a90587d-8655-4e72-8ce6-1bf59b520396/datanode-3/data/ratis/ef765816-2baf-4ec2-bfd0-199b584234df/current/log_inprogress_0
2022-11-07 13:08:53,083 [2277c71a-7226-47f8-a4ca-90f752095403@group-199B584234DF-LeaderElection10] INFO  server.RaftServer$Division (ServerState.java:setRaftConf(430)) - 2277c71a-7226-47f8-a4ca-90f752095403@group-199B584234DF: set configuration 0: peers:[4c8c7e9c-fcb8-4cf5-b401-3fb7accb4cdc|rpc:10.1.0.171:46431|dataStream:|priority:0|startupRole:FOLLOWER, 8b45bab1-f519-4e04-ad6f-9efd561d6d57|rpc:10.1.0.171:33673|dataStream:|priority:0|startupRole:FOLLOWER, 2277c71a-7226-47f8-a4ca-90f752095403|rpc:10.1.0.171:35629|dataStream:|priority:1|startupRole:FOLLOWER]|listeners:[], old=null
2022-11-07 13:08:53,137 [8b45bab1-f519-4e04-ad6f-9efd561d6d57-server-thread2] INFO  ratis.XceiverServerRatis (XceiverServerRatis.java:handleLeaderChangedNotification(863)) - Leader change notification received for group: group-199B584234DF with new leaderId: 2277c71a-7226-47f8-a4ca-90f752095403
2022-11-07 13:08:53,137 [8b45bab1-f519-4e04-ad6f-9efd561d6d57-server-thread2] INFO  server.RaftServer$Division (ServerState.java:setLeader(313)) - 8b45bab1-f519-4e04-ad6f-9efd561d6d57@group-199B584234DF: change Leader from null to 2277c71a-7226-47f8-a4ca-90f752095403 at term 1 for appendEntries, leader elected after 5071ms
2022-11-07 13:08:53,137 [4c8c7e9c-fcb8-4cf5-b401-3fb7accb4cdc-server-thread1] INFO  ratis.XceiverServerRatis (XceiverServerRatis.java:handleLeaderChangedNotification(863)) - Leader change notification received for group: group-199B584234DF with new leaderId: 2277c71a-7226-47f8-a4ca-90f752095403
2022-11-07 13:08:53,138 [4c8c7e9c-fcb8-4cf5-b401-3fb7accb4cdc-server-thread1] INFO  server.RaftServer$Division (ServerState.java:setLeader(313)) - 4c8c7e9c-fcb8-4cf5-b401-3fb7accb4cdc@group-199B584234DF: change Leader from null to 2277c71a-7226-47f8-a4ca-90f752095403 at term 1 for appendEntries, leader elected after 5110ms
2022-11-07 13:08:53,148 [8b45bab1-f519-4e04-ad6f-9efd561d6d57-server-thread2] INFO  server.RaftServer$Division (ServerState.java:setRaftConf(430)) - 8b45bab1-f519-4e04-ad6f-9efd561d6d57@group-199B584234DF: set configuration 0: peers:[4c8c7e9c-fcb8-4cf5-b401-3fb7accb4cdc|rpc:10.1.0.171:46431|dataStream:|priority:0|startupRole:FOLLOWER, 8b45bab1-f519-4e04-ad6f-9efd561d6d57|rpc:10.1.0.171:33673|dataStream:|priority:0|startupRole:FOLLOWER, 2277c71a-7226-47f8-a4ca-90f752095403|rpc:10.1.0.171:35629|dataStream:|priority:1|startupRole:FOLLOWER]|listeners:[], old=null
2022-11-07 13:08:53,148 [8b45bab1-f519-4e04-ad6f-9efd561d6d57-server-thread2] INFO  segmented.SegmentedRaftLogWorker (SegmentedRaftLogWorker.java:startLogSegment(452)) - 8b45bab1-f519-4e04-ad6f-9efd561d6d57@group-199B584234DF-SegmentedRaftLogWorker: Starting segment from index:0
2022-11-07 13:08:53,148 [4c8c7e9c-fcb8-4cf5-b401-3fb7accb4cdc-server-thread1] INFO  server.RaftServer$Division (ServerState.java:setRaftConf(430)) - 4c8c7e9c-fcb8-4cf5-b401-3fb7accb4cdc@group-199B584234DF: set configuration 0: peers:[4c8c7e9c-fcb8-4cf5-b401-3fb7accb4cdc|rpc:10.1.0.171:46431|dataStream:|priority:0|startupRole:FOLLOWER, 8b45bab1-f519-4e04-ad6f-9efd561d6d57|rpc:10.1.0.171:33673|dataStream:|priority:0|startupRole:FOLLOWER, 2277c71a-7226-47f8-a4ca-90f752095403|rpc:10.1.0.171:35629|dataStream:|priority:1|startupRole:FOLLOWER]|listeners:[], old=null
2022-11-07 13:08:53,148 [4c8c7e9c-fcb8-4cf5-b401-3fb7accb4cdc-server-thread1] INFO  segmented.SegmentedRaftLogWorker (SegmentedRaftLogWorker.java:startLogSegment(452)) - 4c8c7e9c-fcb8-4cf5-b401-3fb7accb4cdc@group-199B584234DF-SegmentedRaftLogWorker: Starting segment from index:0
2022-11-07 13:08:53,161 [8b45bab1-f519-4e04-ad6f-9efd561d6d57@group-199B584234DF-SegmentedRaftLogWorker] INFO  segmented.SegmentedRaftLogWorker (SegmentedRaftLogWorker.java:execute(656)) - 8b45bab1-f519-4e04-ad6f-9efd561d6d57@group-199B584234DF-SegmentedRaftLogWorker: created new log segment /home/runner/work/ozone/ozone/hadoop-ozone/integration-test/target/test-dir/MiniOzoneClusterImpl-2a90587d-8655-4e72-8ce6-1bf59b520396/datanode-4/data/ratis/ef765816-2baf-4ec2-bfd0-199b584234df/current/log_inprogress_0
2022-11-07 13:08:53,162 [4c8c7e9c-fcb8-4cf5-b401-3fb7accb4cdc@group-199B584234DF-SegmentedRaftLogWorker] INFO  segmented.SegmentedRaftLogWorker (SegmentedRaftLogWorker.java:execute(656)) - 4c8c7e9c-fcb8-4cf5-b401-3fb7accb4cdc@group-199B584234DF-SegmentedRaftLogWorker: created new log segment /home/runner/work/ozone/ozone/hadoop-ozone/integration-test/target/test-dir/MiniOzoneClusterImpl-2a90587d-8655-4e72-8ce6-1bf59b520396/datanode-5/data/ratis/ef765816-2baf-4ec2-bfd0-199b584234df/current/log_inprogress_0
2022-11-07 13:08:53,187 [OM StateMachine ApplyTransaction Thread - 0] INFO  volume.OMVolumeCreateRequest (OMVolumeCreateRequest.java:validateAndUpdateCache(195)) - created volume:d4b62e8b-0933-488e-9bcf-62f64c8145ed for user:runner
2022-11-07 13:08:53,213 [Listener at 127.0.0.1/42403] INFO  rpc.RpcClient (RpcClient.java:createBucket(691)) - Creating Bucket: d4b62e8b-0933-488e-9bcf-62f64c8145ed/d4b62e8b-0933-488e-9bcf-62f64c8145ed, with server-side default bucket layout, runner as owner, Versioning false, Storage Type set to DISK and Encryption set to false 
2022-11-07 13:08:53,237 [OM StateMachine ApplyTransaction Thread - 0] INFO  bucket.OMBucketCreateRequest (OMBucketCreateRequest.java:validateAndUpdateCache(260)) - created bucket: d4b62e8b-0933-488e-9bcf-62f64c8145ed of layout LEGACY in volume: d4b62e8b-0933-488e-9bcf-62f64c8145ed
2022-11-07 13:08:53,268 [Listener at 127.0.0.1/42403] INFO  rpc.RpcClient (RpcClient.java:createBucket(691)) - Creating Bucket: d4b62e8b-0933-488e-9bcf-62f64c8145ed/349aa61f-9351-4011-b244-8cf99b138d2c, with server-side default bucket layout, runner as owner, Versioning false, Storage Type set to DISK and Encryption set to false 
2022-11-07 13:08:53,283 [OM StateMachine ApplyTransaction Thread - 0] INFO  bucket.OMBucketCreateRequest (OMBucketCreateRequest.java:validateAndUpdateCache(260)) - created bucket: 349aa61f-9351-4011-b244-8cf99b138d2c of layout LEGACY in volume: d4b62e8b-0933-488e-9bcf-62f64c8145ed
2022-11-07 13:08:53,299 [8b45bab1-f519-4e04-ad6f-9efd561d6d57@group-FCFD6ADF178B-FollowerState] INFO  impl.FollowerState (FollowerState.java:run(143)) - 8b45bab1-f519-4e04-ad6f-9efd561d6d57@group-FCFD6ADF178B-FollowerState: change to CANDIDATE, lastRpcElapsedTime:5186014495ns, electionTimeout:5184ms
2022-11-07 13:08:53,299 [8b45bab1-f519-4e04-ad6f-9efd561d6d57@group-FCFD6ADF178B-FollowerState] INFO  impl.RoleInfo (RoleInfo.java:shutdownFollowerState(110)) - 8b45bab1-f519-4e04-ad6f-9efd561d6d57: shutdown 8b45bab1-f519-4e04-ad6f-9efd561d6d57@group-FCFD6ADF178B-FollowerState
2022-11-07 13:08:53,299 [8b45bab1-f519-4e04-ad6f-9efd561d6d57@group-FCFD6ADF178B-FollowerState] INFO  server.RaftServer$Division (RaftServerImpl.java:setRole(321)) - 8b45bab1-f519-4e04-ad6f-9efd561d6d57@group-FCFD6ADF178B: changes role from  FOLLOWER to CANDIDATE at term 0 for changeToCandidate
2022-11-07 13:08:53,299 [8b45bab1-f519-4e04-ad6f-9efd561d6d57@group-FCFD6ADF178B-FollowerState] INFO  server.RaftServerConfigKeys (ConfUtils.java:logGet(46)) - raft.server.leaderelection.pre-vote = false (custom)
2022-11-07 13:08:53,299 [8b45bab1-f519-4e04-ad6f-9efd561d6d57@group-FCFD6ADF178B-FollowerState] INFO  impl.RoleInfo (RoleInfo.java:updateAndGet(139)) - 8b45bab1-f519-4e04-ad6f-9efd561d6d57: start 8b45bab1-f519-4e04-ad6f-9efd561d6d57@group-FCFD6ADF178B-LeaderElection11
2022-11-07 13:08:53,308 [8b45bab1-f519-4e04-ad6f-9efd561d6d57@group-FCFD6ADF178B-LeaderElection11] INFO  impl.LeaderElection (LeaderElection.java:askForVotes(312)) - 8b45bab1-f519-4e04-ad6f-9efd561d6d57@group-FCFD6ADF178B-LeaderElection11 ELECTION round 0: submit vote requests at term 1 for -1: peers:[8b45bab1-f519-4e04-ad6f-9efd561d6d57|rpc:10.1.0.171:33673|priority:1|startupRole:FOLLOWER]|listeners:[], old=null
2022-11-07 13:08:53,309 [8b45bab1-f519-4e04-ad6f-9efd561d6d57@group-FCFD6ADF178B-LeaderElection11] INFO  impl.LeaderElection (LeaderElection.java:askForVotes(314)) - 8b45bab1-f519-4e04-ad6f-9efd561d6d57@group-FCFD6ADF178B-LeaderElection11 ELECTION round 0: result PASSED (term=1)
2022-11-07 13:08:53,309 [8b45bab1-f519-4e04-ad6f-9efd561d6d57@group-FCFD6ADF178B-LeaderElection11] INFO  impl.RoleInfo (RoleInfo.java:shutdownLeaderElection(130)) - 8b45bab1-f519-4e04-ad6f-9efd561d6d57: shutdown 8b45bab1-f519-4e04-ad6f-9efd561d6d57@group-FCFD6ADF178B-LeaderElection11
2022-11-07 13:08:53,309 [8b45bab1-f519-4e04-ad6f-9efd561d6d57@group-FCFD6ADF178B-LeaderElection11] INFO  server.RaftServer$Division (RaftServerImpl.java:setRole(321)) - 8b45bab1-f519-4e04-ad6f-9efd561d6d57@group-FCFD6ADF178B: changes role from CANDIDATE to LEADER at term 1 for changeToLeader
2022-11-07 13:08:53,309 [8b45bab1-f519-4e04-ad6f-9efd561d6d57@group-FCFD6ADF178B-LeaderElection11] INFO  ratis.XceiverServerRatis (XceiverServerRatis.java:handleLeaderChangedNotification(863)) - Leader change notification received for group: group-FCFD6ADF178B with new leaderId: 8b45bab1-f519-4e04-ad6f-9efd561d6d57
2022-11-07 13:08:53,309 [8b45bab1-f519-4e04-ad6f-9efd561d6d57@group-FCFD6ADF178B-LeaderElection11] INFO  server.RaftServer$Division (ServerState.java:setLeader(313)) - 8b45bab1-f519-4e04-ad6f-9efd561d6d57@group-FCFD6ADF178B: change Leader from null to 8b45bab1-f519-4e04-ad6f-9efd561d6d57 at term 1 for becomeLeader, leader elected after 5210ms
2022-11-07 13:08:53,309 [8b45bab1-f519-4e04-ad6f-9efd561d6d57@group-FCFD6ADF178B-LeaderElection11] INFO  server.RaftServerConfigKeys (ConfUtils.java:logGet(46)) - raft.server.staging.catchup.gap = 1000 (default)
2022-11-07 13:08:53,310 [8b45bab1-f519-4e04-ad6f-9efd561d6d57@group-FCFD6ADF178B-LeaderElection11] INFO  server.RaftServerConfigKeys (ConfUtils.java:logGet(46)) - raft.server.write.element-limit = 1024 (custom)
2022-11-07 13:08:53,310 [8b45bab1-f519-4e04-ad6f-9efd561d6d57@group-FCFD6ADF178B-LeaderElection11] INFO  server.RaftServerConfigKeys (ConfUtils.java:logGet(46)) - raft.server.write.byte-limit = 1024 M (=1073741824) (custom)
2022-11-07 13:08:53,310 [8b45bab1-f519-4e04-ad6f-9efd561d6d57@group-FCFD6ADF178B-LeaderElection11] INFO  server.RaftServerConfigKeys (ConfUtils.java:logGet(46)) - raft.server.watch.timeout = 180s (custom)
2022-11-07 13:08:53,310 [8b45bab1-f519-4e04-ad6f-9efd561d6d57@group-FCFD6ADF178B-LeaderElection11] INFO  server.RaftServerConfigKeys (ConfUtils.java:logGet(46)) - raft.server.watch.timeout.denomination = 1s (default)
2022-11-07 13:08:53,310 [8b45bab1-f519-4e04-ad6f-9efd561d6d57@group-FCFD6ADF178B-LeaderElection11] INFO  server.RaftServerConfigKeys (ConfUtils.java:logGet(46)) - raft.server.watch.element-limit = 65536 (default)
2022-11-07 13:08:53,310 [8b45bab1-f519-4e04-ad6f-9efd561d6d57@group-FCFD6ADF178B-LeaderElection11] INFO  server.RaftServerConfigKeys (ConfUtils.java:logGet(46)) - raft.server.write.element-limit = 1024 (custom)
2022-11-07 13:08:53,310 [8b45bab1-f519-4e04-ad6f-9efd561d6d57@group-FCFD6ADF178B-LeaderElection11] INFO  server.RaftServerConfigKeys (ConfUtils.java:logGet(46)) - raft.server.write.follower.gap.ratio.max = -1.0 (default)
2022-11-07 13:08:53,310 [8b45bab1-f519-4e04-ad6f-9efd561d6d57@group-FCFD6ADF178B-LeaderElection11] INFO  impl.RoleInfo (RoleInfo.java:updateAndGet(139)) - 8b45bab1-f519-4e04-ad6f-9efd561d6d57: start 8b45bab1-f519-4e04-ad6f-9efd561d6d57@group-FCFD6ADF178B-LeaderStateImpl
2022-11-07 13:08:53,311 [8b45bab1-f519-4e04-ad6f-9efd561d6d57@group-FCFD6ADF178B-LeaderElection11] INFO  segmented.SegmentedRaftLogWorker (SegmentedRaftLogWorker.java:startLogSegment(452)) - 8b45bab1-f519-4e04-ad6f-9efd561d6d57@group-FCFD6ADF178B-SegmentedRaftLogWorker: Starting segment from index:0
2022-11-07 13:08:53,314 [8b45bab1-f519-4e04-ad6f-9efd561d6d57@group-FCFD6ADF178B-SegmentedRaftLogWorker] INFO  segmented.SegmentedRaftLogWorker (SegmentedRaftLogWorker.java:execute(656)) - 8b45bab1-f519-4e04-ad6f-9efd561d6d57@group-FCFD6ADF178B-SegmentedRaftLogWorker: created new log segment /home/runner/work/ozone/ozone/hadoop-ozone/integration-test/target/test-dir/MiniOzoneClusterImpl-2a90587d-8655-4e72-8ce6-1bf59b520396/datanode-4/data/ratis/bc9fa752-ba9d-4d6b-a33c-fcfd6adf178b/current/log_inprogress_0
2022-11-07 13:08:53,320 [8b45bab1-f519-4e04-ad6f-9efd561d6d57@group-FCFD6ADF178B-LeaderElection11] INFO  server.RaftServer$Division (ServerState.java:setRaftConf(430)) - 8b45bab1-f519-4e04-ad6f-9efd561d6d57@group-FCFD6ADF178B: set configuration 0: peers:[8b45bab1-f519-4e04-ad6f-9efd561d6d57|rpc:10.1.0.171:33673|dataStream:|priority:1|startupRole:FOLLOWER]|listeners:[], old=null
2022-11-07 13:08:53,370 [IPC Server handler 7 on default port 42553] INFO  pipeline.PipelineStateManagerImpl (PipelineStateManagerImpl.java:addPipeline(103)) - Created pipeline Pipeline[ Id: 2ca55d49-8072-46b3-8679-b866fe92299b, Nodes: 8bab8527-0d32-4ef2-9c82-248b5a5867bf{ip: 10.1.0.171, host: fv-az255-291.sbdzdnwsxtye1lzl1wgdhvzhwg.dx.internal.cloudapp.net, ports: [REPLICATION=39049, RATIS=42469, RATIS_ADMIN=42469, RATIS_SERVER=42469, STANDALONE=36367], networkLocation: /default-rack, certSerialId: null, persistedOpState: null, persistedOpStateExpiryEpochSec: 0}2277c71a-7226-47f8-a4ca-90f752095403{ip: 10.1.0.171, host: fv-az255-291.sbdzdnwsxtye1lzl1wgdhvzhwg.dx.internal.cloudapp.net, ports: [REPLICATION=38469, RATIS=35629, RATIS_ADMIN=35629, RATIS_SERVER=35629, STANDALONE=42231], networkLocation: /default-rack, certSerialId: null, persistedOpState: null, persistedOpStateExpiryEpochSec: 0}1810f6e6-5580-46b0-b88d-9b5f15cbee6a{ip: 10.1.0.171, host: fv-az255-291.sbdzdnwsxtye1lzl1wgdhvzhwg.dx.internal.cloudapp.net, ports: [REPLICATION=43399, RATIS=37795, RATIS_ADMIN=37795, RATIS_SERVER=37795, STANDALONE=38201], networkLocation: /default-rack, certSerialId: null, persistedOpState: null, persistedOpStateExpiryEpochSec: 0}8b45bab1-f519-4e04-ad6f-9efd561d6d57{ip: 10.1.0.171, host: fv-az255-291.sbdzdnwsxtye1lzl1wgdhvzhwg.dx.internal.cloudapp.net, ports: [REPLICATION=34333, RATIS=33673, RATIS_ADMIN=33673, RATIS_SERVER=33673, STANDALONE=46671], networkLocation: /default-rack, certSerialId: null, persistedOpState: null, persistedOpStateExpiryEpochSec: 0}4c8c7e9c-fcb8-4cf5-b401-3fb7accb4cdc{ip: 10.1.0.171, host: fv-az255-291.sbdzdnwsxtye1lzl1wgdhvzhwg.dx.internal.cloudapp.net, ports: [REPLICATION=36497, RATIS=46431, RATIS_ADMIN=46431, RATIS_SERVER=46431, STANDALONE=38777], networkLocation: /default-rack, certSerialId: null, persistedOpState: null, persistedOpStateExpiryEpochSec: 0}, ReplicationConfig: EC/ECReplicationConfig{data=3, parity=2, ecChunkSize=1024, codec=rs}, State:ALLOCATED, leaderId:, CreationTimestamp2022-11-07T13:08:53.368Z[Etc/UTC]].
2022-11-07 13:08:53,372 [IPC Server handler 7 on default port 42553] INFO  ha.SequenceIdGenerator (SequenceIdGenerator.java:getNextId(128)) - Allocate a batch for containerId, change lastId from 0 to 1000.
2022-11-07 13:08:53,385 [IPC Server handler 7 on default port 42553] INFO  pipeline.PipelineManagerImpl (PipelineManagerImpl.java:openPipeline(367)) - Pipeline Pipeline[ Id: 2ca55d49-8072-46b3-8679-b866fe92299b, Nodes: 8bab8527-0d32-4ef2-9c82-248b5a5867bf{ip: 10.1.0.171, host: fv-az255-291.sbdzdnwsxtye1lzl1wgdhvzhwg.dx.internal.cloudapp.net, ports: [REPLICATION=39049, RATIS=42469, RATIS_ADMIN=42469, RATIS_SERVER=42469, STANDALONE=36367], networkLocation: /default-rack, certSerialId: null, persistedOpState: null, persistedOpStateExpiryEpochSec: 0}2277c71a-7226-47f8-a4ca-90f752095403{ip: 10.1.0.171, host: fv-az255-291.sbdzdnwsxtye1lzl1wgdhvzhwg.dx.internal.cloudapp.net, ports: [REPLICATION=38469, RATIS=35629, RATIS_ADMIN=35629, RATIS_SERVER=35629, STANDALONE=42231], networkLocation: /default-rack, certSerialId: null, persistedOpState: null, persistedOpStateExpiryEpochSec: 0}1810f6e6-5580-46b0-b88d-9b5f15cbee6a{ip: 10.1.0.171, host: fv-az255-291.sbdzdnwsxtye1lzl1wgdhvzhwg.dx.internal.cloudapp.net, ports: [REPLICATION=43399, RATIS=37795, RATIS_ADMIN=37795, RATIS_SERVER=37795, STANDALONE=38201], networkLocation: /default-rack, certSerialId: null, persistedOpState: null, persistedOpStateExpiryEpochSec: 0}8b45bab1-f519-4e04-ad6f-9efd561d6d57{ip: 10.1.0.171, host: fv-az255-291.sbdzdnwsxtye1lzl1wgdhvzhwg.dx.internal.cloudapp.net, ports: [REPLICATION=34333, RATIS=33673, RATIS_ADMIN=33673, RATIS_SERVER=33673, STANDALONE=46671], networkLocation: /default-rack, certSerialId: null, persistedOpState: null, persistedOpStateExpiryEpochSec: 0}4c8c7e9c-fcb8-4cf5-b401-3fb7accb4cdc{ip: 10.1.0.171, host: fv-az255-291.sbdzdnwsxtye1lzl1wgdhvzhwg.dx.internal.cloudapp.net, ports: [REPLICATION=36497, RATIS=46431, RATIS_ADMIN=46431, RATIS_SERVER=46431, STANDALONE=38777], networkLocation: /default-rack, certSerialId: null, persistedOpState: null, persistedOpStateExpiryEpochSec: 0}, ReplicationConfig: EC/ECReplicationConfig{data=3, parity=2, ecChunkSize=1024, codec=rs}, State:ALLOCATED, leaderId:, CreationTimestamp2022-11-07T13:08:53.368Z[Etc/UTC]] moved to OPEN state
2022-11-07 13:08:53,386 [IPC Server handler 7 on default port 42553] WARN  ha.SequenceIdGenerator (SequenceIdGenerator.java:allocateBatch(237)) - Failed to allocate a batch for localId, expected lastId is 0, actual lastId is 109611004723200000.
2022-11-07 13:08:53,387 [IPC Server handler 7 on default port 42553] INFO  ha.SequenceIdGenerator (SequenceIdGenerator.java:getNextId(128)) - Allocate a batch for localId, change lastId from 109611004723200000 to 109611004723201000.
2022-11-07 13:08:53,618 [Listener at 127.0.0.1/42403] WARN  erasurecode.ErasureCodeNative (ErasureCodeNative.java:<clinit>(55)) - ISA-L support is not available in your platform... using builtin-java codec where applicable
2022-11-07 13:08:53,762 [Listener at 127.0.0.1/42403] INFO  impl.MetricsSystemImpl (MetricsSystemImpl.java:init(158)) - XceiverClientMetrics metrics system started (again)
2022-11-07 13:08:53,800 [4c8c7e9c-fcb8-4cf5-b401-3fb7accb4cdc@group-068915523544-FollowerState] INFO  impl.FollowerState (FollowerState.java:run(143)) - 4c8c7e9c-fcb8-4cf5-b401-3fb7accb4cdc@group-068915523544-FollowerState: change to CANDIDATE, lastRpcElapsedTime:5193400795ns, electionTimeout:5191ms
2022-11-07 13:08:53,800 [4c8c7e9c-fcb8-4cf5-b401-3fb7accb4cdc@group-068915523544-FollowerState] INFO  impl.RoleInfo (RoleInfo.java:shutdownFollowerState(110)) - 4c8c7e9c-fcb8-4cf5-b401-3fb7accb4cdc: shutdown 4c8c7e9c-fcb8-4cf5-b401-3fb7accb4cdc@group-068915523544-FollowerState
2022-11-07 13:08:53,801 [4c8c7e9c-fcb8-4cf5-b401-3fb7accb4cdc@group-068915523544-FollowerState] INFO  server.RaftServer$Division (RaftServerImpl.java:setRole(321)) - 4c8c7e9c-fcb8-4cf5-b401-3fb7accb4cdc@group-068915523544: changes role from  FOLLOWER to CANDIDATE at term 0 for changeToCandidate
2022-11-07 13:08:53,801 [4c8c7e9c-fcb8-4cf5-b401-3fb7accb4cdc@group-068915523544-FollowerState] INFO  server.RaftServerConfigKeys (ConfUtils.java:logGet(46)) - raft.server.leaderelection.pre-vote = false (custom)
2022-11-07 13:08:53,801 [4c8c7e9c-fcb8-4cf5-b401-3fb7accb4cdc@group-068915523544-FollowerState] INFO  impl.RoleInfo (RoleInfo.java:updateAndGet(139)) - 4c8c7e9c-fcb8-4cf5-b401-3fb7accb4cdc: start 4c8c7e9c-fcb8-4cf5-b401-3fb7accb4cdc@group-068915523544-LeaderElection12
2022-11-07 13:08:53,811 [4c8c7e9c-fcb8-4cf5-b401-3fb7accb4cdc@group-068915523544-LeaderElection12] INFO  impl.LeaderElection (LeaderElection.java:askForVotes(312)) - 4c8c7e9c-fcb8-4cf5-b401-3fb7accb4cdc@group-068915523544-LeaderElection12 ELECTION round 0: submit vote requests at term 1 for -1: peers:[4c8c7e9c-fcb8-4cf5-b401-3fb7accb4cdc|rpc:10.1.0.171:46431|priority:1|startupRole:FOLLOWER]|listeners:[], old=null
2022-11-07 13:08:53,811 [4c8c7e9c-fcb8-4cf5-b401-3fb7accb4cdc@group-068915523544-LeaderElection12] INFO  impl.LeaderElection (LeaderElection.java:askForVotes(314)) - 4c8c7e9c-fcb8-4cf5-b401-3fb7accb4cdc@group-068915523544-LeaderElection12 ELECTION round 0: result PASSED (term=1)
2022-11-07 13:08:53,811 [4c8c7e9c-fcb8-4cf5-b401-3fb7accb4cdc@group-068915523544-LeaderElection12] INFO  impl.RoleInfo (RoleInfo.java:shutdownLeaderElection(130)) - 4c8c7e9c-fcb8-4cf5-b401-3fb7accb4cdc: shutdown 4c8c7e9c-fcb8-4cf5-b401-3fb7accb4cdc@group-068915523544-LeaderElection12
2022-11-07 13:08:53,811 [4c8c7e9c-fcb8-4cf5-b401-3fb7accb4cdc@group-068915523544-LeaderElection12] INFO  server.RaftServer$Division (RaftServerImpl.java:setRole(321)) - 4c8c7e9c-fcb8-4cf5-b401-3fb7accb4cdc@group-068915523544: changes role from CANDIDATE to LEADER at term 1 for changeToLeader
2022-11-07 13:08:53,811 [4c8c7e9c-fcb8-4cf5-b401-3fb7accb4cdc@group-068915523544-LeaderElection12] INFO  ratis.XceiverServerRatis (XceiverServerRatis.java:handleLeaderChangedNotification(863)) - Leader change notification received for group: group-068915523544 with new leaderId: 4c8c7e9c-fcb8-4cf5-b401-3fb7accb4cdc
2022-11-07 13:08:53,812 [4c8c7e9c-fcb8-4cf5-b401-3fb7accb4cdc@group-068915523544-LeaderElection12] INFO  server.RaftServer$Division (ServerState.java:setLeader(313)) - 4c8c7e9c-fcb8-4cf5-b401-3fb7accb4cdc@group-068915523544: change Leader from null to 4c8c7e9c-fcb8-4cf5-b401-3fb7accb4cdc at term 1 for becomeLeader, leader elected after 5235ms
2022-11-07 13:08:53,812 [4c8c7e9c-fcb8-4cf5-b401-3fb7accb4cdc@group-068915523544-LeaderElection12] INFO  server.RaftServerConfigKeys (ConfUtils.java:logGet(46)) - raft.server.staging.catchup.gap = 1000 (default)
2022-11-07 13:08:53,818 [4c8c7e9c-fcb8-4cf5-b401-3fb7accb4cdc@group-068915523544-LeaderElection12] INFO  server.RaftServerConfigKeys (ConfUtils.java:logGet(46)) - raft.server.write.element-limit = 1024 (custom)
2022-11-07 13:08:53,818 [4c8c7e9c-fcb8-4cf5-b401-3fb7accb4cdc@group-068915523544-LeaderElection12] INFO  server.RaftServerConfigKeys (ConfUtils.java:logGet(46)) - raft.server.write.byte-limit = 1024 M (=1073741824) (custom)
2022-11-07 13:08:53,819 [4c8c7e9c-fcb8-4cf5-b401-3fb7accb4cdc@group-068915523544-LeaderElection12] INFO  server.RaftServerConfigKeys (ConfUtils.java:logGet(46)) - raft.server.watch.timeout = 180s (custom)
2022-11-07 13:08:53,819 [4c8c7e9c-fcb8-4cf5-b401-3fb7accb4cdc@group-068915523544-LeaderElection12] INFO  server.RaftServerConfigKeys (ConfUtils.java:logGet(46)) - raft.server.watch.timeout.denomination = 1s (default)
2022-11-07 13:08:53,819 [4c8c7e9c-fcb8-4cf5-b401-3fb7accb4cdc@group-068915523544-LeaderElection12] INFO  server.RaftServerConfigKeys (ConfUtils.java:logGet(46)) - raft.server.watch.element-limit = 65536 (default)
2022-11-07 13:08:53,819 [4c8c7e9c-fcb8-4cf5-b401-3fb7accb4cdc@group-068915523544-LeaderElection12] INFO  server.RaftServerConfigKeys (ConfUtils.java:logGet(46)) - raft.server.write.element-limit = 1024 (custom)
2022-11-07 13:08:53,819 [4c8c7e9c-fcb8-4cf5-b401-3fb7accb4cdc@group-068915523544-LeaderElection12] INFO  server.RaftServerConfigKeys (ConfUtils.java:logGet(46)) - raft.server.write.follower.gap.ratio.max = -1.0 (default)
2022-11-07 13:08:53,819 [4c8c7e9c-fcb8-4cf5-b401-3fb7accb4cdc@group-068915523544-LeaderElection12] INFO  impl.RoleInfo (RoleInfo.java:updateAndGet(139)) - 4c8c7e9c-fcb8-4cf5-b401-3fb7accb4cdc: start 4c8c7e9c-fcb8-4cf5-b401-3fb7accb4cdc@group-068915523544-LeaderStateImpl
2022-11-07 13:08:53,819 [4c8c7e9c-fcb8-4cf5-b401-3fb7accb4cdc@group-068915523544-LeaderElection12] INFO  segmented.SegmentedRaftLogWorker (SegmentedRaftLogWorker.java:startLogSegment(452)) - 4c8c7e9c-fcb8-4cf5-b401-3fb7accb4cdc@group-068915523544-SegmentedRaftLogWorker: Starting segment from index:0
2022-11-07 13:08:53,823 [4c8c7e9c-fcb8-4cf5-b401-3fb7accb4cdc@group-068915523544-LeaderElection12] INFO  server.RaftServer$Division (ServerState.java:setRaftConf(430)) - 4c8c7e9c-fcb8-4cf5-b401-3fb7accb4cdc@group-068915523544: set configuration 0: peers:[4c8c7e9c-fcb8-4cf5-b401-3fb7accb4cdc|rpc:10.1.0.171:46431|dataStream:|priority:1|startupRole:FOLLOWER]|listeners:[], old=null
2022-11-07 13:08:53,824 [4c8c7e9c-fcb8-4cf5-b401-3fb7accb4cdc@group-068915523544-SegmentedRaftLogWorker] INFO  segmented.SegmentedRaftLogWorker (SegmentedRaftLogWorker.java:execute(656)) - 4c8c7e9c-fcb8-4cf5-b401-3fb7accb4cdc@group-068915523544-SegmentedRaftLogWorker: created new log segment /home/runner/work/ozone/ozone/hadoop-ozone/integration-test/target/test-dir/MiniOzoneClusterImpl-2a90587d-8655-4e72-8ce6-1bf59b520396/datanode-5/data/ratis/0c6d9f04-8127-4c35-b413-068915523544/current/log_inprogress_0
2022-11-07 13:08:54,158 [Listener at 127.0.0.1/42403] INFO  ozoneimpl.OzoneContainer (OzoneContainer.java:stop(400)) - Attempting to stop container services.
2022-11-07 13:08:54,167 [Listener at 127.0.0.1/42403] INFO  server.RaftServer (RaftServerProxy.java:lambda$close$6(409)) - 8bab8527-0d32-4ef2-9c82-248b5a5867bf: close
2022-11-07 13:08:54,168 [8bab8527-0d32-4ef2-9c82-248b5a5867bf-impl-thread1] INFO  server.RaftServer$Division (RaftServerImpl.java:lambda$close$4(458)) - 8bab8527-0d32-4ef2-9c82-248b5a5867bf@group-65CF6AC154C0: shutdown
2022-11-07 13:08:54,169 [8bab8527-0d32-4ef2-9c82-248b5a5867bf-impl-thread1] INFO  util.JmxRegister (JmxRegister.java:unregister(73)) - Successfully un-registered JMX Bean with object name Ratis:service=RaftServer,group=group-65CF6AC154C0,id=8bab8527-0d32-4ef2-9c82-248b5a5867bf
2022-11-07 13:08:54,169 [8bab8527-0d32-4ef2-9c82-248b5a5867bf-impl-thread1] INFO  impl.RoleInfo (RoleInfo.java:shutdownFollowerState(110)) - 8bab8527-0d32-4ef2-9c82-248b5a5867bf: shutdown 8bab8527-0d32-4ef2-9c82-248b5a5867bf@group-65CF6AC154C0-FollowerState
2022-11-07 13:08:54,169 [8bab8527-0d32-4ef2-9c82-248b5a5867bf@group-65CF6AC154C0-FollowerState] INFO  impl.FollowerState (FollowerState.java:run(152)) - 8bab8527-0d32-4ef2-9c82-248b5a5867bf@group-65CF6AC154C0-FollowerState was interrupted
2022-11-07 13:08:54,169 [8bab8527-0d32-4ef2-9c82-248b5a5867bf-impl-thread1] INFO  impl.StateMachineUpdater (StateMachineUpdater.java:stopAndJoin(153)) - 8bab8527-0d32-4ef2-9c82-248b5a5867bf@group-65CF6AC154C0-StateMachineUpdater: set stopIndex = -1
2022-11-07 13:08:54,172 [a8ad72fe-b4a4-4d4d-9a7f-b9692428a970@group-D14C5171AF91-FollowerState] INFO  impl.FollowerState (FollowerState.java:run(143)) - a8ad72fe-b4a4-4d4d-9a7f-b9692428a970@group-D14C5171AF91-FollowerState: change to CANDIDATE, lastRpcElapsedTime:5129254337ns, electionTimeout:5122ms
2022-11-07 13:08:54,173 [a8ad72fe-b4a4-4d4d-9a7f-b9692428a970@group-D14C5171AF91-FollowerState] INFO  impl.RoleInfo (RoleInfo.java:shutdownFollowerState(110)) - a8ad72fe-b4a4-4d4d-9a7f-b9692428a970: shutdown a8ad72fe-b4a4-4d4d-9a7f-b9692428a970@group-D14C5171AF91-FollowerState
2022-11-07 13:08:54,173 [a8ad72fe-b4a4-4d4d-9a7f-b9692428a970@group-D14C5171AF91-FollowerState] INFO  server.RaftServer$Division (RaftServerImpl.java:setRole(321)) - a8ad72fe-b4a4-4d4d-9a7f-b9692428a970@group-D14C5171AF91: changes role from  FOLLOWER to CANDIDATE at term 0 for changeToCandidate
2022-11-07 13:08:54,173 [8bab8527-0d32-4ef2-9c82-248b5a5867bf-impl-thread1] INFO  server.RaftServer$Division (ServerState.java:close(466)) - 8bab8527-0d32-4ef2-9c82-248b5a5867bf@group-65CF6AC154C0: closes. applyIndex: -1
2022-11-07 13:08:54,173 [a8ad72fe-b4a4-4d4d-9a7f-b9692428a970@group-D14C5171AF91-FollowerState] INFO  server.RaftServerConfigKeys (ConfUtils.java:logGet(46)) - raft.server.leaderelection.pre-vote = false (custom)
2022-11-07 13:08:54,173 [a8ad72fe-b4a4-4d4d-9a7f-b9692428a970@group-D14C5171AF91-FollowerState] INFO  impl.RoleInfo (RoleInfo.java:updateAndGet(139)) - a8ad72fe-b4a4-4d4d-9a7f-b9692428a970: start a8ad72fe-b4a4-4d4d-9a7f-b9692428a970@group-D14C5171AF91-LeaderElection13
2022-11-07 13:08:54,175 [8bab8527-0d32-4ef2-9c82-248b5a5867bf-impl-thread2] INFO  server.RaftServer$Division (RaftServerImpl.java:lambda$close$4(458)) - 8bab8527-0d32-4ef2-9c82-248b5a5867bf@group-B2CB90D6E01F: shutdown
2022-11-07 13:08:54,175 [8bab8527-0d32-4ef2-9c82-248b5a5867bf@group-65CF6AC154C0-SegmentedRaftLogWorker] INFO  segmented.SegmentedRaftLogWorker (SegmentedRaftLogWorker.java:run(345)) - 8bab8527-0d32-4ef2-9c82-248b5a5867bf@group-65CF6AC154C0-SegmentedRaftLogWorker was interrupted, exiting. There are 0 tasks remaining in the queue.
2022-11-07 13:08:54,175 [8bab8527-0d32-4ef2-9c82-248b5a5867bf-impl-thread2] INFO  util.JmxRegister (JmxRegister.java:unregister(73)) - Successfully un-registered JMX Bean with object name Ratis:service=RaftServer,group=group-B2CB90D6E01F,id=8bab8527-0d32-4ef2-9c82-248b5a5867bf
2022-11-07 13:08:54,175 [8bab8527-0d32-4ef2-9c82-248b5a5867bf-impl-thread2] INFO  impl.RoleInfo (RoleInfo.java:shutdownFollowerState(110)) - 8bab8527-0d32-4ef2-9c82-248b5a5867bf: shutdown 8bab8527-0d32-4ef2-9c82-248b5a5867bf@group-B2CB90D6E01F-FollowerState
2022-11-07 13:08:54,176 [8bab8527-0d32-4ef2-9c82-248b5a5867bf-impl-thread1] INFO  segmented.SegmentedRaftLogWorker (SegmentedRaftLogWorker.java:close(255)) - 8bab8527-0d32-4ef2-9c82-248b5a5867bf@group-65CF6AC154C0-SegmentedRaftLogWorker close()
2022-11-07 13:08:54,178 [8bab8527-0d32-4ef2-9c82-248b5a5867bf@group-B2CB90D6E01F-FollowerState] INFO  impl.FollowerState (FollowerState.java:run(152)) - 8bab8527-0d32-4ef2-9c82-248b5a5867bf@group-B2CB90D6E01F-FollowerState was interrupted
2022-11-07 13:08:54,178 [Listener at 127.0.0.1/42403] INFO  server.GrpcService (GrpcService.java:closeImpl(279)) - 8bab8527-0d32-4ef2-9c82-248b5a5867bf: shutdown server GrpcServerProtocolService now
2022-11-07 13:08:54,179 [8bab8527-0d32-4ef2-9c82-248b5a5867bf-impl-thread2] INFO  impl.StateMachineUpdater (StateMachineUpdater.java:stopAndJoin(153)) - 8bab8527-0d32-4ef2-9c82-248b5a5867bf@group-B2CB90D6E01F-StateMachineUpdater: set stopIndex = -1
2022-11-07 13:08:54,182 [8bab8527-0d32-4ef2-9c82-248b5a5867bf-impl-thread2] INFO  server.RaftServer$Division (ServerState.java:close(466)) - 8bab8527-0d32-4ef2-9c82-248b5a5867bf@group-B2CB90D6E01F: closes. applyIndex: -1
2022-11-07 13:08:54,183 [Listener at 127.0.0.1/42403] INFO  server.GrpcService (GrpcService.java:closeImpl(288)) - 8bab8527-0d32-4ef2-9c82-248b5a5867bf: shutdown server GrpcServerProtocolService successfully
2022-11-07 13:08:54,186 [8bab8527-0d32-4ef2-9c82-248b5a5867bf@group-B2CB90D6E01F-SegmentedRaftLogWorker] INFO  segmented.SegmentedRaftLogWorker (SegmentedRaftLogWorker.java:run(345)) - 8bab8527-0d32-4ef2-9c82-248b5a5867bf@group-B2CB90D6E01F-SegmentedRaftLogWorker was interrupted, exiting. There are 0 tasks remaining in the queue.
2022-11-07 13:08:54,186 [8bab8527-0d32-4ef2-9c82-248b5a5867bf-impl-thread2] INFO  segmented.SegmentedRaftLogWorker (SegmentedRaftLogWorker.java:close(255)) - 8bab8527-0d32-4ef2-9c82-248b5a5867bf@group-B2CB90D6E01F-SegmentedRaftLogWorker close()
2022-11-07 13:08:54,187 [a8ad72fe-b4a4-4d4d-9a7f-b9692428a970@group-65CF6AC154C0-FollowerState] INFO  impl.FollowerState (FollowerState.java:run(143)) - a8ad72fe-b4a4-4d4d-9a7f-b9692428a970@group-65CF6AC154C0-FollowerState: change to CANDIDATE, lastRpcElapsedTime:5115864987ns, electionTimeout:5110ms
2022-11-07 13:08:54,187 [a8ad72fe-b4a4-4d4d-9a7f-b9692428a970@group-65CF6AC154C0-FollowerState] INFO  impl.RoleInfo (RoleInfo.java:shutdownFollowerState(110)) - a8ad72fe-b4a4-4d4d-9a7f-b9692428a970: shutdown a8ad72fe-b4a4-4d4d-9a7f-b9692428a970@group-65CF6AC154C0-FollowerState
2022-11-07 13:08:54,187 [a8ad72fe-b4a4-4d4d-9a7f-b9692428a970@group-65CF6AC154C0-FollowerState] INFO  server.RaftServer$Division (RaftServerImpl.java:setRole(321)) - a8ad72fe-b4a4-4d4d-9a7f-b9692428a970@group-65CF6AC154C0: changes role from  FOLLOWER to CANDIDATE at term 0 for changeToCandidate
2022-11-07 13:08:54,187 [a8ad72fe-b4a4-4d4d-9a7f-b9692428a970@group-65CF6AC154C0-FollowerState] INFO  server.RaftServerConfigKeys (ConfUtils.java:logGet(46)) - raft.server.leaderelection.pre-vote = false (custom)
2022-11-07 13:08:54,188 [a8ad72fe-b4a4-4d4d-9a7f-b9692428a970@group-65CF6AC154C0-FollowerState] INFO  impl.RoleInfo (RoleInfo.java:updateAndGet(139)) - a8ad72fe-b4a4-4d4d-9a7f-b9692428a970: start a8ad72fe-b4a4-4d4d-9a7f-b9692428a970@group-65CF6AC154C0-LeaderElection14
2022-11-07 13:08:54,189 [8bab8527-0d32-4ef2-9c82-248b5a5867bf-impl-thread3] INFO  server.RaftServer$Division (RaftServerImpl.java:lambda$close$4(458)) - 8bab8527-0d32-4ef2-9c82-248b5a5867bf@group-BF7E77D1B3E1: shutdown
2022-11-07 13:08:54,189 [8bab8527-0d32-4ef2-9c82-248b5a5867bf-impl-thread3] INFO  util.JmxRegister (JmxRegister.java:unregister(73)) - Successfully un-registered JMX Bean with object name Ratis:service=RaftServer,group=group-BF7E77D1B3E1,id=8bab8527-0d32-4ef2-9c82-248b5a5867bf
2022-11-07 13:08:54,189 [8bab8527-0d32-4ef2-9c82-248b5a5867bf-impl-thread3] INFO  impl.RoleInfo (RoleInfo.java:shutdownFollowerState(110)) - 8bab8527-0d32-4ef2-9c82-248b5a5867bf: shutdown 8bab8527-0d32-4ef2-9c82-248b5a5867bf@group-BF7E77D1B3E1-FollowerState
2022-11-07 13:08:54,190 [8bab8527-0d32-4ef2-9c82-248b5a5867bf@group-BF7E77D1B3E1-FollowerState] INFO  impl.FollowerState (FollowerState.java:run(152)) - 8bab8527-0d32-4ef2-9c82-248b5a5867bf@group-BF7E77D1B3E1-FollowerState was interrupted
2022-11-07 13:08:54,190 [8bab8527-0d32-4ef2-9c82-248b5a5867bf-impl-thread3] INFO  impl.StateMachineUpdater (StateMachineUpdater.java:stopAndJoin(153)) - 8bab8527-0d32-4ef2-9c82-248b5a5867bf@group-BF7E77D1B3E1-StateMachineUpdater: set stopIndex = -1
2022-11-07 13:08:54,190 [8bab8527-0d32-4ef2-9c82-248b5a5867bf-impl-thread3] INFO  server.RaftServer$Division (ServerState.java:close(466)) - 8bab8527-0d32-4ef2-9c82-248b5a5867bf@group-BF7E77D1B3E1: closes. applyIndex: -1
2022-11-07 13:08:54,190 [8bab8527-0d32-4ef2-9c82-248b5a5867bf@group-BF7E77D1B3E1-SegmentedRaftLogWorker] INFO  segmented.SegmentedRaftLogWorker (SegmentedRaftLogWorker.java:run(345)) - 8bab8527-0d32-4ef2-9c82-248b5a5867bf@group-BF7E77D1B3E1-SegmentedRaftLogWorker was interrupted, exiting. There are 0 tasks remaining in the queue.
2022-11-07 13:08:54,194 [a8ad72fe-b4a4-4d4d-9a7f-b9692428a970@group-D14C5171AF91-LeaderElection13] INFO  impl.LeaderElection (LeaderElection.java:askForVotes(312)) - a8ad72fe-b4a4-4d4d-9a7f-b9692428a970@group-D14C5171AF91-LeaderElection13 ELECTION round 0: submit vote requests at term 1 for -1: peers:[a8ad72fe-b4a4-4d4d-9a7f-b9692428a970|rpc:10.1.0.171:39375|priority:1|startupRole:FOLLOWER]|listeners:[], old=null
2022-11-07 13:08:54,194 [a8ad72fe-b4a4-4d4d-9a7f-b9692428a970@group-D14C5171AF91-LeaderElection13] INFO  impl.LeaderElection (LeaderElection.java:askForVotes(314)) - a8ad72fe-b4a4-4d4d-9a7f-b9692428a970@group-D14C5171AF91-LeaderElection13 ELECTION round 0: result PASSED (term=1)
2022-11-07 13:08:54,194 [a8ad72fe-b4a4-4d4d-9a7f-b9692428a970@group-D14C5171AF91-LeaderElection13] INFO  impl.RoleInfo (RoleInfo.java:shutdownLeaderElection(130)) - a8ad72fe-b4a4-4d4d-9a7f-b9692428a970: shutdown a8ad72fe-b4a4-4d4d-9a7f-b9692428a970@group-D14C5171AF91-LeaderElection13
2022-11-07 13:08:54,194 [a8ad72fe-b4a4-4d4d-9a7f-b9692428a970@group-D14C5171AF91-LeaderElection13] INFO  server.RaftServer$Division (RaftServerImpl.java:setRole(321)) - a8ad72fe-b4a4-4d4d-9a7f-b9692428a970@group-D14C5171AF91: changes role from CANDIDATE to LEADER at term 1 for changeToLeader
2022-11-07 13:08:54,194 [a8ad72fe-b4a4-4d4d-9a7f-b9692428a970@group-D14C5171AF91-LeaderElection13] INFO  ratis.XceiverServerRatis (XceiverServerRatis.java:handleLeaderChangedNotification(863)) - Leader change notification received for group: group-D14C5171AF91 with new leaderId: a8ad72fe-b4a4-4d4d-9a7f-b9692428a970
2022-11-07 13:08:54,194 [a8ad72fe-b4a4-4d4d-9a7f-b9692428a970@group-D14C5171AF91-LeaderElection13] INFO  server.RaftServer$Division (ServerState.java:setLeader(313)) - a8ad72fe-b4a4-4d4d-9a7f-b9692428a970@group-D14C5171AF91: change Leader from null to a8ad72fe-b4a4-4d4d-9a7f-b9692428a970 at term 1 for becomeLeader, leader elected after 5182ms
2022-11-07 13:08:54,194 [a8ad72fe-b4a4-4d4d-9a7f-b9692428a970@group-D14C5171AF91-LeaderElection13] INFO  server.RaftServerConfigKeys (ConfUtils.java:logGet(46)) - raft.server.staging.catchup.gap = 1000 (default)
2022-11-07 13:08:54,195 [a8ad72fe-b4a4-4d4d-9a7f-b9692428a970@group-D14C5171AF91-LeaderElection13] INFO  server.RaftServerConfigKeys (ConfUtils.java:logGet(46)) - raft.server.write.element-limit = 1024 (custom)
2022-11-07 13:08:54,195 [a8ad72fe-b4a4-4d4d-9a7f-b9692428a970@group-D14C5171AF91-LeaderElection13] INFO  server.RaftServerConfigKeys (ConfUtils.java:logGet(46)) - raft.server.write.byte-limit = 1024 M (=1073741824) (custom)
2022-11-07 13:08:54,197 [a8ad72fe-b4a4-4d4d-9a7f-b9692428a970@group-D14C5171AF91-LeaderElection13] INFO  server.RaftServerConfigKeys (ConfUtils.java:logGet(46)) - raft.server.watch.timeout = 180s (custom)
2022-11-07 13:08:54,197 [a8ad72fe-b4a4-4d4d-9a7f-b9692428a970@group-D14C5171AF91-LeaderElection13] INFO  server.RaftServerConfigKeys (ConfUtils.java:logGet(46)) - raft.server.watch.timeout.denomination = 1s (default)
2022-11-07 13:08:54,197 [a8ad72fe-b4a4-4d4d-9a7f-b9692428a970@group-D14C5171AF91-LeaderElection13] INFO  server.RaftServerConfigKeys (ConfUtils.java:logGet(46)) - raft.server.watch.element-limit = 65536 (default)
2022-11-07 13:08:54,197 [a8ad72fe-b4a4-4d4d-9a7f-b9692428a970@group-D14C5171AF91-LeaderElection13] INFO  server.RaftServerConfigKeys (ConfUtils.java:logGet(46)) - raft.server.write.element-limit = 1024 (custom)
2022-11-07 13:08:54,197 [a8ad72fe-b4a4-4d4d-9a7f-b9692428a970@group-D14C5171AF91-LeaderElection13] INFO  server.RaftServerConfigKeys (ConfUtils.java:logGet(46)) - raft.server.write.follower.gap.ratio.max = -1.0 (default)
2022-11-07 13:08:54,197 [a8ad72fe-b4a4-4d4d-9a7f-b9692428a970@group-D14C5171AF91-LeaderElection13] INFO  impl.RoleInfo (RoleInfo.java:updateAndGet(139)) - a8ad72fe-b4a4-4d4d-9a7f-b9692428a970: start a8ad72fe-b4a4-4d4d-9a7f-b9692428a970@group-D14C5171AF91-LeaderStateImpl
2022-11-07 13:08:54,197 [a8ad72fe-b4a4-4d4d-9a7f-b9692428a970@group-D14C5171AF91-LeaderElection13] INFO  segmented.SegmentedRaftLogWorker (SegmentedRaftLogWorker.java:startLogSegment(452)) - a8ad72fe-b4a4-4d4d-9a7f-b9692428a970@group-D14C5171AF91-SegmentedRaftLogWorker: Starting segment from index:0
2022-11-07 13:08:54,198 [8bab8527-0d32-4ef2-9c82-248b5a5867bf-impl-thread3] INFO  segmented.SegmentedRaftLogWorker (SegmentedRaftLogWorker.java:close(255)) - 8bab8527-0d32-4ef2-9c82-248b5a5867bf@group-BF7E77D1B3E1-SegmentedRaftLogWorker close()
2022-11-07 13:08:54,205 [a8ad72fe-b4a4-4d4d-9a7f-b9692428a970@group-D14C5171AF91-SegmentedRaftLogWorker] INFO  segmented.SegmentedRaftLogWorker (SegmentedRaftLogWorker.java:execute(656)) - a8ad72fe-b4a4-4d4d-9a7f-b9692428a970@group-D14C5171AF91-SegmentedRaftLogWorker: created new log segment /home/runner/work/ozone/ozone/hadoop-ozone/integration-test/target/test-dir/MiniOzoneClusterImpl-2a90587d-8655-4e72-8ce6-1bf59b520396/datanode-6/data/ratis/679e896b-67ab-4a55-9f45-d14c5171af91/current/log_inprogress_0
2022-11-07 13:08:54,207 [a8ad72fe-b4a4-4d4d-9a7f-b9692428a970@group-65CF6AC154C0-LeaderElection14] INFO  impl.LeaderElection (LeaderElection.java:askForVotes(312)) - a8ad72fe-b4a4-4d4d-9a7f-b9692428a970@group-65CF6AC154C0-LeaderElection14 ELECTION round 0: submit vote requests at term 1 for -1: peers:[a8ad72fe-b4a4-4d4d-9a7f-b9692428a970|rpc:10.1.0.171:39375|priority:0|startupRole:FOLLOWER, 1810f6e6-5580-46b0-b88d-9b5f15cbee6a|rpc:10.1.0.171:37795|priority:0|startupRole:FOLLOWER, 8bab8527-0d32-4ef2-9c82-248b5a5867bf|rpc:10.1.0.171:42469|priority:1|startupRole:FOLLOWER]|listeners:[], old=null
2022-11-07 13:08:54,207 [a8ad72fe-b4a4-4d4d-9a7f-b9692428a970@group-D14C5171AF91-LeaderElection13] INFO  server.RaftServer$Division (ServerState.java:setRaftConf(430)) - a8ad72fe-b4a4-4d4d-9a7f-b9692428a970@group-D14C5171AF91: set configuration 0: peers:[a8ad72fe-b4a4-4d4d-9a7f-b9692428a970|rpc:10.1.0.171:39375|dataStream:|priority:1|startupRole:FOLLOWER]|listeners:[], old=null
2022-11-07 13:08:54,208 [a8ad72fe-b4a4-4d4d-9a7f-b9692428a970@group-65CF6AC154C0-LeaderElection14-1] INFO  server.GrpcServerProtocolClient (GrpcServerProtocolClient.java:<init>(63)) - Build channel for 1810f6e6-5580-46b0-b88d-9b5f15cbee6a
2022-11-07 13:08:54,210 [a8ad72fe-b4a4-4d4d-9a7f-b9692428a970@group-65CF6AC154C0-LeaderElection14] INFO  server.RaftServerConfigKeys (ConfUtils.java:logFallback(53)) - raft.server.rpc.first-election.timeout.min = 5s (fallback to raft.server.rpc.timeout.min)
2022-11-07 13:08:54,211 [a8ad72fe-b4a4-4d4d-9a7f-b9692428a970@group-65CF6AC154C0-LeaderElection14] INFO  server.RaftServerConfigKeys (ConfUtils.java:logFallback(53)) - raft.server.rpc.first-election.timeout.max = 5200ms (fallback to raft.server.rpc.timeout.max)
2022-11-07 13:08:54,213 [a8ad72fe-b4a4-4d4d-9a7f-b9692428a970@group-65CF6AC154C0-LeaderElection14-2] INFO  server.GrpcServerProtocolClient (GrpcServerProtocolClient.java:<init>(63)) - Build channel for 8bab8527-0d32-4ef2-9c82-248b5a5867bf
2022-11-07 13:08:54,213 [JvmPauseMonitor9] INFO  util.JvmPauseMonitor (JvmPauseMonitor.java:run(111)) - JvmPauseMonitor-8bab8527-0d32-4ef2-9c82-248b5a5867bf: Stopped
2022-11-07 13:08:54,226 [grpc-default-executor-1] INFO  server.RaftServer$Division (RaftServerImpl.java:requestVote(1218)) - 1810f6e6-5580-46b0-b88d-9b5f15cbee6a@group-65CF6AC154C0: receive requestVote(ELECTION, a8ad72fe-b4a4-4d4d-9a7f-b9692428a970, group-65CF6AC154C0, 1, (t:0, i:0))
2022-11-07 13:08:54,226 [grpc-default-executor-1] INFO  impl.VoteContext (VoteContext.java:log(48)) - 1810f6e6-5580-46b0-b88d-9b5f15cbee6a@group-65CF6AC154C0-FOLLOWER: accept ELECTION from a8ad72fe-b4a4-4d4d-9a7f-b9692428a970: our priority 0 <= candidate's priority 0
2022-11-07 13:08:54,226 [grpc-default-executor-1] INFO  server.RaftServer$Division (RaftServerImpl.java:setRole(321)) - 1810f6e6-5580-46b0-b88d-9b5f15cbee6a@group-65CF6AC154C0: changes role from  FOLLOWER to FOLLOWER at term 1 for candidate:a8ad72fe-b4a4-4d4d-9a7f-b9692428a970
2022-11-07 13:08:54,226 [grpc-default-executor-1] INFO  impl.RoleInfo (RoleInfo.java:shutdownFollowerState(110)) - 1810f6e6-5580-46b0-b88d-9b5f15cbee6a: shutdown 1810f6e6-5580-46b0-b88d-9b5f15cbee6a@group-65CF6AC154C0-FollowerState
2022-11-07 13:08:54,226 [grpc-default-executor-1] INFO  impl.RoleInfo (RoleInfo.java:updateAndGet(139)) - 1810f6e6-5580-46b0-b88d-9b5f15cbee6a: start 1810f6e6-5580-46b0-b88d-9b5f15cbee6a@group-65CF6AC154C0-FollowerState
2022-11-07 13:08:54,227 [1810f6e6-5580-46b0-b88d-9b5f15cbee6a@group-65CF6AC154C0-FollowerState] INFO  impl.FollowerState (FollowerState.java:run(152)) - 1810f6e6-5580-46b0-b88d-9b5f15cbee6a@group-65CF6AC154C0-FollowerState was interrupted
2022-11-07 13:08:54,229 [grpc-default-executor-1] INFO  server.RaftServer$Division (RaftServerImpl.java:requestVote(1251)) - 1810f6e6-5580-46b0-b88d-9b5f15cbee6a@group-65CF6AC154C0 replies to ELECTION vote request: a8ad72fe-b4a4-4d4d-9a7f-b9692428a970<-1810f6e6-5580-46b0-b88d-9b5f15cbee6a#0:OK-t1. Peer's state: 1810f6e6-5580-46b0-b88d-9b5f15cbee6a@group-65CF6AC154C0:t1, leader=null, voted=a8ad72fe-b4a4-4d4d-9a7f-b9692428a970, raftlog=Memoized:1810f6e6-5580-46b0-b88d-9b5f15cbee6a@group-65CF6AC154C0-SegmentedRaftLog:OPENED:c-1, conf=-1: peers:[a8ad72fe-b4a4-4d4d-9a7f-b9692428a970|rpc:10.1.0.171:39375|dataStream:|priority:0|startupRole:FOLLOWER, 1810f6e6-5580-46b0-b88d-9b5f15cbee6a|rpc:10.1.0.171:37795|dataStream:|priority:0|startupRole:FOLLOWER, 8bab8527-0d32-4ef2-9c82-248b5a5867bf|rpc:10.1.0.171:42469|dataStream:|priority:1|startupRole:FOLLOWER]|listeners:[], old=null
2022-11-07 13:08:54,235 [1810f6e6-5580-46b0-b88d-9b5f15cbee6a@group-65CF6AC154C0-FollowerState] INFO  server.RaftServerConfigKeys (ConfUtils.java:logFallback(53)) - raft.server.rpc.first-election.timeout.min = 5s (fallback to raft.server.rpc.timeout.min)
2022-11-07 13:08:54,235 [1810f6e6-5580-46b0-b88d-9b5f15cbee6a@group-65CF6AC154C0-FollowerState] INFO  server.RaftServerConfigKeys (ConfUtils.java:logFallback(53)) - raft.server.rpc.first-election.timeout.max = 5200ms (fallback to raft.server.rpc.timeout.max)
2022-11-07 13:08:54,243 [a8ad72fe-b4a4-4d4d-9a7f-b9692428a970@group-65CF6AC154C0-LeaderElection14] INFO  impl.LeaderElection (LogUtils.java:infoOrTrace(137)) - a8ad72fe-b4a4-4d4d-9a7f-b9692428a970@group-65CF6AC154C0-LeaderElection14 got exception when requesting votes: java.util.concurrent.ExecutionException: org.apache.ratis.thirdparty.io.grpc.StatusRuntimeException: UNAVAILABLE: io exception
2022-11-07 13:08:54,243 [a8ad72fe-b4a4-4d4d-9a7f-b9692428a970@group-65CF6AC154C0-LeaderElection14] INFO  impl.LeaderElection (LeaderElection.java:logAndReturn(90)) - a8ad72fe-b4a4-4d4d-9a7f-b9692428a970@group-65CF6AC154C0-LeaderElection14: ELECTION PASSED received 1 response(s) and 1 exception(s):
2022-11-07 13:08:54,243 [a8ad72fe-b4a4-4d4d-9a7f-b9692428a970@group-65CF6AC154C0-LeaderElection14] INFO  impl.LeaderElection (LeaderElection.java:logAndReturn(94)) -   Response 0: a8ad72fe-b4a4-4d4d-9a7f-b9692428a970<-1810f6e6-5580-46b0-b88d-9b5f15cbee6a#0:OK-t1
2022-11-07 13:08:54,243 [a8ad72fe-b4a4-4d4d-9a7f-b9692428a970@group-65CF6AC154C0-LeaderElection14] INFO  impl.LeaderElection (LogUtils.java:infoOrTrace(137)) -   Exception 1: java.util.concurrent.ExecutionException: org.apache.ratis.thirdparty.io.grpc.StatusRuntimeException: UNAVAILABLE: io exception
2022-11-07 13:08:54,243 [a8ad72fe-b4a4-4d4d-9a7f-b9692428a970@group-65CF6AC154C0-LeaderElection14] INFO  impl.LeaderElection (LeaderElection.java:askForVotes(314)) - a8ad72fe-b4a4-4d4d-9a7f-b9692428a970@group-65CF6AC154C0-LeaderElection14 ELECTION round 0: result PASSED
2022-11-07 13:08:54,243 [a8ad72fe-b4a4-4d4d-9a7f-b9692428a970@group-65CF6AC154C0-LeaderElection14] INFO  impl.RoleInfo (RoleInfo.java:shutdownLeaderElection(130)) - a8ad72fe-b4a4-4d4d-9a7f-b9692428a970: shutdown a8ad72fe-b4a4-4d4d-9a7f-b9692428a970@group-65CF6AC154C0-LeaderElection14
2022-11-07 13:08:54,245 [a8ad72fe-b4a4-4d4d-9a7f-b9692428a970@group-65CF6AC154C0-LeaderElection14] INFO  server.RaftServer$Division (RaftServerImpl.java:setRole(321)) - a8ad72fe-b4a4-4d4d-9a7f-b9692428a970@group-65CF6AC154C0: changes role from CANDIDATE to LEADER at term 1 for changeToLeader
2022-11-07 13:08:54,245 [a8ad72fe-b4a4-4d4d-9a7f-b9692428a970@group-65CF6AC154C0-LeaderElection14] INFO  ratis.XceiverServerRatis (XceiverServerRatis.java:handleLeaderChangedNotification(863)) - Leader change notification received for group: group-65CF6AC154C0 with new leaderId: a8ad72fe-b4a4-4d4d-9a7f-b9692428a970
2022-11-07 13:08:54,246 [a8ad72fe-b4a4-4d4d-9a7f-b9692428a970@group-65CF6AC154C0-LeaderElection14] INFO  server.RaftServer$Division (ServerState.java:setLeader(313)) - a8ad72fe-b4a4-4d4d-9a7f-b9692428a970@group-65CF6AC154C0: change Leader from null to a8ad72fe-b4a4-4d4d-9a7f-b9692428a970 at term 1 for becomeLeader, leader elected after 5190ms
2022-11-07 13:08:54,246 [a8ad72fe-b4a4-4d4d-9a7f-b9692428a970@group-65CF6AC154C0-LeaderElection14] INFO  server.RaftServerConfigKeys (ConfUtils.java:logGet(46)) - raft.server.staging.catchup.gap = 1000 (default)
2022-11-07 13:08:54,246 [a8ad72fe-b4a4-4d4d-9a7f-b9692428a970@group-65CF6AC154C0-LeaderElection14] INFO  server.RaftServerConfigKeys (ConfUtils.java:logGet(46)) - raft.server.write.element-limit = 1024 (custom)
2022-11-07 13:08:54,246 [a8ad72fe-b4a4-4d4d-9a7f-b9692428a970@group-65CF6AC154C0-LeaderElection14] INFO  server.RaftServerConfigKeys (ConfUtils.java:logGet(46)) - raft.server.write.byte-limit = 1024 M (=1073741824) (custom)
2022-11-07 13:08:54,248 [a8ad72fe-b4a4-4d4d-9a7f-b9692428a970@group-65CF6AC154C0-LeaderElection14] INFO  server.RaftServerConfigKeys (ConfUtils.java:logGet(46)) - raft.server.watch.timeout = 180s (custom)
2022-11-07 13:08:54,248 [a8ad72fe-b4a4-4d4d-9a7f-b9692428a970@group-65CF6AC154C0-LeaderElection14] INFO  server.RaftServerConfigKeys (ConfUtils.java:logGet(46)) - raft.server.watch.timeout.denomination = 1s (default)
2022-11-07 13:08:54,248 [a8ad72fe-b4a4-4d4d-9a7f-b9692428a970@group-65CF6AC154C0-LeaderElection14] INFO  server.RaftServerConfigKeys (ConfUtils.java:logGet(46)) - raft.server.watch.element-limit = 65536 (default)
2022-11-07 13:08:54,248 [a8ad72fe-b4a4-4d4d-9a7f-b9692428a970@group-65CF6AC154C0-LeaderElection14] INFO  server.RaftServerConfigKeys (ConfUtils.java:logGet(46)) - raft.server.write.element-limit = 1024 (custom)
2022-11-07 13:08:54,248 [a8ad72fe-b4a4-4d4d-9a7f-b9692428a970@group-65CF6AC154C0-LeaderElection14] INFO  server.RaftServerConfigKeys (ConfUtils.java:logGet(46)) - raft.server.write.follower.gap.ratio.max = -1.0 (default)
2022-11-07 13:08:54,249 [EventQueue-PipelineReportForPipelineReportHandler] INFO  pipeline.PipelineManagerImpl (PipelineManagerImpl.java:openPipeline(367)) - Pipeline Pipeline[ Id: 75bfd763-660f-4794-893b-65cf6ac154c0, Nodes: 1810f6e6-5580-46b0-b88d-9b5f15cbee6a{ip: 10.1.0.171, host: fv-az255-291.sbdzdnwsxtye1lzl1wgdhvzhwg.dx.internal.cloudapp.net, ports: [REPLICATION=43399, RATIS=37795, RATIS_ADMIN=37795, RATIS_SERVER=37795, STANDALONE=38201], networkLocation: /default-rack, certSerialId: null, persistedOpState: IN_SERVICE, persistedOpStateExpiryEpochSec: 0}8bab8527-0d32-4ef2-9c82-248b5a5867bf{ip: 10.1.0.171, host: fv-az255-291.sbdzdnwsxtye1lzl1wgdhvzhwg.dx.internal.cloudapp.net, ports: [REPLICATION=39049, RATIS=42469, RATIS_ADMIN=42469, RATIS_SERVER=42469, STANDALONE=36367], networkLocation: /default-rack, certSerialId: null, persistedOpState: IN_SERVICE, persistedOpStateExpiryEpochSec: 0}a8ad72fe-b4a4-4d4d-9a7f-b9692428a970{ip: 10.1.0.171, host: fv-az255-291.sbdzdnwsxtye1lzl1wgdhvzhwg.dx.internal.cloudapp.net, ports: [REPLICATION=43581, RATIS=39375, RATIS_ADMIN=39375, RATIS_SERVER=39375, STANDALONE=41719], networkLocation: /default-rack, certSerialId: null, persistedOpState: IN_SERVICE, persistedOpStateExpiryEpochSec: 0}, ReplicationConfig: RATIS/THREE, State:ALLOCATED, leaderId:a8ad72fe-b4a4-4d4d-9a7f-b9692428a970, CreationTimestamp2022-11-07T13:08:46.892Z[Etc/UTC]] moved to OPEN state
2022-11-07 13:08:54,249 [a8ad72fe-b4a4-4d4d-9a7f-b9692428a970@group-65CF6AC154C0-LeaderElection14] INFO  server.RaftServerConfigKeys (ConfUtils.java:logGet(46)) - raft.server.log.appender.snapshot.chunk.size.max = 16MB (=16777216) (default)
2022-11-07 13:08:54,249 [a8ad72fe-b4a4-4d4d-9a7f-b9692428a970@group-65CF6AC154C0-LeaderElection14] INFO  server.RaftServerConfigKeys (ConfUtils.java:logGet(46)) - raft.server.log.appender.buffer.byte-limit = 33554432 (custom)
2022-11-07 13:08:54,249 [a8ad72fe-b4a4-4d4d-9a7f-b9692428a970@group-65CF6AC154C0-LeaderElection14] INFO  server.RaftServerConfigKeys (ConfUtils.java:logGet(46)) - raft.server.log.appender.buffer.element-limit = 1 (custom)
2022-11-07 13:08:54,249 [a8ad72fe-b4a4-4d4d-9a7f-b9692428a970@group-65CF6AC154C0-LeaderElection14] INFO  grpc.GrpcConfigKeys (ConfUtils.java:logGet(46)) - raft.grpc.server.leader.outstanding.appends.max = 128 (default)
2022-11-07 13:08:54,249 [a8ad72fe-b4a4-4d4d-9a7f-b9692428a970@group-65CF6AC154C0-LeaderElection14] INFO  server.RaftServerConfigKeys (ConfUtils.java:logGet(46)) - raft.server.rpc.request.timeout = 60s (custom)
2022-11-07 13:08:54,250 [a8ad72fe-b4a4-4d4d-9a7f-b9692428a970@group-65CF6AC154C0-LeaderElection14] INFO  server.RaftServerConfigKeys (ConfUtils.java:logGet(46)) - raft.server.log.appender.install.snapshot.enabled = false (custom)
2022-11-07 13:08:54,250 [a8ad72fe-b4a4-4d4d-9a7f-b9692428a970@group-65CF6AC154C0-LeaderElection14] INFO  grpc.GrpcConfigKeys (ConfUtils.java:logGet(46)) - raft.grpc.server.heartbeat.channel = true (default)
2022-11-07 13:08:54,250 [a8ad72fe-b4a4-4d4d-9a7f-b9692428a970@group-65CF6AC154C0-LeaderElection14] INFO  server.RaftServerConfigKeys (ConfUtils.java:logGet(46)) - raft.server.log.appender.wait-time.min = 10ms (default)
2022-11-07 13:08:54,250 [a8ad72fe-b4a4-4d4d-9a7f-b9692428a970@group-65CF6AC154C0-LeaderElection14] INFO  server.RaftServerConfigKeys (ConfUtils.java:logGet(46)) - raft.server.log.appender.snapshot.chunk.size.max = 16MB (=16777216) (default)
2022-11-07 13:08:54,251 [a8ad72fe-b4a4-4d4d-9a7f-b9692428a970@group-65CF6AC154C0-LeaderElection14] INFO  server.RaftServerConfigKeys (ConfUtils.java:logGet(46)) - raft.server.log.appender.buffer.byte-limit = 33554432 (custom)
2022-11-07 13:08:54,251 [a8ad72fe-b4a4-4d4d-9a7f-b9692428a970@group-65CF6AC154C0-LeaderElection14] INFO  server.RaftServerConfigKeys (ConfUtils.java:logGet(46)) - raft.server.log.appender.buffer.element-limit = 1 (custom)
2022-11-07 13:08:54,251 [a8ad72fe-b4a4-4d4d-9a7f-b9692428a970@group-65CF6AC154C0-LeaderElection14] INFO  grpc.GrpcConfigKeys (ConfUtils.java:logGet(46)) - raft.grpc.server.leader.outstanding.appends.max = 128 (default)
2022-11-07 13:08:54,251 [a8ad72fe-b4a4-4d4d-9a7f-b9692428a970@group-65CF6AC154C0-LeaderElection14] INFO  server.RaftServerConfigKeys (ConfUtils.java:logGet(46)) - raft.server.rpc.request.timeout = 60s (custom)
2022-11-07 13:08:54,251 [a8ad72fe-b4a4-4d4d-9a7f-b9692428a970@group-65CF6AC154C0-LeaderElection14] INFO  server.RaftServerConfigKeys (ConfUtils.java:logGet(46)) - raft.server.log.appender.install.snapshot.enabled = false (custom)
2022-11-07 13:08:54,251 [a8ad72fe-b4a4-4d4d-9a7f-b9692428a970@group-65CF6AC154C0-LeaderElection14] INFO  grpc.GrpcConfigKeys (ConfUtils.java:logGet(46)) - raft.grpc.server.heartbeat.channel = true (default)
2022-11-07 13:08:54,251 [a8ad72fe-b4a4-4d4d-9a7f-b9692428a970@group-65CF6AC154C0-LeaderElection14] INFO  server.RaftServerConfigKeys (ConfUtils.java:logGet(46)) - raft.server.log.appender.wait-time.min = 10ms (default)
2022-11-07 13:08:54,251 [a8ad72fe-b4a4-4d4d-9a7f-b9692428a970@group-65CF6AC154C0-LeaderElection14] INFO  impl.RoleInfo (RoleInfo.java:updateAndGet(139)) - a8ad72fe-b4a4-4d4d-9a7f-b9692428a970: start a8ad72fe-b4a4-4d4d-9a7f-b9692428a970@group-65CF6AC154C0-LeaderStateImpl
2022-11-07 13:08:54,252 [a8ad72fe-b4a4-4d4d-9a7f-b9692428a970@group-65CF6AC154C0-LeaderElection14] INFO  segmented.SegmentedRaftLogWorker (SegmentedRaftLogWorker.java:startLogSegment(452)) - a8ad72fe-b4a4-4d4d-9a7f-b9692428a970@group-65CF6AC154C0-SegmentedRaftLogWorker: Starting segment from index:0
2022-11-07 13:08:54,255 [a8ad72fe-b4a4-4d4d-9a7f-b9692428a970@group-65CF6AC154C0-SegmentedRaftLogWorker] INFO  segmented.SegmentedRaftLogWorker (SegmentedRaftLogWorker.java:execute(656)) - a8ad72fe-b4a4-4d4d-9a7f-b9692428a970@group-65CF6AC154C0-SegmentedRaftLogWorker: created new log segment /home/runner/work/ozone/ozone/hadoop-ozone/integration-test/target/test-dir/MiniOzoneClusterImpl-2a90587d-8655-4e72-8ce6-1bf59b520396/datanode-6/data/ratis/75bfd763-660f-4794-893b-65cf6ac154c0/current/log_inprogress_0
2022-11-07 13:08:54,257 [a8ad72fe-b4a4-4d4d-9a7f-b9692428a970@group-65CF6AC154C0-LeaderElection14] INFO  server.RaftServer$Division (ServerState.java:setRaftConf(430)) - a8ad72fe-b4a4-4d4d-9a7f-b9692428a970@group-65CF6AC154C0: set configuration 0: peers:[a8ad72fe-b4a4-4d4d-9a7f-b9692428a970|rpc:10.1.0.171:39375|dataStream:|priority:0|startupRole:FOLLOWER, 1810f6e6-5580-46b0-b88d-9b5f15cbee6a|rpc:10.1.0.171:37795|dataStream:|priority:0|startupRole:FOLLOWER, 8bab8527-0d32-4ef2-9c82-248b5a5867bf|rpc:10.1.0.171:42469|dataStream:|priority:1|startupRole:FOLLOWER]|listeners:[], old=null
2022-11-07 13:08:54,270 [grpc-default-executor-4] WARN  server.GrpcLogAppender (LogUtils.java:warn(122)) - a8ad72fe-b4a4-4d4d-9a7f-b9692428a970@group-65CF6AC154C0->8bab8527-0d32-4ef2-9c82-248b5a5867bf-AppendLogResponseHandler: Failed appendEntries: org.apache.ratis.thirdparty.io.grpc.StatusRuntimeException: UNAVAILABLE: io exception
2022-11-07 13:08:54,275 [grpc-default-executor-0] WARN  server.GrpcLogAppender (LogUtils.java:warn(122)) - a8ad72fe-b4a4-4d4d-9a7f-b9692428a970@group-65CF6AC154C0->8bab8527-0d32-4ef2-9c82-248b5a5867bf-AppendLogResponseHandler: Failed appendEntries: org.apache.ratis.thirdparty.io.grpc.StatusRuntimeException: UNAVAILABLE: io exception
2022-11-07 13:08:54,276 [a8ad72fe-b4a4-4d4d-9a7f-b9692428a970@group-BF7E77D1B3E1-FollowerState] INFO  impl.FollowerState (FollowerState.java:run(143)) - a8ad72fe-b4a4-4d4d-9a7f-b9692428a970@group-BF7E77D1B3E1-FollowerState: change to CANDIDATE, lastRpcElapsedTime:5034662178ns, electionTimeout:5034ms
2022-11-07 13:08:54,276 [a8ad72fe-b4a4-4d4d-9a7f-b9692428a970@group-BF7E77D1B3E1-FollowerState] INFO  impl.RoleInfo (RoleInfo.java:shutdownFollowerState(110)) - a8ad72fe-b4a4-4d4d-9a7f-b9692428a970: shutdown a8ad72fe-b4a4-4d4d-9a7f-b9692428a970@group-BF7E77D1B3E1-FollowerState
2022-11-07 13:08:54,276 [a8ad72fe-b4a4-4d4d-9a7f-b9692428a970@group-BF7E77D1B3E1-FollowerState] INFO  server.RaftServer$Division (RaftServerImpl.java:setRole(321)) - a8ad72fe-b4a4-4d4d-9a7f-b9692428a970@group-BF7E77D1B3E1: changes role from  FOLLOWER to CANDIDATE at term 0 for changeToCandidate
2022-11-07 13:08:54,276 [a8ad72fe-b4a4-4d4d-9a7f-b9692428a970@group-BF7E77D1B3E1-FollowerState] INFO  server.RaftServerConfigKeys (ConfUtils.java:logGet(46)) - raft.server.leaderelection.pre-vote = false (custom)
2022-11-07 13:08:54,277 [a8ad72fe-b4a4-4d4d-9a7f-b9692428a970@group-BF7E77D1B3E1-FollowerState] INFO  impl.RoleInfo (RoleInfo.java:updateAndGet(139)) - a8ad72fe-b4a4-4d4d-9a7f-b9692428a970: start a8ad72fe-b4a4-4d4d-9a7f-b9692428a970@group-BF7E77D1B3E1-LeaderElection15
2022-11-07 13:08:54,283 [1810f6e6-5580-46b0-b88d-9b5f15cbee6a-server-thread1] INFO  ratis.XceiverServerRatis (XceiverServerRatis.java:handleLeaderChangedNotification(863)) - Leader change notification received for group: group-65CF6AC154C0 with new leaderId: a8ad72fe-b4a4-4d4d-9a7f-b9692428a970
2022-11-07 13:08:54,283 [1810f6e6-5580-46b0-b88d-9b5f15cbee6a-server-thread1] INFO  server.RaftServer$Division (ServerState.java:setLeader(313)) - 1810f6e6-5580-46b0-b88d-9b5f15cbee6a@group-65CF6AC154C0: change Leader from null to a8ad72fe-b4a4-4d4d-9a7f-b9692428a970 at term 1 for appendEntries, leader elected after 5183ms
2022-11-07 13:08:54,287 [1810f6e6-5580-46b0-b88d-9b5f15cbee6a-server-thread3] INFO  server.RaftServer$Division (ServerState.java:setRaftConf(430)) - 1810f6e6-5580-46b0-b88d-9b5f15cbee6a@group-65CF6AC154C0: set configuration 0: peers:[a8ad72fe-b4a4-4d4d-9a7f-b9692428a970|rpc:10.1.0.171:39375|dataStream:|priority:0|startupRole:FOLLOWER, 1810f6e6-5580-46b0-b88d-9b5f15cbee6a|rpc:10.1.0.171:37795|dataStream:|priority:0|startupRole:FOLLOWER, 8bab8527-0d32-4ef2-9c82-248b5a5867bf|rpc:10.1.0.171:42469|dataStream:|priority:1|startupRole:FOLLOWER]|listeners:[], old=null
2022-11-07 13:08:54,287 [grpc-default-executor-4] WARN  server.GrpcLogAppender (GrpcLogAppender.java:resetClient(131)) - a8ad72fe-b4a4-4d4d-9a7f-b9692428a970@group-65CF6AC154C0->8bab8527-0d32-4ef2-9c82-248b5a5867bf-GrpcLogAppender: Leader has not got in touch with Follower a8ad72fe-b4a4-4d4d-9a7f-b9692428a970@group-65CF6AC154C0->8bab8527-0d32-4ef2-9c82-248b5a5867bf(c-1,m0,n0, attendVote=true, lastRpcSendTime=14, lastRpcResponseTime=5238) yet, just keep nextIndex unchanged and retry.
2022-11-07 13:08:54,289 [grpc-default-executor-0] WARN  server.GrpcLogAppender (GrpcLogAppender.java:resetClient(131)) - a8ad72fe-b4a4-4d4d-9a7f-b9692428a970@group-65CF6AC154C0->8bab8527-0d32-4ef2-9c82-248b5a5867bf-GrpcLogAppender: Leader has not got in touch with Follower a8ad72fe-b4a4-4d4d-9a7f-b9692428a970@group-65CF6AC154C0->8bab8527-0d32-4ef2-9c82-248b5a5867bf(c-1,m0,n0, attendVote=true, lastRpcSendTime=15, lastRpcResponseTime=5240) yet, just keep nextIndex unchanged and retry.
2022-11-07 13:08:54,291 [grpc-default-executor-1] WARN  server.GrpcLogAppender (LogUtils.java:warn(122)) - a8ad72fe-b4a4-4d4d-9a7f-b9692428a970@group-65CF6AC154C0->8bab8527-0d32-4ef2-9c82-248b5a5867bf-AppendLogResponseHandler: Failed appendEntries: org.apache.ratis.thirdparty.io.grpc.StatusRuntimeException: UNAVAILABLE: io exception
2022-11-07 13:08:54,292 [grpc-default-executor-1] WARN  server.GrpcLogAppender (GrpcLogAppender.java:resetClient(131)) - a8ad72fe-b4a4-4d4d-9a7f-b9692428a970@group-65CF6AC154C0->8bab8527-0d32-4ef2-9c82-248b5a5867bf-GrpcLogAppender: Leader has not got in touch with Follower a8ad72fe-b4a4-4d4d-9a7f-b9692428a970@group-65CF6AC154C0->8bab8527-0d32-4ef2-9c82-248b5a5867bf(c-1,m0,n1, attendVote=true, lastRpcSendTime=0, lastRpcResponseTime=5243) yet, just keep nextIndex unchanged and retry.
2022-11-07 13:08:54,292 [grpc-default-executor-4] WARN  server.GrpcLogAppender (LogUtils.java:warn(122)) - a8ad72fe-b4a4-4d4d-9a7f-b9692428a970@group-65CF6AC154C0->8bab8527-0d32-4ef2-9c82-248b5a5867bf-AppendLogResponseHandler: Failed appendEntries: org.apache.ratis.thirdparty.io.grpc.StatusRuntimeException: UNAVAILABLE: io exception
2022-11-07 13:08:54,294 [grpc-default-executor-4] WARN  server.GrpcLogAppender (GrpcLogAppender.java:resetClient(131)) - a8ad72fe-b4a4-4d4d-9a7f-b9692428a970@group-65CF6AC154C0->8bab8527-0d32-4ef2-9c82-248b5a5867bf-GrpcLogAppender: Leader has not got in touch with Follower a8ad72fe-b4a4-4d4d-9a7f-b9692428a970@group-65CF6AC154C0->8bab8527-0d32-4ef2-9c82-248b5a5867bf(c-1,m0,n1, attendVote=true, lastRpcSendTime=2, lastRpcResponseTime=5245) yet, just keep nextIndex unchanged and retry.
2022-11-07 13:08:54,294 [1810f6e6-5580-46b0-b88d-9b5f15cbee6a-server-thread3] INFO  segmented.SegmentedRaftLogWorker (SegmentedRaftLogWorker.java:startLogSegment(452)) - 1810f6e6-5580-46b0-b88d-9b5f15cbee6a@group-65CF6AC154C0-SegmentedRaftLogWorker: Starting segment from index:0
2022-11-07 13:08:54,296 [a8ad72fe-b4a4-4d4d-9a7f-b9692428a970@group-BF7E77D1B3E1-LeaderElection15] INFO  impl.LeaderElection (LeaderElection.java:askForVotes(312)) - a8ad72fe-b4a4-4d4d-9a7f-b9692428a970@group-BF7E77D1B3E1-LeaderElection15 ELECTION round 0: submit vote requests at term 1 for -1: peers:[a8ad72fe-b4a4-4d4d-9a7f-b9692428a970|rpc:10.1.0.171:39375|priority:1|startupRole:FOLLOWER, 1810f6e6-5580-46b0-b88d-9b5f15cbee6a|rpc:10.1.0.171:37795|priority:0|startupRole:FOLLOWER, 8bab8527-0d32-4ef2-9c82-248b5a5867bf|rpc:10.1.0.171:42469|priority:0|startupRole:FOLLOWER]|listeners:[], old=null
2022-11-07 13:08:54,296 [1810f6e6-5580-46b0-b88d-9b5f15cbee6a@group-65CF6AC154C0-SegmentedRaftLogWorker] INFO  segmented.SegmentedRaftLogWorker (SegmentedRaftLogWorker.java:execute(656)) - 1810f6e6-5580-46b0-b88d-9b5f15cbee6a@group-65CF6AC154C0-SegmentedRaftLogWorker: created new log segment /home/runner/work/ozone/ozone/hadoop-ozone/integration-test/target/test-dir/MiniOzoneClusterImpl-2a90587d-8655-4e72-8ce6-1bf59b520396/datanode-7/data/ratis/75bfd763-660f-4794-893b-65cf6ac154c0/current/log_inprogress_0
2022-11-07 13:08:54,297 [a8ad72fe-b4a4-4d4d-9a7f-b9692428a970@group-BF7E77D1B3E1-LeaderElection15] INFO  server.RaftServerConfigKeys (ConfUtils.java:logFallback(53)) - raft.server.rpc.first-election.timeout.min = 5s (fallback to raft.server.rpc.timeout.min)
2022-11-07 13:08:54,297 [a8ad72fe-b4a4-4d4d-9a7f-b9692428a970@group-BF7E77D1B3E1-LeaderElection15] INFO  server.RaftServerConfigKeys (ConfUtils.java:logFallback(53)) - raft.server.rpc.first-election.timeout.max = 5200ms (fallback to raft.server.rpc.timeout.max)
2022-11-07 13:08:54,297 [a8ad72fe-b4a4-4d4d-9a7f-b9692428a970@group-BF7E77D1B3E1-LeaderElection15] INFO  impl.LeaderElection (LogUtils.java:infoOrTrace(137)) - a8ad72fe-b4a4-4d4d-9a7f-b9692428a970@group-BF7E77D1B3E1-LeaderElection15 got exception when requesting votes: java.util.concurrent.ExecutionException: org.apache.ratis.thirdparty.io.grpc.StatusRuntimeException: UNAVAILABLE: io exception
2022-11-07 13:08:54,304 [grpc-default-executor-4] INFO  server.RaftServer$Division (RaftServerImpl.java:requestVote(1218)) - 1810f6e6-5580-46b0-b88d-9b5f15cbee6a@group-BF7E77D1B3E1: receive requestVote(ELECTION, a8ad72fe-b4a4-4d4d-9a7f-b9692428a970, group-BF7E77D1B3E1, 1, (t:0, i:0))
2022-11-07 13:08:54,304 [grpc-default-executor-4] INFO  impl.VoteContext (VoteContext.java:log(48)) - 1810f6e6-5580-46b0-b88d-9b5f15cbee6a@group-BF7E77D1B3E1-FOLLOWER: accept ELECTION from a8ad72fe-b4a4-4d4d-9a7f-b9692428a970: our priority 0 <= candidate's priority 1
2022-11-07 13:08:54,304 [grpc-default-executor-4] INFO  server.RaftServer$Division (RaftServerImpl.java:setRole(321)) - 1810f6e6-5580-46b0-b88d-9b5f15cbee6a@group-BF7E77D1B3E1: changes role from  FOLLOWER to FOLLOWER at term 1 for candidate:a8ad72fe-b4a4-4d4d-9a7f-b9692428a970
2022-11-07 13:08:54,304 [grpc-default-executor-4] INFO  impl.RoleInfo (RoleInfo.java:shutdownFollowerState(110)) - 1810f6e6-5580-46b0-b88d-9b5f15cbee6a: shutdown 1810f6e6-5580-46b0-b88d-9b5f15cbee6a@group-BF7E77D1B3E1-FollowerState
2022-11-07 13:08:54,304 [grpc-default-executor-4] INFO  impl.RoleInfo (RoleInfo.java:updateAndGet(139)) - 1810f6e6-5580-46b0-b88d-9b5f15cbee6a: start 1810f6e6-5580-46b0-b88d-9b5f15cbee6a@group-BF7E77D1B3E1-FollowerState
2022-11-07 13:08:54,305 [1810f6e6-5580-46b0-b88d-9b5f15cbee6a@group-BF7E77D1B3E1-FollowerState] INFO  server.RaftServerConfigKeys (ConfUtils.java:logFallback(53)) - raft.server.rpc.first-election.timeout.min = 5s (fallback to raft.server.rpc.timeout.min)
2022-11-07 13:08:54,305 [1810f6e6-5580-46b0-b88d-9b5f15cbee6a@group-BF7E77D1B3E1-FollowerState] INFO  server.RaftServerConfigKeys (ConfUtils.java:logFallback(53)) - raft.server.rpc.first-election.timeout.max = 5200ms (fallback to raft.server.rpc.timeout.max)
2022-11-07 13:08:54,309 [1810f6e6-5580-46b0-b88d-9b5f15cbee6a@group-BF7E77D1B3E1-FollowerState] INFO  impl.FollowerState (FollowerState.java:run(152)) - 1810f6e6-5580-46b0-b88d-9b5f15cbee6a@group-BF7E77D1B3E1-FollowerState was interrupted
2022-11-07 13:08:54,309 [grpc-default-executor-4] INFO  server.RaftServer$Division (RaftServerImpl.java:requestVote(1251)) - 1810f6e6-5580-46b0-b88d-9b5f15cbee6a@group-BF7E77D1B3E1 replies to ELECTION vote request: a8ad72fe-b4a4-4d4d-9a7f-b9692428a970<-1810f6e6-5580-46b0-b88d-9b5f15cbee6a#0:OK-t1. Peer's state: 1810f6e6-5580-46b0-b88d-9b5f15cbee6a@group-BF7E77D1B3E1:t1, leader=null, voted=a8ad72fe-b4a4-4d4d-9a7f-b9692428a970, raftlog=Memoized:1810f6e6-5580-46b0-b88d-9b5f15cbee6a@group-BF7E77D1B3E1-SegmentedRaftLog:OPENED:c-1, conf=-1: peers:[a8ad72fe-b4a4-4d4d-9a7f-b9692428a970|rpc:10.1.0.171:39375|dataStream:|priority:1|startupRole:FOLLOWER, 1810f6e6-5580-46b0-b88d-9b5f15cbee6a|rpc:10.1.0.171:37795|dataStream:|priority:0|startupRole:FOLLOWER, 8bab8527-0d32-4ef2-9c82-248b5a5867bf|rpc:10.1.0.171:42469|dataStream:|priority:0|startupRole:FOLLOWER]|listeners:[], old=null
2022-11-07 13:08:54,314 [a8ad72fe-b4a4-4d4d-9a7f-b9692428a970@group-BF7E77D1B3E1-LeaderElection15] INFO  impl.LeaderElection (LeaderElection.java:logAndReturn(90)) - a8ad72fe-b4a4-4d4d-9a7f-b9692428a970@group-BF7E77D1B3E1-LeaderElection15: ELECTION PASSED received 1 response(s) and 1 exception(s):
2022-11-07 13:08:54,314 [a8ad72fe-b4a4-4d4d-9a7f-b9692428a970@group-BF7E77D1B3E1-LeaderElection15] INFO  impl.LeaderElection (LeaderElection.java:logAndReturn(94)) -   Response 0: a8ad72fe-b4a4-4d4d-9a7f-b9692428a970<-1810f6e6-5580-46b0-b88d-9b5f15cbee6a#0:OK-t1
2022-11-07 13:08:54,314 [a8ad72fe-b4a4-4d4d-9a7f-b9692428a970@group-BF7E77D1B3E1-LeaderElection15] INFO  impl.LeaderElection (LogUtils.java:infoOrTrace(137)) -   Exception 1: java.util.concurrent.ExecutionException: org.apache.ratis.thirdparty.io.grpc.StatusRuntimeException: UNAVAILABLE: io exception
2022-11-07 13:08:54,315 [a8ad72fe-b4a4-4d4d-9a7f-b9692428a970@group-BF7E77D1B3E1-LeaderElection15] INFO  impl.LeaderElection (LeaderElection.java:askForVotes(314)) - a8ad72fe-b4a4-4d4d-9a7f-b9692428a970@group-BF7E77D1B3E1-LeaderElection15 ELECTION round 0: result PASSED
2022-11-07 13:08:54,315 [a8ad72fe-b4a4-4d4d-9a7f-b9692428a970@group-BF7E77D1B3E1-LeaderElection15] INFO  impl.RoleInfo (RoleInfo.java:shutdownLeaderElection(130)) - a8ad72fe-b4a4-4d4d-9a7f-b9692428a970: shutdown a8ad72fe-b4a4-4d4d-9a7f-b9692428a970@group-BF7E77D1B3E1-LeaderElection15
2022-11-07 13:08:54,315 [a8ad72fe-b4a4-4d4d-9a7f-b9692428a970@group-BF7E77D1B3E1-LeaderElection15] INFO  server.RaftServer$Division (RaftServerImpl.java:setRole(321)) - a8ad72fe-b4a4-4d4d-9a7f-b9692428a970@group-BF7E77D1B3E1: changes role from CANDIDATE to LEADER at term 1 for changeToLeader
2022-11-07 13:08:54,315 [a8ad72fe-b4a4-4d4d-9a7f-b9692428a970@group-BF7E77D1B3E1-LeaderElection15] INFO  ratis.XceiverServerRatis (XceiverServerRatis.java:handleLeaderChangedNotification(863)) - Leader change notification received for group: group-BF7E77D1B3E1 with new leaderId: a8ad72fe-b4a4-4d4d-9a7f-b9692428a970
2022-11-07 13:08:54,315 [a8ad72fe-b4a4-4d4d-9a7f-b9692428a970@group-BF7E77D1B3E1-LeaderElection15] INFO  server.RaftServer$Division (ServerState.java:setLeader(313)) - a8ad72fe-b4a4-4d4d-9a7f-b9692428a970@group-BF7E77D1B3E1: change Leader from null to a8ad72fe-b4a4-4d4d-9a7f-b9692428a970 at term 1 for becomeLeader, leader elected after 5094ms
2022-11-07 13:08:54,315 [a8ad72fe-b4a4-4d4d-9a7f-b9692428a970@group-BF7E77D1B3E1-LeaderElection15] INFO  server.RaftServerConfigKeys (ConfUtils.java:logGet(46)) - raft.server.staging.catchup.gap = 1000 (default)
2022-11-07 13:08:54,315 [a8ad72fe-b4a4-4d4d-9a7f-b9692428a970@group-BF7E77D1B3E1-LeaderElection15] INFO  server.RaftServerConfigKeys (ConfUtils.java:logGet(46)) - raft.server.write.element-limit = 1024 (custom)
2022-11-07 13:08:54,315 [a8ad72fe-b4a4-4d4d-9a7f-b9692428a970@group-BF7E77D1B3E1-LeaderElection15] INFO  server.RaftServerConfigKeys (ConfUtils.java:logGet(46)) - raft.server.write.byte-limit = 1024 M (=1073741824) (custom)
2022-11-07 13:08:54,316 [a8ad72fe-b4a4-4d4d-9a7f-b9692428a970@group-BF7E77D1B3E1-LeaderElection15] INFO  server.RaftServerConfigKeys (ConfUtils.java:logGet(46)) - raft.server.watch.timeout = 180s (custom)
2022-11-07 13:08:54,316 [a8ad72fe-b4a4-4d4d-9a7f-b9692428a970@group-BF7E77D1B3E1-LeaderElection15] INFO  server.RaftServerConfigKeys (ConfUtils.java:logGet(46)) - raft.server.watch.timeout.denomination = 1s (default)
2022-11-07 13:08:54,316 [a8ad72fe-b4a4-4d4d-9a7f-b9692428a970@group-BF7E77D1B3E1-LeaderElection15] INFO  server.RaftServerConfigKeys (ConfUtils.java:logGet(46)) - raft.server.watch.element-limit = 65536 (default)
2022-11-07 13:08:54,316 [a8ad72fe-b4a4-4d4d-9a7f-b9692428a970@group-BF7E77D1B3E1-LeaderElection15] INFO  server.RaftServerConfigKeys (ConfUtils.java:logGet(46)) - raft.server.write.element-limit = 1024 (custom)
2022-11-07 13:08:54,316 [a8ad72fe-b4a4-4d4d-9a7f-b9692428a970@group-BF7E77D1B3E1-LeaderElection15] INFO  server.RaftServerConfigKeys (ConfUtils.java:logGet(46)) - raft.server.write.follower.gap.ratio.max = -1.0 (default)
2022-11-07 13:08:54,317 [EventQueue-PipelineReportForPipelineReportHandler] INFO  pipeline.PipelineManagerImpl (PipelineManagerImpl.java:openPipeline(367)) - Pipeline Pipeline[ Id: f1880885-540f-49c6-8261-bf7e77d1b3e1, Nodes: 1810f6e6-5580-46b0-b88d-9b5f15cbee6a{ip: 10.1.0.171, host: fv-az255-291.sbdzdnwsxtye1lzl1wgdhvzhwg.dx.internal.cloudapp.net, ports: [REPLICATION=43399, RATIS=37795, RATIS_ADMIN=37795, RATIS_SERVER=37795, STANDALONE=38201], networkLocation: /default-rack, certSerialId: null, persistedOpState: IN_SERVICE, persistedOpStateExpiryEpochSec: 0}a8ad72fe-b4a4-4d4d-9a7f-b9692428a970{ip: 10.1.0.171, host: fv-az255-291.sbdzdnwsxtye1lzl1wgdhvzhwg.dx.internal.cloudapp.net, ports: [REPLICATION=43581, RATIS=39375, RATIS_ADMIN=39375, RATIS_SERVER=39375, STANDALONE=41719], networkLocation: /default-rack, certSerialId: null, persistedOpState: IN_SERVICE, persistedOpStateExpiryEpochSec: 0}8bab8527-0d32-4ef2-9c82-248b5a5867bf{ip: 10.1.0.171, host: fv-az255-291.sbdzdnwsxtye1lzl1wgdhvzhwg.dx.internal.cloudapp.net, ports: [REPLICATION=39049, RATIS=42469, RATIS_ADMIN=42469, RATIS_SERVER=42469, STANDALONE=36367], networkLocation: /default-rack, certSerialId: null, persistedOpState: IN_SERVICE, persistedOpStateExpiryEpochSec: 0}, ReplicationConfig: RATIS/THREE, State:ALLOCATED, leaderId:a8ad72fe-b4a4-4d4d-9a7f-b9692428a970, CreationTimestamp2022-11-07T13:08:46.894Z[Etc/UTC]] moved to OPEN state
2022-11-07 13:08:54,318 [a8ad72fe-b4a4-4d4d-9a7f-b9692428a970@group-BF7E77D1B3E1-LeaderElection15] INFO  server.RaftServerConfigKeys (ConfUtils.java:logGet(46)) - raft.server.log.appender.snapshot.chunk.size.max = 16MB (=16777216) (default)
2022-11-07 13:08:54,318 [a8ad72fe-b4a4-4d4d-9a7f-b9692428a970@group-BF7E77D1B3E1-LeaderElection15] INFO  server.RaftServerConfigKeys (ConfUtils.java:logGet(46)) - raft.server.log.appender.buffer.byte-limit = 33554432 (custom)
2022-11-07 13:08:54,318 [a8ad72fe-b4a4-4d4d-9a7f-b9692428a970@group-BF7E77D1B3E1-LeaderElection15] INFO  server.RaftServerConfigKeys (ConfUtils.java:logGet(46)) - raft.server.log.appender.buffer.element-limit = 1 (custom)
2022-11-07 13:08:54,318 [a8ad72fe-b4a4-4d4d-9a7f-b9692428a970@group-BF7E77D1B3E1-LeaderElection15] INFO  grpc.GrpcConfigKeys (ConfUtils.java:logGet(46)) - raft.grpc.server.leader.outstanding.appends.max = 128 (default)
2022-11-07 13:08:54,319 [a8ad72fe-b4a4-4d4d-9a7f-b9692428a970@group-BF7E77D1B3E1-LeaderElection15] INFO  server.RaftServerConfigKeys (ConfUtils.java:logGet(46)) - raft.server.rpc.request.timeout = 60s (custom)
2022-11-07 13:08:54,319 [a8ad72fe-b4a4-4d4d-9a7f-b9692428a970@group-BF7E77D1B3E1-LeaderElection15] INFO  server.RaftServerConfigKeys (ConfUtils.java:logGet(46)) - raft.server.log.appender.install.snapshot.enabled = false (custom)
2022-11-07 13:08:54,319 [a8ad72fe-b4a4-4d4d-9a7f-b9692428a970@group-BF7E77D1B3E1-LeaderElection15] INFO  grpc.GrpcConfigKeys (ConfUtils.java:logGet(46)) - raft.grpc.server.heartbeat.channel = true (default)
2022-11-07 13:08:54,324 [a8ad72fe-b4a4-4d4d-9a7f-b9692428a970@group-BF7E77D1B3E1-LeaderElection15] INFO  server.RaftServerConfigKeys (ConfUtils.java:logGet(46)) - raft.server.log.appender.wait-time.min = 10ms (default)
2022-11-07 13:08:54,327 [a8ad72fe-b4a4-4d4d-9a7f-b9692428a970@group-BF7E77D1B3E1-LeaderElection15] INFO  server.RaftServerConfigKeys (ConfUtils.java:logGet(46)) - raft.server.log.appender.snapshot.chunk.size.max = 16MB (=16777216) (default)
2022-11-07 13:08:54,327 [a8ad72fe-b4a4-4d4d-9a7f-b9692428a970@group-BF7E77D1B3E1-LeaderElection15] INFO  server.RaftServerConfigKeys (ConfUtils.java:logGet(46)) - raft.server.log.appender.buffer.byte-limit = 33554432 (custom)
2022-11-07 13:08:54,328 [a8ad72fe-b4a4-4d4d-9a7f-b9692428a970@group-BF7E77D1B3E1-LeaderElection15] INFO  server.RaftServerConfigKeys (ConfUtils.java:logGet(46)) - raft.server.log.appender.buffer.element-limit = 1 (custom)
2022-11-07 13:08:54,328 [a8ad72fe-b4a4-4d4d-9a7f-b9692428a970@group-BF7E77D1B3E1-LeaderElection15] INFO  grpc.GrpcConfigKeys (ConfUtils.java:logGet(46)) - raft.grpc.server.leader.outstanding.appends.max = 128 (default)
2022-11-07 13:08:54,328 [a8ad72fe-b4a4-4d4d-9a7f-b9692428a970@group-BF7E77D1B3E1-LeaderElection15] INFO  server.RaftServerConfigKeys (ConfUtils.java:logGet(46)) - raft.server.rpc.request.timeout = 60s (custom)
2022-11-07 13:08:54,328 [a8ad72fe-b4a4-4d4d-9a7f-b9692428a970@group-BF7E77D1B3E1-LeaderElection15] INFO  server.RaftServerConfigKeys (ConfUtils.java:logGet(46)) - raft.server.log.appender.install.snapshot.enabled = false (custom)
2022-11-07 13:08:54,328 [a8ad72fe-b4a4-4d4d-9a7f-b9692428a970@group-BF7E77D1B3E1-LeaderElection15] INFO  grpc.GrpcConfigKeys (ConfUtils.java:logGet(46)) - raft.grpc.server.heartbeat.channel = true (default)
2022-11-07 13:08:54,328 [a8ad72fe-b4a4-4d4d-9a7f-b9692428a970@group-BF7E77D1B3E1-LeaderElection15] INFO  server.RaftServerConfigKeys (ConfUtils.java:logGet(46)) - raft.server.log.appender.wait-time.min = 10ms (default)
2022-11-07 13:08:54,328 [a8ad72fe-b4a4-4d4d-9a7f-b9692428a970@group-BF7E77D1B3E1-LeaderElection15] INFO  impl.RoleInfo (RoleInfo.java:updateAndGet(139)) - a8ad72fe-b4a4-4d4d-9a7f-b9692428a970: start a8ad72fe-b4a4-4d4d-9a7f-b9692428a970@group-BF7E77D1B3E1-LeaderStateImpl
2022-11-07 13:08:54,329 [a8ad72fe-b4a4-4d4d-9a7f-b9692428a970@group-BF7E77D1B3E1-LeaderElection15] INFO  segmented.SegmentedRaftLogWorker (SegmentedRaftLogWorker.java:startLogSegment(452)) - a8ad72fe-b4a4-4d4d-9a7f-b9692428a970@group-BF7E77D1B3E1-SegmentedRaftLogWorker: Starting segment from index:0
2022-11-07 13:08:54,331 [a8ad72fe-b4a4-4d4d-9a7f-b9692428a970@group-BF7E77D1B3E1-SegmentedRaftLogWorker] INFO  segmented.SegmentedRaftLogWorker (SegmentedRaftLogWorker.java:execute(656)) - a8ad72fe-b4a4-4d4d-9a7f-b9692428a970@group-BF7E77D1B3E1-SegmentedRaftLogWorker: created new log segment /home/runner/work/ozone/ozone/hadoop-ozone/integration-test/target/test-dir/MiniOzoneClusterImpl-2a90587d-8655-4e72-8ce6-1bf59b520396/datanode-6/data/ratis/f1880885-540f-49c6-8261-bf7e77d1b3e1/current/log_inprogress_0
2022-11-07 13:08:54,346 [grpc-default-executor-4] WARN  server.GrpcLogAppender (LogUtils.java:warn(122)) - a8ad72fe-b4a4-4d4d-9a7f-b9692428a970@group-BF7E77D1B3E1->8bab8527-0d32-4ef2-9c82-248b5a5867bf-AppendLogResponseHandler: Failed appendEntries: org.apache.ratis.thirdparty.io.grpc.StatusRuntimeException: UNAVAILABLE: io exception
2022-11-07 13:08:54,346 [grpc-default-executor-1] WARN  server.GrpcLogAppender (LogUtils.java:warn(122)) - a8ad72fe-b4a4-4d4d-9a7f-b9692428a970@group-BF7E77D1B3E1->8bab8527-0d32-4ef2-9c82-248b5a5867bf-AppendLogResponseHandler: Failed appendEntries: org.apache.ratis.thirdparty.io.grpc.StatusRuntimeException: UNAVAILABLE: io exception
2022-11-07 13:08:54,347 [grpc-default-executor-4] WARN  server.GrpcLogAppender (GrpcLogAppender.java:resetClient(131)) - a8ad72fe-b4a4-4d4d-9a7f-b9692428a970@group-BF7E77D1B3E1->8bab8527-0d32-4ef2-9c82-248b5a5867bf-GrpcLogAppender: Leader has not got in touch with Follower a8ad72fe-b4a4-4d4d-9a7f-b9692428a970@group-BF7E77D1B3E1->8bab8527-0d32-4ef2-9c82-248b5a5867bf(c-1,m0,n0, attendVote=true, lastRpcSendTime=0, lastRpcResponseTime=5231) yet, just keep nextIndex unchanged and retry.
2022-11-07 13:08:54,350 [grpc-default-executor-1] WARN  server.GrpcLogAppender (GrpcLogAppender.java:resetClient(131)) - a8ad72fe-b4a4-4d4d-9a7f-b9692428a970@group-BF7E77D1B3E1->8bab8527-0d32-4ef2-9c82-248b5a5867bf-GrpcLogAppender: Leader has not got in touch with Follower a8ad72fe-b4a4-4d4d-9a7f-b9692428a970@group-BF7E77D1B3E1->8bab8527-0d32-4ef2-9c82-248b5a5867bf(c-1,m0,n0, attendVote=true, lastRpcSendTime=3, lastRpcResponseTime=5233) yet, just keep nextIndex unchanged and retry.
2022-11-07 13:08:54,361 [a8ad72fe-b4a4-4d4d-9a7f-b9692428a970@group-BF7E77D1B3E1-LeaderElection15] INFO  server.RaftServer$Division (ServerState.java:setRaftConf(430)) - a8ad72fe-b4a4-4d4d-9a7f-b9692428a970@group-BF7E77D1B3E1: set configuration 0: peers:[a8ad72fe-b4a4-4d4d-9a7f-b9692428a970|rpc:10.1.0.171:39375|dataStream:|priority:1|startupRole:FOLLOWER, 1810f6e6-5580-46b0-b88d-9b5f15cbee6a|rpc:10.1.0.171:37795|dataStream:|priority:0|startupRole:FOLLOWER, 8bab8527-0d32-4ef2-9c82-248b5a5867bf|rpc:10.1.0.171:42469|dataStream:|priority:0|startupRole:FOLLOWER]|listeners:[], old=null
2022-11-07 13:08:54,365 [grpc-default-executor-4] WARN  server.GrpcLogAppender (LogUtils.java:warn(122)) - a8ad72fe-b4a4-4d4d-9a7f-b9692428a970@group-BF7E77D1B3E1->8bab8527-0d32-4ef2-9c82-248b5a5867bf-AppendLogResponseHandler: Failed appendEntries: org.apache.ratis.thirdparty.io.grpc.StatusRuntimeException: UNAVAILABLE: io exception
2022-11-07 13:08:54,365 [grpc-default-executor-3] WARN  server.GrpcLogAppender (LogUtils.java:warn(122)) - a8ad72fe-b4a4-4d4d-9a7f-b9692428a970@group-BF7E77D1B3E1->8bab8527-0d32-4ef2-9c82-248b5a5867bf-AppendLogResponseHandler: Failed appendEntries: org.apache.ratis.thirdparty.io.grpc.StatusRuntimeException: UNAVAILABLE: io exception
2022-11-07 13:08:54,366 [grpc-default-executor-4] WARN  server.GrpcLogAppender (GrpcLogAppender.java:resetClient(131)) - a8ad72fe-b4a4-4d4d-9a7f-b9692428a970@group-BF7E77D1B3E1->8bab8527-0d32-4ef2-9c82-248b5a5867bf-GrpcLogAppender: Leader has not got in touch with Follower a8ad72fe-b4a4-4d4d-9a7f-b9692428a970@group-BF7E77D1B3E1->8bab8527-0d32-4ef2-9c82-248b5a5867bf(c-1,m0,n1, attendVote=true, lastRpcSendTime=1, lastRpcResponseTime=5249) yet, just keep nextIndex unchanged and retry.
2022-11-07 13:08:54,368 [grpc-default-executor-3] WARN  server.GrpcLogAppender (GrpcLogAppender.java:resetClient(131)) - a8ad72fe-b4a4-4d4d-9a7f-b9692428a970@group-BF7E77D1B3E1->8bab8527-0d32-4ef2-9c82-248b5a5867bf-GrpcLogAppender: Leader has not got in touch with Follower a8ad72fe-b4a4-4d4d-9a7f-b9692428a970@group-BF7E77D1B3E1->8bab8527-0d32-4ef2-9c82-248b5a5867bf(c-1,m0,n1, attendVote=true, lastRpcSendTime=2, lastRpcResponseTime=5251) yet, just keep nextIndex unchanged and retry.
2022-11-07 13:08:54,374 [1810f6e6-5580-46b0-b88d-9b5f15cbee6a-server-thread1] INFO  ratis.XceiverServerRatis (XceiverServerRatis.java:handleLeaderChangedNotification(863)) - Leader change notification received for group: group-BF7E77D1B3E1 with new leaderId: a8ad72fe-b4a4-4d4d-9a7f-b9692428a970
2022-11-07 13:08:54,374 [1810f6e6-5580-46b0-b88d-9b5f15cbee6a-server-thread1] INFO  server.RaftServer$Division (ServerState.java:setLeader(313)) - 1810f6e6-5580-46b0-b88d-9b5f15cbee6a@group-BF7E77D1B3E1: change Leader from null to a8ad72fe-b4a4-4d4d-9a7f-b9692428a970 at term 1 for appendEntries, leader elected after 5113ms
2022-11-07 13:08:54,375 [1810f6e6-5580-46b0-b88d-9b5f15cbee6a-server-thread2] INFO  server.RaftServer$Division (ServerState.java:setRaftConf(430)) - 1810f6e6-5580-46b0-b88d-9b5f15cbee6a@group-BF7E77D1B3E1: set configuration 0: peers:[a8ad72fe-b4a4-4d4d-9a7f-b9692428a970|rpc:10.1.0.171:39375|dataStream:|priority:1|startupRole:FOLLOWER, 1810f6e6-5580-46b0-b88d-9b5f15cbee6a|rpc:10.1.0.171:37795|dataStream:|priority:0|startupRole:FOLLOWER, 8bab8527-0d32-4ef2-9c82-248b5a5867bf|rpc:10.1.0.171:42469|dataStream:|priority:0|startupRole:FOLLOWER]|listeners:[], old=null
2022-11-07 13:08:54,375 [1810f6e6-5580-46b0-b88d-9b5f15cbee6a-server-thread2] INFO  segmented.SegmentedRaftLogWorker (SegmentedRaftLogWorker.java:startLogSegment(452)) - 1810f6e6-5580-46b0-b88d-9b5f15cbee6a@group-BF7E77D1B3E1-SegmentedRaftLogWorker: Starting segment from index:0
2022-11-07 13:08:54,381 [1810f6e6-5580-46b0-b88d-9b5f15cbee6a@group-BF7E77D1B3E1-SegmentedRaftLogWorker] INFO  segmented.SegmentedRaftLogWorker (SegmentedRaftLogWorker.java:execute(656)) - 1810f6e6-5580-46b0-b88d-9b5f15cbee6a@group-BF7E77D1B3E1-SegmentedRaftLogWorker: created new log segment /home/runner/work/ozone/ozone/hadoop-ozone/integration-test/target/test-dir/MiniOzoneClusterImpl-2a90587d-8655-4e72-8ce6-1bf59b520396/datanode-7/data/ratis/f1880885-540f-49c6-8261-bf7e77d1b3e1/current/log_inprogress_0
2022-11-07 13:08:54,531 [1810f6e6-5580-46b0-b88d-9b5f15cbee6a@group-BC4E8DEC760A-FollowerState] INFO  impl.FollowerState (FollowerState.java:run(143)) - 1810f6e6-5580-46b0-b88d-9b5f15cbee6a@group-BC4E8DEC760A-FollowerState: change to CANDIDATE, lastRpcElapsedTime:5042761836ns, electionTimeout:5042ms
2022-11-07 13:08:54,531 [1810f6e6-5580-46b0-b88d-9b5f15cbee6a@group-BC4E8DEC760A-FollowerState] INFO  impl.RoleInfo (RoleInfo.java:shutdownFollowerState(110)) - 1810f6e6-5580-46b0-b88d-9b5f15cbee6a: shutdown 1810f6e6-5580-46b0-b88d-9b5f15cbee6a@group-BC4E8DEC760A-FollowerState
2022-11-07 13:08:54,531 [1810f6e6-5580-46b0-b88d-9b5f15cbee6a@group-BC4E8DEC760A-FollowerState] INFO  server.RaftServer$Division (RaftServerImpl.java:setRole(321)) - 1810f6e6-5580-46b0-b88d-9b5f15cbee6a@group-BC4E8DEC760A: changes role from  FOLLOWER to CANDIDATE at term 0 for changeToCandidate
2022-11-07 13:08:54,531 [1810f6e6-5580-46b0-b88d-9b5f15cbee6a@group-BC4E8DEC760A-FollowerState] INFO  server.RaftServerConfigKeys (ConfUtils.java:logGet(46)) - raft.server.leaderelection.pre-vote = false (custom)
2022-11-07 13:08:54,531 [1810f6e6-5580-46b0-b88d-9b5f15cbee6a@group-BC4E8DEC760A-FollowerState] INFO  impl.RoleInfo (RoleInfo.java:updateAndGet(139)) - 1810f6e6-5580-46b0-b88d-9b5f15cbee6a: start 1810f6e6-5580-46b0-b88d-9b5f15cbee6a@group-BC4E8DEC760A-LeaderElection16
2022-11-07 13:08:54,540 [1810f6e6-5580-46b0-b88d-9b5f15cbee6a@group-BC4E8DEC760A-LeaderElection16] INFO  impl.LeaderElection (LeaderElection.java:askForVotes(312)) - 1810f6e6-5580-46b0-b88d-9b5f15cbee6a@group-BC4E8DEC760A-LeaderElection16 ELECTION round 0: submit vote requests at term 1 for -1: peers:[1810f6e6-5580-46b0-b88d-9b5f15cbee6a|rpc:10.1.0.171:37795|priority:1|startupRole:FOLLOWER]|listeners:[], old=null
2022-11-07 13:08:54,540 [1810f6e6-5580-46b0-b88d-9b5f15cbee6a@group-BC4E8DEC760A-LeaderElection16] INFO  impl.LeaderElection (LeaderElection.java:askForVotes(314)) - 1810f6e6-5580-46b0-b88d-9b5f15cbee6a@group-BC4E8DEC760A-LeaderElection16 ELECTION round 0: result PASSED (term=1)
2022-11-07 13:08:54,540 [1810f6e6-5580-46b0-b88d-9b5f15cbee6a@group-BC4E8DEC760A-LeaderElection16] INFO  impl.RoleInfo (RoleInfo.java:shutdownLeaderElection(130)) - 1810f6e6-5580-46b0-b88d-9b5f15cbee6a: shutdown 1810f6e6-5580-46b0-b88d-9b5f15cbee6a@group-BC4E8DEC760A-LeaderElection16
2022-11-07 13:08:54,540 [1810f6e6-5580-46b0-b88d-9b5f15cbee6a@group-BC4E8DEC760A-LeaderElection16] INFO  server.RaftServer$Division (RaftServerImpl.java:setRole(321)) - 1810f6e6-5580-46b0-b88d-9b5f15cbee6a@group-BC4E8DEC760A: changes role from CANDIDATE to LEADER at term 1 for changeToLeader
2022-11-07 13:08:54,540 [1810f6e6-5580-46b0-b88d-9b5f15cbee6a@group-BC4E8DEC760A-LeaderElection16] INFO  ratis.XceiverServerRatis (XceiverServerRatis.java:handleLeaderChangedNotification(863)) - Leader change notification received for group: group-BC4E8DEC760A with new leaderId: 1810f6e6-5580-46b0-b88d-9b5f15cbee6a
2022-11-07 13:08:54,541 [1810f6e6-5580-46b0-b88d-9b5f15cbee6a@group-BC4E8DEC760A-LeaderElection16] INFO  server.RaftServer$Division (ServerState.java:setLeader(313)) - 1810f6e6-5580-46b0-b88d-9b5f15cbee6a@group-BC4E8DEC760A: change Leader from null to 1810f6e6-5580-46b0-b88d-9b5f15cbee6a at term 1 for becomeLeader, leader elected after 5067ms
2022-11-07 13:08:54,541 [1810f6e6-5580-46b0-b88d-9b5f15cbee6a@group-BC4E8DEC760A-LeaderElection16] INFO  server.RaftServerConfigKeys (ConfUtils.java:logGet(46)) - raft.server.staging.catchup.gap = 1000 (default)
2022-11-07 13:08:54,541 [1810f6e6-5580-46b0-b88d-9b5f15cbee6a@group-BC4E8DEC760A-LeaderElection16] INFO  server.RaftServerConfigKeys (ConfUtils.java:logGet(46)) - raft.server.write.element-limit = 1024 (custom)
2022-11-07 13:08:54,541 [1810f6e6-5580-46b0-b88d-9b5f15cbee6a@group-BC4E8DEC760A-LeaderElection16] INFO  server.RaftServerConfigKeys (ConfUtils.java:logGet(46)) - raft.server.write.byte-limit = 1024 M (=1073741824) (custom)
2022-11-07 13:08:54,541 [1810f6e6-5580-46b0-b88d-9b5f15cbee6a@group-BC4E8DEC760A-LeaderElection16] INFO  server.RaftServerConfigKeys (ConfUtils.java:logGet(46)) - raft.server.watch.timeout = 180s (custom)
2022-11-07 13:08:54,541 [1810f6e6-5580-46b0-b88d-9b5f15cbee6a@group-BC4E8DEC760A-LeaderElection16] INFO  server.RaftServerConfigKeys (ConfUtils.java:logGet(46)) - raft.server.watch.timeout.denomination = 1s (default)
2022-11-07 13:08:54,542 [1810f6e6-5580-46b0-b88d-9b5f15cbee6a@group-BC4E8DEC760A-LeaderElection16] INFO  server.RaftServerConfigKeys (ConfUtils.java:logGet(46)) - raft.server.watch.element-limit = 65536 (default)
2022-11-07 13:08:54,542 [1810f6e6-5580-46b0-b88d-9b5f15cbee6a@group-BC4E8DEC760A-LeaderElection16] INFO  server.RaftServerConfigKeys (ConfUtils.java:logGet(46)) - raft.server.write.element-limit = 1024 (custom)
2022-11-07 13:08:54,542 [1810f6e6-5580-46b0-b88d-9b5f15cbee6a@group-BC4E8DEC760A-LeaderElection16] INFO  server.RaftServerConfigKeys (ConfUtils.java:logGet(46)) - raft.server.write.follower.gap.ratio.max = -1.0 (default)
2022-11-07 13:08:54,543 [1810f6e6-5580-46b0-b88d-9b5f15cbee6a@group-BC4E8DEC760A-LeaderElection16] INFO  impl.RoleInfo (RoleInfo.java:updateAndGet(139)) - 1810f6e6-5580-46b0-b88d-9b5f15cbee6a: start 1810f6e6-5580-46b0-b88d-9b5f15cbee6a@group-BC4E8DEC760A-LeaderStateImpl
2022-11-07 13:08:54,543 [1810f6e6-5580-46b0-b88d-9b5f15cbee6a@group-BC4E8DEC760A-LeaderElection16] INFO  segmented.SegmentedRaftLogWorker (SegmentedRaftLogWorker.java:startLogSegment(452)) - 1810f6e6-5580-46b0-b88d-9b5f15cbee6a@group-BC4E8DEC760A-SegmentedRaftLogWorker: Starting segment from index:0
2022-11-07 13:08:54,544 [1810f6e6-5580-46b0-b88d-9b5f15cbee6a@group-BC4E8DEC760A-LeaderElection16] INFO  server.RaftServer$Division (ServerState.java:setRaftConf(430)) - 1810f6e6-5580-46b0-b88d-9b5f15cbee6a@group-BC4E8DEC760A: set configuration 0: peers:[1810f6e6-5580-46b0-b88d-9b5f15cbee6a|rpc:10.1.0.171:37795|dataStream:|priority:1|startupRole:FOLLOWER]|listeners:[], old=null
2022-11-07 13:08:54,553 [1810f6e6-5580-46b0-b88d-9b5f15cbee6a@group-BC4E8DEC760A-SegmentedRaftLogWorker] INFO  segmented.SegmentedRaftLogWorker (SegmentedRaftLogWorker.java:execute(656)) - 1810f6e6-5580-46b0-b88d-9b5f15cbee6a@group-BC4E8DEC760A-SegmentedRaftLogWorker: created new log segment /home/runner/work/ozone/ozone/hadoop-ozone/integration-test/target/test-dir/MiniOzoneClusterImpl-2a90587d-8655-4e72-8ce6-1bf59b520396/datanode-7/data/ratis/b2c925c1-517d-4de9-aff2-bc4e8dec760a/current/log_inprogress_0
2022-11-07 13:08:55,399 [cc281ddc-c10d-4250-8559-4debec3b143b@group-79F6478414F1-FollowerState] INFO  impl.FollowerState (FollowerState.java:run(143)) - cc281ddc-c10d-4250-8559-4debec3b143b@group-79F6478414F1-FollowerState: change to CANDIDATE, lastRpcElapsedTime:5028983899ns, electionTimeout:5028ms
2022-11-07 13:08:55,400 [cc281ddc-c10d-4250-8559-4debec3b143b@group-79F6478414F1-FollowerState] INFO  impl.RoleInfo (RoleInfo.java:shutdownFollowerState(110)) - cc281ddc-c10d-4250-8559-4debec3b143b: shutdown cc281ddc-c10d-4250-8559-4debec3b143b@group-79F6478414F1-FollowerState
2022-11-07 13:08:55,400 [cc281ddc-c10d-4250-8559-4debec3b143b@group-79F6478414F1-FollowerState] INFO  server.RaftServer$Division (RaftServerImpl.java:setRole(321)) - cc281ddc-c10d-4250-8559-4debec3b143b@group-79F6478414F1: changes role from  FOLLOWER to CANDIDATE at term 0 for changeToCandidate
2022-11-07 13:08:55,400 [cc281ddc-c10d-4250-8559-4debec3b143b@group-79F6478414F1-FollowerState] INFO  server.RaftServerConfigKeys (ConfUtils.java:logGet(46)) - raft.server.leaderelection.pre-vote = false (custom)
2022-11-07 13:08:55,400 [cc281ddc-c10d-4250-8559-4debec3b143b@group-79F6478414F1-FollowerState] INFO  impl.RoleInfo (RoleInfo.java:updateAndGet(139)) - cc281ddc-c10d-4250-8559-4debec3b143b: start cc281ddc-c10d-4250-8559-4debec3b143b@group-79F6478414F1-LeaderElection17
2022-11-07 13:08:55,410 [cc281ddc-c10d-4250-8559-4debec3b143b@group-79F6478414F1-LeaderElection17] INFO  impl.LeaderElection (LeaderElection.java:askForVotes(312)) - cc281ddc-c10d-4250-8559-4debec3b143b@group-79F6478414F1-LeaderElection17 ELECTION round 0: submit vote requests at term 1 for -1: peers:[cc281ddc-c10d-4250-8559-4debec3b143b|rpc:10.1.0.171:39521|priority:1|startupRole:FOLLOWER]|listeners:[], old=null
2022-11-07 13:08:55,411 [cc281ddc-c10d-4250-8559-4debec3b143b@group-79F6478414F1-LeaderElection17] INFO  impl.LeaderElection (LeaderElection.java:askForVotes(314)) - cc281ddc-c10d-4250-8559-4debec3b143b@group-79F6478414F1-LeaderElection17 ELECTION round 0: result PASSED (term=1)
2022-11-07 13:08:55,411 [cc281ddc-c10d-4250-8559-4debec3b143b@group-79F6478414F1-LeaderElection17] INFO  impl.RoleInfo (RoleInfo.java:shutdownLeaderElection(130)) - cc281ddc-c10d-4250-8559-4debec3b143b: shutdown cc281ddc-c10d-4250-8559-4debec3b143b@group-79F6478414F1-LeaderElection17
2022-11-07 13:08:55,411 [cc281ddc-c10d-4250-8559-4debec3b143b@group-79F6478414F1-LeaderElection17] INFO  server.RaftServer$Division (RaftServerImpl.java:setRole(321)) - cc281ddc-c10d-4250-8559-4debec3b143b@group-79F6478414F1: changes role from CANDIDATE to LEADER at term 1 for changeToLeader
2022-11-07 13:08:55,411 [cc281ddc-c10d-4250-8559-4debec3b143b@group-79F6478414F1-LeaderElection17] INFO  ratis.XceiverServerRatis (XceiverServerRatis.java:handleLeaderChangedNotification(863)) - Leader change notification received for group: group-79F6478414F1 with new leaderId: cc281ddc-c10d-4250-8559-4debec3b143b
2022-11-07 13:08:55,411 [cc281ddc-c10d-4250-8559-4debec3b143b@group-79F6478414F1-LeaderElection17] INFO  server.RaftServer$Division (ServerState.java:setLeader(313)) - cc281ddc-c10d-4250-8559-4debec3b143b@group-79F6478414F1: change Leader from null to cc281ddc-c10d-4250-8559-4debec3b143b at term 1 for becomeLeader, leader elected after 5064ms
2022-11-07 13:08:55,412 [cc281ddc-c10d-4250-8559-4debec3b143b@group-79F6478414F1-LeaderElection17] INFO  server.RaftServerConfigKeys (ConfUtils.java:logGet(46)) - raft.server.staging.catchup.gap = 1000 (default)
2022-11-07 13:08:55,412 [cc281ddc-c10d-4250-8559-4debec3b143b@group-79F6478414F1-LeaderElection17] INFO  server.RaftServerConfigKeys (ConfUtils.java:logGet(46)) - raft.server.write.element-limit = 1024 (custom)
2022-11-07 13:08:55,412 [cc281ddc-c10d-4250-8559-4debec3b143b@group-79F6478414F1-LeaderElection17] INFO  server.RaftServerConfigKeys (ConfUtils.java:logGet(46)) - raft.server.write.byte-limit = 1024 M (=1073741824) (custom)
2022-11-07 13:08:55,413 [cc281ddc-c10d-4250-8559-4debec3b143b@group-79F6478414F1-LeaderElection17] INFO  server.RaftServerConfigKeys (ConfUtils.java:logGet(46)) - raft.server.watch.timeout = 180s (custom)
2022-11-07 13:08:55,413 [cc281ddc-c10d-4250-8559-4debec3b143b@group-79F6478414F1-LeaderElection17] INFO  server.RaftServerConfigKeys (ConfUtils.java:logGet(46)) - raft.server.watch.timeout.denomination = 1s (default)
2022-11-07 13:08:55,413 [cc281ddc-c10d-4250-8559-4debec3b143b@group-79F6478414F1-LeaderElection17] INFO  server.RaftServerConfigKeys (ConfUtils.java:logGet(46)) - raft.server.watch.element-limit = 65536 (default)
2022-11-07 13:08:55,413 [cc281ddc-c10d-4250-8559-4debec3b143b@group-79F6478414F1-LeaderElection17] INFO  server.RaftServerConfigKeys (ConfUtils.java:logGet(46)) - raft.server.write.element-limit = 1024 (custom)
2022-11-07 13:08:55,413 [cc281ddc-c10d-4250-8559-4debec3b143b@group-79F6478414F1-LeaderElection17] INFO  server.RaftServerConfigKeys (ConfUtils.java:logGet(46)) - raft.server.write.follower.gap.ratio.max = -1.0 (default)
2022-11-07 13:08:55,413 [cc281ddc-c10d-4250-8559-4debec3b143b@group-79F6478414F1-LeaderElection17] INFO  impl.RoleInfo (RoleInfo.java:updateAndGet(139)) - cc281ddc-c10d-4250-8559-4debec3b143b: start cc281ddc-c10d-4250-8559-4debec3b143b@group-79F6478414F1-LeaderStateImpl
2022-11-07 13:08:55,419 [cc281ddc-c10d-4250-8559-4debec3b143b@group-79F6478414F1-LeaderElection17] INFO  segmented.SegmentedRaftLogWorker (SegmentedRaftLogWorker.java:startLogSegment(452)) - cc281ddc-c10d-4250-8559-4debec3b143b@group-79F6478414F1-SegmentedRaftLogWorker: Starting segment from index:0
2022-11-07 13:08:55,421 [cc281ddc-c10d-4250-8559-4debec3b143b@group-79F6478414F1-SegmentedRaftLogWorker] INFO  segmented.SegmentedRaftLogWorker (SegmentedRaftLogWorker.java:execute(656)) - cc281ddc-c10d-4250-8559-4debec3b143b@group-79F6478414F1-SegmentedRaftLogWorker: created new log segment /home/runner/work/ozone/ozone/hadoop-ozone/integration-test/target/test-dir/MiniOzoneClusterImpl-2a90587d-8655-4e72-8ce6-1bf59b520396/datanode-9/data/ratis/980b585c-8150-4be1-b086-79f6478414f1/current/log_inprogress_0
2022-11-07 13:08:55,424 [cc281ddc-c10d-4250-8559-4debec3b143b@group-79F6478414F1-LeaderElection17] INFO  server.RaftServer$Division (ServerState.java:setRaftConf(430)) - cc281ddc-c10d-4250-8559-4debec3b143b@group-79F6478414F1: set configuration 0: peers:[cc281ddc-c10d-4250-8559-4debec3b143b|rpc:10.1.0.171:39521|dataStream:|priority:1|startupRole:FOLLOWER]|listeners:[], old=null
2022-11-07 13:08:55,523 [grpc-default-executor-1] WARN  server.GrpcLogAppender (LogUtils.java:warn(122)) - a8ad72fe-b4a4-4d4d-9a7f-b9692428a970@group-65CF6AC154C0->8bab8527-0d32-4ef2-9c82-248b5a5867bf-AppendLogResponseHandler: Failed appendEntries: org.apache.ratis.thirdparty.io.grpc.StatusRuntimeException: UNAVAILABLE: io exception
2022-11-07 13:08:55,524 [grpc-default-executor-0] WARN  server.GrpcLogAppender (LogUtils.java:warn(122)) - a8ad72fe-b4a4-4d4d-9a7f-b9692428a970@group-65CF6AC154C0->8bab8527-0d32-4ef2-9c82-248b5a5867bf-AppendLogResponseHandler: Failed appendEntries: org.apache.ratis.thirdparty.io.grpc.StatusRuntimeException: UNAVAILABLE: io exception
2022-11-07 13:08:55,525 [grpc-default-executor-1] WARN  server.GrpcLogAppender (GrpcLogAppender.java:resetClient(131)) - a8ad72fe-b4a4-4d4d-9a7f-b9692428a970@group-65CF6AC154C0->8bab8527-0d32-4ef2-9c82-248b5a5867bf-GrpcLogAppender: Leader has not got in touch with Follower a8ad72fe-b4a4-4d4d-9a7f-b9692428a970@group-65CF6AC154C0->8bab8527-0d32-4ef2-9c82-248b5a5867bf(c-1,m0,n1, attendVote=true, lastRpcSendTime=1233, lastRpcResponseTime=6476) yet, just keep nextIndex unchanged and retry.
2022-11-07 13:08:55,526 [grpc-default-executor-0] WARN  server.GrpcLogAppender (GrpcLogAppender.java:resetClient(131)) - a8ad72fe-b4a4-4d4d-9a7f-b9692428a970@group-65CF6AC154C0->8bab8527-0d32-4ef2-9c82-248b5a5867bf-GrpcLogAppender: Leader has not got in touch with Follower a8ad72fe-b4a4-4d4d-9a7f-b9692428a970@group-65CF6AC154C0->8bab8527-0d32-4ef2-9c82-248b5a5867bf(c-1,m0,n1, attendVote=true, lastRpcSendTime=1235, lastRpcResponseTime=6477) yet, just keep nextIndex unchanged and retry.
2022-11-07 13:08:55,528 [grpc-default-executor-0] WARN  server.GrpcLogAppender (LogUtils.java:warn(122)) - a8ad72fe-b4a4-4d4d-9a7f-b9692428a970@group-65CF6AC154C0->8bab8527-0d32-4ef2-9c82-248b5a5867bf-AppendLogResponseHandler: Failed appendEntries: org.apache.ratis.thirdparty.io.grpc.StatusRuntimeException: UNAVAILABLE: io exception
2022-11-07 13:08:55,528 [grpc-default-executor-1] WARN  server.GrpcLogAppender (LogUtils.java:warn(122)) - a8ad72fe-b4a4-4d4d-9a7f-b9692428a970@group-65CF6AC154C0->8bab8527-0d32-4ef2-9c82-248b5a5867bf-AppendLogResponseHandler: Failed appendEntries: org.apache.ratis.thirdparty.io.grpc.StatusRuntimeException: UNAVAILABLE: io exception
2022-11-07 13:08:55,529 [grpc-default-executor-0] WARN  server.GrpcLogAppender (GrpcLogAppender.java:resetClient(131)) - a8ad72fe-b4a4-4d4d-9a7f-b9692428a970@group-65CF6AC154C0->8bab8527-0d32-4ef2-9c82-248b5a5867bf-GrpcLogAppender: Leader has not got in touch with Follower a8ad72fe-b4a4-4d4d-9a7f-b9692428a970@group-65CF6AC154C0->8bab8527-0d32-4ef2-9c82-248b5a5867bf(c-1,m0,n1, attendVote=true, lastRpcSendTime=1238, lastRpcResponseTime=6480) yet, just keep nextIndex unchanged and retry.
2022-11-07 13:08:55,531 [grpc-default-executor-1] WARN  server.GrpcLogAppender (GrpcLogAppender.java:resetClient(131)) - a8ad72fe-b4a4-4d4d-9a7f-b9692428a970@group-65CF6AC154C0->8bab8527-0d32-4ef2-9c82-248b5a5867bf-GrpcLogAppender: Leader has not got in touch with Follower a8ad72fe-b4a4-4d4d-9a7f-b9692428a970@group-65CF6AC154C0->8bab8527-0d32-4ef2-9c82-248b5a5867bf(c-1,m0,n1, attendVote=true, lastRpcSendTime=1239, lastRpcResponseTime=6482) yet, just keep nextIndex unchanged and retry.
2022-11-07 13:08:55,532 [grpc-default-executor-0] WARN  server.GrpcLogAppender (LogUtils.java:warn(122)) - a8ad72fe-b4a4-4d4d-9a7f-b9692428a970@group-65CF6AC154C0->8bab8527-0d32-4ef2-9c82-248b5a5867bf-AppendLogResponseHandler: Failed appendEntries: org.apache.ratis.thirdparty.io.grpc.StatusRuntimeException: UNAVAILABLE: io exception
2022-11-07 13:08:55,533 [grpc-default-executor-0] WARN  server.GrpcLogAppender (GrpcLogAppender.java:resetClient(131)) - a8ad72fe-b4a4-4d4d-9a7f-b9692428a970@group-65CF6AC154C0->8bab8527-0d32-4ef2-9c82-248b5a5867bf-GrpcLogAppender: Leader has not got in touch with Follower a8ad72fe-b4a4-4d4d-9a7f-b9692428a970@group-65CF6AC154C0->8bab8527-0d32-4ef2-9c82-248b5a5867bf(c-1,m0,n1, attendVote=true, lastRpcSendTime=0, lastRpcResponseTime=6484) yet, just keep nextIndex unchanged and retry.
2022-11-07 13:08:55,534 [grpc-default-executor-1] WARN  server.GrpcLogAppender (LogUtils.java:warn(122)) - a8ad72fe-b4a4-4d4d-9a7f-b9692428a970@group-65CF6AC154C0->8bab8527-0d32-4ef2-9c82-248b5a5867bf-AppendLogResponseHandler: Failed appendEntries: org.apache.ratis.thirdparty.io.grpc.StatusRuntimeException: UNAVAILABLE: io exception
2022-11-07 13:08:55,534 [grpc-default-executor-1] WARN  server.GrpcLogAppender (GrpcLogAppender.java:resetClient(131)) - a8ad72fe-b4a4-4d4d-9a7f-b9692428a970@group-65CF6AC154C0->8bab8527-0d32-4ef2-9c82-248b5a5867bf-GrpcLogAppender: Leader has not got in touch with Follower a8ad72fe-b4a4-4d4d-9a7f-b9692428a970@group-65CF6AC154C0->8bab8527-0d32-4ef2-9c82-248b5a5867bf(c-1,m0,n1, attendVote=true, lastRpcSendTime=2, lastRpcResponseTime=6485) yet, just keep nextIndex unchanged and retry.
2022-11-07 13:08:55,598 [grpc-default-executor-1] WARN  server.GrpcLogAppender (LogUtils.java:warn(122)) - a8ad72fe-b4a4-4d4d-9a7f-b9692428a970@group-BF7E77D1B3E1->8bab8527-0d32-4ef2-9c82-248b5a5867bf-AppendLogResponseHandler: Failed appendEntries: org.apache.ratis.thirdparty.io.grpc.StatusRuntimeException: UNAVAILABLE: io exception
2022-11-07 13:08:55,600 [grpc-default-executor-0] WARN  server.GrpcLogAppender (LogUtils.java:warn(122)) - a8ad72fe-b4a4-4d4d-9a7f-b9692428a970@group-BF7E77D1B3E1->8bab8527-0d32-4ef2-9c82-248b5a5867bf-AppendLogResponseHandler: Failed appendEntries: org.apache.ratis.thirdparty.io.grpc.StatusRuntimeException: UNAVAILABLE: io exception
2022-11-07 13:08:55,602 [grpc-default-executor-1] WARN  server.GrpcLogAppender (GrpcLogAppender.java:resetClient(131)) - a8ad72fe-b4a4-4d4d-9a7f-b9692428a970@group-BF7E77D1B3E1->8bab8527-0d32-4ef2-9c82-248b5a5867bf-GrpcLogAppender: Leader has not got in touch with Follower a8ad72fe-b4a4-4d4d-9a7f-b9692428a970@group-BF7E77D1B3E1->8bab8527-0d32-4ef2-9c82-248b5a5867bf(c-1,m0,n1, attendVote=true, lastRpcSendTime=4, lastRpcResponseTime=6485) yet, just keep nextIndex unchanged and retry.
2022-11-07 13:08:55,603 [grpc-default-executor-0] WARN  server.GrpcLogAppender (GrpcLogAppender.java:resetClient(131)) - a8ad72fe-b4a4-4d4d-9a7f-b9692428a970@group-BF7E77D1B3E1->8bab8527-0d32-4ef2-9c82-248b5a5867bf-GrpcLogAppender: Leader has not got in touch with Follower a8ad72fe-b4a4-4d4d-9a7f-b9692428a970@group-BF7E77D1B3E1->8bab8527-0d32-4ef2-9c82-248b5a5867bf(c-1,m0,n1, attendVote=true, lastRpcSendTime=5, lastRpcResponseTime=6486) yet, just keep nextIndex unchanged and retry.
2022-11-07 13:08:56,304 [Listener at 127.0.0.1/42403] INFO  volume.HddsVolume (HddsVolume.java:closeDbStore(338)) - SchemaV3 db is stopped at /home/runner/work/ozone/ozone/hadoop-ozone/integration-test/target/test-dir/MiniOzoneClusterImpl-2a90587d-8655-4e72-8ce6-1bf59b520396/datanode-8/data-0/containers/hdds/2a90587d-8655-4e72-8ce6-1bf59b520396/DS-ae89aec3-d254-4a55-be94-e61e90dd7303/container.db for volume DS-ae89aec3-d254-4a55-be94-e61e90dd7303
2022-11-07 13:08:56,304 [Listener at 127.0.0.1/42403] INFO  utils.BackgroundService (BackgroundService.java:shutdown(141)) - Shutting down service BlockDeletingService
2022-11-07 13:08:56,305 [Listener at 127.0.0.1/42403] INFO  utils.BackgroundService (BackgroundService.java:shutdown(141)) - Shutting down service StaleRecoveringContainerScrubbingService
2022-11-07 13:08:56,316 [Listener at 127.0.0.1/42403] INFO  statemachine.DatanodeStateMachine (DatanodeStateMachine.java:stopDaemon(593)) - Ozone container server stopped.
2022-11-07 13:08:56,343 [Listener at 127.0.0.1/42403] INFO  handler.ContextHandler (ContextHandler.java:doStop(1159)) - Stopped o.e.j.w.WebAppContext@182ce28a{hddsDatanode,/,null,STOPPED}{jar:file:/home/runner/.m2/repository/org/apache/ozone/hdds-container-service/1.3.0-SNAPSHOT/hdds-container-service-1.3.0-SNAPSHOT.jar!/webapps/hddsDatanode}
2022-11-07 13:08:56,354 [Listener at 127.0.0.1/42403] INFO  server.AbstractConnector (AbstractConnector.java:doStop(383)) - Stopped ServerConnector@37a4fc71{HTTP/1.1, (http/1.1)}{0.0.0.0:0}
2022-11-07 13:08:56,355 [Listener at 127.0.0.1/42403] INFO  server.session (HouseKeeper.java:stopScavenging(149)) - node0 Stopped scavenging
2022-11-07 13:08:56,355 [Listener at 127.0.0.1/42403] INFO  handler.ContextHandler (ContextHandler.java:doStop(1159)) - Stopped o.e.j.s.ServletContextHandler@42602e0f{static,/static,jar:file:/home/runner/.m2/repository/org/apache/ozone/hdds-container-service/1.3.0-SNAPSHOT/hdds-container-service-1.3.0-SNAPSHOT.jar!/webapps/static,STOPPED}
2022-11-07 13:08:56,356 [Listener at 127.0.0.1/42403] INFO  handler.ContextHandler (ContextHandler.java:doStop(1159)) - Stopped o.e.j.s.ServletContextHandler@2e2d57ea{logs,/logs,file:///home/runner/work/ozone/ozone/hadoop-ozone/integration-test/target/log,STOPPED}
2022-11-07 13:08:56,782 [grpc-default-executor-0] WARN  server.GrpcLogAppender (LogUtils.java:warn(122)) - a8ad72fe-b4a4-4d4d-9a7f-b9692428a970@group-65CF6AC154C0->8bab8527-0d32-4ef2-9c82-248b5a5867bf-AppendLogResponseHandler: Failed appendEntries: org.apache.ratis.thirdparty.io.grpc.StatusRuntimeException: UNAVAILABLE: io exception
2022-11-07 13:08:56,784 [grpc-default-executor-0] WARN  server.GrpcLogAppender (GrpcLogAppender.java:resetClient(131)) - a8ad72fe-b4a4-4d4d-9a7f-b9692428a970@group-65CF6AC154C0->8bab8527-0d32-4ef2-9c82-248b5a5867bf-GrpcLogAppender: Leader has not got in touch with Follower a8ad72fe-b4a4-4d4d-9a7f-b9692428a970@group-65CF6AC154C0->8bab8527-0d32-4ef2-9c82-248b5a5867bf(c-1,m0,n1, attendVote=true, lastRpcSendTime=1251, lastRpcResponseTime=7735) yet, just keep nextIndex unchanged and retry.
2022-11-07 13:08:56,785 [grpc-default-executor-0] WARN  server.GrpcLogAppender (LogUtils.java:warn(122)) - a8ad72fe-b4a4-4d4d-9a7f-b9692428a970@group-65CF6AC154C0->8bab8527-0d32-4ef2-9c82-248b5a5867bf-AppendLogResponseHandler: Failed appendEntries: org.apache.ratis.thirdparty.io.grpc.StatusRuntimeException: UNAVAILABLE: io exception
2022-11-07 13:08:56,785 [grpc-default-executor-0] WARN  server.GrpcLogAppender (GrpcLogAppender.java:resetClient(131)) - a8ad72fe-b4a4-4d4d-9a7f-b9692428a970@group-65CF6AC154C0->8bab8527-0d32-4ef2-9c82-248b5a5867bf-GrpcLogAppender: Leader has not got in touch with Follower a8ad72fe-b4a4-4d4d-9a7f-b9692428a970@group-65CF6AC154C0->8bab8527-0d32-4ef2-9c82-248b5a5867bf(c-1,m0,n1, attendVote=true, lastRpcSendTime=1253, lastRpcResponseTime=7737) yet, just keep nextIndex unchanged and retry.
2022-11-07 13:08:56,786 [grpc-default-executor-1] WARN  server.GrpcLogAppender (LogUtils.java:warn(122)) - a8ad72fe-b4a4-4d4d-9a7f-b9692428a970@group-65CF6AC154C0->8bab8527-0d32-4ef2-9c82-248b5a5867bf-AppendLogResponseHandler: Failed appendEntries: org.apache.ratis.thirdparty.io.grpc.StatusRuntimeException: UNAVAILABLE: io exception
2022-11-07 13:08:56,786 [grpc-default-executor-1] WARN  server.GrpcLogAppender (GrpcLogAppender.java:resetClient(131)) - a8ad72fe-b4a4-4d4d-9a7f-b9692428a970@group-65CF6AC154C0->8bab8527-0d32-4ef2-9c82-248b5a5867bf-GrpcLogAppender: Leader has not got in touch with Follower a8ad72fe-b4a4-4d4d-9a7f-b9692428a970@group-65CF6AC154C0->8bab8527-0d32-4ef2-9c82-248b5a5867bf(c-1,m0,n1, attendVote=true, lastRpcSendTime=1253, lastRpcResponseTime=7737) yet, just keep nextIndex unchanged and retry.
2022-11-07 13:08:56,787 [grpc-default-executor-0] WARN  server.GrpcLogAppender (LogUtils.java:warn(122)) - a8ad72fe-b4a4-4d4d-9a7f-b9692428a970@group-65CF6AC154C0->8bab8527-0d32-4ef2-9c82-248b5a5867bf-AppendLogResponseHandler: Failed appendEntries: org.apache.ratis.thirdparty.io.grpc.StatusRuntimeException: UNAVAILABLE: io exception
2022-11-07 13:08:56,792 [grpc-default-executor-4] WARN  server.GrpcLogAppender (LogUtils.java:warn(122)) - a8ad72fe-b4a4-4d4d-9a7f-b9692428a970@group-65CF6AC154C0->8bab8527-0d32-4ef2-9c82-248b5a5867bf-AppendLogResponseHandler: Failed appendEntries: org.apache.ratis.thirdparty.io.grpc.StatusRuntimeException: UNAVAILABLE: io exception
2022-11-07 13:08:56,792 [grpc-default-executor-3] WARN  server.GrpcLogAppender (LogUtils.java:warn(122)) - a8ad72fe-b4a4-4d4d-9a7f-b9692428a970@group-65CF6AC154C0->8bab8527-0d32-4ef2-9c82-248b5a5867bf-AppendLogResponseHandler: Failed appendEntries: org.apache.ratis.thirdparty.io.grpc.StatusRuntimeException: UNAVAILABLE: io exception
2022-11-07 13:08:56,793 [grpc-default-executor-0] WARN  server.GrpcLogAppender (GrpcLogAppender.java:resetClient(131)) - a8ad72fe-b4a4-4d4d-9a7f-b9692428a970@group-65CF6AC154C0->8bab8527-0d32-4ef2-9c82-248b5a5867bf-GrpcLogAppender: Leader has not got in touch with Follower a8ad72fe-b4a4-4d4d-9a7f-b9692428a970@group-65CF6AC154C0->8bab8527-0d32-4ef2-9c82-248b5a5867bf(c-1,m0,n1, attendVote=true, lastRpcSendTime=0, lastRpcResponseTime=7744) yet, just keep nextIndex unchanged and retry.
2022-11-07 13:08:56,793 [grpc-default-executor-4] WARN  server.GrpcLogAppender (GrpcLogAppender.java:resetClient(131)) - a8ad72fe-b4a4-4d4d-9a7f-b9692428a970@group-65CF6AC154C0->8bab8527-0d32-4ef2-9c82-248b5a5867bf-GrpcLogAppender: Leader has not got in touch with Follower a8ad72fe-b4a4-4d4d-9a7f-b9692428a970@group-65CF6AC154C0->8bab8527-0d32-4ef2-9c82-248b5a5867bf(c-1,m0,n1, attendVote=true, lastRpcSendTime=1, lastRpcResponseTime=7744) yet, just keep nextIndex unchanged and retry.
2022-11-07 13:08:56,793 [grpc-default-executor-3] WARN  server.GrpcLogAppender (GrpcLogAppender.java:resetClient(131)) - a8ad72fe-b4a4-4d4d-9a7f-b9692428a970@group-65CF6AC154C0->8bab8527-0d32-4ef2-9c82-248b5a5867bf-GrpcLogAppender: Leader has not got in touch with Follower a8ad72fe-b4a4-4d4d-9a7f-b9692428a970@group-65CF6AC154C0->8bab8527-0d32-4ef2-9c82-248b5a5867bf(c-1,m0,n1, attendVote=true, lastRpcSendTime=1, lastRpcResponseTime=7744) yet, just keep nextIndex unchanged and retry.
2022-11-07 13:08:56,851 [grpc-default-executor-3] WARN  server.GrpcLogAppender (LogUtils.java:warn(122)) - a8ad72fe-b4a4-4d4d-9a7f-b9692428a970@group-BF7E77D1B3E1->8bab8527-0d32-4ef2-9c82-248b5a5867bf-AppendLogResponseHandler: Failed appendEntries: org.apache.ratis.thirdparty.io.grpc.StatusRuntimeException: UNAVAILABLE: io exception
2022-11-07 13:08:56,851 [grpc-default-executor-4] WARN  server.GrpcLogAppender (LogUtils.java:warn(122)) - a8ad72fe-b4a4-4d4d-9a7f-b9692428a970@group-BF7E77D1B3E1->8bab8527-0d32-4ef2-9c82-248b5a5867bf-AppendLogResponseHandler: Failed appendEntries: org.apache.ratis.thirdparty.io.grpc.StatusRuntimeException: UNAVAILABLE: io exception
2022-11-07 13:08:56,852 [grpc-default-executor-3] WARN  server.GrpcLogAppender (GrpcLogAppender.java:resetClient(131)) - a8ad72fe-b4a4-4d4d-9a7f-b9692428a970@group-BF7E77D1B3E1->8bab8527-0d32-4ef2-9c82-248b5a5867bf-GrpcLogAppender: Leader has not got in touch with Follower a8ad72fe-b4a4-4d4d-9a7f-b9692428a970@group-BF7E77D1B3E1->8bab8527-0d32-4ef2-9c82-248b5a5867bf(c-1,m0,n1, attendVote=true, lastRpcSendTime=1255, lastRpcResponseTime=7736) yet, just keep nextIndex unchanged and retry.
2022-11-07 13:08:56,855 [grpc-default-executor-4] WARN  server.GrpcLogAppender (GrpcLogAppender.java:resetClient(131)) - a8ad72fe-b4a4-4d4d-9a7f-b9692428a970@group-BF7E77D1B3E1->8bab8527-0d32-4ef2-9c82-248b5a5867bf-GrpcLogAppender: Leader has not got in touch with Follower a8ad72fe-b4a4-4d4d-9a7f-b9692428a970@group-BF7E77D1B3E1->8bab8527-0d32-4ef2-9c82-248b5a5867bf(c-1,m0,n1, attendVote=true, lastRpcSendTime=1257, lastRpcResponseTime=7738) yet, just keep nextIndex unchanged and retry.
2022-11-07 13:08:56,857 [grpc-default-executor-4] WARN  server.GrpcLogAppender (LogUtils.java:warn(122)) - a8ad72fe-b4a4-4d4d-9a7f-b9692428a970@group-BF7E77D1B3E1->8bab8527-0d32-4ef2-9c82-248b5a5867bf-AppendLogResponseHandler: Failed appendEntries: org.apache.ratis.thirdparty.io.grpc.StatusRuntimeException: UNAVAILABLE: io exception
2022-11-07 13:08:56,857 [grpc-default-executor-3] WARN  server.GrpcLogAppender (LogUtils.java:warn(122)) - a8ad72fe-b4a4-4d4d-9a7f-b9692428a970@group-BF7E77D1B3E1->8bab8527-0d32-4ef2-9c82-248b5a5867bf-AppendLogResponseHandler: Failed appendEntries: org.apache.ratis.thirdparty.io.grpc.StatusRuntimeException: UNAVAILABLE: io exception
2022-11-07 13:08:56,858 [grpc-default-executor-4] WARN  server.GrpcLogAppender (GrpcLogAppender.java:resetClient(131)) - a8ad72fe-b4a4-4d4d-9a7f-b9692428a970@group-BF7E77D1B3E1->8bab8527-0d32-4ef2-9c82-248b5a5867bf-GrpcLogAppender: Leader has not got in touch with Follower a8ad72fe-b4a4-4d4d-9a7f-b9692428a970@group-BF7E77D1B3E1->8bab8527-0d32-4ef2-9c82-248b5a5867bf(c-1,m0,n1, attendVote=true, lastRpcSendTime=1260, lastRpcResponseTime=7742) yet, just keep nextIndex unchanged and retry.
2022-11-07 13:08:56,864 [grpc-default-executor-3] WARN  server.GrpcLogAppender (GrpcLogAppender.java:resetClient(131)) - a8ad72fe-b4a4-4d4d-9a7f-b9692428a970@group-BF7E77D1B3E1->8bab8527-0d32-4ef2-9c82-248b5a5867bf-GrpcLogAppender: Leader has not got in touch with Follower a8ad72fe-b4a4-4d4d-9a7f-b9692428a970@group-BF7E77D1B3E1->8bab8527-0d32-4ef2-9c82-248b5a5867bf(c-1,m0,n1, attendVote=true, lastRpcSendTime=1266, lastRpcResponseTime=7747) yet, just keep nextIndex unchanged and retry.
2022-11-07 13:08:56,868 [grpc-default-executor-3] WARN  server.GrpcLogAppender (LogUtils.java:warn(122)) - a8ad72fe-b4a4-4d4d-9a7f-b9692428a970@group-BF7E77D1B3E1->8bab8527-0d32-4ef2-9c82-248b5a5867bf-AppendLogResponseHandler: Failed appendEntries: org.apache.ratis.thirdparty.io.grpc.StatusRuntimeException: UNAVAILABLE: io exception
2022-11-07 13:08:56,868 [grpc-default-executor-4] WARN  server.GrpcLogAppender (LogUtils.java:warn(122)) - a8ad72fe-b4a4-4d4d-9a7f-b9692428a970@group-BF7E77D1B3E1->8bab8527-0d32-4ef2-9c82-248b5a5867bf-AppendLogResponseHandler: Failed appendEntries: org.apache.ratis.thirdparty.io.grpc.StatusRuntimeException: UNAVAILABLE: io exception
2022-11-07 13:08:56,869 [grpc-default-executor-3] WARN  server.GrpcLogAppender (GrpcLogAppender.java:resetClient(131)) - a8ad72fe-b4a4-4d4d-9a7f-b9692428a970@group-BF7E77D1B3E1->8bab8527-0d32-4ef2-9c82-248b5a5867bf-GrpcLogAppender: Leader has not got in touch with Follower a8ad72fe-b4a4-4d4d-9a7f-b9692428a970@group-BF7E77D1B3E1->8bab8527-0d32-4ef2-9c82-248b5a5867bf(c-1,m0,n1, attendVote=true, lastRpcSendTime=1271, lastRpcResponseTime=7752) yet, just keep nextIndex unchanged and retry.
2022-11-07 13:08:56,869 [grpc-default-executor-4] WARN  server.GrpcLogAppender (GrpcLogAppender.java:resetClient(131)) - a8ad72fe-b4a4-4d4d-9a7f-b9692428a970@group-BF7E77D1B3E1->8bab8527-0d32-4ef2-9c82-248b5a5867bf-GrpcLogAppender: Leader has not got in touch with Follower a8ad72fe-b4a4-4d4d-9a7f-b9692428a970@group-BF7E77D1B3E1->8bab8527-0d32-4ef2-9c82-248b5a5867bf(c-1,m0,n1, attendVote=true, lastRpcSendTime=1271, lastRpcResponseTime=7753) yet, just keep nextIndex unchanged and retry.
2022-11-07 13:08:56,873 [grpc-default-executor-4] WARN  server.GrpcLogAppender (LogUtils.java:warn(122)) - a8ad72fe-b4a4-4d4d-9a7f-b9692428a970@group-BF7E77D1B3E1->8bab8527-0d32-4ef2-9c82-248b5a5867bf-AppendLogResponseHandler: Failed appendEntries: org.apache.ratis.thirdparty.io.grpc.StatusRuntimeException: UNAVAILABLE: io exception
2022-11-07 13:08:56,874 [grpc-default-executor-3] WARN  server.GrpcLogAppender (LogUtils.java:warn(122)) - a8ad72fe-b4a4-4d4d-9a7f-b9692428a970@group-BF7E77D1B3E1->8bab8527-0d32-4ef2-9c82-248b5a5867bf-AppendLogResponseHandler: Failed appendEntries: org.apache.ratis.thirdparty.io.grpc.StatusRuntimeException: UNAVAILABLE: io exception
2022-11-07 13:08:56,875 [grpc-default-executor-4] WARN  server.GrpcLogAppender (GrpcLogAppender.java:resetClient(131)) - a8ad72fe-b4a4-4d4d-9a7f-b9692428a970@group-BF7E77D1B3E1->8bab8527-0d32-4ef2-9c82-248b5a5867bf-GrpcLogAppender: Leader has not got in touch with Follower a8ad72fe-b4a4-4d4d-9a7f-b9692428a970@group-BF7E77D1B3E1->8bab8527-0d32-4ef2-9c82-248b5a5867bf(c-1,m0,n1, attendVote=true, lastRpcSendTime=1277, lastRpcResponseTime=7758) yet, just keep nextIndex unchanged and retry.
2022-11-07 13:08:56,876 [grpc-default-executor-3] WARN  server.GrpcLogAppender (GrpcLogAppender.java:resetClient(131)) - a8ad72fe-b4a4-4d4d-9a7f-b9692428a970@group-BF7E77D1B3E1->8bab8527-0d32-4ef2-9c82-248b5a5867bf-GrpcLogAppender: Leader has not got in touch with Follower a8ad72fe-b4a4-4d4d-9a7f-b9692428a970@group-BF7E77D1B3E1->8bab8527-0d32-4ef2-9c82-248b5a5867bf(c-1,m0,n1, attendVote=true, lastRpcSendTime=1279, lastRpcResponseTime=7760) yet, just keep nextIndex unchanged and retry.
2022-11-07 13:08:56,879 [grpc-default-executor-3] WARN  server.GrpcLogAppender (LogUtils.java:warn(122)) - a8ad72fe-b4a4-4d4d-9a7f-b9692428a970@group-BF7E77D1B3E1->8bab8527-0d32-4ef2-9c82-248b5a5867bf-AppendLogResponseHandler: Failed appendEntries: org.apache.ratis.thirdparty.io.grpc.StatusRuntimeException: UNAVAILABLE: io exception
2022-11-07 13:08:56,879 [grpc-default-executor-4] WARN  server.GrpcLogAppender (LogUtils.java:warn(122)) - a8ad72fe-b4a4-4d4d-9a7f-b9692428a970@group-BF7E77D1B3E1->8bab8527-0d32-4ef2-9c82-248b5a5867bf-AppendLogResponseHandler: Failed appendEntries: org.apache.ratis.thirdparty.io.grpc.StatusRuntimeException: UNAVAILABLE: io exception
2022-11-07 13:08:56,880 [grpc-default-executor-3] WARN  server.GrpcLogAppender (GrpcLogAppender.java:resetClient(131)) - a8ad72fe-b4a4-4d4d-9a7f-b9692428a970@group-BF7E77D1B3E1->8bab8527-0d32-4ef2-9c82-248b5a5867bf-GrpcLogAppender: Leader has not got in touch with Follower a8ad72fe-b4a4-4d4d-9a7f-b9692428a970@group-BF7E77D1B3E1->8bab8527-0d32-4ef2-9c82-248b5a5867bf(c-1,m0,n1, attendVote=true, lastRpcSendTime=1282, lastRpcResponseTime=7763) yet, just keep nextIndex unchanged and retry.
2022-11-07 13:08:56,881 [grpc-default-executor-4] WARN  server.GrpcLogAppender (GrpcLogAppender.java:resetClient(131)) - a8ad72fe-b4a4-4d4d-9a7f-b9692428a970@group-BF7E77D1B3E1->8bab8527-0d32-4ef2-9c82-248b5a5867bf-GrpcLogAppender: Leader has not got in touch with Follower a8ad72fe-b4a4-4d4d-9a7f-b9692428a970@group-BF7E77D1B3E1->8bab8527-0d32-4ef2-9c82-248b5a5867bf(c-1,m0,n1, attendVote=true, lastRpcSendTime=1284, lastRpcResponseTime=7765) yet, just keep nextIndex unchanged and retry.
2022-11-07 13:08:56,883 [grpc-default-executor-4] WARN  server.GrpcLogAppender (LogUtils.java:warn(122)) - a8ad72fe-b4a4-4d4d-9a7f-b9692428a970@group-BF7E77D1B3E1->8bab8527-0d32-4ef2-9c82-248b5a5867bf-AppendLogResponseHandler: Failed appendEntries: org.apache.ratis.thirdparty.io.grpc.StatusRuntimeException: UNAVAILABLE: io exception
2022-11-07 13:08:56,883 [grpc-default-executor-3] WARN  server.GrpcLogAppender (LogUtils.java:warn(122)) - a8ad72fe-b4a4-4d4d-9a7f-b9692428a970@group-BF7E77D1B3E1->8bab8527-0d32-4ef2-9c82-248b5a5867bf-AppendLogResponseHandler: Failed appendEntries: org.apache.ratis.thirdparty.io.grpc.StatusRuntimeException: UNAVAILABLE: io exception
2022-11-07 13:08:56,884 [grpc-default-executor-4] WARN  server.GrpcLogAppender (GrpcLogAppender.java:resetClient(131)) - a8ad72fe-b4a4-4d4d-9a7f-b9692428a970@group-BF7E77D1B3E1->8bab8527-0d32-4ef2-9c82-248b5a5867bf-GrpcLogAppender: Leader has not got in touch with Follower a8ad72fe-b4a4-4d4d-9a7f-b9692428a970@group-BF7E77D1B3E1->8bab8527-0d32-4ef2-9c82-248b5a5867bf(c-1,m0,n1, attendVote=true, lastRpcSendTime=1286, lastRpcResponseTime=7767) yet, just keep nextIndex unchanged and retry.
2022-11-07 13:08:56,885 [grpc-default-executor-3] WARN  server.GrpcLogAppender (GrpcLogAppender.java:resetClient(131)) - a8ad72fe-b4a4-4d4d-9a7f-b9692428a970@group-BF7E77D1B3E1->8bab8527-0d32-4ef2-9c82-248b5a5867bf-GrpcLogAppender: Leader has not got in touch with Follower a8ad72fe-b4a4-4d4d-9a7f-b9692428a970@group-BF7E77D1B3E1->8bab8527-0d32-4ef2-9c82-248b5a5867bf(c-1,m0,n1, attendVote=true, lastRpcSendTime=1288, lastRpcResponseTime=7769) yet, just keep nextIndex unchanged and retry.
2022-11-07 13:08:56,887 [grpc-default-executor-3] WARN  server.GrpcLogAppender (LogUtils.java:warn(122)) - a8ad72fe-b4a4-4d4d-9a7f-b9692428a970@group-BF7E77D1B3E1->8bab8527-0d32-4ef2-9c82-248b5a5867bf-AppendLogResponseHandler: Failed appendEntries: org.apache.ratis.thirdparty.io.grpc.StatusRuntimeException: UNAVAILABLE: io exception
2022-11-07 13:08:56,887 [grpc-default-executor-4] WARN  server.GrpcLogAppender (LogUtils.java:warn(122)) - a8ad72fe-b4a4-4d4d-9a7f-b9692428a970@group-BF7E77D1B3E1->8bab8527-0d32-4ef2-9c82-248b5a5867bf-AppendLogResponseHandler: Failed appendEntries: org.apache.ratis.thirdparty.io.grpc.StatusRuntimeException: UNAVAILABLE: io exception
2022-11-07 13:08:56,888 [grpc-default-executor-3] WARN  server.GrpcLogAppender (GrpcLogAppender.java:resetClient(131)) - a8ad72fe-b4a4-4d4d-9a7f-b9692428a970@group-BF7E77D1B3E1->8bab8527-0d32-4ef2-9c82-248b5a5867bf-GrpcLogAppender: Leader has not got in touch with Follower a8ad72fe-b4a4-4d4d-9a7f-b9692428a970@group-BF7E77D1B3E1->8bab8527-0d32-4ef2-9c82-248b5a5867bf(c-1,m0,n1, attendVote=true, lastRpcSendTime=0, lastRpcResponseTime=7772) yet, just keep nextIndex unchanged and retry.
2022-11-07 13:08:56,890 [grpc-default-executor-4] WARN  server.GrpcLogAppender (GrpcLogAppender.java:resetClient(131)) - a8ad72fe-b4a4-4d4d-9a7f-b9692428a970@group-BF7E77D1B3E1->8bab8527-0d32-4ef2-9c82-248b5a5867bf-GrpcLogAppender: Leader has not got in touch with Follower a8ad72fe-b4a4-4d4d-9a7f-b9692428a970@group-BF7E77D1B3E1->8bab8527-0d32-4ef2-9c82-248b5a5867bf(c-1,m0,n1, attendVote=true, lastRpcSendTime=2, lastRpcResponseTime=7773) yet, just keep nextIndex unchanged and retry.
2022-11-07 13:08:57,074 [EventQueue-StaleNodeForStaleNodeHandler] INFO  node.StaleNodeHandler (StaleNodeHandler.java:onMessage(59)) - Datanode 8bab8527-0d32-4ef2-9c82-248b5a5867bf{ip: 10.1.0.171, host: fv-az255-291.sbdzdnwsxtye1lzl1wgdhvzhwg.dx.internal.cloudapp.net, ports: [REPLICATION=39049, RATIS=42469, RATIS_ADMIN=42469, RATIS_SERVER=42469, STANDALONE=36367], networkLocation: /default-rack, certSerialId: null, persistedOpState: IN_SERVICE, persistedOpStateExpiryEpochSec: 0} moved to stale state. Finalizing its pipelines [PipelineID=75bfd763-660f-4794-893b-65cf6ac154c0, PipelineID=3ed164d9-4e34-47e9-b0ce-b2cb90d6e01f, PipelineID=f1880885-540f-49c6-8261-bf7e77d1b3e1, PipelineID=2ca55d49-8072-46b3-8679-b866fe92299b]
2022-11-07 13:08:57,075 [EventQueue-StaleNodeForStaleNodeHandler] INFO  pipeline.PipelineManagerImpl (PipelineManagerImpl.java:closePipeline(442)) - Pipeline Pipeline[ Id: 75bfd763-660f-4794-893b-65cf6ac154c0, Nodes: 1810f6e6-5580-46b0-b88d-9b5f15cbee6a{ip: 10.1.0.171, host: fv-az255-291.sbdzdnwsxtye1lzl1wgdhvzhwg.dx.internal.cloudapp.net, ports: [REPLICATION=43399, RATIS=37795, RATIS_ADMIN=37795, RATIS_SERVER=37795, STANDALONE=38201], networkLocation: /default-rack, certSerialId: null, persistedOpState: IN_SERVICE, persistedOpStateExpiryEpochSec: 0}8bab8527-0d32-4ef2-9c82-248b5a5867bf{ip: 10.1.0.171, host: fv-az255-291.sbdzdnwsxtye1lzl1wgdhvzhwg.dx.internal.cloudapp.net, ports: [REPLICATION=39049, RATIS=42469, RATIS_ADMIN=42469, RATIS_SERVER=42469, STANDALONE=36367], networkLocation: /default-rack, certSerialId: null, persistedOpState: IN_SERVICE, persistedOpStateExpiryEpochSec: 0}a8ad72fe-b4a4-4d4d-9a7f-b9692428a970{ip: 10.1.0.171, host: fv-az255-291.sbdzdnwsxtye1lzl1wgdhvzhwg.dx.internal.cloudapp.net, ports: [REPLICATION=43581, RATIS=39375, RATIS_ADMIN=39375, RATIS_SERVER=39375, STANDALONE=41719], networkLocation: /default-rack, certSerialId: null, persistedOpState: IN_SERVICE, persistedOpStateExpiryEpochSec: 0}, ReplicationConfig: RATIS/THREE, State:OPEN, leaderId:a8ad72fe-b4a4-4d4d-9a7f-b9692428a970, CreationTimestamp2022-11-07T13:08:46.892Z[Etc/UTC]] moved to CLOSED state
2022-11-07 13:08:57,077 [EventQueue-StaleNodeForStaleNodeHandler] INFO  pipeline.PipelineManagerImpl (PipelineManagerImpl.java:closePipeline(442)) - Pipeline Pipeline[ Id: 3ed164d9-4e34-47e9-b0ce-b2cb90d6e01f, Nodes: 8bab8527-0d32-4ef2-9c82-248b5a5867bf{ip: 10.1.0.171, host: fv-az255-291.sbdzdnwsxtye1lzl1wgdhvzhwg.dx.internal.cloudapp.net, ports: [REPLICATION=39049, RATIS=42469, RATIS_ADMIN=42469, RATIS_SERVER=42469, STANDALONE=36367], networkLocation: /default-rack, certSerialId: null, persistedOpState: IN_SERVICE, persistedOpStateExpiryEpochSec: 0}, ReplicationConfig: RATIS/ONE, State:OPEN, leaderId:8bab8527-0d32-4ef2-9c82-248b5a5867bf, CreationTimestamp2022-11-07T13:08:46.890Z[Etc/UTC]] moved to CLOSED state
2022-11-07 13:08:57,077 [EventQueue-StaleNodeForStaleNodeHandler] INFO  pipeline.PipelineManagerImpl (PipelineManagerImpl.java:closePipeline(442)) - Pipeline Pipeline[ Id: f1880885-540f-49c6-8261-bf7e77d1b3e1, Nodes: 1810f6e6-5580-46b0-b88d-9b5f15cbee6a{ip: 10.1.0.171, host: fv-az255-291.sbdzdnwsxtye1lzl1wgdhvzhwg.dx.internal.cloudapp.net, ports: [REPLICATION=43399, RATIS=37795, RATIS_ADMIN=37795, RATIS_SERVER=37795, STANDALONE=38201], networkLocation: /default-rack, certSerialId: null, persistedOpState: IN_SERVICE, persistedOpStateExpiryEpochSec: 0}a8ad72fe-b4a4-4d4d-9a7f-b9692428a970{ip: 10.1.0.171, host: fv-az255-291.sbdzdnwsxtye1lzl1wgdhvzhwg.dx.internal.cloudapp.net, ports: [REPLICATION=43581, RATIS=39375, RATIS_ADMIN=39375, RATIS_SERVER=39375, STANDALONE=41719], networkLocation: /default-rack, certSerialId: null, persistedOpState: IN_SERVICE, persistedOpStateExpiryEpochSec: 0}8bab8527-0d32-4ef2-9c82-248b5a5867bf{ip: 10.1.0.171, host: fv-az255-291.sbdzdnwsxtye1lzl1wgdhvzhwg.dx.internal.cloudapp.net, ports: [REPLICATION=39049, RATIS=42469, RATIS_ADMIN=42469, RATIS_SERVER=42469, STANDALONE=36367], networkLocation: /default-rack, certSerialId: null, persistedOpState: IN_SERVICE, persistedOpStateExpiryEpochSec: 0}, ReplicationConfig: RATIS/THREE, State:OPEN, leaderId:a8ad72fe-b4a4-4d4d-9a7f-b9692428a970, CreationTimestamp2022-11-07T13:08:46.894Z[Etc/UTC]] moved to CLOSED state
2022-11-07 13:08:57,090 [EventQueue-StaleNodeForStaleNodeHandler] INFO  pipeline.PipelineManagerImpl (PipelineManagerImpl.java:closeContainersForPipeline(421)) - Container #1 closed for pipeline=PipelineID=2ca55d49-8072-46b3-8679-b866fe92299b
2022-11-07 13:08:57,091 [EventQueue-StaleNodeForStaleNodeHandler] INFO  pipeline.PipelineManagerImpl (PipelineManagerImpl.java:closePipeline(442)) - Pipeline Pipeline[ Id: 2ca55d49-8072-46b3-8679-b866fe92299b, Nodes: 8bab8527-0d32-4ef2-9c82-248b5a5867bf{ip: 10.1.0.171, host: fv-az255-291.sbdzdnwsxtye1lzl1wgdhvzhwg.dx.internal.cloudapp.net, ports: [REPLICATION=39049, RATIS=42469, RATIS_ADMIN=42469, RATIS_SERVER=42469, STANDALONE=36367], networkLocation: /default-rack, certSerialId: null, persistedOpState: null, persistedOpStateExpiryEpochSec: 0}2277c71a-7226-47f8-a4ca-90f752095403{ip: 10.1.0.171, host: fv-az255-291.sbdzdnwsxtye1lzl1wgdhvzhwg.dx.internal.cloudapp.net, ports: [REPLICATION=38469, RATIS=35629, RATIS_ADMIN=35629, RATIS_SERVER=35629, STANDALONE=42231], networkLocation: /default-rack, certSerialId: null, persistedOpState: null, persistedOpStateExpiryEpochSec: 0}1810f6e6-5580-46b0-b88d-9b5f15cbee6a{ip: 10.1.0.171, host: fv-az255-291.sbdzdnwsxtye1lzl1wgdhvzhwg.dx.internal.cloudapp.net, ports: [REPLICATION=43399, RATIS=37795, RATIS_ADMIN=37795, RATIS_SERVER=37795, STANDALONE=38201], networkLocation: /default-rack, certSerialId: null, persistedOpState: null, persistedOpStateExpiryEpochSec: 0}8b45bab1-f519-4e04-ad6f-9efd561d6d57{ip: 10.1.0.171, host: fv-az255-291.sbdzdnwsxtye1lzl1wgdhvzhwg.dx.internal.cloudapp.net, ports: [REPLICATION=34333, RATIS=33673, RATIS_ADMIN=33673, RATIS_SERVER=33673, STANDALONE=46671], networkLocation: /default-rack, certSerialId: null, persistedOpState: null, persistedOpStateExpiryEpochSec: 0}4c8c7e9c-fcb8-4cf5-b401-3fb7accb4cdc{ip: 10.1.0.171, host: fv-az255-291.sbdzdnwsxtye1lzl1wgdhvzhwg.dx.internal.cloudapp.net, ports: [REPLICATION=36497, RATIS=46431, RATIS_ADMIN=46431, RATIS_SERVER=46431, STANDALONE=38777], networkLocation: /default-rack, certSerialId: null, persistedOpState: null, persistedOpStateExpiryEpochSec: 0}, ReplicationConfig: EC/ECReplicationConfig{data=3, parity=2, ecChunkSize=1024, codec=rs}, State:OPEN, leaderId:, CreationTimestamp2022-11-07T13:08:53.368Z[Etc/UTC]] moved to CLOSED state
2022-11-07 13:08:57,092 [EventQueue-CloseContainerForCloseContainerEventHandler] INFO  container.CloseContainerEventHandler (CloseContainerEventHandler.java:onMessage(71)) - Close container Event triggered for container : #1
2022-11-07 13:08:58,036 [4c8c7e9c-fcb8-4cf5-b401-3fb7accb4cdc@group-0F702FC51EF1-FollowerState] INFO  server.RaftServerConfigKeys (ConfUtils.java:logFallback(53)) - raft.server.rpc.first-election.timeout.min = 5s (fallback to raft.server.rpc.timeout.min)
2022-11-07 13:08:58,036 [4c8c7e9c-fcb8-4cf5-b401-3fb7accb4cdc@group-0F702FC51EF1-FollowerState] INFO  server.RaftServerConfigKeys (ConfUtils.java:logFallback(53)) - raft.server.rpc.first-election.timeout.max = 5200ms (fallback to raft.server.rpc.timeout.max)
2022-11-07 13:08:58,042 [grpc-default-executor-4] WARN  server.GrpcLogAppender (LogUtils.java:warn(122)) - a8ad72fe-b4a4-4d4d-9a7f-b9692428a970@group-65CF6AC154C0->8bab8527-0d32-4ef2-9c82-248b5a5867bf-AppendLogResponseHandler: Failed appendEntries: org.apache.ratis.thirdparty.io.grpc.StatusRuntimeException: UNAVAILABLE: io exception
2022-11-07 13:08:58,042 [grpc-default-executor-3] WARN  server.GrpcLogAppender (LogUtils.java:warn(122)) - a8ad72fe-b4a4-4d4d-9a7f-b9692428a970@group-65CF6AC154C0->8bab8527-0d32-4ef2-9c82-248b5a5867bf-AppendLogResponseHandler: Failed appendEntries: org.apache.ratis.thirdparty.io.grpc.StatusRuntimeException: UNAVAILABLE: io exception
2022-11-07 13:08:58,044 [grpc-default-executor-4] WARN  server.GrpcLogAppender (GrpcLogAppender.java:resetClient(131)) - a8ad72fe-b4a4-4d4d-9a7f-b9692428a970@group-65CF6AC154C0->8bab8527-0d32-4ef2-9c82-248b5a5867bf-GrpcLogAppender: Leader has not got in touch with Follower a8ad72fe-b4a4-4d4d-9a7f-b9692428a970@group-65CF6AC154C0->8bab8527-0d32-4ef2-9c82-248b5a5867bf(c-1,m0,n1, attendVote=true, lastRpcSendTime=0, lastRpcResponseTime=8995) yet, just keep nextIndex unchanged and retry.
2022-11-07 13:08:58,045 [grpc-default-executor-3] WARN  server.GrpcLogAppender (GrpcLogAppender.java:resetClient(131)) - a8ad72fe-b4a4-4d4d-9a7f-b9692428a970@group-65CF6AC154C0->8bab8527-0d32-4ef2-9c82-248b5a5867bf-GrpcLogAppender: Leader has not got in touch with Follower a8ad72fe-b4a4-4d4d-9a7f-b9692428a970@group-65CF6AC154C0->8bab8527-0d32-4ef2-9c82-248b5a5867bf(c-1,m0,n1, attendVote=true, lastRpcSendTime=2, lastRpcResponseTime=8996) yet, just keep nextIndex unchanged and retry.
2022-11-07 13:08:58,138 [grpc-default-executor-3] WARN  server.GrpcLogAppender (LogUtils.java:warn(122)) - a8ad72fe-b4a4-4d4d-9a7f-b9692428a970@group-BF7E77D1B3E1->8bab8527-0d32-4ef2-9c82-248b5a5867bf-AppendLogResponseHandler: Failed appendEntries: org.apache.ratis.thirdparty.io.grpc.StatusRuntimeException: UNAVAILABLE: io exception
2022-11-07 13:08:58,139 [grpc-default-executor-4] WARN  server.GrpcLogAppender (LogUtils.java:warn(122)) - a8ad72fe-b4a4-4d4d-9a7f-b9692428a970@group-BF7E77D1B3E1->8bab8527-0d32-4ef2-9c82-248b5a5867bf-AppendLogResponseHandler: Failed appendEntries: org.apache.ratis.thirdparty.io.grpc.StatusRuntimeException: UNAVAILABLE: io exception
2022-11-07 13:08:58,140 [grpc-default-executor-3] WARN  server.GrpcLogAppender (GrpcLogAppender.java:resetClient(131)) - a8ad72fe-b4a4-4d4d-9a7f-b9692428a970@group-BF7E77D1B3E1->8bab8527-0d32-4ef2-9c82-248b5a5867bf-GrpcLogAppender: Leader has not got in touch with Follower a8ad72fe-b4a4-4d4d-9a7f-b9692428a970@group-BF7E77D1B3E1->8bab8527-0d32-4ef2-9c82-248b5a5867bf(c-1,m0,n1, attendVote=true, lastRpcSendTime=1251, lastRpcResponseTime=9023) yet, just keep nextIndex unchanged and retry.
2022-11-07 13:08:58,143 [grpc-default-executor-4] WARN  server.GrpcLogAppender (GrpcLogAppender.java:resetClient(131)) - a8ad72fe-b4a4-4d4d-9a7f-b9692428a970@group-BF7E77D1B3E1->8bab8527-0d32-4ef2-9c82-248b5a5867bf-GrpcLogAppender: Leader has not got in touch with Follower a8ad72fe-b4a4-4d4d-9a7f-b9692428a970@group-BF7E77D1B3E1->8bab8527-0d32-4ef2-9c82-248b5a5867bf(c-1,m0,n1, attendVote=true, lastRpcSendTime=1255, lastRpcResponseTime=9026) yet, just keep nextIndex unchanged and retry.
2022-11-07 13:08:58,145 [grpc-default-executor-4] WARN  server.GrpcLogAppender (LogUtils.java:warn(122)) - a8ad72fe-b4a4-4d4d-9a7f-b9692428a970@group-BF7E77D1B3E1->8bab8527-0d32-4ef2-9c82-248b5a5867bf-AppendLogResponseHandler: Failed appendEntries: org.apache.ratis.thirdparty.io.grpc.StatusRuntimeException: UNAVAILABLE: io exception
2022-11-07 13:08:58,146 [grpc-default-executor-3] WARN  server.GrpcLogAppender (LogUtils.java:warn(122)) - a8ad72fe-b4a4-4d4d-9a7f-b9692428a970@group-BF7E77D1B3E1->8bab8527-0d32-4ef2-9c82-248b5a5867bf-AppendLogResponseHandler: Failed appendEntries: org.apache.ratis.thirdparty.io.grpc.StatusRuntimeException: UNAVAILABLE: io exception
2022-11-07 13:08:58,146 [grpc-default-executor-4] WARN  server.GrpcLogAppender (GrpcLogAppender.java:resetClient(131)) - a8ad72fe-b4a4-4d4d-9a7f-b9692428a970@group-BF7E77D1B3E1->8bab8527-0d32-4ef2-9c82-248b5a5867bf-GrpcLogAppender: Leader has not got in touch with Follower a8ad72fe-b4a4-4d4d-9a7f-b9692428a970@group-BF7E77D1B3E1->8bab8527-0d32-4ef2-9c82-248b5a5867bf(c-1,m0,n1, attendVote=true, lastRpcSendTime=1258, lastRpcResponseTime=9030) yet, just keep nextIndex unchanged and retry.
2022-11-07 13:08:58,147 [grpc-default-executor-3] WARN  server.GrpcLogAppender (GrpcLogAppender.java:resetClient(131)) - a8ad72fe-b4a4-4d4d-9a7f-b9692428a970@group-BF7E77D1B3E1->8bab8527-0d32-4ef2-9c82-248b5a5867bf-GrpcLogAppender: Leader has not got in touch with Follower a8ad72fe-b4a4-4d4d-9a7f-b9692428a970@group-BF7E77D1B3E1->8bab8527-0d32-4ef2-9c82-248b5a5867bf(c-1,m0,n1, attendVote=true, lastRpcSendTime=1259, lastRpcResponseTime=9030) yet, just keep nextIndex unchanged and retry.
2022-11-07 13:08:58,150 [grpc-default-executor-3] WARN  server.GrpcLogAppender (LogUtils.java:warn(122)) - a8ad72fe-b4a4-4d4d-9a7f-b9692428a970@group-BF7E77D1B3E1->8bab8527-0d32-4ef2-9c82-248b5a5867bf-AppendLogResponseHandler: Failed appendEntries: org.apache.ratis.thirdparty.io.grpc.StatusRuntimeException: UNAVAILABLE: io exception
2022-11-07 13:08:58,150 [grpc-default-executor-4] WARN  server.GrpcLogAppender (LogUtils.java:warn(122)) - a8ad72fe-b4a4-4d4d-9a7f-b9692428a970@group-BF7E77D1B3E1->8bab8527-0d32-4ef2-9c82-248b5a5867bf-AppendLogResponseHandler: Failed appendEntries: org.apache.ratis.thirdparty.io.grpc.StatusRuntimeException: UNAVAILABLE: io exception
2022-11-07 13:08:58,151 [grpc-default-executor-3] WARN  server.GrpcLogAppender (GrpcLogAppender.java:resetClient(131)) - a8ad72fe-b4a4-4d4d-9a7f-b9692428a970@group-BF7E77D1B3E1->8bab8527-0d32-4ef2-9c82-248b5a5867bf-GrpcLogAppender: Leader has not got in touch with Follower a8ad72fe-b4a4-4d4d-9a7f-b9692428a970@group-BF7E77D1B3E1->8bab8527-0d32-4ef2-9c82-248b5a5867bf(c-1,m0,n1, attendVote=true, lastRpcSendTime=1263, lastRpcResponseTime=9034) yet, just keep nextIndex unchanged and retry.
2022-11-07 13:08:58,152 [grpc-default-executor-4] WARN  server.GrpcLogAppender (GrpcLogAppender.java:resetClient(131)) - a8ad72fe-b4a4-4d4d-9a7f-b9692428a970@group-BF7E77D1B3E1->8bab8527-0d32-4ef2-9c82-248b5a5867bf-GrpcLogAppender: Leader has not got in touch with Follower a8ad72fe-b4a4-4d4d-9a7f-b9692428a970@group-BF7E77D1B3E1->8bab8527-0d32-4ef2-9c82-248b5a5867bf(c-1,m0,n1, attendVote=true, lastRpcSendTime=1264, lastRpcResponseTime=9036) yet, just keep nextIndex unchanged and retry.
2022-11-07 13:08:58,156 [grpc-default-executor-4] WARN  server.GrpcLogAppender (LogUtils.java:warn(122)) - a8ad72fe-b4a4-4d4d-9a7f-b9692428a970@group-BF7E77D1B3E1->8bab8527-0d32-4ef2-9c82-248b5a5867bf-AppendLogResponseHandler: Failed appendEntries: org.apache.ratis.thirdparty.io.grpc.StatusRuntimeException: UNAVAILABLE: io exception
2022-11-07 13:08:58,156 [grpc-default-executor-3] WARN  server.GrpcLogAppender (LogUtils.java:warn(122)) - a8ad72fe-b4a4-4d4d-9a7f-b9692428a970@group-BF7E77D1B3E1->8bab8527-0d32-4ef2-9c82-248b5a5867bf-AppendLogResponseHandler: Failed appendEntries: org.apache.ratis.thirdparty.io.grpc.StatusRuntimeException: UNAVAILABLE: io exception
2022-11-07 13:08:58,157 [grpc-default-executor-4] WARN  server.GrpcLogAppender (GrpcLogAppender.java:resetClient(131)) - a8ad72fe-b4a4-4d4d-9a7f-b9692428a970@group-BF7E77D1B3E1->8bab8527-0d32-4ef2-9c82-248b5a5867bf-GrpcLogAppender: Leader has not got in touch with Follower a8ad72fe-b4a4-4d4d-9a7f-b9692428a970@group-BF7E77D1B3E1->8bab8527-0d32-4ef2-9c82-248b5a5867bf(c-1,m0,n1, attendVote=true, lastRpcSendTime=1269, lastRpcResponseTime=9040) yet, just keep nextIndex unchanged and retry.
2022-11-07 13:08:58,159 [grpc-default-executor-3] WARN  server.GrpcLogAppender (GrpcLogAppender.java:resetClient(131)) - a8ad72fe-b4a4-4d4d-9a7f-b9692428a970@group-BF7E77D1B3E1->8bab8527-0d32-4ef2-9c82-248b5a5867bf-GrpcLogAppender: Leader has not got in touch with Follower a8ad72fe-b4a4-4d4d-9a7f-b9692428a970@group-BF7E77D1B3E1->8bab8527-0d32-4ef2-9c82-248b5a5867bf(c-1,m0,n1, attendVote=true, lastRpcSendTime=1271, lastRpcResponseTime=9042) yet, just keep nextIndex unchanged and retry.
2022-11-07 13:08:58,161 [grpc-default-executor-3] WARN  server.GrpcLogAppender (LogUtils.java:warn(122)) - a8ad72fe-b4a4-4d4d-9a7f-b9692428a970@group-BF7E77D1B3E1->8bab8527-0d32-4ef2-9c82-248b5a5867bf-AppendLogResponseHandler: Failed appendEntries: org.apache.ratis.thirdparty.io.grpc.StatusRuntimeException: UNAVAILABLE: io exception
2022-11-07 13:08:58,163 [grpc-default-executor-4] WARN  server.GrpcLogAppender (LogUtils.java:warn(122)) - a8ad72fe-b4a4-4d4d-9a7f-b9692428a970@group-BF7E77D1B3E1->8bab8527-0d32-4ef2-9c82-248b5a5867bf-AppendLogResponseHandler: Failed appendEntries: org.apache.ratis.thirdparty.io.grpc.StatusRuntimeException: UNAVAILABLE: io exception
2022-11-07 13:08:58,165 [grpc-default-executor-3] WARN  server.GrpcLogAppender (GrpcLogAppender.java:resetClient(131)) - a8ad72fe-b4a4-4d4d-9a7f-b9692428a970@group-BF7E77D1B3E1->8bab8527-0d32-4ef2-9c82-248b5a5867bf-GrpcLogAppender: Leader has not got in touch with Follower a8ad72fe-b4a4-4d4d-9a7f-b9692428a970@group-BF7E77D1B3E1->8bab8527-0d32-4ef2-9c82-248b5a5867bf(c-1,m0,n1, attendVote=true, lastRpcSendTime=1277, lastRpcResponseTime=9048) yet, just keep nextIndex unchanged and retry.
2022-11-07 13:08:58,166 [grpc-default-executor-4] WARN  server.GrpcLogAppender (GrpcLogAppender.java:resetClient(131)) - a8ad72fe-b4a4-4d4d-9a7f-b9692428a970@group-BF7E77D1B3E1->8bab8527-0d32-4ef2-9c82-248b5a5867bf-GrpcLogAppender: Leader has not got in touch with Follower a8ad72fe-b4a4-4d4d-9a7f-b9692428a970@group-BF7E77D1B3E1->8bab8527-0d32-4ef2-9c82-248b5a5867bf(c-1,m0,n1, attendVote=true, lastRpcSendTime=1277, lastRpcResponseTime=9049) yet, just keep nextIndex unchanged and retry.
2022-11-07 13:08:58,167 [grpc-default-executor-4] WARN  server.GrpcLogAppender (LogUtils.java:warn(122)) - a8ad72fe-b4a4-4d4d-9a7f-b9692428a970@group-BF7E77D1B3E1->8bab8527-0d32-4ef2-9c82-248b5a5867bf-AppendLogResponseHandler: Failed appendEntries: org.apache.ratis.thirdparty.io.grpc.StatusRuntimeException: UNAVAILABLE: io exception
2022-11-07 13:08:58,167 [grpc-default-executor-3] WARN  server.GrpcLogAppender (LogUtils.java:warn(122)) - a8ad72fe-b4a4-4d4d-9a7f-b9692428a970@group-BF7E77D1B3E1->8bab8527-0d32-4ef2-9c82-248b5a5867bf-AppendLogResponseHandler: Failed appendEntries: org.apache.ratis.thirdparty.io.grpc.StatusRuntimeException: UNAVAILABLE: io exception
2022-11-07 13:08:58,168 [grpc-default-executor-4] WARN  server.GrpcLogAppender (GrpcLogAppender.java:resetClient(131)) - a8ad72fe-b4a4-4d4d-9a7f-b9692428a970@group-BF7E77D1B3E1->8bab8527-0d32-4ef2-9c82-248b5a5867bf-GrpcLogAppender: Leader has not got in touch with Follower a8ad72fe-b4a4-4d4d-9a7f-b9692428a970@group-BF7E77D1B3E1->8bab8527-0d32-4ef2-9c82-248b5a5867bf(c-1,m0,n1, attendVote=true, lastRpcSendTime=1280, lastRpcResponseTime=9051) yet, just keep nextIndex unchanged and retry.
2022-11-07 13:08:58,169 [grpc-default-executor-3] WARN  server.GrpcLogAppender (GrpcLogAppender.java:resetClient(131)) - a8ad72fe-b4a4-4d4d-9a7f-b9692428a970@group-BF7E77D1B3E1->8bab8527-0d32-4ef2-9c82-248b5a5867bf-GrpcLogAppender: Leader has not got in touch with Follower a8ad72fe-b4a4-4d4d-9a7f-b9692428a970@group-BF7E77D1B3E1->8bab8527-0d32-4ef2-9c82-248b5a5867bf(c-1,m0,n1, attendVote=true, lastRpcSendTime=1281, lastRpcResponseTime=9053) yet, just keep nextIndex unchanged and retry.
2022-11-07 13:08:58,170 [grpc-default-executor-3] WARN  server.GrpcLogAppender (LogUtils.java:warn(122)) - a8ad72fe-b4a4-4d4d-9a7f-b9692428a970@group-BF7E77D1B3E1->8bab8527-0d32-4ef2-9c82-248b5a5867bf-AppendLogResponseHandler: Failed appendEntries: org.apache.ratis.thirdparty.io.grpc.StatusRuntimeException: UNAVAILABLE: io exception
2022-11-07 13:08:58,171 [grpc-default-executor-4] WARN  server.GrpcLogAppender (LogUtils.java:warn(122)) - a8ad72fe-b4a4-4d4d-9a7f-b9692428a970@group-BF7E77D1B3E1->8bab8527-0d32-4ef2-9c82-248b5a5867bf-AppendLogResponseHandler: Failed appendEntries: org.apache.ratis.thirdparty.io.grpc.StatusRuntimeException: UNAVAILABLE: io exception
2022-11-07 13:08:58,171 [grpc-default-executor-3] WARN  server.GrpcLogAppender (GrpcLogAppender.java:resetClient(131)) - a8ad72fe-b4a4-4d4d-9a7f-b9692428a970@group-BF7E77D1B3E1->8bab8527-0d32-4ef2-9c82-248b5a5867bf-GrpcLogAppender: Leader has not got in touch with Follower a8ad72fe-b4a4-4d4d-9a7f-b9692428a970@group-BF7E77D1B3E1->8bab8527-0d32-4ef2-9c82-248b5a5867bf(c-1,m0,n1, attendVote=true, lastRpcSendTime=1283, lastRpcResponseTime=9055) yet, just keep nextIndex unchanged and retry.
2022-11-07 13:08:58,172 [grpc-default-executor-4] WARN  server.GrpcLogAppender (GrpcLogAppender.java:resetClient(131)) - a8ad72fe-b4a4-4d4d-9a7f-b9692428a970@group-BF7E77D1B3E1->8bab8527-0d32-4ef2-9c82-248b5a5867bf-GrpcLogAppender: Leader has not got in touch with Follower a8ad72fe-b4a4-4d4d-9a7f-b9692428a970@group-BF7E77D1B3E1->8bab8527-0d32-4ef2-9c82-248b5a5867bf(c-1,m0,n1, attendVote=true, lastRpcSendTime=1284, lastRpcResponseTime=9055) yet, just keep nextIndex unchanged and retry.
2022-11-07 13:08:58,174 [grpc-default-executor-4] WARN  server.GrpcLogAppender (LogUtils.java:warn(122)) - a8ad72fe-b4a4-4d4d-9a7f-b9692428a970@group-BF7E77D1B3E1->8bab8527-0d32-4ef2-9c82-248b5a5867bf-AppendLogResponseHandler: Failed appendEntries: org.apache.ratis.thirdparty.io.grpc.StatusRuntimeException: UNAVAILABLE: io exception
2022-11-07 13:08:58,174 [grpc-default-executor-3] WARN  server.GrpcLogAppender (LogUtils.java:warn(122)) - a8ad72fe-b4a4-4d4d-9a7f-b9692428a970@group-BF7E77D1B3E1->8bab8527-0d32-4ef2-9c82-248b5a5867bf-AppendLogResponseHandler: Failed appendEntries: org.apache.ratis.thirdparty.io.grpc.StatusRuntimeException: UNAVAILABLE: io exception
2022-11-07 13:08:58,175 [grpc-default-executor-4] WARN  server.GrpcLogAppender (GrpcLogAppender.java:resetClient(131)) - a8ad72fe-b4a4-4d4d-9a7f-b9692428a970@group-BF7E77D1B3E1->8bab8527-0d32-4ef2-9c82-248b5a5867bf-GrpcLogAppender: Leader has not got in touch with Follower a8ad72fe-b4a4-4d4d-9a7f-b9692428a970@group-BF7E77D1B3E1->8bab8527-0d32-4ef2-9c82-248b5a5867bf(c-1,m0,n1, attendVote=true, lastRpcSendTime=1287, lastRpcResponseTime=9058) yet, just keep nextIndex unchanged and retry.
2022-11-07 13:08:58,178 [grpc-default-executor-3] WARN  server.GrpcLogAppender (GrpcLogAppender.java:resetClient(131)) - a8ad72fe-b4a4-4d4d-9a7f-b9692428a970@group-BF7E77D1B3E1->8bab8527-0d32-4ef2-9c82-248b5a5867bf-GrpcLogAppender: Leader has not got in touch with Follower a8ad72fe-b4a4-4d4d-9a7f-b9692428a970@group-BF7E77D1B3E1->8bab8527-0d32-4ef2-9c82-248b5a5867bf(c-1,m0,n1, attendVote=true, lastRpcSendTime=1290, lastRpcResponseTime=9061) yet, just keep nextIndex unchanged and retry.
2022-11-07 13:08:58,179 [grpc-default-executor-4] WARN  server.GrpcLogAppender (LogUtils.java:warn(122)) - a8ad72fe-b4a4-4d4d-9a7f-b9692428a970@group-BF7E77D1B3E1->8bab8527-0d32-4ef2-9c82-248b5a5867bf-AppendLogResponseHandler: Failed appendEntries: org.apache.ratis.thirdparty.io.grpc.StatusRuntimeException: UNAVAILABLE: io exception
2022-11-07 13:08:58,180 [grpc-default-executor-4] WARN  server.GrpcLogAppender (GrpcLogAppender.java:resetClient(131)) - a8ad72fe-b4a4-4d4d-9a7f-b9692428a970@group-BF7E77D1B3E1->8bab8527-0d32-4ef2-9c82-248b5a5867bf-GrpcLogAppender: Leader has not got in touch with Follower a8ad72fe-b4a4-4d4d-9a7f-b9692428a970@group-BF7E77D1B3E1->8bab8527-0d32-4ef2-9c82-248b5a5867bf(c-1,m0,n1, attendVote=true, lastRpcSendTime=0, lastRpcResponseTime=9063) yet, just keep nextIndex unchanged and retry.
2022-11-07 13:08:58,179 [grpc-default-executor-3] WARN  server.GrpcLogAppender (LogUtils.java:warn(122)) - a8ad72fe-b4a4-4d4d-9a7f-b9692428a970@group-BF7E77D1B3E1->8bab8527-0d32-4ef2-9c82-248b5a5867bf-AppendLogResponseHandler: Failed appendEntries: org.apache.ratis.thirdparty.io.grpc.StatusRuntimeException: UNAVAILABLE: io exception
2022-11-07 13:08:58,180 [grpc-default-executor-3] WARN  server.GrpcLogAppender (GrpcLogAppender.java:resetClient(131)) - a8ad72fe-b4a4-4d4d-9a7f-b9692428a970@group-BF7E77D1B3E1->8bab8527-0d32-4ef2-9c82-248b5a5867bf-GrpcLogAppender: Leader has not got in touch with Follower a8ad72fe-b4a4-4d4d-9a7f-b9692428a970@group-BF7E77D1B3E1->8bab8527-0d32-4ef2-9c82-248b5a5867bf(c-1,m0,n1, attendVote=true, lastRpcSendTime=1, lastRpcResponseTime=9064) yet, just keep nextIndex unchanged and retry.
2022-11-07 13:08:58,181 [8b45bab1-f519-4e04-ad6f-9efd561d6d57@group-0F702FC51EF1-FollowerState] INFO  impl.FollowerState (FollowerState.java:run(143)) - 8b45bab1-f519-4e04-ad6f-9efd561d6d57@group-0F702FC51EF1-FollowerState: change to CANDIDATE, lastRpcElapsedTime:5140189345ns, electionTimeout:5137ms
2022-11-07 13:08:58,181 [8b45bab1-f519-4e04-ad6f-9efd561d6d57@group-0F702FC51EF1-FollowerState] INFO  impl.RoleInfo (RoleInfo.java:shutdownFollowerState(110)) - 8b45bab1-f519-4e04-ad6f-9efd561d6d57: shutdown 8b45bab1-f519-4e04-ad6f-9efd561d6d57@group-0F702FC51EF1-FollowerState
2022-11-07 13:08:58,181 [8b45bab1-f519-4e04-ad6f-9efd561d6d57@group-0F702FC51EF1-FollowerState] INFO  server.RaftServer$Division (RaftServerImpl.java:setRole(321)) - 8b45bab1-f519-4e04-ad6f-9efd561d6d57@group-0F702FC51EF1: changes role from  FOLLOWER to CANDIDATE at term 1 for changeToCandidate
2022-11-07 13:08:58,181 [8b45bab1-f519-4e04-ad6f-9efd561d6d57@group-0F702FC51EF1-FollowerState] INFO  server.RaftServerConfigKeys (ConfUtils.java:logGet(46)) - raft.server.leaderelection.pre-vote = false (custom)
2022-11-07 13:08:58,181 [8b45bab1-f519-4e04-ad6f-9efd561d6d57@group-0F702FC51EF1-FollowerState] INFO  impl.RoleInfo (RoleInfo.java:updateAndGet(139)) - 8b45bab1-f519-4e04-ad6f-9efd561d6d57: start 8b45bab1-f519-4e04-ad6f-9efd561d6d57@group-0F702FC51EF1-LeaderElection18
2022-11-07 13:08:58,192 [8b45bab1-f519-4e04-ad6f-9efd561d6d57@group-0F702FC51EF1-LeaderElection18] INFO  impl.LeaderElection (LeaderElection.java:askForVotes(312)) - 8b45bab1-f519-4e04-ad6f-9efd561d6d57@group-0F702FC51EF1-LeaderElection18 ELECTION round 0: submit vote requests at term 2 for -1: peers:[4c8c7e9c-fcb8-4cf5-b401-3fb7accb4cdc|rpc:10.1.0.171:46431|dataStream:|priority:0|startupRole:FOLLOWER, 8b45bab1-f519-4e04-ad6f-9efd561d6d57|rpc:10.1.0.171:33673|dataStream:|priority:1|startupRole:FOLLOWER, 2277c71a-7226-47f8-a4ca-90f752095403|rpc:10.1.0.171:35629|dataStream:|priority:0|startupRole:FOLLOWER]|listeners:[], old=null
2022-11-07 13:08:58,193 [8b45bab1-f519-4e04-ad6f-9efd561d6d57@group-0F702FC51EF1-LeaderElection18-1] INFO  server.GrpcServerProtocolClient (GrpcServerProtocolClient.java:<init>(63)) - Build channel for 4c8c7e9c-fcb8-4cf5-b401-3fb7accb4cdc
2022-11-07 13:08:58,199 [8b45bab1-f519-4e04-ad6f-9efd561d6d57@group-0F702FC51EF1-LeaderElection18] INFO  server.RaftServerConfigKeys (ConfUtils.java:logFallback(53)) - raft.server.rpc.first-election.timeout.min = 5s (fallback to raft.server.rpc.timeout.min)
2022-11-07 13:08:58,199 [8b45bab1-f519-4e04-ad6f-9efd561d6d57@group-0F702FC51EF1-LeaderElection18] INFO  server.RaftServerConfigKeys (ConfUtils.java:logFallback(53)) - raft.server.rpc.first-election.timeout.max = 5200ms (fallback to raft.server.rpc.timeout.max)
2022-11-07 13:08:58,203 [8b45bab1-f519-4e04-ad6f-9efd561d6d57@group-0F702FC51EF1-LeaderElection18-2] INFO  server.GrpcServerProtocolClient (GrpcServerProtocolClient.java:<init>(63)) - Build channel for 2277c71a-7226-47f8-a4ca-90f752095403
2022-11-07 13:08:58,205 [2277c71a-7226-47f8-a4ca-90f752095403@group-0F702FC51EF1-FollowerState] INFO  impl.FollowerState (FollowerState.java:run(143)) - 2277c71a-7226-47f8-a4ca-90f752095403@group-0F702FC51EF1-FollowerState: change to CANDIDATE, lastRpcElapsedTime:5144982752ns, electionTimeout:5130ms
2022-11-07 13:08:58,205 [2277c71a-7226-47f8-a4ca-90f752095403@group-0F702FC51EF1-FollowerState] INFO  impl.RoleInfo (RoleInfo.java:shutdownFollowerState(110)) - 2277c71a-7226-47f8-a4ca-90f752095403: shutdown 2277c71a-7226-47f8-a4ca-90f752095403@group-0F702FC51EF1-FollowerState
2022-11-07 13:08:58,205 [2277c71a-7226-47f8-a4ca-90f752095403@group-0F702FC51EF1-FollowerState] INFO  server.RaftServer$Division (RaftServerImpl.java:setRole(321)) - 2277c71a-7226-47f8-a4ca-90f752095403@group-0F702FC51EF1: changes role from  FOLLOWER to CANDIDATE at term 1 for changeToCandidate
2022-11-07 13:08:58,205 [2277c71a-7226-47f8-a4ca-90f752095403@group-0F702FC51EF1-FollowerState] INFO  server.RaftServerConfigKeys (ConfUtils.java:logGet(46)) - raft.server.leaderelection.pre-vote = false (custom)
2022-11-07 13:08:58,205 [2277c71a-7226-47f8-a4ca-90f752095403@group-0F702FC51EF1-FollowerState] INFO  impl.RoleInfo (RoleInfo.java:updateAndGet(139)) - 2277c71a-7226-47f8-a4ca-90f752095403: start 2277c71a-7226-47f8-a4ca-90f752095403@group-0F702FC51EF1-LeaderElection19
2022-11-07 13:08:58,209 [grpc-default-executor-3] INFO  server.RaftServer$Division (RaftServerImpl.java:requestVote(1218)) - 4c8c7e9c-fcb8-4cf5-b401-3fb7accb4cdc@group-0F702FC51EF1: receive requestVote(ELECTION, 8b45bab1-f519-4e04-ad6f-9efd561d6d57, group-0F702FC51EF1, 2, (t:0, i:0))
2022-11-07 13:08:58,216 [grpc-default-executor-3] INFO  impl.VoteContext (VoteContext.java:log(48)) - 4c8c7e9c-fcb8-4cf5-b401-3fb7accb4cdc@group-0F702FC51EF1-FOLLOWER: accept ELECTION from 8b45bab1-f519-4e04-ad6f-9efd561d6d57: our priority 0 <= candidate's priority 1
2022-11-07 13:08:58,216 [grpc-default-executor-3] INFO  server.RaftServer$Division (RaftServerImpl.java:setRole(321)) - 4c8c7e9c-fcb8-4cf5-b401-3fb7accb4cdc@group-0F702FC51EF1: changes role from  FOLLOWER to FOLLOWER at term 2 for candidate:8b45bab1-f519-4e04-ad6f-9efd561d6d57
2022-11-07 13:08:58,216 [grpc-default-executor-3] INFO  impl.RoleInfo (RoleInfo.java:shutdownFollowerState(110)) - 4c8c7e9c-fcb8-4cf5-b401-3fb7accb4cdc: shutdown 4c8c7e9c-fcb8-4cf5-b401-3fb7accb4cdc@group-0F702FC51EF1-FollowerState
2022-11-07 13:08:58,216 [grpc-default-executor-3] INFO  impl.RoleInfo (RoleInfo.java:updateAndGet(139)) - 4c8c7e9c-fcb8-4cf5-b401-3fb7accb4cdc: start 4c8c7e9c-fcb8-4cf5-b401-3fb7accb4cdc@group-0F702FC51EF1-FollowerState
2022-11-07 13:08:58,216 [4c8c7e9c-fcb8-4cf5-b401-3fb7accb4cdc@group-0F702FC51EF1-FollowerState] INFO  impl.FollowerState (FollowerState.java:run(152)) - 4c8c7e9c-fcb8-4cf5-b401-3fb7accb4cdc@group-0F702FC51EF1-FollowerState was interrupted
2022-11-07 13:08:58,217 [4c8c7e9c-fcb8-4cf5-b401-3fb7accb4cdc@group-0F702FC51EF1-FollowerState] INFO  server.RaftServerConfigKeys (ConfUtils.java:logFallback(53)) - raft.server.rpc.first-election.timeout.min = 5s (fallback to raft.server.rpc.timeout.min)
2022-11-07 13:08:58,217 [4c8c7e9c-fcb8-4cf5-b401-3fb7accb4cdc@group-0F702FC51EF1-FollowerState] INFO  server.RaftServerConfigKeys (ConfUtils.java:logFallback(53)) - raft.server.rpc.first-election.timeout.max = 5200ms (fallback to raft.server.rpc.timeout.max)
2022-11-07 13:08:58,219 [grpc-default-executor-3] INFO  server.RaftServer$Division (RaftServerImpl.java:requestVote(1251)) - 4c8c7e9c-fcb8-4cf5-b401-3fb7accb4cdc@group-0F702FC51EF1 replies to ELECTION vote request: 8b45bab1-f519-4e04-ad6f-9efd561d6d57<-4c8c7e9c-fcb8-4cf5-b401-3fb7accb4cdc#0:OK-t2. Peer's state: 4c8c7e9c-fcb8-4cf5-b401-3fb7accb4cdc@group-0F702FC51EF1:t2, leader=null, voted=8b45bab1-f519-4e04-ad6f-9efd561d6d57, raftlog=Memoized:4c8c7e9c-fcb8-4cf5-b401-3fb7accb4cdc@group-0F702FC51EF1-SegmentedRaftLog:OPENED:c-1, conf=-1: peers:[4c8c7e9c-fcb8-4cf5-b401-3fb7accb4cdc|rpc:10.1.0.171:46431|dataStream:|priority:0|startupRole:FOLLOWER, 8b45bab1-f519-4e04-ad6f-9efd561d6d57|rpc:10.1.0.171:33673|dataStream:|priority:1|startupRole:FOLLOWER, 2277c71a-7226-47f8-a4ca-90f752095403|rpc:10.1.0.171:35629|dataStream:|priority:0|startupRole:FOLLOWER]|listeners:[], old=null
2022-11-07 13:08:58,222 [8b45bab1-f519-4e04-ad6f-9efd561d6d57@group-0F702FC51EF1-LeaderElection18] INFO  impl.LeaderElection (LeaderElection.java:logAndReturn(90)) - 8b45bab1-f519-4e04-ad6f-9efd561d6d57@group-0F702FC51EF1-LeaderElection18: ELECTION PASSED received 1 response(s) and 0 exception(s):
2022-11-07 13:08:58,222 [8b45bab1-f519-4e04-ad6f-9efd561d6d57@group-0F702FC51EF1-LeaderElection18] INFO  impl.LeaderElection (LeaderElection.java:logAndReturn(94)) -   Response 0: 8b45bab1-f519-4e04-ad6f-9efd561d6d57<-4c8c7e9c-fcb8-4cf5-b401-3fb7accb4cdc#0:OK-t2
2022-11-07 13:08:58,222 [8b45bab1-f519-4e04-ad6f-9efd561d6d57@group-0F702FC51EF1-LeaderElection18] INFO  impl.LeaderElection (LeaderElection.java:askForVotes(314)) - 8b45bab1-f519-4e04-ad6f-9efd561d6d57@group-0F702FC51EF1-LeaderElection18 ELECTION round 0: result PASSED
2022-11-07 13:08:58,222 [8b45bab1-f519-4e04-ad6f-9efd561d6d57@group-0F702FC51EF1-LeaderElection18] INFO  impl.RoleInfo (RoleInfo.java:shutdownLeaderElection(130)) - 8b45bab1-f519-4e04-ad6f-9efd561d6d57: shutdown 8b45bab1-f519-4e04-ad6f-9efd561d6d57@group-0F702FC51EF1-LeaderElection18
2022-11-07 13:08:58,222 [8b45bab1-f519-4e04-ad6f-9efd561d6d57@group-0F702FC51EF1-LeaderElection18] INFO  server.RaftServer$Division (RaftServerImpl.java:setRole(321)) - 8b45bab1-f519-4e04-ad6f-9efd561d6d57@group-0F702FC51EF1: changes role from CANDIDATE to LEADER at term 2 for changeToLeader
2022-11-07 13:08:58,222 [8b45bab1-f519-4e04-ad6f-9efd561d6d57@group-0F702FC51EF1-LeaderElection18] INFO  ratis.XceiverServerRatis (XceiverServerRatis.java:handleLeaderChangedNotification(863)) - Leader change notification received for group: group-0F702FC51EF1 with new leaderId: 8b45bab1-f519-4e04-ad6f-9efd561d6d57
2022-11-07 13:08:58,222 [8b45bab1-f519-4e04-ad6f-9efd561d6d57@group-0F702FC51EF1-LeaderElection18] INFO  server.RaftServer$Division (ServerState.java:setLeader(313)) - 8b45bab1-f519-4e04-ad6f-9efd561d6d57@group-0F702FC51EF1: change Leader from null to 8b45bab1-f519-4e04-ad6f-9efd561d6d57 at term 2 for becomeLeader, leader elected after 10314ms
2022-11-07 13:08:58,223 [8b45bab1-f519-4e04-ad6f-9efd561d6d57@group-0F702FC51EF1-LeaderElection18] INFO  server.RaftServerConfigKeys (ConfUtils.java:logGet(46)) - raft.server.staging.catchup.gap = 1000 (default)
2022-11-07 13:08:58,223 [8b45bab1-f519-4e04-ad6f-9efd561d6d57@group-0F702FC51EF1-LeaderElection18] INFO  server.RaftServerConfigKeys (ConfUtils.java:logGet(46)) - raft.server.write.element-limit = 1024 (custom)
2022-11-07 13:08:58,223 [8b45bab1-f519-4e04-ad6f-9efd561d6d57@group-0F702FC51EF1-LeaderElection18] INFO  server.RaftServerConfigKeys (ConfUtils.java:logGet(46)) - raft.server.write.byte-limit = 1024 M (=1073741824) (custom)
2022-11-07 13:08:58,223 [8b45bab1-f519-4e04-ad6f-9efd561d6d57@group-0F702FC51EF1-LeaderElection18] INFO  server.RaftServerConfigKeys (ConfUtils.java:logGet(46)) - raft.server.watch.timeout = 180s (custom)
2022-11-07 13:08:58,223 [8b45bab1-f519-4e04-ad6f-9efd561d6d57@group-0F702FC51EF1-LeaderElection18] INFO  server.RaftServerConfigKeys (ConfUtils.java:logGet(46)) - raft.server.watch.timeout.denomination = 1s (default)
2022-11-07 13:08:58,223 [8b45bab1-f519-4e04-ad6f-9efd561d6d57@group-0F702FC51EF1-LeaderElection18] INFO  server.RaftServerConfigKeys (ConfUtils.java:logGet(46)) - raft.server.watch.element-limit = 65536 (default)
2022-11-07 13:08:58,223 [8b45bab1-f519-4e04-ad6f-9efd561d6d57@group-0F702FC51EF1-LeaderElection18] INFO  server.RaftServerConfigKeys (ConfUtils.java:logGet(46)) - raft.server.write.element-limit = 1024 (custom)
2022-11-07 13:08:58,223 [8b45bab1-f519-4e04-ad6f-9efd561d6d57@group-0F702FC51EF1-LeaderElection18] INFO  server.RaftServerConfigKeys (ConfUtils.java:logGet(46)) - raft.server.write.follower.gap.ratio.max = -1.0 (default)
2022-11-07 13:08:58,224 [8b45bab1-f519-4e04-ad6f-9efd561d6d57@group-0F702FC51EF1-LeaderElection18] INFO  server.RaftServerConfigKeys (ConfUtils.java:logGet(46)) - raft.server.log.appender.snapshot.chunk.size.max = 16MB (=16777216) (default)
2022-11-07 13:08:58,224 [8b45bab1-f519-4e04-ad6f-9efd561d6d57@group-0F702FC51EF1-LeaderElection18] INFO  server.RaftServerConfigKeys (ConfUtils.java:logGet(46)) - raft.server.log.appender.buffer.byte-limit = 33554432 (custom)
2022-11-07 13:08:58,224 [8b45bab1-f519-4e04-ad6f-9efd561d6d57@group-0F702FC51EF1-LeaderElection18] INFO  server.RaftServerConfigKeys (ConfUtils.java:logGet(46)) - raft.server.log.appender.buffer.element-limit = 1 (custom)
2022-11-07 13:08:58,224 [8b45bab1-f519-4e04-ad6f-9efd561d6d57@group-0F702FC51EF1-LeaderElection18] INFO  grpc.GrpcConfigKeys (ConfUtils.java:logGet(46)) - raft.grpc.server.leader.outstanding.appends.max = 128 (default)
2022-11-07 13:08:58,224 [8b45bab1-f519-4e04-ad6f-9efd561d6d57@group-0F702FC51EF1-LeaderElection18] INFO  server.RaftServerConfigKeys (ConfUtils.java:logGet(46)) - raft.server.rpc.request.timeout = 60s (custom)
2022-11-07 13:08:58,225 [8b45bab1-f519-4e04-ad6f-9efd561d6d57@group-0F702FC51EF1-LeaderElection18] INFO  server.RaftServerConfigKeys (ConfUtils.java:logGet(46)) - raft.server.log.appender.install.snapshot.enabled = false (custom)
2022-11-07 13:08:58,225 [8b45bab1-f519-4e04-ad6f-9efd561d6d57@group-0F702FC51EF1-LeaderElection18] INFO  grpc.GrpcConfigKeys (ConfUtils.java:logGet(46)) - raft.grpc.server.heartbeat.channel = true (default)
2022-11-07 13:08:58,225 [8b45bab1-f519-4e04-ad6f-9efd561d6d57@group-0F702FC51EF1-LeaderElection18] INFO  server.RaftServerConfigKeys (ConfUtils.java:logGet(46)) - raft.server.log.appender.wait-time.min = 10ms (default)
2022-11-07 13:08:58,225 [8b45bab1-f519-4e04-ad6f-9efd561d6d57@group-0F702FC51EF1-LeaderElection18] INFO  server.RaftServerConfigKeys (ConfUtils.java:logGet(46)) - raft.server.log.appender.snapshot.chunk.size.max = 16MB (=16777216) (default)
2022-11-07 13:08:58,225 [8b45bab1-f519-4e04-ad6f-9efd561d6d57@group-0F702FC51EF1-LeaderElection18] INFO  server.RaftServerConfigKeys (ConfUtils.java:logGet(46)) - raft.server.log.appender.buffer.byte-limit = 33554432 (custom)
2022-11-07 13:08:58,226 [8b45bab1-f519-4e04-ad6f-9efd561d6d57@group-0F702FC51EF1-LeaderElection18] INFO  server.RaftServerConfigKeys (ConfUtils.java:logGet(46)) - raft.server.log.appender.buffer.element-limit = 1 (custom)
2022-11-07 13:08:58,226 [8b45bab1-f519-4e04-ad6f-9efd561d6d57@group-0F702FC51EF1-LeaderElection18] INFO  grpc.GrpcConfigKeys (ConfUtils.java:logGet(46)) - raft.grpc.server.leader.outstanding.appends.max = 128 (default)
2022-11-07 13:08:58,226 [8b45bab1-f519-4e04-ad6f-9efd561d6d57@group-0F702FC51EF1-LeaderElection18] INFO  server.RaftServerConfigKeys (ConfUtils.java:logGet(46)) - raft.server.rpc.request.timeout = 60s (custom)
2022-11-07 13:08:58,226 [8b45bab1-f519-4e04-ad6f-9efd561d6d57@group-0F702FC51EF1-LeaderElection18] INFO  server.RaftServerConfigKeys (ConfUtils.java:logGet(46)) - raft.server.log.appender.install.snapshot.enabled = false (custom)
2022-11-07 13:08:58,226 [8b45bab1-f519-4e04-ad6f-9efd561d6d57@group-0F702FC51EF1-LeaderElection18] INFO  grpc.GrpcConfigKeys (ConfUtils.java:logGet(46)) - raft.grpc.server.heartbeat.channel = true (default)
2022-11-07 13:08:58,226 [8b45bab1-f519-4e04-ad6f-9efd561d6d57@group-0F702FC51EF1-LeaderElection18] INFO  server.RaftServerConfigKeys (ConfUtils.java:logGet(46)) - raft.server.log.appender.wait-time.min = 10ms (default)
2022-11-07 13:08:58,227 [2277c71a-7226-47f8-a4ca-90f752095403@group-0F702FC51EF1-LeaderElection19] INFO  impl.LeaderElection (LeaderElection.java:askForVotes(312)) - 2277c71a-7226-47f8-a4ca-90f752095403@group-0F702FC51EF1-LeaderElection19 ELECTION round 0: submit vote requests at term 2 for -1: peers:[4c8c7e9c-fcb8-4cf5-b401-3fb7accb4cdc|rpc:10.1.0.171:46431|priority:0|startupRole:FOLLOWER, 8b45bab1-f519-4e04-ad6f-9efd561d6d57|rpc:10.1.0.171:33673|priority:1|startupRole:FOLLOWER, 2277c71a-7226-47f8-a4ca-90f752095403|rpc:10.1.0.171:35629|priority:0|startupRole:FOLLOWER]|listeners:[], old=null
2022-11-07 13:08:58,227 [8b45bab1-f519-4e04-ad6f-9efd561d6d57@group-0F702FC51EF1-LeaderElection18] INFO  impl.RoleInfo (RoleInfo.java:updateAndGet(139)) - 8b45bab1-f519-4e04-ad6f-9efd561d6d57: start 8b45bab1-f519-4e04-ad6f-9efd561d6d57@group-0F702FC51EF1-LeaderStateImpl
2022-11-07 13:08:58,228 [8b45bab1-f519-4e04-ad6f-9efd561d6d57@group-0F702FC51EF1-LeaderElection18] INFO  segmented.SegmentedRaftLogWorker (SegmentedRaftLogWorker.java:startLogSegment(452)) - 8b45bab1-f519-4e04-ad6f-9efd561d6d57@group-0F702FC51EF1-SegmentedRaftLogWorker: Starting segment from index:0
2022-11-07 13:08:58,228 [EventQueue-PipelineReportForPipelineReportHandler] INFO  pipeline.PipelineManagerImpl (PipelineManagerImpl.java:openPipeline(367)) - Pipeline Pipeline[ Id: cdc51678-e820-4382-9164-0f702fc51ef1, Nodes: 4c8c7e9c-fcb8-4cf5-b401-3fb7accb4cdc{ip: 10.1.0.171, host: fv-az255-291.sbdzdnwsxtye1lzl1wgdhvzhwg.dx.internal.cloudapp.net, ports: [REPLICATION=36497, RATIS=46431, RATIS_ADMIN=46431, RATIS_SERVER=46431, STANDALONE=38777], networkLocation: /default-rack, certSerialId: null, persistedOpState: IN_SERVICE, persistedOpStateExpiryEpochSec: 0}8b45bab1-f519-4e04-ad6f-9efd561d6d57{ip: 10.1.0.171, host: fv-az255-291.sbdzdnwsxtye1lzl1wgdhvzhwg.dx.internal.cloudapp.net, ports: [REPLICATION=34333, RATIS=33673, RATIS_ADMIN=33673, RATIS_SERVER=33673, STANDALONE=46671], networkLocation: /default-rack, certSerialId: null, persistedOpState: IN_SERVICE, persistedOpStateExpiryEpochSec: 0}2277c71a-7226-47f8-a4ca-90f752095403{ip: 10.1.0.171, host: fv-az255-291.sbdzdnwsxtye1lzl1wgdhvzhwg.dx.internal.cloudapp.net, ports: [REPLICATION=38469, RATIS=35629, RATIS_ADMIN=35629, RATIS_SERVER=35629, STANDALONE=42231], networkLocation: /default-rack, certSerialId: null, persistedOpState: IN_SERVICE, persistedOpStateExpiryEpochSec: 0}, ReplicationConfig: RATIS/THREE, State:ALLOCATED, leaderId:8b45bab1-f519-4e04-ad6f-9efd561d6d57, CreationTimestamp2022-11-07T13:08:45.580Z[Etc/UTC]] moved to OPEN state
2022-11-07 13:08:58,231 [grpc-default-executor-3] INFO  server.RaftServer$Division (RaftServerImpl.java:requestVote(1218)) - 2277c71a-7226-47f8-a4ca-90f752095403@group-0F702FC51EF1: receive requestVote(ELECTION, 8b45bab1-f519-4e04-ad6f-9efd561d6d57, group-0F702FC51EF1, 2, (t:0, i:0))
2022-11-07 13:08:58,231 [grpc-default-executor-3] INFO  impl.VoteContext (VoteContext.java:log(48)) - 2277c71a-7226-47f8-a4ca-90f752095403@group-0F702FC51EF1-CANDIDATE: reject ELECTION from 8b45bab1-f519-4e04-ad6f-9efd561d6d57: already has voted for 2277c71a-7226-47f8-a4ca-90f752095403 at current term 2
2022-11-07 13:08:58,232 [grpc-default-executor-3] INFO  server.RaftServer$Division (RaftServerImpl.java:requestVote(1251)) - 2277c71a-7226-47f8-a4ca-90f752095403@group-0F702FC51EF1 replies to ELECTION vote request: 8b45bab1-f519-4e04-ad6f-9efd561d6d57<-2277c71a-7226-47f8-a4ca-90f752095403#0:FAIL-t2. Peer's state: 2277c71a-7226-47f8-a4ca-90f752095403@group-0F702FC51EF1:t2, leader=null, voted=2277c71a-7226-47f8-a4ca-90f752095403, raftlog=Memoized:2277c71a-7226-47f8-a4ca-90f752095403@group-0F702FC51EF1-SegmentedRaftLog:OPENED:c-1, conf=-1: peers:[4c8c7e9c-fcb8-4cf5-b401-3fb7accb4cdc|rpc:10.1.0.171:46431|priority:0|startupRole:FOLLOWER, 8b45bab1-f519-4e04-ad6f-9efd561d6d57|rpc:10.1.0.171:33673|priority:1|startupRole:FOLLOWER, 2277c71a-7226-47f8-a4ca-90f752095403|rpc:10.1.0.171:35629|priority:0|startupRole:FOLLOWER]|listeners:[], old=null
2022-11-07 13:08:58,234 [2277c71a-7226-47f8-a4ca-90f752095403@group-0F702FC51EF1-LeaderElection19] INFO  server.RaftServerConfigKeys (ConfUtils.java:logFallback(53)) - raft.server.rpc.first-election.timeout.min = 5s (fallback to raft.server.rpc.timeout.min)
2022-11-07 13:08:58,234 [2277c71a-7226-47f8-a4ca-90f752095403@group-0F702FC51EF1-LeaderElection19] INFO  server.RaftServerConfigKeys (ConfUtils.java:logFallback(53)) - raft.server.rpc.first-election.timeout.max = 5200ms (fallback to raft.server.rpc.timeout.max)
2022-11-07 13:08:58,235 [8b45bab1-f519-4e04-ad6f-9efd561d6d57@group-0F702FC51EF1-LeaderElection18] INFO  server.RaftServer$Division (ServerState.java:setRaftConf(430)) - 8b45bab1-f519-4e04-ad6f-9efd561d6d57@group-0F702FC51EF1: set configuration 0: peers:[4c8c7e9c-fcb8-4cf5-b401-3fb7accb4cdc|rpc:10.1.0.171:46431|dataStream:|priority:0|startupRole:FOLLOWER, 8b45bab1-f519-4e04-ad6f-9efd561d6d57|rpc:10.1.0.171:33673|dataStream:|priority:1|startupRole:FOLLOWER, 2277c71a-7226-47f8-a4ca-90f752095403|rpc:10.1.0.171:35629|dataStream:|priority:0|startupRole:FOLLOWER]|listeners:[], old=null
2022-11-07 13:08:58,236 [8b45bab1-f519-4e04-ad6f-9efd561d6d57@group-0F702FC51EF1-SegmentedRaftLogWorker] INFO  segmented.SegmentedRaftLogWorker (SegmentedRaftLogWorker.java:execute(656)) - 8b45bab1-f519-4e04-ad6f-9efd561d6d57@group-0F702FC51EF1-SegmentedRaftLogWorker: created new log segment /home/runner/work/ozone/ozone/hadoop-ozone/integration-test/target/test-dir/MiniOzoneClusterImpl-2a90587d-8655-4e72-8ce6-1bf59b520396/datanode-4/data/ratis/cdc51678-e820-4382-9164-0f702fc51ef1/current/log_inprogress_0
2022-11-07 13:08:58,244 [grpc-default-executor-3] INFO  server.RaftServer$Division (RaftServerImpl.java:requestVote(1218)) - 8b45bab1-f519-4e04-ad6f-9efd561d6d57@group-0F702FC51EF1: receive requestVote(ELECTION, 2277c71a-7226-47f8-a4ca-90f752095403, group-0F702FC51EF1, 2, (t:0, i:0))
2022-11-07 13:08:58,244 [grpc-default-executor-3] INFO  impl.VoteContext (VoteContext.java:log(48)) - 8b45bab1-f519-4e04-ad6f-9efd561d6d57@group-0F702FC51EF1-LEADER: reject ELECTION from 2277c71a-7226-47f8-a4ca-90f752095403: already has voted for 8b45bab1-f519-4e04-ad6f-9efd561d6d57 at current term 2
2022-11-07 13:08:58,244 [grpc-default-executor-3] INFO  server.RaftServer$Division (RaftServerImpl.java:requestVote(1251)) - 8b45bab1-f519-4e04-ad6f-9efd561d6d57@group-0F702FC51EF1 replies to ELECTION vote request: 2277c71a-7226-47f8-a4ca-90f752095403<-8b45bab1-f519-4e04-ad6f-9efd561d6d57#0:FAIL-t2. Peer's state: 8b45bab1-f519-4e04-ad6f-9efd561d6d57@group-0F702FC51EF1:t2, leader=8b45bab1-f519-4e04-ad6f-9efd561d6d57, voted=8b45bab1-f519-4e04-ad6f-9efd561d6d57, raftlog=Memoized:8b45bab1-f519-4e04-ad6f-9efd561d6d57@group-0F702FC51EF1-SegmentedRaftLog:OPENED:c-1, conf=0: peers:[4c8c7e9c-fcb8-4cf5-b401-3fb7accb4cdc|rpc:10.1.0.171:46431|dataStream:|priority:0|startupRole:FOLLOWER, 8b45bab1-f519-4e04-ad6f-9efd561d6d57|rpc:10.1.0.171:33673|dataStream:|priority:1|startupRole:FOLLOWER, 2277c71a-7226-47f8-a4ca-90f752095403|rpc:10.1.0.171:35629|dataStream:|priority:0|startupRole:FOLLOWER]|listeners:[], old=null
2022-11-07 13:08:58,245 [grpc-default-executor-3] INFO  server.RaftServer$Division (RaftServerImpl.java:requestVote(1218)) - 4c8c7e9c-fcb8-4cf5-b401-3fb7accb4cdc@group-0F702FC51EF1: receive requestVote(ELECTION, 2277c71a-7226-47f8-a4ca-90f752095403, group-0F702FC51EF1, 2, (t:0, i:0))
2022-11-07 13:08:58,245 [grpc-default-executor-3] INFO  impl.VoteContext (VoteContext.java:log(48)) - 4c8c7e9c-fcb8-4cf5-b401-3fb7accb4cdc@group-0F702FC51EF1-FOLLOWER: reject ELECTION from 2277c71a-7226-47f8-a4ca-90f752095403: already has voted for 8b45bab1-f519-4e04-ad6f-9efd561d6d57 at current term 2
2022-11-07 13:08:58,245 [grpc-default-executor-3] INFO  server.RaftServer$Division (RaftServerImpl.java:requestVote(1251)) - 4c8c7e9c-fcb8-4cf5-b401-3fb7accb4cdc@group-0F702FC51EF1 replies to ELECTION vote request: 2277c71a-7226-47f8-a4ca-90f752095403<-4c8c7e9c-fcb8-4cf5-b401-3fb7accb4cdc#0:FAIL-t2. Peer's state: 4c8c7e9c-fcb8-4cf5-b401-3fb7accb4cdc@group-0F702FC51EF1:t2, leader=null, voted=8b45bab1-f519-4e04-ad6f-9efd561d6d57, raftlog=Memoized:4c8c7e9c-fcb8-4cf5-b401-3fb7accb4cdc@group-0F702FC51EF1-SegmentedRaftLog:OPENED:c-1, conf=-1: peers:[4c8c7e9c-fcb8-4cf5-b401-3fb7accb4cdc|rpc:10.1.0.171:46431|dataStream:|priority:0|startupRole:FOLLOWER, 8b45bab1-f519-4e04-ad6f-9efd561d6d57|rpc:10.1.0.171:33673|dataStream:|priority:1|startupRole:FOLLOWER, 2277c71a-7226-47f8-a4ca-90f752095403|rpc:10.1.0.171:35629|dataStream:|priority:0|startupRole:FOLLOWER]|listeners:[], old=null
2022-11-07 13:08:58,250 [2277c71a-7226-47f8-a4ca-90f752095403@group-0F702FC51EF1-LeaderElection19] INFO  impl.LeaderElection (LeaderElection.java:logAndReturn(90)) - 2277c71a-7226-47f8-a4ca-90f752095403@group-0F702FC51EF1-LeaderElection19: ELECTION REJECTED received 2 response(s) and 0 exception(s):
2022-11-07 13:08:58,250 [2277c71a-7226-47f8-a4ca-90f752095403@group-0F702FC51EF1-LeaderElection19] INFO  impl.LeaderElection (LeaderElection.java:logAndReturn(94)) -   Response 0: 2277c71a-7226-47f8-a4ca-90f752095403<-4c8c7e9c-fcb8-4cf5-b401-3fb7accb4cdc#0:FAIL-t2
2022-11-07 13:08:58,250 [2277c71a-7226-47f8-a4ca-90f752095403@group-0F702FC51EF1-LeaderElection19] INFO  impl.LeaderElection (LeaderElection.java:logAndReturn(94)) -   Response 1: 2277c71a-7226-47f8-a4ca-90f752095403<-8b45bab1-f519-4e04-ad6f-9efd561d6d57#0:FAIL-t2
2022-11-07 13:08:58,250 [2277c71a-7226-47f8-a4ca-90f752095403@group-0F702FC51EF1-LeaderElection19] INFO  impl.LeaderElection (LeaderElection.java:askForVotes(314)) - 2277c71a-7226-47f8-a4ca-90f752095403@group-0F702FC51EF1-LeaderElection19 ELECTION round 0: result REJECTED
2022-11-07 13:08:58,250 [2277c71a-7226-47f8-a4ca-90f752095403@group-0F702FC51EF1-LeaderElection19] INFO  server.RaftServer$Division (RaftServerImpl.java:setRole(321)) - 2277c71a-7226-47f8-a4ca-90f752095403@group-0F702FC51EF1: changes role from CANDIDATE to FOLLOWER at term 2 for REJECTED
2022-11-07 13:08:58,250 [2277c71a-7226-47f8-a4ca-90f752095403@group-0F702FC51EF1-LeaderElection19] INFO  impl.RoleInfo (RoleInfo.java:shutdownLeaderElection(130)) - 2277c71a-7226-47f8-a4ca-90f752095403: shutdown 2277c71a-7226-47f8-a4ca-90f752095403@group-0F702FC51EF1-LeaderElection19
2022-11-07 13:08:58,250 [2277c71a-7226-47f8-a4ca-90f752095403@group-0F702FC51EF1-LeaderElection19] INFO  impl.RoleInfo (RoleInfo.java:updateAndGet(139)) - 2277c71a-7226-47f8-a4ca-90f752095403: start 2277c71a-7226-47f8-a4ca-90f752095403@group-0F702FC51EF1-FollowerState
2022-11-07 13:08:58,259 [2277c71a-7226-47f8-a4ca-90f752095403@group-0F702FC51EF1-FollowerState] INFO  server.RaftServerConfigKeys (ConfUtils.java:logFallback(53)) - raft.server.rpc.first-election.timeout.min = 5s (fallback to raft.server.rpc.timeout.min)
2022-11-07 13:08:58,277 [2277c71a-7226-47f8-a4ca-90f752095403@group-0F702FC51EF1-FollowerState] INFO  server.RaftServerConfigKeys (ConfUtils.java:logFallback(53)) - raft.server.rpc.first-election.timeout.max = 5200ms (fallback to raft.server.rpc.timeout.max)
2022-11-07 13:08:58,277 [4c8c7e9c-fcb8-4cf5-b401-3fb7accb4cdc-server-thread1] INFO  ratis.XceiverServerRatis (XceiverServerRatis.java:handleLeaderChangedNotification(863)) - Leader change notification received for group: group-0F702FC51EF1 with new leaderId: 8b45bab1-f519-4e04-ad6f-9efd561d6d57
2022-11-07 13:08:58,277 [4c8c7e9c-fcb8-4cf5-b401-3fb7accb4cdc-server-thread1] INFO  server.RaftServer$Division (ServerState.java:setLeader(313)) - 4c8c7e9c-fcb8-4cf5-b401-3fb7accb4cdc@group-0F702FC51EF1: change Leader from null to 8b45bab1-f519-4e04-ad6f-9efd561d6d57 at term 2 for appendEntries, leader elected after 10441ms
2022-11-07 13:08:58,295 [2277c71a-7226-47f8-a4ca-90f752095403-server-thread1] INFO  ratis.XceiverServerRatis (XceiverServerRatis.java:handleLeaderChangedNotification(863)) - Leader change notification received for group: group-0F702FC51EF1 with new leaderId: 8b45bab1-f519-4e04-ad6f-9efd561d6d57
2022-11-07 13:08:58,295 [2277c71a-7226-47f8-a4ca-90f752095403-server-thread1] INFO  server.RaftServer$Division (ServerState.java:setLeader(313)) - 2277c71a-7226-47f8-a4ca-90f752095403@group-0F702FC51EF1: change Leader from null to 8b45bab1-f519-4e04-ad6f-9efd561d6d57 at term 2 for appendEntries, leader elected after 10523ms
2022-11-07 13:08:58,298 [2277c71a-7226-47f8-a4ca-90f752095403-server-thread1] INFO  server.RaftServer$Division (ServerState.java:setRaftConf(430)) - 2277c71a-7226-47f8-a4ca-90f752095403@group-0F702FC51EF1: set configuration 0: peers:[4c8c7e9c-fcb8-4cf5-b401-3fb7accb4cdc|rpc:10.1.0.171:46431|dataStream:|priority:0|startupRole:FOLLOWER, 8b45bab1-f519-4e04-ad6f-9efd561d6d57|rpc:10.1.0.171:33673|dataStream:|priority:1|startupRole:FOLLOWER, 2277c71a-7226-47f8-a4ca-90f752095403|rpc:10.1.0.171:35629|dataStream:|priority:0|startupRole:FOLLOWER]|listeners:[], old=null
2022-11-07 13:08:58,298 [2277c71a-7226-47f8-a4ca-90f752095403-server-thread1] INFO  segmented.SegmentedRaftLogWorker (SegmentedRaftLogWorker.java:startLogSegment(452)) - 2277c71a-7226-47f8-a4ca-90f752095403@group-0F702FC51EF1-SegmentedRaftLogWorker: Starting segment from index:0
2022-11-07 13:08:58,304 [4c8c7e9c-fcb8-4cf5-b401-3fb7accb4cdc-server-thread2] INFO  server.RaftServer$Division (ServerState.java:setRaftConf(430)) - 4c8c7e9c-fcb8-4cf5-b401-3fb7accb4cdc@group-0F702FC51EF1: set configuration 0: peers:[4c8c7e9c-fcb8-4cf5-b401-3fb7accb4cdc|rpc:10.1.0.171:46431|dataStream:|priority:0|startupRole:FOLLOWER, 8b45bab1-f519-4e04-ad6f-9efd561d6d57|rpc:10.1.0.171:33673|dataStream:|priority:1|startupRole:FOLLOWER, 2277c71a-7226-47f8-a4ca-90f752095403|rpc:10.1.0.171:35629|dataStream:|priority:0|startupRole:FOLLOWER]|listeners:[], old=null
2022-11-07 13:08:58,305 [4c8c7e9c-fcb8-4cf5-b401-3fb7accb4cdc-server-thread2] INFO  segmented.SegmentedRaftLogWorker (SegmentedRaftLogWorker.java:startLogSegment(452)) - 4c8c7e9c-fcb8-4cf5-b401-3fb7accb4cdc@group-0F702FC51EF1-SegmentedRaftLogWorker: Starting segment from index:0
2022-11-07 13:08:58,316 [4c8c7e9c-fcb8-4cf5-b401-3fb7accb4cdc@group-0F702FC51EF1-SegmentedRaftLogWorker] INFO  segmented.SegmentedRaftLogWorker (SegmentedRaftLogWorker.java:execute(656)) - 4c8c7e9c-fcb8-4cf5-b401-3fb7accb4cdc@group-0F702FC51EF1-SegmentedRaftLogWorker: created new log segment /home/runner/work/ozone/ozone/hadoop-ozone/integration-test/target/test-dir/MiniOzoneClusterImpl-2a90587d-8655-4e72-8ce6-1bf59b520396/datanode-5/data/ratis/cdc51678-e820-4382-9164-0f702fc51ef1/current/log_inprogress_0
2022-11-07 13:08:58,317 [2277c71a-7226-47f8-a4ca-90f752095403@group-0F702FC51EF1-SegmentedRaftLogWorker] INFO  segmented.SegmentedRaftLogWorker (SegmentedRaftLogWorker.java:execute(656)) - 2277c71a-7226-47f8-a4ca-90f752095403@group-0F702FC51EF1-SegmentedRaftLogWorker: created new log segment /home/runner/work/ozone/ozone/hadoop-ozone/integration-test/target/test-dir/MiniOzoneClusterImpl-2a90587d-8655-4e72-8ce6-1bf59b520396/datanode-3/data/ratis/cdc51678-e820-4382-9164-0f702fc51ef1/current/log_inprogress_0
2022-11-07 13:08:58,618 [Command processor thread] INFO  keyvalue.KeyValueContainer (KeyValueContainer.java:flushAndSyncDB(437)) - Container 1 is synced with bcsId 0.
2022-11-07 13:08:58,618 [Command processor thread] INFO  keyvalue.KeyValueContainer (KeyValueContainer.java:flushAndSyncDB(437)) - Container 1 is synced with bcsId 0.
2022-11-07 13:08:58,622 [Command processor thread] INFO  keyvalue.KeyValueContainer (KeyValueContainer.java:close(352)) - Container 1 is closed with bcsId 0.
2022-11-07 13:08:58,623 [FixedThreadPoolWithAffinityExecutor-1-0] INFO  container.IncrementalContainerReportHandler (AbstractContainerReportHandler.java:updateContainerState(292)) - Moving container #1 to CLOSED state, datanode 1810f6e6-5580-46b0-b88d-9b5f15cbee6a{ip: 10.1.0.171, host: fv-az255-291.sbdzdnwsxtye1lzl1wgdhvzhwg.dx.internal.cloudapp.net, ports: [REPLICATION=43399, RATIS=37795, RATIS_ADMIN=37795, RATIS_SERVER=37795, STANDALONE=38201], networkLocation: /default-rack, certSerialId: null, persistedOpState: IN_SERVICE, persistedOpStateExpiryEpochSec: 0} reported CLOSED replica.
2022-11-07 13:08:58,679 [Listener at 127.0.0.1/42403] INFO  replication.ReplicationManager (ReplicationManager.java:stop(273)) - Stopping Replication Monitor Thread.
2022-11-07 13:08:58,680 [Under Replicated Processor] WARN  replication.UnderReplicatedProcessor (UnderReplicatedProcessor.java:run(148)) - Under Replicated Processor interrupted. Exiting...
2022-11-07 13:08:58,680 [Over Replicated Processor] WARN  replication.OverReplicatedProcessor (OverReplicatedProcessor.java:run(137)) - Over Replicated Processor interrupted. Exiting...
2022-11-07 13:08:58,680 [ReplicationMonitor] INFO  replication.ReplicationManager (ReplicationManager.java:run(579)) - Replication Monitor Thread is stopped
2022-11-07 13:08:59,293 [grpc-default-executor-4] WARN  server.GrpcLogAppender (LogUtils.java:warn(122)) - a8ad72fe-b4a4-4d4d-9a7f-b9692428a970@group-65CF6AC154C0->8bab8527-0d32-4ef2-9c82-248b5a5867bf-AppendLogResponseHandler: Failed appendEntries: org.apache.ratis.thirdparty.io.grpc.StatusRuntimeException: UNAVAILABLE: io exception
2022-11-07 13:08:59,294 [grpc-default-executor-4] WARN  server.GrpcLogAppender (GrpcLogAppender.java:resetClient(131)) - a8ad72fe-b4a4-4d4d-9a7f-b9692428a970@group-65CF6AC154C0->8bab8527-0d32-4ef2-9c82-248b5a5867bf-GrpcLogAppender: Leader has not got in touch with Follower a8ad72fe-b4a4-4d4d-9a7f-b9692428a970@group-65CF6AC154C0->8bab8527-0d32-4ef2-9c82-248b5a5867bf(c-1,m0,n1, attendVote=true, lastRpcSendTime=1251, lastRpcResponseTime=10246) yet, just keep nextIndex unchanged and retry.
2022-11-07 13:08:59,296 [grpc-default-executor-4] WARN  server.GrpcLogAppender (LogUtils.java:warn(122)) - a8ad72fe-b4a4-4d4d-9a7f-b9692428a970@group-65CF6AC154C0->8bab8527-0d32-4ef2-9c82-248b5a5867bf-AppendLogResponseHandler: Failed appendEntries: org.apache.ratis.thirdparty.io.grpc.StatusRuntimeException: UNAVAILABLE: io exception
2022-11-07 13:08:59,296 [grpc-default-executor-3] WARN  server.GrpcLogAppender (LogUtils.java:warn(122)) - a8ad72fe-b4a4-4d4d-9a7f-b9692428a970@group-65CF6AC154C0->8bab8527-0d32-4ef2-9c82-248b5a5867bf-AppendLogResponseHandler: Failed appendEntries: org.apache.ratis.thirdparty.io.grpc.StatusRuntimeException: UNAVAILABLE: io exception
2022-11-07 13:08:59,297 [grpc-default-executor-4] WARN  server.GrpcLogAppender (GrpcLogAppender.java:resetClient(131)) - a8ad72fe-b4a4-4d4d-9a7f-b9692428a970@group-65CF6AC154C0->8bab8527-0d32-4ef2-9c82-248b5a5867bf-GrpcLogAppender: Leader has not got in touch with Follower a8ad72fe-b4a4-4d4d-9a7f-b9692428a970@group-65CF6AC154C0->8bab8527-0d32-4ef2-9c82-248b5a5867bf(c-1,m0,n1, attendVote=true, lastRpcSendTime=1254, lastRpcResponseTime=10248) yet, just keep nextIndex unchanged and retry.
2022-11-07 13:08:59,297 [grpc-default-executor-3] WARN  server.GrpcLogAppender (GrpcLogAppender.java:resetClient(131)) - a8ad72fe-b4a4-4d4d-9a7f-b9692428a970@group-65CF6AC154C0->8bab8527-0d32-4ef2-9c82-248b5a5867bf-GrpcLogAppender: Leader has not got in touch with Follower a8ad72fe-b4a4-4d4d-9a7f-b9692428a970@group-65CF6AC154C0->8bab8527-0d32-4ef2-9c82-248b5a5867bf(c-1,m0,n1, attendVote=true, lastRpcSendTime=1254, lastRpcResponseTime=10248) yet, just keep nextIndex unchanged and retry.
2022-11-07 13:08:59,297 [grpc-default-executor-5] WARN  server.GrpcLogAppender (LogUtils.java:warn(122)) - a8ad72fe-b4a4-4d4d-9a7f-b9692428a970@group-65CF6AC154C0->8bab8527-0d32-4ef2-9c82-248b5a5867bf-AppendLogResponseHandler: Failed appendEntries: org.apache.ratis.thirdparty.io.grpc.StatusRuntimeException: UNAVAILABLE: io exception
2022-11-07 13:08:59,298 [grpc-default-executor-5] WARN  server.GrpcLogAppender (GrpcLogAppender.java:resetClient(131)) - a8ad72fe-b4a4-4d4d-9a7f-b9692428a970@group-65CF6AC154C0->8bab8527-0d32-4ef2-9c82-248b5a5867bf-GrpcLogAppender: Leader has not got in touch with Follower a8ad72fe-b4a4-4d4d-9a7f-b9692428a970@group-65CF6AC154C0->8bab8527-0d32-4ef2-9c82-248b5a5867bf(c-1,m0,n1, attendVote=true, lastRpcSendTime=1254, lastRpcResponseTime=10249) yet, just keep nextIndex unchanged and retry.
2022-11-07 13:08:59,299 [grpc-default-executor-5] WARN  server.GrpcLogAppender (LogUtils.java:warn(122)) - a8ad72fe-b4a4-4d4d-9a7f-b9692428a970@group-65CF6AC154C0->8bab8527-0d32-4ef2-9c82-248b5a5867bf-AppendLogResponseHandler: Failed appendEntries: org.apache.ratis.thirdparty.io.grpc.StatusRuntimeException: UNAVAILABLE: io exception
2022-11-07 13:08:59,299 [grpc-default-executor-3] WARN  server.GrpcLogAppender (LogUtils.java:warn(122)) - a8ad72fe-b4a4-4d4d-9a7f-b9692428a970@group-65CF6AC154C0->8bab8527-0d32-4ef2-9c82-248b5a5867bf-AppendLogResponseHandler: Failed appendEntries: org.apache.ratis.thirdparty.io.grpc.StatusRuntimeException: UNAVAILABLE: io exception
2022-11-07 13:08:59,302 [grpc-default-executor-5] WARN  server.GrpcLogAppender (GrpcLogAppender.java:resetClient(131)) - a8ad72fe-b4a4-4d4d-9a7f-b9692428a970@group-65CF6AC154C0->8bab8527-0d32-4ef2-9c82-248b5a5867bf-GrpcLogAppender: Leader has not got in touch with Follower a8ad72fe-b4a4-4d4d-9a7f-b9692428a970@group-65CF6AC154C0->8bab8527-0d32-4ef2-9c82-248b5a5867bf(c-1,m0,n1, attendVote=true, lastRpcSendTime=0, lastRpcResponseTime=10253) yet, just keep nextIndex unchanged and retry.
2022-11-07 13:08:59,303 [grpc-default-executor-3] WARN  server.GrpcLogAppender (GrpcLogAppender.java:resetClient(131)) - a8ad72fe-b4a4-4d4d-9a7f-b9692428a970@group-65CF6AC154C0->8bab8527-0d32-4ef2-9c82-248b5a5867bf-GrpcLogAppender: Leader has not got in touch with Follower a8ad72fe-b4a4-4d4d-9a7f-b9692428a970@group-65CF6AC154C0->8bab8527-0d32-4ef2-9c82-248b5a5867bf(c-1,m0,n1, attendVote=true, lastRpcSendTime=1, lastRpcResponseTime=10254) yet, just keep nextIndex unchanged and retry.
2022-11-07 13:08:59,429 [grpc-default-executor-3] WARN  server.GrpcLogAppender (LogUtils.java:warn(122)) - a8ad72fe-b4a4-4d4d-9a7f-b9692428a970@group-BF7E77D1B3E1->8bab8527-0d32-4ef2-9c82-248b5a5867bf-AppendLogResponseHandler: Failed appendEntries: org.apache.ratis.thirdparty.io.grpc.StatusRuntimeException: UNAVAILABLE: io exception
2022-11-07 13:08:59,430 [grpc-default-executor-5] WARN  server.GrpcLogAppender (LogUtils.java:warn(122)) - a8ad72fe-b4a4-4d4d-9a7f-b9692428a970@group-BF7E77D1B3E1->8bab8527-0d32-4ef2-9c82-248b5a5867bf-AppendLogResponseHandler: Failed appendEntries: org.apache.ratis.thirdparty.io.grpc.StatusRuntimeException: UNAVAILABLE: io exception
2022-11-07 13:08:59,431 [grpc-default-executor-3] WARN  server.GrpcLogAppender (GrpcLogAppender.java:resetClient(131)) - a8ad72fe-b4a4-4d4d-9a7f-b9692428a970@group-BF7E77D1B3E1->8bab8527-0d32-4ef2-9c82-248b5a5867bf-GrpcLogAppender: Leader has not got in touch with Follower a8ad72fe-b4a4-4d4d-9a7f-b9692428a970@group-BF7E77D1B3E1->8bab8527-0d32-4ef2-9c82-248b5a5867bf(c-1,m0,n1, attendVote=true, lastRpcSendTime=1251, lastRpcResponseTime=10314) yet, just keep nextIndex unchanged and retry.
2022-11-07 13:08:59,436 [grpc-default-executor-5] WARN  server.GrpcLogAppender (GrpcLogAppender.java:resetClient(131)) - a8ad72fe-b4a4-4d4d-9a7f-b9692428a970@group-BF7E77D1B3E1->8bab8527-0d32-4ef2-9c82-248b5a5867bf-GrpcLogAppender: Leader has not got in touch with Follower a8ad72fe-b4a4-4d4d-9a7f-b9692428a970@group-BF7E77D1B3E1->8bab8527-0d32-4ef2-9c82-248b5a5867bf(c-1,m0,n1, attendVote=true, lastRpcSendTime=1256, lastRpcResponseTime=10319) yet, just keep nextIndex unchanged and retry.
2022-11-07 13:08:59,438 [grpc-default-executor-5] WARN  server.GrpcLogAppender (LogUtils.java:warn(122)) - a8ad72fe-b4a4-4d4d-9a7f-b9692428a970@group-BF7E77D1B3E1->8bab8527-0d32-4ef2-9c82-248b5a5867bf-AppendLogResponseHandler: Failed appendEntries: org.apache.ratis.thirdparty.io.grpc.StatusRuntimeException: UNAVAILABLE: io exception
2022-11-07 13:08:59,438 [grpc-default-executor-5] WARN  server.GrpcLogAppender (GrpcLogAppender.java:resetClient(131)) - a8ad72fe-b4a4-4d4d-9a7f-b9692428a970@group-BF7E77D1B3E1->8bab8527-0d32-4ef2-9c82-248b5a5867bf-GrpcLogAppender: Leader has not got in touch with Follower a8ad72fe-b4a4-4d4d-9a7f-b9692428a970@group-BF7E77D1B3E1->8bab8527-0d32-4ef2-9c82-248b5a5867bf(c-1,m0,n1, attendVote=true, lastRpcSendTime=0, lastRpcResponseTime=10322) yet, just keep nextIndex unchanged and retry.
2022-11-07 13:08:59,438 [grpc-default-executor-3] WARN  server.GrpcLogAppender (LogUtils.java:warn(122)) - a8ad72fe-b4a4-4d4d-9a7f-b9692428a970@group-BF7E77D1B3E1->8bab8527-0d32-4ef2-9c82-248b5a5867bf-AppendLogResponseHandler: Failed appendEntries: org.apache.ratis.thirdparty.io.grpc.StatusRuntimeException: UNAVAILABLE: io exception
2022-11-07 13:08:59,440 [grpc-default-executor-3] WARN  server.GrpcLogAppender (GrpcLogAppender.java:resetClient(131)) - a8ad72fe-b4a4-4d4d-9a7f-b9692428a970@group-BF7E77D1B3E1->8bab8527-0d32-4ef2-9c82-248b5a5867bf-GrpcLogAppender: Leader has not got in touch with Follower a8ad72fe-b4a4-4d4d-9a7f-b9692428a970@group-BF7E77D1B3E1->8bab8527-0d32-4ef2-9c82-248b5a5867bf(c-1,m0,n1, attendVote=true, lastRpcSendTime=2, lastRpcResponseTime=10324) yet, just keep nextIndex unchanged and retry.
2022-11-07 13:08:59,457 [a8ad72fe-b4a4-4d4d-9a7f-b9692428a970@group-65CF6AC154C0-LeaderStateImpl] INFO  server.RaftServer$Division (LeaderStateImpl.java:yieldLeaderToHigherPriorityPeer(978)) - a8ad72fe-b4a4-4d4d-9a7f-b9692428a970@group-65CF6AC154C0-LeaderStateImpl send StartLeaderElectionRequest to follower:8bab8527-0d32-4ef2-9c82-248b5a5867bf on term:1 because follower's priority:1 is higher than leader's:0 and follower's lastEntry index:0 catch up with leader's:0
2022-11-07 13:08:59,990 [EventQueue-DeadNodeForDeadNodeHandler] INFO  node.DeadNodeHandler (DeadNodeHandler.java:onMessage(81)) - A dead datanode is detected. 8bab8527-0d32-4ef2-9c82-248b5a5867bf{ip: 10.1.0.171, host: fv-az255-291.sbdzdnwsxtye1lzl1wgdhvzhwg.dx.internal.cloudapp.net, ports: [REPLICATION=39049, RATIS=42469, RATIS_ADMIN=42469, RATIS_SERVER=42469, STANDALONE=36367], networkLocation: /default-rack, certSerialId: null, persistedOpState: IN_SERVICE, persistedOpStateExpiryEpochSec: 0}
2022-11-07 13:08:59,993 [EventQueue-DeadNodeForDeadNodeHandler] INFO  pipeline.RatisPipelineProvider (RatisPipelineProvider.java:lambda$close$1(244)) - Send pipeline:PipelineID=75bfd763-660f-4794-893b-65cf6ac154c0 close command to datanode 1810f6e6-5580-46b0-b88d-9b5f15cbee6a
2022-11-07 13:09:00,003 [EventQueue-DeadNodeForDeadNodeHandler] INFO  pipeline.RatisPipelineProvider (RatisPipelineProvider.java:lambda$close$1(244)) - Send pipeline:PipelineID=75bfd763-660f-4794-893b-65cf6ac154c0 close command to datanode 8bab8527-0d32-4ef2-9c82-248b5a5867bf
2022-11-07 13:09:00,004 [EventQueue-DeadNodeForDeadNodeHandler] INFO  pipeline.RatisPipelineProvider (RatisPipelineProvider.java:lambda$close$1(244)) - Send pipeline:PipelineID=75bfd763-660f-4794-893b-65cf6ac154c0 close command to datanode a8ad72fe-b4a4-4d4d-9a7f-b9692428a970
2022-11-07 13:09:00,005 [EventQueue-DeadNodeForDeadNodeHandler] INFO  pipeline.PipelineStateManagerImpl (PipelineStateManagerImpl.java:removePipeline(245)) - Pipeline Pipeline[ Id: 75bfd763-660f-4794-893b-65cf6ac154c0, Nodes: 1810f6e6-5580-46b0-b88d-9b5f15cbee6a{ip: 10.1.0.171, host: fv-az255-291.sbdzdnwsxtye1lzl1wgdhvzhwg.dx.internal.cloudapp.net, ports: [REPLICATION=43399, RATIS=37795, RATIS_ADMIN=37795, RATIS_SERVER=37795, STANDALONE=38201], networkLocation: /default-rack, certSerialId: null, persistedOpState: IN_SERVICE, persistedOpStateExpiryEpochSec: 0}8bab8527-0d32-4ef2-9c82-248b5a5867bf{ip: 10.1.0.171, host: fv-az255-291.sbdzdnwsxtye1lzl1wgdhvzhwg.dx.internal.cloudapp.net, ports: [REPLICATION=39049, RATIS=42469, RATIS_ADMIN=42469, RATIS_SERVER=42469, STANDALONE=36367], networkLocation: /default-rack, certSerialId: null, persistedOpState: IN_SERVICE, persistedOpStateExpiryEpochSec: 0}a8ad72fe-b4a4-4d4d-9a7f-b9692428a970{ip: 10.1.0.171, host: fv-az255-291.sbdzdnwsxtye1lzl1wgdhvzhwg.dx.internal.cloudapp.net, ports: [REPLICATION=43581, RATIS=39375, RATIS_ADMIN=39375, RATIS_SERVER=39375, STANDALONE=41719], networkLocation: /default-rack, certSerialId: null, persistedOpState: IN_SERVICE, persistedOpStateExpiryEpochSec: 0}, ReplicationConfig: RATIS/THREE, State:CLOSED, leaderId:a8ad72fe-b4a4-4d4d-9a7f-b9692428a970, CreationTimestamp2022-11-07T13:08:46.892Z[Etc/UTC]] removed.
2022-11-07 13:09:00,005 [EventQueue-DeadNodeForDeadNodeHandler] INFO  pipeline.RatisPipelineProvider (RatisPipelineProvider.java:lambda$close$1(244)) - Send pipeline:PipelineID=3ed164d9-4e34-47e9-b0ce-b2cb90d6e01f close command to datanode 8bab8527-0d32-4ef2-9c82-248b5a5867bf
2022-11-07 13:09:00,005 [EventQueue-DeadNodeForDeadNodeHandler] INFO  pipeline.PipelineStateManagerImpl (PipelineStateManagerImpl.java:removePipeline(245)) - Pipeline Pipeline[ Id: 3ed164d9-4e34-47e9-b0ce-b2cb90d6e01f, Nodes: 8bab8527-0d32-4ef2-9c82-248b5a5867bf{ip: 10.1.0.171, host: fv-az255-291.sbdzdnwsxtye1lzl1wgdhvzhwg.dx.internal.cloudapp.net, ports: [REPLICATION=39049, RATIS=42469, RATIS_ADMIN=42469, RATIS_SERVER=42469, STANDALONE=36367], networkLocation: /default-rack, certSerialId: null, persistedOpState: IN_SERVICE, persistedOpStateExpiryEpochSec: 0}, ReplicationConfig: RATIS/ONE, State:CLOSED, leaderId:8bab8527-0d32-4ef2-9c82-248b5a5867bf, CreationTimestamp2022-11-07T13:08:46.890Z[Etc/UTC]] removed.
2022-11-07 13:09:00,005 [EventQueue-DeadNodeForDeadNodeHandler] INFO  pipeline.RatisPipelineProvider (RatisPipelineProvider.java:lambda$close$1(244)) - Send pipeline:PipelineID=f1880885-540f-49c6-8261-bf7e77d1b3e1 close command to datanode 1810f6e6-5580-46b0-b88d-9b5f15cbee6a
2022-11-07 13:09:00,005 [EventQueue-DeadNodeForDeadNodeHandler] INFO  pipeline.RatisPipelineProvider (RatisPipelineProvider.java:lambda$close$1(244)) - Send pipeline:PipelineID=f1880885-540f-49c6-8261-bf7e77d1b3e1 close command to datanode a8ad72fe-b4a4-4d4d-9a7f-b9692428a970
2022-11-07 13:09:00,005 [EventQueue-DeadNodeForDeadNodeHandler] INFO  pipeline.RatisPipelineProvider (RatisPipelineProvider.java:lambda$close$1(244)) - Send pipeline:PipelineID=f1880885-540f-49c6-8261-bf7e77d1b3e1 close command to datanode 8bab8527-0d32-4ef2-9c82-248b5a5867bf
2022-11-07 13:09:00,005 [EventQueue-DeadNodeForDeadNodeHandler] INFO  pipeline.PipelineStateManagerImpl (PipelineStateManagerImpl.java:removePipeline(245)) - Pipeline Pipeline[ Id: f1880885-540f-49c6-8261-bf7e77d1b3e1, Nodes: 1810f6e6-5580-46b0-b88d-9b5f15cbee6a{ip: 10.1.0.171, host: fv-az255-291.sbdzdnwsxtye1lzl1wgdhvzhwg.dx.internal.cloudapp.net, ports: [REPLICATION=43399, RATIS=37795, RATIS_ADMIN=37795, RATIS_SERVER=37795, STANDALONE=38201], networkLocation: /default-rack, certSerialId: null, persistedOpState: IN_SERVICE, persistedOpStateExpiryEpochSec: 0}a8ad72fe-b4a4-4d4d-9a7f-b9692428a970{ip: 10.1.0.171, host: fv-az255-291.sbdzdnwsxtye1lzl1wgdhvzhwg.dx.internal.cloudapp.net, ports: [REPLICATION=43581, RATIS=39375, RATIS_ADMIN=39375, RATIS_SERVER=39375, STANDALONE=41719], networkLocation: /default-rack, certSerialId: null, persistedOpState: IN_SERVICE, persistedOpStateExpiryEpochSec: 0}8bab8527-0d32-4ef2-9c82-248b5a5867bf{ip: 10.1.0.171, host: fv-az255-291.sbdzdnwsxtye1lzl1wgdhvzhwg.dx.internal.cloudapp.net, ports: [REPLICATION=39049, RATIS=42469, RATIS_ADMIN=42469, RATIS_SERVER=42469, STANDALONE=36367], networkLocation: /default-rack, certSerialId: null, persistedOpState: IN_SERVICE, persistedOpStateExpiryEpochSec: 0}, ReplicationConfig: RATIS/THREE, State:CLOSED, leaderId:a8ad72fe-b4a4-4d4d-9a7f-b9692428a970, CreationTimestamp2022-11-07T13:08:46.894Z[Etc/UTC]] removed.
2022-11-07 13:09:00,006 [EventQueue-DeadNodeForDeadNodeHandler] INFO  pipeline.PipelineStateManagerImpl (PipelineStateManagerImpl.java:removePipeline(245)) - Pipeline Pipeline[ Id: 2ca55d49-8072-46b3-8679-b866fe92299b, Nodes: 8bab8527-0d32-4ef2-9c82-248b5a5867bf{ip: 10.1.0.171, host: fv-az255-291.sbdzdnwsxtye1lzl1wgdhvzhwg.dx.internal.cloudapp.net, ports: [REPLICATION=39049, RATIS=42469, RATIS_ADMIN=42469, RATIS_SERVER=42469, STANDALONE=36367], networkLocation: /default-rack, certSerialId: null, persistedOpState: null, persistedOpStateExpiryEpochSec: 0}2277c71a-7226-47f8-a4ca-90f752095403{ip: 10.1.0.171, host: fv-az255-291.sbdzdnwsxtye1lzl1wgdhvzhwg.dx.internal.cloudapp.net, ports: [REPLICATION=38469, RATIS=35629, RATIS_ADMIN=35629, RATIS_SERVER=35629, STANDALONE=42231], networkLocation: /default-rack, certSerialId: null, persistedOpState: null, persistedOpStateExpiryEpochSec: 0}1810f6e6-5580-46b0-b88d-9b5f15cbee6a{ip: 10.1.0.171, host: fv-az255-291.sbdzdnwsxtye1lzl1wgdhvzhwg.dx.internal.cloudapp.net, ports: [REPLICATION=43399, RATIS=37795, RATIS_ADMIN=37795, RATIS_SERVER=37795, STANDALONE=38201], networkLocation: /default-rack, certSerialId: null, persistedOpState: null, persistedOpStateExpiryEpochSec: 0}8b45bab1-f519-4e04-ad6f-9efd561d6d57{ip: 10.1.0.171, host: fv-az255-291.sbdzdnwsxtye1lzl1wgdhvzhwg.dx.internal.cloudapp.net, ports: [REPLICATION=34333, RATIS=33673, RATIS_ADMIN=33673, RATIS_SERVER=33673, STANDALONE=46671], networkLocation: /default-rack, certSerialId: null, persistedOpState: null, persistedOpStateExpiryEpochSec: 0}4c8c7e9c-fcb8-4cf5-b401-3fb7accb4cdc{ip: 10.1.0.171, host: fv-az255-291.sbdzdnwsxtye1lzl1wgdhvzhwg.dx.internal.cloudapp.net, ports: [REPLICATION=36497, RATIS=46431, RATIS_ADMIN=46431, RATIS_SERVER=46431, STANDALONE=38777], networkLocation: /default-rack, certSerialId: null, persistedOpState: null, persistedOpStateExpiryEpochSec: 0}, ReplicationConfig: EC/ECReplicationConfig{data=3, parity=2, ecChunkSize=1024, codec=rs}, State:CLOSED, leaderId:, CreationTimestamp2022-11-07T13:08:53.368Z[Etc/UTC]] removed.
2022-11-07 13:09:00,009 [EventQueue-DeadNodeForDeadNodeHandler] INFO  net.NetworkTopologyImpl (NetworkTopologyImpl.java:remove(190)) - Removed a node: /default-rack/8bab8527-0d32-4ef2-9c82-248b5a5867bf
2022-11-07 13:09:00,067 [Command processor thread] INFO  keyvalue.KeyValueContainer (KeyValueContainer.java:flushAndSyncDB(437)) - Container 1 is synced with bcsId 0.
2022-11-07 13:09:00,069 [Command processor thread] INFO  keyvalue.KeyValueContainer (KeyValueContainer.java:flushAndSyncDB(437)) - Container 1 is synced with bcsId 0.
2022-11-07 13:09:00,075 [Command processor thread] INFO  keyvalue.KeyValueContainer (KeyValueContainer.java:close(352)) - Container 1 is closed with bcsId 0.
2022-11-07 13:09:00,087 [Listener at 127.0.0.1/42403] INFO  replication.ReplicationManager (ReplicationManager.java:start(239)) - Starting Replication Monitor Thread.
2022-11-07 13:09:00,089 [Under Replicated Processor] INFO  replication.UnderReplicatedProcessor (UnderReplicatedProcessor.java:processAll(92)) - Processed 0 under replicated containers, failed processing 0
2022-11-07 13:09:00,092 [ReplicationMonitor] INFO  replication.ReplicationManager (ReplicationManager.java:sendCloseContainerReplicaCommand(537)) - Sending close container command for container #1 to datanode 8b45bab1-f519-4e04-ad6f-9efd561d6d57{ip: 10.1.0.171, host: fv-az255-291.sbdzdnwsxtye1lzl1wgdhvzhwg.dx.internal.cloudapp.net, ports: [REPLICATION=34333, RATIS=33673, RATIS_ADMIN=33673, RATIS_SERVER=33673, STANDALONE=46671], networkLocation: /default-rack, certSerialId: null, persistedOpState: IN_SERVICE, persistedOpStateExpiryEpochSec: 0}.
2022-11-07 13:09:00,092 [ReplicationMonitor] INFO  replication.ReplicationManager (ReplicationManager.java:sendCloseContainerReplicaCommand(537)) - Sending close container command for container #1 to datanode 2277c71a-7226-47f8-a4ca-90f752095403{ip: 10.1.0.171, host: fv-az255-291.sbdzdnwsxtye1lzl1wgdhvzhwg.dx.internal.cloudapp.net, ports: [REPLICATION=38469, RATIS=35629, RATIS_ADMIN=35629, RATIS_SERVER=35629, STANDALONE=42231], networkLocation: /default-rack, certSerialId: null, persistedOpState: IN_SERVICE, persistedOpStateExpiryEpochSec: 0}.
2022-11-07 13:09:00,092 [ReplicationMonitor] INFO  replication.ReplicationManager (ReplicationManager.java:processAll(340)) - Replication Monitor Thread took 3 milliseconds for processing 1 containers.
2022-11-07 13:09:00,093 [Over Replicated Processor] INFO  replication.OverReplicatedProcessor (OverReplicatedProcessor.java:processAll(90)) - Processed 0 over replicated containers, failed processing 0
2022-11-07 13:09:00,123 [Command processor thread] INFO  keyvalue.KeyValueContainer (KeyValueContainer.java:flushAndSyncDB(437)) - Container 1 is synced with bcsId 0.
2022-11-07 13:09:00,124 [Command processor thread] INFO  keyvalue.KeyValueContainer (KeyValueContainer.java:flushAndSyncDB(437)) - Container 1 is synced with bcsId 0.
2022-11-07 13:09:00,135 [Command processor thread] INFO  keyvalue.KeyValueContainer (KeyValueContainer.java:close(352)) - Container 1 is closed with bcsId 0.
2022-11-07 13:09:00,175 [Command processor thread] INFO  keyvalue.KeyValueContainer (KeyValueContainer.java:flushAndSyncDB(437)) - Container 1 is synced with bcsId 0.
2022-11-07 13:09:00,175 [Command processor thread] INFO  keyvalue.KeyValueContainer (KeyValueContainer.java:flushAndSyncDB(437)) - Container 1 is synced with bcsId 0.
2022-11-07 13:09:00,181 [Command processor thread] INFO  keyvalue.KeyValueContainer (KeyValueContainer.java:close(352)) - Container 1 is closed with bcsId 0.
2022-11-07 13:09:00,552 [grpc-default-executor-3] WARN  server.GrpcLogAppender (LogUtils.java:warn(122)) - a8ad72fe-b4a4-4d4d-9a7f-b9692428a970@group-65CF6AC154C0->8bab8527-0d32-4ef2-9c82-248b5a5867bf-AppendLogResponseHandler: Failed appendEntries: org.apache.ratis.thirdparty.io.grpc.StatusRuntimeException: UNAVAILABLE: io exception
2022-11-07 13:09:00,552 [grpc-default-executor-5] WARN  server.GrpcLogAppender (LogUtils.java:warn(122)) - a8ad72fe-b4a4-4d4d-9a7f-b9692428a970@group-65CF6AC154C0->8bab8527-0d32-4ef2-9c82-248b5a5867bf-AppendLogResponseHandler: Failed appendEntries: org.apache.ratis.thirdparty.io.grpc.StatusRuntimeException: UNAVAILABLE: io exception
2022-11-07 13:09:00,553 [grpc-default-executor-3] WARN  server.GrpcLogAppender (GrpcLogAppender.java:resetClient(131)) - a8ad72fe-b4a4-4d4d-9a7f-b9692428a970@group-65CF6AC154C0->8bab8527-0d32-4ef2-9c82-248b5a5867bf-GrpcLogAppender: Leader has not got in touch with Follower a8ad72fe-b4a4-4d4d-9a7f-b9692428a970@group-65CF6AC154C0->8bab8527-0d32-4ef2-9c82-248b5a5867bf(c-1,m0,n1, attendVote=true, lastRpcSendTime=1251, lastRpcResponseTime=11504) yet, just keep nextIndex unchanged and retry.
2022-11-07 13:09:00,555 [grpc-default-executor-5] WARN  server.GrpcLogAppender (GrpcLogAppender.java:resetClient(131)) - a8ad72fe-b4a4-4d4d-9a7f-b9692428a970@group-65CF6AC154C0->8bab8527-0d32-4ef2-9c82-248b5a5867bf-GrpcLogAppender: Leader has not got in touch with Follower a8ad72fe-b4a4-4d4d-9a7f-b9692428a970@group-65CF6AC154C0->8bab8527-0d32-4ef2-9c82-248b5a5867bf(c-1,m0,n1, attendVote=true, lastRpcSendTime=1253, lastRpcResponseTime=11506) yet, just keep nextIndex unchanged and retry.
2022-11-07 13:09:00,558 [grpc-default-executor-5] WARN  server.GrpcLogAppender (LogUtils.java:warn(122)) - a8ad72fe-b4a4-4d4d-9a7f-b9692428a970@group-65CF6AC154C0->8bab8527-0d32-4ef2-9c82-248b5a5867bf-AppendLogResponseHandler: Failed appendEntries: org.apache.ratis.thirdparty.io.grpc.StatusRuntimeException: UNAVAILABLE: io exception
2022-11-07 13:09:00,558 [grpc-default-executor-3] WARN  server.GrpcLogAppender (LogUtils.java:warn(122)) - a8ad72fe-b4a4-4d4d-9a7f-b9692428a970@group-65CF6AC154C0->8bab8527-0d32-4ef2-9c82-248b5a5867bf-AppendLogResponseHandler: Failed appendEntries: org.apache.ratis.thirdparty.io.grpc.StatusRuntimeException: UNAVAILABLE: io exception
2022-11-07 13:09:00,559 [grpc-default-executor-5] WARN  server.GrpcLogAppender (GrpcLogAppender.java:resetClient(131)) - a8ad72fe-b4a4-4d4d-9a7f-b9692428a970@group-65CF6AC154C0->8bab8527-0d32-4ef2-9c82-248b5a5867bf-GrpcLogAppender: Leader has not got in touch with Follower a8ad72fe-b4a4-4d4d-9a7f-b9692428a970@group-65CF6AC154C0->8bab8527-0d32-4ef2-9c82-248b5a5867bf(c-1,m0,n1, attendVote=true, lastRpcSendTime=1257, lastRpcResponseTime=11510) yet, just keep nextIndex unchanged and retry.
2022-11-07 13:09:00,561 [grpc-default-executor-3] WARN  server.GrpcLogAppender (GrpcLogAppender.java:resetClient(131)) - a8ad72fe-b4a4-4d4d-9a7f-b9692428a970@group-65CF6AC154C0->8bab8527-0d32-4ef2-9c82-248b5a5867bf-GrpcLogAppender: Leader has not got in touch with Follower a8ad72fe-b4a4-4d4d-9a7f-b9692428a970@group-65CF6AC154C0->8bab8527-0d32-4ef2-9c82-248b5a5867bf(c-1,m0,n1, attendVote=true, lastRpcSendTime=1259, lastRpcResponseTime=11512) yet, just keep nextIndex unchanged and retry.
2022-11-07 13:09:00,565 [grpc-default-executor-3] WARN  server.GrpcLogAppender (LogUtils.java:warn(122)) - a8ad72fe-b4a4-4d4d-9a7f-b9692428a970@group-65CF6AC154C0->8bab8527-0d32-4ef2-9c82-248b5a5867bf-AppendLogResponseHandler: Failed appendEntries: org.apache.ratis.thirdparty.io.grpc.StatusRuntimeException: UNAVAILABLE: io exception
2022-11-07 13:09:00,565 [grpc-default-executor-5] WARN  server.GrpcLogAppender (LogUtils.java:warn(122)) - a8ad72fe-b4a4-4d4d-9a7f-b9692428a970@group-65CF6AC154C0->8bab8527-0d32-4ef2-9c82-248b5a5867bf-AppendLogResponseHandler: Failed appendEntries: org.apache.ratis.thirdparty.io.grpc.StatusRuntimeException: UNAVAILABLE: io exception
2022-11-07 13:09:00,567 [grpc-default-executor-3] WARN  server.GrpcLogAppender (GrpcLogAppender.java:resetClient(131)) - a8ad72fe-b4a4-4d4d-9a7f-b9692428a970@group-65CF6AC154C0->8bab8527-0d32-4ef2-9c82-248b5a5867bf-GrpcLogAppender: Leader has not got in touch with Follower a8ad72fe-b4a4-4d4d-9a7f-b9692428a970@group-65CF6AC154C0->8bab8527-0d32-4ef2-9c82-248b5a5867bf(c-1,m0,n1, attendVote=true, lastRpcSendTime=1265, lastRpcResponseTime=11518) yet, just keep nextIndex unchanged and retry.
2022-11-07 13:09:00,567 [grpc-default-executor-5] WARN  server.GrpcLogAppender (GrpcLogAppender.java:resetClient(131)) - a8ad72fe-b4a4-4d4d-9a7f-b9692428a970@group-65CF6AC154C0->8bab8527-0d32-4ef2-9c82-248b5a5867bf-GrpcLogAppender: Leader has not got in touch with Follower a8ad72fe-b4a4-4d4d-9a7f-b9692428a970@group-65CF6AC154C0->8bab8527-0d32-4ef2-9c82-248b5a5867bf(c-1,m0,n1, attendVote=true, lastRpcSendTime=1265, lastRpcResponseTime=11518) yet, just keep nextIndex unchanged and retry.
2022-11-07 13:09:00,569 [grpc-default-executor-5] WARN  server.GrpcLogAppender (LogUtils.java:warn(122)) - a8ad72fe-b4a4-4d4d-9a7f-b9692428a970@group-65CF6AC154C0->8bab8527-0d32-4ef2-9c82-248b5a5867bf-AppendLogResponseHandler: Failed appendEntries: org.apache.ratis.thirdparty.io.grpc.StatusRuntimeException: UNAVAILABLE: io exception
2022-11-07 13:09:00,570 [grpc-default-executor-3] WARN  server.GrpcLogAppender (LogUtils.java:warn(122)) - a8ad72fe-b4a4-4d4d-9a7f-b9692428a970@group-65CF6AC154C0->8bab8527-0d32-4ef2-9c82-248b5a5867bf-AppendLogResponseHandler: Failed appendEntries: org.apache.ratis.thirdparty.io.grpc.StatusRuntimeException: UNAVAILABLE: io exception
2022-11-07 13:09:00,571 [grpc-default-executor-5] WARN  server.GrpcLogAppender (GrpcLogAppender.java:resetClient(131)) - a8ad72fe-b4a4-4d4d-9a7f-b9692428a970@group-65CF6AC154C0->8bab8527-0d32-4ef2-9c82-248b5a5867bf-GrpcLogAppender: Leader has not got in touch with Follower a8ad72fe-b4a4-4d4d-9a7f-b9692428a970@group-65CF6AC154C0->8bab8527-0d32-4ef2-9c82-248b5a5867bf(c-1,m0,n1, attendVote=true, lastRpcSendTime=1269, lastRpcResponseTime=11522) yet, just keep nextIndex unchanged and retry.
2022-11-07 13:09:00,572 [grpc-default-executor-3] WARN  server.GrpcLogAppender (GrpcLogAppender.java:resetClient(131)) - a8ad72fe-b4a4-4d4d-9a7f-b9692428a970@group-65CF6AC154C0->8bab8527-0d32-4ef2-9c82-248b5a5867bf-GrpcLogAppender: Leader has not got in touch with Follower a8ad72fe-b4a4-4d4d-9a7f-b9692428a970@group-65CF6AC154C0->8bab8527-0d32-4ef2-9c82-248b5a5867bf(c-1,m0,n1, attendVote=true, lastRpcSendTime=1270, lastRpcResponseTime=11523) yet, just keep nextIndex unchanged and retry.
2022-11-07 13:09:00,574 [grpc-default-executor-3] WARN  server.GrpcLogAppender (LogUtils.java:warn(122)) - a8ad72fe-b4a4-4d4d-9a7f-b9692428a970@group-65CF6AC154C0->8bab8527-0d32-4ef2-9c82-248b5a5867bf-AppendLogResponseHandler: Failed appendEntries: org.apache.ratis.thirdparty.io.grpc.StatusRuntimeException: UNAVAILABLE: io exception
2022-11-07 13:09:00,575 [grpc-default-executor-5] WARN  server.GrpcLogAppender (LogUtils.java:warn(122)) - a8ad72fe-b4a4-4d4d-9a7f-b9692428a970@group-65CF6AC154C0->8bab8527-0d32-4ef2-9c82-248b5a5867bf-AppendLogResponseHandler: Failed appendEntries: org.apache.ratis.thirdparty.io.grpc.StatusRuntimeException: UNAVAILABLE: io exception
2022-11-07 13:09:00,576 [grpc-default-executor-3] WARN  server.GrpcLogAppender (GrpcLogAppender.java:resetClient(131)) - a8ad72fe-b4a4-4d4d-9a7f-b9692428a970@group-65CF6AC154C0->8bab8527-0d32-4ef2-9c82-248b5a5867bf-GrpcLogAppender: Leader has not got in touch with Follower a8ad72fe-b4a4-4d4d-9a7f-b9692428a970@group-65CF6AC154C0->8bab8527-0d32-4ef2-9c82-248b5a5867bf(c-1,m0,n1, attendVote=true, lastRpcSendTime=1274, lastRpcResponseTime=11527) yet, just keep nextIndex unchanged and retry.
2022-11-07 13:09:00,576 [grpc-default-executor-5] WARN  server.GrpcLogAppender (GrpcLogAppender.java:resetClient(131)) - a8ad72fe-b4a4-4d4d-9a7f-b9692428a970@group-65CF6AC154C0->8bab8527-0d32-4ef2-9c82-248b5a5867bf-GrpcLogAppender: Leader has not got in touch with Follower a8ad72fe-b4a4-4d4d-9a7f-b9692428a970@group-65CF6AC154C0->8bab8527-0d32-4ef2-9c82-248b5a5867bf(c-1,m0,n1, attendVote=true, lastRpcSendTime=1274, lastRpcResponseTime=11527) yet, just keep nextIndex unchanged and retry.
2022-11-07 13:09:00,577 [grpc-default-executor-5] WARN  server.GrpcLogAppender (LogUtils.java:warn(122)) - a8ad72fe-b4a4-4d4d-9a7f-b9692428a970@group-65CF6AC154C0->8bab8527-0d32-4ef2-9c82-248b5a5867bf-AppendLogResponseHandler: Failed appendEntries: org.apache.ratis.thirdparty.io.grpc.StatusRuntimeException: UNAVAILABLE: io exception
2022-11-07 13:09:00,577 [grpc-default-executor-3] WARN  server.GrpcLogAppender (LogUtils.java:warn(122)) - a8ad72fe-b4a4-4d4d-9a7f-b9692428a970@group-65CF6AC154C0->8bab8527-0d32-4ef2-9c82-248b5a5867bf-AppendLogResponseHandler: Failed appendEntries: org.apache.ratis.thirdparty.io.grpc.StatusRuntimeException: UNAVAILABLE: io exception
2022-11-07 13:09:00,578 [grpc-default-executor-5] WARN  server.GrpcLogAppender (GrpcLogAppender.java:resetClient(131)) - a8ad72fe-b4a4-4d4d-9a7f-b9692428a970@group-65CF6AC154C0->8bab8527-0d32-4ef2-9c82-248b5a5867bf-GrpcLogAppender: Leader has not got in touch with Follower a8ad72fe-b4a4-4d4d-9a7f-b9692428a970@group-65CF6AC154C0->8bab8527-0d32-4ef2-9c82-248b5a5867bf(c-1,m0,n1, attendVote=true, lastRpcSendTime=1277, lastRpcResponseTime=11530) yet, just keep nextIndex unchanged and retry.
2022-11-07 13:09:00,580 [grpc-default-executor-3] WARN  server.GrpcLogAppender (GrpcLogAppender.java:resetClient(131)) - a8ad72fe-b4a4-4d4d-9a7f-b9692428a970@group-65CF6AC154C0->8bab8527-0d32-4ef2-9c82-248b5a5867bf-GrpcLogAppender: Leader has not got in touch with Follower a8ad72fe-b4a4-4d4d-9a7f-b9692428a970@group-65CF6AC154C0->8bab8527-0d32-4ef2-9c82-248b5a5867bf(c-1,m0,n1, attendVote=true, lastRpcSendTime=1278, lastRpcResponseTime=11531) yet, just keep nextIndex unchanged and retry.
2022-11-07 13:09:00,581 [grpc-default-executor-3] WARN  server.GrpcLogAppender (LogUtils.java:warn(122)) - a8ad72fe-b4a4-4d4d-9a7f-b9692428a970@group-65CF6AC154C0->8bab8527-0d32-4ef2-9c82-248b5a5867bf-AppendLogResponseHandler: Failed appendEntries: org.apache.ratis.thirdparty.io.grpc.StatusRuntimeException: UNAVAILABLE: io exception
2022-11-07 13:09:00,581 [grpc-default-executor-5] WARN  server.GrpcLogAppender (LogUtils.java:warn(122)) - a8ad72fe-b4a4-4d4d-9a7f-b9692428a970@group-65CF6AC154C0->8bab8527-0d32-4ef2-9c82-248b5a5867bf-AppendLogResponseHandler: Failed appendEntries: org.apache.ratis.thirdparty.io.grpc.StatusRuntimeException: UNAVAILABLE: io exception
2022-11-07 13:09:00,582 [grpc-default-executor-3] WARN  server.GrpcLogAppender (GrpcLogAppender.java:resetClient(131)) - a8ad72fe-b4a4-4d4d-9a7f-b9692428a970@group-65CF6AC154C0->8bab8527-0d32-4ef2-9c82-248b5a5867bf-GrpcLogAppender: Leader has not got in touch with Follower a8ad72fe-b4a4-4d4d-9a7f-b9692428a970@group-65CF6AC154C0->8bab8527-0d32-4ef2-9c82-248b5a5867bf(c-1,m0,n1, attendVote=true, lastRpcSendTime=1281, lastRpcResponseTime=11534) yet, just keep nextIndex unchanged and retry.
2022-11-07 13:09:00,583 [grpc-default-executor-5] WARN  server.GrpcLogAppender (GrpcLogAppender.java:resetClient(131)) - a8ad72fe-b4a4-4d4d-9a7f-b9692428a970@group-65CF6AC154C0->8bab8527-0d32-4ef2-9c82-248b5a5867bf-GrpcLogAppender: Leader has not got in touch with Follower a8ad72fe-b4a4-4d4d-9a7f-b9692428a970@group-65CF6AC154C0->8bab8527-0d32-4ef2-9c82-248b5a5867bf(c-1,m0,n1, attendVote=true, lastRpcSendTime=1281, lastRpcResponseTime=11534) yet, just keep nextIndex unchanged and retry.
2022-11-07 13:09:00,585 [grpc-default-executor-5] WARN  server.GrpcLogAppender (LogUtils.java:warn(122)) - a8ad72fe-b4a4-4d4d-9a7f-b9692428a970@group-65CF6AC154C0->8bab8527-0d32-4ef2-9c82-248b5a5867bf-AppendLogResponseHandler: Failed appendEntries: org.apache.ratis.thirdparty.io.grpc.StatusRuntimeException: UNAVAILABLE: io exception
2022-11-07 13:09:00,585 [grpc-default-executor-3] WARN  server.GrpcLogAppender (LogUtils.java:warn(122)) - a8ad72fe-b4a4-4d4d-9a7f-b9692428a970@group-65CF6AC154C0->8bab8527-0d32-4ef2-9c82-248b5a5867bf-AppendLogResponseHandler: Failed appendEntries: org.apache.ratis.thirdparty.io.grpc.StatusRuntimeException: UNAVAILABLE: io exception
2022-11-07 13:09:00,586 [grpc-default-executor-5] WARN  server.GrpcLogAppender (GrpcLogAppender.java:resetClient(131)) - a8ad72fe-b4a4-4d4d-9a7f-b9692428a970@group-65CF6AC154C0->8bab8527-0d32-4ef2-9c82-248b5a5867bf-GrpcLogAppender: Leader has not got in touch with Follower a8ad72fe-b4a4-4d4d-9a7f-b9692428a970@group-65CF6AC154C0->8bab8527-0d32-4ef2-9c82-248b5a5867bf(c-1,m0,n1, attendVote=true, lastRpcSendTime=1284, lastRpcResponseTime=11537) yet, just keep nextIndex unchanged and retry.
2022-11-07 13:09:00,588 [grpc-default-executor-3] WARN  server.GrpcLogAppender (GrpcLogAppender.java:resetClient(131)) - a8ad72fe-b4a4-4d4d-9a7f-b9692428a970@group-65CF6AC154C0->8bab8527-0d32-4ef2-9c82-248b5a5867bf-GrpcLogAppender: Leader has not got in touch with Follower a8ad72fe-b4a4-4d4d-9a7f-b9692428a970@group-65CF6AC154C0->8bab8527-0d32-4ef2-9c82-248b5a5867bf(c-1,m0,n1, attendVote=true, lastRpcSendTime=1286, lastRpcResponseTime=11539) yet, just keep nextIndex unchanged and retry.
2022-11-07 13:09:00,589 [grpc-default-executor-3] WARN  server.GrpcLogAppender (LogUtils.java:warn(122)) - a8ad72fe-b4a4-4d4d-9a7f-b9692428a970@group-65CF6AC154C0->8bab8527-0d32-4ef2-9c82-248b5a5867bf-AppendLogResponseHandler: Failed appendEntries: org.apache.ratis.thirdparty.io.grpc.StatusRuntimeException: UNAVAILABLE: io exception
2022-11-07 13:09:00,590 [grpc-default-executor-5] WARN  server.GrpcLogAppender (LogUtils.java:warn(122)) - a8ad72fe-b4a4-4d4d-9a7f-b9692428a970@group-65CF6AC154C0->8bab8527-0d32-4ef2-9c82-248b5a5867bf-AppendLogResponseHandler: Failed appendEntries: org.apache.ratis.thirdparty.io.grpc.StatusRuntimeException: UNAVAILABLE: io exception
2022-11-07 13:09:00,590 [grpc-default-executor-3] WARN  server.GrpcLogAppender (GrpcLogAppender.java:resetClient(131)) - a8ad72fe-b4a4-4d4d-9a7f-b9692428a970@group-65CF6AC154C0->8bab8527-0d32-4ef2-9c82-248b5a5867bf-GrpcLogAppender: Leader has not got in touch with Follower a8ad72fe-b4a4-4d4d-9a7f-b9692428a970@group-65CF6AC154C0->8bab8527-0d32-4ef2-9c82-248b5a5867bf(c-1,m0,n1, attendVote=true, lastRpcSendTime=0, lastRpcResponseTime=11541) yet, just keep nextIndex unchanged and retry.
2022-11-07 13:09:00,592 [grpc-default-executor-5] WARN  server.GrpcLogAppender (GrpcLogAppender.java:resetClient(131)) - a8ad72fe-b4a4-4d4d-9a7f-b9692428a970@group-65CF6AC154C0->8bab8527-0d32-4ef2-9c82-248b5a5867bf-GrpcLogAppender: Leader has not got in touch with Follower a8ad72fe-b4a4-4d4d-9a7f-b9692428a970@group-65CF6AC154C0->8bab8527-0d32-4ef2-9c82-248b5a5867bf(c-1,m0,n1, attendVote=true, lastRpcSendTime=2, lastRpcResponseTime=11543) yet, just keep nextIndex unchanged and retry.
2022-11-07 13:09:00,689 [grpc-default-executor-5] WARN  server.GrpcLogAppender (LogUtils.java:warn(122)) - a8ad72fe-b4a4-4d4d-9a7f-b9692428a970@group-BF7E77D1B3E1->8bab8527-0d32-4ef2-9c82-248b5a5867bf-AppendLogResponseHandler: Failed appendEntries: org.apache.ratis.thirdparty.io.grpc.StatusRuntimeException: UNAVAILABLE: io exception
2022-11-07 13:09:00,690 [grpc-default-executor-5] WARN  server.GrpcLogAppender (GrpcLogAppender.java:resetClient(131)) - a8ad72fe-b4a4-4d4d-9a7f-b9692428a970@group-BF7E77D1B3E1->8bab8527-0d32-4ef2-9c82-248b5a5867bf-GrpcLogAppender: Leader has not got in touch with Follower a8ad72fe-b4a4-4d4d-9a7f-b9692428a970@group-BF7E77D1B3E1->8bab8527-0d32-4ef2-9c82-248b5a5867bf(c-1,m0,n1, attendVote=true, lastRpcSendTime=1, lastRpcResponseTime=11573) yet, just keep nextIndex unchanged and retry.
2022-11-07 13:09:00,690 [grpc-default-executor-3] WARN  server.GrpcLogAppender (LogUtils.java:warn(122)) - a8ad72fe-b4a4-4d4d-9a7f-b9692428a970@group-BF7E77D1B3E1->8bab8527-0d32-4ef2-9c82-248b5a5867bf-AppendLogResponseHandler: Failed appendEntries: org.apache.ratis.thirdparty.io.grpc.StatusRuntimeException: UNAVAILABLE: io exception
2022-11-07 13:09:00,690 [grpc-default-executor-3] WARN  server.GrpcLogAppender (GrpcLogAppender.java:resetClient(131)) - a8ad72fe-b4a4-4d4d-9a7f-b9692428a970@group-BF7E77D1B3E1->8bab8527-0d32-4ef2-9c82-248b5a5867bf-GrpcLogAppender: Leader has not got in touch with Follower a8ad72fe-b4a4-4d4d-9a7f-b9692428a970@group-BF7E77D1B3E1->8bab8527-0d32-4ef2-9c82-248b5a5867bf(c-1,m0,n1, attendVote=true, lastRpcSendTime=1, lastRpcResponseTime=11574) yet, just keep nextIndex unchanged and retry.
2022-11-07 13:09:01,840 [grpc-default-executor-4] WARN  server.GrpcLogAppender (LogUtils.java:warn(122)) - a8ad72fe-b4a4-4d4d-9a7f-b9692428a970@group-65CF6AC154C0->8bab8527-0d32-4ef2-9c82-248b5a5867bf-AppendLogResponseHandler: Failed appendEntries: org.apache.ratis.thirdparty.io.grpc.StatusRuntimeException: UNAVAILABLE: io exception
2022-11-07 13:09:01,841 [grpc-default-executor-3] WARN  server.GrpcLogAppender (LogUtils.java:warn(122)) - a8ad72fe-b4a4-4d4d-9a7f-b9692428a970@group-65CF6AC154C0->8bab8527-0d32-4ef2-9c82-248b5a5867bf-AppendLogResponseHandler: Failed appendEntries: org.apache.ratis.thirdparty.io.grpc.StatusRuntimeException: UNAVAILABLE: io exception
2022-11-07 13:09:01,841 [grpc-default-executor-4] WARN  server.GrpcLogAppender (GrpcLogAppender.java:resetClient(131)) - a8ad72fe-b4a4-4d4d-9a7f-b9692428a970@group-65CF6AC154C0->8bab8527-0d32-4ef2-9c82-248b5a5867bf-GrpcLogAppender: Leader has not got in touch with Follower a8ad72fe-b4a4-4d4d-9a7f-b9692428a970@group-65CF6AC154C0->8bab8527-0d32-4ef2-9c82-248b5a5867bf(c-1,m0,n1, attendVote=true, lastRpcSendTime=1251, lastRpcResponseTime=12793) yet, just keep nextIndex unchanged and retry.
2022-11-07 13:09:01,843 [grpc-default-executor-3] WARN  server.GrpcLogAppender (GrpcLogAppender.java:resetClient(131)) - a8ad72fe-b4a4-4d4d-9a7f-b9692428a970@group-65CF6AC154C0->8bab8527-0d32-4ef2-9c82-248b5a5867bf-GrpcLogAppender: Leader has not got in touch with Follower a8ad72fe-b4a4-4d4d-9a7f-b9692428a970@group-65CF6AC154C0->8bab8527-0d32-4ef2-9c82-248b5a5867bf(c-1,m0,n1, attendVote=true, lastRpcSendTime=1253, lastRpcResponseTime=12794) yet, just keep nextIndex unchanged and retry.
2022-11-07 13:09:01,845 [grpc-default-executor-3] WARN  server.GrpcLogAppender (LogUtils.java:warn(122)) - a8ad72fe-b4a4-4d4d-9a7f-b9692428a970@group-65CF6AC154C0->8bab8527-0d32-4ef2-9c82-248b5a5867bf-AppendLogResponseHandler: Failed appendEntries: org.apache.ratis.thirdparty.io.grpc.StatusRuntimeException: UNAVAILABLE: io exception
2022-11-07 13:09:01,845 [grpc-default-executor-4] WARN  server.GrpcLogAppender (LogUtils.java:warn(122)) - a8ad72fe-b4a4-4d4d-9a7f-b9692428a970@group-65CF6AC154C0->8bab8527-0d32-4ef2-9c82-248b5a5867bf-AppendLogResponseHandler: Failed appendEntries: org.apache.ratis.thirdparty.io.grpc.StatusRuntimeException: UNAVAILABLE: io exception
2022-11-07 13:09:01,845 [grpc-default-executor-3] WARN  server.GrpcLogAppender (GrpcLogAppender.java:resetClient(131)) - a8ad72fe-b4a4-4d4d-9a7f-b9692428a970@group-65CF6AC154C0->8bab8527-0d32-4ef2-9c82-248b5a5867bf-GrpcLogAppender: Leader has not got in touch with Follower a8ad72fe-b4a4-4d4d-9a7f-b9692428a970@group-65CF6AC154C0->8bab8527-0d32-4ef2-9c82-248b5a5867bf(c-1,m0,n1, attendVote=true, lastRpcSendTime=1255, lastRpcResponseTime=12797) yet, just keep nextIndex unchanged and retry.
2022-11-07 13:09:01,847 [grpc-default-executor-4] WARN  server.GrpcLogAppender (GrpcLogAppender.java:resetClient(131)) - a8ad72fe-b4a4-4d4d-9a7f-b9692428a970@group-65CF6AC154C0->8bab8527-0d32-4ef2-9c82-248b5a5867bf-GrpcLogAppender: Leader has not got in touch with Follower a8ad72fe-b4a4-4d4d-9a7f-b9692428a970@group-65CF6AC154C0->8bab8527-0d32-4ef2-9c82-248b5a5867bf(c-1,m0,n1, attendVote=true, lastRpcSendTime=1257, lastRpcResponseTime=12798) yet, just keep nextIndex unchanged and retry.
2022-11-07 13:09:01,848 [grpc-default-executor-4] WARN  server.GrpcLogAppender (LogUtils.java:warn(122)) - a8ad72fe-b4a4-4d4d-9a7f-b9692428a970@group-65CF6AC154C0->8bab8527-0d32-4ef2-9c82-248b5a5867bf-AppendLogResponseHandler: Failed appendEntries: org.apache.ratis.thirdparty.io.grpc.StatusRuntimeException: UNAVAILABLE: io exception
2022-11-07 13:09:01,849 [grpc-default-executor-3] WARN  server.GrpcLogAppender (LogUtils.java:warn(122)) - a8ad72fe-b4a4-4d4d-9a7f-b9692428a970@group-65CF6AC154C0->8bab8527-0d32-4ef2-9c82-248b5a5867bf-AppendLogResponseHandler: Failed appendEntries: org.apache.ratis.thirdparty.io.grpc.StatusRuntimeException: UNAVAILABLE: io exception
2022-11-07 13:09:01,850 [grpc-default-executor-4] WARN  server.GrpcLogAppender (GrpcLogAppender.java:resetClient(131)) - a8ad72fe-b4a4-4d4d-9a7f-b9692428a970@group-65CF6AC154C0->8bab8527-0d32-4ef2-9c82-248b5a5867bf-GrpcLogAppender: Leader has not got in touch with Follower a8ad72fe-b4a4-4d4d-9a7f-b9692428a970@group-65CF6AC154C0->8bab8527-0d32-4ef2-9c82-248b5a5867bf(c-1,m0,n1, attendVote=true, lastRpcSendTime=0, lastRpcResponseTime=12801) yet, just keep nextIndex unchanged and retry.
2022-11-07 13:09:01,850 [grpc-default-executor-3] WARN  server.GrpcLogAppender (GrpcLogAppender.java:resetClient(131)) - a8ad72fe-b4a4-4d4d-9a7f-b9692428a970@group-65CF6AC154C0->8bab8527-0d32-4ef2-9c82-248b5a5867bf-GrpcLogAppender: Leader has not got in touch with Follower a8ad72fe-b4a4-4d4d-9a7f-b9692428a970@group-65CF6AC154C0->8bab8527-0d32-4ef2-9c82-248b5a5867bf(c-1,m0,n1, attendVote=true, lastRpcSendTime=0, lastRpcResponseTime=12801) yet, just keep nextIndex unchanged and retry.
2022-11-07 13:09:01,939 [grpc-default-executor-3] WARN  server.GrpcLogAppender (LogUtils.java:warn(122)) - a8ad72fe-b4a4-4d4d-9a7f-b9692428a970@group-BF7E77D1B3E1->8bab8527-0d32-4ef2-9c82-248b5a5867bf-AppendLogResponseHandler: Failed appendEntries: org.apache.ratis.thirdparty.io.grpc.StatusRuntimeException: UNAVAILABLE: io exception
2022-11-07 13:09:01,940 [grpc-default-executor-3] WARN  server.GrpcLogAppender (GrpcLogAppender.java:resetClient(131)) - a8ad72fe-b4a4-4d4d-9a7f-b9692428a970@group-BF7E77D1B3E1->8bab8527-0d32-4ef2-9c82-248b5a5867bf-GrpcLogAppender: Leader has not got in touch with Follower a8ad72fe-b4a4-4d4d-9a7f-b9692428a970@group-BF7E77D1B3E1->8bab8527-0d32-4ef2-9c82-248b5a5867bf(c-1,m0,n1, attendVote=true, lastRpcSendTime=1, lastRpcResponseTime=12823) yet, just keep nextIndex unchanged and retry.
2022-11-07 13:09:01,940 [grpc-default-executor-4] WARN  server.GrpcLogAppender (LogUtils.java:warn(122)) - a8ad72fe-b4a4-4d4d-9a7f-b9692428a970@group-BF7E77D1B3E1->8bab8527-0d32-4ef2-9c82-248b5a5867bf-AppendLogResponseHandler: Failed appendEntries: org.apache.ratis.thirdparty.io.grpc.StatusRuntimeException: UNAVAILABLE: io exception
2022-11-07 13:09:01,940 [grpc-default-executor-4] WARN  server.GrpcLogAppender (GrpcLogAppender.java:resetClient(131)) - a8ad72fe-b4a4-4d4d-9a7f-b9692428a970@group-BF7E77D1B3E1->8bab8527-0d32-4ef2-9c82-248b5a5867bf-GrpcLogAppender: Leader has not got in touch with Follower a8ad72fe-b4a4-4d4d-9a7f-b9692428a970@group-BF7E77D1B3E1->8bab8527-0d32-4ef2-9c82-248b5a5867bf(c-1,m0,n1, attendVote=true, lastRpcSendTime=1, lastRpcResponseTime=12824) yet, just keep nextIndex unchanged and retry.
2022-11-07 13:09:02,316 [Command processor thread] INFO  server.RaftServer (RaftServerProxy.java:remove(107)) - a8ad72fe-b4a4-4d4d-9a7f-b9692428a970: remove    LEADER a8ad72fe-b4a4-4d4d-9a7f-b9692428a970@group-65CF6AC154C0:t1, leader=a8ad72fe-b4a4-4d4d-9a7f-b9692428a970, voted=a8ad72fe-b4a4-4d4d-9a7f-b9692428a970, raftlog=Memoized:a8ad72fe-b4a4-4d4d-9a7f-b9692428a970@group-65CF6AC154C0-SegmentedRaftLog:OPENED:c0, conf=0: peers:[a8ad72fe-b4a4-4d4d-9a7f-b9692428a970|rpc:10.1.0.171:39375|dataStream:|priority:0|startupRole:FOLLOWER, 1810f6e6-5580-46b0-b88d-9b5f15cbee6a|rpc:10.1.0.171:37795|dataStream:|priority:0|startupRole:FOLLOWER, 8bab8527-0d32-4ef2-9c82-248b5a5867bf|rpc:10.1.0.171:42469|dataStream:|priority:1|startupRole:FOLLOWER]|listeners:[], old=null RUNNING
2022-11-07 13:09:02,323 [Command processor thread] INFO  server.RaftServer$Division (RaftServerImpl.java:lambda$close$4(458)) - a8ad72fe-b4a4-4d4d-9a7f-b9692428a970@group-65CF6AC154C0: shutdown
2022-11-07 13:09:02,323 [Command processor thread] INFO  util.JmxRegister (JmxRegister.java:unregister(73)) - Successfully un-registered JMX Bean with object name Ratis:service=RaftServer,group=group-65CF6AC154C0,id=a8ad72fe-b4a4-4d4d-9a7f-b9692428a970
2022-11-07 13:09:02,323 [Command processor thread] INFO  impl.RoleInfo (RoleInfo.java:shutdownLeaderState(93)) - a8ad72fe-b4a4-4d4d-9a7f-b9692428a970: shutdown a8ad72fe-b4a4-4d4d-9a7f-b9692428a970@group-65CF6AC154C0-LeaderStateImpl
2022-11-07 13:09:02,324 [a8ad72fe-b4a4-4d4d-9a7f-b9692428a970@group-65CF6AC154C0->1810f6e6-5580-46b0-b88d-9b5f15cbee6a-GrpcLogAppender-LogAppenderDaemon] WARN  server.GrpcLogAppender (GrpcLogAppender.java:mayWait(200)) - a8ad72fe-b4a4-4d4d-9a7f-b9692428a970@group-65CF6AC154C0->1810f6e6-5580-46b0-b88d-9b5f15cbee6a-GrpcLogAppender: Wait interrupted by java.lang.InterruptedException
2022-11-07 13:09:02,324 [Command processor thread] INFO  impl.PendingRequests (PendingRequests.java:sendNotLeaderResponses(282)) - a8ad72fe-b4a4-4d4d-9a7f-b9692428a970@group-65CF6AC154C0-PendingRequests: sendNotLeaderResponses
2022-11-07 13:09:02,331 [Command processor thread] INFO  impl.StateMachineUpdater (StateMachineUpdater.java:stopAndJoin(153)) - a8ad72fe-b4a4-4d4d-9a7f-b9692428a970@group-65CF6AC154C0-StateMachineUpdater: set stopIndex = 0
2022-11-07 13:09:02,331 [a8ad72fe-b4a4-4d4d-9a7f-b9692428a970@group-65CF6AC154C0-StateMachineUpdater] INFO  ratis.ContainerStateMachine (ContainerStateMachine.java:takeSnapshot(304)) - group-65CF6AC154C0: Taking a snapshot at:(t:1, i:0) file /home/runner/work/ozone/ozone/hadoop-ozone/integration-test/target/test-dir/MiniOzoneClusterImpl-2a90587d-8655-4e72-8ce6-1bf59b520396/datanode-6/data/ratis/75bfd763-660f-4794-893b-65cf6ac154c0/sm/snapshot.1_0
2022-11-07 13:09:02,342 [grpc-default-executor-4] INFO  server.GrpcServerProtocolService (GrpcServerProtocolService.java:onCompleted(145)) - 1810f6e6-5580-46b0-b88d-9b5f15cbee6a: Completed APPEND_ENTRIES, lastRequest: a8ad72fe-b4a4-4d4d-9a7f-b9692428a970->1810f6e6-5580-46b0-b88d-9b5f15cbee6a#1-t1,previous=(t:0, i:0),leaderCommit=0,initializing? true,entries: size=1, first=(t:1, i:0), CONFIGURATIONENTRY(current:id: "a8ad72fe-b4a4-4d4d-9a7f-b9692428a970"
address: "10.1.0.171:39375"
clientAddress: "10.1.0.171:39375"
adminAddress: "10.1.0.171:39375"
startupRole: FOLLOWER
,id: "1810f6e6-5580-46b0-b88d-9b5f15cbee6a"
address: "10.1.0.171:37795"
clientAddress: "10.1.0.171:37795"
adminAddress: "10.1.0.171:37795"
startupRole: FOLLOWER
,id: "8bab8527-0d32-4ef2-9c82-248b5a5867bf"
address: "10.1.0.171:42469"
priority: 1
clientAddress: "10.1.0.171:42469"
adminAddress: "10.1.0.171:42469"
startupRole: FOLLOWER
, old:)
2022-11-07 13:09:02,343 [grpc-default-executor-5] INFO  server.GrpcLogAppender (GrpcLogAppender.java:onCompleted(415)) - a8ad72fe-b4a4-4d4d-9a7f-b9692428a970@group-65CF6AC154C0->1810f6e6-5580-46b0-b88d-9b5f15cbee6a-AppendLogResponseHandler: follower responses appendEntries COMPLETED
2022-11-07 13:09:02,344 [grpc-default-executor-5] INFO  leader.FollowerInfo (FollowerInfoImpl.java:lambda$new$0(48)) - a8ad72fe-b4a4-4d4d-9a7f-b9692428a970@group-65CF6AC154C0->1810f6e6-5580-46b0-b88d-9b5f15cbee6a: nextIndex: updateUnconditionally 1 -> 0
2022-11-07 13:09:02,343 [grpc-default-executor-3] INFO  server.GrpcServerProtocolService (GrpcServerProtocolService.java:onCompleted(145)) - 1810f6e6-5580-46b0-b88d-9b5f15cbee6a: Completed APPEND_ENTRIES, lastRequest: null
2022-11-07 13:09:02,354 [grpc-default-executor-3] INFO  server.GrpcLogAppender (GrpcLogAppender.java:onCompleted(415)) - a8ad72fe-b4a4-4d4d-9a7f-b9692428a970@group-65CF6AC154C0->1810f6e6-5580-46b0-b88d-9b5f15cbee6a-AppendLogResponseHandler: follower responses appendEntries COMPLETED
2022-11-07 13:09:02,354 [grpc-default-executor-3] INFO  leader.FollowerInfo (FollowerInfoImpl.java:lambda$new$0(48)) - a8ad72fe-b4a4-4d4d-9a7f-b9692428a970@group-65CF6AC154C0->1810f6e6-5580-46b0-b88d-9b5f15cbee6a: nextIndex: updateUnconditionally 0 -> 0
2022-11-07 13:09:02,389 [a8ad72fe-b4a4-4d4d-9a7f-b9692428a970@group-65CF6AC154C0-StateMachineUpdater] INFO  ratis.ContainerStateMachine (ContainerStateMachine.java:takeSnapshot(315)) - group-65CF6AC154C0: Finished taking a snapshot at:(t:1, i:0) file:/home/runner/work/ozone/ozone/hadoop-ozone/integration-test/target/test-dir/MiniOzoneClusterImpl-2a90587d-8655-4e72-8ce6-1bf59b520396/datanode-6/data/ratis/75bfd763-660f-4794-893b-65cf6ac154c0/sm/snapshot.1_0 took: 58 ms
2022-11-07 13:09:02,391 [a8ad72fe-b4a4-4d4d-9a7f-b9692428a970@group-65CF6AC154C0-StateMachineUpdater] INFO  impl.StateMachineUpdater (StateMachineUpdater.java:takeSnapshot(287)) - a8ad72fe-b4a4-4d4d-9a7f-b9692428a970@group-65CF6AC154C0-StateMachineUpdater: Took a snapshot at index 0
2022-11-07 13:09:02,391 [a8ad72fe-b4a4-4d4d-9a7f-b9692428a970@group-65CF6AC154C0-StateMachineUpdater] INFO  impl.StateMachineUpdater (StateMachineUpdater.java:lambda$new$0(92)) - a8ad72fe-b4a4-4d4d-9a7f-b9692428a970@group-65CF6AC154C0-StateMachineUpdater: snapshotIndex: updateIncreasingly -1 -> 0
2022-11-07 13:09:02,399 [Command processor thread] INFO  server.RaftServer$Division (ServerState.java:close(466)) - a8ad72fe-b4a4-4d4d-9a7f-b9692428a970@group-65CF6AC154C0: closes. applyIndex: 0
2022-11-07 13:09:02,399 [a8ad72fe-b4a4-4d4d-9a7f-b9692428a970@group-65CF6AC154C0-SegmentedRaftLogWorker] INFO  segmented.SegmentedRaftLogWorker (SegmentedRaftLogWorker.java:run(345)) - a8ad72fe-b4a4-4d4d-9a7f-b9692428a970@group-65CF6AC154C0-SegmentedRaftLogWorker was interrupted, exiting. There are 0 tasks remaining in the queue.
2022-11-07 13:09:02,401 [Command processor thread] INFO  segmented.SegmentedRaftLogWorker (SegmentedRaftLogWorker.java:close(255)) - a8ad72fe-b4a4-4d4d-9a7f-b9692428a970@group-65CF6AC154C0-SegmentedRaftLogWorker close()
2022-11-07 13:09:02,407 [Command processor thread] INFO  server.RaftServer$Division (RaftServerImpl.java:groupRemove(428)) - a8ad72fe-b4a4-4d4d-9a7f-b9692428a970@group-65CF6AC154C0: Succeed to remove RaftStorageDirectory Storage Directory /home/runner/work/ozone/ozone/hadoop-ozone/integration-test/target/test-dir/MiniOzoneClusterImpl-2a90587d-8655-4e72-8ce6-1bf59b520396/datanode-6/data/ratis/75bfd763-660f-4794-893b-65cf6ac154c0
2022-11-07 13:09:02,407 [Command processor thread] INFO  commandhandler.ClosePipelineCommandHandler (ClosePipelineCommandHandler.java:handle(78)) - Close Pipeline PipelineID=75bfd763-660f-4794-893b-65cf6ac154c0 command on datanode a8ad72fe-b4a4-4d4d-9a7f-b9692428a970.
2022-11-07 13:09:02,408 [Command processor thread] INFO  server.RaftServer (RaftServerProxy.java:remove(107)) - a8ad72fe-b4a4-4d4d-9a7f-b9692428a970: remove    LEADER a8ad72fe-b4a4-4d4d-9a7f-b9692428a970@group-BF7E77D1B3E1:t1, leader=a8ad72fe-b4a4-4d4d-9a7f-b9692428a970, voted=a8ad72fe-b4a4-4d4d-9a7f-b9692428a970, raftlog=Memoized:a8ad72fe-b4a4-4d4d-9a7f-b9692428a970@group-BF7E77D1B3E1-SegmentedRaftLog:OPENED:c0, conf=0: peers:[a8ad72fe-b4a4-4d4d-9a7f-b9692428a970|rpc:10.1.0.171:39375|dataStream:|priority:1|startupRole:FOLLOWER, 1810f6e6-5580-46b0-b88d-9b5f15cbee6a|rpc:10.1.0.171:37795|dataStream:|priority:0|startupRole:FOLLOWER, 8bab8527-0d32-4ef2-9c82-248b5a5867bf|rpc:10.1.0.171:42469|dataStream:|priority:0|startupRole:FOLLOWER]|listeners:[], old=null RUNNING
2022-11-07 13:09:02,408 [Command processor thread] INFO  server.RaftServer$Division (RaftServerImpl.java:lambda$close$4(458)) - a8ad72fe-b4a4-4d4d-9a7f-b9692428a970@group-BF7E77D1B3E1: shutdown
2022-11-07 13:09:02,408 [Command processor thread] INFO  util.JmxRegister (JmxRegister.java:unregister(73)) - Successfully un-registered JMX Bean with object name Ratis:service=RaftServer,group=group-BF7E77D1B3E1,id=a8ad72fe-b4a4-4d4d-9a7f-b9692428a970
2022-11-07 13:09:02,408 [Command processor thread] INFO  impl.RoleInfo (RoleInfo.java:shutdownLeaderState(93)) - a8ad72fe-b4a4-4d4d-9a7f-b9692428a970: shutdown a8ad72fe-b4a4-4d4d-9a7f-b9692428a970@group-BF7E77D1B3E1-LeaderStateImpl
2022-11-07 13:09:02,408 [a8ad72fe-b4a4-4d4d-9a7f-b9692428a970@group-BF7E77D1B3E1->1810f6e6-5580-46b0-b88d-9b5f15cbee6a-GrpcLogAppender-LogAppenderDaemon] WARN  server.GrpcLogAppender (GrpcLogAppender.java:mayWait(200)) - a8ad72fe-b4a4-4d4d-9a7f-b9692428a970@group-BF7E77D1B3E1->1810f6e6-5580-46b0-b88d-9b5f15cbee6a-GrpcLogAppender: Wait interrupted by java.lang.InterruptedException
2022-11-07 13:09:02,408 [Command processor thread] INFO  impl.PendingRequests (PendingRequests.java:sendNotLeaderResponses(282)) - a8ad72fe-b4a4-4d4d-9a7f-b9692428a970@group-BF7E77D1B3E1-PendingRequests: sendNotLeaderResponses
2022-11-07 13:09:02,409 [grpc-default-executor-4] INFO  server.GrpcServerProtocolService (GrpcServerProtocolService.java:onCompleted(145)) - 1810f6e6-5580-46b0-b88d-9b5f15cbee6a: Completed APPEND_ENTRIES, lastRequest: null
2022-11-07 13:09:02,409 [grpc-default-executor-3] INFO  server.GrpcServerProtocolService (GrpcServerProtocolService.java:onCompleted(145)) - 1810f6e6-5580-46b0-b88d-9b5f15cbee6a: Completed APPEND_ENTRIES, lastRequest: a8ad72fe-b4a4-4d4d-9a7f-b9692428a970->1810f6e6-5580-46b0-b88d-9b5f15cbee6a#1-t1,previous=(t:0, i:0),leaderCommit=-1,initializing? true,entries: size=1, first=(t:1, i:0), CONFIGURATIONENTRY(current:id: "a8ad72fe-b4a4-4d4d-9a7f-b9692428a970"
address: "10.1.0.171:39375"
priority: 1
clientAddress: "10.1.0.171:39375"
adminAddress: "10.1.0.171:39375"
startupRole: FOLLOWER
,id: "1810f6e6-5580-46b0-b88d-9b5f15cbee6a"
address: "10.1.0.171:37795"
clientAddress: "10.1.0.171:37795"
adminAddress: "10.1.0.171:37795"
startupRole: FOLLOWER
,id: "8bab8527-0d32-4ef2-9c82-248b5a5867bf"
address: "10.1.0.171:42469"
clientAddress: "10.1.0.171:42469"
adminAddress: "10.1.0.171:42469"
startupRole: FOLLOWER
, old:)
2022-11-07 13:09:02,410 [a8ad72fe-b4a4-4d4d-9a7f-b9692428a970@group-BF7E77D1B3E1-StateMachineUpdater] INFO  ratis.ContainerStateMachine (ContainerStateMachine.java:takeSnapshot(304)) - group-BF7E77D1B3E1: Taking a snapshot at:(t:1, i:0) file /home/runner/work/ozone/ozone/hadoop-ozone/integration-test/target/test-dir/MiniOzoneClusterImpl-2a90587d-8655-4e72-8ce6-1bf59b520396/datanode-6/data/ratis/f1880885-540f-49c6-8261-bf7e77d1b3e1/sm/snapshot.1_0
2022-11-07 13:09:02,411 [Command processor thread] INFO  impl.StateMachineUpdater (StateMachineUpdater.java:stopAndJoin(153)) - a8ad72fe-b4a4-4d4d-9a7f-b9692428a970@group-BF7E77D1B3E1-StateMachineUpdater: set stopIndex = 0
2022-11-07 13:09:02,411 [a8ad72fe-b4a4-4d4d-9a7f-b9692428a970@group-BF7E77D1B3E1-StateMachineUpdater] INFO  ratis.ContainerStateMachine (ContainerStateMachine.java:takeSnapshot(315)) - group-BF7E77D1B3E1: Finished taking a snapshot at:(t:1, i:0) file:/home/runner/work/ozone/ozone/hadoop-ozone/integration-test/target/test-dir/MiniOzoneClusterImpl-2a90587d-8655-4e72-8ce6-1bf59b520396/datanode-6/data/ratis/f1880885-540f-49c6-8261-bf7e77d1b3e1/sm/snapshot.1_0 took: 1 ms
2022-11-07 13:09:02,412 [a8ad72fe-b4a4-4d4d-9a7f-b9692428a970@group-BF7E77D1B3E1-StateMachineUpdater] INFO  impl.StateMachineUpdater (StateMachineUpdater.java:takeSnapshot(287)) - a8ad72fe-b4a4-4d4d-9a7f-b9692428a970@group-BF7E77D1B3E1-StateMachineUpdater: Took a snapshot at index 0
2022-11-07 13:09:02,412 [a8ad72fe-b4a4-4d4d-9a7f-b9692428a970@group-BF7E77D1B3E1-StateMachineUpdater] INFO  impl.StateMachineUpdater (StateMachineUpdater.java:lambda$new$0(92)) - a8ad72fe-b4a4-4d4d-9a7f-b9692428a970@group-BF7E77D1B3E1-StateMachineUpdater: snapshotIndex: updateIncreasingly -1 -> 0
2022-11-07 13:09:02,412 [Command processor thread] INFO  server.RaftServer$Division (ServerState.java:close(466)) - a8ad72fe-b4a4-4d4d-9a7f-b9692428a970@group-BF7E77D1B3E1: closes. applyIndex: 0
2022-11-07 13:09:02,412 [grpc-default-executor-4] INFO  server.GrpcLogAppender (GrpcLogAppender.java:onCompleted(415)) - a8ad72fe-b4a4-4d4d-9a7f-b9692428a970@group-BF7E77D1B3E1->1810f6e6-5580-46b0-b88d-9b5f15cbee6a-AppendLogResponseHandler: follower responses appendEntries COMPLETED
2022-11-07 13:09:02,413 [grpc-default-executor-4] INFO  leader.FollowerInfo (FollowerInfoImpl.java:lambda$new$0(48)) - a8ad72fe-b4a4-4d4d-9a7f-b9692428a970@group-BF7E77D1B3E1->1810f6e6-5580-46b0-b88d-9b5f15cbee6a: nextIndex: updateUnconditionally 1 -> 0
2022-11-07 13:09:02,412 [grpc-default-executor-3] INFO  server.GrpcLogAppender (GrpcLogAppender.java:onCompleted(415)) - a8ad72fe-b4a4-4d4d-9a7f-b9692428a970@group-BF7E77D1B3E1->1810f6e6-5580-46b0-b88d-9b5f15cbee6a-AppendLogResponseHandler: follower responses appendEntries COMPLETED
2022-11-07 13:09:02,413 [grpc-default-executor-3] INFO  leader.FollowerInfo (FollowerInfoImpl.java:lambda$new$0(48)) - a8ad72fe-b4a4-4d4d-9a7f-b9692428a970@group-BF7E77D1B3E1->1810f6e6-5580-46b0-b88d-9b5f15cbee6a: nextIndex: updateUnconditionally 0 -> 0
2022-11-07 13:09:02,415 [a8ad72fe-b4a4-4d4d-9a7f-b9692428a970@group-BF7E77D1B3E1-SegmentedRaftLogWorker] INFO  segmented.SegmentedRaftLogWorker (SegmentedRaftLogWorker.java:run(345)) - a8ad72fe-b4a4-4d4d-9a7f-b9692428a970@group-BF7E77D1B3E1-SegmentedRaftLogWorker was interrupted, exiting. There are 0 tasks remaining in the queue.
2022-11-07 13:09:02,416 [Command processor thread] INFO  segmented.SegmentedRaftLogWorker (SegmentedRaftLogWorker.java:close(255)) - a8ad72fe-b4a4-4d4d-9a7f-b9692428a970@group-BF7E77D1B3E1-SegmentedRaftLogWorker close()
2022-11-07 13:09:02,420 [Command processor thread] INFO  server.RaftServer$Division (RaftServerImpl.java:groupRemove(428)) - a8ad72fe-b4a4-4d4d-9a7f-b9692428a970@group-BF7E77D1B3E1: Succeed to remove RaftStorageDirectory Storage Directory /home/runner/work/ozone/ozone/hadoop-ozone/integration-test/target/test-dir/MiniOzoneClusterImpl-2a90587d-8655-4e72-8ce6-1bf59b520396/datanode-6/data/ratis/f1880885-540f-49c6-8261-bf7e77d1b3e1
2022-11-07 13:09:02,420 [Command processor thread] INFO  commandhandler.ClosePipelineCommandHandler (ClosePipelineCommandHandler.java:handle(78)) - Close Pipeline PipelineID=f1880885-540f-49c6-8261-bf7e77d1b3e1 command on datanode a8ad72fe-b4a4-4d4d-9a7f-b9692428a970.
2022-11-07 13:09:02,621 [Command processor thread] INFO  server.RaftServer (RaftServerProxy.java:remove(107)) - 1810f6e6-5580-46b0-b88d-9b5f15cbee6a: remove  FOLLOWER 1810f6e6-5580-46b0-b88d-9b5f15cbee6a@group-65CF6AC154C0:t1, leader=a8ad72fe-b4a4-4d4d-9a7f-b9692428a970, voted=a8ad72fe-b4a4-4d4d-9a7f-b9692428a970, raftlog=Memoized:1810f6e6-5580-46b0-b88d-9b5f15cbee6a@group-65CF6AC154C0-SegmentedRaftLog:OPENED:c0, conf=0: peers:[a8ad72fe-b4a4-4d4d-9a7f-b9692428a970|rpc:10.1.0.171:39375|dataStream:|priority:0|startupRole:FOLLOWER, 1810f6e6-5580-46b0-b88d-9b5f15cbee6a|rpc:10.1.0.171:37795|dataStream:|priority:0|startupRole:FOLLOWER, 8bab8527-0d32-4ef2-9c82-248b5a5867bf|rpc:10.1.0.171:42469|dataStream:|priority:1|startupRole:FOLLOWER]|listeners:[], old=null RUNNING
2022-11-07 13:09:02,621 [Command processor thread] INFO  server.RaftServer$Division (RaftServerImpl.java:lambda$close$4(458)) - 1810f6e6-5580-46b0-b88d-9b5f15cbee6a@group-65CF6AC154C0: shutdown
2022-11-07 13:09:02,622 [Command processor thread] INFO  util.JmxRegister (JmxRegister.java:unregister(73)) - Successfully un-registered JMX Bean with object name Ratis:service=RaftServer,group=group-65CF6AC154C0,id=1810f6e6-5580-46b0-b88d-9b5f15cbee6a
2022-11-07 13:09:02,622 [Command processor thread] INFO  impl.RoleInfo (RoleInfo.java:shutdownFollowerState(110)) - 1810f6e6-5580-46b0-b88d-9b5f15cbee6a: shutdown 1810f6e6-5580-46b0-b88d-9b5f15cbee6a@group-65CF6AC154C0-FollowerState
2022-11-07 13:09:02,622 [Command processor thread] INFO  impl.StateMachineUpdater (StateMachineUpdater.java:stopAndJoin(153)) - 1810f6e6-5580-46b0-b88d-9b5f15cbee6a@group-65CF6AC154C0-StateMachineUpdater: set stopIndex = 0
2022-11-07 13:09:02,622 [1810f6e6-5580-46b0-b88d-9b5f15cbee6a@group-65CF6AC154C0-StateMachineUpdater] INFO  ratis.ContainerStateMachine (ContainerStateMachine.java:takeSnapshot(304)) - group-65CF6AC154C0: Taking a snapshot at:(t:1, i:0) file /home/runner/work/ozone/ozone/hadoop-ozone/integration-test/target/test-dir/MiniOzoneClusterImpl-2a90587d-8655-4e72-8ce6-1bf59b520396/datanode-7/data/ratis/75bfd763-660f-4794-893b-65cf6ac154c0/sm/snapshot.1_0
2022-11-07 13:09:02,622 [1810f6e6-5580-46b0-b88d-9b5f15cbee6a@group-65CF6AC154C0-FollowerState] INFO  impl.FollowerState (FollowerState.java:run(152)) - 1810f6e6-5580-46b0-b88d-9b5f15cbee6a@group-65CF6AC154C0-FollowerState was interrupted
2022-11-07 13:09:02,624 [1810f6e6-5580-46b0-b88d-9b5f15cbee6a@group-65CF6AC154C0-StateMachineUpdater] INFO  ratis.ContainerStateMachine (ContainerStateMachine.java:takeSnapshot(315)) - group-65CF6AC154C0: Finished taking a snapshot at:(t:1, i:0) file:/home/runner/work/ozone/ozone/hadoop-ozone/integration-test/target/test-dir/MiniOzoneClusterImpl-2a90587d-8655-4e72-8ce6-1bf59b520396/datanode-7/data/ratis/75bfd763-660f-4794-893b-65cf6ac154c0/sm/snapshot.1_0 took: 2 ms
2022-11-07 13:09:02,625 [1810f6e6-5580-46b0-b88d-9b5f15cbee6a@group-65CF6AC154C0-StateMachineUpdater] INFO  impl.StateMachineUpdater (StateMachineUpdater.java:takeSnapshot(287)) - 1810f6e6-5580-46b0-b88d-9b5f15cbee6a@group-65CF6AC154C0-StateMachineUpdater: Took a snapshot at index 0
2022-11-07 13:09:02,625 [1810f6e6-5580-46b0-b88d-9b5f15cbee6a@group-65CF6AC154C0-StateMachineUpdater] INFO  impl.StateMachineUpdater (StateMachineUpdater.java:lambda$new$0(92)) - 1810f6e6-5580-46b0-b88d-9b5f15cbee6a@group-65CF6AC154C0-StateMachineUpdater: snapshotIndex: updateIncreasingly -1 -> 0
2022-11-07 13:09:02,625 [Command processor thread] INFO  server.RaftServer$Division (ServerState.java:close(466)) - 1810f6e6-5580-46b0-b88d-9b5f15cbee6a@group-65CF6AC154C0: closes. applyIndex: 0
2022-11-07 13:09:02,625 [1810f6e6-5580-46b0-b88d-9b5f15cbee6a@group-65CF6AC154C0-SegmentedRaftLogWorker] INFO  segmented.SegmentedRaftLogWorker (SegmentedRaftLogWorker.java:run(345)) - 1810f6e6-5580-46b0-b88d-9b5f15cbee6a@group-65CF6AC154C0-SegmentedRaftLogWorker was interrupted, exiting. There are 0 tasks remaining in the queue.
2022-11-07 13:09:02,629 [Command processor thread] INFO  segmented.SegmentedRaftLogWorker (SegmentedRaftLogWorker.java:close(255)) - 1810f6e6-5580-46b0-b88d-9b5f15cbee6a@group-65CF6AC154C0-SegmentedRaftLogWorker close()
2022-11-07 13:09:02,631 [Command processor thread] INFO  server.RaftServer$Division (RaftServerImpl.java:groupRemove(428)) - 1810f6e6-5580-46b0-b88d-9b5f15cbee6a@group-65CF6AC154C0: Succeed to remove RaftStorageDirectory Storage Directory /home/runner/work/ozone/ozone/hadoop-ozone/integration-test/target/test-dir/MiniOzoneClusterImpl-2a90587d-8655-4e72-8ce6-1bf59b520396/datanode-7/data/ratis/75bfd763-660f-4794-893b-65cf6ac154c0
2022-11-07 13:09:02,632 [Command processor thread] INFO  commandhandler.ClosePipelineCommandHandler (ClosePipelineCommandHandler.java:handle(78)) - Close Pipeline PipelineID=75bfd763-660f-4794-893b-65cf6ac154c0 command on datanode 1810f6e6-5580-46b0-b88d-9b5f15cbee6a.
2022-11-07 13:09:02,633 [Command processor thread] INFO  server.RaftServer (RaftServerProxy.java:remove(107)) - 1810f6e6-5580-46b0-b88d-9b5f15cbee6a: remove  FOLLOWER 1810f6e6-5580-46b0-b88d-9b5f15cbee6a@group-BF7E77D1B3E1:t1, leader=a8ad72fe-b4a4-4d4d-9a7f-b9692428a970, voted=a8ad72fe-b4a4-4d4d-9a7f-b9692428a970, raftlog=Memoized:1810f6e6-5580-46b0-b88d-9b5f15cbee6a@group-BF7E77D1B3E1-SegmentedRaftLog:OPENED:c0, conf=0: peers:[a8ad72fe-b4a4-4d4d-9a7f-b9692428a970|rpc:10.1.0.171:39375|dataStream:|priority:1|startupRole:FOLLOWER, 1810f6e6-5580-46b0-b88d-9b5f15cbee6a|rpc:10.1.0.171:37795|dataStream:|priority:0|startupRole:FOLLOWER, 8bab8527-0d32-4ef2-9c82-248b5a5867bf|rpc:10.1.0.171:42469|dataStream:|priority:0|startupRole:FOLLOWER]|listeners:[], old=null RUNNING
2022-11-07 13:09:02,633 [Command processor thread] INFO  server.RaftServer$Division (RaftServerImpl.java:lambda$close$4(458)) - 1810f6e6-5580-46b0-b88d-9b5f15cbee6a@group-BF7E77D1B3E1: shutdown
2022-11-07 13:09:02,633 [Command processor thread] INFO  util.JmxRegister (JmxRegister.java:unregister(73)) - Successfully un-registered JMX Bean with object name Ratis:service=RaftServer,group=group-BF7E77D1B3E1,id=1810f6e6-5580-46b0-b88d-9b5f15cbee6a
2022-11-07 13:09:02,633 [Command processor thread] INFO  impl.RoleInfo (RoleInfo.java:shutdownFollowerState(110)) - 1810f6e6-5580-46b0-b88d-9b5f15cbee6a: shutdown 1810f6e6-5580-46b0-b88d-9b5f15cbee6a@group-BF7E77D1B3E1-FollowerState
2022-11-07 13:09:02,633 [Command processor thread] INFO  impl.StateMachineUpdater (StateMachineUpdater.java:stopAndJoin(153)) - 1810f6e6-5580-46b0-b88d-9b5f15cbee6a@group-BF7E77D1B3E1-StateMachineUpdater: set stopIndex = 0
2022-11-07 13:09:02,634 [1810f6e6-5580-46b0-b88d-9b5f15cbee6a@group-BF7E77D1B3E1-FollowerState] INFO  impl.FollowerState (FollowerState.java:run(152)) - 1810f6e6-5580-46b0-b88d-9b5f15cbee6a@group-BF7E77D1B3E1-FollowerState was interrupted
2022-11-07 13:09:02,635 [1810f6e6-5580-46b0-b88d-9b5f15cbee6a@group-BF7E77D1B3E1-StateMachineUpdater] INFO  ratis.ContainerStateMachine (ContainerStateMachine.java:takeSnapshot(304)) - group-BF7E77D1B3E1: Taking a snapshot at:(t:1, i:0) file /home/runner/work/ozone/ozone/hadoop-ozone/integration-test/target/test-dir/MiniOzoneClusterImpl-2a90587d-8655-4e72-8ce6-1bf59b520396/datanode-7/data/ratis/f1880885-540f-49c6-8261-bf7e77d1b3e1/sm/snapshot.1_0
2022-11-07 13:09:02,636 [1810f6e6-5580-46b0-b88d-9b5f15cbee6a@group-BF7E77D1B3E1-StateMachineUpdater] INFO  ratis.ContainerStateMachine (ContainerStateMachine.java:takeSnapshot(315)) - group-BF7E77D1B3E1: Finished taking a snapshot at:(t:1, i:0) file:/home/runner/work/ozone/ozone/hadoop-ozone/integration-test/target/test-dir/MiniOzoneClusterImpl-2a90587d-8655-4e72-8ce6-1bf59b520396/datanode-7/data/ratis/f1880885-540f-49c6-8261-bf7e77d1b3e1/sm/snapshot.1_0 took: 1 ms
2022-11-07 13:09:02,637 [1810f6e6-5580-46b0-b88d-9b5f15cbee6a@group-BF7E77D1B3E1-StateMachineUpdater] INFO  impl.StateMachineUpdater (StateMachineUpdater.java:takeSnapshot(287)) - 1810f6e6-5580-46b0-b88d-9b5f15cbee6a@group-BF7E77D1B3E1-StateMachineUpdater: Took a snapshot at index 0
2022-11-07 13:09:02,637 [1810f6e6-5580-46b0-b88d-9b5f15cbee6a@group-BF7E77D1B3E1-StateMachineUpdater] INFO  impl.StateMachineUpdater (StateMachineUpdater.java:lambda$new$0(92)) - 1810f6e6-5580-46b0-b88d-9b5f15cbee6a@group-BF7E77D1B3E1-StateMachineUpdater: snapshotIndex: updateIncreasingly -1 -> 0
2022-11-07 13:09:02,637 [Command processor thread] INFO  server.RaftServer$Division (ServerState.java:close(466)) - 1810f6e6-5580-46b0-b88d-9b5f15cbee6a@group-BF7E77D1B3E1: closes. applyIndex: 0
2022-11-07 13:09:02,637 [1810f6e6-5580-46b0-b88d-9b5f15cbee6a@group-BF7E77D1B3E1-SegmentedRaftLogWorker] INFO  segmented.SegmentedRaftLogWorker (SegmentedRaftLogWorker.java:run(345)) - 1810f6e6-5580-46b0-b88d-9b5f15cbee6a@group-BF7E77D1B3E1-SegmentedRaftLogWorker was interrupted, exiting. There are 0 tasks remaining in the queue.
2022-11-07 13:09:02,638 [Command processor thread] INFO  segmented.SegmentedRaftLogWorker (SegmentedRaftLogWorker.java:close(255)) - 1810f6e6-5580-46b0-b88d-9b5f15cbee6a@group-BF7E77D1B3E1-SegmentedRaftLogWorker close()
2022-11-07 13:09:02,641 [Command processor thread] INFO  server.RaftServer$Division (RaftServerImpl.java:groupRemove(428)) - 1810f6e6-5580-46b0-b88d-9b5f15cbee6a@group-BF7E77D1B3E1: Succeed to remove RaftStorageDirectory Storage Directory /home/runner/work/ozone/ozone/hadoop-ozone/integration-test/target/test-dir/MiniOzoneClusterImpl-2a90587d-8655-4e72-8ce6-1bf59b520396/datanode-7/data/ratis/f1880885-540f-49c6-8261-bf7e77d1b3e1
2022-11-07 13:09:02,641 [Command processor thread] INFO  commandhandler.ClosePipelineCommandHandler (ClosePipelineCommandHandler.java:handle(78)) - Close Pipeline PipelineID=f1880885-540f-49c6-8261-bf7e77d1b3e1 command on datanode 1810f6e6-5580-46b0-b88d-9b5f15cbee6a.
2022-11-07 13:09:30,089 [Under Replicated Processor] INFO  replication.UnderReplicatedProcessor (UnderReplicatedProcessor.java:processAll(92)) - Processed 0 under replicated containers, failed processing 0
2022-11-07 13:09:30,093 [Over Replicated Processor] INFO  replication.OverReplicatedProcessor (OverReplicatedProcessor.java:processAll(90)) - Processed 0 over replicated containers, failed processing 0
2022-11-07 13:10:00,090 [Under Replicated Processor] INFO  replication.UnderReplicatedProcessor (UnderReplicatedProcessor.java:processAll(92)) - Processed 0 under replicated containers, failed processing 0
2022-11-07 13:10:00,093 [Over Replicated Processor] INFO  replication.OverReplicatedProcessor (OverReplicatedProcessor.java:processAll(90)) - Processed 0 over replicated containers, failed processing 0
2022-11-07 13:10:30,090 [Under Replicated Processor] INFO  replication.UnderReplicatedProcessor (UnderReplicatedProcessor.java:processAll(92)) - Processed 0 under replicated containers, failed processing 0
2022-11-07 13:10:30,093 [Over Replicated Processor] INFO  replication.OverReplicatedProcessor (OverReplicatedProcessor.java:processAll(90)) - Processed 0 over replicated containers, failed processing 0
]]></system-out>
  </testcase>
</testsuite>