<?xml version="1.0" encoding="UTF-8"?>
<testsuite xmlns:xsi="http://www.w3.org/2001/XMLSchema-instance" xsi:noNamespaceSchemaLocation="https://maven.apache.org/surefire/maven-surefire-plugin/xsd/surefire-test-report-3.0.xsd" version="3.0" name="org.apache.hadoop.ozone.parser.TestOzoneHARatisLogParser" time="86.749" tests="1" errors="1" skipped="0" failures="0">
  <properties>
    <property name="awt.toolkit" value="sun.awt.X11.XToolkit"/>
    <property name="file.encoding.pkg" value="sun.io"/>
    <property name="java.specification.version" value="1.8"/>
    <property name="sun.cpu.isalist" value=""/>
    <property name="sun.jnu.encoding" value="UTF-8"/>
    <property name="java.class.path" value="/home/runner/work/ozone/ozone/hadoop-ozone/integration-test/target/test-classes:/home/runner/work/ozone/ozone/hadoop-ozone/integration-test/target/classes:/home/runner/.m2/repository/org/apache/ozone/ozone-common/1.3.0-SNAPSHOT/ozone-common-1.3.0-SNAPSHOT.jar:/home/runner/.m2/repository/io/grpc/grpc-netty/1.48.1/grpc-netty-1.48.1.jar:/home/runner/.m2/repository/io/grpc/grpc-core/1.48.1/grpc-core-1.48.1.jar:/home/runner/.m2/repository/com/google/android/annotations/4.1.1.4/annotations-4.1.1.4.jar:/home/runner/.m2/repository/org/codehaus/mojo/animal-sniffer-annotations/1.21/animal-sniffer-annotations-1.21.jar:/home/runner/.m2/repository/com/google/errorprone/error_prone_annotations/2.2.0/error_prone_annotations-2.2.0.jar:/home/runner/.m2/repository/io/perfmark/perfmark-api/0.25.0/perfmark-api-0.25.0.jar:/home/runner/.m2/repository/io/netty/netty-codec-http2/4.1.79.Final/netty-codec-http2-4.1.79.Final.jar:/home/runner/.m2/repository/io/netty/netty-common/4.1.79.Final/netty-common-4.1.79.Final.jar:/home/runner/.m2/repository/io/netty/netty-buffer/4.1.79.Final/netty-buffer-4.1.79.Final.jar:/home/runner/.m2/repository/io/netty/netty-codec-http/4.1.79.Final/netty-codec-http-4.1.79.Final.jar:/home/runner/.m2/repository/io/netty/netty-handler-proxy/4.1.79.Final/netty-handler-proxy-4.1.79.Final.jar:/home/runner/.m2/repository/io/netty/netty-codec-socks/4.1.79.Final/netty-codec-socks-4.1.79.Final.jar:/home/runner/.m2/repository/io/netty/netty-tcnative-boringssl-static/2.0.53.Final/netty-tcnative-boringssl-static-2.0.53.Final.jar:/home/runner/.m2/repository/io/netty/netty-tcnative-classes/2.0.53.Final/netty-tcnative-classes-2.0.53.Final.jar:/home/runner/.m2/repository/io/netty/netty-tcnative-boringssl-static/2.0.53.Final/netty-tcnative-boringssl-static-2.0.53.Final-linux-x86_64.jar:/home/runner/.m2/repository/io/netty/netty-tcnative-boringssl-static/2.0.53.Final/netty-tcnative-boringssl-static-2.0.53.Final-linux-aarch_64.jar:/home/runner/.m2/repository/io/netty/netty-tcnative-boringssl-static/2.0.53.Final/netty-tcnative-boringssl-static-2.0.53.Final-osx-x86_64.jar:/home/runner/.m2/repository/io/netty/netty-tcnative-boringssl-static/2.0.53.Final/netty-tcnative-boringssl-static-2.0.53.Final-osx-aarch_64.jar:/home/runner/.m2/repository/io/netty/netty-tcnative-boringssl-static/2.0.53.Final/netty-tcnative-boringssl-static-2.0.53.Final-windows-x86_64.jar:/home/runner/.m2/repository/org/apache/commons/commons-compress/1.21/commons-compress-1.21.jar:/home/runner/.m2/repository/org/apache/ozone/hdds-common/1.3.0-SNAPSHOT/hdds-common-1.3.0-SNAPSHOT.jar:/home/runner/.m2/repository/org/apache/ozone/hdds-client/1.3.0-SNAPSHOT/hdds-client-1.3.0-SNAPSHOT.jar:/home/runner/.m2/repository/org/apache/ozone/ozone-interface-client/1.3.0-SNAPSHOT/ozone-interface-client-1.3.0-SNAPSHOT.jar:/home/runner/.m2/repository/org/apache/ozone/hdds-test-utils/1.3.0-SNAPSHOT/hdds-test-utils-1.3.0-SNAPSHOT.jar:/home/runner/.m2/repository/com/google/guava/guava/31.1-jre/guava-31.1-jre.jar:/home/runner/.m2/repository/com/google/guava/failureaccess/1.0.1/failureaccess-1.0.1.jar:/home/runner/.m2/repository/com/google/guava/listenablefuture/9999.0-empty-to-avoid-conflict-with-guava/listenablefuture-9999.0-empty-to-avoid-conflict-with-guava.jar:/home/runner/.m2/repository/com/google/code/findbugs/jsr305/3.0.0/jsr305-3.0.0.jar:/home/runner/.m2/repository/org/checkerframework/checker-qual/3.12.0/checker-qual-3.12.0.jar:/home/runner/.m2/repository/com/google/j2objc/j2objc-annotations/1.3/j2objc-annotations-1.3.jar:/home/runner/.m2/repository/commons-io/commons-io/2.11.0/commons-io-2.11.0.jar:/home/runner/.m2/repository/commons-logging/commons-logging/1.2/commons-logging-1.2.jar:/home/runner/.m2/repository/log4j/log4j/1.2.17/log4j-1.2.17.jar:/home/runner/.m2/repository/org/slf4j/slf4j-api/1.7.30/slf4j-api-1.7.30.jar:/home/runner/.m2/repository/org/apache/ozone/hdds-server-scm/1.3.0-SNAPSHOT/hdds-server-scm-1.3.0-SNAPSHOT.jar:/home/runner/.m2/repository/org/apache/ozone/hdds-container-service/1.3.0-SNAPSHOT/hdds-container-service-1.3.0-SNAPSHOT.jar:/home/runner/.m2/repository/org/apache/ozone/hdds-hadoop-dependency-server/1.3.0-SNAPSHOT/hdds-hadoop-dependency-server-1.3.0-SNAPSHOT.jar:/home/runner/.m2/repository/org/apache/hadoop/hadoop-hdfs/3.3.1/hadoop-hdfs-3.3.1.jar:/home/runner/.m2/repository/org/apache/ozone/hdds-server-framework/1.3.0-SNAPSHOT/hdds-server-framework-1.3.0-SNAPSHOT.jar:/home/runner/.m2/repository/org/apache/ozone/hdds-interface-server/1.3.0-SNAPSHOT/hdds-interface-server-1.3.0-SNAPSHOT.jar:/home/runner/.m2/repository/org/apache/logging/log4j/log4j-core/2.17.1/log4j-core-2.17.1.jar:/home/runner/.m2/repository/com/lmax/disruptor/3.4.2/disruptor-3.4.2.jar:/home/runner/.m2/repository/org/eclipse/jetty/jetty-servlet/9.4.43.v20210629/jetty-servlet-9.4.43.v20210629.jar:/home/runner/.m2/repository/org/eclipse/jetty/jetty-security/9.4.43.v20210629/jetty-security-9.4.43.v20210629.jar:/home/runner/.m2/repository/org/rocksdb/rocksdbjni/6.29.5/rocksdbjni-6.29.5.jar:/home/runner/.m2/repository/io/prometheus/simpleclient_dropwizard/0.7.0/simpleclient_dropwizard-0.7.0.jar:/home/runner/.m2/repository/io/prometheus/simpleclient/0.7.0/simpleclient-0.7.0.jar:/home/runner/.m2/repository/io/prometheus/simpleclient_common/0.7.0/simpleclient_common-0.7.0.jar:/home/runner/.m2/repository/io/dropwizard/metrics/metrics-core/3.2.4/metrics-core-3.2.4.jar:/home/runner/.m2/repository/org/apache/hadoop/hadoop-hdfs-client/3.3.1/hadoop-hdfs-client-3.3.1.jar:/home/runner/.m2/repository/org/bouncycastle/bcprov-jdk15on/1.67/bcprov-jdk15on-1.67.jar:/home/runner/.m2/repository/com/google/protobuf/protobuf-java/2.5.0/protobuf-java-2.5.0.jar:/home/runner/.m2/repository/org/apache/ozone/ozone-manager/1.3.0-SNAPSHOT/ozone-manager-1.3.0-SNAPSHOT.jar:/home/runner/.m2/repository/org/aspectj/aspectjrt/1.9.7/aspectjrt-1.9.7.jar:/home/runner/.m2/repository/org/aspectj/aspectjweaver/1.9.7/aspectjweaver-1.9.7.jar:/home/runner/.m2/repository/org/apache/ozone/hdds-interface-client/1.3.0-SNAPSHOT/hdds-interface-client-1.3.0-SNAPSHOT.jar:/home/runner/.m2/repository/org/apache/hadoop/thirdparty/hadoop-shaded-protobuf_3_7/1.1.1/hadoop-shaded-protobuf_3_7-1.1.1.jar:/home/runner/.m2/repository/org/apache/ozone/ozone-interface-storage/1.3.0-SNAPSHOT/ozone-interface-storage-1.3.0-SNAPSHOT.jar:/home/runner/.m2/repository/org/reflections/reflections/0.9.11/reflections-0.9.11.jar:/home/runner/.m2/repository/com/sun/jersey/jersey-client/1.19/jersey-client-1.19.jar:/home/runner/.m2/repository/org/apache/ranger/ranger-intg/2.3.0/ranger-intg-2.3.0.jar:/home/runner/.m2/repository/org/apache/ranger/ranger-plugins-common/2.3.0/ranger-plugins-common-2.3.0.jar:/home/runner/.m2/repository/commons-lang/commons-lang/2.6/commons-lang-2.6.jar:/home/runner/.m2/repository/org/codehaus/jackson/jackson-jaxrs/1.9.13/jackson-jaxrs-1.9.13.jar:/home/runner/.m2/repository/org/apache/ranger/ranger-plugins-cred/2.3.0/ranger-plugins-cred-2.3.0.jar:/home/runner/.m2/repository/org/apache/ranger/ranger-plugins-audit/2.3.0/ranger-plugins-audit-2.3.0.jar:/home/runner/.m2/repository/org/apache/kafka/kafka-clients/2.8.1/kafka-clients-2.8.1.jar:/home/runner/.m2/repository/com/github/luben/zstd-jni/1.4.9-1/zstd-jni-1.4.9-1.jar:/home/runner/.m2/repository/org/apache/solr/solr-solrj/8.6.3/solr-solrj-8.6.3.jar:/home/runner/.m2/repository/org/slf4j/jcl-over-slf4j/1.7.24/jcl-over-slf4j-1.7.24.jar:/home/runner/.m2/repository/org/eclipse/jetty/jetty-client/9.4.31.v20200723/jetty-client-9.4.31.v20200723.jar:/home/runner/.m2/repository/org/apache/httpcomponents/httpmime/4.5.6/httpmime-4.5.6.jar:/home/runner/.m2/repository/org/apache/httpcomponents/httpcore-nio/4.4.6/httpcore-nio-4.4.6.jar:/home/runner/.m2/repository/org/apache/httpcomponents/httpasyncclient/4.1.3/httpasyncclient-4.1.3.jar:/home/runner/.m2/repository/com/carrotsearch/hppc/0.8.0/hppc-0.8.0.jar:/home/runner/.m2/repository/org/apache/hive/hive-storage-api/2.7.2/hive-storage-api-2.7.2.jar:/home/runner/.m2/repository/org/apache/orc/orc-core/1.5.8/orc-core-1.5.8.jar:/home/runner/.m2/repository/com/amazonaws/aws-java-sdk-bundle/1.12.125/aws-java-sdk-bundle-1.12.125.jar:/home/runner/.m2/repository/net/java/dev/jna/jna/5.2.0/jna-5.2.0.jar:/home/runner/.m2/repository/net/java/dev/jna/jna-platform/5.2.0/jna-platform-5.2.0.jar:/home/runner/.m2/repository/com/kstruct/gethostname4j/0.0.2/gethostname4j-0.0.2.jar:/home/runner/.m2/repository/org/apache/ranger/ranger-plugin-classloader/2.3.0/ranger-plugin-classloader-2.3.0.jar:/home/runner/.m2/repository/org/apache/hadoop/hadoop-minikdc/3.3.1/hadoop-minikdc-3.3.1.jar:/home/runner/.m2/repository/org/apache/kerby/kerb-simplekdc/1.0.1/kerb-simplekdc-1.0.1.jar:/home/runner/.m2/repository/org/apache/kerby/kerb-client/1.0.1/kerb-client-1.0.1.jar:/home/runner/.m2/repository/org/apache/kerby/kerby-config/1.0.1/kerby-config-1.0.1.jar:/home/runner/.m2/repository/org/apache/kerby/kerb-common/1.0.1/kerb-common-1.0.1.jar:/home/runner/.m2/repository/org/apache/kerby/kerb-crypto/1.0.1/kerb-crypto-1.0.1.jar:/home/runner/.m2/repository/org/apache/kerby/kerb-util/1.0.1/kerb-util-1.0.1.jar:/home/runner/.m2/repository/org/apache/kerby/token-provider/1.0.1/token-provider-1.0.1.jar:/home/runner/.m2/repository/org/apache/kerby/kerb-admin/1.0.1/kerb-admin-1.0.1.jar:/home/runner/.m2/repository/org/apache/kerby/kerb-server/1.0.1/kerb-server-1.0.1.jar:/home/runner/.m2/repository/org/apache/kerby/kerb-identity/1.0.1/kerb-identity-1.0.1.jar:/home/runner/.m2/repository/org/apache/kerby/kerby-xdr/1.0.1/kerby-xdr-1.0.1.jar:/home/runner/.m2/repository/org/slf4j/slf4j-log4j12/1.7.30/slf4j-log4j12-1.7.30.jar:/home/runner/.m2/repository/org/apache/ozone/ozone-s3gateway/1.3.0-SNAPSHOT/ozone-s3gateway-1.3.0-SNAPSHOT.jar:/home/runner/.m2/repository/org/javassist/javassist/3.21.0-GA/javassist-3.21.0-GA.jar:/home/runner/.m2/repository/org/jboss/weld/servlet/weld-servlet/2.4.7.Final/weld-servlet-2.4.7.Final.jar:/home/runner/.m2/repository/org/glassfish/jersey/containers/jersey-container-servlet-core/2.33/jersey-container-servlet-core-2.33.jar:/home/runner/.m2/repository/org/glassfish/hk2/external/jakarta.inject/2.6.1/jakarta.inject-2.6.1.jar:/home/runner/.m2/repository/org/glassfish/jersey/core/jersey-common/2.33/jersey-common-2.33.jar:/home/runner/.m2/repository/jakarta/ws/rs/jakarta.ws.rs-api/2.1.6/jakarta.ws.rs-api-2.1.6.jar:/home/runner/.m2/repository/org/glassfish/jersey/ext/cdi/jersey-cdi1x/2.33/jersey-cdi1x-2.33.jar:/home/runner/.m2/repository/org/glassfish/jersey/inject/jersey-hk2/2.33/jersey-hk2-2.33.jar:/home/runner/.m2/repository/org/glassfish/hk2/hk2-locator/2.6.1/hk2-locator-2.6.1.jar:/home/runner/.m2/repository/org/glassfish/jersey/media/jersey-media-jaxb/2.33/jersey-media-jaxb-2.33.jar:/home/runner/.m2/repository/org/glassfish/hk2/osgi-resource-locator/1.0.3/osgi-resource-locator-1.0.3.jar:/home/runner/.m2/repository/org/glassfish/hk2/hk2-api/2.5.0/hk2-api-2.5.0.jar:/home/runner/.m2/repository/org/glassfish/hk2/hk2-utils/2.5.0/hk2-utils-2.5.0.jar:/home/runner/.m2/repository/org/glassfish/hk2/external/aopalliance-repackaged/2.5.0/aopalliance-repackaged-2.5.0.jar:/home/runner/.m2/repository/com/fasterxml/jackson/dataformat/jackson-dataformat-xml/2.13.2/jackson-dataformat-xml-2.13.2.jar:/home/runner/.m2/repository/com/fasterxml/jackson/core/jackson-core/2.13.2/jackson-core-2.13.2.jar:/home/runner/.m2/repository/org/codehaus/woodstox/stax2-api/3.1.4/stax2-api-3.1.4.jar:/home/runner/.m2/repository/com/fasterxml/woodstox/woodstox-core/5.0.3/woodstox-core-5.0.3.jar:/home/runner/.m2/repository/com/fasterxml/jackson/module/jackson-module-jaxb-annotations/2.13.2/jackson-module-jaxb-annotations-2.13.2.jar:/home/runner/.m2/repository/jakarta/xml/bind/jakarta.xml.bind-api/2.3.3/jakarta.xml.bind-api-2.3.3.jar:/home/runner/.m2/repository/jakarta/activation/jakarta.activation-api/1.2.1/jakarta.activation-api-1.2.1.jar:/home/runner/.m2/repository/javax/enterprise/cdi-api/1.2/cdi-api-1.2.jar:/home/runner/.m2/repository/javax/el/javax.el-api/3.0.0/javax.el-api-3.0.0.jar:/home/runner/.m2/repository/javax/interceptor/javax.interceptor-api/1.2/javax.interceptor-api-1.2.jar:/home/runner/.m2/repository/javax/inject/javax.inject/1/javax.inject-1.jar:/home/runner/.m2/repository/javax/xml/bind/jaxb-api/2.3.0/jaxb-api-2.3.0.jar:/home/runner/.m2/repository/org/glassfish/jaxb/jaxb-runtime/2.3.0.1/jaxb-runtime-2.3.0.1.jar:/home/runner/.m2/repository/org/glassfish/jaxb/jaxb-core/2.3.0.1/jaxb-core-2.3.0.1.jar:/home/runner/.m2/repository/org/glassfish/jaxb/txw2/2.3.0.1/txw2-2.3.0.1.jar:/home/runner/.m2/repository/com/sun/istack/istack-commons-runtime/3.0.5/istack-commons-runtime-3.0.5.jar:/home/runner/.m2/repository/org/jvnet/staxex/stax-ex/1.7.8/stax-ex-1.7.8.jar:/home/runner/.m2/repository/com/sun/xml/fastinfoset/FastInfoset/1.2.13/FastInfoset-1.2.13.jar:/home/runner/.m2/repository/javax/activation/activation/1.1.1/activation-1.1.1.jar:/home/runner/.m2/repository/io/grpc/grpc-protobuf/1.48.1/grpc-protobuf-1.48.1.jar:/home/runner/.m2/repository/io/grpc/grpc-api/1.48.1/grpc-api-1.48.1.jar:/home/runner/.m2/repository/io/grpc/grpc-context/1.48.1/grpc-context-1.48.1.jar:/home/runner/.m2/repository/com/google/api/grpc/proto-google-common-protos/2.9.0/proto-google-common-protos-2.9.0.jar:/home/runner/.m2/repository/io/grpc/grpc-protobuf-lite/1.48.1/grpc-protobuf-lite-1.48.1.jar:/home/runner/.m2/repository/io/grpc/grpc-stub/1.48.1/grpc-stub-1.48.1.jar:/home/runner/.m2/repository/io/netty/netty-transport/4.1.79.Final/netty-transport-4.1.79.Final.jar:/home/runner/.m2/repository/io/netty/netty-resolver/4.1.79.Final/netty-resolver-4.1.79.Final.jar:/home/runner/.m2/repository/org/apache/ozone/ozone-csi/1.3.0-SNAPSHOT/ozone-csi-1.3.0-SNAPSHOT.jar:/home/runner/.m2/repository/com/google/protobuf/protobuf-java-util/3.19.2/protobuf-java-util-3.19.2.jar:/home/runner/.m2/repository/com/google/code/gson/gson/2.9.0/gson-2.9.0.jar:/home/runner/.m2/repository/org/apache/ozone/hdds-config/1.3.0-SNAPSHOT/hdds-config-1.3.0-SNAPSHOT.jar:/home/runner/.m2/repository/io/netty/netty-transport-native-epoll/4.1.79.Final/netty-transport-native-epoll-4.1.79.Final-linux-x86_64.jar:/home/runner/.m2/repository/io/netty/netty-transport-classes-epoll/4.1.79.Final/netty-transport-classes-epoll-4.1.79.Final.jar:/home/runner/.m2/repository/io/netty/netty-transport-native-unix-common/4.1.79.Final/netty-transport-native-unix-common-4.1.79.Final.jar:/home/runner/.m2/repository/org/apache/ozone/ozone-recon/1.3.0-SNAPSHOT/ozone-recon-1.3.0-SNAPSHOT.jar:/home/runner/.m2/repository/org/apache/ozone/ozone-reconcodegen/1.3.0-SNAPSHOT/ozone-reconcodegen-1.3.0-SNAPSHOT.jar:/home/runner/.m2/repository/com/google/inject/extensions/guice-multibindings/4.0/guice-multibindings-4.0.jar:/home/runner/.m2/repository/com/google/inject/guice/4.0/guice-4.0.jar:/home/runner/.m2/repository/aopalliance/aopalliance/1.0/aopalliance-1.0.jar:/home/runner/.m2/repository/com/google/inject/extensions/guice-assistedinject/4.0/guice-assistedinject-4.0.jar:/home/runner/.m2/repository/com/google/inject/extensions/guice-servlet/4.0/guice-servlet-4.0.jar:/home/runner/.m2/repository/org/glassfish/jersey/containers/jersey-container-servlet/2.33/jersey-container-servlet-2.33.jar:/home/runner/.m2/repository/org/glassfish/hk2/guice-bridge/2.5.0/guice-bridge-2.5.0.jar:/home/runner/.m2/repository/org/glassfish/jersey/core/jersey-server/2.33/jersey-server-2.33.jar:/home/runner/.m2/repository/org/glassfish/jersey/core/jersey-client/2.33/jersey-client-2.33.jar:/home/runner/.m2/repository/jakarta/annotation/jakarta.annotation-api/1.3.5/jakarta.annotation-api-1.3.5.jar:/home/runner/.m2/repository/jakarta/validation/jakarta.validation-api/2.0.2/jakarta.validation-api-2.0.2.jar:/home/runner/.m2/repository/org/glassfish/jersey/media/jersey-media-json-jackson/2.33/jersey-media-json-jackson-2.33.jar:/home/runner/.m2/repository/org/glassfish/jersey/ext/jersey-entity-filtering/2.33/jersey-entity-filtering-2.33.jar:/home/runner/.m2/repository/org/jooq/jooq/3.11.10/jooq-3.11.10.jar:/home/runner/.m2/repository/org/jooq/jooq-meta/3.11.10/jooq-meta-3.11.10.jar:/home/runner/.m2/repository/org/jooq/jooq-codegen/3.11.10/jooq-codegen-3.11.10.jar:/home/runner/.m2/repository/com/jolbox/bonecp/0.8.0.RELEASE/bonecp-0.8.0.RELEASE.jar:/home/runner/.m2/repository/org/apache/derby/derby/10.14.2.0/derby-10.14.2.0.jar:/home/runner/.m2/repository/org/xerial/sqlite-jdbc/3.25.2/sqlite-jdbc-3.25.2.jar:/home/runner/.m2/repository/org/springframework/spring-jdbc/5.2.20.RELEASE/spring-jdbc-5.2.20.RELEASE.jar:/home/runner/.m2/repository/org/springframework/spring-beans/5.2.20.RELEASE/spring-beans-5.2.20.RELEASE.jar:/home/runner/.m2/repository/org/springframework/spring-core/5.2.20.RELEASE/spring-core-5.2.20.RELEASE.jar:/home/runner/.m2/repository/org/springframework/spring-jcl/5.2.20.RELEASE/spring-jcl-5.2.20.RELEASE.jar:/home/runner/.m2/repository/org/springframework/spring-tx/5.2.20.RELEASE/spring-tx-5.2.20.RELEASE.jar:/home/runner/.m2/repository/org/apache/ozone/ozone-client/1.3.0-SNAPSHOT/ozone-client-1.3.0-SNAPSHOT.jar:/home/runner/.m2/repository/org/apache/ozone/hdds-erasurecode/1.3.0-SNAPSHOT/hdds-erasurecode-1.3.0-SNAPSHOT.jar:/home/runner/.m2/repository/com/github/spotbugs/spotbugs-annotations/3.1.12/spotbugs-annotations-3.1.12.jar:/home/runner/.m2/repository/org/apache/ozone/ozone-filesystem/1.3.0-SNAPSHOT/ozone-filesystem-1.3.0-SNAPSHOT.jar:/home/runner/.m2/repository/org/apache/ozone/ozone-filesystem-common/1.3.0-SNAPSHOT/ozone-filesystem-common-1.3.0-SNAPSHOT.jar:/home/runner/.m2/repository/org/apache/ozone/ozone-tools/1.3.0-SNAPSHOT/ozone-tools-1.3.0-SNAPSHOT.jar:/home/runner/.m2/repository/org/apache/ratis/ratis-tools/2.3.0/ratis-tools-2.3.0.jar:/home/runner/.m2/repository/com/amazonaws/aws-java-sdk-core/1.12.261/aws-java-sdk-core-1.12.261.jar:/home/runner/.m2/repository/org/apache/httpcomponents/httpclient/4.5.13/httpclient-4.5.13.jar:/home/runner/.m2/repository/org/apache/httpcomponents/httpcore/4.4.13/httpcore-4.4.13.jar:/home/runner/.m2/repository/software/amazon/ion/ion-java/1.0.2/ion-java-1.0.2.jar:/home/runner/.m2/repository/com/fasterxml/jackson/dataformat/jackson-dataformat-cbor/2.13.2/jackson-dataformat-cbor-2.13.2.jar:/home/runner/.m2/repository/joda-time/joda-time/2.8.1/joda-time-2.8.1.jar:/home/runner/.m2/repository/com/amazonaws/aws-java-sdk-s3/1.12.261/aws-java-sdk-s3-1.12.261.jar:/home/runner/.m2/repository/com/amazonaws/aws-java-sdk-kms/1.12.261/aws-java-sdk-kms-1.12.261.jar:/home/runner/.m2/repository/com/amazonaws/jmespath-java/1.12.261/jmespath-java-1.12.261.jar:/home/runner/.m2/repository/org/kohsuke/metainf-services/metainf-services/1.8/metainf-services-1.8.jar:/home/runner/.m2/repository/org/apache/ozone/hdds-tools/1.3.0-SNAPSHOT/hdds-tools-1.3.0-SNAPSHOT.jar:/home/runner/.m2/repository/commons-cli/commons-cli/1.2/commons-cli-1.2.jar:/home/runner/.m2/repository/org/apache/commons/commons-lang3/3.7/commons-lang3-3.7.jar:/home/runner/.m2/repository/org/apache/ozone/ozone-manager/1.3.0-SNAPSHOT/ozone-manager-1.3.0-SNAPSHOT-tests.jar:/home/runner/.m2/repository/org/apache/ozone/hdds-common/1.3.0-SNAPSHOT/hdds-common-1.3.0-SNAPSHOT-tests.jar:/home/runner/.m2/repository/org/apache/ozone/hdds-hadoop-dependency-client/1.3.0-SNAPSHOT/hdds-hadoop-dependency-client-1.3.0-SNAPSHOT.jar:/home/runner/.m2/repository/info/picocli/picocli/4.6.1/picocli-4.6.1.jar:/home/runner/.m2/repository/com/fasterxml/jackson/core/jackson-annotations/2.13.2/jackson-annotations-2.13.2.jar:/home/runner/.m2/repository/com/fasterxml/jackson/datatype/jackson-datatype-jsr310/2.13.2/jackson-datatype-jsr310-2.13.2.jar:/home/runner/.m2/repository/javax/annotation/javax.annotation-api/1.2/javax.annotation-api-1.2.jar:/home/runner/.m2/repository/org/apache/ratis/ratis-server/2.3.0/ratis-server-2.3.0.jar:/home/runner/.m2/repository/org/apache/ratis/ratis-client/2.3.0/ratis-client-2.3.0.jar:/home/runner/.m2/repository/org/apache/ratis/ratis-server-api/2.3.0/ratis-server-api-2.3.0.jar:/home/runner/.m2/repository/org/apache/ratis/ratis-metrics/2.3.0/ratis-metrics-2.3.0.jar:/home/runner/.m2/repository/org/apache/ratis/ratis-netty/2.3.0/ratis-netty-2.3.0.jar:/home/runner/.m2/repository/org/apache/ratis/ratis-grpc/2.3.0/ratis-grpc-2.3.0.jar:/home/runner/.m2/repository/org/apache/logging/log4j/log4j-api/2.17.1/log4j-api-2.17.1.jar:/home/runner/.m2/repository/org/apache/commons/commons-pool2/2.6.0/commons-pool2-2.6.0.jar:/home/runner/.m2/repository/org/bouncycastle/bcpkix-jdk15on/1.67/bcpkix-jdk15on-1.67.jar:/home/runner/.m2/repository/commons-validator/commons-validator/1.6/commons-validator-1.6.jar:/home/runner/.m2/repository/commons-beanutils/commons-beanutils/1.9.4/commons-beanutils-1.9.4.jar:/home/runner/.m2/repository/commons-digester/commons-digester/1.8.1/commons-digester-1.8.1.jar:/home/runner/.m2/repository/commons-collections/commons-collections/3.2.2/commons-collections-3.2.2.jar:/home/runner/.m2/repository/io/jaegertracing/jaeger-client/1.6.0/jaeger-client-1.6.0.jar:/home/runner/.m2/repository/io/jaegertracing/jaeger-thrift/1.6.0/jaeger-thrift-1.6.0.jar:/home/runner/.m2/repository/org/apache/thrift/libthrift/0.14.1/libthrift-0.14.1.jar:/home/runner/.m2/repository/com/squareup/okhttp3/okhttp/4.9.0/okhttp-4.9.0.jar:/home/runner/.m2/repository/com/squareup/okio/okio/2.8.0/okio-2.8.0.jar:/home/runner/.m2/repository/io/jaegertracing/jaeger-core/1.6.0/jaeger-core-1.6.0.jar:/home/runner/.m2/repository/io/jaegertracing/jaeger-tracerresolver/1.6.0/jaeger-tracerresolver-1.6.0.jar:/home/runner/.m2/repository/io/opentracing/contrib/opentracing-tracerresolver/0.1.8/opentracing-tracerresolver-0.1.8.jar:/home/runner/.m2/repository/org/jetbrains/kotlin/kotlin-stdlib/1.6.21/kotlin-stdlib-1.6.21.jar:/home/runner/.m2/repository/org/jetbrains/kotlin/kotlin-stdlib-common/1.6.21/kotlin-stdlib-common-1.6.21.jar:/home/runner/.m2/repository/org/jetbrains/annotations/13.0/annotations-13.0.jar:/home/runner/.m2/repository/io/opentracing/opentracing-util/0.33.0/opentracing-util-0.33.0.jar:/home/runner/.m2/repository/io/opentracing/opentracing-api/0.33.0/opentracing-api-0.33.0.jar:/home/runner/.m2/repository/io/opentracing/opentracing-noop/0.33.0/opentracing-noop-0.33.0.jar:/home/runner/.m2/repository/org/yaml/snakeyaml/1.26/snakeyaml-1.26.jar:/home/runner/.m2/repository/org/apache/ozone/hdds-interface-admin/1.3.0-SNAPSHOT/hdds-interface-admin-1.3.0-SNAPSHOT.jar:/home/runner/.m2/repository/junit/junit/4.13.1/junit-4.13.1.jar:/home/runner/.m2/repository/org/hamcrest/hamcrest-core/1.3/hamcrest-core-1.3.jar:/home/runner/.m2/repository/org/junit/jupiter/junit-jupiter-api/5.8.2/junit-jupiter-api-5.8.2.jar:/home/runner/.m2/repository/org/opentest4j/opentest4j/1.2.0/opentest4j-1.2.0.jar:/home/runner/.m2/repository/org/junit/platform/junit-platform-commons/1.8.2/junit-platform-commons-1.8.2.jar:/home/runner/.m2/repository/org/apiguardian/apiguardian-api/1.1.2/apiguardian-api-1.1.2.jar:/home/runner/.m2/repository/org/junit/jupiter/junit-jupiter-params/5.8.2/junit-jupiter-params-5.8.2.jar:/home/runner/.m2/repository/org/junit/jupiter/junit-jupiter-migrationsupport/5.8.2/junit-jupiter-migrationsupport-5.8.2.jar:/home/runner/.m2/repository/org/junit/jupiter/junit-jupiter-engine/5.8.2/junit-jupiter-engine-5.8.2.jar:/home/runner/.m2/repository/org/junit/platform/junit-platform-engine/1.8.2/junit-platform-engine-1.8.2.jar:/home/runner/.m2/repository/org/junit/vintage/junit-vintage-engine/5.8.2/junit-vintage-engine-5.8.2.jar:/home/runner/.m2/repository/org/junit/platform/junit-platform-launcher/1.8.2/junit-platform-launcher-1.8.2.jar:/home/runner/.m2/repository/org/mockito/mockito-core/2.28.2/mockito-core-2.28.2.jar:/home/runner/.m2/repository/net/bytebuddy/byte-buddy/1.9.10/byte-buddy-1.9.10.jar:/home/runner/.m2/repository/net/bytebuddy/byte-buddy-agent/1.9.10/byte-buddy-agent-1.9.10.jar:/home/runner/.m2/repository/org/objenesis/objenesis/1.0/objenesis-1.0.jar:/home/runner/.m2/repository/org/apache/hadoop/hadoop-kms/3.3.1/hadoop-kms-3.3.1.jar:/home/runner/.m2/repository/org/apache/hadoop/hadoop-auth/3.3.1/hadoop-auth-3.3.1.jar:/home/runner/.m2/repository/com/nimbusds/nimbus-jose-jwt/7.9/nimbus-jose-jwt-7.9.jar:/home/runner/.m2/repository/com/github/stephenc/jcip/jcip-annotations/1.0-1/jcip-annotations-1.0-1.jar:/home/runner/.m2/repository/net/minidev/json-smart/2.4.7/json-smart-2.4.7.jar:/home/runner/.m2/repository/net/minidev/accessors-smart/2.4.7/accessors-smart-2.4.7.jar:/home/runner/.m2/repository/org/ow2/asm/asm/5.0.4/asm-5.0.4.jar:/home/runner/.m2/repository/org/apache/zookeeper/zookeeper/3.5.6/zookeeper-3.5.6.jar:/home/runner/.m2/repository/org/apache/zookeeper/zookeeper-jute/3.5.6/zookeeper-jute-3.5.6.jar:/home/runner/.m2/repository/org/apache/yetus/audience-annotations/0.5.0/audience-annotations-0.5.0.jar:/home/runner/.m2/repository/org/apache/curator/curator-framework/4.2.0/curator-framework-4.2.0.jar:/home/runner/.m2/repository/org/apache/hadoop/thirdparty/hadoop-shaded-guava/1.1.1/hadoop-shaded-guava-1.1.1.jar:/home/runner/.m2/repository/com/sun/jersey/jersey-core/1.19/jersey-core-1.19.jar:/home/runner/.m2/repository/javax/ws/rs/jsr311-api/1.1.1/jsr311-api-1.1.1.jar:/home/runner/.m2/repository/com/sun/jersey/jersey-server/1.19/jersey-server-1.19.jar:/home/runner/.m2/repository/javax/servlet/javax.servlet-api/3.1.0/javax.servlet-api-3.1.0.jar:/home/runner/.m2/repository/org/eclipse/jetty/jetty-server/9.4.43.v20210629/jetty-server-9.4.43.v20210629.jar:/home/runner/.m2/repository/org/eclipse/jetty/jetty-http/9.4.43.v20210629/jetty-http-9.4.43.v20210629.jar:/home/runner/.m2/repository/org/eclipse/jetty/jetty-io/9.4.43.v20210629/jetty-io-9.4.43.v20210629.jar:/home/runner/.m2/repository/org/eclipse/jetty/jetty-webapp/9.4.43.v20210629/jetty-webapp-9.4.43.v20210629.jar:/home/runner/.m2/repository/org/eclipse/jetty/jetty-xml/9.4.43.v20210629/jetty-xml-9.4.43.v20210629.jar:/home/runner/.m2/repository/org/apache/hadoop/hadoop-common/3.3.1/hadoop-common-3.3.1.jar:/home/runner/.m2/repository/org/apache/commons/commons-math3/3.1.1/commons-math3-3.1.1.jar:/home/runner/.m2/repository/commons-net/commons-net/3.6/commons-net-3.6.jar:/home/runner/.m2/repository/com/sun/jersey/jersey-servlet/1.19/jersey-servlet-1.19.jar:/home/runner/.m2/repository/com/sun/jersey/jersey-json/1.19/jersey-json-1.19.jar:/home/runner/.m2/repository/org/codehaus/jettison/jettison/1.1/jettison-1.1.jar:/home/runner/.m2/repository/com/sun/xml/bind/jaxb-impl/2.2.3-1/jaxb-impl-2.2.3-1.jar:/home/runner/.m2/repository/org/codehaus/jackson/jackson-xc/1.9.2/jackson-xc-1.9.2.jar:/home/runner/.m2/repository/org/apache/commons/commons-configuration2/2.1.1/commons-configuration2-2.1.1.jar:/home/runner/.m2/repository/org/apache/commons/commons-text/1.4/commons-text-1.4.jar:/home/runner/.m2/repository/com/google/re2j/re2j/1.1/re2j-1.1.jar:/home/runner/.m2/repository/com/jcraft/jsch/0.1.54/jsch-0.1.54.jar:/home/runner/.m2/repository/org/apache/curator/curator-client/4.2.0/curator-client-4.2.0.jar:/home/runner/.m2/repository/org/apache/curator/curator-recipes/4.2.0/curator-recipes-4.2.0.jar:/home/runner/.m2/repository/org/apache/kerby/kerb-core/1.0.1/kerb-core-1.0.1.jar:/home/runner/.m2/repository/org/apache/kerby/kerby-pkix/1.0.1/kerby-pkix-1.0.1.jar:/home/runner/.m2/repository/org/apache/kerby/kerby-asn1/1.0.1/kerby-asn1-1.0.1.jar:/home/runner/.m2/repository/org/apache/kerby/kerby-util/1.0.1/kerby-util-1.0.1.jar:/home/runner/.m2/repository/dnsjava/dnsjava/2.1.7/dnsjava-2.1.7.jar:/home/runner/.m2/repository/org/xerial/snappy/snappy-java/1.1.8.2/snappy-java-1.1.8.2.jar:/home/runner/.m2/repository/org/slf4j/jul-to-slf4j/1.7.30/jul-to-slf4j-1.7.30.jar:/home/runner/.m2/repository/org/eclipse/jetty/jetty-util/9.4.43.v20210629/jetty-util-9.4.43.v20210629.jar:/home/runner/.m2/repository/com/fasterxml/jackson/core/jackson-databind/2.13.2.2/jackson-databind-2.13.2.2.jar:/home/runner/.m2/repository/org/apache/hadoop/hadoop-kms/3.3.1/hadoop-kms-3.3.1-tests.jar:/home/runner/.m2/repository/org/apache/ozone/hdds-server-scm/1.3.0-SNAPSHOT/hdds-server-scm-1.3.0-SNAPSHOT-tests.jar:/home/runner/.m2/repository/org/apache/ozone/hdds-container-service/1.3.0-SNAPSHOT/hdds-container-service-1.3.0-SNAPSHOT-tests.jar:/home/runner/.m2/repository/commons-codec/commons-codec/1.11/commons-codec-1.11.jar:/home/runner/.m2/repository/io/netty/netty-codec/4.1.79.Final/netty-codec-4.1.79.Final.jar:/home/runner/.m2/repository/io/netty/netty-handler/4.1.79.Final/netty-handler-4.1.79.Final.jar:/home/runner/.m2/repository/org/apache/ozone/hdds-hadoop-dependency-test/1.3.0-SNAPSHOT/hdds-hadoop-dependency-test-1.3.0-SNAPSHOT.jar:/home/runner/.m2/repository/org/apache/hadoop/hadoop-common/3.3.1/hadoop-common-3.3.1-tests.jar:/home/runner/.m2/repository/org/assertj/assertj-core/3.12.2/assertj-core-3.12.2.jar:/home/runner/.m2/repository/org/apache/hadoop/hadoop-hdfs/3.3.1/hadoop-hdfs-3.3.1-tests.jar:/home/runner/.m2/repository/org/eclipse/jetty/jetty-util-ajax/9.4.43.v20210629/jetty-util-ajax-9.4.43.v20210629.jar:/home/runner/.m2/repository/commons-daemon/commons-daemon/1.0.13/commons-daemon-1.0.13.jar:/home/runner/.m2/repository/io/netty/netty/3.10.6.Final/netty-3.10.6.Final.jar:/home/runner/.m2/repository/io/netty/netty-all/4.1.79.Final/netty-all-4.1.79.Final.jar:/home/runner/.m2/repository/io/netty/netty-codec-dns/4.1.79.Final/netty-codec-dns-4.1.79.Final.jar:/home/runner/.m2/repository/io/netty/netty-codec-haproxy/4.1.79.Final/netty-codec-haproxy-4.1.79.Final.jar:/home/runner/.m2/repository/io/netty/netty-codec-memcache/4.1.79.Final/netty-codec-memcache-4.1.79.Final.jar:/home/runner/.m2/repository/io/netty/netty-codec-mqtt/4.1.79.Final/netty-codec-mqtt-4.1.79.Final.jar:/home/runner/.m2/repository/io/netty/netty-codec-redis/4.1.79.Final/netty-codec-redis-4.1.79.Final.jar:/home/runner/.m2/repository/io/netty/netty-codec-smtp/4.1.79.Final/netty-codec-smtp-4.1.79.Final.jar:/home/runner/.m2/repository/io/netty/netty-codec-stomp/4.1.79.Final/netty-codec-stomp-4.1.79.Final.jar:/home/runner/.m2/repository/io/netty/netty-codec-xml/4.1.79.Final/netty-codec-xml-4.1.79.Final.jar:/home/runner/.m2/repository/io/netty/netty-resolver-dns/4.1.79.Final/netty-resolver-dns-4.1.79.Final.jar:/home/runner/.m2/repository/io/netty/netty-transport-rxtx/4.1.79.Final/netty-transport-rxtx-4.1.79.Final.jar:/home/runner/.m2/repository/io/netty/netty-transport-sctp/4.1.79.Final/netty-transport-sctp-4.1.79.Final.jar:/home/runner/.m2/repository/io/netty/netty-transport-udt/4.1.79.Final/netty-transport-udt-4.1.79.Final.jar:/home/runner/.m2/repository/io/netty/netty-transport-classes-kqueue/4.1.79.Final/netty-transport-classes-kqueue-4.1.79.Final.jar:/home/runner/.m2/repository/io/netty/netty-resolver-dns-classes-macos/4.1.79.Final/netty-resolver-dns-classes-macos-4.1.79.Final.jar:/home/runner/.m2/repository/io/netty/netty-transport-native-epoll/4.1.79.Final/netty-transport-native-epoll-4.1.79.Final-linux-aarch_64.jar:/home/runner/.m2/repository/io/netty/netty-transport-native-kqueue/4.1.79.Final/netty-transport-native-kqueue-4.1.79.Final-osx-x86_64.jar:/home/runner/.m2/repository/io/netty/netty-transport-native-kqueue/4.1.79.Final/netty-transport-native-kqueue-4.1.79.Final-osx-aarch_64.jar:/home/runner/.m2/repository/io/netty/netty-resolver-dns-native-macos/4.1.79.Final/netty-resolver-dns-native-macos-4.1.79.Final-osx-x86_64.jar:/home/runner/.m2/repository/io/netty/netty-resolver-dns-native-macos/4.1.79.Final/netty-resolver-dns-native-macos-4.1.79.Final-osx-aarch_64.jar:/home/runner/.m2/repository/org/apache/htrace/htrace-core4/4.1.0-incubating/htrace-core4-4.1.0-incubating.jar:/home/runner/.m2/repository/org/fusesource/leveldbjni/leveldbjni-all/1.8/leveldbjni-all-1.8.jar:/home/runner/.m2/repository/org/apache/hadoop/hadoop-distcp/3.3.1/hadoop-distcp-3.3.1.jar:/home/runner/.m2/repository/org/apache/hadoop/hadoop-mapreduce-client-jobclient/3.3.1/hadoop-mapreduce-client-jobclient-3.3.1.jar:/home/runner/.m2/repository/org/apache/hadoop/hadoop-mapreduce-client-common/3.3.1/hadoop-mapreduce-client-common-3.3.1.jar:/home/runner/.m2/repository/org/apache/hadoop/hadoop-yarn-common/3.3.1/hadoop-yarn-common-3.3.1.jar:/home/runner/.m2/repository/org/apache/hadoop/hadoop-yarn-api/3.3.1/hadoop-yarn-api-3.3.1.jar:/home/runner/.m2/repository/com/sun/jersey/contribs/jersey-guice/1.19/jersey-guice-1.19.jar:/home/runner/.m2/repository/com/fasterxml/jackson/jaxrs/jackson-jaxrs-json-provider/2.13.2/jackson-jaxrs-json-provider-2.13.2.jar:/home/runner/.m2/repository/com/fasterxml/jackson/jaxrs/jackson-jaxrs-base/2.13.2/jackson-jaxrs-base-2.13.2.jar:/home/runner/.m2/repository/org/apache/hadoop/hadoop-yarn-client/3.3.1/hadoop-yarn-client-3.3.1.jar:/home/runner/.m2/repository/org/eclipse/jetty/websocket/websocket-client/9.4.40.v20210413/websocket-client-9.4.40.v20210413.jar:/home/runner/.m2/repository/org/eclipse/jetty/websocket/websocket-common/9.4.40.v20210413/websocket-common-9.4.40.v20210413.jar:/home/runner/.m2/repository/org/eclipse/jetty/websocket/websocket-api/9.4.40.v20210413/websocket-api-9.4.40.v20210413.jar:/home/runner/.m2/repository/org/jline/jline/3.9.0/jline-3.9.0.jar:/home/runner/.m2/repository/org/apache/hadoop/hadoop-mapreduce-client-core/3.3.1/hadoop-mapreduce-client-core-3.3.1.jar:/home/runner/.m2/repository/org/apache/avro/avro/1.7.7/avro-1.7.7.jar:/home/runner/.m2/repository/org/codehaus/jackson/jackson-core-asl/1.9.13/jackson-core-asl-1.9.13.jar:/home/runner/.m2/repository/org/codehaus/jackson/jackson-mapper-asl/1.9.13/jackson-mapper-asl-1.9.13.jar:/home/runner/.m2/repository/com/thoughtworks/paranamer/paranamer/2.3/paranamer-2.3.jar:/home/runner/.m2/repository/org/apache/hadoop/hadoop-annotations/3.3.1/hadoop-annotations-3.3.1.jar:/usr/lib/jvm/temurin-8-jdk-amd64/jre/../lib/tools.jar:/home/runner/.m2/repository/org/apache/hadoop/hadoop-distcp/3.3.1/hadoop-distcp-3.3.1-tests.jar:/home/runner/.m2/repository/org/apache/ratis/ratis-common/2.3.0/ratis-common-2.3.0.jar:/home/runner/.m2/repository/org/apache/ratis/ratis-thirdparty-misc/1.0.0/ratis-thirdparty-misc-1.0.0.jar:/home/runner/.m2/repository/org/apache/ratis/ratis-proto/2.3.0/ratis-proto-2.3.0.jar:/home/runner/.m2/repository/org/apache/ozone/ozone-annotation-processing/1.3.0-SNAPSHOT/ozone-annotation-processing-1.3.0-SNAPSHOT.jar:"/>
    <property name="java.vm.vendor" value="Temurin"/>
    <property name="sun.arch.data.model" value="64"/>
    <property name="test.build.dir" value="/home/runner/work/ozone/ozone/hadoop-ozone/integration-test/target/test-dir"/>
    <property name="test.cache.data" value=""/>
    <property name="java.vendor.url" value="https://adoptium.net/"/>
    <property name="user.timezone" value="Etc/UTC"/>
    <property name="java.vm.specification.version" value="1.8"/>
    <property name="os.name" value="Linux"/>
    <property name="test.build.data" value="/home/runner/work/ozone/ozone/hadoop-ozone/integration-test/target/test-dir"/>
    <property name="sun.java.launcher" value="SUN_STANDARD"/>
    <property name="sun.boot.library.path" value="/usr/lib/jvm/temurin-8-jdk-amd64/jre/lib/amd64"/>
    <property name="sun.java.command" value="/home/runner/work/ozone/ozone/hadoop-ozone/integration-test/target/surefire/surefirebooter8182844771327416747.jar /home/runner/work/ozone/ozone/hadoop-ozone/integration-test/target/surefire 2022-08-14T00-57-28_586-jvmRun1 surefire3321748919601555663tmp surefire_427222600584055128609tmp"/>
    <property name="surefire.test.class.path" value="/home/runner/work/ozone/ozone/hadoop-ozone/integration-test/target/test-classes:/home/runner/work/ozone/ozone/hadoop-ozone/integration-test/target/classes:/home/runner/.m2/repository/org/apache/ozone/ozone-common/1.3.0-SNAPSHOT/ozone-common-1.3.0-SNAPSHOT.jar:/home/runner/.m2/repository/io/grpc/grpc-netty/1.48.1/grpc-netty-1.48.1.jar:/home/runner/.m2/repository/io/grpc/grpc-core/1.48.1/grpc-core-1.48.1.jar:/home/runner/.m2/repository/com/google/android/annotations/4.1.1.4/annotations-4.1.1.4.jar:/home/runner/.m2/repository/org/codehaus/mojo/animal-sniffer-annotations/1.21/animal-sniffer-annotations-1.21.jar:/home/runner/.m2/repository/com/google/errorprone/error_prone_annotations/2.2.0/error_prone_annotations-2.2.0.jar:/home/runner/.m2/repository/io/perfmark/perfmark-api/0.25.0/perfmark-api-0.25.0.jar:/home/runner/.m2/repository/io/netty/netty-codec-http2/4.1.79.Final/netty-codec-http2-4.1.79.Final.jar:/home/runner/.m2/repository/io/netty/netty-common/4.1.79.Final/netty-common-4.1.79.Final.jar:/home/runner/.m2/repository/io/netty/netty-buffer/4.1.79.Final/netty-buffer-4.1.79.Final.jar:/home/runner/.m2/repository/io/netty/netty-codec-http/4.1.79.Final/netty-codec-http-4.1.79.Final.jar:/home/runner/.m2/repository/io/netty/netty-handler-proxy/4.1.79.Final/netty-handler-proxy-4.1.79.Final.jar:/home/runner/.m2/repository/io/netty/netty-codec-socks/4.1.79.Final/netty-codec-socks-4.1.79.Final.jar:/home/runner/.m2/repository/io/netty/netty-tcnative-boringssl-static/2.0.53.Final/netty-tcnative-boringssl-static-2.0.53.Final.jar:/home/runner/.m2/repository/io/netty/netty-tcnative-classes/2.0.53.Final/netty-tcnative-classes-2.0.53.Final.jar:/home/runner/.m2/repository/io/netty/netty-tcnative-boringssl-static/2.0.53.Final/netty-tcnative-boringssl-static-2.0.53.Final-linux-x86_64.jar:/home/runner/.m2/repository/io/netty/netty-tcnative-boringssl-static/2.0.53.Final/netty-tcnative-boringssl-static-2.0.53.Final-linux-aarch_64.jar:/home/runner/.m2/repository/io/netty/netty-tcnative-boringssl-static/2.0.53.Final/netty-tcnative-boringssl-static-2.0.53.Final-osx-x86_64.jar:/home/runner/.m2/repository/io/netty/netty-tcnative-boringssl-static/2.0.53.Final/netty-tcnative-boringssl-static-2.0.53.Final-osx-aarch_64.jar:/home/runner/.m2/repository/io/netty/netty-tcnative-boringssl-static/2.0.53.Final/netty-tcnative-boringssl-static-2.0.53.Final-windows-x86_64.jar:/home/runner/.m2/repository/org/apache/commons/commons-compress/1.21/commons-compress-1.21.jar:/home/runner/.m2/repository/org/apache/ozone/hdds-common/1.3.0-SNAPSHOT/hdds-common-1.3.0-SNAPSHOT.jar:/home/runner/.m2/repository/org/apache/ozone/hdds-client/1.3.0-SNAPSHOT/hdds-client-1.3.0-SNAPSHOT.jar:/home/runner/.m2/repository/org/apache/ozone/ozone-interface-client/1.3.0-SNAPSHOT/ozone-interface-client-1.3.0-SNAPSHOT.jar:/home/runner/.m2/repository/org/apache/ozone/hdds-test-utils/1.3.0-SNAPSHOT/hdds-test-utils-1.3.0-SNAPSHOT.jar:/home/runner/.m2/repository/com/google/guava/guava/31.1-jre/guava-31.1-jre.jar:/home/runner/.m2/repository/com/google/guava/failureaccess/1.0.1/failureaccess-1.0.1.jar:/home/runner/.m2/repository/com/google/guava/listenablefuture/9999.0-empty-to-avoid-conflict-with-guava/listenablefuture-9999.0-empty-to-avoid-conflict-with-guava.jar:/home/runner/.m2/repository/com/google/code/findbugs/jsr305/3.0.0/jsr305-3.0.0.jar:/home/runner/.m2/repository/org/checkerframework/checker-qual/3.12.0/checker-qual-3.12.0.jar:/home/runner/.m2/repository/com/google/j2objc/j2objc-annotations/1.3/j2objc-annotations-1.3.jar:/home/runner/.m2/repository/commons-io/commons-io/2.11.0/commons-io-2.11.0.jar:/home/runner/.m2/repository/commons-logging/commons-logging/1.2/commons-logging-1.2.jar:/home/runner/.m2/repository/log4j/log4j/1.2.17/log4j-1.2.17.jar:/home/runner/.m2/repository/org/slf4j/slf4j-api/1.7.30/slf4j-api-1.7.30.jar:/home/runner/.m2/repository/org/apache/ozone/hdds-server-scm/1.3.0-SNAPSHOT/hdds-server-scm-1.3.0-SNAPSHOT.jar:/home/runner/.m2/repository/org/apache/ozone/hdds-container-service/1.3.0-SNAPSHOT/hdds-container-service-1.3.0-SNAPSHOT.jar:/home/runner/.m2/repository/org/apache/ozone/hdds-hadoop-dependency-server/1.3.0-SNAPSHOT/hdds-hadoop-dependency-server-1.3.0-SNAPSHOT.jar:/home/runner/.m2/repository/org/apache/hadoop/hadoop-hdfs/3.3.1/hadoop-hdfs-3.3.1.jar:/home/runner/.m2/repository/org/apache/ozone/hdds-server-framework/1.3.0-SNAPSHOT/hdds-server-framework-1.3.0-SNAPSHOT.jar:/home/runner/.m2/repository/org/apache/ozone/hdds-interface-server/1.3.0-SNAPSHOT/hdds-interface-server-1.3.0-SNAPSHOT.jar:/home/runner/.m2/repository/org/apache/logging/log4j/log4j-core/2.17.1/log4j-core-2.17.1.jar:/home/runner/.m2/repository/com/lmax/disruptor/3.4.2/disruptor-3.4.2.jar:/home/runner/.m2/repository/org/eclipse/jetty/jetty-servlet/9.4.43.v20210629/jetty-servlet-9.4.43.v20210629.jar:/home/runner/.m2/repository/org/eclipse/jetty/jetty-security/9.4.43.v20210629/jetty-security-9.4.43.v20210629.jar:/home/runner/.m2/repository/org/rocksdb/rocksdbjni/6.29.5/rocksdbjni-6.29.5.jar:/home/runner/.m2/repository/io/prometheus/simpleclient_dropwizard/0.7.0/simpleclient_dropwizard-0.7.0.jar:/home/runner/.m2/repository/io/prometheus/simpleclient/0.7.0/simpleclient-0.7.0.jar:/home/runner/.m2/repository/io/prometheus/simpleclient_common/0.7.0/simpleclient_common-0.7.0.jar:/home/runner/.m2/repository/io/dropwizard/metrics/metrics-core/3.2.4/metrics-core-3.2.4.jar:/home/runner/.m2/repository/org/apache/hadoop/hadoop-hdfs-client/3.3.1/hadoop-hdfs-client-3.3.1.jar:/home/runner/.m2/repository/org/bouncycastle/bcprov-jdk15on/1.67/bcprov-jdk15on-1.67.jar:/home/runner/.m2/repository/com/google/protobuf/protobuf-java/2.5.0/protobuf-java-2.5.0.jar:/home/runner/.m2/repository/org/apache/ozone/ozone-manager/1.3.0-SNAPSHOT/ozone-manager-1.3.0-SNAPSHOT.jar:/home/runner/.m2/repository/org/aspectj/aspectjrt/1.9.7/aspectjrt-1.9.7.jar:/home/runner/.m2/repository/org/aspectj/aspectjweaver/1.9.7/aspectjweaver-1.9.7.jar:/home/runner/.m2/repository/org/apache/ozone/hdds-interface-client/1.3.0-SNAPSHOT/hdds-interface-client-1.3.0-SNAPSHOT.jar:/home/runner/.m2/repository/org/apache/hadoop/thirdparty/hadoop-shaded-protobuf_3_7/1.1.1/hadoop-shaded-protobuf_3_7-1.1.1.jar:/home/runner/.m2/repository/org/apache/ozone/ozone-interface-storage/1.3.0-SNAPSHOT/ozone-interface-storage-1.3.0-SNAPSHOT.jar:/home/runner/.m2/repository/org/reflections/reflections/0.9.11/reflections-0.9.11.jar:/home/runner/.m2/repository/com/sun/jersey/jersey-client/1.19/jersey-client-1.19.jar:/home/runner/.m2/repository/org/apache/ranger/ranger-intg/2.3.0/ranger-intg-2.3.0.jar:/home/runner/.m2/repository/org/apache/ranger/ranger-plugins-common/2.3.0/ranger-plugins-common-2.3.0.jar:/home/runner/.m2/repository/commons-lang/commons-lang/2.6/commons-lang-2.6.jar:/home/runner/.m2/repository/org/codehaus/jackson/jackson-jaxrs/1.9.13/jackson-jaxrs-1.9.13.jar:/home/runner/.m2/repository/org/apache/ranger/ranger-plugins-cred/2.3.0/ranger-plugins-cred-2.3.0.jar:/home/runner/.m2/repository/org/apache/ranger/ranger-plugins-audit/2.3.0/ranger-plugins-audit-2.3.0.jar:/home/runner/.m2/repository/org/apache/kafka/kafka-clients/2.8.1/kafka-clients-2.8.1.jar:/home/runner/.m2/repository/com/github/luben/zstd-jni/1.4.9-1/zstd-jni-1.4.9-1.jar:/home/runner/.m2/repository/org/apache/solr/solr-solrj/8.6.3/solr-solrj-8.6.3.jar:/home/runner/.m2/repository/org/slf4j/jcl-over-slf4j/1.7.24/jcl-over-slf4j-1.7.24.jar:/home/runner/.m2/repository/org/eclipse/jetty/jetty-client/9.4.31.v20200723/jetty-client-9.4.31.v20200723.jar:/home/runner/.m2/repository/org/apache/httpcomponents/httpmime/4.5.6/httpmime-4.5.6.jar:/home/runner/.m2/repository/org/apache/httpcomponents/httpcore-nio/4.4.6/httpcore-nio-4.4.6.jar:/home/runner/.m2/repository/org/apache/httpcomponents/httpasyncclient/4.1.3/httpasyncclient-4.1.3.jar:/home/runner/.m2/repository/com/carrotsearch/hppc/0.8.0/hppc-0.8.0.jar:/home/runner/.m2/repository/org/apache/hive/hive-storage-api/2.7.2/hive-storage-api-2.7.2.jar:/home/runner/.m2/repository/org/apache/orc/orc-core/1.5.8/orc-core-1.5.8.jar:/home/runner/.m2/repository/com/amazonaws/aws-java-sdk-bundle/1.12.125/aws-java-sdk-bundle-1.12.125.jar:/home/runner/.m2/repository/net/java/dev/jna/jna/5.2.0/jna-5.2.0.jar:/home/runner/.m2/repository/net/java/dev/jna/jna-platform/5.2.0/jna-platform-5.2.0.jar:/home/runner/.m2/repository/com/kstruct/gethostname4j/0.0.2/gethostname4j-0.0.2.jar:/home/runner/.m2/repository/org/apache/ranger/ranger-plugin-classloader/2.3.0/ranger-plugin-classloader-2.3.0.jar:/home/runner/.m2/repository/org/apache/hadoop/hadoop-minikdc/3.3.1/hadoop-minikdc-3.3.1.jar:/home/runner/.m2/repository/org/apache/kerby/kerb-simplekdc/1.0.1/kerb-simplekdc-1.0.1.jar:/home/runner/.m2/repository/org/apache/kerby/kerb-client/1.0.1/kerb-client-1.0.1.jar:/home/runner/.m2/repository/org/apache/kerby/kerby-config/1.0.1/kerby-config-1.0.1.jar:/home/runner/.m2/repository/org/apache/kerby/kerb-common/1.0.1/kerb-common-1.0.1.jar:/home/runner/.m2/repository/org/apache/kerby/kerb-crypto/1.0.1/kerb-crypto-1.0.1.jar:/home/runner/.m2/repository/org/apache/kerby/kerb-util/1.0.1/kerb-util-1.0.1.jar:/home/runner/.m2/repository/org/apache/kerby/token-provider/1.0.1/token-provider-1.0.1.jar:/home/runner/.m2/repository/org/apache/kerby/kerb-admin/1.0.1/kerb-admin-1.0.1.jar:/home/runner/.m2/repository/org/apache/kerby/kerb-server/1.0.1/kerb-server-1.0.1.jar:/home/runner/.m2/repository/org/apache/kerby/kerb-identity/1.0.1/kerb-identity-1.0.1.jar:/home/runner/.m2/repository/org/apache/kerby/kerby-xdr/1.0.1/kerby-xdr-1.0.1.jar:/home/runner/.m2/repository/org/slf4j/slf4j-log4j12/1.7.30/slf4j-log4j12-1.7.30.jar:/home/runner/.m2/repository/org/apache/ozone/ozone-s3gateway/1.3.0-SNAPSHOT/ozone-s3gateway-1.3.0-SNAPSHOT.jar:/home/runner/.m2/repository/org/javassist/javassist/3.21.0-GA/javassist-3.21.0-GA.jar:/home/runner/.m2/repository/org/jboss/weld/servlet/weld-servlet/2.4.7.Final/weld-servlet-2.4.7.Final.jar:/home/runner/.m2/repository/org/glassfish/jersey/containers/jersey-container-servlet-core/2.33/jersey-container-servlet-core-2.33.jar:/home/runner/.m2/repository/org/glassfish/hk2/external/jakarta.inject/2.6.1/jakarta.inject-2.6.1.jar:/home/runner/.m2/repository/org/glassfish/jersey/core/jersey-common/2.33/jersey-common-2.33.jar:/home/runner/.m2/repository/jakarta/ws/rs/jakarta.ws.rs-api/2.1.6/jakarta.ws.rs-api-2.1.6.jar:/home/runner/.m2/repository/org/glassfish/jersey/ext/cdi/jersey-cdi1x/2.33/jersey-cdi1x-2.33.jar:/home/runner/.m2/repository/org/glassfish/jersey/inject/jersey-hk2/2.33/jersey-hk2-2.33.jar:/home/runner/.m2/repository/org/glassfish/hk2/hk2-locator/2.6.1/hk2-locator-2.6.1.jar:/home/runner/.m2/repository/org/glassfish/jersey/media/jersey-media-jaxb/2.33/jersey-media-jaxb-2.33.jar:/home/runner/.m2/repository/org/glassfish/hk2/osgi-resource-locator/1.0.3/osgi-resource-locator-1.0.3.jar:/home/runner/.m2/repository/org/glassfish/hk2/hk2-api/2.5.0/hk2-api-2.5.0.jar:/home/runner/.m2/repository/org/glassfish/hk2/hk2-utils/2.5.0/hk2-utils-2.5.0.jar:/home/runner/.m2/repository/org/glassfish/hk2/external/aopalliance-repackaged/2.5.0/aopalliance-repackaged-2.5.0.jar:/home/runner/.m2/repository/com/fasterxml/jackson/dataformat/jackson-dataformat-xml/2.13.2/jackson-dataformat-xml-2.13.2.jar:/home/runner/.m2/repository/com/fasterxml/jackson/core/jackson-core/2.13.2/jackson-core-2.13.2.jar:/home/runner/.m2/repository/org/codehaus/woodstox/stax2-api/3.1.4/stax2-api-3.1.4.jar:/home/runner/.m2/repository/com/fasterxml/woodstox/woodstox-core/5.0.3/woodstox-core-5.0.3.jar:/home/runner/.m2/repository/com/fasterxml/jackson/module/jackson-module-jaxb-annotations/2.13.2/jackson-module-jaxb-annotations-2.13.2.jar:/home/runner/.m2/repository/jakarta/xml/bind/jakarta.xml.bind-api/2.3.3/jakarta.xml.bind-api-2.3.3.jar:/home/runner/.m2/repository/jakarta/activation/jakarta.activation-api/1.2.1/jakarta.activation-api-1.2.1.jar:/home/runner/.m2/repository/javax/enterprise/cdi-api/1.2/cdi-api-1.2.jar:/home/runner/.m2/repository/javax/el/javax.el-api/3.0.0/javax.el-api-3.0.0.jar:/home/runner/.m2/repository/javax/interceptor/javax.interceptor-api/1.2/javax.interceptor-api-1.2.jar:/home/runner/.m2/repository/javax/inject/javax.inject/1/javax.inject-1.jar:/home/runner/.m2/repository/javax/xml/bind/jaxb-api/2.3.0/jaxb-api-2.3.0.jar:/home/runner/.m2/repository/org/glassfish/jaxb/jaxb-runtime/2.3.0.1/jaxb-runtime-2.3.0.1.jar:/home/runner/.m2/repository/org/glassfish/jaxb/jaxb-core/2.3.0.1/jaxb-core-2.3.0.1.jar:/home/runner/.m2/repository/org/glassfish/jaxb/txw2/2.3.0.1/txw2-2.3.0.1.jar:/home/runner/.m2/repository/com/sun/istack/istack-commons-runtime/3.0.5/istack-commons-runtime-3.0.5.jar:/home/runner/.m2/repository/org/jvnet/staxex/stax-ex/1.7.8/stax-ex-1.7.8.jar:/home/runner/.m2/repository/com/sun/xml/fastinfoset/FastInfoset/1.2.13/FastInfoset-1.2.13.jar:/home/runner/.m2/repository/javax/activation/activation/1.1.1/activation-1.1.1.jar:/home/runner/.m2/repository/io/grpc/grpc-protobuf/1.48.1/grpc-protobuf-1.48.1.jar:/home/runner/.m2/repository/io/grpc/grpc-api/1.48.1/grpc-api-1.48.1.jar:/home/runner/.m2/repository/io/grpc/grpc-context/1.48.1/grpc-context-1.48.1.jar:/home/runner/.m2/repository/com/google/api/grpc/proto-google-common-protos/2.9.0/proto-google-common-protos-2.9.0.jar:/home/runner/.m2/repository/io/grpc/grpc-protobuf-lite/1.48.1/grpc-protobuf-lite-1.48.1.jar:/home/runner/.m2/repository/io/grpc/grpc-stub/1.48.1/grpc-stub-1.48.1.jar:/home/runner/.m2/repository/io/netty/netty-transport/4.1.79.Final/netty-transport-4.1.79.Final.jar:/home/runner/.m2/repository/io/netty/netty-resolver/4.1.79.Final/netty-resolver-4.1.79.Final.jar:/home/runner/.m2/repository/org/apache/ozone/ozone-csi/1.3.0-SNAPSHOT/ozone-csi-1.3.0-SNAPSHOT.jar:/home/runner/.m2/repository/com/google/protobuf/protobuf-java-util/3.19.2/protobuf-java-util-3.19.2.jar:/home/runner/.m2/repository/com/google/code/gson/gson/2.9.0/gson-2.9.0.jar:/home/runner/.m2/repository/org/apache/ozone/hdds-config/1.3.0-SNAPSHOT/hdds-config-1.3.0-SNAPSHOT.jar:/home/runner/.m2/repository/io/netty/netty-transport-native-epoll/4.1.79.Final/netty-transport-native-epoll-4.1.79.Final-linux-x86_64.jar:/home/runner/.m2/repository/io/netty/netty-transport-classes-epoll/4.1.79.Final/netty-transport-classes-epoll-4.1.79.Final.jar:/home/runner/.m2/repository/io/netty/netty-transport-native-unix-common/4.1.79.Final/netty-transport-native-unix-common-4.1.79.Final.jar:/home/runner/.m2/repository/org/apache/ozone/ozone-recon/1.3.0-SNAPSHOT/ozone-recon-1.3.0-SNAPSHOT.jar:/home/runner/.m2/repository/org/apache/ozone/ozone-reconcodegen/1.3.0-SNAPSHOT/ozone-reconcodegen-1.3.0-SNAPSHOT.jar:/home/runner/.m2/repository/com/google/inject/extensions/guice-multibindings/4.0/guice-multibindings-4.0.jar:/home/runner/.m2/repository/com/google/inject/guice/4.0/guice-4.0.jar:/home/runner/.m2/repository/aopalliance/aopalliance/1.0/aopalliance-1.0.jar:/home/runner/.m2/repository/com/google/inject/extensions/guice-assistedinject/4.0/guice-assistedinject-4.0.jar:/home/runner/.m2/repository/com/google/inject/extensions/guice-servlet/4.0/guice-servlet-4.0.jar:/home/runner/.m2/repository/org/glassfish/jersey/containers/jersey-container-servlet/2.33/jersey-container-servlet-2.33.jar:/home/runner/.m2/repository/org/glassfish/hk2/guice-bridge/2.5.0/guice-bridge-2.5.0.jar:/home/runner/.m2/repository/org/glassfish/jersey/core/jersey-server/2.33/jersey-server-2.33.jar:/home/runner/.m2/repository/org/glassfish/jersey/core/jersey-client/2.33/jersey-client-2.33.jar:/home/runner/.m2/repository/jakarta/annotation/jakarta.annotation-api/1.3.5/jakarta.annotation-api-1.3.5.jar:/home/runner/.m2/repository/jakarta/validation/jakarta.validation-api/2.0.2/jakarta.validation-api-2.0.2.jar:/home/runner/.m2/repository/org/glassfish/jersey/media/jersey-media-json-jackson/2.33/jersey-media-json-jackson-2.33.jar:/home/runner/.m2/repository/org/glassfish/jersey/ext/jersey-entity-filtering/2.33/jersey-entity-filtering-2.33.jar:/home/runner/.m2/repository/org/jooq/jooq/3.11.10/jooq-3.11.10.jar:/home/runner/.m2/repository/org/jooq/jooq-meta/3.11.10/jooq-meta-3.11.10.jar:/home/runner/.m2/repository/org/jooq/jooq-codegen/3.11.10/jooq-codegen-3.11.10.jar:/home/runner/.m2/repository/com/jolbox/bonecp/0.8.0.RELEASE/bonecp-0.8.0.RELEASE.jar:/home/runner/.m2/repository/org/apache/derby/derby/10.14.2.0/derby-10.14.2.0.jar:/home/runner/.m2/repository/org/xerial/sqlite-jdbc/3.25.2/sqlite-jdbc-3.25.2.jar:/home/runner/.m2/repository/org/springframework/spring-jdbc/5.2.20.RELEASE/spring-jdbc-5.2.20.RELEASE.jar:/home/runner/.m2/repository/org/springframework/spring-beans/5.2.20.RELEASE/spring-beans-5.2.20.RELEASE.jar:/home/runner/.m2/repository/org/springframework/spring-core/5.2.20.RELEASE/spring-core-5.2.20.RELEASE.jar:/home/runner/.m2/repository/org/springframework/spring-jcl/5.2.20.RELEASE/spring-jcl-5.2.20.RELEASE.jar:/home/runner/.m2/repository/org/springframework/spring-tx/5.2.20.RELEASE/spring-tx-5.2.20.RELEASE.jar:/home/runner/.m2/repository/org/apache/ozone/ozone-client/1.3.0-SNAPSHOT/ozone-client-1.3.0-SNAPSHOT.jar:/home/runner/.m2/repository/org/apache/ozone/hdds-erasurecode/1.3.0-SNAPSHOT/hdds-erasurecode-1.3.0-SNAPSHOT.jar:/home/runner/.m2/repository/com/github/spotbugs/spotbugs-annotations/3.1.12/spotbugs-annotations-3.1.12.jar:/home/runner/.m2/repository/org/apache/ozone/ozone-filesystem/1.3.0-SNAPSHOT/ozone-filesystem-1.3.0-SNAPSHOT.jar:/home/runner/.m2/repository/org/apache/ozone/ozone-filesystem-common/1.3.0-SNAPSHOT/ozone-filesystem-common-1.3.0-SNAPSHOT.jar:/home/runner/.m2/repository/org/apache/ozone/ozone-tools/1.3.0-SNAPSHOT/ozone-tools-1.3.0-SNAPSHOT.jar:/home/runner/.m2/repository/org/apache/ratis/ratis-tools/2.3.0/ratis-tools-2.3.0.jar:/home/runner/.m2/repository/com/amazonaws/aws-java-sdk-core/1.12.261/aws-java-sdk-core-1.12.261.jar:/home/runner/.m2/repository/org/apache/httpcomponents/httpclient/4.5.13/httpclient-4.5.13.jar:/home/runner/.m2/repository/org/apache/httpcomponents/httpcore/4.4.13/httpcore-4.4.13.jar:/home/runner/.m2/repository/software/amazon/ion/ion-java/1.0.2/ion-java-1.0.2.jar:/home/runner/.m2/repository/com/fasterxml/jackson/dataformat/jackson-dataformat-cbor/2.13.2/jackson-dataformat-cbor-2.13.2.jar:/home/runner/.m2/repository/joda-time/joda-time/2.8.1/joda-time-2.8.1.jar:/home/runner/.m2/repository/com/amazonaws/aws-java-sdk-s3/1.12.261/aws-java-sdk-s3-1.12.261.jar:/home/runner/.m2/repository/com/amazonaws/aws-java-sdk-kms/1.12.261/aws-java-sdk-kms-1.12.261.jar:/home/runner/.m2/repository/com/amazonaws/jmespath-java/1.12.261/jmespath-java-1.12.261.jar:/home/runner/.m2/repository/org/kohsuke/metainf-services/metainf-services/1.8/metainf-services-1.8.jar:/home/runner/.m2/repository/org/apache/ozone/hdds-tools/1.3.0-SNAPSHOT/hdds-tools-1.3.0-SNAPSHOT.jar:/home/runner/.m2/repository/commons-cli/commons-cli/1.2/commons-cli-1.2.jar:/home/runner/.m2/repository/org/apache/commons/commons-lang3/3.7/commons-lang3-3.7.jar:/home/runner/.m2/repository/org/apache/ozone/ozone-manager/1.3.0-SNAPSHOT/ozone-manager-1.3.0-SNAPSHOT-tests.jar:/home/runner/.m2/repository/org/apache/ozone/hdds-common/1.3.0-SNAPSHOT/hdds-common-1.3.0-SNAPSHOT-tests.jar:/home/runner/.m2/repository/org/apache/ozone/hdds-hadoop-dependency-client/1.3.0-SNAPSHOT/hdds-hadoop-dependency-client-1.3.0-SNAPSHOT.jar:/home/runner/.m2/repository/info/picocli/picocli/4.6.1/picocli-4.6.1.jar:/home/runner/.m2/repository/com/fasterxml/jackson/core/jackson-annotations/2.13.2/jackson-annotations-2.13.2.jar:/home/runner/.m2/repository/com/fasterxml/jackson/datatype/jackson-datatype-jsr310/2.13.2/jackson-datatype-jsr310-2.13.2.jar:/home/runner/.m2/repository/javax/annotation/javax.annotation-api/1.2/javax.annotation-api-1.2.jar:/home/runner/.m2/repository/org/apache/ratis/ratis-server/2.3.0/ratis-server-2.3.0.jar:/home/runner/.m2/repository/org/apache/ratis/ratis-client/2.3.0/ratis-client-2.3.0.jar:/home/runner/.m2/repository/org/apache/ratis/ratis-server-api/2.3.0/ratis-server-api-2.3.0.jar:/home/runner/.m2/repository/org/apache/ratis/ratis-metrics/2.3.0/ratis-metrics-2.3.0.jar:/home/runner/.m2/repository/org/apache/ratis/ratis-netty/2.3.0/ratis-netty-2.3.0.jar:/home/runner/.m2/repository/org/apache/ratis/ratis-grpc/2.3.0/ratis-grpc-2.3.0.jar:/home/runner/.m2/repository/org/apache/logging/log4j/log4j-api/2.17.1/log4j-api-2.17.1.jar:/home/runner/.m2/repository/org/apache/commons/commons-pool2/2.6.0/commons-pool2-2.6.0.jar:/home/runner/.m2/repository/org/bouncycastle/bcpkix-jdk15on/1.67/bcpkix-jdk15on-1.67.jar:/home/runner/.m2/repository/commons-validator/commons-validator/1.6/commons-validator-1.6.jar:/home/runner/.m2/repository/commons-beanutils/commons-beanutils/1.9.4/commons-beanutils-1.9.4.jar:/home/runner/.m2/repository/commons-digester/commons-digester/1.8.1/commons-digester-1.8.1.jar:/home/runner/.m2/repository/commons-collections/commons-collections/3.2.2/commons-collections-3.2.2.jar:/home/runner/.m2/repository/io/jaegertracing/jaeger-client/1.6.0/jaeger-client-1.6.0.jar:/home/runner/.m2/repository/io/jaegertracing/jaeger-thrift/1.6.0/jaeger-thrift-1.6.0.jar:/home/runner/.m2/repository/org/apache/thrift/libthrift/0.14.1/libthrift-0.14.1.jar:/home/runner/.m2/repository/com/squareup/okhttp3/okhttp/4.9.0/okhttp-4.9.0.jar:/home/runner/.m2/repository/com/squareup/okio/okio/2.8.0/okio-2.8.0.jar:/home/runner/.m2/repository/io/jaegertracing/jaeger-core/1.6.0/jaeger-core-1.6.0.jar:/home/runner/.m2/repository/io/jaegertracing/jaeger-tracerresolver/1.6.0/jaeger-tracerresolver-1.6.0.jar:/home/runner/.m2/repository/io/opentracing/contrib/opentracing-tracerresolver/0.1.8/opentracing-tracerresolver-0.1.8.jar:/home/runner/.m2/repository/org/jetbrains/kotlin/kotlin-stdlib/1.6.21/kotlin-stdlib-1.6.21.jar:/home/runner/.m2/repository/org/jetbrains/kotlin/kotlin-stdlib-common/1.6.21/kotlin-stdlib-common-1.6.21.jar:/home/runner/.m2/repository/org/jetbrains/annotations/13.0/annotations-13.0.jar:/home/runner/.m2/repository/io/opentracing/opentracing-util/0.33.0/opentracing-util-0.33.0.jar:/home/runner/.m2/repository/io/opentracing/opentracing-api/0.33.0/opentracing-api-0.33.0.jar:/home/runner/.m2/repository/io/opentracing/opentracing-noop/0.33.0/opentracing-noop-0.33.0.jar:/home/runner/.m2/repository/org/yaml/snakeyaml/1.26/snakeyaml-1.26.jar:/home/runner/.m2/repository/org/apache/ozone/hdds-interface-admin/1.3.0-SNAPSHOT/hdds-interface-admin-1.3.0-SNAPSHOT.jar:/home/runner/.m2/repository/junit/junit/4.13.1/junit-4.13.1.jar:/home/runner/.m2/repository/org/hamcrest/hamcrest-core/1.3/hamcrest-core-1.3.jar:/home/runner/.m2/repository/org/junit/jupiter/junit-jupiter-api/5.8.2/junit-jupiter-api-5.8.2.jar:/home/runner/.m2/repository/org/opentest4j/opentest4j/1.2.0/opentest4j-1.2.0.jar:/home/runner/.m2/repository/org/junit/platform/junit-platform-commons/1.8.2/junit-platform-commons-1.8.2.jar:/home/runner/.m2/repository/org/apiguardian/apiguardian-api/1.1.2/apiguardian-api-1.1.2.jar:/home/runner/.m2/repository/org/junit/jupiter/junit-jupiter-params/5.8.2/junit-jupiter-params-5.8.2.jar:/home/runner/.m2/repository/org/junit/jupiter/junit-jupiter-migrationsupport/5.8.2/junit-jupiter-migrationsupport-5.8.2.jar:/home/runner/.m2/repository/org/junit/jupiter/junit-jupiter-engine/5.8.2/junit-jupiter-engine-5.8.2.jar:/home/runner/.m2/repository/org/junit/platform/junit-platform-engine/1.8.2/junit-platform-engine-1.8.2.jar:/home/runner/.m2/repository/org/junit/vintage/junit-vintage-engine/5.8.2/junit-vintage-engine-5.8.2.jar:/home/runner/.m2/repository/org/junit/platform/junit-platform-launcher/1.8.2/junit-platform-launcher-1.8.2.jar:/home/runner/.m2/repository/org/mockito/mockito-core/2.28.2/mockito-core-2.28.2.jar:/home/runner/.m2/repository/net/bytebuddy/byte-buddy/1.9.10/byte-buddy-1.9.10.jar:/home/runner/.m2/repository/net/bytebuddy/byte-buddy-agent/1.9.10/byte-buddy-agent-1.9.10.jar:/home/runner/.m2/repository/org/objenesis/objenesis/1.0/objenesis-1.0.jar:/home/runner/.m2/repository/org/apache/hadoop/hadoop-kms/3.3.1/hadoop-kms-3.3.1.jar:/home/runner/.m2/repository/org/apache/hadoop/hadoop-auth/3.3.1/hadoop-auth-3.3.1.jar:/home/runner/.m2/repository/com/nimbusds/nimbus-jose-jwt/7.9/nimbus-jose-jwt-7.9.jar:/home/runner/.m2/repository/com/github/stephenc/jcip/jcip-annotations/1.0-1/jcip-annotations-1.0-1.jar:/home/runner/.m2/repository/net/minidev/json-smart/2.4.7/json-smart-2.4.7.jar:/home/runner/.m2/repository/net/minidev/accessors-smart/2.4.7/accessors-smart-2.4.7.jar:/home/runner/.m2/repository/org/ow2/asm/asm/5.0.4/asm-5.0.4.jar:/home/runner/.m2/repository/org/apache/zookeeper/zookeeper/3.5.6/zookeeper-3.5.6.jar:/home/runner/.m2/repository/org/apache/zookeeper/zookeeper-jute/3.5.6/zookeeper-jute-3.5.6.jar:/home/runner/.m2/repository/org/apache/yetus/audience-annotations/0.5.0/audience-annotations-0.5.0.jar:/home/runner/.m2/repository/org/apache/curator/curator-framework/4.2.0/curator-framework-4.2.0.jar:/home/runner/.m2/repository/org/apache/hadoop/thirdparty/hadoop-shaded-guava/1.1.1/hadoop-shaded-guava-1.1.1.jar:/home/runner/.m2/repository/com/sun/jersey/jersey-core/1.19/jersey-core-1.19.jar:/home/runner/.m2/repository/javax/ws/rs/jsr311-api/1.1.1/jsr311-api-1.1.1.jar:/home/runner/.m2/repository/com/sun/jersey/jersey-server/1.19/jersey-server-1.19.jar:/home/runner/.m2/repository/javax/servlet/javax.servlet-api/3.1.0/javax.servlet-api-3.1.0.jar:/home/runner/.m2/repository/org/eclipse/jetty/jetty-server/9.4.43.v20210629/jetty-server-9.4.43.v20210629.jar:/home/runner/.m2/repository/org/eclipse/jetty/jetty-http/9.4.43.v20210629/jetty-http-9.4.43.v20210629.jar:/home/runner/.m2/repository/org/eclipse/jetty/jetty-io/9.4.43.v20210629/jetty-io-9.4.43.v20210629.jar:/home/runner/.m2/repository/org/eclipse/jetty/jetty-webapp/9.4.43.v20210629/jetty-webapp-9.4.43.v20210629.jar:/home/runner/.m2/repository/org/eclipse/jetty/jetty-xml/9.4.43.v20210629/jetty-xml-9.4.43.v20210629.jar:/home/runner/.m2/repository/org/apache/hadoop/hadoop-common/3.3.1/hadoop-common-3.3.1.jar:/home/runner/.m2/repository/org/apache/commons/commons-math3/3.1.1/commons-math3-3.1.1.jar:/home/runner/.m2/repository/commons-net/commons-net/3.6/commons-net-3.6.jar:/home/runner/.m2/repository/com/sun/jersey/jersey-servlet/1.19/jersey-servlet-1.19.jar:/home/runner/.m2/repository/com/sun/jersey/jersey-json/1.19/jersey-json-1.19.jar:/home/runner/.m2/repository/org/codehaus/jettison/jettison/1.1/jettison-1.1.jar:/home/runner/.m2/repository/com/sun/xml/bind/jaxb-impl/2.2.3-1/jaxb-impl-2.2.3-1.jar:/home/runner/.m2/repository/org/codehaus/jackson/jackson-xc/1.9.2/jackson-xc-1.9.2.jar:/home/runner/.m2/repository/org/apache/commons/commons-configuration2/2.1.1/commons-configuration2-2.1.1.jar:/home/runner/.m2/repository/org/apache/commons/commons-text/1.4/commons-text-1.4.jar:/home/runner/.m2/repository/com/google/re2j/re2j/1.1/re2j-1.1.jar:/home/runner/.m2/repository/com/jcraft/jsch/0.1.54/jsch-0.1.54.jar:/home/runner/.m2/repository/org/apache/curator/curator-client/4.2.0/curator-client-4.2.0.jar:/home/runner/.m2/repository/org/apache/curator/curator-recipes/4.2.0/curator-recipes-4.2.0.jar:/home/runner/.m2/repository/org/apache/kerby/kerb-core/1.0.1/kerb-core-1.0.1.jar:/home/runner/.m2/repository/org/apache/kerby/kerby-pkix/1.0.1/kerby-pkix-1.0.1.jar:/home/runner/.m2/repository/org/apache/kerby/kerby-asn1/1.0.1/kerby-asn1-1.0.1.jar:/home/runner/.m2/repository/org/apache/kerby/kerby-util/1.0.1/kerby-util-1.0.1.jar:/home/runner/.m2/repository/dnsjava/dnsjava/2.1.7/dnsjava-2.1.7.jar:/home/runner/.m2/repository/org/xerial/snappy/snappy-java/1.1.8.2/snappy-java-1.1.8.2.jar:/home/runner/.m2/repository/org/slf4j/jul-to-slf4j/1.7.30/jul-to-slf4j-1.7.30.jar:/home/runner/.m2/repository/org/eclipse/jetty/jetty-util/9.4.43.v20210629/jetty-util-9.4.43.v20210629.jar:/home/runner/.m2/repository/com/fasterxml/jackson/core/jackson-databind/2.13.2.2/jackson-databind-2.13.2.2.jar:/home/runner/.m2/repository/org/apache/hadoop/hadoop-kms/3.3.1/hadoop-kms-3.3.1-tests.jar:/home/runner/.m2/repository/org/apache/ozone/hdds-server-scm/1.3.0-SNAPSHOT/hdds-server-scm-1.3.0-SNAPSHOT-tests.jar:/home/runner/.m2/repository/org/apache/ozone/hdds-container-service/1.3.0-SNAPSHOT/hdds-container-service-1.3.0-SNAPSHOT-tests.jar:/home/runner/.m2/repository/commons-codec/commons-codec/1.11/commons-codec-1.11.jar:/home/runner/.m2/repository/io/netty/netty-codec/4.1.79.Final/netty-codec-4.1.79.Final.jar:/home/runner/.m2/repository/io/netty/netty-handler/4.1.79.Final/netty-handler-4.1.79.Final.jar:/home/runner/.m2/repository/org/apache/ozone/hdds-hadoop-dependency-test/1.3.0-SNAPSHOT/hdds-hadoop-dependency-test-1.3.0-SNAPSHOT.jar:/home/runner/.m2/repository/org/apache/hadoop/hadoop-common/3.3.1/hadoop-common-3.3.1-tests.jar:/home/runner/.m2/repository/org/assertj/assertj-core/3.12.2/assertj-core-3.12.2.jar:/home/runner/.m2/repository/org/apache/hadoop/hadoop-hdfs/3.3.1/hadoop-hdfs-3.3.1-tests.jar:/home/runner/.m2/repository/org/eclipse/jetty/jetty-util-ajax/9.4.43.v20210629/jetty-util-ajax-9.4.43.v20210629.jar:/home/runner/.m2/repository/commons-daemon/commons-daemon/1.0.13/commons-daemon-1.0.13.jar:/home/runner/.m2/repository/io/netty/netty/3.10.6.Final/netty-3.10.6.Final.jar:/home/runner/.m2/repository/io/netty/netty-all/4.1.79.Final/netty-all-4.1.79.Final.jar:/home/runner/.m2/repository/io/netty/netty-codec-dns/4.1.79.Final/netty-codec-dns-4.1.79.Final.jar:/home/runner/.m2/repository/io/netty/netty-codec-haproxy/4.1.79.Final/netty-codec-haproxy-4.1.79.Final.jar:/home/runner/.m2/repository/io/netty/netty-codec-memcache/4.1.79.Final/netty-codec-memcache-4.1.79.Final.jar:/home/runner/.m2/repository/io/netty/netty-codec-mqtt/4.1.79.Final/netty-codec-mqtt-4.1.79.Final.jar:/home/runner/.m2/repository/io/netty/netty-codec-redis/4.1.79.Final/netty-codec-redis-4.1.79.Final.jar:/home/runner/.m2/repository/io/netty/netty-codec-smtp/4.1.79.Final/netty-codec-smtp-4.1.79.Final.jar:/home/runner/.m2/repository/io/netty/netty-codec-stomp/4.1.79.Final/netty-codec-stomp-4.1.79.Final.jar:/home/runner/.m2/repository/io/netty/netty-codec-xml/4.1.79.Final/netty-codec-xml-4.1.79.Final.jar:/home/runner/.m2/repository/io/netty/netty-resolver-dns/4.1.79.Final/netty-resolver-dns-4.1.79.Final.jar:/home/runner/.m2/repository/io/netty/netty-transport-rxtx/4.1.79.Final/netty-transport-rxtx-4.1.79.Final.jar:/home/runner/.m2/repository/io/netty/netty-transport-sctp/4.1.79.Final/netty-transport-sctp-4.1.79.Final.jar:/home/runner/.m2/repository/io/netty/netty-transport-udt/4.1.79.Final/netty-transport-udt-4.1.79.Final.jar:/home/runner/.m2/repository/io/netty/netty-transport-classes-kqueue/4.1.79.Final/netty-transport-classes-kqueue-4.1.79.Final.jar:/home/runner/.m2/repository/io/netty/netty-resolver-dns-classes-macos/4.1.79.Final/netty-resolver-dns-classes-macos-4.1.79.Final.jar:/home/runner/.m2/repository/io/netty/netty-transport-native-epoll/4.1.79.Final/netty-transport-native-epoll-4.1.79.Final-linux-aarch_64.jar:/home/runner/.m2/repository/io/netty/netty-transport-native-kqueue/4.1.79.Final/netty-transport-native-kqueue-4.1.79.Final-osx-x86_64.jar:/home/runner/.m2/repository/io/netty/netty-transport-native-kqueue/4.1.79.Final/netty-transport-native-kqueue-4.1.79.Final-osx-aarch_64.jar:/home/runner/.m2/repository/io/netty/netty-resolver-dns-native-macos/4.1.79.Final/netty-resolver-dns-native-macos-4.1.79.Final-osx-x86_64.jar:/home/runner/.m2/repository/io/netty/netty-resolver-dns-native-macos/4.1.79.Final/netty-resolver-dns-native-macos-4.1.79.Final-osx-aarch_64.jar:/home/runner/.m2/repository/org/apache/htrace/htrace-core4/4.1.0-incubating/htrace-core4-4.1.0-incubating.jar:/home/runner/.m2/repository/org/fusesource/leveldbjni/leveldbjni-all/1.8/leveldbjni-all-1.8.jar:/home/runner/.m2/repository/org/apache/hadoop/hadoop-distcp/3.3.1/hadoop-distcp-3.3.1.jar:/home/runner/.m2/repository/org/apache/hadoop/hadoop-mapreduce-client-jobclient/3.3.1/hadoop-mapreduce-client-jobclient-3.3.1.jar:/home/runner/.m2/repository/org/apache/hadoop/hadoop-mapreduce-client-common/3.3.1/hadoop-mapreduce-client-common-3.3.1.jar:/home/runner/.m2/repository/org/apache/hadoop/hadoop-yarn-common/3.3.1/hadoop-yarn-common-3.3.1.jar:/home/runner/.m2/repository/org/apache/hadoop/hadoop-yarn-api/3.3.1/hadoop-yarn-api-3.3.1.jar:/home/runner/.m2/repository/com/sun/jersey/contribs/jersey-guice/1.19/jersey-guice-1.19.jar:/home/runner/.m2/repository/com/fasterxml/jackson/jaxrs/jackson-jaxrs-json-provider/2.13.2/jackson-jaxrs-json-provider-2.13.2.jar:/home/runner/.m2/repository/com/fasterxml/jackson/jaxrs/jackson-jaxrs-base/2.13.2/jackson-jaxrs-base-2.13.2.jar:/home/runner/.m2/repository/org/apache/hadoop/hadoop-yarn-client/3.3.1/hadoop-yarn-client-3.3.1.jar:/home/runner/.m2/repository/org/eclipse/jetty/websocket/websocket-client/9.4.40.v20210413/websocket-client-9.4.40.v20210413.jar:/home/runner/.m2/repository/org/eclipse/jetty/websocket/websocket-common/9.4.40.v20210413/websocket-common-9.4.40.v20210413.jar:/home/runner/.m2/repository/org/eclipse/jetty/websocket/websocket-api/9.4.40.v20210413/websocket-api-9.4.40.v20210413.jar:/home/runner/.m2/repository/org/jline/jline/3.9.0/jline-3.9.0.jar:/home/runner/.m2/repository/org/apache/hadoop/hadoop-mapreduce-client-core/3.3.1/hadoop-mapreduce-client-core-3.3.1.jar:/home/runner/.m2/repository/org/apache/avro/avro/1.7.7/avro-1.7.7.jar:/home/runner/.m2/repository/org/codehaus/jackson/jackson-core-asl/1.9.13/jackson-core-asl-1.9.13.jar:/home/runner/.m2/repository/org/codehaus/jackson/jackson-mapper-asl/1.9.13/jackson-mapper-asl-1.9.13.jar:/home/runner/.m2/repository/com/thoughtworks/paranamer/paranamer/2.3/paranamer-2.3.jar:/home/runner/.m2/repository/org/apache/hadoop/hadoop-annotations/3.3.1/hadoop-annotations-3.3.1.jar:/usr/lib/jvm/temurin-8-jdk-amd64/jre/../lib/tools.jar:/home/runner/.m2/repository/org/apache/hadoop/hadoop-distcp/3.3.1/hadoop-distcp-3.3.1-tests.jar:/home/runner/.m2/repository/org/apache/ratis/ratis-common/2.3.0/ratis-common-2.3.0.jar:/home/runner/.m2/repository/org/apache/ratis/ratis-thirdparty-misc/1.0.0/ratis-thirdparty-misc-1.0.0.jar:/home/runner/.m2/repository/org/apache/ratis/ratis-proto/2.3.0/ratis-proto-2.3.0.jar:/home/runner/.m2/repository/org/apache/ozone/ozone-annotation-processing/1.3.0-SNAPSHOT/ozone-annotation-processing-1.3.0-SNAPSHOT.jar:"/>
    <property name="sun.cpu.endian" value="little"/>
    <property name="user.home" value="/home/runner"/>
    <property name="user.language" value="en"/>
    <property name="java.specification.vendor" value="Oracle Corporation"/>
    <property name="java.home" value="/usr/lib/jvm/temurin-8-jdk-amd64/jre"/>
    <property name="java.security.krb5.conf" value="/home/runner/work/ozone/ozone/hadoop-ozone/integration-test/target/test-classes/krb5.conf"/>
    <property name="basedir" value="/home/runner/work/ozone/ozone/hadoop-ozone/integration-test"/>
    <property name="file.separator" value="/"/>
    <property name="line.separator" value="&#10;"/>
    <property name="java.vm.specification.vendor" value="Oracle Corporation"/>
    <property name="java.specification.name" value="Java Platform API Specification"/>
    <property name="java.awt.graphicsenv" value="sun.awt.X11GraphicsEnvironment"/>
    <property name="skip.installnpx" value="true"/>
    <property name="surefire.real.class.path" value="/home/runner/work/ozone/ozone/hadoop-ozone/integration-test/target/surefire/surefirebooter8182844771327416747.jar:/home/runner/.m2/repository/org/jacoco/org.jacoco.agent/0.8.5/org.jacoco.agent-0.8.5-runtime.jar"/>
    <property name="hadoop.log.dir" value="/home/runner/work/ozone/ozone/hadoop-ozone/integration-test/target/log"/>
    <property name="sun.boot.class.path" value="/usr/lib/jvm/temurin-8-jdk-amd64/jre/lib/resources.jar:/usr/lib/jvm/temurin-8-jdk-amd64/jre/lib/rt.jar:/usr/lib/jvm/temurin-8-jdk-amd64/jre/lib/sunrsasign.jar:/usr/lib/jvm/temurin-8-jdk-amd64/jre/lib/jsse.jar:/usr/lib/jvm/temurin-8-jdk-amd64/jre/lib/jce.jar:/usr/lib/jvm/temurin-8-jdk-amd64/jre/lib/charsets.jar:/usr/lib/jvm/temurin-8-jdk-amd64/jre/lib/jfr.jar:/usr/lib/jvm/temurin-8-jdk-amd64/jre/classes"/>
    <property name="sun.management.compiler" value="HotSpot 64-Bit Tiered Compilers"/>
    <property name="skip.npx" value="true"/>
    <property name="java.runtime.version" value="1.8.0_332-b09"/>
    <property name="java.net.preferIPv4Stack" value="true"/>
    <property name="user.name" value="runner"/>
    <property name="path.separator" value=":"/>
    <property name="java.security.egd" value="file:///dev/urandom"/>
    <property name="os.version" value="5.4.0-1086-azure"/>
    <property name="java.endorsed.dirs" value="/usr/lib/jvm/temurin-8-jdk-amd64/jre/lib/endorsed"/>
    <property name="java.runtime.name" value="OpenJDK Runtime Environment"/>
    <property name="file.encoding" value="UTF-8"/>
    <property name="java.vm.name" value="OpenJDK 64-Bit Server VM"/>
    <property name="test.build.webapps" value=""/>
    <property name="localRepository" value="/home/runner/.m2/repository"/>
    <property name="jetty.git.hash" value="526006ecfa3af7f1a27ef3a288e2bef7ea9dd7e8"/>
    <property name="java.vendor.url.bug" value="https://github.com/adoptium/adoptium-support/issues"/>
    <property name="java.io.tmpdir" value="/tmp"/>
    <property name="require.test.libhadoop" value=""/>
    <property name="java.version" value="1.8.0_332"/>
    <property name="user.dir" value="/home/runner/work/ozone/ozone/hadoop-ozone/integration-test"/>
    <property name="os.arch" value="amd64"/>
    <property name="java.vm.specification.name" value="Java Virtual Machine Specification"/>
    <property name="test.build.classes" value="/home/runner/work/ozone/ozone/hadoop-ozone/integration-test/target/test-classes"/>
    <property name="java.awt.printerjob" value="sun.print.PSPrinterJob"/>
    <property name="sun.os.patch.level" value="unknown"/>
    <property name="hadoop.tmp.dir" value="/home/runner/work/ozone/ozone/hadoop-ozone/integration-test/target/tmp"/>
    <property name="java.library.path" value="/usr/java/packages/lib/amd64:/usr/lib64:/lib64:/lib:/usr/lib"/>
    <property name="java.vm.info" value="mixed mode"/>
    <property name="java.vendor" value="Temurin"/>
    <property name="java.vm.version" value="25.332-b09"/>
    <property name="java.ext.dirs" value="/usr/lib/jvm/temurin-8-jdk-amd64/jre/lib/ext:/usr/java/packages/lib/ext"/>
    <property name="sun.io.unicode.encoding" value="UnicodeLittle"/>
    <property name="java.class.version" value="52.0"/>
  </properties>
  <testcase name="testRatisLogParsing" classname="org.apache.hadoop.ozone.parser.TestOzoneHARatisLogParser" time="86.689">
    <error type="java.util.concurrent.TimeoutException"><![CDATA[java.util.concurrent.TimeoutException: 
Timed out waiting for condition. Thread diagnostics:
Timestamp: 2022-08-14 01:45:39,388

"EndpointStateMachine task thread for /127.0.0.1:40129 - 0 "  prio=5 tid=928 timed_waiting
java.lang.Thread.State: TIMED_WAITING
        at java.lang.Thread.sleep(Native Method)
        at org.apache.hadoop.ipc.Client$Connection.handleConnectionFailure(Client.java:972)
        at org.apache.hadoop.ipc.Client$Connection.setupConnection(Client.java:724)
        at org.apache.hadoop.ipc.Client$Connection.setupIOstreams(Client.java:822)
        at org.apache.hadoop.ipc.Client$Connection.access$3800(Client.java:414)
        at org.apache.hadoop.ipc.Client.getConnection(Client.java:1647)
        at org.apache.hadoop.ipc.Client.call(Client.java:1463)
        at org.apache.hadoop.ipc.Client.call(Client.java:1416)
        at org.apache.hadoop.ipc.ProtobufRpcEngine$Invoker.invoke(ProtobufRpcEngine.java:236)
        at org.apache.hadoop.ipc.ProtobufRpcEngine$Invoker.invoke(ProtobufRpcEngine.java:123)
        at com.sun.proxy.$Proxy51.submitRequest(Unknown Source)
        at org.apache.hadoop.ozone.protocolPB.StorageContainerDatanodeProtocolClientSideTranslatorPB.submitRequest(StorageContainerDatanodeProtocolClientSideTranslatorPB.java:117)
        at org.apache.hadoop.ozone.protocolPB.StorageContainerDatanodeProtocolClientSideTranslatorPB.sendHeartbeat(StorageContainerDatanodeProtocolClientSideTranslatorPB.java:149)
        at org.apache.hadoop.ozone.container.common.states.endpoint.HeartbeatEndpointTask.call(HeartbeatEndpointTask.java:185)
        at org.apache.hadoop.ozone.container.common.states.endpoint.HeartbeatEndpointTask.call(HeartbeatEndpointTask.java:87)
        at java.util.concurrent.FutureTask.run(FutureTask.java:266)
        at java.util.concurrent.ThreadPoolExecutor.runWorker(ThreadPoolExecutor.java:1149)
        at java.util.concurrent.ThreadPoolExecutor$Worker.run(ThreadPoolExecutor.java:624)
        at java.lang.Thread.run(Thread.java:750)
"Datanode ReportManager Thread - 1" daemon prio=5 tid=807 in Object.wait()
java.lang.Thread.State: WAITING (on object monitor)
        at sun.misc.Unsafe.park(Native Method)
        at java.util.concurrent.locks.LockSupport.park(LockSupport.java:175)
        at java.util.concurrent.locks.AbstractQueuedSynchronizer$ConditionObject.await(AbstractQueuedSynchronizer.java:2039)
        at java.util.concurrent.ScheduledThreadPoolExecutor$DelayedWorkQueue.take(ScheduledThreadPoolExecutor.java:1088)
        at java.util.concurrent.ScheduledThreadPoolExecutor$DelayedWorkQueue.take(ScheduledThreadPoolExecutor.java:809)
        at java.util.concurrent.ThreadPoolExecutor.getTask(ThreadPoolExecutor.java:1074)
        at java.util.concurrent.ThreadPoolExecutor.runWorker(ThreadPoolExecutor.java:1134)
        at java.util.concurrent.ThreadPoolExecutor$Worker.run(ThreadPoolExecutor.java:624)
        at java.lang.Thread.run(Thread.java:750)
"IPC Parameter Sending Thread #0" daemon prio=5 tid=268 timed_waiting
java.lang.Thread.State: TIMED_WAITING
        at sun.misc.Unsafe.park(Native Method)
        at java.util.concurrent.locks.LockSupport.parkNanos(LockSupport.java:215)
        at java.util.concurrent.SynchronousQueue$TransferStack.awaitFulfill(SynchronousQueue.java:460)
        at java.util.concurrent.SynchronousQueue$TransferStack.transfer(SynchronousQueue.java:362)
        at java.util.concurrent.SynchronousQueue.poll(SynchronousQueue.java:941)
        at java.util.concurrent.ThreadPoolExecutor.getTask(ThreadPoolExecutor.java:1073)
        at java.util.concurrent.ThreadPoolExecutor.runWorker(ThreadPoolExecutor.java:1134)
        at java.util.concurrent.ThreadPoolExecutor$Worker.run(ThreadPoolExecutor.java:624)
        at java.lang.Thread.run(Thread.java:750)
"FullTableCache Cleanup Thread - 0" daemon prio=5 tid=1199 in Object.wait()
java.lang.Thread.State: WAITING (on object monitor)
        at sun.misc.Unsafe.park(Native Method)
        at java.util.concurrent.locks.LockSupport.park(LockSupport.java:175)
        at java.util.concurrent.locks.AbstractQueuedSynchronizer$ConditionObject.await(AbstractQueuedSynchronizer.java:2039)
        at java.util.concurrent.LinkedBlockingQueue.take(LinkedBlockingQueue.java:442)
        at java.util.concurrent.ThreadPoolExecutor.getTask(ThreadPoolExecutor.java:1074)
        at java.util.concurrent.ThreadPoolExecutor.runWorker(ThreadPoolExecutor.java:1134)
        at java.util.concurrent.ThreadPoolExecutor$Worker.run(ThreadPoolExecutor.java:624)
        at java.lang.Thread.run(Thread.java:750)
"FullTableCache Cleanup Thread - 0" daemon prio=5 tid=1208 in Object.wait()
java.lang.Thread.State: WAITING (on object monitor)
        at sun.misc.Unsafe.park(Native Method)
        at java.util.concurrent.locks.LockSupport.park(LockSupport.java:175)
        at java.util.concurrent.locks.AbstractQueuedSynchronizer$ConditionObject.await(AbstractQueuedSynchronizer.java:2039)
        at java.util.concurrent.LinkedBlockingQueue.take(LinkedBlockingQueue.java:442)
        at java.util.concurrent.ThreadPoolExecutor.getTask(ThreadPoolExecutor.java:1074)
        at java.util.concurrent.ThreadPoolExecutor.runWorker(ThreadPoolExecutor.java:1134)
        at java.util.concurrent.ThreadPoolExecutor$Worker.run(ThreadPoolExecutor.java:624)
        at java.lang.Thread.run(Thread.java:750)
"OverReplicatedQueueThreadThread" daemon prio=5 tid=384 timed_waiting
java.lang.Thread.State: TIMED_WAITING
        at java.lang.Object.wait(Native Method)
        at org.apache.hadoop.hdds.scm.ha.BackgroundSCMService.run(BackgroundSCMService.java:110)
        at org.apache.hadoop.hdds.scm.ha.BackgroundSCMService$$Lambda$675/1681440676.run(Unknown Source)
        at java.lang.Thread.run(Thread.java:750)
"Datanode ReportManager Thread - 0" daemon prio=5 tid=845 timed_waiting
java.lang.Thread.State: TIMED_WAITING
        at sun.misc.Unsafe.park(Native Method)
        at java.util.concurrent.locks.LockSupport.parkNanos(LockSupport.java:215)
        at java.util.concurrent.locks.AbstractQueuedSynchronizer$ConditionObject.awaitNanos(AbstractQueuedSynchronizer.java:2078)
        at java.util.concurrent.ScheduledThreadPoolExecutor$DelayedWorkQueue.take(ScheduledThreadPoolExecutor.java:1093)
        at java.util.concurrent.ScheduledThreadPoolExecutor$DelayedWorkQueue.take(ScheduledThreadPoolExecutor.java:809)
        at java.util.concurrent.ThreadPoolExecutor.getTask(ThreadPoolExecutor.java:1074)
        at java.util.concurrent.ThreadPoolExecutor.runWorker(ThreadPoolExecutor.java:1134)
        at java.util.concurrent.ThreadPoolExecutor$Worker.run(ThreadPoolExecutor.java:624)
        at java.lang.Thread.run(Thread.java:750)
"SSL Certificates Store Monitor" daemon prio=5 tid=659 in Object.wait()
java.lang.Thread.State: WAITING (on object monitor)
        at java.lang.Object.wait(Native Method)
        at java.lang.Object.wait(Object.java:502)
        at java.util.TimerThread.mainLoop(Timer.java:526)
        at java.util.TimerThread.run(Timer.java:505)
"UnderReplicatedQueueThreadThread" daemon prio=5 tid=499 timed_waiting
java.lang.Thread.State: TIMED_WAITING
        at java.lang.Object.wait(Native Method)
        at org.apache.hadoop.hdds.scm.ha.BackgroundSCMService.run(BackgroundSCMService.java:110)
        at org.apache.hadoop.hdds.scm.ha.BackgroundSCMService$$Lambda$675/1681440676.run(Unknown Source)
        at java.lang.Thread.run(Thread.java:750)
"ExpiredContainerReplicaOpScrubberThread" daemon prio=5 tid=32 timed_waiting
java.lang.Thread.State: TIMED_WAITING
        at java.lang.Object.wait(Native Method)
        at org.apache.hadoop.hdds.scm.ha.BackgroundSCMService.run(BackgroundSCMService.java:110)
        at org.apache.hadoop.hdds.scm.ha.BackgroundSCMService$$Lambda$675/1681440676.run(Unknown Source)
        at java.lang.Thread.run(Thread.java:750)
"Datanode ReportManager Thread - 2" daemon prio=5 tid=808 in Object.wait()
java.lang.Thread.State: WAITING (on object monitor)
        at sun.misc.Unsafe.park(Native Method)
        at java.util.concurrent.locks.LockSupport.park(LockSupport.java:175)
        at java.util.concurrent.locks.AbstractQueuedSynchronizer$ConditionObject.await(AbstractQueuedSynchronizer.java:2039)
        at java.util.concurrent.ScheduledThreadPoolExecutor$DelayedWorkQueue.take(ScheduledThreadPoolExecutor.java:1088)
        at java.util.concurrent.ScheduledThreadPoolExecutor$DelayedWorkQueue.take(ScheduledThreadPoolExecutor.java:809)
        at java.util.concurrent.ThreadPoolExecutor.getTask(ThreadPoolExecutor.java:1074)
        at java.util.concurrent.ThreadPoolExecutor.runWorker(ThreadPoolExecutor.java:1134)
        at java.util.concurrent.ThreadPoolExecutor$Worker.run(ThreadPoolExecutor.java:624)
        at java.lang.Thread.run(Thread.java:750)
"Signal Dispatcher" daemon prio=9 tid=4 runnable
java.lang.Thread.State: RUNNABLE
"IPC Parameter Sending Thread #2" daemon prio=5 tid=895 timed_waiting
java.lang.Thread.State: TIMED_WAITING
        at sun.misc.Unsafe.park(Native Method)
        at java.util.concurrent.locks.LockSupport.parkNanos(LockSupport.java:215)
        at java.util.concurrent.SynchronousQueue$TransferStack.awaitFulfill(SynchronousQueue.java:460)
        at java.util.concurrent.SynchronousQueue$TransferStack.transfer(SynchronousQueue.java:362)
        at java.util.concurrent.SynchronousQueue.poll(SynchronousQueue.java:941)
        at java.util.concurrent.ThreadPoolExecutor.getTask(ThreadPoolExecutor.java:1073)
        at java.util.concurrent.ThreadPoolExecutor.runWorker(ThreadPoolExecutor.java:1134)
        at java.util.concurrent.ThreadPoolExecutor$Worker.run(ThreadPoolExecutor.java:624)
        at java.lang.Thread.run(Thread.java:750)
"Datanode ReportManager Thread - 2" daemon prio=5 tid=847 in Object.wait()
java.lang.Thread.State: WAITING (on object monitor)
        at sun.misc.Unsafe.park(Native Method)
        at java.util.concurrent.locks.LockSupport.park(LockSupport.java:175)
        at java.util.concurrent.locks.AbstractQueuedSynchronizer$ConditionObject.await(AbstractQueuedSynchronizer.java:2039)
        at java.util.concurrent.ScheduledThreadPoolExecutor$DelayedWorkQueue.take(ScheduledThreadPoolExecutor.java:1088)
        at java.util.concurrent.ScheduledThreadPoolExecutor$DelayedWorkQueue.take(ScheduledThreadPoolExecutor.java:809)
        at java.util.concurrent.ThreadPoolExecutor.getTask(ThreadPoolExecutor.java:1074)
        at java.util.concurrent.ThreadPoolExecutor.runWorker(ThreadPoolExecutor.java:1134)
        at java.util.concurrent.ThreadPoolExecutor$Worker.run(ThreadPoolExecutor.java:624)
        at java.lang.Thread.run(Thread.java:750)
"EndpointStateMachine task thread for /127.0.0.1:33939 - 0 "  prio=5 tid=914 in Object.wait()
java.lang.Thread.State: WAITING (on object monitor)
        at sun.misc.Unsafe.park(Native Method)
        at java.util.concurrent.locks.LockSupport.park(LockSupport.java:175)
        at java.util.concurrent.locks.AbstractQueuedSynchronizer$ConditionObject.await(AbstractQueuedSynchronizer.java:2039)
        at java.util.concurrent.LinkedBlockingQueue.take(LinkedBlockingQueue.java:442)
        at java.util.concurrent.ThreadPoolExecutor.getTask(ThreadPoolExecutor.java:1074)
        at java.util.concurrent.ThreadPoolExecutor.runWorker(ThreadPoolExecutor.java:1134)
        at java.util.concurrent.ThreadPoolExecutor$Worker.run(ThreadPoolExecutor.java:624)
        at java.lang.Thread.run(Thread.java:750)
"Datanode ReportManager Thread - 2" daemon prio=5 tid=873 in Object.wait()
java.lang.Thread.State: WAITING (on object monitor)
        at sun.misc.Unsafe.park(Native Method)
        at java.util.concurrent.locks.LockSupport.park(LockSupport.java:175)
        at java.util.concurrent.locks.AbstractQueuedSynchronizer$ConditionObject.await(AbstractQueuedSynchronizer.java:2039)
        at java.util.concurrent.ScheduledThreadPoolExecutor$DelayedWorkQueue.take(ScheduledThreadPoolExecutor.java:1088)
        at java.util.concurrent.ScheduledThreadPoolExecutor$DelayedWorkQueue.take(ScheduledThreadPoolExecutor.java:809)
        at java.util.concurrent.ThreadPoolExecutor.getTask(ThreadPoolExecutor.java:1074)
        at java.util.concurrent.ThreadPoolExecutor.runWorker(ThreadPoolExecutor.java:1134)
        at java.util.concurrent.ThreadPoolExecutor$Worker.run(ThreadPoolExecutor.java:624)
        at java.lang.Thread.run(Thread.java:750)
"OverReplicatedQueueThreadThread" daemon prio=5 tid=500 timed_waiting
java.lang.Thread.State: TIMED_WAITING
        at java.lang.Object.wait(Native Method)
        at org.apache.hadoop.hdds.scm.ha.BackgroundSCMService.run(BackgroundSCMService.java:110)
        at org.apache.hadoop.hdds.scm.ha.BackgroundSCMService$$Lambda$675/1681440676.run(Unknown Source)
        at java.lang.Thread.run(Thread.java:750)
"Datanode ReportManager Thread - 4" daemon prio=5 tid=849 in Object.wait()
java.lang.Thread.State: WAITING (on object monitor)
        at sun.misc.Unsafe.park(Native Method)
        at java.util.concurrent.locks.LockSupport.park(LockSupport.java:175)
        at java.util.concurrent.locks.AbstractQueuedSynchronizer$ConditionObject.await(AbstractQueuedSynchronizer.java:2039)
        at java.util.concurrent.ScheduledThreadPoolExecutor$DelayedWorkQueue.take(ScheduledThreadPoolExecutor.java:1088)
        at java.util.concurrent.ScheduledThreadPoolExecutor$DelayedWorkQueue.take(ScheduledThreadPoolExecutor.java:809)
        at java.util.concurrent.ThreadPoolExecutor.getTask(ThreadPoolExecutor.java:1074)
        at java.util.concurrent.ThreadPoolExecutor.runWorker(ThreadPoolExecutor.java:1134)
        at java.util.concurrent.ThreadPoolExecutor$Worker.run(ThreadPoolExecutor.java:624)
        at java.lang.Thread.run(Thread.java:750)
"org.apache.hadoop.ozone.container.common.statemachine.commandhandler.DeleteBlocksCommandHandler$DeleteCmdWorker@3a150dde" daemon prio=5 tid=792 runnable
java.lang.Thread.State: RUNNABLE
        at java.lang.Thread.sleep(Native Method)
        at org.apache.hadoop.ozone.container.common.statemachine.commandhandler.DeleteBlocksCommandHandler$DeleteCmdWorker.run(DeleteBlocksCommandHandler.java:185)
        at java.lang.Thread.run(Thread.java:750)
"ExpiredContainerReplicaOpScrubberThread" daemon prio=5 tid=497 timed_waiting
java.lang.Thread.State: TIMED_WAITING
        at java.lang.Object.wait(Native Method)
        at org.apache.hadoop.hdds.scm.ha.BackgroundSCMService.run(BackgroundSCMService.java:110)
        at org.apache.hadoop.hdds.scm.ha.BackgroundSCMService$$Lambda$675/1681440676.run(Unknown Source)
        at java.lang.Thread.run(Thread.java:750)
"Datanode ReportManager Thread - 0" daemon prio=5 tid=871 timed_waiting
java.lang.Thread.State: TIMED_WAITING
        at sun.misc.Unsafe.park(Native Method)
        at java.util.concurrent.locks.LockSupport.parkNanos(LockSupport.java:215)
        at java.util.concurrent.locks.AbstractQueuedSynchronizer$ConditionObject.awaitNanos(AbstractQueuedSynchronizer.java:2078)
        at java.util.concurrent.ScheduledThreadPoolExecutor$DelayedWorkQueue.take(ScheduledThreadPoolExecutor.java:1093)
        at java.util.concurrent.ScheduledThreadPoolExecutor$DelayedWorkQueue.take(ScheduledThreadPoolExecutor.java:809)
        at java.util.concurrent.ThreadPoolExecutor.getTask(ThreadPoolExecutor.java:1074)
        at java.util.concurrent.ThreadPoolExecutor.runWorker(ThreadPoolExecutor.java:1134)
        at java.util.concurrent.ThreadPoolExecutor$Worker.run(ThreadPoolExecutor.java:624)
        at java.lang.Thread.run(Thread.java:750)
"Datanode ReportManager Thread - 3" daemon prio=5 tid=848 in Object.wait()
java.lang.Thread.State: WAITING (on object monitor)
        at sun.misc.Unsafe.park(Native Method)
        at java.util.concurrent.locks.LockSupport.park(LockSupport.java:175)
        at java.util.concurrent.locks.AbstractQueuedSynchronizer$ConditionObject.await(AbstractQueuedSynchronizer.java:2039)
        at java.util.concurrent.ScheduledThreadPoolExecutor$DelayedWorkQueue.take(ScheduledThreadPoolExecutor.java:1088)
        at java.util.concurrent.ScheduledThreadPoolExecutor$DelayedWorkQueue.take(ScheduledThreadPoolExecutor.java:809)
        at java.util.concurrent.ThreadPoolExecutor.getTask(ThreadPoolExecutor.java:1074)
        at java.util.concurrent.ThreadPoolExecutor.runWorker(ThreadPoolExecutor.java:1134)
        at java.util.concurrent.ThreadPoolExecutor$Worker.run(ThreadPoolExecutor.java:624)
        at java.lang.Thread.run(Thread.java:750)
"EndpointStateMachine task thread for /127.0.0.1:40129 - 0 "  prio=5 tid=888 in Object.wait()
java.lang.Thread.State: WAITING (on object monitor)
        at sun.misc.Unsafe.park(Native Method)
        at java.util.concurrent.locks.LockSupport.park(LockSupport.java:175)
        at java.util.concurrent.locks.AbstractQueuedSynchronizer$ConditionObject.await(AbstractQueuedSynchronizer.java:2039)
        at java.util.concurrent.LinkedBlockingQueue.take(LinkedBlockingQueue.java:442)
        at java.util.concurrent.ThreadPoolExecutor.getTask(ThreadPoolExecutor.java:1074)
        at java.util.concurrent.ThreadPoolExecutor.runWorker(ThreadPoolExecutor.java:1134)
        at java.util.concurrent.ThreadPoolExecutor$Worker.run(ThreadPoolExecutor.java:624)
        at java.lang.Thread.run(Thread.java:750)
"EndpointStateMachine task thread for /127.0.0.1:34931 - 0 "  prio=5 tid=890 in Object.wait()
java.lang.Thread.State: WAITING (on object monitor)
        at sun.misc.Unsafe.park(Native Method)
        at java.util.concurrent.locks.LockSupport.park(LockSupport.java:175)
        at java.util.concurrent.locks.AbstractQueuedSynchronizer$ConditionObject.await(AbstractQueuedSynchronizer.java:2039)
        at java.util.concurrent.LinkedBlockingQueue.take(LinkedBlockingQueue.java:442)
        at java.util.concurrent.ThreadPoolExecutor.getTask(ThreadPoolExecutor.java:1074)
        at java.util.concurrent.ThreadPoolExecutor.runWorker(ThreadPoolExecutor.java:1134)
        at java.util.concurrent.ThreadPoolExecutor$Worker.run(ThreadPoolExecutor.java:624)
        at java.lang.Thread.run(Thread.java:750)
"EndpointStateMachine task thread for /127.0.0.1:34931 - 0 "  prio=5 tid=915 in Object.wait()
java.lang.Thread.State: WAITING (on object monitor)
        at sun.misc.Unsafe.park(Native Method)
        at java.util.concurrent.locks.LockSupport.park(LockSupport.java:175)
        at java.util.concurrent.locks.AbstractQueuedSynchronizer$ConditionObject.await(AbstractQueuedSynchronizer.java:2039)
        at java.util.concurrent.LinkedBlockingQueue.take(LinkedBlockingQueue.java:442)
        at java.util.concurrent.ThreadPoolExecutor.getTask(ThreadPoolExecutor.java:1074)
        at java.util.concurrent.ThreadPoolExecutor.runWorker(ThreadPoolExecutor.java:1134)
        at java.util.concurrent.ThreadPoolExecutor$Worker.run(ThreadPoolExecutor.java:624)
        at java.lang.Thread.run(Thread.java:750)
"EndpointStateMachine task thread for /127.0.0.1:40129 - 0 "  prio=5 tid=912 in Object.wait()
java.lang.Thread.State: WAITING (on object monitor)
        at sun.misc.Unsafe.park(Native Method)
        at java.util.concurrent.locks.LockSupport.park(LockSupport.java:175)
        at java.util.concurrent.locks.AbstractQueuedSynchronizer$ConditionObject.await(AbstractQueuedSynchronizer.java:2039)
        at java.util.concurrent.LinkedBlockingQueue.take(LinkedBlockingQueue.java:442)
        at java.util.concurrent.ThreadPoolExecutor.getTask(ThreadPoolExecutor.java:1074)
        at java.util.concurrent.ThreadPoolExecutor.runWorker(ThreadPoolExecutor.java:1134)
        at java.util.concurrent.ThreadPoolExecutor$Worker.run(ThreadPoolExecutor.java:624)
        at java.lang.Thread.run(Thread.java:750)
"org.apache.hadoop.ozone.container.common.statemachine.commandhandler.DeleteBlocksCommandHandler$DeleteCmdWorker@4e0ff39e" daemon prio=5 tid=820 runnable
java.lang.Thread.State: RUNNABLE
        at java.lang.Thread.sleep(Native Method)
        at org.apache.hadoop.ozone.container.common.statemachine.commandhandler.DeleteBlocksCommandHandler$DeleteCmdWorker.run(DeleteBlocksCommandHandler.java:185)
        at java.lang.Thread.run(Thread.java:750)
"IPC Parameter Sending Thread #1" daemon prio=5 tid=894 timed_waiting
java.lang.Thread.State: TIMED_WAITING
        at sun.misc.Unsafe.park(Native Method)
        at java.util.concurrent.locks.LockSupport.parkNanos(LockSupport.java:215)
        at java.util.concurrent.SynchronousQueue$TransferStack.awaitFulfill(SynchronousQueue.java:460)
        at java.util.concurrent.SynchronousQueue$TransferStack.transfer(SynchronousQueue.java:362)
        at java.util.concurrent.SynchronousQueue.poll(SynchronousQueue.java:941)
        at java.util.concurrent.ThreadPoolExecutor.getTask(ThreadPoolExecutor.java:1073)
        at java.util.concurrent.ThreadPoolExecutor.runWorker(ThreadPoolExecutor.java:1134)
        at java.util.concurrent.ThreadPoolExecutor$Worker.run(ThreadPoolExecutor.java:624)
        at java.lang.Thread.run(Thread.java:750)
"org.apache.hadoop.ozone.container.common.statemachine.commandhandler.DeleteBlocksCommandHandler$DeleteCmdWorker@7c7bc98a" daemon prio=5 tid=859 runnable
java.lang.Thread.State: RUNNABLE
        at java.lang.Thread.sleep(Native Method)
        at org.apache.hadoop.ozone.container.common.statemachine.commandhandler.DeleteBlocksCommandHandler$DeleteCmdWorker.run(DeleteBlocksCommandHandler.java:185)
        at java.lang.Thread.run(Thread.java:750)
"SSL Certificates Store Monitor" daemon prio=5 tid=605 in Object.wait()
java.lang.Thread.State: WAITING (on object monitor)
        at java.lang.Object.wait(Native Method)
        at java.lang.Object.wait(Object.java:502)
        at java.util.TimerThread.mainLoop(Timer.java:526)
        at java.util.TimerThread.run(Timer.java:505)
"UnderReplicatedQueueThreadThread" daemon prio=5 tid=34 timed_waiting
java.lang.Thread.State: TIMED_WAITING
        at java.lang.Object.wait(Native Method)
        at org.apache.hadoop.hdds.scm.ha.BackgroundSCMService.run(BackgroundSCMService.java:110)
        at org.apache.hadoop.hdds.scm.ha.BackgroundSCMService$$Lambda$675/1681440676.run(Unknown Source)
        at java.lang.Thread.run(Thread.java:750)
"EndpointStateMachine task thread for /127.0.0.1:33939 - 0 "  prio=5 tid=931 timed_waiting
java.lang.Thread.State: TIMED_WAITING
        at java.lang.Thread.sleep(Native Method)
        at org.apache.hadoop.ipc.Client$Connection.handleConnectionFailure(Client.java:972)
        at org.apache.hadoop.ipc.Client$Connection.setupConnection(Client.java:724)
        at org.apache.hadoop.ipc.Client$Connection.setupIOstreams(Client.java:822)
        at org.apache.hadoop.ipc.Client$Connection.access$3800(Client.java:414)
        at org.apache.hadoop.ipc.Client.getConnection(Client.java:1647)
        at org.apache.hadoop.ipc.Client.call(Client.java:1463)
        at org.apache.hadoop.ipc.Client.call(Client.java:1416)
        at org.apache.hadoop.ipc.ProtobufRpcEngine$Invoker.invoke(ProtobufRpcEngine.java:236)
        at org.apache.hadoop.ipc.ProtobufRpcEngine$Invoker.invoke(ProtobufRpcEngine.java:123)
        at com.sun.proxy.$Proxy51.submitRequest(Unknown Source)
        at org.apache.hadoop.ozone.protocolPB.StorageContainerDatanodeProtocolClientSideTranslatorPB.submitRequest(StorageContainerDatanodeProtocolClientSideTranslatorPB.java:117)
        at org.apache.hadoop.ozone.protocolPB.StorageContainerDatanodeProtocolClientSideTranslatorPB.sendHeartbeat(StorageContainerDatanodeProtocolClientSideTranslatorPB.java:149)
        at org.apache.hadoop.ozone.container.common.states.endpoint.HeartbeatEndpointTask.call(HeartbeatEndpointTask.java:185)
        at org.apache.hadoop.ozone.container.common.states.endpoint.HeartbeatEndpointTask.call(HeartbeatEndpointTask.java:87)
        at java.util.concurrent.FutureTask.run(FutureTask.java:266)
        at java.util.concurrent.ThreadPoolExecutor.runWorker(ThreadPoolExecutor.java:1149)
        at java.util.concurrent.ThreadPoolExecutor$Worker.run(ThreadPoolExecutor.java:624)
        at java.lang.Thread.run(Thread.java:750)
"Listener at 127.0.0.1/45525" daemon prio=5 tid=12 runnable
java.lang.Thread.State: RUNNABLE
        at java.lang.Thread.dumpThreads(Native Method)
        at java.lang.Thread.getAllStackTraces(Thread.java:1615)
        at org.apache.ozone.test.TimedOutTestsListener.buildThreadDump(TimedOutTestsListener.java:93)
        at org.apache.ozone.test.TimedOutTestsListener.buildThreadDiagnosticString(TimedOutTestsListener.java:79)
        at org.apache.ozone.test.GenericTestUtils.waitFor(GenericTestUtils.java:224)
        at org.apache.hadoop.ozone.parser.TestOzoneHARatisLogParser.testRatisLogParsing(TestOzoneHARatisLogParser.java:129)
        at sun.reflect.NativeMethodAccessorImpl.invoke0(Native Method)
        at sun.reflect.NativeMethodAccessorImpl.invoke(NativeMethodAccessorImpl.java:62)
        at sun.reflect.DelegatingMethodAccessorImpl.invoke(DelegatingMethodAccessorImpl.java:43)
        at java.lang.reflect.Method.invoke(Method.java:498)
        at org.junit.runners.model.FrameworkMethod$1.runReflectiveCall(FrameworkMethod.java:59)
        at org.junit.internal.runners.model.ReflectiveCallable.run(ReflectiveCallable.java:12)
        at org.junit.runners.model.FrameworkMethod.invokeExplosively(FrameworkMethod.java:56)
        at org.junit.internal.runners.statements.InvokeMethod.evaluate(InvokeMethod.java:17)
        at org.junit.internal.runners.statements.RunBefores.evaluate(RunBefores.java:26)
        at org.junit.internal.runners.statements.RunAfters.evaluate(RunAfters.java:27)
        at org.junit.internal.runners.statements.FailOnTimeout$CallableStatement.call(FailOnTimeout.java:288)
        at org.junit.internal.runners.statements.FailOnTimeout$CallableStatement.call(FailOnTimeout.java:282)
        at java.util.concurrent.FutureTask.run(FutureTask.java:266)
        at java.lang.Thread.run(Thread.java:750)
"Datanode ReportManager Thread - 4" daemon prio=5 tid=875 in Object.wait()
java.lang.Thread.State: WAITING (on object monitor)
        at sun.misc.Unsafe.park(Native Method)
        at java.util.concurrent.locks.LockSupport.park(LockSupport.java:175)
        at java.util.concurrent.locks.AbstractQueuedSynchronizer$ConditionObject.await(AbstractQueuedSynchronizer.java:2039)
        at java.util.concurrent.ScheduledThreadPoolExecutor$DelayedWorkQueue.take(ScheduledThreadPoolExecutor.java:1088)
        at java.util.concurrent.ScheduledThreadPoolExecutor$DelayedWorkQueue.take(ScheduledThreadPoolExecutor.java:809)
        at java.util.concurrent.ThreadPoolExecutor.getTask(ThreadPoolExecutor.java:1074)
        at java.util.concurrent.ThreadPoolExecutor.runWorker(ThreadPoolExecutor.java:1134)
        at java.util.concurrent.ThreadPoolExecutor$Worker.run(ThreadPoolExecutor.java:624)
        at java.lang.Thread.run(Thread.java:750)
"SSL Certificates Store Monitor" daemon prio=5 tid=718 in Object.wait()
java.lang.Thread.State: WAITING (on object monitor)
        at java.lang.Object.wait(Native Method)
        at java.lang.Object.wait(Object.java:502)
        at java.util.TimerThread.mainLoop(Timer.java:526)
        at java.util.TimerThread.run(Timer.java:505)
"FullTableCache Cleanup Thread - 0" daemon prio=5 tid=1206 in Object.wait()
java.lang.Thread.State: WAITING (on object monitor)
        at sun.misc.Unsafe.park(Native Method)
        at java.util.concurrent.locks.LockSupport.park(LockSupport.java:175)
        at java.util.concurrent.locks.AbstractQueuedSynchronizer$ConditionObject.await(AbstractQueuedSynchronizer.java:2039)
        at java.util.concurrent.LinkedBlockingQueue.take(LinkedBlockingQueue.java:442)
        at java.util.concurrent.ThreadPoolExecutor.getTask(ThreadPoolExecutor.java:1074)
        at java.util.concurrent.ThreadPoolExecutor.runWorker(ThreadPoolExecutor.java:1134)
        at java.util.concurrent.ThreadPoolExecutor$Worker.run(ThreadPoolExecutor.java:624)
        at java.lang.Thread.run(Thread.java:750)
"EndpointStateMachine task thread for /127.0.0.1:33939 - 0 "  prio=5 tid=889 in Object.wait()
java.lang.Thread.State: WAITING (on object monitor)
        at sun.misc.Unsafe.park(Native Method)
        at java.util.concurrent.locks.LockSupport.park(LockSupport.java:175)
        at java.util.concurrent.locks.AbstractQueuedSynchronizer$ConditionObject.await(AbstractQueuedSynchronizer.java:2039)
        at java.util.concurrent.LinkedBlockingQueue.take(LinkedBlockingQueue.java:442)
        at java.util.concurrent.ThreadPoolExecutor.getTask(ThreadPoolExecutor.java:1074)
        at java.util.concurrent.ThreadPoolExecutor.runWorker(ThreadPoolExecutor.java:1134)
        at java.util.concurrent.ThreadPoolExecutor$Worker.run(ThreadPoolExecutor.java:624)
        at java.lang.Thread.run(Thread.java:750)
"OverReplicatedQueueThreadThread" daemon prio=5 tid=35 timed_waiting
java.lang.Thread.State: TIMED_WAITING
        at java.lang.Object.wait(Native Method)
        at org.apache.hadoop.hdds.scm.ha.BackgroundSCMService.run(BackgroundSCMService.java:110)
        at org.apache.hadoop.hdds.scm.ha.BackgroundSCMService$$Lambda$675/1681440676.run(Unknown Source)
        at java.lang.Thread.run(Thread.java:750)
"Finalizer" daemon prio=8 tid=3 in Object.wait()
java.lang.Thread.State: WAITING (on object monitor)
        at java.lang.Object.wait(Native Method)
        at java.lang.ref.ReferenceQueue.remove(ReferenceQueue.java:144)
        at java.lang.ref.ReferenceQueue.remove(ReferenceQueue.java:165)
        at java.lang.ref.Finalizer$FinalizerThread.run(Finalizer.java:216)
"Datanode ReportManager Thread - 1" daemon prio=5 tid=872 in Object.wait()
java.lang.Thread.State: WAITING (on object monitor)
        at sun.misc.Unsafe.park(Native Method)
        at java.util.concurrent.locks.LockSupport.park(LockSupport.java:175)
        at java.util.concurrent.locks.AbstractQueuedSynchronizer$ConditionObject.await(AbstractQueuedSynchronizer.java:2039)
        at java.util.concurrent.ScheduledThreadPoolExecutor$DelayedWorkQueue.take(ScheduledThreadPoolExecutor.java:1088)
        at java.util.concurrent.ScheduledThreadPoolExecutor$DelayedWorkQueue.take(ScheduledThreadPoolExecutor.java:809)
        at java.util.concurrent.ThreadPoolExecutor.getTask(ThreadPoolExecutor.java:1074)
        at java.util.concurrent.ThreadPoolExecutor.runWorker(ThreadPoolExecutor.java:1134)
        at java.util.concurrent.ThreadPoolExecutor$Worker.run(ThreadPoolExecutor.java:624)
        at java.lang.Thread.run(Thread.java:750)
"FullTableCache Cleanup Thread - 0" daemon prio=5 tid=1207 in Object.wait()
java.lang.Thread.State: WAITING (on object monitor)
        at sun.misc.Unsafe.park(Native Method)
        at java.util.concurrent.locks.LockSupport.park(LockSupport.java:175)
        at java.util.concurrent.locks.AbstractQueuedSynchronizer$ConditionObject.await(AbstractQueuedSynchronizer.java:2039)
        at java.util.concurrent.LinkedBlockingQueue.take(LinkedBlockingQueue.java:442)
        at java.util.concurrent.ThreadPoolExecutor.getTask(ThreadPoolExecutor.java:1074)
        at java.util.concurrent.ThreadPoolExecutor.runWorker(ThreadPoolExecutor.java:1134)
        at java.util.concurrent.ThreadPoolExecutor$Worker.run(ThreadPoolExecutor.java:624)
        at java.lang.Thread.run(Thread.java:750)
"Reference Handler" daemon prio=10 tid=2 in Object.wait()
java.lang.Thread.State: WAITING (on object monitor)
        at java.lang.Object.wait(Native Method)
        at java.lang.Object.wait(Object.java:502)
        at java.lang.ref.Reference.tryHandlePending(Reference.java:191)
        at java.lang.ref.Reference$ReferenceHandler.run(Reference.java:153)
"FullTableCache Cleanup Thread - 0" daemon prio=5 tid=1201 in Object.wait()
java.lang.Thread.State: WAITING (on object monitor)
        at sun.misc.Unsafe.park(Native Method)
        at java.util.concurrent.locks.LockSupport.park(LockSupport.java:175)
        at java.util.concurrent.locks.AbstractQueuedSynchronizer$ConditionObject.await(AbstractQueuedSynchronizer.java:2039)
        at java.util.concurrent.LinkedBlockingQueue.take(LinkedBlockingQueue.java:442)
        at java.util.concurrent.ThreadPoolExecutor.getTask(ThreadPoolExecutor.java:1074)
        at java.util.concurrent.ThreadPoolExecutor.runWorker(ThreadPoolExecutor.java:1134)
        at java.util.concurrent.ThreadPoolExecutor$Worker.run(ThreadPoolExecutor.java:624)
        at java.lang.Thread.run(Thread.java:750)
"FullTableCache Cleanup Thread - 0" daemon prio=5 tid=1200 in Object.wait()
java.lang.Thread.State: WAITING (on object monitor)
        at sun.misc.Unsafe.park(Native Method)
        at java.util.concurrent.locks.LockSupport.park(LockSupport.java:175)
        at java.util.concurrent.locks.AbstractQueuedSynchronizer$ConditionObject.await(AbstractQueuedSynchronizer.java:2039)
        at java.util.concurrent.LinkedBlockingQueue.take(LinkedBlockingQueue.java:442)
        at java.util.concurrent.ThreadPoolExecutor.getTask(ThreadPoolExecutor.java:1074)
        at java.util.concurrent.ThreadPoolExecutor.runWorker(ThreadPoolExecutor.java:1134)
        at java.util.concurrent.ThreadPoolExecutor$Worker.run(ThreadPoolExecutor.java:624)
        at java.lang.Thread.run(Thread.java:750)
"Datanode ReportManager Thread - 4" daemon prio=5 tid=810 timed_waiting
java.lang.Thread.State: TIMED_WAITING
        at sun.misc.Unsafe.park(Native Method)
        at java.util.concurrent.locks.LockSupport.parkNanos(LockSupport.java:215)
        at java.util.concurrent.locks.AbstractQueuedSynchronizer$ConditionObject.awaitNanos(AbstractQueuedSynchronizer.java:2078)
        at java.util.concurrent.ScheduledThreadPoolExecutor$DelayedWorkQueue.take(ScheduledThreadPoolExecutor.java:1093)
        at java.util.concurrent.ScheduledThreadPoolExecutor$DelayedWorkQueue.take(ScheduledThreadPoolExecutor.java:809)
        at java.util.concurrent.ThreadPoolExecutor.getTask(ThreadPoolExecutor.java:1074)
        at java.util.concurrent.ThreadPoolExecutor.runWorker(ThreadPoolExecutor.java:1134)
        at java.util.concurrent.ThreadPoolExecutor$Worker.run(ThreadPoolExecutor.java:624)
        at java.lang.Thread.run(Thread.java:750)
"UnderReplicatedQueueThreadThread" daemon prio=5 tid=383 timed_waiting
java.lang.Thread.State: TIMED_WAITING
        at java.lang.Object.wait(Native Method)
        at org.apache.hadoop.hdds.scm.ha.BackgroundSCMService.run(BackgroundSCMService.java:110)
        at org.apache.hadoop.hdds.scm.ha.BackgroundSCMService$$Lambda$675/1681440676.run(Unknown Source)
        at java.lang.Thread.run(Thread.java:750)
"main"  prio=5 tid=1 timed_waiting
java.lang.Thread.State: TIMED_WAITING
        at sun.misc.Unsafe.park(Native Method)
        at java.util.concurrent.locks.LockSupport.parkNanos(LockSupport.java:215)
        at java.util.concurrent.FutureTask.awaitDone(FutureTask.java:426)
        at java.util.concurrent.FutureTask.get(FutureTask.java:204)
        at org.junit.internal.runners.statements.FailOnTimeout.getResult(FailOnTimeout.java:156)
        at org.junit.internal.runners.statements.FailOnTimeout.evaluate(FailOnTimeout.java:129)
        at org.junit.runners.ParentRunner$3.evaluate(ParentRunner.java:306)
        at org.junit.runners.BlockJUnit4ClassRunner$1.evaluate(BlockJUnit4ClassRunner.java:100)
        at org.junit.runners.ParentRunner.runLeaf(ParentRunner.java:366)
        at org.junit.runners.BlockJUnit4ClassRunner.runChild(BlockJUnit4ClassRunner.java:103)
        at org.junit.runners.BlockJUnit4ClassRunner.runChild(BlockJUnit4ClassRunner.java:63)
        at org.junit.runners.ParentRunner$4.run(ParentRunner.java:331)
        at org.junit.runners.ParentRunner$1.schedule(ParentRunner.java:79)
        at org.junit.runners.ParentRunner.runChildren(ParentRunner.java:329)
        at org.junit.runners.ParentRunner.access$100(ParentRunner.java:66)
        at org.junit.runners.ParentRunner$2.evaluate(ParentRunner.java:293)
        at org.junit.runners.ParentRunner$3.evaluate(ParentRunner.java:306)
        at org.junit.runners.ParentRunner.run(ParentRunner.java:413)
        at org.junit.runner.JUnitCore.run(JUnitCore.java:137)
        at org.junit.runner.JUnitCore.run(JUnitCore.java:115)
        at org.junit.vintage.engine.execution.RunnerExecutor.execute(RunnerExecutor.java:42)
        at org.junit.vintage.engine.VintageTestEngine.executeAllChildren(VintageTestEngine.java:80)
        at org.junit.vintage.engine.VintageTestEngine.execute(VintageTestEngine.java:72)
        at org.junit.platform.launcher.core.EngineExecutionOrchestrator.execute(EngineExecutionOrchestrator.java:107)
        at org.junit.platform.launcher.core.EngineExecutionOrchestrator.execute(EngineExecutionOrchestrator.java:88)
        at org.junit.platform.launcher.core.EngineExecutionOrchestrator.lambda$execute$0(EngineExecutionOrchestrator.java:54)
        at org.junit.platform.launcher.core.EngineExecutionOrchestrator$$Lambda$188/794075965.accept(Unknown Source)
        at org.junit.platform.launcher.core.EngineExecutionOrchestrator.withInterceptedStreams(EngineExecutionOrchestrator.java:67)
        at org.junit.platform.launcher.core.EngineExecutionOrchestrator.execute(EngineExecutionOrchestrator.java:52)
        at org.junit.platform.launcher.core.DefaultLauncher.execute(DefaultLauncher.java:114)
        at org.junit.platform.launcher.core.DefaultLauncher.execute(DefaultLauncher.java:86)
        at org.junit.platform.launcher.core.DefaultLauncherSession$DelegatingLauncher.execute(DefaultLauncherSession.java:86)
        at org.junit.platform.launcher.core.SessionPerRequestLauncher.execute(SessionPerRequestLauncher.java:53)
        at org.apache.maven.surefire.junitplatform.JUnitPlatformProvider.execute(JUnitPlatformProvider.java:188)
        at org.apache.maven.surefire.junitplatform.JUnitPlatformProvider.invokeAllTests(JUnitPlatformProvider.java:154)
        at org.apache.maven.surefire.junitplatform.JUnitPlatformProvider.invoke(JUnitPlatformProvider.java:124)
        at org.apache.maven.surefire.booter.ForkedBooter.runSuitesInProcess(ForkedBooter.java:428)
        at org.apache.maven.surefire.booter.ForkedBooter.execute(ForkedBooter.java:162)
        at org.apache.maven.surefire.booter.ForkedBooter.run(ForkedBooter.java:562)
        at org.apache.maven.surefire.booter.ForkedBooter.main(ForkedBooter.java:548)
"Datanode ReportManager Thread - 1" daemon prio=5 tid=846 in Object.wait()
java.lang.Thread.State: WAITING (on object monitor)
        at sun.misc.Unsafe.park(Native Method)
        at java.util.concurrent.locks.LockSupport.park(LockSupport.java:175)
        at java.util.concurrent.locks.AbstractQueuedSynchronizer$ConditionObject.await(AbstractQueuedSynchronizer.java:2039)
        at java.util.concurrent.ScheduledThreadPoolExecutor$DelayedWorkQueue.take(ScheduledThreadPoolExecutor.java:1088)
        at java.util.concurrent.ScheduledThreadPoolExecutor$DelayedWorkQueue.take(ScheduledThreadPoolExecutor.java:809)
        at java.util.concurrent.ThreadPoolExecutor.getTask(ThreadPoolExecutor.java:1074)
        at java.util.concurrent.ThreadPoolExecutor.runWorker(ThreadPoolExecutor.java:1134)
        at java.util.concurrent.ThreadPoolExecutor$Worker.run(ThreadPoolExecutor.java:624)
        at java.lang.Thread.run(Thread.java:750)
"EndpointStateMachine task thread for /127.0.0.1:34931 - 0 "  prio=5 tid=930 timed_waiting
java.lang.Thread.State: TIMED_WAITING
        at java.lang.Thread.sleep(Native Method)
        at org.apache.hadoop.ipc.Client$Connection.handleConnectionFailure(Client.java:972)
        at org.apache.hadoop.ipc.Client$Connection.setupConnection(Client.java:724)
        at org.apache.hadoop.ipc.Client$Connection.setupIOstreams(Client.java:822)
        at org.apache.hadoop.ipc.Client$Connection.access$3800(Client.java:414)
        at org.apache.hadoop.ipc.Client.getConnection(Client.java:1647)
        at org.apache.hadoop.ipc.Client.call(Client.java:1463)
        at org.apache.hadoop.ipc.Client.call(Client.java:1416)
        at org.apache.hadoop.ipc.ProtobufRpcEngine$Invoker.invoke(ProtobufRpcEngine.java:236)
        at org.apache.hadoop.ipc.ProtobufRpcEngine$Invoker.invoke(ProtobufRpcEngine.java:123)
        at com.sun.proxy.$Proxy51.submitRequest(Unknown Source)
        at org.apache.hadoop.ozone.protocolPB.StorageContainerDatanodeProtocolClientSideTranslatorPB.submitRequest(StorageContainerDatanodeProtocolClientSideTranslatorPB.java:117)
        at org.apache.hadoop.ozone.protocolPB.StorageContainerDatanodeProtocolClientSideTranslatorPB.sendHeartbeat(StorageContainerDatanodeProtocolClientSideTranslatorPB.java:149)
        at org.apache.hadoop.ozone.container.common.states.endpoint.HeartbeatEndpointTask.call(HeartbeatEndpointTask.java:185)
        at org.apache.hadoop.ozone.container.common.states.endpoint.HeartbeatEndpointTask.call(HeartbeatEndpointTask.java:87)
        at java.util.concurrent.FutureTask.run(FutureTask.java:266)
        at java.util.concurrent.ThreadPoolExecutor.runWorker(ThreadPoolExecutor.java:1149)
        at java.util.concurrent.ThreadPoolExecutor$Worker.run(ThreadPoolExecutor.java:624)
        at java.lang.Thread.run(Thread.java:750)
"surefire-forkedjvm-command-thread" daemon prio=5 tid=10 runnable
java.lang.Thread.State: RUNNABLE
        at java.io.FileInputStream.readBytes(Native Method)
        at java.io.FileInputStream.read(FileInputStream.java:255)
        at java.io.BufferedInputStream.read1(BufferedInputStream.java:284)
        at java.io.BufferedInputStream.read(BufferedInputStream.java:345)
        at java.io.BufferedInputStream.fill(BufferedInputStream.java:246)
        at java.io.BufferedInputStream.read1(BufferedInputStream.java:286)
        at java.io.BufferedInputStream.read(BufferedInputStream.java:345)
        at org.apache.maven.surefire.api.util.internal.Channels$3.readImpl(Channels.java:214)
        at org.apache.maven.surefire.api.util.internal.AbstractNoninterruptibleReadableChannel.read(AbstractNoninterruptibleReadableChannel.java:54)
        at org.apache.maven.surefire.booter.spi.LegacyMasterProcessChannelDecoder.decode(LegacyMasterProcessChannelDecoder.java:80)
        at org.apache.maven.surefire.booter.CommandReader$CommandRunnable.run(CommandReader.java:343)
        at java.lang.Thread.run(Thread.java:750)
"Datanode ReportManager Thread - 3" daemon prio=5 tid=809 in Object.wait()
java.lang.Thread.State: WAITING (on object monitor)
        at sun.misc.Unsafe.park(Native Method)
        at java.util.concurrent.locks.LockSupport.park(LockSupport.java:175)
        at java.util.concurrent.locks.AbstractQueuedSynchronizer$ConditionObject.await(AbstractQueuedSynchronizer.java:2039)
        at java.util.concurrent.ScheduledThreadPoolExecutor$DelayedWorkQueue.take(ScheduledThreadPoolExecutor.java:1088)
        at java.util.concurrent.ScheduledThreadPoolExecutor$DelayedWorkQueue.take(ScheduledThreadPoolExecutor.java:809)
        at java.util.concurrent.ThreadPoolExecutor.getTask(ThreadPoolExecutor.java:1074)
        at java.util.concurrent.ThreadPoolExecutor.runWorker(ThreadPoolExecutor.java:1134)
        at java.util.concurrent.ThreadPoolExecutor$Worker.run(ThreadPoolExecutor.java:624)
        at java.lang.Thread.run(Thread.java:750)
"java.util.concurrent.ThreadPoolExecutor$Worker@189a7353[State = -1, empty queue]" daemon prio=5 tid=1045 timed_waiting
java.lang.Thread.State: TIMED_WAITING
        at sun.misc.Unsafe.park(Native Method)
        at java.util.concurrent.locks.LockSupport.parkNanos(LockSupport.java:215)
        at java.util.concurrent.locks.AbstractQueuedSynchronizer$ConditionObject.awaitNanos(AbstractQueuedSynchronizer.java:2078)
        at java.util.concurrent.ScheduledThreadPoolExecutor$DelayedWorkQueue.take(ScheduledThreadPoolExecutor.java:1093)
        at java.util.concurrent.ScheduledThreadPoolExecutor$DelayedWorkQueue.take(ScheduledThreadPoolExecutor.java:809)
        at java.util.concurrent.ThreadPoolExecutor.getTask(ThreadPoolExecutor.java:1074)
        at java.util.concurrent.ThreadPoolExecutor.runWorker(ThreadPoolExecutor.java:1134)
        at java.util.concurrent.ThreadPoolExecutor$Worker.run(ThreadPoolExecutor.java:624)
        at java.lang.Thread.run(Thread.java:750)
"Datanode ReportManager Thread - 0" daemon prio=5 tid=806 in Object.wait()
java.lang.Thread.State: WAITING (on object monitor)
        at sun.misc.Unsafe.park(Native Method)
        at java.util.concurrent.locks.LockSupport.park(LockSupport.java:175)
        at java.util.concurrent.locks.AbstractQueuedSynchronizer$ConditionObject.await(AbstractQueuedSynchronizer.java:2039)
        at java.util.concurrent.ScheduledThreadPoolExecutor$DelayedWorkQueue.take(ScheduledThreadPoolExecutor.java:1088)
        at java.util.concurrent.ScheduledThreadPoolExecutor$DelayedWorkQueue.take(ScheduledThreadPoolExecutor.java:809)
        at java.util.concurrent.ThreadPoolExecutor.getTask(ThreadPoolExecutor.java:1074)
        at java.util.concurrent.ThreadPoolExecutor.runWorker(ThreadPoolExecutor.java:1134)
        at java.util.concurrent.ThreadPoolExecutor$Worker.run(ThreadPoolExecutor.java:624)
        at java.lang.Thread.run(Thread.java:750)
"Datanode ReportManager Thread - 3" daemon prio=5 tid=874 in Object.wait()
java.lang.Thread.State: WAITING (on object monitor)
        at sun.misc.Unsafe.park(Native Method)
        at java.util.concurrent.locks.LockSupport.park(LockSupport.java:175)
        at java.util.concurrent.locks.AbstractQueuedSynchronizer$ConditionObject.await(AbstractQueuedSynchronizer.java:2039)
        at java.util.concurrent.ScheduledThreadPoolExecutor$DelayedWorkQueue.take(ScheduledThreadPoolExecutor.java:1088)
        at java.util.concurrent.ScheduledThreadPoolExecutor$DelayedWorkQueue.take(ScheduledThreadPoolExecutor.java:809)
        at java.util.concurrent.ThreadPoolExecutor.getTask(ThreadPoolExecutor.java:1074)
        at java.util.concurrent.ThreadPoolExecutor.runWorker(ThreadPoolExecutor.java:1134)
        at java.util.concurrent.ThreadPoolExecutor$Worker.run(ThreadPoolExecutor.java:624)
        at java.lang.Thread.run(Thread.java:750)
"ExpiredContainerReplicaOpScrubberThread" daemon prio=5 tid=381 timed_waiting
java.lang.Thread.State: TIMED_WAITING
        at java.lang.Object.wait(Native Method)
        at org.apache.hadoop.hdds.scm.ha.BackgroundSCMService.run(BackgroundSCMService.java:110)
        at org.apache.hadoop.hdds.scm.ha.BackgroundSCMService$$Lambda$675/1681440676.run(Unknown Source)
        at java.lang.Thread.run(Thread.java:750)


	at org.apache.ozone.test.GenericTestUtils.waitFor(GenericTestUtils.java:224)
	at org.apache.hadoop.ozone.parser.TestOzoneHARatisLogParser.testRatisLogParsing(TestOzoneHARatisLogParser.java:129)
	at sun.reflect.NativeMethodAccessorImpl.invoke0(Native Method)
	at sun.reflect.NativeMethodAccessorImpl.invoke(NativeMethodAccessorImpl.java:62)
	at sun.reflect.DelegatingMethodAccessorImpl.invoke(DelegatingMethodAccessorImpl.java:43)
	at java.lang.reflect.Method.invoke(Method.java:498)
	at org.junit.runners.model.FrameworkMethod$1.runReflectiveCall(FrameworkMethod.java:59)
	at org.junit.internal.runners.model.ReflectiveCallable.run(ReflectiveCallable.java:12)
	at org.junit.runners.model.FrameworkMethod.invokeExplosively(FrameworkMethod.java:56)
	at org.junit.internal.runners.statements.InvokeMethod.evaluate(InvokeMethod.java:17)
	at org.junit.internal.runners.statements.RunBefores.evaluate(RunBefores.java:26)
	at org.junit.internal.runners.statements.RunAfters.evaluate(RunAfters.java:27)
	at org.junit.internal.runners.statements.FailOnTimeout$CallableStatement.call(FailOnTimeout.java:288)
	at org.junit.internal.runners.statements.FailOnTimeout$CallableStatement.call(FailOnTimeout.java:282)
	at java.util.concurrent.FutureTask.run(FutureTask.java:266)
	at java.lang.Thread.run(Thread.java:750)
]]></error>
    <system-out><![CDATA[2022-08-14 01:44:13,408 [Time-limited test] WARN  server.ServerUtils (ServerUtils.java:getScmDbDir(148)) - ozone.scm.db.dirs is not configured. We recommend adding this setting. Falling back to ozone.metadata.dirs instead.
2022-08-14 01:44:13,433 [Time-limited test] INFO  ha.SCMHANodeDetails (SCMHANodeDetails.java:loadSCMHAConfig(209)) - ServiceID for StorageContainerManager is scmServiceId
2022-08-14 01:44:13,444 [Time-limited test] INFO  ha.SCMHANodeDetails (SCMHANodeDetails.java:loadSCMHAConfig(220)) - ServiceID for StorageContainerManager is scmServiceId
2022-08-14 01:44:13,519 [Time-limited test] WARN  scm.ScmUtils (ScmUtils.java:logWarn(179)) - ConfigKey ozone.scm.block.client.address is deprecated, For configuring different ports for each SCM use PortConfigKey ozone.scm.block.client.port appended with serviceId and nodeId. If want to configure same port configure ozone.scm.block.client.port
2022-08-14 01:44:13,519 [Time-limited test] WARN  scm.ScmUtils (ScmUtils.java:logWarn(179)) - ConfigKey ozone.scm.client.address is deprecated, For configuring different ports for each SCM use PortConfigKey ozone.scm.client.port appended with serviceId and nodeId. If want to configure same port configure ozone.scm.client.port
2022-08-14 01:44:13,520 [Time-limited test] WARN  scm.ScmUtils (ScmUtils.java:logWarn(179)) - ConfigKey ozone.scm.datanode.address is deprecated, For configuring different ports for each SCM use PortConfigKey ozone.scm.datanode.port appended with serviceId and nodeId. If want to configure same port configure ozone.scm.datanode.port
2022-08-14 01:44:13,522 [Time-limited test] WARN  scm.ScmUtils (ScmUtils.java:logWarn(179)) - ConfigKey ozone.scm.block.client.address is deprecated, For configuring different ports for each SCM use PortConfigKey ozone.scm.block.client.port appended with serviceId and nodeId. If want to configure same port configure ozone.scm.block.client.port
2022-08-14 01:44:13,523 [Time-limited test] WARN  scm.ScmUtils (ScmUtils.java:logWarn(179)) - ConfigKey ozone.scm.client.address is deprecated, For configuring different ports for each SCM use PortConfigKey ozone.scm.client.port appended with serviceId and nodeId. If want to configure same port configure ozone.scm.client.port
2022-08-14 01:44:13,523 [Time-limited test] WARN  scm.ScmUtils (ScmUtils.java:logWarn(179)) - ConfigKey ozone.scm.datanode.address is deprecated, For configuring different ports for each SCM use PortConfigKey ozone.scm.datanode.port appended with serviceId and nodeId. If want to configure same port configure ozone.scm.datanode.port
2022-08-14 01:44:13,523 [Time-limited test] INFO  ha.SCMHANodeDetails (SCMHANodeDetails.java:loadSCMHAConfig(307)) - Found matching SCM address with SCMServiceId: scmServiceId, SCMNodeId: scmNode-1, RPC Address: localhost:43121 and Ratis port: 43121
2022-08-14 01:44:13,524 [Time-limited test] INFO  ha.SCMHANodeDetails (ConfUtils.java:setNodeSpecificConfigs(97)) - Setting configuration key ozone.scm.datanode.address with value of key ozone.scm.datanode.address.scmServiceId.scmNode-1: 127.0.0.1:33939
2022-08-14 01:44:13,524 [Time-limited test] INFO  ha.SCMHANodeDetails (ConfUtils.java:setNodeSpecificConfigs(97)) - Setting configuration key ozone.scm.block.client.address with value of key ozone.scm.block.client.address.scmServiceId.scmNode-1: 127.0.0.1:39797
2022-08-14 01:44:13,524 [Time-limited test] INFO  ha.SCMHANodeDetails (ConfUtils.java:setNodeSpecificConfigs(97)) - Setting configuration key ozone.scm.client.address with value of key ozone.scm.client.address.scmServiceId.scmNode-1: 127.0.0.1:42649
2022-08-14 01:44:13,524 [Time-limited test] INFO  ha.SCMHANodeDetails (ConfUtils.java:setNodeSpecificConfigs(97)) - Setting configuration key ozone.scm.ratis.port with value of key ozone.scm.ratis.port.scmServiceId.scmNode-1: 43121
2022-08-14 01:44:13,525 [Time-limited test] INFO  ha.SCMHANodeDetails (ConfUtils.java:setNodeSpecificConfigs(97)) - Setting configuration key ozone.scm.grpc.port with value of key ozone.scm.grpc.port.scmServiceId.scmNode-1: 39415
2022-08-14 01:44:13,525 [Time-limited test] INFO  ha.SCMHANodeDetails (ConfUtils.java:setNodeSpecificConfigs(97)) - Setting configuration key ozone.scm.http-address with value of key ozone.scm.http-address.scmServiceId.scmNode-1: 127.0.0.1:39203
2022-08-14 01:44:13,526 [Time-limited test] INFO  ha.SCMHANodeDetails (ConfUtils.java:setNodeSpecificConfigs(97)) - Setting configuration key ozone.scm.https-address with value of key ozone.scm.https-address.scmServiceId.scmNode-1: 127.0.0.1:36297
2022-08-14 01:44:13,526 [Time-limited test] INFO  ha.SCMHANodeDetails (ConfUtils.java:setNodeSpecificConfigs(97)) - Setting configuration key ozone.scm.address with value of key ozone.scm.address.scmServiceId.scmNode-1: 127.0.0.1
2022-08-14 01:44:13,526 [Time-limited test] WARN  scm.ScmUtils (ScmUtils.java:logWarn(179)) - ConfigKey ozone.scm.block.client.address is deprecated, For configuring different ports for each SCM use PortConfigKey ozone.scm.block.client.port appended with serviceId and nodeId. If want to configure same port configure ozone.scm.block.client.port
2022-08-14 01:44:13,527 [Time-limited test] WARN  scm.ScmUtils (ScmUtils.java:logWarn(179)) - ConfigKey ozone.scm.client.address is deprecated, For configuring different ports for each SCM use PortConfigKey ozone.scm.client.port appended with serviceId and nodeId. If want to configure same port configure ozone.scm.client.port
2022-08-14 01:44:13,528 [Time-limited test] WARN  scm.ScmUtils (ScmUtils.java:logWarn(179)) - ConfigKey ozone.scm.datanode.address is deprecated, For configuring different ports for each SCM use PortConfigKey ozone.scm.datanode.port appended with serviceId and nodeId. If want to configure same port configure ozone.scm.datanode.port
2022-08-14 01:44:13,645 [Time-limited test] INFO  server.RaftServer (ConfUtils.java:logGet(46)) - raft.rpc.type = GRPC (default)
2022-08-14 01:44:13,753 [Time-limited test] INFO  grpc.GrpcFactory (GrpcFactory.java:checkPooledByteBufAllocatorUseCacheForAllThreads(48)) - PERFORMANCE WARNING: useCacheForAllThreads is true that may cause Netty to create a lot garbage objects and, as a result, trigger GC.
	It is recommended to disable useCacheForAllThreads by setting -Dorg.apache.ratis.thirdparty.io.netty.allocator.useCacheForAllThreads=false in command line.
2022-08-14 01:44:13,760 [Time-limited test] INFO  grpc.GrpcConfigKeys (ConfUtils.java:logGet(46)) - raft.grpc.admin.port = -1 (default)
2022-08-14 01:44:13,761 [Time-limited test] INFO  grpc.GrpcConfigKeys (ConfUtils.java:logGet(46)) - raft.grpc.server.port = 43121 (custom)
2022-08-14 01:44:13,762 [Time-limited test] INFO  grpc.GrpcConfigKeys (ConfUtils.java:logGet(46)) - raft.grpc.client.port = -1 (default)
2022-08-14 01:44:13,762 [Time-limited test] INFO  grpc.GrpcConfigKeys (ConfUtils.java:logGet(46)) - raft.grpc.server.port = 43121 (custom)
2022-08-14 01:44:13,763 [Time-limited test] INFO  grpc.GrpcConfigKeys (ConfUtils.java:logGet(46)) - raft.grpc.server.port = 43121 (custom)
2022-08-14 01:44:13,765 [Time-limited test] INFO  server.GrpcService (ConfUtils.java:logGet(46)) - raft.grpc.message.size.max = 32m (=33554432) (custom)
2022-08-14 01:44:13,768 [Time-limited test] INFO  server.RaftServerConfigKeys (ConfUtils.java:logGet(46)) - raft.server.log.appender.buffer.byte-limit = 33554432 (custom)
2022-08-14 01:44:13,769 [Time-limited test] INFO  server.GrpcService (ConfUtils.java:logGet(46)) - raft.grpc.flow.control.window = 1MB (=1048576) (default)
2022-08-14 01:44:13,769 [Time-limited test] INFO  server.RaftServerConfigKeys (ConfUtils.java:logGet(46)) - raft.server.rpc.request.timeout = 30000ms (custom)
2022-08-14 01:44:13,800 [Time-limited test] INFO  grpc.GrpcConfigKeys (ConfUtils.java:logGet(46)) - raft.grpc.server.async.request.thread.pool.cached = true (default)
2022-08-14 01:44:13,801 [Time-limited test] INFO  grpc.GrpcConfigKeys (ConfUtils.java:logGet(46)) - raft.grpc.server.async.request.thread.pool.size = 32 (default)
2022-08-14 01:44:14,189 [Time-limited test] INFO  impl.DataStreamServerImpl (ConfUtils.java:logGet(46)) - raft.datastream.type = DISABLED (default)
2022-08-14 01:44:14,193 [Time-limited test] INFO  server.RaftServerConfigKeys (ConfUtils.java:logGet(46)) - raft.server.threadpool.proxy.cached = true (default)
2022-08-14 01:44:14,194 [Time-limited test] INFO  server.RaftServerConfigKeys (ConfUtils.java:logGet(46)) - raft.server.threadpool.proxy.size = 0 (default)
2022-08-14 01:44:14,194 [Time-limited test] INFO  server.RaftServerConfigKeys (ConfUtils.java:logGet(46)) - raft.server.rpc.slowness.timeout = 120000ms (custom)
2022-08-14 01:44:14,194 [Time-limited test] INFO  server.RaftServerConfigKeys (ConfUtils.java:logGet(46)) - raft.server.leaderelection.leader.step-down.wait-time = 10s (default)
2022-08-14 01:44:14,198 [Time-limited test] INFO  server.RaftServerConfigKeys (ConfUtils.java:logGet(46)) - raft.server.storage.dir = [/home/runner/work/ozone/ozone/hadoop-ozone/integration-test/target/test-dir/MiniOzoneClusterImpl-8ae01b46-865b-4b2e-8bfc-774eabe7d98c/scmNode-1/scm-ha] (custom)
2022-08-14 01:44:14,211 [Time-limited test] INFO  server.RaftServer (RaftServerProxy.java:addNew(96)) - eb4f5392-52f7-4dd8-91fe-f5d2e1c8a0c0: addNew group-774EABE7D98C:[eb4f5392-52f7-4dd8-91fe-f5d2e1c8a0c0|rpc:localhost:43121|priority:0] returns group-774EABE7D98C:java.util.concurrent.CompletableFuture@3689d3d[Not completed]
2022-08-14 01:44:14,236 [pool-2-thread-1] INFO  server.RaftServer$Division (RaftServerImpl.java:<init>(190)) - eb4f5392-52f7-4dd8-91fe-f5d2e1c8a0c0: new RaftServerImpl for group-774EABE7D98C:[eb4f5392-52f7-4dd8-91fe-f5d2e1c8a0c0|rpc:localhost:43121|priority:0] with SCMStateMachine:uninitialized
2022-08-14 01:44:14,238 [pool-2-thread-1] INFO  server.RaftServerConfigKeys (ConfUtils.java:logGet(46)) - raft.server.rpc.timeout.min = 5000ms (custom)
2022-08-14 01:44:14,239 [pool-2-thread-1] INFO  server.RaftServerConfigKeys (ConfUtils.java:logGet(46)) - raft.server.rpc.timeout.max = 5200ms (custom)
2022-08-14 01:44:14,239 [pool-2-thread-1] INFO  server.RaftServerConfigKeys (ConfUtils.java:logGet(46)) - raft.server.rpc.sleep.time = 25ms (default)
2022-08-14 01:44:14,239 [pool-2-thread-1] INFO  server.RaftServerConfigKeys (ConfUtils.java:logGet(46)) - raft.server.rpc.slowness.timeout = 120000ms (custom)
2022-08-14 01:44:14,239 [pool-2-thread-1] INFO  server.RaftServerConfigKeys (ConfUtils.java:logGet(46)) - raft.server.leaderelection.leader.step-down.wait-time = 10s (default)
2022-08-14 01:44:14,239 [pool-2-thread-1] INFO  server.RaftServerConfigKeys (ConfUtils.java:logGet(46)) - raft.server.sleep.deviation.threshold = 300ms (default)
2022-08-14 01:44:14,247 [pool-2-thread-1] INFO  server.RaftServer$Division (ServerState.java:<init>(107)) - eb4f5392-52f7-4dd8-91fe-f5d2e1c8a0c0@group-774EABE7D98C: ConfigurationManager, init=-1: [eb4f5392-52f7-4dd8-91fe-f5d2e1c8a0c0|rpc:localhost:43121|priority:0], old=null, confs=<EMPTY_MAP>
2022-08-14 01:44:14,247 [pool-2-thread-1] INFO  server.RaftServerConfigKeys (ConfUtils.java:logGet(46)) - raft.server.storage.dir = [/home/runner/work/ozone/ozone/hadoop-ozone/integration-test/target/test-dir/MiniOzoneClusterImpl-8ae01b46-865b-4b2e-8bfc-774eabe7d98c/scmNode-1/scm-ha] (custom)
2022-08-14 01:44:14,253 [pool-2-thread-1] INFO  server.RaftServerConfigKeys (ConfUtils.java:logGet(46)) - raft.server.log.corruption.policy = EXCEPTION (default)
2022-08-14 01:44:14,253 [pool-2-thread-1] INFO  server.RaftServerConfigKeys (ConfUtils.java:logGet(46)) - raft.server.storage.free-space.min = 0MB (=0) (default)
2022-08-14 01:44:14,255 [pool-2-thread-1] INFO  storage.RaftStorageDirectory (RaftStorageDirectoryImpl.java:analyzeStorage(135)) - The storage directory /home/runner/work/ozone/ozone/hadoop-ozone/integration-test/target/test-dir/MiniOzoneClusterImpl-8ae01b46-865b-4b2e-8bfc-774eabe7d98c/scmNode-1/scm-ha/8ae01b46-865b-4b2e-8bfc-774eabe7d98c does not exist. Creating ...
2022-08-14 01:44:14,263 [pool-2-thread-1] INFO  storage.RaftStorageDirectory (RaftStorageDirectoryImpl.java:tryLock(230)) - Lock on /home/runner/work/ozone/ozone/hadoop-ozone/integration-test/target/test-dir/MiniOzoneClusterImpl-8ae01b46-865b-4b2e-8bfc-774eabe7d98c/scmNode-1/scm-ha/8ae01b46-865b-4b2e-8bfc-774eabe7d98c/in_use.lock acquired by nodename 20746@fv-az372-557
2022-08-14 01:44:14,271 [pool-2-thread-1] INFO  storage.RaftStorage (RaftStorageImpl.java:format(89)) - Storage directory /home/runner/work/ozone/ozone/hadoop-ozone/integration-test/target/test-dir/MiniOzoneClusterImpl-8ae01b46-865b-4b2e-8bfc-774eabe7d98c/scmNode-1/scm-ha/8ae01b46-865b-4b2e-8bfc-774eabe7d98c has been successfully formatted.
2022-08-14 01:44:14,275 [pool-2-thread-1] INFO  server.RaftServerConfigKeys (ConfUtils.java:logGet(46)) - raft.server.notification.no-leader.timeout = 60s (default)
2022-08-14 01:44:14,277 [pool-2-thread-1] INFO  server.RaftServerConfigKeys (ConfUtils.java:logGet(46)) - raft.server.log.use.memory = false (default)
2022-08-14 01:44:14,286 [pool-2-thread-1] INFO  server.RaftServerConfigKeys (ConfUtils.java:logGet(46)) - raft.server.log.purge.gap = 1000000 (custom)
2022-08-14 01:44:14,286 [pool-2-thread-1] INFO  server.RaftServerConfigKeys (ConfUtils.java:logGet(46)) - raft.server.log.appender.buffer.byte-limit = 33554432 (custom)
2022-08-14 01:44:14,288 [pool-2-thread-1] INFO  server.RaftServerConfigKeys (ConfUtils.java:logGet(46)) - raft.server.log.statemachine.data.read.timeout = 1000ms (default)
2022-08-14 01:44:14,297 [pool-2-thread-1] INFO  metrics.MetricRegistries (MetricRegistriesLoader.java:load(64)) - Loaded MetricRegistries class org.apache.ratis.metrics.impl.MetricRegistriesImpl
2022-08-14 01:44:14,353 [pool-2-thread-1] INFO  server.RaftServerConfigKeys (ConfUtils.java:logGet(46)) - raft.server.log.segment.size.max = 4194304 (custom)
2022-08-14 01:44:14,367 [pool-2-thread-1] INFO  server.RaftServerConfigKeys (ConfUtils.java:logGet(46)) - raft.server.log.segment.cache.num.max = 2 (custom)
2022-08-14 01:44:14,367 [pool-2-thread-1] INFO  server.RaftServerConfigKeys (ConfUtils.java:logGet(46)) - raft.server.log.segment.cache.size.max = 200MB (=209715200) (default)
2022-08-14 01:44:14,373 [pool-2-thread-1] INFO  segmented.SegmentedRaftLogWorker (SegmentedRaftLogWorker.java:<init>(187)) - new eb4f5392-52f7-4dd8-91fe-f5d2e1c8a0c0@group-774EABE7D98C-SegmentedRaftLogWorker for RaftStorageImpl:Storage Directory /home/runner/work/ozone/ozone/hadoop-ozone/integration-test/target/test-dir/MiniOzoneClusterImpl-8ae01b46-865b-4b2e-8bfc-774eabe7d98c/scmNode-1/scm-ha/8ae01b46-865b-4b2e-8bfc-774eabe7d98c
2022-08-14 01:44:14,374 [pool-2-thread-1] INFO  server.RaftServerConfigKeys (ConfUtils.java:logGet(46)) - raft.server.log.queue.byte-limit = 64MB (=67108864) (default)
2022-08-14 01:44:14,374 [pool-2-thread-1] INFO  server.RaftServerConfigKeys (ConfUtils.java:logGet(46)) - raft.server.log.queue.element-limit = 4096 (default)
2022-08-14 01:44:14,375 [pool-2-thread-1] INFO  server.RaftServerConfigKeys (ConfUtils.java:logGet(46)) - raft.server.log.segment.size.max = 4194304 (custom)
2022-08-14 01:44:14,376 [pool-2-thread-1] INFO  server.RaftServerConfigKeys (ConfUtils.java:logGet(46)) - raft.server.log.preallocated.size = 4194304 (custom)
2022-08-14 01:44:14,376 [pool-2-thread-1] INFO  server.RaftServerConfigKeys (ConfUtils.java:logGet(46)) - raft.server.log.force.sync.num = 128 (default)
2022-08-14 01:44:14,377 [pool-2-thread-1] INFO  server.RaftServerConfigKeys (ConfUtils.java:logGet(46)) - raft.server.log.statemachine.data.sync = true (default)
2022-08-14 01:44:14,378 [pool-2-thread-1] INFO  server.RaftServerConfigKeys (ConfUtils.java:logGet(46)) - raft.server.log.statemachine.data.sync.timeout = 10s (default)
2022-08-14 01:44:14,378 [pool-2-thread-1] INFO  server.RaftServerConfigKeys (ConfUtils.java:logGet(46)) - raft.server.log.statemachine.data.sync.timeout.retry = -1 (default)
2022-08-14 01:44:14,387 [pool-2-thread-1] INFO  server.RaftServerConfigKeys (ConfUtils.java:logGet(46)) - raft.server.log.write.buffer.size = 64KB (=65536) (default)
2022-08-14 01:44:14,388 [pool-2-thread-1] INFO  server.RaftServerConfigKeys (ConfUtils.java:logGet(46)) - raft.server.log.unsafe-flush.enabled = false (default)
2022-08-14 01:44:14,389 [pool-2-thread-1] INFO  server.RaftServerConfigKeys (ConfUtils.java:logGet(46)) - raft.server.log.statemachine.data.caching.enabled = false (default)
2022-08-14 01:44:14,395 [pool-2-thread-1] INFO  segmented.SegmentedRaftLogWorker (SegmentedRaftLogWorker.java:lambda$new$0(135)) - eb4f5392-52f7-4dd8-91fe-f5d2e1c8a0c0@group-774EABE7D98C-SegmentedRaftLogWorker: flushIndex: setUnconditionally 0 -> -1
2022-08-14 01:44:14,395 [pool-2-thread-1] INFO  segmented.SegmentedRaftLogWorker (SegmentedRaftLogWorker.java:lambda$new$0(135)) - eb4f5392-52f7-4dd8-91fe-f5d2e1c8a0c0@group-774EABE7D98C-SegmentedRaftLogWorker: safeCacheEvictIndex: setUnconditionally 0 -> -1
2022-08-14 01:44:14,404 [pool-2-thread-1] INFO  server.RaftServerConfigKeys (ConfUtils.java:logGet(46)) - raft.server.snapshot.auto.trigger.enabled = true (custom)
2022-08-14 01:44:14,405 [pool-2-thread-1] INFO  server.RaftServerConfigKeys (ConfUtils.java:logGet(46)) - raft.server.snapshot.auto.trigger.threshold = 1000 (custom)
2022-08-14 01:44:14,408 [pool-2-thread-1] INFO  server.RaftServerConfigKeys (ConfUtils.java:logGet(46)) - raft.server.snapshot.retention.file.num = -1 (default)
2022-08-14 01:44:14,409 [pool-2-thread-1] INFO  server.RaftServerConfigKeys (ConfUtils.java:logGet(46)) - raft.server.log.purge.upto.snapshot.index = false (default)
2022-08-14 01:44:14,410 [pool-2-thread-1] INFO  server.RaftServerConfigKeys (ConfUtils.java:logGet(46)) - raft.server.retrycache.expirytime = 60000ms (default)
2022-08-14 01:44:14,411 [pool-2-thread-1] INFO  server.RaftServerConfigKeys (ConfUtils.java:logGet(46)) - raft.server.retrycache.statistics.expirytime = 100μs (default)
2022-08-14 01:44:14,464 [pool-2-thread-1] INFO  server.RaftServerConfigKeys (ConfUtils.java:logGet(46)) - raft.server.log.appender.install.snapshot.enabled = false (custom)
2022-08-14 01:44:14,464 [pool-2-thread-1] INFO  server.RaftServerConfigKeys (ConfUtils.java:logGet(46)) - raft.server.threadpool.server.cached = true (default)
2022-08-14 01:44:14,467 [pool-2-thread-1] INFO  server.RaftServerConfigKeys (ConfUtils.java:logGet(46)) - raft.server.threadpool.server.size = 0 (default)
2022-08-14 01:44:14,468 [pool-2-thread-1] INFO  server.RaftServerConfigKeys (ConfUtils.java:logGet(46)) - raft.server.threadpool.client.cached = true (default)
2022-08-14 01:44:14,469 [pool-2-thread-1] INFO  server.RaftServerConfigKeys (ConfUtils.java:logGet(46)) - raft.server.threadpool.client.size = 0 (default)
2022-08-14 01:44:14,470 [eb4f5392-52f7-4dd8-91fe-f5d2e1c8a0c0-impl-thread1] INFO  server.RaftServer$Division (RaftServerImpl.java:start(310)) - eb4f5392-52f7-4dd8-91fe-f5d2e1c8a0c0@group-774EABE7D98C: start as a follower, conf=-1: [eb4f5392-52f7-4dd8-91fe-f5d2e1c8a0c0|rpc:localhost:43121|priority:0], old=null
2022-08-14 01:44:14,471 [eb4f5392-52f7-4dd8-91fe-f5d2e1c8a0c0-impl-thread1] INFO  server.RaftServer$Division (RaftServerImpl.java:setRole(299)) - eb4f5392-52f7-4dd8-91fe-f5d2e1c8a0c0@group-774EABE7D98C: changes role from      null to FOLLOWER at term 0 for startAsFollower
2022-08-14 01:44:14,472 [eb4f5392-52f7-4dd8-91fe-f5d2e1c8a0c0-impl-thread1] INFO  impl.RoleInfo (RoleInfo.java:updateAndGet(139)) - eb4f5392-52f7-4dd8-91fe-f5d2e1c8a0c0: start eb4f5392-52f7-4dd8-91fe-f5d2e1c8a0c0@group-774EABE7D98C-FollowerState
2022-08-14 01:44:14,474 [eb4f5392-52f7-4dd8-91fe-f5d2e1c8a0c0-impl-thread1] INFO  util.JmxRegister (JmxRegister.java:tryRegister(44)) - Successfully registered JMX Bean with object name Ratis:service=RaftServer,group=group-774EABE7D98C,id=eb4f5392-52f7-4dd8-91fe-f5d2e1c8a0c0
2022-08-14 01:44:14,480 [Time-limited test] INFO  server.RaftServer (RaftServerProxy.java:lambda$start$6(382)) - eb4f5392-52f7-4dd8-91fe-f5d2e1c8a0c0: start RPC server
2022-08-14 01:44:14,561 [Time-limited test] INFO  server.GrpcService (GrpcService.java:startImpl(260)) - eb4f5392-52f7-4dd8-91fe-f5d2e1c8a0c0: GrpcService started, listening on 43121
2022-08-14 01:44:14,565 [org.apache.ratis.util.JvmPauseMonitor$$Lambda$519/202110677@7f5a4fe1] INFO  util.JvmPauseMonitor (JvmPauseMonitor.java:run(103)) - JvmPauseMonitor-eb4f5392-52f7-4dd8-91fe-f5d2e1c8a0c0: Started
2022-08-14 01:44:19,549 [eb4f5392-52f7-4dd8-91fe-f5d2e1c8a0c0@group-774EABE7D98C-FollowerState] INFO  impl.FollowerState (FollowerState.java:run(143)) - eb4f5392-52f7-4dd8-91fe-f5d2e1c8a0c0@group-774EABE7D98C-FollowerState: change to CANDIDATE, lastRpcElapsedTime:5077031596ns, electionTimeout:5064ms
2022-08-14 01:44:19,550 [eb4f5392-52f7-4dd8-91fe-f5d2e1c8a0c0@group-774EABE7D98C-FollowerState] INFO  impl.RoleInfo (RoleInfo.java:shutdownFollowerState(110)) - eb4f5392-52f7-4dd8-91fe-f5d2e1c8a0c0: shutdown eb4f5392-52f7-4dd8-91fe-f5d2e1c8a0c0@group-774EABE7D98C-FollowerState
2022-08-14 01:44:19,550 [eb4f5392-52f7-4dd8-91fe-f5d2e1c8a0c0@group-774EABE7D98C-FollowerState] INFO  server.RaftServer$Division (RaftServerImpl.java:setRole(299)) - eb4f5392-52f7-4dd8-91fe-f5d2e1c8a0c0@group-774EABE7D98C: changes role from  FOLLOWER to CANDIDATE at term 0 for changeToCandidate
2022-08-14 01:44:19,553 [eb4f5392-52f7-4dd8-91fe-f5d2e1c8a0c0@group-774EABE7D98C-FollowerState] INFO  server.RaftServerConfigKeys (ConfUtils.java:logGet(46)) - raft.server.leaderelection.pre-vote = false (custom)
2022-08-14 01:44:19,553 [eb4f5392-52f7-4dd8-91fe-f5d2e1c8a0c0@group-774EABE7D98C-FollowerState] INFO  impl.RoleInfo (RoleInfo.java:updateAndGet(139)) - eb4f5392-52f7-4dd8-91fe-f5d2e1c8a0c0: start eb4f5392-52f7-4dd8-91fe-f5d2e1c8a0c0@group-774EABE7D98C-LeaderElection1
2022-08-14 01:44:19,557 [eb4f5392-52f7-4dd8-91fe-f5d2e1c8a0c0@group-774EABE7D98C-LeaderElection1] INFO  impl.LeaderElection (LeaderElection.java:askForVotes(310)) - eb4f5392-52f7-4dd8-91fe-f5d2e1c8a0c0@group-774EABE7D98C-LeaderElection1 ELECTION round 0: submit vote requests at term 1 for -1: [eb4f5392-52f7-4dd8-91fe-f5d2e1c8a0c0|rpc:localhost:43121|priority:0], old=null
2022-08-14 01:44:19,558 [eb4f5392-52f7-4dd8-91fe-f5d2e1c8a0c0@group-774EABE7D98C-LeaderElection1] INFO  impl.LeaderElection (LeaderElection.java:askForVotes(312)) - eb4f5392-52f7-4dd8-91fe-f5d2e1c8a0c0@group-774EABE7D98C-LeaderElection1 ELECTION round 0: result PASSED (term=1)
2022-08-14 01:44:19,559 [eb4f5392-52f7-4dd8-91fe-f5d2e1c8a0c0@group-774EABE7D98C-LeaderElection1] INFO  impl.RoleInfo (RoleInfo.java:shutdownLeaderElection(130)) - eb4f5392-52f7-4dd8-91fe-f5d2e1c8a0c0: shutdown eb4f5392-52f7-4dd8-91fe-f5d2e1c8a0c0@group-774EABE7D98C-LeaderElection1
2022-08-14 01:44:19,559 [eb4f5392-52f7-4dd8-91fe-f5d2e1c8a0c0@group-774EABE7D98C-LeaderElection1] INFO  server.RaftServer$Division (RaftServerImpl.java:setRole(299)) - eb4f5392-52f7-4dd8-91fe-f5d2e1c8a0c0@group-774EABE7D98C: changes role from CANDIDATE to LEADER at term 1 for changeToLeader
2022-08-14 01:44:19,559 [eb4f5392-52f7-4dd8-91fe-f5d2e1c8a0c0@group-774EABE7D98C-LeaderElection1] INFO  server.RaftServer$Division (ServerState.java:setLeader(287)) - eb4f5392-52f7-4dd8-91fe-f5d2e1c8a0c0@group-774EABE7D98C: change Leader from null to eb4f5392-52f7-4dd8-91fe-f5d2e1c8a0c0 at term 1 for becomeLeader, leader elected after 5285ms
2022-08-14 01:44:19,566 [eb4f5392-52f7-4dd8-91fe-f5d2e1c8a0c0@group-774EABE7D98C-LeaderElection1] INFO  server.RaftServerConfigKeys (ConfUtils.java:logGet(46)) - raft.server.staging.catchup.gap = 1000 (default)
2022-08-14 01:44:19,571 [eb4f5392-52f7-4dd8-91fe-f5d2e1c8a0c0@group-774EABE7D98C-LeaderElection1] INFO  server.RaftServerConfigKeys (ConfUtils.java:logGet(46)) - raft.server.write.element-limit = 4096 (default)
2022-08-14 01:44:19,571 [eb4f5392-52f7-4dd8-91fe-f5d2e1c8a0c0@group-774EABE7D98C-LeaderElection1] INFO  server.RaftServerConfigKeys (ConfUtils.java:logGet(46)) - raft.server.write.byte-limit = 64MB (=67108864) (default)
2022-08-14 01:44:19,579 [eb4f5392-52f7-4dd8-91fe-f5d2e1c8a0c0@group-774EABE7D98C-LeaderElection1] INFO  server.RaftServerConfigKeys (ConfUtils.java:logGet(46)) - raft.server.watch.timeout = 10s (default)
2022-08-14 01:44:19,579 [eb4f5392-52f7-4dd8-91fe-f5d2e1c8a0c0@group-774EABE7D98C-LeaderElection1] INFO  server.RaftServerConfigKeys (ConfUtils.java:logGet(46)) - raft.server.watch.timeout.denomination = 1s (default)
2022-08-14 01:44:19,580 [eb4f5392-52f7-4dd8-91fe-f5d2e1c8a0c0@group-774EABE7D98C-LeaderElection1] INFO  server.RaftServerConfigKeys (ConfUtils.java:logGet(46)) - raft.server.watch.element-limit = 65536 (default)
2022-08-14 01:44:19,585 [eb4f5392-52f7-4dd8-91fe-f5d2e1c8a0c0@group-774EABE7D98C-LeaderElection1] INFO  server.RaftServerConfigKeys (ConfUtils.java:logGet(46)) - raft.server.write.element-limit = 4096 (default)
2022-08-14 01:44:19,587 [eb4f5392-52f7-4dd8-91fe-f5d2e1c8a0c0@group-774EABE7D98C-LeaderElection1] INFO  server.RaftServerConfigKeys (ConfUtils.java:logGet(46)) - raft.server.write.follower.gap.ratio.max = -1.0 (default)
2022-08-14 01:44:19,590 [eb4f5392-52f7-4dd8-91fe-f5d2e1c8a0c0@group-774EABE7D98C-LeaderElection1] INFO  impl.RoleInfo (RoleInfo.java:updateAndGet(139)) - eb4f5392-52f7-4dd8-91fe-f5d2e1c8a0c0: start eb4f5392-52f7-4dd8-91fe-f5d2e1c8a0c0@group-774EABE7D98C-LeaderStateImpl
2022-08-14 01:44:19,616 [eb4f5392-52f7-4dd8-91fe-f5d2e1c8a0c0@group-774EABE7D98C-LeaderElection1] INFO  segmented.SegmentedRaftLogWorker (SegmentedRaftLogWorker.java:startLogSegment(425)) - eb4f5392-52f7-4dd8-91fe-f5d2e1c8a0c0@group-774EABE7D98C-SegmentedRaftLogWorker: Starting segment from index:0
2022-08-14 01:44:19,647 [eb4f5392-52f7-4dd8-91fe-f5d2e1c8a0c0@group-774EABE7D98C-LeaderElection1] INFO  server.RaftServer$Division (ServerState.java:setRaftConf(393)) - eb4f5392-52f7-4dd8-91fe-f5d2e1c8a0c0@group-774EABE7D98C: set configuration 0: [eb4f5392-52f7-4dd8-91fe-f5d2e1c8a0c0|rpc:localhost:43121|admin:|client:|dataStream:|priority:0], old=null
2022-08-14 01:44:19,711 [eb4f5392-52f7-4dd8-91fe-f5d2e1c8a0c0@group-774EABE7D98C-SegmentedRaftLogWorker] INFO  segmented.SegmentedRaftLogWorker (SegmentedRaftLogWorker.java:execute(629)) - eb4f5392-52f7-4dd8-91fe-f5d2e1c8a0c0@group-774EABE7D98C-SegmentedRaftLogWorker: created new log segment /home/runner/work/ozone/ozone/hadoop-ozone/integration-test/target/test-dir/MiniOzoneClusterImpl-8ae01b46-865b-4b2e-8bfc-774eabe7d98c/scmNode-1/scm-ha/8ae01b46-865b-4b2e-8bfc-774eabe7d98c/current/log_inprogress_0
2022-08-14 01:44:20,567 [Time-limited test] INFO  server.RaftServer (RaftServerProxy.java:lambda$close$7(398)) - eb4f5392-52f7-4dd8-91fe-f5d2e1c8a0c0: close
2022-08-14 01:44:20,569 [Time-limited test] INFO  server.RaftServer$Division (RaftServerImpl.java:lambda$close$4(434)) - eb4f5392-52f7-4dd8-91fe-f5d2e1c8a0c0@group-774EABE7D98C: shutdown
2022-08-14 01:44:20,569 [Time-limited test] INFO  util.JmxRegister (JmxRegister.java:unregister(73)) - Successfully un-registered JMX Bean with object name Ratis:service=RaftServer,group=group-774EABE7D98C,id=eb4f5392-52f7-4dd8-91fe-f5d2e1c8a0c0
2022-08-14 01:44:20,570 [Time-limited test] INFO  impl.RoleInfo (RoleInfo.java:shutdownLeaderState(93)) - eb4f5392-52f7-4dd8-91fe-f5d2e1c8a0c0: shutdown eb4f5392-52f7-4dd8-91fe-f5d2e1c8a0c0@group-774EABE7D98C-LeaderStateImpl
2022-08-14 01:44:20,576 [Time-limited test] INFO  impl.PendingRequests (PendingRequests.java:sendNotLeaderResponses(282)) - eb4f5392-52f7-4dd8-91fe-f5d2e1c8a0c0@group-774EABE7D98C-PendingRequests: sendNotLeaderResponses
2022-08-14 01:44:20,579 [eb4f5392-52f7-4dd8-91fe-f5d2e1c8a0c0@group-774EABE7D98C-StateMachineUpdater] INFO  impl.StateMachineUpdater (StateMachineUpdater.java:takeSnapshot(287)) - eb4f5392-52f7-4dd8-91fe-f5d2e1c8a0c0@group-774EABE7D98C-StateMachineUpdater: Took a snapshot at index 0
2022-08-14 01:44:20,580 [eb4f5392-52f7-4dd8-91fe-f5d2e1c8a0c0@group-774EABE7D98C-StateMachineUpdater] INFO  impl.StateMachineUpdater (StateMachineUpdater.java:lambda$new$0(92)) - eb4f5392-52f7-4dd8-91fe-f5d2e1c8a0c0@group-774EABE7D98C-StateMachineUpdater: snapshotIndex: updateIncreasingly -1 -> 0
2022-08-14 01:44:20,582 [Time-limited test] INFO  impl.StateMachineUpdater (StateMachineUpdater.java:stopAndJoin(153)) - eb4f5392-52f7-4dd8-91fe-f5d2e1c8a0c0@group-774EABE7D98C-StateMachineUpdater: set stopIndex = 0
2022-08-14 01:44:20,582 [Time-limited test] INFO  server.RaftServer$Division (ServerState.java:close(429)) - eb4f5392-52f7-4dd8-91fe-f5d2e1c8a0c0@group-774EABE7D98C: closes. applyIndex: 0
2022-08-14 01:44:20,584 [eb4f5392-52f7-4dd8-91fe-f5d2e1c8a0c0@group-774EABE7D98C-SegmentedRaftLogWorker] INFO  segmented.SegmentedRaftLogWorker (SegmentedRaftLogWorker.java:run(336)) - eb4f5392-52f7-4dd8-91fe-f5d2e1c8a0c0@group-774EABE7D98C-SegmentedRaftLogWorker was interrupted, exiting. There are 0 tasks remaining in the queue.
2022-08-14 01:44:20,585 [Time-limited test] INFO  segmented.SegmentedRaftLogWorker (SegmentedRaftLogWorker.java:close(246)) - eb4f5392-52f7-4dd8-91fe-f5d2e1c8a0c0@group-774EABE7D98C-SegmentedRaftLogWorker close()
2022-08-14 01:44:20,587 [Time-limited test] INFO  server.GrpcService (GrpcService.java:closeImpl(269)) - eb4f5392-52f7-4dd8-91fe-f5d2e1c8a0c0: shutdown server with port 43121 now
2022-08-14 01:44:20,599 [Time-limited test] INFO  server.GrpcService (GrpcService.java:closeImpl(278)) - eb4f5392-52f7-4dd8-91fe-f5d2e1c8a0c0: shutdown server with port 43121 successfully
2022-08-14 01:44:20,599 [org.apache.ratis.util.JvmPauseMonitor$$Lambda$519/202110677@7f5a4fe1] INFO  util.JvmPauseMonitor (JvmPauseMonitor.java:run(109)) - JvmPauseMonitor-eb4f5392-52f7-4dd8-91fe-f5d2e1c8a0c0: Stopped
2022-08-14 01:44:20,599 [Time-limited test] WARN  server.ServerUtils (ServerUtils.java:getScmDbDir(148)) - ozone.scm.db.dirs is not configured. We recommend adding this setting. Falling back to ozone.metadata.dirs instead.
2022-08-14 01:44:20,602 [Time-limited test] INFO  server.StorageContainerManager (StorageContainerManager.java:scmInit(1240)) - SCM initialization succeeded. Current cluster id for sd=/home/runner/work/ozone/ozone/hadoop-ozone/integration-test/target/test-dir/MiniOzoneClusterImpl-8ae01b46-865b-4b2e-8bfc-774eabe7d98c/scmNode-1/scm; cid=8ae01b46-865b-4b2e-8bfc-774eabe7d98c; layoutVersion=4; scmId=eb4f5392-52f7-4dd8-91fe-f5d2e1c8a0c0
2022-08-14 01:44:20,610 [Time-limited test] WARN  server.ServerUtils (ServerUtils.java:getScmDbDir(148)) - ozone.scm.db.dirs is not configured. We recommend adding this setting. Falling back to ozone.metadata.dirs instead.
2022-08-14 01:44:20,611 [Time-limited test] INFO  ha.SCMHANodeDetails (SCMHANodeDetails.java:loadSCMHAConfig(209)) - ServiceID for StorageContainerManager is scmServiceId
2022-08-14 01:44:20,611 [Time-limited test] INFO  ha.SCMHANodeDetails (SCMHANodeDetails.java:loadSCMHAConfig(220)) - ServiceID for StorageContainerManager is scmServiceId
2022-08-14 01:44:20,611 [Time-limited test] WARN  scm.ScmUtils (ScmUtils.java:logWarn(179)) - ConfigKey ozone.scm.block.client.address is deprecated, For configuring different ports for each SCM use PortConfigKey ozone.scm.block.client.port appended with serviceId and nodeId. If want to configure same port configure ozone.scm.block.client.port
2022-08-14 01:44:20,612 [Time-limited test] WARN  scm.ScmUtils (ScmUtils.java:logWarn(179)) - ConfigKey ozone.scm.client.address is deprecated, For configuring different ports for each SCM use PortConfigKey ozone.scm.client.port appended with serviceId and nodeId. If want to configure same port configure ozone.scm.client.port
2022-08-14 01:44:20,612 [Time-limited test] WARN  scm.ScmUtils (ScmUtils.java:logWarn(179)) - ConfigKey ozone.scm.datanode.address is deprecated, For configuring different ports for each SCM use PortConfigKey ozone.scm.datanode.port appended with serviceId and nodeId. If want to configure same port configure ozone.scm.datanode.port
2022-08-14 01:44:20,612 [Time-limited test] WARN  scm.ScmUtils (ScmUtils.java:logWarn(179)) - ConfigKey ozone.scm.block.client.address is deprecated, For configuring different ports for each SCM use PortConfigKey ozone.scm.block.client.port appended with serviceId and nodeId. If want to configure same port configure ozone.scm.block.client.port
2022-08-14 01:44:20,612 [Time-limited test] WARN  scm.ScmUtils (ScmUtils.java:logWarn(179)) - ConfigKey ozone.scm.client.address is deprecated, For configuring different ports for each SCM use PortConfigKey ozone.scm.client.port appended with serviceId and nodeId. If want to configure same port configure ozone.scm.client.port
2022-08-14 01:44:20,613 [Time-limited test] WARN  scm.ScmUtils (ScmUtils.java:logWarn(179)) - ConfigKey ozone.scm.datanode.address is deprecated, For configuring different ports for each SCM use PortConfigKey ozone.scm.datanode.port appended with serviceId and nodeId. If want to configure same port configure ozone.scm.datanode.port
2022-08-14 01:44:20,613 [Time-limited test] INFO  ha.SCMHANodeDetails (SCMHANodeDetails.java:loadSCMHAConfig(307)) - Found matching SCM address with SCMServiceId: scmServiceId, SCMNodeId: scmNode-1, RPC Address: localhost:43121 and Ratis port: 43121
2022-08-14 01:44:20,613 [Time-limited test] INFO  ha.SCMHANodeDetails (ConfUtils.java:setNodeSpecificConfigs(97)) - Setting configuration key ozone.scm.datanode.address with value of key ozone.scm.datanode.address.scmServiceId.scmNode-1: 127.0.0.1:33939
2022-08-14 01:44:20,613 [Time-limited test] INFO  ha.SCMHANodeDetails (ConfUtils.java:setNodeSpecificConfigs(97)) - Setting configuration key ozone.scm.block.client.address with value of key ozone.scm.block.client.address.scmServiceId.scmNode-1: 127.0.0.1:39797
2022-08-14 01:44:20,613 [Time-limited test] INFO  ha.SCMHANodeDetails (ConfUtils.java:setNodeSpecificConfigs(97)) - Setting configuration key ozone.scm.client.address with value of key ozone.scm.client.address.scmServiceId.scmNode-1: 127.0.0.1:42649
2022-08-14 01:44:20,614 [Time-limited test] INFO  ha.SCMHANodeDetails (ConfUtils.java:setNodeSpecificConfigs(97)) - Setting configuration key ozone.scm.ratis.port with value of key ozone.scm.ratis.port.scmServiceId.scmNode-1: 43121
2022-08-14 01:44:20,614 [Time-limited test] INFO  ha.SCMHANodeDetails (ConfUtils.java:setNodeSpecificConfigs(97)) - Setting configuration key ozone.scm.grpc.port with value of key ozone.scm.grpc.port.scmServiceId.scmNode-1: 39415
2022-08-14 01:44:20,614 [Time-limited test] INFO  ha.SCMHANodeDetails (ConfUtils.java:setNodeSpecificConfigs(97)) - Setting configuration key ozone.scm.http-address with value of key ozone.scm.http-address.scmServiceId.scmNode-1: 127.0.0.1:39203
2022-08-14 01:44:20,614 [Time-limited test] INFO  ha.SCMHANodeDetails (ConfUtils.java:setNodeSpecificConfigs(97)) - Setting configuration key ozone.scm.https-address with value of key ozone.scm.https-address.scmServiceId.scmNode-1: 127.0.0.1:36297
2022-08-14 01:44:20,614 [Time-limited test] INFO  ha.SCMHANodeDetails (ConfUtils.java:setNodeSpecificConfigs(97)) - Setting configuration key ozone.scm.address with value of key ozone.scm.address.scmServiceId.scmNode-1: 127.0.0.1
2022-08-14 01:44:20,614 [Time-limited test] WARN  scm.ScmUtils (ScmUtils.java:logWarn(179)) - ConfigKey ozone.scm.block.client.address is deprecated, For configuring different ports for each SCM use PortConfigKey ozone.scm.block.client.port appended with serviceId and nodeId. If want to configure same port configure ozone.scm.block.client.port
2022-08-14 01:44:20,614 [Time-limited test] WARN  scm.ScmUtils (ScmUtils.java:logWarn(179)) - ConfigKey ozone.scm.client.address is deprecated, For configuring different ports for each SCM use PortConfigKey ozone.scm.client.port appended with serviceId and nodeId. If want to configure same port configure ozone.scm.client.port
2022-08-14 01:44:20,615 [Time-limited test] WARN  scm.ScmUtils (ScmUtils.java:logWarn(179)) - ConfigKey ozone.scm.datanode.address is deprecated, For configuring different ports for each SCM use PortConfigKey ozone.scm.datanode.port appended with serviceId and nodeId. If want to configure same port configure ozone.scm.datanode.port
2022-08-14 01:44:21,040 [Time-limited test] WARN  utils.HAUtils (HAUtils.java:getMetaDir(342)) - ozone.scm.db.dirs is not configured. We recommend adding this setting. Falling back to ozone.metadata.dirs instead.
2022-08-14 01:44:21,175 [Time-limited test] WARN  db.DBStoreBuilder (DBStoreBuilder.java:applyDBDefinition(143)) - ozone.scm.db.dirs is not configured. We recommend adding this setting. Falling back to ozone.metadata.dirs instead.
2022-08-14 01:44:21,411 [Time-limited test] INFO  net.NodeSchemaLoader (NodeSchemaLoader.java:loadSchemaFromFile(129)) - Loading schema from [jar:file:/home/runner/.m2/repository/org/apache/ozone/hdds-common/1.3.0-SNAPSHOT/hdds-common-1.3.0-SNAPSHOT.jar!/network-topology-default.xml]
2022-08-14 01:44:21,412 [Time-limited test] INFO  net.NodeSchemaLoader (NodeSchemaLoader.java:loadSchema(176)) - Loading network topology layer schema file
2022-08-14 01:44:21,465 [Time-limited test] INFO  ha.SCMRatisServerImpl (SCMRatisServerImpl.java:<init>(87)) - starting Raft server for scm:eb4f5392-52f7-4dd8-91fe-f5d2e1c8a0c0
2022-08-14 01:44:21,469 [Time-limited test] INFO  server.RaftServer (ConfUtils.java:logGet(46)) - raft.rpc.type = GRPC (default)
2022-08-14 01:44:21,469 [Time-limited test] INFO  grpc.GrpcFactory (GrpcFactory.java:checkPooledByteBufAllocatorUseCacheForAllThreads(48)) - PERFORMANCE WARNING: useCacheForAllThreads is true that may cause Netty to create a lot garbage objects and, as a result, trigger GC.
	It is recommended to disable useCacheForAllThreads by setting -Dorg.apache.ratis.thirdparty.io.netty.allocator.useCacheForAllThreads=false in command line.
2022-08-14 01:44:21,469 [Time-limited test] INFO  grpc.GrpcConfigKeys (ConfUtils.java:logGet(46)) - raft.grpc.admin.port = -1 (default)
2022-08-14 01:44:21,470 [Time-limited test] INFO  grpc.GrpcConfigKeys (ConfUtils.java:logGet(46)) - raft.grpc.server.port = 43121 (custom)
2022-08-14 01:44:21,470 [Time-limited test] INFO  grpc.GrpcConfigKeys (ConfUtils.java:logGet(46)) - raft.grpc.client.port = -1 (default)
2022-08-14 01:44:21,470 [Time-limited test] INFO  grpc.GrpcConfigKeys (ConfUtils.java:logGet(46)) - raft.grpc.server.port = 43121 (custom)
2022-08-14 01:44:21,470 [Time-limited test] INFO  grpc.GrpcConfigKeys (ConfUtils.java:logGet(46)) - raft.grpc.server.port = 43121 (custom)
2022-08-14 01:44:21,470 [Time-limited test] INFO  server.GrpcService (ConfUtils.java:logGet(46)) - raft.grpc.message.size.max = 32m (=33554432) (custom)
2022-08-14 01:44:21,471 [Time-limited test] INFO  server.RaftServerConfigKeys (ConfUtils.java:logGet(46)) - raft.server.log.appender.buffer.byte-limit = 33554432 (custom)
2022-08-14 01:44:21,471 [Time-limited test] INFO  server.GrpcService (ConfUtils.java:logGet(46)) - raft.grpc.flow.control.window = 1MB (=1048576) (default)
2022-08-14 01:44:21,471 [Time-limited test] INFO  server.RaftServerConfigKeys (ConfUtils.java:logGet(46)) - raft.server.rpc.request.timeout = 30000ms (custom)
2022-08-14 01:44:21,471 [Time-limited test] INFO  grpc.GrpcConfigKeys (ConfUtils.java:logGet(46)) - raft.grpc.server.async.request.thread.pool.cached = true (default)
2022-08-14 01:44:21,471 [Time-limited test] INFO  grpc.GrpcConfigKeys (ConfUtils.java:logGet(46)) - raft.grpc.server.async.request.thread.pool.size = 32 (default)
2022-08-14 01:44:21,473 [Time-limited test] INFO  impl.DataStreamServerImpl (ConfUtils.java:logGet(46)) - raft.datastream.type = DISABLED (default)
2022-08-14 01:44:21,473 [Time-limited test] INFO  server.RaftServerConfigKeys (ConfUtils.java:logGet(46)) - raft.server.threadpool.proxy.cached = true (default)
2022-08-14 01:44:21,473 [Time-limited test] INFO  server.RaftServerConfigKeys (ConfUtils.java:logGet(46)) - raft.server.threadpool.proxy.size = 0 (default)
2022-08-14 01:44:21,473 [Time-limited test] INFO  server.RaftServerConfigKeys (ConfUtils.java:logGet(46)) - raft.server.rpc.slowness.timeout = 120000ms (custom)
2022-08-14 01:44:21,473 [Time-limited test] INFO  server.RaftServerConfigKeys (ConfUtils.java:logGet(46)) - raft.server.leaderelection.leader.step-down.wait-time = 10s (default)
2022-08-14 01:44:21,474 [Time-limited test] INFO  server.RaftServerConfigKeys (ConfUtils.java:logGet(46)) - raft.server.storage.dir = [/home/runner/work/ozone/ozone/hadoop-ozone/integration-test/target/test-dir/MiniOzoneClusterImpl-8ae01b46-865b-4b2e-8bfc-774eabe7d98c/scmNode-1/scm-ha] (custom)
2022-08-14 01:44:21,475 [eb4f5392-52f7-4dd8-91fe-f5d2e1c8a0c0-impl-thread1] INFO  server.RaftServer (RaftServerProxy.java:initGroupDir(247)) - eb4f5392-52f7-4dd8-91fe-f5d2e1c8a0c0: found a subdirectory /home/runner/work/ozone/ozone/hadoop-ozone/integration-test/target/test-dir/MiniOzoneClusterImpl-8ae01b46-865b-4b2e-8bfc-774eabe7d98c/scmNode-1/scm-ha/8ae01b46-865b-4b2e-8bfc-774eabe7d98c
2022-08-14 01:44:21,475 [Time-limited test] INFO  server.RaftServer (RaftServerProxy.java:addNew(96)) - eb4f5392-52f7-4dd8-91fe-f5d2e1c8a0c0: addNew group-774EABE7D98C:[] returns group-774EABE7D98C:java.util.concurrent.CompletableFuture@f4bc980[Not completed]
2022-08-14 01:44:21,479 [pool-19-thread-1] INFO  server.RaftServer$Division (RaftServerImpl.java:<init>(190)) - eb4f5392-52f7-4dd8-91fe-f5d2e1c8a0c0: new RaftServerImpl for group-774EABE7D98C:[] with SCMStateMachine:uninitialized
2022-08-14 01:44:21,479 [pool-19-thread-1] INFO  server.RaftServerConfigKeys (ConfUtils.java:logGet(46)) - raft.server.rpc.timeout.min = 5000ms (custom)
2022-08-14 01:44:21,481 [pool-19-thread-1] INFO  server.RaftServerConfigKeys (ConfUtils.java:logGet(46)) - raft.server.rpc.timeout.max = 5200ms (custom)
2022-08-14 01:44:21,481 [pool-19-thread-1] INFO  server.RaftServerConfigKeys (ConfUtils.java:logGet(46)) - raft.server.rpc.sleep.time = 25ms (default)
2022-08-14 01:44:21,481 [pool-19-thread-1] INFO  server.RaftServerConfigKeys (ConfUtils.java:logGet(46)) - raft.server.rpc.slowness.timeout = 120000ms (custom)
2022-08-14 01:44:21,482 [pool-19-thread-1] INFO  server.RaftServerConfigKeys (ConfUtils.java:logGet(46)) - raft.server.leaderelection.leader.step-down.wait-time = 10s (default)
2022-08-14 01:44:21,482 [pool-19-thread-1] INFO  server.RaftServerConfigKeys (ConfUtils.java:logGet(46)) - raft.server.sleep.deviation.threshold = 300ms (default)
2022-08-14 01:44:21,482 [pool-19-thread-1] INFO  server.RaftServer$Division (ServerState.java:<init>(107)) - eb4f5392-52f7-4dd8-91fe-f5d2e1c8a0c0@group-774EABE7D98C: ConfigurationManager, init=-1: [], old=null, confs=<EMPTY_MAP>
2022-08-14 01:44:21,482 [pool-19-thread-1] INFO  server.RaftServerConfigKeys (ConfUtils.java:logGet(46)) - raft.server.storage.dir = [/home/runner/work/ozone/ozone/hadoop-ozone/integration-test/target/test-dir/MiniOzoneClusterImpl-8ae01b46-865b-4b2e-8bfc-774eabe7d98c/scmNode-1/scm-ha] (custom)
2022-08-14 01:44:21,482 [pool-19-thread-1] INFO  server.RaftServerConfigKeys (ConfUtils.java:logGet(46)) - raft.server.log.corruption.policy = EXCEPTION (default)
2022-08-14 01:44:21,482 [pool-19-thread-1] INFO  server.RaftServerConfigKeys (ConfUtils.java:logGet(46)) - raft.server.storage.free-space.min = 0MB (=0) (default)
2022-08-14 01:44:21,484 [pool-19-thread-1] INFO  storage.RaftStorageDirectory (RaftStorageDirectoryImpl.java:tryLock(230)) - Lock on /home/runner/work/ozone/ozone/hadoop-ozone/integration-test/target/test-dir/MiniOzoneClusterImpl-8ae01b46-865b-4b2e-8bfc-774eabe7d98c/scmNode-1/scm-ha/8ae01b46-865b-4b2e-8bfc-774eabe7d98c/in_use.lock acquired by nodename 20746@fv-az372-557
2022-08-14 01:44:21,485 [pool-19-thread-1] INFO  storage.RaftStorage (RaftStorageImpl.java:analyzeAndRecoverStorage(110)) - Read RaftStorageMetadata{term=1, votedFor=eb4f5392-52f7-4dd8-91fe-f5d2e1c8a0c0} from /home/runner/work/ozone/ozone/hadoop-ozone/integration-test/target/test-dir/MiniOzoneClusterImpl-8ae01b46-865b-4b2e-8bfc-774eabe7d98c/scmNode-1/scm-ha/8ae01b46-865b-4b2e-8bfc-774eabe7d98c/current/raft-meta
2022-08-14 01:44:21,493 [pool-19-thread-1] INFO  server.RaftServer$Division (ServerState.java:setRaftConf(393)) - eb4f5392-52f7-4dd8-91fe-f5d2e1c8a0c0@group-774EABE7D98C: set configuration 0: [eb4f5392-52f7-4dd8-91fe-f5d2e1c8a0c0|rpc:localhost:43121|admin:|client:|dataStream:|priority:0], old=null
2022-08-14 01:44:21,494 [pool-19-thread-1] INFO  server.RaftServerConfigKeys (ConfUtils.java:logGet(46)) - raft.server.notification.no-leader.timeout = 60s (default)
2022-08-14 01:44:21,494 [pool-19-thread-1] INFO  server.RaftServerConfigKeys (ConfUtils.java:logGet(46)) - raft.server.log.use.memory = false (default)
2022-08-14 01:44:21,494 [pool-19-thread-1] INFO  server.RaftServerConfigKeys (ConfUtils.java:logGet(46)) - raft.server.log.purge.gap = 1000000 (custom)
2022-08-14 01:44:21,494 [pool-19-thread-1] INFO  server.RaftServerConfigKeys (ConfUtils.java:logGet(46)) - raft.server.log.appender.buffer.byte-limit = 33554432 (custom)
2022-08-14 01:44:21,494 [pool-19-thread-1] INFO  server.RaftServerConfigKeys (ConfUtils.java:logGet(46)) - raft.server.log.statemachine.data.read.timeout = 1000ms (default)
2022-08-14 01:44:21,499 [pool-19-thread-1] INFO  server.RaftServerConfigKeys (ConfUtils.java:logGet(46)) - raft.server.log.segment.size.max = 4194304 (custom)
2022-08-14 01:44:21,499 [pool-19-thread-1] INFO  server.RaftServerConfigKeys (ConfUtils.java:logGet(46)) - raft.server.log.segment.cache.num.max = 2 (custom)
2022-08-14 01:44:21,500 [pool-19-thread-1] INFO  server.RaftServerConfigKeys (ConfUtils.java:logGet(46)) - raft.server.log.segment.cache.size.max = 200MB (=209715200) (default)
2022-08-14 01:44:21,500 [pool-19-thread-1] INFO  segmented.SegmentedRaftLogWorker (SegmentedRaftLogWorker.java:<init>(187)) - new eb4f5392-52f7-4dd8-91fe-f5d2e1c8a0c0@group-774EABE7D98C-SegmentedRaftLogWorker for RaftStorageImpl:Storage Directory /home/runner/work/ozone/ozone/hadoop-ozone/integration-test/target/test-dir/MiniOzoneClusterImpl-8ae01b46-865b-4b2e-8bfc-774eabe7d98c/scmNode-1/scm-ha/8ae01b46-865b-4b2e-8bfc-774eabe7d98c
2022-08-14 01:44:21,500 [pool-19-thread-1] INFO  server.RaftServerConfigKeys (ConfUtils.java:logGet(46)) - raft.server.log.queue.byte-limit = 64MB (=67108864) (default)
2022-08-14 01:44:21,500 [pool-19-thread-1] INFO  server.RaftServerConfigKeys (ConfUtils.java:logGet(46)) - raft.server.log.queue.element-limit = 4096 (default)
2022-08-14 01:44:21,500 [pool-19-thread-1] INFO  server.RaftServerConfigKeys (ConfUtils.java:logGet(46)) - raft.server.log.segment.size.max = 4194304 (custom)
2022-08-14 01:44:21,500 [pool-19-thread-1] INFO  server.RaftServerConfigKeys (ConfUtils.java:logGet(46)) - raft.server.log.preallocated.size = 4194304 (custom)
2022-08-14 01:44:21,501 [pool-19-thread-1] INFO  server.RaftServerConfigKeys (ConfUtils.java:logGet(46)) - raft.server.log.force.sync.num = 128 (default)
2022-08-14 01:44:21,501 [pool-19-thread-1] INFO  server.RaftServerConfigKeys (ConfUtils.java:logGet(46)) - raft.server.log.statemachine.data.sync = true (default)
2022-08-14 01:44:21,501 [pool-19-thread-1] INFO  server.RaftServerConfigKeys (ConfUtils.java:logGet(46)) - raft.server.log.statemachine.data.sync.timeout = 10s (default)
2022-08-14 01:44:21,501 [pool-19-thread-1] INFO  server.RaftServerConfigKeys (ConfUtils.java:logGet(46)) - raft.server.log.statemachine.data.sync.timeout.retry = -1 (default)
2022-08-14 01:44:21,503 [pool-19-thread-1] INFO  server.RaftServerConfigKeys (ConfUtils.java:logGet(46)) - raft.server.log.write.buffer.size = 64KB (=65536) (default)
2022-08-14 01:44:21,503 [pool-19-thread-1] INFO  server.RaftServerConfigKeys (ConfUtils.java:logGet(46)) - raft.server.log.unsafe-flush.enabled = false (default)
2022-08-14 01:44:21,504 [pool-19-thread-1] INFO  server.RaftServerConfigKeys (ConfUtils.java:logGet(46)) - raft.server.log.statemachine.data.caching.enabled = false (default)
2022-08-14 01:44:21,511 [pool-19-thread-1] INFO  server.RaftServer$Division (ServerState.java:setRaftConf(393)) - eb4f5392-52f7-4dd8-91fe-f5d2e1c8a0c0@group-774EABE7D98C: set configuration 0: [eb4f5392-52f7-4dd8-91fe-f5d2e1c8a0c0|rpc:localhost:43121|admin:|client:|dataStream:|priority:0], old=null
2022-08-14 01:44:21,512 [pool-19-thread-1] INFO  segmented.LogSegment (LogSegment.java:loadSegment(173)) - Successfully read 1 entries from segment file /home/runner/work/ozone/ozone/hadoop-ozone/integration-test/target/test-dir/MiniOzoneClusterImpl-8ae01b46-865b-4b2e-8bfc-774eabe7d98c/scmNode-1/scm-ha/8ae01b46-865b-4b2e-8bfc-774eabe7d98c/current/log_inprogress_0
2022-08-14 01:44:21,512 [pool-19-thread-1] INFO  segmented.SegmentedRaftLogWorker (SegmentedRaftLogWorker.java:lambda$new$0(135)) - eb4f5392-52f7-4dd8-91fe-f5d2e1c8a0c0@group-774EABE7D98C-SegmentedRaftLogWorker: flushIndex: setUnconditionally 0 -> 0
2022-08-14 01:44:21,512 [pool-19-thread-1] INFO  segmented.SegmentedRaftLogWorker (SegmentedRaftLogWorker.java:lambda$new$0(135)) - eb4f5392-52f7-4dd8-91fe-f5d2e1c8a0c0@group-774EABE7D98C-SegmentedRaftLogWorker: safeCacheEvictIndex: setUnconditionally 0 -> -1
2022-08-14 01:44:21,513 [pool-19-thread-1] INFO  server.RaftServerConfigKeys (ConfUtils.java:logGet(46)) - raft.server.snapshot.auto.trigger.enabled = true (custom)
2022-08-14 01:44:21,513 [pool-19-thread-1] INFO  server.RaftServerConfigKeys (ConfUtils.java:logGet(46)) - raft.server.snapshot.auto.trigger.threshold = 1000 (custom)
2022-08-14 01:44:21,513 [pool-19-thread-1] INFO  server.RaftServerConfigKeys (ConfUtils.java:logGet(46)) - raft.server.snapshot.retention.file.num = -1 (default)
2022-08-14 01:44:21,513 [pool-19-thread-1] INFO  server.RaftServerConfigKeys (ConfUtils.java:logGet(46)) - raft.server.log.purge.upto.snapshot.index = false (default)
2022-08-14 01:44:21,513 [pool-19-thread-1] INFO  server.RaftServerConfigKeys (ConfUtils.java:logGet(46)) - raft.server.retrycache.expirytime = 60000ms (default)
2022-08-14 01:44:21,513 [pool-19-thread-1] INFO  server.RaftServerConfigKeys (ConfUtils.java:logGet(46)) - raft.server.retrycache.statistics.expirytime = 100μs (default)
2022-08-14 01:44:21,515 [pool-19-thread-1] INFO  server.RaftServerConfigKeys (ConfUtils.java:logGet(46)) - raft.server.log.appender.install.snapshot.enabled = false (custom)
2022-08-14 01:44:21,515 [pool-19-thread-1] INFO  server.RaftServerConfigKeys (ConfUtils.java:logGet(46)) - raft.server.threadpool.server.cached = true (default)
2022-08-14 01:44:21,515 [pool-19-thread-1] INFO  server.RaftServerConfigKeys (ConfUtils.java:logGet(46)) - raft.server.threadpool.server.size = 0 (default)
2022-08-14 01:44:21,515 [pool-19-thread-1] INFO  server.RaftServerConfigKeys (ConfUtils.java:logGet(46)) - raft.server.threadpool.client.cached = true (default)
2022-08-14 01:44:21,515 [pool-19-thread-1] INFO  server.RaftServerConfigKeys (ConfUtils.java:logGet(46)) - raft.server.threadpool.client.size = 0 (default)
2022-08-14 01:44:21,517 [Time-limited test] INFO  ha.SCMSnapshotProvider (SCMSnapshotProvider.java:<init>(66)) - Initializing SCM Snapshot Provider
2022-08-14 01:44:21,517 [Time-limited test] WARN  server.ServerUtils (ServerUtils.java:getDefaultRatisDirectory(237)) - Storage directory for Ratis is not configured. It is a good idea to map this to an SSD disk. Falling back to ozone.metadata.dirs
2022-08-14 01:44:21,517 [Time-limited test] WARN  ha.SCMHAUtils (SCMHAUtils.java:getSCMRatisSnapshotDirectory(153)) - SCM snapshot dir is not configured. Falling back to ozone.metadata.dirs config
2022-08-14 01:44:21,631 [Time-limited test] INFO  upgrade.AbstractLayoutVersionManager (AbstractLayoutVersionManager.java:init(83)) - Initializing Layout version manager with metadata layout = DATANODE_SCHEMA_V3 (version = 4), software layout = DATANODE_SCHEMA_V3 (version = 4)
2022-08-14 01:44:21,804 [Time-limited test] INFO  reflections.Reflections (Reflections.java:scan(232)) - Reflections took 129 ms to scan 7 urls, producing 132 keys and 321 values 
2022-08-14 01:44:21,889 [Time-limited test] INFO  ha.SequenceIdGenerator (SequenceIdGenerator.java:upgradeToSequenceId(349)) - upgrade localId to 109611004723200000
2022-08-14 01:44:21,889 [Time-limited test] INFO  ha.SequenceIdGenerator (SequenceIdGenerator.java:upgradeToSequenceId(359)) - upgrade delTxnId to 0
2022-08-14 01:44:21,893 [Time-limited test] INFO  ha.SequenceIdGenerator (SequenceIdGenerator.java:upgradeToSequenceId(376)) - upgrade containerId to 0
2022-08-14 01:44:21,895 [Time-limited test] INFO  ha.SequenceIdGenerator (SequenceIdGenerator.java:<init>(220)) - Init the HA SequenceIdGenerator.
2022-08-14 01:44:21,943 [Time-limited test] INFO  node.SCMNodeManager (SCMNodeManager.java:<init>(149)) - Entering startup safe mode.
2022-08-14 01:44:22,002 [Time-limited test] INFO  algorithms.ContainerPlacementPolicyFactory (ContainerPlacementPolicyFactory.java:getPolicyInternal(86)) - Create container placement policy of type org.apache.hadoop.hdds.scm.container.placement.algorithms.SCMContainerPlacementRandom
2022-08-14 01:44:22,003 [Time-limited test] INFO  algorithms.ContainerPlacementPolicyFactory (ContainerPlacementPolicyFactory.java:getPolicyInternal(86)) - Create container placement policy of type org.apache.hadoop.hdds.scm.container.placement.algorithms.SCMContainerPlacementRackScatter
2022-08-14 01:44:22,012 [Time-limited test] INFO  pipeline.PipelineStateManagerImpl (PipelineStateManagerImpl.java:initialize(78)) - No pipeline exists in current db
2022-08-14 01:44:22,045 [Time-limited test] INFO  algorithms.LeaderChoosePolicyFactory (LeaderChoosePolicyFactory.java:getPolicy(57)) - Create leader choose policy of type org.apache.hadoop.hdds.scm.pipeline.leader.choose.algorithms.MinLeaderCountChoosePolicy
2022-08-14 01:44:22,045 [Time-limited test] INFO  algorithms.ContainerPlacementPolicyFactory (ContainerPlacementPolicyFactory.java:getPolicyInternal(86)) - Create container placement policy of type org.apache.hadoop.hdds.scm.container.placement.algorithms.SCMContainerPlacementRackScatter
2022-08-14 01:44:22,051 [Time-limited test] INFO  ha.SCMServiceManager (SCMServiceManager.java:register(42)) - Registering service BackgroundPipelineCreator.
2022-08-14 01:44:22,051 [Time-limited test] INFO  pipeline.BackgroundPipelineCreator (BackgroundPipelineCreator.java:start(124)) - Starting RatisPipelineUtilsThread.
2022-08-14 01:44:22,054 [Time-limited test] INFO  BackgroundPipelineScrubber (BackgroundSCMService.java:start(68)) - Starting BackgroundPipelineScrubber Service.
2022-08-14 01:44:22,056 [Time-limited test] INFO  ha.SCMServiceManager (SCMServiceManager.java:register(42)) - Registering service BackgroundPipelineScrubber.
2022-08-14 01:44:22,062 [Time-limited test] INFO  ExpiredContainerReplicaOpScrubber (BackgroundSCMService.java:start(68)) - Starting ExpiredContainerReplicaOpScrubber Service.
2022-08-14 01:44:22,064 [Time-limited test] INFO  ha.SCMServiceManager (SCMServiceManager.java:register(42)) - Registering service ExpiredContainerReplicaOpScrubber.
2022-08-14 01:44:22,090 [Time-limited test] INFO  algorithms.PipelineChoosePolicyFactory (PipelineChoosePolicyFactory.java:createPipelineChoosePolicyFromClass(73)) - Create pipeline choose policy of type org.apache.hadoop.hdds.scm.pipeline.choose.algorithms.RandomPipelineChoosePolicy
2022-08-14 01:44:22,107 [Time-limited test] INFO  ha.SCMServiceManager (SCMServiceManager.java:register(42)) - Registering service SCMBlockDeletingService.
2022-08-14 01:44:22,145 [Time-limited test] INFO  replication.ReplicationManager (ReplicationManager.java:start(206)) - Starting Replication Monitor Thread.
2022-08-14 01:44:22,158 [Time-limited test] INFO  UnderReplicatedQueueThread (BackgroundSCMService.java:start(68)) - Starting UnderReplicatedQueueThread Service.
2022-08-14 01:44:22,160 [Time-limited test] INFO  ha.SCMServiceManager (SCMServiceManager.java:register(42)) - Registering service UnderReplicatedQueueThread.
2022-08-14 01:44:22,161 [Time-limited test] INFO  OverReplicatedQueueThread (BackgroundSCMService.java:start(68)) - Starting OverReplicatedQueueThread Service.
2022-08-14 01:44:22,161 [Time-limited test] INFO  ha.SCMServiceManager (SCMServiceManager.java:register(42)) - Registering service OverReplicatedQueueThread.
2022-08-14 01:44:22,162 [Time-limited test] INFO  ha.SCMServiceManager (SCMServiceManager.java:register(42)) - Registering service ReplicationManager.
2022-08-14 01:44:22,183 [Time-limited test] INFO  safemode.ContainerSafeModeRule (ContainerSafeModeRule.java:<init>(89)) - containers with one replica threshold count 0
2022-08-14 01:44:22,187 [Time-limited test] INFO  safemode.HealthyPipelineSafeModeRule (HealthyPipelineSafeModeRule.java:initializeRule(169)) - Total pipeline count is 0, healthy pipeline threshold count is 1
2022-08-14 01:44:22,172 [ReplicationMonitor] INFO  replication.ReplicationManager (ReplicationManager.java:processAll(255)) - Replication Manager is not ready to run until 300000ms after safemode exit
2022-08-14 01:44:22,190 [Time-limited test] INFO  safemode.OneReplicaPipelineSafeModeRule (OneReplicaPipelineSafeModeRule.java:initializeRule(180)) - Total pipeline count is 0, pipeline's with at least one datanode reported threshold count is 0
2022-08-14 01:44:22,529 [Time-limited test] INFO  audit.AuditLogger (AuditLogger.java:refreshDebugCmdSet(126)) - Refresh DebugCmdSet for SCMAudit to [].
2022-08-14 01:44:22,562 [Time-limited test] INFO  ipc.CallQueueManager (CallQueueManager.java:<init>(90)) - Using callQueue: class java.util.concurrent.LinkedBlockingQueue, queueCapacity: 10000, scheduler: class org.apache.hadoop.ipc.DefaultRpcScheduler, ipcBackoff: false.
2022-08-14 01:44:22,602 [Socket Reader #1 for port 33939] INFO  ipc.Server (Server.java:run(1265)) - Starting Socket Reader #1 for port 33939
2022-08-14 01:44:22,689 [Listener at 0.0.0.0/33939] INFO  audit.AuditLogger (AuditLogger.java:refreshDebugCmdSet(126)) - Refresh DebugCmdSet for SCMAudit to [].
2022-08-14 01:44:22,698 [Listener at 0.0.0.0/33939] INFO  ipc.CallQueueManager (CallQueueManager.java:<init>(90)) - Using callQueue: class java.util.concurrent.LinkedBlockingQueue, queueCapacity: 10000, scheduler: class org.apache.hadoop.ipc.DefaultRpcScheduler, ipcBackoff: false.
2022-08-14 01:44:22,698 [Socket Reader #1 for port 39797] INFO  ipc.Server (Server.java:run(1265)) - Starting Socket Reader #1 for port 39797
2022-08-14 01:44:22,726 [Listener at 0.0.0.0/39797] INFO  audit.AuditLogger (AuditLogger.java:refreshDebugCmdSet(126)) - Refresh DebugCmdSet for SCMAudit to [].
2022-08-14 01:44:22,737 [Listener at 0.0.0.0/39797] INFO  ipc.CallQueueManager (CallQueueManager.java:<init>(90)) - Using callQueue: class java.util.concurrent.LinkedBlockingQueue, queueCapacity: 10000, scheduler: class org.apache.hadoop.ipc.DefaultRpcScheduler, ipcBackoff: false.
2022-08-14 01:44:22,740 [Socket Reader #1 for port 42649] INFO  ipc.Server (Server.java:run(1265)) - Starting Socket Reader #1 for port 42649
2022-08-14 01:44:22,795 [Listener at 0.0.0.0/42649] INFO  ha.SCMServiceManager (SCMServiceManager.java:register(42)) - Registering service ContainerBalancer.
2022-08-14 01:44:22,796 [Listener at 0.0.0.0/42649] INFO  server.StorageContainerManager (StorageContainerManager.java:<init>(406)) - 
Container Balancer status:
Key                            Value
Running                        false
Container Balancer Configuration values:
Key                                                Value
Threshold                                          10
Max Datanodes to Involve per Iteration(percent)    20
Max Size to Move per Iteration                     500GB
Max Size Entering Target per Iteration             26GB
Max Size Leaving Source per Iteration              26GB

2022-08-14 01:44:22,796 [Listener at 0.0.0.0/42649] WARN  events.EventQueue (EventQueue.java:fireEvent(216)) - No event handler registered for event TypedEvent{payloadType=SafeModeStatus, name='Safe mode status'}
2022-08-14 01:44:22,796 [Listener at 0.0.0.0/42649] INFO  ha.SCMContext (SCMContext.java:updateSafeModeStatus(228)) - Update SafeModeStatus from SafeModeStatus{safeModeStatus=true, preCheckPassed=false} to SafeModeStatus{safeModeStatus=true, preCheckPassed=false}.
2022-08-14 01:44:22,799 [Listener at 0.0.0.0/42649] INFO  server.StorageContainerManager (StorageContainerManager.java:start(1460)) - StorageContainerLocationProtocol RPC server is listening at /0.0.0.0:42649
2022-08-14 01:44:22,801 [Listener at 0.0.0.0/42649] INFO  ha.SCMRatisServerImpl (SCMRatisServerImpl.java:start(178)) - starting ratis server 0.0.0.0:43121
2022-08-14 01:44:22,801 [eb4f5392-52f7-4dd8-91fe-f5d2e1c8a0c0-impl-thread1] INFO  server.RaftServer$Division (RaftServerImpl.java:start(310)) - eb4f5392-52f7-4dd8-91fe-f5d2e1c8a0c0@group-774EABE7D98C: start as a follower, conf=0: [eb4f5392-52f7-4dd8-91fe-f5d2e1c8a0c0|rpc:localhost:43121|admin:|client:|dataStream:|priority:0], old=null
2022-08-14 01:44:22,801 [eb4f5392-52f7-4dd8-91fe-f5d2e1c8a0c0-impl-thread1] INFO  server.RaftServer$Division (RaftServerImpl.java:setRole(299)) - eb4f5392-52f7-4dd8-91fe-f5d2e1c8a0c0@group-774EABE7D98C: changes role from      null to FOLLOWER at term 1 for startAsFollower
2022-08-14 01:44:22,801 [eb4f5392-52f7-4dd8-91fe-f5d2e1c8a0c0-impl-thread1] INFO  impl.RoleInfo (RoleInfo.java:updateAndGet(139)) - eb4f5392-52f7-4dd8-91fe-f5d2e1c8a0c0: start eb4f5392-52f7-4dd8-91fe-f5d2e1c8a0c0@group-774EABE7D98C-FollowerState
2022-08-14 01:44:22,804 [eb4f5392-52f7-4dd8-91fe-f5d2e1c8a0c0-impl-thread1] INFO  util.JmxRegister (JmxRegister.java:tryRegister(44)) - Successfully registered JMX Bean with object name Ratis:service=RaftServer,group=group-774EABE7D98C,id=eb4f5392-52f7-4dd8-91fe-f5d2e1c8a0c0
2022-08-14 01:44:22,808 [Listener at 0.0.0.0/42649] INFO  server.RaftServer (RaftServerProxy.java:lambda$start$6(382)) - eb4f5392-52f7-4dd8-91fe-f5d2e1c8a0c0: start RPC server
2022-08-14 01:44:22,809 [Listener at 0.0.0.0/42649] INFO  server.GrpcService (GrpcService.java:startImpl(260)) - eb4f5392-52f7-4dd8-91fe-f5d2e1c8a0c0: GrpcService started, listening on 43121
2022-08-14 01:44:22,810 [Listener at 0.0.0.0/42649] INFO  ha.SCMHAManagerImpl (SCMHAManagerImpl.java:start(121)) -  scm role is FOLLOWER peers [eb4f5392-52f7-4dd8-91fe-f5d2e1c8a0c0|rpc:localhost:43121|admin:|client:|dataStream:|priority:0]
2022-08-14 01:44:22,810 [Listener at 0.0.0.0/42649] INFO  ha.InterSCMGrpcService (InterSCMGrpcProtocolService.java:start(94)) - Starting SCM Grpc Service at port 39415
2022-08-14 01:44:22,824 [org.apache.ratis.util.JvmPauseMonitor$$Lambda$519/202110677@436d2f0a] INFO  util.JvmPauseMonitor (JvmPauseMonitor.java:run(103)) - JvmPauseMonitor-eb4f5392-52f7-4dd8-91fe-f5d2e1c8a0c0: Started
2022-08-14 01:44:22,885 [Listener at 0.0.0.0/42649] WARN  impl.MetricsConfig (MetricsConfig.java:loadFirst(136)) - Cannot locate configuration: tried hadoop-metrics2-storagecontainermanager.properties,hadoop-metrics2.properties
2022-08-14 01:44:22,899 [Listener at 0.0.0.0/42649] INFO  impl.MetricsSystemImpl (MetricsSystemImpl.java:startTimer(378)) - Scheduled Metric snapshot period at 10 second(s).
2022-08-14 01:44:22,899 [Listener at 0.0.0.0/42649] INFO  impl.MetricsSystemImpl (MetricsSystemImpl.java:start(191)) - StorageContainerManager metrics system started
2022-08-14 01:44:23,157 [Listener at 0.0.0.0/42649] INFO  server.SCMClientProtocolServer (SCMClientProtocolServer.java:start(170)) - RPC server for Client  is listening at /0.0.0.0:42649
2022-08-14 01:44:23,160 [IPC Server Responder] INFO  ipc.Server (Server.java:run(1507)) - IPC Server Responder: starting
2022-08-14 01:44:23,161 [IPC Server listener on 42649] INFO  ipc.Server (Server.java:run(1344)) - IPC Server listener on 42649: starting
2022-08-14 01:44:23,185 [Listener at 0.0.0.0/42649] INFO  server.StorageContainerManager (StorageContainerManager.java:start(1475)) - ScmBlockLocationProtocol RPC server is listening at /0.0.0.0:39797
2022-08-14 01:44:23,186 [Listener at 0.0.0.0/42649] INFO  server.SCMBlockProtocolServer (SCMBlockProtocolServer.java:start(152)) - RPC server for Block Protocol is listening at /0.0.0.0:39797
2022-08-14 01:44:23,187 [IPC Server Responder] INFO  ipc.Server (Server.java:run(1507)) - IPC Server Responder: starting
2022-08-14 01:44:23,192 [IPC Server listener on 39797] INFO  ipc.Server (Server.java:run(1344)) - IPC Server listener on 39797: starting
2022-08-14 01:44:23,261 [org.apache.hadoop.util.JvmPauseMonitor$Monitor@6293581e] INFO  util.JvmPauseMonitor (JvmPauseMonitor.java:run(188)) - Starting JVM pause monitor
2022-08-14 01:44:23,291 [Listener at 0.0.0.0/42649] INFO  http.BaseHttpServer (BaseHttpServer.java:newHttpServer2BuilderForOzone(209)) - Starting Web-server for scm at: http://0.0.0.0:39203
2022-08-14 01:44:23,292 [Listener at 0.0.0.0/42649] INFO  http.BaseHttpServer (BaseHttpServer.java:<init>(107)) - Hadoop Security Enabled: false Ozone Security Enabled: false Ozone HTTP Security Enabled: false 
2022-08-14 01:44:23,322 [Listener at 0.0.0.0/42649] INFO  util.log (Log.java:initialized(170)) - Logging initialized @11571ms to org.eclipse.jetty.util.log.Slf4jLog
2022-08-14 01:44:23,439 [Listener at 0.0.0.0/42649] INFO  server.AuthenticationFilter (AuthenticationFilter.java:constructSecretProvider(240)) - Unable to initialize FileSignerSecretProvider, falling back to use random secrets.
2022-08-14 01:44:23,446 [Listener at 0.0.0.0/42649] WARN  http.HttpRequestLog (HttpRequestLog.java:getRequestLog(103)) - Jetty request log can only be enabled using Log4j
2022-08-14 01:44:23,453 [Listener at 0.0.0.0/42649] INFO  http.HttpServer2 (HttpServer2.java:addGlobalFilter(1029)) - Added global filter 'safety' (class=org.apache.hadoop.hdds.server.http.HttpServer2$QuotingInputFilter)
2022-08-14 01:44:23,457 [Listener at 0.0.0.0/42649] INFO  http.HttpServer2 (HttpServer2.java:addFilter(1005)) - Added filter static_user_filter (class=org.apache.hadoop.http.lib.StaticUserWebFilter$StaticUserFilter) to context scm
2022-08-14 01:44:23,457 [Listener at 0.0.0.0/42649] INFO  http.HttpServer2 (HttpServer2.java:addFilter(1013)) - Added filter static_user_filter (class=org.apache.hadoop.http.lib.StaticUserWebFilter$StaticUserFilter) to context static
2022-08-14 01:44:23,457 [Listener at 0.0.0.0/42649] INFO  http.HttpServer2 (HttpServer2.java:addFilter(1013)) - Added filter static_user_filter (class=org.apache.hadoop.http.lib.StaticUserWebFilter$StaticUserFilter) to context logs
2022-08-14 01:44:23,503 [Listener at 0.0.0.0/42649] INFO  http.HttpServer2 (HttpServer2.java:bindListener(1248)) - Jetty bound to port 39203
2022-08-14 01:44:23,504 [Listener at 0.0.0.0/42649] INFO  server.Server (Server.java:doStart(375)) - jetty-9.4.43.v20210629; built: 2021-06-30T11:07:22.254Z; git: 526006ecfa3af7f1a27ef3a288e2bef7ea9dd7e8; jvm 1.8.0_332-b09
2022-08-14 01:44:23,541 [Listener at 0.0.0.0/42649] INFO  server.session (DefaultSessionIdManager.java:doStart(334)) - DefaultSessionIdManager workerName=node0
2022-08-14 01:44:23,541 [Listener at 0.0.0.0/42649] INFO  server.session (DefaultSessionIdManager.java:doStart(339)) - No SessionScavenger set, using defaults
2022-08-14 01:44:23,543 [Listener at 0.0.0.0/42649] INFO  server.session (HouseKeeper.java:startScavenging(132)) - node0 Scavenging every 660000ms
2022-08-14 01:44:23,558 [Listener at 0.0.0.0/42649] INFO  handler.ContextHandler (ContextHandler.java:doStart(915)) - Started o.e.j.s.ServletContextHandler@1a5be6b7{logs,/logs,file:///home/runner/work/ozone/ozone/hadoop-ozone/integration-test/target/log,AVAILABLE}
2022-08-14 01:44:23,559 [Listener at 0.0.0.0/42649] INFO  handler.ContextHandler (ContextHandler.java:doStart(915)) - Started o.e.j.s.ServletContextHandler@5ca5a026{static,/static,file:///home/runner/work/ozone/ozone/hadoop-ozone/integration-test/target/test-classes/webapps/static,AVAILABLE}
2022-08-14 01:44:23,615 [Listener at 0.0.0.0/42649] INFO  handler.ContextHandler (ContextHandler.java:doStart(915)) - Started o.e.j.w.WebAppContext@242b8419{scm,/,file:///home/runner/work/ozone/ozone/hadoop-ozone/integration-test/target/test-classes/webapps/scm/,AVAILABLE}{file:/home/runner/work/ozone/ozone/hadoop-ozone/integration-test/target/test-classes/webapps/scm}
2022-08-14 01:44:23,629 [Listener at 0.0.0.0/42649] INFO  server.AbstractConnector (AbstractConnector.java:doStart(331)) - Started ServerConnector@458bc6dd{HTTP/1.1, (http/1.1)}{0.0.0.0:39203}
2022-08-14 01:44:23,629 [Listener at 0.0.0.0/42649] INFO  server.Server (Server.java:doStart(415)) - Started @11878ms
2022-08-14 01:44:23,634 [Listener at 0.0.0.0/42649] INFO  impl.MetricsSinkAdapter (MetricsSinkAdapter.java:start(204)) - Sink prometheus started
2022-08-14 01:44:23,634 [Listener at 0.0.0.0/42649] INFO  impl.MetricsSystemImpl (MetricsSystemImpl.java:registerSink(305)) - Registered sink prometheus
2022-08-14 01:44:23,635 [Listener at 0.0.0.0/42649] INFO  http.BaseHttpServer (BaseHttpServer.java:updateConnectorAddress(329)) - HTTP server of scm listening at http://0.0.0.0:39203
2022-08-14 01:44:23,635 [Listener at 0.0.0.0/42649] INFO  ozone.MiniOzoneHAClusterImpl (MiniOzoneHAClusterImpl.java:createSCMService(606)) - Started SCM RPC server at /0.0.0.0:42649
2022-08-14 01:44:23,653 [Listener at 0.0.0.0/42649] WARN  server.ServerUtils (ServerUtils.java:getScmDbDir(148)) - ozone.scm.db.dirs is not configured. We recommend adding this setting. Falling back to ozone.metadata.dirs instead.
2022-08-14 01:44:23,654 [Listener at 0.0.0.0/42649] INFO  ha.SCMHANodeDetails (SCMHANodeDetails.java:loadSCMHAConfig(209)) - ServiceID for StorageContainerManager is scmServiceId
2022-08-14 01:44:23,654 [Listener at 0.0.0.0/42649] INFO  ha.SCMHANodeDetails (SCMHANodeDetails.java:loadSCMHAConfig(220)) - ServiceID for StorageContainerManager is scmServiceId
2022-08-14 01:44:23,654 [Listener at 0.0.0.0/42649] WARN  scm.ScmUtils (ScmUtils.java:logWarn(179)) - ConfigKey ozone.scm.block.client.address is deprecated, For configuring different ports for each SCM use PortConfigKey ozone.scm.block.client.port appended with serviceId and nodeId. If want to configure same port configure ozone.scm.block.client.port
2022-08-14 01:44:23,654 [Listener at 0.0.0.0/42649] WARN  scm.ScmUtils (ScmUtils.java:logWarn(179)) - ConfigKey ozone.scm.client.address is deprecated, For configuring different ports for each SCM use PortConfigKey ozone.scm.client.port appended with serviceId and nodeId. If want to configure same port configure ozone.scm.client.port
2022-08-14 01:44:23,654 [Listener at 0.0.0.0/42649] WARN  scm.ScmUtils (ScmUtils.java:logWarn(179)) - ConfigKey ozone.scm.datanode.address is deprecated, For configuring different ports for each SCM use PortConfigKey ozone.scm.datanode.port appended with serviceId and nodeId. If want to configure same port configure ozone.scm.datanode.port
2022-08-14 01:44:23,655 [Listener at 0.0.0.0/42649] WARN  scm.ScmUtils (ScmUtils.java:logWarn(179)) - ConfigKey ozone.scm.block.client.address is deprecated, For configuring different ports for each SCM use PortConfigKey ozone.scm.block.client.port appended with serviceId and nodeId. If want to configure same port configure ozone.scm.block.client.port
2022-08-14 01:44:23,655 [Listener at 0.0.0.0/42649] WARN  scm.ScmUtils (ScmUtils.java:logWarn(179)) - ConfigKey ozone.scm.client.address is deprecated, For configuring different ports for each SCM use PortConfigKey ozone.scm.client.port appended with serviceId and nodeId. If want to configure same port configure ozone.scm.client.port
2022-08-14 01:44:23,655 [Listener at 0.0.0.0/42649] WARN  scm.ScmUtils (ScmUtils.java:logWarn(179)) - ConfigKey ozone.scm.datanode.address is deprecated, For configuring different ports for each SCM use PortConfigKey ozone.scm.datanode.port appended with serviceId and nodeId. If want to configure same port configure ozone.scm.datanode.port
2022-08-14 01:44:23,655 [Listener at 0.0.0.0/42649] INFO  ha.SCMHANodeDetails (SCMHANodeDetails.java:loadSCMHAConfig(307)) - Found matching SCM address with SCMServiceId: scmServiceId, SCMNodeId: scmNode-2, RPC Address: localhost:43241 and Ratis port: 43241
2022-08-14 01:44:23,655 [Listener at 0.0.0.0/42649] INFO  ha.SCMHANodeDetails (ConfUtils.java:setNodeSpecificConfigs(97)) - Setting configuration key ozone.scm.datanode.address with value of key ozone.scm.datanode.address.scmServiceId.scmNode-2: 127.0.0.1:34931
2022-08-14 01:44:23,655 [Listener at 0.0.0.0/42649] INFO  ha.SCMHANodeDetails (ConfUtils.java:setNodeSpecificConfigs(97)) - Setting configuration key ozone.scm.block.client.address with value of key ozone.scm.block.client.address.scmServiceId.scmNode-2: 127.0.0.1:34007
2022-08-14 01:44:23,656 [Listener at 0.0.0.0/42649] INFO  ha.SCMHANodeDetails (ConfUtils.java:setNodeSpecificConfigs(97)) - Setting configuration key ozone.scm.client.address with value of key ozone.scm.client.address.scmServiceId.scmNode-2: 127.0.0.1:43397
2022-08-14 01:44:23,656 [Listener at 0.0.0.0/42649] INFO  ha.SCMHANodeDetails (ConfUtils.java:setNodeSpecificConfigs(97)) - Setting configuration key ozone.scm.ratis.port with value of key ozone.scm.ratis.port.scmServiceId.scmNode-2: 43241
2022-08-14 01:44:23,656 [Listener at 0.0.0.0/42649] INFO  ha.SCMHANodeDetails (ConfUtils.java:setNodeSpecificConfigs(97)) - Setting configuration key ozone.scm.grpc.port with value of key ozone.scm.grpc.port.scmServiceId.scmNode-2: 37755
2022-08-14 01:44:23,656 [Listener at 0.0.0.0/42649] INFO  ha.SCMHANodeDetails (ConfUtils.java:setNodeSpecificConfigs(97)) - Setting configuration key ozone.scm.http-address with value of key ozone.scm.http-address.scmServiceId.scmNode-2: 127.0.0.1:40023
2022-08-14 01:44:23,656 [Listener at 0.0.0.0/42649] INFO  ha.SCMHANodeDetails (ConfUtils.java:setNodeSpecificConfigs(97)) - Setting configuration key ozone.scm.https-address with value of key ozone.scm.https-address.scmServiceId.scmNode-2: 127.0.0.1:32789
2022-08-14 01:44:23,656 [Listener at 0.0.0.0/42649] INFO  ha.SCMHANodeDetails (ConfUtils.java:setNodeSpecificConfigs(97)) - Setting configuration key ozone.scm.address with value of key ozone.scm.address.scmServiceId.scmNode-2: 127.0.0.1
2022-08-14 01:44:23,656 [Listener at 0.0.0.0/42649] WARN  scm.ScmUtils (ScmUtils.java:logWarn(179)) - ConfigKey ozone.scm.block.client.address is deprecated, For configuring different ports for each SCM use PortConfigKey ozone.scm.block.client.port appended with serviceId and nodeId. If want to configure same port configure ozone.scm.block.client.port
2022-08-14 01:44:23,656 [Listener at 0.0.0.0/42649] WARN  scm.ScmUtils (ScmUtils.java:logWarn(179)) - ConfigKey ozone.scm.client.address is deprecated, For configuring different ports for each SCM use PortConfigKey ozone.scm.client.port appended with serviceId and nodeId. If want to configure same port configure ozone.scm.client.port
2022-08-14 01:44:23,657 [Listener at 0.0.0.0/42649] WARN  scm.ScmUtils (ScmUtils.java:logWarn(179)) - ConfigKey ozone.scm.datanode.address is deprecated, For configuring different ports for each SCM use PortConfigKey ozone.scm.datanode.port appended with serviceId and nodeId. If want to configure same port configure ozone.scm.datanode.port
2022-08-14 01:44:23,664 [Listener at 0.0.0.0/42649] INFO  ha.SCMNodeInfo (SCMNodeInfo.java:getPort(197)) - ConfigKey ozone.scm.client.address is deprecated, For configuring different ports for each SCM use PortConfigKey ozone.scm.client.port appended with serviceId and nodeId
2022-08-14 01:44:23,664 [Listener at 0.0.0.0/42649] INFO  ha.SCMNodeInfo (SCMNodeInfo.java:getPort(197)) - ConfigKey ozone.scm.block.client.address is deprecated, For configuring different ports for each SCM use PortConfigKey ozone.scm.block.client.port appended with serviceId and nodeId
2022-08-14 01:44:23,664 [Listener at 0.0.0.0/42649] INFO  ha.SCMNodeInfo (SCMNodeInfo.java:getPort(197)) - ConfigKey ozone.scm.datanode.address is deprecated, For configuring different ports for each SCM use PortConfigKey ozone.scm.datanode.port appended with serviceId and nodeId
2022-08-14 01:44:23,664 [Listener at 0.0.0.0/42649] INFO  ha.SCMNodeInfo (SCMNodeInfo.java:getPort(197)) - ConfigKey ozone.scm.client.address is deprecated, For configuring different ports for each SCM use PortConfigKey ozone.scm.client.port appended with serviceId and nodeId
2022-08-14 01:44:23,664 [Listener at 0.0.0.0/42649] INFO  ha.SCMNodeInfo (SCMNodeInfo.java:getPort(197)) - ConfigKey ozone.scm.block.client.address is deprecated, For configuring different ports for each SCM use PortConfigKey ozone.scm.block.client.port appended with serviceId and nodeId
2022-08-14 01:44:23,665 [Listener at 0.0.0.0/42649] INFO  ha.SCMNodeInfo (SCMNodeInfo.java:getPort(197)) - ConfigKey ozone.scm.datanode.address is deprecated, For configuring different ports for each SCM use PortConfigKey ozone.scm.datanode.port appended with serviceId and nodeId
2022-08-14 01:44:23,666 [Listener at 0.0.0.0/42649] INFO  proxy.SCMBlockLocationFailoverProxyProvider (SCMBlockLocationFailoverProxyProvider.java:<init>(114)) - Created block location fail-over proxy with 2 nodes: [nodeId=scmNode-3,nodeAddress=/127.0.0.1:44855, nodeId=scmNode-1,nodeAddress=/127.0.0.1:39797]
2022-08-14 01:44:25,902 [Listener at 0.0.0.0/42649] INFO  retry.RetryInvocationHandler (RetryInvocationHandler.java:log(411)) - com.google.protobuf.ServiceException: java.net.ConnectException: Call From fv-az372-557/10.1.0.7 to localhost:44855 failed on connection exception: java.net.ConnectException: Connection refused; For more details see:  http://wiki.apache.org/hadoop/ConnectionRefused, while invoking $Proxy41.send over nodeId=scmNode-3,nodeAddress=/127.0.0.1:44855 after 1 failover attempts. Trying to failover after sleeping for 2000ms.
2022-08-14 01:44:27,872 [eb4f5392-52f7-4dd8-91fe-f5d2e1c8a0c0@group-774EABE7D98C-FollowerState] INFO  impl.FollowerState (FollowerState.java:run(143)) - eb4f5392-52f7-4dd8-91fe-f5d2e1c8a0c0@group-774EABE7D98C-FollowerState: change to CANDIDATE, lastRpcElapsedTime:5070449198ns, electionTimeout:5063ms
2022-08-14 01:44:27,872 [eb4f5392-52f7-4dd8-91fe-f5d2e1c8a0c0@group-774EABE7D98C-FollowerState] INFO  impl.RoleInfo (RoleInfo.java:shutdownFollowerState(110)) - eb4f5392-52f7-4dd8-91fe-f5d2e1c8a0c0: shutdown eb4f5392-52f7-4dd8-91fe-f5d2e1c8a0c0@group-774EABE7D98C-FollowerState
2022-08-14 01:44:27,873 [eb4f5392-52f7-4dd8-91fe-f5d2e1c8a0c0@group-774EABE7D98C-FollowerState] INFO  server.RaftServer$Division (RaftServerImpl.java:setRole(299)) - eb4f5392-52f7-4dd8-91fe-f5d2e1c8a0c0@group-774EABE7D98C: changes role from  FOLLOWER to CANDIDATE at term 1 for changeToCandidate
2022-08-14 01:44:27,873 [eb4f5392-52f7-4dd8-91fe-f5d2e1c8a0c0@group-774EABE7D98C-FollowerState] INFO  server.RaftServerConfigKeys (ConfUtils.java:logGet(46)) - raft.server.leaderelection.pre-vote = false (custom)
2022-08-14 01:44:27,873 [eb4f5392-52f7-4dd8-91fe-f5d2e1c8a0c0@group-774EABE7D98C-FollowerState] INFO  impl.RoleInfo (RoleInfo.java:updateAndGet(139)) - eb4f5392-52f7-4dd8-91fe-f5d2e1c8a0c0: start eb4f5392-52f7-4dd8-91fe-f5d2e1c8a0c0@group-774EABE7D98C-LeaderElection2
2022-08-14 01:44:27,876 [eb4f5392-52f7-4dd8-91fe-f5d2e1c8a0c0@group-774EABE7D98C-LeaderElection2] INFO  impl.LeaderElection (LeaderElection.java:askForVotes(310)) - eb4f5392-52f7-4dd8-91fe-f5d2e1c8a0c0@group-774EABE7D98C-LeaderElection2 ELECTION round 0: submit vote requests at term 2 for 0: [eb4f5392-52f7-4dd8-91fe-f5d2e1c8a0c0|rpc:localhost:43121|admin:|client:|dataStream:|priority:0], old=null
2022-08-14 01:44:27,877 [eb4f5392-52f7-4dd8-91fe-f5d2e1c8a0c0@group-774EABE7D98C-LeaderElection2] INFO  impl.LeaderElection (LeaderElection.java:askForVotes(312)) - eb4f5392-52f7-4dd8-91fe-f5d2e1c8a0c0@group-774EABE7D98C-LeaderElection2 ELECTION round 0: result PASSED (term=2)
2022-08-14 01:44:27,877 [eb4f5392-52f7-4dd8-91fe-f5d2e1c8a0c0@group-774EABE7D98C-LeaderElection2] INFO  impl.RoleInfo (RoleInfo.java:shutdownLeaderElection(130)) - eb4f5392-52f7-4dd8-91fe-f5d2e1c8a0c0: shutdown eb4f5392-52f7-4dd8-91fe-f5d2e1c8a0c0@group-774EABE7D98C-LeaderElection2
2022-08-14 01:44:27,877 [eb4f5392-52f7-4dd8-91fe-f5d2e1c8a0c0@group-774EABE7D98C-LeaderElection2] INFO  server.RaftServer$Division (RaftServerImpl.java:setRole(299)) - eb4f5392-52f7-4dd8-91fe-f5d2e1c8a0c0@group-774EABE7D98C: changes role from CANDIDATE to LEADER at term 2 for changeToLeader
2022-08-14 01:44:27,877 [eb4f5392-52f7-4dd8-91fe-f5d2e1c8a0c0@group-774EABE7D98C-LeaderElection2] INFO  ha.SCMStateMachine (SCMStateMachine.java:notifyLeaderChanged(259)) - current SCM becomes leader of term 2.
2022-08-14 01:44:27,877 [eb4f5392-52f7-4dd8-91fe-f5d2e1c8a0c0@group-774EABE7D98C-LeaderElection2] INFO  ha.SCMContext (SCMContext.java:updateLeaderAndTerm(99)) - update <isLeader,term> from <false,0> to <true,2>
2022-08-14 01:44:27,880 [eb4f5392-52f7-4dd8-91fe-f5d2e1c8a0c0@group-774EABE7D98C-LeaderElection2] INFO  server.RaftServer$Division (ServerState.java:setLeader(287)) - eb4f5392-52f7-4dd8-91fe-f5d2e1c8a0c0@group-774EABE7D98C: change Leader from null to eb4f5392-52f7-4dd8-91fe-f5d2e1c8a0c0 at term 2 for becomeLeader, leader elected after 6383ms
2022-08-14 01:44:27,880 [eb4f5392-52f7-4dd8-91fe-f5d2e1c8a0c0@group-774EABE7D98C-LeaderElection2] INFO  server.RaftServerConfigKeys (ConfUtils.java:logGet(46)) - raft.server.staging.catchup.gap = 1000 (default)
2022-08-14 01:44:27,880 [eb4f5392-52f7-4dd8-91fe-f5d2e1c8a0c0@group-774EABE7D98C-LeaderElection2] INFO  server.RaftServerConfigKeys (ConfUtils.java:logGet(46)) - raft.server.write.element-limit = 4096 (default)
2022-08-14 01:44:27,880 [eb4f5392-52f7-4dd8-91fe-f5d2e1c8a0c0@group-774EABE7D98C-LeaderElection2] INFO  server.RaftServerConfigKeys (ConfUtils.java:logGet(46)) - raft.server.write.byte-limit = 64MB (=67108864) (default)
2022-08-14 01:44:27,881 [eb4f5392-52f7-4dd8-91fe-f5d2e1c8a0c0@group-774EABE7D98C-LeaderElection2] INFO  server.RaftServerConfigKeys (ConfUtils.java:logGet(46)) - raft.server.watch.timeout = 10s (default)
2022-08-14 01:44:27,881 [eb4f5392-52f7-4dd8-91fe-f5d2e1c8a0c0@group-774EABE7D98C-LeaderElection2] INFO  server.RaftServerConfigKeys (ConfUtils.java:logGet(46)) - raft.server.watch.timeout.denomination = 1s (default)
2022-08-14 01:44:27,881 [eb4f5392-52f7-4dd8-91fe-f5d2e1c8a0c0@group-774EABE7D98C-LeaderElection2] INFO  server.RaftServerConfigKeys (ConfUtils.java:logGet(46)) - raft.server.watch.element-limit = 65536 (default)
2022-08-14 01:44:27,881 [eb4f5392-52f7-4dd8-91fe-f5d2e1c8a0c0@group-774EABE7D98C-LeaderElection2] INFO  server.RaftServerConfigKeys (ConfUtils.java:logGet(46)) - raft.server.write.element-limit = 4096 (default)
2022-08-14 01:44:27,882 [eb4f5392-52f7-4dd8-91fe-f5d2e1c8a0c0@group-774EABE7D98C-LeaderElection2] INFO  server.RaftServerConfigKeys (ConfUtils.java:logGet(46)) - raft.server.write.follower.gap.ratio.max = -1.0 (default)
2022-08-14 01:44:27,884 [eb4f5392-52f7-4dd8-91fe-f5d2e1c8a0c0@group-774EABE7D98C-LeaderElection2] INFO  impl.RoleInfo (RoleInfo.java:updateAndGet(139)) - eb4f5392-52f7-4dd8-91fe-f5d2e1c8a0c0: start eb4f5392-52f7-4dd8-91fe-f5d2e1c8a0c0@group-774EABE7D98C-LeaderStateImpl
2022-08-14 01:44:27,884 [eb4f5392-52f7-4dd8-91fe-f5d2e1c8a0c0@group-774EABE7D98C-LeaderElection2] INFO  segmented.SegmentedRaftLogWorker (SegmentedRaftLogWorker.java:rollLogSegment(430)) - eb4f5392-52f7-4dd8-91fe-f5d2e1c8a0c0@group-774EABE7D98C-SegmentedRaftLogWorker: Rolling segment log-0_0 to index:0
2022-08-14 01:44:27,894 [eb4f5392-52f7-4dd8-91fe-f5d2e1c8a0c0@group-774EABE7D98C-SegmentedRaftLogWorker] INFO  segmented.SegmentedRaftLogWorker (SegmentedRaftLogWorker.java:execute(586)) - eb4f5392-52f7-4dd8-91fe-f5d2e1c8a0c0@group-774EABE7D98C-SegmentedRaftLogWorker: Rolled log segment from /home/runner/work/ozone/ozone/hadoop-ozone/integration-test/target/test-dir/MiniOzoneClusterImpl-8ae01b46-865b-4b2e-8bfc-774eabe7d98c/scmNode-1/scm-ha/8ae01b46-865b-4b2e-8bfc-774eabe7d98c/current/log_inprogress_0 to /home/runner/work/ozone/ozone/hadoop-ozone/integration-test/target/test-dir/MiniOzoneClusterImpl-8ae01b46-865b-4b2e-8bfc-774eabe7d98c/scmNode-1/scm-ha/8ae01b46-865b-4b2e-8bfc-774eabe7d98c/current/log_0-0
2022-08-14 01:44:27,896 [eb4f5392-52f7-4dd8-91fe-f5d2e1c8a0c0@group-774EABE7D98C-LeaderElection2] INFO  server.RaftServer$Division (ServerState.java:setRaftConf(393)) - eb4f5392-52f7-4dd8-91fe-f5d2e1c8a0c0@group-774EABE7D98C: set configuration 1: [eb4f5392-52f7-4dd8-91fe-f5d2e1c8a0c0|rpc:localhost:43121|admin:|client:|dataStream:|priority:0], old=null
2022-08-14 01:44:27,912 [Listener at 0.0.0.0/42649] INFO  retry.RetryInvocationHandler (RetryInvocationHandler.java:log(411)) - com.google.protobuf.ServiceException: org.apache.hadoop.ipc.RemoteException(org.apache.hadoop.hdds.ratis.ServerNotLeaderException): Server:eb4f5392-52f7-4dd8-91fe-f5d2e1c8a0c0 is not the leader. Could not determine the leader node.
	at org.apache.hadoop.hdds.ratis.ServerNotLeaderException.convertToNotLeaderException(ServerNotLeaderException.java:109)
	at org.apache.hadoop.hdds.scm.ha.RatisUtil.checkRatisException(RatisUtil.java:246)
	at org.apache.hadoop.hdds.scm.protocol.ScmBlockLocationProtocolServerSideTranslatorPB.send(ScmBlockLocationProtocolServerSideTranslatorPB.java:109)
	at org.apache.hadoop.hdds.protocol.proto.ScmBlockLocationProtocolProtos$ScmBlockLocationProtocolService$2.callBlockingMethod(ScmBlockLocationProtocolProtos.java:14202)
	at org.apache.hadoop.ipc.ProtobufRpcEngine$Server.processCall(ProtobufRpcEngine.java:466)
	at org.apache.hadoop.ipc.ProtobufRpcEngine2$Server$ProtoBufRpcInvoker.call(ProtobufRpcEngine2.java:574)
	at org.apache.hadoop.ipc.ProtobufRpcEngine2$Server$ProtoBufRpcInvoker.call(ProtobufRpcEngine2.java:552)
	at org.apache.hadoop.ipc.RPC$Server.call(RPC.java:1093)
	at org.apache.hadoop.ipc.Server$RpcCall.run(Server.java:1035)
	at org.apache.hadoop.ipc.Server$RpcCall.run(Server.java:963)
	at java.security.AccessController.doPrivileged(Native Method)
	at javax.security.auth.Subject.doAs(Subject.java:422)
	at org.apache.hadoop.security.UserGroupInformation.doAs(UserGroupInformation.java:1878)
	at org.apache.hadoop.ipc.Server$Handler.run(Server.java:2966)
, while invoking $Proxy41.send over nodeId=scmNode-1,nodeAddress=/127.0.0.1:39797 after 2 failover attempts. Trying to failover after sleeping for 2000ms.
2022-08-14 01:44:27,912 [eb4f5392-52f7-4dd8-91fe-f5d2e1c8a0c0@group-774EABE7D98C-SegmentedRaftLogWorker] INFO  segmented.SegmentedRaftLogWorker (SegmentedRaftLogWorker.java:execute(629)) - eb4f5392-52f7-4dd8-91fe-f5d2e1c8a0c0@group-774EABE7D98C-SegmentedRaftLogWorker: created new log segment /home/runner/work/ozone/ozone/hadoop-ozone/integration-test/target/test-dir/MiniOzoneClusterImpl-8ae01b46-865b-4b2e-8bfc-774eabe7d98c/scmNode-1/scm-ha/8ae01b46-865b-4b2e-8bfc-774eabe7d98c/current/log_inprogress_1
2022-08-14 01:44:27,922 [eb4f5392-52f7-4dd8-91fe-f5d2e1c8a0c0@group-774EABE7D98C-StateMachineUpdater] INFO  ha.SCMContext (SCMContext.java:setLeaderReady(126)) - update <isLeaderReady> from <false> to <true>
2022-08-14 01:44:27,922 [eb4f5392-52f7-4dd8-91fe-f5d2e1c8a0c0@group-774EABE7D98C-StateMachineUpdater] INFO  pipeline.BackgroundPipelineCreator (BackgroundPipelineCreator.java:notifyStatusChanged(254)) - Service BackgroundPipelineCreator transitions to RUNNING.
2022-08-14 01:44:27,936 [eb4f5392-52f7-4dd8-91fe-f5d2e1c8a0c0@group-774EABE7D98C-StateMachineUpdater] INFO  safemode.HealthyPipelineSafeModeRule (HealthyPipelineSafeModeRule.java:initializeRule(165)) - Refreshed total pipeline count is 0, healthy pipeline threshold count is 1
2022-08-14 01:44:27,937 [eb4f5392-52f7-4dd8-91fe-f5d2e1c8a0c0@group-774EABE7D98C-StateMachineUpdater] INFO  safemode.ContainerSafeModeRule (ContainerSafeModeRule.java:reInitializeRule(177)) - Refreshed one replica container threshold 0, currentThreshold 0
2022-08-14 01:44:27,939 [eb4f5392-52f7-4dd8-91fe-f5d2e1c8a0c0@group-774EABE7D98C-StateMachineUpdater] INFO  safemode.OneReplicaPipelineSafeModeRule (OneReplicaPipelineSafeModeRule.java:initializeRule(176)) - Refreshed Total pipeline count is 0, pipeline's with at least one datanode reported threshold count is 0
2022-08-14 01:44:27,940 [eb4f5392-52f7-4dd8-91fe-f5d2e1c8a0c0@group-774EABE7D98C-StateMachineUpdater] INFO  server.SCMDatanodeProtocolServer (SCMDatanodeProtocolServer.java:start(186)) - ScmDatanodeProtocol RPC server for DataNodes is listening at /0.0.0.0:33939
2022-08-14 01:44:27,953 [IPC Server listener on 33939] INFO  ipc.Server (Server.java:run(1344)) - IPC Server listener on 33939: starting
2022-08-14 01:44:27,953 [IPC Server Responder] INFO  ipc.Server (Server.java:run(1507)) - IPC Server Responder: starting
2022-08-14 01:44:29,915 [Listener at 0.0.0.0/42649] INFO  retry.RetryInvocationHandler (RetryInvocationHandler.java:log(411)) - com.google.protobuf.ServiceException: java.net.ConnectException: Call From fv-az372-557/10.1.0.7 to localhost:44855 failed on connection exception: java.net.ConnectException: Connection refused; For more details see:  http://wiki.apache.org/hadoop/ConnectionRefused, while invoking $Proxy41.send over nodeId=scmNode-3,nodeAddress=/127.0.0.1:44855 after 3 failover attempts. Trying to failover after sleeping for 2000ms.
2022-08-14 01:44:31,950 [Listener at 0.0.0.0/42649] INFO  server.StorageContainerManager (StorageContainerManager.java:scmBootstrap(1143)) - SCM BootStrap  is successful for ClusterID 8ae01b46-865b-4b2e-8bfc-774eabe7d98c, SCMID cf90fe62-f76e-4488-be8d-0c3b3445e4fe
2022-08-14 01:44:31,950 [Listener at 0.0.0.0/42649] INFO  server.StorageContainerManager (StorageContainerManager.java:scmBootstrap(1145)) - Primary SCM Node ID eb4f5392-52f7-4dd8-91fe-f5d2e1c8a0c0
2022-08-14 01:44:31,950 [Listener at 0.0.0.0/42649] WARN  server.ServerUtils (ServerUtils.java:getScmDbDir(148)) - ozone.scm.db.dirs is not configured. We recommend adding this setting. Falling back to ozone.metadata.dirs instead.
2022-08-14 01:44:31,950 [Listener at 0.0.0.0/42649] INFO  ha.SCMHANodeDetails (SCMHANodeDetails.java:loadSCMHAConfig(209)) - ServiceID for StorageContainerManager is scmServiceId
2022-08-14 01:44:31,951 [Listener at 0.0.0.0/42649] INFO  ha.SCMHANodeDetails (SCMHANodeDetails.java:loadSCMHAConfig(220)) - ServiceID for StorageContainerManager is scmServiceId
2022-08-14 01:44:31,951 [Listener at 0.0.0.0/42649] WARN  scm.ScmUtils (ScmUtils.java:logWarn(179)) - ConfigKey ozone.scm.block.client.address is deprecated, For configuring different ports for each SCM use PortConfigKey ozone.scm.block.client.port appended with serviceId and nodeId. If want to configure same port configure ozone.scm.block.client.port
2022-08-14 01:44:31,951 [Listener at 0.0.0.0/42649] WARN  scm.ScmUtils (ScmUtils.java:logWarn(179)) - ConfigKey ozone.scm.client.address is deprecated, For configuring different ports for each SCM use PortConfigKey ozone.scm.client.port appended with serviceId and nodeId. If want to configure same port configure ozone.scm.client.port
2022-08-14 01:44:31,951 [Listener at 0.0.0.0/42649] WARN  scm.ScmUtils (ScmUtils.java:logWarn(179)) - ConfigKey ozone.scm.datanode.address is deprecated, For configuring different ports for each SCM use PortConfigKey ozone.scm.datanode.port appended with serviceId and nodeId. If want to configure same port configure ozone.scm.datanode.port
2022-08-14 01:44:31,952 [Listener at 0.0.0.0/42649] WARN  scm.ScmUtils (ScmUtils.java:logWarn(179)) - ConfigKey ozone.scm.block.client.address is deprecated, For configuring different ports for each SCM use PortConfigKey ozone.scm.block.client.port appended with serviceId and nodeId. If want to configure same port configure ozone.scm.block.client.port
2022-08-14 01:44:31,952 [Listener at 0.0.0.0/42649] WARN  scm.ScmUtils (ScmUtils.java:logWarn(179)) - ConfigKey ozone.scm.client.address is deprecated, For configuring different ports for each SCM use PortConfigKey ozone.scm.client.port appended with serviceId and nodeId. If want to configure same port configure ozone.scm.client.port
2022-08-14 01:44:31,952 [Listener at 0.0.0.0/42649] WARN  scm.ScmUtils (ScmUtils.java:logWarn(179)) - ConfigKey ozone.scm.datanode.address is deprecated, For configuring different ports for each SCM use PortConfigKey ozone.scm.datanode.port appended with serviceId and nodeId. If want to configure same port configure ozone.scm.datanode.port
2022-08-14 01:44:31,952 [Listener at 0.0.0.0/42649] INFO  ha.SCMHANodeDetails (SCMHANodeDetails.java:loadSCMHAConfig(307)) - Found matching SCM address with SCMServiceId: scmServiceId, SCMNodeId: scmNode-2, RPC Address: localhost:43241 and Ratis port: 43241
2022-08-14 01:44:31,952 [Listener at 0.0.0.0/42649] INFO  ha.SCMHANodeDetails (ConfUtils.java:setNodeSpecificConfigs(97)) - Setting configuration key ozone.scm.datanode.address with value of key ozone.scm.datanode.address.scmServiceId.scmNode-2: 127.0.0.1:34931
2022-08-14 01:44:31,952 [Listener at 0.0.0.0/42649] INFO  ha.SCMHANodeDetails (ConfUtils.java:setNodeSpecificConfigs(97)) - Setting configuration key ozone.scm.block.client.address with value of key ozone.scm.block.client.address.scmServiceId.scmNode-2: 127.0.0.1:34007
2022-08-14 01:44:31,952 [Listener at 0.0.0.0/42649] INFO  ha.SCMHANodeDetails (ConfUtils.java:setNodeSpecificConfigs(97)) - Setting configuration key ozone.scm.client.address with value of key ozone.scm.client.address.scmServiceId.scmNode-2: 127.0.0.1:43397
2022-08-14 01:44:31,952 [Listener at 0.0.0.0/42649] INFO  ha.SCMHANodeDetails (ConfUtils.java:setNodeSpecificConfigs(97)) - Setting configuration key ozone.scm.ratis.port with value of key ozone.scm.ratis.port.scmServiceId.scmNode-2: 43241
2022-08-14 01:44:31,953 [Listener at 0.0.0.0/42649] INFO  ha.SCMHANodeDetails (ConfUtils.java:setNodeSpecificConfigs(97)) - Setting configuration key ozone.scm.grpc.port with value of key ozone.scm.grpc.port.scmServiceId.scmNode-2: 37755
2022-08-14 01:44:31,953 [Listener at 0.0.0.0/42649] INFO  ha.SCMHANodeDetails (ConfUtils.java:setNodeSpecificConfigs(97)) - Setting configuration key ozone.scm.http-address with value of key ozone.scm.http-address.scmServiceId.scmNode-2: 127.0.0.1:40023
2022-08-14 01:44:31,953 [Listener at 0.0.0.0/42649] INFO  ha.SCMHANodeDetails (ConfUtils.java:setNodeSpecificConfigs(97)) - Setting configuration key ozone.scm.https-address with value of key ozone.scm.https-address.scmServiceId.scmNode-2: 127.0.0.1:32789
2022-08-14 01:44:31,953 [Listener at 0.0.0.0/42649] INFO  ha.SCMHANodeDetails (ConfUtils.java:setNodeSpecificConfigs(97)) - Setting configuration key ozone.scm.address with value of key ozone.scm.address.scmServiceId.scmNode-2: 127.0.0.1
2022-08-14 01:44:31,953 [Listener at 0.0.0.0/42649] WARN  scm.ScmUtils (ScmUtils.java:logWarn(179)) - ConfigKey ozone.scm.block.client.address is deprecated, For configuring different ports for each SCM use PortConfigKey ozone.scm.block.client.port appended with serviceId and nodeId. If want to configure same port configure ozone.scm.block.client.port
2022-08-14 01:44:31,953 [Listener at 0.0.0.0/42649] WARN  scm.ScmUtils (ScmUtils.java:logWarn(179)) - ConfigKey ozone.scm.client.address is deprecated, For configuring different ports for each SCM use PortConfigKey ozone.scm.client.port appended with serviceId and nodeId. If want to configure same port configure ozone.scm.client.port
2022-08-14 01:44:31,953 [Listener at 0.0.0.0/42649] WARN  scm.ScmUtils (ScmUtils.java:logWarn(179)) - ConfigKey ozone.scm.datanode.address is deprecated, For configuring different ports for each SCM use PortConfigKey ozone.scm.datanode.port appended with serviceId and nodeId. If want to configure same port configure ozone.scm.datanode.port
2022-08-14 01:44:31,961 [Listener at 0.0.0.0/42649] WARN  utils.HAUtils (HAUtils.java:getMetaDir(342)) - ozone.scm.db.dirs is not configured. We recommend adding this setting. Falling back to ozone.metadata.dirs instead.
2022-08-14 01:44:31,961 [Listener at 0.0.0.0/42649] WARN  db.DBStoreBuilder (DBStoreBuilder.java:applyDBDefinition(143)) - ozone.scm.db.dirs is not configured. We recommend adding this setting. Falling back to ozone.metadata.dirs instead.
2022-08-14 01:44:32,086 [Listener at 0.0.0.0/42649] INFO  net.NodeSchemaLoader (NodeSchemaLoader.java:loadSchemaFromFile(129)) - Loading schema from [jar:file:/home/runner/.m2/repository/org/apache/ozone/hdds-common/1.3.0-SNAPSHOT/hdds-common-1.3.0-SNAPSHOT.jar!/network-topology-default.xml]
2022-08-14 01:44:32,086 [Listener at 0.0.0.0/42649] INFO  net.NodeSchemaLoader (NodeSchemaLoader.java:loadSchema(176)) - Loading network topology layer schema file
2022-08-14 01:44:32,091 [Listener at 0.0.0.0/42649] WARN  impl.MetricRegistriesImpl (MetricRegistriesImpl.java:addReporterRegistration(111)) - New reporters are added after registries were created. Some metrics will be missing from the reporter. Please add reporter before adding any new registry.
2022-08-14 01:44:32,091 [Listener at 0.0.0.0/42649] WARN  impl.MetricRegistriesImpl (MetricRegistriesImpl.java:addReporterRegistration(111)) - New reporters are added after registries were created. Some metrics will be missing from the reporter. Please add reporter before adding any new registry.
2022-08-14 01:44:32,092 [Listener at 0.0.0.0/42649] INFO  ha.SCMRatisServerImpl (SCMRatisServerImpl.java:<init>(87)) - starting Raft server for scm:cf90fe62-f76e-4488-be8d-0c3b3445e4fe
2022-08-14 01:44:32,093 [Listener at 0.0.0.0/42649] INFO  server.RaftServer (ConfUtils.java:logGet(46)) - raft.rpc.type = GRPC (default)
2022-08-14 01:44:32,093 [Listener at 0.0.0.0/42649] INFO  grpc.GrpcFactory (GrpcFactory.java:checkPooledByteBufAllocatorUseCacheForAllThreads(48)) - PERFORMANCE WARNING: useCacheForAllThreads is true that may cause Netty to create a lot garbage objects and, as a result, trigger GC.
	It is recommended to disable useCacheForAllThreads by setting -Dorg.apache.ratis.thirdparty.io.netty.allocator.useCacheForAllThreads=false in command line.
2022-08-14 01:44:32,093 [Listener at 0.0.0.0/42649] INFO  grpc.GrpcConfigKeys (ConfUtils.java:logGet(46)) - raft.grpc.admin.port = -1 (default)
2022-08-14 01:44:32,093 [Listener at 0.0.0.0/42649] INFO  grpc.GrpcConfigKeys (ConfUtils.java:logGet(46)) - raft.grpc.server.port = 43241 (custom)
2022-08-14 01:44:32,093 [Listener at 0.0.0.0/42649] INFO  grpc.GrpcConfigKeys (ConfUtils.java:logGet(46)) - raft.grpc.client.port = -1 (default)
2022-08-14 01:44:32,093 [Listener at 0.0.0.0/42649] INFO  grpc.GrpcConfigKeys (ConfUtils.java:logGet(46)) - raft.grpc.server.port = 43241 (custom)
2022-08-14 01:44:32,094 [Listener at 0.0.0.0/42649] INFO  grpc.GrpcConfigKeys (ConfUtils.java:logGet(46)) - raft.grpc.server.port = 43241 (custom)
2022-08-14 01:44:32,094 [Listener at 0.0.0.0/42649] INFO  server.GrpcService (ConfUtils.java:logGet(46)) - raft.grpc.message.size.max = 32m (=33554432) (custom)
2022-08-14 01:44:32,094 [Listener at 0.0.0.0/42649] INFO  server.RaftServerConfigKeys (ConfUtils.java:logGet(46)) - raft.server.log.appender.buffer.byte-limit = 33554432 (custom)
2022-08-14 01:44:32,094 [Listener at 0.0.0.0/42649] INFO  server.GrpcService (ConfUtils.java:logGet(46)) - raft.grpc.flow.control.window = 1MB (=1048576) (default)
2022-08-14 01:44:32,094 [Listener at 0.0.0.0/42649] INFO  server.RaftServerConfigKeys (ConfUtils.java:logGet(46)) - raft.server.rpc.request.timeout = 30000ms (custom)
2022-08-14 01:44:32,094 [Listener at 0.0.0.0/42649] INFO  grpc.GrpcConfigKeys (ConfUtils.java:logGet(46)) - raft.grpc.server.async.request.thread.pool.cached = true (default)
2022-08-14 01:44:32,094 [Listener at 0.0.0.0/42649] INFO  grpc.GrpcConfigKeys (ConfUtils.java:logGet(46)) - raft.grpc.server.async.request.thread.pool.size = 32 (default)
2022-08-14 01:44:32,096 [Listener at 0.0.0.0/42649] INFO  impl.DataStreamServerImpl (ConfUtils.java:logGet(46)) - raft.datastream.type = DISABLED (default)
2022-08-14 01:44:32,096 [Listener at 0.0.0.0/42649] INFO  server.RaftServerConfigKeys (ConfUtils.java:logGet(46)) - raft.server.threadpool.proxy.cached = true (default)
2022-08-14 01:44:32,096 [Listener at 0.0.0.0/42649] INFO  server.RaftServerConfigKeys (ConfUtils.java:logGet(46)) - raft.server.threadpool.proxy.size = 0 (default)
2022-08-14 01:44:32,096 [Listener at 0.0.0.0/42649] INFO  server.RaftServerConfigKeys (ConfUtils.java:logGet(46)) - raft.server.rpc.slowness.timeout = 120000ms (custom)
2022-08-14 01:44:32,096 [Listener at 0.0.0.0/42649] INFO  server.RaftServerConfigKeys (ConfUtils.java:logGet(46)) - raft.server.leaderelection.leader.step-down.wait-time = 10s (default)
2022-08-14 01:44:32,096 [Listener at 0.0.0.0/42649] INFO  server.RaftServerConfigKeys (ConfUtils.java:logGet(46)) - raft.server.storage.dir = [/home/runner/work/ozone/ozone/hadoop-ozone/integration-test/target/test-dir/MiniOzoneClusterImpl-8ae01b46-865b-4b2e-8bfc-774eabe7d98c/scmNode-2/scm-ha] (custom)
2022-08-14 01:44:32,099 [Listener at 0.0.0.0/42649] INFO  server.RaftServer (RaftServerProxy.java:addNew(96)) - cf90fe62-f76e-4488-be8d-0c3b3445e4fe: addNew group-774EABE7D98C:[] returns group-774EABE7D98C:java.util.concurrent.CompletableFuture@56862d58[Not completed]
2022-08-14 01:44:32,099 [pool-54-thread-1] INFO  server.RaftServer$Division (RaftServerImpl.java:<init>(190)) - cf90fe62-f76e-4488-be8d-0c3b3445e4fe: new RaftServerImpl for group-774EABE7D98C:[] with SCMStateMachine:uninitialized
2022-08-14 01:44:32,101 [pool-54-thread-1] INFO  server.RaftServerConfigKeys (ConfUtils.java:logGet(46)) - raft.server.rpc.timeout.min = 5000ms (custom)
2022-08-14 01:44:32,101 [pool-54-thread-1] INFO  server.RaftServerConfigKeys (ConfUtils.java:logGet(46)) - raft.server.rpc.timeout.max = 5200ms (custom)
2022-08-14 01:44:32,101 [pool-54-thread-1] INFO  server.RaftServerConfigKeys (ConfUtils.java:logGet(46)) - raft.server.rpc.sleep.time = 25ms (default)
2022-08-14 01:44:32,101 [pool-54-thread-1] INFO  server.RaftServerConfigKeys (ConfUtils.java:logGet(46)) - raft.server.rpc.slowness.timeout = 120000ms (custom)
2022-08-14 01:44:32,101 [pool-54-thread-1] INFO  server.RaftServerConfigKeys (ConfUtils.java:logGet(46)) - raft.server.leaderelection.leader.step-down.wait-time = 10s (default)
2022-08-14 01:44:32,101 [pool-54-thread-1] INFO  server.RaftServerConfigKeys (ConfUtils.java:logGet(46)) - raft.server.sleep.deviation.threshold = 300ms (default)
2022-08-14 01:44:32,101 [pool-54-thread-1] INFO  server.RaftServer$Division (ServerState.java:<init>(107)) - cf90fe62-f76e-4488-be8d-0c3b3445e4fe@group-774EABE7D98C: ConfigurationManager, init=-1: [], old=null, confs=<EMPTY_MAP>
2022-08-14 01:44:32,101 [pool-54-thread-1] INFO  server.RaftServerConfigKeys (ConfUtils.java:logGet(46)) - raft.server.storage.dir = [/home/runner/work/ozone/ozone/hadoop-ozone/integration-test/target/test-dir/MiniOzoneClusterImpl-8ae01b46-865b-4b2e-8bfc-774eabe7d98c/scmNode-2/scm-ha] (custom)
2022-08-14 01:44:32,101 [pool-54-thread-1] INFO  server.RaftServerConfigKeys (ConfUtils.java:logGet(46)) - raft.server.log.corruption.policy = EXCEPTION (default)
2022-08-14 01:44:32,102 [pool-54-thread-1] INFO  server.RaftServerConfigKeys (ConfUtils.java:logGet(46)) - raft.server.storage.free-space.min = 0MB (=0) (default)
2022-08-14 01:44:32,102 [pool-54-thread-1] INFO  storage.RaftStorageDirectory (RaftStorageDirectoryImpl.java:analyzeStorage(135)) - The storage directory /home/runner/work/ozone/ozone/hadoop-ozone/integration-test/target/test-dir/MiniOzoneClusterImpl-8ae01b46-865b-4b2e-8bfc-774eabe7d98c/scmNode-2/scm-ha/8ae01b46-865b-4b2e-8bfc-774eabe7d98c does not exist. Creating ...
2022-08-14 01:44:32,103 [pool-54-thread-1] INFO  storage.RaftStorageDirectory (RaftStorageDirectoryImpl.java:tryLock(230)) - Lock on /home/runner/work/ozone/ozone/hadoop-ozone/integration-test/target/test-dir/MiniOzoneClusterImpl-8ae01b46-865b-4b2e-8bfc-774eabe7d98c/scmNode-2/scm-ha/8ae01b46-865b-4b2e-8bfc-774eabe7d98c/in_use.lock acquired by nodename 20746@fv-az372-557
2022-08-14 01:44:32,105 [pool-54-thread-1] INFO  storage.RaftStorage (RaftStorageImpl.java:format(89)) - Storage directory /home/runner/work/ozone/ozone/hadoop-ozone/integration-test/target/test-dir/MiniOzoneClusterImpl-8ae01b46-865b-4b2e-8bfc-774eabe7d98c/scmNode-2/scm-ha/8ae01b46-865b-4b2e-8bfc-774eabe7d98c has been successfully formatted.
2022-08-14 01:44:32,105 [pool-54-thread-1] INFO  server.RaftServerConfigKeys (ConfUtils.java:logGet(46)) - raft.server.notification.no-leader.timeout = 60s (default)
2022-08-14 01:44:32,105 [pool-54-thread-1] INFO  server.RaftServerConfigKeys (ConfUtils.java:logGet(46)) - raft.server.log.use.memory = false (default)
2022-08-14 01:44:32,106 [pool-54-thread-1] INFO  server.RaftServerConfigKeys (ConfUtils.java:logGet(46)) - raft.server.log.purge.gap = 1000000 (custom)
2022-08-14 01:44:32,106 [pool-54-thread-1] INFO  server.RaftServerConfigKeys (ConfUtils.java:logGet(46)) - raft.server.log.appender.buffer.byte-limit = 33554432 (custom)
2022-08-14 01:44:32,106 [pool-54-thread-1] INFO  server.RaftServerConfigKeys (ConfUtils.java:logGet(46)) - raft.server.log.statemachine.data.read.timeout = 1000ms (default)
2022-08-14 01:44:32,106 [pool-54-thread-1] INFO  server.RaftServerConfigKeys (ConfUtils.java:logGet(46)) - raft.server.log.segment.size.max = 4194304 (custom)
2022-08-14 01:44:32,107 [pool-54-thread-1] INFO  server.RaftServerConfigKeys (ConfUtils.java:logGet(46)) - raft.server.log.segment.cache.num.max = 2 (custom)
2022-08-14 01:44:32,107 [pool-54-thread-1] INFO  server.RaftServerConfigKeys (ConfUtils.java:logGet(46)) - raft.server.log.segment.cache.size.max = 200MB (=209715200) (default)
2022-08-14 01:44:32,107 [pool-54-thread-1] INFO  segmented.SegmentedRaftLogWorker (SegmentedRaftLogWorker.java:<init>(187)) - new cf90fe62-f76e-4488-be8d-0c3b3445e4fe@group-774EABE7D98C-SegmentedRaftLogWorker for RaftStorageImpl:Storage Directory /home/runner/work/ozone/ozone/hadoop-ozone/integration-test/target/test-dir/MiniOzoneClusterImpl-8ae01b46-865b-4b2e-8bfc-774eabe7d98c/scmNode-2/scm-ha/8ae01b46-865b-4b2e-8bfc-774eabe7d98c
2022-08-14 01:44:32,107 [pool-54-thread-1] INFO  server.RaftServerConfigKeys (ConfUtils.java:logGet(46)) - raft.server.log.queue.byte-limit = 64MB (=67108864) (default)
2022-08-14 01:44:32,107 [pool-54-thread-1] INFO  server.RaftServerConfigKeys (ConfUtils.java:logGet(46)) - raft.server.log.queue.element-limit = 4096 (default)
2022-08-14 01:44:32,108 [pool-54-thread-1] INFO  server.RaftServerConfigKeys (ConfUtils.java:logGet(46)) - raft.server.log.segment.size.max = 4194304 (custom)
2022-08-14 01:44:32,108 [pool-54-thread-1] INFO  server.RaftServerConfigKeys (ConfUtils.java:logGet(46)) - raft.server.log.preallocated.size = 4194304 (custom)
2022-08-14 01:44:32,108 [pool-54-thread-1] INFO  server.RaftServerConfigKeys (ConfUtils.java:logGet(46)) - raft.server.log.force.sync.num = 128 (default)
2022-08-14 01:44:32,108 [pool-54-thread-1] INFO  server.RaftServerConfigKeys (ConfUtils.java:logGet(46)) - raft.server.log.statemachine.data.sync = true (default)
2022-08-14 01:44:32,108 [pool-54-thread-1] INFO  server.RaftServerConfigKeys (ConfUtils.java:logGet(46)) - raft.server.log.statemachine.data.sync.timeout = 10s (default)
2022-08-14 01:44:32,108 [pool-54-thread-1] INFO  server.RaftServerConfigKeys (ConfUtils.java:logGet(46)) - raft.server.log.statemachine.data.sync.timeout.retry = -1 (default)
2022-08-14 01:44:32,109 [pool-54-thread-1] INFO  server.RaftServerConfigKeys (ConfUtils.java:logGet(46)) - raft.server.log.write.buffer.size = 64KB (=65536) (default)
2022-08-14 01:44:32,109 [pool-54-thread-1] INFO  server.RaftServerConfigKeys (ConfUtils.java:logGet(46)) - raft.server.log.unsafe-flush.enabled = false (default)
2022-08-14 01:44:32,110 [pool-54-thread-1] INFO  server.RaftServerConfigKeys (ConfUtils.java:logGet(46)) - raft.server.log.statemachine.data.caching.enabled = false (default)
2022-08-14 01:44:32,110 [pool-54-thread-1] INFO  segmented.SegmentedRaftLogWorker (SegmentedRaftLogWorker.java:lambda$new$0(135)) - cf90fe62-f76e-4488-be8d-0c3b3445e4fe@group-774EABE7D98C-SegmentedRaftLogWorker: flushIndex: setUnconditionally 0 -> -1
2022-08-14 01:44:32,110 [pool-54-thread-1] INFO  segmented.SegmentedRaftLogWorker (SegmentedRaftLogWorker.java:lambda$new$0(135)) - cf90fe62-f76e-4488-be8d-0c3b3445e4fe@group-774EABE7D98C-SegmentedRaftLogWorker: safeCacheEvictIndex: setUnconditionally 0 -> -1
2022-08-14 01:44:32,110 [pool-54-thread-1] INFO  server.RaftServerConfigKeys (ConfUtils.java:logGet(46)) - raft.server.snapshot.auto.trigger.enabled = true (custom)
2022-08-14 01:44:32,110 [pool-54-thread-1] INFO  server.RaftServerConfigKeys (ConfUtils.java:logGet(46)) - raft.server.snapshot.auto.trigger.threshold = 1000 (custom)
2022-08-14 01:44:32,110 [pool-54-thread-1] INFO  server.RaftServerConfigKeys (ConfUtils.java:logGet(46)) - raft.server.snapshot.retention.file.num = -1 (default)
2022-08-14 01:44:32,111 [pool-54-thread-1] INFO  server.RaftServerConfigKeys (ConfUtils.java:logGet(46)) - raft.server.log.purge.upto.snapshot.index = false (default)
2022-08-14 01:44:32,111 [pool-54-thread-1] INFO  server.RaftServerConfigKeys (ConfUtils.java:logGet(46)) - raft.server.retrycache.expirytime = 60000ms (default)
2022-08-14 01:44:32,111 [pool-54-thread-1] INFO  server.RaftServerConfigKeys (ConfUtils.java:logGet(46)) - raft.server.retrycache.statistics.expirytime = 100μs (default)
2022-08-14 01:44:32,112 [pool-54-thread-1] INFO  server.RaftServerConfigKeys (ConfUtils.java:logGet(46)) - raft.server.log.appender.install.snapshot.enabled = false (custom)
2022-08-14 01:44:32,112 [pool-54-thread-1] INFO  server.RaftServerConfigKeys (ConfUtils.java:logGet(46)) - raft.server.threadpool.server.cached = true (default)
2022-08-14 01:44:32,113 [pool-54-thread-1] INFO  server.RaftServerConfigKeys (ConfUtils.java:logGet(46)) - raft.server.threadpool.server.size = 0 (default)
2022-08-14 01:44:32,113 [pool-54-thread-1] INFO  server.RaftServerConfigKeys (ConfUtils.java:logGet(46)) - raft.server.threadpool.client.cached = true (default)
2022-08-14 01:44:32,113 [pool-54-thread-1] INFO  server.RaftServerConfigKeys (ConfUtils.java:logGet(46)) - raft.server.threadpool.client.size = 0 (default)
2022-08-14 01:44:32,113 [Listener at 0.0.0.0/42649] INFO  ha.SCMSnapshotProvider (SCMSnapshotProvider.java:<init>(66)) - Initializing SCM Snapshot Provider
2022-08-14 01:44:32,113 [Listener at 0.0.0.0/42649] WARN  server.ServerUtils (ServerUtils.java:getDefaultRatisDirectory(237)) - Storage directory for Ratis is not configured. It is a good idea to map this to an SSD disk. Falling back to ozone.metadata.dirs
2022-08-14 01:44:32,113 [Listener at 0.0.0.0/42649] WARN  ha.SCMHAUtils (SCMHAUtils.java:getSCMRatisSnapshotDirectory(153)) - SCM snapshot dir is not configured. Falling back to ozone.metadata.dirs config
2022-08-14 01:44:32,114 [Listener at 0.0.0.0/42649] INFO  upgrade.AbstractLayoutVersionManager (AbstractLayoutVersionManager.java:init(83)) - Initializing Layout version manager with metadata layout = DATANODE_SCHEMA_V3 (version = 4), software layout = DATANODE_SCHEMA_V3 (version = 4)
2022-08-14 01:44:32,169 [Listener at 0.0.0.0/42649] INFO  reflections.Reflections (Reflections.java:scan(232)) - Reflections took 53 ms to scan 7 urls, producing 132 keys and 321 values 
2022-08-14 01:44:32,172 [Listener at 0.0.0.0/42649] INFO  ha.SequenceIdGenerator (SequenceIdGenerator.java:upgradeToSequenceId(349)) - upgrade localId to 109611004723200000
2022-08-14 01:44:32,172 [Listener at 0.0.0.0/42649] INFO  ha.SequenceIdGenerator (SequenceIdGenerator.java:upgradeToSequenceId(359)) - upgrade delTxnId to 0
2022-08-14 01:44:32,172 [Listener at 0.0.0.0/42649] INFO  ha.SequenceIdGenerator (SequenceIdGenerator.java:upgradeToSequenceId(376)) - upgrade containerId to 0
2022-08-14 01:44:32,172 [Listener at 0.0.0.0/42649] INFO  ha.SequenceIdGenerator (SequenceIdGenerator.java:<init>(220)) - Init the HA SequenceIdGenerator.
2022-08-14 01:44:32,173 [Listener at 0.0.0.0/42649] WARN  server.ServerUtils (ServerUtils.java:sanitizeUserArgs(73)) - ozone.scm.stale.node.interval value = 300000 is larger than max = 100000 based on the key value of ozone.scm.heartbeat.thread.interval, reset to the max value 100000.
2022-08-14 01:44:32,173 [Listener at 0.0.0.0/42649] WARN  server.ServerUtils (ServerUtils.java:sanitizeUserArgs(73)) - ozone.scm.stale.node.interval value = 300000 is larger than max = 100000 based on the key value of ozone.scm.heartbeat.thread.interval, reset to the max value 100000.
2022-08-14 01:44:32,173 [Listener at 0.0.0.0/42649] INFO  node.SCMNodeManager (SCMNodeManager.java:<init>(149)) - Entering startup safe mode.
2022-08-14 01:44:32,175 [Listener at 0.0.0.0/42649] INFO  algorithms.ContainerPlacementPolicyFactory (ContainerPlacementPolicyFactory.java:getPolicyInternal(86)) - Create container placement policy of type org.apache.hadoop.hdds.scm.container.placement.algorithms.SCMContainerPlacementRandom
2022-08-14 01:44:32,175 [Listener at 0.0.0.0/42649] INFO  algorithms.ContainerPlacementPolicyFactory (ContainerPlacementPolicyFactory.java:getPolicyInternal(86)) - Create container placement policy of type org.apache.hadoop.hdds.scm.container.placement.algorithms.SCMContainerPlacementRackScatter
2022-08-14 01:44:32,175 [Listener at 0.0.0.0/42649] INFO  pipeline.PipelineStateManagerImpl (PipelineStateManagerImpl.java:initialize(78)) - No pipeline exists in current db
2022-08-14 01:44:32,175 [Listener at 0.0.0.0/42649] INFO  algorithms.LeaderChoosePolicyFactory (LeaderChoosePolicyFactory.java:getPolicy(57)) - Create leader choose policy of type org.apache.hadoop.hdds.scm.pipeline.leader.choose.algorithms.MinLeaderCountChoosePolicy
2022-08-14 01:44:32,175 [Listener at 0.0.0.0/42649] INFO  algorithms.ContainerPlacementPolicyFactory (ContainerPlacementPolicyFactory.java:getPolicyInternal(86)) - Create container placement policy of type org.apache.hadoop.hdds.scm.container.placement.algorithms.SCMContainerPlacementRackScatter
2022-08-14 01:44:32,176 [Listener at 0.0.0.0/42649] INFO  ha.SCMServiceManager (SCMServiceManager.java:register(42)) - Registering service BackgroundPipelineCreator.
2022-08-14 01:44:32,176 [Listener at 0.0.0.0/42649] INFO  pipeline.BackgroundPipelineCreator (BackgroundPipelineCreator.java:start(124)) - Starting RatisPipelineUtilsThread.
2022-08-14 01:44:32,176 [Listener at 0.0.0.0/42649] INFO  BackgroundPipelineScrubber (BackgroundSCMService.java:start(68)) - Starting BackgroundPipelineScrubber Service.
2022-08-14 01:44:32,180 [Listener at 0.0.0.0/42649] INFO  ha.SCMServiceManager (SCMServiceManager.java:register(42)) - Registering service BackgroundPipelineScrubber.
2022-08-14 01:44:32,180 [Listener at 0.0.0.0/42649] INFO  ExpiredContainerReplicaOpScrubber (BackgroundSCMService.java:start(68)) - Starting ExpiredContainerReplicaOpScrubber Service.
2022-08-14 01:44:32,183 [Listener at 0.0.0.0/42649] INFO  ha.SCMServiceManager (SCMServiceManager.java:register(42)) - Registering service ExpiredContainerReplicaOpScrubber.
2022-08-14 01:44:32,185 [Listener at 0.0.0.0/42649] INFO  algorithms.PipelineChoosePolicyFactory (PipelineChoosePolicyFactory.java:createPipelineChoosePolicyFromClass(73)) - Create pipeline choose policy of type org.apache.hadoop.hdds.scm.pipeline.choose.algorithms.RandomPipelineChoosePolicy
2022-08-14 01:44:32,185 [Listener at 0.0.0.0/42649] INFO  ha.SCMServiceManager (SCMServiceManager.java:register(42)) - Registering service SCMBlockDeletingService.
2022-08-14 01:44:32,186 [Listener at 0.0.0.0/42649] INFO  replication.ReplicationManager (ReplicationManager.java:start(206)) - Starting Replication Monitor Thread.
2022-08-14 01:44:32,188 [Listener at 0.0.0.0/42649] INFO  UnderReplicatedQueueThread (BackgroundSCMService.java:start(68)) - Starting UnderReplicatedQueueThread Service.
2022-08-14 01:44:32,188 [Listener at 0.0.0.0/42649] INFO  ha.SCMServiceManager (SCMServiceManager.java:register(42)) - Registering service UnderReplicatedQueueThread.
2022-08-14 01:44:32,188 [Listener at 0.0.0.0/42649] INFO  OverReplicatedQueueThread (BackgroundSCMService.java:start(68)) - Starting OverReplicatedQueueThread Service.
2022-08-14 01:44:32,189 [ReplicationMonitor] INFO  replication.ReplicationManager (ReplicationManager.java:processAll(255)) - Replication Manager is not ready to run until 3000ms after safemode exit
2022-08-14 01:44:32,195 [Listener at 0.0.0.0/42649] INFO  ha.SCMServiceManager (SCMServiceManager.java:register(42)) - Registering service OverReplicatedQueueThread.
2022-08-14 01:44:32,195 [Listener at 0.0.0.0/42649] INFO  ha.SCMServiceManager (SCMServiceManager.java:register(42)) - Registering service ReplicationManager.
2022-08-14 01:44:32,196 [Listener at 0.0.0.0/42649] INFO  safemode.ContainerSafeModeRule (ContainerSafeModeRule.java:<init>(89)) - containers with one replica threshold count 0
2022-08-14 01:44:32,197 [Listener at 0.0.0.0/42649] INFO  safemode.HealthyPipelineSafeModeRule (HealthyPipelineSafeModeRule.java:initializeRule(169)) - Total pipeline count is 0, healthy pipeline threshold count is 1
2022-08-14 01:44:32,197 [Listener at 0.0.0.0/42649] INFO  safemode.OneReplicaPipelineSafeModeRule (OneReplicaPipelineSafeModeRule.java:initializeRule(180)) - Total pipeline count is 0, pipeline's with at least one datanode reported threshold count is 0
2022-08-14 01:44:32,199 [Listener at 0.0.0.0/42649] INFO  ipc.CallQueueManager (CallQueueManager.java:<init>(90)) - Using callQueue: class java.util.concurrent.LinkedBlockingQueue, queueCapacity: 2000, scheduler: class org.apache.hadoop.ipc.DefaultRpcScheduler, ipcBackoff: false.
2022-08-14 01:44:32,200 [Socket Reader #1 for port 34931] INFO  ipc.Server (Server.java:run(1265)) - Starting Socket Reader #1 for port 34931
2022-08-14 01:44:32,206 [Listener at 0.0.0.0/34931] INFO  ipc.CallQueueManager (CallQueueManager.java:<init>(90)) - Using callQueue: class java.util.concurrent.LinkedBlockingQueue, queueCapacity: 2000, scheduler: class org.apache.hadoop.ipc.DefaultRpcScheduler, ipcBackoff: false.
2022-08-14 01:44:32,209 [Socket Reader #1 for port 34007] INFO  ipc.Server (Server.java:run(1265)) - Starting Socket Reader #1 for port 34007
2022-08-14 01:44:32,211 [Listener at 0.0.0.0/34007] INFO  ipc.CallQueueManager (CallQueueManager.java:<init>(90)) - Using callQueue: class java.util.concurrent.LinkedBlockingQueue, queueCapacity: 2000, scheduler: class org.apache.hadoop.ipc.DefaultRpcScheduler, ipcBackoff: false.
2022-08-14 01:44:32,212 [Socket Reader #1 for port 43397] INFO  ipc.Server (Server.java:run(1265)) - Starting Socket Reader #1 for port 43397
2022-08-14 01:44:32,243 [Listener at 0.0.0.0/43397] INFO  ha.SCMServiceManager (SCMServiceManager.java:register(42)) - Registering service ContainerBalancer.
2022-08-14 01:44:32,243 [Listener at 0.0.0.0/43397] INFO  server.StorageContainerManager (StorageContainerManager.java:<init>(406)) - 
Container Balancer status:
Key                            Value
Running                        false
Container Balancer Configuration values:
Key                                                Value
Threshold                                          10
Max Datanodes to Involve per Iteration(percent)    20
Max Size to Move per Iteration                     500GB
Max Size Entering Target per Iteration             26GB
Max Size Leaving Source per Iteration              26GB

2022-08-14 01:44:32,243 [Listener at 0.0.0.0/43397] WARN  events.EventQueue (EventQueue.java:fireEvent(216)) - No event handler registered for event TypedEvent{payloadType=SafeModeStatus, name='Safe mode status'}
2022-08-14 01:44:32,243 [Listener at 0.0.0.0/43397] INFO  ha.SCMContext (SCMContext.java:updateSafeModeStatus(228)) - Update SafeModeStatus from SafeModeStatus{safeModeStatus=true, preCheckPassed=false} to SafeModeStatus{safeModeStatus=true, preCheckPassed=false}.
2022-08-14 01:44:32,244 [Listener at 0.0.0.0/43397] INFO  server.StorageContainerManager (StorageContainerManager.java:start(1460)) - StorageContainerLocationProtocol RPC server is listening at /0.0.0.0:43397
2022-08-14 01:44:32,244 [Listener at 0.0.0.0/43397] INFO  ha.SCMRatisServerImpl (SCMRatisServerImpl.java:start(178)) - starting ratis server 0.0.0.0:43241
2022-08-14 01:44:32,244 [cf90fe62-f76e-4488-be8d-0c3b3445e4fe-impl-thread1] INFO  server.RaftServer$Division (RaftServerImpl.java:start(316)) - cf90fe62-f76e-4488-be8d-0c3b3445e4fe@group-774EABE7D98C: start with initializing state, conf=-1: [], old=null
2022-08-14 01:44:32,245 [cf90fe62-f76e-4488-be8d-0c3b3445e4fe-impl-thread1] INFO  server.RaftServer$Division (RaftServerImpl.java:setRole(299)) - cf90fe62-f76e-4488-be8d-0c3b3445e4fe@group-774EABE7D98C: changes role from      null to FOLLOWER at term 0 for startInitializing
2022-08-14 01:44:32,245 [cf90fe62-f76e-4488-be8d-0c3b3445e4fe-impl-thread1] INFO  util.JmxRegister (JmxRegister.java:tryRegister(44)) - Successfully registered JMX Bean with object name Ratis:service=RaftServer,group=group-774EABE7D98C,id=cf90fe62-f76e-4488-be8d-0c3b3445e4fe
2022-08-14 01:44:32,247 [Listener at 0.0.0.0/43397] INFO  server.RaftServer (RaftServerProxy.java:lambda$start$6(382)) - cf90fe62-f76e-4488-be8d-0c3b3445e4fe: start RPC server
2022-08-14 01:44:32,250 [Listener at 0.0.0.0/43397] INFO  server.GrpcService (GrpcService.java:startImpl(260)) - cf90fe62-f76e-4488-be8d-0c3b3445e4fe: GrpcService started, listening on 43241
2022-08-14 01:44:32,254 [Listener at 0.0.0.0/43397] INFO  ha.SCMNodeInfo (SCMNodeInfo.java:getPort(197)) - ConfigKey ozone.scm.client.address is deprecated, For configuring different ports for each SCM use PortConfigKey ozone.scm.client.port appended with serviceId and nodeId
2022-08-14 01:44:32,254 [Listener at 0.0.0.0/43397] INFO  ha.SCMNodeInfo (SCMNodeInfo.java:getPort(197)) - ConfigKey ozone.scm.block.client.address is deprecated, For configuring different ports for each SCM use PortConfigKey ozone.scm.block.client.port appended with serviceId and nodeId
2022-08-14 01:44:32,254 [Listener at 0.0.0.0/43397] INFO  ha.SCMNodeInfo (SCMNodeInfo.java:getPort(197)) - ConfigKey ozone.scm.datanode.address is deprecated, For configuring different ports for each SCM use PortConfigKey ozone.scm.datanode.port appended with serviceId and nodeId
2022-08-14 01:44:32,254 [Listener at 0.0.0.0/43397] INFO  ha.SCMNodeInfo (SCMNodeInfo.java:getPort(197)) - ConfigKey ozone.scm.client.address is deprecated, For configuring different ports for each SCM use PortConfigKey ozone.scm.client.port appended with serviceId and nodeId
2022-08-14 01:44:32,255 [Listener at 0.0.0.0/43397] INFO  ha.SCMNodeInfo (SCMNodeInfo.java:getPort(197)) - ConfigKey ozone.scm.block.client.address is deprecated, For configuring different ports for each SCM use PortConfigKey ozone.scm.block.client.port appended with serviceId and nodeId
2022-08-14 01:44:32,255 [Listener at 0.0.0.0/43397] INFO  ha.SCMNodeInfo (SCMNodeInfo.java:getPort(197)) - ConfigKey ozone.scm.datanode.address is deprecated, For configuring different ports for each SCM use PortConfigKey ozone.scm.datanode.port appended with serviceId and nodeId
2022-08-14 01:44:32,255 [Listener at 0.0.0.0/43397] INFO  proxy.SCMBlockLocationFailoverProxyProvider (SCMBlockLocationFailoverProxyProvider.java:<init>(114)) - Created block location fail-over proxy with 2 nodes: [nodeId=scmNode-3,nodeAddress=/127.0.0.1:44855, nodeId=scmNode-1,nodeAddress=/127.0.0.1:39797]
2022-08-14 01:44:32,258 [org.apache.ratis.util.JvmPauseMonitor$$Lambda$519/202110677@627057fd] INFO  util.JvmPauseMonitor (JvmPauseMonitor.java:run(103)) - JvmPauseMonitor-cf90fe62-f76e-4488-be8d-0c3b3445e4fe: Started
2022-08-14 01:44:32,266 [IPC Server handler 0 on default port 39797] INFO  ha.SCMRatisServerImpl (SCMRatisServerImpl.java:addSCM(298)) - eb4f5392-52f7-4dd8-91fe-f5d2e1c8a0c0: Submitting SetConfiguration request to Ratis server with new SCM peers list: [eb4f5392-52f7-4dd8-91fe-f5d2e1c8a0c0|rpc:localhost:43121|admin:|client:|dataStream:|priority:0, cf90fe62-f76e-4488-be8d-0c3b3445e4fe|rpc:localhost:43241|priority:0]
2022-08-14 01:44:32,280 [IPC Server handler 0 on default port 39797] INFO  server.RaftServer$Division (RaftServerImpl.java:setConfigurationAsync(1080)) - eb4f5392-52f7-4dd8-91fe-f5d2e1c8a0c0@group-774EABE7D98C: receive setConfiguration SetConfigurationRequest:client-B1BCE765C03D->eb4f5392-52f7-4dd8-91fe-f5d2e1c8a0c0@group-774EABE7D98C, cid=0, seq=0, RW, null, peers:[eb4f5392-52f7-4dd8-91fe-f5d2e1c8a0c0|rpc:localhost:43121|admin:|client:|dataStream:|priority:0, cf90fe62-f76e-4488-be8d-0c3b3445e4fe|rpc:localhost:43241|priority:0]
2022-08-14 01:44:32,281 [IPC Server handler 0 on default port 39797] INFO  server.RaftServer$Division (LeaderStateImpl.java:startSetConfiguration(368)) - eb4f5392-52f7-4dd8-91fe-f5d2e1c8a0c0@group-774EABE7D98C-LeaderStateImpl: startSetConfiguration SetConfigurationRequest:client-B1BCE765C03D->eb4f5392-52f7-4dd8-91fe-f5d2e1c8a0c0@group-774EABE7D98C, cid=0, seq=0, RW, null, peers:[eb4f5392-52f7-4dd8-91fe-f5d2e1c8a0c0|rpc:localhost:43121|admin:|client:|dataStream:|priority:0, cf90fe62-f76e-4488-be8d-0c3b3445e4fe|rpc:localhost:43241|priority:0]
2022-08-14 01:44:32,290 [IPC Server handler 0 on default port 39797] INFO  server.RaftServerConfigKeys (ConfUtils.java:logGet(46)) - raft.server.log.appender.snapshot.chunk.size.max = 16MB (=16777216) (default)
2022-08-14 01:44:32,290 [IPC Server handler 0 on default port 39797] INFO  server.RaftServerConfigKeys (ConfUtils.java:logGet(46)) - raft.server.log.appender.buffer.byte-limit = 33554432 (custom)
2022-08-14 01:44:32,291 [IPC Server handler 0 on default port 39797] INFO  server.RaftServerConfigKeys (ConfUtils.java:logGet(46)) - raft.server.log.appender.buffer.element-limit = 1024 (custom)
2022-08-14 01:44:32,294 [IPC Server handler 0 on default port 39797] INFO  grpc.GrpcConfigKeys (ConfUtils.java:logGet(46)) - raft.grpc.server.leader.outstanding.appends.max = 128 (default)
2022-08-14 01:44:32,295 [IPC Server handler 0 on default port 39797] INFO  server.RaftServerConfigKeys (ConfUtils.java:logGet(46)) - raft.server.rpc.request.timeout = 30000ms (custom)
2022-08-14 01:44:32,295 [IPC Server handler 0 on default port 39797] INFO  server.RaftServerConfigKeys (ConfUtils.java:logGet(46)) - raft.server.log.appender.install.snapshot.enabled = false (custom)
2022-08-14 01:44:32,299 [eb4f5392-52f7-4dd8-91fe-f5d2e1c8a0c0@group-774EABE7D98C->cf90fe62-f76e-4488-be8d-0c3b3445e4fe-GrpcLogAppender-LogAppenderDaemon] INFO  server.GrpcLogAppender (GrpcLogAppender.java:installSnapshot(541)) - eb4f5392-52f7-4dd8-91fe-f5d2e1c8a0c0@group-774EABE7D98C->cf90fe62-f76e-4488-be8d-0c3b3445e4fe-GrpcLogAppender: followerNextIndex = 0 but logStartIndex = 0, notify follower to install snapshot-(t:1, i:0)
2022-08-14 01:44:32,322 [eb4f5392-52f7-4dd8-91fe-f5d2e1c8a0c0@group-774EABE7D98C->cf90fe62-f76e-4488-be8d-0c3b3445e4fe-GrpcLogAppender-LogAppenderDaemon] INFO  server.GrpcLogAppender (GrpcLogAppender.java:installSnapshot(549)) - eb4f5392-52f7-4dd8-91fe-f5d2e1c8a0c0@group-774EABE7D98C->cf90fe62-f76e-4488-be8d-0c3b3445e4fe-GrpcLogAppender: send eb4f5392-52f7-4dd8-91fe-f5d2e1c8a0c0->cf90fe62-f76e-4488-be8d-0c3b3445e4fe#0-t2,notify:(t:1, i:0)
2022-08-14 01:44:33,002 [grpc-default-executor-0] INFO  impl.SnapshotInstallationHandler (SnapshotInstallationHandler.java:installSnapshot(84)) - cf90fe62-f76e-4488-be8d-0c3b3445e4fe@group-774EABE7D98C: receive installSnapshot: eb4f5392-52f7-4dd8-91fe-f5d2e1c8a0c0->cf90fe62-f76e-4488-be8d-0c3b3445e4fe#0-t2,notify:(t:1, i:0)
2022-08-14 01:44:33,004 [grpc-default-executor-0] INFO  ha.SCMStateMachine (SCMStateMachine.java:notifyLeaderChanged(255)) - leader changed, yet current SCM is still follower.
2022-08-14 01:44:33,004 [grpc-default-executor-0] INFO  server.RaftServer$Division (ServerState.java:setLeader(287)) - cf90fe62-f76e-4488-be8d-0c3b3445e4fe@group-774EABE7D98C: change Leader from null to eb4f5392-52f7-4dd8-91fe-f5d2e1c8a0c0 at term 2 for installSnapshot, leader elected after 898ms
2022-08-14 01:44:33,005 [grpc-default-executor-0] INFO  impl.SnapshotInstallationHandler (SnapshotInstallationHandler.java:notifyStateMachineToInstallSnapshot(215)) - cf90fe62-f76e-4488-be8d-0c3b3445e4fe@group-774EABE7D98C: Received notification to install snapshot at index 0
2022-08-14 01:44:33,007 [grpc-default-executor-0] INFO  impl.SnapshotInstallationHandler (SnapshotInstallationHandler.java:notifyStateMachineToInstallSnapshot(224)) - cf90fe62-f76e-4488-be8d-0c3b3445e4fe@group-774EABE7D98C: InstallSnapshot notification result: ALREADY_INSTALLED, current snapshot index: -1
2022-08-14 01:44:33,099 [grpc-default-executor-0] INFO  impl.SnapshotInstallationHandler (SnapshotInstallationHandler.java:installSnapshotImpl(129)) - cf90fe62-f76e-4488-be8d-0c3b3445e4fe@group-774EABE7D98C: set new configuration index: 1
configurationEntry {
  peers {
    id: "eb4f5392-52f7-4dd8-91fe-f5d2e1c8a0c0"
    address: "localhost:43121"
  }
}
 from snapshot
2022-08-14 01:44:33,100 [grpc-default-executor-0] INFO  server.RaftServer$Division (ServerState.java:setRaftConf(393)) - cf90fe62-f76e-4488-be8d-0c3b3445e4fe@group-774EABE7D98C: set configuration 1: [eb4f5392-52f7-4dd8-91fe-f5d2e1c8a0c0|rpc:localhost:43121|admin:|client:|dataStream:|priority:0], old=null
2022-08-14 01:44:33,101 [grpc-default-executor-0] INFO  impl.SnapshotInstallationHandler (SnapshotInstallationHandler.java:installSnapshot(95)) - cf90fe62-f76e-4488-be8d-0c3b3445e4fe@group-774EABE7D98C: reply installSnapshot: eb4f5392-52f7-4dd8-91fe-f5d2e1c8a0c0<-cf90fe62-f76e-4488-be8d-0c3b3445e4fe#0:FAIL-t0,ALREADY_INSTALLED
2022-08-14 01:44:33,104 [grpc-default-executor-0] INFO  server.GrpcServerProtocolService (GrpcServerProtocolService.java:onCompleted(140)) - cf90fe62-f76e-4488-be8d-0c3b3445e4fe: Completed INSTALL_SNAPSHOT, lastRequest: eb4f5392-52f7-4dd8-91fe-f5d2e1c8a0c0->cf90fe62-f76e-4488-be8d-0c3b3445e4fe#0-t2,notify:(t:1, i:0)
2022-08-14 01:44:33,110 [grpc-default-executor-0] INFO  server.GrpcLogAppender (GrpcLogAppender.java:onNext(403)) - eb4f5392-52f7-4dd8-91fe-f5d2e1c8a0c0@group-774EABE7D98C->cf90fe62-f76e-4488-be8d-0c3b3445e4fe-InstallSnapshotResponseHandler: received the first reply eb4f5392-52f7-4dd8-91fe-f5d2e1c8a0c0<-cf90fe62-f76e-4488-be8d-0c3b3445e4fe#0:FAIL-t0,ALREADY_INSTALLED
2022-08-14 01:44:33,119 [grpc-default-executor-0] INFO  server.GrpcLogAppender (GrpcLogAppender.java:onNext(426)) - eb4f5392-52f7-4dd8-91fe-f5d2e1c8a0c0@group-774EABE7D98C->cf90fe62-f76e-4488-be8d-0c3b3445e4fe-InstallSnapshotResponseHandler: Follower snapshot is already at index 0.
2022-08-14 01:44:33,124 [grpc-default-executor-0] INFO  leader.FollowerInfo (FollowerInfoImpl.java:lambda$new$0(48)) - eb4f5392-52f7-4dd8-91fe-f5d2e1c8a0c0@group-774EABE7D98C->cf90fe62-f76e-4488-be8d-0c3b3445e4fe: snapshotIndex: setUnconditionally 0 -> 0
2022-08-14 01:44:33,125 [grpc-default-executor-0] INFO  leader.FollowerInfo (FollowerInfoImpl.java:lambda$new$0(48)) - eb4f5392-52f7-4dd8-91fe-f5d2e1c8a0c0@group-774EABE7D98C->cf90fe62-f76e-4488-be8d-0c3b3445e4fe: matchIndex: setUnconditionally 0 -> 0
2022-08-14 01:44:33,125 [grpc-default-executor-0] INFO  leader.FollowerInfo (FollowerInfoImpl.java:lambda$new$0(48)) - eb4f5392-52f7-4dd8-91fe-f5d2e1c8a0c0@group-774EABE7D98C->cf90fe62-f76e-4488-be8d-0c3b3445e4fe: nextIndex: setUnconditionally 0 -> 1
2022-08-14 01:44:33,125 [grpc-default-executor-0] INFO  leader.FollowerInfo (FollowerInfoImpl.java:setAttemptedToInstallSnapshot(118)) - Follower eb4f5392-52f7-4dd8-91fe-f5d2e1c8a0c0@group-774EABE7D98C->cf90fe62-f76e-4488-be8d-0c3b3445e4fe acknowledged installing snapshot
2022-08-14 01:44:33,125 [grpc-default-executor-0] INFO  leader.FollowerInfo (FollowerInfoImpl.java:lambda$new$0(48)) - eb4f5392-52f7-4dd8-91fe-f5d2e1c8a0c0@group-774EABE7D98C->cf90fe62-f76e-4488-be8d-0c3b3445e4fe: nextIndex: updateToMax old=1, new=1, updated? false
2022-08-14 01:44:33,153 [cf90fe62-f76e-4488-be8d-0c3b3445e4fe-server-thread1] INFO  impl.RoleInfo (RoleInfo.java:updateAndGet(139)) - cf90fe62-f76e-4488-be8d-0c3b3445e4fe: start cf90fe62-f76e-4488-be8d-0c3b3445e4fe@group-774EABE7D98C-FollowerState
2022-08-14 01:44:33,155 [cf90fe62-f76e-4488-be8d-0c3b3445e4fe-server-thread1] INFO  server.RaftServer$Division (RaftServerImpl.java:checkInconsistentAppendEntries(1424)) - cf90fe62-f76e-4488-be8d-0c3b3445e4fe@group-774EABE7D98C: Failed appendEntries as previous log entry ((t:1, i:0)) is not found
2022-08-14 01:44:33,156 [cf90fe62-f76e-4488-be8d-0c3b3445e4fe-server-thread1] INFO  server.RaftServer$Division (RaftServerImpl.java:checkInconsistentAppendEntries(1394)) - cf90fe62-f76e-4488-be8d-0c3b3445e4fe@group-774EABE7D98C: inconsistency entries. Reply:eb4f5392-52f7-4dd8-91fe-f5d2e1c8a0c0<-cf90fe62-f76e-4488-be8d-0c3b3445e4fe#0:FAIL-t2,INCONSISTENCY,nextIndex=0,followerCommit=-1
2022-08-14 01:44:33,160 [grpc-default-executor-2] INFO  leader.FollowerInfo (FollowerInfoImpl.java:lambda$new$0(48)) - eb4f5392-52f7-4dd8-91fe-f5d2e1c8a0c0@group-774EABE7D98C->cf90fe62-f76e-4488-be8d-0c3b3445e4fe: nextIndex: updateUnconditionally 3 -> 0
2022-08-14 01:44:33,161 [cf90fe62-f76e-4488-be8d-0c3b3445e4fe-server-thread1] INFO  server.RaftServer$Division (RaftServerImpl.java:checkInconsistentAppendEntries(1424)) - cf90fe62-f76e-4488-be8d-0c3b3445e4fe@group-774EABE7D98C: Failed appendEntries as previous log entry ((t:1, i:0)) is not found
2022-08-14 01:44:33,161 [cf90fe62-f76e-4488-be8d-0c3b3445e4fe-server-thread1] INFO  server.RaftServer$Division (RaftServerImpl.java:checkInconsistentAppendEntries(1394)) - cf90fe62-f76e-4488-be8d-0c3b3445e4fe@group-774EABE7D98C: inconsistency entries. Reply:eb4f5392-52f7-4dd8-91fe-f5d2e1c8a0c0<-cf90fe62-f76e-4488-be8d-0c3b3445e4fe#1:FAIL-t2,INCONSISTENCY,nextIndex=0,followerCommit=-1
2022-08-14 01:44:33,163 [grpc-default-executor-0] INFO  leader.FollowerInfo (FollowerInfoImpl.java:lambda$new$0(48)) - eb4f5392-52f7-4dd8-91fe-f5d2e1c8a0c0@group-774EABE7D98C->cf90fe62-f76e-4488-be8d-0c3b3445e4fe: nextIndex: updateUnconditionally 3 -> 0
2022-08-14 01:44:33,168 [cf90fe62-f76e-4488-be8d-0c3b3445e4fe-server-thread1] INFO  server.RaftServer$Division (ServerState.java:setRaftConf(393)) - cf90fe62-f76e-4488-be8d-0c3b3445e4fe@group-774EABE7D98C: set configuration 0: [eb4f5392-52f7-4dd8-91fe-f5d2e1c8a0c0|rpc:localhost:43121|admin:|client:|dataStream:|priority:0], old=null
2022-08-14 01:44:33,169 [cf90fe62-f76e-4488-be8d-0c3b3445e4fe-server-thread1] INFO  server.RaftServer$Division (ServerState.java:setRaftConf(393)) - cf90fe62-f76e-4488-be8d-0c3b3445e4fe@group-774EABE7D98C: set configuration 1: [eb4f5392-52f7-4dd8-91fe-f5d2e1c8a0c0|rpc:localhost:43121|admin:|client:|dataStream:|priority:0], old=null
2022-08-14 01:44:33,169 [cf90fe62-f76e-4488-be8d-0c3b3445e4fe-server-thread1] INFO  segmented.SegmentedRaftLogWorker (SegmentedRaftLogWorker.java:startLogSegment(425)) - cf90fe62-f76e-4488-be8d-0c3b3445e4fe@group-774EABE7D98C-SegmentedRaftLogWorker: Starting segment from index:0
2022-08-14 01:44:33,172 [cf90fe62-f76e-4488-be8d-0c3b3445e4fe-server-thread1] INFO  segmented.SegmentedRaftLogWorker (SegmentedRaftLogWorker.java:rollLogSegment(430)) - cf90fe62-f76e-4488-be8d-0c3b3445e4fe@group-774EABE7D98C-SegmentedRaftLogWorker: Rolling segment log-0_0 to index:0
2022-08-14 01:44:33,182 [cf90fe62-f76e-4488-be8d-0c3b3445e4fe-server-thread2] INFO  server.RaftServer$Division (ServerState.java:setRaftConf(393)) - cf90fe62-f76e-4488-be8d-0c3b3445e4fe@group-774EABE7D98C: set configuration 0: [eb4f5392-52f7-4dd8-91fe-f5d2e1c8a0c0|rpc:localhost:43121|admin:|client:|dataStream:|priority:0], old=null
2022-08-14 01:44:33,183 [cf90fe62-f76e-4488-be8d-0c3b3445e4fe-server-thread2] INFO  server.RaftServer$Division (ServerState.java:setRaftConf(393)) - cf90fe62-f76e-4488-be8d-0c3b3445e4fe@group-774EABE7D98C: set configuration 1: [eb4f5392-52f7-4dd8-91fe-f5d2e1c8a0c0|rpc:localhost:43121|admin:|client:|dataStream:|priority:0], old=null
2022-08-14 01:44:33,182 [cf90fe62-f76e-4488-be8d-0c3b3445e4fe@group-774EABE7D98C-SegmentedRaftLogWorker] INFO  segmented.SegmentedRaftLogWorker (SegmentedRaftLogWorker.java:execute(629)) - cf90fe62-f76e-4488-be8d-0c3b3445e4fe@group-774EABE7D98C-SegmentedRaftLogWorker: created new log segment /home/runner/work/ozone/ozone/hadoop-ozone/integration-test/target/test-dir/MiniOzoneClusterImpl-8ae01b46-865b-4b2e-8bfc-774eabe7d98c/scmNode-2/scm-ha/8ae01b46-865b-4b2e-8bfc-774eabe7d98c/current/log_inprogress_0
2022-08-14 01:44:33,188 [cf90fe62-f76e-4488-be8d-0c3b3445e4fe@group-774EABE7D98C-SegmentedRaftLogWorker] INFO  segmented.SegmentedRaftLogWorker (SegmentedRaftLogWorker.java:execute(586)) - cf90fe62-f76e-4488-be8d-0c3b3445e4fe@group-774EABE7D98C-SegmentedRaftLogWorker: Rolled log segment from /home/runner/work/ozone/ozone/hadoop-ozone/integration-test/target/test-dir/MiniOzoneClusterImpl-8ae01b46-865b-4b2e-8bfc-774eabe7d98c/scmNode-2/scm-ha/8ae01b46-865b-4b2e-8bfc-774eabe7d98c/current/log_inprogress_0 to /home/runner/work/ozone/ozone/hadoop-ozone/integration-test/target/test-dir/MiniOzoneClusterImpl-8ae01b46-865b-4b2e-8bfc-774eabe7d98c/scmNode-2/scm-ha/8ae01b46-865b-4b2e-8bfc-774eabe7d98c/current/log_0-0
2022-08-14 01:44:33,199 [cf90fe62-f76e-4488-be8d-0c3b3445e4fe@group-774EABE7D98C-SegmentedRaftLogWorker] INFO  segmented.SegmentedRaftLogWorker (SegmentedRaftLogWorker.java:execute(629)) - cf90fe62-f76e-4488-be8d-0c3b3445e4fe@group-774EABE7D98C-SegmentedRaftLogWorker: created new log segment /home/runner/work/ozone/ozone/hadoop-ozone/integration-test/target/test-dir/MiniOzoneClusterImpl-8ae01b46-865b-4b2e-8bfc-774eabe7d98c/scmNode-2/scm-ha/8ae01b46-865b-4b2e-8bfc-774eabe7d98c/current/log_inprogress_1
2022-08-14 01:44:33,201 [cf90fe62-f76e-4488-be8d-0c3b3445e4fe@group-774EABE7D98C-StateMachineUpdater] INFO  safemode.HealthyPipelineSafeModeRule (HealthyPipelineSafeModeRule.java:initializeRule(165)) - Refreshed total pipeline count is 0, healthy pipeline threshold count is 1
2022-08-14 01:44:33,202 [cf90fe62-f76e-4488-be8d-0c3b3445e4fe@group-774EABE7D98C-StateMachineUpdater] INFO  safemode.ContainerSafeModeRule (ContainerSafeModeRule.java:reInitializeRule(177)) - Refreshed one replica container threshold 0, currentThreshold 0
2022-08-14 01:44:33,202 [cf90fe62-f76e-4488-be8d-0c3b3445e4fe@group-774EABE7D98C-StateMachineUpdater] INFO  safemode.OneReplicaPipelineSafeModeRule (OneReplicaPipelineSafeModeRule.java:initializeRule(176)) - Refreshed Total pipeline count is 0, pipeline's with at least one datanode reported threshold count is 0
2022-08-14 01:44:33,202 [cf90fe62-f76e-4488-be8d-0c3b3445e4fe@group-774EABE7D98C-StateMachineUpdater] INFO  server.SCMDatanodeProtocolServer (SCMDatanodeProtocolServer.java:start(186)) - ScmDatanodeProtocol RPC server for DataNodes is listening at /0.0.0.0:34931
2022-08-14 01:44:33,209 [eb4f5392-52f7-4dd8-91fe-f5d2e1c8a0c0@group-774EABE7D98C-LeaderStateImpl] INFO  server.RaftServer$Division (ServerState.java:setRaftConf(393)) - eb4f5392-52f7-4dd8-91fe-f5d2e1c8a0c0@group-774EABE7D98C: set configuration 3: [eb4f5392-52f7-4dd8-91fe-f5d2e1c8a0c0|rpc:localhost:43121|admin:|client:|dataStream:|priority:0, cf90fe62-f76e-4488-be8d-0c3b3445e4fe|rpc:localhost:43241|priority:0], old=[eb4f5392-52f7-4dd8-91fe-f5d2e1c8a0c0|rpc:localhost:43121|admin:|client:|dataStream:|priority:0]
2022-08-14 01:44:33,218 [IPC Server Responder] INFO  ipc.Server (Server.java:run(1507)) - IPC Server Responder: starting
2022-08-14 01:44:33,221 [cf90fe62-f76e-4488-be8d-0c3b3445e4fe-server-thread2] INFO  server.RaftServer$Division (ServerState.java:setRaftConf(393)) - cf90fe62-f76e-4488-be8d-0c3b3445e4fe@group-774EABE7D98C: set configuration 3: [eb4f5392-52f7-4dd8-91fe-f5d2e1c8a0c0|rpc:localhost:43121|admin:|client:|dataStream:|priority:0, cf90fe62-f76e-4488-be8d-0c3b3445e4fe|rpc:localhost:43241|admin:|client:|dataStream:|priority:0], old=[eb4f5392-52f7-4dd8-91fe-f5d2e1c8a0c0|rpc:localhost:43121|admin:|client:|dataStream:|priority:0]
2022-08-14 01:44:33,222 [IPC Server listener on 34931] INFO  ipc.Server (Server.java:run(1344)) - IPC Server listener on 34931: starting
2022-08-14 01:44:33,227 [eb4f5392-52f7-4dd8-91fe-f5d2e1c8a0c0@group-774EABE7D98C-LeaderStateImpl] INFO  server.RaftServer$Division (ServerState.java:setRaftConf(393)) - eb4f5392-52f7-4dd8-91fe-f5d2e1c8a0c0@group-774EABE7D98C: set configuration 5: [eb4f5392-52f7-4dd8-91fe-f5d2e1c8a0c0|rpc:localhost:43121|admin:|client:|dataStream:|priority:0, cf90fe62-f76e-4488-be8d-0c3b3445e4fe|rpc:localhost:43241|priority:0], old=null
2022-08-14 01:44:33,232 [cf90fe62-f76e-4488-be8d-0c3b3445e4fe-server-thread2] INFO  server.RaftServer$Division (ServerState.java:setRaftConf(393)) - cf90fe62-f76e-4488-be8d-0c3b3445e4fe@group-774EABE7D98C: set configuration 5: [eb4f5392-52f7-4dd8-91fe-f5d2e1c8a0c0|rpc:localhost:43121|admin:|client:|dataStream:|priority:0, cf90fe62-f76e-4488-be8d-0c3b3445e4fe|rpc:localhost:43241|admin:|client:|dataStream:|priority:0], old=null
2022-08-14 01:44:33,246 [IPC Server handler 0 on default port 39797] INFO  ha.SCMRatisServerImpl (SCMRatisServerImpl.java:addSCM(309)) - Successfully added new SCM: cf90fe62-f76e-4488-be8d-0c3b3445e4fe.
2022-08-14 01:44:33,251 [Listener at 0.0.0.0/43397] INFO  ha.SCMHAManagerImpl (SCMHAManagerImpl.java:start(117)) - Successfully added SCM scmNode-2 to group group-774EABE7D98C:[eb4f5392-52f7-4dd8-91fe-f5d2e1c8a0c0|rpc:localhost:43121|admin:|client:|dataStream:|priority:0, cf90fe62-f76e-4488-be8d-0c3b3445e4fe|rpc:localhost:43241|admin:|client:|dataStream:|priority:0]
2022-08-14 01:44:33,251 [Listener at 0.0.0.0/43397] INFO  ha.InterSCMGrpcService (InterSCMGrpcProtocolService.java:start(94)) - Starting SCM Grpc Service at port 37755
2022-08-14 01:44:33,257 [Listener at 0.0.0.0/43397] INFO  impl.MetricsSystemImpl (MetricsSystemImpl.java:init(158)) - StorageContainerManager metrics system started (again)
2022-08-14 01:44:33,277 [Listener at 0.0.0.0/43397] INFO  server.SCMClientProtocolServer (SCMClientProtocolServer.java:start(170)) - RPC server for Client  is listening at /0.0.0.0:43397
2022-08-14 01:44:33,277 [IPC Server Responder] INFO  ipc.Server (Server.java:run(1507)) - IPC Server Responder: starting
2022-08-14 01:44:33,277 [IPC Server listener on 43397] INFO  ipc.Server (Server.java:run(1344)) - IPC Server listener on 43397: starting
2022-08-14 01:44:33,290 [Listener at 0.0.0.0/43397] INFO  server.StorageContainerManager (StorageContainerManager.java:start(1475)) - ScmBlockLocationProtocol RPC server is listening at /0.0.0.0:34007
2022-08-14 01:44:33,290 [Listener at 0.0.0.0/43397] INFO  server.SCMBlockProtocolServer (SCMBlockProtocolServer.java:start(152)) - RPC server for Block Protocol is listening at /0.0.0.0:34007
2022-08-14 01:44:33,292 [IPC Server Responder] INFO  ipc.Server (Server.java:run(1507)) - IPC Server Responder: starting
2022-08-14 01:44:33,292 [IPC Server listener on 34007] INFO  ipc.Server (Server.java:run(1344)) - IPC Server listener on 34007: starting
2022-08-14 01:44:33,309 [Listener at 0.0.0.0/43397] INFO  http.BaseHttpServer (BaseHttpServer.java:newHttpServer2BuilderForOzone(209)) - Starting Web-server for scm at: http://0.0.0.0:40023
2022-08-14 01:44:33,309 [Listener at 0.0.0.0/43397] INFO  http.BaseHttpServer (BaseHttpServer.java:<init>(107)) - Hadoop Security Enabled: false Ozone Security Enabled: false Ozone HTTP Security Enabled: false 
2022-08-14 01:44:33,309 [org.apache.hadoop.util.JvmPauseMonitor$Monitor@2be5eb9e] INFO  util.JvmPauseMonitor (JvmPauseMonitor.java:run(188)) - Starting JVM pause monitor
2022-08-14 01:44:33,311 [Listener at 0.0.0.0/43397] INFO  server.AuthenticationFilter (AuthenticationFilter.java:constructSecretProvider(240)) - Unable to initialize FileSignerSecretProvider, falling back to use random secrets.
2022-08-14 01:44:33,312 [Listener at 0.0.0.0/43397] WARN  http.HttpRequestLog (HttpRequestLog.java:getRequestLog(103)) - Jetty request log can only be enabled using Log4j
2022-08-14 01:44:33,314 [Listener at 0.0.0.0/43397] INFO  http.HttpServer2 (HttpServer2.java:addGlobalFilter(1029)) - Added global filter 'safety' (class=org.apache.hadoop.hdds.server.http.HttpServer2$QuotingInputFilter)
2022-08-14 01:44:33,315 [Listener at 0.0.0.0/43397] INFO  http.HttpServer2 (HttpServer2.java:addFilter(1005)) - Added filter static_user_filter (class=org.apache.hadoop.http.lib.StaticUserWebFilter$StaticUserFilter) to context scm
2022-08-14 01:44:33,315 [Listener at 0.0.0.0/43397] INFO  http.HttpServer2 (HttpServer2.java:addFilter(1013)) - Added filter static_user_filter (class=org.apache.hadoop.http.lib.StaticUserWebFilter$StaticUserFilter) to context logs
2022-08-14 01:44:33,315 [Listener at 0.0.0.0/43397] INFO  http.HttpServer2 (HttpServer2.java:addFilter(1013)) - Added filter static_user_filter (class=org.apache.hadoop.http.lib.StaticUserWebFilter$StaticUserFilter) to context static
2022-08-14 01:44:33,317 [Listener at 0.0.0.0/43397] INFO  http.HttpServer2 (HttpServer2.java:bindListener(1248)) - Jetty bound to port 40023
2022-08-14 01:44:33,317 [Listener at 0.0.0.0/43397] INFO  server.Server (Server.java:doStart(375)) - jetty-9.4.43.v20210629; built: 2021-06-30T11:07:22.254Z; git: 526006ecfa3af7f1a27ef3a288e2bef7ea9dd7e8; jvm 1.8.0_332-b09
2022-08-14 01:44:33,326 [Listener at 0.0.0.0/43397] INFO  server.session (DefaultSessionIdManager.java:doStart(334)) - DefaultSessionIdManager workerName=node0
2022-08-14 01:44:33,327 [Listener at 0.0.0.0/43397] INFO  server.session (DefaultSessionIdManager.java:doStart(339)) - No SessionScavenger set, using defaults
2022-08-14 01:44:33,327 [Listener at 0.0.0.0/43397] INFO  server.session (HouseKeeper.java:startScavenging(132)) - node0 Scavenging every 600000ms
2022-08-14 01:44:33,328 [Listener at 0.0.0.0/43397] INFO  handler.ContextHandler (ContextHandler.java:doStart(915)) - Started o.e.j.s.ServletContextHandler@9f5f16c{logs,/logs,file:///home/runner/work/ozone/ozone/hadoop-ozone/integration-test/target/log,AVAILABLE}
2022-08-14 01:44:33,329 [Listener at 0.0.0.0/43397] INFO  handler.ContextHandler (ContextHandler.java:doStart(915)) - Started o.e.j.s.ServletContextHandler@7349c7b3{static,/static,file:///home/runner/work/ozone/ozone/hadoop-ozone/integration-test/target/test-classes/webapps/static,AVAILABLE}
2022-08-14 01:44:33,334 [Listener at 0.0.0.0/43397] INFO  handler.ContextHandler (ContextHandler.java:doStart(915)) - Started o.e.j.w.WebAppContext@7ab48b41{scm,/,file:///home/runner/work/ozone/ozone/hadoop-ozone/integration-test/target/test-classes/webapps/scm/,AVAILABLE}{file:/home/runner/work/ozone/ozone/hadoop-ozone/integration-test/target/test-classes/webapps/scm}
2022-08-14 01:44:33,335 [Listener at 0.0.0.0/43397] INFO  server.AbstractConnector (AbstractConnector.java:doStart(331)) - Started ServerConnector@3e6c66e8{HTTP/1.1, (http/1.1)}{0.0.0.0:40023}
2022-08-14 01:44:33,335 [Listener at 0.0.0.0/43397] INFO  server.Server (Server.java:doStart(415)) - Started @21584ms
2022-08-14 01:44:33,335 [Listener at 0.0.0.0/43397] WARN  impl.MetricsSystemImpl (MetricsSystemImpl.java:register(279)) - Sink prometheus already exists!
2022-08-14 01:44:33,348 [Listener at 0.0.0.0/43397] INFO  http.BaseHttpServer (BaseHttpServer.java:updateConnectorAddress(329)) - HTTP server of scm listening at http://0.0.0.0:40023
2022-08-14 01:44:33,349 [Listener at 0.0.0.0/43397] INFO  ozone.MiniOzoneHAClusterImpl (MiniOzoneHAClusterImpl.java:createSCMService(606)) - Started SCM RPC server at /0.0.0.0:43397
2022-08-14 01:44:33,349 [Listener at 0.0.0.0/43397] WARN  server.ServerUtils (ServerUtils.java:getScmDbDir(148)) - ozone.scm.db.dirs is not configured. We recommend adding this setting. Falling back to ozone.metadata.dirs instead.
2022-08-14 01:44:33,350 [Listener at 0.0.0.0/43397] INFO  ha.SCMHANodeDetails (SCMHANodeDetails.java:loadSCMHAConfig(209)) - ServiceID for StorageContainerManager is scmServiceId
2022-08-14 01:44:33,350 [Listener at 0.0.0.0/43397] INFO  ha.SCMHANodeDetails (SCMHANodeDetails.java:loadSCMHAConfig(220)) - ServiceID for StorageContainerManager is scmServiceId
2022-08-14 01:44:33,350 [Listener at 0.0.0.0/43397] WARN  scm.ScmUtils (ScmUtils.java:logWarn(179)) - ConfigKey ozone.scm.block.client.address is deprecated, For configuring different ports for each SCM use PortConfigKey ozone.scm.block.client.port appended with serviceId and nodeId. If want to configure same port configure ozone.scm.block.client.port
2022-08-14 01:44:33,350 [Listener at 0.0.0.0/43397] WARN  scm.ScmUtils (ScmUtils.java:logWarn(179)) - ConfigKey ozone.scm.client.address is deprecated, For configuring different ports for each SCM use PortConfigKey ozone.scm.client.port appended with serviceId and nodeId. If want to configure same port configure ozone.scm.client.port
2022-08-14 01:44:33,350 [Listener at 0.0.0.0/43397] WARN  scm.ScmUtils (ScmUtils.java:logWarn(179)) - ConfigKey ozone.scm.datanode.address is deprecated, For configuring different ports for each SCM use PortConfigKey ozone.scm.datanode.port appended with serviceId and nodeId. If want to configure same port configure ozone.scm.datanode.port
2022-08-14 01:44:33,350 [Listener at 0.0.0.0/43397] WARN  scm.ScmUtils (ScmUtils.java:logWarn(179)) - ConfigKey ozone.scm.block.client.address is deprecated, For configuring different ports for each SCM use PortConfigKey ozone.scm.block.client.port appended with serviceId and nodeId. If want to configure same port configure ozone.scm.block.client.port
2022-08-14 01:44:33,350 [Listener at 0.0.0.0/43397] WARN  scm.ScmUtils (ScmUtils.java:logWarn(179)) - ConfigKey ozone.scm.client.address is deprecated, For configuring different ports for each SCM use PortConfigKey ozone.scm.client.port appended with serviceId and nodeId. If want to configure same port configure ozone.scm.client.port
2022-08-14 01:44:33,351 [Listener at 0.0.0.0/43397] WARN  scm.ScmUtils (ScmUtils.java:logWarn(179)) - ConfigKey ozone.scm.datanode.address is deprecated, For configuring different ports for each SCM use PortConfigKey ozone.scm.datanode.port appended with serviceId and nodeId. If want to configure same port configure ozone.scm.datanode.port
2022-08-14 01:44:33,351 [Listener at 0.0.0.0/43397] INFO  ha.SCMHANodeDetails (SCMHANodeDetails.java:loadSCMHAConfig(307)) - Found matching SCM address with SCMServiceId: scmServiceId, SCMNodeId: scmNode-3, RPC Address: localhost:39397 and Ratis port: 39397
2022-08-14 01:44:33,351 [Listener at 0.0.0.0/43397] INFO  ha.SCMHANodeDetails (ConfUtils.java:setNodeSpecificConfigs(97)) - Setting configuration key ozone.scm.datanode.address with value of key ozone.scm.datanode.address.scmServiceId.scmNode-3: 127.0.0.1:40129
2022-08-14 01:44:33,351 [Listener at 0.0.0.0/43397] INFO  ha.SCMHANodeDetails (ConfUtils.java:setNodeSpecificConfigs(97)) - Setting configuration key ozone.scm.block.client.address with value of key ozone.scm.block.client.address.scmServiceId.scmNode-3: 127.0.0.1:44855
2022-08-14 01:44:33,351 [Listener at 0.0.0.0/43397] INFO  ha.SCMHANodeDetails (ConfUtils.java:setNodeSpecificConfigs(97)) - Setting configuration key ozone.scm.client.address with value of key ozone.scm.client.address.scmServiceId.scmNode-3: 127.0.0.1:40335
2022-08-14 01:44:33,351 [Listener at 0.0.0.0/43397] INFO  ha.SCMHANodeDetails (ConfUtils.java:setNodeSpecificConfigs(97)) - Setting configuration key ozone.scm.ratis.port with value of key ozone.scm.ratis.port.scmServiceId.scmNode-3: 39397
2022-08-14 01:44:33,351 [Listener at 0.0.0.0/43397] INFO  ha.SCMHANodeDetails (ConfUtils.java:setNodeSpecificConfigs(97)) - Setting configuration key ozone.scm.grpc.port with value of key ozone.scm.grpc.port.scmServiceId.scmNode-3: 32871
2022-08-14 01:44:33,351 [Listener at 0.0.0.0/43397] INFO  ha.SCMHANodeDetails (ConfUtils.java:setNodeSpecificConfigs(97)) - Setting configuration key ozone.scm.http-address with value of key ozone.scm.http-address.scmServiceId.scmNode-3: 127.0.0.1:46189
2022-08-14 01:44:33,351 [Listener at 0.0.0.0/43397] INFO  ha.SCMHANodeDetails (ConfUtils.java:setNodeSpecificConfigs(97)) - Setting configuration key ozone.scm.https-address with value of key ozone.scm.https-address.scmServiceId.scmNode-3: 127.0.0.1:38287
2022-08-14 01:44:33,352 [Listener at 0.0.0.0/43397] INFO  ha.SCMHANodeDetails (ConfUtils.java:setNodeSpecificConfigs(97)) - Setting configuration key ozone.scm.address with value of key ozone.scm.address.scmServiceId.scmNode-3: 127.0.0.1
2022-08-14 01:44:33,352 [Listener at 0.0.0.0/43397] WARN  scm.ScmUtils (ScmUtils.java:logWarn(179)) - ConfigKey ozone.scm.block.client.address is deprecated, For configuring different ports for each SCM use PortConfigKey ozone.scm.block.client.port appended with serviceId and nodeId. If want to configure same port configure ozone.scm.block.client.port
2022-08-14 01:44:33,352 [Listener at 0.0.0.0/43397] WARN  scm.ScmUtils (ScmUtils.java:logWarn(179)) - ConfigKey ozone.scm.client.address is deprecated, For configuring different ports for each SCM use PortConfigKey ozone.scm.client.port appended with serviceId and nodeId. If want to configure same port configure ozone.scm.client.port
2022-08-14 01:44:33,352 [Listener at 0.0.0.0/43397] WARN  scm.ScmUtils (ScmUtils.java:logWarn(179)) - ConfigKey ozone.scm.datanode.address is deprecated, For configuring different ports for each SCM use PortConfigKey ozone.scm.datanode.port appended with serviceId and nodeId. If want to configure same port configure ozone.scm.datanode.port
2022-08-14 01:44:33,353 [Listener at 0.0.0.0/43397] INFO  ha.SCMNodeInfo (SCMNodeInfo.java:getPort(197)) - ConfigKey ozone.scm.client.address is deprecated, For configuring different ports for each SCM use PortConfigKey ozone.scm.client.port appended with serviceId and nodeId
2022-08-14 01:44:33,353 [Listener at 0.0.0.0/43397] INFO  ha.SCMNodeInfo (SCMNodeInfo.java:getPort(197)) - ConfigKey ozone.scm.block.client.address is deprecated, For configuring different ports for each SCM use PortConfigKey ozone.scm.block.client.port appended with serviceId and nodeId
2022-08-14 01:44:33,354 [Listener at 0.0.0.0/43397] INFO  ha.SCMNodeInfo (SCMNodeInfo.java:getPort(197)) - ConfigKey ozone.scm.datanode.address is deprecated, For configuring different ports for each SCM use PortConfigKey ozone.scm.datanode.port appended with serviceId and nodeId
2022-08-14 01:44:33,354 [Listener at 0.0.0.0/43397] INFO  ha.SCMNodeInfo (SCMNodeInfo.java:getPort(197)) - ConfigKey ozone.scm.client.address is deprecated, For configuring different ports for each SCM use PortConfigKey ozone.scm.client.port appended with serviceId and nodeId
2022-08-14 01:44:33,354 [Listener at 0.0.0.0/43397] INFO  ha.SCMNodeInfo (SCMNodeInfo.java:getPort(197)) - ConfigKey ozone.scm.block.client.address is deprecated, For configuring different ports for each SCM use PortConfigKey ozone.scm.block.client.port appended with serviceId and nodeId
2022-08-14 01:44:33,354 [Listener at 0.0.0.0/43397] INFO  ha.SCMNodeInfo (SCMNodeInfo.java:getPort(197)) - ConfigKey ozone.scm.datanode.address is deprecated, For configuring different ports for each SCM use PortConfigKey ozone.scm.datanode.port appended with serviceId and nodeId
2022-08-14 01:44:33,354 [Listener at 0.0.0.0/43397] INFO  proxy.SCMBlockLocationFailoverProxyProvider (SCMBlockLocationFailoverProxyProvider.java:<init>(114)) - Created block location fail-over proxy with 2 nodes: [nodeId=scmNode-2,nodeAddress=/127.0.0.1:34007, nodeId=scmNode-1,nodeAddress=/127.0.0.1:39797]
2022-08-14 01:44:33,360 [Listener at 0.0.0.0/43397] INFO  server.StorageContainerManager (StorageContainerManager.java:scmBootstrap(1143)) - SCM BootStrap  is successful for ClusterID 8ae01b46-865b-4b2e-8bfc-774eabe7d98c, SCMID 03edee82-0664-4375-9f31-ace4c627e75e
2022-08-14 01:44:33,360 [Listener at 0.0.0.0/43397] INFO  server.StorageContainerManager (StorageContainerManager.java:scmBootstrap(1145)) - Primary SCM Node ID eb4f5392-52f7-4dd8-91fe-f5d2e1c8a0c0
2022-08-14 01:44:33,360 [Listener at 0.0.0.0/43397] WARN  server.ServerUtils (ServerUtils.java:getScmDbDir(148)) - ozone.scm.db.dirs is not configured. We recommend adding this setting. Falling back to ozone.metadata.dirs instead.
2022-08-14 01:44:33,361 [Listener at 0.0.0.0/43397] INFO  ha.SCMHANodeDetails (SCMHANodeDetails.java:loadSCMHAConfig(209)) - ServiceID for StorageContainerManager is scmServiceId
2022-08-14 01:44:33,361 [Listener at 0.0.0.0/43397] INFO  ha.SCMHANodeDetails (SCMHANodeDetails.java:loadSCMHAConfig(220)) - ServiceID for StorageContainerManager is scmServiceId
2022-08-14 01:44:33,361 [Listener at 0.0.0.0/43397] WARN  scm.ScmUtils (ScmUtils.java:logWarn(179)) - ConfigKey ozone.scm.block.client.address is deprecated, For configuring different ports for each SCM use PortConfigKey ozone.scm.block.client.port appended with serviceId and nodeId. If want to configure same port configure ozone.scm.block.client.port
2022-08-14 01:44:33,361 [Listener at 0.0.0.0/43397] WARN  scm.ScmUtils (ScmUtils.java:logWarn(179)) - ConfigKey ozone.scm.client.address is deprecated, For configuring different ports for each SCM use PortConfigKey ozone.scm.client.port appended with serviceId and nodeId. If want to configure same port configure ozone.scm.client.port
2022-08-14 01:44:33,361 [Listener at 0.0.0.0/43397] WARN  scm.ScmUtils (ScmUtils.java:logWarn(179)) - ConfigKey ozone.scm.datanode.address is deprecated, For configuring different ports for each SCM use PortConfigKey ozone.scm.datanode.port appended with serviceId and nodeId. If want to configure same port configure ozone.scm.datanode.port
2022-08-14 01:44:33,361 [Listener at 0.0.0.0/43397] WARN  scm.ScmUtils (ScmUtils.java:logWarn(179)) - ConfigKey ozone.scm.block.client.address is deprecated, For configuring different ports for each SCM use PortConfigKey ozone.scm.block.client.port appended with serviceId and nodeId. If want to configure same port configure ozone.scm.block.client.port
2022-08-14 01:44:33,362 [Listener at 0.0.0.0/43397] WARN  scm.ScmUtils (ScmUtils.java:logWarn(179)) - ConfigKey ozone.scm.client.address is deprecated, For configuring different ports for each SCM use PortConfigKey ozone.scm.client.port appended with serviceId and nodeId. If want to configure same port configure ozone.scm.client.port
2022-08-14 01:44:33,362 [Listener at 0.0.0.0/43397] WARN  scm.ScmUtils (ScmUtils.java:logWarn(179)) - ConfigKey ozone.scm.datanode.address is deprecated, For configuring different ports for each SCM use PortConfigKey ozone.scm.datanode.port appended with serviceId and nodeId. If want to configure same port configure ozone.scm.datanode.port
2022-08-14 01:44:33,362 [Listener at 0.0.0.0/43397] INFO  ha.SCMHANodeDetails (SCMHANodeDetails.java:loadSCMHAConfig(307)) - Found matching SCM address with SCMServiceId: scmServiceId, SCMNodeId: scmNode-3, RPC Address: localhost:39397 and Ratis port: 39397
2022-08-14 01:44:33,362 [Listener at 0.0.0.0/43397] INFO  ha.SCMHANodeDetails (ConfUtils.java:setNodeSpecificConfigs(97)) - Setting configuration key ozone.scm.datanode.address with value of key ozone.scm.datanode.address.scmServiceId.scmNode-3: 127.0.0.1:40129
2022-08-14 01:44:33,362 [Listener at 0.0.0.0/43397] INFO  ha.SCMHANodeDetails (ConfUtils.java:setNodeSpecificConfigs(97)) - Setting configuration key ozone.scm.block.client.address with value of key ozone.scm.block.client.address.scmServiceId.scmNode-3: 127.0.0.1:44855
2022-08-14 01:44:33,362 [Listener at 0.0.0.0/43397] INFO  ha.SCMHANodeDetails (ConfUtils.java:setNodeSpecificConfigs(97)) - Setting configuration key ozone.scm.client.address with value of key ozone.scm.client.address.scmServiceId.scmNode-3: 127.0.0.1:40335
2022-08-14 01:44:33,362 [Listener at 0.0.0.0/43397] INFO  ha.SCMHANodeDetails (ConfUtils.java:setNodeSpecificConfigs(97)) - Setting configuration key ozone.scm.ratis.port with value of key ozone.scm.ratis.port.scmServiceId.scmNode-3: 39397
2022-08-14 01:44:33,363 [Listener at 0.0.0.0/43397] INFO  ha.SCMHANodeDetails (ConfUtils.java:setNodeSpecificConfigs(97)) - Setting configuration key ozone.scm.grpc.port with value of key ozone.scm.grpc.port.scmServiceId.scmNode-3: 32871
2022-08-14 01:44:33,363 [Listener at 0.0.0.0/43397] INFO  ha.SCMHANodeDetails (ConfUtils.java:setNodeSpecificConfigs(97)) - Setting configuration key ozone.scm.http-address with value of key ozone.scm.http-address.scmServiceId.scmNode-3: 127.0.0.1:46189
2022-08-14 01:44:33,363 [Listener at 0.0.0.0/43397] INFO  ha.SCMHANodeDetails (ConfUtils.java:setNodeSpecificConfigs(97)) - Setting configuration key ozone.scm.https-address with value of key ozone.scm.https-address.scmServiceId.scmNode-3: 127.0.0.1:38287
2022-08-14 01:44:33,363 [Listener at 0.0.0.0/43397] INFO  ha.SCMHANodeDetails (ConfUtils.java:setNodeSpecificConfigs(97)) - Setting configuration key ozone.scm.address with value of key ozone.scm.address.scmServiceId.scmNode-3: 127.0.0.1
2022-08-14 01:44:33,363 [Listener at 0.0.0.0/43397] WARN  scm.ScmUtils (ScmUtils.java:logWarn(179)) - ConfigKey ozone.scm.block.client.address is deprecated, For configuring different ports for each SCM use PortConfigKey ozone.scm.block.client.port appended with serviceId and nodeId. If want to configure same port configure ozone.scm.block.client.port
2022-08-14 01:44:33,363 [Listener at 0.0.0.0/43397] WARN  scm.ScmUtils (ScmUtils.java:logWarn(179)) - ConfigKey ozone.scm.client.address is deprecated, For configuring different ports for each SCM use PortConfigKey ozone.scm.client.port appended with serviceId and nodeId. If want to configure same port configure ozone.scm.client.port
2022-08-14 01:44:33,363 [Listener at 0.0.0.0/43397] WARN  scm.ScmUtils (ScmUtils.java:logWarn(179)) - ConfigKey ozone.scm.datanode.address is deprecated, For configuring different ports for each SCM use PortConfigKey ozone.scm.datanode.port appended with serviceId and nodeId. If want to configure same port configure ozone.scm.datanode.port
2022-08-14 01:44:33,364 [Listener at 0.0.0.0/43397] WARN  utils.HAUtils (HAUtils.java:getMetaDir(342)) - ozone.scm.db.dirs is not configured. We recommend adding this setting. Falling back to ozone.metadata.dirs instead.
2022-08-14 01:44:33,365 [Listener at 0.0.0.0/43397] WARN  db.DBStoreBuilder (DBStoreBuilder.java:applyDBDefinition(143)) - ozone.scm.db.dirs is not configured. We recommend adding this setting. Falling back to ozone.metadata.dirs instead.
2022-08-14 01:44:33,484 [Listener at 0.0.0.0/43397] INFO  net.NodeSchemaLoader (NodeSchemaLoader.java:loadSchemaFromFile(129)) - Loading schema from [jar:file:/home/runner/.m2/repository/org/apache/ozone/hdds-common/1.3.0-SNAPSHOT/hdds-common-1.3.0-SNAPSHOT.jar!/network-topology-default.xml]
2022-08-14 01:44:33,485 [Listener at 0.0.0.0/43397] INFO  net.NodeSchemaLoader (NodeSchemaLoader.java:loadSchema(176)) - Loading network topology layer schema file
2022-08-14 01:44:33,487 [Listener at 0.0.0.0/43397] WARN  impl.MetricRegistriesImpl (MetricRegistriesImpl.java:addReporterRegistration(111)) - New reporters are added after registries were created. Some metrics will be missing from the reporter. Please add reporter before adding any new registry.
2022-08-14 01:44:33,487 [Listener at 0.0.0.0/43397] WARN  impl.MetricRegistriesImpl (MetricRegistriesImpl.java:addReporterRegistration(111)) - New reporters are added after registries were created. Some metrics will be missing from the reporter. Please add reporter before adding any new registry.
2022-08-14 01:44:33,488 [Listener at 0.0.0.0/43397] INFO  ha.SCMRatisServerImpl (SCMRatisServerImpl.java:<init>(87)) - starting Raft server for scm:03edee82-0664-4375-9f31-ace4c627e75e
2022-08-14 01:44:33,489 [Listener at 0.0.0.0/43397] INFO  server.RaftServer (ConfUtils.java:logGet(46)) - raft.rpc.type = GRPC (default)
2022-08-14 01:44:33,489 [Listener at 0.0.0.0/43397] INFO  grpc.GrpcFactory (GrpcFactory.java:checkPooledByteBufAllocatorUseCacheForAllThreads(48)) - PERFORMANCE WARNING: useCacheForAllThreads is true that may cause Netty to create a lot garbage objects and, as a result, trigger GC.
	It is recommended to disable useCacheForAllThreads by setting -Dorg.apache.ratis.thirdparty.io.netty.allocator.useCacheForAllThreads=false in command line.
2022-08-14 01:44:33,489 [Listener at 0.0.0.0/43397] INFO  grpc.GrpcConfigKeys (ConfUtils.java:logGet(46)) - raft.grpc.admin.port = -1 (default)
2022-08-14 01:44:33,489 [Listener at 0.0.0.0/43397] INFO  grpc.GrpcConfigKeys (ConfUtils.java:logGet(46)) - raft.grpc.server.port = 39397 (custom)
2022-08-14 01:44:33,489 [Listener at 0.0.0.0/43397] INFO  grpc.GrpcConfigKeys (ConfUtils.java:logGet(46)) - raft.grpc.client.port = -1 (default)
2022-08-14 01:44:33,489 [Listener at 0.0.0.0/43397] INFO  grpc.GrpcConfigKeys (ConfUtils.java:logGet(46)) - raft.grpc.server.port = 39397 (custom)
2022-08-14 01:44:33,489 [Listener at 0.0.0.0/43397] INFO  grpc.GrpcConfigKeys (ConfUtils.java:logGet(46)) - raft.grpc.server.port = 39397 (custom)
2022-08-14 01:44:33,489 [Listener at 0.0.0.0/43397] INFO  server.GrpcService (ConfUtils.java:logGet(46)) - raft.grpc.message.size.max = 32m (=33554432) (custom)
2022-08-14 01:44:33,490 [Listener at 0.0.0.0/43397] INFO  server.RaftServerConfigKeys (ConfUtils.java:logGet(46)) - raft.server.log.appender.buffer.byte-limit = 33554432 (custom)
2022-08-14 01:44:33,490 [Listener at 0.0.0.0/43397] INFO  server.GrpcService (ConfUtils.java:logGet(46)) - raft.grpc.flow.control.window = 1MB (=1048576) (default)
2022-08-14 01:44:33,490 [Listener at 0.0.0.0/43397] INFO  server.RaftServerConfigKeys (ConfUtils.java:logGet(46)) - raft.server.rpc.request.timeout = 30000ms (custom)
2022-08-14 01:44:33,490 [Listener at 0.0.0.0/43397] INFO  grpc.GrpcConfigKeys (ConfUtils.java:logGet(46)) - raft.grpc.server.async.request.thread.pool.cached = true (default)
2022-08-14 01:44:33,490 [Listener at 0.0.0.0/43397] INFO  grpc.GrpcConfigKeys (ConfUtils.java:logGet(46)) - raft.grpc.server.async.request.thread.pool.size = 32 (default)
2022-08-14 01:44:33,491 [Listener at 0.0.0.0/43397] INFO  impl.DataStreamServerImpl (ConfUtils.java:logGet(46)) - raft.datastream.type = DISABLED (default)
2022-08-14 01:44:33,491 [Listener at 0.0.0.0/43397] INFO  server.RaftServerConfigKeys (ConfUtils.java:logGet(46)) - raft.server.threadpool.proxy.cached = true (default)
2022-08-14 01:44:33,492 [Listener at 0.0.0.0/43397] INFO  server.RaftServerConfigKeys (ConfUtils.java:logGet(46)) - raft.server.threadpool.proxy.size = 0 (default)
2022-08-14 01:44:33,492 [Listener at 0.0.0.0/43397] INFO  server.RaftServerConfigKeys (ConfUtils.java:logGet(46)) - raft.server.rpc.slowness.timeout = 120000ms (custom)
2022-08-14 01:44:33,494 [Listener at 0.0.0.0/43397] INFO  server.RaftServerConfigKeys (ConfUtils.java:logGet(46)) - raft.server.leaderelection.leader.step-down.wait-time = 10s (default)
2022-08-14 01:44:33,494 [Listener at 0.0.0.0/43397] INFO  server.RaftServerConfigKeys (ConfUtils.java:logGet(46)) - raft.server.storage.dir = [/home/runner/work/ozone/ozone/hadoop-ozone/integration-test/target/test-dir/MiniOzoneClusterImpl-8ae01b46-865b-4b2e-8bfc-774eabe7d98c/scmNode-3/scm-ha] (custom)
2022-08-14 01:44:33,499 [Listener at 0.0.0.0/43397] INFO  server.RaftServer (RaftServerProxy.java:addNew(96)) - 03edee82-0664-4375-9f31-ace4c627e75e: addNew group-774EABE7D98C:[] returns group-774EABE7D98C:java.util.concurrent.CompletableFuture@7bdd8e29[Not completed]
2022-08-14 01:44:33,499 [pool-85-thread-1] INFO  server.RaftServer$Division (RaftServerImpl.java:<init>(190)) - 03edee82-0664-4375-9f31-ace4c627e75e: new RaftServerImpl for group-774EABE7D98C:[] with SCMStateMachine:uninitialized
2022-08-14 01:44:33,499 [pool-85-thread-1] INFO  server.RaftServerConfigKeys (ConfUtils.java:logGet(46)) - raft.server.rpc.timeout.min = 5000ms (custom)
2022-08-14 01:44:33,499 [pool-85-thread-1] INFO  server.RaftServerConfigKeys (ConfUtils.java:logGet(46)) - raft.server.rpc.timeout.max = 5200ms (custom)
2022-08-14 01:44:33,499 [pool-85-thread-1] INFO  server.RaftServerConfigKeys (ConfUtils.java:logGet(46)) - raft.server.rpc.sleep.time = 25ms (default)
2022-08-14 01:44:33,499 [pool-85-thread-1] INFO  server.RaftServerConfigKeys (ConfUtils.java:logGet(46)) - raft.server.rpc.slowness.timeout = 120000ms (custom)
2022-08-14 01:44:33,499 [pool-85-thread-1] INFO  server.RaftServerConfigKeys (ConfUtils.java:logGet(46)) - raft.server.leaderelection.leader.step-down.wait-time = 10s (default)
2022-08-14 01:44:33,499 [pool-85-thread-1] INFO  server.RaftServerConfigKeys (ConfUtils.java:logGet(46)) - raft.server.sleep.deviation.threshold = 300ms (default)
2022-08-14 01:44:33,499 [pool-85-thread-1] INFO  server.RaftServer$Division (ServerState.java:<init>(107)) - 03edee82-0664-4375-9f31-ace4c627e75e@group-774EABE7D98C: ConfigurationManager, init=-1: [], old=null, confs=<EMPTY_MAP>
2022-08-14 01:44:33,500 [pool-85-thread-1] INFO  server.RaftServerConfigKeys (ConfUtils.java:logGet(46)) - raft.server.storage.dir = [/home/runner/work/ozone/ozone/hadoop-ozone/integration-test/target/test-dir/MiniOzoneClusterImpl-8ae01b46-865b-4b2e-8bfc-774eabe7d98c/scmNode-3/scm-ha] (custom)
2022-08-14 01:44:33,500 [pool-85-thread-1] INFO  server.RaftServerConfigKeys (ConfUtils.java:logGet(46)) - raft.server.log.corruption.policy = EXCEPTION (default)
2022-08-14 01:44:33,500 [pool-85-thread-1] INFO  server.RaftServerConfigKeys (ConfUtils.java:logGet(46)) - raft.server.storage.free-space.min = 0MB (=0) (default)
2022-08-14 01:44:33,500 [pool-85-thread-1] INFO  storage.RaftStorageDirectory (RaftStorageDirectoryImpl.java:analyzeStorage(135)) - The storage directory /home/runner/work/ozone/ozone/hadoop-ozone/integration-test/target/test-dir/MiniOzoneClusterImpl-8ae01b46-865b-4b2e-8bfc-774eabe7d98c/scmNode-3/scm-ha/8ae01b46-865b-4b2e-8bfc-774eabe7d98c does not exist. Creating ...
2022-08-14 01:44:33,501 [pool-85-thread-1] INFO  storage.RaftStorageDirectory (RaftStorageDirectoryImpl.java:tryLock(230)) - Lock on /home/runner/work/ozone/ozone/hadoop-ozone/integration-test/target/test-dir/MiniOzoneClusterImpl-8ae01b46-865b-4b2e-8bfc-774eabe7d98c/scmNode-3/scm-ha/8ae01b46-865b-4b2e-8bfc-774eabe7d98c/in_use.lock acquired by nodename 20746@fv-az372-557
2022-08-14 01:44:33,503 [pool-85-thread-1] INFO  storage.RaftStorage (RaftStorageImpl.java:format(89)) - Storage directory /home/runner/work/ozone/ozone/hadoop-ozone/integration-test/target/test-dir/MiniOzoneClusterImpl-8ae01b46-865b-4b2e-8bfc-774eabe7d98c/scmNode-3/scm-ha/8ae01b46-865b-4b2e-8bfc-774eabe7d98c has been successfully formatted.
2022-08-14 01:44:33,503 [pool-85-thread-1] INFO  server.RaftServerConfigKeys (ConfUtils.java:logGet(46)) - raft.server.notification.no-leader.timeout = 60s (default)
2022-08-14 01:44:33,503 [pool-85-thread-1] INFO  server.RaftServerConfigKeys (ConfUtils.java:logGet(46)) - raft.server.log.use.memory = false (default)
2022-08-14 01:44:33,503 [pool-85-thread-1] INFO  server.RaftServerConfigKeys (ConfUtils.java:logGet(46)) - raft.server.log.purge.gap = 1000000 (custom)
2022-08-14 01:44:33,503 [pool-85-thread-1] INFO  server.RaftServerConfigKeys (ConfUtils.java:logGet(46)) - raft.server.log.appender.buffer.byte-limit = 33554432 (custom)
2022-08-14 01:44:33,503 [pool-85-thread-1] INFO  server.RaftServerConfigKeys (ConfUtils.java:logGet(46)) - raft.server.log.statemachine.data.read.timeout = 1000ms (default)
2022-08-14 01:44:33,504 [pool-85-thread-1] INFO  server.RaftServerConfigKeys (ConfUtils.java:logGet(46)) - raft.server.log.segment.size.max = 4194304 (custom)
2022-08-14 01:44:33,504 [pool-85-thread-1] INFO  server.RaftServerConfigKeys (ConfUtils.java:logGet(46)) - raft.server.log.segment.cache.num.max = 2 (custom)
2022-08-14 01:44:33,504 [pool-85-thread-1] INFO  server.RaftServerConfigKeys (ConfUtils.java:logGet(46)) - raft.server.log.segment.cache.size.max = 200MB (=209715200) (default)
2022-08-14 01:44:33,505 [pool-85-thread-1] INFO  segmented.SegmentedRaftLogWorker (SegmentedRaftLogWorker.java:<init>(187)) - new 03edee82-0664-4375-9f31-ace4c627e75e@group-774EABE7D98C-SegmentedRaftLogWorker for RaftStorageImpl:Storage Directory /home/runner/work/ozone/ozone/hadoop-ozone/integration-test/target/test-dir/MiniOzoneClusterImpl-8ae01b46-865b-4b2e-8bfc-774eabe7d98c/scmNode-3/scm-ha/8ae01b46-865b-4b2e-8bfc-774eabe7d98c
2022-08-14 01:44:33,505 [pool-85-thread-1] INFO  server.RaftServerConfigKeys (ConfUtils.java:logGet(46)) - raft.server.log.queue.byte-limit = 64MB (=67108864) (default)
2022-08-14 01:44:33,505 [pool-85-thread-1] INFO  server.RaftServerConfigKeys (ConfUtils.java:logGet(46)) - raft.server.log.queue.element-limit = 4096 (default)
2022-08-14 01:44:33,505 [pool-85-thread-1] INFO  server.RaftServerConfigKeys (ConfUtils.java:logGet(46)) - raft.server.log.segment.size.max = 4194304 (custom)
2022-08-14 01:44:33,505 [pool-85-thread-1] INFO  server.RaftServerConfigKeys (ConfUtils.java:logGet(46)) - raft.server.log.preallocated.size = 4194304 (custom)
2022-08-14 01:44:33,505 [pool-85-thread-1] INFO  server.RaftServerConfigKeys (ConfUtils.java:logGet(46)) - raft.server.log.force.sync.num = 128 (default)
2022-08-14 01:44:33,505 [pool-85-thread-1] INFO  server.RaftServerConfigKeys (ConfUtils.java:logGet(46)) - raft.server.log.statemachine.data.sync = true (default)
2022-08-14 01:44:33,505 [pool-85-thread-1] INFO  server.RaftServerConfigKeys (ConfUtils.java:logGet(46)) - raft.server.log.statemachine.data.sync.timeout = 10s (default)
2022-08-14 01:44:33,505 [pool-85-thread-1] INFO  server.RaftServerConfigKeys (ConfUtils.java:logGet(46)) - raft.server.log.statemachine.data.sync.timeout.retry = -1 (default)
2022-08-14 01:44:33,506 [pool-85-thread-1] INFO  server.RaftServerConfigKeys (ConfUtils.java:logGet(46)) - raft.server.log.write.buffer.size = 64KB (=65536) (default)
2022-08-14 01:44:33,507 [pool-85-thread-1] INFO  server.RaftServerConfigKeys (ConfUtils.java:logGet(46)) - raft.server.log.unsafe-flush.enabled = false (default)
2022-08-14 01:44:33,507 [pool-85-thread-1] INFO  server.RaftServerConfigKeys (ConfUtils.java:logGet(46)) - raft.server.log.statemachine.data.caching.enabled = false (default)
2022-08-14 01:44:33,507 [pool-85-thread-1] INFO  segmented.SegmentedRaftLogWorker (SegmentedRaftLogWorker.java:lambda$new$0(135)) - 03edee82-0664-4375-9f31-ace4c627e75e@group-774EABE7D98C-SegmentedRaftLogWorker: flushIndex: setUnconditionally 0 -> -1
2022-08-14 01:44:33,507 [pool-85-thread-1] INFO  segmented.SegmentedRaftLogWorker (SegmentedRaftLogWorker.java:lambda$new$0(135)) - 03edee82-0664-4375-9f31-ace4c627e75e@group-774EABE7D98C-SegmentedRaftLogWorker: safeCacheEvictIndex: setUnconditionally 0 -> -1
2022-08-14 01:44:33,507 [pool-85-thread-1] INFO  server.RaftServerConfigKeys (ConfUtils.java:logGet(46)) - raft.server.snapshot.auto.trigger.enabled = true (custom)
2022-08-14 01:44:33,507 [pool-85-thread-1] INFO  server.RaftServerConfigKeys (ConfUtils.java:logGet(46)) - raft.server.snapshot.auto.trigger.threshold = 1000 (custom)
2022-08-14 01:44:33,507 [pool-85-thread-1] INFO  server.RaftServerConfigKeys (ConfUtils.java:logGet(46)) - raft.server.snapshot.retention.file.num = -1 (default)
2022-08-14 01:44:33,507 [pool-85-thread-1] INFO  server.RaftServerConfigKeys (ConfUtils.java:logGet(46)) - raft.server.log.purge.upto.snapshot.index = false (default)
2022-08-14 01:44:33,508 [pool-85-thread-1] INFO  server.RaftServerConfigKeys (ConfUtils.java:logGet(46)) - raft.server.retrycache.expirytime = 60000ms (default)
2022-08-14 01:44:33,508 [pool-85-thread-1] INFO  server.RaftServerConfigKeys (ConfUtils.java:logGet(46)) - raft.server.retrycache.statistics.expirytime = 100μs (default)
2022-08-14 01:44:33,509 [pool-85-thread-1] INFO  server.RaftServerConfigKeys (ConfUtils.java:logGet(46)) - raft.server.log.appender.install.snapshot.enabled = false (custom)
2022-08-14 01:44:33,509 [pool-85-thread-1] INFO  server.RaftServerConfigKeys (ConfUtils.java:logGet(46)) - raft.server.threadpool.server.cached = true (default)
2022-08-14 01:44:33,509 [pool-85-thread-1] INFO  server.RaftServerConfigKeys (ConfUtils.java:logGet(46)) - raft.server.threadpool.server.size = 0 (default)
2022-08-14 01:44:33,509 [pool-85-thread-1] INFO  server.RaftServerConfigKeys (ConfUtils.java:logGet(46)) - raft.server.threadpool.client.cached = true (default)
2022-08-14 01:44:33,509 [pool-85-thread-1] INFO  server.RaftServerConfigKeys (ConfUtils.java:logGet(46)) - raft.server.threadpool.client.size = 0 (default)
2022-08-14 01:44:33,510 [Listener at 0.0.0.0/43397] INFO  ha.SCMSnapshotProvider (SCMSnapshotProvider.java:<init>(66)) - Initializing SCM Snapshot Provider
2022-08-14 01:44:33,510 [Listener at 0.0.0.0/43397] WARN  server.ServerUtils (ServerUtils.java:getDefaultRatisDirectory(237)) - Storage directory for Ratis is not configured. It is a good idea to map this to an SSD disk. Falling back to ozone.metadata.dirs
2022-08-14 01:44:33,510 [Listener at 0.0.0.0/43397] WARN  ha.SCMHAUtils (SCMHAUtils.java:getSCMRatisSnapshotDirectory(153)) - SCM snapshot dir is not configured. Falling back to ozone.metadata.dirs config
2022-08-14 01:44:33,511 [Listener at 0.0.0.0/43397] INFO  upgrade.AbstractLayoutVersionManager (AbstractLayoutVersionManager.java:init(83)) - Initializing Layout version manager with metadata layout = DATANODE_SCHEMA_V3 (version = 4), software layout = DATANODE_SCHEMA_V3 (version = 4)
2022-08-14 01:44:33,564 [Listener at 0.0.0.0/43397] INFO  reflections.Reflections (Reflections.java:scan(232)) - Reflections took 51 ms to scan 7 urls, producing 132 keys and 321 values 
2022-08-14 01:44:33,567 [Listener at 0.0.0.0/43397] INFO  ha.SequenceIdGenerator (SequenceIdGenerator.java:upgradeToSequenceId(349)) - upgrade localId to 109611004723200000
2022-08-14 01:44:33,567 [Listener at 0.0.0.0/43397] INFO  ha.SequenceIdGenerator (SequenceIdGenerator.java:upgradeToSequenceId(359)) - upgrade delTxnId to 0
2022-08-14 01:44:33,568 [Listener at 0.0.0.0/43397] INFO  ha.SequenceIdGenerator (SequenceIdGenerator.java:upgradeToSequenceId(376)) - upgrade containerId to 0
2022-08-14 01:44:33,568 [Listener at 0.0.0.0/43397] INFO  ha.SequenceIdGenerator (SequenceIdGenerator.java:<init>(220)) - Init the HA SequenceIdGenerator.
2022-08-14 01:44:33,568 [Listener at 0.0.0.0/43397] WARN  server.ServerUtils (ServerUtils.java:sanitizeUserArgs(73)) - ozone.scm.stale.node.interval value = 300000 is larger than max = 100000 based on the key value of ozone.scm.heartbeat.thread.interval, reset to the max value 100000.
2022-08-14 01:44:33,568 [Listener at 0.0.0.0/43397] WARN  server.ServerUtils (ServerUtils.java:sanitizeUserArgs(73)) - ozone.scm.stale.node.interval value = 300000 is larger than max = 100000 based on the key value of ozone.scm.heartbeat.thread.interval, reset to the max value 100000.
2022-08-14 01:44:33,569 [Listener at 0.0.0.0/43397] INFO  node.SCMNodeManager (SCMNodeManager.java:<init>(149)) - Entering startup safe mode.
2022-08-14 01:44:33,570 [Listener at 0.0.0.0/43397] INFO  algorithms.ContainerPlacementPolicyFactory (ContainerPlacementPolicyFactory.java:getPolicyInternal(86)) - Create container placement policy of type org.apache.hadoop.hdds.scm.container.placement.algorithms.SCMContainerPlacementRandom
2022-08-14 01:44:33,570 [Listener at 0.0.0.0/43397] INFO  algorithms.ContainerPlacementPolicyFactory (ContainerPlacementPolicyFactory.java:getPolicyInternal(86)) - Create container placement policy of type org.apache.hadoop.hdds.scm.container.placement.algorithms.SCMContainerPlacementRackScatter
2022-08-14 01:44:33,570 [Listener at 0.0.0.0/43397] INFO  pipeline.PipelineStateManagerImpl (PipelineStateManagerImpl.java:initialize(78)) - No pipeline exists in current db
2022-08-14 01:44:33,570 [Listener at 0.0.0.0/43397] INFO  algorithms.LeaderChoosePolicyFactory (LeaderChoosePolicyFactory.java:getPolicy(57)) - Create leader choose policy of type org.apache.hadoop.hdds.scm.pipeline.leader.choose.algorithms.MinLeaderCountChoosePolicy
2022-08-14 01:44:33,570 [Listener at 0.0.0.0/43397] INFO  algorithms.ContainerPlacementPolicyFactory (ContainerPlacementPolicyFactory.java:getPolicyInternal(86)) - Create container placement policy of type org.apache.hadoop.hdds.scm.container.placement.algorithms.SCMContainerPlacementRackScatter
2022-08-14 01:44:33,571 [Listener at 0.0.0.0/43397] INFO  ha.SCMServiceManager (SCMServiceManager.java:register(42)) - Registering service BackgroundPipelineCreator.
2022-08-14 01:44:33,571 [Listener at 0.0.0.0/43397] INFO  pipeline.BackgroundPipelineCreator (BackgroundPipelineCreator.java:start(124)) - Starting RatisPipelineUtilsThread.
2022-08-14 01:44:33,571 [Listener at 0.0.0.0/43397] INFO  BackgroundPipelineScrubber (BackgroundSCMService.java:start(68)) - Starting BackgroundPipelineScrubber Service.
2022-08-14 01:44:33,573 [Listener at 0.0.0.0/43397] INFO  ha.SCMServiceManager (SCMServiceManager.java:register(42)) - Registering service BackgroundPipelineScrubber.
2022-08-14 01:44:33,574 [Listener at 0.0.0.0/43397] INFO  ExpiredContainerReplicaOpScrubber (BackgroundSCMService.java:start(68)) - Starting ExpiredContainerReplicaOpScrubber Service.
2022-08-14 01:44:33,574 [Listener at 0.0.0.0/43397] INFO  ha.SCMServiceManager (SCMServiceManager.java:register(42)) - Registering service ExpiredContainerReplicaOpScrubber.
2022-08-14 01:44:33,575 [Listener at 0.0.0.0/43397] INFO  algorithms.PipelineChoosePolicyFactory (PipelineChoosePolicyFactory.java:createPipelineChoosePolicyFromClass(73)) - Create pipeline choose policy of type org.apache.hadoop.hdds.scm.pipeline.choose.algorithms.RandomPipelineChoosePolicy
2022-08-14 01:44:33,576 [Listener at 0.0.0.0/43397] INFO  ha.SCMServiceManager (SCMServiceManager.java:register(42)) - Registering service SCMBlockDeletingService.
2022-08-14 01:44:33,577 [Listener at 0.0.0.0/43397] INFO  replication.ReplicationManager (ReplicationManager.java:start(206)) - Starting Replication Monitor Thread.
2022-08-14 01:44:33,581 [Listener at 0.0.0.0/43397] INFO  UnderReplicatedQueueThread (BackgroundSCMService.java:start(68)) - Starting UnderReplicatedQueueThread Service.
2022-08-14 01:44:33,581 [Listener at 0.0.0.0/43397] INFO  ha.SCMServiceManager (SCMServiceManager.java:register(42)) - Registering service UnderReplicatedQueueThread.
2022-08-14 01:44:33,581 [Listener at 0.0.0.0/43397] INFO  OverReplicatedQueueThread (BackgroundSCMService.java:start(68)) - Starting OverReplicatedQueueThread Service.
2022-08-14 01:44:33,581 [ReplicationMonitor] INFO  replication.ReplicationManager (ReplicationManager.java:processAll(255)) - Replication Manager is not ready to run until 3000ms after safemode exit
2022-08-14 01:44:33,581 [Listener at 0.0.0.0/43397] INFO  ha.SCMServiceManager (SCMServiceManager.java:register(42)) - Registering service OverReplicatedQueueThread.
2022-08-14 01:44:33,581 [Listener at 0.0.0.0/43397] INFO  ha.SCMServiceManager (SCMServiceManager.java:register(42)) - Registering service ReplicationManager.
2022-08-14 01:44:33,583 [Listener at 0.0.0.0/43397] INFO  safemode.ContainerSafeModeRule (ContainerSafeModeRule.java:<init>(89)) - containers with one replica threshold count 0
2022-08-14 01:44:33,584 [Listener at 0.0.0.0/43397] INFO  safemode.HealthyPipelineSafeModeRule (HealthyPipelineSafeModeRule.java:initializeRule(169)) - Total pipeline count is 0, healthy pipeline threshold count is 1
2022-08-14 01:44:33,585 [Listener at 0.0.0.0/43397] INFO  safemode.OneReplicaPipelineSafeModeRule (OneReplicaPipelineSafeModeRule.java:initializeRule(180)) - Total pipeline count is 0, pipeline's with at least one datanode reported threshold count is 0
2022-08-14 01:44:33,586 [Listener at 0.0.0.0/43397] INFO  ipc.CallQueueManager (CallQueueManager.java:<init>(90)) - Using callQueue: class java.util.concurrent.LinkedBlockingQueue, queueCapacity: 2000, scheduler: class org.apache.hadoop.ipc.DefaultRpcScheduler, ipcBackoff: false.
2022-08-14 01:44:33,586 [Socket Reader #1 for port 40129] INFO  ipc.Server (Server.java:run(1265)) - Starting Socket Reader #1 for port 40129
2022-08-14 01:44:33,590 [Listener at 0.0.0.0/40129] INFO  ipc.CallQueueManager (CallQueueManager.java:<init>(90)) - Using callQueue: class java.util.concurrent.LinkedBlockingQueue, queueCapacity: 2000, scheduler: class org.apache.hadoop.ipc.DefaultRpcScheduler, ipcBackoff: false.
2022-08-14 01:44:33,590 [Socket Reader #1 for port 44855] INFO  ipc.Server (Server.java:run(1265)) - Starting Socket Reader #1 for port 44855
2022-08-14 01:44:33,598 [Listener at 0.0.0.0/44855] INFO  ipc.CallQueueManager (CallQueueManager.java:<init>(90)) - Using callQueue: class java.util.concurrent.LinkedBlockingQueue, queueCapacity: 2000, scheduler: class org.apache.hadoop.ipc.DefaultRpcScheduler, ipcBackoff: false.
2022-08-14 01:44:33,598 [Socket Reader #1 for port 40335] INFO  ipc.Server (Server.java:run(1265)) - Starting Socket Reader #1 for port 40335
2022-08-14 01:44:33,630 [Listener at 0.0.0.0/40335] INFO  ha.SCMServiceManager (SCMServiceManager.java:register(42)) - Registering service ContainerBalancer.
2022-08-14 01:44:33,630 [Listener at 0.0.0.0/40335] INFO  server.StorageContainerManager (StorageContainerManager.java:<init>(406)) - 
Container Balancer status:
Key                            Value
Running                        false
Container Balancer Configuration values:
Key                                                Value
Threshold                                          10
Max Datanodes to Involve per Iteration(percent)    20
Max Size to Move per Iteration                     500GB
Max Size Entering Target per Iteration             26GB
Max Size Leaving Source per Iteration              26GB

2022-08-14 01:44:33,630 [Listener at 0.0.0.0/40335] WARN  events.EventQueue (EventQueue.java:fireEvent(216)) - No event handler registered for event TypedEvent{payloadType=SafeModeStatus, name='Safe mode status'}
2022-08-14 01:44:33,630 [Listener at 0.0.0.0/40335] INFO  ha.SCMContext (SCMContext.java:updateSafeModeStatus(228)) - Update SafeModeStatus from SafeModeStatus{safeModeStatus=true, preCheckPassed=false} to SafeModeStatus{safeModeStatus=true, preCheckPassed=false}.
2022-08-14 01:44:33,631 [Listener at 0.0.0.0/40335] INFO  server.StorageContainerManager (StorageContainerManager.java:start(1460)) - StorageContainerLocationProtocol RPC server is listening at /0.0.0.0:40335
2022-08-14 01:44:33,631 [Listener at 0.0.0.0/40335] INFO  ha.SCMRatisServerImpl (SCMRatisServerImpl.java:start(178)) - starting ratis server 0.0.0.0:39397
2022-08-14 01:44:33,631 [03edee82-0664-4375-9f31-ace4c627e75e-impl-thread1] INFO  server.RaftServer$Division (RaftServerImpl.java:start(316)) - 03edee82-0664-4375-9f31-ace4c627e75e@group-774EABE7D98C: start with initializing state, conf=-1: [], old=null
2022-08-14 01:44:33,632 [03edee82-0664-4375-9f31-ace4c627e75e-impl-thread1] INFO  server.RaftServer$Division (RaftServerImpl.java:setRole(299)) - 03edee82-0664-4375-9f31-ace4c627e75e@group-774EABE7D98C: changes role from      null to FOLLOWER at term 0 for startInitializing
2022-08-14 01:44:33,632 [03edee82-0664-4375-9f31-ace4c627e75e-impl-thread1] INFO  util.JmxRegister (JmxRegister.java:tryRegister(44)) - Successfully registered JMX Bean with object name Ratis:service=RaftServer,group=group-774EABE7D98C,id=03edee82-0664-4375-9f31-ace4c627e75e
2022-08-14 01:44:33,635 [Listener at 0.0.0.0/40335] INFO  server.RaftServer (RaftServerProxy.java:lambda$start$6(382)) - 03edee82-0664-4375-9f31-ace4c627e75e: start RPC server
2022-08-14 01:44:33,637 [Listener at 0.0.0.0/40335] INFO  server.GrpcService (GrpcService.java:startImpl(260)) - 03edee82-0664-4375-9f31-ace4c627e75e: GrpcService started, listening on 39397
2022-08-14 01:44:33,638 [Listener at 0.0.0.0/40335] INFO  ha.SCMNodeInfo (SCMNodeInfo.java:getPort(197)) - ConfigKey ozone.scm.client.address is deprecated, For configuring different ports for each SCM use PortConfigKey ozone.scm.client.port appended with serviceId and nodeId
2022-08-14 01:44:33,638 [Listener at 0.0.0.0/40335] INFO  ha.SCMNodeInfo (SCMNodeInfo.java:getPort(197)) - ConfigKey ozone.scm.block.client.address is deprecated, For configuring different ports for each SCM use PortConfigKey ozone.scm.block.client.port appended with serviceId and nodeId
2022-08-14 01:44:33,638 [Listener at 0.0.0.0/40335] INFO  ha.SCMNodeInfo (SCMNodeInfo.java:getPort(197)) - ConfigKey ozone.scm.datanode.address is deprecated, For configuring different ports for each SCM use PortConfigKey ozone.scm.datanode.port appended with serviceId and nodeId
2022-08-14 01:44:33,638 [Listener at 0.0.0.0/40335] INFO  ha.SCMNodeInfo (SCMNodeInfo.java:getPort(197)) - ConfigKey ozone.scm.client.address is deprecated, For configuring different ports for each SCM use PortConfigKey ozone.scm.client.port appended with serviceId and nodeId
2022-08-14 01:44:33,639 [Listener at 0.0.0.0/40335] INFO  ha.SCMNodeInfo (SCMNodeInfo.java:getPort(197)) - ConfigKey ozone.scm.block.client.address is deprecated, For configuring different ports for each SCM use PortConfigKey ozone.scm.block.client.port appended with serviceId and nodeId
2022-08-14 01:44:33,639 [Listener at 0.0.0.0/40335] INFO  ha.SCMNodeInfo (SCMNodeInfo.java:getPort(197)) - ConfigKey ozone.scm.datanode.address is deprecated, For configuring different ports for each SCM use PortConfigKey ozone.scm.datanode.port appended with serviceId and nodeId
2022-08-14 01:44:33,639 [Listener at 0.0.0.0/40335] INFO  proxy.SCMBlockLocationFailoverProxyProvider (SCMBlockLocationFailoverProxyProvider.java:<init>(114)) - Created block location fail-over proxy with 2 nodes: [nodeId=scmNode-2,nodeAddress=/127.0.0.1:34007, nodeId=scmNode-1,nodeAddress=/127.0.0.1:39797]
2022-08-14 01:44:33,640 [org.apache.ratis.util.JvmPauseMonitor$$Lambda$519/202110677@2dc49c6c] INFO  util.JvmPauseMonitor (JvmPauseMonitor.java:run(103)) - JvmPauseMonitor-03edee82-0664-4375-9f31-ace4c627e75e: Started
2022-08-14 01:44:33,650 [IPC Server handler 3 on default port 39797] INFO  ha.SCMRatisServerImpl (SCMRatisServerImpl.java:addSCM(298)) - eb4f5392-52f7-4dd8-91fe-f5d2e1c8a0c0: Submitting SetConfiguration request to Ratis server with new SCM peers list: [eb4f5392-52f7-4dd8-91fe-f5d2e1c8a0c0|rpc:localhost:43121|admin:|client:|dataStream:|priority:0, cf90fe62-f76e-4488-be8d-0c3b3445e4fe|rpc:localhost:43241|priority:0, 03edee82-0664-4375-9f31-ace4c627e75e|rpc:localhost:39397|priority:0]
2022-08-14 01:44:33,650 [IPC Server handler 3 on default port 39797] INFO  server.RaftServer$Division (RaftServerImpl.java:setConfigurationAsync(1080)) - eb4f5392-52f7-4dd8-91fe-f5d2e1c8a0c0@group-774EABE7D98C: receive setConfiguration SetConfigurationRequest:client-B1BCE765C03D->eb4f5392-52f7-4dd8-91fe-f5d2e1c8a0c0@group-774EABE7D98C, cid=1, seq=0, RW, null, peers:[eb4f5392-52f7-4dd8-91fe-f5d2e1c8a0c0|rpc:localhost:43121|admin:|client:|dataStream:|priority:0, cf90fe62-f76e-4488-be8d-0c3b3445e4fe|rpc:localhost:43241|priority:0, 03edee82-0664-4375-9f31-ace4c627e75e|rpc:localhost:39397|priority:0]
2022-08-14 01:44:33,651 [IPC Server handler 3 on default port 39797] INFO  server.RaftServer$Division (LeaderStateImpl.java:startSetConfiguration(368)) - eb4f5392-52f7-4dd8-91fe-f5d2e1c8a0c0@group-774EABE7D98C-LeaderStateImpl: startSetConfiguration SetConfigurationRequest:client-B1BCE765C03D->eb4f5392-52f7-4dd8-91fe-f5d2e1c8a0c0@group-774EABE7D98C, cid=1, seq=0, RW, null, peers:[eb4f5392-52f7-4dd8-91fe-f5d2e1c8a0c0|rpc:localhost:43121|admin:|client:|dataStream:|priority:0, cf90fe62-f76e-4488-be8d-0c3b3445e4fe|rpc:localhost:43241|priority:0, 03edee82-0664-4375-9f31-ace4c627e75e|rpc:localhost:39397|priority:0]
2022-08-14 01:44:33,651 [IPC Server handler 3 on default port 39797] INFO  server.RaftServerConfigKeys (ConfUtils.java:logGet(46)) - raft.server.log.appender.snapshot.chunk.size.max = 16MB (=16777216) (default)
2022-08-14 01:44:33,651 [IPC Server handler 3 on default port 39797] INFO  server.RaftServerConfigKeys (ConfUtils.java:logGet(46)) - raft.server.log.appender.buffer.byte-limit = 33554432 (custom)
2022-08-14 01:44:33,652 [IPC Server handler 3 on default port 39797] INFO  server.RaftServerConfigKeys (ConfUtils.java:logGet(46)) - raft.server.log.appender.buffer.element-limit = 1024 (custom)
2022-08-14 01:44:33,652 [IPC Server handler 3 on default port 39797] INFO  grpc.GrpcConfigKeys (ConfUtils.java:logGet(46)) - raft.grpc.server.leader.outstanding.appends.max = 128 (default)
2022-08-14 01:44:33,653 [IPC Server handler 3 on default port 39797] INFO  server.RaftServerConfigKeys (ConfUtils.java:logGet(46)) - raft.server.rpc.request.timeout = 30000ms (custom)
2022-08-14 01:44:33,653 [IPC Server handler 3 on default port 39797] INFO  server.RaftServerConfigKeys (ConfUtils.java:logGet(46)) - raft.server.log.appender.install.snapshot.enabled = false (custom)
2022-08-14 01:44:33,657 [eb4f5392-52f7-4dd8-91fe-f5d2e1c8a0c0@group-774EABE7D98C->03edee82-0664-4375-9f31-ace4c627e75e-GrpcLogAppender-LogAppenderDaemon] INFO  server.GrpcLogAppender (GrpcLogAppender.java:installSnapshot(541)) - eb4f5392-52f7-4dd8-91fe-f5d2e1c8a0c0@group-774EABE7D98C->03edee82-0664-4375-9f31-ace4c627e75e-GrpcLogAppender: followerNextIndex = 0 but logStartIndex = 0, notify follower to install snapshot-(t:1, i:0)
2022-08-14 01:44:33,658 [eb4f5392-52f7-4dd8-91fe-f5d2e1c8a0c0@group-774EABE7D98C->03edee82-0664-4375-9f31-ace4c627e75e-GrpcLogAppender-LogAppenderDaemon] INFO  server.GrpcLogAppender (GrpcLogAppender.java:installSnapshot(549)) - eb4f5392-52f7-4dd8-91fe-f5d2e1c8a0c0@group-774EABE7D98C->03edee82-0664-4375-9f31-ace4c627e75e-GrpcLogAppender: send eb4f5392-52f7-4dd8-91fe-f5d2e1c8a0c0->03edee82-0664-4375-9f31-ace4c627e75e#0-t2,notify:(t:1, i:0)
2022-08-14 01:44:33,671 [grpc-default-executor-0] INFO  impl.SnapshotInstallationHandler (SnapshotInstallationHandler.java:installSnapshot(84)) - 03edee82-0664-4375-9f31-ace4c627e75e@group-774EABE7D98C: receive installSnapshot: eb4f5392-52f7-4dd8-91fe-f5d2e1c8a0c0->03edee82-0664-4375-9f31-ace4c627e75e#0-t2,notify:(t:1, i:0)
2022-08-14 01:44:33,673 [grpc-default-executor-0] INFO  ha.SCMStateMachine (SCMStateMachine.java:notifyLeaderChanged(255)) - leader changed, yet current SCM is still follower.
2022-08-14 01:44:33,673 [grpc-default-executor-0] INFO  server.RaftServer$Division (ServerState.java:setLeader(287)) - 03edee82-0664-4375-9f31-ace4c627e75e@group-774EABE7D98C: change Leader from null to eb4f5392-52f7-4dd8-91fe-f5d2e1c8a0c0 at term 2 for installSnapshot, leader elected after 170ms
2022-08-14 01:44:33,674 [grpc-default-executor-0] INFO  impl.SnapshotInstallationHandler (SnapshotInstallationHandler.java:notifyStateMachineToInstallSnapshot(215)) - 03edee82-0664-4375-9f31-ace4c627e75e@group-774EABE7D98C: Received notification to install snapshot at index 0
2022-08-14 01:44:33,674 [grpc-default-executor-0] INFO  impl.SnapshotInstallationHandler (SnapshotInstallationHandler.java:notifyStateMachineToInstallSnapshot(224)) - 03edee82-0664-4375-9f31-ace4c627e75e@group-774EABE7D98C: InstallSnapshot notification result: ALREADY_INSTALLED, current snapshot index: -1
2022-08-14 01:44:33,674 [grpc-default-executor-0] INFO  impl.SnapshotInstallationHandler (SnapshotInstallationHandler.java:installSnapshotImpl(129)) - 03edee82-0664-4375-9f31-ace4c627e75e@group-774EABE7D98C: set new configuration index: 5
configurationEntry {
  peers {
    id: "eb4f5392-52f7-4dd8-91fe-f5d2e1c8a0c0"
    address: "localhost:43121"
  }
  peers {
    id: "cf90fe62-f76e-4488-be8d-0c3b3445e4fe"
    address: "localhost:43241"
  }
}
 from snapshot
2022-08-14 01:44:33,675 [grpc-default-executor-0] INFO  server.RaftServer$Division (ServerState.java:setRaftConf(393)) - 03edee82-0664-4375-9f31-ace4c627e75e@group-774EABE7D98C: set configuration 5: [eb4f5392-52f7-4dd8-91fe-f5d2e1c8a0c0|rpc:localhost:43121|admin:|client:|dataStream:|priority:0, cf90fe62-f76e-4488-be8d-0c3b3445e4fe|rpc:localhost:43241|admin:|client:|dataStream:|priority:0], old=null
2022-08-14 01:44:33,675 [grpc-default-executor-0] INFO  impl.SnapshotInstallationHandler (SnapshotInstallationHandler.java:installSnapshot(95)) - 03edee82-0664-4375-9f31-ace4c627e75e@group-774EABE7D98C: reply installSnapshot: eb4f5392-52f7-4dd8-91fe-f5d2e1c8a0c0<-03edee82-0664-4375-9f31-ace4c627e75e#0:FAIL-t0,ALREADY_INSTALLED
2022-08-14 01:44:33,675 [grpc-default-executor-0] INFO  server.GrpcServerProtocolService (GrpcServerProtocolService.java:onCompleted(140)) - 03edee82-0664-4375-9f31-ace4c627e75e: Completed INSTALL_SNAPSHOT, lastRequest: eb4f5392-52f7-4dd8-91fe-f5d2e1c8a0c0->03edee82-0664-4375-9f31-ace4c627e75e#0-t2,notify:(t:1, i:0)
2022-08-14 01:44:33,680 [grpc-default-executor-0] INFO  server.GrpcLogAppender (GrpcLogAppender.java:onNext(403)) - eb4f5392-52f7-4dd8-91fe-f5d2e1c8a0c0@group-774EABE7D98C->03edee82-0664-4375-9f31-ace4c627e75e-InstallSnapshotResponseHandler: received the first reply eb4f5392-52f7-4dd8-91fe-f5d2e1c8a0c0<-03edee82-0664-4375-9f31-ace4c627e75e#0:FAIL-t0,ALREADY_INSTALLED
2022-08-14 01:44:33,680 [grpc-default-executor-0] INFO  server.GrpcLogAppender (GrpcLogAppender.java:onNext(426)) - eb4f5392-52f7-4dd8-91fe-f5d2e1c8a0c0@group-774EABE7D98C->03edee82-0664-4375-9f31-ace4c627e75e-InstallSnapshotResponseHandler: Follower snapshot is already at index 0.
2022-08-14 01:44:33,680 [grpc-default-executor-0] INFO  leader.FollowerInfo (FollowerInfoImpl.java:lambda$new$0(48)) - eb4f5392-52f7-4dd8-91fe-f5d2e1c8a0c0@group-774EABE7D98C->03edee82-0664-4375-9f31-ace4c627e75e: snapshotIndex: setUnconditionally 0 -> 0
2022-08-14 01:44:33,680 [grpc-default-executor-0] INFO  leader.FollowerInfo (FollowerInfoImpl.java:lambda$new$0(48)) - eb4f5392-52f7-4dd8-91fe-f5d2e1c8a0c0@group-774EABE7D98C->03edee82-0664-4375-9f31-ace4c627e75e: matchIndex: setUnconditionally 0 -> 0
2022-08-14 01:44:33,680 [grpc-default-executor-0] INFO  leader.FollowerInfo (FollowerInfoImpl.java:lambda$new$0(48)) - eb4f5392-52f7-4dd8-91fe-f5d2e1c8a0c0@group-774EABE7D98C->03edee82-0664-4375-9f31-ace4c627e75e: nextIndex: setUnconditionally 0 -> 1
2022-08-14 01:44:33,680 [grpc-default-executor-0] INFO  leader.FollowerInfo (FollowerInfoImpl.java:setAttemptedToInstallSnapshot(118)) - Follower eb4f5392-52f7-4dd8-91fe-f5d2e1c8a0c0@group-774EABE7D98C->03edee82-0664-4375-9f31-ace4c627e75e acknowledged installing snapshot
2022-08-14 01:44:33,680 [grpc-default-executor-0] INFO  leader.FollowerInfo (FollowerInfoImpl.java:lambda$new$0(48)) - eb4f5392-52f7-4dd8-91fe-f5d2e1c8a0c0@group-774EABE7D98C->03edee82-0664-4375-9f31-ace4c627e75e: nextIndex: updateToMax old=1, new=1, updated? false
2022-08-14 01:44:33,688 [03edee82-0664-4375-9f31-ace4c627e75e-server-thread1] INFO  impl.RoleInfo (RoleInfo.java:updateAndGet(139)) - 03edee82-0664-4375-9f31-ace4c627e75e: start 03edee82-0664-4375-9f31-ace4c627e75e@group-774EABE7D98C-FollowerState
2022-08-14 01:44:33,688 [03edee82-0664-4375-9f31-ace4c627e75e-server-thread1] INFO  server.RaftServer$Division (RaftServerImpl.java:checkInconsistentAppendEntries(1424)) - 03edee82-0664-4375-9f31-ace4c627e75e@group-774EABE7D98C: Failed appendEntries as previous log entry ((t:1, i:0)) is not found
2022-08-14 01:44:33,688 [03edee82-0664-4375-9f31-ace4c627e75e-server-thread1] INFO  server.RaftServer$Division (RaftServerImpl.java:checkInconsistentAppendEntries(1394)) - 03edee82-0664-4375-9f31-ace4c627e75e@group-774EABE7D98C: inconsistency entries. Reply:eb4f5392-52f7-4dd8-91fe-f5d2e1c8a0c0<-03edee82-0664-4375-9f31-ace4c627e75e#0:FAIL-t2,INCONSISTENCY,nextIndex=0,followerCommit=-1
2022-08-14 01:44:33,690 [grpc-default-executor-1] INFO  leader.FollowerInfo (FollowerInfoImpl.java:lambda$new$0(48)) - eb4f5392-52f7-4dd8-91fe-f5d2e1c8a0c0@group-774EABE7D98C->03edee82-0664-4375-9f31-ace4c627e75e: nextIndex: updateUnconditionally 7 -> 0
2022-08-14 01:44:33,691 [03edee82-0664-4375-9f31-ace4c627e75e-server-thread1] INFO  server.RaftServer$Division (RaftServerImpl.java:checkInconsistentAppendEntries(1424)) - 03edee82-0664-4375-9f31-ace4c627e75e@group-774EABE7D98C: Failed appendEntries as previous log entry ((t:1, i:0)) is not found
2022-08-14 01:44:33,691 [03edee82-0664-4375-9f31-ace4c627e75e-server-thread1] INFO  server.RaftServer$Division (RaftServerImpl.java:checkInconsistentAppendEntries(1394)) - 03edee82-0664-4375-9f31-ace4c627e75e@group-774EABE7D98C: inconsistency entries. Reply:eb4f5392-52f7-4dd8-91fe-f5d2e1c8a0c0<-03edee82-0664-4375-9f31-ace4c627e75e#1:FAIL-t2,INCONSISTENCY,nextIndex=0,followerCommit=-1
2022-08-14 01:44:33,694 [grpc-default-executor-1] INFO  leader.FollowerInfo (FollowerInfoImpl.java:lambda$new$0(48)) - eb4f5392-52f7-4dd8-91fe-f5d2e1c8a0c0@group-774EABE7D98C->03edee82-0664-4375-9f31-ace4c627e75e: nextIndex: updateUnconditionally 7 -> 0
2022-08-14 01:44:33,694 [03edee82-0664-4375-9f31-ace4c627e75e-server-thread1] INFO  server.RaftServer$Division (ServerState.java:setRaftConf(393)) - 03edee82-0664-4375-9f31-ace4c627e75e@group-774EABE7D98C: set configuration 0: [eb4f5392-52f7-4dd8-91fe-f5d2e1c8a0c0|rpc:localhost:43121|admin:|client:|dataStream:|priority:0], old=null
2022-08-14 01:44:33,694 [03edee82-0664-4375-9f31-ace4c627e75e-server-thread1] INFO  server.RaftServer$Division (ServerState.java:setRaftConf(393)) - 03edee82-0664-4375-9f31-ace4c627e75e@group-774EABE7D98C: set configuration 1: [eb4f5392-52f7-4dd8-91fe-f5d2e1c8a0c0|rpc:localhost:43121|admin:|client:|dataStream:|priority:0], old=null
2022-08-14 01:44:33,694 [03edee82-0664-4375-9f31-ace4c627e75e-server-thread1] INFO  server.RaftServer$Division (ServerState.java:setRaftConf(393)) - 03edee82-0664-4375-9f31-ace4c627e75e@group-774EABE7D98C: set configuration 3: [eb4f5392-52f7-4dd8-91fe-f5d2e1c8a0c0|rpc:localhost:43121|admin:|client:|dataStream:|priority:0, cf90fe62-f76e-4488-be8d-0c3b3445e4fe|rpc:localhost:43241|admin:|client:|dataStream:|priority:0], old=[eb4f5392-52f7-4dd8-91fe-f5d2e1c8a0c0|rpc:localhost:43121|admin:|client:|dataStream:|priority:0]
2022-08-14 01:44:33,695 [03edee82-0664-4375-9f31-ace4c627e75e-server-thread1] INFO  server.RaftServer$Division (ServerState.java:setRaftConf(393)) - 03edee82-0664-4375-9f31-ace4c627e75e@group-774EABE7D98C: set configuration 5: [eb4f5392-52f7-4dd8-91fe-f5d2e1c8a0c0|rpc:localhost:43121|admin:|client:|dataStream:|priority:0, cf90fe62-f76e-4488-be8d-0c3b3445e4fe|rpc:localhost:43241|admin:|client:|dataStream:|priority:0], old=null
2022-08-14 01:44:33,695 [03edee82-0664-4375-9f31-ace4c627e75e-server-thread1] INFO  segmented.SegmentedRaftLogWorker (SegmentedRaftLogWorker.java:startLogSegment(425)) - 03edee82-0664-4375-9f31-ace4c627e75e@group-774EABE7D98C-SegmentedRaftLogWorker: Starting segment from index:0
2022-08-14 01:44:33,695 [03edee82-0664-4375-9f31-ace4c627e75e-server-thread1] INFO  segmented.SegmentedRaftLogWorker (SegmentedRaftLogWorker.java:rollLogSegment(430)) - 03edee82-0664-4375-9f31-ace4c627e75e@group-774EABE7D98C-SegmentedRaftLogWorker: Rolling segment log-0_0 to index:0
2022-08-14 01:44:33,701 [03edee82-0664-4375-9f31-ace4c627e75e-server-thread1] INFO  server.RaftServer$Division (ServerState.java:setRaftConf(393)) - 03edee82-0664-4375-9f31-ace4c627e75e@group-774EABE7D98C: set configuration 0: [eb4f5392-52f7-4dd8-91fe-f5d2e1c8a0c0|rpc:localhost:43121|admin:|client:|dataStream:|priority:0], old=null
2022-08-14 01:44:33,701 [03edee82-0664-4375-9f31-ace4c627e75e-server-thread1] INFO  server.RaftServer$Division (ServerState.java:setRaftConf(393)) - 03edee82-0664-4375-9f31-ace4c627e75e@group-774EABE7D98C: set configuration 1: [eb4f5392-52f7-4dd8-91fe-f5d2e1c8a0c0|rpc:localhost:43121|admin:|client:|dataStream:|priority:0], old=null
2022-08-14 01:44:33,701 [03edee82-0664-4375-9f31-ace4c627e75e-server-thread1] INFO  server.RaftServer$Division (ServerState.java:setRaftConf(393)) - 03edee82-0664-4375-9f31-ace4c627e75e@group-774EABE7D98C: set configuration 3: [eb4f5392-52f7-4dd8-91fe-f5d2e1c8a0c0|rpc:localhost:43121|admin:|client:|dataStream:|priority:0, cf90fe62-f76e-4488-be8d-0c3b3445e4fe|rpc:localhost:43241|admin:|client:|dataStream:|priority:0], old=[eb4f5392-52f7-4dd8-91fe-f5d2e1c8a0c0|rpc:localhost:43121|admin:|client:|dataStream:|priority:0]
2022-08-14 01:44:33,701 [03edee82-0664-4375-9f31-ace4c627e75e-server-thread1] INFO  server.RaftServer$Division (ServerState.java:setRaftConf(393)) - 03edee82-0664-4375-9f31-ace4c627e75e@group-774EABE7D98C: set configuration 5: [eb4f5392-52f7-4dd8-91fe-f5d2e1c8a0c0|rpc:localhost:43121|admin:|client:|dataStream:|priority:0, cf90fe62-f76e-4488-be8d-0c3b3445e4fe|rpc:localhost:43241|admin:|client:|dataStream:|priority:0], old=null
2022-08-14 01:44:33,707 [03edee82-0664-4375-9f31-ace4c627e75e@group-774EABE7D98C-SegmentedRaftLogWorker] INFO  segmented.SegmentedRaftLogWorker (SegmentedRaftLogWorker.java:execute(629)) - 03edee82-0664-4375-9f31-ace4c627e75e@group-774EABE7D98C-SegmentedRaftLogWorker: created new log segment /home/runner/work/ozone/ozone/hadoop-ozone/integration-test/target/test-dir/MiniOzoneClusterImpl-8ae01b46-865b-4b2e-8bfc-774eabe7d98c/scmNode-3/scm-ha/8ae01b46-865b-4b2e-8bfc-774eabe7d98c/current/log_inprogress_0
2022-08-14 01:44:33,710 [03edee82-0664-4375-9f31-ace4c627e75e@group-774EABE7D98C-SegmentedRaftLogWorker] INFO  segmented.SegmentedRaftLogWorker (SegmentedRaftLogWorker.java:execute(586)) - 03edee82-0664-4375-9f31-ace4c627e75e@group-774EABE7D98C-SegmentedRaftLogWorker: Rolled log segment from /home/runner/work/ozone/ozone/hadoop-ozone/integration-test/target/test-dir/MiniOzoneClusterImpl-8ae01b46-865b-4b2e-8bfc-774eabe7d98c/scmNode-3/scm-ha/8ae01b46-865b-4b2e-8bfc-774eabe7d98c/current/log_inprogress_0 to /home/runner/work/ozone/ozone/hadoop-ozone/integration-test/target/test-dir/MiniOzoneClusterImpl-8ae01b46-865b-4b2e-8bfc-774eabe7d98c/scmNode-3/scm-ha/8ae01b46-865b-4b2e-8bfc-774eabe7d98c/current/log_0-0
2022-08-14 01:44:33,722 [03edee82-0664-4375-9f31-ace4c627e75e@group-774EABE7D98C-SegmentedRaftLogWorker] INFO  segmented.SegmentedRaftLogWorker (SegmentedRaftLogWorker.java:execute(629)) - 03edee82-0664-4375-9f31-ace4c627e75e@group-774EABE7D98C-SegmentedRaftLogWorker: created new log segment /home/runner/work/ozone/ozone/hadoop-ozone/integration-test/target/test-dir/MiniOzoneClusterImpl-8ae01b46-865b-4b2e-8bfc-774eabe7d98c/scmNode-3/scm-ha/8ae01b46-865b-4b2e-8bfc-774eabe7d98c/current/log_inprogress_1
2022-08-14 01:44:33,726 [03edee82-0664-4375-9f31-ace4c627e75e@group-774EABE7D98C-StateMachineUpdater] INFO  safemode.HealthyPipelineSafeModeRule (HealthyPipelineSafeModeRule.java:initializeRule(165)) - Refreshed total pipeline count is 0, healthy pipeline threshold count is 1
2022-08-14 01:44:33,727 [03edee82-0664-4375-9f31-ace4c627e75e@group-774EABE7D98C-StateMachineUpdater] INFO  safemode.ContainerSafeModeRule (ContainerSafeModeRule.java:reInitializeRule(177)) - Refreshed one replica container threshold 0, currentThreshold 0
2022-08-14 01:44:33,727 [03edee82-0664-4375-9f31-ace4c627e75e@group-774EABE7D98C-StateMachineUpdater] INFO  safemode.OneReplicaPipelineSafeModeRule (OneReplicaPipelineSafeModeRule.java:initializeRule(176)) - Refreshed Total pipeline count is 0, pipeline's with at least one datanode reported threshold count is 0
2022-08-14 01:44:33,727 [03edee82-0664-4375-9f31-ace4c627e75e@group-774EABE7D98C-StateMachineUpdater] INFO  server.SCMDatanodeProtocolServer (SCMDatanodeProtocolServer.java:start(186)) - ScmDatanodeProtocol RPC server for DataNodes is listening at /0.0.0.0:40129
2022-08-14 01:44:33,738 [IPC Server listener on 40129] INFO  ipc.Server (Server.java:run(1344)) - IPC Server listener on 40129: starting
2022-08-14 01:44:33,740 [IPC Server Responder] INFO  ipc.Server (Server.java:run(1507)) - IPC Server Responder: starting
2022-08-14 01:44:33,749 [eb4f5392-52f7-4dd8-91fe-f5d2e1c8a0c0@group-774EABE7D98C-LeaderStateImpl] INFO  server.RaftServer$Division (ServerState.java:setRaftConf(393)) - eb4f5392-52f7-4dd8-91fe-f5d2e1c8a0c0@group-774EABE7D98C: set configuration 7: [eb4f5392-52f7-4dd8-91fe-f5d2e1c8a0c0|rpc:localhost:43121|admin:|client:|dataStream:|priority:0, cf90fe62-f76e-4488-be8d-0c3b3445e4fe|rpc:localhost:43241|priority:0, 03edee82-0664-4375-9f31-ace4c627e75e|rpc:localhost:39397|priority:0], old=[eb4f5392-52f7-4dd8-91fe-f5d2e1c8a0c0|rpc:localhost:43121|admin:|client:|dataStream:|priority:0, cf90fe62-f76e-4488-be8d-0c3b3445e4fe|rpc:localhost:43241|priority:0]
2022-08-14 01:44:33,753 [cf90fe62-f76e-4488-be8d-0c3b3445e4fe-server-thread2] INFO  server.RaftServer$Division (ServerState.java:setRaftConf(393)) - cf90fe62-f76e-4488-be8d-0c3b3445e4fe@group-774EABE7D98C: set configuration 7: [eb4f5392-52f7-4dd8-91fe-f5d2e1c8a0c0|rpc:localhost:43121|admin:|client:|dataStream:|priority:0, cf90fe62-f76e-4488-be8d-0c3b3445e4fe|rpc:localhost:43241|admin:|client:|dataStream:|priority:0, 03edee82-0664-4375-9f31-ace4c627e75e|rpc:localhost:39397|admin:|client:|dataStream:|priority:0], old=[eb4f5392-52f7-4dd8-91fe-f5d2e1c8a0c0|rpc:localhost:43121|admin:|client:|dataStream:|priority:0, cf90fe62-f76e-4488-be8d-0c3b3445e4fe|rpc:localhost:43241|admin:|client:|dataStream:|priority:0]
2022-08-14 01:44:33,755 [03edee82-0664-4375-9f31-ace4c627e75e-server-thread1] INFO  server.RaftServer$Division (ServerState.java:setRaftConf(393)) - 03edee82-0664-4375-9f31-ace4c627e75e@group-774EABE7D98C: set configuration 7: [eb4f5392-52f7-4dd8-91fe-f5d2e1c8a0c0|rpc:localhost:43121|admin:|client:|dataStream:|priority:0, cf90fe62-f76e-4488-be8d-0c3b3445e4fe|rpc:localhost:43241|admin:|client:|dataStream:|priority:0, 03edee82-0664-4375-9f31-ace4c627e75e|rpc:localhost:39397|admin:|client:|dataStream:|priority:0], old=[eb4f5392-52f7-4dd8-91fe-f5d2e1c8a0c0|rpc:localhost:43121|admin:|client:|dataStream:|priority:0, cf90fe62-f76e-4488-be8d-0c3b3445e4fe|rpc:localhost:43241|admin:|client:|dataStream:|priority:0]
2022-08-14 01:44:33,759 [eb4f5392-52f7-4dd8-91fe-f5d2e1c8a0c0@group-774EABE7D98C-LeaderStateImpl] INFO  server.RaftServer$Division (ServerState.java:setRaftConf(393)) - eb4f5392-52f7-4dd8-91fe-f5d2e1c8a0c0@group-774EABE7D98C: set configuration 9: [eb4f5392-52f7-4dd8-91fe-f5d2e1c8a0c0|rpc:localhost:43121|admin:|client:|dataStream:|priority:0, cf90fe62-f76e-4488-be8d-0c3b3445e4fe|rpc:localhost:43241|priority:0, 03edee82-0664-4375-9f31-ace4c627e75e|rpc:localhost:39397|priority:0], old=null
2022-08-14 01:44:33,768 [cf90fe62-f76e-4488-be8d-0c3b3445e4fe-server-thread2] INFO  server.RaftServer$Division (ServerState.java:setRaftConf(393)) - cf90fe62-f76e-4488-be8d-0c3b3445e4fe@group-774EABE7D98C: set configuration 9: [eb4f5392-52f7-4dd8-91fe-f5d2e1c8a0c0|rpc:localhost:43121|admin:|client:|dataStream:|priority:0, cf90fe62-f76e-4488-be8d-0c3b3445e4fe|rpc:localhost:43241|admin:|client:|dataStream:|priority:0, 03edee82-0664-4375-9f31-ace4c627e75e|rpc:localhost:39397|admin:|client:|dataStream:|priority:0], old=null
2022-08-14 01:44:33,770 [03edee82-0664-4375-9f31-ace4c627e75e-server-thread1] INFO  server.RaftServer$Division (ServerState.java:setRaftConf(393)) - 03edee82-0664-4375-9f31-ace4c627e75e@group-774EABE7D98C: set configuration 9: [eb4f5392-52f7-4dd8-91fe-f5d2e1c8a0c0|rpc:localhost:43121|admin:|client:|dataStream:|priority:0, cf90fe62-f76e-4488-be8d-0c3b3445e4fe|rpc:localhost:43241|admin:|client:|dataStream:|priority:0, 03edee82-0664-4375-9f31-ace4c627e75e|rpc:localhost:39397|admin:|client:|dataStream:|priority:0], old=null
2022-08-14 01:44:33,782 [IPC Server handler 3 on default port 39797] INFO  ha.SCMRatisServerImpl (SCMRatisServerImpl.java:addSCM(309)) - Successfully added new SCM: 03edee82-0664-4375-9f31-ace4c627e75e.
2022-08-14 01:44:33,785 [Listener at 0.0.0.0/40335] INFO  ha.SCMHAManagerImpl (SCMHAManagerImpl.java:start(117)) - Successfully added SCM scmNode-3 to group group-774EABE7D98C:[eb4f5392-52f7-4dd8-91fe-f5d2e1c8a0c0|rpc:localhost:43121|admin:|client:|dataStream:|priority:0, cf90fe62-f76e-4488-be8d-0c3b3445e4fe|rpc:localhost:43241|admin:|client:|dataStream:|priority:0, 03edee82-0664-4375-9f31-ace4c627e75e|rpc:localhost:39397|admin:|client:|dataStream:|priority:0]
2022-08-14 01:44:33,786 [Listener at 0.0.0.0/40335] INFO  ha.InterSCMGrpcService (InterSCMGrpcProtocolService.java:start(94)) - Starting SCM Grpc Service at port 32871
2022-08-14 01:44:33,798 [Listener at 0.0.0.0/40335] INFO  impl.MetricsSystemImpl (MetricsSystemImpl.java:init(158)) - StorageContainerManager metrics system started (again)
2022-08-14 01:44:33,811 [Listener at 0.0.0.0/40335] INFO  server.SCMClientProtocolServer (SCMClientProtocolServer.java:start(170)) - RPC server for Client  is listening at /0.0.0.0:40335
2022-08-14 01:44:33,812 [IPC Server Responder] INFO  ipc.Server (Server.java:run(1507)) - IPC Server Responder: starting
2022-08-14 01:44:33,812 [IPC Server listener on 40335] INFO  ipc.Server (Server.java:run(1344)) - IPC Server listener on 40335: starting
2022-08-14 01:44:33,820 [Listener at 0.0.0.0/40335] INFO  server.StorageContainerManager (StorageContainerManager.java:start(1475)) - ScmBlockLocationProtocol RPC server is listening at /0.0.0.0:44855
2022-08-14 01:44:33,821 [Listener at 0.0.0.0/40335] INFO  server.SCMBlockProtocolServer (SCMBlockProtocolServer.java:start(152)) - RPC server for Block Protocol is listening at /0.0.0.0:44855
2022-08-14 01:44:33,823 [IPC Server Responder] INFO  ipc.Server (Server.java:run(1507)) - IPC Server Responder: starting
2022-08-14 01:44:33,828 [IPC Server listener on 44855] INFO  ipc.Server (Server.java:run(1344)) - IPC Server listener on 44855: starting
2022-08-14 01:44:33,832 [org.apache.hadoop.util.JvmPauseMonitor$Monitor@7257cdf3] INFO  util.JvmPauseMonitor (JvmPauseMonitor.java:run(188)) - Starting JVM pause monitor
2022-08-14 01:44:33,833 [Listener at 0.0.0.0/40335] INFO  http.BaseHttpServer (BaseHttpServer.java:newHttpServer2BuilderForOzone(209)) - Starting Web-server for scm at: http://0.0.0.0:46189
2022-08-14 01:44:33,833 [Listener at 0.0.0.0/40335] INFO  http.BaseHttpServer (BaseHttpServer.java:<init>(107)) - Hadoop Security Enabled: false Ozone Security Enabled: false Ozone HTTP Security Enabled: false 
2022-08-14 01:44:33,834 [Listener at 0.0.0.0/40335] INFO  server.AuthenticationFilter (AuthenticationFilter.java:constructSecretProvider(240)) - Unable to initialize FileSignerSecretProvider, falling back to use random secrets.
2022-08-14 01:44:33,836 [Listener at 0.0.0.0/40335] WARN  http.HttpRequestLog (HttpRequestLog.java:getRequestLog(103)) - Jetty request log can only be enabled using Log4j
2022-08-14 01:44:33,837 [Listener at 0.0.0.0/40335] INFO  http.HttpServer2 (HttpServer2.java:addGlobalFilter(1029)) - Added global filter 'safety' (class=org.apache.hadoop.hdds.server.http.HttpServer2$QuotingInputFilter)
2022-08-14 01:44:33,838 [Listener at 0.0.0.0/40335] INFO  http.HttpServer2 (HttpServer2.java:addFilter(1005)) - Added filter static_user_filter (class=org.apache.hadoop.http.lib.StaticUserWebFilter$StaticUserFilter) to context scm
2022-08-14 01:44:33,838 [Listener at 0.0.0.0/40335] INFO  http.HttpServer2 (HttpServer2.java:addFilter(1013)) - Added filter static_user_filter (class=org.apache.hadoop.http.lib.StaticUserWebFilter$StaticUserFilter) to context logs
2022-08-14 01:44:33,838 [Listener at 0.0.0.0/40335] INFO  http.HttpServer2 (HttpServer2.java:addFilter(1013)) - Added filter static_user_filter (class=org.apache.hadoop.http.lib.StaticUserWebFilter$StaticUserFilter) to context static
2022-08-14 01:44:33,839 [Listener at 0.0.0.0/40335] INFO  http.HttpServer2 (HttpServer2.java:bindListener(1248)) - Jetty bound to port 46189
2022-08-14 01:44:33,839 [Listener at 0.0.0.0/40335] INFO  server.Server (Server.java:doStart(375)) - jetty-9.4.43.v20210629; built: 2021-06-30T11:07:22.254Z; git: 526006ecfa3af7f1a27ef3a288e2bef7ea9dd7e8; jvm 1.8.0_332-b09
2022-08-14 01:44:33,844 [Listener at 0.0.0.0/40335] INFO  server.session (DefaultSessionIdManager.java:doStart(334)) - DefaultSessionIdManager workerName=node0
2022-08-14 01:44:33,844 [Listener at 0.0.0.0/40335] INFO  server.session (DefaultSessionIdManager.java:doStart(339)) - No SessionScavenger set, using defaults
2022-08-14 01:44:33,844 [Listener at 0.0.0.0/40335] INFO  server.session (HouseKeeper.java:startScavenging(132)) - node0 Scavenging every 660000ms
2022-08-14 01:44:33,845 [Listener at 0.0.0.0/40335] INFO  handler.ContextHandler (ContextHandler.java:doStart(915)) - Started o.e.j.s.ServletContextHandler@686b1bc{logs,/logs,file:///home/runner/work/ozone/ozone/hadoop-ozone/integration-test/target/log,AVAILABLE}
2022-08-14 01:44:33,845 [Listener at 0.0.0.0/40335] INFO  handler.ContextHandler (ContextHandler.java:doStart(915)) - Started o.e.j.s.ServletContextHandler@650a7d87{static,/static,file:///home/runner/work/ozone/ozone/hadoop-ozone/integration-test/target/test-classes/webapps/static,AVAILABLE}
2022-08-14 01:44:33,850 [Listener at 0.0.0.0/40335] INFO  handler.ContextHandler (ContextHandler.java:doStart(915)) - Started o.e.j.w.WebAppContext@53756428{scm,/,file:///home/runner/work/ozone/ozone/hadoop-ozone/integration-test/target/test-classes/webapps/scm/,AVAILABLE}{file:/home/runner/work/ozone/ozone/hadoop-ozone/integration-test/target/test-classes/webapps/scm}
2022-08-14 01:44:33,851 [Listener at 0.0.0.0/40335] INFO  server.AbstractConnector (AbstractConnector.java:doStart(331)) - Started ServerConnector@6a2447e1{HTTP/1.1, (http/1.1)}{0.0.0.0:46189}
2022-08-14 01:44:33,851 [Listener at 0.0.0.0/40335] INFO  server.Server (Server.java:doStart(415)) - Started @22100ms
2022-08-14 01:44:33,851 [Listener at 0.0.0.0/40335] WARN  impl.MetricsSystemImpl (MetricsSystemImpl.java:register(279)) - Sink prometheus already exists!
2022-08-14 01:44:33,852 [Listener at 0.0.0.0/40335] INFO  http.BaseHttpServer (BaseHttpServer.java:updateConnectorAddress(329)) - HTTP server of scm listening at http://0.0.0.0:46189
2022-08-14 01:44:33,852 [Listener at 0.0.0.0/40335] INFO  ozone.MiniOzoneHAClusterImpl (MiniOzoneHAClusterImpl.java:createSCMService(606)) - Started SCM RPC server at /0.0.0.0:40335
2022-08-14 01:44:33,908 [Listener at 0.0.0.0/40335] INFO  audit.AuditLogger (AuditLogger.java:refreshDebugCmdSet(126)) - Refresh DebugCmdSet for OMAudit to [].
2022-08-14 01:44:33,989 [Listener at 0.0.0.0/40335] INFO  ha.OMHANodeDetails (OMHANodeDetails.java:loadOMHAConfig(121)) - ServiceID for OzoneManager is omServiceId1
2022-08-14 01:44:33,995 [Listener at 0.0.0.0/40335] INFO  ha.OMHANodeDetails (OMHANodeDetails.java:loadOMHAConfig(201)) - Found matching OM address with OMServiceId: omServiceId1, OMNodeId: omNode-1, RPC Address: localhost:40583 and Ratis port: 33957
2022-08-14 01:44:33,995 [Listener at 0.0.0.0/40335] INFO  ha.OMHANodeDetails (ConfUtils.java:setNodeSpecificConfigs(97)) - Setting configuration key ozone.om.http-address with value of key ozone.om.http-address.omServiceId1.omNode-1: 127.0.0.1:37847
2022-08-14 01:44:33,995 [Listener at 0.0.0.0/40335] INFO  ha.OMHANodeDetails (ConfUtils.java:setNodeSpecificConfigs(97)) - Setting configuration key ozone.om.https-address with value of key ozone.om.https-address.omServiceId1.omNode-1: 127.0.0.1:37553
2022-08-14 01:44:33,995 [Listener at 0.0.0.0/40335] INFO  ha.OMHANodeDetails (ConfUtils.java:setNodeSpecificConfigs(97)) - Setting configuration key ozone.om.address with value of key ozone.om.address.omServiceId1.omNode-1: 127.0.0.1:40583
2022-08-14 01:44:33,996 [Listener at 0.0.0.0/40335] WARN  server.ServerUtils (ServerUtils.java:getDBPath(225)) - ozone.om.db.dirs is not configured. We recommend adding this setting. Falling back to ozone.metadata.dirs instead.
2022-08-14 01:44:34,000 [Listener at 0.0.0.0/40335] INFO  ha.SCMNodeInfo (SCMNodeInfo.java:getPort(197)) - ConfigKey ozone.scm.client.address is deprecated, For configuring different ports for each SCM use PortConfigKey ozone.scm.client.port appended with serviceId and nodeId
2022-08-14 01:44:34,000 [Listener at 0.0.0.0/40335] INFO  ha.SCMNodeInfo (SCMNodeInfo.java:getPort(197)) - ConfigKey ozone.scm.block.client.address is deprecated, For configuring different ports for each SCM use PortConfigKey ozone.scm.block.client.port appended with serviceId and nodeId
2022-08-14 01:44:34,000 [Listener at 0.0.0.0/40335] INFO  ha.SCMNodeInfo (SCMNodeInfo.java:getPort(197)) - ConfigKey ozone.scm.datanode.address is deprecated, For configuring different ports for each SCM use PortConfigKey ozone.scm.datanode.port appended with serviceId and nodeId
2022-08-14 01:44:34,000 [Listener at 0.0.0.0/40335] INFO  ha.SCMNodeInfo (SCMNodeInfo.java:getPort(197)) - ConfigKey ozone.scm.client.address is deprecated, For configuring different ports for each SCM use PortConfigKey ozone.scm.client.port appended with serviceId and nodeId
2022-08-14 01:44:34,000 [Listener at 0.0.0.0/40335] INFO  ha.SCMNodeInfo (SCMNodeInfo.java:getPort(197)) - ConfigKey ozone.scm.block.client.address is deprecated, For configuring different ports for each SCM use PortConfigKey ozone.scm.block.client.port appended with serviceId and nodeId
2022-08-14 01:44:34,000 [Listener at 0.0.0.0/40335] INFO  ha.SCMNodeInfo (SCMNodeInfo.java:getPort(197)) - ConfigKey ozone.scm.datanode.address is deprecated, For configuring different ports for each SCM use PortConfigKey ozone.scm.datanode.port appended with serviceId and nodeId
2022-08-14 01:44:34,000 [Listener at 0.0.0.0/40335] INFO  ha.SCMNodeInfo (SCMNodeInfo.java:getPort(197)) - ConfigKey ozone.scm.client.address is deprecated, For configuring different ports for each SCM use PortConfigKey ozone.scm.client.port appended with serviceId and nodeId
2022-08-14 01:44:34,000 [Listener at 0.0.0.0/40335] INFO  ha.SCMNodeInfo (SCMNodeInfo.java:getPort(197)) - ConfigKey ozone.scm.block.client.address is deprecated, For configuring different ports for each SCM use PortConfigKey ozone.scm.block.client.port appended with serviceId and nodeId
2022-08-14 01:44:34,001 [Listener at 0.0.0.0/40335] INFO  ha.SCMNodeInfo (SCMNodeInfo.java:getPort(197)) - ConfigKey ozone.scm.datanode.address is deprecated, For configuring different ports for each SCM use PortConfigKey ozone.scm.datanode.port appended with serviceId and nodeId
2022-08-14 01:44:34,001 [Listener at 0.0.0.0/40335] INFO  proxy.SCMBlockLocationFailoverProxyProvider (SCMBlockLocationFailoverProxyProvider.java:<init>(114)) - Created block location fail-over proxy with 3 nodes: [nodeId=scmNode-2,nodeAddress=/127.0.0.1:34007, nodeId=scmNode-3,nodeAddress=/127.0.0.1:44855, nodeId=scmNode-1,nodeAddress=/127.0.0.1:39797]
OM initialization succeeded.Current cluster id for sd=/home/runner/work/ozone/ozone/hadoop-ozone/integration-test/target/test-dir/MiniOzoneClusterImpl-8ae01b46-865b-4b2e-8bfc-774eabe7d98c/omNode-1/om;cid=8ae01b46-865b-4b2e-8bfc-774eabe7d98c;layoutVersion=3
2022-08-14 01:44:34,012 [Listener at 0.0.0.0/40335] INFO  ha.OMHANodeDetails (OMHANodeDetails.java:loadOMHAConfig(121)) - ServiceID for OzoneManager is omServiceId1
2022-08-14 01:44:34,013 [Listener at 0.0.0.0/40335] INFO  ha.OMHANodeDetails (OMHANodeDetails.java:loadOMHAConfig(201)) - Found matching OM address with OMServiceId: omServiceId1, OMNodeId: omNode-1, RPC Address: localhost:40583 and Ratis port: 33957
2022-08-14 01:44:34,013 [Listener at 0.0.0.0/40335] INFO  ha.OMHANodeDetails (ConfUtils.java:setNodeSpecificConfigs(97)) - Setting configuration key ozone.om.http-address with value of key ozone.om.http-address.omServiceId1.omNode-1: 127.0.0.1:37847
2022-08-14 01:44:34,013 [Listener at 0.0.0.0/40335] INFO  ha.OMHANodeDetails (ConfUtils.java:setNodeSpecificConfigs(97)) - Setting configuration key ozone.om.https-address with value of key ozone.om.https-address.omServiceId1.omNode-1: 127.0.0.1:37553
2022-08-14 01:44:34,013 [Listener at 0.0.0.0/40335] INFO  ha.OMHANodeDetails (ConfUtils.java:setNodeSpecificConfigs(97)) - Setting configuration key ozone.om.address with value of key ozone.om.address.omServiceId1.omNode-1: 127.0.0.1:40583
2022-08-14 01:44:34,013 [Listener at 0.0.0.0/40335] WARN  server.ServerUtils (ServerUtils.java:getDBPath(225)) - ozone.om.db.dirs is not configured. We recommend adding this setting. Falling back to ozone.metadata.dirs instead.
2022-08-14 01:44:34,015 [Listener at 0.0.0.0/40335] INFO  upgrade.AbstractLayoutVersionManager (AbstractLayoutVersionManager.java:init(83)) - Initializing Layout version manager with metadata layout = MULTITENANCY_SCHEMA (version = 3), software layout = MULTITENANCY_SCHEMA (version = 3)
2022-08-14 01:44:34,116 [Listener at 0.0.0.0/40335] INFO  reflections.Reflections (Reflections.java:scan(232)) - Reflections took 92 ms to scan 2 urls, producing 153 keys and 427 values [using 2 cores]
2022-08-14 01:44:34,122 [Listener at 0.0.0.0/40335] INFO  upgrade.OMLayoutVersionManager (OMLayoutVersionManager.java:lambda$0(115)) - Skipping Upgrade Action MockOmUpgradeAction since it has been finalized.
2022-08-14 01:44:34,123 [Listener at 0.0.0.0/40335] WARN  server.ServerUtils (ServerUtils.java:getDBPath(225)) - ozone.om.db.dirs is not configured. We recommend adding this setting. Falling back to ozone.metadata.dirs instead.
2022-08-14 01:44:34,139 [Listener at 0.0.0.0/40335] INFO  ha.SCMNodeInfo (SCMNodeInfo.java:getPort(197)) - ConfigKey ozone.scm.client.address is deprecated, For configuring different ports for each SCM use PortConfigKey ozone.scm.client.port appended with serviceId and nodeId
2022-08-14 01:44:34,139 [Listener at 0.0.0.0/40335] INFO  ha.SCMNodeInfo (SCMNodeInfo.java:getPort(197)) - ConfigKey ozone.scm.block.client.address is deprecated, For configuring different ports for each SCM use PortConfigKey ozone.scm.block.client.port appended with serviceId and nodeId
2022-08-14 01:44:34,139 [Listener at 0.0.0.0/40335] INFO  ha.SCMNodeInfo (SCMNodeInfo.java:getPort(197)) - ConfigKey ozone.scm.datanode.address is deprecated, For configuring different ports for each SCM use PortConfigKey ozone.scm.datanode.port appended with serviceId and nodeId
2022-08-14 01:44:34,139 [Listener at 0.0.0.0/40335] INFO  ha.SCMNodeInfo (SCMNodeInfo.java:getPort(197)) - ConfigKey ozone.scm.client.address is deprecated, For configuring different ports for each SCM use PortConfigKey ozone.scm.client.port appended with serviceId and nodeId
2022-08-14 01:44:34,139 [Listener at 0.0.0.0/40335] INFO  ha.SCMNodeInfo (SCMNodeInfo.java:getPort(197)) - ConfigKey ozone.scm.block.client.address is deprecated, For configuring different ports for each SCM use PortConfigKey ozone.scm.block.client.port appended with serviceId and nodeId
2022-08-14 01:44:34,139 [Listener at 0.0.0.0/40335] INFO  ha.SCMNodeInfo (SCMNodeInfo.java:getPort(197)) - ConfigKey ozone.scm.datanode.address is deprecated, For configuring different ports for each SCM use PortConfigKey ozone.scm.datanode.port appended with serviceId and nodeId
2022-08-14 01:44:34,139 [Listener at 0.0.0.0/40335] INFO  ha.SCMNodeInfo (SCMNodeInfo.java:getPort(197)) - ConfigKey ozone.scm.client.address is deprecated, For configuring different ports for each SCM use PortConfigKey ozone.scm.client.port appended with serviceId and nodeId
2022-08-14 01:44:34,139 [Listener at 0.0.0.0/40335] INFO  ha.SCMNodeInfo (SCMNodeInfo.java:getPort(197)) - ConfigKey ozone.scm.block.client.address is deprecated, For configuring different ports for each SCM use PortConfigKey ozone.scm.block.client.port appended with serviceId and nodeId
2022-08-14 01:44:34,139 [Listener at 0.0.0.0/40335] INFO  ha.SCMNodeInfo (SCMNodeInfo.java:getPort(197)) - ConfigKey ozone.scm.datanode.address is deprecated, For configuring different ports for each SCM use PortConfigKey ozone.scm.datanode.port appended with serviceId and nodeId
2022-08-14 01:44:34,317 [Listener at 0.0.0.0/40335] INFO  ha.SCMNodeInfo (SCMNodeInfo.java:getPort(197)) - ConfigKey ozone.scm.client.address is deprecated, For configuring different ports for each SCM use PortConfigKey ozone.scm.client.port appended with serviceId and nodeId
2022-08-14 01:44:34,318 [Listener at 0.0.0.0/40335] INFO  ha.SCMNodeInfo (SCMNodeInfo.java:getPort(197)) - ConfigKey ozone.scm.block.client.address is deprecated, For configuring different ports for each SCM use PortConfigKey ozone.scm.block.client.port appended with serviceId and nodeId
2022-08-14 01:44:34,318 [Listener at 0.0.0.0/40335] INFO  ha.SCMNodeInfo (SCMNodeInfo.java:getPort(197)) - ConfigKey ozone.scm.datanode.address is deprecated, For configuring different ports for each SCM use PortConfigKey ozone.scm.datanode.port appended with serviceId and nodeId
2022-08-14 01:44:34,318 [Listener at 0.0.0.0/40335] INFO  ha.SCMNodeInfo (SCMNodeInfo.java:getPort(197)) - ConfigKey ozone.scm.client.address is deprecated, For configuring different ports for each SCM use PortConfigKey ozone.scm.client.port appended with serviceId and nodeId
2022-08-14 01:44:34,319 [Listener at 0.0.0.0/40335] INFO  ha.SCMNodeInfo (SCMNodeInfo.java:getPort(197)) - ConfigKey ozone.scm.block.client.address is deprecated, For configuring different ports for each SCM use PortConfigKey ozone.scm.block.client.port appended with serviceId and nodeId
2022-08-14 01:44:34,319 [Listener at 0.0.0.0/40335] INFO  ha.SCMNodeInfo (SCMNodeInfo.java:getPort(197)) - ConfigKey ozone.scm.datanode.address is deprecated, For configuring different ports for each SCM use PortConfigKey ozone.scm.datanode.port appended with serviceId and nodeId
2022-08-14 01:44:34,319 [Listener at 0.0.0.0/40335] INFO  ha.SCMNodeInfo (SCMNodeInfo.java:getPort(197)) - ConfigKey ozone.scm.client.address is deprecated, For configuring different ports for each SCM use PortConfigKey ozone.scm.client.port appended with serviceId and nodeId
2022-08-14 01:44:34,319 [Listener at 0.0.0.0/40335] INFO  ha.SCMNodeInfo (SCMNodeInfo.java:getPort(197)) - ConfigKey ozone.scm.block.client.address is deprecated, For configuring different ports for each SCM use PortConfigKey ozone.scm.block.client.port appended with serviceId and nodeId
2022-08-14 01:44:34,319 [Listener at 0.0.0.0/40335] INFO  ha.SCMNodeInfo (SCMNodeInfo.java:getPort(197)) - ConfigKey ozone.scm.datanode.address is deprecated, For configuring different ports for each SCM use PortConfigKey ozone.scm.datanode.port appended with serviceId and nodeId
2022-08-14 01:44:34,320 [Listener at 0.0.0.0/40335] INFO  proxy.SCMBlockLocationFailoverProxyProvider (SCMBlockLocationFailoverProxyProvider.java:<init>(114)) - Created block location fail-over proxy with 3 nodes: [nodeId=scmNode-2,nodeAddress=/127.0.0.1:34007, nodeId=scmNode-3,nodeAddress=/127.0.0.1:44855, nodeId=scmNode-1,nodeAddress=/127.0.0.1:39797]
2022-08-14 01:44:34,322 [Listener at 0.0.0.0/40335] INFO  ha.SCMNodeInfo (SCMNodeInfo.java:getPort(197)) - ConfigKey ozone.scm.client.address is deprecated, For configuring different ports for each SCM use PortConfigKey ozone.scm.client.port appended with serviceId and nodeId
2022-08-14 01:44:34,323 [Listener at 0.0.0.0/40335] INFO  ha.SCMNodeInfo (SCMNodeInfo.java:getPort(197)) - ConfigKey ozone.scm.block.client.address is deprecated, For configuring different ports for each SCM use PortConfigKey ozone.scm.block.client.port appended with serviceId and nodeId
2022-08-14 01:44:34,323 [Listener at 0.0.0.0/40335] INFO  ha.SCMNodeInfo (SCMNodeInfo.java:getPort(197)) - ConfigKey ozone.scm.datanode.address is deprecated, For configuring different ports for each SCM use PortConfigKey ozone.scm.datanode.port appended with serviceId and nodeId
2022-08-14 01:44:34,323 [Listener at 0.0.0.0/40335] INFO  ha.SCMNodeInfo (SCMNodeInfo.java:getPort(197)) - ConfigKey ozone.scm.client.address is deprecated, For configuring different ports for each SCM use PortConfigKey ozone.scm.client.port appended with serviceId and nodeId
2022-08-14 01:44:34,323 [Listener at 0.0.0.0/40335] INFO  ha.SCMNodeInfo (SCMNodeInfo.java:getPort(197)) - ConfigKey ozone.scm.block.client.address is deprecated, For configuring different ports for each SCM use PortConfigKey ozone.scm.block.client.port appended with serviceId and nodeId
2022-08-14 01:44:34,323 [Listener at 0.0.0.0/40335] INFO  ha.SCMNodeInfo (SCMNodeInfo.java:getPort(197)) - ConfigKey ozone.scm.datanode.address is deprecated, For configuring different ports for each SCM use PortConfigKey ozone.scm.datanode.port appended with serviceId and nodeId
2022-08-14 01:44:34,323 [Listener at 0.0.0.0/40335] INFO  ha.SCMNodeInfo (SCMNodeInfo.java:getPort(197)) - ConfigKey ozone.scm.client.address is deprecated, For configuring different ports for each SCM use PortConfigKey ozone.scm.client.port appended with serviceId and nodeId
2022-08-14 01:44:34,323 [Listener at 0.0.0.0/40335] INFO  ha.SCMNodeInfo (SCMNodeInfo.java:getPort(197)) - ConfigKey ozone.scm.block.client.address is deprecated, For configuring different ports for each SCM use PortConfigKey ozone.scm.block.client.port appended with serviceId and nodeId
2022-08-14 01:44:34,323 [Listener at 0.0.0.0/40335] INFO  ha.SCMNodeInfo (SCMNodeInfo.java:getPort(197)) - ConfigKey ozone.scm.datanode.address is deprecated, For configuring different ports for each SCM use PortConfigKey ozone.scm.datanode.port appended with serviceId and nodeId
2022-08-14 01:44:34,324 [Listener at 0.0.0.0/40335] INFO  proxy.SCMBlockLocationFailoverProxyProvider (SCMBlockLocationFailoverProxyProvider.java:<init>(114)) - Created block location fail-over proxy with 3 nodes: [nodeId=scmNode-2,nodeAddress=/127.0.0.1:34007, nodeId=scmNode-3,nodeAddress=/127.0.0.1:44855, nodeId=scmNode-1,nodeAddress=/127.0.0.1:39797]
2022-08-14 01:44:34,373 [Listener at 0.0.0.0/40335] WARN  server.ServerUtils (ServerUtils.java:getDBPath(225)) - ozone.om.db.dirs is not configured. We recommend adding this setting. Falling back to ozone.metadata.dirs instead.
2022-08-14 01:44:34,381 [Listener at 0.0.0.0/40335] INFO  codec.OmKeyInfoCodec (OmKeyInfoCodec.java:<init>(49)) - OmKeyInfoCodec ignorePipeline = true
2022-08-14 01:44:34,382 [Listener at 0.0.0.0/40335] INFO  codec.RepeatedOmKeyInfoCodec (RepeatedOmKeyInfoCodec.java:<init>(41)) - RepeatedOmKeyInfoCodec ignorePipeline = true
2022-08-14 01:44:34,597 [Listener at 0.0.0.0/40335] INFO  om.OzoneManager (OzoneManager.java:instantiateServices(697)) - S3 Multi-Tenancy is disabled
2022-08-14 01:44:34,689 [Listener at 0.0.0.0/40335] INFO  om.OzoneManager (OzoneManager.java:addS3GVolumeToDB(4308)) - Created Volume s3v With Owner runner required for S3Gateway operations.
2022-08-14 01:44:34,754 [Listener at 0.0.0.0/40335] WARN  server.ServerUtils (ServerUtils.java:getDefaultRatisDirectory(237)) - Storage directory for Ratis is not configured. It is a good idea to map this to an SSD disk. Falling back to ozone.metadata.dirs
2022-08-14 01:44:34,754 [Listener at 0.0.0.0/40335] WARN  utils.OzoneManagerRatisUtils (OzoneManagerRatisUtils.java:getOMRatisSnapshotDirectory(434)) - ozone.om.ratis.snapshot.dir is not configured. Falling back to ozone.metadata.dirs config
2022-08-14 01:44:34,760 [Listener at 0.0.0.0/40335] INFO  snapshot.OzoneManagerSnapshotProvider (OzoneManagerSnapshotProvider.java:<init>(76)) - Initializing OM Snapshot Provider
2022-08-14 01:44:34,912 [Listener at 0.0.0.0/40335] WARN  impl.MetricRegistriesImpl (MetricRegistriesImpl.java:addReporterRegistration(111)) - New reporters are added after registries were created. Some metrics will be missing from the reporter. Please add reporter before adding any new registry.
2022-08-14 01:44:34,912 [Listener at 0.0.0.0/40335] WARN  impl.MetricRegistriesImpl (MetricRegistriesImpl.java:addReporterRegistration(111)) - New reporters are added after registries were created. Some metrics will be missing from the reporter. Please add reporter before adding any new registry.
2022-08-14 01:44:34,913 [Listener at 0.0.0.0/40335] WARN  server.ServerUtils (ServerUtils.java:getDefaultRatisDirectory(237)) - Storage directory for Ratis is not configured. It is a good idea to map this to an SSD disk. Falling back to ozone.metadata.dirs
2022-08-14 01:44:34,915 [Listener at 0.0.0.0/40335] INFO  ratis.OzoneManagerRatisServer (OzoneManagerRatisServer.java:<init>(159)) - Instantiating OM Ratis server with groupID: omServiceId1 and peers: localhost:33957, localhost:41225, localhost:41305
2022-08-14 01:44:34,919 [Listener at 0.0.0.0/40335] INFO  ratis.OzoneManagerStateMachine (OzoneManagerStateMachine.java:loadSnapshotInfoFromDB(632)) - LastAppliedIndex is set from TransactionInfo from OM DB as (t:0, i:~)
2022-08-14 01:44:34,950 [Listener at 0.0.0.0/40335] INFO  server.RaftServer (ConfUtils.java:logGet(46)) - raft.rpc.type = GRPC (default)
2022-08-14 01:44:34,950 [Listener at 0.0.0.0/40335] INFO  grpc.GrpcFactory (GrpcFactory.java:checkPooledByteBufAllocatorUseCacheForAllThreads(48)) - PERFORMANCE WARNING: useCacheForAllThreads is true that may cause Netty to create a lot garbage objects and, as a result, trigger GC.
	It is recommended to disable useCacheForAllThreads by setting -Dorg.apache.ratis.thirdparty.io.netty.allocator.useCacheForAllThreads=false in command line.
2022-08-14 01:44:34,951 [Listener at 0.0.0.0/40335] INFO  grpc.GrpcConfigKeys (ConfUtils.java:logGet(46)) - raft.grpc.admin.port = -1 (default)
2022-08-14 01:44:34,951 [Listener at 0.0.0.0/40335] INFO  grpc.GrpcConfigKeys (ConfUtils.java:logGet(46)) - raft.grpc.server.port = 33957 (custom)
2022-08-14 01:44:34,951 [Listener at 0.0.0.0/40335] INFO  grpc.GrpcConfigKeys (ConfUtils.java:logGet(46)) - raft.grpc.client.port = -1 (default)
2022-08-14 01:44:34,951 [Listener at 0.0.0.0/40335] INFO  grpc.GrpcConfigKeys (ConfUtils.java:logGet(46)) - raft.grpc.server.port = 33957 (custom)
2022-08-14 01:44:34,951 [Listener at 0.0.0.0/40335] INFO  grpc.GrpcConfigKeys (ConfUtils.java:logGet(46)) - raft.grpc.server.port = 33957 (custom)
2022-08-14 01:44:34,951 [Listener at 0.0.0.0/40335] INFO  server.GrpcService (ConfUtils.java:logGet(46)) - raft.grpc.message.size.max = 33554432 (custom)
2022-08-14 01:44:34,951 [Listener at 0.0.0.0/40335] INFO  server.RaftServerConfigKeys (ConfUtils.java:logGet(46)) - raft.server.log.appender.buffer.byte-limit = 33554432 (custom)
2022-08-14 01:44:34,952 [Listener at 0.0.0.0/40335] INFO  server.GrpcService (ConfUtils.java:logGet(46)) - raft.grpc.flow.control.window = 1MB (=1048576) (default)
2022-08-14 01:44:34,952 [Listener at 0.0.0.0/40335] INFO  server.RaftServerConfigKeys (ConfUtils.java:logGet(46)) - raft.server.rpc.request.timeout = 3000ms (default)
2022-08-14 01:44:34,952 [Listener at 0.0.0.0/40335] INFO  grpc.GrpcConfigKeys (ConfUtils.java:logGet(46)) - raft.grpc.server.async.request.thread.pool.cached = true (default)
2022-08-14 01:44:34,952 [Listener at 0.0.0.0/40335] INFO  grpc.GrpcConfigKeys (ConfUtils.java:logGet(46)) - raft.grpc.server.async.request.thread.pool.size = 32 (default)
2022-08-14 01:44:34,953 [Listener at 0.0.0.0/40335] INFO  impl.DataStreamServerImpl (ConfUtils.java:logGet(46)) - raft.datastream.type = DISABLED (default)
2022-08-14 01:44:34,954 [Listener at 0.0.0.0/40335] INFO  server.RaftServerConfigKeys (ConfUtils.java:logGet(46)) - raft.server.threadpool.proxy.cached = true (default)
2022-08-14 01:44:34,954 [Listener at 0.0.0.0/40335] INFO  server.RaftServerConfigKeys (ConfUtils.java:logGet(46)) - raft.server.threadpool.proxy.size = 0 (default)
2022-08-14 01:44:34,954 [Listener at 0.0.0.0/40335] INFO  server.RaftServerConfigKeys (ConfUtils.java:logGet(46)) - raft.server.rpc.slowness.timeout = 2s (custom)
2022-08-14 01:44:34,954 [Listener at 0.0.0.0/40335] INFO  server.RaftServerConfigKeys (ConfUtils.java:logGet(46)) - raft.server.leaderelection.leader.step-down.wait-time = 10s (default)
2022-08-14 01:44:34,954 [Listener at 0.0.0.0/40335] INFO  server.RaftServerConfigKeys (ConfUtils.java:logGet(46)) - raft.server.storage.dir = [/home/runner/work/ozone/ozone/hadoop-ozone/integration-test/target/test-dir/MiniOzoneClusterImpl-8ae01b46-865b-4b2e-8bfc-774eabe7d98c/omNode-1/ratis] (custom)
2022-08-14 01:44:34,956 [Listener at 0.0.0.0/40335] INFO  server.RaftServer (RaftServerProxy.java:addNew(96)) - omNode-1: addNew group-6C22E66A003A:[omNode-3|rpc:localhost:41225|priority:0, omNode-1|rpc:localhost:33957|priority:0, omNode-2|rpc:localhost:41305|priority:0] returns group-6C22E66A003A:java.util.concurrent.CompletableFuture@5ab48fcc[Not completed]
2022-08-14 01:44:34,956 [Listener at 0.0.0.0/40335] INFO  om.OzoneManager (OzoneManager.java:initializeRatisServer(1963)) - OzoneManager Ratis server initialized at port 33957
2022-08-14 01:44:34,963 [pool-124-thread-1] INFO  server.RaftServer$Division (RaftServerImpl.java:<init>(190)) - omNode-1: new RaftServerImpl for group-6C22E66A003A:[omNode-3|rpc:localhost:41225|priority:0, omNode-1|rpc:localhost:33957|priority:0, omNode-2|rpc:localhost:41305|priority:0] with OzoneManagerStateMachine:uninitialized
2022-08-14 01:44:34,963 [pool-124-thread-1] INFO  server.RaftServerConfigKeys (ConfUtils.java:logGet(46)) - raft.server.rpc.timeout.min = 1s (custom)
2022-08-14 01:44:34,963 [pool-124-thread-1] INFO  server.RaftServerConfigKeys (ConfUtils.java:logGet(46)) - raft.server.rpc.timeout.max = 1200ms (custom)
2022-08-14 01:44:34,963 [pool-124-thread-1] INFO  server.RaftServerConfigKeys (ConfUtils.java:logGet(46)) - raft.server.rpc.sleep.time = 25ms (default)
2022-08-14 01:44:34,963 [pool-124-thread-1] INFO  server.RaftServerConfigKeys (ConfUtils.java:logGet(46)) - raft.server.rpc.slowness.timeout = 2s (custom)
2022-08-14 01:44:34,964 [pool-124-thread-1] INFO  server.RaftServerConfigKeys (ConfUtils.java:logGet(46)) - raft.server.leaderelection.leader.step-down.wait-time = 10s (default)
2022-08-14 01:44:34,964 [pool-124-thread-1] INFO  server.RaftServerConfigKeys (ConfUtils.java:logGet(46)) - raft.server.sleep.deviation.threshold = 300ms (default)
2022-08-14 01:44:34,964 [pool-124-thread-1] INFO  server.RaftServer$Division (ServerState.java:<init>(107)) - omNode-1@group-6C22E66A003A: ConfigurationManager, init=-1: [omNode-3|rpc:localhost:41225|priority:0, omNode-1|rpc:localhost:33957|priority:0, omNode-2|rpc:localhost:41305|priority:0], old=null, confs=<EMPTY_MAP>
2022-08-14 01:44:34,964 [pool-124-thread-1] INFO  server.RaftServerConfigKeys (ConfUtils.java:logGet(46)) - raft.server.storage.dir = [/home/runner/work/ozone/ozone/hadoop-ozone/integration-test/target/test-dir/MiniOzoneClusterImpl-8ae01b46-865b-4b2e-8bfc-774eabe7d98c/omNode-1/ratis] (custom)
2022-08-14 01:44:34,964 [pool-124-thread-1] INFO  server.RaftServerConfigKeys (ConfUtils.java:logGet(46)) - raft.server.log.corruption.policy = EXCEPTION (default)
2022-08-14 01:44:34,964 [pool-124-thread-1] INFO  server.RaftServerConfigKeys (ConfUtils.java:logGet(46)) - raft.server.storage.free-space.min = 0MB (=0) (default)
2022-08-14 01:44:34,965 [pool-124-thread-1] INFO  storage.RaftStorageDirectory (RaftStorageDirectoryImpl.java:analyzeStorage(135)) - The storage directory /home/runner/work/ozone/ozone/hadoop-ozone/integration-test/target/test-dir/MiniOzoneClusterImpl-8ae01b46-865b-4b2e-8bfc-774eabe7d98c/omNode-1/ratis/9c9825ce-8ba7-3ee6-a7c3-6c22e66a003a does not exist. Creating ...
2022-08-14 01:44:34,966 [pool-124-thread-1] INFO  storage.RaftStorageDirectory (RaftStorageDirectoryImpl.java:tryLock(230)) - Lock on /home/runner/work/ozone/ozone/hadoop-ozone/integration-test/target/test-dir/MiniOzoneClusterImpl-8ae01b46-865b-4b2e-8bfc-774eabe7d98c/omNode-1/ratis/9c9825ce-8ba7-3ee6-a7c3-6c22e66a003a/in_use.lock acquired by nodename 20746@fv-az372-557
2022-08-14 01:44:34,968 [pool-124-thread-1] INFO  storage.RaftStorage (RaftStorageImpl.java:format(89)) - Storage directory /home/runner/work/ozone/ozone/hadoop-ozone/integration-test/target/test-dir/MiniOzoneClusterImpl-8ae01b46-865b-4b2e-8bfc-774eabe7d98c/omNode-1/ratis/9c9825ce-8ba7-3ee6-a7c3-6c22e66a003a has been successfully formatted.
2022-08-14 01:44:34,968 [pool-124-thread-1] INFO  server.RaftServerConfigKeys (ConfUtils.java:logGet(46)) - raft.server.notification.no-leader.timeout = 2s (custom)
2022-08-14 01:44:34,969 [pool-124-thread-1] INFO  server.RaftServerConfigKeys (ConfUtils.java:logGet(46)) - raft.server.log.use.memory = false (default)
2022-08-14 01:44:34,969 [pool-124-thread-1] INFO  server.RaftServerConfigKeys (ConfUtils.java:logGet(46)) - raft.server.log.purge.gap = 1000000 (custom)
2022-08-14 01:44:34,969 [pool-124-thread-1] INFO  server.RaftServerConfigKeys (ConfUtils.java:logGet(46)) - raft.server.log.appender.buffer.byte-limit = 33554432 (custom)
2022-08-14 01:44:34,969 [pool-124-thread-1] INFO  server.RaftServerConfigKeys (ConfUtils.java:logGet(46)) - raft.server.log.statemachine.data.read.timeout = 1000ms (default)
2022-08-14 01:44:34,969 [pool-124-thread-1] INFO  server.RaftServerConfigKeys (ConfUtils.java:logGet(46)) - raft.server.log.segment.size.max = 4194304 (custom)
2022-08-14 01:44:34,970 [Listener at 0.0.0.0/40335] INFO  om.OzoneManager (OzoneManager.java:getRpcServer(1086)) - Creating RPC Server
2022-08-14 01:44:34,970 [pool-124-thread-1] INFO  server.RaftServerConfigKeys (ConfUtils.java:logGet(46)) - raft.server.log.segment.cache.num.max = 2 (custom)
2022-08-14 01:44:34,970 [pool-124-thread-1] INFO  server.RaftServerConfigKeys (ConfUtils.java:logGet(46)) - raft.server.log.segment.cache.size.max = 200MB (=209715200) (default)
2022-08-14 01:44:34,971 [pool-124-thread-1] INFO  segmented.SegmentedRaftLogWorker (SegmentedRaftLogWorker.java:<init>(187)) - new omNode-1@group-6C22E66A003A-SegmentedRaftLogWorker for RaftStorageImpl:Storage Directory /home/runner/work/ozone/ozone/hadoop-ozone/integration-test/target/test-dir/MiniOzoneClusterImpl-8ae01b46-865b-4b2e-8bfc-774eabe7d98c/omNode-1/ratis/9c9825ce-8ba7-3ee6-a7c3-6c22e66a003a
2022-08-14 01:44:34,971 [pool-124-thread-1] INFO  server.RaftServerConfigKeys (ConfUtils.java:logGet(46)) - raft.server.log.queue.byte-limit = 64MB (=67108864) (default)
2022-08-14 01:44:34,971 [pool-124-thread-1] INFO  server.RaftServerConfigKeys (ConfUtils.java:logGet(46)) - raft.server.log.queue.element-limit = 4096 (default)
2022-08-14 01:44:34,971 [pool-124-thread-1] INFO  server.RaftServerConfigKeys (ConfUtils.java:logGet(46)) - raft.server.log.segment.size.max = 4194304 (custom)
2022-08-14 01:44:34,971 [pool-124-thread-1] INFO  server.RaftServerConfigKeys (ConfUtils.java:logGet(46)) - raft.server.log.preallocated.size = 4194304 (custom)
2022-08-14 01:44:34,971 [pool-124-thread-1] INFO  server.RaftServerConfigKeys (ConfUtils.java:logGet(46)) - raft.server.log.force.sync.num = 128 (default)
2022-08-14 01:44:34,971 [pool-124-thread-1] INFO  server.RaftServerConfigKeys (ConfUtils.java:logGet(46)) - raft.server.log.statemachine.data.sync = true (default)
2022-08-14 01:44:34,971 [pool-124-thread-1] INFO  server.RaftServerConfigKeys (ConfUtils.java:logGet(46)) - raft.server.log.statemachine.data.sync.timeout = 10s (default)
2022-08-14 01:44:34,971 [pool-124-thread-1] INFO  server.RaftServerConfigKeys (ConfUtils.java:logGet(46)) - raft.server.log.statemachine.data.sync.timeout.retry = -1 (default)
2022-08-14 01:44:34,972 [pool-124-thread-1] INFO  server.RaftServerConfigKeys (ConfUtils.java:logGet(46)) - raft.server.log.write.buffer.size = 64KB (=65536) (default)
2022-08-14 01:44:34,972 [pool-124-thread-1] INFO  server.RaftServerConfigKeys (ConfUtils.java:logGet(46)) - raft.server.log.unsafe-flush.enabled = false (default)
2022-08-14 01:44:34,972 [pool-124-thread-1] INFO  server.RaftServerConfigKeys (ConfUtils.java:logGet(46)) - raft.server.log.statemachine.data.caching.enabled = false (default)
2022-08-14 01:44:34,973 [pool-124-thread-1] INFO  segmented.SegmentedRaftLogWorker (SegmentedRaftLogWorker.java:lambda$new$0(135)) - omNode-1@group-6C22E66A003A-SegmentedRaftLogWorker: flushIndex: setUnconditionally 0 -> -1
2022-08-14 01:44:34,973 [pool-124-thread-1] INFO  segmented.SegmentedRaftLogWorker (SegmentedRaftLogWorker.java:lambda$new$0(135)) - omNode-1@group-6C22E66A003A-SegmentedRaftLogWorker: safeCacheEvictIndex: setUnconditionally 0 -> -1
2022-08-14 01:44:34,973 [pool-124-thread-1] INFO  server.RaftServerConfigKeys (ConfUtils.java:logGet(46)) - raft.server.snapshot.auto.trigger.enabled = true (custom)
2022-08-14 01:44:34,973 [pool-124-thread-1] INFO  server.RaftServerConfigKeys (ConfUtils.java:logGet(46)) - raft.server.snapshot.auto.trigger.threshold = 400000 (default)
2022-08-14 01:44:34,973 [pool-124-thread-1] INFO  server.RaftServerConfigKeys (ConfUtils.java:logGet(46)) - raft.server.snapshot.retention.file.num = -1 (default)
2022-08-14 01:44:34,973 [pool-124-thread-1] INFO  server.RaftServerConfigKeys (ConfUtils.java:logGet(46)) - raft.server.log.purge.upto.snapshot.index = true (custom)
2022-08-14 01:44:34,973 [pool-124-thread-1] INFO  server.RaftServerConfigKeys (ConfUtils.java:logGet(46)) - raft.server.retrycache.expirytime = 300s (custom)
2022-08-14 01:44:34,973 [pool-124-thread-1] INFO  server.RaftServerConfigKeys (ConfUtils.java:logGet(46)) - raft.server.retrycache.statistics.expirytime = 100μs (default)
2022-08-14 01:44:34,974 [pool-124-thread-1] INFO  server.RaftServerConfigKeys (ConfUtils.java:logGet(46)) - raft.server.log.appender.install.snapshot.enabled = false (custom)
2022-08-14 01:44:34,975 [pool-124-thread-1] INFO  server.RaftServerConfigKeys (ConfUtils.java:logGet(46)) - raft.server.threadpool.server.cached = true (default)
2022-08-14 01:44:34,975 [pool-124-thread-1] INFO  server.RaftServerConfigKeys (ConfUtils.java:logGet(46)) - raft.server.threadpool.server.size = 0 (default)
2022-08-14 01:44:34,975 [pool-124-thread-1] INFO  server.RaftServerConfigKeys (ConfUtils.java:logGet(46)) - raft.server.threadpool.client.cached = true (default)
2022-08-14 01:44:34,975 [pool-124-thread-1] INFO  server.RaftServerConfigKeys (ConfUtils.java:logGet(46)) - raft.server.threadpool.client.size = 0 (default)
2022-08-14 01:44:35,574 [Listener at 0.0.0.0/40335] INFO  reflections.Reflections (Reflections.java:scan(232)) - Reflections took 562 ms to scan 19 urls, producing 67 keys and 4151 values [using 2 cores]
2022-08-14 01:44:35,741 [Listener at 0.0.0.0/40335] INFO  ipc.CallQueueManager (CallQueueManager.java:<init>(90)) - Using callQueue: class java.util.concurrent.LinkedBlockingQueue, queueCapacity: 2000, scheduler: class org.apache.hadoop.ipc.DefaultRpcScheduler, ipcBackoff: false.
2022-08-14 01:44:35,743 [Socket Reader #1 for port 40583] INFO  ipc.Server (Server.java:run(1265)) - Starting Socket Reader #1 for port 40583
2022-08-14 01:44:35,774 [Listener at 127.0.0.1/40583] INFO  impl.MetricsSystemImpl (MetricsSystemImpl.java:init(158)) - OzoneManager metrics system started (again)
2022-08-14 01:44:35,787 [Listener at 127.0.0.1/40583] INFO  om.OzoneManager (OzoneManager.java:start(1470)) - OzoneManager RPC server is listening at localhost/127.0.0.1:40583
2022-08-14 01:44:35,787 [Listener at 127.0.0.1/40583] INFO  ratis.OzoneManagerRatisServer (OzoneManagerRatisServer.java:start(554)) - Starting OzoneManagerRatisServer omNode-1 at port 33957
2022-08-14 01:44:35,787 [omNode-1-impl-thread1] INFO  server.RaftServer$Division (RaftServerImpl.java:start(310)) - omNode-1@group-6C22E66A003A: start as a follower, conf=-1: [omNode-3|rpc:localhost:41225|priority:0, omNode-1|rpc:localhost:33957|priority:0, omNode-2|rpc:localhost:41305|priority:0], old=null
2022-08-14 01:44:35,787 [omNode-1-impl-thread1] INFO  server.RaftServer$Division (RaftServerImpl.java:setRole(299)) - omNode-1@group-6C22E66A003A: changes role from      null to FOLLOWER at term 0 for startAsFollower
2022-08-14 01:44:35,787 [omNode-1-impl-thread1] INFO  impl.RoleInfo (RoleInfo.java:updateAndGet(139)) - omNode-1: start omNode-1@group-6C22E66A003A-FollowerState
2022-08-14 01:44:35,788 [omNode-1-impl-thread1] INFO  util.JmxRegister (JmxRegister.java:tryRegister(44)) - Successfully registered JMX Bean with object name Ratis:service=RaftServer,group=group-6C22E66A003A,id=omNode-1
2022-08-14 01:44:35,798 [Listener at 127.0.0.1/40583] INFO  server.RaftServer (RaftServerProxy.java:lambda$start$6(382)) - omNode-1: start RPC server
2022-08-14 01:44:35,802 [Listener at 127.0.0.1/40583] INFO  server.GrpcService (GrpcService.java:startImpl(260)) - omNode-1: GrpcService started, listening on 33957
2022-08-14 01:44:35,802 [Listener at 127.0.0.1/40583] INFO  om.OzoneManager (OzoneManager.java:start(1486)) - Version File has different layout version (3) than OM DB (null). That is expected if this OM has never been finalized to a newer layout version.
2022-08-14 01:44:35,804 [org.apache.ratis.util.JvmPauseMonitor$$Lambda$519/202110677@71f43bbe] INFO  util.JvmPauseMonitor (JvmPauseMonitor.java:run(103)) - JvmPauseMonitor-omNode-1: Started
2022-08-14 01:44:35,819 [Listener at 127.0.0.1/40583] INFO  http.BaseHttpServer (BaseHttpServer.java:newHttpServer2BuilderForOzone(209)) - Starting Web-server for ozoneManager at: http://0.0.0.0:37847
2022-08-14 01:44:35,819 [Listener at 127.0.0.1/40583] INFO  http.BaseHttpServer (BaseHttpServer.java:<init>(107)) - Hadoop Security Enabled: false Ozone Security Enabled: false Ozone HTTP Security Enabled: false 
2022-08-14 01:44:35,821 [Listener at 127.0.0.1/40583] INFO  server.AuthenticationFilter (AuthenticationFilter.java:constructSecretProvider(240)) - Unable to initialize FileSignerSecretProvider, falling back to use random secrets.
2022-08-14 01:44:35,823 [Listener at 127.0.0.1/40583] WARN  http.HttpRequestLog (HttpRequestLog.java:getRequestLog(103)) - Jetty request log can only be enabled using Log4j
2022-08-14 01:44:35,824 [Listener at 127.0.0.1/40583] INFO  http.HttpServer2 (HttpServer2.java:addGlobalFilter(1029)) - Added global filter 'safety' (class=org.apache.hadoop.hdds.server.http.HttpServer2$QuotingInputFilter)
2022-08-14 01:44:35,825 [Listener at 127.0.0.1/40583] INFO  http.HttpServer2 (HttpServer2.java:addFilter(1005)) - Added filter static_user_filter (class=org.apache.hadoop.http.lib.StaticUserWebFilter$StaticUserFilter) to context ozoneManager
2022-08-14 01:44:35,825 [Listener at 127.0.0.1/40583] INFO  http.HttpServer2 (HttpServer2.java:addFilter(1013)) - Added filter static_user_filter (class=org.apache.hadoop.http.lib.StaticUserWebFilter$StaticUserFilter) to context static
2022-08-14 01:44:35,825 [Listener at 127.0.0.1/40583] INFO  http.HttpServer2 (HttpServer2.java:addFilter(1013)) - Added filter static_user_filter (class=org.apache.hadoop.http.lib.StaticUserWebFilter$StaticUserFilter) to context logs
2022-08-14 01:44:35,827 [Listener at 127.0.0.1/40583] INFO  http.HttpServer2 (HttpServer2.java:bindListener(1248)) - Jetty bound to port 37847
2022-08-14 01:44:35,827 [Listener at 127.0.0.1/40583] INFO  server.Server (Server.java:doStart(375)) - jetty-9.4.43.v20210629; built: 2021-06-30T11:07:22.254Z; git: 526006ecfa3af7f1a27ef3a288e2bef7ea9dd7e8; jvm 1.8.0_332-b09
2022-08-14 01:44:35,830 [Listener at 127.0.0.1/40583] INFO  server.session (DefaultSessionIdManager.java:doStart(334)) - DefaultSessionIdManager workerName=node0
2022-08-14 01:44:35,830 [Listener at 127.0.0.1/40583] INFO  server.session (DefaultSessionIdManager.java:doStart(339)) - No SessionScavenger set, using defaults
2022-08-14 01:44:35,830 [Listener at 127.0.0.1/40583] INFO  server.session (HouseKeeper.java:startScavenging(132)) - node0 Scavenging every 660000ms
2022-08-14 01:44:35,833 [Listener at 127.0.0.1/40583] INFO  handler.ContextHandler (ContextHandler.java:doStart(915)) - Started o.e.j.s.ServletContextHandler@7c589086{logs,/logs,file:///home/runner/work/ozone/ozone/hadoop-ozone/integration-test/target/log,AVAILABLE}
2022-08-14 01:44:35,834 [Listener at 127.0.0.1/40583] INFO  handler.ContextHandler (ContextHandler.java:doStart(915)) - Started o.e.j.s.ServletContextHandler@f4fe092{static,/static,file:///home/runner/work/ozone/ozone/hadoop-ozone/integration-test/target/test-classes/webapps/static,AVAILABLE}
2022-08-14 01:44:35,845 [Listener at 127.0.0.1/40583] INFO  handler.ContextHandler (ContextHandler.java:doStart(915)) - Started o.e.j.w.WebAppContext@372d3c0c{ozoneManager,/,file:///home/runner/work/ozone/ozone/hadoop-ozone/integration-test/target/test-classes/webapps/ozoneManager/,AVAILABLE}{file:/home/runner/work/ozone/ozone/hadoop-ozone/integration-test/target/test-classes/webapps/ozoneManager}
2022-08-14 01:44:35,848 [Listener at 127.0.0.1/40583] INFO  server.AbstractConnector (AbstractConnector.java:doStart(331)) - Started ServerConnector@77ded163{HTTP/1.1, (http/1.1)}{0.0.0.0:37847}
2022-08-14 01:44:35,848 [Listener at 127.0.0.1/40583] INFO  server.Server (Server.java:doStart(415)) - Started @24098ms
2022-08-14 01:44:35,848 [Listener at 127.0.0.1/40583] WARN  impl.MetricsSystemImpl (MetricsSystemImpl.java:register(279)) - Sink prometheus already exists!
2022-08-14 01:44:35,849 [Listener at 127.0.0.1/40583] INFO  http.BaseHttpServer (BaseHttpServer.java:updateConnectorAddress(329)) - HTTP server of ozoneManager listening at http://0.0.0.0:37847
2022-08-14 01:44:35,849 [IPC Server Responder] INFO  ipc.Server (Server.java:run(1507)) - IPC Server Responder: starting
2022-08-14 01:44:35,850 [IPC Server listener on 40583] INFO  ipc.Server (Server.java:run(1344)) - IPC Server listener on 40583: starting
2022-08-14 01:44:35,853 [Listener at 127.0.0.1/40583] INFO  om.OzoneManager (OzoneManager.java:startTrashEmptier(1907)) - Trash Interval set to 0. Files deleted won't move to trash
2022-08-14 01:44:35,854 [Listener at 127.0.0.1/40583] INFO  ozone.MiniOzoneHAClusterImpl (MiniOzoneHAClusterImpl.java:createOMService(527)) - Started OzoneManager omNode-1 RPC server at localhost/127.0.0.1:40583
2022-08-14 01:44:35,855 [Listener at 127.0.0.1/40583] INFO  ha.OMHANodeDetails (OMHANodeDetails.java:loadOMHAConfig(121)) - ServiceID for OzoneManager is omServiceId1
2022-08-14 01:44:35,855 [Listener at 127.0.0.1/40583] INFO  ha.OMHANodeDetails (OMHANodeDetails.java:loadOMHAConfig(201)) - Found matching OM address with OMServiceId: omServiceId1, OMNodeId: omNode-2, RPC Address: localhost:33779 and Ratis port: 41305
2022-08-14 01:44:35,855 [Listener at 127.0.0.1/40583] INFO  ha.OMHANodeDetails (ConfUtils.java:setNodeSpecificConfigs(97)) - Setting configuration key ozone.om.http-address with value of key ozone.om.http-address.omServiceId1.omNode-2: 127.0.0.1:41265
2022-08-14 01:44:35,856 [Listener at 127.0.0.1/40583] INFO  ha.OMHANodeDetails (ConfUtils.java:setNodeSpecificConfigs(97)) - Setting configuration key ozone.om.https-address with value of key ozone.om.https-address.omServiceId1.omNode-2: 127.0.0.1:46455
2022-08-14 01:44:35,856 [Listener at 127.0.0.1/40583] INFO  ha.OMHANodeDetails (ConfUtils.java:setNodeSpecificConfigs(97)) - Setting configuration key ozone.om.address with value of key ozone.om.address.omServiceId1.omNode-2: 127.0.0.1:33779
2022-08-14 01:44:35,856 [Listener at 127.0.0.1/40583] WARN  server.ServerUtils (ServerUtils.java:getDBPath(225)) - ozone.om.db.dirs is not configured. We recommend adding this setting. Falling back to ozone.metadata.dirs instead.
2022-08-14 01:44:35,869 [org.apache.hadoop.util.JvmPauseMonitor$Monitor@573d20db] INFO  util.JvmPauseMonitor (JvmPauseMonitor.java:run(188)) - Starting JVM pause monitor
2022-08-14 01:44:35,869 [Listener at 127.0.0.1/40583] INFO  ha.SCMNodeInfo (SCMNodeInfo.java:getPort(197)) - ConfigKey ozone.scm.client.address is deprecated, For configuring different ports for each SCM use PortConfigKey ozone.scm.client.port appended with serviceId and nodeId
2022-08-14 01:44:35,869 [Listener at 127.0.0.1/40583] INFO  ha.SCMNodeInfo (SCMNodeInfo.java:getPort(197)) - ConfigKey ozone.scm.block.client.address is deprecated, For configuring different ports for each SCM use PortConfigKey ozone.scm.block.client.port appended with serviceId and nodeId
2022-08-14 01:44:35,869 [Listener at 127.0.0.1/40583] INFO  ha.SCMNodeInfo (SCMNodeInfo.java:getPort(197)) - ConfigKey ozone.scm.datanode.address is deprecated, For configuring different ports for each SCM use PortConfigKey ozone.scm.datanode.port appended with serviceId and nodeId
2022-08-14 01:44:35,869 [Listener at 127.0.0.1/40583] INFO  ha.SCMNodeInfo (SCMNodeInfo.java:getPort(197)) - ConfigKey ozone.scm.client.address is deprecated, For configuring different ports for each SCM use PortConfigKey ozone.scm.client.port appended with serviceId and nodeId
2022-08-14 01:44:35,872 [Listener at 127.0.0.1/40583] INFO  ha.SCMNodeInfo (SCMNodeInfo.java:getPort(197)) - ConfigKey ozone.scm.block.client.address is deprecated, For configuring different ports for each SCM use PortConfigKey ozone.scm.block.client.port appended with serviceId and nodeId
2022-08-14 01:44:35,873 [Listener at 127.0.0.1/40583] INFO  ha.SCMNodeInfo (SCMNodeInfo.java:getPort(197)) - ConfigKey ozone.scm.datanode.address is deprecated, For configuring different ports for each SCM use PortConfigKey ozone.scm.datanode.port appended with serviceId and nodeId
2022-08-14 01:44:35,873 [Listener at 127.0.0.1/40583] INFO  ha.SCMNodeInfo (SCMNodeInfo.java:getPort(197)) - ConfigKey ozone.scm.client.address is deprecated, For configuring different ports for each SCM use PortConfigKey ozone.scm.client.port appended with serviceId and nodeId
2022-08-14 01:44:35,873 [Listener at 127.0.0.1/40583] INFO  ha.SCMNodeInfo (SCMNodeInfo.java:getPort(197)) - ConfigKey ozone.scm.block.client.address is deprecated, For configuring different ports for each SCM use PortConfigKey ozone.scm.block.client.port appended with serviceId and nodeId
2022-08-14 01:44:35,873 [Listener at 127.0.0.1/40583] INFO  ha.SCMNodeInfo (SCMNodeInfo.java:getPort(197)) - ConfigKey ozone.scm.datanode.address is deprecated, For configuring different ports for each SCM use PortConfigKey ozone.scm.datanode.port appended with serviceId and nodeId
2022-08-14 01:44:35,873 [Listener at 127.0.0.1/40583] INFO  proxy.SCMBlockLocationFailoverProxyProvider (SCMBlockLocationFailoverProxyProvider.java:<init>(114)) - Created block location fail-over proxy with 3 nodes: [nodeId=scmNode-2,nodeAddress=/127.0.0.1:34007, nodeId=scmNode-3,nodeAddress=/127.0.0.1:44855, nodeId=scmNode-1,nodeAddress=/127.0.0.1:39797]
OM initialization succeeded.Current cluster id for sd=/home/runner/work/ozone/ozone/hadoop-ozone/integration-test/target/test-dir/MiniOzoneClusterImpl-8ae01b46-865b-4b2e-8bfc-774eabe7d98c/omNode-2/om;cid=8ae01b46-865b-4b2e-8bfc-774eabe7d98c;layoutVersion=3
2022-08-14 01:44:35,880 [Listener at 127.0.0.1/40583] INFO  ha.OMHANodeDetails (OMHANodeDetails.java:loadOMHAConfig(121)) - ServiceID for OzoneManager is omServiceId1
2022-08-14 01:44:35,880 [Listener at 127.0.0.1/40583] INFO  ha.OMHANodeDetails (OMHANodeDetails.java:loadOMHAConfig(201)) - Found matching OM address with OMServiceId: omServiceId1, OMNodeId: omNode-2, RPC Address: localhost:33779 and Ratis port: 41305
2022-08-14 01:44:35,880 [Listener at 127.0.0.1/40583] INFO  ha.OMHANodeDetails (ConfUtils.java:setNodeSpecificConfigs(97)) - Setting configuration key ozone.om.http-address with value of key ozone.om.http-address.omServiceId1.omNode-2: 127.0.0.1:41265
2022-08-14 01:44:35,881 [Listener at 127.0.0.1/40583] INFO  ha.OMHANodeDetails (ConfUtils.java:setNodeSpecificConfigs(97)) - Setting configuration key ozone.om.https-address with value of key ozone.om.https-address.omServiceId1.omNode-2: 127.0.0.1:46455
2022-08-14 01:44:35,881 [Listener at 127.0.0.1/40583] INFO  ha.OMHANodeDetails (ConfUtils.java:setNodeSpecificConfigs(97)) - Setting configuration key ozone.om.address with value of key ozone.om.address.omServiceId1.omNode-2: 127.0.0.1:33779
2022-08-14 01:44:35,881 [Listener at 127.0.0.1/40583] WARN  server.ServerUtils (ServerUtils.java:getDBPath(225)) - ozone.om.db.dirs is not configured. We recommend adding this setting. Falling back to ozone.metadata.dirs instead.
2022-08-14 01:44:35,881 [Listener at 127.0.0.1/40583] INFO  upgrade.AbstractLayoutVersionManager (AbstractLayoutVersionManager.java:init(83)) - Initializing Layout version manager with metadata layout = MULTITENANCY_SCHEMA (version = 3), software layout = MULTITENANCY_SCHEMA (version = 3)
2022-08-14 01:44:35,981 [Listener at 127.0.0.1/40583] INFO  reflections.Reflections (Reflections.java:scan(232)) - Reflections took 99 ms to scan 2 urls, producing 153 keys and 427 values [using 2 cores]
2022-08-14 01:44:35,981 [Listener at 127.0.0.1/40583] INFO  upgrade.OMLayoutVersionManager (OMLayoutVersionManager.java:lambda$0(115)) - Skipping Upgrade Action MockOmUpgradeAction since it has been finalized.
2022-08-14 01:44:35,981 [Listener at 127.0.0.1/40583] WARN  server.ServerUtils (ServerUtils.java:getDBPath(225)) - ozone.om.db.dirs is not configured. We recommend adding this setting. Falling back to ozone.metadata.dirs instead.
2022-08-14 01:44:35,982 [Listener at 127.0.0.1/40583] INFO  ha.SCMNodeInfo (SCMNodeInfo.java:getPort(197)) - ConfigKey ozone.scm.client.address is deprecated, For configuring different ports for each SCM use PortConfigKey ozone.scm.client.port appended with serviceId and nodeId
2022-08-14 01:44:35,982 [Listener at 127.0.0.1/40583] INFO  ha.SCMNodeInfo (SCMNodeInfo.java:getPort(197)) - ConfigKey ozone.scm.block.client.address is deprecated, For configuring different ports for each SCM use PortConfigKey ozone.scm.block.client.port appended with serviceId and nodeId
2022-08-14 01:44:35,982 [Listener at 127.0.0.1/40583] INFO  ha.SCMNodeInfo (SCMNodeInfo.java:getPort(197)) - ConfigKey ozone.scm.datanode.address is deprecated, For configuring different ports for each SCM use PortConfigKey ozone.scm.datanode.port appended with serviceId and nodeId
2022-08-14 01:44:35,982 [Listener at 127.0.0.1/40583] INFO  ha.SCMNodeInfo (SCMNodeInfo.java:getPort(197)) - ConfigKey ozone.scm.client.address is deprecated, For configuring different ports for each SCM use PortConfigKey ozone.scm.client.port appended with serviceId and nodeId
2022-08-14 01:44:35,982 [Listener at 127.0.0.1/40583] INFO  ha.SCMNodeInfo (SCMNodeInfo.java:getPort(197)) - ConfigKey ozone.scm.block.client.address is deprecated, For configuring different ports for each SCM use PortConfigKey ozone.scm.block.client.port appended with serviceId and nodeId
2022-08-14 01:44:35,982 [Listener at 127.0.0.1/40583] INFO  ha.SCMNodeInfo (SCMNodeInfo.java:getPort(197)) - ConfigKey ozone.scm.datanode.address is deprecated, For configuring different ports for each SCM use PortConfigKey ozone.scm.datanode.port appended with serviceId and nodeId
2022-08-14 01:44:35,982 [Listener at 127.0.0.1/40583] INFO  ha.SCMNodeInfo (SCMNodeInfo.java:getPort(197)) - ConfigKey ozone.scm.client.address is deprecated, For configuring different ports for each SCM use PortConfigKey ozone.scm.client.port appended with serviceId and nodeId
2022-08-14 01:44:35,982 [Listener at 127.0.0.1/40583] INFO  ha.SCMNodeInfo (SCMNodeInfo.java:getPort(197)) - ConfigKey ozone.scm.block.client.address is deprecated, For configuring different ports for each SCM use PortConfigKey ozone.scm.block.client.port appended with serviceId and nodeId
2022-08-14 01:44:35,983 [Listener at 127.0.0.1/40583] INFO  ha.SCMNodeInfo (SCMNodeInfo.java:getPort(197)) - ConfigKey ozone.scm.datanode.address is deprecated, For configuring different ports for each SCM use PortConfigKey ozone.scm.datanode.port appended with serviceId and nodeId
2022-08-14 01:44:35,983 [Listener at 127.0.0.1/40583] INFO  ha.SCMNodeInfo (SCMNodeInfo.java:getPort(197)) - ConfigKey ozone.scm.client.address is deprecated, For configuring different ports for each SCM use PortConfigKey ozone.scm.client.port appended with serviceId and nodeId
2022-08-14 01:44:35,983 [Listener at 127.0.0.1/40583] INFO  ha.SCMNodeInfo (SCMNodeInfo.java:getPort(197)) - ConfigKey ozone.scm.block.client.address is deprecated, For configuring different ports for each SCM use PortConfigKey ozone.scm.block.client.port appended with serviceId and nodeId
2022-08-14 01:44:35,983 [Listener at 127.0.0.1/40583] INFO  ha.SCMNodeInfo (SCMNodeInfo.java:getPort(197)) - ConfigKey ozone.scm.datanode.address is deprecated, For configuring different ports for each SCM use PortConfigKey ozone.scm.datanode.port appended with serviceId and nodeId
2022-08-14 01:44:35,983 [Listener at 127.0.0.1/40583] INFO  ha.SCMNodeInfo (SCMNodeInfo.java:getPort(197)) - ConfigKey ozone.scm.client.address is deprecated, For configuring different ports for each SCM use PortConfigKey ozone.scm.client.port appended with serviceId and nodeId
2022-08-14 01:44:35,983 [Listener at 127.0.0.1/40583] INFO  ha.SCMNodeInfo (SCMNodeInfo.java:getPort(197)) - ConfigKey ozone.scm.block.client.address is deprecated, For configuring different ports for each SCM use PortConfigKey ozone.scm.block.client.port appended with serviceId and nodeId
2022-08-14 01:44:35,983 [Listener at 127.0.0.1/40583] INFO  ha.SCMNodeInfo (SCMNodeInfo.java:getPort(197)) - ConfigKey ozone.scm.datanode.address is deprecated, For configuring different ports for each SCM use PortConfigKey ozone.scm.datanode.port appended with serviceId and nodeId
2022-08-14 01:44:35,984 [Listener at 127.0.0.1/40583] INFO  ha.SCMNodeInfo (SCMNodeInfo.java:getPort(197)) - ConfigKey ozone.scm.client.address is deprecated, For configuring different ports for each SCM use PortConfigKey ozone.scm.client.port appended with serviceId and nodeId
2022-08-14 01:44:35,984 [Listener at 127.0.0.1/40583] INFO  ha.SCMNodeInfo (SCMNodeInfo.java:getPort(197)) - ConfigKey ozone.scm.block.client.address is deprecated, For configuring different ports for each SCM use PortConfigKey ozone.scm.block.client.port appended with serviceId and nodeId
2022-08-14 01:44:35,984 [Listener at 127.0.0.1/40583] INFO  ha.SCMNodeInfo (SCMNodeInfo.java:getPort(197)) - ConfigKey ozone.scm.datanode.address is deprecated, For configuring different ports for each SCM use PortConfigKey ozone.scm.datanode.port appended with serviceId and nodeId
2022-08-14 01:44:35,986 [Listener at 127.0.0.1/40583] INFO  proxy.SCMBlockLocationFailoverProxyProvider (SCMBlockLocationFailoverProxyProvider.java:<init>(114)) - Created block location fail-over proxy with 3 nodes: [nodeId=scmNode-2,nodeAddress=/127.0.0.1:34007, nodeId=scmNode-3,nodeAddress=/127.0.0.1:44855, nodeId=scmNode-1,nodeAddress=/127.0.0.1:39797]
2022-08-14 01:44:35,987 [Listener at 127.0.0.1/40583] INFO  ha.SCMNodeInfo (SCMNodeInfo.java:getPort(197)) - ConfigKey ozone.scm.client.address is deprecated, For configuring different ports for each SCM use PortConfigKey ozone.scm.client.port appended with serviceId and nodeId
2022-08-14 01:44:35,987 [Listener at 127.0.0.1/40583] INFO  ha.SCMNodeInfo (SCMNodeInfo.java:getPort(197)) - ConfigKey ozone.scm.block.client.address is deprecated, For configuring different ports for each SCM use PortConfigKey ozone.scm.block.client.port appended with serviceId and nodeId
2022-08-14 01:44:35,987 [Listener at 127.0.0.1/40583] INFO  ha.SCMNodeInfo (SCMNodeInfo.java:getPort(197)) - ConfigKey ozone.scm.datanode.address is deprecated, For configuring different ports for each SCM use PortConfigKey ozone.scm.datanode.port appended with serviceId and nodeId
2022-08-14 01:44:35,987 [Listener at 127.0.0.1/40583] INFO  ha.SCMNodeInfo (SCMNodeInfo.java:getPort(197)) - ConfigKey ozone.scm.client.address is deprecated, For configuring different ports for each SCM use PortConfigKey ozone.scm.client.port appended with serviceId and nodeId
2022-08-14 01:44:35,988 [Listener at 127.0.0.1/40583] INFO  ha.SCMNodeInfo (SCMNodeInfo.java:getPort(197)) - ConfigKey ozone.scm.block.client.address is deprecated, For configuring different ports for each SCM use PortConfigKey ozone.scm.block.client.port appended with serviceId and nodeId
2022-08-14 01:44:35,988 [Listener at 127.0.0.1/40583] INFO  ha.SCMNodeInfo (SCMNodeInfo.java:getPort(197)) - ConfigKey ozone.scm.datanode.address is deprecated, For configuring different ports for each SCM use PortConfigKey ozone.scm.datanode.port appended with serviceId and nodeId
2022-08-14 01:44:35,988 [Listener at 127.0.0.1/40583] INFO  ha.SCMNodeInfo (SCMNodeInfo.java:getPort(197)) - ConfigKey ozone.scm.client.address is deprecated, For configuring different ports for each SCM use PortConfigKey ozone.scm.client.port appended with serviceId and nodeId
2022-08-14 01:44:35,988 [Listener at 127.0.0.1/40583] INFO  ha.SCMNodeInfo (SCMNodeInfo.java:getPort(197)) - ConfigKey ozone.scm.block.client.address is deprecated, For configuring different ports for each SCM use PortConfigKey ozone.scm.block.client.port appended with serviceId and nodeId
2022-08-14 01:44:35,989 [Listener at 127.0.0.1/40583] INFO  ha.SCMNodeInfo (SCMNodeInfo.java:getPort(197)) - ConfigKey ozone.scm.datanode.address is deprecated, For configuring different ports for each SCM use PortConfigKey ozone.scm.datanode.port appended with serviceId and nodeId
2022-08-14 01:44:35,989 [Listener at 127.0.0.1/40583] INFO  proxy.SCMBlockLocationFailoverProxyProvider (SCMBlockLocationFailoverProxyProvider.java:<init>(114)) - Created block location fail-over proxy with 3 nodes: [nodeId=scmNode-2,nodeAddress=/127.0.0.1:34007, nodeId=scmNode-3,nodeAddress=/127.0.0.1:44855, nodeId=scmNode-1,nodeAddress=/127.0.0.1:39797]
2022-08-14 01:44:36,009 [Listener at 127.0.0.1/40583] WARN  server.ServerUtils (ServerUtils.java:getDBPath(225)) - ozone.om.db.dirs is not configured. We recommend adding this setting. Falling back to ozone.metadata.dirs instead.
2022-08-14 01:44:36,010 [Listener at 127.0.0.1/40583] INFO  codec.OmKeyInfoCodec (OmKeyInfoCodec.java:<init>(49)) - OmKeyInfoCodec ignorePipeline = true
2022-08-14 01:44:36,010 [Listener at 127.0.0.1/40583] INFO  codec.RepeatedOmKeyInfoCodec (RepeatedOmKeyInfoCodec.java:<init>(41)) - RepeatedOmKeyInfoCodec ignorePipeline = true
2022-08-14 01:44:36,202 [Listener at 127.0.0.1/40583] INFO  om.OzoneManager (OzoneManager.java:instantiateServices(697)) - S3 Multi-Tenancy is disabled
2022-08-14 01:44:36,205 [Listener at 127.0.0.1/40583] INFO  om.OzoneManager (OzoneManager.java:addS3GVolumeToDB(4308)) - Created Volume s3v With Owner runner required for S3Gateway operations.
2022-08-14 01:44:36,206 [Listener at 127.0.0.1/40583] WARN  server.ServerUtils (ServerUtils.java:getDefaultRatisDirectory(237)) - Storage directory for Ratis is not configured. It is a good idea to map this to an SSD disk. Falling back to ozone.metadata.dirs
2022-08-14 01:44:36,206 [Listener at 127.0.0.1/40583] WARN  utils.OzoneManagerRatisUtils (OzoneManagerRatisUtils.java:getOMRatisSnapshotDirectory(434)) - ozone.om.ratis.snapshot.dir is not configured. Falling back to ozone.metadata.dirs config
2022-08-14 01:44:36,206 [Listener at 127.0.0.1/40583] INFO  snapshot.OzoneManagerSnapshotProvider (OzoneManagerSnapshotProvider.java:<init>(76)) - Initializing OM Snapshot Provider
2022-08-14 01:44:36,212 [Listener at 127.0.0.1/40583] WARN  impl.MetricRegistriesImpl (MetricRegistriesImpl.java:addReporterRegistration(111)) - New reporters are added after registries were created. Some metrics will be missing from the reporter. Please add reporter before adding any new registry.
2022-08-14 01:44:36,212 [Listener at 127.0.0.1/40583] WARN  impl.MetricRegistriesImpl (MetricRegistriesImpl.java:addReporterRegistration(111)) - New reporters are added after registries were created. Some metrics will be missing from the reporter. Please add reporter before adding any new registry.
2022-08-14 01:44:36,214 [Listener at 127.0.0.1/40583] WARN  server.ServerUtils (ServerUtils.java:getDefaultRatisDirectory(237)) - Storage directory for Ratis is not configured. It is a good idea to map this to an SSD disk. Falling back to ozone.metadata.dirs
2022-08-14 01:44:36,215 [Listener at 127.0.0.1/40583] INFO  ratis.OzoneManagerRatisServer (OzoneManagerRatisServer.java:<init>(159)) - Instantiating OM Ratis server with groupID: omServiceId1 and peers: localhost:41305, localhost:41225, localhost:33957
2022-08-14 01:44:36,215 [Listener at 127.0.0.1/40583] INFO  ratis.OzoneManagerStateMachine (OzoneManagerStateMachine.java:loadSnapshotInfoFromDB(632)) - LastAppliedIndex is set from TransactionInfo from OM DB as (t:0, i:~)
2022-08-14 01:44:36,216 [Listener at 127.0.0.1/40583] INFO  server.RaftServer (ConfUtils.java:logGet(46)) - raft.rpc.type = GRPC (default)
2022-08-14 01:44:36,216 [Listener at 127.0.0.1/40583] INFO  grpc.GrpcFactory (GrpcFactory.java:checkPooledByteBufAllocatorUseCacheForAllThreads(48)) - PERFORMANCE WARNING: useCacheForAllThreads is true that may cause Netty to create a lot garbage objects and, as a result, trigger GC.
	It is recommended to disable useCacheForAllThreads by setting -Dorg.apache.ratis.thirdparty.io.netty.allocator.useCacheForAllThreads=false in command line.
2022-08-14 01:44:36,216 [Listener at 127.0.0.1/40583] INFO  grpc.GrpcConfigKeys (ConfUtils.java:logGet(46)) - raft.grpc.admin.port = -1 (default)
2022-08-14 01:44:36,216 [Listener at 127.0.0.1/40583] INFO  grpc.GrpcConfigKeys (ConfUtils.java:logGet(46)) - raft.grpc.server.port = 41305 (custom)
2022-08-14 01:44:36,216 [Listener at 127.0.0.1/40583] INFO  grpc.GrpcConfigKeys (ConfUtils.java:logGet(46)) - raft.grpc.client.port = -1 (default)
2022-08-14 01:44:36,216 [Listener at 127.0.0.1/40583] INFO  grpc.GrpcConfigKeys (ConfUtils.java:logGet(46)) - raft.grpc.server.port = 41305 (custom)
2022-08-14 01:44:36,217 [Listener at 127.0.0.1/40583] INFO  grpc.GrpcConfigKeys (ConfUtils.java:logGet(46)) - raft.grpc.server.port = 41305 (custom)
2022-08-14 01:44:36,217 [Listener at 127.0.0.1/40583] INFO  server.GrpcService (ConfUtils.java:logGet(46)) - raft.grpc.message.size.max = 33554432 (custom)
2022-08-14 01:44:36,217 [Listener at 127.0.0.1/40583] INFO  server.RaftServerConfigKeys (ConfUtils.java:logGet(46)) - raft.server.log.appender.buffer.byte-limit = 33554432 (custom)
2022-08-14 01:44:36,217 [Listener at 127.0.0.1/40583] INFO  server.GrpcService (ConfUtils.java:logGet(46)) - raft.grpc.flow.control.window = 1MB (=1048576) (default)
2022-08-14 01:44:36,217 [Listener at 127.0.0.1/40583] INFO  server.RaftServerConfigKeys (ConfUtils.java:logGet(46)) - raft.server.rpc.request.timeout = 3000ms (default)
2022-08-14 01:44:36,217 [Listener at 127.0.0.1/40583] INFO  grpc.GrpcConfigKeys (ConfUtils.java:logGet(46)) - raft.grpc.server.async.request.thread.pool.cached = true (default)
2022-08-14 01:44:36,217 [Listener at 127.0.0.1/40583] INFO  grpc.GrpcConfigKeys (ConfUtils.java:logGet(46)) - raft.grpc.server.async.request.thread.pool.size = 32 (default)
2022-08-14 01:44:36,219 [Listener at 127.0.0.1/40583] INFO  impl.DataStreamServerImpl (ConfUtils.java:logGet(46)) - raft.datastream.type = DISABLED (default)
2022-08-14 01:44:36,219 [Listener at 127.0.0.1/40583] INFO  server.RaftServerConfigKeys (ConfUtils.java:logGet(46)) - raft.server.threadpool.proxy.cached = true (default)
2022-08-14 01:44:36,219 [Listener at 127.0.0.1/40583] INFO  server.RaftServerConfigKeys (ConfUtils.java:logGet(46)) - raft.server.threadpool.proxy.size = 0 (default)
2022-08-14 01:44:36,219 [Listener at 127.0.0.1/40583] INFO  server.RaftServerConfigKeys (ConfUtils.java:logGet(46)) - raft.server.rpc.slowness.timeout = 2s (custom)
2022-08-14 01:44:36,219 [Listener at 127.0.0.1/40583] INFO  server.RaftServerConfigKeys (ConfUtils.java:logGet(46)) - raft.server.leaderelection.leader.step-down.wait-time = 10s (default)
2022-08-14 01:44:36,220 [Listener at 127.0.0.1/40583] INFO  server.RaftServerConfigKeys (ConfUtils.java:logGet(46)) - raft.server.storage.dir = [/home/runner/work/ozone/ozone/hadoop-ozone/integration-test/target/test-dir/MiniOzoneClusterImpl-8ae01b46-865b-4b2e-8bfc-774eabe7d98c/omNode-2/ratis] (custom)
2022-08-14 01:44:36,220 [Listener at 127.0.0.1/40583] INFO  server.RaftServer (RaftServerProxy.java:addNew(96)) - omNode-2: addNew group-6C22E66A003A:[omNode-3|rpc:localhost:41225|priority:0, omNode-1|rpc:localhost:33957|priority:0, omNode-2|rpc:localhost:41305|priority:0] returns group-6C22E66A003A:java.util.concurrent.CompletableFuture@18b0af02[Not completed]
2022-08-14 01:44:36,220 [Listener at 127.0.0.1/40583] INFO  om.OzoneManager (OzoneManager.java:initializeRatisServer(1963)) - OzoneManager Ratis server initialized at port 41305
2022-08-14 01:44:36,222 [Listener at 127.0.0.1/40583] INFO  om.OzoneManager (OzoneManager.java:getRpcServer(1086)) - Creating RPC Server
2022-08-14 01:44:36,224 [pool-150-thread-1] INFO  server.RaftServer$Division (RaftServerImpl.java:<init>(190)) - omNode-2: new RaftServerImpl for group-6C22E66A003A:[omNode-3|rpc:localhost:41225|priority:0, omNode-1|rpc:localhost:33957|priority:0, omNode-2|rpc:localhost:41305|priority:0] with OzoneManagerStateMachine:uninitialized
2022-08-14 01:44:36,224 [pool-150-thread-1] INFO  server.RaftServerConfigKeys (ConfUtils.java:logGet(46)) - raft.server.rpc.timeout.min = 1s (custom)
2022-08-14 01:44:36,224 [pool-150-thread-1] INFO  server.RaftServerConfigKeys (ConfUtils.java:logGet(46)) - raft.server.rpc.timeout.max = 1200ms (custom)
2022-08-14 01:44:36,224 [pool-150-thread-1] INFO  server.RaftServerConfigKeys (ConfUtils.java:logGet(46)) - raft.server.rpc.sleep.time = 25ms (default)
2022-08-14 01:44:36,224 [pool-150-thread-1] INFO  server.RaftServerConfigKeys (ConfUtils.java:logGet(46)) - raft.server.rpc.slowness.timeout = 2s (custom)
2022-08-14 01:44:36,224 [pool-150-thread-1] INFO  server.RaftServerConfigKeys (ConfUtils.java:logGet(46)) - raft.server.leaderelection.leader.step-down.wait-time = 10s (default)
2022-08-14 01:44:36,224 [pool-150-thread-1] INFO  server.RaftServerConfigKeys (ConfUtils.java:logGet(46)) - raft.server.sleep.deviation.threshold = 300ms (default)
2022-08-14 01:44:36,225 [pool-150-thread-1] INFO  server.RaftServer$Division (ServerState.java:<init>(107)) - omNode-2@group-6C22E66A003A: ConfigurationManager, init=-1: [omNode-3|rpc:localhost:41225|priority:0, omNode-1|rpc:localhost:33957|priority:0, omNode-2|rpc:localhost:41305|priority:0], old=null, confs=<EMPTY_MAP>
2022-08-14 01:44:36,225 [pool-150-thread-1] INFO  server.RaftServerConfigKeys (ConfUtils.java:logGet(46)) - raft.server.storage.dir = [/home/runner/work/ozone/ozone/hadoop-ozone/integration-test/target/test-dir/MiniOzoneClusterImpl-8ae01b46-865b-4b2e-8bfc-774eabe7d98c/omNode-2/ratis] (custom)
2022-08-14 01:44:36,225 [pool-150-thread-1] INFO  server.RaftServerConfigKeys (ConfUtils.java:logGet(46)) - raft.server.log.corruption.policy = EXCEPTION (default)
2022-08-14 01:44:36,225 [pool-150-thread-1] INFO  server.RaftServerConfigKeys (ConfUtils.java:logGet(46)) - raft.server.storage.free-space.min = 0MB (=0) (default)
2022-08-14 01:44:36,225 [pool-150-thread-1] INFO  storage.RaftStorageDirectory (RaftStorageDirectoryImpl.java:analyzeStorage(135)) - The storage directory /home/runner/work/ozone/ozone/hadoop-ozone/integration-test/target/test-dir/MiniOzoneClusterImpl-8ae01b46-865b-4b2e-8bfc-774eabe7d98c/omNode-2/ratis/9c9825ce-8ba7-3ee6-a7c3-6c22e66a003a does not exist. Creating ...
2022-08-14 01:44:36,227 [pool-150-thread-1] INFO  storage.RaftStorageDirectory (RaftStorageDirectoryImpl.java:tryLock(230)) - Lock on /home/runner/work/ozone/ozone/hadoop-ozone/integration-test/target/test-dir/MiniOzoneClusterImpl-8ae01b46-865b-4b2e-8bfc-774eabe7d98c/omNode-2/ratis/9c9825ce-8ba7-3ee6-a7c3-6c22e66a003a/in_use.lock acquired by nodename 20746@fv-az372-557
2022-08-14 01:44:36,230 [pool-150-thread-1] INFO  storage.RaftStorage (RaftStorageImpl.java:format(89)) - Storage directory /home/runner/work/ozone/ozone/hadoop-ozone/integration-test/target/test-dir/MiniOzoneClusterImpl-8ae01b46-865b-4b2e-8bfc-774eabe7d98c/omNode-2/ratis/9c9825ce-8ba7-3ee6-a7c3-6c22e66a003a has been successfully formatted.
2022-08-14 01:44:36,230 [pool-150-thread-1] INFO  server.RaftServerConfigKeys (ConfUtils.java:logGet(46)) - raft.server.notification.no-leader.timeout = 2s (custom)
2022-08-14 01:44:36,230 [pool-150-thread-1] INFO  server.RaftServerConfigKeys (ConfUtils.java:logGet(46)) - raft.server.log.use.memory = false (default)
2022-08-14 01:44:36,230 [pool-150-thread-1] INFO  server.RaftServerConfigKeys (ConfUtils.java:logGet(46)) - raft.server.log.purge.gap = 1000000 (custom)
2022-08-14 01:44:36,230 [pool-150-thread-1] INFO  server.RaftServerConfigKeys (ConfUtils.java:logGet(46)) - raft.server.log.appender.buffer.byte-limit = 33554432 (custom)
2022-08-14 01:44:36,230 [pool-150-thread-1] INFO  server.RaftServerConfigKeys (ConfUtils.java:logGet(46)) - raft.server.log.statemachine.data.read.timeout = 1000ms (default)
2022-08-14 01:44:36,231 [pool-150-thread-1] INFO  server.RaftServerConfigKeys (ConfUtils.java:logGet(46)) - raft.server.log.segment.size.max = 4194304 (custom)
2022-08-14 01:44:36,232 [pool-150-thread-1] INFO  server.RaftServerConfigKeys (ConfUtils.java:logGet(46)) - raft.server.log.segment.cache.num.max = 2 (custom)
2022-08-14 01:44:36,232 [pool-150-thread-1] INFO  server.RaftServerConfigKeys (ConfUtils.java:logGet(46)) - raft.server.log.segment.cache.size.max = 200MB (=209715200) (default)
2022-08-14 01:44:36,232 [pool-150-thread-1] INFO  segmented.SegmentedRaftLogWorker (SegmentedRaftLogWorker.java:<init>(187)) - new omNode-2@group-6C22E66A003A-SegmentedRaftLogWorker for RaftStorageImpl:Storage Directory /home/runner/work/ozone/ozone/hadoop-ozone/integration-test/target/test-dir/MiniOzoneClusterImpl-8ae01b46-865b-4b2e-8bfc-774eabe7d98c/omNode-2/ratis/9c9825ce-8ba7-3ee6-a7c3-6c22e66a003a
2022-08-14 01:44:36,232 [pool-150-thread-1] INFO  server.RaftServerConfigKeys (ConfUtils.java:logGet(46)) - raft.server.log.queue.byte-limit = 64MB (=67108864) (default)
2022-08-14 01:44:36,232 [pool-150-thread-1] INFO  server.RaftServerConfigKeys (ConfUtils.java:logGet(46)) - raft.server.log.queue.element-limit = 4096 (default)
2022-08-14 01:44:36,232 [pool-150-thread-1] INFO  server.RaftServerConfigKeys (ConfUtils.java:logGet(46)) - raft.server.log.segment.size.max = 4194304 (custom)
2022-08-14 01:44:36,233 [pool-150-thread-1] INFO  server.RaftServerConfigKeys (ConfUtils.java:logGet(46)) - raft.server.log.preallocated.size = 4194304 (custom)
2022-08-14 01:44:36,233 [pool-150-thread-1] INFO  server.RaftServerConfigKeys (ConfUtils.java:logGet(46)) - raft.server.log.force.sync.num = 128 (default)
2022-08-14 01:44:36,233 [pool-150-thread-1] INFO  server.RaftServerConfigKeys (ConfUtils.java:logGet(46)) - raft.server.log.statemachine.data.sync = true (default)
2022-08-14 01:44:36,241 [pool-150-thread-1] INFO  server.RaftServerConfigKeys (ConfUtils.java:logGet(46)) - raft.server.log.statemachine.data.sync.timeout = 10s (default)
2022-08-14 01:44:36,241 [pool-150-thread-1] INFO  server.RaftServerConfigKeys (ConfUtils.java:logGet(46)) - raft.server.log.statemachine.data.sync.timeout.retry = -1 (default)
2022-08-14 01:44:36,247 [pool-150-thread-1] INFO  server.RaftServerConfigKeys (ConfUtils.java:logGet(46)) - raft.server.log.write.buffer.size = 64KB (=65536) (default)
2022-08-14 01:44:36,247 [pool-150-thread-1] INFO  server.RaftServerConfigKeys (ConfUtils.java:logGet(46)) - raft.server.log.unsafe-flush.enabled = false (default)
2022-08-14 01:44:36,247 [pool-150-thread-1] INFO  server.RaftServerConfigKeys (ConfUtils.java:logGet(46)) - raft.server.log.statemachine.data.caching.enabled = false (default)
2022-08-14 01:44:36,248 [pool-150-thread-1] INFO  segmented.SegmentedRaftLogWorker (SegmentedRaftLogWorker.java:lambda$new$0(135)) - omNode-2@group-6C22E66A003A-SegmentedRaftLogWorker: flushIndex: setUnconditionally 0 -> -1
2022-08-14 01:44:36,248 [pool-150-thread-1] INFO  segmented.SegmentedRaftLogWorker (SegmentedRaftLogWorker.java:lambda$new$0(135)) - omNode-2@group-6C22E66A003A-SegmentedRaftLogWorker: safeCacheEvictIndex: setUnconditionally 0 -> -1
2022-08-14 01:44:36,268 [pool-150-thread-1] INFO  server.RaftServerConfigKeys (ConfUtils.java:logGet(46)) - raft.server.snapshot.auto.trigger.enabled = true (custom)
2022-08-14 01:44:36,268 [pool-150-thread-1] INFO  server.RaftServerConfigKeys (ConfUtils.java:logGet(46)) - raft.server.snapshot.auto.trigger.threshold = 400000 (default)
2022-08-14 01:44:36,268 [pool-150-thread-1] INFO  server.RaftServerConfigKeys (ConfUtils.java:logGet(46)) - raft.server.snapshot.retention.file.num = -1 (default)
2022-08-14 01:44:36,268 [pool-150-thread-1] INFO  server.RaftServerConfigKeys (ConfUtils.java:logGet(46)) - raft.server.log.purge.upto.snapshot.index = true (custom)
2022-08-14 01:44:36,268 [pool-150-thread-1] INFO  server.RaftServerConfigKeys (ConfUtils.java:logGet(46)) - raft.server.retrycache.expirytime = 300s (custom)
2022-08-14 01:44:36,268 [pool-150-thread-1] INFO  server.RaftServerConfigKeys (ConfUtils.java:logGet(46)) - raft.server.retrycache.statistics.expirytime = 100μs (default)
2022-08-14 01:44:36,270 [pool-150-thread-1] INFO  server.RaftServerConfigKeys (ConfUtils.java:logGet(46)) - raft.server.log.appender.install.snapshot.enabled = false (custom)
2022-08-14 01:44:36,270 [pool-150-thread-1] INFO  server.RaftServerConfigKeys (ConfUtils.java:logGet(46)) - raft.server.threadpool.server.cached = true (default)
2022-08-14 01:44:36,270 [pool-150-thread-1] INFO  server.RaftServerConfigKeys (ConfUtils.java:logGet(46)) - raft.server.threadpool.server.size = 0 (default)
2022-08-14 01:44:36,270 [pool-150-thread-1] INFO  server.RaftServerConfigKeys (ConfUtils.java:logGet(46)) - raft.server.threadpool.client.cached = true (default)
2022-08-14 01:44:36,270 [pool-150-thread-1] INFO  server.RaftServerConfigKeys (ConfUtils.java:logGet(46)) - raft.server.threadpool.client.size = 0 (default)
2022-08-14 01:44:36,854 [omNode-1@group-6C22E66A003A-FollowerState] INFO  impl.FollowerState (FollowerState.java:run(143)) - omNode-1@group-6C22E66A003A-FollowerState: change to CANDIDATE, lastRpcElapsedTime:1066316500ns, electionTimeout:1056ms
2022-08-14 01:44:36,854 [omNode-1@group-6C22E66A003A-FollowerState] INFO  impl.RoleInfo (RoleInfo.java:shutdownFollowerState(110)) - omNode-1: shutdown omNode-1@group-6C22E66A003A-FollowerState
2022-08-14 01:44:36,854 [omNode-1@group-6C22E66A003A-FollowerState] INFO  server.RaftServer$Division (RaftServerImpl.java:setRole(299)) - omNode-1@group-6C22E66A003A: changes role from  FOLLOWER to CANDIDATE at term 0 for changeToCandidate
2022-08-14 01:44:36,854 [omNode-1@group-6C22E66A003A-FollowerState] INFO  server.RaftServerConfigKeys (ConfUtils.java:logGet(46)) - raft.server.leaderelection.pre-vote = false (custom)
2022-08-14 01:44:36,854 [omNode-1@group-6C22E66A003A-FollowerState] INFO  impl.RoleInfo (RoleInfo.java:updateAndGet(139)) - omNode-1: start omNode-1@group-6C22E66A003A-LeaderElection3
2022-08-14 01:44:36,885 [Listener at 127.0.0.1/40583] INFO  reflections.Reflections (Reflections.java:scan(232)) - Reflections took 662 ms to scan 19 urls, producing 67 keys and 4151 values [using 2 cores]
2022-08-14 01:44:36,888 [omNode-1@group-6C22E66A003A-LeaderElection3] INFO  impl.LeaderElection (LeaderElection.java:askForVotes(310)) - omNode-1@group-6C22E66A003A-LeaderElection3 ELECTION round 0: submit vote requests at term 1 for -1: [omNode-3|rpc:localhost:41225|priority:0, omNode-1|rpc:localhost:33957|priority:0, omNode-2|rpc:localhost:41305|priority:0], old=null
2022-08-14 01:44:36,893 [Listener at 127.0.0.1/40583] INFO  ipc.CallQueueManager (CallQueueManager.java:<init>(90)) - Using callQueue: class java.util.concurrent.LinkedBlockingQueue, queueCapacity: 2000, scheduler: class org.apache.hadoop.ipc.DefaultRpcScheduler, ipcBackoff: false.
2022-08-14 01:44:36,904 [Socket Reader #1 for port 33779] INFO  ipc.Server (Server.java:run(1265)) - Starting Socket Reader #1 for port 33779
2022-08-14 01:44:36,956 [Listener at 127.0.0.1/33779] INFO  impl.MetricsSystemImpl (MetricsSystemImpl.java:init(158)) - OzoneManager metrics system started (again)
2022-08-14 01:44:36,961 [omNode-1@group-6C22E66A003A-LeaderElection3] INFO  impl.LeaderElection (LogUtils.java:infoOrTrace(137)) - omNode-1@group-6C22E66A003A-LeaderElection3 got exception when requesting votes: java.util.concurrent.ExecutionException: org.apache.ratis.thirdparty.io.grpc.StatusRuntimeException: UNAVAILABLE: io exception
2022-08-14 01:44:36,973 [omNode-1@group-6C22E66A003A-LeaderElection3] INFO  impl.LeaderElection (LogUtils.java:infoOrTrace(137)) - omNode-1@group-6C22E66A003A-LeaderElection3 got exception when requesting votes: java.util.concurrent.ExecutionException: org.apache.ratis.thirdparty.io.grpc.StatusRuntimeException: UNAVAILABLE: io exception
2022-08-14 01:44:36,973 [omNode-1@group-6C22E66A003A-LeaderElection3] INFO  impl.LeaderElection (LeaderElection.java:logAndReturn(90)) - omNode-1@group-6C22E66A003A-LeaderElection3: ELECTION REJECTED received 0 response(s) and 2 exception(s):
2022-08-14 01:44:36,974 [omNode-1@group-6C22E66A003A-LeaderElection3] INFO  impl.LeaderElection (LogUtils.java:infoOrTrace(137)) -   Exception 0: java.util.concurrent.ExecutionException: org.apache.ratis.thirdparty.io.grpc.StatusRuntimeException: UNAVAILABLE: io exception
2022-08-14 01:44:36,974 [omNode-1@group-6C22E66A003A-LeaderElection3] INFO  impl.LeaderElection (LogUtils.java:infoOrTrace(137)) -   Exception 1: java.util.concurrent.ExecutionException: org.apache.ratis.thirdparty.io.grpc.StatusRuntimeException: UNAVAILABLE: io exception
2022-08-14 01:44:36,974 [omNode-1@group-6C22E66A003A-LeaderElection3] INFO  impl.LeaderElection (LeaderElection.java:askForVotes(312)) - omNode-1@group-6C22E66A003A-LeaderElection3 ELECTION round 0: result REJECTED
2022-08-14 01:44:36,975 [omNode-1@group-6C22E66A003A-LeaderElection3] INFO  server.RaftServer$Division (RaftServerImpl.java:setRole(299)) - omNode-1@group-6C22E66A003A: changes role from CANDIDATE to FOLLOWER at term 1 for REJECTED
2022-08-14 01:44:36,984 [omNode-1@group-6C22E66A003A-LeaderElection3] INFO  impl.RoleInfo (RoleInfo.java:shutdownLeaderElection(130)) - omNode-1: shutdown omNode-1@group-6C22E66A003A-LeaderElection3
2022-08-14 01:44:36,984 [omNode-1@group-6C22E66A003A-LeaderElection3] INFO  impl.RoleInfo (RoleInfo.java:updateAndGet(139)) - omNode-1: start omNode-1@group-6C22E66A003A-FollowerState
2022-08-14 01:44:36,993 [Listener at 127.0.0.1/33779] INFO  om.OzoneManager (OzoneManager.java:start(1470)) - OzoneManager RPC server is listening at localhost/127.0.0.1:33779
2022-08-14 01:44:36,994 [Listener at 127.0.0.1/33779] INFO  ratis.OzoneManagerRatisServer (OzoneManagerRatisServer.java:start(554)) - Starting OzoneManagerRatisServer omNode-2 at port 41305
2022-08-14 01:44:36,994 [omNode-2-impl-thread1] INFO  server.RaftServer$Division (RaftServerImpl.java:start(310)) - omNode-2@group-6C22E66A003A: start as a follower, conf=-1: [omNode-3|rpc:localhost:41225|priority:0, omNode-1|rpc:localhost:33957|priority:0, omNode-2|rpc:localhost:41305|priority:0], old=null
2022-08-14 01:44:36,994 [omNode-2-impl-thread1] INFO  server.RaftServer$Division (RaftServerImpl.java:setRole(299)) - omNode-2@group-6C22E66A003A: changes role from      null to FOLLOWER at term 0 for startAsFollower
2022-08-14 01:44:36,994 [omNode-2-impl-thread1] INFO  impl.RoleInfo (RoleInfo.java:updateAndGet(139)) - omNode-2: start omNode-2@group-6C22E66A003A-FollowerState
2022-08-14 01:44:36,995 [omNode-2-impl-thread1] INFO  util.JmxRegister (JmxRegister.java:tryRegister(44)) - Successfully registered JMX Bean with object name Ratis:service=RaftServer,group=group-6C22E66A003A,id=omNode-2
2022-08-14 01:44:37,008 [Listener at 127.0.0.1/33779] INFO  server.RaftServer (RaftServerProxy.java:lambda$start$6(382)) - omNode-2: start RPC server
2022-08-14 01:44:37,012 [Listener at 127.0.0.1/33779] INFO  server.GrpcService (GrpcService.java:startImpl(260)) - omNode-2: GrpcService started, listening on 41305
2022-08-14 01:44:37,015 [Listener at 127.0.0.1/33779] INFO  om.OzoneManager (OzoneManager.java:start(1486)) - Version File has different layout version (3) than OM DB (null). That is expected if this OM has never been finalized to a newer layout version.
2022-08-14 01:44:37,016 [org.apache.ratis.util.JvmPauseMonitor$$Lambda$519/202110677@bae3def] INFO  util.JvmPauseMonitor (JvmPauseMonitor.java:run(103)) - JvmPauseMonitor-omNode-2: Started
2022-08-14 01:44:37,033 [Listener at 127.0.0.1/33779] INFO  http.BaseHttpServer (BaseHttpServer.java:newHttpServer2BuilderForOzone(209)) - Starting Web-server for ozoneManager at: http://0.0.0.0:41265
2022-08-14 01:44:37,033 [Listener at 127.0.0.1/33779] INFO  http.BaseHttpServer (BaseHttpServer.java:<init>(107)) - Hadoop Security Enabled: false Ozone Security Enabled: false Ozone HTTP Security Enabled: false 
2022-08-14 01:44:37,034 [Listener at 127.0.0.1/33779] INFO  server.AuthenticationFilter (AuthenticationFilter.java:constructSecretProvider(240)) - Unable to initialize FileSignerSecretProvider, falling back to use random secrets.
2022-08-14 01:44:37,036 [Listener at 127.0.0.1/33779] WARN  http.HttpRequestLog (HttpRequestLog.java:getRequestLog(103)) - Jetty request log can only be enabled using Log4j
2022-08-14 01:44:37,038 [Listener at 127.0.0.1/33779] INFO  http.HttpServer2 (HttpServer2.java:addGlobalFilter(1029)) - Added global filter 'safety' (class=org.apache.hadoop.hdds.server.http.HttpServer2$QuotingInputFilter)
2022-08-14 01:44:37,039 [Listener at 127.0.0.1/33779] INFO  http.HttpServer2 (HttpServer2.java:addFilter(1005)) - Added filter static_user_filter (class=org.apache.hadoop.http.lib.StaticUserWebFilter$StaticUserFilter) to context ozoneManager
2022-08-14 01:44:37,039 [Listener at 127.0.0.1/33779] INFO  http.HttpServer2 (HttpServer2.java:addFilter(1013)) - Added filter static_user_filter (class=org.apache.hadoop.http.lib.StaticUserWebFilter$StaticUserFilter) to context static
2022-08-14 01:44:37,039 [Listener at 127.0.0.1/33779] INFO  http.HttpServer2 (HttpServer2.java:addFilter(1013)) - Added filter static_user_filter (class=org.apache.hadoop.http.lib.StaticUserWebFilter$StaticUserFilter) to context logs
2022-08-14 01:44:37,040 [Listener at 127.0.0.1/33779] INFO  http.HttpServer2 (HttpServer2.java:bindListener(1248)) - Jetty bound to port 41265
2022-08-14 01:44:37,040 [Listener at 127.0.0.1/33779] INFO  server.Server (Server.java:doStart(375)) - jetty-9.4.43.v20210629; built: 2021-06-30T11:07:22.254Z; git: 526006ecfa3af7f1a27ef3a288e2bef7ea9dd7e8; jvm 1.8.0_332-b09
2022-08-14 01:44:37,044 [Listener at 127.0.0.1/33779] INFO  server.session (DefaultSessionIdManager.java:doStart(334)) - DefaultSessionIdManager workerName=node0
2022-08-14 01:44:37,045 [Listener at 127.0.0.1/33779] INFO  server.session (DefaultSessionIdManager.java:doStart(339)) - No SessionScavenger set, using defaults
2022-08-14 01:44:37,045 [Listener at 127.0.0.1/33779] INFO  server.session (HouseKeeper.java:startScavenging(132)) - node0 Scavenging every 600000ms
2022-08-14 01:44:37,046 [Listener at 127.0.0.1/33779] INFO  handler.ContextHandler (ContextHandler.java:doStart(915)) - Started o.e.j.s.ServletContextHandler@53ccc29{logs,/logs,file:///home/runner/work/ozone/ozone/hadoop-ozone/integration-test/target/log,AVAILABLE}
2022-08-14 01:44:37,046 [Listener at 127.0.0.1/33779] INFO  handler.ContextHandler (ContextHandler.java:doStart(915)) - Started o.e.j.s.ServletContextHandler@1551cc33{static,/static,file:///home/runner/work/ozone/ozone/hadoop-ozone/integration-test/target/test-classes/webapps/static,AVAILABLE}
2022-08-14 01:44:37,050 [Listener at 127.0.0.1/33779] INFO  handler.ContextHandler (ContextHandler.java:doStart(915)) - Started o.e.j.w.WebAppContext@19ad0135{ozoneManager,/,file:///home/runner/work/ozone/ozone/hadoop-ozone/integration-test/target/test-classes/webapps/ozoneManager/,AVAILABLE}{file:/home/runner/work/ozone/ozone/hadoop-ozone/integration-test/target/test-classes/webapps/ozoneManager}
2022-08-14 01:44:37,064 [Listener at 127.0.0.1/33779] INFO  server.AbstractConnector (AbstractConnector.java:doStart(331)) - Started ServerConnector@5ca33cd9{HTTP/1.1, (http/1.1)}{0.0.0.0:41265}
2022-08-14 01:44:37,065 [Listener at 127.0.0.1/33779] INFO  server.Server (Server.java:doStart(415)) - Started @25314ms
2022-08-14 01:44:37,065 [Listener at 127.0.0.1/33779] WARN  impl.MetricsSystemImpl (MetricsSystemImpl.java:register(279)) - Sink prometheus already exists!
2022-08-14 01:44:37,066 [Listener at 127.0.0.1/33779] INFO  http.BaseHttpServer (BaseHttpServer.java:updateConnectorAddress(329)) - HTTP server of ozoneManager listening at http://0.0.0.0:41265
2022-08-14 01:44:37,066 [IPC Server Responder] INFO  ipc.Server (Server.java:run(1507)) - IPC Server Responder: starting
2022-08-14 01:44:37,066 [IPC Server listener on 33779] INFO  ipc.Server (Server.java:run(1344)) - IPC Server listener on 33779: starting
2022-08-14 01:44:37,069 [Listener at 127.0.0.1/33779] INFO  om.OzoneManager (OzoneManager.java:startTrashEmptier(1907)) - Trash Interval set to 0. Files deleted won't move to trash
2022-08-14 01:44:37,070 [Listener at 127.0.0.1/33779] INFO  ozone.MiniOzoneHAClusterImpl (MiniOzoneHAClusterImpl.java:createOMService(527)) - Started OzoneManager omNode-2 RPC server at localhost/127.0.0.1:33779
2022-08-14 01:44:37,070 [Listener at 127.0.0.1/33779] INFO  ha.OMHANodeDetails (OMHANodeDetails.java:loadOMHAConfig(121)) - ServiceID for OzoneManager is omServiceId1
2022-08-14 01:44:37,071 [Listener at 127.0.0.1/33779] INFO  ha.OMHANodeDetails (OMHANodeDetails.java:loadOMHAConfig(201)) - Found matching OM address with OMServiceId: omServiceId1, OMNodeId: omNode-3, RPC Address: localhost:45525 and Ratis port: 41225
2022-08-14 01:44:37,071 [Listener at 127.0.0.1/33779] INFO  ha.OMHANodeDetails (ConfUtils.java:setNodeSpecificConfigs(97)) - Setting configuration key ozone.om.http-address with value of key ozone.om.http-address.omServiceId1.omNode-3: 127.0.0.1:41511
2022-08-14 01:44:37,071 [Listener at 127.0.0.1/33779] INFO  ha.OMHANodeDetails (ConfUtils.java:setNodeSpecificConfigs(97)) - Setting configuration key ozone.om.https-address with value of key ozone.om.https-address.omServiceId1.omNode-3: 127.0.0.1:35425
2022-08-14 01:44:37,071 [Listener at 127.0.0.1/33779] INFO  ha.OMHANodeDetails (ConfUtils.java:setNodeSpecificConfigs(97)) - Setting configuration key ozone.om.address with value of key ozone.om.address.omServiceId1.omNode-3: 127.0.0.1:45525
2022-08-14 01:44:37,071 [Listener at 127.0.0.1/33779] WARN  server.ServerUtils (ServerUtils.java:getDBPath(225)) - ozone.om.db.dirs is not configured. We recommend adding this setting. Falling back to ozone.metadata.dirs instead.
2022-08-14 01:44:37,072 [Listener at 127.0.0.1/33779] INFO  ha.SCMNodeInfo (SCMNodeInfo.java:getPort(197)) - ConfigKey ozone.scm.client.address is deprecated, For configuring different ports for each SCM use PortConfigKey ozone.scm.client.port appended with serviceId and nodeId
2022-08-14 01:44:37,072 [Listener at 127.0.0.1/33779] INFO  ha.SCMNodeInfo (SCMNodeInfo.java:getPort(197)) - ConfigKey ozone.scm.block.client.address is deprecated, For configuring different ports for each SCM use PortConfigKey ozone.scm.block.client.port appended with serviceId and nodeId
2022-08-14 01:44:37,073 [Listener at 127.0.0.1/33779] INFO  ha.SCMNodeInfo (SCMNodeInfo.java:getPort(197)) - ConfigKey ozone.scm.datanode.address is deprecated, For configuring different ports for each SCM use PortConfigKey ozone.scm.datanode.port appended with serviceId and nodeId
2022-08-14 01:44:37,073 [Listener at 127.0.0.1/33779] INFO  ha.SCMNodeInfo (SCMNodeInfo.java:getPort(197)) - ConfigKey ozone.scm.client.address is deprecated, For configuring different ports for each SCM use PortConfigKey ozone.scm.client.port appended with serviceId and nodeId
2022-08-14 01:44:37,085 [Listener at 127.0.0.1/33779] INFO  ha.SCMNodeInfo (SCMNodeInfo.java:getPort(197)) - ConfigKey ozone.scm.block.client.address is deprecated, For configuring different ports for each SCM use PortConfigKey ozone.scm.block.client.port appended with serviceId and nodeId
2022-08-14 01:44:37,085 [Listener at 127.0.0.1/33779] INFO  ha.SCMNodeInfo (SCMNodeInfo.java:getPort(197)) - ConfigKey ozone.scm.datanode.address is deprecated, For configuring different ports for each SCM use PortConfigKey ozone.scm.datanode.port appended with serviceId and nodeId
2022-08-14 01:44:37,085 [Listener at 127.0.0.1/33779] INFO  ha.SCMNodeInfo (SCMNodeInfo.java:getPort(197)) - ConfigKey ozone.scm.client.address is deprecated, For configuring different ports for each SCM use PortConfigKey ozone.scm.client.port appended with serviceId and nodeId
2022-08-14 01:44:37,085 [Listener at 127.0.0.1/33779] INFO  ha.SCMNodeInfo (SCMNodeInfo.java:getPort(197)) - ConfigKey ozone.scm.block.client.address is deprecated, For configuring different ports for each SCM use PortConfigKey ozone.scm.block.client.port appended with serviceId and nodeId
2022-08-14 01:44:37,085 [Listener at 127.0.0.1/33779] INFO  ha.SCMNodeInfo (SCMNodeInfo.java:getPort(197)) - ConfigKey ozone.scm.datanode.address is deprecated, For configuring different ports for each SCM use PortConfigKey ozone.scm.datanode.port appended with serviceId and nodeId
2022-08-14 01:44:37,085 [Listener at 127.0.0.1/33779] INFO  proxy.SCMBlockLocationFailoverProxyProvider (SCMBlockLocationFailoverProxyProvider.java:<init>(114)) - Created block location fail-over proxy with 3 nodes: [nodeId=scmNode-2,nodeAddress=/127.0.0.1:34007, nodeId=scmNode-3,nodeAddress=/127.0.0.1:44855, nodeId=scmNode-1,nodeAddress=/127.0.0.1:39797]
2022-08-14 01:44:37,086 [org.apache.hadoop.util.JvmPauseMonitor$Monitor@7f0af4b3] INFO  util.JvmPauseMonitor (JvmPauseMonitor.java:run(188)) - Starting JVM pause monitor
OM initialization succeeded.Current cluster id for sd=/home/runner/work/ozone/ozone/hadoop-ozone/integration-test/target/test-dir/MiniOzoneClusterImpl-8ae01b46-865b-4b2e-8bfc-774eabe7d98c/omNode-3/om;cid=8ae01b46-865b-4b2e-8bfc-774eabe7d98c;layoutVersion=3
2022-08-14 01:44:37,099 [Listener at 127.0.0.1/33779] INFO  ha.OMHANodeDetails (OMHANodeDetails.java:loadOMHAConfig(121)) - ServiceID for OzoneManager is omServiceId1
2022-08-14 01:44:37,099 [Listener at 127.0.0.1/33779] INFO  ha.OMHANodeDetails (OMHANodeDetails.java:loadOMHAConfig(201)) - Found matching OM address with OMServiceId: omServiceId1, OMNodeId: omNode-3, RPC Address: localhost:45525 and Ratis port: 41225
2022-08-14 01:44:37,099 [Listener at 127.0.0.1/33779] INFO  ha.OMHANodeDetails (ConfUtils.java:setNodeSpecificConfigs(97)) - Setting configuration key ozone.om.http-address with value of key ozone.om.http-address.omServiceId1.omNode-3: 127.0.0.1:41511
2022-08-14 01:44:37,099 [Listener at 127.0.0.1/33779] INFO  ha.OMHANodeDetails (ConfUtils.java:setNodeSpecificConfigs(97)) - Setting configuration key ozone.om.https-address with value of key ozone.om.https-address.omServiceId1.omNode-3: 127.0.0.1:35425
2022-08-14 01:44:37,100 [Listener at 127.0.0.1/33779] INFO  ha.OMHANodeDetails (ConfUtils.java:setNodeSpecificConfigs(97)) - Setting configuration key ozone.om.address with value of key ozone.om.address.omServiceId1.omNode-3: 127.0.0.1:45525
2022-08-14 01:44:37,100 [Listener at 127.0.0.1/33779] WARN  server.ServerUtils (ServerUtils.java:getDBPath(225)) - ozone.om.db.dirs is not configured. We recommend adding this setting. Falling back to ozone.metadata.dirs instead.
2022-08-14 01:44:37,100 [Listener at 127.0.0.1/33779] INFO  upgrade.AbstractLayoutVersionManager (AbstractLayoutVersionManager.java:init(83)) - Initializing Layout version manager with metadata layout = MULTITENANCY_SCHEMA (version = 3), software layout = MULTITENANCY_SCHEMA (version = 3)
2022-08-14 01:44:37,189 [Listener at 127.0.0.1/33779] INFO  reflections.Reflections (Reflections.java:scan(232)) - Reflections took 88 ms to scan 2 urls, producing 153 keys and 427 values [using 2 cores]
2022-08-14 01:44:37,189 [Listener at 127.0.0.1/33779] INFO  upgrade.OMLayoutVersionManager (OMLayoutVersionManager.java:lambda$0(115)) - Skipping Upgrade Action MockOmUpgradeAction since it has been finalized.
2022-08-14 01:44:37,189 [Listener at 127.0.0.1/33779] WARN  server.ServerUtils (ServerUtils.java:getDBPath(225)) - ozone.om.db.dirs is not configured. We recommend adding this setting. Falling back to ozone.metadata.dirs instead.
2022-08-14 01:44:37,190 [Listener at 127.0.0.1/33779] INFO  ha.SCMNodeInfo (SCMNodeInfo.java:getPort(197)) - ConfigKey ozone.scm.client.address is deprecated, For configuring different ports for each SCM use PortConfigKey ozone.scm.client.port appended with serviceId and nodeId
2022-08-14 01:44:37,190 [Listener at 127.0.0.1/33779] INFO  ha.SCMNodeInfo (SCMNodeInfo.java:getPort(197)) - ConfigKey ozone.scm.block.client.address is deprecated, For configuring different ports for each SCM use PortConfigKey ozone.scm.block.client.port appended with serviceId and nodeId
2022-08-14 01:44:37,190 [Listener at 127.0.0.1/33779] INFO  ha.SCMNodeInfo (SCMNodeInfo.java:getPort(197)) - ConfigKey ozone.scm.datanode.address is deprecated, For configuring different ports for each SCM use PortConfigKey ozone.scm.datanode.port appended with serviceId and nodeId
2022-08-14 01:44:37,190 [Listener at 127.0.0.1/33779] INFO  ha.SCMNodeInfo (SCMNodeInfo.java:getPort(197)) - ConfigKey ozone.scm.client.address is deprecated, For configuring different ports for each SCM use PortConfigKey ozone.scm.client.port appended with serviceId and nodeId
2022-08-14 01:44:37,190 [Listener at 127.0.0.1/33779] INFO  ha.SCMNodeInfo (SCMNodeInfo.java:getPort(197)) - ConfigKey ozone.scm.block.client.address is deprecated, For configuring different ports for each SCM use PortConfigKey ozone.scm.block.client.port appended with serviceId and nodeId
2022-08-14 01:44:37,190 [Listener at 127.0.0.1/33779] INFO  ha.SCMNodeInfo (SCMNodeInfo.java:getPort(197)) - ConfigKey ozone.scm.datanode.address is deprecated, For configuring different ports for each SCM use PortConfigKey ozone.scm.datanode.port appended with serviceId and nodeId
2022-08-14 01:44:37,190 [Listener at 127.0.0.1/33779] INFO  ha.SCMNodeInfo (SCMNodeInfo.java:getPort(197)) - ConfigKey ozone.scm.client.address is deprecated, For configuring different ports for each SCM use PortConfigKey ozone.scm.client.port appended with serviceId and nodeId
2022-08-14 01:44:37,191 [Listener at 127.0.0.1/33779] INFO  ha.SCMNodeInfo (SCMNodeInfo.java:getPort(197)) - ConfigKey ozone.scm.block.client.address is deprecated, For configuring different ports for each SCM use PortConfigKey ozone.scm.block.client.port appended with serviceId and nodeId
2022-08-14 01:44:37,191 [Listener at 127.0.0.1/33779] INFO  ha.SCMNodeInfo (SCMNodeInfo.java:getPort(197)) - ConfigKey ozone.scm.datanode.address is deprecated, For configuring different ports for each SCM use PortConfigKey ozone.scm.datanode.port appended with serviceId and nodeId
2022-08-14 01:44:37,191 [Listener at 127.0.0.1/33779] INFO  ha.SCMNodeInfo (SCMNodeInfo.java:getPort(197)) - ConfigKey ozone.scm.client.address is deprecated, For configuring different ports for each SCM use PortConfigKey ozone.scm.client.port appended with serviceId and nodeId
2022-08-14 01:44:37,191 [Listener at 127.0.0.1/33779] INFO  ha.SCMNodeInfo (SCMNodeInfo.java:getPort(197)) - ConfigKey ozone.scm.block.client.address is deprecated, For configuring different ports for each SCM use PortConfigKey ozone.scm.block.client.port appended with serviceId and nodeId
2022-08-14 01:44:37,191 [Listener at 127.0.0.1/33779] INFO  ha.SCMNodeInfo (SCMNodeInfo.java:getPort(197)) - ConfigKey ozone.scm.datanode.address is deprecated, For configuring different ports for each SCM use PortConfigKey ozone.scm.datanode.port appended with serviceId and nodeId
2022-08-14 01:44:37,191 [Listener at 127.0.0.1/33779] INFO  ha.SCMNodeInfo (SCMNodeInfo.java:getPort(197)) - ConfigKey ozone.scm.client.address is deprecated, For configuring different ports for each SCM use PortConfigKey ozone.scm.client.port appended with serviceId and nodeId
2022-08-14 01:44:37,191 [Listener at 127.0.0.1/33779] INFO  ha.SCMNodeInfo (SCMNodeInfo.java:getPort(197)) - ConfigKey ozone.scm.block.client.address is deprecated, For configuring different ports for each SCM use PortConfigKey ozone.scm.block.client.port appended with serviceId and nodeId
2022-08-14 01:44:37,192 [Listener at 127.0.0.1/33779] INFO  ha.SCMNodeInfo (SCMNodeInfo.java:getPort(197)) - ConfigKey ozone.scm.datanode.address is deprecated, For configuring different ports for each SCM use PortConfigKey ozone.scm.datanode.port appended with serviceId and nodeId
2022-08-14 01:44:37,192 [Listener at 127.0.0.1/33779] INFO  ha.SCMNodeInfo (SCMNodeInfo.java:getPort(197)) - ConfigKey ozone.scm.client.address is deprecated, For configuring different ports for each SCM use PortConfigKey ozone.scm.client.port appended with serviceId and nodeId
2022-08-14 01:44:37,192 [Listener at 127.0.0.1/33779] INFO  ha.SCMNodeInfo (SCMNodeInfo.java:getPort(197)) - ConfigKey ozone.scm.block.client.address is deprecated, For configuring different ports for each SCM use PortConfigKey ozone.scm.block.client.port appended with serviceId and nodeId
2022-08-14 01:44:37,192 [Listener at 127.0.0.1/33779] INFO  ha.SCMNodeInfo (SCMNodeInfo.java:getPort(197)) - ConfigKey ozone.scm.datanode.address is deprecated, For configuring different ports for each SCM use PortConfigKey ozone.scm.datanode.port appended with serviceId and nodeId
2022-08-14 01:44:37,192 [Listener at 127.0.0.1/33779] INFO  proxy.SCMBlockLocationFailoverProxyProvider (SCMBlockLocationFailoverProxyProvider.java:<init>(114)) - Created block location fail-over proxy with 3 nodes: [nodeId=scmNode-2,nodeAddress=/127.0.0.1:34007, nodeId=scmNode-3,nodeAddress=/127.0.0.1:44855, nodeId=scmNode-1,nodeAddress=/127.0.0.1:39797]
2022-08-14 01:44:37,194 [Listener at 127.0.0.1/33779] INFO  ha.SCMNodeInfo (SCMNodeInfo.java:getPort(197)) - ConfigKey ozone.scm.client.address is deprecated, For configuring different ports for each SCM use PortConfigKey ozone.scm.client.port appended with serviceId and nodeId
2022-08-14 01:44:37,194 [Listener at 127.0.0.1/33779] INFO  ha.SCMNodeInfo (SCMNodeInfo.java:getPort(197)) - ConfigKey ozone.scm.block.client.address is deprecated, For configuring different ports for each SCM use PortConfigKey ozone.scm.block.client.port appended with serviceId and nodeId
2022-08-14 01:44:37,194 [Listener at 127.0.0.1/33779] INFO  ha.SCMNodeInfo (SCMNodeInfo.java:getPort(197)) - ConfigKey ozone.scm.datanode.address is deprecated, For configuring different ports for each SCM use PortConfigKey ozone.scm.datanode.port appended with serviceId and nodeId
2022-08-14 01:44:37,194 [Listener at 127.0.0.1/33779] INFO  ha.SCMNodeInfo (SCMNodeInfo.java:getPort(197)) - ConfigKey ozone.scm.client.address is deprecated, For configuring different ports for each SCM use PortConfigKey ozone.scm.client.port appended with serviceId and nodeId
2022-08-14 01:44:37,195 [Listener at 127.0.0.1/33779] INFO  ha.SCMNodeInfo (SCMNodeInfo.java:getPort(197)) - ConfigKey ozone.scm.block.client.address is deprecated, For configuring different ports for each SCM use PortConfigKey ozone.scm.block.client.port appended with serviceId and nodeId
2022-08-14 01:44:37,195 [Listener at 127.0.0.1/33779] INFO  ha.SCMNodeInfo (SCMNodeInfo.java:getPort(197)) - ConfigKey ozone.scm.datanode.address is deprecated, For configuring different ports for each SCM use PortConfigKey ozone.scm.datanode.port appended with serviceId and nodeId
2022-08-14 01:44:37,195 [Listener at 127.0.0.1/33779] INFO  ha.SCMNodeInfo (SCMNodeInfo.java:getPort(197)) - ConfigKey ozone.scm.client.address is deprecated, For configuring different ports for each SCM use PortConfigKey ozone.scm.client.port appended with serviceId and nodeId
2022-08-14 01:44:37,195 [Listener at 127.0.0.1/33779] INFO  ha.SCMNodeInfo (SCMNodeInfo.java:getPort(197)) - ConfigKey ozone.scm.block.client.address is deprecated, For configuring different ports for each SCM use PortConfigKey ozone.scm.block.client.port appended with serviceId and nodeId
2022-08-14 01:44:37,195 [Listener at 127.0.0.1/33779] INFO  ha.SCMNodeInfo (SCMNodeInfo.java:getPort(197)) - ConfigKey ozone.scm.datanode.address is deprecated, For configuring different ports for each SCM use PortConfigKey ozone.scm.datanode.port appended with serviceId and nodeId
2022-08-14 01:44:37,195 [Listener at 127.0.0.1/33779] INFO  proxy.SCMBlockLocationFailoverProxyProvider (SCMBlockLocationFailoverProxyProvider.java:<init>(114)) - Created block location fail-over proxy with 3 nodes: [nodeId=scmNode-2,nodeAddress=/127.0.0.1:34007, nodeId=scmNode-3,nodeAddress=/127.0.0.1:44855, nodeId=scmNode-1,nodeAddress=/127.0.0.1:39797]
2022-08-14 01:44:37,202 [Listener at 127.0.0.1/33779] WARN  server.ServerUtils (ServerUtils.java:getDBPath(225)) - ozone.om.db.dirs is not configured. We recommend adding this setting. Falling back to ozone.metadata.dirs instead.
2022-08-14 01:44:37,202 [Listener at 127.0.0.1/33779] INFO  codec.OmKeyInfoCodec (OmKeyInfoCodec.java:<init>(49)) - OmKeyInfoCodec ignorePipeline = true
2022-08-14 01:44:37,203 [Listener at 127.0.0.1/33779] INFO  codec.RepeatedOmKeyInfoCodec (RepeatedOmKeyInfoCodec.java:<init>(41)) - RepeatedOmKeyInfoCodec ignorePipeline = true
2022-08-14 01:44:37,401 [Listener at 127.0.0.1/33779] INFO  om.OzoneManager (OzoneManager.java:instantiateServices(697)) - S3 Multi-Tenancy is disabled
2022-08-14 01:44:37,402 [Listener at 127.0.0.1/33779] INFO  om.OzoneManager (OzoneManager.java:addS3GVolumeToDB(4308)) - Created Volume s3v With Owner runner required for S3Gateway operations.
2022-08-14 01:44:37,402 [Listener at 127.0.0.1/33779] WARN  server.ServerUtils (ServerUtils.java:getDefaultRatisDirectory(237)) - Storage directory for Ratis is not configured. It is a good idea to map this to an SSD disk. Falling back to ozone.metadata.dirs
2022-08-14 01:44:37,403 [Listener at 127.0.0.1/33779] WARN  utils.OzoneManagerRatisUtils (OzoneManagerRatisUtils.java:getOMRatisSnapshotDirectory(434)) - ozone.om.ratis.snapshot.dir is not configured. Falling back to ozone.metadata.dirs config
2022-08-14 01:44:37,403 [Listener at 127.0.0.1/33779] INFO  snapshot.OzoneManagerSnapshotProvider (OzoneManagerSnapshotProvider.java:<init>(76)) - Initializing OM Snapshot Provider
2022-08-14 01:44:37,404 [Listener at 127.0.0.1/33779] WARN  impl.MetricRegistriesImpl (MetricRegistriesImpl.java:addReporterRegistration(111)) - New reporters are added after registries were created. Some metrics will be missing from the reporter. Please add reporter before adding any new registry.
2022-08-14 01:44:37,404 [Listener at 127.0.0.1/33779] WARN  impl.MetricRegistriesImpl (MetricRegistriesImpl.java:addReporterRegistration(111)) - New reporters are added after registries were created. Some metrics will be missing from the reporter. Please add reporter before adding any new registry.
2022-08-14 01:44:37,404 [Listener at 127.0.0.1/33779] WARN  server.ServerUtils (ServerUtils.java:getDefaultRatisDirectory(237)) - Storage directory for Ratis is not configured. It is a good idea to map this to an SSD disk. Falling back to ozone.metadata.dirs
2022-08-14 01:44:37,406 [Listener at 127.0.0.1/33779] INFO  ratis.OzoneManagerRatisServer (OzoneManagerRatisServer.java:<init>(159)) - Instantiating OM Ratis server with groupID: omServiceId1 and peers: localhost:41225, localhost:33957, localhost:41305
2022-08-14 01:44:37,406 [Listener at 127.0.0.1/33779] INFO  ratis.OzoneManagerStateMachine (OzoneManagerStateMachine.java:loadSnapshotInfoFromDB(632)) - LastAppliedIndex is set from TransactionInfo from OM DB as (t:0, i:~)
2022-08-14 01:44:37,406 [Listener at 127.0.0.1/33779] INFO  server.RaftServer (ConfUtils.java:logGet(46)) - raft.rpc.type = GRPC (default)
2022-08-14 01:44:37,406 [Listener at 127.0.0.1/33779] INFO  grpc.GrpcFactory (GrpcFactory.java:checkPooledByteBufAllocatorUseCacheForAllThreads(48)) - PERFORMANCE WARNING: useCacheForAllThreads is true that may cause Netty to create a lot garbage objects and, as a result, trigger GC.
	It is recommended to disable useCacheForAllThreads by setting -Dorg.apache.ratis.thirdparty.io.netty.allocator.useCacheForAllThreads=false in command line.
2022-08-14 01:44:37,407 [Listener at 127.0.0.1/33779] INFO  grpc.GrpcConfigKeys (ConfUtils.java:logGet(46)) - raft.grpc.admin.port = -1 (default)
2022-08-14 01:44:37,407 [Listener at 127.0.0.1/33779] INFO  grpc.GrpcConfigKeys (ConfUtils.java:logGet(46)) - raft.grpc.server.port = 41225 (custom)
2022-08-14 01:44:37,407 [Listener at 127.0.0.1/33779] INFO  grpc.GrpcConfigKeys (ConfUtils.java:logGet(46)) - raft.grpc.client.port = -1 (default)
2022-08-14 01:44:37,407 [Listener at 127.0.0.1/33779] INFO  grpc.GrpcConfigKeys (ConfUtils.java:logGet(46)) - raft.grpc.server.port = 41225 (custom)
2022-08-14 01:44:37,407 [Listener at 127.0.0.1/33779] INFO  grpc.GrpcConfigKeys (ConfUtils.java:logGet(46)) - raft.grpc.server.port = 41225 (custom)
2022-08-14 01:44:37,407 [Listener at 127.0.0.1/33779] INFO  server.GrpcService (ConfUtils.java:logGet(46)) - raft.grpc.message.size.max = 33554432 (custom)
2022-08-14 01:44:37,407 [Listener at 127.0.0.1/33779] INFO  server.RaftServerConfigKeys (ConfUtils.java:logGet(46)) - raft.server.log.appender.buffer.byte-limit = 33554432 (custom)
2022-08-14 01:44:37,407 [Listener at 127.0.0.1/33779] INFO  server.GrpcService (ConfUtils.java:logGet(46)) - raft.grpc.flow.control.window = 1MB (=1048576) (default)
2022-08-14 01:44:37,407 [Listener at 127.0.0.1/33779] INFO  server.RaftServerConfigKeys (ConfUtils.java:logGet(46)) - raft.server.rpc.request.timeout = 3000ms (default)
2022-08-14 01:44:37,408 [Listener at 127.0.0.1/33779] INFO  grpc.GrpcConfigKeys (ConfUtils.java:logGet(46)) - raft.grpc.server.async.request.thread.pool.cached = true (default)
2022-08-14 01:44:37,408 [Listener at 127.0.0.1/33779] INFO  grpc.GrpcConfigKeys (ConfUtils.java:logGet(46)) - raft.grpc.server.async.request.thread.pool.size = 32 (default)
2022-08-14 01:44:37,409 [Listener at 127.0.0.1/33779] INFO  impl.DataStreamServerImpl (ConfUtils.java:logGet(46)) - raft.datastream.type = DISABLED (default)
2022-08-14 01:44:37,409 [Listener at 127.0.0.1/33779] INFO  server.RaftServerConfigKeys (ConfUtils.java:logGet(46)) - raft.server.threadpool.proxy.cached = true (default)
2022-08-14 01:44:37,409 [Listener at 127.0.0.1/33779] INFO  server.RaftServerConfigKeys (ConfUtils.java:logGet(46)) - raft.server.threadpool.proxy.size = 0 (default)
2022-08-14 01:44:37,409 [Listener at 127.0.0.1/33779] INFO  server.RaftServerConfigKeys (ConfUtils.java:logGet(46)) - raft.server.rpc.slowness.timeout = 2s (custom)
2022-08-14 01:44:37,409 [Listener at 127.0.0.1/33779] INFO  server.RaftServerConfigKeys (ConfUtils.java:logGet(46)) - raft.server.leaderelection.leader.step-down.wait-time = 10s (default)
2022-08-14 01:44:37,410 [Listener at 127.0.0.1/33779] INFO  server.RaftServerConfigKeys (ConfUtils.java:logGet(46)) - raft.server.storage.dir = [/home/runner/work/ozone/ozone/hadoop-ozone/integration-test/target/test-dir/MiniOzoneClusterImpl-8ae01b46-865b-4b2e-8bfc-774eabe7d98c/omNode-3/ratis] (custom)
2022-08-14 01:44:37,410 [Listener at 127.0.0.1/33779] INFO  server.RaftServer (RaftServerProxy.java:addNew(96)) - omNode-3: addNew group-6C22E66A003A:[omNode-3|rpc:localhost:41225|priority:0, omNode-1|rpc:localhost:33957|priority:0, omNode-2|rpc:localhost:41305|priority:0] returns group-6C22E66A003A:java.util.concurrent.CompletableFuture@5f2e62d6[Not completed]
2022-08-14 01:44:37,410 [Listener at 127.0.0.1/33779] INFO  om.OzoneManager (OzoneManager.java:initializeRatisServer(1963)) - OzoneManager Ratis server initialized at port 41225
2022-08-14 01:44:37,410 [pool-175-thread-1] INFO  server.RaftServer$Division (RaftServerImpl.java:<init>(190)) - omNode-3: new RaftServerImpl for group-6C22E66A003A:[omNode-3|rpc:localhost:41225|priority:0, omNode-1|rpc:localhost:33957|priority:0, omNode-2|rpc:localhost:41305|priority:0] with OzoneManagerStateMachine:uninitialized
2022-08-14 01:44:37,411 [pool-175-thread-1] INFO  server.RaftServerConfigKeys (ConfUtils.java:logGet(46)) - raft.server.rpc.timeout.min = 1s (custom)
2022-08-14 01:44:37,411 [pool-175-thread-1] INFO  server.RaftServerConfigKeys (ConfUtils.java:logGet(46)) - raft.server.rpc.timeout.max = 1200ms (custom)
2022-08-14 01:44:37,414 [pool-175-thread-1] INFO  server.RaftServerConfigKeys (ConfUtils.java:logGet(46)) - raft.server.rpc.sleep.time = 25ms (default)
2022-08-14 01:44:37,415 [pool-175-thread-1] INFO  server.RaftServerConfigKeys (ConfUtils.java:logGet(46)) - raft.server.rpc.slowness.timeout = 2s (custom)
2022-08-14 01:44:37,415 [pool-175-thread-1] INFO  server.RaftServerConfigKeys (ConfUtils.java:logGet(46)) - raft.server.leaderelection.leader.step-down.wait-time = 10s (default)
2022-08-14 01:44:37,415 [Listener at 127.0.0.1/33779] INFO  om.OzoneManager (OzoneManager.java:getRpcServer(1086)) - Creating RPC Server
2022-08-14 01:44:37,415 [pool-175-thread-1] INFO  server.RaftServerConfigKeys (ConfUtils.java:logGet(46)) - raft.server.sleep.deviation.threshold = 300ms (default)
2022-08-14 01:44:37,415 [pool-175-thread-1] INFO  server.RaftServer$Division (ServerState.java:<init>(107)) - omNode-3@group-6C22E66A003A: ConfigurationManager, init=-1: [omNode-3|rpc:localhost:41225|priority:0, omNode-1|rpc:localhost:33957|priority:0, omNode-2|rpc:localhost:41305|priority:0], old=null, confs=<EMPTY_MAP>
2022-08-14 01:44:37,415 [pool-175-thread-1] INFO  server.RaftServerConfigKeys (ConfUtils.java:logGet(46)) - raft.server.storage.dir = [/home/runner/work/ozone/ozone/hadoop-ozone/integration-test/target/test-dir/MiniOzoneClusterImpl-8ae01b46-865b-4b2e-8bfc-774eabe7d98c/omNode-3/ratis] (custom)
2022-08-14 01:44:37,416 [pool-175-thread-1] INFO  server.RaftServerConfigKeys (ConfUtils.java:logGet(46)) - raft.server.log.corruption.policy = EXCEPTION (default)
2022-08-14 01:44:37,416 [pool-175-thread-1] INFO  server.RaftServerConfigKeys (ConfUtils.java:logGet(46)) - raft.server.storage.free-space.min = 0MB (=0) (default)
2022-08-14 01:44:37,416 [pool-175-thread-1] INFO  storage.RaftStorageDirectory (RaftStorageDirectoryImpl.java:analyzeStorage(135)) - The storage directory /home/runner/work/ozone/ozone/hadoop-ozone/integration-test/target/test-dir/MiniOzoneClusterImpl-8ae01b46-865b-4b2e-8bfc-774eabe7d98c/omNode-3/ratis/9c9825ce-8ba7-3ee6-a7c3-6c22e66a003a does not exist. Creating ...
2022-08-14 01:44:37,417 [pool-175-thread-1] INFO  storage.RaftStorageDirectory (RaftStorageDirectoryImpl.java:tryLock(230)) - Lock on /home/runner/work/ozone/ozone/hadoop-ozone/integration-test/target/test-dir/MiniOzoneClusterImpl-8ae01b46-865b-4b2e-8bfc-774eabe7d98c/omNode-3/ratis/9c9825ce-8ba7-3ee6-a7c3-6c22e66a003a/in_use.lock acquired by nodename 20746@fv-az372-557
2022-08-14 01:44:37,419 [pool-175-thread-1] INFO  storage.RaftStorage (RaftStorageImpl.java:format(89)) - Storage directory /home/runner/work/ozone/ozone/hadoop-ozone/integration-test/target/test-dir/MiniOzoneClusterImpl-8ae01b46-865b-4b2e-8bfc-774eabe7d98c/omNode-3/ratis/9c9825ce-8ba7-3ee6-a7c3-6c22e66a003a has been successfully formatted.
2022-08-14 01:44:37,419 [pool-175-thread-1] INFO  server.RaftServerConfigKeys (ConfUtils.java:logGet(46)) - raft.server.notification.no-leader.timeout = 2s (custom)
2022-08-14 01:44:37,419 [pool-175-thread-1] INFO  server.RaftServerConfigKeys (ConfUtils.java:logGet(46)) - raft.server.log.use.memory = false (default)
2022-08-14 01:44:37,419 [pool-175-thread-1] INFO  server.RaftServerConfigKeys (ConfUtils.java:logGet(46)) - raft.server.log.purge.gap = 1000000 (custom)
2022-08-14 01:44:37,420 [pool-175-thread-1] INFO  server.RaftServerConfigKeys (ConfUtils.java:logGet(46)) - raft.server.log.appender.buffer.byte-limit = 33554432 (custom)
2022-08-14 01:44:37,420 [pool-175-thread-1] INFO  server.RaftServerConfigKeys (ConfUtils.java:logGet(46)) - raft.server.log.statemachine.data.read.timeout = 1000ms (default)
2022-08-14 01:44:37,420 [pool-175-thread-1] INFO  server.RaftServerConfigKeys (ConfUtils.java:logGet(46)) - raft.server.log.segment.size.max = 4194304 (custom)
2022-08-14 01:44:37,421 [pool-175-thread-1] INFO  server.RaftServerConfigKeys (ConfUtils.java:logGet(46)) - raft.server.log.segment.cache.num.max = 2 (custom)
2022-08-14 01:44:37,421 [pool-175-thread-1] INFO  server.RaftServerConfigKeys (ConfUtils.java:logGet(46)) - raft.server.log.segment.cache.size.max = 200MB (=209715200) (default)
2022-08-14 01:44:37,421 [pool-175-thread-1] INFO  segmented.SegmentedRaftLogWorker (SegmentedRaftLogWorker.java:<init>(187)) - new omNode-3@group-6C22E66A003A-SegmentedRaftLogWorker for RaftStorageImpl:Storage Directory /home/runner/work/ozone/ozone/hadoop-ozone/integration-test/target/test-dir/MiniOzoneClusterImpl-8ae01b46-865b-4b2e-8bfc-774eabe7d98c/omNode-3/ratis/9c9825ce-8ba7-3ee6-a7c3-6c22e66a003a
2022-08-14 01:44:37,421 [pool-175-thread-1] INFO  server.RaftServerConfigKeys (ConfUtils.java:logGet(46)) - raft.server.log.queue.byte-limit = 64MB (=67108864) (default)
2022-08-14 01:44:37,421 [pool-175-thread-1] INFO  server.RaftServerConfigKeys (ConfUtils.java:logGet(46)) - raft.server.log.queue.element-limit = 4096 (default)
2022-08-14 01:44:37,421 [pool-175-thread-1] INFO  server.RaftServerConfigKeys (ConfUtils.java:logGet(46)) - raft.server.log.segment.size.max = 4194304 (custom)
2022-08-14 01:44:37,421 [pool-175-thread-1] INFO  server.RaftServerConfigKeys (ConfUtils.java:logGet(46)) - raft.server.log.preallocated.size = 4194304 (custom)
2022-08-14 01:44:37,422 [pool-175-thread-1] INFO  server.RaftServerConfigKeys (ConfUtils.java:logGet(46)) - raft.server.log.force.sync.num = 128 (default)
2022-08-14 01:44:37,422 [pool-175-thread-1] INFO  server.RaftServerConfigKeys (ConfUtils.java:logGet(46)) - raft.server.log.statemachine.data.sync = true (default)
2022-08-14 01:44:37,422 [pool-175-thread-1] INFO  server.RaftServerConfigKeys (ConfUtils.java:logGet(46)) - raft.server.log.statemachine.data.sync.timeout = 10s (default)
2022-08-14 01:44:37,422 [pool-175-thread-1] INFO  server.RaftServerConfigKeys (ConfUtils.java:logGet(46)) - raft.server.log.statemachine.data.sync.timeout.retry = -1 (default)
2022-08-14 01:44:37,423 [pool-175-thread-1] INFO  server.RaftServerConfigKeys (ConfUtils.java:logGet(46)) - raft.server.log.write.buffer.size = 64KB (=65536) (default)
2022-08-14 01:44:37,423 [pool-175-thread-1] INFO  server.RaftServerConfigKeys (ConfUtils.java:logGet(46)) - raft.server.log.unsafe-flush.enabled = false (default)
2022-08-14 01:44:37,423 [pool-175-thread-1] INFO  server.RaftServerConfigKeys (ConfUtils.java:logGet(46)) - raft.server.log.statemachine.data.caching.enabled = false (default)
2022-08-14 01:44:37,423 [pool-175-thread-1] INFO  segmented.SegmentedRaftLogWorker (SegmentedRaftLogWorker.java:lambda$new$0(135)) - omNode-3@group-6C22E66A003A-SegmentedRaftLogWorker: flushIndex: setUnconditionally 0 -> -1
2022-08-14 01:44:37,423 [pool-175-thread-1] INFO  segmented.SegmentedRaftLogWorker (SegmentedRaftLogWorker.java:lambda$new$0(135)) - omNode-3@group-6C22E66A003A-SegmentedRaftLogWorker: safeCacheEvictIndex: setUnconditionally 0 -> -1
2022-08-14 01:44:37,423 [pool-175-thread-1] INFO  server.RaftServerConfigKeys (ConfUtils.java:logGet(46)) - raft.server.snapshot.auto.trigger.enabled = true (custom)
2022-08-14 01:44:37,424 [pool-175-thread-1] INFO  server.RaftServerConfigKeys (ConfUtils.java:logGet(46)) - raft.server.snapshot.auto.trigger.threshold = 400000 (default)
2022-08-14 01:44:37,424 [pool-175-thread-1] INFO  server.RaftServerConfigKeys (ConfUtils.java:logGet(46)) - raft.server.snapshot.retention.file.num = -1 (default)
2022-08-14 01:44:37,424 [pool-175-thread-1] INFO  server.RaftServerConfigKeys (ConfUtils.java:logGet(46)) - raft.server.log.purge.upto.snapshot.index = true (custom)
2022-08-14 01:44:37,424 [pool-175-thread-1] INFO  server.RaftServerConfigKeys (ConfUtils.java:logGet(46)) - raft.server.retrycache.expirytime = 300s (custom)
2022-08-14 01:44:37,424 [pool-175-thread-1] INFO  server.RaftServerConfigKeys (ConfUtils.java:logGet(46)) - raft.server.retrycache.statistics.expirytime = 100μs (default)
2022-08-14 01:44:37,425 [pool-175-thread-1] INFO  server.RaftServerConfigKeys (ConfUtils.java:logGet(46)) - raft.server.log.appender.install.snapshot.enabled = false (custom)
2022-08-14 01:44:37,425 [pool-175-thread-1] INFO  server.RaftServerConfigKeys (ConfUtils.java:logGet(46)) - raft.server.threadpool.server.cached = true (default)
2022-08-14 01:44:37,426 [pool-175-thread-1] INFO  server.RaftServerConfigKeys (ConfUtils.java:logGet(46)) - raft.server.threadpool.server.size = 0 (default)
2022-08-14 01:44:37,426 [pool-175-thread-1] INFO  server.RaftServerConfigKeys (ConfUtils.java:logGet(46)) - raft.server.threadpool.client.cached = true (default)
2022-08-14 01:44:37,426 [pool-175-thread-1] INFO  server.RaftServerConfigKeys (ConfUtils.java:logGet(46)) - raft.server.threadpool.client.size = 0 (default)
2022-08-14 01:44:37,967 [Listener at 127.0.0.1/33779] INFO  reflections.Reflections (Reflections.java:scan(232)) - Reflections took 542 ms to scan 19 urls, producing 67 keys and 4151 values [using 2 cores]
2022-08-14 01:44:37,968 [Listener at 127.0.0.1/33779] INFO  ipc.CallQueueManager (CallQueueManager.java:<init>(90)) - Using callQueue: class java.util.concurrent.LinkedBlockingQueue, queueCapacity: 2000, scheduler: class org.apache.hadoop.ipc.DefaultRpcScheduler, ipcBackoff: false.
2022-08-14 01:44:37,971 [Socket Reader #1 for port 45525] INFO  ipc.Server (Server.java:run(1265)) - Starting Socket Reader #1 for port 45525
2022-08-14 01:44:37,997 [Listener at 127.0.0.1/45525] INFO  impl.MetricsSystemImpl (MetricsSystemImpl.java:init(158)) - OzoneManager metrics system started (again)
2022-08-14 01:44:38,008 [Listener at 127.0.0.1/45525] INFO  om.OzoneManager (OzoneManager.java:start(1470)) - OzoneManager RPC server is listening at localhost/127.0.0.1:45525
2022-08-14 01:44:38,008 [Listener at 127.0.0.1/45525] INFO  ratis.OzoneManagerRatisServer (OzoneManagerRatisServer.java:start(554)) - Starting OzoneManagerRatisServer omNode-3 at port 41225
2022-08-14 01:44:38,008 [omNode-3-impl-thread1] INFO  server.RaftServer$Division (RaftServerImpl.java:start(310)) - omNode-3@group-6C22E66A003A: start as a follower, conf=-1: [omNode-3|rpc:localhost:41225|priority:0, omNode-1|rpc:localhost:33957|priority:0, omNode-2|rpc:localhost:41305|priority:0], old=null
2022-08-14 01:44:38,008 [omNode-3-impl-thread1] INFO  server.RaftServer$Division (RaftServerImpl.java:setRole(299)) - omNode-3@group-6C22E66A003A: changes role from      null to FOLLOWER at term 0 for startAsFollower
2022-08-14 01:44:38,008 [omNode-3-impl-thread1] INFO  impl.RoleInfo (RoleInfo.java:updateAndGet(139)) - omNode-3: start omNode-3@group-6C22E66A003A-FollowerState
2022-08-14 01:44:38,008 [omNode-3-impl-thread1] INFO  util.JmxRegister (JmxRegister.java:tryRegister(44)) - Successfully registered JMX Bean with object name Ratis:service=RaftServer,group=group-6C22E66A003A,id=omNode-3
2022-08-14 01:44:38,017 [Listener at 127.0.0.1/45525] INFO  server.RaftServer (RaftServerProxy.java:lambda$start$6(382)) - omNode-3: start RPC server
2022-08-14 01:44:38,019 [Listener at 127.0.0.1/45525] INFO  server.GrpcService (GrpcService.java:startImpl(260)) - omNode-3: GrpcService started, listening on 41225
2022-08-14 01:44:38,020 [Listener at 127.0.0.1/45525] INFO  om.OzoneManager (OzoneManager.java:start(1486)) - Version File has different layout version (3) than OM DB (null). That is expected if this OM has never been finalized to a newer layout version.
2022-08-14 01:44:38,020 [org.apache.ratis.util.JvmPauseMonitor$$Lambda$519/202110677@673475bf] INFO  util.JvmPauseMonitor (JvmPauseMonitor.java:run(103)) - JvmPauseMonitor-omNode-3: Started
2022-08-14 01:44:38,023 [Listener at 127.0.0.1/45525] INFO  http.BaseHttpServer (BaseHttpServer.java:newHttpServer2BuilderForOzone(209)) - Starting Web-server for ozoneManager at: http://0.0.0.0:41511
2022-08-14 01:44:38,023 [Listener at 127.0.0.1/45525] INFO  http.BaseHttpServer (BaseHttpServer.java:<init>(107)) - Hadoop Security Enabled: false Ozone Security Enabled: false Ozone HTTP Security Enabled: false 
2022-08-14 01:44:38,024 [Listener at 127.0.0.1/45525] INFO  server.AuthenticationFilter (AuthenticationFilter.java:constructSecretProvider(240)) - Unable to initialize FileSignerSecretProvider, falling back to use random secrets.
2022-08-14 01:44:38,024 [Listener at 127.0.0.1/45525] WARN  http.HttpRequestLog (HttpRequestLog.java:getRequestLog(103)) - Jetty request log can only be enabled using Log4j
2022-08-14 01:44:38,026 [Listener at 127.0.0.1/45525] INFO  http.HttpServer2 (HttpServer2.java:addGlobalFilter(1029)) - Added global filter 'safety' (class=org.apache.hadoop.hdds.server.http.HttpServer2$QuotingInputFilter)
2022-08-14 01:44:38,027 [Listener at 127.0.0.1/45525] INFO  http.HttpServer2 (HttpServer2.java:addFilter(1005)) - Added filter static_user_filter (class=org.apache.hadoop.http.lib.StaticUserWebFilter$StaticUserFilter) to context ozoneManager
2022-08-14 01:44:38,027 [Listener at 127.0.0.1/45525] INFO  http.HttpServer2 (HttpServer2.java:addFilter(1013)) - Added filter static_user_filter (class=org.apache.hadoop.http.lib.StaticUserWebFilter$StaticUserFilter) to context logs
2022-08-14 01:44:38,027 [Listener at 127.0.0.1/45525] INFO  http.HttpServer2 (HttpServer2.java:addFilter(1013)) - Added filter static_user_filter (class=org.apache.hadoop.http.lib.StaticUserWebFilter$StaticUserFilter) to context static
2022-08-14 01:44:38,028 [Listener at 127.0.0.1/45525] INFO  http.HttpServer2 (HttpServer2.java:bindListener(1248)) - Jetty bound to port 41511
2022-08-14 01:44:38,028 [Listener at 127.0.0.1/45525] INFO  server.Server (Server.java:doStart(375)) - jetty-9.4.43.v20210629; built: 2021-06-30T11:07:22.254Z; git: 526006ecfa3af7f1a27ef3a288e2bef7ea9dd7e8; jvm 1.8.0_332-b09
2022-08-14 01:44:38,032 [Listener at 127.0.0.1/45525] INFO  server.session (DefaultSessionIdManager.java:doStart(334)) - DefaultSessionIdManager workerName=node0
2022-08-14 01:44:38,032 [Listener at 127.0.0.1/45525] INFO  server.session (DefaultSessionIdManager.java:doStart(339)) - No SessionScavenger set, using defaults
2022-08-14 01:44:38,032 [Listener at 127.0.0.1/45525] INFO  server.session (HouseKeeper.java:startScavenging(132)) - node0 Scavenging every 660000ms
2022-08-14 01:44:38,033 [Listener at 127.0.0.1/45525] INFO  handler.ContextHandler (ContextHandler.java:doStart(915)) - Started o.e.j.s.ServletContextHandler@ab4d954{logs,/logs,file:///home/runner/work/ozone/ozone/hadoop-ozone/integration-test/target/log,AVAILABLE}
2022-08-14 01:44:38,033 [Listener at 127.0.0.1/45525] INFO  handler.ContextHandler (ContextHandler.java:doStart(915)) - Started o.e.j.s.ServletContextHandler@5ea23a00{static,/static,file:///home/runner/work/ozone/ozone/hadoop-ozone/integration-test/target/test-classes/webapps/static,AVAILABLE}
2022-08-14 01:44:38,037 [Listener at 127.0.0.1/45525] INFO  handler.ContextHandler (ContextHandler.java:doStart(915)) - Started o.e.j.w.WebAppContext@63c80936{ozoneManager,/,file:///home/runner/work/ozone/ozone/hadoop-ozone/integration-test/target/test-classes/webapps/ozoneManager/,AVAILABLE}{file:/home/runner/work/ozone/ozone/hadoop-ozone/integration-test/target/test-classes/webapps/ozoneManager}
2022-08-14 01:44:38,045 [omNode-2@group-6C22E66A003A-FollowerState] INFO  impl.FollowerState (FollowerState.java:run(143)) - omNode-2@group-6C22E66A003A-FollowerState: change to CANDIDATE, lastRpcElapsedTime:1050603600ns, electionTimeout:1035ms
2022-08-14 01:44:38,045 [omNode-2@group-6C22E66A003A-FollowerState] INFO  impl.RoleInfo (RoleInfo.java:shutdownFollowerState(110)) - omNode-2: shutdown omNode-2@group-6C22E66A003A-FollowerState
2022-08-14 01:44:38,045 [omNode-2@group-6C22E66A003A-FollowerState] INFO  server.RaftServer$Division (RaftServerImpl.java:setRole(299)) - omNode-2@group-6C22E66A003A: changes role from  FOLLOWER to CANDIDATE at term 0 for changeToCandidate
2022-08-14 01:44:38,045 [omNode-2@group-6C22E66A003A-FollowerState] INFO  server.RaftServerConfigKeys (ConfUtils.java:logGet(46)) - raft.server.leaderelection.pre-vote = false (custom)
2022-08-14 01:44:38,045 [omNode-2@group-6C22E66A003A-FollowerState] INFO  impl.RoleInfo (RoleInfo.java:updateAndGet(139)) - omNode-2: start omNode-2@group-6C22E66A003A-LeaderElection4
2022-08-14 01:44:38,045 [Listener at 127.0.0.1/45525] INFO  server.AbstractConnector (AbstractConnector.java:doStart(331)) - Started ServerConnector@f890ec9{HTTP/1.1, (http/1.1)}{0.0.0.0:41511}
2022-08-14 01:44:38,045 [Listener at 127.0.0.1/45525] INFO  server.Server (Server.java:doStart(415)) - Started @26295ms
2022-08-14 01:44:38,045 [Listener at 127.0.0.1/45525] WARN  impl.MetricsSystemImpl (MetricsSystemImpl.java:register(279)) - Sink prometheus already exists!
2022-08-14 01:44:38,046 [Listener at 127.0.0.1/45525] INFO  http.BaseHttpServer (BaseHttpServer.java:updateConnectorAddress(329)) - HTTP server of ozoneManager listening at http://0.0.0.0:41511
2022-08-14 01:44:38,047 [IPC Server Responder] INFO  ipc.Server (Server.java:run(1507)) - IPC Server Responder: starting
2022-08-14 01:44:38,047 [IPC Server listener on 45525] INFO  ipc.Server (Server.java:run(1344)) - IPC Server listener on 45525: starting
2022-08-14 01:44:38,052 [Listener at 127.0.0.1/45525] INFO  om.OzoneManager (OzoneManager.java:startTrashEmptier(1907)) - Trash Interval set to 0. Files deleted won't move to trash
2022-08-14 01:44:38,053 [Listener at 127.0.0.1/45525] INFO  ozone.MiniOzoneHAClusterImpl (MiniOzoneHAClusterImpl.java:createOMService(527)) - Started OzoneManager omNode-3 RPC server at localhost/127.0.0.1:45525
2022-08-14 01:44:38,070 [org.apache.hadoop.util.JvmPauseMonitor$Monitor@132eaa66] INFO  util.JvmPauseMonitor (JvmPauseMonitor.java:run(188)) - Starting JVM pause monitor
2022-08-14 01:44:38,071 [omNode-2@group-6C22E66A003A-LeaderElection4] INFO  impl.LeaderElection (LeaderElection.java:askForVotes(310)) - omNode-2@group-6C22E66A003A-LeaderElection4 ELECTION round 0: submit vote requests at term 1 for -1: [omNode-3|rpc:localhost:41225|priority:0, omNode-1|rpc:localhost:33957|priority:0, omNode-2|rpc:localhost:41305|priority:0], old=null
2022-08-14 01:44:38,119 [grpc-default-executor-1] INFO  server.RaftServer$Division (RaftServerImpl.java:requestVote(1152)) - omNode-3@group-6C22E66A003A: receive requestVote(ELECTION, omNode-2, group-6C22E66A003A, 1, (t:0, i:~))
2022-08-14 01:44:38,121 [grpc-default-executor-0] INFO  server.RaftServer$Division (RaftServerImpl.java:requestVote(1152)) - omNode-1@group-6C22E66A003A: receive requestVote(ELECTION, omNode-2, group-6C22E66A003A, 1, (t:0, i:~))
2022-08-14 01:44:38,121 [grpc-default-executor-0] INFO  impl.VoteContext (VoteContext.java:log(48)) - omNode-1@group-6C22E66A003A-FOLLOWER: reject ELECTION from omNode-2: already has voted for omNode-1 at current term 1
2022-08-14 01:44:38,123 [grpc-default-executor-0] INFO  server.RaftServer$Division (RaftServerImpl.java:requestVote(1184)) - omNode-1@group-6C22E66A003A replies to ELECTION vote request: omNode-2<-omNode-1#0:FAIL-t1. Peer's state: omNode-1@group-6C22E66A003A:t1, leader=null, voted=omNode-1, raftlog=omNode-1@group-6C22E66A003A-SegmentedRaftLog:OPENED:c-1, conf=-1: [omNode-3|rpc:localhost:41225|priority:0, omNode-1|rpc:localhost:33957|priority:0, omNode-2|rpc:localhost:41305|priority:0], old=null
2022-08-14 01:44:38,121 [grpc-default-executor-1] INFO  impl.VoteContext (VoteContext.java:log(48)) - omNode-3@group-6C22E66A003A-FOLLOWER: accept ELECTION from omNode-2: our priority 0 <= candidate's priority 0
2022-08-14 01:44:38,126 [grpc-default-executor-1] INFO  server.RaftServer$Division (RaftServerImpl.java:setRole(299)) - omNode-3@group-6C22E66A003A: changes role from  FOLLOWER to FOLLOWER at term 1 for candidate:omNode-2
2022-08-14 01:44:38,126 [grpc-default-executor-1] INFO  impl.RoleInfo (RoleInfo.java:shutdownFollowerState(110)) - omNode-3: shutdown omNode-3@group-6C22E66A003A-FollowerState
2022-08-14 01:44:38,126 [grpc-default-executor-1] INFO  impl.RoleInfo (RoleInfo.java:updateAndGet(139)) - omNode-3: start omNode-3@group-6C22E66A003A-FollowerState
2022-08-14 01:44:38,127 [omNode-3@group-6C22E66A003A-FollowerState] INFO  impl.FollowerState (FollowerState.java:run(152)) - omNode-3@group-6C22E66A003A-FollowerState was interrupted
2022-08-14 01:44:38,130 [grpc-default-executor-1] INFO  server.RaftServer$Division (RaftServerImpl.java:requestVote(1184)) - omNode-3@group-6C22E66A003A replies to ELECTION vote request: omNode-2<-omNode-3#0:OK-t1. Peer's state: omNode-3@group-6C22E66A003A:t1, leader=null, voted=omNode-2, raftlog=omNode-3@group-6C22E66A003A-SegmentedRaftLog:OPENED:c-1, conf=-1: [omNode-3|rpc:localhost:41225|priority:0, omNode-1|rpc:localhost:33957|priority:0, omNode-2|rpc:localhost:41305|priority:0], old=null
2022-08-14 01:44:38,137 [omNode-2@group-6C22E66A003A-LeaderElection4] INFO  impl.LeaderElection (LeaderElection.java:logAndReturn(90)) - omNode-2@group-6C22E66A003A-LeaderElection4: ELECTION PASSED received 2 response(s) and 0 exception(s):
2022-08-14 01:44:38,137 [omNode-2@group-6C22E66A003A-LeaderElection4] INFO  impl.LeaderElection (LeaderElection.java:logAndReturn(94)) -   Response 0: omNode-2<-omNode-3#0:OK-t1
2022-08-14 01:44:38,137 [omNode-2@group-6C22E66A003A-LeaderElection4] INFO  impl.LeaderElection (LeaderElection.java:logAndReturn(94)) -   Response 1: omNode-2<-omNode-1#0:FAIL-t1
2022-08-14 01:44:38,137 [omNode-2@group-6C22E66A003A-LeaderElection4] INFO  impl.LeaderElection (LeaderElection.java:askForVotes(312)) - omNode-2@group-6C22E66A003A-LeaderElection4 ELECTION round 0: result PASSED
2022-08-14 01:44:38,137 [omNode-2@group-6C22E66A003A-LeaderElection4] INFO  impl.RoleInfo (RoleInfo.java:shutdownLeaderElection(130)) - omNode-2: shutdown omNode-2@group-6C22E66A003A-LeaderElection4
2022-08-14 01:44:38,137 [omNode-2@group-6C22E66A003A-LeaderElection4] INFO  server.RaftServer$Division (RaftServerImpl.java:setRole(299)) - omNode-2@group-6C22E66A003A: changes role from CANDIDATE to LEADER at term 1 for changeToLeader
2022-08-14 01:44:38,137 [omNode-2@group-6C22E66A003A-LeaderElection4] INFO  server.RaftServer$Division (ServerState.java:setLeader(287)) - omNode-2@group-6C22E66A003A: change Leader from null to omNode-2 at term 1 for becomeLeader, leader elected after 1907ms
2022-08-14 01:44:38,138 [omNode-2@group-6C22E66A003A-LeaderElection4] INFO  server.RaftServerConfigKeys (ConfUtils.java:logGet(46)) - raft.server.staging.catchup.gap = 1000 (default)
2022-08-14 01:44:38,138 [omNode-2@group-6C22E66A003A-LeaderElection4] INFO  server.RaftServerConfigKeys (ConfUtils.java:logGet(46)) - raft.server.write.element-limit = 4096 (default)
2022-08-14 01:44:38,138 [omNode-2@group-6C22E66A003A-LeaderElection4] INFO  server.RaftServerConfigKeys (ConfUtils.java:logGet(46)) - raft.server.write.byte-limit = 64MB (=67108864) (default)
2022-08-14 01:44:38,138 [omNode-2@group-6C22E66A003A-LeaderElection4] INFO  server.RaftServerConfigKeys (ConfUtils.java:logGet(46)) - raft.server.watch.timeout = 10s (default)
2022-08-14 01:44:38,138 [omNode-2@group-6C22E66A003A-LeaderElection4] INFO  server.RaftServerConfigKeys (ConfUtils.java:logGet(46)) - raft.server.watch.timeout.denomination = 1s (default)
2022-08-14 01:44:38,138 [omNode-2@group-6C22E66A003A-LeaderElection4] INFO  server.RaftServerConfigKeys (ConfUtils.java:logGet(46)) - raft.server.watch.element-limit = 65536 (default)
2022-08-14 01:44:38,139 [omNode-2@group-6C22E66A003A-LeaderElection4] INFO  server.RaftServerConfigKeys (ConfUtils.java:logGet(46)) - raft.server.write.element-limit = 4096 (default)
2022-08-14 01:44:38,139 [omNode-2@group-6C22E66A003A-LeaderElection4] INFO  server.RaftServerConfigKeys (ConfUtils.java:logGet(46)) - raft.server.write.follower.gap.ratio.max = -1.0 (default)
2022-08-14 01:44:38,139 [omNode-2@group-6C22E66A003A-LeaderElection4] INFO  server.RaftServerConfigKeys (ConfUtils.java:logGet(46)) - raft.server.log.appender.snapshot.chunk.size.max = 16MB (=16777216) (default)
2022-08-14 01:44:38,139 [omNode-2@group-6C22E66A003A-LeaderElection4] INFO  server.RaftServerConfigKeys (ConfUtils.java:logGet(46)) - raft.server.log.appender.buffer.byte-limit = 33554432 (custom)
2022-08-14 01:44:38,140 [omNode-2@group-6C22E66A003A-LeaderElection4] INFO  server.RaftServerConfigKeys (ConfUtils.java:logGet(46)) - raft.server.log.appender.buffer.element-limit = 1024 (custom)
2022-08-14 01:44:38,140 [omNode-2@group-6C22E66A003A-LeaderElection4] INFO  grpc.GrpcConfigKeys (ConfUtils.java:logGet(46)) - raft.grpc.server.leader.outstanding.appends.max = 128 (default)
2022-08-14 01:44:38,145 [omNode-2@group-6C22E66A003A-LeaderElection4] INFO  server.RaftServerConfigKeys (ConfUtils.java:logGet(46)) - raft.server.rpc.request.timeout = 3000ms (default)
2022-08-14 01:44:38,145 [omNode-2@group-6C22E66A003A-LeaderElection4] INFO  server.RaftServerConfigKeys (ConfUtils.java:logGet(46)) - raft.server.log.appender.install.snapshot.enabled = false (custom)
2022-08-14 01:44:38,153 [omNode-2@group-6C22E66A003A-LeaderElection4] INFO  server.RaftServerConfigKeys (ConfUtils.java:logGet(46)) - raft.server.log.appender.snapshot.chunk.size.max = 16MB (=16777216) (default)
2022-08-14 01:44:38,153 [omNode-2@group-6C22E66A003A-LeaderElection4] INFO  server.RaftServerConfigKeys (ConfUtils.java:logGet(46)) - raft.server.log.appender.buffer.byte-limit = 33554432 (custom)
2022-08-14 01:44:38,153 [omNode-2@group-6C22E66A003A-LeaderElection4] INFO  server.RaftServerConfigKeys (ConfUtils.java:logGet(46)) - raft.server.log.appender.buffer.element-limit = 1024 (custom)
2022-08-14 01:44:38,153 [omNode-2@group-6C22E66A003A-LeaderElection4] INFO  grpc.GrpcConfigKeys (ConfUtils.java:logGet(46)) - raft.grpc.server.leader.outstanding.appends.max = 128 (default)
2022-08-14 01:44:38,153 [omNode-2@group-6C22E66A003A-LeaderElection4] INFO  server.RaftServerConfigKeys (ConfUtils.java:logGet(46)) - raft.server.rpc.request.timeout = 3000ms (default)
2022-08-14 01:44:38,153 [omNode-2@group-6C22E66A003A-LeaderElection4] INFO  server.RaftServerConfigKeys (ConfUtils.java:logGet(46)) - raft.server.log.appender.install.snapshot.enabled = false (custom)
2022-08-14 01:44:38,153 [omNode-2@group-6C22E66A003A-LeaderElection4] INFO  impl.RoleInfo (RoleInfo.java:updateAndGet(139)) - omNode-2: start omNode-2@group-6C22E66A003A-LeaderStateImpl
2022-08-14 01:44:38,154 [omNode-2@group-6C22E66A003A-LeaderElection4] INFO  segmented.SegmentedRaftLogWorker (SegmentedRaftLogWorker.java:startLogSegment(425)) - omNode-2@group-6C22E66A003A-SegmentedRaftLogWorker: Starting segment from index:0
2022-08-14 01:44:38,166 [omNode-2@group-6C22E66A003A-SegmentedRaftLogWorker] INFO  segmented.SegmentedRaftLogWorker (SegmentedRaftLogWorker.java:execute(629)) - omNode-2@group-6C22E66A003A-SegmentedRaftLogWorker: created new log segment /home/runner/work/ozone/ozone/hadoop-ozone/integration-test/target/test-dir/MiniOzoneClusterImpl-8ae01b46-865b-4b2e-8bfc-774eabe7d98c/omNode-2/ratis/9c9825ce-8ba7-3ee6-a7c3-6c22e66a003a/current/log_inprogress_0
2022-08-14 01:44:38,176 [omNode-1@group-6C22E66A003A-FollowerState] INFO  impl.FollowerState (FollowerState.java:run(143)) - omNode-1@group-6C22E66A003A-FollowerState: change to CANDIDATE, lastRpcElapsedTime:1191873100ns, electionTimeout:1183ms
2022-08-14 01:44:38,176 [omNode-1@group-6C22E66A003A-FollowerState] INFO  impl.RoleInfo (RoleInfo.java:shutdownFollowerState(110)) - omNode-1: shutdown omNode-1@group-6C22E66A003A-FollowerState
2022-08-14 01:44:38,176 [omNode-1@group-6C22E66A003A-FollowerState] INFO  server.RaftServer$Division (RaftServerImpl.java:setRole(299)) - omNode-1@group-6C22E66A003A: changes role from  FOLLOWER to CANDIDATE at term 1 for changeToCandidate
2022-08-14 01:44:38,189 [omNode-3-server-thread1] INFO  server.RaftServer$Division (ServerState.java:setLeader(287)) - omNode-3@group-6C22E66A003A: change Leader from null to omNode-2 at term 1 for appendEntries, leader elected after 769ms
2022-08-14 01:44:38,189 [omNode-2@group-6C22E66A003A-LeaderElection4] INFO  server.RaftServer$Division (ServerState.java:setRaftConf(393)) - omNode-2@group-6C22E66A003A: set configuration 0: [omNode-3|rpc:localhost:41225|admin:|client:|dataStream:|priority:0, omNode-1|rpc:localhost:33957|admin:|client:|dataStream:|priority:0, omNode-2|rpc:localhost:41305|admin:|client:|dataStream:|priority:0], old=null
2022-08-14 01:44:38,196 [omNode-1@group-6C22E66A003A-FollowerState] INFO  server.RaftServerConfigKeys (ConfUtils.java:logGet(46)) - raft.server.leaderelection.pre-vote = false (custom)
2022-08-14 01:44:38,196 [omNode-1@group-6C22E66A003A-FollowerState] INFO  impl.RoleInfo (RoleInfo.java:updateAndGet(139)) - omNode-1: start omNode-1@group-6C22E66A003A-LeaderElection5
2022-08-14 01:44:38,205 [omNode-3-server-thread1] INFO  server.RaftServer$Division (ServerState.java:setRaftConf(393)) - omNode-3@group-6C22E66A003A: set configuration 0: [omNode-3|rpc:localhost:41225|admin:|client:|dataStream:|priority:0, omNode-1|rpc:localhost:33957|admin:|client:|dataStream:|priority:0, omNode-2|rpc:localhost:41305|admin:|client:|dataStream:|priority:0], old=null
2022-08-14 01:44:38,205 [omNode-3-server-thread1] INFO  segmented.SegmentedRaftLogWorker (SegmentedRaftLogWorker.java:startLogSegment(425)) - omNode-3@group-6C22E66A003A-SegmentedRaftLogWorker: Starting segment from index:0
2022-08-14 01:44:38,206 [omNode-2@group-6C22E66A003A-StateMachineUpdater] INFO  ratis.OzoneManagerStateMachine (OzoneManagerStateMachine.java:notifyConfigurationChanged(192)) - Received Configuration change notification from Ratis. New Peer list:
[id: "omNode-3"
address: "localhost:41225"
, id: "omNode-1"
address: "localhost:33957"
, id: "omNode-2"
address: "localhost:41305"
]
2022-08-14 01:44:38,223 [omNode-3@group-6C22E66A003A-SegmentedRaftLogWorker] INFO  segmented.SegmentedRaftLogWorker (SegmentedRaftLogWorker.java:execute(629)) - omNode-3@group-6C22E66A003A-SegmentedRaftLogWorker: created new log segment /home/runner/work/ozone/ozone/hadoop-ozone/integration-test/target/test-dir/MiniOzoneClusterImpl-8ae01b46-865b-4b2e-8bfc-774eabe7d98c/omNode-3/ratis/9c9825ce-8ba7-3ee6-a7c3-6c22e66a003a/current/log_inprogress_0
2022-08-14 01:44:38,224 [omNode-1@group-6C22E66A003A-LeaderElection5] INFO  impl.LeaderElection (LeaderElection.java:askForVotes(310)) - omNode-1@group-6C22E66A003A-LeaderElection5 ELECTION round 0: submit vote requests at term 2 for -1: [omNode-3|rpc:localhost:41225|priority:0, omNode-1|rpc:localhost:33957|priority:0, omNode-2|rpc:localhost:41305|priority:0], old=null
2022-08-14 01:44:38,244 [omNode-2@group-6C22E66A003A-LeaderStateImpl] INFO  server.RaftServer$Division (ServerState.java:setLeader(287)) - omNode-2@group-6C22E66A003A: change Leader from omNode-2 to null at term 2 for updateCurrentTerm
2022-08-14 01:44:38,244 [omNode-2@group-6C22E66A003A-LeaderStateImpl] INFO  server.RaftServer$Division (RaftServerImpl.java:setRole(299)) - omNode-2@group-6C22E66A003A: changes role from    LEADER to FOLLOWER at term 2 for StepDownReason:HIGHER_TERM
2022-08-14 01:44:38,244 [omNode-2@group-6C22E66A003A-LeaderStateImpl] INFO  impl.RoleInfo (RoleInfo.java:shutdownLeaderState(93)) - omNode-2: shutdown omNode-2@group-6C22E66A003A-LeaderStateImpl
2022-08-14 01:44:38,246 [grpc-default-executor-2] INFO  server.GrpcServerProtocolService (GrpcServerProtocolService.java:onCompleted(140)) - omNode-3: Completed APPEND_ENTRIES, lastRequest: omNode-2->omNode-3#1-t1,previous=(t:0, i:0),leaderCommit=-1,initializing? true,entries: size=1, first=(t:1, i:0), CONFIGURATIONENTRY
2022-08-14 01:44:38,247 [grpc-default-executor-0] INFO  server.GrpcLogAppender (GrpcLogAppender.java:onCompleted(339)) - omNode-2@group-6C22E66A003A->omNode-3-AppendLogResponseHandler: follower responses appendEntries COMPLETED
2022-08-14 01:44:38,250 [grpc-default-executor-0] INFO  leader.FollowerInfo (FollowerInfoImpl.java:lambda$new$0(48)) - omNode-2@group-6C22E66A003A->omNode-3: nextIndex: updateUnconditionally 1 -> 0
2022-08-14 01:44:38,250 [omNode-1@group-6C22E66A003A-LeaderElection5] INFO  impl.LeaderElection (LogUtils.java:infoOrTrace(137)) - omNode-1@group-6C22E66A003A-LeaderElection5 got exception when requesting votes: java.util.concurrent.ExecutionException: org.apache.ratis.thirdparty.io.grpc.StatusRuntimeException: UNAVAILABLE: io exception
2022-08-14 01:44:38,259 [omNode-2@group-6C22E66A003A->omNode-1-GrpcLogAppender-LogAppenderDaemon] WARN  server.GrpcLogAppender (GrpcLogAppender.java:mayWait(171)) - omNode-2@group-6C22E66A003A->omNode-1-GrpcLogAppender: Wait interrupted by java.lang.InterruptedException
2022-08-14 01:44:38,260 [grpc-default-executor-0] INFO  server.GrpcServerProtocolService (GrpcServerProtocolService.java:onCompleted(140)) - omNode-1: Completed APPEND_ENTRIES, lastRequest: omNode-2->omNode-1#1-t1,previous=(t:0, i:0),leaderCommit=-1,initializing? true,entries: size=1, first=(t:1, i:0), CONFIGURATIONENTRY
2022-08-14 01:44:38,266 [omNode-3@group-6C22E66A003A-StateMachineUpdater] INFO  ratis.OzoneManagerStateMachine (OzoneManagerStateMachine.java:notifyConfigurationChanged(192)) - Received Configuration change notification from Ratis. New Peer list:
[id: "omNode-3"
address: "localhost:41225"
, id: "omNode-1"
address: "localhost:33957"
, id: "omNode-2"
address: "localhost:41305"
]
2022-08-14 01:44:38,274 [grpc-default-executor-0] INFO  server.RaftServer$Division (RaftServerImpl.java:requestVote(1152)) - omNode-2@group-6C22E66A003A: receive requestVote(ELECTION, omNode-1, group-6C22E66A003A, 2, (t:0, i:~))
2022-08-14 01:44:38,267 [omNode-2@group-6C22E66A003A-LeaderStateImpl] INFO  impl.PendingRequests (PendingRequests.java:sendNotLeaderResponses(282)) - omNode-2@group-6C22E66A003A-PendingRequests: sendNotLeaderResponses
2022-08-14 01:44:38,275 [omNode-2@group-6C22E66A003A-LeaderStateImpl] INFO  impl.RoleInfo (RoleInfo.java:updateAndGet(139)) - omNode-2: start omNode-2@group-6C22E66A003A-FollowerState
2022-08-14 01:44:38,281 [grpc-default-executor-0] INFO  impl.VoteContext (VoteContext.java:log(48)) - omNode-2@group-6C22E66A003A-FOLLOWER: reject ELECTION from omNode-1: our last entry (t:1, i:0) > candidate's last entry (t:0, i:~)
2022-08-14 01:44:38,281 [grpc-default-executor-0] INFO  server.RaftServer$Division (RaftServerImpl.java:setRole(299)) - omNode-2@group-6C22E66A003A: changes role from  FOLLOWER to FOLLOWER at term 2 for candidate:omNode-1
2022-08-14 01:44:38,281 [grpc-default-executor-0] INFO  impl.RoleInfo (RoleInfo.java:shutdownFollowerState(110)) - omNode-2: shutdown omNode-2@group-6C22E66A003A-FollowerState
2022-08-14 01:44:38,281 [omNode-2@group-6C22E66A003A-FollowerState] INFO  impl.FollowerState (FollowerState.java:run(152)) - omNode-2@group-6C22E66A003A-FollowerState was interrupted
2022-08-14 01:44:38,281 [grpc-default-executor-0] INFO  impl.RoleInfo (RoleInfo.java:updateAndGet(139)) - omNode-2: start omNode-2@group-6C22E66A003A-FollowerState
2022-08-14 01:44:38,283 [grpc-default-executor-0] INFO  server.RaftServer$Division (RaftServerImpl.java:requestVote(1184)) - omNode-2@group-6C22E66A003A replies to ELECTION vote request: omNode-1<-omNode-2#0:FAIL-t2. Peer's state: omNode-2@group-6C22E66A003A:t2, leader=null, voted=null, raftlog=omNode-2@group-6C22E66A003A-SegmentedRaftLog:OPENED:c0, conf=0: [omNode-3|rpc:localhost:41225|admin:|client:|dataStream:|priority:0, omNode-1|rpc:localhost:33957|admin:|client:|dataStream:|priority:0, omNode-2|rpc:localhost:41305|admin:|client:|dataStream:|priority:0], old=null
2022-08-14 01:44:38,284 [grpc-default-executor-1] INFO  server.GrpcLogAppender (GrpcLogAppender.java:onCompleted(339)) - omNode-2@group-6C22E66A003A->omNode-1-AppendLogResponseHandler: follower responses appendEntries COMPLETED
2022-08-14 01:44:38,284 [grpc-default-executor-1] INFO  leader.FollowerInfo (FollowerInfoImpl.java:lambda$new$0(48)) - omNode-2@group-6C22E66A003A->omNode-1: nextIndex: updateUnconditionally 1 -> 0
2022-08-14 01:44:38,285 [omNode-1@group-6C22E66A003A-LeaderElection5] INFO  impl.LeaderElection (LeaderElection.java:logAndReturn(90)) - omNode-1@group-6C22E66A003A-LeaderElection5: ELECTION REJECTED received 1 response(s) and 1 exception(s):
2022-08-14 01:44:38,289 [omNode-1@group-6C22E66A003A-LeaderElection5] INFO  impl.LeaderElection (LeaderElection.java:logAndReturn(94)) -   Response 0: omNode-1<-omNode-2#0:FAIL-t2
2022-08-14 01:44:38,289 [omNode-1@group-6C22E66A003A-LeaderElection5] INFO  impl.LeaderElection (LogUtils.java:infoOrTrace(137)) -   Exception 1: java.util.concurrent.ExecutionException: org.apache.ratis.thirdparty.io.grpc.StatusRuntimeException: UNAVAILABLE: io exception
2022-08-14 01:44:38,290 [omNode-1@group-6C22E66A003A-LeaderElection5] INFO  impl.LeaderElection (LeaderElection.java:askForVotes(312)) - omNode-1@group-6C22E66A003A-LeaderElection5 ELECTION round 0: result REJECTED
2022-08-14 01:44:38,290 [omNode-1@group-6C22E66A003A-LeaderElection5] INFO  server.RaftServer$Division (RaftServerImpl.java:setRole(299)) - omNode-1@group-6C22E66A003A: changes role from CANDIDATE to FOLLOWER at term 2 for REJECTED
2022-08-14 01:44:38,290 [omNode-1@group-6C22E66A003A-LeaderElection5] INFO  impl.RoleInfo (RoleInfo.java:shutdownLeaderElection(130)) - omNode-1: shutdown omNode-1@group-6C22E66A003A-LeaderElection5
2022-08-14 01:44:38,290 [omNode-1@group-6C22E66A003A-LeaderElection5] INFO  impl.RoleInfo (RoleInfo.java:updateAndGet(139)) - omNode-1: start omNode-1@group-6C22E66A003A-FollowerState
2022-08-14 01:44:38,392 [Listener at 127.0.0.1/45525] WARN  impl.MetricRegistriesImpl (MetricRegistriesImpl.java:addReporterRegistration(111)) - New reporters are added after registries were created. Some metrics will be missing from the reporter. Please add reporter before adding any new registry.
2022-08-14 01:44:38,395 [Listener at 127.0.0.1/45525] WARN  impl.MetricRegistriesImpl (MetricRegistriesImpl.java:addReporterRegistration(111)) - New reporters are added after registries were created. Some metrics will be missing from the reporter. Please add reporter before adding any new registry.
2022-08-14 01:44:38,396 [Listener at 127.0.0.1/45525] INFO  impl.MetricsSystemImpl (MetricsSystemImpl.java:init(158)) - HddsDatanode metrics system started (again)
2022-08-14 01:44:38,412 [Listener at 127.0.0.1/45525] INFO  ozone.HddsDatanodeService (HddsDatanodeService.java:start(236)) - HddsDatanodeService host:fv-az372-557.fpurzmrfq4yepahtqlmhmwc2oh.dx.internal.cloudapp.net ip:10.1.0.7
2022-08-14 01:44:38,448 [Listener at 127.0.0.1/45525] INFO  upgrade.AbstractLayoutVersionManager (AbstractLayoutVersionManager.java:init(83)) - Initializing Layout version manager with metadata layout = DATANODE_SCHEMA_V3 (version = 4), software layout = DATANODE_SCHEMA_V3 (version = 4)
2022-08-14 01:44:38,498 [Listener at 127.0.0.1/45525] INFO  reflections.Reflections (Reflections.java:scan(232)) - Reflections took 49 ms to scan 7 urls, producing 132 keys and 321 values 
2022-08-14 01:44:38,503 [Listener at 127.0.0.1/45525] INFO  ha.SCMNodeInfo (SCMNodeInfo.java:getPort(197)) - ConfigKey ozone.scm.client.address is deprecated, For configuring different ports for each SCM use PortConfigKey ozone.scm.client.port appended with serviceId and nodeId
2022-08-14 01:44:38,503 [Listener at 127.0.0.1/45525] INFO  ha.SCMNodeInfo (SCMNodeInfo.java:getPort(197)) - ConfigKey ozone.scm.block.client.address is deprecated, For configuring different ports for each SCM use PortConfigKey ozone.scm.block.client.port appended with serviceId and nodeId
2022-08-14 01:44:38,503 [Listener at 127.0.0.1/45525] INFO  ha.SCMNodeInfo (SCMNodeInfo.java:getPort(197)) - ConfigKey ozone.scm.datanode.address is deprecated, For configuring different ports for each SCM use PortConfigKey ozone.scm.datanode.port appended with serviceId and nodeId
2022-08-14 01:44:38,503 [Listener at 127.0.0.1/45525] INFO  ha.SCMNodeInfo (SCMNodeInfo.java:getPort(197)) - ConfigKey ozone.scm.client.address is deprecated, For configuring different ports for each SCM use PortConfigKey ozone.scm.client.port appended with serviceId and nodeId
2022-08-14 01:44:38,503 [Listener at 127.0.0.1/45525] INFO  ha.SCMNodeInfo (SCMNodeInfo.java:getPort(197)) - ConfigKey ozone.scm.block.client.address is deprecated, For configuring different ports for each SCM use PortConfigKey ozone.scm.block.client.port appended with serviceId and nodeId
2022-08-14 01:44:38,503 [Listener at 127.0.0.1/45525] INFO  ha.SCMNodeInfo (SCMNodeInfo.java:getPort(197)) - ConfigKey ozone.scm.datanode.address is deprecated, For configuring different ports for each SCM use PortConfigKey ozone.scm.datanode.port appended with serviceId and nodeId
2022-08-14 01:44:38,503 [Listener at 127.0.0.1/45525] INFO  ha.SCMNodeInfo (SCMNodeInfo.java:getPort(197)) - ConfigKey ozone.scm.client.address is deprecated, For configuring different ports for each SCM use PortConfigKey ozone.scm.client.port appended with serviceId and nodeId
2022-08-14 01:44:38,503 [Listener at 127.0.0.1/45525] INFO  ha.SCMNodeInfo (SCMNodeInfo.java:getPort(197)) - ConfigKey ozone.scm.block.client.address is deprecated, For configuring different ports for each SCM use PortConfigKey ozone.scm.block.client.port appended with serviceId and nodeId
2022-08-14 01:44:38,504 [Listener at 127.0.0.1/45525] INFO  ha.SCMNodeInfo (SCMNodeInfo.java:getPort(197)) - ConfigKey ozone.scm.datanode.address is deprecated, For configuring different ports for each SCM use PortConfigKey ozone.scm.datanode.port appended with serviceId and nodeId
2022-08-14 01:44:38,504 [Listener at 127.0.0.1/45525] INFO  statemachine.DatanodeStateMachine (DatanodeStateMachine.java:getEndPointTaskThreadPoolSize(237)) - Datanode State Machine Task Thread Pool size 4
2022-08-14 01:44:38,574 [Listener at 127.0.0.1/45525] INFO  volume.HddsVolume (HddsVolume.java:<init>(116)) - Creating HddsVolume: /home/runner/work/ozone/ozone/hadoop-ozone/integration-test/target/test-dir/MiniOzoneClusterImpl-8ae01b46-865b-4b2e-8bfc-774eabe7d98c/datanode-0/data-0/containers/hdds of storage type : DISK capacity : 9223372036854775807
2022-08-14 01:44:38,577 [Listener at 127.0.0.1/45525] INFO  volume.MutableVolumeSet (MutableVolumeSet.java:initializeVolumeSet(174)) - Added Volume : /home/runner/work/ozone/ozone/hadoop-ozone/integration-test/target/test-dir/MiniOzoneClusterImpl-8ae01b46-865b-4b2e-8bfc-774eabe7d98c/datanode-0/data-0/containers/hdds to VolumeSet
2022-08-14 01:44:38,578 [Listener at 127.0.0.1/45525] INFO  volume.ThrottledAsyncChecker (ThrottledAsyncChecker.java:schedule(141)) - Scheduling a check for /home/runner/work/ozone/ozone/hadoop-ozone/integration-test/target/test-dir/MiniOzoneClusterImpl-8ae01b46-865b-4b2e-8bfc-774eabe7d98c/datanode-0/data-0/containers/hdds
2022-08-14 01:44:38,592 [Listener at 127.0.0.1/45525] INFO  volume.StorageVolumeChecker (StorageVolumeChecker.java:checkAllVolumes(202)) - Scheduled health check for volume /home/runner/work/ozone/ozone/hadoop-ozone/integration-test/target/test-dir/MiniOzoneClusterImpl-8ae01b46-865b-4b2e-8bfc-774eabe7d98c/datanode-0/data-0/containers/hdds
2022-08-14 01:44:38,614 [Listener at 127.0.0.1/45525] INFO  volume.MutableVolumeSet (MutableVolumeSet.java:initializeVolumeSet(174)) - Added Volume : /home/runner/work/ozone/ozone/hadoop-ozone/integration-test/target/test-dir/MiniOzoneClusterImpl-8ae01b46-865b-4b2e-8bfc-774eabe7d98c/datanode-0/data/ratis to VolumeSet
2022-08-14 01:44:38,614 [Listener at 127.0.0.1/45525] INFO  volume.ThrottledAsyncChecker (ThrottledAsyncChecker.java:schedule(141)) - Scheduling a check for /home/runner/work/ozone/ozone/hadoop-ozone/integration-test/target/test-dir/MiniOzoneClusterImpl-8ae01b46-865b-4b2e-8bfc-774eabe7d98c/datanode-0/data/ratis
2022-08-14 01:44:38,614 [Listener at 127.0.0.1/45525] INFO  volume.StorageVolumeChecker (StorageVolumeChecker.java:checkAllVolumes(202)) - Scheduled health check for volume /home/runner/work/ozone/ozone/hadoop-ozone/integration-test/target/test-dir/MiniOzoneClusterImpl-8ae01b46-865b-4b2e-8bfc-774eabe7d98c/datanode-0/data/ratis
2022-08-14 01:44:38,637 [Thread-706] INFO  ozoneimpl.ContainerReader (ContainerReader.java:readVolume(175)) - Finish verifying containers on volume /home/runner/work/ozone/ozone/hadoop-ozone/integration-test/target/test-dir/MiniOzoneClusterImpl-8ae01b46-865b-4b2e-8bfc-774eabe7d98c/datanode-0/data-0/containers/hdds
2022-08-14 01:44:38,637 [Listener at 127.0.0.1/45525] INFO  ozoneimpl.OzoneContainer (OzoneContainer.java:buildContainerSet(299)) - Build ContainerSet costs 0s
2022-08-14 01:44:38,684 [Listener at 127.0.0.1/45525] INFO  audit.AuditLogger (AuditLogger.java:refreshDebugCmdSet(126)) - Refresh DebugCmdSet for DNAudit to [].
2022-08-14 01:44:38,712 [Listener at 127.0.0.1/45525] INFO  server.RaftServer (ConfUtils.java:logGet(46)) - raft.rpc.type = GRPC (default)
2022-08-14 01:44:38,712 [Listener at 127.0.0.1/45525] INFO  grpc.GrpcFactory (GrpcFactory.java:checkPooledByteBufAllocatorUseCacheForAllThreads(48)) - PERFORMANCE WARNING: useCacheForAllThreads is true that may cause Netty to create a lot garbage objects and, as a result, trigger GC.
	It is recommended to disable useCacheForAllThreads by setting -Dorg.apache.ratis.thirdparty.io.netty.allocator.useCacheForAllThreads=false in command line.
2022-08-14 01:44:38,712 [Listener at 127.0.0.1/45525] INFO  grpc.GrpcConfigKeys (ConfUtils.java:logGet(46)) - raft.grpc.admin.port = 0 (custom)
2022-08-14 01:44:38,712 [Listener at 127.0.0.1/45525] INFO  grpc.GrpcConfigKeys (ConfUtils.java:logGet(46)) - raft.grpc.client.port = 0 (custom)
2022-08-14 01:44:38,712 [Listener at 127.0.0.1/45525] INFO  grpc.GrpcConfigKeys (ConfUtils.java:logGet(46)) - raft.grpc.server.port = 0 (default)
2022-08-14 01:44:38,712 [Listener at 127.0.0.1/45525] INFO  server.GrpcService (ConfUtils.java:logGet(46)) - raft.grpc.message.size.max = 32MB (=33554432) (custom)
2022-08-14 01:44:38,713 [Listener at 127.0.0.1/45525] INFO  server.RaftServerConfigKeys (ConfUtils.java:logGet(46)) - raft.server.log.appender.buffer.byte-limit = 33554432 (custom)
2022-08-14 01:44:38,713 [Listener at 127.0.0.1/45525] INFO  server.GrpcService (ConfUtils.java:logGet(46)) - raft.grpc.flow.control.window = 5MB (=5242880) (custom)
2022-08-14 01:44:38,713 [Listener at 127.0.0.1/45525] INFO  server.RaftServerConfigKeys (ConfUtils.java:logGet(46)) - raft.server.rpc.request.timeout = 60s (custom)
2022-08-14 01:44:38,713 [Listener at 127.0.0.1/45525] INFO  grpc.GrpcConfigKeys (ConfUtils.java:logGet(46)) - raft.grpc.server.async.request.thread.pool.cached = true (default)
2022-08-14 01:44:38,713 [Listener at 127.0.0.1/45525] INFO  grpc.GrpcConfigKeys (ConfUtils.java:logGet(46)) - raft.grpc.server.async.request.thread.pool.size = 32 (default)
2022-08-14 01:44:38,714 [Listener at 127.0.0.1/45525] INFO  impl.DataStreamServerImpl (ConfUtils.java:logGet(46)) - raft.datastream.type = DISABLED (default)
2022-08-14 01:44:38,714 [Listener at 127.0.0.1/45525] INFO  server.RaftServerConfigKeys (ConfUtils.java:logGet(46)) - raft.server.threadpool.proxy.cached = true (default)
2022-08-14 01:44:38,715 [Listener at 127.0.0.1/45525] INFO  server.RaftServerConfigKeys (ConfUtils.java:logGet(46)) - raft.server.threadpool.proxy.size = 0 (default)
2022-08-14 01:44:38,715 [Listener at 127.0.0.1/45525] INFO  server.RaftServerConfigKeys (ConfUtils.java:logGet(46)) - raft.server.rpc.slowness.timeout = 300s (custom)
2022-08-14 01:44:38,715 [Listener at 127.0.0.1/45525] INFO  server.RaftServerConfigKeys (ConfUtils.java:logGet(46)) - raft.server.leaderelection.leader.step-down.wait-time = 10s (default)
2022-08-14 01:44:38,715 [Listener at 127.0.0.1/45525] INFO  server.RaftServerConfigKeys (ConfUtils.java:logGet(46)) - raft.server.storage.dir = [/home/runner/work/ozone/ozone/hadoop-ozone/integration-test/target/test-dir/MiniOzoneClusterImpl-8ae01b46-865b-4b2e-8bfc-774eabe7d98c/datanode-0/data/ratis] (custom)
2022-08-14 01:44:38,733 [Listener at 127.0.0.1/45525] INFO  server.XceiverServerGrpc (XceiverServerGrpc.java:<init>(132)) - GrpcServer channel type EpollServerSocketChannel
2022-08-14 01:44:38,799 [Listener at 127.0.0.1/45525] INFO  http.BaseHttpServer (BaseHttpServer.java:newHttpServer2BuilderForOzone(209)) - Starting Web-server for hddsDatanode at: http://0.0.0.0:0
2022-08-14 01:44:38,799 [Listener at 127.0.0.1/45525] INFO  http.BaseHttpServer (BaseHttpServer.java:<init>(107)) - Hadoop Security Enabled: false Ozone Security Enabled: false Ozone HTTP Security Enabled: false 
2022-08-14 01:44:38,801 [Listener at 127.0.0.1/45525] INFO  server.AuthenticationFilter (AuthenticationFilter.java:constructSecretProvider(240)) - Unable to initialize FileSignerSecretProvider, falling back to use random secrets.
2022-08-14 01:44:38,804 [Listener at 127.0.0.1/45525] WARN  http.HttpRequestLog (HttpRequestLog.java:getRequestLog(103)) - Jetty request log can only be enabled using Log4j
2022-08-14 01:44:38,805 [Listener at 127.0.0.1/45525] INFO  http.HttpServer2 (HttpServer2.java:addGlobalFilter(1029)) - Added global filter 'safety' (class=org.apache.hadoop.hdds.server.http.HttpServer2$QuotingInputFilter)
2022-08-14 01:44:38,806 [Listener at 127.0.0.1/45525] INFO  http.HttpServer2 (HttpServer2.java:addFilter(1005)) - Added filter static_user_filter (class=org.apache.hadoop.http.lib.StaticUserWebFilter$StaticUserFilter) to context hddsDatanode
2022-08-14 01:44:38,806 [Listener at 127.0.0.1/45525] INFO  http.HttpServer2 (HttpServer2.java:addFilter(1013)) - Added filter static_user_filter (class=org.apache.hadoop.http.lib.StaticUserWebFilter$StaticUserFilter) to context logs
2022-08-14 01:44:38,807 [Listener at 127.0.0.1/45525] INFO  http.HttpServer2 (HttpServer2.java:addFilter(1013)) - Added filter static_user_filter (class=org.apache.hadoop.http.lib.StaticUserWebFilter$StaticUserFilter) to context static
2022-08-14 01:44:38,807 [Listener at 127.0.0.1/45525] INFO  http.HttpServer2 (HttpServer2.java:bindListener(1248)) - Jetty bound to port 42255
2022-08-14 01:44:38,807 [Listener at 127.0.0.1/45525] INFO  server.Server (Server.java:doStart(375)) - jetty-9.4.43.v20210629; built: 2021-06-30T11:07:22.254Z; git: 526006ecfa3af7f1a27ef3a288e2bef7ea9dd7e8; jvm 1.8.0_332-b09
2022-08-14 01:44:38,816 [Listener at 127.0.0.1/45525] INFO  server.session (DefaultSessionIdManager.java:doStart(334)) - DefaultSessionIdManager workerName=node0
2022-08-14 01:44:38,816 [Listener at 127.0.0.1/45525] INFO  server.session (DefaultSessionIdManager.java:doStart(339)) - No SessionScavenger set, using defaults
2022-08-14 01:44:38,816 [Listener at 127.0.0.1/45525] INFO  server.session (HouseKeeper.java:startScavenging(132)) - node0 Scavenging every 660000ms
2022-08-14 01:44:38,819 [Listener at 127.0.0.1/45525] INFO  handler.ContextHandler (ContextHandler.java:doStart(915)) - Started o.e.j.s.ServletContextHandler@4ae537ce{logs,/logs,file:///home/runner/work/ozone/ozone/hadoop-ozone/integration-test/target/log,AVAILABLE}
2022-08-14 01:44:38,819 [Listener at 127.0.0.1/45525] INFO  handler.ContextHandler (ContextHandler.java:doStart(915)) - Started o.e.j.s.ServletContextHandler@3daf774{static,/static,jar:file:/home/runner/.m2/repository/org/apache/ozone/hdds-container-service/1.3.0-SNAPSHOT/hdds-container-service-1.3.0-SNAPSHOT.jar!/webapps/static,AVAILABLE}
2022-08-14 01:44:39,033 [Listener at 127.0.0.1/45525] INFO  handler.ContextHandler (ContextHandler.java:doStart(915)) - Started o.e.j.w.WebAppContext@747969b2{hddsDatanode,/,file:///tmp/jetty-0_0_0_0-42255-hdds-container-service-1_3_0-SNAPSHOT_jar-_-any-6929857129567770687/webapp/,AVAILABLE}{jar:file:/home/runner/.m2/repository/org/apache/ozone/hdds-container-service/1.3.0-SNAPSHOT/hdds-container-service-1.3.0-SNAPSHOT.jar!/webapps/hddsDatanode}
2022-08-14 01:44:39,036 [Listener at 127.0.0.1/45525] INFO  server.AbstractConnector (AbstractConnector.java:doStart(331)) - Started ServerConnector@7527b28b{HTTP/1.1, (http/1.1)}{0.0.0.0:42255}
2022-08-14 01:44:39,036 [Listener at 127.0.0.1/45525] INFO  server.Server (Server.java:doStart(415)) - Started @27285ms
2022-08-14 01:44:39,036 [Listener at 127.0.0.1/45525] WARN  impl.MetricsSystemImpl (MetricsSystemImpl.java:register(279)) - Sink prometheus already exists!
2022-08-14 01:44:39,037 [Listener at 127.0.0.1/45525] INFO  http.BaseHttpServer (BaseHttpServer.java:updateConnectorAddress(329)) - HTTP server of hddsDatanode listening at http://0.0.0.0:42255
2022-08-14 01:44:39,039 [Datanode State Machine Daemon Thread] INFO  statemachine.DatanodeStateMachine (DatanodeStateMachine.java:lambda$startDaemon$0(492)) - Ozone container server started.
2022-08-14 01:44:39,042 [Listener at 127.0.0.1/45525] WARN  impl.MetricRegistriesImpl (MetricRegistriesImpl.java:addReporterRegistration(111)) - New reporters are added after registries were created. Some metrics will be missing from the reporter. Please add reporter before adding any new registry.
2022-08-14 01:44:39,043 [Listener at 127.0.0.1/45525] WARN  impl.MetricRegistriesImpl (MetricRegistriesImpl.java:addReporterRegistration(111)) - New reporters are added after registries were created. Some metrics will be missing from the reporter. Please add reporter before adding any new registry.
2022-08-14 01:44:39,043 [Listener at 127.0.0.1/45525] INFO  impl.MetricsSystemImpl (MetricsSystemImpl.java:init(158)) - HddsDatanode metrics system started (again)
2022-08-14 01:44:39,058 [org.apache.hadoop.util.JvmPauseMonitor$Monitor@30ed3ccc] INFO  util.JvmPauseMonitor (JvmPauseMonitor.java:run(188)) - Starting JVM pause monitor
2022-08-14 01:44:39,064 [Datanode State Machine Task Thread - 0] INFO  ha.SCMNodeInfo (SCMNodeInfo.java:getPort(197)) - ConfigKey ozone.scm.client.address is deprecated, For configuring different ports for each SCM use PortConfigKey ozone.scm.client.port appended with serviceId and nodeId
2022-08-14 01:44:39,068 [Datanode State Machine Task Thread - 0] INFO  ha.SCMNodeInfo (SCMNodeInfo.java:getPort(197)) - ConfigKey ozone.scm.block.client.address is deprecated, For configuring different ports for each SCM use PortConfigKey ozone.scm.block.client.port appended with serviceId and nodeId
2022-08-14 01:44:39,068 [Datanode State Machine Task Thread - 0] INFO  ha.SCMNodeInfo (SCMNodeInfo.java:getPort(197)) - ConfigKey ozone.scm.datanode.address is deprecated, For configuring different ports for each SCM use PortConfigKey ozone.scm.datanode.port appended with serviceId and nodeId
2022-08-14 01:44:39,068 [Datanode State Machine Task Thread - 0] INFO  ha.SCMNodeInfo (SCMNodeInfo.java:getPort(197)) - ConfigKey ozone.scm.client.address is deprecated, For configuring different ports for each SCM use PortConfigKey ozone.scm.client.port appended with serviceId and nodeId
2022-08-14 01:44:39,068 [Datanode State Machine Task Thread - 0] INFO  ha.SCMNodeInfo (SCMNodeInfo.java:getPort(197)) - ConfigKey ozone.scm.block.client.address is deprecated, For configuring different ports for each SCM use PortConfigKey ozone.scm.block.client.port appended with serviceId and nodeId
2022-08-14 01:44:39,068 [Datanode State Machine Task Thread - 0] INFO  ha.SCMNodeInfo (SCMNodeInfo.java:getPort(197)) - ConfigKey ozone.scm.datanode.address is deprecated, For configuring different ports for each SCM use PortConfigKey ozone.scm.datanode.port appended with serviceId and nodeId
2022-08-14 01:44:39,068 [Datanode State Machine Task Thread - 0] INFO  ha.SCMNodeInfo (SCMNodeInfo.java:getPort(197)) - ConfigKey ozone.scm.client.address is deprecated, For configuring different ports for each SCM use PortConfigKey ozone.scm.client.port appended with serviceId and nodeId
2022-08-14 01:44:39,068 [Datanode State Machine Task Thread - 0] INFO  ha.SCMNodeInfo (SCMNodeInfo.java:getPort(197)) - ConfigKey ozone.scm.block.client.address is deprecated, For configuring different ports for each SCM use PortConfigKey ozone.scm.block.client.port appended with serviceId and nodeId
2022-08-14 01:44:39,068 [Datanode State Machine Task Thread - 0] INFO  ha.SCMNodeInfo (SCMNodeInfo.java:getPort(197)) - ConfigKey ozone.scm.datanode.address is deprecated, For configuring different ports for each SCM use PortConfigKey ozone.scm.datanode.port appended with serviceId and nodeId
2022-08-14 01:44:39,073 [Listener at 127.0.0.1/45525] INFO  ozone.HddsDatanodeService (HddsDatanodeService.java:start(236)) - HddsDatanodeService host:fv-az372-557.fpurzmrfq4yepahtqlmhmwc2oh.dx.internal.cloudapp.net ip:10.1.0.7
2022-08-14 01:44:39,107 [Listener at 127.0.0.1/45525] INFO  upgrade.AbstractLayoutVersionManager (AbstractLayoutVersionManager.java:init(83)) - Initializing Layout version manager with metadata layout = DATANODE_SCHEMA_V3 (version = 4), software layout = DATANODE_SCHEMA_V3 (version = 4)
2022-08-14 01:44:39,187 [Datanode State Machine Task Thread - 0] INFO  datanode.InitDatanodeState (InitDatanodeState.java:persistContainerDatanodeDetails(138)) - DatanodeDetails is persisted to /home/runner/work/ozone/ozone/hadoop-ozone/integration-test/target/test-dir/MiniOzoneClusterImpl-8ae01b46-865b-4b2e-8bfc-774eabe7d98c/datanode-0/meta/datanode.id
2022-08-14 01:44:39,209 [Listener at 127.0.0.1/45525] INFO  reflections.Reflections (Reflections.java:scan(232)) - Reflections took 91 ms to scan 7 urls, producing 132 keys and 321 values 
2022-08-14 01:44:39,211 [Listener at 127.0.0.1/45525] INFO  ha.SCMNodeInfo (SCMNodeInfo.java:getPort(197)) - ConfigKey ozone.scm.client.address is deprecated, For configuring different ports for each SCM use PortConfigKey ozone.scm.client.port appended with serviceId and nodeId
2022-08-14 01:44:39,211 [Listener at 127.0.0.1/45525] INFO  ha.SCMNodeInfo (SCMNodeInfo.java:getPort(197)) - ConfigKey ozone.scm.block.client.address is deprecated, For configuring different ports for each SCM use PortConfigKey ozone.scm.block.client.port appended with serviceId and nodeId
2022-08-14 01:44:39,211 [Listener at 127.0.0.1/45525] INFO  ha.SCMNodeInfo (SCMNodeInfo.java:getPort(197)) - ConfigKey ozone.scm.datanode.address is deprecated, For configuring different ports for each SCM use PortConfigKey ozone.scm.datanode.port appended with serviceId and nodeId
2022-08-14 01:44:39,211 [Listener at 127.0.0.1/45525] INFO  ha.SCMNodeInfo (SCMNodeInfo.java:getPort(197)) - ConfigKey ozone.scm.client.address is deprecated, For configuring different ports for each SCM use PortConfigKey ozone.scm.client.port appended with serviceId and nodeId
2022-08-14 01:44:39,211 [Listener at 127.0.0.1/45525] INFO  ha.SCMNodeInfo (SCMNodeInfo.java:getPort(197)) - ConfigKey ozone.scm.block.client.address is deprecated, For configuring different ports for each SCM use PortConfigKey ozone.scm.block.client.port appended with serviceId and nodeId
2022-08-14 01:44:39,211 [Listener at 127.0.0.1/45525] INFO  ha.SCMNodeInfo (SCMNodeInfo.java:getPort(197)) - ConfigKey ozone.scm.datanode.address is deprecated, For configuring different ports for each SCM use PortConfigKey ozone.scm.datanode.port appended with serviceId and nodeId
2022-08-14 01:44:39,211 [Listener at 127.0.0.1/45525] INFO  ha.SCMNodeInfo (SCMNodeInfo.java:getPort(197)) - ConfigKey ozone.scm.client.address is deprecated, For configuring different ports for each SCM use PortConfigKey ozone.scm.client.port appended with serviceId and nodeId
2022-08-14 01:44:39,212 [Listener at 127.0.0.1/45525] INFO  ha.SCMNodeInfo (SCMNodeInfo.java:getPort(197)) - ConfigKey ozone.scm.block.client.address is deprecated, For configuring different ports for each SCM use PortConfigKey ozone.scm.block.client.port appended with serviceId and nodeId
2022-08-14 01:44:39,212 [Listener at 127.0.0.1/45525] INFO  ha.SCMNodeInfo (SCMNodeInfo.java:getPort(197)) - ConfigKey ozone.scm.datanode.address is deprecated, For configuring different ports for each SCM use PortConfigKey ozone.scm.datanode.port appended with serviceId and nodeId
2022-08-14 01:44:39,212 [Listener at 127.0.0.1/45525] INFO  statemachine.DatanodeStateMachine (DatanodeStateMachine.java:getEndPointTaskThreadPoolSize(237)) - Datanode State Machine Task Thread Pool size 4
2022-08-14 01:44:39,214 [Listener at 127.0.0.1/45525] INFO  volume.HddsVolume (HddsVolume.java:<init>(116)) - Creating HddsVolume: /home/runner/work/ozone/ozone/hadoop-ozone/integration-test/target/test-dir/MiniOzoneClusterImpl-8ae01b46-865b-4b2e-8bfc-774eabe7d98c/datanode-1/data-0/containers/hdds of storage type : DISK capacity : 9223372036854775807
2022-08-14 01:44:39,214 [Listener at 127.0.0.1/45525] INFO  volume.MutableVolumeSet (MutableVolumeSet.java:initializeVolumeSet(174)) - Added Volume : /home/runner/work/ozone/ozone/hadoop-ozone/integration-test/target/test-dir/MiniOzoneClusterImpl-8ae01b46-865b-4b2e-8bfc-774eabe7d98c/datanode-1/data-0/containers/hdds to VolumeSet
2022-08-14 01:44:39,215 [Listener at 127.0.0.1/45525] INFO  volume.ThrottledAsyncChecker (ThrottledAsyncChecker.java:schedule(141)) - Scheduling a check for /home/runner/work/ozone/ozone/hadoop-ozone/integration-test/target/test-dir/MiniOzoneClusterImpl-8ae01b46-865b-4b2e-8bfc-774eabe7d98c/datanode-1/data-0/containers/hdds
2022-08-14 01:44:39,215 [Listener at 127.0.0.1/45525] INFO  volume.StorageVolumeChecker (StorageVolumeChecker.java:checkAllVolumes(202)) - Scheduled health check for volume /home/runner/work/ozone/ozone/hadoop-ozone/integration-test/target/test-dir/MiniOzoneClusterImpl-8ae01b46-865b-4b2e-8bfc-774eabe7d98c/datanode-1/data-0/containers/hdds
2022-08-14 01:44:39,228 [Listener at 127.0.0.1/45525] INFO  volume.MutableVolumeSet (MutableVolumeSet.java:initializeVolumeSet(174)) - Added Volume : /home/runner/work/ozone/ozone/hadoop-ozone/integration-test/target/test-dir/MiniOzoneClusterImpl-8ae01b46-865b-4b2e-8bfc-774eabe7d98c/datanode-1/data/ratis to VolumeSet
2022-08-14 01:44:39,228 [Listener at 127.0.0.1/45525] INFO  volume.ThrottledAsyncChecker (ThrottledAsyncChecker.java:schedule(141)) - Scheduling a check for /home/runner/work/ozone/ozone/hadoop-ozone/integration-test/target/test-dir/MiniOzoneClusterImpl-8ae01b46-865b-4b2e-8bfc-774eabe7d98c/datanode-1/data/ratis
2022-08-14 01:44:39,228 [Listener at 127.0.0.1/45525] INFO  volume.StorageVolumeChecker (StorageVolumeChecker.java:checkAllVolumes(202)) - Scheduled health check for volume /home/runner/work/ozone/ozone/hadoop-ozone/integration-test/target/test-dir/MiniOzoneClusterImpl-8ae01b46-865b-4b2e-8bfc-774eabe7d98c/datanode-1/data/ratis
2022-08-14 01:44:39,240 [Thread-721] INFO  ozoneimpl.ContainerReader (ContainerReader.java:readVolume(175)) - Finish verifying containers on volume /home/runner/work/ozone/ozone/hadoop-ozone/integration-test/target/test-dir/MiniOzoneClusterImpl-8ae01b46-865b-4b2e-8bfc-774eabe7d98c/datanode-1/data-0/containers/hdds
2022-08-14 01:44:39,242 [Listener at 127.0.0.1/45525] INFO  ozoneimpl.OzoneContainer (OzoneContainer.java:buildContainerSet(299)) - Build ContainerSet costs 0s
2022-08-14 01:44:39,246 [Listener at 127.0.0.1/45525] INFO  server.RaftServer (ConfUtils.java:logGet(46)) - raft.rpc.type = GRPC (default)
2022-08-14 01:44:39,246 [Listener at 127.0.0.1/45525] INFO  grpc.GrpcFactory (GrpcFactory.java:checkPooledByteBufAllocatorUseCacheForAllThreads(48)) - PERFORMANCE WARNING: useCacheForAllThreads is true that may cause Netty to create a lot garbage objects and, as a result, trigger GC.
	It is recommended to disable useCacheForAllThreads by setting -Dorg.apache.ratis.thirdparty.io.netty.allocator.useCacheForAllThreads=false in command line.
2022-08-14 01:44:39,246 [Listener at 127.0.0.1/45525] INFO  grpc.GrpcConfigKeys (ConfUtils.java:logGet(46)) - raft.grpc.admin.port = 0 (custom)
2022-08-14 01:44:39,246 [Listener at 127.0.0.1/45525] INFO  grpc.GrpcConfigKeys (ConfUtils.java:logGet(46)) - raft.grpc.client.port = 0 (custom)
2022-08-14 01:44:39,246 [Listener at 127.0.0.1/45525] INFO  grpc.GrpcConfigKeys (ConfUtils.java:logGet(46)) - raft.grpc.server.port = 0 (default)
2022-08-14 01:44:39,246 [Listener at 127.0.0.1/45525] INFO  server.GrpcService (ConfUtils.java:logGet(46)) - raft.grpc.message.size.max = 32MB (=33554432) (custom)
2022-08-14 01:44:39,247 [Listener at 127.0.0.1/45525] INFO  server.RaftServerConfigKeys (ConfUtils.java:logGet(46)) - raft.server.log.appender.buffer.byte-limit = 33554432 (custom)
2022-08-14 01:44:39,247 [Listener at 127.0.0.1/45525] INFO  server.GrpcService (ConfUtils.java:logGet(46)) - raft.grpc.flow.control.window = 5MB (=5242880) (custom)
2022-08-14 01:44:39,247 [Listener at 127.0.0.1/45525] INFO  server.RaftServerConfigKeys (ConfUtils.java:logGet(46)) - raft.server.rpc.request.timeout = 60s (custom)
2022-08-14 01:44:39,247 [Listener at 127.0.0.1/45525] INFO  grpc.GrpcConfigKeys (ConfUtils.java:logGet(46)) - raft.grpc.server.async.request.thread.pool.cached = true (default)
2022-08-14 01:44:39,247 [Listener at 127.0.0.1/45525] INFO  grpc.GrpcConfigKeys (ConfUtils.java:logGet(46)) - raft.grpc.server.async.request.thread.pool.size = 32 (default)
2022-08-14 01:44:39,248 [Listener at 127.0.0.1/45525] INFO  impl.DataStreamServerImpl (ConfUtils.java:logGet(46)) - raft.datastream.type = DISABLED (default)
2022-08-14 01:44:39,249 [Listener at 127.0.0.1/45525] INFO  server.RaftServerConfigKeys (ConfUtils.java:logGet(46)) - raft.server.threadpool.proxy.cached = true (default)
2022-08-14 01:44:39,249 [Listener at 127.0.0.1/45525] INFO  server.RaftServerConfigKeys (ConfUtils.java:logGet(46)) - raft.server.threadpool.proxy.size = 0 (default)
2022-08-14 01:44:39,249 [Listener at 127.0.0.1/45525] INFO  server.RaftServerConfigKeys (ConfUtils.java:logGet(46)) - raft.server.rpc.slowness.timeout = 300s (custom)
2022-08-14 01:44:39,249 [Listener at 127.0.0.1/45525] INFO  server.RaftServerConfigKeys (ConfUtils.java:logGet(46)) - raft.server.leaderelection.leader.step-down.wait-time = 10s (default)
2022-08-14 01:44:39,249 [Listener at 127.0.0.1/45525] INFO  server.RaftServerConfigKeys (ConfUtils.java:logGet(46)) - raft.server.storage.dir = [/home/runner/work/ozone/ozone/hadoop-ozone/integration-test/target/test-dir/MiniOzoneClusterImpl-8ae01b46-865b-4b2e-8bfc-774eabe7d98c/datanode-1/data/ratis] (custom)
2022-08-14 01:44:39,256 [Listener at 127.0.0.1/45525] INFO  server.XceiverServerGrpc (XceiverServerGrpc.java:<init>(132)) - GrpcServer channel type EpollServerSocketChannel
2022-08-14 01:44:39,265 [Listener at 127.0.0.1/45525] INFO  http.BaseHttpServer (BaseHttpServer.java:newHttpServer2BuilderForOzone(209)) - Starting Web-server for hddsDatanode at: http://0.0.0.0:0
2022-08-14 01:44:39,265 [Listener at 127.0.0.1/45525] INFO  http.BaseHttpServer (BaseHttpServer.java:<init>(107)) - Hadoop Security Enabled: false Ozone Security Enabled: false Ozone HTTP Security Enabled: false 
2022-08-14 01:44:39,267 [Listener at 127.0.0.1/45525] INFO  server.AuthenticationFilter (AuthenticationFilter.java:constructSecretProvider(240)) - Unable to initialize FileSignerSecretProvider, falling back to use random secrets.
2022-08-14 01:44:39,268 [Listener at 127.0.0.1/45525] WARN  http.HttpRequestLog (HttpRequestLog.java:getRequestLog(103)) - Jetty request log can only be enabled using Log4j
2022-08-14 01:44:39,269 [Listener at 127.0.0.1/45525] INFO  http.HttpServer2 (HttpServer2.java:addGlobalFilter(1029)) - Added global filter 'safety' (class=org.apache.hadoop.hdds.server.http.HttpServer2$QuotingInputFilter)
2022-08-14 01:44:39,270 [Listener at 127.0.0.1/45525] INFO  http.HttpServer2 (HttpServer2.java:addFilter(1005)) - Added filter static_user_filter (class=org.apache.hadoop.http.lib.StaticUserWebFilter$StaticUserFilter) to context hddsDatanode
2022-08-14 01:44:39,270 [Listener at 127.0.0.1/45525] INFO  http.HttpServer2 (HttpServer2.java:addFilter(1013)) - Added filter static_user_filter (class=org.apache.hadoop.http.lib.StaticUserWebFilter$StaticUserFilter) to context logs
2022-08-14 01:44:39,270 [Listener at 127.0.0.1/45525] INFO  http.HttpServer2 (HttpServer2.java:addFilter(1013)) - Added filter static_user_filter (class=org.apache.hadoop.http.lib.StaticUserWebFilter$StaticUserFilter) to context static
2022-08-14 01:44:39,271 [Listener at 127.0.0.1/45525] INFO  http.HttpServer2 (HttpServer2.java:bindListener(1248)) - Jetty bound to port 33797
2022-08-14 01:44:39,271 [Listener at 127.0.0.1/45525] INFO  server.Server (Server.java:doStart(375)) - jetty-9.4.43.v20210629; built: 2021-06-30T11:07:22.254Z; git: 526006ecfa3af7f1a27ef3a288e2bef7ea9dd7e8; jvm 1.8.0_332-b09
2022-08-14 01:44:39,276 [Listener at 127.0.0.1/45525] INFO  server.session (DefaultSessionIdManager.java:doStart(334)) - DefaultSessionIdManager workerName=node0
2022-08-14 01:44:39,276 [Listener at 127.0.0.1/45525] INFO  server.session (DefaultSessionIdManager.java:doStart(339)) - No SessionScavenger set, using defaults
2022-08-14 01:44:39,277 [Listener at 127.0.0.1/45525] INFO  server.session (HouseKeeper.java:startScavenging(132)) - node0 Scavenging every 600000ms
2022-08-14 01:44:39,278 [Listener at 127.0.0.1/45525] INFO  handler.ContextHandler (ContextHandler.java:doStart(915)) - Started o.e.j.s.ServletContextHandler@96319db{logs,/logs,file:///home/runner/work/ozone/ozone/hadoop-ozone/integration-test/target/log,AVAILABLE}
2022-08-14 01:44:39,278 [Listener at 127.0.0.1/45525] INFO  handler.ContextHandler (ContextHandler.java:doStart(915)) - Started o.e.j.s.ServletContextHandler@64d4e9d9{static,/static,jar:file:/home/runner/.m2/repository/org/apache/ozone/hdds-container-service/1.3.0-SNAPSHOT/hdds-container-service-1.3.0-SNAPSHOT.jar!/webapps/static,AVAILABLE}
2022-08-14 01:44:39,333 [omNode-2@group-6C22E66A003A-FollowerState] INFO  impl.FollowerState (FollowerState.java:run(143)) - omNode-2@group-6C22E66A003A-FollowerState: change to CANDIDATE, lastRpcElapsedTime:1052013800ns, electionTimeout:1043ms
2022-08-14 01:44:39,333 [omNode-2@group-6C22E66A003A-FollowerState] INFO  impl.RoleInfo (RoleInfo.java:shutdownFollowerState(110)) - omNode-2: shutdown omNode-2@group-6C22E66A003A-FollowerState
2022-08-14 01:44:39,333 [omNode-2@group-6C22E66A003A-FollowerState] INFO  server.RaftServer$Division (RaftServerImpl.java:setRole(299)) - omNode-2@group-6C22E66A003A: changes role from  FOLLOWER to CANDIDATE at term 2 for changeToCandidate
2022-08-14 01:44:39,334 [omNode-2@group-6C22E66A003A-FollowerState] INFO  server.RaftServerConfigKeys (ConfUtils.java:logGet(46)) - raft.server.leaderelection.pre-vote = false (custom)
2022-08-14 01:44:39,334 [omNode-2@group-6C22E66A003A-FollowerState] INFO  impl.RoleInfo (RoleInfo.java:updateAndGet(139)) - omNode-2: start omNode-2@group-6C22E66A003A-LeaderElection6
2022-08-14 01:44:39,356 [omNode-2@group-6C22E66A003A-LeaderElection6] INFO  impl.LeaderElection (LeaderElection.java:askForVotes(310)) - omNode-2@group-6C22E66A003A-LeaderElection6 ELECTION round 0: submit vote requests at term 3 for 0: [omNode-3|rpc:localhost:41225|admin:|client:|dataStream:|priority:0, omNode-1|rpc:localhost:33957|admin:|client:|dataStream:|priority:0, omNode-2|rpc:localhost:41305|admin:|client:|dataStream:|priority:0], old=null
2022-08-14 01:44:39,385 [grpc-default-executor-0] INFO  server.RaftServer$Division (RaftServerImpl.java:requestVote(1152)) - omNode-3@group-6C22E66A003A: receive requestVote(ELECTION, omNode-2, group-6C22E66A003A, 3, (t:1, i:0))
2022-08-14 01:44:39,385 [grpc-default-executor-0] INFO  impl.VoteContext (VoteContext.java:log(48)) - omNode-3@group-6C22E66A003A-FOLLOWER: accept ELECTION from omNode-2: our priority 0 <= candidate's priority 0
2022-08-14 01:44:39,385 [grpc-default-executor-0] INFO  server.RaftServer$Division (ServerState.java:setLeader(287)) - omNode-3@group-6C22E66A003A: change Leader from omNode-2 to null at term 3 for updateCurrentTerm
2022-08-14 01:44:39,385 [grpc-default-executor-0] INFO  server.RaftServer$Division (RaftServerImpl.java:setRole(299)) - omNode-3@group-6C22E66A003A: changes role from  FOLLOWER to FOLLOWER at term 3 for candidate:omNode-2
2022-08-14 01:44:39,385 [grpc-default-executor-0] INFO  impl.RoleInfo (RoleInfo.java:shutdownFollowerState(110)) - omNode-3: shutdown omNode-3@group-6C22E66A003A-FollowerState
2022-08-14 01:44:39,385 [omNode-3@group-6C22E66A003A-FollowerState] INFO  impl.FollowerState (FollowerState.java:run(152)) - omNode-3@group-6C22E66A003A-FollowerState was interrupted
2022-08-14 01:44:39,385 [grpc-default-executor-0] INFO  impl.RoleInfo (RoleInfo.java:updateAndGet(139)) - omNode-3: start omNode-3@group-6C22E66A003A-FollowerState
2022-08-14 01:44:39,389 [grpc-default-executor-1] INFO  server.RaftServer$Division (RaftServerImpl.java:requestVote(1152)) - omNode-1@group-6C22E66A003A: receive requestVote(ELECTION, omNode-2, group-6C22E66A003A, 3, (t:1, i:0))
2022-08-14 01:44:39,389 [grpc-default-executor-0] INFO  server.RaftServer$Division (RaftServerImpl.java:requestVote(1184)) - omNode-3@group-6C22E66A003A replies to ELECTION vote request: omNode-2<-omNode-3#0:OK-t3. Peer's state: omNode-3@group-6C22E66A003A:t3, leader=null, voted=omNode-2, raftlog=omNode-3@group-6C22E66A003A-SegmentedRaftLog:OPENED:c0, conf=0: [omNode-3|rpc:localhost:41225|admin:|client:|dataStream:|priority:0, omNode-1|rpc:localhost:33957|admin:|client:|dataStream:|priority:0, omNode-2|rpc:localhost:41305|admin:|client:|dataStream:|priority:0], old=null
2022-08-14 01:44:39,389 [grpc-default-executor-1] INFO  impl.VoteContext (VoteContext.java:log(48)) - omNode-1@group-6C22E66A003A-FOLLOWER: accept ELECTION from omNode-2: our last entry (t:0, i:~) < candidate's last entry (t:1, i:0)
2022-08-14 01:44:39,389 [grpc-default-executor-1] INFO  server.RaftServer$Division (RaftServerImpl.java:setRole(299)) - omNode-1@group-6C22E66A003A: changes role from  FOLLOWER to FOLLOWER at term 3 for candidate:omNode-2
2022-08-14 01:44:39,390 [grpc-default-executor-1] INFO  impl.RoleInfo (RoleInfo.java:shutdownFollowerState(110)) - omNode-1: shutdown omNode-1@group-6C22E66A003A-FollowerState
2022-08-14 01:44:39,390 [omNode-1@group-6C22E66A003A-FollowerState] INFO  impl.FollowerState (FollowerState.java:run(152)) - omNode-1@group-6C22E66A003A-FollowerState was interrupted
2022-08-14 01:44:39,391 [omNode-2@group-6C22E66A003A-LeaderElection6] INFO  impl.LeaderElection (LeaderElection.java:logAndReturn(90)) - omNode-2@group-6C22E66A003A-LeaderElection6: ELECTION PASSED received 1 response(s) and 0 exception(s):
2022-08-14 01:44:39,392 [omNode-2@group-6C22E66A003A-LeaderElection6] INFO  impl.LeaderElection (LeaderElection.java:logAndReturn(94)) -   Response 0: omNode-2<-omNode-3#0:OK-t3
2022-08-14 01:44:39,392 [omNode-2@group-6C22E66A003A-LeaderElection6] INFO  impl.LeaderElection (LeaderElection.java:askForVotes(312)) - omNode-2@group-6C22E66A003A-LeaderElection6 ELECTION round 0: result PASSED
2022-08-14 01:44:39,392 [omNode-2@group-6C22E66A003A-LeaderElection6] INFO  impl.RoleInfo (RoleInfo.java:shutdownLeaderElection(130)) - omNode-2: shutdown omNode-2@group-6C22E66A003A-LeaderElection6
2022-08-14 01:44:39,392 [omNode-2@group-6C22E66A003A-LeaderElection6] INFO  server.RaftServer$Division (RaftServerImpl.java:setRole(299)) - omNode-2@group-6C22E66A003A: changes role from CANDIDATE to LEADER at term 3 for changeToLeader
2022-08-14 01:44:39,392 [omNode-2@group-6C22E66A003A-LeaderElection6] INFO  server.RaftServer$Division (ServerState.java:setLeader(287)) - omNode-2@group-6C22E66A003A: change Leader from null to omNode-2 at term 3 for becomeLeader, leader elected after 1148ms
2022-08-14 01:44:39,392 [omNode-2@group-6C22E66A003A-LeaderElection6] INFO  server.RaftServerConfigKeys (ConfUtils.java:logGet(46)) - raft.server.staging.catchup.gap = 1000 (default)
2022-08-14 01:44:39,393 [omNode-2@group-6C22E66A003A-LeaderElection6] INFO  server.RaftServerConfigKeys (ConfUtils.java:logGet(46)) - raft.server.write.element-limit = 4096 (default)
2022-08-14 01:44:39,393 [omNode-2@group-6C22E66A003A-LeaderElection6] INFO  server.RaftServerConfigKeys (ConfUtils.java:logGet(46)) - raft.server.write.byte-limit = 64MB (=67108864) (default)
2022-08-14 01:44:39,393 [omNode-2@group-6C22E66A003A-LeaderElection6] INFO  server.RaftServerConfigKeys (ConfUtils.java:logGet(46)) - raft.server.watch.timeout = 10s (default)
2022-08-14 01:44:39,393 [omNode-2@group-6C22E66A003A-LeaderElection6] INFO  server.RaftServerConfigKeys (ConfUtils.java:logGet(46)) - raft.server.watch.timeout.denomination = 1s (default)
2022-08-14 01:44:39,393 [omNode-2@group-6C22E66A003A-LeaderElection6] INFO  server.RaftServerConfigKeys (ConfUtils.java:logGet(46)) - raft.server.watch.element-limit = 65536 (default)
2022-08-14 01:44:39,393 [omNode-2@group-6C22E66A003A-LeaderElection6] INFO  server.RaftServerConfigKeys (ConfUtils.java:logGet(46)) - raft.server.write.element-limit = 4096 (default)
2022-08-14 01:44:39,393 [omNode-2@group-6C22E66A003A-LeaderElection6] INFO  server.RaftServerConfigKeys (ConfUtils.java:logGet(46)) - raft.server.write.follower.gap.ratio.max = -1.0 (default)
2022-08-14 01:44:39,390 [grpc-default-executor-1] INFO  impl.RoleInfo (RoleInfo.java:updateAndGet(139)) - omNode-1: start omNode-1@group-6C22E66A003A-FollowerState
2022-08-14 01:44:39,394 [omNode-2@group-6C22E66A003A-LeaderElection6] INFO  server.RaftServerConfigKeys (ConfUtils.java:logGet(46)) - raft.server.log.appender.snapshot.chunk.size.max = 16MB (=16777216) (default)
2022-08-14 01:44:39,394 [omNode-2@group-6C22E66A003A-LeaderElection6] INFO  server.RaftServerConfigKeys (ConfUtils.java:logGet(46)) - raft.server.log.appender.buffer.byte-limit = 33554432 (custom)
2022-08-14 01:44:39,394 [omNode-2@group-6C22E66A003A-LeaderElection6] INFO  server.RaftServerConfigKeys (ConfUtils.java:logGet(46)) - raft.server.log.appender.buffer.element-limit = 1024 (custom)
2022-08-14 01:44:39,408 [omNode-2@group-6C22E66A003A-LeaderElection6] INFO  grpc.GrpcConfigKeys (ConfUtils.java:logGet(46)) - raft.grpc.server.leader.outstanding.appends.max = 128 (default)
2022-08-14 01:44:39,408 [grpc-default-executor-1] INFO  server.RaftServer$Division (RaftServerImpl.java:requestVote(1184)) - omNode-1@group-6C22E66A003A replies to ELECTION vote request: omNode-2<-omNode-1#0:OK-t3. Peer's state: omNode-1@group-6C22E66A003A:t3, leader=null, voted=omNode-2, raftlog=omNode-1@group-6C22E66A003A-SegmentedRaftLog:OPENED:c-1, conf=-1: [omNode-3|rpc:localhost:41225|priority:0, omNode-1|rpc:localhost:33957|priority:0, omNode-2|rpc:localhost:41305|priority:0], old=null
2022-08-14 01:44:39,408 [omNode-2@group-6C22E66A003A-LeaderElection6] INFO  server.RaftServerConfigKeys (ConfUtils.java:logGet(46)) - raft.server.rpc.request.timeout = 3000ms (default)
2022-08-14 01:44:39,408 [omNode-2@group-6C22E66A003A-LeaderElection6] INFO  server.RaftServerConfigKeys (ConfUtils.java:logGet(46)) - raft.server.log.appender.install.snapshot.enabled = false (custom)
2022-08-14 01:44:39,409 [omNode-2@group-6C22E66A003A-LeaderElection6] INFO  server.RaftServerConfigKeys (ConfUtils.java:logGet(46)) - raft.server.log.appender.snapshot.chunk.size.max = 16MB (=16777216) (default)
2022-08-14 01:44:39,409 [omNode-2@group-6C22E66A003A-LeaderElection6] INFO  server.RaftServerConfigKeys (ConfUtils.java:logGet(46)) - raft.server.log.appender.buffer.byte-limit = 33554432 (custom)
2022-08-14 01:44:39,409 [omNode-2@group-6C22E66A003A-LeaderElection6] INFO  server.RaftServerConfigKeys (ConfUtils.java:logGet(46)) - raft.server.log.appender.buffer.element-limit = 1024 (custom)
2022-08-14 01:44:39,409 [omNode-2@group-6C22E66A003A-LeaderElection6] INFO  grpc.GrpcConfigKeys (ConfUtils.java:logGet(46)) - raft.grpc.server.leader.outstanding.appends.max = 128 (default)
2022-08-14 01:44:39,409 [omNode-2@group-6C22E66A003A-LeaderElection6] INFO  server.RaftServerConfigKeys (ConfUtils.java:logGet(46)) - raft.server.rpc.request.timeout = 3000ms (default)
2022-08-14 01:44:39,410 [omNode-2@group-6C22E66A003A-LeaderElection6] INFO  server.RaftServerConfigKeys (ConfUtils.java:logGet(46)) - raft.server.log.appender.install.snapshot.enabled = false (custom)
2022-08-14 01:44:39,410 [omNode-2@group-6C22E66A003A-LeaderElection6] INFO  impl.RoleInfo (RoleInfo.java:updateAndGet(139)) - omNode-2: start omNode-2@group-6C22E66A003A-LeaderStateImpl
2022-08-14 01:44:39,410 [omNode-2@group-6C22E66A003A-LeaderElection6] INFO  segmented.SegmentedRaftLogWorker (SegmentedRaftLogWorker.java:rollLogSegment(430)) - omNode-2@group-6C22E66A003A-SegmentedRaftLogWorker: Rolling segment log-0_0 to index:0
2022-08-14 01:44:39,411 [omNode-2@group-6C22E66A003A-SegmentedRaftLogWorker] INFO  segmented.SegmentedRaftLogWorker (SegmentedRaftLogWorker.java:execute(586)) - omNode-2@group-6C22E66A003A-SegmentedRaftLogWorker: Rolled log segment from /home/runner/work/ozone/ozone/hadoop-ozone/integration-test/target/test-dir/MiniOzoneClusterImpl-8ae01b46-865b-4b2e-8bfc-774eabe7d98c/omNode-2/ratis/9c9825ce-8ba7-3ee6-a7c3-6c22e66a003a/current/log_inprogress_0 to /home/runner/work/ozone/ozone/hadoop-ozone/integration-test/target/test-dir/MiniOzoneClusterImpl-8ae01b46-865b-4b2e-8bfc-774eabe7d98c/omNode-2/ratis/9c9825ce-8ba7-3ee6-a7c3-6c22e66a003a/current/log_0-0
2022-08-14 01:44:39,414 [omNode-3-server-thread1] INFO  server.RaftServer$Division (ServerState.java:setLeader(287)) - omNode-3@group-6C22E66A003A: change Leader from null to omNode-2 at term 3 for appendEntries, leader elected after 28ms
2022-08-14 01:44:39,416 [omNode-2@group-6C22E66A003A-LeaderElection6] INFO  server.RaftServer$Division (ServerState.java:setRaftConf(393)) - omNode-2@group-6C22E66A003A: set configuration 1: [omNode-3|rpc:localhost:41225|admin:|client:|dataStream:|priority:0, omNode-1|rpc:localhost:33957|admin:|client:|dataStream:|priority:0, omNode-2|rpc:localhost:41305|admin:|client:|dataStream:|priority:0], old=null
2022-08-14 01:44:39,425 [omNode-2@group-6C22E66A003A-SegmentedRaftLogWorker] INFO  segmented.SegmentedRaftLogWorker (SegmentedRaftLogWorker.java:execute(629)) - omNode-2@group-6C22E66A003A-SegmentedRaftLogWorker: created new log segment /home/runner/work/ozone/ozone/hadoop-ozone/integration-test/target/test-dir/MiniOzoneClusterImpl-8ae01b46-865b-4b2e-8bfc-774eabe7d98c/omNode-2/ratis/9c9825ce-8ba7-3ee6-a7c3-6c22e66a003a/current/log_inprogress_1
2022-08-14 01:44:39,428 [omNode-1-server-thread1] INFO  server.RaftServer$Division (ServerState.java:setLeader(287)) - omNode-1@group-6C22E66A003A: change Leader from null to omNode-2 at term 3 for appendEntries, leader elected after 4459ms
2022-08-14 01:44:39,428 [omNode-1-server-thread1] INFO  server.RaftServer$Division (RaftServerImpl.java:checkInconsistentAppendEntries(1424)) - omNode-1@group-6C22E66A003A: Failed appendEntries as previous log entry ((t:1, i:0)) is not found
2022-08-14 01:44:39,428 [omNode-1-server-thread1] INFO  server.RaftServer$Division (RaftServerImpl.java:checkInconsistentAppendEntries(1394)) - omNode-1@group-6C22E66A003A: inconsistency entries. Reply:omNode-2<-omNode-1#0:FAIL-t3,INCONSISTENCY,nextIndex=0,followerCommit=-1
2022-08-14 01:44:39,430 [grpc-default-executor-0] INFO  leader.FollowerInfo (FollowerInfoImpl.java:lambda$new$0(48)) - omNode-2@group-6C22E66A003A->omNode-1: nextIndex: updateUnconditionally 1 -> 0
2022-08-14 01:44:39,436 [omNode-3-server-thread1] INFO  server.RaftServer$Division (ServerState.java:setRaftConf(393)) - omNode-3@group-6C22E66A003A: set configuration 1: [omNode-3|rpc:localhost:41225|admin:|client:|dataStream:|priority:0, omNode-1|rpc:localhost:33957|admin:|client:|dataStream:|priority:0, omNode-2|rpc:localhost:41305|admin:|client:|dataStream:|priority:0], old=null
2022-08-14 01:44:39,436 [omNode-3-server-thread1] INFO  segmented.SegmentedRaftLogWorker (SegmentedRaftLogWorker.java:rollLogSegment(430)) - omNode-3@group-6C22E66A003A-SegmentedRaftLogWorker: Rolling segment log-0_0 to index:0
2022-08-14 01:44:39,444 [omNode-3@group-6C22E66A003A-SegmentedRaftLogWorker] INFO  segmented.SegmentedRaftLogWorker (SegmentedRaftLogWorker.java:execute(586)) - omNode-3@group-6C22E66A003A-SegmentedRaftLogWorker: Rolled log segment from /home/runner/work/ozone/ozone/hadoop-ozone/integration-test/target/test-dir/MiniOzoneClusterImpl-8ae01b46-865b-4b2e-8bfc-774eabe7d98c/omNode-3/ratis/9c9825ce-8ba7-3ee6-a7c3-6c22e66a003a/current/log_inprogress_0 to /home/runner/work/ozone/ozone/hadoop-ozone/integration-test/target/test-dir/MiniOzoneClusterImpl-8ae01b46-865b-4b2e-8bfc-774eabe7d98c/omNode-3/ratis/9c9825ce-8ba7-3ee6-a7c3-6c22e66a003a/current/log_0-0
2022-08-14 01:44:39,446 [omNode-1-server-thread1] INFO  server.RaftServer$Division (ServerState.java:setRaftConf(393)) - omNode-1@group-6C22E66A003A: set configuration 0: [omNode-3|rpc:localhost:41225|admin:|client:|dataStream:|priority:0, omNode-1|rpc:localhost:33957|admin:|client:|dataStream:|priority:0, omNode-2|rpc:localhost:41305|admin:|client:|dataStream:|priority:0], old=null
2022-08-14 01:44:39,446 [omNode-1-server-thread1] INFO  server.RaftServer$Division (ServerState.java:setRaftConf(393)) - omNode-1@group-6C22E66A003A: set configuration 1: [omNode-3|rpc:localhost:41225|admin:|client:|dataStream:|priority:0, omNode-1|rpc:localhost:33957|admin:|client:|dataStream:|priority:0, omNode-2|rpc:localhost:41305|admin:|client:|dataStream:|priority:0], old=null
2022-08-14 01:44:39,447 [omNode-1-server-thread1] INFO  segmented.SegmentedRaftLogWorker (SegmentedRaftLogWorker.java:startLogSegment(425)) - omNode-1@group-6C22E66A003A-SegmentedRaftLogWorker: Starting segment from index:0
2022-08-14 01:44:39,447 [omNode-1-server-thread1] INFO  segmented.SegmentedRaftLogWorker (SegmentedRaftLogWorker.java:rollLogSegment(430)) - omNode-1@group-6C22E66A003A-SegmentedRaftLogWorker: Rolling segment log-0_0 to index:0
2022-08-14 01:44:39,464 [omNode-3@group-6C22E66A003A-SegmentedRaftLogWorker] INFO  segmented.SegmentedRaftLogWorker (SegmentedRaftLogWorker.java:execute(629)) - omNode-3@group-6C22E66A003A-SegmentedRaftLogWorker: created new log segment /home/runner/work/ozone/ozone/hadoop-ozone/integration-test/target/test-dir/MiniOzoneClusterImpl-8ae01b46-865b-4b2e-8bfc-774eabe7d98c/omNode-3/ratis/9c9825ce-8ba7-3ee6-a7c3-6c22e66a003a/current/log_inprogress_1
2022-08-14 01:44:39,464 [omNode-1@group-6C22E66A003A-SegmentedRaftLogWorker] INFO  segmented.SegmentedRaftLogWorker (SegmentedRaftLogWorker.java:execute(629)) - omNode-1@group-6C22E66A003A-SegmentedRaftLogWorker: created new log segment /home/runner/work/ozone/ozone/hadoop-ozone/integration-test/target/test-dir/MiniOzoneClusterImpl-8ae01b46-865b-4b2e-8bfc-774eabe7d98c/omNode-1/ratis/9c9825ce-8ba7-3ee6-a7c3-6c22e66a003a/current/log_inprogress_0
2022-08-14 01:44:39,468 [omNode-1@group-6C22E66A003A-SegmentedRaftLogWorker] INFO  segmented.SegmentedRaftLogWorker (SegmentedRaftLogWorker.java:execute(586)) - omNode-1@group-6C22E66A003A-SegmentedRaftLogWorker: Rolled log segment from /home/runner/work/ozone/ozone/hadoop-ozone/integration-test/target/test-dir/MiniOzoneClusterImpl-8ae01b46-865b-4b2e-8bfc-774eabe7d98c/omNode-1/ratis/9c9825ce-8ba7-3ee6-a7c3-6c22e66a003a/current/log_inprogress_0 to /home/runner/work/ozone/ozone/hadoop-ozone/integration-test/target/test-dir/MiniOzoneClusterImpl-8ae01b46-865b-4b2e-8bfc-774eabe7d98c/omNode-1/ratis/9c9825ce-8ba7-3ee6-a7c3-6c22e66a003a/current/log_0-0
2022-08-14 01:44:39,480 [omNode-1@group-6C22E66A003A-SegmentedRaftLogWorker] INFO  segmented.SegmentedRaftLogWorker (SegmentedRaftLogWorker.java:execute(629)) - omNode-1@group-6C22E66A003A-SegmentedRaftLogWorker: created new log segment /home/runner/work/ozone/ozone/hadoop-ozone/integration-test/target/test-dir/MiniOzoneClusterImpl-8ae01b46-865b-4b2e-8bfc-774eabe7d98c/omNode-1/ratis/9c9825ce-8ba7-3ee6-a7c3-6c22e66a003a/current/log_inprogress_1
2022-08-14 01:44:39,482 [omNode-2@group-6C22E66A003A-StateMachineUpdater] INFO  ratis.OzoneManagerStateMachine (OzoneManagerStateMachine.java:notifyConfigurationChanged(192)) - Received Configuration change notification from Ratis. New Peer list:
[id: "omNode-3"
address: "localhost:41225"
, id: "omNode-1"
address: "localhost:33957"
, id: "omNode-2"
address: "localhost:41305"
]
2022-08-14 01:44:39,491 [omNode-1@group-6C22E66A003A-StateMachineUpdater] INFO  ratis.OzoneManagerStateMachine (OzoneManagerStateMachine.java:notifyConfigurationChanged(192)) - Received Configuration change notification from Ratis. New Peer list:
[id: "omNode-3"
address: "localhost:41225"
, id: "omNode-1"
address: "localhost:33957"
, id: "omNode-2"
address: "localhost:41305"
]
2022-08-14 01:44:39,499 [omNode-1@group-6C22E66A003A-StateMachineUpdater] INFO  ratis.OzoneManagerStateMachine (OzoneManagerStateMachine.java:notifyConfigurationChanged(192)) - Received Configuration change notification from Ratis. New Peer list:
[id: "omNode-3"
address: "localhost:41225"
, id: "omNode-1"
address: "localhost:33957"
, id: "omNode-2"
address: "localhost:41305"
]
2022-08-14 01:44:39,487 [omNode-3@group-6C22E66A003A-StateMachineUpdater] INFO  ratis.OzoneManagerStateMachine (OzoneManagerStateMachine.java:notifyConfigurationChanged(192)) - Received Configuration change notification from Ratis. New Peer list:
[id: "omNode-3"
address: "localhost:41225"
, id: "omNode-1"
address: "localhost:33957"
, id: "omNode-2"
address: "localhost:41305"
]
2022-08-14 01:44:39,567 [Listener at 127.0.0.1/45525] INFO  handler.ContextHandler (ContextHandler.java:doStart(915)) - Started o.e.j.w.WebAppContext@36f0558{hddsDatanode,/,file:///tmp/jetty-0_0_0_0-33797-hdds-container-service-1_3_0-SNAPSHOT_jar-_-any-1970918657234578031/webapp/,AVAILABLE}{jar:file:/home/runner/.m2/repository/org/apache/ozone/hdds-container-service/1.3.0-SNAPSHOT/hdds-container-service-1.3.0-SNAPSHOT.jar!/webapps/hddsDatanode}
2022-08-14 01:44:39,569 [Listener at 127.0.0.1/45525] INFO  server.AbstractConnector (AbstractConnector.java:doStart(331)) - Started ServerConnector@679e335d{HTTP/1.1, (http/1.1)}{0.0.0.0:33797}
2022-08-14 01:44:39,569 [Listener at 127.0.0.1/45525] INFO  server.Server (Server.java:doStart(415)) - Started @27818ms
2022-08-14 01:44:39,569 [Listener at 127.0.0.1/45525] WARN  impl.MetricsSystemImpl (MetricsSystemImpl.java:register(279)) - Sink prometheus already exists!
2022-08-14 01:44:39,570 [Listener at 127.0.0.1/45525] INFO  http.BaseHttpServer (BaseHttpServer.java:updateConnectorAddress(329)) - HTTP server of hddsDatanode listening at http://0.0.0.0:33797
2022-08-14 01:44:39,570 [Listener at 127.0.0.1/45525] WARN  impl.MetricRegistriesImpl (MetricRegistriesImpl.java:addReporterRegistration(111)) - New reporters are added after registries were created. Some metrics will be missing from the reporter. Please add reporter before adding any new registry.
2022-08-14 01:44:39,570 [Datanode State Machine Daemon Thread] INFO  statemachine.DatanodeStateMachine (DatanodeStateMachine.java:lambda$startDaemon$0(492)) - Ozone container server started.
2022-08-14 01:44:39,570 [Listener at 127.0.0.1/45525] WARN  impl.MetricRegistriesImpl (MetricRegistriesImpl.java:addReporterRegistration(111)) - New reporters are added after registries were created. Some metrics will be missing from the reporter. Please add reporter before adding any new registry.
2022-08-14 01:44:39,572 [Listener at 127.0.0.1/45525] INFO  impl.MetricsSystemImpl (MetricsSystemImpl.java:init(158)) - HddsDatanode metrics system started (again)
2022-08-14 01:44:39,584 [Listener at 127.0.0.1/45525] INFO  ozone.HddsDatanodeService (HddsDatanodeService.java:start(236)) - HddsDatanodeService host:fv-az372-557.fpurzmrfq4yepahtqlmhmwc2oh.dx.internal.cloudapp.net ip:10.1.0.7
2022-08-14 01:44:39,585 [org.apache.hadoop.util.JvmPauseMonitor$Monitor@7b4075e] INFO  util.JvmPauseMonitor (JvmPauseMonitor.java:run(188)) - Starting JVM pause monitor
2022-08-14 01:44:39,585 [Datanode State Machine Task Thread - 0] INFO  ha.SCMNodeInfo (SCMNodeInfo.java:getPort(197)) - ConfigKey ozone.scm.client.address is deprecated, For configuring different ports for each SCM use PortConfigKey ozone.scm.client.port appended with serviceId and nodeId
2022-08-14 01:44:39,586 [Datanode State Machine Task Thread - 0] INFO  ha.SCMNodeInfo (SCMNodeInfo.java:getPort(197)) - ConfigKey ozone.scm.block.client.address is deprecated, For configuring different ports for each SCM use PortConfigKey ozone.scm.block.client.port appended with serviceId and nodeId
2022-08-14 01:44:39,586 [Datanode State Machine Task Thread - 0] INFO  ha.SCMNodeInfo (SCMNodeInfo.java:getPort(197)) - ConfigKey ozone.scm.datanode.address is deprecated, For configuring different ports for each SCM use PortConfigKey ozone.scm.datanode.port appended with serviceId and nodeId
2022-08-14 01:44:39,586 [Datanode State Machine Task Thread - 0] INFO  ha.SCMNodeInfo (SCMNodeInfo.java:getPort(197)) - ConfigKey ozone.scm.client.address is deprecated, For configuring different ports for each SCM use PortConfigKey ozone.scm.client.port appended with serviceId and nodeId
2022-08-14 01:44:39,586 [Datanode State Machine Task Thread - 0] INFO  ha.SCMNodeInfo (SCMNodeInfo.java:getPort(197)) - ConfigKey ozone.scm.block.client.address is deprecated, For configuring different ports for each SCM use PortConfigKey ozone.scm.block.client.port appended with serviceId and nodeId
2022-08-14 01:44:39,586 [Datanode State Machine Task Thread - 0] INFO  ha.SCMNodeInfo (SCMNodeInfo.java:getPort(197)) - ConfigKey ozone.scm.datanode.address is deprecated, For configuring different ports for each SCM use PortConfigKey ozone.scm.datanode.port appended with serviceId and nodeId
2022-08-14 01:44:39,586 [Datanode State Machine Task Thread - 0] INFO  ha.SCMNodeInfo (SCMNodeInfo.java:getPort(197)) - ConfigKey ozone.scm.client.address is deprecated, For configuring different ports for each SCM use PortConfigKey ozone.scm.client.port appended with serviceId and nodeId
2022-08-14 01:44:39,586 [Datanode State Machine Task Thread - 0] INFO  ha.SCMNodeInfo (SCMNodeInfo.java:getPort(197)) - ConfigKey ozone.scm.block.client.address is deprecated, For configuring different ports for each SCM use PortConfigKey ozone.scm.block.client.port appended with serviceId and nodeId
2022-08-14 01:44:39,586 [Datanode State Machine Task Thread - 0] INFO  ha.SCMNodeInfo (SCMNodeInfo.java:getPort(197)) - ConfigKey ozone.scm.datanode.address is deprecated, For configuring different ports for each SCM use PortConfigKey ozone.scm.datanode.port appended with serviceId and nodeId
2022-08-14 01:44:39,604 [Datanode State Machine Task Thread - 0] INFO  datanode.InitDatanodeState (InitDatanodeState.java:persistContainerDatanodeDetails(138)) - DatanodeDetails is persisted to /home/runner/work/ozone/ozone/hadoop-ozone/integration-test/target/test-dir/MiniOzoneClusterImpl-8ae01b46-865b-4b2e-8bfc-774eabe7d98c/datanode-1/meta/datanode.id
2022-08-14 01:44:39,616 [Listener at 127.0.0.1/45525] INFO  upgrade.AbstractLayoutVersionManager (AbstractLayoutVersionManager.java:init(83)) - Initializing Layout version manager with metadata layout = DATANODE_SCHEMA_V3 (version = 4), software layout = DATANODE_SCHEMA_V3 (version = 4)
2022-08-14 01:44:39,660 [Listener at 127.0.0.1/45525] INFO  reflections.Reflections (Reflections.java:scan(232)) - Reflections took 43 ms to scan 7 urls, producing 132 keys and 321 values 
2022-08-14 01:44:39,661 [Listener at 127.0.0.1/45525] INFO  ha.SCMNodeInfo (SCMNodeInfo.java:getPort(197)) - ConfigKey ozone.scm.client.address is deprecated, For configuring different ports for each SCM use PortConfigKey ozone.scm.client.port appended with serviceId and nodeId
2022-08-14 01:44:39,661 [Listener at 127.0.0.1/45525] INFO  ha.SCMNodeInfo (SCMNodeInfo.java:getPort(197)) - ConfigKey ozone.scm.block.client.address is deprecated, For configuring different ports for each SCM use PortConfigKey ozone.scm.block.client.port appended with serviceId and nodeId
2022-08-14 01:44:39,662 [Listener at 127.0.0.1/45525] INFO  ha.SCMNodeInfo (SCMNodeInfo.java:getPort(197)) - ConfigKey ozone.scm.datanode.address is deprecated, For configuring different ports for each SCM use PortConfigKey ozone.scm.datanode.port appended with serviceId and nodeId
2022-08-14 01:44:39,662 [Listener at 127.0.0.1/45525] INFO  ha.SCMNodeInfo (SCMNodeInfo.java:getPort(197)) - ConfigKey ozone.scm.client.address is deprecated, For configuring different ports for each SCM use PortConfigKey ozone.scm.client.port appended with serviceId and nodeId
2022-08-14 01:44:39,662 [Listener at 127.0.0.1/45525] INFO  ha.SCMNodeInfo (SCMNodeInfo.java:getPort(197)) - ConfigKey ozone.scm.block.client.address is deprecated, For configuring different ports for each SCM use PortConfigKey ozone.scm.block.client.port appended with serviceId and nodeId
2022-08-14 01:44:39,662 [Listener at 127.0.0.1/45525] INFO  ha.SCMNodeInfo (SCMNodeInfo.java:getPort(197)) - ConfigKey ozone.scm.datanode.address is deprecated, For configuring different ports for each SCM use PortConfigKey ozone.scm.datanode.port appended with serviceId and nodeId
2022-08-14 01:44:39,662 [Listener at 127.0.0.1/45525] INFO  ha.SCMNodeInfo (SCMNodeInfo.java:getPort(197)) - ConfigKey ozone.scm.client.address is deprecated, For configuring different ports for each SCM use PortConfigKey ozone.scm.client.port appended with serviceId and nodeId
2022-08-14 01:44:39,662 [Listener at 127.0.0.1/45525] INFO  ha.SCMNodeInfo (SCMNodeInfo.java:getPort(197)) - ConfigKey ozone.scm.block.client.address is deprecated, For configuring different ports for each SCM use PortConfigKey ozone.scm.block.client.port appended with serviceId and nodeId
2022-08-14 01:44:39,662 [Listener at 127.0.0.1/45525] INFO  ha.SCMNodeInfo (SCMNodeInfo.java:getPort(197)) - ConfigKey ozone.scm.datanode.address is deprecated, For configuring different ports for each SCM use PortConfigKey ozone.scm.datanode.port appended with serviceId and nodeId
2022-08-14 01:44:39,662 [Listener at 127.0.0.1/45525] INFO  statemachine.DatanodeStateMachine (DatanodeStateMachine.java:getEndPointTaskThreadPoolSize(237)) - Datanode State Machine Task Thread Pool size 4
2022-08-14 01:44:39,664 [Listener at 127.0.0.1/45525] INFO  volume.HddsVolume (HddsVolume.java:<init>(116)) - Creating HddsVolume: /home/runner/work/ozone/ozone/hadoop-ozone/integration-test/target/test-dir/MiniOzoneClusterImpl-8ae01b46-865b-4b2e-8bfc-774eabe7d98c/datanode-2/data-0/containers/hdds of storage type : DISK capacity : 9223372036854775807
2022-08-14 01:44:39,664 [Listener at 127.0.0.1/45525] INFO  volume.MutableVolumeSet (MutableVolumeSet.java:initializeVolumeSet(174)) - Added Volume : /home/runner/work/ozone/ozone/hadoop-ozone/integration-test/target/test-dir/MiniOzoneClusterImpl-8ae01b46-865b-4b2e-8bfc-774eabe7d98c/datanode-2/data-0/containers/hdds to VolumeSet
2022-08-14 01:44:39,664 [Listener at 127.0.0.1/45525] INFO  volume.ThrottledAsyncChecker (ThrottledAsyncChecker.java:schedule(141)) - Scheduling a check for /home/runner/work/ozone/ozone/hadoop-ozone/integration-test/target/test-dir/MiniOzoneClusterImpl-8ae01b46-865b-4b2e-8bfc-774eabe7d98c/datanode-2/data-0/containers/hdds
2022-08-14 01:44:39,670 [Listener at 127.0.0.1/45525] INFO  volume.StorageVolumeChecker (StorageVolumeChecker.java:checkAllVolumes(202)) - Scheduled health check for volume /home/runner/work/ozone/ozone/hadoop-ozone/integration-test/target/test-dir/MiniOzoneClusterImpl-8ae01b46-865b-4b2e-8bfc-774eabe7d98c/datanode-2/data-0/containers/hdds
2022-08-14 01:44:39,681 [Listener at 127.0.0.1/45525] INFO  volume.MutableVolumeSet (MutableVolumeSet.java:initializeVolumeSet(174)) - Added Volume : /home/runner/work/ozone/ozone/hadoop-ozone/integration-test/target/test-dir/MiniOzoneClusterImpl-8ae01b46-865b-4b2e-8bfc-774eabe7d98c/datanode-2/data/ratis to VolumeSet
2022-08-14 01:44:39,682 [Listener at 127.0.0.1/45525] INFO  volume.ThrottledAsyncChecker (ThrottledAsyncChecker.java:schedule(141)) - Scheduling a check for /home/runner/work/ozone/ozone/hadoop-ozone/integration-test/target/test-dir/MiniOzoneClusterImpl-8ae01b46-865b-4b2e-8bfc-774eabe7d98c/datanode-2/data/ratis
2022-08-14 01:44:39,682 [Listener at 127.0.0.1/45525] INFO  volume.StorageVolumeChecker (StorageVolumeChecker.java:checkAllVolumes(202)) - Scheduled health check for volume /home/runner/work/ozone/ozone/hadoop-ozone/integration-test/target/test-dir/MiniOzoneClusterImpl-8ae01b46-865b-4b2e-8bfc-774eabe7d98c/datanode-2/data/ratis
2022-08-14 01:44:39,693 [Thread-747] INFO  ozoneimpl.ContainerReader (ContainerReader.java:readVolume(175)) - Finish verifying containers on volume /home/runner/work/ozone/ozone/hadoop-ozone/integration-test/target/test-dir/MiniOzoneClusterImpl-8ae01b46-865b-4b2e-8bfc-774eabe7d98c/datanode-2/data-0/containers/hdds
2022-08-14 01:44:39,693 [Listener at 127.0.0.1/45525] INFO  ozoneimpl.OzoneContainer (OzoneContainer.java:buildContainerSet(299)) - Build ContainerSet costs 0s
2022-08-14 01:44:39,697 [Listener at 127.0.0.1/45525] INFO  server.RaftServer (ConfUtils.java:logGet(46)) - raft.rpc.type = GRPC (default)
2022-08-14 01:44:39,697 [Listener at 127.0.0.1/45525] INFO  grpc.GrpcFactory (GrpcFactory.java:checkPooledByteBufAllocatorUseCacheForAllThreads(48)) - PERFORMANCE WARNING: useCacheForAllThreads is true that may cause Netty to create a lot garbage objects and, as a result, trigger GC.
	It is recommended to disable useCacheForAllThreads by setting -Dorg.apache.ratis.thirdparty.io.netty.allocator.useCacheForAllThreads=false in command line.
2022-08-14 01:44:39,697 [Listener at 127.0.0.1/45525] INFO  grpc.GrpcConfigKeys (ConfUtils.java:logGet(46)) - raft.grpc.admin.port = 0 (custom)
2022-08-14 01:44:39,697 [Listener at 127.0.0.1/45525] INFO  grpc.GrpcConfigKeys (ConfUtils.java:logGet(46)) - raft.grpc.client.port = 0 (custom)
2022-08-14 01:44:39,697 [Listener at 127.0.0.1/45525] INFO  grpc.GrpcConfigKeys (ConfUtils.java:logGet(46)) - raft.grpc.server.port = 0 (default)
2022-08-14 01:44:39,698 [Listener at 127.0.0.1/45525] INFO  server.GrpcService (ConfUtils.java:logGet(46)) - raft.grpc.message.size.max = 32MB (=33554432) (custom)
2022-08-14 01:44:39,698 [Listener at 127.0.0.1/45525] INFO  server.RaftServerConfigKeys (ConfUtils.java:logGet(46)) - raft.server.log.appender.buffer.byte-limit = 33554432 (custom)
2022-08-14 01:44:39,698 [Listener at 127.0.0.1/45525] INFO  server.GrpcService (ConfUtils.java:logGet(46)) - raft.grpc.flow.control.window = 5MB (=5242880) (custom)
2022-08-14 01:44:39,698 [Listener at 127.0.0.1/45525] INFO  server.RaftServerConfigKeys (ConfUtils.java:logGet(46)) - raft.server.rpc.request.timeout = 60s (custom)
2022-08-14 01:44:39,698 [Listener at 127.0.0.1/45525] INFO  grpc.GrpcConfigKeys (ConfUtils.java:logGet(46)) - raft.grpc.server.async.request.thread.pool.cached = true (default)
2022-08-14 01:44:39,698 [Listener at 127.0.0.1/45525] INFO  grpc.GrpcConfigKeys (ConfUtils.java:logGet(46)) - raft.grpc.server.async.request.thread.pool.size = 32 (default)
2022-08-14 01:44:39,700 [Listener at 127.0.0.1/45525] INFO  impl.DataStreamServerImpl (ConfUtils.java:logGet(46)) - raft.datastream.type = DISABLED (default)
2022-08-14 01:44:39,700 [Listener at 127.0.0.1/45525] INFO  server.RaftServerConfigKeys (ConfUtils.java:logGet(46)) - raft.server.threadpool.proxy.cached = true (default)
2022-08-14 01:44:39,700 [Listener at 127.0.0.1/45525] INFO  server.RaftServerConfigKeys (ConfUtils.java:logGet(46)) - raft.server.threadpool.proxy.size = 0 (default)
2022-08-14 01:44:39,700 [Listener at 127.0.0.1/45525] INFO  server.RaftServerConfigKeys (ConfUtils.java:logGet(46)) - raft.server.rpc.slowness.timeout = 300s (custom)
2022-08-14 01:44:39,700 [Listener at 127.0.0.1/45525] INFO  server.RaftServerConfigKeys (ConfUtils.java:logGet(46)) - raft.server.leaderelection.leader.step-down.wait-time = 10s (default)
2022-08-14 01:44:39,700 [Listener at 127.0.0.1/45525] INFO  server.RaftServerConfigKeys (ConfUtils.java:logGet(46)) - raft.server.storage.dir = [/home/runner/work/ozone/ozone/hadoop-ozone/integration-test/target/test-dir/MiniOzoneClusterImpl-8ae01b46-865b-4b2e-8bfc-774eabe7d98c/datanode-2/data/ratis] (custom)
2022-08-14 01:44:39,702 [Listener at 127.0.0.1/45525] INFO  server.XceiverServerGrpc (XceiverServerGrpc.java:<init>(132)) - GrpcServer channel type EpollServerSocketChannel
2022-08-14 01:44:39,705 [Listener at 127.0.0.1/45525] INFO  http.BaseHttpServer (BaseHttpServer.java:newHttpServer2BuilderForOzone(209)) - Starting Web-server for hddsDatanode at: http://0.0.0.0:0
2022-08-14 01:44:39,705 [Listener at 127.0.0.1/45525] INFO  http.BaseHttpServer (BaseHttpServer.java:<init>(107)) - Hadoop Security Enabled: false Ozone Security Enabled: false Ozone HTTP Security Enabled: false 
2022-08-14 01:44:39,707 [Listener at 127.0.0.1/45525] INFO  server.AuthenticationFilter (AuthenticationFilter.java:constructSecretProvider(240)) - Unable to initialize FileSignerSecretProvider, falling back to use random secrets.
2022-08-14 01:44:39,708 [Listener at 127.0.0.1/45525] WARN  http.HttpRequestLog (HttpRequestLog.java:getRequestLog(103)) - Jetty request log can only be enabled using Log4j
2022-08-14 01:44:39,709 [Listener at 127.0.0.1/45525] INFO  http.HttpServer2 (HttpServer2.java:addGlobalFilter(1029)) - Added global filter 'safety' (class=org.apache.hadoop.hdds.server.http.HttpServer2$QuotingInputFilter)
2022-08-14 01:44:39,710 [Listener at 127.0.0.1/45525] INFO  http.HttpServer2 (HttpServer2.java:addFilter(1005)) - Added filter static_user_filter (class=org.apache.hadoop.http.lib.StaticUserWebFilter$StaticUserFilter) to context hddsDatanode
2022-08-14 01:44:39,710 [Listener at 127.0.0.1/45525] INFO  http.HttpServer2 (HttpServer2.java:addFilter(1013)) - Added filter static_user_filter (class=org.apache.hadoop.http.lib.StaticUserWebFilter$StaticUserFilter) to context logs
2022-08-14 01:44:39,710 [Listener at 127.0.0.1/45525] INFO  http.HttpServer2 (HttpServer2.java:addFilter(1013)) - Added filter static_user_filter (class=org.apache.hadoop.http.lib.StaticUserWebFilter$StaticUserFilter) to context static
2022-08-14 01:44:39,711 [Listener at 127.0.0.1/45525] INFO  http.HttpServer2 (HttpServer2.java:bindListener(1248)) - Jetty bound to port 35881
2022-08-14 01:44:39,711 [Listener at 127.0.0.1/45525] INFO  server.Server (Server.java:doStart(375)) - jetty-9.4.43.v20210629; built: 2021-06-30T11:07:22.254Z; git: 526006ecfa3af7f1a27ef3a288e2bef7ea9dd7e8; jvm 1.8.0_332-b09
2022-08-14 01:44:39,713 [Listener at 127.0.0.1/45525] INFO  server.session (DefaultSessionIdManager.java:doStart(334)) - DefaultSessionIdManager workerName=node0
2022-08-14 01:44:39,713 [Listener at 127.0.0.1/45525] INFO  server.session (DefaultSessionIdManager.java:doStart(339)) - No SessionScavenger set, using defaults
2022-08-14 01:44:39,713 [Listener at 127.0.0.1/45525] INFO  server.session (HouseKeeper.java:startScavenging(132)) - node0 Scavenging every 600000ms
2022-08-14 01:44:39,714 [Listener at 127.0.0.1/45525] INFO  handler.ContextHandler (ContextHandler.java:doStart(915)) - Started o.e.j.s.ServletContextHandler@7192d752{logs,/logs,file:///home/runner/work/ozone/ozone/hadoop-ozone/integration-test/target/log,AVAILABLE}
2022-08-14 01:44:39,714 [Listener at 127.0.0.1/45525] INFO  handler.ContextHandler (ContextHandler.java:doStart(915)) - Started o.e.j.s.ServletContextHandler@604014e4{static,/static,jar:file:/home/runner/.m2/repository/org/apache/ozone/hdds-container-service/1.3.0-SNAPSHOT/hdds-container-service-1.3.0-SNAPSHOT.jar!/webapps/static,AVAILABLE}
2022-08-14 01:44:39,900 [Listener at 127.0.0.1/45525] INFO  handler.ContextHandler (ContextHandler.java:doStart(915)) - Started o.e.j.w.WebAppContext@55d7e2fe{hddsDatanode,/,file:///tmp/jetty-0_0_0_0-35881-hdds-container-service-1_3_0-SNAPSHOT_jar-_-any-6988573026154181775/webapp/,AVAILABLE}{jar:file:/home/runner/.m2/repository/org/apache/ozone/hdds-container-service/1.3.0-SNAPSHOT/hdds-container-service-1.3.0-SNAPSHOT.jar!/webapps/hddsDatanode}
2022-08-14 01:44:39,904 [Listener at 127.0.0.1/45525] INFO  server.AbstractConnector (AbstractConnector.java:doStart(331)) - Started ServerConnector@4332e5a5{HTTP/1.1, (http/1.1)}{0.0.0.0:35881}
2022-08-14 01:44:39,904 [Listener at 127.0.0.1/45525] INFO  server.Server (Server.java:doStart(415)) - Started @28154ms
2022-08-14 01:44:39,904 [Listener at 127.0.0.1/45525] WARN  impl.MetricsSystemImpl (MetricsSystemImpl.java:register(279)) - Sink prometheus already exists!
2022-08-14 01:44:39,905 [Listener at 127.0.0.1/45525] INFO  http.BaseHttpServer (BaseHttpServer.java:updateConnectorAddress(329)) - HTTP server of hddsDatanode listening at http://0.0.0.0:35881
2022-08-14 01:44:39,910 [Listener at 127.0.0.1/45525] INFO  ozone.MiniOzoneClusterImpl (MiniOzoneClusterImpl.java:lambda$waitForClusterToBeReady$0(216)) - Waiting for nodes to be ready. Got 0 of 3 DN Heartbeats.
2022-08-14 01:44:39,910 [Listener at 127.0.0.1/45525] INFO  ozone.MiniOzoneClusterImpl (MiniOzoneClusterImpl.java:lambda$waitForClusterToBeReady$0(219)) - Waiting for cluster to exit safe mode
2022-08-14 01:44:39,910 [Listener at 127.0.0.1/45525] INFO  ozone.MiniOzoneClusterImpl (MiniOzoneClusterImpl.java:lambda$waitForClusterToBeReady$0(221)) - SCM became leader
2022-08-14 01:44:39,910 [Datanode State Machine Daemon Thread] INFO  statemachine.DatanodeStateMachine (DatanodeStateMachine.java:lambda$startDaemon$0(492)) - Ozone container server started.
2022-08-14 01:44:39,914 [org.apache.hadoop.util.JvmPauseMonitor$Monitor@122bac24] INFO  util.JvmPauseMonitor (JvmPauseMonitor.java:run(188)) - Starting JVM pause monitor
2022-08-14 01:44:39,914 [Datanode State Machine Task Thread - 0] INFO  ha.SCMNodeInfo (SCMNodeInfo.java:getPort(197)) - ConfigKey ozone.scm.client.address is deprecated, For configuring different ports for each SCM use PortConfigKey ozone.scm.client.port appended with serviceId and nodeId
2022-08-14 01:44:39,914 [Datanode State Machine Task Thread - 0] INFO  ha.SCMNodeInfo (SCMNodeInfo.java:getPort(197)) - ConfigKey ozone.scm.block.client.address is deprecated, For configuring different ports for each SCM use PortConfigKey ozone.scm.block.client.port appended with serviceId and nodeId
2022-08-14 01:44:39,914 [Datanode State Machine Task Thread - 0] INFO  ha.SCMNodeInfo (SCMNodeInfo.java:getPort(197)) - ConfigKey ozone.scm.datanode.address is deprecated, For configuring different ports for each SCM use PortConfigKey ozone.scm.datanode.port appended with serviceId and nodeId
2022-08-14 01:44:39,914 [Datanode State Machine Task Thread - 0] INFO  ha.SCMNodeInfo (SCMNodeInfo.java:getPort(197)) - ConfigKey ozone.scm.client.address is deprecated, For configuring different ports for each SCM use PortConfigKey ozone.scm.client.port appended with serviceId and nodeId
2022-08-14 01:44:39,914 [Datanode State Machine Task Thread - 0] INFO  ha.SCMNodeInfo (SCMNodeInfo.java:getPort(197)) - ConfigKey ozone.scm.block.client.address is deprecated, For configuring different ports for each SCM use PortConfigKey ozone.scm.block.client.port appended with serviceId and nodeId
2022-08-14 01:44:39,914 [Datanode State Machine Task Thread - 0] INFO  ha.SCMNodeInfo (SCMNodeInfo.java:getPort(197)) - ConfigKey ozone.scm.datanode.address is deprecated, For configuring different ports for each SCM use PortConfigKey ozone.scm.datanode.port appended with serviceId and nodeId
2022-08-14 01:44:39,914 [Datanode State Machine Task Thread - 0] INFO  ha.SCMNodeInfo (SCMNodeInfo.java:getPort(197)) - ConfigKey ozone.scm.client.address is deprecated, For configuring different ports for each SCM use PortConfigKey ozone.scm.client.port appended with serviceId and nodeId
2022-08-14 01:44:39,915 [Datanode State Machine Task Thread - 0] INFO  ha.SCMNodeInfo (SCMNodeInfo.java:getPort(197)) - ConfigKey ozone.scm.block.client.address is deprecated, For configuring different ports for each SCM use PortConfigKey ozone.scm.block.client.port appended with serviceId and nodeId
2022-08-14 01:44:39,915 [Datanode State Machine Task Thread - 0] INFO  ha.SCMNodeInfo (SCMNodeInfo.java:getPort(197)) - ConfigKey ozone.scm.datanode.address is deprecated, For configuring different ports for each SCM use PortConfigKey ozone.scm.datanode.port appended with serviceId and nodeId
2022-08-14 01:44:39,917 [Datanode State Machine Task Thread - 0] INFO  datanode.InitDatanodeState (InitDatanodeState.java:persistContainerDatanodeDetails(138)) - DatanodeDetails is persisted to /home/runner/work/ozone/ozone/hadoop-ozone/integration-test/target/test-dir/MiniOzoneClusterImpl-8ae01b46-865b-4b2e-8bfc-774eabe7d98c/datanode-2/meta/datanode.id
2022-08-14 01:44:40,910 [Listener at 127.0.0.1/45525] INFO  ozone.MiniOzoneClusterImpl (MiniOzoneClusterImpl.java:lambda$waitForClusterToBeReady$0(216)) - Waiting for nodes to be ready. Got 0 of 3 DN Heartbeats.
2022-08-14 01:44:40,910 [Listener at 127.0.0.1/45525] INFO  ozone.MiniOzoneClusterImpl (MiniOzoneClusterImpl.java:lambda$waitForClusterToBeReady$0(219)) - Waiting for cluster to exit safe mode
2022-08-14 01:44:40,910 [Listener at 127.0.0.1/45525] INFO  ozone.MiniOzoneClusterImpl (MiniOzoneClusterImpl.java:lambda$waitForClusterToBeReady$0(221)) - SCM became leader
2022-08-14 01:44:41,200 [EndpointStateMachine task thread for /127.0.0.1:40129 - 0 ] INFO  volume.HddsVolume (HddsVolume.java:createDbStore(309)) - SchemaV3 db is created and loaded at /home/runner/work/ozone/ozone/hadoop-ozone/integration-test/target/test-dir/MiniOzoneClusterImpl-8ae01b46-865b-4b2e-8bfc-774eabe7d98c/datanode-0/data-0/containers/hdds/8ae01b46-865b-4b2e-8bfc-774eabe7d98c/DS-34aca21a-dd02-47f0-a138-e0040c4eeacf/container.db for volume DS-34aca21a-dd02-47f0-a138-e0040c4eeacf
2022-08-14 01:44:41,208 [EndpointStateMachine task thread for /127.0.0.1:40129 - 0 ] INFO  volume.HddsVolume (HddsVolume.java:closeDbStore(340)) - SchemaV3 db is stopped at /home/runner/work/ozone/ozone/hadoop-ozone/integration-test/target/test-dir/MiniOzoneClusterImpl-8ae01b46-865b-4b2e-8bfc-774eabe7d98c/datanode-0/data-0/containers/hdds/8ae01b46-865b-4b2e-8bfc-774eabe7d98c/DS-34aca21a-dd02-47f0-a138-e0040c4eeacf/container.db for volume DS-34aca21a-dd02-47f0-a138-e0040c4eeacf
2022-08-14 01:44:41,209 [EndpointStateMachine task thread for /127.0.0.1:34931 - 0 ] INFO  ozoneimpl.OzoneContainer (OzoneContainer.java:start(377)) - Attempting to start container services.
2022-08-14 01:44:41,213 [EndpointStateMachine task thread for /127.0.0.1:34931 - 0 ] INFO  ozoneimpl.OzoneContainer (OzoneContainer.java:startContainerScrub(312)) - Background container scanner has been disabled.
2022-08-14 01:44:41,219 [EndpointStateMachine task thread for /127.0.0.1:34931 - 0 ] INFO  replication.ReplicationServer (ReplicationServer.java:start(111)) - ReplicationServer is started using port 45149
2022-08-14 01:44:41,222 [EndpointStateMachine task thread for /127.0.0.1:34931 - 0 ] INFO  ratis.XceiverServerRatis (XceiverServerRatis.java:start(481)) - Starting XceiverServerRatis 8222fa1d-6d96-4624-a383-c2b17e7dd66e
2022-08-14 01:44:41,223 [EndpointStateMachine task thread for /127.0.0.1:34931 - 0 ] INFO  server.RaftServer (RaftServerProxy.java:lambda$start$6(382)) - 8222fa1d-6d96-4624-a383-c2b17e7dd66e: start RPC server
2022-08-14 01:44:41,226 [EndpointStateMachine task thread for /127.0.0.1:34931 - 0 ] INFO  server.GrpcService (GrpcService.java:startImpl(260)) - 8222fa1d-6d96-4624-a383-c2b17e7dd66e: GrpcService started, listening on 37911
2022-08-14 01:44:41,228 [EndpointStateMachine task thread for /127.0.0.1:34931 - 0 ] INFO  ratis.XceiverServerRatis (XceiverServerRatis.java:getRealPort(502)) - XceiverServerRatis 8222fa1d-6d96-4624-a383-c2b17e7dd66e is started using port 37911 for RATIS
2022-08-14 01:44:41,228 [EndpointStateMachine task thread for /127.0.0.1:34931 - 0 ] INFO  ratis.XceiverServerRatis (XceiverServerRatis.java:getRealPort(502)) - XceiverServerRatis 8222fa1d-6d96-4624-a383-c2b17e7dd66e is started using port 37911 for RATIS_ADMIN
2022-08-14 01:44:41,228 [EndpointStateMachine task thread for /127.0.0.1:34931 - 0 ] INFO  ratis.XceiverServerRatis (XceiverServerRatis.java:getRealPort(502)) - XceiverServerRatis 8222fa1d-6d96-4624-a383-c2b17e7dd66e is started using port 37911 for RATIS_SERVER
2022-08-14 01:44:41,228 [org.apache.ratis.util.JvmPauseMonitor$$Lambda$519/202110677@29f7b09b] INFO  util.JvmPauseMonitor (JvmPauseMonitor.java:run(103)) - JvmPauseMonitor-8222fa1d-6d96-4624-a383-c2b17e7dd66e: Started
2022-08-14 01:44:41,237 [EndpointStateMachine task thread for /127.0.0.1:34931 - 0 ] INFO  server.XceiverServerGrpc (XceiverServerGrpc.java:start(180)) - XceiverServerGrpc 8222fa1d-6d96-4624-a383-c2b17e7dd66e is started using port 36815
2022-08-14 01:44:41,240 [EndpointStateMachine task thread for /127.0.0.1:40129 - 0 ] INFO  ozoneimpl.OzoneContainer (OzoneContainer.java:start(373)) - Ignore. OzoneContainer already started.
2022-08-14 01:44:41,241 [EndpointStateMachine task thread for /127.0.0.1:33939 - 0 ] INFO  ozoneimpl.OzoneContainer (OzoneContainer.java:start(373)) - Ignore. OzoneContainer already started.
2022-08-14 01:44:41,638 [EndpointStateMachine task thread for /127.0.0.1:33939 - 0 ] INFO  volume.HddsVolume (HddsVolume.java:createDbStore(309)) - SchemaV3 db is created and loaded at /home/runner/work/ozone/ozone/hadoop-ozone/integration-test/target/test-dir/MiniOzoneClusterImpl-8ae01b46-865b-4b2e-8bfc-774eabe7d98c/datanode-1/data-0/containers/hdds/8ae01b46-865b-4b2e-8bfc-774eabe7d98c/DS-84738622-4442-4cb5-80b3-afc0c134f680/container.db for volume DS-84738622-4442-4cb5-80b3-afc0c134f680
2022-08-14 01:44:41,640 [EndpointStateMachine task thread for /127.0.0.1:33939 - 0 ] INFO  volume.HddsVolume (HddsVolume.java:closeDbStore(340)) - SchemaV3 db is stopped at /home/runner/work/ozone/ozone/hadoop-ozone/integration-test/target/test-dir/MiniOzoneClusterImpl-8ae01b46-865b-4b2e-8bfc-774eabe7d98c/datanode-1/data-0/containers/hdds/8ae01b46-865b-4b2e-8bfc-774eabe7d98c/DS-84738622-4442-4cb5-80b3-afc0c134f680/container.db for volume DS-84738622-4442-4cb5-80b3-afc0c134f680
2022-08-14 01:44:41,640 [EndpointStateMachine task thread for /127.0.0.1:33939 - 0 ] INFO  ozoneimpl.OzoneContainer (OzoneContainer.java:start(377)) - Attempting to start container services.
2022-08-14 01:44:41,640 [EndpointStateMachine task thread for /127.0.0.1:33939 - 0 ] INFO  ozoneimpl.OzoneContainer (OzoneContainer.java:startContainerScrub(312)) - Background container scanner has been disabled.
2022-08-14 01:44:41,644 [EndpointStateMachine task thread for /127.0.0.1:33939 - 0 ] INFO  replication.ReplicationServer (ReplicationServer.java:start(111)) - ReplicationServer is started using port 42169
2022-08-14 01:44:41,645 [EndpointStateMachine task thread for /127.0.0.1:33939 - 0 ] INFO  ratis.XceiverServerRatis (XceiverServerRatis.java:start(481)) - Starting XceiverServerRatis f124399b-2518-488d-bf7f-30c6c2e21956
2022-08-14 01:44:41,647 [EndpointStateMachine task thread for /127.0.0.1:33939 - 0 ] INFO  server.RaftServer (RaftServerProxy.java:lambda$start$6(382)) - f124399b-2518-488d-bf7f-30c6c2e21956: start RPC server
2022-08-14 01:44:41,650 [EndpointStateMachine task thread for /127.0.0.1:33939 - 0 ] INFO  server.GrpcService (GrpcService.java:startImpl(260)) - f124399b-2518-488d-bf7f-30c6c2e21956: GrpcService started, listening on 37713
2022-08-14 01:44:41,651 [EndpointStateMachine task thread for /127.0.0.1:33939 - 0 ] INFO  ratis.XceiverServerRatis (XceiverServerRatis.java:getRealPort(502)) - XceiverServerRatis f124399b-2518-488d-bf7f-30c6c2e21956 is started using port 37713 for RATIS
2022-08-14 01:44:41,651 [EndpointStateMachine task thread for /127.0.0.1:33939 - 0 ] INFO  ratis.XceiverServerRatis (XceiverServerRatis.java:getRealPort(502)) - XceiverServerRatis f124399b-2518-488d-bf7f-30c6c2e21956 is started using port 37713 for RATIS_ADMIN
2022-08-14 01:44:41,651 [EndpointStateMachine task thread for /127.0.0.1:33939 - 0 ] INFO  ratis.XceiverServerRatis (XceiverServerRatis.java:getRealPort(502)) - XceiverServerRatis f124399b-2518-488d-bf7f-30c6c2e21956 is started using port 37713 for RATIS_SERVER
2022-08-14 01:44:41,651 [org.apache.ratis.util.JvmPauseMonitor$$Lambda$519/202110677@5f4d6b49] INFO  util.JvmPauseMonitor (JvmPauseMonitor.java:run(103)) - JvmPauseMonitor-f124399b-2518-488d-bf7f-30c6c2e21956: Started
2022-08-14 01:44:41,656 [EndpointStateMachine task thread for /127.0.0.1:33939 - 0 ] INFO  server.XceiverServerGrpc (XceiverServerGrpc.java:start(180)) - XceiverServerGrpc f124399b-2518-488d-bf7f-30c6c2e21956 is started using port 42967
2022-08-14 01:44:41,664 [EndpointStateMachine task thread for /127.0.0.1:34931 - 0 ] INFO  ozoneimpl.OzoneContainer (OzoneContainer.java:start(373)) - Ignore. OzoneContainer already started.
2022-08-14 01:44:41,664 [EndpointStateMachine task thread for /127.0.0.1:40129 - 0 ] INFO  ozoneimpl.OzoneContainer (OzoneContainer.java:start(373)) - Ignore. OzoneContainer already started.
2022-08-14 01:44:41,911 [Listener at 127.0.0.1/45525] INFO  ozone.MiniOzoneClusterImpl (MiniOzoneClusterImpl.java:lambda$waitForClusterToBeReady$0(216)) - Waiting for nodes to be ready. Got 0 of 3 DN Heartbeats.
2022-08-14 01:44:41,911 [Listener at 127.0.0.1/45525] INFO  ozone.MiniOzoneClusterImpl (MiniOzoneClusterImpl.java:lambda$waitForClusterToBeReady$0(219)) - Waiting for cluster to exit safe mode
2022-08-14 01:44:41,911 [Listener at 127.0.0.1/45525] INFO  ozone.MiniOzoneClusterImpl (MiniOzoneClusterImpl.java:lambda$waitForClusterToBeReady$0(221)) - SCM became leader
2022-08-14 01:44:41,975 [EndpointStateMachine task thread for /127.0.0.1:34931 - 0 ] INFO  volume.HddsVolume (HddsVolume.java:createDbStore(309)) - SchemaV3 db is created and loaded at /home/runner/work/ozone/ozone/hadoop-ozone/integration-test/target/test-dir/MiniOzoneClusterImpl-8ae01b46-865b-4b2e-8bfc-774eabe7d98c/datanode-2/data-0/containers/hdds/8ae01b46-865b-4b2e-8bfc-774eabe7d98c/DS-35b5768c-d557-4c0e-a163-a823c041299a/container.db for volume DS-35b5768c-d557-4c0e-a163-a823c041299a
2022-08-14 01:44:41,975 [EndpointStateMachine task thread for /127.0.0.1:34931 - 0 ] INFO  volume.HddsVolume (HddsVolume.java:closeDbStore(340)) - SchemaV3 db is stopped at /home/runner/work/ozone/ozone/hadoop-ozone/integration-test/target/test-dir/MiniOzoneClusterImpl-8ae01b46-865b-4b2e-8bfc-774eabe7d98c/datanode-2/data-0/containers/hdds/8ae01b46-865b-4b2e-8bfc-774eabe7d98c/DS-35b5768c-d557-4c0e-a163-a823c041299a/container.db for volume DS-35b5768c-d557-4c0e-a163-a823c041299a
2022-08-14 01:44:41,976 [EndpointStateMachine task thread for /127.0.0.1:34931 - 0 ] INFO  ozoneimpl.OzoneContainer (OzoneContainer.java:start(377)) - Attempting to start container services.
2022-08-14 01:44:41,976 [EndpointStateMachine task thread for /127.0.0.1:34931 - 0 ] INFO  ozoneimpl.OzoneContainer (OzoneContainer.java:startContainerScrub(312)) - Background container scanner has been disabled.
2022-08-14 01:44:41,980 [EndpointStateMachine task thread for /127.0.0.1:34931 - 0 ] INFO  replication.ReplicationServer (ReplicationServer.java:start(111)) - ReplicationServer is started using port 45291
2022-08-14 01:44:41,981 [EndpointStateMachine task thread for /127.0.0.1:34931 - 0 ] INFO  ratis.XceiverServerRatis (XceiverServerRatis.java:start(481)) - Starting XceiverServerRatis 937647e2-067d-42aa-a021-6dbfe1bbf122
2022-08-14 01:44:41,983 [EndpointStateMachine task thread for /127.0.0.1:34931 - 0 ] INFO  server.RaftServer (RaftServerProxy.java:lambda$start$6(382)) - 937647e2-067d-42aa-a021-6dbfe1bbf122: start RPC server
2022-08-14 01:44:41,987 [EndpointStateMachine task thread for /127.0.0.1:34931 - 0 ] INFO  server.GrpcService (GrpcService.java:startImpl(260)) - 937647e2-067d-42aa-a021-6dbfe1bbf122: GrpcService started, listening on 42293
2022-08-14 01:44:41,987 [EndpointStateMachine task thread for /127.0.0.1:34931 - 0 ] INFO  ratis.XceiverServerRatis (XceiverServerRatis.java:getRealPort(502)) - XceiverServerRatis 937647e2-067d-42aa-a021-6dbfe1bbf122 is started using port 42293 for RATIS
2022-08-14 01:44:41,987 [org.apache.ratis.util.JvmPauseMonitor$$Lambda$519/202110677@7112ce8f] INFO  util.JvmPauseMonitor (JvmPauseMonitor.java:run(103)) - JvmPauseMonitor-937647e2-067d-42aa-a021-6dbfe1bbf122: Started
2022-08-14 01:44:41,987 [EndpointStateMachine task thread for /127.0.0.1:34931 - 0 ] INFO  ratis.XceiverServerRatis (XceiverServerRatis.java:getRealPort(502)) - XceiverServerRatis 937647e2-067d-42aa-a021-6dbfe1bbf122 is started using port 42293 for RATIS_ADMIN
2022-08-14 01:44:41,988 [EndpointStateMachine task thread for /127.0.0.1:34931 - 0 ] INFO  ratis.XceiverServerRatis (XceiverServerRatis.java:getRealPort(502)) - XceiverServerRatis 937647e2-067d-42aa-a021-6dbfe1bbf122 is started using port 42293 for RATIS_SERVER
2022-08-14 01:44:41,995 [EndpointStateMachine task thread for /127.0.0.1:34931 - 0 ] INFO  server.XceiverServerGrpc (XceiverServerGrpc.java:start(180)) - XceiverServerGrpc 937647e2-067d-42aa-a021-6dbfe1bbf122 is started using port 39331
2022-08-14 01:44:41,997 [EndpointStateMachine task thread for /127.0.0.1:40129 - 0 ] INFO  ozoneimpl.OzoneContainer (OzoneContainer.java:start(373)) - Ignore. OzoneContainer already started.
2022-08-14 01:44:41,998 [EndpointStateMachine task thread for /127.0.0.1:33939 - 0 ] INFO  ozoneimpl.OzoneContainer (OzoneContainer.java:start(373)) - Ignore. OzoneContainer already started.
2022-08-14 01:44:42,913 [Listener at 127.0.0.1/45525] INFO  ozone.MiniOzoneClusterImpl (MiniOzoneClusterImpl.java:lambda$waitForClusterToBeReady$0(216)) - Waiting for nodes to be ready. Got 0 of 3 DN Heartbeats.
2022-08-14 01:44:42,913 [Listener at 127.0.0.1/45525] INFO  ozone.MiniOzoneClusterImpl (MiniOzoneClusterImpl.java:lambda$waitForClusterToBeReady$0(219)) - Waiting for cluster to exit safe mode
2022-08-14 01:44:42,913 [Listener at 127.0.0.1/45525] INFO  ozone.MiniOzoneClusterImpl (MiniOzoneClusterImpl.java:lambda$waitForClusterToBeReady$0(221)) - SCM became leader
2022-08-14 01:44:43,110 [IPC Server handler 0 on default port 40129] INFO  net.NetworkTopologyImpl (NetworkTopologyImpl.java:add(112)) - Added a new node: /default-rack/8222fa1d-6d96-4624-a383-c2b17e7dd66e
2022-08-14 01:44:43,113 [IPC Server handler 0 on default port 40129] INFO  node.SCMNodeManager (SCMNodeManager.java:register(397)) - Registered Data node : 8222fa1d-6d96-4624-a383-c2b17e7dd66e{ip: 127.0.0.1, host: localhost, ports: [REPLICATION=45149, RATIS=37911, RATIS_ADMIN=37911, RATIS_SERVER=37911, STANDALONE=36815], networkLocation: /default-rack, certSerialId: null, persistedOpState: null, persistedOpStateExpiryEpochSec: 0}
2022-08-14 01:44:43,124 [EventQueue-NodeRegistrationContainerReportForDataNodeSafeModeRule] INFO  safemode.SCMSafeModeManager (DataNodeSafeModeRule.java:process(71)) - SCM in safe mode. 1 DataNodes registered, 3 required.
2022-08-14 01:44:43,131 [EventQueue-NewNodeForNewNodeHandler] INFO  pipeline.BackgroundPipelineCreator (BackgroundPipelineCreator.java:notifyEventTriggered(269)) - ignore, not leader SCM.
2022-08-14 01:44:43,132 [IPC Server handler 0 on default port 33939] INFO  net.NetworkTopologyImpl (NetworkTopologyImpl.java:add(112)) - Added a new node: /default-rack/8222fa1d-6d96-4624-a383-c2b17e7dd66e
2022-08-14 01:44:43,130 [EventQueue-NodeRegistrationContainerReportForContainerSafeModeRule] INFO  safemode.SCMSafeModeManager (SCMSafeModeManager.java:validateSafeModeExitRules(204)) - ContainerSafeModeRule rule is successfully validated
2022-08-14 01:44:43,130 [IPC Server handler 3 on default port 34931] INFO  net.NetworkTopologyImpl (NetworkTopologyImpl.java:add(112)) - Added a new node: /default-rack/8222fa1d-6d96-4624-a383-c2b17e7dd66e
2022-08-14 01:44:43,132 [IPC Server handler 0 on default port 33939] INFO  node.SCMNodeManager (SCMNodeManager.java:register(397)) - Registered Data node : 8222fa1d-6d96-4624-a383-c2b17e7dd66e{ip: 127.0.0.1, host: localhost, ports: [REPLICATION=45149, RATIS=37911, RATIS_ADMIN=37911, RATIS_SERVER=37911, STANDALONE=36815], networkLocation: /default-rack, certSerialId: null, persistedOpState: null, persistedOpStateExpiryEpochSec: 0}
2022-08-14 01:44:43,145 [IPC Server handler 3 on default port 34931] INFO  node.SCMNodeManager (SCMNodeManager.java:register(397)) - Registered Data node : 8222fa1d-6d96-4624-a383-c2b17e7dd66e{ip: 127.0.0.1, host: localhost, ports: [REPLICATION=45149, RATIS=37911, RATIS_ADMIN=37911, RATIS_SERVER=37911, STANDALONE=36815], networkLocation: /default-rack, certSerialId: null, persistedOpState: null, persistedOpStateExpiryEpochSec: 0}
2022-08-14 01:44:43,145 [EventQueue-PipelineReportForOneReplicaPipelineSafeModeRule] INFO  safemode.SCMSafeModeManager (SCMSafeModeManager.java:validateSafeModeExitRules(204)) - AtleastOneDatanodeReportedRule rule is successfully validated
2022-08-14 01:44:43,148 [EventQueue-NewNodeForNewNodeHandler] INFO  pipeline.BackgroundPipelineCreator (BackgroundPipelineCreator.java:notifyEventTriggered(276)) - trigger a one-shot run on RatisPipelineUtilsThread.
2022-08-14 01:44:43,148 [EventQueue-NodeRegistrationContainerReportForDataNodeSafeModeRule] INFO  safemode.SCMSafeModeManager (DataNodeSafeModeRule.java:process(71)) - SCM in safe mode. 1 DataNodes registered, 3 required.
2022-08-14 01:44:43,150 [EventQueue-NodeRegistrationContainerReportForDataNodeSafeModeRule] INFO  safemode.SCMSafeModeManager (DataNodeSafeModeRule.java:process(71)) - SCM in safe mode. 1 DataNodes registered, 3 required.
2022-08-14 01:44:43,162 [EventQueue-NodeRegistrationContainerReportForContainerSafeModeRule] INFO  safemode.SCMSafeModeManager (SCMSafeModeManager.java:validateSafeModeExitRules(204)) - ContainerSafeModeRule rule is successfully validated
2022-08-14 01:44:43,162 [EventQueue-NewNodeForNewNodeHandler] INFO  pipeline.BackgroundPipelineCreator (BackgroundPipelineCreator.java:notifyEventTriggered(269)) - ignore, not leader SCM.
2022-08-14 01:44:43,162 [EventQueue-NodeRegistrationContainerReportForContainerSafeModeRule] INFO  safemode.SCMSafeModeManager (SCMSafeModeManager.java:validateSafeModeExitRules(204)) - ContainerSafeModeRule rule is successfully validated
2022-08-14 01:44:43,163 [EventQueue-PipelineReportForOneReplicaPipelineSafeModeRule] INFO  safemode.SCMSafeModeManager (SCMSafeModeManager.java:validateSafeModeExitRules(204)) - AtleastOneDatanodeReportedRule rule is successfully validated
2022-08-14 01:44:43,163 [EventQueue-PipelineReportForOneReplicaPipelineSafeModeRule] INFO  safemode.SCMSafeModeManager (SCMSafeModeManager.java:validateSafeModeExitRules(204)) - AtleastOneDatanodeReportedRule rule is successfully validated
2022-08-14 01:44:43,171 [RatisPipelineUtilsThread - 0] INFO  pipeline.RatisPipelineProvider (RatisPipelineProvider.java:lambda$create$0(195)) - Sending CreatePipelineCommand for pipeline:PipelineID=175b6794-946f-4ad2-a020-b661a2de151d to datanode:8222fa1d-6d96-4624-a383-c2b17e7dd66e
2022-08-14 01:44:43,253 [eb4f5392-52f7-4dd8-91fe-f5d2e1c8a0c0@group-774EABE7D98C-StateMachineUpdater] INFO  pipeline.PipelineStateManagerImpl (PipelineStateManagerImpl.java:addPipeline(103)) - Created pipeline Pipeline[ Id: 175b6794-946f-4ad2-a020-b661a2de151d, Nodes: 8222fa1d-6d96-4624-a383-c2b17e7dd66e{ip: 127.0.0.1, host: localhost, ports: [REPLICATION=45149, RATIS=37911, RATIS_ADMIN=37911, RATIS_SERVER=37911, STANDALONE=36815], networkLocation: /default-rack, certSerialId: null, persistedOpState: IN_SERVICE, persistedOpStateExpiryEpochSec: 0}, ReplicationConfig: RATIS/ONE, State:ALLOCATED, leaderId:, CreationTimestamp2022-08-14T01:44:43.167Z[Etc/UTC]].
2022-08-14 01:44:43,254 [eb4f5392-52f7-4dd8-91fe-f5d2e1c8a0c0@group-774EABE7D98C-StateMachineUpdater] INFO  safemode.HealthyPipelineSafeModeRule (HealthyPipelineSafeModeRule.java:initializeRule(165)) - Refreshed total pipeline count is 0, healthy pipeline threshold count is 1
2022-08-14 01:44:43,274 [cf90fe62-f76e-4488-be8d-0c3b3445e4fe@group-774EABE7D98C-StateMachineUpdater] INFO  pipeline.PipelineStateManagerImpl (PipelineStateManagerImpl.java:addPipeline(103)) - Created pipeline Pipeline[ Id: 175b6794-946f-4ad2-a020-b661a2de151d, Nodes: 8222fa1d-6d96-4624-a383-c2b17e7dd66e{ip: 127.0.0.1, host: localhost, ports: [REPLICATION=45149, RATIS=37911, RATIS_ADMIN=37911, RATIS_SERVER=37911, STANDALONE=36815], networkLocation: /default-rack, certSerialId: null, persistedOpState: IN_SERVICE, persistedOpStateExpiryEpochSec: 0}, ReplicationConfig: RATIS/ONE, State:ALLOCATED, leaderId:, CreationTimestamp2022-08-14T01:44:43.167Z[Etc/UTC]].
2022-08-14 01:44:43,285 [cf90fe62-f76e-4488-be8d-0c3b3445e4fe@group-774EABE7D98C-StateMachineUpdater] INFO  safemode.HealthyPipelineSafeModeRule (HealthyPipelineSafeModeRule.java:initializeRule(165)) - Refreshed total pipeline count is 0, healthy pipeline threshold count is 1
2022-08-14 01:44:43,258 [03edee82-0664-4375-9f31-ace4c627e75e@group-774EABE7D98C-StateMachineUpdater] INFO  pipeline.PipelineStateManagerImpl (PipelineStateManagerImpl.java:addPipeline(103)) - Created pipeline Pipeline[ Id: 175b6794-946f-4ad2-a020-b661a2de151d, Nodes: 8222fa1d-6d96-4624-a383-c2b17e7dd66e{ip: 127.0.0.1, host: localhost, ports: [REPLICATION=45149, RATIS=37911, RATIS_ADMIN=37911, RATIS_SERVER=37911, STANDALONE=36815], networkLocation: /default-rack, certSerialId: null, persistedOpState: IN_SERVICE, persistedOpStateExpiryEpochSec: 0}, ReplicationConfig: RATIS/ONE, State:ALLOCATED, leaderId:, CreationTimestamp2022-08-14T01:44:43.167Z[Etc/UTC]].
2022-08-14 01:44:43,286 [03edee82-0664-4375-9f31-ace4c627e75e@group-774EABE7D98C-StateMachineUpdater] INFO  safemode.HealthyPipelineSafeModeRule (HealthyPipelineSafeModeRule.java:initializeRule(165)) - Refreshed total pipeline count is 0, healthy pipeline threshold count is 1
2022-08-14 01:44:43,591 [IPC Server handler 2 on default port 33939] INFO  net.NetworkTopologyImpl (NetworkTopologyImpl.java:add(112)) - Added a new node: /default-rack/f124399b-2518-488d-bf7f-30c6c2e21956
2022-08-14 01:44:43,593 [IPC Server handler 2 on default port 33939] INFO  node.SCMNodeManager (SCMNodeManager.java:register(397)) - Registered Data node : f124399b-2518-488d-bf7f-30c6c2e21956{ip: 127.0.0.1, host: localhost, ports: [REPLICATION=42169, RATIS=37713, RATIS_ADMIN=37713, RATIS_SERVER=37713, STANDALONE=42967], networkLocation: /default-rack, certSerialId: null, persistedOpState: null, persistedOpStateExpiryEpochSec: 0}
2022-08-14 01:44:43,594 [EventQueue-NodeRegistrationContainerReportForDataNodeSafeModeRule] INFO  safemode.SCMSafeModeManager (DataNodeSafeModeRule.java:process(71)) - SCM in safe mode. 2 DataNodes registered, 3 required.
2022-08-14 01:44:43,594 [EventQueue-NewNodeForNewNodeHandler] INFO  pipeline.BackgroundPipelineCreator (BackgroundPipelineCreator.java:notifyEventTriggered(276)) - trigger a one-shot run on RatisPipelineUtilsThread.
2022-08-14 01:44:43,592 [IPC Server handler 0 on default port 34931] INFO  net.NetworkTopologyImpl (NetworkTopologyImpl.java:add(112)) - Added a new node: /default-rack/f124399b-2518-488d-bf7f-30c6c2e21956
2022-08-14 01:44:43,595 [IPC Server handler 0 on default port 34931] INFO  node.SCMNodeManager (SCMNodeManager.java:register(397)) - Registered Data node : f124399b-2518-488d-bf7f-30c6c2e21956{ip: 127.0.0.1, host: localhost, ports: [REPLICATION=42169, RATIS=37713, RATIS_ADMIN=37713, RATIS_SERVER=37713, STANDALONE=42967], networkLocation: /default-rack, certSerialId: null, persistedOpState: null, persistedOpStateExpiryEpochSec: 0}
2022-08-14 01:44:43,596 [EventQueue-NodeRegistrationContainerReportForDataNodeSafeModeRule] INFO  safemode.SCMSafeModeManager (DataNodeSafeModeRule.java:process(71)) - SCM in safe mode. 2 DataNodes registered, 3 required.
2022-08-14 01:44:43,596 [EventQueue-NewNodeForNewNodeHandler] INFO  pipeline.BackgroundPipelineCreator (BackgroundPipelineCreator.java:notifyEventTriggered(269)) - ignore, not leader SCM.
2022-08-14 01:44:43,598 [RatisPipelineUtilsThread - 0] INFO  pipeline.RatisPipelineProvider (RatisPipelineProvider.java:lambda$create$0(195)) - Sending CreatePipelineCommand for pipeline:PipelineID=b0af5cba-079f-4b7a-9aed-7cd51f85749f to datanode:f124399b-2518-488d-bf7f-30c6c2e21956
2022-08-14 01:44:43,598 [IPC Server handler 3 on default port 40129] INFO  net.NetworkTopologyImpl (NetworkTopologyImpl.java:add(112)) - Added a new node: /default-rack/f124399b-2518-488d-bf7f-30c6c2e21956
2022-08-14 01:44:43,598 [IPC Server handler 3 on default port 40129] INFO  node.SCMNodeManager (SCMNodeManager.java:register(397)) - Registered Data node : f124399b-2518-488d-bf7f-30c6c2e21956{ip: 127.0.0.1, host: localhost, ports: [REPLICATION=42169, RATIS=37713, RATIS_ADMIN=37713, RATIS_SERVER=37713, STANDALONE=42967], networkLocation: /default-rack, certSerialId: null, persistedOpState: null, persistedOpStateExpiryEpochSec: 0}
2022-08-14 01:44:43,598 [EventQueue-NewNodeForNewNodeHandler] INFO  pipeline.BackgroundPipelineCreator (BackgroundPipelineCreator.java:notifyEventTriggered(269)) - ignore, not leader SCM.
2022-08-14 01:44:43,599 [EventQueue-NodeRegistrationContainerReportForDataNodeSafeModeRule] INFO  safemode.SCMSafeModeManager (DataNodeSafeModeRule.java:process(71)) - SCM in safe mode. 2 DataNodes registered, 3 required.
2022-08-14 01:44:43,606 [eb4f5392-52f7-4dd8-91fe-f5d2e1c8a0c0@group-774EABE7D98C-StateMachineUpdater] INFO  pipeline.PipelineStateManagerImpl (PipelineStateManagerImpl.java:addPipeline(103)) - Created pipeline Pipeline[ Id: b0af5cba-079f-4b7a-9aed-7cd51f85749f, Nodes: f124399b-2518-488d-bf7f-30c6c2e21956{ip: 127.0.0.1, host: localhost, ports: [REPLICATION=42169, RATIS=37713, RATIS_ADMIN=37713, RATIS_SERVER=37713, STANDALONE=42967], networkLocation: /default-rack, certSerialId: null, persistedOpState: IN_SERVICE, persistedOpStateExpiryEpochSec: 0}, ReplicationConfig: RATIS/ONE, State:ALLOCATED, leaderId:, CreationTimestamp2022-08-14T01:44:43.598Z[Etc/UTC]].
2022-08-14 01:44:43,606 [eb4f5392-52f7-4dd8-91fe-f5d2e1c8a0c0@group-774EABE7D98C-StateMachineUpdater] INFO  safemode.HealthyPipelineSafeModeRule (HealthyPipelineSafeModeRule.java:initializeRule(165)) - Refreshed total pipeline count is 0, healthy pipeline threshold count is 1
2022-08-14 01:44:43,608 [cf90fe62-f76e-4488-be8d-0c3b3445e4fe@group-774EABE7D98C-StateMachineUpdater] INFO  pipeline.PipelineStateManagerImpl (PipelineStateManagerImpl.java:addPipeline(103)) - Created pipeline Pipeline[ Id: b0af5cba-079f-4b7a-9aed-7cd51f85749f, Nodes: f124399b-2518-488d-bf7f-30c6c2e21956{ip: 127.0.0.1, host: localhost, ports: [REPLICATION=42169, RATIS=37713, RATIS_ADMIN=37713, RATIS_SERVER=37713, STANDALONE=42967], networkLocation: /default-rack, certSerialId: null, persistedOpState: IN_SERVICE, persistedOpStateExpiryEpochSec: 0}, ReplicationConfig: RATIS/ONE, State:ALLOCATED, leaderId:, CreationTimestamp2022-08-14T01:44:43.598Z[Etc/UTC]].
2022-08-14 01:44:43,615 [cf90fe62-f76e-4488-be8d-0c3b3445e4fe@group-774EABE7D98C-StateMachineUpdater] INFO  safemode.HealthyPipelineSafeModeRule (HealthyPipelineSafeModeRule.java:initializeRule(165)) - Refreshed total pipeline count is 0, healthy pipeline threshold count is 1
2022-08-14 01:44:43,615 [03edee82-0664-4375-9f31-ace4c627e75e@group-774EABE7D98C-StateMachineUpdater] INFO  pipeline.PipelineStateManagerImpl (PipelineStateManagerImpl.java:addPipeline(103)) - Created pipeline Pipeline[ Id: b0af5cba-079f-4b7a-9aed-7cd51f85749f, Nodes: f124399b-2518-488d-bf7f-30c6c2e21956{ip: 127.0.0.1, host: localhost, ports: [REPLICATION=42169, RATIS=37713, RATIS_ADMIN=37713, RATIS_SERVER=37713, STANDALONE=42967], networkLocation: /default-rack, certSerialId: null, persistedOpState: IN_SERVICE, persistedOpStateExpiryEpochSec: 0}, ReplicationConfig: RATIS/ONE, State:ALLOCATED, leaderId:, CreationTimestamp2022-08-14T01:44:43.598Z[Etc/UTC]].
2022-08-14 01:44:43,617 [03edee82-0664-4375-9f31-ace4c627e75e@group-774EABE7D98C-StateMachineUpdater] INFO  safemode.HealthyPipelineSafeModeRule (HealthyPipelineSafeModeRule.java:initializeRule(165)) - Refreshed total pipeline count is 0, healthy pipeline threshold count is 1
2022-08-14 01:44:43,913 [Listener at 127.0.0.1/45525] INFO  ozone.MiniOzoneClusterImpl (MiniOzoneClusterImpl.java:lambda$waitForClusterToBeReady$0(216)) - Waiting for nodes to be ready. Got 2 of 3 DN Heartbeats.
2022-08-14 01:44:43,915 [Listener at 127.0.0.1/45525] INFO  ozone.MiniOzoneClusterImpl (MiniOzoneClusterImpl.java:lambda$waitForClusterToBeReady$0(219)) - Waiting for cluster to exit safe mode
2022-08-14 01:44:43,915 [Listener at 127.0.0.1/45525] INFO  ozone.MiniOzoneClusterImpl (MiniOzoneClusterImpl.java:lambda$waitForClusterToBeReady$0(221)) - SCM became leader
2022-08-14 01:44:43,919 [IPC Server handler 2 on default port 34931] INFO  net.NetworkTopologyImpl (NetworkTopologyImpl.java:add(112)) - Added a new node: /default-rack/937647e2-067d-42aa-a021-6dbfe1bbf122
2022-08-14 01:44:43,920 [IPC Server handler 2 on default port 34931] INFO  node.SCMNodeManager (SCMNodeManager.java:register(397)) - Registered Data node : 937647e2-067d-42aa-a021-6dbfe1bbf122{ip: 127.0.0.1, host: localhost, ports: [REPLICATION=45291, RATIS=42293, RATIS_ADMIN=42293, RATIS_SERVER=42293, STANDALONE=39331], networkLocation: /default-rack, certSerialId: null, persistedOpState: null, persistedOpStateExpiryEpochSec: 0}
2022-08-14 01:44:43,920 [IPC Server handler 1 on default port 40129] INFO  net.NetworkTopologyImpl (NetworkTopologyImpl.java:add(112)) - Added a new node: /default-rack/937647e2-067d-42aa-a021-6dbfe1bbf122
2022-08-14 01:44:43,920 [IPC Server handler 3 on default port 33939] INFO  net.NetworkTopologyImpl (NetworkTopologyImpl.java:add(112)) - Added a new node: /default-rack/937647e2-067d-42aa-a021-6dbfe1bbf122
2022-08-14 01:44:43,920 [IPC Server handler 1 on default port 40129] INFO  node.SCMNodeManager (SCMNodeManager.java:register(397)) - Registered Data node : 937647e2-067d-42aa-a021-6dbfe1bbf122{ip: 127.0.0.1, host: localhost, ports: [REPLICATION=45291, RATIS=42293, RATIS_ADMIN=42293, RATIS_SERVER=42293, STANDALONE=39331], networkLocation: /default-rack, certSerialId: null, persistedOpState: null, persistedOpStateExpiryEpochSec: 0}
2022-08-14 01:44:43,920 [IPC Server handler 3 on default port 33939] INFO  node.SCMNodeManager (SCMNodeManager.java:register(397)) - Registered Data node : 937647e2-067d-42aa-a021-6dbfe1bbf122{ip: 127.0.0.1, host: localhost, ports: [REPLICATION=45291, RATIS=42293, RATIS_ADMIN=42293, RATIS_SERVER=42293, STANDALONE=39331], networkLocation: /default-rack, certSerialId: null, persistedOpState: null, persistedOpStateExpiryEpochSec: 0}
2022-08-14 01:44:43,921 [EventQueue-NewNodeForNewNodeHandler] INFO  pipeline.BackgroundPipelineCreator (BackgroundPipelineCreator.java:notifyEventTriggered(269)) - ignore, not leader SCM.
2022-08-14 01:44:43,921 [EventQueue-NewNodeForNewNodeHandler] INFO  pipeline.BackgroundPipelineCreator (BackgroundPipelineCreator.java:notifyEventTriggered(276)) - trigger a one-shot run on RatisPipelineUtilsThread.
2022-08-14 01:44:43,921 [RatisPipelineUtilsThread - 0] INFO  pipeline.RatisPipelineProvider (RatisPipelineProvider.java:lambda$create$0(195)) - Sending CreatePipelineCommand for pipeline:PipelineID=5c5561e6-15bb-4a2a-a599-4dc7c54e625a to datanode:937647e2-067d-42aa-a021-6dbfe1bbf122
2022-08-14 01:44:43,920 [EventQueue-NewNodeForNewNodeHandler] INFO  pipeline.BackgroundPipelineCreator (BackgroundPipelineCreator.java:notifyEventTriggered(269)) - ignore, not leader SCM.
2022-08-14 01:44:43,926 [EventQueue-NodeRegistrationContainerReportForDataNodeSafeModeRule] INFO  safemode.SCMSafeModeManager (DataNodeSafeModeRule.java:process(71)) - SCM in safe mode. 3 DataNodes registered, 3 required.
2022-08-14 01:44:43,926 [EventQueue-NodeRegistrationContainerReportForDataNodeSafeModeRule] INFO  safemode.SCMSafeModeManager (SCMSafeModeManager.java:validateSafeModeExitRules(204)) - DataNodeSafeModeRule rule is successfully validated
2022-08-14 01:44:43,927 [EventQueue-NodeRegistrationContainerReportForDataNodeSafeModeRule] INFO  safemode.SCMSafeModeManager (SCMSafeModeManager.java:completePreCheck(233)) - All SCM safe mode pre check rules have passed
2022-08-14 01:44:43,927 [EventQueue-NodeRegistrationContainerReportForDataNodeSafeModeRule] WARN  events.EventQueue (EventQueue.java:fireEvent(216)) - No event handler registered for event TypedEvent{payloadType=SafeModeStatus, name='Safe mode status'}
2022-08-14 01:44:43,927 [EventQueue-NodeRegistrationContainerReportForDataNodeSafeModeRule] INFO  ha.SCMContext (SCMContext.java:updateSafeModeStatus(228)) - Update SafeModeStatus from SafeModeStatus{safeModeStatus=true, preCheckPassed=false} to SafeModeStatus{safeModeStatus=true, preCheckPassed=true}.
2022-08-14 01:44:43,927 [EventQueue-NodeRegistrationContainerReportForDataNodeSafeModeRule] INFO  pipeline.BackgroundPipelineCreator (BackgroundPipelineCreator.java:notifyEventTriggered(269)) - ignore, not leader SCM.
2022-08-14 01:44:43,930 [eb4f5392-52f7-4dd8-91fe-f5d2e1c8a0c0@group-774EABE7D98C-StateMachineUpdater] INFO  pipeline.PipelineStateManagerImpl (PipelineStateManagerImpl.java:addPipeline(103)) - Created pipeline Pipeline[ Id: 5c5561e6-15bb-4a2a-a599-4dc7c54e625a, Nodes: 937647e2-067d-42aa-a021-6dbfe1bbf122{ip: 127.0.0.1, host: localhost, ports: [REPLICATION=45291, RATIS=42293, RATIS_ADMIN=42293, RATIS_SERVER=42293, STANDALONE=39331], networkLocation: /default-rack, certSerialId: null, persistedOpState: IN_SERVICE, persistedOpStateExpiryEpochSec: 0}, ReplicationConfig: RATIS/ONE, State:ALLOCATED, leaderId:, CreationTimestamp2022-08-14T01:44:43.921Z[Etc/UTC]].
2022-08-14 01:44:43,930 [eb4f5392-52f7-4dd8-91fe-f5d2e1c8a0c0@group-774EABE7D98C-StateMachineUpdater] INFO  safemode.HealthyPipelineSafeModeRule (HealthyPipelineSafeModeRule.java:initializeRule(165)) - Refreshed total pipeline count is 0, healthy pipeline threshold count is 1
2022-08-14 01:44:43,933 [EventQueue-NodeRegistrationContainerReportForDataNodeSafeModeRule] INFO  safemode.SCMSafeModeManager (DataNodeSafeModeRule.java:process(71)) - SCM in safe mode. 3 DataNodes registered, 3 required.
2022-08-14 01:44:43,939 [EventQueue-NodeRegistrationContainerReportForDataNodeSafeModeRule] INFO  safemode.SCMSafeModeManager (DataNodeSafeModeRule.java:process(71)) - SCM in safe mode. 3 DataNodes registered, 3 required.
2022-08-14 01:44:43,938 [cf90fe62-f76e-4488-be8d-0c3b3445e4fe@group-774EABE7D98C-StateMachineUpdater] INFO  pipeline.PipelineStateManagerImpl (PipelineStateManagerImpl.java:addPipeline(103)) - Created pipeline Pipeline[ Id: 5c5561e6-15bb-4a2a-a599-4dc7c54e625a, Nodes: 937647e2-067d-42aa-a021-6dbfe1bbf122{ip: 127.0.0.1, host: localhost, ports: [REPLICATION=45291, RATIS=42293, RATIS_ADMIN=42293, RATIS_SERVER=42293, STANDALONE=39331], networkLocation: /default-rack, certSerialId: null, persistedOpState: IN_SERVICE, persistedOpStateExpiryEpochSec: 0}, ReplicationConfig: RATIS/ONE, State:ALLOCATED, leaderId:, CreationTimestamp2022-08-14T01:44:43.921Z[Etc/UTC]].
2022-08-14 01:44:43,935 [03edee82-0664-4375-9f31-ace4c627e75e@group-774EABE7D98C-StateMachineUpdater] INFO  pipeline.PipelineStateManagerImpl (PipelineStateManagerImpl.java:addPipeline(103)) - Created pipeline Pipeline[ Id: 5c5561e6-15bb-4a2a-a599-4dc7c54e625a, Nodes: 937647e2-067d-42aa-a021-6dbfe1bbf122{ip: 127.0.0.1, host: localhost, ports: [REPLICATION=45291, RATIS=42293, RATIS_ADMIN=42293, RATIS_SERVER=42293, STANDALONE=39331], networkLocation: /default-rack, certSerialId: null, persistedOpState: IN_SERVICE, persistedOpStateExpiryEpochSec: 0}, ReplicationConfig: RATIS/ONE, State:ALLOCATED, leaderId:, CreationTimestamp2022-08-14T01:44:43.921Z[Etc/UTC]].
2022-08-14 01:44:43,944 [cf90fe62-f76e-4488-be8d-0c3b3445e4fe@group-774EABE7D98C-StateMachineUpdater] INFO  safemode.HealthyPipelineSafeModeRule (HealthyPipelineSafeModeRule.java:initializeRule(165)) - Refreshed total pipeline count is 0, healthy pipeline threshold count is 1
2022-08-14 01:44:43,944 [EventQueue-NodeRegistrationContainerReportForDataNodeSafeModeRule] INFO  safemode.SCMSafeModeManager (SCMSafeModeManager.java:validateSafeModeExitRules(204)) - DataNodeSafeModeRule rule is successfully validated
2022-08-14 01:44:43,946 [EventQueue-NodeRegistrationContainerReportForDataNodeSafeModeRule] INFO  safemode.SCMSafeModeManager (SCMSafeModeManager.java:completePreCheck(233)) - All SCM safe mode pre check rules have passed
2022-08-14 01:44:43,944 [EventQueue-NodeRegistrationContainerReportForDataNodeSafeModeRule] INFO  safemode.SCMSafeModeManager (SCMSafeModeManager.java:validateSafeModeExitRules(204)) - DataNodeSafeModeRule rule is successfully validated
2022-08-14 01:44:43,947 [EventQueue-NodeRegistrationContainerReportForDataNodeSafeModeRule] INFO  safemode.SCMSafeModeManager (SCMSafeModeManager.java:completePreCheck(233)) - All SCM safe mode pre check rules have passed
2022-08-14 01:44:43,946 [EventQueue-NodeRegistrationContainerReportForDataNodeSafeModeRule] WARN  events.EventQueue (EventQueue.java:fireEvent(216)) - No event handler registered for event TypedEvent{payloadType=SafeModeStatus, name='Safe mode status'}
2022-08-14 01:44:43,947 [EventQueue-NodeRegistrationContainerReportForDataNodeSafeModeRule] WARN  events.EventQueue (EventQueue.java:fireEvent(216)) - No event handler registered for event TypedEvent{payloadType=SafeModeStatus, name='Safe mode status'}
2022-08-14 01:44:43,947 [EventQueue-NodeRegistrationContainerReportForDataNodeSafeModeRule] INFO  ha.SCMContext (SCMContext.java:updateSafeModeStatus(228)) - Update SafeModeStatus from SafeModeStatus{safeModeStatus=true, preCheckPassed=false} to SafeModeStatus{safeModeStatus=true, preCheckPassed=true}.
2022-08-14 01:44:43,947 [EventQueue-NodeRegistrationContainerReportForDataNodeSafeModeRule] INFO  ha.SCMContext (SCMContext.java:updateSafeModeStatus(228)) - Update SafeModeStatus from SafeModeStatus{safeModeStatus=true, preCheckPassed=false} to SafeModeStatus{safeModeStatus=true, preCheckPassed=true}.
2022-08-14 01:44:43,947 [EventQueue-NodeRegistrationContainerReportForDataNodeSafeModeRule] INFO  pipeline.BackgroundPipelineCreator (BackgroundPipelineCreator.java:notifyEventTriggered(269)) - ignore, not leader SCM.
2022-08-14 01:44:43,947 [EventQueue-NodeRegistrationContainerReportForDataNodeSafeModeRule] INFO  pipeline.BackgroundPipelineCreator (BackgroundPipelineCreator.java:notifyEventTriggered(276)) - trigger a one-shot run on RatisPipelineUtilsThread.
2022-08-14 01:44:43,947 [03edee82-0664-4375-9f31-ace4c627e75e@group-774EABE7D98C-StateMachineUpdater] INFO  safemode.HealthyPipelineSafeModeRule (HealthyPipelineSafeModeRule.java:initializeRule(165)) - Refreshed total pipeline count is 0, healthy pipeline threshold count is 1
2022-08-14 01:44:43,951 [RatisPipelineUtilsThread - 0] INFO  pipeline.RatisPipelineProvider (RatisPipelineProvider.java:lambda$create$0(195)) - Sending CreatePipelineCommand for pipeline:PipelineID=3d0310a6-01ac-4418-a2f2-344a709c3956 to datanode:937647e2-067d-42aa-a021-6dbfe1bbf122
2022-08-14 01:44:43,952 [RatisPipelineUtilsThread - 0] INFO  pipeline.RatisPipelineProvider (RatisPipelineProvider.java:lambda$create$0(195)) - Sending CreatePipelineCommand for pipeline:PipelineID=3d0310a6-01ac-4418-a2f2-344a709c3956 to datanode:f124399b-2518-488d-bf7f-30c6c2e21956
2022-08-14 01:44:43,952 [RatisPipelineUtilsThread - 0] INFO  pipeline.RatisPipelineProvider (RatisPipelineProvider.java:lambda$create$0(195)) - Sending CreatePipelineCommand for pipeline:PipelineID=3d0310a6-01ac-4418-a2f2-344a709c3956 to datanode:8222fa1d-6d96-4624-a383-c2b17e7dd66e
2022-08-14 01:44:43,960 [eb4f5392-52f7-4dd8-91fe-f5d2e1c8a0c0@group-774EABE7D98C-StateMachineUpdater] INFO  pipeline.PipelineStateManagerImpl (PipelineStateManagerImpl.java:addPipeline(103)) - Created pipeline Pipeline[ Id: 3d0310a6-01ac-4418-a2f2-344a709c3956, Nodes: 937647e2-067d-42aa-a021-6dbfe1bbf122{ip: 127.0.0.1, host: localhost, ports: [REPLICATION=45291, RATIS=42293, RATIS_ADMIN=42293, RATIS_SERVER=42293, STANDALONE=39331], networkLocation: /default-rack, certSerialId: null, persistedOpState: IN_SERVICE, persistedOpStateExpiryEpochSec: 0}f124399b-2518-488d-bf7f-30c6c2e21956{ip: 127.0.0.1, host: localhost, ports: [REPLICATION=42169, RATIS=37713, RATIS_ADMIN=37713, RATIS_SERVER=37713, STANDALONE=42967], networkLocation: /default-rack, certSerialId: null, persistedOpState: IN_SERVICE, persistedOpStateExpiryEpochSec: 0}8222fa1d-6d96-4624-a383-c2b17e7dd66e{ip: 127.0.0.1, host: localhost, ports: [REPLICATION=45149, RATIS=37911, RATIS_ADMIN=37911, RATIS_SERVER=37911, STANDALONE=36815], networkLocation: /default-rack, certSerialId: null, persistedOpState: IN_SERVICE, persistedOpStateExpiryEpochSec: 0}, ReplicationConfig: RATIS/THREE, State:ALLOCATED, leaderId:, CreationTimestamp2022-08-14T01:44:43.951Z[Etc/UTC]].
2022-08-14 01:44:43,960 [eb4f5392-52f7-4dd8-91fe-f5d2e1c8a0c0@group-774EABE7D98C-StateMachineUpdater] INFO  safemode.HealthyPipelineSafeModeRule (HealthyPipelineSafeModeRule.java:initializeRule(165)) - Refreshed total pipeline count is 0, healthy pipeline threshold count is 1
2022-08-14 01:44:43,961 [RatisPipelineUtilsThread - 0] INFO  pipeline.RatisPipelineProvider (RatisPipelineProvider.java:lambda$create$0(195)) - Sending CreatePipelineCommand for pipeline:PipelineID=f0c1d113-097f-480f-ae1f-f49552b7f4b3 to datanode:8222fa1d-6d96-4624-a383-c2b17e7dd66e
2022-08-14 01:44:43,972 [RatisPipelineUtilsThread - 0] INFO  pipeline.RatisPipelineProvider (RatisPipelineProvider.java:lambda$create$0(195)) - Sending CreatePipelineCommand for pipeline:PipelineID=f0c1d113-097f-480f-ae1f-f49552b7f4b3 to datanode:f124399b-2518-488d-bf7f-30c6c2e21956
2022-08-14 01:44:43,972 [RatisPipelineUtilsThread - 0] INFO  pipeline.RatisPipelineProvider (RatisPipelineProvider.java:lambda$create$0(195)) - Sending CreatePipelineCommand for pipeline:PipelineID=f0c1d113-097f-480f-ae1f-f49552b7f4b3 to datanode:937647e2-067d-42aa-a021-6dbfe1bbf122
2022-08-14 01:44:43,975 [03edee82-0664-4375-9f31-ace4c627e75e@group-774EABE7D98C-StateMachineUpdater] INFO  pipeline.PipelineStateManagerImpl (PipelineStateManagerImpl.java:addPipeline(103)) - Created pipeline Pipeline[ Id: 3d0310a6-01ac-4418-a2f2-344a709c3956, Nodes: 937647e2-067d-42aa-a021-6dbfe1bbf122{ip: 127.0.0.1, host: localhost, ports: [REPLICATION=45291, RATIS=42293, RATIS_ADMIN=42293, RATIS_SERVER=42293, STANDALONE=39331], networkLocation: /default-rack, certSerialId: null, persistedOpState: IN_SERVICE, persistedOpStateExpiryEpochSec: 0}f124399b-2518-488d-bf7f-30c6c2e21956{ip: 127.0.0.1, host: localhost, ports: [REPLICATION=42169, RATIS=37713, RATIS_ADMIN=37713, RATIS_SERVER=37713, STANDALONE=42967], networkLocation: /default-rack, certSerialId: null, persistedOpState: IN_SERVICE, persistedOpStateExpiryEpochSec: 0}8222fa1d-6d96-4624-a383-c2b17e7dd66e{ip: 127.0.0.1, host: localhost, ports: [REPLICATION=45149, RATIS=37911, RATIS_ADMIN=37911, RATIS_SERVER=37911, STANDALONE=36815], networkLocation: /default-rack, certSerialId: null, persistedOpState: IN_SERVICE, persistedOpStateExpiryEpochSec: 0}, ReplicationConfig: RATIS/THREE, State:ALLOCATED, leaderId:, CreationTimestamp2022-08-14T01:44:43.951Z[Etc/UTC]].
2022-08-14 01:44:43,975 [03edee82-0664-4375-9f31-ace4c627e75e@group-774EABE7D98C-StateMachineUpdater] INFO  safemode.HealthyPipelineSafeModeRule (HealthyPipelineSafeModeRule.java:initializeRule(165)) - Refreshed total pipeline count is 0, healthy pipeline threshold count is 1
2022-08-14 01:44:43,979 [cf90fe62-f76e-4488-be8d-0c3b3445e4fe@group-774EABE7D98C-StateMachineUpdater] INFO  pipeline.PipelineStateManagerImpl (PipelineStateManagerImpl.java:addPipeline(103)) - Created pipeline Pipeline[ Id: 3d0310a6-01ac-4418-a2f2-344a709c3956, Nodes: 937647e2-067d-42aa-a021-6dbfe1bbf122{ip: 127.0.0.1, host: localhost, ports: [REPLICATION=45291, RATIS=42293, RATIS_ADMIN=42293, RATIS_SERVER=42293, STANDALONE=39331], networkLocation: /default-rack, certSerialId: null, persistedOpState: IN_SERVICE, persistedOpStateExpiryEpochSec: 0}f124399b-2518-488d-bf7f-30c6c2e21956{ip: 127.0.0.1, host: localhost, ports: [REPLICATION=42169, RATIS=37713, RATIS_ADMIN=37713, RATIS_SERVER=37713, STANDALONE=42967], networkLocation: /default-rack, certSerialId: null, persistedOpState: IN_SERVICE, persistedOpStateExpiryEpochSec: 0}8222fa1d-6d96-4624-a383-c2b17e7dd66e{ip: 127.0.0.1, host: localhost, ports: [REPLICATION=45149, RATIS=37911, RATIS_ADMIN=37911, RATIS_SERVER=37911, STANDALONE=36815], networkLocation: /default-rack, certSerialId: null, persistedOpState: IN_SERVICE, persistedOpStateExpiryEpochSec: 0}, ReplicationConfig: RATIS/THREE, State:ALLOCATED, leaderId:, CreationTimestamp2022-08-14T01:44:43.951Z[Etc/UTC]].
2022-08-14 01:44:43,984 [cf90fe62-f76e-4488-be8d-0c3b3445e4fe@group-774EABE7D98C-StateMachineUpdater] INFO  safemode.HealthyPipelineSafeModeRule (HealthyPipelineSafeModeRule.java:initializeRule(165)) - Refreshed total pipeline count is 0, healthy pipeline threshold count is 1
2022-08-14 01:44:43,989 [eb4f5392-52f7-4dd8-91fe-f5d2e1c8a0c0@group-774EABE7D98C-StateMachineUpdater] INFO  pipeline.PipelineStateManagerImpl (PipelineStateManagerImpl.java:addPipeline(103)) - Created pipeline Pipeline[ Id: f0c1d113-097f-480f-ae1f-f49552b7f4b3, Nodes: 8222fa1d-6d96-4624-a383-c2b17e7dd66e{ip: 127.0.0.1, host: localhost, ports: [REPLICATION=45149, RATIS=37911, RATIS_ADMIN=37911, RATIS_SERVER=37911, STANDALONE=36815], networkLocation: /default-rack, certSerialId: null, persistedOpState: IN_SERVICE, persistedOpStateExpiryEpochSec: 0}f124399b-2518-488d-bf7f-30c6c2e21956{ip: 127.0.0.1, host: localhost, ports: [REPLICATION=42169, RATIS=37713, RATIS_ADMIN=37713, RATIS_SERVER=37713, STANDALONE=42967], networkLocation: /default-rack, certSerialId: null, persistedOpState: IN_SERVICE, persistedOpStateExpiryEpochSec: 0}937647e2-067d-42aa-a021-6dbfe1bbf122{ip: 127.0.0.1, host: localhost, ports: [REPLICATION=45291, RATIS=42293, RATIS_ADMIN=42293, RATIS_SERVER=42293, STANDALONE=39331], networkLocation: /default-rack, certSerialId: null, persistedOpState: IN_SERVICE, persistedOpStateExpiryEpochSec: 0}, ReplicationConfig: RATIS/THREE, State:ALLOCATED, leaderId:, CreationTimestamp2022-08-14T01:44:43.961Z[Etc/UTC]].
2022-08-14 01:44:43,990 [eb4f5392-52f7-4dd8-91fe-f5d2e1c8a0c0@group-774EABE7D98C-StateMachineUpdater] INFO  safemode.HealthyPipelineSafeModeRule (HealthyPipelineSafeModeRule.java:initializeRule(165)) - Refreshed total pipeline count is 0, healthy pipeline threshold count is 1
2022-08-14 01:44:43,991 [RatisPipelineUtilsThread - 0] INFO  pipeline.PipelineManagerImpl (PipelineManagerImpl.java:recordMetricsForPipeline(796)) - Pipeline: PipelineID=f0c1d113-097f-480f-ae1f-f49552b7f4b3 contains same datanodes as previous pipelines: PipelineID=3d0310a6-01ac-4418-a2f2-344a709c3956 nodeIds: 8222fa1d-6d96-4624-a383-c2b17e7dd66e, f124399b-2518-488d-bf7f-30c6c2e21956, 937647e2-067d-42aa-a021-6dbfe1bbf122
2022-08-14 01:44:43,995 [03edee82-0664-4375-9f31-ace4c627e75e@group-774EABE7D98C-StateMachineUpdater] INFO  pipeline.PipelineStateManagerImpl (PipelineStateManagerImpl.java:addPipeline(103)) - Created pipeline Pipeline[ Id: f0c1d113-097f-480f-ae1f-f49552b7f4b3, Nodes: 8222fa1d-6d96-4624-a383-c2b17e7dd66e{ip: 127.0.0.1, host: localhost, ports: [REPLICATION=45149, RATIS=37911, RATIS_ADMIN=37911, RATIS_SERVER=37911, STANDALONE=36815], networkLocation: /default-rack, certSerialId: null, persistedOpState: IN_SERVICE, persistedOpStateExpiryEpochSec: 0}f124399b-2518-488d-bf7f-30c6c2e21956{ip: 127.0.0.1, host: localhost, ports: [REPLICATION=42169, RATIS=37713, RATIS_ADMIN=37713, RATIS_SERVER=37713, STANDALONE=42967], networkLocation: /default-rack, certSerialId: null, persistedOpState: IN_SERVICE, persistedOpStateExpiryEpochSec: 0}937647e2-067d-42aa-a021-6dbfe1bbf122{ip: 127.0.0.1, host: localhost, ports: [REPLICATION=45291, RATIS=42293, RATIS_ADMIN=42293, RATIS_SERVER=42293, STANDALONE=39331], networkLocation: /default-rack, certSerialId: null, persistedOpState: IN_SERVICE, persistedOpStateExpiryEpochSec: 0}, ReplicationConfig: RATIS/THREE, State:ALLOCATED, leaderId:, CreationTimestamp2022-08-14T01:44:43.961Z[Etc/UTC]].
2022-08-14 01:44:43,995 [03edee82-0664-4375-9f31-ace4c627e75e@group-774EABE7D98C-StateMachineUpdater] INFO  safemode.HealthyPipelineSafeModeRule (HealthyPipelineSafeModeRule.java:initializeRule(165)) - Refreshed total pipeline count is 0, healthy pipeline threshold count is 1
2022-08-14 01:44:44,000 [cf90fe62-f76e-4488-be8d-0c3b3445e4fe@group-774EABE7D98C-StateMachineUpdater] INFO  pipeline.PipelineStateManagerImpl (PipelineStateManagerImpl.java:addPipeline(103)) - Created pipeline Pipeline[ Id: f0c1d113-097f-480f-ae1f-f49552b7f4b3, Nodes: 8222fa1d-6d96-4624-a383-c2b17e7dd66e{ip: 127.0.0.1, host: localhost, ports: [REPLICATION=45149, RATIS=37911, RATIS_ADMIN=37911, RATIS_SERVER=37911, STANDALONE=36815], networkLocation: /default-rack, certSerialId: null, persistedOpState: IN_SERVICE, persistedOpStateExpiryEpochSec: 0}f124399b-2518-488d-bf7f-30c6c2e21956{ip: 127.0.0.1, host: localhost, ports: [REPLICATION=42169, RATIS=37713, RATIS_ADMIN=37713, RATIS_SERVER=37713, STANDALONE=42967], networkLocation: /default-rack, certSerialId: null, persistedOpState: IN_SERVICE, persistedOpStateExpiryEpochSec: 0}937647e2-067d-42aa-a021-6dbfe1bbf122{ip: 127.0.0.1, host: localhost, ports: [REPLICATION=45291, RATIS=42293, RATIS_ADMIN=42293, RATIS_SERVER=42293, STANDALONE=39331], networkLocation: /default-rack, certSerialId: null, persistedOpState: IN_SERVICE, persistedOpStateExpiryEpochSec: 0}, ReplicationConfig: RATIS/THREE, State:ALLOCATED, leaderId:, CreationTimestamp2022-08-14T01:44:43.961Z[Etc/UTC]].
2022-08-14 01:44:44,003 [cf90fe62-f76e-4488-be8d-0c3b3445e4fe@group-774EABE7D98C-StateMachineUpdater] INFO  safemode.HealthyPipelineSafeModeRule (HealthyPipelineSafeModeRule.java:initializeRule(165)) - Refreshed total pipeline count is 0, healthy pipeline threshold count is 1
2022-08-14 01:44:44,915 [Listener at 127.0.0.1/45525] INFO  ozone.MiniOzoneClusterImpl (MiniOzoneClusterImpl.java:lambda$waitForClusterToBeReady$0(216)) - Nodes are ready. Got 3 of 3 DN Heartbeats.
2022-08-14 01:44:44,920 [Listener at 127.0.0.1/45525] INFO  ozone.MiniOzoneClusterImpl (MiniOzoneClusterImpl.java:lambda$waitForClusterToBeReady$0(219)) - Waiting for cluster to exit safe mode
2022-08-14 01:44:44,920 [Listener at 127.0.0.1/45525] INFO  ozone.MiniOzoneClusterImpl (MiniOzoneClusterImpl.java:lambda$waitForClusterToBeReady$0(221)) - SCM became leader
2022-08-14 01:44:45,925 [Listener at 127.0.0.1/45525] INFO  ozone.MiniOzoneClusterImpl (MiniOzoneClusterImpl.java:lambda$waitForClusterToBeReady$0(216)) - Nodes are ready. Got 3 of 3 DN Heartbeats.
2022-08-14 01:44:45,925 [Listener at 127.0.0.1/45525] INFO  ozone.MiniOzoneClusterImpl (MiniOzoneClusterImpl.java:lambda$waitForClusterToBeReady$0(219)) - Waiting for cluster to exit safe mode
2022-08-14 01:44:45,925 [Listener at 127.0.0.1/45525] INFO  ozone.MiniOzoneClusterImpl (MiniOzoneClusterImpl.java:lambda$waitForClusterToBeReady$0(221)) - SCM became leader
2022-08-14 01:44:46,083 [Command processor thread] INFO  server.RaftServer (RaftServerProxy.java:addNew(96)) - 8222fa1d-6d96-4624-a383-c2b17e7dd66e: addNew group-B661A2DE151D:[8222fa1d-6d96-4624-a383-c2b17e7dd66e|rpc:127.0.0.1:37911|priority:1] returns group-B661A2DE151D:java.util.concurrent.CompletableFuture@41d226fb[Not completed]
2022-08-14 01:44:46,094 [pool-190-thread-1] INFO  server.RaftServer$Division (RaftServerImpl.java:<init>(190)) - 8222fa1d-6d96-4624-a383-c2b17e7dd66e: new RaftServerImpl for group-B661A2DE151D:[8222fa1d-6d96-4624-a383-c2b17e7dd66e|rpc:127.0.0.1:37911|priority:1] with ContainerStateMachine:uninitialized
2022-08-14 01:44:46,094 [pool-190-thread-1] INFO  server.RaftServerConfigKeys (ConfUtils.java:logGet(46)) - raft.server.rpc.timeout.min = 5s (custom)
2022-08-14 01:44:46,094 [pool-190-thread-1] INFO  server.RaftServerConfigKeys (ConfUtils.java:logGet(46)) - raft.server.rpc.timeout.max = 5200ms (custom)
2022-08-14 01:44:46,095 [pool-190-thread-1] INFO  server.RaftServerConfigKeys (ConfUtils.java:logGet(46)) - raft.server.rpc.sleep.time = 25ms (default)
2022-08-14 01:44:46,095 [pool-190-thread-1] INFO  server.RaftServerConfigKeys (ConfUtils.java:logGet(46)) - raft.server.rpc.slowness.timeout = 300s (custom)
2022-08-14 01:44:46,095 [pool-190-thread-1] INFO  server.RaftServerConfigKeys (ConfUtils.java:logGet(46)) - raft.server.leaderelection.leader.step-down.wait-time = 10s (default)
2022-08-14 01:44:46,095 [pool-190-thread-1] INFO  server.RaftServerConfigKeys (ConfUtils.java:logGet(46)) - raft.server.sleep.deviation.threshold = 300ms (default)
2022-08-14 01:44:46,095 [pool-190-thread-1] INFO  server.RaftServer$Division (ServerState.java:<init>(107)) - 8222fa1d-6d96-4624-a383-c2b17e7dd66e@group-B661A2DE151D: ConfigurationManager, init=-1: [8222fa1d-6d96-4624-a383-c2b17e7dd66e|rpc:127.0.0.1:37911|priority:1], old=null, confs=<EMPTY_MAP>
2022-08-14 01:44:46,095 [pool-190-thread-1] INFO  server.RaftServerConfigKeys (ConfUtils.java:logGet(46)) - raft.server.storage.dir = [/home/runner/work/ozone/ozone/hadoop-ozone/integration-test/target/test-dir/MiniOzoneClusterImpl-8ae01b46-865b-4b2e-8bfc-774eabe7d98c/datanode-0/data/ratis] (custom)
2022-08-14 01:44:46,095 [pool-190-thread-1] INFO  server.RaftServerConfigKeys (ConfUtils.java:logGet(46)) - raft.server.log.corruption.policy = EXCEPTION (default)
2022-08-14 01:44:46,095 [pool-190-thread-1] INFO  server.RaftServerConfigKeys (ConfUtils.java:logGet(46)) - raft.server.storage.free-space.min = 0MB (=0) (default)
2022-08-14 01:44:46,095 [pool-190-thread-1] INFO  storage.RaftStorageDirectory (RaftStorageDirectoryImpl.java:analyzeStorage(135)) - The storage directory /home/runner/work/ozone/ozone/hadoop-ozone/integration-test/target/test-dir/MiniOzoneClusterImpl-8ae01b46-865b-4b2e-8bfc-774eabe7d98c/datanode-0/data/ratis/175b6794-946f-4ad2-a020-b661a2de151d does not exist. Creating ...
2022-08-14 01:44:46,097 [pool-190-thread-1] INFO  storage.RaftStorageDirectory (RaftStorageDirectoryImpl.java:tryLock(230)) - Lock on /home/runner/work/ozone/ozone/hadoop-ozone/integration-test/target/test-dir/MiniOzoneClusterImpl-8ae01b46-865b-4b2e-8bfc-774eabe7d98c/datanode-0/data/ratis/175b6794-946f-4ad2-a020-b661a2de151d/in_use.lock acquired by nodename 20746@fv-az372-557
2022-08-14 01:44:46,099 [pool-190-thread-1] INFO  storage.RaftStorage (RaftStorageImpl.java:format(89)) - Storage directory /home/runner/work/ozone/ozone/hadoop-ozone/integration-test/target/test-dir/MiniOzoneClusterImpl-8ae01b46-865b-4b2e-8bfc-774eabe7d98c/datanode-0/data/ratis/175b6794-946f-4ad2-a020-b661a2de151d has been successfully formatted.
2022-08-14 01:44:46,103 [pool-190-thread-1] INFO  ratis.ContainerStateMachine (ContainerStateMachine.java:loadSnapshot(236)) - group-B661A2DE151D: The snapshot info is null. Setting the last applied indexto:(t:0, i:~)
2022-08-14 01:44:46,104 [pool-190-thread-1] INFO  server.RaftServerConfigKeys (ConfUtils.java:logGet(46)) - raft.server.notification.no-leader.timeout = 300s (custom)
2022-08-14 01:44:46,104 [pool-190-thread-1] INFO  server.RaftServerConfigKeys (ConfUtils.java:logGet(46)) - raft.server.log.use.memory = false (default)
2022-08-14 01:44:46,104 [pool-190-thread-1] INFO  server.RaftServerConfigKeys (ConfUtils.java:logGet(46)) - raft.server.log.purge.gap = 1000000 (custom)
2022-08-14 01:44:46,104 [pool-190-thread-1] INFO  server.RaftServerConfigKeys (ConfUtils.java:logGet(46)) - raft.server.log.appender.buffer.byte-limit = 33554432 (custom)
2022-08-14 01:44:46,104 [pool-190-thread-1] INFO  server.RaftServerConfigKeys (ConfUtils.java:logGet(46)) - raft.server.log.statemachine.data.read.timeout = 1000ms (default)
2022-08-14 01:44:46,104 [pool-190-thread-1] INFO  server.RaftServerConfigKeys (ConfUtils.java:logGet(46)) - raft.server.log.segment.size.max = 1048576 (custom)
2022-08-14 01:44:46,105 [pool-190-thread-1] INFO  server.RaftServerConfigKeys (ConfUtils.java:logGet(46)) - raft.server.log.segment.cache.num.max = 2 (custom)
2022-08-14 01:44:46,105 [pool-190-thread-1] INFO  server.RaftServerConfigKeys (ConfUtils.java:logGet(46)) - raft.server.log.segment.cache.size.max = 200MB (=209715200) (default)
2022-08-14 01:44:46,105 [pool-190-thread-1] INFO  segmented.SegmentedRaftLogWorker (SegmentedRaftLogWorker.java:<init>(187)) - new 8222fa1d-6d96-4624-a383-c2b17e7dd66e@group-B661A2DE151D-SegmentedRaftLogWorker for RaftStorageImpl:Storage Directory /home/runner/work/ozone/ozone/hadoop-ozone/integration-test/target/test-dir/MiniOzoneClusterImpl-8ae01b46-865b-4b2e-8bfc-774eabe7d98c/datanode-0/data/ratis/175b6794-946f-4ad2-a020-b661a2de151d
2022-08-14 01:44:46,105 [pool-190-thread-1] INFO  server.RaftServerConfigKeys (ConfUtils.java:logGet(46)) - raft.server.log.queue.byte-limit = 4294967296 (custom)
2022-08-14 01:44:46,105 [pool-190-thread-1] INFO  server.RaftServerConfigKeys (ConfUtils.java:logGet(46)) - raft.server.log.queue.element-limit = 1024 (custom)
2022-08-14 01:44:46,105 [pool-190-thread-1] INFO  server.RaftServerConfigKeys (ConfUtils.java:logGet(46)) - raft.server.log.segment.size.max = 1048576 (custom)
2022-08-14 01:44:46,105 [pool-190-thread-1] INFO  server.RaftServerConfigKeys (ConfUtils.java:logGet(46)) - raft.server.log.preallocated.size = 16384 (custom)
2022-08-14 01:44:46,105 [pool-190-thread-1] INFO  server.RaftServerConfigKeys (ConfUtils.java:logGet(46)) - raft.server.log.force.sync.num = 128 (default)
2022-08-14 01:44:46,105 [pool-190-thread-1] INFO  server.RaftServerConfigKeys (ConfUtils.java:logGet(46)) - raft.server.log.statemachine.data.sync = true (default)
2022-08-14 01:44:46,106 [pool-190-thread-1] INFO  server.RaftServerConfigKeys (ConfUtils.java:logGet(46)) - raft.server.log.statemachine.data.sync.timeout = 10s (default)
2022-08-14 01:44:46,106 [pool-190-thread-1] INFO  server.RaftServerConfigKeys (ConfUtils.java:logGet(46)) - raft.server.log.statemachine.data.sync.timeout.retry = -1 (default)
2022-08-14 01:44:46,119 [pool-190-thread-1] INFO  server.RaftServerConfigKeys (ConfUtils.java:logGet(46)) - raft.server.log.write.buffer.size = 1048576 (custom)
2022-08-14 01:44:46,119 [pool-190-thread-1] INFO  server.RaftServerConfigKeys (ConfUtils.java:logGet(46)) - raft.server.log.unsafe-flush.enabled = false (default)
2022-08-14 01:44:46,119 [pool-190-thread-1] INFO  server.RaftServerConfigKeys (ConfUtils.java:logGet(46)) - raft.server.log.statemachine.data.caching.enabled = true (custom)
2022-08-14 01:44:46,119 [pool-190-thread-1] INFO  segmented.SegmentedRaftLogWorker (SegmentedRaftLogWorker.java:lambda$new$0(135)) - 8222fa1d-6d96-4624-a383-c2b17e7dd66e@group-B661A2DE151D-SegmentedRaftLogWorker: flushIndex: setUnconditionally 0 -> -1
2022-08-14 01:44:46,119 [pool-190-thread-1] INFO  segmented.SegmentedRaftLogWorker (SegmentedRaftLogWorker.java:lambda$new$0(135)) - 8222fa1d-6d96-4624-a383-c2b17e7dd66e@group-B661A2DE151D-SegmentedRaftLogWorker: safeCacheEvictIndex: setUnconditionally 0 -> -1
2022-08-14 01:44:46,124 [pool-190-thread-1] INFO  server.RaftServerConfigKeys (ConfUtils.java:logGet(46)) - raft.server.snapshot.auto.trigger.enabled = true (custom)
2022-08-14 01:44:46,124 [pool-190-thread-1] INFO  server.RaftServerConfigKeys (ConfUtils.java:logGet(46)) - raft.server.snapshot.auto.trigger.threshold = 10000 (custom)
2022-08-14 01:44:46,124 [pool-190-thread-1] INFO  server.RaftServerConfigKeys (ConfUtils.java:logGet(46)) - raft.server.snapshot.retention.file.num = 5 (custom)
2022-08-14 01:44:46,124 [pool-190-thread-1] INFO  server.RaftServerConfigKeys (ConfUtils.java:logGet(46)) - raft.server.log.purge.upto.snapshot.index = false (default)
2022-08-14 01:44:46,124 [pool-190-thread-1] INFO  server.RaftServerConfigKeys (ConfUtils.java:logGet(46)) - raft.server.retrycache.expirytime = 600000ms (custom)
2022-08-14 01:44:46,126 [EventQueue-PipelineReportForPipelineReportHandler] INFO  pipeline.PipelineManagerImpl (PipelineManagerImpl.java:openPipeline(367)) - Pipeline Pipeline[ Id: 175b6794-946f-4ad2-a020-b661a2de151d, Nodes: 8222fa1d-6d96-4624-a383-c2b17e7dd66e{ip: 127.0.0.1, host: localhost, ports: [REPLICATION=45149, RATIS=37911, RATIS_ADMIN=37911, RATIS_SERVER=37911, STANDALONE=36815], networkLocation: /default-rack, certSerialId: null, persistedOpState: IN_SERVICE, persistedOpStateExpiryEpochSec: 0}, ReplicationConfig: RATIS/ONE, State:ALLOCATED, leaderId:8222fa1d-6d96-4624-a383-c2b17e7dd66e, CreationTimestamp2022-08-14T01:44:43.167Z[Etc/UTC]] moved to OPEN state
2022-08-14 01:44:46,122 [EventQueue-PipelineReportForPipelineReportHandler] INFO  pipeline.PipelineManagerImpl (PipelineManagerImpl.java:openPipeline(367)) - Pipeline Pipeline[ Id: 175b6794-946f-4ad2-a020-b661a2de151d, Nodes: 8222fa1d-6d96-4624-a383-c2b17e7dd66e{ip: 127.0.0.1, host: localhost, ports: [REPLICATION=45149, RATIS=37911, RATIS_ADMIN=37911, RATIS_SERVER=37911, STANDALONE=36815], networkLocation: /default-rack, certSerialId: null, persistedOpState: IN_SERVICE, persistedOpStateExpiryEpochSec: 0}, ReplicationConfig: RATIS/ONE, State:ALLOCATED, leaderId:8222fa1d-6d96-4624-a383-c2b17e7dd66e, CreationTimestamp2022-08-14T01:44:43.167Z[Etc/UTC]] moved to OPEN state
2022-08-14 01:44:46,129 [pool-190-thread-1] INFO  server.RaftServerConfigKeys (ConfUtils.java:logGet(46)) - raft.server.retrycache.statistics.expirytime = 100μs (default)
2022-08-14 01:44:46,131 [pool-190-thread-1] INFO  server.RaftServerConfigKeys (ConfUtils.java:logGet(46)) - raft.server.log.appender.install.snapshot.enabled = false (custom)
2022-08-14 01:44:46,131 [pool-190-thread-1] INFO  server.RaftServerConfigKeys (ConfUtils.java:logGet(46)) - raft.server.threadpool.server.cached = true (default)
2022-08-14 01:44:46,131 [pool-190-thread-1] INFO  server.RaftServerConfigKeys (ConfUtils.java:logGet(46)) - raft.server.threadpool.server.size = 0 (default)
2022-08-14 01:44:46,132 [pool-190-thread-1] INFO  server.RaftServerConfigKeys (ConfUtils.java:logGet(46)) - raft.server.threadpool.client.cached = true (default)
2022-08-14 01:44:46,132 [pool-190-thread-1] INFO  server.RaftServerConfigKeys (ConfUtils.java:logGet(46)) - raft.server.threadpool.client.size = 0 (default)
2022-08-14 01:44:46,132 [pool-190-thread-1] INFO  server.RaftServer$Division (RaftServerImpl.java:start(310)) - 8222fa1d-6d96-4624-a383-c2b17e7dd66e@group-B661A2DE151D: start as a follower, conf=-1: [8222fa1d-6d96-4624-a383-c2b17e7dd66e|rpc:127.0.0.1:37911|priority:1], old=null
2022-08-14 01:44:46,132 [pool-190-thread-1] INFO  server.RaftServer$Division (RaftServerImpl.java:setRole(299)) - 8222fa1d-6d96-4624-a383-c2b17e7dd66e@group-B661A2DE151D: changes role from      null to FOLLOWER at term 0 for startAsFollower
2022-08-14 01:44:46,123 [EventQueue-PipelineReportForPipelineReportHandler] INFO  pipeline.PipelineManagerImpl (PipelineManagerImpl.java:openPipeline(367)) - Pipeline Pipeline[ Id: 175b6794-946f-4ad2-a020-b661a2de151d, Nodes: 8222fa1d-6d96-4624-a383-c2b17e7dd66e{ip: 127.0.0.1, host: localhost, ports: [REPLICATION=45149, RATIS=37911, RATIS_ADMIN=37911, RATIS_SERVER=37911, STANDALONE=36815], networkLocation: /default-rack, certSerialId: null, persistedOpState: IN_SERVICE, persistedOpStateExpiryEpochSec: 0}, ReplicationConfig: RATIS/ONE, State:ALLOCATED, leaderId:8222fa1d-6d96-4624-a383-c2b17e7dd66e, CreationTimestamp2022-08-14T01:44:43.167Z[Etc/UTC]] moved to OPEN state
2022-08-14 01:44:46,132 [pool-190-thread-1] INFO  impl.RoleInfo (RoleInfo.java:updateAndGet(139)) - 8222fa1d-6d96-4624-a383-c2b17e7dd66e: start 8222fa1d-6d96-4624-a383-c2b17e7dd66e@group-B661A2DE151D-FollowerState
2022-08-14 01:44:46,144 [pool-190-thread-1] INFO  util.JmxRegister (JmxRegister.java:tryRegister(44)) - Successfully registered JMX Bean with object name Ratis:service=RaftServer,group=group-B661A2DE151D,id=8222fa1d-6d96-4624-a383-c2b17e7dd66e
2022-08-14 01:44:46,150 [eb4f5392-52f7-4dd8-91fe-f5d2e1c8a0c0@group-774EABE7D98C-StateMachineUpdater] INFO  safemode.HealthyPipelineSafeModeRule (HealthyPipelineSafeModeRule.java:initializeRule(165)) - Refreshed total pipeline count is 0, healthy pipeline threshold count is 1
2022-08-14 01:44:46,174 [03edee82-0664-4375-9f31-ace4c627e75e@group-774EABE7D98C-StateMachineUpdater] INFO  safemode.HealthyPipelineSafeModeRule (HealthyPipelineSafeModeRule.java:initializeRule(165)) - Refreshed total pipeline count is 0, healthy pipeline threshold count is 1
2022-08-14 01:44:46,178 [Command processor thread] INFO  ratis.XceiverServerRatis (XceiverServerRatis.java:addGroup(765)) - Created group PipelineID=175b6794-946f-4ad2-a020-b661a2de151d
2022-08-14 01:44:46,178 [cf90fe62-f76e-4488-be8d-0c3b3445e4fe@group-774EABE7D98C-StateMachineUpdater] INFO  safemode.HealthyPipelineSafeModeRule (HealthyPipelineSafeModeRule.java:initializeRule(165)) - Refreshed total pipeline count is 0, healthy pipeline threshold count is 1
2022-08-14 01:44:46,179 [Command processor thread] INFO  commandhandler.CreatePipelineCommandHandler (CreatePipelineCommandHandler.java:handle(113)) - Created Pipeline RATIS ONE PipelineID=175b6794-946f-4ad2-a020-b661a2de151d.
2022-08-14 01:44:46,179 [Command processor thread] INFO  server.RaftServer (RaftServerProxy.java:addNew(96)) - 8222fa1d-6d96-4624-a383-c2b17e7dd66e: addNew group-344A709C3956:[8222fa1d-6d96-4624-a383-c2b17e7dd66e|rpc:127.0.0.1:37911|priority:0, f124399b-2518-488d-bf7f-30c6c2e21956|rpc:127.0.0.1:37713|priority:0, 937647e2-067d-42aa-a021-6dbfe1bbf122|rpc:127.0.0.1:42293|priority:1] returns group-344A709C3956:java.util.concurrent.CompletableFuture@188e0bf9[Not completed]
2022-08-14 01:44:46,180 [pool-190-thread-1] INFO  server.RaftServer$Division (RaftServerImpl.java:<init>(190)) - 8222fa1d-6d96-4624-a383-c2b17e7dd66e: new RaftServerImpl for group-344A709C3956:[8222fa1d-6d96-4624-a383-c2b17e7dd66e|rpc:127.0.0.1:37911|priority:0, f124399b-2518-488d-bf7f-30c6c2e21956|rpc:127.0.0.1:37713|priority:0, 937647e2-067d-42aa-a021-6dbfe1bbf122|rpc:127.0.0.1:42293|priority:1] with ContainerStateMachine:uninitialized
2022-08-14 01:44:46,180 [pool-190-thread-1] INFO  server.RaftServerConfigKeys (ConfUtils.java:logGet(46)) - raft.server.rpc.timeout.min = 5s (custom)
2022-08-14 01:44:46,181 [pool-190-thread-1] INFO  server.RaftServerConfigKeys (ConfUtils.java:logGet(46)) - raft.server.rpc.timeout.max = 5200ms (custom)
2022-08-14 01:44:46,181 [pool-190-thread-1] INFO  server.RaftServerConfigKeys (ConfUtils.java:logGet(46)) - raft.server.rpc.sleep.time = 25ms (default)
2022-08-14 01:44:46,181 [pool-190-thread-1] INFO  server.RaftServerConfigKeys (ConfUtils.java:logGet(46)) - raft.server.rpc.slowness.timeout = 300s (custom)
2022-08-14 01:44:46,181 [pool-190-thread-1] INFO  server.RaftServerConfigKeys (ConfUtils.java:logGet(46)) - raft.server.leaderelection.leader.step-down.wait-time = 10s (default)
2022-08-14 01:44:46,181 [pool-190-thread-1] INFO  server.RaftServerConfigKeys (ConfUtils.java:logGet(46)) - raft.server.sleep.deviation.threshold = 300ms (default)
2022-08-14 01:44:46,181 [pool-190-thread-1] INFO  server.RaftServer$Division (ServerState.java:<init>(107)) - 8222fa1d-6d96-4624-a383-c2b17e7dd66e@group-344A709C3956: ConfigurationManager, init=-1: [8222fa1d-6d96-4624-a383-c2b17e7dd66e|rpc:127.0.0.1:37911|priority:0, f124399b-2518-488d-bf7f-30c6c2e21956|rpc:127.0.0.1:37713|priority:0, 937647e2-067d-42aa-a021-6dbfe1bbf122|rpc:127.0.0.1:42293|priority:1], old=null, confs=<EMPTY_MAP>
2022-08-14 01:44:46,181 [EventQueue-OpenPipelineForHealthyPipelineSafeModeRule] INFO  safemode.SCMSafeModeManager (HealthyPipelineSafeModeRule.java:process(137)) - SCM in safe mode. Healthy pipelines reported count is 0, required healthy pipeline reported count is 1
2022-08-14 01:44:46,181 [pool-190-thread-1] INFO  server.RaftServerConfigKeys (ConfUtils.java:logGet(46)) - raft.server.storage.dir = [/home/runner/work/ozone/ozone/hadoop-ozone/integration-test/target/test-dir/MiniOzoneClusterImpl-8ae01b46-865b-4b2e-8bfc-774eabe7d98c/datanode-0/data/ratis] (custom)
2022-08-14 01:44:46,182 [pool-190-thread-1] INFO  server.RaftServerConfigKeys (ConfUtils.java:logGet(46)) - raft.server.log.corruption.policy = EXCEPTION (default)
2022-08-14 01:44:46,182 [pool-190-thread-1] INFO  server.RaftServerConfigKeys (ConfUtils.java:logGet(46)) - raft.server.storage.free-space.min = 0MB (=0) (default)
2022-08-14 01:44:46,182 [pool-190-thread-1] INFO  storage.RaftStorageDirectory (RaftStorageDirectoryImpl.java:analyzeStorage(135)) - The storage directory /home/runner/work/ozone/ozone/hadoop-ozone/integration-test/target/test-dir/MiniOzoneClusterImpl-8ae01b46-865b-4b2e-8bfc-774eabe7d98c/datanode-0/data/ratis/3d0310a6-01ac-4418-a2f2-344a709c3956 does not exist. Creating ...
2022-08-14 01:44:46,185 [pool-190-thread-1] INFO  storage.RaftStorageDirectory (RaftStorageDirectoryImpl.java:tryLock(230)) - Lock on /home/runner/work/ozone/ozone/hadoop-ozone/integration-test/target/test-dir/MiniOzoneClusterImpl-8ae01b46-865b-4b2e-8bfc-774eabe7d98c/datanode-0/data/ratis/3d0310a6-01ac-4418-a2f2-344a709c3956/in_use.lock acquired by nodename 20746@fv-az372-557
2022-08-14 01:44:46,187 [pool-190-thread-1] INFO  storage.RaftStorage (RaftStorageImpl.java:format(89)) - Storage directory /home/runner/work/ozone/ozone/hadoop-ozone/integration-test/target/test-dir/MiniOzoneClusterImpl-8ae01b46-865b-4b2e-8bfc-774eabe7d98c/datanode-0/data/ratis/3d0310a6-01ac-4418-a2f2-344a709c3956 has been successfully formatted.
2022-08-14 01:44:46,188 [pool-190-thread-1] INFO  ratis.ContainerStateMachine (ContainerStateMachine.java:loadSnapshot(236)) - group-344A709C3956: The snapshot info is null. Setting the last applied indexto:(t:0, i:~)
2022-08-14 01:44:46,188 [pool-190-thread-1] INFO  server.RaftServerConfigKeys (ConfUtils.java:logGet(46)) - raft.server.notification.no-leader.timeout = 300s (custom)
2022-08-14 01:44:46,188 [pool-190-thread-1] INFO  server.RaftServerConfigKeys (ConfUtils.java:logGet(46)) - raft.server.log.use.memory = false (default)
2022-08-14 01:44:46,188 [pool-190-thread-1] INFO  server.RaftServerConfigKeys (ConfUtils.java:logGet(46)) - raft.server.log.purge.gap = 1000000 (custom)
2022-08-14 01:44:46,188 [pool-190-thread-1] INFO  server.RaftServerConfigKeys (ConfUtils.java:logGet(46)) - raft.server.log.appender.buffer.byte-limit = 33554432 (custom)
2022-08-14 01:44:46,188 [pool-190-thread-1] INFO  server.RaftServerConfigKeys (ConfUtils.java:logGet(46)) - raft.server.log.statemachine.data.read.timeout = 1000ms (default)
2022-08-14 01:44:46,188 [pool-190-thread-1] INFO  server.RaftServerConfigKeys (ConfUtils.java:logGet(46)) - raft.server.log.segment.size.max = 1048576 (custom)
2022-08-14 01:44:46,189 [pool-190-thread-1] INFO  server.RaftServerConfigKeys (ConfUtils.java:logGet(46)) - raft.server.log.segment.cache.num.max = 2 (custom)
2022-08-14 01:44:46,189 [pool-190-thread-1] INFO  server.RaftServerConfigKeys (ConfUtils.java:logGet(46)) - raft.server.log.segment.cache.size.max = 200MB (=209715200) (default)
2022-08-14 01:44:46,189 [pool-190-thread-1] INFO  segmented.SegmentedRaftLogWorker (SegmentedRaftLogWorker.java:<init>(187)) - new 8222fa1d-6d96-4624-a383-c2b17e7dd66e@group-344A709C3956-SegmentedRaftLogWorker for RaftStorageImpl:Storage Directory /home/runner/work/ozone/ozone/hadoop-ozone/integration-test/target/test-dir/MiniOzoneClusterImpl-8ae01b46-865b-4b2e-8bfc-774eabe7d98c/datanode-0/data/ratis/3d0310a6-01ac-4418-a2f2-344a709c3956
2022-08-14 01:44:46,189 [pool-190-thread-1] INFO  server.RaftServerConfigKeys (ConfUtils.java:logGet(46)) - raft.server.log.queue.byte-limit = 4294967296 (custom)
2022-08-14 01:44:46,189 [pool-190-thread-1] INFO  server.RaftServerConfigKeys (ConfUtils.java:logGet(46)) - raft.server.log.queue.element-limit = 1024 (custom)
2022-08-14 01:44:46,189 [pool-190-thread-1] INFO  server.RaftServerConfigKeys (ConfUtils.java:logGet(46)) - raft.server.log.segment.size.max = 1048576 (custom)
2022-08-14 01:44:46,190 [pool-190-thread-1] INFO  server.RaftServerConfigKeys (ConfUtils.java:logGet(46)) - raft.server.log.preallocated.size = 16384 (custom)
2022-08-14 01:44:46,190 [pool-190-thread-1] INFO  server.RaftServerConfigKeys (ConfUtils.java:logGet(46)) - raft.server.log.force.sync.num = 128 (default)
2022-08-14 01:44:46,190 [pool-190-thread-1] INFO  server.RaftServerConfigKeys (ConfUtils.java:logGet(46)) - raft.server.log.statemachine.data.sync = true (default)
2022-08-14 01:44:46,190 [pool-190-thread-1] INFO  server.RaftServerConfigKeys (ConfUtils.java:logGet(46)) - raft.server.log.statemachine.data.sync.timeout = 10s (default)
2022-08-14 01:44:46,190 [pool-190-thread-1] INFO  server.RaftServerConfigKeys (ConfUtils.java:logGet(46)) - raft.server.log.statemachine.data.sync.timeout.retry = -1 (default)
2022-08-14 01:44:46,191 [pool-190-thread-1] INFO  server.RaftServerConfigKeys (ConfUtils.java:logGet(46)) - raft.server.log.write.buffer.size = 1048576 (custom)
2022-08-14 01:44:46,191 [pool-190-thread-1] INFO  server.RaftServerConfigKeys (ConfUtils.java:logGet(46)) - raft.server.log.unsafe-flush.enabled = false (default)
2022-08-14 01:44:46,191 [pool-190-thread-1] INFO  server.RaftServerConfigKeys (ConfUtils.java:logGet(46)) - raft.server.log.statemachine.data.caching.enabled = true (custom)
2022-08-14 01:44:46,191 [pool-190-thread-1] INFO  segmented.SegmentedRaftLogWorker (SegmentedRaftLogWorker.java:lambda$new$0(135)) - 8222fa1d-6d96-4624-a383-c2b17e7dd66e@group-344A709C3956-SegmentedRaftLogWorker: flushIndex: setUnconditionally 0 -> -1
2022-08-14 01:44:46,192 [pool-190-thread-1] INFO  segmented.SegmentedRaftLogWorker (SegmentedRaftLogWorker.java:lambda$new$0(135)) - 8222fa1d-6d96-4624-a383-c2b17e7dd66e@group-344A709C3956-SegmentedRaftLogWorker: safeCacheEvictIndex: setUnconditionally 0 -> -1
2022-08-14 01:44:46,193 [pool-190-thread-1] INFO  server.RaftServerConfigKeys (ConfUtils.java:logGet(46)) - raft.server.snapshot.auto.trigger.enabled = true (custom)
2022-08-14 01:44:46,193 [pool-190-thread-1] INFO  server.RaftServerConfigKeys (ConfUtils.java:logGet(46)) - raft.server.snapshot.auto.trigger.threshold = 10000 (custom)
2022-08-14 01:44:46,194 [pool-190-thread-1] INFO  server.RaftServerConfigKeys (ConfUtils.java:logGet(46)) - raft.server.snapshot.retention.file.num = 5 (custom)
2022-08-14 01:44:46,194 [pool-190-thread-1] INFO  server.RaftServerConfigKeys (ConfUtils.java:logGet(46)) - raft.server.log.purge.upto.snapshot.index = false (default)
2022-08-14 01:44:46,194 [pool-190-thread-1] INFO  server.RaftServerConfigKeys (ConfUtils.java:logGet(46)) - raft.server.retrycache.expirytime = 600000ms (custom)
2022-08-14 01:44:46,194 [pool-190-thread-1] INFO  server.RaftServerConfigKeys (ConfUtils.java:logGet(46)) - raft.server.retrycache.statistics.expirytime = 100μs (default)
2022-08-14 01:44:46,196 [EventQueue-OpenPipelineForHealthyPipelineSafeModeRule] INFO  safemode.SCMSafeModeManager (HealthyPipelineSafeModeRule.java:process(137)) - SCM in safe mode. Healthy pipelines reported count is 0, required healthy pipeline reported count is 1
2022-08-14 01:44:46,197 [pool-190-thread-1] INFO  server.RaftServerConfigKeys (ConfUtils.java:logGet(46)) - raft.server.log.appender.install.snapshot.enabled = false (custom)
2022-08-14 01:44:46,197 [pool-190-thread-1] INFO  server.RaftServerConfigKeys (ConfUtils.java:logGet(46)) - raft.server.threadpool.server.cached = true (default)
2022-08-14 01:44:46,197 [pool-190-thread-1] INFO  server.RaftServerConfigKeys (ConfUtils.java:logGet(46)) - raft.server.threadpool.server.size = 0 (default)
2022-08-14 01:44:46,198 [pool-190-thread-1] INFO  server.RaftServerConfigKeys (ConfUtils.java:logGet(46)) - raft.server.threadpool.client.cached = true (default)
2022-08-14 01:44:46,198 [pool-190-thread-1] INFO  server.RaftServerConfigKeys (ConfUtils.java:logGet(46)) - raft.server.threadpool.client.size = 0 (default)
2022-08-14 01:44:46,198 [pool-190-thread-1] INFO  server.RaftServer$Division (RaftServerImpl.java:start(310)) - 8222fa1d-6d96-4624-a383-c2b17e7dd66e@group-344A709C3956: start as a follower, conf=-1: [8222fa1d-6d96-4624-a383-c2b17e7dd66e|rpc:127.0.0.1:37911|priority:0, f124399b-2518-488d-bf7f-30c6c2e21956|rpc:127.0.0.1:37713|priority:0, 937647e2-067d-42aa-a021-6dbfe1bbf122|rpc:127.0.0.1:42293|priority:1], old=null
2022-08-14 01:44:46,198 [pool-190-thread-1] INFO  server.RaftServer$Division (RaftServerImpl.java:setRole(299)) - 8222fa1d-6d96-4624-a383-c2b17e7dd66e@group-344A709C3956: changes role from      null to FOLLOWER at term 0 for startAsFollower
2022-08-14 01:44:46,198 [pool-190-thread-1] INFO  impl.RoleInfo (RoleInfo.java:updateAndGet(139)) - 8222fa1d-6d96-4624-a383-c2b17e7dd66e: start 8222fa1d-6d96-4624-a383-c2b17e7dd66e@group-344A709C3956-FollowerState
2022-08-14 01:44:46,198 [EventQueue-OpenPipelineForHealthyPipelineSafeModeRule] INFO  safemode.SCMSafeModeManager (HealthyPipelineSafeModeRule.java:process(137)) - SCM in safe mode. Healthy pipelines reported count is 0, required healthy pipeline reported count is 1
2022-08-14 01:44:46,200 [pool-190-thread-1] INFO  util.JmxRegister (JmxRegister.java:tryRegister(44)) - Successfully registered JMX Bean with object name Ratis:service=RaftServer,group=group-344A709C3956,id=8222fa1d-6d96-4624-a383-c2b17e7dd66e
2022-08-14 01:44:46,201 [Command processor thread] INFO  ratis.XceiverServerRatis (XceiverServerRatis.java:addGroup(765)) - Created group PipelineID=3d0310a6-01ac-4418-a2f2-344a709c3956
2022-08-14 01:44:46,207 [EventQueue-OpenPipelineForHealthyPipelineSafeModeRule] INFO  safemode.SCMSafeModeManager (HealthyPipelineSafeModeRule.java:process(137)) - SCM in safe mode. Healthy pipelines reported count is 0, required healthy pipeline reported count is 1
2022-08-14 01:44:46,272 [grpc-default-executor-0] INFO  server.RaftServer (RaftServerProxy.java:addNew(96)) - 937647e2-067d-42aa-a021-6dbfe1bbf122: addNew group-344A709C3956:[8222fa1d-6d96-4624-a383-c2b17e7dd66e|rpc:127.0.0.1:37911|dataStream:|priority:0, f124399b-2518-488d-bf7f-30c6c2e21956|rpc:127.0.0.1:37713|dataStream:|priority:0, 937647e2-067d-42aa-a021-6dbfe1bbf122|rpc:127.0.0.1:42293|dataStream:|priority:1] returns group-344A709C3956:java.util.concurrent.CompletableFuture@426a0514[Not completed]
2022-08-14 01:44:46,273 [pool-240-thread-1] INFO  server.RaftServer$Division (RaftServerImpl.java:<init>(190)) - 937647e2-067d-42aa-a021-6dbfe1bbf122: new RaftServerImpl for group-344A709C3956:[8222fa1d-6d96-4624-a383-c2b17e7dd66e|rpc:127.0.0.1:37911|dataStream:|priority:0, f124399b-2518-488d-bf7f-30c6c2e21956|rpc:127.0.0.1:37713|dataStream:|priority:0, 937647e2-067d-42aa-a021-6dbfe1bbf122|rpc:127.0.0.1:42293|dataStream:|priority:1] with ContainerStateMachine:uninitialized
2022-08-14 01:44:46,273 [pool-240-thread-1] INFO  server.RaftServerConfigKeys (ConfUtils.java:logGet(46)) - raft.server.rpc.timeout.min = 5s (custom)
2022-08-14 01:44:46,273 [pool-240-thread-1] INFO  server.RaftServerConfigKeys (ConfUtils.java:logGet(46)) - raft.server.rpc.timeout.max = 5200ms (custom)
2022-08-14 01:44:46,273 [pool-240-thread-1] INFO  server.RaftServerConfigKeys (ConfUtils.java:logGet(46)) - raft.server.rpc.sleep.time = 25ms (default)
2022-08-14 01:44:46,274 [pool-240-thread-1] INFO  server.RaftServerConfigKeys (ConfUtils.java:logGet(46)) - raft.server.rpc.slowness.timeout = 300s (custom)
2022-08-14 01:44:46,274 [pool-240-thread-1] INFO  server.RaftServerConfigKeys (ConfUtils.java:logGet(46)) - raft.server.leaderelection.leader.step-down.wait-time = 10s (default)
2022-08-14 01:44:46,274 [pool-240-thread-1] INFO  server.RaftServerConfigKeys (ConfUtils.java:logGet(46)) - raft.server.sleep.deviation.threshold = 300ms (default)
2022-08-14 01:44:46,274 [pool-240-thread-1] INFO  server.RaftServer$Division (ServerState.java:<init>(107)) - 937647e2-067d-42aa-a021-6dbfe1bbf122@group-344A709C3956: ConfigurationManager, init=-1: [8222fa1d-6d96-4624-a383-c2b17e7dd66e|rpc:127.0.0.1:37911|dataStream:|priority:0, f124399b-2518-488d-bf7f-30c6c2e21956|rpc:127.0.0.1:37713|dataStream:|priority:0, 937647e2-067d-42aa-a021-6dbfe1bbf122|rpc:127.0.0.1:42293|dataStream:|priority:1], old=null, confs=<EMPTY_MAP>
2022-08-14 01:44:46,274 [pool-240-thread-1] INFO  server.RaftServerConfigKeys (ConfUtils.java:logGet(46)) - raft.server.storage.dir = [/home/runner/work/ozone/ozone/hadoop-ozone/integration-test/target/test-dir/MiniOzoneClusterImpl-8ae01b46-865b-4b2e-8bfc-774eabe7d98c/datanode-2/data/ratis] (custom)
2022-08-14 01:44:46,274 [pool-240-thread-1] INFO  server.RaftServerConfigKeys (ConfUtils.java:logGet(46)) - raft.server.log.corruption.policy = EXCEPTION (default)
2022-08-14 01:44:46,274 [pool-240-thread-1] INFO  server.RaftServerConfigKeys (ConfUtils.java:logGet(46)) - raft.server.storage.free-space.min = 0MB (=0) (default)
2022-08-14 01:44:46,274 [pool-240-thread-1] INFO  storage.RaftStorageDirectory (RaftStorageDirectoryImpl.java:analyzeStorage(135)) - The storage directory /home/runner/work/ozone/ozone/hadoop-ozone/integration-test/target/test-dir/MiniOzoneClusterImpl-8ae01b46-865b-4b2e-8bfc-774eabe7d98c/datanode-2/data/ratis/3d0310a6-01ac-4418-a2f2-344a709c3956 does not exist. Creating ...
2022-08-14 01:44:46,276 [pool-240-thread-1] INFO  storage.RaftStorageDirectory (RaftStorageDirectoryImpl.java:tryLock(230)) - Lock on /home/runner/work/ozone/ozone/hadoop-ozone/integration-test/target/test-dir/MiniOzoneClusterImpl-8ae01b46-865b-4b2e-8bfc-774eabe7d98c/datanode-2/data/ratis/3d0310a6-01ac-4418-a2f2-344a709c3956/in_use.lock acquired by nodename 20746@fv-az372-557
2022-08-14 01:44:46,277 [pool-240-thread-1] INFO  storage.RaftStorage (RaftStorageImpl.java:format(89)) - Storage directory /home/runner/work/ozone/ozone/hadoop-ozone/integration-test/target/test-dir/MiniOzoneClusterImpl-8ae01b46-865b-4b2e-8bfc-774eabe7d98c/datanode-2/data/ratis/3d0310a6-01ac-4418-a2f2-344a709c3956 has been successfully formatted.
2022-08-14 01:44:46,278 [pool-240-thread-1] INFO  ratis.ContainerStateMachine (ContainerStateMachine.java:loadSnapshot(236)) - group-344A709C3956: The snapshot info is null. Setting the last applied indexto:(t:0, i:~)
2022-08-14 01:44:46,279 [pool-240-thread-1] INFO  server.RaftServerConfigKeys (ConfUtils.java:logGet(46)) - raft.server.notification.no-leader.timeout = 300s (custom)
2022-08-14 01:44:46,279 [pool-240-thread-1] INFO  server.RaftServerConfigKeys (ConfUtils.java:logGet(46)) - raft.server.log.use.memory = false (default)
2022-08-14 01:44:46,279 [pool-240-thread-1] INFO  server.RaftServerConfigKeys (ConfUtils.java:logGet(46)) - raft.server.log.purge.gap = 1000000 (custom)
2022-08-14 01:44:46,279 [pool-240-thread-1] INFO  server.RaftServerConfigKeys (ConfUtils.java:logGet(46)) - raft.server.log.appender.buffer.byte-limit = 33554432 (custom)
2022-08-14 01:44:46,279 [pool-240-thread-1] INFO  server.RaftServerConfigKeys (ConfUtils.java:logGet(46)) - raft.server.log.statemachine.data.read.timeout = 1000ms (default)
2022-08-14 01:44:46,283 [pool-240-thread-1] INFO  server.RaftServerConfigKeys (ConfUtils.java:logGet(46)) - raft.server.log.segment.size.max = 1048576 (custom)
2022-08-14 01:44:46,284 [pool-240-thread-1] INFO  server.RaftServerConfigKeys (ConfUtils.java:logGet(46)) - raft.server.log.segment.cache.num.max = 2 (custom)
2022-08-14 01:44:46,284 [pool-240-thread-1] INFO  server.RaftServerConfigKeys (ConfUtils.java:logGet(46)) - raft.server.log.segment.cache.size.max = 200MB (=209715200) (default)
2022-08-14 01:44:46,284 [pool-240-thread-1] INFO  segmented.SegmentedRaftLogWorker (SegmentedRaftLogWorker.java:<init>(187)) - new 937647e2-067d-42aa-a021-6dbfe1bbf122@group-344A709C3956-SegmentedRaftLogWorker for RaftStorageImpl:Storage Directory /home/runner/work/ozone/ozone/hadoop-ozone/integration-test/target/test-dir/MiniOzoneClusterImpl-8ae01b46-865b-4b2e-8bfc-774eabe7d98c/datanode-2/data/ratis/3d0310a6-01ac-4418-a2f2-344a709c3956
2022-08-14 01:44:46,284 [pool-240-thread-1] INFO  server.RaftServerConfigKeys (ConfUtils.java:logGet(46)) - raft.server.log.queue.byte-limit = 4294967296 (custom)
2022-08-14 01:44:46,284 [pool-240-thread-1] INFO  server.RaftServerConfigKeys (ConfUtils.java:logGet(46)) - raft.server.log.queue.element-limit = 1024 (custom)
2022-08-14 01:44:46,284 [pool-240-thread-1] INFO  server.RaftServerConfigKeys (ConfUtils.java:logGet(46)) - raft.server.log.segment.size.max = 1048576 (custom)
2022-08-14 01:44:46,284 [pool-240-thread-1] INFO  server.RaftServerConfigKeys (ConfUtils.java:logGet(46)) - raft.server.log.preallocated.size = 16384 (custom)
2022-08-14 01:44:46,284 [pool-240-thread-1] INFO  server.RaftServerConfigKeys (ConfUtils.java:logGet(46)) - raft.server.log.force.sync.num = 128 (default)
2022-08-14 01:44:46,284 [pool-240-thread-1] INFO  server.RaftServerConfigKeys (ConfUtils.java:logGet(46)) - raft.server.log.statemachine.data.sync = true (default)
2022-08-14 01:44:46,285 [pool-240-thread-1] INFO  server.RaftServerConfigKeys (ConfUtils.java:logGet(46)) - raft.server.log.statemachine.data.sync.timeout = 10s (default)
2022-08-14 01:44:46,285 [pool-240-thread-1] INFO  server.RaftServerConfigKeys (ConfUtils.java:logGet(46)) - raft.server.log.statemachine.data.sync.timeout.retry = -1 (default)
2022-08-14 01:44:46,285 [pool-240-thread-1] INFO  server.RaftServerConfigKeys (ConfUtils.java:logGet(46)) - raft.server.log.write.buffer.size = 1048576 (custom)
2022-08-14 01:44:46,286 [pool-240-thread-1] INFO  server.RaftServerConfigKeys (ConfUtils.java:logGet(46)) - raft.server.log.unsafe-flush.enabled = false (default)
2022-08-14 01:44:46,286 [pool-240-thread-1] INFO  server.RaftServerConfigKeys (ConfUtils.java:logGet(46)) - raft.server.log.statemachine.data.caching.enabled = true (custom)
2022-08-14 01:44:46,286 [pool-240-thread-1] INFO  segmented.SegmentedRaftLogWorker (SegmentedRaftLogWorker.java:lambda$new$0(135)) - 937647e2-067d-42aa-a021-6dbfe1bbf122@group-344A709C3956-SegmentedRaftLogWorker: flushIndex: setUnconditionally 0 -> -1
2022-08-14 01:44:46,286 [pool-240-thread-1] INFO  segmented.SegmentedRaftLogWorker (SegmentedRaftLogWorker.java:lambda$new$0(135)) - 937647e2-067d-42aa-a021-6dbfe1bbf122@group-344A709C3956-SegmentedRaftLogWorker: safeCacheEvictIndex: setUnconditionally 0 -> -1
2022-08-14 01:44:46,288 [pool-240-thread-1] INFO  server.RaftServerConfigKeys (ConfUtils.java:logGet(46)) - raft.server.snapshot.auto.trigger.enabled = true (custom)
2022-08-14 01:44:46,288 [pool-240-thread-1] INFO  server.RaftServerConfigKeys (ConfUtils.java:logGet(46)) - raft.server.snapshot.auto.trigger.threshold = 10000 (custom)
2022-08-14 01:44:46,288 [pool-240-thread-1] INFO  server.RaftServerConfigKeys (ConfUtils.java:logGet(46)) - raft.server.snapshot.retention.file.num = 5 (custom)
2022-08-14 01:44:46,288 [pool-240-thread-1] INFO  server.RaftServerConfigKeys (ConfUtils.java:logGet(46)) - raft.server.log.purge.upto.snapshot.index = false (default)
2022-08-14 01:44:46,288 [pool-240-thread-1] INFO  server.RaftServerConfigKeys (ConfUtils.java:logGet(46)) - raft.server.retrycache.expirytime = 600000ms (custom)
2022-08-14 01:44:46,288 [pool-240-thread-1] INFO  server.RaftServerConfigKeys (ConfUtils.java:logGet(46)) - raft.server.retrycache.statistics.expirytime = 100μs (default)
2022-08-14 01:44:46,290 [pool-240-thread-1] INFO  server.RaftServerConfigKeys (ConfUtils.java:logGet(46)) - raft.server.log.appender.install.snapshot.enabled = false (custom)
2022-08-14 01:44:46,290 [pool-240-thread-1] INFO  server.RaftServerConfigKeys (ConfUtils.java:logGet(46)) - raft.server.threadpool.server.cached = true (default)
2022-08-14 01:44:46,290 [pool-240-thread-1] INFO  server.RaftServerConfigKeys (ConfUtils.java:logGet(46)) - raft.server.threadpool.server.size = 0 (default)
2022-08-14 01:44:46,290 [pool-240-thread-1] INFO  server.RaftServerConfigKeys (ConfUtils.java:logGet(46)) - raft.server.threadpool.client.cached = true (default)
2022-08-14 01:44:46,290 [pool-240-thread-1] INFO  server.RaftServerConfigKeys (ConfUtils.java:logGet(46)) - raft.server.threadpool.client.size = 0 (default)
2022-08-14 01:44:46,290 [pool-240-thread-1] INFO  server.RaftServer$Division (RaftServerImpl.java:start(310)) - 937647e2-067d-42aa-a021-6dbfe1bbf122@group-344A709C3956: start as a follower, conf=-1: [8222fa1d-6d96-4624-a383-c2b17e7dd66e|rpc:127.0.0.1:37911|dataStream:|priority:0, f124399b-2518-488d-bf7f-30c6c2e21956|rpc:127.0.0.1:37713|dataStream:|priority:0, 937647e2-067d-42aa-a021-6dbfe1bbf122|rpc:127.0.0.1:42293|dataStream:|priority:1], old=null
2022-08-14 01:44:46,290 [pool-240-thread-1] INFO  server.RaftServer$Division (RaftServerImpl.java:setRole(299)) - 937647e2-067d-42aa-a021-6dbfe1bbf122@group-344A709C3956: changes role from      null to FOLLOWER at term 0 for startAsFollower
2022-08-14 01:44:46,290 [pool-240-thread-1] INFO  impl.RoleInfo (RoleInfo.java:updateAndGet(139)) - 937647e2-067d-42aa-a021-6dbfe1bbf122: start 937647e2-067d-42aa-a021-6dbfe1bbf122@group-344A709C3956-FollowerState
2022-08-14 01:44:46,292 [pool-240-thread-1] INFO  util.JmxRegister (JmxRegister.java:tryRegister(44)) - Successfully registered JMX Bean with object name Ratis:service=RaftServer,group=group-344A709C3956,id=937647e2-067d-42aa-a021-6dbfe1bbf122
2022-08-14 01:44:46,339 [grpc-default-executor-0] INFO  server.RaftServer (RaftServerProxy.java:addNew(96)) - f124399b-2518-488d-bf7f-30c6c2e21956: addNew group-344A709C3956:[8222fa1d-6d96-4624-a383-c2b17e7dd66e|rpc:127.0.0.1:37911|dataStream:|priority:0, f124399b-2518-488d-bf7f-30c6c2e21956|rpc:127.0.0.1:37713|dataStream:|priority:0, 937647e2-067d-42aa-a021-6dbfe1bbf122|rpc:127.0.0.1:42293|dataStream:|priority:1] returns group-344A709C3956:java.util.concurrent.CompletableFuture@6e3a1747[Not completed]
2022-08-14 01:44:46,340 [pool-215-thread-1] INFO  server.RaftServer$Division (RaftServerImpl.java:<init>(190)) - f124399b-2518-488d-bf7f-30c6c2e21956: new RaftServerImpl for group-344A709C3956:[8222fa1d-6d96-4624-a383-c2b17e7dd66e|rpc:127.0.0.1:37911|dataStream:|priority:0, f124399b-2518-488d-bf7f-30c6c2e21956|rpc:127.0.0.1:37713|dataStream:|priority:0, 937647e2-067d-42aa-a021-6dbfe1bbf122|rpc:127.0.0.1:42293|dataStream:|priority:1] with ContainerStateMachine:uninitialized
2022-08-14 01:44:46,340 [pool-215-thread-1] INFO  server.RaftServerConfigKeys (ConfUtils.java:logGet(46)) - raft.server.rpc.timeout.min = 5s (custom)
2022-08-14 01:44:46,340 [pool-215-thread-1] INFO  server.RaftServerConfigKeys (ConfUtils.java:logGet(46)) - raft.server.rpc.timeout.max = 5200ms (custom)
2022-08-14 01:44:46,340 [pool-215-thread-1] INFO  server.RaftServerConfigKeys (ConfUtils.java:logGet(46)) - raft.server.rpc.sleep.time = 25ms (default)
2022-08-14 01:44:46,341 [pool-215-thread-1] INFO  server.RaftServerConfigKeys (ConfUtils.java:logGet(46)) - raft.server.rpc.slowness.timeout = 300s (custom)
2022-08-14 01:44:46,341 [pool-215-thread-1] INFO  server.RaftServerConfigKeys (ConfUtils.java:logGet(46)) - raft.server.leaderelection.leader.step-down.wait-time = 10s (default)
2022-08-14 01:44:46,341 [pool-215-thread-1] INFO  server.RaftServerConfigKeys (ConfUtils.java:logGet(46)) - raft.server.sleep.deviation.threshold = 300ms (default)
2022-08-14 01:44:46,341 [pool-215-thread-1] INFO  server.RaftServer$Division (ServerState.java:<init>(107)) - f124399b-2518-488d-bf7f-30c6c2e21956@group-344A709C3956: ConfigurationManager, init=-1: [8222fa1d-6d96-4624-a383-c2b17e7dd66e|rpc:127.0.0.1:37911|dataStream:|priority:0, f124399b-2518-488d-bf7f-30c6c2e21956|rpc:127.0.0.1:37713|dataStream:|priority:0, 937647e2-067d-42aa-a021-6dbfe1bbf122|rpc:127.0.0.1:42293|dataStream:|priority:1], old=null, confs=<EMPTY_MAP>
2022-08-14 01:44:46,341 [pool-215-thread-1] INFO  server.RaftServerConfigKeys (ConfUtils.java:logGet(46)) - raft.server.storage.dir = [/home/runner/work/ozone/ozone/hadoop-ozone/integration-test/target/test-dir/MiniOzoneClusterImpl-8ae01b46-865b-4b2e-8bfc-774eabe7d98c/datanode-1/data/ratis] (custom)
2022-08-14 01:44:46,341 [pool-215-thread-1] INFO  server.RaftServerConfigKeys (ConfUtils.java:logGet(46)) - raft.server.log.corruption.policy = EXCEPTION (default)
2022-08-14 01:44:46,341 [pool-215-thread-1] INFO  server.RaftServerConfigKeys (ConfUtils.java:logGet(46)) - raft.server.storage.free-space.min = 0MB (=0) (default)
2022-08-14 01:44:46,341 [pool-215-thread-1] INFO  storage.RaftStorageDirectory (RaftStorageDirectoryImpl.java:analyzeStorage(135)) - The storage directory /home/runner/work/ozone/ozone/hadoop-ozone/integration-test/target/test-dir/MiniOzoneClusterImpl-8ae01b46-865b-4b2e-8bfc-774eabe7d98c/datanode-1/data/ratis/3d0310a6-01ac-4418-a2f2-344a709c3956 does not exist. Creating ...
2022-08-14 01:44:46,343 [pool-215-thread-1] INFO  storage.RaftStorageDirectory (RaftStorageDirectoryImpl.java:tryLock(230)) - Lock on /home/runner/work/ozone/ozone/hadoop-ozone/integration-test/target/test-dir/MiniOzoneClusterImpl-8ae01b46-865b-4b2e-8bfc-774eabe7d98c/datanode-1/data/ratis/3d0310a6-01ac-4418-a2f2-344a709c3956/in_use.lock acquired by nodename 20746@fv-az372-557
2022-08-14 01:44:46,348 [pool-215-thread-1] INFO  storage.RaftStorage (RaftStorageImpl.java:format(89)) - Storage directory /home/runner/work/ozone/ozone/hadoop-ozone/integration-test/target/test-dir/MiniOzoneClusterImpl-8ae01b46-865b-4b2e-8bfc-774eabe7d98c/datanode-1/data/ratis/3d0310a6-01ac-4418-a2f2-344a709c3956 has been successfully formatted.
2022-08-14 01:44:46,349 [pool-215-thread-1] INFO  ratis.ContainerStateMachine (ContainerStateMachine.java:loadSnapshot(236)) - group-344A709C3956: The snapshot info is null. Setting the last applied indexto:(t:0, i:~)
2022-08-14 01:44:46,352 [pool-215-thread-1] INFO  server.RaftServerConfigKeys (ConfUtils.java:logGet(46)) - raft.server.notification.no-leader.timeout = 300s (custom)
2022-08-14 01:44:46,352 [pool-215-thread-1] INFO  server.RaftServerConfigKeys (ConfUtils.java:logGet(46)) - raft.server.log.use.memory = false (default)
2022-08-14 01:44:46,352 [pool-215-thread-1] INFO  server.RaftServerConfigKeys (ConfUtils.java:logGet(46)) - raft.server.log.purge.gap = 1000000 (custom)
2022-08-14 01:44:46,352 [pool-215-thread-1] INFO  server.RaftServerConfigKeys (ConfUtils.java:logGet(46)) - raft.server.log.appender.buffer.byte-limit = 33554432 (custom)
2022-08-14 01:44:46,352 [pool-215-thread-1] INFO  server.RaftServerConfigKeys (ConfUtils.java:logGet(46)) - raft.server.log.statemachine.data.read.timeout = 1000ms (default)
2022-08-14 01:44:46,352 [pool-215-thread-1] INFO  server.RaftServerConfigKeys (ConfUtils.java:logGet(46)) - raft.server.log.segment.size.max = 1048576 (custom)
2022-08-14 01:44:46,353 [pool-215-thread-1] INFO  server.RaftServerConfigKeys (ConfUtils.java:logGet(46)) - raft.server.log.segment.cache.num.max = 2 (custom)
2022-08-14 01:44:46,353 [pool-215-thread-1] INFO  server.RaftServerConfigKeys (ConfUtils.java:logGet(46)) - raft.server.log.segment.cache.size.max = 200MB (=209715200) (default)
2022-08-14 01:44:46,353 [pool-215-thread-1] INFO  segmented.SegmentedRaftLogWorker (SegmentedRaftLogWorker.java:<init>(187)) - new f124399b-2518-488d-bf7f-30c6c2e21956@group-344A709C3956-SegmentedRaftLogWorker for RaftStorageImpl:Storage Directory /home/runner/work/ozone/ozone/hadoop-ozone/integration-test/target/test-dir/MiniOzoneClusterImpl-8ae01b46-865b-4b2e-8bfc-774eabe7d98c/datanode-1/data/ratis/3d0310a6-01ac-4418-a2f2-344a709c3956
2022-08-14 01:44:46,353 [pool-215-thread-1] INFO  server.RaftServerConfigKeys (ConfUtils.java:logGet(46)) - raft.server.log.queue.byte-limit = 4294967296 (custom)
2022-08-14 01:44:46,353 [pool-215-thread-1] INFO  server.RaftServerConfigKeys (ConfUtils.java:logGet(46)) - raft.server.log.queue.element-limit = 1024 (custom)
2022-08-14 01:44:46,353 [pool-215-thread-1] INFO  server.RaftServerConfigKeys (ConfUtils.java:logGet(46)) - raft.server.log.segment.size.max = 1048576 (custom)
2022-08-14 01:44:46,353 [pool-215-thread-1] INFO  server.RaftServerConfigKeys (ConfUtils.java:logGet(46)) - raft.server.log.preallocated.size = 16384 (custom)
2022-08-14 01:44:46,353 [pool-215-thread-1] INFO  server.RaftServerConfigKeys (ConfUtils.java:logGet(46)) - raft.server.log.force.sync.num = 128 (default)
2022-08-14 01:44:46,354 [pool-215-thread-1] INFO  server.RaftServerConfigKeys (ConfUtils.java:logGet(46)) - raft.server.log.statemachine.data.sync = true (default)
2022-08-14 01:44:46,354 [pool-215-thread-1] INFO  server.RaftServerConfigKeys (ConfUtils.java:logGet(46)) - raft.server.log.statemachine.data.sync.timeout = 10s (default)
2022-08-14 01:44:46,354 [pool-215-thread-1] INFO  server.RaftServerConfigKeys (ConfUtils.java:logGet(46)) - raft.server.log.statemachine.data.sync.timeout.retry = -1 (default)
2022-08-14 01:44:46,355 [pool-215-thread-1] INFO  server.RaftServerConfigKeys (ConfUtils.java:logGet(46)) - raft.server.log.write.buffer.size = 1048576 (custom)
2022-08-14 01:44:46,356 [pool-215-thread-1] INFO  server.RaftServerConfigKeys (ConfUtils.java:logGet(46)) - raft.server.log.unsafe-flush.enabled = false (default)
2022-08-14 01:44:46,356 [pool-215-thread-1] INFO  server.RaftServerConfigKeys (ConfUtils.java:logGet(46)) - raft.server.log.statemachine.data.caching.enabled = true (custom)
2022-08-14 01:44:46,356 [pool-215-thread-1] INFO  segmented.SegmentedRaftLogWorker (SegmentedRaftLogWorker.java:lambda$new$0(135)) - f124399b-2518-488d-bf7f-30c6c2e21956@group-344A709C3956-SegmentedRaftLogWorker: flushIndex: setUnconditionally 0 -> -1
2022-08-14 01:44:46,356 [pool-215-thread-1] INFO  segmented.SegmentedRaftLogWorker (SegmentedRaftLogWorker.java:lambda$new$0(135)) - f124399b-2518-488d-bf7f-30c6c2e21956@group-344A709C3956-SegmentedRaftLogWorker: safeCacheEvictIndex: setUnconditionally 0 -> -1
2022-08-14 01:44:46,356 [pool-215-thread-1] INFO  server.RaftServerConfigKeys (ConfUtils.java:logGet(46)) - raft.server.snapshot.auto.trigger.enabled = true (custom)
2022-08-14 01:44:46,356 [pool-215-thread-1] INFO  server.RaftServerConfigKeys (ConfUtils.java:logGet(46)) - raft.server.snapshot.auto.trigger.threshold = 10000 (custom)
2022-08-14 01:44:46,356 [pool-215-thread-1] INFO  server.RaftServerConfigKeys (ConfUtils.java:logGet(46)) - raft.server.snapshot.retention.file.num = 5 (custom)
2022-08-14 01:44:46,356 [pool-215-thread-1] INFO  server.RaftServerConfigKeys (ConfUtils.java:logGet(46)) - raft.server.log.purge.upto.snapshot.index = false (default)
2022-08-14 01:44:46,357 [pool-215-thread-1] INFO  server.RaftServerConfigKeys (ConfUtils.java:logGet(46)) - raft.server.retrycache.expirytime = 600000ms (custom)
2022-08-14 01:44:46,357 [pool-215-thread-1] INFO  server.RaftServerConfigKeys (ConfUtils.java:logGet(46)) - raft.server.retrycache.statistics.expirytime = 100μs (default)
2022-08-14 01:44:46,358 [pool-215-thread-1] INFO  server.RaftServerConfigKeys (ConfUtils.java:logGet(46)) - raft.server.log.appender.install.snapshot.enabled = false (custom)
2022-08-14 01:44:46,358 [pool-215-thread-1] INFO  server.RaftServerConfigKeys (ConfUtils.java:logGet(46)) - raft.server.threadpool.server.cached = true (default)
2022-08-14 01:44:46,358 [pool-215-thread-1] INFO  server.RaftServerConfigKeys (ConfUtils.java:logGet(46)) - raft.server.threadpool.server.size = 0 (default)
2022-08-14 01:44:46,358 [pool-215-thread-1] INFO  server.RaftServerConfigKeys (ConfUtils.java:logGet(46)) - raft.server.threadpool.client.cached = true (default)
2022-08-14 01:44:46,359 [pool-215-thread-1] INFO  server.RaftServerConfigKeys (ConfUtils.java:logGet(46)) - raft.server.threadpool.client.size = 0 (default)
2022-08-14 01:44:46,359 [pool-215-thread-1] INFO  server.RaftServer$Division (RaftServerImpl.java:start(310)) - f124399b-2518-488d-bf7f-30c6c2e21956@group-344A709C3956: start as a follower, conf=-1: [8222fa1d-6d96-4624-a383-c2b17e7dd66e|rpc:127.0.0.1:37911|dataStream:|priority:0, f124399b-2518-488d-bf7f-30c6c2e21956|rpc:127.0.0.1:37713|dataStream:|priority:0, 937647e2-067d-42aa-a021-6dbfe1bbf122|rpc:127.0.0.1:42293|dataStream:|priority:1], old=null
2022-08-14 01:44:46,359 [pool-215-thread-1] INFO  server.RaftServer$Division (RaftServerImpl.java:setRole(299)) - f124399b-2518-488d-bf7f-30c6c2e21956@group-344A709C3956: changes role from      null to FOLLOWER at term 0 for startAsFollower
2022-08-14 01:44:46,359 [pool-215-thread-1] INFO  impl.RoleInfo (RoleInfo.java:updateAndGet(139)) - f124399b-2518-488d-bf7f-30c6c2e21956: start f124399b-2518-488d-bf7f-30c6c2e21956@group-344A709C3956-FollowerState
2022-08-14 01:44:46,359 [pool-215-thread-1] INFO  util.JmxRegister (JmxRegister.java:tryRegister(44)) - Successfully registered JMX Bean with object name Ratis:service=RaftServer,group=group-344A709C3956,id=f124399b-2518-488d-bf7f-30c6c2e21956
2022-08-14 01:44:46,367 [Command processor thread] INFO  commandhandler.CreatePipelineCommandHandler (CreatePipelineCommandHandler.java:handle(113)) - Created Pipeline RATIS THREE PipelineID=3d0310a6-01ac-4418-a2f2-344a709c3956.
2022-08-14 01:44:46,367 [Command processor thread] INFO  server.RaftServer (RaftServerProxy.java:addNew(96)) - 8222fa1d-6d96-4624-a383-c2b17e7dd66e: addNew group-F49552B7F4B3:[8222fa1d-6d96-4624-a383-c2b17e7dd66e|rpc:127.0.0.1:37911|priority:0, f124399b-2518-488d-bf7f-30c6c2e21956|rpc:127.0.0.1:37713|priority:1, 937647e2-067d-42aa-a021-6dbfe1bbf122|rpc:127.0.0.1:42293|priority:0] returns group-F49552B7F4B3:java.util.concurrent.CompletableFuture@3e37d20d[Not completed]
2022-08-14 01:44:46,369 [pool-190-thread-1] INFO  server.RaftServer$Division (RaftServerImpl.java:<init>(190)) - 8222fa1d-6d96-4624-a383-c2b17e7dd66e: new RaftServerImpl for group-F49552B7F4B3:[8222fa1d-6d96-4624-a383-c2b17e7dd66e|rpc:127.0.0.1:37911|priority:0, f124399b-2518-488d-bf7f-30c6c2e21956|rpc:127.0.0.1:37713|priority:1, 937647e2-067d-42aa-a021-6dbfe1bbf122|rpc:127.0.0.1:42293|priority:0] with ContainerStateMachine:uninitialized
2022-08-14 01:44:46,369 [pool-190-thread-1] INFO  server.RaftServerConfigKeys (ConfUtils.java:logGet(46)) - raft.server.rpc.timeout.min = 5s (custom)
2022-08-14 01:44:46,369 [pool-190-thread-1] INFO  server.RaftServerConfigKeys (ConfUtils.java:logGet(46)) - raft.server.rpc.timeout.max = 5200ms (custom)
2022-08-14 01:44:46,369 [pool-190-thread-1] INFO  server.RaftServerConfigKeys (ConfUtils.java:logGet(46)) - raft.server.rpc.sleep.time = 25ms (default)
2022-08-14 01:44:46,369 [pool-190-thread-1] INFO  server.RaftServerConfigKeys (ConfUtils.java:logGet(46)) - raft.server.rpc.slowness.timeout = 300s (custom)
2022-08-14 01:44:46,369 [pool-190-thread-1] INFO  server.RaftServerConfigKeys (ConfUtils.java:logGet(46)) - raft.server.leaderelection.leader.step-down.wait-time = 10s (default)
2022-08-14 01:44:46,369 [pool-190-thread-1] INFO  server.RaftServerConfigKeys (ConfUtils.java:logGet(46)) - raft.server.sleep.deviation.threshold = 300ms (default)
2022-08-14 01:44:46,369 [pool-190-thread-1] INFO  server.RaftServer$Division (ServerState.java:<init>(107)) - 8222fa1d-6d96-4624-a383-c2b17e7dd66e@group-F49552B7F4B3: ConfigurationManager, init=-1: [8222fa1d-6d96-4624-a383-c2b17e7dd66e|rpc:127.0.0.1:37911|priority:0, f124399b-2518-488d-bf7f-30c6c2e21956|rpc:127.0.0.1:37713|priority:1, 937647e2-067d-42aa-a021-6dbfe1bbf122|rpc:127.0.0.1:42293|priority:0], old=null, confs=<EMPTY_MAP>
2022-08-14 01:44:46,369 [pool-190-thread-1] INFO  server.RaftServerConfigKeys (ConfUtils.java:logGet(46)) - raft.server.storage.dir = [/home/runner/work/ozone/ozone/hadoop-ozone/integration-test/target/test-dir/MiniOzoneClusterImpl-8ae01b46-865b-4b2e-8bfc-774eabe7d98c/datanode-0/data/ratis] (custom)
2022-08-14 01:44:46,369 [pool-190-thread-1] INFO  server.RaftServerConfigKeys (ConfUtils.java:logGet(46)) - raft.server.log.corruption.policy = EXCEPTION (default)
2022-08-14 01:44:46,370 [pool-190-thread-1] INFO  server.RaftServerConfigKeys (ConfUtils.java:logGet(46)) - raft.server.storage.free-space.min = 0MB (=0) (default)
2022-08-14 01:44:46,370 [pool-190-thread-1] INFO  storage.RaftStorageDirectory (RaftStorageDirectoryImpl.java:analyzeStorage(135)) - The storage directory /home/runner/work/ozone/ozone/hadoop-ozone/integration-test/target/test-dir/MiniOzoneClusterImpl-8ae01b46-865b-4b2e-8bfc-774eabe7d98c/datanode-0/data/ratis/f0c1d113-097f-480f-ae1f-f49552b7f4b3 does not exist. Creating ...
2022-08-14 01:44:46,371 [pool-190-thread-1] INFO  storage.RaftStorageDirectory (RaftStorageDirectoryImpl.java:tryLock(230)) - Lock on /home/runner/work/ozone/ozone/hadoop-ozone/integration-test/target/test-dir/MiniOzoneClusterImpl-8ae01b46-865b-4b2e-8bfc-774eabe7d98c/datanode-0/data/ratis/f0c1d113-097f-480f-ae1f-f49552b7f4b3/in_use.lock acquired by nodename 20746@fv-az372-557
2022-08-14 01:44:46,372 [pool-190-thread-1] INFO  storage.RaftStorage (RaftStorageImpl.java:format(89)) - Storage directory /home/runner/work/ozone/ozone/hadoop-ozone/integration-test/target/test-dir/MiniOzoneClusterImpl-8ae01b46-865b-4b2e-8bfc-774eabe7d98c/datanode-0/data/ratis/f0c1d113-097f-480f-ae1f-f49552b7f4b3 has been successfully formatted.
2022-08-14 01:44:46,373 [pool-190-thread-1] INFO  ratis.ContainerStateMachine (ContainerStateMachine.java:loadSnapshot(236)) - group-F49552B7F4B3: The snapshot info is null. Setting the last applied indexto:(t:0, i:~)
2022-08-14 01:44:46,373 [pool-190-thread-1] INFO  server.RaftServerConfigKeys (ConfUtils.java:logGet(46)) - raft.server.notification.no-leader.timeout = 300s (custom)
2022-08-14 01:44:46,373 [pool-190-thread-1] INFO  server.RaftServerConfigKeys (ConfUtils.java:logGet(46)) - raft.server.log.use.memory = false (default)
2022-08-14 01:44:46,373 [pool-190-thread-1] INFO  server.RaftServerConfigKeys (ConfUtils.java:logGet(46)) - raft.server.log.purge.gap = 1000000 (custom)
2022-08-14 01:44:46,374 [pool-190-thread-1] INFO  server.RaftServerConfigKeys (ConfUtils.java:logGet(46)) - raft.server.log.appender.buffer.byte-limit = 33554432 (custom)
2022-08-14 01:44:46,374 [pool-190-thread-1] INFO  server.RaftServerConfigKeys (ConfUtils.java:logGet(46)) - raft.server.log.statemachine.data.read.timeout = 1000ms (default)
2022-08-14 01:44:46,374 [pool-190-thread-1] INFO  server.RaftServerConfigKeys (ConfUtils.java:logGet(46)) - raft.server.log.segment.size.max = 1048576 (custom)
2022-08-14 01:44:46,374 [pool-190-thread-1] INFO  server.RaftServerConfigKeys (ConfUtils.java:logGet(46)) - raft.server.log.segment.cache.num.max = 2 (custom)
2022-08-14 01:44:46,375 [pool-190-thread-1] INFO  server.RaftServerConfigKeys (ConfUtils.java:logGet(46)) - raft.server.log.segment.cache.size.max = 200MB (=209715200) (default)
2022-08-14 01:44:46,375 [pool-190-thread-1] INFO  segmented.SegmentedRaftLogWorker (SegmentedRaftLogWorker.java:<init>(187)) - new 8222fa1d-6d96-4624-a383-c2b17e7dd66e@group-F49552B7F4B3-SegmentedRaftLogWorker for RaftStorageImpl:Storage Directory /home/runner/work/ozone/ozone/hadoop-ozone/integration-test/target/test-dir/MiniOzoneClusterImpl-8ae01b46-865b-4b2e-8bfc-774eabe7d98c/datanode-0/data/ratis/f0c1d113-097f-480f-ae1f-f49552b7f4b3
2022-08-14 01:44:46,375 [pool-190-thread-1] INFO  server.RaftServerConfigKeys (ConfUtils.java:logGet(46)) - raft.server.log.queue.byte-limit = 4294967296 (custom)
2022-08-14 01:44:46,375 [pool-190-thread-1] INFO  server.RaftServerConfigKeys (ConfUtils.java:logGet(46)) - raft.server.log.queue.element-limit = 1024 (custom)
2022-08-14 01:44:46,375 [pool-190-thread-1] INFO  server.RaftServerConfigKeys (ConfUtils.java:logGet(46)) - raft.server.log.segment.size.max = 1048576 (custom)
2022-08-14 01:44:46,375 [pool-190-thread-1] INFO  server.RaftServerConfigKeys (ConfUtils.java:logGet(46)) - raft.server.log.preallocated.size = 16384 (custom)
2022-08-14 01:44:46,375 [pool-190-thread-1] INFO  server.RaftServerConfigKeys (ConfUtils.java:logGet(46)) - raft.server.log.force.sync.num = 128 (default)
2022-08-14 01:44:46,375 [pool-190-thread-1] INFO  server.RaftServerConfigKeys (ConfUtils.java:logGet(46)) - raft.server.log.statemachine.data.sync = true (default)
2022-08-14 01:44:46,375 [pool-190-thread-1] INFO  server.RaftServerConfigKeys (ConfUtils.java:logGet(46)) - raft.server.log.statemachine.data.sync.timeout = 10s (default)
2022-08-14 01:44:46,375 [pool-190-thread-1] INFO  server.RaftServerConfigKeys (ConfUtils.java:logGet(46)) - raft.server.log.statemachine.data.sync.timeout.retry = -1 (default)
2022-08-14 01:44:46,376 [EventQueue-OpenPipelineForHealthyPipelineSafeModeRule] INFO  safemode.SCMSafeModeManager (HealthyPipelineSafeModeRule.java:process(137)) - SCM in safe mode. Healthy pipelines reported count is 0, required healthy pipeline reported count is 1
2022-08-14 01:44:46,378 [EventQueue-OpenPipelineForHealthyPipelineSafeModeRule] INFO  safemode.SCMSafeModeManager (HealthyPipelineSafeModeRule.java:process(137)) - SCM in safe mode. Healthy pipelines reported count is 0, required healthy pipeline reported count is 1
2022-08-14 01:44:46,379 [pool-190-thread-1] INFO  server.RaftServerConfigKeys (ConfUtils.java:logGet(46)) - raft.server.log.write.buffer.size = 1048576 (custom)
2022-08-14 01:44:46,379 [pool-190-thread-1] INFO  server.RaftServerConfigKeys (ConfUtils.java:logGet(46)) - raft.server.log.unsafe-flush.enabled = false (default)
2022-08-14 01:44:46,379 [EventQueue-OpenPipelineForHealthyPipelineSafeModeRule] INFO  safemode.SCMSafeModeManager (HealthyPipelineSafeModeRule.java:process(137)) - SCM in safe mode. Healthy pipelines reported count is 0, required healthy pipeline reported count is 1
2022-08-14 01:44:46,379 [pool-190-thread-1] INFO  server.RaftServerConfigKeys (ConfUtils.java:logGet(46)) - raft.server.log.statemachine.data.caching.enabled = true (custom)
2022-08-14 01:44:46,381 [pool-190-thread-1] INFO  segmented.SegmentedRaftLogWorker (SegmentedRaftLogWorker.java:lambda$new$0(135)) - 8222fa1d-6d96-4624-a383-c2b17e7dd66e@group-F49552B7F4B3-SegmentedRaftLogWorker: flushIndex: setUnconditionally 0 -> -1
2022-08-14 01:44:46,381 [pool-190-thread-1] INFO  segmented.SegmentedRaftLogWorker (SegmentedRaftLogWorker.java:lambda$new$0(135)) - 8222fa1d-6d96-4624-a383-c2b17e7dd66e@group-F49552B7F4B3-SegmentedRaftLogWorker: safeCacheEvictIndex: setUnconditionally 0 -> -1
2022-08-14 01:44:46,388 [pool-190-thread-1] INFO  server.RaftServerConfigKeys (ConfUtils.java:logGet(46)) - raft.server.snapshot.auto.trigger.enabled = true (custom)
2022-08-14 01:44:46,388 [pool-190-thread-1] INFO  server.RaftServerConfigKeys (ConfUtils.java:logGet(46)) - raft.server.snapshot.auto.trigger.threshold = 10000 (custom)
2022-08-14 01:44:46,388 [pool-190-thread-1] INFO  server.RaftServerConfigKeys (ConfUtils.java:logGet(46)) - raft.server.snapshot.retention.file.num = 5 (custom)
2022-08-14 01:44:46,388 [pool-190-thread-1] INFO  server.RaftServerConfigKeys (ConfUtils.java:logGet(46)) - raft.server.log.purge.upto.snapshot.index = false (default)
2022-08-14 01:44:46,388 [pool-190-thread-1] INFO  server.RaftServerConfigKeys (ConfUtils.java:logGet(46)) - raft.server.retrycache.expirytime = 600000ms (custom)
2022-08-14 01:44:46,388 [pool-190-thread-1] INFO  server.RaftServerConfigKeys (ConfUtils.java:logGet(46)) - raft.server.retrycache.statistics.expirytime = 100μs (default)
2022-08-14 01:44:46,390 [pool-190-thread-1] INFO  server.RaftServerConfigKeys (ConfUtils.java:logGet(46)) - raft.server.log.appender.install.snapshot.enabled = false (custom)
2022-08-14 01:44:46,391 [pool-190-thread-1] INFO  server.RaftServerConfigKeys (ConfUtils.java:logGet(46)) - raft.server.threadpool.server.cached = true (default)
2022-08-14 01:44:46,391 [pool-190-thread-1] INFO  server.RaftServerConfigKeys (ConfUtils.java:logGet(46)) - raft.server.threadpool.server.size = 0 (default)
2022-08-14 01:44:46,391 [pool-190-thread-1] INFO  server.RaftServerConfigKeys (ConfUtils.java:logGet(46)) - raft.server.threadpool.client.cached = true (default)
2022-08-14 01:44:46,391 [pool-190-thread-1] INFO  server.RaftServerConfigKeys (ConfUtils.java:logGet(46)) - raft.server.threadpool.client.size = 0 (default)
2022-08-14 01:44:46,391 [pool-190-thread-1] INFO  server.RaftServer$Division (RaftServerImpl.java:start(310)) - 8222fa1d-6d96-4624-a383-c2b17e7dd66e@group-F49552B7F4B3: start as a follower, conf=-1: [8222fa1d-6d96-4624-a383-c2b17e7dd66e|rpc:127.0.0.1:37911|priority:0, f124399b-2518-488d-bf7f-30c6c2e21956|rpc:127.0.0.1:37713|priority:1, 937647e2-067d-42aa-a021-6dbfe1bbf122|rpc:127.0.0.1:42293|priority:0], old=null
2022-08-14 01:44:46,391 [pool-190-thread-1] INFO  server.RaftServer$Division (RaftServerImpl.java:setRole(299)) - 8222fa1d-6d96-4624-a383-c2b17e7dd66e@group-F49552B7F4B3: changes role from      null to FOLLOWER at term 0 for startAsFollower
2022-08-14 01:44:46,391 [pool-190-thread-1] INFO  impl.RoleInfo (RoleInfo.java:updateAndGet(139)) - 8222fa1d-6d96-4624-a383-c2b17e7dd66e: start 8222fa1d-6d96-4624-a383-c2b17e7dd66e@group-F49552B7F4B3-FollowerState
2022-08-14 01:44:46,392 [pool-190-thread-1] INFO  util.JmxRegister (JmxRegister.java:tryRegister(44)) - Successfully registered JMX Bean with object name Ratis:service=RaftServer,group=group-F49552B7F4B3,id=8222fa1d-6d96-4624-a383-c2b17e7dd66e
2022-08-14 01:44:46,392 [Command processor thread] INFO  ratis.XceiverServerRatis (XceiverServerRatis.java:addGroup(765)) - Created group PipelineID=f0c1d113-097f-480f-ae1f-f49552b7f4b3
2022-08-14 01:44:46,418 [grpc-default-executor-0] INFO  server.RaftServer (RaftServerProxy.java:addNew(96)) - f124399b-2518-488d-bf7f-30c6c2e21956: addNew group-F49552B7F4B3:[8222fa1d-6d96-4624-a383-c2b17e7dd66e|rpc:127.0.0.1:37911|dataStream:|priority:0, f124399b-2518-488d-bf7f-30c6c2e21956|rpc:127.0.0.1:37713|dataStream:|priority:1, 937647e2-067d-42aa-a021-6dbfe1bbf122|rpc:127.0.0.1:42293|dataStream:|priority:0] returns group-F49552B7F4B3:java.util.concurrent.CompletableFuture@606f27f6[Not completed]
2022-08-14 01:44:46,418 [pool-215-thread-1] INFO  server.RaftServer$Division (RaftServerImpl.java:<init>(190)) - f124399b-2518-488d-bf7f-30c6c2e21956: new RaftServerImpl for group-F49552B7F4B3:[8222fa1d-6d96-4624-a383-c2b17e7dd66e|rpc:127.0.0.1:37911|dataStream:|priority:0, f124399b-2518-488d-bf7f-30c6c2e21956|rpc:127.0.0.1:37713|dataStream:|priority:1, 937647e2-067d-42aa-a021-6dbfe1bbf122|rpc:127.0.0.1:42293|dataStream:|priority:0] with ContainerStateMachine:uninitialized
2022-08-14 01:44:46,419 [pool-215-thread-1] INFO  server.RaftServerConfigKeys (ConfUtils.java:logGet(46)) - raft.server.rpc.timeout.min = 5s (custom)
2022-08-14 01:44:46,419 [pool-215-thread-1] INFO  server.RaftServerConfigKeys (ConfUtils.java:logGet(46)) - raft.server.rpc.timeout.max = 5200ms (custom)
2022-08-14 01:44:46,419 [pool-215-thread-1] INFO  server.RaftServerConfigKeys (ConfUtils.java:logGet(46)) - raft.server.rpc.sleep.time = 25ms (default)
2022-08-14 01:44:46,419 [pool-215-thread-1] INFO  server.RaftServerConfigKeys (ConfUtils.java:logGet(46)) - raft.server.rpc.slowness.timeout = 300s (custom)
2022-08-14 01:44:46,419 [pool-215-thread-1] INFO  server.RaftServerConfigKeys (ConfUtils.java:logGet(46)) - raft.server.leaderelection.leader.step-down.wait-time = 10s (default)
2022-08-14 01:44:46,419 [pool-215-thread-1] INFO  server.RaftServerConfigKeys (ConfUtils.java:logGet(46)) - raft.server.sleep.deviation.threshold = 300ms (default)
2022-08-14 01:44:46,419 [pool-215-thread-1] INFO  server.RaftServer$Division (ServerState.java:<init>(107)) - f124399b-2518-488d-bf7f-30c6c2e21956@group-F49552B7F4B3: ConfigurationManager, init=-1: [8222fa1d-6d96-4624-a383-c2b17e7dd66e|rpc:127.0.0.1:37911|dataStream:|priority:0, f124399b-2518-488d-bf7f-30c6c2e21956|rpc:127.0.0.1:37713|dataStream:|priority:1, 937647e2-067d-42aa-a021-6dbfe1bbf122|rpc:127.0.0.1:42293|dataStream:|priority:0], old=null, confs=<EMPTY_MAP>
2022-08-14 01:44:46,419 [pool-215-thread-1] INFO  server.RaftServerConfigKeys (ConfUtils.java:logGet(46)) - raft.server.storage.dir = [/home/runner/work/ozone/ozone/hadoop-ozone/integration-test/target/test-dir/MiniOzoneClusterImpl-8ae01b46-865b-4b2e-8bfc-774eabe7d98c/datanode-1/data/ratis] (custom)
2022-08-14 01:44:46,419 [pool-215-thread-1] INFO  server.RaftServerConfigKeys (ConfUtils.java:logGet(46)) - raft.server.log.corruption.policy = EXCEPTION (default)
2022-08-14 01:44:46,419 [pool-215-thread-1] INFO  server.RaftServerConfigKeys (ConfUtils.java:logGet(46)) - raft.server.storage.free-space.min = 0MB (=0) (default)
2022-08-14 01:44:46,420 [pool-215-thread-1] INFO  storage.RaftStorageDirectory (RaftStorageDirectoryImpl.java:analyzeStorage(135)) - The storage directory /home/runner/work/ozone/ozone/hadoop-ozone/integration-test/target/test-dir/MiniOzoneClusterImpl-8ae01b46-865b-4b2e-8bfc-774eabe7d98c/datanode-1/data/ratis/f0c1d113-097f-480f-ae1f-f49552b7f4b3 does not exist. Creating ...
2022-08-14 01:44:46,423 [pool-215-thread-1] INFO  storage.RaftStorageDirectory (RaftStorageDirectoryImpl.java:tryLock(230)) - Lock on /home/runner/work/ozone/ozone/hadoop-ozone/integration-test/target/test-dir/MiniOzoneClusterImpl-8ae01b46-865b-4b2e-8bfc-774eabe7d98c/datanode-1/data/ratis/f0c1d113-097f-480f-ae1f-f49552b7f4b3/in_use.lock acquired by nodename 20746@fv-az372-557
2022-08-14 01:44:46,427 [pool-215-thread-1] INFO  storage.RaftStorage (RaftStorageImpl.java:format(89)) - Storage directory /home/runner/work/ozone/ozone/hadoop-ozone/integration-test/target/test-dir/MiniOzoneClusterImpl-8ae01b46-865b-4b2e-8bfc-774eabe7d98c/datanode-1/data/ratis/f0c1d113-097f-480f-ae1f-f49552b7f4b3 has been successfully formatted.
2022-08-14 01:44:46,427 [pool-215-thread-1] INFO  ratis.ContainerStateMachine (ContainerStateMachine.java:loadSnapshot(236)) - group-F49552B7F4B3: The snapshot info is null. Setting the last applied indexto:(t:0, i:~)
2022-08-14 01:44:46,427 [pool-215-thread-1] INFO  server.RaftServerConfigKeys (ConfUtils.java:logGet(46)) - raft.server.notification.no-leader.timeout = 300s (custom)
2022-08-14 01:44:46,428 [pool-215-thread-1] INFO  server.RaftServerConfigKeys (ConfUtils.java:logGet(46)) - raft.server.log.use.memory = false (default)
2022-08-14 01:44:46,428 [pool-215-thread-1] INFO  server.RaftServerConfigKeys (ConfUtils.java:logGet(46)) - raft.server.log.purge.gap = 1000000 (custom)
2022-08-14 01:44:46,428 [pool-215-thread-1] INFO  server.RaftServerConfigKeys (ConfUtils.java:logGet(46)) - raft.server.log.appender.buffer.byte-limit = 33554432 (custom)
2022-08-14 01:44:46,428 [pool-215-thread-1] INFO  server.RaftServerConfigKeys (ConfUtils.java:logGet(46)) - raft.server.log.statemachine.data.read.timeout = 1000ms (default)
2022-08-14 01:44:46,428 [pool-215-thread-1] INFO  server.RaftServerConfigKeys (ConfUtils.java:logGet(46)) - raft.server.log.segment.size.max = 1048576 (custom)
2022-08-14 01:44:46,429 [pool-215-thread-1] INFO  server.RaftServerConfigKeys (ConfUtils.java:logGet(46)) - raft.server.log.segment.cache.num.max = 2 (custom)
2022-08-14 01:44:46,430 [pool-215-thread-1] INFO  server.RaftServerConfigKeys (ConfUtils.java:logGet(46)) - raft.server.log.segment.cache.size.max = 200MB (=209715200) (default)
2022-08-14 01:44:46,430 [pool-215-thread-1] INFO  segmented.SegmentedRaftLogWorker (SegmentedRaftLogWorker.java:<init>(187)) - new f124399b-2518-488d-bf7f-30c6c2e21956@group-F49552B7F4B3-SegmentedRaftLogWorker for RaftStorageImpl:Storage Directory /home/runner/work/ozone/ozone/hadoop-ozone/integration-test/target/test-dir/MiniOzoneClusterImpl-8ae01b46-865b-4b2e-8bfc-774eabe7d98c/datanode-1/data/ratis/f0c1d113-097f-480f-ae1f-f49552b7f4b3
2022-08-14 01:44:46,430 [pool-215-thread-1] INFO  server.RaftServerConfigKeys (ConfUtils.java:logGet(46)) - raft.server.log.queue.byte-limit = 4294967296 (custom)
2022-08-14 01:44:46,431 [pool-215-thread-1] INFO  server.RaftServerConfigKeys (ConfUtils.java:logGet(46)) - raft.server.log.queue.element-limit = 1024 (custom)
2022-08-14 01:44:46,431 [pool-215-thread-1] INFO  server.RaftServerConfigKeys (ConfUtils.java:logGet(46)) - raft.server.log.segment.size.max = 1048576 (custom)
2022-08-14 01:44:46,431 [pool-215-thread-1] INFO  server.RaftServerConfigKeys (ConfUtils.java:logGet(46)) - raft.server.log.preallocated.size = 16384 (custom)
2022-08-14 01:44:46,431 [pool-215-thread-1] INFO  server.RaftServerConfigKeys (ConfUtils.java:logGet(46)) - raft.server.log.force.sync.num = 128 (default)
2022-08-14 01:44:46,431 [pool-215-thread-1] INFO  server.RaftServerConfigKeys (ConfUtils.java:logGet(46)) - raft.server.log.statemachine.data.sync = true (default)
2022-08-14 01:44:46,431 [pool-215-thread-1] INFO  server.RaftServerConfigKeys (ConfUtils.java:logGet(46)) - raft.server.log.statemachine.data.sync.timeout = 10s (default)
2022-08-14 01:44:46,431 [pool-215-thread-1] INFO  server.RaftServerConfigKeys (ConfUtils.java:logGet(46)) - raft.server.log.statemachine.data.sync.timeout.retry = -1 (default)
2022-08-14 01:44:46,432 [pool-215-thread-1] INFO  server.RaftServerConfigKeys (ConfUtils.java:logGet(46)) - raft.server.log.write.buffer.size = 1048576 (custom)
2022-08-14 01:44:46,433 [pool-215-thread-1] INFO  server.RaftServerConfigKeys (ConfUtils.java:logGet(46)) - raft.server.log.unsafe-flush.enabled = false (default)
2022-08-14 01:44:46,433 [pool-215-thread-1] INFO  server.RaftServerConfigKeys (ConfUtils.java:logGet(46)) - raft.server.log.statemachine.data.caching.enabled = true (custom)
2022-08-14 01:44:46,433 [pool-215-thread-1] INFO  segmented.SegmentedRaftLogWorker (SegmentedRaftLogWorker.java:lambda$new$0(135)) - f124399b-2518-488d-bf7f-30c6c2e21956@group-F49552B7F4B3-SegmentedRaftLogWorker: flushIndex: setUnconditionally 0 -> -1
2022-08-14 01:44:46,433 [pool-215-thread-1] INFO  segmented.SegmentedRaftLogWorker (SegmentedRaftLogWorker.java:lambda$new$0(135)) - f124399b-2518-488d-bf7f-30c6c2e21956@group-F49552B7F4B3-SegmentedRaftLogWorker: safeCacheEvictIndex: setUnconditionally 0 -> -1
2022-08-14 01:44:46,437 [pool-215-thread-1] INFO  server.RaftServerConfigKeys (ConfUtils.java:logGet(46)) - raft.server.snapshot.auto.trigger.enabled = true (custom)
2022-08-14 01:44:46,437 [pool-215-thread-1] INFO  server.RaftServerConfigKeys (ConfUtils.java:logGet(46)) - raft.server.snapshot.auto.trigger.threshold = 10000 (custom)
2022-08-14 01:44:46,437 [pool-215-thread-1] INFO  server.RaftServerConfigKeys (ConfUtils.java:logGet(46)) - raft.server.snapshot.retention.file.num = 5 (custom)
2022-08-14 01:44:46,437 [pool-215-thread-1] INFO  server.RaftServerConfigKeys (ConfUtils.java:logGet(46)) - raft.server.log.purge.upto.snapshot.index = false (default)
2022-08-14 01:44:46,437 [pool-215-thread-1] INFO  server.RaftServerConfigKeys (ConfUtils.java:logGet(46)) - raft.server.retrycache.expirytime = 600000ms (custom)
2022-08-14 01:44:46,437 [pool-215-thread-1] INFO  server.RaftServerConfigKeys (ConfUtils.java:logGet(46)) - raft.server.retrycache.statistics.expirytime = 100μs (default)
2022-08-14 01:44:46,441 [pool-215-thread-1] INFO  server.RaftServerConfigKeys (ConfUtils.java:logGet(46)) - raft.server.log.appender.install.snapshot.enabled = false (custom)
2022-08-14 01:44:46,441 [pool-215-thread-1] INFO  server.RaftServerConfigKeys (ConfUtils.java:logGet(46)) - raft.server.threadpool.server.cached = true (default)
2022-08-14 01:44:46,441 [pool-215-thread-1] INFO  server.RaftServerConfigKeys (ConfUtils.java:logGet(46)) - raft.server.threadpool.server.size = 0 (default)
2022-08-14 01:44:46,441 [pool-215-thread-1] INFO  server.RaftServerConfigKeys (ConfUtils.java:logGet(46)) - raft.server.threadpool.client.cached = true (default)
2022-08-14 01:44:46,441 [pool-215-thread-1] INFO  server.RaftServerConfigKeys (ConfUtils.java:logGet(46)) - raft.server.threadpool.client.size = 0 (default)
2022-08-14 01:44:46,441 [pool-215-thread-1] INFO  server.RaftServer$Division (RaftServerImpl.java:start(310)) - f124399b-2518-488d-bf7f-30c6c2e21956@group-F49552B7F4B3: start as a follower, conf=-1: [8222fa1d-6d96-4624-a383-c2b17e7dd66e|rpc:127.0.0.1:37911|dataStream:|priority:0, f124399b-2518-488d-bf7f-30c6c2e21956|rpc:127.0.0.1:37713|dataStream:|priority:1, 937647e2-067d-42aa-a021-6dbfe1bbf122|rpc:127.0.0.1:42293|dataStream:|priority:0], old=null
2022-08-14 01:44:46,441 [pool-215-thread-1] INFO  server.RaftServer$Division (RaftServerImpl.java:setRole(299)) - f124399b-2518-488d-bf7f-30c6c2e21956@group-F49552B7F4B3: changes role from      null to FOLLOWER at term 0 for startAsFollower
2022-08-14 01:44:46,441 [pool-215-thread-1] INFO  impl.RoleInfo (RoleInfo.java:updateAndGet(139)) - f124399b-2518-488d-bf7f-30c6c2e21956: start f124399b-2518-488d-bf7f-30c6c2e21956@group-F49552B7F4B3-FollowerState
2022-08-14 01:44:46,443 [pool-215-thread-1] INFO  util.JmxRegister (JmxRegister.java:tryRegister(44)) - Successfully registered JMX Bean with object name Ratis:service=RaftServer,group=group-F49552B7F4B3,id=f124399b-2518-488d-bf7f-30c6c2e21956
2022-08-14 01:44:46,471 [grpc-default-executor-0] INFO  server.RaftServer (RaftServerProxy.java:addNew(96)) - 937647e2-067d-42aa-a021-6dbfe1bbf122: addNew group-F49552B7F4B3:[8222fa1d-6d96-4624-a383-c2b17e7dd66e|rpc:127.0.0.1:37911|dataStream:|priority:0, f124399b-2518-488d-bf7f-30c6c2e21956|rpc:127.0.0.1:37713|dataStream:|priority:1, 937647e2-067d-42aa-a021-6dbfe1bbf122|rpc:127.0.0.1:42293|dataStream:|priority:0] returns group-F49552B7F4B3:java.util.concurrent.CompletableFuture@7fdac392[Not completed]
2022-08-14 01:44:46,473 [pool-240-thread-1] INFO  server.RaftServer$Division (RaftServerImpl.java:<init>(190)) - 937647e2-067d-42aa-a021-6dbfe1bbf122: new RaftServerImpl for group-F49552B7F4B3:[8222fa1d-6d96-4624-a383-c2b17e7dd66e|rpc:127.0.0.1:37911|dataStream:|priority:0, f124399b-2518-488d-bf7f-30c6c2e21956|rpc:127.0.0.1:37713|dataStream:|priority:1, 937647e2-067d-42aa-a021-6dbfe1bbf122|rpc:127.0.0.1:42293|dataStream:|priority:0] with ContainerStateMachine:uninitialized
2022-08-14 01:44:46,473 [pool-240-thread-1] INFO  server.RaftServerConfigKeys (ConfUtils.java:logGet(46)) - raft.server.rpc.timeout.min = 5s (custom)
2022-08-14 01:44:46,473 [pool-240-thread-1] INFO  server.RaftServerConfigKeys (ConfUtils.java:logGet(46)) - raft.server.rpc.timeout.max = 5200ms (custom)
2022-08-14 01:44:46,473 [pool-240-thread-1] INFO  server.RaftServerConfigKeys (ConfUtils.java:logGet(46)) - raft.server.rpc.sleep.time = 25ms (default)
2022-08-14 01:44:46,473 [pool-240-thread-1] INFO  server.RaftServerConfigKeys (ConfUtils.java:logGet(46)) - raft.server.rpc.slowness.timeout = 300s (custom)
2022-08-14 01:44:46,473 [pool-240-thread-1] INFO  server.RaftServerConfigKeys (ConfUtils.java:logGet(46)) - raft.server.leaderelection.leader.step-down.wait-time = 10s (default)
2022-08-14 01:44:46,473 [pool-240-thread-1] INFO  server.RaftServerConfigKeys (ConfUtils.java:logGet(46)) - raft.server.sleep.deviation.threshold = 300ms (default)
2022-08-14 01:44:46,473 [pool-240-thread-1] INFO  server.RaftServer$Division (ServerState.java:<init>(107)) - 937647e2-067d-42aa-a021-6dbfe1bbf122@group-F49552B7F4B3: ConfigurationManager, init=-1: [8222fa1d-6d96-4624-a383-c2b17e7dd66e|rpc:127.0.0.1:37911|dataStream:|priority:0, f124399b-2518-488d-bf7f-30c6c2e21956|rpc:127.0.0.1:37713|dataStream:|priority:1, 937647e2-067d-42aa-a021-6dbfe1bbf122|rpc:127.0.0.1:42293|dataStream:|priority:0], old=null, confs=<EMPTY_MAP>
2022-08-14 01:44:46,473 [pool-240-thread-1] INFO  server.RaftServerConfigKeys (ConfUtils.java:logGet(46)) - raft.server.storage.dir = [/home/runner/work/ozone/ozone/hadoop-ozone/integration-test/target/test-dir/MiniOzoneClusterImpl-8ae01b46-865b-4b2e-8bfc-774eabe7d98c/datanode-2/data/ratis] (custom)
2022-08-14 01:44:46,474 [pool-240-thread-1] INFO  server.RaftServerConfigKeys (ConfUtils.java:logGet(46)) - raft.server.log.corruption.policy = EXCEPTION (default)
2022-08-14 01:44:46,474 [pool-240-thread-1] INFO  server.RaftServerConfigKeys (ConfUtils.java:logGet(46)) - raft.server.storage.free-space.min = 0MB (=0) (default)
2022-08-14 01:44:46,474 [pool-240-thread-1] INFO  storage.RaftStorageDirectory (RaftStorageDirectoryImpl.java:analyzeStorage(135)) - The storage directory /home/runner/work/ozone/ozone/hadoop-ozone/integration-test/target/test-dir/MiniOzoneClusterImpl-8ae01b46-865b-4b2e-8bfc-774eabe7d98c/datanode-2/data/ratis/f0c1d113-097f-480f-ae1f-f49552b7f4b3 does not exist. Creating ...
2022-08-14 01:44:46,475 [pool-240-thread-1] INFO  storage.RaftStorageDirectory (RaftStorageDirectoryImpl.java:tryLock(230)) - Lock on /home/runner/work/ozone/ozone/hadoop-ozone/integration-test/target/test-dir/MiniOzoneClusterImpl-8ae01b46-865b-4b2e-8bfc-774eabe7d98c/datanode-2/data/ratis/f0c1d113-097f-480f-ae1f-f49552b7f4b3/in_use.lock acquired by nodename 20746@fv-az372-557
2022-08-14 01:44:46,477 [pool-240-thread-1] INFO  storage.RaftStorage (RaftStorageImpl.java:format(89)) - Storage directory /home/runner/work/ozone/ozone/hadoop-ozone/integration-test/target/test-dir/MiniOzoneClusterImpl-8ae01b46-865b-4b2e-8bfc-774eabe7d98c/datanode-2/data/ratis/f0c1d113-097f-480f-ae1f-f49552b7f4b3 has been successfully formatted.
2022-08-14 01:44:46,480 [pool-240-thread-1] INFO  ratis.ContainerStateMachine (ContainerStateMachine.java:loadSnapshot(236)) - group-F49552B7F4B3: The snapshot info is null. Setting the last applied indexto:(t:0, i:~)
2022-08-14 01:44:46,481 [pool-240-thread-1] INFO  server.RaftServerConfigKeys (ConfUtils.java:logGet(46)) - raft.server.notification.no-leader.timeout = 300s (custom)
2022-08-14 01:44:46,481 [pool-240-thread-1] INFO  server.RaftServerConfigKeys (ConfUtils.java:logGet(46)) - raft.server.log.use.memory = false (default)
2022-08-14 01:44:46,481 [pool-240-thread-1] INFO  server.RaftServerConfigKeys (ConfUtils.java:logGet(46)) - raft.server.log.purge.gap = 1000000 (custom)
2022-08-14 01:44:46,481 [pool-240-thread-1] INFO  server.RaftServerConfigKeys (ConfUtils.java:logGet(46)) - raft.server.log.appender.buffer.byte-limit = 33554432 (custom)
2022-08-14 01:44:46,481 [pool-240-thread-1] INFO  server.RaftServerConfigKeys (ConfUtils.java:logGet(46)) - raft.server.log.statemachine.data.read.timeout = 1000ms (default)
2022-08-14 01:44:46,481 [pool-240-thread-1] INFO  server.RaftServerConfigKeys (ConfUtils.java:logGet(46)) - raft.server.log.segment.size.max = 1048576 (custom)
2022-08-14 01:44:46,482 [pool-240-thread-1] INFO  server.RaftServerConfigKeys (ConfUtils.java:logGet(46)) - raft.server.log.segment.cache.num.max = 2 (custom)
2022-08-14 01:44:46,482 [pool-240-thread-1] INFO  server.RaftServerConfigKeys (ConfUtils.java:logGet(46)) - raft.server.log.segment.cache.size.max = 200MB (=209715200) (default)
2022-08-14 01:44:46,482 [pool-240-thread-1] INFO  segmented.SegmentedRaftLogWorker (SegmentedRaftLogWorker.java:<init>(187)) - new 937647e2-067d-42aa-a021-6dbfe1bbf122@group-F49552B7F4B3-SegmentedRaftLogWorker for RaftStorageImpl:Storage Directory /home/runner/work/ozone/ozone/hadoop-ozone/integration-test/target/test-dir/MiniOzoneClusterImpl-8ae01b46-865b-4b2e-8bfc-774eabe7d98c/datanode-2/data/ratis/f0c1d113-097f-480f-ae1f-f49552b7f4b3
2022-08-14 01:44:46,482 [pool-240-thread-1] INFO  server.RaftServerConfigKeys (ConfUtils.java:logGet(46)) - raft.server.log.queue.byte-limit = 4294967296 (custom)
2022-08-14 01:44:46,482 [pool-240-thread-1] INFO  server.RaftServerConfigKeys (ConfUtils.java:logGet(46)) - raft.server.log.queue.element-limit = 1024 (custom)
2022-08-14 01:44:46,482 [pool-240-thread-1] INFO  server.RaftServerConfigKeys (ConfUtils.java:logGet(46)) - raft.server.log.segment.size.max = 1048576 (custom)
2022-08-14 01:44:46,482 [pool-240-thread-1] INFO  server.RaftServerConfigKeys (ConfUtils.java:logGet(46)) - raft.server.log.preallocated.size = 16384 (custom)
2022-08-14 01:44:46,482 [pool-240-thread-1] INFO  server.RaftServerConfigKeys (ConfUtils.java:logGet(46)) - raft.server.log.force.sync.num = 128 (default)
2022-08-14 01:44:46,482 [pool-240-thread-1] INFO  server.RaftServerConfigKeys (ConfUtils.java:logGet(46)) - raft.server.log.statemachine.data.sync = true (default)
2022-08-14 01:44:46,482 [pool-240-thread-1] INFO  server.RaftServerConfigKeys (ConfUtils.java:logGet(46)) - raft.server.log.statemachine.data.sync.timeout = 10s (default)
2022-08-14 01:44:46,482 [pool-240-thread-1] INFO  server.RaftServerConfigKeys (ConfUtils.java:logGet(46)) - raft.server.log.statemachine.data.sync.timeout.retry = -1 (default)
2022-08-14 01:44:46,483 [pool-240-thread-1] INFO  server.RaftServerConfigKeys (ConfUtils.java:logGet(46)) - raft.server.log.write.buffer.size = 1048576 (custom)
2022-08-14 01:44:46,484 [pool-240-thread-1] INFO  server.RaftServerConfigKeys (ConfUtils.java:logGet(46)) - raft.server.log.unsafe-flush.enabled = false (default)
2022-08-14 01:44:46,484 [pool-240-thread-1] INFO  server.RaftServerConfigKeys (ConfUtils.java:logGet(46)) - raft.server.log.statemachine.data.caching.enabled = true (custom)
2022-08-14 01:44:46,484 [pool-240-thread-1] INFO  segmented.SegmentedRaftLogWorker (SegmentedRaftLogWorker.java:lambda$new$0(135)) - 937647e2-067d-42aa-a021-6dbfe1bbf122@group-F49552B7F4B3-SegmentedRaftLogWorker: flushIndex: setUnconditionally 0 -> -1
2022-08-14 01:44:46,485 [pool-240-thread-1] INFO  segmented.SegmentedRaftLogWorker (SegmentedRaftLogWorker.java:lambda$new$0(135)) - 937647e2-067d-42aa-a021-6dbfe1bbf122@group-F49552B7F4B3-SegmentedRaftLogWorker: safeCacheEvictIndex: setUnconditionally 0 -> -1
2022-08-14 01:44:46,485 [pool-240-thread-1] INFO  server.RaftServerConfigKeys (ConfUtils.java:logGet(46)) - raft.server.snapshot.auto.trigger.enabled = true (custom)
2022-08-14 01:44:46,485 [pool-240-thread-1] INFO  server.RaftServerConfigKeys (ConfUtils.java:logGet(46)) - raft.server.snapshot.auto.trigger.threshold = 10000 (custom)
2022-08-14 01:44:46,485 [pool-240-thread-1] INFO  server.RaftServerConfigKeys (ConfUtils.java:logGet(46)) - raft.server.snapshot.retention.file.num = 5 (custom)
2022-08-14 01:44:46,485 [pool-240-thread-1] INFO  server.RaftServerConfigKeys (ConfUtils.java:logGet(46)) - raft.server.log.purge.upto.snapshot.index = false (default)
2022-08-14 01:44:46,485 [pool-240-thread-1] INFO  server.RaftServerConfigKeys (ConfUtils.java:logGet(46)) - raft.server.retrycache.expirytime = 600000ms (custom)
2022-08-14 01:44:46,485 [pool-240-thread-1] INFO  server.RaftServerConfigKeys (ConfUtils.java:logGet(46)) - raft.server.retrycache.statistics.expirytime = 100μs (default)
2022-08-14 01:44:46,487 [pool-240-thread-1] INFO  server.RaftServerConfigKeys (ConfUtils.java:logGet(46)) - raft.server.log.appender.install.snapshot.enabled = false (custom)
2022-08-14 01:44:46,487 [pool-240-thread-1] INFO  server.RaftServerConfigKeys (ConfUtils.java:logGet(46)) - raft.server.threadpool.server.cached = true (default)
2022-08-14 01:44:46,487 [pool-240-thread-1] INFO  server.RaftServerConfigKeys (ConfUtils.java:logGet(46)) - raft.server.threadpool.server.size = 0 (default)
2022-08-14 01:44:46,487 [pool-240-thread-1] INFO  server.RaftServerConfigKeys (ConfUtils.java:logGet(46)) - raft.server.threadpool.client.cached = true (default)
2022-08-14 01:44:46,487 [pool-240-thread-1] INFO  server.RaftServerConfigKeys (ConfUtils.java:logGet(46)) - raft.server.threadpool.client.size = 0 (default)
2022-08-14 01:44:46,487 [pool-240-thread-1] INFO  server.RaftServer$Division (RaftServerImpl.java:start(310)) - 937647e2-067d-42aa-a021-6dbfe1bbf122@group-F49552B7F4B3: start as a follower, conf=-1: [8222fa1d-6d96-4624-a383-c2b17e7dd66e|rpc:127.0.0.1:37911|dataStream:|priority:0, f124399b-2518-488d-bf7f-30c6c2e21956|rpc:127.0.0.1:37713|dataStream:|priority:1, 937647e2-067d-42aa-a021-6dbfe1bbf122|rpc:127.0.0.1:42293|dataStream:|priority:0], old=null
2022-08-14 01:44:46,487 [pool-240-thread-1] INFO  server.RaftServer$Division (RaftServerImpl.java:setRole(299)) - 937647e2-067d-42aa-a021-6dbfe1bbf122@group-F49552B7F4B3: changes role from      null to FOLLOWER at term 0 for startAsFollower
2022-08-14 01:44:46,487 [pool-240-thread-1] INFO  impl.RoleInfo (RoleInfo.java:updateAndGet(139)) - 937647e2-067d-42aa-a021-6dbfe1bbf122: start 937647e2-067d-42aa-a021-6dbfe1bbf122@group-F49552B7F4B3-FollowerState
2022-08-14 01:44:46,488 [pool-240-thread-1] INFO  util.JmxRegister (JmxRegister.java:tryRegister(44)) - Successfully registered JMX Bean with object name Ratis:service=RaftServer,group=group-F49552B7F4B3,id=937647e2-067d-42aa-a021-6dbfe1bbf122
2022-08-14 01:44:46,493 [Command processor thread] INFO  commandhandler.CreatePipelineCommandHandler (CreatePipelineCommandHandler.java:handle(113)) - Created Pipeline RATIS THREE PipelineID=f0c1d113-097f-480f-ae1f-f49552b7f4b3.
2022-08-14 01:44:46,589 [Command processor thread] INFO  server.RaftServer (RaftServerProxy.java:addNew(96)) - f124399b-2518-488d-bf7f-30c6c2e21956: addNew group-7CD51F85749F:[f124399b-2518-488d-bf7f-30c6c2e21956|rpc:127.0.0.1:37713|priority:1] returns group-7CD51F85749F:java.util.concurrent.CompletableFuture@1523095f[Not completed]
2022-08-14 01:44:46,590 [pool-215-thread-1] INFO  server.RaftServer$Division (RaftServerImpl.java:<init>(190)) - f124399b-2518-488d-bf7f-30c6c2e21956: new RaftServerImpl for group-7CD51F85749F:[f124399b-2518-488d-bf7f-30c6c2e21956|rpc:127.0.0.1:37713|priority:1] with ContainerStateMachine:uninitialized
2022-08-14 01:44:46,590 [pool-215-thread-1] INFO  server.RaftServerConfigKeys (ConfUtils.java:logGet(46)) - raft.server.rpc.timeout.min = 5s (custom)
2022-08-14 01:44:46,590 [pool-215-thread-1] INFO  server.RaftServerConfigKeys (ConfUtils.java:logGet(46)) - raft.server.rpc.timeout.max = 5200ms (custom)
2022-08-14 01:44:46,590 [pool-215-thread-1] INFO  server.RaftServerConfigKeys (ConfUtils.java:logGet(46)) - raft.server.rpc.sleep.time = 25ms (default)
2022-08-14 01:44:46,590 [pool-215-thread-1] INFO  server.RaftServerConfigKeys (ConfUtils.java:logGet(46)) - raft.server.rpc.slowness.timeout = 300s (custom)
2022-08-14 01:44:46,590 [pool-215-thread-1] INFO  server.RaftServerConfigKeys (ConfUtils.java:logGet(46)) - raft.server.leaderelection.leader.step-down.wait-time = 10s (default)
2022-08-14 01:44:46,590 [pool-215-thread-1] INFO  server.RaftServerConfigKeys (ConfUtils.java:logGet(46)) - raft.server.sleep.deviation.threshold = 300ms (default)
2022-08-14 01:44:46,590 [pool-215-thread-1] INFO  server.RaftServer$Division (ServerState.java:<init>(107)) - f124399b-2518-488d-bf7f-30c6c2e21956@group-7CD51F85749F: ConfigurationManager, init=-1: [f124399b-2518-488d-bf7f-30c6c2e21956|rpc:127.0.0.1:37713|priority:1], old=null, confs=<EMPTY_MAP>
2022-08-14 01:44:46,590 [pool-215-thread-1] INFO  server.RaftServerConfigKeys (ConfUtils.java:logGet(46)) - raft.server.storage.dir = [/home/runner/work/ozone/ozone/hadoop-ozone/integration-test/target/test-dir/MiniOzoneClusterImpl-8ae01b46-865b-4b2e-8bfc-774eabe7d98c/datanode-1/data/ratis] (custom)
2022-08-14 01:44:46,591 [pool-215-thread-1] INFO  server.RaftServerConfigKeys (ConfUtils.java:logGet(46)) - raft.server.log.corruption.policy = EXCEPTION (default)
2022-08-14 01:44:46,591 [pool-215-thread-1] INFO  server.RaftServerConfigKeys (ConfUtils.java:logGet(46)) - raft.server.storage.free-space.min = 0MB (=0) (default)
2022-08-14 01:44:46,591 [pool-215-thread-1] INFO  storage.RaftStorageDirectory (RaftStorageDirectoryImpl.java:analyzeStorage(135)) - The storage directory /home/runner/work/ozone/ozone/hadoop-ozone/integration-test/target/test-dir/MiniOzoneClusterImpl-8ae01b46-865b-4b2e-8bfc-774eabe7d98c/datanode-1/data/ratis/b0af5cba-079f-4b7a-9aed-7cd51f85749f does not exist. Creating ...
2022-08-14 01:44:46,592 [pool-215-thread-1] INFO  storage.RaftStorageDirectory (RaftStorageDirectoryImpl.java:tryLock(230)) - Lock on /home/runner/work/ozone/ozone/hadoop-ozone/integration-test/target/test-dir/MiniOzoneClusterImpl-8ae01b46-865b-4b2e-8bfc-774eabe7d98c/datanode-1/data/ratis/b0af5cba-079f-4b7a-9aed-7cd51f85749f/in_use.lock acquired by nodename 20746@fv-az372-557
2022-08-14 01:44:46,595 [pool-215-thread-1] INFO  storage.RaftStorage (RaftStorageImpl.java:format(89)) - Storage directory /home/runner/work/ozone/ozone/hadoop-ozone/integration-test/target/test-dir/MiniOzoneClusterImpl-8ae01b46-865b-4b2e-8bfc-774eabe7d98c/datanode-1/data/ratis/b0af5cba-079f-4b7a-9aed-7cd51f85749f has been successfully formatted.
2022-08-14 01:44:46,595 [pool-215-thread-1] INFO  ratis.ContainerStateMachine (ContainerStateMachine.java:loadSnapshot(236)) - group-7CD51F85749F: The snapshot info is null. Setting the last applied indexto:(t:0, i:~)
2022-08-14 01:44:46,595 [pool-215-thread-1] INFO  server.RaftServerConfigKeys (ConfUtils.java:logGet(46)) - raft.server.notification.no-leader.timeout = 300s (custom)
2022-08-14 01:44:46,596 [pool-215-thread-1] INFO  server.RaftServerConfigKeys (ConfUtils.java:logGet(46)) - raft.server.log.use.memory = false (default)
2022-08-14 01:44:46,596 [pool-215-thread-1] INFO  server.RaftServerConfigKeys (ConfUtils.java:logGet(46)) - raft.server.log.purge.gap = 1000000 (custom)
2022-08-14 01:44:46,596 [pool-215-thread-1] INFO  server.RaftServerConfigKeys (ConfUtils.java:logGet(46)) - raft.server.log.appender.buffer.byte-limit = 33554432 (custom)
2022-08-14 01:44:46,596 [pool-215-thread-1] INFO  server.RaftServerConfigKeys (ConfUtils.java:logGet(46)) - raft.server.log.statemachine.data.read.timeout = 1000ms (default)
2022-08-14 01:44:46,596 [pool-215-thread-1] INFO  server.RaftServerConfigKeys (ConfUtils.java:logGet(46)) - raft.server.log.segment.size.max = 1048576 (custom)
2022-08-14 01:44:46,597 [pool-215-thread-1] INFO  server.RaftServerConfigKeys (ConfUtils.java:logGet(46)) - raft.server.log.segment.cache.num.max = 2 (custom)
2022-08-14 01:44:46,598 [pool-215-thread-1] INFO  server.RaftServerConfigKeys (ConfUtils.java:logGet(46)) - raft.server.log.segment.cache.size.max = 200MB (=209715200) (default)
2022-08-14 01:44:46,598 [pool-215-thread-1] INFO  segmented.SegmentedRaftLogWorker (SegmentedRaftLogWorker.java:<init>(187)) - new f124399b-2518-488d-bf7f-30c6c2e21956@group-7CD51F85749F-SegmentedRaftLogWorker for RaftStorageImpl:Storage Directory /home/runner/work/ozone/ozone/hadoop-ozone/integration-test/target/test-dir/MiniOzoneClusterImpl-8ae01b46-865b-4b2e-8bfc-774eabe7d98c/datanode-1/data/ratis/b0af5cba-079f-4b7a-9aed-7cd51f85749f
2022-08-14 01:44:46,598 [pool-215-thread-1] INFO  server.RaftServerConfigKeys (ConfUtils.java:logGet(46)) - raft.server.log.queue.byte-limit = 4294967296 (custom)
2022-08-14 01:44:46,598 [pool-215-thread-1] INFO  server.RaftServerConfigKeys (ConfUtils.java:logGet(46)) - raft.server.log.queue.element-limit = 1024 (custom)
2022-08-14 01:44:46,598 [pool-215-thread-1] INFO  server.RaftServerConfigKeys (ConfUtils.java:logGet(46)) - raft.server.log.segment.size.max = 1048576 (custom)
2022-08-14 01:44:46,598 [pool-215-thread-1] INFO  server.RaftServerConfigKeys (ConfUtils.java:logGet(46)) - raft.server.log.preallocated.size = 16384 (custom)
2022-08-14 01:44:46,598 [pool-215-thread-1] INFO  server.RaftServerConfigKeys (ConfUtils.java:logGet(46)) - raft.server.log.force.sync.num = 128 (default)
2022-08-14 01:44:46,598 [pool-215-thread-1] INFO  server.RaftServerConfigKeys (ConfUtils.java:logGet(46)) - raft.server.log.statemachine.data.sync = true (default)
2022-08-14 01:44:46,598 [pool-215-thread-1] INFO  server.RaftServerConfigKeys (ConfUtils.java:logGet(46)) - raft.server.log.statemachine.data.sync.timeout = 10s (default)
2022-08-14 01:44:46,598 [pool-215-thread-1] INFO  server.RaftServerConfigKeys (ConfUtils.java:logGet(46)) - raft.server.log.statemachine.data.sync.timeout.retry = -1 (default)
2022-08-14 01:44:46,599 [EventQueue-PipelineReportForPipelineReportHandler] INFO  pipeline.PipelineManagerImpl (PipelineManagerImpl.java:openPipeline(367)) - Pipeline Pipeline[ Id: b0af5cba-079f-4b7a-9aed-7cd51f85749f, Nodes: f124399b-2518-488d-bf7f-30c6c2e21956{ip: 127.0.0.1, host: localhost, ports: [REPLICATION=42169, RATIS=37713, RATIS_ADMIN=37713, RATIS_SERVER=37713, STANDALONE=42967], networkLocation: /default-rack, certSerialId: null, persistedOpState: IN_SERVICE, persistedOpStateExpiryEpochSec: 0}, ReplicationConfig: RATIS/ONE, State:ALLOCATED, leaderId:f124399b-2518-488d-bf7f-30c6c2e21956, CreationTimestamp2022-08-14T01:44:43.598Z[Etc/UTC]] moved to OPEN state
2022-08-14 01:44:46,599 [EventQueue-PipelineReportForPipelineReportHandler] INFO  pipeline.PipelineManagerImpl (PipelineManagerImpl.java:openPipeline(367)) - Pipeline Pipeline[ Id: b0af5cba-079f-4b7a-9aed-7cd51f85749f, Nodes: f124399b-2518-488d-bf7f-30c6c2e21956{ip: 127.0.0.1, host: localhost, ports: [REPLICATION=42169, RATIS=37713, RATIS_ADMIN=37713, RATIS_SERVER=37713, STANDALONE=42967], networkLocation: /default-rack, certSerialId: null, persistedOpState: IN_SERVICE, persistedOpStateExpiryEpochSec: 0}, ReplicationConfig: RATIS/ONE, State:ALLOCATED, leaderId:f124399b-2518-488d-bf7f-30c6c2e21956, CreationTimestamp2022-08-14T01:44:43.598Z[Etc/UTC]] moved to OPEN state
2022-08-14 01:44:46,602 [EventQueue-PipelineReportForPipelineReportHandler] INFO  pipeline.PipelineManagerImpl (PipelineManagerImpl.java:openPipeline(367)) - Pipeline Pipeline[ Id: b0af5cba-079f-4b7a-9aed-7cd51f85749f, Nodes: f124399b-2518-488d-bf7f-30c6c2e21956{ip: 127.0.0.1, host: localhost, ports: [REPLICATION=42169, RATIS=37713, RATIS_ADMIN=37713, RATIS_SERVER=37713, STANDALONE=42967], networkLocation: /default-rack, certSerialId: null, persistedOpState: IN_SERVICE, persistedOpStateExpiryEpochSec: 0}, ReplicationConfig: RATIS/ONE, State:ALLOCATED, leaderId:f124399b-2518-488d-bf7f-30c6c2e21956, CreationTimestamp2022-08-14T01:44:43.598Z[Etc/UTC]] moved to OPEN state
2022-08-14 01:44:46,604 [pool-215-thread-1] INFO  server.RaftServerConfigKeys (ConfUtils.java:logGet(46)) - raft.server.log.write.buffer.size = 1048576 (custom)
2022-08-14 01:44:46,605 [pool-215-thread-1] INFO  server.RaftServerConfigKeys (ConfUtils.java:logGet(46)) - raft.server.log.unsafe-flush.enabled = false (default)
2022-08-14 01:44:46,605 [pool-215-thread-1] INFO  server.RaftServerConfigKeys (ConfUtils.java:logGet(46)) - raft.server.log.statemachine.data.caching.enabled = true (custom)
2022-08-14 01:44:46,605 [pool-215-thread-1] INFO  segmented.SegmentedRaftLogWorker (SegmentedRaftLogWorker.java:lambda$new$0(135)) - f124399b-2518-488d-bf7f-30c6c2e21956@group-7CD51F85749F-SegmentedRaftLogWorker: flushIndex: setUnconditionally 0 -> -1
2022-08-14 01:44:46,605 [pool-215-thread-1] INFO  segmented.SegmentedRaftLogWorker (SegmentedRaftLogWorker.java:lambda$new$0(135)) - f124399b-2518-488d-bf7f-30c6c2e21956@group-7CD51F85749F-SegmentedRaftLogWorker: safeCacheEvictIndex: setUnconditionally 0 -> -1
2022-08-14 01:44:46,607 [eb4f5392-52f7-4dd8-91fe-f5d2e1c8a0c0@group-774EABE7D98C-StateMachineUpdater] INFO  safemode.HealthyPipelineSafeModeRule (HealthyPipelineSafeModeRule.java:initializeRule(165)) - Refreshed total pipeline count is 0, healthy pipeline threshold count is 1
2022-08-14 01:44:46,608 [EventQueue-OpenPipelineForHealthyPipelineSafeModeRule] INFO  safemode.SCMSafeModeManager (HealthyPipelineSafeModeRule.java:process(137)) - SCM in safe mode. Healthy pipelines reported count is 0, required healthy pipeline reported count is 1
2022-08-14 01:44:46,608 [pool-215-thread-1] INFO  server.RaftServerConfigKeys (ConfUtils.java:logGet(46)) - raft.server.snapshot.auto.trigger.enabled = true (custom)
2022-08-14 01:44:46,608 [pool-215-thread-1] INFO  server.RaftServerConfigKeys (ConfUtils.java:logGet(46)) - raft.server.snapshot.auto.trigger.threshold = 10000 (custom)
2022-08-14 01:44:46,608 [pool-215-thread-1] INFO  server.RaftServerConfigKeys (ConfUtils.java:logGet(46)) - raft.server.snapshot.retention.file.num = 5 (custom)
2022-08-14 01:44:46,608 [pool-215-thread-1] INFO  server.RaftServerConfigKeys (ConfUtils.java:logGet(46)) - raft.server.log.purge.upto.snapshot.index = false (default)
2022-08-14 01:44:46,609 [pool-215-thread-1] INFO  server.RaftServerConfigKeys (ConfUtils.java:logGet(46)) - raft.server.retrycache.expirytime = 600000ms (custom)
2022-08-14 01:44:46,609 [pool-215-thread-1] INFO  server.RaftServerConfigKeys (ConfUtils.java:logGet(46)) - raft.server.retrycache.statistics.expirytime = 100μs (default)
2022-08-14 01:44:46,610 [pool-215-thread-1] INFO  server.RaftServerConfigKeys (ConfUtils.java:logGet(46)) - raft.server.log.appender.install.snapshot.enabled = false (custom)
2022-08-14 01:44:46,610 [pool-215-thread-1] INFO  server.RaftServerConfigKeys (ConfUtils.java:logGet(46)) - raft.server.threadpool.server.cached = true (default)
2022-08-14 01:44:46,610 [pool-215-thread-1] INFO  server.RaftServerConfigKeys (ConfUtils.java:logGet(46)) - raft.server.threadpool.server.size = 0 (default)
2022-08-14 01:44:46,610 [pool-215-thread-1] INFO  server.RaftServerConfigKeys (ConfUtils.java:logGet(46)) - raft.server.threadpool.client.cached = true (default)
2022-08-14 01:44:46,613 [cf90fe62-f76e-4488-be8d-0c3b3445e4fe@group-774EABE7D98C-StateMachineUpdater] INFO  safemode.HealthyPipelineSafeModeRule (HealthyPipelineSafeModeRule.java:initializeRule(165)) - Refreshed total pipeline count is 0, healthy pipeline threshold count is 1
2022-08-14 01:44:46,615 [pool-215-thread-1] INFO  server.RaftServerConfigKeys (ConfUtils.java:logGet(46)) - raft.server.threadpool.client.size = 0 (default)
2022-08-14 01:44:46,615 [pool-215-thread-1] INFO  server.RaftServer$Division (RaftServerImpl.java:start(310)) - f124399b-2518-488d-bf7f-30c6c2e21956@group-7CD51F85749F: start as a follower, conf=-1: [f124399b-2518-488d-bf7f-30c6c2e21956|rpc:127.0.0.1:37713|priority:1], old=null
2022-08-14 01:44:46,615 [pool-215-thread-1] INFO  server.RaftServer$Division (RaftServerImpl.java:setRole(299)) - f124399b-2518-488d-bf7f-30c6c2e21956@group-7CD51F85749F: changes role from      null to FOLLOWER at term 0 for startAsFollower
2022-08-14 01:44:46,615 [pool-215-thread-1] INFO  impl.RoleInfo (RoleInfo.java:updateAndGet(139)) - f124399b-2518-488d-bf7f-30c6c2e21956: start f124399b-2518-488d-bf7f-30c6c2e21956@group-7CD51F85749F-FollowerState
2022-08-14 01:44:46,616 [pool-215-thread-1] INFO  util.JmxRegister (JmxRegister.java:tryRegister(44)) - Successfully registered JMX Bean with object name Ratis:service=RaftServer,group=group-7CD51F85749F,id=f124399b-2518-488d-bf7f-30c6c2e21956
2022-08-14 01:44:46,617 [Command processor thread] INFO  ratis.XceiverServerRatis (XceiverServerRatis.java:addGroup(765)) - Created group PipelineID=b0af5cba-079f-4b7a-9aed-7cd51f85749f
2022-08-14 01:44:46,617 [Command processor thread] INFO  commandhandler.CreatePipelineCommandHandler (CreatePipelineCommandHandler.java:handle(113)) - Created Pipeline RATIS ONE PipelineID=b0af5cba-079f-4b7a-9aed-7cd51f85749f.
2022-08-14 01:44:46,620 [03edee82-0664-4375-9f31-ace4c627e75e@group-774EABE7D98C-StateMachineUpdater] INFO  safemode.HealthyPipelineSafeModeRule (HealthyPipelineSafeModeRule.java:initializeRule(165)) - Refreshed total pipeline count is 0, healthy pipeline threshold count is 1
2022-08-14 01:44:46,916 [Command processor thread] INFO  server.RaftServer (RaftServerProxy.java:addNew(96)) - 937647e2-067d-42aa-a021-6dbfe1bbf122: addNew group-4DC7C54E625A:[937647e2-067d-42aa-a021-6dbfe1bbf122|rpc:127.0.0.1:42293|priority:1] returns group-4DC7C54E625A:java.util.concurrent.CompletableFuture@289e1a51[Not completed]
2022-08-14 01:44:46,917 [pool-240-thread-1] INFO  server.RaftServer$Division (RaftServerImpl.java:<init>(190)) - 937647e2-067d-42aa-a021-6dbfe1bbf122: new RaftServerImpl for group-4DC7C54E625A:[937647e2-067d-42aa-a021-6dbfe1bbf122|rpc:127.0.0.1:42293|priority:1] with ContainerStateMachine:uninitialized
2022-08-14 01:44:46,917 [pool-240-thread-1] INFO  server.RaftServerConfigKeys (ConfUtils.java:logGet(46)) - raft.server.rpc.timeout.min = 5s (custom)
2022-08-14 01:44:46,917 [pool-240-thread-1] INFO  server.RaftServerConfigKeys (ConfUtils.java:logGet(46)) - raft.server.rpc.timeout.max = 5200ms (custom)
2022-08-14 01:44:46,917 [pool-240-thread-1] INFO  server.RaftServerConfigKeys (ConfUtils.java:logGet(46)) - raft.server.rpc.sleep.time = 25ms (default)
2022-08-14 01:44:46,917 [pool-240-thread-1] INFO  server.RaftServerConfigKeys (ConfUtils.java:logGet(46)) - raft.server.rpc.slowness.timeout = 300s (custom)
2022-08-14 01:44:46,917 [pool-240-thread-1] INFO  server.RaftServerConfigKeys (ConfUtils.java:logGet(46)) - raft.server.leaderelection.leader.step-down.wait-time = 10s (default)
2022-08-14 01:44:46,918 [pool-240-thread-1] INFO  server.RaftServerConfigKeys (ConfUtils.java:logGet(46)) - raft.server.sleep.deviation.threshold = 300ms (default)
2022-08-14 01:44:46,918 [pool-240-thread-1] INFO  server.RaftServer$Division (ServerState.java:<init>(107)) - 937647e2-067d-42aa-a021-6dbfe1bbf122@group-4DC7C54E625A: ConfigurationManager, init=-1: [937647e2-067d-42aa-a021-6dbfe1bbf122|rpc:127.0.0.1:42293|priority:1], old=null, confs=<EMPTY_MAP>
2022-08-14 01:44:46,918 [pool-240-thread-1] INFO  server.RaftServerConfigKeys (ConfUtils.java:logGet(46)) - raft.server.storage.dir = [/home/runner/work/ozone/ozone/hadoop-ozone/integration-test/target/test-dir/MiniOzoneClusterImpl-8ae01b46-865b-4b2e-8bfc-774eabe7d98c/datanode-2/data/ratis] (custom)
2022-08-14 01:44:46,918 [pool-240-thread-1] INFO  server.RaftServerConfigKeys (ConfUtils.java:logGet(46)) - raft.server.log.corruption.policy = EXCEPTION (default)
2022-08-14 01:44:46,918 [pool-240-thread-1] INFO  server.RaftServerConfigKeys (ConfUtils.java:logGet(46)) - raft.server.storage.free-space.min = 0MB (=0) (default)
2022-08-14 01:44:46,918 [pool-240-thread-1] INFO  storage.RaftStorageDirectory (RaftStorageDirectoryImpl.java:analyzeStorage(135)) - The storage directory /home/runner/work/ozone/ozone/hadoop-ozone/integration-test/target/test-dir/MiniOzoneClusterImpl-8ae01b46-865b-4b2e-8bfc-774eabe7d98c/datanode-2/data/ratis/5c5561e6-15bb-4a2a-a599-4dc7c54e625a does not exist. Creating ...
2022-08-14 01:44:46,920 [pool-240-thread-1] INFO  storage.RaftStorageDirectory (RaftStorageDirectoryImpl.java:tryLock(230)) - Lock on /home/runner/work/ozone/ozone/hadoop-ozone/integration-test/target/test-dir/MiniOzoneClusterImpl-8ae01b46-865b-4b2e-8bfc-774eabe7d98c/datanode-2/data/ratis/5c5561e6-15bb-4a2a-a599-4dc7c54e625a/in_use.lock acquired by nodename 20746@fv-az372-557
2022-08-14 01:44:46,921 [pool-240-thread-1] INFO  storage.RaftStorage (RaftStorageImpl.java:format(89)) - Storage directory /home/runner/work/ozone/ozone/hadoop-ozone/integration-test/target/test-dir/MiniOzoneClusterImpl-8ae01b46-865b-4b2e-8bfc-774eabe7d98c/datanode-2/data/ratis/5c5561e6-15bb-4a2a-a599-4dc7c54e625a has been successfully formatted.
2022-08-14 01:44:46,922 [pool-240-thread-1] INFO  ratis.ContainerStateMachine (ContainerStateMachine.java:loadSnapshot(236)) - group-4DC7C54E625A: The snapshot info is null. Setting the last applied indexto:(t:0, i:~)
2022-08-14 01:44:46,922 [pool-240-thread-1] INFO  server.RaftServerConfigKeys (ConfUtils.java:logGet(46)) - raft.server.notification.no-leader.timeout = 300s (custom)
2022-08-14 01:44:46,922 [pool-240-thread-1] INFO  server.RaftServerConfigKeys (ConfUtils.java:logGet(46)) - raft.server.log.use.memory = false (default)
2022-08-14 01:44:46,922 [pool-240-thread-1] INFO  server.RaftServerConfigKeys (ConfUtils.java:logGet(46)) - raft.server.log.purge.gap = 1000000 (custom)
2022-08-14 01:44:46,922 [pool-240-thread-1] INFO  server.RaftServerConfigKeys (ConfUtils.java:logGet(46)) - raft.server.log.appender.buffer.byte-limit = 33554432 (custom)
2022-08-14 01:44:46,922 [pool-240-thread-1] INFO  server.RaftServerConfigKeys (ConfUtils.java:logGet(46)) - raft.server.log.statemachine.data.read.timeout = 1000ms (default)
2022-08-14 01:44:46,923 [pool-240-thread-1] INFO  server.RaftServerConfigKeys (ConfUtils.java:logGet(46)) - raft.server.log.segment.size.max = 1048576 (custom)
2022-08-14 01:44:46,924 [pool-240-thread-1] INFO  server.RaftServerConfigKeys (ConfUtils.java:logGet(46)) - raft.server.log.segment.cache.num.max = 2 (custom)
2022-08-14 01:44:46,924 [pool-240-thread-1] INFO  server.RaftServerConfigKeys (ConfUtils.java:logGet(46)) - raft.server.log.segment.cache.size.max = 200MB (=209715200) (default)
2022-08-14 01:44:46,924 [EventQueue-PipelineReportForPipelineReportHandler] INFO  pipeline.PipelineManagerImpl (PipelineManagerImpl.java:openPipeline(367)) - Pipeline Pipeline[ Id: 5c5561e6-15bb-4a2a-a599-4dc7c54e625a, Nodes: 937647e2-067d-42aa-a021-6dbfe1bbf122{ip: 127.0.0.1, host: localhost, ports: [REPLICATION=45291, RATIS=42293, RATIS_ADMIN=42293, RATIS_SERVER=42293, STANDALONE=39331], networkLocation: /default-rack, certSerialId: null, persistedOpState: IN_SERVICE, persistedOpStateExpiryEpochSec: 0}, ReplicationConfig: RATIS/ONE, State:ALLOCATED, leaderId:937647e2-067d-42aa-a021-6dbfe1bbf122, CreationTimestamp2022-08-14T01:44:43.921Z[Etc/UTC]] moved to OPEN state
2022-08-14 01:44:46,925 [EventQueue-PipelineReportForPipelineReportHandler] INFO  pipeline.PipelineManagerImpl (PipelineManagerImpl.java:openPipeline(367)) - Pipeline Pipeline[ Id: 5c5561e6-15bb-4a2a-a599-4dc7c54e625a, Nodes: 937647e2-067d-42aa-a021-6dbfe1bbf122{ip: 127.0.0.1, host: localhost, ports: [REPLICATION=45291, RATIS=42293, RATIS_ADMIN=42293, RATIS_SERVER=42293, STANDALONE=39331], networkLocation: /default-rack, certSerialId: null, persistedOpState: IN_SERVICE, persistedOpStateExpiryEpochSec: 0}, ReplicationConfig: RATIS/ONE, State:ALLOCATED, leaderId:937647e2-067d-42aa-a021-6dbfe1bbf122, CreationTimestamp2022-08-14T01:44:43.921Z[Etc/UTC]] moved to OPEN state
2022-08-14 01:44:46,925 [Listener at 127.0.0.1/45525] INFO  ozone.MiniOzoneClusterImpl (MiniOzoneClusterImpl.java:lambda$waitForClusterToBeReady$0(216)) - Nodes are ready. Got 3 of 3 DN Heartbeats.
2022-08-14 01:44:46,925 [Listener at 127.0.0.1/45525] INFO  ozone.MiniOzoneClusterImpl (MiniOzoneClusterImpl.java:lambda$waitForClusterToBeReady$0(219)) - Waiting for cluster to exit safe mode
2022-08-14 01:44:46,925 [Listener at 127.0.0.1/45525] INFO  ozone.MiniOzoneClusterImpl (MiniOzoneClusterImpl.java:lambda$waitForClusterToBeReady$0(221)) - SCM became leader
2022-08-14 01:44:46,926 [pool-240-thread-1] INFO  segmented.SegmentedRaftLogWorker (SegmentedRaftLogWorker.java:<init>(187)) - new 937647e2-067d-42aa-a021-6dbfe1bbf122@group-4DC7C54E625A-SegmentedRaftLogWorker for RaftStorageImpl:Storage Directory /home/runner/work/ozone/ozone/hadoop-ozone/integration-test/target/test-dir/MiniOzoneClusterImpl-8ae01b46-865b-4b2e-8bfc-774eabe7d98c/datanode-2/data/ratis/5c5561e6-15bb-4a2a-a599-4dc7c54e625a
2022-08-14 01:44:46,926 [pool-240-thread-1] INFO  server.RaftServerConfigKeys (ConfUtils.java:logGet(46)) - raft.server.log.queue.byte-limit = 4294967296 (custom)
2022-08-14 01:44:46,926 [pool-240-thread-1] INFO  server.RaftServerConfigKeys (ConfUtils.java:logGet(46)) - raft.server.log.queue.element-limit = 1024 (custom)
2022-08-14 01:44:46,926 [EventQueue-PipelineReportForPipelineReportHandler] INFO  pipeline.PipelineManagerImpl (PipelineManagerImpl.java:openPipeline(367)) - Pipeline Pipeline[ Id: 5c5561e6-15bb-4a2a-a599-4dc7c54e625a, Nodes: 937647e2-067d-42aa-a021-6dbfe1bbf122{ip: 127.0.0.1, host: localhost, ports: [REPLICATION=45291, RATIS=42293, RATIS_ADMIN=42293, RATIS_SERVER=42293, STANDALONE=39331], networkLocation: /default-rack, certSerialId: null, persistedOpState: IN_SERVICE, persistedOpStateExpiryEpochSec: 0}, ReplicationConfig: RATIS/ONE, State:ALLOCATED, leaderId:937647e2-067d-42aa-a021-6dbfe1bbf122, CreationTimestamp2022-08-14T01:44:43.921Z[Etc/UTC]] moved to OPEN state
2022-08-14 01:44:46,926 [pool-240-thread-1] INFO  server.RaftServerConfigKeys (ConfUtils.java:logGet(46)) - raft.server.log.segment.size.max = 1048576 (custom)
2022-08-14 01:44:46,931 [pool-240-thread-1] INFO  server.RaftServerConfigKeys (ConfUtils.java:logGet(46)) - raft.server.log.preallocated.size = 16384 (custom)
2022-08-14 01:44:46,932 [pool-240-thread-1] INFO  server.RaftServerConfigKeys (ConfUtils.java:logGet(46)) - raft.server.log.force.sync.num = 128 (default)
2022-08-14 01:44:46,932 [pool-240-thread-1] INFO  server.RaftServerConfigKeys (ConfUtils.java:logGet(46)) - raft.server.log.statemachine.data.sync = true (default)
2022-08-14 01:44:46,932 [pool-240-thread-1] INFO  server.RaftServerConfigKeys (ConfUtils.java:logGet(46)) - raft.server.log.statemachine.data.sync.timeout = 10s (default)
2022-08-14 01:44:46,932 [pool-240-thread-1] INFO  server.RaftServerConfigKeys (ConfUtils.java:logGet(46)) - raft.server.log.statemachine.data.sync.timeout.retry = -1 (default)
2022-08-14 01:44:46,932 [eb4f5392-52f7-4dd8-91fe-f5d2e1c8a0c0@group-774EABE7D98C-StateMachineUpdater] INFO  safemode.HealthyPipelineSafeModeRule (HealthyPipelineSafeModeRule.java:initializeRule(165)) - Refreshed total pipeline count is 0, healthy pipeline threshold count is 1
2022-08-14 01:44:46,934 [EventQueue-OpenPipelineForHealthyPipelineSafeModeRule] INFO  safemode.SCMSafeModeManager (HealthyPipelineSafeModeRule.java:process(137)) - SCM in safe mode. Healthy pipelines reported count is 0, required healthy pipeline reported count is 1
2022-08-14 01:44:46,938 [cf90fe62-f76e-4488-be8d-0c3b3445e4fe@group-774EABE7D98C-StateMachineUpdater] INFO  safemode.HealthyPipelineSafeModeRule (HealthyPipelineSafeModeRule.java:initializeRule(165)) - Refreshed total pipeline count is 0, healthy pipeline threshold count is 1
2022-08-14 01:44:46,939 [pool-240-thread-1] INFO  server.RaftServerConfigKeys (ConfUtils.java:logGet(46)) - raft.server.log.write.buffer.size = 1048576 (custom)
2022-08-14 01:44:46,940 [pool-240-thread-1] INFO  server.RaftServerConfigKeys (ConfUtils.java:logGet(46)) - raft.server.log.unsafe-flush.enabled = false (default)
2022-08-14 01:44:46,940 [pool-240-thread-1] INFO  server.RaftServerConfigKeys (ConfUtils.java:logGet(46)) - raft.server.log.statemachine.data.caching.enabled = true (custom)
2022-08-14 01:44:46,940 [pool-240-thread-1] INFO  segmented.SegmentedRaftLogWorker (SegmentedRaftLogWorker.java:lambda$new$0(135)) - 937647e2-067d-42aa-a021-6dbfe1bbf122@group-4DC7C54E625A-SegmentedRaftLogWorker: flushIndex: setUnconditionally 0 -> -1
2022-08-14 01:44:46,941 [03edee82-0664-4375-9f31-ace4c627e75e@group-774EABE7D98C-StateMachineUpdater] INFO  safemode.HealthyPipelineSafeModeRule (HealthyPipelineSafeModeRule.java:initializeRule(165)) - Refreshed total pipeline count is 0, healthy pipeline threshold count is 1
2022-08-14 01:44:46,941 [pool-240-thread-1] INFO  segmented.SegmentedRaftLogWorker (SegmentedRaftLogWorker.java:lambda$new$0(135)) - 937647e2-067d-42aa-a021-6dbfe1bbf122@group-4DC7C54E625A-SegmentedRaftLogWorker: safeCacheEvictIndex: setUnconditionally 0 -> -1
2022-08-14 01:44:46,942 [pool-240-thread-1] INFO  server.RaftServerConfigKeys (ConfUtils.java:logGet(46)) - raft.server.snapshot.auto.trigger.enabled = true (custom)
2022-08-14 01:44:46,942 [pool-240-thread-1] INFO  server.RaftServerConfigKeys (ConfUtils.java:logGet(46)) - raft.server.snapshot.auto.trigger.threshold = 10000 (custom)
2022-08-14 01:44:46,942 [pool-240-thread-1] INFO  server.RaftServerConfigKeys (ConfUtils.java:logGet(46)) - raft.server.snapshot.retention.file.num = 5 (custom)
2022-08-14 01:44:46,943 [pool-240-thread-1] INFO  server.RaftServerConfigKeys (ConfUtils.java:logGet(46)) - raft.server.log.purge.upto.snapshot.index = false (default)
2022-08-14 01:44:46,943 [pool-240-thread-1] INFO  server.RaftServerConfigKeys (ConfUtils.java:logGet(46)) - raft.server.retrycache.expirytime = 600000ms (custom)
2022-08-14 01:44:46,943 [pool-240-thread-1] INFO  server.RaftServerConfigKeys (ConfUtils.java:logGet(46)) - raft.server.retrycache.statistics.expirytime = 100μs (default)
2022-08-14 01:44:46,944 [pool-240-thread-1] INFO  server.RaftServerConfigKeys (ConfUtils.java:logGet(46)) - raft.server.log.appender.install.snapshot.enabled = false (custom)
2022-08-14 01:44:46,944 [pool-240-thread-1] INFO  server.RaftServerConfigKeys (ConfUtils.java:logGet(46)) - raft.server.threadpool.server.cached = true (default)
2022-08-14 01:44:46,944 [pool-240-thread-1] INFO  server.RaftServerConfigKeys (ConfUtils.java:logGet(46)) - raft.server.threadpool.server.size = 0 (default)
2022-08-14 01:44:46,944 [pool-240-thread-1] INFO  server.RaftServerConfigKeys (ConfUtils.java:logGet(46)) - raft.server.threadpool.client.cached = true (default)
2022-08-14 01:44:46,944 [pool-240-thread-1] INFO  server.RaftServerConfigKeys (ConfUtils.java:logGet(46)) - raft.server.threadpool.client.size = 0 (default)
2022-08-14 01:44:46,944 [pool-240-thread-1] INFO  server.RaftServer$Division (RaftServerImpl.java:start(310)) - 937647e2-067d-42aa-a021-6dbfe1bbf122@group-4DC7C54E625A: start as a follower, conf=-1: [937647e2-067d-42aa-a021-6dbfe1bbf122|rpc:127.0.0.1:42293|priority:1], old=null
2022-08-14 01:44:46,944 [pool-240-thread-1] INFO  server.RaftServer$Division (RaftServerImpl.java:setRole(299)) - 937647e2-067d-42aa-a021-6dbfe1bbf122@group-4DC7C54E625A: changes role from      null to FOLLOWER at term 0 for startAsFollower
2022-08-14 01:44:46,944 [pool-240-thread-1] INFO  impl.RoleInfo (RoleInfo.java:updateAndGet(139)) - 937647e2-067d-42aa-a021-6dbfe1bbf122: start 937647e2-067d-42aa-a021-6dbfe1bbf122@group-4DC7C54E625A-FollowerState
2022-08-14 01:44:46,945 [pool-240-thread-1] INFO  util.JmxRegister (JmxRegister.java:tryRegister(44)) - Successfully registered JMX Bean with object name Ratis:service=RaftServer,group=group-4DC7C54E625A,id=937647e2-067d-42aa-a021-6dbfe1bbf122
2022-08-14 01:44:46,945 [Command processor thread] INFO  ratis.XceiverServerRatis (XceiverServerRatis.java:addGroup(765)) - Created group PipelineID=5c5561e6-15bb-4a2a-a599-4dc7c54e625a
2022-08-14 01:44:46,945 [Command processor thread] INFO  commandhandler.CreatePipelineCommandHandler (CreatePipelineCommandHandler.java:handle(113)) - Created Pipeline RATIS ONE PipelineID=5c5561e6-15bb-4a2a-a599-4dc7c54e625a.
2022-08-14 01:44:47,926 [Listener at 127.0.0.1/45525] INFO  ozone.MiniOzoneClusterImpl (MiniOzoneClusterImpl.java:lambda$waitForClusterToBeReady$0(216)) - Nodes are ready. Got 3 of 3 DN Heartbeats.
2022-08-14 01:44:47,926 [Listener at 127.0.0.1/45525] INFO  ozone.MiniOzoneClusterImpl (MiniOzoneClusterImpl.java:lambda$waitForClusterToBeReady$0(219)) - Waiting for cluster to exit safe mode
2022-08-14 01:44:47,926 [Listener at 127.0.0.1/45525] INFO  ozone.MiniOzoneClusterImpl (MiniOzoneClusterImpl.java:lambda$waitForClusterToBeReady$0(221)) - SCM became leader
2022-08-14 01:44:48,926 [Listener at 127.0.0.1/45525] INFO  ozone.MiniOzoneClusterImpl (MiniOzoneClusterImpl.java:lambda$waitForClusterToBeReady$0(216)) - Nodes are ready. Got 3 of 3 DN Heartbeats.
2022-08-14 01:44:48,927 [Listener at 127.0.0.1/45525] INFO  ozone.MiniOzoneClusterImpl (MiniOzoneClusterImpl.java:lambda$waitForClusterToBeReady$0(219)) - Waiting for cluster to exit safe mode
2022-08-14 01:44:48,927 [Listener at 127.0.0.1/45525] INFO  ozone.MiniOzoneClusterImpl (MiniOzoneClusterImpl.java:lambda$waitForClusterToBeReady$0(221)) - SCM became leader
2022-08-14 01:44:49,927 [Listener at 127.0.0.1/45525] INFO  ozone.MiniOzoneClusterImpl (MiniOzoneClusterImpl.java:lambda$waitForClusterToBeReady$0(216)) - Nodes are ready. Got 3 of 3 DN Heartbeats.
2022-08-14 01:44:49,927 [Listener at 127.0.0.1/45525] INFO  ozone.MiniOzoneClusterImpl (MiniOzoneClusterImpl.java:lambda$waitForClusterToBeReady$0(219)) - Waiting for cluster to exit safe mode
2022-08-14 01:44:49,927 [Listener at 127.0.0.1/45525] INFO  ozone.MiniOzoneClusterImpl (MiniOzoneClusterImpl.java:lambda$waitForClusterToBeReady$0(221)) - SCM became leader
2022-08-14 01:44:50,927 [Listener at 127.0.0.1/45525] INFO  ozone.MiniOzoneClusterImpl (MiniOzoneClusterImpl.java:lambda$waitForClusterToBeReady$0(216)) - Nodes are ready. Got 3 of 3 DN Heartbeats.
2022-08-14 01:44:50,928 [Listener at 127.0.0.1/45525] INFO  ozone.MiniOzoneClusterImpl (MiniOzoneClusterImpl.java:lambda$waitForClusterToBeReady$0(219)) - Waiting for cluster to exit safe mode
2022-08-14 01:44:50,928 [Listener at 127.0.0.1/45525] INFO  ozone.MiniOzoneClusterImpl (MiniOzoneClusterImpl.java:lambda$waitForClusterToBeReady$0(221)) - SCM became leader
2022-08-14 01:44:51,204 [8222fa1d-6d96-4624-a383-c2b17e7dd66e@group-344A709C3956-FollowerState] INFO  impl.FollowerState (FollowerState.java:run(143)) - 8222fa1d-6d96-4624-a383-c2b17e7dd66e@group-344A709C3956-FollowerState: change to CANDIDATE, lastRpcElapsedTime:5005620802ns, electionTimeout:5003ms
2022-08-14 01:44:51,204 [8222fa1d-6d96-4624-a383-c2b17e7dd66e@group-344A709C3956-FollowerState] INFO  impl.RoleInfo (RoleInfo.java:shutdownFollowerState(110)) - 8222fa1d-6d96-4624-a383-c2b17e7dd66e: shutdown 8222fa1d-6d96-4624-a383-c2b17e7dd66e@group-344A709C3956-FollowerState
2022-08-14 01:44:51,204 [8222fa1d-6d96-4624-a383-c2b17e7dd66e@group-344A709C3956-FollowerState] INFO  server.RaftServer$Division (RaftServerImpl.java:setRole(299)) - 8222fa1d-6d96-4624-a383-c2b17e7dd66e@group-344A709C3956: changes role from  FOLLOWER to CANDIDATE at term 0 for changeToCandidate
2022-08-14 01:44:51,204 [8222fa1d-6d96-4624-a383-c2b17e7dd66e@group-344A709C3956-FollowerState] INFO  server.RaftServerConfigKeys (ConfUtils.java:logGet(46)) - raft.server.leaderelection.pre-vote = false (custom)
2022-08-14 01:44:51,204 [8222fa1d-6d96-4624-a383-c2b17e7dd66e@group-344A709C3956-FollowerState] INFO  impl.RoleInfo (RoleInfo.java:updateAndGet(139)) - 8222fa1d-6d96-4624-a383-c2b17e7dd66e: start 8222fa1d-6d96-4624-a383-c2b17e7dd66e@group-344A709C3956-LeaderElection7
2022-08-14 01:44:51,210 [8222fa1d-6d96-4624-a383-c2b17e7dd66e@group-344A709C3956-LeaderElection7] INFO  impl.LeaderElection (LeaderElection.java:askForVotes(310)) - 8222fa1d-6d96-4624-a383-c2b17e7dd66e@group-344A709C3956-LeaderElection7 ELECTION round 0: submit vote requests at term 1 for -1: [8222fa1d-6d96-4624-a383-c2b17e7dd66e|rpc:127.0.0.1:37911|priority:0, f124399b-2518-488d-bf7f-30c6c2e21956|rpc:127.0.0.1:37713|priority:0, 937647e2-067d-42aa-a021-6dbfe1bbf122|rpc:127.0.0.1:42293|priority:1], old=null
2022-08-14 01:44:51,226 [grpc-default-executor-1] INFO  server.RaftServer$Division (RaftServerImpl.java:requestVote(1152)) - f124399b-2518-488d-bf7f-30c6c2e21956@group-344A709C3956: receive requestVote(ELECTION, 8222fa1d-6d96-4624-a383-c2b17e7dd66e, group-344A709C3956, 1, (t:0, i:0))
2022-08-14 01:44:51,226 [grpc-default-executor-1] INFO  impl.VoteContext (VoteContext.java:log(48)) - f124399b-2518-488d-bf7f-30c6c2e21956@group-344A709C3956-FOLLOWER: accept ELECTION from 8222fa1d-6d96-4624-a383-c2b17e7dd66e: our priority 0 <= candidate's priority 0
2022-08-14 01:44:51,226 [grpc-default-executor-1] INFO  server.RaftServer$Division (RaftServerImpl.java:setRole(299)) - f124399b-2518-488d-bf7f-30c6c2e21956@group-344A709C3956: changes role from  FOLLOWER to FOLLOWER at term 1 for candidate:8222fa1d-6d96-4624-a383-c2b17e7dd66e
2022-08-14 01:44:51,227 [grpc-default-executor-1] INFO  impl.RoleInfo (RoleInfo.java:shutdownFollowerState(110)) - f124399b-2518-488d-bf7f-30c6c2e21956: shutdown f124399b-2518-488d-bf7f-30c6c2e21956@group-344A709C3956-FollowerState
2022-08-14 01:44:51,227 [f124399b-2518-488d-bf7f-30c6c2e21956@group-344A709C3956-FollowerState] INFO  impl.FollowerState (FollowerState.java:run(152)) - f124399b-2518-488d-bf7f-30c6c2e21956@group-344A709C3956-FollowerState was interrupted
2022-08-14 01:44:51,227 [grpc-default-executor-1] INFO  impl.RoleInfo (RoleInfo.java:updateAndGet(139)) - f124399b-2518-488d-bf7f-30c6c2e21956: start f124399b-2518-488d-bf7f-30c6c2e21956@group-344A709C3956-FollowerState
2022-08-14 01:44:51,237 [grpc-default-executor-0] INFO  server.RaftServer$Division (RaftServerImpl.java:requestVote(1152)) - 937647e2-067d-42aa-a021-6dbfe1bbf122@group-344A709C3956: receive requestVote(ELECTION, 8222fa1d-6d96-4624-a383-c2b17e7dd66e, group-344A709C3956, 1, (t:0, i:0))
2022-08-14 01:44:51,237 [grpc-default-executor-0] INFO  impl.VoteContext (VoteContext.java:log(48)) - 937647e2-067d-42aa-a021-6dbfe1bbf122@group-344A709C3956-FOLLOWER: reject ELECTION from 8222fa1d-6d96-4624-a383-c2b17e7dd66e: our priority 1 > candidate's priority 0
2022-08-14 01:44:51,237 [grpc-default-executor-0] INFO  server.RaftServer$Division (RaftServerImpl.java:setRole(299)) - 937647e2-067d-42aa-a021-6dbfe1bbf122@group-344A709C3956: changes role from  FOLLOWER to FOLLOWER at term 1 for candidate:8222fa1d-6d96-4624-a383-c2b17e7dd66e
2022-08-14 01:44:51,237 [grpc-default-executor-0] INFO  impl.RoleInfo (RoleInfo.java:shutdownFollowerState(110)) - 937647e2-067d-42aa-a021-6dbfe1bbf122: shutdown 937647e2-067d-42aa-a021-6dbfe1bbf122@group-344A709C3956-FollowerState
2022-08-14 01:44:51,237 [grpc-default-executor-1] INFO  server.RaftServer$Division (RaftServerImpl.java:requestVote(1184)) - f124399b-2518-488d-bf7f-30c6c2e21956@group-344A709C3956 replies to ELECTION vote request: 8222fa1d-6d96-4624-a383-c2b17e7dd66e<-f124399b-2518-488d-bf7f-30c6c2e21956#0:OK-t1. Peer's state: f124399b-2518-488d-bf7f-30c6c2e21956@group-344A709C3956:t1, leader=null, voted=8222fa1d-6d96-4624-a383-c2b17e7dd66e, raftlog=f124399b-2518-488d-bf7f-30c6c2e21956@group-344A709C3956-SegmentedRaftLog:OPENED:c-1, conf=-1: [8222fa1d-6d96-4624-a383-c2b17e7dd66e|rpc:127.0.0.1:37911|dataStream:|priority:0, f124399b-2518-488d-bf7f-30c6c2e21956|rpc:127.0.0.1:37713|dataStream:|priority:0, 937647e2-067d-42aa-a021-6dbfe1bbf122|rpc:127.0.0.1:42293|dataStream:|priority:1], old=null
2022-08-14 01:44:51,237 [937647e2-067d-42aa-a021-6dbfe1bbf122@group-344A709C3956-FollowerState] INFO  impl.FollowerState (FollowerState.java:run(152)) - 937647e2-067d-42aa-a021-6dbfe1bbf122@group-344A709C3956-FollowerState was interrupted
2022-08-14 01:44:51,237 [grpc-default-executor-0] INFO  impl.RoleInfo (RoleInfo.java:updateAndGet(139)) - 937647e2-067d-42aa-a021-6dbfe1bbf122: start 937647e2-067d-42aa-a021-6dbfe1bbf122@group-344A709C3956-FollowerState
2022-08-14 01:44:51,240 [grpc-default-executor-0] INFO  server.RaftServer$Division (RaftServerImpl.java:requestVote(1184)) - 937647e2-067d-42aa-a021-6dbfe1bbf122@group-344A709C3956 replies to ELECTION vote request: 8222fa1d-6d96-4624-a383-c2b17e7dd66e<-937647e2-067d-42aa-a021-6dbfe1bbf122#0:FAIL-t1. Peer's state: 937647e2-067d-42aa-a021-6dbfe1bbf122@group-344A709C3956:t1, leader=null, voted=null, raftlog=937647e2-067d-42aa-a021-6dbfe1bbf122@group-344A709C3956-SegmentedRaftLog:OPENED:c-1, conf=-1: [8222fa1d-6d96-4624-a383-c2b17e7dd66e|rpc:127.0.0.1:37911|dataStream:|priority:0, f124399b-2518-488d-bf7f-30c6c2e21956|rpc:127.0.0.1:37713|dataStream:|priority:0, 937647e2-067d-42aa-a021-6dbfe1bbf122|rpc:127.0.0.1:42293|dataStream:|priority:1], old=null
2022-08-14 01:44:51,242 [8222fa1d-6d96-4624-a383-c2b17e7dd66e@group-344A709C3956-LeaderElection7] INFO  impl.LeaderElection (LeaderElection.java:logAndReturn(90)) - 8222fa1d-6d96-4624-a383-c2b17e7dd66e@group-344A709C3956-LeaderElection7: ELECTION REJECTED received 2 response(s) and 0 exception(s):
2022-08-14 01:44:51,242 [8222fa1d-6d96-4624-a383-c2b17e7dd66e@group-344A709C3956-LeaderElection7] INFO  impl.LeaderElection (LeaderElection.java:logAndReturn(94)) -   Response 0: 8222fa1d-6d96-4624-a383-c2b17e7dd66e<-f124399b-2518-488d-bf7f-30c6c2e21956#0:OK-t1
2022-08-14 01:44:51,243 [8222fa1d-6d96-4624-a383-c2b17e7dd66e@group-344A709C3956-LeaderElection7] INFO  impl.LeaderElection (LeaderElection.java:logAndReturn(94)) -   Response 1: 8222fa1d-6d96-4624-a383-c2b17e7dd66e<-937647e2-067d-42aa-a021-6dbfe1bbf122#0:FAIL-t1
2022-08-14 01:44:51,243 [8222fa1d-6d96-4624-a383-c2b17e7dd66e@group-344A709C3956-LeaderElection7] INFO  impl.LeaderElection (LeaderElection.java:askForVotes(312)) - 8222fa1d-6d96-4624-a383-c2b17e7dd66e@group-344A709C3956-LeaderElection7 ELECTION round 0: result REJECTED
2022-08-14 01:44:51,243 [8222fa1d-6d96-4624-a383-c2b17e7dd66e@group-344A709C3956-LeaderElection7] INFO  server.RaftServer$Division (RaftServerImpl.java:setRole(299)) - 8222fa1d-6d96-4624-a383-c2b17e7dd66e@group-344A709C3956: changes role from CANDIDATE to FOLLOWER at term 1 for REJECTED
2022-08-14 01:44:51,243 [8222fa1d-6d96-4624-a383-c2b17e7dd66e@group-344A709C3956-LeaderElection7] INFO  impl.RoleInfo (RoleInfo.java:shutdownLeaderElection(130)) - 8222fa1d-6d96-4624-a383-c2b17e7dd66e: shutdown 8222fa1d-6d96-4624-a383-c2b17e7dd66e@group-344A709C3956-LeaderElection7
2022-08-14 01:44:51,243 [8222fa1d-6d96-4624-a383-c2b17e7dd66e@group-344A709C3956-LeaderElection7] INFO  impl.RoleInfo (RoleInfo.java:updateAndGet(139)) - 8222fa1d-6d96-4624-a383-c2b17e7dd66e: start 8222fa1d-6d96-4624-a383-c2b17e7dd66e@group-344A709C3956-FollowerState
2022-08-14 01:44:51,313 [8222fa1d-6d96-4624-a383-c2b17e7dd66e@group-B661A2DE151D-FollowerState] INFO  impl.FollowerState (FollowerState.java:run(143)) - 8222fa1d-6d96-4624-a383-c2b17e7dd66e@group-B661A2DE151D-FollowerState: change to CANDIDATE, lastRpcElapsedTime:5181177602ns, electionTimeout:5165ms
2022-08-14 01:44:51,313 [8222fa1d-6d96-4624-a383-c2b17e7dd66e@group-B661A2DE151D-FollowerState] INFO  impl.RoleInfo (RoleInfo.java:shutdownFollowerState(110)) - 8222fa1d-6d96-4624-a383-c2b17e7dd66e: shutdown 8222fa1d-6d96-4624-a383-c2b17e7dd66e@group-B661A2DE151D-FollowerState
2022-08-14 01:44:51,313 [8222fa1d-6d96-4624-a383-c2b17e7dd66e@group-B661A2DE151D-FollowerState] INFO  server.RaftServer$Division (RaftServerImpl.java:setRole(299)) - 8222fa1d-6d96-4624-a383-c2b17e7dd66e@group-B661A2DE151D: changes role from  FOLLOWER to CANDIDATE at term 0 for changeToCandidate
2022-08-14 01:44:51,313 [8222fa1d-6d96-4624-a383-c2b17e7dd66e@group-B661A2DE151D-FollowerState] INFO  server.RaftServerConfigKeys (ConfUtils.java:logGet(46)) - raft.server.leaderelection.pre-vote = false (custom)
2022-08-14 01:44:51,314 [8222fa1d-6d96-4624-a383-c2b17e7dd66e@group-B661A2DE151D-FollowerState] INFO  impl.RoleInfo (RoleInfo.java:updateAndGet(139)) - 8222fa1d-6d96-4624-a383-c2b17e7dd66e: start 8222fa1d-6d96-4624-a383-c2b17e7dd66e@group-B661A2DE151D-LeaderElection8
2022-08-14 01:44:51,317 [8222fa1d-6d96-4624-a383-c2b17e7dd66e@group-B661A2DE151D-LeaderElection8] INFO  impl.LeaderElection (LeaderElection.java:askForVotes(310)) - 8222fa1d-6d96-4624-a383-c2b17e7dd66e@group-B661A2DE151D-LeaderElection8 ELECTION round 0: submit vote requests at term 1 for -1: [8222fa1d-6d96-4624-a383-c2b17e7dd66e|rpc:127.0.0.1:37911|priority:1], old=null
2022-08-14 01:44:51,317 [8222fa1d-6d96-4624-a383-c2b17e7dd66e@group-B661A2DE151D-LeaderElection8] INFO  impl.LeaderElection (LeaderElection.java:askForVotes(312)) - 8222fa1d-6d96-4624-a383-c2b17e7dd66e@group-B661A2DE151D-LeaderElection8 ELECTION round 0: result PASSED (term=1)
2022-08-14 01:44:51,317 [8222fa1d-6d96-4624-a383-c2b17e7dd66e@group-B661A2DE151D-LeaderElection8] INFO  impl.RoleInfo (RoleInfo.java:shutdownLeaderElection(130)) - 8222fa1d-6d96-4624-a383-c2b17e7dd66e: shutdown 8222fa1d-6d96-4624-a383-c2b17e7dd66e@group-B661A2DE151D-LeaderElection8
2022-08-14 01:44:51,317 [8222fa1d-6d96-4624-a383-c2b17e7dd66e@group-B661A2DE151D-LeaderElection8] INFO  server.RaftServer$Division (RaftServerImpl.java:setRole(299)) - 8222fa1d-6d96-4624-a383-c2b17e7dd66e@group-B661A2DE151D: changes role from CANDIDATE to LEADER at term 1 for changeToLeader
2022-08-14 01:44:51,318 [8222fa1d-6d96-4624-a383-c2b17e7dd66e@group-B661A2DE151D-LeaderElection8] INFO  ratis.XceiverServerRatis (XceiverServerRatis.java:handleLeaderChangedNotification(863)) - Leader change notification received for group: group-B661A2DE151D with new leaderId: 8222fa1d-6d96-4624-a383-c2b17e7dd66e
2022-08-14 01:44:51,318 [8222fa1d-6d96-4624-a383-c2b17e7dd66e@group-B661A2DE151D-LeaderElection8] INFO  server.RaftServer$Division (ServerState.java:setLeader(287)) - 8222fa1d-6d96-4624-a383-c2b17e7dd66e@group-B661A2DE151D: change Leader from null to 8222fa1d-6d96-4624-a383-c2b17e7dd66e at term 1 for becomeLeader, leader elected after 5213ms
2022-08-14 01:44:51,318 [8222fa1d-6d96-4624-a383-c2b17e7dd66e@group-B661A2DE151D-LeaderElection8] INFO  server.RaftServerConfigKeys (ConfUtils.java:logGet(46)) - raft.server.staging.catchup.gap = 1000 (default)
2022-08-14 01:44:51,321 [EventQueue-OpenPipelineForHealthyPipelineSafeModeRule] INFO  safemode.SCMSafeModeManager (HealthyPipelineSafeModeRule.java:process(137)) - SCM in safe mode. Healthy pipelines reported count is 0, required healthy pipeline reported count is 1
2022-08-14 01:44:51,321 [8222fa1d-6d96-4624-a383-c2b17e7dd66e@group-B661A2DE151D-LeaderElection8] INFO  server.RaftServerConfigKeys (ConfUtils.java:logGet(46)) - raft.server.write.element-limit = 1024 (custom)
2022-08-14 01:44:51,321 [8222fa1d-6d96-4624-a383-c2b17e7dd66e@group-B661A2DE151D-LeaderElection8] INFO  server.RaftServerConfigKeys (ConfUtils.java:logGet(46)) - raft.server.write.byte-limit = 1024 M (=1073741824) (custom)
2022-08-14 01:44:51,322 [EventQueue-OpenPipelineForHealthyPipelineSafeModeRule] INFO  safemode.SCMSafeModeManager (HealthyPipelineSafeModeRule.java:process(137)) - SCM in safe mode. Healthy pipelines reported count is 0, required healthy pipeline reported count is 1
2022-08-14 01:44:51,322 [EventQueue-OpenPipelineForHealthyPipelineSafeModeRule] INFO  safemode.SCMSafeModeManager (HealthyPipelineSafeModeRule.java:process(137)) - SCM in safe mode. Healthy pipelines reported count is 0, required healthy pipeline reported count is 1
2022-08-14 01:44:51,322 [8222fa1d-6d96-4624-a383-c2b17e7dd66e@group-B661A2DE151D-LeaderElection8] INFO  server.RaftServerConfigKeys (ConfUtils.java:logGet(46)) - raft.server.watch.timeout = 180s (custom)
2022-08-14 01:44:51,323 [8222fa1d-6d96-4624-a383-c2b17e7dd66e@group-B661A2DE151D-LeaderElection8] INFO  server.RaftServerConfigKeys (ConfUtils.java:logGet(46)) - raft.server.watch.timeout.denomination = 1s (default)
2022-08-14 01:44:51,323 [8222fa1d-6d96-4624-a383-c2b17e7dd66e@group-B661A2DE151D-LeaderElection8] INFO  server.RaftServerConfigKeys (ConfUtils.java:logGet(46)) - raft.server.watch.element-limit = 65536 (default)
2022-08-14 01:44:51,323 [8222fa1d-6d96-4624-a383-c2b17e7dd66e@group-B661A2DE151D-LeaderElection8] INFO  server.RaftServerConfigKeys (ConfUtils.java:logGet(46)) - raft.server.write.element-limit = 1024 (custom)
2022-08-14 01:44:51,323 [8222fa1d-6d96-4624-a383-c2b17e7dd66e@group-B661A2DE151D-LeaderElection8] INFO  server.RaftServerConfigKeys (ConfUtils.java:logGet(46)) - raft.server.write.follower.gap.ratio.max = -1.0 (default)
2022-08-14 01:44:51,323 [8222fa1d-6d96-4624-a383-c2b17e7dd66e@group-B661A2DE151D-LeaderElection8] INFO  impl.RoleInfo (RoleInfo.java:updateAndGet(139)) - 8222fa1d-6d96-4624-a383-c2b17e7dd66e: start 8222fa1d-6d96-4624-a383-c2b17e7dd66e@group-B661A2DE151D-LeaderStateImpl
2022-08-14 01:44:51,323 [8222fa1d-6d96-4624-a383-c2b17e7dd66e@group-B661A2DE151D-LeaderElection8] INFO  segmented.SegmentedRaftLogWorker (SegmentedRaftLogWorker.java:startLogSegment(425)) - 8222fa1d-6d96-4624-a383-c2b17e7dd66e@group-B661A2DE151D-SegmentedRaftLogWorker: Starting segment from index:0
2022-08-14 01:44:51,325 [8222fa1d-6d96-4624-a383-c2b17e7dd66e@group-B661A2DE151D-LeaderElection8] INFO  server.RaftServer$Division (ServerState.java:setRaftConf(393)) - 8222fa1d-6d96-4624-a383-c2b17e7dd66e@group-B661A2DE151D: set configuration 0: [8222fa1d-6d96-4624-a383-c2b17e7dd66e|rpc:127.0.0.1:37911|dataStream:|priority:1], old=null
2022-08-14 01:44:51,326 [8222fa1d-6d96-4624-a383-c2b17e7dd66e@group-B661A2DE151D-SegmentedRaftLogWorker] INFO  segmented.SegmentedRaftLogWorker (SegmentedRaftLogWorker.java:execute(629)) - 8222fa1d-6d96-4624-a383-c2b17e7dd66e@group-B661A2DE151D-SegmentedRaftLogWorker: created new log segment /home/runner/work/ozone/ozone/hadoop-ozone/integration-test/target/test-dir/MiniOzoneClusterImpl-8ae01b46-865b-4b2e-8bfc-774eabe7d98c/datanode-0/data/ratis/175b6794-946f-4ad2-a020-b661a2de151d/current/log_inprogress_0
2022-08-14 01:44:51,471 [8222fa1d-6d96-4624-a383-c2b17e7dd66e@group-F49552B7F4B3-FollowerState] INFO  impl.FollowerState (FollowerState.java:run(143)) - 8222fa1d-6d96-4624-a383-c2b17e7dd66e@group-F49552B7F4B3-FollowerState: change to CANDIDATE, lastRpcElapsedTime:5080100002ns, electionTimeout:5079ms
2022-08-14 01:44:51,472 [8222fa1d-6d96-4624-a383-c2b17e7dd66e@group-F49552B7F4B3-FollowerState] INFO  impl.RoleInfo (RoleInfo.java:shutdownFollowerState(110)) - 8222fa1d-6d96-4624-a383-c2b17e7dd66e: shutdown 8222fa1d-6d96-4624-a383-c2b17e7dd66e@group-F49552B7F4B3-FollowerState
2022-08-14 01:44:51,472 [8222fa1d-6d96-4624-a383-c2b17e7dd66e@group-F49552B7F4B3-FollowerState] INFO  server.RaftServer$Division (RaftServerImpl.java:setRole(299)) - 8222fa1d-6d96-4624-a383-c2b17e7dd66e@group-F49552B7F4B3: changes role from  FOLLOWER to CANDIDATE at term 0 for changeToCandidate
2022-08-14 01:44:51,472 [8222fa1d-6d96-4624-a383-c2b17e7dd66e@group-F49552B7F4B3-FollowerState] INFO  server.RaftServerConfigKeys (ConfUtils.java:logGet(46)) - raft.server.leaderelection.pre-vote = false (custom)
2022-08-14 01:44:51,472 [8222fa1d-6d96-4624-a383-c2b17e7dd66e@group-F49552B7F4B3-FollowerState] INFO  impl.RoleInfo (RoleInfo.java:updateAndGet(139)) - 8222fa1d-6d96-4624-a383-c2b17e7dd66e: start 8222fa1d-6d96-4624-a383-c2b17e7dd66e@group-F49552B7F4B3-LeaderElection9
2022-08-14 01:44:51,477 [8222fa1d-6d96-4624-a383-c2b17e7dd66e@group-F49552B7F4B3-LeaderElection9] INFO  impl.LeaderElection (LeaderElection.java:askForVotes(310)) - 8222fa1d-6d96-4624-a383-c2b17e7dd66e@group-F49552B7F4B3-LeaderElection9 ELECTION round 0: submit vote requests at term 1 for -1: [8222fa1d-6d96-4624-a383-c2b17e7dd66e|rpc:127.0.0.1:37911|priority:0, f124399b-2518-488d-bf7f-30c6c2e21956|rpc:127.0.0.1:37713|priority:1, 937647e2-067d-42aa-a021-6dbfe1bbf122|rpc:127.0.0.1:42293|priority:0], old=null
2022-08-14 01:44:51,480 [grpc-default-executor-0] INFO  server.RaftServer$Division (RaftServerImpl.java:requestVote(1152)) - f124399b-2518-488d-bf7f-30c6c2e21956@group-F49552B7F4B3: receive requestVote(ELECTION, 8222fa1d-6d96-4624-a383-c2b17e7dd66e, group-F49552B7F4B3, 1, (t:0, i:0))
2022-08-14 01:44:51,481 [grpc-default-executor-0] INFO  impl.VoteContext (VoteContext.java:log(48)) - f124399b-2518-488d-bf7f-30c6c2e21956@group-F49552B7F4B3-FOLLOWER: reject ELECTION from 8222fa1d-6d96-4624-a383-c2b17e7dd66e: our priority 1 > candidate's priority 0
2022-08-14 01:44:51,481 [grpc-default-executor-0] INFO  server.RaftServer$Division (RaftServerImpl.java:setRole(299)) - f124399b-2518-488d-bf7f-30c6c2e21956@group-F49552B7F4B3: changes role from  FOLLOWER to FOLLOWER at term 1 for candidate:8222fa1d-6d96-4624-a383-c2b17e7dd66e
2022-08-14 01:44:51,481 [grpc-default-executor-0] INFO  impl.RoleInfo (RoleInfo.java:shutdownFollowerState(110)) - f124399b-2518-488d-bf7f-30c6c2e21956: shutdown f124399b-2518-488d-bf7f-30c6c2e21956@group-F49552B7F4B3-FollowerState
2022-08-14 01:44:51,481 [f124399b-2518-488d-bf7f-30c6c2e21956@group-F49552B7F4B3-FollowerState] INFO  impl.FollowerState (FollowerState.java:run(152)) - f124399b-2518-488d-bf7f-30c6c2e21956@group-F49552B7F4B3-FollowerState was interrupted
2022-08-14 01:44:51,481 [grpc-default-executor-0] INFO  impl.RoleInfo (RoleInfo.java:updateAndGet(139)) - f124399b-2518-488d-bf7f-30c6c2e21956: start f124399b-2518-488d-bf7f-30c6c2e21956@group-F49552B7F4B3-FollowerState
2022-08-14 01:44:51,486 [grpc-default-executor-1] INFO  server.RaftServer$Division (RaftServerImpl.java:requestVote(1152)) - 937647e2-067d-42aa-a021-6dbfe1bbf122@group-F49552B7F4B3: receive requestVote(ELECTION, 8222fa1d-6d96-4624-a383-c2b17e7dd66e, group-F49552B7F4B3, 1, (t:0, i:0))
2022-08-14 01:44:51,487 [grpc-default-executor-1] INFO  impl.VoteContext (VoteContext.java:log(48)) - 937647e2-067d-42aa-a021-6dbfe1bbf122@group-F49552B7F4B3-FOLLOWER: accept ELECTION from 8222fa1d-6d96-4624-a383-c2b17e7dd66e: our priority 0 <= candidate's priority 0
2022-08-14 01:44:51,487 [grpc-default-executor-1] INFO  server.RaftServer$Division (RaftServerImpl.java:setRole(299)) - 937647e2-067d-42aa-a021-6dbfe1bbf122@group-F49552B7F4B3: changes role from  FOLLOWER to FOLLOWER at term 1 for candidate:8222fa1d-6d96-4624-a383-c2b17e7dd66e
2022-08-14 01:44:51,487 [grpc-default-executor-1] INFO  impl.RoleInfo (RoleInfo.java:shutdownFollowerState(110)) - 937647e2-067d-42aa-a021-6dbfe1bbf122: shutdown 937647e2-067d-42aa-a021-6dbfe1bbf122@group-F49552B7F4B3-FollowerState
2022-08-14 01:44:51,487 [grpc-default-executor-1] INFO  impl.RoleInfo (RoleInfo.java:updateAndGet(139)) - 937647e2-067d-42aa-a021-6dbfe1bbf122: start 937647e2-067d-42aa-a021-6dbfe1bbf122@group-F49552B7F4B3-FollowerState
2022-08-14 01:44:51,487 [937647e2-067d-42aa-a021-6dbfe1bbf122@group-F49552B7F4B3-FollowerState] INFO  impl.FollowerState (FollowerState.java:run(152)) - 937647e2-067d-42aa-a021-6dbfe1bbf122@group-F49552B7F4B3-FollowerState was interrupted
2022-08-14 01:44:51,487 [grpc-default-executor-0] INFO  server.RaftServer$Division (RaftServerImpl.java:requestVote(1184)) - f124399b-2518-488d-bf7f-30c6c2e21956@group-F49552B7F4B3 replies to ELECTION vote request: 8222fa1d-6d96-4624-a383-c2b17e7dd66e<-f124399b-2518-488d-bf7f-30c6c2e21956#0:FAIL-t1. Peer's state: f124399b-2518-488d-bf7f-30c6c2e21956@group-F49552B7F4B3:t1, leader=null, voted=null, raftlog=f124399b-2518-488d-bf7f-30c6c2e21956@group-F49552B7F4B3-SegmentedRaftLog:OPENED:c-1, conf=-1: [8222fa1d-6d96-4624-a383-c2b17e7dd66e|rpc:127.0.0.1:37911|dataStream:|priority:0, f124399b-2518-488d-bf7f-30c6c2e21956|rpc:127.0.0.1:37713|dataStream:|priority:1, 937647e2-067d-42aa-a021-6dbfe1bbf122|rpc:127.0.0.1:42293|dataStream:|priority:0], old=null
2022-08-14 01:44:51,489 [grpc-default-executor-1] INFO  server.RaftServer$Division (RaftServerImpl.java:requestVote(1184)) - 937647e2-067d-42aa-a021-6dbfe1bbf122@group-F49552B7F4B3 replies to ELECTION vote request: 8222fa1d-6d96-4624-a383-c2b17e7dd66e<-937647e2-067d-42aa-a021-6dbfe1bbf122#0:OK-t1. Peer's state: 937647e2-067d-42aa-a021-6dbfe1bbf122@group-F49552B7F4B3:t1, leader=null, voted=8222fa1d-6d96-4624-a383-c2b17e7dd66e, raftlog=937647e2-067d-42aa-a021-6dbfe1bbf122@group-F49552B7F4B3-SegmentedRaftLog:OPENED:c-1, conf=-1: [8222fa1d-6d96-4624-a383-c2b17e7dd66e|rpc:127.0.0.1:37911|dataStream:|priority:0, f124399b-2518-488d-bf7f-30c6c2e21956|rpc:127.0.0.1:37713|dataStream:|priority:1, 937647e2-067d-42aa-a021-6dbfe1bbf122|rpc:127.0.0.1:42293|dataStream:|priority:0], old=null
2022-08-14 01:44:51,492 [8222fa1d-6d96-4624-a383-c2b17e7dd66e@group-F49552B7F4B3-LeaderElection9] INFO  impl.LeaderElection (LeaderElection.java:logAndReturn(90)) - 8222fa1d-6d96-4624-a383-c2b17e7dd66e@group-F49552B7F4B3-LeaderElection9: ELECTION REJECTED received 2 response(s) and 0 exception(s):
2022-08-14 01:44:51,492 [8222fa1d-6d96-4624-a383-c2b17e7dd66e@group-F49552B7F4B3-LeaderElection9] INFO  impl.LeaderElection (LeaderElection.java:logAndReturn(94)) -   Response 0: 8222fa1d-6d96-4624-a383-c2b17e7dd66e<-f124399b-2518-488d-bf7f-30c6c2e21956#0:FAIL-t1
2022-08-14 01:44:51,492 [8222fa1d-6d96-4624-a383-c2b17e7dd66e@group-F49552B7F4B3-LeaderElection9] INFO  impl.LeaderElection (LeaderElection.java:logAndReturn(94)) -   Response 1: 8222fa1d-6d96-4624-a383-c2b17e7dd66e<-937647e2-067d-42aa-a021-6dbfe1bbf122#0:OK-t1
2022-08-14 01:44:51,492 [8222fa1d-6d96-4624-a383-c2b17e7dd66e@group-F49552B7F4B3-LeaderElection9] INFO  impl.LeaderElection (LeaderElection.java:askForVotes(312)) - 8222fa1d-6d96-4624-a383-c2b17e7dd66e@group-F49552B7F4B3-LeaderElection9 ELECTION round 0: result REJECTED
2022-08-14 01:44:51,493 [8222fa1d-6d96-4624-a383-c2b17e7dd66e@group-F49552B7F4B3-LeaderElection9] INFO  server.RaftServer$Division (RaftServerImpl.java:setRole(299)) - 8222fa1d-6d96-4624-a383-c2b17e7dd66e@group-F49552B7F4B3: changes role from CANDIDATE to FOLLOWER at term 1 for REJECTED
2022-08-14 01:44:51,493 [8222fa1d-6d96-4624-a383-c2b17e7dd66e@group-F49552B7F4B3-LeaderElection9] INFO  impl.RoleInfo (RoleInfo.java:shutdownLeaderElection(130)) - 8222fa1d-6d96-4624-a383-c2b17e7dd66e: shutdown 8222fa1d-6d96-4624-a383-c2b17e7dd66e@group-F49552B7F4B3-LeaderElection9
2022-08-14 01:44:51,493 [8222fa1d-6d96-4624-a383-c2b17e7dd66e@group-F49552B7F4B3-LeaderElection9] INFO  impl.RoleInfo (RoleInfo.java:updateAndGet(139)) - 8222fa1d-6d96-4624-a383-c2b17e7dd66e: start 8222fa1d-6d96-4624-a383-c2b17e7dd66e@group-F49552B7F4B3-FollowerState
2022-08-14 01:44:51,633 [f124399b-2518-488d-bf7f-30c6c2e21956@group-7CD51F85749F-FollowerState] INFO  impl.FollowerState (FollowerState.java:run(143)) - f124399b-2518-488d-bf7f-30c6c2e21956@group-7CD51F85749F-FollowerState: change to CANDIDATE, lastRpcElapsedTime:5017936702ns, electionTimeout:5016ms
2022-08-14 01:44:51,634 [f124399b-2518-488d-bf7f-30c6c2e21956@group-7CD51F85749F-FollowerState] INFO  impl.RoleInfo (RoleInfo.java:shutdownFollowerState(110)) - f124399b-2518-488d-bf7f-30c6c2e21956: shutdown f124399b-2518-488d-bf7f-30c6c2e21956@group-7CD51F85749F-FollowerState
2022-08-14 01:44:51,634 [f124399b-2518-488d-bf7f-30c6c2e21956@group-7CD51F85749F-FollowerState] INFO  server.RaftServer$Division (RaftServerImpl.java:setRole(299)) - f124399b-2518-488d-bf7f-30c6c2e21956@group-7CD51F85749F: changes role from  FOLLOWER to CANDIDATE at term 0 for changeToCandidate
2022-08-14 01:44:51,634 [f124399b-2518-488d-bf7f-30c6c2e21956@group-7CD51F85749F-FollowerState] INFO  server.RaftServerConfigKeys (ConfUtils.java:logGet(46)) - raft.server.leaderelection.pre-vote = false (custom)
2022-08-14 01:44:51,634 [f124399b-2518-488d-bf7f-30c6c2e21956@group-7CD51F85749F-FollowerState] INFO  impl.RoleInfo (RoleInfo.java:updateAndGet(139)) - f124399b-2518-488d-bf7f-30c6c2e21956: start f124399b-2518-488d-bf7f-30c6c2e21956@group-7CD51F85749F-LeaderElection10
2022-08-14 01:44:51,639 [f124399b-2518-488d-bf7f-30c6c2e21956@group-7CD51F85749F-LeaderElection10] INFO  impl.LeaderElection (LeaderElection.java:askForVotes(310)) - f124399b-2518-488d-bf7f-30c6c2e21956@group-7CD51F85749F-LeaderElection10 ELECTION round 0: submit vote requests at term 1 for -1: [f124399b-2518-488d-bf7f-30c6c2e21956|rpc:127.0.0.1:37713|priority:1], old=null
2022-08-14 01:44:51,639 [f124399b-2518-488d-bf7f-30c6c2e21956@group-7CD51F85749F-LeaderElection10] INFO  impl.LeaderElection (LeaderElection.java:askForVotes(312)) - f124399b-2518-488d-bf7f-30c6c2e21956@group-7CD51F85749F-LeaderElection10 ELECTION round 0: result PASSED (term=1)
2022-08-14 01:44:51,639 [f124399b-2518-488d-bf7f-30c6c2e21956@group-7CD51F85749F-LeaderElection10] INFO  impl.RoleInfo (RoleInfo.java:shutdownLeaderElection(130)) - f124399b-2518-488d-bf7f-30c6c2e21956: shutdown f124399b-2518-488d-bf7f-30c6c2e21956@group-7CD51F85749F-LeaderElection10
2022-08-14 01:44:51,639 [f124399b-2518-488d-bf7f-30c6c2e21956@group-7CD51F85749F-LeaderElection10] INFO  server.RaftServer$Division (RaftServerImpl.java:setRole(299)) - f124399b-2518-488d-bf7f-30c6c2e21956@group-7CD51F85749F: changes role from CANDIDATE to LEADER at term 1 for changeToLeader
2022-08-14 01:44:51,639 [f124399b-2518-488d-bf7f-30c6c2e21956@group-7CD51F85749F-LeaderElection10] INFO  ratis.XceiverServerRatis (XceiverServerRatis.java:handleLeaderChangedNotification(863)) - Leader change notification received for group: group-7CD51F85749F with new leaderId: f124399b-2518-488d-bf7f-30c6c2e21956
2022-08-14 01:44:51,639 [f124399b-2518-488d-bf7f-30c6c2e21956@group-7CD51F85749F-LeaderElection10] INFO  server.RaftServer$Division (ServerState.java:setLeader(287)) - f124399b-2518-488d-bf7f-30c6c2e21956@group-7CD51F85749F: change Leader from null to f124399b-2518-488d-bf7f-30c6c2e21956 at term 1 for becomeLeader, leader elected after 5043ms
2022-08-14 01:44:51,639 [f124399b-2518-488d-bf7f-30c6c2e21956@group-7CD51F85749F-LeaderElection10] INFO  server.RaftServerConfigKeys (ConfUtils.java:logGet(46)) - raft.server.staging.catchup.gap = 1000 (default)
2022-08-14 01:44:51,640 [f124399b-2518-488d-bf7f-30c6c2e21956@group-7CD51F85749F-LeaderElection10] INFO  server.RaftServerConfigKeys (ConfUtils.java:logGet(46)) - raft.server.write.element-limit = 1024 (custom)
2022-08-14 01:44:51,640 [f124399b-2518-488d-bf7f-30c6c2e21956@group-7CD51F85749F-LeaderElection10] INFO  server.RaftServerConfigKeys (ConfUtils.java:logGet(46)) - raft.server.write.byte-limit = 1024 M (=1073741824) (custom)
2022-08-14 01:44:51,641 [EventQueue-OpenPipelineForHealthyPipelineSafeModeRule] INFO  safemode.SCMSafeModeManager (HealthyPipelineSafeModeRule.java:process(137)) - SCM in safe mode. Healthy pipelines reported count is 0, required healthy pipeline reported count is 1
2022-08-14 01:44:51,641 [EventQueue-OpenPipelineForHealthyPipelineSafeModeRule] INFO  safemode.SCMSafeModeManager (HealthyPipelineSafeModeRule.java:process(137)) - SCM in safe mode. Healthy pipelines reported count is 0, required healthy pipeline reported count is 1
2022-08-14 01:44:51,642 [f124399b-2518-488d-bf7f-30c6c2e21956@group-7CD51F85749F-LeaderElection10] INFO  server.RaftServerConfigKeys (ConfUtils.java:logGet(46)) - raft.server.watch.timeout = 180s (custom)
2022-08-14 01:44:51,642 [f124399b-2518-488d-bf7f-30c6c2e21956@group-7CD51F85749F-LeaderElection10] INFO  server.RaftServerConfigKeys (ConfUtils.java:logGet(46)) - raft.server.watch.timeout.denomination = 1s (default)
2022-08-14 01:44:51,642 [f124399b-2518-488d-bf7f-30c6c2e21956@group-7CD51F85749F-LeaderElection10] INFO  server.RaftServerConfigKeys (ConfUtils.java:logGet(46)) - raft.server.watch.element-limit = 65536 (default)
2022-08-14 01:44:51,642 [f124399b-2518-488d-bf7f-30c6c2e21956@group-7CD51F85749F-LeaderElection10] INFO  server.RaftServerConfigKeys (ConfUtils.java:logGet(46)) - raft.server.write.element-limit = 1024 (custom)
2022-08-14 01:44:51,642 [f124399b-2518-488d-bf7f-30c6c2e21956@group-7CD51F85749F-LeaderElection10] INFO  server.RaftServerConfigKeys (ConfUtils.java:logGet(46)) - raft.server.write.follower.gap.ratio.max = -1.0 (default)
2022-08-14 01:44:51,642 [f124399b-2518-488d-bf7f-30c6c2e21956@group-7CD51F85749F-LeaderElection10] INFO  impl.RoleInfo (RoleInfo.java:updateAndGet(139)) - f124399b-2518-488d-bf7f-30c6c2e21956: start f124399b-2518-488d-bf7f-30c6c2e21956@group-7CD51F85749F-LeaderStateImpl
2022-08-14 01:44:51,642 [EventQueue-OpenPipelineForHealthyPipelineSafeModeRule] INFO  safemode.SCMSafeModeManager (HealthyPipelineSafeModeRule.java:process(137)) - SCM in safe mode. Healthy pipelines reported count is 0, required healthy pipeline reported count is 1
2022-08-14 01:44:51,643 [f124399b-2518-488d-bf7f-30c6c2e21956@group-7CD51F85749F-LeaderElection10] INFO  segmented.SegmentedRaftLogWorker (SegmentedRaftLogWorker.java:startLogSegment(425)) - f124399b-2518-488d-bf7f-30c6c2e21956@group-7CD51F85749F-SegmentedRaftLogWorker: Starting segment from index:0
2022-08-14 01:44:51,645 [f124399b-2518-488d-bf7f-30c6c2e21956@group-7CD51F85749F-SegmentedRaftLogWorker] INFO  segmented.SegmentedRaftLogWorker (SegmentedRaftLogWorker.java:execute(629)) - f124399b-2518-488d-bf7f-30c6c2e21956@group-7CD51F85749F-SegmentedRaftLogWorker: created new log segment /home/runner/work/ozone/ozone/hadoop-ozone/integration-test/target/test-dir/MiniOzoneClusterImpl-8ae01b46-865b-4b2e-8bfc-774eabe7d98c/datanode-1/data/ratis/b0af5cba-079f-4b7a-9aed-7cd51f85749f/current/log_inprogress_0
2022-08-14 01:44:51,645 [f124399b-2518-488d-bf7f-30c6c2e21956@group-7CD51F85749F-LeaderElection10] INFO  server.RaftServer$Division (ServerState.java:setRaftConf(393)) - f124399b-2518-488d-bf7f-30c6c2e21956@group-7CD51F85749F: set configuration 0: [f124399b-2518-488d-bf7f-30c6c2e21956|rpc:127.0.0.1:37713|dataStream:|priority:1], old=null
2022-08-14 01:44:51,928 [Listener at 127.0.0.1/45525] INFO  ozone.MiniOzoneClusterImpl (MiniOzoneClusterImpl.java:lambda$waitForClusterToBeReady$0(216)) - Nodes are ready. Got 3 of 3 DN Heartbeats.
2022-08-14 01:44:51,928 [Listener at 127.0.0.1/45525] INFO  ozone.MiniOzoneClusterImpl (MiniOzoneClusterImpl.java:lambda$waitForClusterToBeReady$0(219)) - Waiting for cluster to exit safe mode
2022-08-14 01:44:51,928 [Listener at 127.0.0.1/45525] INFO  ozone.MiniOzoneClusterImpl (MiniOzoneClusterImpl.java:lambda$waitForClusterToBeReady$0(221)) - SCM became leader
2022-08-14 01:44:52,023 [937647e2-067d-42aa-a021-6dbfe1bbf122@group-4DC7C54E625A-FollowerState] INFO  impl.FollowerState (FollowerState.java:run(143)) - 937647e2-067d-42aa-a021-6dbfe1bbf122@group-4DC7C54E625A-FollowerState: change to CANDIDATE, lastRpcElapsedTime:5078914502ns, electionTimeout:5078ms
2022-08-14 01:44:52,024 [937647e2-067d-42aa-a021-6dbfe1bbf122@group-4DC7C54E625A-FollowerState] INFO  impl.RoleInfo (RoleInfo.java:shutdownFollowerState(110)) - 937647e2-067d-42aa-a021-6dbfe1bbf122: shutdown 937647e2-067d-42aa-a021-6dbfe1bbf122@group-4DC7C54E625A-FollowerState
2022-08-14 01:44:52,024 [937647e2-067d-42aa-a021-6dbfe1bbf122@group-4DC7C54E625A-FollowerState] INFO  server.RaftServer$Division (RaftServerImpl.java:setRole(299)) - 937647e2-067d-42aa-a021-6dbfe1bbf122@group-4DC7C54E625A: changes role from  FOLLOWER to CANDIDATE at term 0 for changeToCandidate
2022-08-14 01:44:52,024 [937647e2-067d-42aa-a021-6dbfe1bbf122@group-4DC7C54E625A-FollowerState] INFO  server.RaftServerConfigKeys (ConfUtils.java:logGet(46)) - raft.server.leaderelection.pre-vote = false (custom)
2022-08-14 01:44:52,024 [937647e2-067d-42aa-a021-6dbfe1bbf122@group-4DC7C54E625A-FollowerState] INFO  impl.RoleInfo (RoleInfo.java:updateAndGet(139)) - 937647e2-067d-42aa-a021-6dbfe1bbf122: start 937647e2-067d-42aa-a021-6dbfe1bbf122@group-4DC7C54E625A-LeaderElection11
2022-08-14 01:44:52,029 [937647e2-067d-42aa-a021-6dbfe1bbf122@group-4DC7C54E625A-LeaderElection11] INFO  impl.LeaderElection (LeaderElection.java:askForVotes(310)) - 937647e2-067d-42aa-a021-6dbfe1bbf122@group-4DC7C54E625A-LeaderElection11 ELECTION round 0: submit vote requests at term 1 for -1: [937647e2-067d-42aa-a021-6dbfe1bbf122|rpc:127.0.0.1:42293|priority:1], old=null
2022-08-14 01:44:52,029 [937647e2-067d-42aa-a021-6dbfe1bbf122@group-4DC7C54E625A-LeaderElection11] INFO  impl.LeaderElection (LeaderElection.java:askForVotes(312)) - 937647e2-067d-42aa-a021-6dbfe1bbf122@group-4DC7C54E625A-LeaderElection11 ELECTION round 0: result PASSED (term=1)
2022-08-14 01:44:52,029 [937647e2-067d-42aa-a021-6dbfe1bbf122@group-4DC7C54E625A-LeaderElection11] INFO  impl.RoleInfo (RoleInfo.java:shutdownLeaderElection(130)) - 937647e2-067d-42aa-a021-6dbfe1bbf122: shutdown 937647e2-067d-42aa-a021-6dbfe1bbf122@group-4DC7C54E625A-LeaderElection11
2022-08-14 01:44:52,029 [937647e2-067d-42aa-a021-6dbfe1bbf122@group-4DC7C54E625A-LeaderElection11] INFO  server.RaftServer$Division (RaftServerImpl.java:setRole(299)) - 937647e2-067d-42aa-a021-6dbfe1bbf122@group-4DC7C54E625A: changes role from CANDIDATE to LEADER at term 1 for changeToLeader
2022-08-14 01:44:52,029 [937647e2-067d-42aa-a021-6dbfe1bbf122@group-4DC7C54E625A-LeaderElection11] INFO  ratis.XceiverServerRatis (XceiverServerRatis.java:handleLeaderChangedNotification(863)) - Leader change notification received for group: group-4DC7C54E625A with new leaderId: 937647e2-067d-42aa-a021-6dbfe1bbf122
2022-08-14 01:44:52,029 [937647e2-067d-42aa-a021-6dbfe1bbf122@group-4DC7C54E625A-LeaderElection11] INFO  server.RaftServer$Division (ServerState.java:setLeader(287)) - 937647e2-067d-42aa-a021-6dbfe1bbf122@group-4DC7C54E625A: change Leader from null to 937647e2-067d-42aa-a021-6dbfe1bbf122 at term 1 for becomeLeader, leader elected after 5107ms
2022-08-14 01:44:52,029 [937647e2-067d-42aa-a021-6dbfe1bbf122@group-4DC7C54E625A-LeaderElection11] INFO  server.RaftServerConfigKeys (ConfUtils.java:logGet(46)) - raft.server.staging.catchup.gap = 1000 (default)
2022-08-14 01:44:52,032 [EventQueue-OpenPipelineForHealthyPipelineSafeModeRule] INFO  safemode.SCMSafeModeManager (HealthyPipelineSafeModeRule.java:process(137)) - SCM in safe mode. Healthy pipelines reported count is 0, required healthy pipeline reported count is 1
2022-08-14 01:44:52,032 [EventQueue-OpenPipelineForHealthyPipelineSafeModeRule] INFO  safemode.SCMSafeModeManager (HealthyPipelineSafeModeRule.java:process(137)) - SCM in safe mode. Healthy pipelines reported count is 0, required healthy pipeline reported count is 1
2022-08-14 01:44:52,032 [EventQueue-OpenPipelineForHealthyPipelineSafeModeRule] INFO  safemode.SCMSafeModeManager (HealthyPipelineSafeModeRule.java:process(137)) - SCM in safe mode. Healthy pipelines reported count is 0, required healthy pipeline reported count is 1
2022-08-14 01:44:52,034 [937647e2-067d-42aa-a021-6dbfe1bbf122@group-4DC7C54E625A-LeaderElection11] INFO  server.RaftServerConfigKeys (ConfUtils.java:logGet(46)) - raft.server.write.element-limit = 1024 (custom)
2022-08-14 01:44:52,034 [937647e2-067d-42aa-a021-6dbfe1bbf122@group-4DC7C54E625A-LeaderElection11] INFO  server.RaftServerConfigKeys (ConfUtils.java:logGet(46)) - raft.server.write.byte-limit = 1024 M (=1073741824) (custom)
2022-08-14 01:44:52,034 [937647e2-067d-42aa-a021-6dbfe1bbf122@group-4DC7C54E625A-LeaderElection11] INFO  server.RaftServerConfigKeys (ConfUtils.java:logGet(46)) - raft.server.watch.timeout = 180s (custom)
2022-08-14 01:44:52,034 [937647e2-067d-42aa-a021-6dbfe1bbf122@group-4DC7C54E625A-LeaderElection11] INFO  server.RaftServerConfigKeys (ConfUtils.java:logGet(46)) - raft.server.watch.timeout.denomination = 1s (default)
2022-08-14 01:44:52,034 [937647e2-067d-42aa-a021-6dbfe1bbf122@group-4DC7C54E625A-LeaderElection11] INFO  server.RaftServerConfigKeys (ConfUtils.java:logGet(46)) - raft.server.watch.element-limit = 65536 (default)
2022-08-14 01:44:52,035 [937647e2-067d-42aa-a021-6dbfe1bbf122@group-4DC7C54E625A-LeaderElection11] INFO  server.RaftServerConfigKeys (ConfUtils.java:logGet(46)) - raft.server.write.element-limit = 1024 (custom)
2022-08-14 01:44:52,035 [937647e2-067d-42aa-a021-6dbfe1bbf122@group-4DC7C54E625A-LeaderElection11] INFO  server.RaftServerConfigKeys (ConfUtils.java:logGet(46)) - raft.server.write.follower.gap.ratio.max = -1.0 (default)
2022-08-14 01:44:52,035 [937647e2-067d-42aa-a021-6dbfe1bbf122@group-4DC7C54E625A-LeaderElection11] INFO  impl.RoleInfo (RoleInfo.java:updateAndGet(139)) - 937647e2-067d-42aa-a021-6dbfe1bbf122: start 937647e2-067d-42aa-a021-6dbfe1bbf122@group-4DC7C54E625A-LeaderStateImpl
2022-08-14 01:44:52,035 [937647e2-067d-42aa-a021-6dbfe1bbf122@group-4DC7C54E625A-LeaderElection11] INFO  segmented.SegmentedRaftLogWorker (SegmentedRaftLogWorker.java:startLogSegment(425)) - 937647e2-067d-42aa-a021-6dbfe1bbf122@group-4DC7C54E625A-SegmentedRaftLogWorker: Starting segment from index:0
2022-08-14 01:44:52,037 [937647e2-067d-42aa-a021-6dbfe1bbf122@group-4DC7C54E625A-SegmentedRaftLogWorker] INFO  segmented.SegmentedRaftLogWorker (SegmentedRaftLogWorker.java:execute(629)) - 937647e2-067d-42aa-a021-6dbfe1bbf122@group-4DC7C54E625A-SegmentedRaftLogWorker: created new log segment /home/runner/work/ozone/ozone/hadoop-ozone/integration-test/target/test-dir/MiniOzoneClusterImpl-8ae01b46-865b-4b2e-8bfc-774eabe7d98c/datanode-2/data/ratis/5c5561e6-15bb-4a2a-a599-4dc7c54e625a/current/log_inprogress_0
2022-08-14 01:44:52,037 [937647e2-067d-42aa-a021-6dbfe1bbf122@group-4DC7C54E625A-LeaderElection11] INFO  server.RaftServer$Division (ServerState.java:setRaftConf(393)) - 937647e2-067d-42aa-a021-6dbfe1bbf122@group-4DC7C54E625A: set configuration 0: [937647e2-067d-42aa-a021-6dbfe1bbf122|rpc:127.0.0.1:42293|dataStream:|priority:1], old=null
2022-08-14 01:44:52,928 [Listener at 127.0.0.1/45525] INFO  ozone.MiniOzoneClusterImpl (MiniOzoneClusterImpl.java:lambda$waitForClusterToBeReady$0(216)) - Nodes are ready. Got 3 of 3 DN Heartbeats.
2022-08-14 01:44:52,929 [Listener at 127.0.0.1/45525] INFO  ozone.MiniOzoneClusterImpl (MiniOzoneClusterImpl.java:lambda$waitForClusterToBeReady$0(219)) - Waiting for cluster to exit safe mode
2022-08-14 01:44:52,929 [Listener at 127.0.0.1/45525] INFO  ozone.MiniOzoneClusterImpl (MiniOzoneClusterImpl.java:lambda$waitForClusterToBeReady$0(221)) - SCM became leader
2022-08-14 01:44:53,929 [Listener at 127.0.0.1/45525] INFO  ozone.MiniOzoneClusterImpl (MiniOzoneClusterImpl.java:lambda$waitForClusterToBeReady$0(216)) - Nodes are ready. Got 3 of 3 DN Heartbeats.
2022-08-14 01:44:53,929 [Listener at 127.0.0.1/45525] INFO  ozone.MiniOzoneClusterImpl (MiniOzoneClusterImpl.java:lambda$waitForClusterToBeReady$0(219)) - Waiting for cluster to exit safe mode
2022-08-14 01:44:53,929 [Listener at 127.0.0.1/45525] INFO  ozone.MiniOzoneClusterImpl (MiniOzoneClusterImpl.java:lambda$waitForClusterToBeReady$0(221)) - SCM became leader
2022-08-14 01:44:54,930 [Listener at 127.0.0.1/45525] INFO  ozone.MiniOzoneClusterImpl (MiniOzoneClusterImpl.java:lambda$waitForClusterToBeReady$0(216)) - Nodes are ready. Got 3 of 3 DN Heartbeats.
2022-08-14 01:44:54,930 [Listener at 127.0.0.1/45525] INFO  ozone.MiniOzoneClusterImpl (MiniOzoneClusterImpl.java:lambda$waitForClusterToBeReady$0(219)) - Waiting for cluster to exit safe mode
2022-08-14 01:44:54,930 [Listener at 127.0.0.1/45525] INFO  ozone.MiniOzoneClusterImpl (MiniOzoneClusterImpl.java:lambda$waitForClusterToBeReady$0(221)) - SCM became leader
2022-08-14 01:44:55,930 [Listener at 127.0.0.1/45525] INFO  ozone.MiniOzoneClusterImpl (MiniOzoneClusterImpl.java:lambda$waitForClusterToBeReady$0(216)) - Nodes are ready. Got 3 of 3 DN Heartbeats.
2022-08-14 01:44:55,931 [Listener at 127.0.0.1/45525] INFO  ozone.MiniOzoneClusterImpl (MiniOzoneClusterImpl.java:lambda$waitForClusterToBeReady$0(219)) - Waiting for cluster to exit safe mode
2022-08-14 01:44:55,931 [Listener at 127.0.0.1/45525] INFO  ozone.MiniOzoneClusterImpl (MiniOzoneClusterImpl.java:lambda$waitForClusterToBeReady$0(221)) - SCM became leader
2022-08-14 01:44:56,255 [8222fa1d-6d96-4624-a383-c2b17e7dd66e@group-344A709C3956-FollowerState] INFO  impl.FollowerState (FollowerState.java:run(143)) - 8222fa1d-6d96-4624-a383-c2b17e7dd66e@group-344A709C3956-FollowerState: change to CANDIDATE, lastRpcElapsedTime:5012074103ns, electionTimeout:5007ms
2022-08-14 01:44:56,255 [8222fa1d-6d96-4624-a383-c2b17e7dd66e@group-344A709C3956-FollowerState] INFO  impl.RoleInfo (RoleInfo.java:shutdownFollowerState(110)) - 8222fa1d-6d96-4624-a383-c2b17e7dd66e: shutdown 8222fa1d-6d96-4624-a383-c2b17e7dd66e@group-344A709C3956-FollowerState
2022-08-14 01:44:56,255 [8222fa1d-6d96-4624-a383-c2b17e7dd66e@group-344A709C3956-FollowerState] INFO  server.RaftServer$Division (RaftServerImpl.java:setRole(299)) - 8222fa1d-6d96-4624-a383-c2b17e7dd66e@group-344A709C3956: changes role from  FOLLOWER to CANDIDATE at term 1 for changeToCandidate
2022-08-14 01:44:56,255 [8222fa1d-6d96-4624-a383-c2b17e7dd66e@group-344A709C3956-FollowerState] INFO  server.RaftServerConfigKeys (ConfUtils.java:logGet(46)) - raft.server.leaderelection.pre-vote = false (custom)
2022-08-14 01:44:56,255 [8222fa1d-6d96-4624-a383-c2b17e7dd66e@group-344A709C3956-FollowerState] INFO  impl.RoleInfo (RoleInfo.java:updateAndGet(139)) - 8222fa1d-6d96-4624-a383-c2b17e7dd66e: start 8222fa1d-6d96-4624-a383-c2b17e7dd66e@group-344A709C3956-LeaderElection12
2022-08-14 01:44:56,259 [8222fa1d-6d96-4624-a383-c2b17e7dd66e@group-344A709C3956-LeaderElection12] INFO  impl.LeaderElection (LeaderElection.java:askForVotes(310)) - 8222fa1d-6d96-4624-a383-c2b17e7dd66e@group-344A709C3956-LeaderElection12 ELECTION round 0: submit vote requests at term 2 for -1: [8222fa1d-6d96-4624-a383-c2b17e7dd66e|rpc:127.0.0.1:37911|priority:0, f124399b-2518-488d-bf7f-30c6c2e21956|rpc:127.0.0.1:37713|priority:0, 937647e2-067d-42aa-a021-6dbfe1bbf122|rpc:127.0.0.1:42293|priority:1], old=null
2022-08-14 01:44:56,262 [grpc-default-executor-1] INFO  server.RaftServer$Division (RaftServerImpl.java:requestVote(1152)) - 937647e2-067d-42aa-a021-6dbfe1bbf122@group-344A709C3956: receive requestVote(ELECTION, 8222fa1d-6d96-4624-a383-c2b17e7dd66e, group-344A709C3956, 2, (t:0, i:0))
2022-08-14 01:44:56,264 [grpc-default-executor-0] INFO  server.RaftServer$Division (RaftServerImpl.java:requestVote(1152)) - f124399b-2518-488d-bf7f-30c6c2e21956@group-344A709C3956: receive requestVote(ELECTION, 8222fa1d-6d96-4624-a383-c2b17e7dd66e, group-344A709C3956, 2, (t:0, i:0))
2022-08-14 01:44:56,264 [grpc-default-executor-1] INFO  impl.VoteContext (VoteContext.java:log(48)) - 937647e2-067d-42aa-a021-6dbfe1bbf122@group-344A709C3956-FOLLOWER: reject ELECTION from 8222fa1d-6d96-4624-a383-c2b17e7dd66e: our priority 1 > candidate's priority 0
2022-08-14 01:44:56,265 [grpc-default-executor-0] INFO  impl.VoteContext (VoteContext.java:log(48)) - f124399b-2518-488d-bf7f-30c6c2e21956@group-344A709C3956-FOLLOWER: accept ELECTION from 8222fa1d-6d96-4624-a383-c2b17e7dd66e: our priority 0 <= candidate's priority 0
2022-08-14 01:44:56,266 [grpc-default-executor-1] INFO  server.RaftServer$Division (RaftServerImpl.java:setRole(299)) - 937647e2-067d-42aa-a021-6dbfe1bbf122@group-344A709C3956: changes role from  FOLLOWER to FOLLOWER at term 2 for candidate:8222fa1d-6d96-4624-a383-c2b17e7dd66e
2022-08-14 01:44:56,267 [grpc-default-executor-0] INFO  server.RaftServer$Division (RaftServerImpl.java:setRole(299)) - f124399b-2518-488d-bf7f-30c6c2e21956@group-344A709C3956: changes role from  FOLLOWER to FOLLOWER at term 2 for candidate:8222fa1d-6d96-4624-a383-c2b17e7dd66e
2022-08-14 01:44:56,267 [grpc-default-executor-1] INFO  impl.RoleInfo (RoleInfo.java:shutdownFollowerState(110)) - 937647e2-067d-42aa-a021-6dbfe1bbf122: shutdown 937647e2-067d-42aa-a021-6dbfe1bbf122@group-344A709C3956-FollowerState
2022-08-14 01:44:56,267 [grpc-default-executor-1] INFO  impl.RoleInfo (RoleInfo.java:updateAndGet(139)) - 937647e2-067d-42aa-a021-6dbfe1bbf122: start 937647e2-067d-42aa-a021-6dbfe1bbf122@group-344A709C3956-FollowerState
2022-08-14 01:44:56,267 [937647e2-067d-42aa-a021-6dbfe1bbf122@group-344A709C3956-FollowerState] INFO  impl.FollowerState (FollowerState.java:run(152)) - 937647e2-067d-42aa-a021-6dbfe1bbf122@group-344A709C3956-FollowerState was interrupted
2022-08-14 01:44:56,267 [grpc-default-executor-0] INFO  impl.RoleInfo (RoleInfo.java:shutdownFollowerState(110)) - f124399b-2518-488d-bf7f-30c6c2e21956: shutdown f124399b-2518-488d-bf7f-30c6c2e21956@group-344A709C3956-FollowerState
2022-08-14 01:44:56,267 [grpc-default-executor-0] INFO  impl.RoleInfo (RoleInfo.java:updateAndGet(139)) - f124399b-2518-488d-bf7f-30c6c2e21956: start f124399b-2518-488d-bf7f-30c6c2e21956@group-344A709C3956-FollowerState
2022-08-14 01:44:56,268 [f124399b-2518-488d-bf7f-30c6c2e21956@group-344A709C3956-FollowerState] INFO  impl.FollowerState (FollowerState.java:run(152)) - f124399b-2518-488d-bf7f-30c6c2e21956@group-344A709C3956-FollowerState was interrupted
2022-08-14 01:44:56,272 [grpc-default-executor-1] INFO  server.RaftServer$Division (RaftServerImpl.java:requestVote(1184)) - 937647e2-067d-42aa-a021-6dbfe1bbf122@group-344A709C3956 replies to ELECTION vote request: 8222fa1d-6d96-4624-a383-c2b17e7dd66e<-937647e2-067d-42aa-a021-6dbfe1bbf122#0:FAIL-t2. Peer's state: 937647e2-067d-42aa-a021-6dbfe1bbf122@group-344A709C3956:t2, leader=null, voted=null, raftlog=937647e2-067d-42aa-a021-6dbfe1bbf122@group-344A709C3956-SegmentedRaftLog:OPENED:c-1, conf=-1: [8222fa1d-6d96-4624-a383-c2b17e7dd66e|rpc:127.0.0.1:37911|dataStream:|priority:0, f124399b-2518-488d-bf7f-30c6c2e21956|rpc:127.0.0.1:37713|dataStream:|priority:0, 937647e2-067d-42aa-a021-6dbfe1bbf122|rpc:127.0.0.1:42293|dataStream:|priority:1], old=null
2022-08-14 01:44:56,273 [grpc-default-executor-0] INFO  server.RaftServer$Division (RaftServerImpl.java:requestVote(1184)) - f124399b-2518-488d-bf7f-30c6c2e21956@group-344A709C3956 replies to ELECTION vote request: 8222fa1d-6d96-4624-a383-c2b17e7dd66e<-f124399b-2518-488d-bf7f-30c6c2e21956#0:OK-t2. Peer's state: f124399b-2518-488d-bf7f-30c6c2e21956@group-344A709C3956:t2, leader=null, voted=8222fa1d-6d96-4624-a383-c2b17e7dd66e, raftlog=f124399b-2518-488d-bf7f-30c6c2e21956@group-344A709C3956-SegmentedRaftLog:OPENED:c-1, conf=-1: [8222fa1d-6d96-4624-a383-c2b17e7dd66e|rpc:127.0.0.1:37911|dataStream:|priority:0, f124399b-2518-488d-bf7f-30c6c2e21956|rpc:127.0.0.1:37713|dataStream:|priority:0, 937647e2-067d-42aa-a021-6dbfe1bbf122|rpc:127.0.0.1:42293|dataStream:|priority:1], old=null
2022-08-14 01:44:56,280 [8222fa1d-6d96-4624-a383-c2b17e7dd66e@group-344A709C3956-LeaderElection12] INFO  impl.LeaderElection (LeaderElection.java:logAndReturn(90)) - 8222fa1d-6d96-4624-a383-c2b17e7dd66e@group-344A709C3956-LeaderElection12: ELECTION REJECTED received 2 response(s) and 0 exception(s):
2022-08-14 01:44:56,280 [8222fa1d-6d96-4624-a383-c2b17e7dd66e@group-344A709C3956-LeaderElection12] INFO  impl.LeaderElection (LeaderElection.java:logAndReturn(94)) -   Response 0: 8222fa1d-6d96-4624-a383-c2b17e7dd66e<-f124399b-2518-488d-bf7f-30c6c2e21956#0:OK-t2
2022-08-14 01:44:56,280 [8222fa1d-6d96-4624-a383-c2b17e7dd66e@group-344A709C3956-LeaderElection12] INFO  impl.LeaderElection (LeaderElection.java:logAndReturn(94)) -   Response 1: 8222fa1d-6d96-4624-a383-c2b17e7dd66e<-937647e2-067d-42aa-a021-6dbfe1bbf122#0:FAIL-t2
2022-08-14 01:44:56,280 [8222fa1d-6d96-4624-a383-c2b17e7dd66e@group-344A709C3956-LeaderElection12] INFO  impl.LeaderElection (LeaderElection.java:askForVotes(312)) - 8222fa1d-6d96-4624-a383-c2b17e7dd66e@group-344A709C3956-LeaderElection12 ELECTION round 0: result REJECTED
2022-08-14 01:44:56,282 [8222fa1d-6d96-4624-a383-c2b17e7dd66e@group-344A709C3956-LeaderElection12] INFO  server.RaftServer$Division (RaftServerImpl.java:setRole(299)) - 8222fa1d-6d96-4624-a383-c2b17e7dd66e@group-344A709C3956: changes role from CANDIDATE to FOLLOWER at term 2 for REJECTED
2022-08-14 01:44:56,282 [8222fa1d-6d96-4624-a383-c2b17e7dd66e@group-344A709C3956-LeaderElection12] INFO  impl.RoleInfo (RoleInfo.java:shutdownLeaderElection(130)) - 8222fa1d-6d96-4624-a383-c2b17e7dd66e: shutdown 8222fa1d-6d96-4624-a383-c2b17e7dd66e@group-344A709C3956-LeaderElection12
2022-08-14 01:44:56,282 [8222fa1d-6d96-4624-a383-c2b17e7dd66e@group-344A709C3956-LeaderElection12] INFO  impl.RoleInfo (RoleInfo.java:updateAndGet(139)) - 8222fa1d-6d96-4624-a383-c2b17e7dd66e: start 8222fa1d-6d96-4624-a383-c2b17e7dd66e@group-344A709C3956-FollowerState
2022-08-14 01:44:56,574 [8222fa1d-6d96-4624-a383-c2b17e7dd66e@group-F49552B7F4B3-FollowerState] INFO  impl.FollowerState (FollowerState.java:run(143)) - 8222fa1d-6d96-4624-a383-c2b17e7dd66e@group-F49552B7F4B3-FollowerState: change to CANDIDATE, lastRpcElapsedTime:5081106003ns, electionTimeout:5071ms
2022-08-14 01:44:56,574 [8222fa1d-6d96-4624-a383-c2b17e7dd66e@group-F49552B7F4B3-FollowerState] INFO  impl.RoleInfo (RoleInfo.java:shutdownFollowerState(110)) - 8222fa1d-6d96-4624-a383-c2b17e7dd66e: shutdown 8222fa1d-6d96-4624-a383-c2b17e7dd66e@group-F49552B7F4B3-FollowerState
2022-08-14 01:44:56,574 [8222fa1d-6d96-4624-a383-c2b17e7dd66e@group-F49552B7F4B3-FollowerState] INFO  server.RaftServer$Division (RaftServerImpl.java:setRole(299)) - 8222fa1d-6d96-4624-a383-c2b17e7dd66e@group-F49552B7F4B3: changes role from  FOLLOWER to CANDIDATE at term 1 for changeToCandidate
2022-08-14 01:44:56,574 [8222fa1d-6d96-4624-a383-c2b17e7dd66e@group-F49552B7F4B3-FollowerState] INFO  server.RaftServerConfigKeys (ConfUtils.java:logGet(46)) - raft.server.leaderelection.pre-vote = false (custom)
2022-08-14 01:44:56,574 [8222fa1d-6d96-4624-a383-c2b17e7dd66e@group-F49552B7F4B3-FollowerState] INFO  impl.RoleInfo (RoleInfo.java:updateAndGet(139)) - 8222fa1d-6d96-4624-a383-c2b17e7dd66e: start 8222fa1d-6d96-4624-a383-c2b17e7dd66e@group-F49552B7F4B3-LeaderElection13
2022-08-14 01:44:56,577 [8222fa1d-6d96-4624-a383-c2b17e7dd66e@group-F49552B7F4B3-LeaderElection13] INFO  impl.LeaderElection (LeaderElection.java:askForVotes(310)) - 8222fa1d-6d96-4624-a383-c2b17e7dd66e@group-F49552B7F4B3-LeaderElection13 ELECTION round 0: submit vote requests at term 2 for -1: [8222fa1d-6d96-4624-a383-c2b17e7dd66e|rpc:127.0.0.1:37911|priority:0, f124399b-2518-488d-bf7f-30c6c2e21956|rpc:127.0.0.1:37713|priority:1, 937647e2-067d-42aa-a021-6dbfe1bbf122|rpc:127.0.0.1:42293|priority:0], old=null
2022-08-14 01:44:56,585 [grpc-default-executor-1] INFO  server.RaftServer$Division (RaftServerImpl.java:requestVote(1152)) - 937647e2-067d-42aa-a021-6dbfe1bbf122@group-F49552B7F4B3: receive requestVote(ELECTION, 8222fa1d-6d96-4624-a383-c2b17e7dd66e, group-F49552B7F4B3, 2, (t:0, i:0))
2022-08-14 01:44:56,585 [grpc-default-executor-1] INFO  impl.VoteContext (VoteContext.java:log(48)) - 937647e2-067d-42aa-a021-6dbfe1bbf122@group-F49552B7F4B3-FOLLOWER: accept ELECTION from 8222fa1d-6d96-4624-a383-c2b17e7dd66e: our priority 0 <= candidate's priority 0
2022-08-14 01:44:56,585 [grpc-default-executor-1] INFO  server.RaftServer$Division (RaftServerImpl.java:setRole(299)) - 937647e2-067d-42aa-a021-6dbfe1bbf122@group-F49552B7F4B3: changes role from  FOLLOWER to FOLLOWER at term 2 for candidate:8222fa1d-6d96-4624-a383-c2b17e7dd66e
2022-08-14 01:44:56,585 [grpc-default-executor-1] INFO  impl.RoleInfo (RoleInfo.java:shutdownFollowerState(110)) - 937647e2-067d-42aa-a021-6dbfe1bbf122: shutdown 937647e2-067d-42aa-a021-6dbfe1bbf122@group-F49552B7F4B3-FollowerState
2022-08-14 01:44:56,585 [937647e2-067d-42aa-a021-6dbfe1bbf122@group-F49552B7F4B3-FollowerState] INFO  impl.FollowerState (FollowerState.java:run(152)) - 937647e2-067d-42aa-a021-6dbfe1bbf122@group-F49552B7F4B3-FollowerState was interrupted
2022-08-14 01:44:56,585 [grpc-default-executor-1] INFO  impl.RoleInfo (RoleInfo.java:updateAndGet(139)) - 937647e2-067d-42aa-a021-6dbfe1bbf122: start 937647e2-067d-42aa-a021-6dbfe1bbf122@group-F49552B7F4B3-FollowerState
2022-08-14 01:44:56,586 [grpc-default-executor-0] INFO  server.RaftServer$Division (RaftServerImpl.java:requestVote(1152)) - f124399b-2518-488d-bf7f-30c6c2e21956@group-F49552B7F4B3: receive requestVote(ELECTION, 8222fa1d-6d96-4624-a383-c2b17e7dd66e, group-F49552B7F4B3, 2, (t:0, i:0))
2022-08-14 01:44:56,586 [grpc-default-executor-0] INFO  impl.VoteContext (VoteContext.java:log(48)) - f124399b-2518-488d-bf7f-30c6c2e21956@group-F49552B7F4B3-FOLLOWER: reject ELECTION from 8222fa1d-6d96-4624-a383-c2b17e7dd66e: our priority 1 > candidate's priority 0
2022-08-14 01:44:56,586 [grpc-default-executor-0] INFO  server.RaftServer$Division (RaftServerImpl.java:setRole(299)) - f124399b-2518-488d-bf7f-30c6c2e21956@group-F49552B7F4B3: changes role from  FOLLOWER to FOLLOWER at term 2 for candidate:8222fa1d-6d96-4624-a383-c2b17e7dd66e
2022-08-14 01:44:56,586 [grpc-default-executor-0] INFO  impl.RoleInfo (RoleInfo.java:shutdownFollowerState(110)) - f124399b-2518-488d-bf7f-30c6c2e21956: shutdown f124399b-2518-488d-bf7f-30c6c2e21956@group-F49552B7F4B3-FollowerState
2022-08-14 01:44:56,586 [grpc-default-executor-0] INFO  impl.RoleInfo (RoleInfo.java:updateAndGet(139)) - f124399b-2518-488d-bf7f-30c6c2e21956: start f124399b-2518-488d-bf7f-30c6c2e21956@group-F49552B7F4B3-FollowerState
2022-08-14 01:44:56,586 [f124399b-2518-488d-bf7f-30c6c2e21956@group-F49552B7F4B3-FollowerState] INFO  impl.FollowerState (FollowerState.java:run(152)) - f124399b-2518-488d-bf7f-30c6c2e21956@group-F49552B7F4B3-FollowerState was interrupted
2022-08-14 01:44:56,588 [grpc-default-executor-0] INFO  server.RaftServer$Division (RaftServerImpl.java:requestVote(1184)) - f124399b-2518-488d-bf7f-30c6c2e21956@group-F49552B7F4B3 replies to ELECTION vote request: 8222fa1d-6d96-4624-a383-c2b17e7dd66e<-f124399b-2518-488d-bf7f-30c6c2e21956#0:FAIL-t2. Peer's state: f124399b-2518-488d-bf7f-30c6c2e21956@group-F49552B7F4B3:t2, leader=null, voted=null, raftlog=f124399b-2518-488d-bf7f-30c6c2e21956@group-F49552B7F4B3-SegmentedRaftLog:OPENED:c-1, conf=-1: [8222fa1d-6d96-4624-a383-c2b17e7dd66e|rpc:127.0.0.1:37911|dataStream:|priority:0, f124399b-2518-488d-bf7f-30c6c2e21956|rpc:127.0.0.1:37713|dataStream:|priority:1, 937647e2-067d-42aa-a021-6dbfe1bbf122|rpc:127.0.0.1:42293|dataStream:|priority:0], old=null
2022-08-14 01:44:56,588 [grpc-default-executor-1] INFO  server.RaftServer$Division (RaftServerImpl.java:requestVote(1184)) - 937647e2-067d-42aa-a021-6dbfe1bbf122@group-F49552B7F4B3 replies to ELECTION vote request: 8222fa1d-6d96-4624-a383-c2b17e7dd66e<-937647e2-067d-42aa-a021-6dbfe1bbf122#0:OK-t2. Peer's state: 937647e2-067d-42aa-a021-6dbfe1bbf122@group-F49552B7F4B3:t2, leader=null, voted=8222fa1d-6d96-4624-a383-c2b17e7dd66e, raftlog=937647e2-067d-42aa-a021-6dbfe1bbf122@group-F49552B7F4B3-SegmentedRaftLog:OPENED:c-1, conf=-1: [8222fa1d-6d96-4624-a383-c2b17e7dd66e|rpc:127.0.0.1:37911|dataStream:|priority:0, f124399b-2518-488d-bf7f-30c6c2e21956|rpc:127.0.0.1:37713|dataStream:|priority:1, 937647e2-067d-42aa-a021-6dbfe1bbf122|rpc:127.0.0.1:42293|dataStream:|priority:0], old=null
2022-08-14 01:44:56,589 [8222fa1d-6d96-4624-a383-c2b17e7dd66e@group-F49552B7F4B3-LeaderElection13] INFO  impl.LeaderElection (LeaderElection.java:logAndReturn(90)) - 8222fa1d-6d96-4624-a383-c2b17e7dd66e@group-F49552B7F4B3-LeaderElection13: ELECTION REJECTED received 1 response(s) and 0 exception(s):
2022-08-14 01:44:56,589 [8222fa1d-6d96-4624-a383-c2b17e7dd66e@group-F49552B7F4B3-LeaderElection13] INFO  impl.LeaderElection (LeaderElection.java:logAndReturn(94)) -   Response 0: 8222fa1d-6d96-4624-a383-c2b17e7dd66e<-f124399b-2518-488d-bf7f-30c6c2e21956#0:FAIL-t2
2022-08-14 01:44:56,589 [8222fa1d-6d96-4624-a383-c2b17e7dd66e@group-F49552B7F4B3-LeaderElection13] INFO  impl.LeaderElection (LeaderElection.java:askForVotes(312)) - 8222fa1d-6d96-4624-a383-c2b17e7dd66e@group-F49552B7F4B3-LeaderElection13 ELECTION round 0: result REJECTED
2022-08-14 01:44:56,589 [8222fa1d-6d96-4624-a383-c2b17e7dd66e@group-F49552B7F4B3-LeaderElection13] INFO  server.RaftServer$Division (RaftServerImpl.java:setRole(299)) - 8222fa1d-6d96-4624-a383-c2b17e7dd66e@group-F49552B7F4B3: changes role from CANDIDATE to FOLLOWER at term 2 for REJECTED
2022-08-14 01:44:56,589 [8222fa1d-6d96-4624-a383-c2b17e7dd66e@group-F49552B7F4B3-LeaderElection13] INFO  impl.RoleInfo (RoleInfo.java:shutdownLeaderElection(130)) - 8222fa1d-6d96-4624-a383-c2b17e7dd66e: shutdown 8222fa1d-6d96-4624-a383-c2b17e7dd66e@group-F49552B7F4B3-LeaderElection13
2022-08-14 01:44:56,590 [8222fa1d-6d96-4624-a383-c2b17e7dd66e@group-F49552B7F4B3-LeaderElection13] INFO  impl.RoleInfo (RoleInfo.java:updateAndGet(139)) - 8222fa1d-6d96-4624-a383-c2b17e7dd66e: start 8222fa1d-6d96-4624-a383-c2b17e7dd66e@group-F49552B7F4B3-FollowerState
2022-08-14 01:44:56,931 [Listener at 127.0.0.1/45525] INFO  ozone.MiniOzoneClusterImpl (MiniOzoneClusterImpl.java:lambda$waitForClusterToBeReady$0(216)) - Nodes are ready. Got 3 of 3 DN Heartbeats.
2022-08-14 01:44:56,931 [Listener at 127.0.0.1/45525] INFO  ozone.MiniOzoneClusterImpl (MiniOzoneClusterImpl.java:lambda$waitForClusterToBeReady$0(219)) - Waiting for cluster to exit safe mode
2022-08-14 01:44:56,931 [Listener at 127.0.0.1/45525] INFO  ozone.MiniOzoneClusterImpl (MiniOzoneClusterImpl.java:lambda$waitForClusterToBeReady$0(221)) - SCM became leader
2022-08-14 01:44:57,932 [Listener at 127.0.0.1/45525] INFO  ozone.MiniOzoneClusterImpl (MiniOzoneClusterImpl.java:lambda$waitForClusterToBeReady$0(216)) - Nodes are ready. Got 3 of 3 DN Heartbeats.
2022-08-14 01:44:57,932 [Listener at 127.0.0.1/45525] INFO  ozone.MiniOzoneClusterImpl (MiniOzoneClusterImpl.java:lambda$waitForClusterToBeReady$0(219)) - Waiting for cluster to exit safe mode
2022-08-14 01:44:57,932 [Listener at 127.0.0.1/45525] INFO  ozone.MiniOzoneClusterImpl (MiniOzoneClusterImpl.java:lambda$waitForClusterToBeReady$0(221)) - SCM became leader
2022-08-14 01:44:58,932 [Listener at 127.0.0.1/45525] INFO  ozone.MiniOzoneClusterImpl (MiniOzoneClusterImpl.java:lambda$waitForClusterToBeReady$0(216)) - Nodes are ready. Got 3 of 3 DN Heartbeats.
2022-08-14 01:44:58,932 [Listener at 127.0.0.1/45525] INFO  ozone.MiniOzoneClusterImpl (MiniOzoneClusterImpl.java:lambda$waitForClusterToBeReady$0(219)) - Waiting for cluster to exit safe mode
2022-08-14 01:44:58,932 [Listener at 127.0.0.1/45525] INFO  ozone.MiniOzoneClusterImpl (MiniOzoneClusterImpl.java:lambda$waitForClusterToBeReady$0(221)) - SCM became leader
2022-08-14 01:44:59,933 [Listener at 127.0.0.1/45525] INFO  ozone.MiniOzoneClusterImpl (MiniOzoneClusterImpl.java:lambda$waitForClusterToBeReady$0(216)) - Nodes are ready. Got 3 of 3 DN Heartbeats.
2022-08-14 01:44:59,933 [Listener at 127.0.0.1/45525] INFO  ozone.MiniOzoneClusterImpl (MiniOzoneClusterImpl.java:lambda$waitForClusterToBeReady$0(219)) - Waiting for cluster to exit safe mode
2022-08-14 01:44:59,933 [Listener at 127.0.0.1/45525] INFO  ozone.MiniOzoneClusterImpl (MiniOzoneClusterImpl.java:lambda$waitForClusterToBeReady$0(221)) - SCM became leader
2022-08-14 01:45:00,934 [Listener at 127.0.0.1/45525] INFO  ozone.MiniOzoneClusterImpl (MiniOzoneClusterImpl.java:lambda$waitForClusterToBeReady$0(216)) - Nodes are ready. Got 3 of 3 DN Heartbeats.
2022-08-14 01:45:00,934 [Listener at 127.0.0.1/45525] INFO  ozone.MiniOzoneClusterImpl (MiniOzoneClusterImpl.java:lambda$waitForClusterToBeReady$0(219)) - Waiting for cluster to exit safe mode
2022-08-14 01:45:00,934 [Listener at 127.0.0.1/45525] INFO  ozone.MiniOzoneClusterImpl (MiniOzoneClusterImpl.java:lambda$waitForClusterToBeReady$0(221)) - SCM became leader
2022-08-14 01:45:01,279 [937647e2-067d-42aa-a021-6dbfe1bbf122@group-344A709C3956-FollowerState] INFO  impl.FollowerState (FollowerState.java:run(143)) - 937647e2-067d-42aa-a021-6dbfe1bbf122@group-344A709C3956-FollowerState: change to CANDIDATE, lastRpcElapsedTime:5011881004ns, electionTimeout:5011ms
2022-08-14 01:45:01,279 [937647e2-067d-42aa-a021-6dbfe1bbf122@group-344A709C3956-FollowerState] INFO  impl.RoleInfo (RoleInfo.java:shutdownFollowerState(110)) - 937647e2-067d-42aa-a021-6dbfe1bbf122: shutdown 937647e2-067d-42aa-a021-6dbfe1bbf122@group-344A709C3956-FollowerState
2022-08-14 01:45:01,279 [937647e2-067d-42aa-a021-6dbfe1bbf122@group-344A709C3956-FollowerState] INFO  server.RaftServer$Division (RaftServerImpl.java:setRole(299)) - 937647e2-067d-42aa-a021-6dbfe1bbf122@group-344A709C3956: changes role from  FOLLOWER to CANDIDATE at term 2 for changeToCandidate
2022-08-14 01:45:01,280 [937647e2-067d-42aa-a021-6dbfe1bbf122@group-344A709C3956-FollowerState] INFO  server.RaftServerConfigKeys (ConfUtils.java:logGet(46)) - raft.server.leaderelection.pre-vote = false (custom)
2022-08-14 01:45:01,280 [937647e2-067d-42aa-a021-6dbfe1bbf122@group-344A709C3956-FollowerState] INFO  impl.RoleInfo (RoleInfo.java:updateAndGet(139)) - 937647e2-067d-42aa-a021-6dbfe1bbf122: start 937647e2-067d-42aa-a021-6dbfe1bbf122@group-344A709C3956-LeaderElection14
2022-08-14 01:45:01,282 [937647e2-067d-42aa-a021-6dbfe1bbf122@group-344A709C3956-LeaderElection14] INFO  impl.LeaderElection (LeaderElection.java:askForVotes(310)) - 937647e2-067d-42aa-a021-6dbfe1bbf122@group-344A709C3956-LeaderElection14 ELECTION round 0: submit vote requests at term 3 for -1: [8222fa1d-6d96-4624-a383-c2b17e7dd66e|rpc:127.0.0.1:37911|dataStream:|priority:0, f124399b-2518-488d-bf7f-30c6c2e21956|rpc:127.0.0.1:37713|dataStream:|priority:0, 937647e2-067d-42aa-a021-6dbfe1bbf122|rpc:127.0.0.1:42293|dataStream:|priority:1], old=null
2022-08-14 01:45:01,302 [grpc-default-executor-0] INFO  server.RaftServer$Division (RaftServerImpl.java:requestVote(1152)) - 8222fa1d-6d96-4624-a383-c2b17e7dd66e@group-344A709C3956: receive requestVote(ELECTION, 937647e2-067d-42aa-a021-6dbfe1bbf122, group-344A709C3956, 3, (t:0, i:0))
2022-08-14 01:45:01,302 [grpc-default-executor-0] INFO  impl.VoteContext (VoteContext.java:log(48)) - 8222fa1d-6d96-4624-a383-c2b17e7dd66e@group-344A709C3956-FOLLOWER: accept ELECTION from 937647e2-067d-42aa-a021-6dbfe1bbf122: our priority 0 <= candidate's priority 1
2022-08-14 01:45:01,302 [grpc-default-executor-0] INFO  server.RaftServer$Division (RaftServerImpl.java:setRole(299)) - 8222fa1d-6d96-4624-a383-c2b17e7dd66e@group-344A709C3956: changes role from  FOLLOWER to FOLLOWER at term 3 for candidate:937647e2-067d-42aa-a021-6dbfe1bbf122
2022-08-14 01:45:01,302 [grpc-default-executor-0] INFO  impl.RoleInfo (RoleInfo.java:shutdownFollowerState(110)) - 8222fa1d-6d96-4624-a383-c2b17e7dd66e: shutdown 8222fa1d-6d96-4624-a383-c2b17e7dd66e@group-344A709C3956-FollowerState
2022-08-14 01:45:01,302 [grpc-default-executor-0] INFO  impl.RoleInfo (RoleInfo.java:updateAndGet(139)) - 8222fa1d-6d96-4624-a383-c2b17e7dd66e: start 8222fa1d-6d96-4624-a383-c2b17e7dd66e@group-344A709C3956-FollowerState
2022-08-14 01:45:01,302 [8222fa1d-6d96-4624-a383-c2b17e7dd66e@group-344A709C3956-FollowerState] INFO  impl.FollowerState (FollowerState.java:run(152)) - 8222fa1d-6d96-4624-a383-c2b17e7dd66e@group-344A709C3956-FollowerState was interrupted
2022-08-14 01:45:01,311 [grpc-default-executor-1] INFO  server.RaftServer$Division (RaftServerImpl.java:requestVote(1152)) - f124399b-2518-488d-bf7f-30c6c2e21956@group-344A709C3956: receive requestVote(ELECTION, 937647e2-067d-42aa-a021-6dbfe1bbf122, group-344A709C3956, 3, (t:0, i:0))
2022-08-14 01:45:01,312 [grpc-default-executor-1] INFO  impl.VoteContext (VoteContext.java:log(48)) - f124399b-2518-488d-bf7f-30c6c2e21956@group-344A709C3956-FOLLOWER: accept ELECTION from 937647e2-067d-42aa-a021-6dbfe1bbf122: our priority 0 <= candidate's priority 1
2022-08-14 01:45:01,312 [grpc-default-executor-1] INFO  server.RaftServer$Division (RaftServerImpl.java:setRole(299)) - f124399b-2518-488d-bf7f-30c6c2e21956@group-344A709C3956: changes role from  FOLLOWER to FOLLOWER at term 3 for candidate:937647e2-067d-42aa-a021-6dbfe1bbf122
2022-08-14 01:45:01,312 [grpc-default-executor-1] INFO  impl.RoleInfo (RoleInfo.java:shutdownFollowerState(110)) - f124399b-2518-488d-bf7f-30c6c2e21956: shutdown f124399b-2518-488d-bf7f-30c6c2e21956@group-344A709C3956-FollowerState
2022-08-14 01:45:01,312 [grpc-default-executor-1] INFO  impl.RoleInfo (RoleInfo.java:updateAndGet(139)) - f124399b-2518-488d-bf7f-30c6c2e21956: start f124399b-2518-488d-bf7f-30c6c2e21956@group-344A709C3956-FollowerState
2022-08-14 01:45:01,312 [f124399b-2518-488d-bf7f-30c6c2e21956@group-344A709C3956-FollowerState] INFO  impl.FollowerState (FollowerState.java:run(152)) - f124399b-2518-488d-bf7f-30c6c2e21956@group-344A709C3956-FollowerState was interrupted
2022-08-14 01:45:01,314 [grpc-default-executor-1] INFO  server.RaftServer$Division (RaftServerImpl.java:requestVote(1184)) - f124399b-2518-488d-bf7f-30c6c2e21956@group-344A709C3956 replies to ELECTION vote request: 937647e2-067d-42aa-a021-6dbfe1bbf122<-f124399b-2518-488d-bf7f-30c6c2e21956#0:OK-t3. Peer's state: f124399b-2518-488d-bf7f-30c6c2e21956@group-344A709C3956:t3, leader=null, voted=937647e2-067d-42aa-a021-6dbfe1bbf122, raftlog=f124399b-2518-488d-bf7f-30c6c2e21956@group-344A709C3956-SegmentedRaftLog:OPENED:c-1, conf=-1: [8222fa1d-6d96-4624-a383-c2b17e7dd66e|rpc:127.0.0.1:37911|dataStream:|priority:0, f124399b-2518-488d-bf7f-30c6c2e21956|rpc:127.0.0.1:37713|dataStream:|priority:0, 937647e2-067d-42aa-a021-6dbfe1bbf122|rpc:127.0.0.1:42293|dataStream:|priority:1], old=null
2022-08-14 01:45:01,314 [grpc-default-executor-0] INFO  server.RaftServer$Division (RaftServerImpl.java:requestVote(1184)) - 8222fa1d-6d96-4624-a383-c2b17e7dd66e@group-344A709C3956 replies to ELECTION vote request: 937647e2-067d-42aa-a021-6dbfe1bbf122<-8222fa1d-6d96-4624-a383-c2b17e7dd66e#0:OK-t3. Peer's state: 8222fa1d-6d96-4624-a383-c2b17e7dd66e@group-344A709C3956:t3, leader=null, voted=937647e2-067d-42aa-a021-6dbfe1bbf122, raftlog=8222fa1d-6d96-4624-a383-c2b17e7dd66e@group-344A709C3956-SegmentedRaftLog:OPENED:c-1, conf=-1: [8222fa1d-6d96-4624-a383-c2b17e7dd66e|rpc:127.0.0.1:37911|priority:0, f124399b-2518-488d-bf7f-30c6c2e21956|rpc:127.0.0.1:37713|priority:0, 937647e2-067d-42aa-a021-6dbfe1bbf122|rpc:127.0.0.1:42293|priority:1], old=null
2022-08-14 01:45:01,319 [937647e2-067d-42aa-a021-6dbfe1bbf122@group-344A709C3956-LeaderElection14] INFO  impl.LeaderElection (LeaderElection.java:logAndReturn(90)) - 937647e2-067d-42aa-a021-6dbfe1bbf122@group-344A709C3956-LeaderElection14: ELECTION PASSED received 1 response(s) and 0 exception(s):
2022-08-14 01:45:01,319 [937647e2-067d-42aa-a021-6dbfe1bbf122@group-344A709C3956-LeaderElection14] INFO  impl.LeaderElection (LeaderElection.java:logAndReturn(94)) -   Response 0: 937647e2-067d-42aa-a021-6dbfe1bbf122<-f124399b-2518-488d-bf7f-30c6c2e21956#0:OK-t3
2022-08-14 01:45:01,319 [937647e2-067d-42aa-a021-6dbfe1bbf122@group-344A709C3956-LeaderElection14] INFO  impl.LeaderElection (LeaderElection.java:askForVotes(312)) - 937647e2-067d-42aa-a021-6dbfe1bbf122@group-344A709C3956-LeaderElection14 ELECTION round 0: result PASSED
2022-08-14 01:45:01,319 [937647e2-067d-42aa-a021-6dbfe1bbf122@group-344A709C3956-LeaderElection14] INFO  impl.RoleInfo (RoleInfo.java:shutdownLeaderElection(130)) - 937647e2-067d-42aa-a021-6dbfe1bbf122: shutdown 937647e2-067d-42aa-a021-6dbfe1bbf122@group-344A709C3956-LeaderElection14
2022-08-14 01:45:01,319 [937647e2-067d-42aa-a021-6dbfe1bbf122@group-344A709C3956-LeaderElection14] INFO  server.RaftServer$Division (RaftServerImpl.java:setRole(299)) - 937647e2-067d-42aa-a021-6dbfe1bbf122@group-344A709C3956: changes role from CANDIDATE to LEADER at term 3 for changeToLeader
2022-08-14 01:45:01,320 [937647e2-067d-42aa-a021-6dbfe1bbf122@group-344A709C3956-LeaderElection14] INFO  ratis.XceiverServerRatis (XceiverServerRatis.java:handleLeaderChangedNotification(863)) - Leader change notification received for group: group-344A709C3956 with new leaderId: 937647e2-067d-42aa-a021-6dbfe1bbf122
2022-08-14 01:45:01,320 [937647e2-067d-42aa-a021-6dbfe1bbf122@group-344A709C3956-LeaderElection14] INFO  server.RaftServer$Division (ServerState.java:setLeader(287)) - 937647e2-067d-42aa-a021-6dbfe1bbf122@group-344A709C3956: change Leader from null to 937647e2-067d-42aa-a021-6dbfe1bbf122 at term 3 for becomeLeader, leader elected after 15040ms
2022-08-14 01:45:01,320 [937647e2-067d-42aa-a021-6dbfe1bbf122@group-344A709C3956-LeaderElection14] INFO  server.RaftServerConfigKeys (ConfUtils.java:logGet(46)) - raft.server.staging.catchup.gap = 1000 (default)
2022-08-14 01:45:01,330 [937647e2-067d-42aa-a021-6dbfe1bbf122@group-344A709C3956-LeaderElection14] INFO  server.RaftServerConfigKeys (ConfUtils.java:logGet(46)) - raft.server.write.element-limit = 1024 (custom)
2022-08-14 01:45:01,330 [937647e2-067d-42aa-a021-6dbfe1bbf122@group-344A709C3956-LeaderElection14] INFO  server.RaftServerConfigKeys (ConfUtils.java:logGet(46)) - raft.server.write.byte-limit = 1024 M (=1073741824) (custom)
2022-08-14 01:45:01,330 [937647e2-067d-42aa-a021-6dbfe1bbf122@group-344A709C3956-LeaderElection14] INFO  server.RaftServerConfigKeys (ConfUtils.java:logGet(46)) - raft.server.watch.timeout = 180s (custom)
2022-08-14 01:45:01,330 [937647e2-067d-42aa-a021-6dbfe1bbf122@group-344A709C3956-LeaderElection14] INFO  server.RaftServerConfigKeys (ConfUtils.java:logGet(46)) - raft.server.watch.timeout.denomination = 1s (default)
2022-08-14 01:45:01,331 [937647e2-067d-42aa-a021-6dbfe1bbf122@group-344A709C3956-LeaderElection14] INFO  server.RaftServerConfigKeys (ConfUtils.java:logGet(46)) - raft.server.watch.element-limit = 65536 (default)
2022-08-14 01:45:01,331 [937647e2-067d-42aa-a021-6dbfe1bbf122@group-344A709C3956-LeaderElection14] INFO  server.RaftServerConfigKeys (ConfUtils.java:logGet(46)) - raft.server.write.element-limit = 1024 (custom)
2022-08-14 01:45:01,331 [937647e2-067d-42aa-a021-6dbfe1bbf122@group-344A709C3956-LeaderElection14] INFO  server.RaftServerConfigKeys (ConfUtils.java:logGet(46)) - raft.server.write.follower.gap.ratio.max = -1.0 (default)
2022-08-14 01:45:01,332 [937647e2-067d-42aa-a021-6dbfe1bbf122@group-344A709C3956-LeaderElection14] INFO  server.RaftServerConfigKeys (ConfUtils.java:logGet(46)) - raft.server.log.appender.snapshot.chunk.size.max = 16MB (=16777216) (default)
2022-08-14 01:45:01,332 [937647e2-067d-42aa-a021-6dbfe1bbf122@group-344A709C3956-LeaderElection14] INFO  server.RaftServerConfigKeys (ConfUtils.java:logGet(46)) - raft.server.log.appender.buffer.byte-limit = 33554432 (custom)
2022-08-14 01:45:01,333 [EventQueue-PipelineReportForPipelineReportHandler] INFO  pipeline.PipelineManagerImpl (PipelineManagerImpl.java:openPipeline(367)) - Pipeline Pipeline[ Id: 3d0310a6-01ac-4418-a2f2-344a709c3956, Nodes: 937647e2-067d-42aa-a021-6dbfe1bbf122{ip: 127.0.0.1, host: localhost, ports: [REPLICATION=45291, RATIS=42293, RATIS_ADMIN=42293, RATIS_SERVER=42293, STANDALONE=39331], networkLocation: /default-rack, certSerialId: null, persistedOpState: IN_SERVICE, persistedOpStateExpiryEpochSec: 0}f124399b-2518-488d-bf7f-30c6c2e21956{ip: 127.0.0.1, host: localhost, ports: [REPLICATION=42169, RATIS=37713, RATIS_ADMIN=37713, RATIS_SERVER=37713, STANDALONE=42967], networkLocation: /default-rack, certSerialId: null, persistedOpState: IN_SERVICE, persistedOpStateExpiryEpochSec: 0}8222fa1d-6d96-4624-a383-c2b17e7dd66e{ip: 127.0.0.1, host: localhost, ports: [REPLICATION=45149, RATIS=37911, RATIS_ADMIN=37911, RATIS_SERVER=37911, STANDALONE=36815], networkLocation: /default-rack, certSerialId: null, persistedOpState: IN_SERVICE, persistedOpStateExpiryEpochSec: 0}, ReplicationConfig: RATIS/THREE, State:ALLOCATED, leaderId:937647e2-067d-42aa-a021-6dbfe1bbf122, CreationTimestamp2022-08-14T01:44:43.951Z[Etc/UTC]] moved to OPEN state
2022-08-14 01:45:01,334 [EventQueue-PipelineReportForPipelineReportHandler] INFO  pipeline.PipelineManagerImpl (PipelineManagerImpl.java:openPipeline(367)) - Pipeline Pipeline[ Id: 3d0310a6-01ac-4418-a2f2-344a709c3956, Nodes: 937647e2-067d-42aa-a021-6dbfe1bbf122{ip: 127.0.0.1, host: localhost, ports: [REPLICATION=45291, RATIS=42293, RATIS_ADMIN=42293, RATIS_SERVER=42293, STANDALONE=39331], networkLocation: /default-rack, certSerialId: null, persistedOpState: IN_SERVICE, persistedOpStateExpiryEpochSec: 0}f124399b-2518-488d-bf7f-30c6c2e21956{ip: 127.0.0.1, host: localhost, ports: [REPLICATION=42169, RATIS=37713, RATIS_ADMIN=37713, RATIS_SERVER=37713, STANDALONE=42967], networkLocation: /default-rack, certSerialId: null, persistedOpState: IN_SERVICE, persistedOpStateExpiryEpochSec: 0}8222fa1d-6d96-4624-a383-c2b17e7dd66e{ip: 127.0.0.1, host: localhost, ports: [REPLICATION=45149, RATIS=37911, RATIS_ADMIN=37911, RATIS_SERVER=37911, STANDALONE=36815], networkLocation: /default-rack, certSerialId: null, persistedOpState: IN_SERVICE, persistedOpStateExpiryEpochSec: 0}, ReplicationConfig: RATIS/THREE, State:ALLOCATED, leaderId:937647e2-067d-42aa-a021-6dbfe1bbf122, CreationTimestamp2022-08-14T01:44:43.951Z[Etc/UTC]] moved to OPEN state
2022-08-14 01:45:01,336 [EventQueue-PipelineReportForPipelineReportHandler] INFO  pipeline.PipelineManagerImpl (PipelineManagerImpl.java:openPipeline(367)) - Pipeline Pipeline[ Id: 3d0310a6-01ac-4418-a2f2-344a709c3956, Nodes: 937647e2-067d-42aa-a021-6dbfe1bbf122{ip: 127.0.0.1, host: localhost, ports: [REPLICATION=45291, RATIS=42293, RATIS_ADMIN=42293, RATIS_SERVER=42293, STANDALONE=39331], networkLocation: /default-rack, certSerialId: null, persistedOpState: IN_SERVICE, persistedOpStateExpiryEpochSec: 0}f124399b-2518-488d-bf7f-30c6c2e21956{ip: 127.0.0.1, host: localhost, ports: [REPLICATION=42169, RATIS=37713, RATIS_ADMIN=37713, RATIS_SERVER=37713, STANDALONE=42967], networkLocation: /default-rack, certSerialId: null, persistedOpState: IN_SERVICE, persistedOpStateExpiryEpochSec: 0}8222fa1d-6d96-4624-a383-c2b17e7dd66e{ip: 127.0.0.1, host: localhost, ports: [REPLICATION=45149, RATIS=37911, RATIS_ADMIN=37911, RATIS_SERVER=37911, STANDALONE=36815], networkLocation: /default-rack, certSerialId: null, persistedOpState: IN_SERVICE, persistedOpStateExpiryEpochSec: 0}, ReplicationConfig: RATIS/THREE, State:ALLOCATED, leaderId:937647e2-067d-42aa-a021-6dbfe1bbf122, CreationTimestamp2022-08-14T01:44:43.951Z[Etc/UTC]] moved to OPEN state
2022-08-14 01:45:01,336 [937647e2-067d-42aa-a021-6dbfe1bbf122@group-344A709C3956-LeaderElection14] INFO  server.RaftServerConfigKeys (ConfUtils.java:logGet(46)) - raft.server.log.appender.buffer.element-limit = 1 (custom)
2022-08-14 01:45:01,337 [937647e2-067d-42aa-a021-6dbfe1bbf122@group-344A709C3956-LeaderElection14] INFO  grpc.GrpcConfigKeys (ConfUtils.java:logGet(46)) - raft.grpc.server.leader.outstanding.appends.max = 128 (default)
2022-08-14 01:45:01,337 [EventQueue-OpenPipelineForHealthyPipelineSafeModeRule] INFO  safemode.SCMSafeModeManager (HealthyPipelineSafeModeRule.java:process(137)) - SCM in safe mode. Healthy pipelines reported count is 0, required healthy pipeline reported count is 1
2022-08-14 01:45:01,337 [937647e2-067d-42aa-a021-6dbfe1bbf122@group-344A709C3956-LeaderElection14] INFO  server.RaftServerConfigKeys (ConfUtils.java:logGet(46)) - raft.server.rpc.request.timeout = 60s (custom)
2022-08-14 01:45:01,341 [937647e2-067d-42aa-a021-6dbfe1bbf122@group-344A709C3956-LeaderElection14] INFO  server.RaftServerConfigKeys (ConfUtils.java:logGet(46)) - raft.server.log.appender.install.snapshot.enabled = false (custom)
2022-08-14 01:45:01,339 [EventQueue-OpenPipelineForHealthyPipelineSafeModeRule] INFO  safemode.SCMSafeModeManager (HealthyPipelineSafeModeRule.java:process(137)) - SCM in safe mode. Healthy pipelines reported count is 0, required healthy pipeline reported count is 1
2022-08-14 01:45:01,343 [eb4f5392-52f7-4dd8-91fe-f5d2e1c8a0c0@group-774EABE7D98C-StateMachineUpdater] INFO  safemode.HealthyPipelineSafeModeRule (HealthyPipelineSafeModeRule.java:initializeRule(165)) - Refreshed total pipeline count is 1, healthy pipeline threshold count is 1
2022-08-14 01:45:01,343 [EventQueue-OpenPipelineForHealthyPipelineSafeModeRule] INFO  safemode.SCMSafeModeManager (HealthyPipelineSafeModeRule.java:process(137)) - SCM in safe mode. Healthy pipelines reported count is 1, required healthy pipeline reported count is 1
2022-08-14 01:45:01,343 [EventQueue-OpenPipelineForHealthyPipelineSafeModeRule] INFO  safemode.SCMSafeModeManager (SCMSafeModeManager.java:validateSafeModeExitRules(204)) - HealthyPipelineSafeModeRule rule is successfully validated
2022-08-14 01:45:01,343 [EventQueue-OpenPipelineForHealthyPipelineSafeModeRule] INFO  safemode.SCMSafeModeManager (SCMSafeModeManager.java:validateSafeModeExitRules(219)) - ScmSafeModeManager, all rules are successfully validated
2022-08-14 01:45:01,344 [EventQueue-OpenPipelineForHealthyPipelineSafeModeRule] INFO  safemode.SCMSafeModeManager (SCMSafeModeManager.java:exitSafeMode(248)) - SCM exiting safe mode.
2022-08-14 01:45:01,344 [EventQueue-OpenPipelineForHealthyPipelineSafeModeRule] WARN  events.EventQueue (EventQueue.java:fireEvent(216)) - No event handler registered for event TypedEvent{payloadType=SafeModeStatus, name='Safe mode status'}
2022-08-14 01:45:01,344 [EventQueue-OpenPipelineForHealthyPipelineSafeModeRule] INFO  ha.SCMContext (SCMContext.java:updateSafeModeStatus(228)) - Update SafeModeStatus from SafeModeStatus{safeModeStatus=true, preCheckPassed=true} to SafeModeStatus{safeModeStatus=false, preCheckPassed=true}.
2022-08-14 01:45:01,344 [EventQueue-OpenPipelineForHealthyPipelineSafeModeRule] INFO  BackgroundPipelineScrubber (BackgroundSCMService.java:notifyStatusChanged(82)) - Service BackgroundPipelineScrubber transitions to RUNNING.
2022-08-14 01:45:01,344 [EventQueue-OpenPipelineForHealthyPipelineSafeModeRule] INFO  ExpiredContainerReplicaOpScrubber (BackgroundSCMService.java:notifyStatusChanged(82)) - Service ExpiredContainerReplicaOpScrubber transitions to RUNNING.
2022-08-14 01:45:01,344 [EventQueue-OpenPipelineForHealthyPipelineSafeModeRule] INFO  UnderReplicatedQueueThread (BackgroundSCMService.java:notifyStatusChanged(82)) - Service UnderReplicatedQueueThread transitions to RUNNING.
2022-08-14 01:45:01,344 [EventQueue-OpenPipelineForHealthyPipelineSafeModeRule] INFO  OverReplicatedQueueThread (BackgroundSCMService.java:notifyStatusChanged(82)) - Service OverReplicatedQueueThread transitions to RUNNING.
2022-08-14 01:45:01,344 [EventQueue-OpenPipelineForHealthyPipelineSafeModeRule] INFO  replication.ReplicationManager (ReplicationManager.java:notifyStatusChanged(719)) - Service ReplicationManager transitions to RUNNING.
2022-08-14 01:45:01,344 [937647e2-067d-42aa-a021-6dbfe1bbf122@group-344A709C3956-LeaderElection14] INFO  server.RaftServerConfigKeys (ConfUtils.java:logGet(46)) - raft.server.log.appender.snapshot.chunk.size.max = 16MB (=16777216) (default)
2022-08-14 01:45:01,345 [937647e2-067d-42aa-a021-6dbfe1bbf122@group-344A709C3956-LeaderElection14] INFO  server.RaftServerConfigKeys (ConfUtils.java:logGet(46)) - raft.server.log.appender.buffer.byte-limit = 33554432 (custom)
2022-08-14 01:45:01,345 [937647e2-067d-42aa-a021-6dbfe1bbf122@group-344A709C3956-LeaderElection14] INFO  server.RaftServerConfigKeys (ConfUtils.java:logGet(46)) - raft.server.log.appender.buffer.element-limit = 1 (custom)
2022-08-14 01:45:01,345 [937647e2-067d-42aa-a021-6dbfe1bbf122@group-344A709C3956-LeaderElection14] INFO  grpc.GrpcConfigKeys (ConfUtils.java:logGet(46)) - raft.grpc.server.leader.outstanding.appends.max = 128 (default)
2022-08-14 01:45:01,345 [EventQueue-OpenPipelineForHealthyPipelineSafeModeRule] WARN  balancer.ContainerBalancer (ContainerBalancer.java:shouldRun(904)) - Could not find persisted configuration for ContainerBalancer when checking if ContainerBalancer should run. ContainerBalancer should not run now.
2022-08-14 01:45:01,345 [937647e2-067d-42aa-a021-6dbfe1bbf122@group-344A709C3956-LeaderElection14] INFO  server.RaftServerConfigKeys (ConfUtils.java:logGet(46)) - raft.server.rpc.request.timeout = 60s (custom)
2022-08-14 01:45:01,346 [937647e2-067d-42aa-a021-6dbfe1bbf122@group-344A709C3956-LeaderElection14] INFO  server.RaftServerConfigKeys (ConfUtils.java:logGet(46)) - raft.server.log.appender.install.snapshot.enabled = false (custom)
2022-08-14 01:45:01,347 [03edee82-0664-4375-9f31-ace4c627e75e@group-774EABE7D98C-StateMachineUpdater] INFO  safemode.HealthyPipelineSafeModeRule (HealthyPipelineSafeModeRule.java:initializeRule(165)) - Refreshed total pipeline count is 1, healthy pipeline threshold count is 1
2022-08-14 01:45:01,349 [cf90fe62-f76e-4488-be8d-0c3b3445e4fe@group-774EABE7D98C-StateMachineUpdater] INFO  safemode.HealthyPipelineSafeModeRule (HealthyPipelineSafeModeRule.java:initializeRule(165)) - Refreshed total pipeline count is 1, healthy pipeline threshold count is 1
2022-08-14 01:45:01,350 [937647e2-067d-42aa-a021-6dbfe1bbf122@group-344A709C3956-LeaderElection14] INFO  impl.RoleInfo (RoleInfo.java:updateAndGet(139)) - 937647e2-067d-42aa-a021-6dbfe1bbf122: start 937647e2-067d-42aa-a021-6dbfe1bbf122@group-344A709C3956-LeaderStateImpl
2022-08-14 01:45:01,350 [937647e2-067d-42aa-a021-6dbfe1bbf122@group-344A709C3956-LeaderElection14] INFO  segmented.SegmentedRaftLogWorker (SegmentedRaftLogWorker.java:startLogSegment(425)) - 937647e2-067d-42aa-a021-6dbfe1bbf122@group-344A709C3956-SegmentedRaftLogWorker: Starting segment from index:0
2022-08-14 01:45:01,352 [937647e2-067d-42aa-a021-6dbfe1bbf122@group-344A709C3956-SegmentedRaftLogWorker] INFO  segmented.SegmentedRaftLogWorker (SegmentedRaftLogWorker.java:execute(629)) - 937647e2-067d-42aa-a021-6dbfe1bbf122@group-344A709C3956-SegmentedRaftLogWorker: created new log segment /home/runner/work/ozone/ozone/hadoop-ozone/integration-test/target/test-dir/MiniOzoneClusterImpl-8ae01b46-865b-4b2e-8bfc-774eabe7d98c/datanode-2/data/ratis/3d0310a6-01ac-4418-a2f2-344a709c3956/current/log_inprogress_0
2022-08-14 01:45:01,365 [937647e2-067d-42aa-a021-6dbfe1bbf122@group-344A709C3956-LeaderElection14] INFO  server.RaftServer$Division (ServerState.java:setRaftConf(393)) - 937647e2-067d-42aa-a021-6dbfe1bbf122@group-344A709C3956: set configuration 0: [8222fa1d-6d96-4624-a383-c2b17e7dd66e|rpc:127.0.0.1:37911|dataStream:|priority:0, f124399b-2518-488d-bf7f-30c6c2e21956|rpc:127.0.0.1:37713|dataStream:|priority:0, 937647e2-067d-42aa-a021-6dbfe1bbf122|rpc:127.0.0.1:42293|dataStream:|priority:1], old=null
2022-08-14 01:45:01,379 [8222fa1d-6d96-4624-a383-c2b17e7dd66e-server-thread1] INFO  ratis.XceiverServerRatis (XceiverServerRatis.java:handleLeaderChangedNotification(863)) - Leader change notification received for group: group-344A709C3956 with new leaderId: 937647e2-067d-42aa-a021-6dbfe1bbf122
2022-08-14 01:45:01,379 [8222fa1d-6d96-4624-a383-c2b17e7dd66e-server-thread1] INFO  server.RaftServer$Division (ServerState.java:setLeader(287)) - 8222fa1d-6d96-4624-a383-c2b17e7dd66e@group-344A709C3956: change Leader from null to 937647e2-067d-42aa-a021-6dbfe1bbf122 at term 3 for appendEntries, leader elected after 15191ms
2022-08-14 01:45:01,379 [f124399b-2518-488d-bf7f-30c6c2e21956-server-thread1] INFO  ratis.XceiverServerRatis (XceiverServerRatis.java:handleLeaderChangedNotification(863)) - Leader change notification received for group: group-344A709C3956 with new leaderId: 937647e2-067d-42aa-a021-6dbfe1bbf122
2022-08-14 01:45:01,379 [f124399b-2518-488d-bf7f-30c6c2e21956-server-thread1] INFO  server.RaftServer$Division (ServerState.java:setLeader(287)) - f124399b-2518-488d-bf7f-30c6c2e21956@group-344A709C3956: change Leader from null to 937647e2-067d-42aa-a021-6dbfe1bbf122 at term 3 for appendEntries, leader elected after 15027ms
2022-08-14 01:45:01,382 [8222fa1d-6d96-4624-a383-c2b17e7dd66e-server-thread1] INFO  server.RaftServer$Division (ServerState.java:setRaftConf(393)) - 8222fa1d-6d96-4624-a383-c2b17e7dd66e@group-344A709C3956: set configuration 0: [8222fa1d-6d96-4624-a383-c2b17e7dd66e|rpc:127.0.0.1:37911|dataStream:|priority:0, f124399b-2518-488d-bf7f-30c6c2e21956|rpc:127.0.0.1:37713|dataStream:|priority:0, 937647e2-067d-42aa-a021-6dbfe1bbf122|rpc:127.0.0.1:42293|dataStream:|priority:1], old=null
2022-08-14 01:45:01,382 [8222fa1d-6d96-4624-a383-c2b17e7dd66e-server-thread1] INFO  segmented.SegmentedRaftLogWorker (SegmentedRaftLogWorker.java:startLogSegment(425)) - 8222fa1d-6d96-4624-a383-c2b17e7dd66e@group-344A709C3956-SegmentedRaftLogWorker: Starting segment from index:0
2022-08-14 01:45:01,386 [f124399b-2518-488d-bf7f-30c6c2e21956-server-thread1] INFO  server.RaftServer$Division (ServerState.java:setRaftConf(393)) - f124399b-2518-488d-bf7f-30c6c2e21956@group-344A709C3956: set configuration 0: [8222fa1d-6d96-4624-a383-c2b17e7dd66e|rpc:127.0.0.1:37911|dataStream:|priority:0, f124399b-2518-488d-bf7f-30c6c2e21956|rpc:127.0.0.1:37713|dataStream:|priority:0, 937647e2-067d-42aa-a021-6dbfe1bbf122|rpc:127.0.0.1:42293|dataStream:|priority:1], old=null
2022-08-14 01:45:01,386 [8222fa1d-6d96-4624-a383-c2b17e7dd66e@group-344A709C3956-SegmentedRaftLogWorker] INFO  segmented.SegmentedRaftLogWorker (SegmentedRaftLogWorker.java:execute(629)) - 8222fa1d-6d96-4624-a383-c2b17e7dd66e@group-344A709C3956-SegmentedRaftLogWorker: created new log segment /home/runner/work/ozone/ozone/hadoop-ozone/integration-test/target/test-dir/MiniOzoneClusterImpl-8ae01b46-865b-4b2e-8bfc-774eabe7d98c/datanode-0/data/ratis/3d0310a6-01ac-4418-a2f2-344a709c3956/current/log_inprogress_0
2022-08-14 01:45:01,387 [f124399b-2518-488d-bf7f-30c6c2e21956-server-thread1] INFO  segmented.SegmentedRaftLogWorker (SegmentedRaftLogWorker.java:startLogSegment(425)) - f124399b-2518-488d-bf7f-30c6c2e21956@group-344A709C3956-SegmentedRaftLogWorker: Starting segment from index:0
2022-08-14 01:45:01,389 [f124399b-2518-488d-bf7f-30c6c2e21956@group-344A709C3956-SegmentedRaftLogWorker] INFO  segmented.SegmentedRaftLogWorker (SegmentedRaftLogWorker.java:execute(629)) - f124399b-2518-488d-bf7f-30c6c2e21956@group-344A709C3956-SegmentedRaftLogWorker: created new log segment /home/runner/work/ozone/ozone/hadoop-ozone/integration-test/target/test-dir/MiniOzoneClusterImpl-8ae01b46-865b-4b2e-8bfc-774eabe7d98c/datanode-1/data/ratis/3d0310a6-01ac-4418-a2f2-344a709c3956/current/log_inprogress_0
2022-08-14 01:45:01,717 [937647e2-067d-42aa-a021-6dbfe1bbf122@group-F49552B7F4B3-FollowerState] INFO  impl.FollowerState (FollowerState.java:run(143)) - 937647e2-067d-42aa-a021-6dbfe1bbf122@group-F49552B7F4B3-FollowerState: change to CANDIDATE, lastRpcElapsedTime:5128787404ns, electionTimeout:5128ms
2022-08-14 01:45:01,717 [937647e2-067d-42aa-a021-6dbfe1bbf122@group-F49552B7F4B3-FollowerState] INFO  impl.RoleInfo (RoleInfo.java:shutdownFollowerState(110)) - 937647e2-067d-42aa-a021-6dbfe1bbf122: shutdown 937647e2-067d-42aa-a021-6dbfe1bbf122@group-F49552B7F4B3-FollowerState
2022-08-14 01:45:01,717 [937647e2-067d-42aa-a021-6dbfe1bbf122@group-F49552B7F4B3-FollowerState] INFO  server.RaftServer$Division (RaftServerImpl.java:setRole(299)) - 937647e2-067d-42aa-a021-6dbfe1bbf122@group-F49552B7F4B3: changes role from  FOLLOWER to CANDIDATE at term 2 for changeToCandidate
2022-08-14 01:45:01,717 [937647e2-067d-42aa-a021-6dbfe1bbf122@group-F49552B7F4B3-FollowerState] INFO  server.RaftServerConfigKeys (ConfUtils.java:logGet(46)) - raft.server.leaderelection.pre-vote = false (custom)
2022-08-14 01:45:01,717 [937647e2-067d-42aa-a021-6dbfe1bbf122@group-F49552B7F4B3-FollowerState] INFO  impl.RoleInfo (RoleInfo.java:updateAndGet(139)) - 937647e2-067d-42aa-a021-6dbfe1bbf122: start 937647e2-067d-42aa-a021-6dbfe1bbf122@group-F49552B7F4B3-LeaderElection15
2022-08-14 01:45:01,720 [937647e2-067d-42aa-a021-6dbfe1bbf122@group-F49552B7F4B3-LeaderElection15] INFO  impl.LeaderElection (LeaderElection.java:askForVotes(310)) - 937647e2-067d-42aa-a021-6dbfe1bbf122@group-F49552B7F4B3-LeaderElection15 ELECTION round 0: submit vote requests at term 3 for -1: [8222fa1d-6d96-4624-a383-c2b17e7dd66e|rpc:127.0.0.1:37911|dataStream:|priority:0, f124399b-2518-488d-bf7f-30c6c2e21956|rpc:127.0.0.1:37713|dataStream:|priority:1, 937647e2-067d-42aa-a021-6dbfe1bbf122|rpc:127.0.0.1:42293|dataStream:|priority:0], old=null
2022-08-14 01:45:01,724 [grpc-default-executor-0] INFO  server.RaftServer$Division (RaftServerImpl.java:requestVote(1152)) - f124399b-2518-488d-bf7f-30c6c2e21956@group-F49552B7F4B3: receive requestVote(ELECTION, 937647e2-067d-42aa-a021-6dbfe1bbf122, group-F49552B7F4B3, 3, (t:0, i:0))
2022-08-14 01:45:01,724 [grpc-default-executor-0] INFO  impl.VoteContext (VoteContext.java:log(48)) - f124399b-2518-488d-bf7f-30c6c2e21956@group-F49552B7F4B3-FOLLOWER: reject ELECTION from 937647e2-067d-42aa-a021-6dbfe1bbf122: our priority 1 > candidate's priority 0
2022-08-14 01:45:01,724 [grpc-default-executor-0] INFO  server.RaftServer$Division (RaftServerImpl.java:setRole(299)) - f124399b-2518-488d-bf7f-30c6c2e21956@group-F49552B7F4B3: changes role from  FOLLOWER to FOLLOWER at term 3 for candidate:937647e2-067d-42aa-a021-6dbfe1bbf122
2022-08-14 01:45:01,724 [grpc-default-executor-0] INFO  impl.RoleInfo (RoleInfo.java:shutdownFollowerState(110)) - f124399b-2518-488d-bf7f-30c6c2e21956: shutdown f124399b-2518-488d-bf7f-30c6c2e21956@group-F49552B7F4B3-FollowerState
2022-08-14 01:45:01,724 [grpc-default-executor-0] INFO  impl.RoleInfo (RoleInfo.java:updateAndGet(139)) - f124399b-2518-488d-bf7f-30c6c2e21956: start f124399b-2518-488d-bf7f-30c6c2e21956@group-F49552B7F4B3-FollowerState
2022-08-14 01:45:01,724 [f124399b-2518-488d-bf7f-30c6c2e21956@group-F49552B7F4B3-FollowerState] INFO  impl.FollowerState (FollowerState.java:run(152)) - f124399b-2518-488d-bf7f-30c6c2e21956@group-F49552B7F4B3-FollowerState was interrupted
2022-08-14 01:45:01,725 [grpc-default-executor-1] INFO  server.RaftServer$Division (RaftServerImpl.java:requestVote(1152)) - 8222fa1d-6d96-4624-a383-c2b17e7dd66e@group-F49552B7F4B3: receive requestVote(ELECTION, 937647e2-067d-42aa-a021-6dbfe1bbf122, group-F49552B7F4B3, 3, (t:0, i:0))
2022-08-14 01:45:01,725 [grpc-default-executor-1] INFO  impl.VoteContext (VoteContext.java:log(48)) - 8222fa1d-6d96-4624-a383-c2b17e7dd66e@group-F49552B7F4B3-FOLLOWER: accept ELECTION from 937647e2-067d-42aa-a021-6dbfe1bbf122: our priority 0 <= candidate's priority 0
2022-08-14 01:45:01,726 [grpc-default-executor-1] INFO  server.RaftServer$Division (RaftServerImpl.java:setRole(299)) - 8222fa1d-6d96-4624-a383-c2b17e7dd66e@group-F49552B7F4B3: changes role from  FOLLOWER to FOLLOWER at term 3 for candidate:937647e2-067d-42aa-a021-6dbfe1bbf122
2022-08-14 01:45:01,726 [grpc-default-executor-1] INFO  impl.RoleInfo (RoleInfo.java:shutdownFollowerState(110)) - 8222fa1d-6d96-4624-a383-c2b17e7dd66e: shutdown 8222fa1d-6d96-4624-a383-c2b17e7dd66e@group-F49552B7F4B3-FollowerState
2022-08-14 01:45:01,726 [grpc-default-executor-1] INFO  impl.RoleInfo (RoleInfo.java:updateAndGet(139)) - 8222fa1d-6d96-4624-a383-c2b17e7dd66e: start 8222fa1d-6d96-4624-a383-c2b17e7dd66e@group-F49552B7F4B3-FollowerState
2022-08-14 01:45:01,726 [8222fa1d-6d96-4624-a383-c2b17e7dd66e@group-F49552B7F4B3-FollowerState] INFO  impl.FollowerState (FollowerState.java:run(152)) - 8222fa1d-6d96-4624-a383-c2b17e7dd66e@group-F49552B7F4B3-FollowerState was interrupted
2022-08-14 01:45:01,728 [grpc-default-executor-0] INFO  server.RaftServer$Division (RaftServerImpl.java:requestVote(1184)) - f124399b-2518-488d-bf7f-30c6c2e21956@group-F49552B7F4B3 replies to ELECTION vote request: 937647e2-067d-42aa-a021-6dbfe1bbf122<-f124399b-2518-488d-bf7f-30c6c2e21956#0:FAIL-t3. Peer's state: f124399b-2518-488d-bf7f-30c6c2e21956@group-F49552B7F4B3:t3, leader=null, voted=null, raftlog=f124399b-2518-488d-bf7f-30c6c2e21956@group-F49552B7F4B3-SegmentedRaftLog:OPENED:c-1, conf=-1: [8222fa1d-6d96-4624-a383-c2b17e7dd66e|rpc:127.0.0.1:37911|dataStream:|priority:0, f124399b-2518-488d-bf7f-30c6c2e21956|rpc:127.0.0.1:37713|dataStream:|priority:1, 937647e2-067d-42aa-a021-6dbfe1bbf122|rpc:127.0.0.1:42293|dataStream:|priority:0], old=null
2022-08-14 01:45:01,732 [grpc-default-executor-1] INFO  server.RaftServer$Division (RaftServerImpl.java:requestVote(1184)) - 8222fa1d-6d96-4624-a383-c2b17e7dd66e@group-F49552B7F4B3 replies to ELECTION vote request: 937647e2-067d-42aa-a021-6dbfe1bbf122<-8222fa1d-6d96-4624-a383-c2b17e7dd66e#0:OK-t3. Peer's state: 8222fa1d-6d96-4624-a383-c2b17e7dd66e@group-F49552B7F4B3:t3, leader=null, voted=937647e2-067d-42aa-a021-6dbfe1bbf122, raftlog=8222fa1d-6d96-4624-a383-c2b17e7dd66e@group-F49552B7F4B3-SegmentedRaftLog:OPENED:c-1, conf=-1: [8222fa1d-6d96-4624-a383-c2b17e7dd66e|rpc:127.0.0.1:37911|priority:0, f124399b-2518-488d-bf7f-30c6c2e21956|rpc:127.0.0.1:37713|priority:1, 937647e2-067d-42aa-a021-6dbfe1bbf122|rpc:127.0.0.1:42293|priority:0], old=null
2022-08-14 01:45:01,732 [937647e2-067d-42aa-a021-6dbfe1bbf122@group-F49552B7F4B3-LeaderElection15] INFO  impl.LeaderElection (LeaderElection.java:logAndReturn(90)) - 937647e2-067d-42aa-a021-6dbfe1bbf122@group-F49552B7F4B3-LeaderElection15: ELECTION REJECTED received 1 response(s) and 0 exception(s):
2022-08-14 01:45:01,733 [937647e2-067d-42aa-a021-6dbfe1bbf122@group-F49552B7F4B3-LeaderElection15] INFO  impl.LeaderElection (LeaderElection.java:logAndReturn(94)) -   Response 0: 937647e2-067d-42aa-a021-6dbfe1bbf122<-f124399b-2518-488d-bf7f-30c6c2e21956#0:FAIL-t3
2022-08-14 01:45:01,733 [937647e2-067d-42aa-a021-6dbfe1bbf122@group-F49552B7F4B3-LeaderElection15] INFO  impl.LeaderElection (LeaderElection.java:askForVotes(312)) - 937647e2-067d-42aa-a021-6dbfe1bbf122@group-F49552B7F4B3-LeaderElection15 ELECTION round 0: result REJECTED
2022-08-14 01:45:01,733 [937647e2-067d-42aa-a021-6dbfe1bbf122@group-F49552B7F4B3-LeaderElection15] INFO  server.RaftServer$Division (RaftServerImpl.java:setRole(299)) - 937647e2-067d-42aa-a021-6dbfe1bbf122@group-F49552B7F4B3: changes role from CANDIDATE to FOLLOWER at term 3 for REJECTED
2022-08-14 01:45:01,733 [937647e2-067d-42aa-a021-6dbfe1bbf122@group-F49552B7F4B3-LeaderElection15] INFO  impl.RoleInfo (RoleInfo.java:shutdownLeaderElection(130)) - 937647e2-067d-42aa-a021-6dbfe1bbf122: shutdown 937647e2-067d-42aa-a021-6dbfe1bbf122@group-F49552B7F4B3-LeaderElection15
2022-08-14 01:45:01,733 [937647e2-067d-42aa-a021-6dbfe1bbf122@group-F49552B7F4B3-LeaderElection15] INFO  impl.RoleInfo (RoleInfo.java:updateAndGet(139)) - 937647e2-067d-42aa-a021-6dbfe1bbf122: start 937647e2-067d-42aa-a021-6dbfe1bbf122@group-F49552B7F4B3-FollowerState
2022-08-14 01:45:01,934 [Listener at 127.0.0.1/45525] INFO  ozone.MiniOzoneClusterImpl (MiniOzoneClusterImpl.java:lambda$waitForClusterToBeReady$0(216)) - Nodes are ready. Got 3 of 3 DN Heartbeats.
2022-08-14 01:45:01,934 [Listener at 127.0.0.1/45525] INFO  ozone.MiniOzoneClusterImpl (MiniOzoneClusterImpl.java:lambda$waitForClusterToBeReady$0(219)) - Cluster exits safe mode
2022-08-14 01:45:01,934 [Listener at 127.0.0.1/45525] INFO  ozone.MiniOzoneClusterImpl (MiniOzoneClusterImpl.java:lambda$waitForClusterToBeReady$0(221)) - SCM became leader
2022-08-14 01:45:02,401 [IPC Server handler 19 on default port 33779] INFO  ha.SCMNodeInfo (SCMNodeInfo.java:getPort(197)) - ConfigKey ozone.scm.client.address is deprecated, For configuring different ports for each SCM use PortConfigKey ozone.scm.client.port appended with serviceId and nodeId
2022-08-14 01:45:02,402 [IPC Server handler 19 on default port 33779] INFO  ha.SCMNodeInfo (SCMNodeInfo.java:getPort(197)) - ConfigKey ozone.scm.block.client.address is deprecated, For configuring different ports for each SCM use PortConfigKey ozone.scm.block.client.port appended with serviceId and nodeId
2022-08-14 01:45:02,402 [IPC Server handler 19 on default port 33779] INFO  ha.SCMNodeInfo (SCMNodeInfo.java:getPort(197)) - ConfigKey ozone.scm.datanode.address is deprecated, For configuring different ports for each SCM use PortConfigKey ozone.scm.datanode.port appended with serviceId and nodeId
2022-08-14 01:45:02,402 [IPC Server handler 19 on default port 33779] INFO  ha.SCMNodeInfo (SCMNodeInfo.java:getPort(197)) - ConfigKey ozone.scm.client.address is deprecated, For configuring different ports for each SCM use PortConfigKey ozone.scm.client.port appended with serviceId and nodeId
2022-08-14 01:45:02,402 [IPC Server handler 19 on default port 33779] INFO  ha.SCMNodeInfo (SCMNodeInfo.java:getPort(197)) - ConfigKey ozone.scm.block.client.address is deprecated, For configuring different ports for each SCM use PortConfigKey ozone.scm.block.client.port appended with serviceId and nodeId
2022-08-14 01:45:02,402 [IPC Server handler 19 on default port 33779] INFO  ha.SCMNodeInfo (SCMNodeInfo.java:getPort(197)) - ConfigKey ozone.scm.datanode.address is deprecated, For configuring different ports for each SCM use PortConfigKey ozone.scm.datanode.port appended with serviceId and nodeId
2022-08-14 01:45:02,402 [IPC Server handler 19 on default port 33779] INFO  ha.SCMNodeInfo (SCMNodeInfo.java:getPort(197)) - ConfigKey ozone.scm.client.address is deprecated, For configuring different ports for each SCM use PortConfigKey ozone.scm.client.port appended with serviceId and nodeId
2022-08-14 01:45:02,402 [IPC Server handler 19 on default port 33779] INFO  ha.SCMNodeInfo (SCMNodeInfo.java:getPort(197)) - ConfigKey ozone.scm.block.client.address is deprecated, For configuring different ports for each SCM use PortConfigKey ozone.scm.block.client.port appended with serviceId and nodeId
2022-08-14 01:45:02,402 [IPC Server handler 19 on default port 33779] INFO  ha.SCMNodeInfo (SCMNodeInfo.java:getPort(197)) - ConfigKey ozone.scm.datanode.address is deprecated, For configuring different ports for each SCM use PortConfigKey ozone.scm.datanode.port appended with serviceId and nodeId
2022-08-14 01:45:02,416 [Listener at 127.0.0.1/45525] INFO  rpc.RpcClient (RpcClient.java:createVolume(471)) - Creating Volume: 49202d23-e5d7-4582-a7b4-a46e481bba1b, with runner as owner and space quota set to -1 bytes, counts quota set to -1
2022-08-14 01:45:02,449 [OM StateMachine ApplyTransaction Thread - 0] INFO  volume.OMVolumeCreateRequest (OMVolumeCreateRequest.java:validateAndUpdateCache(195)) - created volume:49202d23-e5d7-4582-a7b4-a46e481bba1b for user:runner
2022-08-14 01:45:02,455 [OM StateMachine ApplyTransaction Thread - 0] INFO  volume.OMVolumeCreateRequest (OMVolumeCreateRequest.java:validateAndUpdateCache(195)) - created volume:49202d23-e5d7-4582-a7b4-a46e481bba1b for user:runner
2022-08-14 01:45:02,459 [OM StateMachine ApplyTransaction Thread - 0] INFO  volume.OMVolumeCreateRequest (OMVolumeCreateRequest.java:validateAndUpdateCache(195)) - created volume:49202d23-e5d7-4582-a7b4-a46e481bba1b for user:runner
2022-08-14 01:45:02,488 [Listener at 127.0.0.1/45525] INFO  rpc.RpcClient (RpcClient.java:createBucket(674)) - Creating Bucket: 49202d23-e5d7-4582-a7b4-a46e481bba1b/76f77b4c-017f-4318-a551-bc5cc6bbe576, with server-side default bucket layout, runner as owner, Versioning false, Storage Type set to DISK and Encryption set to false 
2022-08-14 01:45:02,510 [OM StateMachine ApplyTransaction Thread - 0] INFO  bucket.OMBucketCreateRequest (OMBucketCreateRequest.java:validateAndUpdateCache(260)) - created bucket: 76f77b4c-017f-4318-a551-bc5cc6bbe576 of layout LEGACY in volume: 49202d23-e5d7-4582-a7b4-a46e481bba1b
2022-08-14 01:45:02,511 [Listener at 127.0.0.1/45525] INFO  ozone.MiniOzoneHAClusterImpl (MiniOzoneHAClusterImpl.java:stop(312)) - Stopping the OzoneManager omNode-3
2022-08-14 01:45:02,511 [Listener at 127.0.0.1/45525] INFO  om.OzoneManager (OzoneManager.java:stop(2022)) - omNode-3[localhost:45525]: Stopping Ozone Manager
2022-08-14 01:45:02,511 [Listener at 127.0.0.1/45525] INFO  ipc.Server (Server.java:stop(3414)) - Stopping server on 45525
2022-08-14 01:45:02,517 [OM StateMachine ApplyTransaction Thread - 0] INFO  bucket.OMBucketCreateRequest (OMBucketCreateRequest.java:validateAndUpdateCache(260)) - created bucket: 76f77b4c-017f-4318-a551-bc5cc6bbe576 of layout LEGACY in volume: 49202d23-e5d7-4582-a7b4-a46e481bba1b
2022-08-14 01:45:02,520 [OM StateMachine ApplyTransaction Thread - 0] INFO  bucket.OMBucketCreateRequest (OMBucketCreateRequest.java:validateAndUpdateCache(260)) - created bucket: 76f77b4c-017f-4318-a551-bc5cc6bbe576 of layout LEGACY in volume: 49202d23-e5d7-4582-a7b4-a46e481bba1b
2022-08-14 01:45:02,521 [IPC Server listener on 45525] INFO  ipc.Server (Server.java:run(1376)) - Stopping IPC Server listener on 45525
2022-08-14 01:45:02,521 [Listener at 127.0.0.1/45525] INFO  server.RaftServer (RaftServerProxy.java:lambda$close$7(398)) - omNode-3: close
2022-08-14 01:45:02,521 [Listener at 127.0.0.1/45525] INFO  server.RaftServer$Division (RaftServerImpl.java:lambda$close$4(434)) - omNode-3@group-6C22E66A003A: shutdown
2022-08-14 01:45:02,521 [IPC Server Responder] INFO  ipc.Server (Server.java:run(1512)) - Stopping IPC Server Responder
2022-08-14 01:45:02,524 [Listener at 127.0.0.1/45525] INFO  util.JmxRegister (JmxRegister.java:unregister(73)) - Successfully un-registered JMX Bean with object name Ratis:service=RaftServer,group=group-6C22E66A003A,id=omNode-3
2022-08-14 01:45:02,524 [Listener at 127.0.0.1/45525] INFO  impl.RoleInfo (RoleInfo.java:shutdownFollowerState(110)) - omNode-3: shutdown omNode-3@group-6C22E66A003A-FollowerState
2022-08-14 01:45:02,524 [Listener at 127.0.0.1/45525] INFO  impl.StateMachineUpdater (StateMachineUpdater.java:stopAndJoin(153)) - omNode-3@group-6C22E66A003A-StateMachineUpdater: set stopIndex = 5
2022-08-14 01:45:02,526 [omNode-3@group-6C22E66A003A-FollowerState] INFO  impl.FollowerState (FollowerState.java:run(152)) - omNode-3@group-6C22E66A003A-FollowerState was interrupted
2022-08-14 01:45:02,526 [omNode-3@group-6C22E66A003A-StateMachineUpdater] INFO  ratis.OzoneManagerStateMachine (OzoneManagerStateMachine.java:takeSnapshot(441)) - Current Snapshot Index (t:3, i:5)
2022-08-14 01:45:02,527 [omNode-3@group-6C22E66A003A-StateMachineUpdater] INFO  impl.StateMachineUpdater (StateMachineUpdater.java:takeSnapshot(287)) - omNode-3@group-6C22E66A003A-StateMachineUpdater: Took a snapshot at index 5
2022-08-14 01:45:02,527 [omNode-3@group-6C22E66A003A-StateMachineUpdater] INFO  impl.StateMachineUpdater (StateMachineUpdater.java:lambda$new$0(92)) - omNode-3@group-6C22E66A003A-StateMachineUpdater: snapshotIndex: updateIncreasingly -1 -> 5
2022-08-14 01:45:02,527 [omNode-3@group-6C22E66A003A-StateMachineUpdater] INFO  ratis.OzoneManagerStateMachine (OzoneManagerStateMachine.java:close(495)) - StateMachine has shutdown. Shutdown OzoneManager if not already shutdown.
2022-08-14 01:45:02,527 [omNode-3@group-6C22E66A003A-StateMachineUpdater] INFO  ratis.OzoneManagerDoubleBuffer (OzoneManagerDoubleBuffer.java:stop(466)) - Stopping OMDoubleBuffer flush thread
2022-08-14 01:45:02,527 [OMDoubleBufferFlushThread] INFO  ratis.OzoneManagerDoubleBuffer (OzoneManagerDoubleBuffer.java:flushTransactions(385)) - OMDoubleBuffer flush thread OMDoubleBufferFlushThread is interrupted and will exit.
2022-08-14 01:45:02,533 [Listener at 127.0.0.1/45525] INFO  server.RaftServer$Division (ServerState.java:close(429)) - omNode-3@group-6C22E66A003A: closes. applyIndex: 5
2022-08-14 01:45:02,533 [omNode-3@group-6C22E66A003A-SegmentedRaftLogWorker] INFO  segmented.SegmentedRaftLogWorker (SegmentedRaftLogWorker.java:run(336)) - omNode-3@group-6C22E66A003A-SegmentedRaftLogWorker was interrupted, exiting. There are 0 tasks remaining in the queue.
2022-08-14 01:45:02,535 [Listener at 127.0.0.1/45525] INFO  segmented.SegmentedRaftLogWorker (SegmentedRaftLogWorker.java:close(246)) - omNode-3@group-6C22E66A003A-SegmentedRaftLogWorker close()
2022-08-14 01:45:02,537 [Listener at 127.0.0.1/45525] INFO  server.GrpcService (GrpcService.java:closeImpl(269)) - omNode-3: shutdown server with port 41225 now
2022-08-14 01:45:02,549 [grpc-default-executor-0] WARN  server.GrpcServerProtocolService (LogUtils.java:warn(122)) - omNode-3: installSnapshot onError, lastRequest: omNode-2->omNode-3#110-t3,previous=(t:3, i:5),leaderCommit=5,initializing? true,entries: size=1, first=(t:3, i:6), METADATAENTRY(c:5): org.apache.ratis.thirdparty.io.grpc.StatusRuntimeException: CANCELLED: client cancelled
2022-08-14 01:45:02,552 [grpc-default-executor-0] WARN  server.GrpcLogAppender (LogUtils.java:warn(122)) - omNode-2@group-6C22E66A003A->omNode-3-AppendLogResponseHandler: Failed appendEntries: org.apache.ratis.thirdparty.io.grpc.StatusRuntimeException: CANCELLED: RST_STREAM closed stream. HTTP/2 error code: CANCEL
2022-08-14 01:45:02,553 [grpc-default-executor-0] INFO  leader.FollowerInfo (FollowerInfoImpl.java:lambda$new$0(48)) - omNode-2@group-6C22E66A003A->omNode-3: nextIndex: updateUnconditionally 7 -> 6
2022-08-14 01:45:02,553 [Listener at 127.0.0.1/45525] INFO  server.GrpcService (GrpcService.java:closeImpl(278)) - omNode-3: shutdown server with port 41225 successfully
2022-08-14 01:45:02,553 [org.apache.ratis.util.JvmPauseMonitor$$Lambda$519/202110677@673475bf] INFO  util.JvmPauseMonitor (JvmPauseMonitor.java:run(109)) - JvmPauseMonitor-omNode-3: Stopped
2022-08-14 01:45:02,554 [Listener at 127.0.0.1/45525] INFO  ratis.OzoneManagerStateMachine (OzoneManagerStateMachine.java:close(495)) - StateMachine has shutdown. Shutdown OzoneManager if not already shutdown.
2022-08-14 01:45:02,554 [Listener at 127.0.0.1/45525] INFO  ratis.OzoneManagerDoubleBuffer (OzoneManagerDoubleBuffer.java:stop(478)) - OMDoubleBuffer flush thread is not running.
2022-08-14 01:45:02,554 [Listener at 127.0.0.1/45525] INFO  utils.BackgroundService (BackgroundService.java:shutdown(141)) - Shutting down service KeyDeletingService
2022-08-14 01:45:02,554 [Listener at 127.0.0.1/45525] INFO  utils.BackgroundService (BackgroundService.java:shutdown(141)) - Shutting down service DirectoryDeletingService
2022-08-14 01:45:02,554 [Listener at 127.0.0.1/45525] INFO  utils.BackgroundService (BackgroundService.java:shutdown(141)) - Shutting down service OpenKeyCleanupService
2022-08-14 01:45:02,556 [Listener at 127.0.0.1/45525] INFO  handler.ContextHandler (ContextHandler.java:doStop(1153)) - Stopped o.e.j.w.WebAppContext@63c80936{ozoneManager,/,null,STOPPED}{file:/home/runner/work/ozone/ozone/hadoop-ozone/integration-test/target/test-classes/webapps/ozoneManager}
2022-08-14 01:45:02,560 [Listener at 127.0.0.1/45525] INFO  server.AbstractConnector (AbstractConnector.java:doStop(381)) - Stopped ServerConnector@f890ec9{HTTP/1.1, (http/1.1)}{0.0.0.0:41511}
2022-08-14 01:45:02,560 [Listener at 127.0.0.1/45525] INFO  server.session (HouseKeeper.java:stopScavenging(149)) - node0 Stopped scavenging
2022-08-14 01:45:02,560 [Listener at 127.0.0.1/45525] INFO  handler.ContextHandler (ContextHandler.java:doStop(1153)) - Stopped o.e.j.s.ServletContextHandler@5ea23a00{static,/static,file:///home/runner/work/ozone/ozone/hadoop-ozone/integration-test/target/test-classes/webapps/static,STOPPED}
2022-08-14 01:45:02,560 [Listener at 127.0.0.1/45525] INFO  handler.ContextHandler (ContextHandler.java:doStop(1153)) - Stopped o.e.j.s.ServletContextHandler@ab4d954{logs,/logs,file:///home/runner/work/ozone/ozone/hadoop-ozone/integration-test/target/log,STOPPED}
2022-08-14 01:45:02,568 [grpc-default-executor-1] WARN  server.GrpcLogAppender (LogUtils.java:warn(122)) - omNode-2@group-6C22E66A003A->omNode-3-AppendLogResponseHandler: Failed appendEntries: org.apache.ratis.thirdparty.io.grpc.StatusRuntimeException: UNAVAILABLE: io exception
2022-08-14 01:45:02,568 [grpc-default-executor-1] INFO  leader.FollowerInfo (FollowerInfoImpl.java:lambda$new$0(48)) - omNode-2@group-6C22E66A003A->omNode-3: nextIndex: updateUnconditionally 7 -> 6
2022-08-14 01:45:02,568 [Listener at 127.0.0.1/45525] INFO  ozone.MiniOzoneHAClusterImpl (MiniOzoneHAClusterImpl.java:stop(312)) - Stopping the OzoneManager omNode-1
2022-08-14 01:45:02,571 [Listener at 127.0.0.1/45525] INFO  om.OzoneManager (OzoneManager.java:stop(2022)) - omNode-1[localhost:40583]: Stopping Ozone Manager
2022-08-14 01:45:02,571 [Listener at 127.0.0.1/45525] INFO  ipc.Server (Server.java:stop(3414)) - Stopping server on 40583
2022-08-14 01:45:02,574 [IPC Server listener on 40583] INFO  ipc.Server (Server.java:run(1376)) - Stopping IPC Server listener on 40583
2022-08-14 01:45:02,577 [IPC Server Responder] INFO  ipc.Server (Server.java:run(1512)) - Stopping IPC Server Responder
2022-08-14 01:45:02,577 [Listener at 127.0.0.1/45525] INFO  server.RaftServer (RaftServerProxy.java:lambda$close$7(398)) - omNode-1: close
2022-08-14 01:45:02,577 [Listener at 127.0.0.1/45525] INFO  server.RaftServer$Division (RaftServerImpl.java:lambda$close$4(434)) - omNode-1@group-6C22E66A003A: shutdown
2022-08-14 01:45:02,577 [Listener at 127.0.0.1/45525] INFO  util.JmxRegister (JmxRegister.java:unregister(73)) - Successfully un-registered JMX Bean with object name Ratis:service=RaftServer,group=group-6C22E66A003A,id=omNode-1
2022-08-14 01:45:02,577 [Listener at 127.0.0.1/45525] INFO  impl.RoleInfo (RoleInfo.java:shutdownFollowerState(110)) - omNode-1: shutdown omNode-1@group-6C22E66A003A-FollowerState
2022-08-14 01:45:02,578 [Listener at 127.0.0.1/45525] INFO  impl.StateMachineUpdater (StateMachineUpdater.java:stopAndJoin(153)) - omNode-1@group-6C22E66A003A-StateMachineUpdater: set stopIndex = 5
2022-08-14 01:45:02,578 [omNode-1@group-6C22E66A003A-StateMachineUpdater] INFO  ratis.OzoneManagerStateMachine (OzoneManagerStateMachine.java:takeSnapshot(441)) - Current Snapshot Index (t:3, i:5)
2022-08-14 01:45:02,578 [omNode-1@group-6C22E66A003A-StateMachineUpdater] INFO  impl.StateMachineUpdater (StateMachineUpdater.java:takeSnapshot(287)) - omNode-1@group-6C22E66A003A-StateMachineUpdater: Took a snapshot at index 5
2022-08-14 01:45:02,578 [omNode-1@group-6C22E66A003A-StateMachineUpdater] INFO  impl.StateMachineUpdater (StateMachineUpdater.java:lambda$new$0(92)) - omNode-1@group-6C22E66A003A-StateMachineUpdater: snapshotIndex: updateIncreasingly -1 -> 5
2022-08-14 01:45:02,578 [omNode-1@group-6C22E66A003A-StateMachineUpdater] INFO  ratis.OzoneManagerStateMachine (OzoneManagerStateMachine.java:close(495)) - StateMachine has shutdown. Shutdown OzoneManager if not already shutdown.
2022-08-14 01:45:02,578 [omNode-1@group-6C22E66A003A-StateMachineUpdater] INFO  ratis.OzoneManagerDoubleBuffer (OzoneManagerDoubleBuffer.java:stop(466)) - Stopping OMDoubleBuffer flush thread
2022-08-14 01:45:02,578 [OMDoubleBufferFlushThread] INFO  ratis.OzoneManagerDoubleBuffer (OzoneManagerDoubleBuffer.java:flushTransactions(385)) - OMDoubleBuffer flush thread OMDoubleBufferFlushThread is interrupted and will exit.
2022-08-14 01:45:02,578 [omNode-1@group-6C22E66A003A-FollowerState] INFO  impl.FollowerState (FollowerState.java:run(152)) - omNode-1@group-6C22E66A003A-FollowerState was interrupted
2022-08-14 01:45:02,580 [Listener at 127.0.0.1/45525] INFO  server.RaftServer$Division (ServerState.java:close(429)) - omNode-1@group-6C22E66A003A: closes. applyIndex: 5
2022-08-14 01:45:02,580 [omNode-1@group-6C22E66A003A-SegmentedRaftLogWorker] INFO  segmented.SegmentedRaftLogWorker (SegmentedRaftLogWorker.java:run(336)) - omNode-1@group-6C22E66A003A-SegmentedRaftLogWorker was interrupted, exiting. There are 0 tasks remaining in the queue.
2022-08-14 01:45:02,582 [Listener at 127.0.0.1/45525] INFO  segmented.SegmentedRaftLogWorker (SegmentedRaftLogWorker.java:close(246)) - omNode-1@group-6C22E66A003A-SegmentedRaftLogWorker close()
2022-08-14 01:45:02,584 [Listener at 127.0.0.1/45525] INFO  server.GrpcService (GrpcService.java:closeImpl(269)) - omNode-1: shutdown server with port 33957 now
2022-08-14 01:45:02,587 [grpc-default-executor-1] WARN  server.GrpcServerProtocolService (LogUtils.java:warn(122)) - omNode-1: installSnapshot onError, lastRequest: omNode-2->omNode-1#116-t3,previous=(t:3, i:5),leaderCommit=5,initializing? true,entries: size=1, first=(t:3, i:6), METADATAENTRY(c:5): org.apache.ratis.thirdparty.io.grpc.StatusRuntimeException: CANCELLED: client cancelled
2022-08-14 01:45:02,588 [grpc-default-executor-1] WARN  server.GrpcLogAppender (LogUtils.java:warn(122)) - omNode-2@group-6C22E66A003A->omNode-1-AppendLogResponseHandler: Failed appendEntries: org.apache.ratis.thirdparty.io.grpc.StatusRuntimeException: CANCELLED: RST_STREAM closed stream. HTTP/2 error code: CANCEL
2022-08-14 01:45:02,588 [grpc-default-executor-1] INFO  leader.FollowerInfo (FollowerInfoImpl.java:lambda$new$0(48)) - omNode-2@group-6C22E66A003A->omNode-1: nextIndex: updateUnconditionally 7 -> 6
2022-08-14 01:45:02,592 [Listener at 127.0.0.1/45525] INFO  server.GrpcService (GrpcService.java:closeImpl(278)) - omNode-1: shutdown server with port 33957 successfully
2022-08-14 01:45:02,592 [org.apache.ratis.util.JvmPauseMonitor$$Lambda$519/202110677@71f43bbe] INFO  util.JvmPauseMonitor (JvmPauseMonitor.java:run(109)) - JvmPauseMonitor-omNode-1: Stopped
2022-08-14 01:45:02,592 [Listener at 127.0.0.1/45525] INFO  ratis.OzoneManagerStateMachine (OzoneManagerStateMachine.java:close(495)) - StateMachine has shutdown. Shutdown OzoneManager if not already shutdown.
2022-08-14 01:45:02,592 [Listener at 127.0.0.1/45525] INFO  ratis.OzoneManagerDoubleBuffer (OzoneManagerDoubleBuffer.java:stop(478)) - OMDoubleBuffer flush thread is not running.
2022-08-14 01:45:02,592 [Listener at 127.0.0.1/45525] INFO  utils.BackgroundService (BackgroundService.java:shutdown(141)) - Shutting down service KeyDeletingService
2022-08-14 01:45:02,593 [Listener at 127.0.0.1/45525] INFO  utils.BackgroundService (BackgroundService.java:shutdown(141)) - Shutting down service DirectoryDeletingService
2022-08-14 01:45:02,594 [Listener at 127.0.0.1/45525] INFO  utils.BackgroundService (BackgroundService.java:shutdown(141)) - Shutting down service OpenKeyCleanupService
2022-08-14 01:45:02,596 [Listener at 127.0.0.1/45525] INFO  handler.ContextHandler (ContextHandler.java:doStop(1153)) - Stopped o.e.j.w.WebAppContext@372d3c0c{ozoneManager,/,null,STOPPED}{file:/home/runner/work/ozone/ozone/hadoop-ozone/integration-test/target/test-classes/webapps/ozoneManager}
2022-08-14 01:45:02,599 [Listener at 127.0.0.1/45525] INFO  server.AbstractConnector (AbstractConnector.java:doStop(381)) - Stopped ServerConnector@77ded163{HTTP/1.1, (http/1.1)}{0.0.0.0:37847}
2022-08-14 01:45:02,599 [Listener at 127.0.0.1/45525] INFO  server.session (HouseKeeper.java:stopScavenging(149)) - node0 Stopped scavenging
2022-08-14 01:45:02,600 [grpc-default-executor-0] WARN  server.GrpcLogAppender (LogUtils.java:warn(122)) - omNode-2@group-6C22E66A003A->omNode-1-AppendLogResponseHandler: Failed appendEntries: org.apache.ratis.thirdparty.io.grpc.StatusRuntimeException: UNAVAILABLE: io exception
2022-08-14 01:45:02,600 [grpc-default-executor-0] INFO  leader.FollowerInfo (FollowerInfoImpl.java:lambda$new$0(48)) - omNode-2@group-6C22E66A003A->omNode-1: nextIndex: updateUnconditionally 7 -> 6
2022-08-14 01:45:02,600 [Listener at 127.0.0.1/45525] INFO  handler.ContextHandler (ContextHandler.java:doStop(1153)) - Stopped o.e.j.s.ServletContextHandler@f4fe092{static,/static,file:///home/runner/work/ozone/ozone/hadoop-ozone/integration-test/target/test-classes/webapps/static,STOPPED}
2022-08-14 01:45:02,603 [Listener at 127.0.0.1/45525] INFO  handler.ContextHandler (ContextHandler.java:doStop(1153)) - Stopped o.e.j.s.ServletContextHandler@7c589086{logs,/logs,file:///home/runner/work/ozone/ozone/hadoop-ozone/integration-test/target/log,STOPPED}
2022-08-14 01:45:02,606 [Listener at 127.0.0.1/45525] INFO  ozone.MiniOzoneHAClusterImpl (MiniOzoneHAClusterImpl.java:stop(312)) - Stopping the OzoneManager omNode-2
2022-08-14 01:45:02,606 [Listener at 127.0.0.1/45525] INFO  om.OzoneManager (OzoneManager.java:stop(2022)) - omNode-2[localhost:33779]: Stopping Ozone Manager
2022-08-14 01:45:02,607 [Listener at 127.0.0.1/45525] INFO  ipc.Server (Server.java:stop(3414)) - Stopping server on 33779
2022-08-14 01:45:02,607 [IPC Server listener on 33779] INFO  ipc.Server (Server.java:run(1376)) - Stopping IPC Server listener on 33779
2022-08-14 01:45:02,611 [IPC Server Responder] INFO  ipc.Server (Server.java:run(1512)) - Stopping IPC Server Responder
2022-08-14 01:45:02,611 [Listener at 127.0.0.1/45525] INFO  server.RaftServer (RaftServerProxy.java:lambda$close$7(398)) - omNode-2: close
2022-08-14 01:45:02,611 [Listener at 127.0.0.1/45525] INFO  server.RaftServer$Division (RaftServerImpl.java:lambda$close$4(434)) - omNode-2@group-6C22E66A003A: shutdown
2022-08-14 01:45:02,611 [Listener at 127.0.0.1/45525] INFO  util.JmxRegister (JmxRegister.java:unregister(73)) - Successfully un-registered JMX Bean with object name Ratis:service=RaftServer,group=group-6C22E66A003A,id=omNode-2
2022-08-14 01:45:02,611 [Listener at 127.0.0.1/45525] INFO  impl.RoleInfo (RoleInfo.java:shutdownLeaderState(93)) - omNode-2: shutdown omNode-2@group-6C22E66A003A-LeaderStateImpl
2022-08-14 01:45:02,612 [omNode-2@group-6C22E66A003A->omNode-1-GrpcLogAppender-LogAppenderDaemon] WARN  server.GrpcLogAppender (GrpcLogAppender.java:mayWait(171)) - omNode-2@group-6C22E66A003A->omNode-1-GrpcLogAppender: Wait interrupted by java.lang.InterruptedException
2022-08-14 01:45:02,612 [omNode-2@group-6C22E66A003A->omNode-3-GrpcLogAppender-LogAppenderDaemon] WARN  server.GrpcLogAppender (GrpcLogAppender.java:mayWait(171)) - omNode-2@group-6C22E66A003A->omNode-3-GrpcLogAppender: Wait interrupted by java.lang.InterruptedException
2022-08-14 01:45:02,612 [Listener at 127.0.0.1/45525] INFO  impl.PendingRequests (PendingRequests.java:sendNotLeaderResponses(282)) - omNode-2@group-6C22E66A003A-PendingRequests: sendNotLeaderResponses
2022-08-14 01:45:02,617 [Listener at 127.0.0.1/45525] INFO  impl.StateMachineUpdater (StateMachineUpdater.java:stopAndJoin(153)) - omNode-2@group-6C22E66A003A-StateMachineUpdater: set stopIndex = 6
2022-08-14 01:45:02,617 [omNode-2@group-6C22E66A003A-StateMachineUpdater] INFO  ratis.OzoneManagerStateMachine (OzoneManagerStateMachine.java:takeSnapshot(441)) - Current Snapshot Index (t:3, i:6)
2022-08-14 01:45:02,617 [omNode-2@group-6C22E66A003A-StateMachineUpdater] INFO  impl.StateMachineUpdater (StateMachineUpdater.java:takeSnapshot(287)) - omNode-2@group-6C22E66A003A-StateMachineUpdater: Took a snapshot at index 6
2022-08-14 01:45:02,617 [omNode-2@group-6C22E66A003A-StateMachineUpdater] INFO  impl.StateMachineUpdater (StateMachineUpdater.java:lambda$new$0(92)) - omNode-2@group-6C22E66A003A-StateMachineUpdater: snapshotIndex: updateIncreasingly -1 -> 6
2022-08-14 01:45:02,617 [omNode-2@group-6C22E66A003A-StateMachineUpdater] INFO  ratis.OzoneManagerStateMachine (OzoneManagerStateMachine.java:close(495)) - StateMachine has shutdown. Shutdown OzoneManager if not already shutdown.
2022-08-14 01:45:02,617 [omNode-2@group-6C22E66A003A-StateMachineUpdater] INFO  ratis.OzoneManagerDoubleBuffer (OzoneManagerDoubleBuffer.java:stop(466)) - Stopping OMDoubleBuffer flush thread
2022-08-14 01:45:02,618 [OMDoubleBufferFlushThread] INFO  ratis.OzoneManagerDoubleBuffer (OzoneManagerDoubleBuffer.java:flushTransactions(385)) - OMDoubleBuffer flush thread OMDoubleBufferFlushThread is interrupted and will exit.
2022-08-14 01:45:02,619 [Listener at 127.0.0.1/45525] INFO  server.RaftServer$Division (ServerState.java:close(429)) - omNode-2@group-6C22E66A003A: closes. applyIndex: 6
2022-08-14 01:45:02,619 [omNode-2@group-6C22E66A003A-SegmentedRaftLogWorker] INFO  segmented.SegmentedRaftLogWorker (SegmentedRaftLogWorker.java:run(336)) - omNode-2@group-6C22E66A003A-SegmentedRaftLogWorker was interrupted, exiting. There are 0 tasks remaining in the queue.
2022-08-14 01:45:02,621 [Listener at 127.0.0.1/45525] INFO  segmented.SegmentedRaftLogWorker (SegmentedRaftLogWorker.java:close(246)) - omNode-2@group-6C22E66A003A-SegmentedRaftLogWorker close()
2022-08-14 01:45:02,623 [Listener at 127.0.0.1/45525] INFO  server.GrpcService (GrpcService.java:closeImpl(269)) - omNode-2: shutdown server with port 41305 now
2022-08-14 01:45:02,627 [Listener at 127.0.0.1/45525] INFO  server.GrpcService (GrpcService.java:closeImpl(278)) - omNode-2: shutdown server with port 41305 successfully
2022-08-14 01:45:02,627 [org.apache.ratis.util.JvmPauseMonitor$$Lambda$519/202110677@bae3def] INFO  util.JvmPauseMonitor (JvmPauseMonitor.java:run(109)) - JvmPauseMonitor-omNode-2: Stopped
2022-08-14 01:45:02,628 [Listener at 127.0.0.1/45525] INFO  ratis.OzoneManagerStateMachine (OzoneManagerStateMachine.java:close(495)) - StateMachine has shutdown. Shutdown OzoneManager if not already shutdown.
2022-08-14 01:45:02,628 [Listener at 127.0.0.1/45525] INFO  ratis.OzoneManagerDoubleBuffer (OzoneManagerDoubleBuffer.java:stop(478)) - OMDoubleBuffer flush thread is not running.
2022-08-14 01:45:02,628 [Listener at 127.0.0.1/45525] INFO  utils.BackgroundService (BackgroundService.java:shutdown(141)) - Shutting down service KeyDeletingService
2022-08-14 01:45:02,628 [Listener at 127.0.0.1/45525] INFO  utils.BackgroundService (BackgroundService.java:shutdown(141)) - Shutting down service DirectoryDeletingService
2022-08-14 01:45:02,628 [Listener at 127.0.0.1/45525] INFO  utils.BackgroundService (BackgroundService.java:shutdown(141)) - Shutting down service OpenKeyCleanupService
2022-08-14 01:45:02,629 [Listener at 127.0.0.1/45525] INFO  handler.ContextHandler (ContextHandler.java:doStop(1153)) - Stopped o.e.j.w.WebAppContext@19ad0135{ozoneManager,/,null,STOPPED}{file:/home/runner/work/ozone/ozone/hadoop-ozone/integration-test/target/test-classes/webapps/ozoneManager}
2022-08-14 01:45:02,629 [Listener at 127.0.0.1/45525] INFO  server.AbstractConnector (AbstractConnector.java:doStop(381)) - Stopped ServerConnector@5ca33cd9{HTTP/1.1, (http/1.1)}{0.0.0.0:41265}
2022-08-14 01:45:02,629 [Listener at 127.0.0.1/45525] INFO  server.session (HouseKeeper.java:stopScavenging(149)) - node0 Stopped scavenging
2022-08-14 01:45:02,629 [Listener at 127.0.0.1/45525] INFO  handler.ContextHandler (ContextHandler.java:doStop(1153)) - Stopped o.e.j.s.ServletContextHandler@1551cc33{static,/static,file:///home/runner/work/ozone/ozone/hadoop-ozone/integration-test/target/test-classes/webapps/static,STOPPED}
2022-08-14 01:45:02,630 [Listener at 127.0.0.1/45525] INFO  handler.ContextHandler (ContextHandler.java:doStop(1153)) - Stopped o.e.j.s.ServletContextHandler@53ccc29{logs,/logs,file:///home/runner/work/ozone/ozone/hadoop-ozone/integration-test/target/log,STOPPED}
2022-08-14 01:45:02,631 [Listener at 127.0.0.1/45525] INFO  ozone.MiniOzoneHAClusterImpl (MiniOzoneHAClusterImpl.java:stop(320)) - Stopping the StorageContainerManager cf90fe62-f76e-4488-be8d-0c3b3445e4fe
2022-08-14 01:45:02,632 [Listener at 127.0.0.1/45525] INFO  server.StorageContainerManager (StorageContainerManager.java:stop(1552)) - Container Balancer is not running.
2022-08-14 01:45:02,632 [Listener at 127.0.0.1/45525] INFO  server.StorageContainerManager (StorageContainerManager.java:stop(1559)) - Stopping Replication Manager Service.
2022-08-14 01:45:02,632 [Listener at 127.0.0.1/45525] INFO  replication.ReplicationManager (ReplicationManager.java:stop(239)) - Stopping Replication Monitor Thread.
2022-08-14 01:45:02,632 [Listener at 127.0.0.1/45525] INFO  server.StorageContainerManager (StorageContainerManager.java:stop(1566)) - Stopping the Datanode Admin Monitor.
2022-08-14 01:45:02,632 [ReplicationMonitor] INFO  replication.ReplicationManager (ReplicationManager.java:run(543)) - Replication Monitor Thread is stopped
2022-08-14 01:45:02,632 [Listener at 127.0.0.1/45525] INFO  server.StorageContainerManager (StorageContainerManager.java:stop(1573)) - Stopping Lease Manager of the command watchers
2022-08-14 01:45:02,633 [Listener at 127.0.0.1/45525] INFO  server.StorageContainerManager (StorageContainerManager.java:stop(1580)) - Stopping datanode service RPC server
2022-08-14 01:45:02,633 [Listener at 127.0.0.1/45525] INFO  server.SCMDatanodeProtocolServer (SCMDatanodeProtocolServer.java:stop(414)) - Stopping the RPC server for DataNodes
2022-08-14 01:45:02,633 [Listener at 127.0.0.1/45525] INFO  ipc.Server (Server.java:stop(3414)) - Stopping server on 34931
2022-08-14 01:45:02,637 [IPC Server listener on 34931] INFO  ipc.Server (Server.java:run(1376)) - Stopping IPC Server listener on 34931
2022-08-14 01:45:02,638 [IPC Server Responder] INFO  ipc.Server (Server.java:run(1512)) - Stopping IPC Server Responder
2022-08-14 01:45:02,647 [EndpointStateMachine task thread for /127.0.0.1:34931 - 0 ] WARN  statemachine.EndpointStateMachine (EndpointStateMachine.java:logIfNeeded(236)) - Unable to communicate to SCM server at 127.0.0.1:34931 for past 0 seconds.
java.io.EOFException: End of File Exception between local host is: "fv-az372-557/10.1.0.7"; destination host is: "localhost":34931; : java.io.EOFException; For more details see:  http://wiki.apache.org/hadoop/EOFException
	at sun.reflect.NativeConstructorAccessorImpl.newInstance0(Native Method)
	at sun.reflect.NativeConstructorAccessorImpl.newInstance(NativeConstructorAccessorImpl.java:62)
	at sun.reflect.DelegatingConstructorAccessorImpl.newInstance(DelegatingConstructorAccessorImpl.java:45)
	at java.lang.reflect.Constructor.newInstance(Constructor.java:423)
	at org.apache.hadoop.net.NetUtils.wrapWithMessage(NetUtils.java:913)
	at org.apache.hadoop.net.NetUtils.wrapException(NetUtils.java:862)
	at org.apache.hadoop.ipc.Client.getRpcResponse(Client.java:1577)
	at org.apache.hadoop.ipc.Client.call(Client.java:1519)
	at org.apache.hadoop.ipc.Client.call(Client.java:1416)
	at org.apache.hadoop.ipc.ProtobufRpcEngine$Invoker.invoke(ProtobufRpcEngine.java:236)
	at org.apache.hadoop.ipc.ProtobufRpcEngine$Invoker.invoke(ProtobufRpcEngine.java:123)
	at com.sun.proxy.$Proxy51.submitRequest(Unknown Source)
	at org.apache.hadoop.ozone.protocolPB.StorageContainerDatanodeProtocolClientSideTranslatorPB.submitRequest(StorageContainerDatanodeProtocolClientSideTranslatorPB.java:117)
	at org.apache.hadoop.ozone.protocolPB.StorageContainerDatanodeProtocolClientSideTranslatorPB.sendHeartbeat(StorageContainerDatanodeProtocolClientSideTranslatorPB.java:149)
	at org.apache.hadoop.ozone.container.common.states.endpoint.HeartbeatEndpointTask.call(HeartbeatEndpointTask.java:185)
	at org.apache.hadoop.ozone.container.common.states.endpoint.HeartbeatEndpointTask.call(HeartbeatEndpointTask.java:87)
	at java.util.concurrent.FutureTask.run(FutureTask.java:266)
	at java.util.concurrent.ThreadPoolExecutor.runWorker(ThreadPoolExecutor.java:1149)
	at java.util.concurrent.ThreadPoolExecutor$Worker.run(ThreadPoolExecutor.java:624)
	at java.lang.Thread.run(Thread.java:750)
Caused by: java.io.EOFException
	at java.io.DataInputStream.readInt(DataInputStream.java:392)
	at org.apache.hadoop.ipc.Client$IpcStreams.readResponse(Client.java:1892)
	at org.apache.hadoop.ipc.Client$Connection.receiveRpcResponse(Client.java:1202)
	at org.apache.hadoop.ipc.Client$Connection.run(Client.java:1098)
2022-08-14 01:45:02,726 [SCM Heartbeat Processing Thread - 0] WARN  node.NodeStateManager (NodeStateManager.java:scheduleNextHealthCheck(870)) - Current Thread is interrupted, shutting down HB processing thread for Node Manager.
2022-08-14 01:45:02,727 [Listener at 127.0.0.1/45525] INFO  server.StorageContainerManager (StorageContainerManager.java:stop(1588)) - Stopping block service RPC server
2022-08-14 01:45:02,727 [Listener at 127.0.0.1/45525] INFO  server.SCMBlockProtocolServer (SCMBlockProtocolServer.java:stop(161)) - Stopping the RPC server for Block Protocol
2022-08-14 01:45:02,727 [Listener at 127.0.0.1/45525] INFO  ipc.Server (Server.java:stop(3414)) - Stopping server on 34007
2022-08-14 01:45:02,730 [IPC Server listener on 34007] INFO  ipc.Server (Server.java:run(1376)) - Stopping IPC Server listener on 34007
2022-08-14 01:45:02,731 [IPC Server Responder] INFO  ipc.Server (Server.java:run(1512)) - Stopping IPC Server Responder
2022-08-14 01:45:02,731 [Listener at 127.0.0.1/45525] INFO  server.StorageContainerManager (StorageContainerManager.java:stop(1595)) - Stopping the StorageContainerLocationProtocol RPC server
2022-08-14 01:45:02,731 [Listener at 127.0.0.1/45525] INFO  server.SCMClientProtocolServer (SCMClientProtocolServer.java:stop(179)) - Stopping the RPC server for Client Protocol
2022-08-14 01:45:02,732 [Listener at 127.0.0.1/45525] INFO  ipc.Server (Server.java:stop(3414)) - Stopping server on 43397
2022-08-14 01:45:02,734 [IPC Server listener on 43397] INFO  ipc.Server (Server.java:run(1376)) - Stopping IPC Server listener on 43397
2022-08-14 01:45:02,736 [IPC Server Responder] INFO  ipc.Server (Server.java:run(1512)) - Stopping IPC Server Responder
2022-08-14 01:45:02,736 [Listener at 127.0.0.1/45525] INFO  server.StorageContainerManager (StorageContainerManager.java:stop(1602)) - Stopping Storage Container Manager HTTP server.
2022-08-14 01:45:02,737 [Listener at 127.0.0.1/45525] INFO  handler.ContextHandler (ContextHandler.java:doStop(1153)) - Stopped o.e.j.w.WebAppContext@7ab48b41{scm,/,null,STOPPED}{file:/home/runner/work/ozone/ozone/hadoop-ozone/integration-test/target/test-classes/webapps/scm}
2022-08-14 01:45:02,737 [Listener at 127.0.0.1/45525] INFO  server.AbstractConnector (AbstractConnector.java:doStop(381)) - Stopped ServerConnector@3e6c66e8{HTTP/1.1, (http/1.1)}{0.0.0.0:40023}
2022-08-14 01:45:02,738 [Listener at 127.0.0.1/45525] INFO  server.session (HouseKeeper.java:stopScavenging(149)) - node0 Stopped scavenging
2022-08-14 01:45:02,738 [Listener at 127.0.0.1/45525] INFO  handler.ContextHandler (ContextHandler.java:doStop(1153)) - Stopped o.e.j.s.ServletContextHandler@7349c7b3{static,/static,file:///home/runner/work/ozone/ozone/hadoop-ozone/integration-test/target/test-classes/webapps/static,STOPPED}
2022-08-14 01:45:02,738 [Listener at 127.0.0.1/45525] INFO  handler.ContextHandler (ContextHandler.java:doStop(1153)) - Stopped o.e.j.s.ServletContextHandler@9f5f16c{logs,/logs,file:///home/runner/work/ozone/ozone/hadoop-ozone/integration-test/target/log,STOPPED}
2022-08-14 01:45:02,739 [Listener at 127.0.0.1/45525] INFO  server.StorageContainerManager (StorageContainerManager.java:stop(1608)) - Stopping SCM LayoutVersionManager Service.
2022-08-14 01:45:02,739 [Listener at 127.0.0.1/45525] INFO  server.StorageContainerManager (StorageContainerManager.java:stop(1616)) - Stopping Block Manager Service.
2022-08-14 01:45:02,739 [Listener at 127.0.0.1/45525] INFO  utils.BackgroundService (BackgroundService.java:shutdown(141)) - Shutting down service SCMBlockDeletingService
2022-08-14 01:45:02,740 [Listener at 127.0.0.1/45525] INFO  utils.BackgroundService (BackgroundService.java:shutdown(141)) - Shutting down service SCMBlockDeletingService
2022-08-14 01:45:02,740 [Listener at 127.0.0.1/45525] INFO  server.StorageContainerManager (StorageContainerManager.java:stop(1643)) - Stopping SCM Event Queue.
2022-08-14 01:45:02,743 [Listener at 127.0.0.1/45525] INFO  server.StorageContainerManager (StorageContainerManager.java:stop(1654)) - Stopping SCM HA services.
2022-08-14 01:45:02,743 [Listener at 127.0.0.1/45525] INFO  ha.SCMRatisServerImpl (SCMRatisServerImpl.java:stop(237)) - stopping ratis server 0.0.0.0:43241
2022-08-14 01:45:02,744 [Listener at 127.0.0.1/45525] INFO  server.RaftServer (RaftServerProxy.java:lambda$close$7(398)) - cf90fe62-f76e-4488-be8d-0c3b3445e4fe: close
2022-08-14 01:45:02,744 [Listener at 127.0.0.1/45525] INFO  server.RaftServer$Division (RaftServerImpl.java:lambda$close$4(434)) - cf90fe62-f76e-4488-be8d-0c3b3445e4fe@group-774EABE7D98C: shutdown
2022-08-14 01:45:02,744 [Listener at 127.0.0.1/45525] INFO  util.JmxRegister (JmxRegister.java:unregister(73)) - Successfully un-registered JMX Bean with object name Ratis:service=RaftServer,group=group-774EABE7D98C,id=cf90fe62-f76e-4488-be8d-0c3b3445e4fe
2022-08-14 01:45:02,744 [Listener at 127.0.0.1/45525] INFO  impl.RoleInfo (RoleInfo.java:shutdownFollowerState(110)) - cf90fe62-f76e-4488-be8d-0c3b3445e4fe: shutdown cf90fe62-f76e-4488-be8d-0c3b3445e4fe@group-774EABE7D98C-FollowerState
2022-08-14 01:45:02,744 [Listener at 127.0.0.1/45525] INFO  impl.StateMachineUpdater (StateMachineUpdater.java:stopAndJoin(153)) - cf90fe62-f76e-4488-be8d-0c3b3445e4fe@group-774EABE7D98C-StateMachineUpdater: set stopIndex = 27
2022-08-14 01:45:02,745 [cf90fe62-f76e-4488-be8d-0c3b3445e4fe@group-774EABE7D98C-StateMachineUpdater] INFO  ha.SCMStateMachine (SCMStateMachine.java:takeSnapshot(297)) - Current Snapshot Index 27, takeSnapshot took 0 ms
2022-08-14 01:45:02,745 [cf90fe62-f76e-4488-be8d-0c3b3445e4fe@group-774EABE7D98C-StateMachineUpdater] INFO  impl.StateMachineUpdater (StateMachineUpdater.java:takeSnapshot(287)) - cf90fe62-f76e-4488-be8d-0c3b3445e4fe@group-774EABE7D98C-StateMachineUpdater: Took a snapshot at index 27
2022-08-14 01:45:02,745 [cf90fe62-f76e-4488-be8d-0c3b3445e4fe@group-774EABE7D98C-StateMachineUpdater] INFO  impl.StateMachineUpdater (StateMachineUpdater.java:lambda$new$0(92)) - cf90fe62-f76e-4488-be8d-0c3b3445e4fe@group-774EABE7D98C-StateMachineUpdater: snapshotIndex: updateIncreasingly -1 -> 27
2022-08-14 01:45:02,745 [cf90fe62-f76e-4488-be8d-0c3b3445e4fe@group-774EABE7D98C-StateMachineUpdater] INFO  server.StorageContainerManager (StorageContainerManager.java:stop(1552)) - Container Balancer is not running.
2022-08-14 01:45:02,745 [cf90fe62-f76e-4488-be8d-0c3b3445e4fe@group-774EABE7D98C-StateMachineUpdater] INFO  server.StorageContainerManager (StorageContainerManager.java:stop(1559)) - Stopping Replication Manager Service.
2022-08-14 01:45:02,745 [cf90fe62-f76e-4488-be8d-0c3b3445e4fe@group-774EABE7D98C-StateMachineUpdater] INFO  replication.ReplicationManager (ReplicationManager.java:stop(245)) - Replication Monitor Thread is not running.
2022-08-14 01:45:02,745 [cf90fe62-f76e-4488-be8d-0c3b3445e4fe@group-774EABE7D98C-StateMachineUpdater] INFO  server.StorageContainerManager (StorageContainerManager.java:stop(1566)) - Stopping the Datanode Admin Monitor.
2022-08-14 01:45:02,746 [cf90fe62-f76e-4488-be8d-0c3b3445e4fe@group-774EABE7D98C-StateMachineUpdater] INFO  server.StorageContainerManager (StorageContainerManager.java:stop(1573)) - Stopping Lease Manager of the command watchers
2022-08-14 01:45:02,746 [cf90fe62-f76e-4488-be8d-0c3b3445e4fe@group-774EABE7D98C-StateMachineUpdater] ERROR server.StorageContainerManager (StorageContainerManager.java:stop(1576)) - Lease Manager of the command watchers stop failed
2022-08-14 01:45:02,746 [cf90fe62-f76e-4488-be8d-0c3b3445e4fe@group-774EABE7D98C-StateMachineUpdater] INFO  server.StorageContainerManager (StorageContainerManager.java:stop(1580)) - Stopping datanode service RPC server
2022-08-14 01:45:02,746 [cf90fe62-f76e-4488-be8d-0c3b3445e4fe@group-774EABE7D98C-StateMachineUpdater] INFO  server.SCMDatanodeProtocolServer (SCMDatanodeProtocolServer.java:stop(414)) - Stopping the RPC server for DataNodes
2022-08-14 01:45:02,746 [cf90fe62-f76e-4488-be8d-0c3b3445e4fe@group-774EABE7D98C-StateMachineUpdater] INFO  ipc.Server (Server.java:stop(3414)) - Stopping server on 34931
2022-08-14 01:45:02,746 [cf90fe62-f76e-4488-be8d-0c3b3445e4fe@group-774EABE7D98C-StateMachineUpdater] INFO  server.StorageContainerManager (StorageContainerManager.java:stop(1588)) - Stopping block service RPC server
2022-08-14 01:45:02,744 [cf90fe62-f76e-4488-be8d-0c3b3445e4fe@group-774EABE7D98C-FollowerState] INFO  impl.FollowerState (FollowerState.java:run(152)) - cf90fe62-f76e-4488-be8d-0c3b3445e4fe@group-774EABE7D98C-FollowerState was interrupted
2022-08-14 01:45:02,746 [cf90fe62-f76e-4488-be8d-0c3b3445e4fe@group-774EABE7D98C-StateMachineUpdater] INFO  server.SCMBlockProtocolServer (SCMBlockProtocolServer.java:stop(161)) - Stopping the RPC server for Block Protocol
2022-08-14 01:45:02,747 [cf90fe62-f76e-4488-be8d-0c3b3445e4fe@group-774EABE7D98C-StateMachineUpdater] INFO  ipc.Server (Server.java:stop(3414)) - Stopping server on 34007
2022-08-14 01:45:02,747 [cf90fe62-f76e-4488-be8d-0c3b3445e4fe@group-774EABE7D98C-StateMachineUpdater] INFO  server.StorageContainerManager (StorageContainerManager.java:stop(1595)) - Stopping the StorageContainerLocationProtocol RPC server
2022-08-14 01:45:02,748 [cf90fe62-f76e-4488-be8d-0c3b3445e4fe@group-774EABE7D98C-StateMachineUpdater] INFO  server.SCMClientProtocolServer (SCMClientProtocolServer.java:stop(179)) - Stopping the RPC server for Client Protocol
2022-08-14 01:45:02,748 [cf90fe62-f76e-4488-be8d-0c3b3445e4fe@group-774EABE7D98C-StateMachineUpdater] INFO  ipc.Server (Server.java:stop(3414)) - Stopping server on 43397
2022-08-14 01:45:02,748 [cf90fe62-f76e-4488-be8d-0c3b3445e4fe@group-774EABE7D98C-StateMachineUpdater] INFO  server.StorageContainerManager (StorageContainerManager.java:stop(1602)) - Stopping Storage Container Manager HTTP server.
2022-08-14 01:45:02,749 [cf90fe62-f76e-4488-be8d-0c3b3445e4fe@group-774EABE7D98C-StateMachineUpdater] INFO  server.StorageContainerManager (StorageContainerManager.java:stop(1608)) - Stopping SCM LayoutVersionManager Service.
2022-08-14 01:45:02,749 [cf90fe62-f76e-4488-be8d-0c3b3445e4fe@group-774EABE7D98C-StateMachineUpdater] INFO  server.StorageContainerManager (StorageContainerManager.java:stop(1616)) - Stopping Block Manager Service.
2022-08-14 01:45:02,749 [cf90fe62-f76e-4488-be8d-0c3b3445e4fe@group-774EABE7D98C-StateMachineUpdater] INFO  utils.BackgroundService (BackgroundService.java:shutdown(141)) - Shutting down service SCMBlockDeletingService
2022-08-14 01:45:02,753 [cf90fe62-f76e-4488-be8d-0c3b3445e4fe@group-774EABE7D98C-StateMachineUpdater] INFO  utils.BackgroundService (BackgroundService.java:shutdown(141)) - Shutting down service SCMBlockDeletingService
2022-08-14 01:45:02,753 [cf90fe62-f76e-4488-be8d-0c3b3445e4fe@group-774EABE7D98C-StateMachineUpdater] INFO  server.StorageContainerManager (StorageContainerManager.java:stop(1643)) - Stopping SCM Event Queue.
2022-08-14 01:45:02,753 [cf90fe62-f76e-4488-be8d-0c3b3445e4fe@group-774EABE7D98C-StateMachineUpdater] INFO  server.StorageContainerManager (StorageContainerManager.java:stop(1654)) - Stopping SCM HA services.
2022-08-14 01:45:02,753 [cf90fe62-f76e-4488-be8d-0c3b3445e4fe@group-774EABE7D98C-StateMachineUpdater] INFO  ha.SCMRatisServerImpl (SCMRatisServerImpl.java:stop(237)) - stopping ratis server 0.0.0.0:43241
2022-08-14 01:45:02,753 [org.apache.ratis.util.JvmPauseMonitor$$Lambda$519/202110677@627057fd] INFO  util.JvmPauseMonitor (JvmPauseMonitor.java:run(109)) - JvmPauseMonitor-cf90fe62-f76e-4488-be8d-0c3b3445e4fe: Stopped
2022-08-14 01:45:02,757 [cf90fe62-f76e-4488-be8d-0c3b3445e4fe@group-774EABE7D98C-StateMachineUpdater] INFO  pipeline.BackgroundPipelineCreator (BackgroundPipelineCreator.java:stop(149)) - Stopping RatisPipelineUtilsThread.
2022-08-14 01:45:02,757 [RatisPipelineUtilsThread - 0] WARN  pipeline.BackgroundPipelineCreator (BackgroundPipelineCreator.java:run(180)) - RatisPipelineUtilsThread is interrupted.
2022-08-14 01:45:02,757 [cf90fe62-f76e-4488-be8d-0c3b3445e4fe@group-774EABE7D98C-StateMachineUpdater] INFO  BackgroundPipelineScrubber (BackgroundSCMService.java:stop(131)) - Stopping BackgroundPipelineScrubber Service.
2022-08-14 01:45:02,757 [BackgroundPipelineScrubberThread] WARN  BackgroundPipelineScrubber (BackgroundSCMService.java:run(115)) - BackgroundPipelineScrubber is interrupted, exit
2022-08-14 01:45:02,759 [cf90fe62-f76e-4488-be8d-0c3b3445e4fe@group-774EABE7D98C-StateMachineUpdater] INFO  server.StorageContainerManager (StorageContainerManager.java:stop(1664)) - Stopping SCM MetadataStore.
2022-08-14 01:45:02,762 [cf90fe62-f76e-4488-be8d-0c3b3445e4fe@group-774EABE7D98C-StateMachineUpdater] INFO  impl.MetricsSystemImpl (MetricsSystemImpl.java:stop(210)) - Stopping HddsDatanode metrics system...
2022-08-14 01:45:02,778 [prometheus] INFO  impl.MetricsSinkAdapter (MetricsSinkAdapter.java:publishMetricsFromQueue(141)) - prometheus thread interrupted.
2022-08-14 01:45:02,782 [cf90fe62-f76e-4488-be8d-0c3b3445e4fe@group-774EABE7D98C-StateMachineUpdater] INFO  impl.MetricsSystemImpl (MetricsSystemImpl.java:stop(216)) - HddsDatanode metrics system stopped.
2022-08-14 01:45:02,783 [cf90fe62-f76e-4488-be8d-0c3b3445e4fe@group-774EABE7D98C-StateMachineUpdater] ERROR server.StorageContainerManager (ExitUtils.java:terminate(133)) - Terminating with exit status 1: scm statemachine is closed by ratis, terminate SCM
2022-08-14 01:45:02,783 [cf90fe62-f76e-4488-be8d-0c3b3445e4fe@group-774EABE7D98C-StateMachineUpdater] WARN  impl.StateMachineUpdater (StateMachineUpdater.java:stop(137)) - cf90fe62-f76e-4488-be8d-0c3b3445e4fe@group-774EABE7D98C-StateMachineUpdater: Failed to close SCMStateMachine SCMStateMachine:cf90fe62-f76e-4488-be8d-0c3b3445e4fe:group-774EABE7D98C
org.apache.ratis.util.ExitUtils$ExitException: scm statemachine is closed by ratis, terminate SCM
	at org.apache.ratis.util.ExitUtils.terminate(ExitUtils.java:141)
	at org.apache.ratis.util.ExitUtils.terminate(ExitUtils.java:151)
	at org.apache.ratis.util.ExitUtils.terminate(ExitUtils.java:155)
	at org.apache.hadoop.hdds.scm.server.StorageContainerManager.shutDown(StorageContainerManager.java:1680)
	at org.apache.hadoop.hdds.scm.ha.SCMStateMachine.close(SCMStateMachine.java:403)
	at org.apache.ratis.server.impl.StateMachineUpdater.stop(StateMachineUpdater.java:134)
	at org.apache.ratis.server.impl.StateMachineUpdater.run(StateMachineUpdater.java:187)
	at java.lang.Thread.run(Thread.java:750)
2022-08-14 01:45:02,784 [Listener at 127.0.0.1/45525] INFO  server.RaftServer$Division (ServerState.java:close(429)) - cf90fe62-f76e-4488-be8d-0c3b3445e4fe@group-774EABE7D98C: closes. applyIndex: 26
2022-08-14 01:45:02,784 [cf90fe62-f76e-4488-be8d-0c3b3445e4fe@group-774EABE7D98C-SegmentedRaftLogWorker] INFO  segmented.SegmentedRaftLogWorker (SegmentedRaftLogWorker.java:run(336)) - cf90fe62-f76e-4488-be8d-0c3b3445e4fe@group-774EABE7D98C-SegmentedRaftLogWorker was interrupted, exiting. There are 0 tasks remaining in the queue.
2022-08-14 01:45:02,786 [Listener at 127.0.0.1/45525] INFO  segmented.SegmentedRaftLogWorker (SegmentedRaftLogWorker.java:close(246)) - cf90fe62-f76e-4488-be8d-0c3b3445e4fe@group-774EABE7D98C-SegmentedRaftLogWorker close()
2022-08-14 01:45:02,788 [Listener at 127.0.0.1/45525] INFO  server.GrpcService (GrpcService.java:closeImpl(269)) - cf90fe62-f76e-4488-be8d-0c3b3445e4fe: shutdown server with port 43241 now
2022-08-14 01:45:02,790 [grpc-default-executor-1] WARN  server.GrpcServerProtocolService (LogUtils.java:warn(122)) - cf90fe62-f76e-4488-be8d-0c3b3445e4fe: installSnapshot onError, lastRequest: eb4f5392-52f7-4dd8-91fe-f5d2e1c8a0c0->cf90fe62-f76e-4488-be8d-0c3b3445e4fe#948-t2,previous=(t:2, i:27),leaderCommit=27,initializing? true,entries: size=1, first=(t:2, i:28), METADATAENTRY(c:27): org.apache.ratis.thirdparty.io.grpc.StatusRuntimeException: CANCELLED: client cancelled
2022-08-14 01:45:02,791 [Listener at 127.0.0.1/45525] INFO  server.GrpcService (GrpcService.java:closeImpl(278)) - cf90fe62-f76e-4488-be8d-0c3b3445e4fe: shutdown server with port 43241 successfully
2022-08-14 01:45:02,792 [grpc-default-executor-0] WARN  server.GrpcLogAppender (LogUtils.java:warn(122)) - eb4f5392-52f7-4dd8-91fe-f5d2e1c8a0c0@group-774EABE7D98C->cf90fe62-f76e-4488-be8d-0c3b3445e4fe-AppendLogResponseHandler: Failed appendEntries: org.apache.ratis.thirdparty.io.grpc.StatusRuntimeException: CANCELLED: RST_STREAM closed stream. HTTP/2 error code: CANCEL
2022-08-14 01:45:02,794 [grpc-default-executor-0] INFO  leader.FollowerInfo (FollowerInfoImpl.java:lambda$new$0(48)) - eb4f5392-52f7-4dd8-91fe-f5d2e1c8a0c0@group-774EABE7D98C->cf90fe62-f76e-4488-be8d-0c3b3445e4fe: nextIndex: updateUnconditionally 29 -> 28
2022-08-14 01:45:02,795 [Listener at 127.0.0.1/45525] WARN  pipeline.BackgroundPipelineCreator (BackgroundPipelineCreator.java:stop(145)) - RatisPipelineUtilsThread is not running, just ignore.
2022-08-14 01:45:02,795 [Listener at 127.0.0.1/45525] INFO  BackgroundPipelineScrubber (BackgroundSCMService.java:stop(126)) - BackgroundPipelineScrubber Service is not running, skip stop.
2022-08-14 01:45:02,795 [Listener at 127.0.0.1/45525] INFO  server.StorageContainerManager (StorageContainerManager.java:stop(1664)) - Stopping SCM MetadataStore.
2022-08-14 01:45:02,795 [Listener at 127.0.0.1/45525] INFO  impl.MetricsSystemImpl (MetricsSystemImpl.java:stop(205)) - HddsDatanode metrics system stopped (again)
2022-08-14 01:45:02,795 [Listener at 127.0.0.1/45525] INFO  ozone.MiniOzoneHAClusterImpl (MiniOzoneHAClusterImpl.java:stop(320)) - Stopping the StorageContainerManager 03edee82-0664-4375-9f31-ace4c627e75e
2022-08-14 01:45:02,795 [Listener at 127.0.0.1/45525] INFO  server.StorageContainerManager (StorageContainerManager.java:stop(1552)) - Container Balancer is not running.
2022-08-14 01:45:02,795 [Listener at 127.0.0.1/45525] INFO  server.StorageContainerManager (StorageContainerManager.java:stop(1559)) - Stopping Replication Manager Service.
2022-08-14 01:45:02,795 [Listener at 127.0.0.1/45525] INFO  replication.ReplicationManager (ReplicationManager.java:stop(239)) - Stopping Replication Monitor Thread.
2022-08-14 01:45:02,795 [ReplicationMonitor] INFO  replication.ReplicationManager (ReplicationManager.java:run(543)) - Replication Monitor Thread is stopped
2022-08-14 01:45:02,795 [Listener at 127.0.0.1/45525] INFO  server.StorageContainerManager (StorageContainerManager.java:stop(1566)) - Stopping the Datanode Admin Monitor.
2022-08-14 01:45:02,796 [Listener at 127.0.0.1/45525] INFO  server.StorageContainerManager (StorageContainerManager.java:stop(1573)) - Stopping Lease Manager of the command watchers
2022-08-14 01:45:02,796 [Listener at 127.0.0.1/45525] INFO  server.StorageContainerManager (StorageContainerManager.java:stop(1580)) - Stopping datanode service RPC server
2022-08-14 01:45:02,796 [Listener at 127.0.0.1/45525] INFO  server.SCMDatanodeProtocolServer (SCMDatanodeProtocolServer.java:stop(414)) - Stopping the RPC server for DataNodes
2022-08-14 01:45:02,796 [Listener at 127.0.0.1/45525] INFO  ipc.Server (Server.java:stop(3414)) - Stopping server on 40129
2022-08-14 01:45:02,797 [IPC Server listener on 40129] INFO  ipc.Server (Server.java:run(1376)) - Stopping IPC Server listener on 40129
2022-08-14 01:45:02,808 [IPC Server Responder] INFO  ipc.Server (Server.java:run(1512)) - Stopping IPC Server Responder
2022-08-14 01:45:02,811 [SCM Heartbeat Processing Thread - 0] WARN  node.NodeStateManager (NodeStateManager.java:scheduleNextHealthCheck(870)) - Current Thread is interrupted, shutting down HB processing thread for Node Manager.
2022-08-14 01:45:02,811 [grpc-default-executor-1] WARN  server.GrpcLogAppender (LogUtils.java:warn(122)) - eb4f5392-52f7-4dd8-91fe-f5d2e1c8a0c0@group-774EABE7D98C->cf90fe62-f76e-4488-be8d-0c3b3445e4fe-AppendLogResponseHandler: Failed appendEntries: org.apache.ratis.thirdparty.io.grpc.StatusRuntimeException: UNAVAILABLE: io exception
2022-08-14 01:45:02,812 [Listener at 127.0.0.1/45525] INFO  server.StorageContainerManager (StorageContainerManager.java:stop(1588)) - Stopping block service RPC server
2022-08-14 01:45:02,812 [Listener at 127.0.0.1/45525] INFO  server.SCMBlockProtocolServer (SCMBlockProtocolServer.java:stop(161)) - Stopping the RPC server for Block Protocol
2022-08-14 01:45:02,812 [Listener at 127.0.0.1/45525] INFO  ipc.Server (Server.java:stop(3414)) - Stopping server on 44855
2022-08-14 01:45:02,812 [grpc-default-executor-1] INFO  leader.FollowerInfo (FollowerInfoImpl.java:lambda$new$0(48)) - eb4f5392-52f7-4dd8-91fe-f5d2e1c8a0c0@group-774EABE7D98C->cf90fe62-f76e-4488-be8d-0c3b3445e4fe: nextIndex: updateUnconditionally 29 -> 28
2022-08-14 01:45:02,816 [Listener at 127.0.0.1/45525] INFO  server.StorageContainerManager (StorageContainerManager.java:stop(1595)) - Stopping the StorageContainerLocationProtocol RPC server
2022-08-14 01:45:02,816 [Listener at 127.0.0.1/45525] INFO  server.SCMClientProtocolServer (SCMClientProtocolServer.java:stop(179)) - Stopping the RPC server for Client Protocol
2022-08-14 01:45:02,816 [Listener at 127.0.0.1/45525] INFO  ipc.Server (Server.java:stop(3414)) - Stopping server on 40335
2022-08-14 01:45:02,816 [IPC Server listener on 44855] INFO  ipc.Server (Server.java:run(1376)) - Stopping IPC Server listener on 44855
2022-08-14 01:45:02,816 [IPC Server Responder] INFO  ipc.Server (Server.java:run(1512)) - Stopping IPC Server Responder
2022-08-14 01:45:02,821 [IPC Server listener on 40335] INFO  ipc.Server (Server.java:run(1376)) - Stopping IPC Server listener on 40335
2022-08-14 01:45:02,821 [IPC Server Responder] INFO  ipc.Server (Server.java:run(1512)) - Stopping IPC Server Responder
2022-08-14 01:45:02,821 [Listener at 127.0.0.1/45525] INFO  server.StorageContainerManager (StorageContainerManager.java:stop(1602)) - Stopping Storage Container Manager HTTP server.
2022-08-14 01:45:02,823 [Listener at 127.0.0.1/45525] INFO  handler.ContextHandler (ContextHandler.java:doStop(1153)) - Stopped o.e.j.w.WebAppContext@53756428{scm,/,null,STOPPED}{file:/home/runner/work/ozone/ozone/hadoop-ozone/integration-test/target/test-classes/webapps/scm}
2022-08-14 01:45:02,824 [Listener at 127.0.0.1/45525] INFO  server.AbstractConnector (AbstractConnector.java:doStop(381)) - Stopped ServerConnector@6a2447e1{HTTP/1.1, (http/1.1)}{0.0.0.0:46189}
2022-08-14 01:45:02,824 [Listener at 127.0.0.1/45525] INFO  server.session (HouseKeeper.java:stopScavenging(149)) - node0 Stopped scavenging
2022-08-14 01:45:02,824 [Listener at 127.0.0.1/45525] INFO  handler.ContextHandler (ContextHandler.java:doStop(1153)) - Stopped o.e.j.s.ServletContextHandler@650a7d87{static,/static,file:///home/runner/work/ozone/ozone/hadoop-ozone/integration-test/target/test-classes/webapps/static,STOPPED}
2022-08-14 01:45:02,825 [Listener at 127.0.0.1/45525] INFO  handler.ContextHandler (ContextHandler.java:doStop(1153)) - Stopped o.e.j.s.ServletContextHandler@686b1bc{logs,/logs,file:///home/runner/work/ozone/ozone/hadoop-ozone/integration-test/target/log,STOPPED}
2022-08-14 01:45:02,825 [Listener at 127.0.0.1/45525] INFO  server.StorageContainerManager (StorageContainerManager.java:stop(1608)) - Stopping SCM LayoutVersionManager Service.
2022-08-14 01:45:02,826 [Listener at 127.0.0.1/45525] INFO  server.StorageContainerManager (StorageContainerManager.java:stop(1616)) - Stopping Block Manager Service.
2022-08-14 01:45:02,826 [Listener at 127.0.0.1/45525] INFO  utils.BackgroundService (BackgroundService.java:shutdown(141)) - Shutting down service SCMBlockDeletingService
2022-08-14 01:45:02,826 [Listener at 127.0.0.1/45525] INFO  utils.BackgroundService (BackgroundService.java:shutdown(141)) - Shutting down service SCMBlockDeletingService
2022-08-14 01:45:02,826 [Listener at 127.0.0.1/45525] INFO  server.StorageContainerManager (StorageContainerManager.java:stop(1643)) - Stopping SCM Event Queue.
2022-08-14 01:45:02,828 [Listener at 127.0.0.1/45525] INFO  server.StorageContainerManager (StorageContainerManager.java:stop(1654)) - Stopping SCM HA services.
2022-08-14 01:45:02,828 [Listener at 127.0.0.1/45525] INFO  ha.SCMRatisServerImpl (SCMRatisServerImpl.java:stop(237)) - stopping ratis server 0.0.0.0:39397
2022-08-14 01:45:02,828 [Listener at 127.0.0.1/45525] INFO  server.RaftServer (RaftServerProxy.java:lambda$close$7(398)) - 03edee82-0664-4375-9f31-ace4c627e75e: close
2022-08-14 01:45:02,828 [Listener at 127.0.0.1/45525] INFO  server.RaftServer$Division (RaftServerImpl.java:lambda$close$4(434)) - 03edee82-0664-4375-9f31-ace4c627e75e@group-774EABE7D98C: shutdown
2022-08-14 01:45:02,828 [Listener at 127.0.0.1/45525] INFO  util.JmxRegister (JmxRegister.java:unregister(73)) - Successfully un-registered JMX Bean with object name Ratis:service=RaftServer,group=group-774EABE7D98C,id=03edee82-0664-4375-9f31-ace4c627e75e
2022-08-14 01:45:02,828 [Listener at 127.0.0.1/45525] INFO  impl.RoleInfo (RoleInfo.java:shutdownFollowerState(110)) - 03edee82-0664-4375-9f31-ace4c627e75e: shutdown 03edee82-0664-4375-9f31-ace4c627e75e@group-774EABE7D98C-FollowerState
2022-08-14 01:45:02,829 [03edee82-0664-4375-9f31-ace4c627e75e@group-774EABE7D98C-StateMachineUpdater] INFO  ha.SCMStateMachine (SCMStateMachine.java:takeSnapshot(297)) - Current Snapshot Index 27, takeSnapshot took 0 ms
2022-08-14 01:45:02,829 [03edee82-0664-4375-9f31-ace4c627e75e@group-774EABE7D98C-StateMachineUpdater] INFO  impl.StateMachineUpdater (StateMachineUpdater.java:takeSnapshot(287)) - 03edee82-0664-4375-9f31-ace4c627e75e@group-774EABE7D98C-StateMachineUpdater: Took a snapshot at index 27
2022-08-14 01:45:02,829 [03edee82-0664-4375-9f31-ace4c627e75e@group-774EABE7D98C-StateMachineUpdater] INFO  impl.StateMachineUpdater (StateMachineUpdater.java:lambda$new$0(92)) - 03edee82-0664-4375-9f31-ace4c627e75e@group-774EABE7D98C-StateMachineUpdater: snapshotIndex: updateIncreasingly -1 -> 27
2022-08-14 01:45:02,829 [03edee82-0664-4375-9f31-ace4c627e75e@group-774EABE7D98C-StateMachineUpdater] INFO  server.StorageContainerManager (StorageContainerManager.java:stop(1552)) - Container Balancer is not running.
2022-08-14 01:45:02,829 [03edee82-0664-4375-9f31-ace4c627e75e@group-774EABE7D98C-StateMachineUpdater] INFO  server.StorageContainerManager (StorageContainerManager.java:stop(1559)) - Stopping Replication Manager Service.
2022-08-14 01:45:02,829 [03edee82-0664-4375-9f31-ace4c627e75e@group-774EABE7D98C-StateMachineUpdater] INFO  replication.ReplicationManager (ReplicationManager.java:stop(245)) - Replication Monitor Thread is not running.
2022-08-14 01:45:02,829 [03edee82-0664-4375-9f31-ace4c627e75e@group-774EABE7D98C-StateMachineUpdater] INFO  server.StorageContainerManager (StorageContainerManager.java:stop(1566)) - Stopping the Datanode Admin Monitor.
2022-08-14 01:45:02,829 [03edee82-0664-4375-9f31-ace4c627e75e@group-774EABE7D98C-StateMachineUpdater] INFO  server.StorageContainerManager (StorageContainerManager.java:stop(1573)) - Stopping Lease Manager of the command watchers
2022-08-14 01:45:02,829 [03edee82-0664-4375-9f31-ace4c627e75e@group-774EABE7D98C-StateMachineUpdater] ERROR server.StorageContainerManager (StorageContainerManager.java:stop(1576)) - Lease Manager of the command watchers stop failed
2022-08-14 01:45:02,830 [03edee82-0664-4375-9f31-ace4c627e75e@group-774EABE7D98C-StateMachineUpdater] INFO  server.StorageContainerManager (StorageContainerManager.java:stop(1580)) - Stopping datanode service RPC server
2022-08-14 01:45:02,830 [03edee82-0664-4375-9f31-ace4c627e75e@group-774EABE7D98C-StateMachineUpdater] INFO  server.SCMDatanodeProtocolServer (SCMDatanodeProtocolServer.java:stop(414)) - Stopping the RPC server for DataNodes
2022-08-14 01:45:02,830 [03edee82-0664-4375-9f31-ace4c627e75e@group-774EABE7D98C-StateMachineUpdater] INFO  ipc.Server (Server.java:stop(3414)) - Stopping server on 40129
2022-08-14 01:45:02,830 [03edee82-0664-4375-9f31-ace4c627e75e@group-774EABE7D98C-StateMachineUpdater] INFO  server.StorageContainerManager (StorageContainerManager.java:stop(1588)) - Stopping block service RPC server
2022-08-14 01:45:02,830 [03edee82-0664-4375-9f31-ace4c627e75e@group-774EABE7D98C-StateMachineUpdater] INFO  server.SCMBlockProtocolServer (SCMBlockProtocolServer.java:stop(161)) - Stopping the RPC server for Block Protocol
2022-08-14 01:45:02,830 [03edee82-0664-4375-9f31-ace4c627e75e@group-774EABE7D98C-StateMachineUpdater] INFO  ipc.Server (Server.java:stop(3414)) - Stopping server on 44855
2022-08-14 01:45:02,830 [03edee82-0664-4375-9f31-ace4c627e75e@group-774EABE7D98C-StateMachineUpdater] INFO  server.StorageContainerManager (StorageContainerManager.java:stop(1595)) - Stopping the StorageContainerLocationProtocol RPC server
2022-08-14 01:45:02,830 [03edee82-0664-4375-9f31-ace4c627e75e@group-774EABE7D98C-StateMachineUpdater] INFO  server.SCMClientProtocolServer (SCMClientProtocolServer.java:stop(179)) - Stopping the RPC server for Client Protocol
2022-08-14 01:45:02,830 [03edee82-0664-4375-9f31-ace4c627e75e@group-774EABE7D98C-StateMachineUpdater] INFO  ipc.Server (Server.java:stop(3414)) - Stopping server on 40335
2022-08-14 01:45:02,830 [03edee82-0664-4375-9f31-ace4c627e75e@group-774EABE7D98C-StateMachineUpdater] INFO  server.StorageContainerManager (StorageContainerManager.java:stop(1602)) - Stopping Storage Container Manager HTTP server.
2022-08-14 01:45:02,830 [Listener at 127.0.0.1/45525] INFO  impl.StateMachineUpdater (StateMachineUpdater.java:stopAndJoin(153)) - 03edee82-0664-4375-9f31-ace4c627e75e@group-774EABE7D98C-StateMachineUpdater: set stopIndex = 27
2022-08-14 01:45:02,831 [03edee82-0664-4375-9f31-ace4c627e75e@group-774EABE7D98C-StateMachineUpdater] INFO  server.StorageContainerManager (StorageContainerManager.java:stop(1608)) - Stopping SCM LayoutVersionManager Service.
2022-08-14 01:45:02,831 [03edee82-0664-4375-9f31-ace4c627e75e@group-774EABE7D98C-StateMachineUpdater] INFO  server.StorageContainerManager (StorageContainerManager.java:stop(1616)) - Stopping Block Manager Service.
2022-08-14 01:45:02,831 [03edee82-0664-4375-9f31-ace4c627e75e@group-774EABE7D98C-StateMachineUpdater] INFO  utils.BackgroundService (BackgroundService.java:shutdown(141)) - Shutting down service SCMBlockDeletingService
2022-08-14 01:45:02,831 [03edee82-0664-4375-9f31-ace4c627e75e@group-774EABE7D98C-StateMachineUpdater] INFO  utils.BackgroundService (BackgroundService.java:shutdown(141)) - Shutting down service SCMBlockDeletingService
2022-08-14 01:45:02,831 [03edee82-0664-4375-9f31-ace4c627e75e@group-774EABE7D98C-StateMachineUpdater] INFO  server.StorageContainerManager (StorageContainerManager.java:stop(1643)) - Stopping SCM Event Queue.
2022-08-14 01:45:02,831 [03edee82-0664-4375-9f31-ace4c627e75e@group-774EABE7D98C-StateMachineUpdater] INFO  server.StorageContainerManager (StorageContainerManager.java:stop(1654)) - Stopping SCM HA services.
2022-08-14 01:45:02,831 [03edee82-0664-4375-9f31-ace4c627e75e@group-774EABE7D98C-StateMachineUpdater] INFO  ha.SCMRatisServerImpl (SCMRatisServerImpl.java:stop(237)) - stopping ratis server 0.0.0.0:39397
2022-08-14 01:45:02,832 [03edee82-0664-4375-9f31-ace4c627e75e@group-774EABE7D98C-FollowerState] INFO  impl.FollowerState (FollowerState.java:run(152)) - 03edee82-0664-4375-9f31-ace4c627e75e@group-774EABE7D98C-FollowerState was interrupted
2022-08-14 01:45:02,832 [org.apache.ratis.util.JvmPauseMonitor$$Lambda$519/202110677@2dc49c6c] INFO  util.JvmPauseMonitor (JvmPauseMonitor.java:run(109)) - JvmPauseMonitor-03edee82-0664-4375-9f31-ace4c627e75e: Stopped
2022-08-14 01:45:02,832 [03edee82-0664-4375-9f31-ace4c627e75e@group-774EABE7D98C-StateMachineUpdater] INFO  pipeline.BackgroundPipelineCreator (BackgroundPipelineCreator.java:stop(149)) - Stopping RatisPipelineUtilsThread.
2022-08-14 01:45:02,832 [RatisPipelineUtilsThread - 0] WARN  pipeline.BackgroundPipelineCreator (BackgroundPipelineCreator.java:run(180)) - RatisPipelineUtilsThread is interrupted.
2022-08-14 01:45:02,833 [BackgroundPipelineScrubberThread] WARN  BackgroundPipelineScrubber (BackgroundSCMService.java:run(115)) - BackgroundPipelineScrubber is interrupted, exit
2022-08-14 01:45:02,833 [03edee82-0664-4375-9f31-ace4c627e75e@group-774EABE7D98C-StateMachineUpdater] INFO  BackgroundPipelineScrubber (BackgroundSCMService.java:stop(131)) - Stopping BackgroundPipelineScrubber Service.
2022-08-14 01:45:02,833 [03edee82-0664-4375-9f31-ace4c627e75e@group-774EABE7D98C-StateMachineUpdater] INFO  server.StorageContainerManager (StorageContainerManager.java:stop(1664)) - Stopping SCM MetadataStore.
2022-08-14 01:45:02,834 [03edee82-0664-4375-9f31-ace4c627e75e@group-774EABE7D98C-StateMachineUpdater] INFO  impl.MetricsSystemImpl (MetricsSystemImpl.java:stop(205)) - HddsDatanode metrics system stopped (again)
2022-08-14 01:45:02,834 [03edee82-0664-4375-9f31-ace4c627e75e@group-774EABE7D98C-StateMachineUpdater] ERROR server.StorageContainerManager (ExitUtils.java:terminate(133)) - Terminating with exit status 1: scm statemachine is closed by ratis, terminate SCM
2022-08-14 01:45:02,835 [03edee82-0664-4375-9f31-ace4c627e75e@group-774EABE7D98C-StateMachineUpdater] WARN  impl.StateMachineUpdater (StateMachineUpdater.java:stop(137)) - 03edee82-0664-4375-9f31-ace4c627e75e@group-774EABE7D98C-StateMachineUpdater: Failed to close SCMStateMachine SCMStateMachine:03edee82-0664-4375-9f31-ace4c627e75e:group-774EABE7D98C
org.apache.ratis.util.ExitUtils$ExitException: scm statemachine is closed by ratis, terminate SCM
	at org.apache.ratis.util.ExitUtils.terminate(ExitUtils.java:141)
	at org.apache.ratis.util.ExitUtils.terminate(ExitUtils.java:151)
	at org.apache.ratis.util.ExitUtils.terminate(ExitUtils.java:155)
	at org.apache.hadoop.hdds.scm.server.StorageContainerManager.shutDown(StorageContainerManager.java:1680)
	at org.apache.hadoop.hdds.scm.ha.SCMStateMachine.close(SCMStateMachine.java:403)
	at org.apache.ratis.server.impl.StateMachineUpdater.stop(StateMachineUpdater.java:134)
	at org.apache.ratis.server.impl.StateMachineUpdater.run(StateMachineUpdater.java:187)
	at java.lang.Thread.run(Thread.java:750)
2022-08-14 01:45:02,835 [Listener at 127.0.0.1/45525] INFO  server.RaftServer$Division (ServerState.java:close(429)) - 03edee82-0664-4375-9f31-ace4c627e75e@group-774EABE7D98C: closes. applyIndex: 26
2022-08-14 01:45:02,835 [03edee82-0664-4375-9f31-ace4c627e75e@group-774EABE7D98C-SegmentedRaftLogWorker] INFO  segmented.SegmentedRaftLogWorker (SegmentedRaftLogWorker.java:run(336)) - 03edee82-0664-4375-9f31-ace4c627e75e@group-774EABE7D98C-SegmentedRaftLogWorker was interrupted, exiting. There are 0 tasks remaining in the queue.
2022-08-14 01:45:02,837 [Listener at 127.0.0.1/45525] INFO  segmented.SegmentedRaftLogWorker (SegmentedRaftLogWorker.java:close(246)) - 03edee82-0664-4375-9f31-ace4c627e75e@group-774EABE7D98C-SegmentedRaftLogWorker close()
2022-08-14 01:45:02,838 [Listener at 127.0.0.1/45525] INFO  server.GrpcService (GrpcService.java:closeImpl(269)) - 03edee82-0664-4375-9f31-ace4c627e75e: shutdown server with port 39397 now
2022-08-14 01:45:02,840 [grpc-default-executor-0] WARN  server.GrpcServerProtocolService (LogUtils.java:warn(122)) - 03edee82-0664-4375-9f31-ace4c627e75e: installSnapshot onError, lastRequest: eb4f5392-52f7-4dd8-91fe-f5d2e1c8a0c0->03edee82-0664-4375-9f31-ace4c627e75e#896-t2,previous=(t:2, i:27),leaderCommit=27,initializing? true,entries: size=1, first=(t:2, i:28), METADATAENTRY(c:27): org.apache.ratis.thirdparty.io.grpc.StatusRuntimeException: CANCELLED: client cancelled
2022-08-14 01:45:02,841 [grpc-default-executor-1] WARN  server.GrpcLogAppender (LogUtils.java:warn(122)) - eb4f5392-52f7-4dd8-91fe-f5d2e1c8a0c0@group-774EABE7D98C->03edee82-0664-4375-9f31-ace4c627e75e-AppendLogResponseHandler: Failed appendEntries: org.apache.ratis.thirdparty.io.grpc.StatusRuntimeException: CANCELLED: RST_STREAM closed stream. HTTP/2 error code: CANCEL
2022-08-14 01:45:02,841 [grpc-default-executor-1] INFO  leader.FollowerInfo (FollowerInfoImpl.java:lambda$new$0(48)) - eb4f5392-52f7-4dd8-91fe-f5d2e1c8a0c0@group-774EABE7D98C->03edee82-0664-4375-9f31-ace4c627e75e: nextIndex: updateUnconditionally 29 -> 28
2022-08-14 01:45:02,848 [Listener at 127.0.0.1/45525] INFO  server.GrpcService (GrpcService.java:closeImpl(278)) - 03edee82-0664-4375-9f31-ace4c627e75e: shutdown server with port 39397 successfully
2022-08-14 01:45:02,848 [Listener at 127.0.0.1/45525] WARN  pipeline.BackgroundPipelineCreator (BackgroundPipelineCreator.java:stop(145)) - RatisPipelineUtilsThread is not running, just ignore.
2022-08-14 01:45:02,849 [Listener at 127.0.0.1/45525] INFO  BackgroundPipelineScrubber (BackgroundSCMService.java:stop(126)) - BackgroundPipelineScrubber Service is not running, skip stop.
2022-08-14 01:45:02,849 [Listener at 127.0.0.1/45525] INFO  server.StorageContainerManager (StorageContainerManager.java:stop(1664)) - Stopping SCM MetadataStore.
2022-08-14 01:45:02,849 [Listener at 127.0.0.1/45525] INFO  impl.MetricsSystemImpl (MetricsSystemImpl.java:stop(205)) - HddsDatanode metrics system stopped (again)
2022-08-14 01:45:02,849 [Listener at 127.0.0.1/45525] INFO  ozone.MiniOzoneHAClusterImpl (MiniOzoneHAClusterImpl.java:stop(320)) - Stopping the StorageContainerManager eb4f5392-52f7-4dd8-91fe-f5d2e1c8a0c0
2022-08-14 01:45:02,850 [Listener at 127.0.0.1/45525] INFO  server.StorageContainerManager (StorageContainerManager.java:stop(1552)) - Container Balancer is not running.
2022-08-14 01:45:02,850 [Listener at 127.0.0.1/45525] INFO  server.StorageContainerManager (StorageContainerManager.java:stop(1559)) - Stopping Replication Manager Service.
2022-08-14 01:45:02,850 [Listener at 127.0.0.1/45525] INFO  replication.ReplicationManager (ReplicationManager.java:stop(239)) - Stopping Replication Monitor Thread.
2022-08-14 01:45:02,850 [Listener at 127.0.0.1/45525] INFO  server.StorageContainerManager (StorageContainerManager.java:stop(1566)) - Stopping the Datanode Admin Monitor.
2022-08-14 01:45:02,850 [ReplicationMonitor] INFO  replication.ReplicationManager (ReplicationManager.java:run(543)) - Replication Monitor Thread is stopped
2022-08-14 01:45:02,851 [grpc-default-executor-1] WARN  server.GrpcLogAppender (LogUtils.java:warn(122)) - eb4f5392-52f7-4dd8-91fe-f5d2e1c8a0c0@group-774EABE7D98C->03edee82-0664-4375-9f31-ace4c627e75e-AppendLogResponseHandler: Failed appendEntries: org.apache.ratis.thirdparty.io.grpc.StatusRuntimeException: UNAVAILABLE: io exception
2022-08-14 01:45:02,851 [Listener at 127.0.0.1/45525] INFO  server.StorageContainerManager (StorageContainerManager.java:stop(1573)) - Stopping Lease Manager of the command watchers
2022-08-14 01:45:02,852 [Listener at 127.0.0.1/45525] INFO  server.StorageContainerManager (StorageContainerManager.java:stop(1580)) - Stopping datanode service RPC server
2022-08-14 01:45:02,852 [grpc-default-executor-1] INFO  leader.FollowerInfo (FollowerInfoImpl.java:lambda$new$0(48)) - eb4f5392-52f7-4dd8-91fe-f5d2e1c8a0c0@group-774EABE7D98C->03edee82-0664-4375-9f31-ace4c627e75e: nextIndex: updateUnconditionally 29 -> 28
2022-08-14 01:45:02,853 [Listener at 127.0.0.1/45525] INFO  server.SCMDatanodeProtocolServer (SCMDatanodeProtocolServer.java:stop(414)) - Stopping the RPC server for DataNodes
2022-08-14 01:45:02,853 [Listener at 127.0.0.1/45525] INFO  ipc.Server (Server.java:stop(3414)) - Stopping server on 33939
2022-08-14 01:45:02,865 [IPC Server listener on 33939] INFO  ipc.Server (Server.java:run(1376)) - Stopping IPC Server listener on 33939
2022-08-14 01:45:02,866 [IPC Server Responder] INFO  ipc.Server (Server.java:run(1512)) - Stopping IPC Server Responder
2022-08-14 01:45:03,325 [EndpointStateMachine task thread for /127.0.0.1:40129 - 0 ] WARN  statemachine.EndpointStateMachine (EndpointStateMachine.java:logIfNeeded(236)) - Unable to communicate to SCM server at localhost:40129 for past 0 seconds.
java.io.EOFException: End of File Exception between local host is: "fv-az372-557/10.1.0.7"; destination host is: "localhost":40129; : java.io.EOFException; For more details see:  http://wiki.apache.org/hadoop/EOFException
	at sun.reflect.NativeConstructorAccessorImpl.newInstance0(Native Method)
	at sun.reflect.NativeConstructorAccessorImpl.newInstance(NativeConstructorAccessorImpl.java:62)
	at sun.reflect.DelegatingConstructorAccessorImpl.newInstance(DelegatingConstructorAccessorImpl.java:45)
	at java.lang.reflect.Constructor.newInstance(Constructor.java:423)
	at org.apache.hadoop.net.NetUtils.wrapWithMessage(NetUtils.java:913)
	at org.apache.hadoop.net.NetUtils.wrapException(NetUtils.java:862)
	at org.apache.hadoop.ipc.Client.getRpcResponse(Client.java:1577)
	at org.apache.hadoop.ipc.Client.call(Client.java:1519)
	at org.apache.hadoop.ipc.Client.call(Client.java:1416)
	at org.apache.hadoop.ipc.ProtobufRpcEngine$Invoker.invoke(ProtobufRpcEngine.java:236)
	at org.apache.hadoop.ipc.ProtobufRpcEngine$Invoker.invoke(ProtobufRpcEngine.java:123)
	at com.sun.proxy.$Proxy51.submitRequest(Unknown Source)
	at org.apache.hadoop.ozone.protocolPB.StorageContainerDatanodeProtocolClientSideTranslatorPB.submitRequest(StorageContainerDatanodeProtocolClientSideTranslatorPB.java:117)
	at org.apache.hadoop.ozone.protocolPB.StorageContainerDatanodeProtocolClientSideTranslatorPB.sendHeartbeat(StorageContainerDatanodeProtocolClientSideTranslatorPB.java:149)
	at org.apache.hadoop.ozone.container.common.states.endpoint.HeartbeatEndpointTask.call(HeartbeatEndpointTask.java:185)
	at org.apache.hadoop.ozone.container.common.states.endpoint.HeartbeatEndpointTask.call(HeartbeatEndpointTask.java:87)
	at java.util.concurrent.FutureTask.run(FutureTask.java:266)
	at java.util.concurrent.ThreadPoolExecutor.runWorker(ThreadPoolExecutor.java:1149)
	at java.util.concurrent.ThreadPoolExecutor$Worker.run(ThreadPoolExecutor.java:624)
	at java.lang.Thread.run(Thread.java:750)
Caused by: java.io.EOFException
	at java.io.DataInputStream.readInt(DataInputStream.java:392)
	at org.apache.hadoop.ipc.Client$IpcStreams.readResponse(Client.java:1892)
	at org.apache.hadoop.ipc.Client$Connection.receiveRpcResponse(Client.java:1202)
	at org.apache.hadoop.ipc.Client$Connection.run(Client.java:1098)
2022-08-14 01:45:03,325 [EndpointStateMachine task thread for /127.0.0.1:33939 - 0 ] WARN  statemachine.EndpointStateMachine (EndpointStateMachine.java:logIfNeeded(236)) - Unable to communicate to SCM server at localhost:33939 for past 0 seconds.
java.io.EOFException: End of File Exception between local host is: "fv-az372-557/10.1.0.7"; destination host is: "localhost":33939; : java.io.EOFException; For more details see:  http://wiki.apache.org/hadoop/EOFException
	at sun.reflect.NativeConstructorAccessorImpl.newInstance0(Native Method)
	at sun.reflect.NativeConstructorAccessorImpl.newInstance(NativeConstructorAccessorImpl.java:62)
	at sun.reflect.DelegatingConstructorAccessorImpl.newInstance(DelegatingConstructorAccessorImpl.java:45)
	at java.lang.reflect.Constructor.newInstance(Constructor.java:423)
	at org.apache.hadoop.net.NetUtils.wrapWithMessage(NetUtils.java:913)
	at org.apache.hadoop.net.NetUtils.wrapException(NetUtils.java:862)
	at org.apache.hadoop.ipc.Client.getRpcResponse(Client.java:1577)
	at org.apache.hadoop.ipc.Client.call(Client.java:1519)
	at org.apache.hadoop.ipc.Client.call(Client.java:1416)
	at org.apache.hadoop.ipc.ProtobufRpcEngine$Invoker.invoke(ProtobufRpcEngine.java:236)
	at org.apache.hadoop.ipc.ProtobufRpcEngine$Invoker.invoke(ProtobufRpcEngine.java:123)
	at com.sun.proxy.$Proxy51.submitRequest(Unknown Source)
	at org.apache.hadoop.ozone.protocolPB.StorageContainerDatanodeProtocolClientSideTranslatorPB.submitRequest(StorageContainerDatanodeProtocolClientSideTranslatorPB.java:117)
	at org.apache.hadoop.ozone.protocolPB.StorageContainerDatanodeProtocolClientSideTranslatorPB.sendHeartbeat(StorageContainerDatanodeProtocolClientSideTranslatorPB.java:149)
	at org.apache.hadoop.ozone.container.common.states.endpoint.HeartbeatEndpointTask.call(HeartbeatEndpointTask.java:185)
	at org.apache.hadoop.ozone.container.common.states.endpoint.HeartbeatEndpointTask.call(HeartbeatEndpointTask.java:87)
	at java.util.concurrent.FutureTask.run(FutureTask.java:266)
	at java.util.concurrent.ThreadPoolExecutor.runWorker(ThreadPoolExecutor.java:1149)
	at java.util.concurrent.ThreadPoolExecutor$Worker.run(ThreadPoolExecutor.java:624)
	at java.lang.Thread.run(Thread.java:750)
Caused by: java.io.EOFException
	at java.io.DataInputStream.readInt(DataInputStream.java:392)
	at org.apache.hadoop.ipc.Client$IpcStreams.readResponse(Client.java:1892)
	at org.apache.hadoop.ipc.Client$Connection.receiveRpcResponse(Client.java:1202)
	at org.apache.hadoop.ipc.Client$Connection.run(Client.java:1098)
2022-08-14 01:45:03,850 [grpc-default-executor-1] WARN  server.GrpcLogAppender (LogUtils.java:warn(122)) - eb4f5392-52f7-4dd8-91fe-f5d2e1c8a0c0@group-774EABE7D98C->03edee82-0664-4375-9f31-ace4c627e75e-AppendLogResponseHandler: Failed appendEntries: org.apache.ratis.thirdparty.io.grpc.StatusRuntimeException: UNAVAILABLE: io exception
2022-08-14 01:45:03,850 [grpc-default-executor-1] INFO  leader.FollowerInfo (FollowerInfoImpl.java:lambda$new$0(48)) - eb4f5392-52f7-4dd8-91fe-f5d2e1c8a0c0@group-774EABE7D98C->03edee82-0664-4375-9f31-ace4c627e75e: nextIndex: updateUnconditionally 29 -> 28
2022-08-14 01:45:03,851 [grpc-default-executor-1] WARN  server.GrpcLogAppender (LogUtils.java:warn(122)) - eb4f5392-52f7-4dd8-91fe-f5d2e1c8a0c0@group-774EABE7D98C->cf90fe62-f76e-4488-be8d-0c3b3445e4fe-AppendLogResponseHandler: Failed appendEntries: org.apache.ratis.thirdparty.io.grpc.StatusRuntimeException: UNAVAILABLE: io exception
2022-08-14 01:45:03,852 [grpc-default-executor-1] INFO  leader.FollowerInfo (FollowerInfoImpl.java:lambda$new$0(48)) - eb4f5392-52f7-4dd8-91fe-f5d2e1c8a0c0@group-774EABE7D98C->cf90fe62-f76e-4488-be8d-0c3b3445e4fe: nextIndex: updateUnconditionally 29 -> 28
2022-08-14 01:45:03,977 [SCM Heartbeat Processing Thread - 0] WARN  node.NodeStateManager (NodeStateManager.java:scheduleNextHealthCheck(870)) - Current Thread is interrupted, shutting down HB processing thread for Node Manager.
2022-08-14 01:45:03,977 [Listener at 127.0.0.1/45525] INFO  server.StorageContainerManager (StorageContainerManager.java:stop(1588)) - Stopping block service RPC server
2022-08-14 01:45:03,978 [Listener at 127.0.0.1/45525] INFO  server.SCMBlockProtocolServer (SCMBlockProtocolServer.java:stop(161)) - Stopping the RPC server for Block Protocol
2022-08-14 01:45:03,978 [Listener at 127.0.0.1/45525] INFO  ipc.Server (Server.java:stop(3414)) - Stopping server on 39797
2022-08-14 01:45:03,982 [IPC Server listener on 39797] INFO  ipc.Server (Server.java:run(1376)) - Stopping IPC Server listener on 39797
2022-08-14 01:45:03,982 [Listener at 127.0.0.1/45525] INFO  server.StorageContainerManager (StorageContainerManager.java:stop(1595)) - Stopping the StorageContainerLocationProtocol RPC server
2022-08-14 01:45:03,982 [Listener at 127.0.0.1/45525] INFO  server.SCMClientProtocolServer (SCMClientProtocolServer.java:stop(179)) - Stopping the RPC server for Client Protocol
2022-08-14 01:45:03,982 [Listener at 127.0.0.1/45525] INFO  ipc.Server (Server.java:stop(3414)) - Stopping server on 42649
2022-08-14 01:45:03,983 [IPC Server Responder] INFO  ipc.Server (Server.java:run(1512)) - Stopping IPC Server Responder
2022-08-14 01:45:03,996 [Listener at 127.0.0.1/45525] INFO  server.StorageContainerManager (StorageContainerManager.java:stop(1602)) - Stopping Storage Container Manager HTTP server.
2022-08-14 01:45:03,997 [IPC Server listener on 42649] INFO  ipc.Server (Server.java:run(1376)) - Stopping IPC Server listener on 42649
2022-08-14 01:45:03,996 [IPC Server Responder] INFO  ipc.Server (Server.java:run(1512)) - Stopping IPC Server Responder
2022-08-14 01:45:04,000 [Listener at 127.0.0.1/45525] INFO  handler.ContextHandler (ContextHandler.java:doStop(1153)) - Stopped o.e.j.w.WebAppContext@242b8419{scm,/,null,STOPPED}{file:/home/runner/work/ozone/ozone/hadoop-ozone/integration-test/target/test-classes/webapps/scm}
2022-08-14 01:45:04,000 [Listener at 127.0.0.1/45525] INFO  server.AbstractConnector (AbstractConnector.java:doStop(381)) - Stopped ServerConnector@458bc6dd{HTTP/1.1, (http/1.1)}{0.0.0.0:39203}
2022-08-14 01:45:04,000 [Listener at 127.0.0.1/45525] INFO  server.session (HouseKeeper.java:stopScavenging(149)) - node0 Stopped scavenging
2022-08-14 01:45:04,001 [Listener at 127.0.0.1/45525] INFO  handler.ContextHandler (ContextHandler.java:doStop(1153)) - Stopped o.e.j.s.ServletContextHandler@5ca5a026{static,/static,file:///home/runner/work/ozone/ozone/hadoop-ozone/integration-test/target/test-classes/webapps/static,STOPPED}
2022-08-14 01:45:04,001 [Listener at 127.0.0.1/45525] INFO  handler.ContextHandler (ContextHandler.java:doStop(1153)) - Stopped o.e.j.s.ServletContextHandler@1a5be6b7{logs,/logs,file:///home/runner/work/ozone/ozone/hadoop-ozone/integration-test/target/log,STOPPED}
2022-08-14 01:45:04,002 [Listener at 127.0.0.1/45525] INFO  server.StorageContainerManager (StorageContainerManager.java:stop(1608)) - Stopping SCM LayoutVersionManager Service.
2022-08-14 01:45:04,002 [Listener at 127.0.0.1/45525] INFO  server.StorageContainerManager (StorageContainerManager.java:stop(1616)) - Stopping Block Manager Service.
2022-08-14 01:45:04,002 [Listener at 127.0.0.1/45525] INFO  utils.BackgroundService (BackgroundService.java:shutdown(141)) - Shutting down service SCMBlockDeletingService
2022-08-14 01:45:04,002 [Listener at 127.0.0.1/45525] INFO  utils.BackgroundService (BackgroundService.java:shutdown(141)) - Shutting down service SCMBlockDeletingService
2022-08-14 01:45:04,002 [Listener at 127.0.0.1/45525] INFO  server.StorageContainerManager (StorageContainerManager.java:stop(1643)) - Stopping SCM Event Queue.
2022-08-14 01:45:04,004 [Listener at 127.0.0.1/45525] INFO  server.StorageContainerManager (StorageContainerManager.java:stop(1654)) - Stopping SCM HA services.
2022-08-14 01:45:04,004 [Listener at 127.0.0.1/45525] INFO  ha.SCMRatisServerImpl (SCMRatisServerImpl.java:stop(237)) - stopping ratis server 0.0.0.0:43121
2022-08-14 01:45:04,004 [Listener at 127.0.0.1/45525] INFO  server.RaftServer (RaftServerProxy.java:lambda$close$7(398)) - eb4f5392-52f7-4dd8-91fe-f5d2e1c8a0c0: close
2022-08-14 01:45:04,004 [Listener at 127.0.0.1/45525] INFO  server.RaftServer$Division (RaftServerImpl.java:lambda$close$4(434)) - eb4f5392-52f7-4dd8-91fe-f5d2e1c8a0c0@group-774EABE7D98C: shutdown
2022-08-14 01:45:04,005 [Listener at 127.0.0.1/45525] INFO  util.JmxRegister (JmxRegister.java:unregister(73)) - Successfully un-registered JMX Bean with object name Ratis:service=RaftServer,group=group-774EABE7D98C,id=eb4f5392-52f7-4dd8-91fe-f5d2e1c8a0c0
2022-08-14 01:45:04,005 [Listener at 127.0.0.1/45525] INFO  impl.RoleInfo (RoleInfo.java:shutdownLeaderState(93)) - eb4f5392-52f7-4dd8-91fe-f5d2e1c8a0c0: shutdown eb4f5392-52f7-4dd8-91fe-f5d2e1c8a0c0@group-774EABE7D98C-LeaderStateImpl
2022-08-14 01:45:04,005 [eb4f5392-52f7-4dd8-91fe-f5d2e1c8a0c0@group-774EABE7D98C->cf90fe62-f76e-4488-be8d-0c3b3445e4fe-GrpcLogAppender-LogAppenderDaemon] WARN  server.GrpcLogAppender (GrpcLogAppender.java:mayWait(171)) - eb4f5392-52f7-4dd8-91fe-f5d2e1c8a0c0@group-774EABE7D98C->cf90fe62-f76e-4488-be8d-0c3b3445e4fe-GrpcLogAppender: Wait interrupted by java.lang.InterruptedException
2022-08-14 01:45:04,005 [eb4f5392-52f7-4dd8-91fe-f5d2e1c8a0c0@group-774EABE7D98C->03edee82-0664-4375-9f31-ace4c627e75e-GrpcLogAppender-LogAppenderDaemon] WARN  server.GrpcLogAppender (GrpcLogAppender.java:mayWait(171)) - eb4f5392-52f7-4dd8-91fe-f5d2e1c8a0c0@group-774EABE7D98C->03edee82-0664-4375-9f31-ace4c627e75e-GrpcLogAppender: Wait interrupted by java.lang.InterruptedException
2022-08-14 01:45:04,005 [Listener at 127.0.0.1/45525] INFO  impl.PendingRequests (PendingRequests.java:sendNotLeaderResponses(282)) - eb4f5392-52f7-4dd8-91fe-f5d2e1c8a0c0@group-774EABE7D98C-PendingRequests: sendNotLeaderResponses
2022-08-14 01:45:04,006 [Listener at 127.0.0.1/45525] INFO  ha.SCMStateMachine (SCMStateMachine.java:notifyNotLeader(190)) - current leader SCM steps down.
2022-08-14 01:45:04,006 [Listener at 127.0.0.1/45525] INFO  ha.SCMContext (SCMContext.java:updateLeaderAndTerm(99)) - update <isLeader,term> from <true,2> to <false,0>
2022-08-14 01:45:04,006 [Listener at 127.0.0.1/45525] INFO  ha.SCMContext (SCMContext.java:updateLeaderAndTerm(106)) - update <isLeaderReady> from <false> to <false>
2022-08-14 01:45:04,006 [Listener at 127.0.0.1/45525] INFO  BackgroundPipelineScrubber (BackgroundSCMService.java:notifyStatusChanged(88)) - Service BackgroundPipelineScrubber transitions to PAUSING.
2022-08-14 01:45:04,006 [Listener at 127.0.0.1/45525] INFO  ExpiredContainerReplicaOpScrubber (BackgroundSCMService.java:notifyStatusChanged(88)) - Service ExpiredContainerReplicaOpScrubber transitions to PAUSING.
2022-08-14 01:45:04,006 [Listener at 127.0.0.1/45525] INFO  UnderReplicatedQueueThread (BackgroundSCMService.java:notifyStatusChanged(88)) - Service UnderReplicatedQueueThread transitions to PAUSING.
2022-08-14 01:45:04,007 [Listener at 127.0.0.1/45525] INFO  OverReplicatedQueueThread (BackgroundSCMService.java:notifyStatusChanged(88)) - Service OverReplicatedQueueThread transitions to PAUSING.
2022-08-14 01:45:04,007 [Listener at 127.0.0.1/45525] INFO  impl.StateMachineUpdater (StateMachineUpdater.java:stopAndJoin(153)) - eb4f5392-52f7-4dd8-91fe-f5d2e1c8a0c0@group-774EABE7D98C-StateMachineUpdater: set stopIndex = 28
2022-08-14 01:45:04,008 [eb4f5392-52f7-4dd8-91fe-f5d2e1c8a0c0@group-774EABE7D98C-StateMachineUpdater] INFO  ha.SCMStateMachine (SCMStateMachine.java:takeSnapshot(297)) - Current Snapshot Index 28, takeSnapshot took 1 ms
2022-08-14 01:45:04,008 [eb4f5392-52f7-4dd8-91fe-f5d2e1c8a0c0@group-774EABE7D98C-StateMachineUpdater] INFO  impl.StateMachineUpdater (StateMachineUpdater.java:takeSnapshot(287)) - eb4f5392-52f7-4dd8-91fe-f5d2e1c8a0c0@group-774EABE7D98C-StateMachineUpdater: Took a snapshot at index 28
2022-08-14 01:45:04,008 [eb4f5392-52f7-4dd8-91fe-f5d2e1c8a0c0@group-774EABE7D98C-StateMachineUpdater] INFO  impl.StateMachineUpdater (StateMachineUpdater.java:lambda$new$0(92)) - eb4f5392-52f7-4dd8-91fe-f5d2e1c8a0c0@group-774EABE7D98C-StateMachineUpdater: snapshotIndex: updateIncreasingly -1 -> 28
2022-08-14 01:45:04,008 [eb4f5392-52f7-4dd8-91fe-f5d2e1c8a0c0@group-774EABE7D98C-StateMachineUpdater] INFO  server.StorageContainerManager (StorageContainerManager.java:stop(1552)) - Container Balancer is not running.
2022-08-14 01:45:04,008 [eb4f5392-52f7-4dd8-91fe-f5d2e1c8a0c0@group-774EABE7D98C-StateMachineUpdater] INFO  server.StorageContainerManager (StorageContainerManager.java:stop(1559)) - Stopping Replication Manager Service.
2022-08-14 01:45:04,008 [eb4f5392-52f7-4dd8-91fe-f5d2e1c8a0c0@group-774EABE7D98C-StateMachineUpdater] INFO  replication.ReplicationManager (ReplicationManager.java:stop(245)) - Replication Monitor Thread is not running.
2022-08-14 01:45:04,008 [eb4f5392-52f7-4dd8-91fe-f5d2e1c8a0c0@group-774EABE7D98C-StateMachineUpdater] INFO  server.StorageContainerManager (StorageContainerManager.java:stop(1566)) - Stopping the Datanode Admin Monitor.
2022-08-14 01:45:04,008 [eb4f5392-52f7-4dd8-91fe-f5d2e1c8a0c0@group-774EABE7D98C-StateMachineUpdater] INFO  server.StorageContainerManager (StorageContainerManager.java:stop(1573)) - Stopping Lease Manager of the command watchers
2022-08-14 01:45:04,008 [eb4f5392-52f7-4dd8-91fe-f5d2e1c8a0c0@group-774EABE7D98C-StateMachineUpdater] ERROR server.StorageContainerManager (StorageContainerManager.java:stop(1576)) - Lease Manager of the command watchers stop failed
2022-08-14 01:45:04,008 [eb4f5392-52f7-4dd8-91fe-f5d2e1c8a0c0@group-774EABE7D98C-StateMachineUpdater] INFO  server.StorageContainerManager (StorageContainerManager.java:stop(1580)) - Stopping datanode service RPC server
2022-08-14 01:45:04,008 [eb4f5392-52f7-4dd8-91fe-f5d2e1c8a0c0@group-774EABE7D98C-StateMachineUpdater] INFO  server.SCMDatanodeProtocolServer (SCMDatanodeProtocolServer.java:stop(414)) - Stopping the RPC server for DataNodes
2022-08-14 01:45:04,008 [eb4f5392-52f7-4dd8-91fe-f5d2e1c8a0c0@group-774EABE7D98C-StateMachineUpdater] INFO  ipc.Server (Server.java:stop(3414)) - Stopping server on 33939
2022-08-14 01:45:04,008 [eb4f5392-52f7-4dd8-91fe-f5d2e1c8a0c0@group-774EABE7D98C-StateMachineUpdater] INFO  server.StorageContainerManager (StorageContainerManager.java:stop(1588)) - Stopping block service RPC server
2022-08-14 01:45:04,008 [eb4f5392-52f7-4dd8-91fe-f5d2e1c8a0c0@group-774EABE7D98C-StateMachineUpdater] INFO  server.SCMBlockProtocolServer (SCMBlockProtocolServer.java:stop(161)) - Stopping the RPC server for Block Protocol
2022-08-14 01:45:04,008 [eb4f5392-52f7-4dd8-91fe-f5d2e1c8a0c0@group-774EABE7D98C-StateMachineUpdater] INFO  ipc.Server (Server.java:stop(3414)) - Stopping server on 39797
2022-08-14 01:45:04,008 [eb4f5392-52f7-4dd8-91fe-f5d2e1c8a0c0@group-774EABE7D98C-StateMachineUpdater] INFO  server.StorageContainerManager (StorageContainerManager.java:stop(1595)) - Stopping the StorageContainerLocationProtocol RPC server
2022-08-14 01:45:04,008 [eb4f5392-52f7-4dd8-91fe-f5d2e1c8a0c0@group-774EABE7D98C-StateMachineUpdater] INFO  server.SCMClientProtocolServer (SCMClientProtocolServer.java:stop(179)) - Stopping the RPC server for Client Protocol
2022-08-14 01:45:04,008 [eb4f5392-52f7-4dd8-91fe-f5d2e1c8a0c0@group-774EABE7D98C-StateMachineUpdater] INFO  ipc.Server (Server.java:stop(3414)) - Stopping server on 42649
2022-08-14 01:45:04,008 [eb4f5392-52f7-4dd8-91fe-f5d2e1c8a0c0@group-774EABE7D98C-StateMachineUpdater] INFO  server.StorageContainerManager (StorageContainerManager.java:stop(1602)) - Stopping Storage Container Manager HTTP server.
2022-08-14 01:45:04,009 [eb4f5392-52f7-4dd8-91fe-f5d2e1c8a0c0@group-774EABE7D98C-StateMachineUpdater] INFO  server.StorageContainerManager (StorageContainerManager.java:stop(1608)) - Stopping SCM LayoutVersionManager Service.
2022-08-14 01:45:04,009 [eb4f5392-52f7-4dd8-91fe-f5d2e1c8a0c0@group-774EABE7D98C-StateMachineUpdater] INFO  server.StorageContainerManager (StorageContainerManager.java:stop(1616)) - Stopping Block Manager Service.
2022-08-14 01:45:04,009 [eb4f5392-52f7-4dd8-91fe-f5d2e1c8a0c0@group-774EABE7D98C-StateMachineUpdater] INFO  utils.BackgroundService (BackgroundService.java:shutdown(141)) - Shutting down service SCMBlockDeletingService
2022-08-14 01:45:04,009 [eb4f5392-52f7-4dd8-91fe-f5d2e1c8a0c0@group-774EABE7D98C-StateMachineUpdater] INFO  utils.BackgroundService (BackgroundService.java:shutdown(141)) - Shutting down service SCMBlockDeletingService
2022-08-14 01:45:04,009 [eb4f5392-52f7-4dd8-91fe-f5d2e1c8a0c0@group-774EABE7D98C-StateMachineUpdater] INFO  server.StorageContainerManager (StorageContainerManager.java:stop(1643)) - Stopping SCM Event Queue.
2022-08-14 01:45:04,009 [eb4f5392-52f7-4dd8-91fe-f5d2e1c8a0c0@group-774EABE7D98C-StateMachineUpdater] INFO  server.StorageContainerManager (StorageContainerManager.java:stop(1654)) - Stopping SCM HA services.
2022-08-14 01:45:04,009 [eb4f5392-52f7-4dd8-91fe-f5d2e1c8a0c0@group-774EABE7D98C-StateMachineUpdater] INFO  ha.SCMRatisServerImpl (SCMRatisServerImpl.java:stop(237)) - stopping ratis server 0.0.0.0:43121
2022-08-14 01:45:04,009 [org.apache.ratis.util.JvmPauseMonitor$$Lambda$519/202110677@436d2f0a] INFO  util.JvmPauseMonitor (JvmPauseMonitor.java:run(109)) - JvmPauseMonitor-eb4f5392-52f7-4dd8-91fe-f5d2e1c8a0c0: Stopped
2022-08-14 01:45:04,010 [eb4f5392-52f7-4dd8-91fe-f5d2e1c8a0c0@group-774EABE7D98C-StateMachineUpdater] INFO  pipeline.BackgroundPipelineCreator (BackgroundPipelineCreator.java:stop(149)) - Stopping RatisPipelineUtilsThread.
2022-08-14 01:45:04,010 [RatisPipelineUtilsThread - 0] WARN  pipeline.BackgroundPipelineCreator (BackgroundPipelineCreator.java:run(180)) - RatisPipelineUtilsThread is interrupted.
2022-08-14 01:45:04,011 [BackgroundPipelineScrubberThread] WARN  BackgroundPipelineScrubber (BackgroundSCMService.java:run(115)) - BackgroundPipelineScrubber is interrupted, exit
2022-08-14 01:45:04,011 [eb4f5392-52f7-4dd8-91fe-f5d2e1c8a0c0@group-774EABE7D98C-StateMachineUpdater] INFO  BackgroundPipelineScrubber (BackgroundSCMService.java:stop(131)) - Stopping BackgroundPipelineScrubber Service.
2022-08-14 01:45:04,011 [eb4f5392-52f7-4dd8-91fe-f5d2e1c8a0c0@group-774EABE7D98C-StateMachineUpdater] INFO  server.StorageContainerManager (StorageContainerManager.java:stop(1664)) - Stopping SCM MetadataStore.
2022-08-14 01:45:04,012 [eb4f5392-52f7-4dd8-91fe-f5d2e1c8a0c0@group-774EABE7D98C-StateMachineUpdater] INFO  impl.MetricsSystemImpl (MetricsSystemImpl.java:stop(205)) - HddsDatanode metrics system stopped (again)
2022-08-14 01:45:04,012 [eb4f5392-52f7-4dd8-91fe-f5d2e1c8a0c0@group-774EABE7D98C-StateMachineUpdater] ERROR server.StorageContainerManager (ExitUtils.java:terminate(133)) - Terminating with exit status 1: scm statemachine is closed by ratis, terminate SCM
2022-08-14 01:45:04,012 [eb4f5392-52f7-4dd8-91fe-f5d2e1c8a0c0@group-774EABE7D98C-StateMachineUpdater] WARN  impl.StateMachineUpdater (StateMachineUpdater.java:stop(137)) - eb4f5392-52f7-4dd8-91fe-f5d2e1c8a0c0@group-774EABE7D98C-StateMachineUpdater: Failed to close SCMStateMachine SCMStateMachine:eb4f5392-52f7-4dd8-91fe-f5d2e1c8a0c0:group-774EABE7D98C
org.apache.ratis.util.ExitUtils$ExitException: scm statemachine is closed by ratis, terminate SCM
	at org.apache.ratis.util.ExitUtils.terminate(ExitUtils.java:141)
	at org.apache.ratis.util.ExitUtils.terminate(ExitUtils.java:151)
	at org.apache.ratis.util.ExitUtils.terminate(ExitUtils.java:155)
	at org.apache.hadoop.hdds.scm.server.StorageContainerManager.shutDown(StorageContainerManager.java:1680)
	at org.apache.hadoop.hdds.scm.ha.SCMStateMachine.close(SCMStateMachine.java:403)
	at org.apache.ratis.server.impl.StateMachineUpdater.stop(StateMachineUpdater.java:134)
	at org.apache.ratis.server.impl.StateMachineUpdater.run(StateMachineUpdater.java:187)
	at java.lang.Thread.run(Thread.java:750)
2022-08-14 01:45:04,013 [Listener at 127.0.0.1/45525] INFO  server.RaftServer$Division (ServerState.java:close(429)) - eb4f5392-52f7-4dd8-91fe-f5d2e1c8a0c0@group-774EABE7D98C: closes. applyIndex: 28
2022-08-14 01:45:04,013 [eb4f5392-52f7-4dd8-91fe-f5d2e1c8a0c0@group-774EABE7D98C-SegmentedRaftLogWorker] INFO  segmented.SegmentedRaftLogWorker (SegmentedRaftLogWorker.java:run(336)) - eb4f5392-52f7-4dd8-91fe-f5d2e1c8a0c0@group-774EABE7D98C-SegmentedRaftLogWorker was interrupted, exiting. There are 0 tasks remaining in the queue.
2022-08-14 01:45:04,014 [Listener at 127.0.0.1/45525] INFO  segmented.SegmentedRaftLogWorker (SegmentedRaftLogWorker.java:close(246)) - eb4f5392-52f7-4dd8-91fe-f5d2e1c8a0c0@group-774EABE7D98C-SegmentedRaftLogWorker close()
2022-08-14 01:45:04,015 [Listener at 127.0.0.1/45525] INFO  server.GrpcService (GrpcService.java:closeImpl(269)) - eb4f5392-52f7-4dd8-91fe-f5d2e1c8a0c0: shutdown server with port 43121 now
2022-08-14 01:45:04,016 [Listener at 127.0.0.1/45525] INFO  server.GrpcService (GrpcService.java:closeImpl(278)) - eb4f5392-52f7-4dd8-91fe-f5d2e1c8a0c0: shutdown server with port 43121 successfully
2022-08-14 01:45:04,016 [Listener at 127.0.0.1/45525] WARN  pipeline.BackgroundPipelineCreator (BackgroundPipelineCreator.java:stop(145)) - RatisPipelineUtilsThread is not running, just ignore.
2022-08-14 01:45:04,016 [Listener at 127.0.0.1/45525] INFO  BackgroundPipelineScrubber (BackgroundSCMService.java:stop(126)) - BackgroundPipelineScrubber Service is not running, skip stop.
2022-08-14 01:45:04,017 [Listener at 127.0.0.1/45525] INFO  server.StorageContainerManager (StorageContainerManager.java:stop(1664)) - Stopping SCM MetadataStore.
2022-08-14 01:45:04,017 [Listener at 127.0.0.1/45525] INFO  impl.MetricsSystemImpl (MetricsSystemImpl.java:stop(205)) - HddsDatanode metrics system stopped (again)
2022-08-14 01:45:04,017 [Listener at 127.0.0.1/45525] INFO  ozone.MiniOzoneClusterImpl (MiniOzoneClusterImpl.java:stop(463)) - Stopping the Mini Ozone Cluster
2022-08-14 01:45:04,017 [Listener at 127.0.0.1/45525] INFO  ozone.MiniOzoneClusterImpl (MiniOzoneClusterImpl.java:stopDatanodes(522)) - Stopping the HddsDatanodes
2022-08-14 01:45:04,319 [Datanode State Machine Daemon Thread] ERROR datanode.RunningDatanodeState (RunningDatanodeState.java:computeNextContainerState(207)) - Error in executing end point task.
java.util.concurrent.ExecutionException: java.util.concurrent.TimeoutException
	at java.util.concurrent.FutureTask.report(FutureTask.java:122)
	at java.util.concurrent.FutureTask.get(FutureTask.java:192)
	at org.apache.hadoop.ozone.container.common.states.datanode.RunningDatanodeState.computeNextContainerState(RunningDatanodeState.java:199)
	at org.apache.hadoop.ozone.container.common.states.datanode.RunningDatanodeState.await(RunningDatanodeState.java:239)
	at org.apache.hadoop.ozone.container.common.states.datanode.RunningDatanodeState.await(RunningDatanodeState.java:50)
	at org.apache.hadoop.ozone.container.common.statemachine.StateContext.execute(StateContext.java:660)
	at org.apache.hadoop.ozone.container.common.statemachine.DatanodeStateMachine.startStateMachineThread(DatanodeStateMachine.java:298)
	at org.apache.hadoop.ozone.container.common.statemachine.DatanodeStateMachine.lambda$startDaemon$0(DatanodeStateMachine.java:493)
	at java.lang.Thread.run(Thread.java:750)
Caused by: java.util.concurrent.TimeoutException
	at java.util.concurrent.FutureTask.get(FutureTask.java:205)
	at org.apache.hadoop.ozone.container.common.states.datanode.RunningDatanodeState.lambda$execute$0(RunningDatanodeState.java:157)
	at java.util.concurrent.FutureTask.run(FutureTask.java:266)
	at java.util.concurrent.Executors$RunnableAdapter.call(Executors.java:511)
	at java.util.concurrent.FutureTask.run(FutureTask.java:266)
	at java.util.concurrent.ThreadPoolExecutor.runWorker(ThreadPoolExecutor.java:1149)
	at java.util.concurrent.ThreadPoolExecutor$Worker.run(ThreadPoolExecutor.java:624)
	... 1 more
2022-08-14 01:45:04,320 [Datanode State Machine Daemon Thread] WARN  statemachine.StateContext (StateContext.java:setState(252)) - Ignore disallowed transition from SHUTDOWN to RUNNING
2022-08-14 01:45:04,321 [EndpointStateMachine task thread for /127.0.0.1:34931 - 0 ] INFO  ipc.Client (Client.java:handleConnectionFailure(977)) - Retrying connect to server: localhost/127.0.0.1:34931. Already tried 0 time(s); retry policy is RetryUpToMaximumCountWithFixedSleep(maxRetries=15, sleepTime=1000 MILLISECONDS)
2022-08-14 01:45:04,322 [EndpointStateMachine task thread for /127.0.0.1:40129 - 0 ] INFO  ipc.Client (Client.java:handleConnectionFailure(977)) - Retrying connect to server: localhost/127.0.0.1:40129. Already tried 0 time(s); retry policy is RetryUpToMaximumCountWithFixedSleep(maxRetries=15, sleepTime=1000 MILLISECONDS)
2022-08-14 01:45:04,326 [EndpointStateMachine task thread for /127.0.0.1:33939 - 0 ] INFO  ipc.Client (Client.java:handleConnectionFailure(977)) - Retrying connect to server: localhost/127.0.0.1:33939. Already tried 0 time(s); retry policy is RetryUpToMaximumCountWithFixedSleep(maxRetries=15, sleepTime=1000 MILLISECONDS)
2022-08-14 01:45:04,642 [Datanode State Machine Daemon Thread] WARN  statemachine.StateContext (StateContext.java:setState(252)) - Ignore disallowed transition from SHUTDOWN to RUNNING
2022-08-14 01:45:05,321 [EndpointStateMachine task thread for /127.0.0.1:34931 - 0 ] INFO  ipc.Client (Client.java:handleConnectionFailure(977)) - Retrying connect to server: localhost/127.0.0.1:34931. Already tried 1 time(s); retry policy is RetryUpToMaximumCountWithFixedSleep(maxRetries=15, sleepTime=1000 MILLISECONDS)
2022-08-14 01:45:05,322 [EndpointStateMachine task thread for /127.0.0.1:40129 - 0 ] INFO  ipc.Client (Client.java:handleConnectionFailure(977)) - Retrying connect to server: localhost/127.0.0.1:40129. Already tried 1 time(s); retry policy is RetryUpToMaximumCountWithFixedSleep(maxRetries=15, sleepTime=1000 MILLISECONDS)
2022-08-14 01:45:05,327 [EndpointStateMachine task thread for /127.0.0.1:33939 - 0 ] INFO  ipc.Client (Client.java:handleConnectionFailure(977)) - Retrying connect to server: localhost/127.0.0.1:33939. Already tried 1 time(s); retry policy is RetryUpToMaximumCountWithFixedSleep(maxRetries=15, sleepTime=1000 MILLISECONDS)
2022-08-14 01:45:06,322 [EndpointStateMachine task thread for /127.0.0.1:34931 - 0 ] INFO  ipc.Client (Client.java:handleConnectionFailure(977)) - Retrying connect to server: localhost/127.0.0.1:34931. Already tried 2 time(s); retry policy is RetryUpToMaximumCountWithFixedSleep(maxRetries=15, sleepTime=1000 MILLISECONDS)
2022-08-14 01:45:06,322 [EndpointStateMachine task thread for /127.0.0.1:40129 - 0 ] INFO  ipc.Client (Client.java:handleConnectionFailure(977)) - Retrying connect to server: localhost/127.0.0.1:40129. Already tried 2 time(s); retry policy is RetryUpToMaximumCountWithFixedSleep(maxRetries=15, sleepTime=1000 MILLISECONDS)
2022-08-14 01:45:06,327 [EndpointStateMachine task thread for /127.0.0.1:33939 - 0 ] INFO  ipc.Client (Client.java:handleConnectionFailure(977)) - Retrying connect to server: localhost/127.0.0.1:33939. Already tried 2 time(s); retry policy is RetryUpToMaximumCountWithFixedSleep(maxRetries=15, sleepTime=1000 MILLISECONDS)
2022-08-14 01:45:06,736 [f124399b-2518-488d-bf7f-30c6c2e21956@group-F49552B7F4B3-FollowerState] INFO  impl.FollowerState (FollowerState.java:run(143)) - f124399b-2518-488d-bf7f-30c6c2e21956@group-F49552B7F4B3-FollowerState: change to CANDIDATE, lastRpcElapsedTime:5012194705ns, electionTimeout:5010ms
2022-08-14 01:45:06,737 [f124399b-2518-488d-bf7f-30c6c2e21956@group-F49552B7F4B3-FollowerState] INFO  impl.RoleInfo (RoleInfo.java:shutdownFollowerState(110)) - f124399b-2518-488d-bf7f-30c6c2e21956: shutdown f124399b-2518-488d-bf7f-30c6c2e21956@group-F49552B7F4B3-FollowerState
2022-08-14 01:45:06,737 [f124399b-2518-488d-bf7f-30c6c2e21956@group-F49552B7F4B3-FollowerState] INFO  server.RaftServer$Division (RaftServerImpl.java:setRole(299)) - f124399b-2518-488d-bf7f-30c6c2e21956@group-F49552B7F4B3: changes role from  FOLLOWER to CANDIDATE at term 3 for changeToCandidate
2022-08-14 01:45:06,737 [f124399b-2518-488d-bf7f-30c6c2e21956@group-F49552B7F4B3-FollowerState] INFO  server.RaftServerConfigKeys (ConfUtils.java:logGet(46)) - raft.server.leaderelection.pre-vote = false (custom)
2022-08-14 01:45:06,737 [f124399b-2518-488d-bf7f-30c6c2e21956@group-F49552B7F4B3-FollowerState] INFO  impl.RoleInfo (RoleInfo.java:updateAndGet(139)) - f124399b-2518-488d-bf7f-30c6c2e21956: start f124399b-2518-488d-bf7f-30c6c2e21956@group-F49552B7F4B3-LeaderElection16
2022-08-14 01:45:06,742 [f124399b-2518-488d-bf7f-30c6c2e21956@group-F49552B7F4B3-LeaderElection16] INFO  impl.LeaderElection (LeaderElection.java:askForVotes(310)) - f124399b-2518-488d-bf7f-30c6c2e21956@group-F49552B7F4B3-LeaderElection16 ELECTION round 0: submit vote requests at term 4 for -1: [8222fa1d-6d96-4624-a383-c2b17e7dd66e|rpc:127.0.0.1:37911|dataStream:|priority:0, f124399b-2518-488d-bf7f-30c6c2e21956|rpc:127.0.0.1:37713|dataStream:|priority:1, 937647e2-067d-42aa-a021-6dbfe1bbf122|rpc:127.0.0.1:42293|dataStream:|priority:0], old=null
2022-08-14 01:45:06,752 [grpc-default-executor-0] INFO  server.RaftServer$Division (RaftServerImpl.java:requestVote(1152)) - 8222fa1d-6d96-4624-a383-c2b17e7dd66e@group-F49552B7F4B3: receive requestVote(ELECTION, f124399b-2518-488d-bf7f-30c6c2e21956, group-F49552B7F4B3, 4, (t:0, i:0))
2022-08-14 01:45:06,752 [grpc-default-executor-0] INFO  impl.VoteContext (VoteContext.java:log(48)) - 8222fa1d-6d96-4624-a383-c2b17e7dd66e@group-F49552B7F4B3-FOLLOWER: accept ELECTION from f124399b-2518-488d-bf7f-30c6c2e21956: our priority 0 <= candidate's priority 1
2022-08-14 01:45:06,752 [grpc-default-executor-0] INFO  server.RaftServer$Division (RaftServerImpl.java:setRole(299)) - 8222fa1d-6d96-4624-a383-c2b17e7dd66e@group-F49552B7F4B3: changes role from  FOLLOWER to FOLLOWER at term 4 for candidate:f124399b-2518-488d-bf7f-30c6c2e21956
2022-08-14 01:45:06,752 [grpc-default-executor-0] INFO  impl.RoleInfo (RoleInfo.java:shutdownFollowerState(110)) - 8222fa1d-6d96-4624-a383-c2b17e7dd66e: shutdown 8222fa1d-6d96-4624-a383-c2b17e7dd66e@group-F49552B7F4B3-FollowerState
2022-08-14 01:45:06,752 [8222fa1d-6d96-4624-a383-c2b17e7dd66e@group-F49552B7F4B3-FollowerState] INFO  impl.FollowerState (FollowerState.java:run(152)) - 8222fa1d-6d96-4624-a383-c2b17e7dd66e@group-F49552B7F4B3-FollowerState was interrupted
2022-08-14 01:45:06,752 [grpc-default-executor-0] INFO  impl.RoleInfo (RoleInfo.java:updateAndGet(139)) - 8222fa1d-6d96-4624-a383-c2b17e7dd66e: start 8222fa1d-6d96-4624-a383-c2b17e7dd66e@group-F49552B7F4B3-FollowerState
2022-08-14 01:45:06,753 [grpc-default-executor-1] INFO  server.RaftServer$Division (RaftServerImpl.java:requestVote(1152)) - 937647e2-067d-42aa-a021-6dbfe1bbf122@group-F49552B7F4B3: receive requestVote(ELECTION, f124399b-2518-488d-bf7f-30c6c2e21956, group-F49552B7F4B3, 4, (t:0, i:0))
2022-08-14 01:45:06,753 [grpc-default-executor-1] INFO  impl.VoteContext (VoteContext.java:log(48)) - 937647e2-067d-42aa-a021-6dbfe1bbf122@group-F49552B7F4B3-FOLLOWER: accept ELECTION from f124399b-2518-488d-bf7f-30c6c2e21956: our priority 0 <= candidate's priority 1
2022-08-14 01:45:06,753 [grpc-default-executor-1] INFO  server.RaftServer$Division (RaftServerImpl.java:setRole(299)) - 937647e2-067d-42aa-a021-6dbfe1bbf122@group-F49552B7F4B3: changes role from  FOLLOWER to FOLLOWER at term 4 for candidate:f124399b-2518-488d-bf7f-30c6c2e21956
2022-08-14 01:45:06,753 [grpc-default-executor-1] INFO  impl.RoleInfo (RoleInfo.java:shutdownFollowerState(110)) - 937647e2-067d-42aa-a021-6dbfe1bbf122: shutdown 937647e2-067d-42aa-a021-6dbfe1bbf122@group-F49552B7F4B3-FollowerState
2022-08-14 01:45:06,754 [grpc-default-executor-1] INFO  impl.RoleInfo (RoleInfo.java:updateAndGet(139)) - 937647e2-067d-42aa-a021-6dbfe1bbf122: start 937647e2-067d-42aa-a021-6dbfe1bbf122@group-F49552B7F4B3-FollowerState
2022-08-14 01:45:06,755 [937647e2-067d-42aa-a021-6dbfe1bbf122@group-F49552B7F4B3-FollowerState] INFO  impl.FollowerState (FollowerState.java:run(152)) - 937647e2-067d-42aa-a021-6dbfe1bbf122@group-F49552B7F4B3-FollowerState was interrupted
2022-08-14 01:45:06,756 [grpc-default-executor-0] INFO  server.RaftServer$Division (RaftServerImpl.java:requestVote(1184)) - 8222fa1d-6d96-4624-a383-c2b17e7dd66e@group-F49552B7F4B3 replies to ELECTION vote request: f124399b-2518-488d-bf7f-30c6c2e21956<-8222fa1d-6d96-4624-a383-c2b17e7dd66e#0:OK-t4. Peer's state: 8222fa1d-6d96-4624-a383-c2b17e7dd66e@group-F49552B7F4B3:t4, leader=null, voted=f124399b-2518-488d-bf7f-30c6c2e21956, raftlog=8222fa1d-6d96-4624-a383-c2b17e7dd66e@group-F49552B7F4B3-SegmentedRaftLog:OPENED:c-1, conf=-1: [8222fa1d-6d96-4624-a383-c2b17e7dd66e|rpc:127.0.0.1:37911|priority:0, f124399b-2518-488d-bf7f-30c6c2e21956|rpc:127.0.0.1:37713|priority:1, 937647e2-067d-42aa-a021-6dbfe1bbf122|rpc:127.0.0.1:42293|priority:0], old=null
2022-08-14 01:45:06,757 [grpc-default-executor-1] INFO  server.RaftServer$Division (RaftServerImpl.java:requestVote(1184)) - 937647e2-067d-42aa-a021-6dbfe1bbf122@group-F49552B7F4B3 replies to ELECTION vote request: f124399b-2518-488d-bf7f-30c6c2e21956<-937647e2-067d-42aa-a021-6dbfe1bbf122#0:OK-t4. Peer's state: 937647e2-067d-42aa-a021-6dbfe1bbf122@group-F49552B7F4B3:t4, leader=null, voted=f124399b-2518-488d-bf7f-30c6c2e21956, raftlog=937647e2-067d-42aa-a021-6dbfe1bbf122@group-F49552B7F4B3-SegmentedRaftLog:OPENED:c-1, conf=-1: [8222fa1d-6d96-4624-a383-c2b17e7dd66e|rpc:127.0.0.1:37911|dataStream:|priority:0, f124399b-2518-488d-bf7f-30c6c2e21956|rpc:127.0.0.1:37713|dataStream:|priority:1, 937647e2-067d-42aa-a021-6dbfe1bbf122|rpc:127.0.0.1:42293|dataStream:|priority:0], old=null
2022-08-14 01:45:06,758 [f124399b-2518-488d-bf7f-30c6c2e21956@group-F49552B7F4B3-LeaderElection16] INFO  impl.LeaderElection (LeaderElection.java:logAndReturn(90)) - f124399b-2518-488d-bf7f-30c6c2e21956@group-F49552B7F4B3-LeaderElection16: ELECTION PASSED received 1 response(s) and 0 exception(s):
2022-08-14 01:45:06,758 [f124399b-2518-488d-bf7f-30c6c2e21956@group-F49552B7F4B3-LeaderElection16] INFO  impl.LeaderElection (LeaderElection.java:logAndReturn(94)) -   Response 0: f124399b-2518-488d-bf7f-30c6c2e21956<-937647e2-067d-42aa-a021-6dbfe1bbf122#0:OK-t4
2022-08-14 01:45:06,758 [f124399b-2518-488d-bf7f-30c6c2e21956@group-F49552B7F4B3-LeaderElection16] INFO  impl.LeaderElection (LeaderElection.java:askForVotes(312)) - f124399b-2518-488d-bf7f-30c6c2e21956@group-F49552B7F4B3-LeaderElection16 ELECTION round 0: result PASSED
2022-08-14 01:45:06,758 [f124399b-2518-488d-bf7f-30c6c2e21956@group-F49552B7F4B3-LeaderElection16] INFO  impl.RoleInfo (RoleInfo.java:shutdownLeaderElection(130)) - f124399b-2518-488d-bf7f-30c6c2e21956: shutdown f124399b-2518-488d-bf7f-30c6c2e21956@group-F49552B7F4B3-LeaderElection16
2022-08-14 01:45:06,758 [f124399b-2518-488d-bf7f-30c6c2e21956@group-F49552B7F4B3-LeaderElection16] INFO  server.RaftServer$Division (RaftServerImpl.java:setRole(299)) - f124399b-2518-488d-bf7f-30c6c2e21956@group-F49552B7F4B3: changes role from CANDIDATE to LEADER at term 4 for changeToLeader
2022-08-14 01:45:06,758 [f124399b-2518-488d-bf7f-30c6c2e21956@group-F49552B7F4B3-LeaderElection16] INFO  ratis.XceiverServerRatis (XceiverServerRatis.java:handleLeaderChangedNotification(863)) - Leader change notification received for group: group-F49552B7F4B3 with new leaderId: f124399b-2518-488d-bf7f-30c6c2e21956
2022-08-14 01:45:06,758 [f124399b-2518-488d-bf7f-30c6c2e21956@group-F49552B7F4B3-LeaderElection16] INFO  server.RaftServer$Division (ServerState.java:setLeader(287)) - f124399b-2518-488d-bf7f-30c6c2e21956@group-F49552B7F4B3: change Leader from null to f124399b-2518-488d-bf7f-30c6c2e21956 at term 4 for becomeLeader, leader elected after 20330ms
2022-08-14 01:45:06,758 [f124399b-2518-488d-bf7f-30c6c2e21956@group-F49552B7F4B3-LeaderElection16] INFO  server.RaftServerConfigKeys (ConfUtils.java:logGet(46)) - raft.server.staging.catchup.gap = 1000 (default)
2022-08-14 01:45:06,759 [f124399b-2518-488d-bf7f-30c6c2e21956@group-F49552B7F4B3-LeaderElection16] INFO  server.RaftServerConfigKeys (ConfUtils.java:logGet(46)) - raft.server.write.element-limit = 1024 (custom)
2022-08-14 01:45:06,759 [f124399b-2518-488d-bf7f-30c6c2e21956@group-F49552B7F4B3-LeaderElection16] INFO  server.RaftServerConfigKeys (ConfUtils.java:logGet(46)) - raft.server.write.byte-limit = 1024 M (=1073741824) (custom)
2022-08-14 01:45:06,759 [f124399b-2518-488d-bf7f-30c6c2e21956@group-F49552B7F4B3-LeaderElection16] INFO  server.RaftServerConfigKeys (ConfUtils.java:logGet(46)) - raft.server.watch.timeout = 180s (custom)
2022-08-14 01:45:06,759 [f124399b-2518-488d-bf7f-30c6c2e21956@group-F49552B7F4B3-LeaderElection16] INFO  server.RaftServerConfigKeys (ConfUtils.java:logGet(46)) - raft.server.watch.timeout.denomination = 1s (default)
2022-08-14 01:45:06,759 [f124399b-2518-488d-bf7f-30c6c2e21956@group-F49552B7F4B3-LeaderElection16] INFO  server.RaftServerConfigKeys (ConfUtils.java:logGet(46)) - raft.server.watch.element-limit = 65536 (default)
2022-08-14 01:45:06,759 [f124399b-2518-488d-bf7f-30c6c2e21956@group-F49552B7F4B3-LeaderElection16] INFO  server.RaftServerConfigKeys (ConfUtils.java:logGet(46)) - raft.server.write.element-limit = 1024 (custom)
2022-08-14 01:45:06,759 [f124399b-2518-488d-bf7f-30c6c2e21956@group-F49552B7F4B3-LeaderElection16] INFO  server.RaftServerConfigKeys (ConfUtils.java:logGet(46)) - raft.server.write.follower.gap.ratio.max = -1.0 (default)
2022-08-14 01:45:06,760 [f124399b-2518-488d-bf7f-30c6c2e21956@group-F49552B7F4B3-LeaderElection16] INFO  server.RaftServerConfigKeys (ConfUtils.java:logGet(46)) - raft.server.log.appender.snapshot.chunk.size.max = 16MB (=16777216) (default)
2022-08-14 01:45:06,760 [f124399b-2518-488d-bf7f-30c6c2e21956@group-F49552B7F4B3-LeaderElection16] INFO  server.RaftServerConfigKeys (ConfUtils.java:logGet(46)) - raft.server.log.appender.buffer.byte-limit = 33554432 (custom)
2022-08-14 01:45:06,760 [f124399b-2518-488d-bf7f-30c6c2e21956@group-F49552B7F4B3-LeaderElection16] INFO  server.RaftServerConfigKeys (ConfUtils.java:logGet(46)) - raft.server.log.appender.buffer.element-limit = 1 (custom)
2022-08-14 01:45:06,761 [f124399b-2518-488d-bf7f-30c6c2e21956@group-F49552B7F4B3-LeaderElection16] INFO  grpc.GrpcConfigKeys (ConfUtils.java:logGet(46)) - raft.grpc.server.leader.outstanding.appends.max = 128 (default)
2022-08-14 01:45:06,761 [f124399b-2518-488d-bf7f-30c6c2e21956@group-F49552B7F4B3-LeaderElection16] INFO  server.RaftServerConfigKeys (ConfUtils.java:logGet(46)) - raft.server.rpc.request.timeout = 60s (custom)
2022-08-14 01:45:06,761 [f124399b-2518-488d-bf7f-30c6c2e21956@group-F49552B7F4B3-LeaderElection16] INFO  server.RaftServerConfigKeys (ConfUtils.java:logGet(46)) - raft.server.log.appender.install.snapshot.enabled = false (custom)
2022-08-14 01:45:06,762 [f124399b-2518-488d-bf7f-30c6c2e21956@group-F49552B7F4B3-LeaderElection16] INFO  server.RaftServerConfigKeys (ConfUtils.java:logGet(46)) - raft.server.log.appender.snapshot.chunk.size.max = 16MB (=16777216) (default)
2022-08-14 01:45:06,762 [f124399b-2518-488d-bf7f-30c6c2e21956@group-F49552B7F4B3-LeaderElection16] INFO  server.RaftServerConfigKeys (ConfUtils.java:logGet(46)) - raft.server.log.appender.buffer.byte-limit = 33554432 (custom)
2022-08-14 01:45:06,762 [f124399b-2518-488d-bf7f-30c6c2e21956@group-F49552B7F4B3-LeaderElection16] INFO  server.RaftServerConfigKeys (ConfUtils.java:logGet(46)) - raft.server.log.appender.buffer.element-limit = 1 (custom)
2022-08-14 01:45:06,762 [f124399b-2518-488d-bf7f-30c6c2e21956@group-F49552B7F4B3-LeaderElection16] INFO  grpc.GrpcConfigKeys (ConfUtils.java:logGet(46)) - raft.grpc.server.leader.outstanding.appends.max = 128 (default)
2022-08-14 01:45:06,762 [f124399b-2518-488d-bf7f-30c6c2e21956@group-F49552B7F4B3-LeaderElection16] INFO  server.RaftServerConfigKeys (ConfUtils.java:logGet(46)) - raft.server.rpc.request.timeout = 60s (custom)
2022-08-14 01:45:06,762 [f124399b-2518-488d-bf7f-30c6c2e21956@group-F49552B7F4B3-LeaderElection16] INFO  server.RaftServerConfigKeys (ConfUtils.java:logGet(46)) - raft.server.log.appender.install.snapshot.enabled = false (custom)
2022-08-14 01:45:06,763 [f124399b-2518-488d-bf7f-30c6c2e21956@group-F49552B7F4B3-LeaderElection16] INFO  impl.RoleInfo (RoleInfo.java:updateAndGet(139)) - f124399b-2518-488d-bf7f-30c6c2e21956: start f124399b-2518-488d-bf7f-30c6c2e21956@group-F49552B7F4B3-LeaderStateImpl
2022-08-14 01:45:06,763 [f124399b-2518-488d-bf7f-30c6c2e21956@group-F49552B7F4B3-LeaderElection16] INFO  segmented.SegmentedRaftLogWorker (SegmentedRaftLogWorker.java:startLogSegment(425)) - f124399b-2518-488d-bf7f-30c6c2e21956@group-F49552B7F4B3-SegmentedRaftLogWorker: Starting segment from index:0
2022-08-14 01:45:06,765 [f124399b-2518-488d-bf7f-30c6c2e21956@group-F49552B7F4B3-SegmentedRaftLogWorker] INFO  segmented.SegmentedRaftLogWorker (SegmentedRaftLogWorker.java:execute(629)) - f124399b-2518-488d-bf7f-30c6c2e21956@group-F49552B7F4B3-SegmentedRaftLogWorker: created new log segment /home/runner/work/ozone/ozone/hadoop-ozone/integration-test/target/test-dir/MiniOzoneClusterImpl-8ae01b46-865b-4b2e-8bfc-774eabe7d98c/datanode-1/data/ratis/f0c1d113-097f-480f-ae1f-f49552b7f4b3/current/log_inprogress_0
2022-08-14 01:45:06,775 [f124399b-2518-488d-bf7f-30c6c2e21956@group-F49552B7F4B3-LeaderElection16] INFO  server.RaftServer$Division (ServerState.java:setRaftConf(393)) - f124399b-2518-488d-bf7f-30c6c2e21956@group-F49552B7F4B3: set configuration 0: [8222fa1d-6d96-4624-a383-c2b17e7dd66e|rpc:127.0.0.1:37911|dataStream:|priority:0, f124399b-2518-488d-bf7f-30c6c2e21956|rpc:127.0.0.1:37713|dataStream:|priority:1, 937647e2-067d-42aa-a021-6dbfe1bbf122|rpc:127.0.0.1:42293|dataStream:|priority:0], old=null
2022-08-14 01:45:06,775 [8222fa1d-6d96-4624-a383-c2b17e7dd66e-server-thread1] INFO  ratis.XceiverServerRatis (XceiverServerRatis.java:handleLeaderChangedNotification(863)) - Leader change notification received for group: group-F49552B7F4B3 with new leaderId: f124399b-2518-488d-bf7f-30c6c2e21956
2022-08-14 01:45:06,775 [8222fa1d-6d96-4624-a383-c2b17e7dd66e-server-thread1] INFO  server.RaftServer$Division (ServerState.java:setLeader(287)) - 8222fa1d-6d96-4624-a383-c2b17e7dd66e@group-F49552B7F4B3: change Leader from null to f124399b-2518-488d-bf7f-30c6c2e21956 at term 4 for appendEntries, leader elected after 20401ms
2022-08-14 01:45:06,779 [937647e2-067d-42aa-a021-6dbfe1bbf122-server-thread1] INFO  ratis.XceiverServerRatis (XceiverServerRatis.java:handleLeaderChangedNotification(863)) - Leader change notification received for group: group-F49552B7F4B3 with new leaderId: f124399b-2518-488d-bf7f-30c6c2e21956
2022-08-14 01:45:06,779 [937647e2-067d-42aa-a021-6dbfe1bbf122-server-thread1] INFO  server.RaftServer$Division (ServerState.java:setLeader(287)) - 937647e2-067d-42aa-a021-6dbfe1bbf122@group-F49552B7F4B3: change Leader from null to f124399b-2518-488d-bf7f-30c6c2e21956 at term 4 for appendEntries, leader elected after 20298ms
2022-08-14 01:45:06,780 [937647e2-067d-42aa-a021-6dbfe1bbf122-server-thread1] INFO  server.RaftServer$Division (ServerState.java:setRaftConf(393)) - 937647e2-067d-42aa-a021-6dbfe1bbf122@group-F49552B7F4B3: set configuration 0: [8222fa1d-6d96-4624-a383-c2b17e7dd66e|rpc:127.0.0.1:37911|dataStream:|priority:0, f124399b-2518-488d-bf7f-30c6c2e21956|rpc:127.0.0.1:37713|dataStream:|priority:1, 937647e2-067d-42aa-a021-6dbfe1bbf122|rpc:127.0.0.1:42293|dataStream:|priority:0], old=null
2022-08-14 01:45:06,780 [937647e2-067d-42aa-a021-6dbfe1bbf122-server-thread1] INFO  segmented.SegmentedRaftLogWorker (SegmentedRaftLogWorker.java:startLogSegment(425)) - 937647e2-067d-42aa-a021-6dbfe1bbf122@group-F49552B7F4B3-SegmentedRaftLogWorker: Starting segment from index:0
2022-08-14 01:45:06,782 [937647e2-067d-42aa-a021-6dbfe1bbf122@group-F49552B7F4B3-SegmentedRaftLogWorker] INFO  segmented.SegmentedRaftLogWorker (SegmentedRaftLogWorker.java:execute(629)) - 937647e2-067d-42aa-a021-6dbfe1bbf122@group-F49552B7F4B3-SegmentedRaftLogWorker: created new log segment /home/runner/work/ozone/ozone/hadoop-ozone/integration-test/target/test-dir/MiniOzoneClusterImpl-8ae01b46-865b-4b2e-8bfc-774eabe7d98c/datanode-2/data/ratis/f0c1d113-097f-480f-ae1f-f49552b7f4b3/current/log_inprogress_0
2022-08-14 01:45:06,791 [8222fa1d-6d96-4624-a383-c2b17e7dd66e-server-thread1] INFO  server.RaftServer$Division (ServerState.java:setRaftConf(393)) - 8222fa1d-6d96-4624-a383-c2b17e7dd66e@group-F49552B7F4B3: set configuration 0: [8222fa1d-6d96-4624-a383-c2b17e7dd66e|rpc:127.0.0.1:37911|dataStream:|priority:0, f124399b-2518-488d-bf7f-30c6c2e21956|rpc:127.0.0.1:37713|dataStream:|priority:1, 937647e2-067d-42aa-a021-6dbfe1bbf122|rpc:127.0.0.1:42293|dataStream:|priority:0], old=null
2022-08-14 01:45:06,791 [8222fa1d-6d96-4624-a383-c2b17e7dd66e-server-thread1] INFO  segmented.SegmentedRaftLogWorker (SegmentedRaftLogWorker.java:startLogSegment(425)) - 8222fa1d-6d96-4624-a383-c2b17e7dd66e@group-F49552B7F4B3-SegmentedRaftLogWorker: Starting segment from index:0
2022-08-14 01:45:06,793 [8222fa1d-6d96-4624-a383-c2b17e7dd66e@group-F49552B7F4B3-SegmentedRaftLogWorker] INFO  segmented.SegmentedRaftLogWorker (SegmentedRaftLogWorker.java:execute(629)) - 8222fa1d-6d96-4624-a383-c2b17e7dd66e@group-F49552B7F4B3-SegmentedRaftLogWorker: created new log segment /home/runner/work/ozone/ozone/hadoop-ozone/integration-test/target/test-dir/MiniOzoneClusterImpl-8ae01b46-865b-4b2e-8bfc-774eabe7d98c/datanode-0/data/ratis/f0c1d113-097f-480f-ae1f-f49552b7f4b3/current/log_inprogress_0
2022-08-14 01:45:07,321 [Datanode State Machine Daemon Thread] ERROR datanode.RunningDatanodeState (RunningDatanodeState.java:computeNextContainerState(207)) - Error in executing end point task.
java.util.concurrent.ExecutionException: java.util.concurrent.TimeoutException
	at java.util.concurrent.FutureTask.report(FutureTask.java:122)
	at java.util.concurrent.FutureTask.get(FutureTask.java:192)
	at org.apache.hadoop.ozone.container.common.states.datanode.RunningDatanodeState.computeNextContainerState(RunningDatanodeState.java:199)
	at org.apache.hadoop.ozone.container.common.states.datanode.RunningDatanodeState.await(RunningDatanodeState.java:239)
	at org.apache.hadoop.ozone.container.common.states.datanode.RunningDatanodeState.await(RunningDatanodeState.java:50)
	at org.apache.hadoop.ozone.container.common.statemachine.StateContext.execute(StateContext.java:660)
	at org.apache.hadoop.ozone.container.common.statemachine.DatanodeStateMachine.startStateMachineThread(DatanodeStateMachine.java:298)
	at org.apache.hadoop.ozone.container.common.statemachine.DatanodeStateMachine.lambda$startDaemon$0(DatanodeStateMachine.java:493)
	at java.lang.Thread.run(Thread.java:750)
Caused by: java.util.concurrent.TimeoutException
	at java.util.concurrent.FutureTask.get(FutureTask.java:205)
	at org.apache.hadoop.ozone.container.common.states.datanode.RunningDatanodeState.lambda$execute$0(RunningDatanodeState.java:157)
	at java.util.concurrent.FutureTask.run(FutureTask.java:266)
	at java.util.concurrent.Executors$RunnableAdapter.call(Executors.java:511)
	at java.util.concurrent.FutureTask.run(FutureTask.java:266)
	at java.util.concurrent.ThreadPoolExecutor.runWorker(ThreadPoolExecutor.java:1149)
	at java.util.concurrent.ThreadPoolExecutor$Worker.run(ThreadPoolExecutor.java:624)
	... 1 more
2022-08-14 01:45:07,323 [EndpointStateMachine task thread for /127.0.0.1:34931 - 0 ] INFO  ipc.Client (Client.java:handleConnectionFailure(977)) - Retrying connect to server: localhost/127.0.0.1:34931. Already tried 3 time(s); retry policy is RetryUpToMaximumCountWithFixedSleep(maxRetries=15, sleepTime=1000 MILLISECONDS)
2022-08-14 01:45:07,323 [EndpointStateMachine task thread for /127.0.0.1:40129 - 0 ] INFO  ipc.Client (Client.java:handleConnectionFailure(977)) - Retrying connect to server: localhost/127.0.0.1:40129. Already tried 3 time(s); retry policy is RetryUpToMaximumCountWithFixedSleep(maxRetries=15, sleepTime=1000 MILLISECONDS)
2022-08-14 01:45:07,327 [EndpointStateMachine task thread for /127.0.0.1:33939 - 0 ] INFO  ipc.Client (Client.java:handleConnectionFailure(977)) - Retrying connect to server: localhost/127.0.0.1:33939. Already tried 3 time(s); retry policy is RetryUpToMaximumCountWithFixedSleep(maxRetries=15, sleepTime=1000 MILLISECONDS)
2022-08-14 01:45:08,323 [Datanode State Machine Daemon Thread] ERROR datanode.RunningDatanodeState (RunningDatanodeState.java:computeNextContainerState(207)) - Error in executing end point task.
java.util.concurrent.ExecutionException: java.util.concurrent.TimeoutException
	at java.util.concurrent.FutureTask.report(FutureTask.java:122)
	at java.util.concurrent.FutureTask.get(FutureTask.java:192)
	at org.apache.hadoop.ozone.container.common.states.datanode.RunningDatanodeState.computeNextContainerState(RunningDatanodeState.java:199)
	at org.apache.hadoop.ozone.container.common.states.datanode.RunningDatanodeState.await(RunningDatanodeState.java:239)
	at org.apache.hadoop.ozone.container.common.states.datanode.RunningDatanodeState.await(RunningDatanodeState.java:50)
	at org.apache.hadoop.ozone.container.common.statemachine.StateContext.execute(StateContext.java:660)
	at org.apache.hadoop.ozone.container.common.statemachine.DatanodeStateMachine.startStateMachineThread(DatanodeStateMachine.java:298)
	at org.apache.hadoop.ozone.container.common.statemachine.DatanodeStateMachine.lambda$startDaemon$0(DatanodeStateMachine.java:493)
	at java.lang.Thread.run(Thread.java:750)
Caused by: java.util.concurrent.TimeoutException
	at java.util.concurrent.FutureTask.get(FutureTask.java:205)
	at org.apache.hadoop.ozone.container.common.states.datanode.RunningDatanodeState.lambda$execute$0(RunningDatanodeState.java:157)
	at java.util.concurrent.FutureTask.run(FutureTask.java:266)
	at java.util.concurrent.Executors$RunnableAdapter.call(Executors.java:511)
	at java.util.concurrent.FutureTask.run(FutureTask.java:266)
	at java.util.concurrent.ThreadPoolExecutor.runWorker(ThreadPoolExecutor.java:1149)
	at java.util.concurrent.ThreadPoolExecutor$Worker.run(ThreadPoolExecutor.java:624)
	... 1 more
2022-08-14 01:45:08,324 [EndpointStateMachine task thread for /127.0.0.1:34931 - 0 ] INFO  ipc.Client (Client.java:handleConnectionFailure(977)) - Retrying connect to server: localhost/127.0.0.1:34931. Already tried 4 time(s); retry policy is RetryUpToMaximumCountWithFixedSleep(maxRetries=15, sleepTime=1000 MILLISECONDS)
2022-08-14 01:45:08,324 [EndpointStateMachine task thread for /127.0.0.1:40129 - 0 ] INFO  ipc.Client (Client.java:handleConnectionFailure(977)) - Retrying connect to server: localhost/127.0.0.1:40129. Already tried 4 time(s); retry policy is RetryUpToMaximumCountWithFixedSleep(maxRetries=15, sleepTime=1000 MILLISECONDS)
2022-08-14 01:45:08,328 [EndpointStateMachine task thread for /127.0.0.1:33939 - 0 ] INFO  ipc.Client (Client.java:handleConnectionFailure(977)) - Retrying connect to server: localhost/127.0.0.1:33939. Already tried 4 time(s); retry policy is RetryUpToMaximumCountWithFixedSleep(maxRetries=15, sleepTime=1000 MILLISECONDS)
2022-08-14 01:45:09,019 [Listener at 127.0.0.1/45525] INFO  ozoneimpl.OzoneContainer (OzoneContainer.java:stop(399)) - Attempting to stop container services.
2022-08-14 01:45:09,020 [ForkJoinPool.commonPool-worker-1] INFO  ozoneimpl.OzoneContainer (OzoneContainer.java:stop(399)) - Attempting to stop container services.
2022-08-14 01:45:09,020 [Listener at 127.0.0.1/45525] INFO  server.RaftServer (RaftServerProxy.java:lambda$close$7(398)) - f124399b-2518-488d-bf7f-30c6c2e21956: close
2022-08-14 01:45:09,021 [Listener at 127.0.0.1/45525] INFO  server.RaftServer$Division (RaftServerImpl.java:lambda$close$4(434)) - f124399b-2518-488d-bf7f-30c6c2e21956@group-7CD51F85749F: shutdown
2022-08-14 01:45:09,021 [Listener at 127.0.0.1/45525] INFO  util.JmxRegister (JmxRegister.java:unregister(73)) - Successfully un-registered JMX Bean with object name Ratis:service=RaftServer,group=group-7CD51F85749F,id=f124399b-2518-488d-bf7f-30c6c2e21956
2022-08-14 01:45:09,021 [ForkJoinPool.commonPool-worker-1] INFO  server.RaftServer (RaftServerProxy.java:lambda$close$7(398)) - 8222fa1d-6d96-4624-a383-c2b17e7dd66e: close
2022-08-14 01:45:09,021 [Listener at 127.0.0.1/45525] INFO  impl.RoleInfo (RoleInfo.java:shutdownLeaderState(93)) - f124399b-2518-488d-bf7f-30c6c2e21956: shutdown f124399b-2518-488d-bf7f-30c6c2e21956@group-7CD51F85749F-LeaderStateImpl
2022-08-14 01:45:09,021 [ForkJoinPool.commonPool-worker-1] INFO  server.RaftServer$Division (RaftServerImpl.java:lambda$close$4(434)) - 8222fa1d-6d96-4624-a383-c2b17e7dd66e@group-B661A2DE151D: shutdown
2022-08-14 01:45:09,021 [Listener at 127.0.0.1/45525] INFO  impl.PendingRequests (PendingRequests.java:sendNotLeaderResponses(282)) - f124399b-2518-488d-bf7f-30c6c2e21956@group-7CD51F85749F-PendingRequests: sendNotLeaderResponses
2022-08-14 01:45:09,022 [ForkJoinPool.commonPool-worker-1] INFO  util.JmxRegister (JmxRegister.java:unregister(73)) - Successfully un-registered JMX Bean with object name Ratis:service=RaftServer,group=group-B661A2DE151D,id=8222fa1d-6d96-4624-a383-c2b17e7dd66e
2022-08-14 01:45:09,022 [ForkJoinPool.commonPool-worker-1] INFO  impl.RoleInfo (RoleInfo.java:shutdownLeaderState(93)) - 8222fa1d-6d96-4624-a383-c2b17e7dd66e: shutdown 8222fa1d-6d96-4624-a383-c2b17e7dd66e@group-B661A2DE151D-LeaderStateImpl
2022-08-14 01:45:09,022 [ForkJoinPool.commonPool-worker-1] INFO  impl.PendingRequests (PendingRequests.java:sendNotLeaderResponses(282)) - 8222fa1d-6d96-4624-a383-c2b17e7dd66e@group-B661A2DE151D-PendingRequests: sendNotLeaderResponses
2022-08-14 01:45:09,023 [8222fa1d-6d96-4624-a383-c2b17e7dd66e@group-B661A2DE151D-StateMachineUpdater] INFO  ratis.ContainerStateMachine (ContainerStateMachine.java:takeSnapshot(304)) - group-B661A2DE151D: Taking a snapshot at:(t:1, i:0) file /home/runner/work/ozone/ozone/hadoop-ozone/integration-test/target/test-dir/MiniOzoneClusterImpl-8ae01b46-865b-4b2e-8bfc-774eabe7d98c/datanode-0/data/ratis/175b6794-946f-4ad2-a020-b661a2de151d/sm/snapshot.1_0
2022-08-14 01:45:09,027 [ForkJoinPool.commonPool-worker-1] INFO  impl.StateMachineUpdater (StateMachineUpdater.java:stopAndJoin(153)) - 8222fa1d-6d96-4624-a383-c2b17e7dd66e@group-B661A2DE151D-StateMachineUpdater: set stopIndex = 0
2022-08-14 01:45:09,030 [f124399b-2518-488d-bf7f-30c6c2e21956@group-7CD51F85749F-StateMachineUpdater] INFO  ratis.ContainerStateMachine (ContainerStateMachine.java:takeSnapshot(304)) - group-7CD51F85749F: Taking a snapshot at:(t:1, i:0) file /home/runner/work/ozone/ozone/hadoop-ozone/integration-test/target/test-dir/MiniOzoneClusterImpl-8ae01b46-865b-4b2e-8bfc-774eabe7d98c/datanode-1/data/ratis/b0af5cba-079f-4b7a-9aed-7cd51f85749f/sm/snapshot.1_0
2022-08-14 01:45:09,031 [Listener at 127.0.0.1/45525] INFO  impl.StateMachineUpdater (StateMachineUpdater.java:stopAndJoin(153)) - f124399b-2518-488d-bf7f-30c6c2e21956@group-7CD51F85749F-StateMachineUpdater: set stopIndex = 0
2022-08-14 01:45:09,057 [f124399b-2518-488d-bf7f-30c6c2e21956@group-7CD51F85749F-StateMachineUpdater] INFO  ratis.ContainerStateMachine (ContainerStateMachine.java:takeSnapshot(315)) - group-7CD51F85749F: Finished taking a snapshot at:(t:1, i:0) file:/home/runner/work/ozone/ozone/hadoop-ozone/integration-test/target/test-dir/MiniOzoneClusterImpl-8ae01b46-865b-4b2e-8bfc-774eabe7d98c/datanode-1/data/ratis/b0af5cba-079f-4b7a-9aed-7cd51f85749f/sm/snapshot.1_0 took: 28 ms
2022-08-14 01:45:09,059 [f124399b-2518-488d-bf7f-30c6c2e21956@group-7CD51F85749F-StateMachineUpdater] INFO  impl.StateMachineUpdater (StateMachineUpdater.java:takeSnapshot(287)) - f124399b-2518-488d-bf7f-30c6c2e21956@group-7CD51F85749F-StateMachineUpdater: Took a snapshot at index 0
2022-08-14 01:45:09,059 [f124399b-2518-488d-bf7f-30c6c2e21956@group-7CD51F85749F-StateMachineUpdater] INFO  impl.StateMachineUpdater (StateMachineUpdater.java:lambda$new$0(92)) - f124399b-2518-488d-bf7f-30c6c2e21956@group-7CD51F85749F-StateMachineUpdater: snapshotIndex: updateIncreasingly -1 -> 0
2022-08-14 01:45:09,059 [Listener at 127.0.0.1/45525] INFO  server.RaftServer$Division (ServerState.java:close(429)) - f124399b-2518-488d-bf7f-30c6c2e21956@group-7CD51F85749F: closes. applyIndex: 0
2022-08-14 01:45:09,060 [8222fa1d-6d96-4624-a383-c2b17e7dd66e@group-B661A2DE151D-StateMachineUpdater] INFO  ratis.ContainerStateMachine (ContainerStateMachine.java:takeSnapshot(315)) - group-B661A2DE151D: Finished taking a snapshot at:(t:1, i:0) file:/home/runner/work/ozone/ozone/hadoop-ozone/integration-test/target/test-dir/MiniOzoneClusterImpl-8ae01b46-865b-4b2e-8bfc-774eabe7d98c/datanode-0/data/ratis/175b6794-946f-4ad2-a020-b661a2de151d/sm/snapshot.1_0 took: 37 ms
2022-08-14 01:45:09,060 [f124399b-2518-488d-bf7f-30c6c2e21956@group-7CD51F85749F-SegmentedRaftLogWorker] INFO  segmented.SegmentedRaftLogWorker (SegmentedRaftLogWorker.java:run(336)) - f124399b-2518-488d-bf7f-30c6c2e21956@group-7CD51F85749F-SegmentedRaftLogWorker was interrupted, exiting. There are 0 tasks remaining in the queue.
2022-08-14 01:45:09,060 [8222fa1d-6d96-4624-a383-c2b17e7dd66e@group-B661A2DE151D-StateMachineUpdater] INFO  impl.StateMachineUpdater (StateMachineUpdater.java:takeSnapshot(287)) - 8222fa1d-6d96-4624-a383-c2b17e7dd66e@group-B661A2DE151D-StateMachineUpdater: Took a snapshot at index 0
2022-08-14 01:45:09,060 [8222fa1d-6d96-4624-a383-c2b17e7dd66e@group-B661A2DE151D-StateMachineUpdater] INFO  impl.StateMachineUpdater (StateMachineUpdater.java:lambda$new$0(92)) - 8222fa1d-6d96-4624-a383-c2b17e7dd66e@group-B661A2DE151D-StateMachineUpdater: snapshotIndex: updateIncreasingly -1 -> 0
2022-08-14 01:45:09,061 [Listener at 127.0.0.1/45525] INFO  segmented.SegmentedRaftLogWorker (SegmentedRaftLogWorker.java:close(246)) - f124399b-2518-488d-bf7f-30c6c2e21956@group-7CD51F85749F-SegmentedRaftLogWorker close()
2022-08-14 01:45:09,061 [ForkJoinPool.commonPool-worker-1] INFO  server.RaftServer$Division (ServerState.java:close(429)) - 8222fa1d-6d96-4624-a383-c2b17e7dd66e@group-B661A2DE151D: closes. applyIndex: 0
2022-08-14 01:45:09,062 [Listener at 127.0.0.1/45525] INFO  server.RaftServer$Division (RaftServerImpl.java:lambda$close$4(434)) - f124399b-2518-488d-bf7f-30c6c2e21956@group-344A709C3956: shutdown
2022-08-14 01:45:09,062 [8222fa1d-6d96-4624-a383-c2b17e7dd66e@group-B661A2DE151D-SegmentedRaftLogWorker] INFO  segmented.SegmentedRaftLogWorker (SegmentedRaftLogWorker.java:run(336)) - 8222fa1d-6d96-4624-a383-c2b17e7dd66e@group-B661A2DE151D-SegmentedRaftLogWorker was interrupted, exiting. There are 0 tasks remaining in the queue.
2022-08-14 01:45:09,062 [Listener at 127.0.0.1/45525] INFO  util.JmxRegister (JmxRegister.java:unregister(73)) - Successfully un-registered JMX Bean with object name Ratis:service=RaftServer,group=group-344A709C3956,id=f124399b-2518-488d-bf7f-30c6c2e21956
2022-08-14 01:45:09,063 [Listener at 127.0.0.1/45525] INFO  impl.RoleInfo (RoleInfo.java:shutdownFollowerState(110)) - f124399b-2518-488d-bf7f-30c6c2e21956: shutdown f124399b-2518-488d-bf7f-30c6c2e21956@group-344A709C3956-FollowerState
2022-08-14 01:45:09,063 [ForkJoinPool.commonPool-worker-1] INFO  segmented.SegmentedRaftLogWorker (SegmentedRaftLogWorker.java:close(246)) - 8222fa1d-6d96-4624-a383-c2b17e7dd66e@group-B661A2DE151D-SegmentedRaftLogWorker close()
2022-08-14 01:45:09,063 [f124399b-2518-488d-bf7f-30c6c2e21956@group-344A709C3956-FollowerState] INFO  impl.FollowerState (FollowerState.java:run(152)) - f124399b-2518-488d-bf7f-30c6c2e21956@group-344A709C3956-FollowerState was interrupted
2022-08-14 01:45:09,063 [Listener at 127.0.0.1/45525] INFO  impl.StateMachineUpdater (StateMachineUpdater.java:stopAndJoin(153)) - f124399b-2518-488d-bf7f-30c6c2e21956@group-344A709C3956-StateMachineUpdater: set stopIndex = 0
2022-08-14 01:45:09,063 [f124399b-2518-488d-bf7f-30c6c2e21956@group-344A709C3956-StateMachineUpdater] INFO  ratis.ContainerStateMachine (ContainerStateMachine.java:takeSnapshot(304)) - group-344A709C3956: Taking a snapshot at:(t:3, i:0) file /home/runner/work/ozone/ozone/hadoop-ozone/integration-test/target/test-dir/MiniOzoneClusterImpl-8ae01b46-865b-4b2e-8bfc-774eabe7d98c/datanode-1/data/ratis/3d0310a6-01ac-4418-a2f2-344a709c3956/sm/snapshot.3_0
2022-08-14 01:45:09,064 [ForkJoinPool.commonPool-worker-1] INFO  server.RaftServer$Division (RaftServerImpl.java:lambda$close$4(434)) - 8222fa1d-6d96-4624-a383-c2b17e7dd66e@group-344A709C3956: shutdown
2022-08-14 01:45:09,064 [ForkJoinPool.commonPool-worker-1] INFO  util.JmxRegister (JmxRegister.java:unregister(73)) - Successfully un-registered JMX Bean with object name Ratis:service=RaftServer,group=group-344A709C3956,id=8222fa1d-6d96-4624-a383-c2b17e7dd66e
2022-08-14 01:45:09,065 [ForkJoinPool.commonPool-worker-1] INFO  impl.RoleInfo (RoleInfo.java:shutdownFollowerState(110)) - 8222fa1d-6d96-4624-a383-c2b17e7dd66e: shutdown 8222fa1d-6d96-4624-a383-c2b17e7dd66e@group-344A709C3956-FollowerState
2022-08-14 01:45:09,065 [ForkJoinPool.commonPool-worker-1] INFO  impl.StateMachineUpdater (StateMachineUpdater.java:stopAndJoin(153)) - 8222fa1d-6d96-4624-a383-c2b17e7dd66e@group-344A709C3956-StateMachineUpdater: set stopIndex = 0
2022-08-14 01:45:09,065 [f124399b-2518-488d-bf7f-30c6c2e21956@group-344A709C3956-StateMachineUpdater] INFO  ratis.ContainerStateMachine (ContainerStateMachine.java:takeSnapshot(315)) - group-344A709C3956: Finished taking a snapshot at:(t:3, i:0) file:/home/runner/work/ozone/ozone/hadoop-ozone/integration-test/target/test-dir/MiniOzoneClusterImpl-8ae01b46-865b-4b2e-8bfc-774eabe7d98c/datanode-1/data/ratis/3d0310a6-01ac-4418-a2f2-344a709c3956/sm/snapshot.3_0 took: 2 ms
2022-08-14 01:45:09,065 [8222fa1d-6d96-4624-a383-c2b17e7dd66e@group-344A709C3956-StateMachineUpdater] INFO  ratis.ContainerStateMachine (ContainerStateMachine.java:takeSnapshot(304)) - group-344A709C3956: Taking a snapshot at:(t:3, i:0) file /home/runner/work/ozone/ozone/hadoop-ozone/integration-test/target/test-dir/MiniOzoneClusterImpl-8ae01b46-865b-4b2e-8bfc-774eabe7d98c/datanode-0/data/ratis/3d0310a6-01ac-4418-a2f2-344a709c3956/sm/snapshot.3_0
2022-08-14 01:45:09,065 [f124399b-2518-488d-bf7f-30c6c2e21956@group-344A709C3956-StateMachineUpdater] INFO  impl.StateMachineUpdater (StateMachineUpdater.java:takeSnapshot(287)) - f124399b-2518-488d-bf7f-30c6c2e21956@group-344A709C3956-StateMachineUpdater: Took a snapshot at index 0
2022-08-14 01:45:09,065 [f124399b-2518-488d-bf7f-30c6c2e21956@group-344A709C3956-StateMachineUpdater] INFO  impl.StateMachineUpdater (StateMachineUpdater.java:lambda$new$0(92)) - f124399b-2518-488d-bf7f-30c6c2e21956@group-344A709C3956-StateMachineUpdater: snapshotIndex: updateIncreasingly -1 -> 0
2022-08-14 01:45:09,065 [8222fa1d-6d96-4624-a383-c2b17e7dd66e@group-344A709C3956-FollowerState] INFO  impl.FollowerState (FollowerState.java:run(152)) - 8222fa1d-6d96-4624-a383-c2b17e7dd66e@group-344A709C3956-FollowerState was interrupted
2022-08-14 01:45:09,065 [Listener at 127.0.0.1/45525] INFO  server.RaftServer$Division (ServerState.java:close(429)) - f124399b-2518-488d-bf7f-30c6c2e21956@group-344A709C3956: closes. applyIndex: 0
2022-08-14 01:45:09,066 [f124399b-2518-488d-bf7f-30c6c2e21956@group-344A709C3956-SegmentedRaftLogWorker] INFO  segmented.SegmentedRaftLogWorker (SegmentedRaftLogWorker.java:run(336)) - f124399b-2518-488d-bf7f-30c6c2e21956@group-344A709C3956-SegmentedRaftLogWorker was interrupted, exiting. There are 0 tasks remaining in the queue.
2022-08-14 01:45:09,066 [8222fa1d-6d96-4624-a383-c2b17e7dd66e@group-344A709C3956-StateMachineUpdater] INFO  ratis.ContainerStateMachine (ContainerStateMachine.java:takeSnapshot(315)) - group-344A709C3956: Finished taking a snapshot at:(t:3, i:0) file:/home/runner/work/ozone/ozone/hadoop-ozone/integration-test/target/test-dir/MiniOzoneClusterImpl-8ae01b46-865b-4b2e-8bfc-774eabe7d98c/datanode-0/data/ratis/3d0310a6-01ac-4418-a2f2-344a709c3956/sm/snapshot.3_0 took: 1 ms
2022-08-14 01:45:09,067 [8222fa1d-6d96-4624-a383-c2b17e7dd66e@group-344A709C3956-StateMachineUpdater] INFO  impl.StateMachineUpdater (StateMachineUpdater.java:takeSnapshot(287)) - 8222fa1d-6d96-4624-a383-c2b17e7dd66e@group-344A709C3956-StateMachineUpdater: Took a snapshot at index 0
2022-08-14 01:45:09,067 [8222fa1d-6d96-4624-a383-c2b17e7dd66e@group-344A709C3956-StateMachineUpdater] INFO  impl.StateMachineUpdater (StateMachineUpdater.java:lambda$new$0(92)) - 8222fa1d-6d96-4624-a383-c2b17e7dd66e@group-344A709C3956-StateMachineUpdater: snapshotIndex: updateIncreasingly -1 -> 0
2022-08-14 01:45:09,067 [ForkJoinPool.commonPool-worker-1] INFO  server.RaftServer$Division (ServerState.java:close(429)) - 8222fa1d-6d96-4624-a383-c2b17e7dd66e@group-344A709C3956: closes. applyIndex: 0
2022-08-14 01:45:09,067 [8222fa1d-6d96-4624-a383-c2b17e7dd66e@group-344A709C3956-SegmentedRaftLogWorker] INFO  segmented.SegmentedRaftLogWorker (SegmentedRaftLogWorker.java:run(336)) - 8222fa1d-6d96-4624-a383-c2b17e7dd66e@group-344A709C3956-SegmentedRaftLogWorker was interrupted, exiting. There are 0 tasks remaining in the queue.
2022-08-14 01:45:09,069 [Listener at 127.0.0.1/45525] INFO  segmented.SegmentedRaftLogWorker (SegmentedRaftLogWorker.java:close(246)) - f124399b-2518-488d-bf7f-30c6c2e21956@group-344A709C3956-SegmentedRaftLogWorker close()
2022-08-14 01:45:09,069 [ForkJoinPool.commonPool-worker-1] INFO  segmented.SegmentedRaftLogWorker (SegmentedRaftLogWorker.java:close(246)) - 8222fa1d-6d96-4624-a383-c2b17e7dd66e@group-344A709C3956-SegmentedRaftLogWorker close()
2022-08-14 01:45:09,071 [ForkJoinPool.commonPool-worker-1] INFO  server.RaftServer$Division (RaftServerImpl.java:lambda$close$4(434)) - 8222fa1d-6d96-4624-a383-c2b17e7dd66e@group-F49552B7F4B3: shutdown
2022-08-14 01:45:09,071 [ForkJoinPool.commonPool-worker-1] INFO  util.JmxRegister (JmxRegister.java:unregister(73)) - Successfully un-registered JMX Bean with object name Ratis:service=RaftServer,group=group-F49552B7F4B3,id=8222fa1d-6d96-4624-a383-c2b17e7dd66e
2022-08-14 01:45:09,071 [ForkJoinPool.commonPool-worker-1] INFO  impl.RoleInfo (RoleInfo.java:shutdownFollowerState(110)) - 8222fa1d-6d96-4624-a383-c2b17e7dd66e: shutdown 8222fa1d-6d96-4624-a383-c2b17e7dd66e@group-F49552B7F4B3-FollowerState
2022-08-14 01:45:09,071 [ForkJoinPool.commonPool-worker-1] INFO  impl.StateMachineUpdater (StateMachineUpdater.java:stopAndJoin(153)) - 8222fa1d-6d96-4624-a383-c2b17e7dd66e@group-F49552B7F4B3-StateMachineUpdater: set stopIndex = -1
2022-08-14 01:45:09,071 [8222fa1d-6d96-4624-a383-c2b17e7dd66e@group-F49552B7F4B3-FollowerState] INFO  impl.FollowerState (FollowerState.java:run(152)) - 8222fa1d-6d96-4624-a383-c2b17e7dd66e@group-F49552B7F4B3-FollowerState was interrupted
2022-08-14 01:45:09,071 [ForkJoinPool.commonPool-worker-1] INFO  server.RaftServer$Division (ServerState.java:close(429)) - 8222fa1d-6d96-4624-a383-c2b17e7dd66e@group-F49552B7F4B3: closes. applyIndex: -1
2022-08-14 01:45:09,072 [8222fa1d-6d96-4624-a383-c2b17e7dd66e@group-F49552B7F4B3-SegmentedRaftLogWorker] INFO  segmented.SegmentedRaftLogWorker (SegmentedRaftLogWorker.java:run(336)) - 8222fa1d-6d96-4624-a383-c2b17e7dd66e@group-F49552B7F4B3-SegmentedRaftLogWorker was interrupted, exiting. There are 0 tasks remaining in the queue.
2022-08-14 01:45:09,072 [ForkJoinPool.commonPool-worker-1] INFO  segmented.SegmentedRaftLogWorker (SegmentedRaftLogWorker.java:close(246)) - 8222fa1d-6d96-4624-a383-c2b17e7dd66e@group-F49552B7F4B3-SegmentedRaftLogWorker close()
2022-08-14 01:45:09,073 [ForkJoinPool.commonPool-worker-1] INFO  server.GrpcService (GrpcService.java:closeImpl(269)) - 8222fa1d-6d96-4624-a383-c2b17e7dd66e: shutdown server with port 37911 now
2022-08-14 01:45:09,073 [Listener at 127.0.0.1/45525] INFO  server.RaftServer$Division (RaftServerImpl.java:lambda$close$4(434)) - f124399b-2518-488d-bf7f-30c6c2e21956@group-F49552B7F4B3: shutdown
2022-08-14 01:45:09,073 [Listener at 127.0.0.1/45525] INFO  util.JmxRegister (JmxRegister.java:unregister(73)) - Successfully un-registered JMX Bean with object name Ratis:service=RaftServer,group=group-F49552B7F4B3,id=f124399b-2518-488d-bf7f-30c6c2e21956
2022-08-14 01:45:09,073 [Listener at 127.0.0.1/45525] INFO  impl.RoleInfo (RoleInfo.java:shutdownLeaderState(93)) - f124399b-2518-488d-bf7f-30c6c2e21956: shutdown f124399b-2518-488d-bf7f-30c6c2e21956@group-F49552B7F4B3-LeaderStateImpl
2022-08-14 01:45:09,074 [f124399b-2518-488d-bf7f-30c6c2e21956@group-F49552B7F4B3->8222fa1d-6d96-4624-a383-c2b17e7dd66e-GrpcLogAppender-LogAppenderDaemon] WARN  server.GrpcLogAppender (GrpcLogAppender.java:mayWait(171)) - f124399b-2518-488d-bf7f-30c6c2e21956@group-F49552B7F4B3->8222fa1d-6d96-4624-a383-c2b17e7dd66e-GrpcLogAppender: Wait interrupted by java.lang.InterruptedException
2022-08-14 01:45:09,074 [Listener at 127.0.0.1/45525] INFO  impl.PendingRequests (PendingRequests.java:sendNotLeaderResponses(282)) - f124399b-2518-488d-bf7f-30c6c2e21956@group-F49552B7F4B3-PendingRequests: sendNotLeaderResponses
2022-08-14 01:45:09,074 [f124399b-2518-488d-bf7f-30c6c2e21956@group-F49552B7F4B3->937647e2-067d-42aa-a021-6dbfe1bbf122-GrpcLogAppender-LogAppenderDaemon] WARN  server.GrpcLogAppender (GrpcLogAppender.java:mayWait(171)) - f124399b-2518-488d-bf7f-30c6c2e21956@group-F49552B7F4B3->937647e2-067d-42aa-a021-6dbfe1bbf122-GrpcLogAppender: Wait interrupted by java.lang.InterruptedException
2022-08-14 01:45:09,075 [Listener at 127.0.0.1/45525] INFO  impl.StateMachineUpdater (StateMachineUpdater.java:stopAndJoin(153)) - f124399b-2518-488d-bf7f-30c6c2e21956@group-F49552B7F4B3-StateMachineUpdater: set stopIndex = 0
2022-08-14 01:45:09,075 [grpc-default-executor-1] INFO  server.GrpcServerProtocolService (GrpcServerProtocolService.java:onCompleted(140)) - 8222fa1d-6d96-4624-a383-c2b17e7dd66e: Completed APPEND_ENTRIES, lastRequest: f124399b-2518-488d-bf7f-30c6c2e21956->8222fa1d-6d96-4624-a383-c2b17e7dd66e#1-t4,previous=(t:0, i:0),leaderCommit=-1,initializing? true,entries: size=1, first=(t:4, i:0), CONFIGURATIONENTRY
2022-08-14 01:45:09,075 [grpc-default-executor-0] INFO  server.GrpcServerProtocolService (GrpcServerProtocolService.java:onCompleted(140)) - 937647e2-067d-42aa-a021-6dbfe1bbf122: Completed APPEND_ENTRIES, lastRequest: f124399b-2518-488d-bf7f-30c6c2e21956->937647e2-067d-42aa-a021-6dbfe1bbf122#1-t4,previous=(t:0, i:0),leaderCommit=0,initializing? true,entries: size=1, first=(t:4, i:0), CONFIGURATIONENTRY
2022-08-14 01:45:09,077 [f124399b-2518-488d-bf7f-30c6c2e21956@group-F49552B7F4B3-StateMachineUpdater] INFO  ratis.ContainerStateMachine (ContainerStateMachine.java:takeSnapshot(304)) - group-F49552B7F4B3: Taking a snapshot at:(t:4, i:0) file /home/runner/work/ozone/ozone/hadoop-ozone/integration-test/target/test-dir/MiniOzoneClusterImpl-8ae01b46-865b-4b2e-8bfc-774eabe7d98c/datanode-1/data/ratis/f0c1d113-097f-480f-ae1f-f49552b7f4b3/sm/snapshot.4_0
2022-08-14 01:45:09,078 [grpc-default-executor-3] WARN  server.GrpcServerProtocolService (LogUtils.java:warn(122)) - 8222fa1d-6d96-4624-a383-c2b17e7dd66e: installSnapshot onError, lastRequest: 937647e2-067d-42aa-a021-6dbfe1bbf122->8222fa1d-6d96-4624-a383-c2b17e7dd66e#1-t3,previous=(t:0, i:0),leaderCommit=-1,initializing? true,entries: size=1, first=(t:3, i:0), CONFIGURATIONENTRY: org.apache.ratis.thirdparty.io.grpc.StatusRuntimeException: CANCELLED: client cancelled
2022-08-14 01:45:09,078 [f124399b-2518-488d-bf7f-30c6c2e21956@group-F49552B7F4B3-StateMachineUpdater] INFO  ratis.ContainerStateMachine (ContainerStateMachine.java:takeSnapshot(315)) - group-F49552B7F4B3: Finished taking a snapshot at:(t:4, i:0) file:/home/runner/work/ozone/ozone/hadoop-ozone/integration-test/target/test-dir/MiniOzoneClusterImpl-8ae01b46-865b-4b2e-8bfc-774eabe7d98c/datanode-1/data/ratis/f0c1d113-097f-480f-ae1f-f49552b7f4b3/sm/snapshot.4_0 took: 1 ms
2022-08-14 01:45:09,078 [f124399b-2518-488d-bf7f-30c6c2e21956@group-F49552B7F4B3-StateMachineUpdater] INFO  impl.StateMachineUpdater (StateMachineUpdater.java:takeSnapshot(287)) - f124399b-2518-488d-bf7f-30c6c2e21956@group-F49552B7F4B3-StateMachineUpdater: Took a snapshot at index 0
2022-08-14 01:45:09,078 [f124399b-2518-488d-bf7f-30c6c2e21956@group-F49552B7F4B3-StateMachineUpdater] INFO  impl.StateMachineUpdater (StateMachineUpdater.java:lambda$new$0(92)) - f124399b-2518-488d-bf7f-30c6c2e21956@group-F49552B7F4B3-StateMachineUpdater: snapshotIndex: updateIncreasingly -1 -> 0
2022-08-14 01:45:09,078 [Listener at 127.0.0.1/45525] INFO  server.RaftServer$Division (ServerState.java:close(429)) - f124399b-2518-488d-bf7f-30c6c2e21956@group-F49552B7F4B3: closes. applyIndex: 0
2022-08-14 01:45:09,087 [grpc-default-executor-1] INFO  server.GrpcLogAppender (GrpcLogAppender.java:onCompleted(339)) - f124399b-2518-488d-bf7f-30c6c2e21956@group-F49552B7F4B3->937647e2-067d-42aa-a021-6dbfe1bbf122-AppendLogResponseHandler: follower responses appendEntries COMPLETED
2022-08-14 01:45:09,087 [grpc-default-executor-1] INFO  leader.FollowerInfo (FollowerInfoImpl.java:lambda$new$0(48)) - f124399b-2518-488d-bf7f-30c6c2e21956@group-F49552B7F4B3->937647e2-067d-42aa-a021-6dbfe1bbf122: nextIndex: updateUnconditionally 1 -> 0
2022-08-14 01:45:09,093 [f124399b-2518-488d-bf7f-30c6c2e21956@group-F49552B7F4B3-SegmentedRaftLogWorker] INFO  segmented.SegmentedRaftLogWorker (SegmentedRaftLogWorker.java:run(336)) - f124399b-2518-488d-bf7f-30c6c2e21956@group-F49552B7F4B3-SegmentedRaftLogWorker was interrupted, exiting. There are 0 tasks remaining in the queue.
2022-08-14 01:45:09,094 [grpc-default-executor-2] INFO  server.GrpcLogAppender (GrpcLogAppender.java:onError(328)) - f124399b-2518-488d-bf7f-30c6c2e21956@group-F49552B7F4B3->8222fa1d-6d96-4624-a383-c2b17e7dd66e-GrpcLogAppender is stopped
2022-08-14 01:45:09,094 [grpc-default-executor-4] WARN  server.GrpcLogAppender (LogUtils.java:warn(122)) - 937647e2-067d-42aa-a021-6dbfe1bbf122@group-344A709C3956->8222fa1d-6d96-4624-a383-c2b17e7dd66e-AppendLogResponseHandler: Failed appendEntries: org.apache.ratis.thirdparty.io.grpc.StatusRuntimeException: CANCELLED: RST_STREAM closed stream. HTTP/2 error code: CANCEL
2022-08-14 01:45:09,093 [ForkJoinPool.commonPool-worker-1] INFO  server.GrpcService (GrpcService.java:closeImpl(278)) - 8222fa1d-6d96-4624-a383-c2b17e7dd66e: shutdown server with port 37911 successfully
2022-08-14 01:45:09,101 [Listener at 127.0.0.1/45525] INFO  segmented.SegmentedRaftLogWorker (SegmentedRaftLogWorker.java:close(246)) - f124399b-2518-488d-bf7f-30c6c2e21956@group-F49552B7F4B3-SegmentedRaftLogWorker close()
2022-08-14 01:45:09,101 [Listener at 127.0.0.1/45525] INFO  server.GrpcService (GrpcService.java:closeImpl(269)) - f124399b-2518-488d-bf7f-30c6c2e21956: shutdown server with port 37713 now
2022-08-14 01:45:09,101 [grpc-default-executor-4] WARN  server.GrpcLogAppender (GrpcLogAppender.java:resetClient(111)) - 937647e2-067d-42aa-a021-6dbfe1bbf122@group-344A709C3956->8222fa1d-6d96-4624-a383-c2b17e7dd66e-GrpcLogAppender: Leader has not got in touch with Follower 937647e2-067d-42aa-a021-6dbfe1bbf122@group-344A709C3956->8222fa1d-6d96-4624-a383-c2b17e7dd66e(c0,m0,n1, attendVote=true, lastRpcSendTime=193, lastRpcResponseTime=190) yet, just keep nextIndex unchanged and retry.
2022-08-14 01:45:09,102 [grpc-default-executor-3] WARN  server.GrpcServerProtocolService (LogUtils.java:warn(122)) - f124399b-2518-488d-bf7f-30c6c2e21956: installSnapshot onError, lastRequest: 937647e2-067d-42aa-a021-6dbfe1bbf122->f124399b-2518-488d-bf7f-30c6c2e21956#1-t3,previous=(t:0, i:0),leaderCommit=0,initializing? true,entries: size=1, first=(t:3, i:0), CONFIGURATIONENTRY: org.apache.ratis.thirdparty.io.grpc.StatusRuntimeException: CANCELLED: client cancelled
2022-08-14 01:45:09,102 [grpc-default-executor-1] WARN  server.GrpcLogAppender (LogUtils.java:warn(122)) - 937647e2-067d-42aa-a021-6dbfe1bbf122@group-344A709C3956->f124399b-2518-488d-bf7f-30c6c2e21956-AppendLogResponseHandler: Failed appendEntries: org.apache.ratis.thirdparty.io.grpc.StatusRuntimeException: CANCELLED: RST_STREAM closed stream. HTTP/2 error code: CANCEL
2022-08-14 01:45:09,101 [org.apache.ratis.util.JvmPauseMonitor$$Lambda$519/202110677@29f7b09b] INFO  util.JvmPauseMonitor (JvmPauseMonitor.java:run(109)) - JvmPauseMonitor-8222fa1d-6d96-4624-a383-c2b17e7dd66e: Stopped
2022-08-14 01:45:09,103 [grpc-default-executor-1] WARN  server.GrpcLogAppender (GrpcLogAppender.java:resetClient(111)) - 937647e2-067d-42aa-a021-6dbfe1bbf122@group-344A709C3956->f124399b-2518-488d-bf7f-30c6c2e21956-GrpcLogAppender: Leader has not got in touch with Follower 937647e2-067d-42aa-a021-6dbfe1bbf122@group-344A709C3956->f124399b-2518-488d-bf7f-30c6c2e21956(c0,m0,n1, attendVote=true, lastRpcSendTime=196, lastRpcResponseTime=195) yet, just keep nextIndex unchanged and retry.
2022-08-14 01:45:09,126 [Listener at 127.0.0.1/45525] INFO  server.GrpcService (GrpcService.java:closeImpl(278)) - f124399b-2518-488d-bf7f-30c6c2e21956: shutdown server with port 37713 successfully
2022-08-14 01:45:09,126 [org.apache.ratis.util.JvmPauseMonitor$$Lambda$519/202110677@5f4d6b49] INFO  util.JvmPauseMonitor (JvmPauseMonitor.java:run(109)) - JvmPauseMonitor-f124399b-2518-488d-bf7f-30c6c2e21956: Stopped
2022-08-14 01:45:09,324 [EndpointStateMachine task thread for /127.0.0.1:40129 - 0 ] INFO  ipc.Client (Client.java:handleConnectionFailure(977)) - Retrying connect to server: localhost/127.0.0.1:40129. Already tried 5 time(s); retry policy is RetryUpToMaximumCountWithFixedSleep(maxRetries=15, sleepTime=1000 MILLISECONDS)
2022-08-14 01:45:09,325 [EndpointStateMachine task thread for /127.0.0.1:34931 - 0 ] INFO  ipc.Client (Client.java:handleConnectionFailure(977)) - Retrying connect to server: localhost/127.0.0.1:34931. Already tried 5 time(s); retry policy is RetryUpToMaximumCountWithFixedSleep(maxRetries=15, sleepTime=1000 MILLISECONDS)
2022-08-14 01:45:09,328 [EndpointStateMachine task thread for /127.0.0.1:33939 - 0 ] INFO  ipc.Client (Client.java:handleConnectionFailure(977)) - Retrying connect to server: localhost/127.0.0.1:33939. Already tried 5 time(s); retry policy is RetryUpToMaximumCountWithFixedSleep(maxRetries=15, sleepTime=1000 MILLISECONDS)
2022-08-14 01:45:09,842 [Finalizer] WARN  managed.ManagedRocksObjectUtils (ManagedRocksObjectUtils.java:assertClosed(39)) - Checkpoint is not closed properly
2022-08-14 01:45:09,842 [Finalizer] WARN  managed.ManagedRocksObjectUtils (ManagedRocksObjectUtils.java:assertClosed(39)) - Checkpoint is not closed properly
2022-08-14 01:45:09,842 [Finalizer] WARN  managed.ManagedRocksObjectUtils (ManagedRocksObjectUtils.java:assertClosed(39)) - Checkpoint is not closed properly
2022-08-14 01:45:10,326 [EndpointStateMachine task thread for /127.0.0.1:34931 - 0 ] INFO  ipc.Client (Client.java:handleConnectionFailure(977)) - Retrying connect to server: localhost/127.0.0.1:34931. Already tried 6 time(s); retry policy is RetryUpToMaximumCountWithFixedSleep(maxRetries=15, sleepTime=1000 MILLISECONDS)
2022-08-14 01:45:10,328 [Datanode State Machine Daemon Thread] ERROR datanode.RunningDatanodeState (RunningDatanodeState.java:computeNextContainerState(207)) - Error in executing end point task.
java.util.concurrent.ExecutionException: java.util.concurrent.TimeoutException
	at java.util.concurrent.FutureTask.report(FutureTask.java:122)
	at java.util.concurrent.FutureTask.get(FutureTask.java:192)
	at org.apache.hadoop.ozone.container.common.states.datanode.RunningDatanodeState.computeNextContainerState(RunningDatanodeState.java:199)
	at org.apache.hadoop.ozone.container.common.states.datanode.RunningDatanodeState.await(RunningDatanodeState.java:239)
	at org.apache.hadoop.ozone.container.common.states.datanode.RunningDatanodeState.await(RunningDatanodeState.java:50)
	at org.apache.hadoop.ozone.container.common.statemachine.StateContext.execute(StateContext.java:660)
	at org.apache.hadoop.ozone.container.common.statemachine.DatanodeStateMachine.startStateMachineThread(DatanodeStateMachine.java:298)
	at org.apache.hadoop.ozone.container.common.statemachine.DatanodeStateMachine.lambda$startDaemon$0(DatanodeStateMachine.java:493)
	at java.lang.Thread.run(Thread.java:750)
Caused by: java.util.concurrent.TimeoutException
	at java.util.concurrent.FutureTask.get(FutureTask.java:205)
	at org.apache.hadoop.ozone.container.common.states.datanode.RunningDatanodeState.lambda$execute$0(RunningDatanodeState.java:157)
	at java.util.concurrent.FutureTask.run(FutureTask.java:266)
	at java.util.concurrent.Executors$RunnableAdapter.call(Executors.java:511)
	at java.util.concurrent.FutureTask.run(FutureTask.java:266)
	at java.util.concurrent.ThreadPoolExecutor.runWorker(ThreadPoolExecutor.java:1149)
	at java.util.concurrent.ThreadPoolExecutor$Worker.run(ThreadPoolExecutor.java:624)
	... 1 more
2022-08-14 01:45:10,328 [EndpointStateMachine task thread for /127.0.0.1:40129 - 0 ] INFO  ipc.Client (Client.java:handleConnectionFailure(977)) - Retrying connect to server: localhost/127.0.0.1:40129. Already tried 6 time(s); retry policy is RetryUpToMaximumCountWithFixedSleep(maxRetries=15, sleepTime=1000 MILLISECONDS)
2022-08-14 01:45:10,336 [EndpointStateMachine task thread for /127.0.0.1:33939 - 0 ] INFO  ipc.Client (Client.java:handleConnectionFailure(977)) - Retrying connect to server: localhost/127.0.0.1:33939. Already tried 6 time(s); retry policy is RetryUpToMaximumCountWithFixedSleep(maxRetries=15, sleepTime=1000 MILLISECONDS)
2022-08-14 01:45:11,190 [Listener at 127.0.0.1/45525] INFO  utils.BackgroundService (BackgroundService.java:shutdown(141)) - Shutting down service BlockDeletingService
2022-08-14 01:45:11,191 [Listener at 127.0.0.1/45525] INFO  utils.BackgroundService (BackgroundService.java:shutdown(141)) - Shutting down service StaleRecoveringContainerScrubbingService
2022-08-14 01:45:11,205 [ForkJoinPool.commonPool-worker-1] INFO  utils.BackgroundService (BackgroundService.java:shutdown(141)) - Shutting down service BlockDeletingService
2022-08-14 01:45:11,213 [ForkJoinPool.commonPool-worker-1] INFO  utils.BackgroundService (BackgroundService.java:shutdown(141)) - Shutting down service StaleRecoveringContainerScrubbingService
2022-08-14 01:45:11,327 [EndpointStateMachine task thread for /127.0.0.1:34931 - 0 ] INFO  ipc.Client (Client.java:handleConnectionFailure(977)) - Retrying connect to server: localhost/127.0.0.1:34931. Already tried 7 time(s); retry policy is RetryUpToMaximumCountWithFixedSleep(maxRetries=15, sleepTime=1000 MILLISECONDS)
2022-08-14 01:45:11,336 [EndpointStateMachine task thread for /127.0.0.1:40129 - 0 ] INFO  ipc.Client (Client.java:handleConnectionFailure(977)) - Retrying connect to server: localhost/127.0.0.1:40129. Already tried 7 time(s); retry policy is RetryUpToMaximumCountWithFixedSleep(maxRetries=15, sleepTime=1000 MILLISECONDS)
2022-08-14 01:45:11,336 [EndpointStateMachine task thread for /127.0.0.1:33939 - 0 ] INFO  ipc.Client (Client.java:handleConnectionFailure(977)) - Retrying connect to server: localhost/127.0.0.1:33939. Already tried 7 time(s); retry policy is RetryUpToMaximumCountWithFixedSleep(maxRetries=15, sleepTime=1000 MILLISECONDS)
2022-08-14 01:45:11,422 [grpc-default-executor-3] WARN  server.GrpcLogAppender (LogUtils.java:warn(122)) - 937647e2-067d-42aa-a021-6dbfe1bbf122@group-344A709C3956->8222fa1d-6d96-4624-a383-c2b17e7dd66e-AppendLogResponseHandler: Failed appendEntries: org.apache.ratis.thirdparty.io.grpc.StatusRuntimeException: UNAVAILABLE: io exception
2022-08-14 01:45:11,422 [grpc-default-executor-3] WARN  server.GrpcLogAppender (GrpcLogAppender.java:resetClient(111)) - 937647e2-067d-42aa-a021-6dbfe1bbf122@group-344A709C3956->8222fa1d-6d96-4624-a383-c2b17e7dd66e-GrpcLogAppender: Leader has not got in touch with Follower 937647e2-067d-42aa-a021-6dbfe1bbf122@group-344A709C3956->8222fa1d-6d96-4624-a383-c2b17e7dd66e(c0,m0,n1, attendVote=true, lastRpcSendTime=0, lastRpcResponseTime=2511) yet, just keep nextIndex unchanged and retry.
2022-08-14 01:45:11,432 [grpc-default-executor-3] WARN  server.GrpcLogAppender (LogUtils.java:warn(122)) - 937647e2-067d-42aa-a021-6dbfe1bbf122@group-344A709C3956->f124399b-2518-488d-bf7f-30c6c2e21956-AppendLogResponseHandler: Failed appendEntries: org.apache.ratis.thirdparty.io.grpc.StatusRuntimeException: UNAVAILABLE: io exception
2022-08-14 01:45:11,432 [grpc-default-executor-3] WARN  server.GrpcLogAppender (GrpcLogAppender.java:resetClient(111)) - 937647e2-067d-42aa-a021-6dbfe1bbf122@group-344A709C3956->f124399b-2518-488d-bf7f-30c6c2e21956-GrpcLogAppender: Leader has not got in touch with Follower 937647e2-067d-42aa-a021-6dbfe1bbf122@group-344A709C3956->f124399b-2518-488d-bf7f-30c6c2e21956(c0,m0,n1, attendVote=true, lastRpcSendTime=2525, lastRpcResponseTime=2524) yet, just keep nextIndex unchanged and retry.
2022-08-14 01:45:12,328 [EndpointStateMachine task thread for /127.0.0.1:34931 - 0 ] INFO  ipc.Client (Client.java:handleConnectionFailure(977)) - Retrying connect to server: localhost/127.0.0.1:34931. Already tried 8 time(s); retry policy is RetryUpToMaximumCountWithFixedSleep(maxRetries=15, sleepTime=1000 MILLISECONDS)
2022-08-14 01:45:12,336 [EndpointStateMachine task thread for /127.0.0.1:40129 - 0 ] INFO  ipc.Client (Client.java:handleConnectionFailure(977)) - Retrying connect to server: localhost/127.0.0.1:40129. Already tried 8 time(s); retry policy is RetryUpToMaximumCountWithFixedSleep(maxRetries=15, sleepTime=1000 MILLISECONDS)
2022-08-14 01:45:12,337 [EndpointStateMachine task thread for /127.0.0.1:33939 - 0 ] INFO  ipc.Client (Client.java:handleConnectionFailure(977)) - Retrying connect to server: localhost/127.0.0.1:33939. Already tried 8 time(s); retry policy is RetryUpToMaximumCountWithFixedSleep(maxRetries=15, sleepTime=1000 MILLISECONDS)
2022-08-14 01:45:12,676 [grpc-default-executor-3] WARN  server.GrpcLogAppender (LogUtils.java:warn(122)) - 937647e2-067d-42aa-a021-6dbfe1bbf122@group-344A709C3956->8222fa1d-6d96-4624-a383-c2b17e7dd66e-AppendLogResponseHandler: Failed appendEntries: org.apache.ratis.thirdparty.io.grpc.StatusRuntimeException: UNAVAILABLE: io exception
2022-08-14 01:45:12,677 [grpc-default-executor-3] WARN  server.GrpcLogAppender (GrpcLogAppender.java:resetClient(111)) - 937647e2-067d-42aa-a021-6dbfe1bbf122@group-344A709C3956->8222fa1d-6d96-4624-a383-c2b17e7dd66e-GrpcLogAppender: Leader has not got in touch with Follower 937647e2-067d-42aa-a021-6dbfe1bbf122@group-344A709C3956->8222fa1d-6d96-4624-a383-c2b17e7dd66e(c0,m0,n1, attendVote=true, lastRpcSendTime=1255, lastRpcResponseTime=3766) yet, just keep nextIndex unchanged and retry.
2022-08-14 01:45:12,692 [grpc-default-executor-3] WARN  server.GrpcLogAppender (LogUtils.java:warn(122)) - 937647e2-067d-42aa-a021-6dbfe1bbf122@group-344A709C3956->f124399b-2518-488d-bf7f-30c6c2e21956-AppendLogResponseHandler: Failed appendEntries: org.apache.ratis.thirdparty.io.grpc.StatusRuntimeException: UNAVAILABLE: io exception
2022-08-14 01:45:12,692 [grpc-default-executor-3] WARN  server.GrpcLogAppender (GrpcLogAppender.java:resetClient(111)) - 937647e2-067d-42aa-a021-6dbfe1bbf122@group-344A709C3956->f124399b-2518-488d-bf7f-30c6c2e21956-GrpcLogAppender: Leader has not got in touch with Follower 937647e2-067d-42aa-a021-6dbfe1bbf122@group-344A709C3956->f124399b-2518-488d-bf7f-30c6c2e21956(c0,m0,n1, attendVote=true, lastRpcSendTime=0, lastRpcResponseTime=3783) yet, just keep nextIndex unchanged and retry.
2022-08-14 01:45:13,339 [EndpointStateMachine task thread for /127.0.0.1:33939 - 0 ] INFO  ipc.Client (Client.java:handleConnectionFailure(977)) - Retrying connect to server: localhost/127.0.0.1:33939. Already tried 9 time(s); retry policy is RetryUpToMaximumCountWithFixedSleep(maxRetries=15, sleepTime=1000 MILLISECONDS)
2022-08-14 01:45:13,339 [EndpointStateMachine task thread for /127.0.0.1:34931 - 0 ] INFO  ipc.Client (Client.java:handleConnectionFailure(977)) - Retrying connect to server: localhost/127.0.0.1:34931. Already tried 9 time(s); retry policy is RetryUpToMaximumCountWithFixedSleep(maxRetries=15, sleepTime=1000 MILLISECONDS)
2022-08-14 01:45:13,339 [EndpointStateMachine task thread for /127.0.0.1:40129 - 0 ] INFO  ipc.Client (Client.java:handleConnectionFailure(977)) - Retrying connect to server: localhost/127.0.0.1:40129. Already tried 9 time(s); retry policy is RetryUpToMaximumCountWithFixedSleep(maxRetries=15, sleepTime=1000 MILLISECONDS)
2022-08-14 01:45:13,929 [grpc-default-executor-3] WARN  server.GrpcLogAppender (LogUtils.java:warn(122)) - 937647e2-067d-42aa-a021-6dbfe1bbf122@group-344A709C3956->8222fa1d-6d96-4624-a383-c2b17e7dd66e-AppendLogResponseHandler: Failed appendEntries: org.apache.ratis.thirdparty.io.grpc.StatusRuntimeException: UNAVAILABLE: io exception
2022-08-14 01:45:13,930 [grpc-default-executor-3] WARN  server.GrpcLogAppender (GrpcLogAppender.java:resetClient(111)) - 937647e2-067d-42aa-a021-6dbfe1bbf122@group-344A709C3956->8222fa1d-6d96-4624-a383-c2b17e7dd66e-GrpcLogAppender: Leader has not got in touch with Follower 937647e2-067d-42aa-a021-6dbfe1bbf122@group-344A709C3956->8222fa1d-6d96-4624-a383-c2b17e7dd66e(c0,m0,n1, attendVote=true, lastRpcSendTime=0, lastRpcResponseTime=5019) yet, just keep nextIndex unchanged and retry.
2022-08-14 01:45:13,942 [grpc-default-executor-3] WARN  server.GrpcLogAppender (LogUtils.java:warn(122)) - 937647e2-067d-42aa-a021-6dbfe1bbf122@group-344A709C3956->f124399b-2518-488d-bf7f-30c6c2e21956-AppendLogResponseHandler: Failed appendEntries: org.apache.ratis.thirdparty.io.grpc.StatusRuntimeException: UNAVAILABLE: io exception
2022-08-14 01:45:13,943 [grpc-default-executor-3] WARN  server.GrpcLogAppender (GrpcLogAppender.java:resetClient(111)) - 937647e2-067d-42aa-a021-6dbfe1bbf122@group-344A709C3956->f124399b-2518-488d-bf7f-30c6c2e21956-GrpcLogAppender: Leader has not got in touch with Follower 937647e2-067d-42aa-a021-6dbfe1bbf122@group-344A709C3956->f124399b-2518-488d-bf7f-30c6c2e21956(c0,m0,n1, attendVote=true, lastRpcSendTime=1250, lastRpcResponseTime=5034) yet, just keep nextIndex unchanged and retry.
2022-08-14 01:45:14,208 [Listener at 127.0.0.1/45525] INFO  statemachine.DatanodeStateMachine (DatanodeStateMachine.java:stopDaemon(580)) - Ozone container server stopped.
2022-08-14 01:45:14,217 [ForkJoinPool.commonPool-worker-1] INFO  statemachine.DatanodeStateMachine (DatanodeStateMachine.java:stopDaemon(580)) - Ozone container server stopped.
2022-08-14 01:45:14,237 [Listener at 127.0.0.1/45525] INFO  handler.ContextHandler (ContextHandler.java:doStop(1153)) - Stopped o.e.j.w.WebAppContext@36f0558{hddsDatanode,/,null,STOPPED}{jar:file:/home/runner/.m2/repository/org/apache/ozone/hdds-container-service/1.3.0-SNAPSHOT/hdds-container-service-1.3.0-SNAPSHOT.jar!/webapps/hddsDatanode}
2022-08-14 01:45:14,248 [Listener at 127.0.0.1/45525] INFO  server.AbstractConnector (AbstractConnector.java:doStop(381)) - Stopped ServerConnector@679e335d{HTTP/1.1, (http/1.1)}{0.0.0.0:0}
2022-08-14 01:45:14,248 [Listener at 127.0.0.1/45525] INFO  server.session (HouseKeeper.java:stopScavenging(149)) - node0 Stopped scavenging
2022-08-14 01:45:14,249 [Listener at 127.0.0.1/45525] INFO  handler.ContextHandler (ContextHandler.java:doStop(1153)) - Stopped o.e.j.s.ServletContextHandler@64d4e9d9{static,/static,jar:file:/home/runner/.m2/repository/org/apache/ozone/hdds-container-service/1.3.0-SNAPSHOT/hdds-container-service-1.3.0-SNAPSHOT.jar!/webapps/static,STOPPED}
2022-08-14 01:45:14,249 [Listener at 127.0.0.1/45525] INFO  handler.ContextHandler (ContextHandler.java:doStop(1153)) - Stopped o.e.j.s.ServletContextHandler@96319db{logs,/logs,file:///home/runner/work/ozone/ozone/hadoop-ozone/integration-test/target/log,STOPPED}
2022-08-14 01:45:14,272 [ForkJoinPool.commonPool-worker-1] INFO  handler.ContextHandler (ContextHandler.java:doStop(1153)) - Stopped o.e.j.w.WebAppContext@747969b2{hddsDatanode,/,null,STOPPED}{jar:file:/home/runner/.m2/repository/org/apache/ozone/hdds-container-service/1.3.0-SNAPSHOT/hdds-container-service-1.3.0-SNAPSHOT.jar!/webapps/hddsDatanode}
2022-08-14 01:45:14,273 [ForkJoinPool.commonPool-worker-1] INFO  server.AbstractConnector (AbstractConnector.java:doStop(381)) - Stopped ServerConnector@7527b28b{HTTP/1.1, (http/1.1)}{0.0.0.0:0}
2022-08-14 01:45:14,274 [ForkJoinPool.commonPool-worker-1] INFO  server.session (HouseKeeper.java:stopScavenging(149)) - node0 Stopped scavenging
2022-08-14 01:45:14,308 [ForkJoinPool.commonPool-worker-1] INFO  handler.ContextHandler (ContextHandler.java:doStop(1153)) - Stopped o.e.j.s.ServletContextHandler@3daf774{static,/static,jar:file:/home/runner/.m2/repository/org/apache/ozone/hdds-container-service/1.3.0-SNAPSHOT/hdds-container-service-1.3.0-SNAPSHOT.jar!/webapps/static,STOPPED}
2022-08-14 01:45:14,309 [ForkJoinPool.commonPool-worker-1] INFO  handler.ContextHandler (ContextHandler.java:doStop(1153)) - Stopped o.e.j.s.ServletContextHandler@4ae537ce{logs,/logs,file:///home/runner/work/ozone/ozone/hadoop-ozone/integration-test/target/log,STOPPED}
2022-08-14 01:45:14,337 [Datanode State Machine Daemon Thread] WARN  statemachine.StateContext (StateContext.java:setState(252)) - Ignore disallowed transition from SHUTDOWN to RUNNING
2022-08-14 01:45:14,340 [EndpointStateMachine task thread for /127.0.0.1:33939 - 0 ] INFO  ipc.Client (Client.java:handleConnectionFailure(977)) - Retrying connect to server: localhost/127.0.0.1:33939. Already tried 10 time(s); retry policy is RetryUpToMaximumCountWithFixedSleep(maxRetries=15, sleepTime=1000 MILLISECONDS)
2022-08-14 01:45:14,340 [EndpointStateMachine task thread for /127.0.0.1:34931 - 0 ] INFO  ipc.Client (Client.java:handleConnectionFailure(977)) - Retrying connect to server: localhost/127.0.0.1:34931. Already tried 10 time(s); retry policy is RetryUpToMaximumCountWithFixedSleep(maxRetries=15, sleepTime=1000 MILLISECONDS)
2022-08-14 01:45:14,340 [EndpointStateMachine task thread for /127.0.0.1:40129 - 0 ] INFO  ipc.Client (Client.java:handleConnectionFailure(977)) - Retrying connect to server: localhost/127.0.0.1:40129. Already tried 10 time(s); retry policy is RetryUpToMaximumCountWithFixedSleep(maxRetries=15, sleepTime=1000 MILLISECONDS)
2022-08-14 01:45:15,188 [grpc-default-executor-3] WARN  server.GrpcLogAppender (LogUtils.java:warn(122)) - 937647e2-067d-42aa-a021-6dbfe1bbf122@group-344A709C3956->8222fa1d-6d96-4624-a383-c2b17e7dd66e-AppendLogResponseHandler: Failed appendEntries: org.apache.ratis.thirdparty.io.grpc.StatusRuntimeException: UNAVAILABLE: io exception
2022-08-14 01:45:15,189 [grpc-default-executor-3] WARN  server.GrpcLogAppender (GrpcLogAppender.java:resetClient(111)) - 937647e2-067d-42aa-a021-6dbfe1bbf122@group-344A709C3956->8222fa1d-6d96-4624-a383-c2b17e7dd66e-GrpcLogAppender: Leader has not got in touch with Follower 937647e2-067d-42aa-a021-6dbfe1bbf122@group-344A709C3956->8222fa1d-6d96-4624-a383-c2b17e7dd66e(c0,m0,n1, attendVote=true, lastRpcSendTime=1259, lastRpcResponseTime=6278) yet, just keep nextIndex unchanged and retry.
2022-08-14 01:45:15,196 [grpc-default-executor-3] WARN  server.GrpcLogAppender (LogUtils.java:warn(122)) - 937647e2-067d-42aa-a021-6dbfe1bbf122@group-344A709C3956->f124399b-2518-488d-bf7f-30c6c2e21956-AppendLogResponseHandler: Failed appendEntries: org.apache.ratis.thirdparty.io.grpc.StatusRuntimeException: UNAVAILABLE: io exception
2022-08-14 01:45:15,197 [grpc-default-executor-3] WARN  server.GrpcLogAppender (GrpcLogAppender.java:resetClient(111)) - 937647e2-067d-42aa-a021-6dbfe1bbf122@group-344A709C3956->f124399b-2518-488d-bf7f-30c6c2e21956-GrpcLogAppender: Leader has not got in touch with Follower 937647e2-067d-42aa-a021-6dbfe1bbf122@group-344A709C3956->f124399b-2518-488d-bf7f-30c6c2e21956(c0,m0,n1, attendVote=true, lastRpcSendTime=1253, lastRpcResponseTime=6288) yet, just keep nextIndex unchanged and retry.
2022-08-14 01:45:15,340 [EndpointStateMachine task thread for /127.0.0.1:34931 - 0 ] INFO  ipc.Client (Client.java:handleConnectionFailure(977)) - Retrying connect to server: localhost/127.0.0.1:34931. Already tried 11 time(s); retry policy is RetryUpToMaximumCountWithFixedSleep(maxRetries=15, sleepTime=1000 MILLISECONDS)
2022-08-14 01:45:15,340 [EndpointStateMachine task thread for /127.0.0.1:40129 - 0 ] INFO  ipc.Client (Client.java:handleConnectionFailure(977)) - Retrying connect to server: localhost/127.0.0.1:40129. Already tried 11 time(s); retry policy is RetryUpToMaximumCountWithFixedSleep(maxRetries=15, sleepTime=1000 MILLISECONDS)
2022-08-14 01:45:15,342 [EndpointStateMachine task thread for /127.0.0.1:33939 - 0 ] INFO  ipc.Client (Client.java:handleConnectionFailure(977)) - Retrying connect to server: localhost/127.0.0.1:33939. Already tried 11 time(s); retry policy is RetryUpToMaximumCountWithFixedSleep(maxRetries=15, sleepTime=1000 MILLISECONDS)
2022-08-14 01:45:16,341 [EndpointStateMachine task thread for /127.0.0.1:40129 - 0 ] INFO  ipc.Client (Client.java:handleConnectionFailure(977)) - Retrying connect to server: localhost/127.0.0.1:40129. Already tried 12 time(s); retry policy is RetryUpToMaximumCountWithFixedSleep(maxRetries=15, sleepTime=1000 MILLISECONDS)
2022-08-14 01:45:16,342 [EndpointStateMachine task thread for /127.0.0.1:34931 - 0 ] INFO  ipc.Client (Client.java:handleConnectionFailure(977)) - Retrying connect to server: localhost/127.0.0.1:34931. Already tried 12 time(s); retry policy is RetryUpToMaximumCountWithFixedSleep(maxRetries=15, sleepTime=1000 MILLISECONDS)
2022-08-14 01:45:16,342 [EndpointStateMachine task thread for /127.0.0.1:33939 - 0 ] INFO  ipc.Client (Client.java:handleConnectionFailure(977)) - Retrying connect to server: localhost/127.0.0.1:33939. Already tried 12 time(s); retry policy is RetryUpToMaximumCountWithFixedSleep(maxRetries=15, sleepTime=1000 MILLISECONDS)
2022-08-14 01:45:16,447 [grpc-default-executor-3] WARN  server.GrpcLogAppender (LogUtils.java:warn(122)) - 937647e2-067d-42aa-a021-6dbfe1bbf122@group-344A709C3956->8222fa1d-6d96-4624-a383-c2b17e7dd66e-AppendLogResponseHandler: Failed appendEntries: org.apache.ratis.thirdparty.io.grpc.StatusRuntimeException: UNAVAILABLE: io exception
2022-08-14 01:45:16,449 [grpc-default-executor-3] WARN  server.GrpcLogAppender (GrpcLogAppender.java:resetClient(111)) - 937647e2-067d-42aa-a021-6dbfe1bbf122@group-344A709C3956->8222fa1d-6d96-4624-a383-c2b17e7dd66e-GrpcLogAppender: Leader has not got in touch with Follower 937647e2-067d-42aa-a021-6dbfe1bbf122@group-344A709C3956->8222fa1d-6d96-4624-a383-c2b17e7dd66e(c0,m0,n1, attendVote=true, lastRpcSendTime=1260, lastRpcResponseTime=7538) yet, just keep nextIndex unchanged and retry.
2022-08-14 01:45:16,464 [grpc-default-executor-3] WARN  server.GrpcLogAppender (LogUtils.java:warn(122)) - 937647e2-067d-42aa-a021-6dbfe1bbf122@group-344A709C3956->f124399b-2518-488d-bf7f-30c6c2e21956-AppendLogResponseHandler: Failed appendEntries: org.apache.ratis.thirdparty.io.grpc.StatusRuntimeException: UNAVAILABLE: io exception
2022-08-14 01:45:16,465 [grpc-default-executor-3] WARN  server.GrpcLogAppender (GrpcLogAppender.java:resetClient(111)) - 937647e2-067d-42aa-a021-6dbfe1bbf122@group-344A709C3956->f124399b-2518-488d-bf7f-30c6c2e21956-GrpcLogAppender: Leader has not got in touch with Follower 937647e2-067d-42aa-a021-6dbfe1bbf122@group-344A709C3956->f124399b-2518-488d-bf7f-30c6c2e21956(c0,m0,n1, attendVote=true, lastRpcSendTime=1267, lastRpcResponseTime=7556) yet, just keep nextIndex unchanged and retry.
2022-08-14 01:45:16,835 [937647e2-067d-42aa-a021-6dbfe1bbf122@group-F49552B7F4B3-FollowerState] INFO  impl.FollowerState (FollowerState.java:run(143)) - 937647e2-067d-42aa-a021-6dbfe1bbf122@group-F49552B7F4B3-FollowerState: change to CANDIDATE, lastRpcElapsedTime:10046839513ns, electionTimeout:5024ms
2022-08-14 01:45:16,835 [937647e2-067d-42aa-a021-6dbfe1bbf122@group-F49552B7F4B3-FollowerState] INFO  impl.RoleInfo (RoleInfo.java:shutdownFollowerState(110)) - 937647e2-067d-42aa-a021-6dbfe1bbf122: shutdown 937647e2-067d-42aa-a021-6dbfe1bbf122@group-F49552B7F4B3-FollowerState
2022-08-14 01:45:16,835 [937647e2-067d-42aa-a021-6dbfe1bbf122@group-F49552B7F4B3-FollowerState] INFO  server.RaftServer$Division (RaftServerImpl.java:setRole(299)) - 937647e2-067d-42aa-a021-6dbfe1bbf122@group-F49552B7F4B3: changes role from  FOLLOWER to CANDIDATE at term 4 for changeToCandidate
2022-08-14 01:45:16,835 [937647e2-067d-42aa-a021-6dbfe1bbf122@group-F49552B7F4B3-FollowerState] INFO  server.RaftServerConfigKeys (ConfUtils.java:logGet(46)) - raft.server.leaderelection.pre-vote = false (custom)
2022-08-14 01:45:16,835 [937647e2-067d-42aa-a021-6dbfe1bbf122@group-F49552B7F4B3-FollowerState] INFO  impl.RoleInfo (RoleInfo.java:updateAndGet(139)) - 937647e2-067d-42aa-a021-6dbfe1bbf122: start 937647e2-067d-42aa-a021-6dbfe1bbf122@group-F49552B7F4B3-LeaderElection17
2022-08-14 01:45:16,864 [937647e2-067d-42aa-a021-6dbfe1bbf122@group-F49552B7F4B3-LeaderElection17] INFO  server.RaftServer$Division (ServerState.java:setLeader(287)) - 937647e2-067d-42aa-a021-6dbfe1bbf122@group-F49552B7F4B3: change Leader from f124399b-2518-488d-bf7f-30c6c2e21956 to null at term 4 for ELECTION
2022-08-14 01:45:16,873 [937647e2-067d-42aa-a021-6dbfe1bbf122@group-F49552B7F4B3-LeaderElection17] INFO  impl.LeaderElection (LeaderElection.java:askForVotes(310)) - 937647e2-067d-42aa-a021-6dbfe1bbf122@group-F49552B7F4B3-LeaderElection17 ELECTION round 0: submit vote requests at term 5 for 0: [8222fa1d-6d96-4624-a383-c2b17e7dd66e|rpc:127.0.0.1:37911|dataStream:|priority:0, f124399b-2518-488d-bf7f-30c6c2e21956|rpc:127.0.0.1:37713|dataStream:|priority:1, 937647e2-067d-42aa-a021-6dbfe1bbf122|rpc:127.0.0.1:42293|dataStream:|priority:0], old=null
2022-08-14 01:45:16,908 [937647e2-067d-42aa-a021-6dbfe1bbf122@group-F49552B7F4B3-LeaderElection17] INFO  impl.LeaderElection (LogUtils.java:infoOrTrace(137)) - 937647e2-067d-42aa-a021-6dbfe1bbf122@group-F49552B7F4B3-LeaderElection17 got exception when requesting votes: java.util.concurrent.ExecutionException: org.apache.ratis.thirdparty.io.grpc.StatusRuntimeException: UNAVAILABLE: io exception
2022-08-14 01:45:16,909 [937647e2-067d-42aa-a021-6dbfe1bbf122@group-F49552B7F4B3-LeaderElection17] INFO  impl.LeaderElection (LogUtils.java:infoOrTrace(137)) - 937647e2-067d-42aa-a021-6dbfe1bbf122@group-F49552B7F4B3-LeaderElection17 got exception when requesting votes: java.util.concurrent.ExecutionException: org.apache.ratis.thirdparty.io.grpc.StatusRuntimeException: UNAVAILABLE: io exception
2022-08-14 01:45:16,909 [937647e2-067d-42aa-a021-6dbfe1bbf122@group-F49552B7F4B3-LeaderElection17] INFO  impl.LeaderElection (LeaderElection.java:logAndReturn(90)) - 937647e2-067d-42aa-a021-6dbfe1bbf122@group-F49552B7F4B3-LeaderElection17: ELECTION REJECTED received 0 response(s) and 2 exception(s):
2022-08-14 01:45:16,909 [937647e2-067d-42aa-a021-6dbfe1bbf122@group-F49552B7F4B3-LeaderElection17] INFO  impl.LeaderElection (LogUtils.java:infoOrTrace(137)) -   Exception 0: java.util.concurrent.ExecutionException: org.apache.ratis.thirdparty.io.grpc.StatusRuntimeException: UNAVAILABLE: io exception
2022-08-14 01:45:16,909 [937647e2-067d-42aa-a021-6dbfe1bbf122@group-F49552B7F4B3-LeaderElection17] INFO  impl.LeaderElection (LogUtils.java:infoOrTrace(137)) -   Exception 1: java.util.concurrent.ExecutionException: org.apache.ratis.thirdparty.io.grpc.StatusRuntimeException: UNAVAILABLE: io exception
2022-08-14 01:45:16,909 [937647e2-067d-42aa-a021-6dbfe1bbf122@group-F49552B7F4B3-LeaderElection17] INFO  impl.LeaderElection (LeaderElection.java:askForVotes(312)) - 937647e2-067d-42aa-a021-6dbfe1bbf122@group-F49552B7F4B3-LeaderElection17 ELECTION round 0: result REJECTED
2022-08-14 01:45:16,909 [937647e2-067d-42aa-a021-6dbfe1bbf122@group-F49552B7F4B3-LeaderElection17] INFO  server.RaftServer$Division (RaftServerImpl.java:setRole(299)) - 937647e2-067d-42aa-a021-6dbfe1bbf122@group-F49552B7F4B3: changes role from CANDIDATE to FOLLOWER at term 5 for REJECTED
2022-08-14 01:45:16,909 [937647e2-067d-42aa-a021-6dbfe1bbf122@group-F49552B7F4B3-LeaderElection17] INFO  impl.RoleInfo (RoleInfo.java:shutdownLeaderElection(130)) - 937647e2-067d-42aa-a021-6dbfe1bbf122: shutdown 937647e2-067d-42aa-a021-6dbfe1bbf122@group-F49552B7F4B3-LeaderElection17
2022-08-14 01:45:16,909 [937647e2-067d-42aa-a021-6dbfe1bbf122@group-F49552B7F4B3-LeaderElection17] INFO  impl.RoleInfo (RoleInfo.java:updateAndGet(139)) - 937647e2-067d-42aa-a021-6dbfe1bbf122: start 937647e2-067d-42aa-a021-6dbfe1bbf122@group-F49552B7F4B3-FollowerState
2022-08-14 01:45:16,974 [937647e2-067d-42aa-a021-6dbfe1bbf122@group-344A709C3956-LeaderStateImpl] WARN  server.RaftServer$Division (LeaderStateImpl.java:checkLeadership(1018)) - 937647e2-067d-42aa-a021-6dbfe1bbf122@group-344A709C3956-LeaderStateImpl: Lost leadership on term: 3. Election timeout: 5200ms. In charge for: 15654ms. Conf: 0: [8222fa1d-6d96-4624-a383-c2b17e7dd66e|rpc:127.0.0.1:37911|dataStream:|priority:0, f124399b-2518-488d-bf7f-30c6c2e21956|rpc:127.0.0.1:37713|dataStream:|priority:0, 937647e2-067d-42aa-a021-6dbfe1bbf122|rpc:127.0.0.1:42293|dataStream:|priority:1], old=null
2022-08-14 01:45:16,974 [937647e2-067d-42aa-a021-6dbfe1bbf122@group-344A709C3956-LeaderStateImpl] WARN  server.RaftServer$Division (LeaderStateImpl.java:lambda$checkLeadership$17(1022)) - Follower 937647e2-067d-42aa-a021-6dbfe1bbf122@group-344A709C3956->8222fa1d-6d96-4624-a383-c2b17e7dd66e(c0,m0,n1, attendVote=true, lastRpcSendTime=522, lastRpcResponseTime=8063)
2022-08-14 01:45:16,975 [937647e2-067d-42aa-a021-6dbfe1bbf122@group-344A709C3956-LeaderStateImpl] WARN  server.RaftServer$Division (LeaderStateImpl.java:lambda$checkLeadership$17(1022)) - Follower 937647e2-067d-42aa-a021-6dbfe1bbf122@group-344A709C3956->f124399b-2518-488d-bf7f-30c6c2e21956(c0,m0,n1, attendVote=true, lastRpcSendTime=506, lastRpcResponseTime=8066)
2022-08-14 01:45:16,975 [937647e2-067d-42aa-a021-6dbfe1bbf122@group-344A709C3956-LeaderStateImpl] INFO  server.RaftServer$Division (RaftServerImpl.java:setRole(299)) - 937647e2-067d-42aa-a021-6dbfe1bbf122@group-344A709C3956: changes role from    LEADER to FOLLOWER at term 3 for StepDownReason:LOST_MAJORITY_HEARTBEATS
2022-08-14 01:45:16,975 [937647e2-067d-42aa-a021-6dbfe1bbf122@group-344A709C3956-LeaderStateImpl] INFO  impl.RoleInfo (RoleInfo.java:shutdownLeaderState(93)) - 937647e2-067d-42aa-a021-6dbfe1bbf122: shutdown 937647e2-067d-42aa-a021-6dbfe1bbf122@group-344A709C3956-LeaderStateImpl
2022-08-14 01:45:16,975 [937647e2-067d-42aa-a021-6dbfe1bbf122@group-344A709C3956-LeaderStateImpl] INFO  impl.PendingRequests (PendingRequests.java:sendNotLeaderResponses(282)) - 937647e2-067d-42aa-a021-6dbfe1bbf122@group-344A709C3956-PendingRequests: sendNotLeaderResponses
2022-08-14 01:45:16,976 [937647e2-067d-42aa-a021-6dbfe1bbf122@group-344A709C3956-LeaderStateImpl] INFO  impl.RoleInfo (RoleInfo.java:updateAndGet(139)) - 937647e2-067d-42aa-a021-6dbfe1bbf122: start 937647e2-067d-42aa-a021-6dbfe1bbf122@group-344A709C3956-FollowerState
2022-08-14 01:45:17,342 [EndpointStateMachine task thread for /127.0.0.1:40129 - 0 ] INFO  ipc.Client (Client.java:handleConnectionFailure(977)) - Retrying connect to server: localhost/127.0.0.1:40129. Already tried 13 time(s); retry policy is RetryUpToMaximumCountWithFixedSleep(maxRetries=15, sleepTime=1000 MILLISECONDS)
2022-08-14 01:45:17,342 [EndpointStateMachine task thread for /127.0.0.1:34931 - 0 ] INFO  ipc.Client (Client.java:handleConnectionFailure(977)) - Retrying connect to server: localhost/127.0.0.1:34931. Already tried 13 time(s); retry policy is RetryUpToMaximumCountWithFixedSleep(maxRetries=15, sleepTime=1000 MILLISECONDS)
2022-08-14 01:45:17,342 [EndpointStateMachine task thread for /127.0.0.1:33939 - 0 ] INFO  ipc.Client (Client.java:handleConnectionFailure(977)) - Retrying connect to server: localhost/127.0.0.1:33939. Already tried 13 time(s); retry policy is RetryUpToMaximumCountWithFixedSleep(maxRetries=15, sleepTime=1000 MILLISECONDS)
2022-08-14 01:45:18,343 [EndpointStateMachine task thread for /127.0.0.1:40129 - 0 ] INFO  ipc.Client (Client.java:handleConnectionFailure(977)) - Retrying connect to server: localhost/127.0.0.1:40129. Already tried 14 time(s); retry policy is RetryUpToMaximumCountWithFixedSleep(maxRetries=15, sleepTime=1000 MILLISECONDS)
2022-08-14 01:45:18,344 [EndpointStateMachine task thread for /127.0.0.1:40129 - 0 ] WARN  statemachine.EndpointStateMachine (EndpointStateMachine.java:logIfNeeded(236)) - Unable to communicate to SCM server at localhost:40129 for past 0 seconds.
java.net.ConnectException: Call From fv-az372-557/10.1.0.7 to localhost:40129 failed on connection exception: java.net.ConnectException: Connection refused; For more details see:  http://wiki.apache.org/hadoop/ConnectionRefused
	at sun.reflect.NativeConstructorAccessorImpl.newInstance0(Native Method)
	at sun.reflect.NativeConstructorAccessorImpl.newInstance(NativeConstructorAccessorImpl.java:62)
	at sun.reflect.DelegatingConstructorAccessorImpl.newInstance(DelegatingConstructorAccessorImpl.java:45)
	at java.lang.reflect.Constructor.newInstance(Constructor.java:423)
	at org.apache.hadoop.net.NetUtils.wrapWithMessage(NetUtils.java:913)
	at org.apache.hadoop.net.NetUtils.wrapException(NetUtils.java:828)
	at org.apache.hadoop.ipc.Client.getRpcResponse(Client.java:1577)
	at org.apache.hadoop.ipc.Client.call(Client.java:1519)
	at org.apache.hadoop.ipc.Client.call(Client.java:1416)
	at org.apache.hadoop.ipc.ProtobufRpcEngine$Invoker.invoke(ProtobufRpcEngine.java:236)
	at org.apache.hadoop.ipc.ProtobufRpcEngine$Invoker.invoke(ProtobufRpcEngine.java:123)
	at com.sun.proxy.$Proxy51.submitRequest(Unknown Source)
	at org.apache.hadoop.ozone.protocolPB.StorageContainerDatanodeProtocolClientSideTranslatorPB.submitRequest(StorageContainerDatanodeProtocolClientSideTranslatorPB.java:117)
	at org.apache.hadoop.ozone.protocolPB.StorageContainerDatanodeProtocolClientSideTranslatorPB.sendHeartbeat(StorageContainerDatanodeProtocolClientSideTranslatorPB.java:149)
	at org.apache.hadoop.ozone.container.common.states.endpoint.HeartbeatEndpointTask.call(HeartbeatEndpointTask.java:185)
	at org.apache.hadoop.ozone.container.common.states.endpoint.HeartbeatEndpointTask.call(HeartbeatEndpointTask.java:87)
	at java.util.concurrent.FutureTask.run(FutureTask.java:266)
	at java.util.concurrent.ThreadPoolExecutor.runWorker(ThreadPoolExecutor.java:1149)
	at java.util.concurrent.ThreadPoolExecutor$Worker.run(ThreadPoolExecutor.java:624)
	at java.lang.Thread.run(Thread.java:750)
Caused by: java.net.ConnectException: Connection refused
	at sun.nio.ch.SocketChannelImpl.checkConnect(Native Method)
	at sun.nio.ch.SocketChannelImpl.finishConnect(SocketChannelImpl.java:716)
	at org.apache.hadoop.net.SocketIOWithTimeout.connect(SocketIOWithTimeout.java:206)
	at org.apache.hadoop.net.NetUtils.connect(NetUtils.java:586)
	at org.apache.hadoop.ipc.Client$Connection.setupConnection(Client.java:701)
	at org.apache.hadoop.ipc.Client$Connection.setupIOstreams(Client.java:822)
	at org.apache.hadoop.ipc.Client$Connection.access$3800(Client.java:414)
	at org.apache.hadoop.ipc.Client.getConnection(Client.java:1647)
	at org.apache.hadoop.ipc.Client.call(Client.java:1463)
	... 12 more
2022-08-14 01:45:18,343 [EndpointStateMachine task thread for /127.0.0.1:34931 - 0 ] INFO  ipc.Client (Client.java:handleConnectionFailure(977)) - Retrying connect to server: localhost/127.0.0.1:34931. Already tried 14 time(s); retry policy is RetryUpToMaximumCountWithFixedSleep(maxRetries=15, sleepTime=1000 MILLISECONDS)
2022-08-14 01:45:18,346 [EndpointStateMachine task thread for /127.0.0.1:34931 - 0 ] WARN  statemachine.EndpointStateMachine (EndpointStateMachine.java:logIfNeeded(236)) - Unable to communicate to SCM server at localhost:34931 for past 0 seconds.
java.net.ConnectException: Call From fv-az372-557/10.1.0.7 to localhost:34931 failed on connection exception: java.net.ConnectException: Connection refused; For more details see:  http://wiki.apache.org/hadoop/ConnectionRefused
	at sun.reflect.NativeConstructorAccessorImpl.newInstance0(Native Method)
	at sun.reflect.NativeConstructorAccessorImpl.newInstance(NativeConstructorAccessorImpl.java:62)
	at sun.reflect.DelegatingConstructorAccessorImpl.newInstance(DelegatingConstructorAccessorImpl.java:45)
	at java.lang.reflect.Constructor.newInstance(Constructor.java:423)
	at org.apache.hadoop.net.NetUtils.wrapWithMessage(NetUtils.java:913)
	at org.apache.hadoop.net.NetUtils.wrapException(NetUtils.java:828)
	at org.apache.hadoop.ipc.Client.getRpcResponse(Client.java:1577)
	at org.apache.hadoop.ipc.Client.call(Client.java:1519)
	at org.apache.hadoop.ipc.Client.call(Client.java:1416)
	at org.apache.hadoop.ipc.ProtobufRpcEngine$Invoker.invoke(ProtobufRpcEngine.java:236)
	at org.apache.hadoop.ipc.ProtobufRpcEngine$Invoker.invoke(ProtobufRpcEngine.java:123)
	at com.sun.proxy.$Proxy51.submitRequest(Unknown Source)
	at org.apache.hadoop.ozone.protocolPB.StorageContainerDatanodeProtocolClientSideTranslatorPB.submitRequest(StorageContainerDatanodeProtocolClientSideTranslatorPB.java:117)
	at org.apache.hadoop.ozone.protocolPB.StorageContainerDatanodeProtocolClientSideTranslatorPB.sendHeartbeat(StorageContainerDatanodeProtocolClientSideTranslatorPB.java:149)
	at org.apache.hadoop.ozone.container.common.states.endpoint.HeartbeatEndpointTask.call(HeartbeatEndpointTask.java:185)
	at org.apache.hadoop.ozone.container.common.states.endpoint.HeartbeatEndpointTask.call(HeartbeatEndpointTask.java:87)
	at java.util.concurrent.FutureTask.run(FutureTask.java:266)
	at java.util.concurrent.ThreadPoolExecutor.runWorker(ThreadPoolExecutor.java:1149)
	at java.util.concurrent.ThreadPoolExecutor$Worker.run(ThreadPoolExecutor.java:624)
	at java.lang.Thread.run(Thread.java:750)
Caused by: java.net.ConnectException: Connection refused
	at sun.nio.ch.SocketChannelImpl.checkConnect(Native Method)
	at sun.nio.ch.SocketChannelImpl.finishConnect(SocketChannelImpl.java:716)
	at org.apache.hadoop.net.SocketIOWithTimeout.connect(SocketIOWithTimeout.java:206)
	at org.apache.hadoop.net.NetUtils.connect(NetUtils.java:586)
	at org.apache.hadoop.ipc.Client$Connection.setupConnection(Client.java:701)
	at org.apache.hadoop.ipc.Client$Connection.setupIOstreams(Client.java:822)
	at org.apache.hadoop.ipc.Client$Connection.access$3800(Client.java:414)
	at org.apache.hadoop.ipc.Client.getConnection(Client.java:1647)
	at org.apache.hadoop.ipc.Client.call(Client.java:1463)
	... 12 more
2022-08-14 01:45:18,344 [EndpointStateMachine task thread for /127.0.0.1:33939 - 0 ] INFO  ipc.Client (Client.java:handleConnectionFailure(977)) - Retrying connect to server: localhost/127.0.0.1:33939. Already tried 14 time(s); retry policy is RetryUpToMaximumCountWithFixedSleep(maxRetries=15, sleepTime=1000 MILLISECONDS)
2022-08-14 01:45:18,353 [EndpointStateMachine task thread for /127.0.0.1:33939 - 0 ] WARN  statemachine.EndpointStateMachine (EndpointStateMachine.java:logIfNeeded(236)) - Unable to communicate to SCM server at localhost:33939 for past 0 seconds.
java.net.ConnectException: Call From fv-az372-557/10.1.0.7 to localhost:33939 failed on connection exception: java.net.ConnectException: Connection refused; For more details see:  http://wiki.apache.org/hadoop/ConnectionRefused
	at sun.reflect.NativeConstructorAccessorImpl.newInstance0(Native Method)
	at sun.reflect.NativeConstructorAccessorImpl.newInstance(NativeConstructorAccessorImpl.java:62)
	at sun.reflect.DelegatingConstructorAccessorImpl.newInstance(DelegatingConstructorAccessorImpl.java:45)
	at java.lang.reflect.Constructor.newInstance(Constructor.java:423)
	at org.apache.hadoop.net.NetUtils.wrapWithMessage(NetUtils.java:913)
	at org.apache.hadoop.net.NetUtils.wrapException(NetUtils.java:828)
	at org.apache.hadoop.ipc.Client.getRpcResponse(Client.java:1577)
	at org.apache.hadoop.ipc.Client.call(Client.java:1519)
	at org.apache.hadoop.ipc.Client.call(Client.java:1416)
	at org.apache.hadoop.ipc.ProtobufRpcEngine$Invoker.invoke(ProtobufRpcEngine.java:236)
	at org.apache.hadoop.ipc.ProtobufRpcEngine$Invoker.invoke(ProtobufRpcEngine.java:123)
	at com.sun.proxy.$Proxy51.submitRequest(Unknown Source)
	at org.apache.hadoop.ozone.protocolPB.StorageContainerDatanodeProtocolClientSideTranslatorPB.submitRequest(StorageContainerDatanodeProtocolClientSideTranslatorPB.java:117)
	at org.apache.hadoop.ozone.protocolPB.StorageContainerDatanodeProtocolClientSideTranslatorPB.sendHeartbeat(StorageContainerDatanodeProtocolClientSideTranslatorPB.java:149)
	at org.apache.hadoop.ozone.container.common.states.endpoint.HeartbeatEndpointTask.call(HeartbeatEndpointTask.java:185)
	at org.apache.hadoop.ozone.container.common.states.endpoint.HeartbeatEndpointTask.call(HeartbeatEndpointTask.java:87)
	at java.util.concurrent.FutureTask.run(FutureTask.java:266)
	at java.util.concurrent.ThreadPoolExecutor.runWorker(ThreadPoolExecutor.java:1149)
	at java.util.concurrent.ThreadPoolExecutor$Worker.run(ThreadPoolExecutor.java:624)
	at java.lang.Thread.run(Thread.java:750)
Caused by: java.net.ConnectException: Connection refused
	at sun.nio.ch.SocketChannelImpl.checkConnect(Native Method)
	at sun.nio.ch.SocketChannelImpl.finishConnect(SocketChannelImpl.java:716)
	at org.apache.hadoop.net.SocketIOWithTimeout.connect(SocketIOWithTimeout.java:206)
	at org.apache.hadoop.net.NetUtils.connect(NetUtils.java:586)
	at org.apache.hadoop.ipc.Client$Connection.setupConnection(Client.java:701)
	at org.apache.hadoop.ipc.Client$Connection.setupIOstreams(Client.java:822)
	at org.apache.hadoop.ipc.Client$Connection.access$3800(Client.java:414)
	at org.apache.hadoop.ipc.Client.getConnection(Client.java:1647)
	at org.apache.hadoop.ipc.Client.call(Client.java:1463)
	... 12 more
2022-08-14 01:45:19,252 [Listener at 127.0.0.1/45525] INFO  ozoneimpl.OzoneContainer (OzoneContainer.java:stop(399)) - Attempting to stop container services.
2022-08-14 01:45:19,253 [Listener at 127.0.0.1/45525] INFO  server.RaftServer (RaftServerProxy.java:lambda$close$7(398)) - 937647e2-067d-42aa-a021-6dbfe1bbf122: close
2022-08-14 01:45:19,260 [Listener at 127.0.0.1/45525] INFO  server.RaftServer$Division (RaftServerImpl.java:lambda$close$4(434)) - 937647e2-067d-42aa-a021-6dbfe1bbf122@group-344A709C3956: shutdown
2022-08-14 01:45:19,260 [ForkJoinPool.commonPool-worker-0] INFO  server.RaftServer$Division (RaftServerImpl.java:lambda$close$4(434)) - 937647e2-067d-42aa-a021-6dbfe1bbf122@group-4DC7C54E625A: shutdown
2022-08-14 01:45:19,260 [Listener at 127.0.0.1/45525] INFO  util.JmxRegister (JmxRegister.java:unregister(73)) - Successfully un-registered JMX Bean with object name Ratis:service=RaftServer,group=group-344A709C3956,id=937647e2-067d-42aa-a021-6dbfe1bbf122
2022-08-14 01:45:19,260 [ForkJoinPool.commonPool-worker-0] INFO  util.JmxRegister (JmxRegister.java:unregister(73)) - Successfully un-registered JMX Bean with object name Ratis:service=RaftServer,group=group-4DC7C54E625A,id=937647e2-067d-42aa-a021-6dbfe1bbf122
2022-08-14 01:45:19,260 [Listener at 127.0.0.1/45525] INFO  impl.RoleInfo (RoleInfo.java:shutdownFollowerState(110)) - 937647e2-067d-42aa-a021-6dbfe1bbf122: shutdown 937647e2-067d-42aa-a021-6dbfe1bbf122@group-344A709C3956-FollowerState
2022-08-14 01:45:19,260 [ForkJoinPool.commonPool-worker-0] INFO  impl.RoleInfo (RoleInfo.java:shutdownLeaderState(93)) - 937647e2-067d-42aa-a021-6dbfe1bbf122: shutdown 937647e2-067d-42aa-a021-6dbfe1bbf122@group-4DC7C54E625A-LeaderStateImpl
2022-08-14 01:45:19,261 [937647e2-067d-42aa-a021-6dbfe1bbf122@group-344A709C3956-StateMachineUpdater] INFO  ratis.ContainerStateMachine (ContainerStateMachine.java:takeSnapshot(304)) - group-344A709C3956: Taking a snapshot at:(t:3, i:0) file /home/runner/work/ozone/ozone/hadoop-ozone/integration-test/target/test-dir/MiniOzoneClusterImpl-8ae01b46-865b-4b2e-8bfc-774eabe7d98c/datanode-2/data/ratis/3d0310a6-01ac-4418-a2f2-344a709c3956/sm/snapshot.3_0
2022-08-14 01:45:19,261 [937647e2-067d-42aa-a021-6dbfe1bbf122@group-344A709C3956-FollowerState] INFO  impl.FollowerState (FollowerState.java:run(152)) - 937647e2-067d-42aa-a021-6dbfe1bbf122@group-344A709C3956-FollowerState was interrupted
2022-08-14 01:45:19,261 [Listener at 127.0.0.1/45525] INFO  impl.StateMachineUpdater (StateMachineUpdater.java:stopAndJoin(153)) - 937647e2-067d-42aa-a021-6dbfe1bbf122@group-344A709C3956-StateMachineUpdater: set stopIndex = 0
2022-08-14 01:45:19,265 [937647e2-067d-42aa-a021-6dbfe1bbf122@group-344A709C3956-StateMachineUpdater] INFO  ratis.ContainerStateMachine (ContainerStateMachine.java:takeSnapshot(315)) - group-344A709C3956: Finished taking a snapshot at:(t:3, i:0) file:/home/runner/work/ozone/ozone/hadoop-ozone/integration-test/target/test-dir/MiniOzoneClusterImpl-8ae01b46-865b-4b2e-8bfc-774eabe7d98c/datanode-2/data/ratis/3d0310a6-01ac-4418-a2f2-344a709c3956/sm/snapshot.3_0 took: 4 ms
2022-08-14 01:45:19,265 [937647e2-067d-42aa-a021-6dbfe1bbf122@group-344A709C3956-StateMachineUpdater] INFO  impl.StateMachineUpdater (StateMachineUpdater.java:takeSnapshot(287)) - 937647e2-067d-42aa-a021-6dbfe1bbf122@group-344A709C3956-StateMachineUpdater: Took a snapshot at index 0
2022-08-14 01:45:19,265 [937647e2-067d-42aa-a021-6dbfe1bbf122@group-344A709C3956-StateMachineUpdater] INFO  impl.StateMachineUpdater (StateMachineUpdater.java:lambda$new$0(92)) - 937647e2-067d-42aa-a021-6dbfe1bbf122@group-344A709C3956-StateMachineUpdater: snapshotIndex: updateIncreasingly -1 -> 0
2022-08-14 01:45:19,266 [Listener at 127.0.0.1/45525] INFO  server.RaftServer$Division (ServerState.java:close(429)) - 937647e2-067d-42aa-a021-6dbfe1bbf122@group-344A709C3956: closes. applyIndex: 0
2022-08-14 01:45:19,266 [937647e2-067d-42aa-a021-6dbfe1bbf122@group-344A709C3956-SegmentedRaftLogWorker] INFO  segmented.SegmentedRaftLogWorker (SegmentedRaftLogWorker.java:run(336)) - 937647e2-067d-42aa-a021-6dbfe1bbf122@group-344A709C3956-SegmentedRaftLogWorker was interrupted, exiting. There are 0 tasks remaining in the queue.
2022-08-14 01:45:19,266 [ForkJoinPool.commonPool-worker-0] INFO  impl.PendingRequests (PendingRequests.java:sendNotLeaderResponses(282)) - 937647e2-067d-42aa-a021-6dbfe1bbf122@group-4DC7C54E625A-PendingRequests: sendNotLeaderResponses
2022-08-14 01:45:19,269 [Listener at 127.0.0.1/45525] INFO  segmented.SegmentedRaftLogWorker (SegmentedRaftLogWorker.java:close(246)) - 937647e2-067d-42aa-a021-6dbfe1bbf122@group-344A709C3956-SegmentedRaftLogWorker close()
2022-08-14 01:45:19,271 [937647e2-067d-42aa-a021-6dbfe1bbf122@group-4DC7C54E625A-StateMachineUpdater] INFO  ratis.ContainerStateMachine (ContainerStateMachine.java:takeSnapshot(304)) - group-4DC7C54E625A: Taking a snapshot at:(t:1, i:0) file /home/runner/work/ozone/ozone/hadoop-ozone/integration-test/target/test-dir/MiniOzoneClusterImpl-8ae01b46-865b-4b2e-8bfc-774eabe7d98c/datanode-2/data/ratis/5c5561e6-15bb-4a2a-a599-4dc7c54e625a/sm/snapshot.1_0
2022-08-14 01:45:19,271 [ForkJoinPool.commonPool-worker-0] INFO  impl.StateMachineUpdater (StateMachineUpdater.java:stopAndJoin(153)) - 937647e2-067d-42aa-a021-6dbfe1bbf122@group-4DC7C54E625A-StateMachineUpdater: set stopIndex = 0
2022-08-14 01:45:19,272 [937647e2-067d-42aa-a021-6dbfe1bbf122@group-4DC7C54E625A-StateMachineUpdater] INFO  ratis.ContainerStateMachine (ContainerStateMachine.java:takeSnapshot(315)) - group-4DC7C54E625A: Finished taking a snapshot at:(t:1, i:0) file:/home/runner/work/ozone/ozone/hadoop-ozone/integration-test/target/test-dir/MiniOzoneClusterImpl-8ae01b46-865b-4b2e-8bfc-774eabe7d98c/datanode-2/data/ratis/5c5561e6-15bb-4a2a-a599-4dc7c54e625a/sm/snapshot.1_0 took: 1 ms
2022-08-14 01:45:19,272 [937647e2-067d-42aa-a021-6dbfe1bbf122@group-4DC7C54E625A-StateMachineUpdater] INFO  impl.StateMachineUpdater (StateMachineUpdater.java:takeSnapshot(287)) - 937647e2-067d-42aa-a021-6dbfe1bbf122@group-4DC7C54E625A-StateMachineUpdater: Took a snapshot at index 0
2022-08-14 01:45:19,272 [937647e2-067d-42aa-a021-6dbfe1bbf122@group-4DC7C54E625A-StateMachineUpdater] INFO  impl.StateMachineUpdater (StateMachineUpdater.java:lambda$new$0(92)) - 937647e2-067d-42aa-a021-6dbfe1bbf122@group-4DC7C54E625A-StateMachineUpdater: snapshotIndex: updateIncreasingly -1 -> 0
2022-08-14 01:45:19,272 [ForkJoinPool.commonPool-worker-0] INFO  server.RaftServer$Division (ServerState.java:close(429)) - 937647e2-067d-42aa-a021-6dbfe1bbf122@group-4DC7C54E625A: closes. applyIndex: 0
2022-08-14 01:45:19,272 [937647e2-067d-42aa-a021-6dbfe1bbf122@group-4DC7C54E625A-SegmentedRaftLogWorker] INFO  segmented.SegmentedRaftLogWorker (SegmentedRaftLogWorker.java:run(336)) - 937647e2-067d-42aa-a021-6dbfe1bbf122@group-4DC7C54E625A-SegmentedRaftLogWorker was interrupted, exiting. There are 0 tasks remaining in the queue.
2022-08-14 01:45:19,273 [ForkJoinPool.commonPool-worker-0] INFO  segmented.SegmentedRaftLogWorker (SegmentedRaftLogWorker.java:close(246)) - 937647e2-067d-42aa-a021-6dbfe1bbf122@group-4DC7C54E625A-SegmentedRaftLogWorker close()
2022-08-14 01:45:19,273 [ForkJoinPool.commonPool-worker-0] INFO  server.RaftServer$Division (RaftServerImpl.java:lambda$close$4(434)) - 937647e2-067d-42aa-a021-6dbfe1bbf122@group-F49552B7F4B3: shutdown
2022-08-14 01:45:19,273 [ForkJoinPool.commonPool-worker-0] INFO  util.JmxRegister (JmxRegister.java:unregister(73)) - Successfully un-registered JMX Bean with object name Ratis:service=RaftServer,group=group-F49552B7F4B3,id=937647e2-067d-42aa-a021-6dbfe1bbf122
2022-08-14 01:45:19,273 [ForkJoinPool.commonPool-worker-0] INFO  impl.RoleInfo (RoleInfo.java:shutdownFollowerState(110)) - 937647e2-067d-42aa-a021-6dbfe1bbf122: shutdown 937647e2-067d-42aa-a021-6dbfe1bbf122@group-F49552B7F4B3-FollowerState
2022-08-14 01:45:19,273 [937647e2-067d-42aa-a021-6dbfe1bbf122@group-F49552B7F4B3-FollowerState] INFO  impl.FollowerState (FollowerState.java:run(152)) - 937647e2-067d-42aa-a021-6dbfe1bbf122@group-F49552B7F4B3-FollowerState was interrupted
2022-08-14 01:45:19,274 [937647e2-067d-42aa-a021-6dbfe1bbf122@group-F49552B7F4B3-StateMachineUpdater] INFO  ratis.ContainerStateMachine (ContainerStateMachine.java:takeSnapshot(304)) - group-F49552B7F4B3: Taking a snapshot at:(t:4, i:0) file /home/runner/work/ozone/ozone/hadoop-ozone/integration-test/target/test-dir/MiniOzoneClusterImpl-8ae01b46-865b-4b2e-8bfc-774eabe7d98c/datanode-2/data/ratis/f0c1d113-097f-480f-ae1f-f49552b7f4b3/sm/snapshot.4_0
2022-08-14 01:45:19,274 [937647e2-067d-42aa-a021-6dbfe1bbf122@group-F49552B7F4B3-StateMachineUpdater] INFO  ratis.ContainerStateMachine (ContainerStateMachine.java:takeSnapshot(315)) - group-F49552B7F4B3: Finished taking a snapshot at:(t:4, i:0) file:/home/runner/work/ozone/ozone/hadoop-ozone/integration-test/target/test-dir/MiniOzoneClusterImpl-8ae01b46-865b-4b2e-8bfc-774eabe7d98c/datanode-2/data/ratis/f0c1d113-097f-480f-ae1f-f49552b7f4b3/sm/snapshot.4_0 took: 1 ms
2022-08-14 01:45:19,275 [937647e2-067d-42aa-a021-6dbfe1bbf122@group-F49552B7F4B3-StateMachineUpdater] INFO  impl.StateMachineUpdater (StateMachineUpdater.java:takeSnapshot(287)) - 937647e2-067d-42aa-a021-6dbfe1bbf122@group-F49552B7F4B3-StateMachineUpdater: Took a snapshot at index 0
2022-08-14 01:45:19,275 [937647e2-067d-42aa-a021-6dbfe1bbf122@group-F49552B7F4B3-StateMachineUpdater] INFO  impl.StateMachineUpdater (StateMachineUpdater.java:lambda$new$0(92)) - 937647e2-067d-42aa-a021-6dbfe1bbf122@group-F49552B7F4B3-StateMachineUpdater: snapshotIndex: updateIncreasingly -1 -> 0
2022-08-14 01:45:19,276 [ForkJoinPool.commonPool-worker-0] INFO  impl.StateMachineUpdater (StateMachineUpdater.java:stopAndJoin(153)) - 937647e2-067d-42aa-a021-6dbfe1bbf122@group-F49552B7F4B3-StateMachineUpdater: set stopIndex = 0
2022-08-14 01:45:19,276 [ForkJoinPool.commonPool-worker-0] INFO  server.RaftServer$Division (ServerState.java:close(429)) - 937647e2-067d-42aa-a021-6dbfe1bbf122@group-F49552B7F4B3: closes. applyIndex: 0
2022-08-14 01:45:19,277 [937647e2-067d-42aa-a021-6dbfe1bbf122@group-F49552B7F4B3-SegmentedRaftLogWorker] INFO  segmented.SegmentedRaftLogWorker (SegmentedRaftLogWorker.java:run(336)) - 937647e2-067d-42aa-a021-6dbfe1bbf122@group-F49552B7F4B3-SegmentedRaftLogWorker was interrupted, exiting. There are 0 tasks remaining in the queue.
2022-08-14 01:45:19,277 [ForkJoinPool.commonPool-worker-0] INFO  segmented.SegmentedRaftLogWorker (SegmentedRaftLogWorker.java:close(246)) - 937647e2-067d-42aa-a021-6dbfe1bbf122@group-F49552B7F4B3-SegmentedRaftLogWorker close()
2022-08-14 01:45:19,281 [Listener at 127.0.0.1/45525] INFO  server.GrpcService (GrpcService.java:closeImpl(269)) - 937647e2-067d-42aa-a021-6dbfe1bbf122: shutdown server with port 42293 now
2022-08-14 01:45:19,283 [Listener at 127.0.0.1/45525] INFO  server.GrpcService (GrpcService.java:closeImpl(278)) - 937647e2-067d-42aa-a021-6dbfe1bbf122: shutdown server with port 42293 successfully
2022-08-14 01:45:19,283 [org.apache.ratis.util.JvmPauseMonitor$$Lambda$519/202110677@7112ce8f] INFO  util.JvmPauseMonitor (JvmPauseMonitor.java:run(109)) - JvmPauseMonitor-937647e2-067d-42aa-a021-6dbfe1bbf122: Stopped
2022-08-14 01:45:19,345 [EndpointStateMachine task thread for /127.0.0.1:40129 - 0 ] INFO  ipc.Client (Client.java:handleConnectionFailure(977)) - Retrying connect to server: localhost/127.0.0.1:40129. Already tried 0 time(s); retry policy is RetryUpToMaximumCountWithFixedSleep(maxRetries=15, sleepTime=1000 MILLISECONDS)
2022-08-14 01:45:19,346 [EndpointStateMachine task thread for /127.0.0.1:34931 - 0 ] INFO  ipc.Client (Client.java:handleConnectionFailure(977)) - Retrying connect to server: localhost/127.0.0.1:34931. Already tried 0 time(s); retry policy is RetryUpToMaximumCountWithFixedSleep(maxRetries=15, sleepTime=1000 MILLISECONDS)
2022-08-14 01:45:19,353 [EndpointStateMachine task thread for /127.0.0.1:33939 - 0 ] INFO  ipc.Client (Client.java:handleConnectionFailure(977)) - Retrying connect to server: localhost/127.0.0.1:33939. Already tried 0 time(s); retry policy is RetryUpToMaximumCountWithFixedSleep(maxRetries=15, sleepTime=1000 MILLISECONDS)
2022-08-14 01:45:20,345 [EndpointStateMachine task thread for /127.0.0.1:40129 - 0 ] INFO  ipc.Client (Client.java:handleConnectionFailure(977)) - Retrying connect to server: localhost/127.0.0.1:40129. Already tried 1 time(s); retry policy is RetryUpToMaximumCountWithFixedSleep(maxRetries=15, sleepTime=1000 MILLISECONDS)
2022-08-14 01:45:20,347 [EndpointStateMachine task thread for /127.0.0.1:34931 - 0 ] INFO  ipc.Client (Client.java:handleConnectionFailure(977)) - Retrying connect to server: localhost/127.0.0.1:34931. Already tried 1 time(s); retry policy is RetryUpToMaximumCountWithFixedSleep(maxRetries=15, sleepTime=1000 MILLISECONDS)
2022-08-14 01:45:20,354 [EndpointStateMachine task thread for /127.0.0.1:33939 - 0 ] INFO  ipc.Client (Client.java:handleConnectionFailure(977)) - Retrying connect to server: localhost/127.0.0.1:33939. Already tried 1 time(s); retry policy is RetryUpToMaximumCountWithFixedSleep(maxRetries=15, sleepTime=1000 MILLISECONDS)
2022-08-14 01:45:21,301 [Listener at 127.0.0.1/45525] INFO  utils.BackgroundService (BackgroundService.java:shutdown(141)) - Shutting down service BlockDeletingService
2022-08-14 01:45:21,304 [Listener at 127.0.0.1/45525] INFO  utils.BackgroundService (BackgroundService.java:shutdown(141)) - Shutting down service StaleRecoveringContainerScrubbingService
2022-08-14 01:45:21,346 [EndpointStateMachine task thread for /127.0.0.1:40129 - 0 ] INFO  ipc.Client (Client.java:handleConnectionFailure(977)) - Retrying connect to server: localhost/127.0.0.1:40129. Already tried 2 time(s); retry policy is RetryUpToMaximumCountWithFixedSleep(maxRetries=15, sleepTime=1000 MILLISECONDS)
2022-08-14 01:45:21,347 [EndpointStateMachine task thread for /127.0.0.1:34931 - 0 ] INFO  ipc.Client (Client.java:handleConnectionFailure(977)) - Retrying connect to server: localhost/127.0.0.1:34931. Already tried 2 time(s); retry policy is RetryUpToMaximumCountWithFixedSleep(maxRetries=15, sleepTime=1000 MILLISECONDS)
2022-08-14 01:45:21,354 [EndpointStateMachine task thread for /127.0.0.1:33939 - 0 ] INFO  ipc.Client (Client.java:handleConnectionFailure(977)) - Retrying connect to server: localhost/127.0.0.1:33939. Already tried 2 time(s); retry policy is RetryUpToMaximumCountWithFixedSleep(maxRetries=15, sleepTime=1000 MILLISECONDS)
2022-08-14 01:45:22,347 [EndpointStateMachine task thread for /127.0.0.1:40129 - 0 ] INFO  ipc.Client (Client.java:handleConnectionFailure(977)) - Retrying connect to server: localhost/127.0.0.1:40129. Already tried 3 time(s); retry policy is RetryUpToMaximumCountWithFixedSleep(maxRetries=15, sleepTime=1000 MILLISECONDS)
2022-08-14 01:45:22,347 [EndpointStateMachine task thread for /127.0.0.1:34931 - 0 ] INFO  ipc.Client (Client.java:handleConnectionFailure(977)) - Retrying connect to server: localhost/127.0.0.1:34931. Already tried 3 time(s); retry policy is RetryUpToMaximumCountWithFixedSleep(maxRetries=15, sleepTime=1000 MILLISECONDS)
2022-08-14 01:45:22,354 [EndpointStateMachine task thread for /127.0.0.1:33939 - 0 ] INFO  ipc.Client (Client.java:handleConnectionFailure(977)) - Retrying connect to server: localhost/127.0.0.1:33939. Already tried 3 time(s); retry policy is RetryUpToMaximumCountWithFixedSleep(maxRetries=15, sleepTime=1000 MILLISECONDS)
2022-08-14 01:45:23,347 [EndpointStateMachine task thread for /127.0.0.1:40129 - 0 ] INFO  ipc.Client (Client.java:handleConnectionFailure(977)) - Retrying connect to server: localhost/127.0.0.1:40129. Already tried 4 time(s); retry policy is RetryUpToMaximumCountWithFixedSleep(maxRetries=15, sleepTime=1000 MILLISECONDS)
2022-08-14 01:45:23,348 [EndpointStateMachine task thread for /127.0.0.1:34931 - 0 ] INFO  ipc.Client (Client.java:handleConnectionFailure(977)) - Retrying connect to server: localhost/127.0.0.1:34931. Already tried 4 time(s); retry policy is RetryUpToMaximumCountWithFixedSleep(maxRetries=15, sleepTime=1000 MILLISECONDS)
2022-08-14 01:45:23,355 [EndpointStateMachine task thread for /127.0.0.1:33939 - 0 ] INFO  ipc.Client (Client.java:handleConnectionFailure(977)) - Retrying connect to server: localhost/127.0.0.1:33939. Already tried 4 time(s); retry policy is RetryUpToMaximumCountWithFixedSleep(maxRetries=15, sleepTime=1000 MILLISECONDS)
2022-08-14 01:45:24,306 [Listener at 127.0.0.1/45525] INFO  statemachine.DatanodeStateMachine (DatanodeStateMachine.java:stopDaemon(580)) - Ozone container server stopped.
2022-08-14 01:45:24,322 [Listener at 127.0.0.1/45525] INFO  handler.ContextHandler (ContextHandler.java:doStop(1153)) - Stopped o.e.j.w.WebAppContext@55d7e2fe{hddsDatanode,/,null,STOPPED}{jar:file:/home/runner/.m2/repository/org/apache/ozone/hdds-container-service/1.3.0-SNAPSHOT/hdds-container-service-1.3.0-SNAPSHOT.jar!/webapps/hddsDatanode}
2022-08-14 01:45:24,333 [Listener at 127.0.0.1/45525] INFO  server.AbstractConnector (AbstractConnector.java:doStop(381)) - Stopped ServerConnector@4332e5a5{HTTP/1.1, (http/1.1)}{0.0.0.0:0}
2022-08-14 01:45:24,333 [Listener at 127.0.0.1/45525] INFO  server.session (HouseKeeper.java:stopScavenging(149)) - node0 Stopped scavenging
2022-08-14 01:45:24,334 [Listener at 127.0.0.1/45525] INFO  handler.ContextHandler (ContextHandler.java:doStop(1153)) - Stopped o.e.j.s.ServletContextHandler@604014e4{static,/static,jar:file:/home/runner/.m2/repository/org/apache/ozone/hdds-container-service/1.3.0-SNAPSHOT/hdds-container-service-1.3.0-SNAPSHOT.jar!/webapps/static,STOPPED}
2022-08-14 01:45:24,334 [Listener at 127.0.0.1/45525] INFO  handler.ContextHandler (ContextHandler.java:doStop(1153)) - Stopped o.e.j.s.ServletContextHandler@7192d752{logs,/logs,file:///home/runner/work/ozone/ozone/hadoop-ozone/integration-test/target/log,STOPPED}
2022-08-14 01:45:24,348 [EndpointStateMachine task thread for /127.0.0.1:34931 - 0 ] INFO  ipc.Client (Client.java:handleConnectionFailure(977)) - Retrying connect to server: localhost/127.0.0.1:34931. Already tried 5 time(s); retry policy is RetryUpToMaximumCountWithFixedSleep(maxRetries=15, sleepTime=1000 MILLISECONDS)
2022-08-14 01:45:24,349 [EndpointStateMachine task thread for /127.0.0.1:40129 - 0 ] INFO  ipc.Client (Client.java:handleConnectionFailure(977)) - Retrying connect to server: localhost/127.0.0.1:40129. Already tried 5 time(s); retry policy is RetryUpToMaximumCountWithFixedSleep(maxRetries=15, sleepTime=1000 MILLISECONDS)
2022-08-14 01:45:24,355 [EndpointStateMachine task thread for /127.0.0.1:33939 - 0 ] INFO  ipc.Client (Client.java:handleConnectionFailure(977)) - Retrying connect to server: localhost/127.0.0.1:33939. Already tried 5 time(s); retry policy is RetryUpToMaximumCountWithFixedSleep(maxRetries=15, sleepTime=1000 MILLISECONDS)
2022-08-14 01:45:25,349 [EndpointStateMachine task thread for /127.0.0.1:34931 - 0 ] INFO  ipc.Client (Client.java:handleConnectionFailure(977)) - Retrying connect to server: localhost/127.0.0.1:34931. Already tried 6 time(s); retry policy is RetryUpToMaximumCountWithFixedSleep(maxRetries=15, sleepTime=1000 MILLISECONDS)
2022-08-14 01:45:25,350 [EndpointStateMachine task thread for /127.0.0.1:40129 - 0 ] INFO  ipc.Client (Client.java:handleConnectionFailure(977)) - Retrying connect to server: localhost/127.0.0.1:40129. Already tried 6 time(s); retry policy is RetryUpToMaximumCountWithFixedSleep(maxRetries=15, sleepTime=1000 MILLISECONDS)
2022-08-14 01:45:25,356 [EndpointStateMachine task thread for /127.0.0.1:33939 - 0 ] INFO  ipc.Client (Client.java:handleConnectionFailure(977)) - Retrying connect to server: localhost/127.0.0.1:33939. Already tried 6 time(s); retry policy is RetryUpToMaximumCountWithFixedSleep(maxRetries=15, sleepTime=1000 MILLISECONDS)
2022-08-14 01:45:26,350 [EndpointStateMachine task thread for /127.0.0.1:34931 - 0 ] INFO  ipc.Client (Client.java:handleConnectionFailure(977)) - Retrying connect to server: localhost/127.0.0.1:34931. Already tried 7 time(s); retry policy is RetryUpToMaximumCountWithFixedSleep(maxRetries=15, sleepTime=1000 MILLISECONDS)
2022-08-14 01:45:26,350 [EndpointStateMachine task thread for /127.0.0.1:40129 - 0 ] INFO  ipc.Client (Client.java:handleConnectionFailure(977)) - Retrying connect to server: localhost/127.0.0.1:40129. Already tried 7 time(s); retry policy is RetryUpToMaximumCountWithFixedSleep(maxRetries=15, sleepTime=1000 MILLISECONDS)
2022-08-14 01:45:26,356 [EndpointStateMachine task thread for /127.0.0.1:33939 - 0 ] INFO  ipc.Client (Client.java:handleConnectionFailure(977)) - Retrying connect to server: localhost/127.0.0.1:33939. Already tried 7 time(s); retry policy is RetryUpToMaximumCountWithFixedSleep(maxRetries=15, sleepTime=1000 MILLISECONDS)
2022-08-14 01:45:27,350 [EndpointStateMachine task thread for /127.0.0.1:34931 - 0 ] INFO  ipc.Client (Client.java:handleConnectionFailure(977)) - Retrying connect to server: localhost/127.0.0.1:34931. Already tried 8 time(s); retry policy is RetryUpToMaximumCountWithFixedSleep(maxRetries=15, sleepTime=1000 MILLISECONDS)
2022-08-14 01:45:27,351 [EndpointStateMachine task thread for /127.0.0.1:40129 - 0 ] INFO  ipc.Client (Client.java:handleConnectionFailure(977)) - Retrying connect to server: localhost/127.0.0.1:40129. Already tried 8 time(s); retry policy is RetryUpToMaximumCountWithFixedSleep(maxRetries=15, sleepTime=1000 MILLISECONDS)
2022-08-14 01:45:27,357 [EndpointStateMachine task thread for /127.0.0.1:33939 - 0 ] INFO  ipc.Client (Client.java:handleConnectionFailure(977)) - Retrying connect to server: localhost/127.0.0.1:33939. Already tried 8 time(s); retry policy is RetryUpToMaximumCountWithFixedSleep(maxRetries=15, sleepTime=1000 MILLISECONDS)
2022-08-14 01:45:28,351 [EndpointStateMachine task thread for /127.0.0.1:34931 - 0 ] INFO  ipc.Client (Client.java:handleConnectionFailure(977)) - Retrying connect to server: localhost/127.0.0.1:34931. Already tried 9 time(s); retry policy is RetryUpToMaximumCountWithFixedSleep(maxRetries=15, sleepTime=1000 MILLISECONDS)
2022-08-14 01:45:28,351 [EndpointStateMachine task thread for /127.0.0.1:40129 - 0 ] INFO  ipc.Client (Client.java:handleConnectionFailure(977)) - Retrying connect to server: localhost/127.0.0.1:40129. Already tried 9 time(s); retry policy is RetryUpToMaximumCountWithFixedSleep(maxRetries=15, sleepTime=1000 MILLISECONDS)
2022-08-14 01:45:28,357 [EndpointStateMachine task thread for /127.0.0.1:33939 - 0 ] INFO  ipc.Client (Client.java:handleConnectionFailure(977)) - Retrying connect to server: localhost/127.0.0.1:33939. Already tried 9 time(s); retry policy is RetryUpToMaximumCountWithFixedSleep(maxRetries=15, sleepTime=1000 MILLISECONDS)
2022-08-14 01:45:29,352 [EndpointStateMachine task thread for /127.0.0.1:40129 - 0 ] INFO  ipc.Client (Client.java:handleConnectionFailure(977)) - Retrying connect to server: localhost/127.0.0.1:40129. Already tried 10 time(s); retry policy is RetryUpToMaximumCountWithFixedSleep(maxRetries=15, sleepTime=1000 MILLISECONDS)
2022-08-14 01:45:29,353 [EndpointStateMachine task thread for /127.0.0.1:34931 - 0 ] INFO  ipc.Client (Client.java:handleConnectionFailure(977)) - Retrying connect to server: localhost/127.0.0.1:34931. Already tried 10 time(s); retry policy is RetryUpToMaximumCountWithFixedSleep(maxRetries=15, sleepTime=1000 MILLISECONDS)
2022-08-14 01:45:29,358 [EndpointStateMachine task thread for /127.0.0.1:33939 - 0 ] INFO  ipc.Client (Client.java:handleConnectionFailure(977)) - Retrying connect to server: localhost/127.0.0.1:33939. Already tried 10 time(s); retry policy is RetryUpToMaximumCountWithFixedSleep(maxRetries=15, sleepTime=1000 MILLISECONDS)
2022-08-14 01:45:30,353 [EndpointStateMachine task thread for /127.0.0.1:40129 - 0 ] INFO  ipc.Client (Client.java:handleConnectionFailure(977)) - Retrying connect to server: localhost/127.0.0.1:40129. Already tried 11 time(s); retry policy is RetryUpToMaximumCountWithFixedSleep(maxRetries=15, sleepTime=1000 MILLISECONDS)
2022-08-14 01:45:30,353 [EndpointStateMachine task thread for /127.0.0.1:34931 - 0 ] INFO  ipc.Client (Client.java:handleConnectionFailure(977)) - Retrying connect to server: localhost/127.0.0.1:34931. Already tried 11 time(s); retry policy is RetryUpToMaximumCountWithFixedSleep(maxRetries=15, sleepTime=1000 MILLISECONDS)
2022-08-14 01:45:30,358 [EndpointStateMachine task thread for /127.0.0.1:33939 - 0 ] INFO  ipc.Client (Client.java:handleConnectionFailure(977)) - Retrying connect to server: localhost/127.0.0.1:33939. Already tried 11 time(s); retry policy is RetryUpToMaximumCountWithFixedSleep(maxRetries=15, sleepTime=1000 MILLISECONDS)
2022-08-14 01:45:31,354 [EndpointStateMachine task thread for /127.0.0.1:40129 - 0 ] INFO  ipc.Client (Client.java:handleConnectionFailure(977)) - Retrying connect to server: localhost/127.0.0.1:40129. Already tried 12 time(s); retry policy is RetryUpToMaximumCountWithFixedSleep(maxRetries=15, sleepTime=1000 MILLISECONDS)
2022-08-14 01:45:31,354 [EndpointStateMachine task thread for /127.0.0.1:34931 - 0 ] INFO  ipc.Client (Client.java:handleConnectionFailure(977)) - Retrying connect to server: localhost/127.0.0.1:34931. Already tried 12 time(s); retry policy is RetryUpToMaximumCountWithFixedSleep(maxRetries=15, sleepTime=1000 MILLISECONDS)
2022-08-14 01:45:31,359 [EndpointStateMachine task thread for /127.0.0.1:33939 - 0 ] INFO  ipc.Client (Client.java:handleConnectionFailure(977)) - Retrying connect to server: localhost/127.0.0.1:33939. Already tried 12 time(s); retry policy is RetryUpToMaximumCountWithFixedSleep(maxRetries=15, sleepTime=1000 MILLISECONDS)
2022-08-14 01:45:32,355 [EndpointStateMachine task thread for /127.0.0.1:34931 - 0 ] INFO  ipc.Client (Client.java:handleConnectionFailure(977)) - Retrying connect to server: localhost/127.0.0.1:34931. Already tried 13 time(s); retry policy is RetryUpToMaximumCountWithFixedSleep(maxRetries=15, sleepTime=1000 MILLISECONDS)
2022-08-14 01:45:32,356 [EndpointStateMachine task thread for /127.0.0.1:40129 - 0 ] INFO  ipc.Client (Client.java:handleConnectionFailure(977)) - Retrying connect to server: localhost/127.0.0.1:40129. Already tried 13 time(s); retry policy is RetryUpToMaximumCountWithFixedSleep(maxRetries=15, sleepTime=1000 MILLISECONDS)
2022-08-14 01:45:32,359 [EndpointStateMachine task thread for /127.0.0.1:33939 - 0 ] INFO  ipc.Client (Client.java:handleConnectionFailure(977)) - Retrying connect to server: localhost/127.0.0.1:33939. Already tried 13 time(s); retry policy is RetryUpToMaximumCountWithFixedSleep(maxRetries=15, sleepTime=1000 MILLISECONDS)
2022-08-14 01:45:33,355 [EndpointStateMachine task thread for /127.0.0.1:34931 - 0 ] INFO  ipc.Client (Client.java:handleConnectionFailure(977)) - Retrying connect to server: localhost/127.0.0.1:34931. Already tried 14 time(s); retry policy is RetryUpToMaximumCountWithFixedSleep(maxRetries=15, sleepTime=1000 MILLISECONDS)
2022-08-14 01:45:33,357 [EndpointStateMachine task thread for /127.0.0.1:40129 - 0 ] INFO  ipc.Client (Client.java:handleConnectionFailure(977)) - Retrying connect to server: localhost/127.0.0.1:40129. Already tried 14 time(s); retry policy is RetryUpToMaximumCountWithFixedSleep(maxRetries=15, sleepTime=1000 MILLISECONDS)
2022-08-14 01:45:33,357 [EndpointStateMachine task thread for /127.0.0.1:40129 - 0 ] WARN  statemachine.EndpointStateMachine (EndpointStateMachine.java:logIfNeeded(236)) - Unable to communicate to SCM server at localhost:40129 for past 0 seconds.
java.net.ConnectException: Call From fv-az372-557/10.1.0.7 to localhost:40129 failed on connection exception: java.net.ConnectException: Connection refused; For more details see:  http://wiki.apache.org/hadoop/ConnectionRefused
	at sun.reflect.NativeConstructorAccessorImpl.newInstance0(Native Method)
	at sun.reflect.NativeConstructorAccessorImpl.newInstance(NativeConstructorAccessorImpl.java:62)
	at sun.reflect.DelegatingConstructorAccessorImpl.newInstance(DelegatingConstructorAccessorImpl.java:45)
	at java.lang.reflect.Constructor.newInstance(Constructor.java:423)
	at org.apache.hadoop.net.NetUtils.wrapWithMessage(NetUtils.java:913)
	at org.apache.hadoop.net.NetUtils.wrapException(NetUtils.java:828)
	at org.apache.hadoop.ipc.Client.getRpcResponse(Client.java:1577)
	at org.apache.hadoop.ipc.Client.call(Client.java:1519)
	at org.apache.hadoop.ipc.Client.call(Client.java:1416)
	at org.apache.hadoop.ipc.ProtobufRpcEngine$Invoker.invoke(ProtobufRpcEngine.java:236)
	at org.apache.hadoop.ipc.ProtobufRpcEngine$Invoker.invoke(ProtobufRpcEngine.java:123)
	at com.sun.proxy.$Proxy51.submitRequest(Unknown Source)
	at org.apache.hadoop.ozone.protocolPB.StorageContainerDatanodeProtocolClientSideTranslatorPB.submitRequest(StorageContainerDatanodeProtocolClientSideTranslatorPB.java:117)
	at org.apache.hadoop.ozone.protocolPB.StorageContainerDatanodeProtocolClientSideTranslatorPB.sendHeartbeat(StorageContainerDatanodeProtocolClientSideTranslatorPB.java:149)
	at org.apache.hadoop.ozone.container.common.states.endpoint.HeartbeatEndpointTask.call(HeartbeatEndpointTask.java:185)
	at org.apache.hadoop.ozone.container.common.states.endpoint.HeartbeatEndpointTask.call(HeartbeatEndpointTask.java:87)
	at java.util.concurrent.FutureTask.run(FutureTask.java:266)
	at java.util.concurrent.ThreadPoolExecutor.runWorker(ThreadPoolExecutor.java:1149)
	at java.util.concurrent.ThreadPoolExecutor$Worker.run(ThreadPoolExecutor.java:624)
	at java.lang.Thread.run(Thread.java:750)
Caused by: java.net.ConnectException: Connection refused
	at sun.nio.ch.SocketChannelImpl.checkConnect(Native Method)
	at sun.nio.ch.SocketChannelImpl.finishConnect(SocketChannelImpl.java:716)
	at org.apache.hadoop.net.SocketIOWithTimeout.connect(SocketIOWithTimeout.java:206)
	at org.apache.hadoop.net.NetUtils.connect(NetUtils.java:586)
	at org.apache.hadoop.ipc.Client$Connection.setupConnection(Client.java:701)
	at org.apache.hadoop.ipc.Client$Connection.setupIOstreams(Client.java:822)
	at org.apache.hadoop.ipc.Client$Connection.access$3800(Client.java:414)
	at org.apache.hadoop.ipc.Client.getConnection(Client.java:1647)
	at org.apache.hadoop.ipc.Client.call(Client.java:1463)
	... 12 more
2022-08-14 01:45:33,361 [EndpointStateMachine task thread for /127.0.0.1:33939 - 0 ] INFO  ipc.Client (Client.java:handleConnectionFailure(977)) - Retrying connect to server: localhost/127.0.0.1:33939. Already tried 14 time(s); retry policy is RetryUpToMaximumCountWithFixedSleep(maxRetries=15, sleepTime=1000 MILLISECONDS)
2022-08-14 01:45:33,361 [EndpointStateMachine task thread for /127.0.0.1:33939 - 0 ] WARN  statemachine.EndpointStateMachine (EndpointStateMachine.java:logIfNeeded(236)) - Unable to communicate to SCM server at localhost:33939 for past 0 seconds.
java.net.ConnectException: Call From fv-az372-557/10.1.0.7 to localhost:33939 failed on connection exception: java.net.ConnectException: Connection refused; For more details see:  http://wiki.apache.org/hadoop/ConnectionRefused
	at sun.reflect.NativeConstructorAccessorImpl.newInstance0(Native Method)
	at sun.reflect.NativeConstructorAccessorImpl.newInstance(NativeConstructorAccessorImpl.java:62)
	at sun.reflect.DelegatingConstructorAccessorImpl.newInstance(DelegatingConstructorAccessorImpl.java:45)
	at java.lang.reflect.Constructor.newInstance(Constructor.java:423)
	at org.apache.hadoop.net.NetUtils.wrapWithMessage(NetUtils.java:913)
	at org.apache.hadoop.net.NetUtils.wrapException(NetUtils.java:828)
	at org.apache.hadoop.ipc.Client.getRpcResponse(Client.java:1577)
	at org.apache.hadoop.ipc.Client.call(Client.java:1519)
	at org.apache.hadoop.ipc.Client.call(Client.java:1416)
	at org.apache.hadoop.ipc.ProtobufRpcEngine$Invoker.invoke(ProtobufRpcEngine.java:236)
	at org.apache.hadoop.ipc.ProtobufRpcEngine$Invoker.invoke(ProtobufRpcEngine.java:123)
	at com.sun.proxy.$Proxy51.submitRequest(Unknown Source)
	at org.apache.hadoop.ozone.protocolPB.StorageContainerDatanodeProtocolClientSideTranslatorPB.submitRequest(StorageContainerDatanodeProtocolClientSideTranslatorPB.java:117)
	at org.apache.hadoop.ozone.protocolPB.StorageContainerDatanodeProtocolClientSideTranslatorPB.sendHeartbeat(StorageContainerDatanodeProtocolClientSideTranslatorPB.java:149)
	at org.apache.hadoop.ozone.container.common.states.endpoint.HeartbeatEndpointTask.call(HeartbeatEndpointTask.java:185)
	at org.apache.hadoop.ozone.container.common.states.endpoint.HeartbeatEndpointTask.call(HeartbeatEndpointTask.java:87)
	at java.util.concurrent.FutureTask.run(FutureTask.java:266)
	at java.util.concurrent.ThreadPoolExecutor.runWorker(ThreadPoolExecutor.java:1149)
	at java.util.concurrent.ThreadPoolExecutor$Worker.run(ThreadPoolExecutor.java:624)
	at java.lang.Thread.run(Thread.java:750)
Caused by: java.net.ConnectException: Connection refused
	at sun.nio.ch.SocketChannelImpl.checkConnect(Native Method)
	at sun.nio.ch.SocketChannelImpl.finishConnect(SocketChannelImpl.java:716)
	at org.apache.hadoop.net.SocketIOWithTimeout.connect(SocketIOWithTimeout.java:206)
	at org.apache.hadoop.net.NetUtils.connect(NetUtils.java:586)
	at org.apache.hadoop.ipc.Client$Connection.setupConnection(Client.java:701)
	at org.apache.hadoop.ipc.Client$Connection.setupIOstreams(Client.java:822)
	at org.apache.hadoop.ipc.Client$Connection.access$3800(Client.java:414)
	at org.apache.hadoop.ipc.Client.getConnection(Client.java:1647)
	at org.apache.hadoop.ipc.Client.call(Client.java:1463)
	... 12 more
2022-08-14 01:45:34,357 [EndpointStateMachine task thread for /127.0.0.1:34931 - 0 ] INFO  ipc.Client (Client.java:handleConnectionFailure(977)) - Retrying connect to server: localhost/127.0.0.1:34931. Already tried 0 time(s); retry policy is RetryUpToMaximumCountWithFixedSleep(maxRetries=15, sleepTime=1000 MILLISECONDS)
2022-08-14 01:45:34,358 [EndpointStateMachine task thread for /127.0.0.1:40129 - 0 ] INFO  ipc.Client (Client.java:handleConnectionFailure(977)) - Retrying connect to server: localhost/127.0.0.1:40129. Already tried 0 time(s); retry policy is RetryUpToMaximumCountWithFixedSleep(maxRetries=15, sleepTime=1000 MILLISECONDS)
2022-08-14 01:45:34,362 [EndpointStateMachine task thread for /127.0.0.1:33939 - 0 ] INFO  ipc.Client (Client.java:handleConnectionFailure(977)) - Retrying connect to server: localhost/127.0.0.1:33939. Already tried 0 time(s); retry policy is RetryUpToMaximumCountWithFixedSleep(maxRetries=15, sleepTime=1000 MILLISECONDS)
2022-08-14 01:45:35,358 [EndpointStateMachine task thread for /127.0.0.1:34931 - 0 ] INFO  ipc.Client (Client.java:handleConnectionFailure(977)) - Retrying connect to server: localhost/127.0.0.1:34931. Already tried 1 time(s); retry policy is RetryUpToMaximumCountWithFixedSleep(maxRetries=15, sleepTime=1000 MILLISECONDS)
2022-08-14 01:45:35,358 [EndpointStateMachine task thread for /127.0.0.1:40129 - 0 ] INFO  ipc.Client (Client.java:handleConnectionFailure(977)) - Retrying connect to server: localhost/127.0.0.1:40129. Already tried 1 time(s); retry policy is RetryUpToMaximumCountWithFixedSleep(maxRetries=15, sleepTime=1000 MILLISECONDS)
2022-08-14 01:45:35,362 [EndpointStateMachine task thread for /127.0.0.1:33939 - 0 ] INFO  ipc.Client (Client.java:handleConnectionFailure(977)) - Retrying connect to server: localhost/127.0.0.1:33939. Already tried 1 time(s); retry policy is RetryUpToMaximumCountWithFixedSleep(maxRetries=15, sleepTime=1000 MILLISECONDS)
2022-08-14 01:45:36,359 [EndpointStateMachine task thread for /127.0.0.1:40129 - 0 ] INFO  ipc.Client (Client.java:handleConnectionFailure(977)) - Retrying connect to server: localhost/127.0.0.1:40129. Already tried 2 time(s); retry policy is RetryUpToMaximumCountWithFixedSleep(maxRetries=15, sleepTime=1000 MILLISECONDS)
2022-08-14 01:45:36,360 [EndpointStateMachine task thread for /127.0.0.1:34931 - 0 ] INFO  ipc.Client (Client.java:handleConnectionFailure(977)) - Retrying connect to server: localhost/127.0.0.1:34931. Already tried 2 time(s); retry policy is RetryUpToMaximumCountWithFixedSleep(maxRetries=15, sleepTime=1000 MILLISECONDS)
2022-08-14 01:45:36,363 [EndpointStateMachine task thread for /127.0.0.1:33939 - 0 ] INFO  ipc.Client (Client.java:handleConnectionFailure(977)) - Retrying connect to server: localhost/127.0.0.1:33939. Already tried 2 time(s); retry policy is RetryUpToMaximumCountWithFixedSleep(maxRetries=15, sleepTime=1000 MILLISECONDS)
2022-08-14 01:45:37,360 [EndpointStateMachine task thread for /127.0.0.1:40129 - 0 ] INFO  ipc.Client (Client.java:handleConnectionFailure(977)) - Retrying connect to server: localhost/127.0.0.1:40129. Already tried 3 time(s); retry policy is RetryUpToMaximumCountWithFixedSleep(maxRetries=15, sleepTime=1000 MILLISECONDS)
2022-08-14 01:45:37,361 [EndpointStateMachine task thread for /127.0.0.1:34931 - 0 ] INFO  ipc.Client (Client.java:handleConnectionFailure(977)) - Retrying connect to server: localhost/127.0.0.1:34931. Already tried 3 time(s); retry policy is RetryUpToMaximumCountWithFixedSleep(maxRetries=15, sleepTime=1000 MILLISECONDS)
2022-08-14 01:45:37,363 [EndpointStateMachine task thread for /127.0.0.1:33939 - 0 ] INFO  ipc.Client (Client.java:handleConnectionFailure(977)) - Retrying connect to server: localhost/127.0.0.1:33939. Already tried 3 time(s); retry policy is RetryUpToMaximumCountWithFixedSleep(maxRetries=15, sleepTime=1000 MILLISECONDS)
2022-08-14 01:45:38,360 [EndpointStateMachine task thread for /127.0.0.1:40129 - 0 ] INFO  ipc.Client (Client.java:handleConnectionFailure(977)) - Retrying connect to server: localhost/127.0.0.1:40129. Already tried 4 time(s); retry policy is RetryUpToMaximumCountWithFixedSleep(maxRetries=15, sleepTime=1000 MILLISECONDS)
2022-08-14 01:45:38,361 [EndpointStateMachine task thread for /127.0.0.1:34931 - 0 ] INFO  ipc.Client (Client.java:handleConnectionFailure(977)) - Retrying connect to server: localhost/127.0.0.1:34931. Already tried 4 time(s); retry policy is RetryUpToMaximumCountWithFixedSleep(maxRetries=15, sleepTime=1000 MILLISECONDS)
2022-08-14 01:45:38,363 [EndpointStateMachine task thread for /127.0.0.1:33939 - 0 ] INFO  ipc.Client (Client.java:handleConnectionFailure(977)) - Retrying connect to server: localhost/127.0.0.1:33939. Already tried 4 time(s); retry policy is RetryUpToMaximumCountWithFixedSleep(maxRetries=15, sleepTime=1000 MILLISECONDS)
2022-08-14 01:45:39,361 [EndpointStateMachine task thread for /127.0.0.1:40129 - 0 ] INFO  ipc.Client (Client.java:handleConnectionFailure(977)) - Retrying connect to server: localhost/127.0.0.1:40129. Already tried 5 time(s); retry policy is RetryUpToMaximumCountWithFixedSleep(maxRetries=15, sleepTime=1000 MILLISECONDS)
2022-08-14 01:45:39,362 [EndpointStateMachine task thread for /127.0.0.1:34931 - 0 ] INFO  ipc.Client (Client.java:handleConnectionFailure(977)) - Retrying connect to server: localhost/127.0.0.1:34931. Already tried 5 time(s); retry policy is RetryUpToMaximumCountWithFixedSleep(maxRetries=15, sleepTime=1000 MILLISECONDS)
2022-08-14 01:45:39,364 [EndpointStateMachine task thread for /127.0.0.1:33939 - 0 ] INFO  ipc.Client (Client.java:handleConnectionFailure(977)) - Retrying connect to server: localhost/127.0.0.1:33939. Already tried 5 time(s); retry policy is RetryUpToMaximumCountWithFixedSleep(maxRetries=15, sleepTime=1000 MILLISECONDS)
2022-08-14 01:45:39,405 [Listener at 127.0.0.1/45525] INFO  ozone.MiniOzoneClusterImpl (MiniOzoneClusterImpl.java:shutdown(448)) - Shutting down the Mini Ozone Cluster
2022-08-14 01:45:39,407 [Listener at 127.0.0.1/45525] INFO  ozone.MiniOzoneHAClusterImpl (MiniOzoneHAClusterImpl.java:stop(312)) - Stopping the OzoneManager omNode-3
2022-08-14 01:45:39,407 [Listener at 127.0.0.1/45525] INFO  om.OzoneManager (OzoneManager.java:stop(2022)) - omNode-3[localhost:45525]: Stopping Ozone Manager
2022-08-14 01:45:39,407 [Listener at 127.0.0.1/45525] INFO  ozone.MiniOzoneHAClusterImpl (MiniOzoneHAClusterImpl.java:stop(312)) - Stopping the OzoneManager omNode-1
2022-08-14 01:45:39,407 [Listener at 127.0.0.1/45525] INFO  om.OzoneManager (OzoneManager.java:stop(2022)) - omNode-1[localhost:40583]: Stopping Ozone Manager
2022-08-14 01:45:39,407 [Listener at 127.0.0.1/45525] INFO  ozone.MiniOzoneHAClusterImpl (MiniOzoneHAClusterImpl.java:stop(312)) - Stopping the OzoneManager omNode-2
2022-08-14 01:45:39,407 [Listener at 127.0.0.1/45525] INFO  om.OzoneManager (OzoneManager.java:stop(2022)) - omNode-2[localhost:33779]: Stopping Ozone Manager
2022-08-14 01:45:39,407 [Listener at 127.0.0.1/45525] INFO  ozone.MiniOzoneHAClusterImpl (MiniOzoneHAClusterImpl.java:stop(320)) - Stopping the StorageContainerManager cf90fe62-f76e-4488-be8d-0c3b3445e4fe
2022-08-14 01:45:39,407 [Listener at 127.0.0.1/45525] INFO  server.StorageContainerManager (StorageContainerManager.java:stop(1552)) - Container Balancer is not running.
2022-08-14 01:45:39,407 [Listener at 127.0.0.1/45525] INFO  server.StorageContainerManager (StorageContainerManager.java:stop(1559)) - Stopping Replication Manager Service.
2022-08-14 01:45:39,407 [Listener at 127.0.0.1/45525] INFO  replication.ReplicationManager (ReplicationManager.java:stop(245)) - Replication Monitor Thread is not running.
2022-08-14 01:45:39,408 [Listener at 127.0.0.1/45525] INFO  server.StorageContainerManager (StorageContainerManager.java:stop(1566)) - Stopping the Datanode Admin Monitor.
2022-08-14 01:45:39,408 [Listener at 127.0.0.1/45525] INFO  server.StorageContainerManager (StorageContainerManager.java:stop(1573)) - Stopping Lease Manager of the command watchers
2022-08-14 01:45:39,408 [Listener at 127.0.0.1/45525] ERROR server.StorageContainerManager (StorageContainerManager.java:stop(1576)) - Lease Manager of the command watchers stop failed
2022-08-14 01:45:39,408 [Listener at 127.0.0.1/45525] INFO  server.StorageContainerManager (StorageContainerManager.java:stop(1580)) - Stopping datanode service RPC server
2022-08-14 01:45:39,408 [Listener at 127.0.0.1/45525] INFO  server.SCMDatanodeProtocolServer (SCMDatanodeProtocolServer.java:stop(414)) - Stopping the RPC server for DataNodes
2022-08-14 01:45:39,408 [Listener at 127.0.0.1/45525] INFO  ipc.Server (Server.java:stop(3414)) - Stopping server on 34931
2022-08-14 01:45:39,408 [Listener at 127.0.0.1/45525] INFO  server.StorageContainerManager (StorageContainerManager.java:stop(1588)) - Stopping block service RPC server
2022-08-14 01:45:39,408 [Listener at 127.0.0.1/45525] INFO  server.SCMBlockProtocolServer (SCMBlockProtocolServer.java:stop(161)) - Stopping the RPC server for Block Protocol
2022-08-14 01:45:39,408 [Listener at 127.0.0.1/45525] INFO  ipc.Server (Server.java:stop(3414)) - Stopping server on 34007
2022-08-14 01:45:39,408 [Listener at 127.0.0.1/45525] INFO  server.StorageContainerManager (StorageContainerManager.java:stop(1595)) - Stopping the StorageContainerLocationProtocol RPC server
2022-08-14 01:45:39,408 [Listener at 127.0.0.1/45525] INFO  server.SCMClientProtocolServer (SCMClientProtocolServer.java:stop(179)) - Stopping the RPC server for Client Protocol
2022-08-14 01:45:39,408 [Listener at 127.0.0.1/45525] INFO  ipc.Server (Server.java:stop(3414)) - Stopping server on 43397
2022-08-14 01:45:39,408 [Listener at 127.0.0.1/45525] INFO  server.StorageContainerManager (StorageContainerManager.java:stop(1602)) - Stopping Storage Container Manager HTTP server.
2022-08-14 01:45:39,408 [Listener at 127.0.0.1/45525] INFO  server.StorageContainerManager (StorageContainerManager.java:stop(1608)) - Stopping SCM LayoutVersionManager Service.
2022-08-14 01:45:39,409 [Listener at 127.0.0.1/45525] INFO  server.StorageContainerManager (StorageContainerManager.java:stop(1616)) - Stopping Block Manager Service.
2022-08-14 01:45:39,409 [Listener at 127.0.0.1/45525] INFO  utils.BackgroundService (BackgroundService.java:shutdown(141)) - Shutting down service SCMBlockDeletingService
2022-08-14 01:45:39,409 [Listener at 127.0.0.1/45525] INFO  utils.BackgroundService (BackgroundService.java:shutdown(141)) - Shutting down service SCMBlockDeletingService
2022-08-14 01:45:39,409 [Listener at 127.0.0.1/45525] INFO  server.StorageContainerManager (StorageContainerManager.java:stop(1643)) - Stopping SCM Event Queue.
2022-08-14 01:45:39,409 [Listener at 127.0.0.1/45525] INFO  server.StorageContainerManager (StorageContainerManager.java:stop(1654)) - Stopping SCM HA services.
2022-08-14 01:45:39,409 [Listener at 127.0.0.1/45525] INFO  ha.SCMRatisServerImpl (SCMRatisServerImpl.java:stop(237)) - stopping ratis server 0.0.0.0:43241
2022-08-14 01:45:39,410 [Listener at 127.0.0.1/45525] WARN  pipeline.BackgroundPipelineCreator (BackgroundPipelineCreator.java:stop(145)) - RatisPipelineUtilsThread is not running, just ignore.
2022-08-14 01:45:39,410 [Listener at 127.0.0.1/45525] INFO  BackgroundPipelineScrubber (BackgroundSCMService.java:stop(126)) - BackgroundPipelineScrubber Service is not running, skip stop.
2022-08-14 01:45:39,410 [Listener at 127.0.0.1/45525] INFO  server.StorageContainerManager (StorageContainerManager.java:stop(1664)) - Stopping SCM MetadataStore.
2022-08-14 01:45:39,410 [Listener at 127.0.0.1/45525] INFO  impl.MetricsSystemImpl (MetricsSystemImpl.java:stop(205)) - HddsDatanode metrics system stopped (again)
2022-08-14 01:45:39,410 [Listener at 127.0.0.1/45525] INFO  ozone.MiniOzoneHAClusterImpl (MiniOzoneHAClusterImpl.java:stop(320)) - Stopping the StorageContainerManager 03edee82-0664-4375-9f31-ace4c627e75e
2022-08-14 01:45:39,410 [Listener at 127.0.0.1/45525] INFO  server.StorageContainerManager (StorageContainerManager.java:stop(1552)) - Container Balancer is not running.
2022-08-14 01:45:39,410 [Listener at 127.0.0.1/45525] INFO  server.StorageContainerManager (StorageContainerManager.java:stop(1559)) - Stopping Replication Manager Service.
2022-08-14 01:45:39,410 [Listener at 127.0.0.1/45525] INFO  replication.ReplicationManager (ReplicationManager.java:stop(245)) - Replication Monitor Thread is not running.
2022-08-14 01:45:39,410 [Listener at 127.0.0.1/45525] INFO  server.StorageContainerManager (StorageContainerManager.java:stop(1566)) - Stopping the Datanode Admin Monitor.
2022-08-14 01:45:39,410 [Listener at 127.0.0.1/45525] INFO  server.StorageContainerManager (StorageContainerManager.java:stop(1573)) - Stopping Lease Manager of the command watchers
2022-08-14 01:45:39,410 [Listener at 127.0.0.1/45525] ERROR server.StorageContainerManager (StorageContainerManager.java:stop(1576)) - Lease Manager of the command watchers stop failed
2022-08-14 01:45:39,410 [Listener at 127.0.0.1/45525] INFO  server.StorageContainerManager (StorageContainerManager.java:stop(1580)) - Stopping datanode service RPC server
2022-08-14 01:45:39,411 [Listener at 127.0.0.1/45525] INFO  server.SCMDatanodeProtocolServer (SCMDatanodeProtocolServer.java:stop(414)) - Stopping the RPC server for DataNodes
2022-08-14 01:45:39,411 [Listener at 127.0.0.1/45525] INFO  ipc.Server (Server.java:stop(3414)) - Stopping server on 40129
2022-08-14 01:45:39,411 [Listener at 127.0.0.1/45525] INFO  server.StorageContainerManager (StorageContainerManager.java:stop(1588)) - Stopping block service RPC server
2022-08-14 01:45:39,411 [Listener at 127.0.0.1/45525] INFO  server.SCMBlockProtocolServer (SCMBlockProtocolServer.java:stop(161)) - Stopping the RPC server for Block Protocol
2022-08-14 01:45:39,411 [Listener at 127.0.0.1/45525] INFO  ipc.Server (Server.java:stop(3414)) - Stopping server on 44855
2022-08-14 01:45:39,411 [Listener at 127.0.0.1/45525] INFO  server.StorageContainerManager (StorageContainerManager.java:stop(1595)) - Stopping the StorageContainerLocationProtocol RPC server
2022-08-14 01:45:39,411 [Listener at 127.0.0.1/45525] INFO  server.SCMClientProtocolServer (SCMClientProtocolServer.java:stop(179)) - Stopping the RPC server for Client Protocol
2022-08-14 01:45:39,412 [Listener at 127.0.0.1/45525] INFO  ipc.Server (Server.java:stop(3414)) - Stopping server on 40335
2022-08-14 01:45:39,412 [Listener at 127.0.0.1/45525] INFO  server.StorageContainerManager (StorageContainerManager.java:stop(1602)) - Stopping Storage Container Manager HTTP server.
2022-08-14 01:45:39,412 [Listener at 127.0.0.1/45525] INFO  server.StorageContainerManager (StorageContainerManager.java:stop(1608)) - Stopping SCM LayoutVersionManager Service.
2022-08-14 01:45:39,412 [Listener at 127.0.0.1/45525] INFO  server.StorageContainerManager (StorageContainerManager.java:stop(1616)) - Stopping Block Manager Service.
2022-08-14 01:45:39,412 [Listener at 127.0.0.1/45525] INFO  utils.BackgroundService (BackgroundService.java:shutdown(141)) - Shutting down service SCMBlockDeletingService
2022-08-14 01:45:39,424 [Listener at 127.0.0.1/45525] INFO  utils.BackgroundService (BackgroundService.java:shutdown(141)) - Shutting down service SCMBlockDeletingService
2022-08-14 01:45:39,424 [Listener at 127.0.0.1/45525] INFO  server.StorageContainerManager (StorageContainerManager.java:stop(1643)) - Stopping SCM Event Queue.
2022-08-14 01:45:39,424 [Listener at 127.0.0.1/45525] INFO  server.StorageContainerManager (StorageContainerManager.java:stop(1654)) - Stopping SCM HA services.
2022-08-14 01:45:39,425 [Listener at 127.0.0.1/45525] INFO  ha.SCMRatisServerImpl (SCMRatisServerImpl.java:stop(237)) - stopping ratis server 0.0.0.0:39397
2022-08-14 01:45:39,425 [Listener at 127.0.0.1/45525] WARN  pipeline.BackgroundPipelineCreator (BackgroundPipelineCreator.java:stop(145)) - RatisPipelineUtilsThread is not running, just ignore.
2022-08-14 01:45:39,425 [Listener at 127.0.0.1/45525] INFO  BackgroundPipelineScrubber (BackgroundSCMService.java:stop(126)) - BackgroundPipelineScrubber Service is not running, skip stop.
2022-08-14 01:45:39,425 [Listener at 127.0.0.1/45525] INFO  server.StorageContainerManager (StorageContainerManager.java:stop(1664)) - Stopping SCM MetadataStore.
2022-08-14 01:45:39,425 [Listener at 127.0.0.1/45525] INFO  impl.MetricsSystemImpl (MetricsSystemImpl.java:stop(205)) - HddsDatanode metrics system stopped (again)
2022-08-14 01:45:39,425 [Listener at 127.0.0.1/45525] INFO  ozone.MiniOzoneHAClusterImpl (MiniOzoneHAClusterImpl.java:stop(320)) - Stopping the StorageContainerManager eb4f5392-52f7-4dd8-91fe-f5d2e1c8a0c0
2022-08-14 01:45:39,425 [Listener at 127.0.0.1/45525] INFO  server.StorageContainerManager (StorageContainerManager.java:stop(1552)) - Container Balancer is not running.
2022-08-14 01:45:39,425 [Listener at 127.0.0.1/45525] INFO  server.StorageContainerManager (StorageContainerManager.java:stop(1559)) - Stopping Replication Manager Service.
2022-08-14 01:45:39,425 [Listener at 127.0.0.1/45525] INFO  replication.ReplicationManager (ReplicationManager.java:stop(245)) - Replication Monitor Thread is not running.
2022-08-14 01:45:39,425 [Listener at 127.0.0.1/45525] INFO  server.StorageContainerManager (StorageContainerManager.java:stop(1566)) - Stopping the Datanode Admin Monitor.
2022-08-14 01:45:39,425 [Listener at 127.0.0.1/45525] INFO  server.StorageContainerManager (StorageContainerManager.java:stop(1573)) - Stopping Lease Manager of the command watchers
2022-08-14 01:45:39,425 [Listener at 127.0.0.1/45525] ERROR server.StorageContainerManager (StorageContainerManager.java:stop(1576)) - Lease Manager of the command watchers stop failed
2022-08-14 01:45:39,425 [Listener at 127.0.0.1/45525] INFO  server.StorageContainerManager (StorageContainerManager.java:stop(1580)) - Stopping datanode service RPC server
2022-08-14 01:45:39,425 [Listener at 127.0.0.1/45525] INFO  server.SCMDatanodeProtocolServer (SCMDatanodeProtocolServer.java:stop(414)) - Stopping the RPC server for DataNodes
2022-08-14 01:45:39,425 [Listener at 127.0.0.1/45525] INFO  ipc.Server (Server.java:stop(3414)) - Stopping server on 33939
2022-08-14 01:45:39,426 [Listener at 127.0.0.1/45525] INFO  server.StorageContainerManager (StorageContainerManager.java:stop(1588)) - Stopping block service RPC server
2022-08-14 01:45:39,426 [Listener at 127.0.0.1/45525] INFO  server.SCMBlockProtocolServer (SCMBlockProtocolServer.java:stop(161)) - Stopping the RPC server for Block Protocol
2022-08-14 01:45:39,426 [Listener at 127.0.0.1/45525] INFO  ipc.Server (Server.java:stop(3414)) - Stopping server on 39797
2022-08-14 01:45:39,426 [Listener at 127.0.0.1/45525] INFO  server.StorageContainerManager (StorageContainerManager.java:stop(1595)) - Stopping the StorageContainerLocationProtocol RPC server
2022-08-14 01:45:39,426 [Listener at 127.0.0.1/45525] INFO  server.SCMClientProtocolServer (SCMClientProtocolServer.java:stop(179)) - Stopping the RPC server for Client Protocol
2022-08-14 01:45:39,426 [Listener at 127.0.0.1/45525] INFO  ipc.Server (Server.java:stop(3414)) - Stopping server on 42649
2022-08-14 01:45:39,426 [Listener at 127.0.0.1/45525] INFO  server.StorageContainerManager (StorageContainerManager.java:stop(1602)) - Stopping Storage Container Manager HTTP server.
2022-08-14 01:45:39,426 [Listener at 127.0.0.1/45525] INFO  server.StorageContainerManager (StorageContainerManager.java:stop(1608)) - Stopping SCM LayoutVersionManager Service.
2022-08-14 01:45:39,426 [Listener at 127.0.0.1/45525] INFO  server.StorageContainerManager (StorageContainerManager.java:stop(1616)) - Stopping Block Manager Service.
2022-08-14 01:45:39,426 [Listener at 127.0.0.1/45525] INFO  utils.BackgroundService (BackgroundService.java:shutdown(141)) - Shutting down service SCMBlockDeletingService
2022-08-14 01:45:39,426 [Listener at 127.0.0.1/45525] INFO  utils.BackgroundService (BackgroundService.java:shutdown(141)) - Shutting down service SCMBlockDeletingService
2022-08-14 01:45:39,426 [Listener at 127.0.0.1/45525] INFO  server.StorageContainerManager (StorageContainerManager.java:stop(1643)) - Stopping SCM Event Queue.
2022-08-14 01:45:39,434 [Listener at 127.0.0.1/45525] INFO  server.StorageContainerManager (StorageContainerManager.java:stop(1654)) - Stopping SCM HA services.
2022-08-14 01:45:39,434 [Listener at 127.0.0.1/45525] INFO  ha.SCMRatisServerImpl (SCMRatisServerImpl.java:stop(237)) - stopping ratis server 0.0.0.0:43121
2022-08-14 01:45:39,434 [Listener at 127.0.0.1/45525] WARN  pipeline.BackgroundPipelineCreator (BackgroundPipelineCreator.java:stop(145)) - RatisPipelineUtilsThread is not running, just ignore.
2022-08-14 01:45:39,434 [Listener at 127.0.0.1/45525] INFO  BackgroundPipelineScrubber (BackgroundSCMService.java:stop(126)) - BackgroundPipelineScrubber Service is not running, skip stop.
2022-08-14 01:45:39,434 [Listener at 127.0.0.1/45525] INFO  server.StorageContainerManager (StorageContainerManager.java:stop(1664)) - Stopping SCM MetadataStore.
2022-08-14 01:45:39,434 [Listener at 127.0.0.1/45525] INFO  impl.MetricsSystemImpl (MetricsSystemImpl.java:stop(205)) - HddsDatanode metrics system stopped (again)
2022-08-14 01:45:39,434 [Listener at 127.0.0.1/45525] INFO  ozone.MiniOzoneClusterImpl (MiniOzoneClusterImpl.java:stop(463)) - Stopping the Mini Ozone Cluster
2022-08-14 01:45:39,435 [Listener at 127.0.0.1/45525] INFO  ozone.MiniOzoneClusterImpl (MiniOzoneClusterImpl.java:stopDatanodes(522)) - Stopping the HddsDatanodes
]]></system-out>
  </testcase>
</testsuite>