<?xml version="1.0" encoding="UTF-8"?>
<testsuite xmlns:xsi="http://www.w3.org/2001/XMLSchema-instance" xsi:noNamespaceSchemaLocation="https://maven.apache.org/surefire/maven-surefire-plugin/xsd/surefire-test-report-3.0.xsd" version="3.0" name="org.apache.hadoop.ozone.om.TestOzoneManagerHAWithData" time="155.522" tests="5" errors="2" skipped="0" failures="0">
  <properties>
    <property name="awt.toolkit" value="sun.awt.X11.XToolkit"/>
    <property name="file.encoding.pkg" value="sun.io"/>
    <property name="java.specification.version" value="1.8"/>
    <property name="sun.cpu.isalist" value=""/>
    <property name="sun.jnu.encoding" value="UTF-8"/>
    <property name="java.class.path" value="/home/runner/work/ozone/ozone/hadoop-ozone/integration-test/target/test-classes:/home/runner/work/ozone/ozone/hadoop-ozone/integration-test/target/classes:/home/runner/.m2/repository/org/apache/ozone/ozone-common/1.3.0-SNAPSHOT/ozone-common-1.3.0-SNAPSHOT.jar:/home/runner/.m2/repository/io/grpc/grpc-netty/1.38.0/grpc-netty-1.38.0.jar:/home/runner/.m2/repository/io/grpc/grpc-core/1.38.0/grpc-core-1.38.0.jar:/home/runner/.m2/repository/com/google/android/annotations/4.1.1.4/annotations-4.1.1.4.jar:/home/runner/.m2/repository/com/google/errorprone/error_prone_annotations/2.2.0/error_prone_annotations-2.2.0.jar:/home/runner/.m2/repository/io/perfmark/perfmark-api/0.23.0/perfmark-api-0.23.0.jar:/home/runner/.m2/repository/org/codehaus/mojo/animal-sniffer-annotations/1.19/animal-sniffer-annotations-1.19.jar:/home/runner/.m2/repository/com/google/code/findbugs/jsr305/3.0.0/jsr305-3.0.0.jar:/home/runner/.m2/repository/io/netty/netty-codec-http2/4.1.63.Final/netty-codec-http2-4.1.63.Final.jar:/home/runner/.m2/repository/io/netty/netty-common/4.1.63.Final/netty-common-4.1.63.Final.jar:/home/runner/.m2/repository/io/netty/netty-buffer/4.1.63.Final/netty-buffer-4.1.63.Final.jar:/home/runner/.m2/repository/io/netty/netty-codec-http/4.1.63.Final/netty-codec-http-4.1.63.Final.jar:/home/runner/.m2/repository/io/netty/netty-handler-proxy/4.1.63.Final/netty-handler-proxy-4.1.63.Final.jar:/home/runner/.m2/repository/io/netty/netty-codec-socks/4.1.63.Final/netty-codec-socks-4.1.63.Final.jar:/home/runner/.m2/repository/io/netty/netty-tcnative-boringssl-static/2.0.38.Final/netty-tcnative-boringssl-static-2.0.38.Final.jar:/home/runner/.m2/repository/io/netty/netty-tcnative/2.0.38.Final/netty-tcnative-2.0.38.Final.jar:/home/runner/.m2/repository/org/apache/commons/commons-compress/1.21/commons-compress-1.21.jar:/home/runner/.m2/repository/org/apache/ozone/hdds-common/1.3.0-SNAPSHOT/hdds-common-1.3.0-SNAPSHOT.jar:/home/runner/.m2/repository/org/apache/ozone/hdds-client/1.3.0-SNAPSHOT/hdds-client-1.3.0-SNAPSHOT.jar:/home/runner/.m2/repository/org/apache/ozone/ozone-interface-client/1.3.0-SNAPSHOT/ozone-interface-client-1.3.0-SNAPSHOT.jar:/home/runner/.m2/repository/org/apache/ozone/hdds-test-utils/1.3.0-SNAPSHOT/hdds-test-utils-1.3.0-SNAPSHOT.jar:/home/runner/.m2/repository/com/google/guava/guava/30.1.1-jre/guava-30.1.1-jre.jar:/home/runner/.m2/repository/com/google/guava/failureaccess/1.0.1/failureaccess-1.0.1.jar:/home/runner/.m2/repository/com/google/guava/listenablefuture/9999.0-empty-to-avoid-conflict-with-guava/listenablefuture-9999.0-empty-to-avoid-conflict-with-guava.jar:/home/runner/.m2/repository/org/checkerframework/checker-qual/3.8.0/checker-qual-3.8.0.jar:/home/runner/.m2/repository/com/google/j2objc/j2objc-annotations/1.3/j2objc-annotations-1.3.jar:/home/runner/.m2/repository/commons-io/commons-io/2.11.0/commons-io-2.11.0.jar:/home/runner/.m2/repository/commons-logging/commons-logging/1.2/commons-logging-1.2.jar:/home/runner/.m2/repository/log4j/log4j/1.2.17/log4j-1.2.17.jar:/home/runner/.m2/repository/org/slf4j/slf4j-api/1.7.30/slf4j-api-1.7.30.jar:/home/runner/.m2/repository/org/apache/ozone/hdds-server-scm/1.3.0-SNAPSHOT/hdds-server-scm-1.3.0-SNAPSHOT.jar:/home/runner/.m2/repository/org/apache/ozone/hdds-container-service/1.3.0-SNAPSHOT/hdds-container-service-1.3.0-SNAPSHOT.jar:/home/runner/.m2/repository/org/apache/ozone/hdds-hadoop-dependency-server/1.3.0-SNAPSHOT/hdds-hadoop-dependency-server-1.3.0-SNAPSHOT.jar:/home/runner/.m2/repository/org/apache/hadoop/hadoop-hdfs/3.3.1/hadoop-hdfs-3.3.1.jar:/home/runner/.m2/repository/org/apache/ozone/hdds-server-framework/1.3.0-SNAPSHOT/hdds-server-framework-1.3.0-SNAPSHOT.jar:/home/runner/.m2/repository/org/apache/ozone/hdds-interface-server/1.3.0-SNAPSHOT/hdds-interface-server-1.3.0-SNAPSHOT.jar:/home/runner/.m2/repository/org/apache/logging/log4j/log4j-core/2.17.1/log4j-core-2.17.1.jar:/home/runner/.m2/repository/com/lmax/disruptor/3.4.2/disruptor-3.4.2.jar:/home/runner/.m2/repository/org/eclipse/jetty/jetty-servlet/9.4.43.v20210629/jetty-servlet-9.4.43.v20210629.jar:/home/runner/.m2/repository/org/eclipse/jetty/jetty-security/9.4.43.v20210629/jetty-security-9.4.43.v20210629.jar:/home/runner/.m2/repository/org/rocksdb/rocksdbjni/7.0.4/rocksdbjni-7.0.4.jar:/home/runner/.m2/repository/io/prometheus/simpleclient_dropwizard/0.7.0/simpleclient_dropwizard-0.7.0.jar:/home/runner/.m2/repository/io/prometheus/simpleclient/0.7.0/simpleclient-0.7.0.jar:/home/runner/.m2/repository/io/prometheus/simpleclient_common/0.7.0/simpleclient_common-0.7.0.jar:/home/runner/.m2/repository/io/dropwizard/metrics/metrics-core/3.2.4/metrics-core-3.2.4.jar:/home/runner/.m2/repository/org/apache/hadoop/hadoop-hdfs-client/3.3.1/hadoop-hdfs-client-3.3.1.jar:/home/runner/.m2/repository/org/bouncycastle/bcprov-jdk15on/1.67/bcprov-jdk15on-1.67.jar:/home/runner/.m2/repository/com/google/protobuf/protobuf-java/2.5.0/protobuf-java-2.5.0.jar:/home/runner/.m2/repository/org/apache/ozone/ozone-manager/1.3.0-SNAPSHOT/ozone-manager-1.3.0-SNAPSHOT.jar:/home/runner/.m2/repository/org/aspectj/aspectjrt/1.9.7/aspectjrt-1.9.7.jar:/home/runner/.m2/repository/org/aspectj/aspectjweaver/1.9.7/aspectjweaver-1.9.7.jar:/home/runner/.m2/repository/org/apache/ozone/hdds-interface-client/1.3.0-SNAPSHOT/hdds-interface-client-1.3.0-SNAPSHOT.jar:/home/runner/.m2/repository/org/apache/hadoop/thirdparty/hadoop-shaded-protobuf_3_7/1.1.1/hadoop-shaded-protobuf_3_7-1.1.1.jar:/home/runner/.m2/repository/org/apache/ozone/ozone-interface-storage/1.3.0-SNAPSHOT/ozone-interface-storage-1.3.0-SNAPSHOT.jar:/home/runner/.m2/repository/org/reflections/reflections/0.9.11/reflections-0.9.11.jar:/home/runner/.m2/repository/org/apache/hadoop/hadoop-minikdc/3.3.1/hadoop-minikdc-3.3.1.jar:/home/runner/.m2/repository/org/apache/kerby/kerb-simplekdc/1.0.1/kerb-simplekdc-1.0.1.jar:/home/runner/.m2/repository/org/apache/kerby/kerb-client/1.0.1/kerb-client-1.0.1.jar:/home/runner/.m2/repository/org/apache/kerby/kerby-config/1.0.1/kerby-config-1.0.1.jar:/home/runner/.m2/repository/org/apache/kerby/kerb-common/1.0.1/kerb-common-1.0.1.jar:/home/runner/.m2/repository/org/apache/kerby/kerb-crypto/1.0.1/kerb-crypto-1.0.1.jar:/home/runner/.m2/repository/org/apache/kerby/kerb-util/1.0.1/kerb-util-1.0.1.jar:/home/runner/.m2/repository/org/apache/kerby/token-provider/1.0.1/token-provider-1.0.1.jar:/home/runner/.m2/repository/org/apache/kerby/kerb-admin/1.0.1/kerb-admin-1.0.1.jar:/home/runner/.m2/repository/org/apache/kerby/kerb-server/1.0.1/kerb-server-1.0.1.jar:/home/runner/.m2/repository/org/apache/kerby/kerb-identity/1.0.1/kerb-identity-1.0.1.jar:/home/runner/.m2/repository/org/apache/kerby/kerby-xdr/1.0.1/kerby-xdr-1.0.1.jar:/home/runner/.m2/repository/org/slf4j/slf4j-log4j12/1.7.30/slf4j-log4j12-1.7.30.jar:/home/runner/.m2/repository/org/apache/ozone/ozone-s3gateway/1.3.0-SNAPSHOT/ozone-s3gateway-1.3.0-SNAPSHOT.jar:/home/runner/.m2/repository/org/javassist/javassist/3.21.0-GA/javassist-3.21.0-GA.jar:/home/runner/.m2/repository/org/jboss/weld/servlet/weld-servlet/2.4.7.Final/weld-servlet-2.4.7.Final.jar:/home/runner/.m2/repository/org/glassfish/jersey/containers/jersey-container-servlet-core/2.33/jersey-container-servlet-core-2.33.jar:/home/runner/.m2/repository/org/glassfish/hk2/external/jakarta.inject/2.6.1/jakarta.inject-2.6.1.jar:/home/runner/.m2/repository/org/glassfish/jersey/core/jersey-common/2.33/jersey-common-2.33.jar:/home/runner/.m2/repository/jakarta/ws/rs/jakarta.ws.rs-api/2.1.6/jakarta.ws.rs-api-2.1.6.jar:/home/runner/.m2/repository/org/glassfish/jersey/ext/cdi/jersey-cdi1x/2.33/jersey-cdi1x-2.33.jar:/home/runner/.m2/repository/org/glassfish/jersey/inject/jersey-hk2/2.33/jersey-hk2-2.33.jar:/home/runner/.m2/repository/org/glassfish/hk2/hk2-locator/2.6.1/hk2-locator-2.6.1.jar:/home/runner/.m2/repository/org/glassfish/jersey/media/jersey-media-jaxb/2.33/jersey-media-jaxb-2.33.jar:/home/runner/.m2/repository/org/glassfish/hk2/osgi-resource-locator/1.0.3/osgi-resource-locator-1.0.3.jar:/home/runner/.m2/repository/org/glassfish/hk2/hk2-api/2.5.0/hk2-api-2.5.0.jar:/home/runner/.m2/repository/org/glassfish/hk2/hk2-utils/2.5.0/hk2-utils-2.5.0.jar:/home/runner/.m2/repository/org/glassfish/hk2/external/aopalliance-repackaged/2.5.0/aopalliance-repackaged-2.5.0.jar:/home/runner/.m2/repository/com/fasterxml/jackson/dataformat/jackson-dataformat-xml/2.13.2/jackson-dataformat-xml-2.13.2.jar:/home/runner/.m2/repository/com/fasterxml/jackson/core/jackson-core/2.13.2/jackson-core-2.13.2.jar:/home/runner/.m2/repository/org/codehaus/woodstox/stax2-api/3.1.4/stax2-api-3.1.4.jar:/home/runner/.m2/repository/com/fasterxml/woodstox/woodstox-core/5.0.3/woodstox-core-5.0.3.jar:/home/runner/.m2/repository/com/fasterxml/jackson/module/jackson-module-jaxb-annotations/2.13.2/jackson-module-jaxb-annotations-2.13.2.jar:/home/runner/.m2/repository/jakarta/xml/bind/jakarta.xml.bind-api/2.3.3/jakarta.xml.bind-api-2.3.3.jar:/home/runner/.m2/repository/jakarta/activation/jakarta.activation-api/1.2.1/jakarta.activation-api-1.2.1.jar:/home/runner/.m2/repository/javax/enterprise/cdi-api/1.2/cdi-api-1.2.jar:/home/runner/.m2/repository/javax/el/javax.el-api/3.0.0/javax.el-api-3.0.0.jar:/home/runner/.m2/repository/javax/interceptor/javax.interceptor-api/1.2/javax.interceptor-api-1.2.jar:/home/runner/.m2/repository/javax/inject/javax.inject/1/javax.inject-1.jar:/home/runner/.m2/repository/javax/xml/bind/jaxb-api/2.3.0/jaxb-api-2.3.0.jar:/home/runner/.m2/repository/org/glassfish/jaxb/jaxb-runtime/2.3.0.1/jaxb-runtime-2.3.0.1.jar:/home/runner/.m2/repository/org/glassfish/jaxb/jaxb-core/2.3.0.1/jaxb-core-2.3.0.1.jar:/home/runner/.m2/repository/org/glassfish/jaxb/txw2/2.3.0.1/txw2-2.3.0.1.jar:/home/runner/.m2/repository/com/sun/istack/istack-commons-runtime/3.0.5/istack-commons-runtime-3.0.5.jar:/home/runner/.m2/repository/org/jvnet/staxex/stax-ex/1.7.8/stax-ex-1.7.8.jar:/home/runner/.m2/repository/com/sun/xml/fastinfoset/FastInfoset/1.2.13/FastInfoset-1.2.13.jar:/home/runner/.m2/repository/javax/activation/activation/1.1.1/activation-1.1.1.jar:/home/runner/.m2/repository/io/grpc/grpc-protobuf/1.38.0/grpc-protobuf-1.38.0.jar:/home/runner/.m2/repository/io/grpc/grpc-api/1.38.0/grpc-api-1.38.0.jar:/home/runner/.m2/repository/io/grpc/grpc-context/1.38.0/grpc-context-1.38.0.jar:/home/runner/.m2/repository/com/google/api/grpc/proto-google-common-protos/2.0.1/proto-google-common-protos-2.0.1.jar:/home/runner/.m2/repository/io/grpc/grpc-protobuf-lite/1.38.0/grpc-protobuf-lite-1.38.0.jar:/home/runner/.m2/repository/io/grpc/grpc-stub/1.38.0/grpc-stub-1.38.0.jar:/home/runner/.m2/repository/io/netty/netty-transport/4.1.63.Final/netty-transport-4.1.63.Final.jar:/home/runner/.m2/repository/io/netty/netty-resolver/4.1.63.Final/netty-resolver-4.1.63.Final.jar:/home/runner/.m2/repository/org/apache/ozone/ozone-csi/1.3.0-SNAPSHOT/ozone-csi-1.3.0-SNAPSHOT.jar:/home/runner/.m2/repository/com/google/protobuf/protobuf-java-util/3.12.0/protobuf-java-util-3.12.0.jar:/home/runner/.m2/repository/com/google/code/gson/gson/2.2.4/gson-2.2.4.jar:/home/runner/.m2/repository/org/apache/ozone/hdds-config/1.3.0-SNAPSHOT/hdds-config-1.3.0-SNAPSHOT.jar:/home/runner/.m2/repository/io/netty/netty-transport-native-epoll/4.1.63.Final/netty-transport-native-epoll-4.1.63.Final.jar:/home/runner/.m2/repository/io/netty/netty-transport-native-unix-common/4.1.63.Final/netty-transport-native-unix-common-4.1.63.Final.jar:/home/runner/.m2/repository/org/apache/ozone/ozone-recon/1.3.0-SNAPSHOT/ozone-recon-1.3.0-SNAPSHOT.jar:/home/runner/.m2/repository/org/apache/ozone/ozone-reconcodegen/1.3.0-SNAPSHOT/ozone-reconcodegen-1.3.0-SNAPSHOT.jar:/home/runner/.m2/repository/com/google/inject/extensions/guice-multibindings/4.0/guice-multibindings-4.0.jar:/home/runner/.m2/repository/com/google/inject/guice/4.0/guice-4.0.jar:/home/runner/.m2/repository/aopalliance/aopalliance/1.0/aopalliance-1.0.jar:/home/runner/.m2/repository/com/google/inject/extensions/guice-assistedinject/4.0/guice-assistedinject-4.0.jar:/home/runner/.m2/repository/com/google/inject/extensions/guice-servlet/4.0/guice-servlet-4.0.jar:/home/runner/.m2/repository/org/glassfish/jersey/containers/jersey-container-servlet/2.33/jersey-container-servlet-2.33.jar:/home/runner/.m2/repository/org/glassfish/hk2/guice-bridge/2.5.0/guice-bridge-2.5.0.jar:/home/runner/.m2/repository/org/glassfish/jersey/core/jersey-server/2.33/jersey-server-2.33.jar:/home/runner/.m2/repository/org/glassfish/jersey/core/jersey-client/2.33/jersey-client-2.33.jar:/home/runner/.m2/repository/jakarta/annotation/jakarta.annotation-api/1.3.5/jakarta.annotation-api-1.3.5.jar:/home/runner/.m2/repository/jakarta/validation/jakarta.validation-api/2.0.2/jakarta.validation-api-2.0.2.jar:/home/runner/.m2/repository/org/glassfish/jersey/media/jersey-media-json-jackson/2.33/jersey-media-json-jackson-2.33.jar:/home/runner/.m2/repository/org/glassfish/jersey/ext/jersey-entity-filtering/2.33/jersey-entity-filtering-2.33.jar:/home/runner/.m2/repository/org/jooq/jooq/3.11.10/jooq-3.11.10.jar:/home/runner/.m2/repository/org/jooq/jooq-meta/3.11.10/jooq-meta-3.11.10.jar:/home/runner/.m2/repository/org/jooq/jooq-codegen/3.11.10/jooq-codegen-3.11.10.jar:/home/runner/.m2/repository/com/jolbox/bonecp/0.8.0.RELEASE/bonecp-0.8.0.RELEASE.jar:/home/runner/.m2/repository/org/apache/derby/derby/10.14.2.0/derby-10.14.2.0.jar:/home/runner/.m2/repository/org/xerial/sqlite-jdbc/3.25.2/sqlite-jdbc-3.25.2.jar:/home/runner/.m2/repository/org/springframework/spring-jdbc/5.2.20.RELEASE/spring-jdbc-5.2.20.RELEASE.jar:/home/runner/.m2/repository/org/springframework/spring-beans/5.2.20.RELEASE/spring-beans-5.2.20.RELEASE.jar:/home/runner/.m2/repository/org/springframework/spring-core/5.2.20.RELEASE/spring-core-5.2.20.RELEASE.jar:/home/runner/.m2/repository/org/springframework/spring-jcl/5.2.20.RELEASE/spring-jcl-5.2.20.RELEASE.jar:/home/runner/.m2/repository/org/springframework/spring-tx/5.2.20.RELEASE/spring-tx-5.2.20.RELEASE.jar:/home/runner/.m2/repository/org/apache/ozone/ozone-client/1.3.0-SNAPSHOT/ozone-client-1.3.0-SNAPSHOT.jar:/home/runner/.m2/repository/org/apache/ozone/hdds-erasurecode/1.3.0-SNAPSHOT/hdds-erasurecode-1.3.0-SNAPSHOT.jar:/home/runner/.m2/repository/com/github/spotbugs/spotbugs-annotations/3.1.12/spotbugs-annotations-3.1.12.jar:/home/runner/.m2/repository/org/apache/ozone/ozone-filesystem/1.3.0-SNAPSHOT/ozone-filesystem-1.3.0-SNAPSHOT.jar:/home/runner/.m2/repository/org/apache/ozone/ozone-filesystem-common/1.3.0-SNAPSHOT/ozone-filesystem-common-1.3.0-SNAPSHOT.jar:/home/runner/.m2/repository/org/apache/ozone/ozone-tools/1.3.0-SNAPSHOT/ozone-tools-1.3.0-SNAPSHOT.jar:/home/runner/.m2/repository/org/apache/ratis/ratis-tools/2.2.0/ratis-tools-2.2.0.jar:/home/runner/.m2/repository/com/amazonaws/aws-java-sdk-core/1.12.124/aws-java-sdk-core-1.12.124.jar:/home/runner/.m2/repository/org/apache/httpcomponents/httpclient/4.5.13/httpclient-4.5.13.jar:/home/runner/.m2/repository/org/apache/httpcomponents/httpcore/4.4.13/httpcore-4.4.13.jar:/home/runner/.m2/repository/software/amazon/ion/ion-java/1.0.2/ion-java-1.0.2.jar:/home/runner/.m2/repository/com/fasterxml/jackson/dataformat/jackson-dataformat-cbor/2.13.2/jackson-dataformat-cbor-2.13.2.jar:/home/runner/.m2/repository/joda-time/joda-time/2.8.1/joda-time-2.8.1.jar:/home/runner/.m2/repository/com/amazonaws/aws-java-sdk-s3/1.12.124/aws-java-sdk-s3-1.12.124.jar:/home/runner/.m2/repository/com/amazonaws/aws-java-sdk-kms/1.12.124/aws-java-sdk-kms-1.12.124.jar:/home/runner/.m2/repository/com/amazonaws/jmespath-java/1.12.124/jmespath-java-1.12.124.jar:/home/runner/.m2/repository/org/kohsuke/metainf-services/metainf-services/1.8/metainf-services-1.8.jar:/home/runner/.m2/repository/org/apache/ozone/hdds-tools/1.3.0-SNAPSHOT/hdds-tools-1.3.0-SNAPSHOT.jar:/home/runner/.m2/repository/commons-cli/commons-cli/1.2/commons-cli-1.2.jar:/home/runner/.m2/repository/org/apache/commons/commons-lang3/3.7/commons-lang3-3.7.jar:/home/runner/.m2/repository/org/apache/ozone/ozone-manager/1.3.0-SNAPSHOT/ozone-manager-1.3.0-SNAPSHOT-tests.jar:/home/runner/.m2/repository/org/apache/ozone/hdds-common/1.3.0-SNAPSHOT/hdds-common-1.3.0-SNAPSHOT-tests.jar:/home/runner/.m2/repository/org/apache/ozone/hdds-hadoop-dependency-client/1.3.0-SNAPSHOT/hdds-hadoop-dependency-client-1.3.0-SNAPSHOT.jar:/home/runner/.m2/repository/info/picocli/picocli/4.6.1/picocli-4.6.1.jar:/home/runner/.m2/repository/com/fasterxml/jackson/core/jackson-annotations/2.13.2/jackson-annotations-2.13.2.jar:/home/runner/.m2/repository/com/fasterxml/jackson/datatype/jackson-datatype-jsr310/2.13.2/jackson-datatype-jsr310-2.13.2.jar:/home/runner/.m2/repository/javax/annotation/javax.annotation-api/1.2/javax.annotation-api-1.2.jar:/home/runner/.m2/repository/org/apache/ratis/ratis-server/2.2.0/ratis-server-2.2.0.jar:/home/runner/.m2/repository/org/apache/ratis/ratis-client/2.2.0/ratis-client-2.2.0.jar:/home/runner/.m2/repository/org/apache/ratis/ratis-server-api/2.2.0/ratis-server-api-2.2.0.jar:/home/runner/.m2/repository/org/apache/ratis/ratis-metrics/2.2.0/ratis-metrics-2.2.0.jar:/home/runner/.m2/repository/org/apache/ratis/ratis-netty/2.2.0/ratis-netty-2.2.0.jar:/home/runner/.m2/repository/org/apache/ratis/ratis-grpc/2.2.0/ratis-grpc-2.2.0.jar:/home/runner/.m2/repository/org/apache/logging/log4j/log4j-api/2.17.1/log4j-api-2.17.1.jar:/home/runner/.m2/repository/org/apache/commons/commons-pool2/2.6.0/commons-pool2-2.6.0.jar:/home/runner/.m2/repository/org/bouncycastle/bcpkix-jdk15on/1.67/bcpkix-jdk15on-1.67.jar:/home/runner/.m2/repository/commons-validator/commons-validator/1.6/commons-validator-1.6.jar:/home/runner/.m2/repository/commons-beanutils/commons-beanutils/1.9.4/commons-beanutils-1.9.4.jar:/home/runner/.m2/repository/commons-digester/commons-digester/1.8.1/commons-digester-1.8.1.jar:/home/runner/.m2/repository/commons-collections/commons-collections/3.2.2/commons-collections-3.2.2.jar:/home/runner/.m2/repository/io/jaegertracing/jaeger-client/1.6.0/jaeger-client-1.6.0.jar:/home/runner/.m2/repository/io/jaegertracing/jaeger-thrift/1.6.0/jaeger-thrift-1.6.0.jar:/home/runner/.m2/repository/org/apache/thrift/libthrift/0.14.1/libthrift-0.14.1.jar:/home/runner/.m2/repository/com/squareup/okhttp3/okhttp/4.9.0/okhttp-4.9.0.jar:/home/runner/.m2/repository/com/squareup/okio/okio/2.8.0/okio-2.8.0.jar:/home/runner/.m2/repository/io/jaegertracing/jaeger-core/1.6.0/jaeger-core-1.6.0.jar:/home/runner/.m2/repository/io/jaegertracing/jaeger-tracerresolver/1.6.0/jaeger-tracerresolver-1.6.0.jar:/home/runner/.m2/repository/io/opentracing/contrib/opentracing-tracerresolver/0.1.8/opentracing-tracerresolver-0.1.8.jar:/home/runner/.m2/repository/org/jetbrains/kotlin/kotlin-stdlib/1.4.31/kotlin-stdlib-1.4.31.jar:/home/runner/.m2/repository/org/jetbrains/kotlin/kotlin-stdlib-common/1.4.31/kotlin-stdlib-common-1.4.31.jar:/home/runner/.m2/repository/org/jetbrains/annotations/13.0/annotations-13.0.jar:/home/runner/.m2/repository/io/opentracing/opentracing-util/0.33.0/opentracing-util-0.33.0.jar:/home/runner/.m2/repository/io/opentracing/opentracing-api/0.33.0/opentracing-api-0.33.0.jar:/home/runner/.m2/repository/io/opentracing/opentracing-noop/0.33.0/opentracing-noop-0.33.0.jar:/home/runner/.m2/repository/org/yaml/snakeyaml/1.26/snakeyaml-1.26.jar:/home/runner/.m2/repository/org/apache/ozone/hdds-interface-admin/1.3.0-SNAPSHOT/hdds-interface-admin-1.3.0-SNAPSHOT.jar:/home/runner/.m2/repository/junit/junit/4.13.1/junit-4.13.1.jar:/home/runner/.m2/repository/org/hamcrest/hamcrest-core/1.3/hamcrest-core-1.3.jar:/home/runner/.m2/repository/org/junit/jupiter/junit-jupiter-api/5.7.0/junit-jupiter-api-5.7.0.jar:/home/runner/.m2/repository/org/apiguardian/apiguardian-api/1.1.0/apiguardian-api-1.1.0.jar:/home/runner/.m2/repository/org/opentest4j/opentest4j/1.2.0/opentest4j-1.2.0.jar:/home/runner/.m2/repository/org/junit/platform/junit-platform-commons/1.7.0/junit-platform-commons-1.7.0.jar:/home/runner/.m2/repository/org/junit/jupiter/junit-jupiter-params/5.7.0/junit-jupiter-params-5.7.0.jar:/home/runner/.m2/repository/org/junit/jupiter/junit-jupiter-migrationsupport/5.7.0/junit-jupiter-migrationsupport-5.7.0.jar:/home/runner/.m2/repository/org/junit/jupiter/junit-jupiter-engine/5.7.0/junit-jupiter-engine-5.7.0.jar:/home/runner/.m2/repository/org/junit/platform/junit-platform-engine/1.7.0/junit-platform-engine-1.7.0.jar:/home/runner/.m2/repository/org/junit/vintage/junit-vintage-engine/5.7.0/junit-vintage-engine-5.7.0.jar:/home/runner/.m2/repository/org/junit/platform/junit-platform-launcher/1.7.0/junit-platform-launcher-1.7.0.jar:/home/runner/.m2/repository/org/mockito/mockito-core/2.28.2/mockito-core-2.28.2.jar:/home/runner/.m2/repository/net/bytebuddy/byte-buddy/1.9.10/byte-buddy-1.9.10.jar:/home/runner/.m2/repository/net/bytebuddy/byte-buddy-agent/1.9.10/byte-buddy-agent-1.9.10.jar:/home/runner/.m2/repository/org/objenesis/objenesis/1.0/objenesis-1.0.jar:/home/runner/.m2/repository/org/apache/hadoop/hadoop-kms/3.3.1/hadoop-kms-3.3.1.jar:/home/runner/.m2/repository/org/apache/hadoop/hadoop-auth/3.3.1/hadoop-auth-3.3.1.jar:/home/runner/.m2/repository/com/nimbusds/nimbus-jose-jwt/7.9/nimbus-jose-jwt-7.9.jar:/home/runner/.m2/repository/com/github/stephenc/jcip/jcip-annotations/1.0-1/jcip-annotations-1.0-1.jar:/home/runner/.m2/repository/net/minidev/json-smart/2.4.7/json-smart-2.4.7.jar:/home/runner/.m2/repository/net/minidev/accessors-smart/2.4.7/accessors-smart-2.4.7.jar:/home/runner/.m2/repository/org/ow2/asm/asm/5.0.4/asm-5.0.4.jar:/home/runner/.m2/repository/org/apache/zookeeper/zookeeper/3.5.6/zookeeper-3.5.6.jar:/home/runner/.m2/repository/org/apache/zookeeper/zookeeper-jute/3.5.6/zookeeper-jute-3.5.6.jar:/home/runner/.m2/repository/org/apache/yetus/audience-annotations/0.5.0/audience-annotations-0.5.0.jar:/home/runner/.m2/repository/org/apache/curator/curator-framework/4.2.0/curator-framework-4.2.0.jar:/home/runner/.m2/repository/org/apache/hadoop/thirdparty/hadoop-shaded-guava/1.1.1/hadoop-shaded-guava-1.1.1.jar:/home/runner/.m2/repository/com/sun/jersey/jersey-core/1.19/jersey-core-1.19.jar:/home/runner/.m2/repository/javax/ws/rs/jsr311-api/1.1.1/jsr311-api-1.1.1.jar:/home/runner/.m2/repository/com/sun/jersey/jersey-server/1.19/jersey-server-1.19.jar:/home/runner/.m2/repository/javax/servlet/javax.servlet-api/3.1.0/javax.servlet-api-3.1.0.jar:/home/runner/.m2/repository/org/eclipse/jetty/jetty-server/9.4.43.v20210629/jetty-server-9.4.43.v20210629.jar:/home/runner/.m2/repository/org/eclipse/jetty/jetty-http/9.4.43.v20210629/jetty-http-9.4.43.v20210629.jar:/home/runner/.m2/repository/org/eclipse/jetty/jetty-io/9.4.43.v20210629/jetty-io-9.4.43.v20210629.jar:/home/runner/.m2/repository/org/eclipse/jetty/jetty-webapp/9.4.43.v20210629/jetty-webapp-9.4.43.v20210629.jar:/home/runner/.m2/repository/org/eclipse/jetty/jetty-xml/9.4.43.v20210629/jetty-xml-9.4.43.v20210629.jar:/home/runner/.m2/repository/org/apache/hadoop/hadoop-common/3.3.1/hadoop-common-3.3.1.jar:/home/runner/.m2/repository/org/apache/commons/commons-math3/3.1.1/commons-math3-3.1.1.jar:/home/runner/.m2/repository/commons-net/commons-net/3.6/commons-net-3.6.jar:/home/runner/.m2/repository/com/sun/jersey/jersey-servlet/1.19/jersey-servlet-1.19.jar:/home/runner/.m2/repository/com/sun/jersey/jersey-json/1.19/jersey-json-1.19.jar:/home/runner/.m2/repository/org/codehaus/jettison/jettison/1.1/jettison-1.1.jar:/home/runner/.m2/repository/com/sun/xml/bind/jaxb-impl/2.2.3-1/jaxb-impl-2.2.3-1.jar:/home/runner/.m2/repository/org/codehaus/jackson/jackson-jaxrs/1.9.2/jackson-jaxrs-1.9.2.jar:/home/runner/.m2/repository/org/codehaus/jackson/jackson-xc/1.9.2/jackson-xc-1.9.2.jar:/home/runner/.m2/repository/org/apache/commons/commons-configuration2/2.1.1/commons-configuration2-2.1.1.jar:/home/runner/.m2/repository/org/apache/commons/commons-text/1.4/commons-text-1.4.jar:/home/runner/.m2/repository/com/google/re2j/re2j/1.1/re2j-1.1.jar:/home/runner/.m2/repository/com/jcraft/jsch/0.1.54/jsch-0.1.54.jar:/home/runner/.m2/repository/org/apache/curator/curator-client/4.2.0/curator-client-4.2.0.jar:/home/runner/.m2/repository/org/apache/curator/curator-recipes/4.2.0/curator-recipes-4.2.0.jar:/home/runner/.m2/repository/org/apache/kerby/kerb-core/1.0.1/kerb-core-1.0.1.jar:/home/runner/.m2/repository/org/apache/kerby/kerby-pkix/1.0.1/kerby-pkix-1.0.1.jar:/home/runner/.m2/repository/org/apache/kerby/kerby-asn1/1.0.1/kerby-asn1-1.0.1.jar:/home/runner/.m2/repository/org/apache/kerby/kerby-util/1.0.1/kerby-util-1.0.1.jar:/home/runner/.m2/repository/dnsjava/dnsjava/2.1.7/dnsjava-2.1.7.jar:/home/runner/.m2/repository/org/xerial/snappy/snappy-java/1.1.8.2/snappy-java-1.1.8.2.jar:/home/runner/.m2/repository/org/slf4j/jul-to-slf4j/1.7.30/jul-to-slf4j-1.7.30.jar:/home/runner/.m2/repository/org/eclipse/jetty/jetty-util/9.4.43.v20210629/jetty-util-9.4.43.v20210629.jar:/home/runner/.m2/repository/com/fasterxml/jackson/core/jackson-databind/2.13.2.2/jackson-databind-2.13.2.2.jar:/home/runner/.m2/repository/org/apache/hadoop/hadoop-kms/3.3.1/hadoop-kms-3.3.1-tests.jar:/home/runner/.m2/repository/org/apache/ozone/hdds-server-scm/1.3.0-SNAPSHOT/hdds-server-scm-1.3.0-SNAPSHOT-tests.jar:/home/runner/.m2/repository/org/apache/ozone/hdds-container-service/1.3.0-SNAPSHOT/hdds-container-service-1.3.0-SNAPSHOT-tests.jar:/home/runner/.m2/repository/commons-codec/commons-codec/1.11/commons-codec-1.11.jar:/home/runner/.m2/repository/io/netty/netty-codec/4.1.63.Final/netty-codec-4.1.63.Final.jar:/home/runner/.m2/repository/io/netty/netty-handler/4.1.63.Final/netty-handler-4.1.63.Final.jar:/home/runner/.m2/repository/org/apache/ozone/hdds-hadoop-dependency-test/1.3.0-SNAPSHOT/hdds-hadoop-dependency-test-1.3.0-SNAPSHOT.jar:/home/runner/.m2/repository/org/apache/hadoop/hadoop-common/3.3.1/hadoop-common-3.3.1-tests.jar:/home/runner/.m2/repository/org/assertj/assertj-core/3.12.2/assertj-core-3.12.2.jar:/home/runner/.m2/repository/org/apache/hadoop/hadoop-hdfs/3.3.1/hadoop-hdfs-3.3.1-tests.jar:/home/runner/.m2/repository/org/eclipse/jetty/jetty-util-ajax/9.4.43.v20210629/jetty-util-ajax-9.4.43.v20210629.jar:/home/runner/.m2/repository/commons-daemon/commons-daemon/1.0.13/commons-daemon-1.0.13.jar:/home/runner/.m2/repository/io/netty/netty/3.10.6.Final/netty-3.10.6.Final.jar:/home/runner/.m2/repository/io/netty/netty-all/4.1.63.Final/netty-all-4.1.63.Final.jar:/home/runner/.m2/repository/org/apache/htrace/htrace-core4/4.1.0-incubating/htrace-core4-4.1.0-incubating.jar:/home/runner/.m2/repository/org/fusesource/leveldbjni/leveldbjni-all/1.8/leveldbjni-all-1.8.jar:/home/runner/.m2/repository/org/apache/hadoop/hadoop-distcp/3.3.1/hadoop-distcp-3.3.1.jar:/home/runner/.m2/repository/org/apache/hadoop/hadoop-mapreduce-client-jobclient/3.3.1/hadoop-mapreduce-client-jobclient-3.3.1.jar:/home/runner/.m2/repository/org/apache/hadoop/hadoop-mapreduce-client-common/3.3.1/hadoop-mapreduce-client-common-3.3.1.jar:/home/runner/.m2/repository/org/apache/hadoop/hadoop-yarn-common/3.3.1/hadoop-yarn-common-3.3.1.jar:/home/runner/.m2/repository/org/apache/hadoop/hadoop-yarn-api/3.3.1/hadoop-yarn-api-3.3.1.jar:/home/runner/.m2/repository/com/sun/jersey/jersey-client/1.19/jersey-client-1.19.jar:/home/runner/.m2/repository/com/sun/jersey/contribs/jersey-guice/1.19/jersey-guice-1.19.jar:/home/runner/.m2/repository/com/fasterxml/jackson/jaxrs/jackson-jaxrs-json-provider/2.13.2/jackson-jaxrs-json-provider-2.13.2.jar:/home/runner/.m2/repository/com/fasterxml/jackson/jaxrs/jackson-jaxrs-base/2.13.2/jackson-jaxrs-base-2.13.2.jar:/home/runner/.m2/repository/org/apache/hadoop/hadoop-yarn-client/3.3.1/hadoop-yarn-client-3.3.1.jar:/home/runner/.m2/repository/org/eclipse/jetty/websocket/websocket-client/9.4.40.v20210413/websocket-client-9.4.40.v20210413.jar:/home/runner/.m2/repository/org/eclipse/jetty/jetty-client/9.4.40.v20210413/jetty-client-9.4.40.v20210413.jar:/home/runner/.m2/repository/org/eclipse/jetty/websocket/websocket-common/9.4.40.v20210413/websocket-common-9.4.40.v20210413.jar:/home/runner/.m2/repository/org/eclipse/jetty/websocket/websocket-api/9.4.40.v20210413/websocket-api-9.4.40.v20210413.jar:/home/runner/.m2/repository/org/jline/jline/3.9.0/jline-3.9.0.jar:/home/runner/.m2/repository/org/apache/hadoop/hadoop-mapreduce-client-core/3.3.1/hadoop-mapreduce-client-core-3.3.1.jar:/home/runner/.m2/repository/org/apache/avro/avro/1.7.7/avro-1.7.7.jar:/home/runner/.m2/repository/org/codehaus/jackson/jackson-core-asl/1.9.13/jackson-core-asl-1.9.13.jar:/home/runner/.m2/repository/org/codehaus/jackson/jackson-mapper-asl/1.9.13/jackson-mapper-asl-1.9.13.jar:/home/runner/.m2/repository/com/thoughtworks/paranamer/paranamer/2.3/paranamer-2.3.jar:/home/runner/.m2/repository/org/apache/hadoop/hadoop-annotations/3.3.1/hadoop-annotations-3.3.1.jar:/usr/lib/jvm/temurin-8-jdk-amd64/jre/../lib/tools.jar:/home/runner/.m2/repository/org/apache/hadoop/hadoop-distcp/3.3.1/hadoop-distcp-3.3.1-tests.jar:/home/runner/.m2/repository/org/apache/ratis/ratis-common/2.2.0/ratis-common-2.2.0.jar:/home/runner/.m2/repository/org/apache/ratis/ratis-thirdparty-misc/0.7.0/ratis-thirdparty-misc-0.7.0.jar:/home/runner/.m2/repository/org/apache/ratis/ratis-proto/2.2.0/ratis-proto-2.2.0.jar:/home/runner/.m2/repository/org/apache/ozone/ozone-annotation-processing/1.3.0-SNAPSHOT/ozone-annotation-processing-1.3.0-SNAPSHOT.jar:"/>
    <property name="java.vm.vendor" value="Temurin"/>
    <property name="sun.arch.data.model" value="64"/>
    <property name="test.build.dir" value="/home/runner/work/ozone/ozone/hadoop-ozone/integration-test/target/test-dir"/>
    <property name="test.cache.data" value=""/>
    <property name="java.vendor.url" value="https://adoptium.net/"/>
    <property name="user.timezone" value="Etc/UTC"/>
    <property name="java.vm.specification.version" value="1.8"/>
    <property name="os.name" value="Linux"/>
    <property name="test.build.data" value="/home/runner/work/ozone/ozone/hadoop-ozone/integration-test/target/test-dir"/>
    <property name="sun.java.launcher" value="SUN_STANDARD"/>
    <property name="sun.boot.library.path" value="/usr/lib/jvm/temurin-8-jdk-amd64/jre/lib/amd64"/>
    <property name="sun.java.command" value="/home/runner/work/ozone/ozone/hadoop-ozone/integration-test/target/surefire/surefirebooter1157858337362535368.jar /home/runner/work/ozone/ozone/hadoop-ozone/integration-test/target/surefire 2022-05-11T01-01-32_781-jvmRun1 surefire2690240193302398714tmp surefire_285379514290328060068tmp"/>
    <property name="surefire.test.class.path" value="/home/runner/work/ozone/ozone/hadoop-ozone/integration-test/target/test-classes:/home/runner/work/ozone/ozone/hadoop-ozone/integration-test/target/classes:/home/runner/.m2/repository/org/apache/ozone/ozone-common/1.3.0-SNAPSHOT/ozone-common-1.3.0-SNAPSHOT.jar:/home/runner/.m2/repository/io/grpc/grpc-netty/1.38.0/grpc-netty-1.38.0.jar:/home/runner/.m2/repository/io/grpc/grpc-core/1.38.0/grpc-core-1.38.0.jar:/home/runner/.m2/repository/com/google/android/annotations/4.1.1.4/annotations-4.1.1.4.jar:/home/runner/.m2/repository/com/google/errorprone/error_prone_annotations/2.2.0/error_prone_annotations-2.2.0.jar:/home/runner/.m2/repository/io/perfmark/perfmark-api/0.23.0/perfmark-api-0.23.0.jar:/home/runner/.m2/repository/org/codehaus/mojo/animal-sniffer-annotations/1.19/animal-sniffer-annotations-1.19.jar:/home/runner/.m2/repository/com/google/code/findbugs/jsr305/3.0.0/jsr305-3.0.0.jar:/home/runner/.m2/repository/io/netty/netty-codec-http2/4.1.63.Final/netty-codec-http2-4.1.63.Final.jar:/home/runner/.m2/repository/io/netty/netty-common/4.1.63.Final/netty-common-4.1.63.Final.jar:/home/runner/.m2/repository/io/netty/netty-buffer/4.1.63.Final/netty-buffer-4.1.63.Final.jar:/home/runner/.m2/repository/io/netty/netty-codec-http/4.1.63.Final/netty-codec-http-4.1.63.Final.jar:/home/runner/.m2/repository/io/netty/netty-handler-proxy/4.1.63.Final/netty-handler-proxy-4.1.63.Final.jar:/home/runner/.m2/repository/io/netty/netty-codec-socks/4.1.63.Final/netty-codec-socks-4.1.63.Final.jar:/home/runner/.m2/repository/io/netty/netty-tcnative-boringssl-static/2.0.38.Final/netty-tcnative-boringssl-static-2.0.38.Final.jar:/home/runner/.m2/repository/io/netty/netty-tcnative/2.0.38.Final/netty-tcnative-2.0.38.Final.jar:/home/runner/.m2/repository/org/apache/commons/commons-compress/1.21/commons-compress-1.21.jar:/home/runner/.m2/repository/org/apache/ozone/hdds-common/1.3.0-SNAPSHOT/hdds-common-1.3.0-SNAPSHOT.jar:/home/runner/.m2/repository/org/apache/ozone/hdds-client/1.3.0-SNAPSHOT/hdds-client-1.3.0-SNAPSHOT.jar:/home/runner/.m2/repository/org/apache/ozone/ozone-interface-client/1.3.0-SNAPSHOT/ozone-interface-client-1.3.0-SNAPSHOT.jar:/home/runner/.m2/repository/org/apache/ozone/hdds-test-utils/1.3.0-SNAPSHOT/hdds-test-utils-1.3.0-SNAPSHOT.jar:/home/runner/.m2/repository/com/google/guava/guava/30.1.1-jre/guava-30.1.1-jre.jar:/home/runner/.m2/repository/com/google/guava/failureaccess/1.0.1/failureaccess-1.0.1.jar:/home/runner/.m2/repository/com/google/guava/listenablefuture/9999.0-empty-to-avoid-conflict-with-guava/listenablefuture-9999.0-empty-to-avoid-conflict-with-guava.jar:/home/runner/.m2/repository/org/checkerframework/checker-qual/3.8.0/checker-qual-3.8.0.jar:/home/runner/.m2/repository/com/google/j2objc/j2objc-annotations/1.3/j2objc-annotations-1.3.jar:/home/runner/.m2/repository/commons-io/commons-io/2.11.0/commons-io-2.11.0.jar:/home/runner/.m2/repository/commons-logging/commons-logging/1.2/commons-logging-1.2.jar:/home/runner/.m2/repository/log4j/log4j/1.2.17/log4j-1.2.17.jar:/home/runner/.m2/repository/org/slf4j/slf4j-api/1.7.30/slf4j-api-1.7.30.jar:/home/runner/.m2/repository/org/apache/ozone/hdds-server-scm/1.3.0-SNAPSHOT/hdds-server-scm-1.3.0-SNAPSHOT.jar:/home/runner/.m2/repository/org/apache/ozone/hdds-container-service/1.3.0-SNAPSHOT/hdds-container-service-1.3.0-SNAPSHOT.jar:/home/runner/.m2/repository/org/apache/ozone/hdds-hadoop-dependency-server/1.3.0-SNAPSHOT/hdds-hadoop-dependency-server-1.3.0-SNAPSHOT.jar:/home/runner/.m2/repository/org/apache/hadoop/hadoop-hdfs/3.3.1/hadoop-hdfs-3.3.1.jar:/home/runner/.m2/repository/org/apache/ozone/hdds-server-framework/1.3.0-SNAPSHOT/hdds-server-framework-1.3.0-SNAPSHOT.jar:/home/runner/.m2/repository/org/apache/ozone/hdds-interface-server/1.3.0-SNAPSHOT/hdds-interface-server-1.3.0-SNAPSHOT.jar:/home/runner/.m2/repository/org/apache/logging/log4j/log4j-core/2.17.1/log4j-core-2.17.1.jar:/home/runner/.m2/repository/com/lmax/disruptor/3.4.2/disruptor-3.4.2.jar:/home/runner/.m2/repository/org/eclipse/jetty/jetty-servlet/9.4.43.v20210629/jetty-servlet-9.4.43.v20210629.jar:/home/runner/.m2/repository/org/eclipse/jetty/jetty-security/9.4.43.v20210629/jetty-security-9.4.43.v20210629.jar:/home/runner/.m2/repository/org/rocksdb/rocksdbjni/7.0.4/rocksdbjni-7.0.4.jar:/home/runner/.m2/repository/io/prometheus/simpleclient_dropwizard/0.7.0/simpleclient_dropwizard-0.7.0.jar:/home/runner/.m2/repository/io/prometheus/simpleclient/0.7.0/simpleclient-0.7.0.jar:/home/runner/.m2/repository/io/prometheus/simpleclient_common/0.7.0/simpleclient_common-0.7.0.jar:/home/runner/.m2/repository/io/dropwizard/metrics/metrics-core/3.2.4/metrics-core-3.2.4.jar:/home/runner/.m2/repository/org/apache/hadoop/hadoop-hdfs-client/3.3.1/hadoop-hdfs-client-3.3.1.jar:/home/runner/.m2/repository/org/bouncycastle/bcprov-jdk15on/1.67/bcprov-jdk15on-1.67.jar:/home/runner/.m2/repository/com/google/protobuf/protobuf-java/2.5.0/protobuf-java-2.5.0.jar:/home/runner/.m2/repository/org/apache/ozone/ozone-manager/1.3.0-SNAPSHOT/ozone-manager-1.3.0-SNAPSHOT.jar:/home/runner/.m2/repository/org/aspectj/aspectjrt/1.9.7/aspectjrt-1.9.7.jar:/home/runner/.m2/repository/org/aspectj/aspectjweaver/1.9.7/aspectjweaver-1.9.7.jar:/home/runner/.m2/repository/org/apache/ozone/hdds-interface-client/1.3.0-SNAPSHOT/hdds-interface-client-1.3.0-SNAPSHOT.jar:/home/runner/.m2/repository/org/apache/hadoop/thirdparty/hadoop-shaded-protobuf_3_7/1.1.1/hadoop-shaded-protobuf_3_7-1.1.1.jar:/home/runner/.m2/repository/org/apache/ozone/ozone-interface-storage/1.3.0-SNAPSHOT/ozone-interface-storage-1.3.0-SNAPSHOT.jar:/home/runner/.m2/repository/org/reflections/reflections/0.9.11/reflections-0.9.11.jar:/home/runner/.m2/repository/org/apache/hadoop/hadoop-minikdc/3.3.1/hadoop-minikdc-3.3.1.jar:/home/runner/.m2/repository/org/apache/kerby/kerb-simplekdc/1.0.1/kerb-simplekdc-1.0.1.jar:/home/runner/.m2/repository/org/apache/kerby/kerb-client/1.0.1/kerb-client-1.0.1.jar:/home/runner/.m2/repository/org/apache/kerby/kerby-config/1.0.1/kerby-config-1.0.1.jar:/home/runner/.m2/repository/org/apache/kerby/kerb-common/1.0.1/kerb-common-1.0.1.jar:/home/runner/.m2/repository/org/apache/kerby/kerb-crypto/1.0.1/kerb-crypto-1.0.1.jar:/home/runner/.m2/repository/org/apache/kerby/kerb-util/1.0.1/kerb-util-1.0.1.jar:/home/runner/.m2/repository/org/apache/kerby/token-provider/1.0.1/token-provider-1.0.1.jar:/home/runner/.m2/repository/org/apache/kerby/kerb-admin/1.0.1/kerb-admin-1.0.1.jar:/home/runner/.m2/repository/org/apache/kerby/kerb-server/1.0.1/kerb-server-1.0.1.jar:/home/runner/.m2/repository/org/apache/kerby/kerb-identity/1.0.1/kerb-identity-1.0.1.jar:/home/runner/.m2/repository/org/apache/kerby/kerby-xdr/1.0.1/kerby-xdr-1.0.1.jar:/home/runner/.m2/repository/org/slf4j/slf4j-log4j12/1.7.30/slf4j-log4j12-1.7.30.jar:/home/runner/.m2/repository/org/apache/ozone/ozone-s3gateway/1.3.0-SNAPSHOT/ozone-s3gateway-1.3.0-SNAPSHOT.jar:/home/runner/.m2/repository/org/javassist/javassist/3.21.0-GA/javassist-3.21.0-GA.jar:/home/runner/.m2/repository/org/jboss/weld/servlet/weld-servlet/2.4.7.Final/weld-servlet-2.4.7.Final.jar:/home/runner/.m2/repository/org/glassfish/jersey/containers/jersey-container-servlet-core/2.33/jersey-container-servlet-core-2.33.jar:/home/runner/.m2/repository/org/glassfish/hk2/external/jakarta.inject/2.6.1/jakarta.inject-2.6.1.jar:/home/runner/.m2/repository/org/glassfish/jersey/core/jersey-common/2.33/jersey-common-2.33.jar:/home/runner/.m2/repository/jakarta/ws/rs/jakarta.ws.rs-api/2.1.6/jakarta.ws.rs-api-2.1.6.jar:/home/runner/.m2/repository/org/glassfish/jersey/ext/cdi/jersey-cdi1x/2.33/jersey-cdi1x-2.33.jar:/home/runner/.m2/repository/org/glassfish/jersey/inject/jersey-hk2/2.33/jersey-hk2-2.33.jar:/home/runner/.m2/repository/org/glassfish/hk2/hk2-locator/2.6.1/hk2-locator-2.6.1.jar:/home/runner/.m2/repository/org/glassfish/jersey/media/jersey-media-jaxb/2.33/jersey-media-jaxb-2.33.jar:/home/runner/.m2/repository/org/glassfish/hk2/osgi-resource-locator/1.0.3/osgi-resource-locator-1.0.3.jar:/home/runner/.m2/repository/org/glassfish/hk2/hk2-api/2.5.0/hk2-api-2.5.0.jar:/home/runner/.m2/repository/org/glassfish/hk2/hk2-utils/2.5.0/hk2-utils-2.5.0.jar:/home/runner/.m2/repository/org/glassfish/hk2/external/aopalliance-repackaged/2.5.0/aopalliance-repackaged-2.5.0.jar:/home/runner/.m2/repository/com/fasterxml/jackson/dataformat/jackson-dataformat-xml/2.13.2/jackson-dataformat-xml-2.13.2.jar:/home/runner/.m2/repository/com/fasterxml/jackson/core/jackson-core/2.13.2/jackson-core-2.13.2.jar:/home/runner/.m2/repository/org/codehaus/woodstox/stax2-api/3.1.4/stax2-api-3.1.4.jar:/home/runner/.m2/repository/com/fasterxml/woodstox/woodstox-core/5.0.3/woodstox-core-5.0.3.jar:/home/runner/.m2/repository/com/fasterxml/jackson/module/jackson-module-jaxb-annotations/2.13.2/jackson-module-jaxb-annotations-2.13.2.jar:/home/runner/.m2/repository/jakarta/xml/bind/jakarta.xml.bind-api/2.3.3/jakarta.xml.bind-api-2.3.3.jar:/home/runner/.m2/repository/jakarta/activation/jakarta.activation-api/1.2.1/jakarta.activation-api-1.2.1.jar:/home/runner/.m2/repository/javax/enterprise/cdi-api/1.2/cdi-api-1.2.jar:/home/runner/.m2/repository/javax/el/javax.el-api/3.0.0/javax.el-api-3.0.0.jar:/home/runner/.m2/repository/javax/interceptor/javax.interceptor-api/1.2/javax.interceptor-api-1.2.jar:/home/runner/.m2/repository/javax/inject/javax.inject/1/javax.inject-1.jar:/home/runner/.m2/repository/javax/xml/bind/jaxb-api/2.3.0/jaxb-api-2.3.0.jar:/home/runner/.m2/repository/org/glassfish/jaxb/jaxb-runtime/2.3.0.1/jaxb-runtime-2.3.0.1.jar:/home/runner/.m2/repository/org/glassfish/jaxb/jaxb-core/2.3.0.1/jaxb-core-2.3.0.1.jar:/home/runner/.m2/repository/org/glassfish/jaxb/txw2/2.3.0.1/txw2-2.3.0.1.jar:/home/runner/.m2/repository/com/sun/istack/istack-commons-runtime/3.0.5/istack-commons-runtime-3.0.5.jar:/home/runner/.m2/repository/org/jvnet/staxex/stax-ex/1.7.8/stax-ex-1.7.8.jar:/home/runner/.m2/repository/com/sun/xml/fastinfoset/FastInfoset/1.2.13/FastInfoset-1.2.13.jar:/home/runner/.m2/repository/javax/activation/activation/1.1.1/activation-1.1.1.jar:/home/runner/.m2/repository/io/grpc/grpc-protobuf/1.38.0/grpc-protobuf-1.38.0.jar:/home/runner/.m2/repository/io/grpc/grpc-api/1.38.0/grpc-api-1.38.0.jar:/home/runner/.m2/repository/io/grpc/grpc-context/1.38.0/grpc-context-1.38.0.jar:/home/runner/.m2/repository/com/google/api/grpc/proto-google-common-protos/2.0.1/proto-google-common-protos-2.0.1.jar:/home/runner/.m2/repository/io/grpc/grpc-protobuf-lite/1.38.0/grpc-protobuf-lite-1.38.0.jar:/home/runner/.m2/repository/io/grpc/grpc-stub/1.38.0/grpc-stub-1.38.0.jar:/home/runner/.m2/repository/io/netty/netty-transport/4.1.63.Final/netty-transport-4.1.63.Final.jar:/home/runner/.m2/repository/io/netty/netty-resolver/4.1.63.Final/netty-resolver-4.1.63.Final.jar:/home/runner/.m2/repository/org/apache/ozone/ozone-csi/1.3.0-SNAPSHOT/ozone-csi-1.3.0-SNAPSHOT.jar:/home/runner/.m2/repository/com/google/protobuf/protobuf-java-util/3.12.0/protobuf-java-util-3.12.0.jar:/home/runner/.m2/repository/com/google/code/gson/gson/2.2.4/gson-2.2.4.jar:/home/runner/.m2/repository/org/apache/ozone/hdds-config/1.3.0-SNAPSHOT/hdds-config-1.3.0-SNAPSHOT.jar:/home/runner/.m2/repository/io/netty/netty-transport-native-epoll/4.1.63.Final/netty-transport-native-epoll-4.1.63.Final.jar:/home/runner/.m2/repository/io/netty/netty-transport-native-unix-common/4.1.63.Final/netty-transport-native-unix-common-4.1.63.Final.jar:/home/runner/.m2/repository/org/apache/ozone/ozone-recon/1.3.0-SNAPSHOT/ozone-recon-1.3.0-SNAPSHOT.jar:/home/runner/.m2/repository/org/apache/ozone/ozone-reconcodegen/1.3.0-SNAPSHOT/ozone-reconcodegen-1.3.0-SNAPSHOT.jar:/home/runner/.m2/repository/com/google/inject/extensions/guice-multibindings/4.0/guice-multibindings-4.0.jar:/home/runner/.m2/repository/com/google/inject/guice/4.0/guice-4.0.jar:/home/runner/.m2/repository/aopalliance/aopalliance/1.0/aopalliance-1.0.jar:/home/runner/.m2/repository/com/google/inject/extensions/guice-assistedinject/4.0/guice-assistedinject-4.0.jar:/home/runner/.m2/repository/com/google/inject/extensions/guice-servlet/4.0/guice-servlet-4.0.jar:/home/runner/.m2/repository/org/glassfish/jersey/containers/jersey-container-servlet/2.33/jersey-container-servlet-2.33.jar:/home/runner/.m2/repository/org/glassfish/hk2/guice-bridge/2.5.0/guice-bridge-2.5.0.jar:/home/runner/.m2/repository/org/glassfish/jersey/core/jersey-server/2.33/jersey-server-2.33.jar:/home/runner/.m2/repository/org/glassfish/jersey/core/jersey-client/2.33/jersey-client-2.33.jar:/home/runner/.m2/repository/jakarta/annotation/jakarta.annotation-api/1.3.5/jakarta.annotation-api-1.3.5.jar:/home/runner/.m2/repository/jakarta/validation/jakarta.validation-api/2.0.2/jakarta.validation-api-2.0.2.jar:/home/runner/.m2/repository/org/glassfish/jersey/media/jersey-media-json-jackson/2.33/jersey-media-json-jackson-2.33.jar:/home/runner/.m2/repository/org/glassfish/jersey/ext/jersey-entity-filtering/2.33/jersey-entity-filtering-2.33.jar:/home/runner/.m2/repository/org/jooq/jooq/3.11.10/jooq-3.11.10.jar:/home/runner/.m2/repository/org/jooq/jooq-meta/3.11.10/jooq-meta-3.11.10.jar:/home/runner/.m2/repository/org/jooq/jooq-codegen/3.11.10/jooq-codegen-3.11.10.jar:/home/runner/.m2/repository/com/jolbox/bonecp/0.8.0.RELEASE/bonecp-0.8.0.RELEASE.jar:/home/runner/.m2/repository/org/apache/derby/derby/10.14.2.0/derby-10.14.2.0.jar:/home/runner/.m2/repository/org/xerial/sqlite-jdbc/3.25.2/sqlite-jdbc-3.25.2.jar:/home/runner/.m2/repository/org/springframework/spring-jdbc/5.2.20.RELEASE/spring-jdbc-5.2.20.RELEASE.jar:/home/runner/.m2/repository/org/springframework/spring-beans/5.2.20.RELEASE/spring-beans-5.2.20.RELEASE.jar:/home/runner/.m2/repository/org/springframework/spring-core/5.2.20.RELEASE/spring-core-5.2.20.RELEASE.jar:/home/runner/.m2/repository/org/springframework/spring-jcl/5.2.20.RELEASE/spring-jcl-5.2.20.RELEASE.jar:/home/runner/.m2/repository/org/springframework/spring-tx/5.2.20.RELEASE/spring-tx-5.2.20.RELEASE.jar:/home/runner/.m2/repository/org/apache/ozone/ozone-client/1.3.0-SNAPSHOT/ozone-client-1.3.0-SNAPSHOT.jar:/home/runner/.m2/repository/org/apache/ozone/hdds-erasurecode/1.3.0-SNAPSHOT/hdds-erasurecode-1.3.0-SNAPSHOT.jar:/home/runner/.m2/repository/com/github/spotbugs/spotbugs-annotations/3.1.12/spotbugs-annotations-3.1.12.jar:/home/runner/.m2/repository/org/apache/ozone/ozone-filesystem/1.3.0-SNAPSHOT/ozone-filesystem-1.3.0-SNAPSHOT.jar:/home/runner/.m2/repository/org/apache/ozone/ozone-filesystem-common/1.3.0-SNAPSHOT/ozone-filesystem-common-1.3.0-SNAPSHOT.jar:/home/runner/.m2/repository/org/apache/ozone/ozone-tools/1.3.0-SNAPSHOT/ozone-tools-1.3.0-SNAPSHOT.jar:/home/runner/.m2/repository/org/apache/ratis/ratis-tools/2.2.0/ratis-tools-2.2.0.jar:/home/runner/.m2/repository/com/amazonaws/aws-java-sdk-core/1.12.124/aws-java-sdk-core-1.12.124.jar:/home/runner/.m2/repository/org/apache/httpcomponents/httpclient/4.5.13/httpclient-4.5.13.jar:/home/runner/.m2/repository/org/apache/httpcomponents/httpcore/4.4.13/httpcore-4.4.13.jar:/home/runner/.m2/repository/software/amazon/ion/ion-java/1.0.2/ion-java-1.0.2.jar:/home/runner/.m2/repository/com/fasterxml/jackson/dataformat/jackson-dataformat-cbor/2.13.2/jackson-dataformat-cbor-2.13.2.jar:/home/runner/.m2/repository/joda-time/joda-time/2.8.1/joda-time-2.8.1.jar:/home/runner/.m2/repository/com/amazonaws/aws-java-sdk-s3/1.12.124/aws-java-sdk-s3-1.12.124.jar:/home/runner/.m2/repository/com/amazonaws/aws-java-sdk-kms/1.12.124/aws-java-sdk-kms-1.12.124.jar:/home/runner/.m2/repository/com/amazonaws/jmespath-java/1.12.124/jmespath-java-1.12.124.jar:/home/runner/.m2/repository/org/kohsuke/metainf-services/metainf-services/1.8/metainf-services-1.8.jar:/home/runner/.m2/repository/org/apache/ozone/hdds-tools/1.3.0-SNAPSHOT/hdds-tools-1.3.0-SNAPSHOT.jar:/home/runner/.m2/repository/commons-cli/commons-cli/1.2/commons-cli-1.2.jar:/home/runner/.m2/repository/org/apache/commons/commons-lang3/3.7/commons-lang3-3.7.jar:/home/runner/.m2/repository/org/apache/ozone/ozone-manager/1.3.0-SNAPSHOT/ozone-manager-1.3.0-SNAPSHOT-tests.jar:/home/runner/.m2/repository/org/apache/ozone/hdds-common/1.3.0-SNAPSHOT/hdds-common-1.3.0-SNAPSHOT-tests.jar:/home/runner/.m2/repository/org/apache/ozone/hdds-hadoop-dependency-client/1.3.0-SNAPSHOT/hdds-hadoop-dependency-client-1.3.0-SNAPSHOT.jar:/home/runner/.m2/repository/info/picocli/picocli/4.6.1/picocli-4.6.1.jar:/home/runner/.m2/repository/com/fasterxml/jackson/core/jackson-annotations/2.13.2/jackson-annotations-2.13.2.jar:/home/runner/.m2/repository/com/fasterxml/jackson/datatype/jackson-datatype-jsr310/2.13.2/jackson-datatype-jsr310-2.13.2.jar:/home/runner/.m2/repository/javax/annotation/javax.annotation-api/1.2/javax.annotation-api-1.2.jar:/home/runner/.m2/repository/org/apache/ratis/ratis-server/2.2.0/ratis-server-2.2.0.jar:/home/runner/.m2/repository/org/apache/ratis/ratis-client/2.2.0/ratis-client-2.2.0.jar:/home/runner/.m2/repository/org/apache/ratis/ratis-server-api/2.2.0/ratis-server-api-2.2.0.jar:/home/runner/.m2/repository/org/apache/ratis/ratis-metrics/2.2.0/ratis-metrics-2.2.0.jar:/home/runner/.m2/repository/org/apache/ratis/ratis-netty/2.2.0/ratis-netty-2.2.0.jar:/home/runner/.m2/repository/org/apache/ratis/ratis-grpc/2.2.0/ratis-grpc-2.2.0.jar:/home/runner/.m2/repository/org/apache/logging/log4j/log4j-api/2.17.1/log4j-api-2.17.1.jar:/home/runner/.m2/repository/org/apache/commons/commons-pool2/2.6.0/commons-pool2-2.6.0.jar:/home/runner/.m2/repository/org/bouncycastle/bcpkix-jdk15on/1.67/bcpkix-jdk15on-1.67.jar:/home/runner/.m2/repository/commons-validator/commons-validator/1.6/commons-validator-1.6.jar:/home/runner/.m2/repository/commons-beanutils/commons-beanutils/1.9.4/commons-beanutils-1.9.4.jar:/home/runner/.m2/repository/commons-digester/commons-digester/1.8.1/commons-digester-1.8.1.jar:/home/runner/.m2/repository/commons-collections/commons-collections/3.2.2/commons-collections-3.2.2.jar:/home/runner/.m2/repository/io/jaegertracing/jaeger-client/1.6.0/jaeger-client-1.6.0.jar:/home/runner/.m2/repository/io/jaegertracing/jaeger-thrift/1.6.0/jaeger-thrift-1.6.0.jar:/home/runner/.m2/repository/org/apache/thrift/libthrift/0.14.1/libthrift-0.14.1.jar:/home/runner/.m2/repository/com/squareup/okhttp3/okhttp/4.9.0/okhttp-4.9.0.jar:/home/runner/.m2/repository/com/squareup/okio/okio/2.8.0/okio-2.8.0.jar:/home/runner/.m2/repository/io/jaegertracing/jaeger-core/1.6.0/jaeger-core-1.6.0.jar:/home/runner/.m2/repository/io/jaegertracing/jaeger-tracerresolver/1.6.0/jaeger-tracerresolver-1.6.0.jar:/home/runner/.m2/repository/io/opentracing/contrib/opentracing-tracerresolver/0.1.8/opentracing-tracerresolver-0.1.8.jar:/home/runner/.m2/repository/org/jetbrains/kotlin/kotlin-stdlib/1.4.31/kotlin-stdlib-1.4.31.jar:/home/runner/.m2/repository/org/jetbrains/kotlin/kotlin-stdlib-common/1.4.31/kotlin-stdlib-common-1.4.31.jar:/home/runner/.m2/repository/org/jetbrains/annotations/13.0/annotations-13.0.jar:/home/runner/.m2/repository/io/opentracing/opentracing-util/0.33.0/opentracing-util-0.33.0.jar:/home/runner/.m2/repository/io/opentracing/opentracing-api/0.33.0/opentracing-api-0.33.0.jar:/home/runner/.m2/repository/io/opentracing/opentracing-noop/0.33.0/opentracing-noop-0.33.0.jar:/home/runner/.m2/repository/org/yaml/snakeyaml/1.26/snakeyaml-1.26.jar:/home/runner/.m2/repository/org/apache/ozone/hdds-interface-admin/1.3.0-SNAPSHOT/hdds-interface-admin-1.3.0-SNAPSHOT.jar:/home/runner/.m2/repository/junit/junit/4.13.1/junit-4.13.1.jar:/home/runner/.m2/repository/org/hamcrest/hamcrest-core/1.3/hamcrest-core-1.3.jar:/home/runner/.m2/repository/org/junit/jupiter/junit-jupiter-api/5.7.0/junit-jupiter-api-5.7.0.jar:/home/runner/.m2/repository/org/apiguardian/apiguardian-api/1.1.0/apiguardian-api-1.1.0.jar:/home/runner/.m2/repository/org/opentest4j/opentest4j/1.2.0/opentest4j-1.2.0.jar:/home/runner/.m2/repository/org/junit/platform/junit-platform-commons/1.7.0/junit-platform-commons-1.7.0.jar:/home/runner/.m2/repository/org/junit/jupiter/junit-jupiter-params/5.7.0/junit-jupiter-params-5.7.0.jar:/home/runner/.m2/repository/org/junit/jupiter/junit-jupiter-migrationsupport/5.7.0/junit-jupiter-migrationsupport-5.7.0.jar:/home/runner/.m2/repository/org/junit/jupiter/junit-jupiter-engine/5.7.0/junit-jupiter-engine-5.7.0.jar:/home/runner/.m2/repository/org/junit/platform/junit-platform-engine/1.7.0/junit-platform-engine-1.7.0.jar:/home/runner/.m2/repository/org/junit/vintage/junit-vintage-engine/5.7.0/junit-vintage-engine-5.7.0.jar:/home/runner/.m2/repository/org/junit/platform/junit-platform-launcher/1.7.0/junit-platform-launcher-1.7.0.jar:/home/runner/.m2/repository/org/mockito/mockito-core/2.28.2/mockito-core-2.28.2.jar:/home/runner/.m2/repository/net/bytebuddy/byte-buddy/1.9.10/byte-buddy-1.9.10.jar:/home/runner/.m2/repository/net/bytebuddy/byte-buddy-agent/1.9.10/byte-buddy-agent-1.9.10.jar:/home/runner/.m2/repository/org/objenesis/objenesis/1.0/objenesis-1.0.jar:/home/runner/.m2/repository/org/apache/hadoop/hadoop-kms/3.3.1/hadoop-kms-3.3.1.jar:/home/runner/.m2/repository/org/apache/hadoop/hadoop-auth/3.3.1/hadoop-auth-3.3.1.jar:/home/runner/.m2/repository/com/nimbusds/nimbus-jose-jwt/7.9/nimbus-jose-jwt-7.9.jar:/home/runner/.m2/repository/com/github/stephenc/jcip/jcip-annotations/1.0-1/jcip-annotations-1.0-1.jar:/home/runner/.m2/repository/net/minidev/json-smart/2.4.7/json-smart-2.4.7.jar:/home/runner/.m2/repository/net/minidev/accessors-smart/2.4.7/accessors-smart-2.4.7.jar:/home/runner/.m2/repository/org/ow2/asm/asm/5.0.4/asm-5.0.4.jar:/home/runner/.m2/repository/org/apache/zookeeper/zookeeper/3.5.6/zookeeper-3.5.6.jar:/home/runner/.m2/repository/org/apache/zookeeper/zookeeper-jute/3.5.6/zookeeper-jute-3.5.6.jar:/home/runner/.m2/repository/org/apache/yetus/audience-annotations/0.5.0/audience-annotations-0.5.0.jar:/home/runner/.m2/repository/org/apache/curator/curator-framework/4.2.0/curator-framework-4.2.0.jar:/home/runner/.m2/repository/org/apache/hadoop/thirdparty/hadoop-shaded-guava/1.1.1/hadoop-shaded-guava-1.1.1.jar:/home/runner/.m2/repository/com/sun/jersey/jersey-core/1.19/jersey-core-1.19.jar:/home/runner/.m2/repository/javax/ws/rs/jsr311-api/1.1.1/jsr311-api-1.1.1.jar:/home/runner/.m2/repository/com/sun/jersey/jersey-server/1.19/jersey-server-1.19.jar:/home/runner/.m2/repository/javax/servlet/javax.servlet-api/3.1.0/javax.servlet-api-3.1.0.jar:/home/runner/.m2/repository/org/eclipse/jetty/jetty-server/9.4.43.v20210629/jetty-server-9.4.43.v20210629.jar:/home/runner/.m2/repository/org/eclipse/jetty/jetty-http/9.4.43.v20210629/jetty-http-9.4.43.v20210629.jar:/home/runner/.m2/repository/org/eclipse/jetty/jetty-io/9.4.43.v20210629/jetty-io-9.4.43.v20210629.jar:/home/runner/.m2/repository/org/eclipse/jetty/jetty-webapp/9.4.43.v20210629/jetty-webapp-9.4.43.v20210629.jar:/home/runner/.m2/repository/org/eclipse/jetty/jetty-xml/9.4.43.v20210629/jetty-xml-9.4.43.v20210629.jar:/home/runner/.m2/repository/org/apache/hadoop/hadoop-common/3.3.1/hadoop-common-3.3.1.jar:/home/runner/.m2/repository/org/apache/commons/commons-math3/3.1.1/commons-math3-3.1.1.jar:/home/runner/.m2/repository/commons-net/commons-net/3.6/commons-net-3.6.jar:/home/runner/.m2/repository/com/sun/jersey/jersey-servlet/1.19/jersey-servlet-1.19.jar:/home/runner/.m2/repository/com/sun/jersey/jersey-json/1.19/jersey-json-1.19.jar:/home/runner/.m2/repository/org/codehaus/jettison/jettison/1.1/jettison-1.1.jar:/home/runner/.m2/repository/com/sun/xml/bind/jaxb-impl/2.2.3-1/jaxb-impl-2.2.3-1.jar:/home/runner/.m2/repository/org/codehaus/jackson/jackson-jaxrs/1.9.2/jackson-jaxrs-1.9.2.jar:/home/runner/.m2/repository/org/codehaus/jackson/jackson-xc/1.9.2/jackson-xc-1.9.2.jar:/home/runner/.m2/repository/org/apache/commons/commons-configuration2/2.1.1/commons-configuration2-2.1.1.jar:/home/runner/.m2/repository/org/apache/commons/commons-text/1.4/commons-text-1.4.jar:/home/runner/.m2/repository/com/google/re2j/re2j/1.1/re2j-1.1.jar:/home/runner/.m2/repository/com/jcraft/jsch/0.1.54/jsch-0.1.54.jar:/home/runner/.m2/repository/org/apache/curator/curator-client/4.2.0/curator-client-4.2.0.jar:/home/runner/.m2/repository/org/apache/curator/curator-recipes/4.2.0/curator-recipes-4.2.0.jar:/home/runner/.m2/repository/org/apache/kerby/kerb-core/1.0.1/kerb-core-1.0.1.jar:/home/runner/.m2/repository/org/apache/kerby/kerby-pkix/1.0.1/kerby-pkix-1.0.1.jar:/home/runner/.m2/repository/org/apache/kerby/kerby-asn1/1.0.1/kerby-asn1-1.0.1.jar:/home/runner/.m2/repository/org/apache/kerby/kerby-util/1.0.1/kerby-util-1.0.1.jar:/home/runner/.m2/repository/dnsjava/dnsjava/2.1.7/dnsjava-2.1.7.jar:/home/runner/.m2/repository/org/xerial/snappy/snappy-java/1.1.8.2/snappy-java-1.1.8.2.jar:/home/runner/.m2/repository/org/slf4j/jul-to-slf4j/1.7.30/jul-to-slf4j-1.7.30.jar:/home/runner/.m2/repository/org/eclipse/jetty/jetty-util/9.4.43.v20210629/jetty-util-9.4.43.v20210629.jar:/home/runner/.m2/repository/com/fasterxml/jackson/core/jackson-databind/2.13.2.2/jackson-databind-2.13.2.2.jar:/home/runner/.m2/repository/org/apache/hadoop/hadoop-kms/3.3.1/hadoop-kms-3.3.1-tests.jar:/home/runner/.m2/repository/org/apache/ozone/hdds-server-scm/1.3.0-SNAPSHOT/hdds-server-scm-1.3.0-SNAPSHOT-tests.jar:/home/runner/.m2/repository/org/apache/ozone/hdds-container-service/1.3.0-SNAPSHOT/hdds-container-service-1.3.0-SNAPSHOT-tests.jar:/home/runner/.m2/repository/commons-codec/commons-codec/1.11/commons-codec-1.11.jar:/home/runner/.m2/repository/io/netty/netty-codec/4.1.63.Final/netty-codec-4.1.63.Final.jar:/home/runner/.m2/repository/io/netty/netty-handler/4.1.63.Final/netty-handler-4.1.63.Final.jar:/home/runner/.m2/repository/org/apache/ozone/hdds-hadoop-dependency-test/1.3.0-SNAPSHOT/hdds-hadoop-dependency-test-1.3.0-SNAPSHOT.jar:/home/runner/.m2/repository/org/apache/hadoop/hadoop-common/3.3.1/hadoop-common-3.3.1-tests.jar:/home/runner/.m2/repository/org/assertj/assertj-core/3.12.2/assertj-core-3.12.2.jar:/home/runner/.m2/repository/org/apache/hadoop/hadoop-hdfs/3.3.1/hadoop-hdfs-3.3.1-tests.jar:/home/runner/.m2/repository/org/eclipse/jetty/jetty-util-ajax/9.4.43.v20210629/jetty-util-ajax-9.4.43.v20210629.jar:/home/runner/.m2/repository/commons-daemon/commons-daemon/1.0.13/commons-daemon-1.0.13.jar:/home/runner/.m2/repository/io/netty/netty/3.10.6.Final/netty-3.10.6.Final.jar:/home/runner/.m2/repository/io/netty/netty-all/4.1.63.Final/netty-all-4.1.63.Final.jar:/home/runner/.m2/repository/org/apache/htrace/htrace-core4/4.1.0-incubating/htrace-core4-4.1.0-incubating.jar:/home/runner/.m2/repository/org/fusesource/leveldbjni/leveldbjni-all/1.8/leveldbjni-all-1.8.jar:/home/runner/.m2/repository/org/apache/hadoop/hadoop-distcp/3.3.1/hadoop-distcp-3.3.1.jar:/home/runner/.m2/repository/org/apache/hadoop/hadoop-mapreduce-client-jobclient/3.3.1/hadoop-mapreduce-client-jobclient-3.3.1.jar:/home/runner/.m2/repository/org/apache/hadoop/hadoop-mapreduce-client-common/3.3.1/hadoop-mapreduce-client-common-3.3.1.jar:/home/runner/.m2/repository/org/apache/hadoop/hadoop-yarn-common/3.3.1/hadoop-yarn-common-3.3.1.jar:/home/runner/.m2/repository/org/apache/hadoop/hadoop-yarn-api/3.3.1/hadoop-yarn-api-3.3.1.jar:/home/runner/.m2/repository/com/sun/jersey/jersey-client/1.19/jersey-client-1.19.jar:/home/runner/.m2/repository/com/sun/jersey/contribs/jersey-guice/1.19/jersey-guice-1.19.jar:/home/runner/.m2/repository/com/fasterxml/jackson/jaxrs/jackson-jaxrs-json-provider/2.13.2/jackson-jaxrs-json-provider-2.13.2.jar:/home/runner/.m2/repository/com/fasterxml/jackson/jaxrs/jackson-jaxrs-base/2.13.2/jackson-jaxrs-base-2.13.2.jar:/home/runner/.m2/repository/org/apache/hadoop/hadoop-yarn-client/3.3.1/hadoop-yarn-client-3.3.1.jar:/home/runner/.m2/repository/org/eclipse/jetty/websocket/websocket-client/9.4.40.v20210413/websocket-client-9.4.40.v20210413.jar:/home/runner/.m2/repository/org/eclipse/jetty/jetty-client/9.4.40.v20210413/jetty-client-9.4.40.v20210413.jar:/home/runner/.m2/repository/org/eclipse/jetty/websocket/websocket-common/9.4.40.v20210413/websocket-common-9.4.40.v20210413.jar:/home/runner/.m2/repository/org/eclipse/jetty/websocket/websocket-api/9.4.40.v20210413/websocket-api-9.4.40.v20210413.jar:/home/runner/.m2/repository/org/jline/jline/3.9.0/jline-3.9.0.jar:/home/runner/.m2/repository/org/apache/hadoop/hadoop-mapreduce-client-core/3.3.1/hadoop-mapreduce-client-core-3.3.1.jar:/home/runner/.m2/repository/org/apache/avro/avro/1.7.7/avro-1.7.7.jar:/home/runner/.m2/repository/org/codehaus/jackson/jackson-core-asl/1.9.13/jackson-core-asl-1.9.13.jar:/home/runner/.m2/repository/org/codehaus/jackson/jackson-mapper-asl/1.9.13/jackson-mapper-asl-1.9.13.jar:/home/runner/.m2/repository/com/thoughtworks/paranamer/paranamer/2.3/paranamer-2.3.jar:/home/runner/.m2/repository/org/apache/hadoop/hadoop-annotations/3.3.1/hadoop-annotations-3.3.1.jar:/usr/lib/jvm/temurin-8-jdk-amd64/jre/../lib/tools.jar:/home/runner/.m2/repository/org/apache/hadoop/hadoop-distcp/3.3.1/hadoop-distcp-3.3.1-tests.jar:/home/runner/.m2/repository/org/apache/ratis/ratis-common/2.2.0/ratis-common-2.2.0.jar:/home/runner/.m2/repository/org/apache/ratis/ratis-thirdparty-misc/0.7.0/ratis-thirdparty-misc-0.7.0.jar:/home/runner/.m2/repository/org/apache/ratis/ratis-proto/2.2.0/ratis-proto-2.2.0.jar:/home/runner/.m2/repository/org/apache/ozone/ozone-annotation-processing/1.3.0-SNAPSHOT/ozone-annotation-processing-1.3.0-SNAPSHOT.jar:"/>
    <property name="sun.cpu.endian" value="little"/>
    <property name="user.home" value="/home/runner"/>
    <property name="user.language" value="en"/>
    <property name="java.specification.vendor" value="Oracle Corporation"/>
    <property name="java.home" value="/usr/lib/jvm/temurin-8-jdk-amd64/jre"/>
    <property name="java.security.krb5.conf" value="/home/runner/work/ozone/ozone/hadoop-ozone/integration-test/target/test-classes/krb5.conf"/>
    <property name="basedir" value="/home/runner/work/ozone/ozone/hadoop-ozone/integration-test"/>
    <property name="file.separator" value="/"/>
    <property name="line.separator" value="&#10;"/>
    <property name="java.vm.specification.vendor" value="Oracle Corporation"/>
    <property name="java.specification.name" value="Java Platform API Specification"/>
    <property name="java.awt.graphicsenv" value="sun.awt.X11GraphicsEnvironment"/>
    <property name="skip.installnpx" value="true"/>
    <property name="surefire.real.class.path" value="/home/runner/work/ozone/ozone/hadoop-ozone/integration-test/target/surefire/surefirebooter1157858337362535368.jar:/home/runner/.m2/repository/org/jacoco/org.jacoco.agent/0.8.5/org.jacoco.agent-0.8.5-runtime.jar"/>
    <property name="hadoop.log.dir" value="/home/runner/work/ozone/ozone/hadoop-ozone/integration-test/target/log"/>
    <property name="sun.boot.class.path" value="/usr/lib/jvm/temurin-8-jdk-amd64/jre/lib/resources.jar:/usr/lib/jvm/temurin-8-jdk-amd64/jre/lib/rt.jar:/usr/lib/jvm/temurin-8-jdk-amd64/jre/lib/sunrsasign.jar:/usr/lib/jvm/temurin-8-jdk-amd64/jre/lib/jsse.jar:/usr/lib/jvm/temurin-8-jdk-amd64/jre/lib/jce.jar:/usr/lib/jvm/temurin-8-jdk-amd64/jre/lib/charsets.jar:/usr/lib/jvm/temurin-8-jdk-amd64/jre/lib/jfr.jar:/usr/lib/jvm/temurin-8-jdk-amd64/jre/classes"/>
    <property name="sun.management.compiler" value="HotSpot 64-Bit Tiered Compilers"/>
    <property name="skip.npx" value="true"/>
    <property name="java.runtime.version" value="1.8.0_322-b06"/>
    <property name="java.net.preferIPv4Stack" value="true"/>
    <property name="user.name" value="runner"/>
    <property name="path.separator" value=":"/>
    <property name="java.security.egd" value="file:///dev/urandom"/>
    <property name="os.version" value="5.4.0-1077-azure"/>
    <property name="java.endorsed.dirs" value="/usr/lib/jvm/temurin-8-jdk-amd64/jre/lib/endorsed"/>
    <property name="java.runtime.name" value="OpenJDK Runtime Environment"/>
    <property name="file.encoding" value="UTF-8"/>
    <property name="java.vm.name" value="OpenJDK 64-Bit Server VM"/>
    <property name="test.build.webapps" value=""/>
    <property name="localRepository" value="/home/runner/.m2/repository"/>
    <property name="jetty.git.hash" value="526006ecfa3af7f1a27ef3a288e2bef7ea9dd7e8"/>
    <property name="java.vendor.url.bug" value="https://github.com/adoptium/adoptium-support/issues"/>
    <property name="java.io.tmpdir" value="/tmp"/>
    <property name="require.test.libhadoop" value=""/>
    <property name="java.version" value="1.8.0_322"/>
    <property name="user.dir" value="/home/runner/work/ozone/ozone/hadoop-ozone/integration-test"/>
    <property name="os.arch" value="amd64"/>
    <property name="java.vm.specification.name" value="Java Virtual Machine Specification"/>
    <property name="test.build.classes" value="/home/runner/work/ozone/ozone/hadoop-ozone/integration-test/target/test-classes"/>
    <property name="java.awt.printerjob" value="sun.print.PSPrinterJob"/>
    <property name="sun.os.patch.level" value="unknown"/>
    <property name="hadoop.tmp.dir" value="/home/runner/work/ozone/ozone/hadoop-ozone/integration-test/target/tmp"/>
    <property name="java.library.path" value="/usr/java/packages/lib/amd64:/usr/lib64:/lib64:/lib:/usr/lib"/>
    <property name="java.vm.info" value="mixed mode"/>
    <property name="java.vendor" value="Temurin"/>
    <property name="java.vm.version" value="25.322-b06"/>
    <property name="java.ext.dirs" value="/usr/lib/jvm/temurin-8-jdk-amd64/jre/lib/ext:/usr/java/packages/lib/ext"/>
    <property name="sun.io.unicode.encoding" value="UnicodeLittle"/>
    <property name="java.class.version" value="52.0"/>
  </properties>
  <testcase name="testMultipartUpload" classname="org.apache.hadoop.ozone.om.TestOzoneManagerHAWithData" time="11.931">
    <system-out><![CDATA[2022-05-11 01:28:56,628 [main] WARN  server.ServerUtils (ServerUtils.java:getScmDbDir(148)) - ozone.scm.db.dirs is not configured. We recommend adding this setting. Falling back to ozone.metadata.dirs instead.
2022-05-11 01:28:56,749 [main] INFO  ha.SCMHANodeDetails (SCMHANodeDetails.java:loadSCMHAConfig(157)) - ServiceID for StorageContainerManager is null
2022-05-11 01:28:56,749 [main] INFO  ha.SCMHANodeDetails (SCMHANodeDetails.java:loadSCMHAConfig(162)) - ozone.scm.default.service.id is not defined, falling back to ozone.scm.service.ids to find serviceID for StorageContainerManager if it is HA enabled cluster
2022-05-11 01:28:56,896 [main] WARN  server.ServerUtils (ServerUtils.java:getScmDbDir(148)) - ozone.scm.db.dirs is not configured. We recommend adding this setting. Falling back to ozone.metadata.dirs instead.
2022-05-11 01:28:56,901 [main] INFO  upgrade.AbstractLayoutVersionManager (AbstractLayoutVersionManager.java:init(79)) - Initializing Layout version manager with metadata layout = ERASURE_CODED_STORAGE_SUPPORT (version = 3), software layout = ERASURE_CODED_STORAGE_SUPPORT (version = 3)
2022-05-11 01:28:57,177 [main] INFO  reflections.Reflections (Reflections.java:scan(232)) - Reflections took 159 ms to scan 7 urls, producing 126 keys and 289 values 
2022-05-11 01:28:57,922 [main] WARN  utils.HAUtils (HAUtils.java:getMetaDir(342)) - ozone.scm.db.dirs is not configured. We recommend adding this setting. Falling back to ozone.metadata.dirs instead.
2022-05-11 01:28:58,080 [main] WARN  db.DBStoreBuilder (DBStoreBuilder.java:applyDBDefinition(145)) - ozone.scm.db.dirs is not configured. We recommend adding this setting. Falling back to ozone.metadata.dirs instead.
2022-05-11 01:28:58,305 [main] INFO  net.NodeSchemaLoader (NodeSchemaLoader.java:loadSchemaFromFile(129)) - Loading schema from [jar:file:/home/runner/.m2/repository/org/apache/ozone/hdds-common/1.3.0-SNAPSHOT/hdds-common-1.3.0-SNAPSHOT.jar!/network-topology-default.xml]
2022-05-11 01:28:58,308 [main] INFO  net.NodeSchemaLoader (NodeSchemaLoader.java:loadSchema(176)) - Loading network topology layer schema file
2022-05-11 01:28:58,372 [main] INFO  metrics.MetricRegistries (MetricRegistriesLoader.java:load(64)) - Loaded MetricRegistries class org.apache.ratis.metrics.impl.MetricRegistriesImpl
2022-05-11 01:28:58,393 [main] INFO  ha.SequenceIdGenerator (SequenceIdGenerator.java:upgradeToSequenceId(347)) - upgrade localId to 109611004723200000
2022-05-11 01:28:58,393 [main] INFO  ha.SequenceIdGenerator (SequenceIdGenerator.java:upgradeToSequenceId(357)) - upgrade delTxnId to 0
2022-05-11 01:28:58,404 [main] INFO  ha.SequenceIdGenerator (SequenceIdGenerator.java:upgradeToSequenceId(371)) - upgrade containerId to 0
2022-05-11 01:28:58,408 [main] INFO  ha.SequenceIdGenerator (SequenceIdGenerator.java:<init>(218)) - Init the HA SequenceIdGenerator.
2022-05-11 01:28:58,458 [main] WARN  server.ServerUtils (ServerUtils.java:sanitizeUserArgs(73)) - ozone.scm.stale.node.interval value = 300000 is larger than max = 100000 based on the key value of ozone.scm.heartbeat.thread.interval, reset to the max value 100000.
2022-05-11 01:28:58,459 [main] WARN  server.ServerUtils (ServerUtils.java:sanitizeUserArgs(73)) - ozone.scm.stale.node.interval value = 300000 is larger than max = 100000 based on the key value of ozone.scm.heartbeat.thread.interval, reset to the max value 100000.
2022-05-11 01:28:58,468 [main] INFO  node.SCMNodeManager (SCMNodeManager.java:<init>(148)) - Entering startup safe mode.
2022-05-11 01:28:58,556 [main] INFO  algorithms.ContainerPlacementPolicyFactory (ContainerPlacementPolicyFactory.java:getPolicyInternal(86)) - Create container placement policy of type org.apache.hadoop.hdds.scm.container.placement.algorithms.SCMContainerPlacementRandom
2022-05-11 01:28:58,574 [main] INFO  pipeline.PipelineStateManagerImpl (PipelineStateManagerImpl.java:initialize(78)) - No pipeline exists in current db
2022-05-11 01:28:58,624 [main] INFO  algorithms.LeaderChoosePolicyFactory (LeaderChoosePolicyFactory.java:getPolicy(57)) - Create leader choose policy of type org.apache.hadoop.hdds.scm.pipeline.leader.choose.algorithms.MinLeaderCountChoosePolicy
2022-05-11 01:28:58,625 [main] INFO  algorithms.ContainerPlacementPolicyFactory (ContainerPlacementPolicyFactory.java:getPolicyInternal(86)) - Create container placement policy of type org.apache.hadoop.hdds.scm.container.placement.algorithms.SCMContainerPlacementRackScatter
2022-05-11 01:28:58,633 [main] INFO  pipeline.BackgroundPipelineCreator (BackgroundPipelineCreator.java:start(125)) - Starting RatisPipelineUtilsThread.
2022-05-11 01:28:58,637 [main] INFO  pipeline.BackgroundPipelineScrubber (BackgroundPipelineScrubber.java:start(126)) - Starting BackgroundPipelineScrubber Service.
2022-05-11 01:28:58,638 [main] INFO  ha.SCMServiceManager (SCMServiceManager.java:register(42)) - Registering service BackgroundPipelineCreator.
2022-05-11 01:28:58,639 [main] INFO  ha.SCMServiceManager (SCMServiceManager.java:register(42)) - Registering service BackgroundPipelineScrubber.
2022-05-11 01:28:58,681 [main] INFO  algorithms.PipelineChoosePolicyFactory (PipelineChoosePolicyFactory.java:createPipelineChoosePolicyFromClass(73)) - Create pipeline choose policy of type org.apache.hadoop.hdds.scm.pipeline.choose.algorithms.RandomPipelineChoosePolicy
2022-05-11 01:28:58,706 [main] INFO  ha.SCMServiceManager (SCMServiceManager.java:register(42)) - Registering service SCMBlockDeletingService.
2022-05-11 01:28:58,742 [main] INFO  ha.SCMServiceManager (SCMServiceManager.java:register(42)) - Registering service ReplicationManager.
2022-05-11 01:28:58,742 [main] INFO  replication.ReplicationManager (ReplicationManager.java:start(176)) - Starting Replication Monitor Thread.
2022-05-11 01:28:58,766 [ReplicationMonitor] INFO  replication.ReplicationManager (ReplicationManager.java:processAll(225)) - Replication Manager is not ready to run until 3000ms after safemode exit
2022-05-11 01:28:58,774 [main] INFO  safemode.ContainerSafeModeRule (ContainerSafeModeRule.java:<init>(89)) - containers with one replica threshold count 0
2022-05-11 01:28:58,794 [main] INFO  safemode.HealthyPipelineSafeModeRule (HealthyPipelineSafeModeRule.java:initializeRule(156)) - Total pipeline count is 0, healthy pipeline threshold count is 1
2022-05-11 01:28:58,796 [main] INFO  safemode.OneReplicaPipelineSafeModeRule (OneReplicaPipelineSafeModeRule.java:initializeRule(180)) - Total pipeline count is 0, pipeline's with at least one datanode reported threshold count is 0
2022-05-11 01:28:59,217 [main] INFO  audit.AuditLogger (AuditLogger.java:refreshDebugCmdSet(120)) - Refresh DebugCmdSet for SCMAudit to [].
2022-05-11 01:28:59,254 [main] INFO  ipc.CallQueueManager (CallQueueManager.java:<init>(90)) - Using callQueue: class java.util.concurrent.LinkedBlockingQueue, queueCapacity: 2000, scheduler: class org.apache.hadoop.ipc.DefaultRpcScheduler, ipcBackoff: false.
2022-05-11 01:28:59,305 [Socket Reader #1 for port 0] INFO  ipc.Server (Server.java:run(1265)) - Starting Socket Reader #1 for port 0
2022-05-11 01:28:59,367 [Listener at 0.0.0.0/46775] INFO  audit.AuditLogger (AuditLogger.java:refreshDebugCmdSet(120)) - Refresh DebugCmdSet for SCMAudit to [].
2022-05-11 01:28:59,374 [Listener at 0.0.0.0/46775] INFO  ipc.CallQueueManager (CallQueueManager.java:<init>(90)) - Using callQueue: class java.util.concurrent.LinkedBlockingQueue, queueCapacity: 2000, scheduler: class org.apache.hadoop.ipc.DefaultRpcScheduler, ipcBackoff: false.
2022-05-11 01:28:59,375 [Socket Reader #1 for port 0] INFO  ipc.Server (Server.java:run(1265)) - Starting Socket Reader #1 for port 0
2022-05-11 01:28:59,414 [Listener at 0.0.0.0/46051] INFO  audit.AuditLogger (AuditLogger.java:refreshDebugCmdSet(120)) - Refresh DebugCmdSet for SCMAudit to [].
2022-05-11 01:28:59,426 [Listener at 0.0.0.0/46051] INFO  ipc.CallQueueManager (CallQueueManager.java:<init>(90)) - Using callQueue: class java.util.concurrent.LinkedBlockingQueue, queueCapacity: 2000, scheduler: class org.apache.hadoop.ipc.DefaultRpcScheduler, ipcBackoff: false.
2022-05-11 01:28:59,429 [Socket Reader #1 for port 0] INFO  ipc.Server (Server.java:run(1265)) - Starting Socket Reader #1 for port 0
2022-05-11 01:28:59,508 [Listener at 0.0.0.0/45937] INFO  server.StorageContainerManager (StorageContainerManager.java:<init>(395)) - 
Container Balancer status:
Key                            Value
Running                        false
Container Balancer Configuration values:
Key                                                Value
Threshold                                          10
Max Datanodes to Involve per Iteration(percent)    20
Max Size to Move per Iteration                     500GB
Max Size Entering Target per Iteration             26GB
Max Size Leaving Source per Iteration              26GB

2022-05-11 01:28:59,508 [Listener at 0.0.0.0/45937] WARN  events.EventQueue (EventQueue.java:fireEvent(194)) - No event handler registered for event TypedEvent{payloadType=SafeModeStatus, name='Safe mode status'}
2022-05-11 01:28:59,508 [Listener at 0.0.0.0/45937] INFO  ha.SCMContext (SCMContext.java:updateSafeModeStatus(211)) - Update SafeModeStatus from SafeModeStatus{safeModeStatus=true, preCheckPassed=false} to SafeModeStatus{safeModeStatus=true, preCheckPassed=false}.
2022-05-11 01:28:59,515 [Listener at 0.0.0.0/45937] INFO  server.StorageContainerManager (StorageContainerManager.java:start(1347)) - StorageContainerLocationProtocol RPC server is listening at /0.0.0.0:45937
2022-05-11 01:28:59,605 [Listener at 0.0.0.0/45937] WARN  impl.MetricsConfig (MetricsConfig.java:loadFirst(136)) - Cannot locate configuration: tried hadoop-metrics2-storagecontainermanager.properties,hadoop-metrics2.properties
2022-05-11 01:28:59,621 [Listener at 0.0.0.0/45937] INFO  impl.MetricsSystemImpl (MetricsSystemImpl.java:startTimer(378)) - Scheduled Metric snapshot period at 10 second(s).
2022-05-11 01:28:59,621 [Listener at 0.0.0.0/45937] INFO  impl.MetricsSystemImpl (MetricsSystemImpl.java:start(191)) - StorageContainerManager metrics system started
2022-05-11 01:29:00,005 [Listener at 0.0.0.0/45937] INFO  server.SCMClientProtocolServer (SCMClientProtocolServer.java:start(169)) - RPC server for Client  is listening at /0.0.0.0:45937
2022-05-11 01:29:00,006 [IPC Server Responder] INFO  ipc.Server (Server.java:run(1507)) - IPC Server Responder: starting
2022-05-11 01:29:00,020 [Listener at 0.0.0.0/45937] INFO  server.StorageContainerManager (StorageContainerManager.java:start(1362)) - ScmBlockLocationProtocol RPC server is listening at /0.0.0.0:46051
2022-05-11 01:29:00,024 [Listener at 0.0.0.0/45937] INFO  server.SCMBlockProtocolServer (SCMBlockProtocolServer.java:start(151)) - RPC server for Block Protocol is listening at /0.0.0.0:46051
2022-05-11 01:29:00,008 [IPC Server listener on 0] INFO  ipc.Server (Server.java:run(1344)) - IPC Server listener on 0: starting
2022-05-11 01:29:00,025 [IPC Server Responder] INFO  ipc.Server (Server.java:run(1507)) - IPC Server Responder: starting
2022-05-11 01:29:00,025 [IPC Server listener on 0] INFO  ipc.Server (Server.java:run(1344)) - IPC Server listener on 0: starting
2022-05-11 01:29:00,029 [Listener at 0.0.0.0/45937] INFO  server.SCMDatanodeProtocolServer (SCMDatanodeProtocolServer.java:start(183)) - ScmDatanodeProtocol RPC server for DataNodes is listening at /0.0.0.0:46775
2022-05-11 01:29:00,031 [IPC Server Responder] INFO  ipc.Server (Server.java:run(1507)) - IPC Server Responder: starting
2022-05-11 01:29:00,034 [IPC Server listener on 0] INFO  ipc.Server (Server.java:run(1344)) - IPC Server listener on 0: starting
2022-05-11 01:29:00,071 [org.apache.hadoop.util.JvmPauseMonitor$Monitor@7e532f2d] INFO  util.JvmPauseMonitor (JvmPauseMonitor.java:run(188)) - Starting JVM pause monitor
2022-05-11 01:29:00,085 [Listener at 0.0.0.0/45937] INFO  http.BaseHttpServer (BaseHttpServer.java:newHttpServer2BuilderForOzone(209)) - Starting Web-server for scm at: http://0.0.0.0:0
2022-05-11 01:29:00,085 [Listener at 0.0.0.0/45937] INFO  http.BaseHttpServer (BaseHttpServer.java:<init>(107)) - Hadoop Security Enabled: false Ozone Security Enabled: false Ozone HTTP Security Enabled: false 
2022-05-11 01:29:00,118 [Listener at 0.0.0.0/45937] INFO  util.log (Log.java:initialized(170)) - Logging initialized @5282ms to org.eclipse.jetty.util.log.Slf4jLog
2022-05-11 01:29:00,268 [Listener at 0.0.0.0/45937] INFO  server.AuthenticationFilter (AuthenticationFilter.java:constructSecretProvider(240)) - Unable to initialize FileSignerSecretProvider, falling back to use random secrets.
2022-05-11 01:29:00,275 [Listener at 0.0.0.0/45937] WARN  http.HttpRequestLog (HttpRequestLog.java:getRequestLog(103)) - Jetty request log can only be enabled using Log4j
2022-05-11 01:29:00,283 [Listener at 0.0.0.0/45937] INFO  http.HttpServer2 (HttpServer2.java:addGlobalFilter(1030)) - Added global filter 'safety' (class=org.apache.hadoop.hdds.server.http.HttpServer2$QuotingInputFilter)
2022-05-11 01:29:00,285 [Listener at 0.0.0.0/45937] INFO  http.HttpServer2 (HttpServer2.java:addFilter(1006)) - Added filter static_user_filter (class=org.apache.hadoop.http.lib.StaticUserWebFilter$StaticUserFilter) to context scm
2022-05-11 01:29:00,286 [Listener at 0.0.0.0/45937] INFO  http.HttpServer2 (HttpServer2.java:addFilter(1014)) - Added filter static_user_filter (class=org.apache.hadoop.http.lib.StaticUserWebFilter$StaticUserFilter) to context logs
2022-05-11 01:29:00,286 [Listener at 0.0.0.0/45937] INFO  http.HttpServer2 (HttpServer2.java:addFilter(1014)) - Added filter static_user_filter (class=org.apache.hadoop.http.lib.StaticUserWebFilter$StaticUserFilter) to context static
2022-05-11 01:29:00,342 [Listener at 0.0.0.0/45937] INFO  http.HttpServer2 (HttpServer2.java:bindListener(1249)) - Jetty bound to port 43691
2022-05-11 01:29:00,345 [Listener at 0.0.0.0/45937] INFO  server.Server (Server.java:doStart(375)) - jetty-9.4.43.v20210629; built: 2021-06-30T11:07:22.254Z; git: 526006ecfa3af7f1a27ef3a288e2bef7ea9dd7e8; jvm 1.8.0_322-b06
2022-05-11 01:29:00,393 [Listener at 0.0.0.0/45937] INFO  server.session (DefaultSessionIdManager.java:doStart(334)) - DefaultSessionIdManager workerName=node0
2022-05-11 01:29:00,393 [Listener at 0.0.0.0/45937] INFO  server.session (DefaultSessionIdManager.java:doStart(339)) - No SessionScavenger set, using defaults
2022-05-11 01:29:00,397 [Listener at 0.0.0.0/45937] INFO  server.session (HouseKeeper.java:startScavenging(132)) - node0 Scavenging every 660000ms
2022-05-11 01:29:00,414 [Listener at 0.0.0.0/45937] INFO  handler.ContextHandler (ContextHandler.java:doStart(915)) - Started o.e.j.s.ServletContextHandler@46610fc9{logs,/logs,file:///home/runner/work/ozone/ozone/hadoop-ozone/integration-test/target/log,AVAILABLE}
2022-05-11 01:29:00,415 [Listener at 0.0.0.0/45937] INFO  handler.ContextHandler (ContextHandler.java:doStart(915)) - Started o.e.j.s.ServletContextHandler@69b80603{static,/static,file:///home/runner/work/ozone/ozone/hadoop-ozone/integration-test/target/test-classes/webapps/static,AVAILABLE}
2022-05-11 01:29:00,473 [Listener at 0.0.0.0/45937] INFO  handler.ContextHandler (ContextHandler.java:doStart(915)) - Started o.e.j.w.WebAppContext@29088be1{scm,/,file:///home/runner/work/ozone/ozone/hadoop-ozone/integration-test/target/test-classes/webapps/scm/,AVAILABLE}{file:/home/runner/work/ozone/ozone/hadoop-ozone/integration-test/target/test-classes/webapps/scm}
2022-05-11 01:29:00,485 [Listener at 0.0.0.0/45937] INFO  server.AbstractConnector (AbstractConnector.java:doStart(331)) - Started ServerConnector@5bc40f5d{HTTP/1.1, (http/1.1)}{0.0.0.0:43691}
2022-05-11 01:29:00,486 [Listener at 0.0.0.0/45937] INFO  server.Server (Server.java:doStart(415)) - Started @5649ms
2022-05-11 01:29:00,489 [Listener at 0.0.0.0/45937] INFO  impl.MetricsSinkAdapter (MetricsSinkAdapter.java:start(204)) - Sink prometheus started
2022-05-11 01:29:00,489 [Listener at 0.0.0.0/45937] INFO  impl.MetricsSystemImpl (MetricsSystemImpl.java:registerSink(305)) - Registered sink prometheus
2022-05-11 01:29:00,491 [Listener at 0.0.0.0/45937] INFO  http.BaseHttpServer (BaseHttpServer.java:updateConnectorAddress(329)) - HTTP server of scm listening at http://0.0.0.0:43691
2022-05-11 01:29:00,543 [Listener at 0.0.0.0/45937] INFO  audit.AuditLogger (AuditLogger.java:refreshDebugCmdSet(120)) - Refresh DebugCmdSet for OMAudit to [].
2022-05-11 01:29:00,641 [Listener at 0.0.0.0/45937] INFO  ha.OMHANodeDetails (OMHANodeDetails.java:loadOMHAConfig(118)) - ServiceID for OzoneManager is om-service-test1
2022-05-11 01:29:00,648 [Listener at 0.0.0.0/45937] INFO  ha.OMHANodeDetails (OMHANodeDetails.java:loadOMHAConfig(193)) - Found matching OM address with OMServiceId: om-service-test1, OMNodeId: omNode-1, RPC Address: localhost:40623 and Ratis port: 37959
2022-05-11 01:29:00,648 [Listener at 0.0.0.0/45937] INFO  ha.OMHANodeDetails (ConfUtils.java:setNodeSpecificConfigs(108)) - Setting configuration key ozone.om.http-address with value of key ozone.om.http-address.om-service-test1.omNode-1: 127.0.0.1:34597
2022-05-11 01:29:00,648 [Listener at 0.0.0.0/45937] INFO  ha.OMHANodeDetails (ConfUtils.java:setNodeSpecificConfigs(108)) - Setting configuration key ozone.om.https-address with value of key ozone.om.https-address.om-service-test1.omNode-1: 127.0.0.1:36811
2022-05-11 01:29:00,649 [Listener at 0.0.0.0/45937] INFO  ha.OMHANodeDetails (ConfUtils.java:setNodeSpecificConfigs(108)) - Setting configuration key ozone.om.address with value of key ozone.om.address.om-service-test1.omNode-1: 127.0.0.1:40623
2022-05-11 01:29:00,649 [Listener at 0.0.0.0/45937] WARN  server.ServerUtils (ServerUtils.java:getDBPath(225)) - ozone.om.db.dirs is not configured. We recommend adding this setting. Falling back to ozone.metadata.dirs instead.
OM initialization succeeded.Current cluster id for sd=/home/runner/work/ozone/ozone/hadoop-ozone/integration-test/target/test-dir/MiniOzoneClusterImpl-ae28b10a-1883-433e-acb0-7438b5479a4c/omNode-1/om;cid=ae28b10a-1883-433e-acb0-7438b5479a4c;layoutVersion=1
2022-05-11 01:29:00,968 [Listener at 0.0.0.0/45937] INFO  ha.OMHANodeDetails (OMHANodeDetails.java:loadOMHAConfig(118)) - ServiceID for OzoneManager is om-service-test1
2022-05-11 01:29:00,969 [Listener at 0.0.0.0/45937] INFO  ha.OMHANodeDetails (OMHANodeDetails.java:loadOMHAConfig(193)) - Found matching OM address with OMServiceId: om-service-test1, OMNodeId: omNode-1, RPC Address: localhost:40623 and Ratis port: 37959
2022-05-11 01:29:00,969 [Listener at 0.0.0.0/45937] INFO  ha.OMHANodeDetails (ConfUtils.java:setNodeSpecificConfigs(108)) - Setting configuration key ozone.om.http-address with value of key ozone.om.http-address.om-service-test1.omNode-1: 127.0.0.1:34597
2022-05-11 01:29:00,969 [Listener at 0.0.0.0/45937] INFO  ha.OMHANodeDetails (ConfUtils.java:setNodeSpecificConfigs(108)) - Setting configuration key ozone.om.https-address with value of key ozone.om.https-address.om-service-test1.omNode-1: 127.0.0.1:36811
2022-05-11 01:29:00,969 [Listener at 0.0.0.0/45937] INFO  ha.OMHANodeDetails (ConfUtils.java:setNodeSpecificConfigs(108)) - Setting configuration key ozone.om.address with value of key ozone.om.address.om-service-test1.omNode-1: 127.0.0.1:40623
2022-05-11 01:29:00,970 [Listener at 0.0.0.0/45937] WARN  server.ServerUtils (ServerUtils.java:getDBPath(225)) - ozone.om.db.dirs is not configured. We recommend adding this setting. Falling back to ozone.metadata.dirs instead.
2022-05-11 01:29:00,972 [Listener at 0.0.0.0/45937] INFO  upgrade.AbstractLayoutVersionManager (AbstractLayoutVersionManager.java:init(79)) - Initializing Layout version manager with metadata layout = ERASURE_CODED_STORAGE_SUPPORT (version = 1), software layout = ERASURE_CODED_STORAGE_SUPPORT (version = 1)
2022-05-11 01:29:01,069 [Listener at 0.0.0.0/45937] INFO  reflections.Reflections (Reflections.java:scan(232)) - Reflections took 90 ms to scan 2 urls, producing 143 keys and 369 values [using 2 cores]
2022-05-11 01:29:01,075 [Listener at 0.0.0.0/45937] INFO  upgrade.OMLayoutVersionManager (OMLayoutVersionManager.java:lambda$0(115)) - Skipping Upgrade Action MockOmUpgradeAction since it has been finalized.
2022-05-11 01:29:01,076 [Listener at 0.0.0.0/45937] WARN  server.ServerUtils (ServerUtils.java:getDBPath(225)) - ozone.om.db.dirs is not configured. We recommend adding this setting. Falling back to ozone.metadata.dirs instead.
2022-05-11 01:29:01,273 [Listener at 0.0.0.0/45937] WARN  server.ServerUtils (ServerUtils.java:getDBPath(225)) - ozone.om.db.dirs is not configured. We recommend adding this setting. Falling back to ozone.metadata.dirs instead.
2022-05-11 01:29:01,281 [Listener at 0.0.0.0/45937] INFO  codec.OmKeyInfoCodec (OmKeyInfoCodec.java:<init>(49)) - OmKeyInfoCodec ignorePipeline = true
2022-05-11 01:29:01,282 [Listener at 0.0.0.0/45937] INFO  codec.RepeatedOmKeyInfoCodec (RepeatedOmKeyInfoCodec.java:<init>(41)) - RepeatedOmKeyInfoCodec ignorePipeline = true
2022-05-11 01:29:01,539 [Listener at 0.0.0.0/45937] INFO  om.OzoneManager (OzoneManager.java:addS3GVolumeToDB(3880)) - Created Volume s3v With Owner runner required for S3Gateway operations.
2022-05-11 01:29:01,593 [Listener at 0.0.0.0/45937] WARN  server.ServerUtils (ServerUtils.java:getDefaultRatisDirectory(237)) - Storage directory for Ratis is not configured. It is a good idea to map this to an SSD disk. Falling back to ozone.metadata.dirs
2022-05-11 01:29:01,594 [Listener at 0.0.0.0/45937] WARN  utils.OzoneManagerRatisUtils (OzoneManagerRatisUtils.java:getOMRatisSnapshotDirectory(395)) - ozone.om.ratis.snapshot.dir is not configured. Falling back to ozone.metadata.dirs config
2022-05-11 01:29:01,607 [Listener at 0.0.0.0/45937] INFO  snapshot.OzoneManagerSnapshotProvider (OzoneManagerSnapshotProvider.java:<init>(76)) - Initializing OM Snapshot Provider
2022-05-11 01:29:01,815 [Listener at 0.0.0.0/45937] WARN  server.ServerUtils (ServerUtils.java:getDefaultRatisDirectory(237)) - Storage directory for Ratis is not configured. It is a good idea to map this to an SSD disk. Falling back to ozone.metadata.dirs
2022-05-11 01:29:01,853 [Listener at 0.0.0.0/45937] INFO  ratis.OzoneManagerRatisServer (OzoneManagerRatisServer.java:<init>(159)) - Instantiating OM Ratis server with groupID: om-service-test1 and peers: localhost:37959, localhost:40799, localhost:36649
2022-05-11 01:29:01,865 [Listener at 0.0.0.0/45937] INFO  ratis.OzoneManagerStateMachine (OzoneManagerStateMachine.java:loadSnapshotInfoFromDB(627)) - LastAppliedIndex is set from TransactionInfo from OM DB as (t:0, i:~)
2022-05-11 01:29:01,927 [Listener at 0.0.0.0/45937] INFO  server.RaftServer (ConfUtils.java:logGet(44)) - raft.rpc.type = GRPC (default)
2022-05-11 01:29:02,025 [Listener at 0.0.0.0/45937] INFO  grpc.GrpcFactory (GrpcFactory.java:checkPooledByteBufAllocatorUseCacheForAllThreads(48)) - PERFORMANCE WARNING: useCacheForAllThreads is true that may cause Netty to create a lot garbage objects and, as a result, trigger GC.
	It is recommended to disable useCacheForAllThreads by setting -Dorg.apache.ratis.thirdparty.io.netty.allocator.useCacheForAllThreads=false in command line.
2022-05-11 01:29:02,030 [Listener at 0.0.0.0/45937] INFO  grpc.GrpcConfigKeys (ConfUtils.java:logGet(44)) - raft.grpc.admin.port = -1 (default)
2022-05-11 01:29:02,031 [Listener at 0.0.0.0/45937] INFO  grpc.GrpcConfigKeys (ConfUtils.java:logGet(44)) - raft.grpc.server.port = 37959 (custom)
2022-05-11 01:29:02,031 [Listener at 0.0.0.0/45937] INFO  grpc.GrpcConfigKeys (ConfUtils.java:logGet(44)) - raft.grpc.client.port = -1 (default)
2022-05-11 01:29:02,031 [Listener at 0.0.0.0/45937] INFO  grpc.GrpcConfigKeys (ConfUtils.java:logGet(44)) - raft.grpc.server.port = 37959 (custom)
2022-05-11 01:29:02,032 [Listener at 0.0.0.0/45937] INFO  grpc.GrpcConfigKeys (ConfUtils.java:logGet(44)) - raft.grpc.server.port = 37959 (custom)
2022-05-11 01:29:02,033 [Listener at 0.0.0.0/45937] INFO  server.GrpcService (ConfUtils.java:logGet(44)) - raft.grpc.message.size.max = 33554432 (custom)
2022-05-11 01:29:02,034 [Listener at 0.0.0.0/45937] INFO  server.RaftServerConfigKeys (ConfUtils.java:logGet(44)) - raft.server.log.appender.buffer.byte-limit = 33554432 (custom)
2022-05-11 01:29:02,035 [Listener at 0.0.0.0/45937] INFO  server.GrpcService (ConfUtils.java:logGet(44)) - raft.grpc.flow.control.window = 1MB (=1048576) (default)
2022-05-11 01:29:02,035 [Listener at 0.0.0.0/45937] INFO  server.RaftServerConfigKeys (ConfUtils.java:logGet(44)) - raft.server.rpc.request.timeout = 3000ms (default)
2022-05-11 01:29:02,392 [Listener at 0.0.0.0/45937] INFO  impl.DataStreamServerImpl (ConfUtils.java:logGet(44)) - raft.datastream.type = DISABLED (default)
2022-05-11 01:29:02,395 [Listener at 0.0.0.0/45937] INFO  server.RaftServerConfigKeys (ConfUtils.java:logGet(44)) - raft.server.rpc.slowness.timeout = 2s (custom)
2022-05-11 01:29:02,395 [Listener at 0.0.0.0/45937] INFO  server.RaftServerConfigKeys (ConfUtils.java:logGet(44)) - raft.server.leaderelection.leader.step-down.wait-time = 10s (default)
2022-05-11 01:29:02,415 [Listener at 0.0.0.0/45937] INFO  server.RaftServerConfigKeys (ConfUtils.java:logGet(44)) - raft.server.storage.dir = [/home/runner/work/ozone/ozone/hadoop-ozone/integration-test/target/test-dir/MiniOzoneClusterImpl-ae28b10a-1883-433e-acb0-7438b5479a4c/omNode-1/ratis] (custom)
2022-05-11 01:29:02,422 [Listener at 0.0.0.0/45937] INFO  server.RaftServer (RaftServerProxy.java:addNew(95)) - omNode-1: addNew group-523986131536:[omNode-3|rpc:localhost:40799|priority:0, omNode-1|rpc:localhost:37959|priority:0, omNode-2|rpc:localhost:36649|priority:0] returns group-523986131536:java.util.concurrent.CompletableFuture@3fd7be2d[Not completed]
2022-05-11 01:29:02,422 [Listener at 0.0.0.0/45937] INFO  om.OzoneManager (OzoneManager.java:initializeRatisServer(1891)) - OzoneManager Ratis server initialized at port 37959
2022-05-11 01:29:02,437 [Listener at 0.0.0.0/45937] INFO  om.OzoneManager (OzoneManager.java:getRpcServer(1027)) - Creating RPC Server
2022-05-11 01:29:02,468 [pool-51-thread-1] INFO  server.RaftServer$Division (RaftServerImpl.java:<init>(184)) - omNode-1: new RaftServerImpl for group-523986131536:[omNode-3|rpc:localhost:40799|priority:0, omNode-1|rpc:localhost:37959|priority:0, omNode-2|rpc:localhost:36649|priority:0] with OzoneManagerStateMachine:uninitialized
2022-05-11 01:29:02,472 [pool-51-thread-1] INFO  server.RaftServerConfigKeys (ConfUtils.java:logGet(44)) - raft.server.rpc.timeout.min = 1s (custom)
2022-05-11 01:29:02,475 [pool-51-thread-1] INFO  server.RaftServerConfigKeys (ConfUtils.java:logGet(44)) - raft.server.rpc.timeout.max = 1200ms (custom)
2022-05-11 01:29:02,475 [pool-51-thread-1] INFO  server.RaftServerConfigKeys (ConfUtils.java:logGet(44)) - raft.server.rpc.sleep.time = 25ms (default)
2022-05-11 01:29:02,475 [pool-51-thread-1] INFO  server.RaftServerConfigKeys (ConfUtils.java:logGet(44)) - raft.server.rpc.slowness.timeout = 2s (custom)
2022-05-11 01:29:02,476 [pool-51-thread-1] INFO  server.RaftServerConfigKeys (ConfUtils.java:logGet(44)) - raft.server.leaderelection.leader.step-down.wait-time = 10s (default)
2022-05-11 01:29:02,477 [pool-51-thread-1] INFO  server.RaftServerConfigKeys (ConfUtils.java:logGet(44)) - raft.server.sleep.deviation.threshold = 300ms (default)
2022-05-11 01:29:02,477 [pool-51-thread-1] INFO  server.RaftServerConfigKeys (ConfUtils.java:logGet(44)) - raft.server.log.appender.install.snapshot.enabled = false (custom)
2022-05-11 01:29:02,486 [pool-51-thread-1] INFO  server.RaftServer$Division (ServerState.java:<init>(105)) - omNode-1@group-523986131536: ConfigurationManager, init=-1: [omNode-3|rpc:localhost:40799|priority:0, omNode-1|rpc:localhost:37959|priority:0, omNode-2|rpc:localhost:36649|priority:0], old=null, confs=<EMPTY_MAP>
2022-05-11 01:29:02,486 [pool-51-thread-1] INFO  server.RaftServerConfigKeys (ConfUtils.java:logGet(44)) - raft.server.storage.dir = [/home/runner/work/ozone/ozone/hadoop-ozone/integration-test/target/test-dir/MiniOzoneClusterImpl-ae28b10a-1883-433e-acb0-7438b5479a4c/omNode-1/ratis] (custom)
2022-05-11 01:29:02,491 [pool-51-thread-1] INFO  server.RaftServerConfigKeys (ConfUtils.java:logGet(44)) - raft.server.log.corruption.policy = EXCEPTION (default)
2022-05-11 01:29:02,492 [pool-51-thread-1] INFO  server.RaftServerConfigKeys (ConfUtils.java:logGet(44)) - raft.server.storage.free-space.min = 0MB (=0) (default)
2022-05-11 01:29:02,506 [pool-51-thread-1] INFO  storage.RaftStorageDirectory (RaftStorageDirectoryImpl.java:analyzeStorage(135)) - The storage directory /home/runner/work/ozone/ozone/hadoop-ozone/integration-test/target/test-dir/MiniOzoneClusterImpl-ae28b10a-1883-433e-acb0-7438b5479a4c/omNode-1/ratis/c9bc4cf4-3bc3-3c60-a66b-523986131536 does not exist. Creating ...
2022-05-11 01:29:02,530 [pool-51-thread-1] INFO  storage.RaftStorageDirectory (RaftStorageDirectoryImpl.java:tryLock(230)) - Lock on /home/runner/work/ozone/ozone/hadoop-ozone/integration-test/target/test-dir/MiniOzoneClusterImpl-ae28b10a-1883-433e-acb0-7438b5479a4c/omNode-1/ratis/c9bc4cf4-3bc3-3c60-a66b-523986131536/in_use.lock acquired by nodename 4883@fv-az291-847
2022-05-11 01:29:02,544 [pool-51-thread-1] INFO  storage.RaftStorage (RaftStorageImpl.java:format(89)) - Storage directory /home/runner/work/ozone/ozone/hadoop-ozone/integration-test/target/test-dir/MiniOzoneClusterImpl-ae28b10a-1883-433e-acb0-7438b5479a4c/omNode-1/ratis/c9bc4cf4-3bc3-3c60-a66b-523986131536 has been successfully formatted.
2022-05-11 01:29:02,563 [pool-51-thread-1] INFO  server.RaftServerConfigKeys (ConfUtils.java:logGet(44)) - raft.server.notification.no-leader.timeout = 2s (custom)
2022-05-11 01:29:02,566 [pool-51-thread-1] INFO  server.RaftServerConfigKeys (ConfUtils.java:logGet(44)) - raft.server.log.use.memory = false (default)
2022-05-11 01:29:02,576 [pool-51-thread-1] INFO  server.RaftServerConfigKeys (ConfUtils.java:logGet(44)) - raft.server.log.purge.gap = 50 (custom)
2022-05-11 01:29:02,576 [pool-51-thread-1] INFO  server.RaftServerConfigKeys (ConfUtils.java:logGet(44)) - raft.server.log.appender.buffer.byte-limit = 33554432 (custom)
2022-05-11 01:29:02,610 [pool-51-thread-1] INFO  server.RaftServerConfigKeys (ConfUtils.java:logGet(44)) - raft.server.log.segment.size.max = 4194304 (custom)
2022-05-11 01:29:02,650 [pool-51-thread-1] INFO  server.RaftServerConfigKeys (ConfUtils.java:logGet(44)) - raft.server.log.segment.cache.num.max = 2 (custom)
2022-05-11 01:29:02,651 [pool-51-thread-1] INFO  server.RaftServerConfigKeys (ConfUtils.java:logGet(44)) - raft.server.log.segment.cache.size.max = 200MB (=209715200) (default)
2022-05-11 01:29:02,658 [pool-51-thread-1] INFO  segmented.SegmentedRaftLogWorker (SegmentedRaftLogWorker.java:<init>(182)) - new omNode-1@group-523986131536-SegmentedRaftLogWorker for RaftStorageImpl:Storage Directory /home/runner/work/ozone/ozone/hadoop-ozone/integration-test/target/test-dir/MiniOzoneClusterImpl-ae28b10a-1883-433e-acb0-7438b5479a4c/omNode-1/ratis/c9bc4cf4-3bc3-3c60-a66b-523986131536
2022-05-11 01:29:02,679 [pool-51-thread-1] INFO  server.RaftServerConfigKeys (ConfUtils.java:logGet(44)) - raft.server.log.queue.byte-limit = 64MB (=67108864) (default)
2022-05-11 01:29:02,680 [pool-51-thread-1] INFO  server.RaftServerConfigKeys (ConfUtils.java:logGet(44)) - raft.server.log.queue.element-limit = 4096 (default)
2022-05-11 01:29:02,681 [pool-51-thread-1] INFO  server.RaftServerConfigKeys (ConfUtils.java:logGet(44)) - raft.server.log.segment.size.max = 4194304 (custom)
2022-05-11 01:29:02,681 [pool-51-thread-1] INFO  server.RaftServerConfigKeys (ConfUtils.java:logGet(44)) - raft.server.log.preallocated.size = 4194304 (custom)
2022-05-11 01:29:02,682 [pool-51-thread-1] INFO  server.RaftServerConfigKeys (ConfUtils.java:logGet(44)) - raft.server.log.force.sync.num = 128 (default)
2022-05-11 01:29:02,696 [pool-51-thread-1] INFO  server.RaftServerConfigKeys (ConfUtils.java:logGet(44)) - raft.server.log.statemachine.data.sync = true (default)
2022-05-11 01:29:02,697 [pool-51-thread-1] INFO  server.RaftServerConfigKeys (ConfUtils.java:logGet(44)) - raft.server.log.statemachine.data.sync.timeout = 10s (default)
2022-05-11 01:29:02,697 [pool-51-thread-1] INFO  server.RaftServerConfigKeys (ConfUtils.java:logGet(44)) - raft.server.log.statemachine.data.sync.timeout.retry = -1 (default)
2022-05-11 01:29:02,723 [pool-51-thread-1] INFO  server.RaftServerConfigKeys (ConfUtils.java:logGet(44)) - raft.server.log.write.buffer.size = 64KB (=65536) (default)
2022-05-11 01:29:02,723 [pool-51-thread-1] INFO  server.RaftServerConfigKeys (ConfUtils.java:logGet(44)) - raft.server.log.statemachine.data.caching.enabled = false (default)
2022-05-11 01:29:02,743 [pool-51-thread-1] INFO  segmented.SegmentedRaftLogWorker (SegmentedRaftLogWorker.java:lambda$new$0(133)) - omNode-1@group-523986131536-SegmentedRaftLogWorker: flushIndex: setUnconditionally 0 -> -1
2022-05-11 01:29:02,745 [pool-51-thread-1] INFO  segmented.SegmentedRaftLogWorker (SegmentedRaftLogWorker.java:lambda$new$0(133)) - omNode-1@group-523986131536-SegmentedRaftLogWorker: safeCacheEvictIndex: setUnconditionally 0 -> -1
2022-05-11 01:29:02,753 [pool-51-thread-1] INFO  server.RaftServerConfigKeys (ConfUtils.java:logGet(44)) - raft.server.snapshot.auto.trigger.enabled = true (custom)
2022-05-11 01:29:02,754 [pool-51-thread-1] INFO  server.RaftServerConfigKeys (ConfUtils.java:logGet(44)) - raft.server.snapshot.auto.trigger.threshold = 50 (custom)
2022-05-11 01:29:02,754 [pool-51-thread-1] INFO  server.RaftServerConfigKeys (ConfUtils.java:logGet(44)) - raft.server.snapshot.retention.file.num = -1 (default)
2022-05-11 01:29:02,757 [pool-51-thread-1] INFO  server.RaftServerConfigKeys (ConfUtils.java:logGet(44)) - raft.server.log.purge.upto.snapshot.index = true (custom)
2022-05-11 01:29:02,759 [pool-51-thread-1] INFO  server.RaftServerConfigKeys (ConfUtils.java:logGet(44)) - raft.server.retrycache.expirytime = 30000ms (custom)
2022-05-11 01:29:02,759 [pool-51-thread-1] INFO  server.RaftServerConfigKeys (ConfUtils.java:logGet(44)) - raft.server.retrycache.statistics.expirytime = 100μs (default)
2022-05-11 01:29:03,205 [Listener at 0.0.0.0/45937] INFO  reflections.Reflections (Reflections.java:scan(232)) - Reflections took 713 ms to scan 19 urls, producing 61 keys and 3656 values [using 2 cores]
2022-05-11 01:29:03,370 [Listener at 0.0.0.0/45937] INFO  ipc.CallQueueManager (CallQueueManager.java:<init>(90)) - Using callQueue: class java.util.concurrent.LinkedBlockingQueue, queueCapacity: 2000, scheduler: class org.apache.hadoop.ipc.DefaultRpcScheduler, ipcBackoff: false.
2022-05-11 01:29:03,371 [Socket Reader #1 for port 40623] INFO  ipc.Server (Server.java:run(1265)) - Starting Socket Reader #1 for port 40623
2022-05-11 01:29:03,414 [Listener at 127.0.0.1/40623] INFO  impl.MetricsSystemImpl (MetricsSystemImpl.java:init(158)) - OzoneManager metrics system started (again)
2022-05-11 01:29:03,430 [Listener at 127.0.0.1/40623] INFO  om.OzoneManager (OzoneManager.java:start(1395)) - OzoneManager RPC server is listening at localhost/127.0.0.1:40623
2022-05-11 01:29:03,430 [Listener at 127.0.0.1/40623] INFO  ratis.OzoneManagerRatisServer (OzoneManagerRatisServer.java:start(554)) - Starting OzoneManagerRatisServer omNode-1 at port 37959
2022-05-11 01:29:03,432 [Listener at 127.0.0.1/40623] INFO  server.RaftServer$Division (RaftServerImpl.java:start(301)) - omNode-1@group-523986131536: start as a follower, conf=-1: [omNode-3|rpc:localhost:40799|priority:0, omNode-1|rpc:localhost:37959|priority:0, omNode-2|rpc:localhost:36649|priority:0], old=null
2022-05-11 01:29:03,438 [Listener at 127.0.0.1/40623] INFO  server.RaftServer$Division (RaftServerImpl.java:setRole(290)) - omNode-1@group-523986131536: changes role from      null to FOLLOWER at term 0 for startAsFollower
2022-05-11 01:29:03,439 [Listener at 127.0.0.1/40623] INFO  impl.RoleInfo (RoleInfo.java:updateAndGet(130)) - omNode-1: start omNode-1@group-523986131536-FollowerState
2022-05-11 01:29:03,441 [Listener at 127.0.0.1/40623] INFO  util.JmxRegister (JmxRegister.java:tryRegister(44)) - Successfully registered JMX Bean with object name Ratis:service=RaftServer,group=group-523986131536,id=omNode-1
2022-05-11 01:29:03,458 [Listener at 127.0.0.1/40623] INFO  server.RaftServer (RaftServerProxy.java:lambda$start$5(374)) - omNode-1: start RPC server
2022-05-11 01:29:03,532 [Listener at 127.0.0.1/40623] INFO  server.GrpcService (GrpcService.java:startImpl(253)) - omNode-1: GrpcService started, listening on 37959
2022-05-11 01:29:03,682 [org.apache.ratis.util.JvmPauseMonitor$$Lambda$637/1274334510@2ee3549e] INFO  util.JvmPauseMonitor (JvmPauseMonitor.java:run(103)) - JvmPauseMonitor-omNode-1: Started
2022-05-11 01:29:03,683 [Listener at 127.0.0.1/40623] INFO  om.OzoneManager (OzoneManager.java:start(1411)) - Version File has different layout version (1) than OM DB (null). That is expected if this OM has never been finalized to a newer layout version.
2022-05-11 01:29:03,695 [Listener at 127.0.0.1/40623] INFO  http.BaseHttpServer (BaseHttpServer.java:newHttpServer2BuilderForOzone(209)) - Starting Web-server for ozoneManager at: http://0.0.0.0:34597
2022-05-11 01:29:03,695 [Listener at 127.0.0.1/40623] INFO  http.BaseHttpServer (BaseHttpServer.java:<init>(107)) - Hadoop Security Enabled: false Ozone Security Enabled: false Ozone HTTP Security Enabled: false 
2022-05-11 01:29:03,697 [Listener at 127.0.0.1/40623] INFO  server.AuthenticationFilter (AuthenticationFilter.java:constructSecretProvider(240)) - Unable to initialize FileSignerSecretProvider, falling back to use random secrets.
2022-05-11 01:29:03,700 [Listener at 127.0.0.1/40623] WARN  http.HttpRequestLog (HttpRequestLog.java:getRequestLog(103)) - Jetty request log can only be enabled using Log4j
2022-05-11 01:29:03,702 [Listener at 127.0.0.1/40623] INFO  http.HttpServer2 (HttpServer2.java:addGlobalFilter(1030)) - Added global filter 'safety' (class=org.apache.hadoop.hdds.server.http.HttpServer2$QuotingInputFilter)
2022-05-11 01:29:03,703 [Listener at 127.0.0.1/40623] INFO  http.HttpServer2 (HttpServer2.java:addFilter(1006)) - Added filter static_user_filter (class=org.apache.hadoop.http.lib.StaticUserWebFilter$StaticUserFilter) to context ozoneManager
2022-05-11 01:29:03,703 [Listener at 127.0.0.1/40623] INFO  http.HttpServer2 (HttpServer2.java:addFilter(1014)) - Added filter static_user_filter (class=org.apache.hadoop.http.lib.StaticUserWebFilter$StaticUserFilter) to context logs
2022-05-11 01:29:03,703 [Listener at 127.0.0.1/40623] INFO  http.HttpServer2 (HttpServer2.java:addFilter(1014)) - Added filter static_user_filter (class=org.apache.hadoop.http.lib.StaticUserWebFilter$StaticUserFilter) to context static
2022-05-11 01:29:03,710 [Listener at 127.0.0.1/40623] INFO  http.HttpServer2 (HttpServer2.java:bindListener(1249)) - Jetty bound to port 34597
2022-05-11 01:29:03,711 [Listener at 127.0.0.1/40623] INFO  server.Server (Server.java:doStart(375)) - jetty-9.4.43.v20210629; built: 2021-06-30T11:07:22.254Z; git: 526006ecfa3af7f1a27ef3a288e2bef7ea9dd7e8; jvm 1.8.0_322-b06
2022-05-11 01:29:03,717 [Listener at 127.0.0.1/40623] INFO  server.session (DefaultSessionIdManager.java:doStart(334)) - DefaultSessionIdManager workerName=node0
2022-05-11 01:29:03,717 [Listener at 127.0.0.1/40623] INFO  server.session (DefaultSessionIdManager.java:doStart(339)) - No SessionScavenger set, using defaults
2022-05-11 01:29:03,717 [Listener at 127.0.0.1/40623] INFO  server.session (HouseKeeper.java:startScavenging(132)) - node0 Scavenging every 600000ms
2022-05-11 01:29:03,718 [Listener at 127.0.0.1/40623] INFO  handler.ContextHandler (ContextHandler.java:doStart(915)) - Started o.e.j.s.ServletContextHandler@1a168086{logs,/logs,file:///home/runner/work/ozone/ozone/hadoop-ozone/integration-test/target/log,AVAILABLE}
2022-05-11 01:29:03,719 [Listener at 127.0.0.1/40623] INFO  handler.ContextHandler (ContextHandler.java:doStart(915)) - Started o.e.j.s.ServletContextHandler@650e9dca{static,/static,file:///home/runner/work/ozone/ozone/hadoop-ozone/integration-test/target/test-classes/webapps/static,AVAILABLE}
2022-05-11 01:29:03,724 [Listener at 127.0.0.1/40623] INFO  handler.ContextHandler (ContextHandler.java:doStart(915)) - Started o.e.j.w.WebAppContext@1b28684{ozoneManager,/,file:///home/runner/work/ozone/ozone/hadoop-ozone/integration-test/target/test-classes/webapps/ozoneManager/,AVAILABLE}{file:/home/runner/work/ozone/ozone/hadoop-ozone/integration-test/target/test-classes/webapps/ozoneManager}
2022-05-11 01:29:03,726 [Listener at 127.0.0.1/40623] INFO  server.AbstractConnector (AbstractConnector.java:doStart(331)) - Started ServerConnector@f0b01d4{HTTP/1.1, (http/1.1)}{0.0.0.0:34597}
2022-05-11 01:29:03,729 [Listener at 127.0.0.1/40623] INFO  server.Server (Server.java:doStart(415)) - Started @8893ms
2022-05-11 01:29:03,729 [Listener at 127.0.0.1/40623] WARN  impl.MetricsSystemImpl (MetricsSystemImpl.java:register(279)) - Sink prometheus already exists!
2022-05-11 01:29:03,730 [Listener at 127.0.0.1/40623] INFO  http.BaseHttpServer (BaseHttpServer.java:updateConnectorAddress(329)) - HTTP server of ozoneManager listening at http://0.0.0.0:34597
2022-05-11 01:29:03,731 [IPC Server Responder] INFO  ipc.Server (Server.java:run(1507)) - IPC Server Responder: starting
2022-05-11 01:29:03,735 [IPC Server listener on 40623] INFO  ipc.Server (Server.java:run(1344)) - IPC Server listener on 40623: starting
2022-05-11 01:29:03,743 [Listener at 127.0.0.1/40623] INFO  om.OzoneManager (OzoneManager.java:startTrashEmptier(1835)) - Trash Interval set to 0. Files deleted won't move to trash
2022-05-11 01:29:03,745 [org.apache.hadoop.util.JvmPauseMonitor$Monitor@20a7dc29] INFO  util.JvmPauseMonitor (JvmPauseMonitor.java:run(188)) - Starting JVM pause monitor
2022-05-11 01:29:03,746 [Listener at 127.0.0.1/40623] INFO  ozone.MiniOzoneHAClusterImpl (MiniOzoneHAClusterImpl.java:createOMService(522)) - Started OzoneManager omNode-1 RPC server at localhost/127.0.0.1:40623
2022-05-11 01:29:03,747 [Listener at 127.0.0.1/40623] INFO  ha.OMHANodeDetails (OMHANodeDetails.java:loadOMHAConfig(118)) - ServiceID for OzoneManager is om-service-test1
2022-05-11 01:29:03,748 [Listener at 127.0.0.1/40623] INFO  ha.OMHANodeDetails (OMHANodeDetails.java:loadOMHAConfig(193)) - Found matching OM address with OMServiceId: om-service-test1, OMNodeId: omNode-2, RPC Address: localhost:38653 and Ratis port: 36649
2022-05-11 01:29:03,748 [Listener at 127.0.0.1/40623] INFO  ha.OMHANodeDetails (ConfUtils.java:setNodeSpecificConfigs(108)) - Setting configuration key ozone.om.http-address with value of key ozone.om.http-address.om-service-test1.omNode-2: 127.0.0.1:45153
2022-05-11 01:29:03,748 [Listener at 127.0.0.1/40623] INFO  ha.OMHANodeDetails (ConfUtils.java:setNodeSpecificConfigs(108)) - Setting configuration key ozone.om.https-address with value of key ozone.om.https-address.om-service-test1.omNode-2: 127.0.0.1:42763
2022-05-11 01:29:03,749 [Listener at 127.0.0.1/40623] INFO  ha.OMHANodeDetails (ConfUtils.java:setNodeSpecificConfigs(108)) - Setting configuration key ozone.om.address with value of key ozone.om.address.om-service-test1.omNode-2: 127.0.0.1:38653
2022-05-11 01:29:03,749 [Listener at 127.0.0.1/40623] WARN  server.ServerUtils (ServerUtils.java:getDBPath(225)) - ozone.om.db.dirs is not configured. We recommend adding this setting. Falling back to ozone.metadata.dirs instead.
OM initialization succeeded.Current cluster id for sd=/home/runner/work/ozone/ozone/hadoop-ozone/integration-test/target/test-dir/MiniOzoneClusterImpl-ae28b10a-1883-433e-acb0-7438b5479a4c/omNode-2/om;cid=ae28b10a-1883-433e-acb0-7438b5479a4c;layoutVersion=1
2022-05-11 01:29:03,757 [Listener at 127.0.0.1/40623] INFO  ha.OMHANodeDetails (OMHANodeDetails.java:loadOMHAConfig(118)) - ServiceID for OzoneManager is om-service-test1
2022-05-11 01:29:03,758 [Listener at 127.0.0.1/40623] INFO  ha.OMHANodeDetails (OMHANodeDetails.java:loadOMHAConfig(193)) - Found matching OM address with OMServiceId: om-service-test1, OMNodeId: omNode-2, RPC Address: localhost:38653 and Ratis port: 36649
2022-05-11 01:29:03,759 [Listener at 127.0.0.1/40623] INFO  ha.OMHANodeDetails (ConfUtils.java:setNodeSpecificConfigs(108)) - Setting configuration key ozone.om.http-address with value of key ozone.om.http-address.om-service-test1.omNode-2: 127.0.0.1:45153
2022-05-11 01:29:03,759 [Listener at 127.0.0.1/40623] INFO  ha.OMHANodeDetails (ConfUtils.java:setNodeSpecificConfigs(108)) - Setting configuration key ozone.om.https-address with value of key ozone.om.https-address.om-service-test1.omNode-2: 127.0.0.1:42763
2022-05-11 01:29:03,759 [Listener at 127.0.0.1/40623] INFO  ha.OMHANodeDetails (ConfUtils.java:setNodeSpecificConfigs(108)) - Setting configuration key ozone.om.address with value of key ozone.om.address.om-service-test1.omNode-2: 127.0.0.1:38653
2022-05-11 01:29:03,759 [Listener at 127.0.0.1/40623] WARN  server.ServerUtils (ServerUtils.java:getDBPath(225)) - ozone.om.db.dirs is not configured. We recommend adding this setting. Falling back to ozone.metadata.dirs instead.
2022-05-11 01:29:03,761 [Listener at 127.0.0.1/40623] INFO  upgrade.AbstractLayoutVersionManager (AbstractLayoutVersionManager.java:init(79)) - Initializing Layout version manager with metadata layout = ERASURE_CODED_STORAGE_SUPPORT (version = 1), software layout = ERASURE_CODED_STORAGE_SUPPORT (version = 1)
2022-05-11 01:29:03,837 [Listener at 127.0.0.1/40623] INFO  reflections.Reflections (Reflections.java:scan(232)) - Reflections took 74 ms to scan 2 urls, producing 143 keys and 369 values [using 2 cores]
2022-05-11 01:29:03,838 [Listener at 127.0.0.1/40623] INFO  upgrade.OMLayoutVersionManager (OMLayoutVersionManager.java:lambda$0(115)) - Skipping Upgrade Action MockOmUpgradeAction since it has been finalized.
2022-05-11 01:29:03,838 [Listener at 127.0.0.1/40623] WARN  server.ServerUtils (ServerUtils.java:getDBPath(225)) - ozone.om.db.dirs is not configured. We recommend adding this setting. Falling back to ozone.metadata.dirs instead.
2022-05-11 01:29:03,860 [Listener at 127.0.0.1/40623] WARN  server.ServerUtils (ServerUtils.java:getDBPath(225)) - ozone.om.db.dirs is not configured. We recommend adding this setting. Falling back to ozone.metadata.dirs instead.
2022-05-11 01:29:03,862 [Listener at 127.0.0.1/40623] INFO  codec.OmKeyInfoCodec (OmKeyInfoCodec.java:<init>(49)) - OmKeyInfoCodec ignorePipeline = true
2022-05-11 01:29:03,862 [Listener at 127.0.0.1/40623] INFO  codec.RepeatedOmKeyInfoCodec (RepeatedOmKeyInfoCodec.java:<init>(41)) - RepeatedOmKeyInfoCodec ignorePipeline = true
2022-05-11 01:29:04,028 [Listener at 127.0.0.1/40623] INFO  om.OzoneManager (OzoneManager.java:addS3GVolumeToDB(3880)) - Created Volume s3v With Owner runner required for S3Gateway operations.
2022-05-11 01:29:04,029 [Listener at 127.0.0.1/40623] WARN  server.ServerUtils (ServerUtils.java:getDefaultRatisDirectory(237)) - Storage directory for Ratis is not configured. It is a good idea to map this to an SSD disk. Falling back to ozone.metadata.dirs
2022-05-11 01:29:04,030 [Listener at 127.0.0.1/40623] WARN  utils.OzoneManagerRatisUtils (OzoneManagerRatisUtils.java:getOMRatisSnapshotDirectory(395)) - ozone.om.ratis.snapshot.dir is not configured. Falling back to ozone.metadata.dirs config
2022-05-11 01:29:04,031 [Listener at 127.0.0.1/40623] INFO  snapshot.OzoneManagerSnapshotProvider (OzoneManagerSnapshotProvider.java:<init>(76)) - Initializing OM Snapshot Provider
2022-05-11 01:29:04,032 [Listener at 127.0.0.1/40623] WARN  impl.MetricRegistriesImpl (MetricRegistriesImpl.java:addReporterRegistration(111)) - New reporters are added after registries were created. Some metrics will be missing from the reporter. Please add reporter before adding any new registry.
2022-05-11 01:29:04,033 [Listener at 127.0.0.1/40623] WARN  impl.MetricRegistriesImpl (MetricRegistriesImpl.java:addReporterRegistration(111)) - New reporters are added after registries were created. Some metrics will be missing from the reporter. Please add reporter before adding any new registry.
2022-05-11 01:29:04,033 [Listener at 127.0.0.1/40623] WARN  server.ServerUtils (ServerUtils.java:getDefaultRatisDirectory(237)) - Storage directory for Ratis is not configured. It is a good idea to map this to an SSD disk. Falling back to ozone.metadata.dirs
2022-05-11 01:29:04,035 [Listener at 127.0.0.1/40623] INFO  ratis.OzoneManagerRatisServer (OzoneManagerRatisServer.java:<init>(159)) - Instantiating OM Ratis server with groupID: om-service-test1 and peers: localhost:36649, localhost:40799, localhost:37959
2022-05-11 01:29:04,035 [Listener at 127.0.0.1/40623] INFO  ratis.OzoneManagerStateMachine (OzoneManagerStateMachine.java:loadSnapshotInfoFromDB(627)) - LastAppliedIndex is set from TransactionInfo from OM DB as (t:0, i:~)
2022-05-11 01:29:04,035 [Listener at 127.0.0.1/40623] INFO  server.RaftServer (ConfUtils.java:logGet(44)) - raft.rpc.type = GRPC (default)
2022-05-11 01:29:04,036 [Listener at 127.0.0.1/40623] INFO  grpc.GrpcFactory (GrpcFactory.java:checkPooledByteBufAllocatorUseCacheForAllThreads(48)) - PERFORMANCE WARNING: useCacheForAllThreads is true that may cause Netty to create a lot garbage objects and, as a result, trigger GC.
	It is recommended to disable useCacheForAllThreads by setting -Dorg.apache.ratis.thirdparty.io.netty.allocator.useCacheForAllThreads=false in command line.
2022-05-11 01:29:04,036 [Listener at 127.0.0.1/40623] INFO  grpc.GrpcConfigKeys (ConfUtils.java:logGet(44)) - raft.grpc.admin.port = -1 (default)
2022-05-11 01:29:04,036 [Listener at 127.0.0.1/40623] INFO  grpc.GrpcConfigKeys (ConfUtils.java:logGet(44)) - raft.grpc.server.port = 36649 (custom)
2022-05-11 01:29:04,037 [Listener at 127.0.0.1/40623] INFO  grpc.GrpcConfigKeys (ConfUtils.java:logGet(44)) - raft.grpc.client.port = -1 (default)
2022-05-11 01:29:04,037 [Listener at 127.0.0.1/40623] INFO  grpc.GrpcConfigKeys (ConfUtils.java:logGet(44)) - raft.grpc.server.port = 36649 (custom)
2022-05-11 01:29:04,037 [Listener at 127.0.0.1/40623] INFO  grpc.GrpcConfigKeys (ConfUtils.java:logGet(44)) - raft.grpc.server.port = 36649 (custom)
2022-05-11 01:29:04,037 [Listener at 127.0.0.1/40623] INFO  server.GrpcService (ConfUtils.java:logGet(44)) - raft.grpc.message.size.max = 33554432 (custom)
2022-05-11 01:29:04,038 [Listener at 127.0.0.1/40623] INFO  server.RaftServerConfigKeys (ConfUtils.java:logGet(44)) - raft.server.log.appender.buffer.byte-limit = 33554432 (custom)
2022-05-11 01:29:04,038 [Listener at 127.0.0.1/40623] INFO  server.GrpcService (ConfUtils.java:logGet(44)) - raft.grpc.flow.control.window = 1MB (=1048576) (default)
2022-05-11 01:29:04,038 [Listener at 127.0.0.1/40623] INFO  server.RaftServerConfigKeys (ConfUtils.java:logGet(44)) - raft.server.rpc.request.timeout = 3000ms (default)
2022-05-11 01:29:04,040 [Listener at 127.0.0.1/40623] INFO  impl.DataStreamServerImpl (ConfUtils.java:logGet(44)) - raft.datastream.type = DISABLED (default)
2022-05-11 01:29:04,040 [Listener at 127.0.0.1/40623] INFO  server.RaftServerConfigKeys (ConfUtils.java:logGet(44)) - raft.server.rpc.slowness.timeout = 2s (custom)
2022-05-11 01:29:04,040 [Listener at 127.0.0.1/40623] INFO  server.RaftServerConfigKeys (ConfUtils.java:logGet(44)) - raft.server.leaderelection.leader.step-down.wait-time = 10s (default)
2022-05-11 01:29:04,041 [Listener at 127.0.0.1/40623] INFO  server.RaftServerConfigKeys (ConfUtils.java:logGet(44)) - raft.server.storage.dir = [/home/runner/work/ozone/ozone/hadoop-ozone/integration-test/target/test-dir/MiniOzoneClusterImpl-ae28b10a-1883-433e-acb0-7438b5479a4c/omNode-2/ratis] (custom)
2022-05-11 01:29:04,043 [Listener at 127.0.0.1/40623] INFO  server.RaftServer (RaftServerProxy.java:addNew(95)) - omNode-2: addNew group-523986131536:[omNode-3|rpc:localhost:40799|priority:0, omNode-1|rpc:localhost:37959|priority:0, omNode-2|rpc:localhost:36649|priority:0] returns group-523986131536:java.util.concurrent.CompletableFuture@22c1cc8d[Not completed]
2022-05-11 01:29:04,043 [Listener at 127.0.0.1/40623] INFO  om.OzoneManager (OzoneManager.java:initializeRatisServer(1891)) - OzoneManager Ratis server initialized at port 36649
2022-05-11 01:29:04,045 [Listener at 127.0.0.1/40623] INFO  om.OzoneManager (OzoneManager.java:getRpcServer(1027)) - Creating RPC Server
2022-05-11 01:29:04,048 [pool-75-thread-1] INFO  server.RaftServer$Division (RaftServerImpl.java:<init>(184)) - omNode-2: new RaftServerImpl for group-523986131536:[omNode-3|rpc:localhost:40799|priority:0, omNode-1|rpc:localhost:37959|priority:0, omNode-2|rpc:localhost:36649|priority:0] with OzoneManagerStateMachine:uninitialized
2022-05-11 01:29:04,055 [pool-75-thread-1] INFO  server.RaftServerConfigKeys (ConfUtils.java:logGet(44)) - raft.server.rpc.timeout.min = 1s (custom)
2022-05-11 01:29:04,057 [pool-75-thread-1] INFO  server.RaftServerConfigKeys (ConfUtils.java:logGet(44)) - raft.server.rpc.timeout.max = 1200ms (custom)
2022-05-11 01:29:04,057 [pool-75-thread-1] INFO  server.RaftServerConfigKeys (ConfUtils.java:logGet(44)) - raft.server.rpc.sleep.time = 25ms (default)
2022-05-11 01:29:04,057 [pool-75-thread-1] INFO  server.RaftServerConfigKeys (ConfUtils.java:logGet(44)) - raft.server.rpc.slowness.timeout = 2s (custom)
2022-05-11 01:29:04,057 [pool-75-thread-1] INFO  server.RaftServerConfigKeys (ConfUtils.java:logGet(44)) - raft.server.leaderelection.leader.step-down.wait-time = 10s (default)
2022-05-11 01:29:04,057 [pool-75-thread-1] INFO  server.RaftServerConfigKeys (ConfUtils.java:logGet(44)) - raft.server.sleep.deviation.threshold = 300ms (default)
2022-05-11 01:29:04,057 [pool-75-thread-1] INFO  server.RaftServerConfigKeys (ConfUtils.java:logGet(44)) - raft.server.log.appender.install.snapshot.enabled = false (custom)
2022-05-11 01:29:04,058 [pool-75-thread-1] INFO  server.RaftServer$Division (ServerState.java:<init>(105)) - omNode-2@group-523986131536: ConfigurationManager, init=-1: [omNode-3|rpc:localhost:40799|priority:0, omNode-1|rpc:localhost:37959|priority:0, omNode-2|rpc:localhost:36649|priority:0], old=null, confs=<EMPTY_MAP>
2022-05-11 01:29:04,058 [pool-75-thread-1] INFO  server.RaftServerConfigKeys (ConfUtils.java:logGet(44)) - raft.server.storage.dir = [/home/runner/work/ozone/ozone/hadoop-ozone/integration-test/target/test-dir/MiniOzoneClusterImpl-ae28b10a-1883-433e-acb0-7438b5479a4c/omNode-2/ratis] (custom)
2022-05-11 01:29:04,058 [pool-75-thread-1] INFO  server.RaftServerConfigKeys (ConfUtils.java:logGet(44)) - raft.server.log.corruption.policy = EXCEPTION (default)
2022-05-11 01:29:04,058 [pool-75-thread-1] INFO  server.RaftServerConfigKeys (ConfUtils.java:logGet(44)) - raft.server.storage.free-space.min = 0MB (=0) (default)
2022-05-11 01:29:04,058 [pool-75-thread-1] INFO  storage.RaftStorageDirectory (RaftStorageDirectoryImpl.java:analyzeStorage(135)) - The storage directory /home/runner/work/ozone/ozone/hadoop-ozone/integration-test/target/test-dir/MiniOzoneClusterImpl-ae28b10a-1883-433e-acb0-7438b5479a4c/omNode-2/ratis/c9bc4cf4-3bc3-3c60-a66b-523986131536 does not exist. Creating ...
2022-05-11 01:29:04,078 [pool-75-thread-1] INFO  storage.RaftStorageDirectory (RaftStorageDirectoryImpl.java:tryLock(230)) - Lock on /home/runner/work/ozone/ozone/hadoop-ozone/integration-test/target/test-dir/MiniOzoneClusterImpl-ae28b10a-1883-433e-acb0-7438b5479a4c/omNode-2/ratis/c9bc4cf4-3bc3-3c60-a66b-523986131536/in_use.lock acquired by nodename 4883@fv-az291-847
2022-05-11 01:29:04,079 [pool-75-thread-1] INFO  storage.RaftStorage (RaftStorageImpl.java:format(89)) - Storage directory /home/runner/work/ozone/ozone/hadoop-ozone/integration-test/target/test-dir/MiniOzoneClusterImpl-ae28b10a-1883-433e-acb0-7438b5479a4c/omNode-2/ratis/c9bc4cf4-3bc3-3c60-a66b-523986131536 has been successfully formatted.
2022-05-11 01:29:04,080 [pool-75-thread-1] INFO  server.RaftServerConfigKeys (ConfUtils.java:logGet(44)) - raft.server.notification.no-leader.timeout = 2s (custom)
2022-05-11 01:29:04,080 [pool-75-thread-1] INFO  server.RaftServerConfigKeys (ConfUtils.java:logGet(44)) - raft.server.log.use.memory = false (default)
2022-05-11 01:29:04,081 [pool-75-thread-1] INFO  server.RaftServerConfigKeys (ConfUtils.java:logGet(44)) - raft.server.log.purge.gap = 50 (custom)
2022-05-11 01:29:04,081 [pool-75-thread-1] INFO  server.RaftServerConfigKeys (ConfUtils.java:logGet(44)) - raft.server.log.appender.buffer.byte-limit = 33554432 (custom)
2022-05-11 01:29:04,081 [pool-75-thread-1] INFO  server.RaftServerConfigKeys (ConfUtils.java:logGet(44)) - raft.server.log.segment.size.max = 4194304 (custom)
2022-05-11 01:29:04,082 [pool-75-thread-1] INFO  server.RaftServerConfigKeys (ConfUtils.java:logGet(44)) - raft.server.log.segment.cache.num.max = 2 (custom)
2022-05-11 01:29:04,082 [pool-75-thread-1] INFO  server.RaftServerConfigKeys (ConfUtils.java:logGet(44)) - raft.server.log.segment.cache.size.max = 200MB (=209715200) (default)
2022-05-11 01:29:04,082 [pool-75-thread-1] INFO  segmented.SegmentedRaftLogWorker (SegmentedRaftLogWorker.java:<init>(182)) - new omNode-2@group-523986131536-SegmentedRaftLogWorker for RaftStorageImpl:Storage Directory /home/runner/work/ozone/ozone/hadoop-ozone/integration-test/target/test-dir/MiniOzoneClusterImpl-ae28b10a-1883-433e-acb0-7438b5479a4c/omNode-2/ratis/c9bc4cf4-3bc3-3c60-a66b-523986131536
2022-05-11 01:29:04,084 [pool-75-thread-1] INFO  server.RaftServerConfigKeys (ConfUtils.java:logGet(44)) - raft.server.log.queue.byte-limit = 64MB (=67108864) (default)
2022-05-11 01:29:04,085 [pool-75-thread-1] INFO  server.RaftServerConfigKeys (ConfUtils.java:logGet(44)) - raft.server.log.queue.element-limit = 4096 (default)
2022-05-11 01:29:04,085 [pool-75-thread-1] INFO  server.RaftServerConfigKeys (ConfUtils.java:logGet(44)) - raft.server.log.segment.size.max = 4194304 (custom)
2022-05-11 01:29:04,085 [pool-75-thread-1] INFO  server.RaftServerConfigKeys (ConfUtils.java:logGet(44)) - raft.server.log.preallocated.size = 4194304 (custom)
2022-05-11 01:29:04,085 [pool-75-thread-1] INFO  server.RaftServerConfigKeys (ConfUtils.java:logGet(44)) - raft.server.log.force.sync.num = 128 (default)
2022-05-11 01:29:04,085 [pool-75-thread-1] INFO  server.RaftServerConfigKeys (ConfUtils.java:logGet(44)) - raft.server.log.statemachine.data.sync = true (default)
2022-05-11 01:29:04,085 [pool-75-thread-1] INFO  server.RaftServerConfigKeys (ConfUtils.java:logGet(44)) - raft.server.log.statemachine.data.sync.timeout = 10s (default)
2022-05-11 01:29:04,085 [pool-75-thread-1] INFO  server.RaftServerConfigKeys (ConfUtils.java:logGet(44)) - raft.server.log.statemachine.data.sync.timeout.retry = -1 (default)
2022-05-11 01:29:04,095 [pool-75-thread-1] INFO  server.RaftServerConfigKeys (ConfUtils.java:logGet(44)) - raft.server.log.write.buffer.size = 64KB (=65536) (default)
2022-05-11 01:29:04,096 [pool-75-thread-1] INFO  server.RaftServerConfigKeys (ConfUtils.java:logGet(44)) - raft.server.log.statemachine.data.caching.enabled = false (default)
2022-05-11 01:29:04,096 [pool-75-thread-1] INFO  segmented.SegmentedRaftLogWorker (SegmentedRaftLogWorker.java:lambda$new$0(133)) - omNode-2@group-523986131536-SegmentedRaftLogWorker: flushIndex: setUnconditionally 0 -> -1
2022-05-11 01:29:04,096 [pool-75-thread-1] INFO  segmented.SegmentedRaftLogWorker (SegmentedRaftLogWorker.java:lambda$new$0(133)) - omNode-2@group-523986131536-SegmentedRaftLogWorker: safeCacheEvictIndex: setUnconditionally 0 -> -1
2022-05-11 01:29:04,104 [pool-75-thread-1] INFO  server.RaftServerConfigKeys (ConfUtils.java:logGet(44)) - raft.server.snapshot.auto.trigger.enabled = true (custom)
2022-05-11 01:29:04,104 [pool-75-thread-1] INFO  server.RaftServerConfigKeys (ConfUtils.java:logGet(44)) - raft.server.snapshot.auto.trigger.threshold = 50 (custom)
2022-05-11 01:29:04,104 [pool-75-thread-1] INFO  server.RaftServerConfigKeys (ConfUtils.java:logGet(44)) - raft.server.snapshot.retention.file.num = -1 (default)
2022-05-11 01:29:04,104 [pool-75-thread-1] INFO  server.RaftServerConfigKeys (ConfUtils.java:logGet(44)) - raft.server.log.purge.upto.snapshot.index = true (custom)
2022-05-11 01:29:04,105 [pool-75-thread-1] INFO  server.RaftServerConfigKeys (ConfUtils.java:logGet(44)) - raft.server.retrycache.expirytime = 30000ms (custom)
2022-05-11 01:29:04,105 [pool-75-thread-1] INFO  server.RaftServerConfigKeys (ConfUtils.java:logGet(44)) - raft.server.retrycache.statistics.expirytime = 100μs (default)
2022-05-11 01:29:04,532 [Listener at 127.0.0.1/40623] INFO  reflections.Reflections (Reflections.java:scan(232)) - Reflections took 485 ms to scan 19 urls, producing 61 keys and 3656 values [using 2 cores]
2022-05-11 01:29:04,534 [Listener at 127.0.0.1/40623] INFO  ipc.CallQueueManager (CallQueueManager.java:<init>(90)) - Using callQueue: class java.util.concurrent.LinkedBlockingQueue, queueCapacity: 2000, scheduler: class org.apache.hadoop.ipc.DefaultRpcScheduler, ipcBackoff: false.
2022-05-11 01:29:04,535 [Socket Reader #1 for port 38653] INFO  ipc.Server (Server.java:run(1265)) - Starting Socket Reader #1 for port 38653
2022-05-11 01:29:04,547 [omNode-1@group-523986131536-FollowerState] INFO  impl.FollowerState (FollowerState.java:run(134)) - omNode-1@group-523986131536-FollowerState: change to CANDIDATE, lastRpcElapsedTime:1108634815ns, electionTimeout:1085ms
2022-05-11 01:29:04,549 [omNode-1@group-523986131536-FollowerState] INFO  impl.RoleInfo (RoleInfo.java:shutdownFollowerState(108)) - omNode-1: shutdown omNode-1@group-523986131536-FollowerState
2022-05-11 01:29:04,549 [omNode-1@group-523986131536-FollowerState] INFO  server.RaftServer$Division (RaftServerImpl.java:setRole(290)) - omNode-1@group-523986131536: changes role from  FOLLOWER to CANDIDATE at term 0 for changeToCandidate
2022-05-11 01:29:04,552 [omNode-1@group-523986131536-FollowerState] INFO  server.RaftServerConfigKeys (ConfUtils.java:logGet(44)) - raft.server.leaderelection.pre-vote = false (custom)
2022-05-11 01:29:04,552 [omNode-1@group-523986131536-FollowerState] INFO  impl.RoleInfo (RoleInfo.java:updateAndGet(130)) - omNode-1: start omNode-1@group-523986131536-LeaderElection1
2022-05-11 01:29:04,565 [omNode-1@group-523986131536-LeaderElection1] INFO  impl.LeaderElection (LeaderElection.java:askForVotes(306)) - omNode-1@group-523986131536-LeaderElection1 ELECTION round 0: submit vote requests at term 1 for -1: [omNode-3|rpc:localhost:40799|priority:0, omNode-1|rpc:localhost:37959|priority:0, omNode-2|rpc:localhost:36649|priority:0], old=null
2022-05-11 01:29:04,582 [Listener at 127.0.0.1/38653] INFO  impl.MetricsSystemImpl (MetricsSystemImpl.java:init(158)) - OzoneManager metrics system started (again)
2022-05-11 01:29:04,608 [Listener at 127.0.0.1/38653] INFO  om.OzoneManager (OzoneManager.java:start(1395)) - OzoneManager RPC server is listening at localhost/127.0.0.1:38653
2022-05-11 01:29:04,608 [Listener at 127.0.0.1/38653] INFO  ratis.OzoneManagerRatisServer (OzoneManagerRatisServer.java:start(554)) - Starting OzoneManagerRatisServer omNode-2 at port 36649
2022-05-11 01:29:04,609 [Listener at 127.0.0.1/38653] INFO  server.RaftServer$Division (RaftServerImpl.java:start(301)) - omNode-2@group-523986131536: start as a follower, conf=-1: [omNode-3|rpc:localhost:40799|priority:0, omNode-1|rpc:localhost:37959|priority:0, omNode-2|rpc:localhost:36649|priority:0], old=null
2022-05-11 01:29:04,609 [Listener at 127.0.0.1/38653] INFO  server.RaftServer$Division (RaftServerImpl.java:setRole(290)) - omNode-2@group-523986131536: changes role from      null to FOLLOWER at term 0 for startAsFollower
2022-05-11 01:29:04,609 [Listener at 127.0.0.1/38653] INFO  impl.RoleInfo (RoleInfo.java:updateAndGet(130)) - omNode-2: start omNode-2@group-523986131536-FollowerState
2022-05-11 01:29:04,619 [Listener at 127.0.0.1/38653] INFO  util.JmxRegister (JmxRegister.java:tryRegister(44)) - Successfully registered JMX Bean with object name Ratis:service=RaftServer,group=group-523986131536,id=omNode-2
2022-05-11 01:29:04,621 [Listener at 127.0.0.1/38653] INFO  server.RaftServer (RaftServerProxy.java:lambda$start$5(374)) - omNode-2: start RPC server
2022-05-11 01:29:04,631 [Listener at 127.0.0.1/38653] INFO  server.GrpcService (GrpcService.java:startImpl(253)) - omNode-2: GrpcService started, listening on 36649
2022-05-11 01:29:04,636 [Listener at 127.0.0.1/38653] INFO  om.OzoneManager (OzoneManager.java:start(1411)) - Version File has different layout version (1) than OM DB (null). That is expected if this OM has never been finalized to a newer layout version.
2022-05-11 01:29:04,637 [org.apache.ratis.util.JvmPauseMonitor$$Lambda$637/1274334510@5dbbfa05] INFO  util.JvmPauseMonitor (JvmPauseMonitor.java:run(103)) - JvmPauseMonitor-omNode-2: Started
2022-05-11 01:29:04,651 [Listener at 127.0.0.1/38653] INFO  http.BaseHttpServer (BaseHttpServer.java:newHttpServer2BuilderForOzone(209)) - Starting Web-server for ozoneManager at: http://0.0.0.0:45153
2022-05-11 01:29:04,651 [Listener at 127.0.0.1/38653] INFO  http.BaseHttpServer (BaseHttpServer.java:<init>(107)) - Hadoop Security Enabled: false Ozone Security Enabled: false Ozone HTTP Security Enabled: false 
2022-05-11 01:29:04,653 [Listener at 127.0.0.1/38653] INFO  server.AuthenticationFilter (AuthenticationFilter.java:constructSecretProvider(240)) - Unable to initialize FileSignerSecretProvider, falling back to use random secrets.
2022-05-11 01:29:04,654 [Listener at 127.0.0.1/38653] WARN  http.HttpRequestLog (HttpRequestLog.java:getRequestLog(103)) - Jetty request log can only be enabled using Log4j
2022-05-11 01:29:04,655 [Listener at 127.0.0.1/38653] INFO  http.HttpServer2 (HttpServer2.java:addGlobalFilter(1030)) - Added global filter 'safety' (class=org.apache.hadoop.hdds.server.http.HttpServer2$QuotingInputFilter)
2022-05-11 01:29:04,656 [Listener at 127.0.0.1/38653] INFO  http.HttpServer2 (HttpServer2.java:addFilter(1006)) - Added filter static_user_filter (class=org.apache.hadoop.http.lib.StaticUserWebFilter$StaticUserFilter) to context ozoneManager
2022-05-11 01:29:04,657 [Listener at 127.0.0.1/38653] INFO  http.HttpServer2 (HttpServer2.java:addFilter(1014)) - Added filter static_user_filter (class=org.apache.hadoop.http.lib.StaticUserWebFilter$StaticUserFilter) to context static
2022-05-11 01:29:04,657 [Listener at 127.0.0.1/38653] INFO  http.HttpServer2 (HttpServer2.java:addFilter(1014)) - Added filter static_user_filter (class=org.apache.hadoop.http.lib.StaticUserWebFilter$StaticUserFilter) to context logs
2022-05-11 01:29:04,665 [Listener at 127.0.0.1/38653] INFO  http.HttpServer2 (HttpServer2.java:bindListener(1249)) - Jetty bound to port 45153
2022-05-11 01:29:04,665 [Listener at 127.0.0.1/38653] INFO  server.Server (Server.java:doStart(375)) - jetty-9.4.43.v20210629; built: 2021-06-30T11:07:22.254Z; git: 526006ecfa3af7f1a27ef3a288e2bef7ea9dd7e8; jvm 1.8.0_322-b06
2022-05-11 01:29:04,667 [Listener at 127.0.0.1/38653] INFO  server.session (DefaultSessionIdManager.java:doStart(334)) - DefaultSessionIdManager workerName=node0
2022-05-11 01:29:04,667 [Listener at 127.0.0.1/38653] INFO  server.session (DefaultSessionIdManager.java:doStart(339)) - No SessionScavenger set, using defaults
2022-05-11 01:29:04,668 [Listener at 127.0.0.1/38653] INFO  server.session (HouseKeeper.java:startScavenging(132)) - node0 Scavenging every 600000ms
2022-05-11 01:29:04,669 [Listener at 127.0.0.1/38653] INFO  handler.ContextHandler (ContextHandler.java:doStart(915)) - Started o.e.j.s.ServletContextHandler@5e86dc1c{logs,/logs,file:///home/runner/work/ozone/ozone/hadoop-ozone/integration-test/target/log,AVAILABLE}
2022-05-11 01:29:04,669 [Listener at 127.0.0.1/38653] INFO  handler.ContextHandler (ContextHandler.java:doStart(915)) - Started o.e.j.s.ServletContextHandler@2ce01617{static,/static,file:///home/runner/work/ozone/ozone/hadoop-ozone/integration-test/target/test-classes/webapps/static,AVAILABLE}
2022-05-11 01:29:04,676 [Listener at 127.0.0.1/38653] INFO  handler.ContextHandler (ContextHandler.java:doStart(915)) - Started o.e.j.w.WebAppContext@6614e25{ozoneManager,/,file:///home/runner/work/ozone/ozone/hadoop-ozone/integration-test/target/test-classes/webapps/ozoneManager/,AVAILABLE}{file:/home/runner/work/ozone/ozone/hadoop-ozone/integration-test/target/test-classes/webapps/ozoneManager}
2022-05-11 01:29:04,679 [Listener at 127.0.0.1/38653] INFO  server.AbstractConnector (AbstractConnector.java:doStart(331)) - Started ServerConnector@13e4acf6{HTTP/1.1, (http/1.1)}{0.0.0.0:45153}
2022-05-11 01:29:04,679 [Listener at 127.0.0.1/38653] INFO  server.Server (Server.java:doStart(415)) - Started @9843ms
2022-05-11 01:29:04,679 [Listener at 127.0.0.1/38653] WARN  impl.MetricsSystemImpl (MetricsSystemImpl.java:register(279)) - Sink prometheus already exists!
2022-05-11 01:29:04,680 [Listener at 127.0.0.1/38653] INFO  http.BaseHttpServer (BaseHttpServer.java:updateConnectorAddress(329)) - HTTP server of ozoneManager listening at http://0.0.0.0:45153
2022-05-11 01:29:04,681 [IPC Server Responder] INFO  ipc.Server (Server.java:run(1507)) - IPC Server Responder: starting
2022-05-11 01:29:04,681 [IPC Server listener on 38653] INFO  ipc.Server (Server.java:run(1344)) - IPC Server listener on 38653: starting
2022-05-11 01:29:04,688 [Listener at 127.0.0.1/38653] INFO  om.OzoneManager (OzoneManager.java:startTrashEmptier(1835)) - Trash Interval set to 0. Files deleted won't move to trash
2022-05-11 01:29:04,689 [Listener at 127.0.0.1/38653] INFO  ozone.MiniOzoneHAClusterImpl (MiniOzoneHAClusterImpl.java:createOMService(522)) - Started OzoneManager omNode-2 RPC server at localhost/127.0.0.1:38653
2022-05-11 01:29:04,690 [Listener at 127.0.0.1/38653] INFO  ha.OMHANodeDetails (OMHANodeDetails.java:loadOMHAConfig(118)) - ServiceID for OzoneManager is om-service-test1
2022-05-11 01:29:04,695 [org.apache.hadoop.util.JvmPauseMonitor$Monitor@4fe256c0] INFO  util.JvmPauseMonitor (JvmPauseMonitor.java:run(188)) - Starting JVM pause monitor
2022-05-11 01:29:04,699 [Listener at 127.0.0.1/38653] INFO  ha.OMHANodeDetails (OMHANodeDetails.java:loadOMHAConfig(193)) - Found matching OM address with OMServiceId: om-service-test1, OMNodeId: omNode-3, RPC Address: localhost:43241 and Ratis port: 40799
2022-05-11 01:29:04,703 [Listener at 127.0.0.1/38653] INFO  ha.OMHANodeDetails (ConfUtils.java:setNodeSpecificConfigs(108)) - Setting configuration key ozone.om.http-address with value of key ozone.om.http-address.om-service-test1.omNode-3: 127.0.0.1:45829
2022-05-11 01:29:04,704 [Listener at 127.0.0.1/38653] INFO  ha.OMHANodeDetails (ConfUtils.java:setNodeSpecificConfigs(108)) - Setting configuration key ozone.om.https-address with value of key ozone.om.https-address.om-service-test1.omNode-3: 127.0.0.1:41087
2022-05-11 01:29:04,704 [Listener at 127.0.0.1/38653] INFO  ha.OMHANodeDetails (ConfUtils.java:setNodeSpecificConfigs(108)) - Setting configuration key ozone.om.address with value of key ozone.om.address.om-service-test1.omNode-3: 127.0.0.1:43241
2022-05-11 01:29:04,704 [Listener at 127.0.0.1/38653] WARN  server.ServerUtils (ServerUtils.java:getDBPath(225)) - ozone.om.db.dirs is not configured. We recommend adding this setting. Falling back to ozone.metadata.dirs instead.
OM initialization succeeded.Current cluster id for sd=/home/runner/work/ozone/ozone/hadoop-ozone/integration-test/target/test-dir/MiniOzoneClusterImpl-ae28b10a-1883-433e-acb0-7438b5479a4c/omNode-3/om;cid=ae28b10a-1883-433e-acb0-7438b5479a4c;layoutVersion=1
2022-05-11 01:29:04,721 [Listener at 127.0.0.1/38653] INFO  ha.OMHANodeDetails (OMHANodeDetails.java:loadOMHAConfig(118)) - ServiceID for OzoneManager is om-service-test1
2022-05-11 01:29:04,722 [Listener at 127.0.0.1/38653] INFO  ha.OMHANodeDetails (OMHANodeDetails.java:loadOMHAConfig(193)) - Found matching OM address with OMServiceId: om-service-test1, OMNodeId: omNode-3, RPC Address: localhost:43241 and Ratis port: 40799
2022-05-11 01:29:04,722 [Listener at 127.0.0.1/38653] INFO  ha.OMHANodeDetails (ConfUtils.java:setNodeSpecificConfigs(108)) - Setting configuration key ozone.om.http-address with value of key ozone.om.http-address.om-service-test1.omNode-3: 127.0.0.1:45829
2022-05-11 01:29:04,722 [Listener at 127.0.0.1/38653] INFO  ha.OMHANodeDetails (ConfUtils.java:setNodeSpecificConfigs(108)) - Setting configuration key ozone.om.https-address with value of key ozone.om.https-address.om-service-test1.omNode-3: 127.0.0.1:41087
2022-05-11 01:29:04,722 [Listener at 127.0.0.1/38653] INFO  ha.OMHANodeDetails (ConfUtils.java:setNodeSpecificConfigs(108)) - Setting configuration key ozone.om.address with value of key ozone.om.address.om-service-test1.omNode-3: 127.0.0.1:43241
2022-05-11 01:29:04,723 [Listener at 127.0.0.1/38653] WARN  server.ServerUtils (ServerUtils.java:getDBPath(225)) - ozone.om.db.dirs is not configured. We recommend adding this setting. Falling back to ozone.metadata.dirs instead.
2022-05-11 01:29:04,723 [Listener at 127.0.0.1/38653] INFO  upgrade.AbstractLayoutVersionManager (AbstractLayoutVersionManager.java:init(79)) - Initializing Layout version manager with metadata layout = ERASURE_CODED_STORAGE_SUPPORT (version = 1), software layout = ERASURE_CODED_STORAGE_SUPPORT (version = 1)
2022-05-11 01:29:04,843 [Listener at 127.0.0.1/38653] INFO  reflections.Reflections (Reflections.java:scan(232)) - Reflections took 119 ms to scan 2 urls, producing 143 keys and 369 values [using 2 cores]
2022-05-11 01:29:04,844 [Listener at 127.0.0.1/38653] INFO  upgrade.OMLayoutVersionManager (OMLayoutVersionManager.java:lambda$0(115)) - Skipping Upgrade Action MockOmUpgradeAction since it has been finalized.
2022-05-11 01:29:04,844 [Listener at 127.0.0.1/38653] WARN  server.ServerUtils (ServerUtils.java:getDBPath(225)) - ozone.om.db.dirs is not configured. We recommend adding this setting. Falling back to ozone.metadata.dirs instead.
2022-05-11 01:29:04,864 [Listener at 127.0.0.1/38653] WARN  server.ServerUtils (ServerUtils.java:getDBPath(225)) - ozone.om.db.dirs is not configured. We recommend adding this setting. Falling back to ozone.metadata.dirs instead.
2022-05-11 01:29:04,867 [Listener at 127.0.0.1/38653] INFO  codec.OmKeyInfoCodec (OmKeyInfoCodec.java:<init>(49)) - OmKeyInfoCodec ignorePipeline = true
2022-05-11 01:29:04,867 [Listener at 127.0.0.1/38653] INFO  codec.RepeatedOmKeyInfoCodec (RepeatedOmKeyInfoCodec.java:<init>(41)) - RepeatedOmKeyInfoCodec ignorePipeline = true
2022-05-11 01:29:05,161 [Listener at 127.0.0.1/38653] INFO  om.OzoneManager (OzoneManager.java:addS3GVolumeToDB(3880)) - Created Volume s3v With Owner runner required for S3Gateway operations.
2022-05-11 01:29:05,162 [Listener at 127.0.0.1/38653] WARN  server.ServerUtils (ServerUtils.java:getDefaultRatisDirectory(237)) - Storage directory for Ratis is not configured. It is a good idea to map this to an SSD disk. Falling back to ozone.metadata.dirs
2022-05-11 01:29:05,162 [Listener at 127.0.0.1/38653] WARN  utils.OzoneManagerRatisUtils (OzoneManagerRatisUtils.java:getOMRatisSnapshotDirectory(395)) - ozone.om.ratis.snapshot.dir is not configured. Falling back to ozone.metadata.dirs config
2022-05-11 01:29:05,163 [Listener at 127.0.0.1/38653] INFO  snapshot.OzoneManagerSnapshotProvider (OzoneManagerSnapshotProvider.java:<init>(76)) - Initializing OM Snapshot Provider
2022-05-11 01:29:05,182 [Listener at 127.0.0.1/38653] WARN  impl.MetricRegistriesImpl (MetricRegistriesImpl.java:addReporterRegistration(111)) - New reporters are added after registries were created. Some metrics will be missing from the reporter. Please add reporter before adding any new registry.
2022-05-11 01:29:05,182 [Listener at 127.0.0.1/38653] WARN  impl.MetricRegistriesImpl (MetricRegistriesImpl.java:addReporterRegistration(111)) - New reporters are added after registries were created. Some metrics will be missing from the reporter. Please add reporter before adding any new registry.
2022-05-11 01:29:05,182 [Listener at 127.0.0.1/38653] WARN  server.ServerUtils (ServerUtils.java:getDefaultRatisDirectory(237)) - Storage directory for Ratis is not configured. It is a good idea to map this to an SSD disk. Falling back to ozone.metadata.dirs
2022-05-11 01:29:05,184 [Listener at 127.0.0.1/38653] INFO  ratis.OzoneManagerRatisServer (OzoneManagerRatisServer.java:<init>(159)) - Instantiating OM Ratis server with groupID: om-service-test1 and peers: localhost:40799, localhost:37959, localhost:36649
2022-05-11 01:29:05,184 [Listener at 127.0.0.1/38653] INFO  ratis.OzoneManagerStateMachine (OzoneManagerStateMachine.java:loadSnapshotInfoFromDB(627)) - LastAppliedIndex is set from TransactionInfo from OM DB as (t:0, i:~)
2022-05-11 01:29:05,190 [Listener at 127.0.0.1/38653] INFO  server.RaftServer (ConfUtils.java:logGet(44)) - raft.rpc.type = GRPC (default)
2022-05-11 01:29:05,190 [Listener at 127.0.0.1/38653] INFO  grpc.GrpcFactory (GrpcFactory.java:checkPooledByteBufAllocatorUseCacheForAllThreads(48)) - PERFORMANCE WARNING: useCacheForAllThreads is true that may cause Netty to create a lot garbage objects and, as a result, trigger GC.
	It is recommended to disable useCacheForAllThreads by setting -Dorg.apache.ratis.thirdparty.io.netty.allocator.useCacheForAllThreads=false in command line.
2022-05-11 01:29:05,191 [Listener at 127.0.0.1/38653] INFO  grpc.GrpcConfigKeys (ConfUtils.java:logGet(44)) - raft.grpc.admin.port = -1 (default)
2022-05-11 01:29:05,191 [Listener at 127.0.0.1/38653] INFO  grpc.GrpcConfigKeys (ConfUtils.java:logGet(44)) - raft.grpc.server.port = 40799 (custom)
2022-05-11 01:29:05,191 [Listener at 127.0.0.1/38653] INFO  grpc.GrpcConfigKeys (ConfUtils.java:logGet(44)) - raft.grpc.client.port = -1 (default)
2022-05-11 01:29:05,191 [Listener at 127.0.0.1/38653] INFO  grpc.GrpcConfigKeys (ConfUtils.java:logGet(44)) - raft.grpc.server.port = 40799 (custom)
2022-05-11 01:29:05,192 [Listener at 127.0.0.1/38653] INFO  grpc.GrpcConfigKeys (ConfUtils.java:logGet(44)) - raft.grpc.server.port = 40799 (custom)
2022-05-11 01:29:05,192 [Listener at 127.0.0.1/38653] INFO  server.GrpcService (ConfUtils.java:logGet(44)) - raft.grpc.message.size.max = 33554432 (custom)
2022-05-11 01:29:05,192 [Listener at 127.0.0.1/38653] INFO  server.RaftServerConfigKeys (ConfUtils.java:logGet(44)) - raft.server.log.appender.buffer.byte-limit = 33554432 (custom)
2022-05-11 01:29:05,192 [Listener at 127.0.0.1/38653] INFO  server.GrpcService (ConfUtils.java:logGet(44)) - raft.grpc.flow.control.window = 1MB (=1048576) (default)
2022-05-11 01:29:05,193 [Listener at 127.0.0.1/38653] INFO  server.RaftServerConfigKeys (ConfUtils.java:logGet(44)) - raft.server.rpc.request.timeout = 3000ms (default)
2022-05-11 01:29:05,194 [Listener at 127.0.0.1/38653] INFO  impl.DataStreamServerImpl (ConfUtils.java:logGet(44)) - raft.datastream.type = DISABLED (default)
2022-05-11 01:29:05,194 [Listener at 127.0.0.1/38653] INFO  server.RaftServerConfigKeys (ConfUtils.java:logGet(44)) - raft.server.rpc.slowness.timeout = 2s (custom)
2022-05-11 01:29:05,194 [Listener at 127.0.0.1/38653] INFO  server.RaftServerConfigKeys (ConfUtils.java:logGet(44)) - raft.server.leaderelection.leader.step-down.wait-time = 10s (default)
2022-05-11 01:29:05,195 [Listener at 127.0.0.1/38653] INFO  server.RaftServerConfigKeys (ConfUtils.java:logGet(44)) - raft.server.storage.dir = [/home/runner/work/ozone/ozone/hadoop-ozone/integration-test/target/test-dir/MiniOzoneClusterImpl-ae28b10a-1883-433e-acb0-7438b5479a4c/omNode-3/ratis] (custom)
2022-05-11 01:29:05,195 [Listener at 127.0.0.1/38653] INFO  server.RaftServer (RaftServerProxy.java:addNew(95)) - omNode-3: addNew group-523986131536:[omNode-3|rpc:localhost:40799|priority:0, omNode-1|rpc:localhost:37959|priority:0, omNode-2|rpc:localhost:36649|priority:0] returns group-523986131536:java.util.concurrent.CompletableFuture@4c56e671[Not completed]
2022-05-11 01:29:05,196 [Listener at 127.0.0.1/38653] INFO  om.OzoneManager (OzoneManager.java:initializeRatisServer(1891)) - OzoneManager Ratis server initialized at port 40799
2022-05-11 01:29:05,197 [Listener at 127.0.0.1/38653] INFO  om.OzoneManager (OzoneManager.java:getRpcServer(1027)) - Creating RPC Server
2022-05-11 01:29:05,199 [pool-97-thread-1] INFO  server.RaftServer$Division (RaftServerImpl.java:<init>(184)) - omNode-3: new RaftServerImpl for group-523986131536:[omNode-3|rpc:localhost:40799|priority:0, omNode-1|rpc:localhost:37959|priority:0, omNode-2|rpc:localhost:36649|priority:0] with OzoneManagerStateMachine:uninitialized
2022-05-11 01:29:05,209 [pool-97-thread-1] INFO  server.RaftServerConfigKeys (ConfUtils.java:logGet(44)) - raft.server.rpc.timeout.min = 1s (custom)
2022-05-11 01:29:05,209 [pool-97-thread-1] INFO  server.RaftServerConfigKeys (ConfUtils.java:logGet(44)) - raft.server.rpc.timeout.max = 1200ms (custom)
2022-05-11 01:29:05,209 [pool-97-thread-1] INFO  server.RaftServerConfigKeys (ConfUtils.java:logGet(44)) - raft.server.rpc.sleep.time = 25ms (default)
2022-05-11 01:29:05,209 [pool-97-thread-1] INFO  server.RaftServerConfigKeys (ConfUtils.java:logGet(44)) - raft.server.rpc.slowness.timeout = 2s (custom)
2022-05-11 01:29:05,209 [pool-97-thread-1] INFO  server.RaftServerConfigKeys (ConfUtils.java:logGet(44)) - raft.server.leaderelection.leader.step-down.wait-time = 10s (default)
2022-05-11 01:29:05,209 [pool-97-thread-1] INFO  server.RaftServerConfigKeys (ConfUtils.java:logGet(44)) - raft.server.sleep.deviation.threshold = 300ms (default)
2022-05-11 01:29:05,210 [pool-97-thread-1] INFO  server.RaftServerConfigKeys (ConfUtils.java:logGet(44)) - raft.server.log.appender.install.snapshot.enabled = false (custom)
2022-05-11 01:29:05,210 [pool-97-thread-1] INFO  server.RaftServer$Division (ServerState.java:<init>(105)) - omNode-3@group-523986131536: ConfigurationManager, init=-1: [omNode-3|rpc:localhost:40799|priority:0, omNode-1|rpc:localhost:37959|priority:0, omNode-2|rpc:localhost:36649|priority:0], old=null, confs=<EMPTY_MAP>
2022-05-11 01:29:05,210 [pool-97-thread-1] INFO  server.RaftServerConfigKeys (ConfUtils.java:logGet(44)) - raft.server.storage.dir = [/home/runner/work/ozone/ozone/hadoop-ozone/integration-test/target/test-dir/MiniOzoneClusterImpl-ae28b10a-1883-433e-acb0-7438b5479a4c/omNode-3/ratis] (custom)
2022-05-11 01:29:05,210 [pool-97-thread-1] INFO  server.RaftServerConfigKeys (ConfUtils.java:logGet(44)) - raft.server.log.corruption.policy = EXCEPTION (default)
2022-05-11 01:29:05,210 [pool-97-thread-1] INFO  server.RaftServerConfigKeys (ConfUtils.java:logGet(44)) - raft.server.storage.free-space.min = 0MB (=0) (default)
2022-05-11 01:29:05,211 [pool-97-thread-1] INFO  storage.RaftStorageDirectory (RaftStorageDirectoryImpl.java:analyzeStorage(135)) - The storage directory /home/runner/work/ozone/ozone/hadoop-ozone/integration-test/target/test-dir/MiniOzoneClusterImpl-ae28b10a-1883-433e-acb0-7438b5479a4c/omNode-3/ratis/c9bc4cf4-3bc3-3c60-a66b-523986131536 does not exist. Creating ...
2022-05-11 01:29:05,223 [pool-97-thread-1] INFO  storage.RaftStorageDirectory (RaftStorageDirectoryImpl.java:tryLock(230)) - Lock on /home/runner/work/ozone/ozone/hadoop-ozone/integration-test/target/test-dir/MiniOzoneClusterImpl-ae28b10a-1883-433e-acb0-7438b5479a4c/omNode-3/ratis/c9bc4cf4-3bc3-3c60-a66b-523986131536/in_use.lock acquired by nodename 4883@fv-az291-847
2022-05-11 01:29:05,234 [pool-97-thread-1] INFO  storage.RaftStorage (RaftStorageImpl.java:format(89)) - Storage directory /home/runner/work/ozone/ozone/hadoop-ozone/integration-test/target/test-dir/MiniOzoneClusterImpl-ae28b10a-1883-433e-acb0-7438b5479a4c/omNode-3/ratis/c9bc4cf4-3bc3-3c60-a66b-523986131536 has been successfully formatted.
2022-05-11 01:29:05,234 [pool-97-thread-1] INFO  server.RaftServerConfigKeys (ConfUtils.java:logGet(44)) - raft.server.notification.no-leader.timeout = 2s (custom)
2022-05-11 01:29:05,235 [pool-97-thread-1] INFO  server.RaftServerConfigKeys (ConfUtils.java:logGet(44)) - raft.server.log.use.memory = false (default)
2022-05-11 01:29:05,235 [pool-97-thread-1] INFO  server.RaftServerConfigKeys (ConfUtils.java:logGet(44)) - raft.server.log.purge.gap = 50 (custom)
2022-05-11 01:29:05,235 [pool-97-thread-1] INFO  server.RaftServerConfigKeys (ConfUtils.java:logGet(44)) - raft.server.log.appender.buffer.byte-limit = 33554432 (custom)
2022-05-11 01:29:05,235 [pool-97-thread-1] INFO  server.RaftServerConfigKeys (ConfUtils.java:logGet(44)) - raft.server.log.segment.size.max = 4194304 (custom)
2022-05-11 01:29:05,236 [pool-97-thread-1] INFO  server.RaftServerConfigKeys (ConfUtils.java:logGet(44)) - raft.server.log.segment.cache.num.max = 2 (custom)
2022-05-11 01:29:05,236 [pool-97-thread-1] INFO  server.RaftServerConfigKeys (ConfUtils.java:logGet(44)) - raft.server.log.segment.cache.size.max = 200MB (=209715200) (default)
2022-05-11 01:29:05,236 [pool-97-thread-1] INFO  segmented.SegmentedRaftLogWorker (SegmentedRaftLogWorker.java:<init>(182)) - new omNode-3@group-523986131536-SegmentedRaftLogWorker for RaftStorageImpl:Storage Directory /home/runner/work/ozone/ozone/hadoop-ozone/integration-test/target/test-dir/MiniOzoneClusterImpl-ae28b10a-1883-433e-acb0-7438b5479a4c/omNode-3/ratis/c9bc4cf4-3bc3-3c60-a66b-523986131536
2022-05-11 01:29:05,236 [pool-97-thread-1] INFO  server.RaftServerConfigKeys (ConfUtils.java:logGet(44)) - raft.server.log.queue.byte-limit = 64MB (=67108864) (default)
2022-05-11 01:29:05,236 [pool-97-thread-1] INFO  server.RaftServerConfigKeys (ConfUtils.java:logGet(44)) - raft.server.log.queue.element-limit = 4096 (default)
2022-05-11 01:29:05,236 [pool-97-thread-1] INFO  server.RaftServerConfigKeys (ConfUtils.java:logGet(44)) - raft.server.log.segment.size.max = 4194304 (custom)
2022-05-11 01:29:05,237 [pool-97-thread-1] INFO  server.RaftServerConfigKeys (ConfUtils.java:logGet(44)) - raft.server.log.preallocated.size = 4194304 (custom)
2022-05-11 01:29:05,237 [pool-97-thread-1] INFO  server.RaftServerConfigKeys (ConfUtils.java:logGet(44)) - raft.server.log.force.sync.num = 128 (default)
2022-05-11 01:29:05,237 [pool-97-thread-1] INFO  server.RaftServerConfigKeys (ConfUtils.java:logGet(44)) - raft.server.log.statemachine.data.sync = true (default)
2022-05-11 01:29:05,237 [pool-97-thread-1] INFO  server.RaftServerConfigKeys (ConfUtils.java:logGet(44)) - raft.server.log.statemachine.data.sync.timeout = 10s (default)
2022-05-11 01:29:05,237 [pool-97-thread-1] INFO  server.RaftServerConfigKeys (ConfUtils.java:logGet(44)) - raft.server.log.statemachine.data.sync.timeout.retry = -1 (default)
2022-05-11 01:29:05,238 [pool-97-thread-1] INFO  server.RaftServerConfigKeys (ConfUtils.java:logGet(44)) - raft.server.log.write.buffer.size = 64KB (=65536) (default)
2022-05-11 01:29:05,238 [pool-97-thread-1] INFO  server.RaftServerConfigKeys (ConfUtils.java:logGet(44)) - raft.server.log.statemachine.data.caching.enabled = false (default)
2022-05-11 01:29:05,251 [pool-97-thread-1] INFO  segmented.SegmentedRaftLogWorker (SegmentedRaftLogWorker.java:lambda$new$0(133)) - omNode-3@group-523986131536-SegmentedRaftLogWorker: flushIndex: setUnconditionally 0 -> -1
2022-05-11 01:29:05,251 [pool-97-thread-1] INFO  segmented.SegmentedRaftLogWorker (SegmentedRaftLogWorker.java:lambda$new$0(133)) - omNode-3@group-523986131536-SegmentedRaftLogWorker: safeCacheEvictIndex: setUnconditionally 0 -> -1
2022-05-11 01:29:05,252 [pool-97-thread-1] INFO  server.RaftServerConfigKeys (ConfUtils.java:logGet(44)) - raft.server.snapshot.auto.trigger.enabled = true (custom)
2022-05-11 01:29:05,252 [pool-97-thread-1] INFO  server.RaftServerConfigKeys (ConfUtils.java:logGet(44)) - raft.server.snapshot.auto.trigger.threshold = 50 (custom)
2022-05-11 01:29:05,252 [pool-97-thread-1] INFO  server.RaftServerConfigKeys (ConfUtils.java:logGet(44)) - raft.server.snapshot.retention.file.num = -1 (default)
2022-05-11 01:29:05,252 [pool-97-thread-1] INFO  server.RaftServerConfigKeys (ConfUtils.java:logGet(44)) - raft.server.log.purge.upto.snapshot.index = true (custom)
2022-05-11 01:29:05,252 [pool-97-thread-1] INFO  server.RaftServerConfigKeys (ConfUtils.java:logGet(44)) - raft.server.retrycache.expirytime = 30000ms (custom)
2022-05-11 01:29:05,252 [pool-97-thread-1] INFO  server.RaftServerConfigKeys (ConfUtils.java:logGet(44)) - raft.server.retrycache.statistics.expirytime = 100μs (default)
2022-05-11 01:29:05,372 [omNode-1@group-523986131536-LeaderElection1] INFO  impl.LeaderElection (LogUtils.java:infoOrTrace(137)) - omNode-1@group-523986131536-LeaderElection1 got exception when requesting votes: java.util.concurrent.ExecutionException: org.apache.ratis.thirdparty.io.grpc.StatusRuntimeException: UNAVAILABLE: io exception
2022-05-11 01:29:05,605 [grpc-default-executor-1] INFO  server.RaftServer$Division (RaftServerImpl.java:requestVote(1046)) - omNode-2@group-523986131536: receive requestVote(ELECTION, omNode-1, group-523986131536, 1, (t:0, i:~))
2022-05-11 01:29:05,615 [grpc-default-executor-1] INFO  impl.VoteContext (VoteContext.java:log(48)) - omNode-2@group-523986131536-FOLLOWER: accept ELECTION from omNode-1: our priority 0 <= candidate's priority 0
2022-05-11 01:29:05,616 [grpc-default-executor-1] INFO  server.RaftServer$Division (RaftServerImpl.java:setRole(290)) - omNode-2@group-523986131536: changes role from  FOLLOWER to FOLLOWER at term 1 for candidate:omNode-1
2022-05-11 01:29:05,616 [grpc-default-executor-1] INFO  impl.RoleInfo (RoleInfo.java:shutdownFollowerState(108)) - omNode-2: shutdown omNode-2@group-523986131536-FollowerState
2022-05-11 01:29:05,617 [omNode-2@group-523986131536-FollowerState] INFO  impl.FollowerState (FollowerState.java:run(143)) - omNode-2@group-523986131536-FollowerState was interrupted: {}
java.lang.InterruptedException: sleep interrupted
	at java.lang.Thread.sleep(Native Method)
	at java.lang.Thread.sleep(Thread.java:342)
	at java.util.concurrent.TimeUnit.sleep(TimeUnit.java:386)
	at org.apache.ratis.util.TimeDuration.sleep(TimeDuration.java:324)
	at org.apache.ratis.util.TimeDuration.sleep(TimeDuration.java:309)
	at org.apache.ratis.server.impl.FollowerState.run(FollowerState.java:118)
2022-05-11 01:29:05,628 [grpc-default-executor-1] INFO  impl.RoleInfo (RoleInfo.java:updateAndGet(130)) - omNode-2: start omNode-2@group-523986131536-FollowerState
2022-05-11 01:29:05,654 [grpc-default-executor-1] INFO  server.RaftServer$Division (RaftServerImpl.java:requestVote(1078)) - omNode-2@group-523986131536 replies to ELECTION vote request: omNode-1<-omNode-2#0:OK-t1. Peer's state: omNode-2@group-523986131536:t1, leader=null, voted=omNode-1, raftlog=omNode-2@group-523986131536-SegmentedRaftLog:OPENED:c-1, conf=-1: [omNode-3|rpc:localhost:40799|priority:0, omNode-1|rpc:localhost:37959|priority:0, omNode-2|rpc:localhost:36649|priority:0], old=null
2022-05-11 01:29:05,679 [omNode-1@group-523986131536-LeaderElection1] INFO  impl.LeaderElection (LeaderElection.java:logAndReturn(89)) - omNode-1@group-523986131536-LeaderElection1: ELECTION PASSED received 1 response(s) and 1 exception(s):
2022-05-11 01:29:05,679 [omNode-1@group-523986131536-LeaderElection1] INFO  impl.LeaderElection (LeaderElection.java:logAndReturn(93)) -   Response 0: omNode-1<-omNode-2#0:OK-t1
2022-05-11 01:29:05,680 [omNode-1@group-523986131536-LeaderElection1] INFO  impl.LeaderElection (LogUtils.java:infoOrTrace(137)) -   Exception 1: java.util.concurrent.ExecutionException: org.apache.ratis.thirdparty.io.grpc.StatusRuntimeException: UNAVAILABLE: io exception
2022-05-11 01:29:05,680 [omNode-1@group-523986131536-LeaderElection1] INFO  impl.LeaderElection (LeaderElection.java:askForVotes(308)) - omNode-1@group-523986131536-LeaderElection1 ELECTION round 0: result PASSED
2022-05-11 01:29:05,680 [omNode-1@group-523986131536-LeaderElection1] INFO  impl.RoleInfo (RoleInfo.java:shutdownLeaderElection(121)) - omNode-1: shutdown omNode-1@group-523986131536-LeaderElection1
2022-05-11 01:29:05,681 [omNode-1@group-523986131536-LeaderElection1] INFO  server.RaftServer$Division (RaftServerImpl.java:setRole(290)) - omNode-1@group-523986131536: changes role from CANDIDATE to LEADER at term 1 for changeToLeader
2022-05-11 01:29:05,681 [omNode-1@group-523986131536-LeaderElection1] INFO  server.RaftServer$Division (ServerState.java:setLeader(285)) - omNode-1@group-523986131536: change Leader from null to omNode-1 at term 1 for becomeLeader, leader elected after 3118ms
2022-05-11 01:29:05,692 [omNode-1@group-523986131536-LeaderElection1] INFO  server.RaftServerConfigKeys (ConfUtils.java:logGet(44)) - raft.server.staging.catchup.gap = 1000 (default)
2022-05-11 01:29:05,699 [omNode-1@group-523986131536-LeaderElection1] INFO  server.RaftServerConfigKeys (ConfUtils.java:logGet(44)) - raft.server.write.element-limit = 4096 (default)
2022-05-11 01:29:05,700 [omNode-1@group-523986131536-LeaderElection1] INFO  server.RaftServerConfigKeys (ConfUtils.java:logGet(44)) - raft.server.write.byte-limit = 64MB (=67108864) (default)
2022-05-11 01:29:05,707 [omNode-1@group-523986131536-LeaderElection1] INFO  server.RaftServerConfigKeys (ConfUtils.java:logGet(44)) - raft.server.watch.timeout = 10s (default)
2022-05-11 01:29:05,707 [omNode-1@group-523986131536-LeaderElection1] INFO  server.RaftServerConfigKeys (ConfUtils.java:logGet(44)) - raft.server.watch.timeout.denomination = 1s (default)
2022-05-11 01:29:05,708 [omNode-1@group-523986131536-LeaderElection1] INFO  server.RaftServerConfigKeys (ConfUtils.java:logGet(44)) - raft.server.watch.element-limit = 65536 (default)
2022-05-11 01:29:05,716 [omNode-1@group-523986131536-LeaderElection1] INFO  server.RaftServerConfigKeys (ConfUtils.java:logGet(44)) - raft.server.write.element-limit = 4096 (default)
2022-05-11 01:29:05,719 [omNode-1@group-523986131536-LeaderElection1] INFO  server.RaftServerConfigKeys (ConfUtils.java:logGet(44)) - raft.server.write.follower.gap.ratio.max = -1.0 (default)
2022-05-11 01:29:05,731 [omNode-1@group-523986131536-LeaderElection1] INFO  server.RaftServerConfigKeys (ConfUtils.java:logGet(44)) - raft.server.log.appender.snapshot.chunk.size.max = 16MB (=16777216) (default)
2022-05-11 01:29:05,731 [omNode-1@group-523986131536-LeaderElection1] INFO  server.RaftServerConfigKeys (ConfUtils.java:logGet(44)) - raft.server.log.appender.buffer.byte-limit = 33554432 (custom)
2022-05-11 01:29:05,732 [omNode-1@group-523986131536-LeaderElection1] INFO  server.RaftServerConfigKeys (ConfUtils.java:logGet(44)) - raft.server.log.appender.buffer.element-limit = 1024 (custom)
2022-05-11 01:29:05,735 [omNode-1@group-523986131536-LeaderElection1] INFO  grpc.GrpcConfigKeys (ConfUtils.java:logGet(44)) - raft.grpc.server.leader.outstanding.appends.max = 128 (default)
2022-05-11 01:29:05,736 [omNode-1@group-523986131536-LeaderElection1] INFO  server.RaftServerConfigKeys (ConfUtils.java:logGet(44)) - raft.server.rpc.request.timeout = 3000ms (default)
2022-05-11 01:29:05,736 [omNode-1@group-523986131536-LeaderElection1] INFO  server.RaftServerConfigKeys (ConfUtils.java:logGet(44)) - raft.server.log.appender.install.snapshot.enabled = false (custom)
2022-05-11 01:29:05,743 [omNode-1@group-523986131536-LeaderElection1] INFO  server.RaftServerConfigKeys (ConfUtils.java:logGet(44)) - raft.server.log.appender.snapshot.chunk.size.max = 16MB (=16777216) (default)
2022-05-11 01:29:05,744 [omNode-1@group-523986131536-LeaderElection1] INFO  server.RaftServerConfigKeys (ConfUtils.java:logGet(44)) - raft.server.log.appender.buffer.byte-limit = 33554432 (custom)
2022-05-11 01:29:05,744 [omNode-1@group-523986131536-LeaderElection1] INFO  server.RaftServerConfigKeys (ConfUtils.java:logGet(44)) - raft.server.log.appender.buffer.element-limit = 1024 (custom)
2022-05-11 01:29:05,744 [omNode-1@group-523986131536-LeaderElection1] INFO  grpc.GrpcConfigKeys (ConfUtils.java:logGet(44)) - raft.grpc.server.leader.outstanding.appends.max = 128 (default)
2022-05-11 01:29:05,744 [omNode-1@group-523986131536-LeaderElection1] INFO  server.RaftServerConfigKeys (ConfUtils.java:logGet(44)) - raft.server.rpc.request.timeout = 3000ms (default)
2022-05-11 01:29:05,745 [omNode-1@group-523986131536-LeaderElection1] INFO  server.RaftServerConfigKeys (ConfUtils.java:logGet(44)) - raft.server.log.appender.install.snapshot.enabled = false (custom)
2022-05-11 01:29:05,756 [omNode-1@group-523986131536-LeaderElection1] INFO  impl.RoleInfo (RoleInfo.java:updateAndGet(130)) - omNode-1: start omNode-1@group-523986131536-LeaderStateImpl
2022-05-11 01:29:05,811 [omNode-1@group-523986131536-LeaderElection1] INFO  segmented.SegmentedRaftLogWorker (SegmentedRaftLogWorker.java:startLogSegment(394)) - omNode-1@group-523986131536-SegmentedRaftLogWorker: Starting segment from index:0
2022-05-11 01:29:05,830 [Listener at 127.0.0.1/38653] INFO  reflections.Reflections (Reflections.java:scan(232)) - Reflections took 631 ms to scan 19 urls, producing 61 keys and 3656 values [using 2 cores]
2022-05-11 01:29:05,831 [Listener at 127.0.0.1/38653] INFO  ipc.CallQueueManager (CallQueueManager.java:<init>(90)) - Using callQueue: class java.util.concurrent.LinkedBlockingQueue, queueCapacity: 2000, scheduler: class org.apache.hadoop.ipc.DefaultRpcScheduler, ipcBackoff: false.
2022-05-11 01:29:05,834 [Socket Reader #1 for port 43241] INFO  ipc.Server (Server.java:run(1265)) - Starting Socket Reader #1 for port 43241
2022-05-11 01:29:05,891 [omNode-1@group-523986131536-LeaderElection1] INFO  server.RaftServer$Division (ServerState.java:setRaftConf(387)) - omNode-1@group-523986131536: set configuration 0: [omNode-3|rpc:localhost:40799|admin:|client:|dataStream:|priority:0, omNode-1|rpc:localhost:37959|admin:|client:|dataStream:|priority:0, omNode-2|rpc:localhost:36649|admin:|client:|dataStream:|priority:0], old=null
2022-05-11 01:29:05,892 [Listener at 127.0.0.1/43241] INFO  impl.MetricsSystemImpl (MetricsSystemImpl.java:init(158)) - OzoneManager metrics system started (again)
2022-05-11 01:29:05,930 [grpc-default-executor-1] WARN  server.GrpcLogAppender (LogUtils.java:warn(122)) - omNode-1@group-523986131536->omNode-3-AppendLogResponseHandler: Failed appendEntries: org.apache.ratis.thirdparty.io.grpc.StatusRuntimeException: UNAVAILABLE: io exception
2022-05-11 01:29:05,935 [Listener at 127.0.0.1/43241] INFO  om.OzoneManager (OzoneManager.java:start(1395)) - OzoneManager RPC server is listening at localhost/127.0.0.1:43241
2022-05-11 01:29:05,935 [Listener at 127.0.0.1/43241] INFO  ratis.OzoneManagerRatisServer (OzoneManagerRatisServer.java:start(554)) - Starting OzoneManagerRatisServer omNode-3 at port 40799
2022-05-11 01:29:05,935 [Listener at 127.0.0.1/43241] INFO  server.RaftServer$Division (RaftServerImpl.java:start(301)) - omNode-3@group-523986131536: start as a follower, conf=-1: [omNode-3|rpc:localhost:40799|priority:0, omNode-1|rpc:localhost:37959|priority:0, omNode-2|rpc:localhost:36649|priority:0], old=null
2022-05-11 01:29:05,935 [Listener at 127.0.0.1/43241] INFO  server.RaftServer$Division (RaftServerImpl.java:setRole(290)) - omNode-3@group-523986131536: changes role from      null to FOLLOWER at term 0 for startAsFollower
2022-05-11 01:29:05,936 [grpc-default-executor-1] WARN  server.GrpcLogAppender (GrpcLogAppender.java:resetClient(110)) - omNode-1@group-523986131536->omNode-3-GrpcLogAppender: Leader has not got in touch with Follower omNode-1@group-523986131536->omNode-3(c-1,m0,n0, attendVote=true, lastRpcSendTime=1417, lastRpcResponseTime=1417) yet, just keep nextIndex unchanged and retry.
2022-05-11 01:29:05,955 [Listener at 127.0.0.1/43241] INFO  impl.RoleInfo (RoleInfo.java:updateAndGet(130)) - omNode-3: start omNode-3@group-523986131536-FollowerState
2022-05-11 01:29:05,959 [Listener at 127.0.0.1/43241] INFO  util.JmxRegister (JmxRegister.java:tryRegister(44)) - Successfully registered JMX Bean with object name Ratis:service=RaftServer,group=group-523986131536,id=omNode-3
2022-05-11 01:29:05,987 [Listener at 127.0.0.1/43241] INFO  server.RaftServer (RaftServerProxy.java:lambda$start$5(374)) - omNode-3: start RPC server
2022-05-11 01:29:05,993 [Listener at 127.0.0.1/43241] INFO  server.GrpcService (GrpcService.java:startImpl(253)) - omNode-3: GrpcService started, listening on 40799
2022-05-11 01:29:05,994 [Listener at 127.0.0.1/43241] INFO  om.OzoneManager (OzoneManager.java:start(1411)) - Version File has different layout version (1) than OM DB (null). That is expected if this OM has never been finalized to a newer layout version.
2022-05-11 01:29:05,994 [org.apache.ratis.util.JvmPauseMonitor$$Lambda$637/1274334510@12bd61b4] INFO  util.JvmPauseMonitor (JvmPauseMonitor.java:run(103)) - JvmPauseMonitor-omNode-3: Started
2022-05-11 01:29:06,001 [grpc-default-executor-0] WARN  server.GrpcLogAppender (LogUtils.java:warn(122)) - omNode-1@group-523986131536->omNode-3-AppendLogResponseHandler: Failed appendEntries: org.apache.ratis.thirdparty.io.grpc.StatusRuntimeException: UNAVAILABLE: io exception
2022-05-11 01:29:06,002 [grpc-default-executor-0] WARN  server.GrpcLogAppender (GrpcLogAppender.java:resetClient(110)) - omNode-1@group-523986131536->omNode-3-GrpcLogAppender: Leader has not got in touch with Follower omNode-1@group-523986131536->omNode-3(c-1,m0,n1, attendVote=true, lastRpcSendTime=21, lastRpcResponseTime=1482) yet, just keep nextIndex unchanged and retry.
2022-05-11 01:29:06,001 [Listener at 127.0.0.1/43241] INFO  http.BaseHttpServer (BaseHttpServer.java:newHttpServer2BuilderForOzone(209)) - Starting Web-server for ozoneManager at: http://0.0.0.0:45829
2022-05-11 01:29:06,002 [Listener at 127.0.0.1/43241] INFO  http.BaseHttpServer (BaseHttpServer.java:<init>(107)) - Hadoop Security Enabled: false Ozone Security Enabled: false Ozone HTTP Security Enabled: false 
2022-05-11 01:29:06,006 [Listener at 127.0.0.1/43241] INFO  server.AuthenticationFilter (AuthenticationFilter.java:constructSecretProvider(240)) - Unable to initialize FileSignerSecretProvider, falling back to use random secrets.
2022-05-11 01:29:06,007 [Listener at 127.0.0.1/43241] WARN  http.HttpRequestLog (HttpRequestLog.java:getRequestLog(103)) - Jetty request log can only be enabled using Log4j
2022-05-11 01:29:06,010 [Listener at 127.0.0.1/43241] INFO  http.HttpServer2 (HttpServer2.java:addGlobalFilter(1030)) - Added global filter 'safety' (class=org.apache.hadoop.hdds.server.http.HttpServer2$QuotingInputFilter)
2022-05-11 01:29:06,011 [Listener at 127.0.0.1/43241] INFO  http.HttpServer2 (HttpServer2.java:addFilter(1006)) - Added filter static_user_filter (class=org.apache.hadoop.http.lib.StaticUserWebFilter$StaticUserFilter) to context ozoneManager
2022-05-11 01:29:06,011 [Listener at 127.0.0.1/43241] INFO  http.HttpServer2 (HttpServer2.java:addFilter(1014)) - Added filter static_user_filter (class=org.apache.hadoop.http.lib.StaticUserWebFilter$StaticUserFilter) to context logs
2022-05-11 01:29:06,012 [Listener at 127.0.0.1/43241] INFO  http.HttpServer2 (HttpServer2.java:addFilter(1014)) - Added filter static_user_filter (class=org.apache.hadoop.http.lib.StaticUserWebFilter$StaticUserFilter) to context static
2022-05-11 01:29:06,012 [Listener at 127.0.0.1/43241] INFO  http.HttpServer2 (HttpServer2.java:bindListener(1249)) - Jetty bound to port 45829
2022-05-11 01:29:06,013 [Listener at 127.0.0.1/43241] INFO  server.Server (Server.java:doStart(375)) - jetty-9.4.43.v20210629; built: 2021-06-30T11:07:22.254Z; git: 526006ecfa3af7f1a27ef3a288e2bef7ea9dd7e8; jvm 1.8.0_322-b06
2022-05-11 01:29:06,023 [Listener at 127.0.0.1/43241] INFO  server.session (DefaultSessionIdManager.java:doStart(334)) - DefaultSessionIdManager workerName=node0
2022-05-11 01:29:06,023 [Listener at 127.0.0.1/43241] INFO  server.session (DefaultSessionIdManager.java:doStart(339)) - No SessionScavenger set, using defaults
2022-05-11 01:29:06,024 [Listener at 127.0.0.1/43241] INFO  server.session (HouseKeeper.java:startScavenging(132)) - node0 Scavenging every 660000ms
2022-05-11 01:29:06,030 [grpc-default-executor-2] INFO  server.RaftServer$Division (ServerState.java:setLeader(285)) - omNode-2@group-523986131536: change Leader from null to omNode-1 at term 1 for appendEntries, leader elected after 1941ms
2022-05-11 01:29:06,036 [Listener at 127.0.0.1/43241] INFO  handler.ContextHandler (ContextHandler.java:doStart(915)) - Started o.e.j.s.ServletContextHandler@687668da{logs,/logs,file:///home/runner/work/ozone/ozone/hadoop-ozone/integration-test/target/log,AVAILABLE}
2022-05-11 01:29:06,037 [Listener at 127.0.0.1/43241] INFO  handler.ContextHandler (ContextHandler.java:doStart(915)) - Started o.e.j.s.ServletContextHandler@1268dff4{static,/static,file:///home/runner/work/ozone/ozone/hadoop-ozone/integration-test/target/test-classes/webapps/static,AVAILABLE}
2022-05-11 01:29:06,042 [Listener at 127.0.0.1/43241] INFO  handler.ContextHandler (ContextHandler.java:doStart(915)) - Started o.e.j.w.WebAppContext@2d01bc46{ozoneManager,/,file:///home/runner/work/ozone/ozone/hadoop-ozone/integration-test/target/test-classes/webapps/ozoneManager/,AVAILABLE}{file:/home/runner/work/ozone/ozone/hadoop-ozone/integration-test/target/test-classes/webapps/ozoneManager}
2022-05-11 01:29:06,052 [Listener at 127.0.0.1/43241] INFO  server.AbstractConnector (AbstractConnector.java:doStart(331)) - Started ServerConnector@86a4b9b{HTTP/1.1, (http/1.1)}{0.0.0.0:45829}
2022-05-11 01:29:06,059 [Listener at 127.0.0.1/43241] INFO  server.Server (Server.java:doStart(415)) - Started @11222ms
2022-05-11 01:29:06,059 [Listener at 127.0.0.1/43241] WARN  impl.MetricsSystemImpl (MetricsSystemImpl.java:register(279)) - Sink prometheus already exists!
2022-05-11 01:29:06,065 [grpc-default-executor-2] INFO  server.RaftServer$Division (ServerState.java:setRaftConf(387)) - omNode-2@group-523986131536: set configuration 0: [omNode-3|rpc:localhost:40799|admin:|client:|dataStream:|priority:0, omNode-1|rpc:localhost:37959|admin:|client:|dataStream:|priority:0, omNode-2|rpc:localhost:36649|admin:|client:|dataStream:|priority:0], old=null
2022-05-11 01:29:06,065 [grpc-default-executor-2] INFO  segmented.SegmentedRaftLogWorker (SegmentedRaftLogWorker.java:startLogSegment(394)) - omNode-2@group-523986131536-SegmentedRaftLogWorker: Starting segment from index:0
2022-05-11 01:29:06,071 [Listener at 127.0.0.1/43241] INFO  http.BaseHttpServer (BaseHttpServer.java:updateConnectorAddress(329)) - HTTP server of ozoneManager listening at http://0.0.0.0:45829
2022-05-11 01:29:06,073 [IPC Server Responder] INFO  ipc.Server (Server.java:run(1507)) - IPC Server Responder: starting
2022-05-11 01:29:06,073 [IPC Server listener on 43241] INFO  ipc.Server (Server.java:run(1344)) - IPC Server listener on 43241: starting
2022-05-11 01:29:06,106 [Listener at 127.0.0.1/43241] INFO  om.OzoneManager (OzoneManager.java:startTrashEmptier(1835)) - Trash Interval set to 0. Files deleted won't move to trash
2022-05-11 01:29:06,107 [Listener at 127.0.0.1/43241] INFO  ozone.MiniOzoneHAClusterImpl (MiniOzoneHAClusterImpl.java:createOMService(522)) - Started OzoneManager omNode-3 RPC server at localhost/127.0.0.1:43241
2022-05-11 01:29:06,115 [org.apache.hadoop.util.JvmPauseMonitor$Monitor@126aaaa5] INFO  util.JvmPauseMonitor (JvmPauseMonitor.java:run(188)) - Starting JVM pause monitor
2022-05-11 01:29:06,158 [omNode-2@group-523986131536-SegmentedRaftLogWorker] INFO  segmented.SegmentedRaftLogWorker (SegmentedRaftLogWorker.java:execute(601)) - omNode-2@group-523986131536-SegmentedRaftLogWorker: created new log segment /home/runner/work/ozone/ozone/hadoop-ozone/integration-test/target/test-dir/MiniOzoneClusterImpl-ae28b10a-1883-433e-acb0-7438b5479a4c/omNode-2/ratis/c9bc4cf4-3bc3-3c60-a66b-523986131536/current/log_inprogress_0
2022-05-11 01:29:06,160 [omNode-1@group-523986131536-SegmentedRaftLogWorker] INFO  segmented.SegmentedRaftLogWorker (SegmentedRaftLogWorker.java:execute(601)) - omNode-1@group-523986131536-SegmentedRaftLogWorker: created new log segment /home/runner/work/ozone/ozone/hadoop-ozone/integration-test/target/test-dir/MiniOzoneClusterImpl-ae28b10a-1883-433e-acb0-7438b5479a4c/omNode-1/ratis/c9bc4cf4-3bc3-3c60-a66b-523986131536/current/log_inprogress_0
2022-05-11 01:29:06,330 [omNode-1@group-523986131536-StateMachineUpdater] INFO  ratis.OzoneManagerStateMachine (OzoneManagerStateMachine.java:notifyConfigurationChanged(191)) - Received Configuration change notification from Ratis. New Peer list:
[id: "omNode-3"
address: "localhost:40799"
, id: "omNode-1"
address: "localhost:37959"
, id: "omNode-2"
address: "localhost:36649"
]
2022-05-11 01:29:06,480 [Listener at 127.0.0.1/43241] WARN  impl.MetricRegistriesImpl (MetricRegistriesImpl.java:addReporterRegistration(111)) - New reporters are added after registries were created. Some metrics will be missing from the reporter. Please add reporter before adding any new registry.
2022-05-11 01:29:06,480 [Listener at 127.0.0.1/43241] WARN  impl.MetricRegistriesImpl (MetricRegistriesImpl.java:addReporterRegistration(111)) - New reporters are added after registries were created. Some metrics will be missing from the reporter. Please add reporter before adding any new registry.
2022-05-11 01:29:06,481 [Listener at 127.0.0.1/43241] INFO  impl.MetricsSystemImpl (MetricsSystemImpl.java:init(158)) - HddsDatanode metrics system started (again)
2022-05-11 01:29:06,499 [grpc-default-executor-0] INFO  server.RaftServer$Division (ServerState.java:setLeader(285)) - omNode-3@group-523986131536: change Leader from null to omNode-1 at term 1 for appendEntries, leader elected after 1264ms
2022-05-11 01:29:06,501 [grpc-default-executor-0] INFO  server.RaftServer$Division (RaftServerImpl.java:checkInconsistentAppendEntries(1322)) - omNode-3@group-523986131536: Failed appendEntries as previous log entry ((t:1, i:0)) is not found
2022-05-11 01:29:06,501 [grpc-default-executor-0] INFO  server.RaftServer$Division (RaftServerImpl.java:checkInconsistentAppendEntries(1288)) - omNode-3@group-523986131536: inconsistency entries. Reply:omNode-1<-omNode-3#38312:FAIL-t0,INCONSISTENCY,nextIndex=0,followerCommit=-1
2022-05-11 01:29:06,508 [grpc-default-executor-0] INFO  leader.FollowerInfo (FollowerInfoImpl.java:lambda$new$0(47)) - omNode-1@group-523986131536->omNode-3: nextIndex: updateUnconditionally 1 -> 0
2022-05-11 01:29:06,511 [grpc-default-executor-0] INFO  server.RaftServer$Division (ServerState.java:setRaftConf(387)) - omNode-3@group-523986131536: set configuration 0: [omNode-3|rpc:localhost:40799|admin:|client:|dataStream:|priority:0, omNode-1|rpc:localhost:37959|admin:|client:|dataStream:|priority:0, omNode-2|rpc:localhost:36649|admin:|client:|dataStream:|priority:0], old=null
2022-05-11 01:29:06,511 [grpc-default-executor-0] INFO  segmented.SegmentedRaftLogWorker (SegmentedRaftLogWorker.java:startLogSegment(394)) - omNode-3@group-523986131536-SegmentedRaftLogWorker: Starting segment from index:0
2022-05-11 01:29:06,524 [Listener at 127.0.0.1/43241] INFO  ozone.HddsDatanodeService (HddsDatanodeService.java:start(233)) - HddsDatanodeService host:fv-az291-847.wgnan5asplgejimfprtllbpdch.jx.internal.cloudapp.net ip:10.1.0.42
2022-05-11 01:29:06,529 [omNode-3@group-523986131536-SegmentedRaftLogWorker] INFO  segmented.SegmentedRaftLogWorker (SegmentedRaftLogWorker.java:execute(601)) - omNode-3@group-523986131536-SegmentedRaftLogWorker: created new log segment /home/runner/work/ozone/ozone/hadoop-ozone/integration-test/target/test-dir/MiniOzoneClusterImpl-ae28b10a-1883-433e-acb0-7438b5479a4c/omNode-3/ratis/c9bc4cf4-3bc3-3c60-a66b-523986131536/current/log_inprogress_0
2022-05-11 01:29:06,534 [omNode-3@group-523986131536-StateMachineUpdater] INFO  ratis.OzoneManagerStateMachine (OzoneManagerStateMachine.java:notifyConfigurationChanged(191)) - Received Configuration change notification from Ratis. New Peer list:
[id: "omNode-3"
address: "localhost:40799"
, id: "omNode-1"
address: "localhost:37959"
, id: "omNode-2"
address: "localhost:36649"
]
2022-05-11 01:29:06,567 [Listener at 127.0.0.1/43241] INFO  upgrade.AbstractLayoutVersionManager (AbstractLayoutVersionManager.java:init(79)) - Initializing Layout version manager with metadata layout = ERASURE_CODED_STORAGE_SUPPORT (version = 3), software layout = ERASURE_CODED_STORAGE_SUPPORT (version = 3)
2022-05-11 01:29:06,619 [Listener at 127.0.0.1/43241] INFO  reflections.Reflections (Reflections.java:scan(232)) - Reflections took 50 ms to scan 7 urls, producing 126 keys and 289 values 
2022-05-11 01:29:06,624 [Listener at 127.0.0.1/43241] INFO  statemachine.DatanodeStateMachine (DatanodeStateMachine.java:getEndPointTaskThreadPoolSize(224)) - Datanode State Machine Task Thread Pool size 2
2022-05-11 01:29:06,697 [Listener at 127.0.0.1/43241] INFO  volume.HddsVolume (HddsVolume.java:<init>(120)) - Creating HddsVolume: /home/runner/work/ozone/ozone/hadoop-ozone/integration-test/target/test-dir/MiniOzoneClusterImpl-ae28b10a-1883-433e-acb0-7438b5479a4c/datanode-0/data-0/containers/hdds of storage type : DISK capacity : 9223372036854775807
2022-05-11 01:29:06,705 [Listener at 127.0.0.1/43241] INFO  volume.MutableVolumeSet (MutableVolumeSet.java:initializeVolumeSet(168)) - Added Volume : /home/runner/work/ozone/ozone/hadoop-ozone/integration-test/target/test-dir/MiniOzoneClusterImpl-ae28b10a-1883-433e-acb0-7438b5479a4c/datanode-0/data-0/containers/hdds to VolumeSet
2022-05-11 01:29:06,706 [omNode-2@group-523986131536-StateMachineUpdater] INFO  ratis.OzoneManagerStateMachine (OzoneManagerStateMachine.java:notifyConfigurationChanged(191)) - Received Configuration change notification from Ratis. New Peer list:
[id: "omNode-3"
address: "localhost:40799"
, id: "omNode-1"
address: "localhost:37959"
, id: "omNode-2"
address: "localhost:36649"
]
2022-05-11 01:29:06,706 [Listener at 127.0.0.1/43241] INFO  volume.ThrottledAsyncChecker (ThrottledAsyncChecker.java:schedule(141)) - Scheduling a check for /home/runner/work/ozone/ozone/hadoop-ozone/integration-test/target/test-dir/MiniOzoneClusterImpl-ae28b10a-1883-433e-acb0-7438b5479a4c/datanode-0/data-0/containers/hdds
2022-05-11 01:29:06,731 [Listener at 127.0.0.1/43241] INFO  volume.StorageVolumeChecker (StorageVolumeChecker.java:checkAllVolumes(202)) - Scheduled health check for volume /home/runner/work/ozone/ozone/hadoop-ozone/integration-test/target/test-dir/MiniOzoneClusterImpl-ae28b10a-1883-433e-acb0-7438b5479a4c/datanode-0/data-0/containers/hdds
2022-05-11 01:29:06,751 [Listener at 127.0.0.1/43241] INFO  volume.MutableVolumeSet (MutableVolumeSet.java:initializeVolumeSet(168)) - Added Volume : /home/runner/work/ozone/ozone/hadoop-ozone/integration-test/target/test-dir/MiniOzoneClusterImpl-ae28b10a-1883-433e-acb0-7438b5479a4c/datanode-0/data/ratis to VolumeSet
2022-05-11 01:29:06,751 [Listener at 127.0.0.1/43241] INFO  volume.ThrottledAsyncChecker (ThrottledAsyncChecker.java:schedule(141)) - Scheduling a check for /home/runner/work/ozone/ozone/hadoop-ozone/integration-test/target/test-dir/MiniOzoneClusterImpl-ae28b10a-1883-433e-acb0-7438b5479a4c/datanode-0/data/ratis
2022-05-11 01:29:06,751 [Listener at 127.0.0.1/43241] INFO  volume.StorageVolumeChecker (StorageVolumeChecker.java:checkAllVolumes(202)) - Scheduled health check for volume /home/runner/work/ozone/ozone/hadoop-ozone/integration-test/target/test-dir/MiniOzoneClusterImpl-ae28b10a-1883-433e-acb0-7438b5479a4c/datanode-0/data/ratis
2022-05-11 01:29:06,776 [Thread-229] INFO  ozoneimpl.ContainerReader (ContainerReader.java:readVolume(172)) - Finish verifying containers on volume /home/runner/work/ozone/ozone/hadoop-ozone/integration-test/target/test-dir/MiniOzoneClusterImpl-ae28b10a-1883-433e-acb0-7438b5479a4c/datanode-0/data-0/containers/hdds
2022-05-11 01:29:06,777 [Listener at 127.0.0.1/43241] INFO  ozoneimpl.OzoneContainer (OzoneContainer.java:buildContainerSet(257)) - Build ContainerSet costs 0s
2022-05-11 01:29:06,831 [Listener at 127.0.0.1/43241] INFO  audit.AuditLogger (AuditLogger.java:refreshDebugCmdSet(120)) - Refresh DebugCmdSet for DNAudit to [].
2022-05-11 01:29:06,864 [Listener at 127.0.0.1/43241] INFO  server.RaftServer (ConfUtils.java:logGet(44)) - raft.rpc.type = GRPC (default)
2022-05-11 01:29:06,864 [Listener at 127.0.0.1/43241] INFO  grpc.GrpcFactory (GrpcFactory.java:checkPooledByteBufAllocatorUseCacheForAllThreads(48)) - PERFORMANCE WARNING: useCacheForAllThreads is true that may cause Netty to create a lot garbage objects and, as a result, trigger GC.
	It is recommended to disable useCacheForAllThreads by setting -Dorg.apache.ratis.thirdparty.io.netty.allocator.useCacheForAllThreads=false in command line.
2022-05-11 01:29:06,864 [Listener at 127.0.0.1/43241] INFO  grpc.GrpcConfigKeys (ConfUtils.java:logGet(44)) - raft.grpc.admin.port = 0 (custom)
2022-05-11 01:29:06,866 [Listener at 127.0.0.1/43241] INFO  grpc.GrpcConfigKeys (ConfUtils.java:logGet(44)) - raft.grpc.client.port = 0 (custom)
2022-05-11 01:29:06,866 [Listener at 127.0.0.1/43241] INFO  grpc.GrpcConfigKeys (ConfUtils.java:logGet(44)) - raft.grpc.server.port = 0 (default)
2022-05-11 01:29:06,866 [Listener at 127.0.0.1/43241] INFO  server.GrpcService (ConfUtils.java:logGet(44)) - raft.grpc.message.size.max = 32MB (=33554432) (custom)
2022-05-11 01:29:06,866 [Listener at 127.0.0.1/43241] INFO  server.RaftServerConfigKeys (ConfUtils.java:logGet(44)) - raft.server.log.appender.buffer.byte-limit = 33554432 (custom)
2022-05-11 01:29:06,866 [Listener at 127.0.0.1/43241] INFO  server.GrpcService (ConfUtils.java:logGet(44)) - raft.grpc.flow.control.window = 5MB (=5242880) (custom)
2022-05-11 01:29:06,867 [Listener at 127.0.0.1/43241] INFO  server.RaftServerConfigKeys (ConfUtils.java:logGet(44)) - raft.server.rpc.request.timeout = 60s (custom)
2022-05-11 01:29:06,868 [Listener at 127.0.0.1/43241] INFO  impl.DataStreamServerImpl (ConfUtils.java:logGet(44)) - raft.datastream.type = DISABLED (default)
2022-05-11 01:29:06,868 [Listener at 127.0.0.1/43241] INFO  server.RaftServerConfigKeys (ConfUtils.java:logGet(44)) - raft.server.rpc.slowness.timeout = 300s (custom)
2022-05-11 01:29:06,869 [Listener at 127.0.0.1/43241] INFO  server.RaftServerConfigKeys (ConfUtils.java:logGet(44)) - raft.server.leaderelection.leader.step-down.wait-time = 10s (default)
2022-05-11 01:29:06,869 [Listener at 127.0.0.1/43241] INFO  server.RaftServerConfigKeys (ConfUtils.java:logGet(44)) - raft.server.storage.dir = [/home/runner/work/ozone/ozone/hadoop-ozone/integration-test/target/test-dir/MiniOzoneClusterImpl-ae28b10a-1883-433e-acb0-7438b5479a4c/datanode-0/data/ratis] (custom)
2022-05-11 01:29:06,890 [Listener at 127.0.0.1/43241] INFO  server.XceiverServerGrpc (XceiverServerGrpc.java:<init>(132)) - GrpcServer channel type EpollServerSocketChannel
2022-05-11 01:29:06,945 [Listener at 127.0.0.1/43241] INFO  http.BaseHttpServer (BaseHttpServer.java:newHttpServer2BuilderForOzone(209)) - Starting Web-server for hddsDatanode at: http://0.0.0.0:0
2022-05-11 01:29:06,945 [Listener at 127.0.0.1/43241] INFO  http.BaseHttpServer (BaseHttpServer.java:<init>(107)) - Hadoop Security Enabled: false Ozone Security Enabled: false Ozone HTTP Security Enabled: false 
2022-05-11 01:29:06,947 [Listener at 127.0.0.1/43241] INFO  server.AuthenticationFilter (AuthenticationFilter.java:constructSecretProvider(240)) - Unable to initialize FileSignerSecretProvider, falling back to use random secrets.
2022-05-11 01:29:06,951 [Listener at 127.0.0.1/43241] WARN  http.HttpRequestLog (HttpRequestLog.java:getRequestLog(103)) - Jetty request log can only be enabled using Log4j
2022-05-11 01:29:06,952 [Listener at 127.0.0.1/43241] INFO  http.HttpServer2 (HttpServer2.java:addGlobalFilter(1030)) - Added global filter 'safety' (class=org.apache.hadoop.hdds.server.http.HttpServer2$QuotingInputFilter)
2022-05-11 01:29:06,953 [Listener at 127.0.0.1/43241] INFO  http.HttpServer2 (HttpServer2.java:addFilter(1006)) - Added filter static_user_filter (class=org.apache.hadoop.http.lib.StaticUserWebFilter$StaticUserFilter) to context hddsDatanode
2022-05-11 01:29:06,953 [Listener at 127.0.0.1/43241] INFO  http.HttpServer2 (HttpServer2.java:addFilter(1014)) - Added filter static_user_filter (class=org.apache.hadoop.http.lib.StaticUserWebFilter$StaticUserFilter) to context static
2022-05-11 01:29:06,953 [Listener at 127.0.0.1/43241] INFO  http.HttpServer2 (HttpServer2.java:addFilter(1014)) - Added filter static_user_filter (class=org.apache.hadoop.http.lib.StaticUserWebFilter$StaticUserFilter) to context logs
2022-05-11 01:29:06,954 [Listener at 127.0.0.1/43241] INFO  http.HttpServer2 (HttpServer2.java:bindListener(1249)) - Jetty bound to port 45567
2022-05-11 01:29:06,955 [Listener at 127.0.0.1/43241] INFO  server.Server (Server.java:doStart(375)) - jetty-9.4.43.v20210629; built: 2021-06-30T11:07:22.254Z; git: 526006ecfa3af7f1a27ef3a288e2bef7ea9dd7e8; jvm 1.8.0_322-b06
2022-05-11 01:29:06,957 [Listener at 127.0.0.1/43241] INFO  server.session (DefaultSessionIdManager.java:doStart(334)) - DefaultSessionIdManager workerName=node0
2022-05-11 01:29:06,957 [Listener at 127.0.0.1/43241] INFO  server.session (DefaultSessionIdManager.java:doStart(339)) - No SessionScavenger set, using defaults
2022-05-11 01:29:06,958 [Listener at 127.0.0.1/43241] INFO  server.session (HouseKeeper.java:startScavenging(132)) - node0 Scavenging every 600000ms
2022-05-11 01:29:06,959 [Listener at 127.0.0.1/43241] INFO  handler.ContextHandler (ContextHandler.java:doStart(915)) - Started o.e.j.s.ServletContextHandler@177bd3ae{logs,/logs,file:///home/runner/work/ozone/ozone/hadoop-ozone/integration-test/target/log,AVAILABLE}
2022-05-11 01:29:06,959 [Listener at 127.0.0.1/43241] INFO  handler.ContextHandler (ContextHandler.java:doStart(915)) - Started o.e.j.s.ServletContextHandler@468e9fba{static,/static,jar:file:/home/runner/.m2/repository/org/apache/ozone/hdds-container-service/1.3.0-SNAPSHOT/hdds-container-service-1.3.0-SNAPSHOT.jar!/webapps/static,AVAILABLE}
2022-05-11 01:29:07,195 [Listener at 127.0.0.1/43241] INFO  handler.ContextHandler (ContextHandler.java:doStart(915)) - Started o.e.j.w.WebAppContext@662438f1{hddsDatanode,/,file:///tmp/jetty-0_0_0_0-45567-hdds-container-service-1_3_0-SNAPSHOT_jar-_-any-5443564216457304063/webapp/,AVAILABLE}{jar:file:/home/runner/.m2/repository/org/apache/ozone/hdds-container-service/1.3.0-SNAPSHOT/hdds-container-service-1.3.0-SNAPSHOT.jar!/webapps/hddsDatanode}
2022-05-11 01:29:07,197 [Listener at 127.0.0.1/43241] INFO  server.AbstractConnector (AbstractConnector.java:doStart(331)) - Started ServerConnector@37bb8606{HTTP/1.1, (http/1.1)}{0.0.0.0:45567}
2022-05-11 01:29:07,197 [Listener at 127.0.0.1/43241] INFO  server.Server (Server.java:doStart(415)) - Started @12361ms
2022-05-11 01:29:07,197 [Listener at 127.0.0.1/43241] WARN  impl.MetricsSystemImpl (MetricsSystemImpl.java:register(279)) - Sink prometheus already exists!
2022-05-11 01:29:07,198 [Listener at 127.0.0.1/43241] INFO  http.BaseHttpServer (BaseHttpServer.java:updateConnectorAddress(329)) - HTTP server of hddsDatanode listening at http://0.0.0.0:45567
2022-05-11 01:29:07,200 [Listener at 127.0.0.1/43241] WARN  impl.MetricRegistriesImpl (MetricRegistriesImpl.java:addReporterRegistration(111)) - New reporters are added after registries were created. Some metrics will be missing from the reporter. Please add reporter before adding any new registry.
2022-05-11 01:29:07,201 [Listener at 127.0.0.1/43241] WARN  impl.MetricRegistriesImpl (MetricRegistriesImpl.java:addReporterRegistration(111)) - New reporters are added after registries were created. Some metrics will be missing from the reporter. Please add reporter before adding any new registry.
2022-05-11 01:29:07,201 [Listener at 127.0.0.1/43241] INFO  impl.MetricsSystemImpl (MetricsSystemImpl.java:init(158)) - HddsDatanode metrics system started (again)
2022-05-11 01:29:07,215 [Listener at 127.0.0.1/43241] INFO  ozone.HddsDatanodeService (HddsDatanodeService.java:start(233)) - HddsDatanodeService host:fv-az291-847.wgnan5asplgejimfprtllbpdch.jx.internal.cloudapp.net ip:10.1.0.42
2022-05-11 01:29:07,207 [Datanode State Machine Daemon Thread] INFO  statemachine.DatanodeStateMachine (DatanodeStateMachine.java:lambda$startDaemon$0(472)) - Ozone container server started.
2022-05-11 01:29:07,240 [org.apache.hadoop.util.JvmPauseMonitor$Monitor@5d8b35ce] INFO  util.JvmPauseMonitor (JvmPauseMonitor.java:run(188)) - Starting JVM pause monitor
2022-05-11 01:29:07,258 [Listener at 127.0.0.1/43241] INFO  upgrade.AbstractLayoutVersionManager (AbstractLayoutVersionManager.java:init(79)) - Initializing Layout version manager with metadata layout = ERASURE_CODED_STORAGE_SUPPORT (version = 3), software layout = ERASURE_CODED_STORAGE_SUPPORT (version = 3)
2022-05-11 01:29:07,370 [Listener at 127.0.0.1/43241] INFO  reflections.Reflections (Reflections.java:scan(232)) - Reflections took 110 ms to scan 7 urls, producing 126 keys and 289 values 
2022-05-11 01:29:07,372 [Listener at 127.0.0.1/43241] INFO  statemachine.DatanodeStateMachine (DatanodeStateMachine.java:getEndPointTaskThreadPoolSize(224)) - Datanode State Machine Task Thread Pool size 2
2022-05-11 01:29:07,374 [Listener at 127.0.0.1/43241] INFO  volume.HddsVolume (HddsVolume.java:<init>(120)) - Creating HddsVolume: /home/runner/work/ozone/ozone/hadoop-ozone/integration-test/target/test-dir/MiniOzoneClusterImpl-ae28b10a-1883-433e-acb0-7438b5479a4c/datanode-1/data-0/containers/hdds of storage type : DISK capacity : 9223372036854775807
2022-05-11 01:29:07,374 [Listener at 127.0.0.1/43241] INFO  volume.MutableVolumeSet (MutableVolumeSet.java:initializeVolumeSet(168)) - Added Volume : /home/runner/work/ozone/ozone/hadoop-ozone/integration-test/target/test-dir/MiniOzoneClusterImpl-ae28b10a-1883-433e-acb0-7438b5479a4c/datanode-1/data-0/containers/hdds to VolumeSet
2022-05-11 01:29:07,375 [Listener at 127.0.0.1/43241] INFO  volume.ThrottledAsyncChecker (ThrottledAsyncChecker.java:schedule(141)) - Scheduling a check for /home/runner/work/ozone/ozone/hadoop-ozone/integration-test/target/test-dir/MiniOzoneClusterImpl-ae28b10a-1883-433e-acb0-7438b5479a4c/datanode-1/data-0/containers/hdds
2022-05-11 01:29:07,376 [Listener at 127.0.0.1/43241] INFO  volume.StorageVolumeChecker (StorageVolumeChecker.java:checkAllVolumes(202)) - Scheduled health check for volume /home/runner/work/ozone/ozone/hadoop-ozone/integration-test/target/test-dir/MiniOzoneClusterImpl-ae28b10a-1883-433e-acb0-7438b5479a4c/datanode-1/data-0/containers/hdds
2022-05-11 01:29:07,395 [Listener at 127.0.0.1/43241] INFO  volume.MutableVolumeSet (MutableVolumeSet.java:initializeVolumeSet(168)) - Added Volume : /home/runner/work/ozone/ozone/hadoop-ozone/integration-test/target/test-dir/MiniOzoneClusterImpl-ae28b10a-1883-433e-acb0-7438b5479a4c/datanode-1/data/ratis to VolumeSet
2022-05-11 01:29:07,395 [Listener at 127.0.0.1/43241] INFO  volume.ThrottledAsyncChecker (ThrottledAsyncChecker.java:schedule(141)) - Scheduling a check for /home/runner/work/ozone/ozone/hadoop-ozone/integration-test/target/test-dir/MiniOzoneClusterImpl-ae28b10a-1883-433e-acb0-7438b5479a4c/datanode-1/data/ratis
2022-05-11 01:29:07,395 [Listener at 127.0.0.1/43241] INFO  volume.StorageVolumeChecker (StorageVolumeChecker.java:checkAllVolumes(202)) - Scheduled health check for volume /home/runner/work/ozone/ozone/hadoop-ozone/integration-test/target/test-dir/MiniOzoneClusterImpl-ae28b10a-1883-433e-acb0-7438b5479a4c/datanode-1/data/ratis
2022-05-11 01:29:07,407 [Thread-243] INFO  ozoneimpl.ContainerReader (ContainerReader.java:readVolume(172)) - Finish verifying containers on volume /home/runner/work/ozone/ozone/hadoop-ozone/integration-test/target/test-dir/MiniOzoneClusterImpl-ae28b10a-1883-433e-acb0-7438b5479a4c/datanode-1/data-0/containers/hdds
2022-05-11 01:29:07,408 [Listener at 127.0.0.1/43241] INFO  ozoneimpl.OzoneContainer (OzoneContainer.java:buildContainerSet(257)) - Build ContainerSet costs 0s
2022-05-11 01:29:07,413 [Listener at 127.0.0.1/43241] INFO  server.RaftServer (ConfUtils.java:logGet(44)) - raft.rpc.type = GRPC (default)
2022-05-11 01:29:07,413 [Listener at 127.0.0.1/43241] INFO  grpc.GrpcFactory (GrpcFactory.java:checkPooledByteBufAllocatorUseCacheForAllThreads(48)) - PERFORMANCE WARNING: useCacheForAllThreads is true that may cause Netty to create a lot garbage objects and, as a result, trigger GC.
	It is recommended to disable useCacheForAllThreads by setting -Dorg.apache.ratis.thirdparty.io.netty.allocator.useCacheForAllThreads=false in command line.
2022-05-11 01:29:07,413 [Listener at 127.0.0.1/43241] INFO  grpc.GrpcConfigKeys (ConfUtils.java:logGet(44)) - raft.grpc.admin.port = 0 (custom)
2022-05-11 01:29:07,414 [Listener at 127.0.0.1/43241] INFO  grpc.GrpcConfigKeys (ConfUtils.java:logGet(44)) - raft.grpc.client.port = 0 (custom)
2022-05-11 01:29:07,414 [Listener at 127.0.0.1/43241] INFO  grpc.GrpcConfigKeys (ConfUtils.java:logGet(44)) - raft.grpc.server.port = 0 (default)
2022-05-11 01:29:07,414 [Listener at 127.0.0.1/43241] INFO  server.GrpcService (ConfUtils.java:logGet(44)) - raft.grpc.message.size.max = 32MB (=33554432) (custom)
2022-05-11 01:29:07,414 [Listener at 127.0.0.1/43241] INFO  server.RaftServerConfigKeys (ConfUtils.java:logGet(44)) - raft.server.log.appender.buffer.byte-limit = 33554432 (custom)
2022-05-11 01:29:07,415 [Listener at 127.0.0.1/43241] INFO  server.GrpcService (ConfUtils.java:logGet(44)) - raft.grpc.flow.control.window = 5MB (=5242880) (custom)
2022-05-11 01:29:07,415 [Listener at 127.0.0.1/43241] INFO  server.RaftServerConfigKeys (ConfUtils.java:logGet(44)) - raft.server.rpc.request.timeout = 60s (custom)
2022-05-11 01:29:07,423 [Listener at 127.0.0.1/43241] INFO  impl.DataStreamServerImpl (ConfUtils.java:logGet(44)) - raft.datastream.type = DISABLED (default)
2022-05-11 01:29:07,424 [Listener at 127.0.0.1/43241] INFO  server.RaftServerConfigKeys (ConfUtils.java:logGet(44)) - raft.server.rpc.slowness.timeout = 300s (custom)
2022-05-11 01:29:07,424 [Listener at 127.0.0.1/43241] INFO  server.RaftServerConfigKeys (ConfUtils.java:logGet(44)) - raft.server.leaderelection.leader.step-down.wait-time = 10s (default)
2022-05-11 01:29:07,424 [Listener at 127.0.0.1/43241] INFO  server.RaftServerConfigKeys (ConfUtils.java:logGet(44)) - raft.server.storage.dir = [/home/runner/work/ozone/ozone/hadoop-ozone/integration-test/target/test-dir/MiniOzoneClusterImpl-ae28b10a-1883-433e-acb0-7438b5479a4c/datanode-1/data/ratis] (custom)
2022-05-11 01:29:07,427 [Listener at 127.0.0.1/43241] INFO  server.XceiverServerGrpc (XceiverServerGrpc.java:<init>(132)) - GrpcServer channel type EpollServerSocketChannel
2022-05-11 01:29:07,435 [Listener at 127.0.0.1/43241] INFO  http.BaseHttpServer (BaseHttpServer.java:newHttpServer2BuilderForOzone(209)) - Starting Web-server for hddsDatanode at: http://0.0.0.0:0
2022-05-11 01:29:07,435 [Listener at 127.0.0.1/43241] INFO  http.BaseHttpServer (BaseHttpServer.java:<init>(107)) - Hadoop Security Enabled: false Ozone Security Enabled: false Ozone HTTP Security Enabled: false 
2022-05-11 01:29:07,437 [Listener at 127.0.0.1/43241] INFO  server.AuthenticationFilter (AuthenticationFilter.java:constructSecretProvider(240)) - Unable to initialize FileSignerSecretProvider, falling back to use random secrets.
2022-05-11 01:29:07,446 [Listener at 127.0.0.1/43241] WARN  http.HttpRequestLog (HttpRequestLog.java:getRequestLog(103)) - Jetty request log can only be enabled using Log4j
2022-05-11 01:29:07,447 [Listener at 127.0.0.1/43241] INFO  http.HttpServer2 (HttpServer2.java:addGlobalFilter(1030)) - Added global filter 'safety' (class=org.apache.hadoop.hdds.server.http.HttpServer2$QuotingInputFilter)
2022-05-11 01:29:07,448 [Listener at 127.0.0.1/43241] INFO  http.HttpServer2 (HttpServer2.java:addFilter(1006)) - Added filter static_user_filter (class=org.apache.hadoop.http.lib.StaticUserWebFilter$StaticUserFilter) to context hddsDatanode
2022-05-11 01:29:07,448 [Listener at 127.0.0.1/43241] INFO  http.HttpServer2 (HttpServer2.java:addFilter(1014)) - Added filter static_user_filter (class=org.apache.hadoop.http.lib.StaticUserWebFilter$StaticUserFilter) to context static
2022-05-11 01:29:07,448 [Listener at 127.0.0.1/43241] INFO  http.HttpServer2 (HttpServer2.java:addFilter(1014)) - Added filter static_user_filter (class=org.apache.hadoop.http.lib.StaticUserWebFilter$StaticUserFilter) to context logs
2022-05-11 01:29:07,451 [Listener at 127.0.0.1/43241] INFO  http.HttpServer2 (HttpServer2.java:bindListener(1249)) - Jetty bound to port 46325
2022-05-11 01:29:07,451 [Listener at 127.0.0.1/43241] INFO  server.Server (Server.java:doStart(375)) - jetty-9.4.43.v20210629; built: 2021-06-30T11:07:22.254Z; git: 526006ecfa3af7f1a27ef3a288e2bef7ea9dd7e8; jvm 1.8.0_322-b06
2022-05-11 01:29:07,453 [Listener at 127.0.0.1/43241] INFO  server.session (DefaultSessionIdManager.java:doStart(334)) - DefaultSessionIdManager workerName=node0
2022-05-11 01:29:07,453 [Listener at 127.0.0.1/43241] INFO  server.session (DefaultSessionIdManager.java:doStart(339)) - No SessionScavenger set, using defaults
2022-05-11 01:29:07,453 [Listener at 127.0.0.1/43241] INFO  server.session (HouseKeeper.java:startScavenging(132)) - node0 Scavenging every 600000ms
2022-05-11 01:29:07,454 [Listener at 127.0.0.1/43241] INFO  handler.ContextHandler (ContextHandler.java:doStart(915)) - Started o.e.j.s.ServletContextHandler@74694f06{logs,/logs,file:///home/runner/work/ozone/ozone/hadoop-ozone/integration-test/target/log,AVAILABLE}
2022-05-11 01:29:07,455 [Listener at 127.0.0.1/43241] INFO  handler.ContextHandler (ContextHandler.java:doStart(915)) - Started o.e.j.s.ServletContextHandler@4111c29d{static,/static,jar:file:/home/runner/.m2/repository/org/apache/ozone/hdds-container-service/1.3.0-SNAPSHOT/hdds-container-service-1.3.0-SNAPSHOT.jar!/webapps/static,AVAILABLE}
2022-05-11 01:29:07,497 [Datanode State Machine Task Thread - 0] INFO  datanode.InitDatanodeState (InitDatanodeState.java:persistContainerDatanodeDetails(138)) - DatanodeDetails is persisted to /home/runner/work/ozone/ozone/hadoop-ozone/integration-test/target/test-dir/MiniOzoneClusterImpl-ae28b10a-1883-433e-acb0-7438b5479a4c/datanode-0/meta/datanode.id
2022-05-11 01:29:07,676 [Listener at 127.0.0.1/43241] INFO  handler.ContextHandler (ContextHandler.java:doStart(915)) - Started o.e.j.w.WebAppContext@19019811{hddsDatanode,/,file:///tmp/jetty-0_0_0_0-46325-hdds-container-service-1_3_0-SNAPSHOT_jar-_-any-7747874030014301447/webapp/,AVAILABLE}{jar:file:/home/runner/.m2/repository/org/apache/ozone/hdds-container-service/1.3.0-SNAPSHOT/hdds-container-service-1.3.0-SNAPSHOT.jar!/webapps/hddsDatanode}
2022-05-11 01:29:07,678 [Listener at 127.0.0.1/43241] INFO  server.AbstractConnector (AbstractConnector.java:doStart(331)) - Started ServerConnector@1ae60fb5{HTTP/1.1, (http/1.1)}{0.0.0.0:46325}
2022-05-11 01:29:07,678 [Listener at 127.0.0.1/43241] INFO  server.Server (Server.java:doStart(415)) - Started @12842ms
2022-05-11 01:29:07,678 [Listener at 127.0.0.1/43241] WARN  impl.MetricsSystemImpl (MetricsSystemImpl.java:register(279)) - Sink prometheus already exists!
2022-05-11 01:29:07,679 [Listener at 127.0.0.1/43241] INFO  http.BaseHttpServer (BaseHttpServer.java:updateConnectorAddress(329)) - HTTP server of hddsDatanode listening at http://0.0.0.0:46325
2022-05-11 01:29:07,682 [Listener at 127.0.0.1/43241] WARN  impl.MetricRegistriesImpl (MetricRegistriesImpl.java:addReporterRegistration(111)) - New reporters are added after registries were created. Some metrics will be missing from the reporter. Please add reporter before adding any new registry.
2022-05-11 01:29:07,685 [Listener at 127.0.0.1/43241] WARN  impl.MetricRegistriesImpl (MetricRegistriesImpl.java:addReporterRegistration(111)) - New reporters are added after registries were created. Some metrics will be missing from the reporter. Please add reporter before adding any new registry.
2022-05-11 01:29:07,685 [Listener at 127.0.0.1/43241] INFO  impl.MetricsSystemImpl (MetricsSystemImpl.java:init(158)) - HddsDatanode metrics system started (again)
2022-05-11 01:29:07,683 [Datanode State Machine Daemon Thread] INFO  statemachine.DatanodeStateMachine (DatanodeStateMachine.java:lambda$startDaemon$0(472)) - Ozone container server started.
2022-05-11 01:29:07,690 [org.apache.hadoop.util.JvmPauseMonitor$Monitor@6f6df34f] INFO  util.JvmPauseMonitor (JvmPauseMonitor.java:run(188)) - Starting JVM pause monitor
2022-05-11 01:29:07,706 [Datanode State Machine Task Thread - 0] INFO  datanode.InitDatanodeState (InitDatanodeState.java:persistContainerDatanodeDetails(138)) - DatanodeDetails is persisted to /home/runner/work/ozone/ozone/hadoop-ozone/integration-test/target/test-dir/MiniOzoneClusterImpl-ae28b10a-1883-433e-acb0-7438b5479a4c/datanode-1/meta/datanode.id
2022-05-11 01:29:07,717 [Listener at 127.0.0.1/43241] INFO  ozone.HddsDatanodeService (HddsDatanodeService.java:start(233)) - HddsDatanodeService host:fv-az291-847.wgnan5asplgejimfprtllbpdch.jx.internal.cloudapp.net ip:10.1.0.42
2022-05-11 01:29:07,744 [Listener at 127.0.0.1/43241] INFO  upgrade.AbstractLayoutVersionManager (AbstractLayoutVersionManager.java:init(79)) - Initializing Layout version manager with metadata layout = ERASURE_CODED_STORAGE_SUPPORT (version = 3), software layout = ERASURE_CODED_STORAGE_SUPPORT (version = 3)
2022-05-11 01:29:07,790 [Listener at 127.0.0.1/43241] INFO  reflections.Reflections (Reflections.java:scan(232)) - Reflections took 44 ms to scan 7 urls, producing 126 keys and 289 values 
2022-05-11 01:29:07,792 [Listener at 127.0.0.1/43241] INFO  statemachine.DatanodeStateMachine (DatanodeStateMachine.java:getEndPointTaskThreadPoolSize(224)) - Datanode State Machine Task Thread Pool size 2
2022-05-11 01:29:07,798 [Listener at 127.0.0.1/43241] INFO  volume.HddsVolume (HddsVolume.java:<init>(120)) - Creating HddsVolume: /home/runner/work/ozone/ozone/hadoop-ozone/integration-test/target/test-dir/MiniOzoneClusterImpl-ae28b10a-1883-433e-acb0-7438b5479a4c/datanode-2/data-0/containers/hdds of storage type : DISK capacity : 9223372036854775807
2022-05-11 01:29:07,799 [Listener at 127.0.0.1/43241] INFO  volume.MutableVolumeSet (MutableVolumeSet.java:initializeVolumeSet(168)) - Added Volume : /home/runner/work/ozone/ozone/hadoop-ozone/integration-test/target/test-dir/MiniOzoneClusterImpl-ae28b10a-1883-433e-acb0-7438b5479a4c/datanode-2/data-0/containers/hdds to VolumeSet
2022-05-11 01:29:07,799 [Listener at 127.0.0.1/43241] INFO  volume.ThrottledAsyncChecker (ThrottledAsyncChecker.java:schedule(141)) - Scheduling a check for /home/runner/work/ozone/ozone/hadoop-ozone/integration-test/target/test-dir/MiniOzoneClusterImpl-ae28b10a-1883-433e-acb0-7438b5479a4c/datanode-2/data-0/containers/hdds
2022-05-11 01:29:07,801 [Listener at 127.0.0.1/43241] INFO  volume.StorageVolumeChecker (StorageVolumeChecker.java:checkAllVolumes(202)) - Scheduled health check for volume /home/runner/work/ozone/ozone/hadoop-ozone/integration-test/target/test-dir/MiniOzoneClusterImpl-ae28b10a-1883-433e-acb0-7438b5479a4c/datanode-2/data-0/containers/hdds
2022-05-11 01:29:07,814 [Listener at 127.0.0.1/43241] INFO  volume.MutableVolumeSet (MutableVolumeSet.java:initializeVolumeSet(168)) - Added Volume : /home/runner/work/ozone/ozone/hadoop-ozone/integration-test/target/test-dir/MiniOzoneClusterImpl-ae28b10a-1883-433e-acb0-7438b5479a4c/datanode-2/data/ratis to VolumeSet
2022-05-11 01:29:07,814 [Listener at 127.0.0.1/43241] INFO  volume.ThrottledAsyncChecker (ThrottledAsyncChecker.java:schedule(141)) - Scheduling a check for /home/runner/work/ozone/ozone/hadoop-ozone/integration-test/target/test-dir/MiniOzoneClusterImpl-ae28b10a-1883-433e-acb0-7438b5479a4c/datanode-2/data/ratis
2022-05-11 01:29:07,814 [Listener at 127.0.0.1/43241] INFO  volume.StorageVolumeChecker (StorageVolumeChecker.java:checkAllVolumes(202)) - Scheduled health check for volume /home/runner/work/ozone/ozone/hadoop-ozone/integration-test/target/test-dir/MiniOzoneClusterImpl-ae28b10a-1883-433e-acb0-7438b5479a4c/datanode-2/data/ratis
2022-05-11 01:29:07,828 [Thread-257] INFO  ozoneimpl.ContainerReader (ContainerReader.java:readVolume(172)) - Finish verifying containers on volume /home/runner/work/ozone/ozone/hadoop-ozone/integration-test/target/test-dir/MiniOzoneClusterImpl-ae28b10a-1883-433e-acb0-7438b5479a4c/datanode-2/data-0/containers/hdds
2022-05-11 01:29:07,828 [Listener at 127.0.0.1/43241] INFO  ozoneimpl.OzoneContainer (OzoneContainer.java:buildContainerSet(257)) - Build ContainerSet costs 0s
2022-05-11 01:29:07,833 [Listener at 127.0.0.1/43241] INFO  server.RaftServer (ConfUtils.java:logGet(44)) - raft.rpc.type = GRPC (default)
2022-05-11 01:29:07,833 [Listener at 127.0.0.1/43241] INFO  grpc.GrpcFactory (GrpcFactory.java:checkPooledByteBufAllocatorUseCacheForAllThreads(48)) - PERFORMANCE WARNING: useCacheForAllThreads is true that may cause Netty to create a lot garbage objects and, as a result, trigger GC.
	It is recommended to disable useCacheForAllThreads by setting -Dorg.apache.ratis.thirdparty.io.netty.allocator.useCacheForAllThreads=false in command line.
2022-05-11 01:29:07,834 [Listener at 127.0.0.1/43241] INFO  grpc.GrpcConfigKeys (ConfUtils.java:logGet(44)) - raft.grpc.admin.port = 0 (custom)
2022-05-11 01:29:07,834 [Listener at 127.0.0.1/43241] INFO  grpc.GrpcConfigKeys (ConfUtils.java:logGet(44)) - raft.grpc.client.port = 0 (custom)
2022-05-11 01:29:07,834 [Listener at 127.0.0.1/43241] INFO  grpc.GrpcConfigKeys (ConfUtils.java:logGet(44)) - raft.grpc.server.port = 0 (default)
2022-05-11 01:29:07,834 [Listener at 127.0.0.1/43241] INFO  server.GrpcService (ConfUtils.java:logGet(44)) - raft.grpc.message.size.max = 32MB (=33554432) (custom)
2022-05-11 01:29:07,834 [Listener at 127.0.0.1/43241] INFO  server.RaftServerConfigKeys (ConfUtils.java:logGet(44)) - raft.server.log.appender.buffer.byte-limit = 33554432 (custom)
2022-05-11 01:29:07,835 [Listener at 127.0.0.1/43241] INFO  server.GrpcService (ConfUtils.java:logGet(44)) - raft.grpc.flow.control.window = 5MB (=5242880) (custom)
2022-05-11 01:29:07,835 [Listener at 127.0.0.1/43241] INFO  server.RaftServerConfigKeys (ConfUtils.java:logGet(44)) - raft.server.rpc.request.timeout = 60s (custom)
2022-05-11 01:29:07,836 [Listener at 127.0.0.1/43241] INFO  impl.DataStreamServerImpl (ConfUtils.java:logGet(44)) - raft.datastream.type = DISABLED (default)
2022-05-11 01:29:07,837 [Listener at 127.0.0.1/43241] INFO  server.RaftServerConfigKeys (ConfUtils.java:logGet(44)) - raft.server.rpc.slowness.timeout = 300s (custom)
2022-05-11 01:29:07,837 [Listener at 127.0.0.1/43241] INFO  server.RaftServerConfigKeys (ConfUtils.java:logGet(44)) - raft.server.leaderelection.leader.step-down.wait-time = 10s (default)
2022-05-11 01:29:07,837 [Listener at 127.0.0.1/43241] INFO  server.RaftServerConfigKeys (ConfUtils.java:logGet(44)) - raft.server.storage.dir = [/home/runner/work/ozone/ozone/hadoop-ozone/integration-test/target/test-dir/MiniOzoneClusterImpl-ae28b10a-1883-433e-acb0-7438b5479a4c/datanode-2/data/ratis] (custom)
2022-05-11 01:29:07,839 [Listener at 127.0.0.1/43241] INFO  server.XceiverServerGrpc (XceiverServerGrpc.java:<init>(132)) - GrpcServer channel type EpollServerSocketChannel
2022-05-11 01:29:07,842 [Listener at 127.0.0.1/43241] INFO  http.BaseHttpServer (BaseHttpServer.java:newHttpServer2BuilderForOzone(209)) - Starting Web-server for hddsDatanode at: http://0.0.0.0:0
2022-05-11 01:29:07,842 [Listener at 127.0.0.1/43241] INFO  http.BaseHttpServer (BaseHttpServer.java:<init>(107)) - Hadoop Security Enabled: false Ozone Security Enabled: false Ozone HTTP Security Enabled: false 
2022-05-11 01:29:07,844 [Listener at 127.0.0.1/43241] INFO  server.AuthenticationFilter (AuthenticationFilter.java:constructSecretProvider(240)) - Unable to initialize FileSignerSecretProvider, falling back to use random secrets.
2022-05-11 01:29:07,844 [Listener at 127.0.0.1/43241] WARN  http.HttpRequestLog (HttpRequestLog.java:getRequestLog(103)) - Jetty request log can only be enabled using Log4j
2022-05-11 01:29:07,846 [Listener at 127.0.0.1/43241] INFO  http.HttpServer2 (HttpServer2.java:addGlobalFilter(1030)) - Added global filter 'safety' (class=org.apache.hadoop.hdds.server.http.HttpServer2$QuotingInputFilter)
2022-05-11 01:29:07,847 [Listener at 127.0.0.1/43241] INFO  http.HttpServer2 (HttpServer2.java:addFilter(1006)) - Added filter static_user_filter (class=org.apache.hadoop.http.lib.StaticUserWebFilter$StaticUserFilter) to context hddsDatanode
2022-05-11 01:29:07,847 [Listener at 127.0.0.1/43241] INFO  http.HttpServer2 (HttpServer2.java:addFilter(1014)) - Added filter static_user_filter (class=org.apache.hadoop.http.lib.StaticUserWebFilter$StaticUserFilter) to context logs
2022-05-11 01:29:07,847 [Listener at 127.0.0.1/43241] INFO  http.HttpServer2 (HttpServer2.java:addFilter(1014)) - Added filter static_user_filter (class=org.apache.hadoop.http.lib.StaticUserWebFilter$StaticUserFilter) to context static
2022-05-11 01:29:07,848 [Listener at 127.0.0.1/43241] INFO  http.HttpServer2 (HttpServer2.java:bindListener(1249)) - Jetty bound to port 45189
2022-05-11 01:29:07,848 [Listener at 127.0.0.1/43241] INFO  server.Server (Server.java:doStart(375)) - jetty-9.4.43.v20210629; built: 2021-06-30T11:07:22.254Z; git: 526006ecfa3af7f1a27ef3a288e2bef7ea9dd7e8; jvm 1.8.0_322-b06
2022-05-11 01:29:07,849 [Listener at 127.0.0.1/43241] INFO  server.session (DefaultSessionIdManager.java:doStart(334)) - DefaultSessionIdManager workerName=node0
2022-05-11 01:29:07,850 [Listener at 127.0.0.1/43241] INFO  server.session (DefaultSessionIdManager.java:doStart(339)) - No SessionScavenger set, using defaults
2022-05-11 01:29:07,850 [Listener at 127.0.0.1/43241] INFO  server.session (HouseKeeper.java:startScavenging(132)) - node0 Scavenging every 660000ms
2022-05-11 01:29:07,851 [Listener at 127.0.0.1/43241] INFO  handler.ContextHandler (ContextHandler.java:doStart(915)) - Started o.e.j.s.ServletContextHandler@1d483c89{logs,/logs,file:///home/runner/work/ozone/ozone/hadoop-ozone/integration-test/target/log,AVAILABLE}
2022-05-11 01:29:07,851 [Listener at 127.0.0.1/43241] INFO  handler.ContextHandler (ContextHandler.java:doStart(915)) - Started o.e.j.s.ServletContextHandler@7609b7c5{static,/static,jar:file:/home/runner/.m2/repository/org/apache/ozone/hdds-container-service/1.3.0-SNAPSHOT/hdds-container-service-1.3.0-SNAPSHOT.jar!/webapps/static,AVAILABLE}
2022-05-11 01:29:08,051 [Listener at 127.0.0.1/43241] INFO  handler.ContextHandler (ContextHandler.java:doStart(915)) - Started o.e.j.w.WebAppContext@5631baf5{hddsDatanode,/,file:///tmp/jetty-0_0_0_0-45189-hdds-container-service-1_3_0-SNAPSHOT_jar-_-any-8377898383338412207/webapp/,AVAILABLE}{jar:file:/home/runner/.m2/repository/org/apache/ozone/hdds-container-service/1.3.0-SNAPSHOT/hdds-container-service-1.3.0-SNAPSHOT.jar!/webapps/hddsDatanode}
2022-05-11 01:29:08,053 [Listener at 127.0.0.1/43241] INFO  server.AbstractConnector (AbstractConnector.java:doStart(331)) - Started ServerConnector@69668de7{HTTP/1.1, (http/1.1)}{0.0.0.0:45189}
2022-05-11 01:29:08,053 [Listener at 127.0.0.1/43241] INFO  server.Server (Server.java:doStart(415)) - Started @13217ms
2022-05-11 01:29:08,053 [Listener at 127.0.0.1/43241] WARN  impl.MetricsSystemImpl (MetricsSystemImpl.java:register(279)) - Sink prometheus already exists!
2022-05-11 01:29:08,054 [Listener at 127.0.0.1/43241] INFO  http.BaseHttpServer (BaseHttpServer.java:updateConnectorAddress(329)) - HTTP server of hddsDatanode listening at http://0.0.0.0:45189
2022-05-11 01:29:08,062 [Datanode State Machine Daemon Thread] INFO  statemachine.DatanodeStateMachine (DatanodeStateMachine.java:lambda$startDaemon$0(472)) - Ozone container server started.
2022-05-11 01:29:08,066 [Listener at 127.0.0.1/43241] INFO  ozone.MiniOzoneClusterImpl (MiniOzoneClusterImpl.java:lambda$waitForClusterToBeReady$0(221)) - Waiting for nodes to be ready. Got 0 of 3 DN Heartbeats.
2022-05-11 01:29:08,066 [Listener at 127.0.0.1/43241] INFO  ozone.MiniOzoneClusterImpl (MiniOzoneClusterImpl.java:lambda$waitForClusterToBeReady$0(224)) - Waiting for cluster to exit safe mode
2022-05-11 01:29:08,066 [Listener at 127.0.0.1/43241] INFO  ozone.MiniOzoneClusterImpl (MiniOzoneClusterImpl.java:lambda$waitForClusterToBeReady$0(226)) - SCM became leader
2022-05-11 01:29:08,075 [org.apache.hadoop.util.JvmPauseMonitor$Monitor@b8969bb] INFO  util.JvmPauseMonitor (JvmPauseMonitor.java:run(188)) - Starting JVM pause monitor
2022-05-11 01:29:08,083 [Datanode State Machine Task Thread - 0] INFO  datanode.InitDatanodeState (InitDatanodeState.java:persistContainerDatanodeDetails(138)) - DatanodeDetails is persisted to /home/runner/work/ozone/ozone/hadoop-ozone/integration-test/target/test-dir/MiniOzoneClusterImpl-ae28b10a-1883-433e-acb0-7438b5479a4c/datanode-2/meta/datanode.id
2022-05-11 01:29:09,066 [Listener at 127.0.0.1/43241] INFO  ozone.MiniOzoneClusterImpl (MiniOzoneClusterImpl.java:lambda$waitForClusterToBeReady$0(221)) - Waiting for nodes to be ready. Got 0 of 3 DN Heartbeats.
2022-05-11 01:29:09,067 [Listener at 127.0.0.1/43241] INFO  ozone.MiniOzoneClusterImpl (MiniOzoneClusterImpl.java:lambda$waitForClusterToBeReady$0(224)) - Waiting for cluster to exit safe mode
2022-05-11 01:29:09,067 [Listener at 127.0.0.1/43241] INFO  ozone.MiniOzoneClusterImpl (MiniOzoneClusterImpl.java:lambda$waitForClusterToBeReady$0(226)) - SCM became leader
2022-05-11 01:29:09,304 [EndpointStateMachine task thread for /0.0.0.0:46775 - 0 ] INFO  ozoneimpl.OzoneContainer (OzoneContainer.java:start(335)) - Attempting to start container services.
2022-05-11 01:29:09,309 [EndpointStateMachine task thread for /0.0.0.0:46775 - 0 ] INFO  ozoneimpl.OzoneContainer (OzoneContainer.java:startContainerScrub(270)) - Background container scanner has been disabled.
2022-05-11 01:29:09,312 [EndpointStateMachine task thread for /0.0.0.0:46775 - 0 ] INFO  replication.ReplicationServer (ReplicationServer.java:start(111)) - ReplicationServer is started using port 34973
2022-05-11 01:29:09,314 [EndpointStateMachine task thread for /0.0.0.0:46775 - 0 ] INFO  ratis.XceiverServerRatis (XceiverServerRatis.java:start(481)) - Starting XceiverServerRatis 705ac139-4337-45d7-ba9f-5c344296e65f
2022-05-11 01:29:09,321 [EndpointStateMachine task thread for /0.0.0.0:46775 - 0 ] INFO  server.RaftServer (RaftServerProxy.java:lambda$start$5(374)) - 705ac139-4337-45d7-ba9f-5c344296e65f: start RPC server
2022-05-11 01:29:09,324 [EndpointStateMachine task thread for /0.0.0.0:46775 - 0 ] INFO  server.GrpcService (GrpcService.java:startImpl(253)) - 705ac139-4337-45d7-ba9f-5c344296e65f: GrpcService started, listening on 37439
2022-05-11 01:29:09,325 [EndpointStateMachine task thread for /0.0.0.0:46775 - 0 ] INFO  ratis.XceiverServerRatis (XceiverServerRatis.java:getRealPort(502)) - XceiverServerRatis 705ac139-4337-45d7-ba9f-5c344296e65f is started using port 37439 for RATIS
2022-05-11 01:29:09,325 [EndpointStateMachine task thread for /0.0.0.0:46775 - 0 ] INFO  ratis.XceiverServerRatis (XceiverServerRatis.java:getRealPort(502)) - XceiverServerRatis 705ac139-4337-45d7-ba9f-5c344296e65f is started using port 37439 for RATIS_ADMIN
2022-05-11 01:29:09,325 [EndpointStateMachine task thread for /0.0.0.0:46775 - 0 ] INFO  ratis.XceiverServerRatis (XceiverServerRatis.java:getRealPort(502)) - XceiverServerRatis 705ac139-4337-45d7-ba9f-5c344296e65f is started using port 37439 for RATIS_SERVER
2022-05-11 01:29:09,326 [org.apache.ratis.util.JvmPauseMonitor$$Lambda$637/1274334510@4b4f672f] INFO  util.JvmPauseMonitor (JvmPauseMonitor.java:run(103)) - JvmPauseMonitor-705ac139-4337-45d7-ba9f-5c344296e65f: Started
2022-05-11 01:29:09,331 [EndpointStateMachine task thread for /0.0.0.0:46775 - 0 ] INFO  server.XceiverServerGrpc (XceiverServerGrpc.java:start(180)) - XceiverServerGrpc 705ac139-4337-45d7-ba9f-5c344296e65f is started using port 41099
2022-05-11 01:29:09,711 [EndpointStateMachine task thread for /0.0.0.0:46775 - 0 ] INFO  ozoneimpl.OzoneContainer (OzoneContainer.java:start(335)) - Attempting to start container services.
2022-05-11 01:29:09,711 [EndpointStateMachine task thread for /0.0.0.0:46775 - 0 ] INFO  ozoneimpl.OzoneContainer (OzoneContainer.java:startContainerScrub(270)) - Background container scanner has been disabled.
2022-05-11 01:29:09,715 [EndpointStateMachine task thread for /0.0.0.0:46775 - 0 ] INFO  replication.ReplicationServer (ReplicationServer.java:start(111)) - ReplicationServer is started using port 35267
2022-05-11 01:29:09,716 [EndpointStateMachine task thread for /0.0.0.0:46775 - 0 ] INFO  ratis.XceiverServerRatis (XceiverServerRatis.java:start(481)) - Starting XceiverServerRatis 7534a985-5663-44b5-b700-fcde65f49754
2022-05-11 01:29:09,727 [EndpointStateMachine task thread for /0.0.0.0:46775 - 0 ] INFO  server.RaftServer (RaftServerProxy.java:lambda$start$5(374)) - 7534a985-5663-44b5-b700-fcde65f49754: start RPC server
2022-05-11 01:29:09,739 [EndpointStateMachine task thread for /0.0.0.0:46775 - 0 ] INFO  server.GrpcService (GrpcService.java:startImpl(253)) - 7534a985-5663-44b5-b700-fcde65f49754: GrpcService started, listening on 34977
2022-05-11 01:29:09,740 [EndpointStateMachine task thread for /0.0.0.0:46775 - 0 ] INFO  ratis.XceiverServerRatis (XceiverServerRatis.java:getRealPort(502)) - XceiverServerRatis 7534a985-5663-44b5-b700-fcde65f49754 is started using port 34977 for RATIS
2022-05-11 01:29:09,740 [org.apache.ratis.util.JvmPauseMonitor$$Lambda$637/1274334510@6d7bec7a] INFO  util.JvmPauseMonitor (JvmPauseMonitor.java:run(103)) - JvmPauseMonitor-7534a985-5663-44b5-b700-fcde65f49754: Started
2022-05-11 01:29:09,740 [EndpointStateMachine task thread for /0.0.0.0:46775 - 0 ] INFO  ratis.XceiverServerRatis (XceiverServerRatis.java:getRealPort(502)) - XceiverServerRatis 7534a985-5663-44b5-b700-fcde65f49754 is started using port 34977 for RATIS_ADMIN
2022-05-11 01:29:09,740 [EndpointStateMachine task thread for /0.0.0.0:46775 - 0 ] INFO  ratis.XceiverServerRatis (XceiverServerRatis.java:getRealPort(502)) - XceiverServerRatis 7534a985-5663-44b5-b700-fcde65f49754 is started using port 34977 for RATIS_SERVER
2022-05-11 01:29:09,741 [EndpointStateMachine task thread for /0.0.0.0:46775 - 0 ] INFO  server.XceiverServerGrpc (XceiverServerGrpc.java:start(180)) - XceiverServerGrpc 7534a985-5663-44b5-b700-fcde65f49754 is started using port 38477
2022-05-11 01:29:10,067 [Listener at 127.0.0.1/43241] INFO  ozone.MiniOzoneClusterImpl (MiniOzoneClusterImpl.java:lambda$waitForClusterToBeReady$0(221)) - Waiting for nodes to be ready. Got 0 of 3 DN Heartbeats.
2022-05-11 01:29:10,068 [Listener at 127.0.0.1/43241] INFO  ozone.MiniOzoneClusterImpl (MiniOzoneClusterImpl.java:lambda$waitForClusterToBeReady$0(224)) - Waiting for cluster to exit safe mode
2022-05-11 01:29:10,068 [Listener at 127.0.0.1/43241] INFO  ozone.MiniOzoneClusterImpl (MiniOzoneClusterImpl.java:lambda$waitForClusterToBeReady$0(226)) - SCM became leader
2022-05-11 01:29:10,079 [EndpointStateMachine task thread for /0.0.0.0:46775 - 0 ] INFO  ozoneimpl.OzoneContainer (OzoneContainer.java:start(335)) - Attempting to start container services.
2022-05-11 01:29:10,080 [EndpointStateMachine task thread for /0.0.0.0:46775 - 0 ] INFO  ozoneimpl.OzoneContainer (OzoneContainer.java:startContainerScrub(270)) - Background container scanner has been disabled.
2022-05-11 01:29:10,083 [EndpointStateMachine task thread for /0.0.0.0:46775 - 0 ] INFO  replication.ReplicationServer (ReplicationServer.java:start(111)) - ReplicationServer is started using port 43993
2022-05-11 01:29:10,083 [EndpointStateMachine task thread for /0.0.0.0:46775 - 0 ] INFO  ratis.XceiverServerRatis (XceiverServerRatis.java:start(481)) - Starting XceiverServerRatis eee5cc7d-4700-49e9-a538-fde0b838210a
2022-05-11 01:29:10,086 [EndpointStateMachine task thread for /0.0.0.0:46775 - 0 ] INFO  server.RaftServer (RaftServerProxy.java:lambda$start$5(374)) - eee5cc7d-4700-49e9-a538-fde0b838210a: start RPC server
2022-05-11 01:29:10,089 [EndpointStateMachine task thread for /0.0.0.0:46775 - 0 ] INFO  server.GrpcService (GrpcService.java:startImpl(253)) - eee5cc7d-4700-49e9-a538-fde0b838210a: GrpcService started, listening on 33975
2022-05-11 01:29:10,090 [EndpointStateMachine task thread for /0.0.0.0:46775 - 0 ] INFO  ratis.XceiverServerRatis (XceiverServerRatis.java:getRealPort(502)) - XceiverServerRatis eee5cc7d-4700-49e9-a538-fde0b838210a is started using port 33975 for RATIS
2022-05-11 01:29:10,090 [EndpointStateMachine task thread for /0.0.0.0:46775 - 0 ] INFO  ratis.XceiverServerRatis (XceiverServerRatis.java:getRealPort(502)) - XceiverServerRatis eee5cc7d-4700-49e9-a538-fde0b838210a is started using port 33975 for RATIS_ADMIN
2022-05-11 01:29:10,090 [org.apache.ratis.util.JvmPauseMonitor$$Lambda$637/1274334510@37c56874] INFO  util.JvmPauseMonitor (JvmPauseMonitor.java:run(103)) - JvmPauseMonitor-eee5cc7d-4700-49e9-a538-fde0b838210a: Started
2022-05-11 01:29:10,090 [EndpointStateMachine task thread for /0.0.0.0:46775 - 0 ] INFO  ratis.XceiverServerRatis (XceiverServerRatis.java:getRealPort(502)) - XceiverServerRatis eee5cc7d-4700-49e9-a538-fde0b838210a is started using port 33975 for RATIS_SERVER
2022-05-11 01:29:10,091 [EndpointStateMachine task thread for /0.0.0.0:46775 - 0 ] INFO  server.XceiverServerGrpc (XceiverServerGrpc.java:start(180)) - XceiverServerGrpc eee5cc7d-4700-49e9-a538-fde0b838210a is started using port 43291
2022-05-11 01:29:11,068 [Listener at 127.0.0.1/43241] INFO  ozone.MiniOzoneClusterImpl (MiniOzoneClusterImpl.java:lambda$waitForClusterToBeReady$0(221)) - Waiting for nodes to be ready. Got 0 of 3 DN Heartbeats.
2022-05-11 01:29:11,069 [Listener at 127.0.0.1/43241] INFO  ozone.MiniOzoneClusterImpl (MiniOzoneClusterImpl.java:lambda$waitForClusterToBeReady$0(224)) - Waiting for cluster to exit safe mode
2022-05-11 01:29:11,069 [Listener at 127.0.0.1/43241] INFO  ozone.MiniOzoneClusterImpl (MiniOzoneClusterImpl.java:lambda$waitForClusterToBeReady$0(226)) - SCM became leader
2022-05-11 01:29:11,273 [IPC Server handler 3 on default port 46775] INFO  net.NetworkTopologyImpl (NetworkTopologyImpl.java:add(112)) - Added a new node: /default-rack/705ac139-4337-45d7-ba9f-5c344296e65f
2022-05-11 01:29:11,276 [IPC Server handler 3 on default port 46775] INFO  node.SCMNodeManager (SCMNodeManager.java:register(393)) - Registered Data node : 705ac139-4337-45d7-ba9f-5c344296e65f{ip: 10.1.0.42, host: fv-az291-847.wgnan5asplgejimfprtllbpdch.jx.internal.cloudapp.net, ports: [REPLICATION=34973, RATIS=37439, RATIS_ADMIN=37439, RATIS_SERVER=37439, STANDALONE=41099], networkLocation: /default-rack, certSerialId: null, persistedOpState: null, persistedOpStateExpiryEpochSec: 0}
2022-05-11 01:29:11,281 [EventQueue-NewNodeForNewNodeHandler] INFO  pipeline.BackgroundPipelineCreator (BackgroundPipelineCreator.java:notifyEventTriggered(272)) - trigger a one-shot run on RatisPipelineUtilsThread.
2022-05-11 01:29:11,294 [RatisPipelineUtilsThread - 0] INFO  pipeline.RatisPipelineProvider (RatisPipelineProvider.java:lambda$create$0(195)) - Sending CreatePipelineCommand for pipeline:PipelineID=47a80de7-e11b-449c-a1d3-6eb0679847a7 to datanode:705ac139-4337-45d7-ba9f-5c344296e65f
2022-05-11 01:29:11,294 [EventQueue-NodeRegistrationContainerReportForContainerSafeModeRule] INFO  safemode.SCMSafeModeManager (SCMSafeModeManager.java:validateSafeModeExitRules(204)) - ContainerSafeModeRule rule is successfully validated
2022-05-11 01:29:11,294 [EventQueue-NodeRegistrationContainerReportForDataNodeSafeModeRule] INFO  safemode.SCMSafeModeManager (DataNodeSafeModeRule.java:process(71)) - SCM in safe mode. 1 DataNodes registered, 3 required.
2022-05-11 01:29:11,295 [EventQueue-PipelineReportForOneReplicaPipelineSafeModeRule] INFO  safemode.SCMSafeModeManager (SCMSafeModeManager.java:validateSafeModeExitRules(204)) - AtleastOneDatanodeReportedRule rule is successfully validated
2022-05-11 01:29:11,309 [RatisPipelineUtilsThread - 0] INFO  pipeline.PipelineStateManagerImpl (PipelineStateManagerImpl.java:addPipeline(101)) - Created pipeline Pipeline[ Id: 47a80de7-e11b-449c-a1d3-6eb0679847a7, Nodes: 705ac139-4337-45d7-ba9f-5c344296e65f{ip: 10.1.0.42, host: fv-az291-847.wgnan5asplgejimfprtllbpdch.jx.internal.cloudapp.net, ports: [REPLICATION=34973, RATIS=37439, RATIS_ADMIN=37439, RATIS_SERVER=37439, STANDALONE=41099], networkLocation: /default-rack, certSerialId: null, persistedOpState: IN_SERVICE, persistedOpStateExpiryEpochSec: 0}, ReplicationConfig: RATIS/ONE, State:ALLOCATED, leaderId:, CreationTimestamp2022-05-11T01:29:11.289Z[Etc/UTC]].
2022-05-11 01:29:11,693 [IPC Server handler 0 on default port 46775] INFO  net.NetworkTopologyImpl (NetworkTopologyImpl.java:add(112)) - Added a new node: /default-rack/7534a985-5663-44b5-b700-fcde65f49754
2022-05-11 01:29:11,694 [IPC Server handler 0 on default port 46775] INFO  node.SCMNodeManager (SCMNodeManager.java:register(393)) - Registered Data node : 7534a985-5663-44b5-b700-fcde65f49754{ip: 10.1.0.42, host: fv-az291-847.wgnan5asplgejimfprtllbpdch.jx.internal.cloudapp.net, ports: [REPLICATION=35267, RATIS=34977, RATIS_ADMIN=34977, RATIS_SERVER=34977, STANDALONE=38477], networkLocation: /default-rack, certSerialId: null, persistedOpState: null, persistedOpStateExpiryEpochSec: 0}
2022-05-11 01:29:11,694 [EventQueue-NewNodeForNewNodeHandler] INFO  pipeline.BackgroundPipelineCreator (BackgroundPipelineCreator.java:notifyEventTriggered(272)) - trigger a one-shot run on RatisPipelineUtilsThread.
2022-05-11 01:29:11,695 [EventQueue-NodeRegistrationContainerReportForDataNodeSafeModeRule] INFO  safemode.SCMSafeModeManager (DataNodeSafeModeRule.java:process(71)) - SCM in safe mode. 2 DataNodes registered, 3 required.
2022-05-11 01:29:11,697 [RatisPipelineUtilsThread - 0] INFO  pipeline.RatisPipelineProvider (RatisPipelineProvider.java:lambda$create$0(195)) - Sending CreatePipelineCommand for pipeline:PipelineID=baab5fc4-8ed7-4209-ae47-21430b2b3c56 to datanode:7534a985-5663-44b5-b700-fcde65f49754
2022-05-11 01:29:11,698 [RatisPipelineUtilsThread - 0] INFO  pipeline.PipelineStateManagerImpl (PipelineStateManagerImpl.java:addPipeline(101)) - Created pipeline Pipeline[ Id: baab5fc4-8ed7-4209-ae47-21430b2b3c56, Nodes: 7534a985-5663-44b5-b700-fcde65f49754{ip: 10.1.0.42, host: fv-az291-847.wgnan5asplgejimfprtllbpdch.jx.internal.cloudapp.net, ports: [REPLICATION=35267, RATIS=34977, RATIS_ADMIN=34977, RATIS_SERVER=34977, STANDALONE=38477], networkLocation: /default-rack, certSerialId: null, persistedOpState: IN_SERVICE, persistedOpStateExpiryEpochSec: 0}, ReplicationConfig: RATIS/ONE, State:ALLOCATED, leaderId:, CreationTimestamp2022-05-11T01:29:11.697Z[Etc/UTC]].
2022-05-11 01:29:12,069 [Listener at 127.0.0.1/43241] INFO  ozone.MiniOzoneClusterImpl (MiniOzoneClusterImpl.java:lambda$waitForClusterToBeReady$0(221)) - Waiting for nodes to be ready. Got 2 of 3 DN Heartbeats.
2022-05-11 01:29:12,070 [Listener at 127.0.0.1/43241] INFO  ozone.MiniOzoneClusterImpl (MiniOzoneClusterImpl.java:lambda$waitForClusterToBeReady$0(224)) - Waiting for cluster to exit safe mode
2022-05-11 01:29:12,070 [Listener at 127.0.0.1/43241] INFO  ozone.MiniOzoneClusterImpl (MiniOzoneClusterImpl.java:lambda$waitForClusterToBeReady$0(226)) - SCM became leader
2022-05-11 01:29:12,078 [IPC Server handler 1 on default port 46775] INFO  net.NetworkTopologyImpl (NetworkTopologyImpl.java:add(112)) - Added a new node: /default-rack/eee5cc7d-4700-49e9-a538-fde0b838210a
2022-05-11 01:29:12,079 [IPC Server handler 1 on default port 46775] INFO  node.SCMNodeManager (SCMNodeManager.java:register(393)) - Registered Data node : eee5cc7d-4700-49e9-a538-fde0b838210a{ip: 10.1.0.42, host: fv-az291-847.wgnan5asplgejimfprtllbpdch.jx.internal.cloudapp.net, ports: [REPLICATION=43993, RATIS=33975, RATIS_ADMIN=33975, RATIS_SERVER=33975, STANDALONE=43291], networkLocation: /default-rack, certSerialId: null, persistedOpState: null, persistedOpStateExpiryEpochSec: 0}
2022-05-11 01:29:12,079 [EventQueue-NewNodeForNewNodeHandler] INFO  pipeline.BackgroundPipelineCreator (BackgroundPipelineCreator.java:notifyEventTriggered(272)) - trigger a one-shot run on RatisPipelineUtilsThread.
2022-05-11 01:29:12,079 [EventQueue-NodeRegistrationContainerReportForDataNodeSafeModeRule] INFO  safemode.SCMSafeModeManager (DataNodeSafeModeRule.java:process(71)) - SCM in safe mode. 3 DataNodes registered, 3 required.
2022-05-11 01:29:12,080 [EventQueue-NodeRegistrationContainerReportForDataNodeSafeModeRule] INFO  safemode.SCMSafeModeManager (SCMSafeModeManager.java:validateSafeModeExitRules(204)) - DataNodeSafeModeRule rule is successfully validated
2022-05-11 01:29:12,080 [EventQueue-NodeRegistrationContainerReportForDataNodeSafeModeRule] INFO  safemode.SCMSafeModeManager (SCMSafeModeManager.java:completePreCheck(233)) - All SCM safe mode pre check rules have passed
2022-05-11 01:29:12,080 [EventQueue-NodeRegistrationContainerReportForDataNodeSafeModeRule] WARN  events.EventQueue (EventQueue.java:fireEvent(194)) - No event handler registered for event TypedEvent{payloadType=SafeModeStatus, name='Safe mode status'}
2022-05-11 01:29:12,080 [EventQueue-NodeRegistrationContainerReportForDataNodeSafeModeRule] INFO  ha.SCMContext (SCMContext.java:updateSafeModeStatus(211)) - Update SafeModeStatus from SafeModeStatus{safeModeStatus=true, preCheckPassed=false} to SafeModeStatus{safeModeStatus=true, preCheckPassed=true}.
2022-05-11 01:29:12,080 [EventQueue-NodeRegistrationContainerReportForDataNodeSafeModeRule] INFO  pipeline.BackgroundPipelineCreator (BackgroundPipelineCreator.java:notifyEventTriggered(272)) - trigger a one-shot run on RatisPipelineUtilsThread.
2022-05-11 01:29:12,081 [RatisPipelineUtilsThread - 0] INFO  pipeline.RatisPipelineProvider (RatisPipelineProvider.java:lambda$create$0(195)) - Sending CreatePipelineCommand for pipeline:PipelineID=455f2ac9-a1b3-4de8-9b96-6dc9b324f7a5 to datanode:eee5cc7d-4700-49e9-a538-fde0b838210a
2022-05-11 01:29:12,082 [RatisPipelineUtilsThread - 0] INFO  pipeline.PipelineStateManagerImpl (PipelineStateManagerImpl.java:addPipeline(101)) - Created pipeline Pipeline[ Id: 455f2ac9-a1b3-4de8-9b96-6dc9b324f7a5, Nodes: eee5cc7d-4700-49e9-a538-fde0b838210a{ip: 10.1.0.42, host: fv-az291-847.wgnan5asplgejimfprtllbpdch.jx.internal.cloudapp.net, ports: [REPLICATION=43993, RATIS=33975, RATIS_ADMIN=33975, RATIS_SERVER=33975, STANDALONE=43291], networkLocation: /default-rack, certSerialId: null, persistedOpState: IN_SERVICE, persistedOpStateExpiryEpochSec: 0}, ReplicationConfig: RATIS/ONE, State:ALLOCATED, leaderId:, CreationTimestamp2022-05-11T01:29:12.081Z[Etc/UTC]].
2022-05-11 01:29:12,086 [RatisPipelineUtilsThread - 0] INFO  pipeline.RatisPipelineProvider (RatisPipelineProvider.java:lambda$create$0(195)) - Sending CreatePipelineCommand for pipeline:PipelineID=72123b01-d7b0-41b2-bff4-d8c08aea218b to datanode:eee5cc7d-4700-49e9-a538-fde0b838210a
2022-05-11 01:29:12,086 [RatisPipelineUtilsThread - 0] INFO  pipeline.RatisPipelineProvider (RatisPipelineProvider.java:lambda$create$0(195)) - Sending CreatePipelineCommand for pipeline:PipelineID=72123b01-d7b0-41b2-bff4-d8c08aea218b to datanode:7534a985-5663-44b5-b700-fcde65f49754
2022-05-11 01:29:12,086 [RatisPipelineUtilsThread - 0] INFO  pipeline.RatisPipelineProvider (RatisPipelineProvider.java:lambda$create$0(195)) - Sending CreatePipelineCommand for pipeline:PipelineID=72123b01-d7b0-41b2-bff4-d8c08aea218b to datanode:705ac139-4337-45d7-ba9f-5c344296e65f
2022-05-11 01:29:12,087 [RatisPipelineUtilsThread - 0] INFO  pipeline.PipelineStateManagerImpl (PipelineStateManagerImpl.java:addPipeline(101)) - Created pipeline Pipeline[ Id: 72123b01-d7b0-41b2-bff4-d8c08aea218b, Nodes: eee5cc7d-4700-49e9-a538-fde0b838210a{ip: 10.1.0.42, host: fv-az291-847.wgnan5asplgejimfprtllbpdch.jx.internal.cloudapp.net, ports: [REPLICATION=43993, RATIS=33975, RATIS_ADMIN=33975, RATIS_SERVER=33975, STANDALONE=43291], networkLocation: /default-rack, certSerialId: null, persistedOpState: IN_SERVICE, persistedOpStateExpiryEpochSec: 0}7534a985-5663-44b5-b700-fcde65f49754{ip: 10.1.0.42, host: fv-az291-847.wgnan5asplgejimfprtllbpdch.jx.internal.cloudapp.net, ports: [REPLICATION=35267, RATIS=34977, RATIS_ADMIN=34977, RATIS_SERVER=34977, STANDALONE=38477], networkLocation: /default-rack, certSerialId: null, persistedOpState: IN_SERVICE, persistedOpStateExpiryEpochSec: 0}705ac139-4337-45d7-ba9f-5c344296e65f{ip: 10.1.0.42, host: fv-az291-847.wgnan5asplgejimfprtllbpdch.jx.internal.cloudapp.net, ports: [REPLICATION=34973, RATIS=37439, RATIS_ADMIN=37439, RATIS_SERVER=37439, STANDALONE=41099], networkLocation: /default-rack, certSerialId: null, persistedOpState: IN_SERVICE, persistedOpStateExpiryEpochSec: 0}, ReplicationConfig: RATIS/THREE, State:ALLOCATED, leaderId:, CreationTimestamp2022-05-11T01:29:12.086Z[Etc/UTC]].
2022-05-11 01:29:12,089 [RatisPipelineUtilsThread - 0] INFO  pipeline.RatisPipelineProvider (RatisPipelineProvider.java:lambda$create$0(195)) - Sending CreatePipelineCommand for pipeline:PipelineID=e6233ef8-8c88-4cd3-85d2-bb2467d81c1b to datanode:eee5cc7d-4700-49e9-a538-fde0b838210a
2022-05-11 01:29:12,089 [RatisPipelineUtilsThread - 0] INFO  pipeline.RatisPipelineProvider (RatisPipelineProvider.java:lambda$create$0(195)) - Sending CreatePipelineCommand for pipeline:PipelineID=e6233ef8-8c88-4cd3-85d2-bb2467d81c1b to datanode:705ac139-4337-45d7-ba9f-5c344296e65f
2022-05-11 01:29:12,089 [RatisPipelineUtilsThread - 0] INFO  pipeline.RatisPipelineProvider (RatisPipelineProvider.java:lambda$create$0(195)) - Sending CreatePipelineCommand for pipeline:PipelineID=e6233ef8-8c88-4cd3-85d2-bb2467d81c1b to datanode:7534a985-5663-44b5-b700-fcde65f49754
2022-05-11 01:29:12,090 [RatisPipelineUtilsThread - 0] INFO  pipeline.PipelineStateManagerImpl (PipelineStateManagerImpl.java:addPipeline(101)) - Created pipeline Pipeline[ Id: e6233ef8-8c88-4cd3-85d2-bb2467d81c1b, Nodes: eee5cc7d-4700-49e9-a538-fde0b838210a{ip: 10.1.0.42, host: fv-az291-847.wgnan5asplgejimfprtllbpdch.jx.internal.cloudapp.net, ports: [REPLICATION=43993, RATIS=33975, RATIS_ADMIN=33975, RATIS_SERVER=33975, STANDALONE=43291], networkLocation: /default-rack, certSerialId: null, persistedOpState: IN_SERVICE, persistedOpStateExpiryEpochSec: 0}705ac139-4337-45d7-ba9f-5c344296e65f{ip: 10.1.0.42, host: fv-az291-847.wgnan5asplgejimfprtllbpdch.jx.internal.cloudapp.net, ports: [REPLICATION=34973, RATIS=37439, RATIS_ADMIN=37439, RATIS_SERVER=37439, STANDALONE=41099], networkLocation: /default-rack, certSerialId: null, persistedOpState: IN_SERVICE, persistedOpStateExpiryEpochSec: 0}7534a985-5663-44b5-b700-fcde65f49754{ip: 10.1.0.42, host: fv-az291-847.wgnan5asplgejimfprtllbpdch.jx.internal.cloudapp.net, ports: [REPLICATION=35267, RATIS=34977, RATIS_ADMIN=34977, RATIS_SERVER=34977, STANDALONE=38477], networkLocation: /default-rack, certSerialId: null, persistedOpState: IN_SERVICE, persistedOpStateExpiryEpochSec: 0}, ReplicationConfig: RATIS/THREE, State:ALLOCATED, leaderId:, CreationTimestamp2022-05-11T01:29:12.089Z[Etc/UTC]].
2022-05-11 01:29:12,090 [RatisPipelineUtilsThread - 0] INFO  pipeline.PipelineManagerImpl (PipelineManagerImpl.java:recordMetricsForPipeline(695)) - Pipeline: PipelineID=e6233ef8-8c88-4cd3-85d2-bb2467d81c1b contains same datanodes as previous pipelines: PipelineID=72123b01-d7b0-41b2-bff4-d8c08aea218b nodeIds: eee5cc7d-4700-49e9-a538-fde0b838210a, 705ac139-4337-45d7-ba9f-5c344296e65f, 7534a985-5663-44b5-b700-fcde65f49754
2022-05-11 01:29:13,070 [Listener at 127.0.0.1/43241] INFO  ozone.MiniOzoneClusterImpl (MiniOzoneClusterImpl.java:lambda$waitForClusterToBeReady$0(221)) - Nodes are ready. Got 3 of 3 DN Heartbeats.
2022-05-11 01:29:13,072 [Listener at 127.0.0.1/43241] INFO  ozone.MiniOzoneClusterImpl (MiniOzoneClusterImpl.java:lambda$waitForClusterToBeReady$0(224)) - Waiting for cluster to exit safe mode
2022-05-11 01:29:13,072 [Listener at 127.0.0.1/43241] INFO  ozone.MiniOzoneClusterImpl (MiniOzoneClusterImpl.java:lambda$waitForClusterToBeReady$0(226)) - SCM became leader
2022-05-11 01:29:14,072 [Listener at 127.0.0.1/43241] INFO  ozone.MiniOzoneClusterImpl (MiniOzoneClusterImpl.java:lambda$waitForClusterToBeReady$0(221)) - Nodes are ready. Got 3 of 3 DN Heartbeats.
2022-05-11 01:29:14,073 [Listener at 127.0.0.1/43241] INFO  ozone.MiniOzoneClusterImpl (MiniOzoneClusterImpl.java:lambda$waitForClusterToBeReady$0(224)) - Waiting for cluster to exit safe mode
2022-05-11 01:29:14,073 [Listener at 127.0.0.1/43241] INFO  ozone.MiniOzoneClusterImpl (MiniOzoneClusterImpl.java:lambda$waitForClusterToBeReady$0(226)) - SCM became leader
2022-05-11 01:29:14,249 [Command processor thread] INFO  server.RaftServer (RaftServerProxy.java:addNew(95)) - 705ac139-4337-45d7-ba9f-5c344296e65f: addNew group-6EB0679847A7:[705ac139-4337-45d7-ba9f-5c344296e65f|rpc:10.1.0.42:37439|priority:1] returns group-6EB0679847A7:java.util.concurrent.CompletableFuture@2cd85916[Not completed]
2022-05-11 01:29:14,261 [pool-112-thread-1] INFO  server.RaftServer$Division (RaftServerImpl.java:<init>(184)) - 705ac139-4337-45d7-ba9f-5c344296e65f: new RaftServerImpl for group-6EB0679847A7:[705ac139-4337-45d7-ba9f-5c344296e65f|rpc:10.1.0.42:37439|priority:1] with ContainerStateMachine:uninitialized
2022-05-11 01:29:14,264 [pool-112-thread-1] INFO  server.RaftServerConfigKeys (ConfUtils.java:logGet(44)) - raft.server.rpc.timeout.min = 5s (custom)
2022-05-11 01:29:14,267 [pool-112-thread-1] INFO  server.RaftServerConfigKeys (ConfUtils.java:logGet(44)) - raft.server.rpc.timeout.max = 5200ms (custom)
2022-05-11 01:29:14,267 [pool-112-thread-1] INFO  server.RaftServerConfigKeys (ConfUtils.java:logGet(44)) - raft.server.rpc.sleep.time = 25ms (default)
2022-05-11 01:29:14,267 [pool-112-thread-1] INFO  server.RaftServerConfigKeys (ConfUtils.java:logGet(44)) - raft.server.rpc.slowness.timeout = 300s (custom)
2022-05-11 01:29:14,267 [pool-112-thread-1] INFO  server.RaftServerConfigKeys (ConfUtils.java:logGet(44)) - raft.server.leaderelection.leader.step-down.wait-time = 10s (default)
2022-05-11 01:29:14,267 [pool-112-thread-1] INFO  server.RaftServerConfigKeys (ConfUtils.java:logGet(44)) - raft.server.sleep.deviation.threshold = 300ms (default)
2022-05-11 01:29:14,267 [pool-112-thread-1] INFO  server.RaftServerConfigKeys (ConfUtils.java:logGet(44)) - raft.server.log.appender.install.snapshot.enabled = false (custom)
2022-05-11 01:29:14,267 [pool-112-thread-1] INFO  server.RaftServer$Division (ServerState.java:<init>(105)) - 705ac139-4337-45d7-ba9f-5c344296e65f@group-6EB0679847A7: ConfigurationManager, init=-1: [705ac139-4337-45d7-ba9f-5c344296e65f|rpc:10.1.0.42:37439|priority:1], old=null, confs=<EMPTY_MAP>
2022-05-11 01:29:14,268 [pool-112-thread-1] INFO  server.RaftServerConfigKeys (ConfUtils.java:logGet(44)) - raft.server.storage.dir = [/home/runner/work/ozone/ozone/hadoop-ozone/integration-test/target/test-dir/MiniOzoneClusterImpl-ae28b10a-1883-433e-acb0-7438b5479a4c/datanode-0/data/ratis] (custom)
2022-05-11 01:29:14,268 [pool-112-thread-1] INFO  server.RaftServerConfigKeys (ConfUtils.java:logGet(44)) - raft.server.log.corruption.policy = EXCEPTION (default)
2022-05-11 01:29:14,268 [pool-112-thread-1] INFO  server.RaftServerConfigKeys (ConfUtils.java:logGet(44)) - raft.server.storage.free-space.min = 0MB (=0) (default)
2022-05-11 01:29:14,268 [pool-112-thread-1] INFO  storage.RaftStorageDirectory (RaftStorageDirectoryImpl.java:analyzeStorage(135)) - The storage directory /home/runner/work/ozone/ozone/hadoop-ozone/integration-test/target/test-dir/MiniOzoneClusterImpl-ae28b10a-1883-433e-acb0-7438b5479a4c/datanode-0/data/ratis/47a80de7-e11b-449c-a1d3-6eb0679847a7 does not exist. Creating ...
2022-05-11 01:29:14,270 [pool-112-thread-1] INFO  storage.RaftStorageDirectory (RaftStorageDirectoryImpl.java:tryLock(230)) - Lock on /home/runner/work/ozone/ozone/hadoop-ozone/integration-test/target/test-dir/MiniOzoneClusterImpl-ae28b10a-1883-433e-acb0-7438b5479a4c/datanode-0/data/ratis/47a80de7-e11b-449c-a1d3-6eb0679847a7/in_use.lock acquired by nodename 4883@fv-az291-847
2022-05-11 01:29:14,272 [pool-112-thread-1] INFO  storage.RaftStorage (RaftStorageImpl.java:format(89)) - Storage directory /home/runner/work/ozone/ozone/hadoop-ozone/integration-test/target/test-dir/MiniOzoneClusterImpl-ae28b10a-1883-433e-acb0-7438b5479a4c/datanode-0/data/ratis/47a80de7-e11b-449c-a1d3-6eb0679847a7 has been successfully formatted.
2022-05-11 01:29:14,277 [pool-112-thread-1] INFO  ratis.ContainerStateMachine (ContainerStateMachine.java:loadSnapshot(236)) - group-6EB0679847A7: The snapshot info is null. Setting the last applied indexto:(t:0, i:~)
2022-05-11 01:29:14,277 [pool-112-thread-1] INFO  server.RaftServerConfigKeys (ConfUtils.java:logGet(44)) - raft.server.notification.no-leader.timeout = 300s (custom)
2022-05-11 01:29:14,277 [pool-112-thread-1] INFO  server.RaftServerConfigKeys (ConfUtils.java:logGet(44)) - raft.server.log.use.memory = false (default)
2022-05-11 01:29:14,277 [pool-112-thread-1] INFO  server.RaftServerConfigKeys (ConfUtils.java:logGet(44)) - raft.server.log.purge.gap = 1000000 (custom)
2022-05-11 01:29:14,277 [pool-112-thread-1] INFO  server.RaftServerConfigKeys (ConfUtils.java:logGet(44)) - raft.server.log.appender.buffer.byte-limit = 33554432 (custom)
2022-05-11 01:29:14,278 [pool-112-thread-1] INFO  server.RaftServerConfigKeys (ConfUtils.java:logGet(44)) - raft.server.log.segment.size.max = 1048576 (custom)
2022-05-11 01:29:14,279 [pool-112-thread-1] INFO  server.RaftServerConfigKeys (ConfUtils.java:logGet(44)) - raft.server.log.segment.cache.num.max = 2 (custom)
2022-05-11 01:29:14,279 [pool-112-thread-1] INFO  server.RaftServerConfigKeys (ConfUtils.java:logGet(44)) - raft.server.log.segment.cache.size.max = 200MB (=209715200) (default)
2022-05-11 01:29:14,279 [pool-112-thread-1] INFO  segmented.SegmentedRaftLogWorker (SegmentedRaftLogWorker.java:<init>(182)) - new 705ac139-4337-45d7-ba9f-5c344296e65f@group-6EB0679847A7-SegmentedRaftLogWorker for RaftStorageImpl:Storage Directory /home/runner/work/ozone/ozone/hadoop-ozone/integration-test/target/test-dir/MiniOzoneClusterImpl-ae28b10a-1883-433e-acb0-7438b5479a4c/datanode-0/data/ratis/47a80de7-e11b-449c-a1d3-6eb0679847a7
2022-05-11 01:29:14,279 [pool-112-thread-1] INFO  server.RaftServerConfigKeys (ConfUtils.java:logGet(44)) - raft.server.log.queue.byte-limit = 4294967296 (custom)
2022-05-11 01:29:14,279 [pool-112-thread-1] INFO  server.RaftServerConfigKeys (ConfUtils.java:logGet(44)) - raft.server.log.queue.element-limit = 1024 (custom)
2022-05-11 01:29:14,279 [pool-112-thread-1] INFO  server.RaftServerConfigKeys (ConfUtils.java:logGet(44)) - raft.server.log.segment.size.max = 1048576 (custom)
2022-05-11 01:29:14,279 [pool-112-thread-1] INFO  server.RaftServerConfigKeys (ConfUtils.java:logGet(44)) - raft.server.log.preallocated.size = 16384 (custom)
2022-05-11 01:29:14,279 [pool-112-thread-1] INFO  server.RaftServerConfigKeys (ConfUtils.java:logGet(44)) - raft.server.log.force.sync.num = 128 (default)
2022-05-11 01:29:14,280 [pool-112-thread-1] INFO  server.RaftServerConfigKeys (ConfUtils.java:logGet(44)) - raft.server.log.statemachine.data.sync = true (default)
2022-05-11 01:29:14,280 [pool-112-thread-1] INFO  server.RaftServerConfigKeys (ConfUtils.java:logGet(44)) - raft.server.log.statemachine.data.sync.timeout = 10s (default)
2022-05-11 01:29:14,280 [pool-112-thread-1] INFO  server.RaftServerConfigKeys (ConfUtils.java:logGet(44)) - raft.server.log.statemachine.data.sync.timeout.retry = -1 (default)
2022-05-11 01:29:14,281 [pool-112-thread-1] INFO  server.RaftServerConfigKeys (ConfUtils.java:logGet(44)) - raft.server.log.write.buffer.size = 1048576 (custom)
2022-05-11 01:29:14,282 [pool-112-thread-1] INFO  server.RaftServerConfigKeys (ConfUtils.java:logGet(44)) - raft.server.log.statemachine.data.caching.enabled = true (custom)
2022-05-11 01:29:14,282 [pool-112-thread-1] INFO  segmented.SegmentedRaftLogWorker (SegmentedRaftLogWorker.java:lambda$new$0(133)) - 705ac139-4337-45d7-ba9f-5c344296e65f@group-6EB0679847A7-SegmentedRaftLogWorker: flushIndex: setUnconditionally 0 -> -1
2022-05-11 01:29:14,282 [pool-112-thread-1] INFO  segmented.SegmentedRaftLogWorker (SegmentedRaftLogWorker.java:lambda$new$0(133)) - 705ac139-4337-45d7-ba9f-5c344296e65f@group-6EB0679847A7-SegmentedRaftLogWorker: safeCacheEvictIndex: setUnconditionally 0 -> -1
2022-05-11 01:29:14,295 [pool-112-thread-1] INFO  server.RaftServerConfigKeys (ConfUtils.java:logGet(44)) - raft.server.snapshot.auto.trigger.enabled = true (custom)
2022-05-11 01:29:14,296 [pool-112-thread-1] INFO  server.RaftServerConfigKeys (ConfUtils.java:logGet(44)) - raft.server.snapshot.auto.trigger.threshold = 10000 (custom)
2022-05-11 01:29:14,296 [pool-112-thread-1] INFO  server.RaftServerConfigKeys (ConfUtils.java:logGet(44)) - raft.server.snapshot.retention.file.num = 5 (custom)
2022-05-11 01:29:14,296 [pool-112-thread-1] INFO  server.RaftServerConfigKeys (ConfUtils.java:logGet(44)) - raft.server.log.purge.upto.snapshot.index = false (default)
2022-05-11 01:29:14,296 [pool-112-thread-1] INFO  server.RaftServerConfigKeys (ConfUtils.java:logGet(44)) - raft.server.retrycache.expirytime = 600000ms (custom)
2022-05-11 01:29:14,296 [pool-112-thread-1] INFO  server.RaftServerConfigKeys (ConfUtils.java:logGet(44)) - raft.server.retrycache.statistics.expirytime = 100μs (default)
2022-05-11 01:29:14,298 [EventQueue-PipelineReportForPipelineReportHandler] INFO  pipeline.PipelineManagerImpl (PipelineManagerImpl.java:openPipeline(336)) - Pipeline Pipeline[ Id: 47a80de7-e11b-449c-a1d3-6eb0679847a7, Nodes: 705ac139-4337-45d7-ba9f-5c344296e65f{ip: 10.1.0.42, host: fv-az291-847.wgnan5asplgejimfprtllbpdch.jx.internal.cloudapp.net, ports: [REPLICATION=34973, RATIS=37439, RATIS_ADMIN=37439, RATIS_SERVER=37439, STANDALONE=41099], networkLocation: /default-rack, certSerialId: null, persistedOpState: IN_SERVICE, persistedOpStateExpiryEpochSec: 0}, ReplicationConfig: RATIS/ONE, State:ALLOCATED, leaderId:705ac139-4337-45d7-ba9f-5c344296e65f, CreationTimestamp2022-05-11T01:29:11.289Z[Etc/UTC]] moved to OPEN state
2022-05-11 01:29:14,298 [pool-112-thread-1] INFO  server.RaftServer$Division (RaftServerImpl.java:start(301)) - 705ac139-4337-45d7-ba9f-5c344296e65f@group-6EB0679847A7: start as a follower, conf=-1: [705ac139-4337-45d7-ba9f-5c344296e65f|rpc:10.1.0.42:37439|priority:1], old=null
2022-05-11 01:29:14,298 [pool-112-thread-1] INFO  server.RaftServer$Division (RaftServerImpl.java:setRole(290)) - 705ac139-4337-45d7-ba9f-5c344296e65f@group-6EB0679847A7: changes role from      null to FOLLOWER at term 0 for startAsFollower
2022-05-11 01:29:14,298 [pool-112-thread-1] INFO  impl.RoleInfo (RoleInfo.java:updateAndGet(130)) - 705ac139-4337-45d7-ba9f-5c344296e65f: start 705ac139-4337-45d7-ba9f-5c344296e65f@group-6EB0679847A7-FollowerState
2022-05-11 01:29:14,299 [pool-112-thread-1] INFO  util.JmxRegister (JmxRegister.java:tryRegister(44)) - Successfully registered JMX Bean with object name Ratis:service=RaftServer,group=group-6EB0679847A7,id=705ac139-4337-45d7-ba9f-5c344296e65f
2022-05-11 01:29:14,303 [Command processor thread] INFO  ratis.XceiverServerRatis (XceiverServerRatis.java:addGroup(765)) - Created group PipelineID=47a80de7-e11b-449c-a1d3-6eb0679847a7
2022-05-11 01:29:14,308 [Command processor thread] INFO  commandhandler.CreatePipelineCommandHandler (CreatePipelineCommandHandler.java:handle(113)) - Created Pipeline RATIS ONE PipelineID=47a80de7-e11b-449c-a1d3-6eb0679847a7.
2022-05-11 01:29:14,309 [Command processor thread] INFO  server.RaftServer (RaftServerProxy.java:addNew(95)) - 705ac139-4337-45d7-ba9f-5c344296e65f: addNew group-D8C08AEA218B:[705ac139-4337-45d7-ba9f-5c344296e65f|rpc:10.1.0.42:37439|priority:1, eee5cc7d-4700-49e9-a538-fde0b838210a|rpc:10.1.0.42:33975|priority:0, 7534a985-5663-44b5-b700-fcde65f49754|rpc:10.1.0.42:34977|priority:0] returns group-D8C08AEA218B:java.util.concurrent.CompletableFuture@61189035[Not completed]
2022-05-11 01:29:14,311 [pool-112-thread-1] INFO  server.RaftServer$Division (RaftServerImpl.java:<init>(184)) - 705ac139-4337-45d7-ba9f-5c344296e65f: new RaftServerImpl for group-D8C08AEA218B:[705ac139-4337-45d7-ba9f-5c344296e65f|rpc:10.1.0.42:37439|priority:1, eee5cc7d-4700-49e9-a538-fde0b838210a|rpc:10.1.0.42:33975|priority:0, 7534a985-5663-44b5-b700-fcde65f49754|rpc:10.1.0.42:34977|priority:0] with ContainerStateMachine:uninitialized
2022-05-11 01:29:14,312 [pool-112-thread-1] INFO  server.RaftServerConfigKeys (ConfUtils.java:logGet(44)) - raft.server.rpc.timeout.min = 5s (custom)
2022-05-11 01:29:14,312 [pool-112-thread-1] INFO  server.RaftServerConfigKeys (ConfUtils.java:logGet(44)) - raft.server.rpc.timeout.max = 5200ms (custom)
2022-05-11 01:29:14,312 [pool-112-thread-1] INFO  server.RaftServerConfigKeys (ConfUtils.java:logGet(44)) - raft.server.rpc.sleep.time = 25ms (default)
2022-05-11 01:29:14,312 [pool-112-thread-1] INFO  server.RaftServerConfigKeys (ConfUtils.java:logGet(44)) - raft.server.rpc.slowness.timeout = 300s (custom)
2022-05-11 01:29:14,312 [pool-112-thread-1] INFO  server.RaftServerConfigKeys (ConfUtils.java:logGet(44)) - raft.server.leaderelection.leader.step-down.wait-time = 10s (default)
2022-05-11 01:29:14,312 [pool-112-thread-1] INFO  server.RaftServerConfigKeys (ConfUtils.java:logGet(44)) - raft.server.sleep.deviation.threshold = 300ms (default)
2022-05-11 01:29:14,312 [pool-112-thread-1] INFO  server.RaftServerConfigKeys (ConfUtils.java:logGet(44)) - raft.server.log.appender.install.snapshot.enabled = false (custom)
2022-05-11 01:29:14,312 [pool-112-thread-1] INFO  server.RaftServer$Division (ServerState.java:<init>(105)) - 705ac139-4337-45d7-ba9f-5c344296e65f@group-D8C08AEA218B: ConfigurationManager, init=-1: [705ac139-4337-45d7-ba9f-5c344296e65f|rpc:10.1.0.42:37439|priority:1, eee5cc7d-4700-49e9-a538-fde0b838210a|rpc:10.1.0.42:33975|priority:0, 7534a985-5663-44b5-b700-fcde65f49754|rpc:10.1.0.42:34977|priority:0], old=null, confs=<EMPTY_MAP>
2022-05-11 01:29:14,312 [pool-112-thread-1] INFO  server.RaftServerConfigKeys (ConfUtils.java:logGet(44)) - raft.server.storage.dir = [/home/runner/work/ozone/ozone/hadoop-ozone/integration-test/target/test-dir/MiniOzoneClusterImpl-ae28b10a-1883-433e-acb0-7438b5479a4c/datanode-0/data/ratis] (custom)
2022-05-11 01:29:14,313 [pool-112-thread-1] INFO  server.RaftServerConfigKeys (ConfUtils.java:logGet(44)) - raft.server.log.corruption.policy = EXCEPTION (default)
2022-05-11 01:29:14,313 [pool-112-thread-1] INFO  server.RaftServerConfigKeys (ConfUtils.java:logGet(44)) - raft.server.storage.free-space.min = 0MB (=0) (default)
2022-05-11 01:29:14,313 [pool-112-thread-1] INFO  storage.RaftStorageDirectory (RaftStorageDirectoryImpl.java:analyzeStorage(135)) - The storage directory /home/runner/work/ozone/ozone/hadoop-ozone/integration-test/target/test-dir/MiniOzoneClusterImpl-ae28b10a-1883-433e-acb0-7438b5479a4c/datanode-0/data/ratis/72123b01-d7b0-41b2-bff4-d8c08aea218b does not exist. Creating ...
2022-05-11 01:29:14,313 [EventQueue-OpenPipelineForHealthyPipelineSafeModeRule] INFO  safemode.SCMSafeModeManager (HealthyPipelineSafeModeRule.java:process(124)) - SCM in safe mode. Healthy pipelines reported count is 0, required healthy pipeline reported count is 1
2022-05-11 01:29:14,315 [pool-112-thread-1] INFO  storage.RaftStorageDirectory (RaftStorageDirectoryImpl.java:tryLock(230)) - Lock on /home/runner/work/ozone/ozone/hadoop-ozone/integration-test/target/test-dir/MiniOzoneClusterImpl-ae28b10a-1883-433e-acb0-7438b5479a4c/datanode-0/data/ratis/72123b01-d7b0-41b2-bff4-d8c08aea218b/in_use.lock acquired by nodename 4883@fv-az291-847
2022-05-11 01:29:14,316 [pool-112-thread-1] INFO  storage.RaftStorage (RaftStorageImpl.java:format(89)) - Storage directory /home/runner/work/ozone/ozone/hadoop-ozone/integration-test/target/test-dir/MiniOzoneClusterImpl-ae28b10a-1883-433e-acb0-7438b5479a4c/datanode-0/data/ratis/72123b01-d7b0-41b2-bff4-d8c08aea218b has been successfully formatted.
2022-05-11 01:29:14,317 [pool-112-thread-1] INFO  ratis.ContainerStateMachine (ContainerStateMachine.java:loadSnapshot(236)) - group-D8C08AEA218B: The snapshot info is null. Setting the last applied indexto:(t:0, i:~)
2022-05-11 01:29:14,317 [pool-112-thread-1] INFO  server.RaftServerConfigKeys (ConfUtils.java:logGet(44)) - raft.server.notification.no-leader.timeout = 300s (custom)
2022-05-11 01:29:14,317 [pool-112-thread-1] INFO  server.RaftServerConfigKeys (ConfUtils.java:logGet(44)) - raft.server.log.use.memory = false (default)
2022-05-11 01:29:14,317 [pool-112-thread-1] INFO  server.RaftServerConfigKeys (ConfUtils.java:logGet(44)) - raft.server.log.purge.gap = 1000000 (custom)
2022-05-11 01:29:14,317 [pool-112-thread-1] INFO  server.RaftServerConfigKeys (ConfUtils.java:logGet(44)) - raft.server.log.appender.buffer.byte-limit = 33554432 (custom)
2022-05-11 01:29:14,318 [pool-112-thread-1] INFO  server.RaftServerConfigKeys (ConfUtils.java:logGet(44)) - raft.server.log.segment.size.max = 1048576 (custom)
2022-05-11 01:29:14,320 [EventQueue-OpenPipelineForHealthyPipelineSafeModeRule] INFO  safemode.SCMSafeModeManager (HealthyPipelineSafeModeRule.java:process(124)) - SCM in safe mode. Healthy pipelines reported count is 0, required healthy pipeline reported count is 1
2022-05-11 01:29:14,323 [pool-112-thread-1] INFO  server.RaftServerConfigKeys (ConfUtils.java:logGet(44)) - raft.server.log.segment.cache.num.max = 2 (custom)
2022-05-11 01:29:14,323 [pool-112-thread-1] INFO  server.RaftServerConfigKeys (ConfUtils.java:logGet(44)) - raft.server.log.segment.cache.size.max = 200MB (=209715200) (default)
2022-05-11 01:29:14,323 [pool-112-thread-1] INFO  segmented.SegmentedRaftLogWorker (SegmentedRaftLogWorker.java:<init>(182)) - new 705ac139-4337-45d7-ba9f-5c344296e65f@group-D8C08AEA218B-SegmentedRaftLogWorker for RaftStorageImpl:Storage Directory /home/runner/work/ozone/ozone/hadoop-ozone/integration-test/target/test-dir/MiniOzoneClusterImpl-ae28b10a-1883-433e-acb0-7438b5479a4c/datanode-0/data/ratis/72123b01-d7b0-41b2-bff4-d8c08aea218b
2022-05-11 01:29:14,323 [pool-112-thread-1] INFO  server.RaftServerConfigKeys (ConfUtils.java:logGet(44)) - raft.server.log.queue.byte-limit = 4294967296 (custom)
2022-05-11 01:29:14,323 [pool-112-thread-1] INFO  server.RaftServerConfigKeys (ConfUtils.java:logGet(44)) - raft.server.log.queue.element-limit = 1024 (custom)
2022-05-11 01:29:14,323 [pool-112-thread-1] INFO  server.RaftServerConfigKeys (ConfUtils.java:logGet(44)) - raft.server.log.segment.size.max = 1048576 (custom)
2022-05-11 01:29:14,323 [pool-112-thread-1] INFO  server.RaftServerConfigKeys (ConfUtils.java:logGet(44)) - raft.server.log.preallocated.size = 16384 (custom)
2022-05-11 01:29:14,323 [pool-112-thread-1] INFO  server.RaftServerConfigKeys (ConfUtils.java:logGet(44)) - raft.server.log.force.sync.num = 128 (default)
2022-05-11 01:29:14,323 [pool-112-thread-1] INFO  server.RaftServerConfigKeys (ConfUtils.java:logGet(44)) - raft.server.log.statemachine.data.sync = true (default)
2022-05-11 01:29:14,323 [pool-112-thread-1] INFO  server.RaftServerConfigKeys (ConfUtils.java:logGet(44)) - raft.server.log.statemachine.data.sync.timeout = 10s (default)
2022-05-11 01:29:14,324 [pool-112-thread-1] INFO  server.RaftServerConfigKeys (ConfUtils.java:logGet(44)) - raft.server.log.statemachine.data.sync.timeout.retry = -1 (default)
2022-05-11 01:29:14,325 [pool-112-thread-1] INFO  server.RaftServerConfigKeys (ConfUtils.java:logGet(44)) - raft.server.log.write.buffer.size = 1048576 (custom)
2022-05-11 01:29:14,325 [pool-112-thread-1] INFO  server.RaftServerConfigKeys (ConfUtils.java:logGet(44)) - raft.server.log.statemachine.data.caching.enabled = true (custom)
2022-05-11 01:29:14,326 [pool-112-thread-1] INFO  segmented.SegmentedRaftLogWorker (SegmentedRaftLogWorker.java:lambda$new$0(133)) - 705ac139-4337-45d7-ba9f-5c344296e65f@group-D8C08AEA218B-SegmentedRaftLogWorker: flushIndex: setUnconditionally 0 -> -1
2022-05-11 01:29:14,326 [pool-112-thread-1] INFO  segmented.SegmentedRaftLogWorker (SegmentedRaftLogWorker.java:lambda$new$0(133)) - 705ac139-4337-45d7-ba9f-5c344296e65f@group-D8C08AEA218B-SegmentedRaftLogWorker: safeCacheEvictIndex: setUnconditionally 0 -> -1
2022-05-11 01:29:14,329 [pool-112-thread-1] INFO  server.RaftServerConfigKeys (ConfUtils.java:logGet(44)) - raft.server.snapshot.auto.trigger.enabled = true (custom)
2022-05-11 01:29:14,329 [pool-112-thread-1] INFO  server.RaftServerConfigKeys (ConfUtils.java:logGet(44)) - raft.server.snapshot.auto.trigger.threshold = 10000 (custom)
2022-05-11 01:29:14,329 [pool-112-thread-1] INFO  server.RaftServerConfigKeys (ConfUtils.java:logGet(44)) - raft.server.snapshot.retention.file.num = 5 (custom)
2022-05-11 01:29:14,329 [pool-112-thread-1] INFO  server.RaftServerConfigKeys (ConfUtils.java:logGet(44)) - raft.server.log.purge.upto.snapshot.index = false (default)
2022-05-11 01:29:14,329 [pool-112-thread-1] INFO  server.RaftServerConfigKeys (ConfUtils.java:logGet(44)) - raft.server.retrycache.expirytime = 600000ms (custom)
2022-05-11 01:29:14,329 [pool-112-thread-1] INFO  server.RaftServerConfigKeys (ConfUtils.java:logGet(44)) - raft.server.retrycache.statistics.expirytime = 100μs (default)
2022-05-11 01:29:14,335 [pool-112-thread-1] INFO  server.RaftServer$Division (RaftServerImpl.java:start(301)) - 705ac139-4337-45d7-ba9f-5c344296e65f@group-D8C08AEA218B: start as a follower, conf=-1: [705ac139-4337-45d7-ba9f-5c344296e65f|rpc:10.1.0.42:37439|priority:1, eee5cc7d-4700-49e9-a538-fde0b838210a|rpc:10.1.0.42:33975|priority:0, 7534a985-5663-44b5-b700-fcde65f49754|rpc:10.1.0.42:34977|priority:0], old=null
2022-05-11 01:29:14,335 [pool-112-thread-1] INFO  server.RaftServer$Division (RaftServerImpl.java:setRole(290)) - 705ac139-4337-45d7-ba9f-5c344296e65f@group-D8C08AEA218B: changes role from      null to FOLLOWER at term 0 for startAsFollower
2022-05-11 01:29:14,336 [pool-112-thread-1] INFO  impl.RoleInfo (RoleInfo.java:updateAndGet(130)) - 705ac139-4337-45d7-ba9f-5c344296e65f: start 705ac139-4337-45d7-ba9f-5c344296e65f@group-D8C08AEA218B-FollowerState
2022-05-11 01:29:14,339 [pool-112-thread-1] INFO  util.JmxRegister (JmxRegister.java:tryRegister(44)) - Successfully registered JMX Bean with object name Ratis:service=RaftServer,group=group-D8C08AEA218B,id=705ac139-4337-45d7-ba9f-5c344296e65f
2022-05-11 01:29:14,343 [Command processor thread] INFO  ratis.XceiverServerRatis (XceiverServerRatis.java:addGroup(765)) - Created group PipelineID=72123b01-d7b0-41b2-bff4-d8c08aea218b
2022-05-11 01:29:14,425 [grpc-default-executor-0] INFO  server.RaftServer (RaftServerProxy.java:addNew(95)) - eee5cc7d-4700-49e9-a538-fde0b838210a: addNew group-D8C08AEA218B:[705ac139-4337-45d7-ba9f-5c344296e65f|rpc:10.1.0.42:37439|dataStream:|priority:1, eee5cc7d-4700-49e9-a538-fde0b838210a|rpc:10.1.0.42:33975|dataStream:|priority:0, 7534a985-5663-44b5-b700-fcde65f49754|rpc:10.1.0.42:34977|dataStream:|priority:0] returns group-D8C08AEA218B:java.util.concurrent.CompletableFuture@163625a6[Not completed]
2022-05-11 01:29:14,436 [pool-154-thread-1] INFO  server.RaftServer$Division (RaftServerImpl.java:<init>(184)) - eee5cc7d-4700-49e9-a538-fde0b838210a: new RaftServerImpl for group-D8C08AEA218B:[705ac139-4337-45d7-ba9f-5c344296e65f|rpc:10.1.0.42:37439|dataStream:|priority:1, eee5cc7d-4700-49e9-a538-fde0b838210a|rpc:10.1.0.42:33975|dataStream:|priority:0, 7534a985-5663-44b5-b700-fcde65f49754|rpc:10.1.0.42:34977|dataStream:|priority:0] with ContainerStateMachine:uninitialized
2022-05-11 01:29:14,437 [pool-154-thread-1] INFO  server.RaftServerConfigKeys (ConfUtils.java:logGet(44)) - raft.server.rpc.timeout.min = 5s (custom)
2022-05-11 01:29:14,437 [pool-154-thread-1] INFO  server.RaftServerConfigKeys (ConfUtils.java:logGet(44)) - raft.server.rpc.timeout.max = 5200ms (custom)
2022-05-11 01:29:14,437 [pool-154-thread-1] INFO  server.RaftServerConfigKeys (ConfUtils.java:logGet(44)) - raft.server.rpc.sleep.time = 25ms (default)
2022-05-11 01:29:14,437 [pool-154-thread-1] INFO  server.RaftServerConfigKeys (ConfUtils.java:logGet(44)) - raft.server.rpc.slowness.timeout = 300s (custom)
2022-05-11 01:29:14,437 [pool-154-thread-1] INFO  server.RaftServerConfigKeys (ConfUtils.java:logGet(44)) - raft.server.leaderelection.leader.step-down.wait-time = 10s (default)
2022-05-11 01:29:14,437 [pool-154-thread-1] INFO  server.RaftServerConfigKeys (ConfUtils.java:logGet(44)) - raft.server.sleep.deviation.threshold = 300ms (default)
2022-05-11 01:29:14,437 [pool-154-thread-1] INFO  server.RaftServerConfigKeys (ConfUtils.java:logGet(44)) - raft.server.log.appender.install.snapshot.enabled = false (custom)
2022-05-11 01:29:14,438 [pool-154-thread-1] INFO  server.RaftServer$Division (ServerState.java:<init>(105)) - eee5cc7d-4700-49e9-a538-fde0b838210a@group-D8C08AEA218B: ConfigurationManager, init=-1: [705ac139-4337-45d7-ba9f-5c344296e65f|rpc:10.1.0.42:37439|dataStream:|priority:1, eee5cc7d-4700-49e9-a538-fde0b838210a|rpc:10.1.0.42:33975|dataStream:|priority:0, 7534a985-5663-44b5-b700-fcde65f49754|rpc:10.1.0.42:34977|dataStream:|priority:0], old=null, confs=<EMPTY_MAP>
2022-05-11 01:29:14,438 [pool-154-thread-1] INFO  server.RaftServerConfigKeys (ConfUtils.java:logGet(44)) - raft.server.storage.dir = [/home/runner/work/ozone/ozone/hadoop-ozone/integration-test/target/test-dir/MiniOzoneClusterImpl-ae28b10a-1883-433e-acb0-7438b5479a4c/datanode-2/data/ratis] (custom)
2022-05-11 01:29:14,438 [pool-154-thread-1] INFO  server.RaftServerConfigKeys (ConfUtils.java:logGet(44)) - raft.server.log.corruption.policy = EXCEPTION (default)
2022-05-11 01:29:14,438 [pool-154-thread-1] INFO  server.RaftServerConfigKeys (ConfUtils.java:logGet(44)) - raft.server.storage.free-space.min = 0MB (=0) (default)
2022-05-11 01:29:14,439 [pool-154-thread-1] INFO  storage.RaftStorageDirectory (RaftStorageDirectoryImpl.java:analyzeStorage(135)) - The storage directory /home/runner/work/ozone/ozone/hadoop-ozone/integration-test/target/test-dir/MiniOzoneClusterImpl-ae28b10a-1883-433e-acb0-7438b5479a4c/datanode-2/data/ratis/72123b01-d7b0-41b2-bff4-d8c08aea218b does not exist. Creating ...
2022-05-11 01:29:14,440 [pool-154-thread-1] INFO  storage.RaftStorageDirectory (RaftStorageDirectoryImpl.java:tryLock(230)) - Lock on /home/runner/work/ozone/ozone/hadoop-ozone/integration-test/target/test-dir/MiniOzoneClusterImpl-ae28b10a-1883-433e-acb0-7438b5479a4c/datanode-2/data/ratis/72123b01-d7b0-41b2-bff4-d8c08aea218b/in_use.lock acquired by nodename 4883@fv-az291-847
2022-05-11 01:29:14,442 [pool-154-thread-1] INFO  storage.RaftStorage (RaftStorageImpl.java:format(89)) - Storage directory /home/runner/work/ozone/ozone/hadoop-ozone/integration-test/target/test-dir/MiniOzoneClusterImpl-ae28b10a-1883-433e-acb0-7438b5479a4c/datanode-2/data/ratis/72123b01-d7b0-41b2-bff4-d8c08aea218b has been successfully formatted.
2022-05-11 01:29:14,448 [pool-154-thread-1] INFO  ratis.ContainerStateMachine (ContainerStateMachine.java:loadSnapshot(236)) - group-D8C08AEA218B: The snapshot info is null. Setting the last applied indexto:(t:0, i:~)
2022-05-11 01:29:14,452 [pool-154-thread-1] INFO  server.RaftServerConfigKeys (ConfUtils.java:logGet(44)) - raft.server.notification.no-leader.timeout = 300s (custom)
2022-05-11 01:29:14,452 [pool-154-thread-1] INFO  server.RaftServerConfigKeys (ConfUtils.java:logGet(44)) - raft.server.log.use.memory = false (default)
2022-05-11 01:29:14,452 [pool-154-thread-1] INFO  server.RaftServerConfigKeys (ConfUtils.java:logGet(44)) - raft.server.log.purge.gap = 1000000 (custom)
2022-05-11 01:29:14,452 [pool-154-thread-1] INFO  server.RaftServerConfigKeys (ConfUtils.java:logGet(44)) - raft.server.log.appender.buffer.byte-limit = 33554432 (custom)
2022-05-11 01:29:14,453 [pool-154-thread-1] INFO  server.RaftServerConfigKeys (ConfUtils.java:logGet(44)) - raft.server.log.segment.size.max = 1048576 (custom)
2022-05-11 01:29:14,454 [pool-154-thread-1] INFO  server.RaftServerConfigKeys (ConfUtils.java:logGet(44)) - raft.server.log.segment.cache.num.max = 2 (custom)
2022-05-11 01:29:14,454 [pool-154-thread-1] INFO  server.RaftServerConfigKeys (ConfUtils.java:logGet(44)) - raft.server.log.segment.cache.size.max = 200MB (=209715200) (default)
2022-05-11 01:29:14,454 [pool-154-thread-1] INFO  segmented.SegmentedRaftLogWorker (SegmentedRaftLogWorker.java:<init>(182)) - new eee5cc7d-4700-49e9-a538-fde0b838210a@group-D8C08AEA218B-SegmentedRaftLogWorker for RaftStorageImpl:Storage Directory /home/runner/work/ozone/ozone/hadoop-ozone/integration-test/target/test-dir/MiniOzoneClusterImpl-ae28b10a-1883-433e-acb0-7438b5479a4c/datanode-2/data/ratis/72123b01-d7b0-41b2-bff4-d8c08aea218b
2022-05-11 01:29:14,454 [pool-154-thread-1] INFO  server.RaftServerConfigKeys (ConfUtils.java:logGet(44)) - raft.server.log.queue.byte-limit = 4294967296 (custom)
2022-05-11 01:29:14,454 [pool-154-thread-1] INFO  server.RaftServerConfigKeys (ConfUtils.java:logGet(44)) - raft.server.log.queue.element-limit = 1024 (custom)
2022-05-11 01:29:14,454 [pool-154-thread-1] INFO  server.RaftServerConfigKeys (ConfUtils.java:logGet(44)) - raft.server.log.segment.size.max = 1048576 (custom)
2022-05-11 01:29:14,454 [pool-154-thread-1] INFO  server.RaftServerConfigKeys (ConfUtils.java:logGet(44)) - raft.server.log.preallocated.size = 16384 (custom)
2022-05-11 01:29:14,454 [pool-154-thread-1] INFO  server.RaftServerConfigKeys (ConfUtils.java:logGet(44)) - raft.server.log.force.sync.num = 128 (default)
2022-05-11 01:29:14,454 [pool-154-thread-1] INFO  server.RaftServerConfigKeys (ConfUtils.java:logGet(44)) - raft.server.log.statemachine.data.sync = true (default)
2022-05-11 01:29:14,454 [pool-154-thread-1] INFO  server.RaftServerConfigKeys (ConfUtils.java:logGet(44)) - raft.server.log.statemachine.data.sync.timeout = 10s (default)
2022-05-11 01:29:14,454 [pool-154-thread-1] INFO  server.RaftServerConfigKeys (ConfUtils.java:logGet(44)) - raft.server.log.statemachine.data.sync.timeout.retry = -1 (default)
2022-05-11 01:29:14,456 [pool-154-thread-1] INFO  server.RaftServerConfigKeys (ConfUtils.java:logGet(44)) - raft.server.log.write.buffer.size = 1048576 (custom)
2022-05-11 01:29:14,457 [pool-154-thread-1] INFO  server.RaftServerConfigKeys (ConfUtils.java:logGet(44)) - raft.server.log.statemachine.data.caching.enabled = true (custom)
2022-05-11 01:29:14,457 [pool-154-thread-1] INFO  segmented.SegmentedRaftLogWorker (SegmentedRaftLogWorker.java:lambda$new$0(133)) - eee5cc7d-4700-49e9-a538-fde0b838210a@group-D8C08AEA218B-SegmentedRaftLogWorker: flushIndex: setUnconditionally 0 -> -1
2022-05-11 01:29:14,457 [pool-154-thread-1] INFO  segmented.SegmentedRaftLogWorker (SegmentedRaftLogWorker.java:lambda$new$0(133)) - eee5cc7d-4700-49e9-a538-fde0b838210a@group-D8C08AEA218B-SegmentedRaftLogWorker: safeCacheEvictIndex: setUnconditionally 0 -> -1
2022-05-11 01:29:14,457 [pool-154-thread-1] INFO  server.RaftServerConfigKeys (ConfUtils.java:logGet(44)) - raft.server.snapshot.auto.trigger.enabled = true (custom)
2022-05-11 01:29:14,458 [pool-154-thread-1] INFO  server.RaftServerConfigKeys (ConfUtils.java:logGet(44)) - raft.server.snapshot.auto.trigger.threshold = 10000 (custom)
2022-05-11 01:29:14,458 [pool-154-thread-1] INFO  server.RaftServerConfigKeys (ConfUtils.java:logGet(44)) - raft.server.snapshot.retention.file.num = 5 (custom)
2022-05-11 01:29:14,458 [pool-154-thread-1] INFO  server.RaftServerConfigKeys (ConfUtils.java:logGet(44)) - raft.server.log.purge.upto.snapshot.index = false (default)
2022-05-11 01:29:14,458 [pool-154-thread-1] INFO  server.RaftServerConfigKeys (ConfUtils.java:logGet(44)) - raft.server.retrycache.expirytime = 600000ms (custom)
2022-05-11 01:29:14,458 [pool-154-thread-1] INFO  server.RaftServerConfigKeys (ConfUtils.java:logGet(44)) - raft.server.retrycache.statistics.expirytime = 100μs (default)
2022-05-11 01:29:14,459 [pool-154-thread-1] INFO  server.RaftServer$Division (RaftServerImpl.java:start(301)) - eee5cc7d-4700-49e9-a538-fde0b838210a@group-D8C08AEA218B: start as a follower, conf=-1: [705ac139-4337-45d7-ba9f-5c344296e65f|rpc:10.1.0.42:37439|dataStream:|priority:1, eee5cc7d-4700-49e9-a538-fde0b838210a|rpc:10.1.0.42:33975|dataStream:|priority:0, 7534a985-5663-44b5-b700-fcde65f49754|rpc:10.1.0.42:34977|dataStream:|priority:0], old=null
2022-05-11 01:29:14,460 [pool-154-thread-1] INFO  server.RaftServer$Division (RaftServerImpl.java:setRole(290)) - eee5cc7d-4700-49e9-a538-fde0b838210a@group-D8C08AEA218B: changes role from      null to FOLLOWER at term 0 for startAsFollower
2022-05-11 01:29:14,460 [pool-154-thread-1] INFO  impl.RoleInfo (RoleInfo.java:updateAndGet(130)) - eee5cc7d-4700-49e9-a538-fde0b838210a: start eee5cc7d-4700-49e9-a538-fde0b838210a@group-D8C08AEA218B-FollowerState
2022-05-11 01:29:14,460 [pool-154-thread-1] INFO  util.JmxRegister (JmxRegister.java:tryRegister(44)) - Successfully registered JMX Bean with object name Ratis:service=RaftServer,group=group-D8C08AEA218B,id=eee5cc7d-4700-49e9-a538-fde0b838210a
2022-05-11 01:29:14,527 [grpc-default-executor-0] INFO  server.RaftServer (RaftServerProxy.java:addNew(95)) - 7534a985-5663-44b5-b700-fcde65f49754: addNew group-D8C08AEA218B:[705ac139-4337-45d7-ba9f-5c344296e65f|rpc:10.1.0.42:37439|dataStream:|priority:1, eee5cc7d-4700-49e9-a538-fde0b838210a|rpc:10.1.0.42:33975|dataStream:|priority:0, 7534a985-5663-44b5-b700-fcde65f49754|rpc:10.1.0.42:34977|dataStream:|priority:0] returns group-D8C08AEA218B:java.util.concurrent.CompletableFuture@7352a956[Not completed]
2022-05-11 01:29:14,530 [pool-133-thread-1] INFO  server.RaftServer$Division (RaftServerImpl.java:<init>(184)) - 7534a985-5663-44b5-b700-fcde65f49754: new RaftServerImpl for group-D8C08AEA218B:[705ac139-4337-45d7-ba9f-5c344296e65f|rpc:10.1.0.42:37439|dataStream:|priority:1, eee5cc7d-4700-49e9-a538-fde0b838210a|rpc:10.1.0.42:33975|dataStream:|priority:0, 7534a985-5663-44b5-b700-fcde65f49754|rpc:10.1.0.42:34977|dataStream:|priority:0] with ContainerStateMachine:uninitialized
2022-05-11 01:29:14,531 [pool-133-thread-1] INFO  server.RaftServerConfigKeys (ConfUtils.java:logGet(44)) - raft.server.rpc.timeout.min = 5s (custom)
2022-05-11 01:29:14,531 [pool-133-thread-1] INFO  server.RaftServerConfigKeys (ConfUtils.java:logGet(44)) - raft.server.rpc.timeout.max = 5200ms (custom)
2022-05-11 01:29:14,533 [pool-133-thread-1] INFO  server.RaftServerConfigKeys (ConfUtils.java:logGet(44)) - raft.server.rpc.sleep.time = 25ms (default)
2022-05-11 01:29:14,533 [pool-133-thread-1] INFO  server.RaftServerConfigKeys (ConfUtils.java:logGet(44)) - raft.server.rpc.slowness.timeout = 300s (custom)
2022-05-11 01:29:14,534 [pool-133-thread-1] INFO  server.RaftServerConfigKeys (ConfUtils.java:logGet(44)) - raft.server.leaderelection.leader.step-down.wait-time = 10s (default)
2022-05-11 01:29:14,534 [pool-133-thread-1] INFO  server.RaftServerConfigKeys (ConfUtils.java:logGet(44)) - raft.server.sleep.deviation.threshold = 300ms (default)
2022-05-11 01:29:14,534 [pool-133-thread-1] INFO  server.RaftServerConfigKeys (ConfUtils.java:logGet(44)) - raft.server.log.appender.install.snapshot.enabled = false (custom)
2022-05-11 01:29:14,534 [pool-133-thread-1] INFO  server.RaftServer$Division (ServerState.java:<init>(105)) - 7534a985-5663-44b5-b700-fcde65f49754@group-D8C08AEA218B: ConfigurationManager, init=-1: [705ac139-4337-45d7-ba9f-5c344296e65f|rpc:10.1.0.42:37439|dataStream:|priority:1, eee5cc7d-4700-49e9-a538-fde0b838210a|rpc:10.1.0.42:33975|dataStream:|priority:0, 7534a985-5663-44b5-b700-fcde65f49754|rpc:10.1.0.42:34977|dataStream:|priority:0], old=null, confs=<EMPTY_MAP>
2022-05-11 01:29:14,534 [pool-133-thread-1] INFO  server.RaftServerConfigKeys (ConfUtils.java:logGet(44)) - raft.server.storage.dir = [/home/runner/work/ozone/ozone/hadoop-ozone/integration-test/target/test-dir/MiniOzoneClusterImpl-ae28b10a-1883-433e-acb0-7438b5479a4c/datanode-1/data/ratis] (custom)
2022-05-11 01:29:14,535 [pool-133-thread-1] INFO  server.RaftServerConfigKeys (ConfUtils.java:logGet(44)) - raft.server.log.corruption.policy = EXCEPTION (default)
2022-05-11 01:29:14,535 [pool-133-thread-1] INFO  server.RaftServerConfigKeys (ConfUtils.java:logGet(44)) - raft.server.storage.free-space.min = 0MB (=0) (default)
2022-05-11 01:29:14,535 [pool-133-thread-1] INFO  storage.RaftStorageDirectory (RaftStorageDirectoryImpl.java:analyzeStorage(135)) - The storage directory /home/runner/work/ozone/ozone/hadoop-ozone/integration-test/target/test-dir/MiniOzoneClusterImpl-ae28b10a-1883-433e-acb0-7438b5479a4c/datanode-1/data/ratis/72123b01-d7b0-41b2-bff4-d8c08aea218b does not exist. Creating ...
2022-05-11 01:29:14,537 [pool-133-thread-1] INFO  storage.RaftStorageDirectory (RaftStorageDirectoryImpl.java:tryLock(230)) - Lock on /home/runner/work/ozone/ozone/hadoop-ozone/integration-test/target/test-dir/MiniOzoneClusterImpl-ae28b10a-1883-433e-acb0-7438b5479a4c/datanode-1/data/ratis/72123b01-d7b0-41b2-bff4-d8c08aea218b/in_use.lock acquired by nodename 4883@fv-az291-847
2022-05-11 01:29:14,538 [pool-133-thread-1] INFO  storage.RaftStorage (RaftStorageImpl.java:format(89)) - Storage directory /home/runner/work/ozone/ozone/hadoop-ozone/integration-test/target/test-dir/MiniOzoneClusterImpl-ae28b10a-1883-433e-acb0-7438b5479a4c/datanode-1/data/ratis/72123b01-d7b0-41b2-bff4-d8c08aea218b has been successfully formatted.
2022-05-11 01:29:14,539 [pool-133-thread-1] INFO  ratis.ContainerStateMachine (ContainerStateMachine.java:loadSnapshot(236)) - group-D8C08AEA218B: The snapshot info is null. Setting the last applied indexto:(t:0, i:~)
2022-05-11 01:29:14,540 [pool-133-thread-1] INFO  server.RaftServerConfigKeys (ConfUtils.java:logGet(44)) - raft.server.notification.no-leader.timeout = 300s (custom)
2022-05-11 01:29:14,540 [pool-133-thread-1] INFO  server.RaftServerConfigKeys (ConfUtils.java:logGet(44)) - raft.server.log.use.memory = false (default)
2022-05-11 01:29:14,540 [pool-133-thread-1] INFO  server.RaftServerConfigKeys (ConfUtils.java:logGet(44)) - raft.server.log.purge.gap = 1000000 (custom)
2022-05-11 01:29:14,540 [pool-133-thread-1] INFO  server.RaftServerConfigKeys (ConfUtils.java:logGet(44)) - raft.server.log.appender.buffer.byte-limit = 33554432 (custom)
2022-05-11 01:29:14,544 [pool-133-thread-1] INFO  server.RaftServerConfigKeys (ConfUtils.java:logGet(44)) - raft.server.log.segment.size.max = 1048576 (custom)
2022-05-11 01:29:14,544 [pool-133-thread-1] INFO  server.RaftServerConfigKeys (ConfUtils.java:logGet(44)) - raft.server.log.segment.cache.num.max = 2 (custom)
2022-05-11 01:29:14,544 [pool-133-thread-1] INFO  server.RaftServerConfigKeys (ConfUtils.java:logGet(44)) - raft.server.log.segment.cache.size.max = 200MB (=209715200) (default)
2022-05-11 01:29:14,544 [pool-133-thread-1] INFO  segmented.SegmentedRaftLogWorker (SegmentedRaftLogWorker.java:<init>(182)) - new 7534a985-5663-44b5-b700-fcde65f49754@group-D8C08AEA218B-SegmentedRaftLogWorker for RaftStorageImpl:Storage Directory /home/runner/work/ozone/ozone/hadoop-ozone/integration-test/target/test-dir/MiniOzoneClusterImpl-ae28b10a-1883-433e-acb0-7438b5479a4c/datanode-1/data/ratis/72123b01-d7b0-41b2-bff4-d8c08aea218b
2022-05-11 01:29:14,545 [pool-133-thread-1] INFO  server.RaftServerConfigKeys (ConfUtils.java:logGet(44)) - raft.server.log.queue.byte-limit = 4294967296 (custom)
2022-05-11 01:29:14,545 [pool-133-thread-1] INFO  server.RaftServerConfigKeys (ConfUtils.java:logGet(44)) - raft.server.log.queue.element-limit = 1024 (custom)
2022-05-11 01:29:14,545 [pool-133-thread-1] INFO  server.RaftServerConfigKeys (ConfUtils.java:logGet(44)) - raft.server.log.segment.size.max = 1048576 (custom)
2022-05-11 01:29:14,546 [pool-133-thread-1] INFO  server.RaftServerConfigKeys (ConfUtils.java:logGet(44)) - raft.server.log.preallocated.size = 16384 (custom)
2022-05-11 01:29:14,546 [pool-133-thread-1] INFO  server.RaftServerConfigKeys (ConfUtils.java:logGet(44)) - raft.server.log.force.sync.num = 128 (default)
2022-05-11 01:29:14,546 [pool-133-thread-1] INFO  server.RaftServerConfigKeys (ConfUtils.java:logGet(44)) - raft.server.log.statemachine.data.sync = true (default)
2022-05-11 01:29:14,546 [pool-133-thread-1] INFO  server.RaftServerConfigKeys (ConfUtils.java:logGet(44)) - raft.server.log.statemachine.data.sync.timeout = 10s (default)
2022-05-11 01:29:14,546 [pool-133-thread-1] INFO  server.RaftServerConfigKeys (ConfUtils.java:logGet(44)) - raft.server.log.statemachine.data.sync.timeout.retry = -1 (default)
2022-05-11 01:29:14,547 [pool-133-thread-1] INFO  server.RaftServerConfigKeys (ConfUtils.java:logGet(44)) - raft.server.log.write.buffer.size = 1048576 (custom)
2022-05-11 01:29:14,548 [pool-133-thread-1] INFO  server.RaftServerConfigKeys (ConfUtils.java:logGet(44)) - raft.server.log.statemachine.data.caching.enabled = true (custom)
2022-05-11 01:29:14,548 [pool-133-thread-1] INFO  segmented.SegmentedRaftLogWorker (SegmentedRaftLogWorker.java:lambda$new$0(133)) - 7534a985-5663-44b5-b700-fcde65f49754@group-D8C08AEA218B-SegmentedRaftLogWorker: flushIndex: setUnconditionally 0 -> -1
2022-05-11 01:29:14,548 [pool-133-thread-1] INFO  segmented.SegmentedRaftLogWorker (SegmentedRaftLogWorker.java:lambda$new$0(133)) - 7534a985-5663-44b5-b700-fcde65f49754@group-D8C08AEA218B-SegmentedRaftLogWorker: safeCacheEvictIndex: setUnconditionally 0 -> -1
2022-05-11 01:29:14,548 [pool-133-thread-1] INFO  server.RaftServerConfigKeys (ConfUtils.java:logGet(44)) - raft.server.snapshot.auto.trigger.enabled = true (custom)
2022-05-11 01:29:14,549 [pool-133-thread-1] INFO  server.RaftServerConfigKeys (ConfUtils.java:logGet(44)) - raft.server.snapshot.auto.trigger.threshold = 10000 (custom)
2022-05-11 01:29:14,549 [pool-133-thread-1] INFO  server.RaftServerConfigKeys (ConfUtils.java:logGet(44)) - raft.server.snapshot.retention.file.num = 5 (custom)
2022-05-11 01:29:14,549 [pool-133-thread-1] INFO  server.RaftServerConfigKeys (ConfUtils.java:logGet(44)) - raft.server.log.purge.upto.snapshot.index = false (default)
2022-05-11 01:29:14,549 [pool-133-thread-1] INFO  server.RaftServerConfigKeys (ConfUtils.java:logGet(44)) - raft.server.retrycache.expirytime = 600000ms (custom)
2022-05-11 01:29:14,549 [pool-133-thread-1] INFO  server.RaftServerConfigKeys (ConfUtils.java:logGet(44)) - raft.server.retrycache.statistics.expirytime = 100μs (default)
2022-05-11 01:29:14,550 [pool-133-thread-1] INFO  server.RaftServer$Division (RaftServerImpl.java:start(301)) - 7534a985-5663-44b5-b700-fcde65f49754@group-D8C08AEA218B: start as a follower, conf=-1: [705ac139-4337-45d7-ba9f-5c344296e65f|rpc:10.1.0.42:37439|dataStream:|priority:1, eee5cc7d-4700-49e9-a538-fde0b838210a|rpc:10.1.0.42:33975|dataStream:|priority:0, 7534a985-5663-44b5-b700-fcde65f49754|rpc:10.1.0.42:34977|dataStream:|priority:0], old=null
2022-05-11 01:29:14,550 [pool-133-thread-1] INFO  server.RaftServer$Division (RaftServerImpl.java:setRole(290)) - 7534a985-5663-44b5-b700-fcde65f49754@group-D8C08AEA218B: changes role from      null to FOLLOWER at term 0 for startAsFollower
2022-05-11 01:29:14,550 [pool-133-thread-1] INFO  impl.RoleInfo (RoleInfo.java:updateAndGet(130)) - 7534a985-5663-44b5-b700-fcde65f49754: start 7534a985-5663-44b5-b700-fcde65f49754@group-D8C08AEA218B-FollowerState
2022-05-11 01:29:14,551 [pool-133-thread-1] INFO  util.JmxRegister (JmxRegister.java:tryRegister(44)) - Successfully registered JMX Bean with object name Ratis:service=RaftServer,group=group-D8C08AEA218B,id=7534a985-5663-44b5-b700-fcde65f49754
2022-05-11 01:29:14,557 [Command processor thread] INFO  commandhandler.CreatePipelineCommandHandler (CreatePipelineCommandHandler.java:handle(113)) - Created Pipeline RATIS THREE PipelineID=72123b01-d7b0-41b2-bff4-d8c08aea218b.
2022-05-11 01:29:14,558 [Command processor thread] INFO  server.RaftServer (RaftServerProxy.java:addNew(95)) - 705ac139-4337-45d7-ba9f-5c344296e65f: addNew group-BB2467D81C1B:[705ac139-4337-45d7-ba9f-5c344296e65f|rpc:10.1.0.42:37439|priority:0, eee5cc7d-4700-49e9-a538-fde0b838210a|rpc:10.1.0.42:33975|priority:0, 7534a985-5663-44b5-b700-fcde65f49754|rpc:10.1.0.42:34977|priority:1] returns group-BB2467D81C1B:java.util.concurrent.CompletableFuture@57eebd5d[Not completed]
2022-05-11 01:29:14,559 [pool-112-thread-1] INFO  server.RaftServer$Division (RaftServerImpl.java:<init>(184)) - 705ac139-4337-45d7-ba9f-5c344296e65f: new RaftServerImpl for group-BB2467D81C1B:[705ac139-4337-45d7-ba9f-5c344296e65f|rpc:10.1.0.42:37439|priority:0, eee5cc7d-4700-49e9-a538-fde0b838210a|rpc:10.1.0.42:33975|priority:0, 7534a985-5663-44b5-b700-fcde65f49754|rpc:10.1.0.42:34977|priority:1] with ContainerStateMachine:uninitialized
2022-05-11 01:29:14,560 [pool-112-thread-1] INFO  server.RaftServerConfigKeys (ConfUtils.java:logGet(44)) - raft.server.rpc.timeout.min = 5s (custom)
2022-05-11 01:29:14,560 [pool-112-thread-1] INFO  server.RaftServerConfigKeys (ConfUtils.java:logGet(44)) - raft.server.rpc.timeout.max = 5200ms (custom)
2022-05-11 01:29:14,560 [pool-112-thread-1] INFO  server.RaftServerConfigKeys (ConfUtils.java:logGet(44)) - raft.server.rpc.sleep.time = 25ms (default)
2022-05-11 01:29:14,560 [pool-112-thread-1] INFO  server.RaftServerConfigKeys (ConfUtils.java:logGet(44)) - raft.server.rpc.slowness.timeout = 300s (custom)
2022-05-11 01:29:14,560 [pool-112-thread-1] INFO  server.RaftServerConfigKeys (ConfUtils.java:logGet(44)) - raft.server.leaderelection.leader.step-down.wait-time = 10s (default)
2022-05-11 01:29:14,560 [pool-112-thread-1] INFO  server.RaftServerConfigKeys (ConfUtils.java:logGet(44)) - raft.server.sleep.deviation.threshold = 300ms (default)
2022-05-11 01:29:14,560 [pool-112-thread-1] INFO  server.RaftServerConfigKeys (ConfUtils.java:logGet(44)) - raft.server.log.appender.install.snapshot.enabled = false (custom)
2022-05-11 01:29:14,560 [pool-112-thread-1] INFO  server.RaftServer$Division (ServerState.java:<init>(105)) - 705ac139-4337-45d7-ba9f-5c344296e65f@group-BB2467D81C1B: ConfigurationManager, init=-1: [705ac139-4337-45d7-ba9f-5c344296e65f|rpc:10.1.0.42:37439|priority:0, eee5cc7d-4700-49e9-a538-fde0b838210a|rpc:10.1.0.42:33975|priority:0, 7534a985-5663-44b5-b700-fcde65f49754|rpc:10.1.0.42:34977|priority:1], old=null, confs=<EMPTY_MAP>
2022-05-11 01:29:14,560 [pool-112-thread-1] INFO  server.RaftServerConfigKeys (ConfUtils.java:logGet(44)) - raft.server.storage.dir = [/home/runner/work/ozone/ozone/hadoop-ozone/integration-test/target/test-dir/MiniOzoneClusterImpl-ae28b10a-1883-433e-acb0-7438b5479a4c/datanode-0/data/ratis] (custom)
2022-05-11 01:29:14,560 [pool-112-thread-1] INFO  server.RaftServerConfigKeys (ConfUtils.java:logGet(44)) - raft.server.log.corruption.policy = EXCEPTION (default)
2022-05-11 01:29:14,561 [pool-112-thread-1] INFO  server.RaftServerConfigKeys (ConfUtils.java:logGet(44)) - raft.server.storage.free-space.min = 0MB (=0) (default)
2022-05-11 01:29:14,561 [pool-112-thread-1] INFO  storage.RaftStorageDirectory (RaftStorageDirectoryImpl.java:analyzeStorage(135)) - The storage directory /home/runner/work/ozone/ozone/hadoop-ozone/integration-test/target/test-dir/MiniOzoneClusterImpl-ae28b10a-1883-433e-acb0-7438b5479a4c/datanode-0/data/ratis/e6233ef8-8c88-4cd3-85d2-bb2467d81c1b does not exist. Creating ...
2022-05-11 01:29:14,562 [pool-112-thread-1] INFO  storage.RaftStorageDirectory (RaftStorageDirectoryImpl.java:tryLock(230)) - Lock on /home/runner/work/ozone/ozone/hadoop-ozone/integration-test/target/test-dir/MiniOzoneClusterImpl-ae28b10a-1883-433e-acb0-7438b5479a4c/datanode-0/data/ratis/e6233ef8-8c88-4cd3-85d2-bb2467d81c1b/in_use.lock acquired by nodename 4883@fv-az291-847
2022-05-11 01:29:14,564 [pool-112-thread-1] INFO  storage.RaftStorage (RaftStorageImpl.java:format(89)) - Storage directory /home/runner/work/ozone/ozone/hadoop-ozone/integration-test/target/test-dir/MiniOzoneClusterImpl-ae28b10a-1883-433e-acb0-7438b5479a4c/datanode-0/data/ratis/e6233ef8-8c88-4cd3-85d2-bb2467d81c1b has been successfully formatted.
2022-05-11 01:29:14,566 [pool-112-thread-1] INFO  ratis.ContainerStateMachine (ContainerStateMachine.java:loadSnapshot(236)) - group-BB2467D81C1B: The snapshot info is null. Setting the last applied indexto:(t:0, i:~)
2022-05-11 01:29:14,566 [pool-112-thread-1] INFO  server.RaftServerConfigKeys (ConfUtils.java:logGet(44)) - raft.server.notification.no-leader.timeout = 300s (custom)
2022-05-11 01:29:14,567 [pool-112-thread-1] INFO  server.RaftServerConfigKeys (ConfUtils.java:logGet(44)) - raft.server.log.use.memory = false (default)
2022-05-11 01:29:14,567 [EventQueue-OpenPipelineForHealthyPipelineSafeModeRule] INFO  safemode.SCMSafeModeManager (HealthyPipelineSafeModeRule.java:process(124)) - SCM in safe mode. Healthy pipelines reported count is 0, required healthy pipeline reported count is 1
2022-05-11 01:29:14,567 [pool-112-thread-1] INFO  server.RaftServerConfigKeys (ConfUtils.java:logGet(44)) - raft.server.log.purge.gap = 1000000 (custom)
2022-05-11 01:29:14,567 [pool-112-thread-1] INFO  server.RaftServerConfigKeys (ConfUtils.java:logGet(44)) - raft.server.log.appender.buffer.byte-limit = 33554432 (custom)
2022-05-11 01:29:14,568 [pool-112-thread-1] INFO  server.RaftServerConfigKeys (ConfUtils.java:logGet(44)) - raft.server.log.segment.size.max = 1048576 (custom)
2022-05-11 01:29:14,568 [pool-112-thread-1] INFO  server.RaftServerConfigKeys (ConfUtils.java:logGet(44)) - raft.server.log.segment.cache.num.max = 2 (custom)
2022-05-11 01:29:14,568 [pool-112-thread-1] INFO  server.RaftServerConfigKeys (ConfUtils.java:logGet(44)) - raft.server.log.segment.cache.size.max = 200MB (=209715200) (default)
2022-05-11 01:29:14,568 [pool-112-thread-1] INFO  segmented.SegmentedRaftLogWorker (SegmentedRaftLogWorker.java:<init>(182)) - new 705ac139-4337-45d7-ba9f-5c344296e65f@group-BB2467D81C1B-SegmentedRaftLogWorker for RaftStorageImpl:Storage Directory /home/runner/work/ozone/ozone/hadoop-ozone/integration-test/target/test-dir/MiniOzoneClusterImpl-ae28b10a-1883-433e-acb0-7438b5479a4c/datanode-0/data/ratis/e6233ef8-8c88-4cd3-85d2-bb2467d81c1b
2022-05-11 01:29:14,569 [pool-112-thread-1] INFO  server.RaftServerConfigKeys (ConfUtils.java:logGet(44)) - raft.server.log.queue.byte-limit = 4294967296 (custom)
2022-05-11 01:29:14,569 [pool-112-thread-1] INFO  server.RaftServerConfigKeys (ConfUtils.java:logGet(44)) - raft.server.log.queue.element-limit = 1024 (custom)
2022-05-11 01:29:14,569 [pool-112-thread-1] INFO  server.RaftServerConfigKeys (ConfUtils.java:logGet(44)) - raft.server.log.segment.size.max = 1048576 (custom)
2022-05-11 01:29:14,569 [pool-112-thread-1] INFO  server.RaftServerConfigKeys (ConfUtils.java:logGet(44)) - raft.server.log.preallocated.size = 16384 (custom)
2022-05-11 01:29:14,569 [pool-112-thread-1] INFO  server.RaftServerConfigKeys (ConfUtils.java:logGet(44)) - raft.server.log.force.sync.num = 128 (default)
2022-05-11 01:29:14,569 [pool-112-thread-1] INFO  server.RaftServerConfigKeys (ConfUtils.java:logGet(44)) - raft.server.log.statemachine.data.sync = true (default)
2022-05-11 01:29:14,569 [pool-112-thread-1] INFO  server.RaftServerConfigKeys (ConfUtils.java:logGet(44)) - raft.server.log.statemachine.data.sync.timeout = 10s (default)
2022-05-11 01:29:14,569 [pool-112-thread-1] INFO  server.RaftServerConfigKeys (ConfUtils.java:logGet(44)) - raft.server.log.statemachine.data.sync.timeout.retry = -1 (default)
2022-05-11 01:29:14,570 [pool-112-thread-1] INFO  server.RaftServerConfigKeys (ConfUtils.java:logGet(44)) - raft.server.log.write.buffer.size = 1048576 (custom)
2022-05-11 01:29:14,571 [pool-112-thread-1] INFO  server.RaftServerConfigKeys (ConfUtils.java:logGet(44)) - raft.server.log.statemachine.data.caching.enabled = true (custom)
2022-05-11 01:29:14,572 [pool-112-thread-1] INFO  segmented.SegmentedRaftLogWorker (SegmentedRaftLogWorker.java:lambda$new$0(133)) - 705ac139-4337-45d7-ba9f-5c344296e65f@group-BB2467D81C1B-SegmentedRaftLogWorker: flushIndex: setUnconditionally 0 -> -1
2022-05-11 01:29:14,572 [pool-112-thread-1] INFO  segmented.SegmentedRaftLogWorker (SegmentedRaftLogWorker.java:lambda$new$0(133)) - 705ac139-4337-45d7-ba9f-5c344296e65f@group-BB2467D81C1B-SegmentedRaftLogWorker: safeCacheEvictIndex: setUnconditionally 0 -> -1
2022-05-11 01:29:14,573 [pool-112-thread-1] INFO  server.RaftServerConfigKeys (ConfUtils.java:logGet(44)) - raft.server.snapshot.auto.trigger.enabled = true (custom)
2022-05-11 01:29:14,574 [pool-112-thread-1] INFO  server.RaftServerConfigKeys (ConfUtils.java:logGet(44)) - raft.server.snapshot.auto.trigger.threshold = 10000 (custom)
2022-05-11 01:29:14,574 [pool-112-thread-1] INFO  server.RaftServerConfigKeys (ConfUtils.java:logGet(44)) - raft.server.snapshot.retention.file.num = 5 (custom)
2022-05-11 01:29:14,574 [pool-112-thread-1] INFO  server.RaftServerConfigKeys (ConfUtils.java:logGet(44)) - raft.server.log.purge.upto.snapshot.index = false (default)
2022-05-11 01:29:14,574 [pool-112-thread-1] INFO  server.RaftServerConfigKeys (ConfUtils.java:logGet(44)) - raft.server.retrycache.expirytime = 600000ms (custom)
2022-05-11 01:29:14,574 [pool-112-thread-1] INFO  server.RaftServerConfigKeys (ConfUtils.java:logGet(44)) - raft.server.retrycache.statistics.expirytime = 100μs (default)
2022-05-11 01:29:14,575 [pool-112-thread-1] INFO  server.RaftServer$Division (RaftServerImpl.java:start(301)) - 705ac139-4337-45d7-ba9f-5c344296e65f@group-BB2467D81C1B: start as a follower, conf=-1: [705ac139-4337-45d7-ba9f-5c344296e65f|rpc:10.1.0.42:37439|priority:0, eee5cc7d-4700-49e9-a538-fde0b838210a|rpc:10.1.0.42:33975|priority:0, 7534a985-5663-44b5-b700-fcde65f49754|rpc:10.1.0.42:34977|priority:1], old=null
2022-05-11 01:29:14,575 [pool-112-thread-1] INFO  server.RaftServer$Division (RaftServerImpl.java:setRole(290)) - 705ac139-4337-45d7-ba9f-5c344296e65f@group-BB2467D81C1B: changes role from      null to FOLLOWER at term 0 for startAsFollower
2022-05-11 01:29:14,576 [pool-112-thread-1] INFO  impl.RoleInfo (RoleInfo.java:updateAndGet(130)) - 705ac139-4337-45d7-ba9f-5c344296e65f: start 705ac139-4337-45d7-ba9f-5c344296e65f@group-BB2467D81C1B-FollowerState
2022-05-11 01:29:14,576 [pool-112-thread-1] INFO  util.JmxRegister (JmxRegister.java:tryRegister(44)) - Successfully registered JMX Bean with object name Ratis:service=RaftServer,group=group-BB2467D81C1B,id=705ac139-4337-45d7-ba9f-5c344296e65f
2022-05-11 01:29:14,577 [Command processor thread] INFO  ratis.XceiverServerRatis (XceiverServerRatis.java:addGroup(765)) - Created group PipelineID=e6233ef8-8c88-4cd3-85d2-bb2467d81c1b
2022-05-11 01:29:14,595 [grpc-default-executor-0] INFO  server.RaftServer (RaftServerProxy.java:addNew(95)) - eee5cc7d-4700-49e9-a538-fde0b838210a: addNew group-BB2467D81C1B:[705ac139-4337-45d7-ba9f-5c344296e65f|rpc:10.1.0.42:37439|dataStream:|priority:0, eee5cc7d-4700-49e9-a538-fde0b838210a|rpc:10.1.0.42:33975|dataStream:|priority:0, 7534a985-5663-44b5-b700-fcde65f49754|rpc:10.1.0.42:34977|dataStream:|priority:1] returns group-BB2467D81C1B:java.util.concurrent.CompletableFuture@33cc1613[Not completed]
2022-05-11 01:29:14,596 [pool-154-thread-1] INFO  server.RaftServer$Division (RaftServerImpl.java:<init>(184)) - eee5cc7d-4700-49e9-a538-fde0b838210a: new RaftServerImpl for group-BB2467D81C1B:[705ac139-4337-45d7-ba9f-5c344296e65f|rpc:10.1.0.42:37439|dataStream:|priority:0, eee5cc7d-4700-49e9-a538-fde0b838210a|rpc:10.1.0.42:33975|dataStream:|priority:0, 7534a985-5663-44b5-b700-fcde65f49754|rpc:10.1.0.42:34977|dataStream:|priority:1] with ContainerStateMachine:uninitialized
2022-05-11 01:29:14,597 [pool-154-thread-1] INFO  server.RaftServerConfigKeys (ConfUtils.java:logGet(44)) - raft.server.rpc.timeout.min = 5s (custom)
2022-05-11 01:29:14,597 [pool-154-thread-1] INFO  server.RaftServerConfigKeys (ConfUtils.java:logGet(44)) - raft.server.rpc.timeout.max = 5200ms (custom)
2022-05-11 01:29:14,597 [pool-154-thread-1] INFO  server.RaftServerConfigKeys (ConfUtils.java:logGet(44)) - raft.server.rpc.sleep.time = 25ms (default)
2022-05-11 01:29:14,597 [pool-154-thread-1] INFO  server.RaftServerConfigKeys (ConfUtils.java:logGet(44)) - raft.server.rpc.slowness.timeout = 300s (custom)
2022-05-11 01:29:14,597 [pool-154-thread-1] INFO  server.RaftServerConfigKeys (ConfUtils.java:logGet(44)) - raft.server.leaderelection.leader.step-down.wait-time = 10s (default)
2022-05-11 01:29:14,597 [pool-154-thread-1] INFO  server.RaftServerConfigKeys (ConfUtils.java:logGet(44)) - raft.server.sleep.deviation.threshold = 300ms (default)
2022-05-11 01:29:14,597 [pool-154-thread-1] INFO  server.RaftServerConfigKeys (ConfUtils.java:logGet(44)) - raft.server.log.appender.install.snapshot.enabled = false (custom)
2022-05-11 01:29:14,597 [pool-154-thread-1] INFO  server.RaftServer$Division (ServerState.java:<init>(105)) - eee5cc7d-4700-49e9-a538-fde0b838210a@group-BB2467D81C1B: ConfigurationManager, init=-1: [705ac139-4337-45d7-ba9f-5c344296e65f|rpc:10.1.0.42:37439|dataStream:|priority:0, eee5cc7d-4700-49e9-a538-fde0b838210a|rpc:10.1.0.42:33975|dataStream:|priority:0, 7534a985-5663-44b5-b700-fcde65f49754|rpc:10.1.0.42:34977|dataStream:|priority:1], old=null, confs=<EMPTY_MAP>
2022-05-11 01:29:14,597 [pool-154-thread-1] INFO  server.RaftServerConfigKeys (ConfUtils.java:logGet(44)) - raft.server.storage.dir = [/home/runner/work/ozone/ozone/hadoop-ozone/integration-test/target/test-dir/MiniOzoneClusterImpl-ae28b10a-1883-433e-acb0-7438b5479a4c/datanode-2/data/ratis] (custom)
2022-05-11 01:29:14,598 [pool-154-thread-1] INFO  server.RaftServerConfigKeys (ConfUtils.java:logGet(44)) - raft.server.log.corruption.policy = EXCEPTION (default)
2022-05-11 01:29:14,598 [pool-154-thread-1] INFO  server.RaftServerConfigKeys (ConfUtils.java:logGet(44)) - raft.server.storage.free-space.min = 0MB (=0) (default)
2022-05-11 01:29:14,598 [pool-154-thread-1] INFO  storage.RaftStorageDirectory (RaftStorageDirectoryImpl.java:analyzeStorage(135)) - The storage directory /home/runner/work/ozone/ozone/hadoop-ozone/integration-test/target/test-dir/MiniOzoneClusterImpl-ae28b10a-1883-433e-acb0-7438b5479a4c/datanode-2/data/ratis/e6233ef8-8c88-4cd3-85d2-bb2467d81c1b does not exist. Creating ...
2022-05-11 01:29:14,599 [pool-154-thread-1] INFO  storage.RaftStorageDirectory (RaftStorageDirectoryImpl.java:tryLock(230)) - Lock on /home/runner/work/ozone/ozone/hadoop-ozone/integration-test/target/test-dir/MiniOzoneClusterImpl-ae28b10a-1883-433e-acb0-7438b5479a4c/datanode-2/data/ratis/e6233ef8-8c88-4cd3-85d2-bb2467d81c1b/in_use.lock acquired by nodename 4883@fv-az291-847
2022-05-11 01:29:14,601 [pool-154-thread-1] INFO  storage.RaftStorage (RaftStorageImpl.java:format(89)) - Storage directory /home/runner/work/ozone/ozone/hadoop-ozone/integration-test/target/test-dir/MiniOzoneClusterImpl-ae28b10a-1883-433e-acb0-7438b5479a4c/datanode-2/data/ratis/e6233ef8-8c88-4cd3-85d2-bb2467d81c1b has been successfully formatted.
2022-05-11 01:29:14,602 [pool-154-thread-1] INFO  ratis.ContainerStateMachine (ContainerStateMachine.java:loadSnapshot(236)) - group-BB2467D81C1B: The snapshot info is null. Setting the last applied indexto:(t:0, i:~)
2022-05-11 01:29:14,602 [pool-154-thread-1] INFO  server.RaftServerConfigKeys (ConfUtils.java:logGet(44)) - raft.server.notification.no-leader.timeout = 300s (custom)
2022-05-11 01:29:14,602 [pool-154-thread-1] INFO  server.RaftServerConfigKeys (ConfUtils.java:logGet(44)) - raft.server.log.use.memory = false (default)
2022-05-11 01:29:14,602 [pool-154-thread-1] INFO  server.RaftServerConfigKeys (ConfUtils.java:logGet(44)) - raft.server.log.purge.gap = 1000000 (custom)
2022-05-11 01:29:14,602 [pool-154-thread-1] INFO  server.RaftServerConfigKeys (ConfUtils.java:logGet(44)) - raft.server.log.appender.buffer.byte-limit = 33554432 (custom)
2022-05-11 01:29:14,609 [pool-154-thread-1] INFO  server.RaftServerConfigKeys (ConfUtils.java:logGet(44)) - raft.server.log.segment.size.max = 1048576 (custom)
2022-05-11 01:29:14,610 [pool-154-thread-1] INFO  server.RaftServerConfigKeys (ConfUtils.java:logGet(44)) - raft.server.log.segment.cache.num.max = 2 (custom)
2022-05-11 01:29:14,610 [pool-154-thread-1] INFO  server.RaftServerConfigKeys (ConfUtils.java:logGet(44)) - raft.server.log.segment.cache.size.max = 200MB (=209715200) (default)
2022-05-11 01:29:14,610 [pool-154-thread-1] INFO  segmented.SegmentedRaftLogWorker (SegmentedRaftLogWorker.java:<init>(182)) - new eee5cc7d-4700-49e9-a538-fde0b838210a@group-BB2467D81C1B-SegmentedRaftLogWorker for RaftStorageImpl:Storage Directory /home/runner/work/ozone/ozone/hadoop-ozone/integration-test/target/test-dir/MiniOzoneClusterImpl-ae28b10a-1883-433e-acb0-7438b5479a4c/datanode-2/data/ratis/e6233ef8-8c88-4cd3-85d2-bb2467d81c1b
2022-05-11 01:29:14,610 [pool-154-thread-1] INFO  server.RaftServerConfigKeys (ConfUtils.java:logGet(44)) - raft.server.log.queue.byte-limit = 4294967296 (custom)
2022-05-11 01:29:14,610 [pool-154-thread-1] INFO  server.RaftServerConfigKeys (ConfUtils.java:logGet(44)) - raft.server.log.queue.element-limit = 1024 (custom)
2022-05-11 01:29:14,610 [pool-154-thread-1] INFO  server.RaftServerConfigKeys (ConfUtils.java:logGet(44)) - raft.server.log.segment.size.max = 1048576 (custom)
2022-05-11 01:29:14,610 [pool-154-thread-1] INFO  server.RaftServerConfigKeys (ConfUtils.java:logGet(44)) - raft.server.log.preallocated.size = 16384 (custom)
2022-05-11 01:29:14,610 [pool-154-thread-1] INFO  server.RaftServerConfigKeys (ConfUtils.java:logGet(44)) - raft.server.log.force.sync.num = 128 (default)
2022-05-11 01:29:14,611 [pool-154-thread-1] INFO  server.RaftServerConfigKeys (ConfUtils.java:logGet(44)) - raft.server.log.statemachine.data.sync = true (default)
2022-05-11 01:29:14,611 [pool-154-thread-1] INFO  server.RaftServerConfigKeys (ConfUtils.java:logGet(44)) - raft.server.log.statemachine.data.sync.timeout = 10s (default)
2022-05-11 01:29:14,611 [pool-154-thread-1] INFO  server.RaftServerConfigKeys (ConfUtils.java:logGet(44)) - raft.server.log.statemachine.data.sync.timeout.retry = -1 (default)
2022-05-11 01:29:14,613 [pool-154-thread-1] INFO  server.RaftServerConfigKeys (ConfUtils.java:logGet(44)) - raft.server.log.write.buffer.size = 1048576 (custom)
2022-05-11 01:29:14,613 [pool-154-thread-1] INFO  server.RaftServerConfigKeys (ConfUtils.java:logGet(44)) - raft.server.log.statemachine.data.caching.enabled = true (custom)
2022-05-11 01:29:14,614 [pool-154-thread-1] INFO  segmented.SegmentedRaftLogWorker (SegmentedRaftLogWorker.java:lambda$new$0(133)) - eee5cc7d-4700-49e9-a538-fde0b838210a@group-BB2467D81C1B-SegmentedRaftLogWorker: flushIndex: setUnconditionally 0 -> -1
2022-05-11 01:29:14,614 [pool-154-thread-1] INFO  segmented.SegmentedRaftLogWorker (SegmentedRaftLogWorker.java:lambda$new$0(133)) - eee5cc7d-4700-49e9-a538-fde0b838210a@group-BB2467D81C1B-SegmentedRaftLogWorker: safeCacheEvictIndex: setUnconditionally 0 -> -1
2022-05-11 01:29:14,614 [pool-154-thread-1] INFO  server.RaftServerConfigKeys (ConfUtils.java:logGet(44)) - raft.server.snapshot.auto.trigger.enabled = true (custom)
2022-05-11 01:29:14,614 [pool-154-thread-1] INFO  server.RaftServerConfigKeys (ConfUtils.java:logGet(44)) - raft.server.snapshot.auto.trigger.threshold = 10000 (custom)
2022-05-11 01:29:14,614 [pool-154-thread-1] INFO  server.RaftServerConfigKeys (ConfUtils.java:logGet(44)) - raft.server.snapshot.retention.file.num = 5 (custom)
2022-05-11 01:29:14,614 [pool-154-thread-1] INFO  server.RaftServerConfigKeys (ConfUtils.java:logGet(44)) - raft.server.log.purge.upto.snapshot.index = false (default)
2022-05-11 01:29:14,614 [pool-154-thread-1] INFO  server.RaftServerConfigKeys (ConfUtils.java:logGet(44)) - raft.server.retrycache.expirytime = 600000ms (custom)
2022-05-11 01:29:14,614 [pool-154-thread-1] INFO  server.RaftServerConfigKeys (ConfUtils.java:logGet(44)) - raft.server.retrycache.statistics.expirytime = 100μs (default)
2022-05-11 01:29:14,616 [pool-154-thread-1] INFO  server.RaftServer$Division (RaftServerImpl.java:start(301)) - eee5cc7d-4700-49e9-a538-fde0b838210a@group-BB2467D81C1B: start as a follower, conf=-1: [705ac139-4337-45d7-ba9f-5c344296e65f|rpc:10.1.0.42:37439|dataStream:|priority:0, eee5cc7d-4700-49e9-a538-fde0b838210a|rpc:10.1.0.42:33975|dataStream:|priority:0, 7534a985-5663-44b5-b700-fcde65f49754|rpc:10.1.0.42:34977|dataStream:|priority:1], old=null
2022-05-11 01:29:14,616 [pool-154-thread-1] INFO  server.RaftServer$Division (RaftServerImpl.java:setRole(290)) - eee5cc7d-4700-49e9-a538-fde0b838210a@group-BB2467D81C1B: changes role from      null to FOLLOWER at term 0 for startAsFollower
2022-05-11 01:29:14,616 [pool-154-thread-1] INFO  impl.RoleInfo (RoleInfo.java:updateAndGet(130)) - eee5cc7d-4700-49e9-a538-fde0b838210a: start eee5cc7d-4700-49e9-a538-fde0b838210a@group-BB2467D81C1B-FollowerState
2022-05-11 01:29:14,625 [pool-154-thread-1] INFO  util.JmxRegister (JmxRegister.java:tryRegister(44)) - Successfully registered JMX Bean with object name Ratis:service=RaftServer,group=group-BB2467D81C1B,id=eee5cc7d-4700-49e9-a538-fde0b838210a
2022-05-11 01:29:14,653 [grpc-default-executor-0] INFO  server.RaftServer (RaftServerProxy.java:addNew(95)) - 7534a985-5663-44b5-b700-fcde65f49754: addNew group-BB2467D81C1B:[705ac139-4337-45d7-ba9f-5c344296e65f|rpc:10.1.0.42:37439|dataStream:|priority:0, eee5cc7d-4700-49e9-a538-fde0b838210a|rpc:10.1.0.42:33975|dataStream:|priority:0, 7534a985-5663-44b5-b700-fcde65f49754|rpc:10.1.0.42:34977|dataStream:|priority:1] returns group-BB2467D81C1B:java.util.concurrent.CompletableFuture@4b955299[Not completed]
2022-05-11 01:29:14,655 [pool-133-thread-1] INFO  server.RaftServer$Division (RaftServerImpl.java:<init>(184)) - 7534a985-5663-44b5-b700-fcde65f49754: new RaftServerImpl for group-BB2467D81C1B:[705ac139-4337-45d7-ba9f-5c344296e65f|rpc:10.1.0.42:37439|dataStream:|priority:0, eee5cc7d-4700-49e9-a538-fde0b838210a|rpc:10.1.0.42:33975|dataStream:|priority:0, 7534a985-5663-44b5-b700-fcde65f49754|rpc:10.1.0.42:34977|dataStream:|priority:1] with ContainerStateMachine:uninitialized
2022-05-11 01:29:14,655 [pool-133-thread-1] INFO  server.RaftServerConfigKeys (ConfUtils.java:logGet(44)) - raft.server.rpc.timeout.min = 5s (custom)
2022-05-11 01:29:14,656 [pool-133-thread-1] INFO  server.RaftServerConfigKeys (ConfUtils.java:logGet(44)) - raft.server.rpc.timeout.max = 5200ms (custom)
2022-05-11 01:29:14,656 [pool-133-thread-1] INFO  server.RaftServerConfigKeys (ConfUtils.java:logGet(44)) - raft.server.rpc.sleep.time = 25ms (default)
2022-05-11 01:29:14,656 [pool-133-thread-1] INFO  server.RaftServerConfigKeys (ConfUtils.java:logGet(44)) - raft.server.rpc.slowness.timeout = 300s (custom)
2022-05-11 01:29:14,656 [pool-133-thread-1] INFO  server.RaftServerConfigKeys (ConfUtils.java:logGet(44)) - raft.server.leaderelection.leader.step-down.wait-time = 10s (default)
2022-05-11 01:29:14,656 [pool-133-thread-1] INFO  server.RaftServerConfigKeys (ConfUtils.java:logGet(44)) - raft.server.sleep.deviation.threshold = 300ms (default)
2022-05-11 01:29:14,656 [pool-133-thread-1] INFO  server.RaftServerConfigKeys (ConfUtils.java:logGet(44)) - raft.server.log.appender.install.snapshot.enabled = false (custom)
2022-05-11 01:29:14,656 [pool-133-thread-1] INFO  server.RaftServer$Division (ServerState.java:<init>(105)) - 7534a985-5663-44b5-b700-fcde65f49754@group-BB2467D81C1B: ConfigurationManager, init=-1: [705ac139-4337-45d7-ba9f-5c344296e65f|rpc:10.1.0.42:37439|dataStream:|priority:0, eee5cc7d-4700-49e9-a538-fde0b838210a|rpc:10.1.0.42:33975|dataStream:|priority:0, 7534a985-5663-44b5-b700-fcde65f49754|rpc:10.1.0.42:34977|dataStream:|priority:1], old=null, confs=<EMPTY_MAP>
2022-05-11 01:29:14,656 [pool-133-thread-1] INFO  server.RaftServerConfigKeys (ConfUtils.java:logGet(44)) - raft.server.storage.dir = [/home/runner/work/ozone/ozone/hadoop-ozone/integration-test/target/test-dir/MiniOzoneClusterImpl-ae28b10a-1883-433e-acb0-7438b5479a4c/datanode-1/data/ratis] (custom)
2022-05-11 01:29:14,656 [pool-133-thread-1] INFO  server.RaftServerConfigKeys (ConfUtils.java:logGet(44)) - raft.server.log.corruption.policy = EXCEPTION (default)
2022-05-11 01:29:14,656 [pool-133-thread-1] INFO  server.RaftServerConfigKeys (ConfUtils.java:logGet(44)) - raft.server.storage.free-space.min = 0MB (=0) (default)
2022-05-11 01:29:14,657 [pool-133-thread-1] INFO  storage.RaftStorageDirectory (RaftStorageDirectoryImpl.java:analyzeStorage(135)) - The storage directory /home/runner/work/ozone/ozone/hadoop-ozone/integration-test/target/test-dir/MiniOzoneClusterImpl-ae28b10a-1883-433e-acb0-7438b5479a4c/datanode-1/data/ratis/e6233ef8-8c88-4cd3-85d2-bb2467d81c1b does not exist. Creating ...
2022-05-11 01:29:14,658 [pool-133-thread-1] INFO  storage.RaftStorageDirectory (RaftStorageDirectoryImpl.java:tryLock(230)) - Lock on /home/runner/work/ozone/ozone/hadoop-ozone/integration-test/target/test-dir/MiniOzoneClusterImpl-ae28b10a-1883-433e-acb0-7438b5479a4c/datanode-1/data/ratis/e6233ef8-8c88-4cd3-85d2-bb2467d81c1b/in_use.lock acquired by nodename 4883@fv-az291-847
2022-05-11 01:29:14,660 [pool-133-thread-1] INFO  storage.RaftStorage (RaftStorageImpl.java:format(89)) - Storage directory /home/runner/work/ozone/ozone/hadoop-ozone/integration-test/target/test-dir/MiniOzoneClusterImpl-ae28b10a-1883-433e-acb0-7438b5479a4c/datanode-1/data/ratis/e6233ef8-8c88-4cd3-85d2-bb2467d81c1b has been successfully formatted.
2022-05-11 01:29:14,662 [pool-133-thread-1] INFO  ratis.ContainerStateMachine (ContainerStateMachine.java:loadSnapshot(236)) - group-BB2467D81C1B: The snapshot info is null. Setting the last applied indexto:(t:0, i:~)
2022-05-11 01:29:14,662 [pool-133-thread-1] INFO  server.RaftServerConfigKeys (ConfUtils.java:logGet(44)) - raft.server.notification.no-leader.timeout = 300s (custom)
2022-05-11 01:29:14,662 [pool-133-thread-1] INFO  server.RaftServerConfigKeys (ConfUtils.java:logGet(44)) - raft.server.log.use.memory = false (default)
2022-05-11 01:29:14,662 [pool-133-thread-1] INFO  server.RaftServerConfigKeys (ConfUtils.java:logGet(44)) - raft.server.log.purge.gap = 1000000 (custom)
2022-05-11 01:29:14,662 [pool-133-thread-1] INFO  server.RaftServerConfigKeys (ConfUtils.java:logGet(44)) - raft.server.log.appender.buffer.byte-limit = 33554432 (custom)
2022-05-11 01:29:14,663 [pool-133-thread-1] INFO  server.RaftServerConfigKeys (ConfUtils.java:logGet(44)) - raft.server.log.segment.size.max = 1048576 (custom)
2022-05-11 01:29:14,663 [pool-133-thread-1] INFO  server.RaftServerConfigKeys (ConfUtils.java:logGet(44)) - raft.server.log.segment.cache.num.max = 2 (custom)
2022-05-11 01:29:14,664 [pool-133-thread-1] INFO  server.RaftServerConfigKeys (ConfUtils.java:logGet(44)) - raft.server.log.segment.cache.size.max = 200MB (=209715200) (default)
2022-05-11 01:29:14,664 [pool-133-thread-1] INFO  segmented.SegmentedRaftLogWorker (SegmentedRaftLogWorker.java:<init>(182)) - new 7534a985-5663-44b5-b700-fcde65f49754@group-BB2467D81C1B-SegmentedRaftLogWorker for RaftStorageImpl:Storage Directory /home/runner/work/ozone/ozone/hadoop-ozone/integration-test/target/test-dir/MiniOzoneClusterImpl-ae28b10a-1883-433e-acb0-7438b5479a4c/datanode-1/data/ratis/e6233ef8-8c88-4cd3-85d2-bb2467d81c1b
2022-05-11 01:29:14,664 [pool-133-thread-1] INFO  server.RaftServerConfigKeys (ConfUtils.java:logGet(44)) - raft.server.log.queue.byte-limit = 4294967296 (custom)
2022-05-11 01:29:14,664 [pool-133-thread-1] INFO  server.RaftServerConfigKeys (ConfUtils.java:logGet(44)) - raft.server.log.queue.element-limit = 1024 (custom)
2022-05-11 01:29:14,664 [pool-133-thread-1] INFO  server.RaftServerConfigKeys (ConfUtils.java:logGet(44)) - raft.server.log.segment.size.max = 1048576 (custom)
2022-05-11 01:29:14,664 [pool-133-thread-1] INFO  server.RaftServerConfigKeys (ConfUtils.java:logGet(44)) - raft.server.log.preallocated.size = 16384 (custom)
2022-05-11 01:29:14,664 [pool-133-thread-1] INFO  server.RaftServerConfigKeys (ConfUtils.java:logGet(44)) - raft.server.log.force.sync.num = 128 (default)
2022-05-11 01:29:14,664 [pool-133-thread-1] INFO  server.RaftServerConfigKeys (ConfUtils.java:logGet(44)) - raft.server.log.statemachine.data.sync = true (default)
2022-05-11 01:29:14,664 [pool-133-thread-1] INFO  server.RaftServerConfigKeys (ConfUtils.java:logGet(44)) - raft.server.log.statemachine.data.sync.timeout = 10s (default)
2022-05-11 01:29:14,664 [pool-133-thread-1] INFO  server.RaftServerConfigKeys (ConfUtils.java:logGet(44)) - raft.server.log.statemachine.data.sync.timeout.retry = -1 (default)
2022-05-11 01:29:14,665 [pool-133-thread-1] INFO  server.RaftServerConfigKeys (ConfUtils.java:logGet(44)) - raft.server.log.write.buffer.size = 1048576 (custom)
2022-05-11 01:29:14,666 [pool-133-thread-1] INFO  server.RaftServerConfigKeys (ConfUtils.java:logGet(44)) - raft.server.log.statemachine.data.caching.enabled = true (custom)
2022-05-11 01:29:14,666 [pool-133-thread-1] INFO  segmented.SegmentedRaftLogWorker (SegmentedRaftLogWorker.java:lambda$new$0(133)) - 7534a985-5663-44b5-b700-fcde65f49754@group-BB2467D81C1B-SegmentedRaftLogWorker: flushIndex: setUnconditionally 0 -> -1
2022-05-11 01:29:14,666 [pool-133-thread-1] INFO  segmented.SegmentedRaftLogWorker (SegmentedRaftLogWorker.java:lambda$new$0(133)) - 7534a985-5663-44b5-b700-fcde65f49754@group-BB2467D81C1B-SegmentedRaftLogWorker: safeCacheEvictIndex: setUnconditionally 0 -> -1
2022-05-11 01:29:14,666 [pool-133-thread-1] INFO  server.RaftServerConfigKeys (ConfUtils.java:logGet(44)) - raft.server.snapshot.auto.trigger.enabled = true (custom)
2022-05-11 01:29:14,666 [pool-133-thread-1] INFO  server.RaftServerConfigKeys (ConfUtils.java:logGet(44)) - raft.server.snapshot.auto.trigger.threshold = 10000 (custom)
2022-05-11 01:29:14,666 [pool-133-thread-1] INFO  server.RaftServerConfigKeys (ConfUtils.java:logGet(44)) - raft.server.snapshot.retention.file.num = 5 (custom)
2022-05-11 01:29:14,666 [pool-133-thread-1] INFO  server.RaftServerConfigKeys (ConfUtils.java:logGet(44)) - raft.server.log.purge.upto.snapshot.index = false (default)
2022-05-11 01:29:14,667 [pool-133-thread-1] INFO  server.RaftServerConfigKeys (ConfUtils.java:logGet(44)) - raft.server.retrycache.expirytime = 600000ms (custom)
2022-05-11 01:29:14,667 [pool-133-thread-1] INFO  server.RaftServerConfigKeys (ConfUtils.java:logGet(44)) - raft.server.retrycache.statistics.expirytime = 100μs (default)
2022-05-11 01:29:14,668 [pool-133-thread-1] INFO  server.RaftServer$Division (RaftServerImpl.java:start(301)) - 7534a985-5663-44b5-b700-fcde65f49754@group-BB2467D81C1B: start as a follower, conf=-1: [705ac139-4337-45d7-ba9f-5c344296e65f|rpc:10.1.0.42:37439|dataStream:|priority:0, eee5cc7d-4700-49e9-a538-fde0b838210a|rpc:10.1.0.42:33975|dataStream:|priority:0, 7534a985-5663-44b5-b700-fcde65f49754|rpc:10.1.0.42:34977|dataStream:|priority:1], old=null
2022-05-11 01:29:14,668 [pool-133-thread-1] INFO  server.RaftServer$Division (RaftServerImpl.java:setRole(290)) - 7534a985-5663-44b5-b700-fcde65f49754@group-BB2467D81C1B: changes role from      null to FOLLOWER at term 0 for startAsFollower
2022-05-11 01:29:14,668 [pool-133-thread-1] INFO  impl.RoleInfo (RoleInfo.java:updateAndGet(130)) - 7534a985-5663-44b5-b700-fcde65f49754: start 7534a985-5663-44b5-b700-fcde65f49754@group-BB2467D81C1B-FollowerState
2022-05-11 01:29:14,668 [pool-133-thread-1] INFO  util.JmxRegister (JmxRegister.java:tryRegister(44)) - Successfully registered JMX Bean with object name Ratis:service=RaftServer,group=group-BB2467D81C1B,id=7534a985-5663-44b5-b700-fcde65f49754
2022-05-11 01:29:14,676 [Command processor thread] INFO  commandhandler.CreatePipelineCommandHandler (CreatePipelineCommandHandler.java:handle(113)) - Created Pipeline RATIS THREE PipelineID=e6233ef8-8c88-4cd3-85d2-bb2467d81c1b.
2022-05-11 01:29:14,691 [Command processor thread] INFO  server.RaftServer (RaftServerProxy.java:addNew(95)) - 7534a985-5663-44b5-b700-fcde65f49754: addNew group-21430B2B3C56:[7534a985-5663-44b5-b700-fcde65f49754|rpc:10.1.0.42:34977|priority:1] returns group-21430B2B3C56:java.util.concurrent.CompletableFuture@2b5daae6[Not completed]
2022-05-11 01:29:14,692 [pool-133-thread-1] INFO  server.RaftServer$Division (RaftServerImpl.java:<init>(184)) - 7534a985-5663-44b5-b700-fcde65f49754: new RaftServerImpl for group-21430B2B3C56:[7534a985-5663-44b5-b700-fcde65f49754|rpc:10.1.0.42:34977|priority:1] with ContainerStateMachine:uninitialized
2022-05-11 01:29:14,692 [pool-133-thread-1] INFO  server.RaftServerConfigKeys (ConfUtils.java:logGet(44)) - raft.server.rpc.timeout.min = 5s (custom)
2022-05-11 01:29:14,692 [pool-133-thread-1] INFO  server.RaftServerConfigKeys (ConfUtils.java:logGet(44)) - raft.server.rpc.timeout.max = 5200ms (custom)
2022-05-11 01:29:14,692 [pool-133-thread-1] INFO  server.RaftServerConfigKeys (ConfUtils.java:logGet(44)) - raft.server.rpc.sleep.time = 25ms (default)
2022-05-11 01:29:14,692 [pool-133-thread-1] INFO  server.RaftServerConfigKeys (ConfUtils.java:logGet(44)) - raft.server.rpc.slowness.timeout = 300s (custom)
2022-05-11 01:29:14,692 [pool-133-thread-1] INFO  server.RaftServerConfigKeys (ConfUtils.java:logGet(44)) - raft.server.leaderelection.leader.step-down.wait-time = 10s (default)
2022-05-11 01:29:14,692 [pool-133-thread-1] INFO  server.RaftServerConfigKeys (ConfUtils.java:logGet(44)) - raft.server.sleep.deviation.threshold = 300ms (default)
2022-05-11 01:29:14,693 [pool-133-thread-1] INFO  server.RaftServerConfigKeys (ConfUtils.java:logGet(44)) - raft.server.log.appender.install.snapshot.enabled = false (custom)
2022-05-11 01:29:14,693 [pool-133-thread-1] INFO  server.RaftServer$Division (ServerState.java:<init>(105)) - 7534a985-5663-44b5-b700-fcde65f49754@group-21430B2B3C56: ConfigurationManager, init=-1: [7534a985-5663-44b5-b700-fcde65f49754|rpc:10.1.0.42:34977|priority:1], old=null, confs=<EMPTY_MAP>
2022-05-11 01:29:14,693 [pool-133-thread-1] INFO  server.RaftServerConfigKeys (ConfUtils.java:logGet(44)) - raft.server.storage.dir = [/home/runner/work/ozone/ozone/hadoop-ozone/integration-test/target/test-dir/MiniOzoneClusterImpl-ae28b10a-1883-433e-acb0-7438b5479a4c/datanode-1/data/ratis] (custom)
2022-05-11 01:29:14,693 [pool-133-thread-1] INFO  server.RaftServerConfigKeys (ConfUtils.java:logGet(44)) - raft.server.log.corruption.policy = EXCEPTION (default)
2022-05-11 01:29:14,693 [pool-133-thread-1] INFO  server.RaftServerConfigKeys (ConfUtils.java:logGet(44)) - raft.server.storage.free-space.min = 0MB (=0) (default)
2022-05-11 01:29:14,693 [pool-133-thread-1] INFO  storage.RaftStorageDirectory (RaftStorageDirectoryImpl.java:analyzeStorage(135)) - The storage directory /home/runner/work/ozone/ozone/hadoop-ozone/integration-test/target/test-dir/MiniOzoneClusterImpl-ae28b10a-1883-433e-acb0-7438b5479a4c/datanode-1/data/ratis/baab5fc4-8ed7-4209-ae47-21430b2b3c56 does not exist. Creating ...
2022-05-11 01:29:14,695 [pool-133-thread-1] INFO  storage.RaftStorageDirectory (RaftStorageDirectoryImpl.java:tryLock(230)) - Lock on /home/runner/work/ozone/ozone/hadoop-ozone/integration-test/target/test-dir/MiniOzoneClusterImpl-ae28b10a-1883-433e-acb0-7438b5479a4c/datanode-1/data/ratis/baab5fc4-8ed7-4209-ae47-21430b2b3c56/in_use.lock acquired by nodename 4883@fv-az291-847
2022-05-11 01:29:14,696 [pool-133-thread-1] INFO  storage.RaftStorage (RaftStorageImpl.java:format(89)) - Storage directory /home/runner/work/ozone/ozone/hadoop-ozone/integration-test/target/test-dir/MiniOzoneClusterImpl-ae28b10a-1883-433e-acb0-7438b5479a4c/datanode-1/data/ratis/baab5fc4-8ed7-4209-ae47-21430b2b3c56 has been successfully formatted.
2022-05-11 01:29:14,697 [pool-133-thread-1] INFO  ratis.ContainerStateMachine (ContainerStateMachine.java:loadSnapshot(236)) - group-21430B2B3C56: The snapshot info is null. Setting the last applied indexto:(t:0, i:~)
2022-05-11 01:29:14,697 [pool-133-thread-1] INFO  server.RaftServerConfigKeys (ConfUtils.java:logGet(44)) - raft.server.notification.no-leader.timeout = 300s (custom)
2022-05-11 01:29:14,697 [pool-133-thread-1] INFO  server.RaftServerConfigKeys (ConfUtils.java:logGet(44)) - raft.server.log.use.memory = false (default)
2022-05-11 01:29:14,697 [pool-133-thread-1] INFO  server.RaftServerConfigKeys (ConfUtils.java:logGet(44)) - raft.server.log.purge.gap = 1000000 (custom)
2022-05-11 01:29:14,697 [pool-133-thread-1] INFO  server.RaftServerConfigKeys (ConfUtils.java:logGet(44)) - raft.server.log.appender.buffer.byte-limit = 33554432 (custom)
2022-05-11 01:29:14,698 [pool-133-thread-1] INFO  server.RaftServerConfigKeys (ConfUtils.java:logGet(44)) - raft.server.log.segment.size.max = 1048576 (custom)
2022-05-11 01:29:14,701 [pool-133-thread-1] INFO  server.RaftServerConfigKeys (ConfUtils.java:logGet(44)) - raft.server.log.segment.cache.num.max = 2 (custom)
2022-05-11 01:29:14,701 [pool-133-thread-1] INFO  server.RaftServerConfigKeys (ConfUtils.java:logGet(44)) - raft.server.log.segment.cache.size.max = 200MB (=209715200) (default)
2022-05-11 01:29:14,701 [pool-133-thread-1] INFO  segmented.SegmentedRaftLogWorker (SegmentedRaftLogWorker.java:<init>(182)) - new 7534a985-5663-44b5-b700-fcde65f49754@group-21430B2B3C56-SegmentedRaftLogWorker for RaftStorageImpl:Storage Directory /home/runner/work/ozone/ozone/hadoop-ozone/integration-test/target/test-dir/MiniOzoneClusterImpl-ae28b10a-1883-433e-acb0-7438b5479a4c/datanode-1/data/ratis/baab5fc4-8ed7-4209-ae47-21430b2b3c56
2022-05-11 01:29:14,701 [pool-133-thread-1] INFO  server.RaftServerConfigKeys (ConfUtils.java:logGet(44)) - raft.server.log.queue.byte-limit = 4294967296 (custom)
2022-05-11 01:29:14,702 [pool-133-thread-1] INFO  server.RaftServerConfigKeys (ConfUtils.java:logGet(44)) - raft.server.log.queue.element-limit = 1024 (custom)
2022-05-11 01:29:14,702 [pool-133-thread-1] INFO  server.RaftServerConfigKeys (ConfUtils.java:logGet(44)) - raft.server.log.segment.size.max = 1048576 (custom)
2022-05-11 01:29:14,702 [pool-133-thread-1] INFO  server.RaftServerConfigKeys (ConfUtils.java:logGet(44)) - raft.server.log.preallocated.size = 16384 (custom)
2022-05-11 01:29:14,702 [pool-133-thread-1] INFO  server.RaftServerConfigKeys (ConfUtils.java:logGet(44)) - raft.server.log.force.sync.num = 128 (default)
2022-05-11 01:29:14,702 [pool-133-thread-1] INFO  server.RaftServerConfigKeys (ConfUtils.java:logGet(44)) - raft.server.log.statemachine.data.sync = true (default)
2022-05-11 01:29:14,702 [EventQueue-PipelineReportForPipelineReportHandler] INFO  pipeline.PipelineManagerImpl (PipelineManagerImpl.java:openPipeline(336)) - Pipeline Pipeline[ Id: baab5fc4-8ed7-4209-ae47-21430b2b3c56, Nodes: 7534a985-5663-44b5-b700-fcde65f49754{ip: 10.1.0.42, host: fv-az291-847.wgnan5asplgejimfprtllbpdch.jx.internal.cloudapp.net, ports: [REPLICATION=35267, RATIS=34977, RATIS_ADMIN=34977, RATIS_SERVER=34977, STANDALONE=38477], networkLocation: /default-rack, certSerialId: null, persistedOpState: IN_SERVICE, persistedOpStateExpiryEpochSec: 0}, ReplicationConfig: RATIS/ONE, State:ALLOCATED, leaderId:7534a985-5663-44b5-b700-fcde65f49754, CreationTimestamp2022-05-11T01:29:11.697Z[Etc/UTC]] moved to OPEN state
2022-05-11 01:29:14,702 [pool-133-thread-1] INFO  server.RaftServerConfigKeys (ConfUtils.java:logGet(44)) - raft.server.log.statemachine.data.sync.timeout = 10s (default)
2022-05-11 01:29:14,702 [pool-133-thread-1] INFO  server.RaftServerConfigKeys (ConfUtils.java:logGet(44)) - raft.server.log.statemachine.data.sync.timeout.retry = -1 (default)
2022-05-11 01:29:14,703 [EventQueue-OpenPipelineForHealthyPipelineSafeModeRule] INFO  safemode.SCMSafeModeManager (HealthyPipelineSafeModeRule.java:process(124)) - SCM in safe mode. Healthy pipelines reported count is 0, required healthy pipeline reported count is 1
2022-05-11 01:29:14,704 [pool-133-thread-1] INFO  server.RaftServerConfigKeys (ConfUtils.java:logGet(44)) - raft.server.log.write.buffer.size = 1048576 (custom)
2022-05-11 01:29:14,705 [pool-133-thread-1] INFO  server.RaftServerConfigKeys (ConfUtils.java:logGet(44)) - raft.server.log.statemachine.data.caching.enabled = true (custom)
2022-05-11 01:29:14,705 [pool-133-thread-1] INFO  segmented.SegmentedRaftLogWorker (SegmentedRaftLogWorker.java:lambda$new$0(133)) - 7534a985-5663-44b5-b700-fcde65f49754@group-21430B2B3C56-SegmentedRaftLogWorker: flushIndex: setUnconditionally 0 -> -1
2022-05-11 01:29:14,706 [pool-133-thread-1] INFO  segmented.SegmentedRaftLogWorker (SegmentedRaftLogWorker.java:lambda$new$0(133)) - 7534a985-5663-44b5-b700-fcde65f49754@group-21430B2B3C56-SegmentedRaftLogWorker: safeCacheEvictIndex: setUnconditionally 0 -> -1
2022-05-11 01:29:14,706 [pool-133-thread-1] INFO  server.RaftServerConfigKeys (ConfUtils.java:logGet(44)) - raft.server.snapshot.auto.trigger.enabled = true (custom)
2022-05-11 01:29:14,706 [pool-133-thread-1] INFO  server.RaftServerConfigKeys (ConfUtils.java:logGet(44)) - raft.server.snapshot.auto.trigger.threshold = 10000 (custom)
2022-05-11 01:29:14,706 [pool-133-thread-1] INFO  server.RaftServerConfigKeys (ConfUtils.java:logGet(44)) - raft.server.snapshot.retention.file.num = 5 (custom)
2022-05-11 01:29:14,706 [pool-133-thread-1] INFO  server.RaftServerConfigKeys (ConfUtils.java:logGet(44)) - raft.server.log.purge.upto.snapshot.index = false (default)
2022-05-11 01:29:14,706 [pool-133-thread-1] INFO  server.RaftServerConfigKeys (ConfUtils.java:logGet(44)) - raft.server.retrycache.expirytime = 600000ms (custom)
2022-05-11 01:29:14,706 [pool-133-thread-1] INFO  server.RaftServerConfigKeys (ConfUtils.java:logGet(44)) - raft.server.retrycache.statistics.expirytime = 100μs (default)
2022-05-11 01:29:14,708 [pool-133-thread-1] INFO  server.RaftServer$Division (RaftServerImpl.java:start(301)) - 7534a985-5663-44b5-b700-fcde65f49754@group-21430B2B3C56: start as a follower, conf=-1: [7534a985-5663-44b5-b700-fcde65f49754|rpc:10.1.0.42:34977|priority:1], old=null
2022-05-11 01:29:14,708 [pool-133-thread-1] INFO  server.RaftServer$Division (RaftServerImpl.java:setRole(290)) - 7534a985-5663-44b5-b700-fcde65f49754@group-21430B2B3C56: changes role from      null to FOLLOWER at term 0 for startAsFollower
2022-05-11 01:29:14,708 [pool-133-thread-1] INFO  impl.RoleInfo (RoleInfo.java:updateAndGet(130)) - 7534a985-5663-44b5-b700-fcde65f49754: start 7534a985-5663-44b5-b700-fcde65f49754@group-21430B2B3C56-FollowerState
2022-05-11 01:29:14,708 [pool-133-thread-1] INFO  util.JmxRegister (JmxRegister.java:tryRegister(44)) - Successfully registered JMX Bean with object name Ratis:service=RaftServer,group=group-21430B2B3C56,id=7534a985-5663-44b5-b700-fcde65f49754
2022-05-11 01:29:14,709 [Command processor thread] INFO  ratis.XceiverServerRatis (XceiverServerRatis.java:addGroup(765)) - Created group PipelineID=baab5fc4-8ed7-4209-ae47-21430b2b3c56
2022-05-11 01:29:14,709 [Command processor thread] INFO  commandhandler.CreatePipelineCommandHandler (CreatePipelineCommandHandler.java:handle(113)) - Created Pipeline RATIS ONE PipelineID=baab5fc4-8ed7-4209-ae47-21430b2b3c56.
2022-05-11 01:29:15,073 [Listener at 127.0.0.1/43241] INFO  ozone.MiniOzoneClusterImpl (MiniOzoneClusterImpl.java:lambda$waitForClusterToBeReady$0(221)) - Nodes are ready. Got 3 of 3 DN Heartbeats.
2022-05-11 01:29:15,074 [Listener at 127.0.0.1/43241] INFO  ozone.MiniOzoneClusterImpl (MiniOzoneClusterImpl.java:lambda$waitForClusterToBeReady$0(224)) - Waiting for cluster to exit safe mode
2022-05-11 01:29:15,074 [Listener at 127.0.0.1/43241] INFO  ozone.MiniOzoneClusterImpl (MiniOzoneClusterImpl.java:lambda$waitForClusterToBeReady$0(226)) - SCM became leader
2022-05-11 01:29:15,076 [Command processor thread] INFO  server.RaftServer (RaftServerProxy.java:addNew(95)) - eee5cc7d-4700-49e9-a538-fde0b838210a: addNew group-6DC9B324F7A5:[eee5cc7d-4700-49e9-a538-fde0b838210a|rpc:10.1.0.42:33975|priority:1] returns group-6DC9B324F7A5:java.util.concurrent.CompletableFuture@4ce3cc61[Not completed]
2022-05-11 01:29:15,077 [pool-154-thread-1] INFO  server.RaftServer$Division (RaftServerImpl.java:<init>(184)) - eee5cc7d-4700-49e9-a538-fde0b838210a: new RaftServerImpl for group-6DC9B324F7A5:[eee5cc7d-4700-49e9-a538-fde0b838210a|rpc:10.1.0.42:33975|priority:1] with ContainerStateMachine:uninitialized
2022-05-11 01:29:15,078 [pool-154-thread-1] INFO  server.RaftServerConfigKeys (ConfUtils.java:logGet(44)) - raft.server.rpc.timeout.min = 5s (custom)
2022-05-11 01:29:15,078 [pool-154-thread-1] INFO  server.RaftServerConfigKeys (ConfUtils.java:logGet(44)) - raft.server.rpc.timeout.max = 5200ms (custom)
2022-05-11 01:29:15,078 [pool-154-thread-1] INFO  server.RaftServerConfigKeys (ConfUtils.java:logGet(44)) - raft.server.rpc.sleep.time = 25ms (default)
2022-05-11 01:29:15,078 [pool-154-thread-1] INFO  server.RaftServerConfigKeys (ConfUtils.java:logGet(44)) - raft.server.rpc.slowness.timeout = 300s (custom)
2022-05-11 01:29:15,078 [pool-154-thread-1] INFO  server.RaftServerConfigKeys (ConfUtils.java:logGet(44)) - raft.server.leaderelection.leader.step-down.wait-time = 10s (default)
2022-05-11 01:29:15,078 [pool-154-thread-1] INFO  server.RaftServerConfigKeys (ConfUtils.java:logGet(44)) - raft.server.sleep.deviation.threshold = 300ms (default)
2022-05-11 01:29:15,078 [pool-154-thread-1] INFO  server.RaftServerConfigKeys (ConfUtils.java:logGet(44)) - raft.server.log.appender.install.snapshot.enabled = false (custom)
2022-05-11 01:29:15,078 [pool-154-thread-1] INFO  server.RaftServer$Division (ServerState.java:<init>(105)) - eee5cc7d-4700-49e9-a538-fde0b838210a@group-6DC9B324F7A5: ConfigurationManager, init=-1: [eee5cc7d-4700-49e9-a538-fde0b838210a|rpc:10.1.0.42:33975|priority:1], old=null, confs=<EMPTY_MAP>
2022-05-11 01:29:15,078 [pool-154-thread-1] INFO  server.RaftServerConfigKeys (ConfUtils.java:logGet(44)) - raft.server.storage.dir = [/home/runner/work/ozone/ozone/hadoop-ozone/integration-test/target/test-dir/MiniOzoneClusterImpl-ae28b10a-1883-433e-acb0-7438b5479a4c/datanode-2/data/ratis] (custom)
2022-05-11 01:29:15,078 [pool-154-thread-1] INFO  server.RaftServerConfigKeys (ConfUtils.java:logGet(44)) - raft.server.log.corruption.policy = EXCEPTION (default)
2022-05-11 01:29:15,078 [pool-154-thread-1] INFO  server.RaftServerConfigKeys (ConfUtils.java:logGet(44)) - raft.server.storage.free-space.min = 0MB (=0) (default)
2022-05-11 01:29:15,079 [pool-154-thread-1] INFO  storage.RaftStorageDirectory (RaftStorageDirectoryImpl.java:analyzeStorage(135)) - The storage directory /home/runner/work/ozone/ozone/hadoop-ozone/integration-test/target/test-dir/MiniOzoneClusterImpl-ae28b10a-1883-433e-acb0-7438b5479a4c/datanode-2/data/ratis/455f2ac9-a1b3-4de8-9b96-6dc9b324f7a5 does not exist. Creating ...
2022-05-11 01:29:15,080 [pool-154-thread-1] INFO  storage.RaftStorageDirectory (RaftStorageDirectoryImpl.java:tryLock(230)) - Lock on /home/runner/work/ozone/ozone/hadoop-ozone/integration-test/target/test-dir/MiniOzoneClusterImpl-ae28b10a-1883-433e-acb0-7438b5479a4c/datanode-2/data/ratis/455f2ac9-a1b3-4de8-9b96-6dc9b324f7a5/in_use.lock acquired by nodename 4883@fv-az291-847
2022-05-11 01:29:15,083 [pool-154-thread-1] INFO  storage.RaftStorage (RaftStorageImpl.java:format(89)) - Storage directory /home/runner/work/ozone/ozone/hadoop-ozone/integration-test/target/test-dir/MiniOzoneClusterImpl-ae28b10a-1883-433e-acb0-7438b5479a4c/datanode-2/data/ratis/455f2ac9-a1b3-4de8-9b96-6dc9b324f7a5 has been successfully formatted.
2022-05-11 01:29:15,083 [pool-154-thread-1] INFO  ratis.ContainerStateMachine (ContainerStateMachine.java:loadSnapshot(236)) - group-6DC9B324F7A5: The snapshot info is null. Setting the last applied indexto:(t:0, i:~)
2022-05-11 01:29:15,083 [pool-154-thread-1] INFO  server.RaftServerConfigKeys (ConfUtils.java:logGet(44)) - raft.server.notification.no-leader.timeout = 300s (custom)
2022-05-11 01:29:15,084 [pool-154-thread-1] INFO  server.RaftServerConfigKeys (ConfUtils.java:logGet(44)) - raft.server.log.use.memory = false (default)
2022-05-11 01:29:15,084 [pool-154-thread-1] INFO  server.RaftServerConfigKeys (ConfUtils.java:logGet(44)) - raft.server.log.purge.gap = 1000000 (custom)
2022-05-11 01:29:15,084 [pool-154-thread-1] INFO  server.RaftServerConfigKeys (ConfUtils.java:logGet(44)) - raft.server.log.appender.buffer.byte-limit = 33554432 (custom)
2022-05-11 01:29:15,084 [pool-154-thread-1] INFO  server.RaftServerConfigKeys (ConfUtils.java:logGet(44)) - raft.server.log.segment.size.max = 1048576 (custom)
2022-05-11 01:29:15,086 [EventQueue-PipelineReportForPipelineReportHandler] INFO  pipeline.PipelineManagerImpl (PipelineManagerImpl.java:openPipeline(336)) - Pipeline Pipeline[ Id: 455f2ac9-a1b3-4de8-9b96-6dc9b324f7a5, Nodes: eee5cc7d-4700-49e9-a538-fde0b838210a{ip: 10.1.0.42, host: fv-az291-847.wgnan5asplgejimfprtllbpdch.jx.internal.cloudapp.net, ports: [REPLICATION=43993, RATIS=33975, RATIS_ADMIN=33975, RATIS_SERVER=33975, STANDALONE=43291], networkLocation: /default-rack, certSerialId: null, persistedOpState: IN_SERVICE, persistedOpStateExpiryEpochSec: 0}, ReplicationConfig: RATIS/ONE, State:ALLOCATED, leaderId:eee5cc7d-4700-49e9-a538-fde0b838210a, CreationTimestamp2022-05-11T01:29:12.081Z[Etc/UTC]] moved to OPEN state
2022-05-11 01:29:15,086 [pool-154-thread-1] INFO  server.RaftServerConfigKeys (ConfUtils.java:logGet(44)) - raft.server.log.segment.cache.num.max = 2 (custom)
2022-05-11 01:29:15,087 [pool-154-thread-1] INFO  server.RaftServerConfigKeys (ConfUtils.java:logGet(44)) - raft.server.log.segment.cache.size.max = 200MB (=209715200) (default)
2022-05-11 01:29:15,087 [pool-154-thread-1] INFO  segmented.SegmentedRaftLogWorker (SegmentedRaftLogWorker.java:<init>(182)) - new eee5cc7d-4700-49e9-a538-fde0b838210a@group-6DC9B324F7A5-SegmentedRaftLogWorker for RaftStorageImpl:Storage Directory /home/runner/work/ozone/ozone/hadoop-ozone/integration-test/target/test-dir/MiniOzoneClusterImpl-ae28b10a-1883-433e-acb0-7438b5479a4c/datanode-2/data/ratis/455f2ac9-a1b3-4de8-9b96-6dc9b324f7a5
2022-05-11 01:29:15,087 [pool-154-thread-1] INFO  server.RaftServerConfigKeys (ConfUtils.java:logGet(44)) - raft.server.log.queue.byte-limit = 4294967296 (custom)
2022-05-11 01:29:15,087 [EventQueue-OpenPipelineForHealthyPipelineSafeModeRule] INFO  safemode.SCMSafeModeManager (HealthyPipelineSafeModeRule.java:process(124)) - SCM in safe mode. Healthy pipelines reported count is 0, required healthy pipeline reported count is 1
2022-05-11 01:29:15,088 [pool-154-thread-1] INFO  server.RaftServerConfigKeys (ConfUtils.java:logGet(44)) - raft.server.log.queue.element-limit = 1024 (custom)
2022-05-11 01:29:15,088 [pool-154-thread-1] INFO  server.RaftServerConfigKeys (ConfUtils.java:logGet(44)) - raft.server.log.segment.size.max = 1048576 (custom)
2022-05-11 01:29:15,088 [pool-154-thread-1] INFO  server.RaftServerConfigKeys (ConfUtils.java:logGet(44)) - raft.server.log.preallocated.size = 16384 (custom)
2022-05-11 01:29:15,088 [pool-154-thread-1] INFO  server.RaftServerConfigKeys (ConfUtils.java:logGet(44)) - raft.server.log.force.sync.num = 128 (default)
2022-05-11 01:29:15,088 [pool-154-thread-1] INFO  server.RaftServerConfigKeys (ConfUtils.java:logGet(44)) - raft.server.log.statemachine.data.sync = true (default)
2022-05-11 01:29:15,088 [pool-154-thread-1] INFO  server.RaftServerConfigKeys (ConfUtils.java:logGet(44)) - raft.server.log.statemachine.data.sync.timeout = 10s (default)
2022-05-11 01:29:15,088 [pool-154-thread-1] INFO  server.RaftServerConfigKeys (ConfUtils.java:logGet(44)) - raft.server.log.statemachine.data.sync.timeout.retry = -1 (default)
2022-05-11 01:29:15,089 [pool-154-thread-1] INFO  server.RaftServerConfigKeys (ConfUtils.java:logGet(44)) - raft.server.log.write.buffer.size = 1048576 (custom)
2022-05-11 01:29:15,090 [pool-154-thread-1] INFO  server.RaftServerConfigKeys (ConfUtils.java:logGet(44)) - raft.server.log.statemachine.data.caching.enabled = true (custom)
2022-05-11 01:29:15,090 [pool-154-thread-1] INFO  segmented.SegmentedRaftLogWorker (SegmentedRaftLogWorker.java:lambda$new$0(133)) - eee5cc7d-4700-49e9-a538-fde0b838210a@group-6DC9B324F7A5-SegmentedRaftLogWorker: flushIndex: setUnconditionally 0 -> -1
2022-05-11 01:29:15,090 [pool-154-thread-1] INFO  segmented.SegmentedRaftLogWorker (SegmentedRaftLogWorker.java:lambda$new$0(133)) - eee5cc7d-4700-49e9-a538-fde0b838210a@group-6DC9B324F7A5-SegmentedRaftLogWorker: safeCacheEvictIndex: setUnconditionally 0 -> -1
2022-05-11 01:29:15,091 [pool-154-thread-1] INFO  server.RaftServerConfigKeys (ConfUtils.java:logGet(44)) - raft.server.snapshot.auto.trigger.enabled = true (custom)
2022-05-11 01:29:15,091 [pool-154-thread-1] INFO  server.RaftServerConfigKeys (ConfUtils.java:logGet(44)) - raft.server.snapshot.auto.trigger.threshold = 10000 (custom)
2022-05-11 01:29:15,091 [pool-154-thread-1] INFO  server.RaftServerConfigKeys (ConfUtils.java:logGet(44)) - raft.server.snapshot.retention.file.num = 5 (custom)
2022-05-11 01:29:15,091 [pool-154-thread-1] INFO  server.RaftServerConfigKeys (ConfUtils.java:logGet(44)) - raft.server.log.purge.upto.snapshot.index = false (default)
2022-05-11 01:29:15,091 [pool-154-thread-1] INFO  server.RaftServerConfigKeys (ConfUtils.java:logGet(44)) - raft.server.retrycache.expirytime = 600000ms (custom)
2022-05-11 01:29:15,091 [pool-154-thread-1] INFO  server.RaftServerConfigKeys (ConfUtils.java:logGet(44)) - raft.server.retrycache.statistics.expirytime = 100μs (default)
2022-05-11 01:29:15,092 [pool-154-thread-1] INFO  server.RaftServer$Division (RaftServerImpl.java:start(301)) - eee5cc7d-4700-49e9-a538-fde0b838210a@group-6DC9B324F7A5: start as a follower, conf=-1: [eee5cc7d-4700-49e9-a538-fde0b838210a|rpc:10.1.0.42:33975|priority:1], old=null
2022-05-11 01:29:15,092 [pool-154-thread-1] INFO  server.RaftServer$Division (RaftServerImpl.java:setRole(290)) - eee5cc7d-4700-49e9-a538-fde0b838210a@group-6DC9B324F7A5: changes role from      null to FOLLOWER at term 0 for startAsFollower
2022-05-11 01:29:15,092 [pool-154-thread-1] INFO  impl.RoleInfo (RoleInfo.java:updateAndGet(130)) - eee5cc7d-4700-49e9-a538-fde0b838210a: start eee5cc7d-4700-49e9-a538-fde0b838210a@group-6DC9B324F7A5-FollowerState
2022-05-11 01:29:15,095 [pool-154-thread-1] INFO  util.JmxRegister (JmxRegister.java:tryRegister(44)) - Successfully registered JMX Bean with object name Ratis:service=RaftServer,group=group-6DC9B324F7A5,id=eee5cc7d-4700-49e9-a538-fde0b838210a
2022-05-11 01:29:15,096 [Command processor thread] INFO  ratis.XceiverServerRatis (XceiverServerRatis.java:addGroup(765)) - Created group PipelineID=455f2ac9-a1b3-4de8-9b96-6dc9b324f7a5
2022-05-11 01:29:15,096 [Command processor thread] INFO  commandhandler.CreatePipelineCommandHandler (CreatePipelineCommandHandler.java:handle(113)) - Created Pipeline RATIS ONE PipelineID=455f2ac9-a1b3-4de8-9b96-6dc9b324f7a5.
2022-05-11 01:29:16,074 [Listener at 127.0.0.1/43241] INFO  ozone.MiniOzoneClusterImpl (MiniOzoneClusterImpl.java:lambda$waitForClusterToBeReady$0(221)) - Nodes are ready. Got 3 of 3 DN Heartbeats.
2022-05-11 01:29:16,075 [Listener at 127.0.0.1/43241] INFO  ozone.MiniOzoneClusterImpl (MiniOzoneClusterImpl.java:lambda$waitForClusterToBeReady$0(224)) - Waiting for cluster to exit safe mode
2022-05-11 01:29:16,075 [Listener at 127.0.0.1/43241] INFO  ozone.MiniOzoneClusterImpl (MiniOzoneClusterImpl.java:lambda$waitForClusterToBeReady$0(226)) - SCM became leader
2022-05-11 01:29:17,075 [Listener at 127.0.0.1/43241] INFO  ozone.MiniOzoneClusterImpl (MiniOzoneClusterImpl.java:lambda$waitForClusterToBeReady$0(221)) - Nodes are ready. Got 3 of 3 DN Heartbeats.
2022-05-11 01:29:17,076 [Listener at 127.0.0.1/43241] INFO  ozone.MiniOzoneClusterImpl (MiniOzoneClusterImpl.java:lambda$waitForClusterToBeReady$0(224)) - Waiting for cluster to exit safe mode
2022-05-11 01:29:17,076 [Listener at 127.0.0.1/43241] INFO  ozone.MiniOzoneClusterImpl (MiniOzoneClusterImpl.java:lambda$waitForClusterToBeReady$0(226)) - SCM became leader
2022-05-11 01:29:18,076 [Listener at 127.0.0.1/43241] INFO  ozone.MiniOzoneClusterImpl (MiniOzoneClusterImpl.java:lambda$waitForClusterToBeReady$0(221)) - Nodes are ready. Got 3 of 3 DN Heartbeats.
2022-05-11 01:29:18,077 [Listener at 127.0.0.1/43241] INFO  ozone.MiniOzoneClusterImpl (MiniOzoneClusterImpl.java:lambda$waitForClusterToBeReady$0(224)) - Waiting for cluster to exit safe mode
2022-05-11 01:29:18,077 [Listener at 127.0.0.1/43241] INFO  ozone.MiniOzoneClusterImpl (MiniOzoneClusterImpl.java:lambda$waitForClusterToBeReady$0(226)) - SCM became leader
2022-05-11 01:29:19,077 [Listener at 127.0.0.1/43241] INFO  ozone.MiniOzoneClusterImpl (MiniOzoneClusterImpl.java:lambda$waitForClusterToBeReady$0(221)) - Nodes are ready. Got 3 of 3 DN Heartbeats.
2022-05-11 01:29:19,078 [Listener at 127.0.0.1/43241] INFO  ozone.MiniOzoneClusterImpl (MiniOzoneClusterImpl.java:lambda$waitForClusterToBeReady$0(224)) - Waiting for cluster to exit safe mode
2022-05-11 01:29:19,078 [Listener at 127.0.0.1/43241] INFO  ozone.MiniOzoneClusterImpl (MiniOzoneClusterImpl.java:lambda$waitForClusterToBeReady$0(226)) - SCM became leader
2022-05-11 01:29:19,356 [705ac139-4337-45d7-ba9f-5c344296e65f@group-D8C08AEA218B-FollowerState] INFO  impl.FollowerState (FollowerState.java:run(134)) - 705ac139-4337-45d7-ba9f-5c344296e65f@group-D8C08AEA218B-FollowerState: change to CANDIDATE, lastRpcElapsedTime:5020051036ns, electionTimeout:5006ms
2022-05-11 01:29:19,356 [705ac139-4337-45d7-ba9f-5c344296e65f@group-D8C08AEA218B-FollowerState] INFO  impl.RoleInfo (RoleInfo.java:shutdownFollowerState(108)) - 705ac139-4337-45d7-ba9f-5c344296e65f: shutdown 705ac139-4337-45d7-ba9f-5c344296e65f@group-D8C08AEA218B-FollowerState
2022-05-11 01:29:19,356 [705ac139-4337-45d7-ba9f-5c344296e65f@group-D8C08AEA218B-FollowerState] INFO  server.RaftServer$Division (RaftServerImpl.java:setRole(290)) - 705ac139-4337-45d7-ba9f-5c344296e65f@group-D8C08AEA218B: changes role from  FOLLOWER to CANDIDATE at term 0 for changeToCandidate
2022-05-11 01:29:19,356 [705ac139-4337-45d7-ba9f-5c344296e65f@group-D8C08AEA218B-FollowerState] INFO  server.RaftServerConfigKeys (ConfUtils.java:logGet(44)) - raft.server.leaderelection.pre-vote = false (custom)
2022-05-11 01:29:19,356 [705ac139-4337-45d7-ba9f-5c344296e65f@group-D8C08AEA218B-FollowerState] INFO  impl.RoleInfo (RoleInfo.java:updateAndGet(130)) - 705ac139-4337-45d7-ba9f-5c344296e65f: start 705ac139-4337-45d7-ba9f-5c344296e65f@group-D8C08AEA218B-LeaderElection2
2022-05-11 01:29:19,360 [705ac139-4337-45d7-ba9f-5c344296e65f@group-D8C08AEA218B-LeaderElection2] INFO  impl.LeaderElection (LeaderElection.java:askForVotes(306)) - 705ac139-4337-45d7-ba9f-5c344296e65f@group-D8C08AEA218B-LeaderElection2 ELECTION round 0: submit vote requests at term 1 for -1: [705ac139-4337-45d7-ba9f-5c344296e65f|rpc:10.1.0.42:37439|priority:1, eee5cc7d-4700-49e9-a538-fde0b838210a|rpc:10.1.0.42:33975|priority:0, 7534a985-5663-44b5-b700-fcde65f49754|rpc:10.1.0.42:34977|priority:0], old=null
2022-05-11 01:29:19,373 [grpc-default-executor-0] INFO  server.RaftServer$Division (RaftServerImpl.java:requestVote(1046)) - eee5cc7d-4700-49e9-a538-fde0b838210a@group-D8C08AEA218B: receive requestVote(ELECTION, 705ac139-4337-45d7-ba9f-5c344296e65f, group-D8C08AEA218B, 1, (t:0, i:0))
2022-05-11 01:29:19,374 [grpc-default-executor-0] INFO  impl.VoteContext (VoteContext.java:log(48)) - eee5cc7d-4700-49e9-a538-fde0b838210a@group-D8C08AEA218B-FOLLOWER: accept ELECTION from 705ac139-4337-45d7-ba9f-5c344296e65f: our priority 0 <= candidate's priority 1
2022-05-11 01:29:19,374 [grpc-default-executor-0] INFO  server.RaftServer$Division (RaftServerImpl.java:setRole(290)) - eee5cc7d-4700-49e9-a538-fde0b838210a@group-D8C08AEA218B: changes role from  FOLLOWER to FOLLOWER at term 1 for candidate:705ac139-4337-45d7-ba9f-5c344296e65f
2022-05-11 01:29:19,374 [grpc-default-executor-0] INFO  impl.RoleInfo (RoleInfo.java:shutdownFollowerState(108)) - eee5cc7d-4700-49e9-a538-fde0b838210a: shutdown eee5cc7d-4700-49e9-a538-fde0b838210a@group-D8C08AEA218B-FollowerState
2022-05-11 01:29:19,374 [grpc-default-executor-0] INFO  impl.RoleInfo (RoleInfo.java:updateAndGet(130)) - eee5cc7d-4700-49e9-a538-fde0b838210a: start eee5cc7d-4700-49e9-a538-fde0b838210a@group-D8C08AEA218B-FollowerState
2022-05-11 01:29:19,374 [eee5cc7d-4700-49e9-a538-fde0b838210a@group-D8C08AEA218B-FollowerState] INFO  impl.FollowerState (FollowerState.java:run(143)) - eee5cc7d-4700-49e9-a538-fde0b838210a@group-D8C08AEA218B-FollowerState was interrupted: {}
java.lang.InterruptedException: sleep interrupted
	at java.lang.Thread.sleep(Native Method)
	at java.lang.Thread.sleep(Thread.java:342)
	at java.util.concurrent.TimeUnit.sleep(TimeUnit.java:386)
	at org.apache.ratis.util.TimeDuration.sleep(TimeDuration.java:324)
	at org.apache.ratis.util.TimeDuration.sleep(TimeDuration.java:309)
	at org.apache.ratis.server.impl.FollowerState.run(FollowerState.java:118)
2022-05-11 01:29:19,383 [grpc-default-executor-2] INFO  server.RaftServer$Division (RaftServerImpl.java:requestVote(1046)) - 7534a985-5663-44b5-b700-fcde65f49754@group-D8C08AEA218B: receive requestVote(ELECTION, 705ac139-4337-45d7-ba9f-5c344296e65f, group-D8C08AEA218B, 1, (t:0, i:0))
2022-05-11 01:29:19,383 [grpc-default-executor-2] INFO  impl.VoteContext (VoteContext.java:log(48)) - 7534a985-5663-44b5-b700-fcde65f49754@group-D8C08AEA218B-FOLLOWER: accept ELECTION from 705ac139-4337-45d7-ba9f-5c344296e65f: our priority 0 <= candidate's priority 1
2022-05-11 01:29:19,384 [grpc-default-executor-2] INFO  server.RaftServer$Division (RaftServerImpl.java:setRole(290)) - 7534a985-5663-44b5-b700-fcde65f49754@group-D8C08AEA218B: changes role from  FOLLOWER to FOLLOWER at term 1 for candidate:705ac139-4337-45d7-ba9f-5c344296e65f
2022-05-11 01:29:19,384 [grpc-default-executor-2] INFO  impl.RoleInfo (RoleInfo.java:shutdownFollowerState(108)) - 7534a985-5663-44b5-b700-fcde65f49754: shutdown 7534a985-5663-44b5-b700-fcde65f49754@group-D8C08AEA218B-FollowerState
2022-05-11 01:29:19,384 [grpc-default-executor-2] INFO  impl.RoleInfo (RoleInfo.java:updateAndGet(130)) - 7534a985-5663-44b5-b700-fcde65f49754: start 7534a985-5663-44b5-b700-fcde65f49754@group-D8C08AEA218B-FollowerState
2022-05-11 01:29:19,384 [7534a985-5663-44b5-b700-fcde65f49754@group-D8C08AEA218B-FollowerState] INFO  impl.FollowerState (FollowerState.java:run(143)) - 7534a985-5663-44b5-b700-fcde65f49754@group-D8C08AEA218B-FollowerState was interrupted: {}
java.lang.InterruptedException: sleep interrupted
	at java.lang.Thread.sleep(Native Method)
	at java.lang.Thread.sleep(Thread.java:342)
	at java.util.concurrent.TimeUnit.sleep(TimeUnit.java:386)
	at org.apache.ratis.util.TimeDuration.sleep(TimeDuration.java:324)
	at org.apache.ratis.util.TimeDuration.sleep(TimeDuration.java:309)
	at org.apache.ratis.server.impl.FollowerState.run(FollowerState.java:118)
2022-05-11 01:29:19,391 [grpc-default-executor-0] INFO  server.RaftServer$Division (RaftServerImpl.java:requestVote(1078)) - eee5cc7d-4700-49e9-a538-fde0b838210a@group-D8C08AEA218B replies to ELECTION vote request: 705ac139-4337-45d7-ba9f-5c344296e65f<-eee5cc7d-4700-49e9-a538-fde0b838210a#0:OK-t1. Peer's state: eee5cc7d-4700-49e9-a538-fde0b838210a@group-D8C08AEA218B:t1, leader=null, voted=705ac139-4337-45d7-ba9f-5c344296e65f, raftlog=eee5cc7d-4700-49e9-a538-fde0b838210a@group-D8C08AEA218B-SegmentedRaftLog:OPENED:c-1, conf=-1: [705ac139-4337-45d7-ba9f-5c344296e65f|rpc:10.1.0.42:37439|dataStream:|priority:1, eee5cc7d-4700-49e9-a538-fde0b838210a|rpc:10.1.0.42:33975|dataStream:|priority:0, 7534a985-5663-44b5-b700-fcde65f49754|rpc:10.1.0.42:34977|dataStream:|priority:0], old=null
2022-05-11 01:29:19,392 [grpc-default-executor-2] INFO  server.RaftServer$Division (RaftServerImpl.java:requestVote(1078)) - 7534a985-5663-44b5-b700-fcde65f49754@group-D8C08AEA218B replies to ELECTION vote request: 705ac139-4337-45d7-ba9f-5c344296e65f<-7534a985-5663-44b5-b700-fcde65f49754#0:OK-t1. Peer's state: 7534a985-5663-44b5-b700-fcde65f49754@group-D8C08AEA218B:t1, leader=null, voted=705ac139-4337-45d7-ba9f-5c344296e65f, raftlog=7534a985-5663-44b5-b700-fcde65f49754@group-D8C08AEA218B-SegmentedRaftLog:OPENED:c-1, conf=-1: [705ac139-4337-45d7-ba9f-5c344296e65f|rpc:10.1.0.42:37439|dataStream:|priority:1, eee5cc7d-4700-49e9-a538-fde0b838210a|rpc:10.1.0.42:33975|dataStream:|priority:0, 7534a985-5663-44b5-b700-fcde65f49754|rpc:10.1.0.42:34977|dataStream:|priority:0], old=null
2022-05-11 01:29:19,394 [705ac139-4337-45d7-ba9f-5c344296e65f@group-D8C08AEA218B-LeaderElection2] INFO  impl.LeaderElection (LeaderElection.java:logAndReturn(89)) - 705ac139-4337-45d7-ba9f-5c344296e65f@group-D8C08AEA218B-LeaderElection2: ELECTION PASSED received 1 response(s) and 0 exception(s):
2022-05-11 01:29:19,394 [705ac139-4337-45d7-ba9f-5c344296e65f@group-D8C08AEA218B-LeaderElection2] INFO  impl.LeaderElection (LeaderElection.java:logAndReturn(93)) -   Response 0: 705ac139-4337-45d7-ba9f-5c344296e65f<-eee5cc7d-4700-49e9-a538-fde0b838210a#0:OK-t1
2022-05-11 01:29:19,394 [705ac139-4337-45d7-ba9f-5c344296e65f@group-D8C08AEA218B-LeaderElection2] INFO  impl.LeaderElection (LeaderElection.java:askForVotes(308)) - 705ac139-4337-45d7-ba9f-5c344296e65f@group-D8C08AEA218B-LeaderElection2 ELECTION round 0: result PASSED
2022-05-11 01:29:19,394 [705ac139-4337-45d7-ba9f-5c344296e65f@group-D8C08AEA218B-LeaderElection2] INFO  impl.RoleInfo (RoleInfo.java:shutdownLeaderElection(121)) - 705ac139-4337-45d7-ba9f-5c344296e65f: shutdown 705ac139-4337-45d7-ba9f-5c344296e65f@group-D8C08AEA218B-LeaderElection2
2022-05-11 01:29:19,395 [705ac139-4337-45d7-ba9f-5c344296e65f@group-D8C08AEA218B-LeaderElection2] INFO  server.RaftServer$Division (RaftServerImpl.java:setRole(290)) - 705ac139-4337-45d7-ba9f-5c344296e65f@group-D8C08AEA218B: changes role from CANDIDATE to LEADER at term 1 for changeToLeader
2022-05-11 01:29:19,395 [705ac139-4337-45d7-ba9f-5c344296e65f@group-D8C08AEA218B-LeaderElection2] INFO  ratis.XceiverServerRatis (XceiverServerRatis.java:handleLeaderChangedNotification(863)) - Leader change notification received for group: group-D8C08AEA218B with new leaderId: 705ac139-4337-45d7-ba9f-5c344296e65f
2022-05-11 01:29:19,396 [705ac139-4337-45d7-ba9f-5c344296e65f@group-D8C08AEA218B-LeaderElection2] INFO  server.RaftServer$Division (ServerState.java:setLeader(285)) - 705ac139-4337-45d7-ba9f-5c344296e65f@group-D8C08AEA218B: change Leader from null to 705ac139-4337-45d7-ba9f-5c344296e65f at term 1 for becomeLeader, leader elected after 5078ms
2022-05-11 01:29:19,396 [705ac139-4337-45d7-ba9f-5c344296e65f@group-D8C08AEA218B-LeaderElection2] INFO  server.RaftServerConfigKeys (ConfUtils.java:logGet(44)) - raft.server.staging.catchup.gap = 1000 (default)
2022-05-11 01:29:19,396 [705ac139-4337-45d7-ba9f-5c344296e65f@group-D8C08AEA218B-LeaderElection2] INFO  server.RaftServerConfigKeys (ConfUtils.java:logGet(44)) - raft.server.write.element-limit = 1024 (custom)
2022-05-11 01:29:19,396 [705ac139-4337-45d7-ba9f-5c344296e65f@group-D8C08AEA218B-LeaderElection2] INFO  server.RaftServerConfigKeys (ConfUtils.java:logGet(44)) - raft.server.write.byte-limit = 1024 M (=1073741824) (custom)
2022-05-11 01:29:19,396 [705ac139-4337-45d7-ba9f-5c344296e65f@group-D8C08AEA218B-LeaderElection2] INFO  server.RaftServerConfigKeys (ConfUtils.java:logGet(44)) - raft.server.watch.timeout = 180s (custom)
2022-05-11 01:29:19,397 [705ac139-4337-45d7-ba9f-5c344296e65f@group-D8C08AEA218B-LeaderElection2] INFO  server.RaftServerConfigKeys (ConfUtils.java:logGet(44)) - raft.server.watch.timeout.denomination = 1s (default)
2022-05-11 01:29:19,397 [705ac139-4337-45d7-ba9f-5c344296e65f@group-D8C08AEA218B-LeaderElection2] INFO  server.RaftServerConfigKeys (ConfUtils.java:logGet(44)) - raft.server.watch.element-limit = 65536 (default)
2022-05-11 01:29:19,397 [705ac139-4337-45d7-ba9f-5c344296e65f@group-D8C08AEA218B-LeaderElection2] INFO  server.RaftServerConfigKeys (ConfUtils.java:logGet(44)) - raft.server.write.element-limit = 1024 (custom)
2022-05-11 01:29:19,397 [705ac139-4337-45d7-ba9f-5c344296e65f@group-D8C08AEA218B-LeaderElection2] INFO  server.RaftServerConfigKeys (ConfUtils.java:logGet(44)) - raft.server.write.follower.gap.ratio.max = -1.0 (default)
2022-05-11 01:29:19,397 [705ac139-4337-45d7-ba9f-5c344296e65f@group-D8C08AEA218B-LeaderElection2] INFO  server.RaftServerConfigKeys (ConfUtils.java:logGet(44)) - raft.server.log.appender.snapshot.chunk.size.max = 16MB (=16777216) (default)
2022-05-11 01:29:19,397 [705ac139-4337-45d7-ba9f-5c344296e65f@group-D8C08AEA218B-LeaderElection2] INFO  server.RaftServerConfigKeys (ConfUtils.java:logGet(44)) - raft.server.log.appender.buffer.byte-limit = 33554432 (custom)
2022-05-11 01:29:19,397 [705ac139-4337-45d7-ba9f-5c344296e65f@group-D8C08AEA218B-LeaderElection2] INFO  server.RaftServerConfigKeys (ConfUtils.java:logGet(44)) - raft.server.log.appender.buffer.element-limit = 1 (custom)
2022-05-11 01:29:19,397 [705ac139-4337-45d7-ba9f-5c344296e65f@group-D8C08AEA218B-LeaderElection2] INFO  grpc.GrpcConfigKeys (ConfUtils.java:logGet(44)) - raft.grpc.server.leader.outstanding.appends.max = 128 (default)
2022-05-11 01:29:19,397 [705ac139-4337-45d7-ba9f-5c344296e65f@group-D8C08AEA218B-LeaderElection2] INFO  server.RaftServerConfigKeys (ConfUtils.java:logGet(44)) - raft.server.rpc.request.timeout = 60s (custom)
2022-05-11 01:29:19,398 [705ac139-4337-45d7-ba9f-5c344296e65f@group-D8C08AEA218B-LeaderElection2] INFO  server.RaftServerConfigKeys (ConfUtils.java:logGet(44)) - raft.server.log.appender.install.snapshot.enabled = false (custom)
2022-05-11 01:29:19,400 [705ac139-4337-45d7-ba9f-5c344296e65f@group-D8C08AEA218B-LeaderElection2] INFO  server.RaftServerConfigKeys (ConfUtils.java:logGet(44)) - raft.server.log.appender.snapshot.chunk.size.max = 16MB (=16777216) (default)
2022-05-11 01:29:19,400 [705ac139-4337-45d7-ba9f-5c344296e65f@group-D8C08AEA218B-LeaderElection2] INFO  server.RaftServerConfigKeys (ConfUtils.java:logGet(44)) - raft.server.log.appender.buffer.byte-limit = 33554432 (custom)
2022-05-11 01:29:19,401 [EventQueue-OpenPipelineForHealthyPipelineSafeModeRule] INFO  safemode.SCMSafeModeManager (HealthyPipelineSafeModeRule.java:process(124)) - SCM in safe mode. Healthy pipelines reported count is 0, required healthy pipeline reported count is 1
2022-05-11 01:29:19,402 [705ac139-4337-45d7-ba9f-5c344296e65f@group-D8C08AEA218B-LeaderElection2] INFO  server.RaftServerConfigKeys (ConfUtils.java:logGet(44)) - raft.server.log.appender.buffer.element-limit = 1 (custom)
2022-05-11 01:29:19,401 [EventQueue-PipelineReportForPipelineReportHandler] INFO  pipeline.PipelineManagerImpl (PipelineManagerImpl.java:openPipeline(336)) - Pipeline Pipeline[ Id: 72123b01-d7b0-41b2-bff4-d8c08aea218b, Nodes: eee5cc7d-4700-49e9-a538-fde0b838210a{ip: 10.1.0.42, host: fv-az291-847.wgnan5asplgejimfprtllbpdch.jx.internal.cloudapp.net, ports: [REPLICATION=43993, RATIS=33975, RATIS_ADMIN=33975, RATIS_SERVER=33975, STANDALONE=43291], networkLocation: /default-rack, certSerialId: null, persistedOpState: IN_SERVICE, persistedOpStateExpiryEpochSec: 0}7534a985-5663-44b5-b700-fcde65f49754{ip: 10.1.0.42, host: fv-az291-847.wgnan5asplgejimfprtllbpdch.jx.internal.cloudapp.net, ports: [REPLICATION=35267, RATIS=34977, RATIS_ADMIN=34977, RATIS_SERVER=34977, STANDALONE=38477], networkLocation: /default-rack, certSerialId: null, persistedOpState: IN_SERVICE, persistedOpStateExpiryEpochSec: 0}705ac139-4337-45d7-ba9f-5c344296e65f{ip: 10.1.0.42, host: fv-az291-847.wgnan5asplgejimfprtllbpdch.jx.internal.cloudapp.net, ports: [REPLICATION=34973, RATIS=37439, RATIS_ADMIN=37439, RATIS_SERVER=37439, STANDALONE=41099], networkLocation: /default-rack, certSerialId: null, persistedOpState: IN_SERVICE, persistedOpStateExpiryEpochSec: 0}, ReplicationConfig: RATIS/THREE, State:ALLOCATED, leaderId:705ac139-4337-45d7-ba9f-5c344296e65f, CreationTimestamp2022-05-11T01:29:12.086Z[Etc/UTC]] moved to OPEN state
2022-05-11 01:29:19,402 [705ac139-4337-45d7-ba9f-5c344296e65f@group-D8C08AEA218B-LeaderElection2] INFO  grpc.GrpcConfigKeys (ConfUtils.java:logGet(44)) - raft.grpc.server.leader.outstanding.appends.max = 128 (default)
2022-05-11 01:29:19,402 [705ac139-4337-45d7-ba9f-5c344296e65f@group-D8C08AEA218B-LeaderElection2] INFO  server.RaftServerConfigKeys (ConfUtils.java:logGet(44)) - raft.server.rpc.request.timeout = 60s (custom)
2022-05-11 01:29:19,402 [705ac139-4337-45d7-ba9f-5c344296e65f@group-D8C08AEA218B-LeaderElection2] INFO  server.RaftServerConfigKeys (ConfUtils.java:logGet(44)) - raft.server.log.appender.install.snapshot.enabled = false (custom)
2022-05-11 01:29:19,403 [EventQueue-OpenPipelineForHealthyPipelineSafeModeRule] INFO  safemode.SCMSafeModeManager (HealthyPipelineSafeModeRule.java:process(124)) - SCM in safe mode. Healthy pipelines reported count is 1, required healthy pipeline reported count is 1
2022-05-11 01:29:19,403 [EventQueue-OpenPipelineForHealthyPipelineSafeModeRule] INFO  safemode.SCMSafeModeManager (SCMSafeModeManager.java:validateSafeModeExitRules(204)) - HealthyPipelineSafeModeRule rule is successfully validated
2022-05-11 01:29:19,403 [EventQueue-OpenPipelineForHealthyPipelineSafeModeRule] INFO  safemode.SCMSafeModeManager (SCMSafeModeManager.java:validateSafeModeExitRules(219)) - ScmSafeModeManager, all rules are successfully validated
2022-05-11 01:29:19,403 [EventQueue-OpenPipelineForHealthyPipelineSafeModeRule] INFO  safemode.SCMSafeModeManager (SCMSafeModeManager.java:exitSafeMode(248)) - SCM exiting safe mode.
2022-05-11 01:29:19,403 [EventQueue-OpenPipelineForHealthyPipelineSafeModeRule] WARN  events.EventQueue (EventQueue.java:fireEvent(194)) - No event handler registered for event TypedEvent{payloadType=SafeModeStatus, name='Safe mode status'}
2022-05-11 01:29:19,404 [EventQueue-OpenPipelineForHealthyPipelineSafeModeRule] INFO  ha.SCMContext (SCMContext.java:updateSafeModeStatus(211)) - Update SafeModeStatus from SafeModeStatus{safeModeStatus=true, preCheckPassed=true} to SafeModeStatus{safeModeStatus=false, preCheckPassed=true}.
2022-05-11 01:29:19,404 [EventQueue-OpenPipelineForHealthyPipelineSafeModeRule] INFO  pipeline.BackgroundPipelineCreator (BackgroundPipelineCreator.java:notifyStatusChanged(251)) - Service BackgroundPipelineCreator transitions to RUNNING.
2022-05-11 01:29:19,404 [EventQueue-OpenPipelineForHealthyPipelineSafeModeRule] INFO  pipeline.BackgroundPipelineScrubber (BackgroundPipelineScrubber.java:notifyStatusChanged(88)) - Service BackgroundPipelineScrubber transitions to RUNNING.
2022-05-11 01:29:19,404 [EventQueue-OpenPipelineForHealthyPipelineSafeModeRule] INFO  replication.ReplicationManager (ReplicationManager.java:notifyStatusChanged(369)) - Service ReplicationManager transitions to RUNNING.
2022-05-11 01:29:19,406 [705ac139-4337-45d7-ba9f-5c344296e65f@group-D8C08AEA218B-LeaderElection2] INFO  impl.RoleInfo (RoleInfo.java:updateAndGet(130)) - 705ac139-4337-45d7-ba9f-5c344296e65f: start 705ac139-4337-45d7-ba9f-5c344296e65f@group-D8C08AEA218B-LeaderStateImpl
2022-05-11 01:29:19,406 [705ac139-4337-45d7-ba9f-5c344296e65f@group-D8C08AEA218B-LeaderElection2] INFO  segmented.SegmentedRaftLogWorker (SegmentedRaftLogWorker.java:startLogSegment(394)) - 705ac139-4337-45d7-ba9f-5c344296e65f@group-D8C08AEA218B-SegmentedRaftLogWorker: Starting segment from index:0
2022-05-11 01:29:19,412 [705ac139-4337-45d7-ba9f-5c344296e65f@group-D8C08AEA218B-SegmentedRaftLogWorker] INFO  segmented.SegmentedRaftLogWorker (SegmentedRaftLogWorker.java:execute(601)) - 705ac139-4337-45d7-ba9f-5c344296e65f@group-D8C08AEA218B-SegmentedRaftLogWorker: created new log segment /home/runner/work/ozone/ozone/hadoop-ozone/integration-test/target/test-dir/MiniOzoneClusterImpl-ae28b10a-1883-433e-acb0-7438b5479a4c/datanode-0/data/ratis/72123b01-d7b0-41b2-bff4-d8c08aea218b/current/log_inprogress_0
2022-05-11 01:29:19,423 [705ac139-4337-45d7-ba9f-5c344296e65f@group-D8C08AEA218B-LeaderElection2] INFO  server.RaftServer$Division (ServerState.java:setRaftConf(387)) - 705ac139-4337-45d7-ba9f-5c344296e65f@group-D8C08AEA218B: set configuration 0: [705ac139-4337-45d7-ba9f-5c344296e65f|rpc:10.1.0.42:37439|dataStream:|priority:1, eee5cc7d-4700-49e9-a538-fde0b838210a|rpc:10.1.0.42:33975|dataStream:|priority:0, 7534a985-5663-44b5-b700-fcde65f49754|rpc:10.1.0.42:34977|dataStream:|priority:0], old=null
2022-05-11 01:29:19,424 [grpc-default-executor-2] INFO  ratis.XceiverServerRatis (XceiverServerRatis.java:handleLeaderChangedNotification(863)) - Leader change notification received for group: group-D8C08AEA218B with new leaderId: 705ac139-4337-45d7-ba9f-5c344296e65f
2022-05-11 01:29:19,424 [grpc-default-executor-2] INFO  server.RaftServer$Division (ServerState.java:setLeader(285)) - eee5cc7d-4700-49e9-a538-fde0b838210a@group-D8C08AEA218B: change Leader from null to 705ac139-4337-45d7-ba9f-5c344296e65f at term 1 for appendEntries, leader elected after 4971ms
2022-05-11 01:29:19,427 [grpc-default-executor-1] INFO  ratis.XceiverServerRatis (XceiverServerRatis.java:handleLeaderChangedNotification(863)) - Leader change notification received for group: group-D8C08AEA218B with new leaderId: 705ac139-4337-45d7-ba9f-5c344296e65f
2022-05-11 01:29:19,427 [grpc-default-executor-1] INFO  server.RaftServer$Division (ServerState.java:setLeader(285)) - 7534a985-5663-44b5-b700-fcde65f49754@group-D8C08AEA218B: change Leader from null to 705ac139-4337-45d7-ba9f-5c344296e65f at term 1 for appendEntries, leader elected after 4887ms
2022-05-11 01:29:19,431 [grpc-default-executor-2] INFO  server.RaftServer$Division (ServerState.java:setRaftConf(387)) - 7534a985-5663-44b5-b700-fcde65f49754@group-D8C08AEA218B: set configuration 0: [705ac139-4337-45d7-ba9f-5c344296e65f|rpc:10.1.0.42:37439|dataStream:|priority:1, eee5cc7d-4700-49e9-a538-fde0b838210a|rpc:10.1.0.42:33975|dataStream:|priority:0, 7534a985-5663-44b5-b700-fcde65f49754|rpc:10.1.0.42:34977|dataStream:|priority:0], old=null
2022-05-11 01:29:19,431 [grpc-default-executor-2] INFO  segmented.SegmentedRaftLogWorker (SegmentedRaftLogWorker.java:startLogSegment(394)) - 7534a985-5663-44b5-b700-fcde65f49754@group-D8C08AEA218B-SegmentedRaftLogWorker: Starting segment from index:0
2022-05-11 01:29:19,432 [grpc-default-executor-1] INFO  server.RaftServer$Division (ServerState.java:setRaftConf(387)) - eee5cc7d-4700-49e9-a538-fde0b838210a@group-D8C08AEA218B: set configuration 0: [705ac139-4337-45d7-ba9f-5c344296e65f|rpc:10.1.0.42:37439|dataStream:|priority:1, eee5cc7d-4700-49e9-a538-fde0b838210a|rpc:10.1.0.42:33975|dataStream:|priority:0, 7534a985-5663-44b5-b700-fcde65f49754|rpc:10.1.0.42:34977|dataStream:|priority:0], old=null
2022-05-11 01:29:19,433 [grpc-default-executor-1] INFO  segmented.SegmentedRaftLogWorker (SegmentedRaftLogWorker.java:startLogSegment(394)) - eee5cc7d-4700-49e9-a538-fde0b838210a@group-D8C08AEA218B-SegmentedRaftLogWorker: Starting segment from index:0
2022-05-11 01:29:19,434 [7534a985-5663-44b5-b700-fcde65f49754@group-D8C08AEA218B-SegmentedRaftLogWorker] INFO  segmented.SegmentedRaftLogWorker (SegmentedRaftLogWorker.java:execute(601)) - 7534a985-5663-44b5-b700-fcde65f49754@group-D8C08AEA218B-SegmentedRaftLogWorker: created new log segment /home/runner/work/ozone/ozone/hadoop-ozone/integration-test/target/test-dir/MiniOzoneClusterImpl-ae28b10a-1883-433e-acb0-7438b5479a4c/datanode-1/data/ratis/72123b01-d7b0-41b2-bff4-d8c08aea218b/current/log_inprogress_0
2022-05-11 01:29:19,435 [eee5cc7d-4700-49e9-a538-fde0b838210a@group-D8C08AEA218B-SegmentedRaftLogWorker] INFO  segmented.SegmentedRaftLogWorker (SegmentedRaftLogWorker.java:execute(601)) - eee5cc7d-4700-49e9-a538-fde0b838210a@group-D8C08AEA218B-SegmentedRaftLogWorker: created new log segment /home/runner/work/ozone/ozone/hadoop-ozone/integration-test/target/test-dir/MiniOzoneClusterImpl-ae28b10a-1883-433e-acb0-7438b5479a4c/datanode-2/data/ratis/72123b01-d7b0-41b2-bff4-d8c08aea218b/current/log_inprogress_0
2022-05-11 01:29:19,479 [705ac139-4337-45d7-ba9f-5c344296e65f@group-6EB0679847A7-FollowerState] INFO  impl.FollowerState (FollowerState.java:run(134)) - 705ac139-4337-45d7-ba9f-5c344296e65f@group-6EB0679847A7-FollowerState: change to CANDIDATE, lastRpcElapsedTime:5180992489ns, electionTimeout:5176ms
2022-05-11 01:29:19,480 [705ac139-4337-45d7-ba9f-5c344296e65f@group-6EB0679847A7-FollowerState] INFO  impl.RoleInfo (RoleInfo.java:shutdownFollowerState(108)) - 705ac139-4337-45d7-ba9f-5c344296e65f: shutdown 705ac139-4337-45d7-ba9f-5c344296e65f@group-6EB0679847A7-FollowerState
2022-05-11 01:29:19,480 [705ac139-4337-45d7-ba9f-5c344296e65f@group-6EB0679847A7-FollowerState] INFO  server.RaftServer$Division (RaftServerImpl.java:setRole(290)) - 705ac139-4337-45d7-ba9f-5c344296e65f@group-6EB0679847A7: changes role from  FOLLOWER to CANDIDATE at term 0 for changeToCandidate
2022-05-11 01:29:19,480 [705ac139-4337-45d7-ba9f-5c344296e65f@group-6EB0679847A7-FollowerState] INFO  server.RaftServerConfigKeys (ConfUtils.java:logGet(44)) - raft.server.leaderelection.pre-vote = false (custom)
2022-05-11 01:29:19,480 [705ac139-4337-45d7-ba9f-5c344296e65f@group-6EB0679847A7-FollowerState] INFO  impl.RoleInfo (RoleInfo.java:updateAndGet(130)) - 705ac139-4337-45d7-ba9f-5c344296e65f: start 705ac139-4337-45d7-ba9f-5c344296e65f@group-6EB0679847A7-LeaderElection3
2022-05-11 01:29:19,485 [705ac139-4337-45d7-ba9f-5c344296e65f@group-6EB0679847A7-LeaderElection3] INFO  impl.LeaderElection (LeaderElection.java:askForVotes(306)) - 705ac139-4337-45d7-ba9f-5c344296e65f@group-6EB0679847A7-LeaderElection3 ELECTION round 0: submit vote requests at term 1 for -1: [705ac139-4337-45d7-ba9f-5c344296e65f|rpc:10.1.0.42:37439|priority:1], old=null
2022-05-11 01:29:19,485 [705ac139-4337-45d7-ba9f-5c344296e65f@group-6EB0679847A7-LeaderElection3] INFO  impl.LeaderElection (LeaderElection.java:askForVotes(308)) - 705ac139-4337-45d7-ba9f-5c344296e65f@group-6EB0679847A7-LeaderElection3 ELECTION round 0: result PASSED (term=1)
2022-05-11 01:29:19,485 [705ac139-4337-45d7-ba9f-5c344296e65f@group-6EB0679847A7-LeaderElection3] INFO  impl.RoleInfo (RoleInfo.java:shutdownLeaderElection(121)) - 705ac139-4337-45d7-ba9f-5c344296e65f: shutdown 705ac139-4337-45d7-ba9f-5c344296e65f@group-6EB0679847A7-LeaderElection3
2022-05-11 01:29:19,486 [705ac139-4337-45d7-ba9f-5c344296e65f@group-6EB0679847A7-LeaderElection3] INFO  server.RaftServer$Division (RaftServerImpl.java:setRole(290)) - 705ac139-4337-45d7-ba9f-5c344296e65f@group-6EB0679847A7: changes role from CANDIDATE to LEADER at term 1 for changeToLeader
2022-05-11 01:29:19,486 [705ac139-4337-45d7-ba9f-5c344296e65f@group-6EB0679847A7-LeaderElection3] INFO  ratis.XceiverServerRatis (XceiverServerRatis.java:handleLeaderChangedNotification(863)) - Leader change notification received for group: group-6EB0679847A7 with new leaderId: 705ac139-4337-45d7-ba9f-5c344296e65f
2022-05-11 01:29:19,491 [705ac139-4337-45d7-ba9f-5c344296e65f@group-6EB0679847A7-LeaderElection3] INFO  server.RaftServer$Division (ServerState.java:setLeader(285)) - 705ac139-4337-45d7-ba9f-5c344296e65f@group-6EB0679847A7: change Leader from null to 705ac139-4337-45d7-ba9f-5c344296e65f at term 1 for becomeLeader, leader elected after 5208ms
2022-05-11 01:29:19,491 [705ac139-4337-45d7-ba9f-5c344296e65f@group-6EB0679847A7-LeaderElection3] INFO  server.RaftServerConfigKeys (ConfUtils.java:logGet(44)) - raft.server.staging.catchup.gap = 1000 (default)
2022-05-11 01:29:19,492 [705ac139-4337-45d7-ba9f-5c344296e65f@group-6EB0679847A7-LeaderElection3] INFO  server.RaftServerConfigKeys (ConfUtils.java:logGet(44)) - raft.server.write.element-limit = 1024 (custom)
2022-05-11 01:29:19,492 [705ac139-4337-45d7-ba9f-5c344296e65f@group-6EB0679847A7-LeaderElection3] INFO  server.RaftServerConfigKeys (ConfUtils.java:logGet(44)) - raft.server.write.byte-limit = 1024 M (=1073741824) (custom)
2022-05-11 01:29:19,492 [705ac139-4337-45d7-ba9f-5c344296e65f@group-6EB0679847A7-LeaderElection3] INFO  server.RaftServerConfigKeys (ConfUtils.java:logGet(44)) - raft.server.watch.timeout = 180s (custom)
2022-05-11 01:29:19,492 [705ac139-4337-45d7-ba9f-5c344296e65f@group-6EB0679847A7-LeaderElection3] INFO  server.RaftServerConfigKeys (ConfUtils.java:logGet(44)) - raft.server.watch.timeout.denomination = 1s (default)
2022-05-11 01:29:19,492 [705ac139-4337-45d7-ba9f-5c344296e65f@group-6EB0679847A7-LeaderElection3] INFO  server.RaftServerConfigKeys (ConfUtils.java:logGet(44)) - raft.server.watch.element-limit = 65536 (default)
2022-05-11 01:29:19,492 [705ac139-4337-45d7-ba9f-5c344296e65f@group-6EB0679847A7-LeaderElection3] INFO  server.RaftServerConfigKeys (ConfUtils.java:logGet(44)) - raft.server.write.element-limit = 1024 (custom)
2022-05-11 01:29:19,493 [705ac139-4337-45d7-ba9f-5c344296e65f@group-6EB0679847A7-LeaderElection3] INFO  server.RaftServerConfigKeys (ConfUtils.java:logGet(44)) - raft.server.write.follower.gap.ratio.max = -1.0 (default)
2022-05-11 01:29:19,493 [705ac139-4337-45d7-ba9f-5c344296e65f@group-6EB0679847A7-LeaderElection3] INFO  impl.RoleInfo (RoleInfo.java:updateAndGet(130)) - 705ac139-4337-45d7-ba9f-5c344296e65f: start 705ac139-4337-45d7-ba9f-5c344296e65f@group-6EB0679847A7-LeaderStateImpl
2022-05-11 01:29:19,493 [705ac139-4337-45d7-ba9f-5c344296e65f@group-6EB0679847A7-LeaderElection3] INFO  segmented.SegmentedRaftLogWorker (SegmentedRaftLogWorker.java:startLogSegment(394)) - 705ac139-4337-45d7-ba9f-5c344296e65f@group-6EB0679847A7-SegmentedRaftLogWorker: Starting segment from index:0
2022-05-11 01:29:19,495 [705ac139-4337-45d7-ba9f-5c344296e65f@group-6EB0679847A7-SegmentedRaftLogWorker] INFO  segmented.SegmentedRaftLogWorker (SegmentedRaftLogWorker.java:execute(601)) - 705ac139-4337-45d7-ba9f-5c344296e65f@group-6EB0679847A7-SegmentedRaftLogWorker: created new log segment /home/runner/work/ozone/ozone/hadoop-ozone/integration-test/target/test-dir/MiniOzoneClusterImpl-ae28b10a-1883-433e-acb0-7438b5479a4c/datanode-0/data/ratis/47a80de7-e11b-449c-a1d3-6eb0679847a7/current/log_inprogress_0
2022-05-11 01:29:19,496 [705ac139-4337-45d7-ba9f-5c344296e65f@group-6EB0679847A7-LeaderElection3] INFO  server.RaftServer$Division (ServerState.java:setRaftConf(387)) - 705ac139-4337-45d7-ba9f-5c344296e65f@group-6EB0679847A7: set configuration 0: [705ac139-4337-45d7-ba9f-5c344296e65f|rpc:10.1.0.42:37439|dataStream:|priority:1], old=null
2022-05-11 01:29:19,708 [eee5cc7d-4700-49e9-a538-fde0b838210a@group-BB2467D81C1B-FollowerState] INFO  impl.FollowerState (FollowerState.java:run(134)) - eee5cc7d-4700-49e9-a538-fde0b838210a@group-BB2467D81C1B-FollowerState: change to CANDIDATE, lastRpcElapsedTime:5092523824ns, electionTimeout:5086ms
2022-05-11 01:29:19,709 [eee5cc7d-4700-49e9-a538-fde0b838210a@group-BB2467D81C1B-FollowerState] INFO  impl.RoleInfo (RoleInfo.java:shutdownFollowerState(108)) - eee5cc7d-4700-49e9-a538-fde0b838210a: shutdown eee5cc7d-4700-49e9-a538-fde0b838210a@group-BB2467D81C1B-FollowerState
2022-05-11 01:29:19,709 [eee5cc7d-4700-49e9-a538-fde0b838210a@group-BB2467D81C1B-FollowerState] INFO  server.RaftServer$Division (RaftServerImpl.java:setRole(290)) - eee5cc7d-4700-49e9-a538-fde0b838210a@group-BB2467D81C1B: changes role from  FOLLOWER to CANDIDATE at term 0 for changeToCandidate
2022-05-11 01:29:19,709 [eee5cc7d-4700-49e9-a538-fde0b838210a@group-BB2467D81C1B-FollowerState] INFO  server.RaftServerConfigKeys (ConfUtils.java:logGet(44)) - raft.server.leaderelection.pre-vote = false (custom)
2022-05-11 01:29:19,709 [eee5cc7d-4700-49e9-a538-fde0b838210a@group-BB2467D81C1B-FollowerState] INFO  impl.RoleInfo (RoleInfo.java:updateAndGet(130)) - eee5cc7d-4700-49e9-a538-fde0b838210a: start eee5cc7d-4700-49e9-a538-fde0b838210a@group-BB2467D81C1B-LeaderElection4
2022-05-11 01:29:19,721 [eee5cc7d-4700-49e9-a538-fde0b838210a@group-BB2467D81C1B-LeaderElection4] INFO  impl.LeaderElection (LeaderElection.java:askForVotes(306)) - eee5cc7d-4700-49e9-a538-fde0b838210a@group-BB2467D81C1B-LeaderElection4 ELECTION round 0: submit vote requests at term 1 for -1: [705ac139-4337-45d7-ba9f-5c344296e65f|rpc:10.1.0.42:37439|dataStream:|priority:0, eee5cc7d-4700-49e9-a538-fde0b838210a|rpc:10.1.0.42:33975|dataStream:|priority:0, 7534a985-5663-44b5-b700-fcde65f49754|rpc:10.1.0.42:34977|dataStream:|priority:1], old=null
2022-05-11 01:29:19,742 [705ac139-4337-45d7-ba9f-5c344296e65f@group-BB2467D81C1B-FollowerState] INFO  impl.FollowerState (FollowerState.java:run(134)) - 705ac139-4337-45d7-ba9f-5c344296e65f@group-BB2467D81C1B-FollowerState: change to CANDIDATE, lastRpcElapsedTime:5166286959ns, electionTimeout:5154ms
2022-05-11 01:29:19,743 [705ac139-4337-45d7-ba9f-5c344296e65f@group-BB2467D81C1B-FollowerState] INFO  impl.RoleInfo (RoleInfo.java:shutdownFollowerState(108)) - 705ac139-4337-45d7-ba9f-5c344296e65f: shutdown 705ac139-4337-45d7-ba9f-5c344296e65f@group-BB2467D81C1B-FollowerState
2022-05-11 01:29:19,743 [705ac139-4337-45d7-ba9f-5c344296e65f@group-BB2467D81C1B-FollowerState] INFO  server.RaftServer$Division (RaftServerImpl.java:setRole(290)) - 705ac139-4337-45d7-ba9f-5c344296e65f@group-BB2467D81C1B: changes role from  FOLLOWER to CANDIDATE at term 0 for changeToCandidate
2022-05-11 01:29:19,743 [705ac139-4337-45d7-ba9f-5c344296e65f@group-BB2467D81C1B-FollowerState] INFO  server.RaftServerConfigKeys (ConfUtils.java:logGet(44)) - raft.server.leaderelection.pre-vote = false (custom)
2022-05-11 01:29:19,743 [705ac139-4337-45d7-ba9f-5c344296e65f@group-BB2467D81C1B-FollowerState] INFO  impl.RoleInfo (RoleInfo.java:updateAndGet(130)) - 705ac139-4337-45d7-ba9f-5c344296e65f: start 705ac139-4337-45d7-ba9f-5c344296e65f@group-BB2467D81C1B-LeaderElection5
2022-05-11 01:29:19,762 [grpc-default-executor-1] INFO  server.RaftServer$Division (RaftServerImpl.java:requestVote(1046)) - 705ac139-4337-45d7-ba9f-5c344296e65f@group-BB2467D81C1B: receive requestVote(ELECTION, eee5cc7d-4700-49e9-a538-fde0b838210a, group-BB2467D81C1B, 1, (t:0, i:0))
2022-05-11 01:29:19,762 [grpc-default-executor-2] INFO  server.RaftServer$Division (RaftServerImpl.java:requestVote(1046)) - 7534a985-5663-44b5-b700-fcde65f49754@group-BB2467D81C1B: receive requestVote(ELECTION, eee5cc7d-4700-49e9-a538-fde0b838210a, group-BB2467D81C1B, 1, (t:0, i:0))
2022-05-11 01:29:19,763 [grpc-default-executor-2] INFO  impl.VoteContext (VoteContext.java:log(48)) - 7534a985-5663-44b5-b700-fcde65f49754@group-BB2467D81C1B-FOLLOWER: reject ELECTION from eee5cc7d-4700-49e9-a538-fde0b838210a: our priority 1 > candidate's priority 0
2022-05-11 01:29:19,763 [grpc-default-executor-2] INFO  server.RaftServer$Division (RaftServerImpl.java:setRole(290)) - 7534a985-5663-44b5-b700-fcde65f49754@group-BB2467D81C1B: changes role from  FOLLOWER to FOLLOWER at term 1 for candidate:eee5cc7d-4700-49e9-a538-fde0b838210a
2022-05-11 01:29:19,763 [grpc-default-executor-2] INFO  impl.RoleInfo (RoleInfo.java:shutdownFollowerState(108)) - 7534a985-5663-44b5-b700-fcde65f49754: shutdown 7534a985-5663-44b5-b700-fcde65f49754@group-BB2467D81C1B-FollowerState
2022-05-11 01:29:19,763 [grpc-default-executor-2] INFO  impl.RoleInfo (RoleInfo.java:updateAndGet(130)) - 7534a985-5663-44b5-b700-fcde65f49754: start 7534a985-5663-44b5-b700-fcde65f49754@group-BB2467D81C1B-FollowerState
2022-05-11 01:29:19,763 [7534a985-5663-44b5-b700-fcde65f49754@group-BB2467D81C1B-FollowerState] INFO  impl.FollowerState (FollowerState.java:run(143)) - 7534a985-5663-44b5-b700-fcde65f49754@group-BB2467D81C1B-FollowerState was interrupted: {}
java.lang.InterruptedException: sleep interrupted
	at java.lang.Thread.sleep(Native Method)
	at java.lang.Thread.sleep(Thread.java:342)
	at java.util.concurrent.TimeUnit.sleep(TimeUnit.java:386)
	at org.apache.ratis.util.TimeDuration.sleep(TimeDuration.java:324)
	at org.apache.ratis.util.TimeDuration.sleep(TimeDuration.java:309)
	at org.apache.ratis.server.impl.FollowerState.run(FollowerState.java:118)
2022-05-11 01:29:19,764 [grpc-default-executor-1] INFO  impl.VoteContext (VoteContext.java:log(48)) - 705ac139-4337-45d7-ba9f-5c344296e65f@group-BB2467D81C1B-CANDIDATE: reject ELECTION from eee5cc7d-4700-49e9-a538-fde0b838210a: already has voted for 705ac139-4337-45d7-ba9f-5c344296e65f at current term 1
2022-05-11 01:29:19,764 [grpc-default-executor-1] INFO  server.RaftServer$Division (RaftServerImpl.java:requestVote(1078)) - 705ac139-4337-45d7-ba9f-5c344296e65f@group-BB2467D81C1B replies to ELECTION vote request: eee5cc7d-4700-49e9-a538-fde0b838210a<-705ac139-4337-45d7-ba9f-5c344296e65f#0:FAIL-t1. Peer's state: 705ac139-4337-45d7-ba9f-5c344296e65f@group-BB2467D81C1B:t1, leader=null, voted=705ac139-4337-45d7-ba9f-5c344296e65f, raftlog=705ac139-4337-45d7-ba9f-5c344296e65f@group-BB2467D81C1B-SegmentedRaftLog:OPENED:c-1, conf=-1: [705ac139-4337-45d7-ba9f-5c344296e65f|rpc:10.1.0.42:37439|priority:0, eee5cc7d-4700-49e9-a538-fde0b838210a|rpc:10.1.0.42:33975|priority:0, 7534a985-5663-44b5-b700-fcde65f49754|rpc:10.1.0.42:34977|priority:1], old=null
2022-05-11 01:29:19,765 [705ac139-4337-45d7-ba9f-5c344296e65f@group-BB2467D81C1B-LeaderElection5] INFO  impl.LeaderElection (LeaderElection.java:askForVotes(306)) - 705ac139-4337-45d7-ba9f-5c344296e65f@group-BB2467D81C1B-LeaderElection5 ELECTION round 0: submit vote requests at term 1 for -1: [705ac139-4337-45d7-ba9f-5c344296e65f|rpc:10.1.0.42:37439|priority:0, eee5cc7d-4700-49e9-a538-fde0b838210a|rpc:10.1.0.42:33975|priority:0, 7534a985-5663-44b5-b700-fcde65f49754|rpc:10.1.0.42:34977|priority:1], old=null
2022-05-11 01:29:19,767 [grpc-default-executor-2] INFO  server.RaftServer$Division (RaftServerImpl.java:requestVote(1078)) - 7534a985-5663-44b5-b700-fcde65f49754@group-BB2467D81C1B replies to ELECTION vote request: eee5cc7d-4700-49e9-a538-fde0b838210a<-7534a985-5663-44b5-b700-fcde65f49754#0:FAIL-t1. Peer's state: 7534a985-5663-44b5-b700-fcde65f49754@group-BB2467D81C1B:t1, leader=null, voted=null, raftlog=7534a985-5663-44b5-b700-fcde65f49754@group-BB2467D81C1B-SegmentedRaftLog:OPENED:c-1, conf=-1: [705ac139-4337-45d7-ba9f-5c344296e65f|rpc:10.1.0.42:37439|dataStream:|priority:0, eee5cc7d-4700-49e9-a538-fde0b838210a|rpc:10.1.0.42:33975|dataStream:|priority:0, 7534a985-5663-44b5-b700-fcde65f49754|rpc:10.1.0.42:34977|dataStream:|priority:1], old=null
2022-05-11 01:29:19,778 [eee5cc7d-4700-49e9-a538-fde0b838210a@group-BB2467D81C1B-LeaderElection4] INFO  impl.LeaderElection (LeaderElection.java:logAndReturn(89)) - eee5cc7d-4700-49e9-a538-fde0b838210a@group-BB2467D81C1B-LeaderElection4: ELECTION REJECTED received 2 response(s) and 0 exception(s):
2022-05-11 01:29:19,778 [eee5cc7d-4700-49e9-a538-fde0b838210a@group-BB2467D81C1B-LeaderElection4] INFO  impl.LeaderElection (LeaderElection.java:logAndReturn(93)) -   Response 0: eee5cc7d-4700-49e9-a538-fde0b838210a<-705ac139-4337-45d7-ba9f-5c344296e65f#0:FAIL-t1
2022-05-11 01:29:19,778 [eee5cc7d-4700-49e9-a538-fde0b838210a@group-BB2467D81C1B-LeaderElection4] INFO  impl.LeaderElection (LeaderElection.java:logAndReturn(93)) -   Response 1: eee5cc7d-4700-49e9-a538-fde0b838210a<-7534a985-5663-44b5-b700-fcde65f49754#0:FAIL-t1
2022-05-11 01:29:19,778 [eee5cc7d-4700-49e9-a538-fde0b838210a@group-BB2467D81C1B-LeaderElection4] INFO  impl.LeaderElection (LeaderElection.java:askForVotes(308)) - eee5cc7d-4700-49e9-a538-fde0b838210a@group-BB2467D81C1B-LeaderElection4 ELECTION round 0: result REJECTED
2022-05-11 01:29:19,779 [eee5cc7d-4700-49e9-a538-fde0b838210a@group-BB2467D81C1B-LeaderElection4] INFO  server.RaftServer$Division (RaftServerImpl.java:setRole(290)) - eee5cc7d-4700-49e9-a538-fde0b838210a@group-BB2467D81C1B: changes role from CANDIDATE to FOLLOWER at term 1 for REJECTED
2022-05-11 01:29:19,779 [eee5cc7d-4700-49e9-a538-fde0b838210a@group-BB2467D81C1B-LeaderElection4] INFO  impl.RoleInfo (RoleInfo.java:shutdownLeaderElection(121)) - eee5cc7d-4700-49e9-a538-fde0b838210a: shutdown eee5cc7d-4700-49e9-a538-fde0b838210a@group-BB2467D81C1B-LeaderElection4
2022-05-11 01:29:19,779 [eee5cc7d-4700-49e9-a538-fde0b838210a@group-BB2467D81C1B-LeaderElection4] INFO  impl.RoleInfo (RoleInfo.java:updateAndGet(130)) - eee5cc7d-4700-49e9-a538-fde0b838210a: start eee5cc7d-4700-49e9-a538-fde0b838210a@group-BB2467D81C1B-FollowerState
2022-05-11 01:29:19,784 [grpc-default-executor-1] INFO  server.RaftServer$Division (RaftServerImpl.java:requestVote(1046)) - eee5cc7d-4700-49e9-a538-fde0b838210a@group-BB2467D81C1B: receive requestVote(ELECTION, 705ac139-4337-45d7-ba9f-5c344296e65f, group-BB2467D81C1B, 1, (t:0, i:0))
2022-05-11 01:29:19,784 [grpc-default-executor-2] INFO  server.RaftServer$Division (RaftServerImpl.java:requestVote(1046)) - 7534a985-5663-44b5-b700-fcde65f49754@group-BB2467D81C1B: receive requestVote(ELECTION, 705ac139-4337-45d7-ba9f-5c344296e65f, group-BB2467D81C1B, 1, (t:0, i:0))
2022-05-11 01:29:19,785 [grpc-default-executor-2] INFO  impl.VoteContext (VoteContext.java:log(48)) - 7534a985-5663-44b5-b700-fcde65f49754@group-BB2467D81C1B-FOLLOWER: reject ELECTION from 705ac139-4337-45d7-ba9f-5c344296e65f: our priority 1 > candidate's priority 0
2022-05-11 01:29:19,785 [grpc-default-executor-2] INFO  server.RaftServer$Division (RaftServerImpl.java:setRole(290)) - 7534a985-5663-44b5-b700-fcde65f49754@group-BB2467D81C1B: changes role from  FOLLOWER to FOLLOWER at term 1 for candidate:705ac139-4337-45d7-ba9f-5c344296e65f
2022-05-11 01:29:19,785 [grpc-default-executor-2] INFO  impl.RoleInfo (RoleInfo.java:shutdownFollowerState(108)) - 7534a985-5663-44b5-b700-fcde65f49754: shutdown 7534a985-5663-44b5-b700-fcde65f49754@group-BB2467D81C1B-FollowerState
2022-05-11 01:29:19,785 [grpc-default-executor-2] INFO  impl.RoleInfo (RoleInfo.java:updateAndGet(130)) - 7534a985-5663-44b5-b700-fcde65f49754: start 7534a985-5663-44b5-b700-fcde65f49754@group-BB2467D81C1B-FollowerState
2022-05-11 01:29:19,785 [grpc-default-executor-1] INFO  impl.VoteContext (VoteContext.java:log(48)) - eee5cc7d-4700-49e9-a538-fde0b838210a@group-BB2467D81C1B-FOLLOWER: reject ELECTION from 705ac139-4337-45d7-ba9f-5c344296e65f: already has voted for eee5cc7d-4700-49e9-a538-fde0b838210a at current term 1
2022-05-11 01:29:19,785 [7534a985-5663-44b5-b700-fcde65f49754@group-BB2467D81C1B-FollowerState] INFO  impl.FollowerState (FollowerState.java:run(143)) - 7534a985-5663-44b5-b700-fcde65f49754@group-BB2467D81C1B-FollowerState was interrupted: {}
java.lang.InterruptedException: sleep interrupted
	at java.lang.Thread.sleep(Native Method)
	at java.lang.Thread.sleep(Thread.java:342)
	at java.util.concurrent.TimeUnit.sleep(TimeUnit.java:386)
	at org.apache.ratis.util.TimeDuration.sleep(TimeDuration.java:324)
	at org.apache.ratis.util.TimeDuration.sleep(TimeDuration.java:309)
	at org.apache.ratis.server.impl.FollowerState.run(FollowerState.java:118)
2022-05-11 01:29:19,786 [grpc-default-executor-1] INFO  server.RaftServer$Division (RaftServerImpl.java:requestVote(1078)) - eee5cc7d-4700-49e9-a538-fde0b838210a@group-BB2467D81C1B replies to ELECTION vote request: 705ac139-4337-45d7-ba9f-5c344296e65f<-eee5cc7d-4700-49e9-a538-fde0b838210a#0:FAIL-t1. Peer's state: eee5cc7d-4700-49e9-a538-fde0b838210a@group-BB2467D81C1B:t1, leader=null, voted=eee5cc7d-4700-49e9-a538-fde0b838210a, raftlog=eee5cc7d-4700-49e9-a538-fde0b838210a@group-BB2467D81C1B-SegmentedRaftLog:OPENED:c-1, conf=-1: [705ac139-4337-45d7-ba9f-5c344296e65f|rpc:10.1.0.42:37439|dataStream:|priority:0, eee5cc7d-4700-49e9-a538-fde0b838210a|rpc:10.1.0.42:33975|dataStream:|priority:0, 7534a985-5663-44b5-b700-fcde65f49754|rpc:10.1.0.42:34977|dataStream:|priority:1], old=null
2022-05-11 01:29:19,787 [grpc-default-executor-2] INFO  server.RaftServer$Division (RaftServerImpl.java:requestVote(1078)) - 7534a985-5663-44b5-b700-fcde65f49754@group-BB2467D81C1B replies to ELECTION vote request: 705ac139-4337-45d7-ba9f-5c344296e65f<-7534a985-5663-44b5-b700-fcde65f49754#0:FAIL-t1. Peer's state: 7534a985-5663-44b5-b700-fcde65f49754@group-BB2467D81C1B:t1, leader=null, voted=null, raftlog=7534a985-5663-44b5-b700-fcde65f49754@group-BB2467D81C1B-SegmentedRaftLog:OPENED:c-1, conf=-1: [705ac139-4337-45d7-ba9f-5c344296e65f|rpc:10.1.0.42:37439|dataStream:|priority:0, eee5cc7d-4700-49e9-a538-fde0b838210a|rpc:10.1.0.42:33975|dataStream:|priority:0, 7534a985-5663-44b5-b700-fcde65f49754|rpc:10.1.0.42:34977|dataStream:|priority:1], old=null
2022-05-11 01:29:19,793 [705ac139-4337-45d7-ba9f-5c344296e65f@group-BB2467D81C1B-LeaderElection5] INFO  impl.LeaderElection (LeaderElection.java:logAndReturn(89)) - 705ac139-4337-45d7-ba9f-5c344296e65f@group-BB2467D81C1B-LeaderElection5: ELECTION REJECTED received 2 response(s) and 0 exception(s):
2022-05-11 01:29:19,794 [705ac139-4337-45d7-ba9f-5c344296e65f@group-BB2467D81C1B-LeaderElection5] INFO  impl.LeaderElection (LeaderElection.java:logAndReturn(93)) -   Response 0: 705ac139-4337-45d7-ba9f-5c344296e65f<-eee5cc7d-4700-49e9-a538-fde0b838210a#0:FAIL-t1
2022-05-11 01:29:19,794 [705ac139-4337-45d7-ba9f-5c344296e65f@group-BB2467D81C1B-LeaderElection5] INFO  impl.LeaderElection (LeaderElection.java:logAndReturn(93)) -   Response 1: 705ac139-4337-45d7-ba9f-5c344296e65f<-7534a985-5663-44b5-b700-fcde65f49754#0:FAIL-t1
2022-05-11 01:29:19,794 [705ac139-4337-45d7-ba9f-5c344296e65f@group-BB2467D81C1B-LeaderElection5] INFO  impl.LeaderElection (LeaderElection.java:askForVotes(308)) - 705ac139-4337-45d7-ba9f-5c344296e65f@group-BB2467D81C1B-LeaderElection5 ELECTION round 0: result REJECTED
2022-05-11 01:29:19,794 [705ac139-4337-45d7-ba9f-5c344296e65f@group-BB2467D81C1B-LeaderElection5] INFO  server.RaftServer$Division (RaftServerImpl.java:setRole(290)) - 705ac139-4337-45d7-ba9f-5c344296e65f@group-BB2467D81C1B: changes role from CANDIDATE to FOLLOWER at term 1 for REJECTED
2022-05-11 01:29:19,794 [705ac139-4337-45d7-ba9f-5c344296e65f@group-BB2467D81C1B-LeaderElection5] INFO  impl.RoleInfo (RoleInfo.java:shutdownLeaderElection(121)) - 705ac139-4337-45d7-ba9f-5c344296e65f: shutdown 705ac139-4337-45d7-ba9f-5c344296e65f@group-BB2467D81C1B-LeaderElection5
2022-05-11 01:29:19,794 [705ac139-4337-45d7-ba9f-5c344296e65f@group-BB2467D81C1B-LeaderElection5] INFO  impl.RoleInfo (RoleInfo.java:updateAndGet(130)) - 705ac139-4337-45d7-ba9f-5c344296e65f: start 705ac139-4337-45d7-ba9f-5c344296e65f@group-BB2467D81C1B-FollowerState
2022-05-11 01:29:19,863 [7534a985-5663-44b5-b700-fcde65f49754@group-21430B2B3C56-FollowerState] INFO  impl.FollowerState (FollowerState.java:run(134)) - 7534a985-5663-44b5-b700-fcde65f49754@group-21430B2B3C56-FollowerState: change to CANDIDATE, lastRpcElapsedTime:5155070190ns, electionTimeout:5154ms
2022-05-11 01:29:19,865 [7534a985-5663-44b5-b700-fcde65f49754@group-21430B2B3C56-FollowerState] INFO  impl.RoleInfo (RoleInfo.java:shutdownFollowerState(108)) - 7534a985-5663-44b5-b700-fcde65f49754: shutdown 7534a985-5663-44b5-b700-fcde65f49754@group-21430B2B3C56-FollowerState
2022-05-11 01:29:19,865 [7534a985-5663-44b5-b700-fcde65f49754@group-21430B2B3C56-FollowerState] INFO  server.RaftServer$Division (RaftServerImpl.java:setRole(290)) - 7534a985-5663-44b5-b700-fcde65f49754@group-21430B2B3C56: changes role from  FOLLOWER to CANDIDATE at term 0 for changeToCandidate
2022-05-11 01:29:19,865 [7534a985-5663-44b5-b700-fcde65f49754@group-21430B2B3C56-FollowerState] INFO  server.RaftServerConfigKeys (ConfUtils.java:logGet(44)) - raft.server.leaderelection.pre-vote = false (custom)
2022-05-11 01:29:19,865 [7534a985-5663-44b5-b700-fcde65f49754@group-21430B2B3C56-FollowerState] INFO  impl.RoleInfo (RoleInfo.java:updateAndGet(130)) - 7534a985-5663-44b5-b700-fcde65f49754: start 7534a985-5663-44b5-b700-fcde65f49754@group-21430B2B3C56-LeaderElection6
2022-05-11 01:29:19,871 [7534a985-5663-44b5-b700-fcde65f49754@group-21430B2B3C56-LeaderElection6] INFO  impl.LeaderElection (LeaderElection.java:askForVotes(306)) - 7534a985-5663-44b5-b700-fcde65f49754@group-21430B2B3C56-LeaderElection6 ELECTION round 0: submit vote requests at term 1 for -1: [7534a985-5663-44b5-b700-fcde65f49754|rpc:10.1.0.42:34977|priority:1], old=null
2022-05-11 01:29:19,871 [7534a985-5663-44b5-b700-fcde65f49754@group-21430B2B3C56-LeaderElection6] INFO  impl.LeaderElection (LeaderElection.java:askForVotes(308)) - 7534a985-5663-44b5-b700-fcde65f49754@group-21430B2B3C56-LeaderElection6 ELECTION round 0: result PASSED (term=1)
2022-05-11 01:29:19,871 [7534a985-5663-44b5-b700-fcde65f49754@group-21430B2B3C56-LeaderElection6] INFO  impl.RoleInfo (RoleInfo.java:shutdownLeaderElection(121)) - 7534a985-5663-44b5-b700-fcde65f49754: shutdown 7534a985-5663-44b5-b700-fcde65f49754@group-21430B2B3C56-LeaderElection6
2022-05-11 01:29:19,871 [7534a985-5663-44b5-b700-fcde65f49754@group-21430B2B3C56-LeaderElection6] INFO  server.RaftServer$Division (RaftServerImpl.java:setRole(290)) - 7534a985-5663-44b5-b700-fcde65f49754@group-21430B2B3C56: changes role from CANDIDATE to LEADER at term 1 for changeToLeader
2022-05-11 01:29:19,871 [7534a985-5663-44b5-b700-fcde65f49754@group-21430B2B3C56-LeaderElection6] INFO  ratis.XceiverServerRatis (XceiverServerRatis.java:handleLeaderChangedNotification(863)) - Leader change notification received for group: group-21430B2B3C56 with new leaderId: 7534a985-5663-44b5-b700-fcde65f49754
2022-05-11 01:29:19,871 [7534a985-5663-44b5-b700-fcde65f49754@group-21430B2B3C56-LeaderElection6] INFO  server.RaftServer$Division (ServerState.java:setLeader(285)) - 7534a985-5663-44b5-b700-fcde65f49754@group-21430B2B3C56: change Leader from null to 7534a985-5663-44b5-b700-fcde65f49754 at term 1 for becomeLeader, leader elected after 5173ms
2022-05-11 01:29:19,871 [7534a985-5663-44b5-b700-fcde65f49754@group-21430B2B3C56-LeaderElection6] INFO  server.RaftServerConfigKeys (ConfUtils.java:logGet(44)) - raft.server.staging.catchup.gap = 1000 (default)
2022-05-11 01:29:19,872 [7534a985-5663-44b5-b700-fcde65f49754@group-21430B2B3C56-LeaderElection6] INFO  server.RaftServerConfigKeys (ConfUtils.java:logGet(44)) - raft.server.write.element-limit = 1024 (custom)
2022-05-11 01:29:19,872 [7534a985-5663-44b5-b700-fcde65f49754@group-21430B2B3C56-LeaderElection6] INFO  server.RaftServerConfigKeys (ConfUtils.java:logGet(44)) - raft.server.write.byte-limit = 1024 M (=1073741824) (custom)
2022-05-11 01:29:19,872 [7534a985-5663-44b5-b700-fcde65f49754@group-21430B2B3C56-LeaderElection6] INFO  server.RaftServerConfigKeys (ConfUtils.java:logGet(44)) - raft.server.watch.timeout = 180s (custom)
2022-05-11 01:29:19,874 [7534a985-5663-44b5-b700-fcde65f49754@group-21430B2B3C56-LeaderElection6] INFO  server.RaftServerConfigKeys (ConfUtils.java:logGet(44)) - raft.server.watch.timeout.denomination = 1s (default)
2022-05-11 01:29:19,874 [7534a985-5663-44b5-b700-fcde65f49754@group-21430B2B3C56-LeaderElection6] INFO  server.RaftServerConfigKeys (ConfUtils.java:logGet(44)) - raft.server.watch.element-limit = 65536 (default)
2022-05-11 01:29:19,874 [7534a985-5663-44b5-b700-fcde65f49754@group-21430B2B3C56-LeaderElection6] INFO  server.RaftServerConfigKeys (ConfUtils.java:logGet(44)) - raft.server.write.element-limit = 1024 (custom)
2022-05-11 01:29:19,874 [7534a985-5663-44b5-b700-fcde65f49754@group-21430B2B3C56-LeaderElection6] INFO  server.RaftServerConfigKeys (ConfUtils.java:logGet(44)) - raft.server.write.follower.gap.ratio.max = -1.0 (default)
2022-05-11 01:29:19,874 [7534a985-5663-44b5-b700-fcde65f49754@group-21430B2B3C56-LeaderElection6] INFO  impl.RoleInfo (RoleInfo.java:updateAndGet(130)) - 7534a985-5663-44b5-b700-fcde65f49754: start 7534a985-5663-44b5-b700-fcde65f49754@group-21430B2B3C56-LeaderStateImpl
2022-05-11 01:29:19,874 [7534a985-5663-44b5-b700-fcde65f49754@group-21430B2B3C56-LeaderElection6] INFO  segmented.SegmentedRaftLogWorker (SegmentedRaftLogWorker.java:startLogSegment(394)) - 7534a985-5663-44b5-b700-fcde65f49754@group-21430B2B3C56-SegmentedRaftLogWorker: Starting segment from index:0
2022-05-11 01:29:19,878 [7534a985-5663-44b5-b700-fcde65f49754@group-21430B2B3C56-LeaderElection6] INFO  server.RaftServer$Division (ServerState.java:setRaftConf(387)) - 7534a985-5663-44b5-b700-fcde65f49754@group-21430B2B3C56: set configuration 0: [7534a985-5663-44b5-b700-fcde65f49754|rpc:10.1.0.42:34977|dataStream:|priority:1], old=null
2022-05-11 01:29:19,880 [7534a985-5663-44b5-b700-fcde65f49754@group-21430B2B3C56-SegmentedRaftLogWorker] INFO  segmented.SegmentedRaftLogWorker (SegmentedRaftLogWorker.java:execute(601)) - 7534a985-5663-44b5-b700-fcde65f49754@group-21430B2B3C56-SegmentedRaftLogWorker: created new log segment /home/runner/work/ozone/ozone/hadoop-ozone/integration-test/target/test-dir/MiniOzoneClusterImpl-ae28b10a-1883-433e-acb0-7438b5479a4c/datanode-1/data/ratis/baab5fc4-8ed7-4209-ae47-21430b2b3c56/current/log_inprogress_0
2022-05-11 01:29:20,078 [Listener at 127.0.0.1/43241] INFO  ozone.MiniOzoneClusterImpl (MiniOzoneClusterImpl.java:lambda$waitForClusterToBeReady$0(221)) - Nodes are ready. Got 3 of 3 DN Heartbeats.
2022-05-11 01:29:20,078 [Listener at 127.0.0.1/43241] INFO  ozone.MiniOzoneClusterImpl (MiniOzoneClusterImpl.java:lambda$waitForClusterToBeReady$0(224)) - Cluster exits safe mode
2022-05-11 01:29:20,079 [Listener at 127.0.0.1/43241] INFO  ozone.MiniOzoneClusterImpl (MiniOzoneClusterImpl.java:lambda$waitForClusterToBeReady$0(226)) - SCM became leader
2022-05-11 01:29:20,276 [eee5cc7d-4700-49e9-a538-fde0b838210a@group-6DC9B324F7A5-FollowerState] INFO  impl.FollowerState (FollowerState.java:run(134)) - eee5cc7d-4700-49e9-a538-fde0b838210a@group-6DC9B324F7A5-FollowerState: change to CANDIDATE, lastRpcElapsedTime:5183067544ns, electionTimeout:5180ms
2022-05-11 01:29:20,276 [eee5cc7d-4700-49e9-a538-fde0b838210a@group-6DC9B324F7A5-FollowerState] INFO  impl.RoleInfo (RoleInfo.java:shutdownFollowerState(108)) - eee5cc7d-4700-49e9-a538-fde0b838210a: shutdown eee5cc7d-4700-49e9-a538-fde0b838210a@group-6DC9B324F7A5-FollowerState
2022-05-11 01:29:20,276 [eee5cc7d-4700-49e9-a538-fde0b838210a@group-6DC9B324F7A5-FollowerState] INFO  server.RaftServer$Division (RaftServerImpl.java:setRole(290)) - eee5cc7d-4700-49e9-a538-fde0b838210a@group-6DC9B324F7A5: changes role from  FOLLOWER to CANDIDATE at term 0 for changeToCandidate
2022-05-11 01:29:20,276 [eee5cc7d-4700-49e9-a538-fde0b838210a@group-6DC9B324F7A5-FollowerState] INFO  server.RaftServerConfigKeys (ConfUtils.java:logGet(44)) - raft.server.leaderelection.pre-vote = false (custom)
2022-05-11 01:29:20,276 [eee5cc7d-4700-49e9-a538-fde0b838210a@group-6DC9B324F7A5-FollowerState] INFO  impl.RoleInfo (RoleInfo.java:updateAndGet(130)) - eee5cc7d-4700-49e9-a538-fde0b838210a: start eee5cc7d-4700-49e9-a538-fde0b838210a@group-6DC9B324F7A5-LeaderElection7
2022-05-11 01:29:20,315 [eee5cc7d-4700-49e9-a538-fde0b838210a@group-6DC9B324F7A5-LeaderElection7] INFO  impl.LeaderElection (LeaderElection.java:askForVotes(306)) - eee5cc7d-4700-49e9-a538-fde0b838210a@group-6DC9B324F7A5-LeaderElection7 ELECTION round 0: submit vote requests at term 1 for -1: [eee5cc7d-4700-49e9-a538-fde0b838210a|rpc:10.1.0.42:33975|priority:1], old=null
2022-05-11 01:29:20,316 [eee5cc7d-4700-49e9-a538-fde0b838210a@group-6DC9B324F7A5-LeaderElection7] INFO  impl.LeaderElection (LeaderElection.java:askForVotes(308)) - eee5cc7d-4700-49e9-a538-fde0b838210a@group-6DC9B324F7A5-LeaderElection7 ELECTION round 0: result PASSED (term=1)
2022-05-11 01:29:20,316 [eee5cc7d-4700-49e9-a538-fde0b838210a@group-6DC9B324F7A5-LeaderElection7] INFO  impl.RoleInfo (RoleInfo.java:shutdownLeaderElection(121)) - eee5cc7d-4700-49e9-a538-fde0b838210a: shutdown eee5cc7d-4700-49e9-a538-fde0b838210a@group-6DC9B324F7A5-LeaderElection7
2022-05-11 01:29:20,316 [eee5cc7d-4700-49e9-a538-fde0b838210a@group-6DC9B324F7A5-LeaderElection7] INFO  server.RaftServer$Division (RaftServerImpl.java:setRole(290)) - eee5cc7d-4700-49e9-a538-fde0b838210a@group-6DC9B324F7A5: changes role from CANDIDATE to LEADER at term 1 for changeToLeader
2022-05-11 01:29:20,316 [eee5cc7d-4700-49e9-a538-fde0b838210a@group-6DC9B324F7A5-LeaderElection7] INFO  ratis.XceiverServerRatis (XceiverServerRatis.java:handleLeaderChangedNotification(863)) - Leader change notification received for group: group-6DC9B324F7A5 with new leaderId: eee5cc7d-4700-49e9-a538-fde0b838210a
2022-05-11 01:29:20,316 [eee5cc7d-4700-49e9-a538-fde0b838210a@group-6DC9B324F7A5-LeaderElection7] INFO  server.RaftServer$Division (ServerState.java:setLeader(285)) - eee5cc7d-4700-49e9-a538-fde0b838210a@group-6DC9B324F7A5: change Leader from null to eee5cc7d-4700-49e9-a538-fde0b838210a at term 1 for becomeLeader, leader elected after 5232ms
2022-05-11 01:29:20,316 [eee5cc7d-4700-49e9-a538-fde0b838210a@group-6DC9B324F7A5-LeaderElection7] INFO  server.RaftServerConfigKeys (ConfUtils.java:logGet(44)) - raft.server.staging.catchup.gap = 1000 (default)
2022-05-11 01:29:20,317 [eee5cc7d-4700-49e9-a538-fde0b838210a@group-6DC9B324F7A5-LeaderElection7] INFO  server.RaftServerConfigKeys (ConfUtils.java:logGet(44)) - raft.server.write.element-limit = 1024 (custom)
2022-05-11 01:29:20,317 [eee5cc7d-4700-49e9-a538-fde0b838210a@group-6DC9B324F7A5-LeaderElection7] INFO  server.RaftServerConfigKeys (ConfUtils.java:logGet(44)) - raft.server.write.byte-limit = 1024 M (=1073741824) (custom)
2022-05-11 01:29:20,317 [eee5cc7d-4700-49e9-a538-fde0b838210a@group-6DC9B324F7A5-LeaderElection7] INFO  server.RaftServerConfigKeys (ConfUtils.java:logGet(44)) - raft.server.watch.timeout = 180s (custom)
2022-05-11 01:29:20,317 [eee5cc7d-4700-49e9-a538-fde0b838210a@group-6DC9B324F7A5-LeaderElection7] INFO  server.RaftServerConfigKeys (ConfUtils.java:logGet(44)) - raft.server.watch.timeout.denomination = 1s (default)
2022-05-11 01:29:20,317 [eee5cc7d-4700-49e9-a538-fde0b838210a@group-6DC9B324F7A5-LeaderElection7] INFO  server.RaftServerConfigKeys (ConfUtils.java:logGet(44)) - raft.server.watch.element-limit = 65536 (default)
2022-05-11 01:29:20,317 [eee5cc7d-4700-49e9-a538-fde0b838210a@group-6DC9B324F7A5-LeaderElection7] INFO  server.RaftServerConfigKeys (ConfUtils.java:logGet(44)) - raft.server.write.element-limit = 1024 (custom)
2022-05-11 01:29:20,317 [eee5cc7d-4700-49e9-a538-fde0b838210a@group-6DC9B324F7A5-LeaderElection7] INFO  server.RaftServerConfigKeys (ConfUtils.java:logGet(44)) - raft.server.write.follower.gap.ratio.max = -1.0 (default)
2022-05-11 01:29:20,318 [eee5cc7d-4700-49e9-a538-fde0b838210a@group-6DC9B324F7A5-LeaderElection7] INFO  impl.RoleInfo (RoleInfo.java:updateAndGet(130)) - eee5cc7d-4700-49e9-a538-fde0b838210a: start eee5cc7d-4700-49e9-a538-fde0b838210a@group-6DC9B324F7A5-LeaderStateImpl
2022-05-11 01:29:20,318 [eee5cc7d-4700-49e9-a538-fde0b838210a@group-6DC9B324F7A5-LeaderElection7] INFO  segmented.SegmentedRaftLogWorker (SegmentedRaftLogWorker.java:startLogSegment(394)) - eee5cc7d-4700-49e9-a538-fde0b838210a@group-6DC9B324F7A5-SegmentedRaftLogWorker: Starting segment from index:0
2022-05-11 01:29:20,322 [eee5cc7d-4700-49e9-a538-fde0b838210a@group-6DC9B324F7A5-SegmentedRaftLogWorker] INFO  segmented.SegmentedRaftLogWorker (SegmentedRaftLogWorker.java:execute(601)) - eee5cc7d-4700-49e9-a538-fde0b838210a@group-6DC9B324F7A5-SegmentedRaftLogWorker: created new log segment /home/runner/work/ozone/ozone/hadoop-ozone/integration-test/target/test-dir/MiniOzoneClusterImpl-ae28b10a-1883-433e-acb0-7438b5479a4c/datanode-2/data/ratis/455f2ac9-a1b3-4de8-9b96-6dc9b324f7a5/current/log_inprogress_0
2022-05-11 01:29:20,331 [eee5cc7d-4700-49e9-a538-fde0b838210a@group-6DC9B324F7A5-LeaderElection7] INFO  server.RaftServer$Division (ServerState.java:setRaftConf(387)) - eee5cc7d-4700-49e9-a538-fde0b838210a@group-6DC9B324F7A5: set configuration 0: [eee5cc7d-4700-49e9-a538-fde0b838210a|rpc:10.1.0.42:33975|dataStream:|priority:1], old=null
2022-05-11 01:29:20,591 [Listener at 127.0.0.1/43241] INFO  rpc.RpcClient (RpcClient.java:createVolume(448)) - Creating Volume: volume15727, with user67246 as owner and space quota set to -1 bytes, counts quota set to -1
2022-05-11 01:29:20,684 [OM StateMachine ApplyTransaction Thread - 0] INFO  volume.OMVolumeCreateRequest (OMVolumeCreateRequest.java:validateAndUpdateCache(195)) - created volume:volume15727 for user:user67246
2022-05-11 01:29:20,693 [OM StateMachine ApplyTransaction Thread - 0] INFO  volume.OMVolumeCreateRequest (OMVolumeCreateRequest.java:validateAndUpdateCache(195)) - created volume:volume15727 for user:user67246
2022-05-11 01:29:20,698 [OM StateMachine ApplyTransaction Thread - 0] INFO  volume.OMVolumeCreateRequest (OMVolumeCreateRequest.java:validateAndUpdateCache(195)) - created volume:volume15727 for user:user67246
2022-05-11 01:29:20,730 [Listener at 127.0.0.1/43241] INFO  rpc.RpcClient (RpcClient.java:createBucket(637)) - Creating Bucket: volume15727/a629eccb-5916-44d5-abd7-89c8c5c0c12c, with runner as owner and Versioning false and Storage Type set to DISK and Encryption set to false 
2022-05-11 01:29:20,764 [OM StateMachine ApplyTransaction Thread - 0] INFO  bucket.OMBucketCreateRequest (OMBucketCreateRequest.java:validateAndUpdateCache(258)) - created bucket: a629eccb-5916-44d5-abd7-89c8c5c0c12c of layout LEGACY in volume: volume15727
2022-05-11 01:29:20,782 [OM StateMachine ApplyTransaction Thread - 0] INFO  bucket.OMBucketCreateRequest (OMBucketCreateRequest.java:validateAndUpdateCache(258)) - created bucket: a629eccb-5916-44d5-abd7-89c8c5c0c12c of layout LEGACY in volume: volume15727
2022-05-11 01:29:20,789 [OM StateMachine ApplyTransaction Thread - 0] INFO  bucket.OMBucketCreateRequest (OMBucketCreateRequest.java:validateAndUpdateCache(258)) - created bucket: a629eccb-5916-44d5-abd7-89c8c5c0c12c of layout LEGACY in volume: volume15727
2022-05-11 01:29:20,929 [IPC Server handler 5 on default port 46051] INFO  ha.SequenceIdGenerator (SequenceIdGenerator.java:getNextId(127)) - Allocate a batch for containerId, change lastId from 0 to 1000.
2022-05-11 01:29:20,941 [IPC Server handler 5 on default port 46051] WARN  ha.SequenceIdGenerator (SequenceIdGenerator.java:allocateBatch(235)) - Failed to allocate a batch for localId, expected lastId is 0, actual lastId is 109611004723200000.
2022-05-11 01:29:20,942 [IPC Server handler 5 on default port 46051] INFO  ha.SequenceIdGenerator (SequenceIdGenerator.java:getNextId(127)) - Allocate a batch for localId, change lastId from 109611004723200000 to 109611004723201000.
2022-05-11 01:29:21,076 [Listener at 127.0.0.1/43241] INFO  impl.MetricsSystemImpl (MetricsSystemImpl.java:init(158)) - XceiverClientMetrics metrics system started (again)
2022-05-11 01:29:21,889 [Listener at 127.0.0.1/43241] INFO  rpc.RpcClient (RpcClient.java:createVolume(448)) - Creating Volume: volume22449, with user28474 as owner and space quota set to -1 bytes, counts quota set to -1
2022-05-11 01:29:21,898 [OM StateMachine ApplyTransaction Thread - 0] INFO  volume.OMVolumeCreateRequest (OMVolumeCreateRequest.java:validateAndUpdateCache(195)) - created volume:volume22449 for user:user28474
2022-05-11 01:29:21,901 [Listener at 127.0.0.1/43241] INFO  rpc.RpcClient (RpcClient.java:createBucket(637)) - Creating Bucket: volume22449/dfd57153-a201-42b3-88fc-5e4248261e79, with runner as owner and Versioning false and Storage Type set to DISK and Encryption set to false 
2022-05-11 01:29:21,907 [OM StateMachine ApplyTransaction Thread - 0] INFO  volume.OMVolumeCreateRequest (OMVolumeCreateRequest.java:validateAndUpdateCache(195)) - created volume:volume22449 for user:user28474
2022-05-11 01:29:21,911 [OM StateMachine ApplyTransaction Thread - 0] INFO  volume.OMVolumeCreateRequest (OMVolumeCreateRequest.java:validateAndUpdateCache(195)) - created volume:volume22449 for user:user28474
2022-05-11 01:29:21,915 [OM StateMachine ApplyTransaction Thread - 0] INFO  bucket.OMBucketCreateRequest (OMBucketCreateRequest.java:validateAndUpdateCache(258)) - created bucket: dfd57153-a201-42b3-88fc-5e4248261e79 of layout LEGACY in volume: volume22449
2022-05-11 01:29:21,923 [OM StateMachine ApplyTransaction Thread - 0] INFO  bucket.OMBucketCreateRequest (OMBucketCreateRequest.java:validateAndUpdateCache(258)) - created bucket: dfd57153-a201-42b3-88fc-5e4248261e79 of layout LEGACY in volume: volume22449
2022-05-11 01:29:21,925 [OM StateMachine ApplyTransaction Thread - 0] INFO  bucket.OMBucketCreateRequest (OMBucketCreateRequest.java:validateAndUpdateCache(258)) - created bucket: dfd57153-a201-42b3-88fc-5e4248261e79 of layout LEGACY in volume: volume22449
2022-05-11 01:29:21,943 [Listener at 127.0.0.1/43241] INFO  om.OzoneManager (OzoneManager.java:stop(1950)) - omNode-1[localhost:40623]: Stopping Ozone Manager
2022-05-11 01:29:21,944 [Listener at 127.0.0.1/43241] INFO  ipc.Server (Server.java:stop(3414)) - Stopping server on 40623
2022-05-11 01:29:21,957 [IPC Server listener on 40623] INFO  ipc.Server (Server.java:run(1376)) - Stopping IPC Server listener on 40623
2022-05-11 01:29:21,962 [IPC Server Responder] INFO  ipc.Server (Server.java:run(1512)) - Stopping IPC Server Responder
2022-05-11 01:29:21,963 [Listener at 127.0.0.1/43241] INFO  server.RaftServer (RaftServerProxy.java:lambda$close$6(391)) - omNode-1: close
2022-05-11 01:29:21,964 [Listener at 127.0.0.1/43241] INFO  server.RaftServer$Division (RaftServerImpl.java:lambda$close$4(412)) - omNode-1@group-523986131536: shutdown
2022-05-11 01:29:21,964 [Listener at 127.0.0.1/43241] INFO  util.JmxRegister (JmxRegister.java:unregister(73)) - Successfully un-registered JMX Bean with object name Ratis:service=RaftServer,group=group-523986131536,id=omNode-1
2022-05-11 01:29:21,965 [Listener at 127.0.0.1/43241] INFO  impl.RoleInfo (RoleInfo.java:shutdownLeaderState(91)) - omNode-1: shutdown omNode-1@group-523986131536-LeaderStateImpl
2022-05-11 01:29:21,965 [omNode-1@group-523986131536->omNode-3-GrpcLogAppender-LogAppenderDaemon] WARN  server.GrpcLogAppender (GrpcLogAppender.java:mayWait(177)) - omNode-1@group-523986131536->omNode-3-GrpcLogAppender: Wait interrupted by java.lang.InterruptedException
2022-05-11 01:29:21,965 [omNode-1@group-523986131536->omNode-2-GrpcLogAppender-LogAppenderDaemon] WARN  server.GrpcLogAppender (GrpcLogAppender.java:mayWait(177)) - omNode-1@group-523986131536->omNode-2-GrpcLogAppender: Wait interrupted by java.lang.InterruptedException
2022-05-11 01:29:21,967 [Listener at 127.0.0.1/43241] INFO  impl.PendingRequests (PendingRequests.java:sendNotLeaderResponses(282)) - omNode-1@group-523986131536-PendingRequests: sendNotLeaderResponses
2022-05-11 01:29:21,967 [grpc-default-executor-2] INFO  server.GrpcServerProtocolService (GrpcServerProtocolService.java:onCompleted(140)) - omNode-3: Completed APPEND_ENTRIES, lastRequest: omNode-1->omNode-3#38493-t1,previous=(t:1, i:19),leaderCommit=19,initializing? true,entries: size=1, first=(t:1, i:20), METADATAENTRY(c:19)
2022-05-11 01:29:21,968 [grpc-default-executor-1] INFO  server.GrpcServerProtocolService (GrpcServerProtocolService.java:onCompleted(140)) - omNode-2: Completed APPEND_ENTRIES, lastRequest: omNode-1->omNode-2#233-t1,previous=(t:1, i:19),leaderCommit=19,initializing? true,entries: size=1, first=(t:1, i:20), METADATAENTRY(c:19)
2022-05-11 01:29:21,972 [grpc-default-executor-0] INFO  server.GrpcLogAppender (GrpcLogAppender.java:onCompleted(346)) - omNode-1@group-523986131536->omNode-2-AppendLogResponseHandler: follower responses appendEntries COMPLETED
2022-05-11 01:29:21,972 [grpc-default-executor-1] INFO  server.GrpcLogAppender (GrpcLogAppender.java:onCompleted(346)) - omNode-1@group-523986131536->omNode-3-AppendLogResponseHandler: follower responses appendEntries COMPLETED
2022-05-11 01:29:21,972 [grpc-default-executor-0] INFO  leader.FollowerInfo (FollowerInfoImpl.java:lambda$new$0(47)) - omNode-1@group-523986131536->omNode-2: nextIndex: updateUnconditionally 21 -> 20
2022-05-11 01:29:21,972 [grpc-default-executor-1] INFO  leader.FollowerInfo (FollowerInfoImpl.java:lambda$new$0(47)) - omNode-1@group-523986131536->omNode-3: nextIndex: updateUnconditionally 21 -> 20
2022-05-11 01:29:21,976 [Listener at 127.0.0.1/43241] INFO  impl.StateMachineUpdater (StateMachineUpdater.java:stopAndJoin(149)) - omNode-1@group-523986131536-StateMachineUpdater: set stopIndex = 20
2022-05-11 01:29:21,976 [omNode-1@group-523986131536-StateMachineUpdater] INFO  ratis.OzoneManagerStateMachine (OzoneManagerStateMachine.java:takeSnapshot(436)) - Current Snapshot Index (t:1, i:20)
2022-05-11 01:29:21,977 [omNode-1@group-523986131536-StateMachineUpdater] INFO  impl.StateMachineUpdater (StateMachineUpdater.java:takeSnapshot(281)) - omNode-1@group-523986131536-StateMachineUpdater: Took a snapshot at index 20
2022-05-11 01:29:21,978 [omNode-1@group-523986131536-StateMachineUpdater] INFO  impl.StateMachineUpdater (StateMachineUpdater.java:lambda$new$0(89)) - omNode-1@group-523986131536-StateMachineUpdater: snapshotIndex: updateIncreasingly -1 -> 20
2022-05-11 01:29:21,978 [omNode-1@group-523986131536-StateMachineUpdater] INFO  ratis.OzoneManagerStateMachine (OzoneManagerStateMachine.java:close(490)) - StateMachine has shutdown. Shutdown OzoneManager if not already shutdown.
2022-05-11 01:29:21,978 [omNode-1@group-523986131536-StateMachineUpdater] INFO  ratis.OzoneManagerDoubleBuffer (OzoneManagerDoubleBuffer.java:stop(465)) - Stopping OMDoubleBuffer flush thread
2022-05-11 01:29:21,978 [OMDoubleBufferFlushThread] INFO  ratis.OzoneManagerDoubleBuffer (OzoneManagerDoubleBuffer.java:flushTransactions(385)) - OMDoubleBuffer flush thread OMDoubleBufferFlushThread is interrupted and will exit.
2022-05-11 01:29:21,980 [Listener at 127.0.0.1/43241] INFO  server.RaftServer$Division (ServerState.java:close(419)) - omNode-1@group-523986131536: closes. applyIndex: 20
2022-05-11 01:29:21,981 [omNode-1@group-523986131536-SegmentedRaftLogWorker] INFO  segmented.SegmentedRaftLogWorker (SegmentedRaftLogWorker.java:run(327)) - omNode-1@group-523986131536-SegmentedRaftLogWorker was interrupted, exiting. There are 0 tasks remaining in the queue.
2022-05-11 01:29:21,983 [Listener at 127.0.0.1/43241] INFO  segmented.SegmentedRaftLogWorker (SegmentedRaftLogWorker.java:close(237)) - omNode-1@group-523986131536-SegmentedRaftLogWorker close()
2022-05-11 01:29:21,984 [Listener at 127.0.0.1/43241] INFO  server.GrpcService (GrpcService.java:closeImpl(262)) - omNode-1: shutdown server with port 37959 now
2022-05-11 01:29:21,989 [Listener at 127.0.0.1/43241] INFO  server.GrpcService (GrpcService.java:closeImpl(271)) - omNode-1: shutdown server with port 37959 successfully
2022-05-11 01:29:21,990 [org.apache.ratis.util.JvmPauseMonitor$$Lambda$637/1274334510@2ee3549e] INFO  util.JvmPauseMonitor (JvmPauseMonitor.java:run(109)) - JvmPauseMonitor-omNode-1: Stopped
2022-05-11 01:29:21,990 [Listener at 127.0.0.1/43241] INFO  ratis.OzoneManagerStateMachine (OzoneManagerStateMachine.java:close(490)) - StateMachine has shutdown. Shutdown OzoneManager if not already shutdown.
2022-05-11 01:29:21,990 [Listener at 127.0.0.1/43241] INFO  ratis.OzoneManagerDoubleBuffer (OzoneManagerDoubleBuffer.java:stop(477)) - OMDoubleBuffer flush thread is not running.
2022-05-11 01:29:21,990 [Listener at 127.0.0.1/43241] INFO  utils.BackgroundService (BackgroundService.java:shutdown(132)) - Shutting down service KeyDeletingService
2022-05-11 01:29:21,991 [Listener at 127.0.0.1/43241] INFO  utils.BackgroundService (BackgroundService.java:shutdown(132)) - Shutting down service DirectoryDeletingService
2022-05-11 01:29:21,997 [Listener at 127.0.0.1/43241] INFO  handler.ContextHandler (ContextHandler.java:doStop(1153)) - Stopped o.e.j.w.WebAppContext@1b28684{ozoneManager,/,null,STOPPED}{file:/home/runner/work/ozone/ozone/hadoop-ozone/integration-test/target/test-classes/webapps/ozoneManager}
2022-05-11 01:29:22,002 [Listener at 127.0.0.1/43241] INFO  server.AbstractConnector (AbstractConnector.java:doStop(381)) - Stopped ServerConnector@f0b01d4{HTTP/1.1, (http/1.1)}{0.0.0.0:34597}
2022-05-11 01:29:22,002 [Listener at 127.0.0.1/43241] INFO  server.session (HouseKeeper.java:stopScavenging(149)) - node0 Stopped scavenging
2022-05-11 01:29:22,003 [Listener at 127.0.0.1/43241] INFO  handler.ContextHandler (ContextHandler.java:doStop(1153)) - Stopped o.e.j.s.ServletContextHandler@650e9dca{static,/static,file:///home/runner/work/ozone/ozone/hadoop-ozone/integration-test/target/test-classes/webapps/static,STOPPED}
2022-05-11 01:29:22,003 [Listener at 127.0.0.1/43241] INFO  handler.ContextHandler (ContextHandler.java:doStop(1153)) - Stopped o.e.j.s.ServletContextHandler@1a168086{logs,/logs,file:///home/runner/work/ozone/ozone/hadoop-ozone/integration-test/target/log,STOPPED}
2022-05-11 01:29:23,411 [omNode-2@group-523986131536-FollowerState] INFO  impl.FollowerState (FollowerState.java:run(134)) - omNode-2@group-523986131536-FollowerState: change to CANDIDATE, lastRpcElapsedTime:1457225792ns, electionTimeout:1162ms
2022-05-11 01:29:23,412 [omNode-2@group-523986131536-FollowerState] INFO  impl.RoleInfo (RoleInfo.java:shutdownFollowerState(108)) - omNode-2: shutdown omNode-2@group-523986131536-FollowerState
2022-05-11 01:29:23,412 [omNode-2@group-523986131536-FollowerState] INFO  server.RaftServer$Division (RaftServerImpl.java:setRole(290)) - omNode-2@group-523986131536: changes role from  FOLLOWER to CANDIDATE at term 1 for changeToCandidate
2022-05-11 01:29:23,412 [omNode-2@group-523986131536-FollowerState] INFO  server.RaftServerConfigKeys (ConfUtils.java:logGet(44)) - raft.server.leaderelection.pre-vote = false (custom)
2022-05-11 01:29:23,412 [omNode-2@group-523986131536-FollowerState] INFO  impl.RoleInfo (RoleInfo.java:updateAndGet(130)) - omNode-2: start omNode-2@group-523986131536-LeaderElection8
2022-05-11 01:29:23,413 [omNode-2@group-523986131536-LeaderElection8] INFO  server.RaftServer$Division (ServerState.java:setLeader(285)) - omNode-2@group-523986131536: change Leader from omNode-1 to null at term 1 for ELECTION
2022-05-11 01:29:23,415 [omNode-2@group-523986131536-LeaderElection8] INFO  impl.LeaderElection (LeaderElection.java:askForVotes(306)) - omNode-2@group-523986131536-LeaderElection8 ELECTION round 0: submit vote requests at term 2 for 0: [omNode-3|rpc:localhost:40799|admin:|client:|dataStream:|priority:0, omNode-1|rpc:localhost:37959|admin:|client:|dataStream:|priority:0, omNode-2|rpc:localhost:36649|admin:|client:|dataStream:|priority:0], old=null
2022-05-11 01:29:23,424 [omNode-2@group-523986131536-LeaderElection8] INFO  impl.LeaderElection (LogUtils.java:infoOrTrace(137)) - omNode-2@group-523986131536-LeaderElection8 got exception when requesting votes: java.util.concurrent.ExecutionException: org.apache.ratis.thirdparty.io.grpc.StatusRuntimeException: UNAVAILABLE: io exception
2022-05-11 01:29:23,432 [grpc-default-executor-0] INFO  server.RaftServer$Division (RaftServerImpl.java:requestVote(1046)) - omNode-3@group-523986131536: receive requestVote(ELECTION, omNode-2, group-523986131536, 2, (t:1, i:20))
2022-05-11 01:29:23,432 [grpc-default-executor-0] INFO  impl.VoteContext (VoteContext.java:log(48)) - omNode-3@group-523986131536-FOLLOWER: accept ELECTION from omNode-2: our priority 0 <= candidate's priority 0
2022-05-11 01:29:23,432 [grpc-default-executor-0] INFO  server.RaftServer$Division (ServerState.java:setLeader(285)) - omNode-3@group-523986131536: change Leader from omNode-1 to null at term 2 for updateCurrentTerm
2022-05-11 01:29:23,432 [grpc-default-executor-0] INFO  server.RaftServer$Division (RaftServerImpl.java:setRole(290)) - omNode-3@group-523986131536: changes role from  FOLLOWER to FOLLOWER at term 2 for candidate:omNode-2
2022-05-11 01:29:23,432 [grpc-default-executor-0] INFO  impl.RoleInfo (RoleInfo.java:shutdownFollowerState(108)) - omNode-3: shutdown omNode-3@group-523986131536-FollowerState
2022-05-11 01:29:23,432 [grpc-default-executor-0] INFO  impl.RoleInfo (RoleInfo.java:updateAndGet(130)) - omNode-3: start omNode-3@group-523986131536-FollowerState
2022-05-11 01:29:23,432 [omNode-3@group-523986131536-FollowerState] INFO  impl.FollowerState (FollowerState.java:run(143)) - omNode-3@group-523986131536-FollowerState was interrupted: {}
java.lang.InterruptedException: sleep interrupted
	at java.lang.Thread.sleep(Native Method)
	at java.lang.Thread.sleep(Thread.java:342)
	at java.util.concurrent.TimeUnit.sleep(TimeUnit.java:386)
	at org.apache.ratis.util.TimeDuration.sleep(TimeDuration.java:324)
	at org.apache.ratis.util.TimeDuration.sleep(TimeDuration.java:309)
	at org.apache.ratis.server.impl.FollowerState.run(FollowerState.java:118)
2022-05-11 01:29:23,436 [grpc-default-executor-0] INFO  server.RaftServer$Division (RaftServerImpl.java:requestVote(1078)) - omNode-3@group-523986131536 replies to ELECTION vote request: omNode-2<-omNode-3#0:OK-t2. Peer's state: omNode-3@group-523986131536:t2, leader=null, voted=omNode-2, raftlog=omNode-3@group-523986131536-SegmentedRaftLog:OPENED:c19, conf=0: [omNode-3|rpc:localhost:40799|admin:|client:|dataStream:|priority:0, omNode-1|rpc:localhost:37959|admin:|client:|dataStream:|priority:0, omNode-2|rpc:localhost:36649|admin:|client:|dataStream:|priority:0], old=null
2022-05-11 01:29:23,439 [omNode-2@group-523986131536-LeaderElection8] INFO  impl.LeaderElection (LeaderElection.java:logAndReturn(89)) - omNode-2@group-523986131536-LeaderElection8: ELECTION PASSED received 1 response(s) and 1 exception(s):
2022-05-11 01:29:23,440 [omNode-2@group-523986131536-LeaderElection8] INFO  impl.LeaderElection (LeaderElection.java:logAndReturn(93)) -   Response 0: omNode-2<-omNode-3#0:OK-t2
2022-05-11 01:29:23,440 [omNode-2@group-523986131536-LeaderElection8] INFO  impl.LeaderElection (LogUtils.java:infoOrTrace(137)) -   Exception 1: java.util.concurrent.ExecutionException: org.apache.ratis.thirdparty.io.grpc.StatusRuntimeException: UNAVAILABLE: io exception
2022-05-11 01:29:23,440 [omNode-2@group-523986131536-LeaderElection8] INFO  impl.LeaderElection (LeaderElection.java:askForVotes(308)) - omNode-2@group-523986131536-LeaderElection8 ELECTION round 0: result PASSED
2022-05-11 01:29:23,440 [omNode-2@group-523986131536-LeaderElection8] INFO  impl.RoleInfo (RoleInfo.java:shutdownLeaderElection(121)) - omNode-2: shutdown omNode-2@group-523986131536-LeaderElection8
2022-05-11 01:29:23,440 [omNode-2@group-523986131536-LeaderElection8] INFO  server.RaftServer$Division (RaftServerImpl.java:setRole(290)) - omNode-2@group-523986131536: changes role from CANDIDATE to LEADER at term 2 for changeToLeader
2022-05-11 01:29:23,440 [omNode-2@group-523986131536-LeaderElection8] INFO  server.RaftServer$Division (ServerState.java:setLeader(285)) - omNode-2@group-523986131536: change Leader from null to omNode-2 at term 2 for becomeLeader, leader elected after 26ms
2022-05-11 01:29:23,440 [omNode-2@group-523986131536-LeaderElection8] INFO  server.RaftServerConfigKeys (ConfUtils.java:logGet(44)) - raft.server.staging.catchup.gap = 1000 (default)
2022-05-11 01:29:23,440 [omNode-2@group-523986131536-LeaderElection8] INFO  server.RaftServerConfigKeys (ConfUtils.java:logGet(44)) - raft.server.write.element-limit = 4096 (default)
2022-05-11 01:29:23,440 [omNode-2@group-523986131536-LeaderElection8] INFO  server.RaftServerConfigKeys (ConfUtils.java:logGet(44)) - raft.server.write.byte-limit = 64MB (=67108864) (default)
2022-05-11 01:29:23,441 [omNode-2@group-523986131536-LeaderElection8] INFO  server.RaftServerConfigKeys (ConfUtils.java:logGet(44)) - raft.server.watch.timeout = 10s (default)
2022-05-11 01:29:23,441 [omNode-2@group-523986131536-LeaderElection8] INFO  server.RaftServerConfigKeys (ConfUtils.java:logGet(44)) - raft.server.watch.timeout.denomination = 1s (default)
2022-05-11 01:29:23,441 [omNode-2@group-523986131536-LeaderElection8] INFO  server.RaftServerConfigKeys (ConfUtils.java:logGet(44)) - raft.server.watch.element-limit = 65536 (default)
2022-05-11 01:29:23,441 [omNode-2@group-523986131536-LeaderElection8] INFO  server.RaftServerConfigKeys (ConfUtils.java:logGet(44)) - raft.server.write.element-limit = 4096 (default)
2022-05-11 01:29:23,441 [omNode-2@group-523986131536-LeaderElection8] INFO  server.RaftServerConfigKeys (ConfUtils.java:logGet(44)) - raft.server.write.follower.gap.ratio.max = -1.0 (default)
2022-05-11 01:29:23,441 [omNode-2@group-523986131536-LeaderElection8] INFO  server.RaftServerConfigKeys (ConfUtils.java:logGet(44)) - raft.server.log.appender.snapshot.chunk.size.max = 16MB (=16777216) (default)
2022-05-11 01:29:23,441 [omNode-2@group-523986131536-LeaderElection8] INFO  server.RaftServerConfigKeys (ConfUtils.java:logGet(44)) - raft.server.log.appender.buffer.byte-limit = 33554432 (custom)
2022-05-11 01:29:23,441 [omNode-2@group-523986131536-LeaderElection8] INFO  server.RaftServerConfigKeys (ConfUtils.java:logGet(44)) - raft.server.log.appender.buffer.element-limit = 1024 (custom)
2022-05-11 01:29:23,443 [omNode-2@group-523986131536-LeaderElection8] INFO  grpc.GrpcConfigKeys (ConfUtils.java:logGet(44)) - raft.grpc.server.leader.outstanding.appends.max = 128 (default)
2022-05-11 01:29:23,443 [omNode-2@group-523986131536-LeaderElection8] INFO  server.RaftServerConfigKeys (ConfUtils.java:logGet(44)) - raft.server.rpc.request.timeout = 3000ms (default)
2022-05-11 01:29:23,443 [omNode-2@group-523986131536-LeaderElection8] INFO  server.RaftServerConfigKeys (ConfUtils.java:logGet(44)) - raft.server.log.appender.install.snapshot.enabled = false (custom)
2022-05-11 01:29:23,444 [omNode-2@group-523986131536-LeaderElection8] INFO  server.RaftServerConfigKeys (ConfUtils.java:logGet(44)) - raft.server.log.appender.snapshot.chunk.size.max = 16MB (=16777216) (default)
2022-05-11 01:29:23,444 [omNode-2@group-523986131536-LeaderElection8] INFO  server.RaftServerConfigKeys (ConfUtils.java:logGet(44)) - raft.server.log.appender.buffer.byte-limit = 33554432 (custom)
2022-05-11 01:29:23,444 [omNode-2@group-523986131536-LeaderElection8] INFO  server.RaftServerConfigKeys (ConfUtils.java:logGet(44)) - raft.server.log.appender.buffer.element-limit = 1024 (custom)
2022-05-11 01:29:23,444 [omNode-2@group-523986131536-LeaderElection8] INFO  grpc.GrpcConfigKeys (ConfUtils.java:logGet(44)) - raft.grpc.server.leader.outstanding.appends.max = 128 (default)
2022-05-11 01:29:23,444 [omNode-2@group-523986131536-LeaderElection8] INFO  server.RaftServerConfigKeys (ConfUtils.java:logGet(44)) - raft.server.rpc.request.timeout = 3000ms (default)
2022-05-11 01:29:23,444 [omNode-2@group-523986131536-LeaderElection8] INFO  server.RaftServerConfigKeys (ConfUtils.java:logGet(44)) - raft.server.log.appender.install.snapshot.enabled = false (custom)
2022-05-11 01:29:23,445 [omNode-2@group-523986131536-LeaderElection8] INFO  impl.RoleInfo (RoleInfo.java:updateAndGet(130)) - omNode-2: start omNode-2@group-523986131536-LeaderStateImpl
2022-05-11 01:29:23,445 [omNode-2@group-523986131536-LeaderElection8] INFO  segmented.SegmentedRaftLogWorker (SegmentedRaftLogWorker.java:rollLogSegment(399)) - omNode-2@group-523986131536-SegmentedRaftLogWorker: Rolling segment log-0_20 to index:20
2022-05-11 01:29:23,448 [omNode-2@group-523986131536-SegmentedRaftLogWorker] INFO  segmented.SegmentedRaftLogWorker (SegmentedRaftLogWorker.java:execute(558)) - omNode-2@group-523986131536-SegmentedRaftLogWorker: Rolled log segment from /home/runner/work/ozone/ozone/hadoop-ozone/integration-test/target/test-dir/MiniOzoneClusterImpl-ae28b10a-1883-433e-acb0-7438b5479a4c/omNode-2/ratis/c9bc4cf4-3bc3-3c60-a66b-523986131536/current/log_inprogress_0 to /home/runner/work/ozone/ozone/hadoop-ozone/integration-test/target/test-dir/MiniOzoneClusterImpl-ae28b10a-1883-433e-acb0-7438b5479a4c/omNode-2/ratis/c9bc4cf4-3bc3-3c60-a66b-523986131536/current/log_0-20
2022-05-11 01:29:23,452 [omNode-2@group-523986131536-LeaderElection8] INFO  server.RaftServer$Division (ServerState.java:setRaftConf(387)) - omNode-2@group-523986131536: set configuration 21: [omNode-3|rpc:localhost:40799|admin:|client:|dataStream:|priority:0, omNode-1|rpc:localhost:37959|admin:|client:|dataStream:|priority:0, omNode-2|rpc:localhost:36649|admin:|client:|dataStream:|priority:0], old=null
2022-05-11 01:29:23,460 [grpc-default-executor-0] WARN  server.GrpcLogAppender (LogUtils.java:warn(122)) - omNode-2@group-523986131536->omNode-1-AppendLogResponseHandler: Failed appendEntries: org.apache.ratis.thirdparty.io.grpc.StatusRuntimeException: UNAVAILABLE: io exception
2022-05-11 01:29:23,468 [grpc-default-executor-0] WARN  server.GrpcLogAppender (GrpcLogAppender.java:resetClient(110)) - omNode-2@group-523986131536->omNode-1-GrpcLogAppender: Leader has not got in touch with Follower omNode-2@group-523986131536->omNode-1(c-1,m0,n22, attendVote=true, lastRpcSendTime=7, lastRpcResponseTime=1226) yet, just keep nextIndex unchanged and retry.
2022-05-11 01:29:23,465 [grpc-default-executor-2] INFO  server.RaftServer$Division (ServerState.java:setLeader(285)) - omNode-3@group-523986131536: change Leader from null to omNode-2 at term 2 for appendEntries, leader elected after 32ms
2022-05-11 01:29:23,470 [grpc-default-executor-2] INFO  server.RaftServer$Division (ServerState.java:setRaftConf(387)) - omNode-3@group-523986131536: set configuration 21: [omNode-3|rpc:localhost:40799|admin:|client:|dataStream:|priority:0, omNode-1|rpc:localhost:37959|admin:|client:|dataStream:|priority:0, omNode-2|rpc:localhost:36649|admin:|client:|dataStream:|priority:0], old=null
2022-05-11 01:29:23,470 [grpc-default-executor-2] INFO  segmented.SegmentedRaftLogWorker (SegmentedRaftLogWorker.java:rollLogSegment(399)) - omNode-3@group-523986131536-SegmentedRaftLogWorker: Rolling segment log-0_20 to index:20
2022-05-11 01:29:23,472 [omNode-3@group-523986131536-SegmentedRaftLogWorker] INFO  segmented.SegmentedRaftLogWorker (SegmentedRaftLogWorker.java:execute(558)) - omNode-3@group-523986131536-SegmentedRaftLogWorker: Rolled log segment from /home/runner/work/ozone/ozone/hadoop-ozone/integration-test/target/test-dir/MiniOzoneClusterImpl-ae28b10a-1883-433e-acb0-7438b5479a4c/omNode-3/ratis/c9bc4cf4-3bc3-3c60-a66b-523986131536/current/log_inprogress_0 to /home/runner/work/ozone/ozone/hadoop-ozone/integration-test/target/test-dir/MiniOzoneClusterImpl-ae28b10a-1883-433e-acb0-7438b5479a4c/omNode-3/ratis/c9bc4cf4-3bc3-3c60-a66b-523986131536/current/log_0-20
2022-05-11 01:29:23,481 [omNode-2@group-523986131536-SegmentedRaftLogWorker] INFO  segmented.SegmentedRaftLogWorker (SegmentedRaftLogWorker.java:execute(601)) - omNode-2@group-523986131536-SegmentedRaftLogWorker: created new log segment /home/runner/work/ozone/ozone/hadoop-ozone/integration-test/target/test-dir/MiniOzoneClusterImpl-ae28b10a-1883-433e-acb0-7438b5479a4c/omNode-2/ratis/c9bc4cf4-3bc3-3c60-a66b-523986131536/current/log_inprogress_21
2022-05-11 01:29:23,490 [omNode-3@group-523986131536-SegmentedRaftLogWorker] INFO  segmented.SegmentedRaftLogWorker (SegmentedRaftLogWorker.java:execute(601)) - omNode-3@group-523986131536-SegmentedRaftLogWorker: created new log segment /home/runner/work/ozone/ozone/hadoop-ozone/integration-test/target/test-dir/MiniOzoneClusterImpl-ae28b10a-1883-433e-acb0-7438b5479a4c/omNode-3/ratis/c9bc4cf4-3bc3-3c60-a66b-523986131536/current/log_inprogress_21
2022-05-11 01:29:23,511 [omNode-2@group-523986131536-StateMachineUpdater] INFO  ratis.OzoneManagerStateMachine (OzoneManagerStateMachine.java:notifyConfigurationChanged(191)) - Received Configuration change notification from Ratis. New Peer list:
[id: "omNode-3"
address: "localhost:40799"
, id: "omNode-1"
address: "localhost:37959"
, id: "omNode-2"
address: "localhost:36649"
]
2022-05-11 01:29:23,516 [grpc-default-executor-2] WARN  server.GrpcLogAppender (LogUtils.java:warn(122)) - omNode-2@group-523986131536->omNode-1-AppendLogResponseHandler: Failed appendEntries: org.apache.ratis.thirdparty.io.grpc.StatusRuntimeException: UNAVAILABLE: io exception
2022-05-11 01:29:23,517 [grpc-default-executor-2] WARN  server.GrpcLogAppender (GrpcLogAppender.java:resetClient(110)) - omNode-2@group-523986131536->omNode-1-GrpcLogAppender: Leader has not got in touch with Follower omNode-2@group-523986131536->omNode-1(c-1,m0,n23, attendVote=true, lastRpcSendTime=0, lastRpcResponseTime=1275) yet, just keep nextIndex unchanged and retry.
2022-05-11 01:29:23,525 [omNode-3@group-523986131536-StateMachineUpdater] INFO  ratis.OzoneManagerStateMachine (OzoneManagerStateMachine.java:notifyConfigurationChanged(191)) - Received Configuration change notification from Ratis. New Peer list:
[id: "omNode-3"
address: "localhost:40799"
, id: "omNode-1"
address: "localhost:37959"
, id: "omNode-2"
address: "localhost:36649"
]
2022-05-11 01:29:24,017 [grpc-default-executor-2] WARN  server.GrpcLogAppender (LogUtils.java:warn(122)) - omNode-2@group-523986131536->omNode-1-AppendLogResponseHandler: Failed appendEntries: org.apache.ratis.thirdparty.io.grpc.StatusRuntimeException: UNAVAILABLE: io exception
2022-05-11 01:29:24,018 [grpc-default-executor-2] WARN  server.GrpcLogAppender (GrpcLogAppender.java:resetClient(110)) - omNode-2@group-523986131536->omNode-1-GrpcLogAppender: Leader has not got in touch with Follower omNode-2@group-523986131536->omNode-1(c-1,m0,n23, attendVote=true, lastRpcSendTime=1, lastRpcResponseTime=1776) yet, just keep nextIndex unchanged and retry.
2022-05-11 01:29:24,518 [grpc-default-executor-2] WARN  server.GrpcLogAppender (LogUtils.java:warn(122)) - omNode-2@group-523986131536->omNode-1-AppendLogResponseHandler: Failed appendEntries: org.apache.ratis.thirdparty.io.grpc.StatusRuntimeException: UNAVAILABLE: io exception
2022-05-11 01:29:24,519 [grpc-default-executor-2] WARN  server.GrpcLogAppender (GrpcLogAppender.java:resetClient(110)) - omNode-2@group-523986131536->omNode-1-GrpcLogAppender: Leader has not got in touch with Follower omNode-2@group-523986131536->omNode-1(c-1,m0,n23, attendVote=true, lastRpcSendTime=0, lastRpcResponseTime=2277) yet, just keep nextIndex unchanged and retry.
2022-05-11 01:29:24,950 [eee5cc7d-4700-49e9-a538-fde0b838210a@group-BB2467D81C1B-FollowerState] INFO  impl.FollowerState (FollowerState.java:run(134)) - eee5cc7d-4700-49e9-a538-fde0b838210a@group-BB2467D81C1B-FollowerState: change to CANDIDATE, lastRpcElapsedTime:5171476550ns, electionTimeout:5166ms
2022-05-11 01:29:24,950 [eee5cc7d-4700-49e9-a538-fde0b838210a@group-BB2467D81C1B-FollowerState] INFO  impl.RoleInfo (RoleInfo.java:shutdownFollowerState(108)) - eee5cc7d-4700-49e9-a538-fde0b838210a: shutdown eee5cc7d-4700-49e9-a538-fde0b838210a@group-BB2467D81C1B-FollowerState
2022-05-11 01:29:24,951 [eee5cc7d-4700-49e9-a538-fde0b838210a@group-BB2467D81C1B-FollowerState] INFO  server.RaftServer$Division (RaftServerImpl.java:setRole(290)) - eee5cc7d-4700-49e9-a538-fde0b838210a@group-BB2467D81C1B: changes role from  FOLLOWER to CANDIDATE at term 1 for changeToCandidate
2022-05-11 01:29:24,951 [eee5cc7d-4700-49e9-a538-fde0b838210a@group-BB2467D81C1B-FollowerState] INFO  server.RaftServerConfigKeys (ConfUtils.java:logGet(44)) - raft.server.leaderelection.pre-vote = false (custom)
2022-05-11 01:29:24,951 [eee5cc7d-4700-49e9-a538-fde0b838210a@group-BB2467D81C1B-FollowerState] INFO  impl.RoleInfo (RoleInfo.java:updateAndGet(130)) - eee5cc7d-4700-49e9-a538-fde0b838210a: start eee5cc7d-4700-49e9-a538-fde0b838210a@group-BB2467D81C1B-LeaderElection9
2022-05-11 01:29:24,955 [eee5cc7d-4700-49e9-a538-fde0b838210a@group-BB2467D81C1B-LeaderElection9] INFO  impl.LeaderElection (LeaderElection.java:askForVotes(306)) - eee5cc7d-4700-49e9-a538-fde0b838210a@group-BB2467D81C1B-LeaderElection9 ELECTION round 0: submit vote requests at term 2 for -1: [705ac139-4337-45d7-ba9f-5c344296e65f|rpc:10.1.0.42:37439|dataStream:|priority:0, eee5cc7d-4700-49e9-a538-fde0b838210a|rpc:10.1.0.42:33975|dataStream:|priority:0, 7534a985-5663-44b5-b700-fcde65f49754|rpc:10.1.0.42:34977|dataStream:|priority:1], old=null
2022-05-11 01:29:24,963 [grpc-default-executor-2] INFO  server.RaftServer$Division (RaftServerImpl.java:requestVote(1046)) - 705ac139-4337-45d7-ba9f-5c344296e65f@group-BB2467D81C1B: receive requestVote(ELECTION, eee5cc7d-4700-49e9-a538-fde0b838210a, group-BB2467D81C1B, 2, (t:0, i:0))
2022-05-11 01:29:24,964 [grpc-default-executor-2] INFO  impl.VoteContext (VoteContext.java:log(48)) - 705ac139-4337-45d7-ba9f-5c344296e65f@group-BB2467D81C1B-FOLLOWER: accept ELECTION from eee5cc7d-4700-49e9-a538-fde0b838210a: our priority 0 <= candidate's priority 0
2022-05-11 01:29:24,964 [grpc-default-executor-2] INFO  server.RaftServer$Division (RaftServerImpl.java:setRole(290)) - 705ac139-4337-45d7-ba9f-5c344296e65f@group-BB2467D81C1B: changes role from  FOLLOWER to FOLLOWER at term 2 for candidate:eee5cc7d-4700-49e9-a538-fde0b838210a
2022-05-11 01:29:24,964 [grpc-default-executor-2] INFO  impl.RoleInfo (RoleInfo.java:shutdownFollowerState(108)) - 705ac139-4337-45d7-ba9f-5c344296e65f: shutdown 705ac139-4337-45d7-ba9f-5c344296e65f@group-BB2467D81C1B-FollowerState
2022-05-11 01:29:24,964 [grpc-default-executor-2] INFO  impl.RoleInfo (RoleInfo.java:updateAndGet(130)) - 705ac139-4337-45d7-ba9f-5c344296e65f: start 705ac139-4337-45d7-ba9f-5c344296e65f@group-BB2467D81C1B-FollowerState
2022-05-11 01:29:24,964 [705ac139-4337-45d7-ba9f-5c344296e65f@group-BB2467D81C1B-FollowerState] INFO  impl.FollowerState (FollowerState.java:run(143)) - 705ac139-4337-45d7-ba9f-5c344296e65f@group-BB2467D81C1B-FollowerState was interrupted: {}
java.lang.InterruptedException: sleep interrupted
	at java.lang.Thread.sleep(Native Method)
	at java.lang.Thread.sleep(Thread.java:342)
	at java.util.concurrent.TimeUnit.sleep(TimeUnit.java:386)
	at org.apache.ratis.util.TimeDuration.sleep(TimeDuration.java:324)
	at org.apache.ratis.util.TimeDuration.sleep(TimeDuration.java:309)
	at org.apache.ratis.server.impl.FollowerState.run(FollowerState.java:118)
2022-05-11 01:29:24,975 [7534a985-5663-44b5-b700-fcde65f49754@group-BB2467D81C1B-FollowerState] INFO  impl.FollowerState (FollowerState.java:run(134)) - 7534a985-5663-44b5-b700-fcde65f49754@group-BB2467D81C1B-FollowerState: change to CANDIDATE, lastRpcElapsedTime:5189890305ns, electionTimeout:5172ms
2022-05-11 01:29:24,976 [grpc-default-executor-2] INFO  server.RaftServer$Division (RaftServerImpl.java:requestVote(1078)) - 705ac139-4337-45d7-ba9f-5c344296e65f@group-BB2467D81C1B replies to ELECTION vote request: eee5cc7d-4700-49e9-a538-fde0b838210a<-705ac139-4337-45d7-ba9f-5c344296e65f#0:OK-t2. Peer's state: 705ac139-4337-45d7-ba9f-5c344296e65f@group-BB2467D81C1B:t2, leader=null, voted=eee5cc7d-4700-49e9-a538-fde0b838210a, raftlog=705ac139-4337-45d7-ba9f-5c344296e65f@group-BB2467D81C1B-SegmentedRaftLog:OPENED:c-1, conf=-1: [705ac139-4337-45d7-ba9f-5c344296e65f|rpc:10.1.0.42:37439|priority:0, eee5cc7d-4700-49e9-a538-fde0b838210a|rpc:10.1.0.42:33975|priority:0, 7534a985-5663-44b5-b700-fcde65f49754|rpc:10.1.0.42:34977|priority:1], old=null
2022-05-11 01:29:24,976 [7534a985-5663-44b5-b700-fcde65f49754@group-BB2467D81C1B-FollowerState] INFO  impl.RoleInfo (RoleInfo.java:shutdownFollowerState(108)) - 7534a985-5663-44b5-b700-fcde65f49754: shutdown 7534a985-5663-44b5-b700-fcde65f49754@group-BB2467D81C1B-FollowerState
2022-05-11 01:29:24,976 [7534a985-5663-44b5-b700-fcde65f49754@group-BB2467D81C1B-FollowerState] INFO  server.RaftServer$Division (RaftServerImpl.java:setRole(290)) - 7534a985-5663-44b5-b700-fcde65f49754@group-BB2467D81C1B: changes role from  FOLLOWER to CANDIDATE at term 1 for changeToCandidate
2022-05-11 01:29:24,976 [7534a985-5663-44b5-b700-fcde65f49754@group-BB2467D81C1B-FollowerState] INFO  server.RaftServerConfigKeys (ConfUtils.java:logGet(44)) - raft.server.leaderelection.pre-vote = false (custom)
2022-05-11 01:29:24,976 [7534a985-5663-44b5-b700-fcde65f49754@group-BB2467D81C1B-FollowerState] INFO  impl.RoleInfo (RoleInfo.java:updateAndGet(130)) - 7534a985-5663-44b5-b700-fcde65f49754: start 7534a985-5663-44b5-b700-fcde65f49754@group-BB2467D81C1B-LeaderElection10
2022-05-11 01:29:24,986 [grpc-default-executor-2] INFO  server.RaftServer$Division (RaftServerImpl.java:requestVote(1046)) - 7534a985-5663-44b5-b700-fcde65f49754@group-BB2467D81C1B: receive requestVote(ELECTION, eee5cc7d-4700-49e9-a538-fde0b838210a, group-BB2467D81C1B, 2, (t:0, i:0))
2022-05-11 01:29:24,993 [grpc-default-executor-2] INFO  impl.VoteContext (VoteContext.java:log(48)) - 7534a985-5663-44b5-b700-fcde65f49754@group-BB2467D81C1B-CANDIDATE: reject ELECTION from eee5cc7d-4700-49e9-a538-fde0b838210a: already has voted for 7534a985-5663-44b5-b700-fcde65f49754 at current term 2
2022-05-11 01:29:24,993 [grpc-default-executor-2] INFO  server.RaftServer$Division (RaftServerImpl.java:requestVote(1078)) - 7534a985-5663-44b5-b700-fcde65f49754@group-BB2467D81C1B replies to ELECTION vote request: eee5cc7d-4700-49e9-a538-fde0b838210a<-7534a985-5663-44b5-b700-fcde65f49754#0:FAIL-t2. Peer's state: 7534a985-5663-44b5-b700-fcde65f49754@group-BB2467D81C1B:t2, leader=null, voted=7534a985-5663-44b5-b700-fcde65f49754, raftlog=7534a985-5663-44b5-b700-fcde65f49754@group-BB2467D81C1B-SegmentedRaftLog:OPENED:c-1, conf=-1: [705ac139-4337-45d7-ba9f-5c344296e65f|rpc:10.1.0.42:37439|dataStream:|priority:0, eee5cc7d-4700-49e9-a538-fde0b838210a|rpc:10.1.0.42:33975|dataStream:|priority:0, 7534a985-5663-44b5-b700-fcde65f49754|rpc:10.1.0.42:34977|dataStream:|priority:1], old=null
2022-05-11 01:29:24,994 [eee5cc7d-4700-49e9-a538-fde0b838210a@group-BB2467D81C1B-LeaderElection9] INFO  impl.LeaderElection (LeaderElection.java:logAndReturn(89)) - eee5cc7d-4700-49e9-a538-fde0b838210a@group-BB2467D81C1B-LeaderElection9: ELECTION REJECTED received 2 response(s) and 0 exception(s):
2022-05-11 01:29:24,994 [7534a985-5663-44b5-b700-fcde65f49754@group-BB2467D81C1B-LeaderElection10] INFO  impl.LeaderElection (LeaderElection.java:askForVotes(306)) - 7534a985-5663-44b5-b700-fcde65f49754@group-BB2467D81C1B-LeaderElection10 ELECTION round 0: submit vote requests at term 2 for -1: [705ac139-4337-45d7-ba9f-5c344296e65f|rpc:10.1.0.42:37439|dataStream:|priority:0, eee5cc7d-4700-49e9-a538-fde0b838210a|rpc:10.1.0.42:33975|dataStream:|priority:0, 7534a985-5663-44b5-b700-fcde65f49754|rpc:10.1.0.42:34977|dataStream:|priority:1], old=null
2022-05-11 01:29:24,994 [eee5cc7d-4700-49e9-a538-fde0b838210a@group-BB2467D81C1B-LeaderElection9] INFO  impl.LeaderElection (LeaderElection.java:logAndReturn(93)) -   Response 0: eee5cc7d-4700-49e9-a538-fde0b838210a<-705ac139-4337-45d7-ba9f-5c344296e65f#0:OK-t2
2022-05-11 01:29:24,995 [eee5cc7d-4700-49e9-a538-fde0b838210a@group-BB2467D81C1B-LeaderElection9] INFO  impl.LeaderElection (LeaderElection.java:logAndReturn(93)) -   Response 1: eee5cc7d-4700-49e9-a538-fde0b838210a<-7534a985-5663-44b5-b700-fcde65f49754#0:FAIL-t2
2022-05-11 01:29:24,995 [eee5cc7d-4700-49e9-a538-fde0b838210a@group-BB2467D81C1B-LeaderElection9] INFO  impl.LeaderElection (LeaderElection.java:askForVotes(308)) - eee5cc7d-4700-49e9-a538-fde0b838210a@group-BB2467D81C1B-LeaderElection9 ELECTION round 0: result REJECTED
2022-05-11 01:29:24,996 [eee5cc7d-4700-49e9-a538-fde0b838210a@group-BB2467D81C1B-LeaderElection9] INFO  server.RaftServer$Division (RaftServerImpl.java:setRole(290)) - eee5cc7d-4700-49e9-a538-fde0b838210a@group-BB2467D81C1B: changes role from CANDIDATE to FOLLOWER at term 2 for REJECTED
2022-05-11 01:29:24,996 [eee5cc7d-4700-49e9-a538-fde0b838210a@group-BB2467D81C1B-LeaderElection9] INFO  impl.RoleInfo (RoleInfo.java:shutdownLeaderElection(121)) - eee5cc7d-4700-49e9-a538-fde0b838210a: shutdown eee5cc7d-4700-49e9-a538-fde0b838210a@group-BB2467D81C1B-LeaderElection9
2022-05-11 01:29:24,996 [eee5cc7d-4700-49e9-a538-fde0b838210a@group-BB2467D81C1B-LeaderElection9] INFO  impl.RoleInfo (RoleInfo.java:updateAndGet(130)) - eee5cc7d-4700-49e9-a538-fde0b838210a: start eee5cc7d-4700-49e9-a538-fde0b838210a@group-BB2467D81C1B-FollowerState
2022-05-11 01:29:25,015 [grpc-default-executor-2] INFO  server.RaftServer$Division (RaftServerImpl.java:requestVote(1046)) - 705ac139-4337-45d7-ba9f-5c344296e65f@group-BB2467D81C1B: receive requestVote(ELECTION, 7534a985-5663-44b5-b700-fcde65f49754, group-BB2467D81C1B, 2, (t:0, i:0))
2022-05-11 01:29:25,015 [grpc-default-executor-2] INFO  impl.VoteContext (VoteContext.java:log(48)) - 705ac139-4337-45d7-ba9f-5c344296e65f@group-BB2467D81C1B-FOLLOWER: reject ELECTION from 7534a985-5663-44b5-b700-fcde65f49754: already has voted for eee5cc7d-4700-49e9-a538-fde0b838210a at current term 2
2022-05-11 01:29:25,016 [grpc-default-executor-2] INFO  server.RaftServer$Division (RaftServerImpl.java:requestVote(1078)) - 705ac139-4337-45d7-ba9f-5c344296e65f@group-BB2467D81C1B replies to ELECTION vote request: 7534a985-5663-44b5-b700-fcde65f49754<-705ac139-4337-45d7-ba9f-5c344296e65f#0:FAIL-t2. Peer's state: 705ac139-4337-45d7-ba9f-5c344296e65f@group-BB2467D81C1B:t2, leader=null, voted=eee5cc7d-4700-49e9-a538-fde0b838210a, raftlog=705ac139-4337-45d7-ba9f-5c344296e65f@group-BB2467D81C1B-SegmentedRaftLog:OPENED:c-1, conf=-1: [705ac139-4337-45d7-ba9f-5c344296e65f|rpc:10.1.0.42:37439|priority:0, eee5cc7d-4700-49e9-a538-fde0b838210a|rpc:10.1.0.42:33975|priority:0, 7534a985-5663-44b5-b700-fcde65f49754|rpc:10.1.0.42:34977|priority:1], old=null
2022-05-11 01:29:25,018 [grpc-default-executor-0] WARN  server.GrpcLogAppender (LogUtils.java:warn(122)) - omNode-2@group-523986131536->omNode-1-AppendLogResponseHandler: Failed appendEntries: org.apache.ratis.thirdparty.io.grpc.StatusRuntimeException: UNAVAILABLE: io exception
2022-05-11 01:29:25,019 [grpc-default-executor-0] WARN  server.GrpcLogAppender (GrpcLogAppender.java:resetClient(110)) - omNode-2@group-523986131536->omNode-1-GrpcLogAppender: Leader has not got in touch with Follower omNode-2@group-523986131536->omNode-1(c-1,m0,n23, attendVote=true, lastRpcSendTime=0, lastRpcResponseTime=2777) yet, just keep nextIndex unchanged and retry.
2022-05-11 01:29:25,025 [grpc-default-executor-2] INFO  server.RaftServer$Division (RaftServerImpl.java:requestVote(1046)) - eee5cc7d-4700-49e9-a538-fde0b838210a@group-BB2467D81C1B: receive requestVote(ELECTION, 7534a985-5663-44b5-b700-fcde65f49754, group-BB2467D81C1B, 2, (t:0, i:0))
2022-05-11 01:29:25,026 [grpc-default-executor-2] INFO  impl.VoteContext (VoteContext.java:log(48)) - eee5cc7d-4700-49e9-a538-fde0b838210a@group-BB2467D81C1B-FOLLOWER: reject ELECTION from 7534a985-5663-44b5-b700-fcde65f49754: already has voted for eee5cc7d-4700-49e9-a538-fde0b838210a at current term 2
2022-05-11 01:29:25,026 [grpc-default-executor-2] INFO  server.RaftServer$Division (RaftServerImpl.java:requestVote(1078)) - eee5cc7d-4700-49e9-a538-fde0b838210a@group-BB2467D81C1B replies to ELECTION vote request: 7534a985-5663-44b5-b700-fcde65f49754<-eee5cc7d-4700-49e9-a538-fde0b838210a#0:FAIL-t2. Peer's state: eee5cc7d-4700-49e9-a538-fde0b838210a@group-BB2467D81C1B:t2, leader=null, voted=eee5cc7d-4700-49e9-a538-fde0b838210a, raftlog=eee5cc7d-4700-49e9-a538-fde0b838210a@group-BB2467D81C1B-SegmentedRaftLog:OPENED:c-1, conf=-1: [705ac139-4337-45d7-ba9f-5c344296e65f|rpc:10.1.0.42:37439|dataStream:|priority:0, eee5cc7d-4700-49e9-a538-fde0b838210a|rpc:10.1.0.42:33975|dataStream:|priority:0, 7534a985-5663-44b5-b700-fcde65f49754|rpc:10.1.0.42:34977|dataStream:|priority:1], old=null
2022-05-11 01:29:25,031 [7534a985-5663-44b5-b700-fcde65f49754@group-BB2467D81C1B-LeaderElection10] INFO  impl.LeaderElection (LeaderElection.java:logAndReturn(89)) - 7534a985-5663-44b5-b700-fcde65f49754@group-BB2467D81C1B-LeaderElection10: ELECTION REJECTED received 2 response(s) and 0 exception(s):
2022-05-11 01:29:25,031 [7534a985-5663-44b5-b700-fcde65f49754@group-BB2467D81C1B-LeaderElection10] INFO  impl.LeaderElection (LeaderElection.java:logAndReturn(93)) -   Response 0: 7534a985-5663-44b5-b700-fcde65f49754<-705ac139-4337-45d7-ba9f-5c344296e65f#0:FAIL-t2
2022-05-11 01:29:25,031 [7534a985-5663-44b5-b700-fcde65f49754@group-BB2467D81C1B-LeaderElection10] INFO  impl.LeaderElection (LeaderElection.java:logAndReturn(93)) -   Response 1: 7534a985-5663-44b5-b700-fcde65f49754<-eee5cc7d-4700-49e9-a538-fde0b838210a#0:FAIL-t2
2022-05-11 01:29:25,031 [7534a985-5663-44b5-b700-fcde65f49754@group-BB2467D81C1B-LeaderElection10] INFO  impl.LeaderElection (LeaderElection.java:askForVotes(308)) - 7534a985-5663-44b5-b700-fcde65f49754@group-BB2467D81C1B-LeaderElection10 ELECTION round 0: result REJECTED
2022-05-11 01:29:25,031 [7534a985-5663-44b5-b700-fcde65f49754@group-BB2467D81C1B-LeaderElection10] INFO  server.RaftServer$Division (RaftServerImpl.java:setRole(290)) - 7534a985-5663-44b5-b700-fcde65f49754@group-BB2467D81C1B: changes role from CANDIDATE to FOLLOWER at term 2 for REJECTED
2022-05-11 01:29:25,031 [7534a985-5663-44b5-b700-fcde65f49754@group-BB2467D81C1B-LeaderElection10] INFO  impl.RoleInfo (RoleInfo.java:shutdownLeaderElection(121)) - 7534a985-5663-44b5-b700-fcde65f49754: shutdown 7534a985-5663-44b5-b700-fcde65f49754@group-BB2467D81C1B-LeaderElection10
2022-05-11 01:29:25,031 [7534a985-5663-44b5-b700-fcde65f49754@group-BB2467D81C1B-LeaderElection10] INFO  impl.RoleInfo (RoleInfo.java:updateAndGet(130)) - 7534a985-5663-44b5-b700-fcde65f49754: start 7534a985-5663-44b5-b700-fcde65f49754@group-BB2467D81C1B-FollowerState
2022-05-11 01:29:25,519 [grpc-default-executor-2] WARN  server.GrpcLogAppender (LogUtils.java:warn(122)) - omNode-2@group-523986131536->omNode-1-AppendLogResponseHandler: Failed appendEntries: org.apache.ratis.thirdparty.io.grpc.StatusRuntimeException: UNAVAILABLE: io exception
2022-05-11 01:29:25,521 [grpc-default-executor-2] WARN  server.GrpcLogAppender (GrpcLogAppender.java:resetClient(110)) - omNode-2@group-523986131536->omNode-1-GrpcLogAppender: Leader has not got in touch with Follower omNode-2@group-523986131536->omNode-1(c-1,m0,n23, attendVote=true, lastRpcSendTime=2, lastRpcResponseTime=3279) yet, just keep nextIndex unchanged and retry.
2022-05-11 01:29:26,019 [grpc-default-executor-2] WARN  server.GrpcLogAppender (LogUtils.java:warn(122)) - omNode-2@group-523986131536->omNode-1-AppendLogResponseHandler: Failed appendEntries: org.apache.ratis.thirdparty.io.grpc.StatusRuntimeException: UNAVAILABLE: io exception
2022-05-11 01:29:26,020 [grpc-default-executor-2] WARN  server.GrpcLogAppender (GrpcLogAppender.java:resetClient(110)) - omNode-2@group-523986131536->omNode-1-GrpcLogAppender: Leader has not got in touch with Follower omNode-2@group-523986131536->omNode-1(c-1,m0,n23, attendVote=true, lastRpcSendTime=0, lastRpcResponseTime=3778) yet, just keep nextIndex unchanged and retry.
2022-05-11 01:29:26,520 [grpc-default-executor-2] WARN  server.GrpcLogAppender (LogUtils.java:warn(122)) - omNode-2@group-523986131536->omNode-1-AppendLogResponseHandler: Failed appendEntries: org.apache.ratis.thirdparty.io.grpc.StatusRuntimeException: UNAVAILABLE: io exception
2022-05-11 01:29:26,521 [grpc-default-executor-2] WARN  server.GrpcLogAppender (GrpcLogAppender.java:resetClient(110)) - omNode-2@group-523986131536->omNode-1-GrpcLogAppender: Leader has not got in touch with Follower omNode-2@group-523986131536->omNode-1(c-1,m0,n23, attendVote=true, lastRpcSendTime=501, lastRpcResponseTime=4279) yet, just keep nextIndex unchanged and retry.
2022-05-11 01:29:27,022 [grpc-default-executor-2] WARN  server.GrpcLogAppender (LogUtils.java:warn(122)) - omNode-2@group-523986131536->omNode-1-AppendLogResponseHandler: Failed appendEntries: org.apache.ratis.thirdparty.io.grpc.StatusRuntimeException: UNAVAILABLE: io exception
2022-05-11 01:29:27,023 [grpc-default-executor-2] WARN  server.GrpcLogAppender (GrpcLogAppender.java:resetClient(110)) - omNode-2@group-523986131536->omNode-1-GrpcLogAppender: Leader has not got in touch with Follower omNode-2@group-523986131536->omNode-1(c-1,m0,n23, attendVote=true, lastRpcSendTime=1, lastRpcResponseTime=4782) yet, just keep nextIndex unchanged and retry.
2022-05-11 01:29:27,523 [grpc-default-executor-2] WARN  server.GrpcLogAppender (LogUtils.java:warn(122)) - omNode-2@group-523986131536->omNode-1-AppendLogResponseHandler: Failed appendEntries: org.apache.ratis.thirdparty.io.grpc.StatusRuntimeException: UNAVAILABLE: io exception
2022-05-11 01:29:27,524 [grpc-default-executor-2] WARN  server.GrpcLogAppender (GrpcLogAppender.java:resetClient(110)) - omNode-2@group-523986131536->omNode-1-GrpcLogAppender: Leader has not got in touch with Follower omNode-2@group-523986131536->omNode-1(c-1,m0,n23, attendVote=true, lastRpcSendTime=1, lastRpcResponseTime=5282) yet, just keep nextIndex unchanged and retry.
2022-05-11 01:29:28,024 [grpc-default-executor-2] WARN  server.GrpcLogAppender (LogUtils.java:warn(122)) - omNode-2@group-523986131536->omNode-1-AppendLogResponseHandler: Failed appendEntries: org.apache.ratis.thirdparty.io.grpc.StatusRuntimeException: UNAVAILABLE: io exception
2022-05-11 01:29:28,025 [grpc-default-executor-2] WARN  server.GrpcLogAppender (GrpcLogAppender.java:resetClient(110)) - omNode-2@group-523986131536->omNode-1-GrpcLogAppender: Leader has not got in touch with Follower omNode-2@group-523986131536->omNode-1(c-1,m0,n23, attendVote=true, lastRpcSendTime=1, lastRpcResponseTime=5784) yet, just keep nextIndex unchanged and retry.
2022-05-11 01:29:28,525 [grpc-default-executor-2] WARN  server.GrpcLogAppender (LogUtils.java:warn(122)) - omNode-2@group-523986131536->omNode-1-AppendLogResponseHandler: Failed appendEntries: org.apache.ratis.thirdparty.io.grpc.StatusRuntimeException: UNAVAILABLE: io exception
2022-05-11 01:29:28,526 [grpc-default-executor-2] WARN  server.GrpcLogAppender (GrpcLogAppender.java:resetClient(110)) - omNode-2@group-523986131536->omNode-1-GrpcLogAppender: Leader has not got in touch with Follower omNode-2@group-523986131536->omNode-1(c-1,m0,n23, attendVote=true, lastRpcSendTime=0, lastRpcResponseTime=6284) yet, just keep nextIndex unchanged and retry.
2022-05-11 01:29:29,025 [grpc-default-executor-2] WARN  server.GrpcLogAppender (LogUtils.java:warn(122)) - omNode-2@group-523986131536->omNode-1-AppendLogResponseHandler: Failed appendEntries: org.apache.ratis.thirdparty.io.grpc.StatusRuntimeException: UNAVAILABLE: io exception
2022-05-11 01:29:29,026 [grpc-default-executor-2] WARN  server.GrpcLogAppender (GrpcLogAppender.java:resetClient(110)) - omNode-2@group-523986131536->omNode-1-GrpcLogAppender: Leader has not got in touch with Follower omNode-2@group-523986131536->omNode-1(c-1,m0,n23, attendVote=true, lastRpcSendTime=0, lastRpcResponseTime=6784) yet, just keep nextIndex unchanged and retry.
2022-05-11 01:29:29,526 [grpc-default-executor-2] WARN  server.GrpcLogAppender (LogUtils.java:warn(122)) - omNode-2@group-523986131536->omNode-1-AppendLogResponseHandler: Failed appendEntries: org.apache.ratis.thirdparty.io.grpc.StatusRuntimeException: UNAVAILABLE: io exception
2022-05-11 01:29:29,527 [grpc-default-executor-2] WARN  server.GrpcLogAppender (GrpcLogAppender.java:resetClient(110)) - omNode-2@group-523986131536->omNode-1-GrpcLogAppender: Leader has not got in touch with Follower omNode-2@group-523986131536->omNode-1(c-1,m0,n23, attendVote=true, lastRpcSendTime=1, lastRpcResponseTime=7285) yet, just keep nextIndex unchanged and retry.
2022-05-11 01:29:30,015 [Listener at 127.0.0.1/43241] INFO  retry.RetryInvocationHandler (RetryInvocationHandler.java:log(411)) - com.google.protobuf.ServiceException: java.io.EOFException: End of File Exception between local host is: "fv-az291-847/10.1.0.42"; destination host is: "localhost":40623; : java.io.EOFException; For more details see:  http://wiki.apache.org/hadoop/EOFException, while invoking $Proxy54.submitRequest over nodeId=omNode-1,nodeAddress=127.0.0.1:40623. Trying to failover immediately.
2022-05-11 01:29:30,026 [grpc-default-executor-2] WARN  server.GrpcLogAppender (LogUtils.java:warn(122)) - omNode-2@group-523986131536->omNode-1-AppendLogResponseHandler: Failed appendEntries: org.apache.ratis.thirdparty.io.grpc.StatusRuntimeException: UNAVAILABLE: io exception
2022-05-11 01:29:30,029 [grpc-default-executor-2] WARN  server.GrpcLogAppender (GrpcLogAppender.java:resetClient(110)) - omNode-2@group-523986131536->omNode-1-GrpcLogAppender: Leader has not got in touch with Follower omNode-2@group-523986131536->omNode-1(c-1,m0,n23, attendVote=true, lastRpcSendTime=2, lastRpcResponseTime=7787) yet, just keep nextIndex unchanged and retry.
2022-05-11 01:29:30,030 [grpc-default-executor-0] WARN  server.GrpcLogAppender (LogUtils.java:warn(122)) - omNode-2@group-523986131536->omNode-1-AppendLogResponseHandler: Failed appendEntries: org.apache.ratis.thirdparty.io.grpc.StatusRuntimeException: UNAVAILABLE: io exception
2022-05-11 01:29:30,031 [grpc-default-executor-0] WARN  server.GrpcLogAppender (GrpcLogAppender.java:resetClient(110)) - omNode-2@group-523986131536->omNode-1-GrpcLogAppender: Leader has not got in touch with Follower omNode-2@group-523986131536->omNode-1(c-1,m0,n24, attendVote=true, lastRpcSendTime=1, lastRpcResponseTime=7789) yet, just keep nextIndex unchanged and retry.
2022-05-11 01:29:30,040 [grpc-default-executor-0] WARN  server.GrpcLogAppender (LogUtils.java:warn(122)) - omNode-2@group-523986131536->omNode-1-AppendLogResponseHandler: Failed appendEntries: org.apache.ratis.thirdparty.io.grpc.StatusRuntimeException: UNAVAILABLE: io exception
2022-05-11 01:29:30,040 [grpc-default-executor-0] WARN  server.GrpcLogAppender (GrpcLogAppender.java:resetClient(110)) - omNode-2@group-523986131536->omNode-1-GrpcLogAppender: Leader has not got in touch with Follower omNode-2@group-523986131536->omNode-1(c-1,m0,n25, attendVote=true, lastRpcSendTime=0, lastRpcResponseTime=7798) yet, just keep nextIndex unchanged and retry.
2022-05-11 01:29:30,055 [grpc-default-executor-0] WARN  server.GrpcLogAppender (LogUtils.java:warn(122)) - omNode-2@group-523986131536->omNode-1-AppendLogResponseHandler: Failed appendEntries: org.apache.ratis.thirdparty.io.grpc.StatusRuntimeException: UNAVAILABLE: io exception
2022-05-11 01:29:30,056 [grpc-default-executor-0] WARN  server.GrpcLogAppender (GrpcLogAppender.java:resetClient(110)) - omNode-2@group-523986131536->omNode-1-GrpcLogAppender: Leader has not got in touch with Follower omNode-2@group-523986131536->omNode-1(c-1,m0,n26, attendVote=true, lastRpcSendTime=0, lastRpcResponseTime=7814) yet, just keep nextIndex unchanged and retry.
2022-05-11 01:29:30,065 [eee5cc7d-4700-49e9-a538-fde0b838210a@group-BB2467D81C1B-FollowerState] INFO  impl.FollowerState (FollowerState.java:run(134)) - eee5cc7d-4700-49e9-a538-fde0b838210a@group-BB2467D81C1B-FollowerState: change to CANDIDATE, lastRpcElapsedTime:5068768052ns, electionTimeout:5067ms
2022-05-11 01:29:30,065 [eee5cc7d-4700-49e9-a538-fde0b838210a@group-BB2467D81C1B-FollowerState] INFO  impl.RoleInfo (RoleInfo.java:shutdownFollowerState(108)) - eee5cc7d-4700-49e9-a538-fde0b838210a: shutdown eee5cc7d-4700-49e9-a538-fde0b838210a@group-BB2467D81C1B-FollowerState
2022-05-11 01:29:30,065 [eee5cc7d-4700-49e9-a538-fde0b838210a@group-BB2467D81C1B-FollowerState] INFO  server.RaftServer$Division (RaftServerImpl.java:setRole(290)) - eee5cc7d-4700-49e9-a538-fde0b838210a@group-BB2467D81C1B: changes role from  FOLLOWER to CANDIDATE at term 2 for changeToCandidate
2022-05-11 01:29:30,065 [705ac139-4337-45d7-ba9f-5c344296e65f@group-BB2467D81C1B-FollowerState] INFO  impl.FollowerState (FollowerState.java:run(134)) - 705ac139-4337-45d7-ba9f-5c344296e65f@group-BB2467D81C1B-FollowerState: change to CANDIDATE, lastRpcElapsedTime:5089415340ns, electionTimeout:5085ms
2022-05-11 01:29:30,065 [705ac139-4337-45d7-ba9f-5c344296e65f@group-BB2467D81C1B-FollowerState] INFO  impl.RoleInfo (RoleInfo.java:shutdownFollowerState(108)) - 705ac139-4337-45d7-ba9f-5c344296e65f: shutdown 705ac139-4337-45d7-ba9f-5c344296e65f@group-BB2467D81C1B-FollowerState
2022-05-11 01:29:30,065 [705ac139-4337-45d7-ba9f-5c344296e65f@group-BB2467D81C1B-FollowerState] INFO  server.RaftServer$Division (RaftServerImpl.java:setRole(290)) - 705ac139-4337-45d7-ba9f-5c344296e65f@group-BB2467D81C1B: changes role from  FOLLOWER to CANDIDATE at term 2 for changeToCandidate
2022-05-11 01:29:30,066 [705ac139-4337-45d7-ba9f-5c344296e65f@group-BB2467D81C1B-FollowerState] INFO  server.RaftServerConfigKeys (ConfUtils.java:logGet(44)) - raft.server.leaderelection.pre-vote = false (custom)
2022-05-11 01:29:30,067 [eee5cc7d-4700-49e9-a538-fde0b838210a@group-BB2467D81C1B-FollowerState] INFO  server.RaftServerConfigKeys (ConfUtils.java:logGet(44)) - raft.server.leaderelection.pre-vote = false (custom)
2022-05-11 01:29:30,067 [705ac139-4337-45d7-ba9f-5c344296e65f@group-BB2467D81C1B-FollowerState] INFO  impl.RoleInfo (RoleInfo.java:updateAndGet(130)) - 705ac139-4337-45d7-ba9f-5c344296e65f: start 705ac139-4337-45d7-ba9f-5c344296e65f@group-BB2467D81C1B-LeaderElection12
2022-05-11 01:29:30,067 [eee5cc7d-4700-49e9-a538-fde0b838210a@group-BB2467D81C1B-FollowerState] INFO  impl.RoleInfo (RoleInfo.java:updateAndGet(130)) - eee5cc7d-4700-49e9-a538-fde0b838210a: start eee5cc7d-4700-49e9-a538-fde0b838210a@group-BB2467D81C1B-LeaderElection11
2022-05-11 01:29:30,083 [eee5cc7d-4700-49e9-a538-fde0b838210a@group-BB2467D81C1B-LeaderElection11] INFO  impl.LeaderElection (LeaderElection.java:askForVotes(306)) - eee5cc7d-4700-49e9-a538-fde0b838210a@group-BB2467D81C1B-LeaderElection11 ELECTION round 0: submit vote requests at term 3 for -1: [705ac139-4337-45d7-ba9f-5c344296e65f|rpc:10.1.0.42:37439|dataStream:|priority:0, eee5cc7d-4700-49e9-a538-fde0b838210a|rpc:10.1.0.42:33975|dataStream:|priority:0, 7534a985-5663-44b5-b700-fcde65f49754|rpc:10.1.0.42:34977|dataStream:|priority:1], old=null
2022-05-11 01:29:30,084 [grpc-default-executor-0] WARN  server.GrpcLogAppender (LogUtils.java:warn(122)) - omNode-2@group-523986131536->omNode-1-AppendLogResponseHandler: Failed appendEntries: org.apache.ratis.thirdparty.io.grpc.StatusRuntimeException: UNAVAILABLE: io exception
2022-05-11 01:29:30,085 [grpc-default-executor-0] WARN  server.GrpcLogAppender (GrpcLogAppender.java:resetClient(110)) - omNode-2@group-523986131536->omNode-1-GrpcLogAppender: Leader has not got in touch with Follower omNode-2@group-523986131536->omNode-1(c-1,m0,n27, attendVote=true, lastRpcSendTime=5, lastRpcResponseTime=7844) yet, just keep nextIndex unchanged and retry.
2022-05-11 01:29:30,097 [705ac139-4337-45d7-ba9f-5c344296e65f@group-BB2467D81C1B-LeaderElection12] INFO  impl.LeaderElection (LeaderElection.java:askForVotes(306)) - 705ac139-4337-45d7-ba9f-5c344296e65f@group-BB2467D81C1B-LeaderElection12 ELECTION round 0: submit vote requests at term 3 for -1: [705ac139-4337-45d7-ba9f-5c344296e65f|rpc:10.1.0.42:37439|priority:0, eee5cc7d-4700-49e9-a538-fde0b838210a|rpc:10.1.0.42:33975|priority:0, 7534a985-5663-44b5-b700-fcde65f49754|rpc:10.1.0.42:34977|priority:1], old=null
2022-05-11 01:29:30,101 [grpc-default-executor-0] INFO  server.RaftServer$Division (RaftServerImpl.java:requestVote(1046)) - 705ac139-4337-45d7-ba9f-5c344296e65f@group-BB2467D81C1B: receive requestVote(ELECTION, eee5cc7d-4700-49e9-a538-fde0b838210a, group-BB2467D81C1B, 3, (t:0, i:0))
2022-05-11 01:29:30,101 [grpc-default-executor-0] INFO  impl.VoteContext (VoteContext.java:log(48)) - 705ac139-4337-45d7-ba9f-5c344296e65f@group-BB2467D81C1B-CANDIDATE: reject ELECTION from eee5cc7d-4700-49e9-a538-fde0b838210a: already has voted for 705ac139-4337-45d7-ba9f-5c344296e65f at current term 3
2022-05-11 01:29:30,101 [grpc-default-executor-0] INFO  server.RaftServer$Division (RaftServerImpl.java:requestVote(1078)) - 705ac139-4337-45d7-ba9f-5c344296e65f@group-BB2467D81C1B replies to ELECTION vote request: eee5cc7d-4700-49e9-a538-fde0b838210a<-705ac139-4337-45d7-ba9f-5c344296e65f#0:FAIL-t3. Peer's state: 705ac139-4337-45d7-ba9f-5c344296e65f@group-BB2467D81C1B:t3, leader=null, voted=705ac139-4337-45d7-ba9f-5c344296e65f, raftlog=705ac139-4337-45d7-ba9f-5c344296e65f@group-BB2467D81C1B-SegmentedRaftLog:OPENED:c-1, conf=-1: [705ac139-4337-45d7-ba9f-5c344296e65f|rpc:10.1.0.42:37439|priority:0, eee5cc7d-4700-49e9-a538-fde0b838210a|rpc:10.1.0.42:33975|priority:0, 7534a985-5663-44b5-b700-fcde65f49754|rpc:10.1.0.42:34977|priority:1], old=null
2022-05-11 01:29:30,107 [grpc-default-executor-2] INFO  server.RaftServer$Division (RaftServerImpl.java:requestVote(1046)) - eee5cc7d-4700-49e9-a538-fde0b838210a@group-BB2467D81C1B: receive requestVote(ELECTION, 705ac139-4337-45d7-ba9f-5c344296e65f, group-BB2467D81C1B, 3, (t:0, i:0))
2022-05-11 01:29:30,107 [grpc-default-executor-2] INFO  impl.VoteContext (VoteContext.java:log(48)) - eee5cc7d-4700-49e9-a538-fde0b838210a@group-BB2467D81C1B-CANDIDATE: reject ELECTION from 705ac139-4337-45d7-ba9f-5c344296e65f: already has voted for eee5cc7d-4700-49e9-a538-fde0b838210a at current term 3
2022-05-11 01:29:30,107 [grpc-default-executor-2] INFO  server.RaftServer$Division (RaftServerImpl.java:requestVote(1078)) - eee5cc7d-4700-49e9-a538-fde0b838210a@group-BB2467D81C1B replies to ELECTION vote request: 705ac139-4337-45d7-ba9f-5c344296e65f<-eee5cc7d-4700-49e9-a538-fde0b838210a#0:FAIL-t3. Peer's state: eee5cc7d-4700-49e9-a538-fde0b838210a@group-BB2467D81C1B:t3, leader=null, voted=eee5cc7d-4700-49e9-a538-fde0b838210a, raftlog=eee5cc7d-4700-49e9-a538-fde0b838210a@group-BB2467D81C1B-SegmentedRaftLog:OPENED:c-1, conf=-1: [705ac139-4337-45d7-ba9f-5c344296e65f|rpc:10.1.0.42:37439|dataStream:|priority:0, eee5cc7d-4700-49e9-a538-fde0b838210a|rpc:10.1.0.42:33975|dataStream:|priority:0, 7534a985-5663-44b5-b700-fcde65f49754|rpc:10.1.0.42:34977|dataStream:|priority:1], old=null
2022-05-11 01:29:30,111 [grpc-default-executor-0] INFO  server.RaftServer$Division (RaftServerImpl.java:requestVote(1046)) - 7534a985-5663-44b5-b700-fcde65f49754@group-BB2467D81C1B: receive requestVote(ELECTION, eee5cc7d-4700-49e9-a538-fde0b838210a, group-BB2467D81C1B, 3, (t:0, i:0))
2022-05-11 01:29:30,112 [grpc-default-executor-0] INFO  impl.VoteContext (VoteContext.java:log(48)) - 7534a985-5663-44b5-b700-fcde65f49754@group-BB2467D81C1B-FOLLOWER: reject ELECTION from eee5cc7d-4700-49e9-a538-fde0b838210a: our priority 1 > candidate's priority 0
2022-05-11 01:29:30,112 [grpc-default-executor-0] INFO  server.RaftServer$Division (RaftServerImpl.java:setRole(290)) - 7534a985-5663-44b5-b700-fcde65f49754@group-BB2467D81C1B: changes role from  FOLLOWER to FOLLOWER at term 3 for candidate:eee5cc7d-4700-49e9-a538-fde0b838210a
2022-05-11 01:29:30,113 [grpc-default-executor-0] INFO  impl.RoleInfo (RoleInfo.java:shutdownFollowerState(108)) - 7534a985-5663-44b5-b700-fcde65f49754: shutdown 7534a985-5663-44b5-b700-fcde65f49754@group-BB2467D81C1B-FollowerState
2022-05-11 01:29:30,113 [grpc-default-executor-0] INFO  impl.RoleInfo (RoleInfo.java:updateAndGet(130)) - 7534a985-5663-44b5-b700-fcde65f49754: start 7534a985-5663-44b5-b700-fcde65f49754@group-BB2467D81C1B-FollowerState
2022-05-11 01:29:30,113 [7534a985-5663-44b5-b700-fcde65f49754@group-BB2467D81C1B-FollowerState] INFO  impl.FollowerState (FollowerState.java:run(143)) - 7534a985-5663-44b5-b700-fcde65f49754@group-BB2467D81C1B-FollowerState was interrupted: {}
java.lang.InterruptedException: sleep interrupted
	at java.lang.Thread.sleep(Native Method)
	at java.lang.Thread.sleep(Thread.java:342)
	at java.util.concurrent.TimeUnit.sleep(TimeUnit.java:386)
	at org.apache.ratis.util.TimeDuration.sleep(TimeDuration.java:324)
	at org.apache.ratis.util.TimeDuration.sleep(TimeDuration.java:309)
	at org.apache.ratis.server.impl.FollowerState.run(FollowerState.java:118)
2022-05-11 01:29:30,120 [grpc-default-executor-2] INFO  server.RaftServer$Division (RaftServerImpl.java:requestVote(1046)) - 7534a985-5663-44b5-b700-fcde65f49754@group-BB2467D81C1B: receive requestVote(ELECTION, 705ac139-4337-45d7-ba9f-5c344296e65f, group-BB2467D81C1B, 3, (t:0, i:0))
2022-05-11 01:29:30,120 [grpc-default-executor-0] INFO  server.RaftServer$Division (RaftServerImpl.java:requestVote(1078)) - 7534a985-5663-44b5-b700-fcde65f49754@group-BB2467D81C1B replies to ELECTION vote request: eee5cc7d-4700-49e9-a538-fde0b838210a<-7534a985-5663-44b5-b700-fcde65f49754#0:FAIL-t3. Peer's state: 7534a985-5663-44b5-b700-fcde65f49754@group-BB2467D81C1B:t3, leader=null, voted=null, raftlog=7534a985-5663-44b5-b700-fcde65f49754@group-BB2467D81C1B-SegmentedRaftLog:OPENED:c-1, conf=-1: [705ac139-4337-45d7-ba9f-5c344296e65f|rpc:10.1.0.42:37439|dataStream:|priority:0, eee5cc7d-4700-49e9-a538-fde0b838210a|rpc:10.1.0.42:33975|dataStream:|priority:0, 7534a985-5663-44b5-b700-fcde65f49754|rpc:10.1.0.42:34977|dataStream:|priority:1], old=null
2022-05-11 01:29:30,121 [grpc-default-executor-2] INFO  impl.VoteContext (VoteContext.java:log(48)) - 7534a985-5663-44b5-b700-fcde65f49754@group-BB2467D81C1B-FOLLOWER: reject ELECTION from 705ac139-4337-45d7-ba9f-5c344296e65f: our priority 1 > candidate's priority 0
2022-05-11 01:29:30,121 [grpc-default-executor-2] INFO  server.RaftServer$Division (RaftServerImpl.java:setRole(290)) - 7534a985-5663-44b5-b700-fcde65f49754@group-BB2467D81C1B: changes role from  FOLLOWER to FOLLOWER at term 3 for candidate:705ac139-4337-45d7-ba9f-5c344296e65f
2022-05-11 01:29:30,121 [grpc-default-executor-2] INFO  impl.RoleInfo (RoleInfo.java:shutdownFollowerState(108)) - 7534a985-5663-44b5-b700-fcde65f49754: shutdown 7534a985-5663-44b5-b700-fcde65f49754@group-BB2467D81C1B-FollowerState
2022-05-11 01:29:30,121 [grpc-default-executor-2] INFO  impl.RoleInfo (RoleInfo.java:updateAndGet(130)) - 7534a985-5663-44b5-b700-fcde65f49754: start 7534a985-5663-44b5-b700-fcde65f49754@group-BB2467D81C1B-FollowerState
2022-05-11 01:29:30,121 [7534a985-5663-44b5-b700-fcde65f49754@group-BB2467D81C1B-FollowerState] INFO  impl.FollowerState (FollowerState.java:run(143)) - 7534a985-5663-44b5-b700-fcde65f49754@group-BB2467D81C1B-FollowerState was interrupted: {}
java.lang.InterruptedException: sleep interrupted
	at java.lang.Thread.sleep(Native Method)
	at java.lang.Thread.sleep(Thread.java:342)
	at java.util.concurrent.TimeUnit.sleep(TimeUnit.java:386)
	at org.apache.ratis.util.TimeDuration.sleep(TimeDuration.java:324)
	at org.apache.ratis.util.TimeDuration.sleep(TimeDuration.java:309)
	at org.apache.ratis.server.impl.FollowerState.run(FollowerState.java:118)
2022-05-11 01:29:30,128 [grpc-default-executor-2] INFO  server.RaftServer$Division (RaftServerImpl.java:requestVote(1078)) - 7534a985-5663-44b5-b700-fcde65f49754@group-BB2467D81C1B replies to ELECTION vote request: 705ac139-4337-45d7-ba9f-5c344296e65f<-7534a985-5663-44b5-b700-fcde65f49754#0:FAIL-t3. Peer's state: 7534a985-5663-44b5-b700-fcde65f49754@group-BB2467D81C1B:t3, leader=null, voted=null, raftlog=7534a985-5663-44b5-b700-fcde65f49754@group-BB2467D81C1B-SegmentedRaftLog:OPENED:c-1, conf=-1: [705ac139-4337-45d7-ba9f-5c344296e65f|rpc:10.1.0.42:37439|dataStream:|priority:0, eee5cc7d-4700-49e9-a538-fde0b838210a|rpc:10.1.0.42:33975|dataStream:|priority:0, 7534a985-5663-44b5-b700-fcde65f49754|rpc:10.1.0.42:34977|dataStream:|priority:1], old=null
2022-05-11 01:29:30,142 [eee5cc7d-4700-49e9-a538-fde0b838210a@group-BB2467D81C1B-LeaderElection11] INFO  impl.LeaderElection (LeaderElection.java:logAndReturn(89)) - eee5cc7d-4700-49e9-a538-fde0b838210a@group-BB2467D81C1B-LeaderElection11: ELECTION REJECTED received 2 response(s) and 0 exception(s):
2022-05-11 01:29:30,142 [eee5cc7d-4700-49e9-a538-fde0b838210a@group-BB2467D81C1B-LeaderElection11] INFO  impl.LeaderElection (LeaderElection.java:logAndReturn(93)) -   Response 0: eee5cc7d-4700-49e9-a538-fde0b838210a<-705ac139-4337-45d7-ba9f-5c344296e65f#0:FAIL-t3
2022-05-11 01:29:30,142 [eee5cc7d-4700-49e9-a538-fde0b838210a@group-BB2467D81C1B-LeaderElection11] INFO  impl.LeaderElection (LeaderElection.java:logAndReturn(93)) -   Response 1: eee5cc7d-4700-49e9-a538-fde0b838210a<-7534a985-5663-44b5-b700-fcde65f49754#0:FAIL-t3
2022-05-11 01:29:30,142 [eee5cc7d-4700-49e9-a538-fde0b838210a@group-BB2467D81C1B-LeaderElection11] INFO  impl.LeaderElection (LeaderElection.java:askForVotes(308)) - eee5cc7d-4700-49e9-a538-fde0b838210a@group-BB2467D81C1B-LeaderElection11 ELECTION round 0: result REJECTED
2022-05-11 01:29:30,142 [eee5cc7d-4700-49e9-a538-fde0b838210a@group-BB2467D81C1B-LeaderElection11] INFO  server.RaftServer$Division (RaftServerImpl.java:setRole(290)) - eee5cc7d-4700-49e9-a538-fde0b838210a@group-BB2467D81C1B: changes role from CANDIDATE to FOLLOWER at term 3 for REJECTED
2022-05-11 01:29:30,142 [eee5cc7d-4700-49e9-a538-fde0b838210a@group-BB2467D81C1B-LeaderElection11] INFO  impl.RoleInfo (RoleInfo.java:shutdownLeaderElection(121)) - eee5cc7d-4700-49e9-a538-fde0b838210a: shutdown eee5cc7d-4700-49e9-a538-fde0b838210a@group-BB2467D81C1B-LeaderElection11
2022-05-11 01:29:30,142 [eee5cc7d-4700-49e9-a538-fde0b838210a@group-BB2467D81C1B-LeaderElection11] INFO  impl.RoleInfo (RoleInfo.java:updateAndGet(130)) - eee5cc7d-4700-49e9-a538-fde0b838210a: start eee5cc7d-4700-49e9-a538-fde0b838210a@group-BB2467D81C1B-FollowerState
2022-05-11 01:29:30,142 [705ac139-4337-45d7-ba9f-5c344296e65f@group-BB2467D81C1B-LeaderElection12] INFO  impl.LeaderElection (LeaderElection.java:logAndReturn(89)) - 705ac139-4337-45d7-ba9f-5c344296e65f@group-BB2467D81C1B-LeaderElection12: ELECTION REJECTED received 2 response(s) and 0 exception(s):
2022-05-11 01:29:30,155 [705ac139-4337-45d7-ba9f-5c344296e65f@group-BB2467D81C1B-LeaderElection12] INFO  impl.LeaderElection (LeaderElection.java:logAndReturn(93)) -   Response 0: 705ac139-4337-45d7-ba9f-5c344296e65f<-eee5cc7d-4700-49e9-a538-fde0b838210a#0:FAIL-t3
2022-05-11 01:29:30,155 [705ac139-4337-45d7-ba9f-5c344296e65f@group-BB2467D81C1B-LeaderElection12] INFO  impl.LeaderElection (LeaderElection.java:logAndReturn(93)) -   Response 1: 705ac139-4337-45d7-ba9f-5c344296e65f<-7534a985-5663-44b5-b700-fcde65f49754#0:FAIL-t3
2022-05-11 01:29:30,155 [705ac139-4337-45d7-ba9f-5c344296e65f@group-BB2467D81C1B-LeaderElection12] INFO  impl.LeaderElection (LeaderElection.java:askForVotes(308)) - 705ac139-4337-45d7-ba9f-5c344296e65f@group-BB2467D81C1B-LeaderElection12 ELECTION round 0: result REJECTED
2022-05-11 01:29:30,156 [705ac139-4337-45d7-ba9f-5c344296e65f@group-BB2467D81C1B-LeaderElection12] INFO  server.RaftServer$Division (RaftServerImpl.java:setRole(290)) - 705ac139-4337-45d7-ba9f-5c344296e65f@group-BB2467D81C1B: changes role from CANDIDATE to FOLLOWER at term 3 for REJECTED
2022-05-11 01:29:30,157 [705ac139-4337-45d7-ba9f-5c344296e65f@group-BB2467D81C1B-LeaderElection12] INFO  impl.RoleInfo (RoleInfo.java:shutdownLeaderElection(121)) - 705ac139-4337-45d7-ba9f-5c344296e65f: shutdown 705ac139-4337-45d7-ba9f-5c344296e65f@group-BB2467D81C1B-LeaderElection12
2022-05-11 01:29:30,157 [705ac139-4337-45d7-ba9f-5c344296e65f@group-BB2467D81C1B-LeaderElection12] INFO  impl.RoleInfo (RoleInfo.java:updateAndGet(130)) - 705ac139-4337-45d7-ba9f-5c344296e65f: start 705ac139-4337-45d7-ba9f-5c344296e65f@group-BB2467D81C1B-FollowerState
2022-05-11 01:29:30,209 [grpc-default-executor-2] WARN  server.GrpcLogAppender (LogUtils.java:warn(122)) - omNode-2@group-523986131536->omNode-1-AppendLogResponseHandler: Failed appendEntries: org.apache.ratis.thirdparty.io.grpc.StatusRuntimeException: UNAVAILABLE: io exception
2022-05-11 01:29:30,209 [grpc-default-executor-2] WARN  server.GrpcLogAppender (GrpcLogAppender.java:resetClient(110)) - omNode-2@group-523986131536->omNode-1-GrpcLogAppender: Leader has not got in touch with Follower omNode-2@group-523986131536->omNode-1(c-1,m0,n28, attendVote=true, lastRpcSendTime=0, lastRpcResponseTime=7968) yet, just keep nextIndex unchanged and retry.
2022-05-11 01:29:30,219 [grpc-default-executor-2] WARN  server.GrpcLogAppender (LogUtils.java:warn(122)) - omNode-2@group-523986131536->omNode-1-AppendLogResponseHandler: Failed appendEntries: org.apache.ratis.thirdparty.io.grpc.StatusRuntimeException: UNAVAILABLE: io exception
2022-05-11 01:29:30,220 [grpc-default-executor-2] WARN  server.GrpcLogAppender (GrpcLogAppender.java:resetClient(110)) - omNode-2@group-523986131536->omNode-1-GrpcLogAppender: Leader has not got in touch with Follower omNode-2@group-523986131536->omNode-1(c-1,m0,n29, attendVote=true, lastRpcSendTime=1, lastRpcResponseTime=7978) yet, just keep nextIndex unchanged and retry.
2022-05-11 01:29:30,224 [grpc-default-executor-2] WARN  server.GrpcLogAppender (LogUtils.java:warn(122)) - omNode-2@group-523986131536->omNode-1-AppendLogResponseHandler: Failed appendEntries: org.apache.ratis.thirdparty.io.grpc.StatusRuntimeException: UNAVAILABLE: io exception
2022-05-11 01:29:30,225 [grpc-default-executor-2] WARN  server.GrpcLogAppender (GrpcLogAppender.java:resetClient(110)) - omNode-2@group-523986131536->omNode-1-GrpcLogAppender: Leader has not got in touch with Follower omNode-2@group-523986131536->omNode-1(c-1,m0,n31, attendVote=true, lastRpcSendTime=0, lastRpcResponseTime=7983) yet, just keep nextIndex unchanged and retry.
2022-05-11 01:29:30,294 [Listener at 127.0.0.1/43241] INFO  om.OzoneManager (OzoneManager.java:stop(1950)) - omNode-3[localhost:43241]: Stopping Ozone Manager
2022-05-11 01:29:30,294 [Listener at 127.0.0.1/43241] INFO  ipc.Server (Server.java:stop(3414)) - Stopping server on 43241
2022-05-11 01:29:30,296 [IPC Server listener on 43241] INFO  ipc.Server (Server.java:run(1376)) - Stopping IPC Server listener on 43241
2022-05-11 01:29:30,303 [IPC Server Responder] INFO  ipc.Server (Server.java:run(1512)) - Stopping IPC Server Responder
2022-05-11 01:29:30,303 [Listener at 127.0.0.1/43241] INFO  server.RaftServer (RaftServerProxy.java:lambda$close$6(391)) - omNode-3: close
2022-05-11 01:29:30,304 [Listener at 127.0.0.1/43241] INFO  server.RaftServer$Division (RaftServerImpl.java:lambda$close$4(412)) - omNode-3@group-523986131536: shutdown
2022-05-11 01:29:30,304 [Listener at 127.0.0.1/43241] INFO  util.JmxRegister (JmxRegister.java:unregister(73)) - Successfully un-registered JMX Bean with object name Ratis:service=RaftServer,group=group-523986131536,id=omNode-3
2022-05-11 01:29:30,304 [Listener at 127.0.0.1/43241] INFO  impl.RoleInfo (RoleInfo.java:shutdownFollowerState(108)) - omNode-3: shutdown omNode-3@group-523986131536-FollowerState
2022-05-11 01:29:30,304 [omNode-3@group-523986131536-FollowerState] INFO  impl.FollowerState (FollowerState.java:run(143)) - omNode-3@group-523986131536-FollowerState was interrupted: {}
java.lang.InterruptedException: sleep interrupted
	at java.lang.Thread.sleep(Native Method)
	at java.lang.Thread.sleep(Thread.java:342)
	at java.util.concurrent.TimeUnit.sleep(TimeUnit.java:386)
	at org.apache.ratis.util.TimeDuration.sleep(TimeDuration.java:324)
	at org.apache.ratis.util.TimeDuration.sleep(TimeDuration.java:309)
	at org.apache.ratis.server.impl.FollowerState.run(FollowerState.java:118)
2022-05-11 01:29:30,304 [Listener at 127.0.0.1/43241] INFO  impl.StateMachineUpdater (StateMachineUpdater.java:stopAndJoin(149)) - omNode-3@group-523986131536-StateMachineUpdater: set stopIndex = 29
2022-05-11 01:29:30,305 [omNode-3@group-523986131536-StateMachineUpdater] INFO  ratis.OzoneManagerStateMachine (OzoneManagerStateMachine.java:takeSnapshot(436)) - Current Snapshot Index (t:2, i:29)
2022-05-11 01:29:30,305 [omNode-3@group-523986131536-StateMachineUpdater] INFO  impl.StateMachineUpdater (StateMachineUpdater.java:takeSnapshot(281)) - omNode-3@group-523986131536-StateMachineUpdater: Took a snapshot at index 29
2022-05-11 01:29:30,305 [omNode-3@group-523986131536-StateMachineUpdater] INFO  impl.StateMachineUpdater (StateMachineUpdater.java:lambda$new$0(89)) - omNode-3@group-523986131536-StateMachineUpdater: snapshotIndex: updateIncreasingly -1 -> 29
2022-05-11 01:29:30,305 [omNode-3@group-523986131536-StateMachineUpdater] INFO  ratis.OzoneManagerStateMachine (OzoneManagerStateMachine.java:close(490)) - StateMachine has shutdown. Shutdown OzoneManager if not already shutdown.
2022-05-11 01:29:30,305 [omNode-3@group-523986131536-StateMachineUpdater] INFO  ratis.OzoneManagerDoubleBuffer (OzoneManagerDoubleBuffer.java:stop(465)) - Stopping OMDoubleBuffer flush thread
2022-05-11 01:29:30,306 [OMDoubleBufferFlushThread] INFO  ratis.OzoneManagerDoubleBuffer (OzoneManagerDoubleBuffer.java:flushTransactions(385)) - OMDoubleBuffer flush thread OMDoubleBufferFlushThread is interrupted and will exit.
2022-05-11 01:29:30,306 [Listener at 127.0.0.1/43241] INFO  server.RaftServer$Division (ServerState.java:close(419)) - omNode-3@group-523986131536: closes. applyIndex: 29
2022-05-11 01:29:30,307 [omNode-3@group-523986131536-SegmentedRaftLogWorker] INFO  segmented.SegmentedRaftLogWorker (SegmentedRaftLogWorker.java:run(327)) - omNode-3@group-523986131536-SegmentedRaftLogWorker was interrupted, exiting. There are 0 tasks remaining in the queue.
2022-05-11 01:29:30,309 [Listener at 127.0.0.1/43241] INFO  segmented.SegmentedRaftLogWorker (SegmentedRaftLogWorker.java:close(237)) - omNode-3@group-523986131536-SegmentedRaftLogWorker close()
2022-05-11 01:29:30,310 [Listener at 127.0.0.1/43241] INFO  server.GrpcService (GrpcService.java:closeImpl(262)) - omNode-3: shutdown server with port 40799 now
2022-05-11 01:29:30,316 [grpc-default-executor-2] WARN  server.GrpcServerProtocolService (LogUtils.java:warn(122)) - omNode-3: installSnapshot onError, lastRequest: omNode-2->omNode-3#87-t2,previous=(t:2, i:29),leaderCommit=29,initializing? true,entries: size=1, first=(t:2, i:30), METADATAENTRY(c:29): org.apache.ratis.thirdparty.io.grpc.StatusRuntimeException: CANCELLED: client cancelled
2022-05-11 01:29:30,318 [grpc-default-executor-2] WARN  server.GrpcLogAppender (LogUtils.java:warn(122)) - omNode-2@group-523986131536->omNode-3-AppendLogResponseHandler: Failed appendEntries: org.apache.ratis.thirdparty.io.grpc.StatusRuntimeException: CANCELLED: HTTP/2 error code: CANCEL
Received Rst Stream
2022-05-11 01:29:30,319 [grpc-default-executor-2] INFO  leader.FollowerInfo (FollowerInfoImpl.java:lambda$new$0(47)) - omNode-2@group-523986131536->omNode-3: nextIndex: updateUnconditionally 31 -> 30
2022-05-11 01:29:30,322 [Listener at 127.0.0.1/43241] INFO  server.GrpcService (GrpcService.java:closeImpl(271)) - omNode-3: shutdown server with port 40799 successfully
2022-05-11 01:29:30,323 [org.apache.ratis.util.JvmPauseMonitor$$Lambda$637/1274334510@12bd61b4] INFO  util.JvmPauseMonitor (JvmPauseMonitor.java:run(109)) - JvmPauseMonitor-omNode-3: Stopped
2022-05-11 01:29:30,323 [Listener at 127.0.0.1/43241] INFO  ratis.OzoneManagerStateMachine (OzoneManagerStateMachine.java:close(490)) - StateMachine has shutdown. Shutdown OzoneManager if not already shutdown.
2022-05-11 01:29:30,323 [Listener at 127.0.0.1/43241] INFO  ratis.OzoneManagerDoubleBuffer (OzoneManagerDoubleBuffer.java:stop(477)) - OMDoubleBuffer flush thread is not running.
2022-05-11 01:29:30,323 [Listener at 127.0.0.1/43241] INFO  utils.BackgroundService (BackgroundService.java:shutdown(132)) - Shutting down service KeyDeletingService
2022-05-11 01:29:30,326 [Listener at 127.0.0.1/43241] INFO  utils.BackgroundService (BackgroundService.java:shutdown(132)) - Shutting down service DirectoryDeletingService
2022-05-11 01:29:30,327 [Listener at 127.0.0.1/43241] INFO  handler.ContextHandler (ContextHandler.java:doStop(1153)) - Stopped o.e.j.w.WebAppContext@2d01bc46{ozoneManager,/,null,STOPPED}{file:/home/runner/work/ozone/ozone/hadoop-ozone/integration-test/target/test-classes/webapps/ozoneManager}
2022-05-11 01:29:30,328 [Listener at 127.0.0.1/43241] INFO  server.AbstractConnector (AbstractConnector.java:doStop(381)) - Stopped ServerConnector@86a4b9b{HTTP/1.1, (http/1.1)}{0.0.0.0:45829}
2022-05-11 01:29:30,328 [Listener at 127.0.0.1/43241] INFO  server.session (HouseKeeper.java:stopScavenging(149)) - node0 Stopped scavenging
2022-05-11 01:29:30,328 [Listener at 127.0.0.1/43241] INFO  handler.ContextHandler (ContextHandler.java:doStop(1153)) - Stopped o.e.j.s.ServletContextHandler@1268dff4{static,/static,file:///home/runner/work/ozone/ozone/hadoop-ozone/integration-test/target/test-classes/webapps/static,STOPPED}
2022-05-11 01:29:30,331 [Listener at 127.0.0.1/43241] INFO  handler.ContextHandler (ContextHandler.java:doStop(1153)) - Stopped o.e.j.s.ServletContextHandler@687668da{logs,/logs,file:///home/runner/work/ozone/ozone/hadoop-ozone/integration-test/target/log,STOPPED}
2022-05-11 01:29:30,331 [grpc-default-executor-0] WARN  server.GrpcLogAppender (LogUtils.java:warn(122)) - omNode-2@group-523986131536->omNode-3-AppendLogResponseHandler: Failed appendEntries: org.apache.ratis.thirdparty.io.grpc.StatusRuntimeException: UNAVAILABLE: io exception
2022-05-11 01:29:30,332 [grpc-default-executor-0] INFO  leader.FollowerInfo (FollowerInfoImpl.java:lambda$new$0(47)) - omNode-2@group-523986131536->omNode-3: nextIndex: updateUnconditionally 31 -> 30
2022-05-11 01:29:30,341 [Listener at 127.0.0.1/43241] INFO  om.OzoneManager (OzoneManager.java:restart(1487)) - OzoneManager RPC server is listening at localhost/127.0.0.1:43241
2022-05-11 01:29:30,341 [Listener at 127.0.0.1/43241] INFO  impl.MetricsSystemImpl (MetricsSystemImpl.java:init(158)) - OzoneManager metrics system started (again)
2022-05-11 01:29:30,354 [Listener at 127.0.0.1/43241] WARN  server.ServerUtils (ServerUtils.java:getDBPath(225)) - ozone.om.db.dirs is not configured. We recommend adding this setting. Falling back to ozone.metadata.dirs instead.
2022-05-11 01:29:30,356 [Listener at 127.0.0.1/43241] INFO  codec.OmKeyInfoCodec (OmKeyInfoCodec.java:<init>(49)) - OmKeyInfoCodec ignorePipeline = true
2022-05-11 01:29:30,356 [Listener at 127.0.0.1/43241] INFO  codec.RepeatedOmKeyInfoCodec (RepeatedOmKeyInfoCodec.java:<init>(41)) - RepeatedOmKeyInfoCodec ignorePipeline = true
2022-05-11 01:29:30,483 [Listener at 127.0.0.1/43241] WARN  impl.MetricRegistriesImpl (MetricRegistriesImpl.java:addReporterRegistration(111)) - New reporters are added after registries were created. Some metrics will be missing from the reporter. Please add reporter before adding any new registry.
2022-05-11 01:29:30,483 [Listener at 127.0.0.1/43241] WARN  impl.MetricRegistriesImpl (MetricRegistriesImpl.java:addReporterRegistration(111)) - New reporters are added after registries were created. Some metrics will be missing from the reporter. Please add reporter before adding any new registry.
2022-05-11 01:29:30,483 [Listener at 127.0.0.1/43241] WARN  server.ServerUtils (ServerUtils.java:getDefaultRatisDirectory(237)) - Storage directory for Ratis is not configured. It is a good idea to map this to an SSD disk. Falling back to ozone.metadata.dirs
2022-05-11 01:29:30,485 [Listener at 127.0.0.1/43241] INFO  ratis.OzoneManagerRatisServer (OzoneManagerRatisServer.java:<init>(159)) - Instantiating OM Ratis server with groupID: om-service-test1 and peers: localhost:40799, localhost:37959, localhost:36649
2022-05-11 01:29:30,485 [Listener at 127.0.0.1/43241] INFO  ratis.OzoneManagerStateMachine (OzoneManagerStateMachine.java:loadSnapshotInfoFromDB(627)) - LastAppliedIndex is set from TransactionInfo from OM DB as (t:2, i:29)
2022-05-11 01:29:30,489 [Listener at 127.0.0.1/43241] INFO  server.RaftServer (ConfUtils.java:logGet(44)) - raft.rpc.type = GRPC (default)
2022-05-11 01:29:30,489 [Listener at 127.0.0.1/43241] INFO  grpc.GrpcFactory (GrpcFactory.java:checkPooledByteBufAllocatorUseCacheForAllThreads(48)) - PERFORMANCE WARNING: useCacheForAllThreads is true that may cause Netty to create a lot garbage objects and, as a result, trigger GC.
	It is recommended to disable useCacheForAllThreads by setting -Dorg.apache.ratis.thirdparty.io.netty.allocator.useCacheForAllThreads=false in command line.
2022-05-11 01:29:30,490 [Listener at 127.0.0.1/43241] INFO  grpc.GrpcConfigKeys (ConfUtils.java:logGet(44)) - raft.grpc.admin.port = -1 (default)
2022-05-11 01:29:30,490 [Listener at 127.0.0.1/43241] INFO  grpc.GrpcConfigKeys (ConfUtils.java:logGet(44)) - raft.grpc.server.port = 40799 (custom)
2022-05-11 01:29:30,490 [Listener at 127.0.0.1/43241] INFO  grpc.GrpcConfigKeys (ConfUtils.java:logGet(44)) - raft.grpc.client.port = -1 (default)
2022-05-11 01:29:30,491 [Listener at 127.0.0.1/43241] INFO  grpc.GrpcConfigKeys (ConfUtils.java:logGet(44)) - raft.grpc.server.port = 40799 (custom)
2022-05-11 01:29:30,491 [Listener at 127.0.0.1/43241] INFO  grpc.GrpcConfigKeys (ConfUtils.java:logGet(44)) - raft.grpc.server.port = 40799 (custom)
2022-05-11 01:29:30,491 [Listener at 127.0.0.1/43241] INFO  server.GrpcService (ConfUtils.java:logGet(44)) - raft.grpc.message.size.max = 33554432 (custom)
2022-05-11 01:29:30,492 [Listener at 127.0.0.1/43241] INFO  server.RaftServerConfigKeys (ConfUtils.java:logGet(44)) - raft.server.log.appender.buffer.byte-limit = 33554432 (custom)
2022-05-11 01:29:30,492 [Listener at 127.0.0.1/43241] INFO  server.GrpcService (ConfUtils.java:logGet(44)) - raft.grpc.flow.control.window = 1MB (=1048576) (default)
2022-05-11 01:29:30,492 [Listener at 127.0.0.1/43241] INFO  server.RaftServerConfigKeys (ConfUtils.java:logGet(44)) - raft.server.rpc.request.timeout = 3000ms (default)
2022-05-11 01:29:30,493 [Listener at 127.0.0.1/43241] INFO  impl.DataStreamServerImpl (ConfUtils.java:logGet(44)) - raft.datastream.type = DISABLED (default)
2022-05-11 01:29:30,494 [Listener at 127.0.0.1/43241] INFO  server.RaftServerConfigKeys (ConfUtils.java:logGet(44)) - raft.server.rpc.slowness.timeout = 2s (custom)
2022-05-11 01:29:30,494 [Listener at 127.0.0.1/43241] INFO  server.RaftServerConfigKeys (ConfUtils.java:logGet(44)) - raft.server.leaderelection.leader.step-down.wait-time = 10s (default)
2022-05-11 01:29:30,494 [Listener at 127.0.0.1/43241] INFO  server.RaftServerConfigKeys (ConfUtils.java:logGet(44)) - raft.server.storage.dir = [/home/runner/work/ozone/ozone/hadoop-ozone/integration-test/target/test-dir/MiniOzoneClusterImpl-ae28b10a-1883-433e-acb0-7438b5479a4c/omNode-3/ratis] (custom)
2022-05-11 01:29:30,497 [Listener at 127.0.0.1/43241] INFO  server.RaftServer (RaftServerProxy.java:lambda$null$1(235)) - omNode-3: found a subdirectory /home/runner/work/ozone/ozone/hadoop-ozone/integration-test/target/test-dir/MiniOzoneClusterImpl-ae28b10a-1883-433e-acb0-7438b5479a4c/omNode-3/ratis/c9bc4cf4-3bc3-3c60-a66b-523986131536
2022-05-11 01:29:30,498 [Listener at 127.0.0.1/43241] INFO  server.RaftServer (RaftServerProxy.java:addNew(95)) - omNode-3: addNew group-523986131536:[omNode-3|rpc:localhost:40799|priority:0, omNode-1|rpc:localhost:37959|priority:0, omNode-2|rpc:localhost:36649|priority:0] returns group-523986131536:java.util.concurrent.CompletableFuture@7c0f5c63[Not completed]
2022-05-11 01:29:30,498 [Listener at 127.0.0.1/43241] INFO  om.OzoneManager (OzoneManager.java:initializeRatisServer(1891)) - OzoneManager Ratis server initialized at port 40799
2022-05-11 01:29:30,498 [Listener at 127.0.0.1/43241] INFO  ratis.OzoneManagerRatisServer (OzoneManagerRatisServer.java:start(554)) - Starting OzoneManagerRatisServer omNode-3 at port 40799
2022-05-11 01:29:30,499 [pool-201-thread-1] INFO  server.RaftServer$Division (RaftServerImpl.java:<init>(184)) - omNode-3: new RaftServerImpl for group-523986131536:[omNode-3|rpc:localhost:40799|priority:0, omNode-1|rpc:localhost:37959|priority:0, omNode-2|rpc:localhost:36649|priority:0] with OzoneManagerStateMachine:uninitialized
2022-05-11 01:29:30,503 [pool-201-thread-1] INFO  server.RaftServerConfigKeys (ConfUtils.java:logGet(44)) - raft.server.rpc.timeout.min = 1s (custom)
2022-05-11 01:29:30,504 [pool-201-thread-1] INFO  server.RaftServerConfigKeys (ConfUtils.java:logGet(44)) - raft.server.rpc.timeout.max = 1200ms (custom)
2022-05-11 01:29:30,504 [pool-201-thread-1] INFO  server.RaftServerConfigKeys (ConfUtils.java:logGet(44)) - raft.server.rpc.sleep.time = 25ms (default)
2022-05-11 01:29:30,504 [pool-201-thread-1] INFO  server.RaftServerConfigKeys (ConfUtils.java:logGet(44)) - raft.server.rpc.slowness.timeout = 2s (custom)
2022-05-11 01:29:30,504 [pool-201-thread-1] INFO  server.RaftServerConfigKeys (ConfUtils.java:logGet(44)) - raft.server.leaderelection.leader.step-down.wait-time = 10s (default)
2022-05-11 01:29:30,504 [pool-201-thread-1] INFO  server.RaftServerConfigKeys (ConfUtils.java:logGet(44)) - raft.server.sleep.deviation.threshold = 300ms (default)
2022-05-11 01:29:30,504 [pool-201-thread-1] INFO  server.RaftServerConfigKeys (ConfUtils.java:logGet(44)) - raft.server.log.appender.install.snapshot.enabled = false (custom)
2022-05-11 01:29:30,504 [pool-201-thread-1] INFO  server.RaftServer$Division (ServerState.java:<init>(105)) - omNode-3@group-523986131536: ConfigurationManager, init=-1: [omNode-3|rpc:localhost:40799|priority:0, omNode-1|rpc:localhost:37959|priority:0, omNode-2|rpc:localhost:36649|priority:0], old=null, confs=<EMPTY_MAP>
2022-05-11 01:29:30,504 [pool-201-thread-1] INFO  server.RaftServerConfigKeys (ConfUtils.java:logGet(44)) - raft.server.storage.dir = [/home/runner/work/ozone/ozone/hadoop-ozone/integration-test/target/test-dir/MiniOzoneClusterImpl-ae28b10a-1883-433e-acb0-7438b5479a4c/omNode-3/ratis] (custom)
2022-05-11 01:29:30,508 [pool-201-thread-1] INFO  server.RaftServerConfigKeys (ConfUtils.java:logGet(44)) - raft.server.log.corruption.policy = EXCEPTION (default)
2022-05-11 01:29:30,508 [pool-201-thread-1] INFO  server.RaftServerConfigKeys (ConfUtils.java:logGet(44)) - raft.server.storage.free-space.min = 0MB (=0) (default)
2022-05-11 01:29:30,509 [pool-201-thread-1] INFO  storage.RaftStorageDirectory (RaftStorageDirectoryImpl.java:tryLock(230)) - Lock on /home/runner/work/ozone/ozone/hadoop-ozone/integration-test/target/test-dir/MiniOzoneClusterImpl-ae28b10a-1883-433e-acb0-7438b5479a4c/omNode-3/ratis/c9bc4cf4-3bc3-3c60-a66b-523986131536/in_use.lock acquired by nodename 4883@fv-az291-847
2022-05-11 01:29:30,510 [pool-201-thread-1] INFO  storage.RaftStorage (RaftStorageImpl.java:analyzeAndRecoverStorage(110)) - Read RaftStorageMetadata{term=2, votedFor=omNode-2} from /home/runner/work/ozone/ozone/hadoop-ozone/integration-test/target/test-dir/MiniOzoneClusterImpl-ae28b10a-1883-433e-acb0-7438b5479a4c/omNode-3/ratis/c9bc4cf4-3bc3-3c60-a66b-523986131536/current/raft-meta
2022-05-11 01:29:30,512 [pool-201-thread-1] INFO  server.RaftServer$Division (ServerState.java:setRaftConf(387)) - omNode-3@group-523986131536: set configuration 21: [omNode-3|rpc:localhost:40799|admin:|client:|dataStream:|priority:0, omNode-1|rpc:localhost:37959|admin:|client:|dataStream:|priority:0, omNode-2|rpc:localhost:36649|admin:|client:|dataStream:|priority:0], old=null
2022-05-11 01:29:30,512 [pool-201-thread-1] INFO  server.RaftServerConfigKeys (ConfUtils.java:logGet(44)) - raft.server.notification.no-leader.timeout = 2s (custom)
2022-05-11 01:29:30,512 [pool-201-thread-1] INFO  server.RaftServerConfigKeys (ConfUtils.java:logGet(44)) - raft.server.log.use.memory = false (default)
2022-05-11 01:29:30,512 [pool-201-thread-1] INFO  server.RaftServerConfigKeys (ConfUtils.java:logGet(44)) - raft.server.log.purge.gap = 50 (custom)
2022-05-11 01:29:30,512 [pool-201-thread-1] INFO  server.RaftServerConfigKeys (ConfUtils.java:logGet(44)) - raft.server.log.appender.buffer.byte-limit = 33554432 (custom)
2022-05-11 01:29:30,512 [pool-201-thread-1] INFO  server.RaftServerConfigKeys (ConfUtils.java:logGet(44)) - raft.server.log.segment.size.max = 4194304 (custom)
2022-05-11 01:29:30,513 [pool-201-thread-1] INFO  server.RaftServerConfigKeys (ConfUtils.java:logGet(44)) - raft.server.log.segment.cache.num.max = 2 (custom)
2022-05-11 01:29:30,513 [pool-201-thread-1] INFO  server.RaftServerConfigKeys (ConfUtils.java:logGet(44)) - raft.server.log.segment.cache.size.max = 200MB (=209715200) (default)
2022-05-11 01:29:30,513 [pool-201-thread-1] INFO  segmented.SegmentedRaftLogWorker (SegmentedRaftLogWorker.java:<init>(182)) - new omNode-3@group-523986131536-SegmentedRaftLogWorker for RaftStorageImpl:Storage Directory /home/runner/work/ozone/ozone/hadoop-ozone/integration-test/target/test-dir/MiniOzoneClusterImpl-ae28b10a-1883-433e-acb0-7438b5479a4c/omNode-3/ratis/c9bc4cf4-3bc3-3c60-a66b-523986131536
2022-05-11 01:29:30,513 [pool-201-thread-1] INFO  server.RaftServerConfigKeys (ConfUtils.java:logGet(44)) - raft.server.log.queue.byte-limit = 64MB (=67108864) (default)
2022-05-11 01:29:30,513 [pool-201-thread-1] INFO  server.RaftServerConfigKeys (ConfUtils.java:logGet(44)) - raft.server.log.queue.element-limit = 4096 (default)
2022-05-11 01:29:30,513 [pool-201-thread-1] INFO  server.RaftServerConfigKeys (ConfUtils.java:logGet(44)) - raft.server.log.segment.size.max = 4194304 (custom)
2022-05-11 01:29:30,513 [pool-201-thread-1] INFO  server.RaftServerConfigKeys (ConfUtils.java:logGet(44)) - raft.server.log.preallocated.size = 4194304 (custom)
2022-05-11 01:29:30,513 [pool-201-thread-1] INFO  server.RaftServerConfigKeys (ConfUtils.java:logGet(44)) - raft.server.log.force.sync.num = 128 (default)
2022-05-11 01:29:30,513 [pool-201-thread-1] INFO  server.RaftServerConfigKeys (ConfUtils.java:logGet(44)) - raft.server.log.statemachine.data.sync = true (default)
2022-05-11 01:29:30,514 [pool-201-thread-1] INFO  server.RaftServerConfigKeys (ConfUtils.java:logGet(44)) - raft.server.log.statemachine.data.sync.timeout = 10s (default)
2022-05-11 01:29:30,514 [pool-201-thread-1] INFO  server.RaftServerConfigKeys (ConfUtils.java:logGet(44)) - raft.server.log.statemachine.data.sync.timeout.retry = -1 (default)
2022-05-11 01:29:30,514 [pool-201-thread-1] INFO  server.RaftServerConfigKeys (ConfUtils.java:logGet(44)) - raft.server.log.write.buffer.size = 64KB (=65536) (default)
2022-05-11 01:29:30,514 [pool-201-thread-1] INFO  server.RaftServerConfigKeys (ConfUtils.java:logGet(44)) - raft.server.log.statemachine.data.caching.enabled = false (default)
2022-05-11 01:29:30,527 [pool-201-thread-1] INFO  server.RaftServer$Division (ServerState.java:setRaftConf(387)) - omNode-3@group-523986131536: set configuration 0: [omNode-3|rpc:localhost:40799|admin:|client:|dataStream:|priority:0, omNode-1|rpc:localhost:37959|admin:|client:|dataStream:|priority:0, omNode-2|rpc:localhost:36649|admin:|client:|dataStream:|priority:0], old=null
2022-05-11 01:29:30,531 [pool-201-thread-1] INFO  segmented.LogSegment (LogSegment.java:loadSegment(173)) - Successfully read 21 entries from segment file /home/runner/work/ozone/ozone/hadoop-ozone/integration-test/target/test-dir/MiniOzoneClusterImpl-ae28b10a-1883-433e-acb0-7438b5479a4c/omNode-3/ratis/c9bc4cf4-3bc3-3c60-a66b-523986131536/current/log_0-20
2022-05-11 01:29:30,532 [pool-201-thread-1] INFO  server.RaftServer$Division (ServerState.java:setRaftConf(387)) - omNode-3@group-523986131536: set configuration 21: [omNode-3|rpc:localhost:40799|admin:|client:|dataStream:|priority:0, omNode-1|rpc:localhost:37959|admin:|client:|dataStream:|priority:0, omNode-2|rpc:localhost:36649|admin:|client:|dataStream:|priority:0], old=null
2022-05-11 01:29:30,532 [pool-201-thread-1] INFO  segmented.LogSegment (LogSegment.java:loadSegment(173)) - Successfully read 10 entries from segment file /home/runner/work/ozone/ozone/hadoop-ozone/integration-test/target/test-dir/MiniOzoneClusterImpl-ae28b10a-1883-433e-acb0-7438b5479a4c/omNode-3/ratis/c9bc4cf4-3bc3-3c60-a66b-523986131536/current/log_inprogress_21
2022-05-11 01:29:30,533 [pool-201-thread-1] INFO  segmented.SegmentedRaftLogWorker (SegmentedRaftLogWorker.java:lambda$new$0(133)) - omNode-3@group-523986131536-SegmentedRaftLogWorker: flushIndex: setUnconditionally 0 -> 30
2022-05-11 01:29:30,533 [pool-201-thread-1] INFO  segmented.SegmentedRaftLogWorker (SegmentedRaftLogWorker.java:lambda$new$0(133)) - omNode-3@group-523986131536-SegmentedRaftLogWorker: safeCacheEvictIndex: setUnconditionally 0 -> 20
2022-05-11 01:29:30,541 [pool-201-thread-1] INFO  raftlog.RaftLog (RaftLogBase.java:lambda$new$0(53)) - omNode-3@group-523986131536-SegmentedRaftLog: commitIndex: updateToMax old=29, new=29, updated? false
2022-05-11 01:29:30,542 [pool-201-thread-1] INFO  server.RaftServerConfigKeys (ConfUtils.java:logGet(44)) - raft.server.snapshot.auto.trigger.enabled = true (custom)
2022-05-11 01:29:30,542 [pool-201-thread-1] INFO  server.RaftServerConfigKeys (ConfUtils.java:logGet(44)) - raft.server.snapshot.auto.trigger.threshold = 50 (custom)
2022-05-11 01:29:30,542 [pool-201-thread-1] INFO  server.RaftServerConfigKeys (ConfUtils.java:logGet(44)) - raft.server.snapshot.retention.file.num = -1 (default)
2022-05-11 01:29:30,542 [pool-201-thread-1] INFO  server.RaftServerConfigKeys (ConfUtils.java:logGet(44)) - raft.server.log.purge.upto.snapshot.index = true (custom)
2022-05-11 01:29:30,542 [pool-201-thread-1] INFO  server.RaftServerConfigKeys (ConfUtils.java:logGet(44)) - raft.server.retrycache.expirytime = 30000ms (custom)
2022-05-11 01:29:30,542 [pool-201-thread-1] INFO  server.RaftServerConfigKeys (ConfUtils.java:logGet(44)) - raft.server.retrycache.statistics.expirytime = 100μs (default)
2022-05-11 01:29:30,543 [Listener at 127.0.0.1/43241] INFO  server.RaftServer$Division (RaftServerImpl.java:start(301)) - omNode-3@group-523986131536: start as a follower, conf=21: [omNode-3|rpc:localhost:40799|admin:|client:|dataStream:|priority:0, omNode-1|rpc:localhost:37959|admin:|client:|dataStream:|priority:0, omNode-2|rpc:localhost:36649|admin:|client:|dataStream:|priority:0], old=null
2022-05-11 01:29:30,544 [Listener at 127.0.0.1/43241] INFO  server.RaftServer$Division (RaftServerImpl.java:setRole(290)) - omNode-3@group-523986131536: changes role from      null to FOLLOWER at term 2 for startAsFollower
2022-05-11 01:29:30,544 [Listener at 127.0.0.1/43241] INFO  impl.RoleInfo (RoleInfo.java:updateAndGet(130)) - omNode-3: start omNode-3@group-523986131536-FollowerState
2022-05-11 01:29:30,548 [Listener at 127.0.0.1/43241] INFO  util.JmxRegister (JmxRegister.java:tryRegister(44)) - Successfully registered JMX Bean with object name Ratis:service=RaftServer,group=group-523986131536,id=omNode-3
2022-05-11 01:29:30,552 [Listener at 127.0.0.1/43241] INFO  server.RaftServer (RaftServerProxy.java:lambda$start$5(374)) - omNode-3: start RPC server
2022-05-11 01:29:30,553 [Listener at 127.0.0.1/43241] INFO  server.GrpcService (GrpcService.java:startImpl(253)) - omNode-3: GrpcService started, listening on 40799
2022-05-11 01:29:30,553 [Listener at 127.0.0.1/43241] INFO  om.OzoneManager (OzoneManager.java:getRpcServer(1027)) - Creating RPC Server
2022-05-11 01:29:30,555 [org.apache.ratis.util.JvmPauseMonitor$$Lambda$637/1274334510@6cb71851] INFO  util.JvmPauseMonitor (JvmPauseMonitor.java:run(103)) - JvmPauseMonitor-omNode-3: Started
2022-05-11 01:29:30,725 [grpc-default-executor-0] WARN  server.GrpcLogAppender (LogUtils.java:warn(122)) - omNode-2@group-523986131536->omNode-1-AppendLogResponseHandler: Failed appendEntries: org.apache.ratis.thirdparty.io.grpc.StatusRuntimeException: UNAVAILABLE: io exception
2022-05-11 01:29:30,726 [grpc-default-executor-0] WARN  server.GrpcLogAppender (GrpcLogAppender.java:resetClient(110)) - omNode-2@group-523986131536->omNode-1-GrpcLogAppender: Leader has not got in touch with Follower omNode-2@group-523986131536->omNode-1(c-1,m0,n31, attendVote=true, lastRpcSendTime=0, lastRpcResponseTime=8484) yet, just keep nextIndex unchanged and retry.
2022-05-11 01:29:30,826 [grpc-default-executor-0] WARN  server.GrpcLogAppender (LogUtils.java:warn(122)) - omNode-2@group-523986131536->omNode-3-AppendLogResponseHandler: Failed appendEntries: org.apache.ratis.thirdparty.io.grpc.StatusRuntimeException: UNAVAILABLE: io exception
2022-05-11 01:29:30,827 [grpc-default-executor-0] INFO  leader.FollowerInfo (FollowerInfoImpl.java:lambda$new$0(47)) - omNode-2@group-523986131536->omNode-3: nextIndex: updateUnconditionally 31 -> 30
2022-05-11 01:29:30,991 [Listener at 127.0.0.1/43241] INFO  reflections.Reflections (Reflections.java:scan(232)) - Reflections took 436 ms to scan 19 urls, producing 61 keys and 3656 values [using 2 cores]
2022-05-11 01:29:30,993 [Listener at 127.0.0.1/43241] INFO  ipc.CallQueueManager (CallQueueManager.java:<init>(90)) - Using callQueue: class java.util.concurrent.LinkedBlockingQueue, queueCapacity: 2000, scheduler: class org.apache.hadoop.ipc.DefaultRpcScheduler, ipcBackoff: false.
2022-05-11 01:29:30,997 [Socket Reader #1 for port 43241] INFO  ipc.Server (Server.java:run(1265)) - Starting Socket Reader #1 for port 43241
2022-05-11 01:29:31,001 [Listener at localhost/43241] INFO  http.BaseHttpServer (BaseHttpServer.java:newHttpServer2BuilderForOzone(209)) - Starting Web-server for ozoneManager at: http://0.0.0.0:45829
2022-05-11 01:29:31,001 [Listener at localhost/43241] INFO  http.BaseHttpServer (BaseHttpServer.java:<init>(107)) - Hadoop Security Enabled: false Ozone Security Enabled: false Ozone HTTP Security Enabled: false 
2022-05-11 01:29:31,003 [Listener at localhost/43241] INFO  server.AuthenticationFilter (AuthenticationFilter.java:constructSecretProvider(240)) - Unable to initialize FileSignerSecretProvider, falling back to use random secrets.
2022-05-11 01:29:31,004 [Listener at localhost/43241] WARN  http.HttpRequestLog (HttpRequestLog.java:getRequestLog(103)) - Jetty request log can only be enabled using Log4j
2022-05-11 01:29:31,005 [Listener at localhost/43241] INFO  http.HttpServer2 (HttpServer2.java:addGlobalFilter(1030)) - Added global filter 'safety' (class=org.apache.hadoop.hdds.server.http.HttpServer2$QuotingInputFilter)
2022-05-11 01:29:31,006 [Listener at localhost/43241] INFO  http.HttpServer2 (HttpServer2.java:addFilter(1006)) - Added filter static_user_filter (class=org.apache.hadoop.http.lib.StaticUserWebFilter$StaticUserFilter) to context ozoneManager
2022-05-11 01:29:31,006 [Listener at localhost/43241] INFO  http.HttpServer2 (HttpServer2.java:addFilter(1014)) - Added filter static_user_filter (class=org.apache.hadoop.http.lib.StaticUserWebFilter$StaticUserFilter) to context static
2022-05-11 01:29:31,006 [Listener at localhost/43241] INFO  http.HttpServer2 (HttpServer2.java:addFilter(1014)) - Added filter static_user_filter (class=org.apache.hadoop.http.lib.StaticUserWebFilter$StaticUserFilter) to context logs
2022-05-11 01:29:31,008 [Listener at localhost/43241] INFO  http.HttpServer2 (HttpServer2.java:bindListener(1249)) - Jetty bound to port 45829
2022-05-11 01:29:31,009 [Listener at localhost/43241] INFO  server.Server (Server.java:doStart(375)) - jetty-9.4.43.v20210629; built: 2021-06-30T11:07:22.254Z; git: 526006ecfa3af7f1a27ef3a288e2bef7ea9dd7e8; jvm 1.8.0_322-b06
2022-05-11 01:29:31,011 [Listener at localhost/43241] INFO  server.session (DefaultSessionIdManager.java:doStart(334)) - DefaultSessionIdManager workerName=node0
2022-05-11 01:29:31,011 [Listener at localhost/43241] INFO  server.session (DefaultSessionIdManager.java:doStart(339)) - No SessionScavenger set, using defaults
2022-05-11 01:29:31,011 [Listener at localhost/43241] INFO  server.session (HouseKeeper.java:startScavenging(132)) - node0 Scavenging every 600000ms
2022-05-11 01:29:31,012 [Listener at localhost/43241] INFO  handler.ContextHandler (ContextHandler.java:doStart(915)) - Started o.e.j.s.ServletContextHandler@2322d697{logs,/logs,file:///home/runner/work/ozone/ozone/hadoop-ozone/integration-test/target/log,AVAILABLE}
2022-05-11 01:29:31,013 [Listener at localhost/43241] INFO  handler.ContextHandler (ContextHandler.java:doStart(915)) - Started o.e.j.s.ServletContextHandler@1475ce17{static,/static,file:///home/runner/work/ozone/ozone/hadoop-ozone/integration-test/target/test-classes/webapps/static,AVAILABLE}
2022-05-11 01:29:31,022 [Listener at localhost/43241] INFO  handler.ContextHandler (ContextHandler.java:doStart(915)) - Started o.e.j.w.WebAppContext@3b6585fb{ozoneManager,/,file:///home/runner/work/ozone/ozone/hadoop-ozone/integration-test/target/test-classes/webapps/ozoneManager/,AVAILABLE}{file:/home/runner/work/ozone/ozone/hadoop-ozone/integration-test/target/test-classes/webapps/ozoneManager}
2022-05-11 01:29:31,027 [Listener at localhost/43241] INFO  server.AbstractConnector (AbstractConnector.java:doStart(331)) - Started ServerConnector@3663c8d{HTTP/1.1, (http/1.1)}{0.0.0.0:45829}
2022-05-11 01:29:31,027 [Listener at localhost/43241] INFO  server.Server (Server.java:doStart(415)) - Started @36191ms
2022-05-11 01:29:31,027 [Listener at localhost/43241] WARN  impl.MetricsSystemImpl (MetricsSystemImpl.java:register(279)) - Sink prometheus already exists!
2022-05-11 01:29:31,028 [Listener at localhost/43241] INFO  http.BaseHttpServer (BaseHttpServer.java:updateConnectorAddress(329)) - HTTP server of ozoneManager listening at http://0.0.0.0:45829
2022-05-11 01:29:31,031 [IPC Server Responder] INFO  ipc.Server (Server.java:run(1507)) - IPC Server Responder: starting
2022-05-11 01:29:31,031 [IPC Server listener on 43241] INFO  ipc.Server (Server.java:run(1344)) - IPC Server listener on 43241: starting
2022-05-11 01:29:31,036 [Listener at localhost/43241] INFO  om.OzoneManager (OzoneManager.java:startTrashEmptier(1835)) - Trash Interval set to 0. Files deleted won't move to trash
2022-05-11 01:29:31,037 [Listener at localhost/43241] INFO  om.OzoneManager (OzoneManager.java:stop(1950)) - omNode-1[localhost:40623]: Stopping Ozone Manager
2022-05-11 01:29:31,037 [Listener at localhost/43241] INFO  om.OzoneManager (OzoneManager.java:restart(1487)) - OzoneManager RPC server is listening at localhost/127.0.0.1:40623
2022-05-11 01:29:31,037 [Listener at localhost/43241] INFO  impl.MetricsSystemImpl (MetricsSystemImpl.java:init(158)) - OzoneManager metrics system started (again)
2022-05-11 01:29:31,043 [org.apache.hadoop.util.JvmPauseMonitor$Monitor@3a86ccb0] INFO  util.JvmPauseMonitor (JvmPauseMonitor.java:run(188)) - Starting JVM pause monitor
2022-05-11 01:29:31,056 [Listener at localhost/43241] WARN  server.ServerUtils (ServerUtils.java:getDBPath(225)) - ozone.om.db.dirs is not configured. We recommend adding this setting. Falling back to ozone.metadata.dirs instead.
2022-05-11 01:29:31,058 [Listener at localhost/43241] INFO  codec.OmKeyInfoCodec (OmKeyInfoCodec.java:<init>(49)) - OmKeyInfoCodec ignorePipeline = true
2022-05-11 01:29:31,058 [Listener at localhost/43241] INFO  codec.RepeatedOmKeyInfoCodec (RepeatedOmKeyInfoCodec.java:<init>(41)) - RepeatedOmKeyInfoCodec ignorePipeline = true
2022-05-11 01:29:31,113 [Listener at localhost/43241] WARN  impl.MetricRegistriesImpl (MetricRegistriesImpl.java:addReporterRegistration(111)) - New reporters are added after registries were created. Some metrics will be missing from the reporter. Please add reporter before adding any new registry.
2022-05-11 01:29:31,113 [Listener at localhost/43241] WARN  impl.MetricRegistriesImpl (MetricRegistriesImpl.java:addReporterRegistration(111)) - New reporters are added after registries were created. Some metrics will be missing from the reporter. Please add reporter before adding any new registry.
2022-05-11 01:29:31,114 [Listener at localhost/43241] WARN  server.ServerUtils (ServerUtils.java:getDefaultRatisDirectory(237)) - Storage directory for Ratis is not configured. It is a good idea to map this to an SSD disk. Falling back to ozone.metadata.dirs
2022-05-11 01:29:31,115 [Listener at localhost/43241] INFO  ratis.OzoneManagerRatisServer (OzoneManagerRatisServer.java:<init>(159)) - Instantiating OM Ratis server with groupID: om-service-test1 and peers: localhost:37959, localhost:40799, localhost:36649
2022-05-11 01:29:31,115 [Listener at localhost/43241] INFO  ratis.OzoneManagerStateMachine (OzoneManagerStateMachine.java:loadSnapshotInfoFromDB(627)) - LastAppliedIndex is set from TransactionInfo from OM DB as (t:1, i:20)
2022-05-11 01:29:31,117 [Listener at localhost/43241] INFO  server.RaftServer (ConfUtils.java:logGet(44)) - raft.rpc.type = GRPC (default)
2022-05-11 01:29:31,117 [Listener at localhost/43241] INFO  grpc.GrpcFactory (GrpcFactory.java:checkPooledByteBufAllocatorUseCacheForAllThreads(48)) - PERFORMANCE WARNING: useCacheForAllThreads is true that may cause Netty to create a lot garbage objects and, as a result, trigger GC.
	It is recommended to disable useCacheForAllThreads by setting -Dorg.apache.ratis.thirdparty.io.netty.allocator.useCacheForAllThreads=false in command line.
2022-05-11 01:29:31,117 [Listener at localhost/43241] INFO  grpc.GrpcConfigKeys (ConfUtils.java:logGet(44)) - raft.grpc.admin.port = -1 (default)
2022-05-11 01:29:31,117 [Listener at localhost/43241] INFO  grpc.GrpcConfigKeys (ConfUtils.java:logGet(44)) - raft.grpc.server.port = 37959 (custom)
2022-05-11 01:29:31,117 [Listener at localhost/43241] INFO  grpc.GrpcConfigKeys (ConfUtils.java:logGet(44)) - raft.grpc.client.port = -1 (default)
2022-05-11 01:29:31,118 [Listener at localhost/43241] INFO  grpc.GrpcConfigKeys (ConfUtils.java:logGet(44)) - raft.grpc.server.port = 37959 (custom)
2022-05-11 01:29:31,118 [Listener at localhost/43241] INFO  grpc.GrpcConfigKeys (ConfUtils.java:logGet(44)) - raft.grpc.server.port = 37959 (custom)
2022-05-11 01:29:31,118 [Listener at localhost/43241] INFO  server.GrpcService (ConfUtils.java:logGet(44)) - raft.grpc.message.size.max = 33554432 (custom)
2022-05-11 01:29:31,118 [Listener at localhost/43241] INFO  server.RaftServerConfigKeys (ConfUtils.java:logGet(44)) - raft.server.log.appender.buffer.byte-limit = 33554432 (custom)
2022-05-11 01:29:31,118 [Listener at localhost/43241] INFO  server.GrpcService (ConfUtils.java:logGet(44)) - raft.grpc.flow.control.window = 1MB (=1048576) (default)
2022-05-11 01:29:31,119 [Listener at localhost/43241] INFO  server.RaftServerConfigKeys (ConfUtils.java:logGet(44)) - raft.server.rpc.request.timeout = 3000ms (default)
2022-05-11 01:29:31,120 [Listener at localhost/43241] INFO  impl.DataStreamServerImpl (ConfUtils.java:logGet(44)) - raft.datastream.type = DISABLED (default)
2022-05-11 01:29:31,120 [Listener at localhost/43241] INFO  server.RaftServerConfigKeys (ConfUtils.java:logGet(44)) - raft.server.rpc.slowness.timeout = 2s (custom)
2022-05-11 01:29:31,121 [Listener at localhost/43241] INFO  server.RaftServerConfigKeys (ConfUtils.java:logGet(44)) - raft.server.leaderelection.leader.step-down.wait-time = 10s (default)
2022-05-11 01:29:31,121 [Listener at localhost/43241] INFO  server.RaftServerConfigKeys (ConfUtils.java:logGet(44)) - raft.server.storage.dir = [/home/runner/work/ozone/ozone/hadoop-ozone/integration-test/target/test-dir/MiniOzoneClusterImpl-ae28b10a-1883-433e-acb0-7438b5479a4c/omNode-1/ratis] (custom)
2022-05-11 01:29:31,121 [Listener at localhost/43241] INFO  server.RaftServer (RaftServerProxy.java:lambda$null$1(235)) - omNode-1: found a subdirectory /home/runner/work/ozone/ozone/hadoop-ozone/integration-test/target/test-dir/MiniOzoneClusterImpl-ae28b10a-1883-433e-acb0-7438b5479a4c/omNode-1/ratis/c9bc4cf4-3bc3-3c60-a66b-523986131536
2022-05-11 01:29:31,122 [Listener at localhost/43241] INFO  server.RaftServer (RaftServerProxy.java:addNew(95)) - omNode-1: addNew group-523986131536:[omNode-3|rpc:localhost:40799|priority:0, omNode-1|rpc:localhost:37959|priority:0, omNode-2|rpc:localhost:36649|priority:0] returns group-523986131536:java.util.concurrent.CompletableFuture@7c0350b0[Not completed]
2022-05-11 01:29:31,122 [Listener at localhost/43241] INFO  om.OzoneManager (OzoneManager.java:initializeRatisServer(1891)) - OzoneManager Ratis server initialized at port 37959
2022-05-11 01:29:31,122 [Listener at localhost/43241] INFO  ratis.OzoneManagerRatisServer (OzoneManagerRatisServer.java:start(554)) - Starting OzoneManagerRatisServer omNode-1 at port 37959
2022-05-11 01:29:31,122 [pool-222-thread-1] INFO  server.RaftServer$Division (RaftServerImpl.java:<init>(184)) - omNode-1: new RaftServerImpl for group-523986131536:[omNode-3|rpc:localhost:40799|priority:0, omNode-1|rpc:localhost:37959|priority:0, omNode-2|rpc:localhost:36649|priority:0] with OzoneManagerStateMachine:uninitialized
2022-05-11 01:29:31,123 [pool-222-thread-1] INFO  server.RaftServerConfigKeys (ConfUtils.java:logGet(44)) - raft.server.rpc.timeout.min = 1s (custom)
2022-05-11 01:29:31,123 [pool-222-thread-1] INFO  server.RaftServerConfigKeys (ConfUtils.java:logGet(44)) - raft.server.rpc.timeout.max = 1200ms (custom)
2022-05-11 01:29:31,124 [pool-222-thread-1] INFO  server.RaftServerConfigKeys (ConfUtils.java:logGet(44)) - raft.server.rpc.sleep.time = 25ms (default)
2022-05-11 01:29:31,124 [pool-222-thread-1] INFO  server.RaftServerConfigKeys (ConfUtils.java:logGet(44)) - raft.server.rpc.slowness.timeout = 2s (custom)
2022-05-11 01:29:31,124 [pool-222-thread-1] INFO  server.RaftServerConfigKeys (ConfUtils.java:logGet(44)) - raft.server.leaderelection.leader.step-down.wait-time = 10s (default)
2022-05-11 01:29:31,124 [pool-222-thread-1] INFO  server.RaftServerConfigKeys (ConfUtils.java:logGet(44)) - raft.server.sleep.deviation.threshold = 300ms (default)
2022-05-11 01:29:31,124 [pool-222-thread-1] INFO  server.RaftServerConfigKeys (ConfUtils.java:logGet(44)) - raft.server.log.appender.install.snapshot.enabled = false (custom)
2022-05-11 01:29:31,124 [pool-222-thread-1] INFO  server.RaftServer$Division (ServerState.java:<init>(105)) - omNode-1@group-523986131536: ConfigurationManager, init=-1: [omNode-3|rpc:localhost:40799|priority:0, omNode-1|rpc:localhost:37959|priority:0, omNode-2|rpc:localhost:36649|priority:0], old=null, confs=<EMPTY_MAP>
2022-05-11 01:29:31,124 [pool-222-thread-1] INFO  server.RaftServerConfigKeys (ConfUtils.java:logGet(44)) - raft.server.storage.dir = [/home/runner/work/ozone/ozone/hadoop-ozone/integration-test/target/test-dir/MiniOzoneClusterImpl-ae28b10a-1883-433e-acb0-7438b5479a4c/omNode-1/ratis] (custom)
2022-05-11 01:29:31,124 [pool-222-thread-1] INFO  server.RaftServerConfigKeys (ConfUtils.java:logGet(44)) - raft.server.log.corruption.policy = EXCEPTION (default)
2022-05-11 01:29:31,124 [pool-222-thread-1] INFO  server.RaftServerConfigKeys (ConfUtils.java:logGet(44)) - raft.server.storage.free-space.min = 0MB (=0) (default)
2022-05-11 01:29:31,125 [pool-222-thread-1] INFO  storage.RaftStorageDirectory (RaftStorageDirectoryImpl.java:tryLock(230)) - Lock on /home/runner/work/ozone/ozone/hadoop-ozone/integration-test/target/test-dir/MiniOzoneClusterImpl-ae28b10a-1883-433e-acb0-7438b5479a4c/omNode-1/ratis/c9bc4cf4-3bc3-3c60-a66b-523986131536/in_use.lock acquired by nodename 4883@fv-az291-847
2022-05-11 01:29:31,126 [pool-222-thread-1] INFO  storage.RaftStorage (RaftStorageImpl.java:analyzeAndRecoverStorage(110)) - Read RaftStorageMetadata{term=1, votedFor=omNode-1} from /home/runner/work/ozone/ozone/hadoop-ozone/integration-test/target/test-dir/MiniOzoneClusterImpl-ae28b10a-1883-433e-acb0-7438b5479a4c/omNode-1/ratis/c9bc4cf4-3bc3-3c60-a66b-523986131536/current/raft-meta
2022-05-11 01:29:31,126 [pool-222-thread-1] INFO  server.RaftServer$Division (ServerState.java:setRaftConf(387)) - omNode-1@group-523986131536: set configuration 0: [omNode-3|rpc:localhost:40799|admin:|client:|dataStream:|priority:0, omNode-1|rpc:localhost:37959|admin:|client:|dataStream:|priority:0, omNode-2|rpc:localhost:36649|admin:|client:|dataStream:|priority:0], old=null
2022-05-11 01:29:31,126 [pool-222-thread-1] INFO  server.RaftServerConfigKeys (ConfUtils.java:logGet(44)) - raft.server.notification.no-leader.timeout = 2s (custom)
2022-05-11 01:29:31,127 [pool-222-thread-1] INFO  server.RaftServerConfigKeys (ConfUtils.java:logGet(44)) - raft.server.log.use.memory = false (default)
2022-05-11 01:29:31,127 [pool-222-thread-1] INFO  server.RaftServerConfigKeys (ConfUtils.java:logGet(44)) - raft.server.log.purge.gap = 50 (custom)
2022-05-11 01:29:31,127 [pool-222-thread-1] INFO  server.RaftServerConfigKeys (ConfUtils.java:logGet(44)) - raft.server.log.appender.buffer.byte-limit = 33554432 (custom)
2022-05-11 01:29:31,127 [pool-222-thread-1] INFO  server.RaftServerConfigKeys (ConfUtils.java:logGet(44)) - raft.server.log.segment.size.max = 4194304 (custom)
2022-05-11 01:29:31,128 [pool-222-thread-1] INFO  server.RaftServerConfigKeys (ConfUtils.java:logGet(44)) - raft.server.log.segment.cache.num.max = 2 (custom)
2022-05-11 01:29:31,128 [pool-222-thread-1] INFO  server.RaftServerConfigKeys (ConfUtils.java:logGet(44)) - raft.server.log.segment.cache.size.max = 200MB (=209715200) (default)
2022-05-11 01:29:31,128 [pool-222-thread-1] INFO  segmented.SegmentedRaftLogWorker (SegmentedRaftLogWorker.java:<init>(182)) - new omNode-1@group-523986131536-SegmentedRaftLogWorker for RaftStorageImpl:Storage Directory /home/runner/work/ozone/ozone/hadoop-ozone/integration-test/target/test-dir/MiniOzoneClusterImpl-ae28b10a-1883-433e-acb0-7438b5479a4c/omNode-1/ratis/c9bc4cf4-3bc3-3c60-a66b-523986131536
2022-05-11 01:29:31,128 [pool-222-thread-1] INFO  server.RaftServerConfigKeys (ConfUtils.java:logGet(44)) - raft.server.log.queue.byte-limit = 64MB (=67108864) (default)
2022-05-11 01:29:31,128 [pool-222-thread-1] INFO  server.RaftServerConfigKeys (ConfUtils.java:logGet(44)) - raft.server.log.queue.element-limit = 4096 (default)
2022-05-11 01:29:31,128 [pool-222-thread-1] INFO  server.RaftServerConfigKeys (ConfUtils.java:logGet(44)) - raft.server.log.segment.size.max = 4194304 (custom)
2022-05-11 01:29:31,128 [pool-222-thread-1] INFO  server.RaftServerConfigKeys (ConfUtils.java:logGet(44)) - raft.server.log.preallocated.size = 4194304 (custom)
2022-05-11 01:29:31,128 [pool-222-thread-1] INFO  server.RaftServerConfigKeys (ConfUtils.java:logGet(44)) - raft.server.log.force.sync.num = 128 (default)
2022-05-11 01:29:31,128 [pool-222-thread-1] INFO  server.RaftServerConfigKeys (ConfUtils.java:logGet(44)) - raft.server.log.statemachine.data.sync = true (default)
2022-05-11 01:29:31,128 [pool-222-thread-1] INFO  server.RaftServerConfigKeys (ConfUtils.java:logGet(44)) - raft.server.log.statemachine.data.sync.timeout = 10s (default)
2022-05-11 01:29:31,128 [pool-222-thread-1] INFO  server.RaftServerConfigKeys (ConfUtils.java:logGet(44)) - raft.server.log.statemachine.data.sync.timeout.retry = -1 (default)
2022-05-11 01:29:31,129 [pool-222-thread-1] INFO  server.RaftServerConfigKeys (ConfUtils.java:logGet(44)) - raft.server.log.write.buffer.size = 64KB (=65536) (default)
2022-05-11 01:29:31,129 [pool-222-thread-1] INFO  server.RaftServerConfigKeys (ConfUtils.java:logGet(44)) - raft.server.log.statemachine.data.caching.enabled = false (default)
2022-05-11 01:29:31,130 [pool-222-thread-1] INFO  server.RaftServer$Division (ServerState.java:setRaftConf(387)) - omNode-1@group-523986131536: set configuration 0: [omNode-3|rpc:localhost:40799|admin:|client:|dataStream:|priority:0, omNode-1|rpc:localhost:37959|admin:|client:|dataStream:|priority:0, omNode-2|rpc:localhost:36649|admin:|client:|dataStream:|priority:0], old=null
2022-05-11 01:29:31,131 [pool-222-thread-1] INFO  segmented.LogSegment (LogSegment.java:loadSegment(173)) - Successfully read 21 entries from segment file /home/runner/work/ozone/ozone/hadoop-ozone/integration-test/target/test-dir/MiniOzoneClusterImpl-ae28b10a-1883-433e-acb0-7438b5479a4c/omNode-1/ratis/c9bc4cf4-3bc3-3c60-a66b-523986131536/current/log_inprogress_0
2022-05-11 01:29:31,132 [pool-222-thread-1] INFO  segmented.SegmentedRaftLogWorker (SegmentedRaftLogWorker.java:lambda$new$0(133)) - omNode-1@group-523986131536-SegmentedRaftLogWorker: flushIndex: setUnconditionally 0 -> 20
2022-05-11 01:29:31,132 [pool-222-thread-1] INFO  segmented.SegmentedRaftLogWorker (SegmentedRaftLogWorker.java:lambda$new$0(133)) - omNode-1@group-523986131536-SegmentedRaftLogWorker: safeCacheEvictIndex: setUnconditionally 0 -> -1
2022-05-11 01:29:31,132 [pool-222-thread-1] INFO  raftlog.RaftLog (RaftLogBase.java:lambda$new$0(53)) - omNode-1@group-523986131536-SegmentedRaftLog: commitIndex: updateToMax old=20, new=19, updated? false
2022-05-11 01:29:31,135 [pool-222-thread-1] INFO  server.RaftServerConfigKeys (ConfUtils.java:logGet(44)) - raft.server.snapshot.auto.trigger.enabled = true (custom)
2022-05-11 01:29:31,135 [pool-222-thread-1] INFO  server.RaftServerConfigKeys (ConfUtils.java:logGet(44)) - raft.server.snapshot.auto.trigger.threshold = 50 (custom)
2022-05-11 01:29:31,135 [pool-222-thread-1] INFO  server.RaftServerConfigKeys (ConfUtils.java:logGet(44)) - raft.server.snapshot.retention.file.num = -1 (default)
2022-05-11 01:29:31,135 [pool-222-thread-1] INFO  server.RaftServerConfigKeys (ConfUtils.java:logGet(44)) - raft.server.log.purge.upto.snapshot.index = true (custom)
2022-05-11 01:29:31,135 [pool-222-thread-1] INFO  server.RaftServerConfigKeys (ConfUtils.java:logGet(44)) - raft.server.retrycache.expirytime = 30000ms (custom)
2022-05-11 01:29:31,136 [pool-222-thread-1] INFO  server.RaftServerConfigKeys (ConfUtils.java:logGet(44)) - raft.server.retrycache.statistics.expirytime = 100μs (default)
2022-05-11 01:29:31,137 [Listener at localhost/43241] INFO  server.RaftServer$Division (RaftServerImpl.java:start(301)) - omNode-1@group-523986131536: start as a follower, conf=0: [omNode-3|rpc:localhost:40799|admin:|client:|dataStream:|priority:0, omNode-1|rpc:localhost:37959|admin:|client:|dataStream:|priority:0, omNode-2|rpc:localhost:36649|admin:|client:|dataStream:|priority:0], old=null
2022-05-11 01:29:31,137 [Listener at localhost/43241] INFO  server.RaftServer$Division (RaftServerImpl.java:setRole(290)) - omNode-1@group-523986131536: changes role from      null to FOLLOWER at term 1 for startAsFollower
2022-05-11 01:29:31,137 [Listener at localhost/43241] INFO  impl.RoleInfo (RoleInfo.java:updateAndGet(130)) - omNode-1: start omNode-1@group-523986131536-FollowerState
2022-05-11 01:29:31,139 [Listener at localhost/43241] INFO  util.JmxRegister (JmxRegister.java:tryRegister(44)) - Successfully registered JMX Bean with object name Ratis:service=RaftServer,group=group-523986131536,id=omNode-1
2022-05-11 01:29:31,140 [Listener at localhost/43241] INFO  server.RaftServer (RaftServerProxy.java:lambda$start$5(374)) - omNode-1: start RPC server
2022-05-11 01:29:31,140 [Listener at localhost/43241] INFO  server.GrpcService (GrpcService.java:startImpl(253)) - omNode-1: GrpcService started, listening on 37959
2022-05-11 01:29:31,143 [Listener at localhost/43241] INFO  om.OzoneManager (OzoneManager.java:getRpcServer(1027)) - Creating RPC Server
2022-05-11 01:29:31,144 [org.apache.ratis.util.JvmPauseMonitor$$Lambda$637/1274334510@248dfd53] INFO  util.JvmPauseMonitor (JvmPauseMonitor.java:run(103)) - JvmPauseMonitor-omNode-1: Started
2022-05-11 01:29:31,227 [grpc-default-executor-0] WARN  server.GrpcLogAppender (LogUtils.java:warn(122)) - omNode-2@group-523986131536->omNode-1-AppendLogResponseHandler: Failed appendEntries: org.apache.ratis.thirdparty.io.grpc.StatusRuntimeException: UNAVAILABLE: io exception
2022-05-11 01:29:31,228 [grpc-default-executor-0] WARN  server.GrpcLogAppender (GrpcLogAppender.java:resetClient(110)) - omNode-2@group-523986131536->omNode-1-GrpcLogAppender: Leader has not got in touch with Follower omNode-2@group-523986131536->omNode-1(c-1,m0,n31, attendVote=true, lastRpcSendTime=503, lastRpcResponseTime=8986) yet, just keep nextIndex unchanged and retry.
2022-05-11 01:29:31,331 [grpc-default-executor-2] INFO  server.RaftServer$Division (ServerState.java:setLeader(285)) - omNode-3@group-523986131536: change Leader from null to omNode-2 at term 2 for appendEntries, leader elected after 819ms
2022-05-11 01:29:31,744 [org.apache.ratis.util.JvmPauseMonitor$$Lambda$637/1274334510@6cb71851] WARN  util.JvmPauseMonitor (JvmPauseMonitor.java:detectPause(124)) - JvmPauseMonitor-omNode-3: Detected pause in JVM or host machine (eg GC): pause of approximately 188411279ns.
GC pool 'PS MarkSweep' had collection(s): count=1 time=238ms
GC pool 'PS Scavenge' had collection(s): count=1 time=62ms
2022-05-11 01:29:31,745 [org.apache.ratis.util.JvmPauseMonitor$$Lambda$637/1274334510@37c56874] WARN  util.JvmPauseMonitor (JvmPauseMonitor.java:detectPause(124)) - JvmPauseMonitor-eee5cc7d-4700-49e9-a538-fde0b838210a: Detected pause in JVM or host machine (eg GC): pause of approximately 145617091ns.
GC pool 'PS MarkSweep' had collection(s): count=1 time=238ms
GC pool 'PS Scavenge' had collection(s): count=1 time=62ms
2022-05-11 01:29:31,757 [grpc-default-executor-0] INFO  server.RaftServer$Division (ServerState.java:setLeader(285)) - omNode-1@group-523986131536: change Leader from null to omNode-2 at term 2 for appendEntries, leader elected after 630ms
2022-05-11 01:29:31,757 [grpc-default-executor-0] INFO  server.RaftServer$Division (RaftServerImpl.java:checkInconsistentAppendEntries(1322)) - omNode-1@group-523986131536: Failed appendEntries as previous log entry ((t:2, i:30)) is not found
2022-05-11 01:29:31,758 [grpc-default-executor-0] INFO  server.RaftServer$Division (RaftServerImpl.java:checkInconsistentAppendEntries(1288)) - omNode-1@group-523986131536: inconsistency entries. Reply:omNode-2<-omNode-1#1852134:FAIL-t1,INCONSISTENCY,nextIndex=21,followerCommit=20
2022-05-11 01:29:31,759 [grpc-default-executor-0] INFO  leader.FollowerInfo (FollowerInfoImpl.java:lambda$new$0(47)) - omNode-2@group-523986131536->omNode-1: nextIndex: updateUnconditionally 31 -> 21
2022-05-11 01:29:31,770 [grpc-default-executor-0] INFO  server.RaftServer$Division (ServerState.java:setRaftConf(387)) - omNode-1@group-523986131536: set configuration 21: [omNode-3|rpc:localhost:40799|admin:|client:|dataStream:|priority:0, omNode-1|rpc:localhost:37959|admin:|client:|dataStream:|priority:0, omNode-2|rpc:localhost:36649|admin:|client:|dataStream:|priority:0], old=null
2022-05-11 01:29:31,771 [grpc-default-executor-0] INFO  segmented.SegmentedRaftLogWorker (SegmentedRaftLogWorker.java:rollLogSegment(399)) - omNode-1@group-523986131536-SegmentedRaftLogWorker: Rolling segment log-0_20 to index:20
2022-05-11 01:29:31,779 [omNode-1@group-523986131536-SegmentedRaftLogWorker] INFO  segmented.SegmentedRaftLogWorker (SegmentedRaftLogWorker.java:execute(558)) - omNode-1@group-523986131536-SegmentedRaftLogWorker: Rolled log segment from /home/runner/work/ozone/ozone/hadoop-ozone/integration-test/target/test-dir/MiniOzoneClusterImpl-ae28b10a-1883-433e-acb0-7438b5479a4c/omNode-1/ratis/c9bc4cf4-3bc3-3c60-a66b-523986131536/current/log_inprogress_0 to /home/runner/work/ozone/ozone/hadoop-ozone/integration-test/target/test-dir/MiniOzoneClusterImpl-ae28b10a-1883-433e-acb0-7438b5479a4c/omNode-1/ratis/c9bc4cf4-3bc3-3c60-a66b-523986131536/current/log_0-20
2022-05-11 01:29:31,793 [omNode-1@group-523986131536-SegmentedRaftLogWorker] INFO  segmented.SegmentedRaftLogWorker (SegmentedRaftLogWorker.java:execute(601)) - omNode-1@group-523986131536-SegmentedRaftLogWorker: created new log segment /home/runner/work/ozone/ozone/hadoop-ozone/integration-test/target/test-dir/MiniOzoneClusterImpl-ae28b10a-1883-433e-acb0-7438b5479a4c/omNode-1/ratis/c9bc4cf4-3bc3-3c60-a66b-523986131536/current/log_inprogress_21
2022-05-11 01:29:31,799 [omNode-1@group-523986131536-StateMachineUpdater] INFO  ratis.OzoneManagerStateMachine (OzoneManagerStateMachine.java:notifyConfigurationChanged(191)) - Received Configuration change notification from Ratis. New Peer list:
[id: "omNode-3"
address: "localhost:40799"
, id: "omNode-1"
address: "localhost:37959"
, id: "omNode-2"
address: "localhost:36649"
]
2022-05-11 01:29:31,909 [Listener at localhost/43241] INFO  reflections.Reflections (Reflections.java:scan(232)) - Reflections took 765 ms to scan 19 urls, producing 61 keys and 3656 values [using 2 cores]
2022-05-11 01:29:31,911 [Listener at localhost/43241] INFO  ipc.CallQueueManager (CallQueueManager.java:<init>(90)) - Using callQueue: class java.util.concurrent.LinkedBlockingQueue, queueCapacity: 2000, scheduler: class org.apache.hadoop.ipc.DefaultRpcScheduler, ipcBackoff: false.
2022-05-11 01:29:31,913 [Socket Reader #1 for port 40623] INFO  ipc.Server (Server.java:run(1265)) - Starting Socket Reader #1 for port 40623
2022-05-11 01:29:31,916 [Listener at localhost/40623] INFO  http.BaseHttpServer (BaseHttpServer.java:newHttpServer2BuilderForOzone(209)) - Starting Web-server for ozoneManager at: http://0.0.0.0:34597
2022-05-11 01:29:31,917 [Listener at localhost/40623] INFO  http.BaseHttpServer (BaseHttpServer.java:<init>(107)) - Hadoop Security Enabled: false Ozone Security Enabled: false Ozone HTTP Security Enabled: false 
2022-05-11 01:29:31,918 [Listener at localhost/40623] INFO  server.AuthenticationFilter (AuthenticationFilter.java:constructSecretProvider(240)) - Unable to initialize FileSignerSecretProvider, falling back to use random secrets.
2022-05-11 01:29:31,919 [Listener at localhost/40623] WARN  http.HttpRequestLog (HttpRequestLog.java:getRequestLog(103)) - Jetty request log can only be enabled using Log4j
2022-05-11 01:29:31,920 [Listener at localhost/40623] INFO  http.HttpServer2 (HttpServer2.java:addGlobalFilter(1030)) - Added global filter 'safety' (class=org.apache.hadoop.hdds.server.http.HttpServer2$QuotingInputFilter)
2022-05-11 01:29:31,921 [Listener at localhost/40623] INFO  http.HttpServer2 (HttpServer2.java:addFilter(1006)) - Added filter static_user_filter (class=org.apache.hadoop.http.lib.StaticUserWebFilter$StaticUserFilter) to context ozoneManager
2022-05-11 01:29:31,921 [Listener at localhost/40623] INFO  http.HttpServer2 (HttpServer2.java:addFilter(1014)) - Added filter static_user_filter (class=org.apache.hadoop.http.lib.StaticUserWebFilter$StaticUserFilter) to context logs
2022-05-11 01:29:31,922 [Listener at localhost/40623] INFO  http.HttpServer2 (HttpServer2.java:addFilter(1014)) - Added filter static_user_filter (class=org.apache.hadoop.http.lib.StaticUserWebFilter$StaticUserFilter) to context static
2022-05-11 01:29:31,922 [Listener at localhost/40623] INFO  http.HttpServer2 (HttpServer2.java:bindListener(1249)) - Jetty bound to port 34597
2022-05-11 01:29:31,923 [Listener at localhost/40623] INFO  server.Server (Server.java:doStart(375)) - jetty-9.4.43.v20210629; built: 2021-06-30T11:07:22.254Z; git: 526006ecfa3af7f1a27ef3a288e2bef7ea9dd7e8; jvm 1.8.0_322-b06
2022-05-11 01:29:31,924 [Listener at localhost/40623] INFO  server.session (DefaultSessionIdManager.java:doStart(334)) - DefaultSessionIdManager workerName=node0
2022-05-11 01:29:31,924 [Listener at localhost/40623] INFO  server.session (DefaultSessionIdManager.java:doStart(339)) - No SessionScavenger set, using defaults
2022-05-11 01:29:31,924 [Listener at localhost/40623] INFO  server.session (HouseKeeper.java:startScavenging(132)) - node0 Scavenging every 660000ms
2022-05-11 01:29:31,926 [Listener at localhost/40623] INFO  handler.ContextHandler (ContextHandler.java:doStart(915)) - Started o.e.j.s.ServletContextHandler@438c6025{logs,/logs,file:///home/runner/work/ozone/ozone/hadoop-ozone/integration-test/target/log,AVAILABLE}
2022-05-11 01:29:31,927 [Listener at localhost/40623] INFO  handler.ContextHandler (ContextHandler.java:doStart(915)) - Started o.e.j.s.ServletContextHandler@f662559{static,/static,file:///home/runner/work/ozone/ozone/hadoop-ozone/integration-test/target/test-classes/webapps/static,AVAILABLE}
2022-05-11 01:29:31,931 [Listener at localhost/40623] INFO  handler.ContextHandler (ContextHandler.java:doStart(915)) - Started o.e.j.w.WebAppContext@7f390098{ozoneManager,/,file:///home/runner/work/ozone/ozone/hadoop-ozone/integration-test/target/test-classes/webapps/ozoneManager/,AVAILABLE}{file:/home/runner/work/ozone/ozone/hadoop-ozone/integration-test/target/test-classes/webapps/ozoneManager}
2022-05-11 01:29:31,933 [Listener at localhost/40623] INFO  server.AbstractConnector (AbstractConnector.java:doStart(331)) - Started ServerConnector@4135d15d{HTTP/1.1, (http/1.1)}{0.0.0.0:34597}
2022-05-11 01:29:31,933 [Listener at localhost/40623] INFO  server.Server (Server.java:doStart(415)) - Started @37097ms
2022-05-11 01:29:31,933 [Listener at localhost/40623] WARN  impl.MetricsSystemImpl (MetricsSystemImpl.java:register(279)) - Sink prometheus already exists!
2022-05-11 01:29:31,934 [Listener at localhost/40623] INFO  http.BaseHttpServer (BaseHttpServer.java:updateConnectorAddress(329)) - HTTP server of ozoneManager listening at http://0.0.0.0:34597
2022-05-11 01:29:31,934 [IPC Server Responder] INFO  ipc.Server (Server.java:run(1507)) - IPC Server Responder: starting
2022-05-11 01:29:31,939 [IPC Server listener on 40623] INFO  ipc.Server (Server.java:run(1344)) - IPC Server listener on 40623: starting
2022-05-11 01:29:31,949 [Listener at localhost/40623] INFO  om.OzoneManager (OzoneManager.java:startTrashEmptier(1835)) - Trash Interval set to 0. Files deleted won't move to trash
2022-05-11 01:29:31,949 [Listener at localhost/40623] INFO  om.OzoneManager (OzoneManager.java:stop(1950)) - omNode-2[localhost:38653]: Stopping Ozone Manager
2022-05-11 01:29:31,949 [org.apache.hadoop.util.JvmPauseMonitor$Monitor@30941642] INFO  util.JvmPauseMonitor (JvmPauseMonitor.java:run(188)) - Starting JVM pause monitor
2022-05-11 01:29:31,950 [Listener at localhost/40623] INFO  ipc.Server (Server.java:stop(3414)) - Stopping server on 38653
2022-05-11 01:29:31,953 [IPC Server Responder] INFO  ipc.Server (Server.java:run(1512)) - Stopping IPC Server Responder
2022-05-11 01:29:31,953 [IPC Server listener on 38653] INFO  ipc.Server (Server.java:run(1376)) - Stopping IPC Server listener on 38653
2022-05-11 01:29:31,954 [Listener at localhost/40623] INFO  server.RaftServer (RaftServerProxy.java:lambda$close$6(391)) - omNode-2: close
2022-05-11 01:29:31,954 [Listener at localhost/40623] INFO  server.RaftServer$Division (RaftServerImpl.java:lambda$close$4(412)) - omNode-2@group-523986131536: shutdown
2022-05-11 01:29:31,954 [Listener at localhost/40623] INFO  util.JmxRegister (JmxRegister.java:unregister(73)) - Successfully un-registered JMX Bean with object name Ratis:service=RaftServer,group=group-523986131536,id=omNode-2
2022-05-11 01:29:31,955 [Listener at localhost/40623] INFO  impl.RoleInfo (RoleInfo.java:shutdownLeaderState(91)) - omNode-2: shutdown omNode-2@group-523986131536-LeaderStateImpl
2022-05-11 01:29:31,955 [omNode-2@group-523986131536->omNode-3-GrpcLogAppender-LogAppenderDaemon] WARN  server.GrpcLogAppender (GrpcLogAppender.java:mayWait(177)) - omNode-2@group-523986131536->omNode-3-GrpcLogAppender: Wait interrupted by java.lang.InterruptedException
2022-05-11 01:29:31,956 [omNode-2@group-523986131536->omNode-1-GrpcLogAppender-LogAppenderDaemon] WARN  server.GrpcLogAppender (GrpcLogAppender.java:mayWait(177)) - omNode-2@group-523986131536->omNode-1-GrpcLogAppender: Wait interrupted by java.lang.InterruptedException
2022-05-11 01:29:31,956 [Listener at localhost/40623] INFO  impl.PendingRequests (PendingRequests.java:sendNotLeaderResponses(282)) - omNode-2@group-523986131536-PendingRequests: sendNotLeaderResponses
2022-05-11 01:29:31,956 [grpc-default-executor-2] INFO  server.GrpcServerProtocolService (GrpcServerProtocolService.java:onCompleted(140)) - omNode-1: Completed APPEND_ENTRIES, lastRequest: omNode-2->omNode-1#1852136-t2,previous=(t:1, i:20),leaderCommit=30,initializing? true,entries: size=10, first=(t:2, i:21), CONFIGURATIONENTRY
2022-05-11 01:29:31,956 [grpc-default-executor-0] INFO  server.GrpcServerProtocolService (GrpcServerProtocolService.java:onCompleted(140)) - omNode-3: Completed APPEND_ENTRIES, lastRequest: omNode-2->omNode-3#101-t2,previous=(t:2, i:29),leaderCommit=30,initializing? true,entries: size=1, first=(t:2, i:30), METADATAENTRY(c:29)
2022-05-11 01:29:31,958 [grpc-default-executor-2] INFO  server.GrpcLogAppender (GrpcLogAppender.java:onCompleted(346)) - omNode-2@group-523986131536->omNode-1-AppendLogResponseHandler: follower responses appendEntries COMPLETED
2022-05-11 01:29:31,958 [grpc-default-executor-2] INFO  leader.FollowerInfo (FollowerInfoImpl.java:lambda$new$0(47)) - omNode-2@group-523986131536->omNode-1: nextIndex: updateUnconditionally 31 -> 30
2022-05-11 01:29:31,958 [grpc-default-executor-1] INFO  server.GrpcLogAppender (GrpcLogAppender.java:onCompleted(346)) - omNode-2@group-523986131536->omNode-3-AppendLogResponseHandler: follower responses appendEntries COMPLETED
2022-05-11 01:29:31,958 [grpc-default-executor-1] INFO  leader.FollowerInfo (FollowerInfoImpl.java:lambda$new$0(47)) - omNode-2@group-523986131536->omNode-3: nextIndex: updateUnconditionally 31 -> 30
2022-05-11 01:29:31,960 [Listener at localhost/40623] INFO  impl.StateMachineUpdater (StateMachineUpdater.java:stopAndJoin(149)) - omNode-2@group-523986131536-StateMachineUpdater: set stopIndex = 30
2022-05-11 01:29:31,961 [omNode-2@group-523986131536-StateMachineUpdater] INFO  ratis.OzoneManagerStateMachine (OzoneManagerStateMachine.java:takeSnapshot(436)) - Current Snapshot Index (t:2, i:30)
2022-05-11 01:29:31,962 [omNode-2@group-523986131536-StateMachineUpdater] INFO  impl.StateMachineUpdater (StateMachineUpdater.java:takeSnapshot(281)) - omNode-2@group-523986131536-StateMachineUpdater: Took a snapshot at index 30
2022-05-11 01:29:31,963 [omNode-2@group-523986131536-StateMachineUpdater] INFO  impl.StateMachineUpdater (StateMachineUpdater.java:lambda$new$0(89)) - omNode-2@group-523986131536-StateMachineUpdater: snapshotIndex: updateIncreasingly -1 -> 30
2022-05-11 01:29:31,963 [omNode-2@group-523986131536-StateMachineUpdater] INFO  ratis.OzoneManagerStateMachine (OzoneManagerStateMachine.java:close(490)) - StateMachine has shutdown. Shutdown OzoneManager if not already shutdown.
2022-05-11 01:29:31,963 [omNode-2@group-523986131536-StateMachineUpdater] INFO  ratis.OzoneManagerDoubleBuffer (OzoneManagerDoubleBuffer.java:stop(465)) - Stopping OMDoubleBuffer flush thread
2022-05-11 01:29:31,963 [OMDoubleBufferFlushThread] INFO  ratis.OzoneManagerDoubleBuffer (OzoneManagerDoubleBuffer.java:flushTransactions(385)) - OMDoubleBuffer flush thread OMDoubleBufferFlushThread is interrupted and will exit.
2022-05-11 01:29:31,965 [Listener at localhost/40623] INFO  server.RaftServer$Division (ServerState.java:close(419)) - omNode-2@group-523986131536: closes. applyIndex: 30
2022-05-11 01:29:31,966 [omNode-2@group-523986131536-SegmentedRaftLogWorker] INFO  segmented.SegmentedRaftLogWorker (SegmentedRaftLogWorker.java:run(327)) - omNode-2@group-523986131536-SegmentedRaftLogWorker was interrupted, exiting. There are 0 tasks remaining in the queue.
2022-05-11 01:29:31,975 [Listener at localhost/40623] INFO  segmented.SegmentedRaftLogWorker (SegmentedRaftLogWorker.java:close(237)) - omNode-2@group-523986131536-SegmentedRaftLogWorker close()
2022-05-11 01:29:31,978 [Listener at localhost/40623] INFO  server.GrpcService (GrpcService.java:closeImpl(262)) - omNode-2: shutdown server with port 36649 now
2022-05-11 01:29:31,982 [Listener at localhost/40623] INFO  server.GrpcService (GrpcService.java:closeImpl(271)) - omNode-2: shutdown server with port 36649 successfully
2022-05-11 01:29:31,982 [org.apache.ratis.util.JvmPauseMonitor$$Lambda$637/1274334510@5dbbfa05] INFO  util.JvmPauseMonitor (JvmPauseMonitor.java:run(109)) - JvmPauseMonitor-omNode-2: Stopped
2022-05-11 01:29:31,982 [Listener at localhost/40623] INFO  ratis.OzoneManagerStateMachine (OzoneManagerStateMachine.java:close(490)) - StateMachine has shutdown. Shutdown OzoneManager if not already shutdown.
2022-05-11 01:29:31,982 [Listener at localhost/40623] INFO  ratis.OzoneManagerDoubleBuffer (OzoneManagerDoubleBuffer.java:stop(477)) - OMDoubleBuffer flush thread is not running.
2022-05-11 01:29:31,983 [Listener at localhost/40623] INFO  utils.BackgroundService (BackgroundService.java:shutdown(132)) - Shutting down service KeyDeletingService
2022-05-11 01:29:31,983 [Listener at localhost/40623] INFO  utils.BackgroundService (BackgroundService.java:shutdown(132)) - Shutting down service DirectoryDeletingService
2022-05-11 01:29:31,989 [Listener at localhost/40623] INFO  handler.ContextHandler (ContextHandler.java:doStop(1153)) - Stopped o.e.j.w.WebAppContext@6614e25{ozoneManager,/,null,STOPPED}{file:/home/runner/work/ozone/ozone/hadoop-ozone/integration-test/target/test-classes/webapps/ozoneManager}
2022-05-11 01:29:31,989 [Listener at localhost/40623] INFO  server.AbstractConnector (AbstractConnector.java:doStop(381)) - Stopped ServerConnector@13e4acf6{HTTP/1.1, (http/1.1)}{0.0.0.0:45153}
2022-05-11 01:29:31,990 [Listener at localhost/40623] INFO  server.session (HouseKeeper.java:stopScavenging(149)) - node0 Stopped scavenging
2022-05-11 01:29:31,990 [Listener at localhost/40623] INFO  handler.ContextHandler (ContextHandler.java:doStop(1153)) - Stopped o.e.j.s.ServletContextHandler@2ce01617{static,/static,file:///home/runner/work/ozone/ozone/hadoop-ozone/integration-test/target/test-classes/webapps/static,STOPPED}
2022-05-11 01:29:31,990 [Listener at localhost/40623] INFO  handler.ContextHandler (ContextHandler.java:doStop(1153)) - Stopped o.e.j.s.ServletContextHandler@5e86dc1c{logs,/logs,file:///home/runner/work/ozone/ozone/hadoop-ozone/integration-test/target/log,STOPPED}
2022-05-11 01:29:31,993 [Listener at localhost/40623] INFO  om.OzoneManager (OzoneManager.java:restart(1487)) - OzoneManager RPC server is listening at localhost/127.0.0.1:38653
2022-05-11 01:29:31,993 [Listener at localhost/40623] INFO  impl.MetricsSystemImpl (MetricsSystemImpl.java:init(158)) - OzoneManager metrics system started (again)
2022-05-11 01:29:32,014 [Listener at localhost/40623] WARN  server.ServerUtils (ServerUtils.java:getDBPath(225)) - ozone.om.db.dirs is not configured. We recommend adding this setting. Falling back to ozone.metadata.dirs instead.
2022-05-11 01:29:32,016 [Listener at localhost/40623] INFO  codec.OmKeyInfoCodec (OmKeyInfoCodec.java:<init>(49)) - OmKeyInfoCodec ignorePipeline = true
2022-05-11 01:29:32,016 [Listener at localhost/40623] INFO  codec.RepeatedOmKeyInfoCodec (RepeatedOmKeyInfoCodec.java:<init>(41)) - RepeatedOmKeyInfoCodec ignorePipeline = true
2022-05-11 01:29:32,093 [Listener at localhost/40623] WARN  impl.MetricRegistriesImpl (MetricRegistriesImpl.java:addReporterRegistration(111)) - New reporters are added after registries were created. Some metrics will be missing from the reporter. Please add reporter before adding any new registry.
2022-05-11 01:29:32,093 [Listener at localhost/40623] WARN  impl.MetricRegistriesImpl (MetricRegistriesImpl.java:addReporterRegistration(111)) - New reporters are added after registries were created. Some metrics will be missing from the reporter. Please add reporter before adding any new registry.
2022-05-11 01:29:32,093 [Listener at localhost/40623] WARN  server.ServerUtils (ServerUtils.java:getDefaultRatisDirectory(237)) - Storage directory for Ratis is not configured. It is a good idea to map this to an SSD disk. Falling back to ozone.metadata.dirs
2022-05-11 01:29:32,095 [Listener at localhost/40623] INFO  ratis.OzoneManagerRatisServer (OzoneManagerRatisServer.java:<init>(159)) - Instantiating OM Ratis server with groupID: om-service-test1 and peers: localhost:36649, localhost:40799, localhost:37959
2022-05-11 01:29:32,096 [Listener at localhost/40623] INFO  ratis.OzoneManagerStateMachine (OzoneManagerStateMachine.java:loadSnapshotInfoFromDB(627)) - LastAppliedIndex is set from TransactionInfo from OM DB as (t:2, i:30)
2022-05-11 01:29:32,097 [Listener at localhost/40623] INFO  server.RaftServer (ConfUtils.java:logGet(44)) - raft.rpc.type = GRPC (default)
2022-05-11 01:29:32,097 [Listener at localhost/40623] INFO  grpc.GrpcFactory (GrpcFactory.java:checkPooledByteBufAllocatorUseCacheForAllThreads(48)) - PERFORMANCE WARNING: useCacheForAllThreads is true that may cause Netty to create a lot garbage objects and, as a result, trigger GC.
	It is recommended to disable useCacheForAllThreads by setting -Dorg.apache.ratis.thirdparty.io.netty.allocator.useCacheForAllThreads=false in command line.
2022-05-11 01:29:32,097 [Listener at localhost/40623] INFO  grpc.GrpcConfigKeys (ConfUtils.java:logGet(44)) - raft.grpc.admin.port = -1 (default)
2022-05-11 01:29:32,098 [Listener at localhost/40623] INFO  grpc.GrpcConfigKeys (ConfUtils.java:logGet(44)) - raft.grpc.server.port = 36649 (custom)
2022-05-11 01:29:32,098 [Listener at localhost/40623] INFO  grpc.GrpcConfigKeys (ConfUtils.java:logGet(44)) - raft.grpc.client.port = -1 (default)
2022-05-11 01:29:32,098 [Listener at localhost/40623] INFO  grpc.GrpcConfigKeys (ConfUtils.java:logGet(44)) - raft.grpc.server.port = 36649 (custom)
2022-05-11 01:29:32,099 [Listener at localhost/40623] INFO  grpc.GrpcConfigKeys (ConfUtils.java:logGet(44)) - raft.grpc.server.port = 36649 (custom)
2022-05-11 01:29:32,099 [Listener at localhost/40623] INFO  server.GrpcService (ConfUtils.java:logGet(44)) - raft.grpc.message.size.max = 33554432 (custom)
2022-05-11 01:29:32,099 [Listener at localhost/40623] INFO  server.RaftServerConfigKeys (ConfUtils.java:logGet(44)) - raft.server.log.appender.buffer.byte-limit = 33554432 (custom)
2022-05-11 01:29:32,099 [Listener at localhost/40623] INFO  server.GrpcService (ConfUtils.java:logGet(44)) - raft.grpc.flow.control.window = 1MB (=1048576) (default)
2022-05-11 01:29:32,100 [Listener at localhost/40623] INFO  server.RaftServerConfigKeys (ConfUtils.java:logGet(44)) - raft.server.rpc.request.timeout = 3000ms (default)
2022-05-11 01:29:32,101 [Listener at localhost/40623] INFO  impl.DataStreamServerImpl (ConfUtils.java:logGet(44)) - raft.datastream.type = DISABLED (default)
2022-05-11 01:29:32,101 [Listener at localhost/40623] INFO  server.RaftServerConfigKeys (ConfUtils.java:logGet(44)) - raft.server.rpc.slowness.timeout = 2s (custom)
2022-05-11 01:29:32,102 [Listener at localhost/40623] INFO  server.RaftServerConfigKeys (ConfUtils.java:logGet(44)) - raft.server.leaderelection.leader.step-down.wait-time = 10s (default)
2022-05-11 01:29:32,102 [Listener at localhost/40623] INFO  server.RaftServerConfigKeys (ConfUtils.java:logGet(44)) - raft.server.storage.dir = [/home/runner/work/ozone/ozone/hadoop-ozone/integration-test/target/test-dir/MiniOzoneClusterImpl-ae28b10a-1883-433e-acb0-7438b5479a4c/omNode-2/ratis] (custom)
2022-05-11 01:29:32,102 [Listener at localhost/40623] INFO  server.RaftServer (RaftServerProxy.java:lambda$null$1(235)) - omNode-2: found a subdirectory /home/runner/work/ozone/ozone/hadoop-ozone/integration-test/target/test-dir/MiniOzoneClusterImpl-ae28b10a-1883-433e-acb0-7438b5479a4c/omNode-2/ratis/c9bc4cf4-3bc3-3c60-a66b-523986131536
2022-05-11 01:29:32,103 [Listener at localhost/40623] INFO  server.RaftServer (RaftServerProxy.java:addNew(95)) - omNode-2: addNew group-523986131536:[omNode-3|rpc:localhost:40799|priority:0, omNode-1|rpc:localhost:37959|priority:0, omNode-2|rpc:localhost:36649|priority:0] returns group-523986131536:java.util.concurrent.CompletableFuture@71c5f29c[Not completed]
2022-05-11 01:29:32,103 [Listener at localhost/40623] INFO  om.OzoneManager (OzoneManager.java:initializeRatisServer(1891)) - OzoneManager Ratis server initialized at port 36649
2022-05-11 01:29:32,103 [pool-243-thread-1] INFO  server.RaftServer$Division (RaftServerImpl.java:<init>(184)) - omNode-2: new RaftServerImpl for group-523986131536:[omNode-3|rpc:localhost:40799|priority:0, omNode-1|rpc:localhost:37959|priority:0, omNode-2|rpc:localhost:36649|priority:0] with OzoneManagerStateMachine:uninitialized
2022-05-11 01:29:32,103 [Listener at localhost/40623] INFO  ratis.OzoneManagerRatisServer (OzoneManagerRatisServer.java:start(554)) - Starting OzoneManagerRatisServer omNode-2 at port 36649
2022-05-11 01:29:32,104 [pool-243-thread-1] INFO  server.RaftServerConfigKeys (ConfUtils.java:logGet(44)) - raft.server.rpc.timeout.min = 1s (custom)
2022-05-11 01:29:32,105 [pool-243-thread-1] INFO  server.RaftServerConfigKeys (ConfUtils.java:logGet(44)) - raft.server.rpc.timeout.max = 1200ms (custom)
2022-05-11 01:29:32,105 [pool-243-thread-1] INFO  server.RaftServerConfigKeys (ConfUtils.java:logGet(44)) - raft.server.rpc.sleep.time = 25ms (default)
2022-05-11 01:29:32,105 [pool-243-thread-1] INFO  server.RaftServerConfigKeys (ConfUtils.java:logGet(44)) - raft.server.rpc.slowness.timeout = 2s (custom)
2022-05-11 01:29:32,105 [pool-243-thread-1] INFO  server.RaftServerConfigKeys (ConfUtils.java:logGet(44)) - raft.server.leaderelection.leader.step-down.wait-time = 10s (default)
2022-05-11 01:29:32,105 [pool-243-thread-1] INFO  server.RaftServerConfigKeys (ConfUtils.java:logGet(44)) - raft.server.sleep.deviation.threshold = 300ms (default)
2022-05-11 01:29:32,105 [pool-243-thread-1] INFO  server.RaftServerConfigKeys (ConfUtils.java:logGet(44)) - raft.server.log.appender.install.snapshot.enabled = false (custom)
2022-05-11 01:29:32,105 [pool-243-thread-1] INFO  server.RaftServer$Division (ServerState.java:<init>(105)) - omNode-2@group-523986131536: ConfigurationManager, init=-1: [omNode-3|rpc:localhost:40799|priority:0, omNode-1|rpc:localhost:37959|priority:0, omNode-2|rpc:localhost:36649|priority:0], old=null, confs=<EMPTY_MAP>
2022-05-11 01:29:32,106 [pool-243-thread-1] INFO  server.RaftServerConfigKeys (ConfUtils.java:logGet(44)) - raft.server.storage.dir = [/home/runner/work/ozone/ozone/hadoop-ozone/integration-test/target/test-dir/MiniOzoneClusterImpl-ae28b10a-1883-433e-acb0-7438b5479a4c/omNode-2/ratis] (custom)
2022-05-11 01:29:32,107 [pool-243-thread-1] INFO  server.RaftServerConfigKeys (ConfUtils.java:logGet(44)) - raft.server.log.corruption.policy = EXCEPTION (default)
2022-05-11 01:29:32,107 [pool-243-thread-1] INFO  server.RaftServerConfigKeys (ConfUtils.java:logGet(44)) - raft.server.storage.free-space.min = 0MB (=0) (default)
2022-05-11 01:29:32,108 [pool-243-thread-1] INFO  storage.RaftStorageDirectory (RaftStorageDirectoryImpl.java:tryLock(230)) - Lock on /home/runner/work/ozone/ozone/hadoop-ozone/integration-test/target/test-dir/MiniOzoneClusterImpl-ae28b10a-1883-433e-acb0-7438b5479a4c/omNode-2/ratis/c9bc4cf4-3bc3-3c60-a66b-523986131536/in_use.lock acquired by nodename 4883@fv-az291-847
2022-05-11 01:29:32,108 [pool-243-thread-1] INFO  storage.RaftStorage (RaftStorageImpl.java:analyzeAndRecoverStorage(110)) - Read RaftStorageMetadata{term=2, votedFor=omNode-2} from /home/runner/work/ozone/ozone/hadoop-ozone/integration-test/target/test-dir/MiniOzoneClusterImpl-ae28b10a-1883-433e-acb0-7438b5479a4c/omNode-2/ratis/c9bc4cf4-3bc3-3c60-a66b-523986131536/current/raft-meta
2022-05-11 01:29:32,109 [pool-243-thread-1] INFO  server.RaftServer$Division (ServerState.java:setRaftConf(387)) - omNode-2@group-523986131536: set configuration 21: [omNode-3|rpc:localhost:40799|admin:|client:|dataStream:|priority:0, omNode-1|rpc:localhost:37959|admin:|client:|dataStream:|priority:0, omNode-2|rpc:localhost:36649|admin:|client:|dataStream:|priority:0], old=null
2022-05-11 01:29:32,109 [pool-243-thread-1] INFO  server.RaftServerConfigKeys (ConfUtils.java:logGet(44)) - raft.server.notification.no-leader.timeout = 2s (custom)
2022-05-11 01:29:32,109 [pool-243-thread-1] INFO  server.RaftServerConfigKeys (ConfUtils.java:logGet(44)) - raft.server.log.use.memory = false (default)
2022-05-11 01:29:32,109 [pool-243-thread-1] INFO  server.RaftServerConfigKeys (ConfUtils.java:logGet(44)) - raft.server.log.purge.gap = 50 (custom)
2022-05-11 01:29:32,109 [pool-243-thread-1] INFO  server.RaftServerConfigKeys (ConfUtils.java:logGet(44)) - raft.server.log.appender.buffer.byte-limit = 33554432 (custom)
2022-05-11 01:29:32,109 [pool-243-thread-1] INFO  server.RaftServerConfigKeys (ConfUtils.java:logGet(44)) - raft.server.log.segment.size.max = 4194304 (custom)
2022-05-11 01:29:32,110 [pool-243-thread-1] INFO  server.RaftServerConfigKeys (ConfUtils.java:logGet(44)) - raft.server.log.segment.cache.num.max = 2 (custom)
2022-05-11 01:29:32,110 [pool-243-thread-1] INFO  server.RaftServerConfigKeys (ConfUtils.java:logGet(44)) - raft.server.log.segment.cache.size.max = 200MB (=209715200) (default)
2022-05-11 01:29:32,110 [pool-243-thread-1] INFO  segmented.SegmentedRaftLogWorker (SegmentedRaftLogWorker.java:<init>(182)) - new omNode-2@group-523986131536-SegmentedRaftLogWorker for RaftStorageImpl:Storage Directory /home/runner/work/ozone/ozone/hadoop-ozone/integration-test/target/test-dir/MiniOzoneClusterImpl-ae28b10a-1883-433e-acb0-7438b5479a4c/omNode-2/ratis/c9bc4cf4-3bc3-3c60-a66b-523986131536
2022-05-11 01:29:32,110 [pool-243-thread-1] INFO  server.RaftServerConfigKeys (ConfUtils.java:logGet(44)) - raft.server.log.queue.byte-limit = 64MB (=67108864) (default)
2022-05-11 01:29:32,110 [pool-243-thread-1] INFO  server.RaftServerConfigKeys (ConfUtils.java:logGet(44)) - raft.server.log.queue.element-limit = 4096 (default)
2022-05-11 01:29:32,110 [pool-243-thread-1] INFO  server.RaftServerConfigKeys (ConfUtils.java:logGet(44)) - raft.server.log.segment.size.max = 4194304 (custom)
2022-05-11 01:29:32,110 [pool-243-thread-1] INFO  server.RaftServerConfigKeys (ConfUtils.java:logGet(44)) - raft.server.log.preallocated.size = 4194304 (custom)
2022-05-11 01:29:32,110 [pool-243-thread-1] INFO  server.RaftServerConfigKeys (ConfUtils.java:logGet(44)) - raft.server.log.force.sync.num = 128 (default)
2022-05-11 01:29:32,110 [pool-243-thread-1] INFO  server.RaftServerConfigKeys (ConfUtils.java:logGet(44)) - raft.server.log.statemachine.data.sync = true (default)
2022-05-11 01:29:32,111 [pool-243-thread-1] INFO  server.RaftServerConfigKeys (ConfUtils.java:logGet(44)) - raft.server.log.statemachine.data.sync.timeout = 10s (default)
2022-05-11 01:29:32,111 [pool-243-thread-1] INFO  server.RaftServerConfigKeys (ConfUtils.java:logGet(44)) - raft.server.log.statemachine.data.sync.timeout.retry = -1 (default)
2022-05-11 01:29:32,112 [pool-243-thread-1] INFO  server.RaftServerConfigKeys (ConfUtils.java:logGet(44)) - raft.server.log.write.buffer.size = 64KB (=65536) (default)
2022-05-11 01:29:32,112 [pool-243-thread-1] INFO  server.RaftServerConfigKeys (ConfUtils.java:logGet(44)) - raft.server.log.statemachine.data.caching.enabled = false (default)
2022-05-11 01:29:32,112 [pool-243-thread-1] INFO  server.RaftServer$Division (ServerState.java:setRaftConf(387)) - omNode-2@group-523986131536: set configuration 0: [omNode-3|rpc:localhost:40799|admin:|client:|dataStream:|priority:0, omNode-1|rpc:localhost:37959|admin:|client:|dataStream:|priority:0, omNode-2|rpc:localhost:36649|admin:|client:|dataStream:|priority:0], old=null
2022-05-11 01:29:32,113 [pool-243-thread-1] INFO  segmented.LogSegment (LogSegment.java:loadSegment(173)) - Successfully read 21 entries from segment file /home/runner/work/ozone/ozone/hadoop-ozone/integration-test/target/test-dir/MiniOzoneClusterImpl-ae28b10a-1883-433e-acb0-7438b5479a4c/omNode-2/ratis/c9bc4cf4-3bc3-3c60-a66b-523986131536/current/log_0-20
2022-05-11 01:29:32,114 [pool-243-thread-1] INFO  server.RaftServer$Division (ServerState.java:setRaftConf(387)) - omNode-2@group-523986131536: set configuration 21: [omNode-3|rpc:localhost:40799|admin:|client:|dataStream:|priority:0, omNode-1|rpc:localhost:37959|admin:|client:|dataStream:|priority:0, omNode-2|rpc:localhost:36649|admin:|client:|dataStream:|priority:0], old=null
2022-05-11 01:29:32,114 [pool-243-thread-1] INFO  segmented.LogSegment (LogSegment.java:loadSegment(173)) - Successfully read 10 entries from segment file /home/runner/work/ozone/ozone/hadoop-ozone/integration-test/target/test-dir/MiniOzoneClusterImpl-ae28b10a-1883-433e-acb0-7438b5479a4c/omNode-2/ratis/c9bc4cf4-3bc3-3c60-a66b-523986131536/current/log_inprogress_21
2022-05-11 01:29:32,114 [pool-243-thread-1] INFO  segmented.SegmentedRaftLogWorker (SegmentedRaftLogWorker.java:lambda$new$0(133)) - omNode-2@group-523986131536-SegmentedRaftLogWorker: flushIndex: setUnconditionally 0 -> 30
2022-05-11 01:29:32,114 [pool-243-thread-1] INFO  segmented.SegmentedRaftLogWorker (SegmentedRaftLogWorker.java:lambda$new$0(133)) - omNode-2@group-523986131536-SegmentedRaftLogWorker: safeCacheEvictIndex: setUnconditionally 0 -> 20
2022-05-11 01:29:32,114 [pool-243-thread-1] INFO  raftlog.RaftLog (RaftLogBase.java:lambda$new$0(53)) - omNode-2@group-523986131536-SegmentedRaftLog: commitIndex: updateToMax old=30, new=29, updated? false
2022-05-11 01:29:32,115 [pool-243-thread-1] INFO  server.RaftServerConfigKeys (ConfUtils.java:logGet(44)) - raft.server.snapshot.auto.trigger.enabled = true (custom)
2022-05-11 01:29:32,115 [pool-243-thread-1] INFO  server.RaftServerConfigKeys (ConfUtils.java:logGet(44)) - raft.server.snapshot.auto.trigger.threshold = 50 (custom)
2022-05-11 01:29:32,115 [pool-243-thread-1] INFO  server.RaftServerConfigKeys (ConfUtils.java:logGet(44)) - raft.server.snapshot.retention.file.num = -1 (default)
2022-05-11 01:29:32,115 [pool-243-thread-1] INFO  server.RaftServerConfigKeys (ConfUtils.java:logGet(44)) - raft.server.log.purge.upto.snapshot.index = true (custom)
2022-05-11 01:29:32,115 [pool-243-thread-1] INFO  server.RaftServerConfigKeys (ConfUtils.java:logGet(44)) - raft.server.retrycache.expirytime = 30000ms (custom)
2022-05-11 01:29:32,115 [pool-243-thread-1] INFO  server.RaftServerConfigKeys (ConfUtils.java:logGet(44)) - raft.server.retrycache.statistics.expirytime = 100μs (default)
2022-05-11 01:29:32,123 [Listener at localhost/40623] INFO  server.RaftServer$Division (RaftServerImpl.java:start(301)) - omNode-2@group-523986131536: start as a follower, conf=21: [omNode-3|rpc:localhost:40799|admin:|client:|dataStream:|priority:0, omNode-1|rpc:localhost:37959|admin:|client:|dataStream:|priority:0, omNode-2|rpc:localhost:36649|admin:|client:|dataStream:|priority:0], old=null
2022-05-11 01:29:32,123 [Listener at localhost/40623] INFO  server.RaftServer$Division (RaftServerImpl.java:setRole(290)) - omNode-2@group-523986131536: changes role from      null to FOLLOWER at term 2 for startAsFollower
2022-05-11 01:29:32,123 [Listener at localhost/40623] INFO  impl.RoleInfo (RoleInfo.java:updateAndGet(130)) - omNode-2: start omNode-2@group-523986131536-FollowerState
2022-05-11 01:29:32,126 [Listener at localhost/40623] INFO  util.JmxRegister (JmxRegister.java:tryRegister(44)) - Successfully registered JMX Bean with object name Ratis:service=RaftServer,group=group-523986131536,id=omNode-2
2022-05-11 01:29:32,128 [Listener at localhost/40623] INFO  server.RaftServer (RaftServerProxy.java:lambda$start$5(374)) - omNode-2: start RPC server
2022-05-11 01:29:32,129 [Listener at localhost/40623] INFO  server.GrpcService (GrpcService.java:startImpl(253)) - omNode-2: GrpcService started, listening on 36649
2022-05-11 01:29:32,130 [Listener at localhost/40623] INFO  om.OzoneManager (OzoneManager.java:getRpcServer(1027)) - Creating RPC Server
2022-05-11 01:29:32,130 [org.apache.ratis.util.JvmPauseMonitor$$Lambda$637/1274334510@f160948] INFO  util.JvmPauseMonitor (JvmPauseMonitor.java:run(103)) - JvmPauseMonitor-omNode-2: Started
2022-05-11 01:29:32,448 [Listener at localhost/40623] INFO  reflections.Reflections (Reflections.java:scan(232)) - Reflections took 317 ms to scan 19 urls, producing 61 keys and 3656 values [using 2 cores]
2022-05-11 01:29:32,450 [Listener at localhost/40623] INFO  ipc.CallQueueManager (CallQueueManager.java:<init>(90)) - Using callQueue: class java.util.concurrent.LinkedBlockingQueue, queueCapacity: 2000, scheduler: class org.apache.hadoop.ipc.DefaultRpcScheduler, ipcBackoff: false.
2022-05-11 01:29:32,452 [Socket Reader #1 for port 38653] INFO  ipc.Server (Server.java:run(1265)) - Starting Socket Reader #1 for port 38653
2022-05-11 01:29:32,456 [Listener at localhost/38653] INFO  http.BaseHttpServer (BaseHttpServer.java:newHttpServer2BuilderForOzone(209)) - Starting Web-server for ozoneManager at: http://0.0.0.0:45153
2022-05-11 01:29:32,456 [Listener at localhost/38653] INFO  http.BaseHttpServer (BaseHttpServer.java:<init>(107)) - Hadoop Security Enabled: false Ozone Security Enabled: false Ozone HTTP Security Enabled: false 
2022-05-11 01:29:32,458 [Listener at localhost/38653] INFO  server.AuthenticationFilter (AuthenticationFilter.java:constructSecretProvider(240)) - Unable to initialize FileSignerSecretProvider, falling back to use random secrets.
2022-05-11 01:29:32,459 [Listener at localhost/38653] WARN  http.HttpRequestLog (HttpRequestLog.java:getRequestLog(103)) - Jetty request log can only be enabled using Log4j
2022-05-11 01:29:32,460 [Listener at localhost/38653] INFO  http.HttpServer2 (HttpServer2.java:addGlobalFilter(1030)) - Added global filter 'safety' (class=org.apache.hadoop.hdds.server.http.HttpServer2$QuotingInputFilter)
2022-05-11 01:29:32,461 [Listener at localhost/38653] INFO  http.HttpServer2 (HttpServer2.java:addFilter(1006)) - Added filter static_user_filter (class=org.apache.hadoop.http.lib.StaticUserWebFilter$StaticUserFilter) to context ozoneManager
2022-05-11 01:29:32,461 [Listener at localhost/38653] INFO  http.HttpServer2 (HttpServer2.java:addFilter(1014)) - Added filter static_user_filter (class=org.apache.hadoop.http.lib.StaticUserWebFilter$StaticUserFilter) to context static
2022-05-11 01:29:32,461 [Listener at localhost/38653] INFO  http.HttpServer2 (HttpServer2.java:addFilter(1014)) - Added filter static_user_filter (class=org.apache.hadoop.http.lib.StaticUserWebFilter$StaticUserFilter) to context logs
2022-05-11 01:29:32,462 [Listener at localhost/38653] INFO  http.HttpServer2 (HttpServer2.java:bindListener(1249)) - Jetty bound to port 45153
2022-05-11 01:29:32,462 [Listener at localhost/38653] INFO  server.Server (Server.java:doStart(375)) - jetty-9.4.43.v20210629; built: 2021-06-30T11:07:22.254Z; git: 526006ecfa3af7f1a27ef3a288e2bef7ea9dd7e8; jvm 1.8.0_322-b06
2022-05-11 01:29:32,464 [Listener at localhost/38653] INFO  server.session (DefaultSessionIdManager.java:doStart(334)) - DefaultSessionIdManager workerName=node0
2022-05-11 01:29:32,464 [Listener at localhost/38653] INFO  server.session (DefaultSessionIdManager.java:doStart(339)) - No SessionScavenger set, using defaults
2022-05-11 01:29:32,464 [Listener at localhost/38653] INFO  server.session (HouseKeeper.java:startScavenging(132)) - node0 Scavenging every 660000ms
2022-05-11 01:29:32,465 [Listener at localhost/38653] INFO  handler.ContextHandler (ContextHandler.java:doStart(915)) - Started o.e.j.s.ServletContextHandler@24dfbc9b{logs,/logs,file:///home/runner/work/ozone/ozone/hadoop-ozone/integration-test/target/log,AVAILABLE}
2022-05-11 01:29:32,466 [Listener at localhost/38653] INFO  handler.ContextHandler (ContextHandler.java:doStart(915)) - Started o.e.j.s.ServletContextHandler@4d027201{static,/static,file:///home/runner/work/ozone/ozone/hadoop-ozone/integration-test/target/test-classes/webapps/static,AVAILABLE}
2022-05-11 01:29:32,471 [Listener at localhost/38653] INFO  handler.ContextHandler (ContextHandler.java:doStart(915)) - Started o.e.j.w.WebAppContext@8d274f3{ozoneManager,/,file:///home/runner/work/ozone/ozone/hadoop-ozone/integration-test/target/test-classes/webapps/ozoneManager/,AVAILABLE}{file:/home/runner/work/ozone/ozone/hadoop-ozone/integration-test/target/test-classes/webapps/ozoneManager}
2022-05-11 01:29:32,473 [Listener at localhost/38653] INFO  server.AbstractConnector (AbstractConnector.java:doStart(331)) - Started ServerConnector@1cd3f6b3{HTTP/1.1, (http/1.1)}{0.0.0.0:45153}
2022-05-11 01:29:32,473 [Listener at localhost/38653] INFO  server.Server (Server.java:doStart(415)) - Started @37637ms
2022-05-11 01:29:32,473 [Listener at localhost/38653] WARN  impl.MetricsSystemImpl (MetricsSystemImpl.java:register(279)) - Sink prometheus already exists!
2022-05-11 01:29:32,474 [Listener at localhost/38653] INFO  http.BaseHttpServer (BaseHttpServer.java:updateConnectorAddress(329)) - HTTP server of ozoneManager listening at http://0.0.0.0:45153
2022-05-11 01:29:32,474 [IPC Server Responder] INFO  ipc.Server (Server.java:run(1507)) - IPC Server Responder: starting
2022-05-11 01:29:32,474 [IPC Server listener on 38653] INFO  ipc.Server (Server.java:run(1344)) - IPC Server listener on 38653: starting
2022-05-11 01:29:32,480 [Listener at localhost/38653] INFO  om.OzoneManager (OzoneManager.java:startTrashEmptier(1835)) - Trash Interval set to 0. Files deleted won't move to trash
2022-05-11 01:29:32,481 [org.apache.hadoop.util.JvmPauseMonitor$Monitor@4c39d732] INFO  util.JvmPauseMonitor (JvmPauseMonitor.java:run(188)) - Starting JVM pause monitor
]]></system-out>
  </testcase>
  <testcase name="testListParts" classname="org.apache.hadoop.ozone.om.TestOzoneManagerHAWithData" time="12.249">
    <system-out><![CDATA[2022-05-11 01:29:32,509 [Listener at localhost/38653] INFO  rpc.RpcClient (RpcClient.java:createVolume(448)) - Creating Volume: volume18183, with user20849 as owner and space quota set to -1 bytes, counts quota set to -1
2022-05-11 01:29:32,510 [Listener at localhost/38653] INFO  retry.RetryInvocationHandler (RetryInvocationHandler.java:log(411)) - com.google.protobuf.ServiceException: java.io.EOFException: End of File Exception between local host is: "fv-az291-847/10.1.0.42"; destination host is: "localhost":38653; : java.io.EOFException; For more details see:  http://wiki.apache.org/hadoop/EOFException, while invoking $Proxy54.submitRequest over nodeId=omNode-2,nodeAddress=127.0.0.1:38653. Trying to failover immediately.
2022-05-11 01:29:32,518 [Listener at localhost/38653] INFO  retry.RetryInvocationHandler (RetryInvocationHandler.java:log(411)) - com.google.protobuf.ServiceException: org.apache.hadoop.ipc.RemoteException(org.apache.hadoop.ozone.om.exceptions.OMNotLeaderException): OM:omNode-3 is not the leader. Could not determine the leader node.
	at org.apache.hadoop.ozone.om.ratis.utils.OzoneManagerRatisUtils.createNotLeaderException(OzoneManagerRatisUtils.java:425)
	at org.apache.hadoop.ozone.om.ratis.utils.OzoneManagerRatisUtils.checkLeaderStatus(OzoneManagerRatisUtils.java:411)
	at org.apache.hadoop.ozone.protocolPB.OzoneManagerProtocolServerSideTranslatorPB.checkLeaderStatus(OzoneManagerProtocolServerSideTranslatorPB.java:303)
	at org.apache.hadoop.ozone.protocolPB.OzoneManagerProtocolServerSideTranslatorPB.processRequest(OzoneManagerProtocolServerSideTranslatorPB.java:182)
	at org.apache.hadoop.hdds.server.OzoneProtocolMessageDispatcher.processRequest(OzoneProtocolMessageDispatcher.java:87)
	at org.apache.hadoop.ozone.protocolPB.OzoneManagerProtocolServerSideTranslatorPB.submitRequest(OzoneManagerProtocolServerSideTranslatorPB.java:146)
	at org.apache.hadoop.ozone.protocol.proto.OzoneManagerProtocolProtos$OzoneManagerService$2.callBlockingMethod(OzoneManagerProtocolProtos.java)
	at org.apache.hadoop.ipc.ProtobufRpcEngine$Server.processCall(ProtobufRpcEngine.java:466)
	at org.apache.hadoop.ipc.ProtobufRpcEngine2$Server$ProtoBufRpcInvoker.call(ProtobufRpcEngine2.java:574)
	at org.apache.hadoop.ipc.ProtobufRpcEngine2$Server$ProtoBufRpcInvoker.call(ProtobufRpcEngine2.java:552)
	at org.apache.hadoop.ipc.RPC$Server.call(RPC.java:1093)
	at org.apache.hadoop.ipc.Server$RpcCall.run(Server.java:1035)
	at org.apache.hadoop.ipc.Server$RpcCall.run(Server.java:963)
	at java.security.AccessController.doPrivileged(Native Method)
	at javax.security.auth.Subject.doAs(Subject.java:422)
	at org.apache.hadoop.security.UserGroupInformation.doAs(UserGroupInformation.java:1878)
	at org.apache.hadoop.ipc.Server$Handler.run(Server.java:2966)
, while invoking $Proxy54.submitRequest over nodeId=omNode-3,nodeAddress=127.0.0.1:43241 after 1 failover attempts. Trying to failover after sleeping for 2000ms.
2022-05-11 01:29:33,246 [omNode-2@group-523986131536-FollowerState] INFO  impl.FollowerState (FollowerState.java:run(134)) - omNode-2@group-523986131536-FollowerState: change to CANDIDATE, lastRpcElapsedTime:1122873339ns, electionTimeout:1118ms
2022-05-11 01:29:33,247 [omNode-2@group-523986131536-FollowerState] INFO  impl.RoleInfo (RoleInfo.java:shutdownFollowerState(108)) - omNode-2: shutdown omNode-2@group-523986131536-FollowerState
2022-05-11 01:29:33,247 [omNode-2@group-523986131536-FollowerState] INFO  server.RaftServer$Division (RaftServerImpl.java:setRole(290)) - omNode-2@group-523986131536: changes role from  FOLLOWER to CANDIDATE at term 2 for changeToCandidate
2022-05-11 01:29:33,247 [omNode-2@group-523986131536-FollowerState] INFO  server.RaftServerConfigKeys (ConfUtils.java:logGet(44)) - raft.server.leaderelection.pre-vote = false (custom)
2022-05-11 01:29:33,247 [omNode-2@group-523986131536-FollowerState] INFO  impl.RoleInfo (RoleInfo.java:updateAndGet(130)) - omNode-2: start omNode-2@group-523986131536-LeaderElection13
2022-05-11 01:29:33,252 [omNode-2@group-523986131536-LeaderElection13] INFO  impl.LeaderElection (LeaderElection.java:askForVotes(306)) - omNode-2@group-523986131536-LeaderElection13 ELECTION round 0: submit vote requests at term 3 for 21: [omNode-3|rpc:localhost:40799|admin:|client:|dataStream:|priority:0, omNode-1|rpc:localhost:37959|admin:|client:|dataStream:|priority:0, omNode-2|rpc:localhost:36649|admin:|client:|dataStream:|priority:0], old=null
2022-05-11 01:29:33,266 [grpc-default-executor-0] INFO  server.RaftServer$Division (RaftServerImpl.java:requestVote(1046)) - omNode-3@group-523986131536: receive requestVote(ELECTION, omNode-2, group-523986131536, 3, (t:2, i:30))
2022-05-11 01:29:33,267 [grpc-default-executor-0] INFO  impl.VoteContext (VoteContext.java:log(48)) - omNode-3@group-523986131536-FOLLOWER: accept ELECTION from omNode-2: our priority 0 <= candidate's priority 0
2022-05-11 01:29:33,267 [grpc-default-executor-0] INFO  server.RaftServer$Division (ServerState.java:setLeader(285)) - omNode-3@group-523986131536: change Leader from omNode-2 to null at term 3 for updateCurrentTerm
2022-05-11 01:29:33,267 [grpc-default-executor-0] INFO  server.RaftServer$Division (RaftServerImpl.java:setRole(290)) - omNode-3@group-523986131536: changes role from  FOLLOWER to FOLLOWER at term 3 for candidate:omNode-2
2022-05-11 01:29:33,267 [grpc-default-executor-0] INFO  impl.RoleInfo (RoleInfo.java:shutdownFollowerState(108)) - omNode-3: shutdown omNode-3@group-523986131536-FollowerState
2022-05-11 01:29:33,267 [grpc-default-executor-0] INFO  impl.RoleInfo (RoleInfo.java:updateAndGet(130)) - omNode-3: start omNode-3@group-523986131536-FollowerState
2022-05-11 01:29:33,267 [omNode-3@group-523986131536-FollowerState] INFO  impl.FollowerState (FollowerState.java:run(143)) - omNode-3@group-523986131536-FollowerState was interrupted: {}
java.lang.InterruptedException: sleep interrupted
	at java.lang.Thread.sleep(Native Method)
	at java.lang.Thread.sleep(Thread.java:342)
	at java.util.concurrent.TimeUnit.sleep(TimeUnit.java:386)
	at org.apache.ratis.util.TimeDuration.sleep(TimeDuration.java:324)
	at org.apache.ratis.util.TimeDuration.sleep(TimeDuration.java:309)
	at org.apache.ratis.server.impl.FollowerState.run(FollowerState.java:118)
2022-05-11 01:29:33,269 [grpc-default-executor-1] INFO  server.RaftServer$Division (RaftServerImpl.java:requestVote(1046)) - omNode-1@group-523986131536: receive requestVote(ELECTION, omNode-2, group-523986131536, 3, (t:2, i:30))
2022-05-11 01:29:33,269 [grpc-default-executor-0] INFO  server.RaftServer$Division (RaftServerImpl.java:requestVote(1078)) - omNode-3@group-523986131536 replies to ELECTION vote request: omNode-2<-omNode-3#0:OK-t3. Peer's state: omNode-3@group-523986131536:t3, leader=null, voted=omNode-2, raftlog=omNode-3@group-523986131536-SegmentedRaftLog:OPENED:c30, conf=21: [omNode-3|rpc:localhost:40799|admin:|client:|dataStream:|priority:0, omNode-1|rpc:localhost:37959|admin:|client:|dataStream:|priority:0, omNode-2|rpc:localhost:36649|admin:|client:|dataStream:|priority:0], old=null
2022-05-11 01:29:33,269 [grpc-default-executor-1] INFO  impl.VoteContext (VoteContext.java:log(48)) - omNode-1@group-523986131536-FOLLOWER: accept ELECTION from omNode-2: our priority 0 <= candidate's priority 0
2022-05-11 01:29:33,269 [grpc-default-executor-1] INFO  server.RaftServer$Division (ServerState.java:setLeader(285)) - omNode-1@group-523986131536: change Leader from omNode-2 to null at term 3 for updateCurrentTerm
2022-05-11 01:29:33,269 [grpc-default-executor-1] INFO  server.RaftServer$Division (RaftServerImpl.java:setRole(290)) - omNode-1@group-523986131536: changes role from  FOLLOWER to FOLLOWER at term 3 for candidate:omNode-2
2022-05-11 01:29:33,269 [grpc-default-executor-1] INFO  impl.RoleInfo (RoleInfo.java:shutdownFollowerState(108)) - omNode-1: shutdown omNode-1@group-523986131536-FollowerState
2022-05-11 01:29:33,269 [grpc-default-executor-1] INFO  impl.RoleInfo (RoleInfo.java:updateAndGet(130)) - omNode-1: start omNode-1@group-523986131536-FollowerState
2022-05-11 01:29:33,269 [omNode-1@group-523986131536-FollowerState] INFO  impl.FollowerState (FollowerState.java:run(143)) - omNode-1@group-523986131536-FollowerState was interrupted: {}
java.lang.InterruptedException: sleep interrupted
	at java.lang.Thread.sleep(Native Method)
	at java.lang.Thread.sleep(Thread.java:342)
	at java.util.concurrent.TimeUnit.sleep(TimeUnit.java:386)
	at org.apache.ratis.util.TimeDuration.sleep(TimeDuration.java:324)
	at org.apache.ratis.util.TimeDuration.sleep(TimeDuration.java:309)
	at org.apache.ratis.server.impl.FollowerState.run(FollowerState.java:118)
2022-05-11 01:29:33,271 [omNode-2@group-523986131536-LeaderElection13] INFO  impl.LeaderElection (LeaderElection.java:logAndReturn(89)) - omNode-2@group-523986131536-LeaderElection13: ELECTION PASSED received 1 response(s) and 0 exception(s):
2022-05-11 01:29:33,271 [grpc-default-executor-1] INFO  server.RaftServer$Division (RaftServerImpl.java:requestVote(1078)) - omNode-1@group-523986131536 replies to ELECTION vote request: omNode-2<-omNode-1#0:OK-t3. Peer's state: omNode-1@group-523986131536:t3, leader=null, voted=omNode-2, raftlog=omNode-1@group-523986131536-SegmentedRaftLog:OPENED:c30, conf=21: [omNode-3|rpc:localhost:40799|admin:|client:|dataStream:|priority:0, omNode-1|rpc:localhost:37959|admin:|client:|dataStream:|priority:0, omNode-2|rpc:localhost:36649|admin:|client:|dataStream:|priority:0], old=null
2022-05-11 01:29:33,279 [omNode-2@group-523986131536-LeaderElection13] INFO  impl.LeaderElection (LeaderElection.java:logAndReturn(93)) -   Response 0: omNode-2<-omNode-3#0:OK-t3
2022-05-11 01:29:33,280 [omNode-2@group-523986131536-LeaderElection13] INFO  impl.LeaderElection (LeaderElection.java:askForVotes(308)) - omNode-2@group-523986131536-LeaderElection13 ELECTION round 0: result PASSED
2022-05-11 01:29:33,280 [omNode-2@group-523986131536-LeaderElection13] INFO  impl.RoleInfo (RoleInfo.java:shutdownLeaderElection(121)) - omNode-2: shutdown omNode-2@group-523986131536-LeaderElection13
2022-05-11 01:29:33,280 [omNode-2@group-523986131536-LeaderElection13] INFO  server.RaftServer$Division (RaftServerImpl.java:setRole(290)) - omNode-2@group-523986131536: changes role from CANDIDATE to LEADER at term 3 for changeToLeader
2022-05-11 01:29:33,280 [omNode-2@group-523986131536-LeaderElection13] INFO  server.RaftServer$Division (ServerState.java:setLeader(285)) - omNode-2@group-523986131536: change Leader from null to omNode-2 at term 3 for becomeLeader, leader elected after 1170ms
2022-05-11 01:29:33,280 [omNode-2@group-523986131536-LeaderElection13] INFO  server.RaftServerConfigKeys (ConfUtils.java:logGet(44)) - raft.server.staging.catchup.gap = 1000 (default)
2022-05-11 01:29:33,280 [omNode-2@group-523986131536-LeaderElection13] INFO  server.RaftServerConfigKeys (ConfUtils.java:logGet(44)) - raft.server.write.element-limit = 4096 (default)
2022-05-11 01:29:33,280 [omNode-2@group-523986131536-LeaderElection13] INFO  server.RaftServerConfigKeys (ConfUtils.java:logGet(44)) - raft.server.write.byte-limit = 64MB (=67108864) (default)
2022-05-11 01:29:33,281 [omNode-2@group-523986131536-LeaderElection13] INFO  server.RaftServerConfigKeys (ConfUtils.java:logGet(44)) - raft.server.watch.timeout = 10s (default)
2022-05-11 01:29:33,281 [omNode-2@group-523986131536-LeaderElection13] INFO  server.RaftServerConfigKeys (ConfUtils.java:logGet(44)) - raft.server.watch.timeout.denomination = 1s (default)
2022-05-11 01:29:33,282 [omNode-2@group-523986131536-LeaderElection13] INFO  server.RaftServerConfigKeys (ConfUtils.java:logGet(44)) - raft.server.watch.element-limit = 65536 (default)
2022-05-11 01:29:33,282 [omNode-2@group-523986131536-LeaderElection13] INFO  server.RaftServerConfigKeys (ConfUtils.java:logGet(44)) - raft.server.write.element-limit = 4096 (default)
2022-05-11 01:29:33,282 [omNode-2@group-523986131536-LeaderElection13] INFO  server.RaftServerConfigKeys (ConfUtils.java:logGet(44)) - raft.server.write.follower.gap.ratio.max = -1.0 (default)
2022-05-11 01:29:33,282 [omNode-2@group-523986131536-LeaderElection13] INFO  server.RaftServerConfigKeys (ConfUtils.java:logGet(44)) - raft.server.log.appender.snapshot.chunk.size.max = 16MB (=16777216) (default)
2022-05-11 01:29:33,282 [omNode-2@group-523986131536-LeaderElection13] INFO  server.RaftServerConfigKeys (ConfUtils.java:logGet(44)) - raft.server.log.appender.buffer.byte-limit = 33554432 (custom)
2022-05-11 01:29:33,282 [omNode-2@group-523986131536-LeaderElection13] INFO  server.RaftServerConfigKeys (ConfUtils.java:logGet(44)) - raft.server.log.appender.buffer.element-limit = 1024 (custom)
2022-05-11 01:29:33,282 [omNode-2@group-523986131536-LeaderElection13] INFO  grpc.GrpcConfigKeys (ConfUtils.java:logGet(44)) - raft.grpc.server.leader.outstanding.appends.max = 128 (default)
2022-05-11 01:29:33,282 [omNode-2@group-523986131536-LeaderElection13] INFO  server.RaftServerConfigKeys (ConfUtils.java:logGet(44)) - raft.server.rpc.request.timeout = 3000ms (default)
2022-05-11 01:29:33,283 [omNode-2@group-523986131536-LeaderElection13] INFO  server.RaftServerConfigKeys (ConfUtils.java:logGet(44)) - raft.server.log.appender.install.snapshot.enabled = false (custom)
2022-05-11 01:29:33,284 [omNode-2@group-523986131536-LeaderElection13] INFO  server.RaftServerConfigKeys (ConfUtils.java:logGet(44)) - raft.server.log.appender.snapshot.chunk.size.max = 16MB (=16777216) (default)
2022-05-11 01:29:33,284 [omNode-2@group-523986131536-LeaderElection13] INFO  server.RaftServerConfigKeys (ConfUtils.java:logGet(44)) - raft.server.log.appender.buffer.byte-limit = 33554432 (custom)
2022-05-11 01:29:33,284 [omNode-2@group-523986131536-LeaderElection13] INFO  server.RaftServerConfigKeys (ConfUtils.java:logGet(44)) - raft.server.log.appender.buffer.element-limit = 1024 (custom)
2022-05-11 01:29:33,284 [omNode-2@group-523986131536-LeaderElection13] INFO  grpc.GrpcConfigKeys (ConfUtils.java:logGet(44)) - raft.grpc.server.leader.outstanding.appends.max = 128 (default)
2022-05-11 01:29:33,284 [omNode-2@group-523986131536-LeaderElection13] INFO  server.RaftServerConfigKeys (ConfUtils.java:logGet(44)) - raft.server.rpc.request.timeout = 3000ms (default)
2022-05-11 01:29:33,284 [omNode-2@group-523986131536-LeaderElection13] INFO  server.RaftServerConfigKeys (ConfUtils.java:logGet(44)) - raft.server.log.appender.install.snapshot.enabled = false (custom)
2022-05-11 01:29:33,285 [omNode-2@group-523986131536-LeaderElection13] INFO  impl.RoleInfo (RoleInfo.java:updateAndGet(130)) - omNode-2: start omNode-2@group-523986131536-LeaderStateImpl
2022-05-11 01:29:33,285 [omNode-2@group-523986131536-LeaderElection13] INFO  segmented.SegmentedRaftLogWorker (SegmentedRaftLogWorker.java:rollLogSegment(399)) - omNode-2@group-523986131536-SegmentedRaftLogWorker: Rolling segment log-21_30 to index:30
2022-05-11 01:29:33,291 [grpc-default-executor-0] INFO  server.RaftServer$Division (ServerState.java:setLeader(285)) - omNode-3@group-523986131536: change Leader from null to omNode-2 at term 3 for appendEntries, leader elected after 23ms
2022-05-11 01:29:33,295 [omNode-2@group-523986131536-LeaderElection13] INFO  server.RaftServer$Division (ServerState.java:setRaftConf(387)) - omNode-2@group-523986131536: set configuration 31: [omNode-3|rpc:localhost:40799|admin:|client:|dataStream:|priority:0, omNode-1|rpc:localhost:37959|admin:|client:|dataStream:|priority:0, omNode-2|rpc:localhost:36649|admin:|client:|dataStream:|priority:0], old=null
2022-05-11 01:29:33,296 [omNode-2@group-523986131536-SegmentedRaftLogWorker] INFO  segmented.SegmentedRaftLogWorker (SegmentedRaftLogWorker.java:execute(558)) - omNode-2@group-523986131536-SegmentedRaftLogWorker: Rolled log segment from /home/runner/work/ozone/ozone/hadoop-ozone/integration-test/target/test-dir/MiniOzoneClusterImpl-ae28b10a-1883-433e-acb0-7438b5479a4c/omNode-2/ratis/c9bc4cf4-3bc3-3c60-a66b-523986131536/current/log_inprogress_21 to /home/runner/work/ozone/ozone/hadoop-ozone/integration-test/target/test-dir/MiniOzoneClusterImpl-ae28b10a-1883-433e-acb0-7438b5479a4c/omNode-2/ratis/c9bc4cf4-3bc3-3c60-a66b-523986131536/current/log_21-30
2022-05-11 01:29:33,291 [grpc-default-executor-1] INFO  server.RaftServer$Division (ServerState.java:setLeader(285)) - omNode-1@group-523986131536: change Leader from null to omNode-2 at term 3 for appendEntries, leader elected after 22ms
2022-05-11 01:29:33,297 [grpc-default-executor-0] INFO  server.RaftServer$Division (ServerState.java:setRaftConf(387)) - omNode-3@group-523986131536: set configuration 31: [omNode-3|rpc:localhost:40799|admin:|client:|dataStream:|priority:0, omNode-1|rpc:localhost:37959|admin:|client:|dataStream:|priority:0, omNode-2|rpc:localhost:36649|admin:|client:|dataStream:|priority:0], old=null
2022-05-11 01:29:33,297 [grpc-default-executor-1] INFO  server.RaftServer$Division (ServerState.java:setRaftConf(387)) - omNode-1@group-523986131536: set configuration 31: [omNode-3|rpc:localhost:40799|admin:|client:|dataStream:|priority:0, omNode-1|rpc:localhost:37959|admin:|client:|dataStream:|priority:0, omNode-2|rpc:localhost:36649|admin:|client:|dataStream:|priority:0], old=null
2022-05-11 01:29:33,303 [grpc-default-executor-1] INFO  segmented.SegmentedRaftLogWorker (SegmentedRaftLogWorker.java:rollLogSegment(399)) - omNode-1@group-523986131536-SegmentedRaftLogWorker: Rolling segment log-21_30 to index:30
2022-05-11 01:29:33,303 [grpc-default-executor-0] INFO  segmented.SegmentedRaftLogWorker (SegmentedRaftLogWorker.java:rollLogSegment(399)) - omNode-3@group-523986131536-SegmentedRaftLogWorker: Rolling segment log-21_30 to index:30
2022-05-11 01:29:33,305 [omNode-1@group-523986131536-SegmentedRaftLogWorker] INFO  segmented.SegmentedRaftLogWorker (SegmentedRaftLogWorker.java:execute(558)) - omNode-1@group-523986131536-SegmentedRaftLogWorker: Rolled log segment from /home/runner/work/ozone/ozone/hadoop-ozone/integration-test/target/test-dir/MiniOzoneClusterImpl-ae28b10a-1883-433e-acb0-7438b5479a4c/omNode-1/ratis/c9bc4cf4-3bc3-3c60-a66b-523986131536/current/log_inprogress_21 to /home/runner/work/ozone/ozone/hadoop-ozone/integration-test/target/test-dir/MiniOzoneClusterImpl-ae28b10a-1883-433e-acb0-7438b5479a4c/omNode-1/ratis/c9bc4cf4-3bc3-3c60-a66b-523986131536/current/log_21-30
2022-05-11 01:29:33,314 [omNode-3@group-523986131536-SegmentedRaftLogWorker] INFO  segmented.SegmentedRaftLogWorker (SegmentedRaftLogWorker.java:execute(558)) - omNode-3@group-523986131536-SegmentedRaftLogWorker: Rolled log segment from /home/runner/work/ozone/ozone/hadoop-ozone/integration-test/target/test-dir/MiniOzoneClusterImpl-ae28b10a-1883-433e-acb0-7438b5479a4c/omNode-3/ratis/c9bc4cf4-3bc3-3c60-a66b-523986131536/current/log_inprogress_21 to /home/runner/work/ozone/ozone/hadoop-ozone/integration-test/target/test-dir/MiniOzoneClusterImpl-ae28b10a-1883-433e-acb0-7438b5479a4c/omNode-3/ratis/c9bc4cf4-3bc3-3c60-a66b-523986131536/current/log_21-30
2022-05-11 01:29:33,332 [omNode-1@group-523986131536-SegmentedRaftLogWorker] INFO  segmented.SegmentedRaftLogWorker (SegmentedRaftLogWorker.java:execute(601)) - omNode-1@group-523986131536-SegmentedRaftLogWorker: created new log segment /home/runner/work/ozone/ozone/hadoop-ozone/integration-test/target/test-dir/MiniOzoneClusterImpl-ae28b10a-1883-433e-acb0-7438b5479a4c/omNode-1/ratis/c9bc4cf4-3bc3-3c60-a66b-523986131536/current/log_inprogress_31
2022-05-11 01:29:33,332 [omNode-3@group-523986131536-SegmentedRaftLogWorker] INFO  segmented.SegmentedRaftLogWorker (SegmentedRaftLogWorker.java:execute(601)) - omNode-3@group-523986131536-SegmentedRaftLogWorker: created new log segment /home/runner/work/ozone/ozone/hadoop-ozone/integration-test/target/test-dir/MiniOzoneClusterImpl-ae28b10a-1883-433e-acb0-7438b5479a4c/omNode-3/ratis/c9bc4cf4-3bc3-3c60-a66b-523986131536/current/log_inprogress_31
2022-05-11 01:29:33,332 [omNode-2@group-523986131536-SegmentedRaftLogWorker] INFO  segmented.SegmentedRaftLogWorker (SegmentedRaftLogWorker.java:execute(601)) - omNode-2@group-523986131536-SegmentedRaftLogWorker: created new log segment /home/runner/work/ozone/ozone/hadoop-ozone/integration-test/target/test-dir/MiniOzoneClusterImpl-ae28b10a-1883-433e-acb0-7438b5479a4c/omNode-2/ratis/c9bc4cf4-3bc3-3c60-a66b-523986131536/current/log_inprogress_31
2022-05-11 01:29:33,344 [omNode-2@group-523986131536-StateMachineUpdater] INFO  ratis.OzoneManagerStateMachine (OzoneManagerStateMachine.java:notifyConfigurationChanged(191)) - Received Configuration change notification from Ratis. New Peer list:
[id: "omNode-3"
address: "localhost:40799"
, id: "omNode-1"
address: "localhost:37959"
, id: "omNode-2"
address: "localhost:36649"
]
2022-05-11 01:29:33,357 [omNode-1@group-523986131536-StateMachineUpdater] INFO  ratis.OzoneManagerStateMachine (OzoneManagerStateMachine.java:notifyConfigurationChanged(191)) - Received Configuration change notification from Ratis. New Peer list:
[id: "omNode-3"
address: "localhost:40799"
, id: "omNode-1"
address: "localhost:37959"
, id: "omNode-2"
address: "localhost:36649"
]
2022-05-11 01:29:33,359 [omNode-3@group-523986131536-StateMachineUpdater] INFO  ratis.OzoneManagerStateMachine (OzoneManagerStateMachine.java:notifyConfigurationChanged(191)) - Received Configuration change notification from Ratis. New Peer list:
[id: "omNode-3"
address: "localhost:40799"
, id: "omNode-1"
address: "localhost:37959"
, id: "omNode-2"
address: "localhost:36649"
]
2022-05-11 01:29:34,527 [Listener at localhost/38653] INFO  retry.RetryInvocationHandler (RetryInvocationHandler.java:log(411)) - com.google.protobuf.ServiceException: org.apache.hadoop.ipc.RemoteException(org.apache.hadoop.ozone.om.exceptions.OMNotLeaderException): OM:omNode-1 is not the leader. Could not determine the leader node.
	at org.apache.hadoop.ozone.om.ratis.utils.OzoneManagerRatisUtils.createNotLeaderException(OzoneManagerRatisUtils.java:425)
	at org.apache.hadoop.ozone.om.ratis.utils.OzoneManagerRatisUtils.checkLeaderStatus(OzoneManagerRatisUtils.java:411)
	at org.apache.hadoop.ozone.protocolPB.OzoneManagerProtocolServerSideTranslatorPB.checkLeaderStatus(OzoneManagerProtocolServerSideTranslatorPB.java:303)
	at org.apache.hadoop.ozone.protocolPB.OzoneManagerProtocolServerSideTranslatorPB.processRequest(OzoneManagerProtocolServerSideTranslatorPB.java:182)
	at org.apache.hadoop.hdds.server.OzoneProtocolMessageDispatcher.processRequest(OzoneProtocolMessageDispatcher.java:87)
	at org.apache.hadoop.ozone.protocolPB.OzoneManagerProtocolServerSideTranslatorPB.submitRequest(OzoneManagerProtocolServerSideTranslatorPB.java:146)
	at org.apache.hadoop.ozone.protocol.proto.OzoneManagerProtocolProtos$OzoneManagerService$2.callBlockingMethod(OzoneManagerProtocolProtos.java)
	at org.apache.hadoop.ipc.ProtobufRpcEngine$Server.processCall(ProtobufRpcEngine.java:466)
	at org.apache.hadoop.ipc.ProtobufRpcEngine2$Server$ProtoBufRpcInvoker.call(ProtobufRpcEngine2.java:574)
	at org.apache.hadoop.ipc.ProtobufRpcEngine2$Server$ProtoBufRpcInvoker.call(ProtobufRpcEngine2.java:552)
	at org.apache.hadoop.ipc.RPC$Server.call(RPC.java:1093)
	at org.apache.hadoop.ipc.Server$RpcCall.run(Server.java:1035)
	at org.apache.hadoop.ipc.Server$RpcCall.run(Server.java:963)
	at java.security.AccessController.doPrivileged(Native Method)
	at javax.security.auth.Subject.doAs(Subject.java:422)
	at org.apache.hadoop.security.UserGroupInformation.doAs(UserGroupInformation.java:1878)
	at org.apache.hadoop.ipc.Server$Handler.run(Server.java:2966)
, while invoking $Proxy54.submitRequest over nodeId=omNode-1,nodeAddress=127.0.0.1:40623 after 2 failover attempts. Trying to failover immediately.
2022-05-11 01:29:34,541 [OM StateMachine ApplyTransaction Thread - 0] INFO  volume.OMVolumeCreateRequest (OMVolumeCreateRequest.java:validateAndUpdateCache(195)) - created volume:volume18183 for user:user20849
2022-05-11 01:29:34,549 [OM StateMachine ApplyTransaction Thread - 0] INFO  volume.OMVolumeCreateRequest (OMVolumeCreateRequest.java:validateAndUpdateCache(195)) - created volume:volume18183 for user:user20849
2022-05-11 01:29:34,560 [OM StateMachine ApplyTransaction Thread - 0] INFO  volume.OMVolumeCreateRequest (OMVolumeCreateRequest.java:validateAndUpdateCache(195)) - created volume:volume18183 for user:user20849
2022-05-11 01:29:34,562 [Listener at localhost/38653] INFO  rpc.RpcClient (RpcClient.java:createBucket(637)) - Creating Bucket: volume18183/88927819-31a7-4f08-bdf6-0b7a8bfb8d09, with runner as owner and Versioning false and Storage Type set to DISK and Encryption set to false 
2022-05-11 01:29:34,572 [OM StateMachine ApplyTransaction Thread - 0] INFO  bucket.OMBucketCreateRequest (OMBucketCreateRequest.java:validateAndUpdateCache(258)) - created bucket: 88927819-31a7-4f08-bdf6-0b7a8bfb8d09 of layout LEGACY in volume: volume18183
2022-05-11 01:29:34,583 [OM StateMachine ApplyTransaction Thread - 0] INFO  bucket.OMBucketCreateRequest (OMBucketCreateRequest.java:validateAndUpdateCache(258)) - created bucket: 88927819-31a7-4f08-bdf6-0b7a8bfb8d09 of layout LEGACY in volume: volume18183
2022-05-11 01:29:34,588 [OM StateMachine ApplyTransaction Thread - 0] INFO  bucket.OMBucketCreateRequest (OMBucketCreateRequest.java:validateAndUpdateCache(258)) - created bucket: 88927819-31a7-4f08-bdf6-0b7a8bfb8d09 of layout LEGACY in volume: volume18183
2022-05-11 01:29:34,998 [Listener at localhost/38653] INFO  om.OzoneManager (OzoneManager.java:stop(1950)) - omNode-2[localhost:38653]: Stopping Ozone Manager
2022-05-11 01:29:34,998 [Listener at localhost/38653] INFO  ipc.Server (Server.java:stop(3414)) - Stopping server on 38653
2022-05-11 01:29:35,002 [IPC Server listener on 38653] INFO  ipc.Server (Server.java:run(1376)) - Stopping IPC Server listener on 38653
2022-05-11 01:29:35,006 [IPC Server Responder] INFO  ipc.Server (Server.java:run(1512)) - Stopping IPC Server Responder
2022-05-11 01:29:35,007 [Listener at localhost/38653] INFO  server.RaftServer (RaftServerProxy.java:lambda$close$6(391)) - omNode-2: close
2022-05-11 01:29:35,007 [Listener at localhost/38653] INFO  server.RaftServer$Division (RaftServerImpl.java:lambda$close$4(412)) - omNode-2@group-523986131536: shutdown
2022-05-11 01:29:35,007 [Listener at localhost/38653] INFO  util.JmxRegister (JmxRegister.java:unregister(73)) - Successfully un-registered JMX Bean with object name Ratis:service=RaftServer,group=group-523986131536,id=omNode-2
2022-05-11 01:29:35,007 [Listener at localhost/38653] INFO  impl.RoleInfo (RoleInfo.java:shutdownLeaderState(91)) - omNode-2: shutdown omNode-2@group-523986131536-LeaderStateImpl
2022-05-11 01:29:35,008 [omNode-2@group-523986131536->omNode-3-GrpcLogAppender-LogAppenderDaemon] WARN  server.GrpcLogAppender (GrpcLogAppender.java:mayWait(177)) - omNode-2@group-523986131536->omNode-3-GrpcLogAppender: Wait interrupted by java.lang.InterruptedException
2022-05-11 01:29:35,008 [grpc-default-executor-1] INFO  server.GrpcServerProtocolService (GrpcServerProtocolService.java:onCompleted(140)) - omNode-3: Completed APPEND_ENTRIES, lastRequest: omNode-2->omNode-3#143-t3,previous=(t:3, i:55),leaderCommit=55,initializing? true,entries: size=1, first=(t:3, i:56), METADATAENTRY(c:55)
2022-05-11 01:29:35,009 [grpc-default-executor-1] INFO  server.GrpcLogAppender (GrpcLogAppender.java:onCompleted(346)) - omNode-2@group-523986131536->omNode-3-AppendLogResponseHandler: follower responses appendEntries COMPLETED
2022-05-11 01:29:35,009 [grpc-default-executor-1] INFO  leader.FollowerInfo (FollowerInfoImpl.java:lambda$new$0(47)) - omNode-2@group-523986131536->omNode-3: nextIndex: updateUnconditionally 57 -> 56
2022-05-11 01:29:35,012 [omNode-2@group-523986131536->omNode-1-GrpcLogAppender-LogAppenderDaemon] WARN  server.GrpcLogAppender (GrpcLogAppender.java:mayWait(177)) - omNode-2@group-523986131536->omNode-1-GrpcLogAppender: Wait interrupted by java.lang.InterruptedException
2022-05-11 01:29:35,012 [Listener at localhost/38653] INFO  impl.PendingRequests (PendingRequests.java:sendNotLeaderResponses(282)) - omNode-2@group-523986131536-PendingRequests: sendNotLeaderResponses
2022-05-11 01:29:35,012 [grpc-default-executor-1] INFO  server.GrpcServerProtocolService (GrpcServerProtocolService.java:onCompleted(140)) - omNode-1: Completed APPEND_ENTRIES, lastRequest: omNode-2->omNode-1#132-t3,previous=(t:3, i:55),leaderCommit=55,initializing? true,entries: size=1, first=(t:3, i:56), METADATAENTRY(c:55)
2022-05-11 01:29:35,014 [Listener at localhost/38653] INFO  impl.StateMachineUpdater (StateMachineUpdater.java:stopAndJoin(149)) - omNode-2@group-523986131536-StateMachineUpdater: set stopIndex = 56
2022-05-11 01:29:35,014 [omNode-2@group-523986131536-StateMachineUpdater] INFO  ratis.OzoneManagerStateMachine (OzoneManagerStateMachine.java:takeSnapshot(436)) - Current Snapshot Index (t:3, i:56)
2022-05-11 01:29:35,014 [grpc-default-executor-1] INFO  server.GrpcLogAppender (GrpcLogAppender.java:onCompleted(346)) - omNode-2@group-523986131536->omNode-1-AppendLogResponseHandler: follower responses appendEntries COMPLETED
2022-05-11 01:29:35,014 [grpc-default-executor-1] INFO  leader.FollowerInfo (FollowerInfoImpl.java:lambda$new$0(47)) - omNode-2@group-523986131536->omNode-1: nextIndex: updateUnconditionally 57 -> 56
2022-05-11 01:29:35,014 [omNode-2@group-523986131536-StateMachineUpdater] INFO  impl.StateMachineUpdater (StateMachineUpdater.java:takeSnapshot(281)) - omNode-2@group-523986131536-StateMachineUpdater: Took a snapshot at index 56
2022-05-11 01:29:35,015 [omNode-2@group-523986131536-StateMachineUpdater] INFO  impl.StateMachineUpdater (StateMachineUpdater.java:lambda$new$0(89)) - omNode-2@group-523986131536-StateMachineUpdater: snapshotIndex: updateIncreasingly 30 -> 56
2022-05-11 01:29:35,015 [omNode-2@group-523986131536-StateMachineUpdater] INFO  raftlog.RaftLog (RaftLogBase.java:purge(306)) - omNode-2@group-523986131536-SegmentedRaftLog: purge 56
2022-05-11 01:29:35,016 [omNode-2@group-523986131536-StateMachineUpdater] INFO  raftlog.RaftLog (RaftLogBase.java:lambda$new$0(53)) - omNode-2@group-523986131536-SegmentedRaftLog: snapshotIndex: updateIncreasingly 30 -> 56
2022-05-11 01:29:35,017 [omNode-2@group-523986131536-StateMachineUpdater] INFO  ratis.OzoneManagerStateMachine (OzoneManagerStateMachine.java:close(490)) - StateMachine has shutdown. Shutdown OzoneManager if not already shutdown.
2022-05-11 01:29:35,017 [omNode-2@group-523986131536-StateMachineUpdater] INFO  ratis.OzoneManagerDoubleBuffer (OzoneManagerDoubleBuffer.java:stop(465)) - Stopping OMDoubleBuffer flush thread
2022-05-11 01:29:35,017 [OMDoubleBufferFlushThread] INFO  ratis.OzoneManagerDoubleBuffer (OzoneManagerDoubleBuffer.java:flushTransactions(385)) - OMDoubleBuffer flush thread OMDoubleBufferFlushThread is interrupted and will exit.
2022-05-11 01:29:35,018 [omNode-2@group-523986131536-SegmentedRaftLogWorker] INFO  raftlog.RaftLog (RaftLogBase.java:lambda$new$0(53)) - omNode-2@group-523986131536-SegmentedRaftLog: purgeIndex: updateToMax old=-1, new=30, updated? true
2022-05-11 01:29:35,018 [Listener at localhost/38653] INFO  server.RaftServer$Division (ServerState.java:close(419)) - omNode-2@group-523986131536: closes. applyIndex: 56
2022-05-11 01:29:35,018 [omNode-2@group-523986131536-SegmentedRaftLogWorker] INFO  segmented.SegmentedRaftLogWorker (SegmentedRaftLogWorker.java:run(327)) - omNode-2@group-523986131536-SegmentedRaftLogWorker was interrupted, exiting. There are 0 tasks remaining in the queue.
2022-05-11 01:29:35,022 [Listener at localhost/38653] INFO  segmented.SegmentedRaftLogWorker (SegmentedRaftLogWorker.java:close(237)) - omNode-2@group-523986131536-SegmentedRaftLogWorker close()
2022-05-11 01:29:35,023 [Listener at localhost/38653] INFO  server.GrpcService (GrpcService.java:closeImpl(262)) - omNode-2: shutdown server with port 36649 now
2022-05-11 01:29:35,028 [Listener at localhost/38653] INFO  server.GrpcService (GrpcService.java:closeImpl(271)) - omNode-2: shutdown server with port 36649 successfully
2022-05-11 01:29:35,028 [org.apache.ratis.util.JvmPauseMonitor$$Lambda$637/1274334510@f160948] INFO  util.JvmPauseMonitor (JvmPauseMonitor.java:run(109)) - JvmPauseMonitor-omNode-2: Stopped
2022-05-11 01:29:35,030 [Listener at localhost/38653] INFO  ratis.OzoneManagerStateMachine (OzoneManagerStateMachine.java:close(490)) - StateMachine has shutdown. Shutdown OzoneManager if not already shutdown.
2022-05-11 01:29:35,030 [Listener at localhost/38653] INFO  ratis.OzoneManagerDoubleBuffer (OzoneManagerDoubleBuffer.java:stop(477)) - OMDoubleBuffer flush thread is not running.
2022-05-11 01:29:35,031 [Listener at localhost/38653] INFO  handler.ContextHandler (ContextHandler.java:doStop(1153)) - Stopped o.e.j.w.WebAppContext@8d274f3{ozoneManager,/,null,STOPPED}{file:/home/runner/work/ozone/ozone/hadoop-ozone/integration-test/target/test-classes/webapps/ozoneManager}
2022-05-11 01:29:35,031 [Listener at localhost/38653] INFO  server.AbstractConnector (AbstractConnector.java:doStop(381)) - Stopped ServerConnector@1cd3f6b3{HTTP/1.1, (http/1.1)}{0.0.0.0:45153}
2022-05-11 01:29:35,032 [Listener at localhost/38653] INFO  server.session (HouseKeeper.java:stopScavenging(149)) - node0 Stopped scavenging
2022-05-11 01:29:35,032 [Listener at localhost/38653] INFO  handler.ContextHandler (ContextHandler.java:doStop(1153)) - Stopped o.e.j.s.ServletContextHandler@4d027201{static,/static,file:///home/runner/work/ozone/ozone/hadoop-ozone/integration-test/target/test-classes/webapps/static,STOPPED}
2022-05-11 01:29:35,032 [Listener at localhost/38653] INFO  handler.ContextHandler (ContextHandler.java:doStop(1153)) - Stopped o.e.j.s.ServletContextHandler@24dfbc9b{logs,/logs,file:///home/runner/work/ozone/ozone/hadoop-ozone/integration-test/target/log,STOPPED}
2022-05-11 01:29:35,169 [eee5cc7d-4700-49e9-a538-fde0b838210a@group-BB2467D81C1B-FollowerState] INFO  impl.FollowerState (FollowerState.java:run(134)) - eee5cc7d-4700-49e9-a538-fde0b838210a@group-BB2467D81C1B-FollowerState: change to CANDIDATE, lastRpcElapsedTime:5026518616ns, electionTimeout:5018ms
2022-05-11 01:29:35,169 [eee5cc7d-4700-49e9-a538-fde0b838210a@group-BB2467D81C1B-FollowerState] INFO  impl.RoleInfo (RoleInfo.java:shutdownFollowerState(108)) - eee5cc7d-4700-49e9-a538-fde0b838210a: shutdown eee5cc7d-4700-49e9-a538-fde0b838210a@group-BB2467D81C1B-FollowerState
2022-05-11 01:29:35,169 [eee5cc7d-4700-49e9-a538-fde0b838210a@group-BB2467D81C1B-FollowerState] INFO  server.RaftServer$Division (RaftServerImpl.java:setRole(290)) - eee5cc7d-4700-49e9-a538-fde0b838210a@group-BB2467D81C1B: changes role from  FOLLOWER to CANDIDATE at term 3 for changeToCandidate
2022-05-11 01:29:35,169 [eee5cc7d-4700-49e9-a538-fde0b838210a@group-BB2467D81C1B-FollowerState] INFO  server.RaftServerConfigKeys (ConfUtils.java:logGet(44)) - raft.server.leaderelection.pre-vote = false (custom)
2022-05-11 01:29:35,169 [eee5cc7d-4700-49e9-a538-fde0b838210a@group-BB2467D81C1B-FollowerState] INFO  impl.RoleInfo (RoleInfo.java:updateAndGet(130)) - eee5cc7d-4700-49e9-a538-fde0b838210a: start eee5cc7d-4700-49e9-a538-fde0b838210a@group-BB2467D81C1B-LeaderElection14
2022-05-11 01:29:35,173 [eee5cc7d-4700-49e9-a538-fde0b838210a@group-BB2467D81C1B-LeaderElection14] INFO  impl.LeaderElection (LeaderElection.java:askForVotes(306)) - eee5cc7d-4700-49e9-a538-fde0b838210a@group-BB2467D81C1B-LeaderElection14 ELECTION round 0: submit vote requests at term 4 for -1: [705ac139-4337-45d7-ba9f-5c344296e65f|rpc:10.1.0.42:37439|dataStream:|priority:0, eee5cc7d-4700-49e9-a538-fde0b838210a|rpc:10.1.0.42:33975|dataStream:|priority:0, 7534a985-5663-44b5-b700-fcde65f49754|rpc:10.1.0.42:34977|dataStream:|priority:1], old=null
2022-05-11 01:29:35,180 [grpc-default-executor-1] INFO  server.RaftServer$Division (RaftServerImpl.java:requestVote(1046)) - 7534a985-5663-44b5-b700-fcde65f49754@group-BB2467D81C1B: receive requestVote(ELECTION, eee5cc7d-4700-49e9-a538-fde0b838210a, group-BB2467D81C1B, 4, (t:0, i:0))
2022-05-11 01:29:35,180 [grpc-default-executor-1] INFO  impl.VoteContext (VoteContext.java:log(48)) - 7534a985-5663-44b5-b700-fcde65f49754@group-BB2467D81C1B-FOLLOWER: reject ELECTION from eee5cc7d-4700-49e9-a538-fde0b838210a: our priority 1 > candidate's priority 0
2022-05-11 01:29:35,180 [grpc-default-executor-1] INFO  server.RaftServer$Division (RaftServerImpl.java:setRole(290)) - 7534a985-5663-44b5-b700-fcde65f49754@group-BB2467D81C1B: changes role from  FOLLOWER to FOLLOWER at term 4 for candidate:eee5cc7d-4700-49e9-a538-fde0b838210a
2022-05-11 01:29:35,180 [grpc-default-executor-1] INFO  impl.RoleInfo (RoleInfo.java:shutdownFollowerState(108)) - 7534a985-5663-44b5-b700-fcde65f49754: shutdown 7534a985-5663-44b5-b700-fcde65f49754@group-BB2467D81C1B-FollowerState
2022-05-11 01:29:35,180 [grpc-default-executor-1] INFO  impl.RoleInfo (RoleInfo.java:updateAndGet(130)) - 7534a985-5663-44b5-b700-fcde65f49754: start 7534a985-5663-44b5-b700-fcde65f49754@group-BB2467D81C1B-FollowerState
2022-05-11 01:29:35,181 [grpc-default-executor-0] INFO  server.RaftServer$Division (RaftServerImpl.java:requestVote(1046)) - 705ac139-4337-45d7-ba9f-5c344296e65f@group-BB2467D81C1B: receive requestVote(ELECTION, eee5cc7d-4700-49e9-a538-fde0b838210a, group-BB2467D81C1B, 4, (t:0, i:0))
2022-05-11 01:29:35,181 [7534a985-5663-44b5-b700-fcde65f49754@group-BB2467D81C1B-FollowerState] INFO  impl.FollowerState (FollowerState.java:run(143)) - 7534a985-5663-44b5-b700-fcde65f49754@group-BB2467D81C1B-FollowerState was interrupted: {}
java.lang.InterruptedException: sleep interrupted
	at java.lang.Thread.sleep(Native Method)
	at java.lang.Thread.sleep(Thread.java:342)
	at java.util.concurrent.TimeUnit.sleep(TimeUnit.java:386)
	at org.apache.ratis.util.TimeDuration.sleep(TimeDuration.java:324)
	at org.apache.ratis.util.TimeDuration.sleep(TimeDuration.java:309)
	at org.apache.ratis.server.impl.FollowerState.run(FollowerState.java:118)
2022-05-11 01:29:35,181 [grpc-default-executor-0] INFO  impl.VoteContext (VoteContext.java:log(48)) - 705ac139-4337-45d7-ba9f-5c344296e65f@group-BB2467D81C1B-FOLLOWER: accept ELECTION from eee5cc7d-4700-49e9-a538-fde0b838210a: our priority 0 <= candidate's priority 0
2022-05-11 01:29:35,181 [grpc-default-executor-0] INFO  server.RaftServer$Division (RaftServerImpl.java:setRole(290)) - 705ac139-4337-45d7-ba9f-5c344296e65f@group-BB2467D81C1B: changes role from  FOLLOWER to FOLLOWER at term 4 for candidate:eee5cc7d-4700-49e9-a538-fde0b838210a
2022-05-11 01:29:35,181 [grpc-default-executor-0] INFO  impl.RoleInfo (RoleInfo.java:shutdownFollowerState(108)) - 705ac139-4337-45d7-ba9f-5c344296e65f: shutdown 705ac139-4337-45d7-ba9f-5c344296e65f@group-BB2467D81C1B-FollowerState
2022-05-11 01:29:35,187 [grpc-default-executor-0] INFO  impl.RoleInfo (RoleInfo.java:updateAndGet(130)) - 705ac139-4337-45d7-ba9f-5c344296e65f: start 705ac139-4337-45d7-ba9f-5c344296e65f@group-BB2467D81C1B-FollowerState
2022-05-11 01:29:35,187 [705ac139-4337-45d7-ba9f-5c344296e65f@group-BB2467D81C1B-FollowerState] INFO  impl.FollowerState (FollowerState.java:run(143)) - 705ac139-4337-45d7-ba9f-5c344296e65f@group-BB2467D81C1B-FollowerState was interrupted: {}
java.lang.InterruptedException: sleep interrupted
	at java.lang.Thread.sleep(Native Method)
	at java.lang.Thread.sleep(Thread.java:342)
	at java.util.concurrent.TimeUnit.sleep(TimeUnit.java:386)
	at org.apache.ratis.util.TimeDuration.sleep(TimeDuration.java:324)
	at org.apache.ratis.util.TimeDuration.sleep(TimeDuration.java:309)
	at org.apache.ratis.server.impl.FollowerState.run(FollowerState.java:118)
2022-05-11 01:29:35,190 [grpc-default-executor-1] INFO  server.RaftServer$Division (RaftServerImpl.java:requestVote(1078)) - 7534a985-5663-44b5-b700-fcde65f49754@group-BB2467D81C1B replies to ELECTION vote request: eee5cc7d-4700-49e9-a538-fde0b838210a<-7534a985-5663-44b5-b700-fcde65f49754#0:FAIL-t4. Peer's state: 7534a985-5663-44b5-b700-fcde65f49754@group-BB2467D81C1B:t4, leader=null, voted=null, raftlog=7534a985-5663-44b5-b700-fcde65f49754@group-BB2467D81C1B-SegmentedRaftLog:OPENED:c-1, conf=-1: [705ac139-4337-45d7-ba9f-5c344296e65f|rpc:10.1.0.42:37439|dataStream:|priority:0, eee5cc7d-4700-49e9-a538-fde0b838210a|rpc:10.1.0.42:33975|dataStream:|priority:0, 7534a985-5663-44b5-b700-fcde65f49754|rpc:10.1.0.42:34977|dataStream:|priority:1], old=null
2022-05-11 01:29:35,190 [grpc-default-executor-0] INFO  server.RaftServer$Division (RaftServerImpl.java:requestVote(1078)) - 705ac139-4337-45d7-ba9f-5c344296e65f@group-BB2467D81C1B replies to ELECTION vote request: eee5cc7d-4700-49e9-a538-fde0b838210a<-705ac139-4337-45d7-ba9f-5c344296e65f#0:OK-t4. Peer's state: 705ac139-4337-45d7-ba9f-5c344296e65f@group-BB2467D81C1B:t4, leader=null, voted=eee5cc7d-4700-49e9-a538-fde0b838210a, raftlog=705ac139-4337-45d7-ba9f-5c344296e65f@group-BB2467D81C1B-SegmentedRaftLog:OPENED:c-1, conf=-1: [705ac139-4337-45d7-ba9f-5c344296e65f|rpc:10.1.0.42:37439|priority:0, eee5cc7d-4700-49e9-a538-fde0b838210a|rpc:10.1.0.42:33975|priority:0, 7534a985-5663-44b5-b700-fcde65f49754|rpc:10.1.0.42:34977|priority:1], old=null
2022-05-11 01:29:35,191 [eee5cc7d-4700-49e9-a538-fde0b838210a@group-BB2467D81C1B-LeaderElection14] INFO  impl.LeaderElection (LeaderElection.java:logAndReturn(89)) - eee5cc7d-4700-49e9-a538-fde0b838210a@group-BB2467D81C1B-LeaderElection14: ELECTION REJECTED received 1 response(s) and 0 exception(s):
2022-05-11 01:29:35,192 [eee5cc7d-4700-49e9-a538-fde0b838210a@group-BB2467D81C1B-LeaderElection14] INFO  impl.LeaderElection (LeaderElection.java:logAndReturn(93)) -   Response 0: eee5cc7d-4700-49e9-a538-fde0b838210a<-7534a985-5663-44b5-b700-fcde65f49754#0:FAIL-t4
2022-05-11 01:29:35,192 [eee5cc7d-4700-49e9-a538-fde0b838210a@group-BB2467D81C1B-LeaderElection14] INFO  impl.LeaderElection (LeaderElection.java:askForVotes(308)) - eee5cc7d-4700-49e9-a538-fde0b838210a@group-BB2467D81C1B-LeaderElection14 ELECTION round 0: result REJECTED
2022-05-11 01:29:35,192 [eee5cc7d-4700-49e9-a538-fde0b838210a@group-BB2467D81C1B-LeaderElection14] INFO  server.RaftServer$Division (RaftServerImpl.java:setRole(290)) - eee5cc7d-4700-49e9-a538-fde0b838210a@group-BB2467D81C1B: changes role from CANDIDATE to FOLLOWER at term 4 for REJECTED
2022-05-11 01:29:35,192 [eee5cc7d-4700-49e9-a538-fde0b838210a@group-BB2467D81C1B-LeaderElection14] INFO  impl.RoleInfo (RoleInfo.java:shutdownLeaderElection(121)) - eee5cc7d-4700-49e9-a538-fde0b838210a: shutdown eee5cc7d-4700-49e9-a538-fde0b838210a@group-BB2467D81C1B-LeaderElection14
2022-05-11 01:29:35,192 [eee5cc7d-4700-49e9-a538-fde0b838210a@group-BB2467D81C1B-LeaderElection14] INFO  impl.RoleInfo (RoleInfo.java:updateAndGet(130)) - eee5cc7d-4700-49e9-a538-fde0b838210a: start eee5cc7d-4700-49e9-a538-fde0b838210a@group-BB2467D81C1B-FollowerState
2022-05-11 01:29:36,568 [omNode-3@group-523986131536-FollowerState] INFO  impl.FollowerState (FollowerState.java:run(134)) - omNode-3@group-523986131536-FollowerState: change to CANDIDATE, lastRpcElapsedTime:1591267292ns, electionTimeout:1091ms
2022-05-11 01:29:36,568 [omNode-3@group-523986131536-FollowerState] INFO  impl.RoleInfo (RoleInfo.java:shutdownFollowerState(108)) - omNode-3: shutdown omNode-3@group-523986131536-FollowerState
2022-05-11 01:29:36,568 [omNode-3@group-523986131536-FollowerState] INFO  server.RaftServer$Division (RaftServerImpl.java:setRole(290)) - omNode-3@group-523986131536: changes role from  FOLLOWER to CANDIDATE at term 3 for changeToCandidate
2022-05-11 01:29:36,569 [omNode-3@group-523986131536-FollowerState] INFO  server.RaftServerConfigKeys (ConfUtils.java:logGet(44)) - raft.server.leaderelection.pre-vote = false (custom)
2022-05-11 01:29:36,570 [omNode-3@group-523986131536-FollowerState] INFO  impl.RoleInfo (RoleInfo.java:updateAndGet(130)) - omNode-3: start omNode-3@group-523986131536-LeaderElection15
2022-05-11 01:29:36,573 [omNode-3@group-523986131536-LeaderElection15] INFO  server.RaftServer$Division (ServerState.java:setLeader(285)) - omNode-3@group-523986131536: change Leader from omNode-2 to null at term 3 for ELECTION
2022-05-11 01:29:36,575 [omNode-3@group-523986131536-LeaderElection15] INFO  impl.LeaderElection (LeaderElection.java:askForVotes(306)) - omNode-3@group-523986131536-LeaderElection15 ELECTION round 0: submit vote requests at term 4 for 31: [omNode-3|rpc:localhost:40799|admin:|client:|dataStream:|priority:0, omNode-1|rpc:localhost:37959|admin:|client:|dataStream:|priority:0, omNode-2|rpc:localhost:36649|admin:|client:|dataStream:|priority:0], old=null
2022-05-11 01:29:36,583 [omNode-3@group-523986131536-LeaderElection15] INFO  impl.LeaderElection (LogUtils.java:infoOrTrace(137)) - omNode-3@group-523986131536-LeaderElection15 got exception when requesting votes: java.util.concurrent.ExecutionException: org.apache.ratis.thirdparty.io.grpc.StatusRuntimeException: UNAVAILABLE: io exception
2022-05-11 01:29:36,587 [grpc-default-executor-1] INFO  server.RaftServer$Division (RaftServerImpl.java:requestVote(1046)) - omNode-1@group-523986131536: receive requestVote(ELECTION, omNode-3, group-523986131536, 4, (t:3, i:56))
2022-05-11 01:29:36,587 [grpc-default-executor-1] INFO  impl.VoteContext (VoteContext.java:log(48)) - omNode-1@group-523986131536-FOLLOWER: accept ELECTION from omNode-3: our priority 0 <= candidate's priority 0
2022-05-11 01:29:36,587 [grpc-default-executor-1] INFO  server.RaftServer$Division (ServerState.java:setLeader(285)) - omNode-1@group-523986131536: change Leader from omNode-2 to null at term 4 for updateCurrentTerm
2022-05-11 01:29:36,587 [grpc-default-executor-1] INFO  server.RaftServer$Division (RaftServerImpl.java:setRole(290)) - omNode-1@group-523986131536: changes role from  FOLLOWER to FOLLOWER at term 4 for candidate:omNode-3
2022-05-11 01:29:36,587 [grpc-default-executor-1] INFO  impl.RoleInfo (RoleInfo.java:shutdownFollowerState(108)) - omNode-1: shutdown omNode-1@group-523986131536-FollowerState
2022-05-11 01:29:36,587 [grpc-default-executor-1] INFO  impl.RoleInfo (RoleInfo.java:updateAndGet(130)) - omNode-1: start omNode-1@group-523986131536-FollowerState
2022-05-11 01:29:36,587 [omNode-1@group-523986131536-FollowerState] INFO  impl.FollowerState (FollowerState.java:run(143)) - omNode-1@group-523986131536-FollowerState was interrupted: {}
java.lang.InterruptedException: sleep interrupted
	at java.lang.Thread.sleep(Native Method)
	at java.lang.Thread.sleep(Thread.java:342)
	at java.util.concurrent.TimeUnit.sleep(TimeUnit.java:386)
	at org.apache.ratis.util.TimeDuration.sleep(TimeDuration.java:324)
	at org.apache.ratis.util.TimeDuration.sleep(TimeDuration.java:309)
	at org.apache.ratis.server.impl.FollowerState.run(FollowerState.java:118)
2022-05-11 01:29:36,593 [grpc-default-executor-1] INFO  server.RaftServer$Division (RaftServerImpl.java:requestVote(1078)) - omNode-1@group-523986131536 replies to ELECTION vote request: omNode-3<-omNode-1#0:OK-t4. Peer's state: omNode-1@group-523986131536:t4, leader=null, voted=omNode-3, raftlog=omNode-1@group-523986131536-SegmentedRaftLog:OPENED:c55, conf=31: [omNode-3|rpc:localhost:40799|admin:|client:|dataStream:|priority:0, omNode-1|rpc:localhost:37959|admin:|client:|dataStream:|priority:0, omNode-2|rpc:localhost:36649|admin:|client:|dataStream:|priority:0], old=null
2022-05-11 01:29:36,595 [omNode-3@group-523986131536-LeaderElection15] INFO  impl.LeaderElection (LeaderElection.java:logAndReturn(89)) - omNode-3@group-523986131536-LeaderElection15: ELECTION PASSED received 1 response(s) and 1 exception(s):
2022-05-11 01:29:36,595 [omNode-3@group-523986131536-LeaderElection15] INFO  impl.LeaderElection (LeaderElection.java:logAndReturn(93)) -   Response 0: omNode-3<-omNode-1#0:OK-t4
2022-05-11 01:29:36,595 [omNode-3@group-523986131536-LeaderElection15] INFO  impl.LeaderElection (LogUtils.java:infoOrTrace(137)) -   Exception 1: java.util.concurrent.ExecutionException: org.apache.ratis.thirdparty.io.grpc.StatusRuntimeException: UNAVAILABLE: io exception
2022-05-11 01:29:36,595 [omNode-3@group-523986131536-LeaderElection15] INFO  impl.LeaderElection (LeaderElection.java:askForVotes(308)) - omNode-3@group-523986131536-LeaderElection15 ELECTION round 0: result PASSED
2022-05-11 01:29:36,595 [omNode-3@group-523986131536-LeaderElection15] INFO  impl.RoleInfo (RoleInfo.java:shutdownLeaderElection(121)) - omNode-3: shutdown omNode-3@group-523986131536-LeaderElection15
2022-05-11 01:29:36,595 [omNode-3@group-523986131536-LeaderElection15] INFO  server.RaftServer$Division (RaftServerImpl.java:setRole(290)) - omNode-3@group-523986131536: changes role from CANDIDATE to LEADER at term 4 for changeToLeader
2022-05-11 01:29:36,595 [omNode-3@group-523986131536-LeaderElection15] INFO  server.RaftServer$Division (ServerState.java:setLeader(285)) - omNode-3@group-523986131536: change Leader from null to omNode-3 at term 4 for becomeLeader, leader elected after 22ms
2022-05-11 01:29:36,595 [omNode-3@group-523986131536-LeaderElection15] INFO  server.RaftServerConfigKeys (ConfUtils.java:logGet(44)) - raft.server.staging.catchup.gap = 1000 (default)
2022-05-11 01:29:36,596 [omNode-3@group-523986131536-LeaderElection15] INFO  server.RaftServerConfigKeys (ConfUtils.java:logGet(44)) - raft.server.write.element-limit = 4096 (default)
2022-05-11 01:29:36,596 [omNode-3@group-523986131536-LeaderElection15] INFO  server.RaftServerConfigKeys (ConfUtils.java:logGet(44)) - raft.server.write.byte-limit = 64MB (=67108864) (default)
2022-05-11 01:29:36,596 [omNode-3@group-523986131536-LeaderElection15] INFO  server.RaftServerConfigKeys (ConfUtils.java:logGet(44)) - raft.server.watch.timeout = 10s (default)
2022-05-11 01:29:36,596 [omNode-3@group-523986131536-LeaderElection15] INFO  server.RaftServerConfigKeys (ConfUtils.java:logGet(44)) - raft.server.watch.timeout.denomination = 1s (default)
2022-05-11 01:29:36,596 [omNode-3@group-523986131536-LeaderElection15] INFO  server.RaftServerConfigKeys (ConfUtils.java:logGet(44)) - raft.server.watch.element-limit = 65536 (default)
2022-05-11 01:29:36,596 [omNode-3@group-523986131536-LeaderElection15] INFO  server.RaftServerConfigKeys (ConfUtils.java:logGet(44)) - raft.server.write.element-limit = 4096 (default)
2022-05-11 01:29:36,596 [omNode-3@group-523986131536-LeaderElection15] INFO  server.RaftServerConfigKeys (ConfUtils.java:logGet(44)) - raft.server.write.follower.gap.ratio.max = -1.0 (default)
2022-05-11 01:29:36,597 [omNode-3@group-523986131536-LeaderElection15] INFO  server.RaftServerConfigKeys (ConfUtils.java:logGet(44)) - raft.server.log.appender.snapshot.chunk.size.max = 16MB (=16777216) (default)
2022-05-11 01:29:36,597 [omNode-3@group-523986131536-LeaderElection15] INFO  server.RaftServerConfigKeys (ConfUtils.java:logGet(44)) - raft.server.log.appender.buffer.byte-limit = 33554432 (custom)
2022-05-11 01:29:36,597 [omNode-3@group-523986131536-LeaderElection15] INFO  server.RaftServerConfigKeys (ConfUtils.java:logGet(44)) - raft.server.log.appender.buffer.element-limit = 1024 (custom)
2022-05-11 01:29:36,597 [omNode-3@group-523986131536-LeaderElection15] INFO  grpc.GrpcConfigKeys (ConfUtils.java:logGet(44)) - raft.grpc.server.leader.outstanding.appends.max = 128 (default)
2022-05-11 01:29:36,597 [omNode-3@group-523986131536-LeaderElection15] INFO  server.RaftServerConfigKeys (ConfUtils.java:logGet(44)) - raft.server.rpc.request.timeout = 3000ms (default)
2022-05-11 01:29:36,597 [omNode-3@group-523986131536-LeaderElection15] INFO  server.RaftServerConfigKeys (ConfUtils.java:logGet(44)) - raft.server.log.appender.install.snapshot.enabled = false (custom)
2022-05-11 01:29:36,598 [omNode-3@group-523986131536-LeaderElection15] INFO  server.RaftServerConfigKeys (ConfUtils.java:logGet(44)) - raft.server.log.appender.snapshot.chunk.size.max = 16MB (=16777216) (default)
2022-05-11 01:29:36,598 [omNode-3@group-523986131536-LeaderElection15] INFO  server.RaftServerConfigKeys (ConfUtils.java:logGet(44)) - raft.server.log.appender.buffer.byte-limit = 33554432 (custom)
2022-05-11 01:29:36,598 [omNode-3@group-523986131536-LeaderElection15] INFO  server.RaftServerConfigKeys (ConfUtils.java:logGet(44)) - raft.server.log.appender.buffer.element-limit = 1024 (custom)
2022-05-11 01:29:36,598 [omNode-3@group-523986131536-LeaderElection15] INFO  grpc.GrpcConfigKeys (ConfUtils.java:logGet(44)) - raft.grpc.server.leader.outstanding.appends.max = 128 (default)
2022-05-11 01:29:36,598 [omNode-3@group-523986131536-LeaderElection15] INFO  server.RaftServerConfigKeys (ConfUtils.java:logGet(44)) - raft.server.rpc.request.timeout = 3000ms (default)
2022-05-11 01:29:36,599 [omNode-3@group-523986131536-LeaderElection15] INFO  server.RaftServerConfigKeys (ConfUtils.java:logGet(44)) - raft.server.log.appender.install.snapshot.enabled = false (custom)
2022-05-11 01:29:36,599 [omNode-3@group-523986131536-LeaderElection15] INFO  impl.RoleInfo (RoleInfo.java:updateAndGet(130)) - omNode-3: start omNode-3@group-523986131536-LeaderStateImpl
2022-05-11 01:29:36,600 [omNode-3@group-523986131536-LeaderElection15] INFO  segmented.SegmentedRaftLogWorker (SegmentedRaftLogWorker.java:rollLogSegment(399)) - omNode-3@group-523986131536-SegmentedRaftLogWorker: Rolling segment log-31_56 to index:56
2022-05-11 01:29:36,601 [omNode-3@group-523986131536-SegmentedRaftLogWorker] INFO  segmented.SegmentedRaftLogWorker (SegmentedRaftLogWorker.java:execute(558)) - omNode-3@group-523986131536-SegmentedRaftLogWorker: Rolled log segment from /home/runner/work/ozone/ozone/hadoop-ozone/integration-test/target/test-dir/MiniOzoneClusterImpl-ae28b10a-1883-433e-acb0-7438b5479a4c/omNode-3/ratis/c9bc4cf4-3bc3-3c60-a66b-523986131536/current/log_inprogress_31 to /home/runner/work/ozone/ozone/hadoop-ozone/integration-test/target/test-dir/MiniOzoneClusterImpl-ae28b10a-1883-433e-acb0-7438b5479a4c/omNode-3/ratis/c9bc4cf4-3bc3-3c60-a66b-523986131536/current/log_31-56
2022-05-11 01:29:36,605 [grpc-default-executor-1] WARN  server.GrpcLogAppender (LogUtils.java:warn(122)) - omNode-3@group-523986131536->omNode-2-AppendLogResponseHandler: Failed appendEntries: org.apache.ratis.thirdparty.io.grpc.StatusRuntimeException: UNAVAILABLE: io exception
2022-05-11 01:29:36,605 [omNode-3@group-523986131536-LeaderElection15] INFO  server.RaftServer$Division (ServerState.java:setRaftConf(387)) - omNode-3@group-523986131536: set configuration 57: [omNode-3|rpc:localhost:40799|admin:|client:|dataStream:|priority:0, omNode-1|rpc:localhost:37959|admin:|client:|dataStream:|priority:0, omNode-2|rpc:localhost:36649|admin:|client:|dataStream:|priority:0], old=null
2022-05-11 01:29:36,607 [grpc-default-executor-1] WARN  server.GrpcLogAppender (GrpcLogAppender.java:resetClient(110)) - omNode-3@group-523986131536->omNode-2-GrpcLogAppender: Leader has not got in touch with Follower omNode-3@group-523986131536->omNode-2(c-1,m0,n58, attendVote=true, lastRpcSendTime=0, lastRpcResponseTime=1210) yet, just keep nextIndex unchanged and retry.
2022-05-11 01:29:36,608 [grpc-default-executor-0] INFO  server.RaftServer$Division (ServerState.java:setLeader(285)) - omNode-1@group-523986131536: change Leader from null to omNode-3 at term 4 for appendEntries, leader elected after 21ms
2022-05-11 01:29:36,609 [grpc-default-executor-0] INFO  server.RaftServer$Division (ServerState.java:setRaftConf(387)) - omNode-1@group-523986131536: set configuration 57: [omNode-3|rpc:localhost:40799|admin:|client:|dataStream:|priority:0, omNode-1|rpc:localhost:37959|admin:|client:|dataStream:|priority:0, omNode-2|rpc:localhost:36649|admin:|client:|dataStream:|priority:0], old=null
2022-05-11 01:29:36,610 [grpc-default-executor-0] INFO  segmented.SegmentedRaftLogWorker (SegmentedRaftLogWorker.java:rollLogSegment(399)) - omNode-1@group-523986131536-SegmentedRaftLogWorker: Rolling segment log-31_56 to index:56
2022-05-11 01:29:36,611 [omNode-1@group-523986131536-SegmentedRaftLogWorker] INFO  segmented.SegmentedRaftLogWorker (SegmentedRaftLogWorker.java:execute(558)) - omNode-1@group-523986131536-SegmentedRaftLogWorker: Rolled log segment from /home/runner/work/ozone/ozone/hadoop-ozone/integration-test/target/test-dir/MiniOzoneClusterImpl-ae28b10a-1883-433e-acb0-7438b5479a4c/omNode-1/ratis/c9bc4cf4-3bc3-3c60-a66b-523986131536/current/log_inprogress_31 to /home/runner/work/ozone/ozone/hadoop-ozone/integration-test/target/test-dir/MiniOzoneClusterImpl-ae28b10a-1883-433e-acb0-7438b5479a4c/omNode-1/ratis/c9bc4cf4-3bc3-3c60-a66b-523986131536/current/log_31-56
2022-05-11 01:29:36,616 [omNode-3@group-523986131536-SegmentedRaftLogWorker] INFO  segmented.SegmentedRaftLogWorker (SegmentedRaftLogWorker.java:execute(601)) - omNode-3@group-523986131536-SegmentedRaftLogWorker: created new log segment /home/runner/work/ozone/ozone/hadoop-ozone/integration-test/target/test-dir/MiniOzoneClusterImpl-ae28b10a-1883-433e-acb0-7438b5479a4c/omNode-3/ratis/c9bc4cf4-3bc3-3c60-a66b-523986131536/current/log_inprogress_57
2022-05-11 01:29:36,637 [omNode-1@group-523986131536-SegmentedRaftLogWorker] INFO  segmented.SegmentedRaftLogWorker (SegmentedRaftLogWorker.java:execute(601)) - omNode-1@group-523986131536-SegmentedRaftLogWorker: created new log segment /home/runner/work/ozone/ozone/hadoop-ozone/integration-test/target/test-dir/MiniOzoneClusterImpl-ae28b10a-1883-433e-acb0-7438b5479a4c/omNode-1/ratis/c9bc4cf4-3bc3-3c60-a66b-523986131536/current/log_inprogress_57
2022-05-11 01:29:36,644 [omNode-3@group-523986131536-StateMachineUpdater] INFO  ratis.OzoneManagerStateMachine (OzoneManagerStateMachine.java:notifyConfigurationChanged(191)) - Received Configuration change notification from Ratis. New Peer list:
[id: "omNode-3"
address: "localhost:40799"
, id: "omNode-1"
address: "localhost:37959"
, id: "omNode-2"
address: "localhost:36649"
]
2022-05-11 01:29:36,646 [grpc-default-executor-1] WARN  server.GrpcLogAppender (LogUtils.java:warn(122)) - omNode-3@group-523986131536->omNode-2-AppendLogResponseHandler: Failed appendEntries: org.apache.ratis.thirdparty.io.grpc.StatusRuntimeException: UNAVAILABLE: io exception
2022-05-11 01:29:36,647 [grpc-default-executor-1] WARN  server.GrpcLogAppender (GrpcLogAppender.java:resetClient(110)) - omNode-3@group-523986131536->omNode-2-GrpcLogAppender: Leader has not got in touch with Follower omNode-3@group-523986131536->omNode-2(c-1,m0,n59, attendVote=true, lastRpcSendTime=0, lastRpcResponseTime=1250) yet, just keep nextIndex unchanged and retry.
2022-05-11 01:29:36,647 [omNode-1@group-523986131536-StateMachineUpdater] INFO  ratis.OzoneManagerStateMachine (OzoneManagerStateMachine.java:notifyConfigurationChanged(191)) - Received Configuration change notification from Ratis. New Peer list:
[id: "omNode-3"
address: "localhost:40799"
, id: "omNode-1"
address: "localhost:37959"
, id: "omNode-2"
address: "localhost:36649"
]
2022-05-11 01:29:37,146 [grpc-default-executor-1] WARN  server.GrpcLogAppender (LogUtils.java:warn(122)) - omNode-3@group-523986131536->omNode-2-AppendLogResponseHandler: Failed appendEntries: org.apache.ratis.thirdparty.io.grpc.StatusRuntimeException: UNAVAILABLE: io exception
2022-05-11 01:29:37,147 [grpc-default-executor-1] WARN  server.GrpcLogAppender (GrpcLogAppender.java:resetClient(110)) - omNode-3@group-523986131536->omNode-2-GrpcLogAppender: Leader has not got in touch with Follower omNode-3@group-523986131536->omNode-2(c-1,m0,n59, attendVote=true, lastRpcSendTime=1, lastRpcResponseTime=1750) yet, just keep nextIndex unchanged and retry.
2022-05-11 01:29:37,647 [grpc-default-executor-1] WARN  server.GrpcLogAppender (LogUtils.java:warn(122)) - omNode-3@group-523986131536->omNode-2-AppendLogResponseHandler: Failed appendEntries: org.apache.ratis.thirdparty.io.grpc.StatusRuntimeException: UNAVAILABLE: io exception
2022-05-11 01:29:37,648 [grpc-default-executor-1] WARN  server.GrpcLogAppender (GrpcLogAppender.java:resetClient(110)) - omNode-3@group-523986131536->omNode-2-GrpcLogAppender: Leader has not got in touch with Follower omNode-3@group-523986131536->omNode-2(c-1,m0,n59, attendVote=true, lastRpcSendTime=1, lastRpcResponseTime=2251) yet, just keep nextIndex unchanged and retry.
2022-05-11 01:29:38,147 [grpc-default-executor-1] WARN  server.GrpcLogAppender (LogUtils.java:warn(122)) - omNode-3@group-523986131536->omNode-2-AppendLogResponseHandler: Failed appendEntries: org.apache.ratis.thirdparty.io.grpc.StatusRuntimeException: UNAVAILABLE: io exception
2022-05-11 01:29:38,148 [grpc-default-executor-1] WARN  server.GrpcLogAppender (GrpcLogAppender.java:resetClient(110)) - omNode-3@group-523986131536->omNode-2-GrpcLogAppender: Leader has not got in touch with Follower omNode-3@group-523986131536->omNode-2(c-1,m0,n59, attendVote=true, lastRpcSendTime=1, lastRpcResponseTime=2751) yet, just keep nextIndex unchanged and retry.
2022-05-11 01:29:38,648 [grpc-default-executor-1] WARN  server.GrpcLogAppender (LogUtils.java:warn(122)) - omNode-3@group-523986131536->omNode-2-AppendLogResponseHandler: Failed appendEntries: org.apache.ratis.thirdparty.io.grpc.StatusRuntimeException: UNAVAILABLE: io exception
2022-05-11 01:29:38,649 [grpc-default-executor-1] WARN  server.GrpcLogAppender (GrpcLogAppender.java:resetClient(110)) - omNode-3@group-523986131536->omNode-2-GrpcLogAppender: Leader has not got in touch with Follower omNode-3@group-523986131536->omNode-2(c-1,m0,n59, attendVote=true, lastRpcSendTime=0, lastRpcResponseTime=3252) yet, just keep nextIndex unchanged and retry.
2022-05-11 01:29:39,148 [grpc-default-executor-1] WARN  server.GrpcLogAppender (LogUtils.java:warn(122)) - omNode-3@group-523986131536->omNode-2-AppendLogResponseHandler: Failed appendEntries: org.apache.ratis.thirdparty.io.grpc.StatusRuntimeException: UNAVAILABLE: io exception
2022-05-11 01:29:39,149 [grpc-default-executor-1] WARN  server.GrpcLogAppender (GrpcLogAppender.java:resetClient(110)) - omNode-3@group-523986131536->omNode-2-GrpcLogAppender: Leader has not got in touch with Follower omNode-3@group-523986131536->omNode-2(c-1,m0,n59, attendVote=true, lastRpcSendTime=1, lastRpcResponseTime=3752) yet, just keep nextIndex unchanged and retry.
2022-05-11 01:29:39,655 [grpc-default-executor-1] WARN  server.GrpcLogAppender (LogUtils.java:warn(122)) - omNode-3@group-523986131536->omNode-2-AppendLogResponseHandler: Failed appendEntries: org.apache.ratis.thirdparty.io.grpc.StatusRuntimeException: UNAVAILABLE: io exception
2022-05-11 01:29:39,655 [grpc-default-executor-1] WARN  server.GrpcLogAppender (GrpcLogAppender.java:resetClient(110)) - omNode-3@group-523986131536->omNode-2-GrpcLogAppender: Leader has not got in touch with Follower omNode-3@group-523986131536->omNode-2(c-1,m0,n59, attendVote=true, lastRpcSendTime=3, lastRpcResponseTime=4258) yet, just keep nextIndex unchanged and retry.
2022-05-11 01:29:40,153 [grpc-default-executor-1] WARN  server.GrpcLogAppender (LogUtils.java:warn(122)) - omNode-3@group-523986131536->omNode-2-AppendLogResponseHandler: Failed appendEntries: org.apache.ratis.thirdparty.io.grpc.StatusRuntimeException: UNAVAILABLE: io exception
2022-05-11 01:29:40,154 [grpc-default-executor-1] WARN  server.GrpcLogAppender (GrpcLogAppender.java:resetClient(110)) - omNode-3@group-523986131536->omNode-2-GrpcLogAppender: Leader has not got in touch with Follower omNode-3@group-523986131536->omNode-2(c-1,m0,n59, attendVote=true, lastRpcSendTime=1, lastRpcResponseTime=4757) yet, just keep nextIndex unchanged and retry.
2022-05-11 01:29:40,297 [7534a985-5663-44b5-b700-fcde65f49754@group-BB2467D81C1B-FollowerState] INFO  impl.FollowerState (FollowerState.java:run(134)) - 7534a985-5663-44b5-b700-fcde65f49754@group-BB2467D81C1B-FollowerState: change to CANDIDATE, lastRpcElapsedTime:5116751803ns, electionTimeout:5108ms
2022-05-11 01:29:40,297 [7534a985-5663-44b5-b700-fcde65f49754@group-BB2467D81C1B-FollowerState] INFO  impl.RoleInfo (RoleInfo.java:shutdownFollowerState(108)) - 7534a985-5663-44b5-b700-fcde65f49754: shutdown 7534a985-5663-44b5-b700-fcde65f49754@group-BB2467D81C1B-FollowerState
2022-05-11 01:29:40,298 [7534a985-5663-44b5-b700-fcde65f49754@group-BB2467D81C1B-FollowerState] INFO  server.RaftServer$Division (RaftServerImpl.java:setRole(290)) - 7534a985-5663-44b5-b700-fcde65f49754@group-BB2467D81C1B: changes role from  FOLLOWER to CANDIDATE at term 4 for changeToCandidate
2022-05-11 01:29:40,298 [7534a985-5663-44b5-b700-fcde65f49754@group-BB2467D81C1B-FollowerState] INFO  server.RaftServerConfigKeys (ConfUtils.java:logGet(44)) - raft.server.leaderelection.pre-vote = false (custom)
2022-05-11 01:29:40,298 [7534a985-5663-44b5-b700-fcde65f49754@group-BB2467D81C1B-FollowerState] INFO  impl.RoleInfo (RoleInfo.java:updateAndGet(130)) - 7534a985-5663-44b5-b700-fcde65f49754: start 7534a985-5663-44b5-b700-fcde65f49754@group-BB2467D81C1B-LeaderElection16
2022-05-11 01:29:40,314 [7534a985-5663-44b5-b700-fcde65f49754@group-BB2467D81C1B-LeaderElection16] INFO  impl.LeaderElection (LeaderElection.java:askForVotes(306)) - 7534a985-5663-44b5-b700-fcde65f49754@group-BB2467D81C1B-LeaderElection16 ELECTION round 0: submit vote requests at term 5 for -1: [705ac139-4337-45d7-ba9f-5c344296e65f|rpc:10.1.0.42:37439|dataStream:|priority:0, eee5cc7d-4700-49e9-a538-fde0b838210a|rpc:10.1.0.42:33975|dataStream:|priority:0, 7534a985-5663-44b5-b700-fcde65f49754|rpc:10.1.0.42:34977|dataStream:|priority:1], old=null
2022-05-11 01:29:40,317 [eee5cc7d-4700-49e9-a538-fde0b838210a@group-BB2467D81C1B-FollowerState] INFO  impl.FollowerState (FollowerState.java:run(134)) - eee5cc7d-4700-49e9-a538-fde0b838210a@group-BB2467D81C1B-FollowerState: change to CANDIDATE, lastRpcElapsedTime:5124881313ns, electionTimeout:5124ms
2022-05-11 01:29:40,317 [eee5cc7d-4700-49e9-a538-fde0b838210a@group-BB2467D81C1B-FollowerState] INFO  impl.RoleInfo (RoleInfo.java:shutdownFollowerState(108)) - eee5cc7d-4700-49e9-a538-fde0b838210a: shutdown eee5cc7d-4700-49e9-a538-fde0b838210a@group-BB2467D81C1B-FollowerState
2022-05-11 01:29:40,317 [eee5cc7d-4700-49e9-a538-fde0b838210a@group-BB2467D81C1B-FollowerState] INFO  server.RaftServer$Division (RaftServerImpl.java:setRole(290)) - eee5cc7d-4700-49e9-a538-fde0b838210a@group-BB2467D81C1B: changes role from  FOLLOWER to CANDIDATE at term 4 for changeToCandidate
2022-05-11 01:29:40,317 [eee5cc7d-4700-49e9-a538-fde0b838210a@group-BB2467D81C1B-FollowerState] INFO  server.RaftServerConfigKeys (ConfUtils.java:logGet(44)) - raft.server.leaderelection.pre-vote = false (custom)
2022-05-11 01:29:40,317 [eee5cc7d-4700-49e9-a538-fde0b838210a@group-BB2467D81C1B-FollowerState] INFO  impl.RoleInfo (RoleInfo.java:updateAndGet(130)) - eee5cc7d-4700-49e9-a538-fde0b838210a: start eee5cc7d-4700-49e9-a538-fde0b838210a@group-BB2467D81C1B-LeaderElection17
2022-05-11 01:29:40,323 [grpc-default-executor-0] INFO  server.RaftServer$Division (RaftServerImpl.java:requestVote(1046)) - eee5cc7d-4700-49e9-a538-fde0b838210a@group-BB2467D81C1B: receive requestVote(ELECTION, 7534a985-5663-44b5-b700-fcde65f49754, group-BB2467D81C1B, 5, (t:0, i:0))
2022-05-11 01:29:40,323 [grpc-default-executor-1] INFO  server.RaftServer$Division (RaftServerImpl.java:requestVote(1046)) - 705ac139-4337-45d7-ba9f-5c344296e65f@group-BB2467D81C1B: receive requestVote(ELECTION, 7534a985-5663-44b5-b700-fcde65f49754, group-BB2467D81C1B, 5, (t:0, i:0))
2022-05-11 01:29:40,323 [grpc-default-executor-1] INFO  impl.VoteContext (VoteContext.java:log(48)) - 705ac139-4337-45d7-ba9f-5c344296e65f@group-BB2467D81C1B-FOLLOWER: accept ELECTION from 7534a985-5663-44b5-b700-fcde65f49754: our priority 0 <= candidate's priority 1
2022-05-11 01:29:40,323 [grpc-default-executor-1] INFO  server.RaftServer$Division (RaftServerImpl.java:setRole(290)) - 705ac139-4337-45d7-ba9f-5c344296e65f@group-BB2467D81C1B: changes role from  FOLLOWER to FOLLOWER at term 5 for candidate:7534a985-5663-44b5-b700-fcde65f49754
2022-05-11 01:29:40,323 [grpc-default-executor-1] INFO  impl.RoleInfo (RoleInfo.java:shutdownFollowerState(108)) - 705ac139-4337-45d7-ba9f-5c344296e65f: shutdown 705ac139-4337-45d7-ba9f-5c344296e65f@group-BB2467D81C1B-FollowerState
2022-05-11 01:29:40,323 [grpc-default-executor-1] INFO  impl.RoleInfo (RoleInfo.java:updateAndGet(130)) - 705ac139-4337-45d7-ba9f-5c344296e65f: start 705ac139-4337-45d7-ba9f-5c344296e65f@group-BB2467D81C1B-FollowerState
2022-05-11 01:29:40,324 [705ac139-4337-45d7-ba9f-5c344296e65f@group-BB2467D81C1B-FollowerState] INFO  impl.FollowerState (FollowerState.java:run(143)) - 705ac139-4337-45d7-ba9f-5c344296e65f@group-BB2467D81C1B-FollowerState was interrupted: {}
java.lang.InterruptedException: sleep interrupted
	at java.lang.Thread.sleep(Native Method)
	at java.lang.Thread.sleep(Thread.java:342)
	at java.util.concurrent.TimeUnit.sleep(TimeUnit.java:386)
	at org.apache.ratis.util.TimeDuration.sleep(TimeDuration.java:324)
	at org.apache.ratis.util.TimeDuration.sleep(TimeDuration.java:309)
	at org.apache.ratis.server.impl.FollowerState.run(FollowerState.java:118)
2022-05-11 01:29:40,326 [grpc-default-executor-0] INFO  impl.VoteContext (VoteContext.java:log(48)) - eee5cc7d-4700-49e9-a538-fde0b838210a@group-BB2467D81C1B-CANDIDATE: reject ELECTION from 7534a985-5663-44b5-b700-fcde65f49754: already has voted for eee5cc7d-4700-49e9-a538-fde0b838210a at current term 5
2022-05-11 01:29:40,326 [grpc-default-executor-0] INFO  server.RaftServer$Division (RaftServerImpl.java:requestVote(1078)) - eee5cc7d-4700-49e9-a538-fde0b838210a@group-BB2467D81C1B replies to ELECTION vote request: 7534a985-5663-44b5-b700-fcde65f49754<-eee5cc7d-4700-49e9-a538-fde0b838210a#0:FAIL-t5. Peer's state: eee5cc7d-4700-49e9-a538-fde0b838210a@group-BB2467D81C1B:t5, leader=null, voted=eee5cc7d-4700-49e9-a538-fde0b838210a, raftlog=eee5cc7d-4700-49e9-a538-fde0b838210a@group-BB2467D81C1B-SegmentedRaftLog:OPENED:c-1, conf=-1: [705ac139-4337-45d7-ba9f-5c344296e65f|rpc:10.1.0.42:37439|dataStream:|priority:0, eee5cc7d-4700-49e9-a538-fde0b838210a|rpc:10.1.0.42:33975|dataStream:|priority:0, 7534a985-5663-44b5-b700-fcde65f49754|rpc:10.1.0.42:34977|dataStream:|priority:1], old=null
2022-05-11 01:29:40,337 [eee5cc7d-4700-49e9-a538-fde0b838210a@group-BB2467D81C1B-LeaderElection17] INFO  impl.LeaderElection (LeaderElection.java:askForVotes(306)) - eee5cc7d-4700-49e9-a538-fde0b838210a@group-BB2467D81C1B-LeaderElection17 ELECTION round 0: submit vote requests at term 5 for -1: [705ac139-4337-45d7-ba9f-5c344296e65f|rpc:10.1.0.42:37439|dataStream:|priority:0, eee5cc7d-4700-49e9-a538-fde0b838210a|rpc:10.1.0.42:33975|dataStream:|priority:0, 7534a985-5663-44b5-b700-fcde65f49754|rpc:10.1.0.42:34977|dataStream:|priority:1], old=null
2022-05-11 01:29:40,343 [grpc-default-executor-1] INFO  server.RaftServer$Division (RaftServerImpl.java:requestVote(1078)) - 705ac139-4337-45d7-ba9f-5c344296e65f@group-BB2467D81C1B replies to ELECTION vote request: 7534a985-5663-44b5-b700-fcde65f49754<-705ac139-4337-45d7-ba9f-5c344296e65f#0:OK-t5. Peer's state: 705ac139-4337-45d7-ba9f-5c344296e65f@group-BB2467D81C1B:t5, leader=null, voted=7534a985-5663-44b5-b700-fcde65f49754, raftlog=705ac139-4337-45d7-ba9f-5c344296e65f@group-BB2467D81C1B-SegmentedRaftLog:OPENED:c-1, conf=-1: [705ac139-4337-45d7-ba9f-5c344296e65f|rpc:10.1.0.42:37439|priority:0, eee5cc7d-4700-49e9-a538-fde0b838210a|rpc:10.1.0.42:33975|priority:0, 7534a985-5663-44b5-b700-fcde65f49754|rpc:10.1.0.42:34977|priority:1], old=null
2022-05-11 01:29:40,347 [7534a985-5663-44b5-b700-fcde65f49754@group-BB2467D81C1B-LeaderElection16] INFO  impl.LeaderElection (LeaderElection.java:logAndReturn(89)) - 7534a985-5663-44b5-b700-fcde65f49754@group-BB2467D81C1B-LeaderElection16: ELECTION PASSED received 2 response(s) and 0 exception(s):
2022-05-11 01:29:40,347 [7534a985-5663-44b5-b700-fcde65f49754@group-BB2467D81C1B-LeaderElection16] INFO  impl.LeaderElection (LeaderElection.java:logAndReturn(93)) -   Response 0: 7534a985-5663-44b5-b700-fcde65f49754<-705ac139-4337-45d7-ba9f-5c344296e65f#0:OK-t5
2022-05-11 01:29:40,347 [7534a985-5663-44b5-b700-fcde65f49754@group-BB2467D81C1B-LeaderElection16] INFO  impl.LeaderElection (LeaderElection.java:logAndReturn(93)) -   Response 1: 7534a985-5663-44b5-b700-fcde65f49754<-eee5cc7d-4700-49e9-a538-fde0b838210a#0:FAIL-t5
2022-05-11 01:29:40,347 [7534a985-5663-44b5-b700-fcde65f49754@group-BB2467D81C1B-LeaderElection16] INFO  impl.LeaderElection (LeaderElection.java:askForVotes(308)) - 7534a985-5663-44b5-b700-fcde65f49754@group-BB2467D81C1B-LeaderElection16 ELECTION round 0: result PASSED
2022-05-11 01:29:40,347 [7534a985-5663-44b5-b700-fcde65f49754@group-BB2467D81C1B-LeaderElection16] INFO  impl.RoleInfo (RoleInfo.java:shutdownLeaderElection(121)) - 7534a985-5663-44b5-b700-fcde65f49754: shutdown 7534a985-5663-44b5-b700-fcde65f49754@group-BB2467D81C1B-LeaderElection16
2022-05-11 01:29:40,348 [7534a985-5663-44b5-b700-fcde65f49754@group-BB2467D81C1B-LeaderElection16] INFO  server.RaftServer$Division (RaftServerImpl.java:setRole(290)) - 7534a985-5663-44b5-b700-fcde65f49754@group-BB2467D81C1B: changes role from CANDIDATE to LEADER at term 5 for changeToLeader
2022-05-11 01:29:40,348 [7534a985-5663-44b5-b700-fcde65f49754@group-BB2467D81C1B-LeaderElection16] INFO  ratis.XceiverServerRatis (XceiverServerRatis.java:handleLeaderChangedNotification(863)) - Leader change notification received for group: group-BB2467D81C1B with new leaderId: 7534a985-5663-44b5-b700-fcde65f49754
2022-05-11 01:29:40,348 [7534a985-5663-44b5-b700-fcde65f49754@group-BB2467D81C1B-LeaderElection16] INFO  server.RaftServer$Division (ServerState.java:setLeader(285)) - 7534a985-5663-44b5-b700-fcde65f49754@group-BB2467D81C1B: change Leader from null to 7534a985-5663-44b5-b700-fcde65f49754 at term 5 for becomeLeader, leader elected after 25685ms
2022-05-11 01:29:40,348 [7534a985-5663-44b5-b700-fcde65f49754@group-BB2467D81C1B-LeaderElection16] INFO  server.RaftServerConfigKeys (ConfUtils.java:logGet(44)) - raft.server.staging.catchup.gap = 1000 (default)
2022-05-11 01:29:40,349 [7534a985-5663-44b5-b700-fcde65f49754@group-BB2467D81C1B-LeaderElection16] INFO  server.RaftServerConfigKeys (ConfUtils.java:logGet(44)) - raft.server.write.element-limit = 1024 (custom)
2022-05-11 01:29:40,349 [7534a985-5663-44b5-b700-fcde65f49754@group-BB2467D81C1B-LeaderElection16] INFO  server.RaftServerConfigKeys (ConfUtils.java:logGet(44)) - raft.server.write.byte-limit = 1024 M (=1073741824) (custom)
2022-05-11 01:29:40,349 [7534a985-5663-44b5-b700-fcde65f49754@group-BB2467D81C1B-LeaderElection16] INFO  server.RaftServerConfigKeys (ConfUtils.java:logGet(44)) - raft.server.watch.timeout = 180s (custom)
2022-05-11 01:29:40,349 [7534a985-5663-44b5-b700-fcde65f49754@group-BB2467D81C1B-LeaderElection16] INFO  server.RaftServerConfigKeys (ConfUtils.java:logGet(44)) - raft.server.watch.timeout.denomination = 1s (default)
2022-05-11 01:29:40,349 [7534a985-5663-44b5-b700-fcde65f49754@group-BB2467D81C1B-LeaderElection16] INFO  server.RaftServerConfigKeys (ConfUtils.java:logGet(44)) - raft.server.watch.element-limit = 65536 (default)
2022-05-11 01:29:40,349 [7534a985-5663-44b5-b700-fcde65f49754@group-BB2467D81C1B-LeaderElection16] INFO  server.RaftServerConfigKeys (ConfUtils.java:logGet(44)) - raft.server.write.element-limit = 1024 (custom)
2022-05-11 01:29:40,349 [7534a985-5663-44b5-b700-fcde65f49754@group-BB2467D81C1B-LeaderElection16] INFO  server.RaftServerConfigKeys (ConfUtils.java:logGet(44)) - raft.server.write.follower.gap.ratio.max = -1.0 (default)
2022-05-11 01:29:40,349 [7534a985-5663-44b5-b700-fcde65f49754@group-BB2467D81C1B-LeaderElection16] INFO  server.RaftServerConfigKeys (ConfUtils.java:logGet(44)) - raft.server.log.appender.snapshot.chunk.size.max = 16MB (=16777216) (default)
2022-05-11 01:29:40,350 [7534a985-5663-44b5-b700-fcde65f49754@group-BB2467D81C1B-LeaderElection16] INFO  server.RaftServerConfigKeys (ConfUtils.java:logGet(44)) - raft.server.log.appender.buffer.byte-limit = 33554432 (custom)
2022-05-11 01:29:40,350 [7534a985-5663-44b5-b700-fcde65f49754@group-BB2467D81C1B-LeaderElection16] INFO  server.RaftServerConfigKeys (ConfUtils.java:logGet(44)) - raft.server.log.appender.buffer.element-limit = 1 (custom)
2022-05-11 01:29:40,350 [7534a985-5663-44b5-b700-fcde65f49754@group-BB2467D81C1B-LeaderElection16] INFO  grpc.GrpcConfigKeys (ConfUtils.java:logGet(44)) - raft.grpc.server.leader.outstanding.appends.max = 128 (default)
2022-05-11 01:29:40,350 [7534a985-5663-44b5-b700-fcde65f49754@group-BB2467D81C1B-LeaderElection16] INFO  server.RaftServerConfigKeys (ConfUtils.java:logGet(44)) - raft.server.rpc.request.timeout = 60s (custom)
2022-05-11 01:29:40,350 [7534a985-5663-44b5-b700-fcde65f49754@group-BB2467D81C1B-LeaderElection16] INFO  server.RaftServerConfigKeys (ConfUtils.java:logGet(44)) - raft.server.log.appender.install.snapshot.enabled = false (custom)
2022-05-11 01:29:40,352 [7534a985-5663-44b5-b700-fcde65f49754@group-BB2467D81C1B-LeaderElection16] INFO  server.RaftServerConfigKeys (ConfUtils.java:logGet(44)) - raft.server.log.appender.snapshot.chunk.size.max = 16MB (=16777216) (default)
2022-05-11 01:29:40,352 [7534a985-5663-44b5-b700-fcde65f49754@group-BB2467D81C1B-LeaderElection16] INFO  server.RaftServerConfigKeys (ConfUtils.java:logGet(44)) - raft.server.log.appender.buffer.byte-limit = 33554432 (custom)
2022-05-11 01:29:40,352 [7534a985-5663-44b5-b700-fcde65f49754@group-BB2467D81C1B-LeaderElection16] INFO  server.RaftServerConfigKeys (ConfUtils.java:logGet(44)) - raft.server.log.appender.buffer.element-limit = 1 (custom)
2022-05-11 01:29:40,352 [7534a985-5663-44b5-b700-fcde65f49754@group-BB2467D81C1B-LeaderElection16] INFO  grpc.GrpcConfigKeys (ConfUtils.java:logGet(44)) - raft.grpc.server.leader.outstanding.appends.max = 128 (default)
2022-05-11 01:29:40,352 [7534a985-5663-44b5-b700-fcde65f49754@group-BB2467D81C1B-LeaderElection16] INFO  server.RaftServerConfigKeys (ConfUtils.java:logGet(44)) - raft.server.rpc.request.timeout = 60s (custom)
2022-05-11 01:29:40,352 [7534a985-5663-44b5-b700-fcde65f49754@group-BB2467D81C1B-LeaderElection16] INFO  server.RaftServerConfigKeys (ConfUtils.java:logGet(44)) - raft.server.log.appender.install.snapshot.enabled = false (custom)
2022-05-11 01:29:40,353 [EventQueue-PipelineReportForPipelineReportHandler] INFO  pipeline.PipelineManagerImpl (PipelineManagerImpl.java:openPipeline(336)) - Pipeline Pipeline[ Id: e6233ef8-8c88-4cd3-85d2-bb2467d81c1b, Nodes: eee5cc7d-4700-49e9-a538-fde0b838210a{ip: 10.1.0.42, host: fv-az291-847.wgnan5asplgejimfprtllbpdch.jx.internal.cloudapp.net, ports: [REPLICATION=43993, RATIS=33975, RATIS_ADMIN=33975, RATIS_SERVER=33975, STANDALONE=43291], networkLocation: /default-rack, certSerialId: null, persistedOpState: IN_SERVICE, persistedOpStateExpiryEpochSec: 0}705ac139-4337-45d7-ba9f-5c344296e65f{ip: 10.1.0.42, host: fv-az291-847.wgnan5asplgejimfprtllbpdch.jx.internal.cloudapp.net, ports: [REPLICATION=34973, RATIS=37439, RATIS_ADMIN=37439, RATIS_SERVER=37439, STANDALONE=41099], networkLocation: /default-rack, certSerialId: null, persistedOpState: IN_SERVICE, persistedOpStateExpiryEpochSec: 0}7534a985-5663-44b5-b700-fcde65f49754{ip: 10.1.0.42, host: fv-az291-847.wgnan5asplgejimfprtllbpdch.jx.internal.cloudapp.net, ports: [REPLICATION=35267, RATIS=34977, RATIS_ADMIN=34977, RATIS_SERVER=34977, STANDALONE=38477], networkLocation: /default-rack, certSerialId: null, persistedOpState: IN_SERVICE, persistedOpStateExpiryEpochSec: 0}, ReplicationConfig: RATIS/THREE, State:ALLOCATED, leaderId:7534a985-5663-44b5-b700-fcde65f49754, CreationTimestamp2022-05-11T01:29:12.089Z[Etc/UTC]] moved to OPEN state
2022-05-11 01:29:40,355 [grpc-default-executor-1] INFO  server.RaftServer$Division (RaftServerImpl.java:requestVote(1046)) - 705ac139-4337-45d7-ba9f-5c344296e65f@group-BB2467D81C1B: receive requestVote(ELECTION, eee5cc7d-4700-49e9-a538-fde0b838210a, group-BB2467D81C1B, 5, (t:0, i:0))
2022-05-11 01:29:40,355 [grpc-default-executor-1] INFO  impl.VoteContext (VoteContext.java:log(48)) - 705ac139-4337-45d7-ba9f-5c344296e65f@group-BB2467D81C1B-FOLLOWER: reject ELECTION from eee5cc7d-4700-49e9-a538-fde0b838210a: already has voted for 7534a985-5663-44b5-b700-fcde65f49754 at current term 5
2022-05-11 01:29:40,355 [grpc-default-executor-1] INFO  server.RaftServer$Division (RaftServerImpl.java:requestVote(1078)) - 705ac139-4337-45d7-ba9f-5c344296e65f@group-BB2467D81C1B replies to ELECTION vote request: eee5cc7d-4700-49e9-a538-fde0b838210a<-705ac139-4337-45d7-ba9f-5c344296e65f#0:FAIL-t5. Peer's state: 705ac139-4337-45d7-ba9f-5c344296e65f@group-BB2467D81C1B:t5, leader=null, voted=7534a985-5663-44b5-b700-fcde65f49754, raftlog=705ac139-4337-45d7-ba9f-5c344296e65f@group-BB2467D81C1B-SegmentedRaftLog:OPENED:c-1, conf=-1: [705ac139-4337-45d7-ba9f-5c344296e65f|rpc:10.1.0.42:37439|priority:0, eee5cc7d-4700-49e9-a538-fde0b838210a|rpc:10.1.0.42:33975|priority:0, 7534a985-5663-44b5-b700-fcde65f49754|rpc:10.1.0.42:34977|priority:1], old=null
2022-05-11 01:29:40,357 [7534a985-5663-44b5-b700-fcde65f49754@group-BB2467D81C1B-LeaderElection16] INFO  impl.RoleInfo (RoleInfo.java:updateAndGet(130)) - 7534a985-5663-44b5-b700-fcde65f49754: start 7534a985-5663-44b5-b700-fcde65f49754@group-BB2467D81C1B-LeaderStateImpl
2022-05-11 01:29:40,357 [7534a985-5663-44b5-b700-fcde65f49754@group-BB2467D81C1B-LeaderElection16] INFO  segmented.SegmentedRaftLogWorker (SegmentedRaftLogWorker.java:startLogSegment(394)) - 7534a985-5663-44b5-b700-fcde65f49754@group-BB2467D81C1B-SegmentedRaftLogWorker: Starting segment from index:0
2022-05-11 01:29:40,360 [7534a985-5663-44b5-b700-fcde65f49754@group-BB2467D81C1B-SegmentedRaftLogWorker] INFO  segmented.SegmentedRaftLogWorker (SegmentedRaftLogWorker.java:execute(601)) - 7534a985-5663-44b5-b700-fcde65f49754@group-BB2467D81C1B-SegmentedRaftLogWorker: created new log segment /home/runner/work/ozone/ozone/hadoop-ozone/integration-test/target/test-dir/MiniOzoneClusterImpl-ae28b10a-1883-433e-acb0-7438b5479a4c/datanode-1/data/ratis/e6233ef8-8c88-4cd3-85d2-bb2467d81c1b/current/log_inprogress_0
2022-05-11 01:29:40,363 [grpc-default-executor-1] INFO  server.RaftServer$Division (RaftServerImpl.java:requestVote(1046)) - 7534a985-5663-44b5-b700-fcde65f49754@group-BB2467D81C1B: receive requestVote(ELECTION, eee5cc7d-4700-49e9-a538-fde0b838210a, group-BB2467D81C1B, 5, (t:0, i:0))
2022-05-11 01:29:40,368 [grpc-default-executor-2] INFO  server.RaftServer$Division (RaftServerImpl.java:setRole(290)) - eee5cc7d-4700-49e9-a538-fde0b838210a@group-BB2467D81C1B: changes role from CANDIDATE to FOLLOWER at term 5 for appendEntries
2022-05-11 01:29:40,368 [grpc-default-executor-2] INFO  impl.RoleInfo (RoleInfo.java:shutdownLeaderElection(121)) - eee5cc7d-4700-49e9-a538-fde0b838210a: shutdown eee5cc7d-4700-49e9-a538-fde0b838210a@group-BB2467D81C1B-LeaderElection17
2022-05-11 01:29:40,371 [grpc-default-executor-2] INFO  impl.RoleInfo (RoleInfo.java:updateAndGet(130)) - eee5cc7d-4700-49e9-a538-fde0b838210a: start eee5cc7d-4700-49e9-a538-fde0b838210a@group-BB2467D81C1B-FollowerState
2022-05-11 01:29:40,374 [7534a985-5663-44b5-b700-fcde65f49754@group-BB2467D81C1B-LeaderElection16] INFO  server.RaftServer$Division (ServerState.java:setRaftConf(387)) - 7534a985-5663-44b5-b700-fcde65f49754@group-BB2467D81C1B: set configuration 0: [705ac139-4337-45d7-ba9f-5c344296e65f|rpc:10.1.0.42:37439|dataStream:|priority:0, eee5cc7d-4700-49e9-a538-fde0b838210a|rpc:10.1.0.42:33975|dataStream:|priority:0, 7534a985-5663-44b5-b700-fcde65f49754|rpc:10.1.0.42:34977|dataStream:|priority:1], old=null
2022-05-11 01:29:40,374 [grpc-default-executor-1] INFO  impl.VoteContext (VoteContext.java:log(48)) - 7534a985-5663-44b5-b700-fcde65f49754@group-BB2467D81C1B-LEADER: reject ELECTION from eee5cc7d-4700-49e9-a538-fde0b838210a: already has voted for 7534a985-5663-44b5-b700-fcde65f49754 at current term 5
2022-05-11 01:29:40,374 [grpc-default-executor-2] INFO  ratis.XceiverServerRatis (XceiverServerRatis.java:handleLeaderChangedNotification(863)) - Leader change notification received for group: group-BB2467D81C1B with new leaderId: 7534a985-5663-44b5-b700-fcde65f49754
2022-05-11 01:29:40,374 [grpc-default-executor-1] INFO  server.RaftServer$Division (RaftServerImpl.java:requestVote(1078)) - 7534a985-5663-44b5-b700-fcde65f49754@group-BB2467D81C1B replies to ELECTION vote request: eee5cc7d-4700-49e9-a538-fde0b838210a<-7534a985-5663-44b5-b700-fcde65f49754#0:FAIL-t5. Peer's state: 7534a985-5663-44b5-b700-fcde65f49754@group-BB2467D81C1B:t5, leader=7534a985-5663-44b5-b700-fcde65f49754, voted=7534a985-5663-44b5-b700-fcde65f49754, raftlog=7534a985-5663-44b5-b700-fcde65f49754@group-BB2467D81C1B-SegmentedRaftLog:OPENED:c-1, conf=0: [705ac139-4337-45d7-ba9f-5c344296e65f|rpc:10.1.0.42:37439|dataStream:|priority:0, eee5cc7d-4700-49e9-a538-fde0b838210a|rpc:10.1.0.42:33975|dataStream:|priority:0, 7534a985-5663-44b5-b700-fcde65f49754|rpc:10.1.0.42:34977|dataStream:|priority:1], old=null
2022-05-11 01:29:40,374 [grpc-default-executor-2] INFO  server.RaftServer$Division (ServerState.java:setLeader(285)) - eee5cc7d-4700-49e9-a538-fde0b838210a@group-BB2467D81C1B: change Leader from null to 7534a985-5663-44b5-b700-fcde65f49754 at term 5 for appendEntries, leader elected after 25772ms
2022-05-11 01:29:40,376 [eee5cc7d-4700-49e9-a538-fde0b838210a@group-BB2467D81C1B-LeaderElection17] INFO  impl.LeaderElection (LeaderElection.java:logAndReturn(89)) - eee5cc7d-4700-49e9-a538-fde0b838210a@group-BB2467D81C1B-LeaderElection17: ELECTION REJECTED received 2 response(s) and 0 exception(s):
2022-05-11 01:29:40,376 [eee5cc7d-4700-49e9-a538-fde0b838210a@group-BB2467D81C1B-LeaderElection17] INFO  impl.LeaderElection (LeaderElection.java:logAndReturn(93)) -   Response 0: eee5cc7d-4700-49e9-a538-fde0b838210a<-705ac139-4337-45d7-ba9f-5c344296e65f#0:FAIL-t5
2022-05-11 01:29:40,376 [eee5cc7d-4700-49e9-a538-fde0b838210a@group-BB2467D81C1B-LeaderElection17] INFO  impl.LeaderElection (LeaderElection.java:logAndReturn(93)) -   Response 1: eee5cc7d-4700-49e9-a538-fde0b838210a<-7534a985-5663-44b5-b700-fcde65f49754#0:FAIL-t5
2022-05-11 01:29:40,377 [eee5cc7d-4700-49e9-a538-fde0b838210a@group-BB2467D81C1B-LeaderElection17] INFO  impl.LeaderElection (LeaderElection.java:askForVotes(308)) - eee5cc7d-4700-49e9-a538-fde0b838210a@group-BB2467D81C1B-LeaderElection17 ELECTION round 0: result REJECTED
2022-05-11 01:29:40,378 [grpc-default-executor-0] INFO  ratis.XceiverServerRatis (XceiverServerRatis.java:handleLeaderChangedNotification(863)) - Leader change notification received for group: group-BB2467D81C1B with new leaderId: 7534a985-5663-44b5-b700-fcde65f49754
2022-05-11 01:29:40,378 [grpc-default-executor-0] INFO  server.RaftServer$Division (ServerState.java:setLeader(285)) - 705ac139-4337-45d7-ba9f-5c344296e65f@group-BB2467D81C1B: change Leader from null to 7534a985-5663-44b5-b700-fcde65f49754 at term 5 for appendEntries, leader elected after 25811ms
2022-05-11 01:29:40,387 [grpc-default-executor-2] INFO  server.RaftServer$Division (ServerState.java:setRaftConf(387)) - eee5cc7d-4700-49e9-a538-fde0b838210a@group-BB2467D81C1B: set configuration 0: [705ac139-4337-45d7-ba9f-5c344296e65f|rpc:10.1.0.42:37439|dataStream:|priority:0, eee5cc7d-4700-49e9-a538-fde0b838210a|rpc:10.1.0.42:33975|dataStream:|priority:0, 7534a985-5663-44b5-b700-fcde65f49754|rpc:10.1.0.42:34977|dataStream:|priority:1], old=null
2022-05-11 01:29:40,388 [grpc-default-executor-2] INFO  segmented.SegmentedRaftLogWorker (SegmentedRaftLogWorker.java:startLogSegment(394)) - eee5cc7d-4700-49e9-a538-fde0b838210a@group-BB2467D81C1B-SegmentedRaftLogWorker: Starting segment from index:0
2022-05-11 01:29:40,390 [eee5cc7d-4700-49e9-a538-fde0b838210a@group-BB2467D81C1B-SegmentedRaftLogWorker] INFO  segmented.SegmentedRaftLogWorker (SegmentedRaftLogWorker.java:execute(601)) - eee5cc7d-4700-49e9-a538-fde0b838210a@group-BB2467D81C1B-SegmentedRaftLogWorker: created new log segment /home/runner/work/ozone/ozone/hadoop-ozone/integration-test/target/test-dir/MiniOzoneClusterImpl-ae28b10a-1883-433e-acb0-7438b5479a4c/datanode-2/data/ratis/e6233ef8-8c88-4cd3-85d2-bb2467d81c1b/current/log_inprogress_0
2022-05-11 01:29:40,395 [grpc-default-executor-0] INFO  server.RaftServer$Division (ServerState.java:setRaftConf(387)) - 705ac139-4337-45d7-ba9f-5c344296e65f@group-BB2467D81C1B: set configuration 0: [705ac139-4337-45d7-ba9f-5c344296e65f|rpc:10.1.0.42:37439|dataStream:|priority:0, eee5cc7d-4700-49e9-a538-fde0b838210a|rpc:10.1.0.42:33975|dataStream:|priority:0, 7534a985-5663-44b5-b700-fcde65f49754|rpc:10.1.0.42:34977|dataStream:|priority:1], old=null
2022-05-11 01:29:40,396 [grpc-default-executor-0] INFO  segmented.SegmentedRaftLogWorker (SegmentedRaftLogWorker.java:startLogSegment(394)) - 705ac139-4337-45d7-ba9f-5c344296e65f@group-BB2467D81C1B-SegmentedRaftLogWorker: Starting segment from index:0
2022-05-11 01:29:40,400 [705ac139-4337-45d7-ba9f-5c344296e65f@group-BB2467D81C1B-SegmentedRaftLogWorker] INFO  segmented.SegmentedRaftLogWorker (SegmentedRaftLogWorker.java:execute(601)) - 705ac139-4337-45d7-ba9f-5c344296e65f@group-BB2467D81C1B-SegmentedRaftLogWorker: created new log segment /home/runner/work/ozone/ozone/hadoop-ozone/integration-test/target/test-dir/MiniOzoneClusterImpl-ae28b10a-1883-433e-acb0-7438b5479a4c/datanode-0/data/ratis/e6233ef8-8c88-4cd3-85d2-bb2467d81c1b/current/log_inprogress_0
2022-05-11 01:29:40,653 [grpc-default-executor-0] WARN  server.GrpcLogAppender (LogUtils.java:warn(122)) - omNode-3@group-523986131536->omNode-2-AppendLogResponseHandler: Failed appendEntries: org.apache.ratis.thirdparty.io.grpc.StatusRuntimeException: UNAVAILABLE: io exception
2022-05-11 01:29:40,654 [grpc-default-executor-0] WARN  server.GrpcLogAppender (GrpcLogAppender.java:resetClient(110)) - omNode-3@group-523986131536->omNode-2-GrpcLogAppender: Leader has not got in touch with Follower omNode-3@group-523986131536->omNode-2(c-1,m0,n59, attendVote=true, lastRpcSendTime=0, lastRpcResponseTime=5257) yet, just keep nextIndex unchanged and retry.
2022-05-11 01:29:41,153 [grpc-default-executor-0] WARN  server.GrpcLogAppender (LogUtils.java:warn(122)) - omNode-3@group-523986131536->omNode-2-AppendLogResponseHandler: Failed appendEntries: org.apache.ratis.thirdparty.io.grpc.StatusRuntimeException: UNAVAILABLE: io exception
2022-05-11 01:29:41,154 [grpc-default-executor-0] WARN  server.GrpcLogAppender (GrpcLogAppender.java:resetClient(110)) - omNode-3@group-523986131536->omNode-2-GrpcLogAppender: Leader has not got in touch with Follower omNode-3@group-523986131536->omNode-2(c-1,m0,n59, attendVote=true, lastRpcSendTime=1, lastRpcResponseTime=5757) yet, just keep nextIndex unchanged and retry.
2022-05-11 01:29:41,654 [grpc-default-executor-0] WARN  server.GrpcLogAppender (LogUtils.java:warn(122)) - omNode-3@group-523986131536->omNode-2-AppendLogResponseHandler: Failed appendEntries: org.apache.ratis.thirdparty.io.grpc.StatusRuntimeException: UNAVAILABLE: io exception
2022-05-11 01:29:41,655 [grpc-default-executor-0] WARN  server.GrpcLogAppender (GrpcLogAppender.java:resetClient(110)) - omNode-3@group-523986131536->omNode-2-GrpcLogAppender: Leader has not got in touch with Follower omNode-3@group-523986131536->omNode-2(c-1,m0,n59, attendVote=true, lastRpcSendTime=1, lastRpcResponseTime=6258) yet, just keep nextIndex unchanged and retry.
2022-05-11 01:29:42,154 [grpc-default-executor-0] WARN  server.GrpcLogAppender (LogUtils.java:warn(122)) - omNode-3@group-523986131536->omNode-2-AppendLogResponseHandler: Failed appendEntries: org.apache.ratis.thirdparty.io.grpc.StatusRuntimeException: UNAVAILABLE: io exception
2022-05-11 01:29:42,155 [grpc-default-executor-0] WARN  server.GrpcLogAppender (GrpcLogAppender.java:resetClient(110)) - omNode-3@group-523986131536->omNode-2-GrpcLogAppender: Leader has not got in touch with Follower omNode-3@group-523986131536->omNode-2(c-1,m0,n59, attendVote=true, lastRpcSendTime=1, lastRpcResponseTime=6758) yet, just keep nextIndex unchanged and retry.
2022-05-11 01:29:42,654 [grpc-default-executor-0] WARN  server.GrpcLogAppender (LogUtils.java:warn(122)) - omNode-3@group-523986131536->omNode-2-AppendLogResponseHandler: Failed appendEntries: org.apache.ratis.thirdparty.io.grpc.StatusRuntimeException: UNAVAILABLE: io exception
2022-05-11 01:29:42,655 [grpc-default-executor-0] WARN  server.GrpcLogAppender (GrpcLogAppender.java:resetClient(110)) - omNode-3@group-523986131536->omNode-2-GrpcLogAppender: Leader has not got in touch with Follower omNode-3@group-523986131536->omNode-2(c-1,m0,n59, attendVote=true, lastRpcSendTime=1, lastRpcResponseTime=7258) yet, just keep nextIndex unchanged and retry.
2022-05-11 01:29:43,040 [Listener at localhost/38653] INFO  retry.RetryInvocationHandler (RetryInvocationHandler.java:log(411)) - com.google.protobuf.ServiceException: java.io.EOFException: End of File Exception between local host is: "fv-az291-847/10.1.0.42"; destination host is: "localhost":38653; : java.io.EOFException; For more details see:  http://wiki.apache.org/hadoop/EOFException, while invoking $Proxy54.submitRequest over nodeId=omNode-2,nodeAddress=127.0.0.1:38653. Trying to failover immediately.
2022-05-11 01:29:43,055 [Listener at localhost/38653] INFO  om.OzoneManager (OzoneManager.java:stop(1950)) - omNode-3[localhost:43241]: Stopping Ozone Manager
2022-05-11 01:29:43,056 [Listener at localhost/38653] INFO  ipc.Server (Server.java:stop(3414)) - Stopping server on 43241
2022-05-11 01:29:43,059 [IPC Server listener on 43241] INFO  ipc.Server (Server.java:run(1376)) - Stopping IPC Server listener on 43241
2022-05-11 01:29:43,065 [IPC Server Responder] INFO  ipc.Server (Server.java:run(1512)) - Stopping IPC Server Responder
2022-05-11 01:29:43,065 [Listener at localhost/38653] INFO  server.RaftServer (RaftServerProxy.java:lambda$close$6(391)) - omNode-3: close
2022-05-11 01:29:43,066 [Listener at localhost/38653] INFO  server.RaftServer$Division (RaftServerImpl.java:lambda$close$4(412)) - omNode-3@group-523986131536: shutdown
2022-05-11 01:29:43,067 [Listener at localhost/38653] INFO  util.JmxRegister (JmxRegister.java:unregister(73)) - Successfully un-registered JMX Bean with object name Ratis:service=RaftServer,group=group-523986131536,id=omNode-3
2022-05-11 01:29:43,067 [Listener at localhost/38653] INFO  impl.RoleInfo (RoleInfo.java:shutdownLeaderState(91)) - omNode-3: shutdown omNode-3@group-523986131536-LeaderStateImpl
2022-05-11 01:29:43,087 [Listener at localhost/38653] INFO  impl.PendingRequests (PendingRequests.java:sendNotLeaderResponses(282)) - omNode-3@group-523986131536-PendingRequests: sendNotLeaderResponses
2022-05-11 01:29:43,087 [omNode-3@group-523986131536->omNode-1-GrpcLogAppender-LogAppenderDaemon] WARN  server.GrpcLogAppender (GrpcLogAppender.java:mayWait(177)) - omNode-3@group-523986131536->omNode-1-GrpcLogAppender: Wait interrupted by java.lang.InterruptedException
2022-05-11 01:29:43,100 [Listener at localhost/38653] INFO  impl.StateMachineUpdater (StateMachineUpdater.java:stopAndJoin(149)) - omNode-3@group-523986131536-StateMachineUpdater: set stopIndex = 58
2022-05-11 01:29:43,101 [grpc-default-executor-0] INFO  server.GrpcServerProtocolService (GrpcServerProtocolService.java:onCompleted(140)) - omNode-1: Completed APPEND_ENTRIES, lastRequest: omNode-3->omNode-1#2-t4,previous=(t:4, i:57),leaderCommit=57,initializing? true,entries: size=1, first=(t:4, i:58), METADATAENTRY(c:57)
2022-05-11 01:29:43,101 [omNode-3@group-523986131536-StateMachineUpdater] INFO  ratis.OzoneManagerStateMachine (OzoneManagerStateMachine.java:takeSnapshot(436)) - Current Snapshot Index (t:4, i:58)
2022-05-11 01:29:43,101 [omNode-3@group-523986131536-StateMachineUpdater] INFO  impl.StateMachineUpdater (StateMachineUpdater.java:takeSnapshot(281)) - omNode-3@group-523986131536-StateMachineUpdater: Took a snapshot at index 58
2022-05-11 01:29:43,101 [omNode-3@group-523986131536-StateMachineUpdater] INFO  impl.StateMachineUpdater (StateMachineUpdater.java:lambda$new$0(89)) - omNode-3@group-523986131536-StateMachineUpdater: snapshotIndex: updateIncreasingly 29 -> 58
2022-05-11 01:29:43,101 [omNode-3@group-523986131536-StateMachineUpdater] INFO  raftlog.RaftLog (RaftLogBase.java:purge(306)) - omNode-3@group-523986131536-SegmentedRaftLog: purge 58
2022-05-11 01:29:43,101 [omNode-3@group-523986131536-StateMachineUpdater] INFO  raftlog.RaftLog (RaftLogBase.java:lambda$new$0(53)) - omNode-3@group-523986131536-SegmentedRaftLog: snapshotIndex: updateIncreasingly 29 -> 58
2022-05-11 01:29:43,101 [omNode-3@group-523986131536-StateMachineUpdater] INFO  ratis.OzoneManagerStateMachine (OzoneManagerStateMachine.java:close(490)) - StateMachine has shutdown. Shutdown OzoneManager if not already shutdown.
2022-05-11 01:29:43,101 [omNode-3@group-523986131536-StateMachineUpdater] INFO  ratis.OzoneManagerDoubleBuffer (OzoneManagerDoubleBuffer.java:stop(465)) - Stopping OMDoubleBuffer flush thread
2022-05-11 01:29:43,102 [OMDoubleBufferFlushThread] INFO  ratis.OzoneManagerDoubleBuffer (OzoneManagerDoubleBuffer.java:flushTransactions(385)) - OMDoubleBuffer flush thread OMDoubleBufferFlushThread is interrupted and will exit.
2022-05-11 01:29:43,102 [omNode-3@group-523986131536-SegmentedRaftLogWorker] INFO  raftlog.RaftLog (RaftLogBase.java:lambda$new$0(53)) - omNode-3@group-523986131536-SegmentedRaftLog: purgeIndex: updateToMax old=-1, new=56, updated? true
2022-05-11 01:29:43,104 [Listener at localhost/38653] INFO  server.RaftServer$Division (ServerState.java:close(419)) - omNode-3@group-523986131536: closes. applyIndex: 58
2022-05-11 01:29:43,104 [omNode-3@group-523986131536-SegmentedRaftLogWorker] INFO  segmented.SegmentedRaftLogWorker (SegmentedRaftLogWorker.java:run(327)) - omNode-3@group-523986131536-SegmentedRaftLogWorker was interrupted, exiting. There are 0 tasks remaining in the queue.
2022-05-11 01:29:43,105 [Listener at localhost/38653] INFO  segmented.SegmentedRaftLogWorker (SegmentedRaftLogWorker.java:close(237)) - omNode-3@group-523986131536-SegmentedRaftLogWorker close()
2022-05-11 01:29:43,106 [grpc-default-executor-0] INFO  server.GrpcLogAppender (GrpcLogAppender.java:onCompleted(346)) - omNode-3@group-523986131536->omNode-1-AppendLogResponseHandler: follower responses appendEntries COMPLETED
2022-05-11 01:29:43,106 [grpc-default-executor-0] INFO  leader.FollowerInfo (FollowerInfoImpl.java:lambda$new$0(47)) - omNode-3@group-523986131536->omNode-1: nextIndex: updateUnconditionally 59 -> 58
2022-05-11 01:29:43,107 [Listener at localhost/38653] INFO  server.GrpcService (GrpcService.java:closeImpl(262)) - omNode-3: shutdown server with port 40799 now
2022-05-11 01:29:43,110 [Listener at localhost/38653] INFO  server.GrpcService (GrpcService.java:closeImpl(271)) - omNode-3: shutdown server with port 40799 successfully
2022-05-11 01:29:43,111 [org.apache.ratis.util.JvmPauseMonitor$$Lambda$637/1274334510@6cb71851] INFO  util.JvmPauseMonitor (JvmPauseMonitor.java:run(109)) - JvmPauseMonitor-omNode-3: Stopped
2022-05-11 01:29:43,111 [Listener at localhost/38653] INFO  ratis.OzoneManagerStateMachine (OzoneManagerStateMachine.java:close(490)) - StateMachine has shutdown. Shutdown OzoneManager if not already shutdown.
2022-05-11 01:29:43,111 [Listener at localhost/38653] INFO  ratis.OzoneManagerDoubleBuffer (OzoneManagerDoubleBuffer.java:stop(477)) - OMDoubleBuffer flush thread is not running.
2022-05-11 01:29:43,112 [Listener at localhost/38653] INFO  handler.ContextHandler (ContextHandler.java:doStop(1153)) - Stopped o.e.j.w.WebAppContext@3b6585fb{ozoneManager,/,null,STOPPED}{file:/home/runner/work/ozone/ozone/hadoop-ozone/integration-test/target/test-classes/webapps/ozoneManager}
2022-05-11 01:29:43,113 [Listener at localhost/38653] INFO  server.AbstractConnector (AbstractConnector.java:doStop(381)) - Stopped ServerConnector@3663c8d{HTTP/1.1, (http/1.1)}{0.0.0.0:45829}
2022-05-11 01:29:43,113 [Listener at localhost/38653] INFO  server.session (HouseKeeper.java:stopScavenging(149)) - node0 Stopped scavenging
2022-05-11 01:29:43,113 [Listener at localhost/38653] INFO  handler.ContextHandler (ContextHandler.java:doStop(1153)) - Stopped o.e.j.s.ServletContextHandler@1475ce17{static,/static,file:///home/runner/work/ozone/ozone/hadoop-ozone/integration-test/target/test-classes/webapps/static,STOPPED}
2022-05-11 01:29:43,113 [Listener at localhost/38653] INFO  handler.ContextHandler (ContextHandler.java:doStop(1153)) - Stopped o.e.j.s.ServletContextHandler@2322d697{logs,/logs,file:///home/runner/work/ozone/ozone/hadoop-ozone/integration-test/target/log,STOPPED}
2022-05-11 01:29:43,117 [Listener at localhost/38653] INFO  om.OzoneManager (OzoneManager.java:restart(1487)) - OzoneManager RPC server is listening at localhost/127.0.0.1:43241
2022-05-11 01:29:43,117 [Listener at localhost/38653] INFO  impl.MetricsSystemImpl (MetricsSystemImpl.java:init(158)) - OzoneManager metrics system started (again)
2022-05-11 01:29:43,131 [Listener at localhost/38653] WARN  server.ServerUtils (ServerUtils.java:getDBPath(225)) - ozone.om.db.dirs is not configured. We recommend adding this setting. Falling back to ozone.metadata.dirs instead.
2022-05-11 01:29:43,132 [Listener at localhost/38653] INFO  codec.OmKeyInfoCodec (OmKeyInfoCodec.java:<init>(49)) - OmKeyInfoCodec ignorePipeline = true
2022-05-11 01:29:43,132 [Listener at localhost/38653] INFO  codec.RepeatedOmKeyInfoCodec (RepeatedOmKeyInfoCodec.java:<init>(41)) - RepeatedOmKeyInfoCodec ignorePipeline = true
2022-05-11 01:29:43,208 [Listener at localhost/38653] WARN  impl.MetricRegistriesImpl (MetricRegistriesImpl.java:addReporterRegistration(111)) - New reporters are added after registries were created. Some metrics will be missing from the reporter. Please add reporter before adding any new registry.
2022-05-11 01:29:43,208 [Listener at localhost/38653] WARN  impl.MetricRegistriesImpl (MetricRegistriesImpl.java:addReporterRegistration(111)) - New reporters are added after registries were created. Some metrics will be missing from the reporter. Please add reporter before adding any new registry.
2022-05-11 01:29:43,209 [Listener at localhost/38653] WARN  server.ServerUtils (ServerUtils.java:getDefaultRatisDirectory(237)) - Storage directory for Ratis is not configured. It is a good idea to map this to an SSD disk. Falling back to ozone.metadata.dirs
2022-05-11 01:29:43,210 [Listener at localhost/38653] INFO  ratis.OzoneManagerRatisServer (OzoneManagerRatisServer.java:<init>(159)) - Instantiating OM Ratis server with groupID: om-service-test1 and peers: localhost:40799, localhost:37959, localhost:36649
2022-05-11 01:29:43,211 [Listener at localhost/38653] INFO  ratis.OzoneManagerStateMachine (OzoneManagerStateMachine.java:loadSnapshotInfoFromDB(627)) - LastAppliedIndex is set from TransactionInfo from OM DB as (t:4, i:58)
2022-05-11 01:29:43,212 [Listener at localhost/38653] INFO  server.RaftServer (ConfUtils.java:logGet(44)) - raft.rpc.type = GRPC (default)
2022-05-11 01:29:43,212 [Listener at localhost/38653] INFO  grpc.GrpcFactory (GrpcFactory.java:checkPooledByteBufAllocatorUseCacheForAllThreads(48)) - PERFORMANCE WARNING: useCacheForAllThreads is true that may cause Netty to create a lot garbage objects and, as a result, trigger GC.
	It is recommended to disable useCacheForAllThreads by setting -Dorg.apache.ratis.thirdparty.io.netty.allocator.useCacheForAllThreads=false in command line.
2022-05-11 01:29:43,212 [Listener at localhost/38653] INFO  grpc.GrpcConfigKeys (ConfUtils.java:logGet(44)) - raft.grpc.admin.port = -1 (default)
2022-05-11 01:29:43,212 [Listener at localhost/38653] INFO  grpc.GrpcConfigKeys (ConfUtils.java:logGet(44)) - raft.grpc.server.port = 40799 (custom)
2022-05-11 01:29:43,213 [Listener at localhost/38653] INFO  grpc.GrpcConfigKeys (ConfUtils.java:logGet(44)) - raft.grpc.client.port = -1 (default)
2022-05-11 01:29:43,213 [Listener at localhost/38653] INFO  grpc.GrpcConfigKeys (ConfUtils.java:logGet(44)) - raft.grpc.server.port = 40799 (custom)
2022-05-11 01:29:43,213 [Listener at localhost/38653] INFO  grpc.GrpcConfigKeys (ConfUtils.java:logGet(44)) - raft.grpc.server.port = 40799 (custom)
2022-05-11 01:29:43,213 [Listener at localhost/38653] INFO  server.GrpcService (ConfUtils.java:logGet(44)) - raft.grpc.message.size.max = 33554432 (custom)
2022-05-11 01:29:43,213 [Listener at localhost/38653] INFO  server.RaftServerConfigKeys (ConfUtils.java:logGet(44)) - raft.server.log.appender.buffer.byte-limit = 33554432 (custom)
2022-05-11 01:29:43,214 [Listener at localhost/38653] INFO  server.GrpcService (ConfUtils.java:logGet(44)) - raft.grpc.flow.control.window = 1MB (=1048576) (default)
2022-05-11 01:29:43,215 [Listener at localhost/38653] INFO  server.RaftServerConfigKeys (ConfUtils.java:logGet(44)) - raft.server.rpc.request.timeout = 3000ms (default)
2022-05-11 01:29:43,217 [Listener at localhost/38653] INFO  impl.DataStreamServerImpl (ConfUtils.java:logGet(44)) - raft.datastream.type = DISABLED (default)
2022-05-11 01:29:43,217 [Listener at localhost/38653] INFO  server.RaftServerConfigKeys (ConfUtils.java:logGet(44)) - raft.server.rpc.slowness.timeout = 2s (custom)
2022-05-11 01:29:43,218 [Listener at localhost/38653] INFO  server.RaftServerConfigKeys (ConfUtils.java:logGet(44)) - raft.server.leaderelection.leader.step-down.wait-time = 10s (default)
2022-05-11 01:29:43,218 [Listener at localhost/38653] INFO  server.RaftServerConfigKeys (ConfUtils.java:logGet(44)) - raft.server.storage.dir = [/home/runner/work/ozone/ozone/hadoop-ozone/integration-test/target/test-dir/MiniOzoneClusterImpl-ae28b10a-1883-433e-acb0-7438b5479a4c/omNode-3/ratis] (custom)
2022-05-11 01:29:43,218 [Listener at localhost/38653] INFO  server.RaftServer (RaftServerProxy.java:lambda$null$1(235)) - omNode-3: found a subdirectory /home/runner/work/ozone/ozone/hadoop-ozone/integration-test/target/test-dir/MiniOzoneClusterImpl-ae28b10a-1883-433e-acb0-7438b5479a4c/omNode-3/ratis/c9bc4cf4-3bc3-3c60-a66b-523986131536
2022-05-11 01:29:43,218 [Listener at localhost/38653] INFO  server.RaftServer (RaftServerProxy.java:addNew(95)) - omNode-3: addNew group-523986131536:[omNode-3|rpc:localhost:40799|priority:0, omNode-1|rpc:localhost:37959|priority:0, omNode-2|rpc:localhost:36649|priority:0] returns group-523986131536:java.util.concurrent.CompletableFuture@4a8e78c0[Not completed]
2022-05-11 01:29:43,219 [pool-279-thread-1] INFO  server.RaftServer$Division (RaftServerImpl.java:<init>(184)) - omNode-3: new RaftServerImpl for group-523986131536:[omNode-3|rpc:localhost:40799|priority:0, omNode-1|rpc:localhost:37959|priority:0, omNode-2|rpc:localhost:36649|priority:0] with OzoneManagerStateMachine:uninitialized
2022-05-11 01:29:43,219 [Listener at localhost/38653] INFO  om.OzoneManager (OzoneManager.java:initializeRatisServer(1891)) - OzoneManager Ratis server initialized at port 40799
2022-05-11 01:29:43,220 [pool-279-thread-1] INFO  server.RaftServerConfigKeys (ConfUtils.java:logGet(44)) - raft.server.rpc.timeout.min = 1s (custom)
2022-05-11 01:29:43,220 [Listener at localhost/38653] INFO  ratis.OzoneManagerRatisServer (OzoneManagerRatisServer.java:start(554)) - Starting OzoneManagerRatisServer omNode-3 at port 40799
2022-05-11 01:29:43,220 [pool-279-thread-1] INFO  server.RaftServerConfigKeys (ConfUtils.java:logGet(44)) - raft.server.rpc.timeout.max = 1200ms (custom)
2022-05-11 01:29:43,220 [pool-279-thread-1] INFO  server.RaftServerConfigKeys (ConfUtils.java:logGet(44)) - raft.server.rpc.sleep.time = 25ms (default)
2022-05-11 01:29:43,220 [pool-279-thread-1] INFO  server.RaftServerConfigKeys (ConfUtils.java:logGet(44)) - raft.server.rpc.slowness.timeout = 2s (custom)
2022-05-11 01:29:43,220 [pool-279-thread-1] INFO  server.RaftServerConfigKeys (ConfUtils.java:logGet(44)) - raft.server.leaderelection.leader.step-down.wait-time = 10s (default)
2022-05-11 01:29:43,220 [pool-279-thread-1] INFO  server.RaftServerConfigKeys (ConfUtils.java:logGet(44)) - raft.server.sleep.deviation.threshold = 300ms (default)
2022-05-11 01:29:43,220 [pool-279-thread-1] INFO  server.RaftServerConfigKeys (ConfUtils.java:logGet(44)) - raft.server.log.appender.install.snapshot.enabled = false (custom)
2022-05-11 01:29:43,220 [pool-279-thread-1] INFO  server.RaftServer$Division (ServerState.java:<init>(105)) - omNode-3@group-523986131536: ConfigurationManager, init=-1: [omNode-3|rpc:localhost:40799|priority:0, omNode-1|rpc:localhost:37959|priority:0, omNode-2|rpc:localhost:36649|priority:0], old=null, confs=<EMPTY_MAP>
2022-05-11 01:29:43,221 [pool-279-thread-1] INFO  server.RaftServerConfigKeys (ConfUtils.java:logGet(44)) - raft.server.storage.dir = [/home/runner/work/ozone/ozone/hadoop-ozone/integration-test/target/test-dir/MiniOzoneClusterImpl-ae28b10a-1883-433e-acb0-7438b5479a4c/omNode-3/ratis] (custom)
2022-05-11 01:29:43,221 [pool-279-thread-1] INFO  server.RaftServerConfigKeys (ConfUtils.java:logGet(44)) - raft.server.log.corruption.policy = EXCEPTION (default)
2022-05-11 01:29:43,221 [pool-279-thread-1] INFO  server.RaftServerConfigKeys (ConfUtils.java:logGet(44)) - raft.server.storage.free-space.min = 0MB (=0) (default)
2022-05-11 01:29:43,222 [pool-279-thread-1] INFO  storage.RaftStorageDirectory (RaftStorageDirectoryImpl.java:tryLock(230)) - Lock on /home/runner/work/ozone/ozone/hadoop-ozone/integration-test/target/test-dir/MiniOzoneClusterImpl-ae28b10a-1883-433e-acb0-7438b5479a4c/omNode-3/ratis/c9bc4cf4-3bc3-3c60-a66b-523986131536/in_use.lock acquired by nodename 4883@fv-az291-847
2022-05-11 01:29:43,223 [pool-279-thread-1] INFO  storage.RaftStorage (RaftStorageImpl.java:analyzeAndRecoverStorage(110)) - Read RaftStorageMetadata{term=4, votedFor=omNode-3} from /home/runner/work/ozone/ozone/hadoop-ozone/integration-test/target/test-dir/MiniOzoneClusterImpl-ae28b10a-1883-433e-acb0-7438b5479a4c/omNode-3/ratis/c9bc4cf4-3bc3-3c60-a66b-523986131536/current/raft-meta
2022-05-11 01:29:43,223 [pool-279-thread-1] INFO  server.RaftServer$Division (ServerState.java:setRaftConf(387)) - omNode-3@group-523986131536: set configuration 57: [omNode-3|rpc:localhost:40799|admin:|client:|dataStream:|priority:0, omNode-1|rpc:localhost:37959|admin:|client:|dataStream:|priority:0, omNode-2|rpc:localhost:36649|admin:|client:|dataStream:|priority:0], old=null
2022-05-11 01:29:43,223 [pool-279-thread-1] INFO  server.RaftServerConfigKeys (ConfUtils.java:logGet(44)) - raft.server.notification.no-leader.timeout = 2s (custom)
2022-05-11 01:29:43,223 [pool-279-thread-1] INFO  server.RaftServerConfigKeys (ConfUtils.java:logGet(44)) - raft.server.log.use.memory = false (default)
2022-05-11 01:29:43,223 [pool-279-thread-1] INFO  server.RaftServerConfigKeys (ConfUtils.java:logGet(44)) - raft.server.log.purge.gap = 50 (custom)
2022-05-11 01:29:43,223 [pool-279-thread-1] INFO  server.RaftServerConfigKeys (ConfUtils.java:logGet(44)) - raft.server.log.appender.buffer.byte-limit = 33554432 (custom)
2022-05-11 01:29:43,224 [pool-279-thread-1] INFO  server.RaftServerConfigKeys (ConfUtils.java:logGet(44)) - raft.server.log.segment.size.max = 4194304 (custom)
2022-05-11 01:29:43,224 [pool-279-thread-1] INFO  server.RaftServerConfigKeys (ConfUtils.java:logGet(44)) - raft.server.log.segment.cache.num.max = 2 (custom)
2022-05-11 01:29:43,224 [pool-279-thread-1] INFO  server.RaftServerConfigKeys (ConfUtils.java:logGet(44)) - raft.server.log.segment.cache.size.max = 200MB (=209715200) (default)
2022-05-11 01:29:43,224 [pool-279-thread-1] INFO  segmented.SegmentedRaftLogWorker (SegmentedRaftLogWorker.java:<init>(182)) - new omNode-3@group-523986131536-SegmentedRaftLogWorker for RaftStorageImpl:Storage Directory /home/runner/work/ozone/ozone/hadoop-ozone/integration-test/target/test-dir/MiniOzoneClusterImpl-ae28b10a-1883-433e-acb0-7438b5479a4c/omNode-3/ratis/c9bc4cf4-3bc3-3c60-a66b-523986131536
2022-05-11 01:29:43,225 [pool-279-thread-1] INFO  server.RaftServerConfigKeys (ConfUtils.java:logGet(44)) - raft.server.log.queue.byte-limit = 64MB (=67108864) (default)
2022-05-11 01:29:43,225 [pool-279-thread-1] INFO  server.RaftServerConfigKeys (ConfUtils.java:logGet(44)) - raft.server.log.queue.element-limit = 4096 (default)
2022-05-11 01:29:43,225 [pool-279-thread-1] INFO  server.RaftServerConfigKeys (ConfUtils.java:logGet(44)) - raft.server.log.segment.size.max = 4194304 (custom)
2022-05-11 01:29:43,225 [pool-279-thread-1] INFO  server.RaftServerConfigKeys (ConfUtils.java:logGet(44)) - raft.server.log.preallocated.size = 4194304 (custom)
2022-05-11 01:29:43,225 [pool-279-thread-1] INFO  server.RaftServerConfigKeys (ConfUtils.java:logGet(44)) - raft.server.log.force.sync.num = 128 (default)
2022-05-11 01:29:43,225 [pool-279-thread-1] INFO  server.RaftServerConfigKeys (ConfUtils.java:logGet(44)) - raft.server.log.statemachine.data.sync = true (default)
2022-05-11 01:29:43,225 [pool-279-thread-1] INFO  server.RaftServerConfigKeys (ConfUtils.java:logGet(44)) - raft.server.log.statemachine.data.sync.timeout = 10s (default)
2022-05-11 01:29:43,225 [pool-279-thread-1] INFO  server.RaftServerConfigKeys (ConfUtils.java:logGet(44)) - raft.server.log.statemachine.data.sync.timeout.retry = -1 (default)
2022-05-11 01:29:43,226 [pool-279-thread-1] INFO  server.RaftServerConfigKeys (ConfUtils.java:logGet(44)) - raft.server.log.write.buffer.size = 64KB (=65536) (default)
2022-05-11 01:29:43,226 [pool-279-thread-1] INFO  server.RaftServerConfigKeys (ConfUtils.java:logGet(44)) - raft.server.log.statemachine.data.caching.enabled = false (default)
2022-05-11 01:29:43,228 [pool-279-thread-1] INFO  server.RaftServer$Division (ServerState.java:setRaftConf(387)) - omNode-3@group-523986131536: set configuration 57: [omNode-3|rpc:localhost:40799|admin:|client:|dataStream:|priority:0, omNode-1|rpc:localhost:37959|admin:|client:|dataStream:|priority:0, omNode-2|rpc:localhost:36649|admin:|client:|dataStream:|priority:0], old=null
2022-05-11 01:29:43,228 [pool-279-thread-1] INFO  segmented.LogSegment (LogSegment.java:loadSegment(173)) - Successfully read 2 entries from segment file /home/runner/work/ozone/ozone/hadoop-ozone/integration-test/target/test-dir/MiniOzoneClusterImpl-ae28b10a-1883-433e-acb0-7438b5479a4c/omNode-3/ratis/c9bc4cf4-3bc3-3c60-a66b-523986131536/current/log_inprogress_57
2022-05-11 01:29:43,228 [pool-279-thread-1] INFO  segmented.SegmentedRaftLogWorker (SegmentedRaftLogWorker.java:lambda$new$0(133)) - omNode-3@group-523986131536-SegmentedRaftLogWorker: flushIndex: setUnconditionally 0 -> 58
2022-05-11 01:29:43,228 [pool-279-thread-1] INFO  segmented.SegmentedRaftLogWorker (SegmentedRaftLogWorker.java:lambda$new$0(133)) - omNode-3@group-523986131536-SegmentedRaftLogWorker: safeCacheEvictIndex: setUnconditionally 0 -> -1
2022-05-11 01:29:43,228 [pool-279-thread-1] INFO  raftlog.RaftLog (RaftLogBase.java:lambda$new$0(53)) - omNode-3@group-523986131536-SegmentedRaftLog: commitIndex: updateToMax old=58, new=57, updated? false
2022-05-11 01:29:43,228 [pool-279-thread-1] INFO  raftlog.RaftLog (RaftLogBase.java:lambda$new$0(53)) - omNode-3@group-523986131536-SegmentedRaftLog: purgeIndex: updateIncreasingly -1 -> 56
2022-05-11 01:29:43,228 [pool-279-thread-1] INFO  server.RaftServerConfigKeys (ConfUtils.java:logGet(44)) - raft.server.snapshot.auto.trigger.enabled = true (custom)
2022-05-11 01:29:43,229 [pool-279-thread-1] INFO  server.RaftServerConfigKeys (ConfUtils.java:logGet(44)) - raft.server.snapshot.auto.trigger.threshold = 50 (custom)
2022-05-11 01:29:43,229 [pool-279-thread-1] INFO  server.RaftServerConfigKeys (ConfUtils.java:logGet(44)) - raft.server.snapshot.retention.file.num = -1 (default)
2022-05-11 01:29:43,229 [pool-279-thread-1] INFO  server.RaftServerConfigKeys (ConfUtils.java:logGet(44)) - raft.server.log.purge.upto.snapshot.index = true (custom)
2022-05-11 01:29:43,229 [pool-279-thread-1] INFO  server.RaftServerConfigKeys (ConfUtils.java:logGet(44)) - raft.server.retrycache.expirytime = 30000ms (custom)
2022-05-11 01:29:43,229 [pool-279-thread-1] INFO  server.RaftServerConfigKeys (ConfUtils.java:logGet(44)) - raft.server.retrycache.statistics.expirytime = 100μs (default)
2022-05-11 01:29:43,239 [Listener at localhost/38653] INFO  server.RaftServer$Division (RaftServerImpl.java:start(301)) - omNode-3@group-523986131536: start as a follower, conf=57: [omNode-3|rpc:localhost:40799|admin:|client:|dataStream:|priority:0, omNode-1|rpc:localhost:37959|admin:|client:|dataStream:|priority:0, omNode-2|rpc:localhost:36649|admin:|client:|dataStream:|priority:0], old=null
2022-05-11 01:29:43,239 [Listener at localhost/38653] INFO  server.RaftServer$Division (RaftServerImpl.java:setRole(290)) - omNode-3@group-523986131536: changes role from      null to FOLLOWER at term 4 for startAsFollower
2022-05-11 01:29:43,240 [Listener at localhost/38653] INFO  impl.RoleInfo (RoleInfo.java:updateAndGet(130)) - omNode-3: start omNode-3@group-523986131536-FollowerState
2022-05-11 01:29:43,240 [Listener at localhost/38653] INFO  util.JmxRegister (JmxRegister.java:tryRegister(44)) - Successfully registered JMX Bean with object name Ratis:service=RaftServer,group=group-523986131536,id=omNode-3
2022-05-11 01:29:43,241 [Listener at localhost/38653] INFO  server.RaftServer (RaftServerProxy.java:lambda$start$5(374)) - omNode-3: start RPC server
2022-05-11 01:29:43,242 [Listener at localhost/38653] INFO  server.GrpcService (GrpcService.java:startImpl(253)) - omNode-3: GrpcService started, listening on 40799
2022-05-11 01:29:43,242 [Listener at localhost/38653] INFO  om.OzoneManager (OzoneManager.java:getRpcServer(1027)) - Creating RPC Server
2022-05-11 01:29:43,243 [org.apache.ratis.util.JvmPauseMonitor$$Lambda$637/1274334510@7858257] INFO  util.JvmPauseMonitor (JvmPauseMonitor.java:run(103)) - JvmPauseMonitor-omNode-3: Started
2022-05-11 01:29:43,565 [Listener at localhost/38653] INFO  reflections.Reflections (Reflections.java:scan(232)) - Reflections took 321 ms to scan 19 urls, producing 61 keys and 3656 values [using 2 cores]
2022-05-11 01:29:43,567 [Listener at localhost/38653] INFO  ipc.CallQueueManager (CallQueueManager.java:<init>(90)) - Using callQueue: class java.util.concurrent.LinkedBlockingQueue, queueCapacity: 2000, scheduler: class org.apache.hadoop.ipc.DefaultRpcScheduler, ipcBackoff: false.
2022-05-11 01:29:43,567 [Socket Reader #1 for port 43241] INFO  ipc.Server (Server.java:run(1265)) - Starting Socket Reader #1 for port 43241
2022-05-11 01:29:43,575 [Listener at localhost/43241] INFO  http.BaseHttpServer (BaseHttpServer.java:newHttpServer2BuilderForOzone(209)) - Starting Web-server for ozoneManager at: http://0.0.0.0:45829
2022-05-11 01:29:43,575 [Listener at localhost/43241] INFO  http.BaseHttpServer (BaseHttpServer.java:<init>(107)) - Hadoop Security Enabled: false Ozone Security Enabled: false Ozone HTTP Security Enabled: false 
2022-05-11 01:29:43,576 [Listener at localhost/43241] INFO  server.AuthenticationFilter (AuthenticationFilter.java:constructSecretProvider(240)) - Unable to initialize FileSignerSecretProvider, falling back to use random secrets.
2022-05-11 01:29:43,580 [Listener at localhost/43241] WARN  http.HttpRequestLog (HttpRequestLog.java:getRequestLog(103)) - Jetty request log can only be enabled using Log4j
2022-05-11 01:29:43,581 [Listener at localhost/43241] INFO  http.HttpServer2 (HttpServer2.java:addGlobalFilter(1030)) - Added global filter 'safety' (class=org.apache.hadoop.hdds.server.http.HttpServer2$QuotingInputFilter)
2022-05-11 01:29:43,582 [Listener at localhost/43241] INFO  http.HttpServer2 (HttpServer2.java:addFilter(1006)) - Added filter static_user_filter (class=org.apache.hadoop.http.lib.StaticUserWebFilter$StaticUserFilter) to context ozoneManager
2022-05-11 01:29:43,582 [Listener at localhost/43241] INFO  http.HttpServer2 (HttpServer2.java:addFilter(1014)) - Added filter static_user_filter (class=org.apache.hadoop.http.lib.StaticUserWebFilter$StaticUserFilter) to context static
2022-05-11 01:29:43,582 [Listener at localhost/43241] INFO  http.HttpServer2 (HttpServer2.java:addFilter(1014)) - Added filter static_user_filter (class=org.apache.hadoop.http.lib.StaticUserWebFilter$StaticUserFilter) to context logs
2022-05-11 01:29:43,583 [Listener at localhost/43241] INFO  http.HttpServer2 (HttpServer2.java:bindListener(1249)) - Jetty bound to port 45829
2022-05-11 01:29:43,583 [Listener at localhost/43241] INFO  server.Server (Server.java:doStart(375)) - jetty-9.4.43.v20210629; built: 2021-06-30T11:07:22.254Z; git: 526006ecfa3af7f1a27ef3a288e2bef7ea9dd7e8; jvm 1.8.0_322-b06
2022-05-11 01:29:43,585 [Listener at localhost/43241] INFO  server.session (DefaultSessionIdManager.java:doStart(334)) - DefaultSessionIdManager workerName=node0
2022-05-11 01:29:43,585 [Listener at localhost/43241] INFO  server.session (DefaultSessionIdManager.java:doStart(339)) - No SessionScavenger set, using defaults
2022-05-11 01:29:43,585 [Listener at localhost/43241] INFO  server.session (HouseKeeper.java:startScavenging(132)) - node0 Scavenging every 600000ms
2022-05-11 01:29:43,586 [Listener at localhost/43241] INFO  handler.ContextHandler (ContextHandler.java:doStart(915)) - Started o.e.j.s.ServletContextHandler@69e6c6bc{logs,/logs,file:///home/runner/work/ozone/ozone/hadoop-ozone/integration-test/target/log,AVAILABLE}
2022-05-11 01:29:43,587 [Listener at localhost/43241] INFO  handler.ContextHandler (ContextHandler.java:doStart(915)) - Started o.e.j.s.ServletContextHandler@7d793aa0{static,/static,file:///home/runner/work/ozone/ozone/hadoop-ozone/integration-test/target/test-classes/webapps/static,AVAILABLE}
2022-05-11 01:29:43,594 [Listener at localhost/43241] INFO  handler.ContextHandler (ContextHandler.java:doStart(915)) - Started o.e.j.w.WebAppContext@51d5a186{ozoneManager,/,file:///home/runner/work/ozone/ozone/hadoop-ozone/integration-test/target/test-classes/webapps/ozoneManager/,AVAILABLE}{file:/home/runner/work/ozone/ozone/hadoop-ozone/integration-test/target/test-classes/webapps/ozoneManager}
2022-05-11 01:29:43,595 [Listener at localhost/43241] INFO  server.AbstractConnector (AbstractConnector.java:doStart(331)) - Started ServerConnector@6dba7326{HTTP/1.1, (http/1.1)}{0.0.0.0:45829}
2022-05-11 01:29:43,595 [Listener at localhost/43241] INFO  server.Server (Server.java:doStart(415)) - Started @48759ms
2022-05-11 01:29:43,595 [Listener at localhost/43241] WARN  impl.MetricsSystemImpl (MetricsSystemImpl.java:register(279)) - Sink prometheus already exists!
2022-05-11 01:29:43,596 [Listener at localhost/43241] INFO  http.BaseHttpServer (BaseHttpServer.java:updateConnectorAddress(329)) - HTTP server of ozoneManager listening at http://0.0.0.0:45829
2022-05-11 01:29:43,597 [IPC Server Responder] INFO  ipc.Server (Server.java:run(1507)) - IPC Server Responder: starting
2022-05-11 01:29:43,597 [IPC Server listener on 43241] INFO  ipc.Server (Server.java:run(1344)) - IPC Server listener on 43241: starting
2022-05-11 01:29:43,600 [Listener at localhost/43241] INFO  om.OzoneManager (OzoneManager.java:startTrashEmptier(1835)) - Trash Interval set to 0. Files deleted won't move to trash
2022-05-11 01:29:43,601 [Listener at localhost/43241] INFO  om.OzoneManager (OzoneManager.java:stop(1950)) - omNode-1[localhost:40623]: Stopping Ozone Manager
2022-05-11 01:29:43,601 [Listener at localhost/43241] INFO  ipc.Server (Server.java:stop(3414)) - Stopping server on 40623
2022-05-11 01:29:43,610 [org.apache.hadoop.util.JvmPauseMonitor$Monitor@5938eb23] INFO  util.JvmPauseMonitor (JvmPauseMonitor.java:run(188)) - Starting JVM pause monitor
2022-05-11 01:29:43,613 [IPC Server listener on 40623] INFO  ipc.Server (Server.java:run(1376)) - Stopping IPC Server listener on 40623
2022-05-11 01:29:43,613 [IPC Server Responder] INFO  ipc.Server (Server.java:run(1512)) - Stopping IPC Server Responder
2022-05-11 01:29:43,613 [Listener at localhost/43241] INFO  server.RaftServer (RaftServerProxy.java:lambda$close$6(391)) - omNode-1: close
2022-05-11 01:29:43,613 [Listener at localhost/43241] INFO  server.RaftServer$Division (RaftServerImpl.java:lambda$close$4(412)) - omNode-1@group-523986131536: shutdown
2022-05-11 01:29:43,614 [Listener at localhost/43241] INFO  util.JmxRegister (JmxRegister.java:unregister(73)) - Successfully un-registered JMX Bean with object name Ratis:service=RaftServer,group=group-523986131536,id=omNode-1
2022-05-11 01:29:43,614 [Listener at localhost/43241] INFO  impl.RoleInfo (RoleInfo.java:shutdownFollowerState(108)) - omNode-1: shutdown omNode-1@group-523986131536-FollowerState
2022-05-11 01:29:43,614 [Listener at localhost/43241] INFO  impl.StateMachineUpdater (StateMachineUpdater.java:stopAndJoin(149)) - omNode-1@group-523986131536-StateMachineUpdater: set stopIndex = 58
2022-05-11 01:29:43,614 [omNode-1@group-523986131536-FollowerState] INFO  impl.FollowerState (FollowerState.java:run(143)) - omNode-1@group-523986131536-FollowerState was interrupted: {}
java.lang.InterruptedException: sleep interrupted
	at java.lang.Thread.sleep(Native Method)
	at java.lang.Thread.sleep(Thread.java:342)
	at java.util.concurrent.TimeUnit.sleep(TimeUnit.java:386)
	at org.apache.ratis.util.TimeDuration.sleep(TimeDuration.java:324)
	at org.apache.ratis.util.TimeDuration.sleep(TimeDuration.java:309)
	at org.apache.ratis.server.impl.FollowerState.run(FollowerState.java:118)
2022-05-11 01:29:43,614 [omNode-1@group-523986131536-StateMachineUpdater] INFO  ratis.OzoneManagerStateMachine (OzoneManagerStateMachine.java:takeSnapshot(436)) - Current Snapshot Index (t:4, i:58)
2022-05-11 01:29:43,615 [omNode-1@group-523986131536-StateMachineUpdater] INFO  impl.StateMachineUpdater (StateMachineUpdater.java:takeSnapshot(281)) - omNode-1@group-523986131536-StateMachineUpdater: Took a snapshot at index 58
2022-05-11 01:29:43,615 [omNode-1@group-523986131536-StateMachineUpdater] INFO  impl.StateMachineUpdater (StateMachineUpdater.java:lambda$new$0(89)) - omNode-1@group-523986131536-StateMachineUpdater: snapshotIndex: updateIncreasingly 20 -> 58
2022-05-11 01:29:43,615 [omNode-1@group-523986131536-StateMachineUpdater] INFO  raftlog.RaftLog (RaftLogBase.java:purge(306)) - omNode-1@group-523986131536-SegmentedRaftLog: purge 58
2022-05-11 01:29:43,615 [omNode-1@group-523986131536-StateMachineUpdater] INFO  raftlog.RaftLog (RaftLogBase.java:lambda$new$0(53)) - omNode-1@group-523986131536-SegmentedRaftLog: snapshotIndex: updateIncreasingly 20 -> 58
2022-05-11 01:29:43,615 [omNode-1@group-523986131536-StateMachineUpdater] INFO  ratis.OzoneManagerStateMachine (OzoneManagerStateMachine.java:close(490)) - StateMachine has shutdown. Shutdown OzoneManager if not already shutdown.
2022-05-11 01:29:43,615 [omNode-1@group-523986131536-StateMachineUpdater] INFO  ratis.OzoneManagerDoubleBuffer (OzoneManagerDoubleBuffer.java:stop(465)) - Stopping OMDoubleBuffer flush thread
2022-05-11 01:29:43,616 [omNode-1@group-523986131536-SegmentedRaftLogWorker] INFO  raftlog.RaftLog (RaftLogBase.java:lambda$new$0(53)) - omNode-1@group-523986131536-SegmentedRaftLog: purgeIndex: updateToMax old=-1, new=56, updated? true
2022-05-11 01:29:43,616 [OMDoubleBufferFlushThread] INFO  ratis.OzoneManagerDoubleBuffer (OzoneManagerDoubleBuffer.java:flushTransactions(385)) - OMDoubleBuffer flush thread OMDoubleBufferFlushThread is interrupted and will exit.
2022-05-11 01:29:43,617 [Listener at localhost/43241] INFO  server.RaftServer$Division (ServerState.java:close(419)) - omNode-1@group-523986131536: closes. applyIndex: 58
2022-05-11 01:29:43,618 [omNode-1@group-523986131536-SegmentedRaftLogWorker] INFO  segmented.SegmentedRaftLogWorker (SegmentedRaftLogWorker.java:run(327)) - omNode-1@group-523986131536-SegmentedRaftLogWorker was interrupted, exiting. There are 0 tasks remaining in the queue.
2022-05-11 01:29:43,619 [Listener at localhost/43241] INFO  segmented.SegmentedRaftLogWorker (SegmentedRaftLogWorker.java:close(237)) - omNode-1@group-523986131536-SegmentedRaftLogWorker close()
2022-05-11 01:29:43,624 [Listener at localhost/43241] INFO  server.GrpcService (GrpcService.java:closeImpl(262)) - omNode-1: shutdown server with port 37959 now
2022-05-11 01:29:43,625 [Listener at localhost/43241] INFO  server.GrpcService (GrpcService.java:closeImpl(271)) - omNode-1: shutdown server with port 37959 successfully
2022-05-11 01:29:43,625 [org.apache.ratis.util.JvmPauseMonitor$$Lambda$637/1274334510@248dfd53] INFO  util.JvmPauseMonitor (JvmPauseMonitor.java:run(109)) - JvmPauseMonitor-omNode-1: Stopped
2022-05-11 01:29:43,626 [Listener at localhost/43241] INFO  ratis.OzoneManagerStateMachine (OzoneManagerStateMachine.java:close(490)) - StateMachine has shutdown. Shutdown OzoneManager if not already shutdown.
2022-05-11 01:29:43,626 [Listener at localhost/43241] INFO  ratis.OzoneManagerDoubleBuffer (OzoneManagerDoubleBuffer.java:stop(477)) - OMDoubleBuffer flush thread is not running.
2022-05-11 01:29:43,626 [Listener at localhost/43241] INFO  handler.ContextHandler (ContextHandler.java:doStop(1153)) - Stopped o.e.j.w.WebAppContext@7f390098{ozoneManager,/,null,STOPPED}{file:/home/runner/work/ozone/ozone/hadoop-ozone/integration-test/target/test-classes/webapps/ozoneManager}
2022-05-11 01:29:43,627 [Listener at localhost/43241] INFO  server.AbstractConnector (AbstractConnector.java:doStop(381)) - Stopped ServerConnector@4135d15d{HTTP/1.1, (http/1.1)}{0.0.0.0:34597}
2022-05-11 01:29:43,627 [Listener at localhost/43241] INFO  server.session (HouseKeeper.java:stopScavenging(149)) - node0 Stopped scavenging
2022-05-11 01:29:43,628 [Listener at localhost/43241] INFO  handler.ContextHandler (ContextHandler.java:doStop(1153)) - Stopped o.e.j.s.ServletContextHandler@f662559{static,/static,file:///home/runner/work/ozone/ozone/hadoop-ozone/integration-test/target/test-classes/webapps/static,STOPPED}
2022-05-11 01:29:43,628 [Listener at localhost/43241] INFO  handler.ContextHandler (ContextHandler.java:doStop(1153)) - Stopped o.e.j.s.ServletContextHandler@438c6025{logs,/logs,file:///home/runner/work/ozone/ozone/hadoop-ozone/integration-test/target/log,STOPPED}
2022-05-11 01:29:43,632 [Listener at localhost/43241] INFO  om.OzoneManager (OzoneManager.java:restart(1487)) - OzoneManager RPC server is listening at localhost/127.0.0.1:40623
2022-05-11 01:29:43,632 [Listener at localhost/43241] INFO  impl.MetricsSystemImpl (MetricsSystemImpl.java:init(158)) - OzoneManager metrics system started (again)
2022-05-11 01:29:43,646 [Listener at localhost/43241] WARN  server.ServerUtils (ServerUtils.java:getDBPath(225)) - ozone.om.db.dirs is not configured. We recommend adding this setting. Falling back to ozone.metadata.dirs instead.
2022-05-11 01:29:43,647 [Listener at localhost/43241] INFO  codec.OmKeyInfoCodec (OmKeyInfoCodec.java:<init>(49)) - OmKeyInfoCodec ignorePipeline = true
2022-05-11 01:29:43,647 [Listener at localhost/43241] INFO  codec.RepeatedOmKeyInfoCodec (RepeatedOmKeyInfoCodec.java:<init>(41)) - RepeatedOmKeyInfoCodec ignorePipeline = true
2022-05-11 01:29:43,698 [Listener at localhost/43241] WARN  impl.MetricRegistriesImpl (MetricRegistriesImpl.java:addReporterRegistration(111)) - New reporters are added after registries were created. Some metrics will be missing from the reporter. Please add reporter before adding any new registry.
2022-05-11 01:29:43,699 [Listener at localhost/43241] WARN  impl.MetricRegistriesImpl (MetricRegistriesImpl.java:addReporterRegistration(111)) - New reporters are added after registries were created. Some metrics will be missing from the reporter. Please add reporter before adding any new registry.
2022-05-11 01:29:43,699 [Listener at localhost/43241] WARN  server.ServerUtils (ServerUtils.java:getDefaultRatisDirectory(237)) - Storage directory for Ratis is not configured. It is a good idea to map this to an SSD disk. Falling back to ozone.metadata.dirs
2022-05-11 01:29:43,700 [Listener at localhost/43241] INFO  ratis.OzoneManagerRatisServer (OzoneManagerRatisServer.java:<init>(159)) - Instantiating OM Ratis server with groupID: om-service-test1 and peers: localhost:37959, localhost:40799, localhost:36649
2022-05-11 01:29:43,700 [Listener at localhost/43241] INFO  ratis.OzoneManagerStateMachine (OzoneManagerStateMachine.java:loadSnapshotInfoFromDB(627)) - LastAppliedIndex is set from TransactionInfo from OM DB as (t:4, i:58)
2022-05-11 01:29:43,701 [Listener at localhost/43241] INFO  server.RaftServer (ConfUtils.java:logGet(44)) - raft.rpc.type = GRPC (default)
2022-05-11 01:29:43,701 [Listener at localhost/43241] INFO  grpc.GrpcFactory (GrpcFactory.java:checkPooledByteBufAllocatorUseCacheForAllThreads(48)) - PERFORMANCE WARNING: useCacheForAllThreads is true that may cause Netty to create a lot garbage objects and, as a result, trigger GC.
	It is recommended to disable useCacheForAllThreads by setting -Dorg.apache.ratis.thirdparty.io.netty.allocator.useCacheForAllThreads=false in command line.
2022-05-11 01:29:43,701 [Listener at localhost/43241] INFO  grpc.GrpcConfigKeys (ConfUtils.java:logGet(44)) - raft.grpc.admin.port = -1 (default)
2022-05-11 01:29:43,701 [Listener at localhost/43241] INFO  grpc.GrpcConfigKeys (ConfUtils.java:logGet(44)) - raft.grpc.server.port = 37959 (custom)
2022-05-11 01:29:43,702 [Listener at localhost/43241] INFO  grpc.GrpcConfigKeys (ConfUtils.java:logGet(44)) - raft.grpc.client.port = -1 (default)
2022-05-11 01:29:43,702 [Listener at localhost/43241] INFO  grpc.GrpcConfigKeys (ConfUtils.java:logGet(44)) - raft.grpc.server.port = 37959 (custom)
2022-05-11 01:29:43,702 [Listener at localhost/43241] INFO  grpc.GrpcConfigKeys (ConfUtils.java:logGet(44)) - raft.grpc.server.port = 37959 (custom)
2022-05-11 01:29:43,702 [Listener at localhost/43241] INFO  server.GrpcService (ConfUtils.java:logGet(44)) - raft.grpc.message.size.max = 33554432 (custom)
2022-05-11 01:29:43,702 [Listener at localhost/43241] INFO  server.RaftServerConfigKeys (ConfUtils.java:logGet(44)) - raft.server.log.appender.buffer.byte-limit = 33554432 (custom)
2022-05-11 01:29:43,703 [Listener at localhost/43241] INFO  server.GrpcService (ConfUtils.java:logGet(44)) - raft.grpc.flow.control.window = 1MB (=1048576) (default)
2022-05-11 01:29:43,703 [Listener at localhost/43241] INFO  server.RaftServerConfigKeys (ConfUtils.java:logGet(44)) - raft.server.rpc.request.timeout = 3000ms (default)
2022-05-11 01:29:43,704 [Listener at localhost/43241] INFO  impl.DataStreamServerImpl (ConfUtils.java:logGet(44)) - raft.datastream.type = DISABLED (default)
2022-05-11 01:29:43,705 [Listener at localhost/43241] INFO  server.RaftServerConfigKeys (ConfUtils.java:logGet(44)) - raft.server.rpc.slowness.timeout = 2s (custom)
2022-05-11 01:29:43,705 [Listener at localhost/43241] INFO  server.RaftServerConfigKeys (ConfUtils.java:logGet(44)) - raft.server.leaderelection.leader.step-down.wait-time = 10s (default)
2022-05-11 01:29:43,705 [Listener at localhost/43241] INFO  server.RaftServerConfigKeys (ConfUtils.java:logGet(44)) - raft.server.storage.dir = [/home/runner/work/ozone/ozone/hadoop-ozone/integration-test/target/test-dir/MiniOzoneClusterImpl-ae28b10a-1883-433e-acb0-7438b5479a4c/omNode-1/ratis] (custom)
2022-05-11 01:29:43,705 [Listener at localhost/43241] INFO  server.RaftServer (RaftServerProxy.java:lambda$null$1(235)) - omNode-1: found a subdirectory /home/runner/work/ozone/ozone/hadoop-ozone/integration-test/target/test-dir/MiniOzoneClusterImpl-ae28b10a-1883-433e-acb0-7438b5479a4c/omNode-1/ratis/c9bc4cf4-3bc3-3c60-a66b-523986131536
2022-05-11 01:29:43,706 [Listener at localhost/43241] INFO  server.RaftServer (RaftServerProxy.java:addNew(95)) - omNode-1: addNew group-523986131536:[omNode-3|rpc:localhost:40799|priority:0, omNode-1|rpc:localhost:37959|priority:0, omNode-2|rpc:localhost:36649|priority:0] returns group-523986131536:java.util.concurrent.CompletableFuture@7e4ee95b[Not completed]
2022-05-11 01:29:43,706 [pool-300-thread-1] INFO  server.RaftServer$Division (RaftServerImpl.java:<init>(184)) - omNode-1: new RaftServerImpl for group-523986131536:[omNode-3|rpc:localhost:40799|priority:0, omNode-1|rpc:localhost:37959|priority:0, omNode-2|rpc:localhost:36649|priority:0] with OzoneManagerStateMachine:uninitialized
2022-05-11 01:29:43,706 [Listener at localhost/43241] INFO  om.OzoneManager (OzoneManager.java:initializeRatisServer(1891)) - OzoneManager Ratis server initialized at port 37959
2022-05-11 01:29:43,706 [Listener at localhost/43241] INFO  ratis.OzoneManagerRatisServer (OzoneManagerRatisServer.java:start(554)) - Starting OzoneManagerRatisServer omNode-1 at port 37959
2022-05-11 01:29:43,708 [pool-300-thread-1] INFO  server.RaftServerConfigKeys (ConfUtils.java:logGet(44)) - raft.server.rpc.timeout.min = 1s (custom)
2022-05-11 01:29:43,708 [pool-300-thread-1] INFO  server.RaftServerConfigKeys (ConfUtils.java:logGet(44)) - raft.server.rpc.timeout.max = 1200ms (custom)
2022-05-11 01:29:43,708 [pool-300-thread-1] INFO  server.RaftServerConfigKeys (ConfUtils.java:logGet(44)) - raft.server.rpc.sleep.time = 25ms (default)
2022-05-11 01:29:43,708 [pool-300-thread-1] INFO  server.RaftServerConfigKeys (ConfUtils.java:logGet(44)) - raft.server.rpc.slowness.timeout = 2s (custom)
2022-05-11 01:29:43,708 [pool-300-thread-1] INFO  server.RaftServerConfigKeys (ConfUtils.java:logGet(44)) - raft.server.leaderelection.leader.step-down.wait-time = 10s (default)
2022-05-11 01:29:43,708 [pool-300-thread-1] INFO  server.RaftServerConfigKeys (ConfUtils.java:logGet(44)) - raft.server.sleep.deviation.threshold = 300ms (default)
2022-05-11 01:29:43,708 [pool-300-thread-1] INFO  server.RaftServerConfigKeys (ConfUtils.java:logGet(44)) - raft.server.log.appender.install.snapshot.enabled = false (custom)
2022-05-11 01:29:43,708 [pool-300-thread-1] INFO  server.RaftServer$Division (ServerState.java:<init>(105)) - omNode-1@group-523986131536: ConfigurationManager, init=-1: [omNode-3|rpc:localhost:40799|priority:0, omNode-1|rpc:localhost:37959|priority:0, omNode-2|rpc:localhost:36649|priority:0], old=null, confs=<EMPTY_MAP>
2022-05-11 01:29:43,708 [pool-300-thread-1] INFO  server.RaftServerConfigKeys (ConfUtils.java:logGet(44)) - raft.server.storage.dir = [/home/runner/work/ozone/ozone/hadoop-ozone/integration-test/target/test-dir/MiniOzoneClusterImpl-ae28b10a-1883-433e-acb0-7438b5479a4c/omNode-1/ratis] (custom)
2022-05-11 01:29:43,708 [pool-300-thread-1] INFO  server.RaftServerConfigKeys (ConfUtils.java:logGet(44)) - raft.server.log.corruption.policy = EXCEPTION (default)
2022-05-11 01:29:43,708 [pool-300-thread-1] INFO  server.RaftServerConfigKeys (ConfUtils.java:logGet(44)) - raft.server.storage.free-space.min = 0MB (=0) (default)
2022-05-11 01:29:43,709 [pool-300-thread-1] INFO  storage.RaftStorageDirectory (RaftStorageDirectoryImpl.java:tryLock(230)) - Lock on /home/runner/work/ozone/ozone/hadoop-ozone/integration-test/target/test-dir/MiniOzoneClusterImpl-ae28b10a-1883-433e-acb0-7438b5479a4c/omNode-1/ratis/c9bc4cf4-3bc3-3c60-a66b-523986131536/in_use.lock acquired by nodename 4883@fv-az291-847
2022-05-11 01:29:43,710 [pool-300-thread-1] INFO  storage.RaftStorage (RaftStorageImpl.java:analyzeAndRecoverStorage(110)) - Read RaftStorageMetadata{term=4, votedFor=omNode-3} from /home/runner/work/ozone/ozone/hadoop-ozone/integration-test/target/test-dir/MiniOzoneClusterImpl-ae28b10a-1883-433e-acb0-7438b5479a4c/omNode-1/ratis/c9bc4cf4-3bc3-3c60-a66b-523986131536/current/raft-meta
2022-05-11 01:29:43,710 [pool-300-thread-1] INFO  server.RaftServer$Division (ServerState.java:setRaftConf(387)) - omNode-1@group-523986131536: set configuration 57: [omNode-3|rpc:localhost:40799|admin:|client:|dataStream:|priority:0, omNode-1|rpc:localhost:37959|admin:|client:|dataStream:|priority:0, omNode-2|rpc:localhost:36649|admin:|client:|dataStream:|priority:0], old=null
2022-05-11 01:29:43,710 [pool-300-thread-1] INFO  server.RaftServerConfigKeys (ConfUtils.java:logGet(44)) - raft.server.notification.no-leader.timeout = 2s (custom)
2022-05-11 01:29:43,710 [pool-300-thread-1] INFO  server.RaftServerConfigKeys (ConfUtils.java:logGet(44)) - raft.server.log.use.memory = false (default)
2022-05-11 01:29:43,711 [pool-300-thread-1] INFO  server.RaftServerConfigKeys (ConfUtils.java:logGet(44)) - raft.server.log.purge.gap = 50 (custom)
2022-05-11 01:29:43,711 [pool-300-thread-1] INFO  server.RaftServerConfigKeys (ConfUtils.java:logGet(44)) - raft.server.log.appender.buffer.byte-limit = 33554432 (custom)
2022-05-11 01:29:43,711 [pool-300-thread-1] INFO  server.RaftServerConfigKeys (ConfUtils.java:logGet(44)) - raft.server.log.segment.size.max = 4194304 (custom)
2022-05-11 01:29:43,711 [pool-300-thread-1] INFO  server.RaftServerConfigKeys (ConfUtils.java:logGet(44)) - raft.server.log.segment.cache.num.max = 2 (custom)
2022-05-11 01:29:43,712 [pool-300-thread-1] INFO  server.RaftServerConfigKeys (ConfUtils.java:logGet(44)) - raft.server.log.segment.cache.size.max = 200MB (=209715200) (default)
2022-05-11 01:29:43,712 [pool-300-thread-1] INFO  segmented.SegmentedRaftLogWorker (SegmentedRaftLogWorker.java:<init>(182)) - new omNode-1@group-523986131536-SegmentedRaftLogWorker for RaftStorageImpl:Storage Directory /home/runner/work/ozone/ozone/hadoop-ozone/integration-test/target/test-dir/MiniOzoneClusterImpl-ae28b10a-1883-433e-acb0-7438b5479a4c/omNode-1/ratis/c9bc4cf4-3bc3-3c60-a66b-523986131536
2022-05-11 01:29:43,712 [pool-300-thread-1] INFO  server.RaftServerConfigKeys (ConfUtils.java:logGet(44)) - raft.server.log.queue.byte-limit = 64MB (=67108864) (default)
2022-05-11 01:29:43,712 [pool-300-thread-1] INFO  server.RaftServerConfigKeys (ConfUtils.java:logGet(44)) - raft.server.log.queue.element-limit = 4096 (default)
2022-05-11 01:29:43,712 [pool-300-thread-1] INFO  server.RaftServerConfigKeys (ConfUtils.java:logGet(44)) - raft.server.log.segment.size.max = 4194304 (custom)
2022-05-11 01:29:43,712 [pool-300-thread-1] INFO  server.RaftServerConfigKeys (ConfUtils.java:logGet(44)) - raft.server.log.preallocated.size = 4194304 (custom)
2022-05-11 01:29:43,712 [pool-300-thread-1] INFO  server.RaftServerConfigKeys (ConfUtils.java:logGet(44)) - raft.server.log.force.sync.num = 128 (default)
2022-05-11 01:29:43,712 [pool-300-thread-1] INFO  server.RaftServerConfigKeys (ConfUtils.java:logGet(44)) - raft.server.log.statemachine.data.sync = true (default)
2022-05-11 01:29:43,712 [pool-300-thread-1] INFO  server.RaftServerConfigKeys (ConfUtils.java:logGet(44)) - raft.server.log.statemachine.data.sync.timeout = 10s (default)
2022-05-11 01:29:43,712 [pool-300-thread-1] INFO  server.RaftServerConfigKeys (ConfUtils.java:logGet(44)) - raft.server.log.statemachine.data.sync.timeout.retry = -1 (default)
2022-05-11 01:29:43,713 [pool-300-thread-1] INFO  server.RaftServerConfigKeys (ConfUtils.java:logGet(44)) - raft.server.log.write.buffer.size = 64KB (=65536) (default)
2022-05-11 01:29:43,713 [pool-300-thread-1] INFO  server.RaftServerConfigKeys (ConfUtils.java:logGet(44)) - raft.server.log.statemachine.data.caching.enabled = false (default)
2022-05-11 01:29:43,714 [pool-300-thread-1] INFO  server.RaftServer$Division (ServerState.java:setRaftConf(387)) - omNode-1@group-523986131536: set configuration 57: [omNode-3|rpc:localhost:40799|admin:|client:|dataStream:|priority:0, omNode-1|rpc:localhost:37959|admin:|client:|dataStream:|priority:0, omNode-2|rpc:localhost:36649|admin:|client:|dataStream:|priority:0], old=null
2022-05-11 01:29:43,715 [pool-300-thread-1] INFO  segmented.LogSegment (LogSegment.java:loadSegment(173)) - Successfully read 2 entries from segment file /home/runner/work/ozone/ozone/hadoop-ozone/integration-test/target/test-dir/MiniOzoneClusterImpl-ae28b10a-1883-433e-acb0-7438b5479a4c/omNode-1/ratis/c9bc4cf4-3bc3-3c60-a66b-523986131536/current/log_inprogress_57
2022-05-11 01:29:43,715 [pool-300-thread-1] INFO  segmented.SegmentedRaftLogWorker (SegmentedRaftLogWorker.java:lambda$new$0(133)) - omNode-1@group-523986131536-SegmentedRaftLogWorker: flushIndex: setUnconditionally 0 -> 58
2022-05-11 01:29:43,715 [pool-300-thread-1] INFO  segmented.SegmentedRaftLogWorker (SegmentedRaftLogWorker.java:lambda$new$0(133)) - omNode-1@group-523986131536-SegmentedRaftLogWorker: safeCacheEvictIndex: setUnconditionally 0 -> -1
2022-05-11 01:29:43,715 [pool-300-thread-1] INFO  raftlog.RaftLog (RaftLogBase.java:lambda$new$0(53)) - omNode-1@group-523986131536-SegmentedRaftLog: commitIndex: updateToMax old=58, new=57, updated? false
2022-05-11 01:29:43,715 [pool-300-thread-1] INFO  raftlog.RaftLog (RaftLogBase.java:lambda$new$0(53)) - omNode-1@group-523986131536-SegmentedRaftLog: purgeIndex: updateIncreasingly -1 -> 56
2022-05-11 01:29:43,715 [pool-300-thread-1] INFO  server.RaftServerConfigKeys (ConfUtils.java:logGet(44)) - raft.server.snapshot.auto.trigger.enabled = true (custom)
2022-05-11 01:29:43,715 [pool-300-thread-1] INFO  server.RaftServerConfigKeys (ConfUtils.java:logGet(44)) - raft.server.snapshot.auto.trigger.threshold = 50 (custom)
2022-05-11 01:29:43,715 [pool-300-thread-1] INFO  server.RaftServerConfigKeys (ConfUtils.java:logGet(44)) - raft.server.snapshot.retention.file.num = -1 (default)
2022-05-11 01:29:43,715 [pool-300-thread-1] INFO  server.RaftServerConfigKeys (ConfUtils.java:logGet(44)) - raft.server.log.purge.upto.snapshot.index = true (custom)
2022-05-11 01:29:43,715 [pool-300-thread-1] INFO  server.RaftServerConfigKeys (ConfUtils.java:logGet(44)) - raft.server.retrycache.expirytime = 30000ms (custom)
2022-05-11 01:29:43,716 [pool-300-thread-1] INFO  server.RaftServerConfigKeys (ConfUtils.java:logGet(44)) - raft.server.retrycache.statistics.expirytime = 100μs (default)
2022-05-11 01:29:43,717 [Listener at localhost/43241] INFO  server.RaftServer$Division (RaftServerImpl.java:start(301)) - omNode-1@group-523986131536: start as a follower, conf=57: [omNode-3|rpc:localhost:40799|admin:|client:|dataStream:|priority:0, omNode-1|rpc:localhost:37959|admin:|client:|dataStream:|priority:0, omNode-2|rpc:localhost:36649|admin:|client:|dataStream:|priority:0], old=null
2022-05-11 01:29:43,717 [Listener at localhost/43241] INFO  server.RaftServer$Division (RaftServerImpl.java:setRole(290)) - omNode-1@group-523986131536: changes role from      null to FOLLOWER at term 4 for startAsFollower
2022-05-11 01:29:43,717 [Listener at localhost/43241] INFO  impl.RoleInfo (RoleInfo.java:updateAndGet(130)) - omNode-1: start omNode-1@group-523986131536-FollowerState
2022-05-11 01:29:43,718 [Listener at localhost/43241] INFO  util.JmxRegister (JmxRegister.java:tryRegister(44)) - Successfully registered JMX Bean with object name Ratis:service=RaftServer,group=group-523986131536,id=omNode-1
2022-05-11 01:29:43,719 [Listener at localhost/43241] INFO  server.RaftServer (RaftServerProxy.java:lambda$start$5(374)) - omNode-1: start RPC server
2022-05-11 01:29:43,720 [Listener at localhost/43241] INFO  server.GrpcService (GrpcService.java:startImpl(253)) - omNode-1: GrpcService started, listening on 37959
2022-05-11 01:29:43,720 [Listener at localhost/43241] INFO  om.OzoneManager (OzoneManager.java:getRpcServer(1027)) - Creating RPC Server
2022-05-11 01:29:43,721 [org.apache.ratis.util.JvmPauseMonitor$$Lambda$637/1274334510@cae1f58] INFO  util.JvmPauseMonitor (JvmPauseMonitor.java:run(103)) - JvmPauseMonitor-omNode-1: Started
2022-05-11 01:29:44,109 [Listener at localhost/43241] INFO  reflections.Reflections (Reflections.java:scan(232)) - Reflections took 387 ms to scan 19 urls, producing 61 keys and 3656 values [using 2 cores]
2022-05-11 01:29:44,110 [Listener at localhost/43241] INFO  ipc.CallQueueManager (CallQueueManager.java:<init>(90)) - Using callQueue: class java.util.concurrent.LinkedBlockingQueue, queueCapacity: 2000, scheduler: class org.apache.hadoop.ipc.DefaultRpcScheduler, ipcBackoff: false.
2022-05-11 01:29:44,111 [Socket Reader #1 for port 40623] INFO  ipc.Server (Server.java:run(1265)) - Starting Socket Reader #1 for port 40623
2022-05-11 01:29:44,117 [Listener at localhost/40623] INFO  http.BaseHttpServer (BaseHttpServer.java:newHttpServer2BuilderForOzone(209)) - Starting Web-server for ozoneManager at: http://0.0.0.0:34597
2022-05-11 01:29:44,117 [Listener at localhost/40623] INFO  http.BaseHttpServer (BaseHttpServer.java:<init>(107)) - Hadoop Security Enabled: false Ozone Security Enabled: false Ozone HTTP Security Enabled: false 
2022-05-11 01:29:44,119 [Listener at localhost/40623] INFO  server.AuthenticationFilter (AuthenticationFilter.java:constructSecretProvider(240)) - Unable to initialize FileSignerSecretProvider, falling back to use random secrets.
2022-05-11 01:29:44,122 [Listener at localhost/40623] WARN  http.HttpRequestLog (HttpRequestLog.java:getRequestLog(103)) - Jetty request log can only be enabled using Log4j
2022-05-11 01:29:44,123 [Listener at localhost/40623] INFO  http.HttpServer2 (HttpServer2.java:addGlobalFilter(1030)) - Added global filter 'safety' (class=org.apache.hadoop.hdds.server.http.HttpServer2$QuotingInputFilter)
2022-05-11 01:29:44,124 [Listener at localhost/40623] INFO  http.HttpServer2 (HttpServer2.java:addFilter(1006)) - Added filter static_user_filter (class=org.apache.hadoop.http.lib.StaticUserWebFilter$StaticUserFilter) to context ozoneManager
2022-05-11 01:29:44,124 [Listener at localhost/40623] INFO  http.HttpServer2 (HttpServer2.java:addFilter(1014)) - Added filter static_user_filter (class=org.apache.hadoop.http.lib.StaticUserWebFilter$StaticUserFilter) to context logs
2022-05-11 01:29:44,124 [Listener at localhost/40623] INFO  http.HttpServer2 (HttpServer2.java:addFilter(1014)) - Added filter static_user_filter (class=org.apache.hadoop.http.lib.StaticUserWebFilter$StaticUserFilter) to context static
2022-05-11 01:29:44,125 [Listener at localhost/40623] INFO  http.HttpServer2 (HttpServer2.java:bindListener(1249)) - Jetty bound to port 34597
2022-05-11 01:29:44,125 [Listener at localhost/40623] INFO  server.Server (Server.java:doStart(375)) - jetty-9.4.43.v20210629; built: 2021-06-30T11:07:22.254Z; git: 526006ecfa3af7f1a27ef3a288e2bef7ea9dd7e8; jvm 1.8.0_322-b06
2022-05-11 01:29:44,131 [Listener at localhost/40623] INFO  server.session (DefaultSessionIdManager.java:doStart(334)) - DefaultSessionIdManager workerName=node0
2022-05-11 01:29:44,131 [Listener at localhost/40623] INFO  server.session (DefaultSessionIdManager.java:doStart(339)) - No SessionScavenger set, using defaults
2022-05-11 01:29:44,131 [Listener at localhost/40623] INFO  server.session (HouseKeeper.java:startScavenging(132)) - node0 Scavenging every 600000ms
2022-05-11 01:29:44,132 [Listener at localhost/40623] INFO  handler.ContextHandler (ContextHandler.java:doStart(915)) - Started o.e.j.s.ServletContextHandler@4b7217a2{logs,/logs,file:///home/runner/work/ozone/ozone/hadoop-ozone/integration-test/target/log,AVAILABLE}
2022-05-11 01:29:44,132 [Listener at localhost/40623] INFO  handler.ContextHandler (ContextHandler.java:doStart(915)) - Started o.e.j.s.ServletContextHandler@70df4f7a{static,/static,file:///home/runner/work/ozone/ozone/hadoop-ozone/integration-test/target/test-classes/webapps/static,AVAILABLE}
2022-05-11 01:29:44,137 [Listener at localhost/40623] INFO  handler.ContextHandler (ContextHandler.java:doStart(915)) - Started o.e.j.w.WebAppContext@56fa0c64{ozoneManager,/,file:///home/runner/work/ozone/ozone/hadoop-ozone/integration-test/target/test-classes/webapps/ozoneManager/,AVAILABLE}{file:/home/runner/work/ozone/ozone/hadoop-ozone/integration-test/target/test-classes/webapps/ozoneManager}
2022-05-11 01:29:44,138 [Listener at localhost/40623] INFO  server.AbstractConnector (AbstractConnector.java:doStart(331)) - Started ServerConnector@31e4eedd{HTTP/1.1, (http/1.1)}{0.0.0.0:34597}
2022-05-11 01:29:44,139 [Listener at localhost/40623] INFO  server.Server (Server.java:doStart(415)) - Started @49302ms
2022-05-11 01:29:44,139 [Listener at localhost/40623] WARN  impl.MetricsSystemImpl (MetricsSystemImpl.java:register(279)) - Sink prometheus already exists!
2022-05-11 01:29:44,139 [Listener at localhost/40623] INFO  http.BaseHttpServer (BaseHttpServer.java:updateConnectorAddress(329)) - HTTP server of ozoneManager listening at http://0.0.0.0:34597
2022-05-11 01:29:44,140 [IPC Server Responder] INFO  ipc.Server (Server.java:run(1507)) - IPC Server Responder: starting
2022-05-11 01:29:44,140 [IPC Server listener on 40623] INFO  ipc.Server (Server.java:run(1344)) - IPC Server listener on 40623: starting
2022-05-11 01:29:44,144 [Listener at localhost/40623] INFO  om.OzoneManager (OzoneManager.java:startTrashEmptier(1835)) - Trash Interval set to 0. Files deleted won't move to trash
2022-05-11 01:29:44,144 [Listener at localhost/40623] INFO  om.OzoneManager (OzoneManager.java:stop(1950)) - omNode-2[localhost:38653]: Stopping Ozone Manager
2022-05-11 01:29:44,144 [org.apache.hadoop.util.JvmPauseMonitor$Monitor@6403d574] INFO  util.JvmPauseMonitor (JvmPauseMonitor.java:run(188)) - Starting JVM pause monitor
2022-05-11 01:29:44,144 [Listener at localhost/40623] INFO  om.OzoneManager (OzoneManager.java:restart(1487)) - OzoneManager RPC server is listening at localhost/127.0.0.1:38653
2022-05-11 01:29:44,144 [Listener at localhost/40623] INFO  impl.MetricsSystemImpl (MetricsSystemImpl.java:init(158)) - OzoneManager metrics system started (again)
2022-05-11 01:29:44,157 [Listener at localhost/40623] WARN  server.ServerUtils (ServerUtils.java:getDBPath(225)) - ozone.om.db.dirs is not configured. We recommend adding this setting. Falling back to ozone.metadata.dirs instead.
2022-05-11 01:29:44,158 [Listener at localhost/40623] INFO  codec.OmKeyInfoCodec (OmKeyInfoCodec.java:<init>(49)) - OmKeyInfoCodec ignorePipeline = true
2022-05-11 01:29:44,159 [Listener at localhost/40623] INFO  codec.RepeatedOmKeyInfoCodec (RepeatedOmKeyInfoCodec.java:<init>(41)) - RepeatedOmKeyInfoCodec ignorePipeline = true
2022-05-11 01:29:44,225 [Listener at localhost/40623] WARN  impl.MetricRegistriesImpl (MetricRegistriesImpl.java:addReporterRegistration(111)) - New reporters are added after registries were created. Some metrics will be missing from the reporter. Please add reporter before adding any new registry.
2022-05-11 01:29:44,225 [Listener at localhost/40623] WARN  impl.MetricRegistriesImpl (MetricRegistriesImpl.java:addReporterRegistration(111)) - New reporters are added after registries were created. Some metrics will be missing from the reporter. Please add reporter before adding any new registry.
2022-05-11 01:29:44,225 [Listener at localhost/40623] WARN  server.ServerUtils (ServerUtils.java:getDefaultRatisDirectory(237)) - Storage directory for Ratis is not configured. It is a good idea to map this to an SSD disk. Falling back to ozone.metadata.dirs
2022-05-11 01:29:44,226 [Listener at localhost/40623] INFO  ratis.OzoneManagerRatisServer (OzoneManagerRatisServer.java:<init>(159)) - Instantiating OM Ratis server with groupID: om-service-test1 and peers: localhost:36649, localhost:40799, localhost:37959
2022-05-11 01:29:44,227 [Listener at localhost/40623] INFO  ratis.OzoneManagerStateMachine (OzoneManagerStateMachine.java:loadSnapshotInfoFromDB(627)) - LastAppliedIndex is set from TransactionInfo from OM DB as (t:3, i:56)
2022-05-11 01:29:44,227 [Listener at localhost/40623] INFO  server.RaftServer (ConfUtils.java:logGet(44)) - raft.rpc.type = GRPC (default)
2022-05-11 01:29:44,227 [Listener at localhost/40623] INFO  grpc.GrpcFactory (GrpcFactory.java:checkPooledByteBufAllocatorUseCacheForAllThreads(48)) - PERFORMANCE WARNING: useCacheForAllThreads is true that may cause Netty to create a lot garbage objects and, as a result, trigger GC.
	It is recommended to disable useCacheForAllThreads by setting -Dorg.apache.ratis.thirdparty.io.netty.allocator.useCacheForAllThreads=false in command line.
2022-05-11 01:29:44,227 [Listener at localhost/40623] INFO  grpc.GrpcConfigKeys (ConfUtils.java:logGet(44)) - raft.grpc.admin.port = -1 (default)
2022-05-11 01:29:44,228 [Listener at localhost/40623] INFO  grpc.GrpcConfigKeys (ConfUtils.java:logGet(44)) - raft.grpc.server.port = 36649 (custom)
2022-05-11 01:29:44,228 [Listener at localhost/40623] INFO  grpc.GrpcConfigKeys (ConfUtils.java:logGet(44)) - raft.grpc.client.port = -1 (default)
2022-05-11 01:29:44,228 [Listener at localhost/40623] INFO  grpc.GrpcConfigKeys (ConfUtils.java:logGet(44)) - raft.grpc.server.port = 36649 (custom)
2022-05-11 01:29:44,228 [Listener at localhost/40623] INFO  grpc.GrpcConfigKeys (ConfUtils.java:logGet(44)) - raft.grpc.server.port = 36649 (custom)
2022-05-11 01:29:44,228 [Listener at localhost/40623] INFO  server.GrpcService (ConfUtils.java:logGet(44)) - raft.grpc.message.size.max = 33554432 (custom)
2022-05-11 01:29:44,229 [Listener at localhost/40623] INFO  server.RaftServerConfigKeys (ConfUtils.java:logGet(44)) - raft.server.log.appender.buffer.byte-limit = 33554432 (custom)
2022-05-11 01:29:44,229 [Listener at localhost/40623] INFO  server.GrpcService (ConfUtils.java:logGet(44)) - raft.grpc.flow.control.window = 1MB (=1048576) (default)
2022-05-11 01:29:44,229 [Listener at localhost/40623] INFO  server.RaftServerConfigKeys (ConfUtils.java:logGet(44)) - raft.server.rpc.request.timeout = 3000ms (default)
2022-05-11 01:29:44,231 [Listener at localhost/40623] INFO  impl.DataStreamServerImpl (ConfUtils.java:logGet(44)) - raft.datastream.type = DISABLED (default)
2022-05-11 01:29:44,231 [Listener at localhost/40623] INFO  server.RaftServerConfigKeys (ConfUtils.java:logGet(44)) - raft.server.rpc.slowness.timeout = 2s (custom)
2022-05-11 01:29:44,231 [Listener at localhost/40623] INFO  server.RaftServerConfigKeys (ConfUtils.java:logGet(44)) - raft.server.leaderelection.leader.step-down.wait-time = 10s (default)
2022-05-11 01:29:44,231 [Listener at localhost/40623] INFO  server.RaftServerConfigKeys (ConfUtils.java:logGet(44)) - raft.server.storage.dir = [/home/runner/work/ozone/ozone/hadoop-ozone/integration-test/target/test-dir/MiniOzoneClusterImpl-ae28b10a-1883-433e-acb0-7438b5479a4c/omNode-2/ratis] (custom)
2022-05-11 01:29:44,231 [Listener at localhost/40623] INFO  server.RaftServer (RaftServerProxy.java:lambda$null$1(235)) - omNode-2: found a subdirectory /home/runner/work/ozone/ozone/hadoop-ozone/integration-test/target/test-dir/MiniOzoneClusterImpl-ae28b10a-1883-433e-acb0-7438b5479a4c/omNode-2/ratis/c9bc4cf4-3bc3-3c60-a66b-523986131536
2022-05-11 01:29:44,232 [Listener at localhost/40623] INFO  server.RaftServer (RaftServerProxy.java:addNew(95)) - omNode-2: addNew group-523986131536:[omNode-3|rpc:localhost:40799|priority:0, omNode-1|rpc:localhost:37959|priority:0, omNode-2|rpc:localhost:36649|priority:0] returns group-523986131536:java.util.concurrent.CompletableFuture@20679cbe[Not completed]
2022-05-11 01:29:44,232 [pool-321-thread-1] INFO  server.RaftServer$Division (RaftServerImpl.java:<init>(184)) - omNode-2: new RaftServerImpl for group-523986131536:[omNode-3|rpc:localhost:40799|priority:0, omNode-1|rpc:localhost:37959|priority:0, omNode-2|rpc:localhost:36649|priority:0] with OzoneManagerStateMachine:uninitialized
2022-05-11 01:29:44,232 [Listener at localhost/40623] INFO  om.OzoneManager (OzoneManager.java:initializeRatisServer(1891)) - OzoneManager Ratis server initialized at port 36649
2022-05-11 01:29:44,232 [Listener at localhost/40623] INFO  ratis.OzoneManagerRatisServer (OzoneManagerRatisServer.java:start(554)) - Starting OzoneManagerRatisServer omNode-2 at port 36649
2022-05-11 01:29:44,233 [pool-321-thread-1] INFO  server.RaftServerConfigKeys (ConfUtils.java:logGet(44)) - raft.server.rpc.timeout.min = 1s (custom)
2022-05-11 01:29:44,233 [pool-321-thread-1] INFO  server.RaftServerConfigKeys (ConfUtils.java:logGet(44)) - raft.server.rpc.timeout.max = 1200ms (custom)
2022-05-11 01:29:44,234 [pool-321-thread-1] INFO  server.RaftServerConfigKeys (ConfUtils.java:logGet(44)) - raft.server.rpc.sleep.time = 25ms (default)
2022-05-11 01:29:44,234 [pool-321-thread-1] INFO  server.RaftServerConfigKeys (ConfUtils.java:logGet(44)) - raft.server.rpc.slowness.timeout = 2s (custom)
2022-05-11 01:29:44,234 [pool-321-thread-1] INFO  server.RaftServerConfigKeys (ConfUtils.java:logGet(44)) - raft.server.leaderelection.leader.step-down.wait-time = 10s (default)
2022-05-11 01:29:44,234 [pool-321-thread-1] INFO  server.RaftServerConfigKeys (ConfUtils.java:logGet(44)) - raft.server.sleep.deviation.threshold = 300ms (default)
2022-05-11 01:29:44,234 [pool-321-thread-1] INFO  server.RaftServerConfigKeys (ConfUtils.java:logGet(44)) - raft.server.log.appender.install.snapshot.enabled = false (custom)
2022-05-11 01:29:44,234 [pool-321-thread-1] INFO  server.RaftServer$Division (ServerState.java:<init>(105)) - omNode-2@group-523986131536: ConfigurationManager, init=-1: [omNode-3|rpc:localhost:40799|priority:0, omNode-1|rpc:localhost:37959|priority:0, omNode-2|rpc:localhost:36649|priority:0], old=null, confs=<EMPTY_MAP>
2022-05-11 01:29:44,234 [pool-321-thread-1] INFO  server.RaftServerConfigKeys (ConfUtils.java:logGet(44)) - raft.server.storage.dir = [/home/runner/work/ozone/ozone/hadoop-ozone/integration-test/target/test-dir/MiniOzoneClusterImpl-ae28b10a-1883-433e-acb0-7438b5479a4c/omNode-2/ratis] (custom)
2022-05-11 01:29:44,234 [pool-321-thread-1] INFO  server.RaftServerConfigKeys (ConfUtils.java:logGet(44)) - raft.server.log.corruption.policy = EXCEPTION (default)
2022-05-11 01:29:44,234 [pool-321-thread-1] INFO  server.RaftServerConfigKeys (ConfUtils.java:logGet(44)) - raft.server.storage.free-space.min = 0MB (=0) (default)
2022-05-11 01:29:44,235 [pool-321-thread-1] INFO  storage.RaftStorageDirectory (RaftStorageDirectoryImpl.java:tryLock(230)) - Lock on /home/runner/work/ozone/ozone/hadoop-ozone/integration-test/target/test-dir/MiniOzoneClusterImpl-ae28b10a-1883-433e-acb0-7438b5479a4c/omNode-2/ratis/c9bc4cf4-3bc3-3c60-a66b-523986131536/in_use.lock acquired by nodename 4883@fv-az291-847
2022-05-11 01:29:44,236 [pool-321-thread-1] INFO  storage.RaftStorage (RaftStorageImpl.java:analyzeAndRecoverStorage(110)) - Read RaftStorageMetadata{term=3, votedFor=omNode-2} from /home/runner/work/ozone/ozone/hadoop-ozone/integration-test/target/test-dir/MiniOzoneClusterImpl-ae28b10a-1883-433e-acb0-7438b5479a4c/omNode-2/ratis/c9bc4cf4-3bc3-3c60-a66b-523986131536/current/raft-meta
2022-05-11 01:29:44,236 [pool-321-thread-1] INFO  server.RaftServer$Division (ServerState.java:setRaftConf(387)) - omNode-2@group-523986131536: set configuration 31: [omNode-3|rpc:localhost:40799|admin:|client:|dataStream:|priority:0, omNode-1|rpc:localhost:37959|admin:|client:|dataStream:|priority:0, omNode-2|rpc:localhost:36649|admin:|client:|dataStream:|priority:0], old=null
2022-05-11 01:29:44,236 [pool-321-thread-1] INFO  server.RaftServerConfigKeys (ConfUtils.java:logGet(44)) - raft.server.notification.no-leader.timeout = 2s (custom)
2022-05-11 01:29:44,236 [pool-321-thread-1] INFO  server.RaftServerConfigKeys (ConfUtils.java:logGet(44)) - raft.server.log.use.memory = false (default)
2022-05-11 01:29:44,236 [pool-321-thread-1] INFO  server.RaftServerConfigKeys (ConfUtils.java:logGet(44)) - raft.server.log.purge.gap = 50 (custom)
2022-05-11 01:29:44,236 [pool-321-thread-1] INFO  server.RaftServerConfigKeys (ConfUtils.java:logGet(44)) - raft.server.log.appender.buffer.byte-limit = 33554432 (custom)
2022-05-11 01:29:44,236 [pool-321-thread-1] INFO  server.RaftServerConfigKeys (ConfUtils.java:logGet(44)) - raft.server.log.segment.size.max = 4194304 (custom)
2022-05-11 01:29:44,237 [pool-321-thread-1] INFO  server.RaftServerConfigKeys (ConfUtils.java:logGet(44)) - raft.server.log.segment.cache.num.max = 2 (custom)
2022-05-11 01:29:44,237 [pool-321-thread-1] INFO  server.RaftServerConfigKeys (ConfUtils.java:logGet(44)) - raft.server.log.segment.cache.size.max = 200MB (=209715200) (default)
2022-05-11 01:29:44,237 [pool-321-thread-1] INFO  segmented.SegmentedRaftLogWorker (SegmentedRaftLogWorker.java:<init>(182)) - new omNode-2@group-523986131536-SegmentedRaftLogWorker for RaftStorageImpl:Storage Directory /home/runner/work/ozone/ozone/hadoop-ozone/integration-test/target/test-dir/MiniOzoneClusterImpl-ae28b10a-1883-433e-acb0-7438b5479a4c/omNode-2/ratis/c9bc4cf4-3bc3-3c60-a66b-523986131536
2022-05-11 01:29:44,237 [pool-321-thread-1] INFO  server.RaftServerConfigKeys (ConfUtils.java:logGet(44)) - raft.server.log.queue.byte-limit = 64MB (=67108864) (default)
2022-05-11 01:29:44,237 [pool-321-thread-1] INFO  server.RaftServerConfigKeys (ConfUtils.java:logGet(44)) - raft.server.log.queue.element-limit = 4096 (default)
2022-05-11 01:29:44,237 [pool-321-thread-1] INFO  server.RaftServerConfigKeys (ConfUtils.java:logGet(44)) - raft.server.log.segment.size.max = 4194304 (custom)
2022-05-11 01:29:44,237 [pool-321-thread-1] INFO  server.RaftServerConfigKeys (ConfUtils.java:logGet(44)) - raft.server.log.preallocated.size = 4194304 (custom)
2022-05-11 01:29:44,237 [pool-321-thread-1] INFO  server.RaftServerConfigKeys (ConfUtils.java:logGet(44)) - raft.server.log.force.sync.num = 128 (default)
2022-05-11 01:29:44,237 [pool-321-thread-1] INFO  server.RaftServerConfigKeys (ConfUtils.java:logGet(44)) - raft.server.log.statemachine.data.sync = true (default)
2022-05-11 01:29:44,237 [pool-321-thread-1] INFO  server.RaftServerConfigKeys (ConfUtils.java:logGet(44)) - raft.server.log.statemachine.data.sync.timeout = 10s (default)
2022-05-11 01:29:44,238 [pool-321-thread-1] INFO  server.RaftServerConfigKeys (ConfUtils.java:logGet(44)) - raft.server.log.statemachine.data.sync.timeout.retry = -1 (default)
2022-05-11 01:29:44,240 [pool-321-thread-1] INFO  server.RaftServerConfigKeys (ConfUtils.java:logGet(44)) - raft.server.log.write.buffer.size = 64KB (=65536) (default)
2022-05-11 01:29:44,240 [pool-321-thread-1] INFO  server.RaftServerConfigKeys (ConfUtils.java:logGet(44)) - raft.server.log.statemachine.data.caching.enabled = false (default)
2022-05-11 01:29:44,240 [pool-321-thread-1] INFO  server.RaftServer$Division (ServerState.java:setRaftConf(387)) - omNode-2@group-523986131536: set configuration 31: [omNode-3|rpc:localhost:40799|admin:|client:|dataStream:|priority:0, omNode-1|rpc:localhost:37959|admin:|client:|dataStream:|priority:0, omNode-2|rpc:localhost:36649|admin:|client:|dataStream:|priority:0], old=null
2022-05-11 01:29:44,241 [pool-321-thread-1] INFO  segmented.LogSegment (LogSegment.java:loadSegment(173)) - Successfully read 26 entries from segment file /home/runner/work/ozone/ozone/hadoop-ozone/integration-test/target/test-dir/MiniOzoneClusterImpl-ae28b10a-1883-433e-acb0-7438b5479a4c/omNode-2/ratis/c9bc4cf4-3bc3-3c60-a66b-523986131536/current/log_inprogress_31
2022-05-11 01:29:44,241 [pool-321-thread-1] INFO  segmented.SegmentedRaftLogWorker (SegmentedRaftLogWorker.java:lambda$new$0(133)) - omNode-2@group-523986131536-SegmentedRaftLogWorker: flushIndex: setUnconditionally 0 -> 56
2022-05-11 01:29:44,241 [pool-321-thread-1] INFO  segmented.SegmentedRaftLogWorker (SegmentedRaftLogWorker.java:lambda$new$0(133)) - omNode-2@group-523986131536-SegmentedRaftLogWorker: safeCacheEvictIndex: setUnconditionally 0 -> -1
2022-05-11 01:29:44,242 [pool-321-thread-1] INFO  raftlog.RaftLog (RaftLogBase.java:lambda$new$0(53)) - omNode-2@group-523986131536-SegmentedRaftLog: commitIndex: updateToMax old=56, new=55, updated? false
2022-05-11 01:29:44,242 [pool-321-thread-1] INFO  raftlog.RaftLog (RaftLogBase.java:lambda$new$0(53)) - omNode-2@group-523986131536-SegmentedRaftLog: purgeIndex: updateIncreasingly -1 -> 30
2022-05-11 01:29:44,242 [pool-321-thread-1] INFO  server.RaftServerConfigKeys (ConfUtils.java:logGet(44)) - raft.server.snapshot.auto.trigger.enabled = true (custom)
2022-05-11 01:29:44,242 [pool-321-thread-1] INFO  server.RaftServerConfigKeys (ConfUtils.java:logGet(44)) - raft.server.snapshot.auto.trigger.threshold = 50 (custom)
2022-05-11 01:29:44,242 [pool-321-thread-1] INFO  server.RaftServerConfigKeys (ConfUtils.java:logGet(44)) - raft.server.snapshot.retention.file.num = -1 (default)
2022-05-11 01:29:44,242 [pool-321-thread-1] INFO  server.RaftServerConfigKeys (ConfUtils.java:logGet(44)) - raft.server.log.purge.upto.snapshot.index = true (custom)
2022-05-11 01:29:44,242 [pool-321-thread-1] INFO  server.RaftServerConfigKeys (ConfUtils.java:logGet(44)) - raft.server.retrycache.expirytime = 30000ms (custom)
2022-05-11 01:29:44,242 [pool-321-thread-1] INFO  server.RaftServerConfigKeys (ConfUtils.java:logGet(44)) - raft.server.retrycache.statistics.expirytime = 100μs (default)
2022-05-11 01:29:44,244 [Listener at localhost/40623] INFO  server.RaftServer$Division (RaftServerImpl.java:start(301)) - omNode-2@group-523986131536: start as a follower, conf=31: [omNode-3|rpc:localhost:40799|admin:|client:|dataStream:|priority:0, omNode-1|rpc:localhost:37959|admin:|client:|dataStream:|priority:0, omNode-2|rpc:localhost:36649|admin:|client:|dataStream:|priority:0], old=null
2022-05-11 01:29:44,244 [Listener at localhost/40623] INFO  server.RaftServer$Division (RaftServerImpl.java:setRole(290)) - omNode-2@group-523986131536: changes role from      null to FOLLOWER at term 3 for startAsFollower
2022-05-11 01:29:44,244 [Listener at localhost/40623] INFO  impl.RoleInfo (RoleInfo.java:updateAndGet(130)) - omNode-2: start omNode-2@group-523986131536-FollowerState
2022-05-11 01:29:44,246 [omNode-3@group-523986131536-FollowerState] INFO  impl.FollowerState (FollowerState.java:run(134)) - omNode-3@group-523986131536-FollowerState: change to CANDIDATE, lastRpcElapsedTime:1006504747ns, electionTimeout:1006ms
2022-05-11 01:29:44,246 [Listener at localhost/40623] INFO  util.JmxRegister (JmxRegister.java:tryRegister(44)) - Successfully registered JMX Bean with object name Ratis:service=RaftServer,group=group-523986131536,id=omNode-2
2022-05-11 01:29:44,246 [omNode-3@group-523986131536-FollowerState] INFO  impl.RoleInfo (RoleInfo.java:shutdownFollowerState(108)) - omNode-3: shutdown omNode-3@group-523986131536-FollowerState
2022-05-11 01:29:44,247 [omNode-3@group-523986131536-FollowerState] INFO  server.RaftServer$Division (RaftServerImpl.java:setRole(290)) - omNode-3@group-523986131536: changes role from  FOLLOWER to CANDIDATE at term 4 for changeToCandidate
2022-05-11 01:29:44,247 [omNode-3@group-523986131536-FollowerState] INFO  server.RaftServerConfigKeys (ConfUtils.java:logGet(44)) - raft.server.leaderelection.pre-vote = false (custom)
2022-05-11 01:29:44,247 [omNode-3@group-523986131536-FollowerState] INFO  impl.RoleInfo (RoleInfo.java:updateAndGet(130)) - omNode-3: start omNode-3@group-523986131536-LeaderElection18
2022-05-11 01:29:44,249 [Listener at localhost/40623] INFO  server.RaftServer (RaftServerProxy.java:lambda$start$5(374)) - omNode-2: start RPC server
2022-05-11 01:29:44,255 [Listener at localhost/40623] INFO  server.GrpcService (GrpcService.java:startImpl(253)) - omNode-2: GrpcService started, listening on 36649
2022-05-11 01:29:44,255 [Listener at localhost/40623] INFO  om.OzoneManager (OzoneManager.java:getRpcServer(1027)) - Creating RPC Server
2022-05-11 01:29:44,257 [org.apache.ratis.util.JvmPauseMonitor$$Lambda$637/1274334510@7ddc5ec6] INFO  util.JvmPauseMonitor (JvmPauseMonitor.java:run(103)) - JvmPauseMonitor-omNode-2: Started
2022-05-11 01:29:44,257 [omNode-3@group-523986131536-LeaderElection18] INFO  impl.LeaderElection (LeaderElection.java:askForVotes(306)) - omNode-3@group-523986131536-LeaderElection18 ELECTION round 0: submit vote requests at term 5 for 57: [omNode-3|rpc:localhost:40799|admin:|client:|dataStream:|priority:0, omNode-1|rpc:localhost:37959|admin:|client:|dataStream:|priority:0, omNode-2|rpc:localhost:36649|admin:|client:|dataStream:|priority:0], old=null
2022-05-11 01:29:44,301 [grpc-default-executor-1] INFO  server.RaftServer$Division (RaftServerImpl.java:requestVote(1046)) - omNode-1@group-523986131536: receive requestVote(ELECTION, omNode-3, group-523986131536, 5, (t:4, i:58))
2022-05-11 01:29:44,301 [grpc-default-executor-1] INFO  impl.VoteContext (VoteContext.java:log(48)) - omNode-1@group-523986131536-FOLLOWER: accept ELECTION from omNode-3: our priority 0 <= candidate's priority 0
2022-05-11 01:29:44,301 [grpc-default-executor-1] INFO  server.RaftServer$Division (RaftServerImpl.java:setRole(290)) - omNode-1@group-523986131536: changes role from  FOLLOWER to FOLLOWER at term 5 for candidate:omNode-3
2022-05-11 01:29:44,301 [grpc-default-executor-1] INFO  impl.RoleInfo (RoleInfo.java:shutdownFollowerState(108)) - omNode-1: shutdown omNode-1@group-523986131536-FollowerState
2022-05-11 01:29:44,301 [grpc-default-executor-1] INFO  impl.RoleInfo (RoleInfo.java:updateAndGet(130)) - omNode-1: start omNode-1@group-523986131536-FollowerState
2022-05-11 01:29:44,301 [omNode-1@group-523986131536-FollowerState] INFO  impl.FollowerState (FollowerState.java:run(143)) - omNode-1@group-523986131536-FollowerState was interrupted: {}
java.lang.InterruptedException: sleep interrupted
	at java.lang.Thread.sleep(Native Method)
	at java.lang.Thread.sleep(Thread.java:342)
	at java.util.concurrent.TimeUnit.sleep(TimeUnit.java:386)
	at org.apache.ratis.util.TimeDuration.sleep(TimeDuration.java:324)
	at org.apache.ratis.util.TimeDuration.sleep(TimeDuration.java:309)
	at org.apache.ratis.server.impl.FollowerState.run(FollowerState.java:118)
2022-05-11 01:29:44,308 [grpc-default-executor-0] INFO  server.RaftServer$Division (RaftServerImpl.java:requestVote(1046)) - omNode-2@group-523986131536: receive requestVote(ELECTION, omNode-3, group-523986131536, 5, (t:4, i:58))
2022-05-11 01:29:44,308 [grpc-default-executor-0] INFO  impl.VoteContext (VoteContext.java:log(48)) - omNode-2@group-523986131536-FOLLOWER: accept ELECTION from omNode-3: our last entry (t:3, i:56) < candidate's last entry (t:4, i:58)
2022-05-11 01:29:44,308 [grpc-default-executor-0] INFO  server.RaftServer$Division (RaftServerImpl.java:setRole(290)) - omNode-2@group-523986131536: changes role from  FOLLOWER to FOLLOWER at term 5 for candidate:omNode-3
2022-05-11 01:29:44,308 [grpc-default-executor-0] INFO  impl.RoleInfo (RoleInfo.java:shutdownFollowerState(108)) - omNode-2: shutdown omNode-2@group-523986131536-FollowerState
2022-05-11 01:29:44,308 [grpc-default-executor-0] INFO  impl.RoleInfo (RoleInfo.java:updateAndGet(130)) - omNode-2: start omNode-2@group-523986131536-FollowerState
2022-05-11 01:29:44,308 [omNode-2@group-523986131536-FollowerState] INFO  impl.FollowerState (FollowerState.java:run(143)) - omNode-2@group-523986131536-FollowerState was interrupted: {}
java.lang.InterruptedException: sleep interrupted
	at java.lang.Thread.sleep(Native Method)
	at java.lang.Thread.sleep(Thread.java:342)
	at java.util.concurrent.TimeUnit.sleep(TimeUnit.java:386)
	at org.apache.ratis.util.TimeDuration.sleep(TimeDuration.java:324)
	at org.apache.ratis.util.TimeDuration.sleep(TimeDuration.java:309)
	at org.apache.ratis.server.impl.FollowerState.run(FollowerState.java:118)
2022-05-11 01:29:44,319 [grpc-default-executor-1] INFO  server.RaftServer$Division (RaftServerImpl.java:requestVote(1078)) - omNode-1@group-523986131536 replies to ELECTION vote request: omNode-3<-omNode-1#0:OK-t5. Peer's state: omNode-1@group-523986131536:t5, leader=null, voted=omNode-3, raftlog=omNode-1@group-523986131536-SegmentedRaftLog:OPENED:c58, conf=57: [omNode-3|rpc:localhost:40799|admin:|client:|dataStream:|priority:0, omNode-1|rpc:localhost:37959|admin:|client:|dataStream:|priority:0, omNode-2|rpc:localhost:36649|admin:|client:|dataStream:|priority:0], old=null
2022-05-11 01:29:44,325 [omNode-3@group-523986131536-LeaderElection18] INFO  impl.LeaderElection (LeaderElection.java:logAndReturn(89)) - omNode-3@group-523986131536-LeaderElection18: ELECTION PASSED received 1 response(s) and 0 exception(s):
2022-05-11 01:29:44,325 [omNode-3@group-523986131536-LeaderElection18] INFO  impl.LeaderElection (LeaderElection.java:logAndReturn(93)) -   Response 0: omNode-3<-omNode-1#0:OK-t5
2022-05-11 01:29:44,325 [omNode-3@group-523986131536-LeaderElection18] INFO  impl.LeaderElection (LeaderElection.java:askForVotes(308)) - omNode-3@group-523986131536-LeaderElection18 ELECTION round 0: result PASSED
2022-05-11 01:29:44,325 [omNode-3@group-523986131536-LeaderElection18] INFO  impl.RoleInfo (RoleInfo.java:shutdownLeaderElection(121)) - omNode-3: shutdown omNode-3@group-523986131536-LeaderElection18
2022-05-11 01:29:44,325 [omNode-3@group-523986131536-LeaderElection18] INFO  server.RaftServer$Division (RaftServerImpl.java:setRole(290)) - omNode-3@group-523986131536: changes role from CANDIDATE to LEADER at term 5 for changeToLeader
2022-05-11 01:29:44,325 [omNode-3@group-523986131536-LeaderElection18] INFO  server.RaftServer$Division (ServerState.java:setLeader(285)) - omNode-3@group-523986131536: change Leader from null to omNode-3 at term 5 for becomeLeader, leader elected after 1102ms
2022-05-11 01:29:44,325 [omNode-3@group-523986131536-LeaderElection18] INFO  server.RaftServerConfigKeys (ConfUtils.java:logGet(44)) - raft.server.staging.catchup.gap = 1000 (default)
2022-05-11 01:29:44,326 [omNode-3@group-523986131536-LeaderElection18] INFO  server.RaftServerConfigKeys (ConfUtils.java:logGet(44)) - raft.server.write.element-limit = 4096 (default)
2022-05-11 01:29:44,326 [omNode-3@group-523986131536-LeaderElection18] INFO  server.RaftServerConfigKeys (ConfUtils.java:logGet(44)) - raft.server.write.byte-limit = 64MB (=67108864) (default)
2022-05-11 01:29:44,326 [omNode-3@group-523986131536-LeaderElection18] INFO  server.RaftServerConfigKeys (ConfUtils.java:logGet(44)) - raft.server.watch.timeout = 10s (default)
2022-05-11 01:29:44,326 [omNode-3@group-523986131536-LeaderElection18] INFO  server.RaftServerConfigKeys (ConfUtils.java:logGet(44)) - raft.server.watch.timeout.denomination = 1s (default)
2022-05-11 01:29:44,326 [omNode-3@group-523986131536-LeaderElection18] INFO  server.RaftServerConfigKeys (ConfUtils.java:logGet(44)) - raft.server.watch.element-limit = 65536 (default)
2022-05-11 01:29:44,326 [omNode-3@group-523986131536-LeaderElection18] INFO  server.RaftServerConfigKeys (ConfUtils.java:logGet(44)) - raft.server.write.element-limit = 4096 (default)
2022-05-11 01:29:44,326 [omNode-3@group-523986131536-LeaderElection18] INFO  server.RaftServerConfigKeys (ConfUtils.java:logGet(44)) - raft.server.write.follower.gap.ratio.max = -1.0 (default)
2022-05-11 01:29:44,327 [omNode-3@group-523986131536-LeaderElection18] INFO  server.RaftServerConfigKeys (ConfUtils.java:logGet(44)) - raft.server.log.appender.snapshot.chunk.size.max = 16MB (=16777216) (default)
2022-05-11 01:29:44,327 [omNode-3@group-523986131536-LeaderElection18] INFO  server.RaftServerConfigKeys (ConfUtils.java:logGet(44)) - raft.server.log.appender.buffer.byte-limit = 33554432 (custom)
2022-05-11 01:29:44,327 [omNode-3@group-523986131536-LeaderElection18] INFO  server.RaftServerConfigKeys (ConfUtils.java:logGet(44)) - raft.server.log.appender.buffer.element-limit = 1024 (custom)
2022-05-11 01:29:44,327 [omNode-3@group-523986131536-LeaderElection18] INFO  grpc.GrpcConfigKeys (ConfUtils.java:logGet(44)) - raft.grpc.server.leader.outstanding.appends.max = 128 (default)
2022-05-11 01:29:44,327 [omNode-3@group-523986131536-LeaderElection18] INFO  server.RaftServerConfigKeys (ConfUtils.java:logGet(44)) - raft.server.rpc.request.timeout = 3000ms (default)
2022-05-11 01:29:44,327 [omNode-3@group-523986131536-LeaderElection18] INFO  server.RaftServerConfigKeys (ConfUtils.java:logGet(44)) - raft.server.log.appender.install.snapshot.enabled = false (custom)
2022-05-11 01:29:44,328 [omNode-3@group-523986131536-LeaderElection18] INFO  server.RaftServerConfigKeys (ConfUtils.java:logGet(44)) - raft.server.log.appender.snapshot.chunk.size.max = 16MB (=16777216) (default)
2022-05-11 01:29:44,328 [omNode-3@group-523986131536-LeaderElection18] INFO  server.RaftServerConfigKeys (ConfUtils.java:logGet(44)) - raft.server.log.appender.buffer.byte-limit = 33554432 (custom)
2022-05-11 01:29:44,328 [omNode-3@group-523986131536-LeaderElection18] INFO  server.RaftServerConfigKeys (ConfUtils.java:logGet(44)) - raft.server.log.appender.buffer.element-limit = 1024 (custom)
2022-05-11 01:29:44,328 [omNode-3@group-523986131536-LeaderElection18] INFO  grpc.GrpcConfigKeys (ConfUtils.java:logGet(44)) - raft.grpc.server.leader.outstanding.appends.max = 128 (default)
2022-05-11 01:29:44,329 [omNode-3@group-523986131536-LeaderElection18] INFO  server.RaftServerConfigKeys (ConfUtils.java:logGet(44)) - raft.server.rpc.request.timeout = 3000ms (default)
2022-05-11 01:29:44,329 [omNode-3@group-523986131536-LeaderElection18] INFO  server.RaftServerConfigKeys (ConfUtils.java:logGet(44)) - raft.server.log.appender.install.snapshot.enabled = false (custom)
2022-05-11 01:29:44,330 [omNode-3@group-523986131536-LeaderElection18] INFO  impl.RoleInfo (RoleInfo.java:updateAndGet(130)) - omNode-3: start omNode-3@group-523986131536-LeaderStateImpl
2022-05-11 01:29:44,330 [omNode-3@group-523986131536-LeaderElection18] INFO  segmented.SegmentedRaftLogWorker (SegmentedRaftLogWorker.java:rollLogSegment(399)) - omNode-3@group-523986131536-SegmentedRaftLogWorker: Rolling segment log-57_58 to index:58
2022-05-11 01:29:44,331 [omNode-3@group-523986131536-SegmentedRaftLogWorker] INFO  segmented.SegmentedRaftLogWorker (SegmentedRaftLogWorker.java:execute(558)) - omNode-3@group-523986131536-SegmentedRaftLogWorker: Rolled log segment from /home/runner/work/ozone/ozone/hadoop-ozone/integration-test/target/test-dir/MiniOzoneClusterImpl-ae28b10a-1883-433e-acb0-7438b5479a4c/omNode-3/ratis/c9bc4cf4-3bc3-3c60-a66b-523986131536/current/log_inprogress_57 to /home/runner/work/ozone/ozone/hadoop-ozone/integration-test/target/test-dir/MiniOzoneClusterImpl-ae28b10a-1883-433e-acb0-7438b5479a4c/omNode-3/ratis/c9bc4cf4-3bc3-3c60-a66b-523986131536/current/log_57-58
2022-05-11 01:29:44,339 [grpc-default-executor-0] INFO  server.RaftServer$Division (RaftServerImpl.java:requestVote(1078)) - omNode-2@group-523986131536 replies to ELECTION vote request: omNode-3<-omNode-2#0:OK-t5. Peer's state: omNode-2@group-523986131536:t5, leader=null, voted=omNode-3, raftlog=omNode-2@group-523986131536-SegmentedRaftLog:OPENED:c56, conf=31: [omNode-3|rpc:localhost:40799|admin:|client:|dataStream:|priority:0, omNode-1|rpc:localhost:37959|admin:|client:|dataStream:|priority:0, omNode-2|rpc:localhost:36649|admin:|client:|dataStream:|priority:0], old=null
2022-05-11 01:29:44,355 [omNode-3@group-523986131536-LeaderElection18] INFO  server.RaftServer$Division (ServerState.java:setRaftConf(387)) - omNode-3@group-523986131536: set configuration 59: [omNode-3|rpc:localhost:40799|admin:|client:|dataStream:|priority:0, omNode-1|rpc:localhost:37959|admin:|client:|dataStream:|priority:0, omNode-2|rpc:localhost:36649|admin:|client:|dataStream:|priority:0], old=null
2022-05-11 01:29:44,356 [omNode-3@group-523986131536-SegmentedRaftLogWorker] INFO  segmented.SegmentedRaftLogWorker (SegmentedRaftLogWorker.java:execute(601)) - omNode-3@group-523986131536-SegmentedRaftLogWorker: created new log segment /home/runner/work/ozone/ozone/hadoop-ozone/integration-test/target/test-dir/MiniOzoneClusterImpl-ae28b10a-1883-433e-acb0-7438b5479a4c/omNode-3/ratis/c9bc4cf4-3bc3-3c60-a66b-523986131536/current/log_inprogress_59
2022-05-11 01:29:44,364 [grpc-default-executor-0] INFO  server.RaftServer$Division (ServerState.java:setLeader(285)) - omNode-2@group-523986131536: change Leader from null to omNode-3 at term 5 for appendEntries, leader elected after 128ms
2022-05-11 01:29:44,365 [grpc-default-executor-0] INFO  server.RaftServer$Division (RaftServerImpl.java:checkInconsistentAppendEntries(1322)) - omNode-2@group-523986131536: Failed appendEntries as previous log entry ((t:4, i:58)) is not found
2022-05-11 01:29:44,365 [grpc-default-executor-0] INFO  server.RaftServer$Division (RaftServerImpl.java:checkInconsistentAppendEntries(1288)) - omNode-2@group-523986131536: inconsistency entries. Reply:omNode-3<-omNode-2#0:FAIL-t5,INCONSISTENCY,nextIndex=57,followerCommit=56
2022-05-11 01:29:44,366 [grpc-default-executor-2] INFO  server.RaftServer$Division (ServerState.java:setLeader(285)) - omNode-1@group-523986131536: change Leader from null to omNode-3 at term 5 for appendEntries, leader elected after 655ms
2022-05-11 01:29:44,375 [grpc-default-executor-1] INFO  leader.FollowerInfo (FollowerInfoImpl.java:lambda$new$0(47)) - omNode-3@group-523986131536->omNode-2: nextIndex: updateUnconditionally 60 -> 57
2022-05-11 01:29:44,375 [omNode-3@group-523986131536->omNode-2-GrpcLogAppender-LogAppenderDaemon] ERROR leader.LogAppenderDaemon (LogAppenderDaemon.java:run(86)) - omNode-3@group-523986131536->omNode-2-GrpcLogAppender-LogAppenderDaemon failed
java.lang.NullPointerException: omNode-3@group-523986131536->omNode-2: Previous TermIndex not found for firstIndex = 57
	at java.util.Objects.requireNonNull(Objects.java:290)
	at org.apache.ratis.server.leader.LogAppenderBase.assertProtos(LogAppenderBase.java:169)
	at org.apache.ratis.server.leader.LogAppenderBase.newAppendEntriesRequest(LogAppenderBase.java:154)
	at org.apache.ratis.grpc.server.GrpcLogAppender.appendLog(GrpcLogAppender.java:213)
	at org.apache.ratis.grpc.server.GrpcLogAppender.run(GrpcLogAppender.java:147)
	at org.apache.ratis.server.leader.LogAppenderDaemon.run(LogAppenderDaemon.java:77)
	at java.lang.Thread.run(Thread.java:750)
2022-05-11 01:29:44,376 [omNode-3@group-523986131536->omNode-2-GrpcLogAppender-LogAppenderDaemon] INFO  server.RaftServer$Division (LeaderStateImpl.java:restart(514)) - omNode-3@group-523986131536-LeaderStateImpl: Restarting GrpcLogAppender for omNode-3@group-523986131536->omNode-2
2022-05-11 01:29:44,376 [grpc-default-executor-0] INFO  server.RaftServer$Division (RaftServerImpl.java:checkInconsistentAppendEntries(1322)) - omNode-2@group-523986131536: Failed appendEntries as previous log entry ((t:4, i:58)) is not found
2022-05-11 01:29:44,376 [grpc-default-executor-0] INFO  server.RaftServer$Division (RaftServerImpl.java:checkInconsistentAppendEntries(1288)) - omNode-2@group-523986131536: inconsistency entries. Reply:omNode-3<-omNode-2#1:FAIL-t5,INCONSISTENCY,nextIndex=57,followerCommit=56
2022-05-11 01:29:44,376 [omNode-3@group-523986131536->omNode-2-GrpcLogAppender-LogAppenderDaemon] INFO  server.RaftServerConfigKeys (ConfUtils.java:logGet(44)) - raft.server.log.appender.snapshot.chunk.size.max = 16MB (=16777216) (default)
2022-05-11 01:29:44,376 [omNode-3@group-523986131536->omNode-2-GrpcLogAppender-LogAppenderDaemon] INFO  server.RaftServerConfigKeys (ConfUtils.java:logGet(44)) - raft.server.log.appender.buffer.byte-limit = 33554432 (custom)
2022-05-11 01:29:44,377 [omNode-3@group-523986131536->omNode-2-GrpcLogAppender-LogAppenderDaemon] INFO  server.RaftServerConfigKeys (ConfUtils.java:logGet(44)) - raft.server.log.appender.buffer.element-limit = 1024 (custom)
2022-05-11 01:29:44,377 [omNode-3@group-523986131536->omNode-2-GrpcLogAppender-LogAppenderDaemon] INFO  grpc.GrpcConfigKeys (ConfUtils.java:logGet(44)) - raft.grpc.server.leader.outstanding.appends.max = 128 (default)
2022-05-11 01:29:44,377 [omNode-3@group-523986131536->omNode-2-GrpcLogAppender-LogAppenderDaemon] INFO  server.RaftServerConfigKeys (ConfUtils.java:logGet(44)) - raft.server.rpc.request.timeout = 3000ms (default)
2022-05-11 01:29:44,377 [omNode-3@group-523986131536->omNode-2-GrpcLogAppender-LogAppenderDaemon] INFO  server.RaftServerConfigKeys (ConfUtils.java:logGet(44)) - raft.server.log.appender.install.snapshot.enabled = false (custom)
2022-05-11 01:29:44,377 [grpc-default-executor-0] INFO  leader.FollowerInfo (FollowerInfoImpl.java:lambda$new$0(47)) - omNode-3@group-523986131536->omNode-2: nextIndex: updateUnconditionally 57 -> 57
2022-05-11 01:29:44,379 [grpc-default-executor-1] INFO  server.RaftServer$Division (ServerState.java:setRaftConf(387)) - omNode-1@group-523986131536: set configuration 59: [omNode-3|rpc:localhost:40799|admin:|client:|dataStream:|priority:0, omNode-1|rpc:localhost:37959|admin:|client:|dataStream:|priority:0, omNode-2|rpc:localhost:36649|admin:|client:|dataStream:|priority:0], old=null
2022-05-11 01:29:44,380 [grpc-default-executor-1] INFO  segmented.SegmentedRaftLogWorker (SegmentedRaftLogWorker.java:rollLogSegment(399)) - omNode-1@group-523986131536-SegmentedRaftLogWorker: Rolling segment log-57_58 to index:58
2022-05-11 01:29:44,381 [omNode-1@group-523986131536-SegmentedRaftLogWorker] INFO  segmented.SegmentedRaftLogWorker (SegmentedRaftLogWorker.java:execute(558)) - omNode-1@group-523986131536-SegmentedRaftLogWorker: Rolled log segment from /home/runner/work/ozone/ozone/hadoop-ozone/integration-test/target/test-dir/MiniOzoneClusterImpl-ae28b10a-1883-433e-acb0-7438b5479a4c/omNode-1/ratis/c9bc4cf4-3bc3-3c60-a66b-523986131536/current/log_inprogress_57 to /home/runner/work/ozone/ozone/hadoop-ozone/integration-test/target/test-dir/MiniOzoneClusterImpl-ae28b10a-1883-433e-acb0-7438b5479a4c/omNode-1/ratis/c9bc4cf4-3bc3-3c60-a66b-523986131536/current/log_57-58
2022-05-11 01:29:44,386 [omNode-3@group-523986131536->omNode-2-GrpcLogAppender-LogAppenderDaemon] INFO  server.GrpcLogAppender (GrpcLogAppender.java:installSnapshot(550)) - omNode-3@group-523986131536->omNode-2-GrpcLogAppender: followerNextIndex = 0 but logStartIndex = 57, notify follower to install snapshot-(t:4, i:57)
2022-05-11 01:29:44,394 [omNode-1@group-523986131536-SegmentedRaftLogWorker] INFO  segmented.SegmentedRaftLogWorker (SegmentedRaftLogWorker.java:execute(601)) - omNode-1@group-523986131536-SegmentedRaftLogWorker: created new log segment /home/runner/work/ozone/ozone/hadoop-ozone/integration-test/target/test-dir/MiniOzoneClusterImpl-ae28b10a-1883-433e-acb0-7438b5479a4c/omNode-1/ratis/c9bc4cf4-3bc3-3c60-a66b-523986131536/current/log_inprogress_59
2022-05-11 01:29:44,415 [omNode-3@group-523986131536->omNode-2-GrpcLogAppender-LogAppenderDaemon] INFO  server.GrpcLogAppender (GrpcLogAppender.java:installSnapshot(558)) - omNode-3@group-523986131536->omNode-2-GrpcLogAppender: send omNode-3->omNode-2#0-t5,notify:(t:4, i:57)
2022-05-11 01:29:44,420 [omNode-1@group-523986131536-StateMachineUpdater] INFO  ratis.OzoneManagerStateMachine (OzoneManagerStateMachine.java:notifyConfigurationChanged(191)) - Received Configuration change notification from Ratis. New Peer list:
[id: "omNode-3"
address: "localhost:40799"
, id: "omNode-1"
address: "localhost:37959"
, id: "omNode-2"
address: "localhost:36649"
]
2022-05-11 01:29:44,417 [omNode-3@group-523986131536-StateMachineUpdater] INFO  ratis.OzoneManagerStateMachine (OzoneManagerStateMachine.java:notifyConfigurationChanged(191)) - Received Configuration change notification from Ratis. New Peer list:
[id: "omNode-3"
address: "localhost:40799"
, id: "omNode-1"
address: "localhost:37959"
, id: "omNode-2"
address: "localhost:36649"
]
2022-05-11 01:29:44,430 [grpc-default-executor-1] INFO  server.RaftServer$Division (RaftServerImpl.java:installSnapshot(1332)) - omNode-2@group-523986131536: receive installSnapshot: omNode-3->omNode-2#0-t5,notify:(t:4, i:57)
2022-05-11 01:29:44,431 [grpc-default-executor-1] INFO  server.RaftServer$Division (RaftServerImpl.java:notifyStateMachineToInstallSnapshot(1551)) - omNode-2@group-523986131536: Received notification to install snapshot at index 57
2022-05-11 01:29:44,431 [grpc-default-executor-1] INFO  server.RaftServer$Division (RaftServerImpl.java:notifyStateMachineToInstallSnapshot(1559)) - omNode-2@group-523986131536: InstallSnapshot notification result: ALREADY_INSTALLED, current snapshot index: 56
2022-05-11 01:29:44,448 [grpc-default-executor-1] INFO  server.RaftServer$Division (RaftServerImpl.java:installSnapshotImpl(1462)) - omNode-2@group-523986131536: set new configuration index: 59
configurationEntry {
  peers {
    id: "omNode-3"
    address: "localhost:40799"
  }
  peers {
    id: "omNode-1"
    address: "localhost:37959"
  }
  peers {
    id: "omNode-2"
    address: "localhost:36649"
  }
}
 from snapshot
2022-05-11 01:29:44,451 [grpc-default-executor-1] INFO  server.RaftServer$Division (ServerState.java:setRaftConf(387)) - omNode-2@group-523986131536: set configuration 59: [omNode-3|rpc:localhost:40799|admin:|client:|dataStream:|priority:0, omNode-1|rpc:localhost:37959|admin:|client:|dataStream:|priority:0, omNode-2|rpc:localhost:36649|admin:|client:|dataStream:|priority:0], old=null
2022-05-11 01:29:44,453 [grpc-default-executor-1] INFO  ratis.OzoneManagerStateMachine (OzoneManagerStateMachine.java:notifyConfigurationChanged(191)) - Received Configuration change notification from Ratis. New Peer list:
[id: "omNode-3"
address: "localhost:40799"
, id: "omNode-1"
address: "localhost:37959"
, id: "omNode-2"
address: "localhost:36649"
]
2022-05-11 01:29:44,453 [grpc-default-executor-1] INFO  server.RaftServer$Division (RaftServerImpl.java:installSnapshot(1343)) - omNode-2@group-523986131536: reply installSnapshot: omNode-3<-omNode-2#0:FAIL-t5,ALREADY_INSTALLED,snapshotIndex=56
2022-05-11 01:29:44,454 [grpc-default-executor-0] INFO  server.GrpcLogAppender (GrpcLogAppender.java:onNext(410)) - omNode-3@group-523986131536->omNode-2-InstallSnapshotResponseHandler: received the first reply omNode-3<-omNode-2#0:FAIL-t5,ALREADY_INSTALLED,snapshotIndex=56
2022-05-11 01:29:44,454 [grpc-default-executor-0] INFO  server.GrpcLogAppender (GrpcLogAppender.java:onNext(433)) - omNode-3@group-523986131536->omNode-2-InstallSnapshotResponseHandler: Follower snapshot is already at index 56.
2022-05-11 01:29:44,455 [grpc-default-executor-0] INFO  leader.FollowerInfo (FollowerInfoImpl.java:lambda$new$0(47)) - omNode-3@group-523986131536->omNode-2: snapshotIndex: setUnconditionally 0 -> 56
2022-05-11 01:29:44,455 [grpc-default-executor-0] INFO  leader.FollowerInfo (FollowerInfoImpl.java:lambda$new$0(47)) - omNode-3@group-523986131536->omNode-2: matchIndex: setUnconditionally 0 -> 56
2022-05-11 01:29:44,455 [grpc-default-executor-0] INFO  leader.FollowerInfo (FollowerInfoImpl.java:lambda$new$0(47)) - omNode-3@group-523986131536->omNode-2: nextIndex: setUnconditionally 0 -> 57
2022-05-11 01:29:44,455 [grpc-default-executor-0] INFO  leader.FollowerInfo (FollowerInfoImpl.java:setAttemptedToInstallSnapshot(116)) - Follower omNode-3@group-523986131536->omNode-2 acknowledged installing snapshot
2022-05-11 01:29:44,455 [grpc-default-executor-0] INFO  leader.FollowerInfo (FollowerInfoImpl.java:lambda$new$0(47)) - omNode-3@group-523986131536->omNode-2: nextIndex: updateToMax old=57, new=57, updated? false
2022-05-11 01:29:44,456 [grpc-default-executor-1] INFO  server.GrpcServerProtocolService (GrpcServerProtocolService.java:onCompleted(140)) - omNode-2: Completed INSTALL_SNAPSHOT, lastRequest: omNode-3->omNode-2#0-t5,notify:(t:4, i:57)
2022-05-11 01:29:44,707 [Listener at localhost/40623] INFO  reflections.Reflections (Reflections.java:scan(232)) - Reflections took 450 ms to scan 19 urls, producing 61 keys and 3656 values [using 2 cores]
2022-05-11 01:29:44,708 [Listener at localhost/40623] INFO  ipc.CallQueueManager (CallQueueManager.java:<init>(90)) - Using callQueue: class java.util.concurrent.LinkedBlockingQueue, queueCapacity: 2000, scheduler: class org.apache.hadoop.ipc.DefaultRpcScheduler, ipcBackoff: false.
2022-05-11 01:29:44,709 [Socket Reader #1 for port 38653] INFO  ipc.Server (Server.java:run(1265)) - Starting Socket Reader #1 for port 38653
2022-05-11 01:29:44,713 [Listener at localhost/38653] INFO  http.BaseHttpServer (BaseHttpServer.java:newHttpServer2BuilderForOzone(209)) - Starting Web-server for ozoneManager at: http://0.0.0.0:45153
2022-05-11 01:29:44,714 [Listener at localhost/38653] INFO  http.BaseHttpServer (BaseHttpServer.java:<init>(107)) - Hadoop Security Enabled: false Ozone Security Enabled: false Ozone HTTP Security Enabled: false 
2022-05-11 01:29:44,715 [Listener at localhost/38653] INFO  server.AuthenticationFilter (AuthenticationFilter.java:constructSecretProvider(240)) - Unable to initialize FileSignerSecretProvider, falling back to use random secrets.
2022-05-11 01:29:44,715 [Listener at localhost/38653] WARN  http.HttpRequestLog (HttpRequestLog.java:getRequestLog(103)) - Jetty request log can only be enabled using Log4j
2022-05-11 01:29:44,717 [Listener at localhost/38653] INFO  http.HttpServer2 (HttpServer2.java:addGlobalFilter(1030)) - Added global filter 'safety' (class=org.apache.hadoop.hdds.server.http.HttpServer2$QuotingInputFilter)
2022-05-11 01:29:44,717 [Listener at localhost/38653] INFO  http.HttpServer2 (HttpServer2.java:addFilter(1006)) - Added filter static_user_filter (class=org.apache.hadoop.http.lib.StaticUserWebFilter$StaticUserFilter) to context ozoneManager
2022-05-11 01:29:44,718 [Listener at localhost/38653] INFO  http.HttpServer2 (HttpServer2.java:addFilter(1014)) - Added filter static_user_filter (class=org.apache.hadoop.http.lib.StaticUserWebFilter$StaticUserFilter) to context logs
2022-05-11 01:29:44,718 [Listener at localhost/38653] INFO  http.HttpServer2 (HttpServer2.java:addFilter(1014)) - Added filter static_user_filter (class=org.apache.hadoop.http.lib.StaticUserWebFilter$StaticUserFilter) to context static
2022-05-11 01:29:44,718 [Listener at localhost/38653] INFO  http.HttpServer2 (HttpServer2.java:bindListener(1249)) - Jetty bound to port 45153
2022-05-11 01:29:44,719 [Listener at localhost/38653] INFO  server.Server (Server.java:doStart(375)) - jetty-9.4.43.v20210629; built: 2021-06-30T11:07:22.254Z; git: 526006ecfa3af7f1a27ef3a288e2bef7ea9dd7e8; jvm 1.8.0_322-b06
2022-05-11 01:29:44,724 [Listener at localhost/38653] INFO  server.session (DefaultSessionIdManager.java:doStart(334)) - DefaultSessionIdManager workerName=node0
2022-05-11 01:29:44,724 [Listener at localhost/38653] INFO  server.session (DefaultSessionIdManager.java:doStart(339)) - No SessionScavenger set, using defaults
2022-05-11 01:29:44,725 [Listener at localhost/38653] INFO  server.session (HouseKeeper.java:startScavenging(132)) - node0 Scavenging every 660000ms
2022-05-11 01:29:44,727 [Listener at localhost/38653] INFO  handler.ContextHandler (ContextHandler.java:doStart(915)) - Started o.e.j.s.ServletContextHandler@3df8a0d8{logs,/logs,file:///home/runner/work/ozone/ozone/hadoop-ozone/integration-test/target/log,AVAILABLE}
2022-05-11 01:29:44,727 [Listener at localhost/38653] INFO  handler.ContextHandler (ContextHandler.java:doStart(915)) - Started o.e.j.s.ServletContextHandler@6c479748{static,/static,file:///home/runner/work/ozone/ozone/hadoop-ozone/integration-test/target/test-classes/webapps/static,AVAILABLE}
2022-05-11 01:29:44,732 [Listener at localhost/38653] INFO  handler.ContextHandler (ContextHandler.java:doStart(915)) - Started o.e.j.w.WebAppContext@7589a53a{ozoneManager,/,file:///home/runner/work/ozone/ozone/hadoop-ozone/integration-test/target/test-classes/webapps/ozoneManager/,AVAILABLE}{file:/home/runner/work/ozone/ozone/hadoop-ozone/integration-test/target/test-classes/webapps/ozoneManager}
2022-05-11 01:29:44,734 [Listener at localhost/38653] INFO  server.AbstractConnector (AbstractConnector.java:doStart(331)) - Started ServerConnector@355ea654{HTTP/1.1, (http/1.1)}{0.0.0.0:45153}
2022-05-11 01:29:44,734 [Listener at localhost/38653] INFO  server.Server (Server.java:doStart(415)) - Started @49898ms
2022-05-11 01:29:44,734 [Listener at localhost/38653] WARN  impl.MetricsSystemImpl (MetricsSystemImpl.java:register(279)) - Sink prometheus already exists!
2022-05-11 01:29:44,735 [Listener at localhost/38653] INFO  http.BaseHttpServer (BaseHttpServer.java:updateConnectorAddress(329)) - HTTP server of ozoneManager listening at http://0.0.0.0:45153
2022-05-11 01:29:44,735 [IPC Server Responder] INFO  ipc.Server (Server.java:run(1507)) - IPC Server Responder: starting
2022-05-11 01:29:44,736 [IPC Server listener on 38653] INFO  ipc.Server (Server.java:run(1344)) - IPC Server listener on 38653: starting
2022-05-11 01:29:44,739 [Listener at localhost/38653] INFO  om.OzoneManager (OzoneManager.java:startTrashEmptier(1835)) - Trash Interval set to 0. Files deleted won't move to trash
]]></system-out>
  </testcase>
  <testcase name="testFileOperationsAndDelete" classname="org.apache.hadoop.ozone.om.TestOzoneManagerHAWithData" time="7.956">
    <error type="java.lang.RuntimeException"><![CDATA[java.lang.RuntimeException: java.util.concurrent.ExecutionException: java.lang.IllegalStateException: zip file closed
	at org.reflections.Reflections.scan(Reflections.java:213)
	at org.reflections.Reflections.<init>(Reflections.java:123)
	at org.apache.hadoop.ozone.om.request.validation.ValidatorRegistry.<init>(ValidatorRegistry.java:71)
	at org.apache.hadoop.ozone.om.request.validation.ValidatorRegistry.<init>(ValidatorRegistry.java:59)
	at org.apache.hadoop.ozone.om.request.validation.RequestValidations.load(RequestValidations.java:59)
	at org.apache.hadoop.ozone.protocolPB.OzoneManagerProtocolServerSideTranslatorPB.<init>(OzoneManagerProtocolServerSideTranslatorPB.java:126)
	at org.apache.hadoop.ozone.om.OzoneManager.getRpcServer(OzoneManager.java:1037)
	at org.apache.hadoop.ozone.om.OzoneManager.restart(OzoneManager.java:1525)
	at org.apache.hadoop.ozone.MiniOzoneHAClusterImpl.restartOzoneManager(MiniOzoneHAClusterImpl.java:227)
	at org.apache.hadoop.ozone.om.TestOzoneManagerHA.resetCluster(TestOzoneManagerHA.java:188)
	at sun.reflect.NativeMethodAccessorImpl.invoke0(Native Method)
	at sun.reflect.NativeMethodAccessorImpl.invoke(NativeMethodAccessorImpl.java:62)
	at sun.reflect.DelegatingMethodAccessorImpl.invoke(DelegatingMethodAccessorImpl.java:43)
	at java.lang.reflect.Method.invoke(Method.java:498)
	at org.junit.platform.commons.util.ReflectionUtils.invokeMethod(ReflectionUtils.java:688)
	at org.junit.jupiter.engine.execution.MethodInvocation.proceed(MethodInvocation.java:60)
	at org.junit.jupiter.engine.execution.InvocationInterceptorChain$ValidatingInvocation.proceed(InvocationInterceptorChain.java:131)
	at org.junit.jupiter.engine.extension.TimeoutExtension.intercept(TimeoutExtension.java:149)
	at org.junit.jupiter.engine.extension.TimeoutExtension.interceptLifecycleMethod(TimeoutExtension.java:126)
	at org.junit.jupiter.engine.extension.TimeoutExtension.interceptAfterEachMethod(TimeoutExtension.java:108)
	at org.junit.jupiter.engine.execution.ExecutableInvoker$ReflectiveInterceptorCall.lambda$ofVoidMethod$0(ExecutableInvoker.java:115)
	at org.junit.jupiter.engine.execution.ExecutableInvoker.lambda$invoke$0(ExecutableInvoker.java:105)
	at org.junit.jupiter.engine.execution.InvocationInterceptorChain$InterceptedInvocation.proceed(InvocationInterceptorChain.java:106)
	at org.junit.jupiter.engine.execution.InvocationInterceptorChain.proceed(InvocationInterceptorChain.java:64)
	at org.junit.jupiter.engine.execution.InvocationInterceptorChain.chainAndInvoke(InvocationInterceptorChain.java:45)
	at org.junit.jupiter.engine.execution.InvocationInterceptorChain.invoke(InvocationInterceptorChain.java:37)
	at org.junit.jupiter.engine.execution.ExecutableInvoker.invoke(ExecutableInvoker.java:104)
	at org.junit.jupiter.engine.execution.ExecutableInvoker.invoke(ExecutableInvoker.java:98)
	at org.junit.jupiter.engine.descriptor.ClassBasedTestDescriptor.invokeMethodInExtensionContext(ClassBasedTestDescriptor.java:490)
	at org.junit.jupiter.engine.descriptor.ClassBasedTestDescriptor.lambda$synthesizeAfterEachMethodAdapter$20(ClassBasedTestDescriptor.java:480)
	at org.junit.jupiter.engine.descriptor.TestMethodTestDescriptor.lambda$invokeAfterEachMethods$9(TestMethodTestDescriptor.java:236)
	at org.junit.jupiter.engine.descriptor.TestMethodTestDescriptor.lambda$invokeAllAfterMethodsOrCallbacks$12(TestMethodTestDescriptor.java:269)
	at org.junit.platform.engine.support.hierarchical.ThrowableCollector.execute(ThrowableCollector.java:73)
	at org.junit.jupiter.engine.descriptor.TestMethodTestDescriptor.lambda$invokeAllAfterMethodsOrCallbacks$13(TestMethodTestDescriptor.java:269)
	at java.util.ArrayList.forEach(ArrayList.java:1259)
	at org.junit.jupiter.engine.descriptor.TestMethodTestDescriptor.invokeAllAfterMethodsOrCallbacks(TestMethodTestDescriptor.java:268)
	at org.junit.jupiter.engine.descriptor.TestMethodTestDescriptor.invokeAfterEachMethods(TestMethodTestDescriptor.java:234)
	at org.junit.jupiter.engine.descriptor.TestMethodTestDescriptor.execute(TestMethodTestDescriptor.java:135)
	at org.junit.jupiter.engine.descriptor.TestMethodTestDescriptor.execute(TestMethodTestDescriptor.java:65)
	at org.junit.platform.engine.support.hierarchical.NodeTestTask.lambda$executeRecursively$5(NodeTestTask.java:139)
	at org.junit.platform.engine.support.hierarchical.ThrowableCollector.execute(ThrowableCollector.java:73)
	at org.junit.platform.engine.support.hierarchical.NodeTestTask.lambda$executeRecursively$7(NodeTestTask.java:129)
	at org.junit.platform.engine.support.hierarchical.Node.around(Node.java:137)
	at org.junit.platform.engine.support.hierarchical.NodeTestTask.lambda$executeRecursively$8(NodeTestTask.java:127)
	at org.junit.platform.engine.support.hierarchical.ThrowableCollector.execute(ThrowableCollector.java:73)
	at org.junit.platform.engine.support.hierarchical.NodeTestTask.executeRecursively(NodeTestTask.java:126)
	at org.junit.platform.engine.support.hierarchical.NodeTestTask.execute(NodeTestTask.java:84)
	at java.util.ArrayList.forEach(ArrayList.java:1259)
	at org.junit.platform.engine.support.hierarchical.SameThreadHierarchicalTestExecutorService.invokeAll(SameThreadHierarchicalTestExecutorService.java:38)
	at org.junit.platform.engine.support.hierarchical.NodeTestTask.lambda$executeRecursively$5(NodeTestTask.java:143)
	at org.junit.platform.engine.support.hierarchical.ThrowableCollector.execute(ThrowableCollector.java:73)
	at org.junit.platform.engine.support.hierarchical.NodeTestTask.lambda$executeRecursively$7(NodeTestTask.java:129)
	at org.junit.platform.engine.support.hierarchical.Node.around(Node.java:137)
	at org.junit.platform.engine.support.hierarchical.NodeTestTask.lambda$executeRecursively$8(NodeTestTask.java:127)
	at org.junit.platform.engine.support.hierarchical.ThrowableCollector.execute(ThrowableCollector.java:73)
	at org.junit.platform.engine.support.hierarchical.NodeTestTask.executeRecursively(NodeTestTask.java:126)
	at org.junit.platform.engine.support.hierarchical.NodeTestTask.execute(NodeTestTask.java:84)
	at java.util.ArrayList.forEach(ArrayList.java:1259)
	at org.junit.platform.engine.support.hierarchical.SameThreadHierarchicalTestExecutorService.invokeAll(SameThreadHierarchicalTestExecutorService.java:38)
	at org.junit.platform.engine.support.hierarchical.NodeTestTask.lambda$executeRecursively$5(NodeTestTask.java:143)
	at org.junit.platform.engine.support.hierarchical.ThrowableCollector.execute(ThrowableCollector.java:73)
	at org.junit.platform.engine.support.hierarchical.NodeTestTask.lambda$executeRecursively$7(NodeTestTask.java:129)
	at org.junit.platform.engine.support.hierarchical.Node.around(Node.java:137)
	at org.junit.platform.engine.support.hierarchical.NodeTestTask.lambda$executeRecursively$8(NodeTestTask.java:127)
	at org.junit.platform.engine.support.hierarchical.ThrowableCollector.execute(ThrowableCollector.java:73)
	at org.junit.platform.engine.support.hierarchical.NodeTestTask.executeRecursively(NodeTestTask.java:126)
	at org.junit.platform.engine.support.hierarchical.NodeTestTask.execute(NodeTestTask.java:84)
	at org.junit.platform.engine.support.hierarchical.SameThreadHierarchicalTestExecutorService.submit(SameThreadHierarchicalTestExecutorService.java:32)
	at org.junit.platform.engine.support.hierarchical.HierarchicalTestExecutor.execute(HierarchicalTestExecutor.java:57)
	at org.junit.platform.engine.support.hierarchical.HierarchicalTestEngine.execute(HierarchicalTestEngine.java:51)
	at org.junit.platform.launcher.core.EngineExecutionOrchestrator.execute(EngineExecutionOrchestrator.java:108)
	at org.junit.platform.launcher.core.EngineExecutionOrchestrator.execute(EngineExecutionOrchestrator.java:88)
	at org.junit.platform.launcher.core.EngineExecutionOrchestrator.lambda$execute$0(EngineExecutionOrchestrator.java:54)
	at org.junit.platform.launcher.core.EngineExecutionOrchestrator.withInterceptedStreams(EngineExecutionOrchestrator.java:67)
	at org.junit.platform.launcher.core.EngineExecutionOrchestrator.execute(EngineExecutionOrchestrator.java:52)
	at org.junit.platform.launcher.core.DefaultLauncher.execute(DefaultLauncher.java:96)
	at org.junit.platform.launcher.core.DefaultLauncher.execute(DefaultLauncher.java:75)
	at org.apache.maven.surefire.junitplatform.JUnitPlatformProvider.execute(JUnitPlatformProvider.java:188)
	at org.apache.maven.surefire.junitplatform.JUnitPlatformProvider.invokeAllTests(JUnitPlatformProvider.java:154)
	at org.apache.maven.surefire.junitplatform.JUnitPlatformProvider.invoke(JUnitPlatformProvider.java:124)
	at org.apache.maven.surefire.booter.ForkedBooter.runSuitesInProcess(ForkedBooter.java:428)
	at org.apache.maven.surefire.booter.ForkedBooter.execute(ForkedBooter.java:162)
	at org.apache.maven.surefire.booter.ForkedBooter.run(ForkedBooter.java:562)
	at org.apache.maven.surefire.booter.ForkedBooter.main(ForkedBooter.java:548)
Caused by: java.util.concurrent.ExecutionException: java.lang.IllegalStateException: zip file closed
	at java.util.concurrent.FutureTask.report(FutureTask.java:122)
	at java.util.concurrent.FutureTask.get(FutureTask.java:192)
	... 84 more
Caused by: java.lang.IllegalStateException: zip file closed
	at java.util.zip.ZipFile.ensureOpen(ZipFile.java:690)
	at java.util.zip.ZipFile.access$200(ZipFile.java:61)
	at java.util.zip.ZipFile$ZipEntryIterator.hasNext(ZipFile.java:512)
	at java.util.zip.ZipFile$ZipEntryIterator.hasMoreElements(ZipFile.java:507)
	at java.util.jar.JarFile$JarEntryIterator.hasNext(JarFile.java:264)
	at java.util.jar.JarFile$JarEntryIterator.hasMoreElements(JarFile.java:273)
	at org.reflections.vfs.ZipDir$1$1.computeNext(ZipDir.java:30)
	at org.reflections.vfs.ZipDir$1$1.computeNext(ZipDir.java:26)
	at com.google.common.collect.AbstractIterator.tryToComputeNext(AbstractIterator.java:141)
	at com.google.common.collect.AbstractIterator.hasNext(AbstractIterator.java:136)
	at org.reflections.Reflections.scan(Reflections.java:243)
	at org.reflections.Reflections$1.run(Reflections.java:198)
	at java.util.concurrent.Executors$RunnableAdapter.call(Executors.java:511)
	at java.util.concurrent.FutureTask.run(FutureTask.java:266)
	at java.util.concurrent.ThreadPoolExecutor.runWorker(ThreadPoolExecutor.java:1149)
	at java.util.concurrent.ThreadPoolExecutor$Worker.run(ThreadPoolExecutor.java:624)
	at java.lang.Thread.run(Thread.java:750)
]]></error>
    <system-out><![CDATA[2022-05-11 01:29:44,760 [org.apache.hadoop.util.JvmPauseMonitor$Monitor@27f61670] INFO  util.JvmPauseMonitor (JvmPauseMonitor.java:run(188)) - Starting JVM pause monitor
2022-05-11 01:29:44,765 [Listener at localhost/38653] INFO  rpc.RpcClient (RpcClient.java:createVolume(448)) - Creating Volume: volume77349, with user17942 as owner and space quota set to -1 bytes, counts quota set to -1
2022-05-11 01:29:44,767 [Listener at localhost/38653] INFO  retry.RetryInvocationHandler (RetryInvocationHandler.java:log(411)) - com.google.protobuf.ServiceException: java.io.EOFException: End of File Exception between local host is: "fv-az291-847/10.1.0.42"; destination host is: "localhost":43241; : java.io.EOFException; For more details see:  http://wiki.apache.org/hadoop/EOFException, while invoking $Proxy54.submitRequest over nodeId=omNode-3,nodeAddress=127.0.0.1:43241. Trying to failover after sleeping for 2000ms.
2022-05-11 01:29:44,964 [grpc-default-executor-1] INFO  server.RaftServer$Division (RaftServerImpl.java:checkInconsistentAppendEntries(1322)) - omNode-2@group-523986131536: Failed appendEntries as previous log entry ((t:5, i:60)) is not found
2022-05-11 01:29:44,964 [grpc-default-executor-1] INFO  server.RaftServer$Division (RaftServerImpl.java:checkInconsistentAppendEntries(1288)) - omNode-2@group-523986131536: inconsistency entries. Reply:omNode-3<-omNode-2#52:FAIL-t5,INCONSISTENCY,nextIndex=57,followerCommit=56
2022-05-11 01:29:44,966 [grpc-default-executor-1] INFO  leader.FollowerInfo (FollowerInfoImpl.java:lambda$new$0(47)) - omNode-3@group-523986131536->omNode-2: nextIndex: updateUnconditionally 61 -> 57
2022-05-11 01:29:45,469 [grpc-default-executor-1] INFO  server.RaftServer$Division (RaftServerImpl.java:checkInconsistentAppendEntries(1322)) - omNode-2@group-523986131536: Failed appendEntries as previous log entry ((t:5, i:60)) is not found
2022-05-11 01:29:45,469 [grpc-default-executor-1] INFO  server.RaftServer$Division (RaftServerImpl.java:checkInconsistentAppendEntries(1288)) - omNode-2@group-523986131536: inconsistency entries. Reply:omNode-3<-omNode-2#103:FAIL-t5,INCONSISTENCY,nextIndex=57,followerCommit=56
2022-05-11 01:29:45,470 [grpc-default-executor-1] INFO  leader.FollowerInfo (FollowerInfoImpl.java:lambda$new$0(47)) - omNode-3@group-523986131536->omNode-2: nextIndex: updateUnconditionally 61 -> 57
2022-05-11 01:29:45,972 [grpc-default-executor-1] INFO  server.RaftServer$Division (RaftServerImpl.java:checkInconsistentAppendEntries(1322)) - omNode-2@group-523986131536: Failed appendEntries as previous log entry ((t:5, i:60)) is not found
2022-05-11 01:29:45,972 [grpc-default-executor-1] INFO  server.RaftServer$Division (RaftServerImpl.java:checkInconsistentAppendEntries(1288)) - omNode-2@group-523986131536: inconsistency entries. Reply:omNode-3<-omNode-2#154:FAIL-t5,INCONSISTENCY,nextIndex=57,followerCommit=56
2022-05-11 01:29:45,973 [grpc-default-executor-1] INFO  leader.FollowerInfo (FollowerInfoImpl.java:lambda$new$0(47)) - omNode-3@group-523986131536->omNode-2: nextIndex: updateUnconditionally 61 -> 57
2022-05-11 01:29:46,476 [grpc-default-executor-1] INFO  server.RaftServer$Division (RaftServerImpl.java:checkInconsistentAppendEntries(1322)) - omNode-2@group-523986131536: Failed appendEntries as previous log entry ((t:5, i:60)) is not found
2022-05-11 01:29:46,476 [grpc-default-executor-1] INFO  server.RaftServer$Division (RaftServerImpl.java:checkInconsistentAppendEntries(1288)) - omNode-2@group-523986131536: inconsistency entries. Reply:omNode-3<-omNode-2#205:FAIL-t5,INCONSISTENCY,nextIndex=57,followerCommit=56
2022-05-11 01:29:46,476 [grpc-default-executor-1] INFO  leader.FollowerInfo (FollowerInfoImpl.java:lambda$new$0(47)) - omNode-3@group-523986131536->omNode-2: nextIndex: updateUnconditionally 61 -> 57
2022-05-11 01:29:46,775 [Listener at localhost/38653] INFO  retry.RetryInvocationHandler (RetryInvocationHandler.java:log(411)) - com.google.protobuf.ServiceException: org.apache.hadoop.ipc.RemoteException(org.apache.hadoop.ozone.om.exceptions.OMNotLeaderException): OM:omNode-1 is not the leader. Could not determine the leader node.
	at org.apache.hadoop.ozone.om.ratis.utils.OzoneManagerRatisUtils.createNotLeaderException(OzoneManagerRatisUtils.java:425)
	at org.apache.hadoop.ozone.om.ratis.utils.OzoneManagerRatisUtils.checkLeaderStatus(OzoneManagerRatisUtils.java:411)
	at org.apache.hadoop.ozone.protocolPB.OzoneManagerProtocolServerSideTranslatorPB.checkLeaderStatus(OzoneManagerProtocolServerSideTranslatorPB.java:303)
	at org.apache.hadoop.ozone.protocolPB.OzoneManagerProtocolServerSideTranslatorPB.processRequest(OzoneManagerProtocolServerSideTranslatorPB.java:182)
	at org.apache.hadoop.hdds.server.OzoneProtocolMessageDispatcher.processRequest(OzoneProtocolMessageDispatcher.java:87)
	at org.apache.hadoop.ozone.protocolPB.OzoneManagerProtocolServerSideTranslatorPB.submitRequest(OzoneManagerProtocolServerSideTranslatorPB.java:146)
	at org.apache.hadoop.ozone.protocol.proto.OzoneManagerProtocolProtos$OzoneManagerService$2.callBlockingMethod(OzoneManagerProtocolProtos.java)
	at org.apache.hadoop.ipc.ProtobufRpcEngine$Server.processCall(ProtobufRpcEngine.java:466)
	at org.apache.hadoop.ipc.ProtobufRpcEngine2$Server$ProtoBufRpcInvoker.call(ProtobufRpcEngine2.java:574)
	at org.apache.hadoop.ipc.ProtobufRpcEngine2$Server$ProtoBufRpcInvoker.call(ProtobufRpcEngine2.java:552)
	at org.apache.hadoop.ipc.RPC$Server.call(RPC.java:1093)
	at org.apache.hadoop.ipc.Server$RpcCall.run(Server.java:1035)
	at org.apache.hadoop.ipc.Server$RpcCall.run(Server.java:963)
	at java.security.AccessController.doPrivileged(Native Method)
	at javax.security.auth.Subject.doAs(Subject.java:422)
	at org.apache.hadoop.security.UserGroupInformation.doAs(UserGroupInformation.java:1878)
	at org.apache.hadoop.ipc.Server$Handler.run(Server.java:2966)
, while invoking $Proxy54.submitRequest over nodeId=omNode-1,nodeAddress=127.0.0.1:40623 after 1 failover attempts. Trying to failover immediately.
2022-05-11 01:29:46,781 [Listener at localhost/38653] INFO  retry.RetryInvocationHandler (RetryInvocationHandler.java:log(411)) - com.google.protobuf.ServiceException: org.apache.hadoop.ipc.RemoteException(org.apache.hadoop.ozone.om.exceptions.OMNotLeaderException): OM:omNode-2 is not the leader. Could not determine the leader node.
	at org.apache.hadoop.ozone.om.ratis.utils.OzoneManagerRatisUtils.createNotLeaderException(OzoneManagerRatisUtils.java:425)
	at org.apache.hadoop.ozone.om.ratis.utils.OzoneManagerRatisUtils.checkLeaderStatus(OzoneManagerRatisUtils.java:411)
	at org.apache.hadoop.ozone.protocolPB.OzoneManagerProtocolServerSideTranslatorPB.checkLeaderStatus(OzoneManagerProtocolServerSideTranslatorPB.java:303)
	at org.apache.hadoop.ozone.protocolPB.OzoneManagerProtocolServerSideTranslatorPB.processRequest(OzoneManagerProtocolServerSideTranslatorPB.java:182)
	at org.apache.hadoop.hdds.server.OzoneProtocolMessageDispatcher.processRequest(OzoneProtocolMessageDispatcher.java:87)
	at org.apache.hadoop.ozone.protocolPB.OzoneManagerProtocolServerSideTranslatorPB.submitRequest(OzoneManagerProtocolServerSideTranslatorPB.java:146)
	at org.apache.hadoop.ozone.protocol.proto.OzoneManagerProtocolProtos$OzoneManagerService$2.callBlockingMethod(OzoneManagerProtocolProtos.java)
	at org.apache.hadoop.ipc.ProtobufRpcEngine$Server.processCall(ProtobufRpcEngine.java:466)
	at org.apache.hadoop.ipc.ProtobufRpcEngine2$Server$ProtoBufRpcInvoker.call(ProtobufRpcEngine2.java:574)
	at org.apache.hadoop.ipc.ProtobufRpcEngine2$Server$ProtoBufRpcInvoker.call(ProtobufRpcEngine2.java:552)
	at org.apache.hadoop.ipc.RPC$Server.call(RPC.java:1093)
	at org.apache.hadoop.ipc.Server$RpcCall.run(Server.java:1035)
	at org.apache.hadoop.ipc.Server$RpcCall.run(Server.java:963)
	at java.security.AccessController.doPrivileged(Native Method)
	at javax.security.auth.Subject.doAs(Subject.java:422)
	at org.apache.hadoop.security.UserGroupInformation.doAs(UserGroupInformation.java:1878)
	at org.apache.hadoop.ipc.Server$Handler.run(Server.java:2966)
, while invoking $Proxy54.submitRequest over nodeId=omNode-2,nodeAddress=127.0.0.1:38653 after 2 failover attempts. Trying to failover immediately.
2022-05-11 01:29:46,793 [grpc-default-executor-0] INFO  server.RaftServer$Division (RaftServerImpl.java:checkInconsistentAppendEntries(1322)) - omNode-2@group-523986131536: Failed appendEntries as previous log entry ((t:5, i:60)) is not found
2022-05-11 01:29:46,793 [grpc-default-executor-0] INFO  server.RaftServer$Division (RaftServerImpl.java:checkInconsistentAppendEntries(1288)) - omNode-2@group-523986131536: inconsistency entries. Reply:omNode-3<-omNode-2#237:FAIL-t5,INCONSISTENCY,nextIndex=57,followerCommit=56
2022-05-11 01:29:46,801 [grpc-default-executor-0] INFO  server.RaftServer$Division (RaftServerImpl.java:checkInconsistentAppendEntries(1322)) - omNode-2@group-523986131536: Failed appendEntries as previous log entry ((t:5, i:61)) is not found
2022-05-11 01:29:46,801 [grpc-default-executor-0] INFO  server.RaftServer$Division (RaftServerImpl.java:checkInconsistentAppendEntries(1288)) - omNode-2@group-523986131536: inconsistency entries. Reply:omNode-3<-omNode-2#238:FAIL-t5,INCONSISTENCY,nextIndex=57,followerCommit=56
2022-05-11 01:29:46,803 [OM StateMachine ApplyTransaction Thread - 0] INFO  volume.OMVolumeCreateRequest (OMVolumeCreateRequest.java:validateAndUpdateCache(195)) - created volume:volume77349 for user:user17942
2022-05-11 01:29:46,806 [OM StateMachine ApplyTransaction Thread - 0] INFO  volume.OMVolumeCreateRequest (OMVolumeCreateRequest.java:validateAndUpdateCache(195)) - created volume:volume77349 for user:user17942
2022-05-11 01:29:46,818 [Listener at localhost/38653] INFO  rpc.RpcClient (RpcClient.java:createBucket(637)) - Creating Bucket: volume77349/59ad8544-1772-47e2-8f31-885707c649a5, with runner as owner and Versioning false and Storage Type set to DISK and Encryption set to false 
2022-05-11 01:29:46,823 [grpc-default-executor-1] INFO  server.RaftServer$Division (RaftServerImpl.java:checkInconsistentAppendEntries(1322)) - omNode-2@group-523986131536: Failed appendEntries as previous log entry ((t:5, i:62)) is not found
2022-05-11 01:29:46,823 [grpc-default-executor-1] INFO  server.RaftServer$Division (RaftServerImpl.java:checkInconsistentAppendEntries(1288)) - omNode-2@group-523986131536: inconsistency entries. Reply:omNode-3<-omNode-2#242:FAIL-t5,INCONSISTENCY,nextIndex=57,followerCommit=56
2022-05-11 01:29:46,828 [OM StateMachine ApplyTransaction Thread - 0] INFO  bucket.OMBucketCreateRequest (OMBucketCreateRequest.java:validateAndUpdateCache(258)) - created bucket: 59ad8544-1772-47e2-8f31-885707c649a5 of layout LEGACY in volume: volume77349
2022-05-11 01:29:46,832 [grpc-default-executor-1] INFO  server.RaftServer$Division (RaftServerImpl.java:checkInconsistentAppendEntries(1322)) - omNode-2@group-523986131536: Failed appendEntries as previous log entry ((t:5, i:63)) is not found
2022-05-11 01:29:46,832 [grpc-default-executor-1] INFO  server.RaftServer$Division (RaftServerImpl.java:checkInconsistentAppendEntries(1288)) - omNode-2@group-523986131536: inconsistency entries. Reply:omNode-3<-omNode-2#244:FAIL-t5,INCONSISTENCY,nextIndex=57,followerCommit=56
2022-05-11 01:29:46,835 [OM StateMachine ApplyTransaction Thread - 0] INFO  bucket.OMBucketCreateRequest (OMBucketCreateRequest.java:validateAndUpdateCache(258)) - created bucket: 59ad8544-1772-47e2-8f31-885707c649a5 of layout LEGACY in volume: volume77349
2022-05-11 01:29:46,853 [grpc-default-executor-0] INFO  server.RaftServer$Division (RaftServerImpl.java:checkInconsistentAppendEntries(1322)) - omNode-2@group-523986131536: Failed appendEntries as previous log entry ((t:5, i:64)) is not found
2022-05-11 01:29:46,853 [grpc-default-executor-0] INFO  server.RaftServer$Division (RaftServerImpl.java:checkInconsistentAppendEntries(1288)) - omNode-2@group-523986131536: inconsistency entries. Reply:omNode-3<-omNode-2#248:FAIL-t5,INCONSISTENCY,nextIndex=57,followerCommit=56
2022-05-11 01:29:46,856 [grpc-default-executor-0] INFO  server.RaftServer$Division (RaftServerImpl.java:checkInconsistentAppendEntries(1322)) - omNode-2@group-523986131536: Failed appendEntries as previous log entry ((t:5, i:65)) is not found
2022-05-11 01:29:46,857 [grpc-default-executor-0] INFO  server.RaftServer$Division (RaftServerImpl.java:checkInconsistentAppendEntries(1288)) - omNode-2@group-523986131536: inconsistency entries. Reply:omNode-3<-omNode-2#250:FAIL-t5,INCONSISTENCY,nextIndex=57,followerCommit=56
2022-05-11 01:29:47,052 [grpc-default-executor-0] INFO  server.RaftServer$Division (RaftServerImpl.java:checkInconsistentAppendEntries(1322)) - omNode-2@group-523986131536: Failed appendEntries as previous log entry ((t:5, i:66)) is not found
2022-05-11 01:29:47,052 [grpc-default-executor-0] INFO  server.RaftServer$Division (RaftServerImpl.java:checkInconsistentAppendEntries(1288)) - omNode-2@group-523986131536: inconsistency entries. Reply:omNode-3<-omNode-2#263:FAIL-t5,INCONSISTENCY,nextIndex=57,followerCommit=56
2022-05-11 01:29:47,056 [grpc-default-executor-2] INFO  server.RaftServer$Division (RaftServerImpl.java:checkInconsistentAppendEntries(1322)) - omNode-2@group-523986131536: Failed appendEntries as previous log entry ((t:5, i:67)) is not found
2022-05-11 01:29:47,056 [grpc-default-executor-2] INFO  server.RaftServer$Division (RaftServerImpl.java:checkInconsistentAppendEntries(1288)) - omNode-2@group-523986131536: inconsistency entries. Reply:omNode-3<-omNode-2#265:FAIL-t5,INCONSISTENCY,nextIndex=57,followerCommit=56
2022-05-11 01:29:47,125 [grpc-default-executor-3] INFO  server.RaftServer$Division (RaftServerImpl.java:checkInconsistentAppendEntries(1322)) - omNode-2@group-523986131536: Failed appendEntries as previous log entry ((t:5, i:68)) is not found
2022-05-11 01:29:47,125 [grpc-default-executor-3] INFO  server.RaftServer$Division (RaftServerImpl.java:checkInconsistentAppendEntries(1288)) - omNode-2@group-523986131536: inconsistency entries. Reply:omNode-3<-omNode-2#274:FAIL-t5,INCONSISTENCY,nextIndex=57,followerCommit=56
2022-05-11 01:29:47,127 [grpc-default-executor-3] INFO  server.RaftServer$Division (RaftServerImpl.java:checkInconsistentAppendEntries(1322)) - omNode-2@group-523986131536: Failed appendEntries as previous log entry ((t:5, i:69)) is not found
2022-05-11 01:29:47,127 [grpc-default-executor-3] INFO  server.RaftServer$Division (RaftServerImpl.java:checkInconsistentAppendEntries(1288)) - omNode-2@group-523986131536: inconsistency entries. Reply:omNode-3<-omNode-2#275:FAIL-t5,INCONSISTENCY,nextIndex=57,followerCommit=56
2022-05-11 01:29:47,222 [grpc-default-executor-0] INFO  server.RaftServer$Division (RaftServerImpl.java:checkInconsistentAppendEntries(1322)) - omNode-2@group-523986131536: Failed appendEntries as previous log entry ((t:5, i:70)) is not found
2022-05-11 01:29:47,223 [grpc-default-executor-0] INFO  server.RaftServer$Division (RaftServerImpl.java:checkInconsistentAppendEntries(1288)) - omNode-2@group-523986131536: inconsistency entries. Reply:omNode-3<-omNode-2#286:FAIL-t5,INCONSISTENCY,nextIndex=57,followerCommit=56
2022-05-11 01:29:47,226 [grpc-default-executor-3] INFO  server.RaftServer$Division (RaftServerImpl.java:checkInconsistentAppendEntries(1322)) - omNode-2@group-523986131536: Failed appendEntries as previous log entry ((t:5, i:71)) is not found
2022-05-11 01:29:47,226 [grpc-default-executor-3] INFO  server.RaftServer$Division (RaftServerImpl.java:checkInconsistentAppendEntries(1288)) - omNode-2@group-523986131536: inconsistency entries. Reply:omNode-3<-omNode-2#288:FAIL-t5,INCONSISTENCY,nextIndex=57,followerCommit=56
2022-05-11 01:29:47,256 [grpc-default-executor-3] INFO  server.RaftServer$Division (RaftServerImpl.java:checkInconsistentAppendEntries(1322)) - omNode-2@group-523986131536: Failed appendEntries as previous log entry ((t:5, i:72)) is not found
2022-05-11 01:29:47,257 [grpc-default-executor-3] INFO  server.RaftServer$Division (RaftServerImpl.java:checkInconsistentAppendEntries(1288)) - omNode-2@group-523986131536: inconsistency entries. Reply:omNode-3<-omNode-2#291:FAIL-t5,INCONSISTENCY,nextIndex=57,followerCommit=56
2022-05-11 01:29:47,267 [grpc-default-executor-1] INFO  server.RaftServer$Division (RaftServerImpl.java:checkInconsistentAppendEntries(1322)) - omNode-2@group-523986131536: Failed appendEntries as previous log entry ((t:5, i:73)) is not found
2022-05-11 01:29:47,267 [grpc-default-executor-1] INFO  server.RaftServer$Division (RaftServerImpl.java:checkInconsistentAppendEntries(1288)) - omNode-2@group-523986131536: inconsistency entries. Reply:omNode-3<-omNode-2#293:FAIL-t5,INCONSISTENCY,nextIndex=57,followerCommit=56
2022-05-11 01:29:47,326 [grpc-default-executor-0] INFO  server.RaftServer$Division (RaftServerImpl.java:checkInconsistentAppendEntries(1322)) - omNode-2@group-523986131536: Failed appendEntries as previous log entry ((t:5, i:74)) is not found
2022-05-11 01:29:47,327 [grpc-default-executor-0] INFO  server.RaftServer$Division (RaftServerImpl.java:checkInconsistentAppendEntries(1288)) - omNode-2@group-523986131536: inconsistency entries. Reply:omNode-3<-omNode-2#300:FAIL-t5,INCONSISTENCY,nextIndex=57,followerCommit=56
2022-05-11 01:29:47,328 [grpc-default-executor-0] INFO  server.RaftServer$Division (RaftServerImpl.java:checkInconsistentAppendEntries(1322)) - omNode-2@group-523986131536: Failed appendEntries as previous log entry ((t:5, i:75)) is not found
2022-05-11 01:29:47,329 [grpc-default-executor-0] INFO  server.RaftServer$Division (RaftServerImpl.java:checkInconsistentAppendEntries(1288)) - omNode-2@group-523986131536: inconsistency entries. Reply:omNode-3<-omNode-2#301:FAIL-t5,INCONSISTENCY,nextIndex=57,followerCommit=56
2022-05-11 01:29:47,354 [grpc-default-executor-0] INFO  server.RaftServer$Division (RaftServerImpl.java:checkInconsistentAppendEntries(1322)) - omNode-2@group-523986131536: Failed appendEntries as previous log entry ((t:5, i:76)) is not found
2022-05-11 01:29:47,354 [grpc-default-executor-0] INFO  server.RaftServer$Division (RaftServerImpl.java:checkInconsistentAppendEntries(1288)) - omNode-2@group-523986131536: inconsistency entries. Reply:omNode-3<-omNode-2#305:FAIL-t5,INCONSISTENCY,nextIndex=57,followerCommit=56
2022-05-11 01:29:47,363 [grpc-default-executor-0] INFO  server.RaftServer$Division (RaftServerImpl.java:checkInconsistentAppendEntries(1322)) - omNode-2@group-523986131536: Failed appendEntries as previous log entry ((t:5, i:77)) is not found
2022-05-11 01:29:47,363 [grpc-default-executor-0] INFO  server.RaftServer$Division (RaftServerImpl.java:checkInconsistentAppendEntries(1288)) - omNode-2@group-523986131536: inconsistency entries. Reply:omNode-3<-omNode-2#307:FAIL-t5,INCONSISTENCY,nextIndex=57,followerCommit=56
01:29:47.366 [OM StateMachine ApplyTransaction Thread - 0] ERROR OMAudit - user=runner | ip=127.0.0.1 | op=CREATE_FILE {volume=volume77349, bucket=59ad8544-1772-47e2-8f31-885707c649a5, key=dir1/dir2/dir3/file1, dataSize=23, replicationType=RATIS, replicationFactor=ONE} | ret=FAILURE
org.apache.hadoop.ozone.om.exceptions.OMException: File dir1/dir2/dir3/file1 already exists
	at org.apache.hadoop.ozone.om.request.file.OMFileCreateRequest.checkDirectoryResult(OMFileCreateRequest.java:359) ~[ozone-manager-1.3.0-SNAPSHOT.jar:?]
	at org.apache.hadoop.ozone.om.request.file.OMFileCreateRequest.validateAndUpdateCache(OMFileCreateRequest.java:239) ~[ozone-manager-1.3.0-SNAPSHOT.jar:?]
	at org.apache.hadoop.ozone.protocolPB.OzoneManagerRequestHandler.handleWriteRequest(OzoneManagerRequestHandler.java:254) ~[ozone-manager-1.3.0-SNAPSHOT.jar:?]
	at org.apache.hadoop.ozone.om.ratis.OzoneManagerStateMachine.runCommand(OzoneManagerStateMachine.java:524) ~[ozone-manager-1.3.0-SNAPSHOT.jar:?]
	at org.apache.hadoop.ozone.om.ratis.OzoneManagerStateMachine.lambda$1(OzoneManagerStateMachine.java:319) ~[ozone-manager-1.3.0-SNAPSHOT.jar:?]
	at java.util.concurrent.CompletableFuture$AsyncSupply.run(CompletableFuture.java:1604) [?:1.8.0_322]
	at java.util.concurrent.ThreadPoolExecutor.runWorker(ThreadPoolExecutor.java:1149) [?:1.8.0_322]
	at java.util.concurrent.ThreadPoolExecutor$Worker.run(ThreadPoolExecutor.java:624) [?:1.8.0_322]
	at java.lang.Thread.run(Thread.java:750) [?:1.8.0_322]
01:29:47.366 [OM StateMachine ApplyTransaction Thread - 0] ERROR OMAudit - user=runner | ip=127.0.0.1 | op=CREATE_FILE {volume=volume77349, bucket=59ad8544-1772-47e2-8f31-885707c649a5, key=dir1/dir2/dir3/file1, dataSize=23, replicationType=RATIS, replicationFactor=ONE} | ret=FAILURE
org.apache.hadoop.ozone.om.exceptions.OMException: File dir1/dir2/dir3/file1 already exists
	at org.apache.hadoop.ozone.om.request.file.OMFileCreateRequest.checkDirectoryResult(OMFileCreateRequest.java:359) ~[ozone-manager-1.3.0-SNAPSHOT.jar:?]
	at org.apache.hadoop.ozone.om.request.file.OMFileCreateRequest.validateAndUpdateCache(OMFileCreateRequest.java:239) ~[ozone-manager-1.3.0-SNAPSHOT.jar:?]
	at org.apache.hadoop.ozone.protocolPB.OzoneManagerRequestHandler.handleWriteRequest(OzoneManagerRequestHandler.java:254) ~[ozone-manager-1.3.0-SNAPSHOT.jar:?]
	at org.apache.hadoop.ozone.om.ratis.OzoneManagerStateMachine.runCommand(OzoneManagerStateMachine.java:524) ~[ozone-manager-1.3.0-SNAPSHOT.jar:?]
	at org.apache.hadoop.ozone.om.ratis.OzoneManagerStateMachine.lambda$1(OzoneManagerStateMachine.java:319) ~[ozone-manager-1.3.0-SNAPSHOT.jar:?]
	at java.util.concurrent.CompletableFuture$AsyncSupply.run(CompletableFuture.java:1604) [?:1.8.0_322]
	at java.util.concurrent.ThreadPoolExecutor.runWorker(ThreadPoolExecutor.java:1149) [?:1.8.0_322]
	at java.util.concurrent.ThreadPoolExecutor$Worker.run(ThreadPoolExecutor.java:624) [?:1.8.0_322]
	at java.lang.Thread.run(Thread.java:750) [?:1.8.0_322]
2022-05-11 01:29:47,384 [OM StateMachine ApplyTransaction Thread - 0] ERROR file.OMFileCreateRequest (OMFileCreateRequest.java:validateAndUpdateCache(336)) - File create failed. Volume:volume77349, Bucket:59ad8544-1772-47e2-8f31-885707c649a5, Keydir1/dir2/dir3/file1.
FILE_ALREADY_EXISTS org.apache.hadoop.ozone.om.exceptions.OMException: File dir1/dir2/dir3/file1 already exists
	at org.apache.hadoop.ozone.om.request.file.OMFileCreateRequest.checkDirectoryResult(OMFileCreateRequest.java:359)
	at org.apache.hadoop.ozone.om.request.file.OMFileCreateRequest.validateAndUpdateCache(OMFileCreateRequest.java:239)
	at org.apache.hadoop.ozone.protocolPB.OzoneManagerRequestHandler.handleWriteRequest(OzoneManagerRequestHandler.java:254)
	at org.apache.hadoop.ozone.om.ratis.OzoneManagerStateMachine.runCommand(OzoneManagerStateMachine.java:524)
	at org.apache.hadoop.ozone.om.ratis.OzoneManagerStateMachine.lambda$1(OzoneManagerStateMachine.java:319)
	at java.util.concurrent.CompletableFuture$AsyncSupply.run(CompletableFuture.java:1604)
	at java.util.concurrent.ThreadPoolExecutor.runWorker(ThreadPoolExecutor.java:1149)
	at java.util.concurrent.ThreadPoolExecutor$Worker.run(ThreadPoolExecutor.java:624)
	at java.lang.Thread.run(Thread.java:750)
2022-05-11 01:29:47,384 [OM StateMachine ApplyTransaction Thread - 0] ERROR file.OMFileCreateRequest (OMFileCreateRequest.java:validateAndUpdateCache(336)) - File create failed. Volume:volume77349, Bucket:59ad8544-1772-47e2-8f31-885707c649a5, Keydir1/dir2/dir3/file1.
FILE_ALREADY_EXISTS org.apache.hadoop.ozone.om.exceptions.OMException: File dir1/dir2/dir3/file1 already exists
	at org.apache.hadoop.ozone.om.request.file.OMFileCreateRequest.checkDirectoryResult(OMFileCreateRequest.java:359)
	at org.apache.hadoop.ozone.om.request.file.OMFileCreateRequest.validateAndUpdateCache(OMFileCreateRequest.java:239)
	at org.apache.hadoop.ozone.protocolPB.OzoneManagerRequestHandler.handleWriteRequest(OzoneManagerRequestHandler.java:254)
	at org.apache.hadoop.ozone.om.ratis.OzoneManagerStateMachine.runCommand(OzoneManagerStateMachine.java:524)
	at org.apache.hadoop.ozone.om.ratis.OzoneManagerStateMachine.lambda$1(OzoneManagerStateMachine.java:319)
	at java.util.concurrent.CompletableFuture$AsyncSupply.run(CompletableFuture.java:1604)
	at java.util.concurrent.ThreadPoolExecutor.runWorker(ThreadPoolExecutor.java:1149)
	at java.util.concurrent.ThreadPoolExecutor$Worker.run(ThreadPoolExecutor.java:624)
	at java.lang.Thread.run(Thread.java:750)
2022-05-11 01:29:47,392 [grpc-default-executor-0] INFO  server.RaftServer$Division (RaftServerImpl.java:checkInconsistentAppendEntries(1322)) - omNode-2@group-523986131536: Failed appendEntries as previous log entry ((t:5, i:78)) is not found
2022-05-11 01:29:47,392 [grpc-default-executor-0] INFO  server.RaftServer$Division (RaftServerImpl.java:checkInconsistentAppendEntries(1288)) - omNode-2@group-523986131536: inconsistency entries. Reply:omNode-3<-omNode-2#311:FAIL-t5,INCONSISTENCY,nextIndex=57,followerCommit=56
2022-05-11 01:29:47,396 [grpc-default-executor-0] INFO  server.RaftServer$Division (RaftServerImpl.java:checkInconsistentAppendEntries(1322)) - omNode-2@group-523986131536: Failed appendEntries as previous log entry ((t:5, i:79)) is not found
2022-05-11 01:29:47,396 [grpc-default-executor-0] INFO  server.RaftServer$Division (RaftServerImpl.java:checkInconsistentAppendEntries(1288)) - omNode-2@group-523986131536: inconsistency entries. Reply:omNode-3<-omNode-2#313:FAIL-t5,INCONSISTENCY,nextIndex=57,followerCommit=56
2022-05-11 01:29:47,412 [grpc-default-executor-1] INFO  server.RaftServer$Division (RaftServerImpl.java:checkInconsistentAppendEntries(1322)) - omNode-2@group-523986131536: Failed appendEntries as previous log entry ((t:5, i:80)) is not found
2022-05-11 01:29:47,412 [grpc-default-executor-1] INFO  server.RaftServer$Division (RaftServerImpl.java:checkInconsistentAppendEntries(1288)) - omNode-2@group-523986131536: inconsistency entries. Reply:omNode-3<-omNode-2#315:FAIL-t5,INCONSISTENCY,nextIndex=57,followerCommit=56
2022-05-11 01:29:47,415 [grpc-default-executor-0] INFO  server.RaftServer$Division (RaftServerImpl.java:checkInconsistentAppendEntries(1322)) - omNode-2@group-523986131536: Failed appendEntries as previous log entry ((t:5, i:81)) is not found
2022-05-11 01:29:47,415 [grpc-default-executor-0] INFO  server.RaftServer$Division (RaftServerImpl.java:checkInconsistentAppendEntries(1288)) - omNode-2@group-523986131536: inconsistency entries. Reply:omNode-3<-omNode-2#317:FAIL-t5,INCONSISTENCY,nextIndex=57,followerCommit=56
01:29:47.415 [OM StateMachine ApplyTransaction Thread - 0] ERROR OMAudit - user=runner | ip=127.0.0.1 | op=CREATE_FILE {volume=volume77349, bucket=59ad8544-1772-47e2-8f31-885707c649a5, key=folder/folder2, dataSize=23, replicationType=RATIS, replicationFactor=ONE} | ret=FAILURE
org.apache.hadoop.ozone.om.exceptions.OMException: Can not write to directory: folder/folder2
	at org.apache.hadoop.ozone.om.request.file.OMFileCreateRequest.checkDirectoryResult(OMFileCreateRequest.java:363) ~[ozone-manager-1.3.0-SNAPSHOT.jar:?]
	at org.apache.hadoop.ozone.om.request.file.OMFileCreateRequest.validateAndUpdateCache(OMFileCreateRequest.java:239) ~[ozone-manager-1.3.0-SNAPSHOT.jar:?]
	at org.apache.hadoop.ozone.protocolPB.OzoneManagerRequestHandler.handleWriteRequest(OzoneManagerRequestHandler.java:254) ~[ozone-manager-1.3.0-SNAPSHOT.jar:?]
	at org.apache.hadoop.ozone.om.ratis.OzoneManagerStateMachine.runCommand(OzoneManagerStateMachine.java:524) ~[ozone-manager-1.3.0-SNAPSHOT.jar:?]
	at org.apache.hadoop.ozone.om.ratis.OzoneManagerStateMachine.lambda$1(OzoneManagerStateMachine.java:319) ~[ozone-manager-1.3.0-SNAPSHOT.jar:?]
	at java.util.concurrent.CompletableFuture$AsyncSupply.run(CompletableFuture.java:1604) [?:1.8.0_322]
	at java.util.concurrent.ThreadPoolExecutor.runWorker(ThreadPoolExecutor.java:1149) [?:1.8.0_322]
	at java.util.concurrent.ThreadPoolExecutor$Worker.run(ThreadPoolExecutor.java:624) [?:1.8.0_322]
	at java.lang.Thread.run(Thread.java:750) [?:1.8.0_322]
2022-05-11 01:29:47,416 [OM StateMachine ApplyTransaction Thread - 0] ERROR file.OMFileCreateRequest (OMFileCreateRequest.java:validateAndUpdateCache(336)) - File create failed. Volume:volume77349, Bucket:59ad8544-1772-47e2-8f31-885707c649a5, Keyfolder/folder2.
NOT_A_FILE org.apache.hadoop.ozone.om.exceptions.OMException: Can not write to directory: folder/folder2
	at org.apache.hadoop.ozone.om.request.file.OMFileCreateRequest.checkDirectoryResult(OMFileCreateRequest.java:363)
	at org.apache.hadoop.ozone.om.request.file.OMFileCreateRequest.validateAndUpdateCache(OMFileCreateRequest.java:239)
	at org.apache.hadoop.ozone.protocolPB.OzoneManagerRequestHandler.handleWriteRequest(OzoneManagerRequestHandler.java:254)
	at org.apache.hadoop.ozone.om.ratis.OzoneManagerStateMachine.runCommand(OzoneManagerStateMachine.java:524)
	at org.apache.hadoop.ozone.om.ratis.OzoneManagerStateMachine.lambda$1(OzoneManagerStateMachine.java:319)
	at java.util.concurrent.CompletableFuture$AsyncSupply.run(CompletableFuture.java:1604)
	at java.util.concurrent.ThreadPoolExecutor.runWorker(ThreadPoolExecutor.java:1149)
	at java.util.concurrent.ThreadPoolExecutor$Worker.run(ThreadPoolExecutor.java:624)
	at java.lang.Thread.run(Thread.java:750)
01:29:47.418 [OM StateMachine ApplyTransaction Thread - 0] ERROR OMAudit - user=runner | ip=127.0.0.1 | op=CREATE_FILE {volume=volume77349, bucket=59ad8544-1772-47e2-8f31-885707c649a5, key=folder/folder2, dataSize=23, replicationType=RATIS, replicationFactor=ONE} | ret=FAILURE
org.apache.hadoop.ozone.om.exceptions.OMException: Can not write to directory: folder/folder2
	at org.apache.hadoop.ozone.om.request.file.OMFileCreateRequest.checkDirectoryResult(OMFileCreateRequest.java:363) ~[ozone-manager-1.3.0-SNAPSHOT.jar:?]
	at org.apache.hadoop.ozone.om.request.file.OMFileCreateRequest.validateAndUpdateCache(OMFileCreateRequest.java:239) ~[ozone-manager-1.3.0-SNAPSHOT.jar:?]
	at org.apache.hadoop.ozone.protocolPB.OzoneManagerRequestHandler.handleWriteRequest(OzoneManagerRequestHandler.java:254) ~[ozone-manager-1.3.0-SNAPSHOT.jar:?]
	at org.apache.hadoop.ozone.om.ratis.OzoneManagerStateMachine.runCommand(OzoneManagerStateMachine.java:524) ~[ozone-manager-1.3.0-SNAPSHOT.jar:?]
	at org.apache.hadoop.ozone.om.ratis.OzoneManagerStateMachine.lambda$1(OzoneManagerStateMachine.java:319) ~[ozone-manager-1.3.0-SNAPSHOT.jar:?]
	at java.util.concurrent.CompletableFuture$AsyncSupply.run(CompletableFuture.java:1604) [?:1.8.0_322]
	at java.util.concurrent.ThreadPoolExecutor.runWorker(ThreadPoolExecutor.java:1149) [?:1.8.0_322]
	at java.util.concurrent.ThreadPoolExecutor$Worker.run(ThreadPoolExecutor.java:624) [?:1.8.0_322]
	at java.lang.Thread.run(Thread.java:750) [?:1.8.0_322]
2022-05-11 01:29:47,418 [OM StateMachine ApplyTransaction Thread - 0] ERROR file.OMFileCreateRequest (OMFileCreateRequest.java:validateAndUpdateCache(336)) - File create failed. Volume:volume77349, Bucket:59ad8544-1772-47e2-8f31-885707c649a5, Keyfolder/folder2.
NOT_A_FILE org.apache.hadoop.ozone.om.exceptions.OMException: Can not write to directory: folder/folder2
	at org.apache.hadoop.ozone.om.request.file.OMFileCreateRequest.checkDirectoryResult(OMFileCreateRequest.java:363)
	at org.apache.hadoop.ozone.om.request.file.OMFileCreateRequest.validateAndUpdateCache(OMFileCreateRequest.java:239)
	at org.apache.hadoop.ozone.protocolPB.OzoneManagerRequestHandler.handleWriteRequest(OzoneManagerRequestHandler.java:254)
	at org.apache.hadoop.ozone.om.ratis.OzoneManagerStateMachine.runCommand(OzoneManagerStateMachine.java:524)
	at org.apache.hadoop.ozone.om.ratis.OzoneManagerStateMachine.lambda$1(OzoneManagerStateMachine.java:319)
	at java.util.concurrent.CompletableFuture$AsyncSupply.run(CompletableFuture.java:1604)
	at java.util.concurrent.ThreadPoolExecutor.runWorker(ThreadPoolExecutor.java:1149)
	at java.util.concurrent.ThreadPoolExecutor$Worker.run(ThreadPoolExecutor.java:624)
	at java.lang.Thread.run(Thread.java:750)
2022-05-11 01:29:47,431 [Listener at localhost/38653] INFO  rpc.RpcClient (RpcClient.java:createVolume(448)) - Creating Volume: volume26776, with user28489 as owner and space quota set to -1 bytes, counts quota set to -1
2022-05-11 01:29:47,435 [grpc-default-executor-1] INFO  server.RaftServer$Division (RaftServerImpl.java:checkInconsistentAppendEntries(1322)) - omNode-2@group-523986131536: Failed appendEntries as previous log entry ((t:5, i:82)) is not found
2022-05-11 01:29:47,435 [grpc-default-executor-1] INFO  server.RaftServer$Division (RaftServerImpl.java:checkInconsistentAppendEntries(1288)) - omNode-2@group-523986131536: inconsistency entries. Reply:omNode-3<-omNode-2#320:FAIL-t5,INCONSISTENCY,nextIndex=57,followerCommit=56
2022-05-11 01:29:47,441 [OM StateMachine ApplyTransaction Thread - 0] INFO  volume.OMVolumeCreateRequest (OMVolumeCreateRequest.java:validateAndUpdateCache(195)) - created volume:volume26776 for user:user28489
2022-05-11 01:29:47,442 [OM StateMachine ApplyTransaction Thread - 0] INFO  volume.OMVolumeCreateRequest (OMVolumeCreateRequest.java:validateAndUpdateCache(195)) - created volume:volume26776 for user:user28489
2022-05-11 01:29:47,443 [grpc-default-executor-1] INFO  server.RaftServer$Division (RaftServerImpl.java:checkInconsistentAppendEntries(1322)) - omNode-2@group-523986131536: Failed appendEntries as previous log entry ((t:5, i:83)) is not found
2022-05-11 01:29:47,443 [grpc-default-executor-1] INFO  server.RaftServer$Division (RaftServerImpl.java:checkInconsistentAppendEntries(1288)) - omNode-2@group-523986131536: inconsistency entries. Reply:omNode-3<-omNode-2#322:FAIL-t5,INCONSISTENCY,nextIndex=57,followerCommit=56
2022-05-11 01:29:47,444 [Listener at localhost/38653] INFO  rpc.RpcClient (RpcClient.java:createBucket(637)) - Creating Bucket: volume26776/8443dff4-b3a6-47f3-8632-9aa28941ea56, with runner as owner and Versioning false and Storage Type set to DISK and Encryption set to false 
2022-05-11 01:29:47,448 [grpc-default-executor-1] INFO  server.RaftServer$Division (RaftServerImpl.java:checkInconsistentAppendEntries(1322)) - omNode-2@group-523986131536: Failed appendEntries as previous log entry ((t:5, i:84)) is not found
2022-05-11 01:29:47,448 [grpc-default-executor-1] INFO  server.RaftServer$Division (RaftServerImpl.java:checkInconsistentAppendEntries(1288)) - omNode-2@group-523986131536: inconsistency entries. Reply:omNode-3<-omNode-2#324:FAIL-t5,INCONSISTENCY,nextIndex=57,followerCommit=56
2022-05-11 01:29:47,450 [OM StateMachine ApplyTransaction Thread - 0] INFO  bucket.OMBucketCreateRequest (OMBucketCreateRequest.java:validateAndUpdateCache(258)) - created bucket: 8443dff4-b3a6-47f3-8632-9aa28941ea56 of layout LEGACY in volume: volume26776
2022-05-11 01:29:47,458 [grpc-default-executor-1] INFO  server.RaftServer$Division (RaftServerImpl.java:checkInconsistentAppendEntries(1322)) - omNode-2@group-523986131536: Failed appendEntries as previous log entry ((t:5, i:85)) is not found
2022-05-11 01:29:47,458 [grpc-default-executor-1] INFO  server.RaftServer$Division (RaftServerImpl.java:checkInconsistentAppendEntries(1288)) - omNode-2@group-523986131536: inconsistency entries. Reply:omNode-3<-omNode-2#326:FAIL-t5,INCONSISTENCY,nextIndex=57,followerCommit=56
2022-05-11 01:29:47,460 [grpc-default-executor-1] INFO  server.RaftServer$Division (RaftServerImpl.java:checkInconsistentAppendEntries(1322)) - omNode-2@group-523986131536: Failed appendEntries as previous log entry ((t:5, i:86)) is not found
2022-05-11 01:29:47,460 [grpc-default-executor-1] INFO  server.RaftServer$Division (RaftServerImpl.java:checkInconsistentAppendEntries(1288)) - omNode-2@group-523986131536: inconsistency entries. Reply:omNode-3<-omNode-2#327:FAIL-t5,INCONSISTENCY,nextIndex=57,followerCommit=56
2022-05-11 01:29:47,461 [OM StateMachine ApplyTransaction Thread - 0] INFO  bucket.OMBucketCreateRequest (OMBucketCreateRequest.java:validateAndUpdateCache(258)) - created bucket: 8443dff4-b3a6-47f3-8632-9aa28941ea56 of layout LEGACY in volume: volume26776
2022-05-11 01:29:47,475 [grpc-default-executor-0] INFO  server.RaftServer$Division (RaftServerImpl.java:checkInconsistentAppendEntries(1322)) - omNode-2@group-523986131536: Failed appendEntries as previous log entry ((t:5, i:87)) is not found
2022-05-11 01:29:47,475 [grpc-default-executor-0] INFO  server.RaftServer$Division (RaftServerImpl.java:checkInconsistentAppendEntries(1288)) - omNode-2@group-523986131536: inconsistency entries. Reply:omNode-3<-omNode-2#330:FAIL-t5,INCONSISTENCY,nextIndex=57,followerCommit=56
2022-05-11 01:29:47,560 [grpc-default-executor-0] INFO  server.RaftServer$Division (RaftServerImpl.java:checkInconsistentAppendEntries(1322)) - omNode-2@group-523986131536: Failed appendEntries as previous log entry ((t:5, i:88)) is not found
2022-05-11 01:29:47,560 [grpc-default-executor-0] INFO  server.RaftServer$Division (RaftServerImpl.java:checkInconsistentAppendEntries(1288)) - omNode-2@group-523986131536: inconsistency entries. Reply:omNode-3<-omNode-2#341:FAIL-t5,INCONSISTENCY,nextIndex=57,followerCommit=56
2022-05-11 01:29:47,568 [grpc-default-executor-0] INFO  server.RaftServer$Division (RaftServerImpl.java:checkInconsistentAppendEntries(1322)) - omNode-2@group-523986131536: Failed appendEntries as previous log entry ((t:5, i:89)) is not found
2022-05-11 01:29:47,568 [grpc-default-executor-0] INFO  server.RaftServer$Division (RaftServerImpl.java:checkInconsistentAppendEntries(1288)) - omNode-2@group-523986131536: inconsistency entries. Reply:omNode-3<-omNode-2#343:FAIL-t5,INCONSISTENCY,nextIndex=57,followerCommit=56
2022-05-11 01:29:47,618 [grpc-default-executor-3] INFO  server.RaftServer$Division (RaftServerImpl.java:checkInconsistentAppendEntries(1322)) - omNode-2@group-523986131536: Failed appendEntries as previous log entry ((t:5, i:90)) is not found
2022-05-11 01:29:47,619 [grpc-default-executor-3] INFO  server.RaftServer$Division (RaftServerImpl.java:checkInconsistentAppendEntries(1288)) - omNode-2@group-523986131536: inconsistency entries. Reply:omNode-3<-omNode-2#349:FAIL-t5,INCONSISTENCY,nextIndex=57,followerCommit=56
2022-05-11 01:29:47,625 [grpc-default-executor-0] INFO  server.RaftServer$Division (RaftServerImpl.java:checkInconsistentAppendEntries(1322)) - omNode-2@group-523986131536: Failed appendEntries as previous log entry ((t:5, i:91)) is not found
2022-05-11 01:29:47,625 [grpc-default-executor-0] INFO  server.RaftServer$Division (RaftServerImpl.java:checkInconsistentAppendEntries(1288)) - omNode-2@group-523986131536: inconsistency entries. Reply:omNode-3<-omNode-2#351:FAIL-t5,INCONSISTENCY,nextIndex=57,followerCommit=56
01:29:47.627 [OM StateMachine ApplyTransaction Thread - 0] ERROR OMAudit - user=runner | ip=127.0.0.1 | op=CREATE_FILE {volume=volume26776, bucket=8443dff4-b3a6-47f3-8632-9aa28941ea56, key=dir1/dir2/dir3/file1, dataSize=11, replicationType=RATIS, replicationFactor=ONE} | ret=FAILURE
org.apache.hadoop.ozone.om.exceptions.OMException: Cannot create file : dir1/dir2/dir3/file1 as one of parent directory is not created
	at org.apache.hadoop.ozone.om.request.file.OMFileCreateRequest.checkAllParentsExist(OMFileCreateRequest.java:386) ~[ozone-manager-1.3.0-SNAPSHOT.jar:?]
	at org.apache.hadoop.ozone.om.request.file.OMFileCreateRequest.validateAndUpdateCache(OMFileCreateRequest.java:242) ~[ozone-manager-1.3.0-SNAPSHOT.jar:?]
	at org.apache.hadoop.ozone.protocolPB.OzoneManagerRequestHandler.handleWriteRequest(OzoneManagerRequestHandler.java:254) ~[ozone-manager-1.3.0-SNAPSHOT.jar:?]
	at org.apache.hadoop.ozone.om.ratis.OzoneManagerStateMachine.runCommand(OzoneManagerStateMachine.java:524) ~[ozone-manager-1.3.0-SNAPSHOT.jar:?]
	at org.apache.hadoop.ozone.om.ratis.OzoneManagerStateMachine.lambda$1(OzoneManagerStateMachine.java:319) ~[ozone-manager-1.3.0-SNAPSHOT.jar:?]
	at java.util.concurrent.CompletableFuture$AsyncSupply.run(CompletableFuture.java:1604) [?:1.8.0_322]
	at java.util.concurrent.ThreadPoolExecutor.runWorker(ThreadPoolExecutor.java:1149) [?:1.8.0_322]
	at java.util.concurrent.ThreadPoolExecutor$Worker.run(ThreadPoolExecutor.java:624) [?:1.8.0_322]
	at java.lang.Thread.run(Thread.java:750) [?:1.8.0_322]
2022-05-11 01:29:47,627 [OM StateMachine ApplyTransaction Thread - 0] ERROR file.OMFileCreateRequest (OMFileCreateRequest.java:validateAndUpdateCache(336)) - File create failed. Volume:volume26776, Bucket:8443dff4-b3a6-47f3-8632-9aa28941ea56, Keydir1/dir2/dir3/file1.
DIRECTORY_NOT_FOUND org.apache.hadoop.ozone.om.exceptions.OMException: Cannot create file : dir1/dir2/dir3/file1 as one of parent directory is not created
	at org.apache.hadoop.ozone.om.request.file.OMFileCreateRequest.checkAllParentsExist(OMFileCreateRequest.java:386)
	at org.apache.hadoop.ozone.om.request.file.OMFileCreateRequest.validateAndUpdateCache(OMFileCreateRequest.java:242)
	at org.apache.hadoop.ozone.protocolPB.OzoneManagerRequestHandler.handleWriteRequest(OzoneManagerRequestHandler.java:254)
	at org.apache.hadoop.ozone.om.ratis.OzoneManagerStateMachine.runCommand(OzoneManagerStateMachine.java:524)
	at org.apache.hadoop.ozone.om.ratis.OzoneManagerStateMachine.lambda$1(OzoneManagerStateMachine.java:319)
	at java.util.concurrent.CompletableFuture$AsyncSupply.run(CompletableFuture.java:1604)
	at java.util.concurrent.ThreadPoolExecutor.runWorker(ThreadPoolExecutor.java:1149)
	at java.util.concurrent.ThreadPoolExecutor$Worker.run(ThreadPoolExecutor.java:624)
	at java.lang.Thread.run(Thread.java:750)
2022-05-11 01:29:47,631 [grpc-default-executor-0] INFO  server.RaftServer$Division (RaftServerImpl.java:checkInconsistentAppendEntries(1322)) - omNode-2@group-523986131536: Failed appendEntries as previous log entry ((t:5, i:92)) is not found
2022-05-11 01:29:47,631 [grpc-default-executor-0] INFO  server.RaftServer$Division (RaftServerImpl.java:checkInconsistentAppendEntries(1288)) - omNode-2@group-523986131536: inconsistency entries. Reply:omNode-3<-omNode-2#352:FAIL-t5,INCONSISTENCY,nextIndex=57,followerCommit=56
01:29:47.633 [OM StateMachine ApplyTransaction Thread - 0] ERROR OMAudit - user=runner | ip=127.0.0.1 | op=CREATE_FILE {volume=volume26776, bucket=8443dff4-b3a6-47f3-8632-9aa28941ea56, key=dir1/dir2/dir3/file1, dataSize=11, replicationType=RATIS, replicationFactor=ONE} | ret=FAILURE
org.apache.hadoop.ozone.om.exceptions.OMException: Cannot create file : dir1/dir2/dir3/file1 as one of parent directory is not created
	at org.apache.hadoop.ozone.om.request.file.OMFileCreateRequest.checkAllParentsExist(OMFileCreateRequest.java:386) ~[ozone-manager-1.3.0-SNAPSHOT.jar:?]
	at org.apache.hadoop.ozone.om.request.file.OMFileCreateRequest.validateAndUpdateCache(OMFileCreateRequest.java:242) ~[ozone-manager-1.3.0-SNAPSHOT.jar:?]
	at org.apache.hadoop.ozone.protocolPB.OzoneManagerRequestHandler.handleWriteRequest(OzoneManagerRequestHandler.java:254) ~[ozone-manager-1.3.0-SNAPSHOT.jar:?]
	at org.apache.hadoop.ozone.om.ratis.OzoneManagerStateMachine.runCommand(OzoneManagerStateMachine.java:524) ~[ozone-manager-1.3.0-SNAPSHOT.jar:?]
	at org.apache.hadoop.ozone.om.ratis.OzoneManagerStateMachine.lambda$1(OzoneManagerStateMachine.java:319) ~[ozone-manager-1.3.0-SNAPSHOT.jar:?]
	at java.util.concurrent.CompletableFuture$AsyncSupply.run(CompletableFuture.java:1604) [?:1.8.0_322]
	at java.util.concurrent.ThreadPoolExecutor.runWorker(ThreadPoolExecutor.java:1149) [?:1.8.0_322]
	at java.util.concurrent.ThreadPoolExecutor$Worker.run(ThreadPoolExecutor.java:624) [?:1.8.0_322]
	at java.lang.Thread.run(Thread.java:750) [?:1.8.0_322]
2022-05-11 01:29:47,633 [OM StateMachine ApplyTransaction Thread - 0] ERROR file.OMFileCreateRequest (OMFileCreateRequest.java:validateAndUpdateCache(336)) - File create failed. Volume:volume26776, Bucket:8443dff4-b3a6-47f3-8632-9aa28941ea56, Keydir1/dir2/dir3/file1.
DIRECTORY_NOT_FOUND org.apache.hadoop.ozone.om.exceptions.OMException: Cannot create file : dir1/dir2/dir3/file1 as one of parent directory is not created
	at org.apache.hadoop.ozone.om.request.file.OMFileCreateRequest.checkAllParentsExist(OMFileCreateRequest.java:386)
	at org.apache.hadoop.ozone.om.request.file.OMFileCreateRequest.validateAndUpdateCache(OMFileCreateRequest.java:242)
	at org.apache.hadoop.ozone.protocolPB.OzoneManagerRequestHandler.handleWriteRequest(OzoneManagerRequestHandler.java:254)
	at org.apache.hadoop.ozone.om.ratis.OzoneManagerStateMachine.runCommand(OzoneManagerStateMachine.java:524)
	at org.apache.hadoop.ozone.om.ratis.OzoneManagerStateMachine.lambda$1(OzoneManagerStateMachine.java:319)
	at java.util.concurrent.CompletableFuture$AsyncSupply.run(CompletableFuture.java:1604)
	at java.util.concurrent.ThreadPoolExecutor.runWorker(ThreadPoolExecutor.java:1149)
	at java.util.concurrent.ThreadPoolExecutor$Worker.run(ThreadPoolExecutor.java:624)
	at java.lang.Thread.run(Thread.java:750)
2022-05-11 01:29:47,638 [grpc-default-executor-3] INFO  server.RaftServer$Division (RaftServerImpl.java:checkInconsistentAppendEntries(1322)) - omNode-2@group-523986131536: Failed appendEntries as previous log entry ((t:5, i:93)) is not found
2022-05-11 01:29:47,639 [grpc-default-executor-3] INFO  server.RaftServer$Division (RaftServerImpl.java:checkInconsistentAppendEntries(1288)) - omNode-2@group-523986131536: inconsistency entries. Reply:omNode-3<-omNode-2#355:FAIL-t5,INCONSISTENCY,nextIndex=57,followerCommit=56
2022-05-11 01:29:47,650 [grpc-default-executor-3] INFO  server.RaftServer$Division (RaftServerImpl.java:checkInconsistentAppendEntries(1322)) - omNode-2@group-523986131536: Failed appendEntries as previous log entry ((t:5, i:94)) is not found
2022-05-11 01:29:47,651 [grpc-default-executor-3] INFO  server.RaftServer$Division (RaftServerImpl.java:checkInconsistentAppendEntries(1288)) - omNode-2@group-523986131536: inconsistency entries. Reply:omNode-3<-omNode-2#356:FAIL-t5,INCONSISTENCY,nextIndex=57,followerCommit=56
2022-05-11 01:29:47,665 [grpc-default-executor-0] INFO  server.RaftServer$Division (RaftServerImpl.java:checkInconsistentAppendEntries(1322)) - omNode-2@group-523986131536: Failed appendEntries as previous log entry ((t:5, i:95)) is not found
2022-05-11 01:29:47,665 [grpc-default-executor-0] INFO  server.RaftServer$Division (RaftServerImpl.java:checkInconsistentAppendEntries(1288)) - omNode-2@group-523986131536: inconsistency entries. Reply:omNode-3<-omNode-2#360:FAIL-t5,INCONSISTENCY,nextIndex=57,followerCommit=56
2022-05-11 01:29:47,694 [grpc-default-executor-0] INFO  server.RaftServer$Division (RaftServerImpl.java:checkInconsistentAppendEntries(1322)) - omNode-2@group-523986131536: Failed appendEntries as previous log entry ((t:5, i:96)) is not found
2022-05-11 01:29:47,694 [grpc-default-executor-0] INFO  server.RaftServer$Division (RaftServerImpl.java:checkInconsistentAppendEntries(1288)) - omNode-2@group-523986131536: inconsistency entries. Reply:omNode-3<-omNode-2#366:FAIL-t5,INCONSISTENCY,nextIndex=57,followerCommit=56
2022-05-11 01:29:47,701 [grpc-default-executor-3] INFO  server.RaftServer$Division (RaftServerImpl.java:checkInconsistentAppendEntries(1322)) - omNode-2@group-523986131536: Failed appendEntries as previous log entry ((t:5, i:97)) is not found
2022-05-11 01:29:47,701 [grpc-default-executor-3] INFO  server.RaftServer$Division (RaftServerImpl.java:checkInconsistentAppendEntries(1288)) - omNode-2@group-523986131536: inconsistency entries. Reply:omNode-3<-omNode-2#367:FAIL-t5,INCONSISTENCY,nextIndex=57,followerCommit=56
2022-05-11 01:29:47,723 [grpc-default-executor-3] INFO  server.RaftServer$Division (RaftServerImpl.java:checkInconsistentAppendEntries(1322)) - omNode-2@group-523986131536: Failed appendEntries as previous log entry ((t:5, i:98)) is not found
2022-05-11 01:29:47,724 [grpc-default-executor-3] INFO  server.RaftServer$Division (RaftServerImpl.java:checkInconsistentAppendEntries(1288)) - omNode-2@group-523986131536: inconsistency entries. Reply:omNode-3<-omNode-2#371:FAIL-t5,INCONSISTENCY,nextIndex=57,followerCommit=56
2022-05-11 01:29:47,732 [grpc-default-executor-3] INFO  server.RaftServer$Division (RaftServerImpl.java:checkInconsistentAppendEntries(1322)) - omNode-2@group-523986131536: Failed appendEntries as previous log entry ((t:5, i:99)) is not found
2022-05-11 01:29:47,732 [grpc-default-executor-3] INFO  server.RaftServer$Division (RaftServerImpl.java:checkInconsistentAppendEntries(1288)) - omNode-2@group-523986131536: inconsistency entries. Reply:omNode-3<-omNode-2#373:FAIL-t5,INCONSISTENCY,nextIndex=57,followerCommit=56
2022-05-11 01:29:47,744 [grpc-default-executor-0] INFO  server.RaftServer$Division (RaftServerImpl.java:checkInconsistentAppendEntries(1322)) - omNode-2@group-523986131536: Failed appendEntries as previous log entry ((t:5, i:100)) is not found
2022-05-11 01:29:47,745 [grpc-default-executor-0] INFO  server.RaftServer$Division (RaftServerImpl.java:checkInconsistentAppendEntries(1288)) - omNode-2@group-523986131536: inconsistency entries. Reply:omNode-3<-omNode-2#376:FAIL-t5,INCONSISTENCY,nextIndex=57,followerCommit=56
2022-05-11 01:29:47,752 [grpc-default-executor-3] INFO  server.RaftServer$Division (RaftServerImpl.java:checkInconsistentAppendEntries(1322)) - omNode-2@group-523986131536: Failed appendEntries as previous log entry ((t:5, i:101)) is not found
2022-05-11 01:29:47,752 [grpc-default-executor-3] INFO  server.RaftServer$Division (RaftServerImpl.java:checkInconsistentAppendEntries(1288)) - omNode-2@group-523986131536: inconsistency entries. Reply:omNode-3<-omNode-2#377:FAIL-t5,INCONSISTENCY,nextIndex=57,followerCommit=56
2022-05-11 01:29:47,778 [grpc-default-executor-3] INFO  server.RaftServer$Division (RaftServerImpl.java:checkInconsistentAppendEntries(1322)) - omNode-2@group-523986131536: Failed appendEntries as previous log entry ((t:5, i:102)) is not found
2022-05-11 01:29:47,778 [grpc-default-executor-3] INFO  server.RaftServer$Division (RaftServerImpl.java:checkInconsistentAppendEntries(1288)) - omNode-2@group-523986131536: inconsistency entries. Reply:omNode-3<-omNode-2#381:FAIL-t5,INCONSISTENCY,nextIndex=57,followerCommit=56
01:29:47.782 [OM StateMachine ApplyTransaction Thread - 0] ERROR OMAudit - user=runner | ip=127.0.0.1 | op=CREATE_FILE {volume=volume26776, bucket=8443dff4-b3a6-47f3-8632-9aa28941ea56, key=dir1/dir2/dir3/file1, dataSize=23, replicationType=RATIS, replicationFactor=ONE} | ret=FAILURE
org.apache.hadoop.ozone.om.exceptions.OMException: File dir1/dir2/dir3/file1 already exists
	at org.apache.hadoop.ozone.om.request.file.OMFileCreateRequest.checkDirectoryResult(OMFileCreateRequest.java:359) ~[ozone-manager-1.3.0-SNAPSHOT.jar:?]
	at org.apache.hadoop.ozone.om.request.file.OMFileCreateRequest.validateAndUpdateCache(OMFileCreateRequest.java:239) ~[ozone-manager-1.3.0-SNAPSHOT.jar:?]
	at org.apache.hadoop.ozone.protocolPB.OzoneManagerRequestHandler.handleWriteRequest(OzoneManagerRequestHandler.java:254) ~[ozone-manager-1.3.0-SNAPSHOT.jar:?]
	at org.apache.hadoop.ozone.om.ratis.OzoneManagerStateMachine.runCommand(OzoneManagerStateMachine.java:524) ~[ozone-manager-1.3.0-SNAPSHOT.jar:?]
	at org.apache.hadoop.ozone.om.ratis.OzoneManagerStateMachine.lambda$1(OzoneManagerStateMachine.java:319) ~[ozone-manager-1.3.0-SNAPSHOT.jar:?]
	at java.util.concurrent.CompletableFuture$AsyncSupply.run(CompletableFuture.java:1604) [?:1.8.0_322]
	at java.util.concurrent.ThreadPoolExecutor.runWorker(ThreadPoolExecutor.java:1149) [?:1.8.0_322]
	at java.util.concurrent.ThreadPoolExecutor$Worker.run(ThreadPoolExecutor.java:624) [?:1.8.0_322]
	at java.lang.Thread.run(Thread.java:750) [?:1.8.0_322]
2022-05-11 01:29:47,782 [OM StateMachine ApplyTransaction Thread - 0] ERROR file.OMFileCreateRequest (OMFileCreateRequest.java:validateAndUpdateCache(336)) - File create failed. Volume:volume26776, Bucket:8443dff4-b3a6-47f3-8632-9aa28941ea56, Keydir1/dir2/dir3/file1.
FILE_ALREADY_EXISTS org.apache.hadoop.ozone.om.exceptions.OMException: File dir1/dir2/dir3/file1 already exists
	at org.apache.hadoop.ozone.om.request.file.OMFileCreateRequest.checkDirectoryResult(OMFileCreateRequest.java:359)
	at org.apache.hadoop.ozone.om.request.file.OMFileCreateRequest.validateAndUpdateCache(OMFileCreateRequest.java:239)
	at org.apache.hadoop.ozone.protocolPB.OzoneManagerRequestHandler.handleWriteRequest(OzoneManagerRequestHandler.java:254)
	at org.apache.hadoop.ozone.om.ratis.OzoneManagerStateMachine.runCommand(OzoneManagerStateMachine.java:524)
	at org.apache.hadoop.ozone.om.ratis.OzoneManagerStateMachine.lambda$1(OzoneManagerStateMachine.java:319)
	at java.util.concurrent.CompletableFuture$AsyncSupply.run(CompletableFuture.java:1604)
	at java.util.concurrent.ThreadPoolExecutor.runWorker(ThreadPoolExecutor.java:1149)
	at java.util.concurrent.ThreadPoolExecutor$Worker.run(ThreadPoolExecutor.java:624)
	at java.lang.Thread.run(Thread.java:750)
2022-05-11 01:29:47,783 [grpc-default-executor-3] INFO  server.RaftServer$Division (RaftServerImpl.java:checkInconsistentAppendEntries(1322)) - omNode-2@group-523986131536: Failed appendEntries as previous log entry ((t:5, i:103)) is not found
2022-05-11 01:29:47,783 [grpc-default-executor-3] INFO  server.RaftServer$Division (RaftServerImpl.java:checkInconsistentAppendEntries(1288)) - omNode-2@group-523986131536: inconsistency entries. Reply:omNode-3<-omNode-2#383:FAIL-t5,INCONSISTENCY,nextIndex=57,followerCommit=56
01:29:47.786 [OM StateMachine ApplyTransaction Thread - 0] ERROR OMAudit - user=runner | ip=127.0.0.1 | op=CREATE_FILE {volume=volume26776, bucket=8443dff4-b3a6-47f3-8632-9aa28941ea56, key=dir1/dir2/dir3/file1, dataSize=23, replicationType=RATIS, replicationFactor=ONE} | ret=FAILURE
org.apache.hadoop.ozone.om.exceptions.OMException: File dir1/dir2/dir3/file1 already exists
	at org.apache.hadoop.ozone.om.request.file.OMFileCreateRequest.checkDirectoryResult(OMFileCreateRequest.java:359) ~[ozone-manager-1.3.0-SNAPSHOT.jar:?]
	at org.apache.hadoop.ozone.om.request.file.OMFileCreateRequest.validateAndUpdateCache(OMFileCreateRequest.java:239) ~[ozone-manager-1.3.0-SNAPSHOT.jar:?]
	at org.apache.hadoop.ozone.protocolPB.OzoneManagerRequestHandler.handleWriteRequest(OzoneManagerRequestHandler.java:254) ~[ozone-manager-1.3.0-SNAPSHOT.jar:?]
	at org.apache.hadoop.ozone.om.ratis.OzoneManagerStateMachine.runCommand(OzoneManagerStateMachine.java:524) ~[ozone-manager-1.3.0-SNAPSHOT.jar:?]
	at org.apache.hadoop.ozone.om.ratis.OzoneManagerStateMachine.lambda$1(OzoneManagerStateMachine.java:319) ~[ozone-manager-1.3.0-SNAPSHOT.jar:?]
	at java.util.concurrent.CompletableFuture$AsyncSupply.run(CompletableFuture.java:1604) [?:1.8.0_322]
	at java.util.concurrent.ThreadPoolExecutor.runWorker(ThreadPoolExecutor.java:1149) [?:1.8.0_322]
	at java.util.concurrent.ThreadPoolExecutor$Worker.run(ThreadPoolExecutor.java:624) [?:1.8.0_322]
	at java.lang.Thread.run(Thread.java:750) [?:1.8.0_322]
2022-05-11 01:29:47,786 [OM StateMachine ApplyTransaction Thread - 0] ERROR file.OMFileCreateRequest (OMFileCreateRequest.java:validateAndUpdateCache(336)) - File create failed. Volume:volume26776, Bucket:8443dff4-b3a6-47f3-8632-9aa28941ea56, Keydir1/dir2/dir3/file1.
FILE_ALREADY_EXISTS org.apache.hadoop.ozone.om.exceptions.OMException: File dir1/dir2/dir3/file1 already exists
	at org.apache.hadoop.ozone.om.request.file.OMFileCreateRequest.checkDirectoryResult(OMFileCreateRequest.java:359)
	at org.apache.hadoop.ozone.om.request.file.OMFileCreateRequest.validateAndUpdateCache(OMFileCreateRequest.java:239)
	at org.apache.hadoop.ozone.protocolPB.OzoneManagerRequestHandler.handleWriteRequest(OzoneManagerRequestHandler.java:254)
	at org.apache.hadoop.ozone.om.ratis.OzoneManagerStateMachine.runCommand(OzoneManagerStateMachine.java:524)
	at org.apache.hadoop.ozone.om.ratis.OzoneManagerStateMachine.lambda$1(OzoneManagerStateMachine.java:319)
	at java.util.concurrent.CompletableFuture$AsyncSupply.run(CompletableFuture.java:1604)
	at java.util.concurrent.ThreadPoolExecutor.runWorker(ThreadPoolExecutor.java:1149)
	at java.util.concurrent.ThreadPoolExecutor$Worker.run(ThreadPoolExecutor.java:624)
	at java.lang.Thread.run(Thread.java:750)
2022-05-11 01:29:47,790 [grpc-default-executor-3] INFO  server.RaftServer$Division (RaftServerImpl.java:checkInconsistentAppendEntries(1322)) - omNode-2@group-523986131536: Failed appendEntries as previous log entry ((t:5, i:104)) is not found
2022-05-11 01:29:47,790 [grpc-default-executor-3] INFO  server.RaftServer$Division (RaftServerImpl.java:checkInconsistentAppendEntries(1288)) - omNode-2@group-523986131536: inconsistency entries. Reply:omNode-3<-omNode-2#384:FAIL-t5,INCONSISTENCY,nextIndex=57,followerCommit=56
2022-05-11 01:29:47,792 [grpc-default-executor-3] INFO  server.RaftServer$Division (RaftServerImpl.java:checkInconsistentAppendEntries(1322)) - omNode-2@group-523986131536: Failed appendEntries as previous log entry ((t:5, i:105)) is not found
2022-05-11 01:29:47,792 [grpc-default-executor-3] INFO  server.RaftServer$Division (RaftServerImpl.java:checkInconsistentAppendEntries(1288)) - omNode-2@group-523986131536: inconsistency entries. Reply:omNode-3<-omNode-2#385:FAIL-t5,INCONSISTENCY,nextIndex=57,followerCommit=56
2022-05-11 01:29:47,798 [grpc-default-executor-3] INFO  server.RaftServer$Division (RaftServerImpl.java:checkInconsistentAppendEntries(1322)) - omNode-2@group-523986131536: Failed appendEntries as previous log entry ((t:5, i:106)) is not found
2022-05-11 01:29:47,799 [grpc-default-executor-3] INFO  server.RaftServer$Division (RaftServerImpl.java:checkInconsistentAppendEntries(1288)) - omNode-2@group-523986131536: inconsistency entries. Reply:omNode-3<-omNode-2#386:FAIL-t5,INCONSISTENCY,nextIndex=57,followerCommit=56
2022-05-11 01:29:47,805 [grpc-default-executor-3] INFO  server.RaftServer$Division (RaftServerImpl.java:checkInconsistentAppendEntries(1322)) - omNode-2@group-523986131536: Failed appendEntries as previous log entry ((t:5, i:107)) is not found
2022-05-11 01:29:47,805 [grpc-default-executor-3] INFO  server.RaftServer$Division (RaftServerImpl.java:checkInconsistentAppendEntries(1288)) - omNode-2@group-523986131536: inconsistency entries. Reply:omNode-3<-omNode-2#388:FAIL-t5,INCONSISTENCY,nextIndex=57,followerCommit=56
2022-05-11 01:29:47,812 [omNode-3@group-523986131536-StateMachineUpdater] INFO  ratis.OzoneManagerStateMachine (OzoneManagerStateMachine.java:takeSnapshot(436)) - Current Snapshot Index (t:5, i:108)
2022-05-11 01:29:47,812 [omNode-3@group-523986131536-StateMachineUpdater] INFO  impl.StateMachineUpdater (StateMachineUpdater.java:takeSnapshot(281)) - omNode-3@group-523986131536-StateMachineUpdater: Took a snapshot at index 108
2022-05-11 01:29:47,812 [omNode-3@group-523986131536-StateMachineUpdater] INFO  impl.StateMachineUpdater (StateMachineUpdater.java:lambda$new$0(89)) - omNode-3@group-523986131536-StateMachineUpdater: snapshotIndex: updateIncreasingly 58 -> 108
2022-05-11 01:29:47,812 [omNode-3@group-523986131536-StateMachineUpdater] INFO  raftlog.RaftLog (RaftLogBase.java:purge(306)) - omNode-3@group-523986131536-SegmentedRaftLog: purge 108
2022-05-11 01:29:47,812 [omNode-3@group-523986131536-StateMachineUpdater] INFO  raftlog.RaftLog (RaftLogBase.java:lambda$new$0(53)) - omNode-3@group-523986131536-SegmentedRaftLog: snapshotIndex: updateIncreasingly 58 -> 108
2022-05-11 01:29:47,813 [omNode-3@group-523986131536-SegmentedRaftLogWorker] INFO  raftlog.RaftLog (RaftLogBase.java:lambda$new$0(53)) - omNode-3@group-523986131536-SegmentedRaftLog: purgeIndex: updateToMax old=56, new=58, updated? true
2022-05-11 01:29:47,879 [grpc-default-executor-1] INFO  server.RaftServer$Division (RaftServerImpl.java:checkInconsistentAppendEntries(1322)) - omNode-2@group-523986131536: Failed appendEntries as previous log entry ((t:5, i:108)) is not found
2022-05-11 01:29:47,880 [grpc-default-executor-1] INFO  server.RaftServer$Division (RaftServerImpl.java:checkInconsistentAppendEntries(1288)) - omNode-2@group-523986131536: inconsistency entries. Reply:omNode-3<-omNode-2#398:FAIL-t5,INCONSISTENCY,nextIndex=57,followerCommit=56
2022-05-11 01:29:47,881 [omNode-1@group-523986131536-StateMachineUpdater] INFO  ratis.OzoneManagerStateMachine (OzoneManagerStateMachine.java:takeSnapshot(436)) - Current Snapshot Index (t:5, i:108)
2022-05-11 01:29:47,881 [omNode-1@group-523986131536-StateMachineUpdater] INFO  impl.StateMachineUpdater (StateMachineUpdater.java:takeSnapshot(281)) - omNode-1@group-523986131536-StateMachineUpdater: Took a snapshot at index 108
2022-05-11 01:29:47,882 [omNode-1@group-523986131536-StateMachineUpdater] INFO  impl.StateMachineUpdater (StateMachineUpdater.java:lambda$new$0(89)) - omNode-1@group-523986131536-StateMachineUpdater: snapshotIndex: updateIncreasingly 58 -> 108
2022-05-11 01:29:47,882 [omNode-1@group-523986131536-StateMachineUpdater] INFO  raftlog.RaftLog (RaftLogBase.java:purge(306)) - omNode-1@group-523986131536-SegmentedRaftLog: purge 108
2022-05-11 01:29:47,882 [omNode-1@group-523986131536-StateMachineUpdater] INFO  raftlog.RaftLog (RaftLogBase.java:lambda$new$0(53)) - omNode-1@group-523986131536-SegmentedRaftLog: snapshotIndex: updateIncreasingly 58 -> 108
2022-05-11 01:29:47,882 [omNode-1@group-523986131536-SegmentedRaftLogWorker] INFO  raftlog.RaftLog (RaftLogBase.java:lambda$new$0(53)) - omNode-1@group-523986131536-SegmentedRaftLog: purgeIndex: updateToMax old=56, new=58, updated? true
2022-05-11 01:29:47,887 [grpc-default-executor-1] INFO  server.RaftServer$Division (RaftServerImpl.java:checkInconsistentAppendEntries(1322)) - omNode-2@group-523986131536: Failed appendEntries as previous log entry ((t:5, i:109)) is not found
2022-05-11 01:29:47,887 [grpc-default-executor-1] INFO  server.RaftServer$Division (RaftServerImpl.java:checkInconsistentAppendEntries(1288)) - omNode-2@group-523986131536: inconsistency entries. Reply:omNode-3<-omNode-2#400:FAIL-t5,INCONSISTENCY,nextIndex=57,followerCommit=56
2022-05-11 01:29:47,909 [grpc-default-executor-3] INFO  server.RaftServer$Division (RaftServerImpl.java:checkInconsistentAppendEntries(1322)) - omNode-2@group-523986131536: Failed appendEntries as previous log entry ((t:5, i:110)) is not found
2022-05-11 01:29:47,909 [grpc-default-executor-3] INFO  server.RaftServer$Division (RaftServerImpl.java:checkInconsistentAppendEntries(1288)) - omNode-2@group-523986131536: inconsistency entries. Reply:omNode-3<-omNode-2#404:FAIL-t5,INCONSISTENCY,nextIndex=57,followerCommit=56
2022-05-11 01:29:47,912 [grpc-default-executor-0] INFO  server.RaftServer$Division (RaftServerImpl.java:checkInconsistentAppendEntries(1322)) - omNode-2@group-523986131536: Failed appendEntries as previous log entry ((t:5, i:111)) is not found
2022-05-11 01:29:47,912 [grpc-default-executor-0] INFO  server.RaftServer$Division (RaftServerImpl.java:checkInconsistentAppendEntries(1288)) - omNode-2@group-523986131536: inconsistency entries. Reply:omNode-3<-omNode-2#406:FAIL-t5,INCONSISTENCY,nextIndex=57,followerCommit=56
2022-05-11 01:29:47,940 [grpc-default-executor-1] INFO  server.RaftServer$Division (RaftServerImpl.java:checkInconsistentAppendEntries(1322)) - omNode-2@group-523986131536: Failed appendEntries as previous log entry ((t:5, i:112)) is not found
2022-05-11 01:29:47,940 [grpc-default-executor-1] INFO  server.RaftServer$Division (RaftServerImpl.java:checkInconsistentAppendEntries(1288)) - omNode-2@group-523986131536: inconsistency entries. Reply:omNode-3<-omNode-2#410:FAIL-t5,INCONSISTENCY,nextIndex=57,followerCommit=56
2022-05-11 01:29:47,953 [grpc-default-executor-3] INFO  server.RaftServer$Division (RaftServerImpl.java:checkInconsistentAppendEntries(1322)) - omNode-2@group-523986131536: Failed appendEntries as previous log entry ((t:5, i:113)) is not found
2022-05-11 01:29:47,953 [grpc-default-executor-3] INFO  server.RaftServer$Division (RaftServerImpl.java:checkInconsistentAppendEntries(1288)) - omNode-2@group-523986131536: inconsistency entries. Reply:omNode-3<-omNode-2#412:FAIL-t5,INCONSISTENCY,nextIndex=57,followerCommit=56
2022-05-11 01:29:47,972 [grpc-default-executor-3] INFO  server.RaftServer$Division (RaftServerImpl.java:checkInconsistentAppendEntries(1322)) - omNode-2@group-523986131536: Failed appendEntries as previous log entry ((t:5, i:114)) is not found
2022-05-11 01:29:47,972 [grpc-default-executor-3] INFO  server.RaftServer$Division (RaftServerImpl.java:checkInconsistentAppendEntries(1288)) - omNode-2@group-523986131536: inconsistency entries. Reply:omNode-3<-omNode-2#417:FAIL-t5,INCONSISTENCY,nextIndex=57,followerCommit=56
2022-05-11 01:29:47,983 [grpc-default-executor-3] INFO  server.RaftServer$Division (RaftServerImpl.java:checkInconsistentAppendEntries(1322)) - omNode-2@group-523986131536: Failed appendEntries as previous log entry ((t:5, i:115)) is not found
2022-05-11 01:29:47,983 [grpc-default-executor-3] INFO  server.RaftServer$Division (RaftServerImpl.java:checkInconsistentAppendEntries(1288)) - omNode-2@group-523986131536: inconsistency entries. Reply:omNode-3<-omNode-2#419:FAIL-t5,INCONSISTENCY,nextIndex=57,followerCommit=56
2022-05-11 01:29:47,986 [grpc-default-executor-3] INFO  server.RaftServer$Division (RaftServerImpl.java:checkInconsistentAppendEntries(1322)) - omNode-2@group-523986131536: Failed appendEntries as previous log entry ((t:5, i:116)) is not found
2022-05-11 01:29:47,986 [grpc-default-executor-3] INFO  server.RaftServer$Division (RaftServerImpl.java:checkInconsistentAppendEntries(1288)) - omNode-2@group-523986131536: inconsistency entries. Reply:omNode-3<-omNode-2#420:FAIL-t5,INCONSISTENCY,nextIndex=57,followerCommit=56
01:29:47.997 [OM StateMachine ApplyTransaction Thread - 0] ERROR OMAudit - user=runner | ip=127.0.0.1 | op=CREATE_FILE {volume=volume26776, bucket=8443dff4-b3a6-47f3-8632-9aa28941ea56, key=folder/folder2, dataSize=23, replicationType=RATIS, replicationFactor=ONE} | ret=FAILURE
org.apache.hadoop.ozone.om.exceptions.OMException: Can not write to directory: folder/folder2
	at org.apache.hadoop.ozone.om.request.file.OMFileCreateRequest.checkDirectoryResult(OMFileCreateRequest.java:363) ~[ozone-manager-1.3.0-SNAPSHOT.jar:?]
	at org.apache.hadoop.ozone.om.request.file.OMFileCreateRequest.validateAndUpdateCache(OMFileCreateRequest.java:239) ~[ozone-manager-1.3.0-SNAPSHOT.jar:?]
	at org.apache.hadoop.ozone.protocolPB.OzoneManagerRequestHandler.handleWriteRequest(OzoneManagerRequestHandler.java:254) ~[ozone-manager-1.3.0-SNAPSHOT.jar:?]
	at org.apache.hadoop.ozone.om.ratis.OzoneManagerStateMachine.runCommand(OzoneManagerStateMachine.java:524) ~[ozone-manager-1.3.0-SNAPSHOT.jar:?]
	at org.apache.hadoop.ozone.om.ratis.OzoneManagerStateMachine.lambda$1(OzoneManagerStateMachine.java:319) ~[ozone-manager-1.3.0-SNAPSHOT.jar:?]
	at java.util.concurrent.CompletableFuture$AsyncSupply.run(CompletableFuture.java:1604) [?:1.8.0_322]
	at java.util.concurrent.ThreadPoolExecutor.runWorker(ThreadPoolExecutor.java:1149) [?:1.8.0_322]
	at java.util.concurrent.ThreadPoolExecutor$Worker.run(ThreadPoolExecutor.java:624) [?:1.8.0_322]
	at java.lang.Thread.run(Thread.java:750) [?:1.8.0_322]
2022-05-11 01:29:47,997 [OM StateMachine ApplyTransaction Thread - 0] ERROR file.OMFileCreateRequest (OMFileCreateRequest.java:validateAndUpdateCache(336)) - File create failed. Volume:volume26776, Bucket:8443dff4-b3a6-47f3-8632-9aa28941ea56, Keyfolder/folder2.
NOT_A_FILE org.apache.hadoop.ozone.om.exceptions.OMException: Can not write to directory: folder/folder2
	at org.apache.hadoop.ozone.om.request.file.OMFileCreateRequest.checkDirectoryResult(OMFileCreateRequest.java:363)
	at org.apache.hadoop.ozone.om.request.file.OMFileCreateRequest.validateAndUpdateCache(OMFileCreateRequest.java:239)
	at org.apache.hadoop.ozone.protocolPB.OzoneManagerRequestHandler.handleWriteRequest(OzoneManagerRequestHandler.java:254)
	at org.apache.hadoop.ozone.om.ratis.OzoneManagerStateMachine.runCommand(OzoneManagerStateMachine.java:524)
	at org.apache.hadoop.ozone.om.ratis.OzoneManagerStateMachine.lambda$1(OzoneManagerStateMachine.java:319)
	at java.util.concurrent.CompletableFuture$AsyncSupply.run(CompletableFuture.java:1604)
	at java.util.concurrent.ThreadPoolExecutor.runWorker(ThreadPoolExecutor.java:1149)
	at java.util.concurrent.ThreadPoolExecutor$Worker.run(ThreadPoolExecutor.java:624)
	at java.lang.Thread.run(Thread.java:750)
2022-05-11 01:29:47,999 [grpc-default-executor-3] INFO  server.RaftServer$Division (RaftServerImpl.java:checkInconsistentAppendEntries(1322)) - omNode-2@group-523986131536: Failed appendEntries as previous log entry ((t:5, i:117)) is not found
2022-05-11 01:29:47,999 [grpc-default-executor-3] INFO  server.RaftServer$Division (RaftServerImpl.java:checkInconsistentAppendEntries(1288)) - omNode-2@group-523986131536: inconsistency entries. Reply:omNode-3<-omNode-2#422:FAIL-t5,INCONSISTENCY,nextIndex=57,followerCommit=56
01:29:48.007 [OM StateMachine ApplyTransaction Thread - 0] ERROR OMAudit - user=runner | ip=127.0.0.1 | op=CREATE_FILE {volume=volume26776, bucket=8443dff4-b3a6-47f3-8632-9aa28941ea56, key=folder/folder2, dataSize=23, replicationType=RATIS, replicationFactor=ONE} | ret=FAILURE
org.apache.hadoop.ozone.om.exceptions.OMException: Can not write to directory: folder/folder2
	at org.apache.hadoop.ozone.om.request.file.OMFileCreateRequest.checkDirectoryResult(OMFileCreateRequest.java:363) ~[ozone-manager-1.3.0-SNAPSHOT.jar:?]
	at org.apache.hadoop.ozone.om.request.file.OMFileCreateRequest.validateAndUpdateCache(OMFileCreateRequest.java:239) ~[ozone-manager-1.3.0-SNAPSHOT.jar:?]
	at org.apache.hadoop.ozone.protocolPB.OzoneManagerRequestHandler.handleWriteRequest(OzoneManagerRequestHandler.java:254) ~[ozone-manager-1.3.0-SNAPSHOT.jar:?]
	at org.apache.hadoop.ozone.om.ratis.OzoneManagerStateMachine.runCommand(OzoneManagerStateMachine.java:524) ~[ozone-manager-1.3.0-SNAPSHOT.jar:?]
	at org.apache.hadoop.ozone.om.ratis.OzoneManagerStateMachine.lambda$1(OzoneManagerStateMachine.java:319) ~[ozone-manager-1.3.0-SNAPSHOT.jar:?]
	at java.util.concurrent.CompletableFuture$AsyncSupply.run(CompletableFuture.java:1604) [?:1.8.0_322]
	at java.util.concurrent.ThreadPoolExecutor.runWorker(ThreadPoolExecutor.java:1149) [?:1.8.0_322]
	at java.util.concurrent.ThreadPoolExecutor$Worker.run(ThreadPoolExecutor.java:624) [?:1.8.0_322]
	at java.lang.Thread.run(Thread.java:750) [?:1.8.0_322]
2022-05-11 01:29:48,007 [OM StateMachine ApplyTransaction Thread - 0] ERROR file.OMFileCreateRequest (OMFileCreateRequest.java:validateAndUpdateCache(336)) - File create failed. Volume:volume26776, Bucket:8443dff4-b3a6-47f3-8632-9aa28941ea56, Keyfolder/folder2.
NOT_A_FILE org.apache.hadoop.ozone.om.exceptions.OMException: Can not write to directory: folder/folder2
	at org.apache.hadoop.ozone.om.request.file.OMFileCreateRequest.checkDirectoryResult(OMFileCreateRequest.java:363)
	at org.apache.hadoop.ozone.om.request.file.OMFileCreateRequest.validateAndUpdateCache(OMFileCreateRequest.java:239)
	at org.apache.hadoop.ozone.protocolPB.OzoneManagerRequestHandler.handleWriteRequest(OzoneManagerRequestHandler.java:254)
	at org.apache.hadoop.ozone.om.ratis.OzoneManagerStateMachine.runCommand(OzoneManagerStateMachine.java:524)
	at org.apache.hadoop.ozone.om.ratis.OzoneManagerStateMachine.lambda$1(OzoneManagerStateMachine.java:319)
	at java.util.concurrent.CompletableFuture$AsyncSupply.run(CompletableFuture.java:1604)
	at java.util.concurrent.ThreadPoolExecutor.runWorker(ThreadPoolExecutor.java:1149)
	at java.util.concurrent.ThreadPoolExecutor$Worker.run(ThreadPoolExecutor.java:624)
	at java.lang.Thread.run(Thread.java:750)
2022-05-11 01:29:48,020 [Listener at localhost/38653] INFO  rpc.RpcClient (RpcClient.java:createVolume(448)) - Creating Volume: volume76447, with user63982 as owner and space quota set to -1 bytes, counts quota set to -1
2022-05-11 01:29:48,023 [grpc-default-executor-3] INFO  server.RaftServer$Division (RaftServerImpl.java:checkInconsistentAppendEntries(1322)) - omNode-2@group-523986131536: Failed appendEntries as previous log entry ((t:5, i:118)) is not found
2022-05-11 01:29:48,023 [grpc-default-executor-3] INFO  server.RaftServer$Division (RaftServerImpl.java:checkInconsistentAppendEntries(1288)) - omNode-2@group-523986131536: inconsistency entries. Reply:omNode-3<-omNode-2#427:FAIL-t5,INCONSISTENCY,nextIndex=57,followerCommit=56
2022-05-11 01:29:48,030 [grpc-default-executor-1] INFO  server.RaftServer$Division (RaftServerImpl.java:checkInconsistentAppendEntries(1322)) - omNode-2@group-523986131536: Failed appendEntries as previous log entry ((t:5, i:119)) is not found
2022-05-11 01:29:48,030 [grpc-default-executor-1] INFO  server.RaftServer$Division (RaftServerImpl.java:checkInconsistentAppendEntries(1288)) - omNode-2@group-523986131536: inconsistency entries. Reply:omNode-3<-omNode-2#429:FAIL-t5,INCONSISTENCY,nextIndex=57,followerCommit=56
2022-05-11 01:29:48,030 [OM StateMachine ApplyTransaction Thread - 0] INFO  volume.OMVolumeCreateRequest (OMVolumeCreateRequest.java:validateAndUpdateCache(195)) - created volume:volume76447 for user:user63982
2022-05-11 01:29:48,031 [OM StateMachine ApplyTransaction Thread - 0] INFO  volume.OMVolumeCreateRequest (OMVolumeCreateRequest.java:validateAndUpdateCache(195)) - created volume:volume76447 for user:user63982
2022-05-11 01:29:48,033 [Listener at localhost/38653] INFO  rpc.RpcClient (RpcClient.java:createBucket(637)) - Creating Bucket: volume76447/bbb86b31-55b0-42e1-b218-8663f0ab956c, with runner as owner and Versioning false and Storage Type set to DISK and Encryption set to false 
2022-05-11 01:29:48,036 [grpc-default-executor-1] INFO  server.RaftServer$Division (RaftServerImpl.java:checkInconsistentAppendEntries(1322)) - omNode-2@group-523986131536: Failed appendEntries as previous log entry ((t:5, i:120)) is not found
2022-05-11 01:29:48,036 [grpc-default-executor-1] INFO  server.RaftServer$Division (RaftServerImpl.java:checkInconsistentAppendEntries(1288)) - omNode-2@group-523986131536: inconsistency entries. Reply:omNode-3<-omNode-2#432:FAIL-t5,INCONSISTENCY,nextIndex=57,followerCommit=56
2022-05-11 01:29:48,045 [OM StateMachine ApplyTransaction Thread - 0] INFO  bucket.OMBucketCreateRequest (OMBucketCreateRequest.java:validateAndUpdateCache(258)) - created bucket: bbb86b31-55b0-42e1-b218-8663f0ab956c of layout LEGACY in volume: volume76447
2022-05-11 01:29:48,045 [grpc-default-executor-3] INFO  server.RaftServer$Division (RaftServerImpl.java:checkInconsistentAppendEntries(1322)) - omNode-2@group-523986131536: Failed appendEntries as previous log entry ((t:5, i:121)) is not found
2022-05-11 01:29:48,045 [grpc-default-executor-3] INFO  server.RaftServer$Division (RaftServerImpl.java:checkInconsistentAppendEntries(1288)) - omNode-2@group-523986131536: inconsistency entries. Reply:omNode-3<-omNode-2#434:FAIL-t5,INCONSISTENCY,nextIndex=57,followerCommit=56
2022-05-11 01:29:48,046 [OM StateMachine ApplyTransaction Thread - 0] INFO  bucket.OMBucketCreateRequest (OMBucketCreateRequest.java:validateAndUpdateCache(258)) - created bucket: bbb86b31-55b0-42e1-b218-8663f0ab956c of layout LEGACY in volume: volume76447
2022-05-11 01:29:48,060 [grpc-default-executor-3] INFO  server.RaftServer$Division (RaftServerImpl.java:checkInconsistentAppendEntries(1322)) - omNode-2@group-523986131536: Failed appendEntries as previous log entry ((t:5, i:122)) is not found
2022-05-11 01:29:48,060 [grpc-default-executor-3] INFO  server.RaftServer$Division (RaftServerImpl.java:checkInconsistentAppendEntries(1288)) - omNode-2@group-523986131536: inconsistency entries. Reply:omNode-3<-omNode-2#437:FAIL-t5,INCONSISTENCY,nextIndex=57,followerCommit=56
2022-05-11 01:29:48,065 [grpc-default-executor-3] INFO  server.RaftServer$Division (RaftServerImpl.java:checkInconsistentAppendEntries(1322)) - omNode-2@group-523986131536: Failed appendEntries as previous log entry ((t:5, i:123)) is not found
2022-05-11 01:29:48,065 [grpc-default-executor-3] INFO  server.RaftServer$Division (RaftServerImpl.java:checkInconsistentAppendEntries(1288)) - omNode-2@group-523986131536: inconsistency entries. Reply:omNode-3<-omNode-2#439:FAIL-t5,INCONSISTENCY,nextIndex=57,followerCommit=56
2022-05-11 01:29:48,140 [grpc-default-executor-3] INFO  server.RaftServer$Division (RaftServerImpl.java:checkInconsistentAppendEntries(1322)) - omNode-2@group-523986131536: Failed appendEntries as previous log entry ((t:5, i:124)) is not found
2022-05-11 01:29:48,140 [grpc-default-executor-3] INFO  server.RaftServer$Division (RaftServerImpl.java:checkInconsistentAppendEntries(1288)) - omNode-2@group-523986131536: inconsistency entries. Reply:omNode-3<-omNode-2#448:FAIL-t5,INCONSISTENCY,nextIndex=57,followerCommit=56
2022-05-11 01:29:48,149 [grpc-default-executor-1] INFO  server.RaftServer$Division (RaftServerImpl.java:checkInconsistentAppendEntries(1322)) - omNode-2@group-523986131536: Failed appendEntries as previous log entry ((t:5, i:125)) is not found
2022-05-11 01:29:48,149 [grpc-default-executor-1] INFO  server.RaftServer$Division (RaftServerImpl.java:checkInconsistentAppendEntries(1288)) - omNode-2@group-523986131536: inconsistency entries. Reply:omNode-3<-omNode-2#449:FAIL-t5,INCONSISTENCY,nextIndex=57,followerCommit=56
2022-05-11 01:29:48,177 [grpc-default-executor-1] INFO  server.RaftServer$Division (RaftServerImpl.java:checkInconsistentAppendEntries(1322)) - omNode-2@group-523986131536: Failed appendEntries as previous log entry ((t:5, i:126)) is not found
2022-05-11 01:29:48,177 [grpc-default-executor-1] INFO  server.RaftServer$Division (RaftServerImpl.java:checkInconsistentAppendEntries(1288)) - omNode-2@group-523986131536: inconsistency entries. Reply:omNode-3<-omNode-2#453:FAIL-t5,INCONSISTENCY,nextIndex=57,followerCommit=56
2022-05-11 01:29:48,180 [grpc-default-executor-3] INFO  server.RaftServer$Division (RaftServerImpl.java:checkInconsistentAppendEntries(1322)) - omNode-2@group-523986131536: Failed appendEntries as previous log entry ((t:5, i:127)) is not found
2022-05-11 01:29:48,180 [grpc-default-executor-3] INFO  server.RaftServer$Division (RaftServerImpl.java:checkInconsistentAppendEntries(1288)) - omNode-2@group-523986131536: inconsistency entries. Reply:omNode-3<-omNode-2#455:FAIL-t5,INCONSISTENCY,nextIndex=57,followerCommit=56
2022-05-11 01:29:48,199 [grpc-default-executor-3] INFO  server.RaftServer$Division (RaftServerImpl.java:checkInconsistentAppendEntries(1322)) - omNode-2@group-523986131536: Failed appendEntries as previous log entry ((t:5, i:128)) is not found
2022-05-11 01:29:48,199 [grpc-default-executor-3] INFO  server.RaftServer$Division (RaftServerImpl.java:checkInconsistentAppendEntries(1288)) - omNode-2@group-523986131536: inconsistency entries. Reply:omNode-3<-omNode-2#458:FAIL-t5,INCONSISTENCY,nextIndex=57,followerCommit=56
2022-05-11 01:29:48,202 [grpc-default-executor-3] INFO  server.RaftServer$Division (RaftServerImpl.java:checkInconsistentAppendEntries(1322)) - omNode-2@group-523986131536: Failed appendEntries as previous log entry ((t:5, i:129)) is not found
2022-05-11 01:29:48,202 [grpc-default-executor-3] INFO  server.RaftServer$Division (RaftServerImpl.java:checkInconsistentAppendEntries(1288)) - omNode-2@group-523986131536: inconsistency entries. Reply:omNode-3<-omNode-2#460:FAIL-t5,INCONSISTENCY,nextIndex=57,followerCommit=56
2022-05-11 01:29:48,224 [grpc-default-executor-3] INFO  server.RaftServer$Division (RaftServerImpl.java:checkInconsistentAppendEntries(1322)) - omNode-2@group-523986131536: Failed appendEntries as previous log entry ((t:5, i:130)) is not found
2022-05-11 01:29:48,224 [grpc-default-executor-3] INFO  server.RaftServer$Division (RaftServerImpl.java:checkInconsistentAppendEntries(1288)) - omNode-2@group-523986131536: inconsistency entries. Reply:omNode-3<-omNode-2#464:FAIL-t5,INCONSISTENCY,nextIndex=57,followerCommit=56
2022-05-11 01:29:48,231 [grpc-default-executor-3] INFO  server.RaftServer$Division (RaftServerImpl.java:checkInconsistentAppendEntries(1322)) - omNode-2@group-523986131536: Failed appendEntries as previous log entry ((t:5, i:131)) is not found
2022-05-11 01:29:48,231 [grpc-default-executor-3] INFO  server.RaftServer$Division (RaftServerImpl.java:checkInconsistentAppendEntries(1288)) - omNode-2@group-523986131536: inconsistency entries. Reply:omNode-3<-omNode-2#466:FAIL-t5,INCONSISTENCY,nextIndex=57,followerCommit=56
2022-05-11 01:29:48,256 [grpc-default-executor-1] INFO  server.RaftServer$Division (RaftServerImpl.java:checkInconsistentAppendEntries(1322)) - omNode-2@group-523986131536: Failed appendEntries as previous log entry ((t:5, i:132)) is not found
2022-05-11 01:29:48,256 [grpc-default-executor-1] INFO  server.RaftServer$Division (RaftServerImpl.java:checkInconsistentAppendEntries(1288)) - omNode-2@group-523986131536: inconsistency entries. Reply:omNode-3<-omNode-2#471:FAIL-t5,INCONSISTENCY,nextIndex=57,followerCommit=56
2022-05-11 01:29:48,258 [grpc-default-executor-1] INFO  server.RaftServer$Division (RaftServerImpl.java:checkInconsistentAppendEntries(1322)) - omNode-2@group-523986131536: Failed appendEntries as previous log entry ((t:5, i:133)) is not found
2022-05-11 01:29:48,258 [grpc-default-executor-1] INFO  server.RaftServer$Division (RaftServerImpl.java:checkInconsistentAppendEntries(1288)) - omNode-2@group-523986131536: inconsistency entries. Reply:omNode-3<-omNode-2#473:FAIL-t5,INCONSISTENCY,nextIndex=57,followerCommit=56
2022-05-11 01:29:48,279 [grpc-default-executor-1] INFO  server.RaftServer$Division (RaftServerImpl.java:checkInconsistentAppendEntries(1322)) - omNode-2@group-523986131536: Failed appendEntries as previous log entry ((t:5, i:134)) is not found
2022-05-11 01:29:48,279 [grpc-default-executor-1] INFO  server.RaftServer$Division (RaftServerImpl.java:checkInconsistentAppendEntries(1288)) - omNode-2@group-523986131536: inconsistency entries. Reply:omNode-3<-omNode-2#477:FAIL-t5,INCONSISTENCY,nextIndex=57,followerCommit=56
2022-05-11 01:29:48,287 [grpc-default-executor-3] INFO  server.RaftServer$Division (RaftServerImpl.java:checkInconsistentAppendEntries(1322)) - omNode-2@group-523986131536: Failed appendEntries as previous log entry ((t:5, i:135)) is not found
2022-05-11 01:29:48,287 [grpc-default-executor-3] INFO  server.RaftServer$Division (RaftServerImpl.java:checkInconsistentAppendEntries(1288)) - omNode-2@group-523986131536: inconsistency entries. Reply:omNode-3<-omNode-2#479:FAIL-t5,INCONSISTENCY,nextIndex=57,followerCommit=56
2022-05-11 01:29:48,304 [grpc-default-executor-1] INFO  server.RaftServer$Division (RaftServerImpl.java:checkInconsistentAppendEntries(1322)) - omNode-2@group-523986131536: Failed appendEntries as previous log entry ((t:5, i:136)) is not found
2022-05-11 01:29:48,304 [grpc-default-executor-1] INFO  server.RaftServer$Division (RaftServerImpl.java:checkInconsistentAppendEntries(1288)) - omNode-2@group-523986131536: inconsistency entries. Reply:omNode-3<-omNode-2#483:FAIL-t5,INCONSISTENCY,nextIndex=57,followerCommit=56
2022-05-11 01:29:48,312 [grpc-default-executor-1] INFO  server.RaftServer$Division (RaftServerImpl.java:checkInconsistentAppendEntries(1322)) - omNode-2@group-523986131536: Failed appendEntries as previous log entry ((t:5, i:137)) is not found
2022-05-11 01:29:48,312 [grpc-default-executor-1] INFO  server.RaftServer$Division (RaftServerImpl.java:checkInconsistentAppendEntries(1288)) - omNode-2@group-523986131536: inconsistency entries. Reply:omNode-3<-omNode-2#485:FAIL-t5,INCONSISTENCY,nextIndex=57,followerCommit=56
2022-05-11 01:29:48,337 [grpc-default-executor-1] INFO  server.RaftServer$Division (RaftServerImpl.java:checkInconsistentAppendEntries(1322)) - omNode-2@group-523986131536: Failed appendEntries as previous log entry ((t:5, i:138)) is not found
2022-05-11 01:29:48,337 [grpc-default-executor-1] INFO  server.RaftServer$Division (RaftServerImpl.java:checkInconsistentAppendEntries(1288)) - omNode-2@group-523986131536: inconsistency entries. Reply:omNode-3<-omNode-2#490:FAIL-t5,INCONSISTENCY,nextIndex=57,followerCommit=56
2022-05-11 01:29:48,343 [grpc-default-executor-3] INFO  server.RaftServer$Division (RaftServerImpl.java:checkInconsistentAppendEntries(1322)) - omNode-2@group-523986131536: Failed appendEntries as previous log entry ((t:5, i:139)) is not found
2022-05-11 01:29:48,343 [grpc-default-executor-3] INFO  server.RaftServer$Division (RaftServerImpl.java:checkInconsistentAppendEntries(1288)) - omNode-2@group-523986131536: inconsistency entries. Reply:omNode-3<-omNode-2#492:FAIL-t5,INCONSISTENCY,nextIndex=57,followerCommit=56
2022-05-11 01:29:48,356 [grpc-default-executor-3] INFO  server.RaftServer$Division (RaftServerImpl.java:checkInconsistentAppendEntries(1322)) - omNode-2@group-523986131536: Failed appendEntries as previous log entry ((t:5, i:140)) is not found
2022-05-11 01:29:48,356 [grpc-default-executor-3] INFO  server.RaftServer$Division (RaftServerImpl.java:checkInconsistentAppendEntries(1288)) - omNode-2@group-523986131536: inconsistency entries. Reply:omNode-3<-omNode-2#494:FAIL-t5,INCONSISTENCY,nextIndex=57,followerCommit=56
2022-05-11 01:29:48,364 [grpc-default-executor-1] INFO  server.RaftServer$Division (RaftServerImpl.java:checkInconsistentAppendEntries(1322)) - omNode-2@group-523986131536: Failed appendEntries as previous log entry ((t:5, i:141)) is not found
2022-05-11 01:29:48,364 [grpc-default-executor-1] INFO  server.RaftServer$Division (RaftServerImpl.java:checkInconsistentAppendEntries(1288)) - omNode-2@group-523986131536: inconsistency entries. Reply:omNode-3<-omNode-2#496:FAIL-t5,INCONSISTENCY,nextIndex=57,followerCommit=56
2022-05-11 01:29:48,366 [grpc-default-executor-3] INFO  server.RaftServer$Division (RaftServerImpl.java:checkInconsistentAppendEntries(1322)) - omNode-2@group-523986131536: Failed appendEntries as previous log entry ((t:5, i:142)) is not found
2022-05-11 01:29:48,366 [grpc-default-executor-3] INFO  server.RaftServer$Division (RaftServerImpl.java:checkInconsistentAppendEntries(1288)) - omNode-2@group-523986131536: inconsistency entries. Reply:omNode-3<-omNode-2#497:FAIL-t5,INCONSISTENCY,nextIndex=57,followerCommit=56
2022-05-11 01:29:48,369 [OM StateMachine ApplyTransaction Thread - 0] ERROR key.OMKeysDeleteRequest (OMKeysDeleteRequest.java:validateAndUpdateCache(139)) - Received a request to delete a Key does not exist /volume76447/bbb86b31-55b0-42e1-b218-8663f0ab956c/dir/file3
2022-05-11 01:29:48,371 [grpc-default-executor-3] INFO  server.RaftServer$Division (RaftServerImpl.java:checkInconsistentAppendEntries(1322)) - omNode-2@group-523986131536: Failed appendEntries as previous log entry ((t:5, i:143)) is not found
2022-05-11 01:29:48,371 [grpc-default-executor-3] INFO  server.RaftServer$Division (RaftServerImpl.java:checkInconsistentAppendEntries(1288)) - omNode-2@group-523986131536: inconsistency entries. Reply:omNode-3<-omNode-2#500:FAIL-t5,INCONSISTENCY,nextIndex=57,followerCommit=56
2022-05-11 01:29:48,371 [Listener at localhost/38653] INFO  om.OzoneManager (OzoneManager.java:stop(1950)) - omNode-3[localhost:43241]: Stopping Ozone Manager
2022-05-11 01:29:48,372 [Listener at localhost/38653] INFO  ipc.Server (Server.java:stop(3414)) - Stopping server on 43241
2022-05-11 01:29:48,372 [OM StateMachine ApplyTransaction Thread - 0] ERROR key.OMKeysDeleteRequest (OMKeysDeleteRequest.java:validateAndUpdateCache(139)) - Received a request to delete a Key does not exist /volume76447/bbb86b31-55b0-42e1-b218-8663f0ab956c/dir/file3
2022-05-11 01:29:48,387 [IPC Server listener on 43241] INFO  ipc.Server (Server.java:run(1376)) - Stopping IPC Server listener on 43241
2022-05-11 01:29:48,388 [IPC Server Responder] INFO  ipc.Server (Server.java:run(1512)) - Stopping IPC Server Responder
2022-05-11 01:29:48,389 [Listener at localhost/38653] INFO  server.RaftServer (RaftServerProxy.java:lambda$close$6(391)) - omNode-3: close
2022-05-11 01:29:48,389 [Listener at localhost/38653] INFO  server.RaftServer$Division (RaftServerImpl.java:lambda$close$4(412)) - omNode-3@group-523986131536: shutdown
2022-05-11 01:29:48,389 [Listener at localhost/38653] INFO  util.JmxRegister (JmxRegister.java:unregister(73)) - Successfully un-registered JMX Bean with object name Ratis:service=RaftServer,group=group-523986131536,id=omNode-3
2022-05-11 01:29:48,389 [Listener at localhost/38653] INFO  impl.RoleInfo (RoleInfo.java:shutdownLeaderState(91)) - omNode-3: shutdown omNode-3@group-523986131536-LeaderStateImpl
2022-05-11 01:29:48,390 [omNode-3@group-523986131536->omNode-2-GrpcLogAppender-LogAppenderDaemon] WARN  server.GrpcLogAppender (GrpcLogAppender.java:mayWait(177)) - omNode-3@group-523986131536->omNode-2-GrpcLogAppender: Wait interrupted by java.lang.InterruptedException
2022-05-11 01:29:48,390 [Listener at localhost/38653] INFO  impl.PendingRequests (PendingRequests.java:sendNotLeaderResponses(282)) - omNode-3@group-523986131536-PendingRequests: sendNotLeaderResponses
2022-05-11 01:29:48,391 [omNode-3@group-523986131536->omNode-1-GrpcLogAppender-LogAppenderDaemon] WARN  server.GrpcLogAppender (GrpcLogAppender.java:mayWait(177)) - omNode-3@group-523986131536->omNode-1-GrpcLogAppender: Wait interrupted by java.lang.InterruptedException
2022-05-11 01:29:48,391 [grpc-default-executor-1] INFO  server.GrpcServerProtocolService (GrpcServerProtocolService.java:onCompleted(140)) - omNode-1: Completed APPEND_ENTRIES, lastRequest: omNode-3->omNode-1#270-t5,previous=(t:5, i:143),leaderCommit=143,initializing? true,entries: size=1, first=(t:5, i:144), METADATAENTRY(c:143)
2022-05-11 01:29:48,391 [grpc-default-executor-3] INFO  server.GrpcServerProtocolService (GrpcServerProtocolService.java:onCompleted(140)) - omNode-2: Completed APPEND_ENTRIES, lastRequest: omNode-3->omNode-2#500-t5,previous=(t:5, i:143),leaderCommit=143,initializing? false,entries: size=1, first=(t:5, i:144), METADATAENTRY(c:143)
2022-05-11 01:29:48,393 [grpc-default-executor-1] INFO  server.GrpcLogAppender (GrpcLogAppender.java:onCompleted(346)) - omNode-3@group-523986131536->omNode-1-AppendLogResponseHandler: follower responses appendEntries COMPLETED
2022-05-11 01:29:48,394 [grpc-default-executor-1] INFO  leader.FollowerInfo (FollowerInfoImpl.java:lambda$new$0(47)) - omNode-3@group-523986131536->omNode-1: nextIndex: updateUnconditionally 145 -> 144
2022-05-11 01:29:48,394 [grpc-default-executor-3] INFO  server.GrpcLogAppender (GrpcLogAppender.java:onCompleted(346)) - omNode-3@group-523986131536->omNode-2-AppendLogResponseHandler: follower responses appendEntries COMPLETED
2022-05-11 01:29:48,394 [grpc-default-executor-3] INFO  leader.FollowerInfo (FollowerInfoImpl.java:lambda$new$0(47)) - omNode-3@group-523986131536->omNode-2: nextIndex: updateUnconditionally 145 -> 57
2022-05-11 01:29:48,394 [Listener at localhost/38653] INFO  impl.StateMachineUpdater (StateMachineUpdater.java:stopAndJoin(149)) - omNode-3@group-523986131536-StateMachineUpdater: set stopIndex = 144
2022-05-11 01:29:48,394 [omNode-3@group-523986131536-StateMachineUpdater] INFO  ratis.OzoneManagerStateMachine (OzoneManagerStateMachine.java:takeSnapshot(436)) - Current Snapshot Index (t:5, i:144)
2022-05-11 01:29:48,395 [omNode-3@group-523986131536-StateMachineUpdater] INFO  impl.StateMachineUpdater (StateMachineUpdater.java:takeSnapshot(281)) - omNode-3@group-523986131536-StateMachineUpdater: Took a snapshot at index 144
2022-05-11 01:29:48,395 [omNode-3@group-523986131536-StateMachineUpdater] INFO  impl.StateMachineUpdater (StateMachineUpdater.java:lambda$new$0(89)) - omNode-3@group-523986131536-StateMachineUpdater: snapshotIndex: updateIncreasingly 108 -> 144
2022-05-11 01:29:48,395 [omNode-3@group-523986131536-StateMachineUpdater] INFO  raftlog.RaftLog (RaftLogBase.java:purge(306)) - omNode-3@group-523986131536-SegmentedRaftLog: purge 144
2022-05-11 01:29:48,395 [omNode-3@group-523986131536-StateMachineUpdater] INFO  raftlog.RaftLog (RaftLogBase.java:lambda$new$0(53)) - omNode-3@group-523986131536-SegmentedRaftLog: snapshotIndex: updateIncreasingly 108 -> 144
2022-05-11 01:29:48,395 [omNode-3@group-523986131536-StateMachineUpdater] INFO  raftlog.RaftLog (RaftLogBase.java:lambda$new$0(53)) - omNode-3@group-523986131536-SegmentedRaftLog: purgeIndex: updateToMax old=58, new=144, updated? true
2022-05-11 01:29:48,395 [omNode-3@group-523986131536-StateMachineUpdater] INFO  ratis.OzoneManagerStateMachine (OzoneManagerStateMachine.java:close(490)) - StateMachine has shutdown. Shutdown OzoneManager if not already shutdown.
2022-05-11 01:29:48,395 [omNode-3@group-523986131536-StateMachineUpdater] INFO  ratis.OzoneManagerDoubleBuffer (OzoneManagerDoubleBuffer.java:stop(465)) - Stopping OMDoubleBuffer flush thread
2022-05-11 01:29:48,395 [OMDoubleBufferFlushThread] INFO  ratis.OzoneManagerDoubleBuffer (OzoneManagerDoubleBuffer.java:flushTransactions(385)) - OMDoubleBuffer flush thread OMDoubleBufferFlushThread is interrupted and will exit.
2022-05-11 01:29:48,399 [Listener at localhost/38653] INFO  server.RaftServer$Division (ServerState.java:close(419)) - omNode-3@group-523986131536: closes. applyIndex: 144
2022-05-11 01:29:48,399 [omNode-3@group-523986131536-SegmentedRaftLogWorker] INFO  segmented.SegmentedRaftLogWorker (SegmentedRaftLogWorker.java:run(327)) - omNode-3@group-523986131536-SegmentedRaftLogWorker was interrupted, exiting. There are 0 tasks remaining in the queue.
2022-05-11 01:29:48,401 [Listener at localhost/38653] INFO  segmented.SegmentedRaftLogWorker (SegmentedRaftLogWorker.java:close(237)) - omNode-3@group-523986131536-SegmentedRaftLogWorker close()
2022-05-11 01:29:48,402 [Listener at localhost/38653] INFO  server.GrpcService (GrpcService.java:closeImpl(262)) - omNode-3: shutdown server with port 40799 now
2022-05-11 01:29:49,727 [omNode-2@group-523986131536-FollowerState] INFO  impl.FollowerState (FollowerState.java:run(134)) - omNode-2@group-523986131536-FollowerState: change to CANDIDATE, lastRpcElapsedTime:1356478870ns, electionTimeout:1184ms
2022-05-11 01:29:49,728 [omNode-2@group-523986131536-FollowerState] INFO  impl.RoleInfo (RoleInfo.java:shutdownFollowerState(108)) - omNode-2: shutdown omNode-2@group-523986131536-FollowerState
2022-05-11 01:29:49,728 [omNode-2@group-523986131536-FollowerState] INFO  server.RaftServer$Division (RaftServerImpl.java:setRole(290)) - omNode-2@group-523986131536: changes role from  FOLLOWER to CANDIDATE at term 5 for changeToCandidate
2022-05-11 01:29:49,728 [omNode-2@group-523986131536-FollowerState] INFO  server.RaftServerConfigKeys (ConfUtils.java:logGet(44)) - raft.server.leaderelection.pre-vote = false (custom)
2022-05-11 01:29:49,728 [omNode-2@group-523986131536-FollowerState] INFO  impl.RoleInfo (RoleInfo.java:updateAndGet(130)) - omNode-2: start omNode-2@group-523986131536-LeaderElection19
2022-05-11 01:29:49,739 [omNode-2@group-523986131536-LeaderElection19] INFO  server.RaftServer$Division (ServerState.java:setLeader(285)) - omNode-2@group-523986131536: change Leader from omNode-3 to null at term 5 for ELECTION
2022-05-11 01:29:49,742 [omNode-2@group-523986131536-LeaderElection19] INFO  impl.LeaderElection (LeaderElection.java:askForVotes(306)) - omNode-2@group-523986131536-LeaderElection19 ELECTION round 0: submit vote requests at term 6 for 59: [omNode-3|rpc:localhost:40799|admin:|client:|dataStream:|priority:0, omNode-1|rpc:localhost:37959|admin:|client:|dataStream:|priority:0, omNode-2|rpc:localhost:36649|admin:|client:|dataStream:|priority:0], old=null
2022-05-11 01:29:49,749 [omNode-2@group-523986131536-LeaderElection19] INFO  impl.LeaderElection (LogUtils.java:infoOrTrace(137)) - omNode-2@group-523986131536-LeaderElection19 got exception when requesting votes: java.util.concurrent.ExecutionException: org.apache.ratis.thirdparty.io.grpc.StatusRuntimeException: UNAVAILABLE: io exception
2022-05-11 01:29:49,755 [grpc-default-executor-3] INFO  server.RaftServer$Division (RaftServerImpl.java:requestVote(1046)) - omNode-1@group-523986131536: receive requestVote(ELECTION, omNode-2, group-523986131536, 6, (t:3, i:56))
2022-05-11 01:29:49,756 [grpc-default-executor-3] INFO  impl.VoteContext (VoteContext.java:log(48)) - omNode-1@group-523986131536-FOLLOWER: reject ELECTION from omNode-2: our last entry (t:5, i:144) > candidate's last entry (t:3, i:56)
2022-05-11 01:29:49,756 [grpc-default-executor-3] INFO  server.RaftServer$Division (ServerState.java:setLeader(285)) - omNode-1@group-523986131536: change Leader from omNode-3 to null at term 6 for updateCurrentTerm
2022-05-11 01:29:49,756 [grpc-default-executor-3] INFO  server.RaftServer$Division (RaftServerImpl.java:setRole(290)) - omNode-1@group-523986131536: changes role from  FOLLOWER to FOLLOWER at term 6 for candidate:omNode-2
2022-05-11 01:29:49,756 [grpc-default-executor-3] INFO  impl.RoleInfo (RoleInfo.java:shutdownFollowerState(108)) - omNode-1: shutdown omNode-1@group-523986131536-FollowerState
2022-05-11 01:29:49,756 [grpc-default-executor-3] INFO  impl.RoleInfo (RoleInfo.java:updateAndGet(130)) - omNode-1: start omNode-1@group-523986131536-FollowerState
2022-05-11 01:29:49,756 [omNode-1@group-523986131536-FollowerState] INFO  impl.FollowerState (FollowerState.java:run(143)) - omNode-1@group-523986131536-FollowerState was interrupted: {}
java.lang.InterruptedException: sleep interrupted
	at java.lang.Thread.sleep(Native Method)
	at java.lang.Thread.sleep(Thread.java:342)
	at java.util.concurrent.TimeUnit.sleep(TimeUnit.java:386)
	at org.apache.ratis.util.TimeDuration.sleep(TimeDuration.java:324)
	at org.apache.ratis.util.TimeDuration.sleep(TimeDuration.java:309)
	at org.apache.ratis.server.impl.FollowerState.run(FollowerState.java:118)
2022-05-11 01:29:49,763 [grpc-default-executor-3] INFO  server.RaftServer$Division (RaftServerImpl.java:requestVote(1078)) - omNode-1@group-523986131536 replies to ELECTION vote request: omNode-2<-omNode-1#0:FAIL-t6. Peer's state: omNode-1@group-523986131536:t6, leader=null, voted=null, raftlog=omNode-1@group-523986131536-SegmentedRaftLog:OPENED:c143, conf=59: [omNode-3|rpc:localhost:40799|admin:|client:|dataStream:|priority:0, omNode-1|rpc:localhost:37959|admin:|client:|dataStream:|priority:0, omNode-2|rpc:localhost:36649|admin:|client:|dataStream:|priority:0], old=null
2022-05-11 01:29:49,764 [omNode-2@group-523986131536-LeaderElection19] INFO  impl.LeaderElection (LeaderElection.java:logAndReturn(89)) - omNode-2@group-523986131536-LeaderElection19: ELECTION REJECTED received 1 response(s) and 1 exception(s):
2022-05-11 01:29:49,764 [omNode-2@group-523986131536-LeaderElection19] INFO  impl.LeaderElection (LeaderElection.java:logAndReturn(93)) -   Response 0: omNode-2<-omNode-1#0:FAIL-t6
2022-05-11 01:29:49,764 [omNode-2@group-523986131536-LeaderElection19] INFO  impl.LeaderElection (LogUtils.java:infoOrTrace(137)) -   Exception 1: java.util.concurrent.ExecutionException: org.apache.ratis.thirdparty.io.grpc.StatusRuntimeException: UNAVAILABLE: io exception
2022-05-11 01:29:49,764 [omNode-2@group-523986131536-LeaderElection19] INFO  impl.LeaderElection (LeaderElection.java:askForVotes(308)) - omNode-2@group-523986131536-LeaderElection19 ELECTION round 0: result REJECTED
2022-05-11 01:29:49,764 [omNode-2@group-523986131536-LeaderElection19] INFO  server.RaftServer$Division (RaftServerImpl.java:setRole(290)) - omNode-2@group-523986131536: changes role from CANDIDATE to FOLLOWER at term 6 for REJECTED
2022-05-11 01:29:49,765 [omNode-2@group-523986131536-LeaderElection19] INFO  impl.RoleInfo (RoleInfo.java:shutdownLeaderElection(121)) - omNode-2: shutdown omNode-2@group-523986131536-LeaderElection19
2022-05-11 01:29:49,765 [omNode-2@group-523986131536-LeaderElection19] INFO  impl.RoleInfo (RoleInfo.java:updateAndGet(130)) - omNode-2: start omNode-2@group-523986131536-FollowerState
2022-05-11 01:29:50,833 [omNode-1@group-523986131536-FollowerState] INFO  impl.FollowerState (FollowerState.java:run(134)) - omNode-1@group-523986131536-FollowerState: change to CANDIDATE, lastRpcElapsedTime:1077166485ns, electionTimeout:1072ms
2022-05-11 01:29:50,833 [omNode-1@group-523986131536-FollowerState] INFO  impl.RoleInfo (RoleInfo.java:shutdownFollowerState(108)) - omNode-1: shutdown omNode-1@group-523986131536-FollowerState
2022-05-11 01:29:50,834 [omNode-1@group-523986131536-FollowerState] INFO  server.RaftServer$Division (RaftServerImpl.java:setRole(290)) - omNode-1@group-523986131536: changes role from  FOLLOWER to CANDIDATE at term 6 for changeToCandidate
2022-05-11 01:29:50,834 [omNode-1@group-523986131536-FollowerState] INFO  server.RaftServerConfigKeys (ConfUtils.java:logGet(44)) - raft.server.leaderelection.pre-vote = false (custom)
2022-05-11 01:29:50,834 [omNode-1@group-523986131536-FollowerState] INFO  impl.RoleInfo (RoleInfo.java:updateAndGet(130)) - omNode-1: start omNode-1@group-523986131536-LeaderElection20
2022-05-11 01:29:50,837 [omNode-1@group-523986131536-LeaderElection20] INFO  impl.LeaderElection (LeaderElection.java:askForVotes(306)) - omNode-1@group-523986131536-LeaderElection20 ELECTION round 0: submit vote requests at term 7 for 59: [omNode-3|rpc:localhost:40799|admin:|client:|dataStream:|priority:0, omNode-1|rpc:localhost:37959|admin:|client:|dataStream:|priority:0, omNode-2|rpc:localhost:36649|admin:|client:|dataStream:|priority:0], old=null
2022-05-11 01:29:50,845 [omNode-1@group-523986131536-LeaderElection20] INFO  impl.LeaderElection (LogUtils.java:infoOrTrace(137)) - omNode-1@group-523986131536-LeaderElection20 got exception when requesting votes: java.util.concurrent.ExecutionException: org.apache.ratis.thirdparty.io.grpc.StatusRuntimeException: UNAVAILABLE: io exception
2022-05-11 01:29:50,847 [grpc-default-executor-1] INFO  server.RaftServer$Division (RaftServerImpl.java:requestVote(1046)) - omNode-2@group-523986131536: receive requestVote(ELECTION, omNode-1, group-523986131536, 7, (t:5, i:144))
2022-05-11 01:29:50,847 [grpc-default-executor-1] INFO  impl.VoteContext (VoteContext.java:log(48)) - omNode-2@group-523986131536-FOLLOWER: accept ELECTION from omNode-1: our last entry (t:3, i:56) < candidate's last entry (t:5, i:144)
2022-05-11 01:29:50,847 [grpc-default-executor-1] INFO  server.RaftServer$Division (RaftServerImpl.java:setRole(290)) - omNode-2@group-523986131536: changes role from  FOLLOWER to FOLLOWER at term 7 for candidate:omNode-1
2022-05-11 01:29:50,847 [grpc-default-executor-1] INFO  impl.RoleInfo (RoleInfo.java:shutdownFollowerState(108)) - omNode-2: shutdown omNode-2@group-523986131536-FollowerState
2022-05-11 01:29:50,847 [grpc-default-executor-1] INFO  impl.RoleInfo (RoleInfo.java:updateAndGet(130)) - omNode-2: start omNode-2@group-523986131536-FollowerState
2022-05-11 01:29:50,847 [omNode-2@group-523986131536-FollowerState] INFO  impl.FollowerState (FollowerState.java:run(143)) - omNode-2@group-523986131536-FollowerState was interrupted: {}
java.lang.InterruptedException: sleep interrupted
	at java.lang.Thread.sleep(Native Method)
	at java.lang.Thread.sleep(Thread.java:342)
	at java.util.concurrent.TimeUnit.sleep(TimeUnit.java:386)
	at org.apache.ratis.util.TimeDuration.sleep(TimeDuration.java:324)
	at org.apache.ratis.util.TimeDuration.sleep(TimeDuration.java:309)
	at org.apache.ratis.server.impl.FollowerState.run(FollowerState.java:118)
2022-05-11 01:29:50,853 [grpc-default-executor-1] INFO  server.RaftServer$Division (RaftServerImpl.java:requestVote(1078)) - omNode-2@group-523986131536 replies to ELECTION vote request: omNode-1<-omNode-2#0:OK-t7. Peer's state: omNode-2@group-523986131536:t7, leader=null, voted=omNode-1, raftlog=omNode-2@group-523986131536-SegmentedRaftLog:OPENED:c56, conf=59: [omNode-3|rpc:localhost:40799|admin:|client:|dataStream:|priority:0, omNode-1|rpc:localhost:37959|admin:|client:|dataStream:|priority:0, omNode-2|rpc:localhost:36649|admin:|client:|dataStream:|priority:0], old=null
2022-05-11 01:29:50,854 [omNode-1@group-523986131536-LeaderElection20] INFO  impl.LeaderElection (LeaderElection.java:logAndReturn(89)) - omNode-1@group-523986131536-LeaderElection20: ELECTION PASSED received 1 response(s) and 1 exception(s):
2022-05-11 01:29:50,854 [omNode-1@group-523986131536-LeaderElection20] INFO  impl.LeaderElection (LeaderElection.java:logAndReturn(93)) -   Response 0: omNode-1<-omNode-2#0:OK-t7
2022-05-11 01:29:50,854 [omNode-1@group-523986131536-LeaderElection20] INFO  impl.LeaderElection (LogUtils.java:infoOrTrace(137)) -   Exception 1: java.util.concurrent.ExecutionException: org.apache.ratis.thirdparty.io.grpc.StatusRuntimeException: UNAVAILABLE: io exception
2022-05-11 01:29:50,855 [omNode-1@group-523986131536-LeaderElection20] INFO  impl.LeaderElection (LeaderElection.java:askForVotes(308)) - omNode-1@group-523986131536-LeaderElection20 ELECTION round 0: result PASSED
2022-05-11 01:29:50,855 [omNode-1@group-523986131536-LeaderElection20] INFO  impl.RoleInfo (RoleInfo.java:shutdownLeaderElection(121)) - omNode-1: shutdown omNode-1@group-523986131536-LeaderElection20
2022-05-11 01:29:50,855 [omNode-1@group-523986131536-LeaderElection20] INFO  server.RaftServer$Division (RaftServerImpl.java:setRole(290)) - omNode-1@group-523986131536: changes role from CANDIDATE to LEADER at term 7 for changeToLeader
2022-05-11 01:29:50,855 [omNode-1@group-523986131536-LeaderElection20] INFO  server.RaftServer$Division (ServerState.java:setLeader(285)) - omNode-1@group-523986131536: change Leader from null to omNode-1 at term 7 for becomeLeader, leader elected after 1099ms
2022-05-11 01:29:50,855 [omNode-1@group-523986131536-LeaderElection20] INFO  server.RaftServerConfigKeys (ConfUtils.java:logGet(44)) - raft.server.staging.catchup.gap = 1000 (default)
2022-05-11 01:29:50,855 [omNode-1@group-523986131536-LeaderElection20] INFO  server.RaftServerConfigKeys (ConfUtils.java:logGet(44)) - raft.server.write.element-limit = 4096 (default)
2022-05-11 01:29:50,855 [omNode-1@group-523986131536-LeaderElection20] INFO  server.RaftServerConfigKeys (ConfUtils.java:logGet(44)) - raft.server.write.byte-limit = 64MB (=67108864) (default)
2022-05-11 01:29:50,856 [omNode-1@group-523986131536-LeaderElection20] INFO  server.RaftServerConfigKeys (ConfUtils.java:logGet(44)) - raft.server.watch.timeout = 10s (default)
2022-05-11 01:29:50,856 [omNode-1@group-523986131536-LeaderElection20] INFO  server.RaftServerConfigKeys (ConfUtils.java:logGet(44)) - raft.server.watch.timeout.denomination = 1s (default)
2022-05-11 01:29:50,856 [omNode-1@group-523986131536-LeaderElection20] INFO  server.RaftServerConfigKeys (ConfUtils.java:logGet(44)) - raft.server.watch.element-limit = 65536 (default)
2022-05-11 01:29:50,856 [omNode-1@group-523986131536-LeaderElection20] INFO  server.RaftServerConfigKeys (ConfUtils.java:logGet(44)) - raft.server.write.element-limit = 4096 (default)
2022-05-11 01:29:50,856 [omNode-1@group-523986131536-LeaderElection20] INFO  server.RaftServerConfigKeys (ConfUtils.java:logGet(44)) - raft.server.write.follower.gap.ratio.max = -1.0 (default)
2022-05-11 01:29:50,856 [omNode-1@group-523986131536-LeaderElection20] INFO  server.RaftServerConfigKeys (ConfUtils.java:logGet(44)) - raft.server.log.appender.snapshot.chunk.size.max = 16MB (=16777216) (default)
2022-05-11 01:29:50,856 [omNode-1@group-523986131536-LeaderElection20] INFO  server.RaftServerConfigKeys (ConfUtils.java:logGet(44)) - raft.server.log.appender.buffer.byte-limit = 33554432 (custom)
2022-05-11 01:29:50,857 [omNode-1@group-523986131536-LeaderElection20] INFO  server.RaftServerConfigKeys (ConfUtils.java:logGet(44)) - raft.server.log.appender.buffer.element-limit = 1024 (custom)
2022-05-11 01:29:50,857 [omNode-1@group-523986131536-LeaderElection20] INFO  grpc.GrpcConfigKeys (ConfUtils.java:logGet(44)) - raft.grpc.server.leader.outstanding.appends.max = 128 (default)
2022-05-11 01:29:50,857 [omNode-1@group-523986131536-LeaderElection20] INFO  server.RaftServerConfigKeys (ConfUtils.java:logGet(44)) - raft.server.rpc.request.timeout = 3000ms (default)
2022-05-11 01:29:50,857 [omNode-1@group-523986131536-LeaderElection20] INFO  server.RaftServerConfigKeys (ConfUtils.java:logGet(44)) - raft.server.log.appender.install.snapshot.enabled = false (custom)
2022-05-11 01:29:50,862 [omNode-1@group-523986131536-LeaderElection20] INFO  server.RaftServerConfigKeys (ConfUtils.java:logGet(44)) - raft.server.log.appender.snapshot.chunk.size.max = 16MB (=16777216) (default)
2022-05-11 01:29:50,862 [omNode-1@group-523986131536-LeaderElection20] INFO  server.RaftServerConfigKeys (ConfUtils.java:logGet(44)) - raft.server.log.appender.buffer.byte-limit = 33554432 (custom)
2022-05-11 01:29:50,862 [omNode-1@group-523986131536-LeaderElection20] INFO  server.RaftServerConfigKeys (ConfUtils.java:logGet(44)) - raft.server.log.appender.buffer.element-limit = 1024 (custom)
2022-05-11 01:29:50,862 [omNode-1@group-523986131536-LeaderElection20] INFO  grpc.GrpcConfigKeys (ConfUtils.java:logGet(44)) - raft.grpc.server.leader.outstanding.appends.max = 128 (default)
2022-05-11 01:29:50,862 [omNode-1@group-523986131536-LeaderElection20] INFO  server.RaftServerConfigKeys (ConfUtils.java:logGet(44)) - raft.server.rpc.request.timeout = 3000ms (default)
2022-05-11 01:29:50,862 [omNode-1@group-523986131536-LeaderElection20] INFO  server.RaftServerConfigKeys (ConfUtils.java:logGet(44)) - raft.server.log.appender.install.snapshot.enabled = false (custom)
2022-05-11 01:29:50,863 [omNode-1@group-523986131536-LeaderElection20] INFO  impl.RoleInfo (RoleInfo.java:updateAndGet(130)) - omNode-1: start omNode-1@group-523986131536-LeaderStateImpl
2022-05-11 01:29:50,864 [omNode-1@group-523986131536-LeaderElection20] INFO  segmented.SegmentedRaftLogWorker (SegmentedRaftLogWorker.java:rollLogSegment(399)) - omNode-1@group-523986131536-SegmentedRaftLogWorker: Rolling segment log-59_144 to index:144
2022-05-11 01:29:50,865 [omNode-1@group-523986131536-SegmentedRaftLogWorker] INFO  segmented.SegmentedRaftLogWorker (SegmentedRaftLogWorker.java:execute(558)) - omNode-1@group-523986131536-SegmentedRaftLogWorker: Rolled log segment from /home/runner/work/ozone/ozone/hadoop-ozone/integration-test/target/test-dir/MiniOzoneClusterImpl-ae28b10a-1883-433e-acb0-7438b5479a4c/omNode-1/ratis/c9bc4cf4-3bc3-3c60-a66b-523986131536/current/log_inprogress_59 to /home/runner/work/ozone/ozone/hadoop-ozone/integration-test/target/test-dir/MiniOzoneClusterImpl-ae28b10a-1883-433e-acb0-7438b5479a4c/omNode-1/ratis/c9bc4cf4-3bc3-3c60-a66b-523986131536/current/log_59-144
2022-05-11 01:29:50,873 [grpc-default-executor-3] INFO  server.RaftServer$Division (ServerState.java:setLeader(285)) - omNode-2@group-523986131536: change Leader from null to omNode-1 at term 7 for appendEntries, leader elected after 1133ms
2022-05-11 01:29:50,873 [grpc-default-executor-3] INFO  server.RaftServer$Division (RaftServerImpl.java:checkInconsistentAppendEntries(1322)) - omNode-2@group-523986131536: Failed appendEntries as previous log entry ((t:5, i:144)) is not found
2022-05-11 01:29:50,873 [grpc-default-executor-3] INFO  server.RaftServer$Division (RaftServerImpl.java:checkInconsistentAppendEntries(1288)) - omNode-2@group-523986131536: inconsistency entries. Reply:omNode-1<-omNode-2#0:FAIL-t7,INCONSISTENCY,nextIndex=57,followerCommit=56
2022-05-11 01:29:50,874 [grpc-default-executor-3] INFO  leader.FollowerInfo (FollowerInfoImpl.java:lambda$new$0(47)) - omNode-1@group-523986131536->omNode-2: nextIndex: updateUnconditionally 146 -> 57
2022-05-11 01:29:50,874 [grpc-default-executor-1] INFO  server.RaftServer$Division (RaftServerImpl.java:checkInconsistentAppendEntries(1322)) - omNode-2@group-523986131536: Failed appendEntries as previous log entry ((t:5, i:144)) is not found
2022-05-11 01:29:50,875 [grpc-default-executor-1] INFO  server.RaftServer$Division (RaftServerImpl.java:checkInconsistentAppendEntries(1288)) - omNode-2@group-523986131536: inconsistency entries. Reply:omNode-1<-omNode-2#1:FAIL-t7,INCONSISTENCY,nextIndex=57,followerCommit=56
2022-05-11 01:29:50,877 [omNode-1@group-523986131536-LeaderElection20] INFO  server.RaftServer$Division (ServerState.java:setRaftConf(387)) - omNode-1@group-523986131536: set configuration 145: [omNode-3|rpc:localhost:40799|admin:|client:|dataStream:|priority:0, omNode-1|rpc:localhost:37959|admin:|client:|dataStream:|priority:0, omNode-2|rpc:localhost:36649|admin:|client:|dataStream:|priority:0], old=null
2022-05-11 01:29:50,877 [grpc-default-executor-1] INFO  leader.FollowerInfo (FollowerInfoImpl.java:lambda$new$0(47)) - omNode-1@group-523986131536->omNode-2: nextIndex: updateUnconditionally 57 -> 57
2022-05-11 01:29:50,878 [grpc-default-executor-1] WARN  server.GrpcLogAppender (LogUtils.java:warn(122)) - omNode-1@group-523986131536->omNode-3-AppendLogResponseHandler: Failed appendEntries: org.apache.ratis.thirdparty.io.grpc.StatusRuntimeException: UNAVAILABLE: io exception
2022-05-11 01:29:50,879 [grpc-default-executor-1] WARN  server.GrpcLogAppender (GrpcLogAppender.java:resetClient(110)) - omNode-1@group-523986131536->omNode-3-GrpcLogAppender: Leader has not got in touch with Follower omNode-1@group-523986131536->omNode-3(c-1,m0,n145, attendVote=true, lastRpcSendTime=0, lastRpcResponseTime=1223) yet, just keep nextIndex unchanged and retry.
2022-05-11 01:29:50,879 [omNode-1@group-523986131536-SegmentedRaftLogWorker] INFO  segmented.SegmentedRaftLogWorker (SegmentedRaftLogWorker.java:execute(601)) - omNode-1@group-523986131536-SegmentedRaftLogWorker: created new log segment /home/runner/work/ozone/ozone/hadoop-ozone/integration-test/target/test-dir/MiniOzoneClusterImpl-ae28b10a-1883-433e-acb0-7438b5479a4c/omNode-1/ratis/c9bc4cf4-3bc3-3c60-a66b-523986131536/current/log_inprogress_145
2022-05-11 01:29:50,878 [omNode-1@group-523986131536->omNode-2-GrpcLogAppender-LogAppenderDaemon] INFO  server.GrpcLogAppender (GrpcLogAppender.java:installSnapshot(550)) - omNode-1@group-523986131536->omNode-2-GrpcLogAppender: followerNextIndex = 57 but logStartIndex = 59, notify follower to install snapshot-(t:5, i:59)
2022-05-11 01:29:50,883 [omNode-1@group-523986131536->omNode-2-GrpcLogAppender-LogAppenderDaemon] INFO  server.GrpcLogAppender (GrpcLogAppender.java:installSnapshot(558)) - omNode-1@group-523986131536->omNode-2-GrpcLogAppender: send omNode-1->omNode-2#0-t7,notify:(t:5, i:59)
2022-05-11 01:29:50,884 [grpc-default-executor-1] WARN  server.GrpcLogAppender (LogUtils.java:warn(122)) - omNode-1@group-523986131536->omNode-3-AppendLogResponseHandler: Failed appendEntries: org.apache.ratis.thirdparty.io.grpc.StatusRuntimeException: UNAVAILABLE: io exception
2022-05-11 01:29:50,884 [grpc-default-executor-1] WARN  server.GrpcLogAppender (GrpcLogAppender.java:resetClient(110)) - omNode-1@group-523986131536->omNode-3-GrpcLogAppender: Leader has not got in touch with Follower omNode-1@group-523986131536->omNode-3(c-1,m0,n146, attendVote=true, lastRpcSendTime=5, lastRpcResponseTime=1228) yet, just keep nextIndex unchanged and retry.
2022-05-11 01:29:50,886 [grpc-default-executor-2] INFO  server.RaftServer$Division (RaftServerImpl.java:installSnapshot(1332)) - omNode-2@group-523986131536: receive installSnapshot: omNode-1->omNode-2#0-t7,notify:(t:5, i:59)
2022-05-11 01:29:50,886 [grpc-default-executor-2] INFO  server.RaftServer$Division (RaftServerImpl.java:notifyStateMachineToInstallSnapshot(1551)) - omNode-2@group-523986131536: Received notification to install snapshot at index 59
2022-05-11 01:29:50,892 [grpc-default-executor-2] INFO  server.RaftServer$Division (RaftServerImpl.java:notifyStateMachineToInstallSnapshot(1582)) - omNode-2@group-523986131536: notifyInstallSnapshot: nextIndex is 57 but the leader's first available index is 59.
2022-05-11 01:29:50,892 [grpc-default-executor-2] INFO  ratis.OzoneManagerStateMachine (OzoneManagerStateMachine.java:notifyInstallSnapshotFromLeader(465)) - Received install snapshot notification from OM leader: omNode-1 with term index: (t:5, i:59)
2022-05-11 01:29:50,893 [pool-320-thread-1] INFO  om.OzoneManager (OzoneManager.java:getDBCheckpointFromLeader(3409)) - Downloading checkpoint from leader OM omNode-1 and reloading state from the checkpoint.
2022-05-11 01:29:50,897 [pool-320-thread-1] INFO  snapshot.OzoneManagerSnapshotProvider (OzoneManagerSnapshotProvider.java:getOzoneManagerDBSnapshot(122)) - Downloading latest checkpoint from Leader OM omNode-1. Checkpoint URL: http://127.0.0.1:34597/dbCheckpoint?flushBeforeCheckpoint=true
2022-05-11 01:29:51,043 [qtp1531571122-1035] INFO  utils.DBCheckpointServlet (DBCheckpointServlet.java:doGet(110)) - Received request to obtain DB checkpoint snapshot
2022-05-11 01:29:51,071 [qtp1531571122-1035] INFO  db.RDBCheckpointManager (RDBCheckpointManager.java:createCheckpoint(86)) - Created checkpoint at /home/runner/work/ozone/ozone/hadoop-ozone/integration-test/target/test-dir/MiniOzoneClusterImpl-ae28b10a-1883-433e-acb0-7438b5479a4c/omNode-1/db.checkpoints/om.db_checkpoint_1652232591050 in 21 milliseconds
2022-05-11 01:29:51,165 [qtp1531571122-1035] INFO  utils.DBCheckpointServlet (DBCheckpointServlet.java:doGet(183)) - Time taken to write the checkpoint to response output stream: 92 milliseconds
2022-05-11 01:29:51,165 [qtp1531571122-1035] INFO  db.RocksDBCheckpoint (RocksDBCheckpoint.java:cleanupCheckpoint(78)) - Cleaning up RocksDB checkpoint at /home/runner/work/ozone/ozone/hadoop-ozone/integration-test/target/test-dir/MiniOzoneClusterImpl-ae28b10a-1883-433e-acb0-7438b5479a4c/omNode-1/db.checkpoints/om.db_checkpoint_1652232591050
2022-05-11 01:29:51,223 [pool-320-thread-1] INFO  snapshot.OzoneManagerSnapshotProvider (OzoneManagerSnapshotProvider.java:getOzoneManagerDBSnapshot(154)) - Successfully downloaded latest checkpoint from leader OM: omNode-1
2022-05-11 01:29:51,224 [pool-320-thread-1] INFO  om.OzoneManager (OzoneManager.java:installSnapshotFromLeader(3226)) - Downloaded checkpoint from Leader omNode-1 to the location /home/runner/work/ozone/ozone/hadoop-ozone/integration-test/target/test-dir/MiniOzoneClusterImpl-ae28b10a-1883-433e-acb0-7438b5479a4c/omNode-2/snapshot/om.db-omNode-1-1652232590897
2022-05-11 01:29:51,225 [pool-320-thread-1] INFO  codec.RepeatedOmKeyInfoCodec (RepeatedOmKeyInfoCodec.java:<init>(41)) - RepeatedOmKeyInfoCodec ignorePipeline = true
2022-05-11 01:29:51,226 [pool-320-thread-1] INFO  codec.OmKeyInfoCodec (OmKeyInfoCodec.java:<init>(49)) - OmKeyInfoCodec ignorePipeline = true
2022-05-11 01:29:51,227 [pool-320-thread-1] INFO  codec.OmKeyInfoCodec (OmKeyInfoCodec.java:<init>(49)) - OmKeyInfoCodec ignorePipeline = true
2022-05-11 01:29:51,227 [pool-320-thread-1] INFO  codec.OmKeyInfoCodec (OmKeyInfoCodec.java:<init>(49)) - OmKeyInfoCodec ignorePipeline = true
2022-05-11 01:29:51,227 [pool-320-thread-1] INFO  codec.OmKeyInfoCodec (OmKeyInfoCodec.java:<init>(49)) - OmKeyInfoCodec ignorePipeline = true
2022-05-11 01:29:51,227 [pool-320-thread-1] INFO  codec.OmKeyInfoCodec (OmKeyInfoCodec.java:<init>(49)) - OmKeyInfoCodec ignorePipeline = true
2022-05-11 01:29:51,303 [pool-320-thread-1] INFO  om.OzoneManager (OzoneManager.java:installCheckpoint(3251)) - Installing checkpoint with OMTransactionInfo 5#143
2022-05-11 01:29:51,303 [pool-320-thread-1] INFO  ratis.OzoneManagerStateMachine (OzoneManagerStateMachine.java:pause(384)) - OzoneManagerStateMachine is pausing
2022-05-11 01:29:51,303 [pool-320-thread-1] INFO  ratis.OzoneManagerDoubleBuffer (OzoneManagerDoubleBuffer.java:stop(465)) - Stopping OMDoubleBuffer flush thread
2022-05-11 01:29:51,303 [OMDoubleBufferFlushThread] INFO  ratis.OzoneManagerDoubleBuffer (OzoneManagerDoubleBuffer.java:flushTransactions(385)) - OMDoubleBuffer flush thread OMDoubleBufferFlushThread is interrupted and will exit.
2022-05-11 01:29:51,304 [pool-320-thread-1] INFO  ipc.Server (Server.java:stop(3414)) - Stopping server on 38653
2022-05-11 01:29:51,306 [IPC Server listener on 38653] INFO  ipc.Server (Server.java:run(1376)) - Stopping IPC Server listener on 38653
2022-05-11 01:29:51,315 [IPC Server Responder] INFO  ipc.Server (Server.java:run(1512)) - Stopping IPC Server Responder
2022-05-11 01:29:51,316 [pool-320-thread-1] INFO  om.OzoneManager (OzoneManager.java:installCheckpoint(3302)) - RPC server is stopped. Spend 13 ms.
2022-05-11 01:29:51,319 [pool-320-thread-1] INFO  om.OzoneManager (OzoneManager.java:installCheckpoint(3309)) - metadataManager is stopped. Spend 2 ms.
2022-05-11 01:29:51,342 [pool-320-thread-1] INFO  om.OzoneManager (OzoneManager.java:installCheckpoint(3323)) - Replaced DB with checkpoint from OM: omNode-1, term: 5, index: 143, time: 24 ms
2022-05-11 01:29:51,352 [pool-320-thread-1] WARN  server.ServerUtils (ServerUtils.java:getDBPath(225)) - ozone.om.db.dirs is not configured. We recommend adding this setting. Falling back to ozone.metadata.dirs instead.
2022-05-11 01:29:51,356 [pool-320-thread-1] INFO  codec.OmKeyInfoCodec (OmKeyInfoCodec.java:<init>(49)) - OmKeyInfoCodec ignorePipeline = true
2022-05-11 01:29:51,356 [pool-320-thread-1] INFO  codec.RepeatedOmKeyInfoCodec (RepeatedOmKeyInfoCodec.java:<init>(41)) - RepeatedOmKeyInfoCodec ignorePipeline = true
2022-05-11 01:29:51,385 [grpc-default-executor-3] WARN  server.GrpcLogAppender (LogUtils.java:warn(122)) - omNode-1@group-523986131536->omNode-3-AppendLogResponseHandler: Failed appendEntries: org.apache.ratis.thirdparty.io.grpc.StatusRuntimeException: UNAVAILABLE: io exception
2022-05-11 01:29:51,399 [grpc-default-executor-3] WARN  server.GrpcLogAppender (GrpcLogAppender.java:resetClient(110)) - omNode-1@group-523986131536->omNode-3-GrpcLogAppender: Leader has not got in touch with Follower omNode-1@group-523986131536->omNode-3(c-1,m0,n146, attendVote=true, lastRpcSendTime=6, lastRpcResponseTime=1742) yet, just keep nextIndex unchanged and retry.
2022-05-11 01:29:51,407 [ForkJoinPool.commonPool-worker-1] WARN  grpc.GrpcUtil (GrpcUtil.java:shutdownManagedChannel(216)) - Timed out gracefully shutting down connection: ManagedChannelOrphanWrapper{delegate=ManagedChannelImpl{logId=257, target=localhost:36649}}. 
2022-05-11 01:29:51,417 [grpc-default-executor-3] INFO  server.GrpcLogAppender (GrpcLogAppender.java:onError(335)) - omNode-3@group-523986131536->omNode-2-GrpcLogAppender is stopped
2022-05-11 01:29:51,418 [grpc-default-executor-1] WARN  server.GrpcServerProtocolService (LogUtils.java:warn(122)) - omNode-2: installSnapshot onError, lastRequest: omNode-3->omNode-2#1-t5,previous=(t:4, i:58),leaderCommit=58,initializing? true,entries: size=1, first=(t:5, i:59), CONFIGURATIONENTRY: org.apache.ratis.thirdparty.io.grpc.StatusRuntimeException: CANCELLED: client cancelled
2022-05-11 01:29:51,421 [Listener at localhost/38653] INFO  server.GrpcService (GrpcService.java:closeImpl(271)) - omNode-3: shutdown server with port 40799 successfully
2022-05-11 01:29:51,421 [org.apache.ratis.util.JvmPauseMonitor$$Lambda$637/1274334510@7858257] INFO  util.JvmPauseMonitor (JvmPauseMonitor.java:run(109)) - JvmPauseMonitor-omNode-3: Stopped
2022-05-11 01:29:51,421 [Listener at localhost/38653] INFO  ratis.OzoneManagerStateMachine (OzoneManagerStateMachine.java:close(490)) - StateMachine has shutdown. Shutdown OzoneManager if not already shutdown.
2022-05-11 01:29:51,422 [Listener at localhost/38653] INFO  ratis.OzoneManagerDoubleBuffer (OzoneManagerDoubleBuffer.java:stop(477)) - OMDoubleBuffer flush thread is not running.
2022-05-11 01:29:51,422 [Listener at localhost/38653] INFO  handler.ContextHandler (ContextHandler.java:doStop(1153)) - Stopped o.e.j.w.WebAppContext@51d5a186{ozoneManager,/,null,STOPPED}{file:/home/runner/work/ozone/ozone/hadoop-ozone/integration-test/target/test-classes/webapps/ozoneManager}
2022-05-11 01:29:51,427 [Listener at localhost/38653] INFO  server.AbstractConnector (AbstractConnector.java:doStop(381)) - Stopped ServerConnector@6dba7326{HTTP/1.1, (http/1.1)}{0.0.0.0:45829}
2022-05-11 01:29:51,427 [Listener at localhost/38653] INFO  server.session (HouseKeeper.java:stopScavenging(149)) - node0 Stopped scavenging
2022-05-11 01:29:51,427 [Listener at localhost/38653] INFO  handler.ContextHandler (ContextHandler.java:doStop(1153)) - Stopped o.e.j.s.ServletContextHandler@7d793aa0{static,/static,file:///home/runner/work/ozone/ozone/hadoop-ozone/integration-test/target/test-classes/webapps/static,STOPPED}
2022-05-11 01:29:51,428 [Listener at localhost/38653] INFO  handler.ContextHandler (ContextHandler.java:doStop(1153)) - Stopped o.e.j.s.ServletContextHandler@69e6c6bc{logs,/logs,file:///home/runner/work/ozone/ozone/hadoop-ozone/integration-test/target/log,STOPPED}
2022-05-11 01:29:51,447 [Listener at localhost/38653] INFO  om.OzoneManager (OzoneManager.java:restart(1487)) - OzoneManager RPC server is listening at localhost/127.0.0.1:43241
2022-05-11 01:29:51,447 [Listener at localhost/38653] INFO  impl.MetricsSystemImpl (MetricsSystemImpl.java:init(158)) - OzoneManager metrics system started (again)
2022-05-11 01:29:51,470 [Listener at localhost/38653] WARN  server.ServerUtils (ServerUtils.java:getDBPath(225)) - ozone.om.db.dirs is not configured. We recommend adding this setting. Falling back to ozone.metadata.dirs instead.
2022-05-11 01:29:51,479 [Listener at localhost/38653] INFO  codec.OmKeyInfoCodec (OmKeyInfoCodec.java:<init>(49)) - OmKeyInfoCodec ignorePipeline = true
2022-05-11 01:29:51,479 [Listener at localhost/38653] INFO  codec.RepeatedOmKeyInfoCodec (RepeatedOmKeyInfoCodec.java:<init>(41)) - RepeatedOmKeyInfoCodec ignorePipeline = true
2022-05-11 01:29:51,536 [pool-320-thread-1] INFO  om.OzoneManager (OzoneManager.java:startTrashEmptier(1835)) - Trash Interval set to 0. Files deleted won't move to trash
2022-05-11 01:29:51,537 [pool-320-thread-1] INFO  ratis.OzoneManagerStateMachine (OzoneManagerStateMachine.java:unpause(401)) - OzoneManagerStateMachine is un-pausing
2022-05-11 01:29:51,540 [pool-320-thread-1] INFO  om.OzoneManager (OzoneManager.java:installCheckpoint(3345)) - Reloaded OM state with Term: 5 and Index: 143. Spend 198 ms
2022-05-11 01:29:51,540 [pool-320-thread-1] INFO  om.OzoneManager (OzoneManager.java:getRpcServer(1027)) - Creating RPC Server
2022-05-11 01:29:51,648 [Listener at localhost/38653] WARN  impl.MetricRegistriesImpl (MetricRegistriesImpl.java:addReporterRegistration(111)) - New reporters are added after registries were created. Some metrics will be missing from the reporter. Please add reporter before adding any new registry.
2022-05-11 01:29:51,648 [Listener at localhost/38653] WARN  impl.MetricRegistriesImpl (MetricRegistriesImpl.java:addReporterRegistration(111)) - New reporters are added after registries were created. Some metrics will be missing from the reporter. Please add reporter before adding any new registry.
2022-05-11 01:29:51,648 [Listener at localhost/38653] WARN  server.ServerUtils (ServerUtils.java:getDefaultRatisDirectory(237)) - Storage directory for Ratis is not configured. It is a good idea to map this to an SSD disk. Falling back to ozone.metadata.dirs
2022-05-11 01:29:51,649 [Listener at localhost/38653] INFO  ratis.OzoneManagerRatisServer (OzoneManagerRatisServer.java:<init>(159)) - Instantiating OM Ratis server with groupID: om-service-test1 and peers: localhost:40799, localhost:37959, localhost:36649
2022-05-11 01:29:51,650 [Listener at localhost/38653] INFO  ratis.OzoneManagerStateMachine (OzoneManagerStateMachine.java:loadSnapshotInfoFromDB(627)) - LastAppliedIndex is set from TransactionInfo from OM DB as (t:5, i:144)
2022-05-11 01:29:51,659 [Listener at localhost/38653] INFO  server.RaftServer (ConfUtils.java:logGet(44)) - raft.rpc.type = GRPC (default)
2022-05-11 01:29:51,659 [Listener at localhost/38653] INFO  grpc.GrpcFactory (GrpcFactory.java:checkPooledByteBufAllocatorUseCacheForAllThreads(48)) - PERFORMANCE WARNING: useCacheForAllThreads is true that may cause Netty to create a lot garbage objects and, as a result, trigger GC.
	It is recommended to disable useCacheForAllThreads by setting -Dorg.apache.ratis.thirdparty.io.netty.allocator.useCacheForAllThreads=false in command line.
2022-05-11 01:29:51,659 [Listener at localhost/38653] INFO  grpc.GrpcConfigKeys (ConfUtils.java:logGet(44)) - raft.grpc.admin.port = -1 (default)
2022-05-11 01:29:51,659 [Listener at localhost/38653] INFO  grpc.GrpcConfigKeys (ConfUtils.java:logGet(44)) - raft.grpc.server.port = 40799 (custom)
2022-05-11 01:29:51,660 [Listener at localhost/38653] INFO  grpc.GrpcConfigKeys (ConfUtils.java:logGet(44)) - raft.grpc.client.port = -1 (default)
2022-05-11 01:29:51,660 [Listener at localhost/38653] INFO  grpc.GrpcConfigKeys (ConfUtils.java:logGet(44)) - raft.grpc.server.port = 40799 (custom)
2022-05-11 01:29:51,660 [Listener at localhost/38653] INFO  grpc.GrpcConfigKeys (ConfUtils.java:logGet(44)) - raft.grpc.server.port = 40799 (custom)
2022-05-11 01:29:51,660 [Listener at localhost/38653] INFO  server.GrpcService (ConfUtils.java:logGet(44)) - raft.grpc.message.size.max = 33554432 (custom)
2022-05-11 01:29:51,660 [Listener at localhost/38653] INFO  server.RaftServerConfigKeys (ConfUtils.java:logGet(44)) - raft.server.log.appender.buffer.byte-limit = 33554432 (custom)
2022-05-11 01:29:51,660 [Listener at localhost/38653] INFO  server.GrpcService (ConfUtils.java:logGet(44)) - raft.grpc.flow.control.window = 1MB (=1048576) (default)
2022-05-11 01:29:51,661 [Listener at localhost/38653] INFO  server.RaftServerConfigKeys (ConfUtils.java:logGet(44)) - raft.server.rpc.request.timeout = 3000ms (default)
2022-05-11 01:29:51,662 [Listener at localhost/38653] INFO  impl.DataStreamServerImpl (ConfUtils.java:logGet(44)) - raft.datastream.type = DISABLED (default)
2022-05-11 01:29:51,663 [Listener at localhost/38653] INFO  server.RaftServerConfigKeys (ConfUtils.java:logGet(44)) - raft.server.rpc.slowness.timeout = 2s (custom)
2022-05-11 01:29:51,663 [Listener at localhost/38653] INFO  server.RaftServerConfigKeys (ConfUtils.java:logGet(44)) - raft.server.leaderelection.leader.step-down.wait-time = 10s (default)
2022-05-11 01:29:51,663 [Listener at localhost/38653] INFO  server.RaftServerConfigKeys (ConfUtils.java:logGet(44)) - raft.server.storage.dir = [/home/runner/work/ozone/ozone/hadoop-ozone/integration-test/target/test-dir/MiniOzoneClusterImpl-ae28b10a-1883-433e-acb0-7438b5479a4c/omNode-3/ratis] (custom)
2022-05-11 01:29:51,669 [Listener at localhost/38653] INFO  server.RaftServer (RaftServerProxy.java:lambda$null$1(235)) - omNode-3: found a subdirectory /home/runner/work/ozone/ozone/hadoop-ozone/integration-test/target/test-dir/MiniOzoneClusterImpl-ae28b10a-1883-433e-acb0-7438b5479a4c/omNode-3/ratis/c9bc4cf4-3bc3-3c60-a66b-523986131536
2022-05-11 01:29:51,679 [Listener at localhost/38653] INFO  server.RaftServer (RaftServerProxy.java:addNew(95)) - omNode-3: addNew group-523986131536:[omNode-3|rpc:localhost:40799|priority:0, omNode-1|rpc:localhost:37959|priority:0, omNode-2|rpc:localhost:36649|priority:0] returns group-523986131536:java.util.concurrent.CompletableFuture@13b46900[Not completed]
2022-05-11 01:29:51,679 [Listener at localhost/38653] INFO  om.OzoneManager (OzoneManager.java:initializeRatisServer(1891)) - OzoneManager Ratis server initialized at port 40799
2022-05-11 01:29:51,679 [Listener at localhost/38653] INFO  ratis.OzoneManagerRatisServer (OzoneManagerRatisServer.java:start(554)) - Starting OzoneManagerRatisServer omNode-3 at port 40799
2022-05-11 01:29:51,680 [pool-396-thread-1] INFO  server.RaftServer$Division (RaftServerImpl.java:<init>(184)) - omNode-3: new RaftServerImpl for group-523986131536:[omNode-3|rpc:localhost:40799|priority:0, omNode-1|rpc:localhost:37959|priority:0, omNode-2|rpc:localhost:36649|priority:0] with OzoneManagerStateMachine:uninitialized
2022-05-11 01:29:51,691 [pool-396-thread-1] INFO  server.RaftServerConfigKeys (ConfUtils.java:logGet(44)) - raft.server.rpc.timeout.min = 1s (custom)
2022-05-11 01:29:51,691 [pool-396-thread-1] INFO  server.RaftServerConfigKeys (ConfUtils.java:logGet(44)) - raft.server.rpc.timeout.max = 1200ms (custom)
2022-05-11 01:29:51,691 [pool-396-thread-1] INFO  server.RaftServerConfigKeys (ConfUtils.java:logGet(44)) - raft.server.rpc.sleep.time = 25ms (default)
2022-05-11 01:29:51,691 [pool-396-thread-1] INFO  server.RaftServerConfigKeys (ConfUtils.java:logGet(44)) - raft.server.rpc.slowness.timeout = 2s (custom)
2022-05-11 01:29:51,691 [pool-396-thread-1] INFO  server.RaftServerConfigKeys (ConfUtils.java:logGet(44)) - raft.server.leaderelection.leader.step-down.wait-time = 10s (default)
2022-05-11 01:29:51,691 [pool-396-thread-1] INFO  server.RaftServerConfigKeys (ConfUtils.java:logGet(44)) - raft.server.sleep.deviation.threshold = 300ms (default)
2022-05-11 01:29:51,691 [pool-396-thread-1] INFO  server.RaftServerConfigKeys (ConfUtils.java:logGet(44)) - raft.server.log.appender.install.snapshot.enabled = false (custom)
2022-05-11 01:29:51,691 [pool-396-thread-1] INFO  server.RaftServer$Division (ServerState.java:<init>(105)) - omNode-3@group-523986131536: ConfigurationManager, init=-1: [omNode-3|rpc:localhost:40799|priority:0, omNode-1|rpc:localhost:37959|priority:0, omNode-2|rpc:localhost:36649|priority:0], old=null, confs=<EMPTY_MAP>
2022-05-11 01:29:51,691 [pool-396-thread-1] INFO  server.RaftServerConfigKeys (ConfUtils.java:logGet(44)) - raft.server.storage.dir = [/home/runner/work/ozone/ozone/hadoop-ozone/integration-test/target/test-dir/MiniOzoneClusterImpl-ae28b10a-1883-433e-acb0-7438b5479a4c/omNode-3/ratis] (custom)
2022-05-11 01:29:51,692 [pool-396-thread-1] INFO  server.RaftServerConfigKeys (ConfUtils.java:logGet(44)) - raft.server.log.corruption.policy = EXCEPTION (default)
2022-05-11 01:29:51,699 [pool-396-thread-1] INFO  server.RaftServerConfigKeys (ConfUtils.java:logGet(44)) - raft.server.storage.free-space.min = 0MB (=0) (default)
2022-05-11 01:29:51,700 [pool-396-thread-1] INFO  storage.RaftStorageDirectory (RaftStorageDirectoryImpl.java:tryLock(230)) - Lock on /home/runner/work/ozone/ozone/hadoop-ozone/integration-test/target/test-dir/MiniOzoneClusterImpl-ae28b10a-1883-433e-acb0-7438b5479a4c/omNode-3/ratis/c9bc4cf4-3bc3-3c60-a66b-523986131536/in_use.lock acquired by nodename 4883@fv-az291-847
2022-05-11 01:29:51,700 [pool-396-thread-1] INFO  storage.RaftStorage (RaftStorageImpl.java:analyzeAndRecoverStorage(110)) - Read RaftStorageMetadata{term=5, votedFor=omNode-3} from /home/runner/work/ozone/ozone/hadoop-ozone/integration-test/target/test-dir/MiniOzoneClusterImpl-ae28b10a-1883-433e-acb0-7438b5479a4c/omNode-3/ratis/c9bc4cf4-3bc3-3c60-a66b-523986131536/current/raft-meta
2022-05-11 01:29:51,701 [pool-396-thread-1] INFO  server.RaftServer$Division (ServerState.java:setRaftConf(387)) - omNode-3@group-523986131536: set configuration 59: [omNode-3|rpc:localhost:40799|admin:|client:|dataStream:|priority:0, omNode-1|rpc:localhost:37959|admin:|client:|dataStream:|priority:0, omNode-2|rpc:localhost:36649|admin:|client:|dataStream:|priority:0], old=null
2022-05-11 01:29:51,701 [pool-396-thread-1] INFO  server.RaftServerConfigKeys (ConfUtils.java:logGet(44)) - raft.server.notification.no-leader.timeout = 2s (custom)
2022-05-11 01:29:51,701 [pool-396-thread-1] INFO  server.RaftServerConfigKeys (ConfUtils.java:logGet(44)) - raft.server.log.use.memory = false (default)
2022-05-11 01:29:51,702 [pool-396-thread-1] INFO  server.RaftServerConfigKeys (ConfUtils.java:logGet(44)) - raft.server.log.purge.gap = 50 (custom)
2022-05-11 01:29:51,702 [pool-396-thread-1] INFO  server.RaftServerConfigKeys (ConfUtils.java:logGet(44)) - raft.server.log.appender.buffer.byte-limit = 33554432 (custom)
2022-05-11 01:29:51,702 [pool-396-thread-1] INFO  server.RaftServerConfigKeys (ConfUtils.java:logGet(44)) - raft.server.log.segment.size.max = 4194304 (custom)
2022-05-11 01:29:51,703 [pool-396-thread-1] INFO  server.RaftServerConfigKeys (ConfUtils.java:logGet(44)) - raft.server.log.segment.cache.num.max = 2 (custom)
2022-05-11 01:29:51,703 [pool-396-thread-1] INFO  server.RaftServerConfigKeys (ConfUtils.java:logGet(44)) - raft.server.log.segment.cache.size.max = 200MB (=209715200) (default)
2022-05-11 01:29:51,703 [pool-396-thread-1] INFO  segmented.SegmentedRaftLogWorker (SegmentedRaftLogWorker.java:<init>(182)) - new omNode-3@group-523986131536-SegmentedRaftLogWorker for RaftStorageImpl:Storage Directory /home/runner/work/ozone/ozone/hadoop-ozone/integration-test/target/test-dir/MiniOzoneClusterImpl-ae28b10a-1883-433e-acb0-7438b5479a4c/omNode-3/ratis/c9bc4cf4-3bc3-3c60-a66b-523986131536
2022-05-11 01:29:51,703 [pool-396-thread-1] INFO  server.RaftServerConfigKeys (ConfUtils.java:logGet(44)) - raft.server.log.queue.byte-limit = 64MB (=67108864) (default)
2022-05-11 01:29:51,703 [pool-396-thread-1] INFO  server.RaftServerConfigKeys (ConfUtils.java:logGet(44)) - raft.server.log.queue.element-limit = 4096 (default)
2022-05-11 01:29:51,703 [pool-396-thread-1] INFO  server.RaftServerConfigKeys (ConfUtils.java:logGet(44)) - raft.server.log.segment.size.max = 4194304 (custom)
2022-05-11 01:29:51,703 [pool-396-thread-1] INFO  server.RaftServerConfigKeys (ConfUtils.java:logGet(44)) - raft.server.log.preallocated.size = 4194304 (custom)
2022-05-11 01:29:51,703 [pool-396-thread-1] INFO  server.RaftServerConfigKeys (ConfUtils.java:logGet(44)) - raft.server.log.force.sync.num = 128 (default)
2022-05-11 01:29:51,704 [pool-396-thread-1] INFO  server.RaftServerConfigKeys (ConfUtils.java:logGet(44)) - raft.server.log.statemachine.data.sync = true (default)
2022-05-11 01:29:51,704 [pool-396-thread-1] INFO  server.RaftServerConfigKeys (ConfUtils.java:logGet(44)) - raft.server.log.statemachine.data.sync.timeout = 10s (default)
2022-05-11 01:29:51,705 [pool-396-thread-1] INFO  server.RaftServerConfigKeys (ConfUtils.java:logGet(44)) - raft.server.log.statemachine.data.sync.timeout.retry = -1 (default)
2022-05-11 01:29:51,712 [pool-396-thread-1] INFO  server.RaftServerConfigKeys (ConfUtils.java:logGet(44)) - raft.server.log.write.buffer.size = 64KB (=65536) (default)
2022-05-11 01:29:51,712 [pool-396-thread-1] INFO  server.RaftServerConfigKeys (ConfUtils.java:logGet(44)) - raft.server.log.statemachine.data.caching.enabled = false (default)
2022-05-11 01:29:51,713 [pool-396-thread-1] INFO  server.RaftServer$Division (ServerState.java:setRaftConf(387)) - omNode-3@group-523986131536: set configuration 59: [omNode-3|rpc:localhost:40799|admin:|client:|dataStream:|priority:0, omNode-1|rpc:localhost:37959|admin:|client:|dataStream:|priority:0, omNode-2|rpc:localhost:36649|admin:|client:|dataStream:|priority:0], old=null
2022-05-11 01:29:51,721 [pool-396-thread-1] INFO  segmented.LogSegment (LogSegment.java:loadSegment(173)) - Successfully read 86 entries from segment file /home/runner/work/ozone/ozone/hadoop-ozone/integration-test/target/test-dir/MiniOzoneClusterImpl-ae28b10a-1883-433e-acb0-7438b5479a4c/omNode-3/ratis/c9bc4cf4-3bc3-3c60-a66b-523986131536/current/log_inprogress_59
2022-05-11 01:29:51,721 [pool-396-thread-1] INFO  segmented.SegmentedRaftLogWorker (SegmentedRaftLogWorker.java:lambda$new$0(133)) - omNode-3@group-523986131536-SegmentedRaftLogWorker: flushIndex: setUnconditionally 0 -> 144
2022-05-11 01:29:51,721 [pool-396-thread-1] INFO  segmented.SegmentedRaftLogWorker (SegmentedRaftLogWorker.java:lambda$new$0(133)) - omNode-3@group-523986131536-SegmentedRaftLogWorker: safeCacheEvictIndex: setUnconditionally 0 -> -1
2022-05-11 01:29:51,726 [pool-396-thread-1] INFO  raftlog.RaftLog (RaftLogBase.java:lambda$new$0(53)) - omNode-3@group-523986131536-SegmentedRaftLog: commitIndex: updateToMax old=144, new=143, updated? false
2022-05-11 01:29:51,727 [pool-396-thread-1] INFO  raftlog.RaftLog (RaftLogBase.java:lambda$new$0(53)) - omNode-3@group-523986131536-SegmentedRaftLog: purgeIndex: updateIncreasingly -1 -> 58
2022-05-11 01:29:51,727 [pool-396-thread-1] INFO  server.RaftServerConfigKeys (ConfUtils.java:logGet(44)) - raft.server.snapshot.auto.trigger.enabled = true (custom)
2022-05-11 01:29:51,727 [pool-396-thread-1] INFO  server.RaftServerConfigKeys (ConfUtils.java:logGet(44)) - raft.server.snapshot.auto.trigger.threshold = 50 (custom)
2022-05-11 01:29:51,727 [pool-396-thread-1] INFO  server.RaftServerConfigKeys (ConfUtils.java:logGet(44)) - raft.server.snapshot.retention.file.num = -1 (default)
2022-05-11 01:29:51,727 [pool-396-thread-1] INFO  server.RaftServerConfigKeys (ConfUtils.java:logGet(44)) - raft.server.log.purge.upto.snapshot.index = true (custom)
2022-05-11 01:29:51,727 [pool-396-thread-1] INFO  server.RaftServerConfigKeys (ConfUtils.java:logGet(44)) - raft.server.retrycache.expirytime = 30000ms (custom)
2022-05-11 01:29:51,727 [pool-396-thread-1] INFO  server.RaftServerConfigKeys (ConfUtils.java:logGet(44)) - raft.server.retrycache.statistics.expirytime = 100μs (default)
2022-05-11 01:29:51,735 [Listener at localhost/38653] INFO  server.RaftServer$Division (RaftServerImpl.java:start(301)) - omNode-3@group-523986131536: start as a follower, conf=59: [omNode-3|rpc:localhost:40799|admin:|client:|dataStream:|priority:0, omNode-1|rpc:localhost:37959|admin:|client:|dataStream:|priority:0, omNode-2|rpc:localhost:36649|admin:|client:|dataStream:|priority:0], old=null
2022-05-11 01:29:51,735 [Listener at localhost/38653] INFO  server.RaftServer$Division (RaftServerImpl.java:setRole(290)) - omNode-3@group-523986131536: changes role from      null to FOLLOWER at term 5 for startAsFollower
2022-05-11 01:29:51,736 [Listener at localhost/38653] INFO  impl.RoleInfo (RoleInfo.java:updateAndGet(130)) - omNode-3: start omNode-3@group-523986131536-FollowerState
2022-05-11 01:29:51,741 [Listener at localhost/38653] INFO  util.JmxRegister (JmxRegister.java:tryRegister(44)) - Successfully registered JMX Bean with object name Ratis:service=RaftServer,group=group-523986131536,id=omNode-3
2022-05-11 01:29:51,751 [Listener at localhost/38653] INFO  server.RaftServer (RaftServerProxy.java:lambda$start$5(374)) - omNode-3: start RPC server
2022-05-11 01:29:51,751 [Listener at localhost/38653] INFO  server.GrpcService (GrpcService.java:startImpl(253)) - omNode-3: GrpcService started, listening on 40799
2022-05-11 01:29:51,759 [Listener at localhost/38653] INFO  om.OzoneManager (OzoneManager.java:getRpcServer(1027)) - Creating RPC Server
2022-05-11 01:29:51,760 [org.apache.ratis.util.JvmPauseMonitor$$Lambda$637/1274334510@18548b0a] INFO  util.JvmPauseMonitor (JvmPauseMonitor.java:run(103)) - JvmPauseMonitor-omNode-3: Started
2022-05-11 01:29:51,893 [grpc-default-executor-2] INFO  server.RaftServer$Division (RaftServerImpl.java:installSnapshotImpl(1462)) - omNode-2@group-523986131536: set new configuration index: 145
configurationEntry {
  peers {
    id: "omNode-3"
    address: "localhost:40799"
  }
  peers {
    id: "omNode-1"
    address: "localhost:37959"
  }
  peers {
    id: "omNode-2"
    address: "localhost:36649"
  }
}
 from snapshot
2022-05-11 01:29:51,893 [grpc-default-executor-2] INFO  server.RaftServer$Division (ServerState.java:setRaftConf(387)) - omNode-2@group-523986131536: set configuration 145: [omNode-3|rpc:localhost:40799|admin:|client:|dataStream:|priority:0, omNode-1|rpc:localhost:37959|admin:|client:|dataStream:|priority:0, omNode-2|rpc:localhost:36649|admin:|client:|dataStream:|priority:0], old=null
2022-05-11 01:29:51,894 [grpc-default-executor-2] INFO  ratis.OzoneManagerStateMachine (OzoneManagerStateMachine.java:notifyConfigurationChanged(191)) - Received Configuration change notification from Ratis. New Peer list:
[id: "omNode-3"
address: "localhost:40799"
, id: "omNode-1"
address: "localhost:37959"
, id: "omNode-2"
address: "localhost:36649"
]
2022-05-11 01:29:51,894 [grpc-default-executor-2] INFO  server.RaftServer$Division (RaftServerImpl.java:installSnapshot(1343)) - omNode-2@group-523986131536: reply installSnapshot: omNode-1<-omNode-2#0:FAIL-t7,IN_PROGRESS
2022-05-11 01:29:51,894 [grpc-default-executor-2] INFO  server.GrpcServerProtocolService (GrpcServerProtocolService.java:onCompleted(140)) - omNode-2: Completed INSTALL_SNAPSHOT, lastRequest: omNode-1->omNode-2#0-t7,notify:(t:5, i:59)
2022-05-11 01:29:51,895 [grpc-default-executor-1] INFO  server.GrpcLogAppender (GrpcLogAppender.java:onNext(410)) - omNode-1@group-523986131536->omNode-2-InstallSnapshotResponseHandler: received a reply omNode-1<-omNode-2#0:FAIL-t7,IN_PROGRESS
2022-05-11 01:29:51,896 [grpc-default-executor-1] INFO  server.GrpcLogAppender (GrpcLogAppender.java:onNext(428)) - omNode-1@group-523986131536->omNode-2-InstallSnapshotResponseHandler: InstallSnapshot in progress.
2022-05-11 01:29:51,896 [omNode-1@group-523986131536->omNode-2-GrpcLogAppender-LogAppenderDaemon] INFO  server.GrpcLogAppender (GrpcLogAppender.java:installSnapshot(550)) - omNode-1@group-523986131536->omNode-2-GrpcLogAppender: followerNextIndex = 57 but logStartIndex = 59, notify follower to install snapshot-(t:5, i:59)
2022-05-11 01:29:51,896 [omNode-1@group-523986131536->omNode-2-GrpcLogAppender-LogAppenderDaemon] INFO  server.GrpcLogAppender (GrpcLogAppender.java:installSnapshot(558)) - omNode-1@group-523986131536->omNode-2-GrpcLogAppender: send omNode-1->omNode-2#0-t7,notify:(t:5, i:59)
2022-05-11 01:29:51,896 [grpc-default-executor-1] INFO  server.RaftServer$Division (RaftServerImpl.java:checkInconsistentAppendEntries(1296)) - omNode-2@group-523986131536: Failed appendEntries as snapshot (59) installation is in progress
2022-05-11 01:29:51,897 [grpc-default-executor-1] INFO  server.RaftServer$Division (RaftServerImpl.java:checkInconsistentAppendEntries(1288)) - omNode-2@group-523986131536: inconsistency entries. Reply:omNode-1<-omNode-2#2:FAIL-t7,INCONSISTENCY,nextIndex=144,followerCommit=56
2022-05-11 01:29:51,898 [grpc-default-executor-2] INFO  server.RaftServer$Division (RaftServerImpl.java:installSnapshot(1332)) - omNode-2@group-523986131536: receive installSnapshot: omNode-1->omNode-2#0-t7,notify:(t:5, i:59)
2022-05-11 01:29:51,898 [grpc-default-executor-2] INFO  server.RaftServer$Division (RaftServerImpl.java:installSnapshotImpl(1462)) - omNode-2@group-523986131536: set new configuration index: 145
configurationEntry {
  peers {
    id: "omNode-3"
    address: "localhost:40799"
  }
  peers {
    id: "omNode-1"
    address: "localhost:37959"
  }
  peers {
    id: "omNode-2"
    address: "localhost:36649"
  }
}
 from snapshot
2022-05-11 01:29:51,898 [grpc-default-executor-2] INFO  server.RaftServer$Division (ServerState.java:setRaftConf(387)) - omNode-2@group-523986131536: set configuration 145: [omNode-3|rpc:localhost:40799|admin:|client:|dataStream:|priority:0, omNode-1|rpc:localhost:37959|admin:|client:|dataStream:|priority:0, omNode-2|rpc:localhost:36649|admin:|client:|dataStream:|priority:0], old=null
2022-05-11 01:29:51,899 [grpc-default-executor-2] INFO  ratis.OzoneManagerStateMachine (OzoneManagerStateMachine.java:notifyConfigurationChanged(191)) - Received Configuration change notification from Ratis. New Peer list:
[id: "omNode-3"
address: "localhost:40799"
, id: "omNode-1"
address: "localhost:37959"
, id: "omNode-2"
address: "localhost:36649"
]
2022-05-11 01:29:51,899 [grpc-default-executor-3] INFO  leader.FollowerInfo (FollowerInfoImpl.java:lambda$new$0(47)) - omNode-1@group-523986131536->omNode-2: nextIndex: updateUnconditionally 57 -> 144
2022-05-11 01:29:51,899 [grpc-default-executor-2] INFO  server.RaftServer$Division (RaftServerImpl.java:installSnapshot(1343)) - omNode-2@group-523986131536: reply installSnapshot: omNode-1<-omNode-2#0:FAIL-t7,IN_PROGRESS
2022-05-11 01:29:51,899 [grpc-default-executor-3] INFO  server.GrpcLogAppender (GrpcLogAppender.java:onNext(410)) - omNode-1@group-523986131536->omNode-2-InstallSnapshotResponseHandler: received a reply omNode-1<-omNode-2#0:FAIL-t7,IN_PROGRESS
2022-05-11 01:29:51,899 [grpc-default-executor-3] INFO  server.GrpcLogAppender (GrpcLogAppender.java:onNext(428)) - omNode-1@group-523986131536->omNode-2-InstallSnapshotResponseHandler: InstallSnapshot in progress.
2022-05-11 01:29:51,900 [grpc-default-executor-2] INFO  server.GrpcServerProtocolService (GrpcServerProtocolService.java:onCompleted(140)) - omNode-2: Completed INSTALL_SNAPSHOT, lastRequest: omNode-1->omNode-2#0-t7,notify:(t:5, i:59)
2022-05-11 01:29:51,900 [grpc-default-executor-3] WARN  server.GrpcLogAppender (LogUtils.java:warn(122)) - omNode-1@group-523986131536->omNode-3-AppendLogResponseHandler: Failed appendEntries: org.apache.ratis.thirdparty.io.grpc.StatusRuntimeException: UNAVAILABLE: io exception
2022-05-11 01:29:51,901 [grpc-default-executor-3] WARN  server.GrpcLogAppender (GrpcLogAppender.java:resetClient(110)) - omNode-1@group-523986131536->omNode-3-GrpcLogAppender: Leader has not got in touch with Follower omNode-1@group-523986131536->omNode-3(c-1,m0,n146, attendVote=true, lastRpcSendTime=0, lastRpcResponseTime=2244) yet, just keep nextIndex unchanged and retry.
2022-05-11 01:29:51,903 [grpc-default-executor-1] INFO  server.RaftServer$Division (RaftServerImpl.java:checkInconsistentAppendEntries(1296)) - omNode-2@group-523986131536: Failed appendEntries as snapshot (59) installation is in progress
2022-05-11 01:29:51,903 [grpc-default-executor-1] INFO  server.RaftServer$Division (RaftServerImpl.java:checkInconsistentAppendEntries(1288)) - omNode-2@group-523986131536: inconsistency entries. Reply:omNode-1<-omNode-2#3:FAIL-t7,INCONSISTENCY,nextIndex=144,followerCommit=56
2022-05-11 01:29:51,903 [grpc-default-executor-1] INFO  server.RaftServer$Division (RaftServerImpl.java:checkInconsistentAppendEntries(1296)) - omNode-2@group-523986131536: Failed appendEntries as snapshot (59) installation is in progress
2022-05-11 01:29:51,904 [grpc-default-executor-1] INFO  server.RaftServer$Division (RaftServerImpl.java:checkInconsistentAppendEntries(1288)) - omNode-2@group-523986131536: inconsistency entries. Reply:omNode-1<-omNode-2#4:FAIL-t7,INCONSISTENCY,nextIndex=144,followerCommit=56
2022-05-11 01:29:51,904 [grpc-default-executor-3] INFO  leader.FollowerInfo (FollowerInfoImpl.java:lambda$new$0(47)) - omNode-1@group-523986131536->omNode-2: nextIndex: updateUnconditionally 146 -> 144
2022-05-11 01:29:51,904 [grpc-default-executor-3] INFO  leader.FollowerInfo (FollowerInfoImpl.java:lambda$new$0(47)) - omNode-1@group-523986131536->omNode-2: nextIndex: updateUnconditionally 146 -> 144
2022-05-11 01:29:51,905 [grpc-default-executor-1] INFO  server.RaftServer$Division (RaftServerImpl.java:checkInconsistentAppendEntries(1296)) - omNode-2@group-523986131536: Failed appendEntries as snapshot (59) installation is in progress
2022-05-11 01:29:51,905 [grpc-default-executor-1] INFO  server.RaftServer$Division (RaftServerImpl.java:checkInconsistentAppendEntries(1288)) - omNode-2@group-523986131536: inconsistency entries. Reply:omNode-1<-omNode-2#5:FAIL-t7,INCONSISTENCY,nextIndex=144,followerCommit=56
2022-05-11 01:29:51,905 [grpc-default-executor-1] INFO  leader.FollowerInfo (FollowerInfoImpl.java:lambda$new$0(47)) - omNode-1@group-523986131536->omNode-2: nextIndex: updateUnconditionally 146 -> 144
2022-05-11 01:29:51,906 [grpc-default-executor-2] INFO  server.RaftServer$Division (RaftServerImpl.java:checkInconsistentAppendEntries(1296)) - omNode-2@group-523986131536: Failed appendEntries as snapshot (59) installation is in progress
2022-05-11 01:29:51,906 [grpc-default-executor-2] INFO  server.RaftServer$Division (RaftServerImpl.java:checkInconsistentAppendEntries(1288)) - omNode-2@group-523986131536: inconsistency entries. Reply:omNode-1<-omNode-2#6:FAIL-t7,INCONSISTENCY,nextIndex=144,followerCommit=56
2022-05-11 01:29:51,906 [grpc-default-executor-1] INFO  leader.FollowerInfo (FollowerInfoImpl.java:lambda$new$0(47)) - omNode-1@group-523986131536->omNode-2: nextIndex: updateUnconditionally 146 -> 144
2022-05-11 01:29:51,907 [grpc-default-executor-2] INFO  server.RaftServer$Division (RaftServerImpl.java:checkInconsistentAppendEntries(1296)) - omNode-2@group-523986131536: Failed appendEntries as snapshot (59) installation is in progress
2022-05-11 01:29:51,907 [grpc-default-executor-2] INFO  server.RaftServer$Division (RaftServerImpl.java:checkInconsistentAppendEntries(1288)) - omNode-2@group-523986131536: inconsistency entries. Reply:omNode-1<-omNode-2#7:FAIL-t7,INCONSISTENCY,nextIndex=144,followerCommit=56
2022-05-11 01:29:51,907 [grpc-default-executor-1] INFO  leader.FollowerInfo (FollowerInfoImpl.java:lambda$new$0(47)) - omNode-1@group-523986131536->omNode-2: nextIndex: updateUnconditionally 146 -> 144
2022-05-11 01:29:51,907 [grpc-default-executor-2] INFO  server.RaftServer$Division (RaftServerImpl.java:checkInconsistentAppendEntries(1296)) - omNode-2@group-523986131536: Failed appendEntries as snapshot (59) installation is in progress
2022-05-11 01:29:51,908 [grpc-default-executor-2] INFO  server.RaftServer$Division (RaftServerImpl.java:checkInconsistentAppendEntries(1288)) - omNode-2@group-523986131536: inconsistency entries. Reply:omNode-1<-omNode-2#8:FAIL-t7,INCONSISTENCY,nextIndex=144,followerCommit=56
2022-05-11 01:29:51,908 [grpc-default-executor-1] INFO  leader.FollowerInfo (FollowerInfoImpl.java:lambda$new$0(47)) - omNode-1@group-523986131536->omNode-2: nextIndex: updateUnconditionally 146 -> 144
2022-05-11 01:29:51,908 [grpc-default-executor-2] INFO  server.RaftServer$Division (RaftServerImpl.java:checkInconsistentAppendEntries(1296)) - omNode-2@group-523986131536: Failed appendEntries as snapshot (59) installation is in progress
2022-05-11 01:29:51,908 [grpc-default-executor-2] INFO  server.RaftServer$Division (RaftServerImpl.java:checkInconsistentAppendEntries(1288)) - omNode-2@group-523986131536: inconsistency entries. Reply:omNode-1<-omNode-2#9:FAIL-t7,INCONSISTENCY,nextIndex=144,followerCommit=56
2022-05-11 01:29:51,909 [grpc-default-executor-1] INFO  leader.FollowerInfo (FollowerInfoImpl.java:lambda$new$0(47)) - omNode-1@group-523986131536->omNode-2: nextIndex: updateUnconditionally 146 -> 144
2022-05-11 01:29:51,909 [grpc-default-executor-2] INFO  server.RaftServer$Division (RaftServerImpl.java:checkInconsistentAppendEntries(1296)) - omNode-2@group-523986131536: Failed appendEntries as snapshot (59) installation is in progress
2022-05-11 01:29:51,909 [grpc-default-executor-2] INFO  server.RaftServer$Division (RaftServerImpl.java:checkInconsistentAppendEntries(1288)) - omNode-2@group-523986131536: inconsistency entries. Reply:omNode-1<-omNode-2#10:FAIL-t7,INCONSISTENCY,nextIndex=144,followerCommit=56
2022-05-11 01:29:51,910 [grpc-default-executor-1] INFO  leader.FollowerInfo (FollowerInfoImpl.java:lambda$new$0(47)) - omNode-1@group-523986131536->omNode-2: nextIndex: updateUnconditionally 146 -> 144
2022-05-11 01:29:51,910 [grpc-default-executor-2] INFO  server.RaftServer$Division (RaftServerImpl.java:checkInconsistentAppendEntries(1296)) - omNode-2@group-523986131536: Failed appendEntries as snapshot (59) installation is in progress
2022-05-11 01:29:51,910 [grpc-default-executor-2] INFO  server.RaftServer$Division (RaftServerImpl.java:checkInconsistentAppendEntries(1288)) - omNode-2@group-523986131536: inconsistency entries. Reply:omNode-1<-omNode-2#11:FAIL-t7,INCONSISTENCY,nextIndex=144,followerCommit=56
2022-05-11 01:29:51,911 [grpc-default-executor-1] INFO  leader.FollowerInfo (FollowerInfoImpl.java:lambda$new$0(47)) - omNode-1@group-523986131536->omNode-2: nextIndex: updateUnconditionally 146 -> 144
2022-05-11 01:29:51,911 [grpc-default-executor-2] INFO  server.RaftServer$Division (RaftServerImpl.java:checkInconsistentAppendEntries(1296)) - omNode-2@group-523986131536: Failed appendEntries as snapshot (59) installation is in progress
2022-05-11 01:29:51,911 [grpc-default-executor-2] INFO  server.RaftServer$Division (RaftServerImpl.java:checkInconsistentAppendEntries(1288)) - omNode-2@group-523986131536: inconsistency entries. Reply:omNode-1<-omNode-2#12:FAIL-t7,INCONSISTENCY,nextIndex=144,followerCommit=56
2022-05-11 01:29:51,915 [grpc-default-executor-1] INFO  leader.FollowerInfo (FollowerInfoImpl.java:lambda$new$0(47)) - omNode-1@group-523986131536->omNode-2: nextIndex: updateUnconditionally 146 -> 144
2022-05-11 01:29:51,919 [grpc-default-executor-2] INFO  server.RaftServer$Division (RaftServerImpl.java:checkInconsistentAppendEntries(1296)) - omNode-2@group-523986131536: Failed appendEntries as snapshot (59) installation is in progress
2022-05-11 01:29:51,919 [grpc-default-executor-2] INFO  server.RaftServer$Division (RaftServerImpl.java:checkInconsistentAppendEntries(1288)) - omNode-2@group-523986131536: inconsistency entries. Reply:omNode-1<-omNode-2#13:FAIL-t7,INCONSISTENCY,nextIndex=144,followerCommit=56
2022-05-11 01:29:51,919 [grpc-default-executor-1] INFO  leader.FollowerInfo (FollowerInfoImpl.java:lambda$new$0(47)) - omNode-1@group-523986131536->omNode-2: nextIndex: updateUnconditionally 146 -> 144
2022-05-11 01:29:51,920 [grpc-default-executor-2] INFO  server.RaftServer$Division (RaftServerImpl.java:checkInconsistentAppendEntries(1296)) - omNode-2@group-523986131536: Failed appendEntries as snapshot (59) installation is in progress
2022-05-11 01:29:51,920 [grpc-default-executor-2] INFO  server.RaftServer$Division (RaftServerImpl.java:checkInconsistentAppendEntries(1288)) - omNode-2@group-523986131536: inconsistency entries. Reply:omNode-1<-omNode-2#14:FAIL-t7,INCONSISTENCY,nextIndex=144,followerCommit=56
2022-05-11 01:29:51,920 [grpc-default-executor-1] INFO  leader.FollowerInfo (FollowerInfoImpl.java:lambda$new$0(47)) - omNode-1@group-523986131536->omNode-2: nextIndex: updateUnconditionally 146 -> 144
2022-05-11 01:29:51,921 [grpc-default-executor-2] INFO  server.RaftServer$Division (RaftServerImpl.java:checkInconsistentAppendEntries(1296)) - omNode-2@group-523986131536: Failed appendEntries as snapshot (59) installation is in progress
2022-05-11 01:29:51,921 [grpc-default-executor-2] INFO  server.RaftServer$Division (RaftServerImpl.java:checkInconsistentAppendEntries(1288)) - omNode-2@group-523986131536: inconsistency entries. Reply:omNode-1<-omNode-2#15:FAIL-t7,INCONSISTENCY,nextIndex=144,followerCommit=56
2022-05-11 01:29:51,921 [grpc-default-executor-1] INFO  leader.FollowerInfo (FollowerInfoImpl.java:lambda$new$0(47)) - omNode-1@group-523986131536->omNode-2: nextIndex: updateUnconditionally 146 -> 144
2022-05-11 01:29:51,922 [grpc-default-executor-2] INFO  server.RaftServer$Division (RaftServerImpl.java:checkInconsistentAppendEntries(1296)) - omNode-2@group-523986131536: Failed appendEntries as snapshot (59) installation is in progress
2022-05-11 01:29:51,922 [grpc-default-executor-2] INFO  server.RaftServer$Division (RaftServerImpl.java:checkInconsistentAppendEntries(1288)) - omNode-2@group-523986131536: inconsistency entries. Reply:omNode-1<-omNode-2#16:FAIL-t7,INCONSISTENCY,nextIndex=144,followerCommit=56
2022-05-11 01:29:51,922 [grpc-default-executor-1] INFO  leader.FollowerInfo (FollowerInfoImpl.java:lambda$new$0(47)) - omNode-1@group-523986131536->omNode-2: nextIndex: updateUnconditionally 146 -> 144
2022-05-11 01:29:51,923 [grpc-default-executor-2] INFO  server.RaftServer$Division (RaftServerImpl.java:checkInconsistentAppendEntries(1296)) - omNode-2@group-523986131536: Failed appendEntries as snapshot (59) installation is in progress
2022-05-11 01:29:51,923 [grpc-default-executor-2] INFO  server.RaftServer$Division (RaftServerImpl.java:checkInconsistentAppendEntries(1288)) - omNode-2@group-523986131536: inconsistency entries. Reply:omNode-1<-omNode-2#17:FAIL-t7,INCONSISTENCY,nextIndex=144,followerCommit=56
2022-05-11 01:29:51,923 [grpc-default-executor-1] INFO  leader.FollowerInfo (FollowerInfoImpl.java:lambda$new$0(47)) - omNode-1@group-523986131536->omNode-2: nextIndex: updateUnconditionally 146 -> 144
2022-05-11 01:29:51,924 [grpc-default-executor-2] INFO  server.RaftServer$Division (RaftServerImpl.java:checkInconsistentAppendEntries(1296)) - omNode-2@group-523986131536: Failed appendEntries as snapshot (59) installation is in progress
2022-05-11 01:29:51,924 [grpc-default-executor-2] INFO  server.RaftServer$Division (RaftServerImpl.java:checkInconsistentAppendEntries(1288)) - omNode-2@group-523986131536: inconsistency entries. Reply:omNode-1<-omNode-2#18:FAIL-t7,INCONSISTENCY,nextIndex=144,followerCommit=56
2022-05-11 01:29:51,931 [grpc-default-executor-1] INFO  leader.FollowerInfo (FollowerInfoImpl.java:lambda$new$0(47)) - omNode-1@group-523986131536->omNode-2: nextIndex: updateUnconditionally 146 -> 144
2022-05-11 01:29:51,931 [grpc-default-executor-2] INFO  server.RaftServer$Division (RaftServerImpl.java:checkInconsistentAppendEntries(1296)) - omNode-2@group-523986131536: Failed appendEntries as snapshot (59) installation is in progress
2022-05-11 01:29:51,931 [grpc-default-executor-2] INFO  server.RaftServer$Division (RaftServerImpl.java:checkInconsistentAppendEntries(1288)) - omNode-2@group-523986131536: inconsistency entries. Reply:omNode-1<-omNode-2#19:FAIL-t7,INCONSISTENCY,nextIndex=144,followerCommit=56
2022-05-11 01:29:51,932 [grpc-default-executor-1] INFO  leader.FollowerInfo (FollowerInfoImpl.java:lambda$new$0(47)) - omNode-1@group-523986131536->omNode-2: nextIndex: updateUnconditionally 146 -> 144
2022-05-11 01:29:51,932 [grpc-default-executor-2] INFO  server.RaftServer$Division (RaftServerImpl.java:checkInconsistentAppendEntries(1296)) - omNode-2@group-523986131536: Failed appendEntries as snapshot (59) installation is in progress
2022-05-11 01:29:51,933 [grpc-default-executor-2] INFO  server.RaftServer$Division (RaftServerImpl.java:checkInconsistentAppendEntries(1288)) - omNode-2@group-523986131536: inconsistency entries. Reply:omNode-1<-omNode-2#20:FAIL-t7,INCONSISTENCY,nextIndex=144,followerCommit=56
2022-05-11 01:29:51,933 [grpc-default-executor-1] INFO  leader.FollowerInfo (FollowerInfoImpl.java:lambda$new$0(47)) - omNode-1@group-523986131536->omNode-2: nextIndex: updateUnconditionally 146 -> 144
2022-05-11 01:29:51,933 [grpc-default-executor-2] INFO  server.RaftServer$Division (RaftServerImpl.java:checkInconsistentAppendEntries(1296)) - omNode-2@group-523986131536: Failed appendEntries as snapshot (59) installation is in progress
2022-05-11 01:29:51,934 [grpc-default-executor-2] INFO  server.RaftServer$Division (RaftServerImpl.java:checkInconsistentAppendEntries(1288)) - omNode-2@group-523986131536: inconsistency entries. Reply:omNode-1<-omNode-2#21:FAIL-t7,INCONSISTENCY,nextIndex=144,followerCommit=56
2022-05-11 01:29:51,934 [grpc-default-executor-1] INFO  leader.FollowerInfo (FollowerInfoImpl.java:lambda$new$0(47)) - omNode-1@group-523986131536->omNode-2: nextIndex: updateUnconditionally 146 -> 144
2022-05-11 01:29:51,939 [grpc-default-executor-2] INFO  server.RaftServer$Division (RaftServerImpl.java:checkInconsistentAppendEntries(1296)) - omNode-2@group-523986131536: Failed appendEntries as snapshot (59) installation is in progress
2022-05-11 01:29:51,939 [grpc-default-executor-2] INFO  server.RaftServer$Division (RaftServerImpl.java:checkInconsistentAppendEntries(1288)) - omNode-2@group-523986131536: inconsistency entries. Reply:omNode-1<-omNode-2#22:FAIL-t7,INCONSISTENCY,nextIndex=144,followerCommit=56
2022-05-11 01:29:51,939 [grpc-default-executor-1] INFO  leader.FollowerInfo (FollowerInfoImpl.java:lambda$new$0(47)) - omNode-1@group-523986131536->omNode-2: nextIndex: updateUnconditionally 146 -> 144
2022-05-11 01:29:51,940 [grpc-default-executor-2] INFO  server.RaftServer$Division (RaftServerImpl.java:checkInconsistentAppendEntries(1296)) - omNode-2@group-523986131536: Failed appendEntries as snapshot (59) installation is in progress
2022-05-11 01:29:51,940 [grpc-default-executor-2] INFO  server.RaftServer$Division (RaftServerImpl.java:checkInconsistentAppendEntries(1288)) - omNode-2@group-523986131536: inconsistency entries. Reply:omNode-1<-omNode-2#23:FAIL-t7,INCONSISTENCY,nextIndex=144,followerCommit=56
2022-05-11 01:29:51,941 [grpc-default-executor-1] INFO  leader.FollowerInfo (FollowerInfoImpl.java:lambda$new$0(47)) - omNode-1@group-523986131536->omNode-2: nextIndex: updateUnconditionally 146 -> 144
2022-05-11 01:29:51,945 [grpc-default-executor-2] INFO  server.RaftServer$Division (RaftServerImpl.java:checkInconsistentAppendEntries(1296)) - omNode-2@group-523986131536: Failed appendEntries as snapshot (59) installation is in progress
2022-05-11 01:29:51,945 [grpc-default-executor-2] INFO  server.RaftServer$Division (RaftServerImpl.java:checkInconsistentAppendEntries(1288)) - omNode-2@group-523986131536: inconsistency entries. Reply:omNode-1<-omNode-2#24:FAIL-t7,INCONSISTENCY,nextIndex=144,followerCommit=56
2022-05-11 01:29:51,946 [grpc-default-executor-1] INFO  leader.FollowerInfo (FollowerInfoImpl.java:lambda$new$0(47)) - omNode-1@group-523986131536->omNode-2: nextIndex: updateUnconditionally 146 -> 144
2022-05-11 01:29:51,946 [grpc-default-executor-2] INFO  server.RaftServer$Division (RaftServerImpl.java:checkInconsistentAppendEntries(1296)) - omNode-2@group-523986131536: Failed appendEntries as snapshot (59) installation is in progress
2022-05-11 01:29:51,946 [grpc-default-executor-2] INFO  server.RaftServer$Division (RaftServerImpl.java:checkInconsistentAppendEntries(1288)) - omNode-2@group-523986131536: inconsistency entries. Reply:omNode-1<-omNode-2#25:FAIL-t7,INCONSISTENCY,nextIndex=144,followerCommit=56
2022-05-11 01:29:51,947 [grpc-default-executor-1] INFO  leader.FollowerInfo (FollowerInfoImpl.java:lambda$new$0(47)) - omNode-1@group-523986131536->omNode-2: nextIndex: updateUnconditionally 146 -> 144
2022-05-11 01:29:51,947 [grpc-default-executor-2] INFO  server.RaftServer$Division (RaftServerImpl.java:checkInconsistentAppendEntries(1296)) - omNode-2@group-523986131536: Failed appendEntries as snapshot (59) installation is in progress
2022-05-11 01:29:51,947 [grpc-default-executor-2] INFO  server.RaftServer$Division (RaftServerImpl.java:checkInconsistentAppendEntries(1288)) - omNode-2@group-523986131536: inconsistency entries. Reply:omNode-1<-omNode-2#26:FAIL-t7,INCONSISTENCY,nextIndex=144,followerCommit=56
2022-05-11 01:29:51,948 [grpc-default-executor-1] INFO  leader.FollowerInfo (FollowerInfoImpl.java:lambda$new$0(47)) - omNode-1@group-523986131536->omNode-2: nextIndex: updateUnconditionally 146 -> 144
2022-05-11 01:29:51,948 [grpc-default-executor-2] INFO  server.RaftServer$Division (RaftServerImpl.java:checkInconsistentAppendEntries(1296)) - omNode-2@group-523986131536: Failed appendEntries as snapshot (59) installation is in progress
2022-05-11 01:29:51,948 [grpc-default-executor-2] INFO  server.RaftServer$Division (RaftServerImpl.java:checkInconsistentAppendEntries(1288)) - omNode-2@group-523986131536: inconsistency entries. Reply:omNode-1<-omNode-2#27:FAIL-t7,INCONSISTENCY,nextIndex=144,followerCommit=56
2022-05-11 01:29:51,949 [grpc-default-executor-1] INFO  leader.FollowerInfo (FollowerInfoImpl.java:lambda$new$0(47)) - omNode-1@group-523986131536->omNode-2: nextIndex: updateUnconditionally 146 -> 144
2022-05-11 01:29:51,950 [grpc-default-executor-2] INFO  server.RaftServer$Division (RaftServerImpl.java:checkInconsistentAppendEntries(1296)) - omNode-2@group-523986131536: Failed appendEntries as snapshot (59) installation is in progress
2022-05-11 01:29:51,950 [grpc-default-executor-2] INFO  server.RaftServer$Division (RaftServerImpl.java:checkInconsistentAppendEntries(1288)) - omNode-2@group-523986131536: inconsistency entries. Reply:omNode-1<-omNode-2#28:FAIL-t7,INCONSISTENCY,nextIndex=144,followerCommit=56
2022-05-11 01:29:51,950 [grpc-default-executor-1] INFO  leader.FollowerInfo (FollowerInfoImpl.java:lambda$new$0(47)) - omNode-1@group-523986131536->omNode-2: nextIndex: updateUnconditionally 146 -> 144
2022-05-11 01:29:51,951 [grpc-default-executor-2] INFO  server.RaftServer$Division (RaftServerImpl.java:checkInconsistentAppendEntries(1296)) - omNode-2@group-523986131536: Failed appendEntries as snapshot (59) installation is in progress
2022-05-11 01:29:51,952 [grpc-default-executor-2] INFO  server.RaftServer$Division (RaftServerImpl.java:checkInconsistentAppendEntries(1288)) - omNode-2@group-523986131536: inconsistency entries. Reply:omNode-1<-omNode-2#29:FAIL-t7,INCONSISTENCY,nextIndex=144,followerCommit=56
2022-05-11 01:29:51,952 [grpc-default-executor-1] INFO  leader.FollowerInfo (FollowerInfoImpl.java:lambda$new$0(47)) - omNode-1@group-523986131536->omNode-2: nextIndex: updateUnconditionally 146 -> 144
2022-05-11 01:29:51,953 [grpc-default-executor-2] INFO  server.RaftServer$Division (RaftServerImpl.java:checkInconsistentAppendEntries(1296)) - omNode-2@group-523986131536: Failed appendEntries as snapshot (59) installation is in progress
2022-05-11 01:29:51,953 [grpc-default-executor-2] INFO  server.RaftServer$Division (RaftServerImpl.java:checkInconsistentAppendEntries(1288)) - omNode-2@group-523986131536: inconsistency entries. Reply:omNode-1<-omNode-2#30:FAIL-t7,INCONSISTENCY,nextIndex=144,followerCommit=56
2022-05-11 01:29:51,953 [grpc-default-executor-1] INFO  leader.FollowerInfo (FollowerInfoImpl.java:lambda$new$0(47)) - omNode-1@group-523986131536->omNode-2: nextIndex: updateUnconditionally 146 -> 144
2022-05-11 01:29:51,954 [grpc-default-executor-2] INFO  server.RaftServer$Division (RaftServerImpl.java:checkInconsistentAppendEntries(1296)) - omNode-2@group-523986131536: Failed appendEntries as snapshot (59) installation is in progress
2022-05-11 01:29:51,954 [grpc-default-executor-2] INFO  server.RaftServer$Division (RaftServerImpl.java:checkInconsistentAppendEntries(1288)) - omNode-2@group-523986131536: inconsistency entries. Reply:omNode-1<-omNode-2#31:FAIL-t7,INCONSISTENCY,nextIndex=144,followerCommit=56
2022-05-11 01:29:51,954 [grpc-default-executor-1] INFO  leader.FollowerInfo (FollowerInfoImpl.java:lambda$new$0(47)) - omNode-1@group-523986131536->omNode-2: nextIndex: updateUnconditionally 146 -> 144
2022-05-11 01:29:51,958 [grpc-default-executor-2] INFO  server.RaftServer$Division (RaftServerImpl.java:checkInconsistentAppendEntries(1296)) - omNode-2@group-523986131536: Failed appendEntries as snapshot (59) installation is in progress
2022-05-11 01:29:51,958 [grpc-default-executor-2] INFO  server.RaftServer$Division (RaftServerImpl.java:checkInconsistentAppendEntries(1288)) - omNode-2@group-523986131536: inconsistency entries. Reply:omNode-1<-omNode-2#32:FAIL-t7,INCONSISTENCY,nextIndex=144,followerCommit=56
2022-05-11 01:29:51,958 [grpc-default-executor-1] INFO  leader.FollowerInfo (FollowerInfoImpl.java:lambda$new$0(47)) - omNode-1@group-523986131536->omNode-2: nextIndex: updateUnconditionally 146 -> 144
2022-05-11 01:29:51,959 [grpc-default-executor-2] INFO  server.RaftServer$Division (RaftServerImpl.java:checkInconsistentAppendEntries(1296)) - omNode-2@group-523986131536: Failed appendEntries as snapshot (59) installation is in progress
2022-05-11 01:29:51,959 [grpc-default-executor-2] INFO  server.RaftServer$Division (RaftServerImpl.java:checkInconsistentAppendEntries(1288)) - omNode-2@group-523986131536: inconsistency entries. Reply:omNode-1<-omNode-2#33:FAIL-t7,INCONSISTENCY,nextIndex=144,followerCommit=56
2022-05-11 01:29:51,959 [grpc-default-executor-1] INFO  leader.FollowerInfo (FollowerInfoImpl.java:lambda$new$0(47)) - omNode-1@group-523986131536->omNode-2: nextIndex: updateUnconditionally 146 -> 144
2022-05-11 01:29:51,967 [grpc-default-executor-2] INFO  server.RaftServer$Division (RaftServerImpl.java:checkInconsistentAppendEntries(1296)) - omNode-2@group-523986131536: Failed appendEntries as snapshot (59) installation is in progress
2022-05-11 01:29:51,967 [grpc-default-executor-2] INFO  server.RaftServer$Division (RaftServerImpl.java:checkInconsistentAppendEntries(1288)) - omNode-2@group-523986131536: inconsistency entries. Reply:omNode-1<-omNode-2#34:FAIL-t7,INCONSISTENCY,nextIndex=144,followerCommit=56
2022-05-11 01:29:51,967 [grpc-default-executor-1] INFO  leader.FollowerInfo (FollowerInfoImpl.java:lambda$new$0(47)) - omNode-1@group-523986131536->omNode-2: nextIndex: updateUnconditionally 146 -> 144
2022-05-11 01:29:51,975 [grpc-default-executor-2] INFO  server.RaftServer$Division (RaftServerImpl.java:checkInconsistentAppendEntries(1296)) - omNode-2@group-523986131536: Failed appendEntries as snapshot (59) installation is in progress
2022-05-11 01:29:51,975 [grpc-default-executor-2] INFO  server.RaftServer$Division (RaftServerImpl.java:checkInconsistentAppendEntries(1288)) - omNode-2@group-523986131536: inconsistency entries. Reply:omNode-1<-omNode-2#35:FAIL-t7,INCONSISTENCY,nextIndex=144,followerCommit=56
2022-05-11 01:29:51,975 [grpc-default-executor-1] INFO  leader.FollowerInfo (FollowerInfoImpl.java:lambda$new$0(47)) - omNode-1@group-523986131536->omNode-2: nextIndex: updateUnconditionally 146 -> 144
2022-05-11 01:29:51,976 [grpc-default-executor-2] INFO  server.RaftServer$Division (RaftServerImpl.java:checkInconsistentAppendEntries(1296)) - omNode-2@group-523986131536: Failed appendEntries as snapshot (59) installation is in progress
2022-05-11 01:29:51,976 [grpc-default-executor-2] INFO  server.RaftServer$Division (RaftServerImpl.java:checkInconsistentAppendEntries(1288)) - omNode-2@group-523986131536: inconsistency entries. Reply:omNode-1<-omNode-2#36:FAIL-t7,INCONSISTENCY,nextIndex=144,followerCommit=56
2022-05-11 01:29:51,976 [grpc-default-executor-1] INFO  leader.FollowerInfo (FollowerInfoImpl.java:lambda$new$0(47)) - omNode-1@group-523986131536->omNode-2: nextIndex: updateUnconditionally 146 -> 144
2022-05-11 01:29:51,977 [grpc-default-executor-2] INFO  server.RaftServer$Division (RaftServerImpl.java:checkInconsistentAppendEntries(1296)) - omNode-2@group-523986131536: Failed appendEntries as snapshot (59) installation is in progress
2022-05-11 01:29:51,977 [grpc-default-executor-2] INFO  server.RaftServer$Division (RaftServerImpl.java:checkInconsistentAppendEntries(1288)) - omNode-2@group-523986131536: inconsistency entries. Reply:omNode-1<-omNode-2#37:FAIL-t7,INCONSISTENCY,nextIndex=144,followerCommit=56
2022-05-11 01:29:51,977 [grpc-default-executor-1] INFO  leader.FollowerInfo (FollowerInfoImpl.java:lambda$new$0(47)) - omNode-1@group-523986131536->omNode-2: nextIndex: updateUnconditionally 146 -> 144
2022-05-11 01:29:51,978 [grpc-default-executor-2] INFO  server.RaftServer$Division (RaftServerImpl.java:checkInconsistentAppendEntries(1296)) - omNode-2@group-523986131536: Failed appendEntries as snapshot (59) installation is in progress
2022-05-11 01:29:51,978 [grpc-default-executor-2] INFO  server.RaftServer$Division (RaftServerImpl.java:checkInconsistentAppendEntries(1288)) - omNode-2@group-523986131536: inconsistency entries. Reply:omNode-1<-omNode-2#38:FAIL-t7,INCONSISTENCY,nextIndex=144,followerCommit=56
2022-05-11 01:29:51,978 [grpc-default-executor-1] INFO  leader.FollowerInfo (FollowerInfoImpl.java:lambda$new$0(47)) - omNode-1@group-523986131536->omNode-2: nextIndex: updateUnconditionally 146 -> 144
2022-05-11 01:29:51,979 [grpc-default-executor-2] INFO  server.RaftServer$Division (RaftServerImpl.java:checkInconsistentAppendEntries(1296)) - omNode-2@group-523986131536: Failed appendEntries as snapshot (59) installation is in progress
2022-05-11 01:29:51,979 [grpc-default-executor-2] INFO  server.RaftServer$Division (RaftServerImpl.java:checkInconsistentAppendEntries(1288)) - omNode-2@group-523986131536: inconsistency entries. Reply:omNode-1<-omNode-2#39:FAIL-t7,INCONSISTENCY,nextIndex=144,followerCommit=56
2022-05-11 01:29:51,979 [grpc-default-executor-1] INFO  leader.FollowerInfo (FollowerInfoImpl.java:lambda$new$0(47)) - omNode-1@group-523986131536->omNode-2: nextIndex: updateUnconditionally 146 -> 144
2022-05-11 01:29:51,987 [grpc-default-executor-2] INFO  server.RaftServer$Division (RaftServerImpl.java:checkInconsistentAppendEntries(1296)) - omNode-2@group-523986131536: Failed appendEntries as snapshot (59) installation is in progress
2022-05-11 01:29:51,987 [grpc-default-executor-2] INFO  server.RaftServer$Division (RaftServerImpl.java:checkInconsistentAppendEntries(1288)) - omNode-2@group-523986131536: inconsistency entries. Reply:omNode-1<-omNode-2#40:FAIL-t7,INCONSISTENCY,nextIndex=144,followerCommit=56
2022-05-11 01:29:51,987 [grpc-default-executor-1] INFO  leader.FollowerInfo (FollowerInfoImpl.java:lambda$new$0(47)) - omNode-1@group-523986131536->omNode-2: nextIndex: updateUnconditionally 146 -> 144
2022-05-11 01:29:51,988 [grpc-default-executor-2] INFO  server.RaftServer$Division (RaftServerImpl.java:checkInconsistentAppendEntries(1296)) - omNode-2@group-523986131536: Failed appendEntries as snapshot (59) installation is in progress
2022-05-11 01:29:51,988 [grpc-default-executor-2] INFO  server.RaftServer$Division (RaftServerImpl.java:checkInconsistentAppendEntries(1288)) - omNode-2@group-523986131536: inconsistency entries. Reply:omNode-1<-omNode-2#41:FAIL-t7,INCONSISTENCY,nextIndex=144,followerCommit=56
2022-05-11 01:29:51,988 [grpc-default-executor-1] INFO  leader.FollowerInfo (FollowerInfoImpl.java:lambda$new$0(47)) - omNode-1@group-523986131536->omNode-2: nextIndex: updateUnconditionally 146 -> 144
2022-05-11 01:29:51,989 [grpc-default-executor-2] INFO  server.RaftServer$Division (RaftServerImpl.java:checkInconsistentAppendEntries(1296)) - omNode-2@group-523986131536: Failed appendEntries as snapshot (59) installation is in progress
2022-05-11 01:29:51,989 [grpc-default-executor-2] INFO  server.RaftServer$Division (RaftServerImpl.java:checkInconsistentAppendEntries(1288)) - omNode-2@group-523986131536: inconsistency entries. Reply:omNode-1<-omNode-2#42:FAIL-t7,INCONSISTENCY,nextIndex=144,followerCommit=56
2022-05-11 01:29:51,989 [grpc-default-executor-1] INFO  leader.FollowerInfo (FollowerInfoImpl.java:lambda$new$0(47)) - omNode-1@group-523986131536->omNode-2: nextIndex: updateUnconditionally 146 -> 144
2022-05-11 01:29:51,990 [grpc-default-executor-2] INFO  server.RaftServer$Division (RaftServerImpl.java:checkInconsistentAppendEntries(1296)) - omNode-2@group-523986131536: Failed appendEntries as snapshot (59) installation is in progress
2022-05-11 01:29:51,990 [grpc-default-executor-2] INFO  server.RaftServer$Division (RaftServerImpl.java:checkInconsistentAppendEntries(1288)) - omNode-2@group-523986131536: inconsistency entries. Reply:omNode-1<-omNode-2#43:FAIL-t7,INCONSISTENCY,nextIndex=144,followerCommit=56
2022-05-11 01:29:51,990 [grpc-default-executor-1] INFO  leader.FollowerInfo (FollowerInfoImpl.java:lambda$new$0(47)) - omNode-1@group-523986131536->omNode-2: nextIndex: updateUnconditionally 146 -> 144
2022-05-11 01:29:51,991 [grpc-default-executor-2] INFO  server.RaftServer$Division (RaftServerImpl.java:checkInconsistentAppendEntries(1296)) - omNode-2@group-523986131536: Failed appendEntries as snapshot (59) installation is in progress
2022-05-11 01:29:51,991 [grpc-default-executor-2] INFO  server.RaftServer$Division (RaftServerImpl.java:checkInconsistentAppendEntries(1288)) - omNode-2@group-523986131536: inconsistency entries. Reply:omNode-1<-omNode-2#44:FAIL-t7,INCONSISTENCY,nextIndex=144,followerCommit=56
2022-05-11 01:29:51,992 [grpc-default-executor-1] INFO  leader.FollowerInfo (FollowerInfoImpl.java:lambda$new$0(47)) - omNode-1@group-523986131536->omNode-2: nextIndex: updateUnconditionally 146 -> 144
2022-05-11 01:29:51,992 [grpc-default-executor-2] INFO  server.RaftServer$Division (RaftServerImpl.java:checkInconsistentAppendEntries(1296)) - omNode-2@group-523986131536: Failed appendEntries as snapshot (59) installation is in progress
2022-05-11 01:29:51,992 [grpc-default-executor-2] INFO  server.RaftServer$Division (RaftServerImpl.java:checkInconsistentAppendEntries(1288)) - omNode-2@group-523986131536: inconsistency entries. Reply:omNode-1<-omNode-2#45:FAIL-t7,INCONSISTENCY,nextIndex=144,followerCommit=56
2022-05-11 01:29:51,993 [grpc-default-executor-1] INFO  leader.FollowerInfo (FollowerInfoImpl.java:lambda$new$0(47)) - omNode-1@group-523986131536->omNode-2: nextIndex: updateUnconditionally 146 -> 144
2022-05-11 01:29:51,993 [grpc-default-executor-2] INFO  server.RaftServer$Division (RaftServerImpl.java:checkInconsistentAppendEntries(1296)) - omNode-2@group-523986131536: Failed appendEntries as snapshot (59) installation is in progress
2022-05-11 01:29:51,993 [grpc-default-executor-2] INFO  server.RaftServer$Division (RaftServerImpl.java:checkInconsistentAppendEntries(1288)) - omNode-2@group-523986131536: inconsistency entries. Reply:omNode-1<-omNode-2#46:FAIL-t7,INCONSISTENCY,nextIndex=144,followerCommit=56
2022-05-11 01:29:51,994 [grpc-default-executor-1] INFO  leader.FollowerInfo (FollowerInfoImpl.java:lambda$new$0(47)) - omNode-1@group-523986131536->omNode-2: nextIndex: updateUnconditionally 146 -> 144
2022-05-11 01:29:51,999 [grpc-default-executor-2] INFO  server.RaftServer$Division (RaftServerImpl.java:checkInconsistentAppendEntries(1296)) - omNode-2@group-523986131536: Failed appendEntries as snapshot (59) installation is in progress
2022-05-11 01:29:51,999 [grpc-default-executor-2] INFO  server.RaftServer$Division (RaftServerImpl.java:checkInconsistentAppendEntries(1288)) - omNode-2@group-523986131536: inconsistency entries. Reply:omNode-1<-omNode-2#47:FAIL-t7,INCONSISTENCY,nextIndex=144,followerCommit=56
2022-05-11 01:29:51,999 [grpc-default-executor-1] INFO  leader.FollowerInfo (FollowerInfoImpl.java:lambda$new$0(47)) - omNode-1@group-523986131536->omNode-2: nextIndex: updateUnconditionally 146 -> 144
2022-05-11 01:29:52,000 [grpc-default-executor-2] INFO  server.RaftServer$Division (RaftServerImpl.java:checkInconsistentAppendEntries(1296)) - omNode-2@group-523986131536: Failed appendEntries as snapshot (59) installation is in progress
2022-05-11 01:29:52,000 [grpc-default-executor-2] INFO  server.RaftServer$Division (RaftServerImpl.java:checkInconsistentAppendEntries(1288)) - omNode-2@group-523986131536: inconsistency entries. Reply:omNode-1<-omNode-2#48:FAIL-t7,INCONSISTENCY,nextIndex=144,followerCommit=56
2022-05-11 01:29:52,000 [grpc-default-executor-1] INFO  leader.FollowerInfo (FollowerInfoImpl.java:lambda$new$0(47)) - omNode-1@group-523986131536->omNode-2: nextIndex: updateUnconditionally 146 -> 144
2022-05-11 01:29:52,001 [grpc-default-executor-2] INFO  server.RaftServer$Division (RaftServerImpl.java:checkInconsistentAppendEntries(1296)) - omNode-2@group-523986131536: Failed appendEntries as snapshot (59) installation is in progress
2022-05-11 01:29:52,001 [grpc-default-executor-2] INFO  server.RaftServer$Division (RaftServerImpl.java:checkInconsistentAppendEntries(1288)) - omNode-2@group-523986131536: inconsistency entries. Reply:omNode-1<-omNode-2#49:FAIL-t7,INCONSISTENCY,nextIndex=144,followerCommit=56
2022-05-11 01:29:52,001 [grpc-default-executor-1] INFO  leader.FollowerInfo (FollowerInfoImpl.java:lambda$new$0(47)) - omNode-1@group-523986131536->omNode-2: nextIndex: updateUnconditionally 146 -> 144
2022-05-11 01:29:52,002 [grpc-default-executor-2] INFO  server.RaftServer$Division (RaftServerImpl.java:checkInconsistentAppendEntries(1296)) - omNode-2@group-523986131536: Failed appendEntries as snapshot (59) installation is in progress
2022-05-11 01:29:52,002 [grpc-default-executor-2] INFO  server.RaftServer$Division (RaftServerImpl.java:checkInconsistentAppendEntries(1288)) - omNode-2@group-523986131536: inconsistency entries. Reply:omNode-1<-omNode-2#50:FAIL-t7,INCONSISTENCY,nextIndex=144,followerCommit=56
2022-05-11 01:29:52,003 [grpc-default-executor-1] INFO  leader.FollowerInfo (FollowerInfoImpl.java:lambda$new$0(47)) - omNode-1@group-523986131536->omNode-2: nextIndex: updateUnconditionally 146 -> 144
2022-05-11 01:29:52,003 [grpc-default-executor-2] INFO  server.RaftServer$Division (RaftServerImpl.java:checkInconsistentAppendEntries(1296)) - omNode-2@group-523986131536: Failed appendEntries as snapshot (59) installation is in progress
2022-05-11 01:29:52,003 [grpc-default-executor-2] INFO  server.RaftServer$Division (RaftServerImpl.java:checkInconsistentAppendEntries(1288)) - omNode-2@group-523986131536: inconsistency entries. Reply:omNode-1<-omNode-2#51:FAIL-t7,INCONSISTENCY,nextIndex=144,followerCommit=56
2022-05-11 01:29:52,004 [grpc-default-executor-1] INFO  leader.FollowerInfo (FollowerInfoImpl.java:lambda$new$0(47)) - omNode-1@group-523986131536->omNode-2: nextIndex: updateUnconditionally 146 -> 144
2022-05-11 01:29:52,011 [grpc-default-executor-2] INFO  server.RaftServer$Division (RaftServerImpl.java:checkInconsistentAppendEntries(1296)) - omNode-2@group-523986131536: Failed appendEntries as snapshot (59) installation is in progress
2022-05-11 01:29:52,011 [grpc-default-executor-2] INFO  server.RaftServer$Division (RaftServerImpl.java:checkInconsistentAppendEntries(1288)) - omNode-2@group-523986131536: inconsistency entries. Reply:omNode-1<-omNode-2#52:FAIL-t7,INCONSISTENCY,nextIndex=144,followerCommit=56
2022-05-11 01:29:52,011 [grpc-default-executor-1] INFO  leader.FollowerInfo (FollowerInfoImpl.java:lambda$new$0(47)) - omNode-1@group-523986131536->omNode-2: nextIndex: updateUnconditionally 146 -> 144
2022-05-11 01:29:52,012 [grpc-default-executor-2] INFO  server.RaftServer$Division (RaftServerImpl.java:checkInconsistentAppendEntries(1296)) - omNode-2@group-523986131536: Failed appendEntries as snapshot (59) installation is in progress
2022-05-11 01:29:52,012 [grpc-default-executor-2] INFO  server.RaftServer$Division (RaftServerImpl.java:checkInconsistentAppendEntries(1288)) - omNode-2@group-523986131536: inconsistency entries. Reply:omNode-1<-omNode-2#53:FAIL-t7,INCONSISTENCY,nextIndex=144,followerCommit=56
2022-05-11 01:29:52,012 [grpc-default-executor-1] INFO  leader.FollowerInfo (FollowerInfoImpl.java:lambda$new$0(47)) - omNode-1@group-523986131536->omNode-2: nextIndex: updateUnconditionally 146 -> 144
2022-05-11 01:29:52,013 [grpc-default-executor-2] INFO  server.RaftServer$Division (RaftServerImpl.java:checkInconsistentAppendEntries(1296)) - omNode-2@group-523986131536: Failed appendEntries as snapshot (59) installation is in progress
2022-05-11 01:29:52,013 [grpc-default-executor-2] INFO  server.RaftServer$Division (RaftServerImpl.java:checkInconsistentAppendEntries(1288)) - omNode-2@group-523986131536: inconsistency entries. Reply:omNode-1<-omNode-2#54:FAIL-t7,INCONSISTENCY,nextIndex=144,followerCommit=56
2022-05-11 01:29:52,013 [grpc-default-executor-1] INFO  leader.FollowerInfo (FollowerInfoImpl.java:lambda$new$0(47)) - omNode-1@group-523986131536->omNode-2: nextIndex: updateUnconditionally 146 -> 144
2022-05-11 01:29:52,014 [grpc-default-executor-2] INFO  server.RaftServer$Division (RaftServerImpl.java:checkInconsistentAppendEntries(1296)) - omNode-2@group-523986131536: Failed appendEntries as snapshot (59) installation is in progress
2022-05-11 01:29:52,014 [grpc-default-executor-2] INFO  server.RaftServer$Division (RaftServerImpl.java:checkInconsistentAppendEntries(1288)) - omNode-2@group-523986131536: inconsistency entries. Reply:omNode-1<-omNode-2#55:FAIL-t7,INCONSISTENCY,nextIndex=144,followerCommit=56
2022-05-11 01:29:52,015 [grpc-default-executor-1] INFO  leader.FollowerInfo (FollowerInfoImpl.java:lambda$new$0(47)) - omNode-1@group-523986131536->omNode-2: nextIndex: updateUnconditionally 146 -> 144
2022-05-11 01:29:52,015 [grpc-default-executor-2] INFO  server.RaftServer$Division (RaftServerImpl.java:checkInconsistentAppendEntries(1296)) - omNode-2@group-523986131536: Failed appendEntries as snapshot (59) installation is in progress
2022-05-11 01:29:52,015 [grpc-default-executor-2] INFO  server.RaftServer$Division (RaftServerImpl.java:checkInconsistentAppendEntries(1288)) - omNode-2@group-523986131536: inconsistency entries. Reply:omNode-1<-omNode-2#56:FAIL-t7,INCONSISTENCY,nextIndex=144,followerCommit=56
2022-05-11 01:29:52,016 [grpc-default-executor-1] INFO  leader.FollowerInfo (FollowerInfoImpl.java:lambda$new$0(47)) - omNode-1@group-523986131536->omNode-2: nextIndex: updateUnconditionally 146 -> 144
2022-05-11 01:29:52,016 [grpc-default-executor-2] INFO  server.RaftServer$Division (RaftServerImpl.java:checkInconsistentAppendEntries(1296)) - omNode-2@group-523986131536: Failed appendEntries as snapshot (59) installation is in progress
2022-05-11 01:29:52,016 [grpc-default-executor-2] INFO  server.RaftServer$Division (RaftServerImpl.java:checkInconsistentAppendEntries(1288)) - omNode-2@group-523986131536: inconsistency entries. Reply:omNode-1<-omNode-2#57:FAIL-t7,INCONSISTENCY,nextIndex=144,followerCommit=56
2022-05-11 01:29:52,017 [grpc-default-executor-1] INFO  leader.FollowerInfo (FollowerInfoImpl.java:lambda$new$0(47)) - omNode-1@group-523986131536->omNode-2: nextIndex: updateUnconditionally 146 -> 144
2022-05-11 01:29:52,024 [grpc-default-executor-2] INFO  server.RaftServer$Division (RaftServerImpl.java:checkInconsistentAppendEntries(1296)) - omNode-2@group-523986131536: Failed appendEntries as snapshot (59) installation is in progress
2022-05-11 01:29:52,024 [grpc-default-executor-2] INFO  server.RaftServer$Division (RaftServerImpl.java:checkInconsistentAppendEntries(1288)) - omNode-2@group-523986131536: inconsistency entries. Reply:omNode-1<-omNode-2#58:FAIL-t7,INCONSISTENCY,nextIndex=144,followerCommit=56
2022-05-11 01:29:52,024 [grpc-default-executor-1] INFO  leader.FollowerInfo (FollowerInfoImpl.java:lambda$new$0(47)) - omNode-1@group-523986131536->omNode-2: nextIndex: updateUnconditionally 146 -> 144
2022-05-11 01:29:52,025 [grpc-default-executor-2] INFO  server.RaftServer$Division (RaftServerImpl.java:checkInconsistentAppendEntries(1296)) - omNode-2@group-523986131536: Failed appendEntries as snapshot (59) installation is in progress
2022-05-11 01:29:52,025 [grpc-default-executor-2] INFO  server.RaftServer$Division (RaftServerImpl.java:checkInconsistentAppendEntries(1288)) - omNode-2@group-523986131536: inconsistency entries. Reply:omNode-1<-omNode-2#59:FAIL-t7,INCONSISTENCY,nextIndex=144,followerCommit=56
2022-05-11 01:29:52,025 [grpc-default-executor-1] INFO  leader.FollowerInfo (FollowerInfoImpl.java:lambda$new$0(47)) - omNode-1@group-523986131536->omNode-2: nextIndex: updateUnconditionally 146 -> 144
2022-05-11 01:29:52,026 [grpc-default-executor-2] INFO  server.RaftServer$Division (RaftServerImpl.java:checkInconsistentAppendEntries(1296)) - omNode-2@group-523986131536: Failed appendEntries as snapshot (59) installation is in progress
2022-05-11 01:29:52,026 [grpc-default-executor-2] INFO  server.RaftServer$Division (RaftServerImpl.java:checkInconsistentAppendEntries(1288)) - omNode-2@group-523986131536: inconsistency entries. Reply:omNode-1<-omNode-2#60:FAIL-t7,INCONSISTENCY,nextIndex=144,followerCommit=56
2022-05-11 01:29:52,026 [grpc-default-executor-1] INFO  leader.FollowerInfo (FollowerInfoImpl.java:lambda$new$0(47)) - omNode-1@group-523986131536->omNode-2: nextIndex: updateUnconditionally 146 -> 144
2022-05-11 01:29:52,027 [grpc-default-executor-2] INFO  server.RaftServer$Division (RaftServerImpl.java:checkInconsistentAppendEntries(1296)) - omNode-2@group-523986131536: Failed appendEntries as snapshot (59) installation is in progress
2022-05-11 01:29:52,027 [grpc-default-executor-2] INFO  server.RaftServer$Division (RaftServerImpl.java:checkInconsistentAppendEntries(1288)) - omNode-2@group-523986131536: inconsistency entries. Reply:omNode-1<-omNode-2#61:FAIL-t7,INCONSISTENCY,nextIndex=144,followerCommit=56
2022-05-11 01:29:52,028 [grpc-default-executor-1] INFO  leader.FollowerInfo (FollowerInfoImpl.java:lambda$new$0(47)) - omNode-1@group-523986131536->omNode-2: nextIndex: updateUnconditionally 146 -> 144
2022-05-11 01:29:52,028 [grpc-default-executor-2] INFO  server.RaftServer$Division (RaftServerImpl.java:checkInconsistentAppendEntries(1296)) - omNode-2@group-523986131536: Failed appendEntries as snapshot (59) installation is in progress
2022-05-11 01:29:52,028 [grpc-default-executor-2] INFO  server.RaftServer$Division (RaftServerImpl.java:checkInconsistentAppendEntries(1288)) - omNode-2@group-523986131536: inconsistency entries. Reply:omNode-1<-omNode-2#62:FAIL-t7,INCONSISTENCY,nextIndex=144,followerCommit=56
2022-05-11 01:29:52,029 [grpc-default-executor-1] INFO  leader.FollowerInfo (FollowerInfoImpl.java:lambda$new$0(47)) - omNode-1@group-523986131536->omNode-2: nextIndex: updateUnconditionally 146 -> 144
2022-05-11 01:29:52,029 [grpc-default-executor-2] INFO  server.RaftServer$Division (RaftServerImpl.java:checkInconsistentAppendEntries(1296)) - omNode-2@group-523986131536: Failed appendEntries as snapshot (59) installation is in progress
2022-05-11 01:29:52,029 [grpc-default-executor-2] INFO  server.RaftServer$Division (RaftServerImpl.java:checkInconsistentAppendEntries(1288)) - omNode-2@group-523986131536: inconsistency entries. Reply:omNode-1<-omNode-2#63:FAIL-t7,INCONSISTENCY,nextIndex=144,followerCommit=56
2022-05-11 01:29:52,030 [grpc-default-executor-1] INFO  leader.FollowerInfo (FollowerInfoImpl.java:lambda$new$0(47)) - omNode-1@group-523986131536->omNode-2: nextIndex: updateUnconditionally 146 -> 144
2022-05-11 01:29:52,035 [grpc-default-executor-2] INFO  server.RaftServer$Division (RaftServerImpl.java:checkInconsistentAppendEntries(1296)) - omNode-2@group-523986131536: Failed appendEntries as snapshot (59) installation is in progress
2022-05-11 01:29:52,035 [grpc-default-executor-2] INFO  server.RaftServer$Division (RaftServerImpl.java:checkInconsistentAppendEntries(1288)) - omNode-2@group-523986131536: inconsistency entries. Reply:omNode-1<-omNode-2#64:FAIL-t7,INCONSISTENCY,nextIndex=144,followerCommit=56
2022-05-11 01:29:52,035 [grpc-default-executor-1] INFO  leader.FollowerInfo (FollowerInfoImpl.java:lambda$new$0(47)) - omNode-1@group-523986131536->omNode-2: nextIndex: updateUnconditionally 146 -> 144
2022-05-11 01:29:52,036 [grpc-default-executor-2] INFO  server.RaftServer$Division (RaftServerImpl.java:checkInconsistentAppendEntries(1296)) - omNode-2@group-523986131536: Failed appendEntries as snapshot (59) installation is in progress
2022-05-11 01:29:52,036 [grpc-default-executor-2] INFO  server.RaftServer$Division (RaftServerImpl.java:checkInconsistentAppendEntries(1288)) - omNode-2@group-523986131536: inconsistency entries. Reply:omNode-1<-omNode-2#65:FAIL-t7,INCONSISTENCY,nextIndex=144,followerCommit=56
2022-05-11 01:29:52,036 [grpc-default-executor-1] INFO  leader.FollowerInfo (FollowerInfoImpl.java:lambda$new$0(47)) - omNode-1@group-523986131536->omNode-2: nextIndex: updateUnconditionally 146 -> 144
2022-05-11 01:29:52,111 [grpc-default-executor-2] INFO  server.RaftServer$Division (RaftServerImpl.java:checkInconsistentAppendEntries(1296)) - omNode-2@group-523986131536: Failed appendEntries as snapshot (59) installation is in progress
2022-05-11 01:29:52,112 [grpc-default-executor-2] INFO  server.RaftServer$Division (RaftServerImpl.java:checkInconsistentAppendEntries(1288)) - omNode-2@group-523986131536: inconsistency entries. Reply:omNode-1<-omNode-2#66:FAIL-t7,INCONSISTENCY,nextIndex=144,followerCommit=56
2022-05-11 01:29:52,114 [grpc-default-executor-0] INFO  leader.FollowerInfo (FollowerInfoImpl.java:lambda$new$0(47)) - omNode-1@group-523986131536->omNode-2: nextIndex: updateUnconditionally 146 -> 144
2022-05-11 01:29:52,117 [grpc-default-executor-2] INFO  server.RaftServer$Division (RaftServerImpl.java:checkInconsistentAppendEntries(1296)) - omNode-2@group-523986131536: Failed appendEntries as snapshot (59) installation is in progress
2022-05-11 01:29:52,117 [grpc-default-executor-2] INFO  server.RaftServer$Division (RaftServerImpl.java:checkInconsistentAppendEntries(1288)) - omNode-2@group-523986131536: inconsistency entries. Reply:omNode-1<-omNode-2#67:FAIL-t7,INCONSISTENCY,nextIndex=144,followerCommit=56
2022-05-11 01:29:52,117 [grpc-default-executor-0] INFO  leader.FollowerInfo (FollowerInfoImpl.java:lambda$new$0(47)) - omNode-1@group-523986131536->omNode-2: nextIndex: updateUnconditionally 146 -> 144
2022-05-11 01:29:52,118 [grpc-default-executor-2] INFO  server.RaftServer$Division (RaftServerImpl.java:checkInconsistentAppendEntries(1296)) - omNode-2@group-523986131536: Failed appendEntries as snapshot (59) installation is in progress
2022-05-11 01:29:52,118 [grpc-default-executor-2] INFO  server.RaftServer$Division (RaftServerImpl.java:checkInconsistentAppendEntries(1288)) - omNode-2@group-523986131536: inconsistency entries. Reply:omNode-1<-omNode-2#71:FAIL-t7,INCONSISTENCY,nextIndex=144,followerCommit=56
2022-05-11 01:29:52,118 [grpc-default-executor-0] INFO  leader.FollowerInfo (FollowerInfoImpl.java:lambda$new$0(47)) - omNode-1@group-523986131536->omNode-2: nextIndex: updateUnconditionally 146 -> 144
2022-05-11 01:29:52,119 [grpc-default-executor-2] INFO  server.RaftServer$Division (RaftServerImpl.java:checkInconsistentAppendEntries(1296)) - omNode-2@group-523986131536: Failed appendEntries as snapshot (59) installation is in progress
2022-05-11 01:29:52,119 [grpc-default-executor-2] INFO  server.RaftServer$Division (RaftServerImpl.java:checkInconsistentAppendEntries(1288)) - omNode-2@group-523986131536: inconsistency entries. Reply:omNode-1<-omNode-2#72:FAIL-t7,INCONSISTENCY,nextIndex=144,followerCommit=56
2022-05-11 01:29:52,120 [grpc-default-executor-2] INFO  server.RaftServer$Division (RaftServerImpl.java:checkInconsistentAppendEntries(1296)) - omNode-2@group-523986131536: Failed appendEntries as snapshot (59) installation is in progress
2022-05-11 01:29:52,120 [grpc-default-executor-0] INFO  leader.FollowerInfo (FollowerInfoImpl.java:lambda$new$0(47)) - omNode-1@group-523986131536->omNode-2: nextIndex: updateUnconditionally 146 -> 144
2022-05-11 01:29:52,120 [grpc-default-executor-2] INFO  server.RaftServer$Division (RaftServerImpl.java:checkInconsistentAppendEntries(1288)) - omNode-2@group-523986131536: inconsistency entries. Reply:omNode-1<-omNode-2#73:FAIL-t7,INCONSISTENCY,nextIndex=144,followerCommit=56
2022-05-11 01:29:52,120 [grpc-default-executor-2] INFO  leader.FollowerInfo (FollowerInfoImpl.java:lambda$new$0(47)) - omNode-1@group-523986131536->omNode-2: nextIndex: updateUnconditionally 146 -> 144
2022-05-11 01:29:52,120 [grpc-default-executor-0] INFO  server.RaftServer$Division (RaftServerImpl.java:checkInconsistentAppendEntries(1296)) - omNode-2@group-523986131536: Failed appendEntries as snapshot (59) installation is in progress
2022-05-11 01:29:52,121 [grpc-default-executor-0] INFO  server.RaftServer$Division (RaftServerImpl.java:checkInconsistentAppendEntries(1288)) - omNode-2@group-523986131536: inconsistency entries. Reply:omNode-1<-omNode-2#74:FAIL-t7,INCONSISTENCY,nextIndex=144,followerCommit=56
2022-05-11 01:29:52,121 [grpc-default-executor-0] INFO  leader.FollowerInfo (FollowerInfoImpl.java:lambda$new$0(47)) - omNode-1@group-523986131536->omNode-2: nextIndex: updateUnconditionally 146 -> 144
2022-05-11 01:29:52,121 [grpc-default-executor-2] INFO  server.RaftServer$Division (RaftServerImpl.java:checkInconsistentAppendEntries(1296)) - omNode-2@group-523986131536: Failed appendEntries as snapshot (59) installation is in progress
2022-05-11 01:29:52,122 [grpc-default-executor-2] INFO  server.RaftServer$Division (RaftServerImpl.java:checkInconsistentAppendEntries(1288)) - omNode-2@group-523986131536: inconsistency entries. Reply:omNode-1<-omNode-2#75:FAIL-t7,INCONSISTENCY,nextIndex=144,followerCommit=56
2022-05-11 01:29:52,122 [grpc-default-executor-2] INFO  server.RaftServer$Division (RaftServerImpl.java:checkInconsistentAppendEntries(1296)) - omNode-2@group-523986131536: Failed appendEntries as snapshot (59) installation is in progress
2022-05-11 01:29:52,122 [grpc-default-executor-0] INFO  leader.FollowerInfo (FollowerInfoImpl.java:lambda$new$0(47)) - omNode-1@group-523986131536->omNode-2: nextIndex: updateUnconditionally 146 -> 144
2022-05-11 01:29:52,122 [grpc-default-executor-2] INFO  server.RaftServer$Division (RaftServerImpl.java:checkInconsistentAppendEntries(1288)) - omNode-2@group-523986131536: inconsistency entries. Reply:omNode-1<-omNode-2#76:FAIL-t7,INCONSISTENCY,nextIndex=144,followerCommit=56
2022-05-11 01:29:52,123 [grpc-default-executor-2] INFO  leader.FollowerInfo (FollowerInfoImpl.java:lambda$new$0(47)) - omNode-1@group-523986131536->omNode-2: nextIndex: updateUnconditionally 146 -> 144
2022-05-11 01:29:52,123 [grpc-default-executor-0] INFO  server.RaftServer$Division (RaftServerImpl.java:checkInconsistentAppendEntries(1296)) - omNode-2@group-523986131536: Failed appendEntries as snapshot (59) installation is in progress
2022-05-11 01:29:52,123 [grpc-default-executor-0] INFO  server.RaftServer$Division (RaftServerImpl.java:checkInconsistentAppendEntries(1288)) - omNode-2@group-523986131536: inconsistency entries. Reply:omNode-1<-omNode-2#77:FAIL-t7,INCONSISTENCY,nextIndex=144,followerCommit=56
2022-05-11 01:29:52,124 [grpc-default-executor-0] INFO  leader.FollowerInfo (FollowerInfoImpl.java:lambda$new$0(47)) - omNode-1@group-523986131536->omNode-2: nextIndex: updateUnconditionally 146 -> 144
2022-05-11 01:29:52,124 [grpc-default-executor-2] INFO  server.RaftServer$Division (RaftServerImpl.java:checkInconsistentAppendEntries(1296)) - omNode-2@group-523986131536: Failed appendEntries as snapshot (59) installation is in progress
2022-05-11 01:29:52,124 [grpc-default-executor-2] INFO  server.RaftServer$Division (RaftServerImpl.java:checkInconsistentAppendEntries(1288)) - omNode-2@group-523986131536: inconsistency entries. Reply:omNode-1<-omNode-2#78:FAIL-t7,INCONSISTENCY,nextIndex=144,followerCommit=56
2022-05-11 01:29:52,124 [grpc-default-executor-2] INFO  server.RaftServer$Division (RaftServerImpl.java:checkInconsistentAppendEntries(1296)) - omNode-2@group-523986131536: Failed appendEntries as snapshot (59) installation is in progress
2022-05-11 01:29:52,124 [grpc-default-executor-0] INFO  leader.FollowerInfo (FollowerInfoImpl.java:lambda$new$0(47)) - omNode-1@group-523986131536->omNode-2: nextIndex: updateUnconditionally 146 -> 144
2022-05-11 01:29:52,124 [grpc-default-executor-2] INFO  server.RaftServer$Division (RaftServerImpl.java:checkInconsistentAppendEntries(1288)) - omNode-2@group-523986131536: inconsistency entries. Reply:omNode-1<-omNode-2#79:FAIL-t7,INCONSISTENCY,nextIndex=144,followerCommit=56
2022-05-11 01:29:52,129 [grpc-default-executor-0] INFO  leader.FollowerInfo (FollowerInfoImpl.java:lambda$new$0(47)) - omNode-1@group-523986131536->omNode-2: nextIndex: updateUnconditionally 146 -> 144
2022-05-11 01:29:52,138 [grpc-default-executor-2] INFO  server.RaftServer$Division (RaftServerImpl.java:checkInconsistentAppendEntries(1296)) - omNode-2@group-523986131536: Failed appendEntries as snapshot (59) installation is in progress
2022-05-11 01:29:52,139 [grpc-default-executor-2] INFO  server.RaftServer$Division (RaftServerImpl.java:checkInconsistentAppendEntries(1288)) - omNode-2@group-523986131536: inconsistency entries. Reply:omNode-1<-omNode-2#80:FAIL-t7,INCONSISTENCY,nextIndex=144,followerCommit=56
2022-05-11 01:29:52,139 [grpc-default-executor-1] INFO  leader.FollowerInfo (FollowerInfoImpl.java:lambda$new$0(47)) - omNode-1@group-523986131536->omNode-2: nextIndex: updateUnconditionally 146 -> 144
2022-05-11 01:29:52,143 [grpc-default-executor-2] INFO  server.RaftServer$Division (RaftServerImpl.java:checkInconsistentAppendEntries(1296)) - omNode-2@group-523986131536: Failed appendEntries as snapshot (59) installation is in progress
2022-05-11 01:29:52,143 [grpc-default-executor-2] INFO  server.RaftServer$Division (RaftServerImpl.java:checkInconsistentAppendEntries(1288)) - omNode-2@group-523986131536: inconsistency entries. Reply:omNode-1<-omNode-2#81:FAIL-t7,INCONSISTENCY,nextIndex=144,followerCommit=56
2022-05-11 01:29:52,143 [grpc-default-executor-1] INFO  leader.FollowerInfo (FollowerInfoImpl.java:lambda$new$0(47)) - omNode-1@group-523986131536->omNode-2: nextIndex: updateUnconditionally 146 -> 144
2022-05-11 01:29:52,145 [grpc-default-executor-2] INFO  server.RaftServer$Division (RaftServerImpl.java:checkInconsistentAppendEntries(1296)) - omNode-2@group-523986131536: Failed appendEntries as snapshot (59) installation is in progress
2022-05-11 01:29:52,145 [grpc-default-executor-2] INFO  server.RaftServer$Division (RaftServerImpl.java:checkInconsistentAppendEntries(1288)) - omNode-2@group-523986131536: inconsistency entries. Reply:omNode-1<-omNode-2#83:FAIL-t7,INCONSISTENCY,nextIndex=144,followerCommit=56
2022-05-11 01:29:52,145 [grpc-default-executor-1] INFO  leader.FollowerInfo (FollowerInfoImpl.java:lambda$new$0(47)) - omNode-1@group-523986131536->omNode-2: nextIndex: updateUnconditionally 146 -> 144
2022-05-11 01:29:52,146 [grpc-default-executor-2] INFO  server.RaftServer$Division (RaftServerImpl.java:checkInconsistentAppendEntries(1296)) - omNode-2@group-523986131536: Failed appendEntries as snapshot (59) installation is in progress
2022-05-11 01:29:52,146 [grpc-default-executor-2] INFO  server.RaftServer$Division (RaftServerImpl.java:checkInconsistentAppendEntries(1288)) - omNode-2@group-523986131536: inconsistency entries. Reply:omNode-1<-omNode-2#84:FAIL-t7,INCONSISTENCY,nextIndex=144,followerCommit=56
2022-05-11 01:29:52,147 [grpc-default-executor-3] INFO  leader.FollowerInfo (FollowerInfoImpl.java:lambda$new$0(47)) - omNode-1@group-523986131536->omNode-2: nextIndex: updateUnconditionally 146 -> 144
2022-05-11 01:29:52,148 [grpc-default-executor-2] INFO  server.RaftServer$Division (RaftServerImpl.java:checkInconsistentAppendEntries(1296)) - omNode-2@group-523986131536: Failed appendEntries as snapshot (59) installation is in progress
2022-05-11 01:29:52,148 [grpc-default-executor-2] INFO  server.RaftServer$Division (RaftServerImpl.java:checkInconsistentAppendEntries(1288)) - omNode-2@group-523986131536: inconsistency entries. Reply:omNode-1<-omNode-2#85:FAIL-t7,INCONSISTENCY,nextIndex=144,followerCommit=56
2022-05-11 01:29:52,149 [grpc-default-executor-3] INFO  leader.FollowerInfo (FollowerInfoImpl.java:lambda$new$0(47)) - omNode-1@group-523986131536->omNode-2: nextIndex: updateUnconditionally 146 -> 144
2022-05-11 01:29:52,155 [grpc-default-executor-2] INFO  server.RaftServer$Division (RaftServerImpl.java:checkInconsistentAppendEntries(1296)) - omNode-2@group-523986131536: Failed appendEntries as snapshot (59) installation is in progress
2022-05-11 01:29:52,155 [grpc-default-executor-2] INFO  server.RaftServer$Division (RaftServerImpl.java:checkInconsistentAppendEntries(1288)) - omNode-2@group-523986131536: inconsistency entries. Reply:omNode-1<-omNode-2#86:FAIL-t7,INCONSISTENCY,nextIndex=144,followerCommit=56
2022-05-11 01:29:52,155 [grpc-default-executor-3] INFO  leader.FollowerInfo (FollowerInfoImpl.java:lambda$new$0(47)) - omNode-1@group-523986131536->omNode-2: nextIndex: updateUnconditionally 146 -> 144
2022-05-11 01:29:52,156 [grpc-default-executor-2] INFO  server.RaftServer$Division (RaftServerImpl.java:checkInconsistentAppendEntries(1296)) - omNode-2@group-523986131536: Failed appendEntries as snapshot (59) installation is in progress
2022-05-11 01:29:52,156 [grpc-default-executor-2] INFO  server.RaftServer$Division (RaftServerImpl.java:checkInconsistentAppendEntries(1288)) - omNode-2@group-523986131536: inconsistency entries. Reply:omNode-1<-omNode-2#87:FAIL-t7,INCONSISTENCY,nextIndex=144,followerCommit=56
2022-05-11 01:29:52,157 [grpc-default-executor-3] INFO  leader.FollowerInfo (FollowerInfoImpl.java:lambda$new$0(47)) - omNode-1@group-523986131536->omNode-2: nextIndex: updateUnconditionally 146 -> 144
2022-05-11 01:29:52,163 [grpc-default-executor-2] INFO  server.RaftServer$Division (RaftServerImpl.java:checkInconsistentAppendEntries(1296)) - omNode-2@group-523986131536: Failed appendEntries as snapshot (59) installation is in progress
2022-05-11 01:29:52,163 [grpc-default-executor-2] INFO  server.RaftServer$Division (RaftServerImpl.java:checkInconsistentAppendEntries(1288)) - omNode-2@group-523986131536: inconsistency entries. Reply:omNode-1<-omNode-2#88:FAIL-t7,INCONSISTENCY,nextIndex=144,followerCommit=56
2022-05-11 01:29:52,163 [grpc-default-executor-3] INFO  leader.FollowerInfo (FollowerInfoImpl.java:lambda$new$0(47)) - omNode-1@group-523986131536->omNode-2: nextIndex: updateUnconditionally 146 -> 144
2022-05-11 01:29:52,164 [grpc-default-executor-2] INFO  server.RaftServer$Division (RaftServerImpl.java:checkInconsistentAppendEntries(1296)) - omNode-2@group-523986131536: Failed appendEntries as snapshot (59) installation is in progress
2022-05-11 01:29:52,164 [grpc-default-executor-2] INFO  server.RaftServer$Division (RaftServerImpl.java:checkInconsistentAppendEntries(1288)) - omNode-2@group-523986131536: inconsistency entries. Reply:omNode-1<-omNode-2#89:FAIL-t7,INCONSISTENCY,nextIndex=144,followerCommit=56
2022-05-11 01:29:52,165 [grpc-default-executor-3] INFO  leader.FollowerInfo (FollowerInfoImpl.java:lambda$new$0(47)) - omNode-1@group-523986131536->omNode-2: nextIndex: updateUnconditionally 146 -> 144
2022-05-11 01:29:52,171 [grpc-default-executor-2] INFO  server.RaftServer$Division (RaftServerImpl.java:checkInconsistentAppendEntries(1296)) - omNode-2@group-523986131536: Failed appendEntries as snapshot (59) installation is in progress
2022-05-11 01:29:52,171 [grpc-default-executor-2] INFO  server.RaftServer$Division (RaftServerImpl.java:checkInconsistentAppendEntries(1288)) - omNode-2@group-523986131536: inconsistency entries. Reply:omNode-1<-omNode-2#90:FAIL-t7,INCONSISTENCY,nextIndex=144,followerCommit=56
2022-05-11 01:29:52,171 [grpc-default-executor-3] INFO  leader.FollowerInfo (FollowerInfoImpl.java:lambda$new$0(47)) - omNode-1@group-523986131536->omNode-2: nextIndex: updateUnconditionally 146 -> 144
2022-05-11 01:29:52,172 [grpc-default-executor-2] INFO  server.RaftServer$Division (RaftServerImpl.java:checkInconsistentAppendEntries(1296)) - omNode-2@group-523986131536: Failed appendEntries as snapshot (59) installation is in progress
2022-05-11 01:29:52,172 [grpc-default-executor-2] INFO  server.RaftServer$Division (RaftServerImpl.java:checkInconsistentAppendEntries(1288)) - omNode-2@group-523986131536: inconsistency entries. Reply:omNode-1<-omNode-2#91:FAIL-t7,INCONSISTENCY,nextIndex=144,followerCommit=56
2022-05-11 01:29:52,172 [grpc-default-executor-3] INFO  leader.FollowerInfo (FollowerInfoImpl.java:lambda$new$0(47)) - omNode-1@group-523986131536->omNode-2: nextIndex: updateUnconditionally 146 -> 144
2022-05-11 01:29:52,175 [grpc-default-executor-2] INFO  server.RaftServer$Division (RaftServerImpl.java:checkInconsistentAppendEntries(1296)) - omNode-2@group-523986131536: Failed appendEntries as snapshot (59) installation is in progress
2022-05-11 01:29:52,175 [grpc-default-executor-2] INFO  server.RaftServer$Division (RaftServerImpl.java:checkInconsistentAppendEntries(1288)) - omNode-2@group-523986131536: inconsistency entries. Reply:omNode-1<-omNode-2#92:FAIL-t7,INCONSISTENCY,nextIndex=144,followerCommit=56
2022-05-11 01:29:52,175 [grpc-default-executor-3] INFO  leader.FollowerInfo (FollowerInfoImpl.java:lambda$new$0(47)) - omNode-1@group-523986131536->omNode-2: nextIndex: updateUnconditionally 146 -> 144
2022-05-11 01:29:52,176 [grpc-default-executor-2] INFO  server.RaftServer$Division (RaftServerImpl.java:checkInconsistentAppendEntries(1296)) - omNode-2@group-523986131536: Failed appendEntries as snapshot (59) installation is in progress
2022-05-11 01:29:52,176 [grpc-default-executor-2] INFO  server.RaftServer$Division (RaftServerImpl.java:checkInconsistentAppendEntries(1288)) - omNode-2@group-523986131536: inconsistency entries. Reply:omNode-1<-omNode-2#93:FAIL-t7,INCONSISTENCY,nextIndex=144,followerCommit=56
2022-05-11 01:29:52,176 [grpc-default-executor-3] INFO  leader.FollowerInfo (FollowerInfoImpl.java:lambda$new$0(47)) - omNode-1@group-523986131536->omNode-2: nextIndex: updateUnconditionally 146 -> 144
2022-05-11 01:29:52,177 [grpc-default-executor-2] INFO  server.RaftServer$Division (RaftServerImpl.java:checkInconsistentAppendEntries(1296)) - omNode-2@group-523986131536: Failed appendEntries as snapshot (59) installation is in progress
2022-05-11 01:29:52,177 [grpc-default-executor-2] INFO  server.RaftServer$Division (RaftServerImpl.java:checkInconsistentAppendEntries(1288)) - omNode-2@group-523986131536: inconsistency entries. Reply:omNode-1<-omNode-2#94:FAIL-t7,INCONSISTENCY,nextIndex=144,followerCommit=56
2022-05-11 01:29:52,177 [grpc-default-executor-3] INFO  leader.FollowerInfo (FollowerInfoImpl.java:lambda$new$0(47)) - omNode-1@group-523986131536->omNode-2: nextIndex: updateUnconditionally 146 -> 144
2022-05-11 01:29:52,178 [grpc-default-executor-2] INFO  server.RaftServer$Division (RaftServerImpl.java:checkInconsistentAppendEntries(1296)) - omNode-2@group-523986131536: Failed appendEntries as snapshot (59) installation is in progress
2022-05-11 01:29:52,178 [grpc-default-executor-2] INFO  server.RaftServer$Division (RaftServerImpl.java:checkInconsistentAppendEntries(1288)) - omNode-2@group-523986131536: inconsistency entries. Reply:omNode-1<-omNode-2#95:FAIL-t7,INCONSISTENCY,nextIndex=144,followerCommit=56
2022-05-11 01:29:52,178 [grpc-default-executor-3] INFO  leader.FollowerInfo (FollowerInfoImpl.java:lambda$new$0(47)) - omNode-1@group-523986131536->omNode-2: nextIndex: updateUnconditionally 146 -> 144
2022-05-11 01:29:52,179 [grpc-default-executor-2] INFO  server.RaftServer$Division (RaftServerImpl.java:checkInconsistentAppendEntries(1296)) - omNode-2@group-523986131536: Failed appendEntries as snapshot (59) installation is in progress
2022-05-11 01:29:52,179 [grpc-default-executor-2] INFO  server.RaftServer$Division (RaftServerImpl.java:checkInconsistentAppendEntries(1288)) - omNode-2@group-523986131536: inconsistency entries. Reply:omNode-1<-omNode-2#96:FAIL-t7,INCONSISTENCY,nextIndex=144,followerCommit=56
2022-05-11 01:29:52,184 [grpc-default-executor-3] INFO  leader.FollowerInfo (FollowerInfoImpl.java:lambda$new$0(47)) - omNode-1@group-523986131536->omNode-2: nextIndex: updateUnconditionally 146 -> 144
2022-05-11 01:29:52,185 [grpc-default-executor-2] INFO  server.RaftServer$Division (RaftServerImpl.java:checkInconsistentAppendEntries(1296)) - omNode-2@group-523986131536: Failed appendEntries as snapshot (59) installation is in progress
2022-05-11 01:29:52,185 [grpc-default-executor-2] INFO  server.RaftServer$Division (RaftServerImpl.java:checkInconsistentAppendEntries(1288)) - omNode-2@group-523986131536: inconsistency entries. Reply:omNode-1<-omNode-2#97:FAIL-t7,INCONSISTENCY,nextIndex=144,followerCommit=56
2022-05-11 01:29:52,185 [grpc-default-executor-3] INFO  leader.FollowerInfo (FollowerInfoImpl.java:lambda$new$0(47)) - omNode-1@group-523986131536->omNode-2: nextIndex: updateUnconditionally 146 -> 144
2022-05-11 01:29:52,186 [grpc-default-executor-2] INFO  server.RaftServer$Division (RaftServerImpl.java:checkInconsistentAppendEntries(1296)) - omNode-2@group-523986131536: Failed appendEntries as snapshot (59) installation is in progress
2022-05-11 01:29:52,186 [grpc-default-executor-2] INFO  server.RaftServer$Division (RaftServerImpl.java:checkInconsistentAppendEntries(1288)) - omNode-2@group-523986131536: inconsistency entries. Reply:omNode-1<-omNode-2#98:FAIL-t7,INCONSISTENCY,nextIndex=144,followerCommit=56
2022-05-11 01:29:52,186 [grpc-default-executor-3] INFO  leader.FollowerInfo (FollowerInfoImpl.java:lambda$new$0(47)) - omNode-1@group-523986131536->omNode-2: nextIndex: updateUnconditionally 146 -> 144
2022-05-11 01:29:52,188 [grpc-default-executor-2] INFO  server.RaftServer$Division (RaftServerImpl.java:checkInconsistentAppendEntries(1296)) - omNode-2@group-523986131536: Failed appendEntries as snapshot (59) installation is in progress
2022-05-11 01:29:52,188 [grpc-default-executor-2] INFO  server.RaftServer$Division (RaftServerImpl.java:checkInconsistentAppendEntries(1288)) - omNode-2@group-523986131536: inconsistency entries. Reply:omNode-1<-omNode-2#99:FAIL-t7,INCONSISTENCY,nextIndex=144,followerCommit=56
2022-05-11 01:29:52,188 [grpc-default-executor-3] INFO  leader.FollowerInfo (FollowerInfoImpl.java:lambda$new$0(47)) - omNode-1@group-523986131536->omNode-2: nextIndex: updateUnconditionally 146 -> 144
2022-05-11 01:29:52,189 [grpc-default-executor-2] INFO  server.RaftServer$Division (RaftServerImpl.java:checkInconsistentAppendEntries(1296)) - omNode-2@group-523986131536: Failed appendEntries as snapshot (59) installation is in progress
2022-05-11 01:29:52,189 [grpc-default-executor-2] INFO  server.RaftServer$Division (RaftServerImpl.java:checkInconsistentAppendEntries(1288)) - omNode-2@group-523986131536: inconsistency entries. Reply:omNode-1<-omNode-2#100:FAIL-t7,INCONSISTENCY,nextIndex=144,followerCommit=56
2022-05-11 01:29:52,189 [grpc-default-executor-3] INFO  leader.FollowerInfo (FollowerInfoImpl.java:lambda$new$0(47)) - omNode-1@group-523986131536->omNode-2: nextIndex: updateUnconditionally 146 -> 144
2022-05-11 01:29:52,192 [grpc-default-executor-2] INFO  server.RaftServer$Division (RaftServerImpl.java:checkInconsistentAppendEntries(1296)) - omNode-2@group-523986131536: Failed appendEntries as snapshot (59) installation is in progress
2022-05-11 01:29:52,192 [grpc-default-executor-2] INFO  server.RaftServer$Division (RaftServerImpl.java:checkInconsistentAppendEntries(1288)) - omNode-2@group-523986131536: inconsistency entries. Reply:omNode-1<-omNode-2#101:FAIL-t7,INCONSISTENCY,nextIndex=144,followerCommit=56
2022-05-11 01:29:52,193 [grpc-default-executor-3] INFO  leader.FollowerInfo (FollowerInfoImpl.java:lambda$new$0(47)) - omNode-1@group-523986131536->omNode-2: nextIndex: updateUnconditionally 146 -> 144
2022-05-11 01:29:52,198 [grpc-default-executor-2] INFO  server.RaftServer$Division (RaftServerImpl.java:checkInconsistentAppendEntries(1296)) - omNode-2@group-523986131536: Failed appendEntries as snapshot (59) installation is in progress
2022-05-11 01:29:52,198 [grpc-default-executor-2] INFO  server.RaftServer$Division (RaftServerImpl.java:checkInconsistentAppendEntries(1288)) - omNode-2@group-523986131536: inconsistency entries. Reply:omNode-1<-omNode-2#102:FAIL-t7,INCONSISTENCY,nextIndex=144,followerCommit=56
2022-05-11 01:29:52,198 [grpc-default-executor-3] INFO  leader.FollowerInfo (FollowerInfoImpl.java:lambda$new$0(47)) - omNode-1@group-523986131536->omNode-2: nextIndex: updateUnconditionally 146 -> 144
2022-05-11 01:29:52,199 [grpc-default-executor-2] INFO  server.RaftServer$Division (RaftServerImpl.java:checkInconsistentAppendEntries(1296)) - omNode-2@group-523986131536: Failed appendEntries as snapshot (59) installation is in progress
2022-05-11 01:29:52,199 [grpc-default-executor-2] INFO  server.RaftServer$Division (RaftServerImpl.java:checkInconsistentAppendEntries(1288)) - omNode-2@group-523986131536: inconsistency entries. Reply:omNode-1<-omNode-2#103:FAIL-t7,INCONSISTENCY,nextIndex=144,followerCommit=56
2022-05-11 01:29:52,199 [grpc-default-executor-3] INFO  leader.FollowerInfo (FollowerInfoImpl.java:lambda$new$0(47)) - omNode-1@group-523986131536->omNode-2: nextIndex: updateUnconditionally 146 -> 144
2022-05-11 01:29:52,200 [grpc-default-executor-2] INFO  server.RaftServer$Division (RaftServerImpl.java:checkInconsistentAppendEntries(1296)) - omNode-2@group-523986131536: Failed appendEntries as snapshot (59) installation is in progress
2022-05-11 01:29:52,200 [grpc-default-executor-2] INFO  server.RaftServer$Division (RaftServerImpl.java:checkInconsistentAppendEntries(1288)) - omNode-2@group-523986131536: inconsistency entries. Reply:omNode-1<-omNode-2#104:FAIL-t7,INCONSISTENCY,nextIndex=144,followerCommit=56
2022-05-11 01:29:52,200 [grpc-default-executor-3] INFO  leader.FollowerInfo (FollowerInfoImpl.java:lambda$new$0(47)) - omNode-1@group-523986131536->omNode-2: nextIndex: updateUnconditionally 146 -> 144
2022-05-11 01:29:52,201 [grpc-default-executor-2] INFO  server.RaftServer$Division (RaftServerImpl.java:checkInconsistentAppendEntries(1296)) - omNode-2@group-523986131536: Failed appendEntries as snapshot (59) installation is in progress
2022-05-11 01:29:52,201 [grpc-default-executor-2] INFO  server.RaftServer$Division (RaftServerImpl.java:checkInconsistentAppendEntries(1288)) - omNode-2@group-523986131536: inconsistency entries. Reply:omNode-1<-omNode-2#105:FAIL-t7,INCONSISTENCY,nextIndex=144,followerCommit=56
2022-05-11 01:29:52,201 [grpc-default-executor-3] INFO  leader.FollowerInfo (FollowerInfoImpl.java:lambda$new$0(47)) - omNode-1@group-523986131536->omNode-2: nextIndex: updateUnconditionally 146 -> 144
2022-05-11 01:29:52,202 [grpc-default-executor-2] INFO  server.RaftServer$Division (RaftServerImpl.java:checkInconsistentAppendEntries(1296)) - omNode-2@group-523986131536: Failed appendEntries as snapshot (59) installation is in progress
2022-05-11 01:29:52,202 [grpc-default-executor-2] INFO  server.RaftServer$Division (RaftServerImpl.java:checkInconsistentAppendEntries(1288)) - omNode-2@group-523986131536: inconsistency entries. Reply:omNode-1<-omNode-2#106:FAIL-t7,INCONSISTENCY,nextIndex=144,followerCommit=56
2022-05-11 01:29:52,202 [grpc-default-executor-3] INFO  leader.FollowerInfo (FollowerInfoImpl.java:lambda$new$0(47)) - omNode-1@group-523986131536->omNode-2: nextIndex: updateUnconditionally 146 -> 144
2022-05-11 01:29:52,203 [grpc-default-executor-2] INFO  server.RaftServer$Division (RaftServerImpl.java:checkInconsistentAppendEntries(1296)) - omNode-2@group-523986131536: Failed appendEntries as snapshot (59) installation is in progress
2022-05-11 01:29:52,203 [grpc-default-executor-2] INFO  server.RaftServer$Division (RaftServerImpl.java:checkInconsistentAppendEntries(1288)) - omNode-2@group-523986131536: inconsistency entries. Reply:omNode-1<-omNode-2#107:FAIL-t7,INCONSISTENCY,nextIndex=144,followerCommit=56
2022-05-11 01:29:52,203 [grpc-default-executor-3] INFO  leader.FollowerInfo (FollowerInfoImpl.java:lambda$new$0(47)) - omNode-1@group-523986131536->omNode-2: nextIndex: updateUnconditionally 146 -> 144
2022-05-11 01:29:52,204 [grpc-default-executor-2] INFO  server.RaftServer$Division (RaftServerImpl.java:checkInconsistentAppendEntries(1296)) - omNode-2@group-523986131536: Failed appendEntries as snapshot (59) installation is in progress
2022-05-11 01:29:52,205 [grpc-default-executor-2] INFO  server.RaftServer$Division (RaftServerImpl.java:checkInconsistentAppendEntries(1288)) - omNode-2@group-523986131536: inconsistency entries. Reply:omNode-1<-omNode-2#108:FAIL-t7,INCONSISTENCY,nextIndex=144,followerCommit=56
2022-05-11 01:29:52,205 [grpc-default-executor-3] INFO  leader.FollowerInfo (FollowerInfoImpl.java:lambda$new$0(47)) - omNode-1@group-523986131536->omNode-2: nextIndex: updateUnconditionally 146 -> 144
2022-05-11 01:29:52,207 [grpc-default-executor-2] INFO  server.RaftServer$Division (RaftServerImpl.java:checkInconsistentAppendEntries(1296)) - omNode-2@group-523986131536: Failed appendEntries as snapshot (59) installation is in progress
2022-05-11 01:29:52,207 [grpc-default-executor-2] INFO  server.RaftServer$Division (RaftServerImpl.java:checkInconsistentAppendEntries(1288)) - omNode-2@group-523986131536: inconsistency entries. Reply:omNode-1<-omNode-2#109:FAIL-t7,INCONSISTENCY,nextIndex=144,followerCommit=56
2022-05-11 01:29:52,207 [grpc-default-executor-3] INFO  leader.FollowerInfo (FollowerInfoImpl.java:lambda$new$0(47)) - omNode-1@group-523986131536->omNode-2: nextIndex: updateUnconditionally 146 -> 144
2022-05-11 01:29:52,215 [grpc-default-executor-2] INFO  server.RaftServer$Division (RaftServerImpl.java:checkInconsistentAppendEntries(1296)) - omNode-2@group-523986131536: Failed appendEntries as snapshot (59) installation is in progress
2022-05-11 01:29:52,215 [grpc-default-executor-2] INFO  server.RaftServer$Division (RaftServerImpl.java:checkInconsistentAppendEntries(1288)) - omNode-2@group-523986131536: inconsistency entries. Reply:omNode-1<-omNode-2#110:FAIL-t7,INCONSISTENCY,nextIndex=144,followerCommit=56
2022-05-11 01:29:52,215 [grpc-default-executor-3] INFO  leader.FollowerInfo (FollowerInfoImpl.java:lambda$new$0(47)) - omNode-1@group-523986131536->omNode-2: nextIndex: updateUnconditionally 146 -> 144
2022-05-11 01:29:52,216 [grpc-default-executor-2] INFO  server.RaftServer$Division (RaftServerImpl.java:checkInconsistentAppendEntries(1296)) - omNode-2@group-523986131536: Failed appendEntries as snapshot (59) installation is in progress
2022-05-11 01:29:52,216 [grpc-default-executor-2] INFO  server.RaftServer$Division (RaftServerImpl.java:checkInconsistentAppendEntries(1288)) - omNode-2@group-523986131536: inconsistency entries. Reply:omNode-1<-omNode-2#111:FAIL-t7,INCONSISTENCY,nextIndex=144,followerCommit=56
2022-05-11 01:29:52,216 [grpc-default-executor-3] INFO  leader.FollowerInfo (FollowerInfoImpl.java:lambda$new$0(47)) - omNode-1@group-523986131536->omNode-2: nextIndex: updateUnconditionally 146 -> 144
2022-05-11 01:29:52,217 [grpc-default-executor-2] INFO  server.RaftServer$Division (RaftServerImpl.java:checkInconsistentAppendEntries(1296)) - omNode-2@group-523986131536: Failed appendEntries as snapshot (59) installation is in progress
2022-05-11 01:29:52,217 [grpc-default-executor-2] INFO  server.RaftServer$Division (RaftServerImpl.java:checkInconsistentAppendEntries(1288)) - omNode-2@group-523986131536: inconsistency entries. Reply:omNode-1<-omNode-2#112:FAIL-t7,INCONSISTENCY,nextIndex=144,followerCommit=56
2022-05-11 01:29:52,217 [grpc-default-executor-3] INFO  leader.FollowerInfo (FollowerInfoImpl.java:lambda$new$0(47)) - omNode-1@group-523986131536->omNode-2: nextIndex: updateUnconditionally 146 -> 144
2022-05-11 01:29:52,218 [grpc-default-executor-2] INFO  server.RaftServer$Division (RaftServerImpl.java:checkInconsistentAppendEntries(1296)) - omNode-2@group-523986131536: Failed appendEntries as snapshot (59) installation is in progress
2022-05-11 01:29:52,218 [grpc-default-executor-2] INFO  server.RaftServer$Division (RaftServerImpl.java:checkInconsistentAppendEntries(1288)) - omNode-2@group-523986131536: inconsistency entries. Reply:omNode-1<-omNode-2#113:FAIL-t7,INCONSISTENCY,nextIndex=144,followerCommit=56
2022-05-11 01:29:52,218 [grpc-default-executor-3] INFO  leader.FollowerInfo (FollowerInfoImpl.java:lambda$new$0(47)) - omNode-1@group-523986131536->omNode-2: nextIndex: updateUnconditionally 146 -> 144
2022-05-11 01:29:52,222 [grpc-default-executor-2] INFO  server.RaftServer$Division (RaftServerImpl.java:checkInconsistentAppendEntries(1296)) - omNode-2@group-523986131536: Failed appendEntries as snapshot (59) installation is in progress
2022-05-11 01:29:52,222 [grpc-default-executor-2] INFO  server.RaftServer$Division (RaftServerImpl.java:checkInconsistentAppendEntries(1288)) - omNode-2@group-523986131536: inconsistency entries. Reply:omNode-1<-omNode-2#114:FAIL-t7,INCONSISTENCY,nextIndex=144,followerCommit=56
2022-05-11 01:29:52,222 [grpc-default-executor-3] INFO  leader.FollowerInfo (FollowerInfoImpl.java:lambda$new$0(47)) - omNode-1@group-523986131536->omNode-2: nextIndex: updateUnconditionally 146 -> 144
2022-05-11 01:29:52,223 [grpc-default-executor-2] INFO  server.RaftServer$Division (RaftServerImpl.java:checkInconsistentAppendEntries(1296)) - omNode-2@group-523986131536: Failed appendEntries as snapshot (59) installation is in progress
2022-05-11 01:29:52,223 [grpc-default-executor-2] INFO  server.RaftServer$Division (RaftServerImpl.java:checkInconsistentAppendEntries(1288)) - omNode-2@group-523986131536: inconsistency entries. Reply:omNode-1<-omNode-2#115:FAIL-t7,INCONSISTENCY,nextIndex=144,followerCommit=56
2022-05-11 01:29:52,223 [grpc-default-executor-3] INFO  leader.FollowerInfo (FollowerInfoImpl.java:lambda$new$0(47)) - omNode-1@group-523986131536->omNode-2: nextIndex: updateUnconditionally 146 -> 144
2022-05-11 01:29:52,224 [grpc-default-executor-2] INFO  server.RaftServer$Division (RaftServerImpl.java:checkInconsistentAppendEntries(1296)) - omNode-2@group-523986131536: Failed appendEntries as snapshot (59) installation is in progress
2022-05-11 01:29:52,224 [grpc-default-executor-2] INFO  server.RaftServer$Division (RaftServerImpl.java:checkInconsistentAppendEntries(1288)) - omNode-2@group-523986131536: inconsistency entries. Reply:omNode-1<-omNode-2#116:FAIL-t7,INCONSISTENCY,nextIndex=144,followerCommit=56
2022-05-11 01:29:52,224 [grpc-default-executor-3] INFO  leader.FollowerInfo (FollowerInfoImpl.java:lambda$new$0(47)) - omNode-1@group-523986131536->omNode-2: nextIndex: updateUnconditionally 146 -> 144
2022-05-11 01:29:52,225 [grpc-default-executor-2] INFO  server.RaftServer$Division (RaftServerImpl.java:checkInconsistentAppendEntries(1296)) - omNode-2@group-523986131536: Failed appendEntries as snapshot (59) installation is in progress
2022-05-11 01:29:52,225 [grpc-default-executor-2] INFO  server.RaftServer$Division (RaftServerImpl.java:checkInconsistentAppendEntries(1288)) - omNode-2@group-523986131536: inconsistency entries. Reply:omNode-1<-omNode-2#117:FAIL-t7,INCONSISTENCY,nextIndex=144,followerCommit=56
2022-05-11 01:29:52,225 [grpc-default-executor-3] INFO  leader.FollowerInfo (FollowerInfoImpl.java:lambda$new$0(47)) - omNode-1@group-523986131536->omNode-2: nextIndex: updateUnconditionally 146 -> 144
2022-05-11 01:29:52,226 [grpc-default-executor-2] INFO  server.RaftServer$Division (RaftServerImpl.java:checkInconsistentAppendEntries(1296)) - omNode-2@group-523986131536: Failed appendEntries as snapshot (59) installation is in progress
2022-05-11 01:29:52,226 [grpc-default-executor-2] INFO  server.RaftServer$Division (RaftServerImpl.java:checkInconsistentAppendEntries(1288)) - omNode-2@group-523986131536: inconsistency entries. Reply:omNode-1<-omNode-2#118:FAIL-t7,INCONSISTENCY,nextIndex=144,followerCommit=56
2022-05-11 01:29:52,226 [grpc-default-executor-3] INFO  leader.FollowerInfo (FollowerInfoImpl.java:lambda$new$0(47)) - omNode-1@group-523986131536->omNode-2: nextIndex: updateUnconditionally 146 -> 144
2022-05-11 01:29:52,227 [grpc-default-executor-2] INFO  server.RaftServer$Division (RaftServerImpl.java:checkInconsistentAppendEntries(1296)) - omNode-2@group-523986131536: Failed appendEntries as snapshot (59) installation is in progress
2022-05-11 01:29:52,227 [grpc-default-executor-2] INFO  server.RaftServer$Division (RaftServerImpl.java:checkInconsistentAppendEntries(1288)) - omNode-2@group-523986131536: inconsistency entries. Reply:omNode-1<-omNode-2#119:FAIL-t7,INCONSISTENCY,nextIndex=144,followerCommit=56
2022-05-11 01:29:52,227 [grpc-default-executor-3] INFO  leader.FollowerInfo (FollowerInfoImpl.java:lambda$new$0(47)) - omNode-1@group-523986131536->omNode-2: nextIndex: updateUnconditionally 146 -> 144
2022-05-11 01:29:52,228 [grpc-default-executor-2] INFO  server.RaftServer$Division (RaftServerImpl.java:checkInconsistentAppendEntries(1296)) - omNode-2@group-523986131536: Failed appendEntries as snapshot (59) installation is in progress
2022-05-11 01:29:52,228 [grpc-default-executor-2] INFO  server.RaftServer$Division (RaftServerImpl.java:checkInconsistentAppendEntries(1288)) - omNode-2@group-523986131536: inconsistency entries. Reply:omNode-1<-omNode-2#120:FAIL-t7,INCONSISTENCY,nextIndex=144,followerCommit=56
2022-05-11 01:29:52,228 [grpc-default-executor-3] INFO  leader.FollowerInfo (FollowerInfoImpl.java:lambda$new$0(47)) - omNode-1@group-523986131536->omNode-2: nextIndex: updateUnconditionally 146 -> 144
2022-05-11 01:29:52,229 [grpc-default-executor-2] INFO  server.RaftServer$Division (RaftServerImpl.java:checkInconsistentAppendEntries(1296)) - omNode-2@group-523986131536: Failed appendEntries as snapshot (59) installation is in progress
2022-05-11 01:29:52,229 [grpc-default-executor-2] INFO  server.RaftServer$Division (RaftServerImpl.java:checkInconsistentAppendEntries(1288)) - omNode-2@group-523986131536: inconsistency entries. Reply:omNode-1<-omNode-2#121:FAIL-t7,INCONSISTENCY,nextIndex=144,followerCommit=56
2022-05-11 01:29:52,229 [grpc-default-executor-3] INFO  leader.FollowerInfo (FollowerInfoImpl.java:lambda$new$0(47)) - omNode-1@group-523986131536->omNode-2: nextIndex: updateUnconditionally 146 -> 144
2022-05-11 01:29:52,230 [grpc-default-executor-2] INFO  server.RaftServer$Division (RaftServerImpl.java:checkInconsistentAppendEntries(1296)) - omNode-2@group-523986131536: Failed appendEntries as snapshot (59) installation is in progress
2022-05-11 01:29:52,230 [grpc-default-executor-2] INFO  server.RaftServer$Division (RaftServerImpl.java:checkInconsistentAppendEntries(1288)) - omNode-2@group-523986131536: inconsistency entries. Reply:omNode-1<-omNode-2#122:FAIL-t7,INCONSISTENCY,nextIndex=144,followerCommit=56
2022-05-11 01:29:52,230 [grpc-default-executor-3] INFO  leader.FollowerInfo (FollowerInfoImpl.java:lambda$new$0(47)) - omNode-1@group-523986131536->omNode-2: nextIndex: updateUnconditionally 146 -> 144
2022-05-11 01:29:52,235 [grpc-default-executor-2] INFO  server.RaftServer$Division (RaftServerImpl.java:checkInconsistentAppendEntries(1296)) - omNode-2@group-523986131536: Failed appendEntries as snapshot (59) installation is in progress
2022-05-11 01:29:52,235 [grpc-default-executor-2] INFO  server.RaftServer$Division (RaftServerImpl.java:checkInconsistentAppendEntries(1288)) - omNode-2@group-523986131536: inconsistency entries. Reply:omNode-1<-omNode-2#123:FAIL-t7,INCONSISTENCY,nextIndex=144,followerCommit=56
2022-05-11 01:29:52,235 [grpc-default-executor-3] INFO  leader.FollowerInfo (FollowerInfoImpl.java:lambda$new$0(47)) - omNode-1@group-523986131536->omNode-2: nextIndex: updateUnconditionally 146 -> 144
2022-05-11 01:29:52,238 [grpc-default-executor-2] INFO  server.RaftServer$Division (RaftServerImpl.java:checkInconsistentAppendEntries(1296)) - omNode-2@group-523986131536: Failed appendEntries as snapshot (59) installation is in progress
2022-05-11 01:29:52,238 [grpc-default-executor-2] INFO  server.RaftServer$Division (RaftServerImpl.java:checkInconsistentAppendEntries(1288)) - omNode-2@group-523986131536: inconsistency entries. Reply:omNode-1<-omNode-2#124:FAIL-t7,INCONSISTENCY,nextIndex=144,followerCommit=56
2022-05-11 01:29:52,239 [grpc-default-executor-3] INFO  leader.FollowerInfo (FollowerInfoImpl.java:lambda$new$0(47)) - omNode-1@group-523986131536->omNode-2: nextIndex: updateUnconditionally 146 -> 144
2022-05-11 01:29:52,239 [grpc-default-executor-2] INFO  server.RaftServer$Division (RaftServerImpl.java:checkInconsistentAppendEntries(1296)) - omNode-2@group-523986131536: Failed appendEntries as snapshot (59) installation is in progress
2022-05-11 01:29:52,239 [grpc-default-executor-2] INFO  server.RaftServer$Division (RaftServerImpl.java:checkInconsistentAppendEntries(1288)) - omNode-2@group-523986131536: inconsistency entries. Reply:omNode-1<-omNode-2#125:FAIL-t7,INCONSISTENCY,nextIndex=144,followerCommit=56
2022-05-11 01:29:52,240 [grpc-default-executor-3] INFO  leader.FollowerInfo (FollowerInfoImpl.java:lambda$new$0(47)) - omNode-1@group-523986131536->omNode-2: nextIndex: updateUnconditionally 146 -> 144
2022-05-11 01:29:52,240 [grpc-default-executor-2] INFO  server.RaftServer$Division (RaftServerImpl.java:checkInconsistentAppendEntries(1296)) - omNode-2@group-523986131536: Failed appendEntries as snapshot (59) installation is in progress
2022-05-11 01:29:52,240 [grpc-default-executor-2] INFO  server.RaftServer$Division (RaftServerImpl.java:checkInconsistentAppendEntries(1288)) - omNode-2@group-523986131536: inconsistency entries. Reply:omNode-1<-omNode-2#126:FAIL-t7,INCONSISTENCY,nextIndex=144,followerCommit=56
2022-05-11 01:29:52,241 [grpc-default-executor-3] INFO  leader.FollowerInfo (FollowerInfoImpl.java:lambda$new$0(47)) - omNode-1@group-523986131536->omNode-2: nextIndex: updateUnconditionally 146 -> 144
2022-05-11 01:29:52,241 [grpc-default-executor-2] INFO  server.RaftServer$Division (RaftServerImpl.java:checkInconsistentAppendEntries(1296)) - omNode-2@group-523986131536: Failed appendEntries as snapshot (59) installation is in progress
2022-05-11 01:29:52,241 [grpc-default-executor-2] INFO  server.RaftServer$Division (RaftServerImpl.java:checkInconsistentAppendEntries(1288)) - omNode-2@group-523986131536: inconsistency entries. Reply:omNode-1<-omNode-2#127:FAIL-t7,INCONSISTENCY,nextIndex=144,followerCommit=56
2022-05-11 01:29:52,242 [grpc-default-executor-3] INFO  leader.FollowerInfo (FollowerInfoImpl.java:lambda$new$0(47)) - omNode-1@group-523986131536->omNode-2: nextIndex: updateUnconditionally 146 -> 144
2022-05-11 01:29:52,242 [grpc-default-executor-2] INFO  server.RaftServer$Division (RaftServerImpl.java:checkInconsistentAppendEntries(1296)) - omNode-2@group-523986131536: Failed appendEntries as snapshot (59) installation is in progress
2022-05-11 01:29:52,242 [grpc-default-executor-2] INFO  server.RaftServer$Division (RaftServerImpl.java:checkInconsistentAppendEntries(1288)) - omNode-2@group-523986131536: inconsistency entries. Reply:omNode-1<-omNode-2#128:FAIL-t7,INCONSISTENCY,nextIndex=144,followerCommit=56
2022-05-11 01:29:52,243 [grpc-default-executor-3] INFO  leader.FollowerInfo (FollowerInfoImpl.java:lambda$new$0(47)) - omNode-1@group-523986131536->omNode-2: nextIndex: updateUnconditionally 146 -> 144
2022-05-11 01:29:52,243 [grpc-default-executor-2] INFO  server.RaftServer$Division (RaftServerImpl.java:checkInconsistentAppendEntries(1296)) - omNode-2@group-523986131536: Failed appendEntries as snapshot (59) installation is in progress
2022-05-11 01:29:52,243 [grpc-default-executor-2] INFO  server.RaftServer$Division (RaftServerImpl.java:checkInconsistentAppendEntries(1288)) - omNode-2@group-523986131536: inconsistency entries. Reply:omNode-1<-omNode-2#129:FAIL-t7,INCONSISTENCY,nextIndex=144,followerCommit=56
2022-05-11 01:29:52,244 [grpc-default-executor-3] INFO  leader.FollowerInfo (FollowerInfoImpl.java:lambda$new$0(47)) - omNode-1@group-523986131536->omNode-2: nextIndex: updateUnconditionally 146 -> 144
2022-05-11 01:29:52,244 [grpc-default-executor-2] INFO  server.RaftServer$Division (RaftServerImpl.java:checkInconsistentAppendEntries(1296)) - omNode-2@group-523986131536: Failed appendEntries as snapshot (59) installation is in progress
2022-05-11 01:29:52,244 [grpc-default-executor-2] INFO  server.RaftServer$Division (RaftServerImpl.java:checkInconsistentAppendEntries(1288)) - omNode-2@group-523986131536: inconsistency entries. Reply:omNode-1<-omNode-2#130:FAIL-t7,INCONSISTENCY,nextIndex=144,followerCommit=56
2022-05-11 01:29:52,245 [grpc-default-executor-3] INFO  leader.FollowerInfo (FollowerInfoImpl.java:lambda$new$0(47)) - omNode-1@group-523986131536->omNode-2: nextIndex: updateUnconditionally 146 -> 144
2022-05-11 01:29:52,248 [grpc-default-executor-2] INFO  server.RaftServer$Division (RaftServerImpl.java:checkInconsistentAppendEntries(1296)) - omNode-2@group-523986131536: Failed appendEntries as snapshot (59) installation is in progress
2022-05-11 01:29:52,248 [grpc-default-executor-2] INFO  server.RaftServer$Division (RaftServerImpl.java:checkInconsistentAppendEntries(1288)) - omNode-2@group-523986131536: inconsistency entries. Reply:omNode-1<-omNode-2#131:FAIL-t7,INCONSISTENCY,nextIndex=144,followerCommit=56
2022-05-11 01:29:52,249 [grpc-default-executor-3] INFO  leader.FollowerInfo (FollowerInfoImpl.java:lambda$new$0(47)) - omNode-1@group-523986131536->omNode-2: nextIndex: updateUnconditionally 146 -> 144
2022-05-11 01:29:52,249 [grpc-default-executor-2] INFO  server.RaftServer$Division (RaftServerImpl.java:checkInconsistentAppendEntries(1296)) - omNode-2@group-523986131536: Failed appendEntries as snapshot (59) installation is in progress
2022-05-11 01:29:52,249 [grpc-default-executor-2] INFO  server.RaftServer$Division (RaftServerImpl.java:checkInconsistentAppendEntries(1288)) - omNode-2@group-523986131536: inconsistency entries. Reply:omNode-1<-omNode-2#132:FAIL-t7,INCONSISTENCY,nextIndex=144,followerCommit=56
2022-05-11 01:29:52,250 [grpc-default-executor-3] INFO  leader.FollowerInfo (FollowerInfoImpl.java:lambda$new$0(47)) - omNode-1@group-523986131536->omNode-2: nextIndex: updateUnconditionally 146 -> 144
2022-05-11 01:29:52,253 [grpc-default-executor-2] INFO  server.RaftServer$Division (RaftServerImpl.java:checkInconsistentAppendEntries(1296)) - omNode-2@group-523986131536: Failed appendEntries as snapshot (59) installation is in progress
2022-05-11 01:29:52,253 [grpc-default-executor-2] INFO  server.RaftServer$Division (RaftServerImpl.java:checkInconsistentAppendEntries(1288)) - omNode-2@group-523986131536: inconsistency entries. Reply:omNode-1<-omNode-2#133:FAIL-t7,INCONSISTENCY,nextIndex=144,followerCommit=56
2022-05-11 01:29:52,253 [grpc-default-executor-3] INFO  leader.FollowerInfo (FollowerInfoImpl.java:lambda$new$0(47)) - omNode-1@group-523986131536->omNode-2: nextIndex: updateUnconditionally 146 -> 144
2022-05-11 01:29:52,254 [grpc-default-executor-2] INFO  server.RaftServer$Division (RaftServerImpl.java:checkInconsistentAppendEntries(1296)) - omNode-2@group-523986131536: Failed appendEntries as snapshot (59) installation is in progress
2022-05-11 01:29:52,254 [grpc-default-executor-2] INFO  server.RaftServer$Division (RaftServerImpl.java:checkInconsistentAppendEntries(1288)) - omNode-2@group-523986131536: inconsistency entries. Reply:omNode-1<-omNode-2#134:FAIL-t7,INCONSISTENCY,nextIndex=144,followerCommit=56
2022-05-11 01:29:52,254 [grpc-default-executor-3] INFO  leader.FollowerInfo (FollowerInfoImpl.java:lambda$new$0(47)) - omNode-1@group-523986131536->omNode-2: nextIndex: updateUnconditionally 146 -> 144
2022-05-11 01:29:52,257 [grpc-default-executor-2] INFO  server.RaftServer$Division (RaftServerImpl.java:checkInconsistentAppendEntries(1296)) - omNode-2@group-523986131536: Failed appendEntries as snapshot (59) installation is in progress
2022-05-11 01:29:52,257 [grpc-default-executor-2] INFO  server.RaftServer$Division (RaftServerImpl.java:checkInconsistentAppendEntries(1288)) - omNode-2@group-523986131536: inconsistency entries. Reply:omNode-1<-omNode-2#135:FAIL-t7,INCONSISTENCY,nextIndex=144,followerCommit=56
2022-05-11 01:29:52,257 [grpc-default-executor-3] INFO  leader.FollowerInfo (FollowerInfoImpl.java:lambda$new$0(47)) - omNode-1@group-523986131536->omNode-2: nextIndex: updateUnconditionally 146 -> 144
2022-05-11 01:29:52,258 [grpc-default-executor-2] INFO  server.RaftServer$Division (RaftServerImpl.java:checkInconsistentAppendEntries(1296)) - omNode-2@group-523986131536: Failed appendEntries as snapshot (59) installation is in progress
2022-05-11 01:29:52,258 [grpc-default-executor-2] INFO  server.RaftServer$Division (RaftServerImpl.java:checkInconsistentAppendEntries(1288)) - omNode-2@group-523986131536: inconsistency entries. Reply:omNode-1<-omNode-2#136:FAIL-t7,INCONSISTENCY,nextIndex=144,followerCommit=56
2022-05-11 01:29:52,258 [grpc-default-executor-3] INFO  leader.FollowerInfo (FollowerInfoImpl.java:lambda$new$0(47)) - omNode-1@group-523986131536->omNode-2: nextIndex: updateUnconditionally 146 -> 144
2022-05-11 01:29:52,259 [grpc-default-executor-2] INFO  server.RaftServer$Division (RaftServerImpl.java:checkInconsistentAppendEntries(1296)) - omNode-2@group-523986131536: Failed appendEntries as snapshot (59) installation is in progress
2022-05-11 01:29:52,259 [grpc-default-executor-2] INFO  server.RaftServer$Division (RaftServerImpl.java:checkInconsistentAppendEntries(1288)) - omNode-2@group-523986131536: inconsistency entries. Reply:omNode-1<-omNode-2#137:FAIL-t7,INCONSISTENCY,nextIndex=144,followerCommit=56
2022-05-11 01:29:52,259 [grpc-default-executor-3] INFO  leader.FollowerInfo (FollowerInfoImpl.java:lambda$new$0(47)) - omNode-1@group-523986131536->omNode-2: nextIndex: updateUnconditionally 146 -> 144
2022-05-11 01:29:52,260 [grpc-default-executor-2] INFO  server.RaftServer$Division (RaftServerImpl.java:checkInconsistentAppendEntries(1296)) - omNode-2@group-523986131536: Failed appendEntries as snapshot (59) installation is in progress
2022-05-11 01:29:52,260 [grpc-default-executor-2] INFO  server.RaftServer$Division (RaftServerImpl.java:checkInconsistentAppendEntries(1288)) - omNode-2@group-523986131536: inconsistency entries. Reply:omNode-1<-omNode-2#138:FAIL-t7,INCONSISTENCY,nextIndex=144,followerCommit=56
2022-05-11 01:29:52,260 [grpc-default-executor-3] INFO  leader.FollowerInfo (FollowerInfoImpl.java:lambda$new$0(47)) - omNode-1@group-523986131536->omNode-2: nextIndex: updateUnconditionally 146 -> 144
2022-05-11 01:29:52,262 [grpc-default-executor-2] INFO  server.RaftServer$Division (RaftServerImpl.java:checkInconsistentAppendEntries(1296)) - omNode-2@group-523986131536: Failed appendEntries as snapshot (59) installation is in progress
2022-05-11 01:29:52,262 [grpc-default-executor-2] INFO  server.RaftServer$Division (RaftServerImpl.java:checkInconsistentAppendEntries(1288)) - omNode-2@group-523986131536: inconsistency entries. Reply:omNode-1<-omNode-2#139:FAIL-t7,INCONSISTENCY,nextIndex=144,followerCommit=56
2022-05-11 01:29:52,263 [grpc-default-executor-3] INFO  leader.FollowerInfo (FollowerInfoImpl.java:lambda$new$0(47)) - omNode-1@group-523986131536->omNode-2: nextIndex: updateUnconditionally 146 -> 144
2022-05-11 01:29:52,266 [grpc-default-executor-2] INFO  server.RaftServer$Division (RaftServerImpl.java:checkInconsistentAppendEntries(1296)) - omNode-2@group-523986131536: Failed appendEntries as snapshot (59) installation is in progress
2022-05-11 01:29:52,266 [grpc-default-executor-2] INFO  server.RaftServer$Division (RaftServerImpl.java:checkInconsistentAppendEntries(1288)) - omNode-2@group-523986131536: inconsistency entries. Reply:omNode-1<-omNode-2#140:FAIL-t7,INCONSISTENCY,nextIndex=144,followerCommit=56
2022-05-11 01:29:52,267 [grpc-default-executor-3] INFO  leader.FollowerInfo (FollowerInfoImpl.java:lambda$new$0(47)) - omNode-1@group-523986131536->omNode-2: nextIndex: updateUnconditionally 146 -> 144
2022-05-11 01:29:52,268 [grpc-default-executor-2] INFO  server.RaftServer$Division (RaftServerImpl.java:checkInconsistentAppendEntries(1296)) - omNode-2@group-523986131536: Failed appendEntries as snapshot (59) installation is in progress
2022-05-11 01:29:52,268 [grpc-default-executor-2] INFO  server.RaftServer$Division (RaftServerImpl.java:checkInconsistentAppendEntries(1288)) - omNode-2@group-523986131536: inconsistency entries. Reply:omNode-1<-omNode-2#141:FAIL-t7,INCONSISTENCY,nextIndex=144,followerCommit=56
2022-05-11 01:29:52,269 [grpc-default-executor-3] INFO  leader.FollowerInfo (FollowerInfoImpl.java:lambda$new$0(47)) - omNode-1@group-523986131536->omNode-2: nextIndex: updateUnconditionally 146 -> 144
2022-05-11 01:29:52,269 [grpc-default-executor-2] INFO  server.RaftServer$Division (RaftServerImpl.java:checkInconsistentAppendEntries(1296)) - omNode-2@group-523986131536: Failed appendEntries as snapshot (59) installation is in progress
2022-05-11 01:29:52,269 [grpc-default-executor-2] INFO  server.RaftServer$Division (RaftServerImpl.java:checkInconsistentAppendEntries(1288)) - omNode-2@group-523986131536: inconsistency entries. Reply:omNode-1<-omNode-2#142:FAIL-t7,INCONSISTENCY,nextIndex=144,followerCommit=56
2022-05-11 01:29:52,270 [grpc-default-executor-3] INFO  leader.FollowerInfo (FollowerInfoImpl.java:lambda$new$0(47)) - omNode-1@group-523986131536->omNode-2: nextIndex: updateUnconditionally 146 -> 144
2022-05-11 01:29:52,275 [grpc-default-executor-2] INFO  server.RaftServer$Division (RaftServerImpl.java:checkInconsistentAppendEntries(1296)) - omNode-2@group-523986131536: Failed appendEntries as snapshot (59) installation is in progress
2022-05-11 01:29:52,275 [grpc-default-executor-2] INFO  server.RaftServer$Division (RaftServerImpl.java:checkInconsistentAppendEntries(1288)) - omNode-2@group-523986131536: inconsistency entries. Reply:omNode-1<-omNode-2#143:FAIL-t7,INCONSISTENCY,nextIndex=144,followerCommit=56
2022-05-11 01:29:52,275 [grpc-default-executor-3] INFO  leader.FollowerInfo (FollowerInfoImpl.java:lambda$new$0(47)) - omNode-1@group-523986131536->omNode-2: nextIndex: updateUnconditionally 146 -> 144
2022-05-11 01:29:52,276 [grpc-default-executor-2] INFO  server.RaftServer$Division (RaftServerImpl.java:checkInconsistentAppendEntries(1296)) - omNode-2@group-523986131536: Failed appendEntries as snapshot (59) installation is in progress
2022-05-11 01:29:52,276 [grpc-default-executor-2] INFO  server.RaftServer$Division (RaftServerImpl.java:checkInconsistentAppendEntries(1288)) - omNode-2@group-523986131536: inconsistency entries. Reply:omNode-1<-omNode-2#144:FAIL-t7,INCONSISTENCY,nextIndex=144,followerCommit=56
2022-05-11 01:29:52,276 [grpc-default-executor-3] INFO  leader.FollowerInfo (FollowerInfoImpl.java:lambda$new$0(47)) - omNode-1@group-523986131536->omNode-2: nextIndex: updateUnconditionally 146 -> 144
2022-05-11 01:29:52,277 [grpc-default-executor-2] INFO  server.RaftServer$Division (RaftServerImpl.java:checkInconsistentAppendEntries(1296)) - omNode-2@group-523986131536: Failed appendEntries as snapshot (59) installation is in progress
2022-05-11 01:29:52,277 [grpc-default-executor-2] INFO  server.RaftServer$Division (RaftServerImpl.java:checkInconsistentAppendEntries(1288)) - omNode-2@group-523986131536: inconsistency entries. Reply:omNode-1<-omNode-2#145:FAIL-t7,INCONSISTENCY,nextIndex=144,followerCommit=56
2022-05-11 01:29:52,277 [grpc-default-executor-3] INFO  leader.FollowerInfo (FollowerInfoImpl.java:lambda$new$0(47)) - omNode-1@group-523986131536->omNode-2: nextIndex: updateUnconditionally 146 -> 144
2022-05-11 01:29:52,278 [grpc-default-executor-2] INFO  server.RaftServer$Division (RaftServerImpl.java:checkInconsistentAppendEntries(1296)) - omNode-2@group-523986131536: Failed appendEntries as snapshot (59) installation is in progress
2022-05-11 01:29:52,278 [grpc-default-executor-2] INFO  server.RaftServer$Division (RaftServerImpl.java:checkInconsistentAppendEntries(1288)) - omNode-2@group-523986131536: inconsistency entries. Reply:omNode-1<-omNode-2#146:FAIL-t7,INCONSISTENCY,nextIndex=144,followerCommit=56
2022-05-11 01:29:52,279 [grpc-default-executor-3] INFO  leader.FollowerInfo (FollowerInfoImpl.java:lambda$new$0(47)) - omNode-1@group-523986131536->omNode-2: nextIndex: updateUnconditionally 146 -> 144
2022-05-11 01:29:52,284 [grpc-default-executor-2] INFO  server.RaftServer$Division (RaftServerImpl.java:checkInconsistentAppendEntries(1296)) - omNode-2@group-523986131536: Failed appendEntries as snapshot (59) installation is in progress
2022-05-11 01:29:52,284 [grpc-default-executor-2] INFO  server.RaftServer$Division (RaftServerImpl.java:checkInconsistentAppendEntries(1288)) - omNode-2@group-523986131536: inconsistency entries. Reply:omNode-1<-omNode-2#147:FAIL-t7,INCONSISTENCY,nextIndex=144,followerCommit=56
2022-05-11 01:29:52,284 [grpc-default-executor-3] INFO  leader.FollowerInfo (FollowerInfoImpl.java:lambda$new$0(47)) - omNode-1@group-523986131536->omNode-2: nextIndex: updateUnconditionally 146 -> 144
2022-05-11 01:29:52,285 [grpc-default-executor-2] INFO  server.RaftServer$Division (RaftServerImpl.java:checkInconsistentAppendEntries(1296)) - omNode-2@group-523986131536: Failed appendEntries as snapshot (59) installation is in progress
2022-05-11 01:29:52,285 [grpc-default-executor-2] INFO  server.RaftServer$Division (RaftServerImpl.java:checkInconsistentAppendEntries(1288)) - omNode-2@group-523986131536: inconsistency entries. Reply:omNode-1<-omNode-2#148:FAIL-t7,INCONSISTENCY,nextIndex=144,followerCommit=56
2022-05-11 01:29:52,285 [grpc-default-executor-3] INFO  leader.FollowerInfo (FollowerInfoImpl.java:lambda$new$0(47)) - omNode-1@group-523986131536->omNode-2: nextIndex: updateUnconditionally 146 -> 144
2022-05-11 01:29:52,286 [grpc-default-executor-2] INFO  server.RaftServer$Division (RaftServerImpl.java:checkInconsistentAppendEntries(1296)) - omNode-2@group-523986131536: Failed appendEntries as snapshot (59) installation is in progress
2022-05-11 01:29:52,286 [grpc-default-executor-2] INFO  server.RaftServer$Division (RaftServerImpl.java:checkInconsistentAppendEntries(1288)) - omNode-2@group-523986131536: inconsistency entries. Reply:omNode-1<-omNode-2#149:FAIL-t7,INCONSISTENCY,nextIndex=144,followerCommit=56
2022-05-11 01:29:52,286 [grpc-default-executor-3] INFO  leader.FollowerInfo (FollowerInfoImpl.java:lambda$new$0(47)) - omNode-1@group-523986131536->omNode-2: nextIndex: updateUnconditionally 146 -> 144
2022-05-11 01:29:52,287 [grpc-default-executor-2] INFO  server.RaftServer$Division (RaftServerImpl.java:checkInconsistentAppendEntries(1296)) - omNode-2@group-523986131536: Failed appendEntries as snapshot (59) installation is in progress
2022-05-11 01:29:52,287 [grpc-default-executor-2] INFO  server.RaftServer$Division (RaftServerImpl.java:checkInconsistentAppendEntries(1288)) - omNode-2@group-523986131536: inconsistency entries. Reply:omNode-1<-omNode-2#150:FAIL-t7,INCONSISTENCY,nextIndex=144,followerCommit=56
2022-05-11 01:29:52,287 [grpc-default-executor-3] INFO  leader.FollowerInfo (FollowerInfoImpl.java:lambda$new$0(47)) - omNode-1@group-523986131536->omNode-2: nextIndex: updateUnconditionally 146 -> 144
2022-05-11 01:29:52,288 [grpc-default-executor-2] INFO  server.RaftServer$Division (RaftServerImpl.java:checkInconsistentAppendEntries(1296)) - omNode-2@group-523986131536: Failed appendEntries as snapshot (59) installation is in progress
2022-05-11 01:29:52,288 [grpc-default-executor-2] INFO  server.RaftServer$Division (RaftServerImpl.java:checkInconsistentAppendEntries(1288)) - omNode-2@group-523986131536: inconsistency entries. Reply:omNode-1<-omNode-2#151:FAIL-t7,INCONSISTENCY,nextIndex=144,followerCommit=56
2022-05-11 01:29:52,288 [grpc-default-executor-3] INFO  leader.FollowerInfo (FollowerInfoImpl.java:lambda$new$0(47)) - omNode-1@group-523986131536->omNode-2: nextIndex: updateUnconditionally 146 -> 144
2022-05-11 01:29:52,289 [grpc-default-executor-2] INFO  server.RaftServer$Division (RaftServerImpl.java:checkInconsistentAppendEntries(1296)) - omNode-2@group-523986131536: Failed appendEntries as snapshot (59) installation is in progress
2022-05-11 01:29:52,289 [grpc-default-executor-2] INFO  server.RaftServer$Division (RaftServerImpl.java:checkInconsistentAppendEntries(1288)) - omNode-2@group-523986131536: inconsistency entries. Reply:omNode-1<-omNode-2#152:FAIL-t7,INCONSISTENCY,nextIndex=144,followerCommit=56
2022-05-11 01:29:52,290 [grpc-default-executor-3] INFO  leader.FollowerInfo (FollowerInfoImpl.java:lambda$new$0(47)) - omNode-1@group-523986131536->omNode-2: nextIndex: updateUnconditionally 146 -> 144
2022-05-11 01:29:52,290 [grpc-default-executor-2] INFO  server.RaftServer$Division (RaftServerImpl.java:checkInconsistentAppendEntries(1296)) - omNode-2@group-523986131536: Failed appendEntries as snapshot (59) installation is in progress
2022-05-11 01:29:52,290 [grpc-default-executor-2] INFO  server.RaftServer$Division (RaftServerImpl.java:checkInconsistentAppendEntries(1288)) - omNode-2@group-523986131536: inconsistency entries. Reply:omNode-1<-omNode-2#153:FAIL-t7,INCONSISTENCY,nextIndex=144,followerCommit=56
2022-05-11 01:29:52,291 [grpc-default-executor-3] INFO  leader.FollowerInfo (FollowerInfoImpl.java:lambda$new$0(47)) - omNode-1@group-523986131536->omNode-2: nextIndex: updateUnconditionally 146 -> 144
2022-05-11 01:29:52,291 [grpc-default-executor-2] INFO  server.RaftServer$Division (RaftServerImpl.java:checkInconsistentAppendEntries(1296)) - omNode-2@group-523986131536: Failed appendEntries as snapshot (59) installation is in progress
2022-05-11 01:29:52,295 [grpc-default-executor-2] INFO  server.RaftServer$Division (RaftServerImpl.java:checkInconsistentAppendEntries(1288)) - omNode-2@group-523986131536: inconsistency entries. Reply:omNode-1<-omNode-2#154:FAIL-t7,INCONSISTENCY,nextIndex=144,followerCommit=56
2022-05-11 01:29:52,295 [grpc-default-executor-3] INFO  leader.FollowerInfo (FollowerInfoImpl.java:lambda$new$0(47)) - omNode-1@group-523986131536->omNode-2: nextIndex: updateUnconditionally 146 -> 144
2022-05-11 01:29:52,295 [grpc-default-executor-2] INFO  server.RaftServer$Division (RaftServerImpl.java:checkInconsistentAppendEntries(1296)) - omNode-2@group-523986131536: Failed appendEntries as snapshot (59) installation is in progress
2022-05-11 01:29:52,296 [grpc-default-executor-2] INFO  server.RaftServer$Division (RaftServerImpl.java:checkInconsistentAppendEntries(1288)) - omNode-2@group-523986131536: inconsistency entries. Reply:omNode-1<-omNode-2#155:FAIL-t7,INCONSISTENCY,nextIndex=144,followerCommit=56
2022-05-11 01:29:52,296 [grpc-default-executor-3] INFO  leader.FollowerInfo (FollowerInfoImpl.java:lambda$new$0(47)) - omNode-1@group-523986131536->omNode-2: nextIndex: updateUnconditionally 146 -> 144
2022-05-11 01:29:52,296 [grpc-default-executor-2] INFO  server.RaftServer$Division (RaftServerImpl.java:checkInconsistentAppendEntries(1296)) - omNode-2@group-523986131536: Failed appendEntries as snapshot (59) installation is in progress
2022-05-11 01:29:52,297 [grpc-default-executor-2] INFO  server.RaftServer$Division (RaftServerImpl.java:checkInconsistentAppendEntries(1288)) - omNode-2@group-523986131536: inconsistency entries. Reply:omNode-1<-omNode-2#156:FAIL-t7,INCONSISTENCY,nextIndex=144,followerCommit=56
2022-05-11 01:29:52,297 [grpc-default-executor-3] INFO  leader.FollowerInfo (FollowerInfoImpl.java:lambda$new$0(47)) - omNode-1@group-523986131536->omNode-2: nextIndex: updateUnconditionally 146 -> 144
2022-05-11 01:29:52,299 [grpc-default-executor-2] INFO  server.RaftServer$Division (RaftServerImpl.java:checkInconsistentAppendEntries(1296)) - omNode-2@group-523986131536: Failed appendEntries as snapshot (59) installation is in progress
2022-05-11 01:29:52,299 [grpc-default-executor-2] INFO  server.RaftServer$Division (RaftServerImpl.java:checkInconsistentAppendEntries(1288)) - omNode-2@group-523986131536: inconsistency entries. Reply:omNode-1<-omNode-2#157:FAIL-t7,INCONSISTENCY,nextIndex=144,followerCommit=56
2022-05-11 01:29:52,299 [grpc-default-executor-3] INFO  leader.FollowerInfo (FollowerInfoImpl.java:lambda$new$0(47)) - omNode-1@group-523986131536->omNode-2: nextIndex: updateUnconditionally 146 -> 144
2022-05-11 01:29:52,300 [grpc-default-executor-2] INFO  server.RaftServer$Division (RaftServerImpl.java:checkInconsistentAppendEntries(1296)) - omNode-2@group-523986131536: Failed appendEntries as snapshot (59) installation is in progress
2022-05-11 01:29:52,300 [grpc-default-executor-2] INFO  server.RaftServer$Division (RaftServerImpl.java:checkInconsistentAppendEntries(1288)) - omNode-2@group-523986131536: inconsistency entries. Reply:omNode-1<-omNode-2#158:FAIL-t7,INCONSISTENCY,nextIndex=144,followerCommit=56
2022-05-11 01:29:52,300 [grpc-default-executor-3] INFO  leader.FollowerInfo (FollowerInfoImpl.java:lambda$new$0(47)) - omNode-1@group-523986131536->omNode-2: nextIndex: updateUnconditionally 146 -> 144
2022-05-11 01:29:52,302 [grpc-default-executor-2] INFO  server.RaftServer$Division (RaftServerImpl.java:checkInconsistentAppendEntries(1296)) - omNode-2@group-523986131536: Failed appendEntries as snapshot (59) installation is in progress
2022-05-11 01:29:52,302 [grpc-default-executor-2] INFO  server.RaftServer$Division (RaftServerImpl.java:checkInconsistentAppendEntries(1288)) - omNode-2@group-523986131536: inconsistency entries. Reply:omNode-1<-omNode-2#159:FAIL-t7,INCONSISTENCY,nextIndex=144,followerCommit=56
2022-05-11 01:29:52,302 [grpc-default-executor-3] INFO  leader.FollowerInfo (FollowerInfoImpl.java:lambda$new$0(47)) - omNode-1@group-523986131536->omNode-2: nextIndex: updateUnconditionally 146 -> 144
2022-05-11 01:29:52,307 [grpc-default-executor-2] INFO  server.RaftServer$Division (RaftServerImpl.java:checkInconsistentAppendEntries(1296)) - omNode-2@group-523986131536: Failed appendEntries as snapshot (59) installation is in progress
2022-05-11 01:29:52,307 [grpc-default-executor-2] INFO  server.RaftServer$Division (RaftServerImpl.java:checkInconsistentAppendEntries(1288)) - omNode-2@group-523986131536: inconsistency entries. Reply:omNode-1<-omNode-2#160:FAIL-t7,INCONSISTENCY,nextIndex=144,followerCommit=56
2022-05-11 01:29:52,307 [grpc-default-executor-3] INFO  leader.FollowerInfo (FollowerInfoImpl.java:lambda$new$0(47)) - omNode-1@group-523986131536->omNode-2: nextIndex: updateUnconditionally 146 -> 144
2022-05-11 01:29:52,309 [grpc-default-executor-2] INFO  server.RaftServer$Division (RaftServerImpl.java:checkInconsistentAppendEntries(1296)) - omNode-2@group-523986131536: Failed appendEntries as snapshot (59) installation is in progress
2022-05-11 01:29:52,309 [grpc-default-executor-2] INFO  server.RaftServer$Division (RaftServerImpl.java:checkInconsistentAppendEntries(1288)) - omNode-2@group-523986131536: inconsistency entries. Reply:omNode-1<-omNode-2#161:FAIL-t7,INCONSISTENCY,nextIndex=144,followerCommit=56
2022-05-11 01:29:52,309 [grpc-default-executor-3] INFO  leader.FollowerInfo (FollowerInfoImpl.java:lambda$new$0(47)) - omNode-1@group-523986131536->omNode-2: nextIndex: updateUnconditionally 146 -> 144
2022-05-11 01:29:52,310 [grpc-default-executor-2] INFO  server.RaftServer$Division (RaftServerImpl.java:checkInconsistentAppendEntries(1296)) - omNode-2@group-523986131536: Failed appendEntries as snapshot (59) installation is in progress
2022-05-11 01:29:52,310 [grpc-default-executor-2] INFO  server.RaftServer$Division (RaftServerImpl.java:checkInconsistentAppendEntries(1288)) - omNode-2@group-523986131536: inconsistency entries. Reply:omNode-1<-omNode-2#162:FAIL-t7,INCONSISTENCY,nextIndex=144,followerCommit=56
2022-05-11 01:29:52,310 [grpc-default-executor-3] INFO  leader.FollowerInfo (FollowerInfoImpl.java:lambda$new$0(47)) - omNode-1@group-523986131536->omNode-2: nextIndex: updateUnconditionally 146 -> 144
2022-05-11 01:29:52,312 [grpc-default-executor-2] INFO  server.RaftServer$Division (RaftServerImpl.java:checkInconsistentAppendEntries(1296)) - omNode-2@group-523986131536: Failed appendEntries as snapshot (59) installation is in progress
2022-05-11 01:29:52,312 [grpc-default-executor-2] INFO  server.RaftServer$Division (RaftServerImpl.java:checkInconsistentAppendEntries(1288)) - omNode-2@group-523986131536: inconsistency entries. Reply:omNode-1<-omNode-2#163:FAIL-t7,INCONSISTENCY,nextIndex=144,followerCommit=56
2022-05-11 01:29:52,314 [grpc-default-executor-3] INFO  leader.FollowerInfo (FollowerInfoImpl.java:lambda$new$0(47)) - omNode-1@group-523986131536->omNode-2: nextIndex: updateUnconditionally 146 -> 144
2022-05-11 01:29:52,315 [grpc-default-executor-2] INFO  server.RaftServer$Division (RaftServerImpl.java:checkInconsistentAppendEntries(1296)) - omNode-2@group-523986131536: Failed appendEntries as snapshot (59) installation is in progress
2022-05-11 01:29:52,315 [grpc-default-executor-2] INFO  server.RaftServer$Division (RaftServerImpl.java:checkInconsistentAppendEntries(1288)) - omNode-2@group-523986131536: inconsistency entries. Reply:omNode-1<-omNode-2#164:FAIL-t7,INCONSISTENCY,nextIndex=144,followerCommit=56
2022-05-11 01:29:52,315 [grpc-default-executor-3] INFO  leader.FollowerInfo (FollowerInfoImpl.java:lambda$new$0(47)) - omNode-1@group-523986131536->omNode-2: nextIndex: updateUnconditionally 146 -> 144
2022-05-11 01:29:52,316 [grpc-default-executor-2] INFO  server.RaftServer$Division (RaftServerImpl.java:checkInconsistentAppendEntries(1296)) - omNode-2@group-523986131536: Failed appendEntries as snapshot (59) installation is in progress
2022-05-11 01:29:52,316 [grpc-default-executor-2] INFO  server.RaftServer$Division (RaftServerImpl.java:checkInconsistentAppendEntries(1288)) - omNode-2@group-523986131536: inconsistency entries. Reply:omNode-1<-omNode-2#165:FAIL-t7,INCONSISTENCY,nextIndex=144,followerCommit=56
2022-05-11 01:29:52,316 [grpc-default-executor-3] INFO  leader.FollowerInfo (FollowerInfoImpl.java:lambda$new$0(47)) - omNode-1@group-523986131536->omNode-2: nextIndex: updateUnconditionally 146 -> 144
2022-05-11 01:29:52,317 [grpc-default-executor-2] INFO  server.RaftServer$Division (RaftServerImpl.java:checkInconsistentAppendEntries(1296)) - omNode-2@group-523986131536: Failed appendEntries as snapshot (59) installation is in progress
2022-05-11 01:29:52,317 [grpc-default-executor-2] INFO  server.RaftServer$Division (RaftServerImpl.java:checkInconsistentAppendEntries(1288)) - omNode-2@group-523986131536: inconsistency entries. Reply:omNode-1<-omNode-2#166:FAIL-t7,INCONSISTENCY,nextIndex=144,followerCommit=56
2022-05-11 01:29:52,317 [grpc-default-executor-3] INFO  leader.FollowerInfo (FollowerInfoImpl.java:lambda$new$0(47)) - omNode-1@group-523986131536->omNode-2: nextIndex: updateUnconditionally 146 -> 144
2022-05-11 01:29:52,319 [grpc-default-executor-2] INFO  server.RaftServer$Division (RaftServerImpl.java:checkInconsistentAppendEntries(1296)) - omNode-2@group-523986131536: Failed appendEntries as snapshot (59) installation is in progress
2022-05-11 01:29:52,319 [grpc-default-executor-2] INFO  server.RaftServer$Division (RaftServerImpl.java:checkInconsistentAppendEntries(1288)) - omNode-2@group-523986131536: inconsistency entries. Reply:omNode-1<-omNode-2#167:FAIL-t7,INCONSISTENCY,nextIndex=144,followerCommit=56
2022-05-11 01:29:52,319 [grpc-default-executor-3] INFO  leader.FollowerInfo (FollowerInfoImpl.java:lambda$new$0(47)) - omNode-1@group-523986131536->omNode-2: nextIndex: updateUnconditionally 146 -> 144
2022-05-11 01:29:52,320 [grpc-default-executor-2] INFO  server.RaftServer$Division (RaftServerImpl.java:checkInconsistentAppendEntries(1296)) - omNode-2@group-523986131536: Failed appendEntries as snapshot (59) installation is in progress
2022-05-11 01:29:52,320 [grpc-default-executor-2] INFO  server.RaftServer$Division (RaftServerImpl.java:checkInconsistentAppendEntries(1288)) - omNode-2@group-523986131536: inconsistency entries. Reply:omNode-1<-omNode-2#168:FAIL-t7,INCONSISTENCY,nextIndex=144,followerCommit=56
2022-05-11 01:29:52,320 [grpc-default-executor-3] INFO  leader.FollowerInfo (FollowerInfoImpl.java:lambda$new$0(47)) - omNode-1@group-523986131536->omNode-2: nextIndex: updateUnconditionally 146 -> 144
2022-05-11 01:29:52,321 [grpc-default-executor-2] INFO  server.RaftServer$Division (RaftServerImpl.java:checkInconsistentAppendEntries(1296)) - omNode-2@group-523986131536: Failed appendEntries as snapshot (59) installation is in progress
2022-05-11 01:29:52,321 [grpc-default-executor-2] INFO  server.RaftServer$Division (RaftServerImpl.java:checkInconsistentAppendEntries(1288)) - omNode-2@group-523986131536: inconsistency entries. Reply:omNode-1<-omNode-2#169:FAIL-t7,INCONSISTENCY,nextIndex=144,followerCommit=56
2022-05-11 01:29:52,321 [grpc-default-executor-3] INFO  leader.FollowerInfo (FollowerInfoImpl.java:lambda$new$0(47)) - omNode-1@group-523986131536->omNode-2: nextIndex: updateUnconditionally 146 -> 144
2022-05-11 01:29:52,327 [grpc-default-executor-2] INFO  server.RaftServer$Division (RaftServerImpl.java:checkInconsistentAppendEntries(1296)) - omNode-2@group-523986131536: Failed appendEntries as snapshot (59) installation is in progress
2022-05-11 01:29:52,327 [grpc-default-executor-2] INFO  server.RaftServer$Division (RaftServerImpl.java:checkInconsistentAppendEntries(1288)) - omNode-2@group-523986131536: inconsistency entries. Reply:omNode-1<-omNode-2#170:FAIL-t7,INCONSISTENCY,nextIndex=144,followerCommit=56
2022-05-11 01:29:52,327 [grpc-default-executor-3] INFO  leader.FollowerInfo (FollowerInfoImpl.java:lambda$new$0(47)) - omNode-1@group-523986131536->omNode-2: nextIndex: updateUnconditionally 146 -> 144
2022-05-11 01:29:52,329 [grpc-default-executor-2] INFO  server.RaftServer$Division (RaftServerImpl.java:checkInconsistentAppendEntries(1296)) - omNode-2@group-523986131536: Failed appendEntries as snapshot (59) installation is in progress
2022-05-11 01:29:52,329 [grpc-default-executor-2] INFO  server.RaftServer$Division (RaftServerImpl.java:checkInconsistentAppendEntries(1288)) - omNode-2@group-523986131536: inconsistency entries. Reply:omNode-1<-omNode-2#171:FAIL-t7,INCONSISTENCY,nextIndex=144,followerCommit=56
2022-05-11 01:29:52,329 [grpc-default-executor-3] INFO  leader.FollowerInfo (FollowerInfoImpl.java:lambda$new$0(47)) - omNode-1@group-523986131536->omNode-2: nextIndex: updateUnconditionally 146 -> 144
2022-05-11 01:29:52,330 [grpc-default-executor-2] INFO  server.RaftServer$Division (RaftServerImpl.java:checkInconsistentAppendEntries(1296)) - omNode-2@group-523986131536: Failed appendEntries as snapshot (59) installation is in progress
2022-05-11 01:29:52,330 [grpc-default-executor-2] INFO  server.RaftServer$Division (RaftServerImpl.java:checkInconsistentAppendEntries(1288)) - omNode-2@group-523986131536: inconsistency entries. Reply:omNode-1<-omNode-2#172:FAIL-t7,INCONSISTENCY,nextIndex=144,followerCommit=56
2022-05-11 01:29:52,331 [grpc-default-executor-3] INFO  leader.FollowerInfo (FollowerInfoImpl.java:lambda$new$0(47)) - omNode-1@group-523986131536->omNode-2: nextIndex: updateUnconditionally 146 -> 144
2022-05-11 01:29:52,331 [grpc-default-executor-2] INFO  server.RaftServer$Division (RaftServerImpl.java:checkInconsistentAppendEntries(1296)) - omNode-2@group-523986131536: Failed appendEntries as snapshot (59) installation is in progress
2022-05-11 01:29:52,331 [grpc-default-executor-2] INFO  server.RaftServer$Division (RaftServerImpl.java:checkInconsistentAppendEntries(1288)) - omNode-2@group-523986131536: inconsistency entries. Reply:omNode-1<-omNode-2#173:FAIL-t7,INCONSISTENCY,nextIndex=144,followerCommit=56
2022-05-11 01:29:52,332 [grpc-default-executor-3] INFO  leader.FollowerInfo (FollowerInfoImpl.java:lambda$new$0(47)) - omNode-1@group-523986131536->omNode-2: nextIndex: updateUnconditionally 146 -> 144
2022-05-11 01:29:52,339 [grpc-default-executor-2] INFO  server.RaftServer$Division (RaftServerImpl.java:checkInconsistentAppendEntries(1296)) - omNode-2@group-523986131536: Failed appendEntries as snapshot (59) installation is in progress
2022-05-11 01:29:52,339 [grpc-default-executor-2] INFO  server.RaftServer$Division (RaftServerImpl.java:checkInconsistentAppendEntries(1288)) - omNode-2@group-523986131536: inconsistency entries. Reply:omNode-1<-omNode-2#174:FAIL-t7,INCONSISTENCY,nextIndex=144,followerCommit=56
2022-05-11 01:29:52,340 [grpc-default-executor-3] INFO  leader.FollowerInfo (FollowerInfoImpl.java:lambda$new$0(47)) - omNode-1@group-523986131536->omNode-2: nextIndex: updateUnconditionally 146 -> 144
2022-05-11 01:29:52,341 [grpc-default-executor-2] INFO  server.RaftServer$Division (RaftServerImpl.java:checkInconsistentAppendEntries(1296)) - omNode-2@group-523986131536: Failed appendEntries as snapshot (59) installation is in progress
2022-05-11 01:29:52,341 [grpc-default-executor-2] INFO  server.RaftServer$Division (RaftServerImpl.java:checkInconsistentAppendEntries(1288)) - omNode-2@group-523986131536: inconsistency entries. Reply:omNode-1<-omNode-2#175:FAIL-t7,INCONSISTENCY,nextIndex=144,followerCommit=56
2022-05-11 01:29:52,342 [grpc-default-executor-3] INFO  leader.FollowerInfo (FollowerInfoImpl.java:lambda$new$0(47)) - omNode-1@group-523986131536->omNode-2: nextIndex: updateUnconditionally 146 -> 144
2022-05-11 01:29:52,342 [grpc-default-executor-2] INFO  server.RaftServer$Division (RaftServerImpl.java:checkInconsistentAppendEntries(1296)) - omNode-2@group-523986131536: Failed appendEntries as snapshot (59) installation is in progress
2022-05-11 01:29:52,343 [grpc-default-executor-2] INFO  server.RaftServer$Division (RaftServerImpl.java:checkInconsistentAppendEntries(1288)) - omNode-2@group-523986131536: inconsistency entries. Reply:omNode-1<-omNode-2#176:FAIL-t7,INCONSISTENCY,nextIndex=144,followerCommit=56
2022-05-11 01:29:52,343 [grpc-default-executor-3] INFO  leader.FollowerInfo (FollowerInfoImpl.java:lambda$new$0(47)) - omNode-1@group-523986131536->omNode-2: nextIndex: updateUnconditionally 146 -> 144
2022-05-11 01:29:52,344 [grpc-default-executor-2] INFO  server.RaftServer$Division (RaftServerImpl.java:checkInconsistentAppendEntries(1296)) - omNode-2@group-523986131536: Failed appendEntries as snapshot (59) installation is in progress
2022-05-11 01:29:52,344 [grpc-default-executor-2] INFO  server.RaftServer$Division (RaftServerImpl.java:checkInconsistentAppendEntries(1288)) - omNode-2@group-523986131536: inconsistency entries. Reply:omNode-1<-omNode-2#177:FAIL-t7,INCONSISTENCY,nextIndex=144,followerCommit=56
2022-05-11 01:29:52,344 [grpc-default-executor-3] INFO  leader.FollowerInfo (FollowerInfoImpl.java:lambda$new$0(47)) - omNode-1@group-523986131536->omNode-2: nextIndex: updateUnconditionally 146 -> 144
2022-05-11 01:29:52,345 [grpc-default-executor-2] INFO  server.RaftServer$Division (RaftServerImpl.java:checkInconsistentAppendEntries(1296)) - omNode-2@group-523986131536: Failed appendEntries as snapshot (59) installation is in progress
2022-05-11 01:29:52,345 [grpc-default-executor-2] INFO  server.RaftServer$Division (RaftServerImpl.java:checkInconsistentAppendEntries(1288)) - omNode-2@group-523986131536: inconsistency entries. Reply:omNode-1<-omNode-2#178:FAIL-t7,INCONSISTENCY,nextIndex=144,followerCommit=56
2022-05-11 01:29:52,345 [grpc-default-executor-3] INFO  leader.FollowerInfo (FollowerInfoImpl.java:lambda$new$0(47)) - omNode-1@group-523986131536->omNode-2: nextIndex: updateUnconditionally 146 -> 144
2022-05-11 01:29:52,345 [grpc-default-executor-2] INFO  server.RaftServer$Division (RaftServerImpl.java:checkInconsistentAppendEntries(1296)) - omNode-2@group-523986131536: Failed appendEntries as snapshot (59) installation is in progress
2022-05-11 01:29:52,346 [grpc-default-executor-2] INFO  server.RaftServer$Division (RaftServerImpl.java:checkInconsistentAppendEntries(1288)) - omNode-2@group-523986131536: inconsistency entries. Reply:omNode-1<-omNode-2#179:FAIL-t7,INCONSISTENCY,nextIndex=144,followerCommit=56
2022-05-11 01:29:52,346 [grpc-default-executor-3] INFO  leader.FollowerInfo (FollowerInfoImpl.java:lambda$new$0(47)) - omNode-1@group-523986131536->omNode-2: nextIndex: updateUnconditionally 146 -> 144
2022-05-11 01:29:52,346 [grpc-default-executor-2] INFO  server.RaftServer$Division (RaftServerImpl.java:checkInconsistentAppendEntries(1296)) - omNode-2@group-523986131536: Failed appendEntries as snapshot (59) installation is in progress
2022-05-11 01:29:52,347 [grpc-default-executor-2] INFO  server.RaftServer$Division (RaftServerImpl.java:checkInconsistentAppendEntries(1288)) - omNode-2@group-523986131536: inconsistency entries. Reply:omNode-1<-omNode-2#180:FAIL-t7,INCONSISTENCY,nextIndex=144,followerCommit=56
2022-05-11 01:29:52,347 [grpc-default-executor-3] INFO  leader.FollowerInfo (FollowerInfoImpl.java:lambda$new$0(47)) - omNode-1@group-523986131536->omNode-2: nextIndex: updateUnconditionally 146 -> 144
2022-05-11 01:29:52,349 [grpc-default-executor-2] INFO  server.RaftServer$Division (RaftServerImpl.java:checkInconsistentAppendEntries(1296)) - omNode-2@group-523986131536: Failed appendEntries as snapshot (59) installation is in progress
2022-05-11 01:29:52,349 [grpc-default-executor-2] INFO  server.RaftServer$Division (RaftServerImpl.java:checkInconsistentAppendEntries(1288)) - omNode-2@group-523986131536: inconsistency entries. Reply:omNode-1<-omNode-2#181:FAIL-t7,INCONSISTENCY,nextIndex=144,followerCommit=56
2022-05-11 01:29:52,350 [grpc-default-executor-3] INFO  leader.FollowerInfo (FollowerInfoImpl.java:lambda$new$0(47)) - omNode-1@group-523986131536->omNode-2: nextIndex: updateUnconditionally 146 -> 144
2022-05-11 01:29:52,350 [grpc-default-executor-2] INFO  server.RaftServer$Division (RaftServerImpl.java:checkInconsistentAppendEntries(1296)) - omNode-2@group-523986131536: Failed appendEntries as snapshot (59) installation is in progress
2022-05-11 01:29:52,350 [grpc-default-executor-2] INFO  server.RaftServer$Division (RaftServerImpl.java:checkInconsistentAppendEntries(1288)) - omNode-2@group-523986131536: inconsistency entries. Reply:omNode-1<-omNode-2#182:FAIL-t7,INCONSISTENCY,nextIndex=144,followerCommit=56
2022-05-11 01:29:52,351 [grpc-default-executor-3] INFO  leader.FollowerInfo (FollowerInfoImpl.java:lambda$new$0(47)) - omNode-1@group-523986131536->omNode-2: nextIndex: updateUnconditionally 146 -> 144
2022-05-11 01:29:52,351 [grpc-default-executor-2] INFO  server.RaftServer$Division (RaftServerImpl.java:checkInconsistentAppendEntries(1296)) - omNode-2@group-523986131536: Failed appendEntries as snapshot (59) installation is in progress
2022-05-11 01:29:52,351 [grpc-default-executor-2] INFO  server.RaftServer$Division (RaftServerImpl.java:checkInconsistentAppendEntries(1288)) - omNode-2@group-523986131536: inconsistency entries. Reply:omNode-1<-omNode-2#183:FAIL-t7,INCONSISTENCY,nextIndex=144,followerCommit=56
2022-05-11 01:29:52,352 [grpc-default-executor-3] INFO  leader.FollowerInfo (FollowerInfoImpl.java:lambda$new$0(47)) - omNode-1@group-523986131536->omNode-2: nextIndex: updateUnconditionally 146 -> 144
2022-05-11 01:29:52,352 [grpc-default-executor-2] INFO  server.RaftServer$Division (RaftServerImpl.java:checkInconsistentAppendEntries(1296)) - omNode-2@group-523986131536: Failed appendEntries as snapshot (59) installation is in progress
2022-05-11 01:29:52,352 [grpc-default-executor-2] INFO  server.RaftServer$Division (RaftServerImpl.java:checkInconsistentAppendEntries(1288)) - omNode-2@group-523986131536: inconsistency entries. Reply:omNode-1<-omNode-2#184:FAIL-t7,INCONSISTENCY,nextIndex=144,followerCommit=56
2022-05-11 01:29:52,353 [grpc-default-executor-3] INFO  leader.FollowerInfo (FollowerInfoImpl.java:lambda$new$0(47)) - omNode-1@group-523986131536->omNode-2: nextIndex: updateUnconditionally 146 -> 144
2022-05-11 01:29:52,353 [grpc-default-executor-2] INFO  server.RaftServer$Division (RaftServerImpl.java:checkInconsistentAppendEntries(1296)) - omNode-2@group-523986131536: Failed appendEntries as snapshot (59) installation is in progress
2022-05-11 01:29:52,353 [grpc-default-executor-2] INFO  server.RaftServer$Division (RaftServerImpl.java:checkInconsistentAppendEntries(1288)) - omNode-2@group-523986131536: inconsistency entries. Reply:omNode-1<-omNode-2#185:FAIL-t7,INCONSISTENCY,nextIndex=144,followerCommit=56
2022-05-11 01:29:52,354 [grpc-default-executor-3] INFO  leader.FollowerInfo (FollowerInfoImpl.java:lambda$new$0(47)) - omNode-1@group-523986131536->omNode-2: nextIndex: updateUnconditionally 146 -> 144
2022-05-11 01:29:52,359 [grpc-default-executor-2] INFO  server.RaftServer$Division (RaftServerImpl.java:checkInconsistentAppendEntries(1296)) - omNode-2@group-523986131536: Failed appendEntries as snapshot (59) installation is in progress
2022-05-11 01:29:52,359 [grpc-default-executor-2] INFO  server.RaftServer$Division (RaftServerImpl.java:checkInconsistentAppendEntries(1288)) - omNode-2@group-523986131536: inconsistency entries. Reply:omNode-1<-omNode-2#186:FAIL-t7,INCONSISTENCY,nextIndex=144,followerCommit=56
2022-05-11 01:29:52,359 [grpc-default-executor-3] INFO  leader.FollowerInfo (FollowerInfoImpl.java:lambda$new$0(47)) - omNode-1@group-523986131536->omNode-2: nextIndex: updateUnconditionally 146 -> 144
2022-05-11 01:29:52,360 [grpc-default-executor-2] INFO  server.RaftServer$Division (RaftServerImpl.java:checkInconsistentAppendEntries(1296)) - omNode-2@group-523986131536: Failed appendEntries as snapshot (59) installation is in progress
2022-05-11 01:29:52,360 [grpc-default-executor-2] INFO  server.RaftServer$Division (RaftServerImpl.java:checkInconsistentAppendEntries(1288)) - omNode-2@group-523986131536: inconsistency entries. Reply:omNode-1<-omNode-2#187:FAIL-t7,INCONSISTENCY,nextIndex=144,followerCommit=56
2022-05-11 01:29:52,360 [grpc-default-executor-3] INFO  leader.FollowerInfo (FollowerInfoImpl.java:lambda$new$0(47)) - omNode-1@group-523986131536->omNode-2: nextIndex: updateUnconditionally 146 -> 144
2022-05-11 01:29:52,361 [grpc-default-executor-2] INFO  server.RaftServer$Division (RaftServerImpl.java:checkInconsistentAppendEntries(1296)) - omNode-2@group-523986131536: Failed appendEntries as snapshot (59) installation is in progress
2022-05-11 01:29:52,361 [grpc-default-executor-2] INFO  server.RaftServer$Division (RaftServerImpl.java:checkInconsistentAppendEntries(1288)) - omNode-2@group-523986131536: inconsistency entries. Reply:omNode-1<-omNode-2#188:FAIL-t7,INCONSISTENCY,nextIndex=144,followerCommit=56
2022-05-11 01:29:52,362 [grpc-default-executor-3] INFO  leader.FollowerInfo (FollowerInfoImpl.java:lambda$new$0(47)) - omNode-1@group-523986131536->omNode-2: nextIndex: updateUnconditionally 146 -> 144
2022-05-11 01:29:52,362 [grpc-default-executor-2] INFO  server.RaftServer$Division (RaftServerImpl.java:checkInconsistentAppendEntries(1296)) - omNode-2@group-523986131536: Failed appendEntries as snapshot (59) installation is in progress
2022-05-11 01:29:52,362 [grpc-default-executor-2] INFO  server.RaftServer$Division (RaftServerImpl.java:checkInconsistentAppendEntries(1288)) - omNode-2@group-523986131536: inconsistency entries. Reply:omNode-1<-omNode-2#189:FAIL-t7,INCONSISTENCY,nextIndex=144,followerCommit=56
2022-05-11 01:29:52,363 [grpc-default-executor-3] INFO  leader.FollowerInfo (FollowerInfoImpl.java:lambda$new$0(47)) - omNode-1@group-523986131536->omNode-2: nextIndex: updateUnconditionally 146 -> 144
2022-05-11 01:29:52,369 [grpc-default-executor-2] INFO  server.RaftServer$Division (RaftServerImpl.java:checkInconsistentAppendEntries(1296)) - omNode-2@group-523986131536: Failed appendEntries as snapshot (59) installation is in progress
2022-05-11 01:29:52,369 [grpc-default-executor-2] INFO  server.RaftServer$Division (RaftServerImpl.java:checkInconsistentAppendEntries(1288)) - omNode-2@group-523986131536: inconsistency entries. Reply:omNode-1<-omNode-2#190:FAIL-t7,INCONSISTENCY,nextIndex=144,followerCommit=56
2022-05-11 01:29:52,370 [grpc-default-executor-3] INFO  leader.FollowerInfo (FollowerInfoImpl.java:lambda$new$0(47)) - omNode-1@group-523986131536->omNode-2: nextIndex: updateUnconditionally 146 -> 144
2022-05-11 01:29:52,370 [grpc-default-executor-2] INFO  server.RaftServer$Division (RaftServerImpl.java:checkInconsistentAppendEntries(1296)) - omNode-2@group-523986131536: Failed appendEntries as snapshot (59) installation is in progress
2022-05-11 01:29:52,371 [grpc-default-executor-2] INFO  server.RaftServer$Division (RaftServerImpl.java:checkInconsistentAppendEntries(1288)) - omNode-2@group-523986131536: inconsistency entries. Reply:omNode-1<-omNode-2#191:FAIL-t7,INCONSISTENCY,nextIndex=144,followerCommit=56
2022-05-11 01:29:52,371 [grpc-default-executor-3] INFO  leader.FollowerInfo (FollowerInfoImpl.java:lambda$new$0(47)) - omNode-1@group-523986131536->omNode-2: nextIndex: updateUnconditionally 146 -> 144
2022-05-11 01:29:52,371 [grpc-default-executor-2] INFO  server.RaftServer$Division (RaftServerImpl.java:checkInconsistentAppendEntries(1296)) - omNode-2@group-523986131536: Failed appendEntries as snapshot (59) installation is in progress
2022-05-11 01:29:52,372 [grpc-default-executor-2] INFO  server.RaftServer$Division (RaftServerImpl.java:checkInconsistentAppendEntries(1288)) - omNode-2@group-523986131536: inconsistency entries. Reply:omNode-1<-omNode-2#192:FAIL-t7,INCONSISTENCY,nextIndex=144,followerCommit=56
2022-05-11 01:29:52,372 [grpc-default-executor-3] INFO  leader.FollowerInfo (FollowerInfoImpl.java:lambda$new$0(47)) - omNode-1@group-523986131536->omNode-2: nextIndex: updateUnconditionally 146 -> 144
2022-05-11 01:29:52,372 [grpc-default-executor-2] INFO  server.RaftServer$Division (RaftServerImpl.java:checkInconsistentAppendEntries(1296)) - omNode-2@group-523986131536: Failed appendEntries as snapshot (59) installation is in progress
2022-05-11 01:29:52,373 [grpc-default-executor-2] INFO  server.RaftServer$Division (RaftServerImpl.java:checkInconsistentAppendEntries(1288)) - omNode-2@group-523986131536: inconsistency entries. Reply:omNode-1<-omNode-2#193:FAIL-t7,INCONSISTENCY,nextIndex=144,followerCommit=56
2022-05-11 01:29:52,373 [grpc-default-executor-3] INFO  leader.FollowerInfo (FollowerInfoImpl.java:lambda$new$0(47)) - omNode-1@group-523986131536->omNode-2: nextIndex: updateUnconditionally 146 -> 144
2022-05-11 01:29:52,373 [grpc-default-executor-2] INFO  server.RaftServer$Division (RaftServerImpl.java:checkInconsistentAppendEntries(1296)) - omNode-2@group-523986131536: Failed appendEntries as snapshot (59) installation is in progress
2022-05-11 01:29:52,374 [grpc-default-executor-2] INFO  server.RaftServer$Division (RaftServerImpl.java:checkInconsistentAppendEntries(1288)) - omNode-2@group-523986131536: inconsistency entries. Reply:omNode-1<-omNode-2#194:FAIL-t7,INCONSISTENCY,nextIndex=144,followerCommit=56
2022-05-11 01:29:52,374 [grpc-default-executor-3] INFO  leader.FollowerInfo (FollowerInfoImpl.java:lambda$new$0(47)) - omNode-1@group-523986131536->omNode-2: nextIndex: updateUnconditionally 146 -> 144
2022-05-11 01:29:52,374 [grpc-default-executor-2] INFO  server.RaftServer$Division (RaftServerImpl.java:checkInconsistentAppendEntries(1296)) - omNode-2@group-523986131536: Failed appendEntries as snapshot (59) installation is in progress
2022-05-11 01:29:52,375 [grpc-default-executor-2] INFO  server.RaftServer$Division (RaftServerImpl.java:checkInconsistentAppendEntries(1288)) - omNode-2@group-523986131536: inconsistency entries. Reply:omNode-1<-omNode-2#195:FAIL-t7,INCONSISTENCY,nextIndex=144,followerCommit=56
2022-05-11 01:29:52,375 [grpc-default-executor-3] INFO  leader.FollowerInfo (FollowerInfoImpl.java:lambda$new$0(47)) - omNode-1@group-523986131536->omNode-2: nextIndex: updateUnconditionally 146 -> 144
2022-05-11 01:29:52,375 [grpc-default-executor-2] INFO  server.RaftServer$Division (RaftServerImpl.java:checkInconsistentAppendEntries(1296)) - omNode-2@group-523986131536: Failed appendEntries as snapshot (59) installation is in progress
2022-05-11 01:29:52,376 [grpc-default-executor-2] INFO  server.RaftServer$Division (RaftServerImpl.java:checkInconsistentAppendEntries(1288)) - omNode-2@group-523986131536: inconsistency entries. Reply:omNode-1<-omNode-2#196:FAIL-t7,INCONSISTENCY,nextIndex=144,followerCommit=56
2022-05-11 01:29:52,376 [grpc-default-executor-3] INFO  leader.FollowerInfo (FollowerInfoImpl.java:lambda$new$0(47)) - omNode-1@group-523986131536->omNode-2: nextIndex: updateUnconditionally 146 -> 144
2022-05-11 01:29:52,376 [grpc-default-executor-2] INFO  server.RaftServer$Division (RaftServerImpl.java:checkInconsistentAppendEntries(1296)) - omNode-2@group-523986131536: Failed appendEntries as snapshot (59) installation is in progress
2022-05-11 01:29:52,377 [grpc-default-executor-2] INFO  server.RaftServer$Division (RaftServerImpl.java:checkInconsistentAppendEntries(1288)) - omNode-2@group-523986131536: inconsistency entries. Reply:omNode-1<-omNode-2#197:FAIL-t7,INCONSISTENCY,nextIndex=144,followerCommit=56
2022-05-11 01:29:52,377 [grpc-default-executor-3] INFO  leader.FollowerInfo (FollowerInfoImpl.java:lambda$new$0(47)) - omNode-1@group-523986131536->omNode-2: nextIndex: updateUnconditionally 146 -> 144
2022-05-11 01:29:52,377 [grpc-default-executor-2] INFO  server.RaftServer$Division (RaftServerImpl.java:checkInconsistentAppendEntries(1296)) - omNode-2@group-523986131536: Failed appendEntries as snapshot (59) installation is in progress
2022-05-11 01:29:52,378 [grpc-default-executor-2] INFO  server.RaftServer$Division (RaftServerImpl.java:checkInconsistentAppendEntries(1288)) - omNode-2@group-523986131536: inconsistency entries. Reply:omNode-1<-omNode-2#198:FAIL-t7,INCONSISTENCY,nextIndex=144,followerCommit=56
2022-05-11 01:29:52,378 [grpc-default-executor-3] INFO  leader.FollowerInfo (FollowerInfoImpl.java:lambda$new$0(47)) - omNode-1@group-523986131536->omNode-2: nextIndex: updateUnconditionally 146 -> 144
2022-05-11 01:29:52,380 [grpc-default-executor-2] INFO  server.RaftServer$Division (RaftServerImpl.java:checkInconsistentAppendEntries(1296)) - omNode-2@group-523986131536: Failed appendEntries as snapshot (59) installation is in progress
2022-05-11 01:29:52,381 [grpc-default-executor-2] INFO  server.RaftServer$Division (RaftServerImpl.java:checkInconsistentAppendEntries(1288)) - omNode-2@group-523986131536: inconsistency entries. Reply:omNode-1<-omNode-2#199:FAIL-t7,INCONSISTENCY,nextIndex=144,followerCommit=56
2022-05-11 01:29:52,382 [grpc-default-executor-3] INFO  leader.FollowerInfo (FollowerInfoImpl.java:lambda$new$0(47)) - omNode-1@group-523986131536->omNode-2: nextIndex: updateUnconditionally 146 -> 144
2022-05-11 01:29:52,382 [grpc-default-executor-2] INFO  server.RaftServer$Division (RaftServerImpl.java:checkInconsistentAppendEntries(1296)) - omNode-2@group-523986131536: Failed appendEntries as snapshot (59) installation is in progress
2022-05-11 01:29:52,383 [grpc-default-executor-2] INFO  server.RaftServer$Division (RaftServerImpl.java:checkInconsistentAppendEntries(1288)) - omNode-2@group-523986131536: inconsistency entries. Reply:omNode-1<-omNode-2#200:FAIL-t7,INCONSISTENCY,nextIndex=144,followerCommit=56
2022-05-11 01:29:52,383 [grpc-default-executor-3] INFO  leader.FollowerInfo (FollowerInfoImpl.java:lambda$new$0(47)) - omNode-1@group-523986131536->omNode-2: nextIndex: updateUnconditionally 146 -> 144
2022-05-11 01:29:52,383 [grpc-default-executor-2] INFO  server.RaftServer$Division (RaftServerImpl.java:checkInconsistentAppendEntries(1296)) - omNode-2@group-523986131536: Failed appendEntries as snapshot (59) installation is in progress
2022-05-11 01:29:52,383 [grpc-default-executor-2] INFO  server.RaftServer$Division (RaftServerImpl.java:checkInconsistentAppendEntries(1288)) - omNode-2@group-523986131536: inconsistency entries. Reply:omNode-1<-omNode-2#201:FAIL-t7,INCONSISTENCY,nextIndex=144,followerCommit=56
2022-05-11 01:29:52,384 [grpc-default-executor-3] INFO  leader.FollowerInfo (FollowerInfoImpl.java:lambda$new$0(47)) - omNode-1@group-523986131536->omNode-2: nextIndex: updateUnconditionally 146 -> 144
2022-05-11 01:29:52,384 [grpc-default-executor-2] INFO  server.RaftServer$Division (RaftServerImpl.java:checkInconsistentAppendEntries(1296)) - omNode-2@group-523986131536: Failed appendEntries as snapshot (59) installation is in progress
2022-05-11 01:29:52,384 [grpc-default-executor-2] INFO  server.RaftServer$Division (RaftServerImpl.java:checkInconsistentAppendEntries(1288)) - omNode-2@group-523986131536: inconsistency entries. Reply:omNode-1<-omNode-2#202:FAIL-t7,INCONSISTENCY,nextIndex=144,followerCommit=56
2022-05-11 01:29:52,385 [grpc-default-executor-3] INFO  leader.FollowerInfo (FollowerInfoImpl.java:lambda$new$0(47)) - omNode-1@group-523986131536->omNode-2: nextIndex: updateUnconditionally 146 -> 144
2022-05-11 01:29:52,385 [grpc-default-executor-2] INFO  server.RaftServer$Division (RaftServerImpl.java:checkInconsistentAppendEntries(1296)) - omNode-2@group-523986131536: Failed appendEntries as snapshot (59) installation is in progress
2022-05-11 01:29:52,385 [grpc-default-executor-2] INFO  server.RaftServer$Division (RaftServerImpl.java:checkInconsistentAppendEntries(1288)) - omNode-2@group-523986131536: inconsistency entries. Reply:omNode-1<-omNode-2#203:FAIL-t7,INCONSISTENCY,nextIndex=144,followerCommit=56
2022-05-11 01:29:52,386 [grpc-default-executor-3] INFO  leader.FollowerInfo (FollowerInfoImpl.java:lambda$new$0(47)) - omNode-1@group-523986131536->omNode-2: nextIndex: updateUnconditionally 146 -> 144
2022-05-11 01:29:52,391 [grpc-default-executor-2] INFO  server.RaftServer$Division (RaftServerImpl.java:checkInconsistentAppendEntries(1296)) - omNode-2@group-523986131536: Failed appendEntries as snapshot (59) installation is in progress
2022-05-11 01:29:52,391 [grpc-default-executor-2] INFO  server.RaftServer$Division (RaftServerImpl.java:checkInconsistentAppendEntries(1288)) - omNode-2@group-523986131536: inconsistency entries. Reply:omNode-1<-omNode-2#204:FAIL-t7,INCONSISTENCY,nextIndex=144,followerCommit=56
2022-05-11 01:29:52,391 [grpc-default-executor-3] INFO  leader.FollowerInfo (FollowerInfoImpl.java:lambda$new$0(47)) - omNode-1@group-523986131536->omNode-2: nextIndex: updateUnconditionally 146 -> 144
2022-05-11 01:29:52,392 [grpc-default-executor-2] INFO  server.RaftServer$Division (RaftServerImpl.java:checkInconsistentAppendEntries(1296)) - omNode-2@group-523986131536: Failed appendEntries as snapshot (59) installation is in progress
2022-05-11 01:29:52,392 [grpc-default-executor-2] INFO  server.RaftServer$Division (RaftServerImpl.java:checkInconsistentAppendEntries(1288)) - omNode-2@group-523986131536: inconsistency entries. Reply:omNode-1<-omNode-2#205:FAIL-t7,INCONSISTENCY,nextIndex=144,followerCommit=56
2022-05-11 01:29:52,392 [grpc-default-executor-3] INFO  leader.FollowerInfo (FollowerInfoImpl.java:lambda$new$0(47)) - omNode-1@group-523986131536->omNode-2: nextIndex: updateUnconditionally 146 -> 144
2022-05-11 01:29:52,393 [grpc-default-executor-2] INFO  server.RaftServer$Division (RaftServerImpl.java:checkInconsistentAppendEntries(1296)) - omNode-2@group-523986131536: Failed appendEntries as snapshot (59) installation is in progress
2022-05-11 01:29:52,393 [grpc-default-executor-2] INFO  server.RaftServer$Division (RaftServerImpl.java:checkInconsistentAppendEntries(1288)) - omNode-2@group-523986131536: inconsistency entries. Reply:omNode-1<-omNode-2#206:FAIL-t7,INCONSISTENCY,nextIndex=144,followerCommit=56
2022-05-11 01:29:52,393 [grpc-default-executor-3] INFO  leader.FollowerInfo (FollowerInfoImpl.java:lambda$new$0(47)) - omNode-1@group-523986131536->omNode-2: nextIndex: updateUnconditionally 146 -> 144
2022-05-11 01:29:52,399 [grpc-default-executor-2] INFO  server.RaftServer$Division (RaftServerImpl.java:checkInconsistentAppendEntries(1296)) - omNode-2@group-523986131536: Failed appendEntries as snapshot (59) installation is in progress
2022-05-11 01:29:52,399 [grpc-default-executor-2] INFO  server.RaftServer$Division (RaftServerImpl.java:checkInconsistentAppendEntries(1288)) - omNode-2@group-523986131536: inconsistency entries. Reply:omNode-1<-omNode-2#207:FAIL-t7,INCONSISTENCY,nextIndex=144,followerCommit=56
2022-05-11 01:29:52,399 [grpc-default-executor-3] INFO  leader.FollowerInfo (FollowerInfoImpl.java:lambda$new$0(47)) - omNode-1@group-523986131536->omNode-2: nextIndex: updateUnconditionally 146 -> 144
2022-05-11 01:29:52,400 [grpc-default-executor-2] INFO  server.RaftServer$Division (RaftServerImpl.java:checkInconsistentAppendEntries(1296)) - omNode-2@group-523986131536: Failed appendEntries as snapshot (59) installation is in progress
2022-05-11 01:29:52,400 [grpc-default-executor-2] INFO  server.RaftServer$Division (RaftServerImpl.java:checkInconsistentAppendEntries(1288)) - omNode-2@group-523986131536: inconsistency entries. Reply:omNode-1<-omNode-2#208:FAIL-t7,INCONSISTENCY,nextIndex=144,followerCommit=56
2022-05-11 01:29:52,400 [grpc-default-executor-3] INFO  leader.FollowerInfo (FollowerInfoImpl.java:lambda$new$0(47)) - omNode-1@group-523986131536->omNode-2: nextIndex: updateUnconditionally 146 -> 144
2022-05-11 01:29:52,401 [grpc-default-executor-2] INFO  server.RaftServer$Division (RaftServerImpl.java:checkInconsistentAppendEntries(1296)) - omNode-2@group-523986131536: Failed appendEntries as snapshot (59) installation is in progress
2022-05-11 01:29:52,401 [grpc-default-executor-2] INFO  server.RaftServer$Division (RaftServerImpl.java:checkInconsistentAppendEntries(1288)) - omNode-2@group-523986131536: inconsistency entries. Reply:omNode-1<-omNode-2#209:FAIL-t7,INCONSISTENCY,nextIndex=144,followerCommit=56
2022-05-11 01:29:52,401 [grpc-default-executor-3] INFO  leader.FollowerInfo (FollowerInfoImpl.java:lambda$new$0(47)) - omNode-1@group-523986131536->omNode-2: nextIndex: updateUnconditionally 146 -> 144
2022-05-11 01:29:52,402 [grpc-default-executor-2] INFO  server.RaftServer$Division (RaftServerImpl.java:checkInconsistentAppendEntries(1296)) - omNode-2@group-523986131536: Failed appendEntries as snapshot (59) installation is in progress
2022-05-11 01:29:52,402 [grpc-default-executor-2] INFO  server.RaftServer$Division (RaftServerImpl.java:checkInconsistentAppendEntries(1288)) - omNode-2@group-523986131536: inconsistency entries. Reply:omNode-1<-omNode-2#210:FAIL-t7,INCONSISTENCY,nextIndex=144,followerCommit=56
2022-05-11 01:29:52,402 [grpc-default-executor-3] INFO  leader.FollowerInfo (FollowerInfoImpl.java:lambda$new$0(47)) - omNode-1@group-523986131536->omNode-2: nextIndex: updateUnconditionally 146 -> 144
2022-05-11 01:29:52,403 [grpc-default-executor-2] INFO  server.RaftServer$Division (RaftServerImpl.java:checkInconsistentAppendEntries(1296)) - omNode-2@group-523986131536: Failed appendEntries as snapshot (59) installation is in progress
2022-05-11 01:29:52,403 [grpc-default-executor-2] INFO  server.RaftServer$Division (RaftServerImpl.java:checkInconsistentAppendEntries(1288)) - omNode-2@group-523986131536: inconsistency entries. Reply:omNode-1<-omNode-2#211:FAIL-t7,INCONSISTENCY,nextIndex=144,followerCommit=56
2022-05-11 01:29:52,403 [grpc-default-executor-3] INFO  leader.FollowerInfo (FollowerInfoImpl.java:lambda$new$0(47)) - omNode-1@group-523986131536->omNode-2: nextIndex: updateUnconditionally 146 -> 144
2022-05-11 01:29:52,406 [grpc-default-executor-2] INFO  server.RaftServer$Division (RaftServerImpl.java:checkInconsistentAppendEntries(1296)) - omNode-2@group-523986131536: Failed appendEntries as snapshot (59) installation is in progress
2022-05-11 01:29:52,406 [grpc-default-executor-2] INFO  server.RaftServer$Division (RaftServerImpl.java:checkInconsistentAppendEntries(1288)) - omNode-2@group-523986131536: inconsistency entries. Reply:omNode-1<-omNode-2#212:FAIL-t7,INCONSISTENCY,nextIndex=144,followerCommit=56
2022-05-11 01:29:52,406 [grpc-default-executor-3] INFO  leader.FollowerInfo (FollowerInfoImpl.java:lambda$new$0(47)) - omNode-1@group-523986131536->omNode-2: nextIndex: updateUnconditionally 146 -> 144
2022-05-11 01:29:52,407 [grpc-default-executor-2] INFO  server.RaftServer$Division (RaftServerImpl.java:checkInconsistentAppendEntries(1296)) - omNode-2@group-523986131536: Failed appendEntries as snapshot (59) installation is in progress
2022-05-11 01:29:52,407 [grpc-default-executor-2] INFO  server.RaftServer$Division (RaftServerImpl.java:checkInconsistentAppendEntries(1288)) - omNode-2@group-523986131536: inconsistency entries. Reply:omNode-1<-omNode-2#213:FAIL-t7,INCONSISTENCY,nextIndex=144,followerCommit=56
2022-05-11 01:29:52,407 [grpc-default-executor-3] INFO  leader.FollowerInfo (FollowerInfoImpl.java:lambda$new$0(47)) - omNode-1@group-523986131536->omNode-2: nextIndex: updateUnconditionally 146 -> 144
2022-05-11 01:29:52,408 [grpc-default-executor-2] INFO  server.RaftServer$Division (RaftServerImpl.java:checkInconsistentAppendEntries(1296)) - omNode-2@group-523986131536: Failed appendEntries as snapshot (59) installation is in progress
2022-05-11 01:29:52,408 [grpc-default-executor-2] INFO  server.RaftServer$Division (RaftServerImpl.java:checkInconsistentAppendEntries(1288)) - omNode-2@group-523986131536: inconsistency entries. Reply:omNode-1<-omNode-2#214:FAIL-t7,INCONSISTENCY,nextIndex=144,followerCommit=56
2022-05-11 01:29:52,409 [grpc-default-executor-3] INFO  leader.FollowerInfo (FollowerInfoImpl.java:lambda$new$0(47)) - omNode-1@group-523986131536->omNode-2: nextIndex: updateUnconditionally 146 -> 144
2022-05-11 01:29:52,409 [grpc-default-executor-2] INFO  server.RaftServer$Division (RaftServerImpl.java:checkInconsistentAppendEntries(1296)) - omNode-2@group-523986131536: Failed appendEntries as snapshot (59) installation is in progress
2022-05-11 01:29:52,409 [grpc-default-executor-2] INFO  server.RaftServer$Division (RaftServerImpl.java:checkInconsistentAppendEntries(1288)) - omNode-2@group-523986131536: inconsistency entries. Reply:omNode-1<-omNode-2#215:FAIL-t7,INCONSISTENCY,nextIndex=144,followerCommit=56
2022-05-11 01:29:52,410 [grpc-default-executor-3] INFO  leader.FollowerInfo (FollowerInfoImpl.java:lambda$new$0(47)) - omNode-1@group-523986131536->omNode-2: nextIndex: updateUnconditionally 146 -> 144
2022-05-11 01:29:52,411 [grpc-default-executor-2] INFO  server.RaftServer$Division (RaftServerImpl.java:checkInconsistentAppendEntries(1296)) - omNode-2@group-523986131536: Failed appendEntries as snapshot (59) installation is in progress
2022-05-11 01:29:52,411 [grpc-default-executor-2] INFO  server.RaftServer$Division (RaftServerImpl.java:checkInconsistentAppendEntries(1288)) - omNode-2@group-523986131536: inconsistency entries. Reply:omNode-1<-omNode-2#216:FAIL-t7,INCONSISTENCY,nextIndex=144,followerCommit=56
2022-05-11 01:29:52,411 [grpc-default-executor-3] INFO  leader.FollowerInfo (FollowerInfoImpl.java:lambda$new$0(47)) - omNode-1@group-523986131536->omNode-2: nextIndex: updateUnconditionally 146 -> 144
2022-05-11 01:29:52,416 [grpc-default-executor-2] INFO  server.RaftServer$Division (RaftServerImpl.java:checkInconsistentAppendEntries(1296)) - omNode-2@group-523986131536: Failed appendEntries as snapshot (59) installation is in progress
2022-05-11 01:29:52,416 [grpc-default-executor-2] INFO  server.RaftServer$Division (RaftServerImpl.java:checkInconsistentAppendEntries(1288)) - omNode-2@group-523986131536: inconsistency entries. Reply:omNode-1<-omNode-2#217:FAIL-t7,INCONSISTENCY,nextIndex=144,followerCommit=56
2022-05-11 01:29:52,416 [grpc-default-executor-1] INFO  leader.FollowerInfo (FollowerInfoImpl.java:lambda$new$0(47)) - omNode-1@group-523986131536->omNode-2: nextIndex: updateUnconditionally 146 -> 144
2022-05-11 01:29:52,417 [grpc-default-executor-3] INFO  server.RaftServer$Division (ServerState.java:setLeader(285)) - omNode-3@group-523986131536: change Leader from null to omNode-1 at term 7 for appendEntries, leader elected after 715ms
2022-05-11 01:29:52,417 [grpc-default-executor-3] INFO  server.RaftServer$Division (RaftServerImpl.java:checkInconsistentAppendEntries(1322)) - omNode-3@group-523986131536: Failed appendEntries as previous log entry ((t:7, i:145)) is not found
2022-05-11 01:29:52,417 [grpc-default-executor-3] INFO  server.RaftServer$Division (RaftServerImpl.java:checkInconsistentAppendEntries(1288)) - omNode-3@group-523986131536: inconsistency entries. Reply:omNode-1<-omNode-3#353927:FAIL-t5,INCONSISTENCY,nextIndex=145,followerCommit=144
2022-05-11 01:29:52,418 [grpc-default-executor-3] INFO  leader.FollowerInfo (FollowerInfoImpl.java:lambda$new$0(47)) - omNode-1@group-523986131536->omNode-3: nextIndex: updateUnconditionally 146 -> 145
2022-05-11 01:29:52,418 [grpc-default-executor-2] INFO  server.RaftServer$Division (RaftServerImpl.java:checkInconsistentAppendEntries(1296)) - omNode-2@group-523986131536: Failed appendEntries as snapshot (59) installation is in progress
2022-05-11 01:29:52,419 [grpc-default-executor-2] INFO  server.RaftServer$Division (RaftServerImpl.java:checkInconsistentAppendEntries(1288)) - omNode-2@group-523986131536: inconsistency entries. Reply:omNode-1<-omNode-2#218:FAIL-t7,INCONSISTENCY,nextIndex=144,followerCommit=56
2022-05-11 01:29:52,419 [grpc-default-executor-3] INFO  server.RaftServer$Division (RaftServerImpl.java:checkInconsistentAppendEntries(1296)) - omNode-2@group-523986131536: Failed appendEntries as snapshot (59) installation is in progress
2022-05-11 01:29:52,419 [grpc-default-executor-3] INFO  server.RaftServer$Division (RaftServerImpl.java:checkInconsistentAppendEntries(1288)) - omNode-2@group-523986131536: inconsistency entries. Reply:omNode-1<-omNode-2#219:FAIL-t7,INCONSISTENCY,nextIndex=144,followerCommit=56
2022-05-11 01:29:52,420 [grpc-default-executor-3] INFO  leader.FollowerInfo (FollowerInfoImpl.java:lambda$new$0(47)) - omNode-1@group-523986131536->omNode-2: nextIndex: updateUnconditionally 146 -> 144
2022-05-11 01:29:52,420 [grpc-default-executor-3] INFO  leader.FollowerInfo (FollowerInfoImpl.java:lambda$new$0(47)) - omNode-1@group-523986131536->omNode-2: nextIndex: updateUnconditionally 146 -> 144
2022-05-11 01:29:52,421 [grpc-default-executor-3] INFO  server.RaftServer$Division (RaftServerImpl.java:checkInconsistentAppendEntries(1296)) - omNode-2@group-523986131536: Failed appendEntries as snapshot (59) installation is in progress
2022-05-11 01:29:52,421 [grpc-default-executor-3] INFO  server.RaftServer$Division (RaftServerImpl.java:checkInconsistentAppendEntries(1288)) - omNode-2@group-523986131536: inconsistency entries. Reply:omNode-1<-omNode-2#220:FAIL-t7,INCONSISTENCY,nextIndex=144,followerCommit=56
2022-05-11 01:29:52,421 [grpc-default-executor-3] INFO  server.RaftServer$Division (RaftServerImpl.java:checkInconsistentAppendEntries(1296)) - omNode-2@group-523986131536: Failed appendEntries as snapshot (59) installation is in progress
2022-05-11 01:29:52,421 [grpc-default-executor-3] INFO  server.RaftServer$Division (RaftServerImpl.java:checkInconsistentAppendEntries(1288)) - omNode-2@group-523986131536: inconsistency entries. Reply:omNode-1<-omNode-2#221:FAIL-t7,INCONSISTENCY,nextIndex=144,followerCommit=56
2022-05-11 01:29:52,422 [grpc-default-executor-3] INFO  leader.FollowerInfo (FollowerInfoImpl.java:lambda$new$0(47)) - omNode-1@group-523986131536->omNode-2: nextIndex: updateUnconditionally 146 -> 144
2022-05-11 01:29:52,422 [grpc-default-executor-3] INFO  leader.FollowerInfo (FollowerInfoImpl.java:lambda$new$0(47)) - omNode-1@group-523986131536->omNode-2: nextIndex: updateUnconditionally 146 -> 144
2022-05-11 01:29:52,422 [grpc-default-executor-1] INFO  server.RaftServer$Division (RaftServerImpl.java:checkInconsistentAppendEntries(1296)) - omNode-2@group-523986131536: Failed appendEntries as snapshot (59) installation is in progress
2022-05-11 01:29:52,423 [grpc-default-executor-1] INFO  server.RaftServer$Division (RaftServerImpl.java:checkInconsistentAppendEntries(1288)) - omNode-2@group-523986131536: inconsistency entries. Reply:omNode-1<-omNode-2#222:FAIL-t7,INCONSISTENCY,nextIndex=144,followerCommit=56
2022-05-11 01:29:52,423 [grpc-default-executor-1] INFO  leader.FollowerInfo (FollowerInfoImpl.java:lambda$new$0(47)) - omNode-1@group-523986131536->omNode-2: nextIndex: updateUnconditionally 146 -> 144
2022-05-11 01:29:52,423 [grpc-default-executor-1] INFO  server.RaftServer$Division (RaftServerImpl.java:checkInconsistentAppendEntries(1296)) - omNode-2@group-523986131536: Failed appendEntries as snapshot (59) installation is in progress
2022-05-11 01:29:52,423 [grpc-default-executor-1] INFO  server.RaftServer$Division (RaftServerImpl.java:checkInconsistentAppendEntries(1288)) - omNode-2@group-523986131536: inconsistency entries. Reply:omNode-1<-omNode-2#223:FAIL-t7,INCONSISTENCY,nextIndex=144,followerCommit=56
2022-05-11 01:29:52,424 [grpc-default-executor-1] INFO  server.RaftServer$Division (RaftServerImpl.java:checkInconsistentAppendEntries(1296)) - omNode-2@group-523986131536: Failed appendEntries as snapshot (59) installation is in progress
2022-05-11 01:29:52,424 [grpc-default-executor-1] INFO  server.RaftServer$Division (RaftServerImpl.java:checkInconsistentAppendEntries(1288)) - omNode-2@group-523986131536: inconsistency entries. Reply:omNode-1<-omNode-2#224:FAIL-t7,INCONSISTENCY,nextIndex=144,followerCommit=56
2022-05-11 01:29:52,424 [grpc-default-executor-1] INFO  leader.FollowerInfo (FollowerInfoImpl.java:lambda$new$0(47)) - omNode-1@group-523986131536->omNode-2: nextIndex: updateUnconditionally 146 -> 144
2022-05-11 01:29:52,425 [grpc-default-executor-1] INFO  leader.FollowerInfo (FollowerInfoImpl.java:lambda$new$0(47)) - omNode-1@group-523986131536->omNode-2: nextIndex: updateUnconditionally 146 -> 144
2022-05-11 01:29:52,425 [grpc-default-executor-1] INFO  server.RaftServer$Division (RaftServerImpl.java:checkInconsistentAppendEntries(1296)) - omNode-2@group-523986131536: Failed appendEntries as snapshot (59) installation is in progress
2022-05-11 01:29:52,425 [grpc-default-executor-1] INFO  server.RaftServer$Division (RaftServerImpl.java:checkInconsistentAppendEntries(1288)) - omNode-2@group-523986131536: inconsistency entries. Reply:omNode-1<-omNode-2#225:FAIL-t7,INCONSISTENCY,nextIndex=144,followerCommit=56
2022-05-11 01:29:52,427 [grpc-default-executor-1] INFO  server.RaftServer$Division (RaftServerImpl.java:checkInconsistentAppendEntries(1296)) - omNode-2@group-523986131536: Failed appendEntries as snapshot (59) installation is in progress
2022-05-11 01:29:52,427 [grpc-default-executor-1] INFO  server.RaftServer$Division (RaftServerImpl.java:checkInconsistentAppendEntries(1288)) - omNode-2@group-523986131536: inconsistency entries. Reply:omNode-1<-omNode-2#226:FAIL-t7,INCONSISTENCY,nextIndex=144,followerCommit=56
2022-05-11 01:29:52,428 [grpc-default-executor-1] INFO  leader.FollowerInfo (FollowerInfoImpl.java:lambda$new$0(47)) - omNode-1@group-523986131536->omNode-2: nextIndex: updateUnconditionally 146 -> 144
2022-05-11 01:29:52,430 [grpc-default-executor-1] INFO  leader.FollowerInfo (FollowerInfoImpl.java:lambda$new$0(47)) - omNode-1@group-523986131536->omNode-2: nextIndex: updateUnconditionally 146 -> 144
2022-05-11 01:29:52,445 [grpc-default-executor-2] INFO  server.RaftServer$Division (ServerState.java:setRaftConf(387)) - omNode-3@group-523986131536: set configuration 145: [omNode-3|rpc:localhost:40799|admin:|client:|dataStream:|priority:0, omNode-1|rpc:localhost:37959|admin:|client:|dataStream:|priority:0, omNode-2|rpc:localhost:36649|admin:|client:|dataStream:|priority:0], old=null
2022-05-11 01:29:52,446 [grpc-default-executor-2] INFO  segmented.SegmentedRaftLogWorker (SegmentedRaftLogWorker.java:rollLogSegment(399)) - omNode-3@group-523986131536-SegmentedRaftLogWorker: Rolling segment log-59_144 to index:144
2022-05-11 01:29:52,431 [grpc-default-executor-3] INFO  server.RaftServer$Division (RaftServerImpl.java:checkInconsistentAppendEntries(1296)) - omNode-2@group-523986131536: Failed appendEntries as snapshot (59) installation is in progress
2022-05-11 01:29:52,446 [grpc-default-executor-3] INFO  server.RaftServer$Division (RaftServerImpl.java:checkInconsistentAppendEntries(1288)) - omNode-2@group-523986131536: inconsistency entries. Reply:omNode-1<-omNode-2#227:FAIL-t7,INCONSISTENCY,nextIndex=144,followerCommit=56
2022-05-11 01:29:52,448 [grpc-default-executor-2] INFO  server.RaftServer$Division (RaftServerImpl.java:checkInconsistentAppendEntries(1296)) - omNode-2@group-523986131536: Failed appendEntries as snapshot (59) installation is in progress
2022-05-11 01:29:52,448 [omNode-3@group-523986131536-SegmentedRaftLogWorker] INFO  segmented.SegmentedRaftLogWorker (SegmentedRaftLogWorker.java:execute(558)) - omNode-3@group-523986131536-SegmentedRaftLogWorker: Rolled log segment from /home/runner/work/ozone/ozone/hadoop-ozone/integration-test/target/test-dir/MiniOzoneClusterImpl-ae28b10a-1883-433e-acb0-7438b5479a4c/omNode-3/ratis/c9bc4cf4-3bc3-3c60-a66b-523986131536/current/log_inprogress_59 to /home/runner/work/ozone/ozone/hadoop-ozone/integration-test/target/test-dir/MiniOzoneClusterImpl-ae28b10a-1883-433e-acb0-7438b5479a4c/omNode-3/ratis/c9bc4cf4-3bc3-3c60-a66b-523986131536/current/log_59-144
2022-05-11 01:29:52,448 [grpc-default-executor-3] INFO  leader.FollowerInfo (FollowerInfoImpl.java:lambda$new$0(47)) - omNode-1@group-523986131536->omNode-2: nextIndex: updateUnconditionally 146 -> 144
2022-05-11 01:29:52,449 [grpc-default-executor-2] INFO  server.RaftServer$Division (RaftServerImpl.java:checkInconsistentAppendEntries(1288)) - omNode-2@group-523986131536: inconsistency entries. Reply:omNode-1<-omNode-2#228:FAIL-t7,INCONSISTENCY,nextIndex=144,followerCommit=56
2022-05-11 01:29:52,451 [grpc-default-executor-2] INFO  leader.FollowerInfo (FollowerInfoImpl.java:lambda$new$0(47)) - omNode-1@group-523986131536->omNode-2: nextIndex: updateUnconditionally 146 -> 144
2022-05-11 01:29:52,451 [grpc-default-executor-3] INFO  server.RaftServer$Division (RaftServerImpl.java:checkInconsistentAppendEntries(1296)) - omNode-2@group-523986131536: Failed appendEntries as snapshot (59) installation is in progress
2022-05-11 01:29:52,451 [grpc-default-executor-3] INFO  server.RaftServer$Division (RaftServerImpl.java:checkInconsistentAppendEntries(1288)) - omNode-2@group-523986131536: inconsistency entries. Reply:omNode-1<-omNode-2#229:FAIL-t7,INCONSISTENCY,nextIndex=144,followerCommit=56
2022-05-11 01:29:52,455 [grpc-default-executor-3] INFO  server.RaftServer$Division (RaftServerImpl.java:checkInconsistentAppendEntries(1296)) - omNode-2@group-523986131536: Failed appendEntries as snapshot (59) installation is in progress
2022-05-11 01:29:52,455 [grpc-default-executor-3] INFO  server.RaftServer$Division (RaftServerImpl.java:checkInconsistentAppendEntries(1288)) - omNode-2@group-523986131536: inconsistency entries. Reply:omNode-1<-omNode-2#230:FAIL-t7,INCONSISTENCY,nextIndex=144,followerCommit=56
2022-05-11 01:29:52,457 [grpc-default-executor-2] INFO  leader.FollowerInfo (FollowerInfoImpl.java:lambda$new$0(47)) - omNode-1@group-523986131536->omNode-2: nextIndex: updateUnconditionally 146 -> 144
2022-05-11 01:29:52,457 [grpc-default-executor-2] INFO  leader.FollowerInfo (FollowerInfoImpl.java:lambda$new$0(47)) - omNode-1@group-523986131536->omNode-2: nextIndex: updateUnconditionally 146 -> 144
2022-05-11 01:29:52,457 [grpc-default-executor-3] INFO  server.RaftServer$Division (RaftServerImpl.java:checkInconsistentAppendEntries(1296)) - omNode-2@group-523986131536: Failed appendEntries as snapshot (59) installation is in progress
2022-05-11 01:29:52,457 [grpc-default-executor-3] INFO  server.RaftServer$Division (RaftServerImpl.java:checkInconsistentAppendEntries(1288)) - omNode-2@group-523986131536: inconsistency entries. Reply:omNode-1<-omNode-2#231:FAIL-t7,INCONSISTENCY,nextIndex=144,followerCommit=56
2022-05-11 01:29:52,458 [grpc-default-executor-3] INFO  server.RaftServer$Division (RaftServerImpl.java:checkInconsistentAppendEntries(1296)) - omNode-2@group-523986131536: Failed appendEntries as snapshot (59) installation is in progress
2022-05-11 01:29:52,458 [grpc-default-executor-3] INFO  server.RaftServer$Division (RaftServerImpl.java:checkInconsistentAppendEntries(1288)) - omNode-2@group-523986131536: inconsistency entries. Reply:omNode-1<-omNode-2#232:FAIL-t7,INCONSISTENCY,nextIndex=144,followerCommit=56
2022-05-11 01:29:52,458 [grpc-default-executor-2] INFO  leader.FollowerInfo (FollowerInfoImpl.java:lambda$new$0(47)) - omNode-1@group-523986131536->omNode-2: nextIndex: updateUnconditionally 146 -> 144
2022-05-11 01:29:52,462 [grpc-default-executor-2] INFO  leader.FollowerInfo (FollowerInfoImpl.java:lambda$new$0(47)) - omNode-1@group-523986131536->omNode-2: nextIndex: updateUnconditionally 146 -> 144
2022-05-11 01:29:52,462 [grpc-default-executor-3] INFO  server.RaftServer$Division (RaftServerImpl.java:checkInconsistentAppendEntries(1296)) - omNode-2@group-523986131536: Failed appendEntries as snapshot (59) installation is in progress
2022-05-11 01:29:52,462 [grpc-default-executor-3] INFO  server.RaftServer$Division (RaftServerImpl.java:checkInconsistentAppendEntries(1288)) - omNode-2@group-523986131536: inconsistency entries. Reply:omNode-1<-omNode-2#233:FAIL-t7,INCONSISTENCY,nextIndex=144,followerCommit=56
2022-05-11 01:29:52,463 [grpc-default-executor-2] INFO  leader.FollowerInfo (FollowerInfoImpl.java:lambda$new$0(47)) - omNode-1@group-523986131536->omNode-2: nextIndex: updateUnconditionally 146 -> 144
2022-05-11 01:29:52,463 [omNode-3@group-523986131536-SegmentedRaftLogWorker] INFO  segmented.SegmentedRaftLogWorker (SegmentedRaftLogWorker.java:execute(601)) - omNode-3@group-523986131536-SegmentedRaftLogWorker: created new log segment /home/runner/work/ozone/ozone/hadoop-ozone/integration-test/target/test-dir/MiniOzoneClusterImpl-ae28b10a-1883-433e-acb0-7438b5479a4c/omNode-3/ratis/c9bc4cf4-3bc3-3c60-a66b-523986131536/current/log_inprogress_145
2022-05-11 01:29:52,463 [grpc-default-executor-3] INFO  server.RaftServer$Division (RaftServerImpl.java:checkInconsistentAppendEntries(1296)) - omNode-2@group-523986131536: Failed appendEntries as snapshot (59) installation is in progress
2022-05-11 01:29:52,463 [grpc-default-executor-3] INFO  server.RaftServer$Division (RaftServerImpl.java:checkInconsistentAppendEntries(1288)) - omNode-2@group-523986131536: inconsistency entries. Reply:omNode-1<-omNode-2#234:FAIL-t7,INCONSISTENCY,nextIndex=144,followerCommit=56
2022-05-11 01:29:52,464 [grpc-default-executor-3] INFO  server.RaftServer$Division (RaftServerImpl.java:checkInconsistentAppendEntries(1296)) - omNode-2@group-523986131536: Failed appendEntries as snapshot (59) installation is in progress
2022-05-11 01:29:52,464 [grpc-default-executor-2] INFO  leader.FollowerInfo (FollowerInfoImpl.java:lambda$new$0(47)) - omNode-1@group-523986131536->omNode-2: nextIndex: updateUnconditionally 146 -> 144
2022-05-11 01:29:52,464 [grpc-default-executor-3] INFO  server.RaftServer$Division (RaftServerImpl.java:checkInconsistentAppendEntries(1288)) - omNode-2@group-523986131536: inconsistency entries. Reply:omNode-1<-omNode-2#235:FAIL-t7,INCONSISTENCY,nextIndex=144,followerCommit=56
2022-05-11 01:29:52,464 [grpc-default-executor-2] INFO  server.RaftServer$Division (RaftServerImpl.java:checkInconsistentAppendEntries(1296)) - omNode-2@group-523986131536: Failed appendEntries as snapshot (59) installation is in progress
2022-05-11 01:29:52,464 [grpc-default-executor-2] INFO  server.RaftServer$Division (RaftServerImpl.java:checkInconsistentAppendEntries(1288)) - omNode-2@group-523986131536: inconsistency entries. Reply:omNode-1<-omNode-2#236:FAIL-t7,INCONSISTENCY,nextIndex=144,followerCommit=56
2022-05-11 01:29:52,464 [grpc-default-executor-3] INFO  leader.FollowerInfo (FollowerInfoImpl.java:lambda$new$0(47)) - omNode-1@group-523986131536->omNode-2: nextIndex: updateUnconditionally 146 -> 144
2022-05-11 01:29:52,465 [grpc-default-executor-3] INFO  leader.FollowerInfo (FollowerInfoImpl.java:lambda$new$0(47)) - omNode-1@group-523986131536->omNode-2: nextIndex: updateUnconditionally 146 -> 144
2022-05-11 01:29:52,466 [grpc-default-executor-3] INFO  server.RaftServer$Division (RaftServerImpl.java:checkInconsistentAppendEntries(1296)) - omNode-2@group-523986131536: Failed appendEntries as snapshot (59) installation is in progress
2022-05-11 01:29:52,466 [grpc-default-executor-3] INFO  server.RaftServer$Division (RaftServerImpl.java:checkInconsistentAppendEntries(1288)) - omNode-2@group-523986131536: inconsistency entries. Reply:omNode-1<-omNode-2#237:FAIL-t7,INCONSISTENCY,nextIndex=144,followerCommit=56
2022-05-11 01:29:52,466 [grpc-default-executor-2] INFO  leader.FollowerInfo (FollowerInfoImpl.java:lambda$new$0(47)) - omNode-1@group-523986131536->omNode-2: nextIndex: updateUnconditionally 146 -> 144
2022-05-11 01:29:52,466 [grpc-default-executor-3] INFO  server.RaftServer$Division (RaftServerImpl.java:checkInconsistentAppendEntries(1296)) - omNode-2@group-523986131536: Failed appendEntries as snapshot (59) installation is in progress
2022-05-11 01:29:52,467 [grpc-default-executor-3] INFO  server.RaftServer$Division (RaftServerImpl.java:checkInconsistentAppendEntries(1288)) - omNode-2@group-523986131536: inconsistency entries. Reply:omNode-1<-omNode-2#238:FAIL-t7,INCONSISTENCY,nextIndex=144,followerCommit=56
2022-05-11 01:29:52,467 [grpc-default-executor-2] INFO  leader.FollowerInfo (FollowerInfoImpl.java:lambda$new$0(47)) - omNode-1@group-523986131536->omNode-2: nextIndex: updateUnconditionally 146 -> 144
2022-05-11 01:29:52,467 [grpc-default-executor-3] INFO  server.RaftServer$Division (RaftServerImpl.java:checkInconsistentAppendEntries(1296)) - omNode-2@group-523986131536: Failed appendEntries as snapshot (59) installation is in progress
2022-05-11 01:29:52,468 [grpc-default-executor-3] INFO  server.RaftServer$Division (RaftServerImpl.java:checkInconsistentAppendEntries(1288)) - omNode-2@group-523986131536: inconsistency entries. Reply:omNode-1<-omNode-2#239:FAIL-t7,INCONSISTENCY,nextIndex=144,followerCommit=56
2022-05-11 01:29:52,468 [grpc-default-executor-2] INFO  leader.FollowerInfo (FollowerInfoImpl.java:lambda$new$0(47)) - omNode-1@group-523986131536->omNode-2: nextIndex: updateUnconditionally 146 -> 144
2022-05-11 01:29:52,468 [grpc-default-executor-3] INFO  server.RaftServer$Division (RaftServerImpl.java:checkInconsistentAppendEntries(1296)) - omNode-2@group-523986131536: Failed appendEntries as snapshot (59) installation is in progress
2022-05-11 01:29:52,469 [grpc-default-executor-3] INFO  server.RaftServer$Division (RaftServerImpl.java:checkInconsistentAppendEntries(1288)) - omNode-2@group-523986131536: inconsistency entries. Reply:omNode-1<-omNode-2#240:FAIL-t7,INCONSISTENCY,nextIndex=144,followerCommit=56
2022-05-11 01:29:52,469 [grpc-default-executor-2] INFO  leader.FollowerInfo (FollowerInfoImpl.java:lambda$new$0(47)) - omNode-1@group-523986131536->omNode-2: nextIndex: updateUnconditionally 146 -> 144
2022-05-11 01:29:52,469 [grpc-default-executor-3] INFO  server.RaftServer$Division (RaftServerImpl.java:checkInconsistentAppendEntries(1296)) - omNode-2@group-523986131536: Failed appendEntries as snapshot (59) installation is in progress
2022-05-11 01:29:52,469 [grpc-default-executor-3] INFO  server.RaftServer$Division (RaftServerImpl.java:checkInconsistentAppendEntries(1288)) - omNode-2@group-523986131536: inconsistency entries. Reply:omNode-1<-omNode-2#241:FAIL-t7,INCONSISTENCY,nextIndex=144,followerCommit=56
2022-05-11 01:29:52,470 [grpc-default-executor-2] INFO  leader.FollowerInfo (FollowerInfoImpl.java:lambda$new$0(47)) - omNode-1@group-523986131536->omNode-2: nextIndex: updateUnconditionally 146 -> 144
2022-05-11 01:29:52,470 [grpc-default-executor-3] INFO  server.RaftServer$Division (RaftServerImpl.java:checkInconsistentAppendEntries(1296)) - omNode-2@group-523986131536: Failed appendEntries as snapshot (59) installation is in progress
2022-05-11 01:29:52,470 [grpc-default-executor-3] INFO  server.RaftServer$Division (RaftServerImpl.java:checkInconsistentAppendEntries(1288)) - omNode-2@group-523986131536: inconsistency entries. Reply:omNode-1<-omNode-2#242:FAIL-t7,INCONSISTENCY,nextIndex=144,followerCommit=56
2022-05-11 01:29:52,470 [grpc-default-executor-2] INFO  leader.FollowerInfo (FollowerInfoImpl.java:lambda$new$0(47)) - omNode-1@group-523986131536->omNode-2: nextIndex: updateUnconditionally 146 -> 144
2022-05-11 01:29:52,470 [grpc-default-executor-3] INFO  server.RaftServer$Division (RaftServerImpl.java:checkInconsistentAppendEntries(1296)) - omNode-2@group-523986131536: Failed appendEntries as snapshot (59) installation is in progress
2022-05-11 01:29:52,471 [grpc-default-executor-3] INFO  server.RaftServer$Division (RaftServerImpl.java:checkInconsistentAppendEntries(1288)) - omNode-2@group-523986131536: inconsistency entries. Reply:omNode-1<-omNode-2#243:FAIL-t7,INCONSISTENCY,nextIndex=144,followerCommit=56
2022-05-11 01:29:52,471 [grpc-default-executor-2] INFO  leader.FollowerInfo (FollowerInfoImpl.java:lambda$new$0(47)) - omNode-1@group-523986131536->omNode-2: nextIndex: updateUnconditionally 146 -> 144
2022-05-11 01:29:52,471 [grpc-default-executor-3] INFO  server.RaftServer$Division (RaftServerImpl.java:checkInconsistentAppendEntries(1296)) - omNode-2@group-523986131536: Failed appendEntries as snapshot (59) installation is in progress
2022-05-11 01:29:52,471 [grpc-default-executor-3] INFO  server.RaftServer$Division (RaftServerImpl.java:checkInconsistentAppendEntries(1288)) - omNode-2@group-523986131536: inconsistency entries. Reply:omNode-1<-omNode-2#244:FAIL-t7,INCONSISTENCY,nextIndex=144,followerCommit=56
2022-05-11 01:29:52,474 [grpc-default-executor-2] INFO  leader.FollowerInfo (FollowerInfoImpl.java:lambda$new$0(47)) - omNode-1@group-523986131536->omNode-2: nextIndex: updateUnconditionally 146 -> 144
2022-05-11 01:29:52,474 [grpc-default-executor-3] INFO  server.RaftServer$Division (RaftServerImpl.java:checkInconsistentAppendEntries(1296)) - omNode-2@group-523986131536: Failed appendEntries as snapshot (59) installation is in progress
2022-05-11 01:29:52,474 [grpc-default-executor-3] INFO  server.RaftServer$Division (RaftServerImpl.java:checkInconsistentAppendEntries(1288)) - omNode-2@group-523986131536: inconsistency entries. Reply:omNode-1<-omNode-2#245:FAIL-t7,INCONSISTENCY,nextIndex=144,followerCommit=56
2022-05-11 01:29:52,475 [grpc-default-executor-2] INFO  leader.FollowerInfo (FollowerInfoImpl.java:lambda$new$0(47)) - omNode-1@group-523986131536->omNode-2: nextIndex: updateUnconditionally 146 -> 144
2022-05-11 01:29:52,475 [grpc-default-executor-3] INFO  server.RaftServer$Division (RaftServerImpl.java:checkInconsistentAppendEntries(1296)) - omNode-2@group-523986131536: Failed appendEntries as snapshot (59) installation is in progress
2022-05-11 01:29:52,475 [grpc-default-executor-3] INFO  server.RaftServer$Division (RaftServerImpl.java:checkInconsistentAppendEntries(1288)) - omNode-2@group-523986131536: inconsistency entries. Reply:omNode-1<-omNode-2#246:FAIL-t7,INCONSISTENCY,nextIndex=144,followerCommit=56
2022-05-11 01:29:52,476 [grpc-default-executor-2] INFO  leader.FollowerInfo (FollowerInfoImpl.java:lambda$new$0(47)) - omNode-1@group-523986131536->omNode-2: nextIndex: updateUnconditionally 146 -> 144
2022-05-11 01:29:52,476 [grpc-default-executor-3] INFO  server.RaftServer$Division (RaftServerImpl.java:checkInconsistentAppendEntries(1296)) - omNode-2@group-523986131536: Failed appendEntries as snapshot (59) installation is in progress
2022-05-11 01:29:52,476 [grpc-default-executor-3] INFO  server.RaftServer$Division (RaftServerImpl.java:checkInconsistentAppendEntries(1288)) - omNode-2@group-523986131536: inconsistency entries. Reply:omNode-1<-omNode-2#247:FAIL-t7,INCONSISTENCY,nextIndex=144,followerCommit=56
2022-05-11 01:29:52,476 [grpc-default-executor-2] INFO  leader.FollowerInfo (FollowerInfoImpl.java:lambda$new$0(47)) - omNode-1@group-523986131536->omNode-2: nextIndex: updateUnconditionally 146 -> 144
2022-05-11 01:29:52,477 [grpc-default-executor-3] INFO  server.RaftServer$Division (RaftServerImpl.java:checkInconsistentAppendEntries(1296)) - omNode-2@group-523986131536: Failed appendEntries as snapshot (59) installation is in progress
2022-05-11 01:29:52,477 [grpc-default-executor-3] INFO  server.RaftServer$Division (RaftServerImpl.java:checkInconsistentAppendEntries(1288)) - omNode-2@group-523986131536: inconsistency entries. Reply:omNode-1<-omNode-2#248:FAIL-t7,INCONSISTENCY,nextIndex=144,followerCommit=56
2022-05-11 01:29:52,477 [grpc-default-executor-2] INFO  leader.FollowerInfo (FollowerInfoImpl.java:lambda$new$0(47)) - omNode-1@group-523986131536->omNode-2: nextIndex: updateUnconditionally 146 -> 144
2022-05-11 01:29:52,478 [grpc-default-executor-3] INFO  server.RaftServer$Division (RaftServerImpl.java:checkInconsistentAppendEntries(1296)) - omNode-2@group-523986131536: Failed appendEntries as snapshot (59) installation is in progress
2022-05-11 01:29:52,479 [grpc-default-executor-3] INFO  server.RaftServer$Division (RaftServerImpl.java:checkInconsistentAppendEntries(1288)) - omNode-2@group-523986131536: inconsistency entries. Reply:omNode-1<-omNode-2#249:FAIL-t7,INCONSISTENCY,nextIndex=144,followerCommit=56
2022-05-11 01:29:52,479 [grpc-default-executor-3] INFO  server.RaftServer$Division (RaftServerImpl.java:checkInconsistentAppendEntries(1296)) - omNode-2@group-523986131536: Failed appendEntries as snapshot (59) installation is in progress
2022-05-11 01:29:52,479 [grpc-default-executor-3] INFO  server.RaftServer$Division (RaftServerImpl.java:checkInconsistentAppendEntries(1288)) - omNode-2@group-523986131536: inconsistency entries. Reply:omNode-1<-omNode-2#250:FAIL-t7,INCONSISTENCY,nextIndex=144,followerCommit=56
2022-05-11 01:29:52,480 [grpc-default-executor-2] INFO  leader.FollowerInfo (FollowerInfoImpl.java:lambda$new$0(47)) - omNode-1@group-523986131536->omNode-2: nextIndex: updateUnconditionally 146 -> 144
2022-05-11 01:29:52,482 [grpc-default-executor-2] INFO  leader.FollowerInfo (FollowerInfoImpl.java:lambda$new$0(47)) - omNode-1@group-523986131536->omNode-2: nextIndex: updateUnconditionally 146 -> 144
2022-05-11 01:29:52,491 [grpc-default-executor-3] INFO  server.RaftServer$Division (RaftServerImpl.java:checkInconsistentAppendEntries(1296)) - omNode-2@group-523986131536: Failed appendEntries as snapshot (59) installation is in progress
2022-05-11 01:29:52,491 [grpc-default-executor-3] INFO  server.RaftServer$Division (RaftServerImpl.java:checkInconsistentAppendEntries(1288)) - omNode-2@group-523986131536: inconsistency entries. Reply:omNode-1<-omNode-2#251:FAIL-t7,INCONSISTENCY,nextIndex=144,followerCommit=56
2022-05-11 01:29:52,491 [omNode-1@group-523986131536-StateMachineUpdater] INFO  ratis.OzoneManagerStateMachine (OzoneManagerStateMachine.java:notifyConfigurationChanged(191)) - Received Configuration change notification from Ratis. New Peer list:
[id: "omNode-3"
address: "localhost:40799"
, id: "omNode-1"
address: "localhost:37959"
, id: "omNode-2"
address: "localhost:36649"
]
2022-05-11 01:29:52,499 [grpc-default-executor-3] INFO  server.RaftServer$Division (RaftServerImpl.java:checkInconsistentAppendEntries(1296)) - omNode-2@group-523986131536: Failed appendEntries as snapshot (59) installation is in progress
2022-05-11 01:29:52,499 [grpc-default-executor-3] INFO  server.RaftServer$Division (RaftServerImpl.java:checkInconsistentAppendEntries(1288)) - omNode-2@group-523986131536: inconsistency entries. Reply:omNode-1<-omNode-2#252:FAIL-t7,INCONSISTENCY,nextIndex=144,followerCommit=56
2022-05-11 01:29:52,499 [grpc-default-executor-2] INFO  leader.FollowerInfo (FollowerInfoImpl.java:lambda$new$0(47)) - omNode-1@group-523986131536->omNode-2: nextIndex: updateUnconditionally 147 -> 144
2022-05-11 01:29:52,500 [grpc-default-executor-2] INFO  leader.FollowerInfo (FollowerInfoImpl.java:lambda$new$0(47)) - omNode-1@group-523986131536->omNode-2: nextIndex: updateUnconditionally 147 -> 144
2022-05-11 01:29:52,500 [grpc-default-executor-3] INFO  server.RaftServer$Division (RaftServerImpl.java:checkInconsistentAppendEntries(1296)) - omNode-2@group-523986131536: Failed appendEntries as snapshot (59) installation is in progress
2022-05-11 01:29:52,500 [grpc-default-executor-3] INFO  server.RaftServer$Division (RaftServerImpl.java:checkInconsistentAppendEntries(1288)) - omNode-2@group-523986131536: inconsistency entries. Reply:omNode-1<-omNode-2#253:FAIL-t7,INCONSISTENCY,nextIndex=144,followerCommit=56
2022-05-11 01:29:52,500 [grpc-default-executor-3] INFO  server.RaftServer$Division (RaftServerImpl.java:checkInconsistentAppendEntries(1296)) - omNode-2@group-523986131536: Failed appendEntries as snapshot (59) installation is in progress
2022-05-11 01:29:52,501 [grpc-default-executor-3] INFO  server.RaftServer$Division (RaftServerImpl.java:checkInconsistentAppendEntries(1288)) - omNode-2@group-523986131536: inconsistency entries. Reply:omNode-1<-omNode-2#254:FAIL-t7,INCONSISTENCY,nextIndex=144,followerCommit=56
2022-05-11 01:29:52,501 [grpc-default-executor-2] INFO  leader.FollowerInfo (FollowerInfoImpl.java:lambda$new$0(47)) - omNode-1@group-523986131536->omNode-2: nextIndex: updateUnconditionally 147 -> 144
2022-05-11 01:29:52,501 [grpc-default-executor-2] INFO  leader.FollowerInfo (FollowerInfoImpl.java:lambda$new$0(47)) - omNode-1@group-523986131536->omNode-2: nextIndex: updateUnconditionally 147 -> 144
2022-05-11 01:29:52,501 [grpc-default-executor-3] INFO  server.RaftServer$Division (RaftServerImpl.java:checkInconsistentAppendEntries(1296)) - omNode-2@group-523986131536: Failed appendEntries as snapshot (59) installation is in progress
2022-05-11 01:29:52,502 [grpc-default-executor-3] INFO  server.RaftServer$Division (RaftServerImpl.java:checkInconsistentAppendEntries(1288)) - omNode-2@group-523986131536: inconsistency entries. Reply:omNode-1<-omNode-2#255:FAIL-t7,INCONSISTENCY,nextIndex=144,followerCommit=56
2022-05-11 01:29:52,502 [grpc-default-executor-2] INFO  leader.FollowerInfo (FollowerInfoImpl.java:lambda$new$0(47)) - omNode-1@group-523986131536->omNode-2: nextIndex: updateUnconditionally 147 -> 144
2022-05-11 01:29:52,502 [grpc-default-executor-3] INFO  server.RaftServer$Division (RaftServerImpl.java:checkInconsistentAppendEntries(1296)) - omNode-2@group-523986131536: Failed appendEntries as snapshot (59) installation is in progress
2022-05-11 01:29:52,502 [grpc-default-executor-3] INFO  server.RaftServer$Division (RaftServerImpl.java:checkInconsistentAppendEntries(1288)) - omNode-2@group-523986131536: inconsistency entries. Reply:omNode-1<-omNode-2#256:FAIL-t7,INCONSISTENCY,nextIndex=144,followerCommit=56
2022-05-11 01:29:52,503 [grpc-default-executor-2] INFO  leader.FollowerInfo (FollowerInfoImpl.java:lambda$new$0(47)) - omNode-1@group-523986131536->omNode-2: nextIndex: updateUnconditionally 147 -> 144
2022-05-11 01:29:52,503 [grpc-default-executor-3] INFO  server.RaftServer$Division (RaftServerImpl.java:checkInconsistentAppendEntries(1296)) - omNode-2@group-523986131536: Failed appendEntries as snapshot (59) installation is in progress
2022-05-11 01:29:52,503 [grpc-default-executor-3] INFO  server.RaftServer$Division (RaftServerImpl.java:checkInconsistentAppendEntries(1288)) - omNode-2@group-523986131536: inconsistency entries. Reply:omNode-1<-omNode-2#257:FAIL-t7,INCONSISTENCY,nextIndex=144,followerCommit=56
2022-05-11 01:29:52,503 [grpc-default-executor-2] INFO  leader.FollowerInfo (FollowerInfoImpl.java:lambda$new$0(47)) - omNode-1@group-523986131536->omNode-2: nextIndex: updateUnconditionally 147 -> 144
2022-05-11 01:29:52,504 [grpc-default-executor-3] INFO  server.RaftServer$Division (RaftServerImpl.java:checkInconsistentAppendEntries(1296)) - omNode-2@group-523986131536: Failed appendEntries as snapshot (59) installation is in progress
2022-05-11 01:29:52,504 [grpc-default-executor-3] INFO  server.RaftServer$Division (RaftServerImpl.java:checkInconsistentAppendEntries(1288)) - omNode-2@group-523986131536: inconsistency entries. Reply:omNode-1<-omNode-2#258:FAIL-t7,INCONSISTENCY,nextIndex=144,followerCommit=56
2022-05-11 01:29:52,504 [grpc-default-executor-2] INFO  leader.FollowerInfo (FollowerInfoImpl.java:lambda$new$0(47)) - omNode-1@group-523986131536->omNode-2: nextIndex: updateUnconditionally 147 -> 144
2022-05-11 01:29:52,504 [grpc-default-executor-3] INFO  server.RaftServer$Division (RaftServerImpl.java:checkInconsistentAppendEntries(1296)) - omNode-2@group-523986131536: Failed appendEntries as snapshot (59) installation is in progress
2022-05-11 01:29:52,504 [grpc-default-executor-3] INFO  server.RaftServer$Division (RaftServerImpl.java:checkInconsistentAppendEntries(1288)) - omNode-2@group-523986131536: inconsistency entries. Reply:omNode-1<-omNode-2#259:FAIL-t7,INCONSISTENCY,nextIndex=144,followerCommit=56
2022-05-11 01:29:52,505 [grpc-default-executor-2] INFO  leader.FollowerInfo (FollowerInfoImpl.java:lambda$new$0(47)) - omNode-1@group-523986131536->omNode-2: nextIndex: updateUnconditionally 147 -> 144
2022-05-11 01:29:52,505 [grpc-default-executor-3] INFO  server.RaftServer$Division (RaftServerImpl.java:checkInconsistentAppendEntries(1296)) - omNode-2@group-523986131536: Failed appendEntries as snapshot (59) installation is in progress
2022-05-11 01:29:52,505 [grpc-default-executor-3] INFO  server.RaftServer$Division (RaftServerImpl.java:checkInconsistentAppendEntries(1288)) - omNode-2@group-523986131536: inconsistency entries. Reply:omNode-1<-omNode-2#260:FAIL-t7,INCONSISTENCY,nextIndex=144,followerCommit=56
2022-05-11 01:29:52,506 [grpc-default-executor-2] INFO  leader.FollowerInfo (FollowerInfoImpl.java:lambda$new$0(47)) - omNode-1@group-523986131536->omNode-2: nextIndex: updateUnconditionally 147 -> 144
2022-05-11 01:29:52,506 [grpc-default-executor-3] INFO  server.RaftServer$Division (RaftServerImpl.java:checkInconsistentAppendEntries(1296)) - omNode-2@group-523986131536: Failed appendEntries as snapshot (59) installation is in progress
2022-05-11 01:29:52,506 [grpc-default-executor-3] INFO  server.RaftServer$Division (RaftServerImpl.java:checkInconsistentAppendEntries(1288)) - omNode-2@group-523986131536: inconsistency entries. Reply:omNode-1<-omNode-2#261:FAIL-t7,INCONSISTENCY,nextIndex=144,followerCommit=56
2022-05-11 01:29:52,506 [grpc-default-executor-2] INFO  leader.FollowerInfo (FollowerInfoImpl.java:lambda$new$0(47)) - omNode-1@group-523986131536->omNode-2: nextIndex: updateUnconditionally 147 -> 144
2022-05-11 01:29:52,507 [grpc-default-executor-3] INFO  server.RaftServer$Division (RaftServerImpl.java:checkInconsistentAppendEntries(1296)) - omNode-2@group-523986131536: Failed appendEntries as snapshot (59) installation is in progress
2022-05-11 01:29:52,507 [grpc-default-executor-3] INFO  server.RaftServer$Division (RaftServerImpl.java:checkInconsistentAppendEntries(1288)) - omNode-2@group-523986131536: inconsistency entries. Reply:omNode-1<-omNode-2#262:FAIL-t7,INCONSISTENCY,nextIndex=144,followerCommit=56
2022-05-11 01:29:52,507 [grpc-default-executor-2] INFO  leader.FollowerInfo (FollowerInfoImpl.java:lambda$new$0(47)) - omNode-1@group-523986131536->omNode-2: nextIndex: updateUnconditionally 147 -> 144
2022-05-11 01:29:52,507 [grpc-default-executor-3] INFO  server.RaftServer$Division (RaftServerImpl.java:checkInconsistentAppendEntries(1296)) - omNode-2@group-523986131536: Failed appendEntries as snapshot (59) installation is in progress
2022-05-11 01:29:52,508 [grpc-default-executor-3] INFO  server.RaftServer$Division (RaftServerImpl.java:checkInconsistentAppendEntries(1288)) - omNode-2@group-523986131536: inconsistency entries. Reply:omNode-1<-omNode-2#263:FAIL-t7,INCONSISTENCY,nextIndex=144,followerCommit=56
2022-05-11 01:29:52,508 [grpc-default-executor-2] INFO  leader.FollowerInfo (FollowerInfoImpl.java:lambda$new$0(47)) - omNode-1@group-523986131536->omNode-2: nextIndex: updateUnconditionally 147 -> 144
2022-05-11 01:29:52,508 [grpc-default-executor-3] INFO  server.RaftServer$Division (RaftServerImpl.java:checkInconsistentAppendEntries(1296)) - omNode-2@group-523986131536: Failed appendEntries as snapshot (59) installation is in progress
2022-05-11 01:29:52,508 [grpc-default-executor-3] INFO  server.RaftServer$Division (RaftServerImpl.java:checkInconsistentAppendEntries(1288)) - omNode-2@group-523986131536: inconsistency entries. Reply:omNode-1<-omNode-2#264:FAIL-t7,INCONSISTENCY,nextIndex=144,followerCommit=56
2022-05-11 01:29:52,511 [grpc-default-executor-2] INFO  leader.FollowerInfo (FollowerInfoImpl.java:lambda$new$0(47)) - omNode-1@group-523986131536->omNode-2: nextIndex: updateUnconditionally 147 -> 144
2022-05-11 01:29:52,511 [grpc-default-executor-3] INFO  server.RaftServer$Division (RaftServerImpl.java:checkInconsistentAppendEntries(1296)) - omNode-2@group-523986131536: Failed appendEntries as snapshot (59) installation is in progress
2022-05-11 01:29:52,511 [grpc-default-executor-3] INFO  server.RaftServer$Division (RaftServerImpl.java:checkInconsistentAppendEntries(1288)) - omNode-2@group-523986131536: inconsistency entries. Reply:omNode-1<-omNode-2#265:FAIL-t7,INCONSISTENCY,nextIndex=144,followerCommit=56
2022-05-11 01:29:52,513 [grpc-default-executor-2] INFO  leader.FollowerInfo (FollowerInfoImpl.java:lambda$new$0(47)) - omNode-1@group-523986131536->omNode-2: nextIndex: updateUnconditionally 147 -> 144
2022-05-11 01:29:52,514 [grpc-default-executor-3] INFO  server.RaftServer$Division (RaftServerImpl.java:checkInconsistentAppendEntries(1296)) - omNode-2@group-523986131536: Failed appendEntries as snapshot (59) installation is in progress
2022-05-11 01:29:52,514 [grpc-default-executor-3] INFO  server.RaftServer$Division (RaftServerImpl.java:checkInconsistentAppendEntries(1288)) - omNode-2@group-523986131536: inconsistency entries. Reply:omNode-1<-omNode-2#266:FAIL-t7,INCONSISTENCY,nextIndex=144,followerCommit=56
2022-05-11 01:29:52,515 [omNode-3@group-523986131536-StateMachineUpdater] INFO  ratis.OzoneManagerStateMachine (OzoneManagerStateMachine.java:notifyConfigurationChanged(191)) - Received Configuration change notification from Ratis. New Peer list:
[id: "omNode-3"
address: "localhost:40799"
, id: "omNode-1"
address: "localhost:37959"
, id: "omNode-2"
address: "localhost:36649"
]
2022-05-11 01:29:52,516 [grpc-default-executor-2] INFO  server.RaftServer$Division (RaftServerImpl.java:checkInconsistentAppendEntries(1296)) - omNode-2@group-523986131536: Failed appendEntries as snapshot (59) installation is in progress
2022-05-11 01:29:52,516 [grpc-default-executor-2] INFO  server.RaftServer$Division (RaftServerImpl.java:checkInconsistentAppendEntries(1288)) - omNode-2@group-523986131536: inconsistency entries. Reply:omNode-1<-omNode-2#267:FAIL-t7,INCONSISTENCY,nextIndex=144,followerCommit=56
2022-05-11 01:29:52,516 [grpc-default-executor-1] INFO  leader.FollowerInfo (FollowerInfoImpl.java:lambda$new$0(47)) - omNode-1@group-523986131536->omNode-2: nextIndex: updateUnconditionally 147 -> 144
2022-05-11 01:29:52,516 [grpc-default-executor-1] INFO  leader.FollowerInfo (FollowerInfoImpl.java:lambda$new$0(47)) - omNode-1@group-523986131536->omNode-2: nextIndex: updateUnconditionally 144 -> 144
2022-05-11 01:29:52,517 [grpc-default-executor-3] INFO  server.RaftServer$Division (RaftServerImpl.java:checkInconsistentAppendEntries(1296)) - omNode-2@group-523986131536: Failed appendEntries as snapshot (59) installation is in progress
2022-05-11 01:29:52,517 [grpc-default-executor-3] INFO  server.RaftServer$Division (RaftServerImpl.java:checkInconsistentAppendEntries(1288)) - omNode-2@group-523986131536: inconsistency entries. Reply:omNode-1<-omNode-2#269:FAIL-t7,INCONSISTENCY,nextIndex=144,followerCommit=56
2022-05-11 01:29:52,521 [grpc-default-executor-3] INFO  leader.FollowerInfo (FollowerInfoImpl.java:lambda$new$0(47)) - omNode-1@group-523986131536->omNode-2: nextIndex: updateUnconditionally 147 -> 144
2022-05-11 01:29:52,521 [grpc-default-executor-3] INFO  server.RaftServer$Division (RaftServerImpl.java:checkInconsistentAppendEntries(1296)) - omNode-2@group-523986131536: Failed appendEntries as snapshot (59) installation is in progress
2022-05-11 01:29:52,522 [grpc-default-executor-3] INFO  server.RaftServer$Division (RaftServerImpl.java:checkInconsistentAppendEntries(1288)) - omNode-2@group-523986131536: inconsistency entries. Reply:omNode-1<-omNode-2#270:FAIL-t7,INCONSISTENCY,nextIndex=144,followerCommit=56
2022-05-11 01:29:52,531 [grpc-default-executor-3] INFO  leader.FollowerInfo (FollowerInfoImpl.java:lambda$new$0(47)) - omNode-1@group-523986131536->omNode-2: nextIndex: updateUnconditionally 147 -> 144
2022-05-11 01:29:52,534 [grpc-default-executor-3] INFO  server.RaftServer$Division (RaftServerImpl.java:checkInconsistentAppendEntries(1296)) - omNode-2@group-523986131536: Failed appendEntries as snapshot (59) installation is in progress
2022-05-11 01:29:52,534 [grpc-default-executor-3] INFO  server.RaftServer$Division (RaftServerImpl.java:checkInconsistentAppendEntries(1288)) - omNode-2@group-523986131536: inconsistency entries. Reply:omNode-1<-omNode-2#271:FAIL-t7,INCONSISTENCY,nextIndex=144,followerCommit=56
2022-05-11 01:29:52,534 [grpc-default-executor-3] INFO  leader.FollowerInfo (FollowerInfoImpl.java:lambda$new$0(47)) - omNode-1@group-523986131536->omNode-2: nextIndex: updateUnconditionally 147 -> 144
2022-05-11 01:29:52,535 [grpc-default-executor-3] INFO  server.RaftServer$Division (RaftServerImpl.java:checkInconsistentAppendEntries(1296)) - omNode-2@group-523986131536: Failed appendEntries as snapshot (59) installation is in progress
2022-05-11 01:29:52,535 [grpc-default-executor-3] INFO  server.RaftServer$Division (RaftServerImpl.java:checkInconsistentAppendEntries(1288)) - omNode-2@group-523986131536: inconsistency entries. Reply:omNode-1<-omNode-2#272:FAIL-t7,INCONSISTENCY,nextIndex=144,followerCommit=56
2022-05-11 01:29:52,536 [grpc-default-executor-3] INFO  leader.FollowerInfo (FollowerInfoImpl.java:lambda$new$0(47)) - omNode-1@group-523986131536->omNode-2: nextIndex: updateUnconditionally 147 -> 144
2022-05-11 01:29:52,536 [grpc-default-executor-3] INFO  server.RaftServer$Division (RaftServerImpl.java:checkInconsistentAppendEntries(1296)) - omNode-2@group-523986131536: Failed appendEntries as snapshot (59) installation is in progress
2022-05-11 01:29:52,536 [grpc-default-executor-3] INFO  server.RaftServer$Division (RaftServerImpl.java:checkInconsistentAppendEntries(1288)) - omNode-2@group-523986131536: inconsistency entries. Reply:omNode-1<-omNode-2#273:FAIL-t7,INCONSISTENCY,nextIndex=144,followerCommit=56
2022-05-11 01:29:52,537 [grpc-default-executor-3] INFO  leader.FollowerInfo (FollowerInfoImpl.java:lambda$new$0(47)) - omNode-1@group-523986131536->omNode-2: nextIndex: updateUnconditionally 147 -> 144
2022-05-11 01:29:52,537 [grpc-default-executor-1] INFO  server.RaftServer$Division (RaftServerImpl.java:checkInconsistentAppendEntries(1296)) - omNode-2@group-523986131536: Failed appendEntries as snapshot (59) installation is in progress
2022-05-11 01:29:52,537 [grpc-default-executor-1] INFO  server.RaftServer$Division (RaftServerImpl.java:checkInconsistentAppendEntries(1288)) - omNode-2@group-523986131536: inconsistency entries. Reply:omNode-1<-omNode-2#274:FAIL-t7,INCONSISTENCY,nextIndex=144,followerCommit=56
2022-05-11 01:29:52,538 [grpc-default-executor-3] INFO  leader.FollowerInfo (FollowerInfoImpl.java:lambda$new$0(47)) - omNode-1@group-523986131536->omNode-2: nextIndex: updateUnconditionally 147 -> 144
2022-05-11 01:29:52,544 [grpc-default-executor-1] INFO  server.RaftServer$Division (RaftServerImpl.java:checkInconsistentAppendEntries(1296)) - omNode-2@group-523986131536: Failed appendEntries as snapshot (59) installation is in progress
2022-05-11 01:29:52,544 [grpc-default-executor-1] INFO  server.RaftServer$Division (RaftServerImpl.java:checkInconsistentAppendEntries(1288)) - omNode-2@group-523986131536: inconsistency entries. Reply:omNode-1<-omNode-2#275:FAIL-t7,INCONSISTENCY,nextIndex=144,followerCommit=56
2022-05-11 01:29:52,544 [grpc-default-executor-3] INFO  leader.FollowerInfo (FollowerInfoImpl.java:lambda$new$0(47)) - omNode-1@group-523986131536->omNode-2: nextIndex: updateUnconditionally 147 -> 144
2022-05-11 01:29:52,546 [grpc-default-executor-1] INFO  server.RaftServer$Division (RaftServerImpl.java:checkInconsistentAppendEntries(1296)) - omNode-2@group-523986131536: Failed appendEntries as snapshot (59) installation is in progress
2022-05-11 01:29:52,547 [grpc-default-executor-1] INFO  server.RaftServer$Division (RaftServerImpl.java:checkInconsistentAppendEntries(1288)) - omNode-2@group-523986131536: inconsistency entries. Reply:omNode-1<-omNode-2#276:FAIL-t7,INCONSISTENCY,nextIndex=144,followerCommit=56
2022-05-11 01:29:52,547 [grpc-default-executor-3] INFO  leader.FollowerInfo (FollowerInfoImpl.java:lambda$new$0(47)) - omNode-1@group-523986131536->omNode-2: nextIndex: updateUnconditionally 147 -> 144
2022-05-11 01:29:52,548 [grpc-default-executor-3] INFO  server.RaftServer$Division (RaftServerImpl.java:checkInconsistentAppendEntries(1296)) - omNode-2@group-523986131536: Failed appendEntries as snapshot (59) installation is in progress
2022-05-11 01:29:52,548 [grpc-default-executor-3] INFO  server.RaftServer$Division (RaftServerImpl.java:checkInconsistentAppendEntries(1288)) - omNode-2@group-523986131536: inconsistency entries. Reply:omNode-1<-omNode-2#277:FAIL-t7,INCONSISTENCY,nextIndex=144,followerCommit=56
2022-05-11 01:29:52,548 [grpc-default-executor-3] INFO  leader.FollowerInfo (FollowerInfoImpl.java:lambda$new$0(47)) - omNode-1@group-523986131536->omNode-2: nextIndex: updateUnconditionally 147 -> 144
2022-05-11 01:29:52,549 [grpc-default-executor-3] INFO  server.RaftServer$Division (RaftServerImpl.java:checkInconsistentAppendEntries(1296)) - omNode-2@group-523986131536: Failed appendEntries as snapshot (59) installation is in progress
2022-05-11 01:29:52,549 [grpc-default-executor-3] INFO  server.RaftServer$Division (RaftServerImpl.java:checkInconsistentAppendEntries(1288)) - omNode-2@group-523986131536: inconsistency entries. Reply:omNode-1<-omNode-2#278:FAIL-t7,INCONSISTENCY,nextIndex=144,followerCommit=56
2022-05-11 01:29:52,549 [grpc-default-executor-3] INFO  leader.FollowerInfo (FollowerInfoImpl.java:lambda$new$0(47)) - omNode-1@group-523986131536->omNode-2: nextIndex: updateUnconditionally 147 -> 144
2022-05-11 01:29:52,550 [grpc-default-executor-3] INFO  server.RaftServer$Division (RaftServerImpl.java:checkInconsistentAppendEntries(1296)) - omNode-2@group-523986131536: Failed appendEntries as snapshot (59) installation is in progress
2022-05-11 01:29:52,550 [grpc-default-executor-3] INFO  server.RaftServer$Division (RaftServerImpl.java:checkInconsistentAppendEntries(1288)) - omNode-2@group-523986131536: inconsistency entries. Reply:omNode-1<-omNode-2#279:FAIL-t7,INCONSISTENCY,nextIndex=144,followerCommit=56
2022-05-11 01:29:52,550 [grpc-default-executor-3] INFO  leader.FollowerInfo (FollowerInfoImpl.java:lambda$new$0(47)) - omNode-1@group-523986131536->omNode-2: nextIndex: updateUnconditionally 147 -> 144
2022-05-11 01:29:52,551 [grpc-default-executor-1] INFO  server.RaftServer$Division (RaftServerImpl.java:checkInconsistentAppendEntries(1296)) - omNode-2@group-523986131536: Failed appendEntries as snapshot (59) installation is in progress
2022-05-11 01:29:52,551 [grpc-default-executor-1] INFO  server.RaftServer$Division (RaftServerImpl.java:checkInconsistentAppendEntries(1288)) - omNode-2@group-523986131536: inconsistency entries. Reply:omNode-1<-omNode-2#280:FAIL-t7,INCONSISTENCY,nextIndex=144,followerCommit=56
2022-05-11 01:29:52,551 [grpc-default-executor-3] INFO  leader.FollowerInfo (FollowerInfoImpl.java:lambda$new$0(47)) - omNode-1@group-523986131536->omNode-2: nextIndex: updateUnconditionally 147 -> 144
2022-05-11 01:29:52,552 [grpc-default-executor-1] INFO  server.RaftServer$Division (RaftServerImpl.java:checkInconsistentAppendEntries(1296)) - omNode-2@group-523986131536: Failed appendEntries as snapshot (59) installation is in progress
2022-05-11 01:29:52,552 [grpc-default-executor-1] INFO  server.RaftServer$Division (RaftServerImpl.java:checkInconsistentAppendEntries(1288)) - omNode-2@group-523986131536: inconsistency entries. Reply:omNode-1<-omNode-2#281:FAIL-t7,INCONSISTENCY,nextIndex=144,followerCommit=56
2022-05-11 01:29:52,552 [grpc-default-executor-3] INFO  leader.FollowerInfo (FollowerInfoImpl.java:lambda$new$0(47)) - omNode-1@group-523986131536->omNode-2: nextIndex: updateUnconditionally 147 -> 144
2022-05-11 01:29:52,553 [grpc-default-executor-1] INFO  server.RaftServer$Division (RaftServerImpl.java:checkInconsistentAppendEntries(1296)) - omNode-2@group-523986131536: Failed appendEntries as snapshot (59) installation is in progress
2022-05-11 01:29:52,553 [grpc-default-executor-1] INFO  server.RaftServer$Division (RaftServerImpl.java:checkInconsistentAppendEntries(1288)) - omNode-2@group-523986131536: inconsistency entries. Reply:omNode-1<-omNode-2#282:FAIL-t7,INCONSISTENCY,nextIndex=144,followerCommit=56
2022-05-11 01:29:52,553 [grpc-default-executor-3] INFO  leader.FollowerInfo (FollowerInfoImpl.java:lambda$new$0(47)) - omNode-1@group-523986131536->omNode-2: nextIndex: updateUnconditionally 147 -> 144
2022-05-11 01:29:52,554 [grpc-default-executor-1] INFO  server.RaftServer$Division (RaftServerImpl.java:checkInconsistentAppendEntries(1296)) - omNode-2@group-523986131536: Failed appendEntries as snapshot (59) installation is in progress
2022-05-11 01:29:52,554 [grpc-default-executor-1] INFO  server.RaftServer$Division (RaftServerImpl.java:checkInconsistentAppendEntries(1288)) - omNode-2@group-523986131536: inconsistency entries. Reply:omNode-1<-omNode-2#283:FAIL-t7,INCONSISTENCY,nextIndex=144,followerCommit=56
2022-05-11 01:29:52,554 [grpc-default-executor-3] INFO  leader.FollowerInfo (FollowerInfoImpl.java:lambda$new$0(47)) - omNode-1@group-523986131536->omNode-2: nextIndex: updateUnconditionally 147 -> 144
2022-05-11 01:29:52,555 [grpc-default-executor-1] INFO  server.RaftServer$Division (RaftServerImpl.java:checkInconsistentAppendEntries(1296)) - omNode-2@group-523986131536: Failed appendEntries as snapshot (59) installation is in progress
2022-05-11 01:29:52,555 [grpc-default-executor-1] INFO  server.RaftServer$Division (RaftServerImpl.java:checkInconsistentAppendEntries(1288)) - omNode-2@group-523986131536: inconsistency entries. Reply:omNode-1<-omNode-2#284:FAIL-t7,INCONSISTENCY,nextIndex=144,followerCommit=56
2022-05-11 01:29:52,555 [grpc-default-executor-3] INFO  leader.FollowerInfo (FollowerInfoImpl.java:lambda$new$0(47)) - omNode-1@group-523986131536->omNode-2: nextIndex: updateUnconditionally 147 -> 144
2022-05-11 01:29:52,556 [grpc-default-executor-1] INFO  server.RaftServer$Division (RaftServerImpl.java:checkInconsistentAppendEntries(1296)) - omNode-2@group-523986131536: Failed appendEntries as snapshot (59) installation is in progress
2022-05-11 01:29:52,556 [grpc-default-executor-1] INFO  server.RaftServer$Division (RaftServerImpl.java:checkInconsistentAppendEntries(1288)) - omNode-2@group-523986131536: inconsistency entries. Reply:omNode-1<-omNode-2#285:FAIL-t7,INCONSISTENCY,nextIndex=144,followerCommit=56
2022-05-11 01:29:52,556 [grpc-default-executor-3] INFO  leader.FollowerInfo (FollowerInfoImpl.java:lambda$new$0(47)) - omNode-1@group-523986131536->omNode-2: nextIndex: updateUnconditionally 147 -> 144
2022-05-11 01:29:52,557 [grpc-default-executor-1] INFO  server.RaftServer$Division (RaftServerImpl.java:checkInconsistentAppendEntries(1296)) - omNode-2@group-523986131536: Failed appendEntries as snapshot (59) installation is in progress
2022-05-11 01:29:52,557 [grpc-default-executor-1] INFO  server.RaftServer$Division (RaftServerImpl.java:checkInconsistentAppendEntries(1288)) - omNode-2@group-523986131536: inconsistency entries. Reply:omNode-1<-omNode-2#286:FAIL-t7,INCONSISTENCY,nextIndex=144,followerCommit=56
2022-05-11 01:29:52,557 [grpc-default-executor-3] INFO  leader.FollowerInfo (FollowerInfoImpl.java:lambda$new$0(47)) - omNode-1@group-523986131536->omNode-2: nextIndex: updateUnconditionally 147 -> 144
2022-05-11 01:29:52,558 [grpc-default-executor-1] INFO  server.RaftServer$Division (RaftServerImpl.java:checkInconsistentAppendEntries(1296)) - omNode-2@group-523986131536: Failed appendEntries as snapshot (59) installation is in progress
2022-05-11 01:29:52,558 [grpc-default-executor-1] INFO  server.RaftServer$Division (RaftServerImpl.java:checkInconsistentAppendEntries(1288)) - omNode-2@group-523986131536: inconsistency entries. Reply:omNode-1<-omNode-2#287:FAIL-t7,INCONSISTENCY,nextIndex=144,followerCommit=56
2022-05-11 01:29:52,558 [grpc-default-executor-3] INFO  leader.FollowerInfo (FollowerInfoImpl.java:lambda$new$0(47)) - omNode-1@group-523986131536->omNode-2: nextIndex: updateUnconditionally 147 -> 144
2022-05-11 01:29:52,559 [grpc-default-executor-1] INFO  server.RaftServer$Division (RaftServerImpl.java:checkInconsistentAppendEntries(1296)) - omNode-2@group-523986131536: Failed appendEntries as snapshot (59) installation is in progress
2022-05-11 01:29:52,559 [grpc-default-executor-1] INFO  server.RaftServer$Division (RaftServerImpl.java:checkInconsistentAppendEntries(1288)) - omNode-2@group-523986131536: inconsistency entries. Reply:omNode-1<-omNode-2#288:FAIL-t7,INCONSISTENCY,nextIndex=144,followerCommit=56
2022-05-11 01:29:52,559 [grpc-default-executor-3] INFO  leader.FollowerInfo (FollowerInfoImpl.java:lambda$new$0(47)) - omNode-1@group-523986131536->omNode-2: nextIndex: updateUnconditionally 147 -> 144
2022-05-11 01:29:52,560 [grpc-default-executor-1] INFO  server.RaftServer$Division (RaftServerImpl.java:checkInconsistentAppendEntries(1296)) - omNode-2@group-523986131536: Failed appendEntries as snapshot (59) installation is in progress
2022-05-11 01:29:52,560 [grpc-default-executor-1] INFO  server.RaftServer$Division (RaftServerImpl.java:checkInconsistentAppendEntries(1288)) - omNode-2@group-523986131536: inconsistency entries. Reply:omNode-1<-omNode-2#289:FAIL-t7,INCONSISTENCY,nextIndex=144,followerCommit=56
2022-05-11 01:29:52,560 [grpc-default-executor-3] INFO  leader.FollowerInfo (FollowerInfoImpl.java:lambda$new$0(47)) - omNode-1@group-523986131536->omNode-2: nextIndex: updateUnconditionally 147 -> 144
2022-05-11 01:29:52,561 [grpc-default-executor-1] INFO  server.RaftServer$Division (RaftServerImpl.java:checkInconsistentAppendEntries(1296)) - omNode-2@group-523986131536: Failed appendEntries as snapshot (59) installation is in progress
2022-05-11 01:29:52,561 [grpc-default-executor-1] INFO  server.RaftServer$Division (RaftServerImpl.java:checkInconsistentAppendEntries(1288)) - omNode-2@group-523986131536: inconsistency entries. Reply:omNode-1<-omNode-2#290:FAIL-t7,INCONSISTENCY,nextIndex=144,followerCommit=56
2022-05-11 01:29:52,561 [grpc-default-executor-3] INFO  leader.FollowerInfo (FollowerInfoImpl.java:lambda$new$0(47)) - omNode-1@group-523986131536->omNode-2: nextIndex: updateUnconditionally 147 -> 144
2022-05-11 01:29:52,562 [grpc-default-executor-1] INFO  server.RaftServer$Division (RaftServerImpl.java:checkInconsistentAppendEntries(1296)) - omNode-2@group-523986131536: Failed appendEntries as snapshot (59) installation is in progress
2022-05-11 01:29:52,562 [grpc-default-executor-1] INFO  server.RaftServer$Division (RaftServerImpl.java:checkInconsistentAppendEntries(1288)) - omNode-2@group-523986131536: inconsistency entries. Reply:omNode-1<-omNode-2#291:FAIL-t7,INCONSISTENCY,nextIndex=144,followerCommit=56
2022-05-11 01:29:52,562 [grpc-default-executor-3] INFO  leader.FollowerInfo (FollowerInfoImpl.java:lambda$new$0(47)) - omNode-1@group-523986131536->omNode-2: nextIndex: updateUnconditionally 147 -> 144
2022-05-11 01:29:52,563 [grpc-default-executor-1] INFO  server.RaftServer$Division (RaftServerImpl.java:checkInconsistentAppendEntries(1296)) - omNode-2@group-523986131536: Failed appendEntries as snapshot (59) installation is in progress
2022-05-11 01:29:52,563 [grpc-default-executor-1] INFO  server.RaftServer$Division (RaftServerImpl.java:checkInconsistentAppendEntries(1288)) - omNode-2@group-523986131536: inconsistency entries. Reply:omNode-1<-omNode-2#292:FAIL-t7,INCONSISTENCY,nextIndex=144,followerCommit=56
2022-05-11 01:29:52,563 [grpc-default-executor-3] INFO  leader.FollowerInfo (FollowerInfoImpl.java:lambda$new$0(47)) - omNode-1@group-523986131536->omNode-2: nextIndex: updateUnconditionally 147 -> 144
2022-05-11 01:29:52,564 [grpc-default-executor-1] INFO  server.RaftServer$Division (RaftServerImpl.java:checkInconsistentAppendEntries(1296)) - omNode-2@group-523986131536: Failed appendEntries as snapshot (59) installation is in progress
2022-05-11 01:29:52,564 [grpc-default-executor-1] INFO  server.RaftServer$Division (RaftServerImpl.java:checkInconsistentAppendEntries(1288)) - omNode-2@group-523986131536: inconsistency entries. Reply:omNode-1<-omNode-2#293:FAIL-t7,INCONSISTENCY,nextIndex=144,followerCommit=56
2022-05-11 01:29:52,564 [grpc-default-executor-3] INFO  leader.FollowerInfo (FollowerInfoImpl.java:lambda$new$0(47)) - omNode-1@group-523986131536->omNode-2: nextIndex: updateUnconditionally 147 -> 144
2022-05-11 01:29:52,565 [grpc-default-executor-1] INFO  server.RaftServer$Division (RaftServerImpl.java:checkInconsistentAppendEntries(1296)) - omNode-2@group-523986131536: Failed appendEntries as snapshot (59) installation is in progress
2022-05-11 01:29:52,565 [grpc-default-executor-1] INFO  server.RaftServer$Division (RaftServerImpl.java:checkInconsistentAppendEntries(1288)) - omNode-2@group-523986131536: inconsistency entries. Reply:omNode-1<-omNode-2#294:FAIL-t7,INCONSISTENCY,nextIndex=144,followerCommit=56
2022-05-11 01:29:52,565 [grpc-default-executor-1] INFO  leader.FollowerInfo (FollowerInfoImpl.java:lambda$new$0(47)) - omNode-1@group-523986131536->omNode-2: nextIndex: updateUnconditionally 147 -> 144
2022-05-11 01:29:52,566 [grpc-default-executor-1] INFO  server.RaftServer$Division (RaftServerImpl.java:checkInconsistentAppendEntries(1296)) - omNode-2@group-523986131536: Failed appendEntries as snapshot (59) installation is in progress
2022-05-11 01:29:52,566 [grpc-default-executor-1] INFO  server.RaftServer$Division (RaftServerImpl.java:checkInconsistentAppendEntries(1288)) - omNode-2@group-523986131536: inconsistency entries. Reply:omNode-1<-omNode-2#295:FAIL-t7,INCONSISTENCY,nextIndex=144,followerCommit=56
2022-05-11 01:29:52,566 [grpc-default-executor-1] INFO  leader.FollowerInfo (FollowerInfoImpl.java:lambda$new$0(47)) - omNode-1@group-523986131536->omNode-2: nextIndex: updateUnconditionally 147 -> 144
2022-05-11 01:29:52,567 [grpc-default-executor-1] INFO  server.RaftServer$Division (RaftServerImpl.java:checkInconsistentAppendEntries(1296)) - omNode-2@group-523986131536: Failed appendEntries as snapshot (59) installation is in progress
2022-05-11 01:29:52,567 [grpc-default-executor-1] INFO  server.RaftServer$Division (RaftServerImpl.java:checkInconsistentAppendEntries(1288)) - omNode-2@group-523986131536: inconsistency entries. Reply:omNode-1<-omNode-2#296:FAIL-t7,INCONSISTENCY,nextIndex=144,followerCommit=56
2022-05-11 01:29:52,567 [grpc-default-executor-1] INFO  leader.FollowerInfo (FollowerInfoImpl.java:lambda$new$0(47)) - omNode-1@group-523986131536->omNode-2: nextIndex: updateUnconditionally 147 -> 144
2022-05-11 01:29:52,568 [grpc-default-executor-1] INFO  server.RaftServer$Division (RaftServerImpl.java:checkInconsistentAppendEntries(1296)) - omNode-2@group-523986131536: Failed appendEntries as snapshot (59) installation is in progress
2022-05-11 01:29:52,568 [grpc-default-executor-1] INFO  server.RaftServer$Division (RaftServerImpl.java:checkInconsistentAppendEntries(1288)) - omNode-2@group-523986131536: inconsistency entries. Reply:omNode-1<-omNode-2#297:FAIL-t7,INCONSISTENCY,nextIndex=144,followerCommit=56
2022-05-11 01:29:52,568 [grpc-default-executor-1] INFO  leader.FollowerInfo (FollowerInfoImpl.java:lambda$new$0(47)) - omNode-1@group-523986131536->omNode-2: nextIndex: updateUnconditionally 147 -> 144
2022-05-11 01:29:52,569 [grpc-default-executor-1] INFO  server.RaftServer$Division (RaftServerImpl.java:checkInconsistentAppendEntries(1296)) - omNode-2@group-523986131536: Failed appendEntries as snapshot (59) installation is in progress
2022-05-11 01:29:52,569 [grpc-default-executor-1] INFO  server.RaftServer$Division (RaftServerImpl.java:checkInconsistentAppendEntries(1288)) - omNode-2@group-523986131536: inconsistency entries. Reply:omNode-1<-omNode-2#298:FAIL-t7,INCONSISTENCY,nextIndex=144,followerCommit=56
2022-05-11 01:29:52,569 [grpc-default-executor-1] INFO  leader.FollowerInfo (FollowerInfoImpl.java:lambda$new$0(47)) - omNode-1@group-523986131536->omNode-2: nextIndex: updateUnconditionally 147 -> 144
2022-05-11 01:29:52,570 [grpc-default-executor-1] INFO  server.RaftServer$Division (RaftServerImpl.java:checkInconsistentAppendEntries(1296)) - omNode-2@group-523986131536: Failed appendEntries as snapshot (59) installation is in progress
2022-05-11 01:29:52,570 [grpc-default-executor-1] INFO  server.RaftServer$Division (RaftServerImpl.java:checkInconsistentAppendEntries(1288)) - omNode-2@group-523986131536: inconsistency entries. Reply:omNode-1<-omNode-2#299:FAIL-t7,INCONSISTENCY,nextIndex=144,followerCommit=56
2022-05-11 01:29:52,570 [grpc-default-executor-1] INFO  leader.FollowerInfo (FollowerInfoImpl.java:lambda$new$0(47)) - omNode-1@group-523986131536->omNode-2: nextIndex: updateUnconditionally 147 -> 144
2022-05-11 01:29:52,573 [grpc-default-executor-1] INFO  server.RaftServer$Division (RaftServerImpl.java:checkInconsistentAppendEntries(1296)) - omNode-2@group-523986131536: Failed appendEntries as snapshot (59) installation is in progress
2022-05-11 01:29:52,573 [grpc-default-executor-1] INFO  server.RaftServer$Division (RaftServerImpl.java:checkInconsistentAppendEntries(1288)) - omNode-2@group-523986131536: inconsistency entries. Reply:omNode-1<-omNode-2#300:FAIL-t7,INCONSISTENCY,nextIndex=144,followerCommit=56
2022-05-11 01:29:52,573 [grpc-default-executor-1] INFO  leader.FollowerInfo (FollowerInfoImpl.java:lambda$new$0(47)) - omNode-1@group-523986131536->omNode-2: nextIndex: updateUnconditionally 147 -> 144
2022-05-11 01:29:52,574 [grpc-default-executor-1] INFO  server.RaftServer$Division (RaftServerImpl.java:checkInconsistentAppendEntries(1296)) - omNode-2@group-523986131536: Failed appendEntries as snapshot (59) installation is in progress
2022-05-11 01:29:52,574 [grpc-default-executor-1] INFO  server.RaftServer$Division (RaftServerImpl.java:checkInconsistentAppendEntries(1288)) - omNode-2@group-523986131536: inconsistency entries. Reply:omNode-1<-omNode-2#301:FAIL-t7,INCONSISTENCY,nextIndex=144,followerCommit=56
2022-05-11 01:29:52,575 [grpc-default-executor-1] INFO  leader.FollowerInfo (FollowerInfoImpl.java:lambda$new$0(47)) - omNode-1@group-523986131536->omNode-2: nextIndex: updateUnconditionally 147 -> 144
2022-05-11 01:29:52,578 [grpc-default-executor-1] INFO  server.RaftServer$Division (RaftServerImpl.java:checkInconsistentAppendEntries(1296)) - omNode-2@group-523986131536: Failed appendEntries as snapshot (59) installation is in progress
2022-05-11 01:29:52,578 [grpc-default-executor-1] INFO  server.RaftServer$Division (RaftServerImpl.java:checkInconsistentAppendEntries(1288)) - omNode-2@group-523986131536: inconsistency entries. Reply:omNode-1<-omNode-2#302:FAIL-t7,INCONSISTENCY,nextIndex=144,followerCommit=56
2022-05-11 01:29:52,579 [grpc-default-executor-1] INFO  leader.FollowerInfo (FollowerInfoImpl.java:lambda$new$0(47)) - omNode-1@group-523986131536->omNode-2: nextIndex: updateUnconditionally 147 -> 144
2022-05-11 01:29:52,579 [grpc-default-executor-1] INFO  server.RaftServer$Division (RaftServerImpl.java:checkInconsistentAppendEntries(1296)) - omNode-2@group-523986131536: Failed appendEntries as snapshot (59) installation is in progress
2022-05-11 01:29:52,579 [grpc-default-executor-1] INFO  server.RaftServer$Division (RaftServerImpl.java:checkInconsistentAppendEntries(1288)) - omNode-2@group-523986131536: inconsistency entries. Reply:omNode-1<-omNode-2#303:FAIL-t7,INCONSISTENCY,nextIndex=144,followerCommit=56
2022-05-11 01:29:52,580 [grpc-default-executor-1] INFO  leader.FollowerInfo (FollowerInfoImpl.java:lambda$new$0(47)) - omNode-1@group-523986131536->omNode-2: nextIndex: updateUnconditionally 147 -> 144
2022-05-11 01:29:52,580 [grpc-default-executor-1] INFO  server.RaftServer$Division (RaftServerImpl.java:checkInconsistentAppendEntries(1296)) - omNode-2@group-523986131536: Failed appendEntries as snapshot (59) installation is in progress
2022-05-11 01:29:52,581 [grpc-default-executor-1] INFO  server.RaftServer$Division (RaftServerImpl.java:checkInconsistentAppendEntries(1288)) - omNode-2@group-523986131536: inconsistency entries. Reply:omNode-1<-omNode-2#304:FAIL-t7,INCONSISTENCY,nextIndex=144,followerCommit=56
2022-05-11 01:29:52,581 [grpc-default-executor-1] INFO  leader.FollowerInfo (FollowerInfoImpl.java:lambda$new$0(47)) - omNode-1@group-523986131536->omNode-2: nextIndex: updateUnconditionally 147 -> 144
2022-05-11 01:29:52,581 [grpc-default-executor-1] INFO  server.RaftServer$Division (RaftServerImpl.java:checkInconsistentAppendEntries(1296)) - omNode-2@group-523986131536: Failed appendEntries as snapshot (59) installation is in progress
2022-05-11 01:29:52,582 [grpc-default-executor-1] INFO  server.RaftServer$Division (RaftServerImpl.java:checkInconsistentAppendEntries(1288)) - omNode-2@group-523986131536: inconsistency entries. Reply:omNode-1<-omNode-2#305:FAIL-t7,INCONSISTENCY,nextIndex=144,followerCommit=56
2022-05-11 01:29:52,582 [grpc-default-executor-1] INFO  leader.FollowerInfo (FollowerInfoImpl.java:lambda$new$0(47)) - omNode-1@group-523986131536->omNode-2: nextIndex: updateUnconditionally 147 -> 144
2022-05-11 01:29:52,582 [grpc-default-executor-3] INFO  server.RaftServer$Division (RaftServerImpl.java:checkInconsistentAppendEntries(1296)) - omNode-2@group-523986131536: Failed appendEntries as snapshot (59) installation is in progress
2022-05-11 01:29:52,582 [grpc-default-executor-3] INFO  server.RaftServer$Division (RaftServerImpl.java:checkInconsistentAppendEntries(1288)) - omNode-2@group-523986131536: inconsistency entries. Reply:omNode-1<-omNode-2#306:FAIL-t7,INCONSISTENCY,nextIndex=144,followerCommit=56
2022-05-11 01:29:52,583 [grpc-default-executor-3] INFO  leader.FollowerInfo (FollowerInfoImpl.java:lambda$new$0(47)) - omNode-1@group-523986131536->omNode-2: nextIndex: updateUnconditionally 147 -> 144
2022-05-11 01:29:52,583 [grpc-default-executor-3] INFO  server.RaftServer$Division (RaftServerImpl.java:checkInconsistentAppendEntries(1296)) - omNode-2@group-523986131536: Failed appendEntries as snapshot (59) installation is in progress
2022-05-11 01:29:52,584 [grpc-default-executor-3] INFO  server.RaftServer$Division (RaftServerImpl.java:checkInconsistentAppendEntries(1288)) - omNode-2@group-523986131536: inconsistency entries. Reply:omNode-1<-omNode-2#307:FAIL-t7,INCONSISTENCY,nextIndex=144,followerCommit=56
2022-05-11 01:29:52,584 [grpc-default-executor-3] INFO  leader.FollowerInfo (FollowerInfoImpl.java:lambda$new$0(47)) - omNode-1@group-523986131536->omNode-2: nextIndex: updateUnconditionally 147 -> 144
2022-05-11 01:29:52,584 [grpc-default-executor-3] INFO  server.RaftServer$Division (RaftServerImpl.java:checkInconsistentAppendEntries(1296)) - omNode-2@group-523986131536: Failed appendEntries as snapshot (59) installation is in progress
2022-05-11 01:29:52,585 [grpc-default-executor-3] INFO  server.RaftServer$Division (RaftServerImpl.java:checkInconsistentAppendEntries(1288)) - omNode-2@group-523986131536: inconsistency entries. Reply:omNode-1<-omNode-2#308:FAIL-t7,INCONSISTENCY,nextIndex=144,followerCommit=56
2022-05-11 01:29:52,585 [grpc-default-executor-3] INFO  leader.FollowerInfo (FollowerInfoImpl.java:lambda$new$0(47)) - omNode-1@group-523986131536->omNode-2: nextIndex: updateUnconditionally 147 -> 144
2022-05-11 01:29:52,585 [grpc-default-executor-3] INFO  server.RaftServer$Division (RaftServerImpl.java:checkInconsistentAppendEntries(1296)) - omNode-2@group-523986131536: Failed appendEntries as snapshot (59) installation is in progress
2022-05-11 01:29:52,586 [grpc-default-executor-3] INFO  server.RaftServer$Division (RaftServerImpl.java:checkInconsistentAppendEntries(1288)) - omNode-2@group-523986131536: inconsistency entries. Reply:omNode-1<-omNode-2#309:FAIL-t7,INCONSISTENCY,nextIndex=144,followerCommit=56
2022-05-11 01:29:52,586 [grpc-default-executor-3] INFO  leader.FollowerInfo (FollowerInfoImpl.java:lambda$new$0(47)) - omNode-1@group-523986131536->omNode-2: nextIndex: updateUnconditionally 147 -> 144
2022-05-11 01:29:52,586 [grpc-default-executor-3] INFO  server.RaftServer$Division (RaftServerImpl.java:checkInconsistentAppendEntries(1296)) - omNode-2@group-523986131536: Failed appendEntries as snapshot (59) installation is in progress
2022-05-11 01:29:52,587 [grpc-default-executor-3] INFO  server.RaftServer$Division (RaftServerImpl.java:checkInconsistentAppendEntries(1288)) - omNode-2@group-523986131536: inconsistency entries. Reply:omNode-1<-omNode-2#310:FAIL-t7,INCONSISTENCY,nextIndex=144,followerCommit=56
2022-05-11 01:29:52,593 [grpc-default-executor-3] INFO  leader.FollowerInfo (FollowerInfoImpl.java:lambda$new$0(47)) - omNode-1@group-523986131536->omNode-2: nextIndex: updateUnconditionally 147 -> 144
2022-05-11 01:29:52,594 [grpc-default-executor-3] INFO  server.RaftServer$Division (RaftServerImpl.java:checkInconsistentAppendEntries(1296)) - omNode-2@group-523986131536: Failed appendEntries as snapshot (59) installation is in progress
2022-05-11 01:29:52,594 [grpc-default-executor-3] INFO  server.RaftServer$Division (RaftServerImpl.java:checkInconsistentAppendEntries(1288)) - omNode-2@group-523986131536: inconsistency entries. Reply:omNode-1<-omNode-2#311:FAIL-t7,INCONSISTENCY,nextIndex=144,followerCommit=56
2022-05-11 01:29:52,595 [grpc-default-executor-3] INFO  leader.FollowerInfo (FollowerInfoImpl.java:lambda$new$0(47)) - omNode-1@group-523986131536->omNode-2: nextIndex: updateUnconditionally 147 -> 144
2022-05-11 01:29:52,595 [grpc-default-executor-3] INFO  server.RaftServer$Division (RaftServerImpl.java:checkInconsistentAppendEntries(1296)) - omNode-2@group-523986131536: Failed appendEntries as snapshot (59) installation is in progress
2022-05-11 01:29:52,595 [grpc-default-executor-3] INFO  server.RaftServer$Division (RaftServerImpl.java:checkInconsistentAppendEntries(1288)) - omNode-2@group-523986131536: inconsistency entries. Reply:omNode-1<-omNode-2#312:FAIL-t7,INCONSISTENCY,nextIndex=144,followerCommit=56
2022-05-11 01:29:52,596 [grpc-default-executor-3] INFO  leader.FollowerInfo (FollowerInfoImpl.java:lambda$new$0(47)) - omNode-1@group-523986131536->omNode-2: nextIndex: updateUnconditionally 147 -> 144
2022-05-11 01:29:52,596 [grpc-default-executor-3] INFO  server.RaftServer$Division (RaftServerImpl.java:checkInconsistentAppendEntries(1296)) - omNode-2@group-523986131536: Failed appendEntries as snapshot (59) installation is in progress
2022-05-11 01:29:52,596 [grpc-default-executor-3] INFO  server.RaftServer$Division (RaftServerImpl.java:checkInconsistentAppendEntries(1288)) - omNode-2@group-523986131536: inconsistency entries. Reply:omNode-1<-omNode-2#313:FAIL-t7,INCONSISTENCY,nextIndex=144,followerCommit=56
2022-05-11 01:29:52,597 [grpc-default-executor-3] INFO  leader.FollowerInfo (FollowerInfoImpl.java:lambda$new$0(47)) - omNode-1@group-523986131536->omNode-2: nextIndex: updateUnconditionally 147 -> 144
2022-05-11 01:29:52,597 [grpc-default-executor-3] INFO  server.RaftServer$Division (RaftServerImpl.java:checkInconsistentAppendEntries(1296)) - omNode-2@group-523986131536: Failed appendEntries as snapshot (59) installation is in progress
2022-05-11 01:29:52,597 [grpc-default-executor-3] INFO  server.RaftServer$Division (RaftServerImpl.java:checkInconsistentAppendEntries(1288)) - omNode-2@group-523986131536: inconsistency entries. Reply:omNode-1<-omNode-2#314:FAIL-t7,INCONSISTENCY,nextIndex=144,followerCommit=56
2022-05-11 01:29:52,597 [grpc-default-executor-3] INFO  leader.FollowerInfo (FollowerInfoImpl.java:lambda$new$0(47)) - omNode-1@group-523986131536->omNode-2: nextIndex: updateUnconditionally 147 -> 144
2022-05-11 01:29:52,598 [grpc-default-executor-3] INFO  server.RaftServer$Division (RaftServerImpl.java:checkInconsistentAppendEntries(1296)) - omNode-2@group-523986131536: Failed appendEntries as snapshot (59) installation is in progress
2022-05-11 01:29:52,598 [grpc-default-executor-3] INFO  server.RaftServer$Division (RaftServerImpl.java:checkInconsistentAppendEntries(1288)) - omNode-2@group-523986131536: inconsistency entries. Reply:omNode-1<-omNode-2#315:FAIL-t7,INCONSISTENCY,nextIndex=144,followerCommit=56
2022-05-11 01:29:52,598 [grpc-default-executor-3] INFO  leader.FollowerInfo (FollowerInfoImpl.java:lambda$new$0(47)) - omNode-1@group-523986131536->omNode-2: nextIndex: updateUnconditionally 147 -> 144
2022-05-11 01:29:52,599 [grpc-default-executor-3] INFO  server.RaftServer$Division (RaftServerImpl.java:checkInconsistentAppendEntries(1296)) - omNode-2@group-523986131536: Failed appendEntries as snapshot (59) installation is in progress
2022-05-11 01:29:52,599 [grpc-default-executor-3] INFO  server.RaftServer$Division (RaftServerImpl.java:checkInconsistentAppendEntries(1288)) - omNode-2@group-523986131536: inconsistency entries. Reply:omNode-1<-omNode-2#316:FAIL-t7,INCONSISTENCY,nextIndex=144,followerCommit=56
2022-05-11 01:29:52,599 [grpc-default-executor-3] INFO  leader.FollowerInfo (FollowerInfoImpl.java:lambda$new$0(47)) - omNode-1@group-523986131536->omNode-2: nextIndex: updateUnconditionally 147 -> 144
2022-05-11 01:29:52,600 [grpc-default-executor-3] INFO  server.RaftServer$Division (RaftServerImpl.java:checkInconsistentAppendEntries(1296)) - omNode-2@group-523986131536: Failed appendEntries as snapshot (59) installation is in progress
2022-05-11 01:29:52,600 [grpc-default-executor-3] INFO  server.RaftServer$Division (RaftServerImpl.java:checkInconsistentAppendEntries(1288)) - omNode-2@group-523986131536: inconsistency entries. Reply:omNode-1<-omNode-2#317:FAIL-t7,INCONSISTENCY,nextIndex=144,followerCommit=56
2022-05-11 01:29:52,600 [grpc-default-executor-3] INFO  leader.FollowerInfo (FollowerInfoImpl.java:lambda$new$0(47)) - omNode-1@group-523986131536->omNode-2: nextIndex: updateUnconditionally 147 -> 144
2022-05-11 01:29:52,601 [grpc-default-executor-3] INFO  server.RaftServer$Division (RaftServerImpl.java:checkInconsistentAppendEntries(1296)) - omNode-2@group-523986131536: Failed appendEntries as snapshot (59) installation is in progress
2022-05-11 01:29:52,601 [grpc-default-executor-3] INFO  server.RaftServer$Division (RaftServerImpl.java:checkInconsistentAppendEntries(1288)) - omNode-2@group-523986131536: inconsistency entries. Reply:omNode-1<-omNode-2#318:FAIL-t7,INCONSISTENCY,nextIndex=144,followerCommit=56
2022-05-11 01:29:52,602 [grpc-default-executor-3] INFO  leader.FollowerInfo (FollowerInfoImpl.java:lambda$new$0(47)) - omNode-1@group-523986131536->omNode-2: nextIndex: updateUnconditionally 147 -> 144
2022-05-11 01:29:52,602 [grpc-default-executor-3] INFO  server.RaftServer$Division (RaftServerImpl.java:checkInconsistentAppendEntries(1296)) - omNode-2@group-523986131536: Failed appendEntries as snapshot (59) installation is in progress
2022-05-11 01:29:52,602 [grpc-default-executor-3] INFO  server.RaftServer$Division (RaftServerImpl.java:checkInconsistentAppendEntries(1288)) - omNode-2@group-523986131536: inconsistency entries. Reply:omNode-1<-omNode-2#319:FAIL-t7,INCONSISTENCY,nextIndex=144,followerCommit=56
2022-05-11 01:29:52,603 [grpc-default-executor-3] INFO  leader.FollowerInfo (FollowerInfoImpl.java:lambda$new$0(47)) - omNode-1@group-523986131536->omNode-2: nextIndex: updateUnconditionally 147 -> 144
2022-05-11 01:29:52,603 [grpc-default-executor-3] INFO  server.RaftServer$Division (RaftServerImpl.java:checkInconsistentAppendEntries(1296)) - omNode-2@group-523986131536: Failed appendEntries as snapshot (59) installation is in progress
2022-05-11 01:29:52,603 [grpc-default-executor-3] INFO  server.RaftServer$Division (RaftServerImpl.java:checkInconsistentAppendEntries(1288)) - omNode-2@group-523986131536: inconsistency entries. Reply:omNode-1<-omNode-2#320:FAIL-t7,INCONSISTENCY,nextIndex=144,followerCommit=56
2022-05-11 01:29:52,604 [grpc-default-executor-3] INFO  leader.FollowerInfo (FollowerInfoImpl.java:lambda$new$0(47)) - omNode-1@group-523986131536->omNode-2: nextIndex: updateUnconditionally 147 -> 144
2022-05-11 01:29:52,604 [grpc-default-executor-3] INFO  server.RaftServer$Division (RaftServerImpl.java:checkInconsistentAppendEntries(1296)) - omNode-2@group-523986131536: Failed appendEntries as snapshot (59) installation is in progress
2022-05-11 01:29:52,604 [grpc-default-executor-3] INFO  server.RaftServer$Division (RaftServerImpl.java:checkInconsistentAppendEntries(1288)) - omNode-2@group-523986131536: inconsistency entries. Reply:omNode-1<-omNode-2#321:FAIL-t7,INCONSISTENCY,nextIndex=144,followerCommit=56
2022-05-11 01:29:52,605 [grpc-default-executor-3] INFO  leader.FollowerInfo (FollowerInfoImpl.java:lambda$new$0(47)) - omNode-1@group-523986131536->omNode-2: nextIndex: updateUnconditionally 147 -> 144
2022-05-11 01:29:52,605 [grpc-default-executor-3] INFO  server.RaftServer$Division (RaftServerImpl.java:checkInconsistentAppendEntries(1296)) - omNode-2@group-523986131536: Failed appendEntries as snapshot (59) installation is in progress
2022-05-11 01:29:52,605 [grpc-default-executor-3] INFO  server.RaftServer$Division (RaftServerImpl.java:checkInconsistentAppendEntries(1288)) - omNode-2@group-523986131536: inconsistency entries. Reply:omNode-1<-omNode-2#322:FAIL-t7,INCONSISTENCY,nextIndex=144,followerCommit=56
2022-05-11 01:29:52,606 [grpc-default-executor-3] INFO  leader.FollowerInfo (FollowerInfoImpl.java:lambda$new$0(47)) - omNode-1@group-523986131536->omNode-2: nextIndex: updateUnconditionally 147 -> 144
2022-05-11 01:29:52,606 [grpc-default-executor-3] INFO  server.RaftServer$Division (RaftServerImpl.java:checkInconsistentAppendEntries(1296)) - omNode-2@group-523986131536: Failed appendEntries as snapshot (59) installation is in progress
2022-05-11 01:29:52,606 [grpc-default-executor-3] INFO  server.RaftServer$Division (RaftServerImpl.java:checkInconsistentAppendEntries(1288)) - omNode-2@group-523986131536: inconsistency entries. Reply:omNode-1<-omNode-2#323:FAIL-t7,INCONSISTENCY,nextIndex=144,followerCommit=56
2022-05-11 01:29:52,607 [grpc-default-executor-3] INFO  leader.FollowerInfo (FollowerInfoImpl.java:lambda$new$0(47)) - omNode-1@group-523986131536->omNode-2: nextIndex: updateUnconditionally 147 -> 144
2022-05-11 01:29:52,607 [grpc-default-executor-3] INFO  server.RaftServer$Division (RaftServerImpl.java:checkInconsistentAppendEntries(1296)) - omNode-2@group-523986131536: Failed appendEntries as snapshot (59) installation is in progress
2022-05-11 01:29:52,607 [grpc-default-executor-3] INFO  server.RaftServer$Division (RaftServerImpl.java:checkInconsistentAppendEntries(1288)) - omNode-2@group-523986131536: inconsistency entries. Reply:omNode-1<-omNode-2#324:FAIL-t7,INCONSISTENCY,nextIndex=144,followerCommit=56
2022-05-11 01:29:52,608 [grpc-default-executor-3] INFO  leader.FollowerInfo (FollowerInfoImpl.java:lambda$new$0(47)) - omNode-1@group-523986131536->omNode-2: nextIndex: updateUnconditionally 147 -> 144
2022-05-11 01:29:52,608 [grpc-default-executor-3] INFO  server.RaftServer$Division (RaftServerImpl.java:checkInconsistentAppendEntries(1296)) - omNode-2@group-523986131536: Failed appendEntries as snapshot (59) installation is in progress
2022-05-11 01:29:52,608 [grpc-default-executor-3] INFO  server.RaftServer$Division (RaftServerImpl.java:checkInconsistentAppendEntries(1288)) - omNode-2@group-523986131536: inconsistency entries. Reply:omNode-1<-omNode-2#325:FAIL-t7,INCONSISTENCY,nextIndex=144,followerCommit=56
2022-05-11 01:29:52,608 [grpc-default-executor-3] INFO  leader.FollowerInfo (FollowerInfoImpl.java:lambda$new$0(47)) - omNode-1@group-523986131536->omNode-2: nextIndex: updateUnconditionally 147 -> 144
2022-05-11 01:29:52,609 [grpc-default-executor-1] INFO  server.RaftServer$Division (RaftServerImpl.java:checkInconsistentAppendEntries(1296)) - omNode-2@group-523986131536: Failed appendEntries as snapshot (59) installation is in progress
2022-05-11 01:29:52,609 [grpc-default-executor-1] INFO  server.RaftServer$Division (RaftServerImpl.java:checkInconsistentAppendEntries(1288)) - omNode-2@group-523986131536: inconsistency entries. Reply:omNode-1<-omNode-2#326:FAIL-t7,INCONSISTENCY,nextIndex=144,followerCommit=56
2022-05-11 01:29:52,609 [grpc-default-executor-3] INFO  leader.FollowerInfo (FollowerInfoImpl.java:lambda$new$0(47)) - omNode-1@group-523986131536->omNode-2: nextIndex: updateUnconditionally 147 -> 144
2022-05-11 01:29:52,610 [grpc-default-executor-1] INFO  server.RaftServer$Division (RaftServerImpl.java:checkInconsistentAppendEntries(1296)) - omNode-2@group-523986131536: Failed appendEntries as snapshot (59) installation is in progress
2022-05-11 01:29:52,610 [grpc-default-executor-1] INFO  server.RaftServer$Division (RaftServerImpl.java:checkInconsistentAppendEntries(1288)) - omNode-2@group-523986131536: inconsistency entries. Reply:omNode-1<-omNode-2#327:FAIL-t7,INCONSISTENCY,nextIndex=144,followerCommit=56
2022-05-11 01:29:52,610 [grpc-default-executor-1] INFO  leader.FollowerInfo (FollowerInfoImpl.java:lambda$new$0(47)) - omNode-1@group-523986131536->omNode-2: nextIndex: updateUnconditionally 147 -> 144
2022-05-11 01:29:52,611 [grpc-default-executor-1] INFO  server.RaftServer$Division (RaftServerImpl.java:checkInconsistentAppendEntries(1296)) - omNode-2@group-523986131536: Failed appendEntries as snapshot (59) installation is in progress
2022-05-11 01:29:52,611 [grpc-default-executor-1] INFO  server.RaftServer$Division (RaftServerImpl.java:checkInconsistentAppendEntries(1288)) - omNode-2@group-523986131536: inconsistency entries. Reply:omNode-1<-omNode-2#328:FAIL-t7,INCONSISTENCY,nextIndex=144,followerCommit=56
2022-05-11 01:29:52,612 [grpc-default-executor-1] INFO  leader.FollowerInfo (FollowerInfoImpl.java:lambda$new$0(47)) - omNode-1@group-523986131536->omNode-2: nextIndex: updateUnconditionally 147 -> 144
2022-05-11 01:29:52,612 [grpc-default-executor-1] INFO  server.RaftServer$Division (RaftServerImpl.java:checkInconsistentAppendEntries(1296)) - omNode-2@group-523986131536: Failed appendEntries as snapshot (59) installation is in progress
2022-05-11 01:29:52,612 [grpc-default-executor-1] INFO  server.RaftServer$Division (RaftServerImpl.java:checkInconsistentAppendEntries(1288)) - omNode-2@group-523986131536: inconsistency entries. Reply:omNode-1<-omNode-2#329:FAIL-t7,INCONSISTENCY,nextIndex=144,followerCommit=56
2022-05-11 01:29:52,612 [grpc-default-executor-1] INFO  leader.FollowerInfo (FollowerInfoImpl.java:lambda$new$0(47)) - omNode-1@group-523986131536->omNode-2: nextIndex: updateUnconditionally 147 -> 144
2022-05-11 01:29:52,613 [grpc-default-executor-1] INFO  server.RaftServer$Division (RaftServerImpl.java:checkInconsistentAppendEntries(1296)) - omNode-2@group-523986131536: Failed appendEntries as snapshot (59) installation is in progress
2022-05-11 01:29:52,613 [grpc-default-executor-1] INFO  server.RaftServer$Division (RaftServerImpl.java:checkInconsistentAppendEntries(1288)) - omNode-2@group-523986131536: inconsistency entries. Reply:omNode-1<-omNode-2#330:FAIL-t7,INCONSISTENCY,nextIndex=144,followerCommit=56
2022-05-11 01:29:52,614 [grpc-default-executor-1] INFO  leader.FollowerInfo (FollowerInfoImpl.java:lambda$new$0(47)) - omNode-1@group-523986131536->omNode-2: nextIndex: updateUnconditionally 147 -> 144
2022-05-11 01:29:52,615 [grpc-default-executor-1] INFO  server.RaftServer$Division (RaftServerImpl.java:checkInconsistentAppendEntries(1296)) - omNode-2@group-523986131536: Failed appendEntries as snapshot (59) installation is in progress
2022-05-11 01:29:52,615 [grpc-default-executor-1] INFO  server.RaftServer$Division (RaftServerImpl.java:checkInconsistentAppendEntries(1288)) - omNode-2@group-523986131536: inconsistency entries. Reply:omNode-1<-omNode-2#331:FAIL-t7,INCONSISTENCY,nextIndex=144,followerCommit=56
2022-05-11 01:29:52,615 [grpc-default-executor-1] INFO  leader.FollowerInfo (FollowerInfoImpl.java:lambda$new$0(47)) - omNode-1@group-523986131536->omNode-2: nextIndex: updateUnconditionally 147 -> 144
2022-05-11 01:29:52,616 [grpc-default-executor-1] INFO  server.RaftServer$Division (RaftServerImpl.java:checkInconsistentAppendEntries(1296)) - omNode-2@group-523986131536: Failed appendEntries as snapshot (59) installation is in progress
2022-05-11 01:29:52,616 [grpc-default-executor-1] INFO  server.RaftServer$Division (RaftServerImpl.java:checkInconsistentAppendEntries(1288)) - omNode-2@group-523986131536: inconsistency entries. Reply:omNode-1<-omNode-2#332:FAIL-t7,INCONSISTENCY,nextIndex=144,followerCommit=56
2022-05-11 01:29:52,620 [grpc-default-executor-1] INFO  leader.FollowerInfo (FollowerInfoImpl.java:lambda$new$0(47)) - omNode-1@group-523986131536->omNode-2: nextIndex: updateUnconditionally 147 -> 144
2022-05-11 01:29:52,620 [grpc-default-executor-1] INFO  server.RaftServer$Division (RaftServerImpl.java:checkInconsistentAppendEntries(1296)) - omNode-2@group-523986131536: Failed appendEntries as snapshot (59) installation is in progress
2022-05-11 01:29:52,620 [grpc-default-executor-1] INFO  server.RaftServer$Division (RaftServerImpl.java:checkInconsistentAppendEntries(1288)) - omNode-2@group-523986131536: inconsistency entries. Reply:omNode-1<-omNode-2#333:FAIL-t7,INCONSISTENCY,nextIndex=144,followerCommit=56
2022-05-11 01:29:52,621 [grpc-default-executor-1] INFO  leader.FollowerInfo (FollowerInfoImpl.java:lambda$new$0(47)) - omNode-1@group-523986131536->omNode-2: nextIndex: updateUnconditionally 147 -> 144
2022-05-11 01:29:52,621 [grpc-default-executor-1] INFO  server.RaftServer$Division (RaftServerImpl.java:checkInconsistentAppendEntries(1296)) - omNode-2@group-523986131536: Failed appendEntries as snapshot (59) installation is in progress
2022-05-11 01:29:52,621 [grpc-default-executor-1] INFO  server.RaftServer$Division (RaftServerImpl.java:checkInconsistentAppendEntries(1288)) - omNode-2@group-523986131536: inconsistency entries. Reply:omNode-1<-omNode-2#334:FAIL-t7,INCONSISTENCY,nextIndex=144,followerCommit=56
2022-05-11 01:29:52,622 [grpc-default-executor-1] INFO  leader.FollowerInfo (FollowerInfoImpl.java:lambda$new$0(47)) - omNode-1@group-523986131536->omNode-2: nextIndex: updateUnconditionally 147 -> 144
2022-05-11 01:29:52,622 [grpc-default-executor-1] INFO  server.RaftServer$Division (RaftServerImpl.java:checkInconsistentAppendEntries(1296)) - omNode-2@group-523986131536: Failed appendEntries as snapshot (59) installation is in progress
2022-05-11 01:29:52,622 [grpc-default-executor-1] INFO  server.RaftServer$Division (RaftServerImpl.java:checkInconsistentAppendEntries(1288)) - omNode-2@group-523986131536: inconsistency entries. Reply:omNode-1<-omNode-2#335:FAIL-t7,INCONSISTENCY,nextIndex=144,followerCommit=56
2022-05-11 01:29:52,623 [grpc-default-executor-1] INFO  leader.FollowerInfo (FollowerInfoImpl.java:lambda$new$0(47)) - omNode-1@group-523986131536->omNode-2: nextIndex: updateUnconditionally 147 -> 144
2022-05-11 01:29:52,623 [grpc-default-executor-1] INFO  server.RaftServer$Division (RaftServerImpl.java:checkInconsistentAppendEntries(1296)) - omNode-2@group-523986131536: Failed appendEntries as snapshot (59) installation is in progress
2022-05-11 01:29:52,623 [grpc-default-executor-1] INFO  server.RaftServer$Division (RaftServerImpl.java:checkInconsistentAppendEntries(1288)) - omNode-2@group-523986131536: inconsistency entries. Reply:omNode-1<-omNode-2#336:FAIL-t7,INCONSISTENCY,nextIndex=144,followerCommit=56
2022-05-11 01:29:52,624 [grpc-default-executor-1] INFO  leader.FollowerInfo (FollowerInfoImpl.java:lambda$new$0(47)) - omNode-1@group-523986131536->omNode-2: nextIndex: updateUnconditionally 147 -> 144
2022-05-11 01:29:52,624 [grpc-default-executor-1] INFO  server.RaftServer$Division (RaftServerImpl.java:checkInconsistentAppendEntries(1296)) - omNode-2@group-523986131536: Failed appendEntries as snapshot (59) installation is in progress
2022-05-11 01:29:52,624 [grpc-default-executor-1] INFO  server.RaftServer$Division (RaftServerImpl.java:checkInconsistentAppendEntries(1288)) - omNode-2@group-523986131536: inconsistency entries. Reply:omNode-1<-omNode-2#337:FAIL-t7,INCONSISTENCY,nextIndex=144,followerCommit=56
2022-05-11 01:29:52,625 [grpc-default-executor-1] INFO  leader.FollowerInfo (FollowerInfoImpl.java:lambda$new$0(47)) - omNode-1@group-523986131536->omNode-2: nextIndex: updateUnconditionally 147 -> 144
2022-05-11 01:29:52,625 [grpc-default-executor-1] INFO  server.RaftServer$Division (RaftServerImpl.java:checkInconsistentAppendEntries(1296)) - omNode-2@group-523986131536: Failed appendEntries as snapshot (59) installation is in progress
2022-05-11 01:29:52,626 [grpc-default-executor-1] INFO  server.RaftServer$Division (RaftServerImpl.java:checkInconsistentAppendEntries(1288)) - omNode-2@group-523986131536: inconsistency entries. Reply:omNode-1<-omNode-2#338:FAIL-t7,INCONSISTENCY,nextIndex=144,followerCommit=56
2022-05-11 01:29:52,626 [grpc-default-executor-1] INFO  leader.FollowerInfo (FollowerInfoImpl.java:lambda$new$0(47)) - omNode-1@group-523986131536->omNode-2: nextIndex: updateUnconditionally 147 -> 144
2022-05-11 01:29:52,626 [grpc-default-executor-1] INFO  server.RaftServer$Division (RaftServerImpl.java:checkInconsistentAppendEntries(1296)) - omNode-2@group-523986131536: Failed appendEntries as snapshot (59) installation is in progress
2022-05-11 01:29:52,627 [grpc-default-executor-1] INFO  server.RaftServer$Division (RaftServerImpl.java:checkInconsistentAppendEntries(1288)) - omNode-2@group-523986131536: inconsistency entries. Reply:omNode-1<-omNode-2#339:FAIL-t7,INCONSISTENCY,nextIndex=144,followerCommit=56
2022-05-11 01:29:52,627 [grpc-default-executor-1] INFO  leader.FollowerInfo (FollowerInfoImpl.java:lambda$new$0(47)) - omNode-1@group-523986131536->omNode-2: nextIndex: updateUnconditionally 147 -> 144
2022-05-11 01:29:52,627 [grpc-default-executor-1] INFO  server.RaftServer$Division (RaftServerImpl.java:checkInconsistentAppendEntries(1296)) - omNode-2@group-523986131536: Failed appendEntries as snapshot (59) installation is in progress
2022-05-11 01:29:52,628 [grpc-default-executor-1] INFO  server.RaftServer$Division (RaftServerImpl.java:checkInconsistentAppendEntries(1288)) - omNode-2@group-523986131536: inconsistency entries. Reply:omNode-1<-omNode-2#340:FAIL-t7,INCONSISTENCY,nextIndex=144,followerCommit=56
2022-05-11 01:29:52,628 [grpc-default-executor-1] INFO  leader.FollowerInfo (FollowerInfoImpl.java:lambda$new$0(47)) - omNode-1@group-523986131536->omNode-2: nextIndex: updateUnconditionally 147 -> 144
2022-05-11 01:29:52,629 [grpc-default-executor-1] INFO  server.RaftServer$Division (RaftServerImpl.java:checkInconsistentAppendEntries(1296)) - omNode-2@group-523986131536: Failed appendEntries as snapshot (59) installation is in progress
2022-05-11 01:29:52,629 [grpc-default-executor-1] INFO  server.RaftServer$Division (RaftServerImpl.java:checkInconsistentAppendEntries(1288)) - omNode-2@group-523986131536: inconsistency entries. Reply:omNode-1<-omNode-2#341:FAIL-t7,INCONSISTENCY,nextIndex=144,followerCommit=56
2022-05-11 01:29:52,629 [grpc-default-executor-1] INFO  leader.FollowerInfo (FollowerInfoImpl.java:lambda$new$0(47)) - omNode-1@group-523986131536->omNode-2: nextIndex: updateUnconditionally 147 -> 144
2022-05-11 01:29:52,632 [grpc-default-executor-1] INFO  server.RaftServer$Division (RaftServerImpl.java:checkInconsistentAppendEntries(1296)) - omNode-2@group-523986131536: Failed appendEntries as snapshot (59) installation is in progress
2022-05-11 01:29:52,632 [grpc-default-executor-1] INFO  server.RaftServer$Division (RaftServerImpl.java:checkInconsistentAppendEntries(1288)) - omNode-2@group-523986131536: inconsistency entries. Reply:omNode-1<-omNode-2#342:FAIL-t7,INCONSISTENCY,nextIndex=144,followerCommit=56
2022-05-11 01:29:52,632 [grpc-default-executor-1] INFO  leader.FollowerInfo (FollowerInfoImpl.java:lambda$new$0(47)) - omNode-1@group-523986131536->omNode-2: nextIndex: updateUnconditionally 147 -> 144
2022-05-11 01:29:52,633 [grpc-default-executor-1] INFO  server.RaftServer$Division (RaftServerImpl.java:checkInconsistentAppendEntries(1296)) - omNode-2@group-523986131536: Failed appendEntries as snapshot (59) installation is in progress
2022-05-11 01:29:52,633 [grpc-default-executor-1] INFO  server.RaftServer$Division (RaftServerImpl.java:checkInconsistentAppendEntries(1288)) - omNode-2@group-523986131536: inconsistency entries. Reply:omNode-1<-omNode-2#343:FAIL-t7,INCONSISTENCY,nextIndex=144,followerCommit=56
2022-05-11 01:29:52,633 [grpc-default-executor-1] INFO  leader.FollowerInfo (FollowerInfoImpl.java:lambda$new$0(47)) - omNode-1@group-523986131536->omNode-2: nextIndex: updateUnconditionally 147 -> 144
2022-05-11 01:29:52,634 [grpc-default-executor-1] INFO  server.RaftServer$Division (RaftServerImpl.java:checkInconsistentAppendEntries(1296)) - omNode-2@group-523986131536: Failed appendEntries as snapshot (59) installation is in progress
2022-05-11 01:29:52,634 [grpc-default-executor-1] INFO  server.RaftServer$Division (RaftServerImpl.java:checkInconsistentAppendEntries(1288)) - omNode-2@group-523986131536: inconsistency entries. Reply:omNode-1<-omNode-2#344:FAIL-t7,INCONSISTENCY,nextIndex=144,followerCommit=56
2022-05-11 01:29:52,634 [grpc-default-executor-1] INFO  leader.FollowerInfo (FollowerInfoImpl.java:lambda$new$0(47)) - omNode-1@group-523986131536->omNode-2: nextIndex: updateUnconditionally 147 -> 144
2022-05-11 01:29:52,635 [grpc-default-executor-1] INFO  server.RaftServer$Division (RaftServerImpl.java:checkInconsistentAppendEntries(1296)) - omNode-2@group-523986131536: Failed appendEntries as snapshot (59) installation is in progress
2022-05-11 01:29:52,635 [grpc-default-executor-1] INFO  server.RaftServer$Division (RaftServerImpl.java:checkInconsistentAppendEntries(1288)) - omNode-2@group-523986131536: inconsistency entries. Reply:omNode-1<-omNode-2#345:FAIL-t7,INCONSISTENCY,nextIndex=144,followerCommit=56
2022-05-11 01:29:52,635 [grpc-default-executor-1] INFO  leader.FollowerInfo (FollowerInfoImpl.java:lambda$new$0(47)) - omNode-1@group-523986131536->omNode-2: nextIndex: updateUnconditionally 147 -> 144
2022-05-11 01:29:52,636 [grpc-default-executor-1] INFO  server.RaftServer$Division (RaftServerImpl.java:checkInconsistentAppendEntries(1296)) - omNode-2@group-523986131536: Failed appendEntries as snapshot (59) installation is in progress
2022-05-11 01:29:52,636 [grpc-default-executor-1] INFO  server.RaftServer$Division (RaftServerImpl.java:checkInconsistentAppendEntries(1288)) - omNode-2@group-523986131536: inconsistency entries. Reply:omNode-1<-omNode-2#346:FAIL-t7,INCONSISTENCY,nextIndex=144,followerCommit=56
2022-05-11 01:29:52,636 [grpc-default-executor-1] INFO  leader.FollowerInfo (FollowerInfoImpl.java:lambda$new$0(47)) - omNode-1@group-523986131536->omNode-2: nextIndex: updateUnconditionally 147 -> 144
2022-05-11 01:29:52,637 [grpc-default-executor-1] INFO  server.RaftServer$Division (RaftServerImpl.java:checkInconsistentAppendEntries(1296)) - omNode-2@group-523986131536: Failed appendEntries as snapshot (59) installation is in progress
2022-05-11 01:29:52,637 [grpc-default-executor-1] INFO  server.RaftServer$Division (RaftServerImpl.java:checkInconsistentAppendEntries(1288)) - omNode-2@group-523986131536: inconsistency entries. Reply:omNode-1<-omNode-2#347:FAIL-t7,INCONSISTENCY,nextIndex=144,followerCommit=56
2022-05-11 01:29:52,637 [grpc-default-executor-1] INFO  leader.FollowerInfo (FollowerInfoImpl.java:lambda$new$0(47)) - omNode-1@group-523986131536->omNode-2: nextIndex: updateUnconditionally 147 -> 144
2022-05-11 01:29:52,638 [grpc-default-executor-1] INFO  server.RaftServer$Division (RaftServerImpl.java:checkInconsistentAppendEntries(1296)) - omNode-2@group-523986131536: Failed appendEntries as snapshot (59) installation is in progress
2022-05-11 01:29:52,638 [grpc-default-executor-1] INFO  server.RaftServer$Division (RaftServerImpl.java:checkInconsistentAppendEntries(1288)) - omNode-2@group-523986131536: inconsistency entries. Reply:omNode-1<-omNode-2#348:FAIL-t7,INCONSISTENCY,nextIndex=144,followerCommit=56
2022-05-11 01:29:52,638 [grpc-default-executor-1] INFO  leader.FollowerInfo (FollowerInfoImpl.java:lambda$new$0(47)) - omNode-1@group-523986131536->omNode-2: nextIndex: updateUnconditionally 147 -> 144
2022-05-11 01:29:52,639 [grpc-default-executor-1] INFO  server.RaftServer$Division (RaftServerImpl.java:checkInconsistentAppendEntries(1296)) - omNode-2@group-523986131536: Failed appendEntries as snapshot (59) installation is in progress
2022-05-11 01:29:52,639 [grpc-default-executor-1] INFO  server.RaftServer$Division (RaftServerImpl.java:checkInconsistentAppendEntries(1288)) - omNode-2@group-523986131536: inconsistency entries. Reply:omNode-1<-omNode-2#349:FAIL-t7,INCONSISTENCY,nextIndex=144,followerCommit=56
2022-05-11 01:29:52,639 [grpc-default-executor-1] INFO  leader.FollowerInfo (FollowerInfoImpl.java:lambda$new$0(47)) - omNode-1@group-523986131536->omNode-2: nextIndex: updateUnconditionally 147 -> 144
2022-05-11 01:29:52,640 [grpc-default-executor-1] INFO  server.RaftServer$Division (RaftServerImpl.java:checkInconsistentAppendEntries(1296)) - omNode-2@group-523986131536: Failed appendEntries as snapshot (59) installation is in progress
2022-05-11 01:29:52,640 [grpc-default-executor-1] INFO  server.RaftServer$Division (RaftServerImpl.java:checkInconsistentAppendEntries(1288)) - omNode-2@group-523986131536: inconsistency entries. Reply:omNode-1<-omNode-2#350:FAIL-t7,INCONSISTENCY,nextIndex=144,followerCommit=56
2022-05-11 01:29:52,640 [grpc-default-executor-1] INFO  leader.FollowerInfo (FollowerInfoImpl.java:lambda$new$0(47)) - omNode-1@group-523986131536->omNode-2: nextIndex: updateUnconditionally 147 -> 144
2022-05-11 01:29:52,641 [grpc-default-executor-1] INFO  server.RaftServer$Division (RaftServerImpl.java:checkInconsistentAppendEntries(1296)) - omNode-2@group-523986131536: Failed appendEntries as snapshot (59) installation is in progress
2022-05-11 01:29:52,641 [grpc-default-executor-1] INFO  server.RaftServer$Division (RaftServerImpl.java:checkInconsistentAppendEntries(1288)) - omNode-2@group-523986131536: inconsistency entries. Reply:omNode-1<-omNode-2#351:FAIL-t7,INCONSISTENCY,nextIndex=144,followerCommit=56
2022-05-11 01:29:52,642 [grpc-default-executor-1] INFO  leader.FollowerInfo (FollowerInfoImpl.java:lambda$new$0(47)) - omNode-1@group-523986131536->omNode-2: nextIndex: updateUnconditionally 147 -> 144
2022-05-11 01:29:52,644 [grpc-default-executor-1] INFO  server.RaftServer$Division (RaftServerImpl.java:checkInconsistentAppendEntries(1296)) - omNode-2@group-523986131536: Failed appendEntries as snapshot (59) installation is in progress
2022-05-11 01:29:52,644 [grpc-default-executor-1] INFO  server.RaftServer$Division (RaftServerImpl.java:checkInconsistentAppendEntries(1288)) - omNode-2@group-523986131536: inconsistency entries. Reply:omNode-1<-omNode-2#352:FAIL-t7,INCONSISTENCY,nextIndex=144,followerCommit=56
2022-05-11 01:29:52,644 [grpc-default-executor-1] INFO  leader.FollowerInfo (FollowerInfoImpl.java:lambda$new$0(47)) - omNode-1@group-523986131536->omNode-2: nextIndex: updateUnconditionally 147 -> 144
2022-05-11 01:29:52,645 [grpc-default-executor-1] INFO  server.RaftServer$Division (RaftServerImpl.java:checkInconsistentAppendEntries(1296)) - omNode-2@group-523986131536: Failed appendEntries as snapshot (59) installation is in progress
2022-05-11 01:29:52,645 [grpc-default-executor-1] INFO  server.RaftServer$Division (RaftServerImpl.java:checkInconsistentAppendEntries(1288)) - omNode-2@group-523986131536: inconsistency entries. Reply:omNode-1<-omNode-2#353:FAIL-t7,INCONSISTENCY,nextIndex=144,followerCommit=56
2022-05-11 01:29:52,646 [grpc-default-executor-1] INFO  leader.FollowerInfo (FollowerInfoImpl.java:lambda$new$0(47)) - omNode-1@group-523986131536->omNode-2: nextIndex: updateUnconditionally 147 -> 144
2022-05-11 01:29:52,647 [grpc-default-executor-1] INFO  server.RaftServer$Division (RaftServerImpl.java:checkInconsistentAppendEntries(1296)) - omNode-2@group-523986131536: Failed appendEntries as snapshot (59) installation is in progress
2022-05-11 01:29:52,647 [grpc-default-executor-1] INFO  server.RaftServer$Division (RaftServerImpl.java:checkInconsistentAppendEntries(1288)) - omNode-2@group-523986131536: inconsistency entries. Reply:omNode-1<-omNode-2#354:FAIL-t7,INCONSISTENCY,nextIndex=144,followerCommit=56
2022-05-11 01:29:52,647 [grpc-default-executor-1] INFO  leader.FollowerInfo (FollowerInfoImpl.java:lambda$new$0(47)) - omNode-1@group-523986131536->omNode-2: nextIndex: updateUnconditionally 147 -> 144
2022-05-11 01:29:52,648 [grpc-default-executor-1] INFO  server.RaftServer$Division (RaftServerImpl.java:checkInconsistentAppendEntries(1296)) - omNode-2@group-523986131536: Failed appendEntries as snapshot (59) installation is in progress
2022-05-11 01:29:52,648 [grpc-default-executor-1] INFO  server.RaftServer$Division (RaftServerImpl.java:checkInconsistentAppendEntries(1288)) - omNode-2@group-523986131536: inconsistency entries. Reply:omNode-1<-omNode-2#355:FAIL-t7,INCONSISTENCY,nextIndex=144,followerCommit=56
2022-05-11 01:29:52,649 [grpc-default-executor-1] INFO  leader.FollowerInfo (FollowerInfoImpl.java:lambda$new$0(47)) - omNode-1@group-523986131536->omNode-2: nextIndex: updateUnconditionally 147 -> 144
2022-05-11 01:29:52,649 [grpc-default-executor-3] INFO  server.RaftServer$Division (RaftServerImpl.java:checkInconsistentAppendEntries(1296)) - omNode-2@group-523986131536: Failed appendEntries as snapshot (59) installation is in progress
2022-05-11 01:29:52,649 [grpc-default-executor-3] INFO  server.RaftServer$Division (RaftServerImpl.java:checkInconsistentAppendEntries(1288)) - omNode-2@group-523986131536: inconsistency entries. Reply:omNode-1<-omNode-2#356:FAIL-t7,INCONSISTENCY,nextIndex=144,followerCommit=56
2022-05-11 01:29:52,651 [grpc-default-executor-1] INFO  leader.FollowerInfo (FollowerInfoImpl.java:lambda$new$0(47)) - omNode-1@group-523986131536->omNode-2: nextIndex: updateUnconditionally 147 -> 144
2022-05-11 01:29:52,651 [grpc-default-executor-1] INFO  server.RaftServer$Division (RaftServerImpl.java:checkInconsistentAppendEntries(1296)) - omNode-2@group-523986131536: Failed appendEntries as snapshot (59) installation is in progress
2022-05-11 01:29:52,652 [grpc-default-executor-1] INFO  server.RaftServer$Division (RaftServerImpl.java:checkInconsistentAppendEntries(1288)) - omNode-2@group-523986131536: inconsistency entries. Reply:omNode-1<-omNode-2#357:FAIL-t7,INCONSISTENCY,nextIndex=144,followerCommit=56
2022-05-11 01:29:52,652 [grpc-default-executor-1] INFO  leader.FollowerInfo (FollowerInfoImpl.java:lambda$new$0(47)) - omNode-1@group-523986131536->omNode-2: nextIndex: updateUnconditionally 147 -> 144
2022-05-11 01:29:52,653 [grpc-default-executor-3] INFO  server.RaftServer$Division (RaftServerImpl.java:checkInconsistentAppendEntries(1296)) - omNode-2@group-523986131536: Failed appendEntries as snapshot (59) installation is in progress
2022-05-11 01:29:52,653 [grpc-default-executor-3] INFO  server.RaftServer$Division (RaftServerImpl.java:checkInconsistentAppendEntries(1288)) - omNode-2@group-523986131536: inconsistency entries. Reply:omNode-1<-omNode-2#358:FAIL-t7,INCONSISTENCY,nextIndex=144,followerCommit=56
2022-05-11 01:29:52,653 [grpc-default-executor-3] INFO  leader.FollowerInfo (FollowerInfoImpl.java:lambda$new$0(47)) - omNode-1@group-523986131536->omNode-2: nextIndex: updateUnconditionally 147 -> 144
2022-05-11 01:29:52,654 [grpc-default-executor-3] INFO  server.RaftServer$Division (RaftServerImpl.java:checkInconsistentAppendEntries(1296)) - omNode-2@group-523986131536: Failed appendEntries as snapshot (59) installation is in progress
2022-05-11 01:29:52,654 [grpc-default-executor-3] INFO  server.RaftServer$Division (RaftServerImpl.java:checkInconsistentAppendEntries(1288)) - omNode-2@group-523986131536: inconsistency entries. Reply:omNode-1<-omNode-2#359:FAIL-t7,INCONSISTENCY,nextIndex=144,followerCommit=56
2022-05-11 01:29:52,655 [grpc-default-executor-3] INFO  leader.FollowerInfo (FollowerInfoImpl.java:lambda$new$0(47)) - omNode-1@group-523986131536->omNode-2: nextIndex: updateUnconditionally 147 -> 144
2022-05-11 01:29:52,655 [grpc-default-executor-3] INFO  server.RaftServer$Division (RaftServerImpl.java:checkInconsistentAppendEntries(1296)) - omNode-2@group-523986131536: Failed appendEntries as snapshot (59) installation is in progress
2022-05-11 01:29:52,656 [grpc-default-executor-3] INFO  server.RaftServer$Division (RaftServerImpl.java:checkInconsistentAppendEntries(1288)) - omNode-2@group-523986131536: inconsistency entries. Reply:omNode-1<-omNode-2#360:FAIL-t7,INCONSISTENCY,nextIndex=144,followerCommit=56
2022-05-11 01:29:52,663 [grpc-default-executor-3] INFO  leader.FollowerInfo (FollowerInfoImpl.java:lambda$new$0(47)) - omNode-1@group-523986131536->omNode-2: nextIndex: updateUnconditionally 147 -> 144
2022-05-11 01:29:52,663 [grpc-default-executor-3] INFO  server.RaftServer$Division (RaftServerImpl.java:checkInconsistentAppendEntries(1296)) - omNode-2@group-523986131536: Failed appendEntries as snapshot (59) installation is in progress
2022-05-11 01:29:52,663 [grpc-default-executor-3] INFO  server.RaftServer$Division (RaftServerImpl.java:checkInconsistentAppendEntries(1288)) - omNode-2@group-523986131536: inconsistency entries. Reply:omNode-1<-omNode-2#361:FAIL-t7,INCONSISTENCY,nextIndex=144,followerCommit=56
2022-05-11 01:29:52,664 [grpc-default-executor-3] INFO  leader.FollowerInfo (FollowerInfoImpl.java:lambda$new$0(47)) - omNode-1@group-523986131536->omNode-2: nextIndex: updateUnconditionally 147 -> 144
2022-05-11 01:29:52,664 [grpc-default-executor-3] INFO  server.RaftServer$Division (RaftServerImpl.java:checkInconsistentAppendEntries(1296)) - omNode-2@group-523986131536: Failed appendEntries as snapshot (59) installation is in progress
2022-05-11 01:29:52,664 [grpc-default-executor-3] INFO  server.RaftServer$Division (RaftServerImpl.java:checkInconsistentAppendEntries(1288)) - omNode-2@group-523986131536: inconsistency entries. Reply:omNode-1<-omNode-2#362:FAIL-t7,INCONSISTENCY,nextIndex=144,followerCommit=56
2022-05-11 01:29:52,665 [grpc-default-executor-3] INFO  leader.FollowerInfo (FollowerInfoImpl.java:lambda$new$0(47)) - omNode-1@group-523986131536->omNode-2: nextIndex: updateUnconditionally 147 -> 144
2022-05-11 01:29:52,665 [grpc-default-executor-3] INFO  server.RaftServer$Division (RaftServerImpl.java:checkInconsistentAppendEntries(1296)) - omNode-2@group-523986131536: Failed appendEntries as snapshot (59) installation is in progress
2022-05-11 01:29:52,665 [grpc-default-executor-3] INFO  server.RaftServer$Division (RaftServerImpl.java:checkInconsistentAppendEntries(1288)) - omNode-2@group-523986131536: inconsistency entries. Reply:omNode-1<-omNode-2#363:FAIL-t7,INCONSISTENCY,nextIndex=144,followerCommit=56
2022-05-11 01:29:52,666 [grpc-default-executor-3] INFO  leader.FollowerInfo (FollowerInfoImpl.java:lambda$new$0(47)) - omNode-1@group-523986131536->omNode-2: nextIndex: updateUnconditionally 147 -> 144
2022-05-11 01:29:52,666 [grpc-default-executor-3] INFO  server.RaftServer$Division (RaftServerImpl.java:checkInconsistentAppendEntries(1296)) - omNode-2@group-523986131536: Failed appendEntries as snapshot (59) installation is in progress
2022-05-11 01:29:52,666 [grpc-default-executor-3] INFO  server.RaftServer$Division (RaftServerImpl.java:checkInconsistentAppendEntries(1288)) - omNode-2@group-523986131536: inconsistency entries. Reply:omNode-1<-omNode-2#364:FAIL-t7,INCONSISTENCY,nextIndex=144,followerCommit=56
2022-05-11 01:29:52,667 [grpc-default-executor-3] INFO  leader.FollowerInfo (FollowerInfoImpl.java:lambda$new$0(47)) - omNode-1@group-523986131536->omNode-2: nextIndex: updateUnconditionally 147 -> 144
2022-05-11 01:29:52,667 [grpc-default-executor-3] INFO  server.RaftServer$Division (RaftServerImpl.java:checkInconsistentAppendEntries(1296)) - omNode-2@group-523986131536: Failed appendEntries as snapshot (59) installation is in progress
2022-05-11 01:29:52,667 [grpc-default-executor-3] INFO  server.RaftServer$Division (RaftServerImpl.java:checkInconsistentAppendEntries(1288)) - omNode-2@group-523986131536: inconsistency entries. Reply:omNode-1<-omNode-2#365:FAIL-t7,INCONSISTENCY,nextIndex=144,followerCommit=56
2022-05-11 01:29:52,668 [grpc-default-executor-3] INFO  leader.FollowerInfo (FollowerInfoImpl.java:lambda$new$0(47)) - omNode-1@group-523986131536->omNode-2: nextIndex: updateUnconditionally 147 -> 144
2022-05-11 01:29:52,668 [grpc-default-executor-3] INFO  server.RaftServer$Division (RaftServerImpl.java:checkInconsistentAppendEntries(1296)) - omNode-2@group-523986131536: Failed appendEntries as snapshot (59) installation is in progress
2022-05-11 01:29:52,668 [grpc-default-executor-3] INFO  server.RaftServer$Division (RaftServerImpl.java:checkInconsistentAppendEntries(1288)) - omNode-2@group-523986131536: inconsistency entries. Reply:omNode-1<-omNode-2#366:FAIL-t7,INCONSISTENCY,nextIndex=144,followerCommit=56
2022-05-11 01:29:52,668 [grpc-default-executor-3] INFO  leader.FollowerInfo (FollowerInfoImpl.java:lambda$new$0(47)) - omNode-1@group-523986131536->omNode-2: nextIndex: updateUnconditionally 147 -> 144
2022-05-11 01:29:52,669 [grpc-default-executor-3] INFO  server.RaftServer$Division (RaftServerImpl.java:checkInconsistentAppendEntries(1296)) - omNode-2@group-523986131536: Failed appendEntries as snapshot (59) installation is in progress
2022-05-11 01:29:52,669 [grpc-default-executor-3] INFO  server.RaftServer$Division (RaftServerImpl.java:checkInconsistentAppendEntries(1288)) - omNode-2@group-523986131536: inconsistency entries. Reply:omNode-1<-omNode-2#367:FAIL-t7,INCONSISTENCY,nextIndex=144,followerCommit=56
2022-05-11 01:29:52,669 [grpc-default-executor-3] INFO  leader.FollowerInfo (FollowerInfoImpl.java:lambda$new$0(47)) - omNode-1@group-523986131536->omNode-2: nextIndex: updateUnconditionally 147 -> 144
2022-05-11 01:29:52,670 [grpc-default-executor-3] INFO  server.RaftServer$Division (RaftServerImpl.java:checkInconsistentAppendEntries(1296)) - omNode-2@group-523986131536: Failed appendEntries as snapshot (59) installation is in progress
2022-05-11 01:29:52,670 [grpc-default-executor-3] INFO  server.RaftServer$Division (RaftServerImpl.java:checkInconsistentAppendEntries(1288)) - omNode-2@group-523986131536: inconsistency entries. Reply:omNode-1<-omNode-2#368:FAIL-t7,INCONSISTENCY,nextIndex=144,followerCommit=56
2022-05-11 01:29:52,670 [grpc-default-executor-3] INFO  leader.FollowerInfo (FollowerInfoImpl.java:lambda$new$0(47)) - omNode-1@group-523986131536->omNode-2: nextIndex: updateUnconditionally 147 -> 144
2022-05-11 01:29:52,671 [grpc-default-executor-3] INFO  server.RaftServer$Division (RaftServerImpl.java:checkInconsistentAppendEntries(1296)) - omNode-2@group-523986131536: Failed appendEntries as snapshot (59) installation is in progress
2022-05-11 01:29:52,671 [grpc-default-executor-3] INFO  server.RaftServer$Division (RaftServerImpl.java:checkInconsistentAppendEntries(1288)) - omNode-2@group-523986131536: inconsistency entries. Reply:omNode-1<-omNode-2#369:FAIL-t7,INCONSISTENCY,nextIndex=144,followerCommit=56
2022-05-11 01:29:52,672 [grpc-default-executor-3] INFO  leader.FollowerInfo (FollowerInfoImpl.java:lambda$new$0(47)) - omNode-1@group-523986131536->omNode-2: nextIndex: updateUnconditionally 147 -> 144
2022-05-11 01:29:52,672 [grpc-default-executor-3] INFO  server.RaftServer$Division (RaftServerImpl.java:checkInconsistentAppendEntries(1296)) - omNode-2@group-523986131536: Failed appendEntries as snapshot (59) installation is in progress
2022-05-11 01:29:52,672 [grpc-default-executor-3] INFO  server.RaftServer$Division (RaftServerImpl.java:checkInconsistentAppendEntries(1288)) - omNode-2@group-523986131536: inconsistency entries. Reply:omNode-1<-omNode-2#370:FAIL-t7,INCONSISTENCY,nextIndex=144,followerCommit=56
2022-05-11 01:29:52,673 [grpc-default-executor-3] INFO  leader.FollowerInfo (FollowerInfoImpl.java:lambda$new$0(47)) - omNode-1@group-523986131536->omNode-2: nextIndex: updateUnconditionally 147 -> 144
2022-05-11 01:29:52,673 [grpc-default-executor-3] INFO  server.RaftServer$Division (RaftServerImpl.java:checkInconsistentAppendEntries(1296)) - omNode-2@group-523986131536: Failed appendEntries as snapshot (59) installation is in progress
2022-05-11 01:29:52,673 [grpc-default-executor-3] INFO  server.RaftServer$Division (RaftServerImpl.java:checkInconsistentAppendEntries(1288)) - omNode-2@group-523986131536: inconsistency entries. Reply:omNode-1<-omNode-2#371:FAIL-t7,INCONSISTENCY,nextIndex=144,followerCommit=56
2022-05-11 01:29:52,674 [grpc-default-executor-3] INFO  leader.FollowerInfo (FollowerInfoImpl.java:lambda$new$0(47)) - omNode-1@group-523986131536->omNode-2: nextIndex: updateUnconditionally 147 -> 144
2022-05-11 01:29:52,674 [grpc-default-executor-3] INFO  server.RaftServer$Division (RaftServerImpl.java:checkInconsistentAppendEntries(1296)) - omNode-2@group-523986131536: Failed appendEntries as snapshot (59) installation is in progress
2022-05-11 01:29:52,674 [grpc-default-executor-3] INFO  server.RaftServer$Division (RaftServerImpl.java:checkInconsistentAppendEntries(1288)) - omNode-2@group-523986131536: inconsistency entries. Reply:omNode-1<-omNode-2#372:FAIL-t7,INCONSISTENCY,nextIndex=144,followerCommit=56
2022-05-11 01:29:52,674 [grpc-default-executor-3] INFO  leader.FollowerInfo (FollowerInfoImpl.java:lambda$new$0(47)) - omNode-1@group-523986131536->omNode-2: nextIndex: updateUnconditionally 147 -> 144
2022-05-11 01:29:52,675 [grpc-default-executor-3] INFO  server.RaftServer$Division (RaftServerImpl.java:checkInconsistentAppendEntries(1296)) - omNode-2@group-523986131536: Failed appendEntries as snapshot (59) installation is in progress
2022-05-11 01:29:52,675 [grpc-default-executor-3] INFO  server.RaftServer$Division (RaftServerImpl.java:checkInconsistentAppendEntries(1288)) - omNode-2@group-523986131536: inconsistency entries. Reply:omNode-1<-omNode-2#373:FAIL-t7,INCONSISTENCY,nextIndex=144,followerCommit=56
2022-05-11 01:29:52,675 [grpc-default-executor-3] INFO  leader.FollowerInfo (FollowerInfoImpl.java:lambda$new$0(47)) - omNode-1@group-523986131536->omNode-2: nextIndex: updateUnconditionally 147 -> 144
2022-05-11 01:29:52,676 [grpc-default-executor-3] INFO  server.RaftServer$Division (RaftServerImpl.java:checkInconsistentAppendEntries(1296)) - omNode-2@group-523986131536: Failed appendEntries as snapshot (59) installation is in progress
2022-05-11 01:29:52,676 [grpc-default-executor-3] INFO  server.RaftServer$Division (RaftServerImpl.java:checkInconsistentAppendEntries(1288)) - omNode-2@group-523986131536: inconsistency entries. Reply:omNode-1<-omNode-2#374:FAIL-t7,INCONSISTENCY,nextIndex=144,followerCommit=56
2022-05-11 01:29:52,676 [grpc-default-executor-3] INFO  leader.FollowerInfo (FollowerInfoImpl.java:lambda$new$0(47)) - omNode-1@group-523986131536->omNode-2: nextIndex: updateUnconditionally 147 -> 144
2022-05-11 01:29:52,677 [grpc-default-executor-3] INFO  server.RaftServer$Division (RaftServerImpl.java:checkInconsistentAppendEntries(1296)) - omNode-2@group-523986131536: Failed appendEntries as snapshot (59) installation is in progress
2022-05-11 01:29:52,677 [grpc-default-executor-3] INFO  server.RaftServer$Division (RaftServerImpl.java:checkInconsistentAppendEntries(1288)) - omNode-2@group-523986131536: inconsistency entries. Reply:omNode-1<-omNode-2#375:FAIL-t7,INCONSISTENCY,nextIndex=144,followerCommit=56
2022-05-11 01:29:52,677 [grpc-default-executor-3] INFO  leader.FollowerInfo (FollowerInfoImpl.java:lambda$new$0(47)) - omNode-1@group-523986131536->omNode-2: nextIndex: updateUnconditionally 147 -> 144
2022-05-11 01:29:52,678 [grpc-default-executor-3] INFO  server.RaftServer$Division (RaftServerImpl.java:checkInconsistentAppendEntries(1296)) - omNode-2@group-523986131536: Failed appendEntries as snapshot (59) installation is in progress
2022-05-11 01:29:52,678 [grpc-default-executor-3] INFO  server.RaftServer$Division (RaftServerImpl.java:checkInconsistentAppendEntries(1288)) - omNode-2@group-523986131536: inconsistency entries. Reply:omNode-1<-omNode-2#376:FAIL-t7,INCONSISTENCY,nextIndex=144,followerCommit=56
2022-05-11 01:29:52,678 [grpc-default-executor-3] INFO  leader.FollowerInfo (FollowerInfoImpl.java:lambda$new$0(47)) - omNode-1@group-523986131536->omNode-2: nextIndex: updateUnconditionally 147 -> 144
2022-05-11 01:29:52,679 [grpc-default-executor-3] INFO  server.RaftServer$Division (RaftServerImpl.java:checkInconsistentAppendEntries(1296)) - omNode-2@group-523986131536: Failed appendEntries as snapshot (59) installation is in progress
2022-05-11 01:29:52,679 [grpc-default-executor-3] INFO  server.RaftServer$Division (RaftServerImpl.java:checkInconsistentAppendEntries(1288)) - omNode-2@group-523986131536: inconsistency entries. Reply:omNode-1<-omNode-2#377:FAIL-t7,INCONSISTENCY,nextIndex=144,followerCommit=56
2022-05-11 01:29:52,679 [grpc-default-executor-3] INFO  leader.FollowerInfo (FollowerInfoImpl.java:lambda$new$0(47)) - omNode-1@group-523986131536->omNode-2: nextIndex: updateUnconditionally 147 -> 144
2022-05-11 01:29:52,679 [grpc-default-executor-3] INFO  server.RaftServer$Division (RaftServerImpl.java:checkInconsistentAppendEntries(1296)) - omNode-2@group-523986131536: Failed appendEntries as snapshot (59) installation is in progress
2022-05-11 01:29:52,680 [grpc-default-executor-3] INFO  server.RaftServer$Division (RaftServerImpl.java:checkInconsistentAppendEntries(1288)) - omNode-2@group-523986131536: inconsistency entries. Reply:omNode-1<-omNode-2#378:FAIL-t7,INCONSISTENCY,nextIndex=144,followerCommit=56
2022-05-11 01:29:52,680 [grpc-default-executor-3] INFO  leader.FollowerInfo (FollowerInfoImpl.java:lambda$new$0(47)) - omNode-1@group-523986131536->omNode-2: nextIndex: updateUnconditionally 147 -> 144
2022-05-11 01:29:52,680 [grpc-default-executor-3] INFO  server.RaftServer$Division (RaftServerImpl.java:checkInconsistentAppendEntries(1296)) - omNode-2@group-523986131536: Failed appendEntries as snapshot (59) installation is in progress
2022-05-11 01:29:52,680 [grpc-default-executor-3] INFO  server.RaftServer$Division (RaftServerImpl.java:checkInconsistentAppendEntries(1288)) - omNode-2@group-523986131536: inconsistency entries. Reply:omNode-1<-omNode-2#379:FAIL-t7,INCONSISTENCY,nextIndex=144,followerCommit=56
2022-05-11 01:29:52,681 [grpc-default-executor-3] INFO  leader.FollowerInfo (FollowerInfoImpl.java:lambda$new$0(47)) - omNode-1@group-523986131536->omNode-2: nextIndex: updateUnconditionally 147 -> 144
2022-05-11 01:29:52,681 [grpc-default-executor-3] INFO  server.RaftServer$Division (RaftServerImpl.java:checkInconsistentAppendEntries(1296)) - omNode-2@group-523986131536: Failed appendEntries as snapshot (59) installation is in progress
2022-05-11 01:29:52,681 [grpc-default-executor-3] INFO  server.RaftServer$Division (RaftServerImpl.java:checkInconsistentAppendEntries(1288)) - omNode-2@group-523986131536: inconsistency entries. Reply:omNode-1<-omNode-2#380:FAIL-t7,INCONSISTENCY,nextIndex=144,followerCommit=56
2022-05-11 01:29:52,682 [grpc-default-executor-3] INFO  leader.FollowerInfo (FollowerInfoImpl.java:lambda$new$0(47)) - omNode-1@group-523986131536->omNode-2: nextIndex: updateUnconditionally 147 -> 144
2022-05-11 01:29:52,684 [grpc-default-executor-3] INFO  server.RaftServer$Division (RaftServerImpl.java:checkInconsistentAppendEntries(1296)) - omNode-2@group-523986131536: Failed appendEntries as snapshot (59) installation is in progress
2022-05-11 01:29:52,684 [grpc-default-executor-3] INFO  server.RaftServer$Division (RaftServerImpl.java:checkInconsistentAppendEntries(1288)) - omNode-2@group-523986131536: inconsistency entries. Reply:omNode-1<-omNode-2#381:FAIL-t7,INCONSISTENCY,nextIndex=144,followerCommit=56
2022-05-11 01:29:52,685 [grpc-default-executor-3] INFO  leader.FollowerInfo (FollowerInfoImpl.java:lambda$new$0(47)) - omNode-1@group-523986131536->omNode-2: nextIndex: updateUnconditionally 147 -> 144
2022-05-11 01:29:52,685 [grpc-default-executor-3] INFO  server.RaftServer$Division (RaftServerImpl.java:checkInconsistentAppendEntries(1296)) - omNode-2@group-523986131536: Failed appendEntries as snapshot (59) installation is in progress
2022-05-11 01:29:52,685 [grpc-default-executor-3] INFO  server.RaftServer$Division (RaftServerImpl.java:checkInconsistentAppendEntries(1288)) - omNode-2@group-523986131536: inconsistency entries. Reply:omNode-1<-omNode-2#382:FAIL-t7,INCONSISTENCY,nextIndex=144,followerCommit=56
2022-05-11 01:29:52,686 [grpc-default-executor-3] INFO  leader.FollowerInfo (FollowerInfoImpl.java:lambda$new$0(47)) - omNode-1@group-523986131536->omNode-2: nextIndex: updateUnconditionally 147 -> 144
2022-05-11 01:29:52,686 [grpc-default-executor-3] INFO  server.RaftServer$Division (RaftServerImpl.java:checkInconsistentAppendEntries(1296)) - omNode-2@group-523986131536: Failed appendEntries as snapshot (59) installation is in progress
2022-05-11 01:29:52,686 [grpc-default-executor-3] INFO  server.RaftServer$Division (RaftServerImpl.java:checkInconsistentAppendEntries(1288)) - omNode-2@group-523986131536: inconsistency entries. Reply:omNode-1<-omNode-2#383:FAIL-t7,INCONSISTENCY,nextIndex=144,followerCommit=56
2022-05-11 01:29:52,687 [grpc-default-executor-3] INFO  leader.FollowerInfo (FollowerInfoImpl.java:lambda$new$0(47)) - omNode-1@group-523986131536->omNode-2: nextIndex: updateUnconditionally 147 -> 144
2022-05-11 01:29:52,687 [grpc-default-executor-3] INFO  server.RaftServer$Division (RaftServerImpl.java:checkInconsistentAppendEntries(1296)) - omNode-2@group-523986131536: Failed appendEntries as snapshot (59) installation is in progress
2022-05-11 01:29:52,687 [grpc-default-executor-3] INFO  server.RaftServer$Division (RaftServerImpl.java:checkInconsistentAppendEntries(1288)) - omNode-2@group-523986131536: inconsistency entries. Reply:omNode-1<-omNode-2#384:FAIL-t7,INCONSISTENCY,nextIndex=144,followerCommit=56
2022-05-11 01:29:52,688 [grpc-default-executor-3] INFO  leader.FollowerInfo (FollowerInfoImpl.java:lambda$new$0(47)) - omNode-1@group-523986131536->omNode-2: nextIndex: updateUnconditionally 147 -> 144
2022-05-11 01:29:52,688 [grpc-default-executor-3] INFO  server.RaftServer$Division (RaftServerImpl.java:checkInconsistentAppendEntries(1296)) - omNode-2@group-523986131536: Failed appendEntries as snapshot (59) installation is in progress
2022-05-11 01:29:52,688 [grpc-default-executor-3] INFO  server.RaftServer$Division (RaftServerImpl.java:checkInconsistentAppendEntries(1288)) - omNode-2@group-523986131536: inconsistency entries. Reply:omNode-1<-omNode-2#385:FAIL-t7,INCONSISTENCY,nextIndex=144,followerCommit=56
2022-05-11 01:29:52,693 [grpc-default-executor-3] INFO  leader.FollowerInfo (FollowerInfoImpl.java:lambda$new$0(47)) - omNode-1@group-523986131536->omNode-2: nextIndex: updateUnconditionally 147 -> 144
2022-05-11 01:29:52,694 [grpc-default-executor-3] INFO  server.RaftServer$Division (RaftServerImpl.java:checkInconsistentAppendEntries(1296)) - omNode-2@group-523986131536: Failed appendEntries as snapshot (59) installation is in progress
2022-05-11 01:29:52,694 [grpc-default-executor-3] INFO  server.RaftServer$Division (RaftServerImpl.java:checkInconsistentAppendEntries(1288)) - omNode-2@group-523986131536: inconsistency entries. Reply:omNode-1<-omNode-2#386:FAIL-t7,INCONSISTENCY,nextIndex=144,followerCommit=56
2022-05-11 01:29:52,694 [grpc-default-executor-3] INFO  leader.FollowerInfo (FollowerInfoImpl.java:lambda$new$0(47)) - omNode-1@group-523986131536->omNode-2: nextIndex: updateUnconditionally 147 -> 144
2022-05-11 01:29:52,695 [grpc-default-executor-3] INFO  server.RaftServer$Division (RaftServerImpl.java:checkInconsistentAppendEntries(1296)) - omNode-2@group-523986131536: Failed appendEntries as snapshot (59) installation is in progress
2022-05-11 01:29:52,695 [grpc-default-executor-3] INFO  server.RaftServer$Division (RaftServerImpl.java:checkInconsistentAppendEntries(1288)) - omNode-2@group-523986131536: inconsistency entries. Reply:omNode-1<-omNode-2#387:FAIL-t7,INCONSISTENCY,nextIndex=144,followerCommit=56
2022-05-11 01:29:52,695 [grpc-default-executor-3] INFO  leader.FollowerInfo (FollowerInfoImpl.java:lambda$new$0(47)) - omNode-1@group-523986131536->omNode-2: nextIndex: updateUnconditionally 147 -> 144
2022-05-11 01:29:52,696 [grpc-default-executor-3] INFO  server.RaftServer$Division (RaftServerImpl.java:checkInconsistentAppendEntries(1296)) - omNode-2@group-523986131536: Failed appendEntries as snapshot (59) installation is in progress
2022-05-11 01:29:52,696 [grpc-default-executor-3] INFO  server.RaftServer$Division (RaftServerImpl.java:checkInconsistentAppendEntries(1288)) - omNode-2@group-523986131536: inconsistency entries. Reply:omNode-1<-omNode-2#388:FAIL-t7,INCONSISTENCY,nextIndex=144,followerCommit=56
2022-05-11 01:29:52,696 [grpc-default-executor-3] INFO  leader.FollowerInfo (FollowerInfoImpl.java:lambda$new$0(47)) - omNode-1@group-523986131536->omNode-2: nextIndex: updateUnconditionally 147 -> 144
2022-05-11 01:29:52,697 [grpc-default-executor-3] INFO  server.RaftServer$Division (RaftServerImpl.java:checkInconsistentAppendEntries(1296)) - omNode-2@group-523986131536: Failed appendEntries as snapshot (59) installation is in progress
2022-05-11 01:29:52,697 [grpc-default-executor-3] INFO  server.RaftServer$Division (RaftServerImpl.java:checkInconsistentAppendEntries(1288)) - omNode-2@group-523986131536: inconsistency entries. Reply:omNode-1<-omNode-2#389:FAIL-t7,INCONSISTENCY,nextIndex=144,followerCommit=56
2022-05-11 01:29:52,697 [grpc-default-executor-3] INFO  leader.FollowerInfo (FollowerInfoImpl.java:lambda$new$0(47)) - omNode-1@group-523986131536->omNode-2: nextIndex: updateUnconditionally 147 -> 144
2022-05-11 01:29:52,698 [grpc-default-executor-3] INFO  server.RaftServer$Division (RaftServerImpl.java:checkInconsistentAppendEntries(1296)) - omNode-2@group-523986131536: Failed appendEntries as snapshot (59) installation is in progress
2022-05-11 01:29:52,698 [grpc-default-executor-3] INFO  server.RaftServer$Division (RaftServerImpl.java:checkInconsistentAppendEntries(1288)) - omNode-2@group-523986131536: inconsistency entries. Reply:omNode-1<-omNode-2#390:FAIL-t7,INCONSISTENCY,nextIndex=144,followerCommit=56
2022-05-11 01:29:52,698 [grpc-default-executor-3] INFO  leader.FollowerInfo (FollowerInfoImpl.java:lambda$new$0(47)) - omNode-1@group-523986131536->omNode-2: nextIndex: updateUnconditionally 147 -> 144
2022-05-11 01:29:52,699 [grpc-default-executor-1] INFO  server.RaftServer$Division (RaftServerImpl.java:checkInconsistentAppendEntries(1296)) - omNode-2@group-523986131536: Failed appendEntries as snapshot (59) installation is in progress
2022-05-11 01:29:52,699 [grpc-default-executor-1] INFO  server.RaftServer$Division (RaftServerImpl.java:checkInconsistentAppendEntries(1288)) - omNode-2@group-523986131536: inconsistency entries. Reply:omNode-1<-omNode-2#391:FAIL-t7,INCONSISTENCY,nextIndex=144,followerCommit=56
2022-05-11 01:29:52,699 [grpc-default-executor-3] INFO  leader.FollowerInfo (FollowerInfoImpl.java:lambda$new$0(47)) - omNode-1@group-523986131536->omNode-2: nextIndex: updateUnconditionally 147 -> 144
2022-05-11 01:29:52,700 [grpc-default-executor-1] INFO  server.RaftServer$Division (RaftServerImpl.java:checkInconsistentAppendEntries(1296)) - omNode-2@group-523986131536: Failed appendEntries as snapshot (59) installation is in progress
2022-05-11 01:29:52,700 [grpc-default-executor-1] INFO  server.RaftServer$Division (RaftServerImpl.java:checkInconsistentAppendEntries(1288)) - omNode-2@group-523986131536: inconsistency entries. Reply:omNode-1<-omNode-2#392:FAIL-t7,INCONSISTENCY,nextIndex=144,followerCommit=56
2022-05-11 01:29:52,700 [grpc-default-executor-1] INFO  leader.FollowerInfo (FollowerInfoImpl.java:lambda$new$0(47)) - omNode-1@group-523986131536->omNode-2: nextIndex: updateUnconditionally 147 -> 144
2022-05-11 01:29:52,701 [grpc-default-executor-1] INFO  server.RaftServer$Division (RaftServerImpl.java:checkInconsistentAppendEntries(1296)) - omNode-2@group-523986131536: Failed appendEntries as snapshot (59) installation is in progress
2022-05-11 01:29:52,701 [grpc-default-executor-1] INFO  server.RaftServer$Division (RaftServerImpl.java:checkInconsistentAppendEntries(1288)) - omNode-2@group-523986131536: inconsistency entries. Reply:omNode-1<-omNode-2#393:FAIL-t7,INCONSISTENCY,nextIndex=144,followerCommit=56
2022-05-11 01:29:52,701 [grpc-default-executor-1] INFO  leader.FollowerInfo (FollowerInfoImpl.java:lambda$new$0(47)) - omNode-1@group-523986131536->omNode-2: nextIndex: updateUnconditionally 147 -> 144
2022-05-11 01:29:52,702 [grpc-default-executor-1] INFO  server.RaftServer$Division (RaftServerImpl.java:checkInconsistentAppendEntries(1296)) - omNode-2@group-523986131536: Failed appendEntries as snapshot (59) installation is in progress
2022-05-11 01:29:52,702 [grpc-default-executor-1] INFO  server.RaftServer$Division (RaftServerImpl.java:checkInconsistentAppendEntries(1288)) - omNode-2@group-523986131536: inconsistency entries. Reply:omNode-1<-omNode-2#394:FAIL-t7,INCONSISTENCY,nextIndex=144,followerCommit=56
2022-05-11 01:29:52,703 [pool-320-thread-1] INFO  reflections.Reflections (Reflections.java:scan(232)) - Reflections took 1161 ms to scan 19 urls, producing 61 keys and 3656 values [using 2 cores]
]]></system-out>
  </testcase>
  <testcase name="testTwoOMNodesDown" classname="org.apache.hadoop.ozone.om.TestOzoneManagerHAWithData" time="16.249">
    <error type="java.io.IOException"><![CDATA[java.io.IOException: Failed init RocksDB, db path : /home/runner/work/ozone/ozone/hadoop-ozone/integration-test/target/test-dir/MiniOzoneClusterImpl-ae28b10a-1883-433e-acb0-7438b5479a4c/omNode-3/om.db, exception :org.rocksdb.RocksDBException lock hold by current process, acquire time 1652232591 acquiring thread 140500500862720: /home/runner/work/ozone/ozone/hadoop-ozone/integration-test/target/test-dir/MiniOzoneClusterImpl-ae28b10a-1883-433e-acb0-7438b5479a4c/omNode-3/om.db/LOCK: No locks available; status : IOError; message : lock hold by current process, acquire time 1652232591 acquiring thread 140500500862720: /home/runner/work/ozone/ozone/hadoop-ozone/integration-test/target/test-dir/MiniOzoneClusterImpl-ae28b10a-1883-433e-acb0-7438b5479a4c/omNode-3/om.db/LOCK: No locks available
	at org.apache.hadoop.hdds.utils.HddsServerUtil.toIOException(HddsServerUtil.java:579)
	at org.apache.hadoop.hdds.utils.db.RDBStore.<init>(RDBStore.java:164)
	at org.apache.hadoop.hdds.utils.db.DBStoreBuilder.build(DBStoreBuilder.java:191)
	at org.apache.hadoop.ozone.om.OmMetadataManagerImpl.loadDB(OmMetadataManagerImpl.java:387)
	at org.apache.hadoop.ozone.om.OmMetadataManagerImpl.loadDB(OmMetadataManagerImpl.java:377)
	at org.apache.hadoop.ozone.om.OmMetadataManagerImpl.start(OmMetadataManagerImpl.java:369)
	at org.apache.hadoop.ozone.om.OmMetadataManagerImpl.<init>(OmMetadataManagerImpl.java:238)
	at org.apache.hadoop.ozone.om.OzoneManager.instantiateServices(OzoneManager.java:664)
	at org.apache.hadoop.ozone.om.OzoneManager.restart(OzoneManager.java:1492)
	at org.apache.hadoop.ozone.MiniOzoneHAClusterImpl.restartOzoneManager(MiniOzoneHAClusterImpl.java:227)
	at org.apache.hadoop.ozone.om.TestOzoneManagerHA.resetCluster(TestOzoneManagerHA.java:188)
	at sun.reflect.NativeMethodAccessorImpl.invoke0(Native Method)
	at sun.reflect.NativeMethodAccessorImpl.invoke(NativeMethodAccessorImpl.java:62)
	at sun.reflect.DelegatingMethodAccessorImpl.invoke(DelegatingMethodAccessorImpl.java:43)
	at java.lang.reflect.Method.invoke(Method.java:498)
	at org.junit.platform.commons.util.ReflectionUtils.invokeMethod(ReflectionUtils.java:688)
	at org.junit.jupiter.engine.execution.MethodInvocation.proceed(MethodInvocation.java:60)
	at org.junit.jupiter.engine.execution.InvocationInterceptorChain$ValidatingInvocation.proceed(InvocationInterceptorChain.java:131)
	at org.junit.jupiter.engine.extension.TimeoutExtension.intercept(TimeoutExtension.java:149)
	at org.junit.jupiter.engine.extension.TimeoutExtension.interceptLifecycleMethod(TimeoutExtension.java:126)
	at org.junit.jupiter.engine.extension.TimeoutExtension.interceptAfterEachMethod(TimeoutExtension.java:108)
	at org.junit.jupiter.engine.execution.ExecutableInvoker$ReflectiveInterceptorCall.lambda$ofVoidMethod$0(ExecutableInvoker.java:115)
	at org.junit.jupiter.engine.execution.ExecutableInvoker.lambda$invoke$0(ExecutableInvoker.java:105)
	at org.junit.jupiter.engine.execution.InvocationInterceptorChain$InterceptedInvocation.proceed(InvocationInterceptorChain.java:106)
	at org.junit.jupiter.engine.execution.InvocationInterceptorChain.proceed(InvocationInterceptorChain.java:64)
	at org.junit.jupiter.engine.execution.InvocationInterceptorChain.chainAndInvoke(InvocationInterceptorChain.java:45)
	at org.junit.jupiter.engine.execution.InvocationInterceptorChain.invoke(InvocationInterceptorChain.java:37)
	at org.junit.jupiter.engine.execution.ExecutableInvoker.invoke(ExecutableInvoker.java:104)
	at org.junit.jupiter.engine.execution.ExecutableInvoker.invoke(ExecutableInvoker.java:98)
	at org.junit.jupiter.engine.descriptor.ClassBasedTestDescriptor.invokeMethodInExtensionContext(ClassBasedTestDescriptor.java:490)
	at org.junit.jupiter.engine.descriptor.ClassBasedTestDescriptor.lambda$synthesizeAfterEachMethodAdapter$20(ClassBasedTestDescriptor.java:480)
	at org.junit.jupiter.engine.descriptor.TestMethodTestDescriptor.lambda$invokeAfterEachMethods$9(TestMethodTestDescriptor.java:236)
	at org.junit.jupiter.engine.descriptor.TestMethodTestDescriptor.lambda$invokeAllAfterMethodsOrCallbacks$12(TestMethodTestDescriptor.java:269)
	at org.junit.platform.engine.support.hierarchical.ThrowableCollector.execute(ThrowableCollector.java:73)
	at org.junit.jupiter.engine.descriptor.TestMethodTestDescriptor.lambda$invokeAllAfterMethodsOrCallbacks$13(TestMethodTestDescriptor.java:269)
	at java.util.ArrayList.forEach(ArrayList.java:1259)
	at org.junit.jupiter.engine.descriptor.TestMethodTestDescriptor.invokeAllAfterMethodsOrCallbacks(TestMethodTestDescriptor.java:268)
	at org.junit.jupiter.engine.descriptor.TestMethodTestDescriptor.invokeAfterEachMethods(TestMethodTestDescriptor.java:234)
	at org.junit.jupiter.engine.descriptor.TestMethodTestDescriptor.execute(TestMethodTestDescriptor.java:135)
	at org.junit.jupiter.engine.descriptor.TestMethodTestDescriptor.execute(TestMethodTestDescriptor.java:65)
	at org.junit.platform.engine.support.hierarchical.NodeTestTask.lambda$executeRecursively$5(NodeTestTask.java:139)
	at org.junit.platform.engine.support.hierarchical.ThrowableCollector.execute(ThrowableCollector.java:73)
	at org.junit.platform.engine.support.hierarchical.NodeTestTask.lambda$executeRecursively$7(NodeTestTask.java:129)
	at org.junit.platform.engine.support.hierarchical.Node.around(Node.java:137)
	at org.junit.platform.engine.support.hierarchical.NodeTestTask.lambda$executeRecursively$8(NodeTestTask.java:127)
	at org.junit.platform.engine.support.hierarchical.ThrowableCollector.execute(ThrowableCollector.java:73)
	at org.junit.platform.engine.support.hierarchical.NodeTestTask.executeRecursively(NodeTestTask.java:126)
	at org.junit.platform.engine.support.hierarchical.NodeTestTask.execute(NodeTestTask.java:84)
	at java.util.ArrayList.forEach(ArrayList.java:1259)
	at org.junit.platform.engine.support.hierarchical.SameThreadHierarchicalTestExecutorService.invokeAll(SameThreadHierarchicalTestExecutorService.java:38)
	at org.junit.platform.engine.support.hierarchical.NodeTestTask.lambda$executeRecursively$5(NodeTestTask.java:143)
	at org.junit.platform.engine.support.hierarchical.ThrowableCollector.execute(ThrowableCollector.java:73)
	at org.junit.platform.engine.support.hierarchical.NodeTestTask.lambda$executeRecursively$7(NodeTestTask.java:129)
	at org.junit.platform.engine.support.hierarchical.Node.around(Node.java:137)
	at org.junit.platform.engine.support.hierarchical.NodeTestTask.lambda$executeRecursively$8(NodeTestTask.java:127)
	at org.junit.platform.engine.support.hierarchical.ThrowableCollector.execute(ThrowableCollector.java:73)
	at org.junit.platform.engine.support.hierarchical.NodeTestTask.executeRecursively(NodeTestTask.java:126)
	at org.junit.platform.engine.support.hierarchical.NodeTestTask.execute(NodeTestTask.java:84)
	at java.util.ArrayList.forEach(ArrayList.java:1259)
	at org.junit.platform.engine.support.hierarchical.SameThreadHierarchicalTestExecutorService.invokeAll(SameThreadHierarchicalTestExecutorService.java:38)
	at org.junit.platform.engine.support.hierarchical.NodeTestTask.lambda$executeRecursively$5(NodeTestTask.java:143)
	at org.junit.platform.engine.support.hierarchical.ThrowableCollector.execute(ThrowableCollector.java:73)
	at org.junit.platform.engine.support.hierarchical.NodeTestTask.lambda$executeRecursively$7(NodeTestTask.java:129)
	at org.junit.platform.engine.support.hierarchical.Node.around(Node.java:137)
	at org.junit.platform.engine.support.hierarchical.NodeTestTask.lambda$executeRecursively$8(NodeTestTask.java:127)
	at org.junit.platform.engine.support.hierarchical.ThrowableCollector.execute(ThrowableCollector.java:73)
	at org.junit.platform.engine.support.hierarchical.NodeTestTask.executeRecursively(NodeTestTask.java:126)
	at org.junit.platform.engine.support.hierarchical.NodeTestTask.execute(NodeTestTask.java:84)
	at org.junit.platform.engine.support.hierarchical.SameThreadHierarchicalTestExecutorService.submit(SameThreadHierarchicalTestExecutorService.java:32)
	at org.junit.platform.engine.support.hierarchical.HierarchicalTestExecutor.execute(HierarchicalTestExecutor.java:57)
	at org.junit.platform.engine.support.hierarchical.HierarchicalTestEngine.execute(HierarchicalTestEngine.java:51)
	at org.junit.platform.launcher.core.EngineExecutionOrchestrator.execute(EngineExecutionOrchestrator.java:108)
	at org.junit.platform.launcher.core.EngineExecutionOrchestrator.execute(EngineExecutionOrchestrator.java:88)
	at org.junit.platform.launcher.core.EngineExecutionOrchestrator.lambda$execute$0(EngineExecutionOrchestrator.java:54)
	at org.junit.platform.launcher.core.EngineExecutionOrchestrator.withInterceptedStreams(EngineExecutionOrchestrator.java:67)
	at org.junit.platform.launcher.core.EngineExecutionOrchestrator.execute(EngineExecutionOrchestrator.java:52)
	at org.junit.platform.launcher.core.DefaultLauncher.execute(DefaultLauncher.java:96)
	at org.junit.platform.launcher.core.DefaultLauncher.execute(DefaultLauncher.java:75)
	at org.apache.maven.surefire.junitplatform.JUnitPlatformProvider.execute(JUnitPlatformProvider.java:188)
	at org.apache.maven.surefire.junitplatform.JUnitPlatformProvider.invokeAllTests(JUnitPlatformProvider.java:154)
	at org.apache.maven.surefire.junitplatform.JUnitPlatformProvider.invoke(JUnitPlatformProvider.java:124)
	at org.apache.maven.surefire.booter.ForkedBooter.runSuitesInProcess(ForkedBooter.java:428)
	at org.apache.maven.surefire.booter.ForkedBooter.execute(ForkedBooter.java:162)
	at org.apache.maven.surefire.booter.ForkedBooter.run(ForkedBooter.java:562)
	at org.apache.maven.surefire.booter.ForkedBooter.main(ForkedBooter.java:548)
Caused by: org.rocksdb.RocksDBException: lock hold by current process, acquire time 1652232591 acquiring thread 140500500862720: /home/runner/work/ozone/ozone/hadoop-ozone/integration-test/target/test-dir/MiniOzoneClusterImpl-ae28b10a-1883-433e-acb0-7438b5479a4c/omNode-3/om.db/LOCK: No locks available
	at org.rocksdb.RocksDB.open(Native Method)
	at org.rocksdb.RocksDB.open(RocksDB.java:305)
	at org.apache.hadoop.hdds.utils.db.RDBStore.<init>(RDBStore.java:119)
	... 83 more
]]></error>
    <system-out><![CDATA[2022-05-11 01:29:52,704 [pool-320-thread-1] INFO  ipc.CallQueueManager (CallQueueManager.java:<init>(90)) - Using callQueue: class java.util.concurrent.LinkedBlockingQueue, queueCapacity: 2000, scheduler: class org.apache.hadoop.ipc.DefaultRpcScheduler, ipcBackoff: false.
2022-05-11 01:29:52,705 [Listener at localhost/38653] INFO  om.OzoneManager (OzoneManager.java:stop(1950)) - omNode-1[localhost:40623]: Stopping Ozone Manager
2022-05-11 01:29:52,705 [Socket Reader #1 for port 38653] INFO  ipc.Server (Server.java:run(1265)) - Starting Socket Reader #1 for port 38653
2022-05-11 01:29:52,705 [Listener at localhost/38653] INFO  ipc.Server (Server.java:stop(3414)) - Stopping server on 40623
2022-05-11 01:29:52,709 [IPC Server Responder] INFO  ipc.Server (Server.java:run(1507)) - IPC Server Responder: starting
2022-05-11 01:29:52,711 [IPC Server listener on 38653] INFO  ipc.Server (Server.java:run(1344)) - IPC Server listener on 38653: starting
2022-05-11 01:29:52,711 [grpc-default-executor-1] INFO  leader.FollowerInfo (FollowerInfoImpl.java:lambda$new$0(47)) - omNode-1@group-523986131536->omNode-2: nextIndex: updateUnconditionally 147 -> 144
2022-05-11 01:29:52,711 [grpc-default-executor-1] INFO  server.RaftServer$Division (RaftServerImpl.java:checkInconsistentAppendEntries(1296)) - omNode-2@group-523986131536: Failed appendEntries as snapshot (59) installation is in progress
2022-05-11 01:29:52,711 [grpc-default-executor-1] INFO  server.RaftServer$Division (RaftServerImpl.java:checkInconsistentAppendEntries(1288)) - omNode-2@group-523986131536: inconsistency entries. Reply:omNode-1<-omNode-2#395:FAIL-t7,INCONSISTENCY,nextIndex=144,followerCommit=56
2022-05-11 01:29:52,712 [grpc-default-executor-1] INFO  leader.FollowerInfo (FollowerInfoImpl.java:lambda$new$0(47)) - omNode-1@group-523986131536->omNode-2: nextIndex: updateUnconditionally 147 -> 144
2022-05-11 01:29:52,712 [grpc-default-executor-1] INFO  server.RaftServer$Division (RaftServerImpl.java:checkInconsistentAppendEntries(1296)) - omNode-2@group-523986131536: Failed appendEntries as snapshot (59) installation is in progress
2022-05-11 01:29:52,713 [grpc-default-executor-1] INFO  server.RaftServer$Division (RaftServerImpl.java:checkInconsistentAppendEntries(1288)) - omNode-2@group-523986131536: inconsistency entries. Reply:omNode-1<-omNode-2#396:FAIL-t7,INCONSISTENCY,nextIndex=144,followerCommit=56
2022-05-11 01:29:52,713 [grpc-default-executor-1] INFO  leader.FollowerInfo (FollowerInfoImpl.java:lambda$new$0(47)) - omNode-1@group-523986131536->omNode-2: nextIndex: updateUnconditionally 147 -> 144
2022-05-11 01:29:52,713 [grpc-default-executor-1] INFO  server.RaftServer$Division (RaftServerImpl.java:checkInconsistentAppendEntries(1296)) - omNode-2@group-523986131536: Failed appendEntries as snapshot (59) installation is in progress
2022-05-11 01:29:52,713 [grpc-default-executor-1] INFO  server.RaftServer$Division (RaftServerImpl.java:checkInconsistentAppendEntries(1288)) - omNode-2@group-523986131536: inconsistency entries. Reply:omNode-1<-omNode-2#397:FAIL-t7,INCONSISTENCY,nextIndex=144,followerCommit=56
2022-05-11 01:29:52,714 [grpc-default-executor-1] INFO  leader.FollowerInfo (FollowerInfoImpl.java:lambda$new$0(47)) - omNode-1@group-523986131536->omNode-2: nextIndex: updateUnconditionally 147 -> 144
2022-05-11 01:29:52,714 [grpc-default-executor-1] INFO  server.RaftServer$Division (RaftServerImpl.java:checkInconsistentAppendEntries(1296)) - omNode-2@group-523986131536: Failed appendEntries as snapshot (59) installation is in progress
2022-05-11 01:29:52,714 [grpc-default-executor-1] INFO  server.RaftServer$Division (RaftServerImpl.java:checkInconsistentAppendEntries(1288)) - omNode-2@group-523986131536: inconsistency entries. Reply:omNode-1<-omNode-2#398:FAIL-t7,INCONSISTENCY,nextIndex=144,followerCommit=56
2022-05-11 01:29:52,715 [grpc-default-executor-1] INFO  leader.FollowerInfo (FollowerInfoImpl.java:lambda$new$0(47)) - omNode-1@group-523986131536->omNode-2: nextIndex: updateUnconditionally 147 -> 144
2022-05-11 01:29:52,715 [grpc-default-executor-1] INFO  server.RaftServer$Division (RaftServerImpl.java:checkInconsistentAppendEntries(1296)) - omNode-2@group-523986131536: Failed appendEntries as snapshot (59) installation is in progress
2022-05-11 01:29:52,716 [grpc-default-executor-1] INFO  server.RaftServer$Division (RaftServerImpl.java:checkInconsistentAppendEntries(1288)) - omNode-2@group-523986131536: inconsistency entries. Reply:omNode-1<-omNode-2#399:FAIL-t7,INCONSISTENCY,nextIndex=144,followerCommit=56
2022-05-11 01:29:52,716 [grpc-default-executor-1] INFO  leader.FollowerInfo (FollowerInfoImpl.java:lambda$new$0(47)) - omNode-1@group-523986131536->omNode-2: nextIndex: updateUnconditionally 147 -> 144
2022-05-11 01:29:52,716 [grpc-default-executor-3] INFO  server.RaftServer$Division (RaftServerImpl.java:checkInconsistentAppendEntries(1296)) - omNode-2@group-523986131536: Failed appendEntries as snapshot (59) installation is in progress
2022-05-11 01:29:52,716 [grpc-default-executor-3] INFO  server.RaftServer$Division (RaftServerImpl.java:checkInconsistentAppendEntries(1288)) - omNode-2@group-523986131536: inconsistency entries. Reply:omNode-1<-omNode-2#400:FAIL-t7,INCONSISTENCY,nextIndex=144,followerCommit=56
2022-05-11 01:29:52,717 [grpc-default-executor-1] INFO  leader.FollowerInfo (FollowerInfoImpl.java:lambda$new$0(47)) - omNode-1@group-523986131536->omNode-2: nextIndex: updateUnconditionally 147 -> 144
2022-05-11 01:29:52,717 [grpc-default-executor-3] INFO  server.RaftServer$Division (RaftServerImpl.java:checkInconsistentAppendEntries(1296)) - omNode-2@group-523986131536: Failed appendEntries as snapshot (59) installation is in progress
2022-05-11 01:29:52,717 [grpc-default-executor-3] INFO  server.RaftServer$Division (RaftServerImpl.java:checkInconsistentAppendEntries(1288)) - omNode-2@group-523986131536: inconsistency entries. Reply:omNode-1<-omNode-2#401:FAIL-t7,INCONSISTENCY,nextIndex=144,followerCommit=56
2022-05-11 01:29:52,718 [grpc-default-executor-1] INFO  leader.FollowerInfo (FollowerInfoImpl.java:lambda$new$0(47)) - omNode-1@group-523986131536->omNode-2: nextIndex: updateUnconditionally 147 -> 144
2022-05-11 01:29:52,718 [grpc-default-executor-3] INFO  server.RaftServer$Division (RaftServerImpl.java:checkInconsistentAppendEntries(1296)) - omNode-2@group-523986131536: Failed appendEntries as snapshot (59) installation is in progress
2022-05-11 01:29:52,719 [grpc-default-executor-3] INFO  server.RaftServer$Division (RaftServerImpl.java:checkInconsistentAppendEntries(1288)) - omNode-2@group-523986131536: inconsistency entries. Reply:omNode-1<-omNode-2#402:FAIL-t7,INCONSISTENCY,nextIndex=144,followerCommit=56
2022-05-11 01:29:52,719 [grpc-default-executor-1] INFO  leader.FollowerInfo (FollowerInfoImpl.java:lambda$new$0(47)) - omNode-1@group-523986131536->omNode-2: nextIndex: updateUnconditionally 147 -> 144
2022-05-11 01:29:52,719 [grpc-default-executor-3] INFO  server.RaftServer$Division (RaftServerImpl.java:checkInconsistentAppendEntries(1296)) - omNode-2@group-523986131536: Failed appendEntries as snapshot (59) installation is in progress
2022-05-11 01:29:52,720 [grpc-default-executor-3] INFO  server.RaftServer$Division (RaftServerImpl.java:checkInconsistentAppendEntries(1288)) - omNode-2@group-523986131536: inconsistency entries. Reply:omNode-1<-omNode-2#403:FAIL-t7,INCONSISTENCY,nextIndex=144,followerCommit=56
2022-05-11 01:29:52,720 [grpc-default-executor-1] INFO  leader.FollowerInfo (FollowerInfoImpl.java:lambda$new$0(47)) - omNode-1@group-523986131536->omNode-2: nextIndex: updateUnconditionally 147 -> 144
2022-05-11 01:29:52,720 [grpc-default-executor-3] INFO  server.RaftServer$Division (RaftServerImpl.java:checkInconsistentAppendEntries(1296)) - omNode-2@group-523986131536: Failed appendEntries as snapshot (59) installation is in progress
2022-05-11 01:29:52,721 [grpc-default-executor-3] INFO  server.RaftServer$Division (RaftServerImpl.java:checkInconsistentAppendEntries(1288)) - omNode-2@group-523986131536: inconsistency entries. Reply:omNode-1<-omNode-2#404:FAIL-t7,INCONSISTENCY,nextIndex=144,followerCommit=56
2022-05-11 01:29:52,721 [grpc-default-executor-1] INFO  leader.FollowerInfo (FollowerInfoImpl.java:lambda$new$0(47)) - omNode-1@group-523986131536->omNode-2: nextIndex: updateUnconditionally 147 -> 144
2022-05-11 01:29:52,722 [grpc-default-executor-3] INFO  server.RaftServer$Division (RaftServerImpl.java:checkInconsistentAppendEntries(1296)) - omNode-2@group-523986131536: Failed appendEntries as snapshot (59) installation is in progress
2022-05-11 01:29:52,722 [grpc-default-executor-3] INFO  server.RaftServer$Division (RaftServerImpl.java:checkInconsistentAppendEntries(1288)) - omNode-2@group-523986131536: inconsistency entries. Reply:omNode-1<-omNode-2#405:FAIL-t7,INCONSISTENCY,nextIndex=144,followerCommit=56
2022-05-11 01:29:52,722 [grpc-default-executor-1] INFO  leader.FollowerInfo (FollowerInfoImpl.java:lambda$new$0(47)) - omNode-1@group-523986131536->omNode-2: nextIndex: updateUnconditionally 147 -> 144
2022-05-11 01:29:52,723 [grpc-default-executor-3] INFO  server.RaftServer$Division (RaftServerImpl.java:checkInconsistentAppendEntries(1296)) - omNode-2@group-523986131536: Failed appendEntries as snapshot (59) installation is in progress
2022-05-11 01:29:52,723 [grpc-default-executor-3] INFO  server.RaftServer$Division (RaftServerImpl.java:checkInconsistentAppendEntries(1288)) - omNode-2@group-523986131536: inconsistency entries. Reply:omNode-1<-omNode-2#406:FAIL-t7,INCONSISTENCY,nextIndex=144,followerCommit=56
2022-05-11 01:29:52,723 [grpc-default-executor-3] INFO  leader.FollowerInfo (FollowerInfoImpl.java:lambda$new$0(47)) - omNode-1@group-523986131536->omNode-2: nextIndex: updateUnconditionally 147 -> 144
2022-05-11 01:29:52,724 [grpc-default-executor-3] INFO  server.RaftServer$Division (RaftServerImpl.java:checkInconsistentAppendEntries(1296)) - omNode-2@group-523986131536: Failed appendEntries as snapshot (59) installation is in progress
2022-05-11 01:29:52,724 [grpc-default-executor-3] INFO  server.RaftServer$Division (RaftServerImpl.java:checkInconsistentAppendEntries(1288)) - omNode-2@group-523986131536: inconsistency entries. Reply:omNode-1<-omNode-2#407:FAIL-t7,INCONSISTENCY,nextIndex=144,followerCommit=56
2022-05-11 01:29:52,724 [grpc-default-executor-3] INFO  leader.FollowerInfo (FollowerInfoImpl.java:lambda$new$0(47)) - omNode-1@group-523986131536->omNode-2: nextIndex: updateUnconditionally 147 -> 144
2022-05-11 01:29:52,725 [grpc-default-executor-3] INFO  server.RaftServer$Division (RaftServerImpl.java:checkInconsistentAppendEntries(1296)) - omNode-2@group-523986131536: Failed appendEntries as snapshot (59) installation is in progress
2022-05-11 01:29:52,725 [grpc-default-executor-3] INFO  server.RaftServer$Division (RaftServerImpl.java:checkInconsistentAppendEntries(1288)) - omNode-2@group-523986131536: inconsistency entries. Reply:omNode-1<-omNode-2#408:FAIL-t7,INCONSISTENCY,nextIndex=144,followerCommit=56
2022-05-11 01:29:52,726 [grpc-default-executor-3] INFO  leader.FollowerInfo (FollowerInfoImpl.java:lambda$new$0(47)) - omNode-1@group-523986131536->omNode-2: nextIndex: updateUnconditionally 147 -> 144
2022-05-11 01:29:52,726 [grpc-default-executor-3] INFO  server.RaftServer$Division (RaftServerImpl.java:checkInconsistentAppendEntries(1296)) - omNode-2@group-523986131536: Failed appendEntries as snapshot (59) installation is in progress
2022-05-11 01:29:52,726 [grpc-default-executor-3] INFO  server.RaftServer$Division (RaftServerImpl.java:checkInconsistentAppendEntries(1288)) - omNode-2@group-523986131536: inconsistency entries. Reply:omNode-1<-omNode-2#409:FAIL-t7,INCONSISTENCY,nextIndex=144,followerCommit=56
2022-05-11 01:29:52,727 [grpc-default-executor-3] INFO  leader.FollowerInfo (FollowerInfoImpl.java:lambda$new$0(47)) - omNode-1@group-523986131536->omNode-2: nextIndex: updateUnconditionally 147 -> 144
2022-05-11 01:29:52,727 [grpc-default-executor-3] INFO  server.RaftServer$Division (RaftServerImpl.java:checkInconsistentAppendEntries(1296)) - omNode-2@group-523986131536: Failed appendEntries as snapshot (59) installation is in progress
2022-05-11 01:29:52,727 [grpc-default-executor-3] INFO  server.RaftServer$Division (RaftServerImpl.java:checkInconsistentAppendEntries(1288)) - omNode-2@group-523986131536: inconsistency entries. Reply:omNode-1<-omNode-2#410:FAIL-t7,INCONSISTENCY,nextIndex=144,followerCommit=56
2022-05-11 01:29:52,728 [grpc-default-executor-3] INFO  leader.FollowerInfo (FollowerInfoImpl.java:lambda$new$0(47)) - omNode-1@group-523986131536->omNode-2: nextIndex: updateUnconditionally 147 -> 144
2022-05-11 01:29:52,728 [grpc-default-executor-3] INFO  server.RaftServer$Division (RaftServerImpl.java:checkInconsistentAppendEntries(1296)) - omNode-2@group-523986131536: Failed appendEntries as snapshot (59) installation is in progress
2022-05-11 01:29:52,728 [grpc-default-executor-3] INFO  server.RaftServer$Division (RaftServerImpl.java:checkInconsistentAppendEntries(1288)) - omNode-2@group-523986131536: inconsistency entries. Reply:omNode-1<-omNode-2#411:FAIL-t7,INCONSISTENCY,nextIndex=144,followerCommit=56
2022-05-11 01:29:52,729 [grpc-default-executor-3] INFO  leader.FollowerInfo (FollowerInfoImpl.java:lambda$new$0(47)) - omNode-1@group-523986131536->omNode-2: nextIndex: updateUnconditionally 147 -> 144
2022-05-11 01:29:52,729 [grpc-default-executor-3] INFO  server.RaftServer$Division (RaftServerImpl.java:checkInconsistentAppendEntries(1296)) - omNode-2@group-523986131536: Failed appendEntries as snapshot (59) installation is in progress
2022-05-11 01:29:52,729 [grpc-default-executor-3] INFO  server.RaftServer$Division (RaftServerImpl.java:checkInconsistentAppendEntries(1288)) - omNode-2@group-523986131536: inconsistency entries. Reply:omNode-1<-omNode-2#412:FAIL-t7,INCONSISTENCY,nextIndex=144,followerCommit=56
2022-05-11 01:29:52,730 [grpc-default-executor-3] INFO  leader.FollowerInfo (FollowerInfoImpl.java:lambda$new$0(47)) - omNode-1@group-523986131536->omNode-2: nextIndex: updateUnconditionally 147 -> 144
2022-05-11 01:29:52,730 [grpc-default-executor-3] INFO  server.RaftServer$Division (RaftServerImpl.java:checkInconsistentAppendEntries(1296)) - omNode-2@group-523986131536: Failed appendEntries as snapshot (59) installation is in progress
2022-05-11 01:29:52,730 [grpc-default-executor-3] INFO  server.RaftServer$Division (RaftServerImpl.java:checkInconsistentAppendEntries(1288)) - omNode-2@group-523986131536: inconsistency entries. Reply:omNode-1<-omNode-2#413:FAIL-t7,INCONSISTENCY,nextIndex=144,followerCommit=56
2022-05-11 01:29:52,731 [grpc-default-executor-3] INFO  leader.FollowerInfo (FollowerInfoImpl.java:lambda$new$0(47)) - omNode-1@group-523986131536->omNode-2: nextIndex: updateUnconditionally 147 -> 144
2022-05-11 01:29:52,731 [grpc-default-executor-3] INFO  server.RaftServer$Division (RaftServerImpl.java:checkInconsistentAppendEntries(1296)) - omNode-2@group-523986131536: Failed appendEntries as snapshot (59) installation is in progress
2022-05-11 01:29:52,731 [grpc-default-executor-3] INFO  server.RaftServer$Division (RaftServerImpl.java:checkInconsistentAppendEntries(1288)) - omNode-2@group-523986131536: inconsistency entries. Reply:omNode-1<-omNode-2#414:FAIL-t7,INCONSISTENCY,nextIndex=144,followerCommit=56
2022-05-11 01:29:52,732 [grpc-default-executor-3] INFO  leader.FollowerInfo (FollowerInfoImpl.java:lambda$new$0(47)) - omNode-1@group-523986131536->omNode-2: nextIndex: updateUnconditionally 147 -> 144
2022-05-11 01:29:52,732 [grpc-default-executor-3] INFO  server.RaftServer$Division (RaftServerImpl.java:checkInconsistentAppendEntries(1296)) - omNode-2@group-523986131536: Failed appendEntries as snapshot (59) installation is in progress
2022-05-11 01:29:52,732 [grpc-default-executor-3] INFO  server.RaftServer$Division (RaftServerImpl.java:checkInconsistentAppendEntries(1288)) - omNode-2@group-523986131536: inconsistency entries. Reply:omNode-1<-omNode-2#415:FAIL-t7,INCONSISTENCY,nextIndex=144,followerCommit=56
2022-05-11 01:29:52,733 [grpc-default-executor-3] INFO  leader.FollowerInfo (FollowerInfoImpl.java:lambda$new$0(47)) - omNode-1@group-523986131536->omNode-2: nextIndex: updateUnconditionally 147 -> 144
2022-05-11 01:29:52,733 [grpc-default-executor-3] INFO  server.RaftServer$Division (RaftServerImpl.java:checkInconsistentAppendEntries(1296)) - omNode-2@group-523986131536: Failed appendEntries as snapshot (59) installation is in progress
2022-05-11 01:29:52,733 [grpc-default-executor-3] INFO  server.RaftServer$Division (RaftServerImpl.java:checkInconsistentAppendEntries(1288)) - omNode-2@group-523986131536: inconsistency entries. Reply:omNode-1<-omNode-2#416:FAIL-t7,INCONSISTENCY,nextIndex=144,followerCommit=56
2022-05-11 01:29:52,734 [grpc-default-executor-3] INFO  leader.FollowerInfo (FollowerInfoImpl.java:lambda$new$0(47)) - omNode-1@group-523986131536->omNode-2: nextIndex: updateUnconditionally 147 -> 144
2022-05-11 01:29:52,734 [grpc-default-executor-3] INFO  server.RaftServer$Division (RaftServerImpl.java:checkInconsistentAppendEntries(1296)) - omNode-2@group-523986131536: Failed appendEntries as snapshot (59) installation is in progress
2022-05-11 01:29:52,734 [grpc-default-executor-3] INFO  server.RaftServer$Division (RaftServerImpl.java:checkInconsistentAppendEntries(1288)) - omNode-2@group-523986131536: inconsistency entries. Reply:omNode-1<-omNode-2#417:FAIL-t7,INCONSISTENCY,nextIndex=144,followerCommit=56
2022-05-11 01:29:52,735 [grpc-default-executor-3] INFO  leader.FollowerInfo (FollowerInfoImpl.java:lambda$new$0(47)) - omNode-1@group-523986131536->omNode-2: nextIndex: updateUnconditionally 147 -> 144
2022-05-11 01:29:52,735 [grpc-default-executor-3] INFO  server.RaftServer$Division (RaftServerImpl.java:checkInconsistentAppendEntries(1296)) - omNode-2@group-523986131536: Failed appendEntries as snapshot (59) installation is in progress
2022-05-11 01:29:52,735 [grpc-default-executor-3] INFO  server.RaftServer$Division (RaftServerImpl.java:checkInconsistentAppendEntries(1288)) - omNode-2@group-523986131536: inconsistency entries. Reply:omNode-1<-omNode-2#418:FAIL-t7,INCONSISTENCY,nextIndex=144,followerCommit=56
2022-05-11 01:29:52,736 [grpc-default-executor-3] INFO  leader.FollowerInfo (FollowerInfoImpl.java:lambda$new$0(47)) - omNode-1@group-523986131536->omNode-2: nextIndex: updateUnconditionally 147 -> 144
2022-05-11 01:29:52,736 [grpc-default-executor-1] INFO  server.RaftServer$Division (RaftServerImpl.java:checkInconsistentAppendEntries(1296)) - omNode-2@group-523986131536: Failed appendEntries as snapshot (59) installation is in progress
2022-05-11 01:29:52,736 [grpc-default-executor-1] INFO  server.RaftServer$Division (RaftServerImpl.java:checkInconsistentAppendEntries(1288)) - omNode-2@group-523986131536: inconsistency entries. Reply:omNode-1<-omNode-2#419:FAIL-t7,INCONSISTENCY,nextIndex=144,followerCommit=56
2022-05-11 01:29:52,737 [grpc-default-executor-1] INFO  leader.FollowerInfo (FollowerInfoImpl.java:lambda$new$0(47)) - omNode-1@group-523986131536->omNode-2: nextIndex: updateUnconditionally 147 -> 144
2022-05-11 01:29:52,737 [grpc-default-executor-1] INFO  server.RaftServer$Division (RaftServerImpl.java:checkInconsistentAppendEntries(1296)) - omNode-2@group-523986131536: Failed appendEntries as snapshot (59) installation is in progress
2022-05-11 01:29:52,737 [grpc-default-executor-1] INFO  server.RaftServer$Division (RaftServerImpl.java:checkInconsistentAppendEntries(1288)) - omNode-2@group-523986131536: inconsistency entries. Reply:omNode-1<-omNode-2#420:FAIL-t7,INCONSISTENCY,nextIndex=144,followerCommit=56
2022-05-11 01:29:52,738 [grpc-default-executor-1] INFO  leader.FollowerInfo (FollowerInfoImpl.java:lambda$new$0(47)) - omNode-1@group-523986131536->omNode-2: nextIndex: updateUnconditionally 147 -> 144
2022-05-11 01:29:52,738 [grpc-default-executor-1] INFO  server.RaftServer$Division (RaftServerImpl.java:checkInconsistentAppendEntries(1296)) - omNode-2@group-523986131536: Failed appendEntries as snapshot (59) installation is in progress
2022-05-11 01:29:52,738 [grpc-default-executor-1] INFO  server.RaftServer$Division (RaftServerImpl.java:checkInconsistentAppendEntries(1288)) - omNode-2@group-523986131536: inconsistency entries. Reply:omNode-1<-omNode-2#421:FAIL-t7,INCONSISTENCY,nextIndex=144,followerCommit=56
2022-05-11 01:29:52,739 [grpc-default-executor-1] INFO  leader.FollowerInfo (FollowerInfoImpl.java:lambda$new$0(47)) - omNode-1@group-523986131536->omNode-2: nextIndex: updateUnconditionally 147 -> 144
2022-05-11 01:29:52,739 [grpc-default-executor-1] INFO  server.RaftServer$Division (RaftServerImpl.java:checkInconsistentAppendEntries(1296)) - omNode-2@group-523986131536: Failed appendEntries as snapshot (59) installation is in progress
2022-05-11 01:29:52,739 [grpc-default-executor-1] INFO  server.RaftServer$Division (RaftServerImpl.java:checkInconsistentAppendEntries(1288)) - omNode-2@group-523986131536: inconsistency entries. Reply:omNode-1<-omNode-2#422:FAIL-t7,INCONSISTENCY,nextIndex=144,followerCommit=56
2022-05-11 01:29:52,740 [grpc-default-executor-1] INFO  leader.FollowerInfo (FollowerInfoImpl.java:lambda$new$0(47)) - omNode-1@group-523986131536->omNode-2: nextIndex: updateUnconditionally 147 -> 144
2022-05-11 01:29:52,740 [grpc-default-executor-1] INFO  server.RaftServer$Division (RaftServerImpl.java:checkInconsistentAppendEntries(1296)) - omNode-2@group-523986131536: Failed appendEntries as snapshot (59) installation is in progress
2022-05-11 01:29:52,740 [grpc-default-executor-1] INFO  server.RaftServer$Division (RaftServerImpl.java:checkInconsistentAppendEntries(1288)) - omNode-2@group-523986131536: inconsistency entries. Reply:omNode-1<-omNode-2#423:FAIL-t7,INCONSISTENCY,nextIndex=144,followerCommit=56
2022-05-11 01:29:52,741 [grpc-default-executor-1] INFO  leader.FollowerInfo (FollowerInfoImpl.java:lambda$new$0(47)) - omNode-1@group-523986131536->omNode-2: nextIndex: updateUnconditionally 147 -> 144
2022-05-11 01:29:52,741 [grpc-default-executor-1] INFO  server.RaftServer$Division (RaftServerImpl.java:checkInconsistentAppendEntries(1296)) - omNode-2@group-523986131536: Failed appendEntries as snapshot (59) installation is in progress
2022-05-11 01:29:52,741 [grpc-default-executor-1] INFO  server.RaftServer$Division (RaftServerImpl.java:checkInconsistentAppendEntries(1288)) - omNode-2@group-523986131536: inconsistency entries. Reply:omNode-1<-omNode-2#424:FAIL-t7,INCONSISTENCY,nextIndex=144,followerCommit=56
2022-05-11 01:29:52,742 [grpc-default-executor-1] INFO  leader.FollowerInfo (FollowerInfoImpl.java:lambda$new$0(47)) - omNode-1@group-523986131536->omNode-2: nextIndex: updateUnconditionally 147 -> 144
2022-05-11 01:29:52,742 [grpc-default-executor-1] INFO  server.RaftServer$Division (RaftServerImpl.java:checkInconsistentAppendEntries(1296)) - omNode-2@group-523986131536: Failed appendEntries as snapshot (59) installation is in progress
2022-05-11 01:29:52,743 [grpc-default-executor-1] INFO  server.RaftServer$Division (RaftServerImpl.java:checkInconsistentAppendEntries(1288)) - omNode-2@group-523986131536: inconsistency entries. Reply:omNode-1<-omNode-2#425:FAIL-t7,INCONSISTENCY,nextIndex=144,followerCommit=56
2022-05-11 01:29:52,743 [grpc-default-executor-1] INFO  leader.FollowerInfo (FollowerInfoImpl.java:lambda$new$0(47)) - omNode-1@group-523986131536->omNode-2: nextIndex: updateUnconditionally 147 -> 144
2022-05-11 01:29:52,744 [Listener at localhost/38653] INFO  om.OzoneManager (OzoneManager.java:installCheckpoint(3369)) - RPC server is re-started. Spend 1204 ms.
2022-05-11 01:29:52,746 [Listener at localhost/38653] INFO  om.OzoneManager (OzoneManager.java:installCheckpoint(3395)) - Install Checkpoint is finished with Term: 5 and Index: 143. Spend 1442 ms.
2022-05-11 01:29:52,746 [Listener at localhost/38653] INFO  server.RaftServer$Division (RaftServerImpl.java:lambda$notifyStateMachineToInstallSnapshot$30(1595)) - omNode-2@group-523986131536: StateMachine successfully installed snapshot index 143. Reloading the StateMachine.
2022-05-11 01:29:52,746 [Listener at localhost/38653] INFO  ratis.OzoneManagerStateMachine (OzoneManagerStateMachine.java:pause(384)) - OzoneManagerStateMachine is pausing
2022-05-11 01:29:52,746 [Listener at localhost/38653] INFO  ratis.OzoneManagerDoubleBuffer (OzoneManagerDoubleBuffer.java:stop(465)) - Stopping OMDoubleBuffer flush thread
2022-05-11 01:29:52,755 [OMDoubleBufferFlushThread] INFO  ratis.OzoneManagerDoubleBuffer (OzoneManagerDoubleBuffer.java:flushTransactions(385)) - OMDoubleBuffer flush thread OMDoubleBufferFlushThread is interrupted and will exit.
2022-05-11 01:29:52,756 [Listener at localhost/38653] INFO  segmented.SegmentedRaftLogWorker (SegmentedRaftLogWorker.java:lambda$new$0(133)) - omNode-2@group-523986131536-SegmentedRaftLogWorker: flushIndex: setUnconditionally 56 -> 143
2022-05-11 01:29:52,756 [Listener at localhost/38653] INFO  segmented.SegmentedRaftLogWorker (SegmentedRaftLogWorker.java:lambda$new$0(133)) - omNode-2@group-523986131536-SegmentedRaftLogWorker: safeCacheEvictIndex: setUnconditionally -1 -> 143
2022-05-11 01:29:52,756 [Listener at localhost/38653] INFO  segmented.SegmentedRaftLogWorker (SegmentedRaftLogWorker.java:closeLogSegment(415)) - omNode-2@group-523986131536-SegmentedRaftLogWorker: Closing segment log_inprogress_31 to index: 56
2022-05-11 01:29:52,756 [Listener at localhost/38653] INFO  raftlog.RaftLog (RaftLogBase.java:lambda$new$0(53)) - omNode-2@group-523986131536-SegmentedRaftLog: snapshotIndex: updateIncreasingly 56 -> 143
2022-05-11 01:29:52,756 [grpc-default-executor-1] INFO  server.RaftServer$Division (RaftServerImpl.java:checkInconsistentAppendEntries(1296)) - omNode-2@group-523986131536: Failed appendEntries as snapshot (59) installation is in progress
2022-05-11 01:29:52,756 [grpc-default-executor-1] INFO  server.RaftServer$Division (RaftServerImpl.java:checkInconsistentAppendEntries(1288)) - omNode-2@group-523986131536: inconsistency entries. Reply:omNode-1<-omNode-2#426:FAIL-t7,INCONSISTENCY,nextIndex=144,followerCommit=143
2022-05-11 01:29:52,759 [grpc-default-executor-1] INFO  leader.FollowerInfo (FollowerInfoImpl.java:lambda$new$0(47)) - omNode-1@group-523986131536->omNode-2: nextIndex: updateUnconditionally 147 -> 144
2022-05-11 01:29:52,762 [omNode-2@group-523986131536-StateMachineUpdater] INFO  ratis.OzoneManagerStateMachine (OzoneManagerStateMachine.java:loadSnapshotInfoFromDB(627)) - LastAppliedIndex is set from TransactionInfo from OM DB as (t:5, i:143)
2022-05-11 01:29:52,762 [omNode-2@group-523986131536-StateMachineUpdater] INFO  ratis.OzoneManagerStateMachine (OzoneManagerStateMachine.java:unpause(401)) - OzoneManagerStateMachine is un-pausing
2022-05-11 01:29:52,763 [grpc-default-executor-1] INFO  server.RaftServer$Division (RaftServerImpl.java:checkInconsistentAppendEntries(1296)) - omNode-2@group-523986131536: Failed appendEntries as snapshot (59) installation is in progress
2022-05-11 01:29:52,763 [grpc-default-executor-1] INFO  server.RaftServer$Division (RaftServerImpl.java:checkInconsistentAppendEntries(1288)) - omNode-2@group-523986131536: inconsistency entries. Reply:omNode-1<-omNode-2#428:FAIL-t7,INCONSISTENCY,nextIndex=144,followerCommit=143
2022-05-11 01:29:52,763 [IPC Server Responder] INFO  ipc.Server (Server.java:run(1512)) - Stopping IPC Server Responder
2022-05-11 01:29:52,763 [IPC Server listener on 40623] INFO  ipc.Server (Server.java:run(1376)) - Stopping IPC Server listener on 40623
2022-05-11 01:29:52,764 [grpc-default-executor-1] INFO  leader.FollowerInfo (FollowerInfoImpl.java:lambda$new$0(47)) - omNode-1@group-523986131536->omNode-2: nextIndex: updateUnconditionally 147 -> 144
2022-05-11 01:29:52,764 [omNode-2@group-523986131536-StateMachineUpdater] INFO  impl.StateMachineUpdater (StateMachineUpdater.java:lambda$new$0(89)) - omNode-2@group-523986131536-StateMachineUpdater: snapshotIndex: setUnconditionally 56 -> 143
2022-05-11 01:29:52,764 [omNode-2@group-523986131536-StateMachineUpdater] INFO  impl.StateMachineUpdater (StateMachineUpdater.java:lambda$new$0(89)) - omNode-2@group-523986131536-StateMachineUpdater: appliedIndex: setUnconditionally 56 -> 143
2022-05-11 01:29:52,776 [Listener at localhost/38653] INFO  server.RaftServer (RaftServerProxy.java:lambda$close$6(391)) - omNode-1: close
2022-05-11 01:29:52,777 [Listener at localhost/38653] INFO  server.RaftServer$Division (RaftServerImpl.java:lambda$close$4(412)) - omNode-1@group-523986131536: shutdown
2022-05-11 01:29:52,777 [Listener at localhost/38653] INFO  util.JmxRegister (JmxRegister.java:unregister(73)) - Successfully un-registered JMX Bean with object name Ratis:service=RaftServer,group=group-523986131536,id=omNode-1
2022-05-11 01:29:52,777 [Listener at localhost/38653] INFO  impl.RoleInfo (RoleInfo.java:shutdownLeaderState(91)) - omNode-1: shutdown omNode-1@group-523986131536-LeaderStateImpl
2022-05-11 01:29:52,778 [Listener at localhost/38653] INFO  impl.PendingRequests (PendingRequests.java:sendNotLeaderResponses(282)) - omNode-1@group-523986131536-PendingRequests: sendNotLeaderResponses
2022-05-11 01:29:52,778 [omNode-1@group-523986131536->omNode-2-GrpcLogAppender-LogAppenderDaemon] WARN  server.GrpcLogAppender (GrpcLogAppender.java:mayWait(177)) - omNode-1@group-523986131536->omNode-2-GrpcLogAppender: Wait interrupted by java.lang.InterruptedException
2022-05-11 01:29:52,778 [grpc-default-executor-1] INFO  server.RaftServer$Division (RaftServerImpl.java:checkInconsistentAppendEntries(1296)) - omNode-2@group-523986131536: Failed appendEntries as snapshot (59) installation is in progress
2022-05-11 01:29:52,778 [grpc-default-executor-1] INFO  server.RaftServer$Division (RaftServerImpl.java:checkInconsistentAppendEntries(1288)) - omNode-2@group-523986131536: inconsistency entries. Reply:omNode-1<-omNode-2#429:FAIL-t7,INCONSISTENCY,nextIndex=144,followerCommit=143
2022-05-11 01:29:52,778 [omNode-1@group-523986131536->omNode-3-GrpcLogAppender-LogAppenderDaemon] WARN  server.GrpcLogAppender (GrpcLogAppender.java:mayWait(177)) - omNode-1@group-523986131536->omNode-3-GrpcLogAppender: Wait interrupted by java.lang.InterruptedException
2022-05-11 01:29:52,779 [grpc-default-executor-1] INFO  server.GrpcServerProtocolService (GrpcServerProtocolService.java:onCompleted(140)) - omNode-2: Completed APPEND_ENTRIES, lastRequest: omNode-1->omNode-2#429-t7,previous=(t:5, i:143),leaderCommit=146,initializing? true,entries: size=3, first=(t:5, i:144), METADATAENTRY(c:143)
2022-05-11 01:29:52,779 [grpc-default-executor-3] INFO  leader.FollowerInfo (FollowerInfoImpl.java:lambda$new$0(47)) - omNode-1@group-523986131536->omNode-2: nextIndex: updateUnconditionally 147 -> 144
2022-05-11 01:29:52,779 [grpc-default-executor-1] INFO  server.GrpcServerProtocolService (GrpcServerProtocolService.java:onCompleted(140)) - omNode-3: Completed APPEND_ENTRIES, lastRequest: omNode-1->omNode-3#353934-t7,previous=(t:7, i:145),leaderCommit=145,initializing? true,entries: size=1, first=(t:7, i:146), METADATAENTRY(c:145)
2022-05-11 01:29:52,780 [grpc-default-executor-2] INFO  server.GrpcLogAppender (GrpcLogAppender.java:onCompleted(346)) - omNode-1@group-523986131536->omNode-3-AppendLogResponseHandler: follower responses appendEntries COMPLETED
2022-05-11 01:29:52,780 [grpc-default-executor-2] INFO  leader.FollowerInfo (FollowerInfoImpl.java:lambda$new$0(47)) - omNode-1@group-523986131536->omNode-3: nextIndex: updateUnconditionally 147 -> 146
2022-05-11 01:29:52,781 [omNode-2@group-523986131536-SegmentedRaftLogWorker] INFO  segmented.SegmentedRaftLogWorker (SegmentedRaftLogWorker.java:execute(558)) - omNode-2@group-523986131536-SegmentedRaftLogWorker: Rolled log segment from /home/runner/work/ozone/ozone/hadoop-ozone/integration-test/target/test-dir/MiniOzoneClusterImpl-ae28b10a-1883-433e-acb0-7438b5479a4c/omNode-2/ratis/c9bc4cf4-3bc3-3c60-a66b-523986131536/current/log_inprogress_31 to /home/runner/work/ozone/ozone/hadoop-ozone/integration-test/target/test-dir/MiniOzoneClusterImpl-ae28b10a-1883-433e-acb0-7438b5479a4c/omNode-2/ratis/c9bc4cf4-3bc3-3c60-a66b-523986131536/current/log_31-56
2022-05-11 01:29:52,781 [grpc-default-executor-1] INFO  server.GrpcLogAppender (GrpcLogAppender.java:onCompleted(346)) - omNode-1@group-523986131536->omNode-2-AppendLogResponseHandler: follower responses appendEntries COMPLETED
2022-05-11 01:29:52,782 [grpc-default-executor-1] INFO  leader.FollowerInfo (FollowerInfoImpl.java:lambda$new$0(47)) - omNode-1@group-523986131536->omNode-2: nextIndex: updateUnconditionally 144 -> 1
2022-05-11 01:29:52,783 [Listener at localhost/38653] INFO  impl.StateMachineUpdater (StateMachineUpdater.java:stopAndJoin(149)) - omNode-1@group-523986131536-StateMachineUpdater: set stopIndex = 146
2022-05-11 01:29:52,783 [omNode-1@group-523986131536-StateMachineUpdater] INFO  ratis.OzoneManagerStateMachine (OzoneManagerStateMachine.java:takeSnapshot(436)) - Current Snapshot Index (t:7, i:146)
2022-05-11 01:29:52,783 [omNode-1@group-523986131536-StateMachineUpdater] INFO  impl.StateMachineUpdater (StateMachineUpdater.java:takeSnapshot(281)) - omNode-1@group-523986131536-StateMachineUpdater: Took a snapshot at index 146
2022-05-11 01:29:52,783 [omNode-1@group-523986131536-StateMachineUpdater] INFO  impl.StateMachineUpdater (StateMachineUpdater.java:lambda$new$0(89)) - omNode-1@group-523986131536-StateMachineUpdater: snapshotIndex: updateIncreasingly 108 -> 146
2022-05-11 01:29:52,783 [omNode-1@group-523986131536-StateMachineUpdater] INFO  raftlog.RaftLog (RaftLogBase.java:purge(306)) - omNode-1@group-523986131536-SegmentedRaftLog: purge 146
2022-05-11 01:29:52,783 [omNode-1@group-523986131536-StateMachineUpdater] INFO  raftlog.RaftLog (RaftLogBase.java:lambda$new$0(53)) - omNode-1@group-523986131536-SegmentedRaftLog: snapshotIndex: updateIncreasingly 108 -> 146
2022-05-11 01:29:52,784 [omNode-1@group-523986131536-StateMachineUpdater] INFO  ratis.OzoneManagerStateMachine (OzoneManagerStateMachine.java:close(490)) - StateMachine has shutdown. Shutdown OzoneManager if not already shutdown.
2022-05-11 01:29:52,784 [omNode-1@group-523986131536-StateMachineUpdater] INFO  ratis.OzoneManagerDoubleBuffer (OzoneManagerDoubleBuffer.java:stop(465)) - Stopping OMDoubleBuffer flush thread
2022-05-11 01:29:52,784 [OMDoubleBufferFlushThread] INFO  ratis.OzoneManagerDoubleBuffer (OzoneManagerDoubleBuffer.java:flushTransactions(385)) - OMDoubleBuffer flush thread OMDoubleBufferFlushThread is interrupted and will exit.
2022-05-11 01:29:52,784 [omNode-1@group-523986131536-SegmentedRaftLogWorker] INFO  raftlog.RaftLog (RaftLogBase.java:lambda$new$0(53)) - omNode-1@group-523986131536-SegmentedRaftLog: purgeIndex: updateToMax old=58, new=144, updated? true
2022-05-11 01:29:52,785 [Listener at localhost/38653] INFO  server.RaftServer$Division (ServerState.java:close(419)) - omNode-1@group-523986131536: closes. applyIndex: 146
2022-05-11 01:29:52,785 [omNode-1@group-523986131536-SegmentedRaftLogWorker] INFO  segmented.SegmentedRaftLogWorker (SegmentedRaftLogWorker.java:run(327)) - omNode-1@group-523986131536-SegmentedRaftLogWorker was interrupted, exiting. There are 0 tasks remaining in the queue.
2022-05-11 01:29:52,787 [Listener at localhost/38653] INFO  segmented.SegmentedRaftLogWorker (SegmentedRaftLogWorker.java:close(237)) - omNode-1@group-523986131536-SegmentedRaftLogWorker close()
2022-05-11 01:29:52,788 [Listener at localhost/38653] INFO  server.GrpcService (GrpcService.java:closeImpl(262)) - omNode-1: shutdown server with port 37959 now
2022-05-11 01:29:52,795 [Listener at localhost/38653] INFO  server.GrpcService (GrpcService.java:closeImpl(271)) - omNode-1: shutdown server with port 37959 successfully
2022-05-11 01:29:52,795 [org.apache.ratis.util.JvmPauseMonitor$$Lambda$637/1274334510@cae1f58] INFO  util.JvmPauseMonitor (JvmPauseMonitor.java:run(109)) - JvmPauseMonitor-omNode-1: Stopped
2022-05-11 01:29:52,795 [Listener at localhost/38653] INFO  ratis.OzoneManagerStateMachine (OzoneManagerStateMachine.java:close(490)) - StateMachine has shutdown. Shutdown OzoneManager if not already shutdown.
2022-05-11 01:29:52,795 [Listener at localhost/38653] INFO  ratis.OzoneManagerDoubleBuffer (OzoneManagerDoubleBuffer.java:stop(477)) - OMDoubleBuffer flush thread is not running.
2022-05-11 01:29:52,796 [Listener at localhost/38653] INFO  handler.ContextHandler (ContextHandler.java:doStop(1153)) - Stopped o.e.j.w.WebAppContext@56fa0c64{ozoneManager,/,null,STOPPED}{file:/home/runner/work/ozone/ozone/hadoop-ozone/integration-test/target/test-classes/webapps/ozoneManager}
2022-05-11 01:29:52,799 [Listener at localhost/38653] INFO  server.AbstractConnector (AbstractConnector.java:doStop(381)) - Stopped ServerConnector@31e4eedd{HTTP/1.1, (http/1.1)}{0.0.0.0:34597}
2022-05-11 01:29:52,800 [Listener at localhost/38653] INFO  server.session (HouseKeeper.java:stopScavenging(149)) - node0 Stopped scavenging
2022-05-11 01:29:52,801 [Listener at localhost/38653] INFO  handler.ContextHandler (ContextHandler.java:doStop(1153)) - Stopped o.e.j.s.ServletContextHandler@70df4f7a{static,/static,file:///home/runner/work/ozone/ozone/hadoop-ozone/integration-test/target/test-classes/webapps/static,STOPPED}
2022-05-11 01:29:52,801 [Listener at localhost/38653] INFO  handler.ContextHandler (ContextHandler.java:doStop(1153)) - Stopped o.e.j.s.ServletContextHandler@4b7217a2{logs,/logs,file:///home/runner/work/ozone/ozone/hadoop-ozone/integration-test/target/log,STOPPED}
2022-05-11 01:29:52,804 [Listener at localhost/38653] INFO  om.OzoneManager (OzoneManager.java:stop(1950)) - omNode-2[localhost:38653]: Stopping Ozone Manager
2022-05-11 01:29:52,804 [Listener at localhost/38653] INFO  ipc.Server (Server.java:stop(3414)) - Stopping server on 38653
2022-05-11 01:29:52,808 [IPC Server Responder] INFO  ipc.Server (Server.java:run(1512)) - Stopping IPC Server Responder
2022-05-11 01:29:52,808 [IPC Server listener on 38653] INFO  ipc.Server (Server.java:run(1376)) - Stopping IPC Server listener on 38653
2022-05-11 01:29:52,817 [Listener at localhost/38653] INFO  server.RaftServer (RaftServerProxy.java:lambda$close$6(391)) - omNode-2: close
2022-05-11 01:29:52,817 [Listener at localhost/38653] INFO  server.RaftServer$Division (RaftServerImpl.java:lambda$close$4(412)) - omNode-2@group-523986131536: shutdown
2022-05-11 01:29:52,817 [Listener at localhost/38653] INFO  util.JmxRegister (JmxRegister.java:unregister(73)) - Successfully un-registered JMX Bean with object name Ratis:service=RaftServer,group=group-523986131536,id=omNode-2
2022-05-11 01:29:52,818 [Listener at localhost/38653] INFO  impl.RoleInfo (RoleInfo.java:shutdownFollowerState(108)) - omNode-2: shutdown omNode-2@group-523986131536-FollowerState
2022-05-11 01:29:52,818 [omNode-2@group-523986131536-FollowerState] INFO  impl.FollowerState (FollowerState.java:run(143)) - omNode-2@group-523986131536-FollowerState was interrupted: {}
java.lang.InterruptedException: sleep interrupted
	at java.lang.Thread.sleep(Native Method)
	at java.lang.Thread.sleep(Thread.java:342)
	at java.util.concurrent.TimeUnit.sleep(TimeUnit.java:386)
	at org.apache.ratis.util.TimeDuration.sleep(TimeDuration.java:324)
	at org.apache.ratis.util.TimeDuration.sleep(TimeDuration.java:309)
	at org.apache.ratis.server.impl.FollowerState.run(FollowerState.java:118)
2022-05-11 01:29:52,818 [omNode-2@group-523986131536-StateMachineUpdater] INFO  ratis.OzoneManagerStateMachine (OzoneManagerStateMachine.java:close(490)) - StateMachine has shutdown. Shutdown OzoneManager if not already shutdown.
2022-05-11 01:29:52,818 [omNode-2@group-523986131536-StateMachineUpdater] INFO  ratis.OzoneManagerDoubleBuffer (OzoneManagerDoubleBuffer.java:stop(465)) - Stopping OMDoubleBuffer flush thread
2022-05-11 01:29:52,818 [Listener at localhost/38653] INFO  impl.StateMachineUpdater (StateMachineUpdater.java:stopAndJoin(149)) - omNode-2@group-523986131536-StateMachineUpdater: set stopIndex = 143
2022-05-11 01:29:52,818 [OMDoubleBufferFlushThread] INFO  ratis.OzoneManagerDoubleBuffer (OzoneManagerDoubleBuffer.java:flushTransactions(385)) - OMDoubleBuffer flush thread OMDoubleBufferFlushThread is interrupted and will exit.
2022-05-11 01:29:52,819 [Listener at localhost/38653] INFO  server.RaftServer$Division (ServerState.java:close(419)) - omNode-2@group-523986131536: closes. applyIndex: 143
2022-05-11 01:29:52,823 [omNode-2@group-523986131536-SegmentedRaftLogWorker] INFO  segmented.SegmentedRaftLogWorker (SegmentedRaftLogWorker.java:run(327)) - omNode-2@group-523986131536-SegmentedRaftLogWorker was interrupted, exiting. There are 0 tasks remaining in the queue.
2022-05-11 01:29:52,823 [Listener at localhost/38653] INFO  segmented.SegmentedRaftLogWorker (SegmentedRaftLogWorker.java:close(237)) - omNode-2@group-523986131536-SegmentedRaftLogWorker close()
2022-05-11 01:29:52,825 [Listener at localhost/38653] INFO  server.GrpcService (GrpcService.java:closeImpl(262)) - omNode-2: shutdown server with port 36649 now
2022-05-11 01:29:52,831 [Listener at localhost/38653] INFO  server.GrpcService (GrpcService.java:closeImpl(271)) - omNode-2: shutdown server with port 36649 successfully
2022-05-11 01:29:52,832 [org.apache.ratis.util.JvmPauseMonitor$$Lambda$637/1274334510@7ddc5ec6] INFO  util.JvmPauseMonitor (JvmPauseMonitor.java:run(109)) - JvmPauseMonitor-omNode-2: Stopped
2022-05-11 01:29:52,832 [Listener at localhost/38653] INFO  ratis.OzoneManagerStateMachine (OzoneManagerStateMachine.java:close(490)) - StateMachine has shutdown. Shutdown OzoneManager if not already shutdown.
2022-05-11 01:29:52,832 [Listener at localhost/38653] INFO  ratis.OzoneManagerDoubleBuffer (OzoneManagerDoubleBuffer.java:stop(477)) - OMDoubleBuffer flush thread is not running.
2022-05-11 01:29:52,833 [Listener at localhost/38653] INFO  utils.BackgroundService (BackgroundService.java:shutdown(132)) - Shutting down service KeyDeletingService
2022-05-11 01:29:52,844 [Listener at localhost/38653] INFO  utils.BackgroundService (BackgroundService.java:shutdown(132)) - Shutting down service DirectoryDeletingService
2022-05-11 01:29:52,847 [Listener at localhost/38653] INFO  handler.ContextHandler (ContextHandler.java:doStop(1153)) - Stopped o.e.j.w.WebAppContext@7589a53a{ozoneManager,/,null,STOPPED}{file:/home/runner/work/ozone/ozone/hadoop-ozone/integration-test/target/test-classes/webapps/ozoneManager}
2022-05-11 01:29:52,850 [Listener at localhost/38653] INFO  server.AbstractConnector (AbstractConnector.java:doStop(381)) - Stopped ServerConnector@355ea654{HTTP/1.1, (http/1.1)}{0.0.0.0:45153}
2022-05-11 01:29:52,850 [Listener at localhost/38653] INFO  server.session (HouseKeeper.java:stopScavenging(149)) - node0 Stopped scavenging
2022-05-11 01:29:52,851 [Listener at localhost/38653] INFO  handler.ContextHandler (ContextHandler.java:doStop(1153)) - Stopped o.e.j.s.ServletContextHandler@6c479748{static,/static,file:///home/runner/work/ozone/ozone/hadoop-ozone/integration-test/target/test-classes/webapps/static,STOPPED}
2022-05-11 01:29:52,854 [Listener at localhost/38653] INFO  handler.ContextHandler (ContextHandler.java:doStop(1153)) - Stopped o.e.j.s.ServletContextHandler@3df8a0d8{logs,/logs,file:///home/runner/work/ozone/ozone/hadoop-ozone/integration-test/target/log,STOPPED}
2022-05-11 01:29:54,044 [omNode-3@group-523986131536-FollowerState] INFO  impl.FollowerState (FollowerState.java:run(134)) - omNode-3@group-523986131536-FollowerState: change to CANDIDATE, lastRpcElapsedTime:1530263803ns, electionTimeout:1127ms
2022-05-11 01:29:54,045 [omNode-3@group-523986131536-FollowerState] INFO  impl.RoleInfo (RoleInfo.java:shutdownFollowerState(108)) - omNode-3: shutdown omNode-3@group-523986131536-FollowerState
2022-05-11 01:29:54,045 [omNode-3@group-523986131536-FollowerState] INFO  server.RaftServer$Division (RaftServerImpl.java:setRole(290)) - omNode-3@group-523986131536: changes role from  FOLLOWER to CANDIDATE at term 7 for changeToCandidate
2022-05-11 01:29:54,045 [omNode-3@group-523986131536-FollowerState] INFO  server.RaftServerConfigKeys (ConfUtils.java:logGet(44)) - raft.server.leaderelection.pre-vote = false (custom)
2022-05-11 01:29:54,045 [omNode-3@group-523986131536-FollowerState] INFO  impl.RoleInfo (RoleInfo.java:updateAndGet(130)) - omNode-3: start omNode-3@group-523986131536-LeaderElection21
2022-05-11 01:29:54,046 [omNode-3@group-523986131536-LeaderElection21] INFO  server.RaftServer$Division (ServerState.java:setLeader(285)) - omNode-3@group-523986131536: change Leader from omNode-1 to null at term 7 for ELECTION
2022-05-11 01:29:54,049 [omNode-3@group-523986131536-LeaderElection21] INFO  impl.LeaderElection (LeaderElection.java:askForVotes(306)) - omNode-3@group-523986131536-LeaderElection21 ELECTION round 0: submit vote requests at term 8 for 145: [omNode-3|rpc:localhost:40799|admin:|client:|dataStream:|priority:0, omNode-1|rpc:localhost:37959|admin:|client:|dataStream:|priority:0, omNode-2|rpc:localhost:36649|admin:|client:|dataStream:|priority:0], old=null
2022-05-11 01:29:54,055 [omNode-3@group-523986131536-LeaderElection21] INFO  impl.LeaderElection (LogUtils.java:infoOrTrace(137)) - omNode-3@group-523986131536-LeaderElection21 got exception when requesting votes: java.util.concurrent.ExecutionException: org.apache.ratis.thirdparty.io.grpc.StatusRuntimeException: UNAVAILABLE: io exception
2022-05-11 01:29:54,058 [omNode-3@group-523986131536-LeaderElection21] INFO  impl.LeaderElection (LogUtils.java:infoOrTrace(137)) - omNode-3@group-523986131536-LeaderElection21 got exception when requesting votes: java.util.concurrent.ExecutionException: org.apache.ratis.thirdparty.io.grpc.StatusRuntimeException: UNAVAILABLE: io exception
2022-05-11 01:29:54,058 [omNode-3@group-523986131536-LeaderElection21] INFO  impl.LeaderElection (LeaderElection.java:logAndReturn(89)) - omNode-3@group-523986131536-LeaderElection21: ELECTION REJECTED received 0 response(s) and 2 exception(s):
2022-05-11 01:29:54,058 [omNode-3@group-523986131536-LeaderElection21] INFO  impl.LeaderElection (LogUtils.java:infoOrTrace(137)) -   Exception 0: java.util.concurrent.ExecutionException: org.apache.ratis.thirdparty.io.grpc.StatusRuntimeException: UNAVAILABLE: io exception
2022-05-11 01:29:54,058 [omNode-3@group-523986131536-LeaderElection21] INFO  impl.LeaderElection (LogUtils.java:infoOrTrace(137)) -   Exception 1: java.util.concurrent.ExecutionException: org.apache.ratis.thirdparty.io.grpc.StatusRuntimeException: UNAVAILABLE: io exception
2022-05-11 01:29:54,058 [omNode-3@group-523986131536-LeaderElection21] INFO  impl.LeaderElection (LeaderElection.java:askForVotes(308)) - omNode-3@group-523986131536-LeaderElection21 ELECTION round 0: result REJECTED
2022-05-11 01:29:54,058 [omNode-3@group-523986131536-LeaderElection21] INFO  server.RaftServer$Division (RaftServerImpl.java:setRole(290)) - omNode-3@group-523986131536: changes role from CANDIDATE to FOLLOWER at term 8 for REJECTED
2022-05-11 01:29:54,058 [omNode-3@group-523986131536-LeaderElection21] INFO  impl.RoleInfo (RoleInfo.java:shutdownLeaderElection(121)) - omNode-3: shutdown omNode-3@group-523986131536-LeaderElection21
2022-05-11 01:29:54,058 [omNode-3@group-523986131536-LeaderElection21] INFO  impl.RoleInfo (RoleInfo.java:updateAndGet(130)) - omNode-3: start omNode-3@group-523986131536-FollowerState
2022-05-11 01:29:55,138 [omNode-3@group-523986131536-FollowerState] INFO  impl.FollowerState (FollowerState.java:run(134)) - omNode-3@group-523986131536-FollowerState: change to CANDIDATE, lastRpcElapsedTime:1080045145ns, electionTimeout:1079ms
2022-05-11 01:29:55,138 [omNode-3@group-523986131536-FollowerState] INFO  impl.RoleInfo (RoleInfo.java:shutdownFollowerState(108)) - omNode-3: shutdown omNode-3@group-523986131536-FollowerState
2022-05-11 01:29:55,139 [omNode-3@group-523986131536-FollowerState] INFO  server.RaftServer$Division (RaftServerImpl.java:setRole(290)) - omNode-3@group-523986131536: changes role from  FOLLOWER to CANDIDATE at term 8 for changeToCandidate
2022-05-11 01:29:55,139 [omNode-3@group-523986131536-FollowerState] INFO  server.RaftServerConfigKeys (ConfUtils.java:logGet(44)) - raft.server.leaderelection.pre-vote = false (custom)
2022-05-11 01:29:55,139 [omNode-3@group-523986131536-FollowerState] INFO  impl.RoleInfo (RoleInfo.java:updateAndGet(130)) - omNode-3: start omNode-3@group-523986131536-LeaderElection22
2022-05-11 01:29:55,143 [omNode-3@group-523986131536-LeaderElection22] INFO  impl.LeaderElection (LeaderElection.java:askForVotes(306)) - omNode-3@group-523986131536-LeaderElection22 ELECTION round 0: submit vote requests at term 9 for 145: [omNode-3|rpc:localhost:40799|admin:|client:|dataStream:|priority:0, omNode-1|rpc:localhost:37959|admin:|client:|dataStream:|priority:0, omNode-2|rpc:localhost:36649|admin:|client:|dataStream:|priority:0], old=null
2022-05-11 01:29:55,143 [omNode-3@group-523986131536-LeaderElection22] INFO  impl.LeaderElection (LogUtils.java:infoOrTrace(137)) - omNode-3@group-523986131536-LeaderElection22 got exception when requesting votes: java.util.concurrent.ExecutionException: org.apache.ratis.thirdparty.io.grpc.StatusRuntimeException: UNAVAILABLE: io exception
2022-05-11 01:29:55,144 [omNode-3@group-523986131536-LeaderElection22] INFO  impl.LeaderElection (LogUtils.java:infoOrTrace(137)) - omNode-3@group-523986131536-LeaderElection22 got exception when requesting votes: java.util.concurrent.ExecutionException: org.apache.ratis.thirdparty.io.grpc.StatusRuntimeException: UNAVAILABLE: io exception
2022-05-11 01:29:55,144 [omNode-3@group-523986131536-LeaderElection22] INFO  impl.LeaderElection (LeaderElection.java:logAndReturn(89)) - omNode-3@group-523986131536-LeaderElection22: ELECTION REJECTED received 0 response(s) and 2 exception(s):
2022-05-11 01:29:55,144 [omNode-3@group-523986131536-LeaderElection22] INFO  impl.LeaderElection (LogUtils.java:infoOrTrace(137)) -   Exception 0: java.util.concurrent.ExecutionException: org.apache.ratis.thirdparty.io.grpc.StatusRuntimeException: UNAVAILABLE: io exception
2022-05-11 01:29:55,144 [omNode-3@group-523986131536-LeaderElection22] INFO  impl.LeaderElection (LogUtils.java:infoOrTrace(137)) -   Exception 1: java.util.concurrent.ExecutionException: org.apache.ratis.thirdparty.io.grpc.StatusRuntimeException: UNAVAILABLE: io exception
2022-05-11 01:29:55,144 [omNode-3@group-523986131536-LeaderElection22] INFO  impl.LeaderElection (LeaderElection.java:askForVotes(308)) - omNode-3@group-523986131536-LeaderElection22 ELECTION round 0: result REJECTED
2022-05-11 01:29:55,144 [omNode-3@group-523986131536-LeaderElection22] INFO  server.RaftServer$Division (RaftServerImpl.java:setRole(290)) - omNode-3@group-523986131536: changes role from CANDIDATE to FOLLOWER at term 9 for REJECTED
2022-05-11 01:29:55,144 [omNode-3@group-523986131536-LeaderElection22] INFO  impl.RoleInfo (RoleInfo.java:shutdownLeaderElection(121)) - omNode-3: shutdown omNode-3@group-523986131536-LeaderElection22
2022-05-11 01:29:55,144 [omNode-3@group-523986131536-LeaderElection22] INFO  impl.RoleInfo (RoleInfo.java:updateAndGet(130)) - omNode-3: start omNode-3@group-523986131536-FollowerState
2022-05-11 01:29:56,250 [omNode-3@group-523986131536-FollowerState] INFO  impl.FollowerState (FollowerState.java:run(134)) - omNode-3@group-523986131536-FollowerState: change to CANDIDATE, lastRpcElapsedTime:1105897870ns, electionTimeout:1105ms
2022-05-11 01:29:56,250 [omNode-3@group-523986131536-FollowerState] INFO  impl.RoleInfo (RoleInfo.java:shutdownFollowerState(108)) - omNode-3: shutdown omNode-3@group-523986131536-FollowerState
2022-05-11 01:29:56,250 [omNode-3@group-523986131536-FollowerState] INFO  server.RaftServer$Division (RaftServerImpl.java:setRole(290)) - omNode-3@group-523986131536: changes role from  FOLLOWER to CANDIDATE at term 9 for changeToCandidate
2022-05-11 01:29:56,254 [omNode-3@group-523986131536-FollowerState] INFO  server.RaftServerConfigKeys (ConfUtils.java:logGet(44)) - raft.server.leaderelection.pre-vote = false (custom)
2022-05-11 01:29:56,254 [omNode-3@group-523986131536-FollowerState] INFO  impl.RoleInfo (RoleInfo.java:updateAndGet(130)) - omNode-3: start omNode-3@group-523986131536-LeaderElection23
2022-05-11 01:29:56,256 [omNode-3@group-523986131536-LeaderElection23] INFO  impl.LeaderElection (LeaderElection.java:askForVotes(306)) - omNode-3@group-523986131536-LeaderElection23 ELECTION round 0: submit vote requests at term 10 for 145: [omNode-3|rpc:localhost:40799|admin:|client:|dataStream:|priority:0, omNode-1|rpc:localhost:37959|admin:|client:|dataStream:|priority:0, omNode-2|rpc:localhost:36649|admin:|client:|dataStream:|priority:0], old=null
2022-05-11 01:29:56,257 [omNode-3@group-523986131536-LeaderElection23] INFO  impl.LeaderElection (LogUtils.java:infoOrTrace(137)) - omNode-3@group-523986131536-LeaderElection23 got exception when requesting votes: java.util.concurrent.ExecutionException: org.apache.ratis.thirdparty.io.grpc.StatusRuntimeException: UNAVAILABLE: io exception
2022-05-11 01:29:56,257 [omNode-3@group-523986131536-LeaderElection23] INFO  impl.LeaderElection (LogUtils.java:infoOrTrace(137)) - omNode-3@group-523986131536-LeaderElection23 got exception when requesting votes: java.util.concurrent.ExecutionException: org.apache.ratis.thirdparty.io.grpc.StatusRuntimeException: UNAVAILABLE: io exception
2022-05-11 01:29:56,257 [omNode-3@group-523986131536-LeaderElection23] INFO  impl.LeaderElection (LeaderElection.java:logAndReturn(89)) - omNode-3@group-523986131536-LeaderElection23: ELECTION REJECTED received 0 response(s) and 2 exception(s):
2022-05-11 01:29:56,257 [omNode-3@group-523986131536-LeaderElection23] INFO  impl.LeaderElection (LogUtils.java:infoOrTrace(137)) -   Exception 0: java.util.concurrent.ExecutionException: org.apache.ratis.thirdparty.io.grpc.StatusRuntimeException: UNAVAILABLE: io exception
2022-05-11 01:29:56,258 [omNode-3@group-523986131536-LeaderElection23] INFO  impl.LeaderElection (LogUtils.java:infoOrTrace(137)) -   Exception 1: java.util.concurrent.ExecutionException: org.apache.ratis.thirdparty.io.grpc.StatusRuntimeException: UNAVAILABLE: io exception
2022-05-11 01:29:56,258 [omNode-3@group-523986131536-LeaderElection23] INFO  impl.LeaderElection (LeaderElection.java:askForVotes(308)) - omNode-3@group-523986131536-LeaderElection23 ELECTION round 0: result REJECTED
2022-05-11 01:29:56,258 [omNode-3@group-523986131536-LeaderElection23] INFO  server.RaftServer$Division (RaftServerImpl.java:setRole(290)) - omNode-3@group-523986131536: changes role from CANDIDATE to FOLLOWER at term 10 for REJECTED
2022-05-11 01:29:56,258 [omNode-3@group-523986131536-LeaderElection23] INFO  impl.RoleInfo (RoleInfo.java:shutdownLeaderElection(121)) - omNode-3: shutdown omNode-3@group-523986131536-LeaderElection23
2022-05-11 01:29:56,258 [omNode-3@group-523986131536-LeaderElection23] INFO  impl.RoleInfo (RoleInfo.java:updateAndGet(130)) - omNode-3: start omNode-3@group-523986131536-FollowerState
2022-05-11 01:29:57,447 [omNode-3@group-523986131536-FollowerState] INFO  impl.FollowerState (FollowerState.java:run(134)) - omNode-3@group-523986131536-FollowerState: change to CANDIDATE, lastRpcElapsedTime:1188573551ns, electionTimeout:1184ms
2022-05-11 01:29:57,447 [omNode-3@group-523986131536-FollowerState] INFO  impl.RoleInfo (RoleInfo.java:shutdownFollowerState(108)) - omNode-3: shutdown omNode-3@group-523986131536-FollowerState
2022-05-11 01:29:57,447 [omNode-3@group-523986131536-FollowerState] INFO  server.RaftServer$Division (RaftServerImpl.java:setRole(290)) - omNode-3@group-523986131536: changes role from  FOLLOWER to CANDIDATE at term 10 for changeToCandidate
2022-05-11 01:29:57,447 [omNode-3@group-523986131536-FollowerState] INFO  server.RaftServerConfigKeys (ConfUtils.java:logGet(44)) - raft.server.leaderelection.pre-vote = false (custom)
2022-05-11 01:29:57,447 [omNode-3@group-523986131536-FollowerState] INFO  impl.RoleInfo (RoleInfo.java:updateAndGet(130)) - omNode-3: start omNode-3@group-523986131536-LeaderElection24
2022-05-11 01:29:57,449 [omNode-3@group-523986131536-LeaderElection24] INFO  impl.LeaderElection (LeaderElection.java:askForVotes(306)) - omNode-3@group-523986131536-LeaderElection24 ELECTION round 0: submit vote requests at term 11 for 145: [omNode-3|rpc:localhost:40799|admin:|client:|dataStream:|priority:0, omNode-1|rpc:localhost:37959|admin:|client:|dataStream:|priority:0, omNode-2|rpc:localhost:36649|admin:|client:|dataStream:|priority:0], old=null
2022-05-11 01:29:57,450 [omNode-3@group-523986131536-LeaderElection24] INFO  impl.LeaderElection (LogUtils.java:infoOrTrace(137)) - omNode-3@group-523986131536-LeaderElection24 got exception when requesting votes: java.util.concurrent.ExecutionException: org.apache.ratis.thirdparty.io.grpc.StatusRuntimeException: UNAVAILABLE: io exception
2022-05-11 01:29:57,451 [omNode-3@group-523986131536-LeaderElection24] INFO  impl.LeaderElection (LogUtils.java:infoOrTrace(137)) - omNode-3@group-523986131536-LeaderElection24 got exception when requesting votes: java.util.concurrent.ExecutionException: org.apache.ratis.thirdparty.io.grpc.StatusRuntimeException: UNAVAILABLE: io exception
2022-05-11 01:29:57,451 [omNode-3@group-523986131536-LeaderElection24] INFO  impl.LeaderElection (LeaderElection.java:logAndReturn(89)) - omNode-3@group-523986131536-LeaderElection24: ELECTION REJECTED received 0 response(s) and 2 exception(s):
2022-05-11 01:29:57,451 [omNode-3@group-523986131536-LeaderElection24] INFO  impl.LeaderElection (LogUtils.java:infoOrTrace(137)) -   Exception 0: java.util.concurrent.ExecutionException: org.apache.ratis.thirdparty.io.grpc.StatusRuntimeException: UNAVAILABLE: io exception
2022-05-11 01:29:57,451 [omNode-3@group-523986131536-LeaderElection24] INFO  impl.LeaderElection (LogUtils.java:infoOrTrace(137)) -   Exception 1: java.util.concurrent.ExecutionException: org.apache.ratis.thirdparty.io.grpc.StatusRuntimeException: UNAVAILABLE: io exception
2022-05-11 01:29:57,451 [omNode-3@group-523986131536-LeaderElection24] INFO  impl.LeaderElection (LeaderElection.java:askForVotes(308)) - omNode-3@group-523986131536-LeaderElection24 ELECTION round 0: result REJECTED
2022-05-11 01:29:57,451 [omNode-3@group-523986131536-LeaderElection24] INFO  server.RaftServer$Division (RaftServerImpl.java:setRole(290)) - omNode-3@group-523986131536: changes role from CANDIDATE to FOLLOWER at term 11 for REJECTED
2022-05-11 01:29:57,451 [omNode-3@group-523986131536-LeaderElection24] INFO  impl.RoleInfo (RoleInfo.java:shutdownLeaderElection(121)) - omNode-3: shutdown omNode-3@group-523986131536-LeaderElection24
2022-05-11 01:29:57,451 [omNode-3@group-523986131536-LeaderElection24] INFO  impl.RoleInfo (RoleInfo.java:updateAndGet(130)) - omNode-3: start omNode-3@group-523986131536-FollowerState
2022-05-11 01:29:58,553 [omNode-3@group-523986131536-FollowerState] INFO  impl.FollowerState (FollowerState.java:run(134)) - omNode-3@group-523986131536-FollowerState: change to CANDIDATE, lastRpcElapsedTime:1101739873ns, electionTimeout:1101ms
2022-05-11 01:29:58,553 [omNode-3@group-523986131536-FollowerState] INFO  impl.RoleInfo (RoleInfo.java:shutdownFollowerState(108)) - omNode-3: shutdown omNode-3@group-523986131536-FollowerState
2022-05-11 01:29:58,553 [omNode-3@group-523986131536-FollowerState] INFO  server.RaftServer$Division (RaftServerImpl.java:setRole(290)) - omNode-3@group-523986131536: changes role from  FOLLOWER to CANDIDATE at term 11 for changeToCandidate
2022-05-11 01:29:58,554 [omNode-3@group-523986131536-FollowerState] INFO  server.RaftServerConfigKeys (ConfUtils.java:logGet(44)) - raft.server.leaderelection.pre-vote = false (custom)
2022-05-11 01:29:58,554 [omNode-3@group-523986131536-FollowerState] INFO  impl.RoleInfo (RoleInfo.java:updateAndGet(130)) - omNode-3: start omNode-3@group-523986131536-LeaderElection25
2022-05-11 01:29:58,556 [omNode-3@group-523986131536-LeaderElection25] INFO  impl.LeaderElection (LeaderElection.java:askForVotes(306)) - omNode-3@group-523986131536-LeaderElection25 ELECTION round 0: submit vote requests at term 12 for 145: [omNode-3|rpc:localhost:40799|admin:|client:|dataStream:|priority:0, omNode-1|rpc:localhost:37959|admin:|client:|dataStream:|priority:0, omNode-2|rpc:localhost:36649|admin:|client:|dataStream:|priority:0], old=null
2022-05-11 01:29:58,557 [omNode-3@group-523986131536-LeaderElection25] INFO  impl.LeaderElection (LogUtils.java:infoOrTrace(137)) - omNode-3@group-523986131536-LeaderElection25 got exception when requesting votes: java.util.concurrent.ExecutionException: org.apache.ratis.thirdparty.io.grpc.StatusRuntimeException: UNAVAILABLE: io exception
2022-05-11 01:29:58,557 [omNode-3@group-523986131536-LeaderElection25] INFO  impl.LeaderElection (LogUtils.java:infoOrTrace(137)) - omNode-3@group-523986131536-LeaderElection25 got exception when requesting votes: java.util.concurrent.ExecutionException: org.apache.ratis.thirdparty.io.grpc.StatusRuntimeException: UNAVAILABLE: io exception
2022-05-11 01:29:58,557 [omNode-3@group-523986131536-LeaderElection25] INFO  impl.LeaderElection (LeaderElection.java:logAndReturn(89)) - omNode-3@group-523986131536-LeaderElection25: ELECTION REJECTED received 0 response(s) and 2 exception(s):
2022-05-11 01:29:58,558 [omNode-3@group-523986131536-LeaderElection25] INFO  impl.LeaderElection (LogUtils.java:infoOrTrace(137)) -   Exception 0: java.util.concurrent.ExecutionException: org.apache.ratis.thirdparty.io.grpc.StatusRuntimeException: UNAVAILABLE: io exception
2022-05-11 01:29:58,558 [omNode-3@group-523986131536-LeaderElection25] INFO  impl.LeaderElection (LogUtils.java:infoOrTrace(137)) -   Exception 1: java.util.concurrent.ExecutionException: org.apache.ratis.thirdparty.io.grpc.StatusRuntimeException: UNAVAILABLE: io exception
2022-05-11 01:29:58,558 [omNode-3@group-523986131536-LeaderElection25] INFO  impl.LeaderElection (LeaderElection.java:askForVotes(308)) - omNode-3@group-523986131536-LeaderElection25 ELECTION round 0: result REJECTED
2022-05-11 01:29:58,558 [omNode-3@group-523986131536-LeaderElection25] INFO  server.RaftServer$Division (RaftServerImpl.java:setRole(290)) - omNode-3@group-523986131536: changes role from CANDIDATE to FOLLOWER at term 12 for REJECTED
2022-05-11 01:29:58,558 [omNode-3@group-523986131536-LeaderElection25] INFO  impl.RoleInfo (RoleInfo.java:shutdownLeaderElection(121)) - omNode-3: shutdown omNode-3@group-523986131536-LeaderElection25
2022-05-11 01:29:58,558 [omNode-3@group-523986131536-LeaderElection25] INFO  impl.RoleInfo (RoleInfo.java:updateAndGet(130)) - omNode-3: start omNode-3@group-523986131536-FollowerState
2022-05-11 01:29:59,666 [omNode-3@group-523986131536-FollowerState] INFO  impl.FollowerState (FollowerState.java:run(134)) - omNode-3@group-523986131536-FollowerState: change to CANDIDATE, lastRpcElapsedTime:1108554544ns, electionTimeout:1108ms
2022-05-11 01:29:59,667 [omNode-3@group-523986131536-FollowerState] INFO  impl.RoleInfo (RoleInfo.java:shutdownFollowerState(108)) - omNode-3: shutdown omNode-3@group-523986131536-FollowerState
2022-05-11 01:29:59,667 [omNode-3@group-523986131536-FollowerState] INFO  server.RaftServer$Division (RaftServerImpl.java:setRole(290)) - omNode-3@group-523986131536: changes role from  FOLLOWER to CANDIDATE at term 12 for changeToCandidate
2022-05-11 01:29:59,667 [omNode-3@group-523986131536-FollowerState] INFO  server.RaftServerConfigKeys (ConfUtils.java:logGet(44)) - raft.server.leaderelection.pre-vote = false (custom)
2022-05-11 01:29:59,667 [omNode-3@group-523986131536-FollowerState] INFO  impl.RoleInfo (RoleInfo.java:updateAndGet(130)) - omNode-3: start omNode-3@group-523986131536-LeaderElection26
2022-05-11 01:29:59,669 [omNode-3@group-523986131536-LeaderElection26] INFO  impl.LeaderElection (LeaderElection.java:askForVotes(306)) - omNode-3@group-523986131536-LeaderElection26 ELECTION round 0: submit vote requests at term 13 for 145: [omNode-3|rpc:localhost:40799|admin:|client:|dataStream:|priority:0, omNode-1|rpc:localhost:37959|admin:|client:|dataStream:|priority:0, omNode-2|rpc:localhost:36649|admin:|client:|dataStream:|priority:0], old=null
2022-05-11 01:29:59,670 [omNode-3@group-523986131536-LeaderElection26] INFO  impl.LeaderElection (LogUtils.java:infoOrTrace(137)) - omNode-3@group-523986131536-LeaderElection26 got exception when requesting votes: java.util.concurrent.ExecutionException: org.apache.ratis.thirdparty.io.grpc.StatusRuntimeException: UNAVAILABLE: io exception
2022-05-11 01:29:59,670 [omNode-3@group-523986131536-LeaderElection26] INFO  impl.LeaderElection (LogUtils.java:infoOrTrace(137)) - omNode-3@group-523986131536-LeaderElection26 got exception when requesting votes: java.util.concurrent.ExecutionException: org.apache.ratis.thirdparty.io.grpc.StatusRuntimeException: UNAVAILABLE: io exception
2022-05-11 01:29:59,671 [omNode-3@group-523986131536-LeaderElection26] INFO  impl.LeaderElection (LeaderElection.java:logAndReturn(89)) - omNode-3@group-523986131536-LeaderElection26: ELECTION REJECTED received 0 response(s) and 2 exception(s):
2022-05-11 01:29:59,671 [omNode-3@group-523986131536-LeaderElection26] INFO  impl.LeaderElection (LogUtils.java:infoOrTrace(137)) -   Exception 0: java.util.concurrent.ExecutionException: org.apache.ratis.thirdparty.io.grpc.StatusRuntimeException: UNAVAILABLE: io exception
2022-05-11 01:29:59,671 [omNode-3@group-523986131536-LeaderElection26] INFO  impl.LeaderElection (LogUtils.java:infoOrTrace(137)) -   Exception 1: java.util.concurrent.ExecutionException: org.apache.ratis.thirdparty.io.grpc.StatusRuntimeException: UNAVAILABLE: io exception
2022-05-11 01:29:59,671 [omNode-3@group-523986131536-LeaderElection26] INFO  impl.LeaderElection (LeaderElection.java:askForVotes(308)) - omNode-3@group-523986131536-LeaderElection26 ELECTION round 0: result REJECTED
2022-05-11 01:29:59,671 [omNode-3@group-523986131536-LeaderElection26] INFO  server.RaftServer$Division (RaftServerImpl.java:setRole(290)) - omNode-3@group-523986131536: changes role from CANDIDATE to FOLLOWER at term 13 for REJECTED
2022-05-11 01:29:59,671 [omNode-3@group-523986131536-LeaderElection26] INFO  impl.RoleInfo (RoleInfo.java:shutdownLeaderElection(121)) - omNode-3: shutdown omNode-3@group-523986131536-LeaderElection26
2022-05-11 01:29:59,671 [omNode-3@group-523986131536-LeaderElection26] INFO  impl.RoleInfo (RoleInfo.java:updateAndGet(130)) - omNode-3: start omNode-3@group-523986131536-FollowerState
2022-05-11 01:30:00,745 [omNode-3@group-523986131536-FollowerState] INFO  impl.FollowerState (FollowerState.java:run(134)) - omNode-3@group-523986131536-FollowerState: change to CANDIDATE, lastRpcElapsedTime:1073691360ns, electionTimeout:1073ms
2022-05-11 01:30:00,745 [omNode-3@group-523986131536-FollowerState] INFO  impl.RoleInfo (RoleInfo.java:shutdownFollowerState(108)) - omNode-3: shutdown omNode-3@group-523986131536-FollowerState
2022-05-11 01:30:00,745 [omNode-3@group-523986131536-FollowerState] INFO  server.RaftServer$Division (RaftServerImpl.java:setRole(290)) - omNode-3@group-523986131536: changes role from  FOLLOWER to CANDIDATE at term 13 for changeToCandidate
2022-05-11 01:30:00,745 [omNode-3@group-523986131536-FollowerState] INFO  server.RaftServerConfigKeys (ConfUtils.java:logGet(44)) - raft.server.leaderelection.pre-vote = false (custom)
2022-05-11 01:30:00,745 [omNode-3@group-523986131536-FollowerState] INFO  impl.RoleInfo (RoleInfo.java:updateAndGet(130)) - omNode-3: start omNode-3@group-523986131536-LeaderElection27
2022-05-11 01:30:00,748 [omNode-3@group-523986131536-LeaderElection27] INFO  impl.LeaderElection (LeaderElection.java:askForVotes(306)) - omNode-3@group-523986131536-LeaderElection27 ELECTION round 0: submit vote requests at term 14 for 145: [omNode-3|rpc:localhost:40799|admin:|client:|dataStream:|priority:0, omNode-1|rpc:localhost:37959|admin:|client:|dataStream:|priority:0, omNode-2|rpc:localhost:36649|admin:|client:|dataStream:|priority:0], old=null
2022-05-11 01:30:00,749 [omNode-3@group-523986131536-LeaderElection27] INFO  impl.LeaderElection (LogUtils.java:infoOrTrace(137)) - omNode-3@group-523986131536-LeaderElection27 got exception when requesting votes: java.util.concurrent.ExecutionException: org.apache.ratis.thirdparty.io.grpc.StatusRuntimeException: UNAVAILABLE: io exception
2022-05-11 01:30:00,749 [omNode-3@group-523986131536-LeaderElection27] INFO  impl.LeaderElection (LogUtils.java:infoOrTrace(137)) - omNode-3@group-523986131536-LeaderElection27 got exception when requesting votes: java.util.concurrent.ExecutionException: org.apache.ratis.thirdparty.io.grpc.StatusRuntimeException: UNAVAILABLE: io exception
2022-05-11 01:30:00,749 [omNode-3@group-523986131536-LeaderElection27] INFO  impl.LeaderElection (LeaderElection.java:logAndReturn(89)) - omNode-3@group-523986131536-LeaderElection27: ELECTION REJECTED received 0 response(s) and 2 exception(s):
2022-05-11 01:30:00,749 [omNode-3@group-523986131536-LeaderElection27] INFO  impl.LeaderElection (LogUtils.java:infoOrTrace(137)) -   Exception 0: java.util.concurrent.ExecutionException: org.apache.ratis.thirdparty.io.grpc.StatusRuntimeException: UNAVAILABLE: io exception
2022-05-11 01:30:00,749 [omNode-3@group-523986131536-LeaderElection27] INFO  impl.LeaderElection (LogUtils.java:infoOrTrace(137)) -   Exception 1: java.util.concurrent.ExecutionException: org.apache.ratis.thirdparty.io.grpc.StatusRuntimeException: UNAVAILABLE: io exception
2022-05-11 01:30:00,749 [omNode-3@group-523986131536-LeaderElection27] INFO  impl.LeaderElection (LeaderElection.java:askForVotes(308)) - omNode-3@group-523986131536-LeaderElection27 ELECTION round 0: result REJECTED
2022-05-11 01:30:00,749 [omNode-3@group-523986131536-LeaderElection27] INFO  server.RaftServer$Division (RaftServerImpl.java:setRole(290)) - omNode-3@group-523986131536: changes role from CANDIDATE to FOLLOWER at term 14 for REJECTED
2022-05-11 01:30:00,749 [omNode-3@group-523986131536-LeaderElection27] INFO  impl.RoleInfo (RoleInfo.java:shutdownLeaderElection(121)) - omNode-3: shutdown omNode-3@group-523986131536-LeaderElection27
2022-05-11 01:30:00,749 [omNode-3@group-523986131536-LeaderElection27] INFO  impl.RoleInfo (RoleInfo.java:updateAndGet(130)) - omNode-3: start omNode-3@group-523986131536-FollowerState
2022-05-11 01:30:00,895 [Listener at localhost/38653] INFO  rpc.RpcClient (RpcClient.java:createVolume(448)) - Creating Volume: volume70974, with user26497 as owner and space quota set to -1 bytes, counts quota set to -1
2022-05-11 01:30:00,897 [Listener at localhost/38653] INFO  retry.RetryInvocationHandler (RetryInvocationHandler.java:log(411)) - com.google.protobuf.ServiceException: java.net.ConnectException: Call From fv-az291-847/10.1.0.42 to localhost:43241 failed on connection exception: java.net.ConnectException: Connection refused; For more details see:  http://wiki.apache.org/hadoop/ConnectionRefused, while invoking $Proxy54.submitRequest over nodeId=omNode-3,nodeAddress=127.0.0.1:43241. Trying to failover after sleeping for 2000ms.
2022-05-11 01:30:01,770 [omNode-3@group-523986131536-FollowerState] INFO  impl.FollowerState (FollowerState.java:run(134)) - omNode-3@group-523986131536-FollowerState: change to CANDIDATE, lastRpcElapsedTime:1020614537ns, electionTimeout:1020ms
2022-05-11 01:30:01,770 [omNode-3@group-523986131536-FollowerState] INFO  impl.RoleInfo (RoleInfo.java:shutdownFollowerState(108)) - omNode-3: shutdown omNode-3@group-523986131536-FollowerState
2022-05-11 01:30:01,770 [omNode-3@group-523986131536-FollowerState] INFO  server.RaftServer$Division (RaftServerImpl.java:setRole(290)) - omNode-3@group-523986131536: changes role from  FOLLOWER to CANDIDATE at term 14 for changeToCandidate
2022-05-11 01:30:01,771 [omNode-3@group-523986131536-FollowerState] INFO  server.RaftServerConfigKeys (ConfUtils.java:logGet(44)) - raft.server.leaderelection.pre-vote = false (custom)
2022-05-11 01:30:01,771 [omNode-3@group-523986131536-FollowerState] INFO  impl.RoleInfo (RoleInfo.java:updateAndGet(130)) - omNode-3: start omNode-3@group-523986131536-LeaderElection28
2022-05-11 01:30:01,773 [omNode-3@group-523986131536-LeaderElection28] INFO  impl.LeaderElection (LeaderElection.java:askForVotes(306)) - omNode-3@group-523986131536-LeaderElection28 ELECTION round 0: submit vote requests at term 15 for 145: [omNode-3|rpc:localhost:40799|admin:|client:|dataStream:|priority:0, omNode-1|rpc:localhost:37959|admin:|client:|dataStream:|priority:0, omNode-2|rpc:localhost:36649|admin:|client:|dataStream:|priority:0], old=null
2022-05-11 01:30:01,774 [omNode-3@group-523986131536-LeaderElection28] INFO  impl.LeaderElection (LogUtils.java:infoOrTrace(137)) - omNode-3@group-523986131536-LeaderElection28 got exception when requesting votes: java.util.concurrent.ExecutionException: org.apache.ratis.thirdparty.io.grpc.StatusRuntimeException: UNAVAILABLE: io exception
2022-05-11 01:30:01,776 [omNode-3@group-523986131536-LeaderElection28] INFO  impl.LeaderElection (LogUtils.java:infoOrTrace(137)) - omNode-3@group-523986131536-LeaderElection28 got exception when requesting votes: java.util.concurrent.ExecutionException: org.apache.ratis.thirdparty.io.grpc.StatusRuntimeException: UNAVAILABLE: io exception
2022-05-11 01:30:01,776 [omNode-3@group-523986131536-LeaderElection28] INFO  impl.LeaderElection (LeaderElection.java:logAndReturn(89)) - omNode-3@group-523986131536-LeaderElection28: ELECTION REJECTED received 0 response(s) and 2 exception(s):
2022-05-11 01:30:01,776 [omNode-3@group-523986131536-LeaderElection28] INFO  impl.LeaderElection (LogUtils.java:infoOrTrace(137)) -   Exception 0: java.util.concurrent.ExecutionException: org.apache.ratis.thirdparty.io.grpc.StatusRuntimeException: UNAVAILABLE: io exception
2022-05-11 01:30:01,776 [omNode-3@group-523986131536-LeaderElection28] INFO  impl.LeaderElection (LogUtils.java:infoOrTrace(137)) -   Exception 1: java.util.concurrent.ExecutionException: org.apache.ratis.thirdparty.io.grpc.StatusRuntimeException: UNAVAILABLE: io exception
2022-05-11 01:30:01,776 [omNode-3@group-523986131536-LeaderElection28] INFO  impl.LeaderElection (LeaderElection.java:askForVotes(308)) - omNode-3@group-523986131536-LeaderElection28 ELECTION round 0: result REJECTED
2022-05-11 01:30:01,776 [omNode-3@group-523986131536-LeaderElection28] INFO  server.RaftServer$Division (RaftServerImpl.java:setRole(290)) - omNode-3@group-523986131536: changes role from CANDIDATE to FOLLOWER at term 15 for REJECTED
2022-05-11 01:30:01,776 [omNode-3@group-523986131536-LeaderElection28] INFO  impl.RoleInfo (RoleInfo.java:shutdownLeaderElection(121)) - omNode-3: shutdown omNode-3@group-523986131536-LeaderElection28
2022-05-11 01:30:01,776 [omNode-3@group-523986131536-LeaderElection28] INFO  impl.RoleInfo (RoleInfo.java:updateAndGet(130)) - omNode-3: start omNode-3@group-523986131536-FollowerState
2022-05-11 01:30:02,779 [omNode-3@group-523986131536-FollowerState] INFO  impl.FollowerState (FollowerState.java:run(134)) - omNode-3@group-523986131536-FollowerState: change to CANDIDATE, lastRpcElapsedTime:1002450879ns, electionTimeout:1002ms
2022-05-11 01:30:02,779 [omNode-3@group-523986131536-FollowerState] INFO  impl.RoleInfo (RoleInfo.java:shutdownFollowerState(108)) - omNode-3: shutdown omNode-3@group-523986131536-FollowerState
2022-05-11 01:30:02,779 [omNode-3@group-523986131536-FollowerState] INFO  server.RaftServer$Division (RaftServerImpl.java:setRole(290)) - omNode-3@group-523986131536: changes role from  FOLLOWER to CANDIDATE at term 15 for changeToCandidate
2022-05-11 01:30:02,779 [omNode-3@group-523986131536-FollowerState] INFO  server.RaftServerConfigKeys (ConfUtils.java:logGet(44)) - raft.server.leaderelection.pre-vote = false (custom)
2022-05-11 01:30:02,779 [omNode-3@group-523986131536-FollowerState] INFO  impl.RoleInfo (RoleInfo.java:updateAndGet(130)) - omNode-3: start omNode-3@group-523986131536-LeaderElection29
2022-05-11 01:30:02,783 [omNode-3@group-523986131536-LeaderElection29] INFO  impl.LeaderElection (LeaderElection.java:askForVotes(306)) - omNode-3@group-523986131536-LeaderElection29 ELECTION round 0: submit vote requests at term 16 for 145: [omNode-3|rpc:localhost:40799|admin:|client:|dataStream:|priority:0, omNode-1|rpc:localhost:37959|admin:|client:|dataStream:|priority:0, omNode-2|rpc:localhost:36649|admin:|client:|dataStream:|priority:0], old=null
2022-05-11 01:30:02,784 [omNode-3@group-523986131536-LeaderElection29] INFO  impl.LeaderElection (LogUtils.java:infoOrTrace(137)) - omNode-3@group-523986131536-LeaderElection29 got exception when requesting votes: java.util.concurrent.ExecutionException: org.apache.ratis.thirdparty.io.grpc.StatusRuntimeException: UNAVAILABLE: io exception
2022-05-11 01:30:02,784 [omNode-3@group-523986131536-LeaderElection29] INFO  impl.LeaderElection (LogUtils.java:infoOrTrace(137)) - omNode-3@group-523986131536-LeaderElection29 got exception when requesting votes: java.util.concurrent.ExecutionException: org.apache.ratis.thirdparty.io.grpc.StatusRuntimeException: UNAVAILABLE: io exception
2022-05-11 01:30:02,784 [omNode-3@group-523986131536-LeaderElection29] INFO  impl.LeaderElection (LeaderElection.java:logAndReturn(89)) - omNode-3@group-523986131536-LeaderElection29: ELECTION REJECTED received 0 response(s) and 2 exception(s):
2022-05-11 01:30:02,784 [omNode-3@group-523986131536-LeaderElection29] INFO  impl.LeaderElection (LogUtils.java:infoOrTrace(137)) -   Exception 0: java.util.concurrent.ExecutionException: org.apache.ratis.thirdparty.io.grpc.StatusRuntimeException: UNAVAILABLE: io exception
2022-05-11 01:30:02,784 [omNode-3@group-523986131536-LeaderElection29] INFO  impl.LeaderElection (LogUtils.java:infoOrTrace(137)) -   Exception 1: java.util.concurrent.ExecutionException: org.apache.ratis.thirdparty.io.grpc.StatusRuntimeException: UNAVAILABLE: io exception
2022-05-11 01:30:02,784 [omNode-3@group-523986131536-LeaderElection29] INFO  impl.LeaderElection (LeaderElection.java:askForVotes(308)) - omNode-3@group-523986131536-LeaderElection29 ELECTION round 0: result REJECTED
2022-05-11 01:30:02,784 [omNode-3@group-523986131536-LeaderElection29] INFO  server.RaftServer$Division (RaftServerImpl.java:setRole(290)) - omNode-3@group-523986131536: changes role from CANDIDATE to FOLLOWER at term 16 for REJECTED
2022-05-11 01:30:02,784 [omNode-3@group-523986131536-LeaderElection29] INFO  impl.RoleInfo (RoleInfo.java:shutdownLeaderElection(121)) - omNode-3: shutdown omNode-3@group-523986131536-LeaderElection29
2022-05-11 01:30:02,784 [omNode-3@group-523986131536-LeaderElection29] INFO  impl.RoleInfo (RoleInfo.java:updateAndGet(130)) - omNode-3: start omNode-3@group-523986131536-FollowerState
2022-05-11 01:30:02,901 [Listener at localhost/38653] INFO  retry.RetryInvocationHandler (RetryInvocationHandler.java:log(411)) - com.google.protobuf.ServiceException: java.net.ConnectException: Call From fv-az291-847/10.1.0.42 to localhost:40623 failed on connection exception: java.net.ConnectException: Connection refused; For more details see:  http://wiki.apache.org/hadoop/ConnectionRefused, while invoking $Proxy54.submitRequest over nodeId=omNode-1,nodeAddress=127.0.0.1:40623 after 1 failover attempts. Trying to failover immediately.
2022-05-11 01:30:02,902 [Listener at localhost/38653] INFO  retry.RetryInvocationHandler (RetryInvocationHandler.java:log(411)) - com.google.protobuf.ServiceException: java.net.ConnectException: Call From fv-az291-847/10.1.0.42 to localhost:38653 failed on connection exception: java.net.ConnectException: Connection refused; For more details see:  http://wiki.apache.org/hadoop/ConnectionRefused, while invoking $Proxy54.submitRequest over nodeId=omNode-2,nodeAddress=127.0.0.1:38653 after 2 failover attempts. Trying to failover immediately.
2022-05-11 01:30:02,902 [Listener at localhost/38653] INFO  retry.RetryInvocationHandler (RetryInvocationHandler.java:log(411)) - com.google.protobuf.ServiceException: java.net.ConnectException: Call From fv-az291-847/10.1.0.42 to localhost:43241 failed on connection exception: java.net.ConnectException: Connection refused; For more details see:  http://wiki.apache.org/hadoop/ConnectionRefused, while invoking $Proxy54.submitRequest over nodeId=omNode-3,nodeAddress=127.0.0.1:43241 after 3 failover attempts. Trying to failover after sleeping for 2000ms.
2022-05-11 01:30:03,925 [omNode-3@group-523986131536-FollowerState] INFO  impl.FollowerState (FollowerState.java:run(134)) - omNode-3@group-523986131536-FollowerState: change to CANDIDATE, lastRpcElapsedTime:1140430888ns, electionTimeout:1140ms
2022-05-11 01:30:03,925 [omNode-3@group-523986131536-FollowerState] INFO  impl.RoleInfo (RoleInfo.java:shutdownFollowerState(108)) - omNode-3: shutdown omNode-3@group-523986131536-FollowerState
2022-05-11 01:30:03,925 [omNode-3@group-523986131536-FollowerState] INFO  server.RaftServer$Division (RaftServerImpl.java:setRole(290)) - omNode-3@group-523986131536: changes role from  FOLLOWER to CANDIDATE at term 16 for changeToCandidate
2022-05-11 01:30:03,925 [omNode-3@group-523986131536-FollowerState] INFO  server.RaftServerConfigKeys (ConfUtils.java:logGet(44)) - raft.server.leaderelection.pre-vote = false (custom)
2022-05-11 01:30:03,926 [omNode-3@group-523986131536-FollowerState] INFO  impl.RoleInfo (RoleInfo.java:updateAndGet(130)) - omNode-3: start omNode-3@group-523986131536-LeaderElection30
2022-05-11 01:30:03,928 [omNode-3@group-523986131536-LeaderElection30] INFO  impl.LeaderElection (LeaderElection.java:askForVotes(306)) - omNode-3@group-523986131536-LeaderElection30 ELECTION round 0: submit vote requests at term 17 for 145: [omNode-3|rpc:localhost:40799|admin:|client:|dataStream:|priority:0, omNode-1|rpc:localhost:37959|admin:|client:|dataStream:|priority:0, omNode-2|rpc:localhost:36649|admin:|client:|dataStream:|priority:0], old=null
2022-05-11 01:30:03,929 [omNode-3@group-523986131536-LeaderElection30] INFO  impl.LeaderElection (LogUtils.java:infoOrTrace(137)) - omNode-3@group-523986131536-LeaderElection30 got exception when requesting votes: java.util.concurrent.ExecutionException: org.apache.ratis.thirdparty.io.grpc.StatusRuntimeException: UNAVAILABLE: io exception
2022-05-11 01:30:03,932 [omNode-3@group-523986131536-LeaderElection30] INFO  impl.LeaderElection (LogUtils.java:infoOrTrace(137)) - omNode-3@group-523986131536-LeaderElection30 got exception when requesting votes: java.util.concurrent.ExecutionException: org.apache.ratis.thirdparty.io.grpc.StatusRuntimeException: UNAVAILABLE: io exception
2022-05-11 01:30:03,932 [omNode-3@group-523986131536-LeaderElection30] INFO  impl.LeaderElection (LeaderElection.java:logAndReturn(89)) - omNode-3@group-523986131536-LeaderElection30: ELECTION REJECTED received 0 response(s) and 2 exception(s):
2022-05-11 01:30:03,932 [omNode-3@group-523986131536-LeaderElection30] INFO  impl.LeaderElection (LogUtils.java:infoOrTrace(137)) -   Exception 0: java.util.concurrent.ExecutionException: org.apache.ratis.thirdparty.io.grpc.StatusRuntimeException: UNAVAILABLE: io exception
2022-05-11 01:30:03,932 [omNode-3@group-523986131536-LeaderElection30] INFO  impl.LeaderElection (LogUtils.java:infoOrTrace(137)) -   Exception 1: java.util.concurrent.ExecutionException: org.apache.ratis.thirdparty.io.grpc.StatusRuntimeException: UNAVAILABLE: io exception
2022-05-11 01:30:03,933 [omNode-3@group-523986131536-LeaderElection30] INFO  impl.LeaderElection (LeaderElection.java:askForVotes(308)) - omNode-3@group-523986131536-LeaderElection30 ELECTION round 0: result REJECTED
2022-05-11 01:30:03,933 [omNode-3@group-523986131536-LeaderElection30] INFO  server.RaftServer$Division (RaftServerImpl.java:setRole(290)) - omNode-3@group-523986131536: changes role from CANDIDATE to FOLLOWER at term 17 for REJECTED
2022-05-11 01:30:03,933 [omNode-3@group-523986131536-LeaderElection30] INFO  impl.RoleInfo (RoleInfo.java:shutdownLeaderElection(121)) - omNode-3: shutdown omNode-3@group-523986131536-LeaderElection30
2022-05-11 01:30:03,933 [omNode-3@group-523986131536-LeaderElection30] INFO  impl.RoleInfo (RoleInfo.java:updateAndGet(130)) - omNode-3: start omNode-3@group-523986131536-FollowerState
2022-05-11 01:30:04,904 [Listener at localhost/38653] INFO  retry.RetryInvocationHandler (RetryInvocationHandler.java:log(411)) - com.google.protobuf.ServiceException: java.net.ConnectException: Call From fv-az291-847/10.1.0.42 to localhost:40623 failed on connection exception: java.net.ConnectException: Connection refused; For more details see:  http://wiki.apache.org/hadoop/ConnectionRefused, while invoking $Proxy54.submitRequest over nodeId=omNode-1,nodeAddress=127.0.0.1:40623 after 4 failover attempts. Trying to failover immediately.
2022-05-11 01:30:04,905 [Listener at localhost/38653] ERROR ha.OMFailoverProxyProvider (OMFailoverProxyProvider.java:getRetryAction(294)) - Failed to connect to OMs: [nodeId=omNode-3,nodeAddress=127.0.0.1:43241, nodeId=omNode-1,nodeAddress=127.0.0.1:40623, nodeId=omNode-2,nodeAddress=127.0.0.1:38653]. Attempted 5 failovers.
2022-05-11 01:30:04,923 [Listener at localhost/38653] INFO  rpc.RpcClient (RpcClient.java:createVolume(448)) - Creating Volume: volume75966, with user23588 as owner and space quota set to -1 bytes, counts quota set to -1
2022-05-11 01:30:04,924 [Listener at localhost/38653] INFO  retry.RetryInvocationHandler (RetryInvocationHandler.java:log(411)) - com.google.protobuf.ServiceException: java.net.ConnectException: Call From fv-az291-847/10.1.0.42 to localhost:38653 failed on connection exception: java.net.ConnectException: Connection refused; For more details see:  http://wiki.apache.org/hadoop/ConnectionRefused, while invoking $Proxy54.submitRequest over nodeId=omNode-2,nodeAddress=127.0.0.1:38653. Trying to failover immediately.
2022-05-11 01:30:04,925 [Listener at localhost/38653] INFO  retry.RetryInvocationHandler (RetryInvocationHandler.java:log(411)) - com.google.protobuf.ServiceException: java.net.ConnectException: Call From fv-az291-847/10.1.0.42 to localhost:43241 failed on connection exception: java.net.ConnectException: Connection refused; For more details see:  http://wiki.apache.org/hadoop/ConnectionRefused, while invoking $Proxy54.submitRequest over nodeId=omNode-3,nodeAddress=127.0.0.1:43241 after 1 failover attempts. Trying to failover after sleeping for 2000ms.
2022-05-11 01:30:05,143 [omNode-3@group-523986131536-FollowerState] INFO  impl.FollowerState (FollowerState.java:run(134)) - omNode-3@group-523986131536-FollowerState: change to CANDIDATE, lastRpcElapsedTime:1209867682ns, electionTimeout:1197ms
2022-05-11 01:30:05,143 [omNode-3@group-523986131536-FollowerState] INFO  impl.RoleInfo (RoleInfo.java:shutdownFollowerState(108)) - omNode-3: shutdown omNode-3@group-523986131536-FollowerState
2022-05-11 01:30:05,143 [omNode-3@group-523986131536-FollowerState] INFO  server.RaftServer$Division (RaftServerImpl.java:setRole(290)) - omNode-3@group-523986131536: changes role from  FOLLOWER to CANDIDATE at term 17 for changeToCandidate
2022-05-11 01:30:05,143 [omNode-3@group-523986131536-FollowerState] INFO  server.RaftServerConfigKeys (ConfUtils.java:logGet(44)) - raft.server.leaderelection.pre-vote = false (custom)
2022-05-11 01:30:05,143 [omNode-3@group-523986131536-FollowerState] INFO  impl.RoleInfo (RoleInfo.java:updateAndGet(130)) - omNode-3: start omNode-3@group-523986131536-LeaderElection31
2022-05-11 01:30:05,147 [omNode-3@group-523986131536-LeaderElection31] INFO  impl.LeaderElection (LeaderElection.java:askForVotes(306)) - omNode-3@group-523986131536-LeaderElection31 ELECTION round 0: submit vote requests at term 18 for 145: [omNode-3|rpc:localhost:40799|admin:|client:|dataStream:|priority:0, omNode-1|rpc:localhost:37959|admin:|client:|dataStream:|priority:0, omNode-2|rpc:localhost:36649|admin:|client:|dataStream:|priority:0], old=null
2022-05-11 01:30:05,148 [omNode-3@group-523986131536-LeaderElection31] INFO  impl.LeaderElection (LogUtils.java:infoOrTrace(137)) - omNode-3@group-523986131536-LeaderElection31 got exception when requesting votes: java.util.concurrent.ExecutionException: org.apache.ratis.thirdparty.io.grpc.StatusRuntimeException: UNAVAILABLE: io exception
2022-05-11 01:30:05,150 [omNode-3@group-523986131536-LeaderElection31] INFO  impl.LeaderElection (LogUtils.java:infoOrTrace(137)) - omNode-3@group-523986131536-LeaderElection31 got exception when requesting votes: java.util.concurrent.ExecutionException: org.apache.ratis.thirdparty.io.grpc.StatusRuntimeException: UNAVAILABLE: io exception
2022-05-11 01:30:05,150 [omNode-3@group-523986131536-LeaderElection31] INFO  impl.LeaderElection (LeaderElection.java:logAndReturn(89)) - omNode-3@group-523986131536-LeaderElection31: ELECTION REJECTED received 0 response(s) and 2 exception(s):
2022-05-11 01:30:05,150 [omNode-3@group-523986131536-LeaderElection31] INFO  impl.LeaderElection (LogUtils.java:infoOrTrace(137)) -   Exception 0: java.util.concurrent.ExecutionException: org.apache.ratis.thirdparty.io.grpc.StatusRuntimeException: UNAVAILABLE: io exception
2022-05-11 01:30:05,150 [omNode-3@group-523986131536-LeaderElection31] INFO  impl.LeaderElection (LogUtils.java:infoOrTrace(137)) -   Exception 1: java.util.concurrent.ExecutionException: org.apache.ratis.thirdparty.io.grpc.StatusRuntimeException: UNAVAILABLE: io exception
2022-05-11 01:30:05,150 [omNode-3@group-523986131536-LeaderElection31] INFO  impl.LeaderElection (LeaderElection.java:askForVotes(308)) - omNode-3@group-523986131536-LeaderElection31 ELECTION round 0: result REJECTED
2022-05-11 01:30:05,150 [omNode-3@group-523986131536-LeaderElection31] INFO  server.RaftServer$Division (RaftServerImpl.java:setRole(290)) - omNode-3@group-523986131536: changes role from CANDIDATE to FOLLOWER at term 18 for REJECTED
2022-05-11 01:30:05,150 [omNode-3@group-523986131536-LeaderElection31] INFO  impl.RoleInfo (RoleInfo.java:shutdownLeaderElection(121)) - omNode-3: shutdown omNode-3@group-523986131536-LeaderElection31
2022-05-11 01:30:05,150 [omNode-3@group-523986131536-LeaderElection31] INFO  impl.RoleInfo (RoleInfo.java:updateAndGet(130)) - omNode-3: start omNode-3@group-523986131536-FollowerState
2022-05-11 01:30:06,325 [omNode-3@group-523986131536-FollowerState] INFO  impl.FollowerState (FollowerState.java:run(134)) - omNode-3@group-523986131536-FollowerState: change to CANDIDATE, lastRpcElapsedTime:1174460390ns, electionTimeout:1174ms
2022-05-11 01:30:06,325 [omNode-3@group-523986131536-FollowerState] INFO  impl.RoleInfo (RoleInfo.java:shutdownFollowerState(108)) - omNode-3: shutdown omNode-3@group-523986131536-FollowerState
2022-05-11 01:30:06,325 [omNode-3@group-523986131536-FollowerState] INFO  server.RaftServer$Division (RaftServerImpl.java:setRole(290)) - omNode-3@group-523986131536: changes role from  FOLLOWER to CANDIDATE at term 18 for changeToCandidate
2022-05-11 01:30:06,325 [omNode-3@group-523986131536-FollowerState] INFO  server.RaftServerConfigKeys (ConfUtils.java:logGet(44)) - raft.server.leaderelection.pre-vote = false (custom)
2022-05-11 01:30:06,325 [omNode-3@group-523986131536-FollowerState] INFO  impl.RoleInfo (RoleInfo.java:updateAndGet(130)) - omNode-3: start omNode-3@group-523986131536-LeaderElection32
2022-05-11 01:30:06,328 [omNode-3@group-523986131536-LeaderElection32] INFO  impl.LeaderElection (LeaderElection.java:askForVotes(306)) - omNode-3@group-523986131536-LeaderElection32 ELECTION round 0: submit vote requests at term 19 for 145: [omNode-3|rpc:localhost:40799|admin:|client:|dataStream:|priority:0, omNode-1|rpc:localhost:37959|admin:|client:|dataStream:|priority:0, omNode-2|rpc:localhost:36649|admin:|client:|dataStream:|priority:0], old=null
2022-05-11 01:30:06,329 [omNode-3@group-523986131536-LeaderElection32] INFO  impl.LeaderElection (LogUtils.java:infoOrTrace(137)) - omNode-3@group-523986131536-LeaderElection32 got exception when requesting votes: java.util.concurrent.ExecutionException: org.apache.ratis.thirdparty.io.grpc.StatusRuntimeException: UNAVAILABLE: io exception
2022-05-11 01:30:06,330 [omNode-3@group-523986131536-LeaderElection32] INFO  impl.LeaderElection (LogUtils.java:infoOrTrace(137)) - omNode-3@group-523986131536-LeaderElection32 got exception when requesting votes: java.util.concurrent.ExecutionException: org.apache.ratis.thirdparty.io.grpc.StatusRuntimeException: UNAVAILABLE: io exception
2022-05-11 01:30:06,330 [omNode-3@group-523986131536-LeaderElection32] INFO  impl.LeaderElection (LeaderElection.java:logAndReturn(89)) - omNode-3@group-523986131536-LeaderElection32: ELECTION REJECTED received 0 response(s) and 2 exception(s):
2022-05-11 01:30:06,330 [omNode-3@group-523986131536-LeaderElection32] INFO  impl.LeaderElection (LogUtils.java:infoOrTrace(137)) -   Exception 0: java.util.concurrent.ExecutionException: org.apache.ratis.thirdparty.io.grpc.StatusRuntimeException: UNAVAILABLE: io exception
2022-05-11 01:30:06,330 [omNode-3@group-523986131536-LeaderElection32] INFO  impl.LeaderElection (LogUtils.java:infoOrTrace(137)) -   Exception 1: java.util.concurrent.ExecutionException: org.apache.ratis.thirdparty.io.grpc.StatusRuntimeException: UNAVAILABLE: io exception
2022-05-11 01:30:06,330 [omNode-3@group-523986131536-LeaderElection32] INFO  impl.LeaderElection (LeaderElection.java:askForVotes(308)) - omNode-3@group-523986131536-LeaderElection32 ELECTION round 0: result REJECTED
2022-05-11 01:30:06,331 [omNode-3@group-523986131536-LeaderElection32] INFO  server.RaftServer$Division (RaftServerImpl.java:setRole(290)) - omNode-3@group-523986131536: changes role from CANDIDATE to FOLLOWER at term 19 for REJECTED
2022-05-11 01:30:06,331 [omNode-3@group-523986131536-LeaderElection32] INFO  impl.RoleInfo (RoleInfo.java:shutdownLeaderElection(121)) - omNode-3: shutdown omNode-3@group-523986131536-LeaderElection32
2022-05-11 01:30:06,331 [omNode-3@group-523986131536-LeaderElection32] INFO  impl.RoleInfo (RoleInfo.java:updateAndGet(130)) - omNode-3: start omNode-3@group-523986131536-FollowerState
2022-05-11 01:30:06,927 [Listener at localhost/38653] INFO  retry.RetryInvocationHandler (RetryInvocationHandler.java:log(411)) - com.google.protobuf.ServiceException: java.net.ConnectException: Call From fv-az291-847/10.1.0.42 to localhost:40623 failed on connection exception: java.net.ConnectException: Connection refused; For more details see:  http://wiki.apache.org/hadoop/ConnectionRefused, while invoking $Proxy54.submitRequest over nodeId=omNode-1,nodeAddress=127.0.0.1:40623 after 2 failover attempts. Trying to failover immediately.
2022-05-11 01:30:06,928 [Listener at localhost/38653] INFO  retry.RetryInvocationHandler (RetryInvocationHandler.java:log(411)) - com.google.protobuf.ServiceException: java.net.ConnectException: Call From fv-az291-847/10.1.0.42 to localhost:38653 failed on connection exception: java.net.ConnectException: Connection refused; For more details see:  http://wiki.apache.org/hadoop/ConnectionRefused, while invoking $Proxy54.submitRequest over nodeId=omNode-2,nodeAddress=127.0.0.1:38653 after 3 failover attempts. Trying to failover immediately.
2022-05-11 01:30:06,928 [Listener at localhost/38653] INFO  retry.RetryInvocationHandler (RetryInvocationHandler.java:log(411)) - com.google.protobuf.ServiceException: java.net.ConnectException: Call From fv-az291-847/10.1.0.42 to localhost:43241 failed on connection exception: java.net.ConnectException: Connection refused; For more details see:  http://wiki.apache.org/hadoop/ConnectionRefused, while invoking $Proxy54.submitRequest over nodeId=omNode-3,nodeAddress=127.0.0.1:43241 after 4 failover attempts. Trying to failover after sleeping for 2000ms.
2022-05-11 01:30:07,404 [omNode-3@group-523986131536-FollowerState] INFO  impl.FollowerState (FollowerState.java:run(134)) - omNode-3@group-523986131536-FollowerState: change to CANDIDATE, lastRpcElapsedTime:1073513840ns, electionTimeout:1073ms
2022-05-11 01:30:07,404 [omNode-3@group-523986131536-FollowerState] INFO  impl.RoleInfo (RoleInfo.java:shutdownFollowerState(108)) - omNode-3: shutdown omNode-3@group-523986131536-FollowerState
2022-05-11 01:30:07,404 [omNode-3@group-523986131536-FollowerState] INFO  server.RaftServer$Division (RaftServerImpl.java:setRole(290)) - omNode-3@group-523986131536: changes role from  FOLLOWER to CANDIDATE at term 19 for changeToCandidate
2022-05-11 01:30:07,405 [omNode-3@group-523986131536-FollowerState] INFO  server.RaftServerConfigKeys (ConfUtils.java:logGet(44)) - raft.server.leaderelection.pre-vote = false (custom)
2022-05-11 01:30:07,405 [omNode-3@group-523986131536-FollowerState] INFO  impl.RoleInfo (RoleInfo.java:updateAndGet(130)) - omNode-3: start omNode-3@group-523986131536-LeaderElection33
2022-05-11 01:30:07,407 [omNode-3@group-523986131536-LeaderElection33] INFO  impl.LeaderElection (LeaderElection.java:askForVotes(306)) - omNode-3@group-523986131536-LeaderElection33 ELECTION round 0: submit vote requests at term 20 for 145: [omNode-3|rpc:localhost:40799|admin:|client:|dataStream:|priority:0, omNode-1|rpc:localhost:37959|admin:|client:|dataStream:|priority:0, omNode-2|rpc:localhost:36649|admin:|client:|dataStream:|priority:0], old=null
2022-05-11 01:30:07,412 [omNode-3@group-523986131536-LeaderElection33] INFO  impl.LeaderElection (LogUtils.java:infoOrTrace(137)) - omNode-3@group-523986131536-LeaderElection33 got exception when requesting votes: java.util.concurrent.ExecutionException: org.apache.ratis.thirdparty.io.grpc.StatusRuntimeException: UNAVAILABLE: io exception
2022-05-11 01:30:07,412 [omNode-3@group-523986131536-LeaderElection33] INFO  impl.LeaderElection (LogUtils.java:infoOrTrace(137)) - omNode-3@group-523986131536-LeaderElection33 got exception when requesting votes: java.util.concurrent.ExecutionException: org.apache.ratis.thirdparty.io.grpc.StatusRuntimeException: UNAVAILABLE: io exception
2022-05-11 01:30:07,412 [omNode-3@group-523986131536-LeaderElection33] INFO  impl.LeaderElection (LeaderElection.java:logAndReturn(89)) - omNode-3@group-523986131536-LeaderElection33: ELECTION REJECTED received 0 response(s) and 2 exception(s):
2022-05-11 01:30:07,412 [omNode-3@group-523986131536-LeaderElection33] INFO  impl.LeaderElection (LogUtils.java:infoOrTrace(137)) -   Exception 0: java.util.concurrent.ExecutionException: org.apache.ratis.thirdparty.io.grpc.StatusRuntimeException: UNAVAILABLE: io exception
2022-05-11 01:30:07,412 [omNode-3@group-523986131536-LeaderElection33] INFO  impl.LeaderElection (LogUtils.java:infoOrTrace(137)) -   Exception 1: java.util.concurrent.ExecutionException: org.apache.ratis.thirdparty.io.grpc.StatusRuntimeException: UNAVAILABLE: io exception
2022-05-11 01:30:07,412 [omNode-3@group-523986131536-LeaderElection33] INFO  impl.LeaderElection (LeaderElection.java:askForVotes(308)) - omNode-3@group-523986131536-LeaderElection33 ELECTION round 0: result REJECTED
2022-05-11 01:30:07,412 [omNode-3@group-523986131536-LeaderElection33] INFO  server.RaftServer$Division (RaftServerImpl.java:setRole(290)) - omNode-3@group-523986131536: changes role from CANDIDATE to FOLLOWER at term 20 for REJECTED
2022-05-11 01:30:07,412 [omNode-3@group-523986131536-LeaderElection33] INFO  impl.RoleInfo (RoleInfo.java:shutdownLeaderElection(121)) - omNode-3: shutdown omNode-3@group-523986131536-LeaderElection33
2022-05-11 01:30:07,412 [omNode-3@group-523986131536-LeaderElection33] INFO  impl.RoleInfo (RoleInfo.java:updateAndGet(130)) - omNode-3: start omNode-3@group-523986131536-FollowerState
2022-05-11 01:30:08,551 [omNode-3@group-523986131536-FollowerState] INFO  impl.FollowerState (FollowerState.java:run(134)) - omNode-3@group-523986131536-FollowerState: change to CANDIDATE, lastRpcElapsedTime:1138753879ns, electionTimeout:1138ms
2022-05-11 01:30:08,551 [omNode-3@group-523986131536-FollowerState] INFO  impl.RoleInfo (RoleInfo.java:shutdownFollowerState(108)) - omNode-3: shutdown omNode-3@group-523986131536-FollowerState
2022-05-11 01:30:08,551 [omNode-3@group-523986131536-FollowerState] INFO  server.RaftServer$Division (RaftServerImpl.java:setRole(290)) - omNode-3@group-523986131536: changes role from  FOLLOWER to CANDIDATE at term 20 for changeToCandidate
2022-05-11 01:30:08,552 [omNode-3@group-523986131536-FollowerState] INFO  server.RaftServerConfigKeys (ConfUtils.java:logGet(44)) - raft.server.leaderelection.pre-vote = false (custom)
2022-05-11 01:30:08,552 [omNode-3@group-523986131536-FollowerState] INFO  impl.RoleInfo (RoleInfo.java:updateAndGet(130)) - omNode-3: start omNode-3@group-523986131536-LeaderElection34
2022-05-11 01:30:08,554 [omNode-3@group-523986131536-LeaderElection34] INFO  impl.LeaderElection (LeaderElection.java:askForVotes(306)) - omNode-3@group-523986131536-LeaderElection34 ELECTION round 0: submit vote requests at term 21 for 145: [omNode-3|rpc:localhost:40799|admin:|client:|dataStream:|priority:0, omNode-1|rpc:localhost:37959|admin:|client:|dataStream:|priority:0, omNode-2|rpc:localhost:36649|admin:|client:|dataStream:|priority:0], old=null
2022-05-11 01:30:08,555 [omNode-3@group-523986131536-LeaderElection34] INFO  impl.LeaderElection (LogUtils.java:infoOrTrace(137)) - omNode-3@group-523986131536-LeaderElection34 got exception when requesting votes: java.util.concurrent.ExecutionException: org.apache.ratis.thirdparty.io.grpc.StatusRuntimeException: UNAVAILABLE: io exception
2022-05-11 01:30:08,555 [omNode-3@group-523986131536-LeaderElection34] INFO  impl.LeaderElection (LogUtils.java:infoOrTrace(137)) - omNode-3@group-523986131536-LeaderElection34 got exception when requesting votes: java.util.concurrent.ExecutionException: org.apache.ratis.thirdparty.io.grpc.StatusRuntimeException: UNAVAILABLE: io exception
2022-05-11 01:30:08,556 [omNode-3@group-523986131536-LeaderElection34] INFO  impl.LeaderElection (LeaderElection.java:logAndReturn(89)) - omNode-3@group-523986131536-LeaderElection34: ELECTION REJECTED received 0 response(s) and 2 exception(s):
2022-05-11 01:30:08,556 [omNode-3@group-523986131536-LeaderElection34] INFO  impl.LeaderElection (LogUtils.java:infoOrTrace(137)) -   Exception 0: java.util.concurrent.ExecutionException: org.apache.ratis.thirdparty.io.grpc.StatusRuntimeException: UNAVAILABLE: io exception
2022-05-11 01:30:08,556 [omNode-3@group-523986131536-LeaderElection34] INFO  impl.LeaderElection (LogUtils.java:infoOrTrace(137)) -   Exception 1: java.util.concurrent.ExecutionException: org.apache.ratis.thirdparty.io.grpc.StatusRuntimeException: UNAVAILABLE: io exception
2022-05-11 01:30:08,556 [omNode-3@group-523986131536-LeaderElection34] INFO  impl.LeaderElection (LeaderElection.java:askForVotes(308)) - omNode-3@group-523986131536-LeaderElection34 ELECTION round 0: result REJECTED
2022-05-11 01:30:08,556 [omNode-3@group-523986131536-LeaderElection34] INFO  server.RaftServer$Division (RaftServerImpl.java:setRole(290)) - omNode-3@group-523986131536: changes role from CANDIDATE to FOLLOWER at term 21 for REJECTED
2022-05-11 01:30:08,556 [omNode-3@group-523986131536-LeaderElection34] INFO  impl.RoleInfo (RoleInfo.java:shutdownLeaderElection(121)) - omNode-3: shutdown omNode-3@group-523986131536-LeaderElection34
2022-05-11 01:30:08,556 [omNode-3@group-523986131536-LeaderElection34] INFO  impl.RoleInfo (RoleInfo.java:updateAndGet(130)) - omNode-3: start omNode-3@group-523986131536-FollowerState
2022-05-11 01:30:08,930 [Listener at localhost/38653] ERROR ha.OMFailoverProxyProvider (OMFailoverProxyProvider.java:getRetryAction(294)) - Failed to connect to OMs: [nodeId=omNode-3,nodeAddress=127.0.0.1:43241, nodeId=omNode-1,nodeAddress=127.0.0.1:40623, nodeId=omNode-2,nodeAddress=127.0.0.1:38653]. Attempted 5 failovers.
2022-05-11 01:30:08,930 [Listener at localhost/38653] INFO  om.OzoneManager (OzoneManager.java:stop(1950)) - omNode-3[localhost:43241]: Stopping Ozone Manager
2022-05-11 01:30:08,931 [Listener at localhost/38653] INFO  om.OzoneManager (OzoneManager.java:restart(1487)) - OzoneManager RPC server is listening at localhost/127.0.0.1:43241
2022-05-11 01:30:08,931 [Listener at localhost/38653] INFO  impl.MetricsSystemImpl (MetricsSystemImpl.java:init(158)) - OzoneManager metrics system started (again)
2022-05-11 01:30:08,946 [Listener at localhost/38653] WARN  server.ServerUtils (ServerUtils.java:getDBPath(225)) - ozone.om.db.dirs is not configured. We recommend adding this setting. Falling back to ozone.metadata.dirs instead.
2022-05-11 01:30:08,948 [Listener at localhost/38653] INFO  codec.OmKeyInfoCodec (OmKeyInfoCodec.java:<init>(49)) - OmKeyInfoCodec ignorePipeline = true
2022-05-11 01:30:08,948 [Listener at localhost/38653] INFO  codec.RepeatedOmKeyInfoCodec (RepeatedOmKeyInfoCodec.java:<init>(41)) - RepeatedOmKeyInfoCodec ignorePipeline = true
]]></system-out>
  </testcase>
  <testcase name="testOMRestart" classname="org.apache.hadoop.ozone.om.TestOzoneManagerHAWithData" time="61.96">
    <system-out><![CDATA[2022-05-11 01:30:08,957 [Listener at localhost/38653] INFO  ozone.MiniOzoneClusterImpl (MiniOzoneClusterImpl.java:shutdown(456)) - Shutting down the Mini Ozone Cluster
2022-05-11 01:30:08,958 [Listener at localhost/38653] INFO  ozone.MiniOzoneHAClusterImpl (MiniOzoneHAClusterImpl.java:stop(308)) - Stopping the OzoneManager omNode-3
2022-05-11 01:30:08,958 [Listener at localhost/38653] INFO  om.OzoneManager (OzoneManager.java:stop(1950)) - omNode-3[localhost:43241]: Stopping Ozone Manager
2022-05-11 01:30:08,958 [Listener at localhost/38653] INFO  ozone.MiniOzoneHAClusterImpl (MiniOzoneHAClusterImpl.java:stop(308)) - Stopping the OzoneManager omNode-1
2022-05-11 01:30:08,958 [Listener at localhost/38653] INFO  om.OzoneManager (OzoneManager.java:stop(1950)) - omNode-1[localhost:40623]: Stopping Ozone Manager
2022-05-11 01:30:08,958 [Listener at localhost/38653] INFO  ozone.MiniOzoneHAClusterImpl (MiniOzoneHAClusterImpl.java:stop(308)) - Stopping the OzoneManager omNode-2
2022-05-11 01:30:08,958 [Listener at localhost/38653] INFO  om.OzoneManager (OzoneManager.java:stop(1950)) - omNode-2[localhost:38653]: Stopping Ozone Manager
2022-05-11 01:30:08,959 [Listener at localhost/38653] INFO  ozone.MiniOzoneHAClusterImpl (MiniOzoneHAClusterImpl.java:stop(316)) - Stopping the StorageContainerManager 53c34907-efdf-4e4c-82ec-a8f0f56f3654
2022-05-11 01:30:08,959 [Listener at localhost/38653] INFO  server.StorageContainerManager (StorageContainerManager.java:stop(1434)) - Stopping Container Balancer service.
2022-05-11 01:30:08,959 [Listener at localhost/38653] INFO  balancer.ContainerBalancer (ContainerBalancer.java:stopBalancer(923)) - Container Balancer is not running.
2022-05-11 01:30:08,959 [Listener at localhost/38653] INFO  server.StorageContainerManager (StorageContainerManager.java:stop(1441)) - Stopping Replication Manager Service.
2022-05-11 01:30:08,959 [Listener at localhost/38653] INFO  replication.ReplicationManager (ReplicationManager.java:stop(209)) - Stopping Replication Monitor Thread.
2022-05-11 01:30:08,960 [ReplicationMonitor] INFO  replication.ReplicationManager (ReplicationManager.java:run(267)) - Replication Monitor Thread is stopped
2022-05-11 01:30:08,960 [Listener at localhost/38653] INFO  server.StorageContainerManager (StorageContainerManager.java:stop(1448)) - Stopping the Datanode Admin Monitor.
2022-05-11 01:30:08,961 [Listener at localhost/38653] INFO  server.StorageContainerManager (StorageContainerManager.java:stop(1455)) - Stopping Lease Manager of the command watchers
2022-05-11 01:30:08,961 [Listener at localhost/38653] INFO  server.StorageContainerManager (StorageContainerManager.java:stop(1462)) - Stopping datanode service RPC server
2022-05-11 01:30:08,961 [Listener at localhost/38653] INFO  server.SCMDatanodeProtocolServer (SCMDatanodeProtocolServer.java:stop(400)) - Stopping the RPC server for DataNodes
2022-05-11 01:30:08,961 [Listener at localhost/38653] INFO  ipc.Server (Server.java:stop(3414)) - Stopping server on 46775
2022-05-11 01:30:08,963 [IPC Server listener on 0] INFO  ipc.Server (Server.java:run(1376)) - Stopping IPC Server listener on 0
2022-05-11 01:30:08,964 [IPC Server Responder] INFO  ipc.Server (Server.java:run(1512)) - Stopping IPC Server Responder
2022-05-11 01:30:09,032 [SCM Heartbeat Processing Thread - 0] WARN  node.NodeStateManager (NodeStateManager.java:scheduleNextHealthCheck(815)) - Current Thread is interrupted, shutting down HB processing thread for Node Manager.
2022-05-11 01:30:09,032 [Listener at localhost/38653] INFO  server.StorageContainerManager (StorageContainerManager.java:stop(1470)) - Stopping block service RPC server
2022-05-11 01:30:09,033 [Listener at localhost/38653] INFO  server.SCMBlockProtocolServer (SCMBlockProtocolServer.java:stop(160)) - Stopping the RPC server for Block Protocol
2022-05-11 01:30:09,033 [Listener at localhost/38653] INFO  ipc.Server (Server.java:stop(3414)) - Stopping server on 46051
2022-05-11 01:30:09,036 [IPC Server Responder] INFO  ipc.Server (Server.java:run(1512)) - Stopping IPC Server Responder
2022-05-11 01:30:09,036 [Listener at localhost/38653] INFO  server.StorageContainerManager (StorageContainerManager.java:stop(1477)) - Stopping the StorageContainerLocationProtocol RPC server
2022-05-11 01:30:09,036 [Listener at localhost/38653] INFO  server.SCMClientProtocolServer (SCMClientProtocolServer.java:stop(178)) - Stopping the RPC server for Client Protocol
2022-05-11 01:30:09,037 [Listener at localhost/38653] INFO  ipc.Server (Server.java:stop(3414)) - Stopping server on 45937
2022-05-11 01:30:09,040 [IPC Server Responder] INFO  ipc.Server (Server.java:run(1512)) - Stopping IPC Server Responder
2022-05-11 01:30:09,040 [Listener at localhost/38653] INFO  server.StorageContainerManager (StorageContainerManager.java:stop(1484)) - Stopping Storage Container Manager HTTP server.
2022-05-11 01:30:09,040 [IPC Server listener on 0] INFO  ipc.Server (Server.java:run(1376)) - Stopping IPC Server listener on 0
2022-05-11 01:30:09,040 [IPC Server listener on 0] INFO  ipc.Server (Server.java:run(1376)) - Stopping IPC Server listener on 0
2022-05-11 01:30:09,044 [Listener at localhost/38653] INFO  handler.ContextHandler (ContextHandler.java:doStop(1153)) - Stopped o.e.j.w.WebAppContext@29088be1{scm,/,null,STOPPED}{file:/home/runner/work/ozone/ozone/hadoop-ozone/integration-test/target/test-classes/webapps/scm}
2022-05-11 01:30:09,044 [Listener at localhost/38653] INFO  server.AbstractConnector (AbstractConnector.java:doStop(381)) - Stopped ServerConnector@5bc40f5d{HTTP/1.1, (http/1.1)}{0.0.0.0:0}
2022-05-11 01:30:09,044 [Listener at localhost/38653] INFO  server.session (HouseKeeper.java:stopScavenging(149)) - node0 Stopped scavenging
2022-05-11 01:30:09,045 [Listener at localhost/38653] INFO  handler.ContextHandler (ContextHandler.java:doStop(1153)) - Stopped o.e.j.s.ServletContextHandler@69b80603{static,/static,file:///home/runner/work/ozone/ozone/hadoop-ozone/integration-test/target/test-classes/webapps/static,STOPPED}
2022-05-11 01:30:09,045 [Listener at localhost/38653] INFO  handler.ContextHandler (ContextHandler.java:doStop(1153)) - Stopped o.e.j.s.ServletContextHandler@46610fc9{logs,/logs,file:///home/runner/work/ozone/ozone/hadoop-ozone/integration-test/target/log,STOPPED}
2022-05-11 01:30:09,046 [Listener at localhost/38653] INFO  server.StorageContainerManager (StorageContainerManager.java:stop(1495)) - Stopping Block Manager Service.
2022-05-11 01:30:09,047 [Listener at localhost/38653] INFO  utils.BackgroundService (BackgroundService.java:shutdown(132)) - Shutting down service SCMBlockDeletingService
2022-05-11 01:30:09,047 [Listener at localhost/38653] INFO  utils.BackgroundService (BackgroundService.java:shutdown(132)) - Shutting down service SCMBlockDeletingService
2022-05-11 01:30:09,048 [Listener at localhost/38653] INFO  server.StorageContainerManager (StorageContainerManager.java:stop(1522)) - Stopping SCM Event Queue.
2022-05-11 01:30:09,050 [Listener at localhost/38653] INFO  server.StorageContainerManager (StorageContainerManager.java:stop(1533)) - Stopping SCM HA services.
2022-05-11 01:30:09,050 [Listener at localhost/38653] INFO  pipeline.BackgroundPipelineCreator (BackgroundPipelineCreator.java:stop(150)) - Stopping RatisPipelineUtilsThread.
2022-05-11 01:30:09,051 [RatisPipelineUtilsThread - 0] WARN  pipeline.BackgroundPipelineCreator (BackgroundPipelineCreator.java:run(177)) - RatisPipelineUtilsThread is interrupted.
2022-05-11 01:30:09,051 [Listener at localhost/38653] INFO  pipeline.BackgroundPipelineScrubber (BackgroundPipelineScrubber.java:stop(143)) - Stopping BackgroundPipelineScrubber Service.
2022-05-11 01:30:09,051 [PipelineScrubberThread] WARN  pipeline.BackgroundPipelineScrubber (BackgroundPipelineScrubber.java:run(164)) - PipelineScrubberThread is interrupted, exit
2022-05-11 01:30:09,051 [Listener at localhost/38653] INFO  server.StorageContainerManager (StorageContainerManager.java:stop(1543)) - Stopping SCM MetadataStore.
2022-05-11 01:30:09,053 [Listener at localhost/38653] INFO  impl.MetricsSystemImpl (MetricsSystemImpl.java:stop(210)) - Stopping OzoneManager metrics system...
2022-05-11 01:30:09,063 [prometheus] INFO  impl.MetricsSinkAdapter (MetricsSinkAdapter.java:publishMetricsFromQueue(141)) - prometheus thread interrupted.
2022-05-11 01:30:09,064 [Listener at localhost/38653] INFO  impl.MetricsSystemImpl (MetricsSystemImpl.java:stop(216)) - OzoneManager metrics system stopped.
2022-05-11 01:30:09,065 [Listener at localhost/38653] INFO  ozone.MiniOzoneClusterImpl (MiniOzoneClusterImpl.java:stop(471)) - Stopping the Mini Ozone Cluster
2022-05-11 01:30:09,065 [Listener at localhost/38653] INFO  ozone.MiniOzoneClusterImpl (MiniOzoneClusterImpl.java:stopDatanodes(530)) - Stopping the HddsDatanodes
2022-05-11 01:30:09,677 [omNode-3@group-523986131536-FollowerState] INFO  impl.FollowerState (FollowerState.java:run(134)) - omNode-3@group-523986131536-FollowerState: change to CANDIDATE, lastRpcElapsedTime:1121503132ns, electionTimeout:1120ms
2022-05-11 01:30:09,678 [omNode-3@group-523986131536-FollowerState] INFO  impl.RoleInfo (RoleInfo.java:shutdownFollowerState(108)) - omNode-3: shutdown omNode-3@group-523986131536-FollowerState
2022-05-11 01:30:09,678 [omNode-3@group-523986131536-FollowerState] INFO  server.RaftServer$Division (RaftServerImpl.java:setRole(290)) - omNode-3@group-523986131536: changes role from  FOLLOWER to CANDIDATE at term 21 for changeToCandidate
2022-05-11 01:30:09,678 [omNode-3@group-523986131536-FollowerState] INFO  server.RaftServerConfigKeys (ConfUtils.java:logGet(44)) - raft.server.leaderelection.pre-vote = false (custom)
2022-05-11 01:30:09,678 [omNode-3@group-523986131536-FollowerState] INFO  impl.RoleInfo (RoleInfo.java:updateAndGet(130)) - omNode-3: start omNode-3@group-523986131536-LeaderElection35
2022-05-11 01:30:09,680 [omNode-3@group-523986131536-LeaderElection35] INFO  impl.LeaderElection (LeaderElection.java:askForVotes(306)) - omNode-3@group-523986131536-LeaderElection35 ELECTION round 0: submit vote requests at term 22 for 145: [omNode-3|rpc:localhost:40799|admin:|client:|dataStream:|priority:0, omNode-1|rpc:localhost:37959|admin:|client:|dataStream:|priority:0, omNode-2|rpc:localhost:36649|admin:|client:|dataStream:|priority:0], old=null
2022-05-11 01:30:09,682 [omNode-3@group-523986131536-LeaderElection35] INFO  impl.LeaderElection (LogUtils.java:infoOrTrace(137)) - omNode-3@group-523986131536-LeaderElection35 got exception when requesting votes: java.util.concurrent.ExecutionException: org.apache.ratis.thirdparty.io.grpc.StatusRuntimeException: UNAVAILABLE: io exception
2022-05-11 01:30:09,682 [omNode-3@group-523986131536-LeaderElection35] INFO  impl.LeaderElection (LogUtils.java:infoOrTrace(137)) - omNode-3@group-523986131536-LeaderElection35 got exception when requesting votes: java.util.concurrent.ExecutionException: org.apache.ratis.thirdparty.io.grpc.StatusRuntimeException: UNAVAILABLE: io exception
2022-05-11 01:30:09,682 [omNode-3@group-523986131536-LeaderElection35] INFO  impl.LeaderElection (LeaderElection.java:logAndReturn(89)) - omNode-3@group-523986131536-LeaderElection35: ELECTION REJECTED received 0 response(s) and 2 exception(s):
2022-05-11 01:30:09,682 [omNode-3@group-523986131536-LeaderElection35] INFO  impl.LeaderElection (LogUtils.java:infoOrTrace(137)) -   Exception 0: java.util.concurrent.ExecutionException: org.apache.ratis.thirdparty.io.grpc.StatusRuntimeException: UNAVAILABLE: io exception
2022-05-11 01:30:09,682 [omNode-3@group-523986131536-LeaderElection35] INFO  impl.LeaderElection (LogUtils.java:infoOrTrace(137)) -   Exception 1: java.util.concurrent.ExecutionException: org.apache.ratis.thirdparty.io.grpc.StatusRuntimeException: UNAVAILABLE: io exception
2022-05-11 01:30:09,682 [omNode-3@group-523986131536-LeaderElection35] INFO  impl.LeaderElection (LeaderElection.java:askForVotes(308)) - omNode-3@group-523986131536-LeaderElection35 ELECTION round 0: result REJECTED
2022-05-11 01:30:09,682 [omNode-3@group-523986131536-LeaderElection35] INFO  server.RaftServer$Division (RaftServerImpl.java:setRole(290)) - omNode-3@group-523986131536: changes role from CANDIDATE to FOLLOWER at term 22 for REJECTED
2022-05-11 01:30:09,682 [omNode-3@group-523986131536-LeaderElection35] INFO  impl.RoleInfo (RoleInfo.java:shutdownLeaderElection(121)) - omNode-3: shutdown omNode-3@group-523986131536-LeaderElection35
2022-05-11 01:30:09,683 [omNode-3@group-523986131536-LeaderElection35] INFO  impl.RoleInfo (RoleInfo.java:updateAndGet(130)) - omNode-3: start omNode-3@group-523986131536-FollowerState
2022-05-11 01:30:09,862 [EndpointStateMachine task thread for /0.0.0.0:46775 - 0 ] WARN  statemachine.EndpointStateMachine (EndpointStateMachine.java:logIfNeeded(236)) - Unable to communicate to SCM server at 0.0.0.0:46775 for past 0 seconds.
java.io.EOFException: End of File Exception between local host is: "fv-az291-847/10.1.0.42"; destination host is: "0.0.0.0":46775; : java.io.EOFException; For more details see:  http://wiki.apache.org/hadoop/EOFException
	at sun.reflect.NativeConstructorAccessorImpl.newInstance0(Native Method)
	at sun.reflect.NativeConstructorAccessorImpl.newInstance(NativeConstructorAccessorImpl.java:62)
	at sun.reflect.DelegatingConstructorAccessorImpl.newInstance(DelegatingConstructorAccessorImpl.java:45)
	at java.lang.reflect.Constructor.newInstance(Constructor.java:423)
	at org.apache.hadoop.net.NetUtils.wrapWithMessage(NetUtils.java:913)
	at org.apache.hadoop.net.NetUtils.wrapException(NetUtils.java:862)
	at org.apache.hadoop.ipc.Client.getRpcResponse(Client.java:1577)
	at org.apache.hadoop.ipc.Client.call(Client.java:1519)
	at org.apache.hadoop.ipc.Client.call(Client.java:1416)
	at org.apache.hadoop.ipc.ProtobufRpcEngine$Invoker.invoke(ProtobufRpcEngine.java:236)
	at org.apache.hadoop.ipc.ProtobufRpcEngine$Invoker.invoke(ProtobufRpcEngine.java:123)
	at com.sun.proxy.$Proxy53.submitRequest(Unknown Source)
	at org.apache.hadoop.ozone.protocolPB.StorageContainerDatanodeProtocolClientSideTranslatorPB.submitRequest(StorageContainerDatanodeProtocolClientSideTranslatorPB.java:117)
	at org.apache.hadoop.ozone.protocolPB.StorageContainerDatanodeProtocolClientSideTranslatorPB.sendHeartbeat(StorageContainerDatanodeProtocolClientSideTranslatorPB.java:149)
	at org.apache.hadoop.ozone.container.common.states.endpoint.HeartbeatEndpointTask.call(HeartbeatEndpointTask.java:183)
	at org.apache.hadoop.ozone.container.common.states.endpoint.HeartbeatEndpointTask.call(HeartbeatEndpointTask.java:85)
	at java.util.concurrent.FutureTask.run(FutureTask.java:266)
	at java.util.concurrent.ThreadPoolExecutor.runWorker(ThreadPoolExecutor.java:1149)
	at java.util.concurrent.ThreadPoolExecutor$Worker.run(ThreadPoolExecutor.java:624)
	at java.lang.Thread.run(Thread.java:750)
Caused by: java.io.EOFException
	at java.io.DataInputStream.readInt(DataInputStream.java:392)
	at org.apache.hadoop.ipc.Client$IpcStreams.readResponse(Client.java:1892)
	at org.apache.hadoop.ipc.Client$Connection.receiveRpcResponse(Client.java:1202)
	at org.apache.hadoop.ipc.Client$Connection.run(Client.java:1098)
2022-05-11 01:30:10,748 [omNode-3@group-523986131536-FollowerState] INFO  impl.FollowerState (FollowerState.java:run(134)) - omNode-3@group-523986131536-FollowerState: change to CANDIDATE, lastRpcElapsedTime:1065456876ns, electionTimeout:1065ms
2022-05-11 01:30:10,748 [omNode-3@group-523986131536-FollowerState] INFO  impl.RoleInfo (RoleInfo.java:shutdownFollowerState(108)) - omNode-3: shutdown omNode-3@group-523986131536-FollowerState
2022-05-11 01:30:10,748 [omNode-3@group-523986131536-FollowerState] INFO  server.RaftServer$Division (RaftServerImpl.java:setRole(290)) - omNode-3@group-523986131536: changes role from  FOLLOWER to CANDIDATE at term 22 for changeToCandidate
2022-05-11 01:30:10,749 [omNode-3@group-523986131536-FollowerState] INFO  server.RaftServerConfigKeys (ConfUtils.java:logGet(44)) - raft.server.leaderelection.pre-vote = false (custom)
2022-05-11 01:30:10,749 [omNode-3@group-523986131536-FollowerState] INFO  impl.RoleInfo (RoleInfo.java:updateAndGet(130)) - omNode-3: start omNode-3@group-523986131536-LeaderElection36
2022-05-11 01:30:10,751 [omNode-3@group-523986131536-LeaderElection36] INFO  impl.LeaderElection (LeaderElection.java:askForVotes(306)) - omNode-3@group-523986131536-LeaderElection36 ELECTION round 0: submit vote requests at term 23 for 145: [omNode-3|rpc:localhost:40799|admin:|client:|dataStream:|priority:0, omNode-1|rpc:localhost:37959|admin:|client:|dataStream:|priority:0, omNode-2|rpc:localhost:36649|admin:|client:|dataStream:|priority:0], old=null
2022-05-11 01:30:10,752 [omNode-3@group-523986131536-LeaderElection36] INFO  impl.LeaderElection (LogUtils.java:infoOrTrace(137)) - omNode-3@group-523986131536-LeaderElection36 got exception when requesting votes: java.util.concurrent.ExecutionException: org.apache.ratis.thirdparty.io.grpc.StatusRuntimeException: UNAVAILABLE: io exception
2022-05-11 01:30:10,756 [omNode-3@group-523986131536-LeaderElection36] INFO  impl.LeaderElection (LogUtils.java:infoOrTrace(137)) - omNode-3@group-523986131536-LeaderElection36 got exception when requesting votes: java.util.concurrent.ExecutionException: org.apache.ratis.thirdparty.io.grpc.StatusRuntimeException: UNAVAILABLE: io exception
2022-05-11 01:30:10,756 [omNode-3@group-523986131536-LeaderElection36] INFO  impl.LeaderElection (LeaderElection.java:logAndReturn(89)) - omNode-3@group-523986131536-LeaderElection36: ELECTION REJECTED received 0 response(s) and 2 exception(s):
2022-05-11 01:30:10,756 [omNode-3@group-523986131536-LeaderElection36] INFO  impl.LeaderElection (LogUtils.java:infoOrTrace(137)) -   Exception 0: java.util.concurrent.ExecutionException: org.apache.ratis.thirdparty.io.grpc.StatusRuntimeException: UNAVAILABLE: io exception
2022-05-11 01:30:10,756 [omNode-3@group-523986131536-LeaderElection36] INFO  impl.LeaderElection (LogUtils.java:infoOrTrace(137)) -   Exception 1: java.util.concurrent.ExecutionException: org.apache.ratis.thirdparty.io.grpc.StatusRuntimeException: UNAVAILABLE: io exception
2022-05-11 01:30:10,756 [omNode-3@group-523986131536-LeaderElection36] INFO  impl.LeaderElection (LeaderElection.java:askForVotes(308)) - omNode-3@group-523986131536-LeaderElection36 ELECTION round 0: result REJECTED
2022-05-11 01:30:10,756 [omNode-3@group-523986131536-LeaderElection36] INFO  server.RaftServer$Division (RaftServerImpl.java:setRole(290)) - omNode-3@group-523986131536: changes role from CANDIDATE to FOLLOWER at term 23 for REJECTED
2022-05-11 01:30:10,756 [omNode-3@group-523986131536-LeaderElection36] INFO  impl.RoleInfo (RoleInfo.java:shutdownLeaderElection(121)) - omNode-3: shutdown omNode-3@group-523986131536-LeaderElection36
2022-05-11 01:30:10,756 [omNode-3@group-523986131536-LeaderElection36] INFO  impl.RoleInfo (RoleInfo.java:updateAndGet(130)) - omNode-3: start omNode-3@group-523986131536-FollowerState
2022-05-11 01:30:11,809 [omNode-3@group-523986131536-FollowerState] INFO  impl.FollowerState (FollowerState.java:run(134)) - omNode-3@group-523986131536-FollowerState: change to CANDIDATE, lastRpcElapsedTime:1053100395ns, electionTimeout:1051ms
2022-05-11 01:30:11,810 [omNode-3@group-523986131536-FollowerState] INFO  impl.RoleInfo (RoleInfo.java:shutdownFollowerState(108)) - omNode-3: shutdown omNode-3@group-523986131536-FollowerState
2022-05-11 01:30:11,810 [omNode-3@group-523986131536-FollowerState] INFO  server.RaftServer$Division (RaftServerImpl.java:setRole(290)) - omNode-3@group-523986131536: changes role from  FOLLOWER to CANDIDATE at term 23 for changeToCandidate
2022-05-11 01:30:11,810 [omNode-3@group-523986131536-FollowerState] INFO  server.RaftServerConfigKeys (ConfUtils.java:logGet(44)) - raft.server.leaderelection.pre-vote = false (custom)
2022-05-11 01:30:11,810 [omNode-3@group-523986131536-FollowerState] INFO  impl.RoleInfo (RoleInfo.java:updateAndGet(130)) - omNode-3: start omNode-3@group-523986131536-LeaderElection37
2022-05-11 01:30:11,813 [omNode-3@group-523986131536-LeaderElection37] INFO  impl.LeaderElection (LeaderElection.java:askForVotes(306)) - omNode-3@group-523986131536-LeaderElection37 ELECTION round 0: submit vote requests at term 24 for 145: [omNode-3|rpc:localhost:40799|admin:|client:|dataStream:|priority:0, omNode-1|rpc:localhost:37959|admin:|client:|dataStream:|priority:0, omNode-2|rpc:localhost:36649|admin:|client:|dataStream:|priority:0], old=null
2022-05-11 01:30:11,814 [omNode-3@group-523986131536-LeaderElection37] INFO  impl.LeaderElection (LogUtils.java:infoOrTrace(137)) - omNode-3@group-523986131536-LeaderElection37 got exception when requesting votes: java.util.concurrent.ExecutionException: org.apache.ratis.thirdparty.io.grpc.StatusRuntimeException: UNAVAILABLE: io exception
2022-05-11 01:30:11,814 [omNode-3@group-523986131536-LeaderElection37] INFO  impl.LeaderElection (LogUtils.java:infoOrTrace(137)) - omNode-3@group-523986131536-LeaderElection37 got exception when requesting votes: java.util.concurrent.ExecutionException: org.apache.ratis.thirdparty.io.grpc.StatusRuntimeException: UNAVAILABLE: io exception
2022-05-11 01:30:11,814 [omNode-3@group-523986131536-LeaderElection37] INFO  impl.LeaderElection (LeaderElection.java:logAndReturn(89)) - omNode-3@group-523986131536-LeaderElection37: ELECTION REJECTED received 0 response(s) and 2 exception(s):
2022-05-11 01:30:11,814 [omNode-3@group-523986131536-LeaderElection37] INFO  impl.LeaderElection (LogUtils.java:infoOrTrace(137)) -   Exception 0: java.util.concurrent.ExecutionException: org.apache.ratis.thirdparty.io.grpc.StatusRuntimeException: UNAVAILABLE: io exception
2022-05-11 01:30:11,814 [omNode-3@group-523986131536-LeaderElection37] INFO  impl.LeaderElection (LogUtils.java:infoOrTrace(137)) -   Exception 1: java.util.concurrent.ExecutionException: org.apache.ratis.thirdparty.io.grpc.StatusRuntimeException: UNAVAILABLE: io exception
2022-05-11 01:30:11,815 [omNode-3@group-523986131536-LeaderElection37] INFO  impl.LeaderElection (LeaderElection.java:askForVotes(308)) - omNode-3@group-523986131536-LeaderElection37 ELECTION round 0: result REJECTED
2022-05-11 01:30:11,815 [omNode-3@group-523986131536-LeaderElection37] INFO  server.RaftServer$Division (RaftServerImpl.java:setRole(290)) - omNode-3@group-523986131536: changes role from CANDIDATE to FOLLOWER at term 24 for REJECTED
2022-05-11 01:30:11,815 [omNode-3@group-523986131536-LeaderElection37] INFO  impl.RoleInfo (RoleInfo.java:shutdownLeaderElection(121)) - omNode-3: shutdown omNode-3@group-523986131536-LeaderElection37
2022-05-11 01:30:11,815 [omNode-3@group-523986131536-LeaderElection37] INFO  impl.RoleInfo (RoleInfo.java:updateAndGet(130)) - omNode-3: start omNode-3@group-523986131536-FollowerState
2022-05-11 01:30:11,863 [EndpointStateMachine task thread for /0.0.0.0:46775 - 0 ] INFO  ipc.Client (Client.java:handleConnectionFailure(977)) - Retrying connect to server: 0.0.0.0/0.0.0.0:46775. Already tried 0 time(s); retry policy is RetryUpToMaximumCountWithFixedSleep(maxRetries=15, sleepTime=1000 MILLISECONDS)
2022-05-11 01:30:12,846 [omNode-3@group-523986131536-FollowerState] INFO  impl.FollowerState (FollowerState.java:run(134)) - omNode-3@group-523986131536-FollowerState: change to CANDIDATE, lastRpcElapsedTime:1031452394ns, electionTimeout:1031ms
2022-05-11 01:30:12,846 [omNode-3@group-523986131536-FollowerState] INFO  impl.RoleInfo (RoleInfo.java:shutdownFollowerState(108)) - omNode-3: shutdown omNode-3@group-523986131536-FollowerState
2022-05-11 01:30:12,847 [omNode-3@group-523986131536-FollowerState] INFO  server.RaftServer$Division (RaftServerImpl.java:setRole(290)) - omNode-3@group-523986131536: changes role from  FOLLOWER to CANDIDATE at term 24 for changeToCandidate
2022-05-11 01:30:12,847 [omNode-3@group-523986131536-FollowerState] INFO  server.RaftServerConfigKeys (ConfUtils.java:logGet(44)) - raft.server.leaderelection.pre-vote = false (custom)
2022-05-11 01:30:12,847 [omNode-3@group-523986131536-FollowerState] INFO  impl.RoleInfo (RoleInfo.java:updateAndGet(130)) - omNode-3: start omNode-3@group-523986131536-LeaderElection38
2022-05-11 01:30:12,849 [omNode-3@group-523986131536-LeaderElection38] INFO  impl.LeaderElection (LeaderElection.java:askForVotes(306)) - omNode-3@group-523986131536-LeaderElection38 ELECTION round 0: submit vote requests at term 25 for 145: [omNode-3|rpc:localhost:40799|admin:|client:|dataStream:|priority:0, omNode-1|rpc:localhost:37959|admin:|client:|dataStream:|priority:0, omNode-2|rpc:localhost:36649|admin:|client:|dataStream:|priority:0], old=null
2022-05-11 01:30:12,850 [omNode-3@group-523986131536-LeaderElection38] INFO  impl.LeaderElection (LogUtils.java:infoOrTrace(137)) - omNode-3@group-523986131536-LeaderElection38 got exception when requesting votes: java.util.concurrent.ExecutionException: org.apache.ratis.thirdparty.io.grpc.StatusRuntimeException: UNAVAILABLE: io exception
2022-05-11 01:30:12,850 [omNode-3@group-523986131536-LeaderElection38] INFO  impl.LeaderElection (LogUtils.java:infoOrTrace(137)) - omNode-3@group-523986131536-LeaderElection38 got exception when requesting votes: java.util.concurrent.ExecutionException: org.apache.ratis.thirdparty.io.grpc.StatusRuntimeException: UNAVAILABLE: io exception
2022-05-11 01:30:12,851 [omNode-3@group-523986131536-LeaderElection38] INFO  impl.LeaderElection (LeaderElection.java:logAndReturn(89)) - omNode-3@group-523986131536-LeaderElection38: ELECTION REJECTED received 0 response(s) and 2 exception(s):
2022-05-11 01:30:12,851 [omNode-3@group-523986131536-LeaderElection38] INFO  impl.LeaderElection (LogUtils.java:infoOrTrace(137)) -   Exception 0: java.util.concurrent.ExecutionException: org.apache.ratis.thirdparty.io.grpc.StatusRuntimeException: UNAVAILABLE: io exception
2022-05-11 01:30:12,851 [omNode-3@group-523986131536-LeaderElection38] INFO  impl.LeaderElection (LogUtils.java:infoOrTrace(137)) -   Exception 1: java.util.concurrent.ExecutionException: org.apache.ratis.thirdparty.io.grpc.StatusRuntimeException: UNAVAILABLE: io exception
2022-05-11 01:30:12,851 [omNode-3@group-523986131536-LeaderElection38] INFO  impl.LeaderElection (LeaderElection.java:askForVotes(308)) - omNode-3@group-523986131536-LeaderElection38 ELECTION round 0: result REJECTED
2022-05-11 01:30:12,851 [omNode-3@group-523986131536-LeaderElection38] INFO  server.RaftServer$Division (RaftServerImpl.java:setRole(290)) - omNode-3@group-523986131536: changes role from CANDIDATE to FOLLOWER at term 25 for REJECTED
2022-05-11 01:30:12,851 [omNode-3@group-523986131536-LeaderElection38] INFO  impl.RoleInfo (RoleInfo.java:shutdownLeaderElection(121)) - omNode-3: shutdown omNode-3@group-523986131536-LeaderElection38
2022-05-11 01:30:12,851 [omNode-3@group-523986131536-LeaderElection38] INFO  impl.RoleInfo (RoleInfo.java:updateAndGet(130)) - omNode-3: start omNode-3@group-523986131536-FollowerState
2022-05-11 01:30:12,864 [EndpointStateMachine task thread for /0.0.0.0:46775 - 0 ] INFO  ipc.Client (Client.java:handleConnectionFailure(977)) - Retrying connect to server: 0.0.0.0/0.0.0.0:46775. Already tried 1 time(s); retry policy is RetryUpToMaximumCountWithFixedSleep(maxRetries=15, sleepTime=1000 MILLISECONDS)
2022-05-11 01:30:13,862 [Datanode State Machine Daemon Thread] ERROR datanode.RunningDatanodeState (RunningDatanodeState.java:computeNextContainerState(207)) - Error in executing end point task.
java.util.concurrent.ExecutionException: java.util.concurrent.TimeoutException
	at java.util.concurrent.FutureTask.report(FutureTask.java:122)
	at java.util.concurrent.FutureTask.get(FutureTask.java:192)
	at org.apache.hadoop.ozone.container.common.states.datanode.RunningDatanodeState.computeNextContainerState(RunningDatanodeState.java:199)
	at org.apache.hadoop.ozone.container.common.states.datanode.RunningDatanodeState.await(RunningDatanodeState.java:239)
	at org.apache.hadoop.ozone.container.common.states.datanode.RunningDatanodeState.await(RunningDatanodeState.java:50)
	at org.apache.hadoop.ozone.container.common.statemachine.StateContext.execute(StateContext.java:660)
	at org.apache.hadoop.ozone.container.common.statemachine.DatanodeStateMachine.startStateMachineThread(DatanodeStateMachine.java:285)
	at org.apache.hadoop.ozone.container.common.statemachine.DatanodeStateMachine.lambda$startDaemon$0(DatanodeStateMachine.java:473)
	at java.lang.Thread.run(Thread.java:750)
Caused by: java.util.concurrent.TimeoutException
	at java.util.concurrent.FutureTask.get(FutureTask.java:205)
	at org.apache.hadoop.ozone.container.common.states.datanode.RunningDatanodeState.lambda$execute$0(RunningDatanodeState.java:157)
	at java.util.concurrent.FutureTask.run(FutureTask.java:266)
	at java.util.concurrent.Executors$RunnableAdapter.call(Executors.java:511)
	at java.util.concurrent.FutureTask.run(FutureTask.java:266)
	at java.util.concurrent.ThreadPoolExecutor.runWorker(ThreadPoolExecutor.java:1149)
	at java.util.concurrent.ThreadPoolExecutor$Worker.run(ThreadPoolExecutor.java:624)
	... 1 more
2022-05-11 01:30:13,865 [EndpointStateMachine task thread for /0.0.0.0:46775 - 0 ] INFO  ipc.Client (Client.java:handleConnectionFailure(977)) - Retrying connect to server: 0.0.0.0/0.0.0.0:46775. Already tried 2 time(s); retry policy is RetryUpToMaximumCountWithFixedSleep(maxRetries=15, sleepTime=1000 MILLISECONDS)
2022-05-11 01:30:13,971 [omNode-3@group-523986131536-FollowerState] INFO  impl.FollowerState (FollowerState.java:run(134)) - omNode-3@group-523986131536-FollowerState: change to CANDIDATE, lastRpcElapsedTime:1119553928ns, electionTimeout:1119ms
2022-05-11 01:30:13,971 [omNode-3@group-523986131536-FollowerState] INFO  impl.RoleInfo (RoleInfo.java:shutdownFollowerState(108)) - omNode-3: shutdown omNode-3@group-523986131536-FollowerState
2022-05-11 01:30:13,971 [omNode-3@group-523986131536-FollowerState] INFO  server.RaftServer$Division (RaftServerImpl.java:setRole(290)) - omNode-3@group-523986131536: changes role from  FOLLOWER to CANDIDATE at term 25 for changeToCandidate
2022-05-11 01:30:13,971 [omNode-3@group-523986131536-FollowerState] INFO  server.RaftServerConfigKeys (ConfUtils.java:logGet(44)) - raft.server.leaderelection.pre-vote = false (custom)
2022-05-11 01:30:13,971 [omNode-3@group-523986131536-FollowerState] INFO  impl.RoleInfo (RoleInfo.java:updateAndGet(130)) - omNode-3: start omNode-3@group-523986131536-LeaderElection39
2022-05-11 01:30:13,973 [omNode-3@group-523986131536-LeaderElection39] INFO  impl.LeaderElection (LeaderElection.java:askForVotes(306)) - omNode-3@group-523986131536-LeaderElection39 ELECTION round 0: submit vote requests at term 26 for 145: [omNode-3|rpc:localhost:40799|admin:|client:|dataStream:|priority:0, omNode-1|rpc:localhost:37959|admin:|client:|dataStream:|priority:0, omNode-2|rpc:localhost:36649|admin:|client:|dataStream:|priority:0], old=null
2022-05-11 01:30:13,974 [omNode-3@group-523986131536-LeaderElection39] INFO  impl.LeaderElection (LogUtils.java:infoOrTrace(137)) - omNode-3@group-523986131536-LeaderElection39 got exception when requesting votes: java.util.concurrent.ExecutionException: org.apache.ratis.thirdparty.io.grpc.StatusRuntimeException: UNAVAILABLE: io exception
2022-05-11 01:30:13,978 [omNode-3@group-523986131536-LeaderElection39] INFO  impl.LeaderElection (LogUtils.java:infoOrTrace(137)) - omNode-3@group-523986131536-LeaderElection39 got exception when requesting votes: java.util.concurrent.ExecutionException: org.apache.ratis.thirdparty.io.grpc.StatusRuntimeException: UNAVAILABLE: io exception
2022-05-11 01:30:13,978 [omNode-3@group-523986131536-LeaderElection39] INFO  impl.LeaderElection (LeaderElection.java:logAndReturn(89)) - omNode-3@group-523986131536-LeaderElection39: ELECTION REJECTED received 0 response(s) and 2 exception(s):
2022-05-11 01:30:13,978 [omNode-3@group-523986131536-LeaderElection39] INFO  impl.LeaderElection (LogUtils.java:infoOrTrace(137)) -   Exception 0: java.util.concurrent.ExecutionException: org.apache.ratis.thirdparty.io.grpc.StatusRuntimeException: UNAVAILABLE: io exception
2022-05-11 01:30:13,978 [omNode-3@group-523986131536-LeaderElection39] INFO  impl.LeaderElection (LogUtils.java:infoOrTrace(137)) -   Exception 1: java.util.concurrent.ExecutionException: org.apache.ratis.thirdparty.io.grpc.StatusRuntimeException: UNAVAILABLE: io exception
2022-05-11 01:30:13,978 [omNode-3@group-523986131536-LeaderElection39] INFO  impl.LeaderElection (LeaderElection.java:askForVotes(308)) - omNode-3@group-523986131536-LeaderElection39 ELECTION round 0: result REJECTED
2022-05-11 01:30:13,978 [omNode-3@group-523986131536-LeaderElection39] INFO  server.RaftServer$Division (RaftServerImpl.java:setRole(290)) - omNode-3@group-523986131536: changes role from CANDIDATE to FOLLOWER at term 26 for REJECTED
2022-05-11 01:30:13,979 [omNode-3@group-523986131536-LeaderElection39] INFO  impl.RoleInfo (RoleInfo.java:shutdownLeaderElection(121)) - omNode-3: shutdown omNode-3@group-523986131536-LeaderElection39
2022-05-11 01:30:13,979 [omNode-3@group-523986131536-LeaderElection39] INFO  impl.RoleInfo (RoleInfo.java:updateAndGet(130)) - omNode-3: start omNode-3@group-523986131536-FollowerState
2022-05-11 01:30:14,068 [ForkJoinPool.commonPool-worker-0] INFO  ozoneimpl.OzoneContainer (OzoneContainer.java:stop(356)) - Attempting to stop container services.
2022-05-11 01:30:14,068 [Listener at localhost/38653] INFO  ozoneimpl.OzoneContainer (OzoneContainer.java:stop(356)) - Attempting to stop container services.
2022-05-11 01:30:14,069 [ForkJoinPool.commonPool-worker-0] INFO  server.RaftServer (RaftServerProxy.java:lambda$close$6(391)) - 705ac139-4337-45d7-ba9f-5c344296e65f: close
2022-05-11 01:30:14,070 [ForkJoinPool.commonPool-worker-0] INFO  server.RaftServer$Division (RaftServerImpl.java:lambda$close$4(412)) - 705ac139-4337-45d7-ba9f-5c344296e65f@group-6EB0679847A7: shutdown
2022-05-11 01:30:14,070 [Listener at localhost/38653] INFO  server.RaftServer (RaftServerProxy.java:lambda$close$6(391)) - 7534a985-5663-44b5-b700-fcde65f49754: close
2022-05-11 01:30:14,070 [ForkJoinPool.commonPool-worker-0] INFO  util.JmxRegister (JmxRegister.java:unregister(73)) - Successfully un-registered JMX Bean with object name Ratis:service=RaftServer,group=group-6EB0679847A7,id=705ac139-4337-45d7-ba9f-5c344296e65f
2022-05-11 01:30:14,070 [Listener at localhost/38653] INFO  server.RaftServer$Division (RaftServerImpl.java:lambda$close$4(412)) - 7534a985-5663-44b5-b700-fcde65f49754@group-D8C08AEA218B: shutdown
2022-05-11 01:30:14,070 [ForkJoinPool.commonPool-worker-0] INFO  impl.RoleInfo (RoleInfo.java:shutdownLeaderState(91)) - 705ac139-4337-45d7-ba9f-5c344296e65f: shutdown 705ac139-4337-45d7-ba9f-5c344296e65f@group-6EB0679847A7-LeaderStateImpl
2022-05-11 01:30:14,070 [Listener at localhost/38653] INFO  util.JmxRegister (JmxRegister.java:unregister(73)) - Successfully un-registered JMX Bean with object name Ratis:service=RaftServer,group=group-D8C08AEA218B,id=7534a985-5663-44b5-b700-fcde65f49754
2022-05-11 01:30:14,070 [ForkJoinPool.commonPool-worker-0] INFO  impl.PendingRequests (PendingRequests.java:sendNotLeaderResponses(282)) - 705ac139-4337-45d7-ba9f-5c344296e65f@group-6EB0679847A7-PendingRequests: sendNotLeaderResponses
2022-05-11 01:30:14,071 [Listener at localhost/38653] INFO  impl.RoleInfo (RoleInfo.java:shutdownFollowerState(108)) - 7534a985-5663-44b5-b700-fcde65f49754: shutdown 7534a985-5663-44b5-b700-fcde65f49754@group-D8C08AEA218B-FollowerState
2022-05-11 01:30:14,072 [7534a985-5663-44b5-b700-fcde65f49754@group-D8C08AEA218B-FollowerState] INFO  impl.FollowerState (FollowerState.java:run(143)) - 7534a985-5663-44b5-b700-fcde65f49754@group-D8C08AEA218B-FollowerState was interrupted: {}
java.lang.InterruptedException: sleep interrupted
	at java.lang.Thread.sleep(Native Method)
	at java.lang.Thread.sleep(Thread.java:342)
	at java.util.concurrent.TimeUnit.sleep(TimeUnit.java:386)
	at org.apache.ratis.util.TimeDuration.sleep(TimeDuration.java:324)
	at org.apache.ratis.util.TimeDuration.sleep(TimeDuration.java:309)
	at org.apache.ratis.server.impl.FollowerState.run(FollowerState.java:118)
2022-05-11 01:30:14,072 [Listener at localhost/38653] INFO  impl.StateMachineUpdater (StateMachineUpdater.java:stopAndJoin(149)) - 7534a985-5663-44b5-b700-fcde65f49754@group-D8C08AEA218B-StateMachineUpdater: set stopIndex = 0
2022-05-11 01:30:14,073 [7534a985-5663-44b5-b700-fcde65f49754@group-D8C08AEA218B-StateMachineUpdater] INFO  ratis.ContainerStateMachine (ContainerStateMachine.java:takeSnapshot(304)) - group-D8C08AEA218B: Taking a snapshot at:(t:1, i:0) file /home/runner/work/ozone/ozone/hadoop-ozone/integration-test/target/test-dir/MiniOzoneClusterImpl-ae28b10a-1883-433e-acb0-7438b5479a4c/datanode-1/data/ratis/72123b01-d7b0-41b2-bff4-d8c08aea218b/sm/snapshot.1_0
2022-05-11 01:30:14,078 [ForkJoinPool.commonPool-worker-0] INFO  impl.StateMachineUpdater (StateMachineUpdater.java:stopAndJoin(149)) - 705ac139-4337-45d7-ba9f-5c344296e65f@group-6EB0679847A7-StateMachineUpdater: set stopIndex = 12
2022-05-11 01:30:14,078 [705ac139-4337-45d7-ba9f-5c344296e65f@group-6EB0679847A7-StateMachineUpdater] INFO  ratis.ContainerStateMachine (ContainerStateMachine.java:takeSnapshot(304)) - group-6EB0679847A7: Taking a snapshot at:(t:1, i:12) file /home/runner/work/ozone/ozone/hadoop-ozone/integration-test/target/test-dir/MiniOzoneClusterImpl-ae28b10a-1883-433e-acb0-7438b5479a4c/datanode-0/data/ratis/47a80de7-e11b-449c-a1d3-6eb0679847a7/sm/snapshot.1_12
2022-05-11 01:30:14,094 [7534a985-5663-44b5-b700-fcde65f49754@group-D8C08AEA218B-StateMachineUpdater] INFO  ratis.ContainerStateMachine (ContainerStateMachine.java:takeSnapshot(315)) - group-D8C08AEA218B: Finished taking a snapshot at:(t:1, i:0) file:/home/runner/work/ozone/ozone/hadoop-ozone/integration-test/target/test-dir/MiniOzoneClusterImpl-ae28b10a-1883-433e-acb0-7438b5479a4c/datanode-1/data/ratis/72123b01-d7b0-41b2-bff4-d8c08aea218b/sm/snapshot.1_0 took: 22 ms
2022-05-11 01:30:14,096 [7534a985-5663-44b5-b700-fcde65f49754@group-D8C08AEA218B-StateMachineUpdater] INFO  impl.StateMachineUpdater (StateMachineUpdater.java:takeSnapshot(281)) - 7534a985-5663-44b5-b700-fcde65f49754@group-D8C08AEA218B-StateMachineUpdater: Took a snapshot at index 0
2022-05-11 01:30:14,096 [7534a985-5663-44b5-b700-fcde65f49754@group-D8C08AEA218B-StateMachineUpdater] INFO  impl.StateMachineUpdater (StateMachineUpdater.java:lambda$new$0(89)) - 7534a985-5663-44b5-b700-fcde65f49754@group-D8C08AEA218B-StateMachineUpdater: snapshotIndex: updateIncreasingly -1 -> 0
2022-05-11 01:30:14,102 [Listener at localhost/38653] INFO  server.RaftServer$Division (ServerState.java:close(419)) - 7534a985-5663-44b5-b700-fcde65f49754@group-D8C08AEA218B: closes. applyIndex: 0
2022-05-11 01:30:14,102 [705ac139-4337-45d7-ba9f-5c344296e65f@group-6EB0679847A7-StateMachineUpdater] INFO  ratis.ContainerStateMachine (ContainerStateMachine.java:takeSnapshot(315)) - group-6EB0679847A7: Finished taking a snapshot at:(t:1, i:12) file:/home/runner/work/ozone/ozone/hadoop-ozone/integration-test/target/test-dir/MiniOzoneClusterImpl-ae28b10a-1883-433e-acb0-7438b5479a4c/datanode-0/data/ratis/47a80de7-e11b-449c-a1d3-6eb0679847a7/sm/snapshot.1_12 took: 21 ms
2022-05-11 01:30:14,102 [7534a985-5663-44b5-b700-fcde65f49754@group-D8C08AEA218B-SegmentedRaftLogWorker] INFO  segmented.SegmentedRaftLogWorker (SegmentedRaftLogWorker.java:run(327)) - 7534a985-5663-44b5-b700-fcde65f49754@group-D8C08AEA218B-SegmentedRaftLogWorker was interrupted, exiting. There are 0 tasks remaining in the queue.
2022-05-11 01:30:14,103 [Listener at localhost/38653] INFO  segmented.SegmentedRaftLogWorker (SegmentedRaftLogWorker.java:close(237)) - 7534a985-5663-44b5-b700-fcde65f49754@group-D8C08AEA218B-SegmentedRaftLogWorker close()
2022-05-11 01:30:14,103 [705ac139-4337-45d7-ba9f-5c344296e65f@group-6EB0679847A7-StateMachineUpdater] INFO  impl.StateMachineUpdater (StateMachineUpdater.java:takeSnapshot(281)) - 705ac139-4337-45d7-ba9f-5c344296e65f@group-6EB0679847A7-StateMachineUpdater: Took a snapshot at index 12
2022-05-11 01:30:14,107 [Listener at localhost/38653] INFO  server.RaftServer$Division (RaftServerImpl.java:lambda$close$4(412)) - 7534a985-5663-44b5-b700-fcde65f49754@group-BB2467D81C1B: shutdown
2022-05-11 01:30:14,109 [Listener at localhost/38653] INFO  util.JmxRegister (JmxRegister.java:unregister(73)) - Successfully un-registered JMX Bean with object name Ratis:service=RaftServer,group=group-BB2467D81C1B,id=7534a985-5663-44b5-b700-fcde65f49754
2022-05-11 01:30:14,109 [Listener at localhost/38653] INFO  impl.RoleInfo (RoleInfo.java:shutdownLeaderState(91)) - 7534a985-5663-44b5-b700-fcde65f49754: shutdown 7534a985-5663-44b5-b700-fcde65f49754@group-BB2467D81C1B-LeaderStateImpl
2022-05-11 01:30:14,109 [Listener at localhost/38653] INFO  impl.PendingRequests (PendingRequests.java:sendNotLeaderResponses(282)) - 7534a985-5663-44b5-b700-fcde65f49754@group-BB2467D81C1B-PendingRequests: sendNotLeaderResponses
2022-05-11 01:30:14,109 [705ac139-4337-45d7-ba9f-5c344296e65f@group-6EB0679847A7-StateMachineUpdater] INFO  impl.StateMachineUpdater (StateMachineUpdater.java:lambda$new$0(89)) - 705ac139-4337-45d7-ba9f-5c344296e65f@group-6EB0679847A7-StateMachineUpdater: snapshotIndex: updateIncreasingly -1 -> 12
2022-05-11 01:30:14,110 [Listener at localhost/38653] INFO  impl.StateMachineUpdater (StateMachineUpdater.java:stopAndJoin(149)) - 7534a985-5663-44b5-b700-fcde65f49754@group-BB2467D81C1B-StateMachineUpdater: set stopIndex = 0
2022-05-11 01:30:14,111 [7534a985-5663-44b5-b700-fcde65f49754@group-BB2467D81C1B->eee5cc7d-4700-49e9-a538-fde0b838210a-GrpcLogAppender-LogAppenderDaemon] WARN  server.GrpcLogAppender (GrpcLogAppender.java:mayWait(177)) - 7534a985-5663-44b5-b700-fcde65f49754@group-BB2467D81C1B->eee5cc7d-4700-49e9-a538-fde0b838210a-GrpcLogAppender: Wait interrupted by java.lang.InterruptedException
2022-05-11 01:30:14,111 [ForkJoinPool.commonPool-worker-0] INFO  server.RaftServer$Division (ServerState.java:close(419)) - 705ac139-4337-45d7-ba9f-5c344296e65f@group-6EB0679847A7: closes. applyIndex: 12
2022-05-11 01:30:14,111 [7534a985-5663-44b5-b700-fcde65f49754@group-BB2467D81C1B->705ac139-4337-45d7-ba9f-5c344296e65f-GrpcLogAppender-LogAppenderDaemon] WARN  server.GrpcLogAppender (GrpcLogAppender.java:mayWait(177)) - 7534a985-5663-44b5-b700-fcde65f49754@group-BB2467D81C1B->705ac139-4337-45d7-ba9f-5c344296e65f-GrpcLogAppender: Wait interrupted by java.lang.InterruptedException
2022-05-11 01:30:14,112 [7534a985-5663-44b5-b700-fcde65f49754@group-BB2467D81C1B-StateMachineUpdater] INFO  ratis.ContainerStateMachine (ContainerStateMachine.java:takeSnapshot(304)) - group-BB2467D81C1B: Taking a snapshot at:(t:5, i:0) file /home/runner/work/ozone/ozone/hadoop-ozone/integration-test/target/test-dir/MiniOzoneClusterImpl-ae28b10a-1883-433e-acb0-7438b5479a4c/datanode-1/data/ratis/e6233ef8-8c88-4cd3-85d2-bb2467d81c1b/sm/snapshot.5_0
2022-05-11 01:30:14,112 [705ac139-4337-45d7-ba9f-5c344296e65f@group-6EB0679847A7-SegmentedRaftLogWorker] INFO  segmented.SegmentedRaftLogWorker (SegmentedRaftLogWorker.java:run(327)) - 705ac139-4337-45d7-ba9f-5c344296e65f@group-6EB0679847A7-SegmentedRaftLogWorker was interrupted, exiting. There are 0 tasks remaining in the queue.
2022-05-11 01:30:14,114 [grpc-default-executor-3] INFO  server.GrpcServerProtocolService (GrpcServerProtocolService.java:onCompleted(140)) - 705ac139-4337-45d7-ba9f-5c344296e65f: Completed APPEND_ENTRIES, lastRequest: 7534a985-5663-44b5-b700-fcde65f49754->705ac139-4337-45d7-ba9f-5c344296e65f#1-t5,previous=(t:0, i:0),leaderCommit=0,initializing? true,entries: size=1, first=(t:5, i:0), CONFIGURATIONENTRY
2022-05-11 01:30:14,115 [grpc-default-executor-1] INFO  server.GrpcServerProtocolService (GrpcServerProtocolService.java:onCompleted(140)) - eee5cc7d-4700-49e9-a538-fde0b838210a: Completed APPEND_ENTRIES, lastRequest: 7534a985-5663-44b5-b700-fcde65f49754->eee5cc7d-4700-49e9-a538-fde0b838210a#1-t5,previous=(t:0, i:0),leaderCommit=-1,initializing? true,entries: size=1, first=(t:5, i:0), CONFIGURATIONENTRY
2022-05-11 01:30:14,116 [grpc-default-executor-0] INFO  server.GrpcLogAppender (GrpcLogAppender.java:onCompleted(346)) - 7534a985-5663-44b5-b700-fcde65f49754@group-BB2467D81C1B->eee5cc7d-4700-49e9-a538-fde0b838210a-AppendLogResponseHandler: follower responses appendEntries COMPLETED
2022-05-11 01:30:14,116 [grpc-default-executor-0] INFO  leader.FollowerInfo (FollowerInfoImpl.java:lambda$new$0(47)) - 7534a985-5663-44b5-b700-fcde65f49754@group-BB2467D81C1B->eee5cc7d-4700-49e9-a538-fde0b838210a: nextIndex: updateUnconditionally 1 -> 0
2022-05-11 01:30:14,116 [grpc-default-executor-1] INFO  server.GrpcLogAppender (GrpcLogAppender.java:onCompleted(346)) - 7534a985-5663-44b5-b700-fcde65f49754@group-BB2467D81C1B->705ac139-4337-45d7-ba9f-5c344296e65f-AppendLogResponseHandler: follower responses appendEntries COMPLETED
2022-05-11 01:30:14,116 [grpc-default-executor-1] INFO  leader.FollowerInfo (FollowerInfoImpl.java:lambda$new$0(47)) - 7534a985-5663-44b5-b700-fcde65f49754@group-BB2467D81C1B->705ac139-4337-45d7-ba9f-5c344296e65f: nextIndex: updateUnconditionally 1 -> 0
2022-05-11 01:30:14,116 [7534a985-5663-44b5-b700-fcde65f49754@group-BB2467D81C1B-StateMachineUpdater] INFO  ratis.ContainerStateMachine (ContainerStateMachine.java:takeSnapshot(315)) - group-BB2467D81C1B: Finished taking a snapshot at:(t:5, i:0) file:/home/runner/work/ozone/ozone/hadoop-ozone/integration-test/target/test-dir/MiniOzoneClusterImpl-ae28b10a-1883-433e-acb0-7438b5479a4c/datanode-1/data/ratis/e6233ef8-8c88-4cd3-85d2-bb2467d81c1b/sm/snapshot.5_0 took: 5 ms
2022-05-11 01:30:14,116 [7534a985-5663-44b5-b700-fcde65f49754@group-BB2467D81C1B-StateMachineUpdater] INFO  impl.StateMachineUpdater (StateMachineUpdater.java:takeSnapshot(281)) - 7534a985-5663-44b5-b700-fcde65f49754@group-BB2467D81C1B-StateMachineUpdater: Took a snapshot at index 0
2022-05-11 01:30:14,116 [7534a985-5663-44b5-b700-fcde65f49754@group-BB2467D81C1B-StateMachineUpdater] INFO  impl.StateMachineUpdater (StateMachineUpdater.java:lambda$new$0(89)) - 7534a985-5663-44b5-b700-fcde65f49754@group-BB2467D81C1B-StateMachineUpdater: snapshotIndex: updateIncreasingly -1 -> 0
2022-05-11 01:30:14,118 [Listener at localhost/38653] INFO  server.RaftServer$Division (ServerState.java:close(419)) - 7534a985-5663-44b5-b700-fcde65f49754@group-BB2467D81C1B: closes. applyIndex: 0
2022-05-11 01:30:14,118 [7534a985-5663-44b5-b700-fcde65f49754@group-BB2467D81C1B-SegmentedRaftLogWorker] INFO  segmented.SegmentedRaftLogWorker (SegmentedRaftLogWorker.java:run(327)) - 7534a985-5663-44b5-b700-fcde65f49754@group-BB2467D81C1B-SegmentedRaftLogWorker was interrupted, exiting. There are 0 tasks remaining in the queue.
2022-05-11 01:30:14,118 [Listener at localhost/38653] INFO  segmented.SegmentedRaftLogWorker (SegmentedRaftLogWorker.java:close(237)) - 7534a985-5663-44b5-b700-fcde65f49754@group-BB2467D81C1B-SegmentedRaftLogWorker close()
2022-05-11 01:30:14,119 [ForkJoinPool.commonPool-worker-0] INFO  segmented.SegmentedRaftLogWorker (SegmentedRaftLogWorker.java:close(237)) - 705ac139-4337-45d7-ba9f-5c344296e65f@group-6EB0679847A7-SegmentedRaftLogWorker close()
2022-05-11 01:30:14,120 [Listener at localhost/38653] INFO  server.RaftServer$Division (RaftServerImpl.java:lambda$close$4(412)) - 7534a985-5663-44b5-b700-fcde65f49754@group-21430B2B3C56: shutdown
2022-05-11 01:30:14,120 [Listener at localhost/38653] INFO  util.JmxRegister (JmxRegister.java:unregister(73)) - Successfully un-registered JMX Bean with object name Ratis:service=RaftServer,group=group-21430B2B3C56,id=7534a985-5663-44b5-b700-fcde65f49754
2022-05-11 01:30:14,120 [Listener at localhost/38653] INFO  impl.RoleInfo (RoleInfo.java:shutdownLeaderState(91)) - 7534a985-5663-44b5-b700-fcde65f49754: shutdown 7534a985-5663-44b5-b700-fcde65f49754@group-21430B2B3C56-LeaderStateImpl
2022-05-11 01:30:14,120 [Listener at localhost/38653] INFO  impl.PendingRequests (PendingRequests.java:sendNotLeaderResponses(282)) - 7534a985-5663-44b5-b700-fcde65f49754@group-21430B2B3C56-PendingRequests: sendNotLeaderResponses
2022-05-11 01:30:14,125 [7534a985-5663-44b5-b700-fcde65f49754@group-21430B2B3C56-StateMachineUpdater] INFO  ratis.ContainerStateMachine (ContainerStateMachine.java:takeSnapshot(304)) - group-21430B2B3C56: Taking a snapshot at:(t:1, i:23) file /home/runner/work/ozone/ozone/hadoop-ozone/integration-test/target/test-dir/MiniOzoneClusterImpl-ae28b10a-1883-433e-acb0-7438b5479a4c/datanode-1/data/ratis/baab5fc4-8ed7-4209-ae47-21430b2b3c56/sm/snapshot.1_23
2022-05-11 01:30:14,126 [Listener at localhost/38653] INFO  impl.StateMachineUpdater (StateMachineUpdater.java:stopAndJoin(149)) - 7534a985-5663-44b5-b700-fcde65f49754@group-21430B2B3C56-StateMachineUpdater: set stopIndex = 23
2022-05-11 01:30:14,127 [ForkJoinPool.commonPool-worker-0] INFO  server.RaftServer$Division (RaftServerImpl.java:lambda$close$4(412)) - 705ac139-4337-45d7-ba9f-5c344296e65f@group-D8C08AEA218B: shutdown
2022-05-11 01:30:14,127 [ForkJoinPool.commonPool-worker-0] INFO  util.JmxRegister (JmxRegister.java:unregister(73)) - Successfully un-registered JMX Bean with object name Ratis:service=RaftServer,group=group-D8C08AEA218B,id=705ac139-4337-45d7-ba9f-5c344296e65f
2022-05-11 01:30:14,127 [ForkJoinPool.commonPool-worker-0] INFO  impl.RoleInfo (RoleInfo.java:shutdownLeaderState(91)) - 705ac139-4337-45d7-ba9f-5c344296e65f: shutdown 705ac139-4337-45d7-ba9f-5c344296e65f@group-D8C08AEA218B-LeaderStateImpl
2022-05-11 01:30:14,127 [7534a985-5663-44b5-b700-fcde65f49754@group-21430B2B3C56-StateMachineUpdater] INFO  ratis.ContainerStateMachine (ContainerStateMachine.java:takeSnapshot(315)) - group-21430B2B3C56: Finished taking a snapshot at:(t:1, i:23) file:/home/runner/work/ozone/ozone/hadoop-ozone/integration-test/target/test-dir/MiniOzoneClusterImpl-ae28b10a-1883-433e-acb0-7438b5479a4c/datanode-1/data/ratis/baab5fc4-8ed7-4209-ae47-21430b2b3c56/sm/snapshot.1_23 took: 2 ms
2022-05-11 01:30:14,127 [ForkJoinPool.commonPool-worker-0] INFO  impl.PendingRequests (PendingRequests.java:sendNotLeaderResponses(282)) - 705ac139-4337-45d7-ba9f-5c344296e65f@group-D8C08AEA218B-PendingRequests: sendNotLeaderResponses
2022-05-11 01:30:14,128 [7534a985-5663-44b5-b700-fcde65f49754@group-21430B2B3C56-StateMachineUpdater] INFO  impl.StateMachineUpdater (StateMachineUpdater.java:takeSnapshot(281)) - 7534a985-5663-44b5-b700-fcde65f49754@group-21430B2B3C56-StateMachineUpdater: Took a snapshot at index 23
2022-05-11 01:30:14,128 [7534a985-5663-44b5-b700-fcde65f49754@group-21430B2B3C56-StateMachineUpdater] INFO  impl.StateMachineUpdater (StateMachineUpdater.java:lambda$new$0(89)) - 7534a985-5663-44b5-b700-fcde65f49754@group-21430B2B3C56-StateMachineUpdater: snapshotIndex: updateIncreasingly -1 -> 23
2022-05-11 01:30:14,128 [ForkJoinPool.commonPool-worker-0] INFO  impl.StateMachineUpdater (StateMachineUpdater.java:stopAndJoin(149)) - 705ac139-4337-45d7-ba9f-5c344296e65f@group-D8C08AEA218B-StateMachineUpdater: set stopIndex = 0
2022-05-11 01:30:14,128 [705ac139-4337-45d7-ba9f-5c344296e65f@group-D8C08AEA218B->7534a985-5663-44b5-b700-fcde65f49754-GrpcLogAppender-LogAppenderDaemon] WARN  server.GrpcLogAppender (GrpcLogAppender.java:mayWait(177)) - 705ac139-4337-45d7-ba9f-5c344296e65f@group-D8C08AEA218B->7534a985-5663-44b5-b700-fcde65f49754-GrpcLogAppender: Wait interrupted by java.lang.InterruptedException
2022-05-11 01:30:14,128 [705ac139-4337-45d7-ba9f-5c344296e65f@group-D8C08AEA218B->eee5cc7d-4700-49e9-a538-fde0b838210a-GrpcLogAppender-LogAppenderDaemon] WARN  server.GrpcLogAppender (GrpcLogAppender.java:mayWait(177)) - 705ac139-4337-45d7-ba9f-5c344296e65f@group-D8C08AEA218B->eee5cc7d-4700-49e9-a538-fde0b838210a-GrpcLogAppender: Wait interrupted by java.lang.InterruptedException
2022-05-11 01:30:14,128 [705ac139-4337-45d7-ba9f-5c344296e65f@group-D8C08AEA218B-StateMachineUpdater] INFO  ratis.ContainerStateMachine (ContainerStateMachine.java:takeSnapshot(304)) - group-D8C08AEA218B: Taking a snapshot at:(t:1, i:0) file /home/runner/work/ozone/ozone/hadoop-ozone/integration-test/target/test-dir/MiniOzoneClusterImpl-ae28b10a-1883-433e-acb0-7438b5479a4c/datanode-0/data/ratis/72123b01-d7b0-41b2-bff4-d8c08aea218b/sm/snapshot.1_0
2022-05-11 01:30:14,130 [grpc-default-executor-3] INFO  server.GrpcServerProtocolService (GrpcServerProtocolService.java:onCompleted(140)) - eee5cc7d-4700-49e9-a538-fde0b838210a: Completed APPEND_ENTRIES, lastRequest: 705ac139-4337-45d7-ba9f-5c344296e65f->eee5cc7d-4700-49e9-a538-fde0b838210a#1-t1,previous=(t:0, i:0),leaderCommit=-1,initializing? true,entries: size=1, first=(t:1, i:0), CONFIGURATIONENTRY
2022-05-11 01:30:14,130 [705ac139-4337-45d7-ba9f-5c344296e65f@group-D8C08AEA218B-StateMachineUpdater] INFO  ratis.ContainerStateMachine (ContainerStateMachine.java:takeSnapshot(315)) - group-D8C08AEA218B: Finished taking a snapshot at:(t:1, i:0) file:/home/runner/work/ozone/ozone/hadoop-ozone/integration-test/target/test-dir/MiniOzoneClusterImpl-ae28b10a-1883-433e-acb0-7438b5479a4c/datanode-0/data/ratis/72123b01-d7b0-41b2-bff4-d8c08aea218b/sm/snapshot.1_0 took: 2 ms
2022-05-11 01:30:14,131 [705ac139-4337-45d7-ba9f-5c344296e65f@group-D8C08AEA218B-StateMachineUpdater] INFO  impl.StateMachineUpdater (StateMachineUpdater.java:takeSnapshot(281)) - 705ac139-4337-45d7-ba9f-5c344296e65f@group-D8C08AEA218B-StateMachineUpdater: Took a snapshot at index 0
2022-05-11 01:30:14,131 [705ac139-4337-45d7-ba9f-5c344296e65f@group-D8C08AEA218B-StateMachineUpdater] INFO  impl.StateMachineUpdater (StateMachineUpdater.java:lambda$new$0(89)) - 705ac139-4337-45d7-ba9f-5c344296e65f@group-D8C08AEA218B-StateMachineUpdater: snapshotIndex: updateIncreasingly -1 -> 0
2022-05-11 01:30:14,131 [ForkJoinPool.commonPool-worker-0] INFO  server.RaftServer$Division (ServerState.java:close(419)) - 705ac139-4337-45d7-ba9f-5c344296e65f@group-D8C08AEA218B: closes. applyIndex: 0
2022-05-11 01:30:14,131 [grpc-default-executor-1] INFO  server.GrpcLogAppender (GrpcLogAppender.java:onCompleted(346)) - 705ac139-4337-45d7-ba9f-5c344296e65f@group-D8C08AEA218B->eee5cc7d-4700-49e9-a538-fde0b838210a-AppendLogResponseHandler: follower responses appendEntries COMPLETED
2022-05-11 01:30:14,131 [705ac139-4337-45d7-ba9f-5c344296e65f@group-D8C08AEA218B-SegmentedRaftLogWorker] INFO  segmented.SegmentedRaftLogWorker (SegmentedRaftLogWorker.java:run(327)) - 705ac139-4337-45d7-ba9f-5c344296e65f@group-D8C08AEA218B-SegmentedRaftLogWorker was interrupted, exiting. There are 0 tasks remaining in the queue.
2022-05-11 01:30:14,131 [grpc-default-executor-1] INFO  leader.FollowerInfo (FollowerInfoImpl.java:lambda$new$0(47)) - 705ac139-4337-45d7-ba9f-5c344296e65f@group-D8C08AEA218B->eee5cc7d-4700-49e9-a538-fde0b838210a: nextIndex: updateUnconditionally 1 -> 0
2022-05-11 01:30:14,132 [ForkJoinPool.commonPool-worker-0] INFO  segmented.SegmentedRaftLogWorker (SegmentedRaftLogWorker.java:close(237)) - 705ac139-4337-45d7-ba9f-5c344296e65f@group-D8C08AEA218B-SegmentedRaftLogWorker close()
2022-05-11 01:30:14,132 [grpc-default-executor-1] INFO  server.GrpcServerProtocolService (GrpcServerProtocolService.java:onCompleted(140)) - 7534a985-5663-44b5-b700-fcde65f49754: Completed APPEND_ENTRIES, lastRequest: 705ac139-4337-45d7-ba9f-5c344296e65f->7534a985-5663-44b5-b700-fcde65f49754#1-t1,previous=(t:0, i:0),leaderCommit=0,initializing? true,entries: size=1, first=(t:1, i:0), CONFIGURATIONENTRY
2022-05-11 01:30:14,132 [grpc-default-executor-3] INFO  server.GrpcLogAppender (GrpcLogAppender.java:onCompleted(346)) - 705ac139-4337-45d7-ba9f-5c344296e65f@group-D8C08AEA218B->7534a985-5663-44b5-b700-fcde65f49754-AppendLogResponseHandler: follower responses appendEntries COMPLETED
2022-05-11 01:30:14,132 [grpc-default-executor-3] INFO  leader.FollowerInfo (FollowerInfoImpl.java:lambda$new$0(47)) - 705ac139-4337-45d7-ba9f-5c344296e65f@group-D8C08AEA218B->7534a985-5663-44b5-b700-fcde65f49754: nextIndex: updateUnconditionally 1 -> 0
2022-05-11 01:30:14,133 [Listener at localhost/38653] INFO  server.RaftServer$Division (ServerState.java:close(419)) - 7534a985-5663-44b5-b700-fcde65f49754@group-21430B2B3C56: closes. applyIndex: 23
2022-05-11 01:30:14,133 [7534a985-5663-44b5-b700-fcde65f49754@group-21430B2B3C56-SegmentedRaftLogWorker] INFO  segmented.SegmentedRaftLogWorker (SegmentedRaftLogWorker.java:run(327)) - 7534a985-5663-44b5-b700-fcde65f49754@group-21430B2B3C56-SegmentedRaftLogWorker was interrupted, exiting. There are 0 tasks remaining in the queue.
2022-05-11 01:30:14,134 [Listener at localhost/38653] INFO  segmented.SegmentedRaftLogWorker (SegmentedRaftLogWorker.java:close(237)) - 7534a985-5663-44b5-b700-fcde65f49754@group-21430B2B3C56-SegmentedRaftLogWorker close()
2022-05-11 01:30:14,134 [ForkJoinPool.commonPool-worker-0] INFO  server.RaftServer$Division (RaftServerImpl.java:lambda$close$4(412)) - 705ac139-4337-45d7-ba9f-5c344296e65f@group-BB2467D81C1B: shutdown
2022-05-11 01:30:14,134 [ForkJoinPool.commonPool-worker-0] INFO  util.JmxRegister (JmxRegister.java:unregister(73)) - Successfully un-registered JMX Bean with object name Ratis:service=RaftServer,group=group-BB2467D81C1B,id=705ac139-4337-45d7-ba9f-5c344296e65f
2022-05-11 01:30:14,134 [ForkJoinPool.commonPool-worker-0] INFO  impl.RoleInfo (RoleInfo.java:shutdownFollowerState(108)) - 705ac139-4337-45d7-ba9f-5c344296e65f: shutdown 705ac139-4337-45d7-ba9f-5c344296e65f@group-BB2467D81C1B-FollowerState
2022-05-11 01:30:14,134 [ForkJoinPool.commonPool-worker-0] INFO  impl.StateMachineUpdater (StateMachineUpdater.java:stopAndJoin(149)) - 705ac139-4337-45d7-ba9f-5c344296e65f@group-BB2467D81C1B-StateMachineUpdater: set stopIndex = 0
2022-05-11 01:30:14,135 [705ac139-4337-45d7-ba9f-5c344296e65f@group-BB2467D81C1B-StateMachineUpdater] INFO  ratis.ContainerStateMachine (ContainerStateMachine.java:takeSnapshot(304)) - group-BB2467D81C1B: Taking a snapshot at:(t:5, i:0) file /home/runner/work/ozone/ozone/hadoop-ozone/integration-test/target/test-dir/MiniOzoneClusterImpl-ae28b10a-1883-433e-acb0-7438b5479a4c/datanode-0/data/ratis/e6233ef8-8c88-4cd3-85d2-bb2467d81c1b/sm/snapshot.5_0
2022-05-11 01:30:14,135 [705ac139-4337-45d7-ba9f-5c344296e65f@group-BB2467D81C1B-FollowerState] INFO  impl.FollowerState (FollowerState.java:run(143)) - 705ac139-4337-45d7-ba9f-5c344296e65f@group-BB2467D81C1B-FollowerState was interrupted: {}
java.lang.InterruptedException: sleep interrupted
	at java.lang.Thread.sleep(Native Method)
	at java.lang.Thread.sleep(Thread.java:342)
	at java.util.concurrent.TimeUnit.sleep(TimeUnit.java:386)
	at org.apache.ratis.util.TimeDuration.sleep(TimeDuration.java:324)
	at org.apache.ratis.util.TimeDuration.sleep(TimeDuration.java:309)
	at org.apache.ratis.server.impl.FollowerState.run(FollowerState.java:118)
2022-05-11 01:30:14,136 [705ac139-4337-45d7-ba9f-5c344296e65f@group-BB2467D81C1B-StateMachineUpdater] INFO  ratis.ContainerStateMachine (ContainerStateMachine.java:takeSnapshot(315)) - group-BB2467D81C1B: Finished taking a snapshot at:(t:5, i:0) file:/home/runner/work/ozone/ozone/hadoop-ozone/integration-test/target/test-dir/MiniOzoneClusterImpl-ae28b10a-1883-433e-acb0-7438b5479a4c/datanode-0/data/ratis/e6233ef8-8c88-4cd3-85d2-bb2467d81c1b/sm/snapshot.5_0 took: 1 ms
2022-05-11 01:30:14,136 [705ac139-4337-45d7-ba9f-5c344296e65f@group-BB2467D81C1B-StateMachineUpdater] INFO  impl.StateMachineUpdater (StateMachineUpdater.java:takeSnapshot(281)) - 705ac139-4337-45d7-ba9f-5c344296e65f@group-BB2467D81C1B-StateMachineUpdater: Took a snapshot at index 0
2022-05-11 01:30:14,136 [705ac139-4337-45d7-ba9f-5c344296e65f@group-BB2467D81C1B-StateMachineUpdater] INFO  impl.StateMachineUpdater (StateMachineUpdater.java:lambda$new$0(89)) - 705ac139-4337-45d7-ba9f-5c344296e65f@group-BB2467D81C1B-StateMachineUpdater: snapshotIndex: updateIncreasingly -1 -> 0
2022-05-11 01:30:14,136 [ForkJoinPool.commonPool-worker-0] INFO  server.RaftServer$Division (ServerState.java:close(419)) - 705ac139-4337-45d7-ba9f-5c344296e65f@group-BB2467D81C1B: closes. applyIndex: 0
2022-05-11 01:30:14,137 [705ac139-4337-45d7-ba9f-5c344296e65f@group-BB2467D81C1B-SegmentedRaftLogWorker] INFO  segmented.SegmentedRaftLogWorker (SegmentedRaftLogWorker.java:run(327)) - 705ac139-4337-45d7-ba9f-5c344296e65f@group-BB2467D81C1B-SegmentedRaftLogWorker was interrupted, exiting. There are 0 tasks remaining in the queue.
2022-05-11 01:30:14,137 [Listener at localhost/38653] INFO  server.GrpcService (GrpcService.java:closeImpl(262)) - 7534a985-5663-44b5-b700-fcde65f49754: shutdown server with port 34977 now
2022-05-11 01:30:14,137 [ForkJoinPool.commonPool-worker-0] INFO  segmented.SegmentedRaftLogWorker (SegmentedRaftLogWorker.java:close(237)) - 705ac139-4337-45d7-ba9f-5c344296e65f@group-BB2467D81C1B-SegmentedRaftLogWorker close()
2022-05-11 01:30:14,144 [ForkJoinPool.commonPool-worker-0] INFO  server.GrpcService (GrpcService.java:closeImpl(262)) - 705ac139-4337-45d7-ba9f-5c344296e65f: shutdown server with port 37439 now
2022-05-11 01:30:14,154 [Listener at localhost/38653] INFO  server.GrpcService (GrpcService.java:closeImpl(271)) - 7534a985-5663-44b5-b700-fcde65f49754: shutdown server with port 34977 successfully
2022-05-11 01:30:14,155 [ForkJoinPool.commonPool-worker-0] INFO  server.GrpcService (GrpcService.java:closeImpl(271)) - 705ac139-4337-45d7-ba9f-5c344296e65f: shutdown server with port 37439 successfully
2022-05-11 01:30:14,155 [org.apache.ratis.util.JvmPauseMonitor$$Lambda$637/1274334510@6d7bec7a] INFO  util.JvmPauseMonitor (JvmPauseMonitor.java:run(109)) - JvmPauseMonitor-7534a985-5663-44b5-b700-fcde65f49754: Stopped
2022-05-11 01:30:14,155 [org.apache.ratis.util.JvmPauseMonitor$$Lambda$637/1274334510@4b4f672f] INFO  util.JvmPauseMonitor (JvmPauseMonitor.java:run(109)) - JvmPauseMonitor-705ac139-4337-45d7-ba9f-5c344296e65f: Stopped
2022-05-11 01:30:14,866 [EndpointStateMachine task thread for /0.0.0.0:46775 - 0 ] INFO  ipc.Client (Client.java:handleConnectionFailure(977)) - Retrying connect to server: 0.0.0.0/0.0.0.0:46775. Already tried 3 time(s); retry policy is RetryUpToMaximumCountWithFixedSleep(maxRetries=15, sleepTime=1000 MILLISECONDS)
2022-05-11 01:30:15,139 [omNode-3@group-523986131536-FollowerState] INFO  impl.FollowerState (FollowerState.java:run(134)) - omNode-3@group-523986131536-FollowerState: change to CANDIDATE, lastRpcElapsedTime:1160761243ns, electionTimeout:1160ms
2022-05-11 01:30:15,140 [omNode-3@group-523986131536-FollowerState] INFO  impl.RoleInfo (RoleInfo.java:shutdownFollowerState(108)) - omNode-3: shutdown omNode-3@group-523986131536-FollowerState
2022-05-11 01:30:15,140 [omNode-3@group-523986131536-FollowerState] INFO  server.RaftServer$Division (RaftServerImpl.java:setRole(290)) - omNode-3@group-523986131536: changes role from  FOLLOWER to CANDIDATE at term 26 for changeToCandidate
2022-05-11 01:30:15,140 [omNode-3@group-523986131536-FollowerState] INFO  server.RaftServerConfigKeys (ConfUtils.java:logGet(44)) - raft.server.leaderelection.pre-vote = false (custom)
2022-05-11 01:30:15,140 [omNode-3@group-523986131536-FollowerState] INFO  impl.RoleInfo (RoleInfo.java:updateAndGet(130)) - omNode-3: start omNode-3@group-523986131536-LeaderElection40
2022-05-11 01:30:15,143 [omNode-3@group-523986131536-LeaderElection40] INFO  impl.LeaderElection (LeaderElection.java:askForVotes(306)) - omNode-3@group-523986131536-LeaderElection40 ELECTION round 0: submit vote requests at term 27 for 145: [omNode-3|rpc:localhost:40799|admin:|client:|dataStream:|priority:0, omNode-1|rpc:localhost:37959|admin:|client:|dataStream:|priority:0, omNode-2|rpc:localhost:36649|admin:|client:|dataStream:|priority:0], old=null
2022-05-11 01:30:15,144 [omNode-3@group-523986131536-LeaderElection40] INFO  impl.LeaderElection (LogUtils.java:infoOrTrace(137)) - omNode-3@group-523986131536-LeaderElection40 got exception when requesting votes: java.util.concurrent.ExecutionException: org.apache.ratis.thirdparty.io.grpc.StatusRuntimeException: UNAVAILABLE: io exception
2022-05-11 01:30:15,144 [omNode-3@group-523986131536-LeaderElection40] INFO  impl.LeaderElection (LogUtils.java:infoOrTrace(137)) - omNode-3@group-523986131536-LeaderElection40 got exception when requesting votes: java.util.concurrent.ExecutionException: org.apache.ratis.thirdparty.io.grpc.StatusRuntimeException: UNAVAILABLE: io exception
2022-05-11 01:30:15,144 [omNode-3@group-523986131536-LeaderElection40] INFO  impl.LeaderElection (LeaderElection.java:logAndReturn(89)) - omNode-3@group-523986131536-LeaderElection40: ELECTION REJECTED received 0 response(s) and 2 exception(s):
2022-05-11 01:30:15,144 [omNode-3@group-523986131536-LeaderElection40] INFO  impl.LeaderElection (LogUtils.java:infoOrTrace(137)) -   Exception 0: java.util.concurrent.ExecutionException: org.apache.ratis.thirdparty.io.grpc.StatusRuntimeException: UNAVAILABLE: io exception
2022-05-11 01:30:15,144 [omNode-3@group-523986131536-LeaderElection40] INFO  impl.LeaderElection (LogUtils.java:infoOrTrace(137)) -   Exception 1: java.util.concurrent.ExecutionException: org.apache.ratis.thirdparty.io.grpc.StatusRuntimeException: UNAVAILABLE: io exception
2022-05-11 01:30:15,144 [omNode-3@group-523986131536-LeaderElection40] INFO  impl.LeaderElection (LeaderElection.java:askForVotes(308)) - omNode-3@group-523986131536-LeaderElection40 ELECTION round 0: result REJECTED
2022-05-11 01:30:15,144 [omNode-3@group-523986131536-LeaderElection40] INFO  server.RaftServer$Division (RaftServerImpl.java:setRole(290)) - omNode-3@group-523986131536: changes role from CANDIDATE to FOLLOWER at term 27 for REJECTED
2022-05-11 01:30:15,144 [omNode-3@group-523986131536-LeaderElection40] INFO  impl.RoleInfo (RoleInfo.java:shutdownLeaderElection(121)) - omNode-3: shutdown omNode-3@group-523986131536-LeaderElection40
2022-05-11 01:30:15,144 [omNode-3@group-523986131536-LeaderElection40] INFO  impl.RoleInfo (RoleInfo.java:updateAndGet(130)) - omNode-3: start omNode-3@group-523986131536-FollowerState
2022-05-11 01:30:15,867 [EndpointStateMachine task thread for /0.0.0.0:46775 - 0 ] INFO  ipc.Client (Client.java:handleConnectionFailure(977)) - Retrying connect to server: 0.0.0.0/0.0.0.0:46775. Already tried 4 time(s); retry policy is RetryUpToMaximumCountWithFixedSleep(maxRetries=15, sleepTime=1000 MILLISECONDS)
2022-05-11 01:30:16,176 [Listener at localhost/38653] INFO  utils.BackgroundService (BackgroundService.java:shutdown(132)) - Shutting down service BlockDeletingService
2022-05-11 01:30:16,179 [ForkJoinPool.commonPool-worker-0] INFO  utils.BackgroundService (BackgroundService.java:shutdown(132)) - Shutting down service BlockDeletingService
2022-05-11 01:30:16,314 [omNode-3@group-523986131536-FollowerState] INFO  impl.FollowerState (FollowerState.java:run(134)) - omNode-3@group-523986131536-FollowerState: change to CANDIDATE, lastRpcElapsedTime:1169338633ns, electionTimeout:1169ms
2022-05-11 01:30:16,314 [omNode-3@group-523986131536-FollowerState] INFO  impl.RoleInfo (RoleInfo.java:shutdownFollowerState(108)) - omNode-3: shutdown omNode-3@group-523986131536-FollowerState
2022-05-11 01:30:16,314 [omNode-3@group-523986131536-FollowerState] INFO  server.RaftServer$Division (RaftServerImpl.java:setRole(290)) - omNode-3@group-523986131536: changes role from  FOLLOWER to CANDIDATE at term 27 for changeToCandidate
2022-05-11 01:30:16,314 [omNode-3@group-523986131536-FollowerState] INFO  server.RaftServerConfigKeys (ConfUtils.java:logGet(44)) - raft.server.leaderelection.pre-vote = false (custom)
2022-05-11 01:30:16,314 [omNode-3@group-523986131536-FollowerState] INFO  impl.RoleInfo (RoleInfo.java:updateAndGet(130)) - omNode-3: start omNode-3@group-523986131536-LeaderElection41
2022-05-11 01:30:16,328 [omNode-3@group-523986131536-LeaderElection41] INFO  impl.LeaderElection (LeaderElection.java:askForVotes(306)) - omNode-3@group-523986131536-LeaderElection41 ELECTION round 0: submit vote requests at term 28 for 145: [omNode-3|rpc:localhost:40799|admin:|client:|dataStream:|priority:0, omNode-1|rpc:localhost:37959|admin:|client:|dataStream:|priority:0, omNode-2|rpc:localhost:36649|admin:|client:|dataStream:|priority:0], old=null
2022-05-11 01:30:16,337 [omNode-3@group-523986131536-LeaderElection41] INFO  impl.LeaderElection (LogUtils.java:infoOrTrace(137)) - omNode-3@group-523986131536-LeaderElection41 got exception when requesting votes: java.util.concurrent.ExecutionException: org.apache.ratis.thirdparty.io.grpc.StatusRuntimeException: UNAVAILABLE: io exception
2022-05-11 01:30:16,341 [omNode-3@group-523986131536-LeaderElection41] INFO  impl.LeaderElection (LogUtils.java:infoOrTrace(137)) - omNode-3@group-523986131536-LeaderElection41 got exception when requesting votes: java.util.concurrent.ExecutionException: org.apache.ratis.thirdparty.io.grpc.StatusRuntimeException: UNAVAILABLE: io exception
2022-05-11 01:30:16,341 [omNode-3@group-523986131536-LeaderElection41] INFO  impl.LeaderElection (LeaderElection.java:logAndReturn(89)) - omNode-3@group-523986131536-LeaderElection41: ELECTION REJECTED received 0 response(s) and 2 exception(s):
2022-05-11 01:30:16,341 [omNode-3@group-523986131536-LeaderElection41] INFO  impl.LeaderElection (LogUtils.java:infoOrTrace(137)) -   Exception 0: java.util.concurrent.ExecutionException: org.apache.ratis.thirdparty.io.grpc.StatusRuntimeException: UNAVAILABLE: io exception
2022-05-11 01:30:16,341 [omNode-3@group-523986131536-LeaderElection41] INFO  impl.LeaderElection (LogUtils.java:infoOrTrace(137)) -   Exception 1: java.util.concurrent.ExecutionException: org.apache.ratis.thirdparty.io.grpc.StatusRuntimeException: UNAVAILABLE: io exception
2022-05-11 01:30:16,341 [omNode-3@group-523986131536-LeaderElection41] INFO  impl.LeaderElection (LeaderElection.java:askForVotes(308)) - omNode-3@group-523986131536-LeaderElection41 ELECTION round 0: result REJECTED
2022-05-11 01:30:16,341 [omNode-3@group-523986131536-LeaderElection41] INFO  server.RaftServer$Division (RaftServerImpl.java:setRole(290)) - omNode-3@group-523986131536: changes role from CANDIDATE to FOLLOWER at term 28 for REJECTED
2022-05-11 01:30:16,341 [omNode-3@group-523986131536-LeaderElection41] INFO  impl.RoleInfo (RoleInfo.java:shutdownLeaderElection(121)) - omNode-3: shutdown omNode-3@group-523986131536-LeaderElection41
2022-05-11 01:30:16,341 [omNode-3@group-523986131536-LeaderElection41] INFO  impl.RoleInfo (RoleInfo.java:updateAndGet(130)) - omNode-3: start omNode-3@group-523986131536-FollowerState
2022-05-11 01:30:16,867 [EndpointStateMachine task thread for /0.0.0.0:46775 - 0 ] INFO  ipc.Client (Client.java:handleConnectionFailure(977)) - Retrying connect to server: 0.0.0.0/0.0.0.0:46775. Already tried 5 time(s); retry policy is RetryUpToMaximumCountWithFixedSleep(maxRetries=15, sleepTime=1000 MILLISECONDS)
2022-05-11 01:30:17,403 [omNode-3@group-523986131536-FollowerState] INFO  impl.FollowerState (FollowerState.java:run(134)) - omNode-3@group-523986131536-FollowerState: change to CANDIDATE, lastRpcElapsedTime:1061085804ns, electionTimeout:1055ms
2022-05-11 01:30:17,403 [omNode-3@group-523986131536-FollowerState] INFO  impl.RoleInfo (RoleInfo.java:shutdownFollowerState(108)) - omNode-3: shutdown omNode-3@group-523986131536-FollowerState
2022-05-11 01:30:17,403 [omNode-3@group-523986131536-FollowerState] INFO  server.RaftServer$Division (RaftServerImpl.java:setRole(290)) - omNode-3@group-523986131536: changes role from  FOLLOWER to CANDIDATE at term 28 for changeToCandidate
2022-05-11 01:30:17,403 [omNode-3@group-523986131536-FollowerState] INFO  server.RaftServerConfigKeys (ConfUtils.java:logGet(44)) - raft.server.leaderelection.pre-vote = false (custom)
2022-05-11 01:30:17,403 [omNode-3@group-523986131536-FollowerState] INFO  impl.RoleInfo (RoleInfo.java:updateAndGet(130)) - omNode-3: start omNode-3@group-523986131536-LeaderElection42
2022-05-11 01:30:17,412 [omNode-3@group-523986131536-LeaderElection42] INFO  impl.LeaderElection (LeaderElection.java:askForVotes(306)) - omNode-3@group-523986131536-LeaderElection42 ELECTION round 0: submit vote requests at term 29 for 145: [omNode-3|rpc:localhost:40799|admin:|client:|dataStream:|priority:0, omNode-1|rpc:localhost:37959|admin:|client:|dataStream:|priority:0, omNode-2|rpc:localhost:36649|admin:|client:|dataStream:|priority:0], old=null
2022-05-11 01:30:17,423 [omNode-3@group-523986131536-LeaderElection42] INFO  impl.LeaderElection (LogUtils.java:infoOrTrace(137)) - omNode-3@group-523986131536-LeaderElection42 got exception when requesting votes: java.util.concurrent.ExecutionException: org.apache.ratis.thirdparty.io.grpc.StatusRuntimeException: UNAVAILABLE: io exception
2022-05-11 01:30:17,423 [omNode-3@group-523986131536-LeaderElection42] INFO  impl.LeaderElection (LogUtils.java:infoOrTrace(137)) - omNode-3@group-523986131536-LeaderElection42 got exception when requesting votes: java.util.concurrent.ExecutionException: org.apache.ratis.thirdparty.io.grpc.StatusRuntimeException: UNAVAILABLE: io exception
2022-05-11 01:30:17,423 [omNode-3@group-523986131536-LeaderElection42] INFO  impl.LeaderElection (LeaderElection.java:logAndReturn(89)) - omNode-3@group-523986131536-LeaderElection42: ELECTION REJECTED received 0 response(s) and 2 exception(s):
2022-05-11 01:30:17,423 [omNode-3@group-523986131536-LeaderElection42] INFO  impl.LeaderElection (LogUtils.java:infoOrTrace(137)) -   Exception 0: java.util.concurrent.ExecutionException: org.apache.ratis.thirdparty.io.grpc.StatusRuntimeException: UNAVAILABLE: io exception
2022-05-11 01:30:17,423 [omNode-3@group-523986131536-LeaderElection42] INFO  impl.LeaderElection (LogUtils.java:infoOrTrace(137)) -   Exception 1: java.util.concurrent.ExecutionException: org.apache.ratis.thirdparty.io.grpc.StatusRuntimeException: UNAVAILABLE: io exception
2022-05-11 01:30:17,423 [omNode-3@group-523986131536-LeaderElection42] INFO  impl.LeaderElection (LeaderElection.java:askForVotes(308)) - omNode-3@group-523986131536-LeaderElection42 ELECTION round 0: result REJECTED
2022-05-11 01:30:17,423 [omNode-3@group-523986131536-LeaderElection42] INFO  server.RaftServer$Division (RaftServerImpl.java:setRole(290)) - omNode-3@group-523986131536: changes role from CANDIDATE to FOLLOWER at term 29 for REJECTED
2022-05-11 01:30:17,423 [omNode-3@group-523986131536-LeaderElection42] INFO  impl.RoleInfo (RoleInfo.java:shutdownLeaderElection(121)) - omNode-3: shutdown omNode-3@group-523986131536-LeaderElection42
2022-05-11 01:30:17,424 [omNode-3@group-523986131536-LeaderElection42] INFO  impl.RoleInfo (RoleInfo.java:updateAndGet(130)) - omNode-3: start omNode-3@group-523986131536-FollowerState
2022-05-11 01:30:17,868 [EndpointStateMachine task thread for /0.0.0.0:46775 - 0 ] INFO  ipc.Client (Client.java:handleConnectionFailure(977)) - Retrying connect to server: 0.0.0.0/0.0.0.0:46775. Already tried 6 time(s); retry policy is RetryUpToMaximumCountWithFixedSleep(maxRetries=15, sleepTime=1000 MILLISECONDS)
2022-05-11 01:30:18,536 [omNode-3@group-523986131536-FollowerState] INFO  impl.FollowerState (FollowerState.java:run(134)) - omNode-3@group-523986131536-FollowerState: change to CANDIDATE, lastRpcElapsedTime:1112136048ns, electionTimeout:1105ms
2022-05-11 01:30:18,536 [omNode-3@group-523986131536-FollowerState] INFO  impl.RoleInfo (RoleInfo.java:shutdownFollowerState(108)) - omNode-3: shutdown omNode-3@group-523986131536-FollowerState
2022-05-11 01:30:18,536 [omNode-3@group-523986131536-FollowerState] INFO  server.RaftServer$Division (RaftServerImpl.java:setRole(290)) - omNode-3@group-523986131536: changes role from  FOLLOWER to CANDIDATE at term 29 for changeToCandidate
2022-05-11 01:30:18,536 [omNode-3@group-523986131536-FollowerState] INFO  server.RaftServerConfigKeys (ConfUtils.java:logGet(44)) - raft.server.leaderelection.pre-vote = false (custom)
2022-05-11 01:30:18,536 [omNode-3@group-523986131536-FollowerState] INFO  impl.RoleInfo (RoleInfo.java:updateAndGet(130)) - omNode-3: start omNode-3@group-523986131536-LeaderElection43
2022-05-11 01:30:18,549 [omNode-3@group-523986131536-LeaderElection43] INFO  impl.LeaderElection (LeaderElection.java:askForVotes(306)) - omNode-3@group-523986131536-LeaderElection43 ELECTION round 0: submit vote requests at term 30 for 145: [omNode-3|rpc:localhost:40799|admin:|client:|dataStream:|priority:0, omNode-1|rpc:localhost:37959|admin:|client:|dataStream:|priority:0, omNode-2|rpc:localhost:36649|admin:|client:|dataStream:|priority:0], old=null
2022-05-11 01:30:18,557 [omNode-3@group-523986131536-LeaderElection43] INFO  impl.LeaderElection (LogUtils.java:infoOrTrace(137)) - omNode-3@group-523986131536-LeaderElection43 got exception when requesting votes: java.util.concurrent.ExecutionException: org.apache.ratis.thirdparty.io.grpc.StatusRuntimeException: UNAVAILABLE: io exception
2022-05-11 01:30:18,571 [omNode-3@group-523986131536-LeaderElection43] INFO  impl.LeaderElection (LogUtils.java:infoOrTrace(137)) - omNode-3@group-523986131536-LeaderElection43 got exception when requesting votes: java.util.concurrent.ExecutionException: org.apache.ratis.thirdparty.io.grpc.StatusRuntimeException: UNAVAILABLE: io exception
2022-05-11 01:30:18,571 [omNode-3@group-523986131536-LeaderElection43] INFO  impl.LeaderElection (LeaderElection.java:logAndReturn(89)) - omNode-3@group-523986131536-LeaderElection43: ELECTION REJECTED received 0 response(s) and 2 exception(s):
2022-05-11 01:30:18,571 [omNode-3@group-523986131536-LeaderElection43] INFO  impl.LeaderElection (LogUtils.java:infoOrTrace(137)) -   Exception 0: java.util.concurrent.ExecutionException: org.apache.ratis.thirdparty.io.grpc.StatusRuntimeException: UNAVAILABLE: io exception
2022-05-11 01:30:18,571 [omNode-3@group-523986131536-LeaderElection43] INFO  impl.LeaderElection (LogUtils.java:infoOrTrace(137)) -   Exception 1: java.util.concurrent.ExecutionException: org.apache.ratis.thirdparty.io.grpc.StatusRuntimeException: UNAVAILABLE: io exception
2022-05-11 01:30:18,571 [omNode-3@group-523986131536-LeaderElection43] INFO  impl.LeaderElection (LeaderElection.java:askForVotes(308)) - omNode-3@group-523986131536-LeaderElection43 ELECTION round 0: result REJECTED
2022-05-11 01:30:18,572 [omNode-3@group-523986131536-LeaderElection43] INFO  server.RaftServer$Division (RaftServerImpl.java:setRole(290)) - omNode-3@group-523986131536: changes role from CANDIDATE to FOLLOWER at term 30 for REJECTED
2022-05-11 01:30:18,572 [omNode-3@group-523986131536-LeaderElection43] INFO  impl.RoleInfo (RoleInfo.java:shutdownLeaderElection(121)) - omNode-3: shutdown omNode-3@group-523986131536-LeaderElection43
2022-05-11 01:30:18,572 [omNode-3@group-523986131536-LeaderElection43] INFO  impl.RoleInfo (RoleInfo.java:updateAndGet(130)) - omNode-3: start omNode-3@group-523986131536-FollowerState
2022-05-11 01:30:18,869 [EndpointStateMachine task thread for /0.0.0.0:46775 - 0 ] INFO  ipc.Client (Client.java:handleConnectionFailure(977)) - Retrying connect to server: 0.0.0.0/0.0.0.0:46775. Already tried 7 time(s); retry policy is RetryUpToMaximumCountWithFixedSleep(maxRetries=15, sleepTime=1000 MILLISECONDS)
2022-05-11 01:30:19,180 [Listener at localhost/38653] INFO  statemachine.DatanodeStateMachine (DatanodeStateMachine.java:stopDaemon(560)) - Ozone container server stopped.
2022-05-11 01:30:19,188 [ForkJoinPool.commonPool-worker-0] INFO  statemachine.DatanodeStateMachine (DatanodeStateMachine.java:stopDaemon(560)) - Ozone container server stopped.
2022-05-11 01:30:19,207 [Listener at localhost/38653] INFO  handler.ContextHandler (ContextHandler.java:doStop(1153)) - Stopped o.e.j.w.WebAppContext@19019811{hddsDatanode,/,null,STOPPED}{jar:file:/home/runner/.m2/repository/org/apache/ozone/hdds-container-service/1.3.0-SNAPSHOT/hdds-container-service-1.3.0-SNAPSHOT.jar!/webapps/hddsDatanode}
2022-05-11 01:30:19,209 [Listener at localhost/38653] INFO  server.AbstractConnector (AbstractConnector.java:doStop(381)) - Stopped ServerConnector@1ae60fb5{HTTP/1.1, (http/1.1)}{0.0.0.0:0}
2022-05-11 01:30:19,209 [Listener at localhost/38653] INFO  server.session (HouseKeeper.java:stopScavenging(149)) - node0 Stopped scavenging
2022-05-11 01:30:19,209 [Listener at localhost/38653] INFO  handler.ContextHandler (ContextHandler.java:doStop(1153)) - Stopped o.e.j.s.ServletContextHandler@4111c29d{static,/static,jar:file:/home/runner/.m2/repository/org/apache/ozone/hdds-container-service/1.3.0-SNAPSHOT/hdds-container-service-1.3.0-SNAPSHOT.jar!/webapps/static,STOPPED}
2022-05-11 01:30:19,210 [Listener at localhost/38653] INFO  handler.ContextHandler (ContextHandler.java:doStop(1153)) - Stopped o.e.j.s.ServletContextHandler@74694f06{logs,/logs,file:///home/runner/work/ozone/ozone/hadoop-ozone/integration-test/target/log,STOPPED}
2022-05-11 01:30:19,213 [ForkJoinPool.commonPool-worker-0] INFO  handler.ContextHandler (ContextHandler.java:doStop(1153)) - Stopped o.e.j.w.WebAppContext@662438f1{hddsDatanode,/,null,STOPPED}{jar:file:/home/runner/.m2/repository/org/apache/ozone/hdds-container-service/1.3.0-SNAPSHOT/hdds-container-service-1.3.0-SNAPSHOT.jar!/webapps/hddsDatanode}
2022-05-11 01:30:19,220 [ForkJoinPool.commonPool-worker-0] INFO  server.AbstractConnector (AbstractConnector.java:doStop(381)) - Stopped ServerConnector@37bb8606{HTTP/1.1, (http/1.1)}{0.0.0.0:0}
2022-05-11 01:30:19,222 [ForkJoinPool.commonPool-worker-0] INFO  server.session (HouseKeeper.java:stopScavenging(149)) - node0 Stopped scavenging
2022-05-11 01:30:19,223 [ForkJoinPool.commonPool-worker-0] INFO  handler.ContextHandler (ContextHandler.java:doStop(1153)) - Stopped o.e.j.s.ServletContextHandler@468e9fba{static,/static,jar:file:/home/runner/.m2/repository/org/apache/ozone/hdds-container-service/1.3.0-SNAPSHOT/hdds-container-service-1.3.0-SNAPSHOT.jar!/webapps/static,STOPPED}
2022-05-11 01:30:19,224 [ForkJoinPool.commonPool-worker-0] INFO  handler.ContextHandler (ContextHandler.java:doStop(1153)) - Stopped o.e.j.s.ServletContextHandler@177bd3ae{logs,/logs,file:///home/runner/work/ozone/ozone/hadoop-ozone/integration-test/target/log,STOPPED}
2022-05-11 01:30:19,732 [omNode-3@group-523986131536-FollowerState] INFO  impl.FollowerState (FollowerState.java:run(134)) - omNode-3@group-523986131536-FollowerState: change to CANDIDATE, lastRpcElapsedTime:1160064950ns, electionTimeout:1153ms
2022-05-11 01:30:19,732 [omNode-3@group-523986131536-FollowerState] INFO  impl.RoleInfo (RoleInfo.java:shutdownFollowerState(108)) - omNode-3: shutdown omNode-3@group-523986131536-FollowerState
2022-05-11 01:30:19,732 [omNode-3@group-523986131536-FollowerState] INFO  server.RaftServer$Division (RaftServerImpl.java:setRole(290)) - omNode-3@group-523986131536: changes role from  FOLLOWER to CANDIDATE at term 30 for changeToCandidate
2022-05-11 01:30:19,732 [omNode-3@group-523986131536-FollowerState] INFO  server.RaftServerConfigKeys (ConfUtils.java:logGet(44)) - raft.server.leaderelection.pre-vote = false (custom)
2022-05-11 01:30:19,732 [omNode-3@group-523986131536-FollowerState] INFO  impl.RoleInfo (RoleInfo.java:updateAndGet(130)) - omNode-3: start omNode-3@group-523986131536-LeaderElection44
2022-05-11 01:30:19,745 [omNode-3@group-523986131536-LeaderElection44] INFO  impl.LeaderElection (LeaderElection.java:askForVotes(306)) - omNode-3@group-523986131536-LeaderElection44 ELECTION round 0: submit vote requests at term 31 for 145: [omNode-3|rpc:localhost:40799|admin:|client:|dataStream:|priority:0, omNode-1|rpc:localhost:37959|admin:|client:|dataStream:|priority:0, omNode-2|rpc:localhost:36649|admin:|client:|dataStream:|priority:0], old=null
2022-05-11 01:30:19,754 [omNode-3@group-523986131536-LeaderElection44] INFO  impl.LeaderElection (LogUtils.java:infoOrTrace(137)) - omNode-3@group-523986131536-LeaderElection44 got exception when requesting votes: java.util.concurrent.ExecutionException: org.apache.ratis.thirdparty.io.grpc.StatusRuntimeException: UNAVAILABLE: io exception
2022-05-11 01:30:19,754 [omNode-3@group-523986131536-LeaderElection44] INFO  impl.LeaderElection (LogUtils.java:infoOrTrace(137)) - omNode-3@group-523986131536-LeaderElection44 got exception when requesting votes: java.util.concurrent.ExecutionException: org.apache.ratis.thirdparty.io.grpc.StatusRuntimeException: UNAVAILABLE: io exception
2022-05-11 01:30:19,754 [omNode-3@group-523986131536-LeaderElection44] INFO  impl.LeaderElection (LeaderElection.java:logAndReturn(89)) - omNode-3@group-523986131536-LeaderElection44: ELECTION REJECTED received 0 response(s) and 2 exception(s):
2022-05-11 01:30:19,754 [omNode-3@group-523986131536-LeaderElection44] INFO  impl.LeaderElection (LogUtils.java:infoOrTrace(137)) -   Exception 0: java.util.concurrent.ExecutionException: org.apache.ratis.thirdparty.io.grpc.StatusRuntimeException: UNAVAILABLE: io exception
2022-05-11 01:30:19,754 [omNode-3@group-523986131536-LeaderElection44] INFO  impl.LeaderElection (LogUtils.java:infoOrTrace(137)) -   Exception 1: java.util.concurrent.ExecutionException: org.apache.ratis.thirdparty.io.grpc.StatusRuntimeException: UNAVAILABLE: io exception
2022-05-11 01:30:19,755 [omNode-3@group-523986131536-LeaderElection44] INFO  impl.LeaderElection (LeaderElection.java:askForVotes(308)) - omNode-3@group-523986131536-LeaderElection44 ELECTION round 0: result REJECTED
2022-05-11 01:30:19,755 [omNode-3@group-523986131536-LeaderElection44] INFO  server.RaftServer$Division (RaftServerImpl.java:setRole(290)) - omNode-3@group-523986131536: changes role from CANDIDATE to FOLLOWER at term 31 for REJECTED
2022-05-11 01:30:19,755 [omNode-3@group-523986131536-LeaderElection44] INFO  impl.RoleInfo (RoleInfo.java:shutdownLeaderElection(121)) - omNode-3: shutdown omNode-3@group-523986131536-LeaderElection44
2022-05-11 01:30:19,755 [omNode-3@group-523986131536-LeaderElection44] INFO  impl.RoleInfo (RoleInfo.java:updateAndGet(130)) - omNode-3: start omNode-3@group-523986131536-FollowerState
2022-05-11 01:30:19,865 [Datanode State Machine Daemon Thread] WARN  statemachine.StateContext (StateContext.java:setState(252)) - Ignore disallowed transition from SHUTDOWN to RUNNING
2022-05-11 01:30:19,870 [EndpointStateMachine task thread for /0.0.0.0:46775 - 0 ] INFO  ipc.Client (Client.java:handleConnectionFailure(977)) - Retrying connect to server: 0.0.0.0/0.0.0.0:46775. Already tried 8 time(s); retry policy is RetryUpToMaximumCountWithFixedSleep(maxRetries=15, sleepTime=1000 MILLISECONDS)
2022-05-11 01:30:20,333 [eee5cc7d-4700-49e9-a538-fde0b838210a@group-D8C08AEA218B-FollowerState] INFO  impl.FollowerState (FollowerState.java:run(134)) - eee5cc7d-4700-49e9-a538-fde0b838210a@group-D8C08AEA218B-FollowerState: change to CANDIDATE, lastRpcElapsedTime:8173391115ns, electionTimeout:5099ms
2022-05-11 01:30:20,334 [eee5cc7d-4700-49e9-a538-fde0b838210a@group-D8C08AEA218B-FollowerState] INFO  impl.RoleInfo (RoleInfo.java:shutdownFollowerState(108)) - eee5cc7d-4700-49e9-a538-fde0b838210a: shutdown eee5cc7d-4700-49e9-a538-fde0b838210a@group-D8C08AEA218B-FollowerState
2022-05-11 01:30:20,334 [eee5cc7d-4700-49e9-a538-fde0b838210a@group-D8C08AEA218B-FollowerState] INFO  server.RaftServer$Division (RaftServerImpl.java:setRole(290)) - eee5cc7d-4700-49e9-a538-fde0b838210a@group-D8C08AEA218B: changes role from  FOLLOWER to CANDIDATE at term 1 for changeToCandidate
2022-05-11 01:30:20,334 [eee5cc7d-4700-49e9-a538-fde0b838210a@group-D8C08AEA218B-FollowerState] INFO  server.RaftServerConfigKeys (ConfUtils.java:logGet(44)) - raft.server.leaderelection.pre-vote = false (custom)
2022-05-11 01:30:20,334 [eee5cc7d-4700-49e9-a538-fde0b838210a@group-D8C08AEA218B-FollowerState] INFO  impl.RoleInfo (RoleInfo.java:updateAndGet(130)) - eee5cc7d-4700-49e9-a538-fde0b838210a: start eee5cc7d-4700-49e9-a538-fde0b838210a@group-D8C08AEA218B-LeaderElection45
2022-05-11 01:30:20,340 [eee5cc7d-4700-49e9-a538-fde0b838210a@group-D8C08AEA218B-LeaderElection45] INFO  server.RaftServer$Division (ServerState.java:setLeader(285)) - eee5cc7d-4700-49e9-a538-fde0b838210a@group-D8C08AEA218B: change Leader from 705ac139-4337-45d7-ba9f-5c344296e65f to null at term 1 for ELECTION
2022-05-11 01:30:20,344 [eee5cc7d-4700-49e9-a538-fde0b838210a@group-D8C08AEA218B-LeaderElection45] INFO  impl.LeaderElection (LeaderElection.java:askForVotes(306)) - eee5cc7d-4700-49e9-a538-fde0b838210a@group-D8C08AEA218B-LeaderElection45 ELECTION round 0: submit vote requests at term 2 for 0: [705ac139-4337-45d7-ba9f-5c344296e65f|rpc:10.1.0.42:37439|dataStream:|priority:1, eee5cc7d-4700-49e9-a538-fde0b838210a|rpc:10.1.0.42:33975|dataStream:|priority:0, 7534a985-5663-44b5-b700-fcde65f49754|rpc:10.1.0.42:34977|dataStream:|priority:0], old=null
2022-05-11 01:30:20,363 [eee5cc7d-4700-49e9-a538-fde0b838210a@group-D8C08AEA218B-LeaderElection45] INFO  impl.LeaderElection (LogUtils.java:infoOrTrace(137)) - eee5cc7d-4700-49e9-a538-fde0b838210a@group-D8C08AEA218B-LeaderElection45 got exception when requesting votes: java.util.concurrent.ExecutionException: org.apache.ratis.thirdparty.io.grpc.StatusRuntimeException: UNAVAILABLE: io exception
2022-05-11 01:30:20,371 [eee5cc7d-4700-49e9-a538-fde0b838210a@group-D8C08AEA218B-LeaderElection45] INFO  impl.LeaderElection (LogUtils.java:infoOrTrace(137)) - eee5cc7d-4700-49e9-a538-fde0b838210a@group-D8C08AEA218B-LeaderElection45 got exception when requesting votes: java.util.concurrent.ExecutionException: org.apache.ratis.thirdparty.io.grpc.StatusRuntimeException: UNAVAILABLE: io exception
2022-05-11 01:30:20,371 [eee5cc7d-4700-49e9-a538-fde0b838210a@group-D8C08AEA218B-LeaderElection45] INFO  impl.LeaderElection (LeaderElection.java:logAndReturn(89)) - eee5cc7d-4700-49e9-a538-fde0b838210a@group-D8C08AEA218B-LeaderElection45: ELECTION REJECTED received 0 response(s) and 2 exception(s):
2022-05-11 01:30:20,371 [eee5cc7d-4700-49e9-a538-fde0b838210a@group-D8C08AEA218B-LeaderElection45] INFO  impl.LeaderElection (LogUtils.java:infoOrTrace(137)) -   Exception 0: java.util.concurrent.ExecutionException: org.apache.ratis.thirdparty.io.grpc.StatusRuntimeException: UNAVAILABLE: io exception
2022-05-11 01:30:20,371 [eee5cc7d-4700-49e9-a538-fde0b838210a@group-D8C08AEA218B-LeaderElection45] INFO  impl.LeaderElection (LogUtils.java:infoOrTrace(137)) -   Exception 1: java.util.concurrent.ExecutionException: org.apache.ratis.thirdparty.io.grpc.StatusRuntimeException: UNAVAILABLE: io exception
2022-05-11 01:30:20,371 [eee5cc7d-4700-49e9-a538-fde0b838210a@group-D8C08AEA218B-LeaderElection45] INFO  impl.LeaderElection (LeaderElection.java:askForVotes(308)) - eee5cc7d-4700-49e9-a538-fde0b838210a@group-D8C08AEA218B-LeaderElection45 ELECTION round 0: result REJECTED
2022-05-11 01:30:20,371 [eee5cc7d-4700-49e9-a538-fde0b838210a@group-D8C08AEA218B-LeaderElection45] INFO  server.RaftServer$Division (RaftServerImpl.java:setRole(290)) - eee5cc7d-4700-49e9-a538-fde0b838210a@group-D8C08AEA218B: changes role from CANDIDATE to FOLLOWER at term 2 for REJECTED
2022-05-11 01:30:20,371 [eee5cc7d-4700-49e9-a538-fde0b838210a@group-D8C08AEA218B-LeaderElection45] INFO  impl.RoleInfo (RoleInfo.java:shutdownLeaderElection(121)) - eee5cc7d-4700-49e9-a538-fde0b838210a: shutdown eee5cc7d-4700-49e9-a538-fde0b838210a@group-D8C08AEA218B-LeaderElection45
2022-05-11 01:30:20,371 [eee5cc7d-4700-49e9-a538-fde0b838210a@group-D8C08AEA218B-LeaderElection45] INFO  impl.RoleInfo (RoleInfo.java:updateAndGet(130)) - eee5cc7d-4700-49e9-a538-fde0b838210a: start eee5cc7d-4700-49e9-a538-fde0b838210a@group-D8C08AEA218B-FollowerState
2022-05-11 01:30:20,870 [EndpointStateMachine task thread for /0.0.0.0:46775 - 0 ] INFO  ipc.Client (Client.java:handleConnectionFailure(977)) - Retrying connect to server: 0.0.0.0/0.0.0.0:46775. Already tried 9 time(s); retry policy is RetryUpToMaximumCountWithFixedSleep(maxRetries=15, sleepTime=1000 MILLISECONDS)
2022-05-11 01:30:20,898 [omNode-3@group-523986131536-FollowerState] INFO  impl.FollowerState (FollowerState.java:run(134)) - omNode-3@group-523986131536-FollowerState: change to CANDIDATE, lastRpcElapsedTime:1142921307ns, electionTimeout:1135ms
2022-05-11 01:30:20,898 [omNode-3@group-523986131536-FollowerState] INFO  impl.RoleInfo (RoleInfo.java:shutdownFollowerState(108)) - omNode-3: shutdown omNode-3@group-523986131536-FollowerState
2022-05-11 01:30:20,898 [omNode-3@group-523986131536-FollowerState] INFO  server.RaftServer$Division (RaftServerImpl.java:setRole(290)) - omNode-3@group-523986131536: changes role from  FOLLOWER to CANDIDATE at term 31 for changeToCandidate
2022-05-11 01:30:20,898 [omNode-3@group-523986131536-FollowerState] INFO  server.RaftServerConfigKeys (ConfUtils.java:logGet(44)) - raft.server.leaderelection.pre-vote = false (custom)
2022-05-11 01:30:20,898 [omNode-3@group-523986131536-FollowerState] INFO  impl.RoleInfo (RoleInfo.java:updateAndGet(130)) - omNode-3: start omNode-3@group-523986131536-LeaderElection46
2022-05-11 01:30:20,908 [omNode-3@group-523986131536-LeaderElection46] INFO  impl.LeaderElection (LeaderElection.java:askForVotes(306)) - omNode-3@group-523986131536-LeaderElection46 ELECTION round 0: submit vote requests at term 32 for 145: [omNode-3|rpc:localhost:40799|admin:|client:|dataStream:|priority:0, omNode-1|rpc:localhost:37959|admin:|client:|dataStream:|priority:0, omNode-2|rpc:localhost:36649|admin:|client:|dataStream:|priority:0], old=null
2022-05-11 01:30:20,919 [omNode-3@group-523986131536-LeaderElection46] INFO  impl.LeaderElection (LogUtils.java:infoOrTrace(137)) - omNode-3@group-523986131536-LeaderElection46 got exception when requesting votes: java.util.concurrent.ExecutionException: org.apache.ratis.thirdparty.io.grpc.StatusRuntimeException: UNAVAILABLE: io exception
2022-05-11 01:30:20,920 [omNode-3@group-523986131536-LeaderElection46] INFO  impl.LeaderElection (LogUtils.java:infoOrTrace(137)) - omNode-3@group-523986131536-LeaderElection46 got exception when requesting votes: java.util.concurrent.ExecutionException: org.apache.ratis.thirdparty.io.grpc.StatusRuntimeException: UNAVAILABLE: io exception
2022-05-11 01:30:20,920 [omNode-3@group-523986131536-LeaderElection46] INFO  impl.LeaderElection (LeaderElection.java:logAndReturn(89)) - omNode-3@group-523986131536-LeaderElection46: ELECTION REJECTED received 0 response(s) and 2 exception(s):
2022-05-11 01:30:20,920 [omNode-3@group-523986131536-LeaderElection46] INFO  impl.LeaderElection (LogUtils.java:infoOrTrace(137)) -   Exception 0: java.util.concurrent.ExecutionException: org.apache.ratis.thirdparty.io.grpc.StatusRuntimeException: UNAVAILABLE: io exception
2022-05-11 01:30:20,920 [omNode-3@group-523986131536-LeaderElection46] INFO  impl.LeaderElection (LogUtils.java:infoOrTrace(137)) -   Exception 1: java.util.concurrent.ExecutionException: org.apache.ratis.thirdparty.io.grpc.StatusRuntimeException: UNAVAILABLE: io exception
2022-05-11 01:30:20,920 [omNode-3@group-523986131536-LeaderElection46] INFO  impl.LeaderElection (LeaderElection.java:askForVotes(308)) - omNode-3@group-523986131536-LeaderElection46 ELECTION round 0: result REJECTED
2022-05-11 01:30:20,920 [omNode-3@group-523986131536-LeaderElection46] INFO  server.RaftServer$Division (RaftServerImpl.java:setRole(290)) - omNode-3@group-523986131536: changes role from CANDIDATE to FOLLOWER at term 32 for REJECTED
2022-05-11 01:30:20,920 [omNode-3@group-523986131536-LeaderElection46] INFO  impl.RoleInfo (RoleInfo.java:shutdownLeaderElection(121)) - omNode-3: shutdown omNode-3@group-523986131536-LeaderElection46
2022-05-11 01:30:20,920 [omNode-3@group-523986131536-LeaderElection46] INFO  impl.RoleInfo (RoleInfo.java:updateAndGet(130)) - omNode-3: start omNode-3@group-523986131536-FollowerState
2022-05-11 01:30:21,249 [eee5cc7d-4700-49e9-a538-fde0b838210a@group-BB2467D81C1B-FollowerState] INFO  impl.FollowerState (FollowerState.java:run(134)) - eee5cc7d-4700-49e9-a538-fde0b838210a@group-BB2467D81C1B-FollowerState: change to CANDIDATE, lastRpcElapsedTime:8306195732ns, electionTimeout:5067ms
2022-05-11 01:30:21,249 [eee5cc7d-4700-49e9-a538-fde0b838210a@group-BB2467D81C1B-FollowerState] INFO  impl.RoleInfo (RoleInfo.java:shutdownFollowerState(108)) - eee5cc7d-4700-49e9-a538-fde0b838210a: shutdown eee5cc7d-4700-49e9-a538-fde0b838210a@group-BB2467D81C1B-FollowerState
2022-05-11 01:30:21,249 [eee5cc7d-4700-49e9-a538-fde0b838210a@group-BB2467D81C1B-FollowerState] INFO  server.RaftServer$Division (RaftServerImpl.java:setRole(290)) - eee5cc7d-4700-49e9-a538-fde0b838210a@group-BB2467D81C1B: changes role from  FOLLOWER to CANDIDATE at term 5 for changeToCandidate
2022-05-11 01:30:21,249 [eee5cc7d-4700-49e9-a538-fde0b838210a@group-BB2467D81C1B-FollowerState] INFO  server.RaftServerConfigKeys (ConfUtils.java:logGet(44)) - raft.server.leaderelection.pre-vote = false (custom)
2022-05-11 01:30:21,249 [eee5cc7d-4700-49e9-a538-fde0b838210a@group-BB2467D81C1B-FollowerState] INFO  impl.RoleInfo (RoleInfo.java:updateAndGet(130)) - eee5cc7d-4700-49e9-a538-fde0b838210a: start eee5cc7d-4700-49e9-a538-fde0b838210a@group-BB2467D81C1B-LeaderElection47
2022-05-11 01:30:21,258 [eee5cc7d-4700-49e9-a538-fde0b838210a@group-BB2467D81C1B-LeaderElection47] INFO  server.RaftServer$Division (ServerState.java:setLeader(285)) - eee5cc7d-4700-49e9-a538-fde0b838210a@group-BB2467D81C1B: change Leader from 7534a985-5663-44b5-b700-fcde65f49754 to null at term 5 for ELECTION
2022-05-11 01:30:21,259 [eee5cc7d-4700-49e9-a538-fde0b838210a@group-BB2467D81C1B-LeaderElection47] INFO  impl.LeaderElection (LeaderElection.java:askForVotes(306)) - eee5cc7d-4700-49e9-a538-fde0b838210a@group-BB2467D81C1B-LeaderElection47 ELECTION round 0: submit vote requests at term 6 for 0: [705ac139-4337-45d7-ba9f-5c344296e65f|rpc:10.1.0.42:37439|dataStream:|priority:0, eee5cc7d-4700-49e9-a538-fde0b838210a|rpc:10.1.0.42:33975|dataStream:|priority:0, 7534a985-5663-44b5-b700-fcde65f49754|rpc:10.1.0.42:34977|dataStream:|priority:1], old=null
2022-05-11 01:30:21,268 [eee5cc7d-4700-49e9-a538-fde0b838210a@group-BB2467D81C1B-LeaderElection47] INFO  impl.LeaderElection (LogUtils.java:infoOrTrace(137)) - eee5cc7d-4700-49e9-a538-fde0b838210a@group-BB2467D81C1B-LeaderElection47 got exception when requesting votes: java.util.concurrent.ExecutionException: org.apache.ratis.thirdparty.io.grpc.StatusRuntimeException: UNAVAILABLE: io exception
2022-05-11 01:30:21,275 [eee5cc7d-4700-49e9-a538-fde0b838210a@group-BB2467D81C1B-LeaderElection47] INFO  impl.LeaderElection (LogUtils.java:infoOrTrace(137)) - eee5cc7d-4700-49e9-a538-fde0b838210a@group-BB2467D81C1B-LeaderElection47 got exception when requesting votes: java.util.concurrent.ExecutionException: org.apache.ratis.thirdparty.io.grpc.StatusRuntimeException: UNAVAILABLE: io exception
2022-05-11 01:30:21,275 [eee5cc7d-4700-49e9-a538-fde0b838210a@group-BB2467D81C1B-LeaderElection47] INFO  impl.LeaderElection (LeaderElection.java:logAndReturn(89)) - eee5cc7d-4700-49e9-a538-fde0b838210a@group-BB2467D81C1B-LeaderElection47: ELECTION REJECTED received 0 response(s) and 2 exception(s):
2022-05-11 01:30:21,275 [eee5cc7d-4700-49e9-a538-fde0b838210a@group-BB2467D81C1B-LeaderElection47] INFO  impl.LeaderElection (LogUtils.java:infoOrTrace(137)) -   Exception 0: java.util.concurrent.ExecutionException: org.apache.ratis.thirdparty.io.grpc.StatusRuntimeException: UNAVAILABLE: io exception
2022-05-11 01:30:21,275 [eee5cc7d-4700-49e9-a538-fde0b838210a@group-BB2467D81C1B-LeaderElection47] INFO  impl.LeaderElection (LogUtils.java:infoOrTrace(137)) -   Exception 1: java.util.concurrent.ExecutionException: org.apache.ratis.thirdparty.io.grpc.StatusRuntimeException: UNAVAILABLE: io exception
2022-05-11 01:30:21,275 [eee5cc7d-4700-49e9-a538-fde0b838210a@group-BB2467D81C1B-LeaderElection47] INFO  impl.LeaderElection (LeaderElection.java:askForVotes(308)) - eee5cc7d-4700-49e9-a538-fde0b838210a@group-BB2467D81C1B-LeaderElection47 ELECTION round 0: result REJECTED
2022-05-11 01:30:21,275 [eee5cc7d-4700-49e9-a538-fde0b838210a@group-BB2467D81C1B-LeaderElection47] INFO  server.RaftServer$Division (RaftServerImpl.java:setRole(290)) - eee5cc7d-4700-49e9-a538-fde0b838210a@group-BB2467D81C1B: changes role from CANDIDATE to FOLLOWER at term 6 for REJECTED
2022-05-11 01:30:21,275 [eee5cc7d-4700-49e9-a538-fde0b838210a@group-BB2467D81C1B-LeaderElection47] INFO  impl.RoleInfo (RoleInfo.java:shutdownLeaderElection(121)) - eee5cc7d-4700-49e9-a538-fde0b838210a: shutdown eee5cc7d-4700-49e9-a538-fde0b838210a@group-BB2467D81C1B-LeaderElection47
2022-05-11 01:30:21,276 [eee5cc7d-4700-49e9-a538-fde0b838210a@group-BB2467D81C1B-LeaderElection47] INFO  impl.RoleInfo (RoleInfo.java:updateAndGet(130)) - eee5cc7d-4700-49e9-a538-fde0b838210a: start eee5cc7d-4700-49e9-a538-fde0b838210a@group-BB2467D81C1B-FollowerState
2022-05-11 01:30:21,871 [EndpointStateMachine task thread for /0.0.0.0:46775 - 0 ] INFO  ipc.Client (Client.java:handleConnectionFailure(977)) - Retrying connect to server: 0.0.0.0/0.0.0.0:46775. Already tried 10 time(s); retry policy is RetryUpToMaximumCountWithFixedSleep(maxRetries=15, sleepTime=1000 MILLISECONDS)
2022-05-11 01:30:22,110 [omNode-3@group-523986131536-FollowerState] INFO  impl.FollowerState (FollowerState.java:run(134)) - omNode-3@group-523986131536-FollowerState: change to CANDIDATE, lastRpcElapsedTime:1189672589ns, electionTimeout:1187ms
2022-05-11 01:30:22,110 [omNode-3@group-523986131536-FollowerState] INFO  impl.RoleInfo (RoleInfo.java:shutdownFollowerState(108)) - omNode-3: shutdown omNode-3@group-523986131536-FollowerState
2022-05-11 01:30:22,110 [omNode-3@group-523986131536-FollowerState] INFO  server.RaftServer$Division (RaftServerImpl.java:setRole(290)) - omNode-3@group-523986131536: changes role from  FOLLOWER to CANDIDATE at term 32 for changeToCandidate
2022-05-11 01:30:22,110 [omNode-3@group-523986131536-FollowerState] INFO  server.RaftServerConfigKeys (ConfUtils.java:logGet(44)) - raft.server.leaderelection.pre-vote = false (custom)
2022-05-11 01:30:22,110 [omNode-3@group-523986131536-FollowerState] INFO  impl.RoleInfo (RoleInfo.java:updateAndGet(130)) - omNode-3: start omNode-3@group-523986131536-LeaderElection48
2022-05-11 01:30:22,120 [omNode-3@group-523986131536-LeaderElection48] INFO  impl.LeaderElection (LeaderElection.java:askForVotes(306)) - omNode-3@group-523986131536-LeaderElection48 ELECTION round 0: submit vote requests at term 33 for 145: [omNode-3|rpc:localhost:40799|admin:|client:|dataStream:|priority:0, omNode-1|rpc:localhost:37959|admin:|client:|dataStream:|priority:0, omNode-2|rpc:localhost:36649|admin:|client:|dataStream:|priority:0], old=null
2022-05-11 01:30:22,130 [omNode-3@group-523986131536-LeaderElection48] INFO  impl.LeaderElection (LogUtils.java:infoOrTrace(137)) - omNode-3@group-523986131536-LeaderElection48 got exception when requesting votes: java.util.concurrent.ExecutionException: org.apache.ratis.thirdparty.io.grpc.StatusRuntimeException: UNAVAILABLE: io exception
2022-05-11 01:30:22,130 [omNode-3@group-523986131536-LeaderElection48] INFO  impl.LeaderElection (LogUtils.java:infoOrTrace(137)) - omNode-3@group-523986131536-LeaderElection48 got exception when requesting votes: java.util.concurrent.ExecutionException: org.apache.ratis.thirdparty.io.grpc.StatusRuntimeException: UNAVAILABLE: io exception
2022-05-11 01:30:22,131 [omNode-3@group-523986131536-LeaderElection48] INFO  impl.LeaderElection (LeaderElection.java:logAndReturn(89)) - omNode-3@group-523986131536-LeaderElection48: ELECTION REJECTED received 0 response(s) and 2 exception(s):
2022-05-11 01:30:22,131 [omNode-3@group-523986131536-LeaderElection48] INFO  impl.LeaderElection (LogUtils.java:infoOrTrace(137)) -   Exception 0: java.util.concurrent.ExecutionException: org.apache.ratis.thirdparty.io.grpc.StatusRuntimeException: UNAVAILABLE: io exception
2022-05-11 01:30:22,131 [omNode-3@group-523986131536-LeaderElection48] INFO  impl.LeaderElection (LogUtils.java:infoOrTrace(137)) -   Exception 1: java.util.concurrent.ExecutionException: org.apache.ratis.thirdparty.io.grpc.StatusRuntimeException: UNAVAILABLE: io exception
2022-05-11 01:30:22,131 [omNode-3@group-523986131536-LeaderElection48] INFO  impl.LeaderElection (LeaderElection.java:askForVotes(308)) - omNode-3@group-523986131536-LeaderElection48 ELECTION round 0: result REJECTED
2022-05-11 01:30:22,131 [omNode-3@group-523986131536-LeaderElection48] INFO  server.RaftServer$Division (RaftServerImpl.java:setRole(290)) - omNode-3@group-523986131536: changes role from CANDIDATE to FOLLOWER at term 33 for REJECTED
2022-05-11 01:30:22,131 [omNode-3@group-523986131536-LeaderElection48] INFO  impl.RoleInfo (RoleInfo.java:shutdownLeaderElection(121)) - omNode-3: shutdown omNode-3@group-523986131536-LeaderElection48
2022-05-11 01:30:22,131 [omNode-3@group-523986131536-LeaderElection48] INFO  impl.RoleInfo (RoleInfo.java:updateAndGet(130)) - omNode-3: start omNode-3@group-523986131536-FollowerState
2022-05-11 01:30:22,872 [EndpointStateMachine task thread for /0.0.0.0:46775 - 0 ] INFO  ipc.Client (Client.java:handleConnectionFailure(977)) - Retrying connect to server: 0.0.0.0/0.0.0.0:46775. Already tried 11 time(s); retry policy is RetryUpToMaximumCountWithFixedSleep(maxRetries=15, sleepTime=1000 MILLISECONDS)
2022-05-11 01:30:23,279 [omNode-3@group-523986131536-FollowerState] INFO  impl.FollowerState (FollowerState.java:run(134)) - omNode-3@group-523986131536-FollowerState: change to CANDIDATE, lastRpcElapsedTime:1147710024ns, electionTimeout:1144ms
2022-05-11 01:30:23,279 [omNode-3@group-523986131536-FollowerState] INFO  impl.RoleInfo (RoleInfo.java:shutdownFollowerState(108)) - omNode-3: shutdown omNode-3@group-523986131536-FollowerState
2022-05-11 01:30:23,279 [omNode-3@group-523986131536-FollowerState] INFO  server.RaftServer$Division (RaftServerImpl.java:setRole(290)) - omNode-3@group-523986131536: changes role from  FOLLOWER to CANDIDATE at term 33 for changeToCandidate
2022-05-11 01:30:23,279 [omNode-3@group-523986131536-FollowerState] INFO  server.RaftServerConfigKeys (ConfUtils.java:logGet(44)) - raft.server.leaderelection.pre-vote = false (custom)
2022-05-11 01:30:23,279 [omNode-3@group-523986131536-FollowerState] INFO  impl.RoleInfo (RoleInfo.java:updateAndGet(130)) - omNode-3: start omNode-3@group-523986131536-LeaderElection49
2022-05-11 01:30:23,295 [omNode-3@group-523986131536-LeaderElection49] INFO  impl.LeaderElection (LeaderElection.java:askForVotes(306)) - omNode-3@group-523986131536-LeaderElection49 ELECTION round 0: submit vote requests at term 34 for 145: [omNode-3|rpc:localhost:40799|admin:|client:|dataStream:|priority:0, omNode-1|rpc:localhost:37959|admin:|client:|dataStream:|priority:0, omNode-2|rpc:localhost:36649|admin:|client:|dataStream:|priority:0], old=null
2022-05-11 01:30:23,308 [omNode-3@group-523986131536-LeaderElection49] INFO  impl.LeaderElection (LogUtils.java:infoOrTrace(137)) - omNode-3@group-523986131536-LeaderElection49 got exception when requesting votes: java.util.concurrent.ExecutionException: org.apache.ratis.thirdparty.io.grpc.StatusRuntimeException: UNAVAILABLE: io exception
2022-05-11 01:30:23,310 [omNode-3@group-523986131536-LeaderElection49] INFO  impl.LeaderElection (LogUtils.java:infoOrTrace(137)) - omNode-3@group-523986131536-LeaderElection49 got exception when requesting votes: java.util.concurrent.ExecutionException: org.apache.ratis.thirdparty.io.grpc.StatusRuntimeException: UNAVAILABLE: io exception
2022-05-11 01:30:23,310 [omNode-3@group-523986131536-LeaderElection49] INFO  impl.LeaderElection (LeaderElection.java:logAndReturn(89)) - omNode-3@group-523986131536-LeaderElection49: ELECTION REJECTED received 0 response(s) and 2 exception(s):
2022-05-11 01:30:23,310 [omNode-3@group-523986131536-LeaderElection49] INFO  impl.LeaderElection (LogUtils.java:infoOrTrace(137)) -   Exception 0: java.util.concurrent.ExecutionException: org.apache.ratis.thirdparty.io.grpc.StatusRuntimeException: UNAVAILABLE: io exception
2022-05-11 01:30:23,310 [omNode-3@group-523986131536-LeaderElection49] INFO  impl.LeaderElection (LogUtils.java:infoOrTrace(137)) -   Exception 1: java.util.concurrent.ExecutionException: org.apache.ratis.thirdparty.io.grpc.StatusRuntimeException: UNAVAILABLE: io exception
2022-05-11 01:30:23,310 [omNode-3@group-523986131536-LeaderElection49] INFO  impl.LeaderElection (LeaderElection.java:askForVotes(308)) - omNode-3@group-523986131536-LeaderElection49 ELECTION round 0: result REJECTED
2022-05-11 01:30:23,310 [omNode-3@group-523986131536-LeaderElection49] INFO  server.RaftServer$Division (RaftServerImpl.java:setRole(290)) - omNode-3@group-523986131536: changes role from CANDIDATE to FOLLOWER at term 34 for REJECTED
2022-05-11 01:30:23,311 [omNode-3@group-523986131536-LeaderElection49] INFO  impl.RoleInfo (RoleInfo.java:shutdownLeaderElection(121)) - omNode-3: shutdown omNode-3@group-523986131536-LeaderElection49
2022-05-11 01:30:23,311 [omNode-3@group-523986131536-LeaderElection49] INFO  impl.RoleInfo (RoleInfo.java:updateAndGet(130)) - omNode-3: start omNode-3@group-523986131536-FollowerState
2022-05-11 01:30:23,873 [EndpointStateMachine task thread for /0.0.0.0:46775 - 0 ] INFO  ipc.Client (Client.java:handleConnectionFailure(977)) - Retrying connect to server: 0.0.0.0/0.0.0.0:46775. Already tried 12 time(s); retry policy is RetryUpToMaximumCountWithFixedSleep(maxRetries=15, sleepTime=1000 MILLISECONDS)
2022-05-11 01:30:24,219 [Listener at localhost/38653] INFO  ozoneimpl.OzoneContainer (OzoneContainer.java:stop(356)) - Attempting to stop container services.
2022-05-11 01:30:24,221 [Listener at localhost/38653] INFO  server.RaftServer (RaftServerProxy.java:lambda$close$6(391)) - eee5cc7d-4700-49e9-a538-fde0b838210a: close
2022-05-11 01:30:24,226 [Listener at localhost/38653] INFO  server.RaftServer$Division (RaftServerImpl.java:lambda$close$4(412)) - eee5cc7d-4700-49e9-a538-fde0b838210a@group-6DC9B324F7A5: shutdown
2022-05-11 01:30:24,226 [Listener at localhost/38653] INFO  util.JmxRegister (JmxRegister.java:unregister(73)) - Successfully un-registered JMX Bean with object name Ratis:service=RaftServer,group=group-6DC9B324F7A5,id=eee5cc7d-4700-49e9-a538-fde0b838210a
2022-05-11 01:30:24,226 [Listener at localhost/38653] INFO  impl.RoleInfo (RoleInfo.java:shutdownLeaderState(91)) - eee5cc7d-4700-49e9-a538-fde0b838210a: shutdown eee5cc7d-4700-49e9-a538-fde0b838210a@group-6DC9B324F7A5-LeaderStateImpl
2022-05-11 01:30:24,227 [Listener at localhost/38653] INFO  impl.PendingRequests (PendingRequests.java:sendNotLeaderResponses(282)) - eee5cc7d-4700-49e9-a538-fde0b838210a@group-6DC9B324F7A5-PendingRequests: sendNotLeaderResponses
2022-05-11 01:30:24,227 [Listener at localhost/38653] INFO  impl.StateMachineUpdater (StateMachineUpdater.java:stopAndJoin(149)) - eee5cc7d-4700-49e9-a538-fde0b838210a@group-6DC9B324F7A5-StateMachineUpdater: set stopIndex = 20
2022-05-11 01:30:24,230 [eee5cc7d-4700-49e9-a538-fde0b838210a@group-6DC9B324F7A5-StateMachineUpdater] INFO  ratis.ContainerStateMachine (ContainerStateMachine.java:takeSnapshot(304)) - group-6DC9B324F7A5: Taking a snapshot at:(t:1, i:20) file /home/runner/work/ozone/ozone/hadoop-ozone/integration-test/target/test-dir/MiniOzoneClusterImpl-ae28b10a-1883-433e-acb0-7438b5479a4c/datanode-2/data/ratis/455f2ac9-a1b3-4de8-9b96-6dc9b324f7a5/sm/snapshot.1_20
2022-05-11 01:30:24,232 [eee5cc7d-4700-49e9-a538-fde0b838210a@group-6DC9B324F7A5-StateMachineUpdater] INFO  ratis.ContainerStateMachine (ContainerStateMachine.java:takeSnapshot(315)) - group-6DC9B324F7A5: Finished taking a snapshot at:(t:1, i:20) file:/home/runner/work/ozone/ozone/hadoop-ozone/integration-test/target/test-dir/MiniOzoneClusterImpl-ae28b10a-1883-433e-acb0-7438b5479a4c/datanode-2/data/ratis/455f2ac9-a1b3-4de8-9b96-6dc9b324f7a5/sm/snapshot.1_20 took: 1 ms
2022-05-11 01:30:24,232 [eee5cc7d-4700-49e9-a538-fde0b838210a@group-6DC9B324F7A5-StateMachineUpdater] INFO  impl.StateMachineUpdater (StateMachineUpdater.java:takeSnapshot(281)) - eee5cc7d-4700-49e9-a538-fde0b838210a@group-6DC9B324F7A5-StateMachineUpdater: Took a snapshot at index 20
2022-05-11 01:30:24,232 [eee5cc7d-4700-49e9-a538-fde0b838210a@group-6DC9B324F7A5-StateMachineUpdater] INFO  impl.StateMachineUpdater (StateMachineUpdater.java:lambda$new$0(89)) - eee5cc7d-4700-49e9-a538-fde0b838210a@group-6DC9B324F7A5-StateMachineUpdater: snapshotIndex: updateIncreasingly -1 -> 20
2022-05-11 01:30:24,233 [Listener at localhost/38653] INFO  server.RaftServer$Division (ServerState.java:close(419)) - eee5cc7d-4700-49e9-a538-fde0b838210a@group-6DC9B324F7A5: closes. applyIndex: 20
2022-05-11 01:30:24,233 [eee5cc7d-4700-49e9-a538-fde0b838210a@group-6DC9B324F7A5-SegmentedRaftLogWorker] INFO  segmented.SegmentedRaftLogWorker (SegmentedRaftLogWorker.java:run(327)) - eee5cc7d-4700-49e9-a538-fde0b838210a@group-6DC9B324F7A5-SegmentedRaftLogWorker was interrupted, exiting. There are 0 tasks remaining in the queue.
2022-05-11 01:30:24,234 [Listener at localhost/38653] INFO  segmented.SegmentedRaftLogWorker (SegmentedRaftLogWorker.java:close(237)) - eee5cc7d-4700-49e9-a538-fde0b838210a@group-6DC9B324F7A5-SegmentedRaftLogWorker close()
2022-05-11 01:30:24,239 [Listener at localhost/38653] INFO  server.RaftServer$Division (RaftServerImpl.java:lambda$close$4(412)) - eee5cc7d-4700-49e9-a538-fde0b838210a@group-D8C08AEA218B: shutdown
2022-05-11 01:30:24,239 [Listener at localhost/38653] INFO  util.JmxRegister (JmxRegister.java:unregister(73)) - Successfully un-registered JMX Bean with object name Ratis:service=RaftServer,group=group-D8C08AEA218B,id=eee5cc7d-4700-49e9-a538-fde0b838210a
2022-05-11 01:30:24,239 [Listener at localhost/38653] INFO  impl.RoleInfo (RoleInfo.java:shutdownFollowerState(108)) - eee5cc7d-4700-49e9-a538-fde0b838210a: shutdown eee5cc7d-4700-49e9-a538-fde0b838210a@group-D8C08AEA218B-FollowerState
2022-05-11 01:30:24,240 [Listener at localhost/38653] INFO  impl.StateMachineUpdater (StateMachineUpdater.java:stopAndJoin(149)) - eee5cc7d-4700-49e9-a538-fde0b838210a@group-D8C08AEA218B-StateMachineUpdater: set stopIndex = 0
2022-05-11 01:30:24,240 [eee5cc7d-4700-49e9-a538-fde0b838210a@group-D8C08AEA218B-FollowerState] INFO  impl.FollowerState (FollowerState.java:run(143)) - eee5cc7d-4700-49e9-a538-fde0b838210a@group-D8C08AEA218B-FollowerState was interrupted: {}
java.lang.InterruptedException: sleep interrupted
	at java.lang.Thread.sleep(Native Method)
	at java.lang.Thread.sleep(Thread.java:342)
	at java.util.concurrent.TimeUnit.sleep(TimeUnit.java:386)
	at org.apache.ratis.util.TimeDuration.sleep(TimeDuration.java:324)
	at org.apache.ratis.util.TimeDuration.sleep(TimeDuration.java:309)
	at org.apache.ratis.server.impl.FollowerState.run(FollowerState.java:118)
2022-05-11 01:30:24,240 [eee5cc7d-4700-49e9-a538-fde0b838210a@group-D8C08AEA218B-StateMachineUpdater] INFO  ratis.ContainerStateMachine (ContainerStateMachine.java:takeSnapshot(304)) - group-D8C08AEA218B: Taking a snapshot at:(t:1, i:0) file /home/runner/work/ozone/ozone/hadoop-ozone/integration-test/target/test-dir/MiniOzoneClusterImpl-ae28b10a-1883-433e-acb0-7438b5479a4c/datanode-2/data/ratis/72123b01-d7b0-41b2-bff4-d8c08aea218b/sm/snapshot.1_0
2022-05-11 01:30:24,241 [eee5cc7d-4700-49e9-a538-fde0b838210a@group-D8C08AEA218B-StateMachineUpdater] INFO  ratis.ContainerStateMachine (ContainerStateMachine.java:takeSnapshot(315)) - group-D8C08AEA218B: Finished taking a snapshot at:(t:1, i:0) file:/home/runner/work/ozone/ozone/hadoop-ozone/integration-test/target/test-dir/MiniOzoneClusterImpl-ae28b10a-1883-433e-acb0-7438b5479a4c/datanode-2/data/ratis/72123b01-d7b0-41b2-bff4-d8c08aea218b/sm/snapshot.1_0 took: 1 ms
2022-05-11 01:30:24,241 [eee5cc7d-4700-49e9-a538-fde0b838210a@group-D8C08AEA218B-StateMachineUpdater] INFO  impl.StateMachineUpdater (StateMachineUpdater.java:takeSnapshot(281)) - eee5cc7d-4700-49e9-a538-fde0b838210a@group-D8C08AEA218B-StateMachineUpdater: Took a snapshot at index 0
2022-05-11 01:30:24,242 [eee5cc7d-4700-49e9-a538-fde0b838210a@group-D8C08AEA218B-StateMachineUpdater] INFO  impl.StateMachineUpdater (StateMachineUpdater.java:lambda$new$0(89)) - eee5cc7d-4700-49e9-a538-fde0b838210a@group-D8C08AEA218B-StateMachineUpdater: snapshotIndex: updateIncreasingly -1 -> 0
2022-05-11 01:30:24,242 [Listener at localhost/38653] INFO  server.RaftServer$Division (ServerState.java:close(419)) - eee5cc7d-4700-49e9-a538-fde0b838210a@group-D8C08AEA218B: closes. applyIndex: 0
2022-05-11 01:30:24,242 [eee5cc7d-4700-49e9-a538-fde0b838210a@group-D8C08AEA218B-SegmentedRaftLogWorker] INFO  segmented.SegmentedRaftLogWorker (SegmentedRaftLogWorker.java:run(327)) - eee5cc7d-4700-49e9-a538-fde0b838210a@group-D8C08AEA218B-SegmentedRaftLogWorker was interrupted, exiting. There are 0 tasks remaining in the queue.
2022-05-11 01:30:24,242 [Listener at localhost/38653] INFO  segmented.SegmentedRaftLogWorker (SegmentedRaftLogWorker.java:close(237)) - eee5cc7d-4700-49e9-a538-fde0b838210a@group-D8C08AEA218B-SegmentedRaftLogWorker close()
2022-05-11 01:30:24,243 [Listener at localhost/38653] INFO  server.RaftServer$Division (RaftServerImpl.java:lambda$close$4(412)) - eee5cc7d-4700-49e9-a538-fde0b838210a@group-BB2467D81C1B: shutdown
2022-05-11 01:30:24,243 [Listener at localhost/38653] INFO  util.JmxRegister (JmxRegister.java:unregister(73)) - Successfully un-registered JMX Bean with object name Ratis:service=RaftServer,group=group-BB2467D81C1B,id=eee5cc7d-4700-49e9-a538-fde0b838210a
2022-05-11 01:30:24,244 [Listener at localhost/38653] INFO  impl.RoleInfo (RoleInfo.java:shutdownFollowerState(108)) - eee5cc7d-4700-49e9-a538-fde0b838210a: shutdown eee5cc7d-4700-49e9-a538-fde0b838210a@group-BB2467D81C1B-FollowerState
2022-05-11 01:30:24,244 [eee5cc7d-4700-49e9-a538-fde0b838210a@group-BB2467D81C1B-FollowerState] INFO  impl.FollowerState (FollowerState.java:run(143)) - eee5cc7d-4700-49e9-a538-fde0b838210a@group-BB2467D81C1B-FollowerState was interrupted: {}
java.lang.InterruptedException: sleep interrupted
	at java.lang.Thread.sleep(Native Method)
	at java.lang.Thread.sleep(Thread.java:342)
	at java.util.concurrent.TimeUnit.sleep(TimeUnit.java:386)
	at org.apache.ratis.util.TimeDuration.sleep(TimeDuration.java:324)
	at org.apache.ratis.util.TimeDuration.sleep(TimeDuration.java:309)
	at org.apache.ratis.server.impl.FollowerState.run(FollowerState.java:118)
2022-05-11 01:30:24,244 [eee5cc7d-4700-49e9-a538-fde0b838210a@group-BB2467D81C1B-StateMachineUpdater] INFO  ratis.ContainerStateMachine (ContainerStateMachine.java:takeSnapshot(304)) - group-BB2467D81C1B: Taking a snapshot at:(t:5, i:0) file /home/runner/work/ozone/ozone/hadoop-ozone/integration-test/target/test-dir/MiniOzoneClusterImpl-ae28b10a-1883-433e-acb0-7438b5479a4c/datanode-2/data/ratis/e6233ef8-8c88-4cd3-85d2-bb2467d81c1b/sm/snapshot.5_0
2022-05-11 01:30:24,244 [Listener at localhost/38653] INFO  impl.StateMachineUpdater (StateMachineUpdater.java:stopAndJoin(149)) - eee5cc7d-4700-49e9-a538-fde0b838210a@group-BB2467D81C1B-StateMachineUpdater: set stopIndex = 0
2022-05-11 01:30:24,245 [eee5cc7d-4700-49e9-a538-fde0b838210a@group-BB2467D81C1B-StateMachineUpdater] INFO  ratis.ContainerStateMachine (ContainerStateMachine.java:takeSnapshot(315)) - group-BB2467D81C1B: Finished taking a snapshot at:(t:5, i:0) file:/home/runner/work/ozone/ozone/hadoop-ozone/integration-test/target/test-dir/MiniOzoneClusterImpl-ae28b10a-1883-433e-acb0-7438b5479a4c/datanode-2/data/ratis/e6233ef8-8c88-4cd3-85d2-bb2467d81c1b/sm/snapshot.5_0 took: 1 ms
2022-05-11 01:30:24,245 [eee5cc7d-4700-49e9-a538-fde0b838210a@group-BB2467D81C1B-StateMachineUpdater] INFO  impl.StateMachineUpdater (StateMachineUpdater.java:takeSnapshot(281)) - eee5cc7d-4700-49e9-a538-fde0b838210a@group-BB2467D81C1B-StateMachineUpdater: Took a snapshot at index 0
2022-05-11 01:30:24,245 [eee5cc7d-4700-49e9-a538-fde0b838210a@group-BB2467D81C1B-StateMachineUpdater] INFO  impl.StateMachineUpdater (StateMachineUpdater.java:lambda$new$0(89)) - eee5cc7d-4700-49e9-a538-fde0b838210a@group-BB2467D81C1B-StateMachineUpdater: snapshotIndex: updateIncreasingly -1 -> 0
2022-05-11 01:30:24,246 [Listener at localhost/38653] INFO  server.RaftServer$Division (ServerState.java:close(419)) - eee5cc7d-4700-49e9-a538-fde0b838210a@group-BB2467D81C1B: closes. applyIndex: 0
2022-05-11 01:30:24,246 [eee5cc7d-4700-49e9-a538-fde0b838210a@group-BB2467D81C1B-SegmentedRaftLogWorker] INFO  segmented.SegmentedRaftLogWorker (SegmentedRaftLogWorker.java:run(327)) - eee5cc7d-4700-49e9-a538-fde0b838210a@group-BB2467D81C1B-SegmentedRaftLogWorker was interrupted, exiting. There are 0 tasks remaining in the queue.
2022-05-11 01:30:24,246 [Listener at localhost/38653] INFO  segmented.SegmentedRaftLogWorker (SegmentedRaftLogWorker.java:close(237)) - eee5cc7d-4700-49e9-a538-fde0b838210a@group-BB2467D81C1B-SegmentedRaftLogWorker close()
2022-05-11 01:30:24,255 [Listener at localhost/38653] INFO  server.GrpcService (GrpcService.java:closeImpl(262)) - eee5cc7d-4700-49e9-a538-fde0b838210a: shutdown server with port 33975 now
2022-05-11 01:30:24,261 [Listener at localhost/38653] INFO  server.GrpcService (GrpcService.java:closeImpl(271)) - eee5cc7d-4700-49e9-a538-fde0b838210a: shutdown server with port 33975 successfully
2022-05-11 01:30:24,262 [org.apache.ratis.util.JvmPauseMonitor$$Lambda$637/1274334510@37c56874] INFO  util.JvmPauseMonitor (JvmPauseMonitor.java:run(109)) - JvmPauseMonitor-eee5cc7d-4700-49e9-a538-fde0b838210a: Stopped
2022-05-11 01:30:24,336 [omNode-3@group-523986131536-FollowerState] INFO  impl.FollowerState (FollowerState.java:run(134)) - omNode-3@group-523986131536-FollowerState: change to CANDIDATE, lastRpcElapsedTime:1025245825ns, electionTimeout:1022ms
2022-05-11 01:30:24,336 [omNode-3@group-523986131536-FollowerState] INFO  impl.RoleInfo (RoleInfo.java:shutdownFollowerState(108)) - omNode-3: shutdown omNode-3@group-523986131536-FollowerState
2022-05-11 01:30:24,336 [omNode-3@group-523986131536-FollowerState] INFO  server.RaftServer$Division (RaftServerImpl.java:setRole(290)) - omNode-3@group-523986131536: changes role from  FOLLOWER to CANDIDATE at term 34 for changeToCandidate
2022-05-11 01:30:24,336 [omNode-3@group-523986131536-FollowerState] INFO  server.RaftServerConfigKeys (ConfUtils.java:logGet(44)) - raft.server.leaderelection.pre-vote = false (custom)
2022-05-11 01:30:24,336 [omNode-3@group-523986131536-FollowerState] INFO  impl.RoleInfo (RoleInfo.java:updateAndGet(130)) - omNode-3: start omNode-3@group-523986131536-LeaderElection50
2022-05-11 01:30:24,358 [omNode-3@group-523986131536-LeaderElection50] INFO  impl.LeaderElection (LeaderElection.java:askForVotes(306)) - omNode-3@group-523986131536-LeaderElection50 ELECTION round 0: submit vote requests at term 35 for 145: [omNode-3|rpc:localhost:40799|admin:|client:|dataStream:|priority:0, omNode-1|rpc:localhost:37959|admin:|client:|dataStream:|priority:0, omNode-2|rpc:localhost:36649|admin:|client:|dataStream:|priority:0], old=null
2022-05-11 01:30:24,376 [omNode-3@group-523986131536-LeaderElection50] INFO  impl.LeaderElection (LogUtils.java:infoOrTrace(137)) - omNode-3@group-523986131536-LeaderElection50 got exception when requesting votes: java.util.concurrent.ExecutionException: org.apache.ratis.thirdparty.io.grpc.StatusRuntimeException: UNAVAILABLE: io exception
2022-05-11 01:30:24,377 [omNode-3@group-523986131536-LeaderElection50] INFO  impl.LeaderElection (LogUtils.java:infoOrTrace(137)) - omNode-3@group-523986131536-LeaderElection50 got exception when requesting votes: java.util.concurrent.ExecutionException: org.apache.ratis.thirdparty.io.grpc.StatusRuntimeException: UNAVAILABLE: io exception
2022-05-11 01:30:24,377 [omNode-3@group-523986131536-LeaderElection50] INFO  impl.LeaderElection (LeaderElection.java:logAndReturn(89)) - omNode-3@group-523986131536-LeaderElection50: ELECTION REJECTED received 0 response(s) and 2 exception(s):
2022-05-11 01:30:24,377 [omNode-3@group-523986131536-LeaderElection50] INFO  impl.LeaderElection (LogUtils.java:infoOrTrace(137)) -   Exception 0: java.util.concurrent.ExecutionException: org.apache.ratis.thirdparty.io.grpc.StatusRuntimeException: UNAVAILABLE: io exception
2022-05-11 01:30:24,377 [omNode-3@group-523986131536-LeaderElection50] INFO  impl.LeaderElection (LogUtils.java:infoOrTrace(137)) -   Exception 1: java.util.concurrent.ExecutionException: org.apache.ratis.thirdparty.io.grpc.StatusRuntimeException: UNAVAILABLE: io exception
2022-05-11 01:30:24,377 [omNode-3@group-523986131536-LeaderElection50] INFO  impl.LeaderElection (LeaderElection.java:askForVotes(308)) - omNode-3@group-523986131536-LeaderElection50 ELECTION round 0: result REJECTED
2022-05-11 01:30:24,377 [omNode-3@group-523986131536-LeaderElection50] INFO  server.RaftServer$Division (RaftServerImpl.java:setRole(290)) - omNode-3@group-523986131536: changes role from CANDIDATE to FOLLOWER at term 35 for REJECTED
2022-05-11 01:30:24,377 [omNode-3@group-523986131536-LeaderElection50] INFO  impl.RoleInfo (RoleInfo.java:shutdownLeaderElection(121)) - omNode-3: shutdown omNode-3@group-523986131536-LeaderElection50
2022-05-11 01:30:24,377 [omNode-3@group-523986131536-LeaderElection50] INFO  impl.RoleInfo (RoleInfo.java:updateAndGet(130)) - omNode-3: start omNode-3@group-523986131536-FollowerState
2022-05-11 01:30:24,874 [EndpointStateMachine task thread for /0.0.0.0:46775 - 0 ] INFO  ipc.Client (Client.java:handleConnectionFailure(977)) - Retrying connect to server: 0.0.0.0/0.0.0.0:46775. Already tried 13 time(s); retry policy is RetryUpToMaximumCountWithFixedSleep(maxRetries=15, sleepTime=1000 MILLISECONDS)
2022-05-11 01:30:25,488 [omNode-3@group-523986131536-FollowerState] INFO  impl.FollowerState (FollowerState.java:run(134)) - omNode-3@group-523986131536-FollowerState: change to CANDIDATE, lastRpcElapsedTime:1111154713ns, electionTimeout:1094ms
2022-05-11 01:30:25,488 [omNode-3@group-523986131536-FollowerState] INFO  impl.RoleInfo (RoleInfo.java:shutdownFollowerState(108)) - omNode-3: shutdown omNode-3@group-523986131536-FollowerState
2022-05-11 01:30:25,489 [omNode-3@group-523986131536-FollowerState] INFO  server.RaftServer$Division (RaftServerImpl.java:setRole(290)) - omNode-3@group-523986131536: changes role from  FOLLOWER to CANDIDATE at term 35 for changeToCandidate
2022-05-11 01:30:25,489 [omNode-3@group-523986131536-FollowerState] INFO  server.RaftServerConfigKeys (ConfUtils.java:logGet(44)) - raft.server.leaderelection.pre-vote = false (custom)
2022-05-11 01:30:25,489 [omNode-3@group-523986131536-FollowerState] INFO  impl.RoleInfo (RoleInfo.java:updateAndGet(130)) - omNode-3: start omNode-3@group-523986131536-LeaderElection51
2022-05-11 01:30:25,500 [omNode-3@group-523986131536-LeaderElection51] INFO  impl.LeaderElection (LeaderElection.java:askForVotes(306)) - omNode-3@group-523986131536-LeaderElection51 ELECTION round 0: submit vote requests at term 36 for 145: [omNode-3|rpc:localhost:40799|admin:|client:|dataStream:|priority:0, omNode-1|rpc:localhost:37959|admin:|client:|dataStream:|priority:0, omNode-2|rpc:localhost:36649|admin:|client:|dataStream:|priority:0], old=null
2022-05-11 01:30:25,515 [omNode-3@group-523986131536-LeaderElection51] INFO  impl.LeaderElection (LogUtils.java:infoOrTrace(137)) - omNode-3@group-523986131536-LeaderElection51 got exception when requesting votes: java.util.concurrent.ExecutionException: org.apache.ratis.thirdparty.io.grpc.StatusRuntimeException: UNAVAILABLE: io exception
2022-05-11 01:30:25,515 [omNode-3@group-523986131536-LeaderElection51] INFO  impl.LeaderElection (LogUtils.java:infoOrTrace(137)) - omNode-3@group-523986131536-LeaderElection51 got exception when requesting votes: java.util.concurrent.ExecutionException: org.apache.ratis.thirdparty.io.grpc.StatusRuntimeException: UNAVAILABLE: io exception
2022-05-11 01:30:25,515 [omNode-3@group-523986131536-LeaderElection51] INFO  impl.LeaderElection (LeaderElection.java:logAndReturn(89)) - omNode-3@group-523986131536-LeaderElection51: ELECTION REJECTED received 0 response(s) and 2 exception(s):
2022-05-11 01:30:25,515 [omNode-3@group-523986131536-LeaderElection51] INFO  impl.LeaderElection (LogUtils.java:infoOrTrace(137)) -   Exception 0: java.util.concurrent.ExecutionException: org.apache.ratis.thirdparty.io.grpc.StatusRuntimeException: UNAVAILABLE: io exception
2022-05-11 01:30:25,515 [omNode-3@group-523986131536-LeaderElection51] INFO  impl.LeaderElection (LogUtils.java:infoOrTrace(137)) -   Exception 1: java.util.concurrent.ExecutionException: org.apache.ratis.thirdparty.io.grpc.StatusRuntimeException: UNAVAILABLE: io exception
2022-05-11 01:30:25,515 [omNode-3@group-523986131536-LeaderElection51] INFO  impl.LeaderElection (LeaderElection.java:askForVotes(308)) - omNode-3@group-523986131536-LeaderElection51 ELECTION round 0: result REJECTED
2022-05-11 01:30:25,515 [omNode-3@group-523986131536-LeaderElection51] INFO  server.RaftServer$Division (RaftServerImpl.java:setRole(290)) - omNode-3@group-523986131536: changes role from CANDIDATE to FOLLOWER at term 36 for REJECTED
2022-05-11 01:30:25,515 [omNode-3@group-523986131536-LeaderElection51] INFO  impl.RoleInfo (RoleInfo.java:shutdownLeaderElection(121)) - omNode-3: shutdown omNode-3@group-523986131536-LeaderElection51
2022-05-11 01:30:25,515 [omNode-3@group-523986131536-LeaderElection51] INFO  impl.RoleInfo (RoleInfo.java:updateAndGet(130)) - omNode-3: start omNode-3@group-523986131536-FollowerState
2022-05-11 01:30:25,874 [EndpointStateMachine task thread for /0.0.0.0:46775 - 0 ] INFO  ipc.Client (Client.java:handleConnectionFailure(977)) - Retrying connect to server: 0.0.0.0/0.0.0.0:46775. Already tried 14 time(s); retry policy is RetryUpToMaximumCountWithFixedSleep(maxRetries=15, sleepTime=1000 MILLISECONDS)
2022-05-11 01:30:26,279 [Listener at localhost/38653] INFO  utils.BackgroundService (BackgroundService.java:shutdown(132)) - Shutting down service BlockDeletingService
2022-05-11 01:30:26,694 [omNode-3@group-523986131536-FollowerState] INFO  impl.FollowerState (FollowerState.java:run(134)) - omNode-3@group-523986131536-FollowerState: change to CANDIDATE, lastRpcElapsedTime:1178515759ns, electionTimeout:1178ms
2022-05-11 01:30:26,694 [omNode-3@group-523986131536-FollowerState] INFO  impl.RoleInfo (RoleInfo.java:shutdownFollowerState(108)) - omNode-3: shutdown omNode-3@group-523986131536-FollowerState
2022-05-11 01:30:26,694 [omNode-3@group-523986131536-FollowerState] INFO  server.RaftServer$Division (RaftServerImpl.java:setRole(290)) - omNode-3@group-523986131536: changes role from  FOLLOWER to CANDIDATE at term 36 for changeToCandidate
2022-05-11 01:30:26,694 [omNode-3@group-523986131536-FollowerState] INFO  server.RaftServerConfigKeys (ConfUtils.java:logGet(44)) - raft.server.leaderelection.pre-vote = false (custom)
2022-05-11 01:30:26,694 [omNode-3@group-523986131536-FollowerState] INFO  impl.RoleInfo (RoleInfo.java:updateAndGet(130)) - omNode-3: start omNode-3@group-523986131536-LeaderElection52
2022-05-11 01:30:26,716 [omNode-3@group-523986131536-LeaderElection52] INFO  impl.LeaderElection (LeaderElection.java:askForVotes(306)) - omNode-3@group-523986131536-LeaderElection52 ELECTION round 0: submit vote requests at term 37 for 145: [omNode-3|rpc:localhost:40799|admin:|client:|dataStream:|priority:0, omNode-1|rpc:localhost:37959|admin:|client:|dataStream:|priority:0, omNode-2|rpc:localhost:36649|admin:|client:|dataStream:|priority:0], old=null
2022-05-11 01:30:26,730 [omNode-3@group-523986131536-LeaderElection52] INFO  impl.LeaderElection (LogUtils.java:infoOrTrace(137)) - omNode-3@group-523986131536-LeaderElection52 got exception when requesting votes: java.util.concurrent.ExecutionException: org.apache.ratis.thirdparty.io.grpc.StatusRuntimeException: UNAVAILABLE: io exception
2022-05-11 01:30:26,733 [omNode-3@group-523986131536-LeaderElection52] INFO  impl.LeaderElection (LogUtils.java:infoOrTrace(137)) - omNode-3@group-523986131536-LeaderElection52 got exception when requesting votes: java.util.concurrent.ExecutionException: org.apache.ratis.thirdparty.io.grpc.StatusRuntimeException: UNAVAILABLE: io exception
2022-05-11 01:30:26,733 [omNode-3@group-523986131536-LeaderElection52] INFO  impl.LeaderElection (LeaderElection.java:logAndReturn(89)) - omNode-3@group-523986131536-LeaderElection52: ELECTION REJECTED received 0 response(s) and 2 exception(s):
2022-05-11 01:30:26,733 [omNode-3@group-523986131536-LeaderElection52] INFO  impl.LeaderElection (LogUtils.java:infoOrTrace(137)) -   Exception 0: java.util.concurrent.ExecutionException: org.apache.ratis.thirdparty.io.grpc.StatusRuntimeException: UNAVAILABLE: io exception
2022-05-11 01:30:26,733 [omNode-3@group-523986131536-LeaderElection52] INFO  impl.LeaderElection (LogUtils.java:infoOrTrace(137)) -   Exception 1: java.util.concurrent.ExecutionException: org.apache.ratis.thirdparty.io.grpc.StatusRuntimeException: UNAVAILABLE: io exception
2022-05-11 01:30:26,734 [omNode-3@group-523986131536-LeaderElection52] INFO  impl.LeaderElection (LeaderElection.java:askForVotes(308)) - omNode-3@group-523986131536-LeaderElection52 ELECTION round 0: result REJECTED
2022-05-11 01:30:26,734 [omNode-3@group-523986131536-LeaderElection52] INFO  server.RaftServer$Division (RaftServerImpl.java:setRole(290)) - omNode-3@group-523986131536: changes role from CANDIDATE to FOLLOWER at term 37 for REJECTED
2022-05-11 01:30:26,734 [omNode-3@group-523986131536-LeaderElection52] INFO  impl.RoleInfo (RoleInfo.java:shutdownLeaderElection(121)) - omNode-3: shutdown omNode-3@group-523986131536-LeaderElection52
2022-05-11 01:30:26,734 [omNode-3@group-523986131536-LeaderElection52] INFO  impl.RoleInfo (RoleInfo.java:updateAndGet(130)) - omNode-3: start omNode-3@group-523986131536-FollowerState
2022-05-11 01:30:26,876 [EndpointStateMachine task thread for /0.0.0.0:46775 - 0 ] INFO  ipc.Client (Client.java:handleConnectionFailure(977)) - Retrying connect to server: 0.0.0.0/0.0.0.0:46775. Already tried 0 time(s); retry policy is RetryUpToMaximumCountWithFixedSleep(maxRetries=15, sleepTime=1000 MILLISECONDS)
2022-05-11 01:30:27,796 [omNode-3@group-523986131536-FollowerState] INFO  impl.FollowerState (FollowerState.java:run(134)) - omNode-3@group-523986131536-FollowerState: change to CANDIDATE, lastRpcElapsedTime:1062052942ns, electionTimeout:1054ms
2022-05-11 01:30:27,796 [omNode-3@group-523986131536-FollowerState] INFO  impl.RoleInfo (RoleInfo.java:shutdownFollowerState(108)) - omNode-3: shutdown omNode-3@group-523986131536-FollowerState
2022-05-11 01:30:27,796 [omNode-3@group-523986131536-FollowerState] INFO  server.RaftServer$Division (RaftServerImpl.java:setRole(290)) - omNode-3@group-523986131536: changes role from  FOLLOWER to CANDIDATE at term 37 for changeToCandidate
2022-05-11 01:30:27,796 [omNode-3@group-523986131536-FollowerState] INFO  server.RaftServerConfigKeys (ConfUtils.java:logGet(44)) - raft.server.leaderelection.pre-vote = false (custom)
2022-05-11 01:30:27,796 [omNode-3@group-523986131536-FollowerState] INFO  impl.RoleInfo (RoleInfo.java:updateAndGet(130)) - omNode-3: start omNode-3@group-523986131536-LeaderElection53
2022-05-11 01:30:27,806 [omNode-3@group-523986131536-LeaderElection53] INFO  impl.LeaderElection (LeaderElection.java:askForVotes(306)) - omNode-3@group-523986131536-LeaderElection53 ELECTION round 0: submit vote requests at term 38 for 145: [omNode-3|rpc:localhost:40799|admin:|client:|dataStream:|priority:0, omNode-1|rpc:localhost:37959|admin:|client:|dataStream:|priority:0, omNode-2|rpc:localhost:36649|admin:|client:|dataStream:|priority:0], old=null
2022-05-11 01:30:27,809 [omNode-3@group-523986131536-LeaderElection53] INFO  impl.LeaderElection (LogUtils.java:infoOrTrace(137)) - omNode-3@group-523986131536-LeaderElection53 got exception when requesting votes: java.util.concurrent.ExecutionException: org.apache.ratis.thirdparty.io.grpc.StatusRuntimeException: UNAVAILABLE: io exception
2022-05-11 01:30:27,811 [omNode-3@group-523986131536-LeaderElection53] INFO  impl.LeaderElection (LogUtils.java:infoOrTrace(137)) - omNode-3@group-523986131536-LeaderElection53 got exception when requesting votes: java.util.concurrent.ExecutionException: org.apache.ratis.thirdparty.io.grpc.StatusRuntimeException: UNAVAILABLE: io exception
2022-05-11 01:30:27,811 [omNode-3@group-523986131536-LeaderElection53] INFO  impl.LeaderElection (LeaderElection.java:logAndReturn(89)) - omNode-3@group-523986131536-LeaderElection53: ELECTION REJECTED received 0 response(s) and 2 exception(s):
2022-05-11 01:30:27,811 [omNode-3@group-523986131536-LeaderElection53] INFO  impl.LeaderElection (LogUtils.java:infoOrTrace(137)) -   Exception 0: java.util.concurrent.ExecutionException: org.apache.ratis.thirdparty.io.grpc.StatusRuntimeException: UNAVAILABLE: io exception
2022-05-11 01:30:27,811 [omNode-3@group-523986131536-LeaderElection53] INFO  impl.LeaderElection (LogUtils.java:infoOrTrace(137)) -   Exception 1: java.util.concurrent.ExecutionException: org.apache.ratis.thirdparty.io.grpc.StatusRuntimeException: UNAVAILABLE: io exception
2022-05-11 01:30:27,811 [omNode-3@group-523986131536-LeaderElection53] INFO  impl.LeaderElection (LeaderElection.java:askForVotes(308)) - omNode-3@group-523986131536-LeaderElection53 ELECTION round 0: result REJECTED
2022-05-11 01:30:27,811 [omNode-3@group-523986131536-LeaderElection53] INFO  server.RaftServer$Division (RaftServerImpl.java:setRole(290)) - omNode-3@group-523986131536: changes role from CANDIDATE to FOLLOWER at term 38 for REJECTED
2022-05-11 01:30:27,811 [omNode-3@group-523986131536-LeaderElection53] INFO  impl.RoleInfo (RoleInfo.java:shutdownLeaderElection(121)) - omNode-3: shutdown omNode-3@group-523986131536-LeaderElection53
2022-05-11 01:30:27,811 [omNode-3@group-523986131536-LeaderElection53] INFO  impl.RoleInfo (RoleInfo.java:updateAndGet(130)) - omNode-3: start omNode-3@group-523986131536-FollowerState
2022-05-11 01:30:27,877 [EndpointStateMachine task thread for /0.0.0.0:46775 - 0 ] INFO  ipc.Client (Client.java:handleConnectionFailure(977)) - Retrying connect to server: 0.0.0.0/0.0.0.0:46775. Already tried 1 time(s); retry policy is RetryUpToMaximumCountWithFixedSleep(maxRetries=15, sleepTime=1000 MILLISECONDS)
2022-05-11 01:30:28,877 [EndpointStateMachine task thread for /0.0.0.0:46775 - 0 ] INFO  ipc.Client (Client.java:handleConnectionFailure(977)) - Retrying connect to server: 0.0.0.0/0.0.0.0:46775. Already tried 2 time(s); retry policy is RetryUpToMaximumCountWithFixedSleep(maxRetries=15, sleepTime=1000 MILLISECONDS)
2022-05-11 01:30:29,010 [omNode-3@group-523986131536-FollowerState] INFO  impl.FollowerState (FollowerState.java:run(134)) - omNode-3@group-523986131536-FollowerState: change to CANDIDATE, lastRpcElapsedTime:1198702777ns, electionTimeout:1187ms
2022-05-11 01:30:29,010 [omNode-3@group-523986131536-FollowerState] INFO  impl.RoleInfo (RoleInfo.java:shutdownFollowerState(108)) - omNode-3: shutdown omNode-3@group-523986131536-FollowerState
2022-05-11 01:30:29,010 [omNode-3@group-523986131536-FollowerState] INFO  server.RaftServer$Division (RaftServerImpl.java:setRole(290)) - omNode-3@group-523986131536: changes role from  FOLLOWER to CANDIDATE at term 38 for changeToCandidate
2022-05-11 01:30:29,010 [omNode-3@group-523986131536-FollowerState] INFO  server.RaftServerConfigKeys (ConfUtils.java:logGet(44)) - raft.server.leaderelection.pre-vote = false (custom)
2022-05-11 01:30:29,010 [omNode-3@group-523986131536-FollowerState] INFO  impl.RoleInfo (RoleInfo.java:updateAndGet(130)) - omNode-3: start omNode-3@group-523986131536-LeaderElection54
2022-05-11 01:30:29,017 [omNode-3@group-523986131536-LeaderElection54] INFO  impl.LeaderElection (LeaderElection.java:askForVotes(306)) - omNode-3@group-523986131536-LeaderElection54 ELECTION round 0: submit vote requests at term 39 for 145: [omNode-3|rpc:localhost:40799|admin:|client:|dataStream:|priority:0, omNode-1|rpc:localhost:37959|admin:|client:|dataStream:|priority:0, omNode-2|rpc:localhost:36649|admin:|client:|dataStream:|priority:0], old=null
2022-05-11 01:30:29,021 [omNode-3@group-523986131536-LeaderElection54] INFO  impl.LeaderElection (LogUtils.java:infoOrTrace(137)) - omNode-3@group-523986131536-LeaderElection54 got exception when requesting votes: java.util.concurrent.ExecutionException: org.apache.ratis.thirdparty.io.grpc.StatusRuntimeException: UNAVAILABLE: io exception
2022-05-11 01:30:29,023 [omNode-3@group-523986131536-LeaderElection54] INFO  impl.LeaderElection (LogUtils.java:infoOrTrace(137)) - omNode-3@group-523986131536-LeaderElection54 got exception when requesting votes: java.util.concurrent.ExecutionException: org.apache.ratis.thirdparty.io.grpc.StatusRuntimeException: UNAVAILABLE: io exception
2022-05-11 01:30:29,023 [omNode-3@group-523986131536-LeaderElection54] INFO  impl.LeaderElection (LeaderElection.java:logAndReturn(89)) - omNode-3@group-523986131536-LeaderElection54: ELECTION REJECTED received 0 response(s) and 2 exception(s):
2022-05-11 01:30:29,023 [omNode-3@group-523986131536-LeaderElection54] INFO  impl.LeaderElection (LogUtils.java:infoOrTrace(137)) -   Exception 0: java.util.concurrent.ExecutionException: org.apache.ratis.thirdparty.io.grpc.StatusRuntimeException: UNAVAILABLE: io exception
2022-05-11 01:30:29,023 [omNode-3@group-523986131536-LeaderElection54] INFO  impl.LeaderElection (LogUtils.java:infoOrTrace(137)) -   Exception 1: java.util.concurrent.ExecutionException: org.apache.ratis.thirdparty.io.grpc.StatusRuntimeException: UNAVAILABLE: io exception
2022-05-11 01:30:29,023 [omNode-3@group-523986131536-LeaderElection54] INFO  impl.LeaderElection (LeaderElection.java:askForVotes(308)) - omNode-3@group-523986131536-LeaderElection54 ELECTION round 0: result REJECTED
2022-05-11 01:30:29,023 [omNode-3@group-523986131536-LeaderElection54] INFO  server.RaftServer$Division (RaftServerImpl.java:setRole(290)) - omNode-3@group-523986131536: changes role from CANDIDATE to FOLLOWER at term 39 for REJECTED
2022-05-11 01:30:29,023 [omNode-3@group-523986131536-LeaderElection54] INFO  impl.RoleInfo (RoleInfo.java:shutdownLeaderElection(121)) - omNode-3: shutdown omNode-3@group-523986131536-LeaderElection54
2022-05-11 01:30:29,023 [omNode-3@group-523986131536-LeaderElection54] INFO  impl.RoleInfo (RoleInfo.java:updateAndGet(130)) - omNode-3: start omNode-3@group-523986131536-FollowerState
2022-05-11 01:30:29,283 [Listener at localhost/38653] INFO  statemachine.DatanodeStateMachine (DatanodeStateMachine.java:stopDaemon(560)) - Ozone container server stopped.
2022-05-11 01:30:29,294 [Listener at localhost/38653] INFO  handler.ContextHandler (ContextHandler.java:doStop(1153)) - Stopped o.e.j.w.WebAppContext@5631baf5{hddsDatanode,/,null,STOPPED}{jar:file:/home/runner/.m2/repository/org/apache/ozone/hdds-container-service/1.3.0-SNAPSHOT/hdds-container-service-1.3.0-SNAPSHOT.jar!/webapps/hddsDatanode}
2022-05-11 01:30:29,303 [Listener at localhost/38653] INFO  server.AbstractConnector (AbstractConnector.java:doStop(381)) - Stopped ServerConnector@69668de7{HTTP/1.1, (http/1.1)}{0.0.0.0:0}
2022-05-11 01:30:29,303 [Listener at localhost/38653] INFO  server.session (HouseKeeper.java:stopScavenging(149)) - node0 Stopped scavenging
2022-05-11 01:30:29,303 [Listener at localhost/38653] INFO  handler.ContextHandler (ContextHandler.java:doStop(1153)) - Stopped o.e.j.s.ServletContextHandler@7609b7c5{static,/static,jar:file:/home/runner/.m2/repository/org/apache/ozone/hdds-container-service/1.3.0-SNAPSHOT/hdds-container-service-1.3.0-SNAPSHOT.jar!/webapps/static,STOPPED}
2022-05-11 01:30:29,304 [Listener at localhost/38653] INFO  handler.ContextHandler (ContextHandler.java:doStop(1153)) - Stopped o.e.j.s.ServletContextHandler@1d483c89{logs,/logs,file:///home/runner/work/ozone/ozone/hadoop-ozone/integration-test/target/log,STOPPED}
2022-05-11 01:30:29,481 [Listener at localhost/38653] WARN  server.ServerUtils (ServerUtils.java:getScmDbDir(148)) - ozone.scm.db.dirs is not configured. We recommend adding this setting. Falling back to ozone.metadata.dirs instead.
2022-05-11 01:30:29,487 [Listener at localhost/38653] INFO  ha.SCMHANodeDetails (SCMHANodeDetails.java:loadSCMHAConfig(157)) - ServiceID for StorageContainerManager is null
2022-05-11 01:30:29,487 [Listener at localhost/38653] INFO  ha.SCMHANodeDetails (SCMHANodeDetails.java:loadSCMHAConfig(162)) - ozone.scm.default.service.id is not defined, falling back to ozone.scm.service.ids to find serviceID for StorageContainerManager if it is HA enabled cluster
2022-05-11 01:30:29,488 [Listener at localhost/38653] WARN  server.ServerUtils (ServerUtils.java:getScmDbDir(148)) - ozone.scm.db.dirs is not configured. We recommend adding this setting. Falling back to ozone.metadata.dirs instead.
2022-05-11 01:30:29,488 [Listener at localhost/38653] INFO  upgrade.AbstractLayoutVersionManager (AbstractLayoutVersionManager.java:init(79)) - Initializing Layout version manager with metadata layout = ERASURE_CODED_STORAGE_SUPPORT (version = 3), software layout = ERASURE_CODED_STORAGE_SUPPORT (version = 3)
2022-05-11 01:30:29,560 [Listener at localhost/38653] INFO  reflections.Reflections (Reflections.java:scan(232)) - Reflections took 71 ms to scan 7 urls, producing 126 keys and 289 values 
2022-05-11 01:30:29,563 [Listener at localhost/38653] WARN  utils.HAUtils (HAUtils.java:getMetaDir(342)) - ozone.scm.db.dirs is not configured. We recommend adding this setting. Falling back to ozone.metadata.dirs instead.
2022-05-11 01:30:29,564 [Listener at localhost/38653] WARN  db.DBStoreBuilder (DBStoreBuilder.java:applyDBDefinition(145)) - ozone.scm.db.dirs is not configured. We recommend adding this setting. Falling back to ozone.metadata.dirs instead.
2022-05-11 01:30:29,769 [Listener at localhost/38653] INFO  net.NodeSchemaLoader (NodeSchemaLoader.java:loadSchemaFromFile(129)) - Loading schema from [jar:file:/home/runner/.m2/repository/org/apache/ozone/hdds-common/1.3.0-SNAPSHOT/hdds-common-1.3.0-SNAPSHOT.jar!/network-topology-default.xml]
2022-05-11 01:30:29,769 [Listener at localhost/38653] INFO  net.NodeSchemaLoader (NodeSchemaLoader.java:loadSchema(176)) - Loading network topology layer schema file
2022-05-11 01:30:29,772 [Listener at localhost/38653] WARN  impl.MetricRegistriesImpl (MetricRegistriesImpl.java:addReporterRegistration(111)) - New reporters are added after registries were created. Some metrics will be missing from the reporter. Please add reporter before adding any new registry.
2022-05-11 01:30:29,772 [Listener at localhost/38653] WARN  impl.MetricRegistriesImpl (MetricRegistriesImpl.java:addReporterRegistration(111)) - New reporters are added after registries were created. Some metrics will be missing from the reporter. Please add reporter before adding any new registry.
2022-05-11 01:30:29,773 [Listener at localhost/38653] INFO  ha.SequenceIdGenerator (SequenceIdGenerator.java:upgradeToSequenceId(347)) - upgrade localId to 109611004723200000
2022-05-11 01:30:29,773 [Listener at localhost/38653] INFO  ha.SequenceIdGenerator (SequenceIdGenerator.java:upgradeToSequenceId(357)) - upgrade delTxnId to 0
2022-05-11 01:30:29,773 [Listener at localhost/38653] INFO  ha.SequenceIdGenerator (SequenceIdGenerator.java:upgradeToSequenceId(371)) - upgrade containerId to 0
2022-05-11 01:30:29,787 [Listener at localhost/38653] INFO  ha.SequenceIdGenerator (SequenceIdGenerator.java:<init>(218)) - Init the HA SequenceIdGenerator.
2022-05-11 01:30:29,787 [Listener at localhost/38653] WARN  server.ServerUtils (ServerUtils.java:sanitizeUserArgs(73)) - ozone.scm.stale.node.interval value = 300000 is larger than max = 100000 based on the key value of ozone.scm.heartbeat.thread.interval, reset to the max value 100000.
2022-05-11 01:30:29,788 [Listener at localhost/38653] WARN  server.ServerUtils (ServerUtils.java:sanitizeUserArgs(73)) - ozone.scm.stale.node.interval value = 300000 is larger than max = 100000 based on the key value of ozone.scm.heartbeat.thread.interval, reset to the max value 100000.
2022-05-11 01:30:29,788 [Listener at localhost/38653] INFO  node.SCMNodeManager (SCMNodeManager.java:<init>(148)) - Entering startup safe mode.
2022-05-11 01:30:29,789 [Listener at localhost/38653] INFO  algorithms.ContainerPlacementPolicyFactory (ContainerPlacementPolicyFactory.java:getPolicyInternal(86)) - Create container placement policy of type org.apache.hadoop.hdds.scm.container.placement.algorithms.SCMContainerPlacementRandom
2022-05-11 01:30:29,789 [Listener at localhost/38653] INFO  pipeline.PipelineStateManagerImpl (PipelineStateManagerImpl.java:initialize(78)) - No pipeline exists in current db
2022-05-11 01:30:29,789 [Listener at localhost/38653] INFO  algorithms.LeaderChoosePolicyFactory (LeaderChoosePolicyFactory.java:getPolicy(57)) - Create leader choose policy of type org.apache.hadoop.hdds.scm.pipeline.leader.choose.algorithms.MinLeaderCountChoosePolicy
2022-05-11 01:30:29,789 [Listener at localhost/38653] INFO  algorithms.ContainerPlacementPolicyFactory (ContainerPlacementPolicyFactory.java:getPolicyInternal(86)) - Create container placement policy of type org.apache.hadoop.hdds.scm.container.placement.algorithms.SCMContainerPlacementRackScatter
2022-05-11 01:30:29,790 [Listener at localhost/38653] INFO  pipeline.BackgroundPipelineCreator (BackgroundPipelineCreator.java:start(125)) - Starting RatisPipelineUtilsThread.
2022-05-11 01:30:29,792 [Listener at localhost/38653] INFO  pipeline.BackgroundPipelineScrubber (BackgroundPipelineScrubber.java:start(126)) - Starting BackgroundPipelineScrubber Service.
2022-05-11 01:30:29,800 [Listener at localhost/38653] INFO  ha.SCMServiceManager (SCMServiceManager.java:register(42)) - Registering service BackgroundPipelineCreator.
2022-05-11 01:30:29,800 [Listener at localhost/38653] INFO  ha.SCMServiceManager (SCMServiceManager.java:register(42)) - Registering service BackgroundPipelineScrubber.
2022-05-11 01:30:29,801 [Listener at localhost/38653] INFO  algorithms.PipelineChoosePolicyFactory (PipelineChoosePolicyFactory.java:createPipelineChoosePolicyFromClass(73)) - Create pipeline choose policy of type org.apache.hadoop.hdds.scm.pipeline.choose.algorithms.RandomPipelineChoosePolicy
2022-05-11 01:30:29,801 [Listener at localhost/38653] INFO  ha.SCMServiceManager (SCMServiceManager.java:register(42)) - Registering service SCMBlockDeletingService.
2022-05-11 01:30:29,801 [Listener at localhost/38653] INFO  ha.SCMServiceManager (SCMServiceManager.java:register(42)) - Registering service ReplicationManager.
2022-05-11 01:30:29,802 [Listener at localhost/38653] INFO  replication.ReplicationManager (ReplicationManager.java:start(176)) - Starting Replication Monitor Thread.
2022-05-11 01:30:29,804 [Listener at localhost/38653] INFO  safemode.ContainerSafeModeRule (ContainerSafeModeRule.java:<init>(89)) - containers with one replica threshold count 0
2022-05-11 01:30:29,805 [Listener at localhost/38653] INFO  safemode.HealthyPipelineSafeModeRule (HealthyPipelineSafeModeRule.java:initializeRule(156)) - Total pipeline count is 0, healthy pipeline threshold count is 1
2022-05-11 01:30:29,805 [Listener at localhost/38653] INFO  safemode.OneReplicaPipelineSafeModeRule (OneReplicaPipelineSafeModeRule.java:initializeRule(180)) - Total pipeline count is 0, pipeline's with at least one datanode reported threshold count is 0
2022-05-11 01:30:29,811 [Listener at localhost/38653] INFO  ipc.CallQueueManager (CallQueueManager.java:<init>(90)) - Using callQueue: class java.util.concurrent.LinkedBlockingQueue, queueCapacity: 2000, scheduler: class org.apache.hadoop.ipc.DefaultRpcScheduler, ipcBackoff: false.
2022-05-11 01:30:29,816 [ReplicationMonitor] INFO  replication.ReplicationManager (ReplicationManager.java:processAll(225)) - Replication Manager is not ready to run until 3000ms after safemode exit
2022-05-11 01:30:29,821 [Listener at 0.0.0.0/39779] INFO  ipc.CallQueueManager (CallQueueManager.java:<init>(90)) - Using callQueue: class java.util.concurrent.LinkedBlockingQueue, queueCapacity: 2000, scheduler: class org.apache.hadoop.ipc.DefaultRpcScheduler, ipcBackoff: false.
2022-05-11 01:30:29,828 [Socket Reader #1 for port 0] INFO  ipc.Server (Server.java:run(1265)) - Starting Socket Reader #1 for port 0
2022-05-11 01:30:29,830 [Listener at 0.0.0.0/36599] INFO  ipc.CallQueueManager (CallQueueManager.java:<init>(90)) - Using callQueue: class java.util.concurrent.LinkedBlockingQueue, queueCapacity: 2000, scheduler: class org.apache.hadoop.ipc.DefaultRpcScheduler, ipcBackoff: false.
2022-05-11 01:30:29,834 [Socket Reader #1 for port 0] INFO  ipc.Server (Server.java:run(1265)) - Starting Socket Reader #1 for port 0
2022-05-11 01:30:29,836 [Socket Reader #1 for port 0] INFO  ipc.Server (Server.java:run(1265)) - Starting Socket Reader #1 for port 0
2022-05-11 01:30:29,879 [EndpointStateMachine task thread for /0.0.0.0:46775 - 0 ] INFO  ipc.Client (Client.java:handleConnectionFailure(977)) - Retrying connect to server: 0.0.0.0/0.0.0.0:46775. Already tried 3 time(s); retry policy is RetryUpToMaximumCountWithFixedSleep(maxRetries=15, sleepTime=1000 MILLISECONDS)
2022-05-11 01:30:29,892 [Listener at 0.0.0.0/33693] INFO  server.StorageContainerManager (StorageContainerManager.java:<init>(395)) - 
Container Balancer status:
Key                            Value
Running                        false
Container Balancer Configuration values:
Key                                                Value
Threshold                                          10
Max Datanodes to Involve per Iteration(percent)    20
Max Size to Move per Iteration                     500GB
Max Size Entering Target per Iteration             26GB
Max Size Leaving Source per Iteration              26GB

2022-05-11 01:30:29,892 [Listener at 0.0.0.0/33693] WARN  events.EventQueue (EventQueue.java:fireEvent(194)) - No event handler registered for event TypedEvent{payloadType=SafeModeStatus, name='Safe mode status'}
2022-05-11 01:30:29,892 [Listener at 0.0.0.0/33693] INFO  ha.SCMContext (SCMContext.java:updateSafeModeStatus(211)) - Update SafeModeStatus from SafeModeStatus{safeModeStatus=true, preCheckPassed=false} to SafeModeStatus{safeModeStatus=true, preCheckPassed=false}.
2022-05-11 01:30:29,892 [Listener at 0.0.0.0/33693] INFO  server.StorageContainerManager (StorageContainerManager.java:start(1347)) - StorageContainerLocationProtocol RPC server is listening at /0.0.0.0:33693
2022-05-11 01:30:29,905 [Listener at 0.0.0.0/33693] WARN  impl.MetricsConfig (MetricsConfig.java:loadFirst(136)) - Cannot locate configuration: tried hadoop-metrics2-storagecontainermanager.properties,hadoop-metrics2.properties
2022-05-11 01:30:29,908 [Listener at 0.0.0.0/33693] INFO  impl.MetricsSystemImpl (MetricsSystemImpl.java:startTimer(378)) - Scheduled Metric snapshot period at 10 second(s).
2022-05-11 01:30:29,908 [Listener at 0.0.0.0/33693] INFO  impl.MetricsSystemImpl (MetricsSystemImpl.java:start(191)) - StorageContainerManager metrics system started
2022-05-11 01:30:29,966 [Listener at 0.0.0.0/33693] INFO  impl.MetricsSinkAdapter (MetricsSinkAdapter.java:start(204)) - Sink prometheus started
2022-05-11 01:30:29,967 [Listener at 0.0.0.0/33693] INFO  impl.MetricsSystemImpl (MetricsSystemImpl.java:registerSink(305)) - Registered sink prometheus
2022-05-11 01:30:30,015 [Listener at 0.0.0.0/33693] INFO  server.SCMClientProtocolServer (SCMClientProtocolServer.java:start(169)) - RPC server for Client  is listening at /0.0.0.0:33693
2022-05-11 01:30:30,016 [IPC Server Responder] INFO  ipc.Server (Server.java:run(1507)) - IPC Server Responder: starting
2022-05-11 01:30:30,028 [IPC Server listener on 0] INFO  ipc.Server (Server.java:run(1344)) - IPC Server listener on 0: starting
2022-05-11 01:30:30,043 [omNode-3@group-523986131536-FollowerState] INFO  impl.FollowerState (FollowerState.java:run(134)) - omNode-3@group-523986131536-FollowerState: change to CANDIDATE, lastRpcElapsedTime:1020467971ns, electionTimeout:1011ms
2022-05-11 01:30:30,044 [omNode-3@group-523986131536-FollowerState] INFO  impl.RoleInfo (RoleInfo.java:shutdownFollowerState(108)) - omNode-3: shutdown omNode-3@group-523986131536-FollowerState
2022-05-11 01:30:30,044 [omNode-3@group-523986131536-FollowerState] INFO  server.RaftServer$Division (RaftServerImpl.java:setRole(290)) - omNode-3@group-523986131536: changes role from  FOLLOWER to CANDIDATE at term 39 for changeToCandidate
2022-05-11 01:30:30,076 [Listener at 0.0.0.0/33693] INFO  server.StorageContainerManager (StorageContainerManager.java:start(1362)) - ScmBlockLocationProtocol RPC server is listening at /0.0.0.0:36599
2022-05-11 01:30:30,076 [Listener at 0.0.0.0/33693] INFO  server.SCMBlockProtocolServer (SCMBlockProtocolServer.java:start(151)) - RPC server for Block Protocol is listening at /0.0.0.0:36599
2022-05-11 01:30:30,083 [IPC Server Responder] INFO  ipc.Server (Server.java:run(1507)) - IPC Server Responder: starting
2022-05-11 01:30:30,083 [IPC Server listener on 0] INFO  ipc.Server (Server.java:run(1344)) - IPC Server listener on 0: starting
2022-05-11 01:30:30,129 [Listener at 0.0.0.0/33693] INFO  server.SCMDatanodeProtocolServer (SCMDatanodeProtocolServer.java:start(183)) - ScmDatanodeProtocol RPC server for DataNodes is listening at /0.0.0.0:39779
2022-05-11 01:30:30,130 [IPC Server Responder] INFO  ipc.Server (Server.java:run(1507)) - IPC Server Responder: starting
2022-05-11 01:30:30,130 [IPC Server listener on 0] INFO  ipc.Server (Server.java:run(1344)) - IPC Server listener on 0: starting
2022-05-11 01:30:30,141 [omNode-3@group-523986131536-FollowerState] INFO  server.RaftServerConfigKeys (ConfUtils.java:logGet(44)) - raft.server.leaderelection.pre-vote = false (custom)
2022-05-11 01:30:30,141 [omNode-3@group-523986131536-FollowerState] INFO  impl.RoleInfo (RoleInfo.java:updateAndGet(130)) - omNode-3: start omNode-3@group-523986131536-LeaderElection55
2022-05-11 01:30:30,142 [Listener at 0.0.0.0/33693] INFO  http.BaseHttpServer (BaseHttpServer.java:newHttpServer2BuilderForOzone(209)) - Starting Web-server for scm at: http://0.0.0.0:0
2022-05-11 01:30:30,142 [Listener at 0.0.0.0/33693] INFO  http.BaseHttpServer (BaseHttpServer.java:<init>(107)) - Hadoop Security Enabled: false Ozone Security Enabled: false Ozone HTTP Security Enabled: false 
2022-05-11 01:30:30,144 [Listener at 0.0.0.0/33693] INFO  server.AuthenticationFilter (AuthenticationFilter.java:constructSecretProvider(240)) - Unable to initialize FileSignerSecretProvider, falling back to use random secrets.
2022-05-11 01:30:30,144 [org.apache.hadoop.util.JvmPauseMonitor$Monitor@42627e6b] INFO  util.JvmPauseMonitor (JvmPauseMonitor.java:run(188)) - Starting JVM pause monitor
2022-05-11 01:30:30,153 [omNode-3@group-523986131536-LeaderElection55] ERROR impl.LeaderElection (LeaderElection.java:run(251)) - omNode-3@group-523986131536-LeaderElection55: Failed, state=RUNNING
java.io.FileNotFoundException: /home/runner/work/ozone/ozone/hadoop-ozone/integration-test/target/test-dir/MiniOzoneClusterImpl-ae28b10a-1883-433e-acb0-7438b5479a4c/omNode-3/ratis/c9bc4cf4-3bc3-3c60-a66b-523986131536/current/raft-meta.tmp (No such file or directory)
	at java.io.FileOutputStream.open0(Native Method)
	at java.io.FileOutputStream.open(FileOutputStream.java:270)
	at java.io.FileOutputStream.<init>(FileOutputStream.java:213)
	at java.io.FileOutputStream.<init>(FileOutputStream.java:162)
	at org.apache.ratis.util.AtomicFileOutputStream.<init>(AtomicFileOutputStream.java:63)
	at org.apache.ratis.util.AtomicFileOutputStream.<init>(AtomicFileOutputStream.java:59)
	at org.apache.ratis.server.storage.RaftStorageMetadataFileImpl.atomicWrite(RaftStorageMetadataFileImpl.java:80)
	at org.apache.ratis.server.storage.RaftStorageMetadataFileImpl.lambda$persist$1(RaftStorageMetadataFileImpl.java:61)
	at org.apache.ratis.util.AtomicUtils.lambda$updateAndGet$0(AtomicUtils.java:73)
	at java.util.concurrent.atomic.AtomicReference.updateAndGet(AtomicReference.java:179)
	at org.apache.ratis.util.AtomicUtils.updateAndGet(AtomicUtils.java:71)
	at org.apache.ratis.server.storage.RaftStorageMetadataFileImpl.persist(RaftStorageMetadataFileImpl.java:60)
	at org.apache.ratis.server.raftlog.segmented.SegmentedRaftLog.persistMetadata(SegmentedRaftLog.java:470)
	at org.apache.ratis.server.impl.ServerState.persistMetadata(ServerState.java:257)
	at org.apache.ratis.server.impl.ServerState.initElection(ServerState.java:249)
	at org.apache.ratis.server.impl.LeaderElection.askForVotes(LeaderElection.java:301)
	at org.apache.ratis.server.impl.LeaderElection.run(LeaderElection.java:237)
	at java.lang.Thread.run(Thread.java:750)
2022-05-11 01:30:30,157 [Listener at 0.0.0.0/33693] WARN  http.HttpRequestLog (HttpRequestLog.java:getRequestLog(103)) - Jetty request log can only be enabled using Log4j
2022-05-11 01:30:30,158 [Listener at 0.0.0.0/33693] INFO  http.HttpServer2 (HttpServer2.java:addGlobalFilter(1030)) - Added global filter 'safety' (class=org.apache.hadoop.hdds.server.http.HttpServer2$QuotingInputFilter)
2022-05-11 01:30:30,159 [Listener at 0.0.0.0/33693] INFO  http.HttpServer2 (HttpServer2.java:addFilter(1006)) - Added filter static_user_filter (class=org.apache.hadoop.http.lib.StaticUserWebFilter$StaticUserFilter) to context scm
2022-05-11 01:30:30,159 [Listener at 0.0.0.0/33693] INFO  http.HttpServer2 (HttpServer2.java:addFilter(1014)) - Added filter static_user_filter (class=org.apache.hadoop.http.lib.StaticUserWebFilter$StaticUserFilter) to context logs
2022-05-11 01:30:30,159 [Listener at 0.0.0.0/33693] INFO  http.HttpServer2 (HttpServer2.java:addFilter(1014)) - Added filter static_user_filter (class=org.apache.hadoop.http.lib.StaticUserWebFilter$StaticUserFilter) to context static
2022-05-11 01:30:30,160 [Listener at 0.0.0.0/33693] INFO  http.HttpServer2 (HttpServer2.java:bindListener(1249)) - Jetty bound to port 38719
2022-05-11 01:30:30,160 [Listener at 0.0.0.0/33693] INFO  server.Server (Server.java:doStart(375)) - jetty-9.4.43.v20210629; built: 2021-06-30T11:07:22.254Z; git: 526006ecfa3af7f1a27ef3a288e2bef7ea9dd7e8; jvm 1.8.0_322-b06
2022-05-11 01:30:30,177 [Listener at 0.0.0.0/33693] INFO  server.session (DefaultSessionIdManager.java:doStart(334)) - DefaultSessionIdManager workerName=node0
2022-05-11 01:30:30,177 [Listener at 0.0.0.0/33693] INFO  server.session (DefaultSessionIdManager.java:doStart(339)) - No SessionScavenger set, using defaults
2022-05-11 01:30:30,178 [Listener at 0.0.0.0/33693] INFO  server.session (HouseKeeper.java:startScavenging(132)) - node0 Scavenging every 660000ms
2022-05-11 01:30:30,181 [Listener at 0.0.0.0/33693] INFO  handler.ContextHandler (ContextHandler.java:doStart(915)) - Started o.e.j.s.ServletContextHandler@410e2efc{logs,/logs,file:///home/runner/work/ozone/ozone/hadoop-ozone/integration-test/target/log,AVAILABLE}
2022-05-11 01:30:30,181 [Listener at 0.0.0.0/33693] INFO  handler.ContextHandler (ContextHandler.java:doStart(915)) - Started o.e.j.s.ServletContextHandler@ec351c8{static,/static,file:///home/runner/work/ozone/ozone/hadoop-ozone/integration-test/target/test-classes/webapps/static,AVAILABLE}
2022-05-11 01:30:30,198 [Listener at 0.0.0.0/33693] INFO  handler.ContextHandler (ContextHandler.java:doStart(915)) - Started o.e.j.w.WebAppContext@4429383b{scm,/,file:///home/runner/work/ozone/ozone/hadoop-ozone/integration-test/target/test-classes/webapps/scm/,AVAILABLE}{file:/home/runner/work/ozone/ozone/hadoop-ozone/integration-test/target/test-classes/webapps/scm}
2022-05-11 01:30:30,205 [Listener at 0.0.0.0/33693] INFO  server.AbstractConnector (AbstractConnector.java:doStart(331)) - Started ServerConnector@6dcfa481{HTTP/1.1, (http/1.1)}{0.0.0.0:38719}
2022-05-11 01:30:30,205 [Listener at 0.0.0.0/33693] INFO  server.Server (Server.java:doStart(415)) - Started @95369ms
2022-05-11 01:30:30,205 [Listener at 0.0.0.0/33693] WARN  impl.MetricsSystemImpl (MetricsSystemImpl.java:register(279)) - Sink prometheus already exists!
2022-05-11 01:30:30,206 [Listener at 0.0.0.0/33693] INFO  http.BaseHttpServer (BaseHttpServer.java:updateConnectorAddress(329)) - HTTP server of scm listening at http://0.0.0.0:38719
2022-05-11 01:30:30,210 [Listener at 0.0.0.0/33693] INFO  ha.OMHANodeDetails (OMHANodeDetails.java:loadOMHAConfig(118)) - ServiceID for OzoneManager is om-service-test1
2022-05-11 01:30:30,210 [Listener at 0.0.0.0/33693] INFO  ha.OMHANodeDetails (OMHANodeDetails.java:loadOMHAConfig(193)) - Found matching OM address with OMServiceId: om-service-test1, OMNodeId: omNode-1, RPC Address: localhost:38331 and Ratis port: 41337
2022-05-11 01:30:30,210 [Listener at 0.0.0.0/33693] INFO  ha.OMHANodeDetails (ConfUtils.java:setNodeSpecificConfigs(108)) - Setting configuration key ozone.om.http-address with value of key ozone.om.http-address.om-service-test1.omNode-1: 127.0.0.1:46523
2022-05-11 01:30:30,210 [Listener at 0.0.0.0/33693] INFO  ha.OMHANodeDetails (ConfUtils.java:setNodeSpecificConfigs(108)) - Setting configuration key ozone.om.https-address with value of key ozone.om.https-address.om-service-test1.omNode-1: 127.0.0.1:37371
2022-05-11 01:30:30,211 [Listener at 0.0.0.0/33693] INFO  ha.OMHANodeDetails (ConfUtils.java:setNodeSpecificConfigs(108)) - Setting configuration key ozone.om.address with value of key ozone.om.address.om-service-test1.omNode-1: 127.0.0.1:38331
2022-05-11 01:30:30,211 [Listener at 0.0.0.0/33693] WARN  server.ServerUtils (ServerUtils.java:getDBPath(225)) - ozone.om.db.dirs is not configured. We recommend adding this setting. Falling back to ozone.metadata.dirs instead.
OM initialization succeeded.Current cluster id for sd=/home/runner/work/ozone/ozone/hadoop-ozone/integration-test/target/test-dir/MiniOzoneClusterImpl-37128324-e3dc-46f8-950a-3a99f891b880/omNode-1/om;cid=37128324-e3dc-46f8-950a-3a99f891b880;layoutVersion=1
2022-05-11 01:30:30,226 [Listener at 0.0.0.0/33693] INFO  ha.OMHANodeDetails (OMHANodeDetails.java:loadOMHAConfig(118)) - ServiceID for OzoneManager is om-service-test1
2022-05-11 01:30:30,227 [Listener at 0.0.0.0/33693] INFO  ha.OMHANodeDetails (OMHANodeDetails.java:loadOMHAConfig(193)) - Found matching OM address with OMServiceId: om-service-test1, OMNodeId: omNode-1, RPC Address: localhost:38331 and Ratis port: 41337
2022-05-11 01:30:30,227 [Listener at 0.0.0.0/33693] INFO  ha.OMHANodeDetails (ConfUtils.java:setNodeSpecificConfigs(108)) - Setting configuration key ozone.om.http-address with value of key ozone.om.http-address.om-service-test1.omNode-1: 127.0.0.1:46523
2022-05-11 01:30:30,227 [Listener at 0.0.0.0/33693] INFO  ha.OMHANodeDetails (ConfUtils.java:setNodeSpecificConfigs(108)) - Setting configuration key ozone.om.https-address with value of key ozone.om.https-address.om-service-test1.omNode-1: 127.0.0.1:37371
2022-05-11 01:30:30,227 [Listener at 0.0.0.0/33693] INFO  ha.OMHANodeDetails (ConfUtils.java:setNodeSpecificConfigs(108)) - Setting configuration key ozone.om.address with value of key ozone.om.address.om-service-test1.omNode-1: 127.0.0.1:38331
2022-05-11 01:30:30,228 [Listener at 0.0.0.0/33693] WARN  server.ServerUtils (ServerUtils.java:getDBPath(225)) - ozone.om.db.dirs is not configured. We recommend adding this setting. Falling back to ozone.metadata.dirs instead.
2022-05-11 01:30:30,228 [Listener at 0.0.0.0/33693] INFO  upgrade.AbstractLayoutVersionManager (AbstractLayoutVersionManager.java:init(79)) - Initializing Layout version manager with metadata layout = ERASURE_CODED_STORAGE_SUPPORT (version = 1), software layout = ERASURE_CODED_STORAGE_SUPPORT (version = 1)
2022-05-11 01:30:30,383 [Listener at 0.0.0.0/33693] INFO  reflections.Reflections (Reflections.java:scan(232)) - Reflections took 154 ms to scan 2 urls, producing 143 keys and 369 values [using 2 cores]
2022-05-11 01:30:30,384 [Listener at 0.0.0.0/33693] INFO  upgrade.OMLayoutVersionManager (OMLayoutVersionManager.java:lambda$0(115)) - Skipping Upgrade Action MockOmUpgradeAction since it has been finalized.
2022-05-11 01:30:30,384 [Listener at 0.0.0.0/33693] WARN  server.ServerUtils (ServerUtils.java:getDBPath(225)) - ozone.om.db.dirs is not configured. We recommend adding this setting. Falling back to ozone.metadata.dirs instead.
2022-05-11 01:30:30,409 [Listener at 0.0.0.0/33693] WARN  server.ServerUtils (ServerUtils.java:getDBPath(225)) - ozone.om.db.dirs is not configured. We recommend adding this setting. Falling back to ozone.metadata.dirs instead.
2022-05-11 01:30:30,410 [Listener at 0.0.0.0/33693] INFO  codec.OmKeyInfoCodec (OmKeyInfoCodec.java:<init>(49)) - OmKeyInfoCodec ignorePipeline = true
2022-05-11 01:30:30,410 [Listener at 0.0.0.0/33693] INFO  codec.RepeatedOmKeyInfoCodec (RepeatedOmKeyInfoCodec.java:<init>(41)) - RepeatedOmKeyInfoCodec ignorePipeline = true
2022-05-11 01:30:30,699 [Listener at 0.0.0.0/33693] INFO  om.OzoneManager (OzoneManager.java:addS3GVolumeToDB(3880)) - Created Volume s3v With Owner runner required for S3Gateway operations.
2022-05-11 01:30:30,703 [Listener at 0.0.0.0/33693] WARN  server.ServerUtils (ServerUtils.java:getDefaultRatisDirectory(237)) - Storage directory for Ratis is not configured. It is a good idea to map this to an SSD disk. Falling back to ozone.metadata.dirs
2022-05-11 01:30:30,703 [Listener at 0.0.0.0/33693] WARN  utils.OzoneManagerRatisUtils (OzoneManagerRatisUtils.java:getOMRatisSnapshotDirectory(395)) - ozone.om.ratis.snapshot.dir is not configured. Falling back to ozone.metadata.dirs config
2022-05-11 01:30:30,704 [Listener at 0.0.0.0/33693] INFO  snapshot.OzoneManagerSnapshotProvider (OzoneManagerSnapshotProvider.java:<init>(76)) - Initializing OM Snapshot Provider
2022-05-11 01:30:30,708 [Listener at 0.0.0.0/33693] WARN  impl.MetricRegistriesImpl (MetricRegistriesImpl.java:addReporterRegistration(111)) - New reporters are added after registries were created. Some metrics will be missing from the reporter. Please add reporter before adding any new registry.
2022-05-11 01:30:30,708 [Listener at 0.0.0.0/33693] WARN  impl.MetricRegistriesImpl (MetricRegistriesImpl.java:addReporterRegistration(111)) - New reporters are added after registries were created. Some metrics will be missing from the reporter. Please add reporter before adding any new registry.
2022-05-11 01:30:30,709 [Listener at 0.0.0.0/33693] WARN  server.ServerUtils (ServerUtils.java:getDefaultRatisDirectory(237)) - Storage directory for Ratis is not configured. It is a good idea to map this to an SSD disk. Falling back to ozone.metadata.dirs
2022-05-11 01:30:30,710 [Listener at 0.0.0.0/33693] INFO  ratis.OzoneManagerRatisServer (OzoneManagerRatisServer.java:<init>(159)) - Instantiating OM Ratis server with groupID: om-service-test1 and peers: localhost:41337, localhost:45267, localhost:37911
2022-05-11 01:30:30,710 [Listener at 0.0.0.0/33693] INFO  ratis.OzoneManagerStateMachine (OzoneManagerStateMachine.java:loadSnapshotInfoFromDB(627)) - LastAppliedIndex is set from TransactionInfo from OM DB as (t:0, i:~)
2022-05-11 01:30:30,711 [Listener at 0.0.0.0/33693] INFO  server.RaftServer (ConfUtils.java:logGet(44)) - raft.rpc.type = GRPC (default)
2022-05-11 01:30:30,711 [Listener at 0.0.0.0/33693] INFO  grpc.GrpcFactory (GrpcFactory.java:checkPooledByteBufAllocatorUseCacheForAllThreads(48)) - PERFORMANCE WARNING: useCacheForAllThreads is true that may cause Netty to create a lot garbage objects and, as a result, trigger GC.
	It is recommended to disable useCacheForAllThreads by setting -Dorg.apache.ratis.thirdparty.io.netty.allocator.useCacheForAllThreads=false in command line.
2022-05-11 01:30:30,711 [Listener at 0.0.0.0/33693] INFO  grpc.GrpcConfigKeys (ConfUtils.java:logGet(44)) - raft.grpc.admin.port = -1 (default)
2022-05-11 01:30:30,711 [Listener at 0.0.0.0/33693] INFO  grpc.GrpcConfigKeys (ConfUtils.java:logGet(44)) - raft.grpc.server.port = 41337 (custom)
2022-05-11 01:30:30,711 [Listener at 0.0.0.0/33693] INFO  grpc.GrpcConfigKeys (ConfUtils.java:logGet(44)) - raft.grpc.client.port = -1 (default)
2022-05-11 01:30:30,711 [Listener at 0.0.0.0/33693] INFO  grpc.GrpcConfigKeys (ConfUtils.java:logGet(44)) - raft.grpc.server.port = 41337 (custom)
2022-05-11 01:30:30,712 [Listener at 0.0.0.0/33693] INFO  grpc.GrpcConfigKeys (ConfUtils.java:logGet(44)) - raft.grpc.server.port = 41337 (custom)
2022-05-11 01:30:30,712 [Listener at 0.0.0.0/33693] INFO  server.GrpcService (ConfUtils.java:logGet(44)) - raft.grpc.message.size.max = 33554432 (custom)
2022-05-11 01:30:30,712 [Listener at 0.0.0.0/33693] INFO  server.RaftServerConfigKeys (ConfUtils.java:logGet(44)) - raft.server.log.appender.buffer.byte-limit = 33554432 (custom)
2022-05-11 01:30:30,712 [Listener at 0.0.0.0/33693] INFO  server.GrpcService (ConfUtils.java:logGet(44)) - raft.grpc.flow.control.window = 1MB (=1048576) (default)
2022-05-11 01:30:30,712 [Listener at 0.0.0.0/33693] INFO  server.RaftServerConfigKeys (ConfUtils.java:logGet(44)) - raft.server.rpc.request.timeout = 3000ms (default)
2022-05-11 01:30:30,714 [Listener at 0.0.0.0/33693] INFO  impl.DataStreamServerImpl (ConfUtils.java:logGet(44)) - raft.datastream.type = DISABLED (default)
2022-05-11 01:30:30,714 [Listener at 0.0.0.0/33693] INFO  server.RaftServerConfigKeys (ConfUtils.java:logGet(44)) - raft.server.rpc.slowness.timeout = 2s (custom)
2022-05-11 01:30:30,714 [Listener at 0.0.0.0/33693] INFO  server.RaftServerConfigKeys (ConfUtils.java:logGet(44)) - raft.server.leaderelection.leader.step-down.wait-time = 10s (default)
2022-05-11 01:30:30,714 [Listener at 0.0.0.0/33693] INFO  server.RaftServerConfigKeys (ConfUtils.java:logGet(44)) - raft.server.storage.dir = [/home/runner/work/ozone/ozone/hadoop-ozone/integration-test/target/test-dir/MiniOzoneClusterImpl-37128324-e3dc-46f8-950a-3a99f891b880/omNode-1/ratis] (custom)
2022-05-11 01:30:30,715 [Listener at 0.0.0.0/33693] INFO  server.RaftServer (RaftServerProxy.java:addNew(95)) - omNode-1: addNew group-523986131536:[omNode-3|rpc:localhost:45267|priority:0, omNode-1|rpc:localhost:41337|priority:0, omNode-2|rpc:localhost:37911|priority:0] returns group-523986131536:java.util.concurrent.CompletableFuture@617e89b5[Not completed]
2022-05-11 01:30:30,715 [Listener at 0.0.0.0/33693] INFO  om.OzoneManager (OzoneManager.java:initializeRatisServer(1891)) - OzoneManager Ratis server initialized at port 41337
2022-05-11 01:30:30,716 [Listener at 0.0.0.0/33693] INFO  om.OzoneManager (OzoneManager.java:getRpcServer(1027)) - Creating RPC Server
2022-05-11 01:30:30,718 [pool-445-thread-1] INFO  server.RaftServer$Division (RaftServerImpl.java:<init>(184)) - omNode-1: new RaftServerImpl for group-523986131536:[omNode-3|rpc:localhost:45267|priority:0, omNode-1|rpc:localhost:41337|priority:0, omNode-2|rpc:localhost:37911|priority:0] with OzoneManagerStateMachine:uninitialized
2022-05-11 01:30:30,737 [pool-445-thread-1] INFO  server.RaftServerConfigKeys (ConfUtils.java:logGet(44)) - raft.server.rpc.timeout.min = 1s (custom)
2022-05-11 01:30:30,737 [pool-445-thread-1] INFO  server.RaftServerConfigKeys (ConfUtils.java:logGet(44)) - raft.server.rpc.timeout.max = 1200ms (custom)
2022-05-11 01:30:30,737 [pool-445-thread-1] INFO  server.RaftServerConfigKeys (ConfUtils.java:logGet(44)) - raft.server.rpc.sleep.time = 25ms (default)
2022-05-11 01:30:30,737 [pool-445-thread-1] INFO  server.RaftServerConfigKeys (ConfUtils.java:logGet(44)) - raft.server.rpc.slowness.timeout = 2s (custom)
2022-05-11 01:30:30,737 [pool-445-thread-1] INFO  server.RaftServerConfigKeys (ConfUtils.java:logGet(44)) - raft.server.leaderelection.leader.step-down.wait-time = 10s (default)
2022-05-11 01:30:30,737 [pool-445-thread-1] INFO  server.RaftServerConfigKeys (ConfUtils.java:logGet(44)) - raft.server.sleep.deviation.threshold = 300ms (default)
2022-05-11 01:30:30,737 [pool-445-thread-1] INFO  server.RaftServerConfigKeys (ConfUtils.java:logGet(44)) - raft.server.log.appender.install.snapshot.enabled = false (custom)
2022-05-11 01:30:30,738 [pool-445-thread-1] INFO  server.RaftServer$Division (ServerState.java:<init>(105)) - omNode-1@group-523986131536: ConfigurationManager, init=-1: [omNode-3|rpc:localhost:45267|priority:0, omNode-1|rpc:localhost:41337|priority:0, omNode-2|rpc:localhost:37911|priority:0], old=null, confs=<EMPTY_MAP>
2022-05-11 01:30:30,738 [pool-445-thread-1] INFO  server.RaftServerConfigKeys (ConfUtils.java:logGet(44)) - raft.server.storage.dir = [/home/runner/work/ozone/ozone/hadoop-ozone/integration-test/target/test-dir/MiniOzoneClusterImpl-37128324-e3dc-46f8-950a-3a99f891b880/omNode-1/ratis] (custom)
2022-05-11 01:30:30,738 [pool-445-thread-1] INFO  server.RaftServerConfigKeys (ConfUtils.java:logGet(44)) - raft.server.log.corruption.policy = EXCEPTION (default)
2022-05-11 01:30:30,738 [pool-445-thread-1] INFO  server.RaftServerConfigKeys (ConfUtils.java:logGet(44)) - raft.server.storage.free-space.min = 0MB (=0) (default)
2022-05-11 01:30:30,738 [pool-445-thread-1] INFO  storage.RaftStorageDirectory (RaftStorageDirectoryImpl.java:analyzeStorage(135)) - The storage directory /home/runner/work/ozone/ozone/hadoop-ozone/integration-test/target/test-dir/MiniOzoneClusterImpl-37128324-e3dc-46f8-950a-3a99f891b880/omNode-1/ratis/c9bc4cf4-3bc3-3c60-a66b-523986131536 does not exist. Creating ...
2022-05-11 01:30:30,740 [pool-445-thread-1] INFO  storage.RaftStorageDirectory (RaftStorageDirectoryImpl.java:tryLock(230)) - Lock on /home/runner/work/ozone/ozone/hadoop-ozone/integration-test/target/test-dir/MiniOzoneClusterImpl-37128324-e3dc-46f8-950a-3a99f891b880/omNode-1/ratis/c9bc4cf4-3bc3-3c60-a66b-523986131536/in_use.lock acquired by nodename 4883@fv-az291-847
2022-05-11 01:30:30,746 [pool-445-thread-1] INFO  storage.RaftStorage (RaftStorageImpl.java:format(89)) - Storage directory /home/runner/work/ozone/ozone/hadoop-ozone/integration-test/target/test-dir/MiniOzoneClusterImpl-37128324-e3dc-46f8-950a-3a99f891b880/omNode-1/ratis/c9bc4cf4-3bc3-3c60-a66b-523986131536 has been successfully formatted.
2022-05-11 01:30:30,746 [pool-445-thread-1] INFO  server.RaftServerConfigKeys (ConfUtils.java:logGet(44)) - raft.server.notification.no-leader.timeout = 2s (custom)
2022-05-11 01:30:30,746 [pool-445-thread-1] INFO  server.RaftServerConfigKeys (ConfUtils.java:logGet(44)) - raft.server.log.use.memory = false (default)
2022-05-11 01:30:30,746 [pool-445-thread-1] INFO  server.RaftServerConfigKeys (ConfUtils.java:logGet(44)) - raft.server.log.purge.gap = 50 (custom)
2022-05-11 01:30:30,746 [pool-445-thread-1] INFO  server.RaftServerConfigKeys (ConfUtils.java:logGet(44)) - raft.server.log.appender.buffer.byte-limit = 33554432 (custom)
2022-05-11 01:30:30,747 [pool-445-thread-1] INFO  server.RaftServerConfigKeys (ConfUtils.java:logGet(44)) - raft.server.log.segment.size.max = 4194304 (custom)
2022-05-11 01:30:30,747 [pool-445-thread-1] INFO  server.RaftServerConfigKeys (ConfUtils.java:logGet(44)) - raft.server.log.segment.cache.num.max = 2 (custom)
2022-05-11 01:30:30,747 [pool-445-thread-1] INFO  server.RaftServerConfigKeys (ConfUtils.java:logGet(44)) - raft.server.log.segment.cache.size.max = 200MB (=209715200) (default)
2022-05-11 01:30:30,747 [pool-445-thread-1] INFO  segmented.SegmentedRaftLogWorker (SegmentedRaftLogWorker.java:<init>(182)) - new omNode-1@group-523986131536-SegmentedRaftLogWorker for RaftStorageImpl:Storage Directory /home/runner/work/ozone/ozone/hadoop-ozone/integration-test/target/test-dir/MiniOzoneClusterImpl-37128324-e3dc-46f8-950a-3a99f891b880/omNode-1/ratis/c9bc4cf4-3bc3-3c60-a66b-523986131536
2022-05-11 01:30:30,747 [pool-445-thread-1] INFO  server.RaftServerConfigKeys (ConfUtils.java:logGet(44)) - raft.server.log.queue.byte-limit = 64MB (=67108864) (default)
2022-05-11 01:30:30,747 [pool-445-thread-1] INFO  server.RaftServerConfigKeys (ConfUtils.java:logGet(44)) - raft.server.log.queue.element-limit = 4096 (default)
2022-05-11 01:30:30,748 [pool-445-thread-1] INFO  server.RaftServerConfigKeys (ConfUtils.java:logGet(44)) - raft.server.log.segment.size.max = 4194304 (custom)
2022-05-11 01:30:30,748 [pool-445-thread-1] INFO  server.RaftServerConfigKeys (ConfUtils.java:logGet(44)) - raft.server.log.preallocated.size = 4194304 (custom)
2022-05-11 01:30:30,748 [pool-445-thread-1] INFO  server.RaftServerConfigKeys (ConfUtils.java:logGet(44)) - raft.server.log.force.sync.num = 128 (default)
2022-05-11 01:30:30,748 [pool-445-thread-1] INFO  server.RaftServerConfigKeys (ConfUtils.java:logGet(44)) - raft.server.log.statemachine.data.sync = true (default)
2022-05-11 01:30:30,748 [pool-445-thread-1] INFO  server.RaftServerConfigKeys (ConfUtils.java:logGet(44)) - raft.server.log.statemachine.data.sync.timeout = 10s (default)
2022-05-11 01:30:30,748 [pool-445-thread-1] INFO  server.RaftServerConfigKeys (ConfUtils.java:logGet(44)) - raft.server.log.statemachine.data.sync.timeout.retry = -1 (default)
2022-05-11 01:30:30,749 [pool-445-thread-1] INFO  server.RaftServerConfigKeys (ConfUtils.java:logGet(44)) - raft.server.log.write.buffer.size = 64KB (=65536) (default)
2022-05-11 01:30:30,749 [pool-445-thread-1] INFO  server.RaftServerConfigKeys (ConfUtils.java:logGet(44)) - raft.server.log.statemachine.data.caching.enabled = false (default)
2022-05-11 01:30:30,749 [pool-445-thread-1] INFO  segmented.SegmentedRaftLogWorker (SegmentedRaftLogWorker.java:lambda$new$0(133)) - omNode-1@group-523986131536-SegmentedRaftLogWorker: flushIndex: setUnconditionally 0 -> -1
2022-05-11 01:30:30,749 [pool-445-thread-1] INFO  segmented.SegmentedRaftLogWorker (SegmentedRaftLogWorker.java:lambda$new$0(133)) - omNode-1@group-523986131536-SegmentedRaftLogWorker: safeCacheEvictIndex: setUnconditionally 0 -> -1
2022-05-11 01:30:30,787 [pool-445-thread-1] INFO  server.RaftServerConfigKeys (ConfUtils.java:logGet(44)) - raft.server.snapshot.auto.trigger.enabled = true (custom)
2022-05-11 01:30:30,787 [pool-445-thread-1] INFO  server.RaftServerConfigKeys (ConfUtils.java:logGet(44)) - raft.server.snapshot.auto.trigger.threshold = 50 (custom)
2022-05-11 01:30:30,787 [pool-445-thread-1] INFO  server.RaftServerConfigKeys (ConfUtils.java:logGet(44)) - raft.server.snapshot.retention.file.num = -1 (default)
2022-05-11 01:30:30,787 [pool-445-thread-1] INFO  server.RaftServerConfigKeys (ConfUtils.java:logGet(44)) - raft.server.log.purge.upto.snapshot.index = true (custom)
2022-05-11 01:30:30,787 [pool-445-thread-1] INFO  server.RaftServerConfigKeys (ConfUtils.java:logGet(44)) - raft.server.retrycache.expirytime = 30000ms (custom)
2022-05-11 01:30:30,787 [pool-445-thread-1] INFO  server.RaftServerConfigKeys (ConfUtils.java:logGet(44)) - raft.server.retrycache.statistics.expirytime = 100μs (default)
2022-05-11 01:30:30,879 [EndpointStateMachine task thread for /0.0.0.0:46775 - 0 ] INFO  ipc.Client (Client.java:handleConnectionFailure(977)) - Retrying connect to server: 0.0.0.0/0.0.0.0:46775. Already tried 4 time(s); retry policy is RetryUpToMaximumCountWithFixedSleep(maxRetries=15, sleepTime=1000 MILLISECONDS)
2022-05-11 01:30:31,403 [Listener at 0.0.0.0/33693] INFO  reflections.Reflections (Reflections.java:scan(232)) - Reflections took 685 ms to scan 19 urls, producing 61 keys and 3656 values [using 2 cores]
2022-05-11 01:30:31,404 [Listener at 0.0.0.0/33693] INFO  ipc.CallQueueManager (CallQueueManager.java:<init>(90)) - Using callQueue: class java.util.concurrent.LinkedBlockingQueue, queueCapacity: 2000, scheduler: class org.apache.hadoop.ipc.DefaultRpcScheduler, ipcBackoff: false.
2022-05-11 01:30:31,407 [Socket Reader #1 for port 38331] INFO  ipc.Server (Server.java:run(1265)) - Starting Socket Reader #1 for port 38331
2022-05-11 01:30:31,462 [Listener at 127.0.0.1/38331] INFO  impl.MetricsSystemImpl (MetricsSystemImpl.java:init(158)) - OzoneManager metrics system started (again)
2022-05-11 01:30:31,487 [Listener at 127.0.0.1/38331] INFO  om.OzoneManager (OzoneManager.java:start(1395)) - OzoneManager RPC server is listening at localhost/127.0.0.1:38331
2022-05-11 01:30:31,487 [Listener at 127.0.0.1/38331] INFO  ratis.OzoneManagerRatisServer (OzoneManagerRatisServer.java:start(554)) - Starting OzoneManagerRatisServer omNode-1 at port 41337
2022-05-11 01:30:31,488 [Listener at 127.0.0.1/38331] INFO  server.RaftServer$Division (RaftServerImpl.java:start(301)) - omNode-1@group-523986131536: start as a follower, conf=-1: [omNode-3|rpc:localhost:45267|priority:0, omNode-1|rpc:localhost:41337|priority:0, omNode-2|rpc:localhost:37911|priority:0], old=null
2022-05-11 01:30:31,488 [Listener at 127.0.0.1/38331] INFO  server.RaftServer$Division (RaftServerImpl.java:setRole(290)) - omNode-1@group-523986131536: changes role from      null to FOLLOWER at term 0 for startAsFollower
2022-05-11 01:30:31,488 [Listener at 127.0.0.1/38331] INFO  impl.RoleInfo (RoleInfo.java:updateAndGet(130)) - omNode-1: start omNode-1@group-523986131536-FollowerState
2022-05-11 01:30:31,492 [Listener at 127.0.0.1/38331] INFO  util.JmxRegister (JmxRegister.java:tryRegister(44)) - Successfully registered JMX Bean with object name Ratis:service=RaftServer,group=group-523986131536,id=omNode-1
2022-05-11 01:30:31,495 [Listener at 127.0.0.1/38331] INFO  server.RaftServer (RaftServerProxy.java:lambda$start$5(374)) - omNode-1: start RPC server
2022-05-11 01:30:31,500 [Listener at 127.0.0.1/38331] INFO  server.GrpcService (GrpcService.java:startImpl(253)) - omNode-1: GrpcService started, listening on 41337
2022-05-11 01:30:31,505 [Listener at 127.0.0.1/38331] INFO  om.OzoneManager (OzoneManager.java:start(1411)) - Version File has different layout version (1) than OM DB (null). That is expected if this OM has never been finalized to a newer layout version.
2022-05-11 01:30:31,506 [org.apache.ratis.util.JvmPauseMonitor$$Lambda$637/1274334510@52d2a313] INFO  util.JvmPauseMonitor (JvmPauseMonitor.java:run(103)) - JvmPauseMonitor-omNode-1: Started
2022-05-11 01:30:31,520 [Listener at 127.0.0.1/38331] INFO  http.BaseHttpServer (BaseHttpServer.java:newHttpServer2BuilderForOzone(209)) - Starting Web-server for ozoneManager at: http://0.0.0.0:46523
2022-05-11 01:30:31,520 [Listener at 127.0.0.1/38331] INFO  http.BaseHttpServer (BaseHttpServer.java:<init>(107)) - Hadoop Security Enabled: false Ozone Security Enabled: false Ozone HTTP Security Enabled: false 
2022-05-11 01:30:31,521 [Listener at 127.0.0.1/38331] INFO  server.AuthenticationFilter (AuthenticationFilter.java:constructSecretProvider(240)) - Unable to initialize FileSignerSecretProvider, falling back to use random secrets.
2022-05-11 01:30:31,523 [Listener at 127.0.0.1/38331] WARN  http.HttpRequestLog (HttpRequestLog.java:getRequestLog(103)) - Jetty request log can only be enabled using Log4j
2022-05-11 01:30:31,524 [Listener at 127.0.0.1/38331] INFO  http.HttpServer2 (HttpServer2.java:addGlobalFilter(1030)) - Added global filter 'safety' (class=org.apache.hadoop.hdds.server.http.HttpServer2$QuotingInputFilter)
2022-05-11 01:30:31,525 [Listener at 127.0.0.1/38331] INFO  http.HttpServer2 (HttpServer2.java:addFilter(1006)) - Added filter static_user_filter (class=org.apache.hadoop.http.lib.StaticUserWebFilter$StaticUserFilter) to context ozoneManager
2022-05-11 01:30:31,525 [Listener at 127.0.0.1/38331] INFO  http.HttpServer2 (HttpServer2.java:addFilter(1014)) - Added filter static_user_filter (class=org.apache.hadoop.http.lib.StaticUserWebFilter$StaticUserFilter) to context static
2022-05-11 01:30:31,525 [Listener at 127.0.0.1/38331] INFO  http.HttpServer2 (HttpServer2.java:addFilter(1014)) - Added filter static_user_filter (class=org.apache.hadoop.http.lib.StaticUserWebFilter$StaticUserFilter) to context logs
2022-05-11 01:30:31,526 [Listener at 127.0.0.1/38331] INFO  http.HttpServer2 (HttpServer2.java:bindListener(1249)) - Jetty bound to port 46523
2022-05-11 01:30:31,526 [Listener at 127.0.0.1/38331] INFO  server.Server (Server.java:doStart(375)) - jetty-9.4.43.v20210629; built: 2021-06-30T11:07:22.254Z; git: 526006ecfa3af7f1a27ef3a288e2bef7ea9dd7e8; jvm 1.8.0_322-b06
2022-05-11 01:30:31,576 [Listener at 127.0.0.1/38331] INFO  server.session (DefaultSessionIdManager.java:doStart(334)) - DefaultSessionIdManager workerName=node0
2022-05-11 01:30:31,576 [Listener at 127.0.0.1/38331] INFO  server.session (DefaultSessionIdManager.java:doStart(339)) - No SessionScavenger set, using defaults
2022-05-11 01:30:31,577 [Listener at 127.0.0.1/38331] INFO  server.session (HouseKeeper.java:startScavenging(132)) - node0 Scavenging every 600000ms
2022-05-11 01:30:31,578 [Listener at 127.0.0.1/38331] INFO  handler.ContextHandler (ContextHandler.java:doStart(915)) - Started o.e.j.s.ServletContextHandler@56106cef{logs,/logs,file:///home/runner/work/ozone/ozone/hadoop-ozone/integration-test/target/log,AVAILABLE}
2022-05-11 01:30:31,578 [Listener at 127.0.0.1/38331] INFO  handler.ContextHandler (ContextHandler.java:doStart(915)) - Started o.e.j.s.ServletContextHandler@2d62a5cc{static,/static,file:///home/runner/work/ozone/ozone/hadoop-ozone/integration-test/target/test-classes/webapps/static,AVAILABLE}
2022-05-11 01:30:31,582 [Listener at 127.0.0.1/38331] INFO  handler.ContextHandler (ContextHandler.java:doStart(915)) - Started o.e.j.w.WebAppContext@f98d9b1{ozoneManager,/,file:///home/runner/work/ozone/ozone/hadoop-ozone/integration-test/target/test-classes/webapps/ozoneManager/,AVAILABLE}{file:/home/runner/work/ozone/ozone/hadoop-ozone/integration-test/target/test-classes/webapps/ozoneManager}
2022-05-11 01:30:31,587 [Listener at 127.0.0.1/38331] INFO  server.AbstractConnector (AbstractConnector.java:doStart(331)) - Started ServerConnector@2f2de6e0{HTTP/1.1, (http/1.1)}{0.0.0.0:46523}
2022-05-11 01:30:31,587 [Listener at 127.0.0.1/38331] INFO  server.Server (Server.java:doStart(415)) - Started @96751ms
2022-05-11 01:30:31,588 [Listener at 127.0.0.1/38331] WARN  impl.MetricsSystemImpl (MetricsSystemImpl.java:register(279)) - Sink prometheus already exists!
2022-05-11 01:30:31,594 [Listener at 127.0.0.1/38331] INFO  http.BaseHttpServer (BaseHttpServer.java:updateConnectorAddress(329)) - HTTP server of ozoneManager listening at http://0.0.0.0:46523
2022-05-11 01:30:31,599 [IPC Server Responder] INFO  ipc.Server (Server.java:run(1507)) - IPC Server Responder: starting
2022-05-11 01:30:31,599 [IPC Server listener on 38331] INFO  ipc.Server (Server.java:run(1344)) - IPC Server listener on 38331: starting
2022-05-11 01:30:31,614 [Listener at 127.0.0.1/38331] INFO  om.OzoneManager (OzoneManager.java:startTrashEmptier(1835)) - Trash Interval set to 0. Files deleted won't move to trash
2022-05-11 01:30:31,619 [Listener at 127.0.0.1/38331] INFO  ozone.MiniOzoneHAClusterImpl (MiniOzoneHAClusterImpl.java:createOMService(522)) - Started OzoneManager omNode-1 RPC server at localhost/127.0.0.1:38331
2022-05-11 01:30:31,621 [Listener at 127.0.0.1/38331] INFO  ha.OMHANodeDetails (OMHANodeDetails.java:loadOMHAConfig(118)) - ServiceID for OzoneManager is om-service-test1
2022-05-11 01:30:31,622 [Listener at 127.0.0.1/38331] INFO  ha.OMHANodeDetails (OMHANodeDetails.java:loadOMHAConfig(193)) - Found matching OM address with OMServiceId: om-service-test1, OMNodeId: omNode-2, RPC Address: localhost:46389 and Ratis port: 37911
2022-05-11 01:30:31,622 [Listener at 127.0.0.1/38331] INFO  ha.OMHANodeDetails (ConfUtils.java:setNodeSpecificConfigs(108)) - Setting configuration key ozone.om.http-address with value of key ozone.om.http-address.om-service-test1.omNode-2: 127.0.0.1:43697
2022-05-11 01:30:31,623 [Listener at 127.0.0.1/38331] INFO  ha.OMHANodeDetails (ConfUtils.java:setNodeSpecificConfigs(108)) - Setting configuration key ozone.om.https-address with value of key ozone.om.https-address.om-service-test1.omNode-2: 127.0.0.1:35999
2022-05-11 01:30:31,623 [Listener at 127.0.0.1/38331] INFO  ha.OMHANodeDetails (ConfUtils.java:setNodeSpecificConfigs(108)) - Setting configuration key ozone.om.address with value of key ozone.om.address.om-service-test1.omNode-2: 127.0.0.1:46389
2022-05-11 01:30:31,623 [Listener at 127.0.0.1/38331] WARN  server.ServerUtils (ServerUtils.java:getDBPath(225)) - ozone.om.db.dirs is not configured. We recommend adding this setting. Falling back to ozone.metadata.dirs instead.
2022-05-11 01:30:31,626 [org.apache.hadoop.util.JvmPauseMonitor$Monitor@36542e6d] INFO  util.JvmPauseMonitor (JvmPauseMonitor.java:run(188)) - Starting JVM pause monitor
OM initialization succeeded.Current cluster id for sd=/home/runner/work/ozone/ozone/hadoop-ozone/integration-test/target/test-dir/MiniOzoneClusterImpl-37128324-e3dc-46f8-950a-3a99f891b880/omNode-2/om;cid=37128324-e3dc-46f8-950a-3a99f891b880;layoutVersion=1
2022-05-11 01:30:31,675 [Listener at 127.0.0.1/38331] INFO  ha.OMHANodeDetails (OMHANodeDetails.java:loadOMHAConfig(118)) - ServiceID for OzoneManager is om-service-test1
2022-05-11 01:30:31,676 [Listener at 127.0.0.1/38331] INFO  ha.OMHANodeDetails (OMHANodeDetails.java:loadOMHAConfig(193)) - Found matching OM address with OMServiceId: om-service-test1, OMNodeId: omNode-2, RPC Address: localhost:46389 and Ratis port: 37911
2022-05-11 01:30:31,676 [Listener at 127.0.0.1/38331] INFO  ha.OMHANodeDetails (ConfUtils.java:setNodeSpecificConfigs(108)) - Setting configuration key ozone.om.http-address with value of key ozone.om.http-address.om-service-test1.omNode-2: 127.0.0.1:43697
2022-05-11 01:30:31,676 [Listener at 127.0.0.1/38331] INFO  ha.OMHANodeDetails (ConfUtils.java:setNodeSpecificConfigs(108)) - Setting configuration key ozone.om.https-address with value of key ozone.om.https-address.om-service-test1.omNode-2: 127.0.0.1:35999
2022-05-11 01:30:31,676 [Listener at 127.0.0.1/38331] INFO  ha.OMHANodeDetails (ConfUtils.java:setNodeSpecificConfigs(108)) - Setting configuration key ozone.om.address with value of key ozone.om.address.om-service-test1.omNode-2: 127.0.0.1:46389
2022-05-11 01:30:31,677 [Listener at 127.0.0.1/38331] WARN  server.ServerUtils (ServerUtils.java:getDBPath(225)) - ozone.om.db.dirs is not configured. We recommend adding this setting. Falling back to ozone.metadata.dirs instead.
2022-05-11 01:30:31,677 [Listener at 127.0.0.1/38331] INFO  upgrade.AbstractLayoutVersionManager (AbstractLayoutVersionManager.java:init(79)) - Initializing Layout version manager with metadata layout = ERASURE_CODED_STORAGE_SUPPORT (version = 1), software layout = ERASURE_CODED_STORAGE_SUPPORT (version = 1)
2022-05-11 01:30:31,857 [Listener at 127.0.0.1/38331] INFO  reflections.Reflections (Reflections.java:scan(232)) - Reflections took 179 ms to scan 2 urls, producing 143 keys and 369 values [using 2 cores]
2022-05-11 01:30:31,858 [Listener at 127.0.0.1/38331] INFO  upgrade.OMLayoutVersionManager (OMLayoutVersionManager.java:lambda$0(115)) - Skipping Upgrade Action MockOmUpgradeAction since it has been finalized.
2022-05-11 01:30:31,858 [Listener at 127.0.0.1/38331] WARN  server.ServerUtils (ServerUtils.java:getDBPath(225)) - ozone.om.db.dirs is not configured. We recommend adding this setting. Falling back to ozone.metadata.dirs instead.
2022-05-11 01:30:31,873 [Listener at 127.0.0.1/38331] WARN  server.ServerUtils (ServerUtils.java:getDBPath(225)) - ozone.om.db.dirs is not configured. We recommend adding this setting. Falling back to ozone.metadata.dirs instead.
2022-05-11 01:30:31,874 [Listener at 127.0.0.1/38331] INFO  codec.OmKeyInfoCodec (OmKeyInfoCodec.java:<init>(49)) - OmKeyInfoCodec ignorePipeline = true
2022-05-11 01:30:31,874 [Listener at 127.0.0.1/38331] INFO  codec.RepeatedOmKeyInfoCodec (RepeatedOmKeyInfoCodec.java:<init>(41)) - RepeatedOmKeyInfoCodec ignorePipeline = true
2022-05-11 01:30:31,880 [EndpointStateMachine task thread for /0.0.0.0:46775 - 0 ] INFO  ipc.Client (Client.java:handleConnectionFailure(977)) - Retrying connect to server: 0.0.0.0/0.0.0.0:46775. Already tried 5 time(s); retry policy is RetryUpToMaximumCountWithFixedSleep(maxRetries=15, sleepTime=1000 MILLISECONDS)
2022-05-11 01:30:32,189 [Listener at 127.0.0.1/38331] INFO  om.OzoneManager (OzoneManager.java:addS3GVolumeToDB(3880)) - Created Volume s3v With Owner runner required for S3Gateway operations.
2022-05-11 01:30:32,190 [Listener at 127.0.0.1/38331] WARN  server.ServerUtils (ServerUtils.java:getDefaultRatisDirectory(237)) - Storage directory for Ratis is not configured. It is a good idea to map this to an SSD disk. Falling back to ozone.metadata.dirs
2022-05-11 01:30:32,190 [Listener at 127.0.0.1/38331] WARN  utils.OzoneManagerRatisUtils (OzoneManagerRatisUtils.java:getOMRatisSnapshotDirectory(395)) - ozone.om.ratis.snapshot.dir is not configured. Falling back to ozone.metadata.dirs config
2022-05-11 01:30:32,191 [Listener at 127.0.0.1/38331] INFO  snapshot.OzoneManagerSnapshotProvider (OzoneManagerSnapshotProvider.java:<init>(76)) - Initializing OM Snapshot Provider
2022-05-11 01:30:32,201 [Listener at 127.0.0.1/38331] WARN  impl.MetricRegistriesImpl (MetricRegistriesImpl.java:addReporterRegistration(111)) - New reporters are added after registries were created. Some metrics will be missing from the reporter. Please add reporter before adding any new registry.
2022-05-11 01:30:32,201 [Listener at 127.0.0.1/38331] WARN  impl.MetricRegistriesImpl (MetricRegistriesImpl.java:addReporterRegistration(111)) - New reporters are added after registries were created. Some metrics will be missing from the reporter. Please add reporter before adding any new registry.
2022-05-11 01:30:32,201 [Listener at 127.0.0.1/38331] WARN  server.ServerUtils (ServerUtils.java:getDefaultRatisDirectory(237)) - Storage directory for Ratis is not configured. It is a good idea to map this to an SSD disk. Falling back to ozone.metadata.dirs
2022-05-11 01:30:32,202 [Listener at 127.0.0.1/38331] INFO  ratis.OzoneManagerRatisServer (OzoneManagerRatisServer.java:<init>(159)) - Instantiating OM Ratis server with groupID: om-service-test1 and peers: localhost:37911, localhost:45267, localhost:41337
2022-05-11 01:30:32,203 [Listener at 127.0.0.1/38331] INFO  ratis.OzoneManagerStateMachine (OzoneManagerStateMachine.java:loadSnapshotInfoFromDB(627)) - LastAppliedIndex is set from TransactionInfo from OM DB as (t:0, i:~)
2022-05-11 01:30:32,204 [Listener at 127.0.0.1/38331] INFO  server.RaftServer (ConfUtils.java:logGet(44)) - raft.rpc.type = GRPC (default)
2022-05-11 01:30:32,204 [Listener at 127.0.0.1/38331] INFO  grpc.GrpcFactory (GrpcFactory.java:checkPooledByteBufAllocatorUseCacheForAllThreads(48)) - PERFORMANCE WARNING: useCacheForAllThreads is true that may cause Netty to create a lot garbage objects and, as a result, trigger GC.
	It is recommended to disable useCacheForAllThreads by setting -Dorg.apache.ratis.thirdparty.io.netty.allocator.useCacheForAllThreads=false in command line.
2022-05-11 01:30:32,205 [Listener at 127.0.0.1/38331] INFO  grpc.GrpcConfigKeys (ConfUtils.java:logGet(44)) - raft.grpc.admin.port = -1 (default)
2022-05-11 01:30:32,205 [Listener at 127.0.0.1/38331] INFO  grpc.GrpcConfigKeys (ConfUtils.java:logGet(44)) - raft.grpc.server.port = 37911 (custom)
2022-05-11 01:30:32,205 [Listener at 127.0.0.1/38331] INFO  grpc.GrpcConfigKeys (ConfUtils.java:logGet(44)) - raft.grpc.client.port = -1 (default)
2022-05-11 01:30:32,205 [Listener at 127.0.0.1/38331] INFO  grpc.GrpcConfigKeys (ConfUtils.java:logGet(44)) - raft.grpc.server.port = 37911 (custom)
2022-05-11 01:30:32,205 [Listener at 127.0.0.1/38331] INFO  grpc.GrpcConfigKeys (ConfUtils.java:logGet(44)) - raft.grpc.server.port = 37911 (custom)
2022-05-11 01:30:32,205 [Listener at 127.0.0.1/38331] INFO  server.GrpcService (ConfUtils.java:logGet(44)) - raft.grpc.message.size.max = 33554432 (custom)
2022-05-11 01:30:32,206 [Listener at 127.0.0.1/38331] INFO  server.RaftServerConfigKeys (ConfUtils.java:logGet(44)) - raft.server.log.appender.buffer.byte-limit = 33554432 (custom)
2022-05-11 01:30:32,206 [Listener at 127.0.0.1/38331] INFO  server.GrpcService (ConfUtils.java:logGet(44)) - raft.grpc.flow.control.window = 1MB (=1048576) (default)
2022-05-11 01:30:32,206 [Listener at 127.0.0.1/38331] INFO  server.RaftServerConfigKeys (ConfUtils.java:logGet(44)) - raft.server.rpc.request.timeout = 3000ms (default)
2022-05-11 01:30:32,213 [Listener at 127.0.0.1/38331] INFO  impl.DataStreamServerImpl (ConfUtils.java:logGet(44)) - raft.datastream.type = DISABLED (default)
2022-05-11 01:30:32,213 [Listener at 127.0.0.1/38331] INFO  server.RaftServerConfigKeys (ConfUtils.java:logGet(44)) - raft.server.rpc.slowness.timeout = 2s (custom)
2022-05-11 01:30:32,213 [Listener at 127.0.0.1/38331] INFO  server.RaftServerConfigKeys (ConfUtils.java:logGet(44)) - raft.server.leaderelection.leader.step-down.wait-time = 10s (default)
2022-05-11 01:30:32,214 [Listener at 127.0.0.1/38331] INFO  server.RaftServerConfigKeys (ConfUtils.java:logGet(44)) - raft.server.storage.dir = [/home/runner/work/ozone/ozone/hadoop-ozone/integration-test/target/test-dir/MiniOzoneClusterImpl-37128324-e3dc-46f8-950a-3a99f891b880/omNode-2/ratis] (custom)
2022-05-11 01:30:32,215 [Listener at 127.0.0.1/38331] INFO  server.RaftServer (RaftServerProxy.java:addNew(95)) - omNode-2: addNew group-523986131536:[omNode-3|rpc:localhost:45267|priority:0, omNode-1|rpc:localhost:41337|priority:0, omNode-2|rpc:localhost:37911|priority:0] returns group-523986131536:java.util.concurrent.CompletableFuture@7a65bdb[Not completed]
2022-05-11 01:30:32,215 [Listener at 127.0.0.1/38331] INFO  om.OzoneManager (OzoneManager.java:initializeRatisServer(1891)) - OzoneManager Ratis server initialized at port 37911
2022-05-11 01:30:32,216 [Listener at 127.0.0.1/38331] INFO  om.OzoneManager (OzoneManager.java:getRpcServer(1027)) - Creating RPC Server
2022-05-11 01:30:32,227 [pool-467-thread-1] INFO  server.RaftServer$Division (RaftServerImpl.java:<init>(184)) - omNode-2: new RaftServerImpl for group-523986131536:[omNode-3|rpc:localhost:45267|priority:0, omNode-1|rpc:localhost:41337|priority:0, omNode-2|rpc:localhost:37911|priority:0] with OzoneManagerStateMachine:uninitialized
2022-05-11 01:30:32,228 [pool-467-thread-1] INFO  server.RaftServerConfigKeys (ConfUtils.java:logGet(44)) - raft.server.rpc.timeout.min = 1s (custom)
2022-05-11 01:30:32,228 [pool-467-thread-1] INFO  server.RaftServerConfigKeys (ConfUtils.java:logGet(44)) - raft.server.rpc.timeout.max = 1200ms (custom)
2022-05-11 01:30:32,228 [pool-467-thread-1] INFO  server.RaftServerConfigKeys (ConfUtils.java:logGet(44)) - raft.server.rpc.sleep.time = 25ms (default)
2022-05-11 01:30:32,228 [pool-467-thread-1] INFO  server.RaftServerConfigKeys (ConfUtils.java:logGet(44)) - raft.server.rpc.slowness.timeout = 2s (custom)
2022-05-11 01:30:32,229 [pool-467-thread-1] INFO  server.RaftServerConfigKeys (ConfUtils.java:logGet(44)) - raft.server.leaderelection.leader.step-down.wait-time = 10s (default)
2022-05-11 01:30:32,229 [pool-467-thread-1] INFO  server.RaftServerConfigKeys (ConfUtils.java:logGet(44)) - raft.server.sleep.deviation.threshold = 300ms (default)
2022-05-11 01:30:32,229 [pool-467-thread-1] INFO  server.RaftServerConfigKeys (ConfUtils.java:logGet(44)) - raft.server.log.appender.install.snapshot.enabled = false (custom)
2022-05-11 01:30:32,229 [pool-467-thread-1] INFO  server.RaftServer$Division (ServerState.java:<init>(105)) - omNode-2@group-523986131536: ConfigurationManager, init=-1: [omNode-3|rpc:localhost:45267|priority:0, omNode-1|rpc:localhost:41337|priority:0, omNode-2|rpc:localhost:37911|priority:0], old=null, confs=<EMPTY_MAP>
2022-05-11 01:30:32,229 [pool-467-thread-1] INFO  server.RaftServerConfigKeys (ConfUtils.java:logGet(44)) - raft.server.storage.dir = [/home/runner/work/ozone/ozone/hadoop-ozone/integration-test/target/test-dir/MiniOzoneClusterImpl-37128324-e3dc-46f8-950a-3a99f891b880/omNode-2/ratis] (custom)
2022-05-11 01:30:32,229 [pool-467-thread-1] INFO  server.RaftServerConfigKeys (ConfUtils.java:logGet(44)) - raft.server.log.corruption.policy = EXCEPTION (default)
2022-05-11 01:30:32,229 [pool-467-thread-1] INFO  server.RaftServerConfigKeys (ConfUtils.java:logGet(44)) - raft.server.storage.free-space.min = 0MB (=0) (default)
2022-05-11 01:30:32,229 [pool-467-thread-1] INFO  storage.RaftStorageDirectory (RaftStorageDirectoryImpl.java:analyzeStorage(135)) - The storage directory /home/runner/work/ozone/ozone/hadoop-ozone/integration-test/target/test-dir/MiniOzoneClusterImpl-37128324-e3dc-46f8-950a-3a99f891b880/omNode-2/ratis/c9bc4cf4-3bc3-3c60-a66b-523986131536 does not exist. Creating ...
2022-05-11 01:30:32,239 [pool-467-thread-1] INFO  storage.RaftStorageDirectory (RaftStorageDirectoryImpl.java:tryLock(230)) - Lock on /home/runner/work/ozone/ozone/hadoop-ozone/integration-test/target/test-dir/MiniOzoneClusterImpl-37128324-e3dc-46f8-950a-3a99f891b880/omNode-2/ratis/c9bc4cf4-3bc3-3c60-a66b-523986131536/in_use.lock acquired by nodename 4883@fv-az291-847
2022-05-11 01:30:32,240 [pool-467-thread-1] INFO  storage.RaftStorage (RaftStorageImpl.java:format(89)) - Storage directory /home/runner/work/ozone/ozone/hadoop-ozone/integration-test/target/test-dir/MiniOzoneClusterImpl-37128324-e3dc-46f8-950a-3a99f891b880/omNode-2/ratis/c9bc4cf4-3bc3-3c60-a66b-523986131536 has been successfully formatted.
2022-05-11 01:30:32,240 [pool-467-thread-1] INFO  server.RaftServerConfigKeys (ConfUtils.java:logGet(44)) - raft.server.notification.no-leader.timeout = 2s (custom)
2022-05-11 01:30:32,240 [pool-467-thread-1] INFO  server.RaftServerConfigKeys (ConfUtils.java:logGet(44)) - raft.server.log.use.memory = false (default)
2022-05-11 01:30:32,241 [pool-467-thread-1] INFO  server.RaftServerConfigKeys (ConfUtils.java:logGet(44)) - raft.server.log.purge.gap = 50 (custom)
2022-05-11 01:30:32,241 [pool-467-thread-1] INFO  server.RaftServerConfigKeys (ConfUtils.java:logGet(44)) - raft.server.log.appender.buffer.byte-limit = 33554432 (custom)
2022-05-11 01:30:32,241 [pool-467-thread-1] INFO  server.RaftServerConfigKeys (ConfUtils.java:logGet(44)) - raft.server.log.segment.size.max = 4194304 (custom)
2022-05-11 01:30:32,241 [pool-467-thread-1] INFO  server.RaftServerConfigKeys (ConfUtils.java:logGet(44)) - raft.server.log.segment.cache.num.max = 2 (custom)
2022-05-11 01:30:32,241 [pool-467-thread-1] INFO  server.RaftServerConfigKeys (ConfUtils.java:logGet(44)) - raft.server.log.segment.cache.size.max = 200MB (=209715200) (default)
2022-05-11 01:30:32,241 [pool-467-thread-1] INFO  segmented.SegmentedRaftLogWorker (SegmentedRaftLogWorker.java:<init>(182)) - new omNode-2@group-523986131536-SegmentedRaftLogWorker for RaftStorageImpl:Storage Directory /home/runner/work/ozone/ozone/hadoop-ozone/integration-test/target/test-dir/MiniOzoneClusterImpl-37128324-e3dc-46f8-950a-3a99f891b880/omNode-2/ratis/c9bc4cf4-3bc3-3c60-a66b-523986131536
2022-05-11 01:30:32,241 [pool-467-thread-1] INFO  server.RaftServerConfigKeys (ConfUtils.java:logGet(44)) - raft.server.log.queue.byte-limit = 64MB (=67108864) (default)
2022-05-11 01:30:32,242 [pool-467-thread-1] INFO  server.RaftServerConfigKeys (ConfUtils.java:logGet(44)) - raft.server.log.queue.element-limit = 4096 (default)
2022-05-11 01:30:32,242 [pool-467-thread-1] INFO  server.RaftServerConfigKeys (ConfUtils.java:logGet(44)) - raft.server.log.segment.size.max = 4194304 (custom)
2022-05-11 01:30:32,242 [pool-467-thread-1] INFO  server.RaftServerConfigKeys (ConfUtils.java:logGet(44)) - raft.server.log.preallocated.size = 4194304 (custom)
2022-05-11 01:30:32,242 [pool-467-thread-1] INFO  server.RaftServerConfigKeys (ConfUtils.java:logGet(44)) - raft.server.log.force.sync.num = 128 (default)
2022-05-11 01:30:32,242 [pool-467-thread-1] INFO  server.RaftServerConfigKeys (ConfUtils.java:logGet(44)) - raft.server.log.statemachine.data.sync = true (default)
2022-05-11 01:30:32,242 [pool-467-thread-1] INFO  server.RaftServerConfigKeys (ConfUtils.java:logGet(44)) - raft.server.log.statemachine.data.sync.timeout = 10s (default)
2022-05-11 01:30:32,242 [pool-467-thread-1] INFO  server.RaftServerConfigKeys (ConfUtils.java:logGet(44)) - raft.server.log.statemachine.data.sync.timeout.retry = -1 (default)
2022-05-11 01:30:32,247 [pool-467-thread-1] INFO  server.RaftServerConfigKeys (ConfUtils.java:logGet(44)) - raft.server.log.write.buffer.size = 64KB (=65536) (default)
2022-05-11 01:30:32,248 [pool-467-thread-1] INFO  server.RaftServerConfigKeys (ConfUtils.java:logGet(44)) - raft.server.log.statemachine.data.caching.enabled = false (default)
2022-05-11 01:30:32,248 [pool-467-thread-1] INFO  segmented.SegmentedRaftLogWorker (SegmentedRaftLogWorker.java:lambda$new$0(133)) - omNode-2@group-523986131536-SegmentedRaftLogWorker: flushIndex: setUnconditionally 0 -> -1
2022-05-11 01:30:32,248 [pool-467-thread-1] INFO  segmented.SegmentedRaftLogWorker (SegmentedRaftLogWorker.java:lambda$new$0(133)) - omNode-2@group-523986131536-SegmentedRaftLogWorker: safeCacheEvictIndex: setUnconditionally 0 -> -1
2022-05-11 01:30:32,271 [pool-467-thread-1] INFO  server.RaftServerConfigKeys (ConfUtils.java:logGet(44)) - raft.server.snapshot.auto.trigger.enabled = true (custom)
2022-05-11 01:30:32,271 [pool-467-thread-1] INFO  server.RaftServerConfigKeys (ConfUtils.java:logGet(44)) - raft.server.snapshot.auto.trigger.threshold = 50 (custom)
2022-05-11 01:30:32,271 [pool-467-thread-1] INFO  server.RaftServerConfigKeys (ConfUtils.java:logGet(44)) - raft.server.snapshot.retention.file.num = -1 (default)
2022-05-11 01:30:32,271 [pool-467-thread-1] INFO  server.RaftServerConfigKeys (ConfUtils.java:logGet(44)) - raft.server.log.purge.upto.snapshot.index = true (custom)
2022-05-11 01:30:32,271 [pool-467-thread-1] INFO  server.RaftServerConfigKeys (ConfUtils.java:logGet(44)) - raft.server.retrycache.expirytime = 30000ms (custom)
2022-05-11 01:30:32,271 [pool-467-thread-1] INFO  server.RaftServerConfigKeys (ConfUtils.java:logGet(44)) - raft.server.retrycache.statistics.expirytime = 100μs (default)
2022-05-11 01:30:32,565 [omNode-1@group-523986131536-FollowerState] INFO  impl.FollowerState (FollowerState.java:run(134)) - omNode-1@group-523986131536-FollowerState: change to CANDIDATE, lastRpcElapsedTime:1076618849ns, electionTimeout:1063ms
2022-05-11 01:30:32,565 [omNode-1@group-523986131536-FollowerState] INFO  impl.RoleInfo (RoleInfo.java:shutdownFollowerState(108)) - omNode-1: shutdown omNode-1@group-523986131536-FollowerState
2022-05-11 01:30:32,566 [omNode-1@group-523986131536-FollowerState] INFO  server.RaftServer$Division (RaftServerImpl.java:setRole(290)) - omNode-1@group-523986131536: changes role from  FOLLOWER to CANDIDATE at term 0 for changeToCandidate
2022-05-11 01:30:32,566 [omNode-1@group-523986131536-FollowerState] INFO  server.RaftServerConfigKeys (ConfUtils.java:logGet(44)) - raft.server.leaderelection.pre-vote = false (custom)
2022-05-11 01:30:32,566 [omNode-1@group-523986131536-FollowerState] INFO  impl.RoleInfo (RoleInfo.java:updateAndGet(130)) - omNode-1: start omNode-1@group-523986131536-LeaderElection56
2022-05-11 01:30:32,600 [omNode-1@group-523986131536-LeaderElection56] INFO  impl.LeaderElection (LeaderElection.java:askForVotes(306)) - omNode-1@group-523986131536-LeaderElection56 ELECTION round 0: submit vote requests at term 1 for -1: [omNode-3|rpc:localhost:45267|priority:0, omNode-1|rpc:localhost:41337|priority:0, omNode-2|rpc:localhost:37911|priority:0], old=null
2022-05-11 01:30:32,617 [omNode-1@group-523986131536-LeaderElection56] INFO  impl.LeaderElection (LogUtils.java:infoOrTrace(137)) - omNode-1@group-523986131536-LeaderElection56 got exception when requesting votes: java.util.concurrent.ExecutionException: org.apache.ratis.thirdparty.io.grpc.StatusRuntimeException: UNAVAILABLE: io exception
2022-05-11 01:30:32,629 [omNode-1@group-523986131536-LeaderElection56] INFO  impl.LeaderElection (LogUtils.java:infoOrTrace(137)) - omNode-1@group-523986131536-LeaderElection56 got exception when requesting votes: java.util.concurrent.ExecutionException: org.apache.ratis.thirdparty.io.grpc.StatusRuntimeException: UNAVAILABLE: io exception
2022-05-11 01:30:32,629 [omNode-1@group-523986131536-LeaderElection56] INFO  impl.LeaderElection (LeaderElection.java:logAndReturn(89)) - omNode-1@group-523986131536-LeaderElection56: ELECTION REJECTED received 0 response(s) and 2 exception(s):
2022-05-11 01:30:32,629 [omNode-1@group-523986131536-LeaderElection56] INFO  impl.LeaderElection (LogUtils.java:infoOrTrace(137)) -   Exception 0: java.util.concurrent.ExecutionException: org.apache.ratis.thirdparty.io.grpc.StatusRuntimeException: UNAVAILABLE: io exception
2022-05-11 01:30:32,629 [omNode-1@group-523986131536-LeaderElection56] INFO  impl.LeaderElection (LogUtils.java:infoOrTrace(137)) -   Exception 1: java.util.concurrent.ExecutionException: org.apache.ratis.thirdparty.io.grpc.StatusRuntimeException: UNAVAILABLE: io exception
2022-05-11 01:30:32,629 [omNode-1@group-523986131536-LeaderElection56] INFO  impl.LeaderElection (LeaderElection.java:askForVotes(308)) - omNode-1@group-523986131536-LeaderElection56 ELECTION round 0: result REJECTED
2022-05-11 01:30:32,629 [omNode-1@group-523986131536-LeaderElection56] INFO  server.RaftServer$Division (RaftServerImpl.java:setRole(290)) - omNode-1@group-523986131536: changes role from CANDIDATE to FOLLOWER at term 1 for REJECTED
2022-05-11 01:30:32,629 [omNode-1@group-523986131536-LeaderElection56] INFO  impl.RoleInfo (RoleInfo.java:shutdownLeaderElection(121)) - omNode-1: shutdown omNode-1@group-523986131536-LeaderElection56
2022-05-11 01:30:32,629 [omNode-1@group-523986131536-LeaderElection56] INFO  impl.RoleInfo (RoleInfo.java:updateAndGet(130)) - omNode-1: start omNode-1@group-523986131536-FollowerState
2022-05-11 01:30:32,881 [EndpointStateMachine task thread for /0.0.0.0:46775 - 0 ] INFO  ipc.Client (Client.java:handleConnectionFailure(977)) - Retrying connect to server: 0.0.0.0/0.0.0.0:46775. Already tried 6 time(s); retry policy is RetryUpToMaximumCountWithFixedSleep(maxRetries=15, sleepTime=1000 MILLISECONDS)
2022-05-11 01:30:33,050 [Listener at 127.0.0.1/38331] INFO  reflections.Reflections (Reflections.java:scan(232)) - Reflections took 827 ms to scan 19 urls, producing 61 keys and 3656 values [using 2 cores]
2022-05-11 01:30:33,051 [Listener at 127.0.0.1/38331] INFO  ipc.CallQueueManager (CallQueueManager.java:<init>(90)) - Using callQueue: class java.util.concurrent.LinkedBlockingQueue, queueCapacity: 2000, scheduler: class org.apache.hadoop.ipc.DefaultRpcScheduler, ipcBackoff: false.
2022-05-11 01:30:33,052 [Socket Reader #1 for port 46389] INFO  ipc.Server (Server.java:run(1265)) - Starting Socket Reader #1 for port 46389
2022-05-11 01:30:33,127 [Listener at 127.0.0.1/46389] INFO  impl.MetricsSystemImpl (MetricsSystemImpl.java:init(158)) - OzoneManager metrics system started (again)
2022-05-11 01:30:33,163 [Listener at 127.0.0.1/46389] INFO  om.OzoneManager (OzoneManager.java:start(1395)) - OzoneManager RPC server is listening at localhost/127.0.0.1:46389
2022-05-11 01:30:33,164 [Listener at 127.0.0.1/46389] INFO  ratis.OzoneManagerRatisServer (OzoneManagerRatisServer.java:start(554)) - Starting OzoneManagerRatisServer omNode-2 at port 37911
2022-05-11 01:30:33,164 [Listener at 127.0.0.1/46389] INFO  server.RaftServer$Division (RaftServerImpl.java:start(301)) - omNode-2@group-523986131536: start as a follower, conf=-1: [omNode-3|rpc:localhost:45267|priority:0, omNode-1|rpc:localhost:41337|priority:0, omNode-2|rpc:localhost:37911|priority:0], old=null
2022-05-11 01:30:33,164 [Listener at 127.0.0.1/46389] INFO  server.RaftServer$Division (RaftServerImpl.java:setRole(290)) - omNode-2@group-523986131536: changes role from      null to FOLLOWER at term 0 for startAsFollower
2022-05-11 01:30:33,164 [Listener at 127.0.0.1/46389] INFO  impl.RoleInfo (RoleInfo.java:updateAndGet(130)) - omNode-2: start omNode-2@group-523986131536-FollowerState
2022-05-11 01:30:33,173 [Listener at 127.0.0.1/46389] INFO  util.JmxRegister (JmxRegister.java:tryRegister(44)) - Successfully registered JMX Bean with object name Ratis:service=RaftServer,group=group-523986131536,id=omNode-2
2022-05-11 01:30:33,183 [Listener at 127.0.0.1/46389] INFO  server.RaftServer (RaftServerProxy.java:lambda$start$5(374)) - omNode-2: start RPC server
2022-05-11 01:30:33,183 [Listener at 127.0.0.1/46389] INFO  server.GrpcService (GrpcService.java:startImpl(253)) - omNode-2: GrpcService started, listening on 37911
2022-05-11 01:30:33,201 [Listener at 127.0.0.1/46389] INFO  om.OzoneManager (OzoneManager.java:start(1411)) - Version File has different layout version (1) than OM DB (null). That is expected if this OM has never been finalized to a newer layout version.
2022-05-11 01:30:33,202 [org.apache.ratis.util.JvmPauseMonitor$$Lambda$637/1274334510@3887479d] INFO  util.JvmPauseMonitor (JvmPauseMonitor.java:run(103)) - JvmPauseMonitor-omNode-2: Started
2022-05-11 01:30:33,244 [Listener at 127.0.0.1/46389] INFO  http.BaseHttpServer (BaseHttpServer.java:newHttpServer2BuilderForOzone(209)) - Starting Web-server for ozoneManager at: http://0.0.0.0:43697
2022-05-11 01:30:33,245 [Listener at 127.0.0.1/46389] INFO  http.BaseHttpServer (BaseHttpServer.java:<init>(107)) - Hadoop Security Enabled: false Ozone Security Enabled: false Ozone HTTP Security Enabled: false 
2022-05-11 01:30:33,249 [Listener at 127.0.0.1/46389] INFO  server.AuthenticationFilter (AuthenticationFilter.java:constructSecretProvider(240)) - Unable to initialize FileSignerSecretProvider, falling back to use random secrets.
2022-05-11 01:30:33,250 [Listener at 127.0.0.1/46389] WARN  http.HttpRequestLog (HttpRequestLog.java:getRequestLog(103)) - Jetty request log can only be enabled using Log4j
2022-05-11 01:30:33,251 [Listener at 127.0.0.1/46389] INFO  http.HttpServer2 (HttpServer2.java:addGlobalFilter(1030)) - Added global filter 'safety' (class=org.apache.hadoop.hdds.server.http.HttpServer2$QuotingInputFilter)
2022-05-11 01:30:33,252 [Listener at 127.0.0.1/46389] INFO  http.HttpServer2 (HttpServer2.java:addFilter(1006)) - Added filter static_user_filter (class=org.apache.hadoop.http.lib.StaticUserWebFilter$StaticUserFilter) to context ozoneManager
2022-05-11 01:30:33,252 [Listener at 127.0.0.1/46389] INFO  http.HttpServer2 (HttpServer2.java:addFilter(1014)) - Added filter static_user_filter (class=org.apache.hadoop.http.lib.StaticUserWebFilter$StaticUserFilter) to context logs
2022-05-11 01:30:33,252 [Listener at 127.0.0.1/46389] INFO  http.HttpServer2 (HttpServer2.java:addFilter(1014)) - Added filter static_user_filter (class=org.apache.hadoop.http.lib.StaticUserWebFilter$StaticUserFilter) to context static
2022-05-11 01:30:33,253 [Listener at 127.0.0.1/46389] INFO  http.HttpServer2 (HttpServer2.java:bindListener(1249)) - Jetty bound to port 43697
2022-05-11 01:30:33,253 [Listener at 127.0.0.1/46389] INFO  server.Server (Server.java:doStart(375)) - jetty-9.4.43.v20210629; built: 2021-06-30T11:07:22.254Z; git: 526006ecfa3af7f1a27ef3a288e2bef7ea9dd7e8; jvm 1.8.0_322-b06
2022-05-11 01:30:33,265 [Listener at 127.0.0.1/46389] INFO  server.session (DefaultSessionIdManager.java:doStart(334)) - DefaultSessionIdManager workerName=node0
2022-05-11 01:30:33,266 [Listener at 127.0.0.1/46389] INFO  server.session (DefaultSessionIdManager.java:doStart(339)) - No SessionScavenger set, using defaults
2022-05-11 01:30:33,266 [Listener at 127.0.0.1/46389] INFO  server.session (HouseKeeper.java:startScavenging(132)) - node0 Scavenging every 660000ms
2022-05-11 01:30:33,268 [Listener at 127.0.0.1/46389] INFO  handler.ContextHandler (ContextHandler.java:doStart(915)) - Started o.e.j.s.ServletContextHandler@27b93919{logs,/logs,file:///home/runner/work/ozone/ozone/hadoop-ozone/integration-test/target/log,AVAILABLE}
2022-05-11 01:30:33,268 [Listener at 127.0.0.1/46389] INFO  handler.ContextHandler (ContextHandler.java:doStart(915)) - Started o.e.j.s.ServletContextHandler@75de0da8{static,/static,file:///home/runner/work/ozone/ozone/hadoop-ozone/integration-test/target/test-classes/webapps/static,AVAILABLE}
2022-05-11 01:30:33,280 [Listener at 127.0.0.1/46389] INFO  handler.ContextHandler (ContextHandler.java:doStart(915)) - Started o.e.j.w.WebAppContext@86c162e{ozoneManager,/,file:///home/runner/work/ozone/ozone/hadoop-ozone/integration-test/target/test-classes/webapps/ozoneManager/,AVAILABLE}{file:/home/runner/work/ozone/ozone/hadoop-ozone/integration-test/target/test-classes/webapps/ozoneManager}
2022-05-11 01:30:33,287 [Listener at 127.0.0.1/46389] INFO  server.AbstractConnector (AbstractConnector.java:doStart(331)) - Started ServerConnector@4e0554ca{HTTP/1.1, (http/1.1)}{0.0.0.0:43697}
2022-05-11 01:30:33,287 [Listener at 127.0.0.1/46389] INFO  server.Server (Server.java:doStart(415)) - Started @98451ms
2022-05-11 01:30:33,287 [Listener at 127.0.0.1/46389] WARN  impl.MetricsSystemImpl (MetricsSystemImpl.java:register(279)) - Sink prometheus already exists!
2022-05-11 01:30:33,288 [Listener at 127.0.0.1/46389] INFO  http.BaseHttpServer (BaseHttpServer.java:updateConnectorAddress(329)) - HTTP server of ozoneManager listening at http://0.0.0.0:43697
2022-05-11 01:30:33,291 [IPC Server Responder] INFO  ipc.Server (Server.java:run(1507)) - IPC Server Responder: starting
2022-05-11 01:30:33,292 [IPC Server listener on 46389] INFO  ipc.Server (Server.java:run(1344)) - IPC Server listener on 46389: starting
2022-05-11 01:30:33,298 [Listener at 127.0.0.1/46389] INFO  om.OzoneManager (OzoneManager.java:startTrashEmptier(1835)) - Trash Interval set to 0. Files deleted won't move to trash
2022-05-11 01:30:33,300 [Listener at 127.0.0.1/46389] INFO  ozone.MiniOzoneHAClusterImpl (MiniOzoneHAClusterImpl.java:createOMService(522)) - Started OzoneManager omNode-2 RPC server at localhost/127.0.0.1:46389
2022-05-11 01:30:33,301 [Listener at 127.0.0.1/46389] INFO  ha.OMHANodeDetails (OMHANodeDetails.java:loadOMHAConfig(118)) - ServiceID for OzoneManager is om-service-test1
2022-05-11 01:30:33,302 [Listener at 127.0.0.1/46389] INFO  ha.OMHANodeDetails (OMHANodeDetails.java:loadOMHAConfig(193)) - Found matching OM address with OMServiceId: om-service-test1, OMNodeId: omNode-3, RPC Address: localhost:35015 and Ratis port: 45267
2022-05-11 01:30:33,302 [Listener at 127.0.0.1/46389] INFO  ha.OMHANodeDetails (ConfUtils.java:setNodeSpecificConfigs(108)) - Setting configuration key ozone.om.http-address with value of key ozone.om.http-address.om-service-test1.omNode-3: 127.0.0.1:44835
2022-05-11 01:30:33,302 [Listener at 127.0.0.1/46389] INFO  ha.OMHANodeDetails (ConfUtils.java:setNodeSpecificConfigs(108)) - Setting configuration key ozone.om.https-address with value of key ozone.om.https-address.om-service-test1.omNode-3: 127.0.0.1:37991
2022-05-11 01:30:33,302 [Listener at 127.0.0.1/46389] INFO  ha.OMHANodeDetails (ConfUtils.java:setNodeSpecificConfigs(108)) - Setting configuration key ozone.om.address with value of key ozone.om.address.om-service-test1.omNode-3: 127.0.0.1:35015
2022-05-11 01:30:33,303 [Listener at 127.0.0.1/46389] WARN  server.ServerUtils (ServerUtils.java:getDBPath(225)) - ozone.om.db.dirs is not configured. We recommend adding this setting. Falling back to ozone.metadata.dirs instead.
2022-05-11 01:30:33,303 [org.apache.hadoop.util.JvmPauseMonitor$Monitor@7480b7cd] INFO  util.JvmPauseMonitor (JvmPauseMonitor.java:run(188)) - Starting JVM pause monitor
OM initialization succeeded.Current cluster id for sd=/home/runner/work/ozone/ozone/hadoop-ozone/integration-test/target/test-dir/MiniOzoneClusterImpl-37128324-e3dc-46f8-950a-3a99f891b880/omNode-3/om;cid=37128324-e3dc-46f8-950a-3a99f891b880;layoutVersion=1
2022-05-11 01:30:33,339 [Listener at 127.0.0.1/46389] INFO  ha.OMHANodeDetails (OMHANodeDetails.java:loadOMHAConfig(118)) - ServiceID for OzoneManager is om-service-test1
2022-05-11 01:30:33,340 [Listener at 127.0.0.1/46389] INFO  ha.OMHANodeDetails (OMHANodeDetails.java:loadOMHAConfig(193)) - Found matching OM address with OMServiceId: om-service-test1, OMNodeId: omNode-3, RPC Address: localhost:35015 and Ratis port: 45267
2022-05-11 01:30:33,340 [Listener at 127.0.0.1/46389] INFO  ha.OMHANodeDetails (ConfUtils.java:setNodeSpecificConfigs(108)) - Setting configuration key ozone.om.http-address with value of key ozone.om.http-address.om-service-test1.omNode-3: 127.0.0.1:44835
2022-05-11 01:30:33,340 [Listener at 127.0.0.1/46389] INFO  ha.OMHANodeDetails (ConfUtils.java:setNodeSpecificConfigs(108)) - Setting configuration key ozone.om.https-address with value of key ozone.om.https-address.om-service-test1.omNode-3: 127.0.0.1:37991
2022-05-11 01:30:33,340 [Listener at 127.0.0.1/46389] INFO  ha.OMHANodeDetails (ConfUtils.java:setNodeSpecificConfigs(108)) - Setting configuration key ozone.om.address with value of key ozone.om.address.om-service-test1.omNode-3: 127.0.0.1:35015
2022-05-11 01:30:33,340 [Listener at 127.0.0.1/46389] WARN  server.ServerUtils (ServerUtils.java:getDBPath(225)) - ozone.om.db.dirs is not configured. We recommend adding this setting. Falling back to ozone.metadata.dirs instead.
2022-05-11 01:30:33,341 [Listener at 127.0.0.1/46389] INFO  upgrade.AbstractLayoutVersionManager (AbstractLayoutVersionManager.java:init(79)) - Initializing Layout version manager with metadata layout = ERASURE_CODED_STORAGE_SUPPORT (version = 1), software layout = ERASURE_CODED_STORAGE_SUPPORT (version = 1)
2022-05-11 01:30:33,494 [Listener at 127.0.0.1/46389] INFO  reflections.Reflections (Reflections.java:scan(232)) - Reflections took 152 ms to scan 2 urls, producing 143 keys and 369 values [using 2 cores]
2022-05-11 01:30:33,495 [Listener at 127.0.0.1/46389] INFO  upgrade.OMLayoutVersionManager (OMLayoutVersionManager.java:lambda$0(115)) - Skipping Upgrade Action MockOmUpgradeAction since it has been finalized.
2022-05-11 01:30:33,495 [Listener at 127.0.0.1/46389] WARN  server.ServerUtils (ServerUtils.java:getDBPath(225)) - ozone.om.db.dirs is not configured. We recommend adding this setting. Falling back to ozone.metadata.dirs instead.
2022-05-11 01:30:33,521 [Listener at 127.0.0.1/46389] WARN  server.ServerUtils (ServerUtils.java:getDBPath(225)) - ozone.om.db.dirs is not configured. We recommend adding this setting. Falling back to ozone.metadata.dirs instead.
2022-05-11 01:30:33,522 [Listener at 127.0.0.1/46389] INFO  codec.OmKeyInfoCodec (OmKeyInfoCodec.java:<init>(49)) - OmKeyInfoCodec ignorePipeline = true
2022-05-11 01:30:33,522 [Listener at 127.0.0.1/46389] INFO  codec.RepeatedOmKeyInfoCodec (RepeatedOmKeyInfoCodec.java:<init>(41)) - RepeatedOmKeyInfoCodec ignorePipeline = true
2022-05-11 01:30:33,679 [omNode-1@group-523986131536-FollowerState] INFO  impl.FollowerState (FollowerState.java:run(134)) - omNode-1@group-523986131536-FollowerState: change to CANDIDATE, lastRpcElapsedTime:1049975390ns, electionTimeout:1039ms
2022-05-11 01:30:33,679 [omNode-1@group-523986131536-FollowerState] INFO  impl.RoleInfo (RoleInfo.java:shutdownFollowerState(108)) - omNode-1: shutdown omNode-1@group-523986131536-FollowerState
2022-05-11 01:30:33,680 [omNode-1@group-523986131536-FollowerState] INFO  server.RaftServer$Division (RaftServerImpl.java:setRole(290)) - omNode-1@group-523986131536: changes role from  FOLLOWER to CANDIDATE at term 1 for changeToCandidate
2022-05-11 01:30:33,680 [omNode-1@group-523986131536-FollowerState] INFO  server.RaftServerConfigKeys (ConfUtils.java:logGet(44)) - raft.server.leaderelection.pre-vote = false (custom)
2022-05-11 01:30:33,680 [omNode-1@group-523986131536-FollowerState] INFO  impl.RoleInfo (RoleInfo.java:updateAndGet(130)) - omNode-1: start omNode-1@group-523986131536-LeaderElection57
2022-05-11 01:30:33,691 [omNode-1@group-523986131536-LeaderElection57] INFO  impl.LeaderElection (LeaderElection.java:askForVotes(306)) - omNode-1@group-523986131536-LeaderElection57 ELECTION round 0: submit vote requests at term 2 for -1: [omNode-3|rpc:localhost:45267|priority:0, omNode-1|rpc:localhost:41337|priority:0, omNode-2|rpc:localhost:37911|priority:0], old=null
2022-05-11 01:30:33,697 [omNode-1@group-523986131536-LeaderElection57] INFO  impl.LeaderElection (LogUtils.java:infoOrTrace(137)) - omNode-1@group-523986131536-LeaderElection57 got exception when requesting votes: java.util.concurrent.ExecutionException: org.apache.ratis.thirdparty.io.grpc.StatusRuntimeException: UNAVAILABLE: io exception
2022-05-11 01:30:33,700 [grpc-default-executor-3] INFO  server.RaftServer$Division (RaftServerImpl.java:requestVote(1046)) - omNode-2@group-523986131536: receive requestVote(ELECTION, omNode-1, group-523986131536, 2, (t:0, i:~))
2022-05-11 01:30:33,700 [grpc-default-executor-3] INFO  impl.VoteContext (VoteContext.java:log(48)) - omNode-2@group-523986131536-FOLLOWER: accept ELECTION from omNode-1: our priority 0 <= candidate's priority 0
2022-05-11 01:30:33,700 [grpc-default-executor-3] INFO  server.RaftServer$Division (RaftServerImpl.java:setRole(290)) - omNode-2@group-523986131536: changes role from  FOLLOWER to FOLLOWER at term 2 for candidate:omNode-1
2022-05-11 01:30:33,700 [grpc-default-executor-3] INFO  impl.RoleInfo (RoleInfo.java:shutdownFollowerState(108)) - omNode-2: shutdown omNode-2@group-523986131536-FollowerState
2022-05-11 01:30:33,700 [grpc-default-executor-3] INFO  impl.RoleInfo (RoleInfo.java:updateAndGet(130)) - omNode-2: start omNode-2@group-523986131536-FollowerState
2022-05-11 01:30:33,700 [omNode-2@group-523986131536-FollowerState] INFO  impl.FollowerState (FollowerState.java:run(143)) - omNode-2@group-523986131536-FollowerState was interrupted: {}
java.lang.InterruptedException: sleep interrupted
	at java.lang.Thread.sleep(Native Method)
	at java.lang.Thread.sleep(Thread.java:342)
	at java.util.concurrent.TimeUnit.sleep(TimeUnit.java:386)
	at org.apache.ratis.util.TimeDuration.sleep(TimeDuration.java:324)
	at org.apache.ratis.util.TimeDuration.sleep(TimeDuration.java:309)
	at org.apache.ratis.server.impl.FollowerState.run(FollowerState.java:118)
2022-05-11 01:30:33,702 [grpc-default-executor-3] INFO  server.RaftServer$Division (RaftServerImpl.java:requestVote(1078)) - omNode-2@group-523986131536 replies to ELECTION vote request: omNode-1<-omNode-2#0:OK-t2. Peer's state: omNode-2@group-523986131536:t2, leader=null, voted=omNode-1, raftlog=omNode-2@group-523986131536-SegmentedRaftLog:OPENED:c-1, conf=-1: [omNode-3|rpc:localhost:45267|priority:0, omNode-1|rpc:localhost:41337|priority:0, omNode-2|rpc:localhost:37911|priority:0], old=null
2022-05-11 01:30:33,709 [omNode-1@group-523986131536-LeaderElection57] INFO  impl.LeaderElection (LeaderElection.java:logAndReturn(89)) - omNode-1@group-523986131536-LeaderElection57: ELECTION PASSED received 1 response(s) and 1 exception(s):
2022-05-11 01:30:33,709 [omNode-1@group-523986131536-LeaderElection57] INFO  impl.LeaderElection (LeaderElection.java:logAndReturn(93)) -   Response 0: omNode-1<-omNode-2#0:OK-t2
2022-05-11 01:30:33,709 [omNode-1@group-523986131536-LeaderElection57] INFO  impl.LeaderElection (LogUtils.java:infoOrTrace(137)) -   Exception 1: java.util.concurrent.ExecutionException: org.apache.ratis.thirdparty.io.grpc.StatusRuntimeException: UNAVAILABLE: io exception
2022-05-11 01:30:33,709 [omNode-1@group-523986131536-LeaderElection57] INFO  impl.LeaderElection (LeaderElection.java:askForVotes(308)) - omNode-1@group-523986131536-LeaderElection57 ELECTION round 0: result PASSED
2022-05-11 01:30:33,709 [omNode-1@group-523986131536-LeaderElection57] INFO  impl.RoleInfo (RoleInfo.java:shutdownLeaderElection(121)) - omNode-1: shutdown omNode-1@group-523986131536-LeaderElection57
2022-05-11 01:30:33,709 [omNode-1@group-523986131536-LeaderElection57] INFO  server.RaftServer$Division (RaftServerImpl.java:setRole(290)) - omNode-1@group-523986131536: changes role from CANDIDATE to LEADER at term 2 for changeToLeader
2022-05-11 01:30:33,710 [omNode-1@group-523986131536-LeaderElection57] INFO  server.RaftServer$Division (ServerState.java:setLeader(285)) - omNode-1@group-523986131536: change Leader from null to omNode-1 at term 2 for becomeLeader, leader elected after 2963ms
2022-05-11 01:30:33,710 [omNode-1@group-523986131536-LeaderElection57] INFO  server.RaftServerConfigKeys (ConfUtils.java:logGet(44)) - raft.server.staging.catchup.gap = 1000 (default)
2022-05-11 01:30:33,710 [omNode-1@group-523986131536-LeaderElection57] INFO  server.RaftServerConfigKeys (ConfUtils.java:logGet(44)) - raft.server.write.element-limit = 4096 (default)
2022-05-11 01:30:33,710 [omNode-1@group-523986131536-LeaderElection57] INFO  server.RaftServerConfigKeys (ConfUtils.java:logGet(44)) - raft.server.write.byte-limit = 64MB (=67108864) (default)
2022-05-11 01:30:33,710 [omNode-1@group-523986131536-LeaderElection57] INFO  server.RaftServerConfigKeys (ConfUtils.java:logGet(44)) - raft.server.watch.timeout = 10s (default)
2022-05-11 01:30:33,710 [omNode-1@group-523986131536-LeaderElection57] INFO  server.RaftServerConfigKeys (ConfUtils.java:logGet(44)) - raft.server.watch.timeout.denomination = 1s (default)
2022-05-11 01:30:33,713 [omNode-1@group-523986131536-LeaderElection57] INFO  server.RaftServerConfigKeys (ConfUtils.java:logGet(44)) - raft.server.watch.element-limit = 65536 (default)
2022-05-11 01:30:33,713 [omNode-1@group-523986131536-LeaderElection57] INFO  server.RaftServerConfigKeys (ConfUtils.java:logGet(44)) - raft.server.write.element-limit = 4096 (default)
2022-05-11 01:30:33,714 [omNode-1@group-523986131536-LeaderElection57] INFO  server.RaftServerConfigKeys (ConfUtils.java:logGet(44)) - raft.server.write.follower.gap.ratio.max = -1.0 (default)
2022-05-11 01:30:33,714 [omNode-1@group-523986131536-LeaderElection57] INFO  server.RaftServerConfigKeys (ConfUtils.java:logGet(44)) - raft.server.log.appender.snapshot.chunk.size.max = 16MB (=16777216) (default)
2022-05-11 01:30:33,714 [omNode-1@group-523986131536-LeaderElection57] INFO  server.RaftServerConfigKeys (ConfUtils.java:logGet(44)) - raft.server.log.appender.buffer.byte-limit = 33554432 (custom)
2022-05-11 01:30:33,714 [omNode-1@group-523986131536-LeaderElection57] INFO  server.RaftServerConfigKeys (ConfUtils.java:logGet(44)) - raft.server.log.appender.buffer.element-limit = 1024 (custom)
2022-05-11 01:30:33,714 [omNode-1@group-523986131536-LeaderElection57] INFO  grpc.GrpcConfigKeys (ConfUtils.java:logGet(44)) - raft.grpc.server.leader.outstanding.appends.max = 128 (default)
2022-05-11 01:30:33,714 [omNode-1@group-523986131536-LeaderElection57] INFO  server.RaftServerConfigKeys (ConfUtils.java:logGet(44)) - raft.server.rpc.request.timeout = 3000ms (default)
2022-05-11 01:30:33,714 [omNode-1@group-523986131536-LeaderElection57] INFO  server.RaftServerConfigKeys (ConfUtils.java:logGet(44)) - raft.server.log.appender.install.snapshot.enabled = false (custom)
2022-05-11 01:30:33,715 [omNode-1@group-523986131536-LeaderElection57] INFO  server.RaftServerConfigKeys (ConfUtils.java:logGet(44)) - raft.server.log.appender.snapshot.chunk.size.max = 16MB (=16777216) (default)
2022-05-11 01:30:33,715 [omNode-1@group-523986131536-LeaderElection57] INFO  server.RaftServerConfigKeys (ConfUtils.java:logGet(44)) - raft.server.log.appender.buffer.byte-limit = 33554432 (custom)
2022-05-11 01:30:33,715 [omNode-1@group-523986131536-LeaderElection57] INFO  server.RaftServerConfigKeys (ConfUtils.java:logGet(44)) - raft.server.log.appender.buffer.element-limit = 1024 (custom)
2022-05-11 01:30:33,715 [omNode-1@group-523986131536-LeaderElection57] INFO  grpc.GrpcConfigKeys (ConfUtils.java:logGet(44)) - raft.grpc.server.leader.outstanding.appends.max = 128 (default)
2022-05-11 01:30:33,715 [omNode-1@group-523986131536-LeaderElection57] INFO  server.RaftServerConfigKeys (ConfUtils.java:logGet(44)) - raft.server.rpc.request.timeout = 3000ms (default)
2022-05-11 01:30:33,716 [omNode-1@group-523986131536-LeaderElection57] INFO  server.RaftServerConfigKeys (ConfUtils.java:logGet(44)) - raft.server.log.appender.install.snapshot.enabled = false (custom)
2022-05-11 01:30:33,716 [omNode-1@group-523986131536-LeaderElection57] INFO  impl.RoleInfo (RoleInfo.java:updateAndGet(130)) - omNode-1: start omNode-1@group-523986131536-LeaderStateImpl
2022-05-11 01:30:33,717 [omNode-1@group-523986131536-LeaderElection57] INFO  segmented.SegmentedRaftLogWorker (SegmentedRaftLogWorker.java:startLogSegment(394)) - omNode-1@group-523986131536-SegmentedRaftLogWorker: Starting segment from index:0
2022-05-11 01:30:33,737 [omNode-1@group-523986131536-SegmentedRaftLogWorker] INFO  segmented.SegmentedRaftLogWorker (SegmentedRaftLogWorker.java:execute(601)) - omNode-1@group-523986131536-SegmentedRaftLogWorker: created new log segment /home/runner/work/ozone/ozone/hadoop-ozone/integration-test/target/test-dir/MiniOzoneClusterImpl-37128324-e3dc-46f8-950a-3a99f891b880/omNode-1/ratis/c9bc4cf4-3bc3-3c60-a66b-523986131536/current/log_inprogress_0
2022-05-11 01:30:33,767 [grpc-default-executor-1] INFO  server.RaftServer$Division (ServerState.java:setLeader(285)) - omNode-2@group-523986131536: change Leader from null to omNode-1 at term 2 for appendEntries, leader elected after 1527ms
2022-05-11 01:30:33,791 [grpc-default-executor-1] INFO  server.RaftServer$Division (ServerState.java:setRaftConf(387)) - omNode-2@group-523986131536: set configuration 0: [omNode-3|rpc:localhost:45267|admin:|client:|dataStream:|priority:0, omNode-1|rpc:localhost:41337|admin:|client:|dataStream:|priority:0, omNode-2|rpc:localhost:37911|admin:|client:|dataStream:|priority:0], old=null
2022-05-11 01:30:33,792 [grpc-default-executor-1] INFO  segmented.SegmentedRaftLogWorker (SegmentedRaftLogWorker.java:startLogSegment(394)) - omNode-2@group-523986131536-SegmentedRaftLogWorker: Starting segment from index:0
2022-05-11 01:30:33,799 [omNode-1@group-523986131536-LeaderElection57] INFO  server.RaftServer$Division (ServerState.java:setRaftConf(387)) - omNode-1@group-523986131536: set configuration 0: [omNode-3|rpc:localhost:45267|admin:|client:|dataStream:|priority:0, omNode-1|rpc:localhost:41337|admin:|client:|dataStream:|priority:0, omNode-2|rpc:localhost:37911|admin:|client:|dataStream:|priority:0], old=null
2022-05-11 01:30:33,799 [grpc-default-executor-1] WARN  server.GrpcLogAppender (LogUtils.java:warn(122)) - omNode-1@group-523986131536->omNode-3-AppendLogResponseHandler: Failed appendEntries: org.apache.ratis.thirdparty.io.grpc.StatusRuntimeException: UNAVAILABLE: io exception
2022-05-11 01:30:33,801 [omNode-1@group-523986131536-StateMachineUpdater] INFO  ratis.OzoneManagerStateMachine (OzoneManagerStateMachine.java:notifyConfigurationChanged(191)) - Received Configuration change notification from Ratis. New Peer list:
[id: "omNode-3"
address: "localhost:45267"
, id: "omNode-1"
address: "localhost:41337"
, id: "omNode-2"
address: "localhost:37911"
]
2022-05-11 01:30:33,801 [grpc-default-executor-1] WARN  server.GrpcLogAppender (GrpcLogAppender.java:resetClient(110)) - omNode-1@group-523986131536->omNode-3-GrpcLogAppender: Leader has not got in touch with Follower omNode-1@group-523986131536->omNode-3(c-1,m0,n1, attendVote=true, lastRpcSendTime=2, lastRpcResponseTime=1287) yet, just keep nextIndex unchanged and retry.
2022-05-11 01:30:33,811 [omNode-2@group-523986131536-SegmentedRaftLogWorker] INFO  segmented.SegmentedRaftLogWorker (SegmentedRaftLogWorker.java:execute(601)) - omNode-2@group-523986131536-SegmentedRaftLogWorker: created new log segment /home/runner/work/ozone/ozone/hadoop-ozone/integration-test/target/test-dir/MiniOzoneClusterImpl-37128324-e3dc-46f8-950a-3a99f891b880/omNode-2/ratis/c9bc4cf4-3bc3-3c60-a66b-523986131536/current/log_inprogress_0
2022-05-11 01:30:33,837 [Listener at 127.0.0.1/46389] INFO  om.OzoneManager (OzoneManager.java:addS3GVolumeToDB(3880)) - Created Volume s3v With Owner runner required for S3Gateway operations.
2022-05-11 01:30:33,838 [Listener at 127.0.0.1/46389] WARN  server.ServerUtils (ServerUtils.java:getDefaultRatisDirectory(237)) - Storage directory for Ratis is not configured. It is a good idea to map this to an SSD disk. Falling back to ozone.metadata.dirs
2022-05-11 01:30:33,838 [Listener at 127.0.0.1/46389] WARN  utils.OzoneManagerRatisUtils (OzoneManagerRatisUtils.java:getOMRatisSnapshotDirectory(395)) - ozone.om.ratis.snapshot.dir is not configured. Falling back to ozone.metadata.dirs config
2022-05-11 01:30:33,838 [Listener at 127.0.0.1/46389] INFO  snapshot.OzoneManagerSnapshotProvider (OzoneManagerSnapshotProvider.java:<init>(76)) - Initializing OM Snapshot Provider
2022-05-11 01:30:33,843 [Listener at 127.0.0.1/46389] WARN  impl.MetricRegistriesImpl (MetricRegistriesImpl.java:addReporterRegistration(111)) - New reporters are added after registries were created. Some metrics will be missing from the reporter. Please add reporter before adding any new registry.
2022-05-11 01:30:33,843 [Listener at 127.0.0.1/46389] WARN  impl.MetricRegistriesImpl (MetricRegistriesImpl.java:addReporterRegistration(111)) - New reporters are added after registries were created. Some metrics will be missing from the reporter. Please add reporter before adding any new registry.
2022-05-11 01:30:33,852 [Listener at 127.0.0.1/46389] WARN  server.ServerUtils (ServerUtils.java:getDefaultRatisDirectory(237)) - Storage directory for Ratis is not configured. It is a good idea to map this to an SSD disk. Falling back to ozone.metadata.dirs
2022-05-11 01:30:33,853 [Listener at 127.0.0.1/46389] INFO  ratis.OzoneManagerRatisServer (OzoneManagerRatisServer.java:<init>(159)) - Instantiating OM Ratis server with groupID: om-service-test1 and peers: localhost:45267, localhost:41337, localhost:37911
2022-05-11 01:30:33,853 [Listener at 127.0.0.1/46389] INFO  ratis.OzoneManagerStateMachine (OzoneManagerStateMachine.java:loadSnapshotInfoFromDB(627)) - LastAppliedIndex is set from TransactionInfo from OM DB as (t:0, i:~)
2022-05-11 01:30:33,867 [Listener at 127.0.0.1/46389] INFO  server.RaftServer (ConfUtils.java:logGet(44)) - raft.rpc.type = GRPC (default)
2022-05-11 01:30:33,867 [Listener at 127.0.0.1/46389] INFO  grpc.GrpcFactory (GrpcFactory.java:checkPooledByteBufAllocatorUseCacheForAllThreads(48)) - PERFORMANCE WARNING: useCacheForAllThreads is true that may cause Netty to create a lot garbage objects and, as a result, trigger GC.
	It is recommended to disable useCacheForAllThreads by setting -Dorg.apache.ratis.thirdparty.io.netty.allocator.useCacheForAllThreads=false in command line.
2022-05-11 01:30:33,867 [Listener at 127.0.0.1/46389] INFO  grpc.GrpcConfigKeys (ConfUtils.java:logGet(44)) - raft.grpc.admin.port = -1 (default)
2022-05-11 01:30:33,867 [Listener at 127.0.0.1/46389] INFO  grpc.GrpcConfigKeys (ConfUtils.java:logGet(44)) - raft.grpc.server.port = 45267 (custom)
2022-05-11 01:30:33,867 [Listener at 127.0.0.1/46389] INFO  grpc.GrpcConfigKeys (ConfUtils.java:logGet(44)) - raft.grpc.client.port = -1 (default)
2022-05-11 01:30:33,868 [Listener at 127.0.0.1/46389] INFO  grpc.GrpcConfigKeys (ConfUtils.java:logGet(44)) - raft.grpc.server.port = 45267 (custom)
2022-05-11 01:30:33,868 [Listener at 127.0.0.1/46389] INFO  grpc.GrpcConfigKeys (ConfUtils.java:logGet(44)) - raft.grpc.server.port = 45267 (custom)
2022-05-11 01:30:33,868 [Listener at 127.0.0.1/46389] INFO  server.GrpcService (ConfUtils.java:logGet(44)) - raft.grpc.message.size.max = 33554432 (custom)
2022-05-11 01:30:33,868 [Listener at 127.0.0.1/46389] INFO  server.RaftServerConfigKeys (ConfUtils.java:logGet(44)) - raft.server.log.appender.buffer.byte-limit = 33554432 (custom)
2022-05-11 01:30:33,868 [Listener at 127.0.0.1/46389] INFO  server.GrpcService (ConfUtils.java:logGet(44)) - raft.grpc.flow.control.window = 1MB (=1048576) (default)
2022-05-11 01:30:33,868 [Listener at 127.0.0.1/46389] INFO  server.RaftServerConfigKeys (ConfUtils.java:logGet(44)) - raft.server.rpc.request.timeout = 3000ms (default)
2022-05-11 01:30:33,870 [Listener at 127.0.0.1/46389] INFO  impl.DataStreamServerImpl (ConfUtils.java:logGet(44)) - raft.datastream.type = DISABLED (default)
2022-05-11 01:30:33,871 [Listener at 127.0.0.1/46389] INFO  server.RaftServerConfigKeys (ConfUtils.java:logGet(44)) - raft.server.rpc.slowness.timeout = 2s (custom)
2022-05-11 01:30:33,871 [Listener at 127.0.0.1/46389] INFO  server.RaftServerConfigKeys (ConfUtils.java:logGet(44)) - raft.server.leaderelection.leader.step-down.wait-time = 10s (default)
2022-05-11 01:30:33,871 [Listener at 127.0.0.1/46389] INFO  server.RaftServerConfigKeys (ConfUtils.java:logGet(44)) - raft.server.storage.dir = [/home/runner/work/ozone/ozone/hadoop-ozone/integration-test/target/test-dir/MiniOzoneClusterImpl-37128324-e3dc-46f8-950a-3a99f891b880/omNode-3/ratis] (custom)
2022-05-11 01:30:33,872 [Listener at 127.0.0.1/46389] INFO  server.RaftServer (RaftServerProxy.java:addNew(95)) - omNode-3: addNew group-523986131536:[omNode-3|rpc:localhost:45267|priority:0, omNode-1|rpc:localhost:41337|priority:0, omNode-2|rpc:localhost:37911|priority:0] returns group-523986131536:java.util.concurrent.CompletableFuture@3397be21[Not completed]
2022-05-11 01:30:33,872 [Listener at 127.0.0.1/46389] INFO  om.OzoneManager (OzoneManager.java:initializeRatisServer(1891)) - OzoneManager Ratis server initialized at port 45267
2022-05-11 01:30:33,873 [Listener at 127.0.0.1/46389] INFO  om.OzoneManager (OzoneManager.java:getRpcServer(1027)) - Creating RPC Server
2022-05-11 01:30:33,874 [pool-489-thread-1] INFO  server.RaftServer$Division (RaftServerImpl.java:<init>(184)) - omNode-3: new RaftServerImpl for group-523986131536:[omNode-3|rpc:localhost:45267|priority:0, omNode-1|rpc:localhost:41337|priority:0, omNode-2|rpc:localhost:37911|priority:0] with OzoneManagerStateMachine:uninitialized
2022-05-11 01:30:33,881 [EndpointStateMachine task thread for /0.0.0.0:46775 - 0 ] INFO  ipc.Client (Client.java:handleConnectionFailure(977)) - Retrying connect to server: 0.0.0.0/0.0.0.0:46775. Already tried 7 time(s); retry policy is RetryUpToMaximumCountWithFixedSleep(maxRetries=15, sleepTime=1000 MILLISECONDS)
2022-05-11 01:30:33,892 [pool-489-thread-1] INFO  server.RaftServerConfigKeys (ConfUtils.java:logGet(44)) - raft.server.rpc.timeout.min = 1s (custom)
2022-05-11 01:30:33,892 [pool-489-thread-1] INFO  server.RaftServerConfigKeys (ConfUtils.java:logGet(44)) - raft.server.rpc.timeout.max = 1200ms (custom)
2022-05-11 01:30:33,892 [pool-489-thread-1] INFO  server.RaftServerConfigKeys (ConfUtils.java:logGet(44)) - raft.server.rpc.sleep.time = 25ms (default)
2022-05-11 01:30:33,892 [pool-489-thread-1] INFO  server.RaftServerConfigKeys (ConfUtils.java:logGet(44)) - raft.server.rpc.slowness.timeout = 2s (custom)
2022-05-11 01:30:33,892 [pool-489-thread-1] INFO  server.RaftServerConfigKeys (ConfUtils.java:logGet(44)) - raft.server.leaderelection.leader.step-down.wait-time = 10s (default)
2022-05-11 01:30:33,892 [pool-489-thread-1] INFO  server.RaftServerConfigKeys (ConfUtils.java:logGet(44)) - raft.server.sleep.deviation.threshold = 300ms (default)
2022-05-11 01:30:33,892 [pool-489-thread-1] INFO  server.RaftServerConfigKeys (ConfUtils.java:logGet(44)) - raft.server.log.appender.install.snapshot.enabled = false (custom)
2022-05-11 01:30:33,892 [pool-489-thread-1] INFO  server.RaftServer$Division (ServerState.java:<init>(105)) - omNode-3@group-523986131536: ConfigurationManager, init=-1: [omNode-3|rpc:localhost:45267|priority:0, omNode-1|rpc:localhost:41337|priority:0, omNode-2|rpc:localhost:37911|priority:0], old=null, confs=<EMPTY_MAP>
2022-05-11 01:30:33,892 [pool-489-thread-1] INFO  server.RaftServerConfigKeys (ConfUtils.java:logGet(44)) - raft.server.storage.dir = [/home/runner/work/ozone/ozone/hadoop-ozone/integration-test/target/test-dir/MiniOzoneClusterImpl-37128324-e3dc-46f8-950a-3a99f891b880/omNode-3/ratis] (custom)
2022-05-11 01:30:33,892 [pool-489-thread-1] INFO  server.RaftServerConfigKeys (ConfUtils.java:logGet(44)) - raft.server.log.corruption.policy = EXCEPTION (default)
2022-05-11 01:30:33,892 [pool-489-thread-1] INFO  server.RaftServerConfigKeys (ConfUtils.java:logGet(44)) - raft.server.storage.free-space.min = 0MB (=0) (default)
2022-05-11 01:30:33,893 [pool-489-thread-1] INFO  storage.RaftStorageDirectory (RaftStorageDirectoryImpl.java:analyzeStorage(135)) - The storage directory /home/runner/work/ozone/ozone/hadoop-ozone/integration-test/target/test-dir/MiniOzoneClusterImpl-37128324-e3dc-46f8-950a-3a99f891b880/omNode-3/ratis/c9bc4cf4-3bc3-3c60-a66b-523986131536 does not exist. Creating ...
2022-05-11 01:30:33,895 [pool-489-thread-1] INFO  storage.RaftStorageDirectory (RaftStorageDirectoryImpl.java:tryLock(230)) - Lock on /home/runner/work/ozone/ozone/hadoop-ozone/integration-test/target/test-dir/MiniOzoneClusterImpl-37128324-e3dc-46f8-950a-3a99f891b880/omNode-3/ratis/c9bc4cf4-3bc3-3c60-a66b-523986131536/in_use.lock acquired by nodename 4883@fv-az291-847
2022-05-11 01:30:33,903 [pool-489-thread-1] INFO  storage.RaftStorage (RaftStorageImpl.java:format(89)) - Storage directory /home/runner/work/ozone/ozone/hadoop-ozone/integration-test/target/test-dir/MiniOzoneClusterImpl-37128324-e3dc-46f8-950a-3a99f891b880/omNode-3/ratis/c9bc4cf4-3bc3-3c60-a66b-523986131536 has been successfully formatted.
2022-05-11 01:30:33,903 [pool-489-thread-1] INFO  server.RaftServerConfigKeys (ConfUtils.java:logGet(44)) - raft.server.notification.no-leader.timeout = 2s (custom)
2022-05-11 01:30:33,903 [pool-489-thread-1] INFO  server.RaftServerConfigKeys (ConfUtils.java:logGet(44)) - raft.server.log.use.memory = false (default)
2022-05-11 01:30:33,903 [pool-489-thread-1] INFO  server.RaftServerConfigKeys (ConfUtils.java:logGet(44)) - raft.server.log.purge.gap = 50 (custom)
2022-05-11 01:30:33,903 [pool-489-thread-1] INFO  server.RaftServerConfigKeys (ConfUtils.java:logGet(44)) - raft.server.log.appender.buffer.byte-limit = 33554432 (custom)
2022-05-11 01:30:33,903 [pool-489-thread-1] INFO  server.RaftServerConfigKeys (ConfUtils.java:logGet(44)) - raft.server.log.segment.size.max = 4194304 (custom)
2022-05-11 01:30:33,904 [pool-489-thread-1] INFO  server.RaftServerConfigKeys (ConfUtils.java:logGet(44)) - raft.server.log.segment.cache.num.max = 2 (custom)
2022-05-11 01:30:33,904 [pool-489-thread-1] INFO  server.RaftServerConfigKeys (ConfUtils.java:logGet(44)) - raft.server.log.segment.cache.size.max = 200MB (=209715200) (default)
2022-05-11 01:30:33,904 [pool-489-thread-1] INFO  segmented.SegmentedRaftLogWorker (SegmentedRaftLogWorker.java:<init>(182)) - new omNode-3@group-523986131536-SegmentedRaftLogWorker for RaftStorageImpl:Storage Directory /home/runner/work/ozone/ozone/hadoop-ozone/integration-test/target/test-dir/MiniOzoneClusterImpl-37128324-e3dc-46f8-950a-3a99f891b880/omNode-3/ratis/c9bc4cf4-3bc3-3c60-a66b-523986131536
2022-05-11 01:30:33,904 [pool-489-thread-1] INFO  server.RaftServerConfigKeys (ConfUtils.java:logGet(44)) - raft.server.log.queue.byte-limit = 64MB (=67108864) (default)
2022-05-11 01:30:33,904 [pool-489-thread-1] INFO  server.RaftServerConfigKeys (ConfUtils.java:logGet(44)) - raft.server.log.queue.element-limit = 4096 (default)
2022-05-11 01:30:33,904 [pool-489-thread-1] INFO  server.RaftServerConfigKeys (ConfUtils.java:logGet(44)) - raft.server.log.segment.size.max = 4194304 (custom)
2022-05-11 01:30:33,904 [pool-489-thread-1] INFO  server.RaftServerConfigKeys (ConfUtils.java:logGet(44)) - raft.server.log.preallocated.size = 4194304 (custom)
2022-05-11 01:30:33,911 [pool-489-thread-1] INFO  server.RaftServerConfigKeys (ConfUtils.java:logGet(44)) - raft.server.log.force.sync.num = 128 (default)
2022-05-11 01:30:33,911 [pool-489-thread-1] INFO  server.RaftServerConfigKeys (ConfUtils.java:logGet(44)) - raft.server.log.statemachine.data.sync = true (default)
2022-05-11 01:30:33,911 [pool-489-thread-1] INFO  server.RaftServerConfigKeys (ConfUtils.java:logGet(44)) - raft.server.log.statemachine.data.sync.timeout = 10s (default)
2022-05-11 01:30:33,911 [pool-489-thread-1] INFO  server.RaftServerConfigKeys (ConfUtils.java:logGet(44)) - raft.server.log.statemachine.data.sync.timeout.retry = -1 (default)
2022-05-11 01:30:33,919 [pool-489-thread-1] INFO  server.RaftServerConfigKeys (ConfUtils.java:logGet(44)) - raft.server.log.write.buffer.size = 64KB (=65536) (default)
2022-05-11 01:30:33,919 [pool-489-thread-1] INFO  server.RaftServerConfigKeys (ConfUtils.java:logGet(44)) - raft.server.log.statemachine.data.caching.enabled = false (default)
2022-05-11 01:30:33,919 [pool-489-thread-1] INFO  segmented.SegmentedRaftLogWorker (SegmentedRaftLogWorker.java:lambda$new$0(133)) - omNode-3@group-523986131536-SegmentedRaftLogWorker: flushIndex: setUnconditionally 0 -> -1
2022-05-11 01:30:33,919 [pool-489-thread-1] INFO  segmented.SegmentedRaftLogWorker (SegmentedRaftLogWorker.java:lambda$new$0(133)) - omNode-3@group-523986131536-SegmentedRaftLogWorker: safeCacheEvictIndex: setUnconditionally 0 -> -1
2022-05-11 01:30:33,927 [pool-489-thread-1] INFO  server.RaftServerConfigKeys (ConfUtils.java:logGet(44)) - raft.server.snapshot.auto.trigger.enabled = true (custom)
2022-05-11 01:30:33,927 [pool-489-thread-1] INFO  server.RaftServerConfigKeys (ConfUtils.java:logGet(44)) - raft.server.snapshot.auto.trigger.threshold = 50 (custom)
2022-05-11 01:30:33,927 [pool-489-thread-1] INFO  server.RaftServerConfigKeys (ConfUtils.java:logGet(44)) - raft.server.snapshot.retention.file.num = -1 (default)
2022-05-11 01:30:33,927 [pool-489-thread-1] INFO  server.RaftServerConfigKeys (ConfUtils.java:logGet(44)) - raft.server.log.purge.upto.snapshot.index = true (custom)
2022-05-11 01:30:33,927 [pool-489-thread-1] INFO  server.RaftServerConfigKeys (ConfUtils.java:logGet(44)) - raft.server.retrycache.expirytime = 30000ms (custom)
2022-05-11 01:30:33,927 [pool-489-thread-1] INFO  server.RaftServerConfigKeys (ConfUtils.java:logGet(44)) - raft.server.retrycache.statistics.expirytime = 100μs (default)
2022-05-11 01:30:34,311 [grpc-default-executor-3] WARN  server.GrpcLogAppender (LogUtils.java:warn(122)) - omNode-1@group-523986131536->omNode-3-AppendLogResponseHandler: Failed appendEntries: org.apache.ratis.thirdparty.io.grpc.StatusRuntimeException: UNAVAILABLE: io exception
2022-05-11 01:30:34,312 [grpc-default-executor-3] WARN  server.GrpcLogAppender (GrpcLogAppender.java:resetClient(110)) - omNode-1@group-523986131536->omNode-3-GrpcLogAppender: Leader has not got in touch with Follower omNode-1@group-523986131536->omNode-3(c-1,m0,n1, attendVote=true, lastRpcSendTime=512, lastRpcResponseTime=1798) yet, just keep nextIndex unchanged and retry.
2022-05-11 01:30:34,351 [omNode-2@group-523986131536-StateMachineUpdater] INFO  ratis.OzoneManagerStateMachine (OzoneManagerStateMachine.java:notifyConfigurationChanged(191)) - Received Configuration change notification from Ratis. New Peer list:
[id: "omNode-3"
address: "localhost:45267"
, id: "omNode-1"
address: "localhost:41337"
, id: "omNode-2"
address: "localhost:37911"
]
2022-05-11 01:30:34,824 [grpc-default-executor-3] WARN  server.GrpcLogAppender (LogUtils.java:warn(122)) - omNode-1@group-523986131536->omNode-3-AppendLogResponseHandler: Failed appendEntries: org.apache.ratis.thirdparty.io.grpc.StatusRuntimeException: UNAVAILABLE: io exception
2022-05-11 01:30:34,825 [grpc-default-executor-3] WARN  server.GrpcLogAppender (GrpcLogAppender.java:resetClient(110)) - omNode-1@group-523986131536->omNode-3-GrpcLogAppender: Leader has not got in touch with Follower omNode-1@group-523986131536->omNode-3(c-1,m0,n1, attendVote=true, lastRpcSendTime=1, lastRpcResponseTime=2311) yet, just keep nextIndex unchanged and retry.
2022-05-11 01:30:34,882 [EndpointStateMachine task thread for /0.0.0.0:46775 - 0 ] INFO  ipc.Client (Client.java:handleConnectionFailure(977)) - Retrying connect to server: 0.0.0.0/0.0.0.0:46775. Already tried 8 time(s); retry policy is RetryUpToMaximumCountWithFixedSleep(maxRetries=15, sleepTime=1000 MILLISECONDS)
2022-05-11 01:30:34,961 [Listener at 127.0.0.1/46389] INFO  reflections.Reflections (Reflections.java:scan(232)) - Reflections took 1087 ms to scan 19 urls, producing 61 keys and 3656 values [using 2 cores]
2022-05-11 01:30:34,962 [Listener at 127.0.0.1/46389] INFO  ipc.CallQueueManager (CallQueueManager.java:<init>(90)) - Using callQueue: class java.util.concurrent.LinkedBlockingQueue, queueCapacity: 2000, scheduler: class org.apache.hadoop.ipc.DefaultRpcScheduler, ipcBackoff: false.
2022-05-11 01:30:34,968 [Socket Reader #1 for port 35015] INFO  ipc.Server (Server.java:run(1265)) - Starting Socket Reader #1 for port 35015
2022-05-11 01:30:35,046 [Listener at 127.0.0.1/35015] INFO  impl.MetricsSystemImpl (MetricsSystemImpl.java:init(158)) - OzoneManager metrics system started (again)
2022-05-11 01:30:35,077 [Listener at 127.0.0.1/35015] INFO  om.OzoneManager (OzoneManager.java:start(1395)) - OzoneManager RPC server is listening at localhost/127.0.0.1:35015
2022-05-11 01:30:35,078 [Listener at 127.0.0.1/35015] INFO  ratis.OzoneManagerRatisServer (OzoneManagerRatisServer.java:start(554)) - Starting OzoneManagerRatisServer omNode-3 at port 45267
2022-05-11 01:30:35,078 [Listener at 127.0.0.1/35015] INFO  server.RaftServer$Division (RaftServerImpl.java:start(301)) - omNode-3@group-523986131536: start as a follower, conf=-1: [omNode-3|rpc:localhost:45267|priority:0, omNode-1|rpc:localhost:41337|priority:0, omNode-2|rpc:localhost:37911|priority:0], old=null
2022-05-11 01:30:35,078 [Listener at 127.0.0.1/35015] INFO  server.RaftServer$Division (RaftServerImpl.java:setRole(290)) - omNode-3@group-523986131536: changes role from      null to FOLLOWER at term 0 for startAsFollower
2022-05-11 01:30:35,078 [Listener at 127.0.0.1/35015] INFO  impl.RoleInfo (RoleInfo.java:updateAndGet(130)) - omNode-3: start omNode-3@group-523986131536-FollowerState
2022-05-11 01:30:35,103 [Listener at 127.0.0.1/35015] ERROR util.JmxRegister (JmxRegister.java:tryRegister(40)) - Failed to register JMX Bean with name Ratis:service=RaftServer,group=group-523986131536,id=omNode-3
javax.management.InstanceAlreadyExistsException: Ratis:service=RaftServer,group=group-523986131536,id=omNode-3
	at com.sun.jmx.mbeanserver.Repository.addMBean(Repository.java:437)
	at com.sun.jmx.interceptor.DefaultMBeanServerInterceptor.registerWithRepository(DefaultMBeanServerInterceptor.java:1898)
	at com.sun.jmx.interceptor.DefaultMBeanServerInterceptor.registerDynamicMBean(DefaultMBeanServerInterceptor.java:966)
	at com.sun.jmx.interceptor.DefaultMBeanServerInterceptor.registerObject(DefaultMBeanServerInterceptor.java:900)
	at com.sun.jmx.interceptor.DefaultMBeanServerInterceptor.registerMBean(DefaultMBeanServerInterceptor.java:324)
	at com.sun.jmx.mbeanserver.JmxMBeanServer.registerMBean(JmxMBeanServer.java:522)
	at org.apache.ratis.util.JmxRegister.tryRegister(JmxRegister.java:38)
	at org.apache.ratis.util.JmxRegister.register(JmxRegister.java:56)
	at org.apache.ratis.server.impl.RaftServerImpl.registerMBean(RaftServerImpl.java:317)
	at org.apache.ratis.server.impl.RaftServerImpl.start(RaftServerImpl.java:308)
	at java.util.stream.ForEachOps$ForEachOp$OfRef.accept(ForEachOps.java:183)
	at java.util.ArrayList$ArrayListSpliterator.forEachRemaining(ArrayList.java:1384)
	at java.util.stream.AbstractPipeline.copyInto(AbstractPipeline.java:482)
	at java.util.stream.ForEachOps$ForEachTask.compute(ForEachOps.java:290)
	at java.util.concurrent.CountedCompleter.exec(CountedCompleter.java:731)
	at java.util.concurrent.ForkJoinTask.doExec(ForkJoinTask.java:289)
	at java.util.concurrent.ForkJoinTask.doInvoke(ForkJoinTask.java:401)
	at java.util.concurrent.ForkJoinTask.invoke(ForkJoinTask.java:734)
	at java.util.stream.ForEachOps$ForEachOp.evaluateParallel(ForEachOps.java:159)
	at java.util.stream.ForEachOps$ForEachOp$OfRef.evaluateParallel(ForEachOps.java:173)
	at java.util.stream.AbstractPipeline.evaluate(AbstractPipeline.java:233)
	at java.util.stream.ReferencePipeline.forEach(ReferencePipeline.java:485)
	at java.util.stream.ReferencePipeline$Head.forEach(ReferencePipeline.java:650)
	at org.apache.ratis.server.impl.RaftServerProxy.start(RaftServerProxy.java:371)
	at org.apache.hadoop.ozone.om.ratis.OzoneManagerRatisServer.start(OzoneManagerRatisServer.java:556)
	at org.apache.hadoop.ozone.om.OzoneManager.start(OzoneManager.java:1402)
	at org.apache.hadoop.ozone.MiniOzoneHAClusterImpl$Builder.createOMService(MiniOzoneHAClusterImpl.java:520)
	at org.apache.hadoop.ozone.MiniOzoneHAClusterImpl$Builder.build(MiniOzoneHAClusterImpl.java:422)
	at org.apache.hadoop.ozone.om.TestOzoneManagerHA.init(TestOzoneManagerHA.java:174)
	at org.apache.hadoop.ozone.om.TestOzoneManagerHAWithData.testOMRestart(TestOzoneManagerHAWithData.java:405)
	at sun.reflect.NativeMethodAccessorImpl.invoke0(Native Method)
	at sun.reflect.NativeMethodAccessorImpl.invoke(NativeMethodAccessorImpl.java:62)
	at sun.reflect.DelegatingMethodAccessorImpl.invoke(DelegatingMethodAccessorImpl.java:43)
	at java.lang.reflect.Method.invoke(Method.java:498)
	at org.junit.platform.commons.util.ReflectionUtils.invokeMethod(ReflectionUtils.java:688)
	at org.junit.jupiter.engine.execution.MethodInvocation.proceed(MethodInvocation.java:60)
	at org.junit.jupiter.engine.execution.InvocationInterceptorChain$ValidatingInvocation.proceed(InvocationInterceptorChain.java:131)
	at org.junit.jupiter.engine.extension.TimeoutInvocation.proceed(TimeoutInvocation.java:46)
	at org.junit.jupiter.engine.extension.TimeoutExtension.intercept(TimeoutExtension.java:149)
	at org.junit.jupiter.engine.extension.TimeoutExtension.interceptTestableMethod(TimeoutExtension.java:140)
	at org.junit.jupiter.engine.extension.TimeoutExtension.interceptTestMethod(TimeoutExtension.java:84)
	at org.junit.jupiter.engine.execution.ExecutableInvoker$ReflectiveInterceptorCall.lambda$ofVoidMethod$0(ExecutableInvoker.java:115)
	at org.junit.jupiter.engine.execution.ExecutableInvoker.lambda$invoke$0(ExecutableInvoker.java:105)
	at org.junit.jupiter.engine.execution.InvocationInterceptorChain$InterceptedInvocation.proceed(InvocationInterceptorChain.java:106)
	at org.junit.jupiter.engine.execution.InvocationInterceptorChain.proceed(InvocationInterceptorChain.java:64)
	at org.junit.jupiter.engine.execution.InvocationInterceptorChain.chainAndInvoke(InvocationInterceptorChain.java:45)
	at org.junit.jupiter.engine.execution.InvocationInterceptorChain.invoke(InvocationInterceptorChain.java:37)
	at org.junit.jupiter.engine.execution.ExecutableInvoker.invoke(ExecutableInvoker.java:104)
	at org.junit.jupiter.engine.execution.ExecutableInvoker.invoke(ExecutableInvoker.java:98)
	at org.junit.jupiter.engine.descriptor.TestMethodTestDescriptor.lambda$invokeTestMethod$6(TestMethodTestDescriptor.java:210)
	at org.junit.platform.engine.support.hierarchical.ThrowableCollector.execute(ThrowableCollector.java:73)
	at org.junit.jupiter.engine.descriptor.TestMethodTestDescriptor.invokeTestMethod(TestMethodTestDescriptor.java:206)
	at org.junit.jupiter.engine.descriptor.TestMethodTestDescriptor.execute(TestMethodTestDescriptor.java:131)
	at org.junit.jupiter.engine.descriptor.TestMethodTestDescriptor.execute(TestMethodTestDescriptor.java:65)
	at org.junit.platform.engine.support.hierarchical.NodeTestTask.lambda$executeRecursively$5(NodeTestTask.java:139)
	at org.junit.platform.engine.support.hierarchical.ThrowableCollector.execute(ThrowableCollector.java:73)
	at org.junit.platform.engine.support.hierarchical.NodeTestTask.lambda$executeRecursively$7(NodeTestTask.java:129)
	at org.junit.platform.engine.support.hierarchical.Node.around(Node.java:137)
	at org.junit.platform.engine.support.hierarchical.NodeTestTask.lambda$executeRecursively$8(NodeTestTask.java:127)
	at org.junit.platform.engine.support.hierarchical.ThrowableCollector.execute(ThrowableCollector.java:73)
	at org.junit.platform.engine.support.hierarchical.NodeTestTask.executeRecursively(NodeTestTask.java:126)
	at org.junit.platform.engine.support.hierarchical.NodeTestTask.execute(NodeTestTask.java:84)
	at java.util.ArrayList.forEach(ArrayList.java:1259)
	at org.junit.platform.engine.support.hierarchical.SameThreadHierarchicalTestExecutorService.invokeAll(SameThreadHierarchicalTestExecutorService.java:38)
	at org.junit.platform.engine.support.hierarchical.NodeTestTask.lambda$executeRecursively$5(NodeTestTask.java:143)
	at org.junit.platform.engine.support.hierarchical.ThrowableCollector.execute(ThrowableCollector.java:73)
	at org.junit.platform.engine.support.hierarchical.NodeTestTask.lambda$executeRecursively$7(NodeTestTask.java:129)
	at org.junit.platform.engine.support.hierarchical.Node.around(Node.java:137)
	at org.junit.platform.engine.support.hierarchical.NodeTestTask.lambda$executeRecursively$8(NodeTestTask.java:127)
	at org.junit.platform.engine.support.hierarchical.ThrowableCollector.execute(ThrowableCollector.java:73)
	at org.junit.platform.engine.support.hierarchical.NodeTestTask.executeRecursively(NodeTestTask.java:126)
	at org.junit.platform.engine.support.hierarchical.NodeTestTask.execute(NodeTestTask.java:84)
	at java.util.ArrayList.forEach(ArrayList.java:1259)
	at org.junit.platform.engine.support.hierarchical.SameThreadHierarchicalTestExecutorService.invokeAll(SameThreadHierarchicalTestExecutorService.java:38)
	at org.junit.platform.engine.support.hierarchical.NodeTestTask.lambda$executeRecursively$5(NodeTestTask.java:143)
	at org.junit.platform.engine.support.hierarchical.ThrowableCollector.execute(ThrowableCollector.java:73)
	at org.junit.platform.engine.support.hierarchical.NodeTestTask.lambda$executeRecursively$7(NodeTestTask.java:129)
	at org.junit.platform.engine.support.hierarchical.Node.around(Node.java:137)
	at org.junit.platform.engine.support.hierarchical.NodeTestTask.lambda$executeRecursively$8(NodeTestTask.java:127)
	at org.junit.platform.engine.support.hierarchical.ThrowableCollector.execute(ThrowableCollector.java:73)
	at org.junit.platform.engine.support.hierarchical.NodeTestTask.executeRecursively(NodeTestTask.java:126)
	at org.junit.platform.engine.support.hierarchical.NodeTestTask.execute(NodeTestTask.java:84)
	at org.junit.platform.engine.support.hierarchical.SameThreadHierarchicalTestExecutorService.submit(SameThreadHierarchicalTestExecutorService.java:32)
	at org.junit.platform.engine.support.hierarchical.HierarchicalTestExecutor.execute(HierarchicalTestExecutor.java:57)
	at org.junit.platform.engine.support.hierarchical.HierarchicalTestEngine.execute(HierarchicalTestEngine.java:51)
	at org.junit.platform.launcher.core.EngineExecutionOrchestrator.execute(EngineExecutionOrchestrator.java:108)
	at org.junit.platform.launcher.core.EngineExecutionOrchestrator.execute(EngineExecutionOrchestrator.java:88)
	at org.junit.platform.launcher.core.EngineExecutionOrchestrator.lambda$execute$0(EngineExecutionOrchestrator.java:54)
	at org.junit.platform.launcher.core.EngineExecutionOrchestrator.withInterceptedStreams(EngineExecutionOrchestrator.java:67)
	at org.junit.platform.launcher.core.EngineExecutionOrchestrator.execute(EngineExecutionOrchestrator.java:52)
	at org.junit.platform.launcher.core.DefaultLauncher.execute(DefaultLauncher.java:96)
	at org.junit.platform.launcher.core.DefaultLauncher.execute(DefaultLauncher.java:75)
	at org.apache.maven.surefire.junitplatform.JUnitPlatformProvider.execute(JUnitPlatformProvider.java:188)
	at org.apache.maven.surefire.junitplatform.JUnitPlatformProvider.invokeAllTests(JUnitPlatformProvider.java:154)
	at org.apache.maven.surefire.junitplatform.JUnitPlatformProvider.invoke(JUnitPlatformProvider.java:124)
	at org.apache.maven.surefire.booter.ForkedBooter.runSuitesInProcess(ForkedBooter.java:428)
	at org.apache.maven.surefire.booter.ForkedBooter.execute(ForkedBooter.java:162)
	at org.apache.maven.surefire.booter.ForkedBooter.run(ForkedBooter.java:562)
	at org.apache.maven.surefire.booter.ForkedBooter.main(ForkedBooter.java:548)
2022-05-11 01:30:35,104 [Listener at 127.0.0.1/35015] INFO  util.JmxRegister (JmxRegister.java:tryRegister(44)) - Successfully registered JMX Bean with object name Ratis:service=RaftServer,group=group-523986131536,id="omNode-3"
2022-05-11 01:30:35,119 [Listener at 127.0.0.1/35015] INFO  server.RaftServer (RaftServerProxy.java:lambda$start$5(374)) - omNode-3: start RPC server
2022-05-11 01:30:35,119 [Listener at 127.0.0.1/35015] INFO  server.GrpcService (GrpcService.java:startImpl(253)) - omNode-3: GrpcService started, listening on 45267
2022-05-11 01:30:35,126 [Listener at 127.0.0.1/35015] INFO  om.OzoneManager (OzoneManager.java:start(1411)) - Version File has different layout version (1) than OM DB (null). That is expected if this OM has never been finalized to a newer layout version.
2022-05-11 01:30:35,127 [org.apache.ratis.util.JvmPauseMonitor$$Lambda$637/1274334510@7fb7b0de] INFO  util.JvmPauseMonitor (JvmPauseMonitor.java:run(103)) - JvmPauseMonitor-omNode-3: Started
2022-05-11 01:30:35,169 [Listener at 127.0.0.1/35015] INFO  http.BaseHttpServer (BaseHttpServer.java:newHttpServer2BuilderForOzone(209)) - Starting Web-server for ozoneManager at: http://0.0.0.0:44835
2022-05-11 01:30:35,169 [Listener at 127.0.0.1/35015] INFO  http.BaseHttpServer (BaseHttpServer.java:<init>(107)) - Hadoop Security Enabled: false Ozone Security Enabled: false Ozone HTTP Security Enabled: false 
2022-05-11 01:30:35,171 [Listener at 127.0.0.1/35015] INFO  server.AuthenticationFilter (AuthenticationFilter.java:constructSecretProvider(240)) - Unable to initialize FileSignerSecretProvider, falling back to use random secrets.
2022-05-11 01:30:35,183 [Listener at 127.0.0.1/35015] WARN  http.HttpRequestLog (HttpRequestLog.java:getRequestLog(103)) - Jetty request log can only be enabled using Log4j
2022-05-11 01:30:35,184 [Listener at 127.0.0.1/35015] INFO  http.HttpServer2 (HttpServer2.java:addGlobalFilter(1030)) - Added global filter 'safety' (class=org.apache.hadoop.hdds.server.http.HttpServer2$QuotingInputFilter)
2022-05-11 01:30:35,185 [Listener at 127.0.0.1/35015] INFO  http.HttpServer2 (HttpServer2.java:addFilter(1006)) - Added filter static_user_filter (class=org.apache.hadoop.http.lib.StaticUserWebFilter$StaticUserFilter) to context ozoneManager
2022-05-11 01:30:35,185 [Listener at 127.0.0.1/35015] INFO  http.HttpServer2 (HttpServer2.java:addFilter(1014)) - Added filter static_user_filter (class=org.apache.hadoop.http.lib.StaticUserWebFilter$StaticUserFilter) to context static
2022-05-11 01:30:35,185 [Listener at 127.0.0.1/35015] INFO  http.HttpServer2 (HttpServer2.java:addFilter(1014)) - Added filter static_user_filter (class=org.apache.hadoop.http.lib.StaticUserWebFilter$StaticUserFilter) to context logs
2022-05-11 01:30:35,186 [Listener at 127.0.0.1/35015] INFO  http.HttpServer2 (HttpServer2.java:bindListener(1249)) - Jetty bound to port 44835
2022-05-11 01:30:35,186 [Listener at 127.0.0.1/35015] INFO  server.Server (Server.java:doStart(375)) - jetty-9.4.43.v20210629; built: 2021-06-30T11:07:22.254Z; git: 526006ecfa3af7f1a27ef3a288e2bef7ea9dd7e8; jvm 1.8.0_322-b06
2022-05-11 01:30:35,224 [Listener at 127.0.0.1/35015] INFO  server.session (DefaultSessionIdManager.java:doStart(334)) - DefaultSessionIdManager workerName=node0
2022-05-11 01:30:35,224 [Listener at 127.0.0.1/35015] INFO  server.session (DefaultSessionIdManager.java:doStart(339)) - No SessionScavenger set, using defaults
2022-05-11 01:30:35,225 [Listener at 127.0.0.1/35015] INFO  server.session (HouseKeeper.java:startScavenging(132)) - node0 Scavenging every 600000ms
2022-05-11 01:30:35,239 [Listener at 127.0.0.1/35015] INFO  handler.ContextHandler (ContextHandler.java:doStart(915)) - Started o.e.j.s.ServletContextHandler@5ba96df2{logs,/logs,file:///home/runner/work/ozone/ozone/hadoop-ozone/integration-test/target/log,AVAILABLE}
2022-05-11 01:30:35,240 [Listener at 127.0.0.1/35015] INFO  handler.ContextHandler (ContextHandler.java:doStart(915)) - Started o.e.j.s.ServletContextHandler@67264fde{static,/static,file:///home/runner/work/ozone/ozone/hadoop-ozone/integration-test/target/test-classes/webapps/static,AVAILABLE}
2022-05-11 01:30:35,244 [Listener at 127.0.0.1/35015] INFO  handler.ContextHandler (ContextHandler.java:doStart(915)) - Started o.e.j.w.WebAppContext@44aac8fd{ozoneManager,/,file:///home/runner/work/ozone/ozone/hadoop-ozone/integration-test/target/test-classes/webapps/ozoneManager/,AVAILABLE}{file:/home/runner/work/ozone/ozone/hadoop-ozone/integration-test/target/test-classes/webapps/ozoneManager}
2022-05-11 01:30:35,246 [Listener at 127.0.0.1/35015] INFO  server.AbstractConnector (AbstractConnector.java:doStart(331)) - Started ServerConnector@1a71d8ce{HTTP/1.1, (http/1.1)}{0.0.0.0:44835}
2022-05-11 01:30:35,246 [Listener at 127.0.0.1/35015] INFO  server.Server (Server.java:doStart(415)) - Started @100410ms
2022-05-11 01:30:35,246 [Listener at 127.0.0.1/35015] WARN  impl.MetricsSystemImpl (MetricsSystemImpl.java:register(279)) - Sink prometheus already exists!
2022-05-11 01:30:35,251 [Listener at 127.0.0.1/35015] INFO  http.BaseHttpServer (BaseHttpServer.java:updateConnectorAddress(329)) - HTTP server of ozoneManager listening at http://0.0.0.0:44835
2022-05-11 01:30:35,259 [IPC Server Responder] INFO  ipc.Server (Server.java:run(1507)) - IPC Server Responder: starting
2022-05-11 01:30:35,279 [IPC Server listener on 35015] INFO  ipc.Server (Server.java:run(1344)) - IPC Server listener on 35015: starting
2022-05-11 01:30:35,327 [grpc-default-executor-3] WARN  server.GrpcLogAppender (LogUtils.java:warn(122)) - omNode-1@group-523986131536->omNode-3-AppendLogResponseHandler: Failed appendEntries: org.apache.ratis.thirdparty.io.grpc.StatusRuntimeException: UNAVAILABLE: io exception
2022-05-11 01:30:35,327 [grpc-default-executor-3] WARN  server.GrpcLogAppender (GrpcLogAppender.java:resetClient(110)) - omNode-1@group-523986131536->omNode-3-GrpcLogAppender: Leader has not got in touch with Follower omNode-1@group-523986131536->omNode-3(c-1,m0,n1, attendVote=true, lastRpcSendTime=504, lastRpcResponseTime=2813) yet, just keep nextIndex unchanged and retry.
2022-05-11 01:30:35,439 [Listener at 127.0.0.1/35015] INFO  om.OzoneManager (OzoneManager.java:startTrashEmptier(1835)) - Trash Interval set to 0. Files deleted won't move to trash
2022-05-11 01:30:35,451 [Listener at 127.0.0.1/35015] INFO  ozone.MiniOzoneHAClusterImpl (MiniOzoneHAClusterImpl.java:createOMService(522)) - Started OzoneManager omNode-3 RPC server at localhost/127.0.0.1:35015
2022-05-11 01:30:35,503 [org.apache.hadoop.util.JvmPauseMonitor$Monitor@50a2431f] INFO  util.JvmPauseMonitor (JvmPauseMonitor.java:run(188)) - Starting JVM pause monitor
2022-05-11 01:30:35,505 [Listener at 127.0.0.1/35015] WARN  impl.MetricRegistriesImpl (MetricRegistriesImpl.java:addReporterRegistration(111)) - New reporters are added after registries were created. Some metrics will be missing from the reporter. Please add reporter before adding any new registry.
2022-05-11 01:30:35,506 [Listener at 127.0.0.1/35015] WARN  impl.MetricRegistriesImpl (MetricRegistriesImpl.java:addReporterRegistration(111)) - New reporters are added after registries were created. Some metrics will be missing from the reporter. Please add reporter before adding any new registry.
2022-05-11 01:30:35,506 [Listener at 127.0.0.1/35015] INFO  impl.MetricsSystemImpl (MetricsSystemImpl.java:init(158)) - HddsDatanode metrics system started (again)
2022-05-11 01:30:35,561 [Listener at 127.0.0.1/35015] INFO  ozone.HddsDatanodeService (HddsDatanodeService.java:start(233)) - HddsDatanodeService host:fv-az291-847.wgnan5asplgejimfprtllbpdch.jx.internal.cloudapp.net ip:10.1.0.42
2022-05-11 01:30:35,624 [Listener at 127.0.0.1/35015] INFO  upgrade.AbstractLayoutVersionManager (AbstractLayoutVersionManager.java:init(79)) - Initializing Layout version manager with metadata layout = ERASURE_CODED_STORAGE_SUPPORT (version = 3), software layout = ERASURE_CODED_STORAGE_SUPPORT (version = 3)
2022-05-11 01:30:35,743 [Listener at 127.0.0.1/35015] INFO  reflections.Reflections (Reflections.java:scan(232)) - Reflections took 115 ms to scan 7 urls, producing 126 keys and 289 values 
2022-05-11 01:30:35,746 [Listener at 127.0.0.1/35015] INFO  statemachine.DatanodeStateMachine (DatanodeStateMachine.java:getEndPointTaskThreadPoolSize(224)) - Datanode State Machine Task Thread Pool size 2
2022-05-11 01:30:35,763 [Listener at 127.0.0.1/35015] INFO  volume.HddsVolume (HddsVolume.java:<init>(120)) - Creating HddsVolume: /home/runner/work/ozone/ozone/hadoop-ozone/integration-test/target/test-dir/MiniOzoneClusterImpl-37128324-e3dc-46f8-950a-3a99f891b880/datanode-0/data-0/containers/hdds of storage type : DISK capacity : 9223372036854775807
2022-05-11 01:30:35,764 [Listener at 127.0.0.1/35015] INFO  volume.MutableVolumeSet (MutableVolumeSet.java:initializeVolumeSet(168)) - Added Volume : /home/runner/work/ozone/ozone/hadoop-ozone/integration-test/target/test-dir/MiniOzoneClusterImpl-37128324-e3dc-46f8-950a-3a99f891b880/datanode-0/data-0/containers/hdds to VolumeSet
2022-05-11 01:30:35,764 [Listener at 127.0.0.1/35015] INFO  volume.ThrottledAsyncChecker (ThrottledAsyncChecker.java:schedule(141)) - Scheduling a check for /home/runner/work/ozone/ozone/hadoop-ozone/integration-test/target/test-dir/MiniOzoneClusterImpl-37128324-e3dc-46f8-950a-3a99f891b880/datanode-0/data-0/containers/hdds
2022-05-11 01:30:35,781 [Listener at 127.0.0.1/35015] INFO  volume.StorageVolumeChecker (StorageVolumeChecker.java:checkAllVolumes(202)) - Scheduled health check for volume /home/runner/work/ozone/ozone/hadoop-ozone/integration-test/target/test-dir/MiniOzoneClusterImpl-37128324-e3dc-46f8-950a-3a99f891b880/datanode-0/data-0/containers/hdds
2022-05-11 01:30:35,807 [Listener at 127.0.0.1/35015] INFO  volume.MutableVolumeSet (MutableVolumeSet.java:initializeVolumeSet(168)) - Added Volume : /home/runner/work/ozone/ozone/hadoop-ozone/integration-test/target/test-dir/MiniOzoneClusterImpl-37128324-e3dc-46f8-950a-3a99f891b880/datanode-0/data/ratis to VolumeSet
2022-05-11 01:30:35,808 [Listener at 127.0.0.1/35015] INFO  volume.ThrottledAsyncChecker (ThrottledAsyncChecker.java:schedule(141)) - Scheduling a check for /home/runner/work/ozone/ozone/hadoop-ozone/integration-test/target/test-dir/MiniOzoneClusterImpl-37128324-e3dc-46f8-950a-3a99f891b880/datanode-0/data/ratis
2022-05-11 01:30:35,808 [Listener at 127.0.0.1/35015] INFO  volume.StorageVolumeChecker (StorageVolumeChecker.java:checkAllVolumes(202)) - Scheduled health check for volume /home/runner/work/ozone/ozone/hadoop-ozone/integration-test/target/test-dir/MiniOzoneClusterImpl-37128324-e3dc-46f8-950a-3a99f891b880/datanode-0/data/ratis
2022-05-11 01:30:35,846 [grpc-default-executor-1] INFO  server.RaftServer$Division (ServerState.java:setLeader(285)) - omNode-3@group-523986131536: change Leader from null to omNode-1 at term 2 for appendEntries, leader elected after 1942ms
2022-05-11 01:30:35,846 [grpc-default-executor-1] INFO  server.RaftServer$Division (RaftServerImpl.java:checkInconsistentAppendEntries(1322)) - omNode-3@group-523986131536: Failed appendEntries as previous log entry ((t:2, i:0)) is not found
2022-05-11 01:30:35,846 [grpc-default-executor-1] INFO  server.RaftServer$Division (RaftServerImpl.java:checkInconsistentAppendEntries(1288)) - omNode-3@group-523986131536: inconsistency entries. Reply:omNode-1<-omNode-3#205567:FAIL-t0,INCONSISTENCY,nextIndex=0,followerCommit=-1
2022-05-11 01:30:35,847 [grpc-default-executor-1] INFO  leader.FollowerInfo (FollowerInfoImpl.java:lambda$new$0(47)) - omNode-1@group-523986131536->omNode-3: nextIndex: updateUnconditionally 1 -> 0
2022-05-11 01:30:35,857 [grpc-default-executor-1] INFO  server.RaftServer$Division (ServerState.java:setRaftConf(387)) - omNode-3@group-523986131536: set configuration 0: [omNode-3|rpc:localhost:45267|admin:|client:|dataStream:|priority:0, omNode-1|rpc:localhost:41337|admin:|client:|dataStream:|priority:0, omNode-2|rpc:localhost:37911|admin:|client:|dataStream:|priority:0], old=null
2022-05-11 01:30:35,857 [grpc-default-executor-1] INFO  segmented.SegmentedRaftLogWorker (SegmentedRaftLogWorker.java:startLogSegment(394)) - omNode-3@group-523986131536-SegmentedRaftLogWorker: Starting segment from index:0
2022-05-11 01:30:35,866 [Thread-1480] INFO  ozoneimpl.ContainerReader (ContainerReader.java:readVolume(172)) - Finish verifying containers on volume /home/runner/work/ozone/ozone/hadoop-ozone/integration-test/target/test-dir/MiniOzoneClusterImpl-37128324-e3dc-46f8-950a-3a99f891b880/datanode-0/data-0/containers/hdds
2022-05-11 01:30:35,867 [Listener at 127.0.0.1/35015] INFO  ozoneimpl.OzoneContainer (OzoneContainer.java:buildContainerSet(257)) - Build ContainerSet costs 0s
2022-05-11 01:30:35,869 [Listener at 127.0.0.1/35015] INFO  server.RaftServer (ConfUtils.java:logGet(44)) - raft.rpc.type = GRPC (default)
2022-05-11 01:30:35,870 [Listener at 127.0.0.1/35015] INFO  grpc.GrpcFactory (GrpcFactory.java:checkPooledByteBufAllocatorUseCacheForAllThreads(48)) - PERFORMANCE WARNING: useCacheForAllThreads is true that may cause Netty to create a lot garbage objects and, as a result, trigger GC.
	It is recommended to disable useCacheForAllThreads by setting -Dorg.apache.ratis.thirdparty.io.netty.allocator.useCacheForAllThreads=false in command line.
2022-05-11 01:30:35,870 [Listener at 127.0.0.1/35015] INFO  grpc.GrpcConfigKeys (ConfUtils.java:logGet(44)) - raft.grpc.admin.port = 0 (custom)
2022-05-11 01:30:35,870 [Listener at 127.0.0.1/35015] INFO  grpc.GrpcConfigKeys (ConfUtils.java:logGet(44)) - raft.grpc.client.port = 0 (custom)
2022-05-11 01:30:35,870 [Listener at 127.0.0.1/35015] INFO  grpc.GrpcConfigKeys (ConfUtils.java:logGet(44)) - raft.grpc.server.port = 0 (default)
2022-05-11 01:30:35,871 [Listener at 127.0.0.1/35015] INFO  server.GrpcService (ConfUtils.java:logGet(44)) - raft.grpc.message.size.max = 32MB (=33554432) (custom)
2022-05-11 01:30:35,871 [Listener at 127.0.0.1/35015] INFO  server.RaftServerConfigKeys (ConfUtils.java:logGet(44)) - raft.server.log.appender.buffer.byte-limit = 33554432 (custom)
2022-05-11 01:30:35,871 [Listener at 127.0.0.1/35015] INFO  server.GrpcService (ConfUtils.java:logGet(44)) - raft.grpc.flow.control.window = 5MB (=5242880) (custom)
2022-05-11 01:30:35,871 [Listener at 127.0.0.1/35015] INFO  server.RaftServerConfigKeys (ConfUtils.java:logGet(44)) - raft.server.rpc.request.timeout = 60s (custom)
2022-05-11 01:30:35,873 [Listener at 127.0.0.1/35015] INFO  impl.DataStreamServerImpl (ConfUtils.java:logGet(44)) - raft.datastream.type = DISABLED (default)
2022-05-11 01:30:35,873 [Listener at 127.0.0.1/35015] INFO  server.RaftServerConfigKeys (ConfUtils.java:logGet(44)) - raft.server.rpc.slowness.timeout = 300s (custom)
2022-05-11 01:30:35,873 [Listener at 127.0.0.1/35015] INFO  server.RaftServerConfigKeys (ConfUtils.java:logGet(44)) - raft.server.leaderelection.leader.step-down.wait-time = 10s (default)
2022-05-11 01:30:35,873 [Listener at 127.0.0.1/35015] INFO  server.RaftServerConfigKeys (ConfUtils.java:logGet(44)) - raft.server.storage.dir = [/home/runner/work/ozone/ozone/hadoop-ozone/integration-test/target/test-dir/MiniOzoneClusterImpl-37128324-e3dc-46f8-950a-3a99f891b880/datanode-0/data/ratis] (custom)
2022-05-11 01:30:35,875 [omNode-3@group-523986131536-SegmentedRaftLogWorker] INFO  segmented.SegmentedRaftLogWorker (SegmentedRaftLogWorker.java:execute(601)) - omNode-3@group-523986131536-SegmentedRaftLogWorker: created new log segment /home/runner/work/ozone/ozone/hadoop-ozone/integration-test/target/test-dir/MiniOzoneClusterImpl-37128324-e3dc-46f8-950a-3a99f891b880/omNode-3/ratis/c9bc4cf4-3bc3-3c60-a66b-523986131536/current/log_inprogress_0
2022-05-11 01:30:35,880 [Listener at 127.0.0.1/35015] INFO  server.XceiverServerGrpc (XceiverServerGrpc.java:<init>(132)) - GrpcServer channel type EpollServerSocketChannel
2022-05-11 01:30:35,883 [EndpointStateMachine task thread for /0.0.0.0:46775 - 0 ] INFO  ipc.Client (Client.java:handleConnectionFailure(977)) - Retrying connect to server: 0.0.0.0/0.0.0.0:46775. Already tried 9 time(s); retry policy is RetryUpToMaximumCountWithFixedSleep(maxRetries=15, sleepTime=1000 MILLISECONDS)
2022-05-11 01:30:35,886 [Listener at 127.0.0.1/35015] INFO  http.BaseHttpServer (BaseHttpServer.java:newHttpServer2BuilderForOzone(209)) - Starting Web-server for hddsDatanode at: http://0.0.0.0:0
2022-05-11 01:30:35,886 [Listener at 127.0.0.1/35015] INFO  http.BaseHttpServer (BaseHttpServer.java:<init>(107)) - Hadoop Security Enabled: false Ozone Security Enabled: false Ozone HTTP Security Enabled: false 
2022-05-11 01:30:35,888 [Listener at 127.0.0.1/35015] INFO  server.AuthenticationFilter (AuthenticationFilter.java:constructSecretProvider(240)) - Unable to initialize FileSignerSecretProvider, falling back to use random secrets.
2022-05-11 01:30:35,888 [Listener at 127.0.0.1/35015] WARN  http.HttpRequestLog (HttpRequestLog.java:getRequestLog(103)) - Jetty request log can only be enabled using Log4j
2022-05-11 01:30:35,889 [Listener at 127.0.0.1/35015] INFO  http.HttpServer2 (HttpServer2.java:addGlobalFilter(1030)) - Added global filter 'safety' (class=org.apache.hadoop.hdds.server.http.HttpServer2$QuotingInputFilter)
2022-05-11 01:30:35,899 [omNode-3@group-523986131536-StateMachineUpdater] INFO  ratis.OzoneManagerStateMachine (OzoneManagerStateMachine.java:notifyConfigurationChanged(191)) - Received Configuration change notification from Ratis. New Peer list:
[id: "omNode-3"
address: "localhost:45267"
, id: "omNode-1"
address: "localhost:41337"
, id: "omNode-2"
address: "localhost:37911"
]
2022-05-11 01:30:35,902 [Listener at 127.0.0.1/35015] INFO  http.HttpServer2 (HttpServer2.java:addFilter(1006)) - Added filter static_user_filter (class=org.apache.hadoop.http.lib.StaticUserWebFilter$StaticUserFilter) to context hddsDatanode
2022-05-11 01:30:35,902 [Listener at 127.0.0.1/35015] INFO  http.HttpServer2 (HttpServer2.java:addFilter(1014)) - Added filter static_user_filter (class=org.apache.hadoop.http.lib.StaticUserWebFilter$StaticUserFilter) to context logs
2022-05-11 01:30:35,902 [Listener at 127.0.0.1/35015] INFO  http.HttpServer2 (HttpServer2.java:addFilter(1014)) - Added filter static_user_filter (class=org.apache.hadoop.http.lib.StaticUserWebFilter$StaticUserFilter) to context static
2022-05-11 01:30:35,903 [Listener at 127.0.0.1/35015] INFO  http.HttpServer2 (HttpServer2.java:bindListener(1249)) - Jetty bound to port 35709
2022-05-11 01:30:35,903 [Listener at 127.0.0.1/35015] INFO  server.Server (Server.java:doStart(375)) - jetty-9.4.43.v20210629; built: 2021-06-30T11:07:22.254Z; git: 526006ecfa3af7f1a27ef3a288e2bef7ea9dd7e8; jvm 1.8.0_322-b06
2022-05-11 01:30:35,964 [Listener at 127.0.0.1/35015] INFO  server.session (DefaultSessionIdManager.java:doStart(334)) - DefaultSessionIdManager workerName=node0
2022-05-11 01:30:35,965 [Listener at 127.0.0.1/35015] INFO  server.session (DefaultSessionIdManager.java:doStart(339)) - No SessionScavenger set, using defaults
2022-05-11 01:30:35,965 [Listener at 127.0.0.1/35015] INFO  server.session (HouseKeeper.java:startScavenging(132)) - node0 Scavenging every 600000ms
2022-05-11 01:30:35,966 [Listener at 127.0.0.1/35015] INFO  handler.ContextHandler (ContextHandler.java:doStart(915)) - Started o.e.j.s.ServletContextHandler@54d837cb{logs,/logs,file:///home/runner/work/ozone/ozone/hadoop-ozone/integration-test/target/log,AVAILABLE}
2022-05-11 01:30:35,966 [Listener at 127.0.0.1/35015] INFO  handler.ContextHandler (ContextHandler.java:doStart(915)) - Started o.e.j.s.ServletContextHandler@67837104{static,/static,jar:file:/home/runner/.m2/repository/org/apache/ozone/hdds-container-service/1.3.0-SNAPSHOT/hdds-container-service-1.3.0-SNAPSHOT.jar!/webapps/static,AVAILABLE}
2022-05-11 01:30:36,357 [Listener at 127.0.0.1/35015] INFO  handler.ContextHandler (ContextHandler.java:doStart(915)) - Started o.e.j.w.WebAppContext@2c5e6f74{hddsDatanode,/,file:///tmp/jetty-0_0_0_0-35709-hdds-container-service-1_3_0-SNAPSHOT_jar-_-any-5215449804928270671/webapp/,AVAILABLE}{jar:file:/home/runner/.m2/repository/org/apache/ozone/hdds-container-service/1.3.0-SNAPSHOT/hdds-container-service-1.3.0-SNAPSHOT.jar!/webapps/hddsDatanode}
2022-05-11 01:30:36,362 [Listener at 127.0.0.1/35015] INFO  server.AbstractConnector (AbstractConnector.java:doStart(331)) - Started ServerConnector@25ba93bf{HTTP/1.1, (http/1.1)}{0.0.0.0:35709}
2022-05-11 01:30:36,363 [Listener at 127.0.0.1/35015] INFO  server.Server (Server.java:doStart(415)) - Started @101527ms
2022-05-11 01:30:36,363 [Listener at 127.0.0.1/35015] WARN  impl.MetricsSystemImpl (MetricsSystemImpl.java:register(279)) - Sink prometheus already exists!
2022-05-11 01:30:36,365 [Listener at 127.0.0.1/35015] INFO  http.BaseHttpServer (BaseHttpServer.java:updateConnectorAddress(329)) - HTTP server of hddsDatanode listening at http://0.0.0.0:35709
2022-05-11 01:30:36,368 [Listener at 127.0.0.1/35015] WARN  impl.MetricRegistriesImpl (MetricRegistriesImpl.java:addReporterRegistration(111)) - New reporters are added after registries were created. Some metrics will be missing from the reporter. Please add reporter before adding any new registry.
2022-05-11 01:30:36,368 [Listener at 127.0.0.1/35015] WARN  impl.MetricRegistriesImpl (MetricRegistriesImpl.java:addReporterRegistration(111)) - New reporters are added after registries were created. Some metrics will be missing from the reporter. Please add reporter before adding any new registry.
2022-05-11 01:30:36,368 [Listener at 127.0.0.1/35015] INFO  impl.MetricsSystemImpl (MetricsSystemImpl.java:init(158)) - HddsDatanode metrics system started (again)
2022-05-11 01:30:36,370 [Datanode State Machine Daemon Thread] INFO  statemachine.DatanodeStateMachine (DatanodeStateMachine.java:lambda$startDaemon$0(472)) - Ozone container server started.
2022-05-11 01:30:36,382 [org.apache.hadoop.util.JvmPauseMonitor$Monitor@3e7c45b3] INFO  util.JvmPauseMonitor (JvmPauseMonitor.java:run(188)) - Starting JVM pause monitor
2022-05-11 01:30:36,386 [Listener at 127.0.0.1/35015] INFO  ozone.HddsDatanodeService (HddsDatanodeService.java:start(233)) - HddsDatanodeService host:fv-az291-847.wgnan5asplgejimfprtllbpdch.jx.internal.cloudapp.net ip:10.1.0.42
2022-05-11 01:30:36,409 [Datanode State Machine Task Thread - 0] INFO  datanode.InitDatanodeState (InitDatanodeState.java:persistContainerDatanodeDetails(138)) - DatanodeDetails is persisted to /home/runner/work/ozone/ozone/hadoop-ozone/integration-test/target/test-dir/MiniOzoneClusterImpl-37128324-e3dc-46f8-950a-3a99f891b880/datanode-0/meta/datanode.id
2022-05-11 01:30:36,435 [Listener at 127.0.0.1/35015] INFO  upgrade.AbstractLayoutVersionManager (AbstractLayoutVersionManager.java:init(79)) - Initializing Layout version manager with metadata layout = ERASURE_CODED_STORAGE_SUPPORT (version = 3), software layout = ERASURE_CODED_STORAGE_SUPPORT (version = 3)
2022-05-11 01:30:36,513 [Listener at 127.0.0.1/35015] INFO  reflections.Reflections (Reflections.java:scan(232)) - Reflections took 76 ms to scan 7 urls, producing 126 keys and 289 values 
2022-05-11 01:30:36,515 [Listener at 127.0.0.1/35015] INFO  statemachine.DatanodeStateMachine (DatanodeStateMachine.java:getEndPointTaskThreadPoolSize(224)) - Datanode State Machine Task Thread Pool size 2
2022-05-11 01:30:36,516 [Listener at 127.0.0.1/35015] INFO  volume.HddsVolume (HddsVolume.java:<init>(120)) - Creating HddsVolume: /home/runner/work/ozone/ozone/hadoop-ozone/integration-test/target/test-dir/MiniOzoneClusterImpl-37128324-e3dc-46f8-950a-3a99f891b880/datanode-1/data-0/containers/hdds of storage type : DISK capacity : 9223372036854775807
2022-05-11 01:30:36,517 [Listener at 127.0.0.1/35015] INFO  volume.MutableVolumeSet (MutableVolumeSet.java:initializeVolumeSet(168)) - Added Volume : /home/runner/work/ozone/ozone/hadoop-ozone/integration-test/target/test-dir/MiniOzoneClusterImpl-37128324-e3dc-46f8-950a-3a99f891b880/datanode-1/data-0/containers/hdds to VolumeSet
2022-05-11 01:30:36,517 [Listener at 127.0.0.1/35015] INFO  volume.ThrottledAsyncChecker (ThrottledAsyncChecker.java:schedule(141)) - Scheduling a check for /home/runner/work/ozone/ozone/hadoop-ozone/integration-test/target/test-dir/MiniOzoneClusterImpl-37128324-e3dc-46f8-950a-3a99f891b880/datanode-1/data-0/containers/hdds
2022-05-11 01:30:36,518 [Listener at 127.0.0.1/35015] INFO  volume.StorageVolumeChecker (StorageVolumeChecker.java:checkAllVolumes(202)) - Scheduled health check for volume /home/runner/work/ozone/ozone/hadoop-ozone/integration-test/target/test-dir/MiniOzoneClusterImpl-37128324-e3dc-46f8-950a-3a99f891b880/datanode-1/data-0/containers/hdds
2022-05-11 01:30:36,541 [Listener at 127.0.0.1/35015] INFO  volume.MutableVolumeSet (MutableVolumeSet.java:initializeVolumeSet(168)) - Added Volume : /home/runner/work/ozone/ozone/hadoop-ozone/integration-test/target/test-dir/MiniOzoneClusterImpl-37128324-e3dc-46f8-950a-3a99f891b880/datanode-1/data/ratis to VolumeSet
2022-05-11 01:30:36,541 [Listener at 127.0.0.1/35015] INFO  volume.ThrottledAsyncChecker (ThrottledAsyncChecker.java:schedule(141)) - Scheduling a check for /home/runner/work/ozone/ozone/hadoop-ozone/integration-test/target/test-dir/MiniOzoneClusterImpl-37128324-e3dc-46f8-950a-3a99f891b880/datanode-1/data/ratis
2022-05-11 01:30:36,542 [Listener at 127.0.0.1/35015] INFO  volume.StorageVolumeChecker (StorageVolumeChecker.java:checkAllVolumes(202)) - Scheduled health check for volume /home/runner/work/ozone/ozone/hadoop-ozone/integration-test/target/test-dir/MiniOzoneClusterImpl-37128324-e3dc-46f8-950a-3a99f891b880/datanode-1/data/ratis
2022-05-11 01:30:36,558 [Thread-1496] INFO  ozoneimpl.ContainerReader (ContainerReader.java:readVolume(172)) - Finish verifying containers on volume /home/runner/work/ozone/ozone/hadoop-ozone/integration-test/target/test-dir/MiniOzoneClusterImpl-37128324-e3dc-46f8-950a-3a99f891b880/datanode-1/data-0/containers/hdds
2022-05-11 01:30:36,558 [Listener at 127.0.0.1/35015] INFO  ozoneimpl.OzoneContainer (OzoneContainer.java:buildContainerSet(257)) - Build ContainerSet costs 0s
2022-05-11 01:30:36,560 [Listener at 127.0.0.1/35015] INFO  server.RaftServer (ConfUtils.java:logGet(44)) - raft.rpc.type = GRPC (default)
2022-05-11 01:30:36,561 [Listener at 127.0.0.1/35015] INFO  grpc.GrpcFactory (GrpcFactory.java:checkPooledByteBufAllocatorUseCacheForAllThreads(48)) - PERFORMANCE WARNING: useCacheForAllThreads is true that may cause Netty to create a lot garbage objects and, as a result, trigger GC.
	It is recommended to disable useCacheForAllThreads by setting -Dorg.apache.ratis.thirdparty.io.netty.allocator.useCacheForAllThreads=false in command line.
2022-05-11 01:30:36,563 [Listener at 127.0.0.1/35015] INFO  grpc.GrpcConfigKeys (ConfUtils.java:logGet(44)) - raft.grpc.admin.port = 0 (custom)
2022-05-11 01:30:36,563 [Listener at 127.0.0.1/35015] INFO  grpc.GrpcConfigKeys (ConfUtils.java:logGet(44)) - raft.grpc.client.port = 0 (custom)
2022-05-11 01:30:36,564 [Listener at 127.0.0.1/35015] INFO  grpc.GrpcConfigKeys (ConfUtils.java:logGet(44)) - raft.grpc.server.port = 0 (default)
2022-05-11 01:30:36,564 [Listener at 127.0.0.1/35015] INFO  server.GrpcService (ConfUtils.java:logGet(44)) - raft.grpc.message.size.max = 32MB (=33554432) (custom)
2022-05-11 01:30:36,564 [Listener at 127.0.0.1/35015] INFO  server.RaftServerConfigKeys (ConfUtils.java:logGet(44)) - raft.server.log.appender.buffer.byte-limit = 33554432 (custom)
2022-05-11 01:30:36,564 [Listener at 127.0.0.1/35015] INFO  server.GrpcService (ConfUtils.java:logGet(44)) - raft.grpc.flow.control.window = 5MB (=5242880) (custom)
2022-05-11 01:30:36,564 [Listener at 127.0.0.1/35015] INFO  server.RaftServerConfigKeys (ConfUtils.java:logGet(44)) - raft.server.rpc.request.timeout = 60s (custom)
2022-05-11 01:30:36,565 [Listener at 127.0.0.1/35015] INFO  impl.DataStreamServerImpl (ConfUtils.java:logGet(44)) - raft.datastream.type = DISABLED (default)
2022-05-11 01:30:36,566 [Listener at 127.0.0.1/35015] INFO  server.RaftServerConfigKeys (ConfUtils.java:logGet(44)) - raft.server.rpc.slowness.timeout = 300s (custom)
2022-05-11 01:30:36,566 [Listener at 127.0.0.1/35015] INFO  server.RaftServerConfigKeys (ConfUtils.java:logGet(44)) - raft.server.leaderelection.leader.step-down.wait-time = 10s (default)
2022-05-11 01:30:36,566 [Listener at 127.0.0.1/35015] INFO  server.RaftServerConfigKeys (ConfUtils.java:logGet(44)) - raft.server.storage.dir = [/home/runner/work/ozone/ozone/hadoop-ozone/integration-test/target/test-dir/MiniOzoneClusterImpl-37128324-e3dc-46f8-950a-3a99f891b880/datanode-1/data/ratis] (custom)
2022-05-11 01:30:36,568 [Listener at 127.0.0.1/35015] INFO  server.XceiverServerGrpc (XceiverServerGrpc.java:<init>(132)) - GrpcServer channel type EpollServerSocketChannel
2022-05-11 01:30:36,575 [Listener at 127.0.0.1/35015] INFO  http.BaseHttpServer (BaseHttpServer.java:newHttpServer2BuilderForOzone(209)) - Starting Web-server for hddsDatanode at: http://0.0.0.0:0
2022-05-11 01:30:36,575 [Listener at 127.0.0.1/35015] INFO  http.BaseHttpServer (BaseHttpServer.java:<init>(107)) - Hadoop Security Enabled: false Ozone Security Enabled: false Ozone HTTP Security Enabled: false 
2022-05-11 01:30:36,576 [Listener at 127.0.0.1/35015] INFO  server.AuthenticationFilter (AuthenticationFilter.java:constructSecretProvider(240)) - Unable to initialize FileSignerSecretProvider, falling back to use random secrets.
2022-05-11 01:30:36,577 [Listener at 127.0.0.1/35015] WARN  http.HttpRequestLog (HttpRequestLog.java:getRequestLog(103)) - Jetty request log can only be enabled using Log4j
2022-05-11 01:30:36,578 [Listener at 127.0.0.1/35015] INFO  http.HttpServer2 (HttpServer2.java:addGlobalFilter(1030)) - Added global filter 'safety' (class=org.apache.hadoop.hdds.server.http.HttpServer2$QuotingInputFilter)
2022-05-11 01:30:36,578 [Listener at 127.0.0.1/35015] INFO  http.HttpServer2 (HttpServer2.java:addFilter(1006)) - Added filter static_user_filter (class=org.apache.hadoop.http.lib.StaticUserWebFilter$StaticUserFilter) to context hddsDatanode
2022-05-11 01:30:36,578 [Listener at 127.0.0.1/35015] INFO  http.HttpServer2 (HttpServer2.java:addFilter(1014)) - Added filter static_user_filter (class=org.apache.hadoop.http.lib.StaticUserWebFilter$StaticUserFilter) to context logs
2022-05-11 01:30:36,580 [Listener at 127.0.0.1/35015] INFO  http.HttpServer2 (HttpServer2.java:addFilter(1014)) - Added filter static_user_filter (class=org.apache.hadoop.http.lib.StaticUserWebFilter$StaticUserFilter) to context static
2022-05-11 01:30:36,580 [Listener at 127.0.0.1/35015] INFO  http.HttpServer2 (HttpServer2.java:bindListener(1249)) - Jetty bound to port 33683
2022-05-11 01:30:36,581 [Listener at 127.0.0.1/35015] INFO  server.Server (Server.java:doStart(375)) - jetty-9.4.43.v20210629; built: 2021-06-30T11:07:22.254Z; git: 526006ecfa3af7f1a27ef3a288e2bef7ea9dd7e8; jvm 1.8.0_322-b06
2022-05-11 01:30:36,582 [Listener at 127.0.0.1/35015] INFO  server.session (DefaultSessionIdManager.java:doStart(334)) - DefaultSessionIdManager workerName=node0
2022-05-11 01:30:36,582 [Listener at 127.0.0.1/35015] INFO  server.session (DefaultSessionIdManager.java:doStart(339)) - No SessionScavenger set, using defaults
2022-05-11 01:30:36,583 [Listener at 127.0.0.1/35015] INFO  server.session (HouseKeeper.java:startScavenging(132)) - node0 Scavenging every 600000ms
2022-05-11 01:30:36,584 [Listener at 127.0.0.1/35015] INFO  handler.ContextHandler (ContextHandler.java:doStart(915)) - Started o.e.j.s.ServletContextHandler@71c74406{logs,/logs,file:///home/runner/work/ozone/ozone/hadoop-ozone/integration-test/target/log,AVAILABLE}
2022-05-11 01:30:36,585 [Listener at 127.0.0.1/35015] INFO  handler.ContextHandler (ContextHandler.java:doStart(915)) - Started o.e.j.s.ServletContextHandler@3afb0c42{static,/static,jar:file:/home/runner/.m2/repository/org/apache/ozone/hdds-container-service/1.3.0-SNAPSHOT/hdds-container-service-1.3.0-SNAPSHOT.jar!/webapps/static,AVAILABLE}
2022-05-11 01:30:36,883 [EndpointStateMachine task thread for /0.0.0.0:46775 - 0 ] INFO  ipc.Client (Client.java:handleConnectionFailure(977)) - Retrying connect to server: 0.0.0.0/0.0.0.0:46775. Already tried 10 time(s); retry policy is RetryUpToMaximumCountWithFixedSleep(maxRetries=15, sleepTime=1000 MILLISECONDS)
2022-05-11 01:30:36,938 [Listener at 127.0.0.1/35015] INFO  handler.ContextHandler (ContextHandler.java:doStart(915)) - Started o.e.j.w.WebAppContext@57b97628{hddsDatanode,/,file:///tmp/jetty-0_0_0_0-33683-hdds-container-service-1_3_0-SNAPSHOT_jar-_-any-680590518967264558/webapp/,AVAILABLE}{jar:file:/home/runner/.m2/repository/org/apache/ozone/hdds-container-service/1.3.0-SNAPSHOT/hdds-container-service-1.3.0-SNAPSHOT.jar!/webapps/hddsDatanode}
2022-05-11 01:30:36,945 [Listener at 127.0.0.1/35015] INFO  server.AbstractConnector (AbstractConnector.java:doStart(331)) - Started ServerConnector@4ffb96e3{HTTP/1.1, (http/1.1)}{0.0.0.0:33683}
2022-05-11 01:30:36,945 [Listener at 127.0.0.1/35015] INFO  server.Server (Server.java:doStart(415)) - Started @102109ms
2022-05-11 01:30:36,945 [Listener at 127.0.0.1/35015] WARN  impl.MetricsSystemImpl (MetricsSystemImpl.java:register(279)) - Sink prometheus already exists!
2022-05-11 01:30:36,946 [Listener at 127.0.0.1/35015] INFO  http.BaseHttpServer (BaseHttpServer.java:updateConnectorAddress(329)) - HTTP server of hddsDatanode listening at http://0.0.0.0:33683
2022-05-11 01:30:36,951 [Listener at 127.0.0.1/35015] WARN  impl.MetricRegistriesImpl (MetricRegistriesImpl.java:addReporterRegistration(111)) - New reporters are added after registries were created. Some metrics will be missing from the reporter. Please add reporter before adding any new registry.
2022-05-11 01:30:36,952 [Listener at 127.0.0.1/35015] WARN  impl.MetricRegistriesImpl (MetricRegistriesImpl.java:addReporterRegistration(111)) - New reporters are added after registries were created. Some metrics will be missing from the reporter. Please add reporter before adding any new registry.
2022-05-11 01:30:36,952 [Listener at 127.0.0.1/35015] INFO  impl.MetricsSystemImpl (MetricsSystemImpl.java:init(158)) - HddsDatanode metrics system started (again)
2022-05-11 01:30:36,953 [Datanode State Machine Daemon Thread] INFO  statemachine.DatanodeStateMachine (DatanodeStateMachine.java:lambda$startDaemon$0(472)) - Ozone container server started.
2022-05-11 01:30:36,971 [org.apache.hadoop.util.JvmPauseMonitor$Monitor@5e50b210] INFO  util.JvmPauseMonitor (JvmPauseMonitor.java:run(188)) - Starting JVM pause monitor
2022-05-11 01:30:36,979 [Datanode State Machine Task Thread - 0] INFO  datanode.InitDatanodeState (InitDatanodeState.java:persistContainerDatanodeDetails(138)) - DatanodeDetails is persisted to /home/runner/work/ozone/ozone/hadoop-ozone/integration-test/target/test-dir/MiniOzoneClusterImpl-37128324-e3dc-46f8-950a-3a99f891b880/datanode-1/meta/datanode.id
2022-05-11 01:30:36,981 [Listener at 127.0.0.1/35015] INFO  ozone.HddsDatanodeService (HddsDatanodeService.java:start(233)) - HddsDatanodeService host:fv-az291-847.wgnan5asplgejimfprtllbpdch.jx.internal.cloudapp.net ip:10.1.0.42
2022-05-11 01:30:37,016 [Listener at 127.0.0.1/35015] INFO  upgrade.AbstractLayoutVersionManager (AbstractLayoutVersionManager.java:init(79)) - Initializing Layout version manager with metadata layout = ERASURE_CODED_STORAGE_SUPPORT (version = 3), software layout = ERASURE_CODED_STORAGE_SUPPORT (version = 3)
2022-05-11 01:30:37,113 [Listener at 127.0.0.1/35015] INFO  reflections.Reflections (Reflections.java:scan(232)) - Reflections took 95 ms to scan 7 urls, producing 126 keys and 289 values 
2022-05-11 01:30:37,119 [Listener at 127.0.0.1/35015] INFO  statemachine.DatanodeStateMachine (DatanodeStateMachine.java:getEndPointTaskThreadPoolSize(224)) - Datanode State Machine Task Thread Pool size 2
2022-05-11 01:30:37,121 [Listener at 127.0.0.1/35015] INFO  volume.HddsVolume (HddsVolume.java:<init>(120)) - Creating HddsVolume: /home/runner/work/ozone/ozone/hadoop-ozone/integration-test/target/test-dir/MiniOzoneClusterImpl-37128324-e3dc-46f8-950a-3a99f891b880/datanode-2/data-0/containers/hdds of storage type : DISK capacity : 9223372036854775807
2022-05-11 01:30:37,121 [Listener at 127.0.0.1/35015] INFO  volume.MutableVolumeSet (MutableVolumeSet.java:initializeVolumeSet(168)) - Added Volume : /home/runner/work/ozone/ozone/hadoop-ozone/integration-test/target/test-dir/MiniOzoneClusterImpl-37128324-e3dc-46f8-950a-3a99f891b880/datanode-2/data-0/containers/hdds to VolumeSet
2022-05-11 01:30:37,121 [Listener at 127.0.0.1/35015] INFO  volume.ThrottledAsyncChecker (ThrottledAsyncChecker.java:schedule(141)) - Scheduling a check for /home/runner/work/ozone/ozone/hadoop-ozone/integration-test/target/test-dir/MiniOzoneClusterImpl-37128324-e3dc-46f8-950a-3a99f891b880/datanode-2/data-0/containers/hdds
2022-05-11 01:30:37,134 [Listener at 127.0.0.1/35015] INFO  volume.StorageVolumeChecker (StorageVolumeChecker.java:checkAllVolumes(202)) - Scheduled health check for volume /home/runner/work/ozone/ozone/hadoop-ozone/integration-test/target/test-dir/MiniOzoneClusterImpl-37128324-e3dc-46f8-950a-3a99f891b880/datanode-2/data-0/containers/hdds
2022-05-11 01:30:37,155 [Listener at 127.0.0.1/35015] INFO  volume.MutableVolumeSet (MutableVolumeSet.java:initializeVolumeSet(168)) - Added Volume : /home/runner/work/ozone/ozone/hadoop-ozone/integration-test/target/test-dir/MiniOzoneClusterImpl-37128324-e3dc-46f8-950a-3a99f891b880/datanode-2/data/ratis to VolumeSet
2022-05-11 01:30:37,156 [Listener at 127.0.0.1/35015] INFO  volume.ThrottledAsyncChecker (ThrottledAsyncChecker.java:schedule(141)) - Scheduling a check for /home/runner/work/ozone/ozone/hadoop-ozone/integration-test/target/test-dir/MiniOzoneClusterImpl-37128324-e3dc-46f8-950a-3a99f891b880/datanode-2/data/ratis
2022-05-11 01:30:37,156 [Listener at 127.0.0.1/35015] INFO  volume.StorageVolumeChecker (StorageVolumeChecker.java:checkAllVolumes(202)) - Scheduled health check for volume /home/runner/work/ozone/ozone/hadoop-ozone/integration-test/target/test-dir/MiniOzoneClusterImpl-37128324-e3dc-46f8-950a-3a99f891b880/datanode-2/data/ratis
2022-05-11 01:30:37,211 [Thread-1510] INFO  ozoneimpl.ContainerReader (ContainerReader.java:readVolume(172)) - Finish verifying containers on volume /home/runner/work/ozone/ozone/hadoop-ozone/integration-test/target/test-dir/MiniOzoneClusterImpl-37128324-e3dc-46f8-950a-3a99f891b880/datanode-2/data-0/containers/hdds
2022-05-11 01:30:37,211 [Listener at 127.0.0.1/35015] INFO  ozoneimpl.OzoneContainer (OzoneContainer.java:buildContainerSet(257)) - Build ContainerSet costs 0s
2022-05-11 01:30:37,213 [Listener at 127.0.0.1/35015] INFO  server.RaftServer (ConfUtils.java:logGet(44)) - raft.rpc.type = GRPC (default)
2022-05-11 01:30:37,214 [Listener at 127.0.0.1/35015] INFO  grpc.GrpcFactory (GrpcFactory.java:checkPooledByteBufAllocatorUseCacheForAllThreads(48)) - PERFORMANCE WARNING: useCacheForAllThreads is true that may cause Netty to create a lot garbage objects and, as a result, trigger GC.
	It is recommended to disable useCacheForAllThreads by setting -Dorg.apache.ratis.thirdparty.io.netty.allocator.useCacheForAllThreads=false in command line.
2022-05-11 01:30:37,214 [Listener at 127.0.0.1/35015] INFO  grpc.GrpcConfigKeys (ConfUtils.java:logGet(44)) - raft.grpc.admin.port = 0 (custom)
2022-05-11 01:30:37,214 [Listener at 127.0.0.1/35015] INFO  grpc.GrpcConfigKeys (ConfUtils.java:logGet(44)) - raft.grpc.client.port = 0 (custom)
2022-05-11 01:30:37,214 [Listener at 127.0.0.1/35015] INFO  grpc.GrpcConfigKeys (ConfUtils.java:logGet(44)) - raft.grpc.server.port = 0 (default)
2022-05-11 01:30:37,214 [Listener at 127.0.0.1/35015] INFO  server.GrpcService (ConfUtils.java:logGet(44)) - raft.grpc.message.size.max = 32MB (=33554432) (custom)
2022-05-11 01:30:37,215 [Listener at 127.0.0.1/35015] INFO  server.RaftServerConfigKeys (ConfUtils.java:logGet(44)) - raft.server.log.appender.buffer.byte-limit = 33554432 (custom)
2022-05-11 01:30:37,215 [Listener at 127.0.0.1/35015] INFO  server.GrpcService (ConfUtils.java:logGet(44)) - raft.grpc.flow.control.window = 5MB (=5242880) (custom)
2022-05-11 01:30:37,215 [Listener at 127.0.0.1/35015] INFO  server.RaftServerConfigKeys (ConfUtils.java:logGet(44)) - raft.server.rpc.request.timeout = 60s (custom)
2022-05-11 01:30:37,217 [Listener at 127.0.0.1/35015] INFO  impl.DataStreamServerImpl (ConfUtils.java:logGet(44)) - raft.datastream.type = DISABLED (default)
2022-05-11 01:30:37,217 [Listener at 127.0.0.1/35015] INFO  server.RaftServerConfigKeys (ConfUtils.java:logGet(44)) - raft.server.rpc.slowness.timeout = 300s (custom)
2022-05-11 01:30:37,217 [Listener at 127.0.0.1/35015] INFO  server.RaftServerConfigKeys (ConfUtils.java:logGet(44)) - raft.server.leaderelection.leader.step-down.wait-time = 10s (default)
2022-05-11 01:30:37,217 [Listener at 127.0.0.1/35015] INFO  server.RaftServerConfigKeys (ConfUtils.java:logGet(44)) - raft.server.storage.dir = [/home/runner/work/ozone/ozone/hadoop-ozone/integration-test/target/test-dir/MiniOzoneClusterImpl-37128324-e3dc-46f8-950a-3a99f891b880/datanode-2/data/ratis] (custom)
2022-05-11 01:30:37,219 [Listener at 127.0.0.1/35015] INFO  server.XceiverServerGrpc (XceiverServerGrpc.java:<init>(132)) - GrpcServer channel type EpollServerSocketChannel
2022-05-11 01:30:37,235 [Listener at 127.0.0.1/35015] INFO  http.BaseHttpServer (BaseHttpServer.java:newHttpServer2BuilderForOzone(209)) - Starting Web-server for hddsDatanode at: http://0.0.0.0:0
2022-05-11 01:30:37,236 [Listener at 127.0.0.1/35015] INFO  http.BaseHttpServer (BaseHttpServer.java:<init>(107)) - Hadoop Security Enabled: false Ozone Security Enabled: false Ozone HTTP Security Enabled: false 
2022-05-11 01:30:37,252 [Listener at 127.0.0.1/35015] INFO  server.AuthenticationFilter (AuthenticationFilter.java:constructSecretProvider(240)) - Unable to initialize FileSignerSecretProvider, falling back to use random secrets.
2022-05-11 01:30:37,263 [Listener at 127.0.0.1/35015] WARN  http.HttpRequestLog (HttpRequestLog.java:getRequestLog(103)) - Jetty request log can only be enabled using Log4j
2022-05-11 01:30:37,264 [Listener at 127.0.0.1/35015] INFO  http.HttpServer2 (HttpServer2.java:addGlobalFilter(1030)) - Added global filter 'safety' (class=org.apache.hadoop.hdds.server.http.HttpServer2$QuotingInputFilter)
2022-05-11 01:30:37,264 [Listener at 127.0.0.1/35015] INFO  http.HttpServer2 (HttpServer2.java:addFilter(1006)) - Added filter static_user_filter (class=org.apache.hadoop.http.lib.StaticUserWebFilter$StaticUserFilter) to context hddsDatanode
2022-05-11 01:30:37,265 [Listener at 127.0.0.1/35015] INFO  http.HttpServer2 (HttpServer2.java:addFilter(1014)) - Added filter static_user_filter (class=org.apache.hadoop.http.lib.StaticUserWebFilter$StaticUserFilter) to context static
2022-05-11 01:30:37,265 [Listener at 127.0.0.1/35015] INFO  http.HttpServer2 (HttpServer2.java:addFilter(1014)) - Added filter static_user_filter (class=org.apache.hadoop.http.lib.StaticUserWebFilter$StaticUserFilter) to context logs
2022-05-11 01:30:37,265 [Listener at 127.0.0.1/35015] INFO  http.HttpServer2 (HttpServer2.java:bindListener(1249)) - Jetty bound to port 41953
2022-05-11 01:30:37,267 [Listener at 127.0.0.1/35015] INFO  server.Server (Server.java:doStart(375)) - jetty-9.4.43.v20210629; built: 2021-06-30T11:07:22.254Z; git: 526006ecfa3af7f1a27ef3a288e2bef7ea9dd7e8; jvm 1.8.0_322-b06
2022-05-11 01:30:37,306 [Listener at 127.0.0.1/35015] INFO  server.session (DefaultSessionIdManager.java:doStart(334)) - DefaultSessionIdManager workerName=node0
2022-05-11 01:30:37,306 [Listener at 127.0.0.1/35015] INFO  server.session (DefaultSessionIdManager.java:doStart(339)) - No SessionScavenger set, using defaults
2022-05-11 01:30:37,315 [Listener at 127.0.0.1/35015] INFO  server.session (HouseKeeper.java:startScavenging(132)) - node0 Scavenging every 600000ms
2022-05-11 01:30:37,317 [Listener at 127.0.0.1/35015] INFO  handler.ContextHandler (ContextHandler.java:doStart(915)) - Started o.e.j.s.ServletContextHandler@5dc9edc7{logs,/logs,file:///home/runner/work/ozone/ozone/hadoop-ozone/integration-test/target/log,AVAILABLE}
2022-05-11 01:30:37,318 [Listener at 127.0.0.1/35015] INFO  handler.ContextHandler (ContextHandler.java:doStart(915)) - Started o.e.j.s.ServletContextHandler@cdbfd3a{static,/static,jar:file:/home/runner/.m2/repository/org/apache/ozone/hdds-container-service/1.3.0-SNAPSHOT/hdds-container-service-1.3.0-SNAPSHOT.jar!/webapps/static,AVAILABLE}
2022-05-11 01:30:37,800 [Listener at 127.0.0.1/35015] INFO  handler.ContextHandler (ContextHandler.java:doStart(915)) - Started o.e.j.w.WebAppContext@31832ad2{hddsDatanode,/,file:///tmp/jetty-0_0_0_0-41953-hdds-container-service-1_3_0-SNAPSHOT_jar-_-any-4397525439300203245/webapp/,AVAILABLE}{jar:file:/home/runner/.m2/repository/org/apache/ozone/hdds-container-service/1.3.0-SNAPSHOT/hdds-container-service-1.3.0-SNAPSHOT.jar!/webapps/hddsDatanode}
2022-05-11 01:30:37,815 [Listener at 127.0.0.1/35015] INFO  server.AbstractConnector (AbstractConnector.java:doStart(331)) - Started ServerConnector@7547fcc5{HTTP/1.1, (http/1.1)}{0.0.0.0:41953}
2022-05-11 01:30:37,815 [Listener at 127.0.0.1/35015] INFO  server.Server (Server.java:doStart(415)) - Started @102979ms
2022-05-11 01:30:37,815 [Listener at 127.0.0.1/35015] WARN  impl.MetricsSystemImpl (MetricsSystemImpl.java:register(279)) - Sink prometheus already exists!
2022-05-11 01:30:37,823 [Listener at 127.0.0.1/35015] INFO  http.BaseHttpServer (BaseHttpServer.java:updateConnectorAddress(329)) - HTTP server of hddsDatanode listening at http://0.0.0.0:41953
2022-05-11 01:30:37,831 [Datanode State Machine Daemon Thread] INFO  statemachine.DatanodeStateMachine (DatanodeStateMachine.java:lambda$startDaemon$0(472)) - Ozone container server started.
2022-05-11 01:30:37,831 [Listener at 127.0.0.1/35015] INFO  ozone.MiniOzoneClusterImpl (MiniOzoneClusterImpl.java:lambda$waitForClusterToBeReady$0(221)) - Waiting for nodes to be ready. Got 0 of 3 DN Heartbeats.
2022-05-11 01:30:37,831 [Listener at 127.0.0.1/35015] INFO  ozone.MiniOzoneClusterImpl (MiniOzoneClusterImpl.java:lambda$waitForClusterToBeReady$0(224)) - Waiting for cluster to exit safe mode
2022-05-11 01:30:37,831 [Listener at 127.0.0.1/35015] INFO  ozone.MiniOzoneClusterImpl (MiniOzoneClusterImpl.java:lambda$waitForClusterToBeReady$0(226)) - SCM became leader
2022-05-11 01:30:37,871 [org.apache.hadoop.util.JvmPauseMonitor$Monitor@6e4aa54a] INFO  util.JvmPauseMonitor (JvmPauseMonitor.java:run(188)) - Starting JVM pause monitor
2022-05-11 01:30:37,884 [EndpointStateMachine task thread for /0.0.0.0:46775 - 0 ] INFO  ipc.Client (Client.java:handleConnectionFailure(977)) - Retrying connect to server: 0.0.0.0/0.0.0.0:46775. Already tried 11 time(s); retry policy is RetryUpToMaximumCountWithFixedSleep(maxRetries=15, sleepTime=1000 MILLISECONDS)
2022-05-11 01:30:37,886 [Datanode State Machine Task Thread - 0] INFO  datanode.InitDatanodeState (InitDatanodeState.java:persistContainerDatanodeDetails(138)) - DatanodeDetails is persisted to /home/runner/work/ozone/ozone/hadoop-ozone/integration-test/target/test-dir/MiniOzoneClusterImpl-37128324-e3dc-46f8-950a-3a99f891b880/datanode-2/meta/datanode.id
2022-05-11 01:30:38,398 [EndpointStateMachine task thread for /0.0.0.0:39779 - 0 ] INFO  ozoneimpl.OzoneContainer (OzoneContainer.java:start(335)) - Attempting to start container services.
2022-05-11 01:30:38,400 [EndpointStateMachine task thread for /0.0.0.0:39779 - 0 ] INFO  ozoneimpl.OzoneContainer (OzoneContainer.java:startContainerScrub(270)) - Background container scanner has been disabled.
2022-05-11 01:30:38,400 [EndpointStateMachine task thread for /0.0.0.0:39779 - 0 ] INFO  replication.ReplicationServer (ReplicationServer.java:start(111)) - ReplicationServer is started using port 33363
2022-05-11 01:30:38,401 [EndpointStateMachine task thread for /0.0.0.0:39779 - 0 ] INFO  ratis.XceiverServerRatis (XceiverServerRatis.java:start(481)) - Starting XceiverServerRatis f563069c-118f-4871-9b30-ceec0ce6fdc0
2022-05-11 01:30:38,427 [EndpointStateMachine task thread for /0.0.0.0:39779 - 0 ] INFO  server.RaftServer (RaftServerProxy.java:lambda$start$5(374)) - f563069c-118f-4871-9b30-ceec0ce6fdc0: start RPC server
2022-05-11 01:30:38,428 [EndpointStateMachine task thread for /0.0.0.0:39779 - 0 ] INFO  server.GrpcService (GrpcService.java:startImpl(253)) - f563069c-118f-4871-9b30-ceec0ce6fdc0: GrpcService started, listening on 37767
2022-05-11 01:30:38,436 [EndpointStateMachine task thread for /0.0.0.0:39779 - 0 ] INFO  ratis.XceiverServerRatis (XceiverServerRatis.java:getRealPort(502)) - XceiverServerRatis f563069c-118f-4871-9b30-ceec0ce6fdc0 is started using port 37767 for RATIS
2022-05-11 01:30:38,436 [EndpointStateMachine task thread for /0.0.0.0:39779 - 0 ] INFO  ratis.XceiverServerRatis (XceiverServerRatis.java:getRealPort(502)) - XceiverServerRatis f563069c-118f-4871-9b30-ceec0ce6fdc0 is started using port 37767 for RATIS_ADMIN
2022-05-11 01:30:38,436 [EndpointStateMachine task thread for /0.0.0.0:39779 - 0 ] INFO  ratis.XceiverServerRatis (XceiverServerRatis.java:getRealPort(502)) - XceiverServerRatis f563069c-118f-4871-9b30-ceec0ce6fdc0 is started using port 37767 for RATIS_SERVER
2022-05-11 01:30:38,437 [org.apache.ratis.util.JvmPauseMonitor$$Lambda$637/1274334510@7fa8c605] INFO  util.JvmPauseMonitor (JvmPauseMonitor.java:run(103)) - JvmPauseMonitor-f563069c-118f-4871-9b30-ceec0ce6fdc0: Started
2022-05-11 01:30:38,441 [EndpointStateMachine task thread for /0.0.0.0:39779 - 0 ] INFO  server.XceiverServerGrpc (XceiverServerGrpc.java:start(180)) - XceiverServerGrpc f563069c-118f-4871-9b30-ceec0ce6fdc0 is started using port 35887
2022-05-11 01:30:38,831 [Listener at 127.0.0.1/35015] INFO  ozone.MiniOzoneClusterImpl (MiniOzoneClusterImpl.java:lambda$waitForClusterToBeReady$0(221)) - Waiting for nodes to be ready. Got 0 of 3 DN Heartbeats.
2022-05-11 01:30:38,832 [Listener at 127.0.0.1/35015] INFO  ozone.MiniOzoneClusterImpl (MiniOzoneClusterImpl.java:lambda$waitForClusterToBeReady$0(224)) - Waiting for cluster to exit safe mode
2022-05-11 01:30:38,832 [Listener at 127.0.0.1/35015] INFO  ozone.MiniOzoneClusterImpl (MiniOzoneClusterImpl.java:lambda$waitForClusterToBeReady$0(226)) - SCM became leader
2022-05-11 01:30:38,885 [EndpointStateMachine task thread for /0.0.0.0:46775 - 0 ] INFO  ipc.Client (Client.java:handleConnectionFailure(977)) - Retrying connect to server: 0.0.0.0/0.0.0.0:46775. Already tried 12 time(s); retry policy is RetryUpToMaximumCountWithFixedSleep(maxRetries=15, sleepTime=1000 MILLISECONDS)
2022-05-11 01:30:38,995 [EndpointStateMachine task thread for /0.0.0.0:39779 - 0 ] INFO  ozoneimpl.OzoneContainer (OzoneContainer.java:start(335)) - Attempting to start container services.
2022-05-11 01:30:38,995 [EndpointStateMachine task thread for /0.0.0.0:39779 - 0 ] INFO  ozoneimpl.OzoneContainer (OzoneContainer.java:startContainerScrub(270)) - Background container scanner has been disabled.
2022-05-11 01:30:38,996 [EndpointStateMachine task thread for /0.0.0.0:39779 - 0 ] INFO  replication.ReplicationServer (ReplicationServer.java:start(111)) - ReplicationServer is started using port 36881
2022-05-11 01:30:39,001 [EndpointStateMachine task thread for /0.0.0.0:39779 - 0 ] INFO  ratis.XceiverServerRatis (XceiverServerRatis.java:start(481)) - Starting XceiverServerRatis 53785889-3bf0-451b-ad64-fb7c3b645957
2022-05-11 01:30:39,002 [EndpointStateMachine task thread for /0.0.0.0:39779 - 0 ] INFO  server.RaftServer (RaftServerProxy.java:lambda$start$5(374)) - 53785889-3bf0-451b-ad64-fb7c3b645957: start RPC server
2022-05-11 01:30:39,003 [EndpointStateMachine task thread for /0.0.0.0:39779 - 0 ] INFO  server.GrpcService (GrpcService.java:startImpl(253)) - 53785889-3bf0-451b-ad64-fb7c3b645957: GrpcService started, listening on 46195
2022-05-11 01:30:39,003 [EndpointStateMachine task thread for /0.0.0.0:39779 - 0 ] INFO  ratis.XceiverServerRatis (XceiverServerRatis.java:getRealPort(502)) - XceiverServerRatis 53785889-3bf0-451b-ad64-fb7c3b645957 is started using port 46195 for RATIS
2022-05-11 01:30:39,003 [EndpointStateMachine task thread for /0.0.0.0:39779 - 0 ] INFO  ratis.XceiverServerRatis (XceiverServerRatis.java:getRealPort(502)) - XceiverServerRatis 53785889-3bf0-451b-ad64-fb7c3b645957 is started using port 46195 for RATIS_ADMIN
2022-05-11 01:30:39,003 [EndpointStateMachine task thread for /0.0.0.0:39779 - 0 ] INFO  ratis.XceiverServerRatis (XceiverServerRatis.java:getRealPort(502)) - XceiverServerRatis 53785889-3bf0-451b-ad64-fb7c3b645957 is started using port 46195 for RATIS_SERVER
2022-05-11 01:30:39,003 [org.apache.ratis.util.JvmPauseMonitor$$Lambda$637/1274334510@6ab47d21] INFO  util.JvmPauseMonitor (JvmPauseMonitor.java:run(103)) - JvmPauseMonitor-53785889-3bf0-451b-ad64-fb7c3b645957: Started
2022-05-11 01:30:39,004 [EndpointStateMachine task thread for /0.0.0.0:39779 - 0 ] INFO  server.XceiverServerGrpc (XceiverServerGrpc.java:start(180)) - XceiverServerGrpc 53785889-3bf0-451b-ad64-fb7c3b645957 is started using port 34645
2022-05-11 01:30:39,832 [Listener at 127.0.0.1/35015] INFO  ozone.MiniOzoneClusterImpl (MiniOzoneClusterImpl.java:lambda$waitForClusterToBeReady$0(221)) - Waiting for nodes to be ready. Got 0 of 3 DN Heartbeats.
2022-05-11 01:30:39,832 [Listener at 127.0.0.1/35015] INFO  ozone.MiniOzoneClusterImpl (MiniOzoneClusterImpl.java:lambda$waitForClusterToBeReady$0(224)) - Waiting for cluster to exit safe mode
2022-05-11 01:30:39,833 [Listener at 127.0.0.1/35015] INFO  ozone.MiniOzoneClusterImpl (MiniOzoneClusterImpl.java:lambda$waitForClusterToBeReady$0(226)) - SCM became leader
2022-05-11 01:30:39,882 [EndpointStateMachine task thread for /0.0.0.0:39779 - 0 ] INFO  ozoneimpl.OzoneContainer (OzoneContainer.java:start(335)) - Attempting to start container services.
2022-05-11 01:30:39,883 [EndpointStateMachine task thread for /0.0.0.0:39779 - 0 ] INFO  ozoneimpl.OzoneContainer (OzoneContainer.java:startContainerScrub(270)) - Background container scanner has been disabled.
2022-05-11 01:30:39,883 [EndpointStateMachine task thread for /0.0.0.0:39779 - 0 ] INFO  replication.ReplicationServer (ReplicationServer.java:start(111)) - ReplicationServer is started using port 44965
2022-05-11 01:30:39,885 [EndpointStateMachine task thread for /0.0.0.0:46775 - 0 ] INFO  ipc.Client (Client.java:handleConnectionFailure(977)) - Retrying connect to server: 0.0.0.0/0.0.0.0:46775. Already tried 13 time(s); retry policy is RetryUpToMaximumCountWithFixedSleep(maxRetries=15, sleepTime=1000 MILLISECONDS)
2022-05-11 01:30:39,887 [EndpointStateMachine task thread for /0.0.0.0:39779 - 0 ] INFO  ratis.XceiverServerRatis (XceiverServerRatis.java:start(481)) - Starting XceiverServerRatis 4abb40c6-5512-454b-8b90-80ea8fb75f11
2022-05-11 01:30:39,906 [EndpointStateMachine task thread for /0.0.0.0:39779 - 0 ] INFO  server.RaftServer (RaftServerProxy.java:lambda$start$5(374)) - 4abb40c6-5512-454b-8b90-80ea8fb75f11: start RPC server
2022-05-11 01:30:39,906 [EndpointStateMachine task thread for /0.0.0.0:39779 - 0 ] INFO  server.GrpcService (GrpcService.java:startImpl(253)) - 4abb40c6-5512-454b-8b90-80ea8fb75f11: GrpcService started, listening on 42053
2022-05-11 01:30:39,907 [EndpointStateMachine task thread for /0.0.0.0:39779 - 0 ] INFO  ratis.XceiverServerRatis (XceiverServerRatis.java:getRealPort(502)) - XceiverServerRatis 4abb40c6-5512-454b-8b90-80ea8fb75f11 is started using port 42053 for RATIS
2022-05-11 01:30:39,907 [EndpointStateMachine task thread for /0.0.0.0:39779 - 0 ] INFO  ratis.XceiverServerRatis (XceiverServerRatis.java:getRealPort(502)) - XceiverServerRatis 4abb40c6-5512-454b-8b90-80ea8fb75f11 is started using port 42053 for RATIS_ADMIN
2022-05-11 01:30:39,907 [EndpointStateMachine task thread for /0.0.0.0:39779 - 0 ] INFO  ratis.XceiverServerRatis (XceiverServerRatis.java:getRealPort(502)) - XceiverServerRatis 4abb40c6-5512-454b-8b90-80ea8fb75f11 is started using port 42053 for RATIS_SERVER
2022-05-11 01:30:39,908 [org.apache.ratis.util.JvmPauseMonitor$$Lambda$637/1274334510@369530b2] INFO  util.JvmPauseMonitor (JvmPauseMonitor.java:run(103)) - JvmPauseMonitor-4abb40c6-5512-454b-8b90-80ea8fb75f11: Started
2022-05-11 01:30:39,922 [EndpointStateMachine task thread for /0.0.0.0:39779 - 0 ] INFO  server.XceiverServerGrpc (XceiverServerGrpc.java:start(180)) - XceiverServerGrpc 4abb40c6-5512-454b-8b90-80ea8fb75f11 is started using port 40075
2022-05-11 01:30:40,386 [IPC Server handler 2 on default port 39779] INFO  net.NetworkTopologyImpl (NetworkTopologyImpl.java:add(112)) - Added a new node: /default-rack/f563069c-118f-4871-9b30-ceec0ce6fdc0
2022-05-11 01:30:40,386 [IPC Server handler 2 on default port 39779] INFO  node.SCMNodeManager (SCMNodeManager.java:register(393)) - Registered Data node : f563069c-118f-4871-9b30-ceec0ce6fdc0{ip: 10.1.0.42, host: fv-az291-847.wgnan5asplgejimfprtllbpdch.jx.internal.cloudapp.net, ports: [REPLICATION=33363, RATIS=37767, RATIS_ADMIN=37767, RATIS_SERVER=37767, STANDALONE=35887], networkLocation: /default-rack, certSerialId: null, persistedOpState: null, persistedOpStateExpiryEpochSec: 0}
2022-05-11 01:30:40,403 [EventQueue-NodeRegistrationContainerReportForDataNodeSafeModeRule] INFO  safemode.SCMSafeModeManager (DataNodeSafeModeRule.java:process(71)) - SCM in safe mode. 1 DataNodes registered, 3 required.
2022-05-11 01:30:40,403 [EventQueue-NodeRegistrationContainerReportForContainerSafeModeRule] INFO  safemode.SCMSafeModeManager (SCMSafeModeManager.java:validateSafeModeExitRules(204)) - ContainerSafeModeRule rule is successfully validated
2022-05-11 01:30:40,405 [EventQueue-NewNodeForNewNodeHandler] INFO  pipeline.BackgroundPipelineCreator (BackgroundPipelineCreator.java:notifyEventTriggered(272)) - trigger a one-shot run on RatisPipelineUtilsThread.
2022-05-11 01:30:40,408 [RatisPipelineUtilsThread - 0] INFO  pipeline.RatisPipelineProvider (RatisPipelineProvider.java:lambda$create$0(195)) - Sending CreatePipelineCommand for pipeline:PipelineID=10277cfe-d21f-4a81-8ddd-323ce00478c8 to datanode:f563069c-118f-4871-9b30-ceec0ce6fdc0
2022-05-11 01:30:40,413 [RatisPipelineUtilsThread - 0] INFO  pipeline.PipelineStateManagerImpl (PipelineStateManagerImpl.java:addPipeline(101)) - Created pipeline Pipeline[ Id: 10277cfe-d21f-4a81-8ddd-323ce00478c8, Nodes: f563069c-118f-4871-9b30-ceec0ce6fdc0{ip: 10.1.0.42, host: fv-az291-847.wgnan5asplgejimfprtllbpdch.jx.internal.cloudapp.net, ports: [REPLICATION=33363, RATIS=37767, RATIS_ADMIN=37767, RATIS_SERVER=37767, STANDALONE=35887], networkLocation: /default-rack, certSerialId: null, persistedOpState: IN_SERVICE, persistedOpStateExpiryEpochSec: 0}, ReplicationConfig: RATIS/ONE, State:ALLOCATED, leaderId:, CreationTimestamp2022-05-11T01:30:40.408Z[Etc/UTC]].
2022-05-11 01:30:40,419 [EventQueue-PipelineReportForOneReplicaPipelineSafeModeRule] INFO  safemode.SCMSafeModeManager (SCMSafeModeManager.java:validateSafeModeExitRules(204)) - AtleastOneDatanodeReportedRule rule is successfully validated
2022-05-11 01:30:40,833 [Listener at 127.0.0.1/35015] INFO  ozone.MiniOzoneClusterImpl (MiniOzoneClusterImpl.java:lambda$waitForClusterToBeReady$0(221)) - Waiting for nodes to be ready. Got 1 of 3 DN Heartbeats.
2022-05-11 01:30:40,833 [Listener at 127.0.0.1/35015] INFO  ozone.MiniOzoneClusterImpl (MiniOzoneClusterImpl.java:lambda$waitForClusterToBeReady$0(224)) - Waiting for cluster to exit safe mode
2022-05-11 01:30:40,833 [Listener at 127.0.0.1/35015] INFO  ozone.MiniOzoneClusterImpl (MiniOzoneClusterImpl.java:lambda$waitForClusterToBeReady$0(226)) - SCM became leader
2022-05-11 01:30:40,886 [EndpointStateMachine task thread for /0.0.0.0:46775 - 0 ] INFO  ipc.Client (Client.java:handleConnectionFailure(977)) - Retrying connect to server: 0.0.0.0/0.0.0.0:46775. Already tried 14 time(s); retry policy is RetryUpToMaximumCountWithFixedSleep(maxRetries=15, sleepTime=1000 MILLISECONDS)
2022-05-11 01:30:40,973 [IPC Server handler 0 on default port 39779] INFO  net.NetworkTopologyImpl (NetworkTopologyImpl.java:add(112)) - Added a new node: /default-rack/53785889-3bf0-451b-ad64-fb7c3b645957
2022-05-11 01:30:40,973 [IPC Server handler 0 on default port 39779] INFO  node.SCMNodeManager (SCMNodeManager.java:register(393)) - Registered Data node : 53785889-3bf0-451b-ad64-fb7c3b645957{ip: 10.1.0.42, host: fv-az291-847.wgnan5asplgejimfprtllbpdch.jx.internal.cloudapp.net, ports: [REPLICATION=36881, RATIS=46195, RATIS_ADMIN=46195, RATIS_SERVER=46195, STANDALONE=34645], networkLocation: /default-rack, certSerialId: null, persistedOpState: null, persistedOpStateExpiryEpochSec: 0}
2022-05-11 01:30:40,973 [EventQueue-NewNodeForNewNodeHandler] INFO  pipeline.BackgroundPipelineCreator (BackgroundPipelineCreator.java:notifyEventTriggered(272)) - trigger a one-shot run on RatisPipelineUtilsThread.
2022-05-11 01:30:40,977 [EventQueue-NodeRegistrationContainerReportForDataNodeSafeModeRule] INFO  safemode.SCMSafeModeManager (DataNodeSafeModeRule.java:process(71)) - SCM in safe mode. 2 DataNodes registered, 3 required.
2022-05-11 01:30:40,978 [RatisPipelineUtilsThread - 0] INFO  pipeline.RatisPipelineProvider (RatisPipelineProvider.java:lambda$create$0(195)) - Sending CreatePipelineCommand for pipeline:PipelineID=3d72c70c-a986-4f21-bc69-7d90ef79e7a4 to datanode:53785889-3bf0-451b-ad64-fb7c3b645957
2022-05-11 01:30:40,979 [RatisPipelineUtilsThread - 0] INFO  pipeline.PipelineStateManagerImpl (PipelineStateManagerImpl.java:addPipeline(101)) - Created pipeline Pipeline[ Id: 3d72c70c-a986-4f21-bc69-7d90ef79e7a4, Nodes: 53785889-3bf0-451b-ad64-fb7c3b645957{ip: 10.1.0.42, host: fv-az291-847.wgnan5asplgejimfprtllbpdch.jx.internal.cloudapp.net, ports: [REPLICATION=36881, RATIS=46195, RATIS_ADMIN=46195, RATIS_SERVER=46195, STANDALONE=34645], networkLocation: /default-rack, certSerialId: null, persistedOpState: IN_SERVICE, persistedOpStateExpiryEpochSec: 0}, ReplicationConfig: RATIS/ONE, State:ALLOCATED, leaderId:, CreationTimestamp2022-05-11T01:30:40.978Z[Etc/UTC]].
2022-05-11 01:30:41,834 [Listener at 127.0.0.1/35015] INFO  ozone.MiniOzoneClusterImpl (MiniOzoneClusterImpl.java:lambda$waitForClusterToBeReady$0(221)) - Waiting for nodes to be ready. Got 2 of 3 DN Heartbeats.
2022-05-11 01:30:41,834 [Listener at 127.0.0.1/35015] INFO  ozone.MiniOzoneClusterImpl (MiniOzoneClusterImpl.java:lambda$waitForClusterToBeReady$0(224)) - Waiting for cluster to exit safe mode
2022-05-11 01:30:41,834 [Listener at 127.0.0.1/35015] INFO  ozone.MiniOzoneClusterImpl (MiniOzoneClusterImpl.java:lambda$waitForClusterToBeReady$0(226)) - SCM became leader
2022-05-11 01:30:41,874 [IPC Server handler 1 on default port 39779] INFO  net.NetworkTopologyImpl (NetworkTopologyImpl.java:add(112)) - Added a new node: /default-rack/4abb40c6-5512-454b-8b90-80ea8fb75f11
2022-05-11 01:30:41,874 [IPC Server handler 1 on default port 39779] INFO  node.SCMNodeManager (SCMNodeManager.java:register(393)) - Registered Data node : 4abb40c6-5512-454b-8b90-80ea8fb75f11{ip: 10.1.0.42, host: fv-az291-847.wgnan5asplgejimfprtllbpdch.jx.internal.cloudapp.net, ports: [REPLICATION=44965, RATIS=42053, RATIS_ADMIN=42053, RATIS_SERVER=42053, STANDALONE=40075], networkLocation: /default-rack, certSerialId: null, persistedOpState: null, persistedOpStateExpiryEpochSec: 0}
2022-05-11 01:30:41,874 [EventQueue-NewNodeForNewNodeHandler] INFO  pipeline.BackgroundPipelineCreator (BackgroundPipelineCreator.java:notifyEventTriggered(272)) - trigger a one-shot run on RatisPipelineUtilsThread.
2022-05-11 01:30:41,877 [RatisPipelineUtilsThread - 0] INFO  pipeline.RatisPipelineProvider (RatisPipelineProvider.java:lambda$create$0(195)) - Sending CreatePipelineCommand for pipeline:PipelineID=4911326d-9027-40a9-89b6-9ca87eb32d30 to datanode:4abb40c6-5512-454b-8b90-80ea8fb75f11
2022-05-11 01:30:41,878 [RatisPipelineUtilsThread - 0] INFO  pipeline.PipelineStateManagerImpl (PipelineStateManagerImpl.java:addPipeline(101)) - Created pipeline Pipeline[ Id: 4911326d-9027-40a9-89b6-9ca87eb32d30, Nodes: 4abb40c6-5512-454b-8b90-80ea8fb75f11{ip: 10.1.0.42, host: fv-az291-847.wgnan5asplgejimfprtllbpdch.jx.internal.cloudapp.net, ports: [REPLICATION=44965, RATIS=42053, RATIS_ADMIN=42053, RATIS_SERVER=42053, STANDALONE=40075], networkLocation: /default-rack, certSerialId: null, persistedOpState: IN_SERVICE, persistedOpStateExpiryEpochSec: 0}, ReplicationConfig: RATIS/ONE, State:ALLOCATED, leaderId:, CreationTimestamp2022-05-11T01:30:41.877Z[Etc/UTC]].
2022-05-11 01:30:41,878 [EventQueue-NodeRegistrationContainerReportForDataNodeSafeModeRule] INFO  safemode.SCMSafeModeManager (DataNodeSafeModeRule.java:process(71)) - SCM in safe mode. 3 DataNodes registered, 3 required.
2022-05-11 01:30:41,878 [EventQueue-NodeRegistrationContainerReportForDataNodeSafeModeRule] INFO  safemode.SCMSafeModeManager (SCMSafeModeManager.java:validateSafeModeExitRules(204)) - DataNodeSafeModeRule rule is successfully validated
2022-05-11 01:30:41,878 [EventQueue-NodeRegistrationContainerReportForDataNodeSafeModeRule] INFO  safemode.SCMSafeModeManager (SCMSafeModeManager.java:completePreCheck(233)) - All SCM safe mode pre check rules have passed
2022-05-11 01:30:41,878 [EventQueue-NodeRegistrationContainerReportForDataNodeSafeModeRule] WARN  events.EventQueue (EventQueue.java:fireEvent(194)) - No event handler registered for event TypedEvent{payloadType=SafeModeStatus, name='Safe mode status'}
2022-05-11 01:30:41,878 [EventQueue-NodeRegistrationContainerReportForDataNodeSafeModeRule] INFO  ha.SCMContext (SCMContext.java:updateSafeModeStatus(211)) - Update SafeModeStatus from SafeModeStatus{safeModeStatus=true, preCheckPassed=false} to SafeModeStatus{safeModeStatus=true, preCheckPassed=true}.
2022-05-11 01:30:41,878 [EventQueue-NodeRegistrationContainerReportForDataNodeSafeModeRule] INFO  pipeline.BackgroundPipelineCreator (BackgroundPipelineCreator.java:notifyEventTriggered(272)) - trigger a one-shot run on RatisPipelineUtilsThread.
2022-05-11 01:30:41,879 [RatisPipelineUtilsThread - 0] INFO  pipeline.RatisPipelineProvider (RatisPipelineProvider.java:lambda$create$0(195)) - Sending CreatePipelineCommand for pipeline:PipelineID=27bacb09-d088-4294-8aa9-28077cef4a72 to datanode:53785889-3bf0-451b-ad64-fb7c3b645957
2022-05-11 01:30:41,879 [RatisPipelineUtilsThread - 0] INFO  pipeline.RatisPipelineProvider (RatisPipelineProvider.java:lambda$create$0(195)) - Sending CreatePipelineCommand for pipeline:PipelineID=27bacb09-d088-4294-8aa9-28077cef4a72 to datanode:f563069c-118f-4871-9b30-ceec0ce6fdc0
2022-05-11 01:30:41,879 [RatisPipelineUtilsThread - 0] INFO  pipeline.RatisPipelineProvider (RatisPipelineProvider.java:lambda$create$0(195)) - Sending CreatePipelineCommand for pipeline:PipelineID=27bacb09-d088-4294-8aa9-28077cef4a72 to datanode:4abb40c6-5512-454b-8b90-80ea8fb75f11
2022-05-11 01:30:41,880 [RatisPipelineUtilsThread - 0] INFO  pipeline.PipelineStateManagerImpl (PipelineStateManagerImpl.java:addPipeline(101)) - Created pipeline Pipeline[ Id: 27bacb09-d088-4294-8aa9-28077cef4a72, Nodes: 53785889-3bf0-451b-ad64-fb7c3b645957{ip: 10.1.0.42, host: fv-az291-847.wgnan5asplgejimfprtllbpdch.jx.internal.cloudapp.net, ports: [REPLICATION=36881, RATIS=46195, RATIS_ADMIN=46195, RATIS_SERVER=46195, STANDALONE=34645], networkLocation: /default-rack, certSerialId: null, persistedOpState: IN_SERVICE, persistedOpStateExpiryEpochSec: 0}f563069c-118f-4871-9b30-ceec0ce6fdc0{ip: 10.1.0.42, host: fv-az291-847.wgnan5asplgejimfprtllbpdch.jx.internal.cloudapp.net, ports: [REPLICATION=33363, RATIS=37767, RATIS_ADMIN=37767, RATIS_SERVER=37767, STANDALONE=35887], networkLocation: /default-rack, certSerialId: null, persistedOpState: IN_SERVICE, persistedOpStateExpiryEpochSec: 0}4abb40c6-5512-454b-8b90-80ea8fb75f11{ip: 10.1.0.42, host: fv-az291-847.wgnan5asplgejimfprtllbpdch.jx.internal.cloudapp.net, ports: [REPLICATION=44965, RATIS=42053, RATIS_ADMIN=42053, RATIS_SERVER=42053, STANDALONE=40075], networkLocation: /default-rack, certSerialId: null, persistedOpState: IN_SERVICE, persistedOpStateExpiryEpochSec: 0}, ReplicationConfig: RATIS/THREE, State:ALLOCATED, leaderId:, CreationTimestamp2022-05-11T01:30:41.879Z[Etc/UTC]].
2022-05-11 01:30:41,882 [RatisPipelineUtilsThread - 0] INFO  pipeline.RatisPipelineProvider (RatisPipelineProvider.java:lambda$create$0(195)) - Sending CreatePipelineCommand for pipeline:PipelineID=f03dd486-afb3-46aa-8da9-5fff0977fe0e to datanode:f563069c-118f-4871-9b30-ceec0ce6fdc0
2022-05-11 01:30:41,882 [RatisPipelineUtilsThread - 0] INFO  pipeline.RatisPipelineProvider (RatisPipelineProvider.java:lambda$create$0(195)) - Sending CreatePipelineCommand for pipeline:PipelineID=f03dd486-afb3-46aa-8da9-5fff0977fe0e to datanode:4abb40c6-5512-454b-8b90-80ea8fb75f11
2022-05-11 01:30:41,882 [RatisPipelineUtilsThread - 0] INFO  pipeline.RatisPipelineProvider (RatisPipelineProvider.java:lambda$create$0(195)) - Sending CreatePipelineCommand for pipeline:PipelineID=f03dd486-afb3-46aa-8da9-5fff0977fe0e to datanode:53785889-3bf0-451b-ad64-fb7c3b645957
2022-05-11 01:30:41,883 [RatisPipelineUtilsThread - 0] INFO  pipeline.PipelineStateManagerImpl (PipelineStateManagerImpl.java:addPipeline(101)) - Created pipeline Pipeline[ Id: f03dd486-afb3-46aa-8da9-5fff0977fe0e, Nodes: f563069c-118f-4871-9b30-ceec0ce6fdc0{ip: 10.1.0.42, host: fv-az291-847.wgnan5asplgejimfprtllbpdch.jx.internal.cloudapp.net, ports: [REPLICATION=33363, RATIS=37767, RATIS_ADMIN=37767, RATIS_SERVER=37767, STANDALONE=35887], networkLocation: /default-rack, certSerialId: null, persistedOpState: IN_SERVICE, persistedOpStateExpiryEpochSec: 0}4abb40c6-5512-454b-8b90-80ea8fb75f11{ip: 10.1.0.42, host: fv-az291-847.wgnan5asplgejimfprtllbpdch.jx.internal.cloudapp.net, ports: [REPLICATION=44965, RATIS=42053, RATIS_ADMIN=42053, RATIS_SERVER=42053, STANDALONE=40075], networkLocation: /default-rack, certSerialId: null, persistedOpState: IN_SERVICE, persistedOpStateExpiryEpochSec: 0}53785889-3bf0-451b-ad64-fb7c3b645957{ip: 10.1.0.42, host: fv-az291-847.wgnan5asplgejimfprtllbpdch.jx.internal.cloudapp.net, ports: [REPLICATION=36881, RATIS=46195, RATIS_ADMIN=46195, RATIS_SERVER=46195, STANDALONE=34645], networkLocation: /default-rack, certSerialId: null, persistedOpState: IN_SERVICE, persistedOpStateExpiryEpochSec: 0}, ReplicationConfig: RATIS/THREE, State:ALLOCATED, leaderId:, CreationTimestamp2022-05-11T01:30:41.882Z[Etc/UTC]].
2022-05-11 01:30:41,883 [RatisPipelineUtilsThread - 0] INFO  pipeline.PipelineManagerImpl (PipelineManagerImpl.java:recordMetricsForPipeline(695)) - Pipeline: PipelineID=f03dd486-afb3-46aa-8da9-5fff0977fe0e contains same datanodes as previous pipelines: PipelineID=27bacb09-d088-4294-8aa9-28077cef4a72 nodeIds: f563069c-118f-4871-9b30-ceec0ce6fdc0, 4abb40c6-5512-454b-8b90-80ea8fb75f11, 53785889-3bf0-451b-ad64-fb7c3b645957
2022-05-11 01:30:41,888 [EndpointStateMachine task thread for /0.0.0.0:46775 - 0 ] INFO  ipc.Client (Client.java:handleConnectionFailure(977)) - Retrying connect to server: 0.0.0.0/0.0.0.0:46775. Already tried 0 time(s); retry policy is RetryUpToMaximumCountWithFixedSleep(maxRetries=15, sleepTime=1000 MILLISECONDS)
2022-05-11 01:30:42,834 [Listener at 127.0.0.1/35015] INFO  ozone.MiniOzoneClusterImpl (MiniOzoneClusterImpl.java:lambda$waitForClusterToBeReady$0(221)) - Nodes are ready. Got 3 of 3 DN Heartbeats.
2022-05-11 01:30:42,835 [Listener at 127.0.0.1/35015] INFO  ozone.MiniOzoneClusterImpl (MiniOzoneClusterImpl.java:lambda$waitForClusterToBeReady$0(224)) - Waiting for cluster to exit safe mode
2022-05-11 01:30:42,835 [Listener at 127.0.0.1/35015] INFO  ozone.MiniOzoneClusterImpl (MiniOzoneClusterImpl.java:lambda$waitForClusterToBeReady$0(226)) - SCM became leader
2022-05-11 01:30:42,889 [EndpointStateMachine task thread for /0.0.0.0:46775 - 0 ] INFO  ipc.Client (Client.java:handleConnectionFailure(977)) - Retrying connect to server: 0.0.0.0/0.0.0.0:46775. Already tried 1 time(s); retry policy is RetryUpToMaximumCountWithFixedSleep(maxRetries=15, sleepTime=1000 MILLISECONDS)
2022-05-11 01:30:43,384 [Command processor thread] INFO  server.RaftServer (RaftServerProxy.java:addNew(95)) - f563069c-118f-4871-9b30-ceec0ce6fdc0: addNew group-323CE00478C8:[f563069c-118f-4871-9b30-ceec0ce6fdc0|rpc:10.1.0.42:37767|priority:1] returns group-323CE00478C8:java.util.concurrent.CompletableFuture@2f17158a[Not completed]
2022-05-11 01:30:43,388 [pool-503-thread-1] INFO  server.RaftServer$Division (RaftServerImpl.java:<init>(184)) - f563069c-118f-4871-9b30-ceec0ce6fdc0: new RaftServerImpl for group-323CE00478C8:[f563069c-118f-4871-9b30-ceec0ce6fdc0|rpc:10.1.0.42:37767|priority:1] with ContainerStateMachine:uninitialized
2022-05-11 01:30:43,390 [pool-503-thread-1] INFO  server.RaftServerConfigKeys (ConfUtils.java:logGet(44)) - raft.server.rpc.timeout.min = 5s (custom)
2022-05-11 01:30:43,390 [pool-503-thread-1] INFO  server.RaftServerConfigKeys (ConfUtils.java:logGet(44)) - raft.server.rpc.timeout.max = 5200ms (custom)
2022-05-11 01:30:43,390 [pool-503-thread-1] INFO  server.RaftServerConfigKeys (ConfUtils.java:logGet(44)) - raft.server.rpc.sleep.time = 25ms (default)
2022-05-11 01:30:43,390 [pool-503-thread-1] INFO  server.RaftServerConfigKeys (ConfUtils.java:logGet(44)) - raft.server.rpc.slowness.timeout = 300s (custom)
2022-05-11 01:30:43,390 [pool-503-thread-1] INFO  server.RaftServerConfigKeys (ConfUtils.java:logGet(44)) - raft.server.leaderelection.leader.step-down.wait-time = 10s (default)
2022-05-11 01:30:43,390 [pool-503-thread-1] INFO  server.RaftServerConfigKeys (ConfUtils.java:logGet(44)) - raft.server.sleep.deviation.threshold = 300ms (default)
2022-05-11 01:30:43,390 [pool-503-thread-1] INFO  server.RaftServerConfigKeys (ConfUtils.java:logGet(44)) - raft.server.log.appender.install.snapshot.enabled = false (custom)
2022-05-11 01:30:43,390 [pool-503-thread-1] INFO  server.RaftServer$Division (ServerState.java:<init>(105)) - f563069c-118f-4871-9b30-ceec0ce6fdc0@group-323CE00478C8: ConfigurationManager, init=-1: [f563069c-118f-4871-9b30-ceec0ce6fdc0|rpc:10.1.0.42:37767|priority:1], old=null, confs=<EMPTY_MAP>
2022-05-11 01:30:43,390 [pool-503-thread-1] INFO  server.RaftServerConfigKeys (ConfUtils.java:logGet(44)) - raft.server.storage.dir = [/home/runner/work/ozone/ozone/hadoop-ozone/integration-test/target/test-dir/MiniOzoneClusterImpl-37128324-e3dc-46f8-950a-3a99f891b880/datanode-0/data/ratis] (custom)
2022-05-11 01:30:43,391 [pool-503-thread-1] INFO  server.RaftServerConfigKeys (ConfUtils.java:logGet(44)) - raft.server.log.corruption.policy = EXCEPTION (default)
2022-05-11 01:30:43,391 [pool-503-thread-1] INFO  server.RaftServerConfigKeys (ConfUtils.java:logGet(44)) - raft.server.storage.free-space.min = 0MB (=0) (default)
2022-05-11 01:30:43,391 [pool-503-thread-1] INFO  storage.RaftStorageDirectory (RaftStorageDirectoryImpl.java:analyzeStorage(135)) - The storage directory /home/runner/work/ozone/ozone/hadoop-ozone/integration-test/target/test-dir/MiniOzoneClusterImpl-37128324-e3dc-46f8-950a-3a99f891b880/datanode-0/data/ratis/10277cfe-d21f-4a81-8ddd-323ce00478c8 does not exist. Creating ...
2022-05-11 01:30:43,392 [pool-503-thread-1] INFO  storage.RaftStorageDirectory (RaftStorageDirectoryImpl.java:tryLock(230)) - Lock on /home/runner/work/ozone/ozone/hadoop-ozone/integration-test/target/test-dir/MiniOzoneClusterImpl-37128324-e3dc-46f8-950a-3a99f891b880/datanode-0/data/ratis/10277cfe-d21f-4a81-8ddd-323ce00478c8/in_use.lock acquired by nodename 4883@fv-az291-847
2022-05-11 01:30:43,406 [pool-503-thread-1] INFO  storage.RaftStorage (RaftStorageImpl.java:format(89)) - Storage directory /home/runner/work/ozone/ozone/hadoop-ozone/integration-test/target/test-dir/MiniOzoneClusterImpl-37128324-e3dc-46f8-950a-3a99f891b880/datanode-0/data/ratis/10277cfe-d21f-4a81-8ddd-323ce00478c8 has been successfully formatted.
2022-05-11 01:30:43,413 [EventQueue-PipelineReportForPipelineReportHandler] INFO  pipeline.PipelineManagerImpl (PipelineManagerImpl.java:openPipeline(336)) - Pipeline Pipeline[ Id: 10277cfe-d21f-4a81-8ddd-323ce00478c8, Nodes: f563069c-118f-4871-9b30-ceec0ce6fdc0{ip: 10.1.0.42, host: fv-az291-847.wgnan5asplgejimfprtllbpdch.jx.internal.cloudapp.net, ports: [REPLICATION=33363, RATIS=37767, RATIS_ADMIN=37767, RATIS_SERVER=37767, STANDALONE=35887], networkLocation: /default-rack, certSerialId: null, persistedOpState: IN_SERVICE, persistedOpStateExpiryEpochSec: 0}, ReplicationConfig: RATIS/ONE, State:ALLOCATED, leaderId:f563069c-118f-4871-9b30-ceec0ce6fdc0, CreationTimestamp2022-05-11T01:30:40.408Z[Etc/UTC]] moved to OPEN state
2022-05-11 01:30:43,418 [pool-503-thread-1] INFO  ratis.ContainerStateMachine (ContainerStateMachine.java:loadSnapshot(236)) - group-323CE00478C8: The snapshot info is null. Setting the last applied indexto:(t:0, i:~)
2022-05-11 01:30:43,418 [pool-503-thread-1] INFO  server.RaftServerConfigKeys (ConfUtils.java:logGet(44)) - raft.server.notification.no-leader.timeout = 300s (custom)
2022-05-11 01:30:43,418 [pool-503-thread-1] INFO  server.RaftServerConfigKeys (ConfUtils.java:logGet(44)) - raft.server.log.use.memory = false (default)
2022-05-11 01:30:43,418 [pool-503-thread-1] INFO  server.RaftServerConfigKeys (ConfUtils.java:logGet(44)) - raft.server.log.purge.gap = 1000000 (custom)
2022-05-11 01:30:43,418 [pool-503-thread-1] INFO  server.RaftServerConfigKeys (ConfUtils.java:logGet(44)) - raft.server.log.appender.buffer.byte-limit = 33554432 (custom)
2022-05-11 01:30:43,419 [pool-503-thread-1] INFO  server.RaftServerConfigKeys (ConfUtils.java:logGet(44)) - raft.server.log.segment.size.max = 1048576 (custom)
2022-05-11 01:30:43,423 [pool-503-thread-1] INFO  server.RaftServerConfigKeys (ConfUtils.java:logGet(44)) - raft.server.log.segment.cache.num.max = 2 (custom)
2022-05-11 01:30:43,423 [pool-503-thread-1] INFO  server.RaftServerConfigKeys (ConfUtils.java:logGet(44)) - raft.server.log.segment.cache.size.max = 200MB (=209715200) (default)
2022-05-11 01:30:43,423 [pool-503-thread-1] INFO  segmented.SegmentedRaftLogWorker (SegmentedRaftLogWorker.java:<init>(182)) - new f563069c-118f-4871-9b30-ceec0ce6fdc0@group-323CE00478C8-SegmentedRaftLogWorker for RaftStorageImpl:Storage Directory /home/runner/work/ozone/ozone/hadoop-ozone/integration-test/target/test-dir/MiniOzoneClusterImpl-37128324-e3dc-46f8-950a-3a99f891b880/datanode-0/data/ratis/10277cfe-d21f-4a81-8ddd-323ce00478c8
2022-05-11 01:30:43,423 [pool-503-thread-1] INFO  server.RaftServerConfigKeys (ConfUtils.java:logGet(44)) - raft.server.log.queue.byte-limit = 4294967296 (custom)
2022-05-11 01:30:43,423 [pool-503-thread-1] INFO  server.RaftServerConfigKeys (ConfUtils.java:logGet(44)) - raft.server.log.queue.element-limit = 1024 (custom)
2022-05-11 01:30:43,423 [pool-503-thread-1] INFO  server.RaftServerConfigKeys (ConfUtils.java:logGet(44)) - raft.server.log.segment.size.max = 1048576 (custom)
2022-05-11 01:30:43,423 [pool-503-thread-1] INFO  server.RaftServerConfigKeys (ConfUtils.java:logGet(44)) - raft.server.log.preallocated.size = 16384 (custom)
2022-05-11 01:30:43,423 [pool-503-thread-1] INFO  server.RaftServerConfigKeys (ConfUtils.java:logGet(44)) - raft.server.log.force.sync.num = 128 (default)
2022-05-11 01:30:43,423 [pool-503-thread-1] INFO  server.RaftServerConfigKeys (ConfUtils.java:logGet(44)) - raft.server.log.statemachine.data.sync = true (default)
2022-05-11 01:30:43,427 [pool-503-thread-1] INFO  server.RaftServerConfigKeys (ConfUtils.java:logGet(44)) - raft.server.log.statemachine.data.sync.timeout = 10s (default)
2022-05-11 01:30:43,427 [pool-503-thread-1] INFO  server.RaftServerConfigKeys (ConfUtils.java:logGet(44)) - raft.server.log.statemachine.data.sync.timeout.retry = -1 (default)
2022-05-11 01:30:43,431 [pool-503-thread-1] INFO  server.RaftServerConfigKeys (ConfUtils.java:logGet(44)) - raft.server.log.write.buffer.size = 1048576 (custom)
2022-05-11 01:30:43,431 [pool-503-thread-1] INFO  server.RaftServerConfigKeys (ConfUtils.java:logGet(44)) - raft.server.log.statemachine.data.caching.enabled = true (custom)
2022-05-11 01:30:43,431 [pool-503-thread-1] INFO  segmented.SegmentedRaftLogWorker (SegmentedRaftLogWorker.java:lambda$new$0(133)) - f563069c-118f-4871-9b30-ceec0ce6fdc0@group-323CE00478C8-SegmentedRaftLogWorker: flushIndex: setUnconditionally 0 -> -1
2022-05-11 01:30:43,431 [pool-503-thread-1] INFO  segmented.SegmentedRaftLogWorker (SegmentedRaftLogWorker.java:lambda$new$0(133)) - f563069c-118f-4871-9b30-ceec0ce6fdc0@group-323CE00478C8-SegmentedRaftLogWorker: safeCacheEvictIndex: setUnconditionally 0 -> -1
2022-05-11 01:30:43,443 [EventQueue-OpenPipelineForHealthyPipelineSafeModeRule] INFO  safemode.SCMSafeModeManager (HealthyPipelineSafeModeRule.java:process(124)) - SCM in safe mode. Healthy pipelines reported count is 0, required healthy pipeline reported count is 1
2022-05-11 01:30:43,443 [pool-503-thread-1] INFO  server.RaftServerConfigKeys (ConfUtils.java:logGet(44)) - raft.server.snapshot.auto.trigger.enabled = true (custom)
2022-05-11 01:30:43,443 [pool-503-thread-1] INFO  server.RaftServerConfigKeys (ConfUtils.java:logGet(44)) - raft.server.snapshot.auto.trigger.threshold = 10000 (custom)
2022-05-11 01:30:43,444 [pool-503-thread-1] INFO  server.RaftServerConfigKeys (ConfUtils.java:logGet(44)) - raft.server.snapshot.retention.file.num = 5 (custom)
2022-05-11 01:30:43,444 [pool-503-thread-1] INFO  server.RaftServerConfigKeys (ConfUtils.java:logGet(44)) - raft.server.log.purge.upto.snapshot.index = false (default)
2022-05-11 01:30:43,444 [pool-503-thread-1] INFO  server.RaftServerConfigKeys (ConfUtils.java:logGet(44)) - raft.server.retrycache.expirytime = 600000ms (custom)
2022-05-11 01:30:43,444 [pool-503-thread-1] INFO  server.RaftServerConfigKeys (ConfUtils.java:logGet(44)) - raft.server.retrycache.statistics.expirytime = 100μs (default)
2022-05-11 01:30:43,445 [pool-503-thread-1] INFO  server.RaftServer$Division (RaftServerImpl.java:start(301)) - f563069c-118f-4871-9b30-ceec0ce6fdc0@group-323CE00478C8: start as a follower, conf=-1: [f563069c-118f-4871-9b30-ceec0ce6fdc0|rpc:10.1.0.42:37767|priority:1], old=null
2022-05-11 01:30:43,445 [pool-503-thread-1] INFO  server.RaftServer$Division (RaftServerImpl.java:setRole(290)) - f563069c-118f-4871-9b30-ceec0ce6fdc0@group-323CE00478C8: changes role from      null to FOLLOWER at term 0 for startAsFollower
2022-05-11 01:30:43,445 [pool-503-thread-1] INFO  impl.RoleInfo (RoleInfo.java:updateAndGet(130)) - f563069c-118f-4871-9b30-ceec0ce6fdc0: start f563069c-118f-4871-9b30-ceec0ce6fdc0@group-323CE00478C8-FollowerState
2022-05-11 01:30:43,460 [pool-503-thread-1] INFO  util.JmxRegister (JmxRegister.java:tryRegister(44)) - Successfully registered JMX Bean with object name Ratis:service=RaftServer,group=group-323CE00478C8,id=f563069c-118f-4871-9b30-ceec0ce6fdc0
2022-05-11 01:30:43,479 [Command processor thread] INFO  ratis.XceiverServerRatis (XceiverServerRatis.java:addGroup(765)) - Created group PipelineID=10277cfe-d21f-4a81-8ddd-323ce00478c8
2022-05-11 01:30:43,479 [Command processor thread] INFO  commandhandler.CreatePipelineCommandHandler (CreatePipelineCommandHandler.java:handle(113)) - Created Pipeline RATIS ONE PipelineID=10277cfe-d21f-4a81-8ddd-323ce00478c8.
2022-05-11 01:30:43,480 [Command processor thread] INFO  server.RaftServer (RaftServerProxy.java:addNew(95)) - f563069c-118f-4871-9b30-ceec0ce6fdc0: addNew group-28077CEF4A72:[f563069c-118f-4871-9b30-ceec0ce6fdc0|rpc:10.1.0.42:37767|priority:0, 4abb40c6-5512-454b-8b90-80ea8fb75f11|rpc:10.1.0.42:42053|priority:0, 53785889-3bf0-451b-ad64-fb7c3b645957|rpc:10.1.0.42:46195|priority:1] returns group-28077CEF4A72:java.util.concurrent.CompletableFuture@2b2894b0[Not completed]
2022-05-11 01:30:43,481 [pool-503-thread-1] INFO  server.RaftServer$Division (RaftServerImpl.java:<init>(184)) - f563069c-118f-4871-9b30-ceec0ce6fdc0: new RaftServerImpl for group-28077CEF4A72:[f563069c-118f-4871-9b30-ceec0ce6fdc0|rpc:10.1.0.42:37767|priority:0, 4abb40c6-5512-454b-8b90-80ea8fb75f11|rpc:10.1.0.42:42053|priority:0, 53785889-3bf0-451b-ad64-fb7c3b645957|rpc:10.1.0.42:46195|priority:1] with ContainerStateMachine:uninitialized
2022-05-11 01:30:43,481 [pool-503-thread-1] INFO  server.RaftServerConfigKeys (ConfUtils.java:logGet(44)) - raft.server.rpc.timeout.min = 5s (custom)
2022-05-11 01:30:43,481 [pool-503-thread-1] INFO  server.RaftServerConfigKeys (ConfUtils.java:logGet(44)) - raft.server.rpc.timeout.max = 5200ms (custom)
2022-05-11 01:30:43,481 [pool-503-thread-1] INFO  server.RaftServerConfigKeys (ConfUtils.java:logGet(44)) - raft.server.rpc.sleep.time = 25ms (default)
2022-05-11 01:30:43,481 [pool-503-thread-1] INFO  server.RaftServerConfigKeys (ConfUtils.java:logGet(44)) - raft.server.rpc.slowness.timeout = 300s (custom)
2022-05-11 01:30:43,481 [pool-503-thread-1] INFO  server.RaftServerConfigKeys (ConfUtils.java:logGet(44)) - raft.server.leaderelection.leader.step-down.wait-time = 10s (default)
2022-05-11 01:30:43,481 [pool-503-thread-1] INFO  server.RaftServerConfigKeys (ConfUtils.java:logGet(44)) - raft.server.sleep.deviation.threshold = 300ms (default)
2022-05-11 01:30:43,481 [pool-503-thread-1] INFO  server.RaftServerConfigKeys (ConfUtils.java:logGet(44)) - raft.server.log.appender.install.snapshot.enabled = false (custom)
2022-05-11 01:30:43,481 [pool-503-thread-1] INFO  server.RaftServer$Division (ServerState.java:<init>(105)) - f563069c-118f-4871-9b30-ceec0ce6fdc0@group-28077CEF4A72: ConfigurationManager, init=-1: [f563069c-118f-4871-9b30-ceec0ce6fdc0|rpc:10.1.0.42:37767|priority:0, 4abb40c6-5512-454b-8b90-80ea8fb75f11|rpc:10.1.0.42:42053|priority:0, 53785889-3bf0-451b-ad64-fb7c3b645957|rpc:10.1.0.42:46195|priority:1], old=null, confs=<EMPTY_MAP>
2022-05-11 01:30:43,481 [pool-503-thread-1] INFO  server.RaftServerConfigKeys (ConfUtils.java:logGet(44)) - raft.server.storage.dir = [/home/runner/work/ozone/ozone/hadoop-ozone/integration-test/target/test-dir/MiniOzoneClusterImpl-37128324-e3dc-46f8-950a-3a99f891b880/datanode-0/data/ratis] (custom)
2022-05-11 01:30:43,482 [pool-503-thread-1] INFO  server.RaftServerConfigKeys (ConfUtils.java:logGet(44)) - raft.server.log.corruption.policy = EXCEPTION (default)
2022-05-11 01:30:43,482 [pool-503-thread-1] INFO  server.RaftServerConfigKeys (ConfUtils.java:logGet(44)) - raft.server.storage.free-space.min = 0MB (=0) (default)
2022-05-11 01:30:43,482 [pool-503-thread-1] INFO  storage.RaftStorageDirectory (RaftStorageDirectoryImpl.java:analyzeStorage(135)) - The storage directory /home/runner/work/ozone/ozone/hadoop-ozone/integration-test/target/test-dir/MiniOzoneClusterImpl-37128324-e3dc-46f8-950a-3a99f891b880/datanode-0/data/ratis/27bacb09-d088-4294-8aa9-28077cef4a72 does not exist. Creating ...
2022-05-11 01:30:43,483 [pool-503-thread-1] INFO  storage.RaftStorageDirectory (RaftStorageDirectoryImpl.java:tryLock(230)) - Lock on /home/runner/work/ozone/ozone/hadoop-ozone/integration-test/target/test-dir/MiniOzoneClusterImpl-37128324-e3dc-46f8-950a-3a99f891b880/datanode-0/data/ratis/27bacb09-d088-4294-8aa9-28077cef4a72/in_use.lock acquired by nodename 4883@fv-az291-847
2022-05-11 01:30:43,485 [pool-503-thread-1] INFO  storage.RaftStorage (RaftStorageImpl.java:format(89)) - Storage directory /home/runner/work/ozone/ozone/hadoop-ozone/integration-test/target/test-dir/MiniOzoneClusterImpl-37128324-e3dc-46f8-950a-3a99f891b880/datanode-0/data/ratis/27bacb09-d088-4294-8aa9-28077cef4a72 has been successfully formatted.
2022-05-11 01:30:43,485 [pool-503-thread-1] INFO  ratis.ContainerStateMachine (ContainerStateMachine.java:loadSnapshot(236)) - group-28077CEF4A72: The snapshot info is null. Setting the last applied indexto:(t:0, i:~)
2022-05-11 01:30:43,495 [pool-503-thread-1] INFO  server.RaftServerConfigKeys (ConfUtils.java:logGet(44)) - raft.server.notification.no-leader.timeout = 300s (custom)
2022-05-11 01:30:43,495 [pool-503-thread-1] INFO  server.RaftServerConfigKeys (ConfUtils.java:logGet(44)) - raft.server.log.use.memory = false (default)
2022-05-11 01:30:43,495 [pool-503-thread-1] INFO  server.RaftServerConfigKeys (ConfUtils.java:logGet(44)) - raft.server.log.purge.gap = 1000000 (custom)
2022-05-11 01:30:43,495 [pool-503-thread-1] INFO  server.RaftServerConfigKeys (ConfUtils.java:logGet(44)) - raft.server.log.appender.buffer.byte-limit = 33554432 (custom)
2022-05-11 01:30:43,495 [pool-503-thread-1] INFO  server.RaftServerConfigKeys (ConfUtils.java:logGet(44)) - raft.server.log.segment.size.max = 1048576 (custom)
2022-05-11 01:30:43,496 [pool-503-thread-1] INFO  server.RaftServerConfigKeys (ConfUtils.java:logGet(44)) - raft.server.log.segment.cache.num.max = 2 (custom)
2022-05-11 01:30:43,496 [pool-503-thread-1] INFO  server.RaftServerConfigKeys (ConfUtils.java:logGet(44)) - raft.server.log.segment.cache.size.max = 200MB (=209715200) (default)
2022-05-11 01:30:43,496 [pool-503-thread-1] INFO  segmented.SegmentedRaftLogWorker (SegmentedRaftLogWorker.java:<init>(182)) - new f563069c-118f-4871-9b30-ceec0ce6fdc0@group-28077CEF4A72-SegmentedRaftLogWorker for RaftStorageImpl:Storage Directory /home/runner/work/ozone/ozone/hadoop-ozone/integration-test/target/test-dir/MiniOzoneClusterImpl-37128324-e3dc-46f8-950a-3a99f891b880/datanode-0/data/ratis/27bacb09-d088-4294-8aa9-28077cef4a72
2022-05-11 01:30:43,496 [pool-503-thread-1] INFO  server.RaftServerConfigKeys (ConfUtils.java:logGet(44)) - raft.server.log.queue.byte-limit = 4294967296 (custom)
2022-05-11 01:30:43,496 [pool-503-thread-1] INFO  server.RaftServerConfigKeys (ConfUtils.java:logGet(44)) - raft.server.log.queue.element-limit = 1024 (custom)
2022-05-11 01:30:43,496 [pool-503-thread-1] INFO  server.RaftServerConfigKeys (ConfUtils.java:logGet(44)) - raft.server.log.segment.size.max = 1048576 (custom)
2022-05-11 01:30:43,496 [pool-503-thread-1] INFO  server.RaftServerConfigKeys (ConfUtils.java:logGet(44)) - raft.server.log.preallocated.size = 16384 (custom)
2022-05-11 01:30:43,496 [pool-503-thread-1] INFO  server.RaftServerConfigKeys (ConfUtils.java:logGet(44)) - raft.server.log.force.sync.num = 128 (default)
2022-05-11 01:30:43,496 [pool-503-thread-1] INFO  server.RaftServerConfigKeys (ConfUtils.java:logGet(44)) - raft.server.log.statemachine.data.sync = true (default)
2022-05-11 01:30:43,496 [pool-503-thread-1] INFO  server.RaftServerConfigKeys (ConfUtils.java:logGet(44)) - raft.server.log.statemachine.data.sync.timeout = 10s (default)
2022-05-11 01:30:43,496 [pool-503-thread-1] INFO  server.RaftServerConfigKeys (ConfUtils.java:logGet(44)) - raft.server.log.statemachine.data.sync.timeout.retry = -1 (default)
2022-05-11 01:30:43,497 [pool-503-thread-1] INFO  server.RaftServerConfigKeys (ConfUtils.java:logGet(44)) - raft.server.log.write.buffer.size = 1048576 (custom)
2022-05-11 01:30:43,498 [pool-503-thread-1] INFO  server.RaftServerConfigKeys (ConfUtils.java:logGet(44)) - raft.server.log.statemachine.data.caching.enabled = true (custom)
2022-05-11 01:30:43,500 [EventQueue-OpenPipelineForHealthyPipelineSafeModeRule] INFO  safemode.SCMSafeModeManager (HealthyPipelineSafeModeRule.java:process(124)) - SCM in safe mode. Healthy pipelines reported count is 0, required healthy pipeline reported count is 1
2022-05-11 01:30:43,501 [pool-503-thread-1] INFO  segmented.SegmentedRaftLogWorker (SegmentedRaftLogWorker.java:lambda$new$0(133)) - f563069c-118f-4871-9b30-ceec0ce6fdc0@group-28077CEF4A72-SegmentedRaftLogWorker: flushIndex: setUnconditionally 0 -> -1
2022-05-11 01:30:43,501 [pool-503-thread-1] INFO  segmented.SegmentedRaftLogWorker (SegmentedRaftLogWorker.java:lambda$new$0(133)) - f563069c-118f-4871-9b30-ceec0ce6fdc0@group-28077CEF4A72-SegmentedRaftLogWorker: safeCacheEvictIndex: setUnconditionally 0 -> -1
2022-05-11 01:30:43,509 [pool-503-thread-1] INFO  server.RaftServerConfigKeys (ConfUtils.java:logGet(44)) - raft.server.snapshot.auto.trigger.enabled = true (custom)
2022-05-11 01:30:43,509 [pool-503-thread-1] INFO  server.RaftServerConfigKeys (ConfUtils.java:logGet(44)) - raft.server.snapshot.auto.trigger.threshold = 10000 (custom)
2022-05-11 01:30:43,509 [pool-503-thread-1] INFO  server.RaftServerConfigKeys (ConfUtils.java:logGet(44)) - raft.server.snapshot.retention.file.num = 5 (custom)
2022-05-11 01:30:43,509 [pool-503-thread-1] INFO  server.RaftServerConfigKeys (ConfUtils.java:logGet(44)) - raft.server.log.purge.upto.snapshot.index = false (default)
2022-05-11 01:30:43,509 [pool-503-thread-1] INFO  server.RaftServerConfigKeys (ConfUtils.java:logGet(44)) - raft.server.retrycache.expirytime = 600000ms (custom)
2022-05-11 01:30:43,509 [pool-503-thread-1] INFO  server.RaftServerConfigKeys (ConfUtils.java:logGet(44)) - raft.server.retrycache.statistics.expirytime = 100μs (default)
2022-05-11 01:30:43,511 [pool-503-thread-1] INFO  server.RaftServer$Division (RaftServerImpl.java:start(301)) - f563069c-118f-4871-9b30-ceec0ce6fdc0@group-28077CEF4A72: start as a follower, conf=-1: [f563069c-118f-4871-9b30-ceec0ce6fdc0|rpc:10.1.0.42:37767|priority:0, 4abb40c6-5512-454b-8b90-80ea8fb75f11|rpc:10.1.0.42:42053|priority:0, 53785889-3bf0-451b-ad64-fb7c3b645957|rpc:10.1.0.42:46195|priority:1], old=null
2022-05-11 01:30:43,511 [pool-503-thread-1] INFO  server.RaftServer$Division (RaftServerImpl.java:setRole(290)) - f563069c-118f-4871-9b30-ceec0ce6fdc0@group-28077CEF4A72: changes role from      null to FOLLOWER at term 0 for startAsFollower
2022-05-11 01:30:43,511 [pool-503-thread-1] INFO  impl.RoleInfo (RoleInfo.java:updateAndGet(130)) - f563069c-118f-4871-9b30-ceec0ce6fdc0: start f563069c-118f-4871-9b30-ceec0ce6fdc0@group-28077CEF4A72-FollowerState
2022-05-11 01:30:43,517 [pool-503-thread-1] INFO  util.JmxRegister (JmxRegister.java:tryRegister(44)) - Successfully registered JMX Bean with object name Ratis:service=RaftServer,group=group-28077CEF4A72,id=f563069c-118f-4871-9b30-ceec0ce6fdc0
2022-05-11 01:30:43,519 [Command processor thread] INFO  ratis.XceiverServerRatis (XceiverServerRatis.java:addGroup(765)) - Created group PipelineID=27bacb09-d088-4294-8aa9-28077cef4a72
2022-05-11 01:30:43,530 [grpc-default-executor-1] INFO  server.RaftServer (RaftServerProxy.java:addNew(95)) - 53785889-3bf0-451b-ad64-fb7c3b645957: addNew group-28077CEF4A72:[f563069c-118f-4871-9b30-ceec0ce6fdc0|rpc:10.1.0.42:37767|dataStream:|priority:0, 4abb40c6-5512-454b-8b90-80ea8fb75f11|rpc:10.1.0.42:42053|dataStream:|priority:0, 53785889-3bf0-451b-ad64-fb7c3b645957|rpc:10.1.0.42:46195|dataStream:|priority:1] returns group-28077CEF4A72:java.util.concurrent.CompletableFuture@16f00bc4[Not completed]
2022-05-11 01:30:43,542 [pool-524-thread-1] INFO  server.RaftServer$Division (RaftServerImpl.java:<init>(184)) - 53785889-3bf0-451b-ad64-fb7c3b645957: new RaftServerImpl for group-28077CEF4A72:[f563069c-118f-4871-9b30-ceec0ce6fdc0|rpc:10.1.0.42:37767|dataStream:|priority:0, 4abb40c6-5512-454b-8b90-80ea8fb75f11|rpc:10.1.0.42:42053|dataStream:|priority:0, 53785889-3bf0-451b-ad64-fb7c3b645957|rpc:10.1.0.42:46195|dataStream:|priority:1] with ContainerStateMachine:uninitialized
2022-05-11 01:30:43,548 [pool-524-thread-1] INFO  server.RaftServerConfigKeys (ConfUtils.java:logGet(44)) - raft.server.rpc.timeout.min = 5s (custom)
2022-05-11 01:30:43,548 [pool-524-thread-1] INFO  server.RaftServerConfigKeys (ConfUtils.java:logGet(44)) - raft.server.rpc.timeout.max = 5200ms (custom)
2022-05-11 01:30:43,548 [pool-524-thread-1] INFO  server.RaftServerConfigKeys (ConfUtils.java:logGet(44)) - raft.server.rpc.sleep.time = 25ms (default)
2022-05-11 01:30:43,548 [pool-524-thread-1] INFO  server.RaftServerConfigKeys (ConfUtils.java:logGet(44)) - raft.server.rpc.slowness.timeout = 300s (custom)
2022-05-11 01:30:43,548 [pool-524-thread-1] INFO  server.RaftServerConfigKeys (ConfUtils.java:logGet(44)) - raft.server.leaderelection.leader.step-down.wait-time = 10s (default)
2022-05-11 01:30:43,549 [pool-524-thread-1] INFO  server.RaftServerConfigKeys (ConfUtils.java:logGet(44)) - raft.server.sleep.deviation.threshold = 300ms (default)
2022-05-11 01:30:43,549 [pool-524-thread-1] INFO  server.RaftServerConfigKeys (ConfUtils.java:logGet(44)) - raft.server.log.appender.install.snapshot.enabled = false (custom)
2022-05-11 01:30:43,559 [pool-524-thread-1] INFO  server.RaftServer$Division (ServerState.java:<init>(105)) - 53785889-3bf0-451b-ad64-fb7c3b645957@group-28077CEF4A72: ConfigurationManager, init=-1: [f563069c-118f-4871-9b30-ceec0ce6fdc0|rpc:10.1.0.42:37767|dataStream:|priority:0, 4abb40c6-5512-454b-8b90-80ea8fb75f11|rpc:10.1.0.42:42053|dataStream:|priority:0, 53785889-3bf0-451b-ad64-fb7c3b645957|rpc:10.1.0.42:46195|dataStream:|priority:1], old=null, confs=<EMPTY_MAP>
2022-05-11 01:30:43,559 [pool-524-thread-1] INFO  server.RaftServerConfigKeys (ConfUtils.java:logGet(44)) - raft.server.storage.dir = [/home/runner/work/ozone/ozone/hadoop-ozone/integration-test/target/test-dir/MiniOzoneClusterImpl-37128324-e3dc-46f8-950a-3a99f891b880/datanode-1/data/ratis] (custom)
2022-05-11 01:30:43,559 [pool-524-thread-1] INFO  server.RaftServerConfigKeys (ConfUtils.java:logGet(44)) - raft.server.log.corruption.policy = EXCEPTION (default)
2022-05-11 01:30:43,559 [pool-524-thread-1] INFO  server.RaftServerConfigKeys (ConfUtils.java:logGet(44)) - raft.server.storage.free-space.min = 0MB (=0) (default)
2022-05-11 01:30:43,559 [pool-524-thread-1] INFO  storage.RaftStorageDirectory (RaftStorageDirectoryImpl.java:analyzeStorage(135)) - The storage directory /home/runner/work/ozone/ozone/hadoop-ozone/integration-test/target/test-dir/MiniOzoneClusterImpl-37128324-e3dc-46f8-950a-3a99f891b880/datanode-1/data/ratis/27bacb09-d088-4294-8aa9-28077cef4a72 does not exist. Creating ...
2022-05-11 01:30:43,563 [pool-524-thread-1] INFO  storage.RaftStorageDirectory (RaftStorageDirectoryImpl.java:tryLock(230)) - Lock on /home/runner/work/ozone/ozone/hadoop-ozone/integration-test/target/test-dir/MiniOzoneClusterImpl-37128324-e3dc-46f8-950a-3a99f891b880/datanode-1/data/ratis/27bacb09-d088-4294-8aa9-28077cef4a72/in_use.lock acquired by nodename 4883@fv-az291-847
2022-05-11 01:30:43,565 [pool-524-thread-1] INFO  storage.RaftStorage (RaftStorageImpl.java:format(89)) - Storage directory /home/runner/work/ozone/ozone/hadoop-ozone/integration-test/target/test-dir/MiniOzoneClusterImpl-37128324-e3dc-46f8-950a-3a99f891b880/datanode-1/data/ratis/27bacb09-d088-4294-8aa9-28077cef4a72 has been successfully formatted.
2022-05-11 01:30:43,575 [pool-524-thread-1] INFO  ratis.ContainerStateMachine (ContainerStateMachine.java:loadSnapshot(236)) - group-28077CEF4A72: The snapshot info is null. Setting the last applied indexto:(t:0, i:~)
2022-05-11 01:30:43,575 [pool-524-thread-1] INFO  server.RaftServerConfigKeys (ConfUtils.java:logGet(44)) - raft.server.notification.no-leader.timeout = 300s (custom)
2022-05-11 01:30:43,575 [pool-524-thread-1] INFO  server.RaftServerConfigKeys (ConfUtils.java:logGet(44)) - raft.server.log.use.memory = false (default)
2022-05-11 01:30:43,575 [pool-524-thread-1] INFO  server.RaftServerConfigKeys (ConfUtils.java:logGet(44)) - raft.server.log.purge.gap = 1000000 (custom)
2022-05-11 01:30:43,575 [pool-524-thread-1] INFO  server.RaftServerConfigKeys (ConfUtils.java:logGet(44)) - raft.server.log.appender.buffer.byte-limit = 33554432 (custom)
2022-05-11 01:30:43,575 [pool-524-thread-1] INFO  server.RaftServerConfigKeys (ConfUtils.java:logGet(44)) - raft.server.log.segment.size.max = 1048576 (custom)
2022-05-11 01:30:43,576 [pool-524-thread-1] INFO  server.RaftServerConfigKeys (ConfUtils.java:logGet(44)) - raft.server.log.segment.cache.num.max = 2 (custom)
2022-05-11 01:30:43,576 [pool-524-thread-1] INFO  server.RaftServerConfigKeys (ConfUtils.java:logGet(44)) - raft.server.log.segment.cache.size.max = 200MB (=209715200) (default)
2022-05-11 01:30:43,576 [pool-524-thread-1] INFO  segmented.SegmentedRaftLogWorker (SegmentedRaftLogWorker.java:<init>(182)) - new 53785889-3bf0-451b-ad64-fb7c3b645957@group-28077CEF4A72-SegmentedRaftLogWorker for RaftStorageImpl:Storage Directory /home/runner/work/ozone/ozone/hadoop-ozone/integration-test/target/test-dir/MiniOzoneClusterImpl-37128324-e3dc-46f8-950a-3a99f891b880/datanode-1/data/ratis/27bacb09-d088-4294-8aa9-28077cef4a72
2022-05-11 01:30:43,576 [pool-524-thread-1] INFO  server.RaftServerConfigKeys (ConfUtils.java:logGet(44)) - raft.server.log.queue.byte-limit = 4294967296 (custom)
2022-05-11 01:30:43,576 [pool-524-thread-1] INFO  server.RaftServerConfigKeys (ConfUtils.java:logGet(44)) - raft.server.log.queue.element-limit = 1024 (custom)
2022-05-11 01:30:43,576 [pool-524-thread-1] INFO  server.RaftServerConfigKeys (ConfUtils.java:logGet(44)) - raft.server.log.segment.size.max = 1048576 (custom)
2022-05-11 01:30:43,576 [pool-524-thread-1] INFO  server.RaftServerConfigKeys (ConfUtils.java:logGet(44)) - raft.server.log.preallocated.size = 16384 (custom)
2022-05-11 01:30:43,576 [pool-524-thread-1] INFO  server.RaftServerConfigKeys (ConfUtils.java:logGet(44)) - raft.server.log.force.sync.num = 128 (default)
2022-05-11 01:30:43,576 [pool-524-thread-1] INFO  server.RaftServerConfigKeys (ConfUtils.java:logGet(44)) - raft.server.log.statemachine.data.sync = true (default)
2022-05-11 01:30:43,576 [pool-524-thread-1] INFO  server.RaftServerConfigKeys (ConfUtils.java:logGet(44)) - raft.server.log.statemachine.data.sync.timeout = 10s (default)
2022-05-11 01:30:43,577 [pool-524-thread-1] INFO  server.RaftServerConfigKeys (ConfUtils.java:logGet(44)) - raft.server.log.statemachine.data.sync.timeout.retry = -1 (default)
2022-05-11 01:30:43,578 [pool-524-thread-1] INFO  server.RaftServerConfigKeys (ConfUtils.java:logGet(44)) - raft.server.log.write.buffer.size = 1048576 (custom)
2022-05-11 01:30:43,578 [pool-524-thread-1] INFO  server.RaftServerConfigKeys (ConfUtils.java:logGet(44)) - raft.server.log.statemachine.data.caching.enabled = true (custom)
2022-05-11 01:30:43,578 [pool-524-thread-1] INFO  segmented.SegmentedRaftLogWorker (SegmentedRaftLogWorker.java:lambda$new$0(133)) - 53785889-3bf0-451b-ad64-fb7c3b645957@group-28077CEF4A72-SegmentedRaftLogWorker: flushIndex: setUnconditionally 0 -> -1
2022-05-11 01:30:43,578 [pool-524-thread-1] INFO  segmented.SegmentedRaftLogWorker (SegmentedRaftLogWorker.java:lambda$new$0(133)) - 53785889-3bf0-451b-ad64-fb7c3b645957@group-28077CEF4A72-SegmentedRaftLogWorker: safeCacheEvictIndex: setUnconditionally 0 -> -1
2022-05-11 01:30:43,581 [pool-524-thread-1] INFO  server.RaftServerConfigKeys (ConfUtils.java:logGet(44)) - raft.server.snapshot.auto.trigger.enabled = true (custom)
2022-05-11 01:30:43,581 [pool-524-thread-1] INFO  server.RaftServerConfigKeys (ConfUtils.java:logGet(44)) - raft.server.snapshot.auto.trigger.threshold = 10000 (custom)
2022-05-11 01:30:43,581 [pool-524-thread-1] INFO  server.RaftServerConfigKeys (ConfUtils.java:logGet(44)) - raft.server.snapshot.retention.file.num = 5 (custom)
2022-05-11 01:30:43,581 [pool-524-thread-1] INFO  server.RaftServerConfigKeys (ConfUtils.java:logGet(44)) - raft.server.log.purge.upto.snapshot.index = false (default)
2022-05-11 01:30:43,581 [pool-524-thread-1] INFO  server.RaftServerConfigKeys (ConfUtils.java:logGet(44)) - raft.server.retrycache.expirytime = 600000ms (custom)
2022-05-11 01:30:43,581 [pool-524-thread-1] INFO  server.RaftServerConfigKeys (ConfUtils.java:logGet(44)) - raft.server.retrycache.statistics.expirytime = 100μs (default)
2022-05-11 01:30:43,583 [pool-524-thread-1] INFO  server.RaftServer$Division (RaftServerImpl.java:start(301)) - 53785889-3bf0-451b-ad64-fb7c3b645957@group-28077CEF4A72: start as a follower, conf=-1: [f563069c-118f-4871-9b30-ceec0ce6fdc0|rpc:10.1.0.42:37767|dataStream:|priority:0, 4abb40c6-5512-454b-8b90-80ea8fb75f11|rpc:10.1.0.42:42053|dataStream:|priority:0, 53785889-3bf0-451b-ad64-fb7c3b645957|rpc:10.1.0.42:46195|dataStream:|priority:1], old=null
2022-05-11 01:30:43,583 [pool-524-thread-1] INFO  server.RaftServer$Division (RaftServerImpl.java:setRole(290)) - 53785889-3bf0-451b-ad64-fb7c3b645957@group-28077CEF4A72: changes role from      null to FOLLOWER at term 0 for startAsFollower
2022-05-11 01:30:43,583 [pool-524-thread-1] INFO  impl.RoleInfo (RoleInfo.java:updateAndGet(130)) - 53785889-3bf0-451b-ad64-fb7c3b645957: start 53785889-3bf0-451b-ad64-fb7c3b645957@group-28077CEF4A72-FollowerState
2022-05-11 01:30:43,590 [pool-524-thread-1] INFO  util.JmxRegister (JmxRegister.java:tryRegister(44)) - Successfully registered JMX Bean with object name Ratis:service=RaftServer,group=group-28077CEF4A72,id=53785889-3bf0-451b-ad64-fb7c3b645957
2022-05-11 01:30:43,623 [grpc-default-executor-1] INFO  server.RaftServer (RaftServerProxy.java:addNew(95)) - 4abb40c6-5512-454b-8b90-80ea8fb75f11: addNew group-28077CEF4A72:[f563069c-118f-4871-9b30-ceec0ce6fdc0|rpc:10.1.0.42:37767|dataStream:|priority:0, 4abb40c6-5512-454b-8b90-80ea8fb75f11|rpc:10.1.0.42:42053|dataStream:|priority:0, 53785889-3bf0-451b-ad64-fb7c3b645957|rpc:10.1.0.42:46195|dataStream:|priority:1] returns group-28077CEF4A72:java.util.concurrent.CompletableFuture@5ba07ba2[Not completed]
2022-05-11 01:30:43,636 [pool-545-thread-1] INFO  server.RaftServer$Division (RaftServerImpl.java:<init>(184)) - 4abb40c6-5512-454b-8b90-80ea8fb75f11: new RaftServerImpl for group-28077CEF4A72:[f563069c-118f-4871-9b30-ceec0ce6fdc0|rpc:10.1.0.42:37767|dataStream:|priority:0, 4abb40c6-5512-454b-8b90-80ea8fb75f11|rpc:10.1.0.42:42053|dataStream:|priority:0, 53785889-3bf0-451b-ad64-fb7c3b645957|rpc:10.1.0.42:46195|dataStream:|priority:1] with ContainerStateMachine:uninitialized
2022-05-11 01:30:43,650 [pool-545-thread-1] INFO  server.RaftServerConfigKeys (ConfUtils.java:logGet(44)) - raft.server.rpc.timeout.min = 5s (custom)
2022-05-11 01:30:43,650 [pool-545-thread-1] INFO  server.RaftServerConfigKeys (ConfUtils.java:logGet(44)) - raft.server.rpc.timeout.max = 5200ms (custom)
2022-05-11 01:30:43,650 [pool-545-thread-1] INFO  server.RaftServerConfigKeys (ConfUtils.java:logGet(44)) - raft.server.rpc.sleep.time = 25ms (default)
2022-05-11 01:30:43,650 [pool-545-thread-1] INFO  server.RaftServerConfigKeys (ConfUtils.java:logGet(44)) - raft.server.rpc.slowness.timeout = 300s (custom)
2022-05-11 01:30:43,651 [pool-545-thread-1] INFO  server.RaftServerConfigKeys (ConfUtils.java:logGet(44)) - raft.server.leaderelection.leader.step-down.wait-time = 10s (default)
2022-05-11 01:30:43,651 [pool-545-thread-1] INFO  server.RaftServerConfigKeys (ConfUtils.java:logGet(44)) - raft.server.sleep.deviation.threshold = 300ms (default)
2022-05-11 01:30:43,651 [pool-545-thread-1] INFO  server.RaftServerConfigKeys (ConfUtils.java:logGet(44)) - raft.server.log.appender.install.snapshot.enabled = false (custom)
2022-05-11 01:30:43,651 [pool-545-thread-1] INFO  server.RaftServer$Division (ServerState.java:<init>(105)) - 4abb40c6-5512-454b-8b90-80ea8fb75f11@group-28077CEF4A72: ConfigurationManager, init=-1: [f563069c-118f-4871-9b30-ceec0ce6fdc0|rpc:10.1.0.42:37767|dataStream:|priority:0, 4abb40c6-5512-454b-8b90-80ea8fb75f11|rpc:10.1.0.42:42053|dataStream:|priority:0, 53785889-3bf0-451b-ad64-fb7c3b645957|rpc:10.1.0.42:46195|dataStream:|priority:1], old=null, confs=<EMPTY_MAP>
2022-05-11 01:30:43,651 [pool-545-thread-1] INFO  server.RaftServerConfigKeys (ConfUtils.java:logGet(44)) - raft.server.storage.dir = [/home/runner/work/ozone/ozone/hadoop-ozone/integration-test/target/test-dir/MiniOzoneClusterImpl-37128324-e3dc-46f8-950a-3a99f891b880/datanode-2/data/ratis] (custom)
2022-05-11 01:30:43,651 [pool-545-thread-1] INFO  server.RaftServerConfigKeys (ConfUtils.java:logGet(44)) - raft.server.log.corruption.policy = EXCEPTION (default)
2022-05-11 01:30:43,651 [pool-545-thread-1] INFO  server.RaftServerConfigKeys (ConfUtils.java:logGet(44)) - raft.server.storage.free-space.min = 0MB (=0) (default)
2022-05-11 01:30:43,651 [pool-545-thread-1] INFO  storage.RaftStorageDirectory (RaftStorageDirectoryImpl.java:analyzeStorage(135)) - The storage directory /home/runner/work/ozone/ozone/hadoop-ozone/integration-test/target/test-dir/MiniOzoneClusterImpl-37128324-e3dc-46f8-950a-3a99f891b880/datanode-2/data/ratis/27bacb09-d088-4294-8aa9-28077cef4a72 does not exist. Creating ...
2022-05-11 01:30:43,659 [pool-545-thread-1] INFO  storage.RaftStorageDirectory (RaftStorageDirectoryImpl.java:tryLock(230)) - Lock on /home/runner/work/ozone/ozone/hadoop-ozone/integration-test/target/test-dir/MiniOzoneClusterImpl-37128324-e3dc-46f8-950a-3a99f891b880/datanode-2/data/ratis/27bacb09-d088-4294-8aa9-28077cef4a72/in_use.lock acquired by nodename 4883@fv-az291-847
2022-05-11 01:30:43,664 [pool-545-thread-1] INFO  storage.RaftStorage (RaftStorageImpl.java:format(89)) - Storage directory /home/runner/work/ozone/ozone/hadoop-ozone/integration-test/target/test-dir/MiniOzoneClusterImpl-37128324-e3dc-46f8-950a-3a99f891b880/datanode-2/data/ratis/27bacb09-d088-4294-8aa9-28077cef4a72 has been successfully formatted.
2022-05-11 01:30:43,664 [pool-545-thread-1] INFO  ratis.ContainerStateMachine (ContainerStateMachine.java:loadSnapshot(236)) - group-28077CEF4A72: The snapshot info is null. Setting the last applied indexto:(t:0, i:~)
2022-05-11 01:30:43,664 [pool-545-thread-1] INFO  server.RaftServerConfigKeys (ConfUtils.java:logGet(44)) - raft.server.notification.no-leader.timeout = 300s (custom)
2022-05-11 01:30:43,664 [pool-545-thread-1] INFO  server.RaftServerConfigKeys (ConfUtils.java:logGet(44)) - raft.server.log.use.memory = false (default)
2022-05-11 01:30:43,664 [pool-545-thread-1] INFO  server.RaftServerConfigKeys (ConfUtils.java:logGet(44)) - raft.server.log.purge.gap = 1000000 (custom)
2022-05-11 01:30:43,664 [pool-545-thread-1] INFO  server.RaftServerConfigKeys (ConfUtils.java:logGet(44)) - raft.server.log.appender.buffer.byte-limit = 33554432 (custom)
2022-05-11 01:30:43,665 [pool-545-thread-1] INFO  server.RaftServerConfigKeys (ConfUtils.java:logGet(44)) - raft.server.log.segment.size.max = 1048576 (custom)
2022-05-11 01:30:43,665 [pool-545-thread-1] INFO  server.RaftServerConfigKeys (ConfUtils.java:logGet(44)) - raft.server.log.segment.cache.num.max = 2 (custom)
2022-05-11 01:30:43,665 [pool-545-thread-1] INFO  server.RaftServerConfigKeys (ConfUtils.java:logGet(44)) - raft.server.log.segment.cache.size.max = 200MB (=209715200) (default)
2022-05-11 01:30:43,665 [pool-545-thread-1] INFO  segmented.SegmentedRaftLogWorker (SegmentedRaftLogWorker.java:<init>(182)) - new 4abb40c6-5512-454b-8b90-80ea8fb75f11@group-28077CEF4A72-SegmentedRaftLogWorker for RaftStorageImpl:Storage Directory /home/runner/work/ozone/ozone/hadoop-ozone/integration-test/target/test-dir/MiniOzoneClusterImpl-37128324-e3dc-46f8-950a-3a99f891b880/datanode-2/data/ratis/27bacb09-d088-4294-8aa9-28077cef4a72
2022-05-11 01:30:43,665 [pool-545-thread-1] INFO  server.RaftServerConfigKeys (ConfUtils.java:logGet(44)) - raft.server.log.queue.byte-limit = 4294967296 (custom)
2022-05-11 01:30:43,665 [pool-545-thread-1] INFO  server.RaftServerConfigKeys (ConfUtils.java:logGet(44)) - raft.server.log.queue.element-limit = 1024 (custom)
2022-05-11 01:30:43,665 [pool-545-thread-1] INFO  server.RaftServerConfigKeys (ConfUtils.java:logGet(44)) - raft.server.log.segment.size.max = 1048576 (custom)
2022-05-11 01:30:43,665 [pool-545-thread-1] INFO  server.RaftServerConfigKeys (ConfUtils.java:logGet(44)) - raft.server.log.preallocated.size = 16384 (custom)
2022-05-11 01:30:43,665 [pool-545-thread-1] INFO  server.RaftServerConfigKeys (ConfUtils.java:logGet(44)) - raft.server.log.force.sync.num = 128 (default)
2022-05-11 01:30:43,666 [pool-545-thread-1] INFO  server.RaftServerConfigKeys (ConfUtils.java:logGet(44)) - raft.server.log.statemachine.data.sync = true (default)
2022-05-11 01:30:43,666 [pool-545-thread-1] INFO  server.RaftServerConfigKeys (ConfUtils.java:logGet(44)) - raft.server.log.statemachine.data.sync.timeout = 10s (default)
2022-05-11 01:30:43,666 [pool-545-thread-1] INFO  server.RaftServerConfigKeys (ConfUtils.java:logGet(44)) - raft.server.log.statemachine.data.sync.timeout.retry = -1 (default)
2022-05-11 01:30:43,686 [pool-545-thread-1] INFO  server.RaftServerConfigKeys (ConfUtils.java:logGet(44)) - raft.server.log.write.buffer.size = 1048576 (custom)
2022-05-11 01:30:43,689 [pool-545-thread-1] INFO  server.RaftServerConfigKeys (ConfUtils.java:logGet(44)) - raft.server.log.statemachine.data.caching.enabled = true (custom)
2022-05-11 01:30:43,689 [pool-545-thread-1] INFO  segmented.SegmentedRaftLogWorker (SegmentedRaftLogWorker.java:lambda$new$0(133)) - 4abb40c6-5512-454b-8b90-80ea8fb75f11@group-28077CEF4A72-SegmentedRaftLogWorker: flushIndex: setUnconditionally 0 -> -1
2022-05-11 01:30:43,689 [pool-545-thread-1] INFO  segmented.SegmentedRaftLogWorker (SegmentedRaftLogWorker.java:lambda$new$0(133)) - 4abb40c6-5512-454b-8b90-80ea8fb75f11@group-28077CEF4A72-SegmentedRaftLogWorker: safeCacheEvictIndex: setUnconditionally 0 -> -1
2022-05-11 01:30:43,695 [pool-545-thread-1] INFO  server.RaftServerConfigKeys (ConfUtils.java:logGet(44)) - raft.server.snapshot.auto.trigger.enabled = true (custom)
2022-05-11 01:30:43,695 [pool-545-thread-1] INFO  server.RaftServerConfigKeys (ConfUtils.java:logGet(44)) - raft.server.snapshot.auto.trigger.threshold = 10000 (custom)
2022-05-11 01:30:43,695 [pool-545-thread-1] INFO  server.RaftServerConfigKeys (ConfUtils.java:logGet(44)) - raft.server.snapshot.retention.file.num = 5 (custom)
2022-05-11 01:30:43,695 [pool-545-thread-1] INFO  server.RaftServerConfigKeys (ConfUtils.java:logGet(44)) - raft.server.log.purge.upto.snapshot.index = false (default)
2022-05-11 01:30:43,695 [pool-545-thread-1] INFO  server.RaftServerConfigKeys (ConfUtils.java:logGet(44)) - raft.server.retrycache.expirytime = 600000ms (custom)
2022-05-11 01:30:43,696 [pool-545-thread-1] INFO  server.RaftServerConfigKeys (ConfUtils.java:logGet(44)) - raft.server.retrycache.statistics.expirytime = 100μs (default)
2022-05-11 01:30:43,698 [pool-545-thread-1] INFO  server.RaftServer$Division (RaftServerImpl.java:start(301)) - 4abb40c6-5512-454b-8b90-80ea8fb75f11@group-28077CEF4A72: start as a follower, conf=-1: [f563069c-118f-4871-9b30-ceec0ce6fdc0|rpc:10.1.0.42:37767|dataStream:|priority:0, 4abb40c6-5512-454b-8b90-80ea8fb75f11|rpc:10.1.0.42:42053|dataStream:|priority:0, 53785889-3bf0-451b-ad64-fb7c3b645957|rpc:10.1.0.42:46195|dataStream:|priority:1], old=null
2022-05-11 01:30:43,698 [pool-545-thread-1] INFO  server.RaftServer$Division (RaftServerImpl.java:setRole(290)) - 4abb40c6-5512-454b-8b90-80ea8fb75f11@group-28077CEF4A72: changes role from      null to FOLLOWER at term 0 for startAsFollower
2022-05-11 01:30:43,698 [pool-545-thread-1] INFO  impl.RoleInfo (RoleInfo.java:updateAndGet(130)) - 4abb40c6-5512-454b-8b90-80ea8fb75f11: start 4abb40c6-5512-454b-8b90-80ea8fb75f11@group-28077CEF4A72-FollowerState
2022-05-11 01:30:43,703 [pool-545-thread-1] INFO  util.JmxRegister (JmxRegister.java:tryRegister(44)) - Successfully registered JMX Bean with object name Ratis:service=RaftServer,group=group-28077CEF4A72,id=4abb40c6-5512-454b-8b90-80ea8fb75f11
2022-05-11 01:30:43,725 [Command processor thread] INFO  commandhandler.CreatePipelineCommandHandler (CreatePipelineCommandHandler.java:handle(113)) - Created Pipeline RATIS THREE PipelineID=27bacb09-d088-4294-8aa9-28077cef4a72.
2022-05-11 01:30:43,725 [Command processor thread] INFO  server.RaftServer (RaftServerProxy.java:addNew(95)) - f563069c-118f-4871-9b30-ceec0ce6fdc0: addNew group-5FFF0977FE0E:[f563069c-118f-4871-9b30-ceec0ce6fdc0|rpc:10.1.0.42:37767|priority:0, 4abb40c6-5512-454b-8b90-80ea8fb75f11|rpc:10.1.0.42:42053|priority:1, 53785889-3bf0-451b-ad64-fb7c3b645957|rpc:10.1.0.42:46195|priority:0] returns group-5FFF0977FE0E:java.util.concurrent.CompletableFuture@788958e[Not completed]
2022-05-11 01:30:43,727 [pool-503-thread-1] INFO  server.RaftServer$Division (RaftServerImpl.java:<init>(184)) - f563069c-118f-4871-9b30-ceec0ce6fdc0: new RaftServerImpl for group-5FFF0977FE0E:[f563069c-118f-4871-9b30-ceec0ce6fdc0|rpc:10.1.0.42:37767|priority:0, 4abb40c6-5512-454b-8b90-80ea8fb75f11|rpc:10.1.0.42:42053|priority:1, 53785889-3bf0-451b-ad64-fb7c3b645957|rpc:10.1.0.42:46195|priority:0] with ContainerStateMachine:uninitialized
2022-05-11 01:30:43,727 [pool-503-thread-1] INFO  server.RaftServerConfigKeys (ConfUtils.java:logGet(44)) - raft.server.rpc.timeout.min = 5s (custom)
2022-05-11 01:30:43,727 [pool-503-thread-1] INFO  server.RaftServerConfigKeys (ConfUtils.java:logGet(44)) - raft.server.rpc.timeout.max = 5200ms (custom)
2022-05-11 01:30:43,727 [pool-503-thread-1] INFO  server.RaftServerConfigKeys (ConfUtils.java:logGet(44)) - raft.server.rpc.sleep.time = 25ms (default)
2022-05-11 01:30:43,728 [pool-503-thread-1] INFO  server.RaftServerConfigKeys (ConfUtils.java:logGet(44)) - raft.server.rpc.slowness.timeout = 300s (custom)
2022-05-11 01:30:43,728 [pool-503-thread-1] INFO  server.RaftServerConfigKeys (ConfUtils.java:logGet(44)) - raft.server.leaderelection.leader.step-down.wait-time = 10s (default)
2022-05-11 01:30:43,728 [pool-503-thread-1] INFO  server.RaftServerConfigKeys (ConfUtils.java:logGet(44)) - raft.server.sleep.deviation.threshold = 300ms (default)
2022-05-11 01:30:43,728 [pool-503-thread-1] INFO  server.RaftServerConfigKeys (ConfUtils.java:logGet(44)) - raft.server.log.appender.install.snapshot.enabled = false (custom)
2022-05-11 01:30:43,728 [pool-503-thread-1] INFO  server.RaftServer$Division (ServerState.java:<init>(105)) - f563069c-118f-4871-9b30-ceec0ce6fdc0@group-5FFF0977FE0E: ConfigurationManager, init=-1: [f563069c-118f-4871-9b30-ceec0ce6fdc0|rpc:10.1.0.42:37767|priority:0, 4abb40c6-5512-454b-8b90-80ea8fb75f11|rpc:10.1.0.42:42053|priority:1, 53785889-3bf0-451b-ad64-fb7c3b645957|rpc:10.1.0.42:46195|priority:0], old=null, confs=<EMPTY_MAP>
2022-05-11 01:30:43,728 [pool-503-thread-1] INFO  server.RaftServerConfigKeys (ConfUtils.java:logGet(44)) - raft.server.storage.dir = [/home/runner/work/ozone/ozone/hadoop-ozone/integration-test/target/test-dir/MiniOzoneClusterImpl-37128324-e3dc-46f8-950a-3a99f891b880/datanode-0/data/ratis] (custom)
2022-05-11 01:30:43,728 [pool-503-thread-1] INFO  server.RaftServerConfigKeys (ConfUtils.java:logGet(44)) - raft.server.log.corruption.policy = EXCEPTION (default)
2022-05-11 01:30:43,728 [pool-503-thread-1] INFO  server.RaftServerConfigKeys (ConfUtils.java:logGet(44)) - raft.server.storage.free-space.min = 0MB (=0) (default)
2022-05-11 01:30:43,728 [pool-503-thread-1] INFO  storage.RaftStorageDirectory (RaftStorageDirectoryImpl.java:analyzeStorage(135)) - The storage directory /home/runner/work/ozone/ozone/hadoop-ozone/integration-test/target/test-dir/MiniOzoneClusterImpl-37128324-e3dc-46f8-950a-3a99f891b880/datanode-0/data/ratis/f03dd486-afb3-46aa-8da9-5fff0977fe0e does not exist. Creating ...
2022-05-11 01:30:43,732 [pool-503-thread-1] INFO  storage.RaftStorageDirectory (RaftStorageDirectoryImpl.java:tryLock(230)) - Lock on /home/runner/work/ozone/ozone/hadoop-ozone/integration-test/target/test-dir/MiniOzoneClusterImpl-37128324-e3dc-46f8-950a-3a99f891b880/datanode-0/data/ratis/f03dd486-afb3-46aa-8da9-5fff0977fe0e/in_use.lock acquired by nodename 4883@fv-az291-847
2022-05-11 01:30:43,739 [pool-503-thread-1] INFO  storage.RaftStorage (RaftStorageImpl.java:format(89)) - Storage directory /home/runner/work/ozone/ozone/hadoop-ozone/integration-test/target/test-dir/MiniOzoneClusterImpl-37128324-e3dc-46f8-950a-3a99f891b880/datanode-0/data/ratis/f03dd486-afb3-46aa-8da9-5fff0977fe0e has been successfully formatted.
2022-05-11 01:30:43,739 [pool-503-thread-1] INFO  ratis.ContainerStateMachine (ContainerStateMachine.java:loadSnapshot(236)) - group-5FFF0977FE0E: The snapshot info is null. Setting the last applied indexto:(t:0, i:~)
2022-05-11 01:30:43,740 [pool-503-thread-1] INFO  server.RaftServerConfigKeys (ConfUtils.java:logGet(44)) - raft.server.notification.no-leader.timeout = 300s (custom)
2022-05-11 01:30:43,740 [pool-503-thread-1] INFO  server.RaftServerConfigKeys (ConfUtils.java:logGet(44)) - raft.server.log.use.memory = false (default)
2022-05-11 01:30:43,740 [pool-503-thread-1] INFO  server.RaftServerConfigKeys (ConfUtils.java:logGet(44)) - raft.server.log.purge.gap = 1000000 (custom)
2022-05-11 01:30:43,740 [pool-503-thread-1] INFO  server.RaftServerConfigKeys (ConfUtils.java:logGet(44)) - raft.server.log.appender.buffer.byte-limit = 33554432 (custom)
2022-05-11 01:30:43,740 [pool-503-thread-1] INFO  server.RaftServerConfigKeys (ConfUtils.java:logGet(44)) - raft.server.log.segment.size.max = 1048576 (custom)
2022-05-11 01:30:43,740 [pool-503-thread-1] INFO  server.RaftServerConfigKeys (ConfUtils.java:logGet(44)) - raft.server.log.segment.cache.num.max = 2 (custom)
2022-05-11 01:30:43,740 [pool-503-thread-1] INFO  server.RaftServerConfigKeys (ConfUtils.java:logGet(44)) - raft.server.log.segment.cache.size.max = 200MB (=209715200) (default)
2022-05-11 01:30:43,741 [pool-503-thread-1] INFO  segmented.SegmentedRaftLogWorker (SegmentedRaftLogWorker.java:<init>(182)) - new f563069c-118f-4871-9b30-ceec0ce6fdc0@group-5FFF0977FE0E-SegmentedRaftLogWorker for RaftStorageImpl:Storage Directory /home/runner/work/ozone/ozone/hadoop-ozone/integration-test/target/test-dir/MiniOzoneClusterImpl-37128324-e3dc-46f8-950a-3a99f891b880/datanode-0/data/ratis/f03dd486-afb3-46aa-8da9-5fff0977fe0e
2022-05-11 01:30:43,741 [pool-503-thread-1] INFO  server.RaftServerConfigKeys (ConfUtils.java:logGet(44)) - raft.server.log.queue.byte-limit = 4294967296 (custom)
2022-05-11 01:30:43,741 [pool-503-thread-1] INFO  server.RaftServerConfigKeys (ConfUtils.java:logGet(44)) - raft.server.log.queue.element-limit = 1024 (custom)
2022-05-11 01:30:43,741 [pool-503-thread-1] INFO  server.RaftServerConfigKeys (ConfUtils.java:logGet(44)) - raft.server.log.segment.size.max = 1048576 (custom)
2022-05-11 01:30:43,741 [pool-503-thread-1] INFO  server.RaftServerConfigKeys (ConfUtils.java:logGet(44)) - raft.server.log.preallocated.size = 16384 (custom)
2022-05-11 01:30:43,741 [pool-503-thread-1] INFO  server.RaftServerConfigKeys (ConfUtils.java:logGet(44)) - raft.server.log.force.sync.num = 128 (default)
2022-05-11 01:30:43,741 [pool-503-thread-1] INFO  server.RaftServerConfigKeys (ConfUtils.java:logGet(44)) - raft.server.log.statemachine.data.sync = true (default)
2022-05-11 01:30:43,741 [pool-503-thread-1] INFO  server.RaftServerConfigKeys (ConfUtils.java:logGet(44)) - raft.server.log.statemachine.data.sync.timeout = 10s (default)
2022-05-11 01:30:43,741 [pool-503-thread-1] INFO  server.RaftServerConfigKeys (ConfUtils.java:logGet(44)) - raft.server.log.statemachine.data.sync.timeout.retry = -1 (default)
2022-05-11 01:30:43,742 [pool-503-thread-1] INFO  server.RaftServerConfigKeys (ConfUtils.java:logGet(44)) - raft.server.log.write.buffer.size = 1048576 (custom)
2022-05-11 01:30:43,744 [EventQueue-OpenPipelineForHealthyPipelineSafeModeRule] INFO  safemode.SCMSafeModeManager (HealthyPipelineSafeModeRule.java:process(124)) - SCM in safe mode. Healthy pipelines reported count is 0, required healthy pipeline reported count is 1
2022-05-11 01:30:43,751 [pool-503-thread-1] INFO  server.RaftServerConfigKeys (ConfUtils.java:logGet(44)) - raft.server.log.statemachine.data.caching.enabled = true (custom)
2022-05-11 01:30:43,751 [pool-503-thread-1] INFO  segmented.SegmentedRaftLogWorker (SegmentedRaftLogWorker.java:lambda$new$0(133)) - f563069c-118f-4871-9b30-ceec0ce6fdc0@group-5FFF0977FE0E-SegmentedRaftLogWorker: flushIndex: setUnconditionally 0 -> -1
2022-05-11 01:30:43,751 [pool-503-thread-1] INFO  segmented.SegmentedRaftLogWorker (SegmentedRaftLogWorker.java:lambda$new$0(133)) - f563069c-118f-4871-9b30-ceec0ce6fdc0@group-5FFF0977FE0E-SegmentedRaftLogWorker: safeCacheEvictIndex: setUnconditionally 0 -> -1
2022-05-11 01:30:43,755 [pool-503-thread-1] INFO  server.RaftServerConfigKeys (ConfUtils.java:logGet(44)) - raft.server.snapshot.auto.trigger.enabled = true (custom)
2022-05-11 01:30:43,755 [pool-503-thread-1] INFO  server.RaftServerConfigKeys (ConfUtils.java:logGet(44)) - raft.server.snapshot.auto.trigger.threshold = 10000 (custom)
2022-05-11 01:30:43,756 [pool-503-thread-1] INFO  server.RaftServerConfigKeys (ConfUtils.java:logGet(44)) - raft.server.snapshot.retention.file.num = 5 (custom)
2022-05-11 01:30:43,756 [pool-503-thread-1] INFO  server.RaftServerConfigKeys (ConfUtils.java:logGet(44)) - raft.server.log.purge.upto.snapshot.index = false (default)
2022-05-11 01:30:43,756 [pool-503-thread-1] INFO  server.RaftServerConfigKeys (ConfUtils.java:logGet(44)) - raft.server.retrycache.expirytime = 600000ms (custom)
2022-05-11 01:30:43,756 [pool-503-thread-1] INFO  server.RaftServerConfigKeys (ConfUtils.java:logGet(44)) - raft.server.retrycache.statistics.expirytime = 100μs (default)
2022-05-11 01:30:43,757 [pool-503-thread-1] INFO  server.RaftServer$Division (RaftServerImpl.java:start(301)) - f563069c-118f-4871-9b30-ceec0ce6fdc0@group-5FFF0977FE0E: start as a follower, conf=-1: [f563069c-118f-4871-9b30-ceec0ce6fdc0|rpc:10.1.0.42:37767|priority:0, 4abb40c6-5512-454b-8b90-80ea8fb75f11|rpc:10.1.0.42:42053|priority:1, 53785889-3bf0-451b-ad64-fb7c3b645957|rpc:10.1.0.42:46195|priority:0], old=null
2022-05-11 01:30:43,757 [pool-503-thread-1] INFO  server.RaftServer$Division (RaftServerImpl.java:setRole(290)) - f563069c-118f-4871-9b30-ceec0ce6fdc0@group-5FFF0977FE0E: changes role from      null to FOLLOWER at term 0 for startAsFollower
2022-05-11 01:30:43,757 [pool-503-thread-1] INFO  impl.RoleInfo (RoleInfo.java:updateAndGet(130)) - f563069c-118f-4871-9b30-ceec0ce6fdc0: start f563069c-118f-4871-9b30-ceec0ce6fdc0@group-5FFF0977FE0E-FollowerState
2022-05-11 01:30:43,771 [pool-503-thread-1] INFO  util.JmxRegister (JmxRegister.java:tryRegister(44)) - Successfully registered JMX Bean with object name Ratis:service=RaftServer,group=group-5FFF0977FE0E,id=f563069c-118f-4871-9b30-ceec0ce6fdc0
2022-05-11 01:30:43,785 [Command processor thread] INFO  ratis.XceiverServerRatis (XceiverServerRatis.java:addGroup(765)) - Created group PipelineID=f03dd486-afb3-46aa-8da9-5fff0977fe0e
2022-05-11 01:30:43,795 [grpc-default-executor-1] INFO  server.RaftServer (RaftServerProxy.java:addNew(95)) - 4abb40c6-5512-454b-8b90-80ea8fb75f11: addNew group-5FFF0977FE0E:[f563069c-118f-4871-9b30-ceec0ce6fdc0|rpc:10.1.0.42:37767|dataStream:|priority:0, 4abb40c6-5512-454b-8b90-80ea8fb75f11|rpc:10.1.0.42:42053|dataStream:|priority:1, 53785889-3bf0-451b-ad64-fb7c3b645957|rpc:10.1.0.42:46195|dataStream:|priority:0] returns group-5FFF0977FE0E:java.util.concurrent.CompletableFuture@50c9955f[Not completed]
2022-05-11 01:30:43,796 [pool-545-thread-1] INFO  server.RaftServer$Division (RaftServerImpl.java:<init>(184)) - 4abb40c6-5512-454b-8b90-80ea8fb75f11: new RaftServerImpl for group-5FFF0977FE0E:[f563069c-118f-4871-9b30-ceec0ce6fdc0|rpc:10.1.0.42:37767|dataStream:|priority:0, 4abb40c6-5512-454b-8b90-80ea8fb75f11|rpc:10.1.0.42:42053|dataStream:|priority:1, 53785889-3bf0-451b-ad64-fb7c3b645957|rpc:10.1.0.42:46195|dataStream:|priority:0] with ContainerStateMachine:uninitialized
2022-05-11 01:30:43,796 [pool-545-thread-1] INFO  server.RaftServerConfigKeys (ConfUtils.java:logGet(44)) - raft.server.rpc.timeout.min = 5s (custom)
2022-05-11 01:30:43,796 [pool-545-thread-1] INFO  server.RaftServerConfigKeys (ConfUtils.java:logGet(44)) - raft.server.rpc.timeout.max = 5200ms (custom)
2022-05-11 01:30:43,796 [pool-545-thread-1] INFO  server.RaftServerConfigKeys (ConfUtils.java:logGet(44)) - raft.server.rpc.sleep.time = 25ms (default)
2022-05-11 01:30:43,796 [pool-545-thread-1] INFO  server.RaftServerConfigKeys (ConfUtils.java:logGet(44)) - raft.server.rpc.slowness.timeout = 300s (custom)
2022-05-11 01:30:43,796 [pool-545-thread-1] INFO  server.RaftServerConfigKeys (ConfUtils.java:logGet(44)) - raft.server.leaderelection.leader.step-down.wait-time = 10s (default)
2022-05-11 01:30:43,796 [pool-545-thread-1] INFO  server.RaftServerConfigKeys (ConfUtils.java:logGet(44)) - raft.server.sleep.deviation.threshold = 300ms (default)
2022-05-11 01:30:43,796 [pool-545-thread-1] INFO  server.RaftServerConfigKeys (ConfUtils.java:logGet(44)) - raft.server.log.appender.install.snapshot.enabled = false (custom)
2022-05-11 01:30:43,796 [pool-545-thread-1] INFO  server.RaftServer$Division (ServerState.java:<init>(105)) - 4abb40c6-5512-454b-8b90-80ea8fb75f11@group-5FFF0977FE0E: ConfigurationManager, init=-1: [f563069c-118f-4871-9b30-ceec0ce6fdc0|rpc:10.1.0.42:37767|dataStream:|priority:0, 4abb40c6-5512-454b-8b90-80ea8fb75f11|rpc:10.1.0.42:42053|dataStream:|priority:1, 53785889-3bf0-451b-ad64-fb7c3b645957|rpc:10.1.0.42:46195|dataStream:|priority:0], old=null, confs=<EMPTY_MAP>
2022-05-11 01:30:43,796 [pool-545-thread-1] INFO  server.RaftServerConfigKeys (ConfUtils.java:logGet(44)) - raft.server.storage.dir = [/home/runner/work/ozone/ozone/hadoop-ozone/integration-test/target/test-dir/MiniOzoneClusterImpl-37128324-e3dc-46f8-950a-3a99f891b880/datanode-2/data/ratis] (custom)
2022-05-11 01:30:43,797 [pool-545-thread-1] INFO  server.RaftServerConfigKeys (ConfUtils.java:logGet(44)) - raft.server.log.corruption.policy = EXCEPTION (default)
2022-05-11 01:30:43,797 [pool-545-thread-1] INFO  server.RaftServerConfigKeys (ConfUtils.java:logGet(44)) - raft.server.storage.free-space.min = 0MB (=0) (default)
2022-05-11 01:30:43,797 [pool-545-thread-1] INFO  storage.RaftStorageDirectory (RaftStorageDirectoryImpl.java:analyzeStorage(135)) - The storage directory /home/runner/work/ozone/ozone/hadoop-ozone/integration-test/target/test-dir/MiniOzoneClusterImpl-37128324-e3dc-46f8-950a-3a99f891b880/datanode-2/data/ratis/f03dd486-afb3-46aa-8da9-5fff0977fe0e does not exist. Creating ...
2022-05-11 01:30:43,798 [pool-545-thread-1] INFO  storage.RaftStorageDirectory (RaftStorageDirectoryImpl.java:tryLock(230)) - Lock on /home/runner/work/ozone/ozone/hadoop-ozone/integration-test/target/test-dir/MiniOzoneClusterImpl-37128324-e3dc-46f8-950a-3a99f891b880/datanode-2/data/ratis/f03dd486-afb3-46aa-8da9-5fff0977fe0e/in_use.lock acquired by nodename 4883@fv-az291-847
2022-05-11 01:30:43,802 [pool-545-thread-1] INFO  storage.RaftStorage (RaftStorageImpl.java:format(89)) - Storage directory /home/runner/work/ozone/ozone/hadoop-ozone/integration-test/target/test-dir/MiniOzoneClusterImpl-37128324-e3dc-46f8-950a-3a99f891b880/datanode-2/data/ratis/f03dd486-afb3-46aa-8da9-5fff0977fe0e has been successfully formatted.
2022-05-11 01:30:43,803 [pool-545-thread-1] INFO  ratis.ContainerStateMachine (ContainerStateMachine.java:loadSnapshot(236)) - group-5FFF0977FE0E: The snapshot info is null. Setting the last applied indexto:(t:0, i:~)
2022-05-11 01:30:43,803 [pool-545-thread-1] INFO  server.RaftServerConfigKeys (ConfUtils.java:logGet(44)) - raft.server.notification.no-leader.timeout = 300s (custom)
2022-05-11 01:30:43,803 [pool-545-thread-1] INFO  server.RaftServerConfigKeys (ConfUtils.java:logGet(44)) - raft.server.log.use.memory = false (default)
2022-05-11 01:30:43,803 [pool-545-thread-1] INFO  server.RaftServerConfigKeys (ConfUtils.java:logGet(44)) - raft.server.log.purge.gap = 1000000 (custom)
2022-05-11 01:30:43,803 [pool-545-thread-1] INFO  server.RaftServerConfigKeys (ConfUtils.java:logGet(44)) - raft.server.log.appender.buffer.byte-limit = 33554432 (custom)
2022-05-11 01:30:43,804 [pool-545-thread-1] INFO  server.RaftServerConfigKeys (ConfUtils.java:logGet(44)) - raft.server.log.segment.size.max = 1048576 (custom)
2022-05-11 01:30:43,808 [pool-545-thread-1] INFO  server.RaftServerConfigKeys (ConfUtils.java:logGet(44)) - raft.server.log.segment.cache.num.max = 2 (custom)
2022-05-11 01:30:43,808 [pool-545-thread-1] INFO  server.RaftServerConfigKeys (ConfUtils.java:logGet(44)) - raft.server.log.segment.cache.size.max = 200MB (=209715200) (default)
2022-05-11 01:30:43,808 [pool-545-thread-1] INFO  segmented.SegmentedRaftLogWorker (SegmentedRaftLogWorker.java:<init>(182)) - new 4abb40c6-5512-454b-8b90-80ea8fb75f11@group-5FFF0977FE0E-SegmentedRaftLogWorker for RaftStorageImpl:Storage Directory /home/runner/work/ozone/ozone/hadoop-ozone/integration-test/target/test-dir/MiniOzoneClusterImpl-37128324-e3dc-46f8-950a-3a99f891b880/datanode-2/data/ratis/f03dd486-afb3-46aa-8da9-5fff0977fe0e
2022-05-11 01:30:43,808 [pool-545-thread-1] INFO  server.RaftServerConfigKeys (ConfUtils.java:logGet(44)) - raft.server.log.queue.byte-limit = 4294967296 (custom)
2022-05-11 01:30:43,808 [pool-545-thread-1] INFO  server.RaftServerConfigKeys (ConfUtils.java:logGet(44)) - raft.server.log.queue.element-limit = 1024 (custom)
2022-05-11 01:30:43,808 [pool-545-thread-1] INFO  server.RaftServerConfigKeys (ConfUtils.java:logGet(44)) - raft.server.log.segment.size.max = 1048576 (custom)
2022-05-11 01:30:43,808 [pool-545-thread-1] INFO  server.RaftServerConfigKeys (ConfUtils.java:logGet(44)) - raft.server.log.preallocated.size = 16384 (custom)
2022-05-11 01:30:43,808 [pool-545-thread-1] INFO  server.RaftServerConfigKeys (ConfUtils.java:logGet(44)) - raft.server.log.force.sync.num = 128 (default)
2022-05-11 01:30:43,808 [pool-545-thread-1] INFO  server.RaftServerConfigKeys (ConfUtils.java:logGet(44)) - raft.server.log.statemachine.data.sync = true (default)
2022-05-11 01:30:43,808 [pool-545-thread-1] INFO  server.RaftServerConfigKeys (ConfUtils.java:logGet(44)) - raft.server.log.statemachine.data.sync.timeout = 10s (default)
2022-05-11 01:30:43,808 [pool-545-thread-1] INFO  server.RaftServerConfigKeys (ConfUtils.java:logGet(44)) - raft.server.log.statemachine.data.sync.timeout.retry = -1 (default)
2022-05-11 01:30:43,809 [pool-545-thread-1] INFO  server.RaftServerConfigKeys (ConfUtils.java:logGet(44)) - raft.server.log.write.buffer.size = 1048576 (custom)
2022-05-11 01:30:43,810 [pool-545-thread-1] INFO  server.RaftServerConfigKeys (ConfUtils.java:logGet(44)) - raft.server.log.statemachine.data.caching.enabled = true (custom)
2022-05-11 01:30:43,810 [pool-545-thread-1] INFO  segmented.SegmentedRaftLogWorker (SegmentedRaftLogWorker.java:lambda$new$0(133)) - 4abb40c6-5512-454b-8b90-80ea8fb75f11@group-5FFF0977FE0E-SegmentedRaftLogWorker: flushIndex: setUnconditionally 0 -> -1
2022-05-11 01:30:43,810 [pool-545-thread-1] INFO  segmented.SegmentedRaftLogWorker (SegmentedRaftLogWorker.java:lambda$new$0(133)) - 4abb40c6-5512-454b-8b90-80ea8fb75f11@group-5FFF0977FE0E-SegmentedRaftLogWorker: safeCacheEvictIndex: setUnconditionally 0 -> -1
2022-05-11 01:30:43,818 [pool-545-thread-1] INFO  server.RaftServerConfigKeys (ConfUtils.java:logGet(44)) - raft.server.snapshot.auto.trigger.enabled = true (custom)
2022-05-11 01:30:43,818 [pool-545-thread-1] INFO  server.RaftServerConfigKeys (ConfUtils.java:logGet(44)) - raft.server.snapshot.auto.trigger.threshold = 10000 (custom)
2022-05-11 01:30:43,818 [pool-545-thread-1] INFO  server.RaftServerConfigKeys (ConfUtils.java:logGet(44)) - raft.server.snapshot.retention.file.num = 5 (custom)
2022-05-11 01:30:43,818 [pool-545-thread-1] INFO  server.RaftServerConfigKeys (ConfUtils.java:logGet(44)) - raft.server.log.purge.upto.snapshot.index = false (default)
2022-05-11 01:30:43,818 [pool-545-thread-1] INFO  server.RaftServerConfigKeys (ConfUtils.java:logGet(44)) - raft.server.retrycache.expirytime = 600000ms (custom)
2022-05-11 01:30:43,818 [pool-545-thread-1] INFO  server.RaftServerConfigKeys (ConfUtils.java:logGet(44)) - raft.server.retrycache.statistics.expirytime = 100μs (default)
2022-05-11 01:30:43,819 [pool-545-thread-1] INFO  server.RaftServer$Division (RaftServerImpl.java:start(301)) - 4abb40c6-5512-454b-8b90-80ea8fb75f11@group-5FFF0977FE0E: start as a follower, conf=-1: [f563069c-118f-4871-9b30-ceec0ce6fdc0|rpc:10.1.0.42:37767|dataStream:|priority:0, 4abb40c6-5512-454b-8b90-80ea8fb75f11|rpc:10.1.0.42:42053|dataStream:|priority:1, 53785889-3bf0-451b-ad64-fb7c3b645957|rpc:10.1.0.42:46195|dataStream:|priority:0], old=null
2022-05-11 01:30:43,819 [pool-545-thread-1] INFO  server.RaftServer$Division (RaftServerImpl.java:setRole(290)) - 4abb40c6-5512-454b-8b90-80ea8fb75f11@group-5FFF0977FE0E: changes role from      null to FOLLOWER at term 0 for startAsFollower
2022-05-11 01:30:43,820 [pool-545-thread-1] INFO  impl.RoleInfo (RoleInfo.java:updateAndGet(130)) - 4abb40c6-5512-454b-8b90-80ea8fb75f11: start 4abb40c6-5512-454b-8b90-80ea8fb75f11@group-5FFF0977FE0E-FollowerState
2022-05-11 01:30:43,825 [pool-545-thread-1] INFO  util.JmxRegister (JmxRegister.java:tryRegister(44)) - Successfully registered JMX Bean with object name Ratis:service=RaftServer,group=group-5FFF0977FE0E,id=4abb40c6-5512-454b-8b90-80ea8fb75f11
2022-05-11 01:30:43,835 [Listener at 127.0.0.1/35015] INFO  ozone.MiniOzoneClusterImpl (MiniOzoneClusterImpl.java:lambda$waitForClusterToBeReady$0(221)) - Nodes are ready. Got 3 of 3 DN Heartbeats.
2022-05-11 01:30:43,835 [Listener at 127.0.0.1/35015] INFO  ozone.MiniOzoneClusterImpl (MiniOzoneClusterImpl.java:lambda$waitForClusterToBeReady$0(224)) - Waiting for cluster to exit safe mode
2022-05-11 01:30:43,835 [Listener at 127.0.0.1/35015] INFO  ozone.MiniOzoneClusterImpl (MiniOzoneClusterImpl.java:lambda$waitForClusterToBeReady$0(226)) - SCM became leader
2022-05-11 01:30:43,850 [grpc-default-executor-1] INFO  server.RaftServer (RaftServerProxy.java:addNew(95)) - 53785889-3bf0-451b-ad64-fb7c3b645957: addNew group-5FFF0977FE0E:[f563069c-118f-4871-9b30-ceec0ce6fdc0|rpc:10.1.0.42:37767|dataStream:|priority:0, 4abb40c6-5512-454b-8b90-80ea8fb75f11|rpc:10.1.0.42:42053|dataStream:|priority:1, 53785889-3bf0-451b-ad64-fb7c3b645957|rpc:10.1.0.42:46195|dataStream:|priority:0] returns group-5FFF0977FE0E:java.util.concurrent.CompletableFuture@7be5ec67[Not completed]
2022-05-11 01:30:43,851 [pool-524-thread-1] INFO  server.RaftServer$Division (RaftServerImpl.java:<init>(184)) - 53785889-3bf0-451b-ad64-fb7c3b645957: new RaftServerImpl for group-5FFF0977FE0E:[f563069c-118f-4871-9b30-ceec0ce6fdc0|rpc:10.1.0.42:37767|dataStream:|priority:0, 4abb40c6-5512-454b-8b90-80ea8fb75f11|rpc:10.1.0.42:42053|dataStream:|priority:1, 53785889-3bf0-451b-ad64-fb7c3b645957|rpc:10.1.0.42:46195|dataStream:|priority:0] with ContainerStateMachine:uninitialized
2022-05-11 01:30:43,851 [pool-524-thread-1] INFO  server.RaftServerConfigKeys (ConfUtils.java:logGet(44)) - raft.server.rpc.timeout.min = 5s (custom)
2022-05-11 01:30:43,851 [pool-524-thread-1] INFO  server.RaftServerConfigKeys (ConfUtils.java:logGet(44)) - raft.server.rpc.timeout.max = 5200ms (custom)
2022-05-11 01:30:43,851 [pool-524-thread-1] INFO  server.RaftServerConfigKeys (ConfUtils.java:logGet(44)) - raft.server.rpc.sleep.time = 25ms (default)
2022-05-11 01:30:43,851 [pool-524-thread-1] INFO  server.RaftServerConfigKeys (ConfUtils.java:logGet(44)) - raft.server.rpc.slowness.timeout = 300s (custom)
2022-05-11 01:30:43,852 [pool-524-thread-1] INFO  server.RaftServerConfigKeys (ConfUtils.java:logGet(44)) - raft.server.leaderelection.leader.step-down.wait-time = 10s (default)
2022-05-11 01:30:43,852 [pool-524-thread-1] INFO  server.RaftServerConfigKeys (ConfUtils.java:logGet(44)) - raft.server.sleep.deviation.threshold = 300ms (default)
2022-05-11 01:30:43,852 [pool-524-thread-1] INFO  server.RaftServerConfigKeys (ConfUtils.java:logGet(44)) - raft.server.log.appender.install.snapshot.enabled = false (custom)
2022-05-11 01:30:43,852 [pool-524-thread-1] INFO  server.RaftServer$Division (ServerState.java:<init>(105)) - 53785889-3bf0-451b-ad64-fb7c3b645957@group-5FFF0977FE0E: ConfigurationManager, init=-1: [f563069c-118f-4871-9b30-ceec0ce6fdc0|rpc:10.1.0.42:37767|dataStream:|priority:0, 4abb40c6-5512-454b-8b90-80ea8fb75f11|rpc:10.1.0.42:42053|dataStream:|priority:1, 53785889-3bf0-451b-ad64-fb7c3b645957|rpc:10.1.0.42:46195|dataStream:|priority:0], old=null, confs=<EMPTY_MAP>
2022-05-11 01:30:43,852 [pool-524-thread-1] INFO  server.RaftServerConfigKeys (ConfUtils.java:logGet(44)) - raft.server.storage.dir = [/home/runner/work/ozone/ozone/hadoop-ozone/integration-test/target/test-dir/MiniOzoneClusterImpl-37128324-e3dc-46f8-950a-3a99f891b880/datanode-1/data/ratis] (custom)
2022-05-11 01:30:43,852 [pool-524-thread-1] INFO  server.RaftServerConfigKeys (ConfUtils.java:logGet(44)) - raft.server.log.corruption.policy = EXCEPTION (default)
2022-05-11 01:30:43,852 [pool-524-thread-1] INFO  server.RaftServerConfigKeys (ConfUtils.java:logGet(44)) - raft.server.storage.free-space.min = 0MB (=0) (default)
2022-05-11 01:30:43,852 [pool-524-thread-1] INFO  storage.RaftStorageDirectory (RaftStorageDirectoryImpl.java:analyzeStorage(135)) - The storage directory /home/runner/work/ozone/ozone/hadoop-ozone/integration-test/target/test-dir/MiniOzoneClusterImpl-37128324-e3dc-46f8-950a-3a99f891b880/datanode-1/data/ratis/f03dd486-afb3-46aa-8da9-5fff0977fe0e does not exist. Creating ...
2022-05-11 01:30:43,854 [pool-524-thread-1] INFO  storage.RaftStorageDirectory (RaftStorageDirectoryImpl.java:tryLock(230)) - Lock on /home/runner/work/ozone/ozone/hadoop-ozone/integration-test/target/test-dir/MiniOzoneClusterImpl-37128324-e3dc-46f8-950a-3a99f891b880/datanode-1/data/ratis/f03dd486-afb3-46aa-8da9-5fff0977fe0e/in_use.lock acquired by nodename 4883@fv-az291-847
2022-05-11 01:30:43,855 [pool-524-thread-1] INFO  storage.RaftStorage (RaftStorageImpl.java:format(89)) - Storage directory /home/runner/work/ozone/ozone/hadoop-ozone/integration-test/target/test-dir/MiniOzoneClusterImpl-37128324-e3dc-46f8-950a-3a99f891b880/datanode-1/data/ratis/f03dd486-afb3-46aa-8da9-5fff0977fe0e has been successfully formatted.
2022-05-11 01:30:43,857 [pool-524-thread-1] INFO  ratis.ContainerStateMachine (ContainerStateMachine.java:loadSnapshot(236)) - group-5FFF0977FE0E: The snapshot info is null. Setting the last applied indexto:(t:0, i:~)
2022-05-11 01:30:43,858 [pool-524-thread-1] INFO  server.RaftServerConfigKeys (ConfUtils.java:logGet(44)) - raft.server.notification.no-leader.timeout = 300s (custom)
2022-05-11 01:30:43,858 [pool-524-thread-1] INFO  server.RaftServerConfigKeys (ConfUtils.java:logGet(44)) - raft.server.log.use.memory = false (default)
2022-05-11 01:30:43,858 [pool-524-thread-1] INFO  server.RaftServerConfigKeys (ConfUtils.java:logGet(44)) - raft.server.log.purge.gap = 1000000 (custom)
2022-05-11 01:30:43,858 [pool-524-thread-1] INFO  server.RaftServerConfigKeys (ConfUtils.java:logGet(44)) - raft.server.log.appender.buffer.byte-limit = 33554432 (custom)
2022-05-11 01:30:43,858 [pool-524-thread-1] INFO  server.RaftServerConfigKeys (ConfUtils.java:logGet(44)) - raft.server.log.segment.size.max = 1048576 (custom)
2022-05-11 01:30:43,859 [pool-524-thread-1] INFO  server.RaftServerConfigKeys (ConfUtils.java:logGet(44)) - raft.server.log.segment.cache.num.max = 2 (custom)
2022-05-11 01:30:43,859 [pool-524-thread-1] INFO  server.RaftServerConfigKeys (ConfUtils.java:logGet(44)) - raft.server.log.segment.cache.size.max = 200MB (=209715200) (default)
2022-05-11 01:30:43,859 [pool-524-thread-1] INFO  segmented.SegmentedRaftLogWorker (SegmentedRaftLogWorker.java:<init>(182)) - new 53785889-3bf0-451b-ad64-fb7c3b645957@group-5FFF0977FE0E-SegmentedRaftLogWorker for RaftStorageImpl:Storage Directory /home/runner/work/ozone/ozone/hadoop-ozone/integration-test/target/test-dir/MiniOzoneClusterImpl-37128324-e3dc-46f8-950a-3a99f891b880/datanode-1/data/ratis/f03dd486-afb3-46aa-8da9-5fff0977fe0e
2022-05-11 01:30:43,859 [pool-524-thread-1] INFO  server.RaftServerConfigKeys (ConfUtils.java:logGet(44)) - raft.server.log.queue.byte-limit = 4294967296 (custom)
2022-05-11 01:30:43,859 [pool-524-thread-1] INFO  server.RaftServerConfigKeys (ConfUtils.java:logGet(44)) - raft.server.log.queue.element-limit = 1024 (custom)
2022-05-11 01:30:43,859 [pool-524-thread-1] INFO  server.RaftServerConfigKeys (ConfUtils.java:logGet(44)) - raft.server.log.segment.size.max = 1048576 (custom)
2022-05-11 01:30:43,859 [pool-524-thread-1] INFO  server.RaftServerConfigKeys (ConfUtils.java:logGet(44)) - raft.server.log.preallocated.size = 16384 (custom)
2022-05-11 01:30:43,859 [pool-524-thread-1] INFO  server.RaftServerConfigKeys (ConfUtils.java:logGet(44)) - raft.server.log.force.sync.num = 128 (default)
2022-05-11 01:30:43,859 [pool-524-thread-1] INFO  server.RaftServerConfigKeys (ConfUtils.java:logGet(44)) - raft.server.log.statemachine.data.sync = true (default)
2022-05-11 01:30:43,859 [pool-524-thread-1] INFO  server.RaftServerConfigKeys (ConfUtils.java:logGet(44)) - raft.server.log.statemachine.data.sync.timeout = 10s (default)
2022-05-11 01:30:43,860 [pool-524-thread-1] INFO  server.RaftServerConfigKeys (ConfUtils.java:logGet(44)) - raft.server.log.statemachine.data.sync.timeout.retry = -1 (default)
2022-05-11 01:30:43,861 [pool-524-thread-1] INFO  server.RaftServerConfigKeys (ConfUtils.java:logGet(44)) - raft.server.log.write.buffer.size = 1048576 (custom)
2022-05-11 01:30:43,862 [pool-524-thread-1] INFO  server.RaftServerConfigKeys (ConfUtils.java:logGet(44)) - raft.server.log.statemachine.data.caching.enabled = true (custom)
2022-05-11 01:30:43,862 [pool-524-thread-1] INFO  segmented.SegmentedRaftLogWorker (SegmentedRaftLogWorker.java:lambda$new$0(133)) - 53785889-3bf0-451b-ad64-fb7c3b645957@group-5FFF0977FE0E-SegmentedRaftLogWorker: flushIndex: setUnconditionally 0 -> -1
2022-05-11 01:30:43,862 [pool-524-thread-1] INFO  segmented.SegmentedRaftLogWorker (SegmentedRaftLogWorker.java:lambda$new$0(133)) - 53785889-3bf0-451b-ad64-fb7c3b645957@group-5FFF0977FE0E-SegmentedRaftLogWorker: safeCacheEvictIndex: setUnconditionally 0 -> -1
2022-05-11 01:30:43,867 [pool-524-thread-1] INFO  server.RaftServerConfigKeys (ConfUtils.java:logGet(44)) - raft.server.snapshot.auto.trigger.enabled = true (custom)
2022-05-11 01:30:43,867 [pool-524-thread-1] INFO  server.RaftServerConfigKeys (ConfUtils.java:logGet(44)) - raft.server.snapshot.auto.trigger.threshold = 10000 (custom)
2022-05-11 01:30:43,867 [pool-524-thread-1] INFO  server.RaftServerConfigKeys (ConfUtils.java:logGet(44)) - raft.server.snapshot.retention.file.num = 5 (custom)
2022-05-11 01:30:43,868 [pool-524-thread-1] INFO  server.RaftServerConfigKeys (ConfUtils.java:logGet(44)) - raft.server.log.purge.upto.snapshot.index = false (default)
2022-05-11 01:30:43,868 [pool-524-thread-1] INFO  server.RaftServerConfigKeys (ConfUtils.java:logGet(44)) - raft.server.retrycache.expirytime = 600000ms (custom)
2022-05-11 01:30:43,868 [pool-524-thread-1] INFO  server.RaftServerConfigKeys (ConfUtils.java:logGet(44)) - raft.server.retrycache.statistics.expirytime = 100μs (default)
2022-05-11 01:30:43,870 [pool-524-thread-1] INFO  server.RaftServer$Division (RaftServerImpl.java:start(301)) - 53785889-3bf0-451b-ad64-fb7c3b645957@group-5FFF0977FE0E: start as a follower, conf=-1: [f563069c-118f-4871-9b30-ceec0ce6fdc0|rpc:10.1.0.42:37767|dataStream:|priority:0, 4abb40c6-5512-454b-8b90-80ea8fb75f11|rpc:10.1.0.42:42053|dataStream:|priority:1, 53785889-3bf0-451b-ad64-fb7c3b645957|rpc:10.1.0.42:46195|dataStream:|priority:0], old=null
2022-05-11 01:30:43,870 [pool-524-thread-1] INFO  server.RaftServer$Division (RaftServerImpl.java:setRole(290)) - 53785889-3bf0-451b-ad64-fb7c3b645957@group-5FFF0977FE0E: changes role from      null to FOLLOWER at term 0 for startAsFollower
2022-05-11 01:30:43,870 [pool-524-thread-1] INFO  impl.RoleInfo (RoleInfo.java:updateAndGet(130)) - 53785889-3bf0-451b-ad64-fb7c3b645957: start 53785889-3bf0-451b-ad64-fb7c3b645957@group-5FFF0977FE0E-FollowerState
2022-05-11 01:30:43,875 [pool-524-thread-1] INFO  util.JmxRegister (JmxRegister.java:tryRegister(44)) - Successfully registered JMX Bean with object name Ratis:service=RaftServer,group=group-5FFF0977FE0E,id=53785889-3bf0-451b-ad64-fb7c3b645957
2022-05-11 01:30:43,890 [EndpointStateMachine task thread for /0.0.0.0:46775 - 0 ] INFO  ipc.Client (Client.java:handleConnectionFailure(977)) - Retrying connect to server: 0.0.0.0/0.0.0.0:46775. Already tried 2 time(s); retry policy is RetryUpToMaximumCountWithFixedSleep(maxRetries=15, sleepTime=1000 MILLISECONDS)
2022-05-11 01:30:43,892 [Command processor thread] INFO  commandhandler.CreatePipelineCommandHandler (CreatePipelineCommandHandler.java:handle(113)) - Created Pipeline RATIS THREE PipelineID=f03dd486-afb3-46aa-8da9-5fff0977fe0e.
2022-05-11 01:30:43,971 [Command processor thread] INFO  server.RaftServer (RaftServerProxy.java:addNew(95)) - 53785889-3bf0-451b-ad64-fb7c3b645957: addNew group-7D90EF79E7A4:[53785889-3bf0-451b-ad64-fb7c3b645957|rpc:10.1.0.42:46195|priority:1] returns group-7D90EF79E7A4:java.util.concurrent.CompletableFuture@2156b0b9[Not completed]
2022-05-11 01:30:43,972 [pool-524-thread-1] INFO  server.RaftServer$Division (RaftServerImpl.java:<init>(184)) - 53785889-3bf0-451b-ad64-fb7c3b645957: new RaftServerImpl for group-7D90EF79E7A4:[53785889-3bf0-451b-ad64-fb7c3b645957|rpc:10.1.0.42:46195|priority:1] with ContainerStateMachine:uninitialized
2022-05-11 01:30:43,972 [pool-524-thread-1] INFO  server.RaftServerConfigKeys (ConfUtils.java:logGet(44)) - raft.server.rpc.timeout.min = 5s (custom)
2022-05-11 01:30:43,972 [pool-524-thread-1] INFO  server.RaftServerConfigKeys (ConfUtils.java:logGet(44)) - raft.server.rpc.timeout.max = 5200ms (custom)
2022-05-11 01:30:43,972 [pool-524-thread-1] INFO  server.RaftServerConfigKeys (ConfUtils.java:logGet(44)) - raft.server.rpc.sleep.time = 25ms (default)
2022-05-11 01:30:43,972 [pool-524-thread-1] INFO  server.RaftServerConfigKeys (ConfUtils.java:logGet(44)) - raft.server.rpc.slowness.timeout = 300s (custom)
2022-05-11 01:30:43,972 [pool-524-thread-1] INFO  server.RaftServerConfigKeys (ConfUtils.java:logGet(44)) - raft.server.leaderelection.leader.step-down.wait-time = 10s (default)
2022-05-11 01:30:43,972 [pool-524-thread-1] INFO  server.RaftServerConfigKeys (ConfUtils.java:logGet(44)) - raft.server.sleep.deviation.threshold = 300ms (default)
2022-05-11 01:30:43,972 [pool-524-thread-1] INFO  server.RaftServerConfigKeys (ConfUtils.java:logGet(44)) - raft.server.log.appender.install.snapshot.enabled = false (custom)
2022-05-11 01:30:43,973 [pool-524-thread-1] INFO  server.RaftServer$Division (ServerState.java:<init>(105)) - 53785889-3bf0-451b-ad64-fb7c3b645957@group-7D90EF79E7A4: ConfigurationManager, init=-1: [53785889-3bf0-451b-ad64-fb7c3b645957|rpc:10.1.0.42:46195|priority:1], old=null, confs=<EMPTY_MAP>
2022-05-11 01:30:43,973 [pool-524-thread-1] INFO  server.RaftServerConfigKeys (ConfUtils.java:logGet(44)) - raft.server.storage.dir = [/home/runner/work/ozone/ozone/hadoop-ozone/integration-test/target/test-dir/MiniOzoneClusterImpl-37128324-e3dc-46f8-950a-3a99f891b880/datanode-1/data/ratis] (custom)
2022-05-11 01:30:43,973 [pool-524-thread-1] INFO  server.RaftServerConfigKeys (ConfUtils.java:logGet(44)) - raft.server.log.corruption.policy = EXCEPTION (default)
2022-05-11 01:30:43,973 [pool-524-thread-1] INFO  server.RaftServerConfigKeys (ConfUtils.java:logGet(44)) - raft.server.storage.free-space.min = 0MB (=0) (default)
2022-05-11 01:30:43,973 [pool-524-thread-1] INFO  storage.RaftStorageDirectory (RaftStorageDirectoryImpl.java:analyzeStorage(135)) - The storage directory /home/runner/work/ozone/ozone/hadoop-ozone/integration-test/target/test-dir/MiniOzoneClusterImpl-37128324-e3dc-46f8-950a-3a99f891b880/datanode-1/data/ratis/3d72c70c-a986-4f21-bc69-7d90ef79e7a4 does not exist. Creating ...
2022-05-11 01:30:43,977 [pool-524-thread-1] INFO  storage.RaftStorageDirectory (RaftStorageDirectoryImpl.java:tryLock(230)) - Lock on /home/runner/work/ozone/ozone/hadoop-ozone/integration-test/target/test-dir/MiniOzoneClusterImpl-37128324-e3dc-46f8-950a-3a99f891b880/datanode-1/data/ratis/3d72c70c-a986-4f21-bc69-7d90ef79e7a4/in_use.lock acquired by nodename 4883@fv-az291-847
2022-05-11 01:30:43,979 [pool-524-thread-1] INFO  storage.RaftStorage (RaftStorageImpl.java:format(89)) - Storage directory /home/runner/work/ozone/ozone/hadoop-ozone/integration-test/target/test-dir/MiniOzoneClusterImpl-37128324-e3dc-46f8-950a-3a99f891b880/datanode-1/data/ratis/3d72c70c-a986-4f21-bc69-7d90ef79e7a4 has been successfully formatted.
2022-05-11 01:30:43,983 [EventQueue-PipelineReportForPipelineReportHandler] INFO  pipeline.PipelineManagerImpl (PipelineManagerImpl.java:openPipeline(336)) - Pipeline Pipeline[ Id: 3d72c70c-a986-4f21-bc69-7d90ef79e7a4, Nodes: 53785889-3bf0-451b-ad64-fb7c3b645957{ip: 10.1.0.42, host: fv-az291-847.wgnan5asplgejimfprtllbpdch.jx.internal.cloudapp.net, ports: [REPLICATION=36881, RATIS=46195, RATIS_ADMIN=46195, RATIS_SERVER=46195, STANDALONE=34645], networkLocation: /default-rack, certSerialId: null, persistedOpState: IN_SERVICE, persistedOpStateExpiryEpochSec: 0}, ReplicationConfig: RATIS/ONE, State:ALLOCATED, leaderId:53785889-3bf0-451b-ad64-fb7c3b645957, CreationTimestamp2022-05-11T01:30:40.978Z[Etc/UTC]] moved to OPEN state
2022-05-11 01:30:43,984 [EventQueue-OpenPipelineForHealthyPipelineSafeModeRule] INFO  safemode.SCMSafeModeManager (HealthyPipelineSafeModeRule.java:process(124)) - SCM in safe mode. Healthy pipelines reported count is 0, required healthy pipeline reported count is 1
2022-05-11 01:30:43,984 [pool-524-thread-1] INFO  ratis.ContainerStateMachine (ContainerStateMachine.java:loadSnapshot(236)) - group-7D90EF79E7A4: The snapshot info is null. Setting the last applied indexto:(t:0, i:~)
2022-05-11 01:30:43,984 [pool-524-thread-1] INFO  server.RaftServerConfigKeys (ConfUtils.java:logGet(44)) - raft.server.notification.no-leader.timeout = 300s (custom)
2022-05-11 01:30:43,984 [pool-524-thread-1] INFO  server.RaftServerConfigKeys (ConfUtils.java:logGet(44)) - raft.server.log.use.memory = false (default)
2022-05-11 01:30:43,985 [pool-524-thread-1] INFO  server.RaftServerConfigKeys (ConfUtils.java:logGet(44)) - raft.server.log.purge.gap = 1000000 (custom)
2022-05-11 01:30:43,985 [pool-524-thread-1] INFO  server.RaftServerConfigKeys (ConfUtils.java:logGet(44)) - raft.server.log.appender.buffer.byte-limit = 33554432 (custom)
2022-05-11 01:30:43,985 [pool-524-thread-1] INFO  server.RaftServerConfigKeys (ConfUtils.java:logGet(44)) - raft.server.log.segment.size.max = 1048576 (custom)
2022-05-11 01:30:43,985 [pool-524-thread-1] INFO  server.RaftServerConfigKeys (ConfUtils.java:logGet(44)) - raft.server.log.segment.cache.num.max = 2 (custom)
2022-05-11 01:30:43,985 [pool-524-thread-1] INFO  server.RaftServerConfigKeys (ConfUtils.java:logGet(44)) - raft.server.log.segment.cache.size.max = 200MB (=209715200) (default)
2022-05-11 01:30:43,985 [pool-524-thread-1] INFO  segmented.SegmentedRaftLogWorker (SegmentedRaftLogWorker.java:<init>(182)) - new 53785889-3bf0-451b-ad64-fb7c3b645957@group-7D90EF79E7A4-SegmentedRaftLogWorker for RaftStorageImpl:Storage Directory /home/runner/work/ozone/ozone/hadoop-ozone/integration-test/target/test-dir/MiniOzoneClusterImpl-37128324-e3dc-46f8-950a-3a99f891b880/datanode-1/data/ratis/3d72c70c-a986-4f21-bc69-7d90ef79e7a4
2022-05-11 01:30:43,986 [pool-524-thread-1] INFO  server.RaftServerConfigKeys (ConfUtils.java:logGet(44)) - raft.server.log.queue.byte-limit = 4294967296 (custom)
2022-05-11 01:30:43,986 [pool-524-thread-1] INFO  server.RaftServerConfigKeys (ConfUtils.java:logGet(44)) - raft.server.log.queue.element-limit = 1024 (custom)
2022-05-11 01:30:43,986 [pool-524-thread-1] INFO  server.RaftServerConfigKeys (ConfUtils.java:logGet(44)) - raft.server.log.segment.size.max = 1048576 (custom)
2022-05-11 01:30:43,986 [pool-524-thread-1] INFO  server.RaftServerConfigKeys (ConfUtils.java:logGet(44)) - raft.server.log.preallocated.size = 16384 (custom)
2022-05-11 01:30:43,986 [pool-524-thread-1] INFO  server.RaftServerConfigKeys (ConfUtils.java:logGet(44)) - raft.server.log.force.sync.num = 128 (default)
2022-05-11 01:30:43,986 [pool-524-thread-1] INFO  server.RaftServerConfigKeys (ConfUtils.java:logGet(44)) - raft.server.log.statemachine.data.sync = true (default)
2022-05-11 01:30:43,986 [pool-524-thread-1] INFO  server.RaftServerConfigKeys (ConfUtils.java:logGet(44)) - raft.server.log.statemachine.data.sync.timeout = 10s (default)
2022-05-11 01:30:43,986 [pool-524-thread-1] INFO  server.RaftServerConfigKeys (ConfUtils.java:logGet(44)) - raft.server.log.statemachine.data.sync.timeout.retry = -1 (default)
2022-05-11 01:30:43,987 [pool-524-thread-1] INFO  server.RaftServerConfigKeys (ConfUtils.java:logGet(44)) - raft.server.log.write.buffer.size = 1048576 (custom)
2022-05-11 01:30:43,988 [pool-524-thread-1] INFO  server.RaftServerConfigKeys (ConfUtils.java:logGet(44)) - raft.server.log.statemachine.data.caching.enabled = true (custom)
2022-05-11 01:30:43,988 [pool-524-thread-1] INFO  segmented.SegmentedRaftLogWorker (SegmentedRaftLogWorker.java:lambda$new$0(133)) - 53785889-3bf0-451b-ad64-fb7c3b645957@group-7D90EF79E7A4-SegmentedRaftLogWorker: flushIndex: setUnconditionally 0 -> -1
2022-05-11 01:30:43,988 [pool-524-thread-1] INFO  segmented.SegmentedRaftLogWorker (SegmentedRaftLogWorker.java:lambda$new$0(133)) - 53785889-3bf0-451b-ad64-fb7c3b645957@group-7D90EF79E7A4-SegmentedRaftLogWorker: safeCacheEvictIndex: setUnconditionally 0 -> -1
2022-05-11 01:30:43,998 [pool-524-thread-1] INFO  server.RaftServerConfigKeys (ConfUtils.java:logGet(44)) - raft.server.snapshot.auto.trigger.enabled = true (custom)
2022-05-11 01:30:43,998 [pool-524-thread-1] INFO  server.RaftServerConfigKeys (ConfUtils.java:logGet(44)) - raft.server.snapshot.auto.trigger.threshold = 10000 (custom)
2022-05-11 01:30:43,998 [pool-524-thread-1] INFO  server.RaftServerConfigKeys (ConfUtils.java:logGet(44)) - raft.server.snapshot.retention.file.num = 5 (custom)
2022-05-11 01:30:43,998 [pool-524-thread-1] INFO  server.RaftServerConfigKeys (ConfUtils.java:logGet(44)) - raft.server.log.purge.upto.snapshot.index = false (default)
2022-05-11 01:30:43,998 [pool-524-thread-1] INFO  server.RaftServerConfigKeys (ConfUtils.java:logGet(44)) - raft.server.retrycache.expirytime = 600000ms (custom)
2022-05-11 01:30:43,998 [pool-524-thread-1] INFO  server.RaftServerConfigKeys (ConfUtils.java:logGet(44)) - raft.server.retrycache.statistics.expirytime = 100μs (default)
2022-05-11 01:30:44,000 [pool-524-thread-1] INFO  server.RaftServer$Division (RaftServerImpl.java:start(301)) - 53785889-3bf0-451b-ad64-fb7c3b645957@group-7D90EF79E7A4: start as a follower, conf=-1: [53785889-3bf0-451b-ad64-fb7c3b645957|rpc:10.1.0.42:46195|priority:1], old=null
2022-05-11 01:30:44,000 [pool-524-thread-1] INFO  server.RaftServer$Division (RaftServerImpl.java:setRole(290)) - 53785889-3bf0-451b-ad64-fb7c3b645957@group-7D90EF79E7A4: changes role from      null to FOLLOWER at term 0 for startAsFollower
2022-05-11 01:30:44,000 [pool-524-thread-1] INFO  impl.RoleInfo (RoleInfo.java:updateAndGet(130)) - 53785889-3bf0-451b-ad64-fb7c3b645957: start 53785889-3bf0-451b-ad64-fb7c3b645957@group-7D90EF79E7A4-FollowerState
2022-05-11 01:30:44,008 [pool-524-thread-1] INFO  util.JmxRegister (JmxRegister.java:tryRegister(44)) - Successfully registered JMX Bean with object name Ratis:service=RaftServer,group=group-7D90EF79E7A4,id=53785889-3bf0-451b-ad64-fb7c3b645957
2022-05-11 01:30:44,016 [Command processor thread] INFO  ratis.XceiverServerRatis (XceiverServerRatis.java:addGroup(765)) - Created group PipelineID=3d72c70c-a986-4f21-bc69-7d90ef79e7a4
2022-05-11 01:30:44,016 [Command processor thread] INFO  commandhandler.CreatePipelineCommandHandler (CreatePipelineCommandHandler.java:handle(113)) - Created Pipeline RATIS ONE PipelineID=3d72c70c-a986-4f21-bc69-7d90ef79e7a4.
2022-05-11 01:30:44,836 [Listener at 127.0.0.1/35015] INFO  ozone.MiniOzoneClusterImpl (MiniOzoneClusterImpl.java:lambda$waitForClusterToBeReady$0(221)) - Nodes are ready. Got 3 of 3 DN Heartbeats.
2022-05-11 01:30:44,836 [Listener at 127.0.0.1/35015] INFO  ozone.MiniOzoneClusterImpl (MiniOzoneClusterImpl.java:lambda$waitForClusterToBeReady$0(224)) - Waiting for cluster to exit safe mode
2022-05-11 01:30:44,836 [Listener at 127.0.0.1/35015] INFO  ozone.MiniOzoneClusterImpl (MiniOzoneClusterImpl.java:lambda$waitForClusterToBeReady$0(226)) - SCM became leader
2022-05-11 01:30:44,872 [Command processor thread] INFO  server.RaftServer (RaftServerProxy.java:addNew(95)) - 4abb40c6-5512-454b-8b90-80ea8fb75f11: addNew group-9CA87EB32D30:[4abb40c6-5512-454b-8b90-80ea8fb75f11|rpc:10.1.0.42:42053|priority:1] returns group-9CA87EB32D30:java.util.concurrent.CompletableFuture@1e4e55e[Not completed]
2022-05-11 01:30:44,873 [pool-545-thread-1] INFO  server.RaftServer$Division (RaftServerImpl.java:<init>(184)) - 4abb40c6-5512-454b-8b90-80ea8fb75f11: new RaftServerImpl for group-9CA87EB32D30:[4abb40c6-5512-454b-8b90-80ea8fb75f11|rpc:10.1.0.42:42053|priority:1] with ContainerStateMachine:uninitialized
2022-05-11 01:30:44,873 [pool-545-thread-1] INFO  server.RaftServerConfigKeys (ConfUtils.java:logGet(44)) - raft.server.rpc.timeout.min = 5s (custom)
2022-05-11 01:30:44,873 [pool-545-thread-1] INFO  server.RaftServerConfigKeys (ConfUtils.java:logGet(44)) - raft.server.rpc.timeout.max = 5200ms (custom)
2022-05-11 01:30:44,873 [pool-545-thread-1] INFO  server.RaftServerConfigKeys (ConfUtils.java:logGet(44)) - raft.server.rpc.sleep.time = 25ms (default)
2022-05-11 01:30:44,873 [pool-545-thread-1] INFO  server.RaftServerConfigKeys (ConfUtils.java:logGet(44)) - raft.server.rpc.slowness.timeout = 300s (custom)
2022-05-11 01:30:44,873 [pool-545-thread-1] INFO  server.RaftServerConfigKeys (ConfUtils.java:logGet(44)) - raft.server.leaderelection.leader.step-down.wait-time = 10s (default)
2022-05-11 01:30:44,873 [pool-545-thread-1] INFO  server.RaftServerConfigKeys (ConfUtils.java:logGet(44)) - raft.server.sleep.deviation.threshold = 300ms (default)
2022-05-11 01:30:44,873 [pool-545-thread-1] INFO  server.RaftServerConfigKeys (ConfUtils.java:logGet(44)) - raft.server.log.appender.install.snapshot.enabled = false (custom)
2022-05-11 01:30:44,873 [pool-545-thread-1] INFO  server.RaftServer$Division (ServerState.java:<init>(105)) - 4abb40c6-5512-454b-8b90-80ea8fb75f11@group-9CA87EB32D30: ConfigurationManager, init=-1: [4abb40c6-5512-454b-8b90-80ea8fb75f11|rpc:10.1.0.42:42053|priority:1], old=null, confs=<EMPTY_MAP>
2022-05-11 01:30:44,874 [pool-545-thread-1] INFO  server.RaftServerConfigKeys (ConfUtils.java:logGet(44)) - raft.server.storage.dir = [/home/runner/work/ozone/ozone/hadoop-ozone/integration-test/target/test-dir/MiniOzoneClusterImpl-37128324-e3dc-46f8-950a-3a99f891b880/datanode-2/data/ratis] (custom)
2022-05-11 01:30:44,874 [pool-545-thread-1] INFO  server.RaftServerConfigKeys (ConfUtils.java:logGet(44)) - raft.server.log.corruption.policy = EXCEPTION (default)
2022-05-11 01:30:44,874 [pool-545-thread-1] INFO  server.RaftServerConfigKeys (ConfUtils.java:logGet(44)) - raft.server.storage.free-space.min = 0MB (=0) (default)
2022-05-11 01:30:44,874 [pool-545-thread-1] INFO  storage.RaftStorageDirectory (RaftStorageDirectoryImpl.java:analyzeStorage(135)) - The storage directory /home/runner/work/ozone/ozone/hadoop-ozone/integration-test/target/test-dir/MiniOzoneClusterImpl-37128324-e3dc-46f8-950a-3a99f891b880/datanode-2/data/ratis/4911326d-9027-40a9-89b6-9ca87eb32d30 does not exist. Creating ...
2022-05-11 01:30:44,878 [pool-545-thread-1] INFO  storage.RaftStorageDirectory (RaftStorageDirectoryImpl.java:tryLock(230)) - Lock on /home/runner/work/ozone/ozone/hadoop-ozone/integration-test/target/test-dir/MiniOzoneClusterImpl-37128324-e3dc-46f8-950a-3a99f891b880/datanode-2/data/ratis/4911326d-9027-40a9-89b6-9ca87eb32d30/in_use.lock acquired by nodename 4883@fv-az291-847
2022-05-11 01:30:44,880 [pool-545-thread-1] INFO  storage.RaftStorage (RaftStorageImpl.java:format(89)) - Storage directory /home/runner/work/ozone/ozone/hadoop-ozone/integration-test/target/test-dir/MiniOzoneClusterImpl-37128324-e3dc-46f8-950a-3a99f891b880/datanode-2/data/ratis/4911326d-9027-40a9-89b6-9ca87eb32d30 has been successfully formatted.
2022-05-11 01:30:44,880 [pool-545-thread-1] INFO  ratis.ContainerStateMachine (ContainerStateMachine.java:loadSnapshot(236)) - group-9CA87EB32D30: The snapshot info is null. Setting the last applied indexto:(t:0, i:~)
2022-05-11 01:30:44,881 [pool-545-thread-1] INFO  server.RaftServerConfigKeys (ConfUtils.java:logGet(44)) - raft.server.notification.no-leader.timeout = 300s (custom)
2022-05-11 01:30:44,881 [pool-545-thread-1] INFO  server.RaftServerConfigKeys (ConfUtils.java:logGet(44)) - raft.server.log.use.memory = false (default)
2022-05-11 01:30:44,881 [pool-545-thread-1] INFO  server.RaftServerConfigKeys (ConfUtils.java:logGet(44)) - raft.server.log.purge.gap = 1000000 (custom)
2022-05-11 01:30:44,881 [pool-545-thread-1] INFO  server.RaftServerConfigKeys (ConfUtils.java:logGet(44)) - raft.server.log.appender.buffer.byte-limit = 33554432 (custom)
2022-05-11 01:30:44,881 [pool-545-thread-1] INFO  server.RaftServerConfigKeys (ConfUtils.java:logGet(44)) - raft.server.log.segment.size.max = 1048576 (custom)
2022-05-11 01:30:44,881 [pool-545-thread-1] INFO  server.RaftServerConfigKeys (ConfUtils.java:logGet(44)) - raft.server.log.segment.cache.num.max = 2 (custom)
2022-05-11 01:30:44,881 [pool-545-thread-1] INFO  server.RaftServerConfigKeys (ConfUtils.java:logGet(44)) - raft.server.log.segment.cache.size.max = 200MB (=209715200) (default)
2022-05-11 01:30:44,882 [pool-545-thread-1] INFO  segmented.SegmentedRaftLogWorker (SegmentedRaftLogWorker.java:<init>(182)) - new 4abb40c6-5512-454b-8b90-80ea8fb75f11@group-9CA87EB32D30-SegmentedRaftLogWorker for RaftStorageImpl:Storage Directory /home/runner/work/ozone/ozone/hadoop-ozone/integration-test/target/test-dir/MiniOzoneClusterImpl-37128324-e3dc-46f8-950a-3a99f891b880/datanode-2/data/ratis/4911326d-9027-40a9-89b6-9ca87eb32d30
2022-05-11 01:30:44,882 [pool-545-thread-1] INFO  server.RaftServerConfigKeys (ConfUtils.java:logGet(44)) - raft.server.log.queue.byte-limit = 4294967296 (custom)
2022-05-11 01:30:44,882 [pool-545-thread-1] INFO  server.RaftServerConfigKeys (ConfUtils.java:logGet(44)) - raft.server.log.queue.element-limit = 1024 (custom)
2022-05-11 01:30:44,882 [pool-545-thread-1] INFO  server.RaftServerConfigKeys (ConfUtils.java:logGet(44)) - raft.server.log.segment.size.max = 1048576 (custom)
2022-05-11 01:30:44,882 [pool-545-thread-1] INFO  server.RaftServerConfigKeys (ConfUtils.java:logGet(44)) - raft.server.log.preallocated.size = 16384 (custom)
2022-05-11 01:30:44,882 [pool-545-thread-1] INFO  server.RaftServerConfigKeys (ConfUtils.java:logGet(44)) - raft.server.log.force.sync.num = 128 (default)
2022-05-11 01:30:44,882 [pool-545-thread-1] INFO  server.RaftServerConfigKeys (ConfUtils.java:logGet(44)) - raft.server.log.statemachine.data.sync = true (default)
2022-05-11 01:30:44,882 [pool-545-thread-1] INFO  server.RaftServerConfigKeys (ConfUtils.java:logGet(44)) - raft.server.log.statemachine.data.sync.timeout = 10s (default)
2022-05-11 01:30:44,882 [pool-545-thread-1] INFO  server.RaftServerConfigKeys (ConfUtils.java:logGet(44)) - raft.server.log.statemachine.data.sync.timeout.retry = -1 (default)
2022-05-11 01:30:44,884 [EventQueue-PipelineReportForPipelineReportHandler] INFO  pipeline.PipelineManagerImpl (PipelineManagerImpl.java:openPipeline(336)) - Pipeline Pipeline[ Id: 4911326d-9027-40a9-89b6-9ca87eb32d30, Nodes: 4abb40c6-5512-454b-8b90-80ea8fb75f11{ip: 10.1.0.42, host: fv-az291-847.wgnan5asplgejimfprtllbpdch.jx.internal.cloudapp.net, ports: [REPLICATION=44965, RATIS=42053, RATIS_ADMIN=42053, RATIS_SERVER=42053, STANDALONE=40075], networkLocation: /default-rack, certSerialId: null, persistedOpState: IN_SERVICE, persistedOpStateExpiryEpochSec: 0}, ReplicationConfig: RATIS/ONE, State:ALLOCATED, leaderId:4abb40c6-5512-454b-8b90-80ea8fb75f11, CreationTimestamp2022-05-11T01:30:41.877Z[Etc/UTC]] moved to OPEN state
2022-05-11 01:30:44,884 [EventQueue-OpenPipelineForHealthyPipelineSafeModeRule] INFO  safemode.SCMSafeModeManager (HealthyPipelineSafeModeRule.java:process(124)) - SCM in safe mode. Healthy pipelines reported count is 0, required healthy pipeline reported count is 1
2022-05-11 01:30:44,895 [pool-545-thread-1] INFO  server.RaftServerConfigKeys (ConfUtils.java:logGet(44)) - raft.server.log.write.buffer.size = 1048576 (custom)
2022-05-11 01:30:44,896 [pool-545-thread-1] INFO  server.RaftServerConfigKeys (ConfUtils.java:logGet(44)) - raft.server.log.statemachine.data.caching.enabled = true (custom)
2022-05-11 01:30:44,896 [pool-545-thread-1] INFO  segmented.SegmentedRaftLogWorker (SegmentedRaftLogWorker.java:lambda$new$0(133)) - 4abb40c6-5512-454b-8b90-80ea8fb75f11@group-9CA87EB32D30-SegmentedRaftLogWorker: flushIndex: setUnconditionally 0 -> -1
2022-05-11 01:30:44,897 [pool-545-thread-1] INFO  segmented.SegmentedRaftLogWorker (SegmentedRaftLogWorker.java:lambda$new$0(133)) - 4abb40c6-5512-454b-8b90-80ea8fb75f11@group-9CA87EB32D30-SegmentedRaftLogWorker: safeCacheEvictIndex: setUnconditionally 0 -> -1
2022-05-11 01:30:44,898 [pool-545-thread-1] INFO  server.RaftServerConfigKeys (ConfUtils.java:logGet(44)) - raft.server.snapshot.auto.trigger.enabled = true (custom)
2022-05-11 01:30:44,898 [pool-545-thread-1] INFO  server.RaftServerConfigKeys (ConfUtils.java:logGet(44)) - raft.server.snapshot.auto.trigger.threshold = 10000 (custom)
2022-05-11 01:30:44,898 [pool-545-thread-1] INFO  server.RaftServerConfigKeys (ConfUtils.java:logGet(44)) - raft.server.snapshot.retention.file.num = 5 (custom)
2022-05-11 01:30:44,898 [pool-545-thread-1] INFO  server.RaftServerConfigKeys (ConfUtils.java:logGet(44)) - raft.server.log.purge.upto.snapshot.index = false (default)
2022-05-11 01:30:44,898 [pool-545-thread-1] INFO  server.RaftServerConfigKeys (ConfUtils.java:logGet(44)) - raft.server.retrycache.expirytime = 600000ms (custom)
2022-05-11 01:30:44,898 [pool-545-thread-1] INFO  server.RaftServerConfigKeys (ConfUtils.java:logGet(44)) - raft.server.retrycache.statistics.expirytime = 100μs (default)
2022-05-11 01:30:44,899 [EndpointStateMachine task thread for /0.0.0.0:46775 - 0 ] INFO  ipc.Client (Client.java:handleConnectionFailure(977)) - Retrying connect to server: 0.0.0.0/0.0.0.0:46775. Already tried 3 time(s); retry policy is RetryUpToMaximumCountWithFixedSleep(maxRetries=15, sleepTime=1000 MILLISECONDS)
2022-05-11 01:30:44,900 [pool-545-thread-1] INFO  server.RaftServer$Division (RaftServerImpl.java:start(301)) - 4abb40c6-5512-454b-8b90-80ea8fb75f11@group-9CA87EB32D30: start as a follower, conf=-1: [4abb40c6-5512-454b-8b90-80ea8fb75f11|rpc:10.1.0.42:42053|priority:1], old=null
2022-05-11 01:30:44,900 [pool-545-thread-1] INFO  server.RaftServer$Division (RaftServerImpl.java:setRole(290)) - 4abb40c6-5512-454b-8b90-80ea8fb75f11@group-9CA87EB32D30: changes role from      null to FOLLOWER at term 0 for startAsFollower
2022-05-11 01:30:44,900 [pool-545-thread-1] INFO  impl.RoleInfo (RoleInfo.java:updateAndGet(130)) - 4abb40c6-5512-454b-8b90-80ea8fb75f11: start 4abb40c6-5512-454b-8b90-80ea8fb75f11@group-9CA87EB32D30-FollowerState
2022-05-11 01:30:44,909 [pool-545-thread-1] INFO  util.JmxRegister (JmxRegister.java:tryRegister(44)) - Successfully registered JMX Bean with object name Ratis:service=RaftServer,group=group-9CA87EB32D30,id=4abb40c6-5512-454b-8b90-80ea8fb75f11
2022-05-11 01:30:44,919 [Command processor thread] INFO  ratis.XceiverServerRatis (XceiverServerRatis.java:addGroup(765)) - Created group PipelineID=4911326d-9027-40a9-89b6-9ca87eb32d30
2022-05-11 01:30:44,919 [Command processor thread] INFO  commandhandler.CreatePipelineCommandHandler (CreatePipelineCommandHandler.java:handle(113)) - Created Pipeline RATIS ONE PipelineID=4911326d-9027-40a9-89b6-9ca87eb32d30.
2022-05-11 01:30:45,837 [Listener at 127.0.0.1/35015] INFO  ozone.MiniOzoneClusterImpl (MiniOzoneClusterImpl.java:lambda$waitForClusterToBeReady$0(221)) - Nodes are ready. Got 3 of 3 DN Heartbeats.
2022-05-11 01:30:45,837 [Listener at 127.0.0.1/35015] INFO  ozone.MiniOzoneClusterImpl (MiniOzoneClusterImpl.java:lambda$waitForClusterToBeReady$0(224)) - Waiting for cluster to exit safe mode
2022-05-11 01:30:45,837 [Listener at 127.0.0.1/35015] INFO  ozone.MiniOzoneClusterImpl (MiniOzoneClusterImpl.java:lambda$waitForClusterToBeReady$0(226)) - SCM became leader
2022-05-11 01:30:45,900 [EndpointStateMachine task thread for /0.0.0.0:46775 - 0 ] INFO  ipc.Client (Client.java:handleConnectionFailure(977)) - Retrying connect to server: 0.0.0.0/0.0.0.0:46775. Already tried 4 time(s); retry policy is RetryUpToMaximumCountWithFixedSleep(maxRetries=15, sleepTime=1000 MILLISECONDS)
2022-05-11 01:30:46,837 [Listener at 127.0.0.1/35015] INFO  ozone.MiniOzoneClusterImpl (MiniOzoneClusterImpl.java:lambda$waitForClusterToBeReady$0(221)) - Nodes are ready. Got 3 of 3 DN Heartbeats.
2022-05-11 01:30:46,838 [Listener at 127.0.0.1/35015] INFO  ozone.MiniOzoneClusterImpl (MiniOzoneClusterImpl.java:lambda$waitForClusterToBeReady$0(224)) - Waiting for cluster to exit safe mode
2022-05-11 01:30:46,838 [Listener at 127.0.0.1/35015] INFO  ozone.MiniOzoneClusterImpl (MiniOzoneClusterImpl.java:lambda$waitForClusterToBeReady$0(226)) - SCM became leader
2022-05-11 01:30:46,900 [EndpointStateMachine task thread for /0.0.0.0:46775 - 0 ] INFO  ipc.Client (Client.java:handleConnectionFailure(977)) - Retrying connect to server: 0.0.0.0/0.0.0.0:46775. Already tried 5 time(s); retry policy is RetryUpToMaximumCountWithFixedSleep(maxRetries=15, sleepTime=1000 MILLISECONDS)
2022-05-11 01:30:47,838 [Listener at 127.0.0.1/35015] INFO  ozone.MiniOzoneClusterImpl (MiniOzoneClusterImpl.java:lambda$waitForClusterToBeReady$0(221)) - Nodes are ready. Got 3 of 3 DN Heartbeats.
2022-05-11 01:30:47,839 [Listener at 127.0.0.1/35015] INFO  ozone.MiniOzoneClusterImpl (MiniOzoneClusterImpl.java:lambda$waitForClusterToBeReady$0(224)) - Waiting for cluster to exit safe mode
2022-05-11 01:30:47,839 [Listener at 127.0.0.1/35015] INFO  ozone.MiniOzoneClusterImpl (MiniOzoneClusterImpl.java:lambda$waitForClusterToBeReady$0(226)) - SCM became leader
2022-05-11 01:30:47,901 [EndpointStateMachine task thread for /0.0.0.0:46775 - 0 ] INFO  ipc.Client (Client.java:handleConnectionFailure(977)) - Retrying connect to server: 0.0.0.0/0.0.0.0:46775. Already tried 6 time(s); retry policy is RetryUpToMaximumCountWithFixedSleep(maxRetries=15, sleepTime=1000 MILLISECONDS)
2022-05-11 01:30:48,518 [f563069c-118f-4871-9b30-ceec0ce6fdc0@group-323CE00478C8-FollowerState] INFO  impl.FollowerState (FollowerState.java:run(134)) - f563069c-118f-4871-9b30-ceec0ce6fdc0@group-323CE00478C8-FollowerState: change to CANDIDATE, lastRpcElapsedTime:5072370189ns, electionTimeout:5058ms
2022-05-11 01:30:48,518 [f563069c-118f-4871-9b30-ceec0ce6fdc0@group-323CE00478C8-FollowerState] INFO  impl.RoleInfo (RoleInfo.java:shutdownFollowerState(108)) - f563069c-118f-4871-9b30-ceec0ce6fdc0: shutdown f563069c-118f-4871-9b30-ceec0ce6fdc0@group-323CE00478C8-FollowerState
2022-05-11 01:30:48,518 [f563069c-118f-4871-9b30-ceec0ce6fdc0@group-323CE00478C8-FollowerState] INFO  server.RaftServer$Division (RaftServerImpl.java:setRole(290)) - f563069c-118f-4871-9b30-ceec0ce6fdc0@group-323CE00478C8: changes role from  FOLLOWER to CANDIDATE at term 0 for changeToCandidate
2022-05-11 01:30:48,518 [f563069c-118f-4871-9b30-ceec0ce6fdc0@group-323CE00478C8-FollowerState] INFO  server.RaftServerConfigKeys (ConfUtils.java:logGet(44)) - raft.server.leaderelection.pre-vote = false (custom)
2022-05-11 01:30:48,518 [f563069c-118f-4871-9b30-ceec0ce6fdc0@group-323CE00478C8-FollowerState] INFO  impl.RoleInfo (RoleInfo.java:updateAndGet(130)) - f563069c-118f-4871-9b30-ceec0ce6fdc0: start f563069c-118f-4871-9b30-ceec0ce6fdc0@group-323CE00478C8-LeaderElection58
2022-05-11 01:30:48,528 [f563069c-118f-4871-9b30-ceec0ce6fdc0@group-323CE00478C8-LeaderElection58] INFO  impl.LeaderElection (LeaderElection.java:askForVotes(306)) - f563069c-118f-4871-9b30-ceec0ce6fdc0@group-323CE00478C8-LeaderElection58 ELECTION round 0: submit vote requests at term 1 for -1: [f563069c-118f-4871-9b30-ceec0ce6fdc0|rpc:10.1.0.42:37767|priority:1], old=null
2022-05-11 01:30:48,528 [f563069c-118f-4871-9b30-ceec0ce6fdc0@group-323CE00478C8-LeaderElection58] INFO  impl.LeaderElection (LeaderElection.java:askForVotes(308)) - f563069c-118f-4871-9b30-ceec0ce6fdc0@group-323CE00478C8-LeaderElection58 ELECTION round 0: result PASSED (term=1)
2022-05-11 01:30:48,528 [f563069c-118f-4871-9b30-ceec0ce6fdc0@group-323CE00478C8-LeaderElection58] INFO  impl.RoleInfo (RoleInfo.java:shutdownLeaderElection(121)) - f563069c-118f-4871-9b30-ceec0ce6fdc0: shutdown f563069c-118f-4871-9b30-ceec0ce6fdc0@group-323CE00478C8-LeaderElection58
2022-05-11 01:30:48,528 [f563069c-118f-4871-9b30-ceec0ce6fdc0@group-323CE00478C8-LeaderElection58] INFO  server.RaftServer$Division (RaftServerImpl.java:setRole(290)) - f563069c-118f-4871-9b30-ceec0ce6fdc0@group-323CE00478C8: changes role from CANDIDATE to LEADER at term 1 for changeToLeader
2022-05-11 01:30:48,528 [f563069c-118f-4871-9b30-ceec0ce6fdc0@group-323CE00478C8-LeaderElection58] INFO  ratis.XceiverServerRatis (XceiverServerRatis.java:handleLeaderChangedNotification(863)) - Leader change notification received for group: group-323CE00478C8 with new leaderId: f563069c-118f-4871-9b30-ceec0ce6fdc0
2022-05-11 01:30:48,529 [f563069c-118f-4871-9b30-ceec0ce6fdc0@group-323CE00478C8-LeaderElection58] INFO  server.RaftServer$Division (ServerState.java:setLeader(285)) - f563069c-118f-4871-9b30-ceec0ce6fdc0@group-323CE00478C8: change Leader from null to f563069c-118f-4871-9b30-ceec0ce6fdc0 at term 1 for becomeLeader, leader elected after 5110ms
2022-05-11 01:30:48,529 [f563069c-118f-4871-9b30-ceec0ce6fdc0@group-323CE00478C8-LeaderElection58] INFO  server.RaftServerConfigKeys (ConfUtils.java:logGet(44)) - raft.server.staging.catchup.gap = 1000 (default)
2022-05-11 01:30:48,530 [f563069c-118f-4871-9b30-ceec0ce6fdc0@group-323CE00478C8-LeaderElection58] INFO  server.RaftServerConfigKeys (ConfUtils.java:logGet(44)) - raft.server.write.element-limit = 1024 (custom)
2022-05-11 01:30:48,530 [f563069c-118f-4871-9b30-ceec0ce6fdc0@group-323CE00478C8-LeaderElection58] INFO  server.RaftServerConfigKeys (ConfUtils.java:logGet(44)) - raft.server.write.byte-limit = 1024 M (=1073741824) (custom)
2022-05-11 01:30:48,530 [EventQueue-OpenPipelineForHealthyPipelineSafeModeRule] INFO  safemode.SCMSafeModeManager (HealthyPipelineSafeModeRule.java:process(124)) - SCM in safe mode. Healthy pipelines reported count is 0, required healthy pipeline reported count is 1
2022-05-11 01:30:48,532 [f563069c-118f-4871-9b30-ceec0ce6fdc0@group-323CE00478C8-LeaderElection58] INFO  server.RaftServerConfigKeys (ConfUtils.java:logGet(44)) - raft.server.watch.timeout = 180s (custom)
2022-05-11 01:30:48,532 [f563069c-118f-4871-9b30-ceec0ce6fdc0@group-323CE00478C8-LeaderElection58] INFO  server.RaftServerConfigKeys (ConfUtils.java:logGet(44)) - raft.server.watch.timeout.denomination = 1s (default)
2022-05-11 01:30:48,532 [f563069c-118f-4871-9b30-ceec0ce6fdc0@group-323CE00478C8-LeaderElection58] INFO  server.RaftServerConfigKeys (ConfUtils.java:logGet(44)) - raft.server.watch.element-limit = 65536 (default)
2022-05-11 01:30:48,533 [f563069c-118f-4871-9b30-ceec0ce6fdc0@group-323CE00478C8-LeaderElection58] INFO  server.RaftServerConfigKeys (ConfUtils.java:logGet(44)) - raft.server.write.element-limit = 1024 (custom)
2022-05-11 01:30:48,533 [f563069c-118f-4871-9b30-ceec0ce6fdc0@group-323CE00478C8-LeaderElection58] INFO  server.RaftServerConfigKeys (ConfUtils.java:logGet(44)) - raft.server.write.follower.gap.ratio.max = -1.0 (default)
2022-05-11 01:30:48,533 [f563069c-118f-4871-9b30-ceec0ce6fdc0@group-323CE00478C8-LeaderElection58] INFO  impl.RoleInfo (RoleInfo.java:updateAndGet(130)) - f563069c-118f-4871-9b30-ceec0ce6fdc0: start f563069c-118f-4871-9b30-ceec0ce6fdc0@group-323CE00478C8-LeaderStateImpl
2022-05-11 01:30:48,533 [f563069c-118f-4871-9b30-ceec0ce6fdc0@group-323CE00478C8-LeaderElection58] INFO  segmented.SegmentedRaftLogWorker (SegmentedRaftLogWorker.java:startLogSegment(394)) - f563069c-118f-4871-9b30-ceec0ce6fdc0@group-323CE00478C8-SegmentedRaftLogWorker: Starting segment from index:0
2022-05-11 01:30:48,535 [f563069c-118f-4871-9b30-ceec0ce6fdc0@group-323CE00478C8-SegmentedRaftLogWorker] INFO  segmented.SegmentedRaftLogWorker (SegmentedRaftLogWorker.java:execute(601)) - f563069c-118f-4871-9b30-ceec0ce6fdc0@group-323CE00478C8-SegmentedRaftLogWorker: created new log segment /home/runner/work/ozone/ozone/hadoop-ozone/integration-test/target/test-dir/MiniOzoneClusterImpl-37128324-e3dc-46f8-950a-3a99f891b880/datanode-0/data/ratis/10277cfe-d21f-4a81-8ddd-323ce00478c8/current/log_inprogress_0
2022-05-11 01:30:48,539 [f563069c-118f-4871-9b30-ceec0ce6fdc0@group-323CE00478C8-LeaderElection58] INFO  server.RaftServer$Division (ServerState.java:setRaftConf(387)) - f563069c-118f-4871-9b30-ceec0ce6fdc0@group-323CE00478C8: set configuration 0: [f563069c-118f-4871-9b30-ceec0ce6fdc0|rpc:10.1.0.42:37767|dataStream:|priority:1], old=null
2022-05-11 01:30:48,568 [f563069c-118f-4871-9b30-ceec0ce6fdc0@group-28077CEF4A72-FollowerState] INFO  impl.FollowerState (FollowerState.java:run(134)) - f563069c-118f-4871-9b30-ceec0ce6fdc0@group-28077CEF4A72-FollowerState: change to CANDIDATE, lastRpcElapsedTime:5057107793ns, electionTimeout:5050ms
2022-05-11 01:30:48,569 [f563069c-118f-4871-9b30-ceec0ce6fdc0@group-28077CEF4A72-FollowerState] INFO  impl.RoleInfo (RoleInfo.java:shutdownFollowerState(108)) - f563069c-118f-4871-9b30-ceec0ce6fdc0: shutdown f563069c-118f-4871-9b30-ceec0ce6fdc0@group-28077CEF4A72-FollowerState
2022-05-11 01:30:48,569 [f563069c-118f-4871-9b30-ceec0ce6fdc0@group-28077CEF4A72-FollowerState] INFO  server.RaftServer$Division (RaftServerImpl.java:setRole(290)) - f563069c-118f-4871-9b30-ceec0ce6fdc0@group-28077CEF4A72: changes role from  FOLLOWER to CANDIDATE at term 0 for changeToCandidate
2022-05-11 01:30:48,569 [f563069c-118f-4871-9b30-ceec0ce6fdc0@group-28077CEF4A72-FollowerState] INFO  server.RaftServerConfigKeys (ConfUtils.java:logGet(44)) - raft.server.leaderelection.pre-vote = false (custom)
2022-05-11 01:30:48,569 [f563069c-118f-4871-9b30-ceec0ce6fdc0@group-28077CEF4A72-FollowerState] INFO  impl.RoleInfo (RoleInfo.java:updateAndGet(130)) - f563069c-118f-4871-9b30-ceec0ce6fdc0: start f563069c-118f-4871-9b30-ceec0ce6fdc0@group-28077CEF4A72-LeaderElection59
2022-05-11 01:30:48,584 [f563069c-118f-4871-9b30-ceec0ce6fdc0@group-28077CEF4A72-LeaderElection59] INFO  impl.LeaderElection (LeaderElection.java:askForVotes(306)) - f563069c-118f-4871-9b30-ceec0ce6fdc0@group-28077CEF4A72-LeaderElection59 ELECTION round 0: submit vote requests at term 1 for -1: [f563069c-118f-4871-9b30-ceec0ce6fdc0|rpc:10.1.0.42:37767|priority:0, 4abb40c6-5512-454b-8b90-80ea8fb75f11|rpc:10.1.0.42:42053|priority:0, 53785889-3bf0-451b-ad64-fb7c3b645957|rpc:10.1.0.42:46195|priority:1], old=null
2022-05-11 01:30:48,600 [grpc-default-executor-1] INFO  server.RaftServer$Division (RaftServerImpl.java:requestVote(1046)) - 4abb40c6-5512-454b-8b90-80ea8fb75f11@group-28077CEF4A72: receive requestVote(ELECTION, f563069c-118f-4871-9b30-ceec0ce6fdc0, group-28077CEF4A72, 1, (t:0, i:0))
2022-05-11 01:30:48,600 [grpc-default-executor-1] INFO  impl.VoteContext (VoteContext.java:log(48)) - 4abb40c6-5512-454b-8b90-80ea8fb75f11@group-28077CEF4A72-FOLLOWER: accept ELECTION from f563069c-118f-4871-9b30-ceec0ce6fdc0: our priority 0 <= candidate's priority 0
2022-05-11 01:30:48,600 [grpc-default-executor-1] INFO  server.RaftServer$Division (RaftServerImpl.java:setRole(290)) - 4abb40c6-5512-454b-8b90-80ea8fb75f11@group-28077CEF4A72: changes role from  FOLLOWER to FOLLOWER at term 1 for candidate:f563069c-118f-4871-9b30-ceec0ce6fdc0
2022-05-11 01:30:48,600 [grpc-default-executor-1] INFO  impl.RoleInfo (RoleInfo.java:shutdownFollowerState(108)) - 4abb40c6-5512-454b-8b90-80ea8fb75f11: shutdown 4abb40c6-5512-454b-8b90-80ea8fb75f11@group-28077CEF4A72-FollowerState
2022-05-11 01:30:48,600 [grpc-default-executor-1] INFO  impl.RoleInfo (RoleInfo.java:updateAndGet(130)) - 4abb40c6-5512-454b-8b90-80ea8fb75f11: start 4abb40c6-5512-454b-8b90-80ea8fb75f11@group-28077CEF4A72-FollowerState
2022-05-11 01:30:48,600 [4abb40c6-5512-454b-8b90-80ea8fb75f11@group-28077CEF4A72-FollowerState] INFO  impl.FollowerState (FollowerState.java:run(143)) - 4abb40c6-5512-454b-8b90-80ea8fb75f11@group-28077CEF4A72-FollowerState was interrupted: {}
java.lang.InterruptedException: sleep interrupted
	at java.lang.Thread.sleep(Native Method)
	at java.lang.Thread.sleep(Thread.java:342)
	at java.util.concurrent.TimeUnit.sleep(TimeUnit.java:386)
	at org.apache.ratis.util.TimeDuration.sleep(TimeDuration.java:324)
	at org.apache.ratis.util.TimeDuration.sleep(TimeDuration.java:309)
	at org.apache.ratis.server.impl.FollowerState.run(FollowerState.java:118)
2022-05-11 01:30:48,623 [grpc-default-executor-1] INFO  server.RaftServer$Division (RaftServerImpl.java:requestVote(1078)) - 4abb40c6-5512-454b-8b90-80ea8fb75f11@group-28077CEF4A72 replies to ELECTION vote request: f563069c-118f-4871-9b30-ceec0ce6fdc0<-4abb40c6-5512-454b-8b90-80ea8fb75f11#0:OK-t1. Peer's state: 4abb40c6-5512-454b-8b90-80ea8fb75f11@group-28077CEF4A72:t1, leader=null, voted=f563069c-118f-4871-9b30-ceec0ce6fdc0, raftlog=4abb40c6-5512-454b-8b90-80ea8fb75f11@group-28077CEF4A72-SegmentedRaftLog:OPENED:c-1, conf=-1: [f563069c-118f-4871-9b30-ceec0ce6fdc0|rpc:10.1.0.42:37767|dataStream:|priority:0, 4abb40c6-5512-454b-8b90-80ea8fb75f11|rpc:10.1.0.42:42053|dataStream:|priority:0, 53785889-3bf0-451b-ad64-fb7c3b645957|rpc:10.1.0.42:46195|dataStream:|priority:1], old=null
2022-05-11 01:30:48,626 [grpc-default-executor-1] INFO  server.RaftServer$Division (RaftServerImpl.java:requestVote(1046)) - 53785889-3bf0-451b-ad64-fb7c3b645957@group-28077CEF4A72: receive requestVote(ELECTION, f563069c-118f-4871-9b30-ceec0ce6fdc0, group-28077CEF4A72, 1, (t:0, i:0))
2022-05-11 01:30:48,626 [grpc-default-executor-1] INFO  impl.VoteContext (VoteContext.java:log(48)) - 53785889-3bf0-451b-ad64-fb7c3b645957@group-28077CEF4A72-FOLLOWER: reject ELECTION from f563069c-118f-4871-9b30-ceec0ce6fdc0: our priority 1 > candidate's priority 0
2022-05-11 01:30:48,627 [grpc-default-executor-1] INFO  server.RaftServer$Division (RaftServerImpl.java:setRole(290)) - 53785889-3bf0-451b-ad64-fb7c3b645957@group-28077CEF4A72: changes role from  FOLLOWER to FOLLOWER at term 1 for candidate:f563069c-118f-4871-9b30-ceec0ce6fdc0
2022-05-11 01:30:48,627 [grpc-default-executor-1] INFO  impl.RoleInfo (RoleInfo.java:shutdownFollowerState(108)) - 53785889-3bf0-451b-ad64-fb7c3b645957: shutdown 53785889-3bf0-451b-ad64-fb7c3b645957@group-28077CEF4A72-FollowerState
2022-05-11 01:30:48,627 [53785889-3bf0-451b-ad64-fb7c3b645957@group-28077CEF4A72-FollowerState] INFO  impl.FollowerState (FollowerState.java:run(143)) - 53785889-3bf0-451b-ad64-fb7c3b645957@group-28077CEF4A72-FollowerState was interrupted: {}
java.lang.InterruptedException: sleep interrupted
	at java.lang.Thread.sleep(Native Method)
	at java.lang.Thread.sleep(Thread.java:342)
	at java.util.concurrent.TimeUnit.sleep(TimeUnit.java:386)
	at org.apache.ratis.util.TimeDuration.sleep(TimeDuration.java:324)
	at org.apache.ratis.util.TimeDuration.sleep(TimeDuration.java:309)
	at org.apache.ratis.server.impl.FollowerState.run(FollowerState.java:118)
2022-05-11 01:30:48,627 [grpc-default-executor-1] INFO  impl.RoleInfo (RoleInfo.java:updateAndGet(130)) - 53785889-3bf0-451b-ad64-fb7c3b645957: start 53785889-3bf0-451b-ad64-fb7c3b645957@group-28077CEF4A72-FollowerState
2022-05-11 01:30:48,644 [grpc-default-executor-1] INFO  server.RaftServer$Division (RaftServerImpl.java:requestVote(1078)) - 53785889-3bf0-451b-ad64-fb7c3b645957@group-28077CEF4A72 replies to ELECTION vote request: f563069c-118f-4871-9b30-ceec0ce6fdc0<-53785889-3bf0-451b-ad64-fb7c3b645957#0:FAIL-t1. Peer's state: 53785889-3bf0-451b-ad64-fb7c3b645957@group-28077CEF4A72:t1, leader=null, voted=null, raftlog=53785889-3bf0-451b-ad64-fb7c3b645957@group-28077CEF4A72-SegmentedRaftLog:OPENED:c-1, conf=-1: [f563069c-118f-4871-9b30-ceec0ce6fdc0|rpc:10.1.0.42:37767|dataStream:|priority:0, 4abb40c6-5512-454b-8b90-80ea8fb75f11|rpc:10.1.0.42:42053|dataStream:|priority:0, 53785889-3bf0-451b-ad64-fb7c3b645957|rpc:10.1.0.42:46195|dataStream:|priority:1], old=null
2022-05-11 01:30:48,647 [f563069c-118f-4871-9b30-ceec0ce6fdc0@group-28077CEF4A72-LeaderElection59] INFO  impl.LeaderElection (LeaderElection.java:logAndReturn(89)) - f563069c-118f-4871-9b30-ceec0ce6fdc0@group-28077CEF4A72-LeaderElection59: ELECTION REJECTED received 2 response(s) and 0 exception(s):
2022-05-11 01:30:48,647 [f563069c-118f-4871-9b30-ceec0ce6fdc0@group-28077CEF4A72-LeaderElection59] INFO  impl.LeaderElection (LeaderElection.java:logAndReturn(93)) -   Response 0: f563069c-118f-4871-9b30-ceec0ce6fdc0<-4abb40c6-5512-454b-8b90-80ea8fb75f11#0:OK-t1
2022-05-11 01:30:48,647 [f563069c-118f-4871-9b30-ceec0ce6fdc0@group-28077CEF4A72-LeaderElection59] INFO  impl.LeaderElection (LeaderElection.java:logAndReturn(93)) -   Response 1: f563069c-118f-4871-9b30-ceec0ce6fdc0<-53785889-3bf0-451b-ad64-fb7c3b645957#0:FAIL-t1
2022-05-11 01:30:48,647 [f563069c-118f-4871-9b30-ceec0ce6fdc0@group-28077CEF4A72-LeaderElection59] INFO  impl.LeaderElection (LeaderElection.java:askForVotes(308)) - f563069c-118f-4871-9b30-ceec0ce6fdc0@group-28077CEF4A72-LeaderElection59 ELECTION round 0: result REJECTED
2022-05-11 01:30:48,647 [f563069c-118f-4871-9b30-ceec0ce6fdc0@group-28077CEF4A72-LeaderElection59] INFO  server.RaftServer$Division (RaftServerImpl.java:setRole(290)) - f563069c-118f-4871-9b30-ceec0ce6fdc0@group-28077CEF4A72: changes role from CANDIDATE to FOLLOWER at term 1 for REJECTED
2022-05-11 01:30:48,648 [f563069c-118f-4871-9b30-ceec0ce6fdc0@group-28077CEF4A72-LeaderElection59] INFO  impl.RoleInfo (RoleInfo.java:shutdownLeaderElection(121)) - f563069c-118f-4871-9b30-ceec0ce6fdc0: shutdown f563069c-118f-4871-9b30-ceec0ce6fdc0@group-28077CEF4A72-LeaderElection59
2022-05-11 01:30:48,648 [f563069c-118f-4871-9b30-ceec0ce6fdc0@group-28077CEF4A72-LeaderElection59] INFO  impl.RoleInfo (RoleInfo.java:updateAndGet(130)) - f563069c-118f-4871-9b30-ceec0ce6fdc0: start f563069c-118f-4871-9b30-ceec0ce6fdc0@group-28077CEF4A72-FollowerState
2022-05-11 01:30:48,839 [Listener at 127.0.0.1/35015] INFO  ozone.MiniOzoneClusterImpl (MiniOzoneClusterImpl.java:lambda$waitForClusterToBeReady$0(221)) - Nodes are ready. Got 3 of 3 DN Heartbeats.
2022-05-11 01:30:48,839 [Listener at 127.0.0.1/35015] INFO  ozone.MiniOzoneClusterImpl (MiniOzoneClusterImpl.java:lambda$waitForClusterToBeReady$0(224)) - Waiting for cluster to exit safe mode
2022-05-11 01:30:48,839 [Listener at 127.0.0.1/35015] INFO  ozone.MiniOzoneClusterImpl (MiniOzoneClusterImpl.java:lambda$waitForClusterToBeReady$0(226)) - SCM became leader
2022-05-11 01:30:48,872 [f563069c-118f-4871-9b30-ceec0ce6fdc0@group-5FFF0977FE0E-FollowerState] INFO  impl.FollowerState (FollowerState.java:run(134)) - f563069c-118f-4871-9b30-ceec0ce6fdc0@group-5FFF0977FE0E-FollowerState: change to CANDIDATE, lastRpcElapsedTime:5115250202ns, electionTimeout:5101ms
2022-05-11 01:30:48,873 [f563069c-118f-4871-9b30-ceec0ce6fdc0@group-5FFF0977FE0E-FollowerState] INFO  impl.RoleInfo (RoleInfo.java:shutdownFollowerState(108)) - f563069c-118f-4871-9b30-ceec0ce6fdc0: shutdown f563069c-118f-4871-9b30-ceec0ce6fdc0@group-5FFF0977FE0E-FollowerState
2022-05-11 01:30:48,873 [f563069c-118f-4871-9b30-ceec0ce6fdc0@group-5FFF0977FE0E-FollowerState] INFO  server.RaftServer$Division (RaftServerImpl.java:setRole(290)) - f563069c-118f-4871-9b30-ceec0ce6fdc0@group-5FFF0977FE0E: changes role from  FOLLOWER to CANDIDATE at term 0 for changeToCandidate
2022-05-11 01:30:48,873 [f563069c-118f-4871-9b30-ceec0ce6fdc0@group-5FFF0977FE0E-FollowerState] INFO  server.RaftServerConfigKeys (ConfUtils.java:logGet(44)) - raft.server.leaderelection.pre-vote = false (custom)
2022-05-11 01:30:48,873 [f563069c-118f-4871-9b30-ceec0ce6fdc0@group-5FFF0977FE0E-FollowerState] INFO  impl.RoleInfo (RoleInfo.java:updateAndGet(130)) - f563069c-118f-4871-9b30-ceec0ce6fdc0: start f563069c-118f-4871-9b30-ceec0ce6fdc0@group-5FFF0977FE0E-LeaderElection60
2022-05-11 01:30:48,885 [f563069c-118f-4871-9b30-ceec0ce6fdc0@group-5FFF0977FE0E-LeaderElection60] INFO  impl.LeaderElection (LeaderElection.java:askForVotes(306)) - f563069c-118f-4871-9b30-ceec0ce6fdc0@group-5FFF0977FE0E-LeaderElection60 ELECTION round 0: submit vote requests at term 1 for -1: [f563069c-118f-4871-9b30-ceec0ce6fdc0|rpc:10.1.0.42:37767|priority:0, 4abb40c6-5512-454b-8b90-80ea8fb75f11|rpc:10.1.0.42:42053|priority:1, 53785889-3bf0-451b-ad64-fb7c3b645957|rpc:10.1.0.42:46195|priority:0], old=null
2022-05-11 01:30:48,887 [53785889-3bf0-451b-ad64-fb7c3b645957@group-5FFF0977FE0E-FollowerState] INFO  impl.FollowerState (FollowerState.java:run(134)) - 53785889-3bf0-451b-ad64-fb7c3b645957@group-5FFF0977FE0E-FollowerState: change to CANDIDATE, lastRpcElapsedTime:5016689460ns, electionTimeout:5008ms
2022-05-11 01:30:48,887 [53785889-3bf0-451b-ad64-fb7c3b645957@group-5FFF0977FE0E-FollowerState] INFO  impl.RoleInfo (RoleInfo.java:shutdownFollowerState(108)) - 53785889-3bf0-451b-ad64-fb7c3b645957: shutdown 53785889-3bf0-451b-ad64-fb7c3b645957@group-5FFF0977FE0E-FollowerState
2022-05-11 01:30:48,887 [53785889-3bf0-451b-ad64-fb7c3b645957@group-5FFF0977FE0E-FollowerState] INFO  server.RaftServer$Division (RaftServerImpl.java:setRole(290)) - 53785889-3bf0-451b-ad64-fb7c3b645957@group-5FFF0977FE0E: changes role from  FOLLOWER to CANDIDATE at term 0 for changeToCandidate
2022-05-11 01:30:48,888 [53785889-3bf0-451b-ad64-fb7c3b645957@group-5FFF0977FE0E-FollowerState] INFO  server.RaftServerConfigKeys (ConfUtils.java:logGet(44)) - raft.server.leaderelection.pre-vote = false (custom)
2022-05-11 01:30:48,888 [53785889-3bf0-451b-ad64-fb7c3b645957@group-5FFF0977FE0E-FollowerState] INFO  impl.RoleInfo (RoleInfo.java:updateAndGet(130)) - 53785889-3bf0-451b-ad64-fb7c3b645957: start 53785889-3bf0-451b-ad64-fb7c3b645957@group-5FFF0977FE0E-LeaderElection61
2022-05-11 01:30:48,889 [grpc-default-executor-1] INFO  server.RaftServer$Division (RaftServerImpl.java:requestVote(1046)) - 4abb40c6-5512-454b-8b90-80ea8fb75f11@group-5FFF0977FE0E: receive requestVote(ELECTION, f563069c-118f-4871-9b30-ceec0ce6fdc0, group-5FFF0977FE0E, 1, (t:0, i:0))
2022-05-11 01:30:48,890 [grpc-default-executor-1] INFO  impl.VoteContext (VoteContext.java:log(48)) - 4abb40c6-5512-454b-8b90-80ea8fb75f11@group-5FFF0977FE0E-FOLLOWER: reject ELECTION from f563069c-118f-4871-9b30-ceec0ce6fdc0: our priority 1 > candidate's priority 0
2022-05-11 01:30:48,890 [grpc-default-executor-1] INFO  server.RaftServer$Division (RaftServerImpl.java:setRole(290)) - 4abb40c6-5512-454b-8b90-80ea8fb75f11@group-5FFF0977FE0E: changes role from  FOLLOWER to FOLLOWER at term 1 for candidate:f563069c-118f-4871-9b30-ceec0ce6fdc0
2022-05-11 01:30:48,890 [grpc-default-executor-1] INFO  impl.RoleInfo (RoleInfo.java:shutdownFollowerState(108)) - 4abb40c6-5512-454b-8b90-80ea8fb75f11: shutdown 4abb40c6-5512-454b-8b90-80ea8fb75f11@group-5FFF0977FE0E-FollowerState
2022-05-11 01:30:48,890 [4abb40c6-5512-454b-8b90-80ea8fb75f11@group-5FFF0977FE0E-FollowerState] INFO  impl.FollowerState (FollowerState.java:run(143)) - 4abb40c6-5512-454b-8b90-80ea8fb75f11@group-5FFF0977FE0E-FollowerState was interrupted: {}
java.lang.InterruptedException: sleep interrupted
	at java.lang.Thread.sleep(Native Method)
	at java.lang.Thread.sleep(Thread.java:342)
	at java.util.concurrent.TimeUnit.sleep(TimeUnit.java:386)
	at org.apache.ratis.util.TimeDuration.sleep(TimeDuration.java:324)
	at org.apache.ratis.util.TimeDuration.sleep(TimeDuration.java:309)
	at org.apache.ratis.server.impl.FollowerState.run(FollowerState.java:118)
2022-05-11 01:30:48,890 [grpc-default-executor-1] INFO  impl.RoleInfo (RoleInfo.java:updateAndGet(130)) - 4abb40c6-5512-454b-8b90-80ea8fb75f11: start 4abb40c6-5512-454b-8b90-80ea8fb75f11@group-5FFF0977FE0E-FollowerState
2022-05-11 01:30:48,904 [EndpointStateMachine task thread for /0.0.0.0:46775 - 0 ] INFO  ipc.Client (Client.java:handleConnectionFailure(977)) - Retrying connect to server: 0.0.0.0/0.0.0.0:46775. Already tried 7 time(s); retry policy is RetryUpToMaximumCountWithFixedSleep(maxRetries=15, sleepTime=1000 MILLISECONDS)
2022-05-11 01:30:48,905 [53785889-3bf0-451b-ad64-fb7c3b645957@group-5FFF0977FE0E-LeaderElection61] INFO  impl.LeaderElection (LeaderElection.java:askForVotes(306)) - 53785889-3bf0-451b-ad64-fb7c3b645957@group-5FFF0977FE0E-LeaderElection61 ELECTION round 0: submit vote requests at term 1 for -1: [f563069c-118f-4871-9b30-ceec0ce6fdc0|rpc:10.1.0.42:37767|dataStream:|priority:0, 4abb40c6-5512-454b-8b90-80ea8fb75f11|rpc:10.1.0.42:42053|dataStream:|priority:1, 53785889-3bf0-451b-ad64-fb7c3b645957|rpc:10.1.0.42:46195|dataStream:|priority:0], old=null
2022-05-11 01:30:48,907 [grpc-default-executor-1] INFO  server.RaftServer$Division (RaftServerImpl.java:requestVote(1078)) - 4abb40c6-5512-454b-8b90-80ea8fb75f11@group-5FFF0977FE0E replies to ELECTION vote request: f563069c-118f-4871-9b30-ceec0ce6fdc0<-4abb40c6-5512-454b-8b90-80ea8fb75f11#0:FAIL-t1. Peer's state: 4abb40c6-5512-454b-8b90-80ea8fb75f11@group-5FFF0977FE0E:t1, leader=null, voted=null, raftlog=4abb40c6-5512-454b-8b90-80ea8fb75f11@group-5FFF0977FE0E-SegmentedRaftLog:OPENED:c-1, conf=-1: [f563069c-118f-4871-9b30-ceec0ce6fdc0|rpc:10.1.0.42:37767|dataStream:|priority:0, 4abb40c6-5512-454b-8b90-80ea8fb75f11|rpc:10.1.0.42:42053|dataStream:|priority:1, 53785889-3bf0-451b-ad64-fb7c3b645957|rpc:10.1.0.42:46195|dataStream:|priority:0], old=null
2022-05-11 01:30:48,927 [f563069c-118f-4871-9b30-ceec0ce6fdc0@group-5FFF0977FE0E-LeaderElection60] INFO  impl.LeaderElection (LeaderElection.java:logAndReturn(89)) - f563069c-118f-4871-9b30-ceec0ce6fdc0@group-5FFF0977FE0E-LeaderElection60: ELECTION REJECTED received 1 response(s) and 0 exception(s):
2022-05-11 01:30:48,927 [f563069c-118f-4871-9b30-ceec0ce6fdc0@group-5FFF0977FE0E-LeaderElection60] INFO  impl.LeaderElection (LeaderElection.java:logAndReturn(93)) -   Response 0: f563069c-118f-4871-9b30-ceec0ce6fdc0<-4abb40c6-5512-454b-8b90-80ea8fb75f11#0:FAIL-t1
2022-05-11 01:30:48,927 [f563069c-118f-4871-9b30-ceec0ce6fdc0@group-5FFF0977FE0E-LeaderElection60] INFO  impl.LeaderElection (LeaderElection.java:askForVotes(308)) - f563069c-118f-4871-9b30-ceec0ce6fdc0@group-5FFF0977FE0E-LeaderElection60 ELECTION round 0: result REJECTED
2022-05-11 01:30:48,927 [f563069c-118f-4871-9b30-ceec0ce6fdc0@group-5FFF0977FE0E-LeaderElection60] INFO  server.RaftServer$Division (RaftServerImpl.java:setRole(290)) - f563069c-118f-4871-9b30-ceec0ce6fdc0@group-5FFF0977FE0E: changes role from CANDIDATE to FOLLOWER at term 1 for REJECTED
2022-05-11 01:30:48,928 [f563069c-118f-4871-9b30-ceec0ce6fdc0@group-5FFF0977FE0E-LeaderElection60] INFO  impl.RoleInfo (RoleInfo.java:shutdownLeaderElection(121)) - f563069c-118f-4871-9b30-ceec0ce6fdc0: shutdown f563069c-118f-4871-9b30-ceec0ce6fdc0@group-5FFF0977FE0E-LeaderElection60
2022-05-11 01:30:48,928 [f563069c-118f-4871-9b30-ceec0ce6fdc0@group-5FFF0977FE0E-LeaderElection60] INFO  impl.RoleInfo (RoleInfo.java:updateAndGet(130)) - f563069c-118f-4871-9b30-ceec0ce6fdc0: start f563069c-118f-4871-9b30-ceec0ce6fdc0@group-5FFF0977FE0E-FollowerState
2022-05-11 01:30:48,929 [grpc-default-executor-1] INFO  server.RaftServer$Division (RaftServerImpl.java:requestVote(1046)) - 53785889-3bf0-451b-ad64-fb7c3b645957@group-5FFF0977FE0E: receive requestVote(ELECTION, f563069c-118f-4871-9b30-ceec0ce6fdc0, group-5FFF0977FE0E, 1, (t:0, i:0))
2022-05-11 01:30:48,929 [grpc-default-executor-1] INFO  impl.VoteContext (VoteContext.java:log(48)) - 53785889-3bf0-451b-ad64-fb7c3b645957@group-5FFF0977FE0E-CANDIDATE: reject ELECTION from f563069c-118f-4871-9b30-ceec0ce6fdc0: already has voted for 53785889-3bf0-451b-ad64-fb7c3b645957 at current term 1
2022-05-11 01:30:48,929 [grpc-default-executor-1] INFO  server.RaftServer$Division (RaftServerImpl.java:requestVote(1078)) - 53785889-3bf0-451b-ad64-fb7c3b645957@group-5FFF0977FE0E replies to ELECTION vote request: f563069c-118f-4871-9b30-ceec0ce6fdc0<-53785889-3bf0-451b-ad64-fb7c3b645957#0:FAIL-t1. Peer's state: 53785889-3bf0-451b-ad64-fb7c3b645957@group-5FFF0977FE0E:t1, leader=null, voted=53785889-3bf0-451b-ad64-fb7c3b645957, raftlog=53785889-3bf0-451b-ad64-fb7c3b645957@group-5FFF0977FE0E-SegmentedRaftLog:OPENED:c-1, conf=-1: [f563069c-118f-4871-9b30-ceec0ce6fdc0|rpc:10.1.0.42:37767|dataStream:|priority:0, 4abb40c6-5512-454b-8b90-80ea8fb75f11|rpc:10.1.0.42:42053|dataStream:|priority:1, 53785889-3bf0-451b-ad64-fb7c3b645957|rpc:10.1.0.42:46195|dataStream:|priority:0], old=null
2022-05-11 01:30:48,967 [grpc-default-executor-1] INFO  server.RaftServer$Division (RaftServerImpl.java:requestVote(1046)) - f563069c-118f-4871-9b30-ceec0ce6fdc0@group-5FFF0977FE0E: receive requestVote(ELECTION, 53785889-3bf0-451b-ad64-fb7c3b645957, group-5FFF0977FE0E, 1, (t:0, i:0))
2022-05-11 01:30:48,968 [grpc-default-executor-1] INFO  impl.VoteContext (VoteContext.java:log(48)) - f563069c-118f-4871-9b30-ceec0ce6fdc0@group-5FFF0977FE0E-FOLLOWER: reject ELECTION from 53785889-3bf0-451b-ad64-fb7c3b645957: already has voted for f563069c-118f-4871-9b30-ceec0ce6fdc0 at current term 1
2022-05-11 01:30:48,968 [grpc-default-executor-1] INFO  server.RaftServer$Division (RaftServerImpl.java:requestVote(1078)) - f563069c-118f-4871-9b30-ceec0ce6fdc0@group-5FFF0977FE0E replies to ELECTION vote request: 53785889-3bf0-451b-ad64-fb7c3b645957<-f563069c-118f-4871-9b30-ceec0ce6fdc0#0:FAIL-t1. Peer's state: f563069c-118f-4871-9b30-ceec0ce6fdc0@group-5FFF0977FE0E:t1, leader=null, voted=f563069c-118f-4871-9b30-ceec0ce6fdc0, raftlog=f563069c-118f-4871-9b30-ceec0ce6fdc0@group-5FFF0977FE0E-SegmentedRaftLog:OPENED:c-1, conf=-1: [f563069c-118f-4871-9b30-ceec0ce6fdc0|rpc:10.1.0.42:37767|priority:0, 4abb40c6-5512-454b-8b90-80ea8fb75f11|rpc:10.1.0.42:42053|priority:1, 53785889-3bf0-451b-ad64-fb7c3b645957|rpc:10.1.0.42:46195|priority:0], old=null
2022-05-11 01:30:48,992 [grpc-default-executor-1] INFO  server.RaftServer$Division (RaftServerImpl.java:requestVote(1046)) - 4abb40c6-5512-454b-8b90-80ea8fb75f11@group-5FFF0977FE0E: receive requestVote(ELECTION, 53785889-3bf0-451b-ad64-fb7c3b645957, group-5FFF0977FE0E, 1, (t:0, i:0))
2022-05-11 01:30:48,992 [grpc-default-executor-1] INFO  impl.VoteContext (VoteContext.java:log(48)) - 4abb40c6-5512-454b-8b90-80ea8fb75f11@group-5FFF0977FE0E-FOLLOWER: reject ELECTION from 53785889-3bf0-451b-ad64-fb7c3b645957: our priority 1 > candidate's priority 0
2022-05-11 01:30:48,992 [grpc-default-executor-1] INFO  server.RaftServer$Division (RaftServerImpl.java:setRole(290)) - 4abb40c6-5512-454b-8b90-80ea8fb75f11@group-5FFF0977FE0E: changes role from  FOLLOWER to FOLLOWER at term 1 for candidate:53785889-3bf0-451b-ad64-fb7c3b645957
2022-05-11 01:30:48,993 [grpc-default-executor-1] INFO  impl.RoleInfo (RoleInfo.java:shutdownFollowerState(108)) - 4abb40c6-5512-454b-8b90-80ea8fb75f11: shutdown 4abb40c6-5512-454b-8b90-80ea8fb75f11@group-5FFF0977FE0E-FollowerState
2022-05-11 01:30:48,993 [grpc-default-executor-1] INFO  impl.RoleInfo (RoleInfo.java:updateAndGet(130)) - 4abb40c6-5512-454b-8b90-80ea8fb75f11: start 4abb40c6-5512-454b-8b90-80ea8fb75f11@group-5FFF0977FE0E-FollowerState
2022-05-11 01:30:48,993 [4abb40c6-5512-454b-8b90-80ea8fb75f11@group-5FFF0977FE0E-FollowerState] INFO  impl.FollowerState (FollowerState.java:run(143)) - 4abb40c6-5512-454b-8b90-80ea8fb75f11@group-5FFF0977FE0E-FollowerState was interrupted: {}
java.lang.InterruptedException: sleep interrupted
	at java.lang.Thread.sleep(Native Method)
	at java.lang.Thread.sleep(Thread.java:342)
	at java.util.concurrent.TimeUnit.sleep(TimeUnit.java:386)
	at org.apache.ratis.util.TimeDuration.sleep(TimeDuration.java:324)
	at org.apache.ratis.util.TimeDuration.sleep(TimeDuration.java:309)
	at org.apache.ratis.server.impl.FollowerState.run(FollowerState.java:118)
2022-05-11 01:30:48,999 [grpc-default-executor-1] INFO  server.RaftServer$Division (RaftServerImpl.java:requestVote(1078)) - 4abb40c6-5512-454b-8b90-80ea8fb75f11@group-5FFF0977FE0E replies to ELECTION vote request: 53785889-3bf0-451b-ad64-fb7c3b645957<-4abb40c6-5512-454b-8b90-80ea8fb75f11#0:FAIL-t1. Peer's state: 4abb40c6-5512-454b-8b90-80ea8fb75f11@group-5FFF0977FE0E:t1, leader=null, voted=null, raftlog=4abb40c6-5512-454b-8b90-80ea8fb75f11@group-5FFF0977FE0E-SegmentedRaftLog:OPENED:c-1, conf=-1: [f563069c-118f-4871-9b30-ceec0ce6fdc0|rpc:10.1.0.42:37767|dataStream:|priority:0, 4abb40c6-5512-454b-8b90-80ea8fb75f11|rpc:10.1.0.42:42053|dataStream:|priority:1, 53785889-3bf0-451b-ad64-fb7c3b645957|rpc:10.1.0.42:46195|dataStream:|priority:0], old=null
2022-05-11 01:30:49,000 [53785889-3bf0-451b-ad64-fb7c3b645957@group-5FFF0977FE0E-LeaderElection61] INFO  impl.LeaderElection (LeaderElection.java:logAndReturn(89)) - 53785889-3bf0-451b-ad64-fb7c3b645957@group-5FFF0977FE0E-LeaderElection61: ELECTION REJECTED received 2 response(s) and 0 exception(s):
2022-05-11 01:30:49,000 [53785889-3bf0-451b-ad64-fb7c3b645957@group-5FFF0977FE0E-LeaderElection61] INFO  impl.LeaderElection (LeaderElection.java:logAndReturn(93)) -   Response 0: 53785889-3bf0-451b-ad64-fb7c3b645957<-f563069c-118f-4871-9b30-ceec0ce6fdc0#0:FAIL-t1
2022-05-11 01:30:49,000 [53785889-3bf0-451b-ad64-fb7c3b645957@group-5FFF0977FE0E-LeaderElection61] INFO  impl.LeaderElection (LeaderElection.java:logAndReturn(93)) -   Response 1: 53785889-3bf0-451b-ad64-fb7c3b645957<-4abb40c6-5512-454b-8b90-80ea8fb75f11#0:FAIL-t1
2022-05-11 01:30:49,001 [53785889-3bf0-451b-ad64-fb7c3b645957@group-5FFF0977FE0E-LeaderElection61] INFO  impl.LeaderElection (LeaderElection.java:askForVotes(308)) - 53785889-3bf0-451b-ad64-fb7c3b645957@group-5FFF0977FE0E-LeaderElection61 ELECTION round 0: result REJECTED
2022-05-11 01:30:49,001 [53785889-3bf0-451b-ad64-fb7c3b645957@group-5FFF0977FE0E-LeaderElection61] INFO  server.RaftServer$Division (RaftServerImpl.java:setRole(290)) - 53785889-3bf0-451b-ad64-fb7c3b645957@group-5FFF0977FE0E: changes role from CANDIDATE to FOLLOWER at term 1 for REJECTED
2022-05-11 01:30:49,001 [53785889-3bf0-451b-ad64-fb7c3b645957@group-5FFF0977FE0E-LeaderElection61] INFO  impl.RoleInfo (RoleInfo.java:shutdownLeaderElection(121)) - 53785889-3bf0-451b-ad64-fb7c3b645957: shutdown 53785889-3bf0-451b-ad64-fb7c3b645957@group-5FFF0977FE0E-LeaderElection61
2022-05-11 01:30:49,001 [53785889-3bf0-451b-ad64-fb7c3b645957@group-5FFF0977FE0E-LeaderElection61] INFO  impl.RoleInfo (RoleInfo.java:updateAndGet(130)) - 53785889-3bf0-451b-ad64-fb7c3b645957: start 53785889-3bf0-451b-ad64-fb7c3b645957@group-5FFF0977FE0E-FollowerState
2022-05-11 01:30:49,035 [53785889-3bf0-451b-ad64-fb7c3b645957@group-7D90EF79E7A4-FollowerState] INFO  impl.FollowerState (FollowerState.java:run(134)) - 53785889-3bf0-451b-ad64-fb7c3b645957@group-7D90EF79E7A4-FollowerState: change to CANDIDATE, lastRpcElapsedTime:5034685274ns, electionTimeout:5026ms
2022-05-11 01:30:49,035 [53785889-3bf0-451b-ad64-fb7c3b645957@group-7D90EF79E7A4-FollowerState] INFO  impl.RoleInfo (RoleInfo.java:shutdownFollowerState(108)) - 53785889-3bf0-451b-ad64-fb7c3b645957: shutdown 53785889-3bf0-451b-ad64-fb7c3b645957@group-7D90EF79E7A4-FollowerState
2022-05-11 01:30:49,035 [53785889-3bf0-451b-ad64-fb7c3b645957@group-7D90EF79E7A4-FollowerState] INFO  server.RaftServer$Division (RaftServerImpl.java:setRole(290)) - 53785889-3bf0-451b-ad64-fb7c3b645957@group-7D90EF79E7A4: changes role from  FOLLOWER to CANDIDATE at term 0 for changeToCandidate
2022-05-11 01:30:49,035 [53785889-3bf0-451b-ad64-fb7c3b645957@group-7D90EF79E7A4-FollowerState] INFO  server.RaftServerConfigKeys (ConfUtils.java:logGet(44)) - raft.server.leaderelection.pre-vote = false (custom)
2022-05-11 01:30:49,035 [53785889-3bf0-451b-ad64-fb7c3b645957@group-7D90EF79E7A4-FollowerState] INFO  impl.RoleInfo (RoleInfo.java:updateAndGet(130)) - 53785889-3bf0-451b-ad64-fb7c3b645957: start 53785889-3bf0-451b-ad64-fb7c3b645957@group-7D90EF79E7A4-LeaderElection62
2022-05-11 01:30:49,048 [53785889-3bf0-451b-ad64-fb7c3b645957@group-7D90EF79E7A4-LeaderElection62] INFO  impl.LeaderElection (LeaderElection.java:askForVotes(306)) - 53785889-3bf0-451b-ad64-fb7c3b645957@group-7D90EF79E7A4-LeaderElection62 ELECTION round 0: submit vote requests at term 1 for -1: [53785889-3bf0-451b-ad64-fb7c3b645957|rpc:10.1.0.42:46195|priority:1], old=null
2022-05-11 01:30:49,048 [53785889-3bf0-451b-ad64-fb7c3b645957@group-7D90EF79E7A4-LeaderElection62] INFO  impl.LeaderElection (LeaderElection.java:askForVotes(308)) - 53785889-3bf0-451b-ad64-fb7c3b645957@group-7D90EF79E7A4-LeaderElection62 ELECTION round 0: result PASSED (term=1)
2022-05-11 01:30:49,048 [53785889-3bf0-451b-ad64-fb7c3b645957@group-7D90EF79E7A4-LeaderElection62] INFO  impl.RoleInfo (RoleInfo.java:shutdownLeaderElection(121)) - 53785889-3bf0-451b-ad64-fb7c3b645957: shutdown 53785889-3bf0-451b-ad64-fb7c3b645957@group-7D90EF79E7A4-LeaderElection62
2022-05-11 01:30:49,048 [53785889-3bf0-451b-ad64-fb7c3b645957@group-7D90EF79E7A4-LeaderElection62] INFO  server.RaftServer$Division (RaftServerImpl.java:setRole(290)) - 53785889-3bf0-451b-ad64-fb7c3b645957@group-7D90EF79E7A4: changes role from CANDIDATE to LEADER at term 1 for changeToLeader
2022-05-11 01:30:49,049 [53785889-3bf0-451b-ad64-fb7c3b645957@group-7D90EF79E7A4-LeaderElection62] INFO  ratis.XceiverServerRatis (XceiverServerRatis.java:handleLeaderChangedNotification(863)) - Leader change notification received for group: group-7D90EF79E7A4 with new leaderId: 53785889-3bf0-451b-ad64-fb7c3b645957
2022-05-11 01:30:49,049 [53785889-3bf0-451b-ad64-fb7c3b645957@group-7D90EF79E7A4-LeaderElection62] INFO  server.RaftServer$Division (ServerState.java:setLeader(285)) - 53785889-3bf0-451b-ad64-fb7c3b645957@group-7D90EF79E7A4: change Leader from null to 53785889-3bf0-451b-ad64-fb7c3b645957 at term 1 for becomeLeader, leader elected after 5064ms
2022-05-11 01:30:49,049 [53785889-3bf0-451b-ad64-fb7c3b645957@group-7D90EF79E7A4-LeaderElection62] INFO  server.RaftServerConfigKeys (ConfUtils.java:logGet(44)) - raft.server.staging.catchup.gap = 1000 (default)
2022-05-11 01:30:49,049 [53785889-3bf0-451b-ad64-fb7c3b645957@group-7D90EF79E7A4-LeaderElection62] INFO  server.RaftServerConfigKeys (ConfUtils.java:logGet(44)) - raft.server.write.element-limit = 1024 (custom)
2022-05-11 01:30:49,049 [53785889-3bf0-451b-ad64-fb7c3b645957@group-7D90EF79E7A4-LeaderElection62] INFO  server.RaftServerConfigKeys (ConfUtils.java:logGet(44)) - raft.server.write.byte-limit = 1024 M (=1073741824) (custom)
2022-05-11 01:30:49,050 [53785889-3bf0-451b-ad64-fb7c3b645957@group-7D90EF79E7A4-LeaderElection62] INFO  server.RaftServerConfigKeys (ConfUtils.java:logGet(44)) - raft.server.watch.timeout = 180s (custom)
2022-05-11 01:30:49,050 [53785889-3bf0-451b-ad64-fb7c3b645957@group-7D90EF79E7A4-LeaderElection62] INFO  server.RaftServerConfigKeys (ConfUtils.java:logGet(44)) - raft.server.watch.timeout.denomination = 1s (default)
2022-05-11 01:30:49,050 [53785889-3bf0-451b-ad64-fb7c3b645957@group-7D90EF79E7A4-LeaderElection62] INFO  server.RaftServerConfigKeys (ConfUtils.java:logGet(44)) - raft.server.watch.element-limit = 65536 (default)
2022-05-11 01:30:49,050 [53785889-3bf0-451b-ad64-fb7c3b645957@group-7D90EF79E7A4-LeaderElection62] INFO  server.RaftServerConfigKeys (ConfUtils.java:logGet(44)) - raft.server.write.element-limit = 1024 (custom)
2022-05-11 01:30:49,051 [EventQueue-OpenPipelineForHealthyPipelineSafeModeRule] INFO  safemode.SCMSafeModeManager (HealthyPipelineSafeModeRule.java:process(124)) - SCM in safe mode. Healthy pipelines reported count is 0, required healthy pipeline reported count is 1
2022-05-11 01:30:49,051 [53785889-3bf0-451b-ad64-fb7c3b645957@group-7D90EF79E7A4-LeaderElection62] INFO  server.RaftServerConfigKeys (ConfUtils.java:logGet(44)) - raft.server.write.follower.gap.ratio.max = -1.0 (default)
2022-05-11 01:30:49,051 [53785889-3bf0-451b-ad64-fb7c3b645957@group-7D90EF79E7A4-LeaderElection62] INFO  impl.RoleInfo (RoleInfo.java:updateAndGet(130)) - 53785889-3bf0-451b-ad64-fb7c3b645957: start 53785889-3bf0-451b-ad64-fb7c3b645957@group-7D90EF79E7A4-LeaderStateImpl
2022-05-11 01:30:49,052 [53785889-3bf0-451b-ad64-fb7c3b645957@group-7D90EF79E7A4-LeaderElection62] INFO  segmented.SegmentedRaftLogWorker (SegmentedRaftLogWorker.java:startLogSegment(394)) - 53785889-3bf0-451b-ad64-fb7c3b645957@group-7D90EF79E7A4-SegmentedRaftLogWorker: Starting segment from index:0
2022-05-11 01:30:49,053 [53785889-3bf0-451b-ad64-fb7c3b645957@group-7D90EF79E7A4-SegmentedRaftLogWorker] INFO  segmented.SegmentedRaftLogWorker (SegmentedRaftLogWorker.java:execute(601)) - 53785889-3bf0-451b-ad64-fb7c3b645957@group-7D90EF79E7A4-SegmentedRaftLogWorker: created new log segment /home/runner/work/ozone/ozone/hadoop-ozone/integration-test/target/test-dir/MiniOzoneClusterImpl-37128324-e3dc-46f8-950a-3a99f891b880/datanode-1/data/ratis/3d72c70c-a986-4f21-bc69-7d90ef79e7a4/current/log_inprogress_0
2022-05-11 01:30:49,060 [53785889-3bf0-451b-ad64-fb7c3b645957@group-7D90EF79E7A4-LeaderElection62] INFO  server.RaftServer$Division (ServerState.java:setRaftConf(387)) - 53785889-3bf0-451b-ad64-fb7c3b645957@group-7D90EF79E7A4: set configuration 0: [53785889-3bf0-451b-ad64-fb7c3b645957|rpc:10.1.0.42:46195|dataStream:|priority:1], old=null
2022-05-11 01:30:49,840 [Listener at 127.0.0.1/35015] INFO  ozone.MiniOzoneClusterImpl (MiniOzoneClusterImpl.java:lambda$waitForClusterToBeReady$0(221)) - Nodes are ready. Got 3 of 3 DN Heartbeats.
2022-05-11 01:30:49,840 [Listener at 127.0.0.1/35015] INFO  ozone.MiniOzoneClusterImpl (MiniOzoneClusterImpl.java:lambda$waitForClusterToBeReady$0(224)) - Waiting for cluster to exit safe mode
2022-05-11 01:30:49,840 [Listener at 127.0.0.1/35015] INFO  ozone.MiniOzoneClusterImpl (MiniOzoneClusterImpl.java:lambda$waitForClusterToBeReady$0(226)) - SCM became leader
2022-05-11 01:30:49,905 [EndpointStateMachine task thread for /0.0.0.0:46775 - 0 ] INFO  ipc.Client (Client.java:handleConnectionFailure(977)) - Retrying connect to server: 0.0.0.0/0.0.0.0:46775. Already tried 8 time(s); retry policy is RetryUpToMaximumCountWithFixedSleep(maxRetries=15, sleepTime=1000 MILLISECONDS)
2022-05-11 01:30:50,065 [4abb40c6-5512-454b-8b90-80ea8fb75f11@group-9CA87EB32D30-FollowerState] INFO  impl.FollowerState (FollowerState.java:run(134)) - 4abb40c6-5512-454b-8b90-80ea8fb75f11@group-9CA87EB32D30-FollowerState: change to CANDIDATE, lastRpcElapsedTime:5164546229ns, electionTimeout:5155ms
2022-05-11 01:30:50,065 [4abb40c6-5512-454b-8b90-80ea8fb75f11@group-9CA87EB32D30-FollowerState] INFO  impl.RoleInfo (RoleInfo.java:shutdownFollowerState(108)) - 4abb40c6-5512-454b-8b90-80ea8fb75f11: shutdown 4abb40c6-5512-454b-8b90-80ea8fb75f11@group-9CA87EB32D30-FollowerState
2022-05-11 01:30:50,065 [4abb40c6-5512-454b-8b90-80ea8fb75f11@group-9CA87EB32D30-FollowerState] INFO  server.RaftServer$Division (RaftServerImpl.java:setRole(290)) - 4abb40c6-5512-454b-8b90-80ea8fb75f11@group-9CA87EB32D30: changes role from  FOLLOWER to CANDIDATE at term 0 for changeToCandidate
2022-05-11 01:30:50,065 [4abb40c6-5512-454b-8b90-80ea8fb75f11@group-9CA87EB32D30-FollowerState] INFO  server.RaftServerConfigKeys (ConfUtils.java:logGet(44)) - raft.server.leaderelection.pre-vote = false (custom)
2022-05-11 01:30:50,065 [4abb40c6-5512-454b-8b90-80ea8fb75f11@group-9CA87EB32D30-FollowerState] INFO  impl.RoleInfo (RoleInfo.java:updateAndGet(130)) - 4abb40c6-5512-454b-8b90-80ea8fb75f11: start 4abb40c6-5512-454b-8b90-80ea8fb75f11@group-9CA87EB32D30-LeaderElection63
2022-05-11 01:30:50,078 [4abb40c6-5512-454b-8b90-80ea8fb75f11@group-9CA87EB32D30-LeaderElection63] INFO  impl.LeaderElection (LeaderElection.java:askForVotes(306)) - 4abb40c6-5512-454b-8b90-80ea8fb75f11@group-9CA87EB32D30-LeaderElection63 ELECTION round 0: submit vote requests at term 1 for -1: [4abb40c6-5512-454b-8b90-80ea8fb75f11|rpc:10.1.0.42:42053|priority:1], old=null
2022-05-11 01:30:50,078 [4abb40c6-5512-454b-8b90-80ea8fb75f11@group-9CA87EB32D30-LeaderElection63] INFO  impl.LeaderElection (LeaderElection.java:askForVotes(308)) - 4abb40c6-5512-454b-8b90-80ea8fb75f11@group-9CA87EB32D30-LeaderElection63 ELECTION round 0: result PASSED (term=1)
2022-05-11 01:30:50,078 [4abb40c6-5512-454b-8b90-80ea8fb75f11@group-9CA87EB32D30-LeaderElection63] INFO  impl.RoleInfo (RoleInfo.java:shutdownLeaderElection(121)) - 4abb40c6-5512-454b-8b90-80ea8fb75f11: shutdown 4abb40c6-5512-454b-8b90-80ea8fb75f11@group-9CA87EB32D30-LeaderElection63
2022-05-11 01:30:50,078 [4abb40c6-5512-454b-8b90-80ea8fb75f11@group-9CA87EB32D30-LeaderElection63] INFO  server.RaftServer$Division (RaftServerImpl.java:setRole(290)) - 4abb40c6-5512-454b-8b90-80ea8fb75f11@group-9CA87EB32D30: changes role from CANDIDATE to LEADER at term 1 for changeToLeader
2022-05-11 01:30:50,078 [4abb40c6-5512-454b-8b90-80ea8fb75f11@group-9CA87EB32D30-LeaderElection63] INFO  ratis.XceiverServerRatis (XceiverServerRatis.java:handleLeaderChangedNotification(863)) - Leader change notification received for group: group-9CA87EB32D30 with new leaderId: 4abb40c6-5512-454b-8b90-80ea8fb75f11
2022-05-11 01:30:50,078 [4abb40c6-5512-454b-8b90-80ea8fb75f11@group-9CA87EB32D30-LeaderElection63] INFO  server.RaftServer$Division (ServerState.java:setLeader(285)) - 4abb40c6-5512-454b-8b90-80ea8fb75f11@group-9CA87EB32D30: change Leader from null to 4abb40c6-5512-454b-8b90-80ea8fb75f11 at term 1 for becomeLeader, leader elected after 5197ms
2022-05-11 01:30:50,078 [4abb40c6-5512-454b-8b90-80ea8fb75f11@group-9CA87EB32D30-LeaderElection63] INFO  server.RaftServerConfigKeys (ConfUtils.java:logGet(44)) - raft.server.staging.catchup.gap = 1000 (default)
2022-05-11 01:30:50,079 [4abb40c6-5512-454b-8b90-80ea8fb75f11@group-9CA87EB32D30-LeaderElection63] INFO  server.RaftServerConfigKeys (ConfUtils.java:logGet(44)) - raft.server.write.element-limit = 1024 (custom)
2022-05-11 01:30:50,079 [4abb40c6-5512-454b-8b90-80ea8fb75f11@group-9CA87EB32D30-LeaderElection63] INFO  server.RaftServerConfigKeys (ConfUtils.java:logGet(44)) - raft.server.write.byte-limit = 1024 M (=1073741824) (custom)
2022-05-11 01:30:50,083 [EventQueue-OpenPipelineForHealthyPipelineSafeModeRule] INFO  safemode.SCMSafeModeManager (HealthyPipelineSafeModeRule.java:process(124)) - SCM in safe mode. Healthy pipelines reported count is 0, required healthy pipeline reported count is 1
2022-05-11 01:30:50,083 [4abb40c6-5512-454b-8b90-80ea8fb75f11@group-9CA87EB32D30-LeaderElection63] INFO  server.RaftServerConfigKeys (ConfUtils.java:logGet(44)) - raft.server.watch.timeout = 180s (custom)
2022-05-11 01:30:50,083 [4abb40c6-5512-454b-8b90-80ea8fb75f11@group-9CA87EB32D30-LeaderElection63] INFO  server.RaftServerConfigKeys (ConfUtils.java:logGet(44)) - raft.server.watch.timeout.denomination = 1s (default)
2022-05-11 01:30:50,083 [4abb40c6-5512-454b-8b90-80ea8fb75f11@group-9CA87EB32D30-LeaderElection63] INFO  server.RaftServerConfigKeys (ConfUtils.java:logGet(44)) - raft.server.watch.element-limit = 65536 (default)
2022-05-11 01:30:50,088 [4abb40c6-5512-454b-8b90-80ea8fb75f11@group-9CA87EB32D30-LeaderElection63] INFO  server.RaftServerConfigKeys (ConfUtils.java:logGet(44)) - raft.server.write.element-limit = 1024 (custom)
2022-05-11 01:30:50,088 [4abb40c6-5512-454b-8b90-80ea8fb75f11@group-9CA87EB32D30-LeaderElection63] INFO  server.RaftServerConfigKeys (ConfUtils.java:logGet(44)) - raft.server.write.follower.gap.ratio.max = -1.0 (default)
2022-05-11 01:30:50,088 [4abb40c6-5512-454b-8b90-80ea8fb75f11@group-9CA87EB32D30-LeaderElection63] INFO  impl.RoleInfo (RoleInfo.java:updateAndGet(130)) - 4abb40c6-5512-454b-8b90-80ea8fb75f11: start 4abb40c6-5512-454b-8b90-80ea8fb75f11@group-9CA87EB32D30-LeaderStateImpl
2022-05-11 01:30:50,089 [4abb40c6-5512-454b-8b90-80ea8fb75f11@group-9CA87EB32D30-LeaderElection63] INFO  segmented.SegmentedRaftLogWorker (SegmentedRaftLogWorker.java:startLogSegment(394)) - 4abb40c6-5512-454b-8b90-80ea8fb75f11@group-9CA87EB32D30-SegmentedRaftLogWorker: Starting segment from index:0
2022-05-11 01:30:50,090 [4abb40c6-5512-454b-8b90-80ea8fb75f11@group-9CA87EB32D30-SegmentedRaftLogWorker] INFO  segmented.SegmentedRaftLogWorker (SegmentedRaftLogWorker.java:execute(601)) - 4abb40c6-5512-454b-8b90-80ea8fb75f11@group-9CA87EB32D30-SegmentedRaftLogWorker: created new log segment /home/runner/work/ozone/ozone/hadoop-ozone/integration-test/target/test-dir/MiniOzoneClusterImpl-37128324-e3dc-46f8-950a-3a99f891b880/datanode-2/data/ratis/4911326d-9027-40a9-89b6-9ca87eb32d30/current/log_inprogress_0
2022-05-11 01:30:50,107 [4abb40c6-5512-454b-8b90-80ea8fb75f11@group-9CA87EB32D30-LeaderElection63] INFO  server.RaftServer$Division (ServerState.java:setRaftConf(387)) - 4abb40c6-5512-454b-8b90-80ea8fb75f11@group-9CA87EB32D30: set configuration 0: [4abb40c6-5512-454b-8b90-80ea8fb75f11|rpc:10.1.0.42:42053|dataStream:|priority:1], old=null
2022-05-11 01:30:50,841 [Listener at 127.0.0.1/35015] INFO  ozone.MiniOzoneClusterImpl (MiniOzoneClusterImpl.java:lambda$waitForClusterToBeReady$0(221)) - Nodes are ready. Got 3 of 3 DN Heartbeats.
2022-05-11 01:30:50,841 [Listener at 127.0.0.1/35015] INFO  ozone.MiniOzoneClusterImpl (MiniOzoneClusterImpl.java:lambda$waitForClusterToBeReady$0(224)) - Waiting for cluster to exit safe mode
2022-05-11 01:30:50,841 [Listener at 127.0.0.1/35015] INFO  ozone.MiniOzoneClusterImpl (MiniOzoneClusterImpl.java:lambda$waitForClusterToBeReady$0(226)) - SCM became leader
2022-05-11 01:30:50,905 [EndpointStateMachine task thread for /0.0.0.0:46775 - 0 ] INFO  ipc.Client (Client.java:handleConnectionFailure(977)) - Retrying connect to server: 0.0.0.0/0.0.0.0:46775. Already tried 9 time(s); retry policy is RetryUpToMaximumCountWithFixedSleep(maxRetries=15, sleepTime=1000 MILLISECONDS)
2022-05-11 01:30:51,841 [Listener at 127.0.0.1/35015] INFO  ozone.MiniOzoneClusterImpl (MiniOzoneClusterImpl.java:lambda$waitForClusterToBeReady$0(221)) - Nodes are ready. Got 3 of 3 DN Heartbeats.
2022-05-11 01:30:51,842 [Listener at 127.0.0.1/35015] INFO  ozone.MiniOzoneClusterImpl (MiniOzoneClusterImpl.java:lambda$waitForClusterToBeReady$0(224)) - Waiting for cluster to exit safe mode
2022-05-11 01:30:51,842 [Listener at 127.0.0.1/35015] INFO  ozone.MiniOzoneClusterImpl (MiniOzoneClusterImpl.java:lambda$waitForClusterToBeReady$0(226)) - SCM became leader
2022-05-11 01:30:51,906 [EndpointStateMachine task thread for /0.0.0.0:46775 - 0 ] INFO  ipc.Client (Client.java:handleConnectionFailure(977)) - Retrying connect to server: 0.0.0.0/0.0.0.0:46775. Already tried 10 time(s); retry policy is RetryUpToMaximumCountWithFixedSleep(maxRetries=15, sleepTime=1000 MILLISECONDS)
2022-05-11 01:30:52,842 [Listener at 127.0.0.1/35015] INFO  ozone.MiniOzoneClusterImpl (MiniOzoneClusterImpl.java:lambda$waitForClusterToBeReady$0(221)) - Nodes are ready. Got 3 of 3 DN Heartbeats.
2022-05-11 01:30:52,843 [Listener at 127.0.0.1/35015] INFO  ozone.MiniOzoneClusterImpl (MiniOzoneClusterImpl.java:lambda$waitForClusterToBeReady$0(224)) - Waiting for cluster to exit safe mode
2022-05-11 01:30:52,843 [Listener at 127.0.0.1/35015] INFO  ozone.MiniOzoneClusterImpl (MiniOzoneClusterImpl.java:lambda$waitForClusterToBeReady$0(226)) - SCM became leader
2022-05-11 01:30:52,907 [EndpointStateMachine task thread for /0.0.0.0:46775 - 0 ] INFO  ipc.Client (Client.java:handleConnectionFailure(977)) - Retrying connect to server: 0.0.0.0/0.0.0.0:46775. Already tried 11 time(s); retry policy is RetryUpToMaximumCountWithFixedSleep(maxRetries=15, sleepTime=1000 MILLISECONDS)
2022-05-11 01:30:53,693 [53785889-3bf0-451b-ad64-fb7c3b645957@group-28077CEF4A72-FollowerState] INFO  impl.FollowerState (FollowerState.java:run(134)) - 53785889-3bf0-451b-ad64-fb7c3b645957@group-28077CEF4A72-FollowerState: change to CANDIDATE, lastRpcElapsedTime:5065951714ns, electionTimeout:5052ms
2022-05-11 01:30:53,693 [53785889-3bf0-451b-ad64-fb7c3b645957@group-28077CEF4A72-FollowerState] INFO  impl.RoleInfo (RoleInfo.java:shutdownFollowerState(108)) - 53785889-3bf0-451b-ad64-fb7c3b645957: shutdown 53785889-3bf0-451b-ad64-fb7c3b645957@group-28077CEF4A72-FollowerState
2022-05-11 01:30:53,693 [53785889-3bf0-451b-ad64-fb7c3b645957@group-28077CEF4A72-FollowerState] INFO  server.RaftServer$Division (RaftServerImpl.java:setRole(290)) - 53785889-3bf0-451b-ad64-fb7c3b645957@group-28077CEF4A72: changes role from  FOLLOWER to CANDIDATE at term 1 for changeToCandidate
2022-05-11 01:30:53,693 [53785889-3bf0-451b-ad64-fb7c3b645957@group-28077CEF4A72-FollowerState] INFO  server.RaftServerConfigKeys (ConfUtils.java:logGet(44)) - raft.server.leaderelection.pre-vote = false (custom)
2022-05-11 01:30:53,693 [53785889-3bf0-451b-ad64-fb7c3b645957@group-28077CEF4A72-FollowerState] INFO  impl.RoleInfo (RoleInfo.java:updateAndGet(130)) - 53785889-3bf0-451b-ad64-fb7c3b645957: start 53785889-3bf0-451b-ad64-fb7c3b645957@group-28077CEF4A72-LeaderElection64
2022-05-11 01:30:53,699 [53785889-3bf0-451b-ad64-fb7c3b645957@group-28077CEF4A72-LeaderElection64] INFO  impl.LeaderElection (LeaderElection.java:askForVotes(306)) - 53785889-3bf0-451b-ad64-fb7c3b645957@group-28077CEF4A72-LeaderElection64 ELECTION round 0: submit vote requests at term 2 for -1: [f563069c-118f-4871-9b30-ceec0ce6fdc0|rpc:10.1.0.42:37767|dataStream:|priority:0, 4abb40c6-5512-454b-8b90-80ea8fb75f11|rpc:10.1.0.42:42053|dataStream:|priority:0, 53785889-3bf0-451b-ad64-fb7c3b645957|rpc:10.1.0.42:46195|dataStream:|priority:1], old=null
2022-05-11 01:30:53,708 [grpc-default-executor-1] INFO  server.RaftServer$Division (RaftServerImpl.java:requestVote(1046)) - f563069c-118f-4871-9b30-ceec0ce6fdc0@group-28077CEF4A72: receive requestVote(ELECTION, 53785889-3bf0-451b-ad64-fb7c3b645957, group-28077CEF4A72, 2, (t:0, i:0))
2022-05-11 01:30:53,709 [grpc-default-executor-1] INFO  impl.VoteContext (VoteContext.java:log(48)) - f563069c-118f-4871-9b30-ceec0ce6fdc0@group-28077CEF4A72-FOLLOWER: accept ELECTION from 53785889-3bf0-451b-ad64-fb7c3b645957: our priority 0 <= candidate's priority 1
2022-05-11 01:30:53,709 [grpc-default-executor-1] INFO  server.RaftServer$Division (RaftServerImpl.java:setRole(290)) - f563069c-118f-4871-9b30-ceec0ce6fdc0@group-28077CEF4A72: changes role from  FOLLOWER to FOLLOWER at term 2 for candidate:53785889-3bf0-451b-ad64-fb7c3b645957
2022-05-11 01:30:53,709 [grpc-default-executor-1] INFO  impl.RoleInfo (RoleInfo.java:shutdownFollowerState(108)) - f563069c-118f-4871-9b30-ceec0ce6fdc0: shutdown f563069c-118f-4871-9b30-ceec0ce6fdc0@group-28077CEF4A72-FollowerState
2022-05-11 01:30:53,715 [grpc-default-executor-1] INFO  impl.RoleInfo (RoleInfo.java:updateAndGet(130)) - f563069c-118f-4871-9b30-ceec0ce6fdc0: start f563069c-118f-4871-9b30-ceec0ce6fdc0@group-28077CEF4A72-FollowerState
2022-05-11 01:30:53,715 [f563069c-118f-4871-9b30-ceec0ce6fdc0@group-28077CEF4A72-FollowerState] INFO  impl.FollowerState (FollowerState.java:run(143)) - f563069c-118f-4871-9b30-ceec0ce6fdc0@group-28077CEF4A72-FollowerState was interrupted: {}
java.lang.InterruptedException: sleep interrupted
	at java.lang.Thread.sleep(Native Method)
	at java.lang.Thread.sleep(Thread.java:342)
	at java.util.concurrent.TimeUnit.sleep(TimeUnit.java:386)
	at org.apache.ratis.util.TimeDuration.sleep(TimeDuration.java:324)
	at org.apache.ratis.util.TimeDuration.sleep(TimeDuration.java:309)
	at org.apache.ratis.server.impl.FollowerState.run(FollowerState.java:118)
2022-05-11 01:30:53,717 [grpc-default-executor-3] INFO  server.RaftServer$Division (RaftServerImpl.java:requestVote(1046)) - 4abb40c6-5512-454b-8b90-80ea8fb75f11@group-28077CEF4A72: receive requestVote(ELECTION, 53785889-3bf0-451b-ad64-fb7c3b645957, group-28077CEF4A72, 2, (t:0, i:0))
2022-05-11 01:30:53,722 [grpc-default-executor-3] INFO  impl.VoteContext (VoteContext.java:log(48)) - 4abb40c6-5512-454b-8b90-80ea8fb75f11@group-28077CEF4A72-FOLLOWER: accept ELECTION from 53785889-3bf0-451b-ad64-fb7c3b645957: our priority 0 <= candidate's priority 1
2022-05-11 01:30:53,722 [grpc-default-executor-3] INFO  server.RaftServer$Division (RaftServerImpl.java:setRole(290)) - 4abb40c6-5512-454b-8b90-80ea8fb75f11@group-28077CEF4A72: changes role from  FOLLOWER to FOLLOWER at term 2 for candidate:53785889-3bf0-451b-ad64-fb7c3b645957
2022-05-11 01:30:53,722 [grpc-default-executor-3] INFO  impl.RoleInfo (RoleInfo.java:shutdownFollowerState(108)) - 4abb40c6-5512-454b-8b90-80ea8fb75f11: shutdown 4abb40c6-5512-454b-8b90-80ea8fb75f11@group-28077CEF4A72-FollowerState
2022-05-11 01:30:53,722 [grpc-default-executor-1] INFO  server.RaftServer$Division (RaftServerImpl.java:requestVote(1078)) - f563069c-118f-4871-9b30-ceec0ce6fdc0@group-28077CEF4A72 replies to ELECTION vote request: 53785889-3bf0-451b-ad64-fb7c3b645957<-f563069c-118f-4871-9b30-ceec0ce6fdc0#0:OK-t2. Peer's state: f563069c-118f-4871-9b30-ceec0ce6fdc0@group-28077CEF4A72:t2, leader=null, voted=53785889-3bf0-451b-ad64-fb7c3b645957, raftlog=f563069c-118f-4871-9b30-ceec0ce6fdc0@group-28077CEF4A72-SegmentedRaftLog:OPENED:c-1, conf=-1: [f563069c-118f-4871-9b30-ceec0ce6fdc0|rpc:10.1.0.42:37767|priority:0, 4abb40c6-5512-454b-8b90-80ea8fb75f11|rpc:10.1.0.42:42053|priority:0, 53785889-3bf0-451b-ad64-fb7c3b645957|rpc:10.1.0.42:46195|priority:1], old=null
2022-05-11 01:30:53,723 [4abb40c6-5512-454b-8b90-80ea8fb75f11@group-28077CEF4A72-FollowerState] INFO  impl.FollowerState (FollowerState.java:run(143)) - 4abb40c6-5512-454b-8b90-80ea8fb75f11@group-28077CEF4A72-FollowerState was interrupted: {}
java.lang.InterruptedException: sleep interrupted
	at java.lang.Thread.sleep(Native Method)
	at java.lang.Thread.sleep(Thread.java:342)
	at java.util.concurrent.TimeUnit.sleep(TimeUnit.java:386)
	at org.apache.ratis.util.TimeDuration.sleep(TimeDuration.java:324)
	at org.apache.ratis.util.TimeDuration.sleep(TimeDuration.java:309)
	at org.apache.ratis.server.impl.FollowerState.run(FollowerState.java:118)
2022-05-11 01:30:53,722 [grpc-default-executor-3] INFO  impl.RoleInfo (RoleInfo.java:updateAndGet(130)) - 4abb40c6-5512-454b-8b90-80ea8fb75f11: start 4abb40c6-5512-454b-8b90-80ea8fb75f11@group-28077CEF4A72-FollowerState
2022-05-11 01:30:53,736 [53785889-3bf0-451b-ad64-fb7c3b645957@group-28077CEF4A72-LeaderElection64] INFO  impl.LeaderElection (LeaderElection.java:logAndReturn(89)) - 53785889-3bf0-451b-ad64-fb7c3b645957@group-28077CEF4A72-LeaderElection64: ELECTION PASSED received 1 response(s) and 0 exception(s):
2022-05-11 01:30:53,736 [53785889-3bf0-451b-ad64-fb7c3b645957@group-28077CEF4A72-LeaderElection64] INFO  impl.LeaderElection (LeaderElection.java:logAndReturn(93)) -   Response 0: 53785889-3bf0-451b-ad64-fb7c3b645957<-f563069c-118f-4871-9b30-ceec0ce6fdc0#0:OK-t2
2022-05-11 01:30:53,736 [53785889-3bf0-451b-ad64-fb7c3b645957@group-28077CEF4A72-LeaderElection64] INFO  impl.LeaderElection (LeaderElection.java:askForVotes(308)) - 53785889-3bf0-451b-ad64-fb7c3b645957@group-28077CEF4A72-LeaderElection64 ELECTION round 0: result PASSED
2022-05-11 01:30:53,736 [53785889-3bf0-451b-ad64-fb7c3b645957@group-28077CEF4A72-LeaderElection64] INFO  impl.RoleInfo (RoleInfo.java:shutdownLeaderElection(121)) - 53785889-3bf0-451b-ad64-fb7c3b645957: shutdown 53785889-3bf0-451b-ad64-fb7c3b645957@group-28077CEF4A72-LeaderElection64
2022-05-11 01:30:53,736 [53785889-3bf0-451b-ad64-fb7c3b645957@group-28077CEF4A72-LeaderElection64] INFO  server.RaftServer$Division (RaftServerImpl.java:setRole(290)) - 53785889-3bf0-451b-ad64-fb7c3b645957@group-28077CEF4A72: changes role from CANDIDATE to LEADER at term 2 for changeToLeader
2022-05-11 01:30:53,737 [53785889-3bf0-451b-ad64-fb7c3b645957@group-28077CEF4A72-LeaderElection64] INFO  ratis.XceiverServerRatis (XceiverServerRatis.java:handleLeaderChangedNotification(863)) - Leader change notification received for group: group-28077CEF4A72 with new leaderId: 53785889-3bf0-451b-ad64-fb7c3b645957
2022-05-11 01:30:53,737 [grpc-default-executor-3] INFO  server.RaftServer$Division (RaftServerImpl.java:requestVote(1078)) - 4abb40c6-5512-454b-8b90-80ea8fb75f11@group-28077CEF4A72 replies to ELECTION vote request: 53785889-3bf0-451b-ad64-fb7c3b645957<-4abb40c6-5512-454b-8b90-80ea8fb75f11#0:OK-t2. Peer's state: 4abb40c6-5512-454b-8b90-80ea8fb75f11@group-28077CEF4A72:t2, leader=null, voted=53785889-3bf0-451b-ad64-fb7c3b645957, raftlog=4abb40c6-5512-454b-8b90-80ea8fb75f11@group-28077CEF4A72-SegmentedRaftLog:OPENED:c-1, conf=-1: [f563069c-118f-4871-9b30-ceec0ce6fdc0|rpc:10.1.0.42:37767|dataStream:|priority:0, 4abb40c6-5512-454b-8b90-80ea8fb75f11|rpc:10.1.0.42:42053|dataStream:|priority:0, 53785889-3bf0-451b-ad64-fb7c3b645957|rpc:10.1.0.42:46195|dataStream:|priority:1], old=null
2022-05-11 01:30:53,737 [53785889-3bf0-451b-ad64-fb7c3b645957@group-28077CEF4A72-LeaderElection64] INFO  server.RaftServer$Division (ServerState.java:setLeader(285)) - 53785889-3bf0-451b-ad64-fb7c3b645957@group-28077CEF4A72: change Leader from null to 53785889-3bf0-451b-ad64-fb7c3b645957 at term 2 for becomeLeader, leader elected after 10161ms
2022-05-11 01:30:53,737 [53785889-3bf0-451b-ad64-fb7c3b645957@group-28077CEF4A72-LeaderElection64] INFO  server.RaftServerConfigKeys (ConfUtils.java:logGet(44)) - raft.server.staging.catchup.gap = 1000 (default)
2022-05-11 01:30:53,737 [53785889-3bf0-451b-ad64-fb7c3b645957@group-28077CEF4A72-LeaderElection64] INFO  server.RaftServerConfigKeys (ConfUtils.java:logGet(44)) - raft.server.write.element-limit = 1024 (custom)
2022-05-11 01:30:53,737 [53785889-3bf0-451b-ad64-fb7c3b645957@group-28077CEF4A72-LeaderElection64] INFO  server.RaftServerConfigKeys (ConfUtils.java:logGet(44)) - raft.server.write.byte-limit = 1024 M (=1073741824) (custom)
2022-05-11 01:30:53,738 [53785889-3bf0-451b-ad64-fb7c3b645957@group-28077CEF4A72-LeaderElection64] INFO  server.RaftServerConfigKeys (ConfUtils.java:logGet(44)) - raft.server.watch.timeout = 180s (custom)
2022-05-11 01:30:53,738 [53785889-3bf0-451b-ad64-fb7c3b645957@group-28077CEF4A72-LeaderElection64] INFO  server.RaftServerConfigKeys (ConfUtils.java:logGet(44)) - raft.server.watch.timeout.denomination = 1s (default)
2022-05-11 01:30:53,738 [53785889-3bf0-451b-ad64-fb7c3b645957@group-28077CEF4A72-LeaderElection64] INFO  server.RaftServerConfigKeys (ConfUtils.java:logGet(44)) - raft.server.watch.element-limit = 65536 (default)
2022-05-11 01:30:53,738 [53785889-3bf0-451b-ad64-fb7c3b645957@group-28077CEF4A72-LeaderElection64] INFO  server.RaftServerConfigKeys (ConfUtils.java:logGet(44)) - raft.server.write.element-limit = 1024 (custom)
2022-05-11 01:30:53,738 [53785889-3bf0-451b-ad64-fb7c3b645957@group-28077CEF4A72-LeaderElection64] INFO  server.RaftServerConfigKeys (ConfUtils.java:logGet(44)) - raft.server.write.follower.gap.ratio.max = -1.0 (default)
2022-05-11 01:30:53,738 [53785889-3bf0-451b-ad64-fb7c3b645957@group-28077CEF4A72-LeaderElection64] INFO  server.RaftServerConfigKeys (ConfUtils.java:logGet(44)) - raft.server.log.appender.snapshot.chunk.size.max = 16MB (=16777216) (default)
2022-05-11 01:30:53,738 [53785889-3bf0-451b-ad64-fb7c3b645957@group-28077CEF4A72-LeaderElection64] INFO  server.RaftServerConfigKeys (ConfUtils.java:logGet(44)) - raft.server.log.appender.buffer.byte-limit = 33554432 (custom)
2022-05-11 01:30:53,738 [53785889-3bf0-451b-ad64-fb7c3b645957@group-28077CEF4A72-LeaderElection64] INFO  server.RaftServerConfigKeys (ConfUtils.java:logGet(44)) - raft.server.log.appender.buffer.element-limit = 1 (custom)
2022-05-11 01:30:53,739 [53785889-3bf0-451b-ad64-fb7c3b645957@group-28077CEF4A72-LeaderElection64] INFO  grpc.GrpcConfigKeys (ConfUtils.java:logGet(44)) - raft.grpc.server.leader.outstanding.appends.max = 128 (default)
2022-05-11 01:30:53,739 [53785889-3bf0-451b-ad64-fb7c3b645957@group-28077CEF4A72-LeaderElection64] INFO  server.RaftServerConfigKeys (ConfUtils.java:logGet(44)) - raft.server.rpc.request.timeout = 60s (custom)
2022-05-11 01:30:53,739 [53785889-3bf0-451b-ad64-fb7c3b645957@group-28077CEF4A72-LeaderElection64] INFO  server.RaftServerConfigKeys (ConfUtils.java:logGet(44)) - raft.server.log.appender.install.snapshot.enabled = false (custom)
2022-05-11 01:30:53,741 [53785889-3bf0-451b-ad64-fb7c3b645957@group-28077CEF4A72-LeaderElection64] INFO  server.RaftServerConfigKeys (ConfUtils.java:logGet(44)) - raft.server.log.appender.snapshot.chunk.size.max = 16MB (=16777216) (default)
2022-05-11 01:30:53,741 [53785889-3bf0-451b-ad64-fb7c3b645957@group-28077CEF4A72-LeaderElection64] INFO  server.RaftServerConfigKeys (ConfUtils.java:logGet(44)) - raft.server.log.appender.buffer.byte-limit = 33554432 (custom)
2022-05-11 01:30:53,741 [53785889-3bf0-451b-ad64-fb7c3b645957@group-28077CEF4A72-LeaderElection64] INFO  server.RaftServerConfigKeys (ConfUtils.java:logGet(44)) - raft.server.log.appender.buffer.element-limit = 1 (custom)
2022-05-11 01:30:53,741 [53785889-3bf0-451b-ad64-fb7c3b645957@group-28077CEF4A72-LeaderElection64] INFO  grpc.GrpcConfigKeys (ConfUtils.java:logGet(44)) - raft.grpc.server.leader.outstanding.appends.max = 128 (default)
2022-05-11 01:30:53,741 [53785889-3bf0-451b-ad64-fb7c3b645957@group-28077CEF4A72-LeaderElection64] INFO  server.RaftServerConfigKeys (ConfUtils.java:logGet(44)) - raft.server.rpc.request.timeout = 60s (custom)
2022-05-11 01:30:53,741 [53785889-3bf0-451b-ad64-fb7c3b645957@group-28077CEF4A72-LeaderElection64] INFO  server.RaftServerConfigKeys (ConfUtils.java:logGet(44)) - raft.server.log.appender.install.snapshot.enabled = false (custom)
2022-05-11 01:30:53,743 [53785889-3bf0-451b-ad64-fb7c3b645957@group-28077CEF4A72-LeaderElection64] INFO  impl.RoleInfo (RoleInfo.java:updateAndGet(130)) - 53785889-3bf0-451b-ad64-fb7c3b645957: start 53785889-3bf0-451b-ad64-fb7c3b645957@group-28077CEF4A72-LeaderStateImpl
2022-05-11 01:30:53,743 [53785889-3bf0-451b-ad64-fb7c3b645957@group-28077CEF4A72-LeaderElection64] INFO  segmented.SegmentedRaftLogWorker (SegmentedRaftLogWorker.java:startLogSegment(394)) - 53785889-3bf0-451b-ad64-fb7c3b645957@group-28077CEF4A72-SegmentedRaftLogWorker: Starting segment from index:0
2022-05-11 01:30:53,747 [EventQueue-PipelineReportForPipelineReportHandler] INFO  pipeline.PipelineManagerImpl (PipelineManagerImpl.java:openPipeline(336)) - Pipeline Pipeline[ Id: 27bacb09-d088-4294-8aa9-28077cef4a72, Nodes: 53785889-3bf0-451b-ad64-fb7c3b645957{ip: 10.1.0.42, host: fv-az291-847.wgnan5asplgejimfprtllbpdch.jx.internal.cloudapp.net, ports: [REPLICATION=36881, RATIS=46195, RATIS_ADMIN=46195, RATIS_SERVER=46195, STANDALONE=34645], networkLocation: /default-rack, certSerialId: null, persistedOpState: IN_SERVICE, persistedOpStateExpiryEpochSec: 0}f563069c-118f-4871-9b30-ceec0ce6fdc0{ip: 10.1.0.42, host: fv-az291-847.wgnan5asplgejimfprtllbpdch.jx.internal.cloudapp.net, ports: [REPLICATION=33363, RATIS=37767, RATIS_ADMIN=37767, RATIS_SERVER=37767, STANDALONE=35887], networkLocation: /default-rack, certSerialId: null, persistedOpState: IN_SERVICE, persistedOpStateExpiryEpochSec: 0}4abb40c6-5512-454b-8b90-80ea8fb75f11{ip: 10.1.0.42, host: fv-az291-847.wgnan5asplgejimfprtllbpdch.jx.internal.cloudapp.net, ports: [REPLICATION=44965, RATIS=42053, RATIS_ADMIN=42053, RATIS_SERVER=42053, STANDALONE=40075], networkLocation: /default-rack, certSerialId: null, persistedOpState: IN_SERVICE, persistedOpStateExpiryEpochSec: 0}, ReplicationConfig: RATIS/THREE, State:ALLOCATED, leaderId:53785889-3bf0-451b-ad64-fb7c3b645957, CreationTimestamp2022-05-11T01:30:41.879Z[Etc/UTC]] moved to OPEN state
2022-05-11 01:30:53,748 [EventQueue-OpenPipelineForHealthyPipelineSafeModeRule] INFO  safemode.SCMSafeModeManager (HealthyPipelineSafeModeRule.java:process(124)) - SCM in safe mode. Healthy pipelines reported count is 1, required healthy pipeline reported count is 1
2022-05-11 01:30:53,748 [EventQueue-OpenPipelineForHealthyPipelineSafeModeRule] INFO  safemode.SCMSafeModeManager (SCMSafeModeManager.java:validateSafeModeExitRules(204)) - HealthyPipelineSafeModeRule rule is successfully validated
2022-05-11 01:30:53,748 [EventQueue-OpenPipelineForHealthyPipelineSafeModeRule] INFO  safemode.SCMSafeModeManager (SCMSafeModeManager.java:validateSafeModeExitRules(219)) - ScmSafeModeManager, all rules are successfully validated
2022-05-11 01:30:53,748 [EventQueue-OpenPipelineForHealthyPipelineSafeModeRule] INFO  safemode.SCMSafeModeManager (SCMSafeModeManager.java:exitSafeMode(248)) - SCM exiting safe mode.
2022-05-11 01:30:53,749 [EventQueue-OpenPipelineForHealthyPipelineSafeModeRule] WARN  events.EventQueue (EventQueue.java:fireEvent(194)) - No event handler registered for event TypedEvent{payloadType=SafeModeStatus, name='Safe mode status'}
2022-05-11 01:30:53,749 [EventQueue-OpenPipelineForHealthyPipelineSafeModeRule] INFO  ha.SCMContext (SCMContext.java:updateSafeModeStatus(211)) - Update SafeModeStatus from SafeModeStatus{safeModeStatus=true, preCheckPassed=true} to SafeModeStatus{safeModeStatus=false, preCheckPassed=true}.
2022-05-11 01:30:53,749 [EventQueue-OpenPipelineForHealthyPipelineSafeModeRule] INFO  pipeline.BackgroundPipelineCreator (BackgroundPipelineCreator.java:notifyStatusChanged(251)) - Service BackgroundPipelineCreator transitions to RUNNING.
2022-05-11 01:30:53,749 [53785889-3bf0-451b-ad64-fb7c3b645957@group-28077CEF4A72-SegmentedRaftLogWorker] INFO  segmented.SegmentedRaftLogWorker (SegmentedRaftLogWorker.java:execute(601)) - 53785889-3bf0-451b-ad64-fb7c3b645957@group-28077CEF4A72-SegmentedRaftLogWorker: created new log segment /home/runner/work/ozone/ozone/hadoop-ozone/integration-test/target/test-dir/MiniOzoneClusterImpl-37128324-e3dc-46f8-950a-3a99f891b880/datanode-1/data/ratis/27bacb09-d088-4294-8aa9-28077cef4a72/current/log_inprogress_0
2022-05-11 01:30:53,749 [EventQueue-OpenPipelineForHealthyPipelineSafeModeRule] INFO  pipeline.BackgroundPipelineScrubber (BackgroundPipelineScrubber.java:notifyStatusChanged(88)) - Service BackgroundPipelineScrubber transitions to RUNNING.
2022-05-11 01:30:53,750 [EventQueue-OpenPipelineForHealthyPipelineSafeModeRule] INFO  replication.ReplicationManager (ReplicationManager.java:notifyStatusChanged(369)) - Service ReplicationManager transitions to RUNNING.
2022-05-11 01:30:53,781 [53785889-3bf0-451b-ad64-fb7c3b645957@group-28077CEF4A72-LeaderElection64] INFO  server.RaftServer$Division (ServerState.java:setRaftConf(387)) - 53785889-3bf0-451b-ad64-fb7c3b645957@group-28077CEF4A72: set configuration 0: [f563069c-118f-4871-9b30-ceec0ce6fdc0|rpc:10.1.0.42:37767|dataStream:|priority:0, 4abb40c6-5512-454b-8b90-80ea8fb75f11|rpc:10.1.0.42:42053|dataStream:|priority:0, 53785889-3bf0-451b-ad64-fb7c3b645957|rpc:10.1.0.42:46195|dataStream:|priority:1], old=null
2022-05-11 01:30:53,788 [grpc-default-executor-0] INFO  ratis.XceiverServerRatis (XceiverServerRatis.java:handleLeaderChangedNotification(863)) - Leader change notification received for group: group-28077CEF4A72 with new leaderId: 53785889-3bf0-451b-ad64-fb7c3b645957
2022-05-11 01:30:53,789 [grpc-default-executor-0] INFO  server.RaftServer$Division (ServerState.java:setLeader(285)) - 4abb40c6-5512-454b-8b90-80ea8fb75f11@group-28077CEF4A72: change Leader from null to 53785889-3bf0-451b-ad64-fb7c3b645957 at term 2 for appendEntries, leader elected after 10124ms
2022-05-11 01:30:53,799 [grpc-default-executor-3] INFO  server.RaftServer$Division (ServerState.java:setRaftConf(387)) - 4abb40c6-5512-454b-8b90-80ea8fb75f11@group-28077CEF4A72: set configuration 0: [f563069c-118f-4871-9b30-ceec0ce6fdc0|rpc:10.1.0.42:37767|dataStream:|priority:0, 4abb40c6-5512-454b-8b90-80ea8fb75f11|rpc:10.1.0.42:42053|dataStream:|priority:0, 53785889-3bf0-451b-ad64-fb7c3b645957|rpc:10.1.0.42:46195|dataStream:|priority:1], old=null
2022-05-11 01:30:53,799 [grpc-default-executor-3] INFO  segmented.SegmentedRaftLogWorker (SegmentedRaftLogWorker.java:startLogSegment(394)) - 4abb40c6-5512-454b-8b90-80ea8fb75f11@group-28077CEF4A72-SegmentedRaftLogWorker: Starting segment from index:0
2022-05-11 01:30:53,801 [4abb40c6-5512-454b-8b90-80ea8fb75f11@group-28077CEF4A72-SegmentedRaftLogWorker] INFO  segmented.SegmentedRaftLogWorker (SegmentedRaftLogWorker.java:execute(601)) - 4abb40c6-5512-454b-8b90-80ea8fb75f11@group-28077CEF4A72-SegmentedRaftLogWorker: created new log segment /home/runner/work/ozone/ozone/hadoop-ozone/integration-test/target/test-dir/MiniOzoneClusterImpl-37128324-e3dc-46f8-950a-3a99f891b880/datanode-2/data/ratis/27bacb09-d088-4294-8aa9-28077cef4a72/current/log_inprogress_0
2022-05-11 01:30:53,808 [grpc-default-executor-3] INFO  ratis.XceiverServerRatis (XceiverServerRatis.java:handleLeaderChangedNotification(863)) - Leader change notification received for group: group-28077CEF4A72 with new leaderId: 53785889-3bf0-451b-ad64-fb7c3b645957
2022-05-11 01:30:53,808 [grpc-default-executor-3] INFO  server.RaftServer$Division (ServerState.java:setLeader(285)) - f563069c-118f-4871-9b30-ceec0ce6fdc0@group-28077CEF4A72: change Leader from null to 53785889-3bf0-451b-ad64-fb7c3b645957 at term 2 for appendEntries, leader elected after 10313ms
2022-05-11 01:30:53,823 [grpc-default-executor-3] INFO  server.RaftServer$Division (ServerState.java:setRaftConf(387)) - f563069c-118f-4871-9b30-ceec0ce6fdc0@group-28077CEF4A72: set configuration 0: [f563069c-118f-4871-9b30-ceec0ce6fdc0|rpc:10.1.0.42:37767|dataStream:|priority:0, 4abb40c6-5512-454b-8b90-80ea8fb75f11|rpc:10.1.0.42:42053|dataStream:|priority:0, 53785889-3bf0-451b-ad64-fb7c3b645957|rpc:10.1.0.42:46195|dataStream:|priority:1], old=null
2022-05-11 01:30:53,824 [grpc-default-executor-3] INFO  segmented.SegmentedRaftLogWorker (SegmentedRaftLogWorker.java:startLogSegment(394)) - f563069c-118f-4871-9b30-ceec0ce6fdc0@group-28077CEF4A72-SegmentedRaftLogWorker: Starting segment from index:0
2022-05-11 01:30:53,826 [f563069c-118f-4871-9b30-ceec0ce6fdc0@group-28077CEF4A72-SegmentedRaftLogWorker] INFO  segmented.SegmentedRaftLogWorker (SegmentedRaftLogWorker.java:execute(601)) - f563069c-118f-4871-9b30-ceec0ce6fdc0@group-28077CEF4A72-SegmentedRaftLogWorker: created new log segment /home/runner/work/ozone/ozone/hadoop-ozone/integration-test/target/test-dir/MiniOzoneClusterImpl-37128324-e3dc-46f8-950a-3a99f891b880/datanode-0/data/ratis/27bacb09-d088-4294-8aa9-28077cef4a72/current/log_inprogress_0
2022-05-11 01:30:53,843 [Listener at 127.0.0.1/35015] INFO  ozone.MiniOzoneClusterImpl (MiniOzoneClusterImpl.java:lambda$waitForClusterToBeReady$0(221)) - Nodes are ready. Got 3 of 3 DN Heartbeats.
2022-05-11 01:30:53,844 [Listener at 127.0.0.1/35015] INFO  ozone.MiniOzoneClusterImpl (MiniOzoneClusterImpl.java:lambda$waitForClusterToBeReady$0(224)) - Cluster exits safe mode
2022-05-11 01:30:53,844 [Listener at 127.0.0.1/35015] INFO  ozone.MiniOzoneClusterImpl (MiniOzoneClusterImpl.java:lambda$waitForClusterToBeReady$0(226)) - SCM became leader
2022-05-11 01:30:53,888 [Listener at 127.0.0.1/35015] INFO  rpc.RpcClient (RpcClient.java:createVolume(448)) - Creating Volume: volume30485, with user75440 as owner and space quota set to -1 bytes, counts quota set to -1
2022-05-11 01:30:53,908 [EndpointStateMachine task thread for /0.0.0.0:46775 - 0 ] INFO  ipc.Client (Client.java:handleConnectionFailure(977)) - Retrying connect to server: 0.0.0.0/0.0.0.0:46775. Already tried 12 time(s); retry policy is RetryUpToMaximumCountWithFixedSleep(maxRetries=15, sleepTime=1000 MILLISECONDS)
2022-05-11 01:30:53,920 [OM StateMachine ApplyTransaction Thread - 0] INFO  volume.OMVolumeCreateRequest (OMVolumeCreateRequest.java:validateAndUpdateCache(195)) - created volume:volume30485 for user:user75440
2022-05-11 01:30:53,960 [OM StateMachine ApplyTransaction Thread - 0] INFO  volume.OMVolumeCreateRequest (OMVolumeCreateRequest.java:validateAndUpdateCache(195)) - created volume:volume30485 for user:user75440
2022-05-11 01:30:53,969 [OM StateMachine ApplyTransaction Thread - 0] INFO  volume.OMVolumeCreateRequest (OMVolumeCreateRequest.java:validateAndUpdateCache(195)) - created volume:volume30485 for user:user75440
2022-05-11 01:30:53,982 [Listener at 127.0.0.1/35015] INFO  rpc.RpcClient (RpcClient.java:createBucket(637)) - Creating Bucket: volume30485/bucket26461, with runner as owner and Versioning false and Storage Type set to DISK and Encryption set to false 
2022-05-11 01:30:54,018 [OM StateMachine ApplyTransaction Thread - 0] INFO  bucket.OMBucketCreateRequest (OMBucketCreateRequest.java:validateAndUpdateCache(258)) - created bucket: bucket26461 of layout LEGACY in volume: volume30485
2022-05-11 01:30:54,040 [OM StateMachine ApplyTransaction Thread - 0] INFO  bucket.OMBucketCreateRequest (OMBucketCreateRequest.java:validateAndUpdateCache(258)) - created bucket: bucket26461 of layout LEGACY in volume: volume30485
2022-05-11 01:30:54,044 [OM StateMachine ApplyTransaction Thread - 0] INFO  bucket.OMBucketCreateRequest (OMBucketCreateRequest.java:validateAndUpdateCache(258)) - created bucket: bucket26461 of layout LEGACY in volume: volume30485
2022-05-11 01:30:54,099 [IPC Server handler 7 on default port 36599] INFO  ha.SequenceIdGenerator (SequenceIdGenerator.java:getNextId(127)) - Allocate a batch for containerId, change lastId from 0 to 1000.
2022-05-11 01:30:54,100 [IPC Server handler 7 on default port 36599] WARN  ha.SequenceIdGenerator (SequenceIdGenerator.java:allocateBatch(235)) - Failed to allocate a batch for localId, expected lastId is 0, actual lastId is 109611004723200000.
2022-05-11 01:30:54,100 [IPC Server handler 7 on default port 36599] INFO  ha.SequenceIdGenerator (SequenceIdGenerator.java:getNextId(127)) - Allocate a batch for localId, change lastId from 109611004723200000 to 109611004723201000.
2022-05-11 01:30:54,125 [f563069c-118f-4871-9b30-ceec0ce6fdc0@group-5FFF0977FE0E-FollowerState] INFO  impl.FollowerState (FollowerState.java:run(134)) - f563069c-118f-4871-9b30-ceec0ce6fdc0@group-5FFF0977FE0E-FollowerState: change to CANDIDATE, lastRpcElapsedTime:5197443825ns, electionTimeout:5170ms
2022-05-11 01:30:54,125 [f563069c-118f-4871-9b30-ceec0ce6fdc0@group-5FFF0977FE0E-FollowerState] INFO  impl.RoleInfo (RoleInfo.java:shutdownFollowerState(108)) - f563069c-118f-4871-9b30-ceec0ce6fdc0: shutdown f563069c-118f-4871-9b30-ceec0ce6fdc0@group-5FFF0977FE0E-FollowerState
2022-05-11 01:30:54,125 [f563069c-118f-4871-9b30-ceec0ce6fdc0@group-5FFF0977FE0E-FollowerState] INFO  server.RaftServer$Division (RaftServerImpl.java:setRole(290)) - f563069c-118f-4871-9b30-ceec0ce6fdc0@group-5FFF0977FE0E: changes role from  FOLLOWER to CANDIDATE at term 1 for changeToCandidate
2022-05-11 01:30:54,147 [53785889-3bf0-451b-ad64-fb7c3b645957@group-5FFF0977FE0E-FollowerState] INFO  impl.FollowerState (FollowerState.java:run(134)) - 53785889-3bf0-451b-ad64-fb7c3b645957@group-5FFF0977FE0E-FollowerState: change to CANDIDATE, lastRpcElapsedTime:5146230482ns, electionTimeout:5140ms
2022-05-11 01:30:54,147 [53785889-3bf0-451b-ad64-fb7c3b645957@group-5FFF0977FE0E-FollowerState] INFO  impl.RoleInfo (RoleInfo.java:shutdownFollowerState(108)) - 53785889-3bf0-451b-ad64-fb7c3b645957: shutdown 53785889-3bf0-451b-ad64-fb7c3b645957@group-5FFF0977FE0E-FollowerState
2022-05-11 01:30:54,147 [53785889-3bf0-451b-ad64-fb7c3b645957@group-5FFF0977FE0E-FollowerState] INFO  server.RaftServer$Division (RaftServerImpl.java:setRole(290)) - 53785889-3bf0-451b-ad64-fb7c3b645957@group-5FFF0977FE0E: changes role from  FOLLOWER to CANDIDATE at term 1 for changeToCandidate
2022-05-11 01:30:54,150 [f563069c-118f-4871-9b30-ceec0ce6fdc0@group-5FFF0977FE0E-FollowerState] INFO  server.RaftServerConfigKeys (ConfUtils.java:logGet(44)) - raft.server.leaderelection.pre-vote = false (custom)
2022-05-11 01:30:54,151 [f563069c-118f-4871-9b30-ceec0ce6fdc0@group-5FFF0977FE0E-FollowerState] INFO  impl.RoleInfo (RoleInfo.java:updateAndGet(130)) - f563069c-118f-4871-9b30-ceec0ce6fdc0: start f563069c-118f-4871-9b30-ceec0ce6fdc0@group-5FFF0977FE0E-LeaderElection65
2022-05-11 01:30:54,166 [53785889-3bf0-451b-ad64-fb7c3b645957@group-5FFF0977FE0E-FollowerState] INFO  server.RaftServerConfigKeys (ConfUtils.java:logGet(44)) - raft.server.leaderelection.pre-vote = false (custom)
2022-05-11 01:30:54,166 [53785889-3bf0-451b-ad64-fb7c3b645957@group-5FFF0977FE0E-FollowerState] INFO  impl.RoleInfo (RoleInfo.java:updateAndGet(130)) - 53785889-3bf0-451b-ad64-fb7c3b645957: start 53785889-3bf0-451b-ad64-fb7c3b645957@group-5FFF0977FE0E-LeaderElection66
2022-05-11 01:30:54,183 [4abb40c6-5512-454b-8b90-80ea8fb75f11@group-5FFF0977FE0E-FollowerState] INFO  impl.FollowerState (FollowerState.java:run(134)) - 4abb40c6-5512-454b-8b90-80ea8fb75f11@group-5FFF0977FE0E-FollowerState: change to CANDIDATE, lastRpcElapsedTime:5190709035ns, electionTimeout:5162ms
2022-05-11 01:30:54,184 [4abb40c6-5512-454b-8b90-80ea8fb75f11@group-5FFF0977FE0E-FollowerState] INFO  impl.RoleInfo (RoleInfo.java:shutdownFollowerState(108)) - 4abb40c6-5512-454b-8b90-80ea8fb75f11: shutdown 4abb40c6-5512-454b-8b90-80ea8fb75f11@group-5FFF0977FE0E-FollowerState
2022-05-11 01:30:54,184 [4abb40c6-5512-454b-8b90-80ea8fb75f11@group-5FFF0977FE0E-FollowerState] INFO  server.RaftServer$Division (RaftServerImpl.java:setRole(290)) - 4abb40c6-5512-454b-8b90-80ea8fb75f11@group-5FFF0977FE0E: changes role from  FOLLOWER to CANDIDATE at term 1 for changeToCandidate
2022-05-11 01:30:54,184 [f563069c-118f-4871-9b30-ceec0ce6fdc0@group-5FFF0977FE0E-LeaderElection65] INFO  impl.LeaderElection (LeaderElection.java:askForVotes(306)) - f563069c-118f-4871-9b30-ceec0ce6fdc0@group-5FFF0977FE0E-LeaderElection65 ELECTION round 0: submit vote requests at term 2 for -1: [f563069c-118f-4871-9b30-ceec0ce6fdc0|rpc:10.1.0.42:37767|priority:0, 4abb40c6-5512-454b-8b90-80ea8fb75f11|rpc:10.1.0.42:42053|priority:1, 53785889-3bf0-451b-ad64-fb7c3b645957|rpc:10.1.0.42:46195|priority:0], old=null
2022-05-11 01:30:54,184 [4abb40c6-5512-454b-8b90-80ea8fb75f11@group-5FFF0977FE0E-FollowerState] INFO  server.RaftServerConfigKeys (ConfUtils.java:logGet(44)) - raft.server.leaderelection.pre-vote = false (custom)
2022-05-11 01:30:54,184 [4abb40c6-5512-454b-8b90-80ea8fb75f11@group-5FFF0977FE0E-FollowerState] INFO  impl.RoleInfo (RoleInfo.java:updateAndGet(130)) - 4abb40c6-5512-454b-8b90-80ea8fb75f11: start 4abb40c6-5512-454b-8b90-80ea8fb75f11@group-5FFF0977FE0E-LeaderElection67
2022-05-11 01:30:54,186 [53785889-3bf0-451b-ad64-fb7c3b645957@group-5FFF0977FE0E-LeaderElection66] INFO  impl.LeaderElection (LeaderElection.java:askForVotes(306)) - 53785889-3bf0-451b-ad64-fb7c3b645957@group-5FFF0977FE0E-LeaderElection66 ELECTION round 0: submit vote requests at term 2 for -1: [f563069c-118f-4871-9b30-ceec0ce6fdc0|rpc:10.1.0.42:37767|dataStream:|priority:0, 4abb40c6-5512-454b-8b90-80ea8fb75f11|rpc:10.1.0.42:42053|dataStream:|priority:1, 53785889-3bf0-451b-ad64-fb7c3b645957|rpc:10.1.0.42:46195|dataStream:|priority:0], old=null
2022-05-11 01:30:54,187 [grpc-default-executor-3] INFO  server.RaftServer$Division (RaftServerImpl.java:requestVote(1046)) - 4abb40c6-5512-454b-8b90-80ea8fb75f11@group-5FFF0977FE0E: receive requestVote(ELECTION, f563069c-118f-4871-9b30-ceec0ce6fdc0, group-5FFF0977FE0E, 2, (t:0, i:0))
2022-05-11 01:30:54,190 [grpc-default-executor-1] INFO  server.RaftServer$Division (RaftServerImpl.java:requestVote(1046)) - 53785889-3bf0-451b-ad64-fb7c3b645957@group-5FFF0977FE0E: receive requestVote(ELECTION, f563069c-118f-4871-9b30-ceec0ce6fdc0, group-5FFF0977FE0E, 2, (t:0, i:0))
2022-05-11 01:30:54,190 [grpc-default-executor-1] INFO  impl.VoteContext (VoteContext.java:log(48)) - 53785889-3bf0-451b-ad64-fb7c3b645957@group-5FFF0977FE0E-CANDIDATE: reject ELECTION from f563069c-118f-4871-9b30-ceec0ce6fdc0: already has voted for 53785889-3bf0-451b-ad64-fb7c3b645957 at current term 2
2022-05-11 01:30:54,190 [grpc-default-executor-1] INFO  server.RaftServer$Division (RaftServerImpl.java:requestVote(1078)) - 53785889-3bf0-451b-ad64-fb7c3b645957@group-5FFF0977FE0E replies to ELECTION vote request: f563069c-118f-4871-9b30-ceec0ce6fdc0<-53785889-3bf0-451b-ad64-fb7c3b645957#0:FAIL-t2. Peer's state: 53785889-3bf0-451b-ad64-fb7c3b645957@group-5FFF0977FE0E:t2, leader=null, voted=53785889-3bf0-451b-ad64-fb7c3b645957, raftlog=53785889-3bf0-451b-ad64-fb7c3b645957@group-5FFF0977FE0E-SegmentedRaftLog:OPENED:c-1, conf=-1: [f563069c-118f-4871-9b30-ceec0ce6fdc0|rpc:10.1.0.42:37767|dataStream:|priority:0, 4abb40c6-5512-454b-8b90-80ea8fb75f11|rpc:10.1.0.42:42053|dataStream:|priority:1, 53785889-3bf0-451b-ad64-fb7c3b645957|rpc:10.1.0.42:46195|dataStream:|priority:0], old=null
2022-05-11 01:30:54,201 [grpc-default-executor-1] INFO  server.RaftServer$Division (RaftServerImpl.java:requestVote(1046)) - f563069c-118f-4871-9b30-ceec0ce6fdc0@group-5FFF0977FE0E: receive requestVote(ELECTION, 53785889-3bf0-451b-ad64-fb7c3b645957, group-5FFF0977FE0E, 2, (t:0, i:0))
2022-05-11 01:30:54,201 [grpc-default-executor-1] INFO  impl.VoteContext (VoteContext.java:log(48)) - f563069c-118f-4871-9b30-ceec0ce6fdc0@group-5FFF0977FE0E-CANDIDATE: reject ELECTION from 53785889-3bf0-451b-ad64-fb7c3b645957: already has voted for f563069c-118f-4871-9b30-ceec0ce6fdc0 at current term 2
2022-05-11 01:30:54,201 [grpc-default-executor-1] INFO  server.RaftServer$Division (RaftServerImpl.java:requestVote(1078)) - f563069c-118f-4871-9b30-ceec0ce6fdc0@group-5FFF0977FE0E replies to ELECTION vote request: 53785889-3bf0-451b-ad64-fb7c3b645957<-f563069c-118f-4871-9b30-ceec0ce6fdc0#0:FAIL-t2. Peer's state: f563069c-118f-4871-9b30-ceec0ce6fdc0@group-5FFF0977FE0E:t2, leader=null, voted=f563069c-118f-4871-9b30-ceec0ce6fdc0, raftlog=f563069c-118f-4871-9b30-ceec0ce6fdc0@group-5FFF0977FE0E-SegmentedRaftLog:OPENED:c-1, conf=-1: [f563069c-118f-4871-9b30-ceec0ce6fdc0|rpc:10.1.0.42:37767|priority:0, 4abb40c6-5512-454b-8b90-80ea8fb75f11|rpc:10.1.0.42:42053|priority:1, 53785889-3bf0-451b-ad64-fb7c3b645957|rpc:10.1.0.42:46195|priority:0], old=null
2022-05-11 01:30:54,204 [grpc-default-executor-3] INFO  impl.VoteContext (VoteContext.java:log(48)) - 4abb40c6-5512-454b-8b90-80ea8fb75f11@group-5FFF0977FE0E-CANDIDATE: reject ELECTION from f563069c-118f-4871-9b30-ceec0ce6fdc0: our priority 1 > candidate's priority 0
2022-05-11 01:30:54,204 [grpc-default-executor-3] INFO  server.RaftServer$Division (RaftServerImpl.java:setRole(290)) - 4abb40c6-5512-454b-8b90-80ea8fb75f11@group-5FFF0977FE0E: changes role from CANDIDATE to FOLLOWER at term 2 for candidate:f563069c-118f-4871-9b30-ceec0ce6fdc0
2022-05-11 01:30:54,204 [grpc-default-executor-3] INFO  impl.RoleInfo (RoleInfo.java:shutdownLeaderElection(121)) - 4abb40c6-5512-454b-8b90-80ea8fb75f11: shutdown 4abb40c6-5512-454b-8b90-80ea8fb75f11@group-5FFF0977FE0E-LeaderElection67
2022-05-11 01:30:54,205 [grpc-default-executor-3] INFO  impl.RoleInfo (RoleInfo.java:updateAndGet(130)) - 4abb40c6-5512-454b-8b90-80ea8fb75f11: start 4abb40c6-5512-454b-8b90-80ea8fb75f11@group-5FFF0977FE0E-FollowerState
2022-05-11 01:30:54,219 [grpc-default-executor-3] INFO  server.RaftServer$Division (RaftServerImpl.java:requestVote(1078)) - 4abb40c6-5512-454b-8b90-80ea8fb75f11@group-5FFF0977FE0E replies to ELECTION vote request: f563069c-118f-4871-9b30-ceec0ce6fdc0<-4abb40c6-5512-454b-8b90-80ea8fb75f11#0:FAIL-t2. Peer's state: 4abb40c6-5512-454b-8b90-80ea8fb75f11@group-5FFF0977FE0E:t2, leader=null, voted=null, raftlog=4abb40c6-5512-454b-8b90-80ea8fb75f11@group-5FFF0977FE0E-SegmentedRaftLog:OPENED:c-1, conf=-1: [f563069c-118f-4871-9b30-ceec0ce6fdc0|rpc:10.1.0.42:37767|dataStream:|priority:0, 4abb40c6-5512-454b-8b90-80ea8fb75f11|rpc:10.1.0.42:42053|dataStream:|priority:1, 53785889-3bf0-451b-ad64-fb7c3b645957|rpc:10.1.0.42:46195|dataStream:|priority:0], old=null
2022-05-11 01:30:54,220 [grpc-default-executor-3] INFO  server.RaftServer$Division (RaftServerImpl.java:requestVote(1046)) - 4abb40c6-5512-454b-8b90-80ea8fb75f11@group-5FFF0977FE0E: receive requestVote(ELECTION, 53785889-3bf0-451b-ad64-fb7c3b645957, group-5FFF0977FE0E, 2, (t:0, i:0))
2022-05-11 01:30:54,220 [grpc-default-executor-3] INFO  impl.VoteContext (VoteContext.java:log(48)) - 4abb40c6-5512-454b-8b90-80ea8fb75f11@group-5FFF0977FE0E-FOLLOWER: reject ELECTION from 53785889-3bf0-451b-ad64-fb7c3b645957: our priority 1 > candidate's priority 0
2022-05-11 01:30:54,220 [grpc-default-executor-3] INFO  server.RaftServer$Division (RaftServerImpl.java:setRole(290)) - 4abb40c6-5512-454b-8b90-80ea8fb75f11@group-5FFF0977FE0E: changes role from  FOLLOWER to FOLLOWER at term 2 for candidate:53785889-3bf0-451b-ad64-fb7c3b645957
2022-05-11 01:30:54,220 [grpc-default-executor-3] INFO  impl.RoleInfo (RoleInfo.java:shutdownFollowerState(108)) - 4abb40c6-5512-454b-8b90-80ea8fb75f11: shutdown 4abb40c6-5512-454b-8b90-80ea8fb75f11@group-5FFF0977FE0E-FollowerState
2022-05-11 01:30:54,234 [f563069c-118f-4871-9b30-ceec0ce6fdc0@group-5FFF0977FE0E-LeaderElection65] INFO  impl.LeaderElection (LeaderElection.java:logAndReturn(89)) - f563069c-118f-4871-9b30-ceec0ce6fdc0@group-5FFF0977FE0E-LeaderElection65: ELECTION REJECTED received 2 response(s) and 0 exception(s):
2022-05-11 01:30:54,235 [f563069c-118f-4871-9b30-ceec0ce6fdc0@group-5FFF0977FE0E-LeaderElection65] INFO  impl.LeaderElection (LeaderElection.java:logAndReturn(93)) -   Response 0: f563069c-118f-4871-9b30-ceec0ce6fdc0<-4abb40c6-5512-454b-8b90-80ea8fb75f11#0:FAIL-t2
2022-05-11 01:30:54,235 [f563069c-118f-4871-9b30-ceec0ce6fdc0@group-5FFF0977FE0E-LeaderElection65] INFO  impl.LeaderElection (LeaderElection.java:logAndReturn(93)) -   Response 1: f563069c-118f-4871-9b30-ceec0ce6fdc0<-53785889-3bf0-451b-ad64-fb7c3b645957#0:FAIL-t2
2022-05-11 01:30:54,235 [f563069c-118f-4871-9b30-ceec0ce6fdc0@group-5FFF0977FE0E-LeaderElection65] INFO  impl.LeaderElection (LeaderElection.java:askForVotes(308)) - f563069c-118f-4871-9b30-ceec0ce6fdc0@group-5FFF0977FE0E-LeaderElection65 ELECTION round 0: result REJECTED
2022-05-11 01:30:54,235 [f563069c-118f-4871-9b30-ceec0ce6fdc0@group-5FFF0977FE0E-LeaderElection65] INFO  server.RaftServer$Division (RaftServerImpl.java:setRole(290)) - f563069c-118f-4871-9b30-ceec0ce6fdc0@group-5FFF0977FE0E: changes role from CANDIDATE to FOLLOWER at term 2 for REJECTED
2022-05-11 01:30:54,235 [f563069c-118f-4871-9b30-ceec0ce6fdc0@group-5FFF0977FE0E-LeaderElection65] INFO  impl.RoleInfo (RoleInfo.java:shutdownLeaderElection(121)) - f563069c-118f-4871-9b30-ceec0ce6fdc0: shutdown f563069c-118f-4871-9b30-ceec0ce6fdc0@group-5FFF0977FE0E-LeaderElection65
2022-05-11 01:30:54,235 [f563069c-118f-4871-9b30-ceec0ce6fdc0@group-5FFF0977FE0E-LeaderElection65] INFO  impl.RoleInfo (RoleInfo.java:updateAndGet(130)) - f563069c-118f-4871-9b30-ceec0ce6fdc0: start f563069c-118f-4871-9b30-ceec0ce6fdc0@group-5FFF0977FE0E-FollowerState
2022-05-11 01:30:54,248 [4abb40c6-5512-454b-8b90-80ea8fb75f11@group-5FFF0977FE0E-LeaderElection67] INFO  impl.LeaderElection (LeaderElection.java:run(230)) - 4abb40c6-5512-454b-8b90-80ea8fb75f11@group-5FFF0977FE0E-LeaderElection67: skip running since this is already CLOSING
2022-05-11 01:30:54,248 [grpc-default-executor-3] INFO  impl.RoleInfo (RoleInfo.java:updateAndGet(130)) - 4abb40c6-5512-454b-8b90-80ea8fb75f11: start 4abb40c6-5512-454b-8b90-80ea8fb75f11@group-5FFF0977FE0E-FollowerState
2022-05-11 01:30:54,250 [grpc-default-executor-3] INFO  server.RaftServer$Division (RaftServerImpl.java:requestVote(1078)) - 4abb40c6-5512-454b-8b90-80ea8fb75f11@group-5FFF0977FE0E replies to ELECTION vote request: 53785889-3bf0-451b-ad64-fb7c3b645957<-4abb40c6-5512-454b-8b90-80ea8fb75f11#0:FAIL-t2. Peer's state: 4abb40c6-5512-454b-8b90-80ea8fb75f11@group-5FFF0977FE0E:t2, leader=null, voted=null, raftlog=4abb40c6-5512-454b-8b90-80ea8fb75f11@group-5FFF0977FE0E-SegmentedRaftLog:OPENED:c-1, conf=-1: [f563069c-118f-4871-9b30-ceec0ce6fdc0|rpc:10.1.0.42:37767|dataStream:|priority:0, 4abb40c6-5512-454b-8b90-80ea8fb75f11|rpc:10.1.0.42:42053|dataStream:|priority:1, 53785889-3bf0-451b-ad64-fb7c3b645957|rpc:10.1.0.42:46195|dataStream:|priority:0], old=null
2022-05-11 01:30:54,252 [53785889-3bf0-451b-ad64-fb7c3b645957@group-5FFF0977FE0E-LeaderElection66] INFO  impl.LeaderElection (LeaderElection.java:logAndReturn(89)) - 53785889-3bf0-451b-ad64-fb7c3b645957@group-5FFF0977FE0E-LeaderElection66: ELECTION REJECTED received 2 response(s) and 0 exception(s):
2022-05-11 01:30:54,252 [53785889-3bf0-451b-ad64-fb7c3b645957@group-5FFF0977FE0E-LeaderElection66] INFO  impl.LeaderElection (LeaderElection.java:logAndReturn(93)) -   Response 0: 53785889-3bf0-451b-ad64-fb7c3b645957<-f563069c-118f-4871-9b30-ceec0ce6fdc0#0:FAIL-t2
2022-05-11 01:30:54,252 [53785889-3bf0-451b-ad64-fb7c3b645957@group-5FFF0977FE0E-LeaderElection66] INFO  impl.LeaderElection (LeaderElection.java:logAndReturn(93)) -   Response 1: 53785889-3bf0-451b-ad64-fb7c3b645957<-4abb40c6-5512-454b-8b90-80ea8fb75f11#0:FAIL-t2
2022-05-11 01:30:54,252 [53785889-3bf0-451b-ad64-fb7c3b645957@group-5FFF0977FE0E-LeaderElection66] INFO  impl.LeaderElection (LeaderElection.java:askForVotes(308)) - 53785889-3bf0-451b-ad64-fb7c3b645957@group-5FFF0977FE0E-LeaderElection66 ELECTION round 0: result REJECTED
2022-05-11 01:30:54,252 [53785889-3bf0-451b-ad64-fb7c3b645957@group-5FFF0977FE0E-LeaderElection66] INFO  server.RaftServer$Division (RaftServerImpl.java:setRole(290)) - 53785889-3bf0-451b-ad64-fb7c3b645957@group-5FFF0977FE0E: changes role from CANDIDATE to FOLLOWER at term 2 for REJECTED
2022-05-11 01:30:54,252 [53785889-3bf0-451b-ad64-fb7c3b645957@group-5FFF0977FE0E-LeaderElection66] INFO  impl.RoleInfo (RoleInfo.java:shutdownLeaderElection(121)) - 53785889-3bf0-451b-ad64-fb7c3b645957: shutdown 53785889-3bf0-451b-ad64-fb7c3b645957@group-5FFF0977FE0E-LeaderElection66
2022-05-11 01:30:54,252 [53785889-3bf0-451b-ad64-fb7c3b645957@group-5FFF0977FE0E-LeaderElection66] INFO  impl.RoleInfo (RoleInfo.java:updateAndGet(130)) - 53785889-3bf0-451b-ad64-fb7c3b645957: start 53785889-3bf0-451b-ad64-fb7c3b645957@group-5FFF0977FE0E-FollowerState
2022-05-11 01:30:54,910 [EndpointStateMachine task thread for /0.0.0.0:46775 - 0 ] INFO  ipc.Client (Client.java:handleConnectionFailure(977)) - Retrying connect to server: 0.0.0.0/0.0.0.0:46775. Already tried 13 time(s); retry policy is RetryUpToMaximumCountWithFixedSleep(maxRetries=15, sleepTime=1000 MILLISECONDS)
2022-05-11 01:30:55,686 [Listener at 127.0.0.1/35015] INFO  om.OzoneManager (OzoneManager.java:stop(1950)) - omNode-3[localhost:35015]: Stopping Ozone Manager
2022-05-11 01:30:55,686 [Listener at 127.0.0.1/35015] INFO  ipc.Server (Server.java:stop(3414)) - Stopping server on 35015
2022-05-11 01:30:55,704 [IPC Server Responder] INFO  ipc.Server (Server.java:run(1512)) - Stopping IPC Server Responder
2022-05-11 01:30:55,704 [Listener at 127.0.0.1/35015] INFO  server.RaftServer (RaftServerProxy.java:lambda$close$6(391)) - omNode-3: close
2022-05-11 01:30:55,705 [Listener at 127.0.0.1/35015] INFO  server.RaftServer$Division (RaftServerImpl.java:lambda$close$4(412)) - omNode-3@group-523986131536: shutdown
2022-05-11 01:30:55,705 [IPC Server listener on 35015] INFO  ipc.Server (Server.java:run(1376)) - Stopping IPC Server listener on 35015
2022-05-11 01:30:55,705 [Listener at 127.0.0.1/35015] INFO  util.JmxRegister (JmxRegister.java:unregister(73)) - Successfully un-registered JMX Bean with object name Ratis:service=RaftServer,group=group-523986131536,id="omNode-3"
2022-05-11 01:30:55,705 [Listener at 127.0.0.1/35015] INFO  impl.RoleInfo (RoleInfo.java:shutdownFollowerState(108)) - omNode-3: shutdown omNode-3@group-523986131536-FollowerState
2022-05-11 01:30:55,708 [Listener at 127.0.0.1/35015] INFO  impl.StateMachineUpdater (StateMachineUpdater.java:stopAndJoin(149)) - omNode-3@group-523986131536-StateMachineUpdater: set stopIndex = 43
2022-05-11 01:30:55,708 [omNode-3@group-523986131536-FollowerState] INFO  impl.FollowerState (FollowerState.java:run(143)) - omNode-3@group-523986131536-FollowerState was interrupted: {}
java.lang.InterruptedException: sleep interrupted
	at java.lang.Thread.sleep(Native Method)
	at java.lang.Thread.sleep(Thread.java:342)
	at java.util.concurrent.TimeUnit.sleep(TimeUnit.java:386)
	at org.apache.ratis.util.TimeDuration.sleep(TimeDuration.java:324)
	at org.apache.ratis.util.TimeDuration.sleep(TimeDuration.java:309)
	at org.apache.ratis.server.impl.FollowerState.run(FollowerState.java:118)
2022-05-11 01:30:55,709 [omNode-3@group-523986131536-StateMachineUpdater] INFO  ratis.OzoneManagerStateMachine (OzoneManagerStateMachine.java:takeSnapshot(436)) - Current Snapshot Index (t:2, i:43)
2022-05-11 01:30:55,709 [omNode-3@group-523986131536-StateMachineUpdater] INFO  impl.StateMachineUpdater (StateMachineUpdater.java:takeSnapshot(281)) - omNode-3@group-523986131536-StateMachineUpdater: Took a snapshot at index 43
2022-05-11 01:30:55,709 [omNode-3@group-523986131536-StateMachineUpdater] INFO  impl.StateMachineUpdater (StateMachineUpdater.java:lambda$new$0(89)) - omNode-3@group-523986131536-StateMachineUpdater: snapshotIndex: updateIncreasingly -1 -> 43
2022-05-11 01:30:55,709 [omNode-3@group-523986131536-StateMachineUpdater] INFO  ratis.OzoneManagerStateMachine (OzoneManagerStateMachine.java:close(490)) - StateMachine has shutdown. Shutdown OzoneManager if not already shutdown.
2022-05-11 01:30:55,709 [omNode-3@group-523986131536-StateMachineUpdater] INFO  ratis.OzoneManagerDoubleBuffer (OzoneManagerDoubleBuffer.java:stop(465)) - Stopping OMDoubleBuffer flush thread
2022-05-11 01:30:55,714 [OMDoubleBufferFlushThread] INFO  ratis.OzoneManagerDoubleBuffer (OzoneManagerDoubleBuffer.java:flushTransactions(385)) - OMDoubleBuffer flush thread OMDoubleBufferFlushThread is interrupted and will exit.
2022-05-11 01:30:55,714 [Listener at 127.0.0.1/35015] INFO  server.RaftServer$Division (ServerState.java:close(419)) - omNode-3@group-523986131536: closes. applyIndex: 43
2022-05-11 01:30:55,714 [omNode-3@group-523986131536-SegmentedRaftLogWorker] INFO  segmented.SegmentedRaftLogWorker (SegmentedRaftLogWorker.java:run(327)) - omNode-3@group-523986131536-SegmentedRaftLogWorker was interrupted, exiting. There are 0 tasks remaining in the queue.
2022-05-11 01:30:55,719 [Listener at 127.0.0.1/35015] INFO  segmented.SegmentedRaftLogWorker (SegmentedRaftLogWorker.java:close(237)) - omNode-3@group-523986131536-SegmentedRaftLogWorker close()
2022-05-11 01:30:55,720 [Listener at 127.0.0.1/35015] INFO  server.GrpcService (GrpcService.java:closeImpl(262)) - omNode-3: shutdown server with port 45267 now
2022-05-11 01:30:55,723 [grpc-default-executor-0] WARN  server.GrpcLogAppender (LogUtils.java:warn(122)) - omNode-1@group-523986131536->omNode-3-AppendLogResponseHandler: Failed appendEntries: org.apache.ratis.thirdparty.io.grpc.StatusRuntimeException: CANCELLED: HTTP/2 error code: CANCEL
Received Rst Stream
2022-05-11 01:30:55,723 [grpc-default-executor-0] INFO  leader.FollowerInfo (FollowerInfoImpl.java:lambda$new$0(47)) - omNode-1@group-523986131536->omNode-3: nextIndex: updateUnconditionally 45 -> 44
2022-05-11 01:30:55,723 [grpc-default-executor-3] WARN  server.GrpcServerProtocolService (LogUtils.java:warn(122)) - omNode-3: installSnapshot onError, lastRequest: omNode-1->omNode-3#205827-t2,previous=(t:2, i:43),leaderCommit=43,initializing? true,entries: size=1, first=(t:2, i:44), METADATAENTRY(c:43): org.apache.ratis.thirdparty.io.grpc.StatusRuntimeException: CANCELLED: client cancelled
2022-05-11 01:30:55,723 [Listener at 127.0.0.1/35015] INFO  server.GrpcService (GrpcService.java:closeImpl(271)) - omNode-3: shutdown server with port 45267 successfully
2022-05-11 01:30:55,724 [org.apache.ratis.util.JvmPauseMonitor$$Lambda$637/1274334510@7fb7b0de] INFO  util.JvmPauseMonitor (JvmPauseMonitor.java:run(109)) - JvmPauseMonitor-omNode-3: Stopped
2022-05-11 01:30:55,724 [Listener at 127.0.0.1/35015] INFO  ratis.OzoneManagerStateMachine (OzoneManagerStateMachine.java:close(490)) - StateMachine has shutdown. Shutdown OzoneManager if not already shutdown.
2022-05-11 01:30:55,724 [Listener at 127.0.0.1/35015] INFO  ratis.OzoneManagerDoubleBuffer (OzoneManagerDoubleBuffer.java:stop(477)) - OMDoubleBuffer flush thread is not running.
2022-05-11 01:30:55,724 [Listener at 127.0.0.1/35015] INFO  utils.BackgroundService (BackgroundService.java:shutdown(132)) - Shutting down service KeyDeletingService
2022-05-11 01:30:55,726 [Listener at 127.0.0.1/35015] INFO  utils.BackgroundService (BackgroundService.java:shutdown(132)) - Shutting down service DirectoryDeletingService
2022-05-11 01:30:55,730 [Listener at 127.0.0.1/35015] INFO  handler.ContextHandler (ContextHandler.java:doStop(1153)) - Stopped o.e.j.w.WebAppContext@44aac8fd{ozoneManager,/,null,STOPPED}{file:/home/runner/work/ozone/ozone/hadoop-ozone/integration-test/target/test-classes/webapps/ozoneManager}
2022-05-11 01:30:55,730 [Listener at 127.0.0.1/35015] INFO  server.AbstractConnector (AbstractConnector.java:doStop(381)) - Stopped ServerConnector@1a71d8ce{HTTP/1.1, (http/1.1)}{0.0.0.0:44835}
2022-05-11 01:30:55,733 [grpc-default-executor-0] WARN  server.GrpcLogAppender (LogUtils.java:warn(122)) - omNode-1@group-523986131536->omNode-3-AppendLogResponseHandler: Failed appendEntries: org.apache.ratis.thirdparty.io.grpc.StatusRuntimeException: UNAVAILABLE: io exception
2022-05-11 01:30:55,736 [grpc-default-executor-0] INFO  leader.FollowerInfo (FollowerInfoImpl.java:lambda$new$0(47)) - omNode-1@group-523986131536->omNode-3: nextIndex: updateUnconditionally 45 -> 44
2022-05-11 01:30:55,737 [Listener at 127.0.0.1/35015] INFO  server.session (HouseKeeper.java:stopScavenging(149)) - node0 Stopped scavenging
2022-05-11 01:30:55,737 [Listener at 127.0.0.1/35015] INFO  handler.ContextHandler (ContextHandler.java:doStop(1153)) - Stopped o.e.j.s.ServletContextHandler@67264fde{static,/static,file:///home/runner/work/ozone/ozone/hadoop-ozone/integration-test/target/test-classes/webapps/static,STOPPED}
2022-05-11 01:30:55,738 [Listener at 127.0.0.1/35015] INFO  handler.ContextHandler (ContextHandler.java:doStop(1153)) - Stopped o.e.j.s.ServletContextHandler@5ba96df2{logs,/logs,file:///home/runner/work/ozone/ozone/hadoop-ozone/integration-test/target/log,STOPPED}
2022-05-11 01:30:55,749 [grpc-default-executor-0] WARN  server.GrpcLogAppender (LogUtils.java:warn(122)) - omNode-1@group-523986131536->omNode-3-AppendLogResponseHandler: Failed appendEntries: org.apache.ratis.thirdparty.io.grpc.StatusRuntimeException: UNAVAILABLE: io exception
2022-05-11 01:30:55,750 [grpc-default-executor-0] INFO  leader.FollowerInfo (FollowerInfoImpl.java:lambda$new$0(47)) - omNode-1@group-523986131536->omNode-3: nextIndex: updateUnconditionally 46 -> 45
2022-05-11 01:30:55,761 [grpc-default-executor-0] WARN  server.GrpcLogAppender (LogUtils.java:warn(122)) - omNode-1@group-523986131536->omNode-3-AppendLogResponseHandler: Failed appendEntries: org.apache.ratis.thirdparty.io.grpc.StatusRuntimeException: UNAVAILABLE: io exception
2022-05-11 01:30:55,762 [grpc-default-executor-0] INFO  leader.FollowerInfo (FollowerInfoImpl.java:lambda$new$0(47)) - omNode-1@group-523986131536->omNode-3: nextIndex: updateUnconditionally 47 -> 45
2022-05-11 01:30:55,786 [grpc-default-executor-0] WARN  server.GrpcLogAppender (LogUtils.java:warn(122)) - omNode-1@group-523986131536->omNode-3-AppendLogResponseHandler: Failed appendEntries: org.apache.ratis.thirdparty.io.grpc.StatusRuntimeException: UNAVAILABLE: io exception
2022-05-11 01:30:55,792 [grpc-default-executor-0] INFO  leader.FollowerInfo (FollowerInfoImpl.java:lambda$new$0(47)) - omNode-1@group-523986131536->omNode-3: nextIndex: updateUnconditionally 47 -> 45
2022-05-11 01:30:55,813 [grpc-default-executor-0] WARN  server.GrpcLogAppender (LogUtils.java:warn(122)) - omNode-1@group-523986131536->omNode-3-AppendLogResponseHandler: Failed appendEntries: org.apache.ratis.thirdparty.io.grpc.StatusRuntimeException: UNAVAILABLE: io exception
2022-05-11 01:30:55,814 [grpc-default-executor-0] INFO  leader.FollowerInfo (FollowerInfoImpl.java:lambda$new$0(47)) - omNode-1@group-523986131536->omNode-3: nextIndex: updateUnconditionally 48 -> 45
2022-05-11 01:30:55,828 [grpc-default-executor-0] WARN  server.GrpcLogAppender (LogUtils.java:warn(122)) - omNode-1@group-523986131536->omNode-3-AppendLogResponseHandler: Failed appendEntries: org.apache.ratis.thirdparty.io.grpc.StatusRuntimeException: UNAVAILABLE: io exception
2022-05-11 01:30:55,829 [grpc-default-executor-0] INFO  leader.FollowerInfo (FollowerInfoImpl.java:lambda$new$0(47)) - omNode-1@group-523986131536->omNode-3: nextIndex: updateUnconditionally 48 -> 45
2022-05-11 01:30:55,835 [grpc-default-executor-0] WARN  server.GrpcLogAppender (LogUtils.java:warn(122)) - omNode-1@group-523986131536->omNode-3-AppendLogResponseHandler: Failed appendEntries: org.apache.ratis.thirdparty.io.grpc.StatusRuntimeException: UNAVAILABLE: io exception
2022-05-11 01:30:55,836 [grpc-default-executor-0] INFO  leader.FollowerInfo (FollowerInfoImpl.java:lambda$new$0(47)) - omNode-1@group-523986131536->omNode-3: nextIndex: updateUnconditionally 50 -> 45
2022-05-11 01:30:55,847 [grpc-default-executor-0] WARN  server.GrpcLogAppender (LogUtils.java:warn(122)) - omNode-1@group-523986131536->omNode-3-AppendLogResponseHandler: Failed appendEntries: org.apache.ratis.thirdparty.io.grpc.StatusRuntimeException: UNAVAILABLE: io exception
2022-05-11 01:30:55,847 [grpc-default-executor-0] INFO  leader.FollowerInfo (FollowerInfoImpl.java:lambda$new$0(47)) - omNode-1@group-523986131536->omNode-3: nextIndex: updateUnconditionally 50 -> 45
2022-05-11 01:30:55,851 [grpc-default-executor-3] WARN  server.GrpcLogAppender (LogUtils.java:warn(122)) - omNode-1@group-523986131536->omNode-3-AppendLogResponseHandler: Failed appendEntries: org.apache.ratis.thirdparty.io.grpc.StatusRuntimeException: UNAVAILABLE: io exception
2022-05-11 01:30:55,851 [grpc-default-executor-3] INFO  leader.FollowerInfo (FollowerInfoImpl.java:lambda$new$0(47)) - omNode-1@group-523986131536->omNode-3: nextIndex: updateUnconditionally 50 -> 45
2022-05-11 01:30:55,857 [grpc-default-executor-3] WARN  server.GrpcLogAppender (LogUtils.java:warn(122)) - omNode-1@group-523986131536->omNode-3-AppendLogResponseHandler: Failed appendEntries: org.apache.ratis.thirdparty.io.grpc.StatusRuntimeException: UNAVAILABLE: io exception
2022-05-11 01:30:55,857 [omNode-1@group-523986131536-StateMachineUpdater] INFO  ratis.OzoneManagerStateMachine (OzoneManagerStateMachine.java:takeSnapshot(436)) - Current Snapshot Index (t:2, i:49)
2022-05-11 01:30:55,857 [omNode-1@group-523986131536-StateMachineUpdater] INFO  impl.StateMachineUpdater (StateMachineUpdater.java:takeSnapshot(281)) - omNode-1@group-523986131536-StateMachineUpdater: Took a snapshot at index 49
2022-05-11 01:30:55,857 [omNode-1@group-523986131536-StateMachineUpdater] INFO  impl.StateMachineUpdater (StateMachineUpdater.java:lambda$new$0(89)) - omNode-1@group-523986131536-StateMachineUpdater: snapshotIndex: updateIncreasingly -1 -> 49
2022-05-11 01:30:55,858 [omNode-1@group-523986131536-StateMachineUpdater] INFO  raftlog.RaftLog (RaftLogBase.java:purge(306)) - omNode-1@group-523986131536-SegmentedRaftLog: purge 49
2022-05-11 01:30:55,858 [grpc-default-executor-3] INFO  leader.FollowerInfo (FollowerInfoImpl.java:lambda$new$0(47)) - omNode-1@group-523986131536->omNode-3: nextIndex: updateUnconditionally 51 -> 45
2022-05-11 01:30:55,858 [omNode-1@group-523986131536-StateMachineUpdater] INFO  raftlog.RaftLog (RaftLogBase.java:lambda$new$0(53)) - omNode-1@group-523986131536-SegmentedRaftLog: snapshotIndex: updateIncreasingly -1 -> 49
2022-05-11 01:30:55,859 [omNode-1@group-523986131536-StateMachineUpdater] INFO  raftlog.RaftLog (RaftLogBase.java:lambda$new$0(53)) - omNode-1@group-523986131536-SegmentedRaftLog: purgeIndex: updateToMax old=-1, new=49, updated? true
2022-05-11 01:30:55,907 [omNode-2@group-523986131536-StateMachineUpdater] INFO  ratis.OzoneManagerStateMachine (OzoneManagerStateMachine.java:takeSnapshot(436)) - Current Snapshot Index (t:2, i:49)
2022-05-11 01:30:55,907 [omNode-2@group-523986131536-StateMachineUpdater] INFO  impl.StateMachineUpdater (StateMachineUpdater.java:takeSnapshot(281)) - omNode-2@group-523986131536-StateMachineUpdater: Took a snapshot at index 49
2022-05-11 01:30:55,907 [omNode-2@group-523986131536-StateMachineUpdater] INFO  impl.StateMachineUpdater (StateMachineUpdater.java:lambda$new$0(89)) - omNode-2@group-523986131536-StateMachineUpdater: snapshotIndex: updateIncreasingly -1 -> 49
2022-05-11 01:30:55,907 [omNode-2@group-523986131536-StateMachineUpdater] INFO  raftlog.RaftLog (RaftLogBase.java:purge(306)) - omNode-2@group-523986131536-SegmentedRaftLog: purge 49
2022-05-11 01:30:55,907 [omNode-2@group-523986131536-StateMachineUpdater] INFO  raftlog.RaftLog (RaftLogBase.java:lambda$new$0(53)) - omNode-2@group-523986131536-SegmentedRaftLog: snapshotIndex: updateIncreasingly -1 -> 49
2022-05-11 01:30:55,907 [omNode-2@group-523986131536-StateMachineUpdater] INFO  raftlog.RaftLog (RaftLogBase.java:lambda$new$0(53)) - omNode-2@group-523986131536-SegmentedRaftLog: purgeIndex: updateToMax old=-1, new=49, updated? true
2022-05-11 01:30:55,911 [EndpointStateMachine task thread for /0.0.0.0:46775 - 0 ] INFO  ipc.Client (Client.java:handleConnectionFailure(977)) - Retrying connect to server: 0.0.0.0/0.0.0.0:46775. Already tried 14 time(s); retry policy is RetryUpToMaximumCountWithFixedSleep(maxRetries=15, sleepTime=1000 MILLISECONDS)
2022-05-11 01:30:55,912 [grpc-default-executor-3] WARN  server.GrpcLogAppender (LogUtils.java:warn(122)) - omNode-1@group-523986131536->omNode-3-AppendLogResponseHandler: Failed appendEntries: org.apache.ratis.thirdparty.io.grpc.StatusRuntimeException: UNAVAILABLE: io exception
2022-05-11 01:30:55,914 [grpc-default-executor-3] INFO  leader.FollowerInfo (FollowerInfoImpl.java:lambda$new$0(47)) - omNode-1@group-523986131536->omNode-3: nextIndex: updateUnconditionally 51 -> 45
2022-05-11 01:30:55,962 [grpc-default-executor-3] WARN  server.GrpcLogAppender (LogUtils.java:warn(122)) - omNode-1@group-523986131536->omNode-3-AppendLogResponseHandler: Failed appendEntries: org.apache.ratis.thirdparty.io.grpc.StatusRuntimeException: UNAVAILABLE: io exception
2022-05-11 01:30:55,963 [grpc-default-executor-3] INFO  leader.FollowerInfo (FollowerInfoImpl.java:lambda$new$0(47)) - omNode-1@group-523986131536->omNode-3: nextIndex: updateUnconditionally 52 -> 45
2022-05-11 01:30:55,970 [grpc-default-executor-3] WARN  server.GrpcLogAppender (LogUtils.java:warn(122)) - omNode-1@group-523986131536->omNode-3-AppendLogResponseHandler: Failed appendEntries: org.apache.ratis.thirdparty.io.grpc.StatusRuntimeException: UNAVAILABLE: io exception
2022-05-11 01:30:55,970 [grpc-default-executor-3] INFO  leader.FollowerInfo (FollowerInfoImpl.java:lambda$new$0(47)) - omNode-1@group-523986131536->omNode-3: nextIndex: updateUnconditionally 52 -> 45
2022-05-11 01:30:55,972 [grpc-default-executor-0] WARN  server.GrpcLogAppender (LogUtils.java:warn(122)) - omNode-1@group-523986131536->omNode-3-AppendLogResponseHandler: Failed appendEntries: org.apache.ratis.thirdparty.io.grpc.StatusRuntimeException: UNAVAILABLE: io exception
2022-05-11 01:30:55,972 [grpc-default-executor-0] INFO  leader.FollowerInfo (FollowerInfoImpl.java:lambda$new$0(47)) - omNode-1@group-523986131536->omNode-3: nextIndex: updateUnconditionally 53 -> 45
2022-05-11 01:30:55,977 [grpc-default-executor-0] WARN  server.GrpcLogAppender (LogUtils.java:warn(122)) - omNode-1@group-523986131536->omNode-3-AppendLogResponseHandler: Failed appendEntries: org.apache.ratis.thirdparty.io.grpc.StatusRuntimeException: UNAVAILABLE: io exception
2022-05-11 01:30:55,978 [grpc-default-executor-0] INFO  leader.FollowerInfo (FollowerInfoImpl.java:lambda$new$0(47)) - omNode-1@group-523986131536->omNode-3: nextIndex: updateUnconditionally 53 -> 45
2022-05-11 01:30:55,983 [grpc-default-executor-0] WARN  server.GrpcLogAppender (LogUtils.java:warn(122)) - omNode-1@group-523986131536->omNode-3-AppendLogResponseHandler: Failed appendEntries: org.apache.ratis.thirdparty.io.grpc.StatusRuntimeException: UNAVAILABLE: io exception
2022-05-11 01:30:55,984 [grpc-default-executor-0] INFO  leader.FollowerInfo (FollowerInfoImpl.java:lambda$new$0(47)) - omNode-1@group-523986131536->omNode-3: nextIndex: updateUnconditionally 55 -> 45
2022-05-11 01:30:56,001 [grpc-default-executor-0] WARN  server.GrpcLogAppender (LogUtils.java:warn(122)) - omNode-1@group-523986131536->omNode-3-AppendLogResponseHandler: Failed appendEntries: org.apache.ratis.thirdparty.io.grpc.StatusRuntimeException: UNAVAILABLE: io exception
2022-05-11 01:30:56,002 [grpc-default-executor-0] INFO  leader.FollowerInfo (FollowerInfoImpl.java:lambda$new$0(47)) - omNode-1@group-523986131536->omNode-3: nextIndex: updateUnconditionally 55 -> 45
2022-05-11 01:30:56,017 [grpc-default-executor-3] WARN  server.GrpcLogAppender (LogUtils.java:warn(122)) - omNode-1@group-523986131536->omNode-3-AppendLogResponseHandler: Failed appendEntries: org.apache.ratis.thirdparty.io.grpc.StatusRuntimeException: UNAVAILABLE: io exception
2022-05-11 01:30:56,017 [grpc-default-executor-3] INFO  leader.FollowerInfo (FollowerInfoImpl.java:lambda$new$0(47)) - omNode-1@group-523986131536->omNode-3: nextIndex: updateUnconditionally 55 -> 45
2022-05-11 01:30:56,036 [grpc-default-executor-3] WARN  server.GrpcLogAppender (LogUtils.java:warn(122)) - omNode-1@group-523986131536->omNode-3-AppendLogResponseHandler: Failed appendEntries: org.apache.ratis.thirdparty.io.grpc.StatusRuntimeException: UNAVAILABLE: io exception
2022-05-11 01:30:56,037 [grpc-default-executor-3] INFO  leader.FollowerInfo (FollowerInfoImpl.java:lambda$new$0(47)) - omNode-1@group-523986131536->omNode-3: nextIndex: updateUnconditionally 56 -> 45
2022-05-11 01:30:56,051 [grpc-default-executor-3] WARN  server.GrpcLogAppender (LogUtils.java:warn(122)) - omNode-1@group-523986131536->omNode-3-AppendLogResponseHandler: Failed appendEntries: org.apache.ratis.thirdparty.io.grpc.StatusRuntimeException: UNAVAILABLE: io exception
2022-05-11 01:30:56,051 [grpc-default-executor-3] INFO  leader.FollowerInfo (FollowerInfoImpl.java:lambda$new$0(47)) - omNode-1@group-523986131536->omNode-3: nextIndex: updateUnconditionally 56 -> 45
2022-05-11 01:30:56,053 [grpc-default-executor-0] WARN  server.GrpcLogAppender (LogUtils.java:warn(122)) - omNode-1@group-523986131536->omNode-3-AppendLogResponseHandler: Failed appendEntries: org.apache.ratis.thirdparty.io.grpc.StatusRuntimeException: UNAVAILABLE: io exception
2022-05-11 01:30:56,054 [grpc-default-executor-0] INFO  leader.FollowerInfo (FollowerInfoImpl.java:lambda$new$0(47)) - omNode-1@group-523986131536->omNode-3: nextIndex: updateUnconditionally 58 -> 45
2022-05-11 01:30:56,063 [grpc-default-executor-0] WARN  server.GrpcLogAppender (LogUtils.java:warn(122)) - omNode-1@group-523986131536->omNode-3-AppendLogResponseHandler: Failed appendEntries: org.apache.ratis.thirdparty.io.grpc.StatusRuntimeException: UNAVAILABLE: io exception
2022-05-11 01:30:56,064 [grpc-default-executor-0] INFO  leader.FollowerInfo (FollowerInfoImpl.java:lambda$new$0(47)) - omNode-1@group-523986131536->omNode-3: nextIndex: updateUnconditionally 58 -> 45
2022-05-11 01:30:56,075 [grpc-default-executor-3] WARN  server.GrpcLogAppender (LogUtils.java:warn(122)) - omNode-1@group-523986131536->omNode-3-AppendLogResponseHandler: Failed appendEntries: org.apache.ratis.thirdparty.io.grpc.StatusRuntimeException: UNAVAILABLE: io exception
2022-05-11 01:30:56,076 [grpc-default-executor-3] INFO  leader.FollowerInfo (FollowerInfoImpl.java:lambda$new$0(47)) - omNode-1@group-523986131536->omNode-3: nextIndex: updateUnconditionally 59 -> 45
2022-05-11 01:30:56,098 [grpc-default-executor-0] WARN  server.GrpcLogAppender (LogUtils.java:warn(122)) - omNode-1@group-523986131536->omNode-3-AppendLogResponseHandler: Failed appendEntries: org.apache.ratis.thirdparty.io.grpc.StatusRuntimeException: UNAVAILABLE: io exception
2022-05-11 01:30:56,106 [grpc-default-executor-0] INFO  leader.FollowerInfo (FollowerInfoImpl.java:lambda$new$0(47)) - omNode-1@group-523986131536->omNode-3: nextIndex: updateUnconditionally 59 -> 45
2022-05-11 01:30:56,118 [grpc-default-executor-0] WARN  server.GrpcLogAppender (LogUtils.java:warn(122)) - omNode-1@group-523986131536->omNode-3-AppendLogResponseHandler: Failed appendEntries: org.apache.ratis.thirdparty.io.grpc.StatusRuntimeException: UNAVAILABLE: io exception
2022-05-11 01:30:56,119 [grpc-default-executor-0] INFO  leader.FollowerInfo (FollowerInfoImpl.java:lambda$new$0(47)) - omNode-1@group-523986131536->omNode-3: nextIndex: updateUnconditionally 60 -> 45
2022-05-11 01:30:56,127 [grpc-default-executor-0] WARN  server.GrpcLogAppender (LogUtils.java:warn(122)) - omNode-1@group-523986131536->omNode-3-AppendLogResponseHandler: Failed appendEntries: org.apache.ratis.thirdparty.io.grpc.StatusRuntimeException: UNAVAILABLE: io exception
2022-05-11 01:30:56,127 [grpc-default-executor-0] INFO  leader.FollowerInfo (FollowerInfoImpl.java:lambda$new$0(47)) - omNode-1@group-523986131536->omNode-3: nextIndex: updateUnconditionally 60 -> 45
2022-05-11 01:30:56,134 [grpc-default-executor-0] WARN  server.GrpcLogAppender (LogUtils.java:warn(122)) - omNode-1@group-523986131536->omNode-3-AppendLogResponseHandler: Failed appendEntries: org.apache.ratis.thirdparty.io.grpc.StatusRuntimeException: UNAVAILABLE: io exception
2022-05-11 01:30:56,150 [grpc-default-executor-0] INFO  leader.FollowerInfo (FollowerInfoImpl.java:lambda$new$0(47)) - omNode-1@group-523986131536->omNode-3: nextIndex: updateUnconditionally 61 -> 45
2022-05-11 01:30:56,164 [grpc-default-executor-3] WARN  server.GrpcLogAppender (LogUtils.java:warn(122)) - omNode-1@group-523986131536->omNode-3-AppendLogResponseHandler: Failed appendEntries: org.apache.ratis.thirdparty.io.grpc.StatusRuntimeException: UNAVAILABLE: io exception
2022-05-11 01:30:56,165 [grpc-default-executor-3] INFO  leader.FollowerInfo (FollowerInfoImpl.java:lambda$new$0(47)) - omNode-1@group-523986131536->omNode-3: nextIndex: updateUnconditionally 63 -> 45
2022-05-11 01:30:56,269 [grpc-default-executor-3] WARN  server.GrpcLogAppender (LogUtils.java:warn(122)) - omNode-1@group-523986131536->omNode-3-AppendLogResponseHandler: Failed appendEntries: org.apache.ratis.thirdparty.io.grpc.StatusRuntimeException: UNAVAILABLE: io exception
2022-05-11 01:30:56,269 [grpc-default-executor-3] INFO  leader.FollowerInfo (FollowerInfoImpl.java:lambda$new$0(47)) - omNode-1@group-523986131536->omNode-3: nextIndex: updateUnconditionally 64 -> 45
2022-05-11 01:30:56,274 [grpc-default-executor-0] WARN  server.GrpcLogAppender (LogUtils.java:warn(122)) - omNode-1@group-523986131536->omNode-3-AppendLogResponseHandler: Failed appendEntries: org.apache.ratis.thirdparty.io.grpc.StatusRuntimeException: UNAVAILABLE: io exception
2022-05-11 01:30:56,275 [grpc-default-executor-0] INFO  leader.FollowerInfo (FollowerInfoImpl.java:lambda$new$0(47)) - omNode-1@group-523986131536->omNode-3: nextIndex: updateUnconditionally 64 -> 45
2022-05-11 01:30:56,276 [grpc-default-executor-3] WARN  server.GrpcLogAppender (LogUtils.java:warn(122)) - omNode-1@group-523986131536->omNode-3-AppendLogResponseHandler: Failed appendEntries: org.apache.ratis.thirdparty.io.grpc.StatusRuntimeException: UNAVAILABLE: io exception
2022-05-11 01:30:56,277 [grpc-default-executor-3] INFO  leader.FollowerInfo (FollowerInfoImpl.java:lambda$new$0(47)) - omNode-1@group-523986131536->omNode-3: nextIndex: updateUnconditionally 65 -> 45
2022-05-11 01:30:56,283 [grpc-default-executor-3] WARN  server.GrpcLogAppender (LogUtils.java:warn(122)) - omNode-1@group-523986131536->omNode-3-AppendLogResponseHandler: Failed appendEntries: org.apache.ratis.thirdparty.io.grpc.StatusRuntimeException: UNAVAILABLE: io exception
2022-05-11 01:30:56,283 [grpc-default-executor-3] INFO  leader.FollowerInfo (FollowerInfoImpl.java:lambda$new$0(47)) - omNode-1@group-523986131536->omNode-3: nextIndex: updateUnconditionally 66 -> 45
2022-05-11 01:30:56,294 [grpc-default-executor-3] WARN  server.GrpcLogAppender (LogUtils.java:warn(122)) - omNode-1@group-523986131536->omNode-3-AppendLogResponseHandler: Failed appendEntries: org.apache.ratis.thirdparty.io.grpc.StatusRuntimeException: UNAVAILABLE: io exception
2022-05-11 01:30:56,294 [grpc-default-executor-3] INFO  leader.FollowerInfo (FollowerInfoImpl.java:lambda$new$0(47)) - omNode-1@group-523986131536->omNode-3: nextIndex: updateUnconditionally 66 -> 45
2022-05-11 01:30:56,298 [grpc-default-executor-0] WARN  server.GrpcLogAppender (LogUtils.java:warn(122)) - omNode-1@group-523986131536->omNode-3-AppendLogResponseHandler: Failed appendEntries: org.apache.ratis.thirdparty.io.grpc.StatusRuntimeException: UNAVAILABLE: io exception
2022-05-11 01:30:56,298 [grpc-default-executor-0] INFO  leader.FollowerInfo (FollowerInfoImpl.java:lambda$new$0(47)) - omNode-1@group-523986131536->omNode-3: nextIndex: updateUnconditionally 67 -> 45
2022-05-11 01:30:56,314 [grpc-default-executor-0] WARN  server.GrpcLogAppender (LogUtils.java:warn(122)) - omNode-1@group-523986131536->omNode-3-AppendLogResponseHandler: Failed appendEntries: org.apache.ratis.thirdparty.io.grpc.StatusRuntimeException: UNAVAILABLE: io exception
2022-05-11 01:30:56,322 [grpc-default-executor-0] INFO  leader.FollowerInfo (FollowerInfoImpl.java:lambda$new$0(47)) - omNode-1@group-523986131536->omNode-3: nextIndex: updateUnconditionally 67 -> 45
2022-05-11 01:30:56,354 [grpc-default-executor-0] WARN  server.GrpcLogAppender (LogUtils.java:warn(122)) - omNode-1@group-523986131536->omNode-3-AppendLogResponseHandler: Failed appendEntries: org.apache.ratis.thirdparty.io.grpc.StatusRuntimeException: UNAVAILABLE: io exception
2022-05-11 01:30:56,354 [grpc-default-executor-0] INFO  leader.FollowerInfo (FollowerInfoImpl.java:lambda$new$0(47)) - omNode-1@group-523986131536->omNode-3: nextIndex: updateUnconditionally 68 -> 45
2022-05-11 01:30:56,359 [grpc-default-executor-0] WARN  server.GrpcLogAppender (LogUtils.java:warn(122)) - omNode-1@group-523986131536->omNode-3-AppendLogResponseHandler: Failed appendEntries: org.apache.ratis.thirdparty.io.grpc.StatusRuntimeException: UNAVAILABLE: io exception
2022-05-11 01:30:56,360 [grpc-default-executor-0] INFO  leader.FollowerInfo (FollowerInfoImpl.java:lambda$new$0(47)) - omNode-1@group-523986131536->omNode-3: nextIndex: updateUnconditionally 68 -> 45
2022-05-11 01:30:56,368 [grpc-default-executor-0] WARN  server.GrpcLogAppender (LogUtils.java:warn(122)) - omNode-1@group-523986131536->omNode-3-AppendLogResponseHandler: Failed appendEntries: org.apache.ratis.thirdparty.io.grpc.StatusRuntimeException: UNAVAILABLE: io exception
2022-05-11 01:30:56,368 [grpc-default-executor-0] INFO  leader.FollowerInfo (FollowerInfoImpl.java:lambda$new$0(47)) - omNode-1@group-523986131536->omNode-3: nextIndex: updateUnconditionally 69 -> 45
2022-05-11 01:30:56,373 [grpc-default-executor-0] WARN  server.GrpcLogAppender (LogUtils.java:warn(122)) - omNode-1@group-523986131536->omNode-3-AppendLogResponseHandler: Failed appendEntries: org.apache.ratis.thirdparty.io.grpc.StatusRuntimeException: UNAVAILABLE: io exception
2022-05-11 01:30:56,374 [grpc-default-executor-0] INFO  leader.FollowerInfo (FollowerInfoImpl.java:lambda$new$0(47)) - omNode-1@group-523986131536->omNode-3: nextIndex: updateUnconditionally 70 -> 45
2022-05-11 01:30:56,385 [grpc-default-executor-0] WARN  server.GrpcLogAppender (LogUtils.java:warn(122)) - omNode-1@group-523986131536->omNode-3-AppendLogResponseHandler: Failed appendEntries: org.apache.ratis.thirdparty.io.grpc.StatusRuntimeException: UNAVAILABLE: io exception
2022-05-11 01:30:56,386 [grpc-default-executor-0] INFO  leader.FollowerInfo (FollowerInfoImpl.java:lambda$new$0(47)) - omNode-1@group-523986131536->omNode-3: nextIndex: updateUnconditionally 70 -> 45
2022-05-11 01:30:56,391 [grpc-default-executor-2] WARN  server.GrpcLogAppender (LogUtils.java:warn(122)) - omNode-1@group-523986131536->omNode-3-AppendLogResponseHandler: Failed appendEntries: org.apache.ratis.thirdparty.io.grpc.StatusRuntimeException: UNAVAILABLE: io exception
2022-05-11 01:30:56,391 [grpc-default-executor-2] INFO  leader.FollowerInfo (FollowerInfoImpl.java:lambda$new$0(47)) - omNode-1@group-523986131536->omNode-3: nextIndex: updateUnconditionally 71 -> 45
2022-05-11 01:30:56,396 [grpc-default-executor-0] WARN  server.GrpcLogAppender (LogUtils.java:warn(122)) - omNode-1@group-523986131536->omNode-3-AppendLogResponseHandler: Failed appendEntries: org.apache.ratis.thirdparty.io.grpc.StatusRuntimeException: UNAVAILABLE: io exception
2022-05-11 01:30:56,396 [grpc-default-executor-0] INFO  leader.FollowerInfo (FollowerInfoImpl.java:lambda$new$0(47)) - omNode-1@group-523986131536->omNode-3: nextIndex: updateUnconditionally 71 -> 45
2022-05-11 01:30:56,440 [grpc-default-executor-2] WARN  server.GrpcLogAppender (LogUtils.java:warn(122)) - omNode-1@group-523986131536->omNode-3-AppendLogResponseHandler: Failed appendEntries: org.apache.ratis.thirdparty.io.grpc.StatusRuntimeException: UNAVAILABLE: io exception
2022-05-11 01:30:56,440 [grpc-default-executor-2] INFO  leader.FollowerInfo (FollowerInfoImpl.java:lambda$new$0(47)) - omNode-1@group-523986131536->omNode-3: nextIndex: updateUnconditionally 72 -> 45
2022-05-11 01:30:56,454 [grpc-default-executor-2] WARN  server.GrpcLogAppender (LogUtils.java:warn(122)) - omNode-1@group-523986131536->omNode-3-AppendLogResponseHandler: Failed appendEntries: org.apache.ratis.thirdparty.io.grpc.StatusRuntimeException: UNAVAILABLE: io exception
2022-05-11 01:30:56,455 [grpc-default-executor-2] INFO  leader.FollowerInfo (FollowerInfoImpl.java:lambda$new$0(47)) - omNode-1@group-523986131536->omNode-3: nextIndex: updateUnconditionally 72 -> 45
2022-05-11 01:30:56,457 [grpc-default-executor-0] WARN  server.GrpcLogAppender (LogUtils.java:warn(122)) - omNode-1@group-523986131536->omNode-3-AppendLogResponseHandler: Failed appendEntries: org.apache.ratis.thirdparty.io.grpc.StatusRuntimeException: UNAVAILABLE: io exception
2022-05-11 01:30:56,458 [grpc-default-executor-0] INFO  leader.FollowerInfo (FollowerInfoImpl.java:lambda$new$0(47)) - omNode-1@group-523986131536->omNode-3: nextIndex: updateUnconditionally 73 -> 45
2022-05-11 01:30:56,461 [grpc-default-executor-0] WARN  server.GrpcLogAppender (LogUtils.java:warn(122)) - omNode-1@group-523986131536->omNode-3-AppendLogResponseHandler: Failed appendEntries: org.apache.ratis.thirdparty.io.grpc.StatusRuntimeException: UNAVAILABLE: io exception
2022-05-11 01:30:56,461 [grpc-default-executor-0] INFO  leader.FollowerInfo (FollowerInfoImpl.java:lambda$new$0(47)) - omNode-1@group-523986131536->omNode-3: nextIndex: updateUnconditionally 74 -> 45
2022-05-11 01:30:56,466 [grpc-default-executor-2] WARN  server.GrpcLogAppender (LogUtils.java:warn(122)) - omNode-1@group-523986131536->omNode-3-AppendLogResponseHandler: Failed appendEntries: org.apache.ratis.thirdparty.io.grpc.StatusRuntimeException: UNAVAILABLE: io exception
2022-05-11 01:30:56,467 [grpc-default-executor-2] INFO  leader.FollowerInfo (FollowerInfoImpl.java:lambda$new$0(47)) - omNode-1@group-523986131536->omNode-3: nextIndex: updateUnconditionally 74 -> 45
2022-05-11 01:30:56,484 [grpc-default-executor-0] WARN  server.GrpcLogAppender (LogUtils.java:warn(122)) - omNode-1@group-523986131536->omNode-3-AppendLogResponseHandler: Failed appendEntries: org.apache.ratis.thirdparty.io.grpc.StatusRuntimeException: UNAVAILABLE: io exception
2022-05-11 01:30:56,485 [grpc-default-executor-0] INFO  leader.FollowerInfo (FollowerInfoImpl.java:lambda$new$0(47)) - omNode-1@group-523986131536->omNode-3: nextIndex: updateUnconditionally 75 -> 45
2022-05-11 01:30:56,506 [grpc-default-executor-0] WARN  server.GrpcLogAppender (LogUtils.java:warn(122)) - omNode-1@group-523986131536->omNode-3-AppendLogResponseHandler: Failed appendEntries: org.apache.ratis.thirdparty.io.grpc.StatusRuntimeException: UNAVAILABLE: io exception
2022-05-11 01:30:56,506 [grpc-default-executor-0] INFO  leader.FollowerInfo (FollowerInfoImpl.java:lambda$new$0(47)) - omNode-1@group-523986131536->omNode-3: nextIndex: updateUnconditionally 75 -> 45
2022-05-11 01:30:56,542 [grpc-default-executor-0] WARN  server.GrpcLogAppender (LogUtils.java:warn(122)) - omNode-1@group-523986131536->omNode-3-AppendLogResponseHandler: Failed appendEntries: org.apache.ratis.thirdparty.io.grpc.StatusRuntimeException: UNAVAILABLE: io exception
2022-05-11 01:30:56,544 [grpc-default-executor-0] INFO  leader.FollowerInfo (FollowerInfoImpl.java:lambda$new$0(47)) - omNode-1@group-523986131536->omNode-3: nextIndex: updateUnconditionally 76 -> 45
2022-05-11 01:30:56,557 [grpc-default-executor-0] WARN  server.GrpcLogAppender (LogUtils.java:warn(122)) - omNode-1@group-523986131536->omNode-3-AppendLogResponseHandler: Failed appendEntries: org.apache.ratis.thirdparty.io.grpc.StatusRuntimeException: UNAVAILABLE: io exception
2022-05-11 01:30:56,557 [grpc-default-executor-0] INFO  leader.FollowerInfo (FollowerInfoImpl.java:lambda$new$0(47)) - omNode-1@group-523986131536->omNode-3: nextIndex: updateUnconditionally 76 -> 45
2022-05-11 01:30:56,563 [grpc-default-executor-0] WARN  server.GrpcLogAppender (LogUtils.java:warn(122)) - omNode-1@group-523986131536->omNode-3-AppendLogResponseHandler: Failed appendEntries: org.apache.ratis.thirdparty.io.grpc.StatusRuntimeException: UNAVAILABLE: io exception
2022-05-11 01:30:56,564 [grpc-default-executor-0] INFO  leader.FollowerInfo (FollowerInfoImpl.java:lambda$new$0(47)) - omNode-1@group-523986131536->omNode-3: nextIndex: updateUnconditionally 78 -> 45
2022-05-11 01:30:56,574 [grpc-default-executor-0] WARN  server.GrpcLogAppender (LogUtils.java:warn(122)) - omNode-1@group-523986131536->omNode-3-AppendLogResponseHandler: Failed appendEntries: org.apache.ratis.thirdparty.io.grpc.StatusRuntimeException: UNAVAILABLE: io exception
2022-05-11 01:30:56,575 [grpc-default-executor-0] INFO  leader.FollowerInfo (FollowerInfoImpl.java:lambda$new$0(47)) - omNode-1@group-523986131536->omNode-3: nextIndex: updateUnconditionally 78 -> 45
2022-05-11 01:30:56,580 [grpc-default-executor-0] WARN  server.GrpcLogAppender (LogUtils.java:warn(122)) - omNode-1@group-523986131536->omNode-3-AppendLogResponseHandler: Failed appendEntries: org.apache.ratis.thirdparty.io.grpc.StatusRuntimeException: UNAVAILABLE: io exception
2022-05-11 01:30:56,580 [grpc-default-executor-0] INFO  leader.FollowerInfo (FollowerInfoImpl.java:lambda$new$0(47)) - omNode-1@group-523986131536->omNode-3: nextIndex: updateUnconditionally 79 -> 45
2022-05-11 01:30:56,629 [grpc-default-executor-0] WARN  server.GrpcLogAppender (LogUtils.java:warn(122)) - omNode-1@group-523986131536->omNode-3-AppendLogResponseHandler: Failed appendEntries: org.apache.ratis.thirdparty.io.grpc.StatusRuntimeException: UNAVAILABLE: io exception
2022-05-11 01:30:56,630 [grpc-default-executor-0] INFO  leader.FollowerInfo (FollowerInfoImpl.java:lambda$new$0(47)) - omNode-1@group-523986131536->omNode-3: nextIndex: updateUnconditionally 79 -> 45
2022-05-11 01:30:56,631 [grpc-default-executor-2] WARN  server.GrpcLogAppender (LogUtils.java:warn(122)) - omNode-1@group-523986131536->omNode-3-AppendLogResponseHandler: Failed appendEntries: org.apache.ratis.thirdparty.io.grpc.StatusRuntimeException: UNAVAILABLE: io exception
2022-05-11 01:30:56,632 [grpc-default-executor-2] INFO  leader.FollowerInfo (FollowerInfoImpl.java:lambda$new$0(47)) - omNode-1@group-523986131536->omNode-3: nextIndex: updateUnconditionally 79 -> 45
2022-05-11 01:30:56,637 [grpc-default-executor-2] WARN  server.GrpcLogAppender (LogUtils.java:warn(122)) - omNode-1@group-523986131536->omNode-3-AppendLogResponseHandler: Failed appendEntries: org.apache.ratis.thirdparty.io.grpc.StatusRuntimeException: UNAVAILABLE: io exception
2022-05-11 01:30:56,638 [grpc-default-executor-2] INFO  leader.FollowerInfo (FollowerInfoImpl.java:lambda$new$0(47)) - omNode-1@group-523986131536->omNode-3: nextIndex: updateUnconditionally 80 -> 45
2022-05-11 01:30:56,651 [grpc-default-executor-2] WARN  server.GrpcLogAppender (LogUtils.java:warn(122)) - omNode-1@group-523986131536->omNode-3-AppendLogResponseHandler: Failed appendEntries: org.apache.ratis.thirdparty.io.grpc.StatusRuntimeException: UNAVAILABLE: io exception
2022-05-11 01:30:56,651 [grpc-default-executor-2] INFO  leader.FollowerInfo (FollowerInfoImpl.java:lambda$new$0(47)) - omNode-1@group-523986131536->omNode-3: nextIndex: updateUnconditionally 80 -> 45
2022-05-11 01:30:56,654 [grpc-default-executor-0] WARN  server.GrpcLogAppender (LogUtils.java:warn(122)) - omNode-1@group-523986131536->omNode-3-AppendLogResponseHandler: Failed appendEntries: org.apache.ratis.thirdparty.io.grpc.StatusRuntimeException: UNAVAILABLE: io exception
2022-05-11 01:30:56,655 [grpc-default-executor-0] INFO  leader.FollowerInfo (FollowerInfoImpl.java:lambda$new$0(47)) - omNode-1@group-523986131536->omNode-3: nextIndex: updateUnconditionally 82 -> 45
2022-05-11 01:30:56,662 [grpc-default-executor-0] WARN  server.GrpcLogAppender (LogUtils.java:warn(122)) - omNode-1@group-523986131536->omNode-3-AppendLogResponseHandler: Failed appendEntries: org.apache.ratis.thirdparty.io.grpc.StatusRuntimeException: UNAVAILABLE: io exception
2022-05-11 01:30:56,662 [grpc-default-executor-0] INFO  leader.FollowerInfo (FollowerInfoImpl.java:lambda$new$0(47)) - omNode-1@group-523986131536->omNode-3: nextIndex: updateUnconditionally 82 -> 45
2022-05-11 01:30:56,664 [grpc-default-executor-3] WARN  server.GrpcLogAppender (LogUtils.java:warn(122)) - omNode-1@group-523986131536->omNode-3-AppendLogResponseHandler: Failed appendEntries: org.apache.ratis.thirdparty.io.grpc.StatusRuntimeException: UNAVAILABLE: io exception
2022-05-11 01:30:56,664 [grpc-default-executor-3] INFO  leader.FollowerInfo (FollowerInfoImpl.java:lambda$new$0(47)) - omNode-1@group-523986131536->omNode-3: nextIndex: updateUnconditionally 82 -> 45
2022-05-11 01:30:56,672 [grpc-default-executor-0] WARN  server.GrpcLogAppender (LogUtils.java:warn(122)) - omNode-1@group-523986131536->omNode-3-AppendLogResponseHandler: Failed appendEntries: org.apache.ratis.thirdparty.io.grpc.StatusRuntimeException: UNAVAILABLE: io exception
2022-05-11 01:30:56,673 [grpc-default-executor-0] INFO  leader.FollowerInfo (FollowerInfoImpl.java:lambda$new$0(47)) - omNode-1@group-523986131536->omNode-3: nextIndex: updateUnconditionally 83 -> 45
2022-05-11 01:30:56,682 [grpc-default-executor-3] WARN  server.GrpcLogAppender (LogUtils.java:warn(122)) - omNode-1@group-523986131536->omNode-3-AppendLogResponseHandler: Failed appendEntries: org.apache.ratis.thirdparty.io.grpc.StatusRuntimeException: UNAVAILABLE: io exception
2022-05-11 01:30:56,683 [grpc-default-executor-3] INFO  leader.FollowerInfo (FollowerInfoImpl.java:lambda$new$0(47)) - omNode-1@group-523986131536->omNode-3: nextIndex: updateUnconditionally 83 -> 45
2022-05-11 01:30:56,685 [grpc-default-executor-0] WARN  server.GrpcLogAppender (LogUtils.java:warn(122)) - omNode-1@group-523986131536->omNode-3-AppendLogResponseHandler: Failed appendEntries: org.apache.ratis.thirdparty.io.grpc.StatusRuntimeException: UNAVAILABLE: io exception
2022-05-11 01:30:56,686 [grpc-default-executor-0] INFO  leader.FollowerInfo (FollowerInfoImpl.java:lambda$new$0(47)) - omNode-1@group-523986131536->omNode-3: nextIndex: updateUnconditionally 83 -> 45
2022-05-11 01:30:56,714 [grpc-default-executor-0] WARN  server.GrpcLogAppender (LogUtils.java:warn(122)) - omNode-1@group-523986131536->omNode-3-AppendLogResponseHandler: Failed appendEntries: org.apache.ratis.thirdparty.io.grpc.StatusRuntimeException: UNAVAILABLE: io exception
2022-05-11 01:30:56,716 [grpc-default-executor-0] INFO  leader.FollowerInfo (FollowerInfoImpl.java:lambda$new$0(47)) - omNode-1@group-523986131536->omNode-3: nextIndex: updateUnconditionally 84 -> 45
2022-05-11 01:30:56,727 [grpc-default-executor-0] WARN  server.GrpcLogAppender (LogUtils.java:warn(122)) - omNode-1@group-523986131536->omNode-3-AppendLogResponseHandler: Failed appendEntries: org.apache.ratis.thirdparty.io.grpc.StatusRuntimeException: UNAVAILABLE: io exception
2022-05-11 01:30:56,728 [grpc-default-executor-0] INFO  leader.FollowerInfo (FollowerInfoImpl.java:lambda$new$0(47)) - omNode-1@group-523986131536->omNode-3: nextIndex: updateUnconditionally 85 -> 45
2022-05-11 01:30:56,735 [grpc-default-executor-0] WARN  server.GrpcLogAppender (LogUtils.java:warn(122)) - omNode-1@group-523986131536->omNode-3-AppendLogResponseHandler: Failed appendEntries: org.apache.ratis.thirdparty.io.grpc.StatusRuntimeException: UNAVAILABLE: io exception
2022-05-11 01:30:56,735 [grpc-default-executor-0] INFO  leader.FollowerInfo (FollowerInfoImpl.java:lambda$new$0(47)) - omNode-1@group-523986131536->omNode-3: nextIndex: updateUnconditionally 86 -> 45
2022-05-11 01:30:56,741 [grpc-default-executor-0] WARN  server.GrpcLogAppender (LogUtils.java:warn(122)) - omNode-1@group-523986131536->omNode-3-AppendLogResponseHandler: Failed appendEntries: org.apache.ratis.thirdparty.io.grpc.StatusRuntimeException: UNAVAILABLE: io exception
2022-05-11 01:30:56,742 [grpc-default-executor-0] INFO  leader.FollowerInfo (FollowerInfoImpl.java:lambda$new$0(47)) - omNode-1@group-523986131536->omNode-3: nextIndex: updateUnconditionally 86 -> 45
2022-05-11 01:30:56,749 [grpc-default-executor-0] WARN  server.GrpcLogAppender (LogUtils.java:warn(122)) - omNode-1@group-523986131536->omNode-3-AppendLogResponseHandler: Failed appendEntries: org.apache.ratis.thirdparty.io.grpc.StatusRuntimeException: UNAVAILABLE: io exception
2022-05-11 01:30:56,750 [grpc-default-executor-0] INFO  leader.FollowerInfo (FollowerInfoImpl.java:lambda$new$0(47)) - omNode-1@group-523986131536->omNode-3: nextIndex: updateUnconditionally 87 -> 45
2022-05-11 01:30:56,765 [grpc-default-executor-3] WARN  server.GrpcLogAppender (LogUtils.java:warn(122)) - omNode-1@group-523986131536->omNode-3-AppendLogResponseHandler: Failed appendEntries: org.apache.ratis.thirdparty.io.grpc.StatusRuntimeException: UNAVAILABLE: io exception
2022-05-11 01:30:56,765 [grpc-default-executor-3] INFO  leader.FollowerInfo (FollowerInfoImpl.java:lambda$new$0(47)) - omNode-1@group-523986131536->omNode-3: nextIndex: updateUnconditionally 87 -> 45
2022-05-11 01:30:56,789 [grpc-default-executor-3] WARN  server.GrpcLogAppender (LogUtils.java:warn(122)) - omNode-1@group-523986131536->omNode-3-AppendLogResponseHandler: Failed appendEntries: org.apache.ratis.thirdparty.io.grpc.StatusRuntimeException: UNAVAILABLE: io exception
2022-05-11 01:30:56,789 [grpc-default-executor-3] INFO  leader.FollowerInfo (FollowerInfoImpl.java:lambda$new$0(47)) - omNode-1@group-523986131536->omNode-3: nextIndex: updateUnconditionally 88 -> 45
2022-05-11 01:30:56,799 [grpc-default-executor-3] WARN  server.GrpcLogAppender (LogUtils.java:warn(122)) - omNode-1@group-523986131536->omNode-3-AppendLogResponseHandler: Failed appendEntries: org.apache.ratis.thirdparty.io.grpc.StatusRuntimeException: UNAVAILABLE: io exception
2022-05-11 01:30:56,800 [grpc-default-executor-3] INFO  leader.FollowerInfo (FollowerInfoImpl.java:lambda$new$0(47)) - omNode-1@group-523986131536->omNode-3: nextIndex: updateUnconditionally 88 -> 45
2022-05-11 01:30:56,813 [grpc-default-executor-3] WARN  server.GrpcLogAppender (LogUtils.java:warn(122)) - omNode-1@group-523986131536->omNode-3-AppendLogResponseHandler: Failed appendEntries: org.apache.ratis.thirdparty.io.grpc.StatusRuntimeException: UNAVAILABLE: io exception
2022-05-11 01:30:56,813 [grpc-default-executor-3] INFO  leader.FollowerInfo (FollowerInfoImpl.java:lambda$new$0(47)) - omNode-1@group-523986131536->omNode-3: nextIndex: updateUnconditionally 90 -> 45
2022-05-11 01:30:56,820 [grpc-default-executor-3] WARN  server.GrpcLogAppender (LogUtils.java:warn(122)) - omNode-1@group-523986131536->omNode-3-AppendLogResponseHandler: Failed appendEntries: org.apache.ratis.thirdparty.io.grpc.StatusRuntimeException: UNAVAILABLE: io exception
2022-05-11 01:30:56,821 [grpc-default-executor-3] INFO  leader.FollowerInfo (FollowerInfoImpl.java:lambda$new$0(47)) - omNode-1@group-523986131536->omNode-3: nextIndex: updateUnconditionally 90 -> 45
2022-05-11 01:30:56,822 [grpc-default-executor-0] WARN  server.GrpcLogAppender (LogUtils.java:warn(122)) - omNode-1@group-523986131536->omNode-3-AppendLogResponseHandler: Failed appendEntries: org.apache.ratis.thirdparty.io.grpc.StatusRuntimeException: UNAVAILABLE: io exception
2022-05-11 01:30:56,823 [grpc-default-executor-0] INFO  leader.FollowerInfo (FollowerInfoImpl.java:lambda$new$0(47)) - omNode-1@group-523986131536->omNode-3: nextIndex: updateUnconditionally 90 -> 45
2022-05-11 01:30:56,830 [grpc-default-executor-0] WARN  server.GrpcLogAppender (LogUtils.java:warn(122)) - omNode-1@group-523986131536->omNode-3-AppendLogResponseHandler: Failed appendEntries: org.apache.ratis.thirdparty.io.grpc.StatusRuntimeException: UNAVAILABLE: io exception
2022-05-11 01:30:56,830 [grpc-default-executor-0] INFO  leader.FollowerInfo (FollowerInfoImpl.java:lambda$new$0(47)) - omNode-1@group-523986131536->omNode-3: nextIndex: updateUnconditionally 91 -> 45
2022-05-11 01:30:56,850 [grpc-default-executor-0] WARN  server.GrpcLogAppender (LogUtils.java:warn(122)) - omNode-1@group-523986131536->omNode-3-AppendLogResponseHandler: Failed appendEntries: org.apache.ratis.thirdparty.io.grpc.StatusRuntimeException: UNAVAILABLE: io exception
2022-05-11 01:30:56,850 [grpc-default-executor-0] INFO  leader.FollowerInfo (FollowerInfoImpl.java:lambda$new$0(47)) - omNode-1@group-523986131536->omNode-3: nextIndex: updateUnconditionally 91 -> 45
2022-05-11 01:30:56,878 [grpc-default-executor-0] WARN  server.GrpcLogAppender (LogUtils.java:warn(122)) - omNode-1@group-523986131536->omNode-3-AppendLogResponseHandler: Failed appendEntries: org.apache.ratis.thirdparty.io.grpc.StatusRuntimeException: UNAVAILABLE: io exception
2022-05-11 01:30:56,879 [grpc-default-executor-0] INFO  leader.FollowerInfo (FollowerInfoImpl.java:lambda$new$0(47)) - omNode-1@group-523986131536->omNode-3: nextIndex: updateUnconditionally 92 -> 45
2022-05-11 01:30:56,888 [grpc-default-executor-0] WARN  server.GrpcLogAppender (LogUtils.java:warn(122)) - omNode-1@group-523986131536->omNode-3-AppendLogResponseHandler: Failed appendEntries: org.apache.ratis.thirdparty.io.grpc.StatusRuntimeException: UNAVAILABLE: io exception
2022-05-11 01:30:56,889 [grpc-default-executor-0] INFO  leader.FollowerInfo (FollowerInfoImpl.java:lambda$new$0(47)) - omNode-1@group-523986131536->omNode-3: nextIndex: updateUnconditionally 92 -> 45
2022-05-11 01:30:56,903 [grpc-default-executor-0] WARN  server.GrpcLogAppender (LogUtils.java:warn(122)) - omNode-1@group-523986131536->omNode-3-AppendLogResponseHandler: Failed appendEntries: org.apache.ratis.thirdparty.io.grpc.StatusRuntimeException: UNAVAILABLE: io exception
2022-05-11 01:30:56,904 [grpc-default-executor-0] INFO  leader.FollowerInfo (FollowerInfoImpl.java:lambda$new$0(47)) - omNode-1@group-523986131536->omNode-3: nextIndex: updateUnconditionally 94 -> 45
2022-05-11 01:30:56,917 [grpc-default-executor-0] WARN  server.GrpcLogAppender (LogUtils.java:warn(122)) - omNode-1@group-523986131536->omNode-3-AppendLogResponseHandler: Failed appendEntries: org.apache.ratis.thirdparty.io.grpc.StatusRuntimeException: UNAVAILABLE: io exception
2022-05-11 01:30:56,918 [grpc-default-executor-0] INFO  leader.FollowerInfo (FollowerInfoImpl.java:lambda$new$0(47)) - omNode-1@group-523986131536->omNode-3: nextIndex: updateUnconditionally 95 -> 45
2022-05-11 01:30:56,923 [EndpointStateMachine task thread for /0.0.0.0:46775 - 0 ] INFO  ipc.Client (Client.java:handleConnectionFailure(977)) - Retrying connect to server: 0.0.0.0/0.0.0.0:46775. Already tried 0 time(s); retry policy is RetryUpToMaximumCountWithFixedSleep(maxRetries=15, sleepTime=1000 MILLISECONDS)
2022-05-11 01:30:56,941 [grpc-default-executor-0] WARN  server.GrpcLogAppender (LogUtils.java:warn(122)) - omNode-1@group-523986131536->omNode-3-AppendLogResponseHandler: Failed appendEntries: org.apache.ratis.thirdparty.io.grpc.StatusRuntimeException: UNAVAILABLE: io exception
2022-05-11 01:30:56,941 [grpc-default-executor-0] INFO  leader.FollowerInfo (FollowerInfoImpl.java:lambda$new$0(47)) - omNode-1@group-523986131536->omNode-3: nextIndex: updateUnconditionally 95 -> 45
2022-05-11 01:30:56,964 [grpc-default-executor-0] WARN  server.GrpcLogAppender (LogUtils.java:warn(122)) - omNode-1@group-523986131536->omNode-3-AppendLogResponseHandler: Failed appendEntries: org.apache.ratis.thirdparty.io.grpc.StatusRuntimeException: UNAVAILABLE: io exception
2022-05-11 01:30:56,964 [grpc-default-executor-0] INFO  leader.FollowerInfo (FollowerInfoImpl.java:lambda$new$0(47)) - omNode-1@group-523986131536->omNode-3: nextIndex: updateUnconditionally 96 -> 45
2022-05-11 01:30:56,979 [grpc-default-executor-0] WARN  server.GrpcLogAppender (LogUtils.java:warn(122)) - omNode-1@group-523986131536->omNode-3-AppendLogResponseHandler: Failed appendEntries: org.apache.ratis.thirdparty.io.grpc.StatusRuntimeException: UNAVAILABLE: io exception
2022-05-11 01:30:56,979 [grpc-default-executor-0] INFO  leader.FollowerInfo (FollowerInfoImpl.java:lambda$new$0(47)) - omNode-1@group-523986131536->omNode-3: nextIndex: updateUnconditionally 97 -> 45
2022-05-11 01:30:56,986 [grpc-default-executor-3] WARN  server.GrpcLogAppender (LogUtils.java:warn(122)) - omNode-1@group-523986131536->omNode-3-AppendLogResponseHandler: Failed appendEntries: org.apache.ratis.thirdparty.io.grpc.StatusRuntimeException: UNAVAILABLE: io exception
2022-05-11 01:30:56,987 [grpc-default-executor-3] INFO  leader.FollowerInfo (FollowerInfoImpl.java:lambda$new$0(47)) - omNode-1@group-523986131536->omNode-3: nextIndex: updateUnconditionally 98 -> 45
2022-05-11 01:30:56,988 [grpc-default-executor-3] WARN  server.GrpcLogAppender (LogUtils.java:warn(122)) - omNode-1@group-523986131536->omNode-3-AppendLogResponseHandler: Failed appendEntries: org.apache.ratis.thirdparty.io.grpc.StatusRuntimeException: UNAVAILABLE: io exception
2022-05-11 01:30:56,989 [grpc-default-executor-3] INFO  leader.FollowerInfo (FollowerInfoImpl.java:lambda$new$0(47)) - omNode-1@group-523986131536->omNode-3: nextIndex: updateUnconditionally 98 -> 45
2022-05-11 01:30:56,996 [grpc-default-executor-3] WARN  server.GrpcLogAppender (LogUtils.java:warn(122)) - omNode-1@group-523986131536->omNode-3-AppendLogResponseHandler: Failed appendEntries: org.apache.ratis.thirdparty.io.grpc.StatusRuntimeException: UNAVAILABLE: io exception
2022-05-11 01:30:56,997 [grpc-default-executor-3] INFO  leader.FollowerInfo (FollowerInfoImpl.java:lambda$new$0(47)) - omNode-1@group-523986131536->omNode-3: nextIndex: updateUnconditionally 99 -> 45
2022-05-11 01:30:57,015 [grpc-default-executor-3] WARN  server.GrpcLogAppender (LogUtils.java:warn(122)) - omNode-1@group-523986131536->omNode-3-AppendLogResponseHandler: Failed appendEntries: org.apache.ratis.thirdparty.io.grpc.StatusRuntimeException: UNAVAILABLE: io exception
2022-05-11 01:30:57,016 [grpc-default-executor-3] INFO  leader.FollowerInfo (FollowerInfoImpl.java:lambda$new$0(47)) - omNode-1@group-523986131536->omNode-3: nextIndex: updateUnconditionally 99 -> 45
2022-05-11 01:30:57,035 [grpc-default-executor-0] WARN  server.GrpcLogAppender (LogUtils.java:warn(122)) - omNode-1@group-523986131536->omNode-3-AppendLogResponseHandler: Failed appendEntries: org.apache.ratis.thirdparty.io.grpc.StatusRuntimeException: UNAVAILABLE: io exception
2022-05-11 01:30:57,035 [grpc-default-executor-0] INFO  leader.FollowerInfo (FollowerInfoImpl.java:lambda$new$0(47)) - omNode-1@group-523986131536->omNode-3: nextIndex: updateUnconditionally 100 -> 45
2022-05-11 01:30:57,054 [omNode-1@group-523986131536-StateMachineUpdater] INFO  ratis.OzoneManagerStateMachine (OzoneManagerStateMachine.java:takeSnapshot(436)) - Current Snapshot Index (t:2, i:99)
2022-05-11 01:30:57,054 [omNode-1@group-523986131536-StateMachineUpdater] INFO  impl.StateMachineUpdater (StateMachineUpdater.java:takeSnapshot(281)) - omNode-1@group-523986131536-StateMachineUpdater: Took a snapshot at index 99
2022-05-11 01:30:57,054 [omNode-1@group-523986131536-StateMachineUpdater] INFO  impl.StateMachineUpdater (StateMachineUpdater.java:lambda$new$0(89)) - omNode-1@group-523986131536-StateMachineUpdater: snapshotIndex: updateIncreasingly 49 -> 99
2022-05-11 01:30:57,054 [omNode-1@group-523986131536-StateMachineUpdater] INFO  raftlog.RaftLog (RaftLogBase.java:purge(306)) - omNode-1@group-523986131536-SegmentedRaftLog: purge 99
2022-05-11 01:30:57,058 [omNode-1@group-523986131536-StateMachineUpdater] INFO  raftlog.RaftLog (RaftLogBase.java:lambda$new$0(53)) - omNode-1@group-523986131536-SegmentedRaftLog: snapshotIndex: updateIncreasingly 49 -> 99
2022-05-11 01:30:57,058 [omNode-1@group-523986131536-StateMachineUpdater] INFO  raftlog.RaftLog (RaftLogBase.java:lambda$new$0(53)) - omNode-1@group-523986131536-SegmentedRaftLog: purgeIndex: updateToMax old=49, new=99, updated? true
2022-05-11 01:30:57,059 [grpc-default-executor-0] WARN  server.GrpcLogAppender (LogUtils.java:warn(122)) - omNode-1@group-523986131536->omNode-3-AppendLogResponseHandler: Failed appendEntries: org.apache.ratis.thirdparty.io.grpc.StatusRuntimeException: UNAVAILABLE: io exception
2022-05-11 01:30:57,059 [grpc-default-executor-0] INFO  leader.FollowerInfo (FollowerInfoImpl.java:lambda$new$0(47)) - omNode-1@group-523986131536->omNode-3: nextIndex: updateUnconditionally 100 -> 45
2022-05-11 01:30:57,077 [omNode-2@group-523986131536-StateMachineUpdater] INFO  ratis.OzoneManagerStateMachine (OzoneManagerStateMachine.java:takeSnapshot(436)) - Current Snapshot Index (t:2, i:99)
2022-05-11 01:30:57,077 [omNode-2@group-523986131536-StateMachineUpdater] INFO  impl.StateMachineUpdater (StateMachineUpdater.java:takeSnapshot(281)) - omNode-2@group-523986131536-StateMachineUpdater: Took a snapshot at index 99
2022-05-11 01:30:57,077 [omNode-2@group-523986131536-StateMachineUpdater] INFO  impl.StateMachineUpdater (StateMachineUpdater.java:lambda$new$0(89)) - omNode-2@group-523986131536-StateMachineUpdater: snapshotIndex: updateIncreasingly 49 -> 99
2022-05-11 01:30:57,077 [omNode-2@group-523986131536-StateMachineUpdater] INFO  raftlog.RaftLog (RaftLogBase.java:purge(306)) - omNode-2@group-523986131536-SegmentedRaftLog: purge 99
2022-05-11 01:30:57,077 [omNode-2@group-523986131536-StateMachineUpdater] INFO  raftlog.RaftLog (RaftLogBase.java:lambda$new$0(53)) - omNode-2@group-523986131536-SegmentedRaftLog: snapshotIndex: updateIncreasingly 49 -> 99
2022-05-11 01:30:57,077 [omNode-2@group-523986131536-StateMachineUpdater] INFO  raftlog.RaftLog (RaftLogBase.java:lambda$new$0(53)) - omNode-2@group-523986131536-SegmentedRaftLog: purgeIndex: updateToMax old=49, new=99, updated? true
2022-05-11 01:30:57,081 [grpc-default-executor-0] WARN  server.GrpcLogAppender (LogUtils.java:warn(122)) - omNode-1@group-523986131536->omNode-3-AppendLogResponseHandler: Failed appendEntries: org.apache.ratis.thirdparty.io.grpc.StatusRuntimeException: UNAVAILABLE: io exception
2022-05-11 01:30:57,081 [grpc-default-executor-0] INFO  leader.FollowerInfo (FollowerInfoImpl.java:lambda$new$0(47)) - omNode-1@group-523986131536->omNode-3: nextIndex: updateUnconditionally 102 -> 45
2022-05-11 01:30:57,094 [grpc-default-executor-0] WARN  server.GrpcLogAppender (LogUtils.java:warn(122)) - omNode-1@group-523986131536->omNode-3-AppendLogResponseHandler: Failed appendEntries: org.apache.ratis.thirdparty.io.grpc.StatusRuntimeException: UNAVAILABLE: io exception
2022-05-11 01:30:57,095 [grpc-default-executor-0] INFO  leader.FollowerInfo (FollowerInfoImpl.java:lambda$new$0(47)) - omNode-1@group-523986131536->omNode-3: nextIndex: updateUnconditionally 102 -> 45
2022-05-11 01:30:57,118 [grpc-default-executor-3] WARN  server.GrpcLogAppender (LogUtils.java:warn(122)) - omNode-1@group-523986131536->omNode-3-AppendLogResponseHandler: Failed appendEntries: org.apache.ratis.thirdparty.io.grpc.StatusRuntimeException: UNAVAILABLE: io exception
2022-05-11 01:30:57,119 [grpc-default-executor-3] INFO  leader.FollowerInfo (FollowerInfoImpl.java:lambda$new$0(47)) - omNode-1@group-523986131536->omNode-3: nextIndex: updateUnconditionally 103 -> 45
2022-05-11 01:30:57,136 [grpc-default-executor-3] WARN  server.GrpcLogAppender (LogUtils.java:warn(122)) - omNode-1@group-523986131536->omNode-3-AppendLogResponseHandler: Failed appendEntries: org.apache.ratis.thirdparty.io.grpc.StatusRuntimeException: UNAVAILABLE: io exception
2022-05-11 01:30:57,137 [grpc-default-executor-3] INFO  leader.FollowerInfo (FollowerInfoImpl.java:lambda$new$0(47)) - omNode-1@group-523986131536->omNode-3: nextIndex: updateUnconditionally 104 -> 45
2022-05-11 01:30:57,153 [grpc-default-executor-3] WARN  server.GrpcLogAppender (LogUtils.java:warn(122)) - omNode-1@group-523986131536->omNode-3-AppendLogResponseHandler: Failed appendEntries: org.apache.ratis.thirdparty.io.grpc.StatusRuntimeException: UNAVAILABLE: io exception
2022-05-11 01:30:57,154 [grpc-default-executor-3] INFO  leader.FollowerInfo (FollowerInfoImpl.java:lambda$new$0(47)) - omNode-1@group-523986131536->omNode-3: nextIndex: updateUnconditionally 104 -> 45
2022-05-11 01:30:57,158 [grpc-default-executor-0] WARN  server.GrpcLogAppender (LogUtils.java:warn(122)) - omNode-1@group-523986131536->omNode-3-AppendLogResponseHandler: Failed appendEntries: org.apache.ratis.thirdparty.io.grpc.StatusRuntimeException: UNAVAILABLE: io exception
2022-05-11 01:30:57,159 [grpc-default-executor-0] INFO  leader.FollowerInfo (FollowerInfoImpl.java:lambda$new$0(47)) - omNode-1@group-523986131536->omNode-3: nextIndex: updateUnconditionally 106 -> 45
2022-05-11 01:30:57,168 [grpc-default-executor-0] WARN  server.GrpcLogAppender (LogUtils.java:warn(122)) - omNode-1@group-523986131536->omNode-3-AppendLogResponseHandler: Failed appendEntries: org.apache.ratis.thirdparty.io.grpc.StatusRuntimeException: UNAVAILABLE: io exception
2022-05-11 01:30:57,168 [grpc-default-executor-0] INFO  leader.FollowerInfo (FollowerInfoImpl.java:lambda$new$0(47)) - omNode-1@group-523986131536->omNode-3: nextIndex: updateUnconditionally 106 -> 45
2022-05-11 01:30:57,179 [grpc-default-executor-0] WARN  server.GrpcLogAppender (LogUtils.java:warn(122)) - omNode-1@group-523986131536->omNode-3-AppendLogResponseHandler: Failed appendEntries: org.apache.ratis.thirdparty.io.grpc.StatusRuntimeException: UNAVAILABLE: io exception
2022-05-11 01:30:57,180 [grpc-default-executor-0] INFO  leader.FollowerInfo (FollowerInfoImpl.java:lambda$new$0(47)) - omNode-1@group-523986131536->omNode-3: nextIndex: updateUnconditionally 107 -> 45
2022-05-11 01:30:57,210 [grpc-default-executor-0] WARN  server.GrpcLogAppender (LogUtils.java:warn(122)) - omNode-1@group-523986131536->omNode-3-AppendLogResponseHandler: Failed appendEntries: org.apache.ratis.thirdparty.io.grpc.StatusRuntimeException: UNAVAILABLE: io exception
2022-05-11 01:30:57,211 [grpc-default-executor-0] INFO  leader.FollowerInfo (FollowerInfoImpl.java:lambda$new$0(47)) - omNode-1@group-523986131536->omNode-3: nextIndex: updateUnconditionally 107 -> 45
2022-05-11 01:30:57,223 [grpc-default-executor-3] WARN  server.GrpcLogAppender (LogUtils.java:warn(122)) - omNode-1@group-523986131536->omNode-3-AppendLogResponseHandler: Failed appendEntries: org.apache.ratis.thirdparty.io.grpc.StatusRuntimeException: UNAVAILABLE: io exception
2022-05-11 01:30:57,224 [grpc-default-executor-3] INFO  leader.FollowerInfo (FollowerInfoImpl.java:lambda$new$0(47)) - omNode-1@group-523986131536->omNode-3: nextIndex: updateUnconditionally 108 -> 45
2022-05-11 01:30:57,240 [grpc-default-executor-3] WARN  server.GrpcLogAppender (LogUtils.java:warn(122)) - omNode-1@group-523986131536->omNode-3-AppendLogResponseHandler: Failed appendEntries: org.apache.ratis.thirdparty.io.grpc.StatusRuntimeException: UNAVAILABLE: io exception
2022-05-11 01:30:57,240 [grpc-default-executor-3] INFO  leader.FollowerInfo (FollowerInfoImpl.java:lambda$new$0(47)) - omNode-1@group-523986131536->omNode-3: nextIndex: updateUnconditionally 108 -> 45
2022-05-11 01:30:57,253 [grpc-default-executor-3] WARN  server.GrpcLogAppender (LogUtils.java:warn(122)) - omNode-1@group-523986131536->omNode-3-AppendLogResponseHandler: Failed appendEntries: org.apache.ratis.thirdparty.io.grpc.StatusRuntimeException: UNAVAILABLE: io exception
2022-05-11 01:30:57,254 [grpc-default-executor-3] INFO  leader.FollowerInfo (FollowerInfoImpl.java:lambda$new$0(47)) - omNode-1@group-523986131536->omNode-3: nextIndex: updateUnconditionally 109 -> 45
2022-05-11 01:30:57,258 [grpc-default-executor-3] WARN  server.GrpcLogAppender (LogUtils.java:warn(122)) - omNode-1@group-523986131536->omNode-3-AppendLogResponseHandler: Failed appendEntries: org.apache.ratis.thirdparty.io.grpc.StatusRuntimeException: UNAVAILABLE: io exception
2022-05-11 01:30:57,258 [grpc-default-executor-3] INFO  leader.FollowerInfo (FollowerInfoImpl.java:lambda$new$0(47)) - omNode-1@group-523986131536->omNode-3: nextIndex: updateUnconditionally 110 -> 45
2022-05-11 01:30:57,264 [grpc-default-executor-3] WARN  server.GrpcLogAppender (LogUtils.java:warn(122)) - omNode-1@group-523986131536->omNode-3-AppendLogResponseHandler: Failed appendEntries: org.apache.ratis.thirdparty.io.grpc.StatusRuntimeException: UNAVAILABLE: io exception
2022-05-11 01:30:57,265 [grpc-default-executor-3] INFO  leader.FollowerInfo (FollowerInfoImpl.java:lambda$new$0(47)) - omNode-1@group-523986131536->omNode-3: nextIndex: updateUnconditionally 110 -> 45
2022-05-11 01:30:57,275 [grpc-default-executor-0] WARN  server.GrpcLogAppender (LogUtils.java:warn(122)) - omNode-1@group-523986131536->omNode-3-AppendLogResponseHandler: Failed appendEntries: org.apache.ratis.thirdparty.io.grpc.StatusRuntimeException: UNAVAILABLE: io exception
2022-05-11 01:30:57,277 [grpc-default-executor-0] INFO  leader.FollowerInfo (FollowerInfoImpl.java:lambda$new$0(47)) - omNode-1@group-523986131536->omNode-3: nextIndex: updateUnconditionally 111 -> 45
2022-05-11 01:30:57,306 [grpc-default-executor-3] WARN  server.GrpcLogAppender (LogUtils.java:warn(122)) - omNode-1@group-523986131536->omNode-3-AppendLogResponseHandler: Failed appendEntries: org.apache.ratis.thirdparty.io.grpc.StatusRuntimeException: UNAVAILABLE: io exception
2022-05-11 01:30:57,307 [grpc-default-executor-3] INFO  leader.FollowerInfo (FollowerInfoImpl.java:lambda$new$0(47)) - omNode-1@group-523986131536->omNode-3: nextIndex: updateUnconditionally 111 -> 45
2022-05-11 01:30:57,307 [grpc-default-executor-2] WARN  server.GrpcLogAppender (LogUtils.java:warn(122)) - omNode-1@group-523986131536->omNode-3-AppendLogResponseHandler: Failed appendEntries: org.apache.ratis.thirdparty.io.grpc.StatusRuntimeException: UNAVAILABLE: io exception
2022-05-11 01:30:57,308 [grpc-default-executor-2] INFO  leader.FollowerInfo (FollowerInfoImpl.java:lambda$new$0(47)) - omNode-1@group-523986131536->omNode-3: nextIndex: updateUnconditionally 111 -> 45
2022-05-11 01:30:57,321 [grpc-default-executor-2] WARN  server.GrpcLogAppender (LogUtils.java:warn(122)) - omNode-1@group-523986131536->omNode-3-AppendLogResponseHandler: Failed appendEntries: org.apache.ratis.thirdparty.io.grpc.StatusRuntimeException: UNAVAILABLE: io exception
2022-05-11 01:30:57,321 [grpc-default-executor-2] INFO  leader.FollowerInfo (FollowerInfoImpl.java:lambda$new$0(47)) - omNode-1@group-523986131536->omNode-3: nextIndex: updateUnconditionally 112 -> 45
2022-05-11 01:30:57,330 [grpc-default-executor-2] WARN  server.GrpcLogAppender (LogUtils.java:warn(122)) - omNode-1@group-523986131536->omNode-3-AppendLogResponseHandler: Failed appendEntries: org.apache.ratis.thirdparty.io.grpc.StatusRuntimeException: UNAVAILABLE: io exception
2022-05-11 01:30:57,330 [grpc-default-executor-2] INFO  leader.FollowerInfo (FollowerInfoImpl.java:lambda$new$0(47)) - omNode-1@group-523986131536->omNode-3: nextIndex: updateUnconditionally 112 -> 45
2022-05-11 01:30:57,333 [grpc-default-executor-0] WARN  server.GrpcLogAppender (LogUtils.java:warn(122)) - omNode-1@group-523986131536->omNode-3-AppendLogResponseHandler: Failed appendEntries: org.apache.ratis.thirdparty.io.grpc.StatusRuntimeException: UNAVAILABLE: io exception
2022-05-11 01:30:57,333 [grpc-default-executor-0] INFO  leader.FollowerInfo (FollowerInfoImpl.java:lambda$new$0(47)) - omNode-1@group-523986131536->omNode-3: nextIndex: updateUnconditionally 113 -> 45
2022-05-11 01:30:57,335 [grpc-default-executor-0] WARN  server.GrpcLogAppender (LogUtils.java:warn(122)) - omNode-1@group-523986131536->omNode-3-AppendLogResponseHandler: Failed appendEntries: org.apache.ratis.thirdparty.io.grpc.StatusRuntimeException: UNAVAILABLE: io exception
2022-05-11 01:30:57,335 [grpc-default-executor-0] INFO  leader.FollowerInfo (FollowerInfoImpl.java:lambda$new$0(47)) - omNode-1@group-523986131536->omNode-3: nextIndex: updateUnconditionally 114 -> 45
2022-05-11 01:30:57,343 [grpc-default-executor-0] WARN  server.GrpcLogAppender (LogUtils.java:warn(122)) - omNode-1@group-523986131536->omNode-3-AppendLogResponseHandler: Failed appendEntries: org.apache.ratis.thirdparty.io.grpc.StatusRuntimeException: UNAVAILABLE: io exception
2022-05-11 01:30:57,343 [grpc-default-executor-0] INFO  leader.FollowerInfo (FollowerInfoImpl.java:lambda$new$0(47)) - omNode-1@group-523986131536->omNode-3: nextIndex: updateUnconditionally 114 -> 45
2022-05-11 01:30:57,352 [grpc-default-executor-2] WARN  server.GrpcLogAppender (LogUtils.java:warn(122)) - omNode-1@group-523986131536->omNode-3-AppendLogResponseHandler: Failed appendEntries: org.apache.ratis.thirdparty.io.grpc.StatusRuntimeException: UNAVAILABLE: io exception
2022-05-11 01:30:57,352 [grpc-default-executor-2] INFO  leader.FollowerInfo (FollowerInfoImpl.java:lambda$new$0(47)) - omNode-1@group-523986131536->omNode-3: nextIndex: updateUnconditionally 115 -> 45
2022-05-11 01:30:57,362 [grpc-default-executor-0] WARN  server.GrpcLogAppender (LogUtils.java:warn(122)) - omNode-1@group-523986131536->omNode-3-AppendLogResponseHandler: Failed appendEntries: org.apache.ratis.thirdparty.io.grpc.StatusRuntimeException: UNAVAILABLE: io exception
2022-05-11 01:30:57,363 [grpc-default-executor-0] INFO  leader.FollowerInfo (FollowerInfoImpl.java:lambda$new$0(47)) - omNode-1@group-523986131536->omNode-3: nextIndex: updateUnconditionally 115 -> 45
2022-05-11 01:30:57,372 [grpc-default-executor-2] WARN  server.GrpcLogAppender (LogUtils.java:warn(122)) - omNode-1@group-523986131536->omNode-3-AppendLogResponseHandler: Failed appendEntries: org.apache.ratis.thirdparty.io.grpc.StatusRuntimeException: UNAVAILABLE: io exception
2022-05-11 01:30:57,372 [grpc-default-executor-2] INFO  leader.FollowerInfo (FollowerInfoImpl.java:lambda$new$0(47)) - omNode-1@group-523986131536->omNode-3: nextIndex: updateUnconditionally 115 -> 45
2022-05-11 01:30:57,424 [grpc-default-executor-2] WARN  server.GrpcLogAppender (LogUtils.java:warn(122)) - omNode-1@group-523986131536->omNode-3-AppendLogResponseHandler: Failed appendEntries: org.apache.ratis.thirdparty.io.grpc.StatusRuntimeException: UNAVAILABLE: io exception
2022-05-11 01:30:57,425 [grpc-default-executor-2] INFO  leader.FollowerInfo (FollowerInfoImpl.java:lambda$new$0(47)) - omNode-1@group-523986131536->omNode-3: nextIndex: updateUnconditionally 116 -> 45
2022-05-11 01:30:57,439 [grpc-default-executor-2] WARN  server.GrpcLogAppender (LogUtils.java:warn(122)) - omNode-1@group-523986131536->omNode-3-AppendLogResponseHandler: Failed appendEntries: org.apache.ratis.thirdparty.io.grpc.StatusRuntimeException: UNAVAILABLE: io exception
2022-05-11 01:30:57,440 [grpc-default-executor-2] INFO  leader.FollowerInfo (FollowerInfoImpl.java:lambda$new$0(47)) - omNode-1@group-523986131536->omNode-3: nextIndex: updateUnconditionally 116 -> 45
2022-05-11 01:30:57,444 [grpc-default-executor-2] WARN  server.GrpcLogAppender (LogUtils.java:warn(122)) - omNode-1@group-523986131536->omNode-3-AppendLogResponseHandler: Failed appendEntries: org.apache.ratis.thirdparty.io.grpc.StatusRuntimeException: UNAVAILABLE: io exception
2022-05-11 01:30:57,444 [grpc-default-executor-2] INFO  leader.FollowerInfo (FollowerInfoImpl.java:lambda$new$0(47)) - omNode-1@group-523986131536->omNode-3: nextIndex: updateUnconditionally 117 -> 45
2022-05-11 01:30:57,446 [grpc-default-executor-0] WARN  server.GrpcLogAppender (LogUtils.java:warn(122)) - omNode-1@group-523986131536->omNode-3-AppendLogResponseHandler: Failed appendEntries: org.apache.ratis.thirdparty.io.grpc.StatusRuntimeException: UNAVAILABLE: io exception
2022-05-11 01:30:57,447 [grpc-default-executor-0] INFO  leader.FollowerInfo (FollowerInfoImpl.java:lambda$new$0(47)) - omNode-1@group-523986131536->omNode-3: nextIndex: updateUnconditionally 118 -> 45
2022-05-11 01:30:57,459 [grpc-default-executor-0] WARN  server.GrpcLogAppender (LogUtils.java:warn(122)) - omNode-1@group-523986131536->omNode-3-AppendLogResponseHandler: Failed appendEntries: org.apache.ratis.thirdparty.io.grpc.StatusRuntimeException: UNAVAILABLE: io exception
2022-05-11 01:30:57,459 [grpc-default-executor-0] INFO  leader.FollowerInfo (FollowerInfoImpl.java:lambda$new$0(47)) - omNode-1@group-523986131536->omNode-3: nextIndex: updateUnconditionally 118 -> 45
2022-05-11 01:30:57,462 [grpc-default-executor-0] WARN  server.GrpcLogAppender (LogUtils.java:warn(122)) - omNode-1@group-523986131536->omNode-3-AppendLogResponseHandler: Failed appendEntries: org.apache.ratis.thirdparty.io.grpc.StatusRuntimeException: UNAVAILABLE: io exception
2022-05-11 01:30:57,462 [grpc-default-executor-0] INFO  leader.FollowerInfo (FollowerInfoImpl.java:lambda$new$0(47)) - omNode-1@group-523986131536->omNode-3: nextIndex: updateUnconditionally 119 -> 45
2022-05-11 01:30:57,490 [grpc-default-executor-0] WARN  server.GrpcLogAppender (LogUtils.java:warn(122)) - omNode-1@group-523986131536->omNode-3-AppendLogResponseHandler: Failed appendEntries: org.apache.ratis.thirdparty.io.grpc.StatusRuntimeException: UNAVAILABLE: io exception
2022-05-11 01:30:57,491 [grpc-default-executor-0] INFO  leader.FollowerInfo (FollowerInfoImpl.java:lambda$new$0(47)) - omNode-1@group-523986131536->omNode-3: nextIndex: updateUnconditionally 119 -> 45
2022-05-11 01:30:57,492 [grpc-default-executor-0] WARN  server.GrpcLogAppender (LogUtils.java:warn(122)) - omNode-1@group-523986131536->omNode-3-AppendLogResponseHandler: Failed appendEntries: org.apache.ratis.thirdparty.io.grpc.StatusRuntimeException: UNAVAILABLE: io exception
2022-05-11 01:30:57,493 [grpc-default-executor-0] INFO  leader.FollowerInfo (FollowerInfoImpl.java:lambda$new$0(47)) - omNode-1@group-523986131536->omNode-3: nextIndex: updateUnconditionally 119 -> 45
2022-05-11 01:30:57,502 [grpc-default-executor-2] WARN  server.GrpcLogAppender (LogUtils.java:warn(122)) - omNode-1@group-523986131536->omNode-3-AppendLogResponseHandler: Failed appendEntries: org.apache.ratis.thirdparty.io.grpc.StatusRuntimeException: UNAVAILABLE: io exception
2022-05-11 01:30:57,503 [grpc-default-executor-2] INFO  leader.FollowerInfo (FollowerInfoImpl.java:lambda$new$0(47)) - omNode-1@group-523986131536->omNode-3: nextIndex: updateUnconditionally 120 -> 45
2022-05-11 01:30:57,515 [grpc-default-executor-2] WARN  server.GrpcLogAppender (LogUtils.java:warn(122)) - omNode-1@group-523986131536->omNode-3-AppendLogResponseHandler: Failed appendEntries: org.apache.ratis.thirdparty.io.grpc.StatusRuntimeException: UNAVAILABLE: io exception
2022-05-11 01:30:57,515 [grpc-default-executor-2] INFO  leader.FollowerInfo (FollowerInfoImpl.java:lambda$new$0(47)) - omNode-1@group-523986131536->omNode-3: nextIndex: updateUnconditionally 120 -> 45
2022-05-11 01:30:57,524 [grpc-default-executor-0] WARN  server.GrpcLogAppender (LogUtils.java:warn(122)) - omNode-1@group-523986131536->omNode-3-AppendLogResponseHandler: Failed appendEntries: org.apache.ratis.thirdparty.io.grpc.StatusRuntimeException: UNAVAILABLE: io exception
2022-05-11 01:30:57,524 [grpc-default-executor-0] INFO  leader.FollowerInfo (FollowerInfoImpl.java:lambda$new$0(47)) - omNode-1@group-523986131536->omNode-3: nextIndex: updateUnconditionally 121 -> 45
2022-05-11 01:30:57,529 [grpc-default-executor-0] WARN  server.GrpcLogAppender (LogUtils.java:warn(122)) - omNode-1@group-523986131536->omNode-3-AppendLogResponseHandler: Failed appendEntries: org.apache.ratis.thirdparty.io.grpc.StatusRuntimeException: UNAVAILABLE: io exception
2022-05-11 01:30:57,529 [grpc-default-executor-0] INFO  leader.FollowerInfo (FollowerInfoImpl.java:lambda$new$0(47)) - omNode-1@group-523986131536->omNode-3: nextIndex: updateUnconditionally 122 -> 45
2022-05-11 01:30:57,532 [grpc-default-executor-0] WARN  server.GrpcLogAppender (LogUtils.java:warn(122)) - omNode-1@group-523986131536->omNode-3-AppendLogResponseHandler: Failed appendEntries: org.apache.ratis.thirdparty.io.grpc.StatusRuntimeException: UNAVAILABLE: io exception
2022-05-11 01:30:57,532 [grpc-default-executor-0] INFO  leader.FollowerInfo (FollowerInfoImpl.java:lambda$new$0(47)) - omNode-1@group-523986131536->omNode-3: nextIndex: updateUnconditionally 122 -> 45
2022-05-11 01:30:57,538 [grpc-default-executor-0] WARN  server.GrpcLogAppender (LogUtils.java:warn(122)) - omNode-1@group-523986131536->omNode-3-AppendLogResponseHandler: Failed appendEntries: org.apache.ratis.thirdparty.io.grpc.StatusRuntimeException: UNAVAILABLE: io exception
2022-05-11 01:30:57,538 [grpc-default-executor-0] INFO  leader.FollowerInfo (FollowerInfoImpl.java:lambda$new$0(47)) - omNode-1@group-523986131536->omNode-3: nextIndex: updateUnconditionally 123 -> 45
2022-05-11 01:30:57,572 [grpc-default-executor-0] WARN  server.GrpcLogAppender (LogUtils.java:warn(122)) - omNode-1@group-523986131536->omNode-3-AppendLogResponseHandler: Failed appendEntries: org.apache.ratis.thirdparty.io.grpc.StatusRuntimeException: UNAVAILABLE: io exception
2022-05-11 01:30:57,572 [grpc-default-executor-0] INFO  leader.FollowerInfo (FollowerInfoImpl.java:lambda$new$0(47)) - omNode-1@group-523986131536->omNode-3: nextIndex: updateUnconditionally 124 -> 45
2022-05-11 01:30:57,576 [grpc-default-executor-0] WARN  server.GrpcLogAppender (LogUtils.java:warn(122)) - omNode-1@group-523986131536->omNode-3-AppendLogResponseHandler: Failed appendEntries: org.apache.ratis.thirdparty.io.grpc.StatusRuntimeException: UNAVAILABLE: io exception
2022-05-11 01:30:57,577 [grpc-default-executor-0] INFO  leader.FollowerInfo (FollowerInfoImpl.java:lambda$new$0(47)) - omNode-1@group-523986131536->omNode-3: nextIndex: updateUnconditionally 124 -> 45
2022-05-11 01:30:57,584 [grpc-default-executor-0] WARN  server.GrpcLogAppender (LogUtils.java:warn(122)) - omNode-1@group-523986131536->omNode-3-AppendLogResponseHandler: Failed appendEntries: org.apache.ratis.thirdparty.io.grpc.StatusRuntimeException: UNAVAILABLE: io exception
2022-05-11 01:30:57,584 [grpc-default-executor-0] INFO  leader.FollowerInfo (FollowerInfoImpl.java:lambda$new$0(47)) - omNode-1@group-523986131536->omNode-3: nextIndex: updateUnconditionally 125 -> 45
2022-05-11 01:30:57,594 [grpc-default-executor-0] WARN  server.GrpcLogAppender (LogUtils.java:warn(122)) - omNode-1@group-523986131536->omNode-3-AppendLogResponseHandler: Failed appendEntries: org.apache.ratis.thirdparty.io.grpc.StatusRuntimeException: UNAVAILABLE: io exception
2022-05-11 01:30:57,594 [grpc-default-executor-0] INFO  leader.FollowerInfo (FollowerInfoImpl.java:lambda$new$0(47)) - omNode-1@group-523986131536->omNode-3: nextIndex: updateUnconditionally 126 -> 45
2022-05-11 01:30:57,610 [grpc-default-executor-0] WARN  server.GrpcLogAppender (LogUtils.java:warn(122)) - omNode-1@group-523986131536->omNode-3-AppendLogResponseHandler: Failed appendEntries: org.apache.ratis.thirdparty.io.grpc.StatusRuntimeException: UNAVAILABLE: io exception
2022-05-11 01:30:57,610 [grpc-default-executor-0] INFO  leader.FollowerInfo (FollowerInfoImpl.java:lambda$new$0(47)) - omNode-1@group-523986131536->omNode-3: nextIndex: updateUnconditionally 126 -> 45
2022-05-11 01:30:57,647 [grpc-default-executor-2] WARN  server.GrpcLogAppender (LogUtils.java:warn(122)) - omNode-1@group-523986131536->omNode-3-AppendLogResponseHandler: Failed appendEntries: org.apache.ratis.thirdparty.io.grpc.StatusRuntimeException: UNAVAILABLE: io exception
2022-05-11 01:30:57,648 [grpc-default-executor-2] INFO  leader.FollowerInfo (FollowerInfoImpl.java:lambda$new$0(47)) - omNode-1@group-523986131536->omNode-3: nextIndex: updateUnconditionally 127 -> 45
2022-05-11 01:30:57,670 [grpc-default-executor-0] WARN  server.GrpcLogAppender (LogUtils.java:warn(122)) - omNode-1@group-523986131536->omNode-3-AppendLogResponseHandler: Failed appendEntries: org.apache.ratis.thirdparty.io.grpc.StatusRuntimeException: UNAVAILABLE: io exception
2022-05-11 01:30:57,671 [grpc-default-executor-0] INFO  leader.FollowerInfo (FollowerInfoImpl.java:lambda$new$0(47)) - omNode-1@group-523986131536->omNode-3: nextIndex: updateUnconditionally 128 -> 45
2022-05-11 01:30:57,680 [grpc-default-executor-0] WARN  server.GrpcLogAppender (LogUtils.java:warn(122)) - omNode-1@group-523986131536->omNode-3-AppendLogResponseHandler: Failed appendEntries: org.apache.ratis.thirdparty.io.grpc.StatusRuntimeException: UNAVAILABLE: io exception
2022-05-11 01:30:57,681 [grpc-default-executor-0] INFO  leader.FollowerInfo (FollowerInfoImpl.java:lambda$new$0(47)) - omNode-1@group-523986131536->omNode-3: nextIndex: updateUnconditionally 128 -> 45
2022-05-11 01:30:57,685 [grpc-default-executor-0] WARN  server.GrpcLogAppender (LogUtils.java:warn(122)) - omNode-1@group-523986131536->omNode-3-AppendLogResponseHandler: Failed appendEntries: org.apache.ratis.thirdparty.io.grpc.StatusRuntimeException: UNAVAILABLE: io exception
2022-05-11 01:30:57,685 [grpc-default-executor-0] INFO  leader.FollowerInfo (FollowerInfoImpl.java:lambda$new$0(47)) - omNode-1@group-523986131536->omNode-3: nextIndex: updateUnconditionally 130 -> 45
2022-05-11 01:30:57,693 [grpc-default-executor-0] WARN  server.GrpcLogAppender (LogUtils.java:warn(122)) - omNode-1@group-523986131536->omNode-3-AppendLogResponseHandler: Failed appendEntries: org.apache.ratis.thirdparty.io.grpc.StatusRuntimeException: UNAVAILABLE: io exception
2022-05-11 01:30:57,694 [grpc-default-executor-0] INFO  leader.FollowerInfo (FollowerInfoImpl.java:lambda$new$0(47)) - omNode-1@group-523986131536->omNode-3: nextIndex: updateUnconditionally 130 -> 45
2022-05-11 01:30:57,707 [grpc-default-executor-0] WARN  server.GrpcLogAppender (LogUtils.java:warn(122)) - omNode-1@group-523986131536->omNode-3-AppendLogResponseHandler: Failed appendEntries: org.apache.ratis.thirdparty.io.grpc.StatusRuntimeException: UNAVAILABLE: io exception
2022-05-11 01:30:57,708 [grpc-default-executor-0] INFO  leader.FollowerInfo (FollowerInfoImpl.java:lambda$new$0(47)) - omNode-1@group-523986131536->omNode-3: nextIndex: updateUnconditionally 131 -> 45
2022-05-11 01:30:57,720 [grpc-default-executor-2] WARN  server.GrpcLogAppender (LogUtils.java:warn(122)) - omNode-1@group-523986131536->omNode-3-AppendLogResponseHandler: Failed appendEntries: org.apache.ratis.thirdparty.io.grpc.StatusRuntimeException: UNAVAILABLE: io exception
2022-05-11 01:30:57,720 [grpc-default-executor-2] INFO  leader.FollowerInfo (FollowerInfoImpl.java:lambda$new$0(47)) - omNode-1@group-523986131536->omNode-3: nextIndex: updateUnconditionally 131 -> 45
2022-05-11 01:30:57,722 [grpc-default-executor-0] WARN  server.GrpcLogAppender (LogUtils.java:warn(122)) - omNode-1@group-523986131536->omNode-3-AppendLogResponseHandler: Failed appendEntries: org.apache.ratis.thirdparty.io.grpc.StatusRuntimeException: UNAVAILABLE: io exception
2022-05-11 01:30:57,723 [grpc-default-executor-0] INFO  leader.FollowerInfo (FollowerInfoImpl.java:lambda$new$0(47)) - omNode-1@group-523986131536->omNode-3: nextIndex: updateUnconditionally 131 -> 45
2022-05-11 01:30:57,763 [grpc-default-executor-2] WARN  server.GrpcLogAppender (LogUtils.java:warn(122)) - omNode-1@group-523986131536->omNode-3-AppendLogResponseHandler: Failed appendEntries: org.apache.ratis.thirdparty.io.grpc.StatusRuntimeException: UNAVAILABLE: io exception
2022-05-11 01:30:57,763 [grpc-default-executor-2] INFO  leader.FollowerInfo (FollowerInfoImpl.java:lambda$new$0(47)) - omNode-1@group-523986131536->omNode-3: nextIndex: updateUnconditionally 132 -> 45
2022-05-11 01:30:57,770 [grpc-default-executor-2] WARN  server.GrpcLogAppender (LogUtils.java:warn(122)) - omNode-1@group-523986131536->omNode-3-AppendLogResponseHandler: Failed appendEntries: org.apache.ratis.thirdparty.io.grpc.StatusRuntimeException: UNAVAILABLE: io exception
2022-05-11 01:30:57,770 [grpc-default-executor-2] INFO  leader.FollowerInfo (FollowerInfoImpl.java:lambda$new$0(47)) - omNode-1@group-523986131536->omNode-3: nextIndex: updateUnconditionally 132 -> 45
2022-05-11 01:30:57,774 [grpc-default-executor-0] WARN  server.GrpcLogAppender (LogUtils.java:warn(122)) - omNode-1@group-523986131536->omNode-3-AppendLogResponseHandler: Failed appendEntries: org.apache.ratis.thirdparty.io.grpc.StatusRuntimeException: UNAVAILABLE: io exception
2022-05-11 01:30:57,774 [grpc-default-executor-0] INFO  leader.FollowerInfo (FollowerInfoImpl.java:lambda$new$0(47)) - omNode-1@group-523986131536->omNode-3: nextIndex: updateUnconditionally 134 -> 45
2022-05-11 01:30:57,785 [grpc-default-executor-0] WARN  server.GrpcLogAppender (LogUtils.java:warn(122)) - omNode-1@group-523986131536->omNode-3-AppendLogResponseHandler: Failed appendEntries: org.apache.ratis.thirdparty.io.grpc.StatusRuntimeException: UNAVAILABLE: io exception
2022-05-11 01:30:57,786 [grpc-default-executor-0] INFO  leader.FollowerInfo (FollowerInfoImpl.java:lambda$new$0(47)) - omNode-1@group-523986131536->omNode-3: nextIndex: updateUnconditionally 134 -> 45
2022-05-11 01:30:57,787 [grpc-default-executor-0] WARN  server.GrpcLogAppender (LogUtils.java:warn(122)) - omNode-1@group-523986131536->omNode-3-AppendLogResponseHandler: Failed appendEntries: org.apache.ratis.thirdparty.io.grpc.StatusRuntimeException: UNAVAILABLE: io exception
2022-05-11 01:30:57,787 [grpc-default-executor-0] INFO  leader.FollowerInfo (FollowerInfoImpl.java:lambda$new$0(47)) - omNode-1@group-523986131536->omNode-3: nextIndex: updateUnconditionally 134 -> 45
2022-05-11 01:30:57,805 [grpc-default-executor-0] WARN  server.GrpcLogAppender (LogUtils.java:warn(122)) - omNode-1@group-523986131536->omNode-3-AppendLogResponseHandler: Failed appendEntries: org.apache.ratis.thirdparty.io.grpc.StatusRuntimeException: UNAVAILABLE: io exception
2022-05-11 01:30:57,805 [grpc-default-executor-0] INFO  leader.FollowerInfo (FollowerInfoImpl.java:lambda$new$0(47)) - omNode-1@group-523986131536->omNode-3: nextIndex: updateUnconditionally 135 -> 45
2022-05-11 01:30:57,815 [grpc-default-executor-2] WARN  server.GrpcLogAppender (LogUtils.java:warn(122)) - omNode-1@group-523986131536->omNode-3-AppendLogResponseHandler: Failed appendEntries: org.apache.ratis.thirdparty.io.grpc.StatusRuntimeException: UNAVAILABLE: io exception
2022-05-11 01:30:57,817 [grpc-default-executor-2] INFO  leader.FollowerInfo (FollowerInfoImpl.java:lambda$new$0(47)) - omNode-1@group-523986131536->omNode-3: nextIndex: updateUnconditionally 135 -> 45
2022-05-11 01:30:57,817 [grpc-default-executor-2] WARN  server.GrpcLogAppender (LogUtils.java:warn(122)) - omNode-1@group-523986131536->omNode-3-AppendLogResponseHandler: Failed appendEntries: org.apache.ratis.thirdparty.io.grpc.StatusRuntimeException: UNAVAILABLE: io exception
2022-05-11 01:30:57,818 [grpc-default-executor-2] INFO  leader.FollowerInfo (FollowerInfoImpl.java:lambda$new$0(47)) - omNode-1@group-523986131536->omNode-3: nextIndex: updateUnconditionally 135 -> 45
2022-05-11 01:30:57,833 [grpc-default-executor-0] WARN  server.GrpcLogAppender (LogUtils.java:warn(122)) - omNode-1@group-523986131536->omNode-3-AppendLogResponseHandler: Failed appendEntries: org.apache.ratis.thirdparty.io.grpc.StatusRuntimeException: UNAVAILABLE: io exception
2022-05-11 01:30:57,833 [grpc-default-executor-0] INFO  leader.FollowerInfo (FollowerInfoImpl.java:lambda$new$0(47)) - omNode-1@group-523986131536->omNode-3: nextIndex: updateUnconditionally 136 -> 45
2022-05-11 01:30:57,848 [grpc-default-executor-2] WARN  server.GrpcLogAppender (LogUtils.java:warn(122)) - omNode-1@group-523986131536->omNode-3-AppendLogResponseHandler: Failed appendEntries: org.apache.ratis.thirdparty.io.grpc.StatusRuntimeException: UNAVAILABLE: io exception
2022-05-11 01:30:57,848 [grpc-default-executor-2] INFO  leader.FollowerInfo (FollowerInfoImpl.java:lambda$new$0(47)) - omNode-1@group-523986131536->omNode-3: nextIndex: updateUnconditionally 136 -> 45
2022-05-11 01:30:57,850 [grpc-default-executor-2] WARN  server.GrpcLogAppender (LogUtils.java:warn(122)) - omNode-1@group-523986131536->omNode-3-AppendLogResponseHandler: Failed appendEntries: org.apache.ratis.thirdparty.io.grpc.StatusRuntimeException: UNAVAILABLE: io exception
2022-05-11 01:30:57,850 [grpc-default-executor-2] INFO  leader.FollowerInfo (FollowerInfoImpl.java:lambda$new$0(47)) - omNode-1@group-523986131536->omNode-3: nextIndex: updateUnconditionally 137 -> 45
2022-05-11 01:30:57,857 [grpc-default-executor-0] WARN  server.GrpcLogAppender (LogUtils.java:warn(122)) - omNode-1@group-523986131536->omNode-3-AppendLogResponseHandler: Failed appendEntries: org.apache.ratis.thirdparty.io.grpc.StatusRuntimeException: UNAVAILABLE: io exception
2022-05-11 01:30:57,857 [grpc-default-executor-0] INFO  leader.FollowerInfo (FollowerInfoImpl.java:lambda$new$0(47)) - omNode-1@group-523986131536->omNode-3: nextIndex: updateUnconditionally 138 -> 45
2022-05-11 01:30:57,868 [grpc-default-executor-0] WARN  server.GrpcLogAppender (LogUtils.java:warn(122)) - omNode-1@group-523986131536->omNode-3-AppendLogResponseHandler: Failed appendEntries: org.apache.ratis.thirdparty.io.grpc.StatusRuntimeException: UNAVAILABLE: io exception
2022-05-11 01:30:57,868 [grpc-default-executor-0] INFO  leader.FollowerInfo (FollowerInfoImpl.java:lambda$new$0(47)) - omNode-1@group-523986131536->omNode-3: nextIndex: updateUnconditionally 138 -> 45
2022-05-11 01:30:57,880 [grpc-default-executor-0] WARN  server.GrpcLogAppender (LogUtils.java:warn(122)) - omNode-1@group-523986131536->omNode-3-AppendLogResponseHandler: Failed appendEntries: org.apache.ratis.thirdparty.io.grpc.StatusRuntimeException: UNAVAILABLE: io exception
2022-05-11 01:30:57,881 [grpc-default-executor-0] INFO  leader.FollowerInfo (FollowerInfoImpl.java:lambda$new$0(47)) - omNode-1@group-523986131536->omNode-3: nextIndex: updateUnconditionally 139 -> 45
2022-05-11 01:30:57,905 [grpc-default-executor-0] WARN  server.GrpcLogAppender (LogUtils.java:warn(122)) - omNode-1@group-523986131536->omNode-3-AppendLogResponseHandler: Failed appendEntries: org.apache.ratis.thirdparty.io.grpc.StatusRuntimeException: UNAVAILABLE: io exception
2022-05-11 01:30:57,906 [grpc-default-executor-0] INFO  leader.FollowerInfo (FollowerInfoImpl.java:lambda$new$0(47)) - omNode-1@group-523986131536->omNode-3: nextIndex: updateUnconditionally 139 -> 45
2022-05-11 01:30:57,917 [grpc-default-executor-0] WARN  server.GrpcLogAppender (LogUtils.java:warn(122)) - omNode-1@group-523986131536->omNode-3-AppendLogResponseHandler: Failed appendEntries: org.apache.ratis.thirdparty.io.grpc.StatusRuntimeException: UNAVAILABLE: io exception
2022-05-11 01:30:57,917 [grpc-default-executor-0] INFO  leader.FollowerInfo (FollowerInfoImpl.java:lambda$new$0(47)) - omNode-1@group-523986131536->omNode-3: nextIndex: updateUnconditionally 140 -> 45
2022-05-11 01:30:57,924 [EndpointStateMachine task thread for /0.0.0.0:46775 - 0 ] INFO  ipc.Client (Client.java:handleConnectionFailure(977)) - Retrying connect to server: 0.0.0.0/0.0.0.0:46775. Already tried 1 time(s); retry policy is RetryUpToMaximumCountWithFixedSleep(maxRetries=15, sleepTime=1000 MILLISECONDS)
2022-05-11 01:30:57,927 [grpc-default-executor-0] WARN  server.GrpcLogAppender (LogUtils.java:warn(122)) - omNode-1@group-523986131536->omNode-3-AppendLogResponseHandler: Failed appendEntries: org.apache.ratis.thirdparty.io.grpc.StatusRuntimeException: UNAVAILABLE: io exception
2022-05-11 01:30:57,928 [grpc-default-executor-0] INFO  leader.FollowerInfo (FollowerInfoImpl.java:lambda$new$0(47)) - omNode-1@group-523986131536->omNode-3: nextIndex: updateUnconditionally 140 -> 45
2022-05-11 01:30:57,934 [grpc-default-executor-0] WARN  server.GrpcLogAppender (LogUtils.java:warn(122)) - omNode-1@group-523986131536->omNode-3-AppendLogResponseHandler: Failed appendEntries: org.apache.ratis.thirdparty.io.grpc.StatusRuntimeException: UNAVAILABLE: io exception
2022-05-11 01:30:57,934 [grpc-default-executor-0] INFO  leader.FollowerInfo (FollowerInfoImpl.java:lambda$new$0(47)) - omNode-1@group-523986131536->omNode-3: nextIndex: updateUnconditionally 142 -> 45
2022-05-11 01:30:57,940 [grpc-default-executor-0] WARN  server.GrpcLogAppender (LogUtils.java:warn(122)) - omNode-1@group-523986131536->omNode-3-AppendLogResponseHandler: Failed appendEntries: org.apache.ratis.thirdparty.io.grpc.StatusRuntimeException: UNAVAILABLE: io exception
2022-05-11 01:30:57,940 [grpc-default-executor-0] INFO  leader.FollowerInfo (FollowerInfoImpl.java:lambda$new$0(47)) - omNode-1@group-523986131536->omNode-3: nextIndex: updateUnconditionally 142 -> 45
2022-05-11 01:30:57,941 [grpc-default-executor-0] WARN  server.GrpcLogAppender (LogUtils.java:warn(122)) - omNode-1@group-523986131536->omNode-3-AppendLogResponseHandler: Failed appendEntries: org.apache.ratis.thirdparty.io.grpc.StatusRuntimeException: UNAVAILABLE: io exception
2022-05-11 01:30:57,942 [grpc-default-executor-0] INFO  leader.FollowerInfo (FollowerInfoImpl.java:lambda$new$0(47)) - omNode-1@group-523986131536->omNode-3: nextIndex: updateUnconditionally 142 -> 45
2022-05-11 01:30:57,951 [grpc-default-executor-0] WARN  server.GrpcLogAppender (LogUtils.java:warn(122)) - omNode-1@group-523986131536->omNode-3-AppendLogResponseHandler: Failed appendEntries: org.apache.ratis.thirdparty.io.grpc.StatusRuntimeException: UNAVAILABLE: io exception
2022-05-11 01:30:57,951 [grpc-default-executor-0] INFO  leader.FollowerInfo (FollowerInfoImpl.java:lambda$new$0(47)) - omNode-1@group-523986131536->omNode-3: nextIndex: updateUnconditionally 143 -> 45
2022-05-11 01:30:57,976 [grpc-default-executor-0] WARN  server.GrpcLogAppender (LogUtils.java:warn(122)) - omNode-1@group-523986131536->omNode-3-AppendLogResponseHandler: Failed appendEntries: org.apache.ratis.thirdparty.io.grpc.StatusRuntimeException: UNAVAILABLE: io exception
2022-05-11 01:30:57,976 [grpc-default-executor-0] INFO  leader.FollowerInfo (FollowerInfoImpl.java:lambda$new$0(47)) - omNode-1@group-523986131536->omNode-3: nextIndex: updateUnconditionally 143 -> 45
2022-05-11 01:30:57,978 [grpc-default-executor-0] WARN  server.GrpcLogAppender (LogUtils.java:warn(122)) - omNode-1@group-523986131536->omNode-3-AppendLogResponseHandler: Failed appendEntries: org.apache.ratis.thirdparty.io.grpc.StatusRuntimeException: UNAVAILABLE: io exception
2022-05-11 01:30:57,979 [grpc-default-executor-0] INFO  leader.FollowerInfo (FollowerInfoImpl.java:lambda$new$0(47)) - omNode-1@group-523986131536->omNode-3: nextIndex: updateUnconditionally 143 -> 45
2022-05-11 01:30:57,987 [grpc-default-executor-0] WARN  server.GrpcLogAppender (LogUtils.java:warn(122)) - omNode-1@group-523986131536->omNode-3-AppendLogResponseHandler: Failed appendEntries: org.apache.ratis.thirdparty.io.grpc.StatusRuntimeException: UNAVAILABLE: io exception
2022-05-11 01:30:57,988 [grpc-default-executor-0] INFO  leader.FollowerInfo (FollowerInfoImpl.java:lambda$new$0(47)) - omNode-1@group-523986131536->omNode-3: nextIndex: updateUnconditionally 144 -> 45
2022-05-11 01:30:57,995 [grpc-default-executor-0] WARN  server.GrpcLogAppender (LogUtils.java:warn(122)) - omNode-1@group-523986131536->omNode-3-AppendLogResponseHandler: Failed appendEntries: org.apache.ratis.thirdparty.io.grpc.StatusRuntimeException: UNAVAILABLE: io exception
2022-05-11 01:30:57,996 [grpc-default-executor-0] INFO  leader.FollowerInfo (FollowerInfoImpl.java:lambda$new$0(47)) - omNode-1@group-523986131536->omNode-3: nextIndex: updateUnconditionally 144 -> 45
2022-05-11 01:30:58,001 [grpc-default-executor-2] WARN  server.GrpcLogAppender (LogUtils.java:warn(122)) - omNode-1@group-523986131536->omNode-3-AppendLogResponseHandler: Failed appendEntries: org.apache.ratis.thirdparty.io.grpc.StatusRuntimeException: UNAVAILABLE: io exception
2022-05-11 01:30:58,002 [grpc-default-executor-2] INFO  leader.FollowerInfo (FollowerInfoImpl.java:lambda$new$0(47)) - omNode-1@group-523986131536->omNode-3: nextIndex: updateUnconditionally 146 -> 45
2022-05-11 01:30:58,014 [grpc-default-executor-2] WARN  server.GrpcLogAppender (LogUtils.java:warn(122)) - omNode-1@group-523986131536->omNode-3-AppendLogResponseHandler: Failed appendEntries: org.apache.ratis.thirdparty.io.grpc.StatusRuntimeException: UNAVAILABLE: io exception
2022-05-11 01:30:58,015 [grpc-default-executor-2] INFO  leader.FollowerInfo (FollowerInfoImpl.java:lambda$new$0(47)) - omNode-1@group-523986131536->omNode-3: nextIndex: updateUnconditionally 146 -> 45
2022-05-11 01:30:58,018 [grpc-default-executor-2] WARN  server.GrpcLogAppender (LogUtils.java:warn(122)) - omNode-1@group-523986131536->omNode-3-AppendLogResponseHandler: Failed appendEntries: org.apache.ratis.thirdparty.io.grpc.StatusRuntimeException: UNAVAILABLE: io exception
2022-05-11 01:30:58,018 [grpc-default-executor-2] INFO  leader.FollowerInfo (FollowerInfoImpl.java:lambda$new$0(47)) - omNode-1@group-523986131536->omNode-3: nextIndex: updateUnconditionally 147 -> 45
2022-05-11 01:30:58,036 [grpc-default-executor-2] WARN  server.GrpcLogAppender (LogUtils.java:warn(122)) - omNode-1@group-523986131536->omNode-3-AppendLogResponseHandler: Failed appendEntries: org.apache.ratis.thirdparty.io.grpc.StatusRuntimeException: UNAVAILABLE: io exception
2022-05-11 01:30:58,036 [grpc-default-executor-2] INFO  leader.FollowerInfo (FollowerInfoImpl.java:lambda$new$0(47)) - omNode-1@group-523986131536->omNode-3: nextIndex: updateUnconditionally 147 -> 45
2022-05-11 01:30:58,059 [grpc-default-executor-2] WARN  server.GrpcLogAppender (LogUtils.java:warn(122)) - omNode-1@group-523986131536->omNode-3-AppendLogResponseHandler: Failed appendEntries: org.apache.ratis.thirdparty.io.grpc.StatusRuntimeException: UNAVAILABLE: io exception
2022-05-11 01:30:58,060 [grpc-default-executor-2] INFO  leader.FollowerInfo (FollowerInfoImpl.java:lambda$new$0(47)) - omNode-1@group-523986131536->omNode-3: nextIndex: updateUnconditionally 148 -> 45
2022-05-11 01:30:58,070 [grpc-default-executor-0] WARN  server.GrpcLogAppender (LogUtils.java:warn(122)) - omNode-1@group-523986131536->omNode-3-AppendLogResponseHandler: Failed appendEntries: org.apache.ratis.thirdparty.io.grpc.StatusRuntimeException: UNAVAILABLE: io exception
2022-05-11 01:30:58,071 [grpc-default-executor-0] INFO  leader.FollowerInfo (FollowerInfoImpl.java:lambda$new$0(47)) - omNode-1@group-523986131536->omNode-3: nextIndex: updateUnconditionally 148 -> 45
2022-05-11 01:30:58,074 [grpc-default-executor-0] WARN  server.GrpcLogAppender (LogUtils.java:warn(122)) - omNode-1@group-523986131536->omNode-3-AppendLogResponseHandler: Failed appendEntries: org.apache.ratis.thirdparty.io.grpc.StatusRuntimeException: UNAVAILABLE: io exception
2022-05-11 01:30:58,075 [grpc-default-executor-0] INFO  leader.FollowerInfo (FollowerInfoImpl.java:lambda$new$0(47)) - omNode-1@group-523986131536->omNode-3: nextIndex: updateUnconditionally 150 -> 45
2022-05-11 01:30:58,086 [grpc-default-executor-0] WARN  server.GrpcLogAppender (LogUtils.java:warn(122)) - omNode-1@group-523986131536->omNode-3-AppendLogResponseHandler: Failed appendEntries: org.apache.ratis.thirdparty.io.grpc.StatusRuntimeException: UNAVAILABLE: io exception
2022-05-11 01:30:58,086 [grpc-default-executor-0] INFO  leader.FollowerInfo (FollowerInfoImpl.java:lambda$new$0(47)) - omNode-1@group-523986131536->omNode-3: nextIndex: updateUnconditionally 150 -> 45
2022-05-11 01:30:58,093 [omNode-1@group-523986131536-StateMachineUpdater] INFO  ratis.OzoneManagerStateMachine (OzoneManagerStateMachine.java:takeSnapshot(436)) - Current Snapshot Index (t:2, i:149)
2022-05-11 01:30:58,093 [grpc-default-executor-0] WARN  server.GrpcLogAppender (LogUtils.java:warn(122)) - omNode-1@group-523986131536->omNode-3-AppendLogResponseHandler: Failed appendEntries: org.apache.ratis.thirdparty.io.grpc.StatusRuntimeException: UNAVAILABLE: io exception
2022-05-11 01:30:58,093 [omNode-1@group-523986131536-StateMachineUpdater] INFO  impl.StateMachineUpdater (StateMachineUpdater.java:takeSnapshot(281)) - omNode-1@group-523986131536-StateMachineUpdater: Took a snapshot at index 149
2022-05-11 01:30:58,093 [omNode-1@group-523986131536-StateMachineUpdater] INFO  impl.StateMachineUpdater (StateMachineUpdater.java:lambda$new$0(89)) - omNode-1@group-523986131536-StateMachineUpdater: snapshotIndex: updateIncreasingly 99 -> 149
2022-05-11 01:30:58,093 [omNode-1@group-523986131536-StateMachineUpdater] INFO  raftlog.RaftLog (RaftLogBase.java:purge(306)) - omNode-1@group-523986131536-SegmentedRaftLog: purge 149
2022-05-11 01:30:58,093 [omNode-1@group-523986131536-StateMachineUpdater] INFO  raftlog.RaftLog (RaftLogBase.java:lambda$new$0(53)) - omNode-1@group-523986131536-SegmentedRaftLog: snapshotIndex: updateIncreasingly 99 -> 149
2022-05-11 01:30:58,093 [omNode-1@group-523986131536-StateMachineUpdater] INFO  raftlog.RaftLog (RaftLogBase.java:lambda$new$0(53)) - omNode-1@group-523986131536-SegmentedRaftLog: purgeIndex: updateToMax old=99, new=149, updated? true
2022-05-11 01:30:58,093 [grpc-default-executor-0] INFO  leader.FollowerInfo (FollowerInfoImpl.java:lambda$new$0(47)) - omNode-1@group-523986131536->omNode-3: nextIndex: updateUnconditionally 151 -> 45
2022-05-11 01:30:58,106 [omNode-2@group-523986131536-StateMachineUpdater] INFO  ratis.OzoneManagerStateMachine (OzoneManagerStateMachine.java:takeSnapshot(436)) - Current Snapshot Index (t:2, i:148)
2022-05-11 01:30:58,107 [omNode-2@group-523986131536-StateMachineUpdater] INFO  impl.StateMachineUpdater (StateMachineUpdater.java:takeSnapshot(281)) - omNode-2@group-523986131536-StateMachineUpdater: Took a snapshot at index 148
2022-05-11 01:30:58,107 [omNode-2@group-523986131536-StateMachineUpdater] INFO  impl.StateMachineUpdater (StateMachineUpdater.java:lambda$new$0(89)) - omNode-2@group-523986131536-StateMachineUpdater: snapshotIndex: updateIncreasingly 99 -> 148
2022-05-11 01:30:58,108 [grpc-default-executor-0] WARN  server.GrpcLogAppender (LogUtils.java:warn(122)) - omNode-1@group-523986131536->omNode-3-AppendLogResponseHandler: Failed appendEntries: org.apache.ratis.thirdparty.io.grpc.StatusRuntimeException: UNAVAILABLE: io exception
2022-05-11 01:30:58,108 [grpc-default-executor-0] INFO  leader.FollowerInfo (FollowerInfoImpl.java:lambda$new$0(47)) - omNode-1@group-523986131536->omNode-3: nextIndex: updateUnconditionally 151 -> 45
2022-05-11 01:30:58,117 [grpc-default-executor-2] WARN  server.GrpcLogAppender (LogUtils.java:warn(122)) - omNode-1@group-523986131536->omNode-3-AppendLogResponseHandler: Failed appendEntries: org.apache.ratis.thirdparty.io.grpc.StatusRuntimeException: UNAVAILABLE: io exception
2022-05-11 01:30:58,118 [grpc-default-executor-2] INFO  leader.FollowerInfo (FollowerInfoImpl.java:lambda$new$0(47)) - omNode-1@group-523986131536->omNode-3: nextIndex: updateUnconditionally 152 -> 45
2022-05-11 01:30:58,126 [grpc-default-executor-2] WARN  server.GrpcLogAppender (LogUtils.java:warn(122)) - omNode-1@group-523986131536->omNode-3-AppendLogResponseHandler: Failed appendEntries: org.apache.ratis.thirdparty.io.grpc.StatusRuntimeException: UNAVAILABLE: io exception
2022-05-11 01:30:58,127 [grpc-default-executor-2] INFO  leader.FollowerInfo (FollowerInfoImpl.java:lambda$new$0(47)) - omNode-1@group-523986131536->omNode-3: nextIndex: updateUnconditionally 152 -> 45
2022-05-11 01:30:58,136 [grpc-default-executor-0] WARN  server.GrpcLogAppender (LogUtils.java:warn(122)) - omNode-1@group-523986131536->omNode-3-AppendLogResponseHandler: Failed appendEntries: org.apache.ratis.thirdparty.io.grpc.StatusRuntimeException: UNAVAILABLE: io exception
2022-05-11 01:30:58,136 [grpc-default-executor-0] INFO  leader.FollowerInfo (FollowerInfoImpl.java:lambda$new$0(47)) - omNode-1@group-523986131536->omNode-3: nextIndex: updateUnconditionally 154 -> 45
2022-05-11 01:30:58,139 [grpc-default-executor-0] WARN  server.GrpcLogAppender (LogUtils.java:warn(122)) - omNode-1@group-523986131536->omNode-3-AppendLogResponseHandler: Failed appendEntries: org.apache.ratis.thirdparty.io.grpc.StatusRuntimeException: UNAVAILABLE: io exception
2022-05-11 01:30:58,139 [grpc-default-executor-0] INFO  leader.FollowerInfo (FollowerInfoImpl.java:lambda$new$0(47)) - omNode-1@group-523986131536->omNode-3: nextIndex: updateUnconditionally 154 -> 45
2022-05-11 01:30:58,148 [grpc-default-executor-0] WARN  server.GrpcLogAppender (LogUtils.java:warn(122)) - omNode-1@group-523986131536->omNode-3-AppendLogResponseHandler: Failed appendEntries: org.apache.ratis.thirdparty.io.grpc.StatusRuntimeException: UNAVAILABLE: io exception
2022-05-11 01:30:58,148 [grpc-default-executor-0] INFO  leader.FollowerInfo (FollowerInfoImpl.java:lambda$new$0(47)) - omNode-1@group-523986131536->omNode-3: nextIndex: updateUnconditionally 155 -> 45
2022-05-11 01:30:58,169 [grpc-default-executor-2] WARN  server.GrpcLogAppender (LogUtils.java:warn(122)) - omNode-1@group-523986131536->omNode-3-AppendLogResponseHandler: Failed appendEntries: org.apache.ratis.thirdparty.io.grpc.StatusRuntimeException: UNAVAILABLE: io exception
2022-05-11 01:30:58,170 [grpc-default-executor-2] INFO  leader.FollowerInfo (FollowerInfoImpl.java:lambda$new$0(47)) - omNode-1@group-523986131536->omNode-3: nextIndex: updateUnconditionally 155 -> 45
2022-05-11 01:30:58,189 [grpc-default-executor-0] WARN  server.GrpcLogAppender (LogUtils.java:warn(122)) - omNode-1@group-523986131536->omNode-3-AppendLogResponseHandler: Failed appendEntries: org.apache.ratis.thirdparty.io.grpc.StatusRuntimeException: UNAVAILABLE: io exception
2022-05-11 01:30:58,190 [grpc-default-executor-0] INFO  leader.FollowerInfo (FollowerInfoImpl.java:lambda$new$0(47)) - omNode-1@group-523986131536->omNode-3: nextIndex: updateUnconditionally 156 -> 45
2022-05-11 01:30:58,196 [grpc-default-executor-0] WARN  server.GrpcLogAppender (LogUtils.java:warn(122)) - omNode-1@group-523986131536->omNode-3-AppendLogResponseHandler: Failed appendEntries: org.apache.ratis.thirdparty.io.grpc.StatusRuntimeException: UNAVAILABLE: io exception
2022-05-11 01:30:58,196 [grpc-default-executor-0] INFO  leader.FollowerInfo (FollowerInfoImpl.java:lambda$new$0(47)) - omNode-1@group-523986131536->omNode-3: nextIndex: updateUnconditionally 156 -> 45
2022-05-11 01:30:58,199 [grpc-default-executor-0] WARN  server.GrpcLogAppender (LogUtils.java:warn(122)) - omNode-1@group-523986131536->omNode-3-AppendLogResponseHandler: Failed appendEntries: org.apache.ratis.thirdparty.io.grpc.StatusRuntimeException: UNAVAILABLE: io exception
2022-05-11 01:30:58,199 [grpc-default-executor-0] INFO  leader.FollowerInfo (FollowerInfoImpl.java:lambda$new$0(47)) - omNode-1@group-523986131536->omNode-3: nextIndex: updateUnconditionally 158 -> 45
2022-05-11 01:30:58,209 [grpc-default-executor-0] WARN  server.GrpcLogAppender (LogUtils.java:warn(122)) - omNode-1@group-523986131536->omNode-3-AppendLogResponseHandler: Failed appendEntries: org.apache.ratis.thirdparty.io.grpc.StatusRuntimeException: UNAVAILABLE: io exception
2022-05-11 01:30:58,209 [grpc-default-executor-0] INFO  leader.FollowerInfo (FollowerInfoImpl.java:lambda$new$0(47)) - omNode-1@group-523986131536->omNode-3: nextIndex: updateUnconditionally 158 -> 45
2022-05-11 01:30:58,218 [grpc-default-executor-0] WARN  server.GrpcLogAppender (LogUtils.java:warn(122)) - omNode-1@group-523986131536->omNode-3-AppendLogResponseHandler: Failed appendEntries: org.apache.ratis.thirdparty.io.grpc.StatusRuntimeException: UNAVAILABLE: io exception
2022-05-11 01:30:58,218 [grpc-default-executor-0] INFO  leader.FollowerInfo (FollowerInfoImpl.java:lambda$new$0(47)) - omNode-1@group-523986131536->omNode-3: nextIndex: updateUnconditionally 159 -> 45
2022-05-11 01:30:58,245 [grpc-default-executor-2] WARN  server.GrpcLogAppender (LogUtils.java:warn(122)) - omNode-1@group-523986131536->omNode-3-AppendLogResponseHandler: Failed appendEntries: org.apache.ratis.thirdparty.io.grpc.StatusRuntimeException: UNAVAILABLE: io exception
2022-05-11 01:30:58,246 [grpc-default-executor-2] INFO  leader.FollowerInfo (FollowerInfoImpl.java:lambda$new$0(47)) - omNode-1@group-523986131536->omNode-3: nextIndex: updateUnconditionally 160 -> 45
2022-05-11 01:30:58,249 [grpc-default-executor-0] WARN  server.GrpcLogAppender (LogUtils.java:warn(122)) - omNode-1@group-523986131536->omNode-3-AppendLogResponseHandler: Failed appendEntries: org.apache.ratis.thirdparty.io.grpc.StatusRuntimeException: UNAVAILABLE: io exception
2022-05-11 01:30:58,249 [grpc-default-executor-0] INFO  leader.FollowerInfo (FollowerInfoImpl.java:lambda$new$0(47)) - omNode-1@group-523986131536->omNode-3: nextIndex: updateUnconditionally 160 -> 45
2022-05-11 01:30:58,262 [grpc-default-executor-0] WARN  server.GrpcLogAppender (LogUtils.java:warn(122)) - omNode-1@group-523986131536->omNode-3-AppendLogResponseHandler: Failed appendEntries: org.apache.ratis.thirdparty.io.grpc.StatusRuntimeException: UNAVAILABLE: io exception
2022-05-11 01:30:58,263 [grpc-default-executor-0] INFO  leader.FollowerInfo (FollowerInfoImpl.java:lambda$new$0(47)) - omNode-1@group-523986131536->omNode-3: nextIndex: updateUnconditionally 161 -> 45
2022-05-11 01:30:58,265 [grpc-default-executor-0] WARN  server.GrpcLogAppender (LogUtils.java:warn(122)) - omNode-1@group-523986131536->omNode-3-AppendLogResponseHandler: Failed appendEntries: org.apache.ratis.thirdparty.io.grpc.StatusRuntimeException: UNAVAILABLE: io exception
2022-05-11 01:30:58,266 [grpc-default-executor-0] INFO  leader.FollowerInfo (FollowerInfoImpl.java:lambda$new$0(47)) - omNode-1@group-523986131536->omNode-3: nextIndex: updateUnconditionally 162 -> 45
2022-05-11 01:30:58,270 [grpc-default-executor-0] WARN  server.GrpcLogAppender (LogUtils.java:warn(122)) - omNode-1@group-523986131536->omNode-3-AppendLogResponseHandler: Failed appendEntries: org.apache.ratis.thirdparty.io.grpc.StatusRuntimeException: UNAVAILABLE: io exception
2022-05-11 01:30:58,270 [grpc-default-executor-0] INFO  leader.FollowerInfo (FollowerInfoImpl.java:lambda$new$0(47)) - omNode-1@group-523986131536->omNode-3: nextIndex: updateUnconditionally 162 -> 45
2022-05-11 01:30:58,272 [grpc-default-executor-0] WARN  server.GrpcLogAppender (LogUtils.java:warn(122)) - omNode-1@group-523986131536->omNode-3-AppendLogResponseHandler: Failed appendEntries: org.apache.ratis.thirdparty.io.grpc.StatusRuntimeException: UNAVAILABLE: io exception
2022-05-11 01:30:58,272 [grpc-default-executor-0] INFO  leader.FollowerInfo (FollowerInfoImpl.java:lambda$new$0(47)) - omNode-1@group-523986131536->omNode-3: nextIndex: updateUnconditionally 162 -> 45
2022-05-11 01:30:58,282 [grpc-default-executor-0] WARN  server.GrpcLogAppender (LogUtils.java:warn(122)) - omNode-1@group-523986131536->omNode-3-AppendLogResponseHandler: Failed appendEntries: org.apache.ratis.thirdparty.io.grpc.StatusRuntimeException: UNAVAILABLE: io exception
2022-05-11 01:30:58,282 [grpc-default-executor-0] INFO  leader.FollowerInfo (FollowerInfoImpl.java:lambda$new$0(47)) - omNode-1@group-523986131536->omNode-3: nextIndex: updateUnconditionally 163 -> 45
2022-05-11 01:30:58,292 [grpc-default-executor-0] WARN  server.GrpcLogAppender (LogUtils.java:warn(122)) - omNode-1@group-523986131536->omNode-3-AppendLogResponseHandler: Failed appendEntries: org.apache.ratis.thirdparty.io.grpc.StatusRuntimeException: UNAVAILABLE: io exception
2022-05-11 01:30:58,292 [grpc-default-executor-0] INFO  leader.FollowerInfo (FollowerInfoImpl.java:lambda$new$0(47)) - omNode-1@group-523986131536->omNode-3: nextIndex: updateUnconditionally 163 -> 45
2022-05-11 01:30:58,294 [grpc-default-executor-2] WARN  server.GrpcLogAppender (LogUtils.java:warn(122)) - omNode-1@group-523986131536->omNode-3-AppendLogResponseHandler: Failed appendEntries: org.apache.ratis.thirdparty.io.grpc.StatusRuntimeException: UNAVAILABLE: io exception
2022-05-11 01:30:58,294 [grpc-default-executor-2] INFO  leader.FollowerInfo (FollowerInfoImpl.java:lambda$new$0(47)) - omNode-1@group-523986131536->omNode-3: nextIndex: updateUnconditionally 163 -> 45
2022-05-11 01:30:58,303 [grpc-default-executor-2] WARN  server.GrpcLogAppender (LogUtils.java:warn(122)) - omNode-1@group-523986131536->omNode-3-AppendLogResponseHandler: Failed appendEntries: org.apache.ratis.thirdparty.io.grpc.StatusRuntimeException: UNAVAILABLE: io exception
2022-05-11 01:30:58,303 [grpc-default-executor-2] INFO  leader.FollowerInfo (FollowerInfoImpl.java:lambda$new$0(47)) - omNode-1@group-523986131536->omNode-3: nextIndex: updateUnconditionally 164 -> 45
2022-05-11 01:30:58,319 [grpc-default-executor-2] WARN  server.GrpcLogAppender (LogUtils.java:warn(122)) - omNode-1@group-523986131536->omNode-3-AppendLogResponseHandler: Failed appendEntries: org.apache.ratis.thirdparty.io.grpc.StatusRuntimeException: UNAVAILABLE: io exception
2022-05-11 01:30:58,320 [grpc-default-executor-2] INFO  leader.FollowerInfo (FollowerInfoImpl.java:lambda$new$0(47)) - omNode-1@group-523986131536->omNode-3: nextIndex: updateUnconditionally 164 -> 45
2022-05-11 01:30:58,327 [grpc-default-executor-2] WARN  server.GrpcLogAppender (LogUtils.java:warn(122)) - omNode-1@group-523986131536->omNode-3-AppendLogResponseHandler: Failed appendEntries: org.apache.ratis.thirdparty.io.grpc.StatusRuntimeException: UNAVAILABLE: io exception
2022-05-11 01:30:58,328 [grpc-default-executor-2] INFO  leader.FollowerInfo (FollowerInfoImpl.java:lambda$new$0(47)) - omNode-1@group-523986131536->omNode-3: nextIndex: updateUnconditionally 165 -> 45
2022-05-11 01:30:58,331 [grpc-default-executor-3] WARN  server.GrpcLogAppender (LogUtils.java:warn(122)) - omNode-1@group-523986131536->omNode-3-AppendLogResponseHandler: Failed appendEntries: org.apache.ratis.thirdparty.io.grpc.StatusRuntimeException: UNAVAILABLE: io exception
2022-05-11 01:30:58,331 [grpc-default-executor-3] INFO  leader.FollowerInfo (FollowerInfoImpl.java:lambda$new$0(47)) - omNode-1@group-523986131536->omNode-3: nextIndex: updateUnconditionally 166 -> 45
2022-05-11 01:30:58,345 [grpc-default-executor-3] WARN  server.GrpcLogAppender (LogUtils.java:warn(122)) - omNode-1@group-523986131536->omNode-3-AppendLogResponseHandler: Failed appendEntries: org.apache.ratis.thirdparty.io.grpc.StatusRuntimeException: UNAVAILABLE: io exception
2022-05-11 01:30:58,345 [grpc-default-executor-3] INFO  leader.FollowerInfo (FollowerInfoImpl.java:lambda$new$0(47)) - omNode-1@group-523986131536->omNode-3: nextIndex: updateUnconditionally 166 -> 45
2022-05-11 01:30:58,360 [grpc-default-executor-2] WARN  server.GrpcLogAppender (LogUtils.java:warn(122)) - omNode-1@group-523986131536->omNode-3-AppendLogResponseHandler: Failed appendEntries: org.apache.ratis.thirdparty.io.grpc.StatusRuntimeException: UNAVAILABLE: io exception
2022-05-11 01:30:58,360 [grpc-default-executor-2] INFO  leader.FollowerInfo (FollowerInfoImpl.java:lambda$new$0(47)) - omNode-1@group-523986131536->omNode-3: nextIndex: updateUnconditionally 167 -> 45
2022-05-11 01:30:58,364 [grpc-default-executor-3] WARN  server.GrpcLogAppender (LogUtils.java:warn(122)) - omNode-1@group-523986131536->omNode-3-AppendLogResponseHandler: Failed appendEntries: org.apache.ratis.thirdparty.io.grpc.StatusRuntimeException: UNAVAILABLE: io exception
2022-05-11 01:30:58,364 [grpc-default-executor-3] INFO  leader.FollowerInfo (FollowerInfoImpl.java:lambda$new$0(47)) - omNode-1@group-523986131536->omNode-3: nextIndex: updateUnconditionally 167 -> 45
2022-05-11 01:30:58,385 [grpc-default-executor-3] WARN  server.GrpcLogAppender (LogUtils.java:warn(122)) - omNode-1@group-523986131536->omNode-3-AppendLogResponseHandler: Failed appendEntries: org.apache.ratis.thirdparty.io.grpc.StatusRuntimeException: UNAVAILABLE: io exception
2022-05-11 01:30:58,386 [grpc-default-executor-3] INFO  leader.FollowerInfo (FollowerInfoImpl.java:lambda$new$0(47)) - omNode-1@group-523986131536->omNode-3: nextIndex: updateUnconditionally 168 -> 45
2022-05-11 01:30:58,405 [grpc-default-executor-3] WARN  server.GrpcLogAppender (LogUtils.java:warn(122)) - omNode-1@group-523986131536->omNode-3-AppendLogResponseHandler: Failed appendEntries: org.apache.ratis.thirdparty.io.grpc.StatusRuntimeException: UNAVAILABLE: io exception
2022-05-11 01:30:58,406 [grpc-default-executor-3] INFO  leader.FollowerInfo (FollowerInfoImpl.java:lambda$new$0(47)) - omNode-1@group-523986131536->omNode-3: nextIndex: updateUnconditionally 168 -> 45
2022-05-11 01:30:58,410 [grpc-default-executor-3] WARN  server.GrpcLogAppender (LogUtils.java:warn(122)) - omNode-1@group-523986131536->omNode-3-AppendLogResponseHandler: Failed appendEntries: org.apache.ratis.thirdparty.io.grpc.StatusRuntimeException: UNAVAILABLE: io exception
2022-05-11 01:30:58,410 [grpc-default-executor-3] INFO  leader.FollowerInfo (FollowerInfoImpl.java:lambda$new$0(47)) - omNode-1@group-523986131536->omNode-3: nextIndex: updateUnconditionally 170 -> 45
2022-05-11 01:30:58,423 [grpc-default-executor-3] WARN  server.GrpcLogAppender (LogUtils.java:warn(122)) - omNode-1@group-523986131536->omNode-3-AppendLogResponseHandler: Failed appendEntries: org.apache.ratis.thirdparty.io.grpc.StatusRuntimeException: UNAVAILABLE: io exception
2022-05-11 01:30:58,423 [grpc-default-executor-3] INFO  leader.FollowerInfo (FollowerInfoImpl.java:lambda$new$0(47)) - omNode-1@group-523986131536->omNode-3: nextIndex: updateUnconditionally 170 -> 45
2022-05-11 01:30:58,425 [grpc-default-executor-3] WARN  server.GrpcLogAppender (LogUtils.java:warn(122)) - omNode-1@group-523986131536->omNode-3-AppendLogResponseHandler: Failed appendEntries: org.apache.ratis.thirdparty.io.grpc.StatusRuntimeException: UNAVAILABLE: io exception
2022-05-11 01:30:58,425 [grpc-default-executor-3] INFO  leader.FollowerInfo (FollowerInfoImpl.java:lambda$new$0(47)) - omNode-1@group-523986131536->omNode-3: nextIndex: updateUnconditionally 170 -> 45
2022-05-11 01:30:58,432 [grpc-default-executor-3] WARN  server.GrpcLogAppender (LogUtils.java:warn(122)) - omNode-1@group-523986131536->omNode-3-AppendLogResponseHandler: Failed appendEntries: org.apache.ratis.thirdparty.io.grpc.StatusRuntimeException: UNAVAILABLE: io exception
2022-05-11 01:30:58,432 [grpc-default-executor-3] INFO  leader.FollowerInfo (FollowerInfoImpl.java:lambda$new$0(47)) - omNode-1@group-523986131536->omNode-3: nextIndex: updateUnconditionally 171 -> 45
2022-05-11 01:30:58,446 [grpc-default-executor-2] WARN  server.GrpcLogAppender (LogUtils.java:warn(122)) - omNode-1@group-523986131536->omNode-3-AppendLogResponseHandler: Failed appendEntries: org.apache.ratis.thirdparty.io.grpc.StatusRuntimeException: UNAVAILABLE: io exception
2022-05-11 01:30:58,446 [grpc-default-executor-2] INFO  leader.FollowerInfo (FollowerInfoImpl.java:lambda$new$0(47)) - omNode-1@group-523986131536->omNode-3: nextIndex: updateUnconditionally 171 -> 45
2022-05-11 01:30:58,448 [grpc-default-executor-2] WARN  server.GrpcLogAppender (LogUtils.java:warn(122)) - omNode-1@group-523986131536->omNode-3-AppendLogResponseHandler: Failed appendEntries: org.apache.ratis.thirdparty.io.grpc.StatusRuntimeException: UNAVAILABLE: io exception
2022-05-11 01:30:58,448 [grpc-default-executor-2] INFO  leader.FollowerInfo (FollowerInfoImpl.java:lambda$new$0(47)) - omNode-1@group-523986131536->omNode-3: nextIndex: updateUnconditionally 171 -> 45
2022-05-11 01:30:58,461 [grpc-default-executor-3] WARN  server.GrpcLogAppender (LogUtils.java:warn(122)) - omNode-1@group-523986131536->omNode-3-AppendLogResponseHandler: Failed appendEntries: org.apache.ratis.thirdparty.io.grpc.StatusRuntimeException: UNAVAILABLE: io exception
2022-05-11 01:30:58,461 [grpc-default-executor-3] INFO  leader.FollowerInfo (FollowerInfoImpl.java:lambda$new$0(47)) - omNode-1@group-523986131536->omNode-3: nextIndex: updateUnconditionally 172 -> 45
2022-05-11 01:30:58,469 [grpc-default-executor-2] WARN  server.GrpcLogAppender (LogUtils.java:warn(122)) - omNode-1@group-523986131536->omNode-3-AppendLogResponseHandler: Failed appendEntries: org.apache.ratis.thirdparty.io.grpc.StatusRuntimeException: UNAVAILABLE: io exception
2022-05-11 01:30:58,469 [grpc-default-executor-2] INFO  leader.FollowerInfo (FollowerInfoImpl.java:lambda$new$0(47)) - omNode-1@group-523986131536->omNode-3: nextIndex: updateUnconditionally 172 -> 45
2022-05-11 01:30:58,472 [grpc-default-executor-3] WARN  server.GrpcLogAppender (LogUtils.java:warn(122)) - omNode-1@group-523986131536->omNode-3-AppendLogResponseHandler: Failed appendEntries: org.apache.ratis.thirdparty.io.grpc.StatusRuntimeException: UNAVAILABLE: io exception
2022-05-11 01:30:58,473 [grpc-default-executor-3] INFO  leader.FollowerInfo (FollowerInfoImpl.java:lambda$new$0(47)) - omNode-1@group-523986131536->omNode-3: nextIndex: updateUnconditionally 174 -> 45
2022-05-11 01:30:58,479 [grpc-default-executor-3] WARN  server.GrpcLogAppender (LogUtils.java:warn(122)) - omNode-1@group-523986131536->omNode-3-AppendLogResponseHandler: Failed appendEntries: org.apache.ratis.thirdparty.io.grpc.StatusRuntimeException: UNAVAILABLE: io exception
2022-05-11 01:30:58,479 [grpc-default-executor-3] INFO  leader.FollowerInfo (FollowerInfoImpl.java:lambda$new$0(47)) - omNode-1@group-523986131536->omNode-3: nextIndex: updateUnconditionally 174 -> 45
2022-05-11 01:30:58,480 [grpc-default-executor-3] WARN  server.GrpcLogAppender (LogUtils.java:warn(122)) - omNode-1@group-523986131536->omNode-3-AppendLogResponseHandler: Failed appendEntries: org.apache.ratis.thirdparty.io.grpc.StatusRuntimeException: UNAVAILABLE: io exception
2022-05-11 01:30:58,480 [grpc-default-executor-3] INFO  leader.FollowerInfo (FollowerInfoImpl.java:lambda$new$0(47)) - omNode-1@group-523986131536->omNode-3: nextIndex: updateUnconditionally 174 -> 45
2022-05-11 01:30:58,484 [grpc-default-executor-3] WARN  server.GrpcLogAppender (LogUtils.java:warn(122)) - omNode-1@group-523986131536->omNode-3-AppendLogResponseHandler: Failed appendEntries: org.apache.ratis.thirdparty.io.grpc.StatusRuntimeException: UNAVAILABLE: io exception
2022-05-11 01:30:58,484 [grpc-default-executor-3] INFO  leader.FollowerInfo (FollowerInfoImpl.java:lambda$new$0(47)) - omNode-1@group-523986131536->omNode-3: nextIndex: updateUnconditionally 175 -> 45
2022-05-11 01:30:58,503 [grpc-default-executor-3] WARN  server.GrpcLogAppender (LogUtils.java:warn(122)) - omNode-1@group-523986131536->omNode-3-AppendLogResponseHandler: Failed appendEntries: org.apache.ratis.thirdparty.io.grpc.StatusRuntimeException: UNAVAILABLE: io exception
2022-05-11 01:30:58,503 [grpc-default-executor-3] INFO  leader.FollowerInfo (FollowerInfoImpl.java:lambda$new$0(47)) - omNode-1@group-523986131536->omNode-3: nextIndex: updateUnconditionally 175 -> 45
2022-05-11 01:30:58,520 [grpc-default-executor-2] WARN  server.GrpcLogAppender (LogUtils.java:warn(122)) - omNode-1@group-523986131536->omNode-3-AppendLogResponseHandler: Failed appendEntries: org.apache.ratis.thirdparty.io.grpc.StatusRuntimeException: UNAVAILABLE: io exception
2022-05-11 01:30:58,520 [grpc-default-executor-2] INFO  leader.FollowerInfo (FollowerInfoImpl.java:lambda$new$0(47)) - omNode-1@group-523986131536->omNode-3: nextIndex: updateUnconditionally 176 -> 45
2022-05-11 01:30:58,526 [grpc-default-executor-2] WARN  server.GrpcLogAppender (LogUtils.java:warn(122)) - omNode-1@group-523986131536->omNode-3-AppendLogResponseHandler: Failed appendEntries: org.apache.ratis.thirdparty.io.grpc.StatusRuntimeException: UNAVAILABLE: io exception
2022-05-11 01:30:58,527 [grpc-default-executor-2] INFO  leader.FollowerInfo (FollowerInfoImpl.java:lambda$new$0(47)) - omNode-1@group-523986131536->omNode-3: nextIndex: updateUnconditionally 176 -> 45
2022-05-11 01:30:58,531 [grpc-default-executor-3] WARN  server.GrpcLogAppender (LogUtils.java:warn(122)) - omNode-1@group-523986131536->omNode-3-AppendLogResponseHandler: Failed appendEntries: org.apache.ratis.thirdparty.io.grpc.StatusRuntimeException: UNAVAILABLE: io exception
2022-05-11 01:30:58,532 [grpc-default-executor-3] INFO  leader.FollowerInfo (FollowerInfoImpl.java:lambda$new$0(47)) - omNode-1@group-523986131536->omNode-3: nextIndex: updateUnconditionally 177 -> 45
2022-05-11 01:30:58,537 [grpc-default-executor-3] WARN  server.GrpcLogAppender (LogUtils.java:warn(122)) - omNode-1@group-523986131536->omNode-3-AppendLogResponseHandler: Failed appendEntries: org.apache.ratis.thirdparty.io.grpc.StatusRuntimeException: UNAVAILABLE: io exception
2022-05-11 01:30:58,537 [grpc-default-executor-3] INFO  leader.FollowerInfo (FollowerInfoImpl.java:lambda$new$0(47)) - omNode-1@group-523986131536->omNode-3: nextIndex: updateUnconditionally 178 -> 45
2022-05-11 01:30:58,553 [grpc-default-executor-3] WARN  server.GrpcLogAppender (LogUtils.java:warn(122)) - omNode-1@group-523986131536->omNode-3-AppendLogResponseHandler: Failed appendEntries: org.apache.ratis.thirdparty.io.grpc.StatusRuntimeException: UNAVAILABLE: io exception
2022-05-11 01:30:58,554 [grpc-default-executor-3] INFO  leader.FollowerInfo (FollowerInfoImpl.java:lambda$new$0(47)) - omNode-1@group-523986131536->omNode-3: nextIndex: updateUnconditionally 178 -> 45
2022-05-11 01:30:58,555 [grpc-default-executor-3] WARN  server.GrpcLogAppender (LogUtils.java:warn(122)) - omNode-1@group-523986131536->omNode-3-AppendLogResponseHandler: Failed appendEntries: org.apache.ratis.thirdparty.io.grpc.StatusRuntimeException: UNAVAILABLE: io exception
2022-05-11 01:30:58,555 [grpc-default-executor-3] INFO  leader.FollowerInfo (FollowerInfoImpl.java:lambda$new$0(47)) - omNode-1@group-523986131536->omNode-3: nextIndex: updateUnconditionally 178 -> 45
2022-05-11 01:30:58,565 [grpc-default-executor-3] WARN  server.GrpcLogAppender (LogUtils.java:warn(122)) - omNode-1@group-523986131536->omNode-3-AppendLogResponseHandler: Failed appendEntries: org.apache.ratis.thirdparty.io.grpc.StatusRuntimeException: UNAVAILABLE: io exception
2022-05-11 01:30:58,566 [grpc-default-executor-3] INFO  leader.FollowerInfo (FollowerInfoImpl.java:lambda$new$0(47)) - omNode-1@group-523986131536->omNode-3: nextIndex: updateUnconditionally 179 -> 45
2022-05-11 01:30:58,589 [grpc-default-executor-3] WARN  server.GrpcLogAppender (LogUtils.java:warn(122)) - omNode-1@group-523986131536->omNode-3-AppendLogResponseHandler: Failed appendEntries: org.apache.ratis.thirdparty.io.grpc.StatusRuntimeException: UNAVAILABLE: io exception
2022-05-11 01:30:58,589 [grpc-default-executor-3] INFO  leader.FollowerInfo (FollowerInfoImpl.java:lambda$new$0(47)) - omNode-1@group-523986131536->omNode-3: nextIndex: updateUnconditionally 179 -> 45
2022-05-11 01:30:58,591 [grpc-default-executor-3] WARN  server.GrpcLogAppender (LogUtils.java:warn(122)) - omNode-1@group-523986131536->omNode-3-AppendLogResponseHandler: Failed appendEntries: org.apache.ratis.thirdparty.io.grpc.StatusRuntimeException: UNAVAILABLE: io exception
2022-05-11 01:30:58,591 [grpc-default-executor-3] INFO  leader.FollowerInfo (FollowerInfoImpl.java:lambda$new$0(47)) - omNode-1@group-523986131536->omNode-3: nextIndex: updateUnconditionally 179 -> 45
2022-05-11 01:30:58,602 [grpc-default-executor-3] WARN  server.GrpcLogAppender (LogUtils.java:warn(122)) - omNode-1@group-523986131536->omNode-3-AppendLogResponseHandler: Failed appendEntries: org.apache.ratis.thirdparty.io.grpc.StatusRuntimeException: UNAVAILABLE: io exception
2022-05-11 01:30:58,602 [grpc-default-executor-3] INFO  leader.FollowerInfo (FollowerInfoImpl.java:lambda$new$0(47)) - omNode-1@group-523986131536->omNode-3: nextIndex: updateUnconditionally 180 -> 45
2022-05-11 01:30:58,614 [grpc-default-executor-3] WARN  server.GrpcLogAppender (LogUtils.java:warn(122)) - omNode-1@group-523986131536->omNode-3-AppendLogResponseHandler: Failed appendEntries: org.apache.ratis.thirdparty.io.grpc.StatusRuntimeException: UNAVAILABLE: io exception
2022-05-11 01:30:58,615 [grpc-default-executor-3] INFO  leader.FollowerInfo (FollowerInfoImpl.java:lambda$new$0(47)) - omNode-1@group-523986131536->omNode-3: nextIndex: updateUnconditionally 180 -> 45
2022-05-11 01:30:58,623 [grpc-default-executor-3] WARN  server.GrpcLogAppender (LogUtils.java:warn(122)) - omNode-1@group-523986131536->omNode-3-AppendLogResponseHandler: Failed appendEntries: org.apache.ratis.thirdparty.io.grpc.StatusRuntimeException: UNAVAILABLE: io exception
2022-05-11 01:30:58,623 [grpc-default-executor-3] INFO  leader.FollowerInfo (FollowerInfoImpl.java:lambda$new$0(47)) - omNode-1@group-523986131536->omNode-3: nextIndex: updateUnconditionally 181 -> 45
2022-05-11 01:30:58,626 [grpc-default-executor-3] WARN  server.GrpcLogAppender (LogUtils.java:warn(122)) - omNode-1@group-523986131536->omNode-3-AppendLogResponseHandler: Failed appendEntries: org.apache.ratis.thirdparty.io.grpc.StatusRuntimeException: UNAVAILABLE: io exception
2022-05-11 01:30:58,626 [grpc-default-executor-3] INFO  leader.FollowerInfo (FollowerInfoImpl.java:lambda$new$0(47)) - omNode-1@group-523986131536->omNode-3: nextIndex: updateUnconditionally 182 -> 45
2022-05-11 01:30:58,629 [grpc-default-executor-3] WARN  server.GrpcLogAppender (LogUtils.java:warn(122)) - omNode-1@group-523986131536->omNode-3-AppendLogResponseHandler: Failed appendEntries: org.apache.ratis.thirdparty.io.grpc.StatusRuntimeException: UNAVAILABLE: io exception
2022-05-11 01:30:58,630 [grpc-default-executor-3] INFO  leader.FollowerInfo (FollowerInfoImpl.java:lambda$new$0(47)) - omNode-1@group-523986131536->omNode-3: nextIndex: updateUnconditionally 182 -> 45
2022-05-11 01:30:58,631 [grpc-default-executor-3] WARN  server.GrpcLogAppender (LogUtils.java:warn(122)) - omNode-1@group-523986131536->omNode-3-AppendLogResponseHandler: Failed appendEntries: org.apache.ratis.thirdparty.io.grpc.StatusRuntimeException: UNAVAILABLE: io exception
2022-05-11 01:30:58,631 [grpc-default-executor-3] INFO  leader.FollowerInfo (FollowerInfoImpl.java:lambda$new$0(47)) - omNode-1@group-523986131536->omNode-3: nextIndex: updateUnconditionally 182 -> 45
2022-05-11 01:30:58,634 [grpc-default-executor-3] WARN  server.GrpcLogAppender (LogUtils.java:warn(122)) - omNode-1@group-523986131536->omNode-3-AppendLogResponseHandler: Failed appendEntries: org.apache.ratis.thirdparty.io.grpc.StatusRuntimeException: UNAVAILABLE: io exception
2022-05-11 01:30:58,634 [grpc-default-executor-3] INFO  leader.FollowerInfo (FollowerInfoImpl.java:lambda$new$0(47)) - omNode-1@group-523986131536->omNode-3: nextIndex: updateUnconditionally 183 -> 45
2022-05-11 01:30:58,640 [grpc-default-executor-3] WARN  server.GrpcLogAppender (LogUtils.java:warn(122)) - omNode-1@group-523986131536->omNode-3-AppendLogResponseHandler: Failed appendEntries: org.apache.ratis.thirdparty.io.grpc.StatusRuntimeException: UNAVAILABLE: io exception
2022-05-11 01:30:58,640 [grpc-default-executor-3] INFO  leader.FollowerInfo (FollowerInfoImpl.java:lambda$new$0(47)) - omNode-1@group-523986131536->omNode-3: nextIndex: updateUnconditionally 183 -> 45
2022-05-11 01:30:58,670 [grpc-default-executor-3] WARN  server.GrpcLogAppender (LogUtils.java:warn(122)) - omNode-1@group-523986131536->omNode-3-AppendLogResponseHandler: Failed appendEntries: org.apache.ratis.thirdparty.io.grpc.StatusRuntimeException: UNAVAILABLE: io exception
2022-05-11 01:30:58,671 [grpc-default-executor-3] INFO  leader.FollowerInfo (FollowerInfoImpl.java:lambda$new$0(47)) - omNode-1@group-523986131536->omNode-3: nextIndex: updateUnconditionally 184 -> 45
2022-05-11 01:30:58,674 [grpc-default-executor-3] WARN  server.GrpcLogAppender (LogUtils.java:warn(122)) - omNode-1@group-523986131536->omNode-3-AppendLogResponseHandler: Failed appendEntries: org.apache.ratis.thirdparty.io.grpc.StatusRuntimeException: UNAVAILABLE: io exception
2022-05-11 01:30:58,675 [grpc-default-executor-3] INFO  leader.FollowerInfo (FollowerInfoImpl.java:lambda$new$0(47)) - omNode-1@group-523986131536->omNode-3: nextIndex: updateUnconditionally 184 -> 45
2022-05-11 01:30:58,678 [grpc-default-executor-3] WARN  server.GrpcLogAppender (LogUtils.java:warn(122)) - omNode-1@group-523986131536->omNode-3-AppendLogResponseHandler: Failed appendEntries: org.apache.ratis.thirdparty.io.grpc.StatusRuntimeException: UNAVAILABLE: io exception
2022-05-11 01:30:58,680 [grpc-default-executor-3] INFO  leader.FollowerInfo (FollowerInfoImpl.java:lambda$new$0(47)) - omNode-1@group-523986131536->omNode-3: nextIndex: updateUnconditionally 185 -> 45
2022-05-11 01:30:58,681 [grpc-default-executor-3] WARN  server.GrpcLogAppender (LogUtils.java:warn(122)) - omNode-1@group-523986131536->omNode-3-AppendLogResponseHandler: Failed appendEntries: org.apache.ratis.thirdparty.io.grpc.StatusRuntimeException: UNAVAILABLE: io exception
2022-05-11 01:30:58,682 [grpc-default-executor-3] INFO  leader.FollowerInfo (FollowerInfoImpl.java:lambda$new$0(47)) - omNode-1@group-523986131536->omNode-3: nextIndex: updateUnconditionally 186 -> 45
2022-05-11 01:30:58,684 [grpc-default-executor-3] WARN  server.GrpcLogAppender (LogUtils.java:warn(122)) - omNode-1@group-523986131536->omNode-3-AppendLogResponseHandler: Failed appendEntries: org.apache.ratis.thirdparty.io.grpc.StatusRuntimeException: UNAVAILABLE: io exception
2022-05-11 01:30:58,684 [grpc-default-executor-3] INFO  leader.FollowerInfo (FollowerInfoImpl.java:lambda$new$0(47)) - omNode-1@group-523986131536->omNode-3: nextIndex: updateUnconditionally 186 -> 45
2022-05-11 01:30:58,686 [grpc-default-executor-3] WARN  server.GrpcLogAppender (LogUtils.java:warn(122)) - omNode-1@group-523986131536->omNode-3-AppendLogResponseHandler: Failed appendEntries: org.apache.ratis.thirdparty.io.grpc.StatusRuntimeException: UNAVAILABLE: io exception
2022-05-11 01:30:58,686 [grpc-default-executor-3] INFO  leader.FollowerInfo (FollowerInfoImpl.java:lambda$new$0(47)) - omNode-1@group-523986131536->omNode-3: nextIndex: updateUnconditionally 186 -> 45
2022-05-11 01:30:58,690 [grpc-default-executor-3] WARN  server.GrpcLogAppender (LogUtils.java:warn(122)) - omNode-1@group-523986131536->omNode-3-AppendLogResponseHandler: Failed appendEntries: org.apache.ratis.thirdparty.io.grpc.StatusRuntimeException: UNAVAILABLE: io exception
2022-05-11 01:30:58,690 [grpc-default-executor-3] INFO  leader.FollowerInfo (FollowerInfoImpl.java:lambda$new$0(47)) - omNode-1@group-523986131536->omNode-3: nextIndex: updateUnconditionally 187 -> 45
2022-05-11 01:30:58,701 [grpc-default-executor-2] WARN  server.GrpcLogAppender (LogUtils.java:warn(122)) - omNode-1@group-523986131536->omNode-3-AppendLogResponseHandler: Failed appendEntries: org.apache.ratis.thirdparty.io.grpc.StatusRuntimeException: UNAVAILABLE: io exception
2022-05-11 01:30:58,701 [grpc-default-executor-2] INFO  leader.FollowerInfo (FollowerInfoImpl.java:lambda$new$0(47)) - omNode-1@group-523986131536->omNode-3: nextIndex: updateUnconditionally 187 -> 45
2022-05-11 01:30:58,703 [grpc-default-executor-2] WARN  server.GrpcLogAppender (LogUtils.java:warn(122)) - omNode-1@group-523986131536->omNode-3-AppendLogResponseHandler: Failed appendEntries: org.apache.ratis.thirdparty.io.grpc.StatusRuntimeException: UNAVAILABLE: io exception
2022-05-11 01:30:58,703 [grpc-default-executor-2] INFO  leader.FollowerInfo (FollowerInfoImpl.java:lambda$new$0(47)) - omNode-1@group-523986131536->omNode-3: nextIndex: updateUnconditionally 187 -> 45
2022-05-11 01:30:58,727 [grpc-default-executor-3] WARN  server.GrpcLogAppender (LogUtils.java:warn(122)) - omNode-1@group-523986131536->omNode-3-AppendLogResponseHandler: Failed appendEntries: org.apache.ratis.thirdparty.io.grpc.StatusRuntimeException: UNAVAILABLE: io exception
2022-05-11 01:30:58,728 [grpc-default-executor-3] INFO  leader.FollowerInfo (FollowerInfoImpl.java:lambda$new$0(47)) - omNode-1@group-523986131536->omNode-3: nextIndex: updateUnconditionally 188 -> 45
2022-05-11 01:30:58,740 [grpc-default-executor-3] WARN  server.GrpcLogAppender (LogUtils.java:warn(122)) - omNode-1@group-523986131536->omNode-3-AppendLogResponseHandler: Failed appendEntries: org.apache.ratis.thirdparty.io.grpc.StatusRuntimeException: UNAVAILABLE: io exception
2022-05-11 01:30:58,740 [grpc-default-executor-3] INFO  leader.FollowerInfo (FollowerInfoImpl.java:lambda$new$0(47)) - omNode-1@group-523986131536->omNode-3: nextIndex: updateUnconditionally 188 -> 45
2022-05-11 01:30:58,744 [grpc-default-executor-2] WARN  server.GrpcLogAppender (LogUtils.java:warn(122)) - omNode-1@group-523986131536->omNode-3-AppendLogResponseHandler: Failed appendEntries: org.apache.ratis.thirdparty.io.grpc.StatusRuntimeException: UNAVAILABLE: io exception
2022-05-11 01:30:58,744 [grpc-default-executor-2] INFO  leader.FollowerInfo (FollowerInfoImpl.java:lambda$new$0(47)) - omNode-1@group-523986131536->omNode-3: nextIndex: updateUnconditionally 190 -> 45
2022-05-11 01:30:58,759 [grpc-default-executor-2] WARN  server.GrpcLogAppender (LogUtils.java:warn(122)) - omNode-1@group-523986131536->omNode-3-AppendLogResponseHandler: Failed appendEntries: org.apache.ratis.thirdparty.io.grpc.StatusRuntimeException: UNAVAILABLE: io exception
2022-05-11 01:30:58,759 [grpc-default-executor-2] INFO  leader.FollowerInfo (FollowerInfoImpl.java:lambda$new$0(47)) - omNode-1@group-523986131536->omNode-3: nextIndex: updateUnconditionally 190 -> 45
2022-05-11 01:30:58,772 [grpc-default-executor-2] WARN  server.GrpcLogAppender (LogUtils.java:warn(122)) - omNode-1@group-523986131536->omNode-3-AppendLogResponseHandler: Failed appendEntries: org.apache.ratis.thirdparty.io.grpc.StatusRuntimeException: UNAVAILABLE: io exception
2022-05-11 01:30:58,772 [grpc-default-executor-2] INFO  leader.FollowerInfo (FollowerInfoImpl.java:lambda$new$0(47)) - omNode-1@group-523986131536->omNode-3: nextIndex: updateUnconditionally 191 -> 45
2022-05-11 01:30:58,781 [grpc-default-executor-3] WARN  server.GrpcLogAppender (LogUtils.java:warn(122)) - omNode-1@group-523986131536->omNode-3-AppendLogResponseHandler: Failed appendEntries: org.apache.ratis.thirdparty.io.grpc.StatusRuntimeException: UNAVAILABLE: io exception
2022-05-11 01:30:58,781 [grpc-default-executor-3] INFO  leader.FollowerInfo (FollowerInfoImpl.java:lambda$new$0(47)) - omNode-1@group-523986131536->omNode-3: nextIndex: updateUnconditionally 191 -> 45
2022-05-11 01:30:58,794 [grpc-default-executor-3] WARN  server.GrpcLogAppender (LogUtils.java:warn(122)) - omNode-1@group-523986131536->omNode-3-AppendLogResponseHandler: Failed appendEntries: org.apache.ratis.thirdparty.io.grpc.StatusRuntimeException: UNAVAILABLE: io exception
2022-05-11 01:30:58,794 [grpc-default-executor-3] INFO  leader.FollowerInfo (FollowerInfoImpl.java:lambda$new$0(47)) - omNode-1@group-523986131536->omNode-3: nextIndex: updateUnconditionally 192 -> 45
2022-05-11 01:30:58,806 [grpc-default-executor-3] WARN  server.GrpcLogAppender (LogUtils.java:warn(122)) - omNode-1@group-523986131536->omNode-3-AppendLogResponseHandler: Failed appendEntries: org.apache.ratis.thirdparty.io.grpc.StatusRuntimeException: UNAVAILABLE: io exception
2022-05-11 01:30:58,806 [grpc-default-executor-3] INFO  leader.FollowerInfo (FollowerInfoImpl.java:lambda$new$0(47)) - omNode-1@group-523986131536->omNode-3: nextIndex: updateUnconditionally 192 -> 45
2022-05-11 01:30:58,810 [grpc-default-executor-2] WARN  server.GrpcLogAppender (LogUtils.java:warn(122)) - omNode-1@group-523986131536->omNode-3-AppendLogResponseHandler: Failed appendEntries: org.apache.ratis.thirdparty.io.grpc.StatusRuntimeException: UNAVAILABLE: io exception
2022-05-11 01:30:58,811 [grpc-default-executor-2] INFO  leader.FollowerInfo (FollowerInfoImpl.java:lambda$new$0(47)) - omNode-1@group-523986131536->omNode-3: nextIndex: updateUnconditionally 194 -> 45
2022-05-11 01:30:58,820 [grpc-default-executor-2] WARN  server.GrpcLogAppender (LogUtils.java:warn(122)) - omNode-1@group-523986131536->omNode-3-AppendLogResponseHandler: Failed appendEntries: org.apache.ratis.thirdparty.io.grpc.StatusRuntimeException: UNAVAILABLE: io exception
2022-05-11 01:30:58,821 [grpc-default-executor-2] INFO  leader.FollowerInfo (FollowerInfoImpl.java:lambda$new$0(47)) - omNode-1@group-523986131536->omNode-3: nextIndex: updateUnconditionally 194 -> 45
2022-05-11 01:30:58,833 [grpc-default-executor-2] WARN  server.GrpcLogAppender (LogUtils.java:warn(122)) - omNode-1@group-523986131536->omNode-3-AppendLogResponseHandler: Failed appendEntries: org.apache.ratis.thirdparty.io.grpc.StatusRuntimeException: UNAVAILABLE: io exception
2022-05-11 01:30:58,833 [grpc-default-executor-2] INFO  leader.FollowerInfo (FollowerInfoImpl.java:lambda$new$0(47)) - omNode-1@group-523986131536->omNode-3: nextIndex: updateUnconditionally 195 -> 45
2022-05-11 01:30:58,850 [grpc-default-executor-3] WARN  server.GrpcLogAppender (LogUtils.java:warn(122)) - omNode-1@group-523986131536->omNode-3-AppendLogResponseHandler: Failed appendEntries: org.apache.ratis.thirdparty.io.grpc.StatusRuntimeException: UNAVAILABLE: io exception
2022-05-11 01:30:58,850 [grpc-default-executor-3] INFO  leader.FollowerInfo (FollowerInfoImpl.java:lambda$new$0(47)) - omNode-1@group-523986131536->omNode-3: nextIndex: updateUnconditionally 195 -> 45
2022-05-11 01:30:58,873 [grpc-default-executor-0] WARN  server.GrpcLogAppender (LogUtils.java:warn(122)) - omNode-1@group-523986131536->omNode-3-AppendLogResponseHandler: Failed appendEntries: org.apache.ratis.thirdparty.io.grpc.StatusRuntimeException: UNAVAILABLE: io exception
2022-05-11 01:30:58,873 [grpc-default-executor-0] INFO  leader.FollowerInfo (FollowerInfoImpl.java:lambda$new$0(47)) - omNode-1@group-523986131536->omNode-3: nextIndex: updateUnconditionally 196 -> 45
2022-05-11 01:30:58,885 [grpc-default-executor-0] WARN  server.GrpcLogAppender (LogUtils.java:warn(122)) - omNode-1@group-523986131536->omNode-3-AppendLogResponseHandler: Failed appendEntries: org.apache.ratis.thirdparty.io.grpc.StatusRuntimeException: UNAVAILABLE: io exception
2022-05-11 01:30:58,885 [grpc-default-executor-0] INFO  leader.FollowerInfo (FollowerInfoImpl.java:lambda$new$0(47)) - omNode-1@group-523986131536->omNode-3: nextIndex: updateUnconditionally 196 -> 45
2022-05-11 01:30:58,889 [grpc-default-executor-0] WARN  server.GrpcLogAppender (LogUtils.java:warn(122)) - omNode-1@group-523986131536->omNode-3-AppendLogResponseHandler: Failed appendEntries: org.apache.ratis.thirdparty.io.grpc.StatusRuntimeException: UNAVAILABLE: io exception
2022-05-11 01:30:58,889 [grpc-default-executor-0] INFO  leader.FollowerInfo (FollowerInfoImpl.java:lambda$new$0(47)) - omNode-1@group-523986131536->omNode-3: nextIndex: updateUnconditionally 197 -> 45
2022-05-11 01:30:58,893 [grpc-default-executor-0] WARN  server.GrpcLogAppender (LogUtils.java:warn(122)) - omNode-1@group-523986131536->omNode-3-AppendLogResponseHandler: Failed appendEntries: org.apache.ratis.thirdparty.io.grpc.StatusRuntimeException: UNAVAILABLE: io exception
2022-05-11 01:30:58,893 [grpc-default-executor-0] INFO  leader.FollowerInfo (FollowerInfoImpl.java:lambda$new$0(47)) - omNode-1@group-523986131536->omNode-3: nextIndex: updateUnconditionally 198 -> 45
2022-05-11 01:30:58,905 [grpc-default-executor-0] WARN  server.GrpcLogAppender (LogUtils.java:warn(122)) - omNode-1@group-523986131536->omNode-3-AppendLogResponseHandler: Failed appendEntries: org.apache.ratis.thirdparty.io.grpc.StatusRuntimeException: UNAVAILABLE: io exception
2022-05-11 01:30:58,905 [grpc-default-executor-0] INFO  leader.FollowerInfo (FollowerInfoImpl.java:lambda$new$0(47)) - omNode-1@group-523986131536->omNode-3: nextIndex: updateUnconditionally 198 -> 45
2022-05-11 01:30:58,906 [grpc-default-executor-3] WARN  server.GrpcLogAppender (LogUtils.java:warn(122)) - omNode-1@group-523986131536->omNode-3-AppendLogResponseHandler: Failed appendEntries: org.apache.ratis.thirdparty.io.grpc.StatusRuntimeException: UNAVAILABLE: io exception
2022-05-11 01:30:58,907 [grpc-default-executor-3] INFO  leader.FollowerInfo (FollowerInfoImpl.java:lambda$new$0(47)) - omNode-1@group-523986131536->omNode-3: nextIndex: updateUnconditionally 198 -> 45
2022-05-11 01:30:58,920 [grpc-default-executor-3] WARN  server.GrpcLogAppender (LogUtils.java:warn(122)) - omNode-1@group-523986131536->omNode-3-AppendLogResponseHandler: Failed appendEntries: org.apache.ratis.thirdparty.io.grpc.StatusRuntimeException: UNAVAILABLE: io exception
2022-05-11 01:30:58,920 [grpc-default-executor-3] INFO  leader.FollowerInfo (FollowerInfoImpl.java:lambda$new$0(47)) - omNode-1@group-523986131536->omNode-3: nextIndex: updateUnconditionally 199 -> 45
2022-05-11 01:30:58,924 [EndpointStateMachine task thread for /0.0.0.0:46775 - 0 ] INFO  ipc.Client (Client.java:handleConnectionFailure(977)) - Retrying connect to server: 0.0.0.0/0.0.0.0:46775. Already tried 2 time(s); retry policy is RetryUpToMaximumCountWithFixedSleep(maxRetries=15, sleepTime=1000 MILLISECONDS)
2022-05-11 01:30:58,936 [grpc-default-executor-3] WARN  server.GrpcLogAppender (LogUtils.java:warn(122)) - omNode-1@group-523986131536->omNode-3-AppendLogResponseHandler: Failed appendEntries: org.apache.ratis.thirdparty.io.grpc.StatusRuntimeException: UNAVAILABLE: io exception
2022-05-11 01:30:58,936 [grpc-default-executor-3] INFO  leader.FollowerInfo (FollowerInfoImpl.java:lambda$new$0(47)) - omNode-1@group-523986131536->omNode-3: nextIndex: updateUnconditionally 199 -> 45
2022-05-11 01:30:58,938 [grpc-default-executor-3] WARN  server.GrpcLogAppender (LogUtils.java:warn(122)) - omNode-1@group-523986131536->omNode-3-AppendLogResponseHandler: Failed appendEntries: org.apache.ratis.thirdparty.io.grpc.StatusRuntimeException: UNAVAILABLE: io exception
2022-05-11 01:30:58,938 [grpc-default-executor-3] INFO  leader.FollowerInfo (FollowerInfoImpl.java:lambda$new$0(47)) - omNode-1@group-523986131536->omNode-3: nextIndex: updateUnconditionally 199 -> 45
2022-05-11 01:30:58,971 [grpc-default-executor-3] WARN  server.GrpcLogAppender (LogUtils.java:warn(122)) - omNode-1@group-523986131536->omNode-3-AppendLogResponseHandler: Failed appendEntries: org.apache.ratis.thirdparty.io.grpc.StatusRuntimeException: UNAVAILABLE: io exception
2022-05-11 01:30:58,972 [grpc-default-executor-3] INFO  leader.FollowerInfo (FollowerInfoImpl.java:lambda$new$0(47)) - omNode-1@group-523986131536->omNode-3: nextIndex: updateUnconditionally 200 -> 45
2022-05-11 01:30:58,980 [omNode-2@group-523986131536-StateMachineUpdater] INFO  ratis.OzoneManagerStateMachine (OzoneManagerStateMachine.java:takeSnapshot(436)) - Current Snapshot Index (t:2, i:198)
2022-05-11 01:30:58,981 [omNode-2@group-523986131536-StateMachineUpdater] INFO  impl.StateMachineUpdater (StateMachineUpdater.java:takeSnapshot(281)) - omNode-2@group-523986131536-StateMachineUpdater: Took a snapshot at index 198
2022-05-11 01:30:58,981 [omNode-2@group-523986131536-StateMachineUpdater] INFO  impl.StateMachineUpdater (StateMachineUpdater.java:lambda$new$0(89)) - omNode-2@group-523986131536-StateMachineUpdater: snapshotIndex: updateIncreasingly 148 -> 198
2022-05-11 01:30:58,981 [omNode-2@group-523986131536-StateMachineUpdater] INFO  raftlog.RaftLog (RaftLogBase.java:purge(306)) - omNode-2@group-523986131536-SegmentedRaftLog: purge 198
2022-05-11 01:30:58,981 [omNode-2@group-523986131536-StateMachineUpdater] INFO  raftlog.RaftLog (RaftLogBase.java:lambda$new$0(53)) - omNode-2@group-523986131536-SegmentedRaftLog: snapshotIndex: updateIncreasingly 99 -> 198
2022-05-11 01:30:58,981 [omNode-2@group-523986131536-StateMachineUpdater] INFO  raftlog.RaftLog (RaftLogBase.java:lambda$new$0(53)) - omNode-2@group-523986131536-SegmentedRaftLog: purgeIndex: updateToMax old=99, new=198, updated? true
2022-05-11 01:30:58,983 [grpc-default-executor-3] WARN  server.GrpcLogAppender (LogUtils.java:warn(122)) - omNode-1@group-523986131536->omNode-3-AppendLogResponseHandler: Failed appendEntries: org.apache.ratis.thirdparty.io.grpc.StatusRuntimeException: UNAVAILABLE: io exception
2022-05-11 01:30:58,983 [grpc-default-executor-3] INFO  leader.FollowerInfo (FollowerInfoImpl.java:lambda$new$0(47)) - omNode-1@group-523986131536->omNode-3: nextIndex: updateUnconditionally 200 -> 45
2022-05-11 01:30:58,984 [omNode-1@group-523986131536-StateMachineUpdater] INFO  ratis.OzoneManagerStateMachine (OzoneManagerStateMachine.java:takeSnapshot(436)) - Current Snapshot Index (t:2, i:199)
2022-05-11 01:30:58,984 [omNode-1@group-523986131536-StateMachineUpdater] INFO  impl.StateMachineUpdater (StateMachineUpdater.java:takeSnapshot(281)) - omNode-1@group-523986131536-StateMachineUpdater: Took a snapshot at index 199
2022-05-11 01:30:58,984 [omNode-1@group-523986131536-StateMachineUpdater] INFO  impl.StateMachineUpdater (StateMachineUpdater.java:lambda$new$0(89)) - omNode-1@group-523986131536-StateMachineUpdater: snapshotIndex: updateIncreasingly 149 -> 199
2022-05-11 01:30:58,984 [omNode-1@group-523986131536-StateMachineUpdater] INFO  raftlog.RaftLog (RaftLogBase.java:purge(306)) - omNode-1@group-523986131536-SegmentedRaftLog: purge 199
2022-05-11 01:30:58,984 [omNode-1@group-523986131536-StateMachineUpdater] INFO  raftlog.RaftLog (RaftLogBase.java:lambda$new$0(53)) - omNode-1@group-523986131536-SegmentedRaftLog: snapshotIndex: updateIncreasingly 149 -> 199
2022-05-11 01:30:58,985 [omNode-1@group-523986131536-StateMachineUpdater] INFO  raftlog.RaftLog (RaftLogBase.java:lambda$new$0(53)) - omNode-1@group-523986131536-SegmentedRaftLog: purgeIndex: updateToMax old=149, new=199, updated? true
2022-05-11 01:30:58,995 [grpc-default-executor-3] WARN  server.GrpcLogAppender (LogUtils.java:warn(122)) - omNode-1@group-523986131536->omNode-3-AppendLogResponseHandler: Failed appendEntries: org.apache.ratis.thirdparty.io.grpc.StatusRuntimeException: UNAVAILABLE: io exception
2022-05-11 01:30:58,996 [grpc-default-executor-3] INFO  leader.FollowerInfo (FollowerInfoImpl.java:lambda$new$0(47)) - omNode-1@group-523986131536->omNode-3: nextIndex: updateUnconditionally 201 -> 45
2022-05-11 01:30:58,997 [grpc-default-executor-3] WARN  server.GrpcLogAppender (LogUtils.java:warn(122)) - omNode-1@group-523986131536->omNode-3-AppendLogResponseHandler: Failed appendEntries: org.apache.ratis.thirdparty.io.grpc.StatusRuntimeException: UNAVAILABLE: io exception
2022-05-11 01:30:58,997 [grpc-default-executor-3] INFO  leader.FollowerInfo (FollowerInfoImpl.java:lambda$new$0(47)) - omNode-1@group-523986131536->omNode-3: nextIndex: updateUnconditionally 202 -> 45
2022-05-11 01:30:59,011 [grpc-default-executor-3] WARN  server.GrpcLogAppender (LogUtils.java:warn(122)) - omNode-1@group-523986131536->omNode-3-AppendLogResponseHandler: Failed appendEntries: org.apache.ratis.thirdparty.io.grpc.StatusRuntimeException: UNAVAILABLE: io exception
2022-05-11 01:30:59,012 [grpc-default-executor-3] INFO  leader.FollowerInfo (FollowerInfoImpl.java:lambda$new$0(47)) - omNode-1@group-523986131536->omNode-3: nextIndex: updateUnconditionally 203 -> 45
2022-05-11 01:30:59,022 [grpc-default-executor-3] WARN  server.GrpcLogAppender (LogUtils.java:warn(122)) - omNode-1@group-523986131536->omNode-3-AppendLogResponseHandler: Failed appendEntries: org.apache.ratis.thirdparty.io.grpc.StatusRuntimeException: UNAVAILABLE: io exception
2022-05-11 01:30:59,022 [grpc-default-executor-3] INFO  leader.FollowerInfo (FollowerInfoImpl.java:lambda$new$0(47)) - omNode-1@group-523986131536->omNode-3: nextIndex: updateUnconditionally 203 -> 45
2022-05-11 01:30:59,023 [grpc-default-executor-3] WARN  server.GrpcLogAppender (LogUtils.java:warn(122)) - omNode-1@group-523986131536->omNode-3-AppendLogResponseHandler: Failed appendEntries: org.apache.ratis.thirdparty.io.grpc.StatusRuntimeException: UNAVAILABLE: io exception
2022-05-11 01:30:59,024 [grpc-default-executor-3] INFO  leader.FollowerInfo (FollowerInfoImpl.java:lambda$new$0(47)) - omNode-1@group-523986131536->omNode-3: nextIndex: updateUnconditionally 203 -> 45
2022-05-11 01:30:59,038 [grpc-default-executor-3] WARN  server.GrpcLogAppender (LogUtils.java:warn(122)) - omNode-1@group-523986131536->omNode-3-AppendLogResponseHandler: Failed appendEntries: org.apache.ratis.thirdparty.io.grpc.StatusRuntimeException: UNAVAILABLE: io exception
2022-05-11 01:30:59,038 [grpc-default-executor-3] INFO  leader.FollowerInfo (FollowerInfoImpl.java:lambda$new$0(47)) - omNode-1@group-523986131536->omNode-3: nextIndex: updateUnconditionally 204 -> 45
2022-05-11 01:30:59,045 [grpc-default-executor-3] WARN  server.GrpcLogAppender (LogUtils.java:warn(122)) - omNode-1@group-523986131536->omNode-3-AppendLogResponseHandler: Failed appendEntries: org.apache.ratis.thirdparty.io.grpc.StatusRuntimeException: UNAVAILABLE: io exception
2022-05-11 01:30:59,045 [grpc-default-executor-3] INFO  leader.FollowerInfo (FollowerInfoImpl.java:lambda$new$0(47)) - omNode-1@group-523986131536->omNode-3: nextIndex: updateUnconditionally 204 -> 45
2022-05-11 01:30:59,049 [grpc-default-executor-3] WARN  server.GrpcLogAppender (LogUtils.java:warn(122)) - omNode-1@group-523986131536->omNode-3-AppendLogResponseHandler: Failed appendEntries: org.apache.ratis.thirdparty.io.grpc.StatusRuntimeException: UNAVAILABLE: io exception
2022-05-11 01:30:59,049 [grpc-default-executor-3] INFO  leader.FollowerInfo (FollowerInfoImpl.java:lambda$new$0(47)) - omNode-1@group-523986131536->omNode-3: nextIndex: updateUnconditionally 205 -> 45
2022-05-11 01:30:59,057 [grpc-default-executor-3] WARN  server.GrpcLogAppender (LogUtils.java:warn(122)) - omNode-1@group-523986131536->omNode-3-AppendLogResponseHandler: Failed appendEntries: org.apache.ratis.thirdparty.io.grpc.StatusRuntimeException: UNAVAILABLE: io exception
2022-05-11 01:30:59,057 [grpc-default-executor-3] INFO  leader.FollowerInfo (FollowerInfoImpl.java:lambda$new$0(47)) - omNode-1@group-523986131536->omNode-3: nextIndex: updateUnconditionally 205 -> 45
2022-05-11 01:30:59,059 [grpc-default-executor-3] WARN  server.GrpcLogAppender (LogUtils.java:warn(122)) - omNode-1@group-523986131536->omNode-3-AppendLogResponseHandler: Failed appendEntries: org.apache.ratis.thirdparty.io.grpc.StatusRuntimeException: UNAVAILABLE: io exception
2022-05-11 01:30:59,060 [grpc-default-executor-3] INFO  leader.FollowerInfo (FollowerInfoImpl.java:lambda$new$0(47)) - omNode-1@group-523986131536->omNode-3: nextIndex: updateUnconditionally 206 -> 45
2022-05-11 01:30:59,070 [grpc-default-executor-3] WARN  server.GrpcLogAppender (LogUtils.java:warn(122)) - omNode-1@group-523986131536->omNode-3-AppendLogResponseHandler: Failed appendEntries: org.apache.ratis.thirdparty.io.grpc.StatusRuntimeException: UNAVAILABLE: io exception
2022-05-11 01:30:59,070 [grpc-default-executor-3] INFO  leader.FollowerInfo (FollowerInfoImpl.java:lambda$new$0(47)) - omNode-1@group-523986131536->omNode-3: nextIndex: updateUnconditionally 206 -> 45
2022-05-11 01:30:59,071 [grpc-default-executor-3] WARN  server.GrpcLogAppender (LogUtils.java:warn(122)) - omNode-1@group-523986131536->omNode-3-AppendLogResponseHandler: Failed appendEntries: org.apache.ratis.thirdparty.io.grpc.StatusRuntimeException: UNAVAILABLE: io exception
2022-05-11 01:30:59,072 [grpc-default-executor-3] INFO  leader.FollowerInfo (FollowerInfoImpl.java:lambda$new$0(47)) - omNode-1@group-523986131536->omNode-3: nextIndex: updateUnconditionally 207 -> 45
2022-05-11 01:30:59,079 [grpc-default-executor-3] WARN  server.GrpcLogAppender (LogUtils.java:warn(122)) - omNode-1@group-523986131536->omNode-3-AppendLogResponseHandler: Failed appendEntries: org.apache.ratis.thirdparty.io.grpc.StatusRuntimeException: UNAVAILABLE: io exception
2022-05-11 01:30:59,079 [grpc-default-executor-3] INFO  leader.FollowerInfo (FollowerInfoImpl.java:lambda$new$0(47)) - omNode-1@group-523986131536->omNode-3: nextIndex: updateUnconditionally 207 -> 45
2022-05-11 01:30:59,116 [grpc-default-executor-3] WARN  server.GrpcLogAppender (LogUtils.java:warn(122)) - omNode-1@group-523986131536->omNode-3-AppendLogResponseHandler: Failed appendEntries: org.apache.ratis.thirdparty.io.grpc.StatusRuntimeException: UNAVAILABLE: io exception
2022-05-11 01:30:59,116 [grpc-default-executor-3] INFO  leader.FollowerInfo (FollowerInfoImpl.java:lambda$new$0(47)) - omNode-1@group-523986131536->omNode-3: nextIndex: updateUnconditionally 208 -> 45
2022-05-11 01:30:59,131 [grpc-default-executor-3] WARN  server.GrpcLogAppender (LogUtils.java:warn(122)) - omNode-1@group-523986131536->omNode-3-AppendLogResponseHandler: Failed appendEntries: org.apache.ratis.thirdparty.io.grpc.StatusRuntimeException: UNAVAILABLE: io exception
2022-05-11 01:30:59,132 [grpc-default-executor-3] INFO  leader.FollowerInfo (FollowerInfoImpl.java:lambda$new$0(47)) - omNode-1@group-523986131536->omNode-3: nextIndex: updateUnconditionally 208 -> 45
2022-05-11 01:30:59,137 [grpc-default-executor-3] WARN  server.GrpcLogAppender (LogUtils.java:warn(122)) - omNode-1@group-523986131536->omNode-3-AppendLogResponseHandler: Failed appendEntries: org.apache.ratis.thirdparty.io.grpc.StatusRuntimeException: UNAVAILABLE: io exception
2022-05-11 01:30:59,137 [grpc-default-executor-3] INFO  leader.FollowerInfo (FollowerInfoImpl.java:lambda$new$0(47)) - omNode-1@group-523986131536->omNode-3: nextIndex: updateUnconditionally 209 -> 45
2022-05-11 01:30:59,138 [grpc-default-executor-3] WARN  server.GrpcLogAppender (LogUtils.java:warn(122)) - omNode-1@group-523986131536->omNode-3-AppendLogResponseHandler: Failed appendEntries: org.apache.ratis.thirdparty.io.grpc.StatusRuntimeException: UNAVAILABLE: io exception
2022-05-11 01:30:59,138 [grpc-default-executor-3] INFO  leader.FollowerInfo (FollowerInfoImpl.java:lambda$new$0(47)) - omNode-1@group-523986131536->omNode-3: nextIndex: updateUnconditionally 210 -> 45
2022-05-11 01:30:59,155 [grpc-default-executor-3] WARN  server.GrpcLogAppender (LogUtils.java:warn(122)) - omNode-1@group-523986131536->omNode-3-AppendLogResponseHandler: Failed appendEntries: org.apache.ratis.thirdparty.io.grpc.StatusRuntimeException: UNAVAILABLE: io exception
2022-05-11 01:30:59,156 [grpc-default-executor-3] INFO  leader.FollowerInfo (FollowerInfoImpl.java:lambda$new$0(47)) - omNode-1@group-523986131536->omNode-3: nextIndex: updateUnconditionally 210 -> 45
2022-05-11 01:30:59,157 [grpc-default-executor-3] WARN  server.GrpcLogAppender (LogUtils.java:warn(122)) - omNode-1@group-523986131536->omNode-3-AppendLogResponseHandler: Failed appendEntries: org.apache.ratis.thirdparty.io.grpc.StatusRuntimeException: UNAVAILABLE: io exception
2022-05-11 01:30:59,157 [grpc-default-executor-3] INFO  leader.FollowerInfo (FollowerInfoImpl.java:lambda$new$0(47)) - omNode-1@group-523986131536->omNode-3: nextIndex: updateUnconditionally 210 -> 45
2022-05-11 01:30:59,172 [grpc-default-executor-3] WARN  server.GrpcLogAppender (LogUtils.java:warn(122)) - omNode-1@group-523986131536->omNode-3-AppendLogResponseHandler: Failed appendEntries: org.apache.ratis.thirdparty.io.grpc.StatusRuntimeException: UNAVAILABLE: io exception
2022-05-11 01:30:59,173 [grpc-default-executor-3] INFO  leader.FollowerInfo (FollowerInfoImpl.java:lambda$new$0(47)) - omNode-1@group-523986131536->omNode-3: nextIndex: updateUnconditionally 211 -> 45
2022-05-11 01:30:59,192 [grpc-default-executor-3] WARN  server.GrpcLogAppender (LogUtils.java:warn(122)) - omNode-1@group-523986131536->omNode-3-AppendLogResponseHandler: Failed appendEntries: org.apache.ratis.thirdparty.io.grpc.StatusRuntimeException: UNAVAILABLE: io exception
2022-05-11 01:30:59,192 [grpc-default-executor-3] INFO  leader.FollowerInfo (FollowerInfoImpl.java:lambda$new$0(47)) - omNode-1@group-523986131536->omNode-3: nextIndex: updateUnconditionally 211 -> 45
2022-05-11 01:30:59,195 [grpc-default-executor-3] WARN  server.GrpcLogAppender (LogUtils.java:warn(122)) - omNode-1@group-523986131536->omNode-3-AppendLogResponseHandler: Failed appendEntries: org.apache.ratis.thirdparty.io.grpc.StatusRuntimeException: UNAVAILABLE: io exception
2022-05-11 01:30:59,195 [grpc-default-executor-3] INFO  leader.FollowerInfo (FollowerInfoImpl.java:lambda$new$0(47)) - omNode-1@group-523986131536->omNode-3: nextIndex: updateUnconditionally 211 -> 45
2022-05-11 01:30:59,205 [grpc-default-executor-3] WARN  server.GrpcLogAppender (LogUtils.java:warn(122)) - omNode-1@group-523986131536->omNode-3-AppendLogResponseHandler: Failed appendEntries: org.apache.ratis.thirdparty.io.grpc.StatusRuntimeException: UNAVAILABLE: io exception
2022-05-11 01:30:59,205 [grpc-default-executor-3] INFO  leader.FollowerInfo (FollowerInfoImpl.java:lambda$new$0(47)) - omNode-1@group-523986131536->omNode-3: nextIndex: updateUnconditionally 212 -> 45
2022-05-11 01:30:59,211 [grpc-default-executor-3] WARN  server.GrpcLogAppender (LogUtils.java:warn(122)) - omNode-1@group-523986131536->omNode-3-AppendLogResponseHandler: Failed appendEntries: org.apache.ratis.thirdparty.io.grpc.StatusRuntimeException: UNAVAILABLE: io exception
2022-05-11 01:30:59,211 [grpc-default-executor-3] INFO  leader.FollowerInfo (FollowerInfoImpl.java:lambda$new$0(47)) - omNode-1@group-523986131536->omNode-3: nextIndex: updateUnconditionally 212 -> 45
2022-05-11 01:30:59,216 [grpc-default-executor-3] WARN  server.GrpcLogAppender (LogUtils.java:warn(122)) - omNode-1@group-523986131536->omNode-3-AppendLogResponseHandler: Failed appendEntries: org.apache.ratis.thirdparty.io.grpc.StatusRuntimeException: UNAVAILABLE: io exception
2022-05-11 01:30:59,216 [grpc-default-executor-3] INFO  leader.FollowerInfo (FollowerInfoImpl.java:lambda$new$0(47)) - omNode-1@group-523986131536->omNode-3: nextIndex: updateUnconditionally 213 -> 45
2022-05-11 01:30:59,223 [grpc-default-executor-3] WARN  server.GrpcLogAppender (LogUtils.java:warn(122)) - omNode-1@group-523986131536->omNode-3-AppendLogResponseHandler: Failed appendEntries: org.apache.ratis.thirdparty.io.grpc.StatusRuntimeException: UNAVAILABLE: io exception
2022-05-11 01:30:59,223 [grpc-default-executor-3] INFO  leader.FollowerInfo (FollowerInfoImpl.java:lambda$new$0(47)) - omNode-1@group-523986131536->omNode-3: nextIndex: updateUnconditionally 214 -> 45
2022-05-11 01:30:59,224 [grpc-default-executor-3] WARN  server.GrpcLogAppender (LogUtils.java:warn(122)) - omNode-1@group-523986131536->omNode-3-AppendLogResponseHandler: Failed appendEntries: org.apache.ratis.thirdparty.io.grpc.StatusRuntimeException: UNAVAILABLE: io exception
2022-05-11 01:30:59,224 [grpc-default-executor-3] INFO  leader.FollowerInfo (FollowerInfoImpl.java:lambda$new$0(47)) - omNode-1@group-523986131536->omNode-3: nextIndex: updateUnconditionally 214 -> 45
2022-05-11 01:30:59,231 [grpc-default-executor-3] WARN  server.GrpcLogAppender (LogUtils.java:warn(122)) - omNode-1@group-523986131536->omNode-3-AppendLogResponseHandler: Failed appendEntries: org.apache.ratis.thirdparty.io.grpc.StatusRuntimeException: UNAVAILABLE: io exception
2022-05-11 01:30:59,232 [grpc-default-executor-3] INFO  leader.FollowerInfo (FollowerInfoImpl.java:lambda$new$0(47)) - omNode-1@group-523986131536->omNode-3: nextIndex: updateUnconditionally 215 -> 45
2022-05-11 01:30:59,243 [grpc-default-executor-3] WARN  server.GrpcLogAppender (LogUtils.java:warn(122)) - omNode-1@group-523986131536->omNode-3-AppendLogResponseHandler: Failed appendEntries: org.apache.ratis.thirdparty.io.grpc.StatusRuntimeException: UNAVAILABLE: io exception
2022-05-11 01:30:59,244 [grpc-default-executor-3] INFO  leader.FollowerInfo (FollowerInfoImpl.java:lambda$new$0(47)) - omNode-1@group-523986131536->omNode-3: nextIndex: updateUnconditionally 215 -> 45
2022-05-11 01:30:59,245 [grpc-default-executor-3] WARN  server.GrpcLogAppender (LogUtils.java:warn(122)) - omNode-1@group-523986131536->omNode-3-AppendLogResponseHandler: Failed appendEntries: org.apache.ratis.thirdparty.io.grpc.StatusRuntimeException: UNAVAILABLE: io exception
2022-05-11 01:30:59,245 [grpc-default-executor-3] INFO  leader.FollowerInfo (FollowerInfoImpl.java:lambda$new$0(47)) - omNode-1@group-523986131536->omNode-3: nextIndex: updateUnconditionally 215 -> 45
2022-05-11 01:30:59,271 [grpc-default-executor-3] WARN  server.GrpcLogAppender (LogUtils.java:warn(122)) - omNode-1@group-523986131536->omNode-3-AppendLogResponseHandler: Failed appendEntries: org.apache.ratis.thirdparty.io.grpc.StatusRuntimeException: UNAVAILABLE: io exception
2022-05-11 01:30:59,272 [grpc-default-executor-3] INFO  leader.FollowerInfo (FollowerInfoImpl.java:lambda$new$0(47)) - omNode-1@group-523986131536->omNode-3: nextIndex: updateUnconditionally 216 -> 45
2022-05-11 01:30:59,286 [grpc-default-executor-3] WARN  server.GrpcLogAppender (LogUtils.java:warn(122)) - omNode-1@group-523986131536->omNode-3-AppendLogResponseHandler: Failed appendEntries: org.apache.ratis.thirdparty.io.grpc.StatusRuntimeException: UNAVAILABLE: io exception
2022-05-11 01:30:59,286 [grpc-default-executor-3] INFO  leader.FollowerInfo (FollowerInfoImpl.java:lambda$new$0(47)) - omNode-1@group-523986131536->omNode-3: nextIndex: updateUnconditionally 216 -> 45
2022-05-11 01:30:59,288 [grpc-default-executor-3] WARN  server.GrpcLogAppender (LogUtils.java:warn(122)) - omNode-1@group-523986131536->omNode-3-AppendLogResponseHandler: Failed appendEntries: org.apache.ratis.thirdparty.io.grpc.StatusRuntimeException: UNAVAILABLE: io exception
2022-05-11 01:30:59,288 [grpc-default-executor-3] INFO  leader.FollowerInfo (FollowerInfoImpl.java:lambda$new$0(47)) - omNode-1@group-523986131536->omNode-3: nextIndex: updateUnconditionally 217 -> 45
2022-05-11 01:30:59,293 [grpc-default-executor-0] WARN  server.GrpcLogAppender (LogUtils.java:warn(122)) - omNode-1@group-523986131536->omNode-3-AppendLogResponseHandler: Failed appendEntries: org.apache.ratis.thirdparty.io.grpc.StatusRuntimeException: UNAVAILABLE: io exception
2022-05-11 01:30:59,293 [grpc-default-executor-0] INFO  leader.FollowerInfo (FollowerInfoImpl.java:lambda$new$0(47)) - omNode-1@group-523986131536->omNode-3: nextIndex: updateUnconditionally 218 -> 45
2022-05-11 01:30:59,296 [f563069c-118f-4871-9b30-ceec0ce6fdc0@group-5FFF0977FE0E-FollowerState] INFO  impl.FollowerState (FollowerState.java:run(134)) - f563069c-118f-4871-9b30-ceec0ce6fdc0@group-5FFF0977FE0E-FollowerState: change to CANDIDATE, lastRpcElapsedTime:5061066629ns, electionTimeout:5046ms
2022-05-11 01:30:59,296 [f563069c-118f-4871-9b30-ceec0ce6fdc0@group-5FFF0977FE0E-FollowerState] INFO  impl.RoleInfo (RoleInfo.java:shutdownFollowerState(108)) - f563069c-118f-4871-9b30-ceec0ce6fdc0: shutdown f563069c-118f-4871-9b30-ceec0ce6fdc0@group-5FFF0977FE0E-FollowerState
2022-05-11 01:30:59,296 [f563069c-118f-4871-9b30-ceec0ce6fdc0@group-5FFF0977FE0E-FollowerState] INFO  server.RaftServer$Division (RaftServerImpl.java:setRole(290)) - f563069c-118f-4871-9b30-ceec0ce6fdc0@group-5FFF0977FE0E: changes role from  FOLLOWER to CANDIDATE at term 2 for changeToCandidate
2022-05-11 01:30:59,296 [f563069c-118f-4871-9b30-ceec0ce6fdc0@group-5FFF0977FE0E-FollowerState] INFO  server.RaftServerConfigKeys (ConfUtils.java:logGet(44)) - raft.server.leaderelection.pre-vote = false (custom)
2022-05-11 01:30:59,296 [f563069c-118f-4871-9b30-ceec0ce6fdc0@group-5FFF0977FE0E-FollowerState] INFO  impl.RoleInfo (RoleInfo.java:updateAndGet(130)) - f563069c-118f-4871-9b30-ceec0ce6fdc0: start f563069c-118f-4871-9b30-ceec0ce6fdc0@group-5FFF0977FE0E-LeaderElection68
2022-05-11 01:30:59,299 [grpc-default-executor-3] WARN  server.GrpcLogAppender (LogUtils.java:warn(122)) - omNode-1@group-523986131536->omNode-3-AppendLogResponseHandler: Failed appendEntries: org.apache.ratis.thirdparty.io.grpc.StatusRuntimeException: UNAVAILABLE: io exception
2022-05-11 01:30:59,299 [grpc-default-executor-3] INFO  leader.FollowerInfo (FollowerInfoImpl.java:lambda$new$0(47)) - omNode-1@group-523986131536->omNode-3: nextIndex: updateUnconditionally 218 -> 45
2022-05-11 01:30:59,305 [f563069c-118f-4871-9b30-ceec0ce6fdc0@group-5FFF0977FE0E-LeaderElection68] INFO  impl.LeaderElection (LeaderElection.java:askForVotes(306)) - f563069c-118f-4871-9b30-ceec0ce6fdc0@group-5FFF0977FE0E-LeaderElection68 ELECTION round 0: submit vote requests at term 3 for -1: [f563069c-118f-4871-9b30-ceec0ce6fdc0|rpc:10.1.0.42:37767|priority:0, 4abb40c6-5512-454b-8b90-80ea8fb75f11|rpc:10.1.0.42:42053|priority:1, 53785889-3bf0-451b-ad64-fb7c3b645957|rpc:10.1.0.42:46195|priority:0], old=null
2022-05-11 01:30:59,311 [grpc-default-executor-3] WARN  server.GrpcLogAppender (LogUtils.java:warn(122)) - omNode-1@group-523986131536->omNode-3-AppendLogResponseHandler: Failed appendEntries: org.apache.ratis.thirdparty.io.grpc.StatusRuntimeException: UNAVAILABLE: io exception
2022-05-11 01:30:59,312 [grpc-default-executor-3] INFO  leader.FollowerInfo (FollowerInfoImpl.java:lambda$new$0(47)) - omNode-1@group-523986131536->omNode-3: nextIndex: updateUnconditionally 219 -> 45
2022-05-11 01:30:59,359 [4abb40c6-5512-454b-8b90-80ea8fb75f11@group-5FFF0977FE0E-FollowerState] INFO  impl.FollowerState (FollowerState.java:run(134)) - 4abb40c6-5512-454b-8b90-80ea8fb75f11@group-5FFF0977FE0E-FollowerState: change to CANDIDATE, lastRpcElapsedTime:5110465638ns, electionTimeout:5084ms
2022-05-11 01:30:59,359 [4abb40c6-5512-454b-8b90-80ea8fb75f11@group-5FFF0977FE0E-FollowerState] INFO  impl.RoleInfo (RoleInfo.java:shutdownFollowerState(108)) - 4abb40c6-5512-454b-8b90-80ea8fb75f11: shutdown 4abb40c6-5512-454b-8b90-80ea8fb75f11@group-5FFF0977FE0E-FollowerState
2022-05-11 01:30:59,359 [4abb40c6-5512-454b-8b90-80ea8fb75f11@group-5FFF0977FE0E-FollowerState] INFO  server.RaftServer$Division (RaftServerImpl.java:setRole(290)) - 4abb40c6-5512-454b-8b90-80ea8fb75f11@group-5FFF0977FE0E: changes role from  FOLLOWER to CANDIDATE at term 2 for changeToCandidate
2022-05-11 01:30:59,359 [4abb40c6-5512-454b-8b90-80ea8fb75f11@group-5FFF0977FE0E-FollowerState] INFO  server.RaftServerConfigKeys (ConfUtils.java:logGet(44)) - raft.server.leaderelection.pre-vote = false (custom)
2022-05-11 01:30:59,359 [4abb40c6-5512-454b-8b90-80ea8fb75f11@group-5FFF0977FE0E-FollowerState] INFO  impl.RoleInfo (RoleInfo.java:updateAndGet(130)) - 4abb40c6-5512-454b-8b90-80ea8fb75f11: start 4abb40c6-5512-454b-8b90-80ea8fb75f11@group-5FFF0977FE0E-LeaderElection69
2022-05-11 01:30:59,365 [grpc-default-executor-3] INFO  server.RaftServer$Division (RaftServerImpl.java:requestVote(1046)) - 4abb40c6-5512-454b-8b90-80ea8fb75f11@group-5FFF0977FE0E: receive requestVote(ELECTION, f563069c-118f-4871-9b30-ceec0ce6fdc0, group-5FFF0977FE0E, 3, (t:0, i:0))
2022-05-11 01:30:59,366 [grpc-default-executor-0] WARN  server.GrpcLogAppender (LogUtils.java:warn(122)) - omNode-1@group-523986131536->omNode-3-AppendLogResponseHandler: Failed appendEntries: org.apache.ratis.thirdparty.io.grpc.StatusRuntimeException: UNAVAILABLE: io exception
2022-05-11 01:30:59,366 [grpc-default-executor-0] INFO  leader.FollowerInfo (FollowerInfoImpl.java:lambda$new$0(47)) - omNode-1@group-523986131536->omNode-3: nextIndex: updateUnconditionally 219 -> 45
2022-05-11 01:30:59,368 [grpc-default-executor-3] INFO  impl.VoteContext (VoteContext.java:log(48)) - 4abb40c6-5512-454b-8b90-80ea8fb75f11@group-5FFF0977FE0E-CANDIDATE: reject ELECTION from f563069c-118f-4871-9b30-ceec0ce6fdc0: our priority 1 > candidate's priority 0
2022-05-11 01:30:59,368 [grpc-default-executor-3] INFO  server.RaftServer$Division (RaftServerImpl.java:setRole(290)) - 4abb40c6-5512-454b-8b90-80ea8fb75f11@group-5FFF0977FE0E: changes role from CANDIDATE to FOLLOWER at term 3 for candidate:f563069c-118f-4871-9b30-ceec0ce6fdc0
2022-05-11 01:30:59,368 [grpc-default-executor-3] INFO  impl.RoleInfo (RoleInfo.java:shutdownLeaderElection(121)) - 4abb40c6-5512-454b-8b90-80ea8fb75f11: shutdown 4abb40c6-5512-454b-8b90-80ea8fb75f11@group-5FFF0977FE0E-LeaderElection69
2022-05-11 01:30:59,369 [4abb40c6-5512-454b-8b90-80ea8fb75f11@group-5FFF0977FE0E-LeaderElection69] INFO  impl.LeaderElection (LeaderElection.java:run(230)) - 4abb40c6-5512-454b-8b90-80ea8fb75f11@group-5FFF0977FE0E-LeaderElection69: skip running since this is already CLOSING
2022-05-11 01:30:59,379 [grpc-default-executor-0] INFO  server.RaftServer$Division (RaftServerImpl.java:requestVote(1046)) - 53785889-3bf0-451b-ad64-fb7c3b645957@group-5FFF0977FE0E: receive requestVote(ELECTION, f563069c-118f-4871-9b30-ceec0ce6fdc0, group-5FFF0977FE0E, 3, (t:0, i:0))
2022-05-11 01:30:59,379 [grpc-default-executor-0] INFO  impl.VoteContext (VoteContext.java:log(48)) - 53785889-3bf0-451b-ad64-fb7c3b645957@group-5FFF0977FE0E-FOLLOWER: accept ELECTION from f563069c-118f-4871-9b30-ceec0ce6fdc0: our priority 0 <= candidate's priority 0
2022-05-11 01:30:59,379 [grpc-default-executor-0] INFO  server.RaftServer$Division (RaftServerImpl.java:setRole(290)) - 53785889-3bf0-451b-ad64-fb7c3b645957@group-5FFF0977FE0E: changes role from  FOLLOWER to FOLLOWER at term 3 for candidate:f563069c-118f-4871-9b30-ceec0ce6fdc0
2022-05-11 01:30:59,379 [grpc-default-executor-0] INFO  impl.RoleInfo (RoleInfo.java:shutdownFollowerState(108)) - 53785889-3bf0-451b-ad64-fb7c3b645957: shutdown 53785889-3bf0-451b-ad64-fb7c3b645957@group-5FFF0977FE0E-FollowerState
2022-05-11 01:30:59,379 [grpc-default-executor-0] INFO  impl.RoleInfo (RoleInfo.java:updateAndGet(130)) - 53785889-3bf0-451b-ad64-fb7c3b645957: start 53785889-3bf0-451b-ad64-fb7c3b645957@group-5FFF0977FE0E-FollowerState
2022-05-11 01:30:59,379 [53785889-3bf0-451b-ad64-fb7c3b645957@group-5FFF0977FE0E-FollowerState] INFO  impl.FollowerState (FollowerState.java:run(143)) - 53785889-3bf0-451b-ad64-fb7c3b645957@group-5FFF0977FE0E-FollowerState was interrupted: {}
java.lang.InterruptedException: sleep interrupted
	at java.lang.Thread.sleep(Native Method)
	at java.lang.Thread.sleep(Thread.java:342)
	at java.util.concurrent.TimeUnit.sleep(TimeUnit.java:386)
	at org.apache.ratis.util.TimeDuration.sleep(TimeDuration.java:324)
	at org.apache.ratis.util.TimeDuration.sleep(TimeDuration.java:309)
	at org.apache.ratis.server.impl.FollowerState.run(FollowerState.java:118)
2022-05-11 01:30:59,381 [grpc-default-executor-3] INFO  impl.RoleInfo (RoleInfo.java:updateAndGet(130)) - 4abb40c6-5512-454b-8b90-80ea8fb75f11: start 4abb40c6-5512-454b-8b90-80ea8fb75f11@group-5FFF0977FE0E-FollowerState
2022-05-11 01:30:59,382 [grpc-default-executor-0] INFO  server.RaftServer$Division (RaftServerImpl.java:requestVote(1078)) - 53785889-3bf0-451b-ad64-fb7c3b645957@group-5FFF0977FE0E replies to ELECTION vote request: f563069c-118f-4871-9b30-ceec0ce6fdc0<-53785889-3bf0-451b-ad64-fb7c3b645957#0:OK-t3. Peer's state: 53785889-3bf0-451b-ad64-fb7c3b645957@group-5FFF0977FE0E:t3, leader=null, voted=f563069c-118f-4871-9b30-ceec0ce6fdc0, raftlog=53785889-3bf0-451b-ad64-fb7c3b645957@group-5FFF0977FE0E-SegmentedRaftLog:OPENED:c-1, conf=-1: [f563069c-118f-4871-9b30-ceec0ce6fdc0|rpc:10.1.0.42:37767|dataStream:|priority:0, 4abb40c6-5512-454b-8b90-80ea8fb75f11|rpc:10.1.0.42:42053|dataStream:|priority:1, 53785889-3bf0-451b-ad64-fb7c3b645957|rpc:10.1.0.42:46195|dataStream:|priority:0], old=null
2022-05-11 01:30:59,384 [grpc-default-executor-3] INFO  server.RaftServer$Division (RaftServerImpl.java:requestVote(1078)) - 4abb40c6-5512-454b-8b90-80ea8fb75f11@group-5FFF0977FE0E replies to ELECTION vote request: f563069c-118f-4871-9b30-ceec0ce6fdc0<-4abb40c6-5512-454b-8b90-80ea8fb75f11#0:FAIL-t3. Peer's state: 4abb40c6-5512-454b-8b90-80ea8fb75f11@group-5FFF0977FE0E:t3, leader=null, voted=null, raftlog=4abb40c6-5512-454b-8b90-80ea8fb75f11@group-5FFF0977FE0E-SegmentedRaftLog:OPENED:c-1, conf=-1: [f563069c-118f-4871-9b30-ceec0ce6fdc0|rpc:10.1.0.42:37767|dataStream:|priority:0, 4abb40c6-5512-454b-8b90-80ea8fb75f11|rpc:10.1.0.42:42053|dataStream:|priority:1, 53785889-3bf0-451b-ad64-fb7c3b645957|rpc:10.1.0.42:46195|dataStream:|priority:0], old=null
2022-05-11 01:30:59,385 [f563069c-118f-4871-9b30-ceec0ce6fdc0@group-5FFF0977FE0E-LeaderElection68] INFO  impl.LeaderElection (LeaderElection.java:logAndReturn(89)) - f563069c-118f-4871-9b30-ceec0ce6fdc0@group-5FFF0977FE0E-LeaderElection68: ELECTION REJECTED received 2 response(s) and 0 exception(s):
2022-05-11 01:30:59,385 [f563069c-118f-4871-9b30-ceec0ce6fdc0@group-5FFF0977FE0E-LeaderElection68] INFO  impl.LeaderElection (LeaderElection.java:logAndReturn(93)) -   Response 0: f563069c-118f-4871-9b30-ceec0ce6fdc0<-4abb40c6-5512-454b-8b90-80ea8fb75f11#0:FAIL-t3
2022-05-11 01:30:59,385 [f563069c-118f-4871-9b30-ceec0ce6fdc0@group-5FFF0977FE0E-LeaderElection68] INFO  impl.LeaderElection (LeaderElection.java:logAndReturn(93)) -   Response 1: f563069c-118f-4871-9b30-ceec0ce6fdc0<-53785889-3bf0-451b-ad64-fb7c3b645957#0:OK-t3
2022-05-11 01:30:59,385 [f563069c-118f-4871-9b30-ceec0ce6fdc0@group-5FFF0977FE0E-LeaderElection68] INFO  impl.LeaderElection (LeaderElection.java:askForVotes(308)) - f563069c-118f-4871-9b30-ceec0ce6fdc0@group-5FFF0977FE0E-LeaderElection68 ELECTION round 0: result REJECTED
2022-05-11 01:30:59,385 [f563069c-118f-4871-9b30-ceec0ce6fdc0@group-5FFF0977FE0E-LeaderElection68] INFO  server.RaftServer$Division (RaftServerImpl.java:setRole(290)) - f563069c-118f-4871-9b30-ceec0ce6fdc0@group-5FFF0977FE0E: changes role from CANDIDATE to FOLLOWER at term 3 for REJECTED
2022-05-11 01:30:59,385 [f563069c-118f-4871-9b30-ceec0ce6fdc0@group-5FFF0977FE0E-LeaderElection68] INFO  impl.RoleInfo (RoleInfo.java:shutdownLeaderElection(121)) - f563069c-118f-4871-9b30-ceec0ce6fdc0: shutdown f563069c-118f-4871-9b30-ceec0ce6fdc0@group-5FFF0977FE0E-LeaderElection68
2022-05-11 01:30:59,385 [f563069c-118f-4871-9b30-ceec0ce6fdc0@group-5FFF0977FE0E-LeaderElection68] INFO  impl.RoleInfo (RoleInfo.java:updateAndGet(130)) - f563069c-118f-4871-9b30-ceec0ce6fdc0: start f563069c-118f-4871-9b30-ceec0ce6fdc0@group-5FFF0977FE0E-FollowerState
2022-05-11 01:30:59,402 [grpc-default-executor-3] WARN  server.GrpcLogAppender (LogUtils.java:warn(122)) - omNode-1@group-523986131536->omNode-3-AppendLogResponseHandler: Failed appendEntries: org.apache.ratis.thirdparty.io.grpc.StatusRuntimeException: UNAVAILABLE: io exception
2022-05-11 01:30:59,402 [grpc-default-executor-3] INFO  leader.FollowerInfo (FollowerInfoImpl.java:lambda$new$0(47)) - omNode-1@group-523986131536->omNode-3: nextIndex: updateUnconditionally 220 -> 45
2022-05-11 01:30:59,413 [grpc-default-executor-3] WARN  server.GrpcLogAppender (LogUtils.java:warn(122)) - omNode-1@group-523986131536->omNode-3-AppendLogResponseHandler: Failed appendEntries: org.apache.ratis.thirdparty.io.grpc.StatusRuntimeException: UNAVAILABLE: io exception
2022-05-11 01:30:59,413 [grpc-default-executor-3] INFO  leader.FollowerInfo (FollowerInfoImpl.java:lambda$new$0(47)) - omNode-1@group-523986131536->omNode-3: nextIndex: updateUnconditionally 220 -> 45
2022-05-11 01:30:59,415 [grpc-default-executor-3] WARN  server.GrpcLogAppender (LogUtils.java:warn(122)) - omNode-1@group-523986131536->omNode-3-AppendLogResponseHandler: Failed appendEntries: org.apache.ratis.thirdparty.io.grpc.StatusRuntimeException: UNAVAILABLE: io exception
2022-05-11 01:30:59,415 [grpc-default-executor-3] INFO  leader.FollowerInfo (FollowerInfoImpl.java:lambda$new$0(47)) - omNode-1@group-523986131536->omNode-3: nextIndex: updateUnconditionally 221 -> 45
2022-05-11 01:30:59,426 [grpc-default-executor-3] WARN  server.GrpcLogAppender (LogUtils.java:warn(122)) - omNode-1@group-523986131536->omNode-3-AppendLogResponseHandler: Failed appendEntries: org.apache.ratis.thirdparty.io.grpc.StatusRuntimeException: UNAVAILABLE: io exception
2022-05-11 01:30:59,426 [grpc-default-executor-3] INFO  leader.FollowerInfo (FollowerInfoImpl.java:lambda$new$0(47)) - omNode-1@group-523986131536->omNode-3: nextIndex: updateUnconditionally 222 -> 45
2022-05-11 01:30:59,434 [grpc-default-executor-3] WARN  server.GrpcLogAppender (LogUtils.java:warn(122)) - omNode-1@group-523986131536->omNode-3-AppendLogResponseHandler: Failed appendEntries: org.apache.ratis.thirdparty.io.grpc.StatusRuntimeException: UNAVAILABLE: io exception
2022-05-11 01:30:59,434 [grpc-default-executor-3] INFO  leader.FollowerInfo (FollowerInfoImpl.java:lambda$new$0(47)) - omNode-1@group-523986131536->omNode-3: nextIndex: updateUnconditionally 222 -> 45
2022-05-11 01:30:59,440 [grpc-default-executor-3] WARN  server.GrpcLogAppender (LogUtils.java:warn(122)) - omNode-1@group-523986131536->omNode-3-AppendLogResponseHandler: Failed appendEntries: org.apache.ratis.thirdparty.io.grpc.StatusRuntimeException: UNAVAILABLE: io exception
2022-05-11 01:30:59,441 [grpc-default-executor-3] INFO  leader.FollowerInfo (FollowerInfoImpl.java:lambda$new$0(47)) - omNode-1@group-523986131536->omNode-3: nextIndex: updateUnconditionally 223 -> 45
2022-05-11 01:30:59,473 [grpc-default-executor-0] WARN  server.GrpcLogAppender (LogUtils.java:warn(122)) - omNode-1@group-523986131536->omNode-3-AppendLogResponseHandler: Failed appendEntries: org.apache.ratis.thirdparty.io.grpc.StatusRuntimeException: UNAVAILABLE: io exception
2022-05-11 01:30:59,473 [grpc-default-executor-0] INFO  leader.FollowerInfo (FollowerInfoImpl.java:lambda$new$0(47)) - omNode-1@group-523986131536->omNode-3: nextIndex: updateUnconditionally 223 -> 45
2022-05-11 01:30:59,477 [grpc-default-executor-0] WARN  server.GrpcLogAppender (LogUtils.java:warn(122)) - omNode-1@group-523986131536->omNode-3-AppendLogResponseHandler: Failed appendEntries: org.apache.ratis.thirdparty.io.grpc.StatusRuntimeException: UNAVAILABLE: io exception
2022-05-11 01:30:59,477 [grpc-default-executor-0] INFO  leader.FollowerInfo (FollowerInfoImpl.java:lambda$new$0(47)) - omNode-1@group-523986131536->omNode-3: nextIndex: updateUnconditionally 223 -> 45
2022-05-11 01:30:59,482 [grpc-default-executor-3] WARN  server.GrpcLogAppender (LogUtils.java:warn(122)) - omNode-1@group-523986131536->omNode-3-AppendLogResponseHandler: Failed appendEntries: org.apache.ratis.thirdparty.io.grpc.StatusRuntimeException: UNAVAILABLE: io exception
2022-05-11 01:30:59,483 [grpc-default-executor-3] INFO  leader.FollowerInfo (FollowerInfoImpl.java:lambda$new$0(47)) - omNode-1@group-523986131536->omNode-3: nextIndex: updateUnconditionally 224 -> 45
2022-05-11 01:30:59,493 [grpc-default-executor-3] WARN  server.GrpcLogAppender (LogUtils.java:warn(122)) - omNode-1@group-523986131536->omNode-3-AppendLogResponseHandler: Failed appendEntries: org.apache.ratis.thirdparty.io.grpc.StatusRuntimeException: UNAVAILABLE: io exception
2022-05-11 01:30:59,493 [grpc-default-executor-3] INFO  leader.FollowerInfo (FollowerInfoImpl.java:lambda$new$0(47)) - omNode-1@group-523986131536->omNode-3: nextIndex: updateUnconditionally 224 -> 45
2022-05-11 01:30:59,497 [grpc-default-executor-3] WARN  server.GrpcLogAppender (LogUtils.java:warn(122)) - omNode-1@group-523986131536->omNode-3-AppendLogResponseHandler: Failed appendEntries: org.apache.ratis.thirdparty.io.grpc.StatusRuntimeException: UNAVAILABLE: io exception
2022-05-11 01:30:59,498 [grpc-default-executor-3] INFO  leader.FollowerInfo (FollowerInfoImpl.java:lambda$new$0(47)) - omNode-1@group-523986131536->omNode-3: nextIndex: updateUnconditionally 225 -> 45
2022-05-11 01:30:59,501 [grpc-default-executor-0] WARN  server.GrpcLogAppender (LogUtils.java:warn(122)) - omNode-1@group-523986131536->omNode-3-AppendLogResponseHandler: Failed appendEntries: org.apache.ratis.thirdparty.io.grpc.StatusRuntimeException: UNAVAILABLE: io exception
2022-05-11 01:30:59,501 [grpc-default-executor-0] INFO  leader.FollowerInfo (FollowerInfoImpl.java:lambda$new$0(47)) - omNode-1@group-523986131536->omNode-3: nextIndex: updateUnconditionally 226 -> 45
2022-05-11 01:30:59,506 [grpc-default-executor-3] WARN  server.GrpcLogAppender (LogUtils.java:warn(122)) - omNode-1@group-523986131536->omNode-3-AppendLogResponseHandler: Failed appendEntries: org.apache.ratis.thirdparty.io.grpc.StatusRuntimeException: UNAVAILABLE: io exception
2022-05-11 01:30:59,506 [grpc-default-executor-3] INFO  leader.FollowerInfo (FollowerInfoImpl.java:lambda$new$0(47)) - omNode-1@group-523986131536->omNode-3: nextIndex: updateUnconditionally 226 -> 45
2022-05-11 01:30:59,512 [grpc-default-executor-3] WARN  server.GrpcLogAppender (LogUtils.java:warn(122)) - omNode-1@group-523986131536->omNode-3-AppendLogResponseHandler: Failed appendEntries: org.apache.ratis.thirdparty.io.grpc.StatusRuntimeException: UNAVAILABLE: io exception
2022-05-11 01:30:59,513 [grpc-default-executor-3] INFO  leader.FollowerInfo (FollowerInfoImpl.java:lambda$new$0(47)) - omNode-1@group-523986131536->omNode-3: nextIndex: updateUnconditionally 227 -> 45
2022-05-11 01:30:59,533 [grpc-default-executor-3] WARN  server.GrpcLogAppender (LogUtils.java:warn(122)) - omNode-1@group-523986131536->omNode-3-AppendLogResponseHandler: Failed appendEntries: org.apache.ratis.thirdparty.io.grpc.StatusRuntimeException: UNAVAILABLE: io exception
2022-05-11 01:30:59,533 [grpc-default-executor-3] INFO  leader.FollowerInfo (FollowerInfoImpl.java:lambda$new$0(47)) - omNode-1@group-523986131536->omNode-3: nextIndex: updateUnconditionally 227 -> 45
2022-05-11 01:30:59,535 [grpc-default-executor-3] WARN  server.GrpcLogAppender (LogUtils.java:warn(122)) - omNode-1@group-523986131536->omNode-3-AppendLogResponseHandler: Failed appendEntries: org.apache.ratis.thirdparty.io.grpc.StatusRuntimeException: UNAVAILABLE: io exception
2022-05-11 01:30:59,535 [grpc-default-executor-3] INFO  leader.FollowerInfo (FollowerInfoImpl.java:lambda$new$0(47)) - omNode-1@group-523986131536->omNode-3: nextIndex: updateUnconditionally 227 -> 45
2022-05-11 01:30:59,545 [grpc-default-executor-3] WARN  server.GrpcLogAppender (LogUtils.java:warn(122)) - omNode-1@group-523986131536->omNode-3-AppendLogResponseHandler: Failed appendEntries: org.apache.ratis.thirdparty.io.grpc.StatusRuntimeException: UNAVAILABLE: io exception
2022-05-11 01:30:59,545 [grpc-default-executor-3] INFO  leader.FollowerInfo (FollowerInfoImpl.java:lambda$new$0(47)) - omNode-1@group-523986131536->omNode-3: nextIndex: updateUnconditionally 228 -> 45
2022-05-11 01:30:59,560 [grpc-default-executor-3] WARN  server.GrpcLogAppender (LogUtils.java:warn(122)) - omNode-1@group-523986131536->omNode-3-AppendLogResponseHandler: Failed appendEntries: org.apache.ratis.thirdparty.io.grpc.StatusRuntimeException: UNAVAILABLE: io exception
2022-05-11 01:30:59,560 [grpc-default-executor-3] INFO  leader.FollowerInfo (FollowerInfoImpl.java:lambda$new$0(47)) - omNode-1@group-523986131536->omNode-3: nextIndex: updateUnconditionally 228 -> 45
2022-05-11 01:30:59,563 [grpc-default-executor-3] WARN  server.GrpcLogAppender (LogUtils.java:warn(122)) - omNode-1@group-523986131536->omNode-3-AppendLogResponseHandler: Failed appendEntries: org.apache.ratis.thirdparty.io.grpc.StatusRuntimeException: UNAVAILABLE: io exception
2022-05-11 01:30:59,563 [grpc-default-executor-3] INFO  leader.FollowerInfo (FollowerInfoImpl.java:lambda$new$0(47)) - omNode-1@group-523986131536->omNode-3: nextIndex: updateUnconditionally 229 -> 45
2022-05-11 01:30:59,567 [grpc-default-executor-0] WARN  server.GrpcLogAppender (LogUtils.java:warn(122)) - omNode-1@group-523986131536->omNode-3-AppendLogResponseHandler: Failed appendEntries: org.apache.ratis.thirdparty.io.grpc.StatusRuntimeException: UNAVAILABLE: io exception
2022-05-11 01:30:59,568 [grpc-default-executor-0] INFO  leader.FollowerInfo (FollowerInfoImpl.java:lambda$new$0(47)) - omNode-1@group-523986131536->omNode-3: nextIndex: updateUnconditionally 230 -> 45
2022-05-11 01:30:59,582 [grpc-default-executor-3] WARN  server.GrpcLogAppender (LogUtils.java:warn(122)) - omNode-1@group-523986131536->omNode-3-AppendLogResponseHandler: Failed appendEntries: org.apache.ratis.thirdparty.io.grpc.StatusRuntimeException: UNAVAILABLE: io exception
2022-05-11 01:30:59,582 [grpc-default-executor-3] INFO  leader.FollowerInfo (FollowerInfoImpl.java:lambda$new$0(47)) - omNode-1@group-523986131536->omNode-3: nextIndex: updateUnconditionally 230 -> 45
2022-05-11 01:30:59,584 [grpc-default-executor-3] WARN  server.GrpcLogAppender (LogUtils.java:warn(122)) - omNode-1@group-523986131536->omNode-3-AppendLogResponseHandler: Failed appendEntries: org.apache.ratis.thirdparty.io.grpc.StatusRuntimeException: UNAVAILABLE: io exception
2022-05-11 01:30:59,584 [grpc-default-executor-3] INFO  leader.FollowerInfo (FollowerInfoImpl.java:lambda$new$0(47)) - omNode-1@group-523986131536->omNode-3: nextIndex: updateUnconditionally 230 -> 45
2022-05-11 01:30:59,589 [grpc-default-executor-3] WARN  server.GrpcLogAppender (LogUtils.java:warn(122)) - omNode-1@group-523986131536->omNode-3-AppendLogResponseHandler: Failed appendEntries: org.apache.ratis.thirdparty.io.grpc.StatusRuntimeException: UNAVAILABLE: io exception
2022-05-11 01:30:59,589 [grpc-default-executor-3] INFO  leader.FollowerInfo (FollowerInfoImpl.java:lambda$new$0(47)) - omNode-1@group-523986131536->omNode-3: nextIndex: updateUnconditionally 231 -> 45
2022-05-11 01:30:59,607 [grpc-default-executor-3] WARN  server.GrpcLogAppender (LogUtils.java:warn(122)) - omNode-1@group-523986131536->omNode-3-AppendLogResponseHandler: Failed appendEntries: org.apache.ratis.thirdparty.io.grpc.StatusRuntimeException: UNAVAILABLE: io exception
2022-05-11 01:30:59,607 [grpc-default-executor-3] INFO  leader.FollowerInfo (FollowerInfoImpl.java:lambda$new$0(47)) - omNode-1@group-523986131536->omNode-3: nextIndex: updateUnconditionally 231 -> 45
2022-05-11 01:30:59,646 [grpc-default-executor-3] WARN  server.GrpcLogAppender (LogUtils.java:warn(122)) - omNode-1@group-523986131536->omNode-3-AppendLogResponseHandler: Failed appendEntries: org.apache.ratis.thirdparty.io.grpc.StatusRuntimeException: UNAVAILABLE: io exception
2022-05-11 01:30:59,646 [grpc-default-executor-3] INFO  leader.FollowerInfo (FollowerInfoImpl.java:lambda$new$0(47)) - omNode-1@group-523986131536->omNode-3: nextIndex: updateUnconditionally 232 -> 45
2022-05-11 01:30:59,652 [grpc-default-executor-3] WARN  server.GrpcLogAppender (LogUtils.java:warn(122)) - omNode-1@group-523986131536->omNode-3-AppendLogResponseHandler: Failed appendEntries: org.apache.ratis.thirdparty.io.grpc.StatusRuntimeException: UNAVAILABLE: io exception
2022-05-11 01:30:59,653 [grpc-default-executor-3] INFO  leader.FollowerInfo (FollowerInfoImpl.java:lambda$new$0(47)) - omNode-1@group-523986131536->omNode-3: nextIndex: updateUnconditionally 232 -> 45
2022-05-11 01:30:59,654 [grpc-default-executor-3] WARN  server.GrpcLogAppender (LogUtils.java:warn(122)) - omNode-1@group-523986131536->omNode-3-AppendLogResponseHandler: Failed appendEntries: org.apache.ratis.thirdparty.io.grpc.StatusRuntimeException: UNAVAILABLE: io exception
2022-05-11 01:30:59,654 [grpc-default-executor-3] INFO  leader.FollowerInfo (FollowerInfoImpl.java:lambda$new$0(47)) - omNode-1@group-523986131536->omNode-3: nextIndex: updateUnconditionally 233 -> 45
2022-05-11 01:30:59,659 [grpc-default-executor-0] WARN  server.GrpcLogAppender (LogUtils.java:warn(122)) - omNode-1@group-523986131536->omNode-3-AppendLogResponseHandler: Failed appendEntries: org.apache.ratis.thirdparty.io.grpc.StatusRuntimeException: UNAVAILABLE: io exception
2022-05-11 01:30:59,660 [grpc-default-executor-0] INFO  leader.FollowerInfo (FollowerInfoImpl.java:lambda$new$0(47)) - omNode-1@group-523986131536->omNode-3: nextIndex: updateUnconditionally 234 -> 45
2022-05-11 01:30:59,668 [grpc-default-executor-3] WARN  server.GrpcLogAppender (LogUtils.java:warn(122)) - omNode-1@group-523986131536->omNode-3-AppendLogResponseHandler: Failed appendEntries: org.apache.ratis.thirdparty.io.grpc.StatusRuntimeException: UNAVAILABLE: io exception
2022-05-11 01:30:59,668 [grpc-default-executor-3] INFO  leader.FollowerInfo (FollowerInfoImpl.java:lambda$new$0(47)) - omNode-1@group-523986131536->omNode-3: nextIndex: updateUnconditionally 234 -> 45
2022-05-11 01:30:59,669 [grpc-default-executor-3] WARN  server.GrpcLogAppender (LogUtils.java:warn(122)) - omNode-1@group-523986131536->omNode-3-AppendLogResponseHandler: Failed appendEntries: org.apache.ratis.thirdparty.io.grpc.StatusRuntimeException: UNAVAILABLE: io exception
2022-05-11 01:30:59,669 [grpc-default-executor-3] INFO  leader.FollowerInfo (FollowerInfoImpl.java:lambda$new$0(47)) - omNode-1@group-523986131536->omNode-3: nextIndex: updateUnconditionally 234 -> 45
2022-05-11 01:30:59,678 [grpc-default-executor-3] WARN  server.GrpcLogAppender (LogUtils.java:warn(122)) - omNode-1@group-523986131536->omNode-3-AppendLogResponseHandler: Failed appendEntries: org.apache.ratis.thirdparty.io.grpc.StatusRuntimeException: UNAVAILABLE: io exception
2022-05-11 01:30:59,678 [grpc-default-executor-3] INFO  leader.FollowerInfo (FollowerInfoImpl.java:lambda$new$0(47)) - omNode-1@group-523986131536->omNode-3: nextIndex: updateUnconditionally 235 -> 45
2022-05-11 01:30:59,694 [grpc-default-executor-3] WARN  server.GrpcLogAppender (LogUtils.java:warn(122)) - omNode-1@group-523986131536->omNode-3-AppendLogResponseHandler: Failed appendEntries: org.apache.ratis.thirdparty.io.grpc.StatusRuntimeException: UNAVAILABLE: io exception
2022-05-11 01:30:59,694 [grpc-default-executor-3] INFO  leader.FollowerInfo (FollowerInfoImpl.java:lambda$new$0(47)) - omNode-1@group-523986131536->omNode-3: nextIndex: updateUnconditionally 235 -> 45
2022-05-11 01:30:59,695 [grpc-default-executor-3] WARN  server.GrpcLogAppender (LogUtils.java:warn(122)) - omNode-1@group-523986131536->omNode-3-AppendLogResponseHandler: Failed appendEntries: org.apache.ratis.thirdparty.io.grpc.StatusRuntimeException: UNAVAILABLE: io exception
2022-05-11 01:30:59,696 [grpc-default-executor-3] INFO  leader.FollowerInfo (FollowerInfoImpl.java:lambda$new$0(47)) - omNode-1@group-523986131536->omNode-3: nextIndex: updateUnconditionally 235 -> 45
2022-05-11 01:30:59,717 [grpc-default-executor-3] WARN  server.GrpcLogAppender (LogUtils.java:warn(122)) - omNode-1@group-523986131536->omNode-3-AppendLogResponseHandler: Failed appendEntries: org.apache.ratis.thirdparty.io.grpc.StatusRuntimeException: UNAVAILABLE: io exception
2022-05-11 01:30:59,717 [grpc-default-executor-3] INFO  leader.FollowerInfo (FollowerInfoImpl.java:lambda$new$0(47)) - omNode-1@group-523986131536->omNode-3: nextIndex: updateUnconditionally 236 -> 45
2022-05-11 01:30:59,726 [grpc-default-executor-3] WARN  server.GrpcLogAppender (LogUtils.java:warn(122)) - omNode-1@group-523986131536->omNode-3-AppendLogResponseHandler: Failed appendEntries: org.apache.ratis.thirdparty.io.grpc.StatusRuntimeException: UNAVAILABLE: io exception
2022-05-11 01:30:59,727 [grpc-default-executor-3] INFO  leader.FollowerInfo (FollowerInfoImpl.java:lambda$new$0(47)) - omNode-1@group-523986131536->omNode-3: nextIndex: updateUnconditionally 236 -> 45
2022-05-11 01:30:59,740 [grpc-default-executor-3] WARN  server.GrpcLogAppender (LogUtils.java:warn(122)) - omNode-1@group-523986131536->omNode-3-AppendLogResponseHandler: Failed appendEntries: org.apache.ratis.thirdparty.io.grpc.StatusRuntimeException: UNAVAILABLE: io exception
2022-05-11 01:30:59,740 [grpc-default-executor-3] INFO  leader.FollowerInfo (FollowerInfoImpl.java:lambda$new$0(47)) - omNode-1@group-523986131536->omNode-3: nextIndex: updateUnconditionally 237 -> 45
2022-05-11 01:30:59,745 [grpc-default-executor-3] WARN  server.GrpcLogAppender (LogUtils.java:warn(122)) - omNode-1@group-523986131536->omNode-3-AppendLogResponseHandler: Failed appendEntries: org.apache.ratis.thirdparty.io.grpc.StatusRuntimeException: UNAVAILABLE: io exception
2022-05-11 01:30:59,745 [grpc-default-executor-3] INFO  leader.FollowerInfo (FollowerInfoImpl.java:lambda$new$0(47)) - omNode-1@group-523986131536->omNode-3: nextIndex: updateUnconditionally 237 -> 45
2022-05-11 01:30:59,755 [grpc-default-executor-3] WARN  server.GrpcLogAppender (LogUtils.java:warn(122)) - omNode-1@group-523986131536->omNode-3-AppendLogResponseHandler: Failed appendEntries: org.apache.ratis.thirdparty.io.grpc.StatusRuntimeException: UNAVAILABLE: io exception
2022-05-11 01:30:59,755 [grpc-default-executor-3] INFO  leader.FollowerInfo (FollowerInfoImpl.java:lambda$new$0(47)) - omNode-1@group-523986131536->omNode-3: nextIndex: updateUnconditionally 238 -> 45
2022-05-11 01:30:59,763 [grpc-default-executor-3] WARN  server.GrpcLogAppender (LogUtils.java:warn(122)) - omNode-1@group-523986131536->omNode-3-AppendLogResponseHandler: Failed appendEntries: org.apache.ratis.thirdparty.io.grpc.StatusRuntimeException: UNAVAILABLE: io exception
2022-05-11 01:30:59,763 [grpc-default-executor-3] INFO  leader.FollowerInfo (FollowerInfoImpl.java:lambda$new$0(47)) - omNode-1@group-523986131536->omNode-3: nextIndex: updateUnconditionally 238 -> 45
2022-05-11 01:30:59,767 [grpc-default-executor-3] WARN  server.GrpcLogAppender (LogUtils.java:warn(122)) - omNode-1@group-523986131536->omNode-3-AppendLogResponseHandler: Failed appendEntries: org.apache.ratis.thirdparty.io.grpc.StatusRuntimeException: UNAVAILABLE: io exception
2022-05-11 01:30:59,767 [grpc-default-executor-3] INFO  leader.FollowerInfo (FollowerInfoImpl.java:lambda$new$0(47)) - omNode-1@group-523986131536->omNode-3: nextIndex: updateUnconditionally 239 -> 45
2022-05-11 01:30:59,784 [grpc-default-executor-3] WARN  server.GrpcLogAppender (LogUtils.java:warn(122)) - omNode-1@group-523986131536->omNode-3-AppendLogResponseHandler: Failed appendEntries: org.apache.ratis.thirdparty.io.grpc.StatusRuntimeException: UNAVAILABLE: io exception
2022-05-11 01:30:59,784 [grpc-default-executor-3] INFO  leader.FollowerInfo (FollowerInfoImpl.java:lambda$new$0(47)) - omNode-1@group-523986131536->omNode-3: nextIndex: updateUnconditionally 239 -> 45
2022-05-11 01:30:59,785 [grpc-default-executor-3] WARN  server.GrpcLogAppender (LogUtils.java:warn(122)) - omNode-1@group-523986131536->omNode-3-AppendLogResponseHandler: Failed appendEntries: org.apache.ratis.thirdparty.io.grpc.StatusRuntimeException: UNAVAILABLE: io exception
2022-05-11 01:30:59,785 [grpc-default-executor-3] INFO  leader.FollowerInfo (FollowerInfoImpl.java:lambda$new$0(47)) - omNode-1@group-523986131536->omNode-3: nextIndex: updateUnconditionally 239 -> 45
2022-05-11 01:30:59,800 [grpc-default-executor-3] WARN  server.GrpcLogAppender (LogUtils.java:warn(122)) - omNode-1@group-523986131536->omNode-3-AppendLogResponseHandler: Failed appendEntries: org.apache.ratis.thirdparty.io.grpc.StatusRuntimeException: UNAVAILABLE: io exception
2022-05-11 01:30:59,801 [grpc-default-executor-3] INFO  leader.FollowerInfo (FollowerInfoImpl.java:lambda$new$0(47)) - omNode-1@group-523986131536->omNode-3: nextIndex: updateUnconditionally 240 -> 45
2022-05-11 01:30:59,807 [grpc-default-executor-3] WARN  server.GrpcLogAppender (LogUtils.java:warn(122)) - omNode-1@group-523986131536->omNode-3-AppendLogResponseHandler: Failed appendEntries: org.apache.ratis.thirdparty.io.grpc.StatusRuntimeException: UNAVAILABLE: io exception
2022-05-11 01:30:59,807 [grpc-default-executor-3] INFO  leader.FollowerInfo (FollowerInfoImpl.java:lambda$new$0(47)) - omNode-1@group-523986131536->omNode-3: nextIndex: updateUnconditionally 240 -> 45
2022-05-11 01:30:59,813 [grpc-default-executor-3] WARN  server.GrpcLogAppender (LogUtils.java:warn(122)) - omNode-1@group-523986131536->omNode-3-AppendLogResponseHandler: Failed appendEntries: org.apache.ratis.thirdparty.io.grpc.StatusRuntimeException: UNAVAILABLE: io exception
2022-05-11 01:30:59,813 [grpc-default-executor-3] INFO  leader.FollowerInfo (FollowerInfoImpl.java:lambda$new$0(47)) - omNode-1@group-523986131536->omNode-3: nextIndex: updateUnconditionally 241 -> 45
2022-05-11 01:30:59,816 [grpc-default-executor-3] WARN  server.GrpcLogAppender (LogUtils.java:warn(122)) - omNode-1@group-523986131536->omNode-3-AppendLogResponseHandler: Failed appendEntries: org.apache.ratis.thirdparty.io.grpc.StatusRuntimeException: UNAVAILABLE: io exception
2022-05-11 01:30:59,816 [grpc-default-executor-3] INFO  leader.FollowerInfo (FollowerInfoImpl.java:lambda$new$0(47)) - omNode-1@group-523986131536->omNode-3: nextIndex: updateUnconditionally 242 -> 45
2022-05-11 01:30:59,818 [grpc-default-executor-3] WARN  server.GrpcLogAppender (LogUtils.java:warn(122)) - omNode-1@group-523986131536->omNode-3-AppendLogResponseHandler: Failed appendEntries: org.apache.ratis.thirdparty.io.grpc.StatusRuntimeException: UNAVAILABLE: io exception
2022-05-11 01:30:59,818 [grpc-default-executor-3] INFO  leader.FollowerInfo (FollowerInfoImpl.java:lambda$new$0(47)) - omNode-1@group-523986131536->omNode-3: nextIndex: updateUnconditionally 242 -> 45
2022-05-11 01:30:59,824 [grpc-default-executor-3] WARN  server.GrpcLogAppender (LogUtils.java:warn(122)) - omNode-1@group-523986131536->omNode-3-AppendLogResponseHandler: Failed appendEntries: org.apache.ratis.thirdparty.io.grpc.StatusRuntimeException: UNAVAILABLE: io exception
2022-05-11 01:30:59,825 [grpc-default-executor-3] INFO  leader.FollowerInfo (FollowerInfoImpl.java:lambda$new$0(47)) - omNode-1@group-523986131536->omNode-3: nextIndex: updateUnconditionally 243 -> 45
2022-05-11 01:30:59,837 [grpc-default-executor-3] WARN  server.GrpcLogAppender (LogUtils.java:warn(122)) - omNode-1@group-523986131536->omNode-3-AppendLogResponseHandler: Failed appendEntries: org.apache.ratis.thirdparty.io.grpc.StatusRuntimeException: UNAVAILABLE: io exception
2022-05-11 01:30:59,837 [grpc-default-executor-3] INFO  leader.FollowerInfo (FollowerInfoImpl.java:lambda$new$0(47)) - omNode-1@group-523986131536->omNode-3: nextIndex: updateUnconditionally 243 -> 45
2022-05-11 01:30:59,859 [grpc-default-executor-3] WARN  server.GrpcLogAppender (LogUtils.java:warn(122)) - omNode-1@group-523986131536->omNode-3-AppendLogResponseHandler: Failed appendEntries: org.apache.ratis.thirdparty.io.grpc.StatusRuntimeException: UNAVAILABLE: io exception
2022-05-11 01:30:59,859 [grpc-default-executor-3] INFO  leader.FollowerInfo (FollowerInfoImpl.java:lambda$new$0(47)) - omNode-1@group-523986131536->omNode-3: nextIndex: updateUnconditionally 244 -> 45
2022-05-11 01:30:59,871 [grpc-default-executor-3] WARN  server.GrpcLogAppender (LogUtils.java:warn(122)) - omNode-1@group-523986131536->omNode-3-AppendLogResponseHandler: Failed appendEntries: org.apache.ratis.thirdparty.io.grpc.StatusRuntimeException: UNAVAILABLE: io exception
2022-05-11 01:30:59,871 [grpc-default-executor-3] INFO  leader.FollowerInfo (FollowerInfoImpl.java:lambda$new$0(47)) - omNode-1@group-523986131536->omNode-3: nextIndex: updateUnconditionally 244 -> 45
2022-05-11 01:30:59,875 [grpc-default-executor-0] WARN  server.GrpcLogAppender (LogUtils.java:warn(122)) - omNode-1@group-523986131536->omNode-3-AppendLogResponseHandler: Failed appendEntries: org.apache.ratis.thirdparty.io.grpc.StatusRuntimeException: UNAVAILABLE: io exception
2022-05-11 01:30:59,876 [grpc-default-executor-0] INFO  leader.FollowerInfo (FollowerInfoImpl.java:lambda$new$0(47)) - omNode-1@group-523986131536->omNode-3: nextIndex: updateUnconditionally 245 -> 45
2022-05-11 01:30:59,881 [grpc-default-executor-0] WARN  server.GrpcLogAppender (LogUtils.java:warn(122)) - omNode-1@group-523986131536->omNode-3-AppendLogResponseHandler: Failed appendEntries: org.apache.ratis.thirdparty.io.grpc.StatusRuntimeException: UNAVAILABLE: io exception
2022-05-11 01:30:59,881 [grpc-default-executor-0] INFO  leader.FollowerInfo (FollowerInfoImpl.java:lambda$new$0(47)) - omNode-1@group-523986131536->omNode-3: nextIndex: updateUnconditionally 246 -> 45
2022-05-11 01:30:59,884 [grpc-default-executor-3] WARN  server.GrpcLogAppender (LogUtils.java:warn(122)) - omNode-1@group-523986131536->omNode-3-AppendLogResponseHandler: Failed appendEntries: org.apache.ratis.thirdparty.io.grpc.StatusRuntimeException: UNAVAILABLE: io exception
2022-05-11 01:30:59,885 [grpc-default-executor-3] INFO  leader.FollowerInfo (FollowerInfoImpl.java:lambda$new$0(47)) - omNode-1@group-523986131536->omNode-3: nextIndex: updateUnconditionally 246 -> 45
2022-05-11 01:30:59,891 [grpc-default-executor-0] WARN  server.GrpcLogAppender (LogUtils.java:warn(122)) - omNode-1@group-523986131536->omNode-3-AppendLogResponseHandler: Failed appendEntries: org.apache.ratis.thirdparty.io.grpc.StatusRuntimeException: UNAVAILABLE: io exception
2022-05-11 01:30:59,891 [grpc-default-executor-0] INFO  leader.FollowerInfo (FollowerInfoImpl.java:lambda$new$0(47)) - omNode-1@group-523986131536->omNode-3: nextIndex: updateUnconditionally 246 -> 45
2022-05-11 01:30:59,897 [grpc-default-executor-0] WARN  server.GrpcLogAppender (LogUtils.java:warn(122)) - omNode-1@group-523986131536->omNode-3-AppendLogResponseHandler: Failed appendEntries: org.apache.ratis.thirdparty.io.grpc.StatusRuntimeException: UNAVAILABLE: io exception
2022-05-11 01:30:59,897 [grpc-default-executor-0] INFO  leader.FollowerInfo (FollowerInfoImpl.java:lambda$new$0(47)) - omNode-1@group-523986131536->omNode-3: nextIndex: updateUnconditionally 247 -> 45
2022-05-11 01:30:59,902 [grpc-default-executor-0] WARN  server.GrpcLogAppender (LogUtils.java:warn(122)) - omNode-1@group-523986131536->omNode-3-AppendLogResponseHandler: Failed appendEntries: org.apache.ratis.thirdparty.io.grpc.StatusRuntimeException: UNAVAILABLE: io exception
2022-05-11 01:30:59,903 [grpc-default-executor-0] INFO  leader.FollowerInfo (FollowerInfoImpl.java:lambda$new$0(47)) - omNode-1@group-523986131536->omNode-3: nextIndex: updateUnconditionally 247 -> 45
2022-05-11 01:30:59,911 [grpc-default-executor-0] WARN  server.GrpcLogAppender (LogUtils.java:warn(122)) - omNode-1@group-523986131536->omNode-3-AppendLogResponseHandler: Failed appendEntries: org.apache.ratis.thirdparty.io.grpc.StatusRuntimeException: UNAVAILABLE: io exception
2022-05-11 01:30:59,911 [grpc-default-executor-0] INFO  leader.FollowerInfo (FollowerInfoImpl.java:lambda$new$0(47)) - omNode-1@group-523986131536->omNode-3: nextIndex: updateUnconditionally 248 -> 45
2022-05-11 01:30:59,925 [EndpointStateMachine task thread for /0.0.0.0:46775 - 0 ] INFO  ipc.Client (Client.java:handleConnectionFailure(977)) - Retrying connect to server: 0.0.0.0/0.0.0.0:46775. Already tried 3 time(s); retry policy is RetryUpToMaximumCountWithFixedSleep(maxRetries=15, sleepTime=1000 MILLISECONDS)
2022-05-11 01:30:59,930 [grpc-default-executor-0] WARN  server.GrpcLogAppender (LogUtils.java:warn(122)) - omNode-1@group-523986131536->omNode-3-AppendLogResponseHandler: Failed appendEntries: org.apache.ratis.thirdparty.io.grpc.StatusRuntimeException: UNAVAILABLE: io exception
2022-05-11 01:30:59,933 [grpc-default-executor-0] INFO  leader.FollowerInfo (FollowerInfoImpl.java:lambda$new$0(47)) - omNode-1@group-523986131536->omNode-3: nextIndex: updateUnconditionally 248 -> 45
2022-05-11 01:30:59,935 [grpc-default-executor-0] WARN  server.GrpcLogAppender (LogUtils.java:warn(122)) - omNode-1@group-523986131536->omNode-3-AppendLogResponseHandler: Failed appendEntries: org.apache.ratis.thirdparty.io.grpc.StatusRuntimeException: UNAVAILABLE: io exception
2022-05-11 01:30:59,936 [grpc-default-executor-0] INFO  leader.FollowerInfo (FollowerInfoImpl.java:lambda$new$0(47)) - omNode-1@group-523986131536->omNode-3: nextIndex: updateUnconditionally 249 -> 45
2022-05-11 01:30:59,937 [grpc-default-executor-0] WARN  server.GrpcLogAppender (LogUtils.java:warn(122)) - omNode-1@group-523986131536->omNode-3-AppendLogResponseHandler: Failed appendEntries: org.apache.ratis.thirdparty.io.grpc.StatusRuntimeException: UNAVAILABLE: io exception
2022-05-11 01:30:59,937 [grpc-default-executor-0] INFO  leader.FollowerInfo (FollowerInfoImpl.java:lambda$new$0(47)) - omNode-1@group-523986131536->omNode-3: nextIndex: updateUnconditionally 250 -> 45
2022-05-11 01:30:59,949 [grpc-default-executor-0] WARN  server.GrpcLogAppender (LogUtils.java:warn(122)) - omNode-1@group-523986131536->omNode-3-AppendLogResponseHandler: Failed appendEntries: org.apache.ratis.thirdparty.io.grpc.StatusRuntimeException: UNAVAILABLE: io exception
2022-05-11 01:30:59,949 [grpc-default-executor-0] INFO  leader.FollowerInfo (FollowerInfoImpl.java:lambda$new$0(47)) - omNode-1@group-523986131536->omNode-3: nextIndex: updateUnconditionally 250 -> 45
2022-05-11 01:30:59,952 [grpc-default-executor-0] WARN  server.GrpcLogAppender (LogUtils.java:warn(122)) - omNode-1@group-523986131536->omNode-3-AppendLogResponseHandler: Failed appendEntries: org.apache.ratis.thirdparty.io.grpc.StatusRuntimeException: UNAVAILABLE: io exception
2022-05-11 01:30:59,952 [grpc-default-executor-0] INFO  leader.FollowerInfo (FollowerInfoImpl.java:lambda$new$0(47)) - omNode-1@group-523986131536->omNode-3: nextIndex: updateUnconditionally 250 -> 45
2022-05-11 01:30:59,964 [omNode-1@group-523986131536-StateMachineUpdater] INFO  ratis.OzoneManagerStateMachine (OzoneManagerStateMachine.java:takeSnapshot(436)) - Current Snapshot Index (t:2, i:249)
2022-05-11 01:30:59,964 [grpc-default-executor-0] WARN  server.GrpcLogAppender (LogUtils.java:warn(122)) - omNode-1@group-523986131536->omNode-3-AppendLogResponseHandler: Failed appendEntries: org.apache.ratis.thirdparty.io.grpc.StatusRuntimeException: UNAVAILABLE: io exception
2022-05-11 01:30:59,964 [omNode-1@group-523986131536-StateMachineUpdater] INFO  impl.StateMachineUpdater (StateMachineUpdater.java:takeSnapshot(281)) - omNode-1@group-523986131536-StateMachineUpdater: Took a snapshot at index 249
2022-05-11 01:30:59,964 [omNode-1@group-523986131536-StateMachineUpdater] INFO  impl.StateMachineUpdater (StateMachineUpdater.java:lambda$new$0(89)) - omNode-1@group-523986131536-StateMachineUpdater: snapshotIndex: updateIncreasingly 199 -> 249
2022-05-11 01:30:59,964 [omNode-1@group-523986131536-StateMachineUpdater] INFO  raftlog.RaftLog (RaftLogBase.java:purge(306)) - omNode-1@group-523986131536-SegmentedRaftLog: purge 249
2022-05-11 01:30:59,964 [omNode-1@group-523986131536-StateMachineUpdater] INFO  raftlog.RaftLog (RaftLogBase.java:lambda$new$0(53)) - omNode-1@group-523986131536-SegmentedRaftLog: snapshotIndex: updateIncreasingly 199 -> 249
2022-05-11 01:30:59,964 [grpc-default-executor-0] INFO  leader.FollowerInfo (FollowerInfoImpl.java:lambda$new$0(47)) - omNode-1@group-523986131536->omNode-3: nextIndex: updateUnconditionally 251 -> 45
2022-05-11 01:30:59,964 [omNode-1@group-523986131536-StateMachineUpdater] INFO  raftlog.RaftLog (RaftLogBase.java:lambda$new$0(53)) - omNode-1@group-523986131536-SegmentedRaftLog: purgeIndex: updateToMax old=199, new=249, updated? true
2022-05-11 01:30:59,981 [omNode-2@group-523986131536-StateMachineUpdater] INFO  ratis.OzoneManagerStateMachine (OzoneManagerStateMachine.java:takeSnapshot(436)) - Current Snapshot Index (t:2, i:249)
2022-05-11 01:30:59,981 [omNode-2@group-523986131536-StateMachineUpdater] INFO  impl.StateMachineUpdater (StateMachineUpdater.java:takeSnapshot(281)) - omNode-2@group-523986131536-StateMachineUpdater: Took a snapshot at index 249
2022-05-11 01:30:59,981 [omNode-2@group-523986131536-StateMachineUpdater] INFO  impl.StateMachineUpdater (StateMachineUpdater.java:lambda$new$0(89)) - omNode-2@group-523986131536-StateMachineUpdater: snapshotIndex: updateIncreasingly 198 -> 249
2022-05-11 01:30:59,981 [omNode-2@group-523986131536-StateMachineUpdater] INFO  raftlog.RaftLog (RaftLogBase.java:purge(306)) - omNode-2@group-523986131536-SegmentedRaftLog: purge 249
2022-05-11 01:30:59,981 [omNode-2@group-523986131536-StateMachineUpdater] INFO  raftlog.RaftLog (RaftLogBase.java:lambda$new$0(53)) - omNode-2@group-523986131536-SegmentedRaftLog: snapshotIndex: updateIncreasingly 198 -> 249
2022-05-11 01:30:59,982 [omNode-2@group-523986131536-StateMachineUpdater] INFO  raftlog.RaftLog (RaftLogBase.java:lambda$new$0(53)) - omNode-2@group-523986131536-SegmentedRaftLog: purgeIndex: updateToMax old=198, new=249, updated? true
2022-05-11 01:30:59,982 [grpc-default-executor-0] WARN  server.GrpcLogAppender (LogUtils.java:warn(122)) - omNode-1@group-523986131536->omNode-3-AppendLogResponseHandler: Failed appendEntries: org.apache.ratis.thirdparty.io.grpc.StatusRuntimeException: UNAVAILABLE: io exception
2022-05-11 01:30:59,982 [grpc-default-executor-0] INFO  leader.FollowerInfo (FollowerInfoImpl.java:lambda$new$0(47)) - omNode-1@group-523986131536->omNode-3: nextIndex: updateUnconditionally 251 -> 45
2022-05-11 01:30:59,984 [grpc-default-executor-0] WARN  server.GrpcLogAppender (LogUtils.java:warn(122)) - omNode-1@group-523986131536->omNode-3-AppendLogResponseHandler: Failed appendEntries: org.apache.ratis.thirdparty.io.grpc.StatusRuntimeException: UNAVAILABLE: io exception
2022-05-11 01:30:59,984 [grpc-default-executor-0] INFO  leader.FollowerInfo (FollowerInfoImpl.java:lambda$new$0(47)) - omNode-1@group-523986131536->omNode-3: nextIndex: updateUnconditionally 251 -> 45
2022-05-11 01:31:00,000 [grpc-default-executor-0] WARN  server.GrpcLogAppender (LogUtils.java:warn(122)) - omNode-1@group-523986131536->omNode-3-AppendLogResponseHandler: Failed appendEntries: org.apache.ratis.thirdparty.io.grpc.StatusRuntimeException: UNAVAILABLE: io exception
2022-05-11 01:31:00,001 [grpc-default-executor-0] INFO  leader.FollowerInfo (FollowerInfoImpl.java:lambda$new$0(47)) - omNode-1@group-523986131536->omNode-3: nextIndex: updateUnconditionally 252 -> 45
2022-05-11 01:31:00,013 [grpc-default-executor-0] WARN  server.GrpcLogAppender (LogUtils.java:warn(122)) - omNode-1@group-523986131536->omNode-3-AppendLogResponseHandler: Failed appendEntries: org.apache.ratis.thirdparty.io.grpc.StatusRuntimeException: UNAVAILABLE: io exception
2022-05-11 01:31:00,013 [grpc-default-executor-0] INFO  leader.FollowerInfo (FollowerInfoImpl.java:lambda$new$0(47)) - omNode-1@group-523986131536->omNode-3: nextIndex: updateUnconditionally 252 -> 45
2022-05-11 01:31:00,021 [grpc-default-executor-0] WARN  server.GrpcLogAppender (LogUtils.java:warn(122)) - omNode-1@group-523986131536->omNode-3-AppendLogResponseHandler: Failed appendEntries: org.apache.ratis.thirdparty.io.grpc.StatusRuntimeException: UNAVAILABLE: io exception
2022-05-11 01:31:00,021 [grpc-default-executor-0] INFO  leader.FollowerInfo (FollowerInfoImpl.java:lambda$new$0(47)) - omNode-1@group-523986131536->omNode-3: nextIndex: updateUnconditionally 253 -> 45
2022-05-11 01:31:00,023 [grpc-default-executor-3] WARN  server.GrpcLogAppender (LogUtils.java:warn(122)) - omNode-1@group-523986131536->omNode-3-AppendLogResponseHandler: Failed appendEntries: org.apache.ratis.thirdparty.io.grpc.StatusRuntimeException: UNAVAILABLE: io exception
2022-05-11 01:31:00,023 [grpc-default-executor-3] INFO  leader.FollowerInfo (FollowerInfoImpl.java:lambda$new$0(47)) - omNode-1@group-523986131536->omNode-3: nextIndex: updateUnconditionally 254 -> 45
2022-05-11 01:31:00,033 [grpc-default-executor-0] WARN  server.GrpcLogAppender (LogUtils.java:warn(122)) - omNode-1@group-523986131536->omNode-3-AppendLogResponseHandler: Failed appendEntries: org.apache.ratis.thirdparty.io.grpc.StatusRuntimeException: UNAVAILABLE: io exception
2022-05-11 01:31:00,033 [grpc-default-executor-0] INFO  leader.FollowerInfo (FollowerInfoImpl.java:lambda$new$0(47)) - omNode-1@group-523986131536->omNode-3: nextIndex: updateUnconditionally 254 -> 45
2022-05-11 01:31:00,035 [grpc-default-executor-0] WARN  server.GrpcLogAppender (LogUtils.java:warn(122)) - omNode-1@group-523986131536->omNode-3-AppendLogResponseHandler: Failed appendEntries: org.apache.ratis.thirdparty.io.grpc.StatusRuntimeException: UNAVAILABLE: io exception
2022-05-11 01:31:00,035 [grpc-default-executor-0] INFO  leader.FollowerInfo (FollowerInfoImpl.java:lambda$new$0(47)) - omNode-1@group-523986131536->omNode-3: nextIndex: updateUnconditionally 254 -> 45
2022-05-11 01:31:00,045 [grpc-default-executor-0] WARN  server.GrpcLogAppender (LogUtils.java:warn(122)) - omNode-1@group-523986131536->omNode-3-AppendLogResponseHandler: Failed appendEntries: org.apache.ratis.thirdparty.io.grpc.StatusRuntimeException: UNAVAILABLE: io exception
2022-05-11 01:31:00,046 [grpc-default-executor-0] INFO  leader.FollowerInfo (FollowerInfoImpl.java:lambda$new$0(47)) - omNode-1@group-523986131536->omNode-3: nextIndex: updateUnconditionally 255 -> 45
2022-05-11 01:31:00,052 [grpc-default-executor-0] WARN  server.GrpcLogAppender (LogUtils.java:warn(122)) - omNode-1@group-523986131536->omNode-3-AppendLogResponseHandler: Failed appendEntries: org.apache.ratis.thirdparty.io.grpc.StatusRuntimeException: UNAVAILABLE: io exception
2022-05-11 01:31:00,052 [grpc-default-executor-0] INFO  leader.FollowerInfo (FollowerInfoImpl.java:lambda$new$0(47)) - omNode-1@group-523986131536->omNode-3: nextIndex: updateUnconditionally 255 -> 45
2022-05-11 01:31:00,054 [grpc-default-executor-0] WARN  server.GrpcLogAppender (LogUtils.java:warn(122)) - omNode-1@group-523986131536->omNode-3-AppendLogResponseHandler: Failed appendEntries: org.apache.ratis.thirdparty.io.grpc.StatusRuntimeException: UNAVAILABLE: io exception
2022-05-11 01:31:00,054 [grpc-default-executor-0] INFO  leader.FollowerInfo (FollowerInfoImpl.java:lambda$new$0(47)) - omNode-1@group-523986131536->omNode-3: nextIndex: updateUnconditionally 255 -> 45
2022-05-11 01:31:00,075 [grpc-default-executor-0] WARN  server.GrpcLogAppender (LogUtils.java:warn(122)) - omNode-1@group-523986131536->omNode-3-AppendLogResponseHandler: Failed appendEntries: org.apache.ratis.thirdparty.io.grpc.StatusRuntimeException: UNAVAILABLE: io exception
2022-05-11 01:31:00,075 [grpc-default-executor-0] INFO  leader.FollowerInfo (FollowerInfoImpl.java:lambda$new$0(47)) - omNode-1@group-523986131536->omNode-3: nextIndex: updateUnconditionally 256 -> 45
2022-05-11 01:31:00,086 [grpc-default-executor-3] WARN  server.GrpcLogAppender (LogUtils.java:warn(122)) - omNode-1@group-523986131536->omNode-3-AppendLogResponseHandler: Failed appendEntries: org.apache.ratis.thirdparty.io.grpc.StatusRuntimeException: UNAVAILABLE: io exception
2022-05-11 01:31:00,086 [grpc-default-executor-3] INFO  leader.FollowerInfo (FollowerInfoImpl.java:lambda$new$0(47)) - omNode-1@group-523986131536->omNode-3: nextIndex: updateUnconditionally 256 -> 45
2022-05-11 01:31:00,089 [grpc-default-executor-0] WARN  server.GrpcLogAppender (LogUtils.java:warn(122)) - omNode-1@group-523986131536->omNode-3-AppendLogResponseHandler: Failed appendEntries: org.apache.ratis.thirdparty.io.grpc.StatusRuntimeException: UNAVAILABLE: io exception
2022-05-11 01:31:00,090 [grpc-default-executor-0] INFO  leader.FollowerInfo (FollowerInfoImpl.java:lambda$new$0(47)) - omNode-1@group-523986131536->omNode-3: nextIndex: updateUnconditionally 257 -> 45
2022-05-11 01:31:00,095 [grpc-default-executor-0] WARN  server.GrpcLogAppender (LogUtils.java:warn(122)) - omNode-1@group-523986131536->omNode-3-AppendLogResponseHandler: Failed appendEntries: org.apache.ratis.thirdparty.io.grpc.StatusRuntimeException: UNAVAILABLE: io exception
2022-05-11 01:31:00,095 [grpc-default-executor-0] INFO  leader.FollowerInfo (FollowerInfoImpl.java:lambda$new$0(47)) - omNode-1@group-523986131536->omNode-3: nextIndex: updateUnconditionally 258 -> 45
2022-05-11 01:31:00,108 [grpc-default-executor-0] WARN  server.GrpcLogAppender (LogUtils.java:warn(122)) - omNode-1@group-523986131536->omNode-3-AppendLogResponseHandler: Failed appendEntries: org.apache.ratis.thirdparty.io.grpc.StatusRuntimeException: UNAVAILABLE: io exception
2022-05-11 01:31:00,109 [grpc-default-executor-0] INFO  leader.FollowerInfo (FollowerInfoImpl.java:lambda$new$0(47)) - omNode-1@group-523986131536->omNode-3: nextIndex: updateUnconditionally 258 -> 45
2022-05-11 01:31:00,110 [grpc-default-executor-0] WARN  server.GrpcLogAppender (LogUtils.java:warn(122)) - omNode-1@group-523986131536->omNode-3-AppendLogResponseHandler: Failed appendEntries: org.apache.ratis.thirdparty.io.grpc.StatusRuntimeException: UNAVAILABLE: io exception
2022-05-11 01:31:00,110 [grpc-default-executor-0] INFO  leader.FollowerInfo (FollowerInfoImpl.java:lambda$new$0(47)) - omNode-1@group-523986131536->omNode-3: nextIndex: updateUnconditionally 258 -> 45
2022-05-11 01:31:00,126 [grpc-default-executor-0] WARN  server.GrpcLogAppender (LogUtils.java:warn(122)) - omNode-1@group-523986131536->omNode-3-AppendLogResponseHandler: Failed appendEntries: org.apache.ratis.thirdparty.io.grpc.StatusRuntimeException: UNAVAILABLE: io exception
2022-05-11 01:31:00,126 [grpc-default-executor-0] INFO  leader.FollowerInfo (FollowerInfoImpl.java:lambda$new$0(47)) - omNode-1@group-523986131536->omNode-3: nextIndex: updateUnconditionally 259 -> 45
2022-05-11 01:31:00,142 [grpc-default-executor-0] WARN  server.GrpcLogAppender (LogUtils.java:warn(122)) - omNode-1@group-523986131536->omNode-3-AppendLogResponseHandler: Failed appendEntries: org.apache.ratis.thirdparty.io.grpc.StatusRuntimeException: UNAVAILABLE: io exception
2022-05-11 01:31:00,142 [grpc-default-executor-0] INFO  leader.FollowerInfo (FollowerInfoImpl.java:lambda$new$0(47)) - omNode-1@group-523986131536->omNode-3: nextIndex: updateUnconditionally 259 -> 45
2022-05-11 01:31:00,144 [grpc-default-executor-0] WARN  server.GrpcLogAppender (LogUtils.java:warn(122)) - omNode-1@group-523986131536->omNode-3-AppendLogResponseHandler: Failed appendEntries: org.apache.ratis.thirdparty.io.grpc.StatusRuntimeException: UNAVAILABLE: io exception
2022-05-11 01:31:00,144 [grpc-default-executor-0] INFO  leader.FollowerInfo (FollowerInfoImpl.java:lambda$new$0(47)) - omNode-1@group-523986131536->omNode-3: nextIndex: updateUnconditionally 259 -> 45
2022-05-11 01:31:00,165 [grpc-default-executor-0] WARN  server.GrpcLogAppender (LogUtils.java:warn(122)) - omNode-1@group-523986131536->omNode-3-AppendLogResponseHandler: Failed appendEntries: org.apache.ratis.thirdparty.io.grpc.StatusRuntimeException: UNAVAILABLE: io exception
2022-05-11 01:31:00,165 [grpc-default-executor-0] INFO  leader.FollowerInfo (FollowerInfoImpl.java:lambda$new$0(47)) - omNode-1@group-523986131536->omNode-3: nextIndex: updateUnconditionally 260 -> 45
2022-05-11 01:31:00,167 [grpc-default-executor-3] WARN  server.GrpcLogAppender (LogUtils.java:warn(122)) - omNode-1@group-523986131536->omNode-3-AppendLogResponseHandler: Failed appendEntries: org.apache.ratis.thirdparty.io.grpc.StatusRuntimeException: UNAVAILABLE: io exception
2022-05-11 01:31:00,167 [grpc-default-executor-3] INFO  leader.FollowerInfo (FollowerInfoImpl.java:lambda$new$0(47)) - omNode-1@group-523986131536->omNode-3: nextIndex: updateUnconditionally 260 -> 45
2022-05-11 01:31:00,180 [grpc-default-executor-0] WARN  server.GrpcLogAppender (LogUtils.java:warn(122)) - omNode-1@group-523986131536->omNode-3-AppendLogResponseHandler: Failed appendEntries: org.apache.ratis.thirdparty.io.grpc.StatusRuntimeException: UNAVAILABLE: io exception
2022-05-11 01:31:00,183 [grpc-default-executor-0] INFO  leader.FollowerInfo (FollowerInfoImpl.java:lambda$new$0(47)) - omNode-1@group-523986131536->omNode-3: nextIndex: updateUnconditionally 260 -> 45
2022-05-11 01:31:00,184 [grpc-default-executor-0] WARN  server.GrpcLogAppender (LogUtils.java:warn(122)) - omNode-1@group-523986131536->omNode-3-AppendLogResponseHandler: Failed appendEntries: org.apache.ratis.thirdparty.io.grpc.StatusRuntimeException: UNAVAILABLE: io exception
2022-05-11 01:31:00,185 [grpc-default-executor-0] INFO  leader.FollowerInfo (FollowerInfoImpl.java:lambda$new$0(47)) - omNode-1@group-523986131536->omNode-3: nextIndex: updateUnconditionally 261 -> 45
2022-05-11 01:31:00,189 [grpc-default-executor-0] WARN  server.GrpcLogAppender (LogUtils.java:warn(122)) - omNode-1@group-523986131536->omNode-3-AppendLogResponseHandler: Failed appendEntries: org.apache.ratis.thirdparty.io.grpc.StatusRuntimeException: UNAVAILABLE: io exception
2022-05-11 01:31:00,189 [grpc-default-executor-0] INFO  leader.FollowerInfo (FollowerInfoImpl.java:lambda$new$0(47)) - omNode-1@group-523986131536->omNode-3: nextIndex: updateUnconditionally 262 -> 45
2022-05-11 01:31:00,192 [grpc-default-executor-0] WARN  server.GrpcLogAppender (LogUtils.java:warn(122)) - omNode-1@group-523986131536->omNode-3-AppendLogResponseHandler: Failed appendEntries: org.apache.ratis.thirdparty.io.grpc.StatusRuntimeException: UNAVAILABLE: io exception
2022-05-11 01:31:00,192 [grpc-default-executor-0] INFO  leader.FollowerInfo (FollowerInfoImpl.java:lambda$new$0(47)) - omNode-1@group-523986131536->omNode-3: nextIndex: updateUnconditionally 262 -> 45
2022-05-11 01:31:00,194 [grpc-default-executor-0] WARN  server.GrpcLogAppender (LogUtils.java:warn(122)) - omNode-1@group-523986131536->omNode-3-AppendLogResponseHandler: Failed appendEntries: org.apache.ratis.thirdparty.io.grpc.StatusRuntimeException: UNAVAILABLE: io exception
2022-05-11 01:31:00,194 [grpc-default-executor-0] INFO  leader.FollowerInfo (FollowerInfoImpl.java:lambda$new$0(47)) - omNode-1@group-523986131536->omNode-3: nextIndex: updateUnconditionally 262 -> 45
2022-05-11 01:31:00,207 [grpc-default-executor-3] WARN  server.GrpcLogAppender (LogUtils.java:warn(122)) - omNode-1@group-523986131536->omNode-3-AppendLogResponseHandler: Failed appendEntries: org.apache.ratis.thirdparty.io.grpc.StatusRuntimeException: UNAVAILABLE: io exception
2022-05-11 01:31:00,207 [grpc-default-executor-3] INFO  leader.FollowerInfo (FollowerInfoImpl.java:lambda$new$0(47)) - omNode-1@group-523986131536->omNode-3: nextIndex: updateUnconditionally 263 -> 45
2022-05-11 01:31:00,212 [grpc-default-executor-3] WARN  server.GrpcLogAppender (LogUtils.java:warn(122)) - omNode-1@group-523986131536->omNode-3-AppendLogResponseHandler: Failed appendEntries: org.apache.ratis.thirdparty.io.grpc.StatusRuntimeException: UNAVAILABLE: io exception
2022-05-11 01:31:00,212 [grpc-default-executor-3] INFO  leader.FollowerInfo (FollowerInfoImpl.java:lambda$new$0(47)) - omNode-1@group-523986131536->omNode-3: nextIndex: updateUnconditionally 263 -> 45
2022-05-11 01:31:00,214 [grpc-default-executor-3] WARN  server.GrpcLogAppender (LogUtils.java:warn(122)) - omNode-1@group-523986131536->omNode-3-AppendLogResponseHandler: Failed appendEntries: org.apache.ratis.thirdparty.io.grpc.StatusRuntimeException: UNAVAILABLE: io exception
2022-05-11 01:31:00,214 [grpc-default-executor-3] INFO  leader.FollowerInfo (FollowerInfoImpl.java:lambda$new$0(47)) - omNode-1@group-523986131536->omNode-3: nextIndex: updateUnconditionally 263 -> 45
2022-05-11 01:31:00,220 [grpc-default-executor-0] WARN  server.GrpcLogAppender (LogUtils.java:warn(122)) - omNode-1@group-523986131536->omNode-3-AppendLogResponseHandler: Failed appendEntries: org.apache.ratis.thirdparty.io.grpc.StatusRuntimeException: UNAVAILABLE: io exception
2022-05-11 01:31:00,220 [grpc-default-executor-0] INFO  leader.FollowerInfo (FollowerInfoImpl.java:lambda$new$0(47)) - omNode-1@group-523986131536->omNode-3: nextIndex: updateUnconditionally 264 -> 45
2022-05-11 01:31:00,224 [grpc-default-executor-0] WARN  server.GrpcLogAppender (LogUtils.java:warn(122)) - omNode-1@group-523986131536->omNode-3-AppendLogResponseHandler: Failed appendEntries: org.apache.ratis.thirdparty.io.grpc.StatusRuntimeException: UNAVAILABLE: io exception
2022-05-11 01:31:00,225 [grpc-default-executor-0] INFO  leader.FollowerInfo (FollowerInfoImpl.java:lambda$new$0(47)) - omNode-1@group-523986131536->omNode-3: nextIndex: updateUnconditionally 264 -> 45
2022-05-11 01:31:00,229 [grpc-default-executor-0] WARN  server.GrpcLogAppender (LogUtils.java:warn(122)) - omNode-1@group-523986131536->omNode-3-AppendLogResponseHandler: Failed appendEntries: org.apache.ratis.thirdparty.io.grpc.StatusRuntimeException: UNAVAILABLE: io exception
2022-05-11 01:31:00,229 [grpc-default-executor-0] INFO  leader.FollowerInfo (FollowerInfoImpl.java:lambda$new$0(47)) - omNode-1@group-523986131536->omNode-3: nextIndex: updateUnconditionally 265 -> 45
2022-05-11 01:31:00,230 [grpc-default-executor-0] WARN  server.GrpcLogAppender (LogUtils.java:warn(122)) - omNode-1@group-523986131536->omNode-3-AppendLogResponseHandler: Failed appendEntries: org.apache.ratis.thirdparty.io.grpc.StatusRuntimeException: UNAVAILABLE: io exception
2022-05-11 01:31:00,231 [grpc-default-executor-0] INFO  leader.FollowerInfo (FollowerInfoImpl.java:lambda$new$0(47)) - omNode-1@group-523986131536->omNode-3: nextIndex: updateUnconditionally 266 -> 45
2022-05-11 01:31:00,235 [grpc-default-executor-0] WARN  server.GrpcLogAppender (LogUtils.java:warn(122)) - omNode-1@group-523986131536->omNode-3-AppendLogResponseHandler: Failed appendEntries: org.apache.ratis.thirdparty.io.grpc.StatusRuntimeException: UNAVAILABLE: io exception
2022-05-11 01:31:00,235 [grpc-default-executor-0] INFO  leader.FollowerInfo (FollowerInfoImpl.java:lambda$new$0(47)) - omNode-1@group-523986131536->omNode-3: nextIndex: updateUnconditionally 266 -> 45
2022-05-11 01:31:00,237 [grpc-default-executor-0] WARN  server.GrpcLogAppender (LogUtils.java:warn(122)) - omNode-1@group-523986131536->omNode-3-AppendLogResponseHandler: Failed appendEntries: org.apache.ratis.thirdparty.io.grpc.StatusRuntimeException: UNAVAILABLE: io exception
2022-05-11 01:31:00,237 [grpc-default-executor-0] INFO  leader.FollowerInfo (FollowerInfoImpl.java:lambda$new$0(47)) - omNode-1@group-523986131536->omNode-3: nextIndex: updateUnconditionally 266 -> 45
2022-05-11 01:31:00,253 [grpc-default-executor-3] WARN  server.GrpcLogAppender (LogUtils.java:warn(122)) - omNode-1@group-523986131536->omNode-3-AppendLogResponseHandler: Failed appendEntries: org.apache.ratis.thirdparty.io.grpc.StatusRuntimeException: UNAVAILABLE: io exception
2022-05-11 01:31:00,254 [grpc-default-executor-3] INFO  leader.FollowerInfo (FollowerInfoImpl.java:lambda$new$0(47)) - omNode-1@group-523986131536->omNode-3: nextIndex: updateUnconditionally 267 -> 45
2022-05-11 01:31:00,261 [grpc-default-executor-0] WARN  server.GrpcLogAppender (LogUtils.java:warn(122)) - omNode-1@group-523986131536->omNode-3-AppendLogResponseHandler: Failed appendEntries: org.apache.ratis.thirdparty.io.grpc.StatusRuntimeException: UNAVAILABLE: io exception
2022-05-11 01:31:00,261 [grpc-default-executor-0] INFO  leader.FollowerInfo (FollowerInfoImpl.java:lambda$new$0(47)) - omNode-1@group-523986131536->omNode-3: nextIndex: updateUnconditionally 267 -> 45
2022-05-11 01:31:00,263 [grpc-default-executor-0] WARN  server.GrpcLogAppender (LogUtils.java:warn(122)) - omNode-1@group-523986131536->omNode-3-AppendLogResponseHandler: Failed appendEntries: org.apache.ratis.thirdparty.io.grpc.StatusRuntimeException: UNAVAILABLE: io exception
2022-05-11 01:31:00,263 [grpc-default-executor-0] INFO  leader.FollowerInfo (FollowerInfoImpl.java:lambda$new$0(47)) - omNode-1@group-523986131536->omNode-3: nextIndex: updateUnconditionally 267 -> 45
2022-05-11 01:31:00,295 [grpc-default-executor-0] WARN  server.GrpcLogAppender (LogUtils.java:warn(122)) - omNode-1@group-523986131536->omNode-3-AppendLogResponseHandler: Failed appendEntries: org.apache.ratis.thirdparty.io.grpc.StatusRuntimeException: UNAVAILABLE: io exception
2022-05-11 01:31:00,296 [grpc-default-executor-0] INFO  leader.FollowerInfo (FollowerInfoImpl.java:lambda$new$0(47)) - omNode-1@group-523986131536->omNode-3: nextIndex: updateUnconditionally 268 -> 45
2022-05-11 01:31:00,312 [grpc-default-executor-0] WARN  server.GrpcLogAppender (LogUtils.java:warn(122)) - omNode-1@group-523986131536->omNode-3-AppendLogResponseHandler: Failed appendEntries: org.apache.ratis.thirdparty.io.grpc.StatusRuntimeException: UNAVAILABLE: io exception
2022-05-11 01:31:00,316 [grpc-default-executor-0] INFO  leader.FollowerInfo (FollowerInfoImpl.java:lambda$new$0(47)) - omNode-1@group-523986131536->omNode-3: nextIndex: updateUnconditionally 268 -> 45
2022-05-11 01:31:00,317 [grpc-default-executor-0] WARN  server.GrpcLogAppender (LogUtils.java:warn(122)) - omNode-1@group-523986131536->omNode-3-AppendLogResponseHandler: Failed appendEntries: org.apache.ratis.thirdparty.io.grpc.StatusRuntimeException: UNAVAILABLE: io exception
2022-05-11 01:31:00,317 [grpc-default-executor-0] INFO  leader.FollowerInfo (FollowerInfoImpl.java:lambda$new$0(47)) - omNode-1@group-523986131536->omNode-3: nextIndex: updateUnconditionally 269 -> 45
2022-05-11 01:31:00,319 [grpc-default-executor-3] WARN  server.GrpcLogAppender (LogUtils.java:warn(122)) - omNode-1@group-523986131536->omNode-3-AppendLogResponseHandler: Failed appendEntries: org.apache.ratis.thirdparty.io.grpc.StatusRuntimeException: UNAVAILABLE: io exception
2022-05-11 01:31:00,319 [grpc-default-executor-3] INFO  leader.FollowerInfo (FollowerInfoImpl.java:lambda$new$0(47)) - omNode-1@group-523986131536->omNode-3: nextIndex: updateUnconditionally 270 -> 45
2022-05-11 01:31:00,329 [grpc-default-executor-3] WARN  server.GrpcLogAppender (LogUtils.java:warn(122)) - omNode-1@group-523986131536->omNode-3-AppendLogResponseHandler: Failed appendEntries: org.apache.ratis.thirdparty.io.grpc.StatusRuntimeException: UNAVAILABLE: io exception
2022-05-11 01:31:00,330 [grpc-default-executor-3] INFO  leader.FollowerInfo (FollowerInfoImpl.java:lambda$new$0(47)) - omNode-1@group-523986131536->omNode-3: nextIndex: updateUnconditionally 270 -> 45
2022-05-11 01:31:00,331 [grpc-default-executor-3] WARN  server.GrpcLogAppender (LogUtils.java:warn(122)) - omNode-1@group-523986131536->omNode-3-AppendLogResponseHandler: Failed appendEntries: org.apache.ratis.thirdparty.io.grpc.StatusRuntimeException: UNAVAILABLE: io exception
2022-05-11 01:31:00,331 [grpc-default-executor-3] INFO  leader.FollowerInfo (FollowerInfoImpl.java:lambda$new$0(47)) - omNode-1@group-523986131536->omNode-3: nextIndex: updateUnconditionally 270 -> 45
2022-05-11 01:31:00,349 [grpc-default-executor-3] WARN  server.GrpcLogAppender (LogUtils.java:warn(122)) - omNode-1@group-523986131536->omNode-3-AppendLogResponseHandler: Failed appendEntries: org.apache.ratis.thirdparty.io.grpc.StatusRuntimeException: UNAVAILABLE: io exception
2022-05-11 01:31:00,349 [grpc-default-executor-3] INFO  leader.FollowerInfo (FollowerInfoImpl.java:lambda$new$0(47)) - omNode-1@group-523986131536->omNode-3: nextIndex: updateUnconditionally 271 -> 45
2022-05-11 01:31:00,362 [grpc-default-executor-3] WARN  server.GrpcLogAppender (LogUtils.java:warn(122)) - omNode-1@group-523986131536->omNode-3-AppendLogResponseHandler: Failed appendEntries: org.apache.ratis.thirdparty.io.grpc.StatusRuntimeException: UNAVAILABLE: io exception
2022-05-11 01:31:00,362 [grpc-default-executor-3] INFO  leader.FollowerInfo (FollowerInfoImpl.java:lambda$new$0(47)) - omNode-1@group-523986131536->omNode-3: nextIndex: updateUnconditionally 271 -> 45
2022-05-11 01:31:00,363 [grpc-default-executor-3] WARN  server.GrpcLogAppender (LogUtils.java:warn(122)) - omNode-1@group-523986131536->omNode-3-AppendLogResponseHandler: Failed appendEntries: org.apache.ratis.thirdparty.io.grpc.StatusRuntimeException: UNAVAILABLE: io exception
2022-05-11 01:31:00,364 [grpc-default-executor-3] INFO  leader.FollowerInfo (FollowerInfoImpl.java:lambda$new$0(47)) - omNode-1@group-523986131536->omNode-3: nextIndex: updateUnconditionally 271 -> 45
2022-05-11 01:31:00,399 [grpc-default-executor-3] WARN  server.GrpcLogAppender (LogUtils.java:warn(122)) - omNode-1@group-523986131536->omNode-3-AppendLogResponseHandler: Failed appendEntries: org.apache.ratis.thirdparty.io.grpc.StatusRuntimeException: UNAVAILABLE: io exception
2022-05-11 01:31:00,399 [grpc-default-executor-3] INFO  leader.FollowerInfo (FollowerInfoImpl.java:lambda$new$0(47)) - omNode-1@group-523986131536->omNode-3: nextIndex: updateUnconditionally 272 -> 45
2022-05-11 01:31:00,416 [grpc-default-executor-3] WARN  server.GrpcLogAppender (LogUtils.java:warn(122)) - omNode-1@group-523986131536->omNode-3-AppendLogResponseHandler: Failed appendEntries: org.apache.ratis.thirdparty.io.grpc.StatusRuntimeException: UNAVAILABLE: io exception
2022-05-11 01:31:00,416 [grpc-default-executor-3] INFO  leader.FollowerInfo (FollowerInfoImpl.java:lambda$new$0(47)) - omNode-1@group-523986131536->omNode-3: nextIndex: updateUnconditionally 272 -> 45
2022-05-11 01:31:00,419 [grpc-default-executor-0] WARN  server.GrpcLogAppender (LogUtils.java:warn(122)) - omNode-1@group-523986131536->omNode-3-AppendLogResponseHandler: Failed appendEntries: org.apache.ratis.thirdparty.io.grpc.StatusRuntimeException: UNAVAILABLE: io exception
2022-05-11 01:31:00,420 [grpc-default-executor-0] INFO  leader.FollowerInfo (FollowerInfoImpl.java:lambda$new$0(47)) - omNode-1@group-523986131536->omNode-3: nextIndex: updateUnconditionally 274 -> 45
2022-05-11 01:31:00,425 [grpc-default-executor-0] WARN  server.GrpcLogAppender (LogUtils.java:warn(122)) - omNode-1@group-523986131536->omNode-3-AppendLogResponseHandler: Failed appendEntries: org.apache.ratis.thirdparty.io.grpc.StatusRuntimeException: UNAVAILABLE: io exception
2022-05-11 01:31:00,426 [grpc-default-executor-0] INFO  leader.FollowerInfo (FollowerInfoImpl.java:lambda$new$0(47)) - omNode-1@group-523986131536->omNode-3: nextIndex: updateUnconditionally 274 -> 45
2022-05-11 01:31:00,434 [grpc-default-executor-0] WARN  server.GrpcLogAppender (LogUtils.java:warn(122)) - omNode-1@group-523986131536->omNode-3-AppendLogResponseHandler: Failed appendEntries: org.apache.ratis.thirdparty.io.grpc.StatusRuntimeException: UNAVAILABLE: io exception
2022-05-11 01:31:00,434 [grpc-default-executor-0] INFO  leader.FollowerInfo (FollowerInfoImpl.java:lambda$new$0(47)) - omNode-1@group-523986131536->omNode-3: nextIndex: updateUnconditionally 275 -> 45
2022-05-11 01:31:00,446 [grpc-default-executor-0] WARN  server.GrpcLogAppender (LogUtils.java:warn(122)) - omNode-1@group-523986131536->omNode-3-AppendLogResponseHandler: Failed appendEntries: org.apache.ratis.thirdparty.io.grpc.StatusRuntimeException: UNAVAILABLE: io exception
2022-05-11 01:31:00,446 [grpc-default-executor-0] INFO  leader.FollowerInfo (FollowerInfoImpl.java:lambda$new$0(47)) - omNode-1@group-523986131536->omNode-3: nextIndex: updateUnconditionally 275 -> 45
2022-05-11 01:31:00,447 [grpc-default-executor-0] WARN  server.GrpcLogAppender (LogUtils.java:warn(122)) - omNode-1@group-523986131536->omNode-3-AppendLogResponseHandler: Failed appendEntries: org.apache.ratis.thirdparty.io.grpc.StatusRuntimeException: UNAVAILABLE: io exception
2022-05-11 01:31:00,448 [grpc-default-executor-0] INFO  leader.FollowerInfo (FollowerInfoImpl.java:lambda$new$0(47)) - omNode-1@group-523986131536->omNode-3: nextIndex: updateUnconditionally 275 -> 45
2022-05-11 01:31:00,474 [grpc-default-executor-0] WARN  server.GrpcLogAppender (LogUtils.java:warn(122)) - omNode-1@group-523986131536->omNode-3-AppendLogResponseHandler: Failed appendEntries: org.apache.ratis.thirdparty.io.grpc.StatusRuntimeException: UNAVAILABLE: io exception
2022-05-11 01:31:00,474 [grpc-default-executor-0] INFO  leader.FollowerInfo (FollowerInfoImpl.java:lambda$new$0(47)) - omNode-1@group-523986131536->omNode-3: nextIndex: updateUnconditionally 276 -> 45
2022-05-11 01:31:00,483 [grpc-default-executor-0] WARN  server.GrpcLogAppender (LogUtils.java:warn(122)) - omNode-1@group-523986131536->omNode-3-AppendLogResponseHandler: Failed appendEntries: org.apache.ratis.thirdparty.io.grpc.StatusRuntimeException: UNAVAILABLE: io exception
2022-05-11 01:31:00,483 [grpc-default-executor-0] INFO  leader.FollowerInfo (FollowerInfoImpl.java:lambda$new$0(47)) - omNode-1@group-523986131536->omNode-3: nextIndex: updateUnconditionally 276 -> 45
2022-05-11 01:31:00,488 [grpc-default-executor-0] WARN  server.GrpcLogAppender (LogUtils.java:warn(122)) - omNode-1@group-523986131536->omNode-3-AppendLogResponseHandler: Failed appendEntries: org.apache.ratis.thirdparty.io.grpc.StatusRuntimeException: UNAVAILABLE: io exception
2022-05-11 01:31:00,489 [grpc-default-executor-0] INFO  leader.FollowerInfo (FollowerInfoImpl.java:lambda$new$0(47)) - omNode-1@group-523986131536->omNode-3: nextIndex: updateUnconditionally 277 -> 45
2022-05-11 01:31:00,491 [grpc-default-executor-0] WARN  server.GrpcLogAppender (LogUtils.java:warn(122)) - omNode-1@group-523986131536->omNode-3-AppendLogResponseHandler: Failed appendEntries: org.apache.ratis.thirdparty.io.grpc.StatusRuntimeException: UNAVAILABLE: io exception
2022-05-11 01:31:00,492 [grpc-default-executor-0] INFO  leader.FollowerInfo (FollowerInfoImpl.java:lambda$new$0(47)) - omNode-1@group-523986131536->omNode-3: nextIndex: updateUnconditionally 278 -> 45
2022-05-11 01:31:00,497 [grpc-default-executor-0] WARN  server.GrpcLogAppender (LogUtils.java:warn(122)) - omNode-1@group-523986131536->omNode-3-AppendLogResponseHandler: Failed appendEntries: org.apache.ratis.thirdparty.io.grpc.StatusRuntimeException: UNAVAILABLE: io exception
2022-05-11 01:31:00,497 [grpc-default-executor-0] INFO  leader.FollowerInfo (FollowerInfoImpl.java:lambda$new$0(47)) - omNode-1@group-523986131536->omNode-3: nextIndex: updateUnconditionally 278 -> 45
2022-05-11 01:31:00,507 [grpc-default-executor-0] WARN  server.GrpcLogAppender (LogUtils.java:warn(122)) - omNode-1@group-523986131536->omNode-3-AppendLogResponseHandler: Failed appendEntries: org.apache.ratis.thirdparty.io.grpc.StatusRuntimeException: UNAVAILABLE: io exception
2022-05-11 01:31:00,507 [grpc-default-executor-0] INFO  leader.FollowerInfo (FollowerInfoImpl.java:lambda$new$0(47)) - omNode-1@group-523986131536->omNode-3: nextIndex: updateUnconditionally 279 -> 45
2022-05-11 01:31:00,520 [grpc-default-executor-0] WARN  server.GrpcLogAppender (LogUtils.java:warn(122)) - omNode-1@group-523986131536->omNode-3-AppendLogResponseHandler: Failed appendEntries: org.apache.ratis.thirdparty.io.grpc.StatusRuntimeException: UNAVAILABLE: io exception
2022-05-11 01:31:00,520 [grpc-default-executor-0] INFO  leader.FollowerInfo (FollowerInfoImpl.java:lambda$new$0(47)) - omNode-1@group-523986131536->omNode-3: nextIndex: updateUnconditionally 279 -> 45
2022-05-11 01:31:00,521 [grpc-default-executor-3] WARN  server.GrpcLogAppender (LogUtils.java:warn(122)) - omNode-1@group-523986131536->omNode-3-AppendLogResponseHandler: Failed appendEntries: org.apache.ratis.thirdparty.io.grpc.StatusRuntimeException: UNAVAILABLE: io exception
2022-05-11 01:31:00,522 [grpc-default-executor-3] INFO  leader.FollowerInfo (FollowerInfoImpl.java:lambda$new$0(47)) - omNode-1@group-523986131536->omNode-3: nextIndex: updateUnconditionally 279 -> 45
2022-05-11 01:31:00,535 [grpc-default-executor-3] WARN  server.GrpcLogAppender (LogUtils.java:warn(122)) - omNode-1@group-523986131536->omNode-3-AppendLogResponseHandler: Failed appendEntries: org.apache.ratis.thirdparty.io.grpc.StatusRuntimeException: UNAVAILABLE: io exception
2022-05-11 01:31:00,536 [grpc-default-executor-3] INFO  leader.FollowerInfo (FollowerInfoImpl.java:lambda$new$0(47)) - omNode-1@group-523986131536->omNode-3: nextIndex: updateUnconditionally 280 -> 45
2022-05-11 01:31:00,543 [grpc-default-executor-3] WARN  server.GrpcLogAppender (LogUtils.java:warn(122)) - omNode-1@group-523986131536->omNode-3-AppendLogResponseHandler: Failed appendEntries: org.apache.ratis.thirdparty.io.grpc.StatusRuntimeException: UNAVAILABLE: io exception
2022-05-11 01:31:00,543 [grpc-default-executor-3] INFO  leader.FollowerInfo (FollowerInfoImpl.java:lambda$new$0(47)) - omNode-1@group-523986131536->omNode-3: nextIndex: updateUnconditionally 280 -> 45
2022-05-11 01:31:00,546 [grpc-default-executor-3] WARN  server.GrpcLogAppender (LogUtils.java:warn(122)) - omNode-1@group-523986131536->omNode-3-AppendLogResponseHandler: Failed appendEntries: org.apache.ratis.thirdparty.io.grpc.StatusRuntimeException: UNAVAILABLE: io exception
2022-05-11 01:31:00,546 [grpc-default-executor-3] INFO  leader.FollowerInfo (FollowerInfoImpl.java:lambda$new$0(47)) - omNode-1@group-523986131536->omNode-3: nextIndex: updateUnconditionally 281 -> 45
2022-05-11 01:31:00,549 [grpc-default-executor-3] WARN  server.GrpcLogAppender (LogUtils.java:warn(122)) - omNode-1@group-523986131536->omNode-3-AppendLogResponseHandler: Failed appendEntries: org.apache.ratis.thirdparty.io.grpc.StatusRuntimeException: UNAVAILABLE: io exception
2022-05-11 01:31:00,549 [grpc-default-executor-3] INFO  leader.FollowerInfo (FollowerInfoImpl.java:lambda$new$0(47)) - omNode-1@group-523986131536->omNode-3: nextIndex: updateUnconditionally 282 -> 45
2022-05-11 01:31:00,557 [grpc-default-executor-3] WARN  server.GrpcLogAppender (LogUtils.java:warn(122)) - omNode-1@group-523986131536->omNode-3-AppendLogResponseHandler: Failed appendEntries: org.apache.ratis.thirdparty.io.grpc.StatusRuntimeException: UNAVAILABLE: io exception
2022-05-11 01:31:00,557 [grpc-default-executor-3] INFO  leader.FollowerInfo (FollowerInfoImpl.java:lambda$new$0(47)) - omNode-1@group-523986131536->omNode-3: nextIndex: updateUnconditionally 282 -> 45
2022-05-11 01:31:00,560 [grpc-default-executor-0] WARN  server.GrpcLogAppender (LogUtils.java:warn(122)) - omNode-1@group-523986131536->omNode-3-AppendLogResponseHandler: Failed appendEntries: org.apache.ratis.thirdparty.io.grpc.StatusRuntimeException: UNAVAILABLE: io exception
2022-05-11 01:31:00,560 [grpc-default-executor-0] INFO  leader.FollowerInfo (FollowerInfoImpl.java:lambda$new$0(47)) - omNode-1@group-523986131536->omNode-3: nextIndex: updateUnconditionally 283 -> 45
2022-05-11 01:31:00,575 [grpc-default-executor-3] WARN  server.GrpcLogAppender (LogUtils.java:warn(122)) - omNode-1@group-523986131536->omNode-3-AppendLogResponseHandler: Failed appendEntries: org.apache.ratis.thirdparty.io.grpc.StatusRuntimeException: UNAVAILABLE: io exception
2022-05-11 01:31:00,575 [grpc-default-executor-3] INFO  leader.FollowerInfo (FollowerInfoImpl.java:lambda$new$0(47)) - omNode-1@group-523986131536->omNode-3: nextIndex: updateUnconditionally 283 -> 45
2022-05-11 01:31:00,589 [grpc-default-executor-0] WARN  server.GrpcLogAppender (LogUtils.java:warn(122)) - omNode-1@group-523986131536->omNode-3-AppendLogResponseHandler: Failed appendEntries: org.apache.ratis.thirdparty.io.grpc.StatusRuntimeException: UNAVAILABLE: io exception
2022-05-11 01:31:00,589 [grpc-default-executor-0] INFO  leader.FollowerInfo (FollowerInfoImpl.java:lambda$new$0(47)) - omNode-1@group-523986131536->omNode-3: nextIndex: updateUnconditionally 284 -> 45
2022-05-11 01:31:00,599 [grpc-default-executor-0] WARN  server.GrpcLogAppender (LogUtils.java:warn(122)) - omNode-1@group-523986131536->omNode-3-AppendLogResponseHandler: Failed appendEntries: org.apache.ratis.thirdparty.io.grpc.StatusRuntimeException: UNAVAILABLE: io exception
2022-05-11 01:31:00,600 [grpc-default-executor-0] INFO  leader.FollowerInfo (FollowerInfoImpl.java:lambda$new$0(47)) - omNode-1@group-523986131536->omNode-3: nextIndex: updateUnconditionally 284 -> 45
2022-05-11 01:31:00,603 [grpc-default-executor-0] WARN  server.GrpcLogAppender (LogUtils.java:warn(122)) - omNode-1@group-523986131536->omNode-3-AppendLogResponseHandler: Failed appendEntries: org.apache.ratis.thirdparty.io.grpc.StatusRuntimeException: UNAVAILABLE: io exception
2022-05-11 01:31:00,603 [grpc-default-executor-0] INFO  leader.FollowerInfo (FollowerInfoImpl.java:lambda$new$0(47)) - omNode-1@group-523986131536->omNode-3: nextIndex: updateUnconditionally 286 -> 45
2022-05-11 01:31:00,612 [grpc-default-executor-0] WARN  server.GrpcLogAppender (LogUtils.java:warn(122)) - omNode-1@group-523986131536->omNode-3-AppendLogResponseHandler: Failed appendEntries: org.apache.ratis.thirdparty.io.grpc.StatusRuntimeException: UNAVAILABLE: io exception
2022-05-11 01:31:00,612 [grpc-default-executor-0] INFO  leader.FollowerInfo (FollowerInfoImpl.java:lambda$new$0(47)) - omNode-1@group-523986131536->omNode-3: nextIndex: updateUnconditionally 286 -> 45
2022-05-11 01:31:00,619 [grpc-default-executor-0] WARN  server.GrpcLogAppender (LogUtils.java:warn(122)) - omNode-1@group-523986131536->omNode-3-AppendLogResponseHandler: Failed appendEntries: org.apache.ratis.thirdparty.io.grpc.StatusRuntimeException: UNAVAILABLE: io exception
2022-05-11 01:31:00,619 [grpc-default-executor-0] INFO  leader.FollowerInfo (FollowerInfoImpl.java:lambda$new$0(47)) - omNode-1@group-523986131536->omNode-3: nextIndex: updateUnconditionally 287 -> 45
2022-05-11 01:31:00,636 [grpc-default-executor-0] WARN  server.GrpcLogAppender (LogUtils.java:warn(122)) - omNode-1@group-523986131536->omNode-3-AppendLogResponseHandler: Failed appendEntries: org.apache.ratis.thirdparty.io.grpc.StatusRuntimeException: UNAVAILABLE: io exception
2022-05-11 01:31:00,636 [grpc-default-executor-0] INFO  leader.FollowerInfo (FollowerInfoImpl.java:lambda$new$0(47)) - omNode-1@group-523986131536->omNode-3: nextIndex: updateUnconditionally 287 -> 45
2022-05-11 01:31:00,658 [grpc-default-executor-3] WARN  server.GrpcLogAppender (LogUtils.java:warn(122)) - omNode-1@group-523986131536->omNode-3-AppendLogResponseHandler: Failed appendEntries: org.apache.ratis.thirdparty.io.grpc.StatusRuntimeException: UNAVAILABLE: io exception
2022-05-11 01:31:00,659 [grpc-default-executor-3] INFO  leader.FollowerInfo (FollowerInfoImpl.java:lambda$new$0(47)) - omNode-1@group-523986131536->omNode-3: nextIndex: updateUnconditionally 288 -> 45
2022-05-11 01:31:00,670 [grpc-default-executor-3] WARN  server.GrpcLogAppender (LogUtils.java:warn(122)) - omNode-1@group-523986131536->omNode-3-AppendLogResponseHandler: Failed appendEntries: org.apache.ratis.thirdparty.io.grpc.StatusRuntimeException: UNAVAILABLE: io exception
2022-05-11 01:31:00,670 [grpc-default-executor-3] INFO  leader.FollowerInfo (FollowerInfoImpl.java:lambda$new$0(47)) - omNode-1@group-523986131536->omNode-3: nextIndex: updateUnconditionally 288 -> 45
2022-05-11 01:31:00,676 [grpc-default-executor-3] WARN  server.GrpcLogAppender (LogUtils.java:warn(122)) - omNode-1@group-523986131536->omNode-3-AppendLogResponseHandler: Failed appendEntries: org.apache.ratis.thirdparty.io.grpc.StatusRuntimeException: UNAVAILABLE: io exception
2022-05-11 01:31:00,677 [grpc-default-executor-3] INFO  leader.FollowerInfo (FollowerInfoImpl.java:lambda$new$0(47)) - omNode-1@group-523986131536->omNode-3: nextIndex: updateUnconditionally 290 -> 45
2022-05-11 01:31:00,685 [grpc-default-executor-3] WARN  server.GrpcLogAppender (LogUtils.java:warn(122)) - omNode-1@group-523986131536->omNode-3-AppendLogResponseHandler: Failed appendEntries: org.apache.ratis.thirdparty.io.grpc.StatusRuntimeException: UNAVAILABLE: io exception
2022-05-11 01:31:00,685 [grpc-default-executor-3] INFO  leader.FollowerInfo (FollowerInfoImpl.java:lambda$new$0(47)) - omNode-1@group-523986131536->omNode-3: nextIndex: updateUnconditionally 290 -> 45
2022-05-11 01:31:00,694 [grpc-default-executor-3] WARN  server.GrpcLogAppender (LogUtils.java:warn(122)) - omNode-1@group-523986131536->omNode-3-AppendLogResponseHandler: Failed appendEntries: org.apache.ratis.thirdparty.io.grpc.StatusRuntimeException: UNAVAILABLE: io exception
2022-05-11 01:31:00,694 [grpc-default-executor-3] INFO  leader.FollowerInfo (FollowerInfoImpl.java:lambda$new$0(47)) - omNode-1@group-523986131536->omNode-3: nextIndex: updateUnconditionally 291 -> 45
2022-05-11 01:31:00,711 [grpc-default-executor-3] WARN  server.GrpcLogAppender (LogUtils.java:warn(122)) - omNode-1@group-523986131536->omNode-3-AppendLogResponseHandler: Failed appendEntries: org.apache.ratis.thirdparty.io.grpc.StatusRuntimeException: UNAVAILABLE: io exception
2022-05-11 01:31:00,712 [grpc-default-executor-3] INFO  leader.FollowerInfo (FollowerInfoImpl.java:lambda$new$0(47)) - omNode-1@group-523986131536->omNode-3: nextIndex: updateUnconditionally 291 -> 45
2022-05-11 01:31:00,739 [grpc-default-executor-3] WARN  server.GrpcLogAppender (LogUtils.java:warn(122)) - omNode-1@group-523986131536->omNode-3-AppendLogResponseHandler: Failed appendEntries: org.apache.ratis.thirdparty.io.grpc.StatusRuntimeException: UNAVAILABLE: io exception
2022-05-11 01:31:00,739 [grpc-default-executor-3] INFO  leader.FollowerInfo (FollowerInfoImpl.java:lambda$new$0(47)) - omNode-1@group-523986131536->omNode-3: nextIndex: updateUnconditionally 292 -> 45
2022-05-11 01:31:00,755 [grpc-default-executor-3] WARN  server.GrpcLogAppender (LogUtils.java:warn(122)) - omNode-1@group-523986131536->omNode-3-AppendLogResponseHandler: Failed appendEntries: org.apache.ratis.thirdparty.io.grpc.StatusRuntimeException: UNAVAILABLE: io exception
2022-05-11 01:31:00,755 [grpc-default-executor-3] INFO  leader.FollowerInfo (FollowerInfoImpl.java:lambda$new$0(47)) - omNode-1@group-523986131536->omNode-3: nextIndex: updateUnconditionally 292 -> 45
2022-05-11 01:31:00,767 [grpc-default-executor-3] WARN  server.GrpcLogAppender (LogUtils.java:warn(122)) - omNode-1@group-523986131536->omNode-3-AppendLogResponseHandler: Failed appendEntries: org.apache.ratis.thirdparty.io.grpc.StatusRuntimeException: UNAVAILABLE: io exception
2022-05-11 01:31:00,769 [grpc-default-executor-3] INFO  leader.FollowerInfo (FollowerInfoImpl.java:lambda$new$0(47)) - omNode-1@group-523986131536->omNode-3: nextIndex: updateUnconditionally 294 -> 45
2022-05-11 01:31:00,774 [grpc-default-executor-3] WARN  server.GrpcLogAppender (LogUtils.java:warn(122)) - omNode-1@group-523986131536->omNode-3-AppendLogResponseHandler: Failed appendEntries: org.apache.ratis.thirdparty.io.grpc.StatusRuntimeException: UNAVAILABLE: io exception
2022-05-11 01:31:00,774 [grpc-default-executor-3] INFO  leader.FollowerInfo (FollowerInfoImpl.java:lambda$new$0(47)) - omNode-1@group-523986131536->omNode-3: nextIndex: updateUnconditionally 294 -> 45
2022-05-11 01:31:00,780 [grpc-default-executor-3] WARN  server.GrpcLogAppender (LogUtils.java:warn(122)) - omNode-1@group-523986131536->omNode-3-AppendLogResponseHandler: Failed appendEntries: org.apache.ratis.thirdparty.io.grpc.StatusRuntimeException: UNAVAILABLE: io exception
2022-05-11 01:31:00,780 [grpc-default-executor-3] INFO  leader.FollowerInfo (FollowerInfoImpl.java:lambda$new$0(47)) - omNode-1@group-523986131536->omNode-3: nextIndex: updateUnconditionally 295 -> 45
2022-05-11 01:31:00,791 [grpc-default-executor-3] WARN  server.GrpcLogAppender (LogUtils.java:warn(122)) - omNode-1@group-523986131536->omNode-3-AppendLogResponseHandler: Failed appendEntries: org.apache.ratis.thirdparty.io.grpc.StatusRuntimeException: UNAVAILABLE: io exception
2022-05-11 01:31:00,791 [grpc-default-executor-3] INFO  leader.FollowerInfo (FollowerInfoImpl.java:lambda$new$0(47)) - omNode-1@group-523986131536->omNode-3: nextIndex: updateUnconditionally 295 -> 45
2022-05-11 01:31:00,812 [grpc-default-executor-0] WARN  server.GrpcLogAppender (LogUtils.java:warn(122)) - omNode-1@group-523986131536->omNode-3-AppendLogResponseHandler: Failed appendEntries: org.apache.ratis.thirdparty.io.grpc.StatusRuntimeException: UNAVAILABLE: io exception
2022-05-11 01:31:00,813 [grpc-default-executor-0] INFO  leader.FollowerInfo (FollowerInfoImpl.java:lambda$new$0(47)) - omNode-1@group-523986131536->omNode-3: nextIndex: updateUnconditionally 296 -> 45
2022-05-11 01:31:00,822 [grpc-default-executor-0] WARN  server.GrpcLogAppender (LogUtils.java:warn(122)) - omNode-1@group-523986131536->omNode-3-AppendLogResponseHandler: Failed appendEntries: org.apache.ratis.thirdparty.io.grpc.StatusRuntimeException: UNAVAILABLE: io exception
2022-05-11 01:31:00,822 [grpc-default-executor-0] INFO  leader.FollowerInfo (FollowerInfoImpl.java:lambda$new$0(47)) - omNode-1@group-523986131536->omNode-3: nextIndex: updateUnconditionally 296 -> 45
2022-05-11 01:31:00,830 [grpc-default-executor-0] WARN  server.GrpcLogAppender (LogUtils.java:warn(122)) - omNode-1@group-523986131536->omNode-3-AppendLogResponseHandler: Failed appendEntries: org.apache.ratis.thirdparty.io.grpc.StatusRuntimeException: UNAVAILABLE: io exception
2022-05-11 01:31:00,830 [grpc-default-executor-0] INFO  leader.FollowerInfo (FollowerInfoImpl.java:lambda$new$0(47)) - omNode-1@group-523986131536->omNode-3: nextIndex: updateUnconditionally 298 -> 45
2022-05-11 01:31:00,836 [grpc-default-executor-0] WARN  server.GrpcLogAppender (LogUtils.java:warn(122)) - omNode-1@group-523986131536->omNode-3-AppendLogResponseHandler: Failed appendEntries: org.apache.ratis.thirdparty.io.grpc.StatusRuntimeException: UNAVAILABLE: io exception
2022-05-11 01:31:00,837 [grpc-default-executor-0] INFO  leader.FollowerInfo (FollowerInfoImpl.java:lambda$new$0(47)) - omNode-1@group-523986131536->omNode-3: nextIndex: updateUnconditionally 299 -> 45
2022-05-11 01:31:00,854 [grpc-default-executor-0] WARN  server.GrpcLogAppender (LogUtils.java:warn(122)) - omNode-1@group-523986131536->omNode-3-AppendLogResponseHandler: Failed appendEntries: org.apache.ratis.thirdparty.io.grpc.StatusRuntimeException: UNAVAILABLE: io exception
2022-05-11 01:31:00,854 [grpc-default-executor-0] INFO  leader.FollowerInfo (FollowerInfoImpl.java:lambda$new$0(47)) - omNode-1@group-523986131536->omNode-3: nextIndex: updateUnconditionally 299 -> 45
2022-05-11 01:31:00,865 [grpc-default-executor-3] WARN  server.GrpcLogAppender (LogUtils.java:warn(122)) - omNode-1@group-523986131536->omNode-3-AppendLogResponseHandler: Failed appendEntries: org.apache.ratis.thirdparty.io.grpc.StatusRuntimeException: UNAVAILABLE: io exception
2022-05-11 01:31:00,866 [grpc-default-executor-3] INFO  leader.FollowerInfo (FollowerInfoImpl.java:lambda$new$0(47)) - omNode-1@group-523986131536->omNode-3: nextIndex: updateUnconditionally 300 -> 45
2022-05-11 01:31:00,878 [omNode-1@group-523986131536-StateMachineUpdater] INFO  ratis.OzoneManagerStateMachine (OzoneManagerStateMachine.java:takeSnapshot(436)) - Current Snapshot Index (t:2, i:299)
2022-05-11 01:31:00,878 [omNode-1@group-523986131536-StateMachineUpdater] INFO  impl.StateMachineUpdater (StateMachineUpdater.java:takeSnapshot(281)) - omNode-1@group-523986131536-StateMachineUpdater: Took a snapshot at index 299
2022-05-11 01:31:00,878 [omNode-1@group-523986131536-StateMachineUpdater] INFO  impl.StateMachineUpdater (StateMachineUpdater.java:lambda$new$0(89)) - omNode-1@group-523986131536-StateMachineUpdater: snapshotIndex: updateIncreasingly 249 -> 299
2022-05-11 01:31:00,878 [omNode-1@group-523986131536-StateMachineUpdater] INFO  raftlog.RaftLog (RaftLogBase.java:purge(306)) - omNode-1@group-523986131536-SegmentedRaftLog: purge 299
2022-05-11 01:31:00,878 [omNode-1@group-523986131536-StateMachineUpdater] INFO  raftlog.RaftLog (RaftLogBase.java:lambda$new$0(53)) - omNode-1@group-523986131536-SegmentedRaftLog: snapshotIndex: updateIncreasingly 249 -> 299
2022-05-11 01:31:00,878 [omNode-1@group-523986131536-StateMachineUpdater] INFO  raftlog.RaftLog (RaftLogBase.java:lambda$new$0(53)) - omNode-1@group-523986131536-SegmentedRaftLog: purgeIndex: updateToMax old=249, new=299, updated? true
2022-05-11 01:31:00,879 [grpc-default-executor-3] WARN  server.GrpcLogAppender (LogUtils.java:warn(122)) - omNode-1@group-523986131536->omNode-3-AppendLogResponseHandler: Failed appendEntries: org.apache.ratis.thirdparty.io.grpc.StatusRuntimeException: UNAVAILABLE: io exception
2022-05-11 01:31:00,880 [grpc-default-executor-3] INFO  leader.FollowerInfo (FollowerInfoImpl.java:lambda$new$0(47)) - omNode-1@group-523986131536->omNode-3: nextIndex: updateUnconditionally 300 -> 45
2022-05-11 01:31:00,881 [grpc-default-executor-3] WARN  server.GrpcLogAppender (LogUtils.java:warn(122)) - omNode-1@group-523986131536->omNode-3-AppendLogResponseHandler: Failed appendEntries: org.apache.ratis.thirdparty.io.grpc.StatusRuntimeException: UNAVAILABLE: io exception
2022-05-11 01:31:00,881 [grpc-default-executor-3] INFO  leader.FollowerInfo (FollowerInfoImpl.java:lambda$new$0(47)) - omNode-1@group-523986131536->omNode-3: nextIndex: updateUnconditionally 302 -> 45
2022-05-11 01:31:00,885 [omNode-2@group-523986131536-StateMachineUpdater] INFO  ratis.OzoneManagerStateMachine (OzoneManagerStateMachine.java:takeSnapshot(436)) - Current Snapshot Index (t:2, i:299)
2022-05-11 01:31:00,885 [omNode-2@group-523986131536-StateMachineUpdater] INFO  impl.StateMachineUpdater (StateMachineUpdater.java:takeSnapshot(281)) - omNode-2@group-523986131536-StateMachineUpdater: Took a snapshot at index 299
2022-05-11 01:31:00,885 [omNode-2@group-523986131536-StateMachineUpdater] INFO  impl.StateMachineUpdater (StateMachineUpdater.java:lambda$new$0(89)) - omNode-2@group-523986131536-StateMachineUpdater: snapshotIndex: updateIncreasingly 249 -> 299
2022-05-11 01:31:00,885 [omNode-2@group-523986131536-StateMachineUpdater] INFO  raftlog.RaftLog (RaftLogBase.java:purge(306)) - omNode-2@group-523986131536-SegmentedRaftLog: purge 299
2022-05-11 01:31:00,885 [omNode-2@group-523986131536-StateMachineUpdater] INFO  raftlog.RaftLog (RaftLogBase.java:lambda$new$0(53)) - omNode-2@group-523986131536-SegmentedRaftLog: snapshotIndex: updateIncreasingly 249 -> 299
2022-05-11 01:31:00,885 [omNode-2@group-523986131536-StateMachineUpdater] INFO  raftlog.RaftLog (RaftLogBase.java:lambda$new$0(53)) - omNode-2@group-523986131536-SegmentedRaftLog: purgeIndex: updateToMax old=249, new=299, updated? true
2022-05-11 01:31:00,886 [grpc-default-executor-3] WARN  server.GrpcLogAppender (LogUtils.java:warn(122)) - omNode-1@group-523986131536->omNode-3-AppendLogResponseHandler: Failed appendEntries: org.apache.ratis.thirdparty.io.grpc.StatusRuntimeException: UNAVAILABLE: io exception
2022-05-11 01:31:00,887 [grpc-default-executor-3] INFO  leader.FollowerInfo (FollowerInfoImpl.java:lambda$new$0(47)) - omNode-1@group-523986131536->omNode-3: nextIndex: updateUnconditionally 302 -> 45
2022-05-11 01:31:00,889 [grpc-default-executor-3] WARN  server.GrpcLogAppender (LogUtils.java:warn(122)) - omNode-1@group-523986131536->omNode-3-AppendLogResponseHandler: Failed appendEntries: org.apache.ratis.thirdparty.io.grpc.StatusRuntimeException: UNAVAILABLE: io exception
2022-05-11 01:31:00,889 [grpc-default-executor-3] INFO  leader.FollowerInfo (FollowerInfoImpl.java:lambda$new$0(47)) - omNode-1@group-523986131536->omNode-3: nextIndex: updateUnconditionally 303 -> 45
2022-05-11 01:31:00,900 [grpc-default-executor-3] WARN  server.GrpcLogAppender (LogUtils.java:warn(122)) - omNode-1@group-523986131536->omNode-3-AppendLogResponseHandler: Failed appendEntries: org.apache.ratis.thirdparty.io.grpc.StatusRuntimeException: UNAVAILABLE: io exception
2022-05-11 01:31:00,900 [grpc-default-executor-3] INFO  leader.FollowerInfo (FollowerInfoImpl.java:lambda$new$0(47)) - omNode-1@group-523986131536->omNode-3: nextIndex: updateUnconditionally 303 -> 45
2022-05-11 01:31:00,902 [grpc-default-executor-3] WARN  server.GrpcLogAppender (LogUtils.java:warn(122)) - omNode-1@group-523986131536->omNode-3-AppendLogResponseHandler: Failed appendEntries: org.apache.ratis.thirdparty.io.grpc.StatusRuntimeException: UNAVAILABLE: io exception
2022-05-11 01:31:00,902 [grpc-default-executor-3] INFO  leader.FollowerInfo (FollowerInfoImpl.java:lambda$new$0(47)) - omNode-1@group-523986131536->omNode-3: nextIndex: updateUnconditionally 303 -> 45
2022-05-11 01:31:00,919 [grpc-default-executor-3] WARN  server.GrpcLogAppender (LogUtils.java:warn(122)) - omNode-1@group-523986131536->omNode-3-AppendLogResponseHandler: Failed appendEntries: org.apache.ratis.thirdparty.io.grpc.StatusRuntimeException: UNAVAILABLE: io exception
2022-05-11 01:31:00,919 [grpc-default-executor-3] INFO  leader.FollowerInfo (FollowerInfoImpl.java:lambda$new$0(47)) - omNode-1@group-523986131536->omNode-3: nextIndex: updateUnconditionally 304 -> 45
2022-05-11 01:31:00,925 [EndpointStateMachine task thread for /0.0.0.0:46775 - 0 ] INFO  ipc.Client (Client.java:handleConnectionFailure(977)) - Retrying connect to server: 0.0.0.0/0.0.0.0:46775. Already tried 4 time(s); retry policy is RetryUpToMaximumCountWithFixedSleep(maxRetries=15, sleepTime=1000 MILLISECONDS)
2022-05-11 01:31:00,943 [grpc-default-executor-0] WARN  server.GrpcLogAppender (LogUtils.java:warn(122)) - omNode-1@group-523986131536->omNode-3-AppendLogResponseHandler: Failed appendEntries: org.apache.ratis.thirdparty.io.grpc.StatusRuntimeException: UNAVAILABLE: io exception
2022-05-11 01:31:00,943 [grpc-default-executor-0] INFO  leader.FollowerInfo (FollowerInfoImpl.java:lambda$new$0(47)) - omNode-1@group-523986131536->omNode-3: nextIndex: updateUnconditionally 304 -> 45
2022-05-11 01:31:00,945 [grpc-default-executor-0] WARN  server.GrpcLogAppender (LogUtils.java:warn(122)) - omNode-1@group-523986131536->omNode-3-AppendLogResponseHandler: Failed appendEntries: org.apache.ratis.thirdparty.io.grpc.StatusRuntimeException: UNAVAILABLE: io exception
2022-05-11 01:31:00,945 [grpc-default-executor-0] INFO  leader.FollowerInfo (FollowerInfoImpl.java:lambda$new$0(47)) - omNode-1@group-523986131536->omNode-3: nextIndex: updateUnconditionally 306 -> 45
2022-05-11 01:31:00,957 [grpc-default-executor-0] WARN  server.GrpcLogAppender (LogUtils.java:warn(122)) - omNode-1@group-523986131536->omNode-3-AppendLogResponseHandler: Failed appendEntries: org.apache.ratis.thirdparty.io.grpc.StatusRuntimeException: UNAVAILABLE: io exception
2022-05-11 01:31:00,957 [grpc-default-executor-0] INFO  leader.FollowerInfo (FollowerInfoImpl.java:lambda$new$0(47)) - omNode-1@group-523986131536->omNode-3: nextIndex: updateUnconditionally 306 -> 45
2022-05-11 01:31:00,958 [grpc-default-executor-0] WARN  server.GrpcLogAppender (LogUtils.java:warn(122)) - omNode-1@group-523986131536->omNode-3-AppendLogResponseHandler: Failed appendEntries: org.apache.ratis.thirdparty.io.grpc.StatusRuntimeException: UNAVAILABLE: io exception
2022-05-11 01:31:00,959 [grpc-default-executor-0] INFO  leader.FollowerInfo (FollowerInfoImpl.java:lambda$new$0(47)) - omNode-1@group-523986131536->omNode-3: nextIndex: updateUnconditionally 306 -> 45
2022-05-11 01:31:00,969 [grpc-default-executor-0] WARN  server.GrpcLogAppender (LogUtils.java:warn(122)) - omNode-1@group-523986131536->omNode-3-AppendLogResponseHandler: Failed appendEntries: org.apache.ratis.thirdparty.io.grpc.StatusRuntimeException: UNAVAILABLE: io exception
2022-05-11 01:31:00,969 [grpc-default-executor-0] INFO  leader.FollowerInfo (FollowerInfoImpl.java:lambda$new$0(47)) - omNode-1@group-523986131536->omNode-3: nextIndex: updateUnconditionally 307 -> 45
2022-05-11 01:31:00,986 [grpc-default-executor-0] WARN  server.GrpcLogAppender (LogUtils.java:warn(122)) - omNode-1@group-523986131536->omNode-3-AppendLogResponseHandler: Failed appendEntries: org.apache.ratis.thirdparty.io.grpc.StatusRuntimeException: UNAVAILABLE: io exception
2022-05-11 01:31:00,986 [grpc-default-executor-0] INFO  leader.FollowerInfo (FollowerInfoImpl.java:lambda$new$0(47)) - omNode-1@group-523986131536->omNode-3: nextIndex: updateUnconditionally 307 -> 45
2022-05-11 01:31:00,987 [grpc-default-executor-3] WARN  server.GrpcLogAppender (LogUtils.java:warn(122)) - omNode-1@group-523986131536->omNode-3-AppendLogResponseHandler: Failed appendEntries: org.apache.ratis.thirdparty.io.grpc.StatusRuntimeException: UNAVAILABLE: io exception
2022-05-11 01:31:00,988 [grpc-default-executor-3] INFO  leader.FollowerInfo (FollowerInfoImpl.java:lambda$new$0(47)) - omNode-1@group-523986131536->omNode-3: nextIndex: updateUnconditionally 307 -> 45
2022-05-11 01:31:01,009 [grpc-default-executor-0] WARN  server.GrpcLogAppender (LogUtils.java:warn(122)) - omNode-1@group-523986131536->omNode-3-AppendLogResponseHandler: Failed appendEntries: org.apache.ratis.thirdparty.io.grpc.StatusRuntimeException: UNAVAILABLE: io exception
2022-05-11 01:31:01,009 [grpc-default-executor-0] INFO  leader.FollowerInfo (FollowerInfoImpl.java:lambda$new$0(47)) - omNode-1@group-523986131536->omNode-3: nextIndex: updateUnconditionally 308 -> 45
2022-05-11 01:31:01,019 [grpc-default-executor-0] WARN  server.GrpcLogAppender (LogUtils.java:warn(122)) - omNode-1@group-523986131536->omNode-3-AppendLogResponseHandler: Failed appendEntries: org.apache.ratis.thirdparty.io.grpc.StatusRuntimeException: UNAVAILABLE: io exception
2022-05-11 01:31:01,019 [grpc-default-executor-0] INFO  leader.FollowerInfo (FollowerInfoImpl.java:lambda$new$0(47)) - omNode-1@group-523986131536->omNode-3: nextIndex: updateUnconditionally 309 -> 45
2022-05-11 01:31:01,026 [grpc-default-executor-3] WARN  server.GrpcLogAppender (LogUtils.java:warn(122)) - omNode-1@group-523986131536->omNode-3-AppendLogResponseHandler: Failed appendEntries: org.apache.ratis.thirdparty.io.grpc.StatusRuntimeException: UNAVAILABLE: io exception
2022-05-11 01:31:01,026 [grpc-default-executor-3] INFO  leader.FollowerInfo (FollowerInfoImpl.java:lambda$new$0(47)) - omNode-1@group-523986131536->omNode-3: nextIndex: updateUnconditionally 310 -> 45
2022-05-11 01:31:01,035 [grpc-default-executor-3] WARN  server.GrpcLogAppender (LogUtils.java:warn(122)) - omNode-1@group-523986131536->omNode-3-AppendLogResponseHandler: Failed appendEntries: org.apache.ratis.thirdparty.io.grpc.StatusRuntimeException: UNAVAILABLE: io exception
2022-05-11 01:31:01,035 [grpc-default-executor-3] INFO  leader.FollowerInfo (FollowerInfoImpl.java:lambda$new$0(47)) - omNode-1@group-523986131536->omNode-3: nextIndex: updateUnconditionally 310 -> 45
2022-05-11 01:31:01,039 [grpc-default-executor-0] WARN  server.GrpcLogAppender (LogUtils.java:warn(122)) - omNode-1@group-523986131536->omNode-3-AppendLogResponseHandler: Failed appendEntries: org.apache.ratis.thirdparty.io.grpc.StatusRuntimeException: UNAVAILABLE: io exception
2022-05-11 01:31:01,040 [grpc-default-executor-0] INFO  leader.FollowerInfo (FollowerInfoImpl.java:lambda$new$0(47)) - omNode-1@group-523986131536->omNode-3: nextIndex: updateUnconditionally 311 -> 45
2022-05-11 01:31:01,059 [grpc-default-executor-3] WARN  server.GrpcLogAppender (LogUtils.java:warn(122)) - omNode-1@group-523986131536->omNode-3-AppendLogResponseHandler: Failed appendEntries: org.apache.ratis.thirdparty.io.grpc.StatusRuntimeException: UNAVAILABLE: io exception
2022-05-11 01:31:01,060 [grpc-default-executor-3] INFO  leader.FollowerInfo (FollowerInfoImpl.java:lambda$new$0(47)) - omNode-1@group-523986131536->omNode-3: nextIndex: updateUnconditionally 312 -> 45
2022-05-11 01:31:01,069 [grpc-default-executor-3] WARN  server.GrpcLogAppender (LogUtils.java:warn(122)) - omNode-1@group-523986131536->omNode-3-AppendLogResponseHandler: Failed appendEntries: org.apache.ratis.thirdparty.io.grpc.StatusRuntimeException: UNAVAILABLE: io exception
2022-05-11 01:31:01,069 [grpc-default-executor-3] INFO  leader.FollowerInfo (FollowerInfoImpl.java:lambda$new$0(47)) - omNode-1@group-523986131536->omNode-3: nextIndex: updateUnconditionally 312 -> 45
2022-05-11 01:31:01,072 [grpc-default-executor-0] WARN  server.GrpcLogAppender (LogUtils.java:warn(122)) - omNode-1@group-523986131536->omNode-3-AppendLogResponseHandler: Failed appendEntries: org.apache.ratis.thirdparty.io.grpc.StatusRuntimeException: UNAVAILABLE: io exception
2022-05-11 01:31:01,072 [grpc-default-executor-0] INFO  leader.FollowerInfo (FollowerInfoImpl.java:lambda$new$0(47)) - omNode-1@group-523986131536->omNode-3: nextIndex: updateUnconditionally 314 -> 45
2022-05-11 01:31:01,079 [grpc-default-executor-3] WARN  server.GrpcLogAppender (LogUtils.java:warn(122)) - omNode-1@group-523986131536->omNode-3-AppendLogResponseHandler: Failed appendEntries: org.apache.ratis.thirdparty.io.grpc.StatusRuntimeException: UNAVAILABLE: io exception
2022-05-11 01:31:01,080 [grpc-default-executor-3] INFO  leader.FollowerInfo (FollowerInfoImpl.java:lambda$new$0(47)) - omNode-1@group-523986131536->omNode-3: nextIndex: updateUnconditionally 314 -> 45
2022-05-11 01:31:01,081 [grpc-default-executor-3] WARN  server.GrpcLogAppender (LogUtils.java:warn(122)) - omNode-1@group-523986131536->omNode-3-AppendLogResponseHandler: Failed appendEntries: org.apache.ratis.thirdparty.io.grpc.StatusRuntimeException: UNAVAILABLE: io exception
2022-05-11 01:31:01,081 [grpc-default-executor-3] INFO  leader.FollowerInfo (FollowerInfoImpl.java:lambda$new$0(47)) - omNode-1@group-523986131536->omNode-3: nextIndex: updateUnconditionally 314 -> 45
2022-05-11 01:31:01,084 [grpc-default-executor-3] WARN  server.GrpcLogAppender (LogUtils.java:warn(122)) - omNode-1@group-523986131536->omNode-3-AppendLogResponseHandler: Failed appendEntries: org.apache.ratis.thirdparty.io.grpc.StatusRuntimeException: UNAVAILABLE: io exception
2022-05-11 01:31:01,084 [grpc-default-executor-3] INFO  leader.FollowerInfo (FollowerInfoImpl.java:lambda$new$0(47)) - omNode-1@group-523986131536->omNode-3: nextIndex: updateUnconditionally 315 -> 45
2022-05-11 01:31:01,108 [grpc-default-executor-3] WARN  server.GrpcLogAppender (LogUtils.java:warn(122)) - omNode-1@group-523986131536->omNode-3-AppendLogResponseHandler: Failed appendEntries: org.apache.ratis.thirdparty.io.grpc.StatusRuntimeException: UNAVAILABLE: io exception
2022-05-11 01:31:01,109 [grpc-default-executor-3] INFO  leader.FollowerInfo (FollowerInfoImpl.java:lambda$new$0(47)) - omNode-1@group-523986131536->omNode-3: nextIndex: updateUnconditionally 315 -> 45
2022-05-11 01:31:01,110 [grpc-default-executor-3] WARN  server.GrpcLogAppender (LogUtils.java:warn(122)) - omNode-1@group-523986131536->omNode-3-AppendLogResponseHandler: Failed appendEntries: org.apache.ratis.thirdparty.io.grpc.StatusRuntimeException: UNAVAILABLE: io exception
2022-05-11 01:31:01,110 [grpc-default-executor-3] INFO  leader.FollowerInfo (FollowerInfoImpl.java:lambda$new$0(47)) - omNode-1@group-523986131536->omNode-3: nextIndex: updateUnconditionally 315 -> 45
2022-05-11 01:31:01,127 [grpc-default-executor-3] WARN  server.GrpcLogAppender (LogUtils.java:warn(122)) - omNode-1@group-523986131536->omNode-3-AppendLogResponseHandler: Failed appendEntries: org.apache.ratis.thirdparty.io.grpc.StatusRuntimeException: UNAVAILABLE: io exception
2022-05-11 01:31:01,127 [grpc-default-executor-3] INFO  leader.FollowerInfo (FollowerInfoImpl.java:lambda$new$0(47)) - omNode-1@group-523986131536->omNode-3: nextIndex: updateUnconditionally 316 -> 45
2022-05-11 01:31:01,139 [grpc-default-executor-3] WARN  server.GrpcLogAppender (LogUtils.java:warn(122)) - omNode-1@group-523986131536->omNode-3-AppendLogResponseHandler: Failed appendEntries: org.apache.ratis.thirdparty.io.grpc.StatusRuntimeException: UNAVAILABLE: io exception
2022-05-11 01:31:01,139 [grpc-default-executor-3] INFO  leader.FollowerInfo (FollowerInfoImpl.java:lambda$new$0(47)) - omNode-1@group-523986131536->omNode-3: nextIndex: updateUnconditionally 316 -> 45
2022-05-11 01:31:01,143 [grpc-default-executor-3] WARN  server.GrpcLogAppender (LogUtils.java:warn(122)) - omNode-1@group-523986131536->omNode-3-AppendLogResponseHandler: Failed appendEntries: org.apache.ratis.thirdparty.io.grpc.StatusRuntimeException: UNAVAILABLE: io exception
2022-05-11 01:31:01,144 [grpc-default-executor-3] INFO  leader.FollowerInfo (FollowerInfoImpl.java:lambda$new$0(47)) - omNode-1@group-523986131536->omNode-3: nextIndex: updateUnconditionally 317 -> 45
2022-05-11 01:31:01,147 [grpc-default-executor-3] WARN  server.GrpcLogAppender (LogUtils.java:warn(122)) - omNode-1@group-523986131536->omNode-3-AppendLogResponseHandler: Failed appendEntries: org.apache.ratis.thirdparty.io.grpc.StatusRuntimeException: UNAVAILABLE: io exception
2022-05-11 01:31:01,147 [grpc-default-executor-3] INFO  leader.FollowerInfo (FollowerInfoImpl.java:lambda$new$0(47)) - omNode-1@group-523986131536->omNode-3: nextIndex: updateUnconditionally 318 -> 45
2022-05-11 01:31:01,152 [grpc-default-executor-3] WARN  server.GrpcLogAppender (LogUtils.java:warn(122)) - omNode-1@group-523986131536->omNode-3-AppendLogResponseHandler: Failed appendEntries: org.apache.ratis.thirdparty.io.grpc.StatusRuntimeException: UNAVAILABLE: io exception
2022-05-11 01:31:01,152 [grpc-default-executor-3] INFO  leader.FollowerInfo (FollowerInfoImpl.java:lambda$new$0(47)) - omNode-1@group-523986131536->omNode-3: nextIndex: updateUnconditionally 318 -> 45
2022-05-11 01:31:01,153 [grpc-default-executor-3] WARN  server.GrpcLogAppender (LogUtils.java:warn(122)) - omNode-1@group-523986131536->omNode-3-AppendLogResponseHandler: Failed appendEntries: org.apache.ratis.thirdparty.io.grpc.StatusRuntimeException: UNAVAILABLE: io exception
2022-05-11 01:31:01,154 [grpc-default-executor-3] INFO  leader.FollowerInfo (FollowerInfoImpl.java:lambda$new$0(47)) - omNode-1@group-523986131536->omNode-3: nextIndex: updateUnconditionally 318 -> 45
2022-05-11 01:31:01,159 [grpc-default-executor-3] WARN  server.GrpcLogAppender (LogUtils.java:warn(122)) - omNode-1@group-523986131536->omNode-3-AppendLogResponseHandler: Failed appendEntries: org.apache.ratis.thirdparty.io.grpc.StatusRuntimeException: UNAVAILABLE: io exception
2022-05-11 01:31:01,159 [grpc-default-executor-3] INFO  leader.FollowerInfo (FollowerInfoImpl.java:lambda$new$0(47)) - omNode-1@group-523986131536->omNode-3: nextIndex: updateUnconditionally 319 -> 45
2022-05-11 01:31:01,178 [grpc-default-executor-3] WARN  server.GrpcLogAppender (LogUtils.java:warn(122)) - omNode-1@group-523986131536->omNode-3-AppendLogResponseHandler: Failed appendEntries: org.apache.ratis.thirdparty.io.grpc.StatusRuntimeException: UNAVAILABLE: io exception
2022-05-11 01:31:01,178 [grpc-default-executor-3] INFO  leader.FollowerInfo (FollowerInfoImpl.java:lambda$new$0(47)) - omNode-1@group-523986131536->omNode-3: nextIndex: updateUnconditionally 319 -> 45
2022-05-11 01:31:01,179 [grpc-default-executor-3] WARN  server.GrpcLogAppender (LogUtils.java:warn(122)) - omNode-1@group-523986131536->omNode-3-AppendLogResponseHandler: Failed appendEntries: org.apache.ratis.thirdparty.io.grpc.StatusRuntimeException: UNAVAILABLE: io exception
2022-05-11 01:31:01,180 [grpc-default-executor-3] INFO  leader.FollowerInfo (FollowerInfoImpl.java:lambda$new$0(47)) - omNode-1@group-523986131536->omNode-3: nextIndex: updateUnconditionally 319 -> 45
2022-05-11 01:31:01,210 [grpc-default-executor-3] WARN  server.GrpcLogAppender (LogUtils.java:warn(122)) - omNode-1@group-523986131536->omNode-3-AppendLogResponseHandler: Failed appendEntries: org.apache.ratis.thirdparty.io.grpc.StatusRuntimeException: UNAVAILABLE: io exception
2022-05-11 01:31:01,211 [grpc-default-executor-3] INFO  leader.FollowerInfo (FollowerInfoImpl.java:lambda$new$0(47)) - omNode-1@group-523986131536->omNode-3: nextIndex: updateUnconditionally 320 -> 45
2022-05-11 01:31:01,224 [grpc-default-executor-3] WARN  server.GrpcLogAppender (LogUtils.java:warn(122)) - omNode-1@group-523986131536->omNode-3-AppendLogResponseHandler: Failed appendEntries: org.apache.ratis.thirdparty.io.grpc.StatusRuntimeException: UNAVAILABLE: io exception
2022-05-11 01:31:01,225 [grpc-default-executor-3] INFO  leader.FollowerInfo (FollowerInfoImpl.java:lambda$new$0(47)) - omNode-1@group-523986131536->omNode-3: nextIndex: updateUnconditionally 320 -> 45
2022-05-11 01:31:01,226 [grpc-default-executor-3] WARN  server.GrpcLogAppender (LogUtils.java:warn(122)) - omNode-1@group-523986131536->omNode-3-AppendLogResponseHandler: Failed appendEntries: org.apache.ratis.thirdparty.io.grpc.StatusRuntimeException: UNAVAILABLE: io exception
2022-05-11 01:31:01,227 [grpc-default-executor-3] INFO  leader.FollowerInfo (FollowerInfoImpl.java:lambda$new$0(47)) - omNode-1@group-523986131536->omNode-3: nextIndex: updateUnconditionally 321 -> 45
2022-05-11 01:31:01,232 [grpc-default-executor-3] WARN  server.GrpcLogAppender (LogUtils.java:warn(122)) - omNode-1@group-523986131536->omNode-3-AppendLogResponseHandler: Failed appendEntries: org.apache.ratis.thirdparty.io.grpc.StatusRuntimeException: UNAVAILABLE: io exception
2022-05-11 01:31:01,233 [grpc-default-executor-3] INFO  leader.FollowerInfo (FollowerInfoImpl.java:lambda$new$0(47)) - omNode-1@group-523986131536->omNode-3: nextIndex: updateUnconditionally 322 -> 45
2022-05-11 01:31:01,237 [grpc-default-executor-3] WARN  server.GrpcLogAppender (LogUtils.java:warn(122)) - omNode-1@group-523986131536->omNode-3-AppendLogResponseHandler: Failed appendEntries: org.apache.ratis.thirdparty.io.grpc.StatusRuntimeException: UNAVAILABLE: io exception
2022-05-11 01:31:01,238 [grpc-default-executor-3] INFO  leader.FollowerInfo (FollowerInfoImpl.java:lambda$new$0(47)) - omNode-1@group-523986131536->omNode-3: nextIndex: updateUnconditionally 322 -> 45
2022-05-11 01:31:01,239 [grpc-default-executor-3] WARN  server.GrpcLogAppender (LogUtils.java:warn(122)) - omNode-1@group-523986131536->omNode-3-AppendLogResponseHandler: Failed appendEntries: org.apache.ratis.thirdparty.io.grpc.StatusRuntimeException: UNAVAILABLE: io exception
2022-05-11 01:31:01,239 [grpc-default-executor-3] INFO  leader.FollowerInfo (FollowerInfoImpl.java:lambda$new$0(47)) - omNode-1@group-523986131536->omNode-3: nextIndex: updateUnconditionally 322 -> 45
2022-05-11 01:31:01,244 [grpc-default-executor-3] WARN  server.GrpcLogAppender (LogUtils.java:warn(122)) - omNode-1@group-523986131536->omNode-3-AppendLogResponseHandler: Failed appendEntries: org.apache.ratis.thirdparty.io.grpc.StatusRuntimeException: UNAVAILABLE: io exception
2022-05-11 01:31:01,244 [grpc-default-executor-3] INFO  leader.FollowerInfo (FollowerInfoImpl.java:lambda$new$0(47)) - omNode-1@group-523986131536->omNode-3: nextIndex: updateUnconditionally 323 -> 45
2022-05-11 01:31:01,257 [grpc-default-executor-3] WARN  server.GrpcLogAppender (LogUtils.java:warn(122)) - omNode-1@group-523986131536->omNode-3-AppendLogResponseHandler: Failed appendEntries: org.apache.ratis.thirdparty.io.grpc.StatusRuntimeException: UNAVAILABLE: io exception
2022-05-11 01:31:01,258 [grpc-default-executor-3] INFO  leader.FollowerInfo (FollowerInfoImpl.java:lambda$new$0(47)) - omNode-1@group-523986131536->omNode-3: nextIndex: updateUnconditionally 323 -> 45
2022-05-11 01:31:01,259 [grpc-default-executor-3] WARN  server.GrpcLogAppender (LogUtils.java:warn(122)) - omNode-1@group-523986131536->omNode-3-AppendLogResponseHandler: Failed appendEntries: org.apache.ratis.thirdparty.io.grpc.StatusRuntimeException: UNAVAILABLE: io exception
2022-05-11 01:31:01,259 [grpc-default-executor-3] INFO  leader.FollowerInfo (FollowerInfoImpl.java:lambda$new$0(47)) - omNode-1@group-523986131536->omNode-3: nextIndex: updateUnconditionally 323 -> 45
2022-05-11 01:31:01,277 [grpc-default-executor-3] WARN  server.GrpcLogAppender (LogUtils.java:warn(122)) - omNode-1@group-523986131536->omNode-3-AppendLogResponseHandler: Failed appendEntries: org.apache.ratis.thirdparty.io.grpc.StatusRuntimeException: UNAVAILABLE: io exception
2022-05-11 01:31:01,277 [grpc-default-executor-3] INFO  leader.FollowerInfo (FollowerInfoImpl.java:lambda$new$0(47)) - omNode-1@group-523986131536->omNode-3: nextIndex: updateUnconditionally 324 -> 45
2022-05-11 01:31:01,288 [grpc-default-executor-3] WARN  server.GrpcLogAppender (LogUtils.java:warn(122)) - omNode-1@group-523986131536->omNode-3-AppendLogResponseHandler: Failed appendEntries: org.apache.ratis.thirdparty.io.grpc.StatusRuntimeException: UNAVAILABLE: io exception
2022-05-11 01:31:01,288 [grpc-default-executor-3] INFO  leader.FollowerInfo (FollowerInfoImpl.java:lambda$new$0(47)) - omNode-1@group-523986131536->omNode-3: nextIndex: updateUnconditionally 324 -> 45
2022-05-11 01:31:01,290 [grpc-default-executor-3] WARN  server.GrpcLogAppender (LogUtils.java:warn(122)) - omNode-1@group-523986131536->omNode-3-AppendLogResponseHandler: Failed appendEntries: org.apache.ratis.thirdparty.io.grpc.StatusRuntimeException: UNAVAILABLE: io exception
2022-05-11 01:31:01,291 [grpc-default-executor-3] INFO  leader.FollowerInfo (FollowerInfoImpl.java:lambda$new$0(47)) - omNode-1@group-523986131536->omNode-3: nextIndex: updateUnconditionally 325 -> 45
2022-05-11 01:31:01,297 [grpc-default-executor-3] WARN  server.GrpcLogAppender (LogUtils.java:warn(122)) - omNode-1@group-523986131536->omNode-3-AppendLogResponseHandler: Failed appendEntries: org.apache.ratis.thirdparty.io.grpc.StatusRuntimeException: UNAVAILABLE: io exception
2022-05-11 01:31:01,297 [grpc-default-executor-3] INFO  leader.FollowerInfo (FollowerInfoImpl.java:lambda$new$0(47)) - omNode-1@group-523986131536->omNode-3: nextIndex: updateUnconditionally 326 -> 45
2022-05-11 01:31:01,304 [grpc-default-executor-3] WARN  server.GrpcLogAppender (LogUtils.java:warn(122)) - omNode-1@group-523986131536->omNode-3-AppendLogResponseHandler: Failed appendEntries: org.apache.ratis.thirdparty.io.grpc.StatusRuntimeException: UNAVAILABLE: io exception
2022-05-11 01:31:01,304 [grpc-default-executor-3] INFO  leader.FollowerInfo (FollowerInfoImpl.java:lambda$new$0(47)) - omNode-1@group-523986131536->omNode-3: nextIndex: updateUnconditionally 326 -> 45
2022-05-11 01:31:01,313 [grpc-default-executor-3] WARN  server.GrpcLogAppender (LogUtils.java:warn(122)) - omNode-1@group-523986131536->omNode-3-AppendLogResponseHandler: Failed appendEntries: org.apache.ratis.thirdparty.io.grpc.StatusRuntimeException: UNAVAILABLE: io exception
2022-05-11 01:31:01,314 [grpc-default-executor-3] INFO  leader.FollowerInfo (FollowerInfoImpl.java:lambda$new$0(47)) - omNode-1@group-523986131536->omNode-3: nextIndex: updateUnconditionally 327 -> 45
2022-05-11 01:31:01,336 [grpc-default-executor-3] WARN  server.GrpcLogAppender (LogUtils.java:warn(122)) - omNode-1@group-523986131536->omNode-3-AppendLogResponseHandler: Failed appendEntries: org.apache.ratis.thirdparty.io.grpc.StatusRuntimeException: UNAVAILABLE: io exception
2022-05-11 01:31:01,336 [grpc-default-executor-3] INFO  leader.FollowerInfo (FollowerInfoImpl.java:lambda$new$0(47)) - omNode-1@group-523986131536->omNode-3: nextIndex: updateUnconditionally 327 -> 45
2022-05-11 01:31:01,337 [grpc-default-executor-3] WARN  server.GrpcLogAppender (LogUtils.java:warn(122)) - omNode-1@group-523986131536->omNode-3-AppendLogResponseHandler: Failed appendEntries: org.apache.ratis.thirdparty.io.grpc.StatusRuntimeException: UNAVAILABLE: io exception
2022-05-11 01:31:01,337 [grpc-default-executor-3] INFO  leader.FollowerInfo (FollowerInfoImpl.java:lambda$new$0(47)) - omNode-1@group-523986131536->omNode-3: nextIndex: updateUnconditionally 327 -> 45
2022-05-11 01:31:01,357 [grpc-default-executor-3] WARN  server.GrpcLogAppender (LogUtils.java:warn(122)) - omNode-1@group-523986131536->omNode-3-AppendLogResponseHandler: Failed appendEntries: org.apache.ratis.thirdparty.io.grpc.StatusRuntimeException: UNAVAILABLE: io exception
2022-05-11 01:31:01,358 [grpc-default-executor-3] INFO  leader.FollowerInfo (FollowerInfoImpl.java:lambda$new$0(47)) - omNode-1@group-523986131536->omNode-3: nextIndex: updateUnconditionally 328 -> 45
2022-05-11 01:31:01,369 [grpc-default-executor-2] WARN  server.GrpcLogAppender (LogUtils.java:warn(122)) - omNode-1@group-523986131536->omNode-3-AppendLogResponseHandler: Failed appendEntries: org.apache.ratis.thirdparty.io.grpc.StatusRuntimeException: UNAVAILABLE: io exception
2022-05-11 01:31:01,369 [grpc-default-executor-2] INFO  leader.FollowerInfo (FollowerInfoImpl.java:lambda$new$0(47)) - omNode-1@group-523986131536->omNode-3: nextIndex: updateUnconditionally 328 -> 45
2022-05-11 01:31:01,371 [grpc-default-executor-2] WARN  server.GrpcLogAppender (LogUtils.java:warn(122)) - omNode-1@group-523986131536->omNode-3-AppendLogResponseHandler: Failed appendEntries: org.apache.ratis.thirdparty.io.grpc.StatusRuntimeException: UNAVAILABLE: io exception
2022-05-11 01:31:01,371 [grpc-default-executor-2] INFO  leader.FollowerInfo (FollowerInfoImpl.java:lambda$new$0(47)) - omNode-1@group-523986131536->omNode-3: nextIndex: updateUnconditionally 329 -> 45
2022-05-11 01:31:01,381 [grpc-default-executor-2] WARN  server.GrpcLogAppender (LogUtils.java:warn(122)) - omNode-1@group-523986131536->omNode-3-AppendLogResponseHandler: Failed appendEntries: org.apache.ratis.thirdparty.io.grpc.StatusRuntimeException: UNAVAILABLE: io exception
2022-05-11 01:31:01,381 [grpc-default-executor-2] INFO  leader.FollowerInfo (FollowerInfoImpl.java:lambda$new$0(47)) - omNode-1@group-523986131536->omNode-3: nextIndex: updateUnconditionally 330 -> 45
2022-05-11 01:31:01,404 [grpc-default-executor-3] WARN  server.GrpcLogAppender (LogUtils.java:warn(122)) - omNode-1@group-523986131536->omNode-3-AppendLogResponseHandler: Failed appendEntries: org.apache.ratis.thirdparty.io.grpc.StatusRuntimeException: UNAVAILABLE: io exception
2022-05-11 01:31:01,404 [grpc-default-executor-3] INFO  leader.FollowerInfo (FollowerInfoImpl.java:lambda$new$0(47)) - omNode-1@group-523986131536->omNode-3: nextIndex: updateUnconditionally 330 -> 45
2022-05-11 01:31:01,406 [grpc-default-executor-3] WARN  server.GrpcLogAppender (LogUtils.java:warn(122)) - omNode-1@group-523986131536->omNode-3-AppendLogResponseHandler: Failed appendEntries: org.apache.ratis.thirdparty.io.grpc.StatusRuntimeException: UNAVAILABLE: io exception
2022-05-11 01:31:01,406 [grpc-default-executor-3] INFO  leader.FollowerInfo (FollowerInfoImpl.java:lambda$new$0(47)) - omNode-1@group-523986131536->omNode-3: nextIndex: updateUnconditionally 330 -> 45
2022-05-11 01:31:01,412 [grpc-default-executor-3] WARN  server.GrpcLogAppender (LogUtils.java:warn(122)) - omNode-1@group-523986131536->omNode-3-AppendLogResponseHandler: Failed appendEntries: org.apache.ratis.thirdparty.io.grpc.StatusRuntimeException: UNAVAILABLE: io exception
2022-05-11 01:31:01,412 [grpc-default-executor-3] INFO  leader.FollowerInfo (FollowerInfoImpl.java:lambda$new$0(47)) - omNode-1@group-523986131536->omNode-3: nextIndex: updateUnconditionally 331 -> 45
2022-05-11 01:31:01,428 [grpc-default-executor-3] WARN  server.GrpcLogAppender (LogUtils.java:warn(122)) - omNode-1@group-523986131536->omNode-3-AppendLogResponseHandler: Failed appendEntries: org.apache.ratis.thirdparty.io.grpc.StatusRuntimeException: UNAVAILABLE: io exception
2022-05-11 01:31:01,428 [grpc-default-executor-3] INFO  leader.FollowerInfo (FollowerInfoImpl.java:lambda$new$0(47)) - omNode-1@group-523986131536->omNode-3: nextIndex: updateUnconditionally 331 -> 45
2022-05-11 01:31:01,430 [grpc-default-executor-3] WARN  server.GrpcLogAppender (LogUtils.java:warn(122)) - omNode-1@group-523986131536->omNode-3-AppendLogResponseHandler: Failed appendEntries: org.apache.ratis.thirdparty.io.grpc.StatusRuntimeException: UNAVAILABLE: io exception
2022-05-11 01:31:01,430 [grpc-default-executor-3] INFO  leader.FollowerInfo (FollowerInfoImpl.java:lambda$new$0(47)) - omNode-1@group-523986131536->omNode-3: nextIndex: updateUnconditionally 331 -> 45
2022-05-11 01:31:01,454 [grpc-default-executor-3] WARN  server.GrpcLogAppender (LogUtils.java:warn(122)) - omNode-1@group-523986131536->omNode-3-AppendLogResponseHandler: Failed appendEntries: org.apache.ratis.thirdparty.io.grpc.StatusRuntimeException: UNAVAILABLE: io exception
2022-05-11 01:31:01,454 [grpc-default-executor-3] INFO  leader.FollowerInfo (FollowerInfoImpl.java:lambda$new$0(47)) - omNode-1@group-523986131536->omNode-3: nextIndex: updateUnconditionally 332 -> 45
2022-05-11 01:31:01,462 [grpc-default-executor-3] WARN  server.GrpcLogAppender (LogUtils.java:warn(122)) - omNode-1@group-523986131536->omNode-3-AppendLogResponseHandler: Failed appendEntries: org.apache.ratis.thirdparty.io.grpc.StatusRuntimeException: UNAVAILABLE: io exception
2022-05-11 01:31:01,462 [grpc-default-executor-3] INFO  leader.FollowerInfo (FollowerInfoImpl.java:lambda$new$0(47)) - omNode-1@group-523986131536->omNode-3: nextIndex: updateUnconditionally 332 -> 45
2022-05-11 01:31:01,467 [grpc-default-executor-3] WARN  server.GrpcLogAppender (LogUtils.java:warn(122)) - omNode-1@group-523986131536->omNode-3-AppendLogResponseHandler: Failed appendEntries: org.apache.ratis.thirdparty.io.grpc.StatusRuntimeException: UNAVAILABLE: io exception
2022-05-11 01:31:01,467 [grpc-default-executor-3] INFO  leader.FollowerInfo (FollowerInfoImpl.java:lambda$new$0(47)) - omNode-1@group-523986131536->omNode-3: nextIndex: updateUnconditionally 333 -> 45
2022-05-11 01:31:01,469 [grpc-default-executor-3] WARN  server.GrpcLogAppender (LogUtils.java:warn(122)) - omNode-1@group-523986131536->omNode-3-AppendLogResponseHandler: Failed appendEntries: org.apache.ratis.thirdparty.io.grpc.StatusRuntimeException: UNAVAILABLE: io exception
2022-05-11 01:31:01,469 [grpc-default-executor-3] INFO  leader.FollowerInfo (FollowerInfoImpl.java:lambda$new$0(47)) - omNode-1@group-523986131536->omNode-3: nextIndex: updateUnconditionally 334 -> 45
2022-05-11 01:31:01,475 [grpc-default-executor-3] WARN  server.GrpcLogAppender (LogUtils.java:warn(122)) - omNode-1@group-523986131536->omNode-3-AppendLogResponseHandler: Failed appendEntries: org.apache.ratis.thirdparty.io.grpc.StatusRuntimeException: UNAVAILABLE: io exception
2022-05-11 01:31:01,475 [grpc-default-executor-3] INFO  leader.FollowerInfo (FollowerInfoImpl.java:lambda$new$0(47)) - omNode-1@group-523986131536->omNode-3: nextIndex: updateUnconditionally 334 -> 45
2022-05-11 01:31:01,483 [grpc-default-executor-3] WARN  server.GrpcLogAppender (LogUtils.java:warn(122)) - omNode-1@group-523986131536->omNode-3-AppendLogResponseHandler: Failed appendEntries: org.apache.ratis.thirdparty.io.grpc.StatusRuntimeException: UNAVAILABLE: io exception
2022-05-11 01:31:01,484 [grpc-default-executor-3] INFO  leader.FollowerInfo (FollowerInfoImpl.java:lambda$new$0(47)) - omNode-1@group-523986131536->omNode-3: nextIndex: updateUnconditionally 335 -> 45
2022-05-11 01:31:01,497 [grpc-default-executor-3] WARN  server.GrpcLogAppender (LogUtils.java:warn(122)) - omNode-1@group-523986131536->omNode-3-AppendLogResponseHandler: Failed appendEntries: org.apache.ratis.thirdparty.io.grpc.StatusRuntimeException: UNAVAILABLE: io exception
2022-05-11 01:31:01,497 [grpc-default-executor-3] INFO  leader.FollowerInfo (FollowerInfoImpl.java:lambda$new$0(47)) - omNode-1@group-523986131536->omNode-3: nextIndex: updateUnconditionally 335 -> 45
2022-05-11 01:31:01,499 [grpc-default-executor-3] WARN  server.GrpcLogAppender (LogUtils.java:warn(122)) - omNode-1@group-523986131536->omNode-3-AppendLogResponseHandler: Failed appendEntries: org.apache.ratis.thirdparty.io.grpc.StatusRuntimeException: UNAVAILABLE: io exception
2022-05-11 01:31:01,500 [grpc-default-executor-3] INFO  leader.FollowerInfo (FollowerInfoImpl.java:lambda$new$0(47)) - omNode-1@group-523986131536->omNode-3: nextIndex: updateUnconditionally 335 -> 45
2022-05-11 01:31:01,509 [grpc-default-executor-3] WARN  server.GrpcLogAppender (LogUtils.java:warn(122)) - omNode-1@group-523986131536->omNode-3-AppendLogResponseHandler: Failed appendEntries: org.apache.ratis.thirdparty.io.grpc.StatusRuntimeException: UNAVAILABLE: io exception
2022-05-11 01:31:01,509 [grpc-default-executor-3] INFO  leader.FollowerInfo (FollowerInfoImpl.java:lambda$new$0(47)) - omNode-1@group-523986131536->omNode-3: nextIndex: updateUnconditionally 336 -> 45
2022-05-11 01:31:01,517 [grpc-default-executor-3] WARN  server.GrpcLogAppender (LogUtils.java:warn(122)) - omNode-1@group-523986131536->omNode-3-AppendLogResponseHandler: Failed appendEntries: org.apache.ratis.thirdparty.io.grpc.StatusRuntimeException: UNAVAILABLE: io exception
2022-05-11 01:31:01,517 [grpc-default-executor-3] INFO  leader.FollowerInfo (FollowerInfoImpl.java:lambda$new$0(47)) - omNode-1@group-523986131536->omNode-3: nextIndex: updateUnconditionally 336 -> 45
2022-05-11 01:31:01,522 [grpc-default-executor-3] WARN  server.GrpcLogAppender (LogUtils.java:warn(122)) - omNode-1@group-523986131536->omNode-3-AppendLogResponseHandler: Failed appendEntries: org.apache.ratis.thirdparty.io.grpc.StatusRuntimeException: UNAVAILABLE: io exception
2022-05-11 01:31:01,522 [grpc-default-executor-3] INFO  leader.FollowerInfo (FollowerInfoImpl.java:lambda$new$0(47)) - omNode-1@group-523986131536->omNode-3: nextIndex: updateUnconditionally 338 -> 45
2022-05-11 01:31:01,535 [grpc-default-executor-3] WARN  server.GrpcLogAppender (LogUtils.java:warn(122)) - omNode-1@group-523986131536->omNode-3-AppendLogResponseHandler: Failed appendEntries: org.apache.ratis.thirdparty.io.grpc.StatusRuntimeException: UNAVAILABLE: io exception
2022-05-11 01:31:01,535 [grpc-default-executor-3] INFO  leader.FollowerInfo (FollowerInfoImpl.java:lambda$new$0(47)) - omNode-1@group-523986131536->omNode-3: nextIndex: updateUnconditionally 338 -> 45
2022-05-11 01:31:01,541 [grpc-default-executor-3] WARN  server.GrpcLogAppender (LogUtils.java:warn(122)) - omNode-1@group-523986131536->omNode-3-AppendLogResponseHandler: Failed appendEntries: org.apache.ratis.thirdparty.io.grpc.StatusRuntimeException: UNAVAILABLE: io exception
2022-05-11 01:31:01,541 [grpc-default-executor-3] INFO  leader.FollowerInfo (FollowerInfoImpl.java:lambda$new$0(47)) - omNode-1@group-523986131536->omNode-3: nextIndex: updateUnconditionally 339 -> 45
2022-05-11 01:31:01,560 [grpc-default-executor-3] WARN  server.GrpcLogAppender (LogUtils.java:warn(122)) - omNode-1@group-523986131536->omNode-3-AppendLogResponseHandler: Failed appendEntries: org.apache.ratis.thirdparty.io.grpc.StatusRuntimeException: UNAVAILABLE: io exception
2022-05-11 01:31:01,560 [grpc-default-executor-3] INFO  leader.FollowerInfo (FollowerInfoImpl.java:lambda$new$0(47)) - omNode-1@group-523986131536->omNode-3: nextIndex: updateUnconditionally 339 -> 45
2022-05-11 01:31:01,586 [grpc-default-executor-0] WARN  server.GrpcLogAppender (LogUtils.java:warn(122)) - omNode-1@group-523986131536->omNode-3-AppendLogResponseHandler: Failed appendEntries: org.apache.ratis.thirdparty.io.grpc.StatusRuntimeException: UNAVAILABLE: io exception
2022-05-11 01:31:01,586 [grpc-default-executor-0] INFO  leader.FollowerInfo (FollowerInfoImpl.java:lambda$new$0(47)) - omNode-1@group-523986131536->omNode-3: nextIndex: updateUnconditionally 340 -> 45
2022-05-11 01:31:01,592 [grpc-default-executor-0] WARN  server.GrpcLogAppender (LogUtils.java:warn(122)) - omNode-1@group-523986131536->omNode-3-AppendLogResponseHandler: Failed appendEntries: org.apache.ratis.thirdparty.io.grpc.StatusRuntimeException: UNAVAILABLE: io exception
2022-05-11 01:31:01,592 [grpc-default-executor-0] INFO  leader.FollowerInfo (FollowerInfoImpl.java:lambda$new$0(47)) - omNode-1@group-523986131536->omNode-3: nextIndex: updateUnconditionally 340 -> 45
2022-05-11 01:31:01,599 [grpc-default-executor-0] WARN  server.GrpcLogAppender (LogUtils.java:warn(122)) - omNode-1@group-523986131536->omNode-3-AppendLogResponseHandler: Failed appendEntries: org.apache.ratis.thirdparty.io.grpc.StatusRuntimeException: UNAVAILABLE: io exception
2022-05-11 01:31:01,599 [grpc-default-executor-0] INFO  leader.FollowerInfo (FollowerInfoImpl.java:lambda$new$0(47)) - omNode-1@group-523986131536->omNode-3: nextIndex: updateUnconditionally 342 -> 45
2022-05-11 01:31:01,610 [grpc-default-executor-0] WARN  server.GrpcLogAppender (LogUtils.java:warn(122)) - omNode-1@group-523986131536->omNode-3-AppendLogResponseHandler: Failed appendEntries: org.apache.ratis.thirdparty.io.grpc.StatusRuntimeException: UNAVAILABLE: io exception
2022-05-11 01:31:01,610 [grpc-default-executor-0] INFO  leader.FollowerInfo (FollowerInfoImpl.java:lambda$new$0(47)) - omNode-1@group-523986131536->omNode-3: nextIndex: updateUnconditionally 342 -> 45
2022-05-11 01:31:01,615 [grpc-default-executor-0] WARN  server.GrpcLogAppender (LogUtils.java:warn(122)) - omNode-1@group-523986131536->omNode-3-AppendLogResponseHandler: Failed appendEntries: org.apache.ratis.thirdparty.io.grpc.StatusRuntimeException: UNAVAILABLE: io exception
2022-05-11 01:31:01,615 [grpc-default-executor-0] INFO  leader.FollowerInfo (FollowerInfoImpl.java:lambda$new$0(47)) - omNode-1@group-523986131536->omNode-3: nextIndex: updateUnconditionally 343 -> 45
2022-05-11 01:31:01,628 [grpc-default-executor-0] WARN  server.GrpcLogAppender (LogUtils.java:warn(122)) - omNode-1@group-523986131536->omNode-3-AppendLogResponseHandler: Failed appendEntries: org.apache.ratis.thirdparty.io.grpc.StatusRuntimeException: UNAVAILABLE: io exception
2022-05-11 01:31:01,628 [grpc-default-executor-0] INFO  leader.FollowerInfo (FollowerInfoImpl.java:lambda$new$0(47)) - omNode-1@group-523986131536->omNode-3: nextIndex: updateUnconditionally 343 -> 45
2022-05-11 01:31:01,661 [grpc-default-executor-0] WARN  server.GrpcLogAppender (LogUtils.java:warn(122)) - omNode-1@group-523986131536->omNode-3-AppendLogResponseHandler: Failed appendEntries: org.apache.ratis.thirdparty.io.grpc.StatusRuntimeException: UNAVAILABLE: io exception
2022-05-11 01:31:01,661 [grpc-default-executor-0] INFO  leader.FollowerInfo (FollowerInfoImpl.java:lambda$new$0(47)) - omNode-1@group-523986131536->omNode-3: nextIndex: updateUnconditionally 344 -> 45
2022-05-11 01:31:01,682 [grpc-default-executor-0] WARN  server.GrpcLogAppender (LogUtils.java:warn(122)) - omNode-1@group-523986131536->omNode-3-AppendLogResponseHandler: Failed appendEntries: org.apache.ratis.thirdparty.io.grpc.StatusRuntimeException: UNAVAILABLE: io exception
2022-05-11 01:31:01,683 [grpc-default-executor-0] INFO  leader.FollowerInfo (FollowerInfoImpl.java:lambda$new$0(47)) - omNode-1@group-523986131536->omNode-3: nextIndex: updateUnconditionally 345 -> 45
2022-05-11 01:31:01,690 [grpc-default-executor-0] WARN  server.GrpcLogAppender (LogUtils.java:warn(122)) - omNode-1@group-523986131536->omNode-3-AppendLogResponseHandler: Failed appendEntries: org.apache.ratis.thirdparty.io.grpc.StatusRuntimeException: UNAVAILABLE: io exception
2022-05-11 01:31:01,690 [grpc-default-executor-0] INFO  leader.FollowerInfo (FollowerInfoImpl.java:lambda$new$0(47)) - omNode-1@group-523986131536->omNode-3: nextIndex: updateUnconditionally 346 -> 45
2022-05-11 01:31:01,704 [grpc-default-executor-0] WARN  server.GrpcLogAppender (LogUtils.java:warn(122)) - omNode-1@group-523986131536->omNode-3-AppendLogResponseHandler: Failed appendEntries: org.apache.ratis.thirdparty.io.grpc.StatusRuntimeException: UNAVAILABLE: io exception
2022-05-11 01:31:01,704 [grpc-default-executor-0] INFO  leader.FollowerInfo (FollowerInfoImpl.java:lambda$new$0(47)) - omNode-1@group-523986131536->omNode-3: nextIndex: updateUnconditionally 346 -> 45
2022-05-11 01:31:01,716 [grpc-default-executor-0] WARN  server.GrpcLogAppender (LogUtils.java:warn(122)) - omNode-1@group-523986131536->omNode-3-AppendLogResponseHandler: Failed appendEntries: org.apache.ratis.thirdparty.io.grpc.StatusRuntimeException: UNAVAILABLE: io exception
2022-05-11 01:31:01,717 [grpc-default-executor-0] INFO  leader.FollowerInfo (FollowerInfoImpl.java:lambda$new$0(47)) - omNode-1@group-523986131536->omNode-3: nextIndex: updateUnconditionally 347 -> 45
2022-05-11 01:31:01,735 [grpc-default-executor-0] WARN  server.GrpcLogAppender (LogUtils.java:warn(122)) - omNode-1@group-523986131536->omNode-3-AppendLogResponseHandler: Failed appendEntries: org.apache.ratis.thirdparty.io.grpc.StatusRuntimeException: UNAVAILABLE: io exception
2022-05-11 01:31:01,735 [grpc-default-executor-0] INFO  leader.FollowerInfo (FollowerInfoImpl.java:lambda$new$0(47)) - omNode-1@group-523986131536->omNode-3: nextIndex: updateUnconditionally 347 -> 45
2022-05-11 01:31:01,751 [grpc-default-executor-0] WARN  server.GrpcLogAppender (LogUtils.java:warn(122)) - omNode-1@group-523986131536->omNode-3-AppendLogResponseHandler: Failed appendEntries: org.apache.ratis.thirdparty.io.grpc.StatusRuntimeException: UNAVAILABLE: io exception
2022-05-11 01:31:01,751 [grpc-default-executor-0] INFO  leader.FollowerInfo (FollowerInfoImpl.java:lambda$new$0(47)) - omNode-1@group-523986131536->omNode-3: nextIndex: updateUnconditionally 348 -> 45
2022-05-11 01:31:01,760 [grpc-default-executor-0] WARN  server.GrpcLogAppender (LogUtils.java:warn(122)) - omNode-1@group-523986131536->omNode-3-AppendLogResponseHandler: Failed appendEntries: org.apache.ratis.thirdparty.io.grpc.StatusRuntimeException: UNAVAILABLE: io exception
2022-05-11 01:31:01,761 [grpc-default-executor-0] INFO  leader.FollowerInfo (FollowerInfoImpl.java:lambda$new$0(47)) - omNode-1@group-523986131536->omNode-3: nextIndex: updateUnconditionally 348 -> 45
2022-05-11 01:31:01,765 [grpc-default-executor-0] WARN  server.GrpcLogAppender (LogUtils.java:warn(122)) - omNode-1@group-523986131536->omNode-3-AppendLogResponseHandler: Failed appendEntries: org.apache.ratis.thirdparty.io.grpc.StatusRuntimeException: UNAVAILABLE: io exception
2022-05-11 01:31:01,765 [grpc-default-executor-0] INFO  leader.FollowerInfo (FollowerInfoImpl.java:lambda$new$0(47)) - omNode-1@group-523986131536->omNode-3: nextIndex: updateUnconditionally 350 -> 45
2022-05-11 01:31:01,770 [grpc-default-executor-0] WARN  server.GrpcLogAppender (LogUtils.java:warn(122)) - omNode-1@group-523986131536->omNode-3-AppendLogResponseHandler: Failed appendEntries: org.apache.ratis.thirdparty.io.grpc.StatusRuntimeException: UNAVAILABLE: io exception
2022-05-11 01:31:01,770 [grpc-default-executor-0] INFO  leader.FollowerInfo (FollowerInfoImpl.java:lambda$new$0(47)) - omNode-1@group-523986131536->omNode-3: nextIndex: updateUnconditionally 350 -> 45
2022-05-11 01:31:01,775 [grpc-default-executor-0] WARN  server.GrpcLogAppender (LogUtils.java:warn(122)) - omNode-1@group-523986131536->omNode-3-AppendLogResponseHandler: Failed appendEntries: org.apache.ratis.thirdparty.io.grpc.StatusRuntimeException: UNAVAILABLE: io exception
2022-05-11 01:31:01,776 [grpc-default-executor-0] INFO  leader.FollowerInfo (FollowerInfoImpl.java:lambda$new$0(47)) - omNode-1@group-523986131536->omNode-3: nextIndex: updateUnconditionally 351 -> 45
2022-05-11 01:31:01,777 [omNode-1@group-523986131536-StateMachineUpdater] INFO  ratis.OzoneManagerStateMachine (OzoneManagerStateMachine.java:takeSnapshot(436)) - Current Snapshot Index (t:2, i:349)
2022-05-11 01:31:01,777 [omNode-1@group-523986131536-StateMachineUpdater] INFO  impl.StateMachineUpdater (StateMachineUpdater.java:takeSnapshot(281)) - omNode-1@group-523986131536-StateMachineUpdater: Took a snapshot at index 349
2022-05-11 01:31:01,777 [omNode-1@group-523986131536-StateMachineUpdater] INFO  impl.StateMachineUpdater (StateMachineUpdater.java:lambda$new$0(89)) - omNode-1@group-523986131536-StateMachineUpdater: snapshotIndex: updateIncreasingly 299 -> 349
2022-05-11 01:31:01,777 [omNode-1@group-523986131536-StateMachineUpdater] INFO  raftlog.RaftLog (RaftLogBase.java:purge(306)) - omNode-1@group-523986131536-SegmentedRaftLog: purge 349
2022-05-11 01:31:01,777 [omNode-1@group-523986131536-StateMachineUpdater] INFO  raftlog.RaftLog (RaftLogBase.java:lambda$new$0(53)) - omNode-1@group-523986131536-SegmentedRaftLog: snapshotIndex: updateIncreasingly 299 -> 349
2022-05-11 01:31:01,777 [omNode-1@group-523986131536-StateMachineUpdater] INFO  raftlog.RaftLog (RaftLogBase.java:lambda$new$0(53)) - omNode-1@group-523986131536-SegmentedRaftLog: purgeIndex: updateToMax old=299, new=349, updated? true
2022-05-11 01:31:01,795 [omNode-2@group-523986131536-StateMachineUpdater] INFO  ratis.OzoneManagerStateMachine (OzoneManagerStateMachine.java:takeSnapshot(436)) - Current Snapshot Index (t:2, i:349)
2022-05-11 01:31:01,796 [omNode-2@group-523986131536-StateMachineUpdater] INFO  impl.StateMachineUpdater (StateMachineUpdater.java:takeSnapshot(281)) - omNode-2@group-523986131536-StateMachineUpdater: Took a snapshot at index 349
2022-05-11 01:31:01,796 [omNode-2@group-523986131536-StateMachineUpdater] INFO  impl.StateMachineUpdater (StateMachineUpdater.java:lambda$new$0(89)) - omNode-2@group-523986131536-StateMachineUpdater: snapshotIndex: updateIncreasingly 299 -> 349
2022-05-11 01:31:01,796 [omNode-2@group-523986131536-StateMachineUpdater] INFO  raftlog.RaftLog (RaftLogBase.java:purge(306)) - omNode-2@group-523986131536-SegmentedRaftLog: purge 349
2022-05-11 01:31:01,796 [omNode-2@group-523986131536-StateMachineUpdater] INFO  raftlog.RaftLog (RaftLogBase.java:lambda$new$0(53)) - omNode-2@group-523986131536-SegmentedRaftLog: snapshotIndex: updateIncreasingly 299 -> 349
2022-05-11 01:31:01,796 [omNode-2@group-523986131536-StateMachineUpdater] INFO  raftlog.RaftLog (RaftLogBase.java:lambda$new$0(53)) - omNode-2@group-523986131536-SegmentedRaftLog: purgeIndex: updateToMax old=299, new=349, updated? true
2022-05-11 01:31:01,799 [grpc-default-executor-0] WARN  server.GrpcLogAppender (LogUtils.java:warn(122)) - omNode-1@group-523986131536->omNode-3-AppendLogResponseHandler: Failed appendEntries: org.apache.ratis.thirdparty.io.grpc.StatusRuntimeException: UNAVAILABLE: io exception
2022-05-11 01:31:01,799 [grpc-default-executor-0] INFO  leader.FollowerInfo (FollowerInfoImpl.java:lambda$new$0(47)) - omNode-1@group-523986131536->omNode-3: nextIndex: updateUnconditionally 351 -> 45
2022-05-11 01:31:01,825 [grpc-default-executor-0] WARN  server.GrpcLogAppender (LogUtils.java:warn(122)) - omNode-1@group-523986131536->omNode-3-AppendLogResponseHandler: Failed appendEntries: org.apache.ratis.thirdparty.io.grpc.StatusRuntimeException: UNAVAILABLE: io exception
2022-05-11 01:31:01,826 [grpc-default-executor-0] INFO  leader.FollowerInfo (FollowerInfoImpl.java:lambda$new$0(47)) - omNode-1@group-523986131536->omNode-3: nextIndex: updateUnconditionally 352 -> 45
2022-05-11 01:31:01,833 [grpc-default-executor-0] WARN  server.GrpcLogAppender (LogUtils.java:warn(122)) - omNode-1@group-523986131536->omNode-3-AppendLogResponseHandler: Failed appendEntries: org.apache.ratis.thirdparty.io.grpc.StatusRuntimeException: UNAVAILABLE: io exception
2022-05-11 01:31:01,833 [grpc-default-executor-0] INFO  leader.FollowerInfo (FollowerInfoImpl.java:lambda$new$0(47)) - omNode-1@group-523986131536->omNode-3: nextIndex: updateUnconditionally 352 -> 45
2022-05-11 01:31:01,838 [grpc-default-executor-0] WARN  server.GrpcLogAppender (LogUtils.java:warn(122)) - omNode-1@group-523986131536->omNode-3-AppendLogResponseHandler: Failed appendEntries: org.apache.ratis.thirdparty.io.grpc.StatusRuntimeException: UNAVAILABLE: io exception
2022-05-11 01:31:01,839 [grpc-default-executor-0] INFO  leader.FollowerInfo (FollowerInfoImpl.java:lambda$new$0(47)) - omNode-1@group-523986131536->omNode-3: nextIndex: updateUnconditionally 353 -> 45
2022-05-11 01:31:01,840 [grpc-default-executor-0] WARN  server.GrpcLogAppender (LogUtils.java:warn(122)) - omNode-1@group-523986131536->omNode-3-AppendLogResponseHandler: Failed appendEntries: org.apache.ratis.thirdparty.io.grpc.StatusRuntimeException: UNAVAILABLE: io exception
2022-05-11 01:31:01,840 [grpc-default-executor-0] INFO  leader.FollowerInfo (FollowerInfoImpl.java:lambda$new$0(47)) - omNode-1@group-523986131536->omNode-3: nextIndex: updateUnconditionally 354 -> 45
2022-05-11 01:31:01,851 [grpc-default-executor-0] WARN  server.GrpcLogAppender (LogUtils.java:warn(122)) - omNode-1@group-523986131536->omNode-3-AppendLogResponseHandler: Failed appendEntries: org.apache.ratis.thirdparty.io.grpc.StatusRuntimeException: UNAVAILABLE: io exception
2022-05-11 01:31:01,851 [grpc-default-executor-0] INFO  leader.FollowerInfo (FollowerInfoImpl.java:lambda$new$0(47)) - omNode-1@group-523986131536->omNode-3: nextIndex: updateUnconditionally 354 -> 45
2022-05-11 01:31:01,852 [grpc-default-executor-0] WARN  server.GrpcLogAppender (LogUtils.java:warn(122)) - omNode-1@group-523986131536->omNode-3-AppendLogResponseHandler: Failed appendEntries: org.apache.ratis.thirdparty.io.grpc.StatusRuntimeException: UNAVAILABLE: io exception
2022-05-11 01:31:01,853 [grpc-default-executor-0] INFO  leader.FollowerInfo (FollowerInfoImpl.java:lambda$new$0(47)) - omNode-1@group-523986131536->omNode-3: nextIndex: updateUnconditionally 354 -> 45
2022-05-11 01:31:01,855 [grpc-default-executor-0] WARN  server.GrpcLogAppender (LogUtils.java:warn(122)) - omNode-1@group-523986131536->omNode-3-AppendLogResponseHandler: Failed appendEntries: org.apache.ratis.thirdparty.io.grpc.StatusRuntimeException: UNAVAILABLE: io exception
2022-05-11 01:31:01,855 [grpc-default-executor-0] INFO  leader.FollowerInfo (FollowerInfoImpl.java:lambda$new$0(47)) - omNode-1@group-523986131536->omNode-3: nextIndex: updateUnconditionally 355 -> 45
2022-05-11 01:31:01,879 [grpc-default-executor-0] WARN  server.GrpcLogAppender (LogUtils.java:warn(122)) - omNode-1@group-523986131536->omNode-3-AppendLogResponseHandler: Failed appendEntries: org.apache.ratis.thirdparty.io.grpc.StatusRuntimeException: UNAVAILABLE: io exception
2022-05-11 01:31:01,879 [grpc-default-executor-0] INFO  leader.FollowerInfo (FollowerInfoImpl.java:lambda$new$0(47)) - omNode-1@group-523986131536->omNode-3: nextIndex: updateUnconditionally 355 -> 45
2022-05-11 01:31:01,881 [grpc-default-executor-0] WARN  server.GrpcLogAppender (LogUtils.java:warn(122)) - omNode-1@group-523986131536->omNode-3-AppendLogResponseHandler: Failed appendEntries: org.apache.ratis.thirdparty.io.grpc.StatusRuntimeException: UNAVAILABLE: io exception
2022-05-11 01:31:01,881 [grpc-default-executor-0] INFO  leader.FollowerInfo (FollowerInfoImpl.java:lambda$new$0(47)) - omNode-1@group-523986131536->omNode-3: nextIndex: updateUnconditionally 355 -> 45
2022-05-11 01:31:01,898 [grpc-default-executor-0] WARN  server.GrpcLogAppender (LogUtils.java:warn(122)) - omNode-1@group-523986131536->omNode-3-AppendLogResponseHandler: Failed appendEntries: org.apache.ratis.thirdparty.io.grpc.StatusRuntimeException: UNAVAILABLE: io exception
2022-05-11 01:31:01,898 [grpc-default-executor-0] INFO  leader.FollowerInfo (FollowerInfoImpl.java:lambda$new$0(47)) - omNode-1@group-523986131536->omNode-3: nextIndex: updateUnconditionally 356 -> 45
2022-05-11 01:31:01,905 [grpc-default-executor-0] WARN  server.GrpcLogAppender (LogUtils.java:warn(122)) - omNode-1@group-523986131536->omNode-3-AppendLogResponseHandler: Failed appendEntries: org.apache.ratis.thirdparty.io.grpc.StatusRuntimeException: UNAVAILABLE: io exception
2022-05-11 01:31:01,905 [grpc-default-executor-0] INFO  leader.FollowerInfo (FollowerInfoImpl.java:lambda$new$0(47)) - omNode-1@group-523986131536->omNode-3: nextIndex: updateUnconditionally 356 -> 45
2022-05-11 01:31:01,909 [grpc-default-executor-0] WARN  server.GrpcLogAppender (LogUtils.java:warn(122)) - omNode-1@group-523986131536->omNode-3-AppendLogResponseHandler: Failed appendEntries: org.apache.ratis.thirdparty.io.grpc.StatusRuntimeException: UNAVAILABLE: io exception
2022-05-11 01:31:01,909 [grpc-default-executor-0] INFO  leader.FollowerInfo (FollowerInfoImpl.java:lambda$new$0(47)) - omNode-1@group-523986131536->omNode-3: nextIndex: updateUnconditionally 357 -> 45
2022-05-11 01:31:01,912 [grpc-default-executor-0] WARN  server.GrpcLogAppender (LogUtils.java:warn(122)) - omNode-1@group-523986131536->omNode-3-AppendLogResponseHandler: Failed appendEntries: org.apache.ratis.thirdparty.io.grpc.StatusRuntimeException: UNAVAILABLE: io exception
2022-05-11 01:31:01,913 [grpc-default-executor-0] INFO  leader.FollowerInfo (FollowerInfoImpl.java:lambda$new$0(47)) - omNode-1@group-523986131536->omNode-3: nextIndex: updateUnconditionally 358 -> 45
2022-05-11 01:31:01,926 [EndpointStateMachine task thread for /0.0.0.0:46775 - 0 ] INFO  ipc.Client (Client.java:handleConnectionFailure(977)) - Retrying connect to server: 0.0.0.0/0.0.0.0:46775. Already tried 5 time(s); retry policy is RetryUpToMaximumCountWithFixedSleep(maxRetries=15, sleepTime=1000 MILLISECONDS)
2022-05-11 01:31:01,928 [grpc-default-executor-0] WARN  server.GrpcLogAppender (LogUtils.java:warn(122)) - omNode-1@group-523986131536->omNode-3-AppendLogResponseHandler: Failed appendEntries: org.apache.ratis.thirdparty.io.grpc.StatusRuntimeException: UNAVAILABLE: io exception
2022-05-11 01:31:01,929 [grpc-default-executor-0] INFO  leader.FollowerInfo (FollowerInfoImpl.java:lambda$new$0(47)) - omNode-1@group-523986131536->omNode-3: nextIndex: updateUnconditionally 358 -> 45
2022-05-11 01:31:01,934 [grpc-default-executor-3] WARN  server.GrpcLogAppender (LogUtils.java:warn(122)) - omNode-1@group-523986131536->omNode-3-AppendLogResponseHandler: Failed appendEntries: org.apache.ratis.thirdparty.io.grpc.StatusRuntimeException: UNAVAILABLE: io exception
2022-05-11 01:31:01,934 [grpc-default-executor-3] INFO  leader.FollowerInfo (FollowerInfoImpl.java:lambda$new$0(47)) - omNode-1@group-523986131536->omNode-3: nextIndex: updateUnconditionally 359 -> 45
2022-05-11 01:31:01,945 [grpc-default-executor-0] WARN  server.GrpcLogAppender (LogUtils.java:warn(122)) - omNode-1@group-523986131536->omNode-3-AppendLogResponseHandler: Failed appendEntries: org.apache.ratis.thirdparty.io.grpc.StatusRuntimeException: UNAVAILABLE: io exception
2022-05-11 01:31:01,946 [grpc-default-executor-0] INFO  leader.FollowerInfo (FollowerInfoImpl.java:lambda$new$0(47)) - omNode-1@group-523986131536->omNode-3: nextIndex: updateUnconditionally 359 -> 45
2022-05-11 01:31:01,947 [grpc-default-executor-0] WARN  server.GrpcLogAppender (LogUtils.java:warn(122)) - omNode-1@group-523986131536->omNode-3-AppendLogResponseHandler: Failed appendEntries: org.apache.ratis.thirdparty.io.grpc.StatusRuntimeException: UNAVAILABLE: io exception
2022-05-11 01:31:01,947 [grpc-default-executor-0] INFO  leader.FollowerInfo (FollowerInfoImpl.java:lambda$new$0(47)) - omNode-1@group-523986131536->omNode-3: nextIndex: updateUnconditionally 359 -> 45
2022-05-11 01:31:01,967 [grpc-default-executor-0] WARN  server.GrpcLogAppender (LogUtils.java:warn(122)) - omNode-1@group-523986131536->omNode-3-AppendLogResponseHandler: Failed appendEntries: org.apache.ratis.thirdparty.io.grpc.StatusRuntimeException: UNAVAILABLE: io exception
2022-05-11 01:31:01,968 [grpc-default-executor-0] INFO  leader.FollowerInfo (FollowerInfoImpl.java:lambda$new$0(47)) - omNode-1@group-523986131536->omNode-3: nextIndex: updateUnconditionally 360 -> 45
2022-05-11 01:31:01,977 [grpc-default-executor-0] WARN  server.GrpcLogAppender (LogUtils.java:warn(122)) - omNode-1@group-523986131536->omNode-3-AppendLogResponseHandler: Failed appendEntries: org.apache.ratis.thirdparty.io.grpc.StatusRuntimeException: UNAVAILABLE: io exception
2022-05-11 01:31:01,977 [grpc-default-executor-0] INFO  leader.FollowerInfo (FollowerInfoImpl.java:lambda$new$0(47)) - omNode-1@group-523986131536->omNode-3: nextIndex: updateUnconditionally 360 -> 45
2022-05-11 01:31:01,981 [grpc-default-executor-0] WARN  server.GrpcLogAppender (LogUtils.java:warn(122)) - omNode-1@group-523986131536->omNode-3-AppendLogResponseHandler: Failed appendEntries: org.apache.ratis.thirdparty.io.grpc.StatusRuntimeException: UNAVAILABLE: io exception
2022-05-11 01:31:01,982 [grpc-default-executor-0] INFO  leader.FollowerInfo (FollowerInfoImpl.java:lambda$new$0(47)) - omNode-1@group-523986131536->omNode-3: nextIndex: updateUnconditionally 361 -> 45
2022-05-11 01:31:01,984 [grpc-default-executor-0] WARN  server.GrpcLogAppender (LogUtils.java:warn(122)) - omNode-1@group-523986131536->omNode-3-AppendLogResponseHandler: Failed appendEntries: org.apache.ratis.thirdparty.io.grpc.StatusRuntimeException: UNAVAILABLE: io exception
2022-05-11 01:31:01,985 [grpc-default-executor-0] INFO  leader.FollowerInfo (FollowerInfoImpl.java:lambda$new$0(47)) - omNode-1@group-523986131536->omNode-3: nextIndex: updateUnconditionally 362 -> 45
2022-05-11 01:31:01,988 [grpc-default-executor-0] WARN  server.GrpcLogAppender (LogUtils.java:warn(122)) - omNode-1@group-523986131536->omNode-3-AppendLogResponseHandler: Failed appendEntries: org.apache.ratis.thirdparty.io.grpc.StatusRuntimeException: UNAVAILABLE: io exception
2022-05-11 01:31:01,989 [grpc-default-executor-0] INFO  leader.FollowerInfo (FollowerInfoImpl.java:lambda$new$0(47)) - omNode-1@group-523986131536->omNode-3: nextIndex: updateUnconditionally 362 -> 45
2022-05-11 01:31:01,991 [grpc-default-executor-0] WARN  server.GrpcLogAppender (LogUtils.java:warn(122)) - omNode-1@group-523986131536->omNode-3-AppendLogResponseHandler: Failed appendEntries: org.apache.ratis.thirdparty.io.grpc.StatusRuntimeException: UNAVAILABLE: io exception
2022-05-11 01:31:01,992 [grpc-default-executor-0] INFO  leader.FollowerInfo (FollowerInfoImpl.java:lambda$new$0(47)) - omNode-1@group-523986131536->omNode-3: nextIndex: updateUnconditionally 363 -> 45
2022-05-11 01:31:02,012 [grpc-default-executor-0] WARN  server.GrpcLogAppender (LogUtils.java:warn(122)) - omNode-1@group-523986131536->omNode-3-AppendLogResponseHandler: Failed appendEntries: org.apache.ratis.thirdparty.io.grpc.StatusRuntimeException: UNAVAILABLE: io exception
2022-05-11 01:31:02,012 [grpc-default-executor-0] INFO  leader.FollowerInfo (FollowerInfoImpl.java:lambda$new$0(47)) - omNode-1@group-523986131536->omNode-3: nextIndex: updateUnconditionally 363 -> 45
2022-05-11 01:31:02,015 [grpc-default-executor-0] WARN  server.GrpcLogAppender (LogUtils.java:warn(122)) - omNode-1@group-523986131536->omNode-3-AppendLogResponseHandler: Failed appendEntries: org.apache.ratis.thirdparty.io.grpc.StatusRuntimeException: UNAVAILABLE: io exception
2022-05-11 01:31:02,016 [grpc-default-executor-0] INFO  leader.FollowerInfo (FollowerInfoImpl.java:lambda$new$0(47)) - omNode-1@group-523986131536->omNode-3: nextIndex: updateUnconditionally 363 -> 45
2022-05-11 01:31:02,049 [grpc-default-executor-0] WARN  server.GrpcLogAppender (LogUtils.java:warn(122)) - omNode-1@group-523986131536->omNode-3-AppendLogResponseHandler: Failed appendEntries: org.apache.ratis.thirdparty.io.grpc.StatusRuntimeException: UNAVAILABLE: io exception
2022-05-11 01:31:02,049 [grpc-default-executor-0] INFO  leader.FollowerInfo (FollowerInfoImpl.java:lambda$new$0(47)) - omNode-1@group-523986131536->omNode-3: nextIndex: updateUnconditionally 364 -> 45
2022-05-11 01:31:02,058 [grpc-default-executor-0] WARN  server.GrpcLogAppender (LogUtils.java:warn(122)) - omNode-1@group-523986131536->omNode-3-AppendLogResponseHandler: Failed appendEntries: org.apache.ratis.thirdparty.io.grpc.StatusRuntimeException: UNAVAILABLE: io exception
2022-05-11 01:31:02,059 [grpc-default-executor-0] INFO  leader.FollowerInfo (FollowerInfoImpl.java:lambda$new$0(47)) - omNode-1@group-523986131536->omNode-3: nextIndex: updateUnconditionally 364 -> 45
2022-05-11 01:31:02,067 [grpc-default-executor-0] WARN  server.GrpcLogAppender (LogUtils.java:warn(122)) - omNode-1@group-523986131536->omNode-3-AppendLogResponseHandler: Failed appendEntries: org.apache.ratis.thirdparty.io.grpc.StatusRuntimeException: UNAVAILABLE: io exception
2022-05-11 01:31:02,067 [grpc-default-executor-0] INFO  leader.FollowerInfo (FollowerInfoImpl.java:lambda$new$0(47)) - omNode-1@group-523986131536->omNode-3: nextIndex: updateUnconditionally 365 -> 45
2022-05-11 01:31:02,082 [grpc-default-executor-0] WARN  server.GrpcLogAppender (LogUtils.java:warn(122)) - omNode-1@group-523986131536->omNode-3-AppendLogResponseHandler: Failed appendEntries: org.apache.ratis.thirdparty.io.grpc.StatusRuntimeException: UNAVAILABLE: io exception
2022-05-11 01:31:02,083 [grpc-default-executor-0] INFO  leader.FollowerInfo (FollowerInfoImpl.java:lambda$new$0(47)) - omNode-1@group-523986131536->omNode-3: nextIndex: updateUnconditionally 366 -> 45
2022-05-11 01:31:02,084 [grpc-default-executor-0] WARN  server.GrpcLogAppender (LogUtils.java:warn(122)) - omNode-1@group-523986131536->omNode-3-AppendLogResponseHandler: Failed appendEntries: org.apache.ratis.thirdparty.io.grpc.StatusRuntimeException: UNAVAILABLE: io exception
2022-05-11 01:31:02,084 [grpc-default-executor-0] INFO  leader.FollowerInfo (FollowerInfoImpl.java:lambda$new$0(47)) - omNode-1@group-523986131536->omNode-3: nextIndex: updateUnconditionally 366 -> 45
2022-05-11 01:31:02,088 [grpc-default-executor-0] WARN  server.GrpcLogAppender (LogUtils.java:warn(122)) - omNode-1@group-523986131536->omNode-3-AppendLogResponseHandler: Failed appendEntries: org.apache.ratis.thirdparty.io.grpc.StatusRuntimeException: UNAVAILABLE: io exception
2022-05-11 01:31:02,088 [grpc-default-executor-0] INFO  leader.FollowerInfo (FollowerInfoImpl.java:lambda$new$0(47)) - omNode-1@group-523986131536->omNode-3: nextIndex: updateUnconditionally 367 -> 45
2022-05-11 01:31:02,101 [grpc-default-executor-0] WARN  server.GrpcLogAppender (LogUtils.java:warn(122)) - omNode-1@group-523986131536->omNode-3-AppendLogResponseHandler: Failed appendEntries: org.apache.ratis.thirdparty.io.grpc.StatusRuntimeException: UNAVAILABLE: io exception
2022-05-11 01:31:02,101 [grpc-default-executor-0] INFO  leader.FollowerInfo (FollowerInfoImpl.java:lambda$new$0(47)) - omNode-1@group-523986131536->omNode-3: nextIndex: updateUnconditionally 367 -> 45
2022-05-11 01:31:02,103 [grpc-default-executor-0] WARN  server.GrpcLogAppender (LogUtils.java:warn(122)) - omNode-1@group-523986131536->omNode-3-AppendLogResponseHandler: Failed appendEntries: org.apache.ratis.thirdparty.io.grpc.StatusRuntimeException: UNAVAILABLE: io exception
2022-05-11 01:31:02,103 [grpc-default-executor-0] INFO  leader.FollowerInfo (FollowerInfoImpl.java:lambda$new$0(47)) - omNode-1@group-523986131536->omNode-3: nextIndex: updateUnconditionally 367 -> 45
2022-05-11 01:31:02,118 [grpc-default-executor-0] WARN  server.GrpcLogAppender (LogUtils.java:warn(122)) - omNode-1@group-523986131536->omNode-3-AppendLogResponseHandler: Failed appendEntries: org.apache.ratis.thirdparty.io.grpc.StatusRuntimeException: UNAVAILABLE: io exception
2022-05-11 01:31:02,118 [grpc-default-executor-0] INFO  leader.FollowerInfo (FollowerInfoImpl.java:lambda$new$0(47)) - omNode-1@group-523986131536->omNode-3: nextIndex: updateUnconditionally 368 -> 45
2022-05-11 01:31:02,130 [grpc-default-executor-0] WARN  server.GrpcLogAppender (LogUtils.java:warn(122)) - omNode-1@group-523986131536->omNode-3-AppendLogResponseHandler: Failed appendEntries: org.apache.ratis.thirdparty.io.grpc.StatusRuntimeException: UNAVAILABLE: io exception
2022-05-11 01:31:02,130 [grpc-default-executor-0] INFO  leader.FollowerInfo (FollowerInfoImpl.java:lambda$new$0(47)) - omNode-1@group-523986131536->omNode-3: nextIndex: updateUnconditionally 368 -> 45
2022-05-11 01:31:02,134 [grpc-default-executor-0] WARN  server.GrpcLogAppender (LogUtils.java:warn(122)) - omNode-1@group-523986131536->omNode-3-AppendLogResponseHandler: Failed appendEntries: org.apache.ratis.thirdparty.io.grpc.StatusRuntimeException: UNAVAILABLE: io exception
2022-05-11 01:31:02,134 [grpc-default-executor-0] INFO  leader.FollowerInfo (FollowerInfoImpl.java:lambda$new$0(47)) - omNode-1@group-523986131536->omNode-3: nextIndex: updateUnconditionally 369 -> 45
2022-05-11 01:31:02,139 [grpc-default-executor-0] WARN  server.GrpcLogAppender (LogUtils.java:warn(122)) - omNode-1@group-523986131536->omNode-3-AppendLogResponseHandler: Failed appendEntries: org.apache.ratis.thirdparty.io.grpc.StatusRuntimeException: UNAVAILABLE: io exception
2022-05-11 01:31:02,139 [grpc-default-executor-0] INFO  leader.FollowerInfo (FollowerInfoImpl.java:lambda$new$0(47)) - omNode-1@group-523986131536->omNode-3: nextIndex: updateUnconditionally 370 -> 45
2022-05-11 01:31:02,152 [grpc-default-executor-0] WARN  server.GrpcLogAppender (LogUtils.java:warn(122)) - omNode-1@group-523986131536->omNode-3-AppendLogResponseHandler: Failed appendEntries: org.apache.ratis.thirdparty.io.grpc.StatusRuntimeException: UNAVAILABLE: io exception
2022-05-11 01:31:02,152 [grpc-default-executor-0] INFO  leader.FollowerInfo (FollowerInfoImpl.java:lambda$new$0(47)) - omNode-1@group-523986131536->omNode-3: nextIndex: updateUnconditionally 370 -> 45
2022-05-11 01:31:02,154 [grpc-default-executor-0] WARN  server.GrpcLogAppender (LogUtils.java:warn(122)) - omNode-1@group-523986131536->omNode-3-AppendLogResponseHandler: Failed appendEntries: org.apache.ratis.thirdparty.io.grpc.StatusRuntimeException: UNAVAILABLE: io exception
2022-05-11 01:31:02,154 [grpc-default-executor-0] INFO  leader.FollowerInfo (FollowerInfoImpl.java:lambda$new$0(47)) - omNode-1@group-523986131536->omNode-3: nextIndex: updateUnconditionally 370 -> 45
2022-05-11 01:31:02,170 [grpc-default-executor-0] WARN  server.GrpcLogAppender (LogUtils.java:warn(122)) - omNode-1@group-523986131536->omNode-3-AppendLogResponseHandler: Failed appendEntries: org.apache.ratis.thirdparty.io.grpc.StatusRuntimeException: UNAVAILABLE: io exception
2022-05-11 01:31:02,170 [grpc-default-executor-0] INFO  leader.FollowerInfo (FollowerInfoImpl.java:lambda$new$0(47)) - omNode-1@group-523986131536->omNode-3: nextIndex: updateUnconditionally 371 -> 45
2022-05-11 01:31:02,186 [grpc-default-executor-0] WARN  server.GrpcLogAppender (LogUtils.java:warn(122)) - omNode-1@group-523986131536->omNode-3-AppendLogResponseHandler: Failed appendEntries: org.apache.ratis.thirdparty.io.grpc.StatusRuntimeException: UNAVAILABLE: io exception
2022-05-11 01:31:02,186 [grpc-default-executor-0] INFO  leader.FollowerInfo (FollowerInfoImpl.java:lambda$new$0(47)) - omNode-1@group-523986131536->omNode-3: nextIndex: updateUnconditionally 371 -> 45
2022-05-11 01:31:02,187 [grpc-default-executor-0] WARN  server.GrpcLogAppender (LogUtils.java:warn(122)) - omNode-1@group-523986131536->omNode-3-AppendLogResponseHandler: Failed appendEntries: org.apache.ratis.thirdparty.io.grpc.StatusRuntimeException: UNAVAILABLE: io exception
2022-05-11 01:31:02,188 [grpc-default-executor-0] INFO  leader.FollowerInfo (FollowerInfoImpl.java:lambda$new$0(47)) - omNode-1@group-523986131536->omNode-3: nextIndex: updateUnconditionally 371 -> 45
2022-05-11 01:31:02,260 [grpc-default-executor-0] WARN  server.GrpcLogAppender (LogUtils.java:warn(122)) - omNode-1@group-523986131536->omNode-3-AppendLogResponseHandler: Failed appendEntries: org.apache.ratis.thirdparty.io.grpc.StatusRuntimeException: UNAVAILABLE: io exception
2022-05-11 01:31:02,261 [grpc-default-executor-0] INFO  leader.FollowerInfo (FollowerInfoImpl.java:lambda$new$0(47)) - omNode-1@group-523986131536->omNode-3: nextIndex: updateUnconditionally 372 -> 45
2022-05-11 01:31:02,269 [grpc-default-executor-0] WARN  server.GrpcLogAppender (LogUtils.java:warn(122)) - omNode-1@group-523986131536->omNode-3-AppendLogResponseHandler: Failed appendEntries: org.apache.ratis.thirdparty.io.grpc.StatusRuntimeException: UNAVAILABLE: io exception
2022-05-11 01:31:02,270 [grpc-default-executor-0] INFO  leader.FollowerInfo (FollowerInfoImpl.java:lambda$new$0(47)) - omNode-1@group-523986131536->omNode-3: nextIndex: updateUnconditionally 372 -> 45
2022-05-11 01:31:02,275 [grpc-default-executor-0] WARN  server.GrpcLogAppender (LogUtils.java:warn(122)) - omNode-1@group-523986131536->omNode-3-AppendLogResponseHandler: Failed appendEntries: org.apache.ratis.thirdparty.io.grpc.StatusRuntimeException: UNAVAILABLE: io exception
2022-05-11 01:31:02,275 [grpc-default-executor-0] INFO  leader.FollowerInfo (FollowerInfoImpl.java:lambda$new$0(47)) - omNode-1@group-523986131536->omNode-3: nextIndex: updateUnconditionally 373 -> 45
2022-05-11 01:31:02,277 [grpc-default-executor-0] WARN  server.GrpcLogAppender (LogUtils.java:warn(122)) - omNode-1@group-523986131536->omNode-3-AppendLogResponseHandler: Failed appendEntries: org.apache.ratis.thirdparty.io.grpc.StatusRuntimeException: UNAVAILABLE: io exception
2022-05-11 01:31:02,277 [grpc-default-executor-0] INFO  leader.FollowerInfo (FollowerInfoImpl.java:lambda$new$0(47)) - omNode-1@group-523986131536->omNode-3: nextIndex: updateUnconditionally 374 -> 45
2022-05-11 01:31:02,283 [grpc-default-executor-0] WARN  server.GrpcLogAppender (LogUtils.java:warn(122)) - omNode-1@group-523986131536->omNode-3-AppendLogResponseHandler: Failed appendEntries: org.apache.ratis.thirdparty.io.grpc.StatusRuntimeException: UNAVAILABLE: io exception
2022-05-11 01:31:02,283 [grpc-default-executor-0] INFO  leader.FollowerInfo (FollowerInfoImpl.java:lambda$new$0(47)) - omNode-1@group-523986131536->omNode-3: nextIndex: updateUnconditionally 374 -> 45
2022-05-11 01:31:02,294 [grpc-default-executor-0] WARN  server.GrpcLogAppender (LogUtils.java:warn(122)) - omNode-1@group-523986131536->omNode-3-AppendLogResponseHandler: Failed appendEntries: org.apache.ratis.thirdparty.io.grpc.StatusRuntimeException: UNAVAILABLE: io exception
2022-05-11 01:31:02,294 [grpc-default-executor-0] INFO  leader.FollowerInfo (FollowerInfoImpl.java:lambda$new$0(47)) - omNode-1@group-523986131536->omNode-3: nextIndex: updateUnconditionally 375 -> 45
2022-05-11 01:31:02,307 [grpc-default-executor-0] WARN  server.GrpcLogAppender (LogUtils.java:warn(122)) - omNode-1@group-523986131536->omNode-3-AppendLogResponseHandler: Failed appendEntries: org.apache.ratis.thirdparty.io.grpc.StatusRuntimeException: UNAVAILABLE: io exception
2022-05-11 01:31:02,308 [grpc-default-executor-0] INFO  leader.FollowerInfo (FollowerInfoImpl.java:lambda$new$0(47)) - omNode-1@group-523986131536->omNode-3: nextIndex: updateUnconditionally 375 -> 45
2022-05-11 01:31:02,309 [grpc-default-executor-0] WARN  server.GrpcLogAppender (LogUtils.java:warn(122)) - omNode-1@group-523986131536->omNode-3-AppendLogResponseHandler: Failed appendEntries: org.apache.ratis.thirdparty.io.grpc.StatusRuntimeException: UNAVAILABLE: io exception
2022-05-11 01:31:02,309 [grpc-default-executor-0] INFO  leader.FollowerInfo (FollowerInfoImpl.java:lambda$new$0(47)) - omNode-1@group-523986131536->omNode-3: nextIndex: updateUnconditionally 375 -> 45
2022-05-11 01:31:02,317 [grpc-default-executor-0] WARN  server.GrpcLogAppender (LogUtils.java:warn(122)) - omNode-1@group-523986131536->omNode-3-AppendLogResponseHandler: Failed appendEntries: org.apache.ratis.thirdparty.io.grpc.StatusRuntimeException: UNAVAILABLE: io exception
2022-05-11 01:31:02,318 [grpc-default-executor-0] INFO  leader.FollowerInfo (FollowerInfoImpl.java:lambda$new$0(47)) - omNode-1@group-523986131536->omNode-3: nextIndex: updateUnconditionally 376 -> 45
2022-05-11 01:31:02,332 [grpc-default-executor-0] WARN  server.GrpcLogAppender (LogUtils.java:warn(122)) - omNode-1@group-523986131536->omNode-3-AppendLogResponseHandler: Failed appendEntries: org.apache.ratis.thirdparty.io.grpc.StatusRuntimeException: UNAVAILABLE: io exception
2022-05-11 01:31:02,332 [grpc-default-executor-0] INFO  leader.FollowerInfo (FollowerInfoImpl.java:lambda$new$0(47)) - omNode-1@group-523986131536->omNode-3: nextIndex: updateUnconditionally 376 -> 45
2022-05-11 01:31:02,343 [grpc-default-executor-0] WARN  server.GrpcLogAppender (LogUtils.java:warn(122)) - omNode-1@group-523986131536->omNode-3-AppendLogResponseHandler: Failed appendEntries: org.apache.ratis.thirdparty.io.grpc.StatusRuntimeException: UNAVAILABLE: io exception
2022-05-11 01:31:02,343 [grpc-default-executor-0] INFO  leader.FollowerInfo (FollowerInfoImpl.java:lambda$new$0(47)) - omNode-1@group-523986131536->omNode-3: nextIndex: updateUnconditionally 377 -> 45
2022-05-11 01:31:02,356 [grpc-default-executor-2] WARN  server.GrpcLogAppender (LogUtils.java:warn(122)) - omNode-1@group-523986131536->omNode-3-AppendLogResponseHandler: Failed appendEntries: org.apache.ratis.thirdparty.io.grpc.StatusRuntimeException: UNAVAILABLE: io exception
2022-05-11 01:31:02,356 [grpc-default-executor-2] INFO  leader.FollowerInfo (FollowerInfoImpl.java:lambda$new$0(47)) - omNode-1@group-523986131536->omNode-3: nextIndex: updateUnconditionally 379 -> 45
2022-05-11 01:31:02,368 [grpc-default-executor-0] WARN  server.GrpcLogAppender (LogUtils.java:warn(122)) - omNode-1@group-523986131536->omNode-3-AppendLogResponseHandler: Failed appendEntries: org.apache.ratis.thirdparty.io.grpc.StatusRuntimeException: UNAVAILABLE: io exception
2022-05-11 01:31:02,368 [grpc-default-executor-0] INFO  leader.FollowerInfo (FollowerInfoImpl.java:lambda$new$0(47)) - omNode-1@group-523986131536->omNode-3: nextIndex: updateUnconditionally 379 -> 45
2022-05-11 01:31:02,369 [grpc-default-executor-0] WARN  server.GrpcLogAppender (LogUtils.java:warn(122)) - omNode-1@group-523986131536->omNode-3-AppendLogResponseHandler: Failed appendEntries: org.apache.ratis.thirdparty.io.grpc.StatusRuntimeException: UNAVAILABLE: io exception
2022-05-11 01:31:02,370 [grpc-default-executor-0] INFO  leader.FollowerInfo (FollowerInfoImpl.java:lambda$new$0(47)) - omNode-1@group-523986131536->omNode-3: nextIndex: updateUnconditionally 379 -> 45
2022-05-11 01:31:02,392 [grpc-default-executor-0] WARN  server.GrpcLogAppender (LogUtils.java:warn(122)) - omNode-1@group-523986131536->omNode-3-AppendLogResponseHandler: Failed appendEntries: org.apache.ratis.thirdparty.io.grpc.StatusRuntimeException: UNAVAILABLE: io exception
2022-05-11 01:31:02,392 [grpc-default-executor-0] INFO  leader.FollowerInfo (FollowerInfoImpl.java:lambda$new$0(47)) - omNode-1@group-523986131536->omNode-3: nextIndex: updateUnconditionally 380 -> 45
2022-05-11 01:31:02,399 [grpc-default-executor-2] WARN  server.GrpcLogAppender (LogUtils.java:warn(122)) - omNode-1@group-523986131536->omNode-3-AppendLogResponseHandler: Failed appendEntries: org.apache.ratis.thirdparty.io.grpc.StatusRuntimeException: UNAVAILABLE: io exception
2022-05-11 01:31:02,399 [grpc-default-executor-2] INFO  leader.FollowerInfo (FollowerInfoImpl.java:lambda$new$0(47)) - omNode-1@group-523986131536->omNode-3: nextIndex: updateUnconditionally 380 -> 45
2022-05-11 01:31:02,407 [grpc-default-executor-2] WARN  server.GrpcLogAppender (LogUtils.java:warn(122)) - omNode-1@group-523986131536->omNode-3-AppendLogResponseHandler: Failed appendEntries: org.apache.ratis.thirdparty.io.grpc.StatusRuntimeException: UNAVAILABLE: io exception
2022-05-11 01:31:02,407 [grpc-default-executor-2] INFO  leader.FollowerInfo (FollowerInfoImpl.java:lambda$new$0(47)) - omNode-1@group-523986131536->omNode-3: nextIndex: updateUnconditionally 382 -> 45
2022-05-11 01:31:02,418 [grpc-default-executor-2] WARN  server.GrpcLogAppender (LogUtils.java:warn(122)) - omNode-1@group-523986131536->omNode-3-AppendLogResponseHandler: Failed appendEntries: org.apache.ratis.thirdparty.io.grpc.StatusRuntimeException: UNAVAILABLE: io exception
2022-05-11 01:31:02,418 [grpc-default-executor-2] INFO  leader.FollowerInfo (FollowerInfoImpl.java:lambda$new$0(47)) - omNode-1@group-523986131536->omNode-3: nextIndex: updateUnconditionally 382 -> 45
2022-05-11 01:31:02,419 [grpc-default-executor-2] WARN  server.GrpcLogAppender (LogUtils.java:warn(122)) - omNode-1@group-523986131536->omNode-3-AppendLogResponseHandler: Failed appendEntries: org.apache.ratis.thirdparty.io.grpc.StatusRuntimeException: UNAVAILABLE: io exception
2022-05-11 01:31:02,420 [grpc-default-executor-2] INFO  leader.FollowerInfo (FollowerInfoImpl.java:lambda$new$0(47)) - omNode-1@group-523986131536->omNode-3: nextIndex: updateUnconditionally 382 -> 45
2022-05-11 01:31:02,426 [grpc-default-executor-0] WARN  server.GrpcLogAppender (LogUtils.java:warn(122)) - omNode-1@group-523986131536->omNode-3-AppendLogResponseHandler: Failed appendEntries: org.apache.ratis.thirdparty.io.grpc.StatusRuntimeException: UNAVAILABLE: io exception
2022-05-11 01:31:02,426 [grpc-default-executor-0] INFO  leader.FollowerInfo (FollowerInfoImpl.java:lambda$new$0(47)) - omNode-1@group-523986131536->omNode-3: nextIndex: updateUnconditionally 383 -> 45
2022-05-11 01:31:02,439 [grpc-default-executor-0] WARN  server.GrpcLogAppender (LogUtils.java:warn(122)) - omNode-1@group-523986131536->omNode-3-AppendLogResponseHandler: Failed appendEntries: org.apache.ratis.thirdparty.io.grpc.StatusRuntimeException: UNAVAILABLE: io exception
2022-05-11 01:31:02,439 [grpc-default-executor-0] INFO  leader.FollowerInfo (FollowerInfoImpl.java:lambda$new$0(47)) - omNode-1@group-523986131536->omNode-3: nextIndex: updateUnconditionally 383 -> 45
2022-05-11 01:31:02,440 [grpc-default-executor-0] WARN  server.GrpcLogAppender (LogUtils.java:warn(122)) - omNode-1@group-523986131536->omNode-3-AppendLogResponseHandler: Failed appendEntries: org.apache.ratis.thirdparty.io.grpc.StatusRuntimeException: UNAVAILABLE: io exception
2022-05-11 01:31:02,441 [grpc-default-executor-0] INFO  leader.FollowerInfo (FollowerInfoImpl.java:lambda$new$0(47)) - omNode-1@group-523986131536->omNode-3: nextIndex: updateUnconditionally 383 -> 45
2022-05-11 01:31:02,459 [grpc-default-executor-2] WARN  server.GrpcLogAppender (LogUtils.java:warn(122)) - omNode-1@group-523986131536->omNode-3-AppendLogResponseHandler: Failed appendEntries: org.apache.ratis.thirdparty.io.grpc.StatusRuntimeException: UNAVAILABLE: io exception
2022-05-11 01:31:02,460 [grpc-default-executor-2] INFO  leader.FollowerInfo (FollowerInfoImpl.java:lambda$new$0(47)) - omNode-1@group-523986131536->omNode-3: nextIndex: updateUnconditionally 384 -> 45
2022-05-11 01:31:02,470 [grpc-default-executor-0] WARN  server.GrpcLogAppender (LogUtils.java:warn(122)) - omNode-1@group-523986131536->omNode-3-AppendLogResponseHandler: Failed appendEntries: org.apache.ratis.thirdparty.io.grpc.StatusRuntimeException: UNAVAILABLE: io exception
2022-05-11 01:31:02,470 [grpc-default-executor-0] INFO  leader.FollowerInfo (FollowerInfoImpl.java:lambda$new$0(47)) - omNode-1@group-523986131536->omNode-3: nextIndex: updateUnconditionally 384 -> 45
2022-05-11 01:31:02,476 [grpc-default-executor-0] WARN  server.GrpcLogAppender (LogUtils.java:warn(122)) - omNode-1@group-523986131536->omNode-3-AppendLogResponseHandler: Failed appendEntries: org.apache.ratis.thirdparty.io.grpc.StatusRuntimeException: UNAVAILABLE: io exception
2022-05-11 01:31:02,476 [grpc-default-executor-0] INFO  leader.FollowerInfo (FollowerInfoImpl.java:lambda$new$0(47)) - omNode-1@group-523986131536->omNode-3: nextIndex: updateUnconditionally 385 -> 45
2022-05-11 01:31:02,477 [grpc-default-executor-0] WARN  server.GrpcLogAppender (LogUtils.java:warn(122)) - omNode-1@group-523986131536->omNode-3-AppendLogResponseHandler: Failed appendEntries: org.apache.ratis.thirdparty.io.grpc.StatusRuntimeException: UNAVAILABLE: io exception
2022-05-11 01:31:02,477 [grpc-default-executor-0] INFO  leader.FollowerInfo (FollowerInfoImpl.java:lambda$new$0(47)) - omNode-1@group-523986131536->omNode-3: nextIndex: updateUnconditionally 386 -> 45
2022-05-11 01:31:02,484 [grpc-default-executor-0] WARN  server.GrpcLogAppender (LogUtils.java:warn(122)) - omNode-1@group-523986131536->omNode-3-AppendLogResponseHandler: Failed appendEntries: org.apache.ratis.thirdparty.io.grpc.StatusRuntimeException: UNAVAILABLE: io exception
2022-05-11 01:31:02,484 [grpc-default-executor-0] INFO  leader.FollowerInfo (FollowerInfoImpl.java:lambda$new$0(47)) - omNode-1@group-523986131536->omNode-3: nextIndex: updateUnconditionally 386 -> 45
2022-05-11 01:31:02,493 [grpc-default-executor-0] WARN  server.GrpcLogAppender (LogUtils.java:warn(122)) - omNode-1@group-523986131536->omNode-3-AppendLogResponseHandler: Failed appendEntries: org.apache.ratis.thirdparty.io.grpc.StatusRuntimeException: UNAVAILABLE: io exception
2022-05-11 01:31:02,493 [grpc-default-executor-0] INFO  leader.FollowerInfo (FollowerInfoImpl.java:lambda$new$0(47)) - omNode-1@group-523986131536->omNode-3: nextIndex: updateUnconditionally 387 -> 45
2022-05-11 01:31:02,502 [grpc-default-executor-0] WARN  server.GrpcLogAppender (LogUtils.java:warn(122)) - omNode-1@group-523986131536->omNode-3-AppendLogResponseHandler: Failed appendEntries: org.apache.ratis.thirdparty.io.grpc.StatusRuntimeException: UNAVAILABLE: io exception
2022-05-11 01:31:02,502 [grpc-default-executor-0] INFO  leader.FollowerInfo (FollowerInfoImpl.java:lambda$new$0(47)) - omNode-1@group-523986131536->omNode-3: nextIndex: updateUnconditionally 387 -> 45
2022-05-11 01:31:02,531 [grpc-default-executor-0] WARN  server.GrpcLogAppender (LogUtils.java:warn(122)) - omNode-1@group-523986131536->omNode-3-AppendLogResponseHandler: Failed appendEntries: org.apache.ratis.thirdparty.io.grpc.StatusRuntimeException: UNAVAILABLE: io exception
2022-05-11 01:31:02,531 [grpc-default-executor-0] INFO  leader.FollowerInfo (FollowerInfoImpl.java:lambda$new$0(47)) - omNode-1@group-523986131536->omNode-3: nextIndex: updateUnconditionally 388 -> 45
2022-05-11 01:31:02,536 [grpc-default-executor-0] WARN  server.GrpcLogAppender (LogUtils.java:warn(122)) - omNode-1@group-523986131536->omNode-3-AppendLogResponseHandler: Failed appendEntries: org.apache.ratis.thirdparty.io.grpc.StatusRuntimeException: UNAVAILABLE: io exception
2022-05-11 01:31:02,537 [grpc-default-executor-0] INFO  leader.FollowerInfo (FollowerInfoImpl.java:lambda$new$0(47)) - omNode-1@group-523986131536->omNode-3: nextIndex: updateUnconditionally 388 -> 45
2022-05-11 01:31:02,540 [grpc-default-executor-0] WARN  server.GrpcLogAppender (LogUtils.java:warn(122)) - omNode-1@group-523986131536->omNode-3-AppendLogResponseHandler: Failed appendEntries: org.apache.ratis.thirdparty.io.grpc.StatusRuntimeException: UNAVAILABLE: io exception
2022-05-11 01:31:02,541 [grpc-default-executor-0] INFO  leader.FollowerInfo (FollowerInfoImpl.java:lambda$new$0(47)) - omNode-1@group-523986131536->omNode-3: nextIndex: updateUnconditionally 389 -> 45
2022-05-11 01:31:02,544 [grpc-default-executor-2] WARN  server.GrpcLogAppender (LogUtils.java:warn(122)) - omNode-1@group-523986131536->omNode-3-AppendLogResponseHandler: Failed appendEntries: org.apache.ratis.thirdparty.io.grpc.StatusRuntimeException: UNAVAILABLE: io exception
2022-05-11 01:31:02,545 [grpc-default-executor-2] INFO  leader.FollowerInfo (FollowerInfoImpl.java:lambda$new$0(47)) - omNode-1@group-523986131536->omNode-3: nextIndex: updateUnconditionally 390 -> 45
2022-05-11 01:31:02,547 [grpc-default-executor-0] WARN  server.GrpcLogAppender (LogUtils.java:warn(122)) - omNode-1@group-523986131536->omNode-3-AppendLogResponseHandler: Failed appendEntries: org.apache.ratis.thirdparty.io.grpc.StatusRuntimeException: UNAVAILABLE: io exception
2022-05-11 01:31:02,547 [grpc-default-executor-0] INFO  leader.FollowerInfo (FollowerInfoImpl.java:lambda$new$0(47)) - omNode-1@group-523986131536->omNode-3: nextIndex: updateUnconditionally 390 -> 45
2022-05-11 01:31:02,552 [grpc-default-executor-0] WARN  server.GrpcLogAppender (LogUtils.java:warn(122)) - omNode-1@group-523986131536->omNode-3-AppendLogResponseHandler: Failed appendEntries: org.apache.ratis.thirdparty.io.grpc.StatusRuntimeException: UNAVAILABLE: io exception
2022-05-11 01:31:02,552 [grpc-default-executor-0] INFO  leader.FollowerInfo (FollowerInfoImpl.java:lambda$new$0(47)) - omNode-1@group-523986131536->omNode-3: nextIndex: updateUnconditionally 391 -> 45
2022-05-11 01:31:02,554 [grpc-default-executor-0] WARN  server.GrpcLogAppender (LogUtils.java:warn(122)) - omNode-1@group-523986131536->omNode-3-AppendLogResponseHandler: Failed appendEntries: org.apache.ratis.thirdparty.io.grpc.StatusRuntimeException: UNAVAILABLE: io exception
2022-05-11 01:31:02,554 [grpc-default-executor-0] INFO  leader.FollowerInfo (FollowerInfoImpl.java:lambda$new$0(47)) - omNode-1@group-523986131536->omNode-3: nextIndex: updateUnconditionally 391 -> 45
2022-05-11 01:31:02,560 [grpc-default-executor-2] WARN  server.GrpcLogAppender (LogUtils.java:warn(122)) - omNode-1@group-523986131536->omNode-3-AppendLogResponseHandler: Failed appendEntries: org.apache.ratis.thirdparty.io.grpc.StatusRuntimeException: UNAVAILABLE: io exception
2022-05-11 01:31:02,560 [grpc-default-executor-2] INFO  leader.FollowerInfo (FollowerInfoImpl.java:lambda$new$0(47)) - omNode-1@group-523986131536->omNode-3: nextIndex: updateUnconditionally 391 -> 45
2022-05-11 01:31:02,576 [grpc-default-executor-0] WARN  server.GrpcLogAppender (LogUtils.java:warn(122)) - omNode-1@group-523986131536->omNode-3-AppendLogResponseHandler: Failed appendEntries: org.apache.ratis.thirdparty.io.grpc.StatusRuntimeException: UNAVAILABLE: io exception
2022-05-11 01:31:02,576 [grpc-default-executor-0] INFO  leader.FollowerInfo (FollowerInfoImpl.java:lambda$new$0(47)) - omNode-1@group-523986131536->omNode-3: nextIndex: updateUnconditionally 392 -> 45
2022-05-11 01:31:02,589 [grpc-default-executor-0] WARN  server.GrpcLogAppender (LogUtils.java:warn(122)) - omNode-1@group-523986131536->omNode-3-AppendLogResponseHandler: Failed appendEntries: org.apache.ratis.thirdparty.io.grpc.StatusRuntimeException: UNAVAILABLE: io exception
2022-05-11 01:31:02,589 [grpc-default-executor-0] INFO  leader.FollowerInfo (FollowerInfoImpl.java:lambda$new$0(47)) - omNode-1@group-523986131536->omNode-3: nextIndex: updateUnconditionally 392 -> 45
2022-05-11 01:31:02,595 [grpc-default-executor-0] WARN  server.GrpcLogAppender (LogUtils.java:warn(122)) - omNode-1@group-523986131536->omNode-3-AppendLogResponseHandler: Failed appendEntries: org.apache.ratis.thirdparty.io.grpc.StatusRuntimeException: UNAVAILABLE: io exception
2022-05-11 01:31:02,595 [grpc-default-executor-0] INFO  leader.FollowerInfo (FollowerInfoImpl.java:lambda$new$0(47)) - omNode-1@group-523986131536->omNode-3: nextIndex: updateUnconditionally 393 -> 45
2022-05-11 01:31:02,598 [grpc-default-executor-0] WARN  server.GrpcLogAppender (LogUtils.java:warn(122)) - omNode-1@group-523986131536->omNode-3-AppendLogResponseHandler: Failed appendEntries: org.apache.ratis.thirdparty.io.grpc.StatusRuntimeException: UNAVAILABLE: io exception
2022-05-11 01:31:02,598 [grpc-default-executor-0] INFO  leader.FollowerInfo (FollowerInfoImpl.java:lambda$new$0(47)) - omNode-1@group-523986131536->omNode-3: nextIndex: updateUnconditionally 394 -> 45
2022-05-11 01:31:02,610 [grpc-default-executor-0] WARN  server.GrpcLogAppender (LogUtils.java:warn(122)) - omNode-1@group-523986131536->omNode-3-AppendLogResponseHandler: Failed appendEntries: org.apache.ratis.thirdparty.io.grpc.StatusRuntimeException: UNAVAILABLE: io exception
2022-05-11 01:31:02,610 [grpc-default-executor-0] INFO  leader.FollowerInfo (FollowerInfoImpl.java:lambda$new$0(47)) - omNode-1@group-523986131536->omNode-3: nextIndex: updateUnconditionally 394 -> 45
2022-05-11 01:31:02,619 [grpc-default-executor-0] WARN  server.GrpcLogAppender (LogUtils.java:warn(122)) - omNode-1@group-523986131536->omNode-3-AppendLogResponseHandler: Failed appendEntries: org.apache.ratis.thirdparty.io.grpc.StatusRuntimeException: UNAVAILABLE: io exception
2022-05-11 01:31:02,619 [grpc-default-executor-0] INFO  leader.FollowerInfo (FollowerInfoImpl.java:lambda$new$0(47)) - omNode-1@group-523986131536->omNode-3: nextIndex: updateUnconditionally 395 -> 45
2022-05-11 01:31:02,639 [grpc-default-executor-2] WARN  server.GrpcLogAppender (LogUtils.java:warn(122)) - omNode-1@group-523986131536->omNode-3-AppendLogResponseHandler: Failed appendEntries: org.apache.ratis.thirdparty.io.grpc.StatusRuntimeException: UNAVAILABLE: io exception
2022-05-11 01:31:02,639 [grpc-default-executor-2] INFO  leader.FollowerInfo (FollowerInfoImpl.java:lambda$new$0(47)) - omNode-1@group-523986131536->omNode-3: nextIndex: updateUnconditionally 395 -> 45
2022-05-11 01:31:02,640 [grpc-default-executor-2] WARN  server.GrpcLogAppender (LogUtils.java:warn(122)) - omNode-1@group-523986131536->omNode-3-AppendLogResponseHandler: Failed appendEntries: org.apache.ratis.thirdparty.io.grpc.StatusRuntimeException: UNAVAILABLE: io exception
2022-05-11 01:31:02,641 [grpc-default-executor-2] INFO  leader.FollowerInfo (FollowerInfoImpl.java:lambda$new$0(47)) - omNode-1@group-523986131536->omNode-3: nextIndex: updateUnconditionally 395 -> 45
2022-05-11 01:31:02,674 [grpc-default-executor-2] WARN  server.GrpcLogAppender (LogUtils.java:warn(122)) - omNode-1@group-523986131536->omNode-3-AppendLogResponseHandler: Failed appendEntries: org.apache.ratis.thirdparty.io.grpc.StatusRuntimeException: UNAVAILABLE: io exception
2022-05-11 01:31:02,675 [grpc-default-executor-2] INFO  leader.FollowerInfo (FollowerInfoImpl.java:lambda$new$0(47)) - omNode-1@group-523986131536->omNode-3: nextIndex: updateUnconditionally 396 -> 45
2022-05-11 01:31:02,694 [grpc-default-executor-0] WARN  server.GrpcLogAppender (LogUtils.java:warn(122)) - omNode-1@group-523986131536->omNode-3-AppendLogResponseHandler: Failed appendEntries: org.apache.ratis.thirdparty.io.grpc.StatusRuntimeException: UNAVAILABLE: io exception
2022-05-11 01:31:02,694 [grpc-default-executor-0] INFO  leader.FollowerInfo (FollowerInfoImpl.java:lambda$new$0(47)) - omNode-1@group-523986131536->omNode-3: nextIndex: updateUnconditionally 396 -> 45
2022-05-11 01:31:02,703 [grpc-default-executor-0] WARN  server.GrpcLogAppender (LogUtils.java:warn(122)) - omNode-1@group-523986131536->omNode-3-AppendLogResponseHandler: Failed appendEntries: org.apache.ratis.thirdparty.io.grpc.StatusRuntimeException: UNAVAILABLE: io exception
2022-05-11 01:31:02,703 [grpc-default-executor-0] INFO  leader.FollowerInfo (FollowerInfoImpl.java:lambda$new$0(47)) - omNode-1@group-523986131536->omNode-3: nextIndex: updateUnconditionally 398 -> 45
2022-05-11 01:31:02,715 [grpc-default-executor-0] WARN  server.GrpcLogAppender (LogUtils.java:warn(122)) - omNode-1@group-523986131536->omNode-3-AppendLogResponseHandler: Failed appendEntries: org.apache.ratis.thirdparty.io.grpc.StatusRuntimeException: UNAVAILABLE: io exception
2022-05-11 01:31:02,715 [grpc-default-executor-0] INFO  leader.FollowerInfo (FollowerInfoImpl.java:lambda$new$0(47)) - omNode-1@group-523986131536->omNode-3: nextIndex: updateUnconditionally 399 -> 45
2022-05-11 01:31:02,724 [grpc-default-executor-0] WARN  server.GrpcLogAppender (LogUtils.java:warn(122)) - omNode-1@group-523986131536->omNode-3-AppendLogResponseHandler: Failed appendEntries: org.apache.ratis.thirdparty.io.grpc.StatusRuntimeException: UNAVAILABLE: io exception
2022-05-11 01:31:02,724 [grpc-default-executor-0] INFO  leader.FollowerInfo (FollowerInfoImpl.java:lambda$new$0(47)) - omNode-1@group-523986131536->omNode-3: nextIndex: updateUnconditionally 399 -> 45
2022-05-11 01:31:02,737 [grpc-default-executor-0] WARN  server.GrpcLogAppender (LogUtils.java:warn(122)) - omNode-1@group-523986131536->omNode-3-AppendLogResponseHandler: Failed appendEntries: org.apache.ratis.thirdparty.io.grpc.StatusRuntimeException: UNAVAILABLE: io exception
2022-05-11 01:31:02,738 [grpc-default-executor-0] INFO  leader.FollowerInfo (FollowerInfoImpl.java:lambda$new$0(47)) - omNode-1@group-523986131536->omNode-3: nextIndex: updateUnconditionally 400 -> 45
2022-05-11 01:31:02,746 [grpc-default-executor-2] WARN  server.GrpcLogAppender (LogUtils.java:warn(122)) - omNode-1@group-523986131536->omNode-3-AppendLogResponseHandler: Failed appendEntries: org.apache.ratis.thirdparty.io.grpc.StatusRuntimeException: UNAVAILABLE: io exception
2022-05-11 01:31:02,746 [grpc-default-executor-2] INFO  leader.FollowerInfo (FollowerInfoImpl.java:lambda$new$0(47)) - omNode-1@group-523986131536->omNode-3: nextIndex: updateUnconditionally 401 -> 45
2022-05-11 01:31:02,746 [omNode-1@group-523986131536-StateMachineUpdater] INFO  ratis.OzoneManagerStateMachine (OzoneManagerStateMachine.java:takeSnapshot(436)) - Current Snapshot Index (t:2, i:399)
2022-05-11 01:31:02,747 [omNode-1@group-523986131536-StateMachineUpdater] INFO  impl.StateMachineUpdater (StateMachineUpdater.java:takeSnapshot(281)) - omNode-1@group-523986131536-StateMachineUpdater: Took a snapshot at index 399
2022-05-11 01:31:02,747 [omNode-1@group-523986131536-StateMachineUpdater] INFO  impl.StateMachineUpdater (StateMachineUpdater.java:lambda$new$0(89)) - omNode-1@group-523986131536-StateMachineUpdater: snapshotIndex: updateIncreasingly 349 -> 399
2022-05-11 01:31:02,747 [omNode-1@group-523986131536-StateMachineUpdater] INFO  raftlog.RaftLog (RaftLogBase.java:purge(306)) - omNode-1@group-523986131536-SegmentedRaftLog: purge 399
2022-05-11 01:31:02,747 [omNode-1@group-523986131536-StateMachineUpdater] INFO  raftlog.RaftLog (RaftLogBase.java:lambda$new$0(53)) - omNode-1@group-523986131536-SegmentedRaftLog: snapshotIndex: updateIncreasingly 349 -> 399
2022-05-11 01:31:02,747 [omNode-1@group-523986131536-StateMachineUpdater] INFO  raftlog.RaftLog (RaftLogBase.java:lambda$new$0(53)) - omNode-1@group-523986131536-SegmentedRaftLog: purgeIndex: updateToMax old=349, new=399, updated? true
2022-05-11 01:31:02,752 [omNode-2@group-523986131536-StateMachineUpdater] INFO  ratis.OzoneManagerStateMachine (OzoneManagerStateMachine.java:takeSnapshot(436)) - Current Snapshot Index (t:2, i:399)
2022-05-11 01:31:02,753 [omNode-2@group-523986131536-StateMachineUpdater] INFO  impl.StateMachineUpdater (StateMachineUpdater.java:takeSnapshot(281)) - omNode-2@group-523986131536-StateMachineUpdater: Took a snapshot at index 399
2022-05-11 01:31:02,753 [omNode-2@group-523986131536-StateMachineUpdater] INFO  impl.StateMachineUpdater (StateMachineUpdater.java:lambda$new$0(89)) - omNode-2@group-523986131536-StateMachineUpdater: snapshotIndex: updateIncreasingly 349 -> 399
2022-05-11 01:31:02,753 [omNode-2@group-523986131536-StateMachineUpdater] INFO  raftlog.RaftLog (RaftLogBase.java:purge(306)) - omNode-2@group-523986131536-SegmentedRaftLog: purge 399
2022-05-11 01:31:02,753 [omNode-2@group-523986131536-StateMachineUpdater] INFO  raftlog.RaftLog (RaftLogBase.java:lambda$new$0(53)) - omNode-2@group-523986131536-SegmentedRaftLog: snapshotIndex: updateIncreasingly 349 -> 399
2022-05-11 01:31:02,753 [omNode-2@group-523986131536-StateMachineUpdater] INFO  raftlog.RaftLog (RaftLogBase.java:lambda$new$0(53)) - omNode-2@group-523986131536-SegmentedRaftLog: purgeIndex: updateToMax old=349, new=399, updated? true
2022-05-11 01:31:02,755 [grpc-default-executor-2] WARN  server.GrpcLogAppender (LogUtils.java:warn(122)) - omNode-1@group-523986131536->omNode-3-AppendLogResponseHandler: Failed appendEntries: org.apache.ratis.thirdparty.io.grpc.StatusRuntimeException: UNAVAILABLE: io exception
2022-05-11 01:31:02,755 [grpc-default-executor-2] INFO  leader.FollowerInfo (FollowerInfoImpl.java:lambda$new$0(47)) - omNode-1@group-523986131536->omNode-3: nextIndex: updateUnconditionally 402 -> 45
2022-05-11 01:31:02,761 [grpc-default-executor-2] WARN  server.GrpcLogAppender (LogUtils.java:warn(122)) - omNode-1@group-523986131536->omNode-3-AppendLogResponseHandler: Failed appendEntries: org.apache.ratis.thirdparty.io.grpc.StatusRuntimeException: UNAVAILABLE: io exception
2022-05-11 01:31:02,762 [grpc-default-executor-2] INFO  leader.FollowerInfo (FollowerInfoImpl.java:lambda$new$0(47)) - omNode-1@group-523986131536->omNode-3: nextIndex: updateUnconditionally 403 -> 45
2022-05-11 01:31:02,777 [grpc-default-executor-2] WARN  server.GrpcLogAppender (LogUtils.java:warn(122)) - omNode-1@group-523986131536->omNode-3-AppendLogResponseHandler: Failed appendEntries: org.apache.ratis.thirdparty.io.grpc.StatusRuntimeException: UNAVAILABLE: io exception
2022-05-11 01:31:02,777 [grpc-default-executor-2] INFO  leader.FollowerInfo (FollowerInfoImpl.java:lambda$new$0(47)) - omNode-1@group-523986131536->omNode-3: nextIndex: updateUnconditionally 403 -> 45
2022-05-11 01:31:02,802 [grpc-default-executor-2] WARN  server.GrpcLogAppender (LogUtils.java:warn(122)) - omNode-1@group-523986131536->omNode-3-AppendLogResponseHandler: Failed appendEntries: org.apache.ratis.thirdparty.io.grpc.StatusRuntimeException: UNAVAILABLE: io exception
2022-05-11 01:31:02,802 [grpc-default-executor-2] INFO  leader.FollowerInfo (FollowerInfoImpl.java:lambda$new$0(47)) - omNode-1@group-523986131536->omNode-3: nextIndex: updateUnconditionally 404 -> 45
2022-05-11 01:31:02,817 [grpc-default-executor-2] WARN  server.GrpcLogAppender (LogUtils.java:warn(122)) - omNode-1@group-523986131536->omNode-3-AppendLogResponseHandler: Failed appendEntries: org.apache.ratis.thirdparty.io.grpc.StatusRuntimeException: UNAVAILABLE: io exception
2022-05-11 01:31:02,817 [grpc-default-executor-2] INFO  leader.FollowerInfo (FollowerInfoImpl.java:lambda$new$0(47)) - omNode-1@group-523986131536->omNode-3: nextIndex: updateUnconditionally 405 -> 45
2022-05-11 01:31:02,823 [grpc-default-executor-2] WARN  server.GrpcLogAppender (LogUtils.java:warn(122)) - omNode-1@group-523986131536->omNode-3-AppendLogResponseHandler: Failed appendEntries: org.apache.ratis.thirdparty.io.grpc.StatusRuntimeException: UNAVAILABLE: io exception
2022-05-11 01:31:02,824 [grpc-default-executor-2] INFO  leader.FollowerInfo (FollowerInfoImpl.java:lambda$new$0(47)) - omNode-1@group-523986131536->omNode-3: nextIndex: updateUnconditionally 406 -> 45
2022-05-11 01:31:02,827 [grpc-default-executor-2] WARN  server.GrpcLogAppender (LogUtils.java:warn(122)) - omNode-1@group-523986131536->omNode-3-AppendLogResponseHandler: Failed appendEntries: org.apache.ratis.thirdparty.io.grpc.StatusRuntimeException: UNAVAILABLE: io exception
2022-05-11 01:31:02,827 [grpc-default-executor-2] INFO  leader.FollowerInfo (FollowerInfoImpl.java:lambda$new$0(47)) - omNode-1@group-523986131536->omNode-3: nextIndex: updateUnconditionally 406 -> 45
2022-05-11 01:31:02,836 [grpc-default-executor-2] WARN  server.GrpcLogAppender (LogUtils.java:warn(122)) - omNode-1@group-523986131536->omNode-3-AppendLogResponseHandler: Failed appendEntries: org.apache.ratis.thirdparty.io.grpc.StatusRuntimeException: UNAVAILABLE: io exception
2022-05-11 01:31:02,836 [grpc-default-executor-2] INFO  leader.FollowerInfo (FollowerInfoImpl.java:lambda$new$0(47)) - omNode-1@group-523986131536->omNode-3: nextIndex: updateUnconditionally 407 -> 45
2022-05-11 01:31:02,846 [grpc-default-executor-2] WARN  server.GrpcLogAppender (LogUtils.java:warn(122)) - omNode-1@group-523986131536->omNode-3-AppendLogResponseHandler: Failed appendEntries: org.apache.ratis.thirdparty.io.grpc.StatusRuntimeException: UNAVAILABLE: io exception
2022-05-11 01:31:02,847 [grpc-default-executor-2] INFO  leader.FollowerInfo (FollowerInfoImpl.java:lambda$new$0(47)) - omNode-1@group-523986131536->omNode-3: nextIndex: updateUnconditionally 407 -> 45
2022-05-11 01:31:02,870 [grpc-default-executor-2] WARN  server.GrpcLogAppender (LogUtils.java:warn(122)) - omNode-1@group-523986131536->omNode-3-AppendLogResponseHandler: Failed appendEntries: org.apache.ratis.thirdparty.io.grpc.StatusRuntimeException: UNAVAILABLE: io exception
2022-05-11 01:31:02,870 [grpc-default-executor-2] INFO  leader.FollowerInfo (FollowerInfoImpl.java:lambda$new$0(47)) - omNode-1@group-523986131536->omNode-3: nextIndex: updateUnconditionally 408 -> 45
2022-05-11 01:31:02,885 [grpc-default-executor-2] WARN  server.GrpcLogAppender (LogUtils.java:warn(122)) - omNode-1@group-523986131536->omNode-3-AppendLogResponseHandler: Failed appendEntries: org.apache.ratis.thirdparty.io.grpc.StatusRuntimeException: UNAVAILABLE: io exception
2022-05-11 01:31:02,885 [grpc-default-executor-2] INFO  leader.FollowerInfo (FollowerInfoImpl.java:lambda$new$0(47)) - omNode-1@group-523986131536->omNode-3: nextIndex: updateUnconditionally 408 -> 45
2022-05-11 01:31:02,888 [grpc-default-executor-2] WARN  server.GrpcLogAppender (LogUtils.java:warn(122)) - omNode-1@group-523986131536->omNode-3-AppendLogResponseHandler: Failed appendEntries: org.apache.ratis.thirdparty.io.grpc.StatusRuntimeException: UNAVAILABLE: io exception
2022-05-11 01:31:02,888 [grpc-default-executor-2] INFO  leader.FollowerInfo (FollowerInfoImpl.java:lambda$new$0(47)) - omNode-1@group-523986131536->omNode-3: nextIndex: updateUnconditionally 410 -> 45
2022-05-11 01:31:02,905 [grpc-default-executor-2] WARN  server.GrpcLogAppender (LogUtils.java:warn(122)) - omNode-1@group-523986131536->omNode-3-AppendLogResponseHandler: Failed appendEntries: org.apache.ratis.thirdparty.io.grpc.StatusRuntimeException: UNAVAILABLE: io exception
2022-05-11 01:31:02,905 [grpc-default-executor-2] INFO  leader.FollowerInfo (FollowerInfoImpl.java:lambda$new$0(47)) - omNode-1@group-523986131536->omNode-3: nextIndex: updateUnconditionally 410 -> 45
2022-05-11 01:31:02,916 [grpc-default-executor-2] WARN  server.GrpcLogAppender (LogUtils.java:warn(122)) - omNode-1@group-523986131536->omNode-3-AppendLogResponseHandler: Failed appendEntries: org.apache.ratis.thirdparty.io.grpc.StatusRuntimeException: UNAVAILABLE: io exception
2022-05-11 01:31:02,917 [grpc-default-executor-2] INFO  leader.FollowerInfo (FollowerInfoImpl.java:lambda$new$0(47)) - omNode-1@group-523986131536->omNode-3: nextIndex: updateUnconditionally 411 -> 45
2022-05-11 01:31:02,926 [EndpointStateMachine task thread for /0.0.0.0:46775 - 0 ] INFO  ipc.Client (Client.java:handleConnectionFailure(977)) - Retrying connect to server: 0.0.0.0/0.0.0.0:46775. Already tried 6 time(s); retry policy is RetryUpToMaximumCountWithFixedSleep(maxRetries=15, sleepTime=1000 MILLISECONDS)
2022-05-11 01:31:02,938 [grpc-default-executor-0] WARN  server.GrpcLogAppender (LogUtils.java:warn(122)) - omNode-1@group-523986131536->omNode-3-AppendLogResponseHandler: Failed appendEntries: org.apache.ratis.thirdparty.io.grpc.StatusRuntimeException: UNAVAILABLE: io exception
2022-05-11 01:31:02,939 [grpc-default-executor-0] INFO  leader.FollowerInfo (FollowerInfoImpl.java:lambda$new$0(47)) - omNode-1@group-523986131536->omNode-3: nextIndex: updateUnconditionally 411 -> 45
2022-05-11 01:31:02,959 [grpc-default-executor-2] WARN  server.GrpcLogAppender (LogUtils.java:warn(122)) - omNode-1@group-523986131536->omNode-3-AppendLogResponseHandler: Failed appendEntries: org.apache.ratis.thirdparty.io.grpc.StatusRuntimeException: UNAVAILABLE: io exception
2022-05-11 01:31:02,960 [grpc-default-executor-2] INFO  leader.FollowerInfo (FollowerInfoImpl.java:lambda$new$0(47)) - omNode-1@group-523986131536->omNode-3: nextIndex: updateUnconditionally 412 -> 45
2022-05-11 01:31:02,969 [grpc-default-executor-2] WARN  server.GrpcLogAppender (LogUtils.java:warn(122)) - omNode-1@group-523986131536->omNode-3-AppendLogResponseHandler: Failed appendEntries: org.apache.ratis.thirdparty.io.grpc.StatusRuntimeException: UNAVAILABLE: io exception
2022-05-11 01:31:02,969 [grpc-default-executor-2] INFO  leader.FollowerInfo (FollowerInfoImpl.java:lambda$new$0(47)) - omNode-1@group-523986131536->omNode-3: nextIndex: updateUnconditionally 414 -> 45
2022-05-11 01:31:02,975 [grpc-default-executor-2] WARN  server.GrpcLogAppender (LogUtils.java:warn(122)) - omNode-1@group-523986131536->omNode-3-AppendLogResponseHandler: Failed appendEntries: org.apache.ratis.thirdparty.io.grpc.StatusRuntimeException: UNAVAILABLE: io exception
2022-05-11 01:31:02,975 [grpc-default-executor-2] INFO  leader.FollowerInfo (FollowerInfoImpl.java:lambda$new$0(47)) - omNode-1@group-523986131536->omNode-3: nextIndex: updateUnconditionally 414 -> 45
2022-05-11 01:31:02,981 [grpc-default-executor-2] WARN  server.GrpcLogAppender (LogUtils.java:warn(122)) - omNode-1@group-523986131536->omNode-3-AppendLogResponseHandler: Failed appendEntries: org.apache.ratis.thirdparty.io.grpc.StatusRuntimeException: UNAVAILABLE: io exception
2022-05-11 01:31:02,982 [grpc-default-executor-2] INFO  leader.FollowerInfo (FollowerInfoImpl.java:lambda$new$0(47)) - omNode-1@group-523986131536->omNode-3: nextIndex: updateUnconditionally 415 -> 45
2022-05-11 01:31:02,992 [grpc-default-executor-2] WARN  server.GrpcLogAppender (LogUtils.java:warn(122)) - omNode-1@group-523986131536->omNode-3-AppendLogResponseHandler: Failed appendEntries: org.apache.ratis.thirdparty.io.grpc.StatusRuntimeException: UNAVAILABLE: io exception
2022-05-11 01:31:02,992 [grpc-default-executor-2] INFO  leader.FollowerInfo (FollowerInfoImpl.java:lambda$new$0(47)) - omNode-1@group-523986131536->omNode-3: nextIndex: updateUnconditionally 415 -> 45
2022-05-11 01:31:02,994 [grpc-default-executor-2] WARN  server.GrpcLogAppender (LogUtils.java:warn(122)) - omNode-1@group-523986131536->omNode-3-AppendLogResponseHandler: Failed appendEntries: org.apache.ratis.thirdparty.io.grpc.StatusRuntimeException: UNAVAILABLE: io exception
2022-05-11 01:31:02,994 [grpc-default-executor-2] INFO  leader.FollowerInfo (FollowerInfoImpl.java:lambda$new$0(47)) - omNode-1@group-523986131536->omNode-3: nextIndex: updateUnconditionally 415 -> 45
2022-05-11 01:31:03,022 [grpc-default-executor-2] WARN  server.GrpcLogAppender (LogUtils.java:warn(122)) - omNode-1@group-523986131536->omNode-3-AppendLogResponseHandler: Failed appendEntries: org.apache.ratis.thirdparty.io.grpc.StatusRuntimeException: UNAVAILABLE: io exception
2022-05-11 01:31:03,022 [grpc-default-executor-2] INFO  leader.FollowerInfo (FollowerInfoImpl.java:lambda$new$0(47)) - omNode-1@group-523986131536->omNode-3: nextIndex: updateUnconditionally 416 -> 45
2022-05-11 01:31:03,038 [grpc-default-executor-2] WARN  server.GrpcLogAppender (LogUtils.java:warn(122)) - omNode-1@group-523986131536->omNode-3-AppendLogResponseHandler: Failed appendEntries: org.apache.ratis.thirdparty.io.grpc.StatusRuntimeException: UNAVAILABLE: io exception
2022-05-11 01:31:03,038 [grpc-default-executor-2] INFO  leader.FollowerInfo (FollowerInfoImpl.java:lambda$new$0(47)) - omNode-1@group-523986131536->omNode-3: nextIndex: updateUnconditionally 416 -> 45
2022-05-11 01:31:03,044 [grpc-default-executor-0] WARN  server.GrpcLogAppender (LogUtils.java:warn(122)) - omNode-1@group-523986131536->omNode-3-AppendLogResponseHandler: Failed appendEntries: org.apache.ratis.thirdparty.io.grpc.StatusRuntimeException: UNAVAILABLE: io exception
2022-05-11 01:31:03,045 [grpc-default-executor-0] INFO  leader.FollowerInfo (FollowerInfoImpl.java:lambda$new$0(47)) - omNode-1@group-523986131536->omNode-3: nextIndex: updateUnconditionally 418 -> 45
2022-05-11 01:31:03,049 [grpc-default-executor-0] WARN  server.GrpcLogAppender (LogUtils.java:warn(122)) - omNode-1@group-523986131536->omNode-3-AppendLogResponseHandler: Failed appendEntries: org.apache.ratis.thirdparty.io.grpc.StatusRuntimeException: UNAVAILABLE: io exception
2022-05-11 01:31:03,049 [grpc-default-executor-0] INFO  leader.FollowerInfo (FollowerInfoImpl.java:lambda$new$0(47)) - omNode-1@group-523986131536->omNode-3: nextIndex: updateUnconditionally 418 -> 45
2022-05-11 01:31:03,055 [grpc-default-executor-0] WARN  server.GrpcLogAppender (LogUtils.java:warn(122)) - omNode-1@group-523986131536->omNode-3-AppendLogResponseHandler: Failed appendEntries: org.apache.ratis.thirdparty.io.grpc.StatusRuntimeException: UNAVAILABLE: io exception
2022-05-11 01:31:03,056 [grpc-default-executor-0] INFO  leader.FollowerInfo (FollowerInfoImpl.java:lambda$new$0(47)) - omNode-1@group-523986131536->omNode-3: nextIndex: updateUnconditionally 419 -> 45
2022-05-11 01:31:03,080 [grpc-default-executor-2] WARN  server.GrpcLogAppender (LogUtils.java:warn(122)) - omNode-1@group-523986131536->omNode-3-AppendLogResponseHandler: Failed appendEntries: org.apache.ratis.thirdparty.io.grpc.StatusRuntimeException: UNAVAILABLE: io exception
2022-05-11 01:31:03,080 [grpc-default-executor-2] INFO  leader.FollowerInfo (FollowerInfoImpl.java:lambda$new$0(47)) - omNode-1@group-523986131536->omNode-3: nextIndex: updateUnconditionally 419 -> 45
2022-05-11 01:31:03,082 [grpc-default-executor-2] WARN  server.GrpcLogAppender (LogUtils.java:warn(122)) - omNode-1@group-523986131536->omNode-3-AppendLogResponseHandler: Failed appendEntries: org.apache.ratis.thirdparty.io.grpc.StatusRuntimeException: UNAVAILABLE: io exception
2022-05-11 01:31:03,082 [grpc-default-executor-2] INFO  leader.FollowerInfo (FollowerInfoImpl.java:lambda$new$0(47)) - omNode-1@group-523986131536->omNode-3: nextIndex: updateUnconditionally 419 -> 45
2022-05-11 01:31:03,088 [grpc-default-executor-2] WARN  server.GrpcLogAppender (LogUtils.java:warn(122)) - omNode-1@group-523986131536->omNode-3-AppendLogResponseHandler: Failed appendEntries: org.apache.ratis.thirdparty.io.grpc.StatusRuntimeException: UNAVAILABLE: io exception
2022-05-11 01:31:03,088 [grpc-default-executor-2] INFO  leader.FollowerInfo (FollowerInfoImpl.java:lambda$new$0(47)) - omNode-1@group-523986131536->omNode-3: nextIndex: updateUnconditionally 420 -> 45
2022-05-11 01:31:03,097 [grpc-default-executor-2] WARN  server.GrpcLogAppender (LogUtils.java:warn(122)) - omNode-1@group-523986131536->omNode-3-AppendLogResponseHandler: Failed appendEntries: org.apache.ratis.thirdparty.io.grpc.StatusRuntimeException: UNAVAILABLE: io exception
2022-05-11 01:31:03,097 [grpc-default-executor-2] INFO  leader.FollowerInfo (FollowerInfoImpl.java:lambda$new$0(47)) - omNode-1@group-523986131536->omNode-3: nextIndex: updateUnconditionally 420 -> 45
2022-05-11 01:31:03,101 [grpc-default-executor-2] WARN  server.GrpcLogAppender (LogUtils.java:warn(122)) - omNode-1@group-523986131536->omNode-3-AppendLogResponseHandler: Failed appendEntries: org.apache.ratis.thirdparty.io.grpc.StatusRuntimeException: UNAVAILABLE: io exception
2022-05-11 01:31:03,102 [grpc-default-executor-2] INFO  leader.FollowerInfo (FollowerInfoImpl.java:lambda$new$0(47)) - omNode-1@group-523986131536->omNode-3: nextIndex: updateUnconditionally 421 -> 45
2022-05-11 01:31:03,106 [grpc-default-executor-2] WARN  server.GrpcLogAppender (LogUtils.java:warn(122)) - omNode-1@group-523986131536->omNode-3-AppendLogResponseHandler: Failed appendEntries: org.apache.ratis.thirdparty.io.grpc.StatusRuntimeException: UNAVAILABLE: io exception
2022-05-11 01:31:03,106 [grpc-default-executor-2] INFO  leader.FollowerInfo (FollowerInfoImpl.java:lambda$new$0(47)) - omNode-1@group-523986131536->omNode-3: nextIndex: updateUnconditionally 422 -> 45
2022-05-11 01:31:03,113 [grpc-default-executor-2] WARN  server.GrpcLogAppender (LogUtils.java:warn(122)) - omNode-1@group-523986131536->omNode-3-AppendLogResponseHandler: Failed appendEntries: org.apache.ratis.thirdparty.io.grpc.StatusRuntimeException: UNAVAILABLE: io exception
2022-05-11 01:31:03,113 [grpc-default-executor-2] INFO  leader.FollowerInfo (FollowerInfoImpl.java:lambda$new$0(47)) - omNode-1@group-523986131536->omNode-3: nextIndex: updateUnconditionally 422 -> 45
2022-05-11 01:31:03,114 [grpc-default-executor-2] WARN  server.GrpcLogAppender (LogUtils.java:warn(122)) - omNode-1@group-523986131536->omNode-3-AppendLogResponseHandler: Failed appendEntries: org.apache.ratis.thirdparty.io.grpc.StatusRuntimeException: UNAVAILABLE: io exception
2022-05-11 01:31:03,115 [grpc-default-executor-2] INFO  leader.FollowerInfo (FollowerInfoImpl.java:lambda$new$0(47)) - omNode-1@group-523986131536->omNode-3: nextIndex: updateUnconditionally 422 -> 45
2022-05-11 01:31:03,126 [grpc-default-executor-0] WARN  server.GrpcLogAppender (LogUtils.java:warn(122)) - omNode-1@group-523986131536->omNode-3-AppendLogResponseHandler: Failed appendEntries: org.apache.ratis.thirdparty.io.grpc.StatusRuntimeException: UNAVAILABLE: io exception
2022-05-11 01:31:03,127 [grpc-default-executor-0] INFO  leader.FollowerInfo (FollowerInfoImpl.java:lambda$new$0(47)) - omNode-1@group-523986131536->omNode-3: nextIndex: updateUnconditionally 423 -> 45
2022-05-11 01:31:03,138 [grpc-default-executor-0] WARN  server.GrpcLogAppender (LogUtils.java:warn(122)) - omNode-1@group-523986131536->omNode-3-AppendLogResponseHandler: Failed appendEntries: org.apache.ratis.thirdparty.io.grpc.StatusRuntimeException: UNAVAILABLE: io exception
2022-05-11 01:31:03,139 [grpc-default-executor-0] INFO  leader.FollowerInfo (FollowerInfoImpl.java:lambda$new$0(47)) - omNode-1@group-523986131536->omNode-3: nextIndex: updateUnconditionally 423 -> 45
2022-05-11 01:31:03,143 [grpc-default-executor-0] WARN  server.GrpcLogAppender (LogUtils.java:warn(122)) - omNode-1@group-523986131536->omNode-3-AppendLogResponseHandler: Failed appendEntries: org.apache.ratis.thirdparty.io.grpc.StatusRuntimeException: UNAVAILABLE: io exception
2022-05-11 01:31:03,143 [grpc-default-executor-0] INFO  leader.FollowerInfo (FollowerInfoImpl.java:lambda$new$0(47)) - omNode-1@group-523986131536->omNode-3: nextIndex: updateUnconditionally 423 -> 45
2022-05-11 01:31:03,150 [grpc-default-executor-0] WARN  server.GrpcLogAppender (LogUtils.java:warn(122)) - omNode-1@group-523986131536->omNode-3-AppendLogResponseHandler: Failed appendEntries: org.apache.ratis.thirdparty.io.grpc.StatusRuntimeException: UNAVAILABLE: io exception
2022-05-11 01:31:03,150 [grpc-default-executor-0] INFO  leader.FollowerInfo (FollowerInfoImpl.java:lambda$new$0(47)) - omNode-1@group-523986131536->omNode-3: nextIndex: updateUnconditionally 424 -> 45
2022-05-11 01:31:03,159 [grpc-default-executor-0] WARN  server.GrpcLogAppender (LogUtils.java:warn(122)) - omNode-1@group-523986131536->omNode-3-AppendLogResponseHandler: Failed appendEntries: org.apache.ratis.thirdparty.io.grpc.StatusRuntimeException: UNAVAILABLE: io exception
2022-05-11 01:31:03,159 [grpc-default-executor-0] INFO  leader.FollowerInfo (FollowerInfoImpl.java:lambda$new$0(47)) - omNode-1@group-523986131536->omNode-3: nextIndex: updateUnconditionally 424 -> 45
2022-05-11 01:31:03,181 [grpc-default-executor-0] WARN  server.GrpcLogAppender (LogUtils.java:warn(122)) - omNode-1@group-523986131536->omNode-3-AppendLogResponseHandler: Failed appendEntries: org.apache.ratis.thirdparty.io.grpc.StatusRuntimeException: UNAVAILABLE: io exception
2022-05-11 01:31:03,181 [grpc-default-executor-0] INFO  leader.FollowerInfo (FollowerInfoImpl.java:lambda$new$0(47)) - omNode-1@group-523986131536->omNode-3: nextIndex: updateUnconditionally 425 -> 45
2022-05-11 01:31:03,188 [grpc-default-executor-0] WARN  server.GrpcLogAppender (LogUtils.java:warn(122)) - omNode-1@group-523986131536->omNode-3-AppendLogResponseHandler: Failed appendEntries: org.apache.ratis.thirdparty.io.grpc.StatusRuntimeException: UNAVAILABLE: io exception
2022-05-11 01:31:03,189 [grpc-default-executor-0] INFO  leader.FollowerInfo (FollowerInfoImpl.java:lambda$new$0(47)) - omNode-1@group-523986131536->omNode-3: nextIndex: updateUnconditionally 426 -> 45
2022-05-11 01:31:03,192 [grpc-default-executor-0] WARN  server.GrpcLogAppender (LogUtils.java:warn(122)) - omNode-1@group-523986131536->omNode-3-AppendLogResponseHandler: Failed appendEntries: org.apache.ratis.thirdparty.io.grpc.StatusRuntimeException: UNAVAILABLE: io exception
2022-05-11 01:31:03,192 [grpc-default-executor-0] INFO  leader.FollowerInfo (FollowerInfoImpl.java:lambda$new$0(47)) - omNode-1@group-523986131536->omNode-3: nextIndex: updateUnconditionally 426 -> 45
2022-05-11 01:31:03,196 [grpc-default-executor-0] WARN  server.GrpcLogAppender (LogUtils.java:warn(122)) - omNode-1@group-523986131536->omNode-3-AppendLogResponseHandler: Failed appendEntries: org.apache.ratis.thirdparty.io.grpc.StatusRuntimeException: UNAVAILABLE: io exception
2022-05-11 01:31:03,196 [grpc-default-executor-0] INFO  leader.FollowerInfo (FollowerInfoImpl.java:lambda$new$0(47)) - omNode-1@group-523986131536->omNode-3: nextIndex: updateUnconditionally 427 -> 45
2022-05-11 01:31:03,211 [grpc-default-executor-0] WARN  server.GrpcLogAppender (LogUtils.java:warn(122)) - omNode-1@group-523986131536->omNode-3-AppendLogResponseHandler: Failed appendEntries: org.apache.ratis.thirdparty.io.grpc.StatusRuntimeException: UNAVAILABLE: io exception
2022-05-11 01:31:03,211 [grpc-default-executor-0] INFO  leader.FollowerInfo (FollowerInfoImpl.java:lambda$new$0(47)) - omNode-1@group-523986131536->omNode-3: nextIndex: updateUnconditionally 427 -> 45
2022-05-11 01:31:03,245 [grpc-default-executor-0] WARN  server.GrpcLogAppender (LogUtils.java:warn(122)) - omNode-1@group-523986131536->omNode-3-AppendLogResponseHandler: Failed appendEntries: org.apache.ratis.thirdparty.io.grpc.StatusRuntimeException: UNAVAILABLE: io exception
2022-05-11 01:31:03,245 [grpc-default-executor-0] INFO  leader.FollowerInfo (FollowerInfoImpl.java:lambda$new$0(47)) - omNode-1@group-523986131536->omNode-3: nextIndex: updateUnconditionally 428 -> 45
2022-05-11 01:31:03,256 [grpc-default-executor-0] WARN  server.GrpcLogAppender (LogUtils.java:warn(122)) - omNode-1@group-523986131536->omNode-3-AppendLogResponseHandler: Failed appendEntries: org.apache.ratis.thirdparty.io.grpc.StatusRuntimeException: UNAVAILABLE: io exception
2022-05-11 01:31:03,256 [grpc-default-executor-0] INFO  leader.FollowerInfo (FollowerInfoImpl.java:lambda$new$0(47)) - omNode-1@group-523986131536->omNode-3: nextIndex: updateUnconditionally 428 -> 45
2022-05-11 01:31:03,263 [grpc-default-executor-0] WARN  server.GrpcLogAppender (LogUtils.java:warn(122)) - omNode-1@group-523986131536->omNode-3-AppendLogResponseHandler: Failed appendEntries: org.apache.ratis.thirdparty.io.grpc.StatusRuntimeException: UNAVAILABLE: io exception
2022-05-11 01:31:03,263 [grpc-default-executor-0] INFO  leader.FollowerInfo (FollowerInfoImpl.java:lambda$new$0(47)) - omNode-1@group-523986131536->omNode-3: nextIndex: updateUnconditionally 430 -> 45
2022-05-11 01:31:03,274 [grpc-default-executor-0] WARN  server.GrpcLogAppender (LogUtils.java:warn(122)) - omNode-1@group-523986131536->omNode-3-AppendLogResponseHandler: Failed appendEntries: org.apache.ratis.thirdparty.io.grpc.StatusRuntimeException: UNAVAILABLE: io exception
2022-05-11 01:31:03,274 [grpc-default-executor-0] INFO  leader.FollowerInfo (FollowerInfoImpl.java:lambda$new$0(47)) - omNode-1@group-523986131536->omNode-3: nextIndex: updateUnconditionally 430 -> 45
2022-05-11 01:31:03,280 [grpc-default-executor-0] WARN  server.GrpcLogAppender (LogUtils.java:warn(122)) - omNode-1@group-523986131536->omNode-3-AppendLogResponseHandler: Failed appendEntries: org.apache.ratis.thirdparty.io.grpc.StatusRuntimeException: UNAVAILABLE: io exception
2022-05-11 01:31:03,280 [grpc-default-executor-0] INFO  leader.FollowerInfo (FollowerInfoImpl.java:lambda$new$0(47)) - omNode-1@group-523986131536->omNode-3: nextIndex: updateUnconditionally 431 -> 45
2022-05-11 01:31:03,286 [grpc-default-executor-0] WARN  server.GrpcLogAppender (LogUtils.java:warn(122)) - omNode-1@group-523986131536->omNode-3-AppendLogResponseHandler: Failed appendEntries: org.apache.ratis.thirdparty.io.grpc.StatusRuntimeException: UNAVAILABLE: io exception
2022-05-11 01:31:03,286 [grpc-default-executor-0] INFO  leader.FollowerInfo (FollowerInfoImpl.java:lambda$new$0(47)) - omNode-1@group-523986131536->omNode-3: nextIndex: updateUnconditionally 431 -> 45
2022-05-11 01:31:03,288 [grpc-default-executor-0] WARN  server.GrpcLogAppender (LogUtils.java:warn(122)) - omNode-1@group-523986131536->omNode-3-AppendLogResponseHandler: Failed appendEntries: org.apache.ratis.thirdparty.io.grpc.StatusRuntimeException: UNAVAILABLE: io exception
2022-05-11 01:31:03,288 [grpc-default-executor-0] INFO  leader.FollowerInfo (FollowerInfoImpl.java:lambda$new$0(47)) - omNode-1@group-523986131536->omNode-3: nextIndex: updateUnconditionally 431 -> 45
2022-05-11 01:31:03,304 [grpc-default-executor-0] WARN  server.GrpcLogAppender (LogUtils.java:warn(122)) - omNode-1@group-523986131536->omNode-3-AppendLogResponseHandler: Failed appendEntries: org.apache.ratis.thirdparty.io.grpc.StatusRuntimeException: UNAVAILABLE: io exception
2022-05-11 01:31:03,304 [grpc-default-executor-0] INFO  leader.FollowerInfo (FollowerInfoImpl.java:lambda$new$0(47)) - omNode-1@group-523986131536->omNode-3: nextIndex: updateUnconditionally 432 -> 45
2022-05-11 01:31:03,312 [grpc-default-executor-0] WARN  server.GrpcLogAppender (LogUtils.java:warn(122)) - omNode-1@group-523986131536->omNode-3-AppendLogResponseHandler: Failed appendEntries: org.apache.ratis.thirdparty.io.grpc.StatusRuntimeException: UNAVAILABLE: io exception
2022-05-11 01:31:03,312 [grpc-default-executor-0] INFO  leader.FollowerInfo (FollowerInfoImpl.java:lambda$new$0(47)) - omNode-1@group-523986131536->omNode-3: nextIndex: updateUnconditionally 432 -> 45
2022-05-11 01:31:03,315 [grpc-default-executor-2] WARN  server.GrpcLogAppender (LogUtils.java:warn(122)) - omNode-1@group-523986131536->omNode-3-AppendLogResponseHandler: Failed appendEntries: org.apache.ratis.thirdparty.io.grpc.StatusRuntimeException: UNAVAILABLE: io exception
2022-05-11 01:31:03,315 [grpc-default-executor-2] INFO  leader.FollowerInfo (FollowerInfoImpl.java:lambda$new$0(47)) - omNode-1@group-523986131536->omNode-3: nextIndex: updateUnconditionally 433 -> 45
2022-05-11 01:31:03,325 [grpc-default-executor-2] WARN  server.GrpcLogAppender (LogUtils.java:warn(122)) - omNode-1@group-523986131536->omNode-3-AppendLogResponseHandler: Failed appendEntries: org.apache.ratis.thirdparty.io.grpc.StatusRuntimeException: UNAVAILABLE: io exception
2022-05-11 01:31:03,325 [grpc-default-executor-2] INFO  leader.FollowerInfo (FollowerInfoImpl.java:lambda$new$0(47)) - omNode-1@group-523986131536->omNode-3: nextIndex: updateUnconditionally 433 -> 45
2022-05-11 01:31:03,327 [grpc-default-executor-2] WARN  server.GrpcLogAppender (LogUtils.java:warn(122)) - omNode-1@group-523986131536->omNode-3-AppendLogResponseHandler: Failed appendEntries: org.apache.ratis.thirdparty.io.grpc.StatusRuntimeException: UNAVAILABLE: io exception
2022-05-11 01:31:03,327 [grpc-default-executor-2] INFO  leader.FollowerInfo (FollowerInfoImpl.java:lambda$new$0(47)) - omNode-1@group-523986131536->omNode-3: nextIndex: updateUnconditionally 433 -> 45
2022-05-11 01:31:03,336 [grpc-default-executor-2] WARN  server.GrpcLogAppender (LogUtils.java:warn(122)) - omNode-1@group-523986131536->omNode-3-AppendLogResponseHandler: Failed appendEntries: org.apache.ratis.thirdparty.io.grpc.StatusRuntimeException: UNAVAILABLE: io exception
2022-05-11 01:31:03,336 [grpc-default-executor-2] INFO  leader.FollowerInfo (FollowerInfoImpl.java:lambda$new$0(47)) - omNode-1@group-523986131536->omNode-3: nextIndex: updateUnconditionally 434 -> 45
2022-05-11 01:31:03,368 [grpc-default-executor-2] WARN  server.GrpcLogAppender (LogUtils.java:warn(122)) - omNode-1@group-523986131536->omNode-3-AppendLogResponseHandler: Failed appendEntries: org.apache.ratis.thirdparty.io.grpc.StatusRuntimeException: UNAVAILABLE: io exception
2022-05-11 01:31:03,368 [grpc-default-executor-2] INFO  leader.FollowerInfo (FollowerInfoImpl.java:lambda$new$0(47)) - omNode-1@group-523986131536->omNode-3: nextIndex: updateUnconditionally 435 -> 45
2022-05-11 01:31:03,383 [grpc-default-executor-2] WARN  server.GrpcLogAppender (LogUtils.java:warn(122)) - omNode-1@group-523986131536->omNode-3-AppendLogResponseHandler: Failed appendEntries: org.apache.ratis.thirdparty.io.grpc.StatusRuntimeException: UNAVAILABLE: io exception
2022-05-11 01:31:03,383 [grpc-default-executor-2] INFO  leader.FollowerInfo (FollowerInfoImpl.java:lambda$new$0(47)) - omNode-1@group-523986131536->omNode-3: nextIndex: updateUnconditionally 436 -> 45
2022-05-11 01:31:03,392 [grpc-default-executor-2] WARN  server.GrpcLogAppender (LogUtils.java:warn(122)) - omNode-1@group-523986131536->omNode-3-AppendLogResponseHandler: Failed appendEntries: org.apache.ratis.thirdparty.io.grpc.StatusRuntimeException: UNAVAILABLE: io exception
2022-05-11 01:31:03,392 [grpc-default-executor-2] INFO  leader.FollowerInfo (FollowerInfoImpl.java:lambda$new$0(47)) - omNode-1@group-523986131536->omNode-3: nextIndex: updateUnconditionally 436 -> 45
2022-05-11 01:31:03,395 [grpc-default-executor-0] WARN  server.GrpcLogAppender (LogUtils.java:warn(122)) - omNode-1@group-523986131536->omNode-3-AppendLogResponseHandler: Failed appendEntries: org.apache.ratis.thirdparty.io.grpc.StatusRuntimeException: UNAVAILABLE: io exception
2022-05-11 01:31:03,396 [grpc-default-executor-0] INFO  leader.FollowerInfo (FollowerInfoImpl.java:lambda$new$0(47)) - omNode-1@group-523986131536->omNode-3: nextIndex: updateUnconditionally 438 -> 45
2022-05-11 01:31:03,399 [grpc-default-executor-2] WARN  server.GrpcLogAppender (LogUtils.java:warn(122)) - omNode-1@group-523986131536->omNode-3-AppendLogResponseHandler: Failed appendEntries: org.apache.ratis.thirdparty.io.grpc.StatusRuntimeException: UNAVAILABLE: io exception
2022-05-11 01:31:03,399 [grpc-default-executor-2] INFO  leader.FollowerInfo (FollowerInfoImpl.java:lambda$new$0(47)) - omNode-1@group-523986131536->omNode-3: nextIndex: updateUnconditionally 438 -> 45
2022-05-11 01:31:03,400 [grpc-default-executor-2] WARN  server.GrpcLogAppender (LogUtils.java:warn(122)) - omNode-1@group-523986131536->omNode-3-AppendLogResponseHandler: Failed appendEntries: org.apache.ratis.thirdparty.io.grpc.StatusRuntimeException: UNAVAILABLE: io exception
2022-05-11 01:31:03,401 [grpc-default-executor-2] INFO  leader.FollowerInfo (FollowerInfoImpl.java:lambda$new$0(47)) - omNode-1@group-523986131536->omNode-3: nextIndex: updateUnconditionally 438 -> 45
2022-05-11 01:31:03,406 [grpc-default-executor-2] WARN  server.GrpcLogAppender (LogUtils.java:warn(122)) - omNode-1@group-523986131536->omNode-3-AppendLogResponseHandler: Failed appendEntries: org.apache.ratis.thirdparty.io.grpc.StatusRuntimeException: UNAVAILABLE: io exception
2022-05-11 01:31:03,406 [grpc-default-executor-2] INFO  leader.FollowerInfo (FollowerInfoImpl.java:lambda$new$0(47)) - omNode-1@group-523986131536->omNode-3: nextIndex: updateUnconditionally 439 -> 45
2022-05-11 01:31:03,414 [grpc-default-executor-2] WARN  server.GrpcLogAppender (LogUtils.java:warn(122)) - omNode-1@group-523986131536->omNode-3-AppendLogResponseHandler: Failed appendEntries: org.apache.ratis.thirdparty.io.grpc.StatusRuntimeException: UNAVAILABLE: io exception
2022-05-11 01:31:03,414 [grpc-default-executor-2] INFO  leader.FollowerInfo (FollowerInfoImpl.java:lambda$new$0(47)) - omNode-1@group-523986131536->omNode-3: nextIndex: updateUnconditionally 439 -> 45
2022-05-11 01:31:03,416 [grpc-default-executor-2] WARN  server.GrpcLogAppender (LogUtils.java:warn(122)) - omNode-1@group-523986131536->omNode-3-AppendLogResponseHandler: Failed appendEntries: org.apache.ratis.thirdparty.io.grpc.StatusRuntimeException: UNAVAILABLE: io exception
2022-05-11 01:31:03,416 [grpc-default-executor-2] INFO  leader.FollowerInfo (FollowerInfoImpl.java:lambda$new$0(47)) - omNode-1@group-523986131536->omNode-3: nextIndex: updateUnconditionally 439 -> 45
2022-05-11 01:31:03,421 [grpc-default-executor-2] WARN  server.GrpcLogAppender (LogUtils.java:warn(122)) - omNode-1@group-523986131536->omNode-3-AppendLogResponseHandler: Failed appendEntries: org.apache.ratis.thirdparty.io.grpc.StatusRuntimeException: UNAVAILABLE: io exception
2022-05-11 01:31:03,422 [grpc-default-executor-2] INFO  leader.FollowerInfo (FollowerInfoImpl.java:lambda$new$0(47)) - omNode-1@group-523986131536->omNode-3: nextIndex: updateUnconditionally 440 -> 45
2022-05-11 01:31:03,429 [grpc-default-executor-2] WARN  server.GrpcLogAppender (LogUtils.java:warn(122)) - omNode-1@group-523986131536->omNode-3-AppendLogResponseHandler: Failed appendEntries: org.apache.ratis.thirdparty.io.grpc.StatusRuntimeException: UNAVAILABLE: io exception
2022-05-11 01:31:03,429 [grpc-default-executor-2] INFO  leader.FollowerInfo (FollowerInfoImpl.java:lambda$new$0(47)) - omNode-1@group-523986131536->omNode-3: nextIndex: updateUnconditionally 440 -> 45
2022-05-11 01:31:03,432 [grpc-default-executor-2] WARN  server.GrpcLogAppender (LogUtils.java:warn(122)) - omNode-1@group-523986131536->omNode-3-AppendLogResponseHandler: Failed appendEntries: org.apache.ratis.thirdparty.io.grpc.StatusRuntimeException: UNAVAILABLE: io exception
2022-05-11 01:31:03,432 [grpc-default-executor-2] INFO  leader.FollowerInfo (FollowerInfoImpl.java:lambda$new$0(47)) - omNode-1@group-523986131536->omNode-3: nextIndex: updateUnconditionally 442 -> 45
2022-05-11 01:31:03,439 [grpc-default-executor-2] WARN  server.GrpcLogAppender (LogUtils.java:warn(122)) - omNode-1@group-523986131536->omNode-3-AppendLogResponseHandler: Failed appendEntries: org.apache.ratis.thirdparty.io.grpc.StatusRuntimeException: UNAVAILABLE: io exception
2022-05-11 01:31:03,439 [grpc-default-executor-2] INFO  leader.FollowerInfo (FollowerInfoImpl.java:lambda$new$0(47)) - omNode-1@group-523986131536->omNode-3: nextIndex: updateUnconditionally 442 -> 45
2022-05-11 01:31:03,441 [grpc-default-executor-2] WARN  server.GrpcLogAppender (LogUtils.java:warn(122)) - omNode-1@group-523986131536->omNode-3-AppendLogResponseHandler: Failed appendEntries: org.apache.ratis.thirdparty.io.grpc.StatusRuntimeException: UNAVAILABLE: io exception
2022-05-11 01:31:03,441 [grpc-default-executor-2] INFO  leader.FollowerInfo (FollowerInfoImpl.java:lambda$new$0(47)) - omNode-1@group-523986131536->omNode-3: nextIndex: updateUnconditionally 442 -> 45
2022-05-11 01:31:03,459 [grpc-default-executor-2] WARN  server.GrpcLogAppender (LogUtils.java:warn(122)) - omNode-1@group-523986131536->omNode-3-AppendLogResponseHandler: Failed appendEntries: org.apache.ratis.thirdparty.io.grpc.StatusRuntimeException: UNAVAILABLE: io exception
2022-05-11 01:31:03,460 [grpc-default-executor-2] INFO  leader.FollowerInfo (FollowerInfoImpl.java:lambda$new$0(47)) - omNode-1@group-523986131536->omNode-3: nextIndex: updateUnconditionally 443 -> 45
2022-05-11 01:31:03,473 [grpc-default-executor-0] WARN  server.GrpcLogAppender (LogUtils.java:warn(122)) - omNode-1@group-523986131536->omNode-3-AppendLogResponseHandler: Failed appendEntries: org.apache.ratis.thirdparty.io.grpc.StatusRuntimeException: UNAVAILABLE: io exception
2022-05-11 01:31:03,473 [grpc-default-executor-0] INFO  leader.FollowerInfo (FollowerInfoImpl.java:lambda$new$0(47)) - omNode-1@group-523986131536->omNode-3: nextIndex: updateUnconditionally 443 -> 45
2022-05-11 01:31:03,475 [grpc-default-executor-0] WARN  server.GrpcLogAppender (LogUtils.java:warn(122)) - omNode-1@group-523986131536->omNode-3-AppendLogResponseHandler: Failed appendEntries: org.apache.ratis.thirdparty.io.grpc.StatusRuntimeException: UNAVAILABLE: io exception
2022-05-11 01:31:03,475 [grpc-default-executor-0] INFO  leader.FollowerInfo (FollowerInfoImpl.java:lambda$new$0(47)) - omNode-1@group-523986131536->omNode-3: nextIndex: updateUnconditionally 443 -> 45
2022-05-11 01:31:03,481 [grpc-default-executor-2] WARN  server.GrpcLogAppender (LogUtils.java:warn(122)) - omNode-1@group-523986131536->omNode-3-AppendLogResponseHandler: Failed appendEntries: org.apache.ratis.thirdparty.io.grpc.StatusRuntimeException: UNAVAILABLE: io exception
2022-05-11 01:31:03,481 [grpc-default-executor-2] INFO  leader.FollowerInfo (FollowerInfoImpl.java:lambda$new$0(47)) - omNode-1@group-523986131536->omNode-3: nextIndex: updateUnconditionally 444 -> 45
2022-05-11 01:31:03,492 [grpc-default-executor-2] WARN  server.GrpcLogAppender (LogUtils.java:warn(122)) - omNode-1@group-523986131536->omNode-3-AppendLogResponseHandler: Failed appendEntries: org.apache.ratis.thirdparty.io.grpc.StatusRuntimeException: UNAVAILABLE: io exception
2022-05-11 01:31:03,492 [grpc-default-executor-2] INFO  leader.FollowerInfo (FollowerInfoImpl.java:lambda$new$0(47)) - omNode-1@group-523986131536->omNode-3: nextIndex: updateUnconditionally 444 -> 45
2022-05-11 01:31:03,497 [grpc-default-executor-2] WARN  server.GrpcLogAppender (LogUtils.java:warn(122)) - omNode-1@group-523986131536->omNode-3-AppendLogResponseHandler: Failed appendEntries: org.apache.ratis.thirdparty.io.grpc.StatusRuntimeException: UNAVAILABLE: io exception
2022-05-11 01:31:03,498 [grpc-default-executor-2] INFO  leader.FollowerInfo (FollowerInfoImpl.java:lambda$new$0(47)) - omNode-1@group-523986131536->omNode-3: nextIndex: updateUnconditionally 445 -> 45
2022-05-11 01:31:03,504 [grpc-default-executor-0] WARN  server.GrpcLogAppender (LogUtils.java:warn(122)) - omNode-1@group-523986131536->omNode-3-AppendLogResponseHandler: Failed appendEntries: org.apache.ratis.thirdparty.io.grpc.StatusRuntimeException: UNAVAILABLE: io exception
2022-05-11 01:31:03,504 [grpc-default-executor-0] INFO  leader.FollowerInfo (FollowerInfoImpl.java:lambda$new$0(47)) - omNode-1@group-523986131536->omNode-3: nextIndex: updateUnconditionally 446 -> 45
2022-05-11 01:31:03,514 [grpc-default-executor-0] WARN  server.GrpcLogAppender (LogUtils.java:warn(122)) - omNode-1@group-523986131536->omNode-3-AppendLogResponseHandler: Failed appendEntries: org.apache.ratis.thirdparty.io.grpc.StatusRuntimeException: UNAVAILABLE: io exception
2022-05-11 01:31:03,514 [grpc-default-executor-0] INFO  leader.FollowerInfo (FollowerInfoImpl.java:lambda$new$0(47)) - omNode-1@group-523986131536->omNode-3: nextIndex: updateUnconditionally 447 -> 45
2022-05-11 01:31:03,532 [grpc-default-executor-0] WARN  server.GrpcLogAppender (LogUtils.java:warn(122)) - omNode-1@group-523986131536->omNode-3-AppendLogResponseHandler: Failed appendEntries: org.apache.ratis.thirdparty.io.grpc.StatusRuntimeException: UNAVAILABLE: io exception
2022-05-11 01:31:03,532 [grpc-default-executor-0] INFO  leader.FollowerInfo (FollowerInfoImpl.java:lambda$new$0(47)) - omNode-1@group-523986131536->omNode-3: nextIndex: updateUnconditionally 447 -> 45
2022-05-11 01:31:03,557 [grpc-default-executor-0] WARN  server.GrpcLogAppender (LogUtils.java:warn(122)) - omNode-1@group-523986131536->omNode-3-AppendLogResponseHandler: Failed appendEntries: org.apache.ratis.thirdparty.io.grpc.StatusRuntimeException: UNAVAILABLE: io exception
2022-05-11 01:31:03,557 [grpc-default-executor-0] INFO  leader.FollowerInfo (FollowerInfoImpl.java:lambda$new$0(47)) - omNode-1@group-523986131536->omNode-3: nextIndex: updateUnconditionally 448 -> 45
2022-05-11 01:31:03,570 [grpc-default-executor-0] WARN  server.GrpcLogAppender (LogUtils.java:warn(122)) - omNode-1@group-523986131536->omNode-3-AppendLogResponseHandler: Failed appendEntries: org.apache.ratis.thirdparty.io.grpc.StatusRuntimeException: UNAVAILABLE: io exception
2022-05-11 01:31:03,571 [grpc-default-executor-0] INFO  leader.FollowerInfo (FollowerInfoImpl.java:lambda$new$0(47)) - omNode-1@group-523986131536->omNode-3: nextIndex: updateUnconditionally 448 -> 45
2022-05-11 01:31:03,588 [grpc-default-executor-0] WARN  server.GrpcLogAppender (LogUtils.java:warn(122)) - omNode-1@group-523986131536->omNode-3-AppendLogResponseHandler: Failed appendEntries: org.apache.ratis.thirdparty.io.grpc.StatusRuntimeException: UNAVAILABLE: io exception
2022-05-11 01:31:03,588 [grpc-default-executor-0] INFO  leader.FollowerInfo (FollowerInfoImpl.java:lambda$new$0(47)) - omNode-1@group-523986131536->omNode-3: nextIndex: updateUnconditionally 450 -> 45
2022-05-11 01:31:03,590 [grpc-default-executor-0] WARN  server.GrpcLogAppender (LogUtils.java:warn(122)) - omNode-1@group-523986131536->omNode-3-AppendLogResponseHandler: Failed appendEntries: org.apache.ratis.thirdparty.io.grpc.StatusRuntimeException: UNAVAILABLE: io exception
2022-05-11 01:31:03,590 [grpc-default-executor-0] INFO  leader.FollowerInfo (FollowerInfoImpl.java:lambda$new$0(47)) - omNode-1@group-523986131536->omNode-3: nextIndex: updateUnconditionally 451 -> 45
2022-05-11 01:31:03,591 [omNode-1@group-523986131536-StateMachineUpdater] INFO  ratis.OzoneManagerStateMachine (OzoneManagerStateMachine.java:takeSnapshot(436)) - Current Snapshot Index (t:2, i:448)
2022-05-11 01:31:03,591 [omNode-1@group-523986131536-StateMachineUpdater] INFO  impl.StateMachineUpdater (StateMachineUpdater.java:takeSnapshot(281)) - omNode-1@group-523986131536-StateMachineUpdater: Took a snapshot at index 448
2022-05-11 01:31:03,591 [omNode-1@group-523986131536-StateMachineUpdater] INFO  impl.StateMachineUpdater (StateMachineUpdater.java:lambda$new$0(89)) - omNode-1@group-523986131536-StateMachineUpdater: snapshotIndex: updateIncreasingly 399 -> 448
2022-05-11 01:31:03,599 [omNode-2@group-523986131536-StateMachineUpdater] INFO  ratis.OzoneManagerStateMachine (OzoneManagerStateMachine.java:takeSnapshot(436)) - Current Snapshot Index (t:2, i:448)
2022-05-11 01:31:03,599 [omNode-2@group-523986131536-StateMachineUpdater] INFO  impl.StateMachineUpdater (StateMachineUpdater.java:takeSnapshot(281)) - omNode-2@group-523986131536-StateMachineUpdater: Took a snapshot at index 449
2022-05-11 01:31:03,599 [omNode-2@group-523986131536-StateMachineUpdater] INFO  impl.StateMachineUpdater (StateMachineUpdater.java:lambda$new$0(89)) - omNode-2@group-523986131536-StateMachineUpdater: snapshotIndex: updateIncreasingly 399 -> 449
2022-05-11 01:31:03,599 [omNode-2@group-523986131536-StateMachineUpdater] INFO  raftlog.RaftLog (RaftLogBase.java:purge(306)) - omNode-2@group-523986131536-SegmentedRaftLog: purge 449
2022-05-11 01:31:03,599 [omNode-2@group-523986131536-StateMachineUpdater] INFO  raftlog.RaftLog (RaftLogBase.java:lambda$new$0(53)) - omNode-2@group-523986131536-SegmentedRaftLog: snapshotIndex: updateIncreasingly 399 -> 449
2022-05-11 01:31:03,599 [omNode-2@group-523986131536-StateMachineUpdater] INFO  raftlog.RaftLog (RaftLogBase.java:lambda$new$0(53)) - omNode-2@group-523986131536-SegmentedRaftLog: purgeIndex: updateToMax old=399, new=449, updated? true
2022-05-11 01:31:03,601 [grpc-default-executor-0] WARN  server.GrpcLogAppender (LogUtils.java:warn(122)) - omNode-1@group-523986131536->omNode-3-AppendLogResponseHandler: Failed appendEntries: org.apache.ratis.thirdparty.io.grpc.StatusRuntimeException: UNAVAILABLE: io exception
2022-05-11 01:31:03,601 [grpc-default-executor-0] INFO  leader.FollowerInfo (FollowerInfoImpl.java:lambda$new$0(47)) - omNode-1@group-523986131536->omNode-3: nextIndex: updateUnconditionally 451 -> 45
2022-05-11 01:31:03,619 [grpc-default-executor-0] WARN  server.GrpcLogAppender (LogUtils.java:warn(122)) - omNode-1@group-523986131536->omNode-3-AppendLogResponseHandler: Failed appendEntries: org.apache.ratis.thirdparty.io.grpc.StatusRuntimeException: UNAVAILABLE: io exception
2022-05-11 01:31:03,619 [grpc-default-executor-0] INFO  leader.FollowerInfo (FollowerInfoImpl.java:lambda$new$0(47)) - omNode-1@group-523986131536->omNode-3: nextIndex: updateUnconditionally 452 -> 45
2022-05-11 01:31:03,629 [grpc-default-executor-0] WARN  server.GrpcLogAppender (LogUtils.java:warn(122)) - omNode-1@group-523986131536->omNode-3-AppendLogResponseHandler: Failed appendEntries: org.apache.ratis.thirdparty.io.grpc.StatusRuntimeException: UNAVAILABLE: io exception
2022-05-11 01:31:03,630 [grpc-default-executor-0] INFO  leader.FollowerInfo (FollowerInfoImpl.java:lambda$new$0(47)) - omNode-1@group-523986131536->omNode-3: nextIndex: updateUnconditionally 453 -> 45
2022-05-11 01:31:03,634 [grpc-default-executor-0] WARN  server.GrpcLogAppender (LogUtils.java:warn(122)) - omNode-1@group-523986131536->omNode-3-AppendLogResponseHandler: Failed appendEntries: org.apache.ratis.thirdparty.io.grpc.StatusRuntimeException: UNAVAILABLE: io exception
2022-05-11 01:31:03,634 [grpc-default-executor-0] INFO  leader.FollowerInfo (FollowerInfoImpl.java:lambda$new$0(47)) - omNode-1@group-523986131536->omNode-3: nextIndex: updateUnconditionally 454 -> 45
2022-05-11 01:31:03,644 [grpc-default-executor-0] WARN  server.GrpcLogAppender (LogUtils.java:warn(122)) - omNode-1@group-523986131536->omNode-3-AppendLogResponseHandler: Failed appendEntries: org.apache.ratis.thirdparty.io.grpc.StatusRuntimeException: UNAVAILABLE: io exception
2022-05-11 01:31:03,644 [grpc-default-executor-0] INFO  leader.FollowerInfo (FollowerInfoImpl.java:lambda$new$0(47)) - omNode-1@group-523986131536->omNode-3: nextIndex: updateUnconditionally 455 -> 45
2022-05-11 01:31:03,653 [grpc-default-executor-0] WARN  server.GrpcLogAppender (LogUtils.java:warn(122)) - omNode-1@group-523986131536->omNode-3-AppendLogResponseHandler: Failed appendEntries: org.apache.ratis.thirdparty.io.grpc.StatusRuntimeException: UNAVAILABLE: io exception
2022-05-11 01:31:03,653 [grpc-default-executor-0] INFO  leader.FollowerInfo (FollowerInfoImpl.java:lambda$new$0(47)) - omNode-1@group-523986131536->omNode-3: nextIndex: updateUnconditionally 455 -> 45
2022-05-11 01:31:03,655 [grpc-default-executor-0] WARN  server.GrpcLogAppender (LogUtils.java:warn(122)) - omNode-1@group-523986131536->omNode-3-AppendLogResponseHandler: Failed appendEntries: org.apache.ratis.thirdparty.io.grpc.StatusRuntimeException: UNAVAILABLE: io exception
2022-05-11 01:31:03,655 [grpc-default-executor-0] INFO  leader.FollowerInfo (FollowerInfoImpl.java:lambda$new$0(47)) - omNode-1@group-523986131536->omNode-3: nextIndex: updateUnconditionally 455 -> 45
2022-05-11 01:31:03,666 [grpc-default-executor-0] WARN  server.GrpcLogAppender (LogUtils.java:warn(122)) - omNode-1@group-523986131536->omNode-3-AppendLogResponseHandler: Failed appendEntries: org.apache.ratis.thirdparty.io.grpc.StatusRuntimeException: UNAVAILABLE: io exception
2022-05-11 01:31:03,666 [grpc-default-executor-0] INFO  leader.FollowerInfo (FollowerInfoImpl.java:lambda$new$0(47)) - omNode-1@group-523986131536->omNode-3: nextIndex: updateUnconditionally 456 -> 45
2022-05-11 01:31:03,675 [grpc-default-executor-0] WARN  server.GrpcLogAppender (LogUtils.java:warn(122)) - omNode-1@group-523986131536->omNode-3-AppendLogResponseHandler: Failed appendEntries: org.apache.ratis.thirdparty.io.grpc.StatusRuntimeException: UNAVAILABLE: io exception
2022-05-11 01:31:03,675 [grpc-default-executor-0] INFO  leader.FollowerInfo (FollowerInfoImpl.java:lambda$new$0(47)) - omNode-1@group-523986131536->omNode-3: nextIndex: updateUnconditionally 456 -> 45
2022-05-11 01:31:03,679 [grpc-default-executor-0] WARN  server.GrpcLogAppender (LogUtils.java:warn(122)) - omNode-1@group-523986131536->omNode-3-AppendLogResponseHandler: Failed appendEntries: org.apache.ratis.thirdparty.io.grpc.StatusRuntimeException: UNAVAILABLE: io exception
2022-05-11 01:31:03,679 [grpc-default-executor-0] INFO  leader.FollowerInfo (FollowerInfoImpl.java:lambda$new$0(47)) - omNode-1@group-523986131536->omNode-3: nextIndex: updateUnconditionally 458 -> 45
2022-05-11 01:31:03,688 [grpc-default-executor-0] WARN  server.GrpcLogAppender (LogUtils.java:warn(122)) - omNode-1@group-523986131536->omNode-3-AppendLogResponseHandler: Failed appendEntries: org.apache.ratis.thirdparty.io.grpc.StatusRuntimeException: UNAVAILABLE: io exception
2022-05-11 01:31:03,688 [grpc-default-executor-0] INFO  leader.FollowerInfo (FollowerInfoImpl.java:lambda$new$0(47)) - omNode-1@group-523986131536->omNode-3: nextIndex: updateUnconditionally 458 -> 45
2022-05-11 01:31:03,689 [grpc-default-executor-0] WARN  server.GrpcLogAppender (LogUtils.java:warn(122)) - omNode-1@group-523986131536->omNode-3-AppendLogResponseHandler: Failed appendEntries: org.apache.ratis.thirdparty.io.grpc.StatusRuntimeException: UNAVAILABLE: io exception
2022-05-11 01:31:03,689 [grpc-default-executor-0] INFO  leader.FollowerInfo (FollowerInfoImpl.java:lambda$new$0(47)) - omNode-1@group-523986131536->omNode-3: nextIndex: updateUnconditionally 458 -> 45
2022-05-11 01:31:03,700 [grpc-default-executor-0] WARN  server.GrpcLogAppender (LogUtils.java:warn(122)) - omNode-1@group-523986131536->omNode-3-AppendLogResponseHandler: Failed appendEntries: org.apache.ratis.thirdparty.io.grpc.StatusRuntimeException: UNAVAILABLE: io exception
2022-05-11 01:31:03,701 [grpc-default-executor-0] INFO  leader.FollowerInfo (FollowerInfoImpl.java:lambda$new$0(47)) - omNode-1@group-523986131536->omNode-3: nextIndex: updateUnconditionally 459 -> 45
2022-05-11 01:31:03,719 [grpc-default-executor-0] WARN  server.GrpcLogAppender (LogUtils.java:warn(122)) - omNode-1@group-523986131536->omNode-3-AppendLogResponseHandler: Failed appendEntries: org.apache.ratis.thirdparty.io.grpc.StatusRuntimeException: UNAVAILABLE: io exception
2022-05-11 01:31:03,719 [grpc-default-executor-0] INFO  leader.FollowerInfo (FollowerInfoImpl.java:lambda$new$0(47)) - omNode-1@group-523986131536->omNode-3: nextIndex: updateUnconditionally 459 -> 45
2022-05-11 01:31:03,730 [grpc-default-executor-0] WARN  server.GrpcLogAppender (LogUtils.java:warn(122)) - omNode-1@group-523986131536->omNode-3-AppendLogResponseHandler: Failed appendEntries: org.apache.ratis.thirdparty.io.grpc.StatusRuntimeException: UNAVAILABLE: io exception
2022-05-11 01:31:03,730 [grpc-default-executor-0] INFO  leader.FollowerInfo (FollowerInfoImpl.java:lambda$new$0(47)) - omNode-1@group-523986131536->omNode-3: nextIndex: updateUnconditionally 460 -> 45
2022-05-11 01:31:03,742 [grpc-default-executor-2] WARN  server.GrpcLogAppender (LogUtils.java:warn(122)) - omNode-1@group-523986131536->omNode-3-AppendLogResponseHandler: Failed appendEntries: org.apache.ratis.thirdparty.io.grpc.StatusRuntimeException: UNAVAILABLE: io exception
2022-05-11 01:31:03,743 [grpc-default-executor-2] INFO  leader.FollowerInfo (FollowerInfoImpl.java:lambda$new$0(47)) - omNode-1@group-523986131536->omNode-3: nextIndex: updateUnconditionally 460 -> 45
2022-05-11 01:31:03,755 [grpc-default-executor-2] WARN  server.GrpcLogAppender (LogUtils.java:warn(122)) - omNode-1@group-523986131536->omNode-3-AppendLogResponseHandler: Failed appendEntries: org.apache.ratis.thirdparty.io.grpc.StatusRuntimeException: UNAVAILABLE: io exception
2022-05-11 01:31:03,755 [grpc-default-executor-2] INFO  leader.FollowerInfo (FollowerInfoImpl.java:lambda$new$0(47)) - omNode-1@group-523986131536->omNode-3: nextIndex: updateUnconditionally 462 -> 45
2022-05-11 01:31:03,757 [grpc-default-executor-2] WARN  server.GrpcLogAppender (LogUtils.java:warn(122)) - omNode-1@group-523986131536->omNode-3-AppendLogResponseHandler: Failed appendEntries: org.apache.ratis.thirdparty.io.grpc.StatusRuntimeException: UNAVAILABLE: io exception
2022-05-11 01:31:03,757 [grpc-default-executor-2] INFO  leader.FollowerInfo (FollowerInfoImpl.java:lambda$new$0(47)) - omNode-1@group-523986131536->omNode-3: nextIndex: updateUnconditionally 462 -> 45
2022-05-11 01:31:03,769 [grpc-default-executor-0] WARN  server.GrpcLogAppender (LogUtils.java:warn(122)) - omNode-1@group-523986131536->omNode-3-AppendLogResponseHandler: Failed appendEntries: org.apache.ratis.thirdparty.io.grpc.StatusRuntimeException: UNAVAILABLE: io exception
2022-05-11 01:31:03,770 [grpc-default-executor-0] INFO  leader.FollowerInfo (FollowerInfoImpl.java:lambda$new$0(47)) - omNode-1@group-523986131536->omNode-3: nextIndex: updateUnconditionally 463 -> 45
2022-05-11 01:31:03,782 [grpc-default-executor-0] WARN  server.GrpcLogAppender (LogUtils.java:warn(122)) - omNode-1@group-523986131536->omNode-3-AppendLogResponseHandler: Failed appendEntries: org.apache.ratis.thirdparty.io.grpc.StatusRuntimeException: UNAVAILABLE: io exception
2022-05-11 01:31:03,782 [grpc-default-executor-0] INFO  leader.FollowerInfo (FollowerInfoImpl.java:lambda$new$0(47)) - omNode-1@group-523986131536->omNode-3: nextIndex: updateUnconditionally 463 -> 45
2022-05-11 01:31:03,812 [grpc-default-executor-0] WARN  server.GrpcLogAppender (LogUtils.java:warn(122)) - omNode-1@group-523986131536->omNode-3-AppendLogResponseHandler: Failed appendEntries: org.apache.ratis.thirdparty.io.grpc.StatusRuntimeException: UNAVAILABLE: io exception
2022-05-11 01:31:03,812 [grpc-default-executor-0] INFO  leader.FollowerInfo (FollowerInfoImpl.java:lambda$new$0(47)) - omNode-1@group-523986131536->omNode-3: nextIndex: updateUnconditionally 464 -> 45
2022-05-11 01:31:03,823 [grpc-default-executor-0] WARN  server.GrpcLogAppender (LogUtils.java:warn(122)) - omNode-1@group-523986131536->omNode-3-AppendLogResponseHandler: Failed appendEntries: org.apache.ratis.thirdparty.io.grpc.StatusRuntimeException: UNAVAILABLE: io exception
2022-05-11 01:31:03,824 [grpc-default-executor-0] INFO  leader.FollowerInfo (FollowerInfoImpl.java:lambda$new$0(47)) - omNode-1@group-523986131536->omNode-3: nextIndex: updateUnconditionally 465 -> 45
2022-05-11 01:31:03,828 [grpc-default-executor-0] WARN  server.GrpcLogAppender (LogUtils.java:warn(122)) - omNode-1@group-523986131536->omNode-3-AppendLogResponseHandler: Failed appendEntries: org.apache.ratis.thirdparty.io.grpc.StatusRuntimeException: UNAVAILABLE: io exception
2022-05-11 01:31:03,829 [grpc-default-executor-0] INFO  leader.FollowerInfo (FollowerInfoImpl.java:lambda$new$0(47)) - omNode-1@group-523986131536->omNode-3: nextIndex: updateUnconditionally 466 -> 45
2022-05-11 01:31:03,837 [grpc-default-executor-0] WARN  server.GrpcLogAppender (LogUtils.java:warn(122)) - omNode-1@group-523986131536->omNode-3-AppendLogResponseHandler: Failed appendEntries: org.apache.ratis.thirdparty.io.grpc.StatusRuntimeException: UNAVAILABLE: io exception
2022-05-11 01:31:03,838 [grpc-default-executor-0] INFO  leader.FollowerInfo (FollowerInfoImpl.java:lambda$new$0(47)) - omNode-1@group-523986131536->omNode-3: nextIndex: updateUnconditionally 466 -> 45
2022-05-11 01:31:03,840 [grpc-default-executor-0] WARN  server.GrpcLogAppender (LogUtils.java:warn(122)) - omNode-1@group-523986131536->omNode-3-AppendLogResponseHandler: Failed appendEntries: org.apache.ratis.thirdparty.io.grpc.StatusRuntimeException: UNAVAILABLE: io exception
2022-05-11 01:31:03,841 [grpc-default-executor-0] INFO  leader.FollowerInfo (FollowerInfoImpl.java:lambda$new$0(47)) - omNode-1@group-523986131536->omNode-3: nextIndex: updateUnconditionally 466 -> 45
2022-05-11 01:31:03,853 [grpc-default-executor-0] WARN  server.GrpcLogAppender (LogUtils.java:warn(122)) - omNode-1@group-523986131536->omNode-3-AppendLogResponseHandler: Failed appendEntries: org.apache.ratis.thirdparty.io.grpc.StatusRuntimeException: UNAVAILABLE: io exception
2022-05-11 01:31:03,853 [grpc-default-executor-0] INFO  leader.FollowerInfo (FollowerInfoImpl.java:lambda$new$0(47)) - omNode-1@group-523986131536->omNode-3: nextIndex: updateUnconditionally 467 -> 45
2022-05-11 01:31:03,869 [grpc-default-executor-2] WARN  server.GrpcLogAppender (LogUtils.java:warn(122)) - omNode-1@group-523986131536->omNode-3-AppendLogResponseHandler: Failed appendEntries: org.apache.ratis.thirdparty.io.grpc.StatusRuntimeException: UNAVAILABLE: io exception
2022-05-11 01:31:03,869 [grpc-default-executor-2] INFO  leader.FollowerInfo (FollowerInfoImpl.java:lambda$new$0(47)) - omNode-1@group-523986131536->omNode-3: nextIndex: updateUnconditionally 467 -> 45
2022-05-11 01:31:03,871 [grpc-default-executor-2] WARN  server.GrpcLogAppender (LogUtils.java:warn(122)) - omNode-1@group-523986131536->omNode-3-AppendLogResponseHandler: Failed appendEntries: org.apache.ratis.thirdparty.io.grpc.StatusRuntimeException: UNAVAILABLE: io exception
2022-05-11 01:31:03,871 [grpc-default-executor-2] INFO  leader.FollowerInfo (FollowerInfoImpl.java:lambda$new$0(47)) - omNode-1@group-523986131536->omNode-3: nextIndex: updateUnconditionally 467 -> 45
2022-05-11 01:31:03,899 [grpc-default-executor-0] WARN  server.GrpcLogAppender (LogUtils.java:warn(122)) - omNode-1@group-523986131536->omNode-3-AppendLogResponseHandler: Failed appendEntries: org.apache.ratis.thirdparty.io.grpc.StatusRuntimeException: UNAVAILABLE: io exception
2022-05-11 01:31:03,900 [grpc-default-executor-0] INFO  leader.FollowerInfo (FollowerInfoImpl.java:lambda$new$0(47)) - omNode-1@group-523986131536->omNode-3: nextIndex: updateUnconditionally 468 -> 45
2022-05-11 01:31:03,925 [grpc-default-executor-2] WARN  server.GrpcLogAppender (LogUtils.java:warn(122)) - omNode-1@group-523986131536->omNode-3-AppendLogResponseHandler: Failed appendEntries: org.apache.ratis.thirdparty.io.grpc.StatusRuntimeException: UNAVAILABLE: io exception
2022-05-11 01:31:03,925 [grpc-default-executor-2] INFO  leader.FollowerInfo (FollowerInfoImpl.java:lambda$new$0(47)) - omNode-1@group-523986131536->omNode-3: nextIndex: updateUnconditionally 468 -> 45
2022-05-11 01:31:03,927 [EndpointStateMachine task thread for /0.0.0.0:46775 - 0 ] INFO  ipc.Client (Client.java:handleConnectionFailure(977)) - Retrying connect to server: 0.0.0.0/0.0.0.0:46775. Already tried 7 time(s); retry policy is RetryUpToMaximumCountWithFixedSleep(maxRetries=15, sleepTime=1000 MILLISECONDS)
2022-05-11 01:31:03,934 [grpc-default-executor-2] WARN  server.GrpcLogAppender (LogUtils.java:warn(122)) - omNode-1@group-523986131536->omNode-3-AppendLogResponseHandler: Failed appendEntries: org.apache.ratis.thirdparty.io.grpc.StatusRuntimeException: UNAVAILABLE: io exception
2022-05-11 01:31:03,934 [grpc-default-executor-2] INFO  leader.FollowerInfo (FollowerInfoImpl.java:lambda$new$0(47)) - omNode-1@group-523986131536->omNode-3: nextIndex: updateUnconditionally 470 -> 45
2022-05-11 01:31:03,942 [grpc-default-executor-2] WARN  server.GrpcLogAppender (LogUtils.java:warn(122)) - omNode-1@group-523986131536->omNode-3-AppendLogResponseHandler: Failed appendEntries: org.apache.ratis.thirdparty.io.grpc.StatusRuntimeException: UNAVAILABLE: io exception
2022-05-11 01:31:03,942 [grpc-default-executor-2] INFO  leader.FollowerInfo (FollowerInfoImpl.java:lambda$new$0(47)) - omNode-1@group-523986131536->omNode-3: nextIndex: updateUnconditionally 470 -> 45
2022-05-11 01:31:03,944 [grpc-default-executor-2] WARN  server.GrpcLogAppender (LogUtils.java:warn(122)) - omNode-1@group-523986131536->omNode-3-AppendLogResponseHandler: Failed appendEntries: org.apache.ratis.thirdparty.io.grpc.StatusRuntimeException: UNAVAILABLE: io exception
2022-05-11 01:31:03,944 [grpc-default-executor-2] INFO  leader.FollowerInfo (FollowerInfoImpl.java:lambda$new$0(47)) - omNode-1@group-523986131536->omNode-3: nextIndex: updateUnconditionally 470 -> 45
2022-05-11 01:31:03,950 [grpc-default-executor-2] WARN  server.GrpcLogAppender (LogUtils.java:warn(122)) - omNode-1@group-523986131536->omNode-3-AppendLogResponseHandler: Failed appendEntries: org.apache.ratis.thirdparty.io.grpc.StatusRuntimeException: UNAVAILABLE: io exception
2022-05-11 01:31:03,950 [grpc-default-executor-2] INFO  leader.FollowerInfo (FollowerInfoImpl.java:lambda$new$0(47)) - omNode-1@group-523986131536->omNode-3: nextIndex: updateUnconditionally 471 -> 45
2022-05-11 01:31:03,958 [grpc-default-executor-2] WARN  server.GrpcLogAppender (LogUtils.java:warn(122)) - omNode-1@group-523986131536->omNode-3-AppendLogResponseHandler: Failed appendEntries: org.apache.ratis.thirdparty.io.grpc.StatusRuntimeException: UNAVAILABLE: io exception
2022-05-11 01:31:03,958 [grpc-default-executor-2] INFO  leader.FollowerInfo (FollowerInfoImpl.java:lambda$new$0(47)) - omNode-1@group-523986131536->omNode-3: nextIndex: updateUnconditionally 471 -> 45
2022-05-11 01:31:03,967 [grpc-default-executor-2] WARN  server.GrpcLogAppender (LogUtils.java:warn(122)) - omNode-1@group-523986131536->omNode-3-AppendLogResponseHandler: Failed appendEntries: org.apache.ratis.thirdparty.io.grpc.StatusRuntimeException: UNAVAILABLE: io exception
2022-05-11 01:31:03,968 [grpc-default-executor-2] INFO  leader.FollowerInfo (FollowerInfoImpl.java:lambda$new$0(47)) - omNode-1@group-523986131536->omNode-3: nextIndex: updateUnconditionally 472 -> 45
2022-05-11 01:31:03,982 [grpc-default-executor-2] WARN  server.GrpcLogAppender (LogUtils.java:warn(122)) - omNode-1@group-523986131536->omNode-3-AppendLogResponseHandler: Failed appendEntries: org.apache.ratis.thirdparty.io.grpc.StatusRuntimeException: UNAVAILABLE: io exception
2022-05-11 01:31:03,985 [grpc-default-executor-2] INFO  leader.FollowerInfo (FollowerInfoImpl.java:lambda$new$0(47)) - omNode-1@group-523986131536->omNode-3: nextIndex: updateUnconditionally 472 -> 45
2022-05-11 01:31:03,989 [grpc-default-executor-2] WARN  server.GrpcLogAppender (LogUtils.java:warn(122)) - omNode-1@group-523986131536->omNode-3-AppendLogResponseHandler: Failed appendEntries: org.apache.ratis.thirdparty.io.grpc.StatusRuntimeException: UNAVAILABLE: io exception
2022-05-11 01:31:03,989 [grpc-default-executor-2] INFO  leader.FollowerInfo (FollowerInfoImpl.java:lambda$new$0(47)) - omNode-1@group-523986131536->omNode-3: nextIndex: updateUnconditionally 473 -> 45
2022-05-11 01:31:03,991 [grpc-default-executor-2] WARN  server.GrpcLogAppender (LogUtils.java:warn(122)) - omNode-1@group-523986131536->omNode-3-AppendLogResponseHandler: Failed appendEntries: org.apache.ratis.thirdparty.io.grpc.StatusRuntimeException: UNAVAILABLE: io exception
2022-05-11 01:31:03,991 [grpc-default-executor-2] INFO  leader.FollowerInfo (FollowerInfoImpl.java:lambda$new$0(47)) - omNode-1@group-523986131536->omNode-3: nextIndex: updateUnconditionally 474 -> 45
2022-05-11 01:31:03,997 [grpc-default-executor-2] WARN  server.GrpcLogAppender (LogUtils.java:warn(122)) - omNode-1@group-523986131536->omNode-3-AppendLogResponseHandler: Failed appendEntries: org.apache.ratis.thirdparty.io.grpc.StatusRuntimeException: UNAVAILABLE: io exception
2022-05-11 01:31:03,997 [grpc-default-executor-2] INFO  leader.FollowerInfo (FollowerInfoImpl.java:lambda$new$0(47)) - omNode-1@group-523986131536->omNode-3: nextIndex: updateUnconditionally 474 -> 45
2022-05-11 01:31:04,002 [grpc-default-executor-2] WARN  server.GrpcLogAppender (LogUtils.java:warn(122)) - omNode-1@group-523986131536->omNode-3-AppendLogResponseHandler: Failed appendEntries: org.apache.ratis.thirdparty.io.grpc.StatusRuntimeException: UNAVAILABLE: io exception
2022-05-11 01:31:04,002 [grpc-default-executor-2] INFO  leader.FollowerInfo (FollowerInfoImpl.java:lambda$new$0(47)) - omNode-1@group-523986131536->omNode-3: nextIndex: updateUnconditionally 475 -> 45
2022-05-11 01:31:04,017 [grpc-default-executor-2] WARN  server.GrpcLogAppender (LogUtils.java:warn(122)) - omNode-1@group-523986131536->omNode-3-AppendLogResponseHandler: Failed appendEntries: org.apache.ratis.thirdparty.io.grpc.StatusRuntimeException: UNAVAILABLE: io exception
2022-05-11 01:31:04,018 [grpc-default-executor-2] INFO  leader.FollowerInfo (FollowerInfoImpl.java:lambda$new$0(47)) - omNode-1@group-523986131536->omNode-3: nextIndex: updateUnconditionally 476 -> 45
2022-05-11 01:31:04,035 [grpc-default-executor-2] WARN  server.GrpcLogAppender (LogUtils.java:warn(122)) - omNode-1@group-523986131536->omNode-3-AppendLogResponseHandler: Failed appendEntries: org.apache.ratis.thirdparty.io.grpc.StatusRuntimeException: UNAVAILABLE: io exception
2022-05-11 01:31:04,035 [grpc-default-executor-2] INFO  leader.FollowerInfo (FollowerInfoImpl.java:lambda$new$0(47)) - omNode-1@group-523986131536->omNode-3: nextIndex: updateUnconditionally 477 -> 45
2022-05-11 01:31:04,040 [grpc-default-executor-2] WARN  server.GrpcLogAppender (LogUtils.java:warn(122)) - omNode-1@group-523986131536->omNode-3-AppendLogResponseHandler: Failed appendEntries: org.apache.ratis.thirdparty.io.grpc.StatusRuntimeException: UNAVAILABLE: io exception
2022-05-11 01:31:04,040 [grpc-default-executor-2] INFO  leader.FollowerInfo (FollowerInfoImpl.java:lambda$new$0(47)) - omNode-1@group-523986131536->omNode-3: nextIndex: updateUnconditionally 478 -> 45
2022-05-11 01:31:04,051 [grpc-default-executor-2] WARN  server.GrpcLogAppender (LogUtils.java:warn(122)) - omNode-1@group-523986131536->omNode-3-AppendLogResponseHandler: Failed appendEntries: org.apache.ratis.thirdparty.io.grpc.StatusRuntimeException: UNAVAILABLE: io exception
2022-05-11 01:31:04,051 [grpc-default-executor-2] INFO  leader.FollowerInfo (FollowerInfoImpl.java:lambda$new$0(47)) - omNode-1@group-523986131536->omNode-3: nextIndex: updateUnconditionally 478 -> 45
2022-05-11 01:31:04,053 [grpc-default-executor-2] WARN  server.GrpcLogAppender (LogUtils.java:warn(122)) - omNode-1@group-523986131536->omNode-3-AppendLogResponseHandler: Failed appendEntries: org.apache.ratis.thirdparty.io.grpc.StatusRuntimeException: UNAVAILABLE: io exception
2022-05-11 01:31:04,053 [grpc-default-executor-2] INFO  leader.FollowerInfo (FollowerInfoImpl.java:lambda$new$0(47)) - omNode-1@group-523986131536->omNode-3: nextIndex: updateUnconditionally 478 -> 45
2022-05-11 01:31:04,063 [grpc-default-executor-2] WARN  server.GrpcLogAppender (LogUtils.java:warn(122)) - omNode-1@group-523986131536->omNode-3-AppendLogResponseHandler: Failed appendEntries: org.apache.ratis.thirdparty.io.grpc.StatusRuntimeException: UNAVAILABLE: io exception
2022-05-11 01:31:04,063 [grpc-default-executor-2] INFO  leader.FollowerInfo (FollowerInfoImpl.java:lambda$new$0(47)) - omNode-1@group-523986131536->omNode-3: nextIndex: updateUnconditionally 479 -> 45
2022-05-11 01:31:04,079 [grpc-default-executor-0] WARN  server.GrpcLogAppender (LogUtils.java:warn(122)) - omNode-1@group-523986131536->omNode-3-AppendLogResponseHandler: Failed appendEntries: org.apache.ratis.thirdparty.io.grpc.StatusRuntimeException: UNAVAILABLE: io exception
2022-05-11 01:31:04,079 [grpc-default-executor-0] INFO  leader.FollowerInfo (FollowerInfoImpl.java:lambda$new$0(47)) - omNode-1@group-523986131536->omNode-3: nextIndex: updateUnconditionally 479 -> 45
2022-05-11 01:31:04,081 [grpc-default-executor-0] WARN  server.GrpcLogAppender (LogUtils.java:warn(122)) - omNode-1@group-523986131536->omNode-3-AppendLogResponseHandler: Failed appendEntries: org.apache.ratis.thirdparty.io.grpc.StatusRuntimeException: UNAVAILABLE: io exception
2022-05-11 01:31:04,081 [grpc-default-executor-0] INFO  leader.FollowerInfo (FollowerInfoImpl.java:lambda$new$0(47)) - omNode-1@group-523986131536->omNode-3: nextIndex: updateUnconditionally 479 -> 45
2022-05-11 01:31:04,091 [grpc-default-executor-2] WARN  server.GrpcLogAppender (LogUtils.java:warn(122)) - omNode-1@group-523986131536->omNode-3-AppendLogResponseHandler: Failed appendEntries: org.apache.ratis.thirdparty.io.grpc.StatusRuntimeException: UNAVAILABLE: io exception
2022-05-11 01:31:04,092 [grpc-default-executor-2] INFO  leader.FollowerInfo (FollowerInfoImpl.java:lambda$new$0(47)) - omNode-1@group-523986131536->omNode-3: nextIndex: updateUnconditionally 480 -> 45
2022-05-11 01:31:04,099 [grpc-default-executor-2] WARN  server.GrpcLogAppender (LogUtils.java:warn(122)) - omNode-1@group-523986131536->omNode-3-AppendLogResponseHandler: Failed appendEntries: org.apache.ratis.thirdparty.io.grpc.StatusRuntimeException: UNAVAILABLE: io exception
2022-05-11 01:31:04,100 [grpc-default-executor-2] INFO  leader.FollowerInfo (FollowerInfoImpl.java:lambda$new$0(47)) - omNode-1@group-523986131536->omNode-3: nextIndex: updateUnconditionally 480 -> 45
2022-05-11 01:31:04,102 [grpc-default-executor-2] WARN  server.GrpcLogAppender (LogUtils.java:warn(122)) - omNode-1@group-523986131536->omNode-3-AppendLogResponseHandler: Failed appendEntries: org.apache.ratis.thirdparty.io.grpc.StatusRuntimeException: UNAVAILABLE: io exception
2022-05-11 01:31:04,102 [grpc-default-executor-2] INFO  leader.FollowerInfo (FollowerInfoImpl.java:lambda$new$0(47)) - omNode-1@group-523986131536->omNode-3: nextIndex: updateUnconditionally 481 -> 45
2022-05-11 01:31:04,107 [grpc-default-executor-2] WARN  server.GrpcLogAppender (LogUtils.java:warn(122)) - omNode-1@group-523986131536->omNode-3-AppendLogResponseHandler: Failed appendEntries: org.apache.ratis.thirdparty.io.grpc.StatusRuntimeException: UNAVAILABLE: io exception
2022-05-11 01:31:04,107 [grpc-default-executor-2] INFO  leader.FollowerInfo (FollowerInfoImpl.java:lambda$new$0(47)) - omNode-1@group-523986131536->omNode-3: nextIndex: updateUnconditionally 482 -> 45
2022-05-11 01:31:04,110 [grpc-default-executor-2] WARN  server.GrpcLogAppender (LogUtils.java:warn(122)) - omNode-1@group-523986131536->omNode-3-AppendLogResponseHandler: Failed appendEntries: org.apache.ratis.thirdparty.io.grpc.StatusRuntimeException: UNAVAILABLE: io exception
2022-05-11 01:31:04,110 [grpc-default-executor-2] INFO  leader.FollowerInfo (FollowerInfoImpl.java:lambda$new$0(47)) - omNode-1@group-523986131536->omNode-3: nextIndex: updateUnconditionally 482 -> 45
2022-05-11 01:31:04,114 [grpc-default-executor-2] WARN  server.GrpcLogAppender (LogUtils.java:warn(122)) - omNode-1@group-523986131536->omNode-3-AppendLogResponseHandler: Failed appendEntries: org.apache.ratis.thirdparty.io.grpc.StatusRuntimeException: UNAVAILABLE: io exception
2022-05-11 01:31:04,114 [grpc-default-executor-2] INFO  leader.FollowerInfo (FollowerInfoImpl.java:lambda$new$0(47)) - omNode-1@group-523986131536->omNode-3: nextIndex: updateUnconditionally 483 -> 45
2022-05-11 01:31:04,127 [grpc-default-executor-2] WARN  server.GrpcLogAppender (LogUtils.java:warn(122)) - omNode-1@group-523986131536->omNode-3-AppendLogResponseHandler: Failed appendEntries: org.apache.ratis.thirdparty.io.grpc.StatusRuntimeException: UNAVAILABLE: io exception
2022-05-11 01:31:04,129 [grpc-default-executor-2] INFO  leader.FollowerInfo (FollowerInfoImpl.java:lambda$new$0(47)) - omNode-1@group-523986131536->omNode-3: nextIndex: updateUnconditionally 483 -> 45
2022-05-11 01:31:04,140 [grpc-default-executor-2] WARN  server.GrpcLogAppender (LogUtils.java:warn(122)) - omNode-1@group-523986131536->omNode-3-AppendLogResponseHandler: Failed appendEntries: org.apache.ratis.thirdparty.io.grpc.StatusRuntimeException: UNAVAILABLE: io exception
2022-05-11 01:31:04,143 [grpc-default-executor-2] INFO  leader.FollowerInfo (FollowerInfoImpl.java:lambda$new$0(47)) - omNode-1@group-523986131536->omNode-3: nextIndex: updateUnconditionally 484 -> 45
2022-05-11 01:31:04,145 [grpc-default-executor-0] WARN  server.GrpcLogAppender (LogUtils.java:warn(122)) - omNode-1@group-523986131536->omNode-3-AppendLogResponseHandler: Failed appendEntries: org.apache.ratis.thirdparty.io.grpc.StatusRuntimeException: UNAVAILABLE: io exception
2022-05-11 01:31:04,145 [grpc-default-executor-0] INFO  leader.FollowerInfo (FollowerInfoImpl.java:lambda$new$0(47)) - omNode-1@group-523986131536->omNode-3: nextIndex: updateUnconditionally 484 -> 45
2022-05-11 01:31:04,147 [grpc-default-executor-0] WARN  server.GrpcLogAppender (LogUtils.java:warn(122)) - omNode-1@group-523986131536->omNode-3-AppendLogResponseHandler: Failed appendEntries: org.apache.ratis.thirdparty.io.grpc.StatusRuntimeException: UNAVAILABLE: io exception
2022-05-11 01:31:04,148 [grpc-default-executor-0] INFO  leader.FollowerInfo (FollowerInfoImpl.java:lambda$new$0(47)) - omNode-1@group-523986131536->omNode-3: nextIndex: updateUnconditionally 485 -> 45
2022-05-11 01:31:04,157 [grpc-default-executor-0] WARN  server.GrpcLogAppender (LogUtils.java:warn(122)) - omNode-1@group-523986131536->omNode-3-AppendLogResponseHandler: Failed appendEntries: org.apache.ratis.thirdparty.io.grpc.StatusRuntimeException: UNAVAILABLE: io exception
2022-05-11 01:31:04,157 [grpc-default-executor-0] INFO  leader.FollowerInfo (FollowerInfoImpl.java:lambda$new$0(47)) - omNode-1@group-523986131536->omNode-3: nextIndex: updateUnconditionally 486 -> 45
2022-05-11 01:31:04,159 [grpc-default-executor-0] WARN  server.GrpcLogAppender (LogUtils.java:warn(122)) - omNode-1@group-523986131536->omNode-3-AppendLogResponseHandler: Failed appendEntries: org.apache.ratis.thirdparty.io.grpc.StatusRuntimeException: UNAVAILABLE: io exception
2022-05-11 01:31:04,159 [grpc-default-executor-0] INFO  leader.FollowerInfo (FollowerInfoImpl.java:lambda$new$0(47)) - omNode-1@group-523986131536->omNode-3: nextIndex: updateUnconditionally 486 -> 45
2022-05-11 01:31:04,168 [grpc-default-executor-0] WARN  server.GrpcLogAppender (LogUtils.java:warn(122)) - omNode-1@group-523986131536->omNode-3-AppendLogResponseHandler: Failed appendEntries: org.apache.ratis.thirdparty.io.grpc.StatusRuntimeException: UNAVAILABLE: io exception
2022-05-11 01:31:04,168 [grpc-default-executor-0] INFO  leader.FollowerInfo (FollowerInfoImpl.java:lambda$new$0(47)) - omNode-1@group-523986131536->omNode-3: nextIndex: updateUnconditionally 486 -> 45
2022-05-11 01:31:04,172 [grpc-default-executor-0] WARN  server.GrpcLogAppender (LogUtils.java:warn(122)) - omNode-1@group-523986131536->omNode-3-AppendLogResponseHandler: Failed appendEntries: org.apache.ratis.thirdparty.io.grpc.StatusRuntimeException: UNAVAILABLE: io exception
2022-05-11 01:31:04,172 [grpc-default-executor-0] INFO  leader.FollowerInfo (FollowerInfoImpl.java:lambda$new$0(47)) - omNode-1@group-523986131536->omNode-3: nextIndex: updateUnconditionally 487 -> 45
2022-05-11 01:31:04,177 [grpc-default-executor-0] WARN  server.GrpcLogAppender (LogUtils.java:warn(122)) - omNode-1@group-523986131536->omNode-3-AppendLogResponseHandler: Failed appendEntries: org.apache.ratis.thirdparty.io.grpc.StatusRuntimeException: UNAVAILABLE: io exception
2022-05-11 01:31:04,177 [grpc-default-executor-0] INFO  leader.FollowerInfo (FollowerInfoImpl.java:lambda$new$0(47)) - omNode-1@group-523986131536->omNode-3: nextIndex: updateUnconditionally 487 -> 45
2022-05-11 01:31:04,180 [grpc-default-executor-0] WARN  server.GrpcLogAppender (LogUtils.java:warn(122)) - omNode-1@group-523986131536->omNode-3-AppendLogResponseHandler: Failed appendEntries: org.apache.ratis.thirdparty.io.grpc.StatusRuntimeException: UNAVAILABLE: io exception
2022-05-11 01:31:04,180 [grpc-default-executor-0] INFO  leader.FollowerInfo (FollowerInfoImpl.java:lambda$new$0(47)) - omNode-1@group-523986131536->omNode-3: nextIndex: updateUnconditionally 487 -> 45
2022-05-11 01:31:04,182 [grpc-default-executor-0] WARN  server.GrpcLogAppender (LogUtils.java:warn(122)) - omNode-1@group-523986131536->omNode-3-AppendLogResponseHandler: Failed appendEntries: org.apache.ratis.thirdparty.io.grpc.StatusRuntimeException: UNAVAILABLE: io exception
2022-05-11 01:31:04,182 [grpc-default-executor-0] INFO  leader.FollowerInfo (FollowerInfoImpl.java:lambda$new$0(47)) - omNode-1@group-523986131536->omNode-3: nextIndex: updateUnconditionally 487 -> 45
2022-05-11 01:31:04,186 [grpc-default-executor-0] WARN  server.GrpcLogAppender (LogUtils.java:warn(122)) - omNode-1@group-523986131536->omNode-3-AppendLogResponseHandler: Failed appendEntries: org.apache.ratis.thirdparty.io.grpc.StatusRuntimeException: UNAVAILABLE: io exception
2022-05-11 01:31:04,186 [grpc-default-executor-0] INFO  leader.FollowerInfo (FollowerInfoImpl.java:lambda$new$0(47)) - omNode-1@group-523986131536->omNode-3: nextIndex: updateUnconditionally 487 -> 45
2022-05-11 01:31:04,188 [grpc-default-executor-0] WARN  server.GrpcLogAppender (LogUtils.java:warn(122)) - omNode-1@group-523986131536->omNode-3-AppendLogResponseHandler: Failed appendEntries: org.apache.ratis.thirdparty.io.grpc.StatusRuntimeException: UNAVAILABLE: io exception
2022-05-11 01:31:04,188 [grpc-default-executor-0] INFO  leader.FollowerInfo (FollowerInfoImpl.java:lambda$new$0(47)) - omNode-1@group-523986131536->omNode-3: nextIndex: updateUnconditionally 487 -> 45
2022-05-11 01:31:04,190 [grpc-default-executor-0] WARN  server.GrpcLogAppender (LogUtils.java:warn(122)) - omNode-1@group-523986131536->omNode-3-AppendLogResponseHandler: Failed appendEntries: org.apache.ratis.thirdparty.io.grpc.StatusRuntimeException: UNAVAILABLE: io exception
2022-05-11 01:31:04,190 [grpc-default-executor-0] INFO  leader.FollowerInfo (FollowerInfoImpl.java:lambda$new$0(47)) - omNode-1@group-523986131536->omNode-3: nextIndex: updateUnconditionally 487 -> 45
2022-05-11 01:31:04,192 [grpc-default-executor-0] WARN  server.GrpcLogAppender (LogUtils.java:warn(122)) - omNode-1@group-523986131536->omNode-3-AppendLogResponseHandler: Failed appendEntries: org.apache.ratis.thirdparty.io.grpc.StatusRuntimeException: UNAVAILABLE: io exception
2022-05-11 01:31:04,196 [grpc-default-executor-0] INFO  leader.FollowerInfo (FollowerInfoImpl.java:lambda$new$0(47)) - omNode-1@group-523986131536->omNode-3: nextIndex: updateUnconditionally 487 -> 45
2022-05-11 01:31:04,199 [grpc-default-executor-0] WARN  server.GrpcLogAppender (LogUtils.java:warn(122)) - omNode-1@group-523986131536->omNode-3-AppendLogResponseHandler: Failed appendEntries: org.apache.ratis.thirdparty.io.grpc.StatusRuntimeException: UNAVAILABLE: io exception
2022-05-11 01:31:04,199 [grpc-default-executor-0] INFO  leader.FollowerInfo (FollowerInfoImpl.java:lambda$new$0(47)) - omNode-1@group-523986131536->omNode-3: nextIndex: updateUnconditionally 487 -> 45
2022-05-11 01:31:04,209 [grpc-default-executor-0] WARN  server.GrpcLogAppender (LogUtils.java:warn(122)) - omNode-1@group-523986131536->omNode-3-AppendLogResponseHandler: Failed appendEntries: org.apache.ratis.thirdparty.io.grpc.StatusRuntimeException: UNAVAILABLE: io exception
2022-05-11 01:31:04,210 [grpc-default-executor-0] INFO  leader.FollowerInfo (FollowerInfoImpl.java:lambda$new$0(47)) - omNode-1@group-523986131536->omNode-3: nextIndex: updateUnconditionally 487 -> 45
2022-05-11 01:31:04,212 [grpc-default-executor-0] WARN  server.GrpcLogAppender (LogUtils.java:warn(122)) - omNode-1@group-523986131536->omNode-3-AppendLogResponseHandler: Failed appendEntries: org.apache.ratis.thirdparty.io.grpc.StatusRuntimeException: UNAVAILABLE: io exception
2022-05-11 01:31:04,212 [grpc-default-executor-0] INFO  leader.FollowerInfo (FollowerInfoImpl.java:lambda$new$0(47)) - omNode-1@group-523986131536->omNode-3: nextIndex: updateUnconditionally 487 -> 45
2022-05-11 01:31:04,215 [grpc-default-executor-0] WARN  server.GrpcLogAppender (LogUtils.java:warn(122)) - omNode-1@group-523986131536->omNode-3-AppendLogResponseHandler: Failed appendEntries: org.apache.ratis.thirdparty.io.grpc.StatusRuntimeException: UNAVAILABLE: io exception
2022-05-11 01:31:04,215 [grpc-default-executor-0] INFO  leader.FollowerInfo (FollowerInfoImpl.java:lambda$new$0(47)) - omNode-1@group-523986131536->omNode-3: nextIndex: updateUnconditionally 487 -> 45
2022-05-11 01:31:04,218 [grpc-default-executor-0] WARN  server.GrpcLogAppender (LogUtils.java:warn(122)) - omNode-1@group-523986131536->omNode-3-AppendLogResponseHandler: Failed appendEntries: org.apache.ratis.thirdparty.io.grpc.StatusRuntimeException: UNAVAILABLE: io exception
2022-05-11 01:31:04,218 [grpc-default-executor-0] INFO  leader.FollowerInfo (FollowerInfoImpl.java:lambda$new$0(47)) - omNode-1@group-523986131536->omNode-3: nextIndex: updateUnconditionally 488 -> 45
2022-05-11 01:31:04,223 [grpc-default-executor-0] WARN  server.GrpcLogAppender (LogUtils.java:warn(122)) - omNode-1@group-523986131536->omNode-3-AppendLogResponseHandler: Failed appendEntries: org.apache.ratis.thirdparty.io.grpc.StatusRuntimeException: UNAVAILABLE: io exception
2022-05-11 01:31:04,223 [grpc-default-executor-0] INFO  leader.FollowerInfo (FollowerInfoImpl.java:lambda$new$0(47)) - omNode-1@group-523986131536->omNode-3: nextIndex: updateUnconditionally 488 -> 45
2022-05-11 01:31:04,224 [grpc-default-executor-0] WARN  server.GrpcLogAppender (LogUtils.java:warn(122)) - omNode-1@group-523986131536->omNode-3-AppendLogResponseHandler: Failed appendEntries: org.apache.ratis.thirdparty.io.grpc.StatusRuntimeException: UNAVAILABLE: io exception
2022-05-11 01:31:04,224 [grpc-default-executor-0] INFO  leader.FollowerInfo (FollowerInfoImpl.java:lambda$new$0(47)) - omNode-1@group-523986131536->omNode-3: nextIndex: updateUnconditionally 488 -> 45
2022-05-11 01:31:04,226 [grpc-default-executor-0] WARN  server.GrpcLogAppender (LogUtils.java:warn(122)) - omNode-1@group-523986131536->omNode-3-AppendLogResponseHandler: Failed appendEntries: org.apache.ratis.thirdparty.io.grpc.StatusRuntimeException: UNAVAILABLE: io exception
2022-05-11 01:31:04,226 [grpc-default-executor-0] INFO  leader.FollowerInfo (FollowerInfoImpl.java:lambda$new$0(47)) - omNode-1@group-523986131536->omNode-3: nextIndex: updateUnconditionally 488 -> 45
2022-05-11 01:31:04,231 [grpc-default-executor-0] WARN  server.GrpcLogAppender (LogUtils.java:warn(122)) - omNode-1@group-523986131536->omNode-3-AppendLogResponseHandler: Failed appendEntries: org.apache.ratis.thirdparty.io.grpc.StatusRuntimeException: UNAVAILABLE: io exception
2022-05-11 01:31:04,231 [grpc-default-executor-0] INFO  leader.FollowerInfo (FollowerInfoImpl.java:lambda$new$0(47)) - omNode-1@group-523986131536->omNode-3: nextIndex: updateUnconditionally 488 -> 45
2022-05-11 01:31:04,238 [grpc-default-executor-0] WARN  server.GrpcLogAppender (LogUtils.java:warn(122)) - omNode-1@group-523986131536->omNode-3-AppendLogResponseHandler: Failed appendEntries: org.apache.ratis.thirdparty.io.grpc.StatusRuntimeException: UNAVAILABLE: io exception
2022-05-11 01:31:04,238 [grpc-default-executor-0] INFO  leader.FollowerInfo (FollowerInfoImpl.java:lambda$new$0(47)) - omNode-1@group-523986131536->omNode-3: nextIndex: updateUnconditionally 489 -> 45
2022-05-11 01:31:04,241 [grpc-default-executor-0] WARN  server.GrpcLogAppender (LogUtils.java:warn(122)) - omNode-1@group-523986131536->omNode-3-AppendLogResponseHandler: Failed appendEntries: org.apache.ratis.thirdparty.io.grpc.StatusRuntimeException: UNAVAILABLE: io exception
2022-05-11 01:31:04,241 [grpc-default-executor-0] INFO  leader.FollowerInfo (FollowerInfoImpl.java:lambda$new$0(47)) - omNode-1@group-523986131536->omNode-3: nextIndex: updateUnconditionally 489 -> 45
2022-05-11 01:31:04,247 [grpc-default-executor-0] WARN  server.GrpcLogAppender (LogUtils.java:warn(122)) - omNode-1@group-523986131536->omNode-3-AppendLogResponseHandler: Failed appendEntries: org.apache.ratis.thirdparty.io.grpc.StatusRuntimeException: UNAVAILABLE: io exception
2022-05-11 01:31:04,247 [grpc-default-executor-0] INFO  leader.FollowerInfo (FollowerInfoImpl.java:lambda$new$0(47)) - omNode-1@group-523986131536->omNode-3: nextIndex: updateUnconditionally 490 -> 45
2022-05-11 01:31:04,252 [grpc-default-executor-0] WARN  server.GrpcLogAppender (LogUtils.java:warn(122)) - omNode-1@group-523986131536->omNode-3-AppendLogResponseHandler: Failed appendEntries: org.apache.ratis.thirdparty.io.grpc.StatusRuntimeException: UNAVAILABLE: io exception
2022-05-11 01:31:04,252 [grpc-default-executor-0] INFO  leader.FollowerInfo (FollowerInfoImpl.java:lambda$new$0(47)) - omNode-1@group-523986131536->omNode-3: nextIndex: updateUnconditionally 490 -> 45
2022-05-11 01:31:04,254 [grpc-default-executor-0] WARN  server.GrpcLogAppender (LogUtils.java:warn(122)) - omNode-1@group-523986131536->omNode-3-AppendLogResponseHandler: Failed appendEntries: org.apache.ratis.thirdparty.io.grpc.StatusRuntimeException: UNAVAILABLE: io exception
2022-05-11 01:31:04,254 [grpc-default-executor-0] INFO  leader.FollowerInfo (FollowerInfoImpl.java:lambda$new$0(47)) - omNode-1@group-523986131536->omNode-3: nextIndex: updateUnconditionally 490 -> 45
2022-05-11 01:31:04,256 [grpc-default-executor-0] WARN  server.GrpcLogAppender (LogUtils.java:warn(122)) - omNode-1@group-523986131536->omNode-3-AppendLogResponseHandler: Failed appendEntries: org.apache.ratis.thirdparty.io.grpc.StatusRuntimeException: UNAVAILABLE: io exception
2022-05-11 01:31:04,256 [grpc-default-executor-0] INFO  leader.FollowerInfo (FollowerInfoImpl.java:lambda$new$0(47)) - omNode-1@group-523986131536->omNode-3: nextIndex: updateUnconditionally 490 -> 45
2022-05-11 01:31:04,258 [grpc-default-executor-0] WARN  server.GrpcLogAppender (LogUtils.java:warn(122)) - omNode-1@group-523986131536->omNode-3-AppendLogResponseHandler: Failed appendEntries: org.apache.ratis.thirdparty.io.grpc.StatusRuntimeException: UNAVAILABLE: io exception
2022-05-11 01:31:04,259 [grpc-default-executor-0] INFO  leader.FollowerInfo (FollowerInfoImpl.java:lambda$new$0(47)) - omNode-1@group-523986131536->omNode-3: nextIndex: updateUnconditionally 490 -> 45
2022-05-11 01:31:04,268 [grpc-default-executor-0] WARN  server.GrpcLogAppender (LogUtils.java:warn(122)) - omNode-1@group-523986131536->omNode-3-AppendLogResponseHandler: Failed appendEntries: org.apache.ratis.thirdparty.io.grpc.StatusRuntimeException: UNAVAILABLE: io exception
2022-05-11 01:31:04,269 [grpc-default-executor-0] INFO  leader.FollowerInfo (FollowerInfoImpl.java:lambda$new$0(47)) - omNode-1@group-523986131536->omNode-3: nextIndex: updateUnconditionally 491 -> 45
2022-05-11 01:31:04,272 [grpc-default-executor-0] WARN  server.GrpcLogAppender (LogUtils.java:warn(122)) - omNode-1@group-523986131536->omNode-3-AppendLogResponseHandler: Failed appendEntries: org.apache.ratis.thirdparty.io.grpc.StatusRuntimeException: UNAVAILABLE: io exception
2022-05-11 01:31:04,273 [grpc-default-executor-0] INFO  leader.FollowerInfo (FollowerInfoImpl.java:lambda$new$0(47)) - omNode-1@group-523986131536->omNode-3: nextIndex: updateUnconditionally 491 -> 45
2022-05-11 01:31:04,277 [grpc-default-executor-0] WARN  server.GrpcLogAppender (LogUtils.java:warn(122)) - omNode-1@group-523986131536->omNode-3-AppendLogResponseHandler: Failed appendEntries: org.apache.ratis.thirdparty.io.grpc.StatusRuntimeException: UNAVAILABLE: io exception
2022-05-11 01:31:04,277 [grpc-default-executor-0] INFO  leader.FollowerInfo (FollowerInfoImpl.java:lambda$new$0(47)) - omNode-1@group-523986131536->omNode-3: nextIndex: updateUnconditionally 491 -> 45
2022-05-11 01:31:04,281 [grpc-default-executor-0] WARN  server.GrpcLogAppender (LogUtils.java:warn(122)) - omNode-1@group-523986131536->omNode-3-AppendLogResponseHandler: Failed appendEntries: org.apache.ratis.thirdparty.io.grpc.StatusRuntimeException: UNAVAILABLE: io exception
2022-05-11 01:31:04,281 [grpc-default-executor-0] INFO  leader.FollowerInfo (FollowerInfoImpl.java:lambda$new$0(47)) - omNode-1@group-523986131536->omNode-3: nextIndex: updateUnconditionally 491 -> 45
2022-05-11 01:31:04,285 [grpc-default-executor-2] WARN  server.GrpcLogAppender (LogUtils.java:warn(122)) - omNode-1@group-523986131536->omNode-3-AppendLogResponseHandler: Failed appendEntries: org.apache.ratis.thirdparty.io.grpc.StatusRuntimeException: UNAVAILABLE: io exception
2022-05-11 01:31:04,286 [grpc-default-executor-2] INFO  leader.FollowerInfo (FollowerInfoImpl.java:lambda$new$0(47)) - omNode-1@group-523986131536->omNode-3: nextIndex: updateUnconditionally 491 -> 45
2022-05-11 01:31:04,288 [grpc-default-executor-2] WARN  server.GrpcLogAppender (LogUtils.java:warn(122)) - omNode-1@group-523986131536->omNode-3-AppendLogResponseHandler: Failed appendEntries: org.apache.ratis.thirdparty.io.grpc.StatusRuntimeException: UNAVAILABLE: io exception
2022-05-11 01:31:04,288 [grpc-default-executor-2] INFO  leader.FollowerInfo (FollowerInfoImpl.java:lambda$new$0(47)) - omNode-1@group-523986131536->omNode-3: nextIndex: updateUnconditionally 491 -> 45
2022-05-11 01:31:04,291 [grpc-default-executor-2] WARN  server.GrpcLogAppender (LogUtils.java:warn(122)) - omNode-1@group-523986131536->omNode-3-AppendLogResponseHandler: Failed appendEntries: org.apache.ratis.thirdparty.io.grpc.StatusRuntimeException: UNAVAILABLE: io exception
2022-05-11 01:31:04,291 [grpc-default-executor-2] INFO  leader.FollowerInfo (FollowerInfoImpl.java:lambda$new$0(47)) - omNode-1@group-523986131536->omNode-3: nextIndex: updateUnconditionally 491 -> 45
2022-05-11 01:31:04,299 [grpc-default-executor-2] WARN  server.GrpcLogAppender (LogUtils.java:warn(122)) - omNode-1@group-523986131536->omNode-3-AppendLogResponseHandler: Failed appendEntries: org.apache.ratis.thirdparty.io.grpc.StatusRuntimeException: UNAVAILABLE: io exception
2022-05-11 01:31:04,299 [grpc-default-executor-2] INFO  leader.FollowerInfo (FollowerInfoImpl.java:lambda$new$0(47)) - omNode-1@group-523986131536->omNode-3: nextIndex: updateUnconditionally 491 -> 45
2022-05-11 01:31:04,300 [grpc-default-executor-2] WARN  server.GrpcLogAppender (LogUtils.java:warn(122)) - omNode-1@group-523986131536->omNode-3-AppendLogResponseHandler: Failed appendEntries: org.apache.ratis.thirdparty.io.grpc.StatusRuntimeException: UNAVAILABLE: io exception
2022-05-11 01:31:04,300 [grpc-default-executor-2] INFO  leader.FollowerInfo (FollowerInfoImpl.java:lambda$new$0(47)) - omNode-1@group-523986131536->omNode-3: nextIndex: updateUnconditionally 492 -> 45
2022-05-11 01:31:04,302 [grpc-default-executor-2] WARN  server.GrpcLogAppender (LogUtils.java:warn(122)) - omNode-1@group-523986131536->omNode-3-AppendLogResponseHandler: Failed appendEntries: org.apache.ratis.thirdparty.io.grpc.StatusRuntimeException: UNAVAILABLE: io exception
2022-05-11 01:31:04,303 [grpc-default-executor-2] INFO  leader.FollowerInfo (FollowerInfoImpl.java:lambda$new$0(47)) - omNode-1@group-523986131536->omNode-3: nextIndex: updateUnconditionally 492 -> 45
2022-05-11 01:31:04,308 [grpc-default-executor-0] WARN  server.GrpcLogAppender (LogUtils.java:warn(122)) - omNode-1@group-523986131536->omNode-3-AppendLogResponseHandler: Failed appendEntries: org.apache.ratis.thirdparty.io.grpc.StatusRuntimeException: UNAVAILABLE: io exception
2022-05-11 01:31:04,308 [grpc-default-executor-0] INFO  leader.FollowerInfo (FollowerInfoImpl.java:lambda$new$0(47)) - omNode-1@group-523986131536->omNode-3: nextIndex: updateUnconditionally 493 -> 45
2022-05-11 01:31:04,314 [grpc-default-executor-0] WARN  server.GrpcLogAppender (LogUtils.java:warn(122)) - omNode-1@group-523986131536->omNode-3-AppendLogResponseHandler: Failed appendEntries: org.apache.ratis.thirdparty.io.grpc.StatusRuntimeException: UNAVAILABLE: io exception
2022-05-11 01:31:04,314 [grpc-default-executor-0] INFO  leader.FollowerInfo (FollowerInfoImpl.java:lambda$new$0(47)) - omNode-1@group-523986131536->omNode-3: nextIndex: updateUnconditionally 494 -> 45
2022-05-11 01:31:04,315 [grpc-default-executor-0] WARN  server.GrpcLogAppender (LogUtils.java:warn(122)) - omNode-1@group-523986131536->omNode-3-AppendLogResponseHandler: Failed appendEntries: org.apache.ratis.thirdparty.io.grpc.StatusRuntimeException: UNAVAILABLE: io exception
2022-05-11 01:31:04,316 [grpc-default-executor-0] INFO  leader.FollowerInfo (FollowerInfoImpl.java:lambda$new$0(47)) - omNode-1@group-523986131536->omNode-3: nextIndex: updateUnconditionally 494 -> 45
2022-05-11 01:31:04,317 [grpc-default-executor-0] WARN  server.GrpcLogAppender (LogUtils.java:warn(122)) - omNode-1@group-523986131536->omNode-3-AppendLogResponseHandler: Failed appendEntries: org.apache.ratis.thirdparty.io.grpc.StatusRuntimeException: UNAVAILABLE: io exception
2022-05-11 01:31:04,318 [grpc-default-executor-0] INFO  leader.FollowerInfo (FollowerInfoImpl.java:lambda$new$0(47)) - omNode-1@group-523986131536->omNode-3: nextIndex: updateUnconditionally 494 -> 45
2022-05-11 01:31:04,323 [grpc-default-executor-0] WARN  server.GrpcLogAppender (LogUtils.java:warn(122)) - omNode-1@group-523986131536->omNode-3-AppendLogResponseHandler: Failed appendEntries: org.apache.ratis.thirdparty.io.grpc.StatusRuntimeException: UNAVAILABLE: io exception
2022-05-11 01:31:04,327 [grpc-default-executor-0] INFO  leader.FollowerInfo (FollowerInfoImpl.java:lambda$new$0(47)) - omNode-1@group-523986131536->omNode-3: nextIndex: updateUnconditionally 494 -> 45
2022-05-11 01:31:04,332 [grpc-default-executor-0] WARN  server.GrpcLogAppender (LogUtils.java:warn(122)) - omNode-1@group-523986131536->omNode-3-AppendLogResponseHandler: Failed appendEntries: org.apache.ratis.thirdparty.io.grpc.StatusRuntimeException: UNAVAILABLE: io exception
2022-05-11 01:31:04,332 [grpc-default-executor-0] INFO  leader.FollowerInfo (FollowerInfoImpl.java:lambda$new$0(47)) - omNode-1@group-523986131536->omNode-3: nextIndex: updateUnconditionally 495 -> 45
2022-05-11 01:31:04,333 [grpc-default-executor-0] WARN  server.GrpcLogAppender (LogUtils.java:warn(122)) - omNode-1@group-523986131536->omNode-3-AppendLogResponseHandler: Failed appendEntries: org.apache.ratis.thirdparty.io.grpc.StatusRuntimeException: UNAVAILABLE: io exception
2022-05-11 01:31:04,333 [grpc-default-executor-0] INFO  leader.FollowerInfo (FollowerInfoImpl.java:lambda$new$0(47)) - omNode-1@group-523986131536->omNode-3: nextIndex: updateUnconditionally 495 -> 45
2022-05-11 01:31:04,334 [grpc-default-executor-2] WARN  server.GrpcLogAppender (LogUtils.java:warn(122)) - omNode-1@group-523986131536->omNode-3-AppendLogResponseHandler: Failed appendEntries: org.apache.ratis.thirdparty.io.grpc.StatusRuntimeException: UNAVAILABLE: io exception
2022-05-11 01:31:04,335 [grpc-default-executor-2] INFO  leader.FollowerInfo (FollowerInfoImpl.java:lambda$new$0(47)) - omNode-1@group-523986131536->omNode-3: nextIndex: updateUnconditionally 495 -> 45
2022-05-11 01:31:04,340 [grpc-default-executor-2] WARN  server.GrpcLogAppender (LogUtils.java:warn(122)) - omNode-1@group-523986131536->omNode-3-AppendLogResponseHandler: Failed appendEntries: org.apache.ratis.thirdparty.io.grpc.StatusRuntimeException: UNAVAILABLE: io exception
2022-05-11 01:31:04,340 [grpc-default-executor-2] INFO  leader.FollowerInfo (FollowerInfoImpl.java:lambda$new$0(47)) - omNode-1@group-523986131536->omNode-3: nextIndex: updateUnconditionally 495 -> 45
2022-05-11 01:31:04,343 [grpc-default-executor-2] WARN  server.GrpcLogAppender (LogUtils.java:warn(122)) - omNode-1@group-523986131536->omNode-3-AppendLogResponseHandler: Failed appendEntries: org.apache.ratis.thirdparty.io.grpc.StatusRuntimeException: UNAVAILABLE: io exception
2022-05-11 01:31:04,343 [grpc-default-executor-2] INFO  leader.FollowerInfo (FollowerInfoImpl.java:lambda$new$0(47)) - omNode-1@group-523986131536->omNode-3: nextIndex: updateUnconditionally 495 -> 45
2022-05-11 01:31:04,349 [grpc-default-executor-2] WARN  server.GrpcLogAppender (LogUtils.java:warn(122)) - omNode-1@group-523986131536->omNode-3-AppendLogResponseHandler: Failed appendEntries: org.apache.ratis.thirdparty.io.grpc.StatusRuntimeException: UNAVAILABLE: io exception
2022-05-11 01:31:04,349 [grpc-default-executor-2] INFO  leader.FollowerInfo (FollowerInfoImpl.java:lambda$new$0(47)) - omNode-1@group-523986131536->omNode-3: nextIndex: updateUnconditionally 495 -> 45
2022-05-11 01:31:04,350 [grpc-default-executor-2] WARN  server.GrpcLogAppender (LogUtils.java:warn(122)) - omNode-1@group-523986131536->omNode-3-AppendLogResponseHandler: Failed appendEntries: org.apache.ratis.thirdparty.io.grpc.StatusRuntimeException: UNAVAILABLE: io exception
2022-05-11 01:31:04,351 [grpc-default-executor-2] INFO  leader.FollowerInfo (FollowerInfoImpl.java:lambda$new$0(47)) - omNode-1@group-523986131536->omNode-3: nextIndex: updateUnconditionally 495 -> 45
2022-05-11 01:31:04,352 [grpc-default-executor-2] WARN  server.GrpcLogAppender (LogUtils.java:warn(122)) - omNode-1@group-523986131536->omNode-3-AppendLogResponseHandler: Failed appendEntries: org.apache.ratis.thirdparty.io.grpc.StatusRuntimeException: UNAVAILABLE: io exception
2022-05-11 01:31:04,352 [grpc-default-executor-2] INFO  leader.FollowerInfo (FollowerInfoImpl.java:lambda$new$0(47)) - omNode-1@group-523986131536->omNode-3: nextIndex: updateUnconditionally 495 -> 45
2022-05-11 01:31:04,353 [grpc-default-executor-2] WARN  server.GrpcLogAppender (LogUtils.java:warn(122)) - omNode-1@group-523986131536->omNode-3-AppendLogResponseHandler: Failed appendEntries: org.apache.ratis.thirdparty.io.grpc.StatusRuntimeException: UNAVAILABLE: io exception
2022-05-11 01:31:04,353 [grpc-default-executor-2] INFO  leader.FollowerInfo (FollowerInfoImpl.java:lambda$new$0(47)) - omNode-1@group-523986131536->omNode-3: nextIndex: updateUnconditionally 495 -> 45
2022-05-11 01:31:04,354 [grpc-default-executor-2] WARN  server.GrpcLogAppender (LogUtils.java:warn(122)) - omNode-1@group-523986131536->omNode-3-AppendLogResponseHandler: Failed appendEntries: org.apache.ratis.thirdparty.io.grpc.StatusRuntimeException: UNAVAILABLE: io exception
2022-05-11 01:31:04,354 [grpc-default-executor-2] INFO  leader.FollowerInfo (FollowerInfoImpl.java:lambda$new$0(47)) - omNode-1@group-523986131536->omNode-3: nextIndex: updateUnconditionally 495 -> 45
2022-05-11 01:31:04,355 [grpc-default-executor-2] WARN  server.GrpcLogAppender (LogUtils.java:warn(122)) - omNode-1@group-523986131536->omNode-3-AppendLogResponseHandler: Failed appendEntries: org.apache.ratis.thirdparty.io.grpc.StatusRuntimeException: UNAVAILABLE: io exception
2022-05-11 01:31:04,355 [grpc-default-executor-2] INFO  leader.FollowerInfo (FollowerInfoImpl.java:lambda$new$0(47)) - omNode-1@group-523986131536->omNode-3: nextIndex: updateUnconditionally 495 -> 45
2022-05-11 01:31:04,363 [grpc-default-executor-2] WARN  server.GrpcLogAppender (LogUtils.java:warn(122)) - omNode-1@group-523986131536->omNode-3-AppendLogResponseHandler: Failed appendEntries: org.apache.ratis.thirdparty.io.grpc.StatusRuntimeException: UNAVAILABLE: io exception
2022-05-11 01:31:04,363 [grpc-default-executor-2] INFO  leader.FollowerInfo (FollowerInfoImpl.java:lambda$new$0(47)) - omNode-1@group-523986131536->omNode-3: nextIndex: updateUnconditionally 495 -> 45
2022-05-11 01:31:04,367 [grpc-default-executor-2] WARN  server.GrpcLogAppender (LogUtils.java:warn(122)) - omNode-1@group-523986131536->omNode-3-AppendLogResponseHandler: Failed appendEntries: org.apache.ratis.thirdparty.io.grpc.StatusRuntimeException: UNAVAILABLE: io exception
2022-05-11 01:31:04,368 [grpc-default-executor-2] INFO  leader.FollowerInfo (FollowerInfoImpl.java:lambda$new$0(47)) - omNode-1@group-523986131536->omNode-3: nextIndex: updateUnconditionally 495 -> 45
2022-05-11 01:31:04,372 [grpc-default-executor-2] WARN  server.GrpcLogAppender (LogUtils.java:warn(122)) - omNode-1@group-523986131536->omNode-3-AppendLogResponseHandler: Failed appendEntries: org.apache.ratis.thirdparty.io.grpc.StatusRuntimeException: UNAVAILABLE: io exception
2022-05-11 01:31:04,372 [grpc-default-executor-2] INFO  leader.FollowerInfo (FollowerInfoImpl.java:lambda$new$0(47)) - omNode-1@group-523986131536->omNode-3: nextIndex: updateUnconditionally 495 -> 45
2022-05-11 01:31:04,375 [grpc-default-executor-2] WARN  server.GrpcLogAppender (LogUtils.java:warn(122)) - omNode-1@group-523986131536->omNode-3-AppendLogResponseHandler: Failed appendEntries: org.apache.ratis.thirdparty.io.grpc.StatusRuntimeException: UNAVAILABLE: io exception
2022-05-11 01:31:04,375 [grpc-default-executor-2] INFO  leader.FollowerInfo (FollowerInfoImpl.java:lambda$new$0(47)) - omNode-1@group-523986131536->omNode-3: nextIndex: updateUnconditionally 495 -> 45
2022-05-11 01:31:04,379 [grpc-default-executor-2] WARN  server.GrpcLogAppender (LogUtils.java:warn(122)) - omNode-1@group-523986131536->omNode-3-AppendLogResponseHandler: Failed appendEntries: org.apache.ratis.thirdparty.io.grpc.StatusRuntimeException: UNAVAILABLE: io exception
2022-05-11 01:31:04,380 [grpc-default-executor-2] INFO  leader.FollowerInfo (FollowerInfoImpl.java:lambda$new$0(47)) - omNode-1@group-523986131536->omNode-3: nextIndex: updateUnconditionally 495 -> 45
2022-05-11 01:31:04,381 [grpc-default-executor-2] WARN  server.GrpcLogAppender (LogUtils.java:warn(122)) - omNode-1@group-523986131536->omNode-3-AppendLogResponseHandler: Failed appendEntries: org.apache.ratis.thirdparty.io.grpc.StatusRuntimeException: UNAVAILABLE: io exception
2022-05-11 01:31:04,383 [grpc-default-executor-2] INFO  leader.FollowerInfo (FollowerInfoImpl.java:lambda$new$0(47)) - omNode-1@group-523986131536->omNode-3: nextIndex: updateUnconditionally 495 -> 45
2022-05-11 01:31:04,384 [grpc-default-executor-0] WARN  server.GrpcLogAppender (LogUtils.java:warn(122)) - omNode-1@group-523986131536->omNode-3-AppendLogResponseHandler: Failed appendEntries: org.apache.ratis.thirdparty.io.grpc.StatusRuntimeException: UNAVAILABLE: io exception
2022-05-11 01:31:04,384 [grpc-default-executor-0] INFO  leader.FollowerInfo (FollowerInfoImpl.java:lambda$new$0(47)) - omNode-1@group-523986131536->omNode-3: nextIndex: updateUnconditionally 495 -> 45
2022-05-11 01:31:04,388 [grpc-default-executor-0] WARN  server.GrpcLogAppender (LogUtils.java:warn(122)) - omNode-1@group-523986131536->omNode-3-AppendLogResponseHandler: Failed appendEntries: org.apache.ratis.thirdparty.io.grpc.StatusRuntimeException: UNAVAILABLE: io exception
2022-05-11 01:31:04,389 [grpc-default-executor-0] INFO  leader.FollowerInfo (FollowerInfoImpl.java:lambda$new$0(47)) - omNode-1@group-523986131536->omNode-3: nextIndex: updateUnconditionally 496 -> 45
2022-05-11 01:31:04,400 [grpc-default-executor-2] WARN  server.GrpcLogAppender (LogUtils.java:warn(122)) - omNode-1@group-523986131536->omNode-3-AppendLogResponseHandler: Failed appendEntries: org.apache.ratis.thirdparty.io.grpc.StatusRuntimeException: UNAVAILABLE: io exception
2022-05-11 01:31:04,400 [grpc-default-executor-2] INFO  leader.FollowerInfo (FollowerInfoImpl.java:lambda$new$0(47)) - omNode-1@group-523986131536->omNode-3: nextIndex: updateUnconditionally 496 -> 45
2022-05-11 01:31:04,405 [4abb40c6-5512-454b-8b90-80ea8fb75f11@group-5FFF0977FE0E-FollowerState] INFO  impl.FollowerState (FollowerState.java:run(134)) - 4abb40c6-5512-454b-8b90-80ea8fb75f11@group-5FFF0977FE0E-FollowerState: change to CANDIDATE, lastRpcElapsedTime:5024428995ns, electionTimeout:5022ms
2022-05-11 01:31:04,405 [4abb40c6-5512-454b-8b90-80ea8fb75f11@group-5FFF0977FE0E-FollowerState] INFO  impl.RoleInfo (RoleInfo.java:shutdownFollowerState(108)) - 4abb40c6-5512-454b-8b90-80ea8fb75f11: shutdown 4abb40c6-5512-454b-8b90-80ea8fb75f11@group-5FFF0977FE0E-FollowerState
2022-05-11 01:31:04,405 [4abb40c6-5512-454b-8b90-80ea8fb75f11@group-5FFF0977FE0E-FollowerState] INFO  server.RaftServer$Division (RaftServerImpl.java:setRole(290)) - 4abb40c6-5512-454b-8b90-80ea8fb75f11@group-5FFF0977FE0E: changes role from  FOLLOWER to CANDIDATE at term 3 for changeToCandidate
2022-05-11 01:31:04,406 [4abb40c6-5512-454b-8b90-80ea8fb75f11@group-5FFF0977FE0E-FollowerState] INFO  server.RaftServerConfigKeys (ConfUtils.java:logGet(44)) - raft.server.leaderelection.pre-vote = false (custom)
2022-05-11 01:31:04,406 [4abb40c6-5512-454b-8b90-80ea8fb75f11@group-5FFF0977FE0E-FollowerState] INFO  impl.RoleInfo (RoleInfo.java:updateAndGet(130)) - 4abb40c6-5512-454b-8b90-80ea8fb75f11: start 4abb40c6-5512-454b-8b90-80ea8fb75f11@group-5FFF0977FE0E-LeaderElection70
2022-05-11 01:31:04,408 [grpc-default-executor-0] WARN  server.GrpcLogAppender (LogUtils.java:warn(122)) - omNode-1@group-523986131536->omNode-3-AppendLogResponseHandler: Failed appendEntries: org.apache.ratis.thirdparty.io.grpc.StatusRuntimeException: UNAVAILABLE: io exception
2022-05-11 01:31:04,408 [grpc-default-executor-0] INFO  leader.FollowerInfo (FollowerInfoImpl.java:lambda$new$0(47)) - omNode-1@group-523986131536->omNode-3: nextIndex: updateUnconditionally 498 -> 45
2022-05-11 01:31:04,411 [f563069c-118f-4871-9b30-ceec0ce6fdc0@group-5FFF0977FE0E-FollowerState] INFO  impl.FollowerState (FollowerState.java:run(134)) - f563069c-118f-4871-9b30-ceec0ce6fdc0@group-5FFF0977FE0E-FollowerState: change to CANDIDATE, lastRpcElapsedTime:5026002014ns, electionTimeout:5020ms
2022-05-11 01:31:04,411 [f563069c-118f-4871-9b30-ceec0ce6fdc0@group-5FFF0977FE0E-FollowerState] INFO  impl.RoleInfo (RoleInfo.java:shutdownFollowerState(108)) - f563069c-118f-4871-9b30-ceec0ce6fdc0: shutdown f563069c-118f-4871-9b30-ceec0ce6fdc0@group-5FFF0977FE0E-FollowerState
2022-05-11 01:31:04,411 [f563069c-118f-4871-9b30-ceec0ce6fdc0@group-5FFF0977FE0E-FollowerState] INFO  server.RaftServer$Division (RaftServerImpl.java:setRole(290)) - f563069c-118f-4871-9b30-ceec0ce6fdc0@group-5FFF0977FE0E: changes role from  FOLLOWER to CANDIDATE at term 3 for changeToCandidate
2022-05-11 01:31:04,415 [f563069c-118f-4871-9b30-ceec0ce6fdc0@group-5FFF0977FE0E-FollowerState] INFO  server.RaftServerConfigKeys (ConfUtils.java:logGet(44)) - raft.server.leaderelection.pre-vote = false (custom)
2022-05-11 01:31:04,415 [f563069c-118f-4871-9b30-ceec0ce6fdc0@group-5FFF0977FE0E-FollowerState] INFO  impl.RoleInfo (RoleInfo.java:updateAndGet(130)) - f563069c-118f-4871-9b30-ceec0ce6fdc0: start f563069c-118f-4871-9b30-ceec0ce6fdc0@group-5FFF0977FE0E-LeaderElection71
2022-05-11 01:31:04,418 [4abb40c6-5512-454b-8b90-80ea8fb75f11@group-5FFF0977FE0E-LeaderElection70] INFO  impl.LeaderElection (LeaderElection.java:askForVotes(306)) - 4abb40c6-5512-454b-8b90-80ea8fb75f11@group-5FFF0977FE0E-LeaderElection70 ELECTION round 0: submit vote requests at term 4 for -1: [f563069c-118f-4871-9b30-ceec0ce6fdc0|rpc:10.1.0.42:37767|dataStream:|priority:0, 4abb40c6-5512-454b-8b90-80ea8fb75f11|rpc:10.1.0.42:42053|dataStream:|priority:1, 53785889-3bf0-451b-ad64-fb7c3b645957|rpc:10.1.0.42:46195|dataStream:|priority:0], old=null
2022-05-11 01:31:04,425 [f563069c-118f-4871-9b30-ceec0ce6fdc0@group-5FFF0977FE0E-LeaderElection71] INFO  impl.LeaderElection (LeaderElection.java:askForVotes(306)) - f563069c-118f-4871-9b30-ceec0ce6fdc0@group-5FFF0977FE0E-LeaderElection71 ELECTION round 0: submit vote requests at term 4 for -1: [f563069c-118f-4871-9b30-ceec0ce6fdc0|rpc:10.1.0.42:37767|priority:0, 4abb40c6-5512-454b-8b90-80ea8fb75f11|rpc:10.1.0.42:42053|priority:1, 53785889-3bf0-451b-ad64-fb7c3b645957|rpc:10.1.0.42:46195|priority:0], old=null
2022-05-11 01:31:04,429 [grpc-default-executor-0] WARN  server.GrpcLogAppender (LogUtils.java:warn(122)) - omNode-1@group-523986131536->omNode-3-AppendLogResponseHandler: Failed appendEntries: org.apache.ratis.thirdparty.io.grpc.StatusRuntimeException: UNAVAILABLE: io exception
2022-05-11 01:31:04,430 [grpc-default-executor-0] INFO  leader.FollowerInfo (FollowerInfoImpl.java:lambda$new$0(47)) - omNode-1@group-523986131536->omNode-3: nextIndex: updateUnconditionally 498 -> 45
2022-05-11 01:31:04,455 [grpc-default-executor-3] WARN  server.GrpcLogAppender (LogUtils.java:warn(122)) - omNode-1@group-523986131536->omNode-3-AppendLogResponseHandler: Failed appendEntries: org.apache.ratis.thirdparty.io.grpc.StatusRuntimeException: UNAVAILABLE: io exception
2022-05-11 01:31:04,456 [grpc-default-executor-3] INFO  leader.FollowerInfo (FollowerInfoImpl.java:lambda$new$0(47)) - omNode-1@group-523986131536->omNode-3: nextIndex: updateUnconditionally 499 -> 45
2022-05-11 01:31:04,465 [grpc-default-executor-3] INFO  server.RaftServer$Division (RaftServerImpl.java:requestVote(1046)) - 4abb40c6-5512-454b-8b90-80ea8fb75f11@group-5FFF0977FE0E: receive requestVote(ELECTION, f563069c-118f-4871-9b30-ceec0ce6fdc0, group-5FFF0977FE0E, 4, (t:0, i:0))
2022-05-11 01:31:04,465 [grpc-default-executor-3] INFO  impl.VoteContext (VoteContext.java:log(48)) - 4abb40c6-5512-454b-8b90-80ea8fb75f11@group-5FFF0977FE0E-CANDIDATE: reject ELECTION from f563069c-118f-4871-9b30-ceec0ce6fdc0: already has voted for 4abb40c6-5512-454b-8b90-80ea8fb75f11 at current term 4
2022-05-11 01:31:04,465 [grpc-default-executor-3] INFO  server.RaftServer$Division (RaftServerImpl.java:requestVote(1078)) - 4abb40c6-5512-454b-8b90-80ea8fb75f11@group-5FFF0977FE0E replies to ELECTION vote request: f563069c-118f-4871-9b30-ceec0ce6fdc0<-4abb40c6-5512-454b-8b90-80ea8fb75f11#0:FAIL-t4. Peer's state: 4abb40c6-5512-454b-8b90-80ea8fb75f11@group-5FFF0977FE0E:t4, leader=null, voted=4abb40c6-5512-454b-8b90-80ea8fb75f11, raftlog=4abb40c6-5512-454b-8b90-80ea8fb75f11@group-5FFF0977FE0E-SegmentedRaftLog:OPENED:c-1, conf=-1: [f563069c-118f-4871-9b30-ceec0ce6fdc0|rpc:10.1.0.42:37767|dataStream:|priority:0, 4abb40c6-5512-454b-8b90-80ea8fb75f11|rpc:10.1.0.42:42053|dataStream:|priority:1, 53785889-3bf0-451b-ad64-fb7c3b645957|rpc:10.1.0.42:46195|dataStream:|priority:0], old=null
2022-05-11 01:31:04,485 [grpc-default-executor-0] INFO  server.RaftServer$Division (RaftServerImpl.java:requestVote(1046)) - f563069c-118f-4871-9b30-ceec0ce6fdc0@group-5FFF0977FE0E: receive requestVote(ELECTION, 4abb40c6-5512-454b-8b90-80ea8fb75f11, group-5FFF0977FE0E, 4, (t:0, i:0))
2022-05-11 01:31:04,485 [grpc-default-executor-0] INFO  impl.VoteContext (VoteContext.java:log(48)) - f563069c-118f-4871-9b30-ceec0ce6fdc0@group-5FFF0977FE0E-CANDIDATE: reject ELECTION from 4abb40c6-5512-454b-8b90-80ea8fb75f11: already has voted for f563069c-118f-4871-9b30-ceec0ce6fdc0 at current term 4
2022-05-11 01:31:04,485 [grpc-default-executor-0] INFO  server.RaftServer$Division (RaftServerImpl.java:requestVote(1078)) - f563069c-118f-4871-9b30-ceec0ce6fdc0@group-5FFF0977FE0E replies to ELECTION vote request: 4abb40c6-5512-454b-8b90-80ea8fb75f11<-f563069c-118f-4871-9b30-ceec0ce6fdc0#0:FAIL-t4. Peer's state: f563069c-118f-4871-9b30-ceec0ce6fdc0@group-5FFF0977FE0E:t4, leader=null, voted=f563069c-118f-4871-9b30-ceec0ce6fdc0, raftlog=f563069c-118f-4871-9b30-ceec0ce6fdc0@group-5FFF0977FE0E-SegmentedRaftLog:OPENED:c-1, conf=-1: [f563069c-118f-4871-9b30-ceec0ce6fdc0|rpc:10.1.0.42:37767|priority:0, 4abb40c6-5512-454b-8b90-80ea8fb75f11|rpc:10.1.0.42:42053|priority:1, 53785889-3bf0-451b-ad64-fb7c3b645957|rpc:10.1.0.42:46195|priority:0], old=null
2022-05-11 01:31:04,493 [grpc-default-executor-3] INFO  server.RaftServer$Division (RaftServerImpl.java:requestVote(1046)) - 53785889-3bf0-451b-ad64-fb7c3b645957@group-5FFF0977FE0E: receive requestVote(ELECTION, 4abb40c6-5512-454b-8b90-80ea8fb75f11, group-5FFF0977FE0E, 4, (t:0, i:0))
2022-05-11 01:31:04,493 [grpc-default-executor-3] INFO  impl.VoteContext (VoteContext.java:log(48)) - 53785889-3bf0-451b-ad64-fb7c3b645957@group-5FFF0977FE0E-FOLLOWER: accept ELECTION from 4abb40c6-5512-454b-8b90-80ea8fb75f11: our priority 0 <= candidate's priority 1
2022-05-11 01:31:04,493 [grpc-default-executor-3] INFO  server.RaftServer$Division (RaftServerImpl.java:setRole(290)) - 53785889-3bf0-451b-ad64-fb7c3b645957@group-5FFF0977FE0E: changes role from  FOLLOWER to FOLLOWER at term 4 for candidate:4abb40c6-5512-454b-8b90-80ea8fb75f11
2022-05-11 01:31:04,494 [grpc-default-executor-3] INFO  impl.RoleInfo (RoleInfo.java:shutdownFollowerState(108)) - 53785889-3bf0-451b-ad64-fb7c3b645957: shutdown 53785889-3bf0-451b-ad64-fb7c3b645957@group-5FFF0977FE0E-FollowerState
2022-05-11 01:31:04,497 [f563069c-118f-4871-9b30-ceec0ce6fdc0@group-5FFF0977FE0E-LeaderElection71] INFO  impl.LeaderElection (LeaderElection.java:logAndReturn(89)) - f563069c-118f-4871-9b30-ceec0ce6fdc0@group-5FFF0977FE0E-LeaderElection71: ELECTION REJECTED received 1 response(s) and 0 exception(s):
2022-05-11 01:31:04,497 [f563069c-118f-4871-9b30-ceec0ce6fdc0@group-5FFF0977FE0E-LeaderElection71] INFO  impl.LeaderElection (LeaderElection.java:logAndReturn(93)) -   Response 0: f563069c-118f-4871-9b30-ceec0ce6fdc0<-4abb40c6-5512-454b-8b90-80ea8fb75f11#0:FAIL-t4
2022-05-11 01:31:04,497 [f563069c-118f-4871-9b30-ceec0ce6fdc0@group-5FFF0977FE0E-LeaderElection71] INFO  impl.LeaderElection (LeaderElection.java:askForVotes(308)) - f563069c-118f-4871-9b30-ceec0ce6fdc0@group-5FFF0977FE0E-LeaderElection71 ELECTION round 0: result REJECTED
2022-05-11 01:31:04,497 [f563069c-118f-4871-9b30-ceec0ce6fdc0@group-5FFF0977FE0E-LeaderElection71] INFO  server.RaftServer$Division (RaftServerImpl.java:setRole(290)) - f563069c-118f-4871-9b30-ceec0ce6fdc0@group-5FFF0977FE0E: changes role from CANDIDATE to FOLLOWER at term 4 for REJECTED
2022-05-11 01:31:04,497 [f563069c-118f-4871-9b30-ceec0ce6fdc0@group-5FFF0977FE0E-LeaderElection71] INFO  impl.RoleInfo (RoleInfo.java:shutdownLeaderElection(121)) - f563069c-118f-4871-9b30-ceec0ce6fdc0: shutdown f563069c-118f-4871-9b30-ceec0ce6fdc0@group-5FFF0977FE0E-LeaderElection71
2022-05-11 01:31:04,497 [f563069c-118f-4871-9b30-ceec0ce6fdc0@group-5FFF0977FE0E-LeaderElection71] INFO  impl.RoleInfo (RoleInfo.java:updateAndGet(130)) - f563069c-118f-4871-9b30-ceec0ce6fdc0: start f563069c-118f-4871-9b30-ceec0ce6fdc0@group-5FFF0977FE0E-FollowerState
2022-05-11 01:31:04,498 [grpc-default-executor-1] INFO  server.RaftServer$Division (RaftServerImpl.java:requestVote(1046)) - 53785889-3bf0-451b-ad64-fb7c3b645957@group-5FFF0977FE0E: receive requestVote(ELECTION, f563069c-118f-4871-9b30-ceec0ce6fdc0, group-5FFF0977FE0E, 4, (t:0, i:0))
2022-05-11 01:31:04,502 [grpc-default-executor-3] INFO  impl.RoleInfo (RoleInfo.java:updateAndGet(130)) - 53785889-3bf0-451b-ad64-fb7c3b645957: start 53785889-3bf0-451b-ad64-fb7c3b645957@group-5FFF0977FE0E-FollowerState
2022-05-11 01:31:04,502 [53785889-3bf0-451b-ad64-fb7c3b645957@group-5FFF0977FE0E-FollowerState] INFO  impl.FollowerState (FollowerState.java:run(143)) - 53785889-3bf0-451b-ad64-fb7c3b645957@group-5FFF0977FE0E-FollowerState was interrupted: {}
java.lang.InterruptedException: sleep interrupted
	at java.lang.Thread.sleep(Native Method)
	at java.lang.Thread.sleep(Thread.java:342)
	at java.util.concurrent.TimeUnit.sleep(TimeUnit.java:386)
	at org.apache.ratis.util.TimeDuration.sleep(TimeDuration.java:324)
	at org.apache.ratis.util.TimeDuration.sleep(TimeDuration.java:309)
	at org.apache.ratis.server.impl.FollowerState.run(FollowerState.java:118)
2022-05-11 01:31:04,509 [omNode-1@group-523986131536-StateMachineUpdater] INFO  ratis.OzoneManagerStateMachine (OzoneManagerStateMachine.java:takeSnapshot(436)) - Current Snapshot Index (t:2, i:498)
2022-05-11 01:31:04,509 [omNode-1@group-523986131536-StateMachineUpdater] INFO  impl.StateMachineUpdater (StateMachineUpdater.java:takeSnapshot(281)) - omNode-1@group-523986131536-StateMachineUpdater: Took a snapshot at index 498
2022-05-11 01:31:04,509 [omNode-1@group-523986131536-StateMachineUpdater] INFO  impl.StateMachineUpdater (StateMachineUpdater.java:lambda$new$0(89)) - omNode-1@group-523986131536-StateMachineUpdater: snapshotIndex: updateIncreasingly 448 -> 498
2022-05-11 01:31:04,509 [omNode-1@group-523986131536-StateMachineUpdater] INFO  raftlog.RaftLog (RaftLogBase.java:purge(306)) - omNode-1@group-523986131536-SegmentedRaftLog: purge 498
2022-05-11 01:31:04,510 [omNode-1@group-523986131536-StateMachineUpdater] INFO  raftlog.RaftLog (RaftLogBase.java:lambda$new$0(53)) - omNode-1@group-523986131536-SegmentedRaftLog: snapshotIndex: updateIncreasingly 399 -> 498
2022-05-11 01:31:04,510 [omNode-1@group-523986131536-StateMachineUpdater] INFO  raftlog.RaftLog (RaftLogBase.java:lambda$new$0(53)) - omNode-1@group-523986131536-SegmentedRaftLog: purgeIndex: updateToMax old=399, new=498, updated? true
2022-05-11 01:31:04,511 [grpc-default-executor-0] WARN  server.GrpcLogAppender (LogUtils.java:warn(122)) - omNode-1@group-523986131536->omNode-3-AppendLogResponseHandler: Failed appendEntries: org.apache.ratis.thirdparty.io.grpc.StatusRuntimeException: UNAVAILABLE: io exception
2022-05-11 01:31:04,511 [grpc-default-executor-0] INFO  leader.FollowerInfo (FollowerInfoImpl.java:lambda$new$0(47)) - omNode-1@group-523986131536->omNode-3: nextIndex: updateUnconditionally 500 -> 45
2022-05-11 01:31:04,515 [grpc-default-executor-3] INFO  server.RaftServer$Division (RaftServerImpl.java:requestVote(1078)) - 53785889-3bf0-451b-ad64-fb7c3b645957@group-5FFF0977FE0E replies to ELECTION vote request: 4abb40c6-5512-454b-8b90-80ea8fb75f11<-53785889-3bf0-451b-ad64-fb7c3b645957#0:OK-t4. Peer's state: 53785889-3bf0-451b-ad64-fb7c3b645957@group-5FFF0977FE0E:t4, leader=null, voted=4abb40c6-5512-454b-8b90-80ea8fb75f11, raftlog=53785889-3bf0-451b-ad64-fb7c3b645957@group-5FFF0977FE0E-SegmentedRaftLog:OPENED:c-1, conf=-1: [f563069c-118f-4871-9b30-ceec0ce6fdc0|rpc:10.1.0.42:37767|dataStream:|priority:0, 4abb40c6-5512-454b-8b90-80ea8fb75f11|rpc:10.1.0.42:42053|dataStream:|priority:1, 53785889-3bf0-451b-ad64-fb7c3b645957|rpc:10.1.0.42:46195|dataStream:|priority:0], old=null
2022-05-11 01:31:04,515 [grpc-default-executor-1] INFO  impl.VoteContext (VoteContext.java:log(48)) - 53785889-3bf0-451b-ad64-fb7c3b645957@group-5FFF0977FE0E-FOLLOWER: reject ELECTION from f563069c-118f-4871-9b30-ceec0ce6fdc0: already has voted for 4abb40c6-5512-454b-8b90-80ea8fb75f11 at current term 4
2022-05-11 01:31:04,515 [grpc-default-executor-1] INFO  server.RaftServer$Division (RaftServerImpl.java:requestVote(1078)) - 53785889-3bf0-451b-ad64-fb7c3b645957@group-5FFF0977FE0E replies to ELECTION vote request: f563069c-118f-4871-9b30-ceec0ce6fdc0<-53785889-3bf0-451b-ad64-fb7c3b645957#0:FAIL-t4. Peer's state: 53785889-3bf0-451b-ad64-fb7c3b645957@group-5FFF0977FE0E:t4, leader=null, voted=4abb40c6-5512-454b-8b90-80ea8fb75f11, raftlog=53785889-3bf0-451b-ad64-fb7c3b645957@group-5FFF0977FE0E-SegmentedRaftLog:OPENED:c-1, conf=-1: [f563069c-118f-4871-9b30-ceec0ce6fdc0|rpc:10.1.0.42:37767|dataStream:|priority:0, 4abb40c6-5512-454b-8b90-80ea8fb75f11|rpc:10.1.0.42:42053|dataStream:|priority:1, 53785889-3bf0-451b-ad64-fb7c3b645957|rpc:10.1.0.42:46195|dataStream:|priority:0], old=null
2022-05-11 01:31:04,540 [4abb40c6-5512-454b-8b90-80ea8fb75f11@group-5FFF0977FE0E-LeaderElection70] INFO  impl.LeaderElection (LeaderElection.java:logAndReturn(89)) - 4abb40c6-5512-454b-8b90-80ea8fb75f11@group-5FFF0977FE0E-LeaderElection70: ELECTION PASSED received 2 response(s) and 0 exception(s):
2022-05-11 01:31:04,540 [4abb40c6-5512-454b-8b90-80ea8fb75f11@group-5FFF0977FE0E-LeaderElection70] INFO  impl.LeaderElection (LeaderElection.java:logAndReturn(93)) -   Response 0: 4abb40c6-5512-454b-8b90-80ea8fb75f11<-f563069c-118f-4871-9b30-ceec0ce6fdc0#0:FAIL-t4
2022-05-11 01:31:04,540 [4abb40c6-5512-454b-8b90-80ea8fb75f11@group-5FFF0977FE0E-LeaderElection70] INFO  impl.LeaderElection (LeaderElection.java:logAndReturn(93)) -   Response 1: 4abb40c6-5512-454b-8b90-80ea8fb75f11<-53785889-3bf0-451b-ad64-fb7c3b645957#0:OK-t4
2022-05-11 01:31:04,540 [4abb40c6-5512-454b-8b90-80ea8fb75f11@group-5FFF0977FE0E-LeaderElection70] INFO  impl.LeaderElection (LeaderElection.java:askForVotes(308)) - 4abb40c6-5512-454b-8b90-80ea8fb75f11@group-5FFF0977FE0E-LeaderElection70 ELECTION round 0: result PASSED
2022-05-11 01:31:04,541 [4abb40c6-5512-454b-8b90-80ea8fb75f11@group-5FFF0977FE0E-LeaderElection70] INFO  impl.RoleInfo (RoleInfo.java:shutdownLeaderElection(121)) - 4abb40c6-5512-454b-8b90-80ea8fb75f11: shutdown 4abb40c6-5512-454b-8b90-80ea8fb75f11@group-5FFF0977FE0E-LeaderElection70
2022-05-11 01:31:04,541 [4abb40c6-5512-454b-8b90-80ea8fb75f11@group-5FFF0977FE0E-LeaderElection70] INFO  server.RaftServer$Division (RaftServerImpl.java:setRole(290)) - 4abb40c6-5512-454b-8b90-80ea8fb75f11@group-5FFF0977FE0E: changes role from CANDIDATE to LEADER at term 4 for changeToLeader
2022-05-11 01:31:04,541 [4abb40c6-5512-454b-8b90-80ea8fb75f11@group-5FFF0977FE0E-LeaderElection70] INFO  ratis.XceiverServerRatis (XceiverServerRatis.java:handleLeaderChangedNotification(863)) - Leader change notification received for group: group-5FFF0977FE0E with new leaderId: 4abb40c6-5512-454b-8b90-80ea8fb75f11
2022-05-11 01:31:04,541 [4abb40c6-5512-454b-8b90-80ea8fb75f11@group-5FFF0977FE0E-LeaderElection70] INFO  server.RaftServer$Division (ServerState.java:setLeader(285)) - 4abb40c6-5512-454b-8b90-80ea8fb75f11@group-5FFF0977FE0E: change Leader from null to 4abb40c6-5512-454b-8b90-80ea8fb75f11 at term 4 for becomeLeader, leader elected after 20737ms
2022-05-11 01:31:04,541 [4abb40c6-5512-454b-8b90-80ea8fb75f11@group-5FFF0977FE0E-LeaderElection70] INFO  server.RaftServerConfigKeys (ConfUtils.java:logGet(44)) - raft.server.staging.catchup.gap = 1000 (default)
2022-05-11 01:31:04,541 [4abb40c6-5512-454b-8b90-80ea8fb75f11@group-5FFF0977FE0E-LeaderElection70] INFO  server.RaftServerConfigKeys (ConfUtils.java:logGet(44)) - raft.server.write.element-limit = 1024 (custom)
2022-05-11 01:31:04,542 [4abb40c6-5512-454b-8b90-80ea8fb75f11@group-5FFF0977FE0E-LeaderElection70] INFO  server.RaftServerConfigKeys (ConfUtils.java:logGet(44)) - raft.server.write.byte-limit = 1024 M (=1073741824) (custom)
2022-05-11 01:31:04,542 [4abb40c6-5512-454b-8b90-80ea8fb75f11@group-5FFF0977FE0E-LeaderElection70] INFO  server.RaftServerConfigKeys (ConfUtils.java:logGet(44)) - raft.server.watch.timeout = 180s (custom)
2022-05-11 01:31:04,542 [4abb40c6-5512-454b-8b90-80ea8fb75f11@group-5FFF0977FE0E-LeaderElection70] INFO  server.RaftServerConfigKeys (ConfUtils.java:logGet(44)) - raft.server.watch.timeout.denomination = 1s (default)
2022-05-11 01:31:04,542 [4abb40c6-5512-454b-8b90-80ea8fb75f11@group-5FFF0977FE0E-LeaderElection70] INFO  server.RaftServerConfigKeys (ConfUtils.java:logGet(44)) - raft.server.watch.element-limit = 65536 (default)
2022-05-11 01:31:04,542 [4abb40c6-5512-454b-8b90-80ea8fb75f11@group-5FFF0977FE0E-LeaderElection70] INFO  server.RaftServerConfigKeys (ConfUtils.java:logGet(44)) - raft.server.write.element-limit = 1024 (custom)
2022-05-11 01:31:04,542 [4abb40c6-5512-454b-8b90-80ea8fb75f11@group-5FFF0977FE0E-LeaderElection70] INFO  server.RaftServerConfigKeys (ConfUtils.java:logGet(44)) - raft.server.write.follower.gap.ratio.max = -1.0 (default)
2022-05-11 01:31:04,543 [4abb40c6-5512-454b-8b90-80ea8fb75f11@group-5FFF0977FE0E-LeaderElection70] INFO  server.RaftServerConfigKeys (ConfUtils.java:logGet(44)) - raft.server.log.appender.snapshot.chunk.size.max = 16MB (=16777216) (default)
2022-05-11 01:31:04,543 [4abb40c6-5512-454b-8b90-80ea8fb75f11@group-5FFF0977FE0E-LeaderElection70] INFO  server.RaftServerConfigKeys (ConfUtils.java:logGet(44)) - raft.server.log.appender.buffer.byte-limit = 33554432 (custom)
2022-05-11 01:31:04,543 [4abb40c6-5512-454b-8b90-80ea8fb75f11@group-5FFF0977FE0E-LeaderElection70] INFO  server.RaftServerConfigKeys (ConfUtils.java:logGet(44)) - raft.server.log.appender.buffer.element-limit = 1 (custom)
2022-05-11 01:31:04,543 [4abb40c6-5512-454b-8b90-80ea8fb75f11@group-5FFF0977FE0E-LeaderElection70] INFO  grpc.GrpcConfigKeys (ConfUtils.java:logGet(44)) - raft.grpc.server.leader.outstanding.appends.max = 128 (default)
2022-05-11 01:31:04,543 [4abb40c6-5512-454b-8b90-80ea8fb75f11@group-5FFF0977FE0E-LeaderElection70] INFO  server.RaftServerConfigKeys (ConfUtils.java:logGet(44)) - raft.server.rpc.request.timeout = 60s (custom)
2022-05-11 01:31:04,543 [4abb40c6-5512-454b-8b90-80ea8fb75f11@group-5FFF0977FE0E-LeaderElection70] INFO  server.RaftServerConfigKeys (ConfUtils.java:logGet(44)) - raft.server.log.appender.install.snapshot.enabled = false (custom)
2022-05-11 01:31:04,545 [4abb40c6-5512-454b-8b90-80ea8fb75f11@group-5FFF0977FE0E-LeaderElection70] INFO  server.RaftServerConfigKeys (ConfUtils.java:logGet(44)) - raft.server.log.appender.snapshot.chunk.size.max = 16MB (=16777216) (default)
2022-05-11 01:31:04,545 [4abb40c6-5512-454b-8b90-80ea8fb75f11@group-5FFF0977FE0E-LeaderElection70] INFO  server.RaftServerConfigKeys (ConfUtils.java:logGet(44)) - raft.server.log.appender.buffer.byte-limit = 33554432 (custom)
2022-05-11 01:31:04,545 [4abb40c6-5512-454b-8b90-80ea8fb75f11@group-5FFF0977FE0E-LeaderElection70] INFO  server.RaftServerConfigKeys (ConfUtils.java:logGet(44)) - raft.server.log.appender.buffer.element-limit = 1 (custom)
2022-05-11 01:31:04,545 [4abb40c6-5512-454b-8b90-80ea8fb75f11@group-5FFF0977FE0E-LeaderElection70] INFO  grpc.GrpcConfigKeys (ConfUtils.java:logGet(44)) - raft.grpc.server.leader.outstanding.appends.max = 128 (default)
2022-05-11 01:31:04,545 [4abb40c6-5512-454b-8b90-80ea8fb75f11@group-5FFF0977FE0E-LeaderElection70] INFO  server.RaftServerConfigKeys (ConfUtils.java:logGet(44)) - raft.server.rpc.request.timeout = 60s (custom)
2022-05-11 01:31:04,545 [4abb40c6-5512-454b-8b90-80ea8fb75f11@group-5FFF0977FE0E-LeaderElection70] INFO  server.RaftServerConfigKeys (ConfUtils.java:logGet(44)) - raft.server.log.appender.install.snapshot.enabled = false (custom)
2022-05-11 01:31:04,546 [4abb40c6-5512-454b-8b90-80ea8fb75f11@group-5FFF0977FE0E-LeaderElection70] INFO  impl.RoleInfo (RoleInfo.java:updateAndGet(130)) - 4abb40c6-5512-454b-8b90-80ea8fb75f11: start 4abb40c6-5512-454b-8b90-80ea8fb75f11@group-5FFF0977FE0E-LeaderStateImpl
2022-05-11 01:31:04,547 [EventQueue-PipelineReportForPipelineReportHandler] INFO  pipeline.PipelineManagerImpl (PipelineManagerImpl.java:openPipeline(336)) - Pipeline Pipeline[ Id: f03dd486-afb3-46aa-8da9-5fff0977fe0e, Nodes: f563069c-118f-4871-9b30-ceec0ce6fdc0{ip: 10.1.0.42, host: fv-az291-847.wgnan5asplgejimfprtllbpdch.jx.internal.cloudapp.net, ports: [REPLICATION=33363, RATIS=37767, RATIS_ADMIN=37767, RATIS_SERVER=37767, STANDALONE=35887], networkLocation: /default-rack, certSerialId: null, persistedOpState: IN_SERVICE, persistedOpStateExpiryEpochSec: 0}4abb40c6-5512-454b-8b90-80ea8fb75f11{ip: 10.1.0.42, host: fv-az291-847.wgnan5asplgejimfprtllbpdch.jx.internal.cloudapp.net, ports: [REPLICATION=44965, RATIS=42053, RATIS_ADMIN=42053, RATIS_SERVER=42053, STANDALONE=40075], networkLocation: /default-rack, certSerialId: null, persistedOpState: IN_SERVICE, persistedOpStateExpiryEpochSec: 0}53785889-3bf0-451b-ad64-fb7c3b645957{ip: 10.1.0.42, host: fv-az291-847.wgnan5asplgejimfprtllbpdch.jx.internal.cloudapp.net, ports: [REPLICATION=36881, RATIS=46195, RATIS_ADMIN=46195, RATIS_SERVER=46195, STANDALONE=34645], networkLocation: /default-rack, certSerialId: null, persistedOpState: IN_SERVICE, persistedOpStateExpiryEpochSec: 0}, ReplicationConfig: RATIS/THREE, State:ALLOCATED, leaderId:4abb40c6-5512-454b-8b90-80ea8fb75f11, CreationTimestamp2022-05-11T01:30:41.882Z[Etc/UTC]] moved to OPEN state
2022-05-11 01:31:04,553 [grpc-default-executor-3] WARN  server.GrpcLogAppender (LogUtils.java:warn(122)) - omNode-1@group-523986131536->omNode-3-AppendLogResponseHandler: Failed appendEntries: org.apache.ratis.thirdparty.io.grpc.StatusRuntimeException: UNAVAILABLE: io exception
2022-05-11 01:31:04,553 [grpc-default-executor-3] INFO  leader.FollowerInfo (FollowerInfoImpl.java:lambda$new$0(47)) - omNode-1@group-523986131536->omNode-3: nextIndex: updateUnconditionally 500 -> 45
2022-05-11 01:31:04,547 [4abb40c6-5512-454b-8b90-80ea8fb75f11@group-5FFF0977FE0E-LeaderElection70] INFO  segmented.SegmentedRaftLogWorker (SegmentedRaftLogWorker.java:startLogSegment(394)) - 4abb40c6-5512-454b-8b90-80ea8fb75f11@group-5FFF0977FE0E-SegmentedRaftLogWorker: Starting segment from index:0
2022-05-11 01:31:04,560 [grpc-default-executor-3] WARN  server.GrpcLogAppender (LogUtils.java:warn(122)) - omNode-1@group-523986131536->omNode-3-AppendLogResponseHandler: Failed appendEntries: org.apache.ratis.thirdparty.io.grpc.StatusRuntimeException: UNAVAILABLE: io exception
2022-05-11 01:31:04,560 [grpc-default-executor-3] INFO  leader.FollowerInfo (FollowerInfoImpl.java:lambda$new$0(47)) - omNode-1@group-523986131536->omNode-3: nextIndex: updateUnconditionally 502 -> 45
2022-05-11 01:31:04,568 [4abb40c6-5512-454b-8b90-80ea8fb75f11@group-5FFF0977FE0E-SegmentedRaftLogWorker] INFO  segmented.SegmentedRaftLogWorker (SegmentedRaftLogWorker.java:execute(601)) - 4abb40c6-5512-454b-8b90-80ea8fb75f11@group-5FFF0977FE0E-SegmentedRaftLogWorker: created new log segment /home/runner/work/ozone/ozone/hadoop-ozone/integration-test/target/test-dir/MiniOzoneClusterImpl-37128324-e3dc-46f8-950a-3a99f891b880/datanode-2/data/ratis/f03dd486-afb3-46aa-8da9-5fff0977fe0e/current/log_inprogress_0
2022-05-11 01:31:04,572 [grpc-default-executor-3] WARN  server.GrpcLogAppender (LogUtils.java:warn(122)) - omNode-1@group-523986131536->omNode-3-AppendLogResponseHandler: Failed appendEntries: org.apache.ratis.thirdparty.io.grpc.StatusRuntimeException: UNAVAILABLE: io exception
2022-05-11 01:31:04,572 [grpc-default-executor-3] INFO  leader.FollowerInfo (FollowerInfoImpl.java:lambda$new$0(47)) - omNode-1@group-523986131536->omNode-3: nextIndex: updateUnconditionally 502 -> 45
2022-05-11 01:31:04,573 [omNode-2@group-523986131536-StateMachineUpdater] INFO  ratis.OzoneManagerStateMachine (OzoneManagerStateMachine.java:takeSnapshot(436)) - Current Snapshot Index (t:2, i:499)
2022-05-11 01:31:04,573 [omNode-2@group-523986131536-StateMachineUpdater] INFO  impl.StateMachineUpdater (StateMachineUpdater.java:takeSnapshot(281)) - omNode-2@group-523986131536-StateMachineUpdater: Took a snapshot at index 499
2022-05-11 01:31:04,573 [omNode-2@group-523986131536-StateMachineUpdater] INFO  impl.StateMachineUpdater (StateMachineUpdater.java:lambda$new$0(89)) - omNode-2@group-523986131536-StateMachineUpdater: snapshotIndex: updateIncreasingly 449 -> 499
2022-05-11 01:31:04,573 [omNode-2@group-523986131536-StateMachineUpdater] INFO  raftlog.RaftLog (RaftLogBase.java:purge(306)) - omNode-2@group-523986131536-SegmentedRaftLog: purge 499
2022-05-11 01:31:04,573 [omNode-2@group-523986131536-StateMachineUpdater] INFO  raftlog.RaftLog (RaftLogBase.java:lambda$new$0(53)) - omNode-2@group-523986131536-SegmentedRaftLog: snapshotIndex: updateIncreasingly 449 -> 499
2022-05-11 01:31:04,573 [omNode-2@group-523986131536-StateMachineUpdater] INFO  raftlog.RaftLog (RaftLogBase.java:lambda$new$0(53)) - omNode-2@group-523986131536-SegmentedRaftLog: purgeIndex: updateToMax old=449, new=499, updated? true
2022-05-11 01:31:04,588 [grpc-default-executor-3] WARN  server.GrpcLogAppender (LogUtils.java:warn(122)) - omNode-1@group-523986131536->omNode-3-AppendLogResponseHandler: Failed appendEntries: org.apache.ratis.thirdparty.io.grpc.StatusRuntimeException: UNAVAILABLE: io exception
2022-05-11 01:31:04,588 [grpc-default-executor-3] INFO  leader.FollowerInfo (FollowerInfoImpl.java:lambda$new$0(47)) - omNode-1@group-523986131536->omNode-3: nextIndex: updateUnconditionally 503 -> 45
2022-05-11 01:31:04,622 [grpc-default-executor-1] WARN  server.GrpcLogAppender (LogUtils.java:warn(122)) - omNode-1@group-523986131536->omNode-3-AppendLogResponseHandler: Failed appendEntries: org.apache.ratis.thirdparty.io.grpc.StatusRuntimeException: UNAVAILABLE: io exception
2022-05-11 01:31:04,622 [grpc-default-executor-1] INFO  leader.FollowerInfo (FollowerInfoImpl.java:lambda$new$0(47)) - omNode-1@group-523986131536->omNode-3: nextIndex: updateUnconditionally 503 -> 45
2022-05-11 01:31:04,624 [grpc-default-executor-1] WARN  server.GrpcLogAppender (LogUtils.java:warn(122)) - omNode-1@group-523986131536->omNode-3-AppendLogResponseHandler: Failed appendEntries: org.apache.ratis.thirdparty.io.grpc.StatusRuntimeException: UNAVAILABLE: io exception
2022-05-11 01:31:04,624 [grpc-default-executor-1] INFO  leader.FollowerInfo (FollowerInfoImpl.java:lambda$new$0(47)) - omNode-1@group-523986131536->omNode-3: nextIndex: updateUnconditionally 503 -> 45
2022-05-11 01:31:04,656 [4abb40c6-5512-454b-8b90-80ea8fb75f11@group-5FFF0977FE0E-LeaderElection70] INFO  server.RaftServer$Division (ServerState.java:setRaftConf(387)) - 4abb40c6-5512-454b-8b90-80ea8fb75f11@group-5FFF0977FE0E: set configuration 0: [f563069c-118f-4871-9b30-ceec0ce6fdc0|rpc:10.1.0.42:37767|dataStream:|priority:0, 4abb40c6-5512-454b-8b90-80ea8fb75f11|rpc:10.1.0.42:42053|dataStream:|priority:1, 53785889-3bf0-451b-ad64-fb7c3b645957|rpc:10.1.0.42:46195|dataStream:|priority:0], old=null
2022-05-11 01:31:04,658 [grpc-default-executor-1] INFO  ratis.XceiverServerRatis (XceiverServerRatis.java:handleLeaderChangedNotification(863)) - Leader change notification received for group: group-5FFF0977FE0E with new leaderId: 4abb40c6-5512-454b-8b90-80ea8fb75f11
2022-05-11 01:31:04,658 [grpc-default-executor-1] INFO  server.RaftServer$Division (ServerState.java:setLeader(285)) - f563069c-118f-4871-9b30-ceec0ce6fdc0@group-5FFF0977FE0E: change Leader from null to 4abb40c6-5512-454b-8b90-80ea8fb75f11 at term 4 for appendEntries, leader elected after 20918ms
2022-05-11 01:31:04,661 [grpc-default-executor-3] INFO  ratis.XceiverServerRatis (XceiverServerRatis.java:handleLeaderChangedNotification(863)) - Leader change notification received for group: group-5FFF0977FE0E with new leaderId: 4abb40c6-5512-454b-8b90-80ea8fb75f11
2022-05-11 01:31:04,661 [grpc-default-executor-3] INFO  server.RaftServer$Division (ServerState.java:setLeader(285)) - 53785889-3bf0-451b-ad64-fb7c3b645957@group-5FFF0977FE0E: change Leader from null to 4abb40c6-5512-454b-8b90-80ea8fb75f11 at term 4 for appendEntries, leader elected after 20803ms
2022-05-11 01:31:04,661 [grpc-default-executor-0] WARN  server.GrpcLogAppender (LogUtils.java:warn(122)) - omNode-1@group-523986131536->omNode-3-AppendLogResponseHandler: Failed appendEntries: org.apache.ratis.thirdparty.io.grpc.StatusRuntimeException: UNAVAILABLE: io exception
2022-05-11 01:31:04,662 [grpc-default-executor-0] INFO  leader.FollowerInfo (FollowerInfoImpl.java:lambda$new$0(47)) - omNode-1@group-523986131536->omNode-3: nextIndex: updateUnconditionally 504 -> 45
2022-05-11 01:31:04,672 [grpc-default-executor-0] WARN  server.GrpcLogAppender (LogUtils.java:warn(122)) - omNode-1@group-523986131536->omNode-3-AppendLogResponseHandler: Failed appendEntries: org.apache.ratis.thirdparty.io.grpc.StatusRuntimeException: UNAVAILABLE: io exception
2022-05-11 01:31:04,672 [grpc-default-executor-0] INFO  leader.FollowerInfo (FollowerInfoImpl.java:lambda$new$0(47)) - omNode-1@group-523986131536->omNode-3: nextIndex: updateUnconditionally 504 -> 45
2022-05-11 01:31:04,677 [grpc-default-executor-0] WARN  server.GrpcLogAppender (LogUtils.java:warn(122)) - omNode-1@group-523986131536->omNode-3-AppendLogResponseHandler: Failed appendEntries: org.apache.ratis.thirdparty.io.grpc.StatusRuntimeException: UNAVAILABLE: io exception
2022-05-11 01:31:04,678 [grpc-default-executor-0] INFO  leader.FollowerInfo (FollowerInfoImpl.java:lambda$new$0(47)) - omNode-1@group-523986131536->omNode-3: nextIndex: updateUnconditionally 505 -> 45
2022-05-11 01:31:04,687 [grpc-default-executor-1] INFO  server.RaftServer$Division (ServerState.java:setRaftConf(387)) - f563069c-118f-4871-9b30-ceec0ce6fdc0@group-5FFF0977FE0E: set configuration 0: [f563069c-118f-4871-9b30-ceec0ce6fdc0|rpc:10.1.0.42:37767|dataStream:|priority:0, 4abb40c6-5512-454b-8b90-80ea8fb75f11|rpc:10.1.0.42:42053|dataStream:|priority:1, 53785889-3bf0-451b-ad64-fb7c3b645957|rpc:10.1.0.42:46195|dataStream:|priority:0], old=null
2022-05-11 01:31:04,687 [grpc-default-executor-3] INFO  server.RaftServer$Division (ServerState.java:setRaftConf(387)) - 53785889-3bf0-451b-ad64-fb7c3b645957@group-5FFF0977FE0E: set configuration 0: [f563069c-118f-4871-9b30-ceec0ce6fdc0|rpc:10.1.0.42:37767|dataStream:|priority:0, 4abb40c6-5512-454b-8b90-80ea8fb75f11|rpc:10.1.0.42:42053|dataStream:|priority:1, 53785889-3bf0-451b-ad64-fb7c3b645957|rpc:10.1.0.42:46195|dataStream:|priority:0], old=null
2022-05-11 01:31:04,688 [grpc-default-executor-1] INFO  segmented.SegmentedRaftLogWorker (SegmentedRaftLogWorker.java:startLogSegment(394)) - f563069c-118f-4871-9b30-ceec0ce6fdc0@group-5FFF0977FE0E-SegmentedRaftLogWorker: Starting segment from index:0
2022-05-11 01:31:04,688 [grpc-default-executor-3] INFO  segmented.SegmentedRaftLogWorker (SegmentedRaftLogWorker.java:startLogSegment(394)) - 53785889-3bf0-451b-ad64-fb7c3b645957@group-5FFF0977FE0E-SegmentedRaftLogWorker: Starting segment from index:0
2022-05-11 01:31:04,692 [53785889-3bf0-451b-ad64-fb7c3b645957@group-5FFF0977FE0E-SegmentedRaftLogWorker] INFO  segmented.SegmentedRaftLogWorker (SegmentedRaftLogWorker.java:execute(601)) - 53785889-3bf0-451b-ad64-fb7c3b645957@group-5FFF0977FE0E-SegmentedRaftLogWorker: created new log segment /home/runner/work/ozone/ozone/hadoop-ozone/integration-test/target/test-dir/MiniOzoneClusterImpl-37128324-e3dc-46f8-950a-3a99f891b880/datanode-1/data/ratis/f03dd486-afb3-46aa-8da9-5fff0977fe0e/current/log_inprogress_0
2022-05-11 01:31:04,692 [f563069c-118f-4871-9b30-ceec0ce6fdc0@group-5FFF0977FE0E-SegmentedRaftLogWorker] INFO  segmented.SegmentedRaftLogWorker (SegmentedRaftLogWorker.java:execute(601)) - f563069c-118f-4871-9b30-ceec0ce6fdc0@group-5FFF0977FE0E-SegmentedRaftLogWorker: created new log segment /home/runner/work/ozone/ozone/hadoop-ozone/integration-test/target/test-dir/MiniOzoneClusterImpl-37128324-e3dc-46f8-950a-3a99f891b880/datanode-0/data/ratis/f03dd486-afb3-46aa-8da9-5fff0977fe0e/current/log_inprogress_0
2022-05-11 01:31:04,695 [grpc-default-executor-1] WARN  server.GrpcLogAppender (LogUtils.java:warn(122)) - omNode-1@group-523986131536->omNode-3-AppendLogResponseHandler: Failed appendEntries: org.apache.ratis.thirdparty.io.grpc.StatusRuntimeException: UNAVAILABLE: io exception
2022-05-11 01:31:04,695 [grpc-default-executor-1] INFO  leader.FollowerInfo (FollowerInfoImpl.java:lambda$new$0(47)) - omNode-1@group-523986131536->omNode-3: nextIndex: updateUnconditionally 506 -> 45
2022-05-11 01:31:04,734 [grpc-default-executor-1] WARN  server.GrpcLogAppender (LogUtils.java:warn(122)) - omNode-1@group-523986131536->omNode-3-AppendLogResponseHandler: Failed appendEntries: org.apache.ratis.thirdparty.io.grpc.StatusRuntimeException: UNAVAILABLE: io exception
2022-05-11 01:31:04,734 [grpc-default-executor-1] INFO  leader.FollowerInfo (FollowerInfoImpl.java:lambda$new$0(47)) - omNode-1@group-523986131536->omNode-3: nextIndex: updateUnconditionally 507 -> 45
2022-05-11 01:31:04,744 [grpc-default-executor-1] WARN  server.GrpcLogAppender (LogUtils.java:warn(122)) - omNode-1@group-523986131536->omNode-3-AppendLogResponseHandler: Failed appendEntries: org.apache.ratis.thirdparty.io.grpc.StatusRuntimeException: UNAVAILABLE: io exception
2022-05-11 01:31:04,744 [grpc-default-executor-1] INFO  leader.FollowerInfo (FollowerInfoImpl.java:lambda$new$0(47)) - omNode-1@group-523986131536->omNode-3: nextIndex: updateUnconditionally 507 -> 45
2022-05-11 01:31:04,766 [grpc-default-executor-1] WARN  server.GrpcLogAppender (LogUtils.java:warn(122)) - omNode-1@group-523986131536->omNode-3-AppendLogResponseHandler: Failed appendEntries: org.apache.ratis.thirdparty.io.grpc.StatusRuntimeException: UNAVAILABLE: io exception
2022-05-11 01:31:04,768 [grpc-default-executor-1] INFO  leader.FollowerInfo (FollowerInfoImpl.java:lambda$new$0(47)) - omNode-1@group-523986131536->omNode-3: nextIndex: updateUnconditionally 508 -> 45
2022-05-11 01:31:04,778 [grpc-default-executor-1] WARN  server.GrpcLogAppender (LogUtils.java:warn(122)) - omNode-1@group-523986131536->omNode-3-AppendLogResponseHandler: Failed appendEntries: org.apache.ratis.thirdparty.io.grpc.StatusRuntimeException: UNAVAILABLE: io exception
2022-05-11 01:31:04,778 [grpc-default-executor-1] INFO  leader.FollowerInfo (FollowerInfoImpl.java:lambda$new$0(47)) - omNode-1@group-523986131536->omNode-3: nextIndex: updateUnconditionally 508 -> 45
2022-05-11 01:31:04,783 [grpc-default-executor-1] WARN  server.GrpcLogAppender (LogUtils.java:warn(122)) - omNode-1@group-523986131536->omNode-3-AppendLogResponseHandler: Failed appendEntries: org.apache.ratis.thirdparty.io.grpc.StatusRuntimeException: UNAVAILABLE: io exception
2022-05-11 01:31:04,784 [grpc-default-executor-1] INFO  leader.FollowerInfo (FollowerInfoImpl.java:lambda$new$0(47)) - omNode-1@group-523986131536->omNode-3: nextIndex: updateUnconditionally 509 -> 45
2022-05-11 01:31:04,785 [grpc-default-executor-3] WARN  server.GrpcLogAppender (LogUtils.java:warn(122)) - omNode-1@group-523986131536->omNode-3-AppendLogResponseHandler: Failed appendEntries: org.apache.ratis.thirdparty.io.grpc.StatusRuntimeException: UNAVAILABLE: io exception
2022-05-11 01:31:04,785 [grpc-default-executor-3] INFO  leader.FollowerInfo (FollowerInfoImpl.java:lambda$new$0(47)) - omNode-1@group-523986131536->omNode-3: nextIndex: updateUnconditionally 510 -> 45
2022-05-11 01:31:04,795 [grpc-default-executor-3] WARN  server.GrpcLogAppender (LogUtils.java:warn(122)) - omNode-1@group-523986131536->omNode-3-AppendLogResponseHandler: Failed appendEntries: org.apache.ratis.thirdparty.io.grpc.StatusRuntimeException: UNAVAILABLE: io exception
2022-05-11 01:31:04,795 [grpc-default-executor-3] INFO  leader.FollowerInfo (FollowerInfoImpl.java:lambda$new$0(47)) - omNode-1@group-523986131536->omNode-3: nextIndex: updateUnconditionally 510 -> 45
2022-05-11 01:31:04,796 [grpc-default-executor-1] WARN  server.GrpcLogAppender (LogUtils.java:warn(122)) - omNode-1@group-523986131536->omNode-3-AppendLogResponseHandler: Failed appendEntries: org.apache.ratis.thirdparty.io.grpc.StatusRuntimeException: UNAVAILABLE: io exception
2022-05-11 01:31:04,796 [grpc-default-executor-1] INFO  leader.FollowerInfo (FollowerInfoImpl.java:lambda$new$0(47)) - omNode-1@group-523986131536->omNode-3: nextIndex: updateUnconditionally 510 -> 45
2022-05-11 01:31:04,804 [grpc-default-executor-1] WARN  server.GrpcLogAppender (LogUtils.java:warn(122)) - omNode-1@group-523986131536->omNode-3-AppendLogResponseHandler: Failed appendEntries: org.apache.ratis.thirdparty.io.grpc.StatusRuntimeException: UNAVAILABLE: io exception
2022-05-11 01:31:04,804 [grpc-default-executor-1] INFO  leader.FollowerInfo (FollowerInfoImpl.java:lambda$new$0(47)) - omNode-1@group-523986131536->omNode-3: nextIndex: updateUnconditionally 511 -> 45
2022-05-11 01:31:04,814 [grpc-default-executor-1] WARN  server.GrpcLogAppender (LogUtils.java:warn(122)) - omNode-1@group-523986131536->omNode-3-AppendLogResponseHandler: Failed appendEntries: org.apache.ratis.thirdparty.io.grpc.StatusRuntimeException: UNAVAILABLE: io exception
2022-05-11 01:31:04,814 [grpc-default-executor-1] INFO  leader.FollowerInfo (FollowerInfoImpl.java:lambda$new$0(47)) - omNode-1@group-523986131536->omNode-3: nextIndex: updateUnconditionally 511 -> 45
2022-05-11 01:31:04,835 [grpc-default-executor-1] WARN  server.GrpcLogAppender (LogUtils.java:warn(122)) - omNode-1@group-523986131536->omNode-3-AppendLogResponseHandler: Failed appendEntries: org.apache.ratis.thirdparty.io.grpc.StatusRuntimeException: UNAVAILABLE: io exception
2022-05-11 01:31:04,835 [grpc-default-executor-1] INFO  leader.FollowerInfo (FollowerInfoImpl.java:lambda$new$0(47)) - omNode-1@group-523986131536->omNode-3: nextIndex: updateUnconditionally 512 -> 45
2022-05-11 01:31:04,851 [grpc-default-executor-1] WARN  server.GrpcLogAppender (LogUtils.java:warn(122)) - omNode-1@group-523986131536->omNode-3-AppendLogResponseHandler: Failed appendEntries: org.apache.ratis.thirdparty.io.grpc.StatusRuntimeException: UNAVAILABLE: io exception
2022-05-11 01:31:04,851 [grpc-default-executor-1] INFO  leader.FollowerInfo (FollowerInfoImpl.java:lambda$new$0(47)) - omNode-1@group-523986131536->omNode-3: nextIndex: updateUnconditionally 513 -> 45
2022-05-11 01:31:04,855 [grpc-default-executor-1] WARN  server.GrpcLogAppender (LogUtils.java:warn(122)) - omNode-1@group-523986131536->omNode-3-AppendLogResponseHandler: Failed appendEntries: org.apache.ratis.thirdparty.io.grpc.StatusRuntimeException: UNAVAILABLE: io exception
2022-05-11 01:31:04,855 [grpc-default-executor-1] INFO  leader.FollowerInfo (FollowerInfoImpl.java:lambda$new$0(47)) - omNode-1@group-523986131536->omNode-3: nextIndex: updateUnconditionally 514 -> 45
2022-05-11 01:31:04,862 [grpc-default-executor-1] WARN  server.GrpcLogAppender (LogUtils.java:warn(122)) - omNode-1@group-523986131536->omNode-3-AppendLogResponseHandler: Failed appendEntries: org.apache.ratis.thirdparty.io.grpc.StatusRuntimeException: UNAVAILABLE: io exception
2022-05-11 01:31:04,863 [grpc-default-executor-1] INFO  leader.FollowerInfo (FollowerInfoImpl.java:lambda$new$0(47)) - omNode-1@group-523986131536->omNode-3: nextIndex: updateUnconditionally 514 -> 45
2022-05-11 01:31:04,880 [grpc-default-executor-1] WARN  server.GrpcLogAppender (LogUtils.java:warn(122)) - omNode-1@group-523986131536->omNode-3-AppendLogResponseHandler: Failed appendEntries: org.apache.ratis.thirdparty.io.grpc.StatusRuntimeException: UNAVAILABLE: io exception
2022-05-11 01:31:04,880 [grpc-default-executor-1] INFO  leader.FollowerInfo (FollowerInfoImpl.java:lambda$new$0(47)) - omNode-1@group-523986131536->omNode-3: nextIndex: updateUnconditionally 514 -> 45
2022-05-11 01:31:04,890 [grpc-default-executor-1] WARN  server.GrpcLogAppender (LogUtils.java:warn(122)) - omNode-1@group-523986131536->omNode-3-AppendLogResponseHandler: Failed appendEntries: org.apache.ratis.thirdparty.io.grpc.StatusRuntimeException: UNAVAILABLE: io exception
2022-05-11 01:31:04,890 [grpc-default-executor-1] INFO  leader.FollowerInfo (FollowerInfoImpl.java:lambda$new$0(47)) - omNode-1@group-523986131536->omNode-3: nextIndex: updateUnconditionally 515 -> 45
2022-05-11 01:31:04,905 [grpc-default-executor-3] WARN  server.GrpcLogAppender (LogUtils.java:warn(122)) - omNode-1@group-523986131536->omNode-3-AppendLogResponseHandler: Failed appendEntries: org.apache.ratis.thirdparty.io.grpc.StatusRuntimeException: UNAVAILABLE: io exception
2022-05-11 01:31:04,906 [grpc-default-executor-3] INFO  leader.FollowerInfo (FollowerInfoImpl.java:lambda$new$0(47)) - omNode-1@group-523986131536->omNode-3: nextIndex: updateUnconditionally 515 -> 45
2022-05-11 01:31:04,908 [grpc-default-executor-3] WARN  server.GrpcLogAppender (LogUtils.java:warn(122)) - omNode-1@group-523986131536->omNode-3-AppendLogResponseHandler: Failed appendEntries: org.apache.ratis.thirdparty.io.grpc.StatusRuntimeException: UNAVAILABLE: io exception
2022-05-11 01:31:04,908 [grpc-default-executor-3] INFO  leader.FollowerInfo (FollowerInfoImpl.java:lambda$new$0(47)) - omNode-1@group-523986131536->omNode-3: nextIndex: updateUnconditionally 515 -> 45
2022-05-11 01:31:04,912 [grpc-default-executor-1] WARN  server.GrpcLogAppender (LogUtils.java:warn(122)) - omNode-1@group-523986131536->omNode-3-AppendLogResponseHandler: Failed appendEntries: org.apache.ratis.thirdparty.io.grpc.StatusRuntimeException: UNAVAILABLE: io exception
2022-05-11 01:31:04,913 [grpc-default-executor-1] INFO  leader.FollowerInfo (FollowerInfoImpl.java:lambda$new$0(47)) - omNode-1@group-523986131536->omNode-3: nextIndex: updateUnconditionally 516 -> 45
2022-05-11 01:31:04,925 [grpc-default-executor-3] WARN  server.GrpcLogAppender (LogUtils.java:warn(122)) - omNode-1@group-523986131536->omNode-3-AppendLogResponseHandler: Failed appendEntries: org.apache.ratis.thirdparty.io.grpc.StatusRuntimeException: UNAVAILABLE: io exception
2022-05-11 01:31:04,925 [grpc-default-executor-3] INFO  leader.FollowerInfo (FollowerInfoImpl.java:lambda$new$0(47)) - omNode-1@group-523986131536->omNode-3: nextIndex: updateUnconditionally 516 -> 45
2022-05-11 01:31:04,928 [EndpointStateMachine task thread for /0.0.0.0:46775 - 0 ] INFO  ipc.Client (Client.java:handleConnectionFailure(977)) - Retrying connect to server: 0.0.0.0/0.0.0.0:46775. Already tried 8 time(s); retry policy is RetryUpToMaximumCountWithFixedSleep(maxRetries=15, sleepTime=1000 MILLISECONDS)
2022-05-11 01:31:04,931 [grpc-default-executor-3] WARN  server.GrpcLogAppender (LogUtils.java:warn(122)) - omNode-1@group-523986131536->omNode-3-AppendLogResponseHandler: Failed appendEntries: org.apache.ratis.thirdparty.io.grpc.StatusRuntimeException: UNAVAILABLE: io exception
2022-05-11 01:31:04,931 [grpc-default-executor-3] INFO  leader.FollowerInfo (FollowerInfoImpl.java:lambda$new$0(47)) - omNode-1@group-523986131536->omNode-3: nextIndex: updateUnconditionally 518 -> 45
2022-05-11 01:31:04,943 [grpc-default-executor-3] WARN  server.GrpcLogAppender (LogUtils.java:warn(122)) - omNode-1@group-523986131536->omNode-3-AppendLogResponseHandler: Failed appendEntries: org.apache.ratis.thirdparty.io.grpc.StatusRuntimeException: UNAVAILABLE: io exception
2022-05-11 01:31:04,943 [grpc-default-executor-3] INFO  leader.FollowerInfo (FollowerInfoImpl.java:lambda$new$0(47)) - omNode-1@group-523986131536->omNode-3: nextIndex: updateUnconditionally 518 -> 45
2022-05-11 01:31:04,948 [grpc-default-executor-3] WARN  server.GrpcLogAppender (LogUtils.java:warn(122)) - omNode-1@group-523986131536->omNode-3-AppendLogResponseHandler: Failed appendEntries: org.apache.ratis.thirdparty.io.grpc.StatusRuntimeException: UNAVAILABLE: io exception
2022-05-11 01:31:04,948 [grpc-default-executor-3] INFO  leader.FollowerInfo (FollowerInfoImpl.java:lambda$new$0(47)) - omNode-1@group-523986131536->omNode-3: nextIndex: updateUnconditionally 519 -> 45
2022-05-11 01:31:04,964 [grpc-default-executor-1] WARN  server.GrpcLogAppender (LogUtils.java:warn(122)) - omNode-1@group-523986131536->omNode-3-AppendLogResponseHandler: Failed appendEntries: org.apache.ratis.thirdparty.io.grpc.StatusRuntimeException: UNAVAILABLE: io exception
2022-05-11 01:31:04,964 [grpc-default-executor-1] INFO  leader.FollowerInfo (FollowerInfoImpl.java:lambda$new$0(47)) - omNode-1@group-523986131536->omNode-3: nextIndex: updateUnconditionally 519 -> 45
2022-05-11 01:31:04,965 [grpc-default-executor-1] WARN  server.GrpcLogAppender (LogUtils.java:warn(122)) - omNode-1@group-523986131536->omNode-3-AppendLogResponseHandler: Failed appendEntries: org.apache.ratis.thirdparty.io.grpc.StatusRuntimeException: UNAVAILABLE: io exception
2022-05-11 01:31:04,966 [grpc-default-executor-1] INFO  leader.FollowerInfo (FollowerInfoImpl.java:lambda$new$0(47)) - omNode-1@group-523986131536->omNode-3: nextIndex: updateUnconditionally 519 -> 45
2022-05-11 01:31:04,976 [grpc-default-executor-3] WARN  server.GrpcLogAppender (LogUtils.java:warn(122)) - omNode-1@group-523986131536->omNode-3-AppendLogResponseHandler: Failed appendEntries: org.apache.ratis.thirdparty.io.grpc.StatusRuntimeException: UNAVAILABLE: io exception
2022-05-11 01:31:04,976 [grpc-default-executor-3] INFO  leader.FollowerInfo (FollowerInfoImpl.java:lambda$new$0(47)) - omNode-1@group-523986131536->omNode-3: nextIndex: updateUnconditionally 520 -> 45
2022-05-11 01:31:05,035 [grpc-default-executor-3] WARN  server.GrpcLogAppender (LogUtils.java:warn(122)) - omNode-1@group-523986131536->omNode-3-AppendLogResponseHandler: Failed appendEntries: org.apache.ratis.thirdparty.io.grpc.StatusRuntimeException: UNAVAILABLE: io exception
2022-05-11 01:31:05,036 [grpc-default-executor-3] INFO  leader.FollowerInfo (FollowerInfoImpl.java:lambda$new$0(47)) - omNode-1@group-523986131536->omNode-3: nextIndex: updateUnconditionally 520 -> 45
2022-05-11 01:31:05,039 [grpc-default-executor-3] WARN  server.GrpcLogAppender (LogUtils.java:warn(122)) - omNode-1@group-523986131536->omNode-3-AppendLogResponseHandler: Failed appendEntries: org.apache.ratis.thirdparty.io.grpc.StatusRuntimeException: UNAVAILABLE: io exception
2022-05-11 01:31:05,039 [grpc-default-executor-3] INFO  leader.FollowerInfo (FollowerInfoImpl.java:lambda$new$0(47)) - omNode-1@group-523986131536->omNode-3: nextIndex: updateUnconditionally 521 -> 45
2022-05-11 01:31:05,043 [grpc-default-executor-3] WARN  server.GrpcLogAppender (LogUtils.java:warn(122)) - omNode-1@group-523986131536->omNode-3-AppendLogResponseHandler: Failed appendEntries: org.apache.ratis.thirdparty.io.grpc.StatusRuntimeException: UNAVAILABLE: io exception
2022-05-11 01:31:05,043 [grpc-default-executor-3] INFO  leader.FollowerInfo (FollowerInfoImpl.java:lambda$new$0(47)) - omNode-1@group-523986131536->omNode-3: nextIndex: updateUnconditionally 522 -> 45
2022-05-11 01:31:05,048 [grpc-default-executor-3] WARN  server.GrpcLogAppender (LogUtils.java:warn(122)) - omNode-1@group-523986131536->omNode-3-AppendLogResponseHandler: Failed appendEntries: org.apache.ratis.thirdparty.io.grpc.StatusRuntimeException: UNAVAILABLE: io exception
2022-05-11 01:31:05,048 [grpc-default-executor-3] INFO  leader.FollowerInfo (FollowerInfoImpl.java:lambda$new$0(47)) - omNode-1@group-523986131536->omNode-3: nextIndex: updateUnconditionally 522 -> 45
2022-05-11 01:31:05,062 [grpc-default-executor-3] WARN  server.GrpcLogAppender (LogUtils.java:warn(122)) - omNode-1@group-523986131536->omNode-3-AppendLogResponseHandler: Failed appendEntries: org.apache.ratis.thirdparty.io.grpc.StatusRuntimeException: UNAVAILABLE: io exception
2022-05-11 01:31:05,062 [grpc-default-executor-3] INFO  leader.FollowerInfo (FollowerInfoImpl.java:lambda$new$0(47)) - omNode-1@group-523986131536->omNode-3: nextIndex: updateUnconditionally 523 -> 45
2022-05-11 01:31:05,066 [grpc-default-executor-3] WARN  server.GrpcLogAppender (LogUtils.java:warn(122)) - omNode-1@group-523986131536->omNode-3-AppendLogResponseHandler: Failed appendEntries: org.apache.ratis.thirdparty.io.grpc.StatusRuntimeException: UNAVAILABLE: io exception
2022-05-11 01:31:05,066 [grpc-default-executor-3] INFO  leader.FollowerInfo (FollowerInfoImpl.java:lambda$new$0(47)) - omNode-1@group-523986131536->omNode-3: nextIndex: updateUnconditionally 523 -> 45
2022-05-11 01:31:05,083 [grpc-default-executor-1] WARN  server.GrpcLogAppender (LogUtils.java:warn(122)) - omNode-1@group-523986131536->omNode-3-AppendLogResponseHandler: Failed appendEntries: org.apache.ratis.thirdparty.io.grpc.StatusRuntimeException: UNAVAILABLE: io exception
2022-05-11 01:31:05,083 [grpc-default-executor-1] INFO  leader.FollowerInfo (FollowerInfoImpl.java:lambda$new$0(47)) - omNode-1@group-523986131536->omNode-3: nextIndex: updateUnconditionally 524 -> 45
2022-05-11 01:31:05,089 [grpc-default-executor-1] WARN  server.GrpcLogAppender (LogUtils.java:warn(122)) - omNode-1@group-523986131536->omNode-3-AppendLogResponseHandler: Failed appendEntries: org.apache.ratis.thirdparty.io.grpc.StatusRuntimeException: UNAVAILABLE: io exception
2022-05-11 01:31:05,089 [grpc-default-executor-1] INFO  leader.FollowerInfo (FollowerInfoImpl.java:lambda$new$0(47)) - omNode-1@group-523986131536->omNode-3: nextIndex: updateUnconditionally 524 -> 45
2022-05-11 01:31:05,091 [grpc-default-executor-1] WARN  server.GrpcLogAppender (LogUtils.java:warn(122)) - omNode-1@group-523986131536->omNode-3-AppendLogResponseHandler: Failed appendEntries: org.apache.ratis.thirdparty.io.grpc.StatusRuntimeException: UNAVAILABLE: io exception
2022-05-11 01:31:05,091 [grpc-default-executor-1] INFO  leader.FollowerInfo (FollowerInfoImpl.java:lambda$new$0(47)) - omNode-1@group-523986131536->omNode-3: nextIndex: updateUnconditionally 525 -> 45
2022-05-11 01:31:05,096 [grpc-default-executor-3] WARN  server.GrpcLogAppender (LogUtils.java:warn(122)) - omNode-1@group-523986131536->omNode-3-AppendLogResponseHandler: Failed appendEntries: org.apache.ratis.thirdparty.io.grpc.StatusRuntimeException: UNAVAILABLE: io exception
2022-05-11 01:31:05,096 [grpc-default-executor-3] INFO  leader.FollowerInfo (FollowerInfoImpl.java:lambda$new$0(47)) - omNode-1@group-523986131536->omNode-3: nextIndex: updateUnconditionally 526 -> 45
2022-05-11 01:31:05,098 [grpc-default-executor-1] WARN  server.GrpcLogAppender (LogUtils.java:warn(122)) - omNode-1@group-523986131536->omNode-3-AppendLogResponseHandler: Failed appendEntries: org.apache.ratis.thirdparty.io.grpc.StatusRuntimeException: UNAVAILABLE: io exception
2022-05-11 01:31:05,098 [grpc-default-executor-1] INFO  leader.FollowerInfo (FollowerInfoImpl.java:lambda$new$0(47)) - omNode-1@group-523986131536->omNode-3: nextIndex: updateUnconditionally 526 -> 45
2022-05-11 01:31:05,099 [grpc-default-executor-1] WARN  server.GrpcLogAppender (LogUtils.java:warn(122)) - omNode-1@group-523986131536->omNode-3-AppendLogResponseHandler: Failed appendEntries: org.apache.ratis.thirdparty.io.grpc.StatusRuntimeException: UNAVAILABLE: io exception
2022-05-11 01:31:05,099 [grpc-default-executor-1] INFO  leader.FollowerInfo (FollowerInfoImpl.java:lambda$new$0(47)) - omNode-1@group-523986131536->omNode-3: nextIndex: updateUnconditionally 526 -> 45
2022-05-11 01:31:05,101 [grpc-default-executor-1] WARN  server.GrpcLogAppender (LogUtils.java:warn(122)) - omNode-1@group-523986131536->omNode-3-AppendLogResponseHandler: Failed appendEntries: org.apache.ratis.thirdparty.io.grpc.StatusRuntimeException: UNAVAILABLE: io exception
2022-05-11 01:31:05,101 [grpc-default-executor-1] INFO  leader.FollowerInfo (FollowerInfoImpl.java:lambda$new$0(47)) - omNode-1@group-523986131536->omNode-3: nextIndex: updateUnconditionally 526 -> 45
2022-05-11 01:31:05,104 [grpc-default-executor-1] WARN  server.GrpcLogAppender (LogUtils.java:warn(122)) - omNode-1@group-523986131536->omNode-3-AppendLogResponseHandler: Failed appendEntries: org.apache.ratis.thirdparty.io.grpc.StatusRuntimeException: UNAVAILABLE: io exception
2022-05-11 01:31:05,105 [grpc-default-executor-1] INFO  leader.FollowerInfo (FollowerInfoImpl.java:lambda$new$0(47)) - omNode-1@group-523986131536->omNode-3: nextIndex: updateUnconditionally 526 -> 45
2022-05-11 01:31:05,112 [grpc-default-executor-1] WARN  server.GrpcLogAppender (LogUtils.java:warn(122)) - omNode-1@group-523986131536->omNode-3-AppendLogResponseHandler: Failed appendEntries: org.apache.ratis.thirdparty.io.grpc.StatusRuntimeException: UNAVAILABLE: io exception
2022-05-11 01:31:05,112 [grpc-default-executor-1] INFO  leader.FollowerInfo (FollowerInfoImpl.java:lambda$new$0(47)) - omNode-1@group-523986131536->omNode-3: nextIndex: updateUnconditionally 527 -> 45
2022-05-11 01:31:05,115 [grpc-default-executor-1] WARN  server.GrpcLogAppender (LogUtils.java:warn(122)) - omNode-1@group-523986131536->omNode-3-AppendLogResponseHandler: Failed appendEntries: org.apache.ratis.thirdparty.io.grpc.StatusRuntimeException: UNAVAILABLE: io exception
2022-05-11 01:31:05,115 [grpc-default-executor-1] INFO  leader.FollowerInfo (FollowerInfoImpl.java:lambda$new$0(47)) - omNode-1@group-523986131536->omNode-3: nextIndex: updateUnconditionally 527 -> 45
2022-05-11 01:31:05,116 [grpc-default-executor-1] WARN  server.GrpcLogAppender (LogUtils.java:warn(122)) - omNode-1@group-523986131536->omNode-3-AppendLogResponseHandler: Failed appendEntries: org.apache.ratis.thirdparty.io.grpc.StatusRuntimeException: UNAVAILABLE: io exception
2022-05-11 01:31:05,117 [grpc-default-executor-1] INFO  leader.FollowerInfo (FollowerInfoImpl.java:lambda$new$0(47)) - omNode-1@group-523986131536->omNode-3: nextIndex: updateUnconditionally 527 -> 45
2022-05-11 01:31:05,122 [grpc-default-executor-1] WARN  server.GrpcLogAppender (LogUtils.java:warn(122)) - omNode-1@group-523986131536->omNode-3-AppendLogResponseHandler: Failed appendEntries: org.apache.ratis.thirdparty.io.grpc.StatusRuntimeException: UNAVAILABLE: io exception
2022-05-11 01:31:05,122 [grpc-default-executor-1] INFO  leader.FollowerInfo (FollowerInfoImpl.java:lambda$new$0(47)) - omNode-1@group-523986131536->omNode-3: nextIndex: updateUnconditionally 527 -> 45
2022-05-11 01:31:05,123 [grpc-default-executor-1] WARN  server.GrpcLogAppender (LogUtils.java:warn(122)) - omNode-1@group-523986131536->omNode-3-AppendLogResponseHandler: Failed appendEntries: org.apache.ratis.thirdparty.io.grpc.StatusRuntimeException: UNAVAILABLE: io exception
2022-05-11 01:31:05,124 [grpc-default-executor-1] INFO  leader.FollowerInfo (FollowerInfoImpl.java:lambda$new$0(47)) - omNode-1@group-523986131536->omNode-3: nextIndex: updateUnconditionally 527 -> 45
2022-05-11 01:31:05,127 [grpc-default-executor-1] WARN  server.GrpcLogAppender (LogUtils.java:warn(122)) - omNode-1@group-523986131536->omNode-3-AppendLogResponseHandler: Failed appendEntries: org.apache.ratis.thirdparty.io.grpc.StatusRuntimeException: UNAVAILABLE: io exception
2022-05-11 01:31:05,128 [grpc-default-executor-1] INFO  leader.FollowerInfo (FollowerInfoImpl.java:lambda$new$0(47)) - omNode-1@group-523986131536->omNode-3: nextIndex: updateUnconditionally 527 -> 45
2022-05-11 01:31:05,129 [grpc-default-executor-1] WARN  server.GrpcLogAppender (LogUtils.java:warn(122)) - omNode-1@group-523986131536->omNode-3-AppendLogResponseHandler: Failed appendEntries: org.apache.ratis.thirdparty.io.grpc.StatusRuntimeException: UNAVAILABLE: io exception
2022-05-11 01:31:05,129 [grpc-default-executor-1] INFO  leader.FollowerInfo (FollowerInfoImpl.java:lambda$new$0(47)) - omNode-1@group-523986131536->omNode-3: nextIndex: updateUnconditionally 527 -> 45
2022-05-11 01:31:05,134 [grpc-default-executor-1] WARN  server.GrpcLogAppender (LogUtils.java:warn(122)) - omNode-1@group-523986131536->omNode-3-AppendLogResponseHandler: Failed appendEntries: org.apache.ratis.thirdparty.io.grpc.StatusRuntimeException: UNAVAILABLE: io exception
2022-05-11 01:31:05,143 [grpc-default-executor-1] INFO  leader.FollowerInfo (FollowerInfoImpl.java:lambda$new$0(47)) - omNode-1@group-523986131536->omNode-3: nextIndex: updateUnconditionally 527 -> 45
2022-05-11 01:31:05,145 [grpc-default-executor-1] WARN  server.GrpcLogAppender (LogUtils.java:warn(122)) - omNode-1@group-523986131536->omNode-3-AppendLogResponseHandler: Failed appendEntries: org.apache.ratis.thirdparty.io.grpc.StatusRuntimeException: UNAVAILABLE: io exception
2022-05-11 01:31:05,146 [grpc-default-executor-1] INFO  leader.FollowerInfo (FollowerInfoImpl.java:lambda$new$0(47)) - omNode-1@group-523986131536->omNode-3: nextIndex: updateUnconditionally 527 -> 45
2022-05-11 01:31:05,149 [grpc-default-executor-1] WARN  server.GrpcLogAppender (LogUtils.java:warn(122)) - omNode-1@group-523986131536->omNode-3-AppendLogResponseHandler: Failed appendEntries: org.apache.ratis.thirdparty.io.grpc.StatusRuntimeException: UNAVAILABLE: io exception
2022-05-11 01:31:05,149 [grpc-default-executor-1] INFO  leader.FollowerInfo (FollowerInfoImpl.java:lambda$new$0(47)) - omNode-1@group-523986131536->omNode-3: nextIndex: updateUnconditionally 527 -> 45
2022-05-11 01:31:05,152 [grpc-default-executor-1] WARN  server.GrpcLogAppender (LogUtils.java:warn(122)) - omNode-1@group-523986131536->omNode-3-AppendLogResponseHandler: Failed appendEntries: org.apache.ratis.thirdparty.io.grpc.StatusRuntimeException: UNAVAILABLE: io exception
2022-05-11 01:31:05,152 [grpc-default-executor-1] INFO  leader.FollowerInfo (FollowerInfoImpl.java:lambda$new$0(47)) - omNode-1@group-523986131536->omNode-3: nextIndex: updateUnconditionally 528 -> 45
2022-05-11 01:31:05,155 [grpc-default-executor-1] WARN  server.GrpcLogAppender (LogUtils.java:warn(122)) - omNode-1@group-523986131536->omNode-3-AppendLogResponseHandler: Failed appendEntries: org.apache.ratis.thirdparty.io.grpc.StatusRuntimeException: UNAVAILABLE: io exception
2022-05-11 01:31:05,156 [grpc-default-executor-1] INFO  leader.FollowerInfo (FollowerInfoImpl.java:lambda$new$0(47)) - omNode-1@group-523986131536->omNode-3: nextIndex: updateUnconditionally 528 -> 45
2022-05-11 01:31:05,162 [grpc-default-executor-1] WARN  server.GrpcLogAppender (LogUtils.java:warn(122)) - omNode-1@group-523986131536->omNode-3-AppendLogResponseHandler: Failed appendEntries: org.apache.ratis.thirdparty.io.grpc.StatusRuntimeException: UNAVAILABLE: io exception
2022-05-11 01:31:05,162 [grpc-default-executor-1] INFO  leader.FollowerInfo (FollowerInfoImpl.java:lambda$new$0(47)) - omNode-1@group-523986131536->omNode-3: nextIndex: updateUnconditionally 528 -> 45
2022-05-11 01:31:05,167 [grpc-default-executor-1] WARN  server.GrpcLogAppender (LogUtils.java:warn(122)) - omNode-1@group-523986131536->omNode-3-AppendLogResponseHandler: Failed appendEntries: org.apache.ratis.thirdparty.io.grpc.StatusRuntimeException: UNAVAILABLE: io exception
2022-05-11 01:31:05,167 [grpc-default-executor-1] INFO  leader.FollowerInfo (FollowerInfoImpl.java:lambda$new$0(47)) - omNode-1@group-523986131536->omNode-3: nextIndex: updateUnconditionally 529 -> 45
2022-05-11 01:31:05,171 [grpc-default-executor-1] WARN  server.GrpcLogAppender (LogUtils.java:warn(122)) - omNode-1@group-523986131536->omNode-3-AppendLogResponseHandler: Failed appendEntries: org.apache.ratis.thirdparty.io.grpc.StatusRuntimeException: UNAVAILABLE: io exception
2022-05-11 01:31:05,171 [grpc-default-executor-1] INFO  leader.FollowerInfo (FollowerInfoImpl.java:lambda$new$0(47)) - omNode-1@group-523986131536->omNode-3: nextIndex: updateUnconditionally 530 -> 45
2022-05-11 01:31:05,177 [grpc-default-executor-1] WARN  server.GrpcLogAppender (LogUtils.java:warn(122)) - omNode-1@group-523986131536->omNode-3-AppendLogResponseHandler: Failed appendEntries: org.apache.ratis.thirdparty.io.grpc.StatusRuntimeException: UNAVAILABLE: io exception
2022-05-11 01:31:05,177 [grpc-default-executor-1] INFO  leader.FollowerInfo (FollowerInfoImpl.java:lambda$new$0(47)) - omNode-1@group-523986131536->omNode-3: nextIndex: updateUnconditionally 530 -> 45
2022-05-11 01:31:05,189 [grpc-default-executor-1] WARN  server.GrpcLogAppender (LogUtils.java:warn(122)) - omNode-1@group-523986131536->omNode-3-AppendLogResponseHandler: Failed appendEntries: org.apache.ratis.thirdparty.io.grpc.StatusRuntimeException: UNAVAILABLE: io exception
2022-05-11 01:31:05,189 [grpc-default-executor-1] INFO  leader.FollowerInfo (FollowerInfoImpl.java:lambda$new$0(47)) - omNode-1@group-523986131536->omNode-3: nextIndex: updateUnconditionally 530 -> 45
2022-05-11 01:31:05,195 [grpc-default-executor-1] WARN  server.GrpcLogAppender (LogUtils.java:warn(122)) - omNode-1@group-523986131536->omNode-3-AppendLogResponseHandler: Failed appendEntries: org.apache.ratis.thirdparty.io.grpc.StatusRuntimeException: UNAVAILABLE: io exception
2022-05-11 01:31:05,195 [grpc-default-executor-1] INFO  leader.FollowerInfo (FollowerInfoImpl.java:lambda$new$0(47)) - omNode-1@group-523986131536->omNode-3: nextIndex: updateUnconditionally 531 -> 45
2022-05-11 01:31:05,197 [grpc-default-executor-1] WARN  server.GrpcLogAppender (LogUtils.java:warn(122)) - omNode-1@group-523986131536->omNode-3-AppendLogResponseHandler: Failed appendEntries: org.apache.ratis.thirdparty.io.grpc.StatusRuntimeException: UNAVAILABLE: io exception
2022-05-11 01:31:05,197 [grpc-default-executor-1] INFO  leader.FollowerInfo (FollowerInfoImpl.java:lambda$new$0(47)) - omNode-1@group-523986131536->omNode-3: nextIndex: updateUnconditionally 531 -> 45
2022-05-11 01:31:05,207 [grpc-default-executor-1] WARN  server.GrpcLogAppender (LogUtils.java:warn(122)) - omNode-1@group-523986131536->omNode-3-AppendLogResponseHandler: Failed appendEntries: org.apache.ratis.thirdparty.io.grpc.StatusRuntimeException: UNAVAILABLE: io exception
2022-05-11 01:31:05,207 [grpc-default-executor-1] INFO  leader.FollowerInfo (FollowerInfoImpl.java:lambda$new$0(47)) - omNode-1@group-523986131536->omNode-3: nextIndex: updateUnconditionally 531 -> 45
2022-05-11 01:31:05,208 [grpc-default-executor-1] WARN  server.GrpcLogAppender (LogUtils.java:warn(122)) - omNode-1@group-523986131536->omNode-3-AppendLogResponseHandler: Failed appendEntries: org.apache.ratis.thirdparty.io.grpc.StatusRuntimeException: UNAVAILABLE: io exception
2022-05-11 01:31:05,209 [grpc-default-executor-1] INFO  leader.FollowerInfo (FollowerInfoImpl.java:lambda$new$0(47)) - omNode-1@group-523986131536->omNode-3: nextIndex: updateUnconditionally 531 -> 45
2022-05-11 01:31:05,210 [grpc-default-executor-1] WARN  server.GrpcLogAppender (LogUtils.java:warn(122)) - omNode-1@group-523986131536->omNode-3-AppendLogResponseHandler: Failed appendEntries: org.apache.ratis.thirdparty.io.grpc.StatusRuntimeException: UNAVAILABLE: io exception
2022-05-11 01:31:05,213 [grpc-default-executor-1] INFO  leader.FollowerInfo (FollowerInfoImpl.java:lambda$new$0(47)) - omNode-1@group-523986131536->omNode-3: nextIndex: updateUnconditionally 531 -> 45
2022-05-11 01:31:05,214 [grpc-default-executor-1] WARN  server.GrpcLogAppender (LogUtils.java:warn(122)) - omNode-1@group-523986131536->omNode-3-AppendLogResponseHandler: Failed appendEntries: org.apache.ratis.thirdparty.io.grpc.StatusRuntimeException: UNAVAILABLE: io exception
2022-05-11 01:31:05,214 [grpc-default-executor-1] INFO  leader.FollowerInfo (FollowerInfoImpl.java:lambda$new$0(47)) - omNode-1@group-523986131536->omNode-3: nextIndex: updateUnconditionally 531 -> 45
2022-05-11 01:31:05,217 [grpc-default-executor-1] WARN  server.GrpcLogAppender (LogUtils.java:warn(122)) - omNode-1@group-523986131536->omNode-3-AppendLogResponseHandler: Failed appendEntries: org.apache.ratis.thirdparty.io.grpc.StatusRuntimeException: UNAVAILABLE: io exception
2022-05-11 01:31:05,217 [grpc-default-executor-1] INFO  leader.FollowerInfo (FollowerInfoImpl.java:lambda$new$0(47)) - omNode-1@group-523986131536->omNode-3: nextIndex: updateUnconditionally 531 -> 45
2022-05-11 01:31:05,223 [grpc-default-executor-3] WARN  server.GrpcLogAppender (LogUtils.java:warn(122)) - omNode-1@group-523986131536->omNode-3-AppendLogResponseHandler: Failed appendEntries: org.apache.ratis.thirdparty.io.grpc.StatusRuntimeException: UNAVAILABLE: io exception
2022-05-11 01:31:05,224 [grpc-default-executor-3] INFO  leader.FollowerInfo (FollowerInfoImpl.java:lambda$new$0(47)) - omNode-1@group-523986131536->omNode-3: nextIndex: updateUnconditionally 531 -> 45
2022-05-11 01:31:05,227 [grpc-default-executor-3] WARN  server.GrpcLogAppender (LogUtils.java:warn(122)) - omNode-1@group-523986131536->omNode-3-AppendLogResponseHandler: Failed appendEntries: org.apache.ratis.thirdparty.io.grpc.StatusRuntimeException: UNAVAILABLE: io exception
2022-05-11 01:31:05,231 [grpc-default-executor-3] INFO  leader.FollowerInfo (FollowerInfoImpl.java:lambda$new$0(47)) - omNode-1@group-523986131536->omNode-3: nextIndex: updateUnconditionally 531 -> 45
2022-05-11 01:31:05,232 [grpc-default-executor-3] WARN  server.GrpcLogAppender (LogUtils.java:warn(122)) - omNode-1@group-523986131536->omNode-3-AppendLogResponseHandler: Failed appendEntries: org.apache.ratis.thirdparty.io.grpc.StatusRuntimeException: UNAVAILABLE: io exception
2022-05-11 01:31:05,232 [grpc-default-executor-3] INFO  leader.FollowerInfo (FollowerInfoImpl.java:lambda$new$0(47)) - omNode-1@group-523986131536->omNode-3: nextIndex: updateUnconditionally 532 -> 45
2022-05-11 01:31:05,234 [grpc-default-executor-3] WARN  server.GrpcLogAppender (LogUtils.java:warn(122)) - omNode-1@group-523986131536->omNode-3-AppendLogResponseHandler: Failed appendEntries: org.apache.ratis.thirdparty.io.grpc.StatusRuntimeException: UNAVAILABLE: io exception
2022-05-11 01:31:05,234 [grpc-default-executor-3] INFO  leader.FollowerInfo (FollowerInfoImpl.java:lambda$new$0(47)) - omNode-1@group-523986131536->omNode-3: nextIndex: updateUnconditionally 532 -> 45
2022-05-11 01:31:05,239 [grpc-default-executor-3] WARN  server.GrpcLogAppender (LogUtils.java:warn(122)) - omNode-1@group-523986131536->omNode-3-AppendLogResponseHandler: Failed appendEntries: org.apache.ratis.thirdparty.io.grpc.StatusRuntimeException: UNAVAILABLE: io exception
2022-05-11 01:31:05,239 [grpc-default-executor-3] INFO  leader.FollowerInfo (FollowerInfoImpl.java:lambda$new$0(47)) - omNode-1@group-523986131536->omNode-3: nextIndex: updateUnconditionally 532 -> 45
2022-05-11 01:31:05,244 [grpc-default-executor-3] WARN  server.GrpcLogAppender (LogUtils.java:warn(122)) - omNode-1@group-523986131536->omNode-3-AppendLogResponseHandler: Failed appendEntries: org.apache.ratis.thirdparty.io.grpc.StatusRuntimeException: UNAVAILABLE: io exception
2022-05-11 01:31:05,245 [grpc-default-executor-3] INFO  leader.FollowerInfo (FollowerInfoImpl.java:lambda$new$0(47)) - omNode-1@group-523986131536->omNode-3: nextIndex: updateUnconditionally 533 -> 45
2022-05-11 01:31:05,248 [grpc-default-executor-3] WARN  server.GrpcLogAppender (LogUtils.java:warn(122)) - omNode-1@group-523986131536->omNode-3-AppendLogResponseHandler: Failed appendEntries: org.apache.ratis.thirdparty.io.grpc.StatusRuntimeException: UNAVAILABLE: io exception
2022-05-11 01:31:05,248 [grpc-default-executor-3] INFO  leader.FollowerInfo (FollowerInfoImpl.java:lambda$new$0(47)) - omNode-1@group-523986131536->omNode-3: nextIndex: updateUnconditionally 534 -> 45
2022-05-11 01:31:05,255 [grpc-default-executor-3] WARN  server.GrpcLogAppender (LogUtils.java:warn(122)) - omNode-1@group-523986131536->omNode-3-AppendLogResponseHandler: Failed appendEntries: org.apache.ratis.thirdparty.io.grpc.StatusRuntimeException: UNAVAILABLE: io exception
2022-05-11 01:31:05,255 [grpc-default-executor-3] INFO  leader.FollowerInfo (FollowerInfoImpl.java:lambda$new$0(47)) - omNode-1@group-523986131536->omNode-3: nextIndex: updateUnconditionally 534 -> 45
2022-05-11 01:31:05,257 [grpc-default-executor-3] WARN  server.GrpcLogAppender (LogUtils.java:warn(122)) - omNode-1@group-523986131536->omNode-3-AppendLogResponseHandler: Failed appendEntries: org.apache.ratis.thirdparty.io.grpc.StatusRuntimeException: UNAVAILABLE: io exception
2022-05-11 01:31:05,257 [grpc-default-executor-3] INFO  leader.FollowerInfo (FollowerInfoImpl.java:lambda$new$0(47)) - omNode-1@group-523986131536->omNode-3: nextIndex: updateUnconditionally 534 -> 45
2022-05-11 01:31:05,258 [grpc-default-executor-3] WARN  server.GrpcLogAppender (LogUtils.java:warn(122)) - omNode-1@group-523986131536->omNode-3-AppendLogResponseHandler: Failed appendEntries: org.apache.ratis.thirdparty.io.grpc.StatusRuntimeException: UNAVAILABLE: io exception
2022-05-11 01:31:05,259 [grpc-default-executor-3] INFO  leader.FollowerInfo (FollowerInfoImpl.java:lambda$new$0(47)) - omNode-1@group-523986131536->omNode-3: nextIndex: updateUnconditionally 534 -> 45
2022-05-11 01:31:05,265 [grpc-default-executor-3] WARN  server.GrpcLogAppender (LogUtils.java:warn(122)) - omNode-1@group-523986131536->omNode-3-AppendLogResponseHandler: Failed appendEntries: org.apache.ratis.thirdparty.io.grpc.StatusRuntimeException: UNAVAILABLE: io exception
2022-05-11 01:31:05,265 [grpc-default-executor-3] INFO  leader.FollowerInfo (FollowerInfoImpl.java:lambda$new$0(47)) - omNode-1@group-523986131536->omNode-3: nextIndex: updateUnconditionally 534 -> 45
2022-05-11 01:31:05,271 [grpc-default-executor-3] WARN  server.GrpcLogAppender (LogUtils.java:warn(122)) - omNode-1@group-523986131536->omNode-3-AppendLogResponseHandler: Failed appendEntries: org.apache.ratis.thirdparty.io.grpc.StatusRuntimeException: UNAVAILABLE: io exception
2022-05-11 01:31:05,271 [grpc-default-executor-3] INFO  leader.FollowerInfo (FollowerInfoImpl.java:lambda$new$0(47)) - omNode-1@group-523986131536->omNode-3: nextIndex: updateUnconditionally 534 -> 45
2022-05-11 01:31:05,274 [grpc-default-executor-3] WARN  server.GrpcLogAppender (LogUtils.java:warn(122)) - omNode-1@group-523986131536->omNode-3-AppendLogResponseHandler: Failed appendEntries: org.apache.ratis.thirdparty.io.grpc.StatusRuntimeException: UNAVAILABLE: io exception
2022-05-11 01:31:05,275 [grpc-default-executor-3] INFO  leader.FollowerInfo (FollowerInfoImpl.java:lambda$new$0(47)) - omNode-1@group-523986131536->omNode-3: nextIndex: updateUnconditionally 534 -> 45
2022-05-11 01:31:05,280 [grpc-default-executor-3] WARN  server.GrpcLogAppender (LogUtils.java:warn(122)) - omNode-1@group-523986131536->omNode-3-AppendLogResponseHandler: Failed appendEntries: org.apache.ratis.thirdparty.io.grpc.StatusRuntimeException: UNAVAILABLE: io exception
2022-05-11 01:31:05,280 [grpc-default-executor-3] INFO  leader.FollowerInfo (FollowerInfoImpl.java:lambda$new$0(47)) - omNode-1@group-523986131536->omNode-3: nextIndex: updateUnconditionally 535 -> 45
2022-05-11 01:31:05,283 [grpc-default-executor-3] WARN  server.GrpcLogAppender (LogUtils.java:warn(122)) - omNode-1@group-523986131536->omNode-3-AppendLogResponseHandler: Failed appendEntries: org.apache.ratis.thirdparty.io.grpc.StatusRuntimeException: UNAVAILABLE: io exception
2022-05-11 01:31:05,286 [grpc-default-executor-3] INFO  leader.FollowerInfo (FollowerInfoImpl.java:lambda$new$0(47)) - omNode-1@group-523986131536->omNode-3: nextIndex: updateUnconditionally 535 -> 45
2022-05-11 01:31:05,288 [grpc-default-executor-3] WARN  server.GrpcLogAppender (LogUtils.java:warn(122)) - omNode-1@group-523986131536->omNode-3-AppendLogResponseHandler: Failed appendEntries: org.apache.ratis.thirdparty.io.grpc.StatusRuntimeException: UNAVAILABLE: io exception
2022-05-11 01:31:05,288 [grpc-default-executor-3] INFO  leader.FollowerInfo (FollowerInfoImpl.java:lambda$new$0(47)) - omNode-1@group-523986131536->omNode-3: nextIndex: updateUnconditionally 535 -> 45
2022-05-11 01:31:05,292 [grpc-default-executor-3] WARN  server.GrpcLogAppender (LogUtils.java:warn(122)) - omNode-1@group-523986131536->omNode-3-AppendLogResponseHandler: Failed appendEntries: org.apache.ratis.thirdparty.io.grpc.StatusRuntimeException: UNAVAILABLE: io exception
2022-05-11 01:31:05,292 [grpc-default-executor-3] INFO  leader.FollowerInfo (FollowerInfoImpl.java:lambda$new$0(47)) - omNode-1@group-523986131536->omNode-3: nextIndex: updateUnconditionally 535 -> 45
2022-05-11 01:31:05,295 [grpc-default-executor-3] WARN  server.GrpcLogAppender (LogUtils.java:warn(122)) - omNode-1@group-523986131536->omNode-3-AppendLogResponseHandler: Failed appendEntries: org.apache.ratis.thirdparty.io.grpc.StatusRuntimeException: UNAVAILABLE: io exception
2022-05-11 01:31:05,296 [grpc-default-executor-3] INFO  leader.FollowerInfo (FollowerInfoImpl.java:lambda$new$0(47)) - omNode-1@group-523986131536->omNode-3: nextIndex: updateUnconditionally 535 -> 45
2022-05-11 01:31:05,303 [grpc-default-executor-3] WARN  server.GrpcLogAppender (LogUtils.java:warn(122)) - omNode-1@group-523986131536->omNode-3-AppendLogResponseHandler: Failed appendEntries: org.apache.ratis.thirdparty.io.grpc.StatusRuntimeException: UNAVAILABLE: io exception
2022-05-11 01:31:05,304 [grpc-default-executor-3] INFO  leader.FollowerInfo (FollowerInfoImpl.java:lambda$new$0(47)) - omNode-1@group-523986131536->omNode-3: nextIndex: updateUnconditionally 535 -> 45
2022-05-11 01:31:05,306 [grpc-default-executor-3] WARN  server.GrpcLogAppender (LogUtils.java:warn(122)) - omNode-1@group-523986131536->omNode-3-AppendLogResponseHandler: Failed appendEntries: org.apache.ratis.thirdparty.io.grpc.StatusRuntimeException: UNAVAILABLE: io exception
2022-05-11 01:31:05,306 [grpc-default-executor-3] INFO  leader.FollowerInfo (FollowerInfoImpl.java:lambda$new$0(47)) - omNode-1@group-523986131536->omNode-3: nextIndex: updateUnconditionally 535 -> 45
2022-05-11 01:31:05,327 [grpc-default-executor-3] WARN  server.GrpcLogAppender (LogUtils.java:warn(122)) - omNode-1@group-523986131536->omNode-3-AppendLogResponseHandler: Failed appendEntries: org.apache.ratis.thirdparty.io.grpc.StatusRuntimeException: UNAVAILABLE: io exception
2022-05-11 01:31:05,327 [grpc-default-executor-3] INFO  leader.FollowerInfo (FollowerInfoImpl.java:lambda$new$0(47)) - omNode-1@group-523986131536->omNode-3: nextIndex: updateUnconditionally 536 -> 45
2022-05-11 01:31:05,331 [grpc-default-executor-3] WARN  server.GrpcLogAppender (LogUtils.java:warn(122)) - omNode-1@group-523986131536->omNode-3-AppendLogResponseHandler: Failed appendEntries: org.apache.ratis.thirdparty.io.grpc.StatusRuntimeException: UNAVAILABLE: io exception
2022-05-11 01:31:05,331 [grpc-default-executor-3] INFO  leader.FollowerInfo (FollowerInfoImpl.java:lambda$new$0(47)) - omNode-1@group-523986131536->omNode-3: nextIndex: updateUnconditionally 538 -> 45
2022-05-11 01:31:05,333 [grpc-default-executor-3] WARN  server.GrpcLogAppender (LogUtils.java:warn(122)) - omNode-1@group-523986131536->omNode-3-AppendLogResponseHandler: Failed appendEntries: org.apache.ratis.thirdparty.io.grpc.StatusRuntimeException: UNAVAILABLE: io exception
2022-05-11 01:31:05,333 [grpc-default-executor-3] INFO  leader.FollowerInfo (FollowerInfoImpl.java:lambda$new$0(47)) - omNode-1@group-523986131536->omNode-3: nextIndex: updateUnconditionally 538 -> 45
2022-05-11 01:31:05,338 [grpc-default-executor-3] WARN  server.GrpcLogAppender (LogUtils.java:warn(122)) - omNode-1@group-523986131536->omNode-3-AppendLogResponseHandler: Failed appendEntries: org.apache.ratis.thirdparty.io.grpc.StatusRuntimeException: UNAVAILABLE: io exception
2022-05-11 01:31:05,338 [grpc-default-executor-3] INFO  leader.FollowerInfo (FollowerInfoImpl.java:lambda$new$0(47)) - omNode-1@group-523986131536->omNode-3: nextIndex: updateUnconditionally 539 -> 45
2022-05-11 01:31:05,349 [grpc-default-executor-3] WARN  server.GrpcLogAppender (LogUtils.java:warn(122)) - omNode-1@group-523986131536->omNode-3-AppendLogResponseHandler: Failed appendEntries: org.apache.ratis.thirdparty.io.grpc.StatusRuntimeException: UNAVAILABLE: io exception
2022-05-11 01:31:05,349 [grpc-default-executor-3] INFO  leader.FollowerInfo (FollowerInfoImpl.java:lambda$new$0(47)) - omNode-1@group-523986131536->omNode-3: nextIndex: updateUnconditionally 539 -> 45
2022-05-11 01:31:05,351 [grpc-default-executor-3] WARN  server.GrpcLogAppender (LogUtils.java:warn(122)) - omNode-1@group-523986131536->omNode-3-AppendLogResponseHandler: Failed appendEntries: org.apache.ratis.thirdparty.io.grpc.StatusRuntimeException: UNAVAILABLE: io exception
2022-05-11 01:31:05,351 [grpc-default-executor-3] INFO  leader.FollowerInfo (FollowerInfoImpl.java:lambda$new$0(47)) - omNode-1@group-523986131536->omNode-3: nextIndex: updateUnconditionally 539 -> 45
2022-05-11 01:31:05,364 [grpc-default-executor-3] WARN  server.GrpcLogAppender (LogUtils.java:warn(122)) - omNode-1@group-523986131536->omNode-3-AppendLogResponseHandler: Failed appendEntries: org.apache.ratis.thirdparty.io.grpc.StatusRuntimeException: UNAVAILABLE: io exception
2022-05-11 01:31:05,365 [grpc-default-executor-3] INFO  leader.FollowerInfo (FollowerInfoImpl.java:lambda$new$0(47)) - omNode-1@group-523986131536->omNode-3: nextIndex: updateUnconditionally 540 -> 45
2022-05-11 01:31:05,391 [grpc-default-executor-3] WARN  server.GrpcLogAppender (LogUtils.java:warn(122)) - omNode-1@group-523986131536->omNode-3-AppendLogResponseHandler: Failed appendEntries: org.apache.ratis.thirdparty.io.grpc.StatusRuntimeException: UNAVAILABLE: io exception
2022-05-11 01:31:05,392 [grpc-default-executor-3] INFO  leader.FollowerInfo (FollowerInfoImpl.java:lambda$new$0(47)) - omNode-1@group-523986131536->omNode-3: nextIndex: updateUnconditionally 540 -> 45
2022-05-11 01:31:05,394 [grpc-default-executor-3] WARN  server.GrpcLogAppender (LogUtils.java:warn(122)) - omNode-1@group-523986131536->omNode-3-AppendLogResponseHandler: Failed appendEntries: org.apache.ratis.thirdparty.io.grpc.StatusRuntimeException: UNAVAILABLE: io exception
2022-05-11 01:31:05,394 [grpc-default-executor-3] INFO  leader.FollowerInfo (FollowerInfoImpl.java:lambda$new$0(47)) - omNode-1@group-523986131536->omNode-3: nextIndex: updateUnconditionally 541 -> 45
2022-05-11 01:31:05,401 [grpc-default-executor-3] WARN  server.GrpcLogAppender (LogUtils.java:warn(122)) - omNode-1@group-523986131536->omNode-3-AppendLogResponseHandler: Failed appendEntries: org.apache.ratis.thirdparty.io.grpc.StatusRuntimeException: UNAVAILABLE: io exception
2022-05-11 01:31:05,401 [grpc-default-executor-3] INFO  leader.FollowerInfo (FollowerInfoImpl.java:lambda$new$0(47)) - omNode-1@group-523986131536->omNode-3: nextIndex: updateUnconditionally 542 -> 45
2022-05-11 01:31:05,413 [grpc-default-executor-3] WARN  server.GrpcLogAppender (LogUtils.java:warn(122)) - omNode-1@group-523986131536->omNode-3-AppendLogResponseHandler: Failed appendEntries: org.apache.ratis.thirdparty.io.grpc.StatusRuntimeException: UNAVAILABLE: io exception
2022-05-11 01:31:05,413 [grpc-default-executor-3] INFO  leader.FollowerInfo (FollowerInfoImpl.java:lambda$new$0(47)) - omNode-1@group-523986131536->omNode-3: nextIndex: updateUnconditionally 542 -> 45
2022-05-11 01:31:05,431 [grpc-default-executor-1] WARN  server.GrpcLogAppender (LogUtils.java:warn(122)) - omNode-1@group-523986131536->omNode-3-AppendLogResponseHandler: Failed appendEntries: org.apache.ratis.thirdparty.io.grpc.StatusRuntimeException: UNAVAILABLE: io exception
2022-05-11 01:31:05,431 [grpc-default-executor-1] INFO  leader.FollowerInfo (FollowerInfoImpl.java:lambda$new$0(47)) - omNode-1@group-523986131536->omNode-3: nextIndex: updateUnconditionally 543 -> 45
2022-05-11 01:31:05,432 [grpc-default-executor-1] WARN  server.GrpcLogAppender (LogUtils.java:warn(122)) - omNode-1@group-523986131536->omNode-3-AppendLogResponseHandler: Failed appendEntries: org.apache.ratis.thirdparty.io.grpc.StatusRuntimeException: UNAVAILABLE: io exception
2022-05-11 01:31:05,433 [grpc-default-executor-1] INFO  leader.FollowerInfo (FollowerInfoImpl.java:lambda$new$0(47)) - omNode-1@group-523986131536->omNode-3: nextIndex: updateUnconditionally 543 -> 45
2022-05-11 01:31:05,456 [grpc-default-executor-3] WARN  server.GrpcLogAppender (LogUtils.java:warn(122)) - omNode-1@group-523986131536->omNode-3-AppendLogResponseHandler: Failed appendEntries: org.apache.ratis.thirdparty.io.grpc.StatusRuntimeException: UNAVAILABLE: io exception
2022-05-11 01:31:05,456 [grpc-default-executor-3] INFO  leader.FollowerInfo (FollowerInfoImpl.java:lambda$new$0(47)) - omNode-1@group-523986131536->omNode-3: nextIndex: updateUnconditionally 544 -> 45
2022-05-11 01:31:05,464 [grpc-default-executor-3] WARN  server.GrpcLogAppender (LogUtils.java:warn(122)) - omNode-1@group-523986131536->omNode-3-AppendLogResponseHandler: Failed appendEntries: org.apache.ratis.thirdparty.io.grpc.StatusRuntimeException: UNAVAILABLE: io exception
2022-05-11 01:31:05,464 [grpc-default-executor-3] INFO  leader.FollowerInfo (FollowerInfoImpl.java:lambda$new$0(47)) - omNode-1@group-523986131536->omNode-3: nextIndex: updateUnconditionally 544 -> 45
2022-05-11 01:31:05,466 [Listener at 127.0.0.1/35015] INFO  om.OzoneManager (OzoneManager.java:restart(1487)) - OzoneManager RPC server is listening at localhost/127.0.0.1:35015
2022-05-11 01:31:05,466 [Listener at 127.0.0.1/35015] INFO  impl.MetricsSystemImpl (MetricsSystemImpl.java:init(158)) - OzoneManager metrics system started (again)
2022-05-11 01:31:05,474 [grpc-default-executor-3] WARN  server.GrpcLogAppender (LogUtils.java:warn(122)) - omNode-1@group-523986131536->omNode-3-AppendLogResponseHandler: Failed appendEntries: org.apache.ratis.thirdparty.io.grpc.StatusRuntimeException: UNAVAILABLE: io exception
2022-05-11 01:31:05,474 [grpc-default-executor-3] INFO  leader.FollowerInfo (FollowerInfoImpl.java:lambda$new$0(47)) - omNode-1@group-523986131536->omNode-3: nextIndex: updateUnconditionally 545 -> 45
2022-05-11 01:31:05,513 [Listener at 127.0.0.1/35015] WARN  server.ServerUtils (ServerUtils.java:getDBPath(225)) - ozone.om.db.dirs is not configured. We recommend adding this setting. Falling back to ozone.metadata.dirs instead.
2022-05-11 01:31:05,514 [Listener at 127.0.0.1/35015] INFO  codec.OmKeyInfoCodec (OmKeyInfoCodec.java:<init>(49)) - OmKeyInfoCodec ignorePipeline = true
2022-05-11 01:31:05,514 [Listener at 127.0.0.1/35015] INFO  codec.RepeatedOmKeyInfoCodec (RepeatedOmKeyInfoCodec.java:<init>(41)) - RepeatedOmKeyInfoCodec ignorePipeline = true
2022-05-11 01:31:05,605 [Listener at 127.0.0.1/35015] WARN  impl.MetricRegistriesImpl (MetricRegistriesImpl.java:addReporterRegistration(111)) - New reporters are added after registries were created. Some metrics will be missing from the reporter. Please add reporter before adding any new registry.
2022-05-11 01:31:05,605 [Listener at 127.0.0.1/35015] WARN  impl.MetricRegistriesImpl (MetricRegistriesImpl.java:addReporterRegistration(111)) - New reporters are added after registries were created. Some metrics will be missing from the reporter. Please add reporter before adding any new registry.
2022-05-11 01:31:05,606 [Listener at 127.0.0.1/35015] WARN  server.ServerUtils (ServerUtils.java:getDefaultRatisDirectory(237)) - Storage directory for Ratis is not configured. It is a good idea to map this to an SSD disk. Falling back to ozone.metadata.dirs
2022-05-11 01:31:05,607 [Listener at 127.0.0.1/35015] INFO  ratis.OzoneManagerRatisServer (OzoneManagerRatisServer.java:<init>(159)) - Instantiating OM Ratis server with groupID: om-service-test1 and peers: localhost:45267, localhost:41337, localhost:37911
2022-05-11 01:31:05,607 [Listener at 127.0.0.1/35015] INFO  ratis.OzoneManagerStateMachine (OzoneManagerStateMachine.java:loadSnapshotInfoFromDB(627)) - LastAppliedIndex is set from TransactionInfo from OM DB as (t:2, i:43)
2022-05-11 01:31:05,611 [Listener at 127.0.0.1/35015] INFO  server.RaftServer (ConfUtils.java:logGet(44)) - raft.rpc.type = GRPC (default)
2022-05-11 01:31:05,611 [Listener at 127.0.0.1/35015] INFO  grpc.GrpcFactory (GrpcFactory.java:checkPooledByteBufAllocatorUseCacheForAllThreads(48)) - PERFORMANCE WARNING: useCacheForAllThreads is true that may cause Netty to create a lot garbage objects and, as a result, trigger GC.
	It is recommended to disable useCacheForAllThreads by setting -Dorg.apache.ratis.thirdparty.io.netty.allocator.useCacheForAllThreads=false in command line.
2022-05-11 01:31:05,611 [Listener at 127.0.0.1/35015] INFO  grpc.GrpcConfigKeys (ConfUtils.java:logGet(44)) - raft.grpc.admin.port = -1 (default)
2022-05-11 01:31:05,611 [Listener at 127.0.0.1/35015] INFO  grpc.GrpcConfigKeys (ConfUtils.java:logGet(44)) - raft.grpc.server.port = 45267 (custom)
2022-05-11 01:31:05,612 [Listener at 127.0.0.1/35015] INFO  grpc.GrpcConfigKeys (ConfUtils.java:logGet(44)) - raft.grpc.client.port = -1 (default)
2022-05-11 01:31:05,612 [Listener at 127.0.0.1/35015] INFO  grpc.GrpcConfigKeys (ConfUtils.java:logGet(44)) - raft.grpc.server.port = 45267 (custom)
2022-05-11 01:31:05,612 [Listener at 127.0.0.1/35015] INFO  grpc.GrpcConfigKeys (ConfUtils.java:logGet(44)) - raft.grpc.server.port = 45267 (custom)
2022-05-11 01:31:05,612 [Listener at 127.0.0.1/35015] INFO  server.GrpcService (ConfUtils.java:logGet(44)) - raft.grpc.message.size.max = 33554432 (custom)
2022-05-11 01:31:05,612 [Listener at 127.0.0.1/35015] INFO  server.RaftServerConfigKeys (ConfUtils.java:logGet(44)) - raft.server.log.appender.buffer.byte-limit = 33554432 (custom)
2022-05-11 01:31:05,612 [Listener at 127.0.0.1/35015] INFO  server.GrpcService (ConfUtils.java:logGet(44)) - raft.grpc.flow.control.window = 1MB (=1048576) (default)
2022-05-11 01:31:05,613 [Listener at 127.0.0.1/35015] INFO  server.RaftServerConfigKeys (ConfUtils.java:logGet(44)) - raft.server.rpc.request.timeout = 3000ms (default)
2022-05-11 01:31:05,614 [Listener at 127.0.0.1/35015] INFO  impl.DataStreamServerImpl (ConfUtils.java:logGet(44)) - raft.datastream.type = DISABLED (default)
2022-05-11 01:31:05,614 [Listener at 127.0.0.1/35015] INFO  server.RaftServerConfigKeys (ConfUtils.java:logGet(44)) - raft.server.rpc.slowness.timeout = 2s (custom)
2022-05-11 01:31:05,614 [Listener at 127.0.0.1/35015] INFO  server.RaftServerConfigKeys (ConfUtils.java:logGet(44)) - raft.server.leaderelection.leader.step-down.wait-time = 10s (default)
2022-05-11 01:31:05,617 [Listener at 127.0.0.1/35015] INFO  server.RaftServerConfigKeys (ConfUtils.java:logGet(44)) - raft.server.storage.dir = [/home/runner/work/ozone/ozone/hadoop-ozone/integration-test/target/test-dir/MiniOzoneClusterImpl-37128324-e3dc-46f8-950a-3a99f891b880/omNode-3/ratis] (custom)
2022-05-11 01:31:05,618 [Listener at 127.0.0.1/35015] INFO  server.RaftServer (RaftServerProxy.java:lambda$null$1(235)) - omNode-3: found a subdirectory /home/runner/work/ozone/ozone/hadoop-ozone/integration-test/target/test-dir/MiniOzoneClusterImpl-37128324-e3dc-46f8-950a-3a99f891b880/omNode-3/ratis/c9bc4cf4-3bc3-3c60-a66b-523986131536
2022-05-11 01:31:05,618 [Listener at 127.0.0.1/35015] INFO  server.RaftServer (RaftServerProxy.java:addNew(95)) - omNode-3: addNew group-523986131536:[omNode-3|rpc:localhost:45267|priority:0, omNode-1|rpc:localhost:41337|priority:0, omNode-2|rpc:localhost:37911|priority:0] returns group-523986131536:java.util.concurrent.CompletableFuture@1181bea8[Not completed]
2022-05-11 01:31:05,618 [Listener at 127.0.0.1/35015] INFO  om.OzoneManager (OzoneManager.java:initializeRatisServer(1891)) - OzoneManager Ratis server initialized at port 45267
2022-05-11 01:31:05,619 [Listener at 127.0.0.1/35015] INFO  ratis.OzoneManagerRatisServer (OzoneManagerRatisServer.java:start(554)) - Starting OzoneManagerRatisServer omNode-3 at port 45267
2022-05-11 01:31:05,619 [pool-741-thread-1] INFO  server.RaftServer$Division (RaftServerImpl.java:<init>(184)) - omNode-3: new RaftServerImpl for group-523986131536:[omNode-3|rpc:localhost:45267|priority:0, omNode-1|rpc:localhost:41337|priority:0, omNode-2|rpc:localhost:37911|priority:0] with OzoneManagerStateMachine:uninitialized
2022-05-11 01:31:05,623 [pool-741-thread-1] INFO  server.RaftServerConfigKeys (ConfUtils.java:logGet(44)) - raft.server.rpc.timeout.min = 1s (custom)
2022-05-11 01:31:05,623 [pool-741-thread-1] INFO  server.RaftServerConfigKeys (ConfUtils.java:logGet(44)) - raft.server.rpc.timeout.max = 1200ms (custom)
2022-05-11 01:31:05,624 [pool-741-thread-1] INFO  server.RaftServerConfigKeys (ConfUtils.java:logGet(44)) - raft.server.rpc.sleep.time = 25ms (default)
2022-05-11 01:31:05,624 [pool-741-thread-1] INFO  server.RaftServerConfigKeys (ConfUtils.java:logGet(44)) - raft.server.rpc.slowness.timeout = 2s (custom)
2022-05-11 01:31:05,624 [pool-741-thread-1] INFO  server.RaftServerConfigKeys (ConfUtils.java:logGet(44)) - raft.server.leaderelection.leader.step-down.wait-time = 10s (default)
2022-05-11 01:31:05,624 [pool-741-thread-1] INFO  server.RaftServerConfigKeys (ConfUtils.java:logGet(44)) - raft.server.sleep.deviation.threshold = 300ms (default)
2022-05-11 01:31:05,624 [pool-741-thread-1] INFO  server.RaftServerConfigKeys (ConfUtils.java:logGet(44)) - raft.server.log.appender.install.snapshot.enabled = false (custom)
2022-05-11 01:31:05,624 [pool-741-thread-1] INFO  server.RaftServer$Division (ServerState.java:<init>(105)) - omNode-3@group-523986131536: ConfigurationManager, init=-1: [omNode-3|rpc:localhost:45267|priority:0, omNode-1|rpc:localhost:41337|priority:0, omNode-2|rpc:localhost:37911|priority:0], old=null, confs=<EMPTY_MAP>
2022-05-11 01:31:05,624 [pool-741-thread-1] INFO  server.RaftServerConfigKeys (ConfUtils.java:logGet(44)) - raft.server.storage.dir = [/home/runner/work/ozone/ozone/hadoop-ozone/integration-test/target/test-dir/MiniOzoneClusterImpl-37128324-e3dc-46f8-950a-3a99f891b880/omNode-3/ratis] (custom)
2022-05-11 01:31:05,624 [pool-741-thread-1] INFO  server.RaftServerConfigKeys (ConfUtils.java:logGet(44)) - raft.server.log.corruption.policy = EXCEPTION (default)
2022-05-11 01:31:05,624 [pool-741-thread-1] INFO  server.RaftServerConfigKeys (ConfUtils.java:logGet(44)) - raft.server.storage.free-space.min = 0MB (=0) (default)
2022-05-11 01:31:05,628 [pool-741-thread-1] INFO  storage.RaftStorageDirectory (RaftStorageDirectoryImpl.java:tryLock(230)) - Lock on /home/runner/work/ozone/ozone/hadoop-ozone/integration-test/target/test-dir/MiniOzoneClusterImpl-37128324-e3dc-46f8-950a-3a99f891b880/omNode-3/ratis/c9bc4cf4-3bc3-3c60-a66b-523986131536/in_use.lock acquired by nodename 4883@fv-az291-847
2022-05-11 01:31:05,628 [pool-741-thread-1] INFO  storage.RaftStorage (RaftStorageImpl.java:analyzeAndRecoverStorage(110)) - Read RaftStorageMetadata{term=2, votedFor=} from /home/runner/work/ozone/ozone/hadoop-ozone/integration-test/target/test-dir/MiniOzoneClusterImpl-37128324-e3dc-46f8-950a-3a99f891b880/omNode-3/ratis/c9bc4cf4-3bc3-3c60-a66b-523986131536/current/raft-meta
2022-05-11 01:31:05,628 [pool-741-thread-1] INFO  server.RaftServer$Division (ServerState.java:setRaftConf(387)) - omNode-3@group-523986131536: set configuration 0: [omNode-3|rpc:localhost:45267|admin:|client:|dataStream:|priority:0, omNode-1|rpc:localhost:41337|admin:|client:|dataStream:|priority:0, omNode-2|rpc:localhost:37911|admin:|client:|dataStream:|priority:0], old=null
2022-05-11 01:31:05,628 [pool-741-thread-1] INFO  server.RaftServerConfigKeys (ConfUtils.java:logGet(44)) - raft.server.notification.no-leader.timeout = 2s (custom)
2022-05-11 01:31:05,628 [pool-741-thread-1] INFO  server.RaftServerConfigKeys (ConfUtils.java:logGet(44)) - raft.server.log.use.memory = false (default)
2022-05-11 01:31:05,629 [pool-741-thread-1] INFO  server.RaftServerConfigKeys (ConfUtils.java:logGet(44)) - raft.server.log.purge.gap = 50 (custom)
2022-05-11 01:31:05,629 [pool-741-thread-1] INFO  server.RaftServerConfigKeys (ConfUtils.java:logGet(44)) - raft.server.log.appender.buffer.byte-limit = 33554432 (custom)
2022-05-11 01:31:05,639 [pool-741-thread-1] INFO  server.RaftServerConfigKeys (ConfUtils.java:logGet(44)) - raft.server.log.segment.size.max = 4194304 (custom)
2022-05-11 01:31:05,640 [pool-741-thread-1] INFO  server.RaftServerConfigKeys (ConfUtils.java:logGet(44)) - raft.server.log.segment.cache.num.max = 2 (custom)
2022-05-11 01:31:05,640 [pool-741-thread-1] INFO  server.RaftServerConfigKeys (ConfUtils.java:logGet(44)) - raft.server.log.segment.cache.size.max = 200MB (=209715200) (default)
2022-05-11 01:31:05,640 [pool-741-thread-1] INFO  segmented.SegmentedRaftLogWorker (SegmentedRaftLogWorker.java:<init>(182)) - new omNode-3@group-523986131536-SegmentedRaftLogWorker for RaftStorageImpl:Storage Directory /home/runner/work/ozone/ozone/hadoop-ozone/integration-test/target/test-dir/MiniOzoneClusterImpl-37128324-e3dc-46f8-950a-3a99f891b880/omNode-3/ratis/c9bc4cf4-3bc3-3c60-a66b-523986131536
2022-05-11 01:31:05,640 [pool-741-thread-1] INFO  server.RaftServerConfigKeys (ConfUtils.java:logGet(44)) - raft.server.log.queue.byte-limit = 64MB (=67108864) (default)
2022-05-11 01:31:05,640 [pool-741-thread-1] INFO  server.RaftServerConfigKeys (ConfUtils.java:logGet(44)) - raft.server.log.queue.element-limit = 4096 (default)
2022-05-11 01:31:05,640 [pool-741-thread-1] INFO  server.RaftServerConfigKeys (ConfUtils.java:logGet(44)) - raft.server.log.segment.size.max = 4194304 (custom)
2022-05-11 01:31:05,640 [pool-741-thread-1] INFO  server.RaftServerConfigKeys (ConfUtils.java:logGet(44)) - raft.server.log.preallocated.size = 4194304 (custom)
2022-05-11 01:31:05,640 [pool-741-thread-1] INFO  server.RaftServerConfigKeys (ConfUtils.java:logGet(44)) - raft.server.log.force.sync.num = 128 (default)
2022-05-11 01:31:05,640 [pool-741-thread-1] INFO  server.RaftServerConfigKeys (ConfUtils.java:logGet(44)) - raft.server.log.statemachine.data.sync = true (default)
2022-05-11 01:31:05,640 [pool-741-thread-1] INFO  server.RaftServerConfigKeys (ConfUtils.java:logGet(44)) - raft.server.log.statemachine.data.sync.timeout = 10s (default)
2022-05-11 01:31:05,640 [pool-741-thread-1] INFO  server.RaftServerConfigKeys (ConfUtils.java:logGet(44)) - raft.server.log.statemachine.data.sync.timeout.retry = -1 (default)
2022-05-11 01:31:05,646 [pool-741-thread-1] INFO  server.RaftServerConfigKeys (ConfUtils.java:logGet(44)) - raft.server.log.write.buffer.size = 64KB (=65536) (default)
2022-05-11 01:31:05,647 [pool-741-thread-1] INFO  server.RaftServerConfigKeys (ConfUtils.java:logGet(44)) - raft.server.log.statemachine.data.caching.enabled = false (default)
2022-05-11 01:31:05,647 [pool-741-thread-1] INFO  server.RaftServer$Division (ServerState.java:setRaftConf(387)) - omNode-3@group-523986131536: set configuration 0: [omNode-3|rpc:localhost:45267|admin:|client:|dataStream:|priority:0, omNode-1|rpc:localhost:41337|admin:|client:|dataStream:|priority:0, omNode-2|rpc:localhost:37911|admin:|client:|dataStream:|priority:0], old=null
2022-05-11 01:31:05,651 [pool-741-thread-1] INFO  segmented.LogSegment (LogSegment.java:loadSegment(173)) - Successfully read 45 entries from segment file /home/runner/work/ozone/ozone/hadoop-ozone/integration-test/target/test-dir/MiniOzoneClusterImpl-37128324-e3dc-46f8-950a-3a99f891b880/omNode-3/ratis/c9bc4cf4-3bc3-3c60-a66b-523986131536/current/log_inprogress_0
2022-05-11 01:31:05,651 [pool-741-thread-1] INFO  segmented.SegmentedRaftLogWorker (SegmentedRaftLogWorker.java:lambda$new$0(133)) - omNode-3@group-523986131536-SegmentedRaftLogWorker: flushIndex: setUnconditionally 0 -> 44
2022-05-11 01:31:05,651 [pool-741-thread-1] INFO  segmented.SegmentedRaftLogWorker (SegmentedRaftLogWorker.java:lambda$new$0(133)) - omNode-3@group-523986131536-SegmentedRaftLogWorker: safeCacheEvictIndex: setUnconditionally 0 -> -1
2022-05-11 01:31:05,665 [pool-741-thread-1] INFO  raftlog.RaftLog (RaftLogBase.java:lambda$new$0(53)) - omNode-3@group-523986131536-SegmentedRaftLog: commitIndex: updateToMax old=43, new=43, updated? false
2022-05-11 01:31:05,665 [pool-741-thread-1] INFO  server.RaftServerConfigKeys (ConfUtils.java:logGet(44)) - raft.server.snapshot.auto.trigger.enabled = true (custom)
2022-05-11 01:31:05,665 [pool-741-thread-1] INFO  server.RaftServerConfigKeys (ConfUtils.java:logGet(44)) - raft.server.snapshot.auto.trigger.threshold = 50 (custom)
2022-05-11 01:31:05,665 [pool-741-thread-1] INFO  server.RaftServerConfigKeys (ConfUtils.java:logGet(44)) - raft.server.snapshot.retention.file.num = -1 (default)
2022-05-11 01:31:05,666 [pool-741-thread-1] INFO  server.RaftServerConfigKeys (ConfUtils.java:logGet(44)) - raft.server.log.purge.upto.snapshot.index = true (custom)
2022-05-11 01:31:05,666 [pool-741-thread-1] INFO  server.RaftServerConfigKeys (ConfUtils.java:logGet(44)) - raft.server.retrycache.expirytime = 30000ms (custom)
2022-05-11 01:31:05,666 [pool-741-thread-1] INFO  server.RaftServerConfigKeys (ConfUtils.java:logGet(44)) - raft.server.retrycache.statistics.expirytime = 100μs (default)
2022-05-11 01:31:05,667 [Listener at 127.0.0.1/35015] INFO  server.RaftServer$Division (RaftServerImpl.java:start(301)) - omNode-3@group-523986131536: start as a follower, conf=0: [omNode-3|rpc:localhost:45267|admin:|client:|dataStream:|priority:0, omNode-1|rpc:localhost:41337|admin:|client:|dataStream:|priority:0, omNode-2|rpc:localhost:37911|admin:|client:|dataStream:|priority:0], old=null
2022-05-11 01:31:05,668 [Listener at 127.0.0.1/35015] INFO  server.RaftServer$Division (RaftServerImpl.java:setRole(290)) - omNode-3@group-523986131536: changes role from      null to FOLLOWER at term 2 for startAsFollower
2022-05-11 01:31:05,668 [Listener at 127.0.0.1/35015] INFO  impl.RoleInfo (RoleInfo.java:updateAndGet(130)) - omNode-3: start omNode-3@group-523986131536-FollowerState
2022-05-11 01:31:05,675 [Listener at 127.0.0.1/35015] ERROR util.JmxRegister (JmxRegister.java:tryRegister(40)) - Failed to register JMX Bean with name Ratis:service=RaftServer,group=group-523986131536,id=omNode-3
javax.management.InstanceAlreadyExistsException: Ratis:service=RaftServer,group=group-523986131536,id=omNode-3
	at com.sun.jmx.mbeanserver.Repository.addMBean(Repository.java:437)
	at com.sun.jmx.interceptor.DefaultMBeanServerInterceptor.registerWithRepository(DefaultMBeanServerInterceptor.java:1898)
	at com.sun.jmx.interceptor.DefaultMBeanServerInterceptor.registerDynamicMBean(DefaultMBeanServerInterceptor.java:966)
	at com.sun.jmx.interceptor.DefaultMBeanServerInterceptor.registerObject(DefaultMBeanServerInterceptor.java:900)
	at com.sun.jmx.interceptor.DefaultMBeanServerInterceptor.registerMBean(DefaultMBeanServerInterceptor.java:324)
	at com.sun.jmx.mbeanserver.JmxMBeanServer.registerMBean(JmxMBeanServer.java:522)
	at org.apache.ratis.util.JmxRegister.tryRegister(JmxRegister.java:38)
	at org.apache.ratis.util.JmxRegister.register(JmxRegister.java:56)
	at org.apache.ratis.server.impl.RaftServerImpl.registerMBean(RaftServerImpl.java:317)
	at org.apache.ratis.server.impl.RaftServerImpl.start(RaftServerImpl.java:308)
	at java.util.stream.ForEachOps$ForEachOp$OfRef.accept(ForEachOps.java:183)
	at java.util.ArrayList$ArrayListSpliterator.forEachRemaining(ArrayList.java:1384)
	at java.util.stream.AbstractPipeline.copyInto(AbstractPipeline.java:482)
	at java.util.stream.ForEachOps$ForEachTask.compute(ForEachOps.java:290)
	at java.util.concurrent.CountedCompleter.exec(CountedCompleter.java:731)
	at java.util.concurrent.ForkJoinTask.doExec(ForkJoinTask.java:289)
	at java.util.concurrent.ForkJoinTask.doInvoke(ForkJoinTask.java:401)
	at java.util.concurrent.ForkJoinTask.invoke(ForkJoinTask.java:734)
	at java.util.stream.ForEachOps$ForEachOp.evaluateParallel(ForEachOps.java:159)
	at java.util.stream.ForEachOps$ForEachOp$OfRef.evaluateParallel(ForEachOps.java:173)
	at java.util.stream.AbstractPipeline.evaluate(AbstractPipeline.java:233)
	at java.util.stream.ReferencePipeline.forEach(ReferencePipeline.java:485)
	at java.util.stream.ReferencePipeline$Head.forEach(ReferencePipeline.java:650)
	at org.apache.ratis.server.impl.RaftServerProxy.start(RaftServerProxy.java:371)
	at org.apache.hadoop.ozone.om.ratis.OzoneManagerRatisServer.start(OzoneManagerRatisServer.java:556)
	at org.apache.hadoop.ozone.om.OzoneManager.restart(OzoneManager.java:1522)
	at org.apache.hadoop.ozone.om.TestOzoneManagerHAWithData.testOMRestart(TestOzoneManagerHAWithData.java:465)
	at sun.reflect.NativeMethodAccessorImpl.invoke0(Native Method)
	at sun.reflect.NativeMethodAccessorImpl.invoke(NativeMethodAccessorImpl.java:62)
	at sun.reflect.DelegatingMethodAccessorImpl.invoke(DelegatingMethodAccessorImpl.java:43)
	at java.lang.reflect.Method.invoke(Method.java:498)
	at org.junit.platform.commons.util.ReflectionUtils.invokeMethod(ReflectionUtils.java:688)
	at org.junit.jupiter.engine.execution.MethodInvocation.proceed(MethodInvocation.java:60)
	at org.junit.jupiter.engine.execution.InvocationInterceptorChain$ValidatingInvocation.proceed(InvocationInterceptorChain.java:131)
	at org.junit.jupiter.engine.extension.TimeoutInvocation.proceed(TimeoutInvocation.java:46)
	at org.junit.jupiter.engine.extension.TimeoutExtension.intercept(TimeoutExtension.java:149)
	at org.junit.jupiter.engine.extension.TimeoutExtension.interceptTestableMethod(TimeoutExtension.java:140)
	at org.junit.jupiter.engine.extension.TimeoutExtension.interceptTestMethod(TimeoutExtension.java:84)
	at org.junit.jupiter.engine.execution.ExecutableInvoker$ReflectiveInterceptorCall.lambda$ofVoidMethod$0(ExecutableInvoker.java:115)
	at org.junit.jupiter.engine.execution.ExecutableInvoker.lambda$invoke$0(ExecutableInvoker.java:105)
	at org.junit.jupiter.engine.execution.InvocationInterceptorChain$InterceptedInvocation.proceed(InvocationInterceptorChain.java:106)
	at org.junit.jupiter.engine.execution.InvocationInterceptorChain.proceed(InvocationInterceptorChain.java:64)
	at org.junit.jupiter.engine.execution.InvocationInterceptorChain.chainAndInvoke(InvocationInterceptorChain.java:45)
	at org.junit.jupiter.engine.execution.InvocationInterceptorChain.invoke(InvocationInterceptorChain.java:37)
	at org.junit.jupiter.engine.execution.ExecutableInvoker.invoke(ExecutableInvoker.java:104)
	at org.junit.jupiter.engine.execution.ExecutableInvoker.invoke(ExecutableInvoker.java:98)
	at org.junit.jupiter.engine.descriptor.TestMethodTestDescriptor.lambda$invokeTestMethod$6(TestMethodTestDescriptor.java:210)
	at org.junit.platform.engine.support.hierarchical.ThrowableCollector.execute(ThrowableCollector.java:73)
	at org.junit.jupiter.engine.descriptor.TestMethodTestDescriptor.invokeTestMethod(TestMethodTestDescriptor.java:206)
	at org.junit.jupiter.engine.descriptor.TestMethodTestDescriptor.execute(TestMethodTestDescriptor.java:131)
	at org.junit.jupiter.engine.descriptor.TestMethodTestDescriptor.execute(TestMethodTestDescriptor.java:65)
	at org.junit.platform.engine.support.hierarchical.NodeTestTask.lambda$executeRecursively$5(NodeTestTask.java:139)
	at org.junit.platform.engine.support.hierarchical.ThrowableCollector.execute(ThrowableCollector.java:73)
	at org.junit.platform.engine.support.hierarchical.NodeTestTask.lambda$executeRecursively$7(NodeTestTask.java:129)
	at org.junit.platform.engine.support.hierarchical.Node.around(Node.java:137)
	at org.junit.platform.engine.support.hierarchical.NodeTestTask.lambda$executeRecursively$8(NodeTestTask.java:127)
	at org.junit.platform.engine.support.hierarchical.ThrowableCollector.execute(ThrowableCollector.java:73)
	at org.junit.platform.engine.support.hierarchical.NodeTestTask.executeRecursively(NodeTestTask.java:126)
	at org.junit.platform.engine.support.hierarchical.NodeTestTask.execute(NodeTestTask.java:84)
	at java.util.ArrayList.forEach(ArrayList.java:1259)
	at org.junit.platform.engine.support.hierarchical.SameThreadHierarchicalTestExecutorService.invokeAll(SameThreadHierarchicalTestExecutorService.java:38)
	at org.junit.platform.engine.support.hierarchical.NodeTestTask.lambda$executeRecursively$5(NodeTestTask.java:143)
	at org.junit.platform.engine.support.hierarchical.ThrowableCollector.execute(ThrowableCollector.java:73)
	at org.junit.platform.engine.support.hierarchical.NodeTestTask.lambda$executeRecursively$7(NodeTestTask.java:129)
	at org.junit.platform.engine.support.hierarchical.Node.around(Node.java:137)
	at org.junit.platform.engine.support.hierarchical.NodeTestTask.lambda$executeRecursively$8(NodeTestTask.java:127)
	at org.junit.platform.engine.support.hierarchical.ThrowableCollector.execute(ThrowableCollector.java:73)
	at org.junit.platform.engine.support.hierarchical.NodeTestTask.executeRecursively(NodeTestTask.java:126)
	at org.junit.platform.engine.support.hierarchical.NodeTestTask.execute(NodeTestTask.java:84)
	at java.util.ArrayList.forEach(ArrayList.java:1259)
	at org.junit.platform.engine.support.hierarchical.SameThreadHierarchicalTestExecutorService.invokeAll(SameThreadHierarchicalTestExecutorService.java:38)
	at org.junit.platform.engine.support.hierarchical.NodeTestTask.lambda$executeRecursively$5(NodeTestTask.java:143)
	at org.junit.platform.engine.support.hierarchical.ThrowableCollector.execute(ThrowableCollector.java:73)
	at org.junit.platform.engine.support.hierarchical.NodeTestTask.lambda$executeRecursively$7(NodeTestTask.java:129)
	at org.junit.platform.engine.support.hierarchical.Node.around(Node.java:137)
	at org.junit.platform.engine.support.hierarchical.NodeTestTask.lambda$executeRecursively$8(NodeTestTask.java:127)
	at org.junit.platform.engine.support.hierarchical.ThrowableCollector.execute(ThrowableCollector.java:73)
	at org.junit.platform.engine.support.hierarchical.NodeTestTask.executeRecursively(NodeTestTask.java:126)
	at org.junit.platform.engine.support.hierarchical.NodeTestTask.execute(NodeTestTask.java:84)
	at org.junit.platform.engine.support.hierarchical.SameThreadHierarchicalTestExecutorService.submit(SameThreadHierarchicalTestExecutorService.java:32)
	at org.junit.platform.engine.support.hierarchical.HierarchicalTestExecutor.execute(HierarchicalTestExecutor.java:57)
	at org.junit.platform.engine.support.hierarchical.HierarchicalTestEngine.execute(HierarchicalTestEngine.java:51)
	at org.junit.platform.launcher.core.EngineExecutionOrchestrator.execute(EngineExecutionOrchestrator.java:108)
	at org.junit.platform.launcher.core.EngineExecutionOrchestrator.execute(EngineExecutionOrchestrator.java:88)
	at org.junit.platform.launcher.core.EngineExecutionOrchestrator.lambda$execute$0(EngineExecutionOrchestrator.java:54)
	at org.junit.platform.launcher.core.EngineExecutionOrchestrator.withInterceptedStreams(EngineExecutionOrchestrator.java:67)
	at org.junit.platform.launcher.core.EngineExecutionOrchestrator.execute(EngineExecutionOrchestrator.java:52)
	at org.junit.platform.launcher.core.DefaultLauncher.execute(DefaultLauncher.java:96)
	at org.junit.platform.launcher.core.DefaultLauncher.execute(DefaultLauncher.java:75)
	at org.apache.maven.surefire.junitplatform.JUnitPlatformProvider.execute(JUnitPlatformProvider.java:188)
	at org.apache.maven.surefire.junitplatform.JUnitPlatformProvider.invokeAllTests(JUnitPlatformProvider.java:154)
	at org.apache.maven.surefire.junitplatform.JUnitPlatformProvider.invoke(JUnitPlatformProvider.java:124)
	at org.apache.maven.surefire.booter.ForkedBooter.runSuitesInProcess(ForkedBooter.java:428)
	at org.apache.maven.surefire.booter.ForkedBooter.execute(ForkedBooter.java:162)
	at org.apache.maven.surefire.booter.ForkedBooter.run(ForkedBooter.java:562)
	at org.apache.maven.surefire.booter.ForkedBooter.main(ForkedBooter.java:548)
2022-05-11 01:31:05,676 [Listener at 127.0.0.1/35015] INFO  util.JmxRegister (JmxRegister.java:tryRegister(44)) - Successfully registered JMX Bean with object name Ratis:service=RaftServer,group=group-523986131536,id="omNode-3"
2022-05-11 01:31:05,681 [Listener at 127.0.0.1/35015] INFO  server.RaftServer (RaftServerProxy.java:lambda$start$5(374)) - omNode-3: start RPC server
2022-05-11 01:31:05,682 [Listener at 127.0.0.1/35015] INFO  server.GrpcService (GrpcService.java:startImpl(253)) - omNode-3: GrpcService started, listening on 45267
2022-05-11 01:31:05,686 [Listener at 127.0.0.1/35015] INFO  om.OzoneManager (OzoneManager.java:getRpcServer(1027)) - Creating RPC Server
2022-05-11 01:31:05,687 [org.apache.ratis.util.JvmPauseMonitor$$Lambda$637/1274334510@5eb4764b] INFO  util.JvmPauseMonitor (JvmPauseMonitor.java:run(103)) - JvmPauseMonitor-omNode-3: Started
2022-05-11 01:31:05,929 [EndpointStateMachine task thread for /0.0.0.0:46775 - 0 ] INFO  ipc.Client (Client.java:handleConnectionFailure(977)) - Retrying connect to server: 0.0.0.0/0.0.0.0:46775. Already tried 9 time(s); retry policy is RetryUpToMaximumCountWithFixedSleep(maxRetries=15, sleepTime=1000 MILLISECONDS)
2022-05-11 01:31:05,974 [grpc-default-executor-3] WARN  server.GrpcLogAppender (LogUtils.java:warn(122)) - omNode-1@group-523986131536->omNode-3-AppendLogResponseHandler: Failed appendEntries: org.apache.ratis.thirdparty.io.grpc.StatusRuntimeException: UNAVAILABLE: io exception
2022-05-11 01:31:05,975 [grpc-default-executor-3] INFO  leader.FollowerInfo (FollowerInfoImpl.java:lambda$new$0(47)) - omNode-1@group-523986131536->omNode-3: nextIndex: updateUnconditionally 545 -> 45
2022-05-11 01:31:06,004 [grpc-default-executor-1] INFO  server.RaftServer$Division (ServerState.java:setLeader(285)) - omNode-3@group-523986131536: change Leader from null to omNode-1 at term 2 for appendEntries, leader elected after 375ms
2022-05-11 01:31:06,612 [omNode-3@group-523986131536-StateMachineUpdater] INFO  ratis.OzoneManagerStateMachine (OzoneManagerStateMachine.java:takeSnapshot(436)) - Current Snapshot Index (t:2, i:544)
2022-05-11 01:31:06,613 [omNode-3@group-523986131536-StateMachineUpdater] INFO  impl.StateMachineUpdater (StateMachineUpdater.java:takeSnapshot(281)) - omNode-3@group-523986131536-StateMachineUpdater: Took a snapshot at index 544
2022-05-11 01:31:06,613 [omNode-3@group-523986131536-StateMachineUpdater] INFO  impl.StateMachineUpdater (StateMachineUpdater.java:lambda$new$0(89)) - omNode-3@group-523986131536-StateMachineUpdater: snapshotIndex: updateIncreasingly 43 -> 544
2022-05-11 01:31:06,613 [omNode-3@group-523986131536-StateMachineUpdater] INFO  raftlog.RaftLog (RaftLogBase.java:purge(306)) - omNode-3@group-523986131536-SegmentedRaftLog: purge 544
2022-05-11 01:31:06,613 [omNode-3@group-523986131536-StateMachineUpdater] INFO  raftlog.RaftLog (RaftLogBase.java:lambda$new$0(53)) - omNode-3@group-523986131536-SegmentedRaftLog: snapshotIndex: updateIncreasingly 43 -> 544
2022-05-11 01:31:06,613 [omNode-3@group-523986131536-StateMachineUpdater] INFO  raftlog.RaftLog (RaftLogBase.java:lambda$new$0(53)) - omNode-3@group-523986131536-SegmentedRaftLog: purgeIndex: updateToMax old=-1, new=544, updated? true
2022-05-11 01:31:06,772 [Listener at 127.0.0.1/35015] INFO  reflections.Reflections (Reflections.java:scan(232)) - Reflections took 1085 ms to scan 19 urls, producing 61 keys and 3656 values [using 2 cores]
2022-05-11 01:31:06,773 [Listener at 127.0.0.1/35015] INFO  ipc.CallQueueManager (CallQueueManager.java:<init>(90)) - Using callQueue: class java.util.concurrent.LinkedBlockingQueue, queueCapacity: 2000, scheduler: class org.apache.hadoop.ipc.DefaultRpcScheduler, ipcBackoff: false.
2022-05-11 01:31:06,782 [Socket Reader #1 for port 35015] INFO  ipc.Server (Server.java:run(1265)) - Starting Socket Reader #1 for port 35015
2022-05-11 01:31:06,787 [Listener at localhost/35015] INFO  http.BaseHttpServer (BaseHttpServer.java:newHttpServer2BuilderForOzone(209)) - Starting Web-server for ozoneManager at: http://0.0.0.0:44835
2022-05-11 01:31:06,788 [Listener at localhost/35015] INFO  http.BaseHttpServer (BaseHttpServer.java:<init>(107)) - Hadoop Security Enabled: false Ozone Security Enabled: false Ozone HTTP Security Enabled: false 
2022-05-11 01:31:06,789 [Listener at localhost/35015] INFO  server.AuthenticationFilter (AuthenticationFilter.java:constructSecretProvider(240)) - Unable to initialize FileSignerSecretProvider, falling back to use random secrets.
2022-05-11 01:31:06,791 [Listener at localhost/35015] WARN  http.HttpRequestLog (HttpRequestLog.java:getRequestLog(103)) - Jetty request log can only be enabled using Log4j
2022-05-11 01:31:06,793 [Listener at localhost/35015] INFO  http.HttpServer2 (HttpServer2.java:addGlobalFilter(1030)) - Added global filter 'safety' (class=org.apache.hadoop.hdds.server.http.HttpServer2$QuotingInputFilter)
2022-05-11 01:31:06,793 [Listener at localhost/35015] INFO  http.HttpServer2 (HttpServer2.java:addFilter(1006)) - Added filter static_user_filter (class=org.apache.hadoop.http.lib.StaticUserWebFilter$StaticUserFilter) to context ozoneManager
2022-05-11 01:31:06,793 [Listener at localhost/35015] INFO  http.HttpServer2 (HttpServer2.java:addFilter(1014)) - Added filter static_user_filter (class=org.apache.hadoop.http.lib.StaticUserWebFilter$StaticUserFilter) to context logs
2022-05-11 01:31:06,793 [Listener at localhost/35015] INFO  http.HttpServer2 (HttpServer2.java:addFilter(1014)) - Added filter static_user_filter (class=org.apache.hadoop.http.lib.StaticUserWebFilter$StaticUserFilter) to context static
2022-05-11 01:31:06,794 [Listener at localhost/35015] INFO  http.HttpServer2 (HttpServer2.java:bindListener(1249)) - Jetty bound to port 44835
2022-05-11 01:31:06,794 [Listener at localhost/35015] INFO  server.Server (Server.java:doStart(375)) - jetty-9.4.43.v20210629; built: 2021-06-30T11:07:22.254Z; git: 526006ecfa3af7f1a27ef3a288e2bef7ea9dd7e8; jvm 1.8.0_322-b06
2022-05-11 01:31:06,803 [Listener at localhost/35015] INFO  server.session (DefaultSessionIdManager.java:doStart(334)) - DefaultSessionIdManager workerName=node0
2022-05-11 01:31:06,803 [Listener at localhost/35015] INFO  server.session (DefaultSessionIdManager.java:doStart(339)) - No SessionScavenger set, using defaults
2022-05-11 01:31:06,803 [Listener at localhost/35015] INFO  server.session (HouseKeeper.java:startScavenging(132)) - node0 Scavenging every 600000ms
2022-05-11 01:31:06,807 [Listener at localhost/35015] INFO  handler.ContextHandler (ContextHandler.java:doStart(915)) - Started o.e.j.s.ServletContextHandler@5ad34ed2{logs,/logs,file:///home/runner/work/ozone/ozone/hadoop-ozone/integration-test/target/log,AVAILABLE}
2022-05-11 01:31:06,807 [Listener at localhost/35015] INFO  handler.ContextHandler (ContextHandler.java:doStart(915)) - Started o.e.j.s.ServletContextHandler@4cdf35fd{static,/static,file:///home/runner/work/ozone/ozone/hadoop-ozone/integration-test/target/test-classes/webapps/static,AVAILABLE}
2022-05-11 01:31:06,813 [Listener at localhost/35015] INFO  handler.ContextHandler (ContextHandler.java:doStart(915)) - Started o.e.j.w.WebAppContext@6a75a9e4{ozoneManager,/,file:///home/runner/work/ozone/ozone/hadoop-ozone/integration-test/target/test-classes/webapps/ozoneManager/,AVAILABLE}{file:/home/runner/work/ozone/ozone/hadoop-ozone/integration-test/target/test-classes/webapps/ozoneManager}
2022-05-11 01:31:06,819 [Listener at localhost/35015] INFO  server.AbstractConnector (AbstractConnector.java:doStart(331)) - Started ServerConnector@29381a1d{HTTP/1.1, (http/1.1)}{0.0.0.0:44835}
2022-05-11 01:31:06,819 [Listener at localhost/35015] INFO  server.Server (Server.java:doStart(415)) - Started @131983ms
2022-05-11 01:31:06,819 [Listener at localhost/35015] WARN  impl.MetricsSystemImpl (MetricsSystemImpl.java:register(279)) - Sink prometheus already exists!
2022-05-11 01:31:06,823 [Listener at localhost/35015] INFO  http.BaseHttpServer (BaseHttpServer.java:updateConnectorAddress(329)) - HTTP server of ozoneManager listening at http://0.0.0.0:44835
2022-05-11 01:31:06,823 [IPC Server Responder] INFO  ipc.Server (Server.java:run(1507)) - IPC Server Responder: starting
2022-05-11 01:31:06,824 [IPC Server listener on 35015] INFO  ipc.Server (Server.java:run(1344)) - IPC Server listener on 35015: starting
2022-05-11 01:31:06,826 [Listener at localhost/35015] INFO  om.OzoneManager (OzoneManager.java:startTrashEmptier(1835)) - Trash Interval set to 0. Files deleted won't move to trash
2022-05-11 01:31:06,851 [org.apache.hadoop.util.JvmPauseMonitor$Monitor@738132d6] INFO  util.JvmPauseMonitor (JvmPauseMonitor.java:run(188)) - Starting JVM pause monitor
2022-05-11 01:31:06,906 [omNode-1@group-523986131536-StateMachineUpdater] INFO  ratis.OzoneManagerStateMachine (OzoneManagerStateMachine.java:takeSnapshot(436)) - Current Snapshot Index (t:2, i:548)
2022-05-11 01:31:06,907 [omNode-1@group-523986131536-StateMachineUpdater] INFO  impl.StateMachineUpdater (StateMachineUpdater.java:takeSnapshot(281)) - omNode-1@group-523986131536-StateMachineUpdater: Took a snapshot at index 548
2022-05-11 01:31:06,907 [omNode-1@group-523986131536-StateMachineUpdater] INFO  impl.StateMachineUpdater (StateMachineUpdater.java:lambda$new$0(89)) - omNode-1@group-523986131536-StateMachineUpdater: snapshotIndex: updateIncreasingly 498 -> 548
2022-05-11 01:31:06,907 [omNode-1@group-523986131536-StateMachineUpdater] INFO  raftlog.RaftLog (RaftLogBase.java:purge(306)) - omNode-1@group-523986131536-SegmentedRaftLog: purge 548
2022-05-11 01:31:06,907 [omNode-1@group-523986131536-StateMachineUpdater] INFO  raftlog.RaftLog (RaftLogBase.java:lambda$new$0(53)) - omNode-1@group-523986131536-SegmentedRaftLog: snapshotIndex: updateIncreasingly 498 -> 548
2022-05-11 01:31:06,907 [omNode-1@group-523986131536-StateMachineUpdater] INFO  raftlog.RaftLog (RaftLogBase.java:lambda$new$0(53)) - omNode-1@group-523986131536-SegmentedRaftLog: purgeIndex: updateToMax old=498, new=548, updated? true
2022-05-11 01:31:06,929 [EndpointStateMachine task thread for /0.0.0.0:46775 - 0 ] INFO  ipc.Client (Client.java:handleConnectionFailure(977)) - Retrying connect to server: 0.0.0.0/0.0.0.0:46775. Already tried 10 time(s); retry policy is RetryUpToMaximumCountWithFixedSleep(maxRetries=15, sleepTime=1000 MILLISECONDS)
2022-05-11 01:31:06,934 [omNode-2@group-523986131536-StateMachineUpdater] INFO  ratis.OzoneManagerStateMachine (OzoneManagerStateMachine.java:takeSnapshot(436)) - Current Snapshot Index (t:2, i:548)
2022-05-11 01:31:06,934 [omNode-2@group-523986131536-StateMachineUpdater] INFO  impl.StateMachineUpdater (StateMachineUpdater.java:takeSnapshot(281)) - omNode-2@group-523986131536-StateMachineUpdater: Took a snapshot at index 549
2022-05-11 01:31:06,934 [omNode-2@group-523986131536-StateMachineUpdater] INFO  impl.StateMachineUpdater (StateMachineUpdater.java:lambda$new$0(89)) - omNode-2@group-523986131536-StateMachineUpdater: snapshotIndex: updateIncreasingly 499 -> 549
2022-05-11 01:31:06,934 [omNode-2@group-523986131536-StateMachineUpdater] INFO  raftlog.RaftLog (RaftLogBase.java:purge(306)) - omNode-2@group-523986131536-SegmentedRaftLog: purge 549
2022-05-11 01:31:06,934 [omNode-2@group-523986131536-StateMachineUpdater] INFO  raftlog.RaftLog (RaftLogBase.java:lambda$new$0(53)) - omNode-2@group-523986131536-SegmentedRaftLog: snapshotIndex: updateIncreasingly 499 -> 549
2022-05-11 01:31:06,934 [omNode-2@group-523986131536-StateMachineUpdater] INFO  raftlog.RaftLog (RaftLogBase.java:lambda$new$0(53)) - omNode-2@group-523986131536-SegmentedRaftLog: purgeIndex: updateToMax old=499, new=549, updated? true
2022-05-11 01:31:07,363 [Listener at localhost/35015] INFO  om.OzoneManager (OzoneManager.java:stop(1950)) - omNode-3[localhost:35015]: Stopping Ozone Manager
2022-05-11 01:31:07,364 [Listener at localhost/35015] INFO  ipc.Server (Server.java:stop(3414)) - Stopping server on 35015
2022-05-11 01:31:07,370 [IPC Server Responder] INFO  ipc.Server (Server.java:run(1512)) - Stopping IPC Server Responder
2022-05-11 01:31:07,370 [IPC Server listener on 35015] INFO  ipc.Server (Server.java:run(1376)) - Stopping IPC Server listener on 35015
2022-05-11 01:31:07,371 [Listener at localhost/35015] INFO  server.RaftServer (RaftServerProxy.java:lambda$close$6(391)) - omNode-3: close
2022-05-11 01:31:07,371 [Listener at localhost/35015] INFO  server.RaftServer$Division (RaftServerImpl.java:lambda$close$4(412)) - omNode-3@group-523986131536: shutdown
2022-05-11 01:31:07,371 [Listener at localhost/35015] INFO  util.JmxRegister (JmxRegister.java:unregister(73)) - Successfully un-registered JMX Bean with object name Ratis:service=RaftServer,group=group-523986131536,id="omNode-3"
2022-05-11 01:31:07,371 [Listener at localhost/35015] INFO  impl.RoleInfo (RoleInfo.java:shutdownFollowerState(108)) - omNode-3: shutdown omNode-3@group-523986131536-FollowerState
2022-05-11 01:31:07,371 [Listener at localhost/35015] INFO  impl.StateMachineUpdater (StateMachineUpdater.java:stopAndJoin(149)) - omNode-3@group-523986131536-StateMachineUpdater: set stopIndex = 582
2022-05-11 01:31:07,371 [omNode-3@group-523986131536-FollowerState] INFO  impl.FollowerState (FollowerState.java:run(143)) - omNode-3@group-523986131536-FollowerState was interrupted: {}
java.lang.InterruptedException: sleep interrupted
	at java.lang.Thread.sleep(Native Method)
	at java.lang.Thread.sleep(Thread.java:342)
	at java.util.concurrent.TimeUnit.sleep(TimeUnit.java:386)
	at org.apache.ratis.util.TimeDuration.sleep(TimeDuration.java:324)
	at org.apache.ratis.util.TimeDuration.sleep(TimeDuration.java:309)
	at org.apache.ratis.server.impl.FollowerState.run(FollowerState.java:118)
2022-05-11 01:31:07,372 [omNode-3@group-523986131536-StateMachineUpdater] INFO  ratis.OzoneManagerStateMachine (OzoneManagerStateMachine.java:takeSnapshot(436)) - Current Snapshot Index (t:2, i:582)
2022-05-11 01:31:07,372 [omNode-3@group-523986131536-StateMachineUpdater] INFO  impl.StateMachineUpdater (StateMachineUpdater.java:takeSnapshot(281)) - omNode-3@group-523986131536-StateMachineUpdater: Took a snapshot at index 582
2022-05-11 01:31:07,372 [omNode-3@group-523986131536-StateMachineUpdater] INFO  impl.StateMachineUpdater (StateMachineUpdater.java:lambda$new$0(89)) - omNode-3@group-523986131536-StateMachineUpdater: snapshotIndex: updateIncreasingly 544 -> 582
2022-05-11 01:31:07,372 [omNode-3@group-523986131536-StateMachineUpdater] INFO  ratis.OzoneManagerStateMachine (OzoneManagerStateMachine.java:close(490)) - StateMachine has shutdown. Shutdown OzoneManager if not already shutdown.
2022-05-11 01:31:07,372 [omNode-3@group-523986131536-StateMachineUpdater] INFO  ratis.OzoneManagerDoubleBuffer (OzoneManagerDoubleBuffer.java:stop(465)) - Stopping OMDoubleBuffer flush thread
2022-05-11 01:31:07,373 [OMDoubleBufferFlushThread] INFO  ratis.OzoneManagerDoubleBuffer (OzoneManagerDoubleBuffer.java:flushTransactions(385)) - OMDoubleBuffer flush thread OMDoubleBufferFlushThread is interrupted and will exit.
2022-05-11 01:31:07,374 [Listener at localhost/35015] INFO  server.RaftServer$Division (ServerState.java:close(419)) - omNode-3@group-523986131536: closes. applyIndex: 582
2022-05-11 01:31:07,375 [omNode-3@group-523986131536-SegmentedRaftLogWorker] INFO  segmented.SegmentedRaftLogWorker (SegmentedRaftLogWorker.java:run(327)) - omNode-3@group-523986131536-SegmentedRaftLogWorker was interrupted, exiting. There are 0 tasks remaining in the queue.
2022-05-11 01:31:07,375 [Listener at localhost/35015] INFO  segmented.SegmentedRaftLogWorker (SegmentedRaftLogWorker.java:close(237)) - omNode-3@group-523986131536-SegmentedRaftLogWorker close()
2022-05-11 01:31:07,379 [Listener at localhost/35015] INFO  server.GrpcService (GrpcService.java:closeImpl(262)) - omNode-3: shutdown server with port 45267 now
2022-05-11 01:31:07,393 [Listener at localhost/35015] INFO  server.GrpcService (GrpcService.java:closeImpl(271)) - omNode-3: shutdown server with port 45267 successfully
2022-05-11 01:31:07,394 [grpc-default-executor-0] WARN  server.GrpcLogAppender (LogUtils.java:warn(122)) - omNode-1@group-523986131536->omNode-3-AppendLogResponseHandler: Failed appendEntries: org.apache.ratis.thirdparty.io.grpc.StatusRuntimeException: CANCELLED: HTTP/2 error code: CANCEL
Received Rst Stream
2022-05-11 01:31:07,394 [grpc-default-executor-0] INFO  leader.FollowerInfo (FollowerInfoImpl.java:lambda$new$0(47)) - omNode-1@group-523986131536->omNode-3: nextIndex: updateUnconditionally 585 -> 584
2022-05-11 01:31:07,394 [grpc-default-executor-3] WARN  server.GrpcServerProtocolService (LogUtils.java:warn(122)) - omNode-3: installSnapshot onError, lastRequest: omNode-1->omNode-3#206962-t2,previous=(t:2, i:583),leaderCommit=583,initializing? true,entries: size=1, first=(t:2, i:584), METADATAENTRY(c:583): org.apache.ratis.thirdparty.io.grpc.StatusRuntimeException: CANCELLED: client cancelled
2022-05-11 01:31:07,401 [org.apache.ratis.util.JvmPauseMonitor$$Lambda$637/1274334510@5eb4764b] INFO  util.JvmPauseMonitor (JvmPauseMonitor.java:run(109)) - JvmPauseMonitor-omNode-3: Stopped
2022-05-11 01:31:07,401 [Listener at localhost/35015] INFO  ratis.OzoneManagerStateMachine (OzoneManagerStateMachine.java:close(490)) - StateMachine has shutdown. Shutdown OzoneManager if not already shutdown.
2022-05-11 01:31:07,402 [Listener at localhost/35015] INFO  ratis.OzoneManagerDoubleBuffer (OzoneManagerDoubleBuffer.java:stop(477)) - OMDoubleBuffer flush thread is not running.
2022-05-11 01:31:07,402 [Listener at localhost/35015] INFO  handler.ContextHandler (ContextHandler.java:doStop(1153)) - Stopped o.e.j.w.WebAppContext@6a75a9e4{ozoneManager,/,null,STOPPED}{file:/home/runner/work/ozone/ozone/hadoop-ozone/integration-test/target/test-classes/webapps/ozoneManager}
2022-05-11 01:31:07,404 [grpc-default-executor-0] WARN  server.GrpcLogAppender (LogUtils.java:warn(122)) - omNode-1@group-523986131536->omNode-3-AppendLogResponseHandler: Failed appendEntries: org.apache.ratis.thirdparty.io.grpc.StatusRuntimeException: UNAVAILABLE: io exception
2022-05-11 01:31:07,405 [grpc-default-executor-0] INFO  leader.FollowerInfo (FollowerInfoImpl.java:lambda$new$0(47)) - omNode-1@group-523986131536->omNode-3: nextIndex: updateUnconditionally 585 -> 584
2022-05-11 01:31:07,406 [grpc-default-executor-0] WARN  server.GrpcLogAppender (LogUtils.java:warn(122)) - omNode-1@group-523986131536->omNode-3-AppendLogResponseHandler: Failed appendEntries: org.apache.ratis.thirdparty.io.grpc.StatusRuntimeException: UNAVAILABLE: io exception
2022-05-11 01:31:07,406 [grpc-default-executor-0] INFO  leader.FollowerInfo (FollowerInfoImpl.java:lambda$new$0(47)) - omNode-1@group-523986131536->omNode-3: nextIndex: updateUnconditionally 585 -> 584
2022-05-11 01:31:07,407 [Listener at localhost/35015] INFO  server.AbstractConnector (AbstractConnector.java:doStop(381)) - Stopped ServerConnector@29381a1d{HTTP/1.1, (http/1.1)}{0.0.0.0:44835}
2022-05-11 01:31:07,407 [Listener at localhost/35015] INFO  server.session (HouseKeeper.java:stopScavenging(149)) - node0 Stopped scavenging
2022-05-11 01:31:07,407 [Listener at localhost/35015] INFO  handler.ContextHandler (ContextHandler.java:doStop(1153)) - Stopped o.e.j.s.ServletContextHandler@4cdf35fd{static,/static,file:///home/runner/work/ozone/ozone/hadoop-ozone/integration-test/target/test-classes/webapps/static,STOPPED}
2022-05-11 01:31:07,407 [Listener at localhost/35015] INFO  handler.ContextHandler (ContextHandler.java:doStop(1153)) - Stopped o.e.j.s.ServletContextHandler@5ad34ed2{logs,/logs,file:///home/runner/work/ozone/ozone/hadoop-ozone/integration-test/target/log,STOPPED}
2022-05-11 01:31:07,411 [Listener at localhost/35015] INFO  om.OzoneManager (OzoneManager.java:restart(1487)) - OzoneManager RPC server is listening at localhost/127.0.0.1:35015
2022-05-11 01:31:07,411 [Listener at localhost/35015] INFO  impl.MetricsSystemImpl (MetricsSystemImpl.java:init(158)) - OzoneManager metrics system started (again)
2022-05-11 01:31:07,454 [Listener at localhost/35015] WARN  server.ServerUtils (ServerUtils.java:getDBPath(225)) - ozone.om.db.dirs is not configured. We recommend adding this setting. Falling back to ozone.metadata.dirs instead.
2022-05-11 01:31:07,457 [Listener at localhost/35015] INFO  codec.OmKeyInfoCodec (OmKeyInfoCodec.java:<init>(49)) - OmKeyInfoCodec ignorePipeline = true
2022-05-11 01:31:07,457 [Listener at localhost/35015] INFO  codec.RepeatedOmKeyInfoCodec (RepeatedOmKeyInfoCodec.java:<init>(41)) - RepeatedOmKeyInfoCodec ignorePipeline = true
2022-05-11 01:31:07,606 [Listener at localhost/35015] WARN  impl.MetricRegistriesImpl (MetricRegistriesImpl.java:addReporterRegistration(111)) - New reporters are added after registries were created. Some metrics will be missing from the reporter. Please add reporter before adding any new registry.
2022-05-11 01:31:07,606 [Listener at localhost/35015] WARN  impl.MetricRegistriesImpl (MetricRegistriesImpl.java:addReporterRegistration(111)) - New reporters are added after registries were created. Some metrics will be missing from the reporter. Please add reporter before adding any new registry.
2022-05-11 01:31:07,606 [Listener at localhost/35015] WARN  server.ServerUtils (ServerUtils.java:getDefaultRatisDirectory(237)) - Storage directory for Ratis is not configured. It is a good idea to map this to an SSD disk. Falling back to ozone.metadata.dirs
2022-05-11 01:31:07,607 [Listener at localhost/35015] INFO  ratis.OzoneManagerRatisServer (OzoneManagerRatisServer.java:<init>(159)) - Instantiating OM Ratis server with groupID: om-service-test1 and peers: localhost:45267, localhost:41337, localhost:37911
2022-05-11 01:31:07,608 [Listener at localhost/35015] INFO  ratis.OzoneManagerStateMachine (OzoneManagerStateMachine.java:loadSnapshotInfoFromDB(627)) - LastAppliedIndex is set from TransactionInfo from OM DB as (t:2, i:582)
2022-05-11 01:31:07,613 [Listener at localhost/35015] INFO  server.RaftServer (ConfUtils.java:logGet(44)) - raft.rpc.type = GRPC (default)
2022-05-11 01:31:07,613 [Listener at localhost/35015] INFO  grpc.GrpcFactory (GrpcFactory.java:checkPooledByteBufAllocatorUseCacheForAllThreads(48)) - PERFORMANCE WARNING: useCacheForAllThreads is true that may cause Netty to create a lot garbage objects and, as a result, trigger GC.
	It is recommended to disable useCacheForAllThreads by setting -Dorg.apache.ratis.thirdparty.io.netty.allocator.useCacheForAllThreads=false in command line.
2022-05-11 01:31:07,613 [Listener at localhost/35015] INFO  grpc.GrpcConfigKeys (ConfUtils.java:logGet(44)) - raft.grpc.admin.port = -1 (default)
2022-05-11 01:31:07,613 [Listener at localhost/35015] INFO  grpc.GrpcConfigKeys (ConfUtils.java:logGet(44)) - raft.grpc.server.port = 45267 (custom)
2022-05-11 01:31:07,614 [Listener at localhost/35015] INFO  grpc.GrpcConfigKeys (ConfUtils.java:logGet(44)) - raft.grpc.client.port = -1 (default)
2022-05-11 01:31:07,614 [Listener at localhost/35015] INFO  grpc.GrpcConfigKeys (ConfUtils.java:logGet(44)) - raft.grpc.server.port = 45267 (custom)
2022-05-11 01:31:07,614 [Listener at localhost/35015] INFO  grpc.GrpcConfigKeys (ConfUtils.java:logGet(44)) - raft.grpc.server.port = 45267 (custom)
2022-05-11 01:31:07,614 [Listener at localhost/35015] INFO  server.GrpcService (ConfUtils.java:logGet(44)) - raft.grpc.message.size.max = 33554432 (custom)
2022-05-11 01:31:07,614 [Listener at localhost/35015] INFO  server.RaftServerConfigKeys (ConfUtils.java:logGet(44)) - raft.server.log.appender.buffer.byte-limit = 33554432 (custom)
2022-05-11 01:31:07,614 [Listener at localhost/35015] INFO  server.GrpcService (ConfUtils.java:logGet(44)) - raft.grpc.flow.control.window = 1MB (=1048576) (default)
2022-05-11 01:31:07,615 [Listener at localhost/35015] INFO  server.RaftServerConfigKeys (ConfUtils.java:logGet(44)) - raft.server.rpc.request.timeout = 3000ms (default)
2022-05-11 01:31:07,618 [Listener at localhost/35015] INFO  impl.DataStreamServerImpl (ConfUtils.java:logGet(44)) - raft.datastream.type = DISABLED (default)
2022-05-11 01:31:07,618 [Listener at localhost/35015] INFO  server.RaftServerConfigKeys (ConfUtils.java:logGet(44)) - raft.server.rpc.slowness.timeout = 2s (custom)
2022-05-11 01:31:07,618 [Listener at localhost/35015] INFO  server.RaftServerConfigKeys (ConfUtils.java:logGet(44)) - raft.server.leaderelection.leader.step-down.wait-time = 10s (default)
2022-05-11 01:31:07,619 [Listener at localhost/35015] INFO  server.RaftServerConfigKeys (ConfUtils.java:logGet(44)) - raft.server.storage.dir = [/home/runner/work/ozone/ozone/hadoop-ozone/integration-test/target/test-dir/MiniOzoneClusterImpl-37128324-e3dc-46f8-950a-3a99f891b880/omNode-3/ratis] (custom)
2022-05-11 01:31:07,619 [Listener at localhost/35015] INFO  server.RaftServer (RaftServerProxy.java:lambda$null$1(235)) - omNode-3: found a subdirectory /home/runner/work/ozone/ozone/hadoop-ozone/integration-test/target/test-dir/MiniOzoneClusterImpl-37128324-e3dc-46f8-950a-3a99f891b880/omNode-3/ratis/c9bc4cf4-3bc3-3c60-a66b-523986131536
2022-05-11 01:31:07,622 [Listener at localhost/35015] INFO  server.RaftServer (RaftServerProxy.java:addNew(95)) - omNode-3: addNew group-523986131536:[omNode-3|rpc:localhost:45267|priority:0, omNode-1|rpc:localhost:41337|priority:0, omNode-2|rpc:localhost:37911|priority:0] returns group-523986131536:java.util.concurrent.CompletableFuture@76bc765d[Not completed]
2022-05-11 01:31:07,622 [Listener at localhost/35015] INFO  om.OzoneManager (OzoneManager.java:initializeRatisServer(1891)) - OzoneManager Ratis server initialized at port 45267
2022-05-11 01:31:07,622 [Listener at localhost/35015] INFO  ratis.OzoneManagerRatisServer (OzoneManagerRatisServer.java:start(554)) - Starting OzoneManagerRatisServer omNode-3 at port 45267
2022-05-11 01:31:07,623 [pool-772-thread-1] INFO  server.RaftServer$Division (RaftServerImpl.java:<init>(184)) - omNode-3: new RaftServerImpl for group-523986131536:[omNode-3|rpc:localhost:45267|priority:0, omNode-1|rpc:localhost:41337|priority:0, omNode-2|rpc:localhost:37911|priority:0] with OzoneManagerStateMachine:uninitialized
2022-05-11 01:31:07,624 [pool-772-thread-1] INFO  server.RaftServerConfigKeys (ConfUtils.java:logGet(44)) - raft.server.rpc.timeout.min = 1s (custom)
2022-05-11 01:31:07,624 [pool-772-thread-1] INFO  server.RaftServerConfigKeys (ConfUtils.java:logGet(44)) - raft.server.rpc.timeout.max = 1200ms (custom)
2022-05-11 01:31:07,624 [pool-772-thread-1] INFO  server.RaftServerConfigKeys (ConfUtils.java:logGet(44)) - raft.server.rpc.sleep.time = 25ms (default)
2022-05-11 01:31:07,625 [pool-772-thread-1] INFO  server.RaftServerConfigKeys (ConfUtils.java:logGet(44)) - raft.server.rpc.slowness.timeout = 2s (custom)
2022-05-11 01:31:07,625 [pool-772-thread-1] INFO  server.RaftServerConfigKeys (ConfUtils.java:logGet(44)) - raft.server.leaderelection.leader.step-down.wait-time = 10s (default)
2022-05-11 01:31:07,625 [pool-772-thread-1] INFO  server.RaftServerConfigKeys (ConfUtils.java:logGet(44)) - raft.server.sleep.deviation.threshold = 300ms (default)
2022-05-11 01:31:07,625 [pool-772-thread-1] INFO  server.RaftServerConfigKeys (ConfUtils.java:logGet(44)) - raft.server.log.appender.install.snapshot.enabled = false (custom)
2022-05-11 01:31:07,625 [pool-772-thread-1] INFO  server.RaftServer$Division (ServerState.java:<init>(105)) - omNode-3@group-523986131536: ConfigurationManager, init=-1: [omNode-3|rpc:localhost:45267|priority:0, omNode-1|rpc:localhost:41337|priority:0, omNode-2|rpc:localhost:37911|priority:0], old=null, confs=<EMPTY_MAP>
2022-05-11 01:31:07,625 [pool-772-thread-1] INFO  server.RaftServerConfigKeys (ConfUtils.java:logGet(44)) - raft.server.storage.dir = [/home/runner/work/ozone/ozone/hadoop-ozone/integration-test/target/test-dir/MiniOzoneClusterImpl-37128324-e3dc-46f8-950a-3a99f891b880/omNode-3/ratis] (custom)
2022-05-11 01:31:07,625 [pool-772-thread-1] INFO  server.RaftServerConfigKeys (ConfUtils.java:logGet(44)) - raft.server.log.corruption.policy = EXCEPTION (default)
2022-05-11 01:31:07,625 [pool-772-thread-1] INFO  server.RaftServerConfigKeys (ConfUtils.java:logGet(44)) - raft.server.storage.free-space.min = 0MB (=0) (default)
2022-05-11 01:31:07,632 [pool-772-thread-1] INFO  storage.RaftStorageDirectory (RaftStorageDirectoryImpl.java:tryLock(230)) - Lock on /home/runner/work/ozone/ozone/hadoop-ozone/integration-test/target/test-dir/MiniOzoneClusterImpl-37128324-e3dc-46f8-950a-3a99f891b880/omNode-3/ratis/c9bc4cf4-3bc3-3c60-a66b-523986131536/in_use.lock acquired by nodename 4883@fv-az291-847
2022-05-11 01:31:07,632 [pool-772-thread-1] INFO  storage.RaftStorage (RaftStorageImpl.java:analyzeAndRecoverStorage(110)) - Read RaftStorageMetadata{term=2, votedFor=} from /home/runner/work/ozone/ozone/hadoop-ozone/integration-test/target/test-dir/MiniOzoneClusterImpl-37128324-e3dc-46f8-950a-3a99f891b880/omNode-3/ratis/c9bc4cf4-3bc3-3c60-a66b-523986131536/current/raft-meta
2022-05-11 01:31:07,633 [pool-772-thread-1] INFO  server.RaftServer$Division (ServerState.java:setRaftConf(387)) - omNode-3@group-523986131536: set configuration 0: [omNode-3|rpc:localhost:45267|admin:|client:|dataStream:|priority:0, omNode-1|rpc:localhost:41337|admin:|client:|dataStream:|priority:0, omNode-2|rpc:localhost:37911|admin:|client:|dataStream:|priority:0], old=null
2022-05-11 01:31:07,633 [pool-772-thread-1] INFO  server.RaftServerConfigKeys (ConfUtils.java:logGet(44)) - raft.server.notification.no-leader.timeout = 2s (custom)
2022-05-11 01:31:07,633 [pool-772-thread-1] INFO  server.RaftServerConfigKeys (ConfUtils.java:logGet(44)) - raft.server.log.use.memory = false (default)
2022-05-11 01:31:07,633 [pool-772-thread-1] INFO  server.RaftServerConfigKeys (ConfUtils.java:logGet(44)) - raft.server.log.purge.gap = 50 (custom)
2022-05-11 01:31:07,633 [pool-772-thread-1] INFO  server.RaftServerConfigKeys (ConfUtils.java:logGet(44)) - raft.server.log.appender.buffer.byte-limit = 33554432 (custom)
2022-05-11 01:31:07,638 [pool-772-thread-1] INFO  server.RaftServerConfigKeys (ConfUtils.java:logGet(44)) - raft.server.log.segment.size.max = 4194304 (custom)
2022-05-11 01:31:07,639 [pool-772-thread-1] INFO  server.RaftServerConfigKeys (ConfUtils.java:logGet(44)) - raft.server.log.segment.cache.num.max = 2 (custom)
2022-05-11 01:31:07,639 [pool-772-thread-1] INFO  server.RaftServerConfigKeys (ConfUtils.java:logGet(44)) - raft.server.log.segment.cache.size.max = 200MB (=209715200) (default)
2022-05-11 01:31:07,639 [pool-772-thread-1] INFO  segmented.SegmentedRaftLogWorker (SegmentedRaftLogWorker.java:<init>(182)) - new omNode-3@group-523986131536-SegmentedRaftLogWorker for RaftStorageImpl:Storage Directory /home/runner/work/ozone/ozone/hadoop-ozone/integration-test/target/test-dir/MiniOzoneClusterImpl-37128324-e3dc-46f8-950a-3a99f891b880/omNode-3/ratis/c9bc4cf4-3bc3-3c60-a66b-523986131536
2022-05-11 01:31:07,639 [pool-772-thread-1] INFO  server.RaftServerConfigKeys (ConfUtils.java:logGet(44)) - raft.server.log.queue.byte-limit = 64MB (=67108864) (default)
2022-05-11 01:31:07,639 [pool-772-thread-1] INFO  server.RaftServerConfigKeys (ConfUtils.java:logGet(44)) - raft.server.log.queue.element-limit = 4096 (default)
2022-05-11 01:31:07,639 [pool-772-thread-1] INFO  server.RaftServerConfigKeys (ConfUtils.java:logGet(44)) - raft.server.log.segment.size.max = 4194304 (custom)
2022-05-11 01:31:07,639 [pool-772-thread-1] INFO  server.RaftServerConfigKeys (ConfUtils.java:logGet(44)) - raft.server.log.preallocated.size = 4194304 (custom)
2022-05-11 01:31:07,639 [pool-772-thread-1] INFO  server.RaftServerConfigKeys (ConfUtils.java:logGet(44)) - raft.server.log.force.sync.num = 128 (default)
2022-05-11 01:31:07,639 [pool-772-thread-1] INFO  server.RaftServerConfigKeys (ConfUtils.java:logGet(44)) - raft.server.log.statemachine.data.sync = true (default)
2022-05-11 01:31:07,639 [pool-772-thread-1] INFO  server.RaftServerConfigKeys (ConfUtils.java:logGet(44)) - raft.server.log.statemachine.data.sync.timeout = 10s (default)
2022-05-11 01:31:07,639 [pool-772-thread-1] INFO  server.RaftServerConfigKeys (ConfUtils.java:logGet(44)) - raft.server.log.statemachine.data.sync.timeout.retry = -1 (default)
2022-05-11 01:31:07,640 [pool-772-thread-1] INFO  server.RaftServerConfigKeys (ConfUtils.java:logGet(44)) - raft.server.log.write.buffer.size = 64KB (=65536) (default)
2022-05-11 01:31:07,640 [pool-772-thread-1] INFO  server.RaftServerConfigKeys (ConfUtils.java:logGet(44)) - raft.server.log.statemachine.data.caching.enabled = false (default)
2022-05-11 01:31:07,641 [pool-772-thread-1] INFO  server.RaftServer$Division (ServerState.java:setRaftConf(387)) - omNode-3@group-523986131536: set configuration 0: [omNode-3|rpc:localhost:45267|admin:|client:|dataStream:|priority:0, omNode-1|rpc:localhost:41337|admin:|client:|dataStream:|priority:0, omNode-2|rpc:localhost:37911|admin:|client:|dataStream:|priority:0], old=null
2022-05-11 01:31:07,675 [pool-772-thread-1] INFO  segmented.LogSegment (LogSegment.java:loadSegment(173)) - Successfully read 584 entries from segment file /home/runner/work/ozone/ozone/hadoop-ozone/integration-test/target/test-dir/MiniOzoneClusterImpl-37128324-e3dc-46f8-950a-3a99f891b880/omNode-3/ratis/c9bc4cf4-3bc3-3c60-a66b-523986131536/current/log_inprogress_0
2022-05-11 01:31:07,675 [pool-772-thread-1] INFO  segmented.SegmentedRaftLogWorker (SegmentedRaftLogWorker.java:lambda$new$0(133)) - omNode-3@group-523986131536-SegmentedRaftLogWorker: flushIndex: setUnconditionally 0 -> 583
2022-05-11 01:31:07,675 [pool-772-thread-1] INFO  segmented.SegmentedRaftLogWorker (SegmentedRaftLogWorker.java:lambda$new$0(133)) - omNode-3@group-523986131536-SegmentedRaftLogWorker: safeCacheEvictIndex: setUnconditionally 0 -> -1
2022-05-11 01:31:07,683 [pool-772-thread-1] INFO  raftlog.RaftLog (RaftLogBase.java:lambda$new$0(53)) - omNode-3@group-523986131536-SegmentedRaftLog: commitIndex: updateToMax old=582, new=581, updated? false
2022-05-11 01:31:07,683 [pool-772-thread-1] INFO  server.RaftServerConfigKeys (ConfUtils.java:logGet(44)) - raft.server.snapshot.auto.trigger.enabled = true (custom)
2022-05-11 01:31:07,683 [pool-772-thread-1] INFO  server.RaftServerConfigKeys (ConfUtils.java:logGet(44)) - raft.server.snapshot.auto.trigger.threshold = 50 (custom)
2022-05-11 01:31:07,683 [pool-772-thread-1] INFO  server.RaftServerConfigKeys (ConfUtils.java:logGet(44)) - raft.server.snapshot.retention.file.num = -1 (default)
2022-05-11 01:31:07,683 [pool-772-thread-1] INFO  server.RaftServerConfigKeys (ConfUtils.java:logGet(44)) - raft.server.log.purge.upto.snapshot.index = true (custom)
2022-05-11 01:31:07,683 [pool-772-thread-1] INFO  server.RaftServerConfigKeys (ConfUtils.java:logGet(44)) - raft.server.retrycache.expirytime = 30000ms (custom)
2022-05-11 01:31:07,683 [pool-772-thread-1] INFO  server.RaftServerConfigKeys (ConfUtils.java:logGet(44)) - raft.server.retrycache.statistics.expirytime = 100μs (default)
2022-05-11 01:31:07,685 [Listener at localhost/35015] INFO  server.RaftServer$Division (RaftServerImpl.java:start(301)) - omNode-3@group-523986131536: start as a follower, conf=0: [omNode-3|rpc:localhost:45267|admin:|client:|dataStream:|priority:0, omNode-1|rpc:localhost:41337|admin:|client:|dataStream:|priority:0, omNode-2|rpc:localhost:37911|admin:|client:|dataStream:|priority:0], old=null
2022-05-11 01:31:07,685 [Listener at localhost/35015] INFO  server.RaftServer$Division (RaftServerImpl.java:setRole(290)) - omNode-3@group-523986131536: changes role from      null to FOLLOWER at term 2 for startAsFollower
2022-05-11 01:31:07,685 [Listener at localhost/35015] INFO  impl.RoleInfo (RoleInfo.java:updateAndGet(130)) - omNode-3: start omNode-3@group-523986131536-FollowerState
2022-05-11 01:31:07,695 [Listener at localhost/35015] ERROR util.JmxRegister (JmxRegister.java:tryRegister(40)) - Failed to register JMX Bean with name Ratis:service=RaftServer,group=group-523986131536,id=omNode-3
javax.management.InstanceAlreadyExistsException: Ratis:service=RaftServer,group=group-523986131536,id=omNode-3
	at com.sun.jmx.mbeanserver.Repository.addMBean(Repository.java:437)
	at com.sun.jmx.interceptor.DefaultMBeanServerInterceptor.registerWithRepository(DefaultMBeanServerInterceptor.java:1898)
	at com.sun.jmx.interceptor.DefaultMBeanServerInterceptor.registerDynamicMBean(DefaultMBeanServerInterceptor.java:966)
	at com.sun.jmx.interceptor.DefaultMBeanServerInterceptor.registerObject(DefaultMBeanServerInterceptor.java:900)
	at com.sun.jmx.interceptor.DefaultMBeanServerInterceptor.registerMBean(DefaultMBeanServerInterceptor.java:324)
	at com.sun.jmx.mbeanserver.JmxMBeanServer.registerMBean(JmxMBeanServer.java:522)
	at org.apache.ratis.util.JmxRegister.tryRegister(JmxRegister.java:38)
	at org.apache.ratis.util.JmxRegister.register(JmxRegister.java:56)
	at org.apache.ratis.server.impl.RaftServerImpl.registerMBean(RaftServerImpl.java:317)
	at org.apache.ratis.server.impl.RaftServerImpl.start(RaftServerImpl.java:308)
	at java.util.stream.ForEachOps$ForEachOp$OfRef.accept(ForEachOps.java:183)
	at java.util.ArrayList$ArrayListSpliterator.forEachRemaining(ArrayList.java:1384)
	at java.util.stream.AbstractPipeline.copyInto(AbstractPipeline.java:482)
	at java.util.stream.ForEachOps$ForEachTask.compute(ForEachOps.java:290)
	at java.util.concurrent.CountedCompleter.exec(CountedCompleter.java:731)
	at java.util.concurrent.ForkJoinTask.doExec(ForkJoinTask.java:289)
	at java.util.concurrent.ForkJoinTask.doInvoke(ForkJoinTask.java:401)
	at java.util.concurrent.ForkJoinTask.invoke(ForkJoinTask.java:734)
	at java.util.stream.ForEachOps$ForEachOp.evaluateParallel(ForEachOps.java:159)
	at java.util.stream.ForEachOps$ForEachOp$OfRef.evaluateParallel(ForEachOps.java:173)
	at java.util.stream.AbstractPipeline.evaluate(AbstractPipeline.java:233)
	at java.util.stream.ReferencePipeline.forEach(ReferencePipeline.java:485)
	at java.util.stream.ReferencePipeline$Head.forEach(ReferencePipeline.java:650)
	at org.apache.ratis.server.impl.RaftServerProxy.start(RaftServerProxy.java:371)
	at org.apache.hadoop.ozone.om.ratis.OzoneManagerRatisServer.start(OzoneManagerRatisServer.java:556)
	at org.apache.hadoop.ozone.om.OzoneManager.restart(OzoneManager.java:1522)
	at org.apache.hadoop.ozone.MiniOzoneHAClusterImpl.restartOzoneManager(MiniOzoneHAClusterImpl.java:227)
	at org.apache.hadoop.ozone.om.TestOzoneManagerHA.resetCluster(TestOzoneManagerHA.java:188)
	at sun.reflect.NativeMethodAccessorImpl.invoke0(Native Method)
	at sun.reflect.NativeMethodAccessorImpl.invoke(NativeMethodAccessorImpl.java:62)
	at sun.reflect.DelegatingMethodAccessorImpl.invoke(DelegatingMethodAccessorImpl.java:43)
	at java.lang.reflect.Method.invoke(Method.java:498)
	at org.junit.platform.commons.util.ReflectionUtils.invokeMethod(ReflectionUtils.java:688)
	at org.junit.jupiter.engine.execution.MethodInvocation.proceed(MethodInvocation.java:60)
	at org.junit.jupiter.engine.execution.InvocationInterceptorChain$ValidatingInvocation.proceed(InvocationInterceptorChain.java:131)
	at org.junit.jupiter.engine.extension.TimeoutExtension.intercept(TimeoutExtension.java:149)
	at org.junit.jupiter.engine.extension.TimeoutExtension.interceptLifecycleMethod(TimeoutExtension.java:126)
	at org.junit.jupiter.engine.extension.TimeoutExtension.interceptAfterEachMethod(TimeoutExtension.java:108)
	at org.junit.jupiter.engine.execution.ExecutableInvoker$ReflectiveInterceptorCall.lambda$ofVoidMethod$0(ExecutableInvoker.java:115)
	at org.junit.jupiter.engine.execution.ExecutableInvoker.lambda$invoke$0(ExecutableInvoker.java:105)
	at org.junit.jupiter.engine.execution.InvocationInterceptorChain$InterceptedInvocation.proceed(InvocationInterceptorChain.java:106)
	at org.junit.jupiter.engine.execution.InvocationInterceptorChain.proceed(InvocationInterceptorChain.java:64)
	at org.junit.jupiter.engine.execution.InvocationInterceptorChain.chainAndInvoke(InvocationInterceptorChain.java:45)
	at org.junit.jupiter.engine.execution.InvocationInterceptorChain.invoke(InvocationInterceptorChain.java:37)
	at org.junit.jupiter.engine.execution.ExecutableInvoker.invoke(ExecutableInvoker.java:104)
	at org.junit.jupiter.engine.execution.ExecutableInvoker.invoke(ExecutableInvoker.java:98)
	at org.junit.jupiter.engine.descriptor.ClassBasedTestDescriptor.invokeMethodInExtensionContext(ClassBasedTestDescriptor.java:490)
	at org.junit.jupiter.engine.descriptor.ClassBasedTestDescriptor.lambda$synthesizeAfterEachMethodAdapter$20(ClassBasedTestDescriptor.java:480)
	at org.junit.jupiter.engine.descriptor.TestMethodTestDescriptor.lambda$invokeAfterEachMethods$9(TestMethodTestDescriptor.java:236)
	at org.junit.jupiter.engine.descriptor.TestMethodTestDescriptor.lambda$invokeAllAfterMethodsOrCallbacks$12(TestMethodTestDescriptor.java:269)
	at org.junit.platform.engine.support.hierarchical.ThrowableCollector.execute(ThrowableCollector.java:73)
	at org.junit.jupiter.engine.descriptor.TestMethodTestDescriptor.lambda$invokeAllAfterMethodsOrCallbacks$13(TestMethodTestDescriptor.java:269)
	at java.util.ArrayList.forEach(ArrayList.java:1259)
	at org.junit.jupiter.engine.descriptor.TestMethodTestDescriptor.invokeAllAfterMethodsOrCallbacks(TestMethodTestDescriptor.java:268)
	at org.junit.jupiter.engine.descriptor.TestMethodTestDescriptor.invokeAfterEachMethods(TestMethodTestDescriptor.java:234)
	at org.junit.jupiter.engine.descriptor.TestMethodTestDescriptor.execute(TestMethodTestDescriptor.java:135)
	at org.junit.jupiter.engine.descriptor.TestMethodTestDescriptor.execute(TestMethodTestDescriptor.java:65)
	at org.junit.platform.engine.support.hierarchical.NodeTestTask.lambda$executeRecursively$5(NodeTestTask.java:139)
	at org.junit.platform.engine.support.hierarchical.ThrowableCollector.execute(ThrowableCollector.java:73)
	at org.junit.platform.engine.support.hierarchical.NodeTestTask.lambda$executeRecursively$7(NodeTestTask.java:129)
	at org.junit.platform.engine.support.hierarchical.Node.around(Node.java:137)
	at org.junit.platform.engine.support.hierarchical.NodeTestTask.lambda$executeRecursively$8(NodeTestTask.java:127)
	at org.junit.platform.engine.support.hierarchical.ThrowableCollector.execute(ThrowableCollector.java:73)
	at org.junit.platform.engine.support.hierarchical.NodeTestTask.executeRecursively(NodeTestTask.java:126)
	at org.junit.platform.engine.support.hierarchical.NodeTestTask.execute(NodeTestTask.java:84)
	at java.util.ArrayList.forEach(ArrayList.java:1259)
	at org.junit.platform.engine.support.hierarchical.SameThreadHierarchicalTestExecutorService.invokeAll(SameThreadHierarchicalTestExecutorService.java:38)
	at org.junit.platform.engine.support.hierarchical.NodeTestTask.lambda$executeRecursively$5(NodeTestTask.java:143)
	at org.junit.platform.engine.support.hierarchical.ThrowableCollector.execute(ThrowableCollector.java:73)
	at org.junit.platform.engine.support.hierarchical.NodeTestTask.lambda$executeRecursively$7(NodeTestTask.java:129)
	at org.junit.platform.engine.support.hierarchical.Node.around(Node.java:137)
	at org.junit.platform.engine.support.hierarchical.NodeTestTask.lambda$executeRecursively$8(NodeTestTask.java:127)
	at org.junit.platform.engine.support.hierarchical.ThrowableCollector.execute(ThrowableCollector.java:73)
	at org.junit.platform.engine.support.hierarchical.NodeTestTask.executeRecursively(NodeTestTask.java:126)
	at org.junit.platform.engine.support.hierarchical.NodeTestTask.execute(NodeTestTask.java:84)
	at java.util.ArrayList.forEach(ArrayList.java:1259)
	at org.junit.platform.engine.support.hierarchical.SameThreadHierarchicalTestExecutorService.invokeAll(SameThreadHierarchicalTestExecutorService.java:38)
	at org.junit.platform.engine.support.hierarchical.NodeTestTask.lambda$executeRecursively$5(NodeTestTask.java:143)
	at org.junit.platform.engine.support.hierarchical.ThrowableCollector.execute(ThrowableCollector.java:73)
	at org.junit.platform.engine.support.hierarchical.NodeTestTask.lambda$executeRecursively$7(NodeTestTask.java:129)
	at org.junit.platform.engine.support.hierarchical.Node.around(Node.java:137)
	at org.junit.platform.engine.support.hierarchical.NodeTestTask.lambda$executeRecursively$8(NodeTestTask.java:127)
	at org.junit.platform.engine.support.hierarchical.ThrowableCollector.execute(ThrowableCollector.java:73)
	at org.junit.platform.engine.support.hierarchical.NodeTestTask.executeRecursively(NodeTestTask.java:126)
	at org.junit.platform.engine.support.hierarchical.NodeTestTask.execute(NodeTestTask.java:84)
	at org.junit.platform.engine.support.hierarchical.SameThreadHierarchicalTestExecutorService.submit(SameThreadHierarchicalTestExecutorService.java:32)
	at org.junit.platform.engine.support.hierarchical.HierarchicalTestExecutor.execute(HierarchicalTestExecutor.java:57)
	at org.junit.platform.engine.support.hierarchical.HierarchicalTestEngine.execute(HierarchicalTestEngine.java:51)
	at org.junit.platform.launcher.core.EngineExecutionOrchestrator.execute(EngineExecutionOrchestrator.java:108)
	at org.junit.platform.launcher.core.EngineExecutionOrchestrator.execute(EngineExecutionOrchestrator.java:88)
	at org.junit.platform.launcher.core.EngineExecutionOrchestrator.lambda$execute$0(EngineExecutionOrchestrator.java:54)
	at org.junit.platform.launcher.core.EngineExecutionOrchestrator.withInterceptedStreams(EngineExecutionOrchestrator.java:67)
	at org.junit.platform.launcher.core.EngineExecutionOrchestrator.execute(EngineExecutionOrchestrator.java:52)
	at org.junit.platform.launcher.core.DefaultLauncher.execute(DefaultLauncher.java:96)
	at org.junit.platform.launcher.core.DefaultLauncher.execute(DefaultLauncher.java:75)
	at org.apache.maven.surefire.junitplatform.JUnitPlatformProvider.execute(JUnitPlatformProvider.java:188)
	at org.apache.maven.surefire.junitplatform.JUnitPlatformProvider.invokeAllTests(JUnitPlatformProvider.java:154)
	at org.apache.maven.surefire.junitplatform.JUnitPlatformProvider.invoke(JUnitPlatformProvider.java:124)
	at org.apache.maven.surefire.booter.ForkedBooter.runSuitesInProcess(ForkedBooter.java:428)
	at org.apache.maven.surefire.booter.ForkedBooter.execute(ForkedBooter.java:162)
	at org.apache.maven.surefire.booter.ForkedBooter.run(ForkedBooter.java:562)
	at org.apache.maven.surefire.booter.ForkedBooter.main(ForkedBooter.java:548)
2022-05-11 01:31:07,696 [Listener at localhost/35015] INFO  util.JmxRegister (JmxRegister.java:tryRegister(44)) - Successfully registered JMX Bean with object name Ratis:service=RaftServer,group=group-523986131536,id="omNode-3"
2022-05-11 01:31:07,701 [Listener at localhost/35015] INFO  server.RaftServer (RaftServerProxy.java:lambda$start$5(374)) - omNode-3: start RPC server
2022-05-11 01:31:07,702 [Listener at localhost/35015] INFO  server.GrpcService (GrpcService.java:startImpl(253)) - omNode-3: GrpcService started, listening on 45267
2022-05-11 01:31:07,711 [Listener at localhost/35015] INFO  om.OzoneManager (OzoneManager.java:getRpcServer(1027)) - Creating RPC Server
2022-05-11 01:31:07,713 [org.apache.ratis.util.JvmPauseMonitor$$Lambda$637/1274334510@53ca55c] INFO  util.JvmPauseMonitor (JvmPauseMonitor.java:run(103)) - JvmPauseMonitor-omNode-3: Started
2022-05-11 01:31:07,906 [grpc-default-executor-0] WARN  server.GrpcLogAppender (LogUtils.java:warn(122)) - omNode-1@group-523986131536->omNode-3-AppendLogResponseHandler: Failed appendEntries: org.apache.ratis.thirdparty.io.grpc.StatusRuntimeException: UNAVAILABLE: io exception
2022-05-11 01:31:07,907 [grpc-default-executor-0] INFO  leader.FollowerInfo (FollowerInfoImpl.java:lambda$new$0(47)) - omNode-1@group-523986131536->omNode-3: nextIndex: updateUnconditionally 585 -> 584
2022-05-11 01:31:07,919 [grpc-default-executor-0] INFO  server.RaftServer$Division (ServerState.java:setLeader(285)) - omNode-3@group-523986131536: change Leader from null to omNode-1 at term 2 for appendEntries, leader elected after 286ms
2022-05-11 01:31:07,930 [EndpointStateMachine task thread for /0.0.0.0:46775 - 0 ] INFO  ipc.Client (Client.java:handleConnectionFailure(977)) - Retrying connect to server: 0.0.0.0/0.0.0.0:46775. Already tried 11 time(s); retry policy is RetryUpToMaximumCountWithFixedSleep(maxRetries=15, sleepTime=1000 MILLISECONDS)
2022-05-11 01:31:08,550 [Listener at localhost/35015] INFO  reflections.Reflections (Reflections.java:scan(232)) - Reflections took 837 ms to scan 19 urls, producing 61 keys and 3656 values [using 2 cores]
2022-05-11 01:31:08,553 [Listener at localhost/35015] INFO  ipc.CallQueueManager (CallQueueManager.java:<init>(90)) - Using callQueue: class java.util.concurrent.LinkedBlockingQueue, queueCapacity: 2000, scheduler: class org.apache.hadoop.ipc.DefaultRpcScheduler, ipcBackoff: false.
2022-05-11 01:31:08,560 [Socket Reader #1 for port 35015] INFO  ipc.Server (Server.java:run(1265)) - Starting Socket Reader #1 for port 35015
2022-05-11 01:31:08,565 [Listener at localhost/35015] INFO  http.BaseHttpServer (BaseHttpServer.java:newHttpServer2BuilderForOzone(209)) - Starting Web-server for ozoneManager at: http://0.0.0.0:44835
2022-05-11 01:31:08,566 [Listener at localhost/35015] INFO  http.BaseHttpServer (BaseHttpServer.java:<init>(107)) - Hadoop Security Enabled: false Ozone Security Enabled: false Ozone HTTP Security Enabled: false 
2022-05-11 01:31:08,568 [Listener at localhost/35015] INFO  server.AuthenticationFilter (AuthenticationFilter.java:constructSecretProvider(240)) - Unable to initialize FileSignerSecretProvider, falling back to use random secrets.
2022-05-11 01:31:08,569 [Listener at localhost/35015] WARN  http.HttpRequestLog (HttpRequestLog.java:getRequestLog(103)) - Jetty request log can only be enabled using Log4j
2022-05-11 01:31:08,570 [Listener at localhost/35015] INFO  http.HttpServer2 (HttpServer2.java:addGlobalFilter(1030)) - Added global filter 'safety' (class=org.apache.hadoop.hdds.server.http.HttpServer2$QuotingInputFilter)
2022-05-11 01:31:08,570 [Listener at localhost/35015] INFO  http.HttpServer2 (HttpServer2.java:addFilter(1006)) - Added filter static_user_filter (class=org.apache.hadoop.http.lib.StaticUserWebFilter$StaticUserFilter) to context ozoneManager
2022-05-11 01:31:08,570 [Listener at localhost/35015] INFO  http.HttpServer2 (HttpServer2.java:addFilter(1014)) - Added filter static_user_filter (class=org.apache.hadoop.http.lib.StaticUserWebFilter$StaticUserFilter) to context logs
2022-05-11 01:31:08,571 [Listener at localhost/35015] INFO  http.HttpServer2 (HttpServer2.java:addFilter(1014)) - Added filter static_user_filter (class=org.apache.hadoop.http.lib.StaticUserWebFilter$StaticUserFilter) to context static
2022-05-11 01:31:08,571 [Listener at localhost/35015] INFO  http.HttpServer2 (HttpServer2.java:bindListener(1249)) - Jetty bound to port 44835
2022-05-11 01:31:08,571 [Listener at localhost/35015] INFO  server.Server (Server.java:doStart(375)) - jetty-9.4.43.v20210629; built: 2021-06-30T11:07:22.254Z; git: 526006ecfa3af7f1a27ef3a288e2bef7ea9dd7e8; jvm 1.8.0_322-b06
2022-05-11 01:31:08,580 [Listener at localhost/35015] INFO  server.session (DefaultSessionIdManager.java:doStart(334)) - DefaultSessionIdManager workerName=node0
2022-05-11 01:31:08,581 [Listener at localhost/35015] INFO  server.session (DefaultSessionIdManager.java:doStart(339)) - No SessionScavenger set, using defaults
2022-05-11 01:31:08,581 [Listener at localhost/35015] INFO  server.session (HouseKeeper.java:startScavenging(132)) - node0 Scavenging every 600000ms
2022-05-11 01:31:08,586 [Listener at localhost/35015] INFO  handler.ContextHandler (ContextHandler.java:doStart(915)) - Started o.e.j.s.ServletContextHandler@5d773b96{logs,/logs,file:///home/runner/work/ozone/ozone/hadoop-ozone/integration-test/target/log,AVAILABLE}
2022-05-11 01:31:08,587 [Listener at localhost/35015] INFO  handler.ContextHandler (ContextHandler.java:doStart(915)) - Started o.e.j.s.ServletContextHandler@39c1b088{static,/static,file:///home/runner/work/ozone/ozone/hadoop-ozone/integration-test/target/test-classes/webapps/static,AVAILABLE}
2022-05-11 01:31:08,594 [Listener at localhost/35015] INFO  handler.ContextHandler (ContextHandler.java:doStart(915)) - Started o.e.j.w.WebAppContext@ee2702a{ozoneManager,/,file:///home/runner/work/ozone/ozone/hadoop-ozone/integration-test/target/test-classes/webapps/ozoneManager/,AVAILABLE}{file:/home/runner/work/ozone/ozone/hadoop-ozone/integration-test/target/test-classes/webapps/ozoneManager}
2022-05-11 01:31:08,602 [Listener at localhost/35015] INFO  server.AbstractConnector (AbstractConnector.java:doStart(331)) - Started ServerConnector@6143cbe{HTTP/1.1, (http/1.1)}{0.0.0.0:44835}
2022-05-11 01:31:08,603 [Listener at localhost/35015] INFO  server.Server (Server.java:doStart(415)) - Started @133766ms
2022-05-11 01:31:08,603 [Listener at localhost/35015] WARN  impl.MetricsSystemImpl (MetricsSystemImpl.java:register(279)) - Sink prometheus already exists!
2022-05-11 01:31:08,605 [Listener at localhost/35015] INFO  http.BaseHttpServer (BaseHttpServer.java:updateConnectorAddress(329)) - HTTP server of ozoneManager listening at http://0.0.0.0:44835
2022-05-11 01:31:08,606 [IPC Server Responder] INFO  ipc.Server (Server.java:run(1507)) - IPC Server Responder: starting
2022-05-11 01:31:08,612 [IPC Server listener on 35015] INFO  ipc.Server (Server.java:run(1344)) - IPC Server listener on 35015: starting
2022-05-11 01:31:08,614 [Listener at localhost/35015] INFO  om.OzoneManager (OzoneManager.java:startTrashEmptier(1835)) - Trash Interval set to 0. Files deleted won't move to trash
2022-05-11 01:31:08,615 [Listener at localhost/35015] INFO  om.OzoneManager (OzoneManager.java:stop(1950)) - omNode-1[localhost:38331]: Stopping Ozone Manager
2022-05-11 01:31:08,615 [Listener at localhost/35015] INFO  ipc.Server (Server.java:stop(3414)) - Stopping server on 38331
2022-05-11 01:31:08,623 [org.apache.hadoop.util.JvmPauseMonitor$Monitor@f9d0ae3] INFO  util.JvmPauseMonitor (JvmPauseMonitor.java:run(188)) - Starting JVM pause monitor
2022-05-11 01:31:08,633 [IPC Server Responder] INFO  ipc.Server (Server.java:run(1512)) - Stopping IPC Server Responder
2022-05-11 01:31:08,633 [IPC Server listener on 38331] INFO  ipc.Server (Server.java:run(1376)) - Stopping IPC Server listener on 38331
2022-05-11 01:31:08,633 [Listener at localhost/35015] INFO  server.RaftServer (RaftServerProxy.java:lambda$close$6(391)) - omNode-1: close
2022-05-11 01:31:08,634 [Listener at localhost/35015] INFO  server.RaftServer$Division (RaftServerImpl.java:lambda$close$4(412)) - omNode-1@group-523986131536: shutdown
2022-05-11 01:31:08,634 [Listener at localhost/35015] INFO  util.JmxRegister (JmxRegister.java:unregister(73)) - Successfully un-registered JMX Bean with object name Ratis:service=RaftServer,group=group-523986131536,id=omNode-1
2022-05-11 01:31:08,634 [Listener at localhost/35015] INFO  impl.RoleInfo (RoleInfo.java:shutdownLeaderState(91)) - omNode-1: shutdown omNode-1@group-523986131536-LeaderStateImpl
2022-05-11 01:31:08,634 [omNode-1@group-523986131536->omNode-2-GrpcLogAppender-LogAppenderDaemon] WARN  server.GrpcLogAppender (GrpcLogAppender.java:mayWait(177)) - omNode-1@group-523986131536->omNode-2-GrpcLogAppender: Wait interrupted by java.lang.InterruptedException
2022-05-11 01:31:08,634 [Listener at localhost/35015] INFO  impl.PendingRequests (PendingRequests.java:sendNotLeaderResponses(282)) - omNode-1@group-523986131536-PendingRequests: sendNotLeaderResponses
2022-05-11 01:31:08,635 [omNode-1@group-523986131536->omNode-3-GrpcLogAppender-LogAppenderDaemon] WARN  server.GrpcLogAppender (GrpcLogAppender.java:mayWait(177)) - omNode-1@group-523986131536->omNode-3-GrpcLogAppender: Wait interrupted by java.lang.InterruptedException
2022-05-11 01:31:08,639 [grpc-default-executor-0] INFO  server.GrpcServerProtocolService (GrpcServerProtocolService.java:onCompleted(140)) - omNode-3: Completed APPEND_ENTRIES, lastRequest: omNode-1->omNode-3#206970-t2,previous=(t:2, i:583),leaderCommit=584,initializing? true,entries: size=1, first=(t:2, i:584), METADATAENTRY(c:583)
2022-05-11 01:31:08,640 [grpc-default-executor-3] INFO  server.GrpcServerProtocolService (GrpcServerProtocolService.java:onCompleted(140)) - omNode-2: Completed APPEND_ENTRIES, lastRequest: omNode-1->omNode-2#1793-t2,previous=(t:2, i:583),leaderCommit=583,initializing? true,entries: size=1, first=(t:2, i:584), METADATAENTRY(c:583)
2022-05-11 01:31:08,640 [grpc-default-executor-1] INFO  server.GrpcLogAppender (GrpcLogAppender.java:onCompleted(346)) - omNode-1@group-523986131536->omNode-3-AppendLogResponseHandler: follower responses appendEntries COMPLETED
2022-05-11 01:31:08,640 [grpc-default-executor-1] INFO  leader.FollowerInfo (FollowerInfoImpl.java:lambda$new$0(47)) - omNode-1@group-523986131536->omNode-3: nextIndex: updateUnconditionally 585 -> 584
2022-05-11 01:31:08,643 [grpc-default-executor-1] INFO  server.GrpcLogAppender (GrpcLogAppender.java:onCompleted(346)) - omNode-1@group-523986131536->omNode-2-AppendLogResponseHandler: follower responses appendEntries COMPLETED
2022-05-11 01:31:08,643 [grpc-default-executor-1] INFO  leader.FollowerInfo (FollowerInfoImpl.java:lambda$new$0(47)) - omNode-1@group-523986131536->omNode-2: nextIndex: updateUnconditionally 585 -> 584
2022-05-11 01:31:08,644 [omNode-1@group-523986131536-StateMachineUpdater] INFO  ratis.OzoneManagerStateMachine (OzoneManagerStateMachine.java:takeSnapshot(436)) - Current Snapshot Index (t:2, i:584)
2022-05-11 01:31:08,645 [omNode-1@group-523986131536-StateMachineUpdater] INFO  impl.StateMachineUpdater (StateMachineUpdater.java:takeSnapshot(281)) - omNode-1@group-523986131536-StateMachineUpdater: Took a snapshot at index 584
2022-05-11 01:31:08,645 [omNode-1@group-523986131536-StateMachineUpdater] INFO  impl.StateMachineUpdater (StateMachineUpdater.java:lambda$new$0(89)) - omNode-1@group-523986131536-StateMachineUpdater: snapshotIndex: updateIncreasingly 548 -> 584
2022-05-11 01:31:08,645 [omNode-1@group-523986131536-StateMachineUpdater] INFO  ratis.OzoneManagerStateMachine (OzoneManagerStateMachine.java:close(490)) - StateMachine has shutdown. Shutdown OzoneManager if not already shutdown.
2022-05-11 01:31:08,645 [omNode-1@group-523986131536-StateMachineUpdater] INFO  ratis.OzoneManagerDoubleBuffer (OzoneManagerDoubleBuffer.java:stop(465)) - Stopping OMDoubleBuffer flush thread
2022-05-11 01:31:08,645 [OMDoubleBufferFlushThread] INFO  ratis.OzoneManagerDoubleBuffer (OzoneManagerDoubleBuffer.java:flushTransactions(385)) - OMDoubleBuffer flush thread OMDoubleBufferFlushThread is interrupted and will exit.
2022-05-11 01:31:08,654 [Listener at localhost/35015] INFO  impl.StateMachineUpdater (StateMachineUpdater.java:stopAndJoin(149)) - omNode-1@group-523986131536-StateMachineUpdater: set stopIndex = 584
2022-05-11 01:31:08,655 [Listener at localhost/35015] INFO  server.RaftServer$Division (ServerState.java:close(419)) - omNode-1@group-523986131536: closes. applyIndex: 584
2022-05-11 01:31:08,655 [omNode-1@group-523986131536-SegmentedRaftLogWorker] INFO  segmented.SegmentedRaftLogWorker (SegmentedRaftLogWorker.java:run(327)) - omNode-1@group-523986131536-SegmentedRaftLogWorker was interrupted, exiting. There are 0 tasks remaining in the queue.
2022-05-11 01:31:08,656 [Listener at localhost/35015] INFO  segmented.SegmentedRaftLogWorker (SegmentedRaftLogWorker.java:close(237)) - omNode-1@group-523986131536-SegmentedRaftLogWorker close()
2022-05-11 01:31:08,656 [Listener at localhost/35015] INFO  server.GrpcService (GrpcService.java:closeImpl(262)) - omNode-1: shutdown server with port 41337 now
2022-05-11 01:31:08,660 [Listener at localhost/35015] INFO  server.GrpcService (GrpcService.java:closeImpl(271)) - omNode-1: shutdown server with port 41337 successfully
2022-05-11 01:31:08,660 [org.apache.ratis.util.JvmPauseMonitor$$Lambda$637/1274334510@52d2a313] INFO  util.JvmPauseMonitor (JvmPauseMonitor.java:run(109)) - JvmPauseMonitor-omNode-1: Stopped
2022-05-11 01:31:08,660 [Listener at localhost/35015] INFO  ratis.OzoneManagerStateMachine (OzoneManagerStateMachine.java:close(490)) - StateMachine has shutdown. Shutdown OzoneManager if not already shutdown.
2022-05-11 01:31:08,660 [Listener at localhost/35015] INFO  ratis.OzoneManagerDoubleBuffer (OzoneManagerDoubleBuffer.java:stop(477)) - OMDoubleBuffer flush thread is not running.
2022-05-11 01:31:08,660 [Listener at localhost/35015] INFO  utils.BackgroundService (BackgroundService.java:shutdown(132)) - Shutting down service KeyDeletingService
2022-05-11 01:31:08,661 [Listener at localhost/35015] INFO  utils.BackgroundService (BackgroundService.java:shutdown(132)) - Shutting down service DirectoryDeletingService
2022-05-11 01:31:08,662 [Listener at localhost/35015] INFO  handler.ContextHandler (ContextHandler.java:doStop(1153)) - Stopped o.e.j.w.WebAppContext@f98d9b1{ozoneManager,/,null,STOPPED}{file:/home/runner/work/ozone/ozone/hadoop-ozone/integration-test/target/test-classes/webapps/ozoneManager}
2022-05-11 01:31:08,662 [Listener at localhost/35015] INFO  server.AbstractConnector (AbstractConnector.java:doStop(381)) - Stopped ServerConnector@2f2de6e0{HTTP/1.1, (http/1.1)}{0.0.0.0:46523}
2022-05-11 01:31:08,663 [Listener at localhost/35015] INFO  server.session (HouseKeeper.java:stopScavenging(149)) - node0 Stopped scavenging
2022-05-11 01:31:08,663 [Listener at localhost/35015] INFO  handler.ContextHandler (ContextHandler.java:doStop(1153)) - Stopped o.e.j.s.ServletContextHandler@2d62a5cc{static,/static,file:///home/runner/work/ozone/ozone/hadoop-ozone/integration-test/target/test-classes/webapps/static,STOPPED}
2022-05-11 01:31:08,663 [Listener at localhost/35015] INFO  handler.ContextHandler (ContextHandler.java:doStop(1153)) - Stopped o.e.j.s.ServletContextHandler@56106cef{logs,/logs,file:///home/runner/work/ozone/ozone/hadoop-ozone/integration-test/target/log,STOPPED}
2022-05-11 01:31:08,668 [Listener at localhost/35015] INFO  om.OzoneManager (OzoneManager.java:restart(1487)) - OzoneManager RPC server is listening at localhost/127.0.0.1:38331
2022-05-11 01:31:08,668 [Listener at localhost/35015] INFO  impl.MetricsSystemImpl (MetricsSystemImpl.java:init(158)) - OzoneManager metrics system started (again)
2022-05-11 01:31:08,690 [Listener at localhost/35015] WARN  server.ServerUtils (ServerUtils.java:getDBPath(225)) - ozone.om.db.dirs is not configured. We recommend adding this setting. Falling back to ozone.metadata.dirs instead.
2022-05-11 01:31:08,691 [Listener at localhost/35015] INFO  codec.OmKeyInfoCodec (OmKeyInfoCodec.java:<init>(49)) - OmKeyInfoCodec ignorePipeline = true
2022-05-11 01:31:08,691 [Listener at localhost/35015] INFO  codec.RepeatedOmKeyInfoCodec (RepeatedOmKeyInfoCodec.java:<init>(41)) - RepeatedOmKeyInfoCodec ignorePipeline = true
2022-05-11 01:31:08,790 [Listener at localhost/35015] WARN  impl.MetricRegistriesImpl (MetricRegistriesImpl.java:addReporterRegistration(111)) - New reporters are added after registries were created. Some metrics will be missing from the reporter. Please add reporter before adding any new registry.
2022-05-11 01:31:08,791 [Listener at localhost/35015] WARN  impl.MetricRegistriesImpl (MetricRegistriesImpl.java:addReporterRegistration(111)) - New reporters are added after registries were created. Some metrics will be missing from the reporter. Please add reporter before adding any new registry.
2022-05-11 01:31:08,791 [Listener at localhost/35015] WARN  server.ServerUtils (ServerUtils.java:getDefaultRatisDirectory(237)) - Storage directory for Ratis is not configured. It is a good idea to map this to an SSD disk. Falling back to ozone.metadata.dirs
2022-05-11 01:31:08,792 [Listener at localhost/35015] INFO  ratis.OzoneManagerRatisServer (OzoneManagerRatisServer.java:<init>(159)) - Instantiating OM Ratis server with groupID: om-service-test1 and peers: localhost:41337, localhost:45267, localhost:37911
2022-05-11 01:31:08,792 [Listener at localhost/35015] INFO  ratis.OzoneManagerStateMachine (OzoneManagerStateMachine.java:loadSnapshotInfoFromDB(627)) - LastAppliedIndex is set from TransactionInfo from OM DB as (t:2, i:584)
2022-05-11 01:31:08,793 [Listener at localhost/35015] INFO  server.RaftServer (ConfUtils.java:logGet(44)) - raft.rpc.type = GRPC (default)
2022-05-11 01:31:08,793 [Listener at localhost/35015] INFO  grpc.GrpcFactory (GrpcFactory.java:checkPooledByteBufAllocatorUseCacheForAllThreads(48)) - PERFORMANCE WARNING: useCacheForAllThreads is true that may cause Netty to create a lot garbage objects and, as a result, trigger GC.
	It is recommended to disable useCacheForAllThreads by setting -Dorg.apache.ratis.thirdparty.io.netty.allocator.useCacheForAllThreads=false in command line.
2022-05-11 01:31:08,794 [Listener at localhost/35015] INFO  grpc.GrpcConfigKeys (ConfUtils.java:logGet(44)) - raft.grpc.admin.port = -1 (default)
2022-05-11 01:31:08,794 [Listener at localhost/35015] INFO  grpc.GrpcConfigKeys (ConfUtils.java:logGet(44)) - raft.grpc.server.port = 41337 (custom)
2022-05-11 01:31:08,794 [Listener at localhost/35015] INFO  grpc.GrpcConfigKeys (ConfUtils.java:logGet(44)) - raft.grpc.client.port = -1 (default)
2022-05-11 01:31:08,794 [Listener at localhost/35015] INFO  grpc.GrpcConfigKeys (ConfUtils.java:logGet(44)) - raft.grpc.server.port = 41337 (custom)
2022-05-11 01:31:08,794 [Listener at localhost/35015] INFO  grpc.GrpcConfigKeys (ConfUtils.java:logGet(44)) - raft.grpc.server.port = 41337 (custom)
2022-05-11 01:31:08,794 [Listener at localhost/35015] INFO  server.GrpcService (ConfUtils.java:logGet(44)) - raft.grpc.message.size.max = 33554432 (custom)
2022-05-11 01:31:08,797 [Listener at localhost/35015] INFO  server.RaftServerConfigKeys (ConfUtils.java:logGet(44)) - raft.server.log.appender.buffer.byte-limit = 33554432 (custom)
2022-05-11 01:31:08,797 [Listener at localhost/35015] INFO  server.GrpcService (ConfUtils.java:logGet(44)) - raft.grpc.flow.control.window = 1MB (=1048576) (default)
2022-05-11 01:31:08,797 [Listener at localhost/35015] INFO  server.RaftServerConfigKeys (ConfUtils.java:logGet(44)) - raft.server.rpc.request.timeout = 3000ms (default)
2022-05-11 01:31:08,799 [Listener at localhost/35015] INFO  impl.DataStreamServerImpl (ConfUtils.java:logGet(44)) - raft.datastream.type = DISABLED (default)
2022-05-11 01:31:08,799 [Listener at localhost/35015] INFO  server.RaftServerConfigKeys (ConfUtils.java:logGet(44)) - raft.server.rpc.slowness.timeout = 2s (custom)
2022-05-11 01:31:08,799 [Listener at localhost/35015] INFO  server.RaftServerConfigKeys (ConfUtils.java:logGet(44)) - raft.server.leaderelection.leader.step-down.wait-time = 10s (default)
2022-05-11 01:31:08,799 [Listener at localhost/35015] INFO  server.RaftServerConfigKeys (ConfUtils.java:logGet(44)) - raft.server.storage.dir = [/home/runner/work/ozone/ozone/hadoop-ozone/integration-test/target/test-dir/MiniOzoneClusterImpl-37128324-e3dc-46f8-950a-3a99f891b880/omNode-1/ratis] (custom)
2022-05-11 01:31:08,799 [Listener at localhost/35015] INFO  server.RaftServer (RaftServerProxy.java:lambda$null$1(235)) - omNode-1: found a subdirectory /home/runner/work/ozone/ozone/hadoop-ozone/integration-test/target/test-dir/MiniOzoneClusterImpl-37128324-e3dc-46f8-950a-3a99f891b880/omNode-1/ratis/c9bc4cf4-3bc3-3c60-a66b-523986131536
2022-05-11 01:31:08,805 [Listener at localhost/35015] INFO  server.RaftServer (RaftServerProxy.java:addNew(95)) - omNode-1: addNew group-523986131536:[omNode-3|rpc:localhost:45267|priority:0, omNode-1|rpc:localhost:41337|priority:0, omNode-2|rpc:localhost:37911|priority:0] returns group-523986131536:java.util.concurrent.CompletableFuture@7a8e9845[Not completed]
2022-05-11 01:31:08,805 [Listener at localhost/35015] INFO  om.OzoneManager (OzoneManager.java:initializeRatisServer(1891)) - OzoneManager Ratis server initialized at port 41337
2022-05-11 01:31:08,805 [Listener at localhost/35015] INFO  ratis.OzoneManagerRatisServer (OzoneManagerRatisServer.java:start(554)) - Starting OzoneManagerRatisServer omNode-1 at port 41337
2022-05-11 01:31:08,813 [pool-793-thread-1] INFO  server.RaftServer$Division (RaftServerImpl.java:<init>(184)) - omNode-1: new RaftServerImpl for group-523986131536:[omNode-3|rpc:localhost:45267|priority:0, omNode-1|rpc:localhost:41337|priority:0, omNode-2|rpc:localhost:37911|priority:0] with OzoneManagerStateMachine:uninitialized
2022-05-11 01:31:08,814 [pool-793-thread-1] INFO  server.RaftServerConfigKeys (ConfUtils.java:logGet(44)) - raft.server.rpc.timeout.min = 1s (custom)
2022-05-11 01:31:08,814 [pool-793-thread-1] INFO  server.RaftServerConfigKeys (ConfUtils.java:logGet(44)) - raft.server.rpc.timeout.max = 1200ms (custom)
2022-05-11 01:31:08,814 [pool-793-thread-1] INFO  server.RaftServerConfigKeys (ConfUtils.java:logGet(44)) - raft.server.rpc.sleep.time = 25ms (default)
2022-05-11 01:31:08,814 [pool-793-thread-1] INFO  server.RaftServerConfigKeys (ConfUtils.java:logGet(44)) - raft.server.rpc.slowness.timeout = 2s (custom)
2022-05-11 01:31:08,814 [pool-793-thread-1] INFO  server.RaftServerConfigKeys (ConfUtils.java:logGet(44)) - raft.server.leaderelection.leader.step-down.wait-time = 10s (default)
2022-05-11 01:31:08,814 [pool-793-thread-1] INFO  server.RaftServerConfigKeys (ConfUtils.java:logGet(44)) - raft.server.sleep.deviation.threshold = 300ms (default)
2022-05-11 01:31:08,814 [pool-793-thread-1] INFO  server.RaftServerConfigKeys (ConfUtils.java:logGet(44)) - raft.server.log.appender.install.snapshot.enabled = false (custom)
2022-05-11 01:31:08,815 [pool-793-thread-1] INFO  server.RaftServer$Division (ServerState.java:<init>(105)) - omNode-1@group-523986131536: ConfigurationManager, init=-1: [omNode-3|rpc:localhost:45267|priority:0, omNode-1|rpc:localhost:41337|priority:0, omNode-2|rpc:localhost:37911|priority:0], old=null, confs=<EMPTY_MAP>
2022-05-11 01:31:08,815 [pool-793-thread-1] INFO  server.RaftServerConfigKeys (ConfUtils.java:logGet(44)) - raft.server.storage.dir = [/home/runner/work/ozone/ozone/hadoop-ozone/integration-test/target/test-dir/MiniOzoneClusterImpl-37128324-e3dc-46f8-950a-3a99f891b880/omNode-1/ratis] (custom)
2022-05-11 01:31:08,815 [pool-793-thread-1] INFO  server.RaftServerConfigKeys (ConfUtils.java:logGet(44)) - raft.server.log.corruption.policy = EXCEPTION (default)
2022-05-11 01:31:08,815 [pool-793-thread-1] INFO  server.RaftServerConfigKeys (ConfUtils.java:logGet(44)) - raft.server.storage.free-space.min = 0MB (=0) (default)
2022-05-11 01:31:08,816 [pool-793-thread-1] INFO  storage.RaftStorageDirectory (RaftStorageDirectoryImpl.java:tryLock(230)) - Lock on /home/runner/work/ozone/ozone/hadoop-ozone/integration-test/target/test-dir/MiniOzoneClusterImpl-37128324-e3dc-46f8-950a-3a99f891b880/omNode-1/ratis/c9bc4cf4-3bc3-3c60-a66b-523986131536/in_use.lock acquired by nodename 4883@fv-az291-847
2022-05-11 01:31:08,816 [pool-793-thread-1] INFO  storage.RaftStorage (RaftStorageImpl.java:analyzeAndRecoverStorage(110)) - Read RaftStorageMetadata{term=2, votedFor=omNode-1} from /home/runner/work/ozone/ozone/hadoop-ozone/integration-test/target/test-dir/MiniOzoneClusterImpl-37128324-e3dc-46f8-950a-3a99f891b880/omNode-1/ratis/c9bc4cf4-3bc3-3c60-a66b-523986131536/current/raft-meta
2022-05-11 01:31:08,817 [pool-793-thread-1] INFO  server.RaftServer$Division (ServerState.java:setRaftConf(387)) - omNode-1@group-523986131536: set configuration 0: [omNode-3|rpc:localhost:45267|admin:|client:|dataStream:|priority:0, omNode-1|rpc:localhost:41337|admin:|client:|dataStream:|priority:0, omNode-2|rpc:localhost:37911|admin:|client:|dataStream:|priority:0], old=null
2022-05-11 01:31:08,817 [pool-793-thread-1] INFO  server.RaftServerConfigKeys (ConfUtils.java:logGet(44)) - raft.server.notification.no-leader.timeout = 2s (custom)
2022-05-11 01:31:08,817 [pool-793-thread-1] INFO  server.RaftServerConfigKeys (ConfUtils.java:logGet(44)) - raft.server.log.use.memory = false (default)
2022-05-11 01:31:08,817 [pool-793-thread-1] INFO  server.RaftServerConfigKeys (ConfUtils.java:logGet(44)) - raft.server.log.purge.gap = 50 (custom)
2022-05-11 01:31:08,817 [pool-793-thread-1] INFO  server.RaftServerConfigKeys (ConfUtils.java:logGet(44)) - raft.server.log.appender.buffer.byte-limit = 33554432 (custom)
2022-05-11 01:31:08,817 [pool-793-thread-1] INFO  server.RaftServerConfigKeys (ConfUtils.java:logGet(44)) - raft.server.log.segment.size.max = 4194304 (custom)
2022-05-11 01:31:08,818 [pool-793-thread-1] INFO  server.RaftServerConfigKeys (ConfUtils.java:logGet(44)) - raft.server.log.segment.cache.num.max = 2 (custom)
2022-05-11 01:31:08,818 [pool-793-thread-1] INFO  server.RaftServerConfigKeys (ConfUtils.java:logGet(44)) - raft.server.log.segment.cache.size.max = 200MB (=209715200) (default)
2022-05-11 01:31:08,818 [pool-793-thread-1] INFO  segmented.SegmentedRaftLogWorker (SegmentedRaftLogWorker.java:<init>(182)) - new omNode-1@group-523986131536-SegmentedRaftLogWorker for RaftStorageImpl:Storage Directory /home/runner/work/ozone/ozone/hadoop-ozone/integration-test/target/test-dir/MiniOzoneClusterImpl-37128324-e3dc-46f8-950a-3a99f891b880/omNode-1/ratis/c9bc4cf4-3bc3-3c60-a66b-523986131536
2022-05-11 01:31:08,818 [pool-793-thread-1] INFO  server.RaftServerConfigKeys (ConfUtils.java:logGet(44)) - raft.server.log.queue.byte-limit = 64MB (=67108864) (default)
2022-05-11 01:31:08,818 [pool-793-thread-1] INFO  server.RaftServerConfigKeys (ConfUtils.java:logGet(44)) - raft.server.log.queue.element-limit = 4096 (default)
2022-05-11 01:31:08,818 [pool-793-thread-1] INFO  server.RaftServerConfigKeys (ConfUtils.java:logGet(44)) - raft.server.log.segment.size.max = 4194304 (custom)
2022-05-11 01:31:08,818 [pool-793-thread-1] INFO  server.RaftServerConfigKeys (ConfUtils.java:logGet(44)) - raft.server.log.preallocated.size = 4194304 (custom)
2022-05-11 01:31:08,818 [pool-793-thread-1] INFO  server.RaftServerConfigKeys (ConfUtils.java:logGet(44)) - raft.server.log.force.sync.num = 128 (default)
2022-05-11 01:31:08,818 [pool-793-thread-1] INFO  server.RaftServerConfigKeys (ConfUtils.java:logGet(44)) - raft.server.log.statemachine.data.sync = true (default)
2022-05-11 01:31:08,818 [pool-793-thread-1] INFO  server.RaftServerConfigKeys (ConfUtils.java:logGet(44)) - raft.server.log.statemachine.data.sync.timeout = 10s (default)
2022-05-11 01:31:08,818 [pool-793-thread-1] INFO  server.RaftServerConfigKeys (ConfUtils.java:logGet(44)) - raft.server.log.statemachine.data.sync.timeout.retry = -1 (default)
2022-05-11 01:31:08,819 [pool-793-thread-1] INFO  server.RaftServerConfigKeys (ConfUtils.java:logGet(44)) - raft.server.log.write.buffer.size = 64KB (=65536) (default)
2022-05-11 01:31:08,819 [pool-793-thread-1] INFO  server.RaftServerConfigKeys (ConfUtils.java:logGet(44)) - raft.server.log.statemachine.data.caching.enabled = false (default)
2022-05-11 01:31:08,820 [pool-793-thread-1] INFO  server.RaftServer$Division (ServerState.java:setRaftConf(387)) - omNode-1@group-523986131536: set configuration 0: [omNode-3|rpc:localhost:45267|admin:|client:|dataStream:|priority:0, omNode-1|rpc:localhost:41337|admin:|client:|dataStream:|priority:0, omNode-2|rpc:localhost:37911|admin:|client:|dataStream:|priority:0], old=null
2022-05-11 01:31:08,842 [pool-793-thread-1] INFO  segmented.LogSegment (LogSegment.java:loadSegment(173)) - Successfully read 585 entries from segment file /home/runner/work/ozone/ozone/hadoop-ozone/integration-test/target/test-dir/MiniOzoneClusterImpl-37128324-e3dc-46f8-950a-3a99f891b880/omNode-1/ratis/c9bc4cf4-3bc3-3c60-a66b-523986131536/current/log_inprogress_0
2022-05-11 01:31:08,851 [pool-793-thread-1] INFO  segmented.SegmentedRaftLogWorker (SegmentedRaftLogWorker.java:lambda$new$0(133)) - omNode-1@group-523986131536-SegmentedRaftLogWorker: flushIndex: setUnconditionally 0 -> 584
2022-05-11 01:31:08,851 [pool-793-thread-1] INFO  segmented.SegmentedRaftLogWorker (SegmentedRaftLogWorker.java:lambda$new$0(133)) - omNode-1@group-523986131536-SegmentedRaftLogWorker: safeCacheEvictIndex: setUnconditionally 0 -> -1
2022-05-11 01:31:08,857 [pool-793-thread-1] INFO  raftlog.RaftLog (RaftLogBase.java:lambda$new$0(53)) - omNode-1@group-523986131536-SegmentedRaftLog: commitIndex: updateToMax old=584, new=583, updated? false
2022-05-11 01:31:08,857 [pool-793-thread-1] INFO  server.RaftServerConfigKeys (ConfUtils.java:logGet(44)) - raft.server.snapshot.auto.trigger.enabled = true (custom)
2022-05-11 01:31:08,857 [pool-793-thread-1] INFO  server.RaftServerConfigKeys (ConfUtils.java:logGet(44)) - raft.server.snapshot.auto.trigger.threshold = 50 (custom)
2022-05-11 01:31:08,857 [pool-793-thread-1] INFO  server.RaftServerConfigKeys (ConfUtils.java:logGet(44)) - raft.server.snapshot.retention.file.num = -1 (default)
2022-05-11 01:31:08,857 [pool-793-thread-1] INFO  server.RaftServerConfigKeys (ConfUtils.java:logGet(44)) - raft.server.log.purge.upto.snapshot.index = true (custom)
2022-05-11 01:31:08,857 [pool-793-thread-1] INFO  server.RaftServerConfigKeys (ConfUtils.java:logGet(44)) - raft.server.retrycache.expirytime = 30000ms (custom)
2022-05-11 01:31:08,857 [pool-793-thread-1] INFO  server.RaftServerConfigKeys (ConfUtils.java:logGet(44)) - raft.server.retrycache.statistics.expirytime = 100μs (default)
2022-05-11 01:31:08,859 [Listener at localhost/35015] INFO  server.RaftServer$Division (RaftServerImpl.java:start(301)) - omNode-1@group-523986131536: start as a follower, conf=0: [omNode-3|rpc:localhost:45267|admin:|client:|dataStream:|priority:0, omNode-1|rpc:localhost:41337|admin:|client:|dataStream:|priority:0, omNode-2|rpc:localhost:37911|admin:|client:|dataStream:|priority:0], old=null
2022-05-11 01:31:08,859 [Listener at localhost/35015] INFO  server.RaftServer$Division (RaftServerImpl.java:setRole(290)) - omNode-1@group-523986131536: changes role from      null to FOLLOWER at term 2 for startAsFollower
2022-05-11 01:31:08,859 [Listener at localhost/35015] INFO  impl.RoleInfo (RoleInfo.java:updateAndGet(130)) - omNode-1: start omNode-1@group-523986131536-FollowerState
2022-05-11 01:31:08,863 [Listener at localhost/35015] INFO  util.JmxRegister (JmxRegister.java:tryRegister(44)) - Successfully registered JMX Bean with object name Ratis:service=RaftServer,group=group-523986131536,id=omNode-1
2022-05-11 01:31:08,871 [Listener at localhost/35015] INFO  server.RaftServer (RaftServerProxy.java:lambda$start$5(374)) - omNode-1: start RPC server
2022-05-11 01:31:08,871 [Listener at localhost/35015] INFO  server.GrpcService (GrpcService.java:startImpl(253)) - omNode-1: GrpcService started, listening on 41337
2022-05-11 01:31:08,881 [Listener at localhost/35015] INFO  om.OzoneManager (OzoneManager.java:getRpcServer(1027)) - Creating RPC Server
2022-05-11 01:31:08,883 [org.apache.ratis.util.JvmPauseMonitor$$Lambda$637/1274334510@61d42e9a] INFO  util.JvmPauseMonitor (JvmPauseMonitor.java:run(103)) - JvmPauseMonitor-omNode-1: Started
2022-05-11 01:31:08,931 [EndpointStateMachine task thread for /0.0.0.0:46775 - 0 ] INFO  ipc.Client (Client.java:handleConnectionFailure(977)) - Retrying connect to server: 0.0.0.0/0.0.0.0:46775. Already tried 12 time(s); retry policy is RetryUpToMaximumCountWithFixedSleep(maxRetries=15, sleepTime=1000 MILLISECONDS)
2022-05-11 01:31:09,610 [Listener at localhost/35015] INFO  reflections.Reflections (Reflections.java:scan(232)) - Reflections took 727 ms to scan 19 urls, producing 61 keys and 3656 values [using 2 cores]
2022-05-11 01:31:09,611 [Listener at localhost/35015] INFO  ipc.CallQueueManager (CallQueueManager.java:<init>(90)) - Using callQueue: class java.util.concurrent.LinkedBlockingQueue, queueCapacity: 2000, scheduler: class org.apache.hadoop.ipc.DefaultRpcScheduler, ipcBackoff: false.
2022-05-11 01:31:09,612 [Socket Reader #1 for port 38331] INFO  ipc.Server (Server.java:run(1265)) - Starting Socket Reader #1 for port 38331
2022-05-11 01:31:09,621 [Listener at localhost/38331] INFO  http.BaseHttpServer (BaseHttpServer.java:newHttpServer2BuilderForOzone(209)) - Starting Web-server for ozoneManager at: http://0.0.0.0:46523
2022-05-11 01:31:09,621 [Listener at localhost/38331] INFO  http.BaseHttpServer (BaseHttpServer.java:<init>(107)) - Hadoop Security Enabled: false Ozone Security Enabled: false Ozone HTTP Security Enabled: false 
2022-05-11 01:31:09,623 [Listener at localhost/38331] INFO  server.AuthenticationFilter (AuthenticationFilter.java:constructSecretProvider(240)) - Unable to initialize FileSignerSecretProvider, falling back to use random secrets.
2022-05-11 01:31:09,627 [Listener at localhost/38331] WARN  http.HttpRequestLog (HttpRequestLog.java:getRequestLog(103)) - Jetty request log can only be enabled using Log4j
2022-05-11 01:31:09,628 [Listener at localhost/38331] INFO  http.HttpServer2 (HttpServer2.java:addGlobalFilter(1030)) - Added global filter 'safety' (class=org.apache.hadoop.hdds.server.http.HttpServer2$QuotingInputFilter)
2022-05-11 01:31:09,629 [Listener at localhost/38331] INFO  http.HttpServer2 (HttpServer2.java:addFilter(1006)) - Added filter static_user_filter (class=org.apache.hadoop.http.lib.StaticUserWebFilter$StaticUserFilter) to context ozoneManager
2022-05-11 01:31:09,629 [Listener at localhost/38331] INFO  http.HttpServer2 (HttpServer2.java:addFilter(1014)) - Added filter static_user_filter (class=org.apache.hadoop.http.lib.StaticUserWebFilter$StaticUserFilter) to context static
2022-05-11 01:31:09,629 [Listener at localhost/38331] INFO  http.HttpServer2 (HttpServer2.java:addFilter(1014)) - Added filter static_user_filter (class=org.apache.hadoop.http.lib.StaticUserWebFilter$StaticUserFilter) to context logs
2022-05-11 01:31:09,630 [Listener at localhost/38331] INFO  http.HttpServer2 (HttpServer2.java:bindListener(1249)) - Jetty bound to port 46523
2022-05-11 01:31:09,630 [Listener at localhost/38331] INFO  server.Server (Server.java:doStart(375)) - jetty-9.4.43.v20210629; built: 2021-06-30T11:07:22.254Z; git: 526006ecfa3af7f1a27ef3a288e2bef7ea9dd7e8; jvm 1.8.0_322-b06
2022-05-11 01:31:09,650 [Listener at localhost/38331] INFO  server.session (DefaultSessionIdManager.java:doStart(334)) - DefaultSessionIdManager workerName=node0
2022-05-11 01:31:09,651 [Listener at localhost/38331] INFO  server.session (DefaultSessionIdManager.java:doStart(339)) - No SessionScavenger set, using defaults
2022-05-11 01:31:09,651 [Listener at localhost/38331] INFO  server.session (HouseKeeper.java:startScavenging(132)) - node0 Scavenging every 600000ms
2022-05-11 01:31:09,654 [Listener at localhost/38331] INFO  handler.ContextHandler (ContextHandler.java:doStart(915)) - Started o.e.j.s.ServletContextHandler@6f309e47{logs,/logs,file:///home/runner/work/ozone/ozone/hadoop-ozone/integration-test/target/log,AVAILABLE}
2022-05-11 01:31:09,655 [Listener at localhost/38331] INFO  handler.ContextHandler (ContextHandler.java:doStart(915)) - Started o.e.j.s.ServletContextHandler@66db5a9a{static,/static,file:///home/runner/work/ozone/ozone/hadoop-ozone/integration-test/target/test-classes/webapps/static,AVAILABLE}
2022-05-11 01:31:09,663 [Listener at localhost/38331] INFO  handler.ContextHandler (ContextHandler.java:doStart(915)) - Started o.e.j.w.WebAppContext@2c013860{ozoneManager,/,file:///home/runner/work/ozone/ozone/hadoop-ozone/integration-test/target/test-classes/webapps/ozoneManager/,AVAILABLE}{file:/home/runner/work/ozone/ozone/hadoop-ozone/integration-test/target/test-classes/webapps/ozoneManager}
2022-05-11 01:31:09,665 [Listener at localhost/38331] INFO  server.AbstractConnector (AbstractConnector.java:doStart(331)) - Started ServerConnector@2c18bd39{HTTP/1.1, (http/1.1)}{0.0.0.0:46523}
2022-05-11 01:31:09,666 [Listener at localhost/38331] INFO  server.Server (Server.java:doStart(415)) - Started @134829ms
2022-05-11 01:31:09,666 [Listener at localhost/38331] WARN  impl.MetricsSystemImpl (MetricsSystemImpl.java:register(279)) - Sink prometheus already exists!
2022-05-11 01:31:09,668 [Listener at localhost/38331] INFO  http.BaseHttpServer (BaseHttpServer.java:updateConnectorAddress(329)) - HTTP server of ozoneManager listening at http://0.0.0.0:46523
2022-05-11 01:31:09,669 [IPC Server Responder] INFO  ipc.Server (Server.java:run(1507)) - IPC Server Responder: starting
2022-05-11 01:31:09,686 [IPC Server listener on 38331] INFO  ipc.Server (Server.java:run(1344)) - IPC Server listener on 38331: starting
2022-05-11 01:31:09,712 [Listener at localhost/38331] INFO  om.OzoneManager (OzoneManager.java:startTrashEmptier(1835)) - Trash Interval set to 0. Files deleted won't move to trash
2022-05-11 01:31:09,721 [Listener at localhost/38331] INFO  om.OzoneManager (OzoneManager.java:stop(1950)) - omNode-2[localhost:46389]: Stopping Ozone Manager
2022-05-11 01:31:09,722 [Listener at localhost/38331] INFO  ipc.Server (Server.java:stop(3414)) - Stopping server on 46389
2022-05-11 01:31:09,731 [IPC Server listener on 46389] INFO  ipc.Server (Server.java:run(1376)) - Stopping IPC Server listener on 46389
2022-05-11 01:31:09,731 [IPC Server Responder] INFO  ipc.Server (Server.java:run(1512)) - Stopping IPC Server Responder
2022-05-11 01:31:09,732 [Listener at localhost/38331] INFO  server.RaftServer (RaftServerProxy.java:lambda$close$6(391)) - omNode-2: close
2022-05-11 01:31:09,732 [Listener at localhost/38331] INFO  server.RaftServer$Division (RaftServerImpl.java:lambda$close$4(412)) - omNode-2@group-523986131536: shutdown
2022-05-11 01:31:09,732 [Listener at localhost/38331] INFO  util.JmxRegister (JmxRegister.java:unregister(73)) - Successfully un-registered JMX Bean with object name Ratis:service=RaftServer,group=group-523986131536,id=omNode-2
2022-05-11 01:31:09,732 [Listener at localhost/38331] INFO  impl.RoleInfo (RoleInfo.java:shutdownFollowerState(108)) - omNode-2: shutdown omNode-2@group-523986131536-FollowerState
2022-05-11 01:31:09,733 [Listener at localhost/38331] INFO  impl.StateMachineUpdater (StateMachineUpdater.java:stopAndJoin(149)) - omNode-2@group-523986131536-StateMachineUpdater: set stopIndex = 584
2022-05-11 01:31:09,732 [org.apache.hadoop.util.JvmPauseMonitor$Monitor@46e48aaf] INFO  util.JvmPauseMonitor (JvmPauseMonitor.java:run(188)) - Starting JVM pause monitor
2022-05-11 01:31:09,733 [omNode-2@group-523986131536-FollowerState] INFO  impl.FollowerState (FollowerState.java:run(143)) - omNode-2@group-523986131536-FollowerState was interrupted: {}
java.lang.InterruptedException: sleep interrupted
	at java.lang.Thread.sleep(Native Method)
	at java.lang.Thread.sleep(Thread.java:342)
	at java.util.concurrent.TimeUnit.sleep(TimeUnit.java:386)
	at org.apache.ratis.util.TimeDuration.sleep(TimeDuration.java:324)
	at org.apache.ratis.util.TimeDuration.sleep(TimeDuration.java:309)
	at org.apache.ratis.server.impl.FollowerState.run(FollowerState.java:118)
2022-05-11 01:31:09,733 [omNode-2@group-523986131536-StateMachineUpdater] INFO  ratis.OzoneManagerStateMachine (OzoneManagerStateMachine.java:takeSnapshot(436)) - Current Snapshot Index (t:2, i:584)
2022-05-11 01:31:09,734 [omNode-2@group-523986131536-StateMachineUpdater] INFO  impl.StateMachineUpdater (StateMachineUpdater.java:takeSnapshot(281)) - omNode-2@group-523986131536-StateMachineUpdater: Took a snapshot at index 584
2022-05-11 01:31:09,734 [omNode-2@group-523986131536-StateMachineUpdater] INFO  impl.StateMachineUpdater (StateMachineUpdater.java:lambda$new$0(89)) - omNode-2@group-523986131536-StateMachineUpdater: snapshotIndex: updateIncreasingly 549 -> 584
2022-05-11 01:31:09,734 [omNode-2@group-523986131536-StateMachineUpdater] INFO  ratis.OzoneManagerStateMachine (OzoneManagerStateMachine.java:close(490)) - StateMachine has shutdown. Shutdown OzoneManager if not already shutdown.
2022-05-11 01:31:09,734 [omNode-2@group-523986131536-StateMachineUpdater] INFO  ratis.OzoneManagerDoubleBuffer (OzoneManagerDoubleBuffer.java:stop(465)) - Stopping OMDoubleBuffer flush thread
2022-05-11 01:31:09,741 [OMDoubleBufferFlushThread] INFO  ratis.OzoneManagerDoubleBuffer (OzoneManagerDoubleBuffer.java:flushTransactions(385)) - OMDoubleBuffer flush thread OMDoubleBufferFlushThread is interrupted and will exit.
2022-05-11 01:31:09,742 [Listener at localhost/38331] INFO  server.RaftServer$Division (ServerState.java:close(419)) - omNode-2@group-523986131536: closes. applyIndex: 584
2022-05-11 01:31:09,742 [omNode-2@group-523986131536-SegmentedRaftLogWorker] INFO  segmented.SegmentedRaftLogWorker (SegmentedRaftLogWorker.java:run(327)) - omNode-2@group-523986131536-SegmentedRaftLogWorker was interrupted, exiting. There are 0 tasks remaining in the queue.
2022-05-11 01:31:09,743 [Listener at localhost/38331] INFO  segmented.SegmentedRaftLogWorker (SegmentedRaftLogWorker.java:close(237)) - omNode-2@group-523986131536-SegmentedRaftLogWorker close()
2022-05-11 01:31:09,744 [Listener at localhost/38331] INFO  server.GrpcService (GrpcService.java:closeImpl(262)) - omNode-2: shutdown server with port 37911 now
2022-05-11 01:31:09,752 [Listener at localhost/38331] INFO  server.GrpcService (GrpcService.java:closeImpl(271)) - omNode-2: shutdown server with port 37911 successfully
2022-05-11 01:31:09,752 [org.apache.ratis.util.JvmPauseMonitor$$Lambda$637/1274334510@3887479d] INFO  util.JvmPauseMonitor (JvmPauseMonitor.java:run(109)) - JvmPauseMonitor-omNode-2: Stopped
2022-05-11 01:31:09,753 [Listener at localhost/38331] INFO  ratis.OzoneManagerStateMachine (OzoneManagerStateMachine.java:close(490)) - StateMachine has shutdown. Shutdown OzoneManager if not already shutdown.
2022-05-11 01:31:09,753 [Listener at localhost/38331] INFO  ratis.OzoneManagerDoubleBuffer (OzoneManagerDoubleBuffer.java:stop(477)) - OMDoubleBuffer flush thread is not running.
2022-05-11 01:31:09,753 [Listener at localhost/38331] INFO  utils.BackgroundService (BackgroundService.java:shutdown(132)) - Shutting down service KeyDeletingService
2022-05-11 01:31:09,753 [Listener at localhost/38331] INFO  utils.BackgroundService (BackgroundService.java:shutdown(132)) - Shutting down service DirectoryDeletingService
2022-05-11 01:31:09,755 [Listener at localhost/38331] INFO  handler.ContextHandler (ContextHandler.java:doStop(1153)) - Stopped o.e.j.w.WebAppContext@86c162e{ozoneManager,/,null,STOPPED}{file:/home/runner/work/ozone/ozone/hadoop-ozone/integration-test/target/test-classes/webapps/ozoneManager}
2022-05-11 01:31:09,755 [Listener at localhost/38331] INFO  server.AbstractConnector (AbstractConnector.java:doStop(381)) - Stopped ServerConnector@4e0554ca{HTTP/1.1, (http/1.1)}{0.0.0.0:43697}
2022-05-11 01:31:09,756 [Listener at localhost/38331] INFO  server.session (HouseKeeper.java:stopScavenging(149)) - node0 Stopped scavenging
2022-05-11 01:31:09,756 [Listener at localhost/38331] INFO  handler.ContextHandler (ContextHandler.java:doStop(1153)) - Stopped o.e.j.s.ServletContextHandler@75de0da8{static,/static,file:///home/runner/work/ozone/ozone/hadoop-ozone/integration-test/target/test-classes/webapps/static,STOPPED}
2022-05-11 01:31:09,756 [Listener at localhost/38331] INFO  handler.ContextHandler (ContextHandler.java:doStop(1153)) - Stopped o.e.j.s.ServletContextHandler@27b93919{logs,/logs,file:///home/runner/work/ozone/ozone/hadoop-ozone/integration-test/target/log,STOPPED}
2022-05-11 01:31:09,773 [Listener at localhost/38331] INFO  om.OzoneManager (OzoneManager.java:restart(1487)) - OzoneManager RPC server is listening at localhost/127.0.0.1:46389
2022-05-11 01:31:09,773 [Listener at localhost/38331] INFO  impl.MetricsSystemImpl (MetricsSystemImpl.java:init(158)) - OzoneManager metrics system started (again)
2022-05-11 01:31:09,814 [Listener at localhost/38331] WARN  server.ServerUtils (ServerUtils.java:getDBPath(225)) - ozone.om.db.dirs is not configured. We recommend adding this setting. Falling back to ozone.metadata.dirs instead.
2022-05-11 01:31:09,818 [Listener at localhost/38331] INFO  codec.OmKeyInfoCodec (OmKeyInfoCodec.java:<init>(49)) - OmKeyInfoCodec ignorePipeline = true
2022-05-11 01:31:09,819 [Listener at localhost/38331] INFO  codec.RepeatedOmKeyInfoCodec (RepeatedOmKeyInfoCodec.java:<init>(41)) - RepeatedOmKeyInfoCodec ignorePipeline = true
2022-05-11 01:31:09,934 [EndpointStateMachine task thread for /0.0.0.0:46775 - 0 ] INFO  ipc.Client (Client.java:handleConnectionFailure(977)) - Retrying connect to server: 0.0.0.0/0.0.0.0:46775. Already tried 13 time(s); retry policy is RetryUpToMaximumCountWithFixedSleep(maxRetries=15, sleepTime=1000 MILLISECONDS)
2022-05-11 01:31:10,037 [omNode-3@group-523986131536-FollowerState] INFO  impl.FollowerState (FollowerState.java:run(134)) - omNode-3@group-523986131536-FollowerState: change to CANDIDATE, lastRpcElapsedTime:1544666764ns, electionTimeout:1177ms
2022-05-11 01:31:10,038 [omNode-3@group-523986131536-FollowerState] INFO  impl.RoleInfo (RoleInfo.java:shutdownFollowerState(108)) - omNode-3: shutdown omNode-3@group-523986131536-FollowerState
2022-05-11 01:31:10,038 [omNode-3@group-523986131536-FollowerState] INFO  server.RaftServer$Division (RaftServerImpl.java:setRole(290)) - omNode-3@group-523986131536: changes role from  FOLLOWER to CANDIDATE at term 2 for changeToCandidate
2022-05-11 01:31:10,038 [omNode-3@group-523986131536-FollowerState] INFO  server.RaftServerConfigKeys (ConfUtils.java:logGet(44)) - raft.server.leaderelection.pre-vote = false (custom)
2022-05-11 01:31:10,038 [omNode-3@group-523986131536-FollowerState] INFO  impl.RoleInfo (RoleInfo.java:updateAndGet(130)) - omNode-3: start omNode-3@group-523986131536-LeaderElection72
2022-05-11 01:31:10,045 [Listener at localhost/38331] WARN  impl.MetricRegistriesImpl (MetricRegistriesImpl.java:addReporterRegistration(111)) - New reporters are added after registries were created. Some metrics will be missing from the reporter. Please add reporter before adding any new registry.
2022-05-11 01:31:10,045 [Listener at localhost/38331] WARN  impl.MetricRegistriesImpl (MetricRegistriesImpl.java:addReporterRegistration(111)) - New reporters are added after registries were created. Some metrics will be missing from the reporter. Please add reporter before adding any new registry.
2022-05-11 01:31:10,046 [Listener at localhost/38331] WARN  server.ServerUtils (ServerUtils.java:getDefaultRatisDirectory(237)) - Storage directory for Ratis is not configured. It is a good idea to map this to an SSD disk. Falling back to ozone.metadata.dirs
2022-05-11 01:31:10,047 [Listener at localhost/38331] INFO  ratis.OzoneManagerRatisServer (OzoneManagerRatisServer.java:<init>(159)) - Instantiating OM Ratis server with groupID: om-service-test1 and peers: localhost:37911, localhost:45267, localhost:41337
2022-05-11 01:31:10,047 [Listener at localhost/38331] INFO  ratis.OzoneManagerStateMachine (OzoneManagerStateMachine.java:loadSnapshotInfoFromDB(627)) - LastAppliedIndex is set from TransactionInfo from OM DB as (t:2, i:584)
2022-05-11 01:31:10,047 [Listener at localhost/38331] INFO  server.RaftServer (ConfUtils.java:logGet(44)) - raft.rpc.type = GRPC (default)
2022-05-11 01:31:10,048 [Listener at localhost/38331] INFO  grpc.GrpcFactory (GrpcFactory.java:checkPooledByteBufAllocatorUseCacheForAllThreads(48)) - PERFORMANCE WARNING: useCacheForAllThreads is true that may cause Netty to create a lot garbage objects and, as a result, trigger GC.
	It is recommended to disable useCacheForAllThreads by setting -Dorg.apache.ratis.thirdparty.io.netty.allocator.useCacheForAllThreads=false in command line.
2022-05-11 01:31:10,048 [Listener at localhost/38331] INFO  grpc.GrpcConfigKeys (ConfUtils.java:logGet(44)) - raft.grpc.admin.port = -1 (default)
2022-05-11 01:31:10,048 [Listener at localhost/38331] INFO  grpc.GrpcConfigKeys (ConfUtils.java:logGet(44)) - raft.grpc.server.port = 37911 (custom)
2022-05-11 01:31:10,048 [Listener at localhost/38331] INFO  grpc.GrpcConfigKeys (ConfUtils.java:logGet(44)) - raft.grpc.client.port = -1 (default)
2022-05-11 01:31:10,048 [Listener at localhost/38331] INFO  grpc.GrpcConfigKeys (ConfUtils.java:logGet(44)) - raft.grpc.server.port = 37911 (custom)
2022-05-11 01:31:10,048 [Listener at localhost/38331] INFO  grpc.GrpcConfigKeys (ConfUtils.java:logGet(44)) - raft.grpc.server.port = 37911 (custom)
2022-05-11 01:31:10,049 [Listener at localhost/38331] INFO  server.GrpcService (ConfUtils.java:logGet(44)) - raft.grpc.message.size.max = 33554432 (custom)
2022-05-11 01:31:10,049 [Listener at localhost/38331] INFO  server.RaftServerConfigKeys (ConfUtils.java:logGet(44)) - raft.server.log.appender.buffer.byte-limit = 33554432 (custom)
2022-05-11 01:31:10,049 [Listener at localhost/38331] INFO  server.GrpcService (ConfUtils.java:logGet(44)) - raft.grpc.flow.control.window = 1MB (=1048576) (default)
2022-05-11 01:31:10,049 [Listener at localhost/38331] INFO  server.RaftServerConfigKeys (ConfUtils.java:logGet(44)) - raft.server.rpc.request.timeout = 3000ms (default)
2022-05-11 01:31:10,051 [Listener at localhost/38331] INFO  impl.DataStreamServerImpl (ConfUtils.java:logGet(44)) - raft.datastream.type = DISABLED (default)
2022-05-11 01:31:10,051 [Listener at localhost/38331] INFO  server.RaftServerConfigKeys (ConfUtils.java:logGet(44)) - raft.server.rpc.slowness.timeout = 2s (custom)
2022-05-11 01:31:10,051 [Listener at localhost/38331] INFO  server.RaftServerConfigKeys (ConfUtils.java:logGet(44)) - raft.server.leaderelection.leader.step-down.wait-time = 10s (default)
2022-05-11 01:31:10,051 [Listener at localhost/38331] INFO  server.RaftServerConfigKeys (ConfUtils.java:logGet(44)) - raft.server.storage.dir = [/home/runner/work/ozone/ozone/hadoop-ozone/integration-test/target/test-dir/MiniOzoneClusterImpl-37128324-e3dc-46f8-950a-3a99f891b880/omNode-2/ratis] (custom)
2022-05-11 01:31:10,051 [Listener at localhost/38331] INFO  server.RaftServer (RaftServerProxy.java:lambda$null$1(235)) - omNode-2: found a subdirectory /home/runner/work/ozone/ozone/hadoop-ozone/integration-test/target/test-dir/MiniOzoneClusterImpl-37128324-e3dc-46f8-950a-3a99f891b880/omNode-2/ratis/c9bc4cf4-3bc3-3c60-a66b-523986131536
2022-05-11 01:31:10,052 [Listener at localhost/38331] INFO  server.RaftServer (RaftServerProxy.java:addNew(95)) - omNode-2: addNew group-523986131536:[omNode-3|rpc:localhost:45267|priority:0, omNode-1|rpc:localhost:41337|priority:0, omNode-2|rpc:localhost:37911|priority:0] returns group-523986131536:java.util.concurrent.CompletableFuture@1176578f[Not completed]
2022-05-11 01:31:10,052 [Listener at localhost/38331] INFO  om.OzoneManager (OzoneManager.java:initializeRatisServer(1891)) - OzoneManager Ratis server initialized at port 37911
2022-05-11 01:31:10,052 [Listener at localhost/38331] INFO  ratis.OzoneManagerRatisServer (OzoneManagerRatisServer.java:start(554)) - Starting OzoneManagerRatisServer omNode-2 at port 37911
2022-05-11 01:31:10,055 [omNode-1@group-523986131536-FollowerState] INFO  impl.FollowerState (FollowerState.java:run(134)) - omNode-1@group-523986131536-FollowerState: change to CANDIDATE, lastRpcElapsedTime:1195223493ns, electionTimeout:1186ms
2022-05-11 01:31:10,055 [omNode-1@group-523986131536-FollowerState] INFO  impl.RoleInfo (RoleInfo.java:shutdownFollowerState(108)) - omNode-1: shutdown omNode-1@group-523986131536-FollowerState
2022-05-11 01:31:10,055 [omNode-1@group-523986131536-FollowerState] INFO  server.RaftServer$Division (RaftServerImpl.java:setRole(290)) - omNode-1@group-523986131536: changes role from  FOLLOWER to CANDIDATE at term 2 for changeToCandidate
2022-05-11 01:31:10,055 [omNode-1@group-523986131536-FollowerState] INFO  server.RaftServerConfigKeys (ConfUtils.java:logGet(44)) - raft.server.leaderelection.pre-vote = false (custom)
2022-05-11 01:31:10,055 [omNode-1@group-523986131536-FollowerState] INFO  impl.RoleInfo (RoleInfo.java:updateAndGet(130)) - omNode-1: start omNode-1@group-523986131536-LeaderElection73
2022-05-11 01:31:10,058 [pool-814-thread-1] INFO  server.RaftServer$Division (RaftServerImpl.java:<init>(184)) - omNode-2: new RaftServerImpl for group-523986131536:[omNode-3|rpc:localhost:45267|priority:0, omNode-1|rpc:localhost:41337|priority:0, omNode-2|rpc:localhost:37911|priority:0] with OzoneManagerStateMachine:uninitialized
2022-05-11 01:31:10,062 [omNode-3@group-523986131536-LeaderElection72] INFO  server.RaftServer$Division (ServerState.java:setLeader(285)) - omNode-3@group-523986131536: change Leader from omNode-1 to null at term 2 for ELECTION
2022-05-11 01:31:10,067 [pool-814-thread-1] INFO  server.RaftServerConfigKeys (ConfUtils.java:logGet(44)) - raft.server.rpc.timeout.min = 1s (custom)
2022-05-11 01:31:10,067 [pool-814-thread-1] INFO  server.RaftServerConfigKeys (ConfUtils.java:logGet(44)) - raft.server.rpc.timeout.max = 1200ms (custom)
2022-05-11 01:31:10,067 [pool-814-thread-1] INFO  server.RaftServerConfigKeys (ConfUtils.java:logGet(44)) - raft.server.rpc.sleep.time = 25ms (default)
2022-05-11 01:31:10,067 [pool-814-thread-1] INFO  server.RaftServerConfigKeys (ConfUtils.java:logGet(44)) - raft.server.rpc.slowness.timeout = 2s (custom)
2022-05-11 01:31:10,067 [pool-814-thread-1] INFO  server.RaftServerConfigKeys (ConfUtils.java:logGet(44)) - raft.server.leaderelection.leader.step-down.wait-time = 10s (default)
2022-05-11 01:31:10,067 [pool-814-thread-1] INFO  server.RaftServerConfigKeys (ConfUtils.java:logGet(44)) - raft.server.sleep.deviation.threshold = 300ms (default)
2022-05-11 01:31:10,068 [pool-814-thread-1] INFO  server.RaftServerConfigKeys (ConfUtils.java:logGet(44)) - raft.server.log.appender.install.snapshot.enabled = false (custom)
2022-05-11 01:31:10,068 [pool-814-thread-1] INFO  server.RaftServer$Division (ServerState.java:<init>(105)) - omNode-2@group-523986131536: ConfigurationManager, init=-1: [omNode-3|rpc:localhost:45267|priority:0, omNode-1|rpc:localhost:41337|priority:0, omNode-2|rpc:localhost:37911|priority:0], old=null, confs=<EMPTY_MAP>
2022-05-11 01:31:10,068 [pool-814-thread-1] INFO  server.RaftServerConfigKeys (ConfUtils.java:logGet(44)) - raft.server.storage.dir = [/home/runner/work/ozone/ozone/hadoop-ozone/integration-test/target/test-dir/MiniOzoneClusterImpl-37128324-e3dc-46f8-950a-3a99f891b880/omNode-2/ratis] (custom)
2022-05-11 01:31:10,068 [pool-814-thread-1] INFO  server.RaftServerConfigKeys (ConfUtils.java:logGet(44)) - raft.server.log.corruption.policy = EXCEPTION (default)
2022-05-11 01:31:10,068 [pool-814-thread-1] INFO  server.RaftServerConfigKeys (ConfUtils.java:logGet(44)) - raft.server.storage.free-space.min = 0MB (=0) (default)
2022-05-11 01:31:10,071 [pool-814-thread-1] INFO  storage.RaftStorageDirectory (RaftStorageDirectoryImpl.java:tryLock(230)) - Lock on /home/runner/work/ozone/ozone/hadoop-ozone/integration-test/target/test-dir/MiniOzoneClusterImpl-37128324-e3dc-46f8-950a-3a99f891b880/omNode-2/ratis/c9bc4cf4-3bc3-3c60-a66b-523986131536/in_use.lock acquired by nodename 4883@fv-az291-847
2022-05-11 01:31:10,071 [pool-814-thread-1] INFO  storage.RaftStorage (RaftStorageImpl.java:analyzeAndRecoverStorage(110)) - Read RaftStorageMetadata{term=2, votedFor=omNode-1} from /home/runner/work/ozone/ozone/hadoop-ozone/integration-test/target/test-dir/MiniOzoneClusterImpl-37128324-e3dc-46f8-950a-3a99f891b880/omNode-2/ratis/c9bc4cf4-3bc3-3c60-a66b-523986131536/current/raft-meta
2022-05-11 01:31:10,071 [pool-814-thread-1] INFO  server.RaftServer$Division (ServerState.java:setRaftConf(387)) - omNode-2@group-523986131536: set configuration 0: [omNode-3|rpc:localhost:45267|admin:|client:|dataStream:|priority:0, omNode-1|rpc:localhost:41337|admin:|client:|dataStream:|priority:0, omNode-2|rpc:localhost:37911|admin:|client:|dataStream:|priority:0], old=null
2022-05-11 01:31:10,071 [pool-814-thread-1] INFO  server.RaftServerConfigKeys (ConfUtils.java:logGet(44)) - raft.server.notification.no-leader.timeout = 2s (custom)
2022-05-11 01:31:10,071 [pool-814-thread-1] INFO  server.RaftServerConfigKeys (ConfUtils.java:logGet(44)) - raft.server.log.use.memory = false (default)
2022-05-11 01:31:10,072 [pool-814-thread-1] INFO  server.RaftServerConfigKeys (ConfUtils.java:logGet(44)) - raft.server.log.purge.gap = 50 (custom)
2022-05-11 01:31:10,072 [pool-814-thread-1] INFO  server.RaftServerConfigKeys (ConfUtils.java:logGet(44)) - raft.server.log.appender.buffer.byte-limit = 33554432 (custom)
2022-05-11 01:31:10,072 [pool-814-thread-1] INFO  server.RaftServerConfigKeys (ConfUtils.java:logGet(44)) - raft.server.log.segment.size.max = 4194304 (custom)
2022-05-11 01:31:10,072 [pool-814-thread-1] INFO  server.RaftServerConfigKeys (ConfUtils.java:logGet(44)) - raft.server.log.segment.cache.num.max = 2 (custom)
2022-05-11 01:31:10,072 [pool-814-thread-1] INFO  server.RaftServerConfigKeys (ConfUtils.java:logGet(44)) - raft.server.log.segment.cache.size.max = 200MB (=209715200) (default)
2022-05-11 01:31:10,073 [omNode-3@group-523986131536-LeaderElection72] INFO  impl.LeaderElection (LeaderElection.java:askForVotes(306)) - omNode-3@group-523986131536-LeaderElection72 ELECTION round 0: submit vote requests at term 3 for 0: [omNode-3|rpc:localhost:45267|admin:|client:|dataStream:|priority:0, omNode-1|rpc:localhost:41337|admin:|client:|dataStream:|priority:0, omNode-2|rpc:localhost:37911|admin:|client:|dataStream:|priority:0], old=null
2022-05-11 01:31:10,073 [pool-814-thread-1] INFO  segmented.SegmentedRaftLogWorker (SegmentedRaftLogWorker.java:<init>(182)) - new omNode-2@group-523986131536-SegmentedRaftLogWorker for RaftStorageImpl:Storage Directory /home/runner/work/ozone/ozone/hadoop-ozone/integration-test/target/test-dir/MiniOzoneClusterImpl-37128324-e3dc-46f8-950a-3a99f891b880/omNode-2/ratis/c9bc4cf4-3bc3-3c60-a66b-523986131536
2022-05-11 01:31:10,073 [pool-814-thread-1] INFO  server.RaftServerConfigKeys (ConfUtils.java:logGet(44)) - raft.server.log.queue.byte-limit = 64MB (=67108864) (default)
2022-05-11 01:31:10,073 [pool-814-thread-1] INFO  server.RaftServerConfigKeys (ConfUtils.java:logGet(44)) - raft.server.log.queue.element-limit = 4096 (default)
2022-05-11 01:31:10,073 [pool-814-thread-1] INFO  server.RaftServerConfigKeys (ConfUtils.java:logGet(44)) - raft.server.log.segment.size.max = 4194304 (custom)
2022-05-11 01:31:10,073 [pool-814-thread-1] INFO  server.RaftServerConfigKeys (ConfUtils.java:logGet(44)) - raft.server.log.preallocated.size = 4194304 (custom)
2022-05-11 01:31:10,073 [pool-814-thread-1] INFO  server.RaftServerConfigKeys (ConfUtils.java:logGet(44)) - raft.server.log.force.sync.num = 128 (default)
2022-05-11 01:31:10,073 [pool-814-thread-1] INFO  server.RaftServerConfigKeys (ConfUtils.java:logGet(44)) - raft.server.log.statemachine.data.sync = true (default)
2022-05-11 01:31:10,073 [pool-814-thread-1] INFO  server.RaftServerConfigKeys (ConfUtils.java:logGet(44)) - raft.server.log.statemachine.data.sync.timeout = 10s (default)
2022-05-11 01:31:10,073 [pool-814-thread-1] INFO  server.RaftServerConfigKeys (ConfUtils.java:logGet(44)) - raft.server.log.statemachine.data.sync.timeout.retry = -1 (default)
2022-05-11 01:31:10,075 [omNode-1@group-523986131536-LeaderElection73] INFO  impl.LeaderElection (LeaderElection.java:askForVotes(306)) - omNode-1@group-523986131536-LeaderElection73 ELECTION round 0: submit vote requests at term 3 for 0: [omNode-3|rpc:localhost:45267|admin:|client:|dataStream:|priority:0, omNode-1|rpc:localhost:41337|admin:|client:|dataStream:|priority:0, omNode-2|rpc:localhost:37911|admin:|client:|dataStream:|priority:0], old=null
2022-05-11 01:31:10,076 [pool-814-thread-1] INFO  server.RaftServerConfigKeys (ConfUtils.java:logGet(44)) - raft.server.log.write.buffer.size = 64KB (=65536) (default)
2022-05-11 01:31:10,076 [pool-814-thread-1] INFO  server.RaftServerConfigKeys (ConfUtils.java:logGet(44)) - raft.server.log.statemachine.data.caching.enabled = false (default)
2022-05-11 01:31:10,077 [pool-814-thread-1] INFO  server.RaftServer$Division (ServerState.java:setRaftConf(387)) - omNode-2@group-523986131536: set configuration 0: [omNode-3|rpc:localhost:45267|admin:|client:|dataStream:|priority:0, omNode-1|rpc:localhost:41337|admin:|client:|dataStream:|priority:0, omNode-2|rpc:localhost:37911|admin:|client:|dataStream:|priority:0], old=null
2022-05-11 01:31:10,086 [pool-814-thread-1] INFO  segmented.LogSegment (LogSegment.java:loadSegment(173)) - Successfully read 585 entries from segment file /home/runner/work/ozone/ozone/hadoop-ozone/integration-test/target/test-dir/MiniOzoneClusterImpl-37128324-e3dc-46f8-950a-3a99f891b880/omNode-2/ratis/c9bc4cf4-3bc3-3c60-a66b-523986131536/current/log_inprogress_0
2022-05-11 01:31:10,086 [pool-814-thread-1] INFO  segmented.SegmentedRaftLogWorker (SegmentedRaftLogWorker.java:lambda$new$0(133)) - omNode-2@group-523986131536-SegmentedRaftLogWorker: flushIndex: setUnconditionally 0 -> 584
2022-05-11 01:31:10,086 [pool-814-thread-1] INFO  segmented.SegmentedRaftLogWorker (SegmentedRaftLogWorker.java:lambda$new$0(133)) - omNode-2@group-523986131536-SegmentedRaftLogWorker: safeCacheEvictIndex: setUnconditionally 0 -> -1
2022-05-11 01:31:10,096 [grpc-default-executor-1] INFO  server.RaftServer$Division (RaftServerImpl.java:requestVote(1046)) - omNode-1@group-523986131536: receive requestVote(ELECTION, omNode-3, group-523986131536, 3, (t:2, i:584))
2022-05-11 01:31:10,096 [grpc-default-executor-1] INFO  impl.VoteContext (VoteContext.java:log(48)) - omNode-1@group-523986131536-CANDIDATE: reject ELECTION from omNode-3: already has voted for omNode-1 at current term 3
2022-05-11 01:31:10,096 [grpc-default-executor-1] INFO  server.RaftServer$Division (RaftServerImpl.java:requestVote(1078)) - omNode-1@group-523986131536 replies to ELECTION vote request: omNode-3<-omNode-1#0:FAIL-t3. Peer's state: omNode-1@group-523986131536:t3, leader=null, voted=omNode-1, raftlog=omNode-1@group-523986131536-SegmentedRaftLog:OPENED:c584, conf=0: [omNode-3|rpc:localhost:45267|admin:|client:|dataStream:|priority:0, omNode-1|rpc:localhost:41337|admin:|client:|dataStream:|priority:0, omNode-2|rpc:localhost:37911|admin:|client:|dataStream:|priority:0], old=null
2022-05-11 01:31:10,107 [pool-814-thread-1] INFO  raftlog.RaftLog (RaftLogBase.java:lambda$new$0(53)) - omNode-2@group-523986131536-SegmentedRaftLog: commitIndex: updateToMax old=584, new=583, updated? false
2022-05-11 01:31:10,107 [pool-814-thread-1] INFO  server.RaftServerConfigKeys (ConfUtils.java:logGet(44)) - raft.server.snapshot.auto.trigger.enabled = true (custom)
2022-05-11 01:31:10,107 [pool-814-thread-1] INFO  server.RaftServerConfigKeys (ConfUtils.java:logGet(44)) - raft.server.snapshot.auto.trigger.threshold = 50 (custom)
2022-05-11 01:31:10,107 [pool-814-thread-1] INFO  server.RaftServerConfigKeys (ConfUtils.java:logGet(44)) - raft.server.snapshot.retention.file.num = -1 (default)
2022-05-11 01:31:10,107 [pool-814-thread-1] INFO  server.RaftServerConfigKeys (ConfUtils.java:logGet(44)) - raft.server.log.purge.upto.snapshot.index = true (custom)
2022-05-11 01:31:10,108 [pool-814-thread-1] INFO  server.RaftServerConfigKeys (ConfUtils.java:logGet(44)) - raft.server.retrycache.expirytime = 30000ms (custom)
2022-05-11 01:31:10,108 [pool-814-thread-1] INFO  server.RaftServerConfigKeys (ConfUtils.java:logGet(44)) - raft.server.retrycache.statistics.expirytime = 100μs (default)
2022-05-11 01:31:10,112 [omNode-3@group-523986131536-LeaderElection72] INFO  impl.LeaderElection (LogUtils.java:infoOrTrace(137)) - omNode-3@group-523986131536-LeaderElection72 got exception when requesting votes: java.util.concurrent.ExecutionException: org.apache.ratis.thirdparty.io.grpc.StatusRuntimeException: UNAVAILABLE: io exception
2022-05-11 01:31:10,112 [omNode-3@group-523986131536-LeaderElection72] INFO  impl.LeaderElection (LeaderElection.java:logAndReturn(89)) - omNode-3@group-523986131536-LeaderElection72: ELECTION REJECTED received 1 response(s) and 1 exception(s):
2022-05-11 01:31:10,112 [omNode-3@group-523986131536-LeaderElection72] INFO  impl.LeaderElection (LeaderElection.java:logAndReturn(93)) -   Response 0: omNode-3<-omNode-1#0:FAIL-t3
2022-05-11 01:31:10,112 [omNode-3@group-523986131536-LeaderElection72] INFO  impl.LeaderElection (LogUtils.java:infoOrTrace(137)) -   Exception 1: java.util.concurrent.ExecutionException: org.apache.ratis.thirdparty.io.grpc.StatusRuntimeException: UNAVAILABLE: io exception
2022-05-11 01:31:10,112 [omNode-3@group-523986131536-LeaderElection72] INFO  impl.LeaderElection (LeaderElection.java:askForVotes(308)) - omNode-3@group-523986131536-LeaderElection72 ELECTION round 0: result REJECTED
2022-05-11 01:31:10,112 [omNode-3@group-523986131536-LeaderElection72] INFO  server.RaftServer$Division (RaftServerImpl.java:setRole(290)) - omNode-3@group-523986131536: changes role from CANDIDATE to FOLLOWER at term 3 for REJECTED
2022-05-11 01:31:10,112 [omNode-3@group-523986131536-LeaderElection72] INFO  impl.RoleInfo (RoleInfo.java:shutdownLeaderElection(121)) - omNode-3: shutdown omNode-3@group-523986131536-LeaderElection72
2022-05-11 01:31:10,113 [omNode-3@group-523986131536-LeaderElection72] INFO  impl.RoleInfo (RoleInfo.java:updateAndGet(130)) - omNode-3: start omNode-3@group-523986131536-FollowerState
2022-05-11 01:31:10,119 [grpc-default-executor-0] INFO  server.RaftServer$Division (RaftServerImpl.java:requestVote(1046)) - omNode-3@group-523986131536: receive requestVote(ELECTION, omNode-1, group-523986131536, 3, (t:2, i:584))
2022-05-11 01:31:10,123 [Listener at localhost/38331] INFO  server.RaftServer$Division (RaftServerImpl.java:start(301)) - omNode-2@group-523986131536: start as a follower, conf=0: [omNode-3|rpc:localhost:45267|admin:|client:|dataStream:|priority:0, omNode-1|rpc:localhost:41337|admin:|client:|dataStream:|priority:0, omNode-2|rpc:localhost:37911|admin:|client:|dataStream:|priority:0], old=null
2022-05-11 01:31:10,123 [Listener at localhost/38331] INFO  server.RaftServer$Division (RaftServerImpl.java:setRole(290)) - omNode-2@group-523986131536: changes role from      null to FOLLOWER at term 2 for startAsFollower
2022-05-11 01:31:10,123 [Listener at localhost/38331] INFO  impl.RoleInfo (RoleInfo.java:updateAndGet(130)) - omNode-2: start omNode-2@group-523986131536-FollowerState
2022-05-11 01:31:10,123 [grpc-default-executor-0] INFO  impl.VoteContext (VoteContext.java:log(48)) - omNode-3@group-523986131536-FOLLOWER: reject ELECTION from omNode-1: already has voted for omNode-3 at current term 3
2022-05-11 01:31:10,124 [grpc-default-executor-0] INFO  server.RaftServer$Division (RaftServerImpl.java:requestVote(1078)) - omNode-3@group-523986131536 replies to ELECTION vote request: omNode-1<-omNode-3#0:FAIL-t3. Peer's state: omNode-3@group-523986131536:t3, leader=null, voted=omNode-3, raftlog=omNode-3@group-523986131536-SegmentedRaftLog:OPENED:c584, conf=0: [omNode-3|rpc:localhost:45267|admin:|client:|dataStream:|priority:0, omNode-1|rpc:localhost:41337|admin:|client:|dataStream:|priority:0, omNode-2|rpc:localhost:37911|admin:|client:|dataStream:|priority:0], old=null
2022-05-11 01:31:10,128 [Listener at localhost/38331] INFO  util.JmxRegister (JmxRegister.java:tryRegister(44)) - Successfully registered JMX Bean with object name Ratis:service=RaftServer,group=group-523986131536,id=omNode-2
2022-05-11 01:31:10,132 [Listener at localhost/38331] INFO  server.RaftServer (RaftServerProxy.java:lambda$start$5(374)) - omNode-2: start RPC server
2022-05-11 01:31:10,133 [omNode-1@group-523986131536-LeaderElection73] INFO  impl.LeaderElection (LogUtils.java:infoOrTrace(137)) - omNode-1@group-523986131536-LeaderElection73 got exception when requesting votes: java.util.concurrent.ExecutionException: org.apache.ratis.thirdparty.io.grpc.StatusRuntimeException: UNAVAILABLE: io exception
2022-05-11 01:31:10,137 [omNode-1@group-523986131536-LeaderElection73] INFO  impl.LeaderElection (LeaderElection.java:logAndReturn(89)) - omNode-1@group-523986131536-LeaderElection73: ELECTION REJECTED received 1 response(s) and 1 exception(s):
2022-05-11 01:31:10,137 [omNode-1@group-523986131536-LeaderElection73] INFO  impl.LeaderElection (LeaderElection.java:logAndReturn(93)) -   Response 0: omNode-1<-omNode-3#0:FAIL-t3
2022-05-11 01:31:10,137 [omNode-1@group-523986131536-LeaderElection73] INFO  impl.LeaderElection (LogUtils.java:infoOrTrace(137)) -   Exception 1: java.util.concurrent.ExecutionException: org.apache.ratis.thirdparty.io.grpc.StatusRuntimeException: UNAVAILABLE: io exception
2022-05-11 01:31:10,137 [omNode-1@group-523986131536-LeaderElection73] INFO  impl.LeaderElection (LeaderElection.java:askForVotes(308)) - omNode-1@group-523986131536-LeaderElection73 ELECTION round 0: result REJECTED
2022-05-11 01:31:10,137 [omNode-1@group-523986131536-LeaderElection73] INFO  server.RaftServer$Division (RaftServerImpl.java:setRole(290)) - omNode-1@group-523986131536: changes role from CANDIDATE to FOLLOWER at term 3 for REJECTED
2022-05-11 01:31:10,137 [omNode-1@group-523986131536-LeaderElection73] INFO  impl.RoleInfo (RoleInfo.java:shutdownLeaderElection(121)) - omNode-1: shutdown omNode-1@group-523986131536-LeaderElection73
2022-05-11 01:31:10,137 [omNode-1@group-523986131536-LeaderElection73] INFO  impl.RoleInfo (RoleInfo.java:updateAndGet(130)) - omNode-1: start omNode-1@group-523986131536-FollowerState
2022-05-11 01:31:10,149 [Listener at localhost/38331] INFO  server.GrpcService (GrpcService.java:startImpl(253)) - omNode-2: GrpcService started, listening on 37911
2022-05-11 01:31:10,157 [Listener at localhost/38331] INFO  om.OzoneManager (OzoneManager.java:getRpcServer(1027)) - Creating RPC Server
2022-05-11 01:31:10,158 [org.apache.ratis.util.JvmPauseMonitor$$Lambda$637/1274334510@283187ff] INFO  util.JvmPauseMonitor (JvmPauseMonitor.java:run(103)) - JvmPauseMonitor-omNode-2: Started
2022-05-11 01:31:10,842 [Listener at localhost/38331] INFO  reflections.Reflections (Reflections.java:scan(232)) - Reflections took 684 ms to scan 19 urls, producing 61 keys and 3656 values [using 2 cores]
2022-05-11 01:31:10,843 [Listener at localhost/38331] INFO  ipc.CallQueueManager (CallQueueManager.java:<init>(90)) - Using callQueue: class java.util.concurrent.LinkedBlockingQueue, queueCapacity: 2000, scheduler: class org.apache.hadoop.ipc.DefaultRpcScheduler, ipcBackoff: false.
2022-05-11 01:31:10,856 [Socket Reader #1 for port 46389] INFO  ipc.Server (Server.java:run(1265)) - Starting Socket Reader #1 for port 46389
2022-05-11 01:31:10,869 [Listener at localhost/46389] INFO  http.BaseHttpServer (BaseHttpServer.java:newHttpServer2BuilderForOzone(209)) - Starting Web-server for ozoneManager at: http://0.0.0.0:43697
2022-05-11 01:31:10,870 [Listener at localhost/46389] INFO  http.BaseHttpServer (BaseHttpServer.java:<init>(107)) - Hadoop Security Enabled: false Ozone Security Enabled: false Ozone HTTP Security Enabled: false 
2022-05-11 01:31:10,872 [Listener at localhost/46389] INFO  server.AuthenticationFilter (AuthenticationFilter.java:constructSecretProvider(240)) - Unable to initialize FileSignerSecretProvider, falling back to use random secrets.
2022-05-11 01:31:10,872 [Listener at localhost/46389] WARN  http.HttpRequestLog (HttpRequestLog.java:getRequestLog(103)) - Jetty request log can only be enabled using Log4j
2022-05-11 01:31:10,873 [Listener at localhost/46389] INFO  http.HttpServer2 (HttpServer2.java:addGlobalFilter(1030)) - Added global filter 'safety' (class=org.apache.hadoop.hdds.server.http.HttpServer2$QuotingInputFilter)
2022-05-11 01:31:10,874 [Listener at localhost/46389] INFO  http.HttpServer2 (HttpServer2.java:addFilter(1006)) - Added filter static_user_filter (class=org.apache.hadoop.http.lib.StaticUserWebFilter$StaticUserFilter) to context ozoneManager
2022-05-11 01:31:10,874 [Listener at localhost/46389] INFO  http.HttpServer2 (HttpServer2.java:addFilter(1014)) - Added filter static_user_filter (class=org.apache.hadoop.http.lib.StaticUserWebFilter$StaticUserFilter) to context logs
2022-05-11 01:31:10,874 [Listener at localhost/46389] INFO  http.HttpServer2 (HttpServer2.java:addFilter(1014)) - Added filter static_user_filter (class=org.apache.hadoop.http.lib.StaticUserWebFilter$StaticUserFilter) to context static
2022-05-11 01:31:10,880 [Listener at localhost/46389] INFO  http.HttpServer2 (HttpServer2.java:bindListener(1249)) - Jetty bound to port 43697
2022-05-11 01:31:10,880 [Listener at localhost/46389] INFO  server.Server (Server.java:doStart(375)) - jetty-9.4.43.v20210629; built: 2021-06-30T11:07:22.254Z; git: 526006ecfa3af7f1a27ef3a288e2bef7ea9dd7e8; jvm 1.8.0_322-b06
2022-05-11 01:31:10,891 [Listener at localhost/46389] INFO  server.session (DefaultSessionIdManager.java:doStart(334)) - DefaultSessionIdManager workerName=node0
2022-05-11 01:31:10,891 [Listener at localhost/46389] INFO  server.session (DefaultSessionIdManager.java:doStart(339)) - No SessionScavenger set, using defaults
2022-05-11 01:31:10,891 [Listener at localhost/46389] INFO  server.session (HouseKeeper.java:startScavenging(132)) - node0 Scavenging every 600000ms
2022-05-11 01:31:10,892 [Listener at localhost/46389] INFO  handler.ContextHandler (ContextHandler.java:doStart(915)) - Started o.e.j.s.ServletContextHandler@6cb9cefe{logs,/logs,file:///home/runner/work/ozone/ozone/hadoop-ozone/integration-test/target/log,AVAILABLE}
2022-05-11 01:31:10,892 [Listener at localhost/46389] INFO  handler.ContextHandler (ContextHandler.java:doStart(915)) - Started o.e.j.s.ServletContextHandler@4718af96{static,/static,file:///home/runner/work/ozone/ozone/hadoop-ozone/integration-test/target/test-classes/webapps/static,AVAILABLE}
2022-05-11 01:31:10,898 [Listener at localhost/46389] INFO  handler.ContextHandler (ContextHandler.java:doStart(915)) - Started o.e.j.w.WebAppContext@2de4aefc{ozoneManager,/,file:///home/runner/work/ozone/ozone/hadoop-ozone/integration-test/target/test-classes/webapps/ozoneManager/,AVAILABLE}{file:/home/runner/work/ozone/ozone/hadoop-ozone/integration-test/target/test-classes/webapps/ozoneManager}
2022-05-11 01:31:10,902 [Listener at localhost/46389] INFO  server.AbstractConnector (AbstractConnector.java:doStart(331)) - Started ServerConnector@258d6898{HTTP/1.1, (http/1.1)}{0.0.0.0:43697}
2022-05-11 01:31:10,902 [Listener at localhost/46389] INFO  server.Server (Server.java:doStart(415)) - Started @136065ms
2022-05-11 01:31:10,902 [Listener at localhost/46389] WARN  impl.MetricsSystemImpl (MetricsSystemImpl.java:register(279)) - Sink prometheus already exists!
2022-05-11 01:31:10,903 [Listener at localhost/46389] INFO  http.BaseHttpServer (BaseHttpServer.java:updateConnectorAddress(329)) - HTTP server of ozoneManager listening at http://0.0.0.0:43697
2022-05-11 01:31:10,906 [IPC Server Responder] INFO  ipc.Server (Server.java:run(1507)) - IPC Server Responder: starting
2022-05-11 01:31:10,909 [IPC Server listener on 46389] INFO  ipc.Server (Server.java:run(1344)) - IPC Server listener on 46389: starting
2022-05-11 01:31:10,916 [Listener at localhost/46389] INFO  om.OzoneManager (OzoneManager.java:startTrashEmptier(1835)) - Trash Interval set to 0. Files deleted won't move to trash
]]></system-out>
  </testcase>
</testsuite>