<?xml version="1.0" encoding="UTF-8"?>
<testsuite xmlns:xsi="http://www.w3.org/2001/XMLSchema-instance" xsi:noNamespaceSchemaLocation="https://maven.apache.org/surefire/maven-surefire-plugin/xsd/surefire-test-report-3.0.xsd" version="3.0" name="org.apache.hadoop.ozone.container.TestECContainerRecovery" time="443.381" tests="1" errors="1" skipped="0" failures="0">
  <properties>
    <property name="awt.toolkit" value="sun.awt.X11.XToolkit"/>
    <property name="file.encoding.pkg" value="sun.io"/>
    <property name="java.specification.version" value="1.8"/>
    <property name="sun.cpu.isalist" value=""/>
    <property name="sun.jnu.encoding" value="UTF-8"/>
    <property name="java.class.path" value="/home/runner/work/ozone/ozone/hadoop-ozone/integration-test/target/test-classes:/home/runner/work/ozone/ozone/hadoop-ozone/integration-test/target/classes:/home/runner/.m2/repository/org/apache/ozone/ozone-common/1.3.0-SNAPSHOT/ozone-common-1.3.0-SNAPSHOT.jar:/home/runner/.m2/repository/io/grpc/grpc-netty/1.48.1/grpc-netty-1.48.1.jar:/home/runner/.m2/repository/io/grpc/grpc-core/1.48.1/grpc-core-1.48.1.jar:/home/runner/.m2/repository/com/google/android/annotations/4.1.1.4/annotations-4.1.1.4.jar:/home/runner/.m2/repository/org/codehaus/mojo/animal-sniffer-annotations/1.21/animal-sniffer-annotations-1.21.jar:/home/runner/.m2/repository/com/google/errorprone/error_prone_annotations/2.2.0/error_prone_annotations-2.2.0.jar:/home/runner/.m2/repository/io/perfmark/perfmark-api/0.25.0/perfmark-api-0.25.0.jar:/home/runner/.m2/repository/io/netty/netty-codec-http2/4.1.79.Final/netty-codec-http2-4.1.79.Final.jar:/home/runner/.m2/repository/io/netty/netty-common/4.1.79.Final/netty-common-4.1.79.Final.jar:/home/runner/.m2/repository/io/netty/netty-buffer/4.1.79.Final/netty-buffer-4.1.79.Final.jar:/home/runner/.m2/repository/io/netty/netty-codec-http/4.1.79.Final/netty-codec-http-4.1.79.Final.jar:/home/runner/.m2/repository/io/netty/netty-handler-proxy/4.1.79.Final/netty-handler-proxy-4.1.79.Final.jar:/home/runner/.m2/repository/io/netty/netty-codec-socks/4.1.79.Final/netty-codec-socks-4.1.79.Final.jar:/home/runner/.m2/repository/io/netty/netty-tcnative-boringssl-static/2.0.53.Final/netty-tcnative-boringssl-static-2.0.53.Final.jar:/home/runner/.m2/repository/io/netty/netty-tcnative-classes/2.0.53.Final/netty-tcnative-classes-2.0.53.Final.jar:/home/runner/.m2/repository/io/netty/netty-tcnative-boringssl-static/2.0.53.Final/netty-tcnative-boringssl-static-2.0.53.Final-linux-x86_64.jar:/home/runner/.m2/repository/io/netty/netty-tcnative-boringssl-static/2.0.53.Final/netty-tcnative-boringssl-static-2.0.53.Final-linux-aarch_64.jar:/home/runner/.m2/repository/io/netty/netty-tcnative-boringssl-static/2.0.53.Final/netty-tcnative-boringssl-static-2.0.53.Final-osx-x86_64.jar:/home/runner/.m2/repository/io/netty/netty-tcnative-boringssl-static/2.0.53.Final/netty-tcnative-boringssl-static-2.0.53.Final-osx-aarch_64.jar:/home/runner/.m2/repository/io/netty/netty-tcnative-boringssl-static/2.0.53.Final/netty-tcnative-boringssl-static-2.0.53.Final-windows-x86_64.jar:/home/runner/.m2/repository/org/apache/commons/commons-compress/1.21/commons-compress-1.21.jar:/home/runner/.m2/repository/org/apache/ozone/hdds-common/1.3.0-SNAPSHOT/hdds-common-1.3.0-SNAPSHOT.jar:/home/runner/.m2/repository/org/apache/ozone/hdds-client/1.3.0-SNAPSHOT/hdds-client-1.3.0-SNAPSHOT.jar:/home/runner/.m2/repository/org/apache/ozone/ozone-interface-client/1.3.0-SNAPSHOT/ozone-interface-client-1.3.0-SNAPSHOT.jar:/home/runner/.m2/repository/org/apache/ozone/hdds-test-utils/1.3.0-SNAPSHOT/hdds-test-utils-1.3.0-SNAPSHOT.jar:/home/runner/.m2/repository/com/google/guava/guava/31.1-jre/guava-31.1-jre.jar:/home/runner/.m2/repository/com/google/guava/failureaccess/1.0.1/failureaccess-1.0.1.jar:/home/runner/.m2/repository/com/google/guava/listenablefuture/9999.0-empty-to-avoid-conflict-with-guava/listenablefuture-9999.0-empty-to-avoid-conflict-with-guava.jar:/home/runner/.m2/repository/com/google/code/findbugs/jsr305/3.0.0/jsr305-3.0.0.jar:/home/runner/.m2/repository/org/checkerframework/checker-qual/3.12.0/checker-qual-3.12.0.jar:/home/runner/.m2/repository/com/google/j2objc/j2objc-annotations/1.3/j2objc-annotations-1.3.jar:/home/runner/.m2/repository/commons-io/commons-io/2.11.0/commons-io-2.11.0.jar:/home/runner/.m2/repository/commons-logging/commons-logging/1.2/commons-logging-1.2.jar:/home/runner/.m2/repository/ch/qos/reload4j/reload4j/1.2.22/reload4j-1.2.22.jar:/home/runner/.m2/repository/org/slf4j/slf4j-api/1.7.36/slf4j-api-1.7.36.jar:/home/runner/.m2/repository/org/apache/ozone/hdds-server-scm/1.3.0-SNAPSHOT/hdds-server-scm-1.3.0-SNAPSHOT.jar:/home/runner/.m2/repository/org/apache/ozone/hdds-container-service/1.3.0-SNAPSHOT/hdds-container-service-1.3.0-SNAPSHOT.jar:/home/runner/.m2/repository/org/apache/ozone/hdds-hadoop-dependency-server/1.3.0-SNAPSHOT/hdds-hadoop-dependency-server-1.3.0-SNAPSHOT.jar:/home/runner/.m2/repository/org/apache/hadoop/hadoop-hdfs/3.3.4/hadoop-hdfs-3.3.4.jar:/home/runner/.m2/repository/org/eclipse/jetty/jetty-util-ajax/9.4.49.v20220914/jetty-util-ajax-9.4.49.v20220914.jar:/home/runner/.m2/repository/commons-daemon/commons-daemon/1.0.13/commons-daemon-1.0.13.jar:/home/runner/.m2/repository/org/apache/ozone/hdds-server-framework/1.3.0-SNAPSHOT/hdds-server-framework-1.3.0-SNAPSHOT.jar:/home/runner/.m2/repository/org/apache/ozone/hdds-interface-server/1.3.0-SNAPSHOT/hdds-interface-server-1.3.0-SNAPSHOT.jar:/home/runner/.m2/repository/org/apache/commons/commons-configuration2/2.1.1/commons-configuration2-2.1.1.jar:/home/runner/.m2/repository/org/apache/logging/log4j/log4j-core/2.17.1/log4j-core-2.17.1.jar:/home/runner/.m2/repository/com/lmax/disruptor/3.4.2/disruptor-3.4.2.jar:/home/runner/.m2/repository/org/eclipse/jetty/jetty-servlet/9.4.49.v20220914/jetty-servlet-9.4.49.v20220914.jar:/home/runner/.m2/repository/org/eclipse/jetty/jetty-security/9.4.49.v20220914/jetty-security-9.4.49.v20220914.jar:/home/runner/.m2/repository/org/rocksdb/rocksdbjni/7.4.5/rocksdbjni-7.4.5.jar:/home/runner/.m2/repository/io/prometheus/simpleclient_dropwizard/0.7.0/simpleclient_dropwizard-0.7.0.jar:/home/runner/.m2/repository/io/prometheus/simpleclient/0.7.0/simpleclient-0.7.0.jar:/home/runner/.m2/repository/io/prometheus/simpleclient_common/0.7.0/simpleclient_common-0.7.0.jar:/home/runner/.m2/repository/com/github/spotbugs/spotbugs-annotations/3.1.12/spotbugs-annotations-3.1.12.jar:/home/runner/.m2/repository/io/dropwizard/metrics/metrics-core/3.2.4/metrics-core-3.2.4.jar:/home/runner/.m2/repository/org/apache/commons/commons-text/1.4/commons-text-1.4.jar:/home/runner/.m2/repository/org/apache/hadoop/hadoop-hdfs-client/3.3.4/hadoop-hdfs-client-3.3.4.jar:/home/runner/.m2/repository/com/squareup/okhttp3/okhttp/4.9.3/okhttp-4.9.3.jar:/home/runner/.m2/repository/com/squareup/okio/okio/2.8.0/okio-2.8.0.jar:/home/runner/.m2/repository/org/jetbrains/kotlin/kotlin-stdlib-common/1.4.10/kotlin-stdlib-common-1.4.10.jar:/home/runner/.m2/repository/org/bouncycastle/bcprov-jdk15on/1.67/bcprov-jdk15on-1.67.jar:/home/runner/.m2/repository/com/google/protobuf/protobuf-java/2.5.0/protobuf-java-2.5.0.jar:/home/runner/.m2/repository/org/apache/ozone/ozone-manager/1.3.0-SNAPSHOT/ozone-manager-1.3.0-SNAPSHOT.jar:/home/runner/.m2/repository/org/aspectj/aspectjrt/1.9.7/aspectjrt-1.9.7.jar:/home/runner/.m2/repository/org/aspectj/aspectjweaver/1.9.7/aspectjweaver-1.9.7.jar:/home/runner/.m2/repository/org/apache/ozone/hdds-interface-client/1.3.0-SNAPSHOT/hdds-interface-client-1.3.0-SNAPSHOT.jar:/home/runner/.m2/repository/org/apache/hadoop/thirdparty/hadoop-shaded-protobuf_3_7/1.1.1/hadoop-shaded-protobuf_3_7-1.1.1.jar:/home/runner/.m2/repository/org/apache/ozone/ozone-interface-storage/1.3.0-SNAPSHOT/ozone-interface-storage-1.3.0-SNAPSHOT.jar:/home/runner/.m2/repository/org/reflections/reflections/0.9.11/reflections-0.9.11.jar:/home/runner/.m2/repository/com/sun/jersey/jersey-client/1.19/jersey-client-1.19.jar:/home/runner/.m2/repository/org/apache/ranger/ranger-intg/2.3.0/ranger-intg-2.3.0.jar:/home/runner/.m2/repository/org/apache/ranger/ranger-plugins-common/2.3.0/ranger-plugins-common-2.3.0.jar:/home/runner/.m2/repository/commons-lang/commons-lang/2.6/commons-lang-2.6.jar:/home/runner/.m2/repository/org/codehaus/jackson/jackson-jaxrs/1.9.13/jackson-jaxrs-1.9.13.jar:/home/runner/.m2/repository/org/apache/ranger/ranger-plugins-cred/2.3.0/ranger-plugins-cred-2.3.0.jar:/home/runner/.m2/repository/org/apache/ranger/ranger-plugins-audit/2.3.0/ranger-plugins-audit-2.3.0.jar:/home/runner/.m2/repository/org/eclipse/jetty/jetty-client/9.4.31.v20200723/jetty-client-9.4.31.v20200723.jar:/home/runner/.m2/repository/org/apache/httpcomponents/httpmime/4.5.6/httpmime-4.5.6.jar:/home/runner/.m2/repository/org/apache/httpcomponents/httpcore-nio/4.4.6/httpcore-nio-4.4.6.jar:/home/runner/.m2/repository/org/apache/httpcomponents/httpasyncclient/4.1.3/httpasyncclient-4.1.3.jar:/home/runner/.m2/repository/com/carrotsearch/hppc/0.8.0/hppc-0.8.0.jar:/home/runner/.m2/repository/org/apache/orc/orc-core/1.5.8/orc-core-1.5.8.jar:/home/runner/.m2/repository/net/java/dev/jna/jna/5.2.0/jna-5.2.0.jar:/home/runner/.m2/repository/net/java/dev/jna/jna-platform/5.2.0/jna-platform-5.2.0.jar:/home/runner/.m2/repository/com/kstruct/gethostname4j/0.0.2/gethostname4j-0.0.2.jar:/home/runner/.m2/repository/org/apache/ranger/ranger-plugin-classloader/2.3.0/ranger-plugin-classloader-2.3.0.jar:/home/runner/.m2/repository/org/apache/hadoop/hadoop-minikdc/3.3.4/hadoop-minikdc-3.3.4.jar:/home/runner/.m2/repository/org/apache/kerby/kerb-simplekdc/1.0.1/kerb-simplekdc-1.0.1.jar:/home/runner/.m2/repository/org/apache/kerby/kerb-client/1.0.1/kerb-client-1.0.1.jar:/home/runner/.m2/repository/org/apache/kerby/kerby-config/1.0.1/kerby-config-1.0.1.jar:/home/runner/.m2/repository/org/apache/kerby/kerb-common/1.0.1/kerb-common-1.0.1.jar:/home/runner/.m2/repository/org/apache/kerby/kerb-crypto/1.0.1/kerb-crypto-1.0.1.jar:/home/runner/.m2/repository/org/apache/kerby/kerb-util/1.0.1/kerb-util-1.0.1.jar:/home/runner/.m2/repository/org/apache/kerby/token-provider/1.0.1/token-provider-1.0.1.jar:/home/runner/.m2/repository/org/apache/kerby/kerb-admin/1.0.1/kerb-admin-1.0.1.jar:/home/runner/.m2/repository/org/apache/kerby/kerb-server/1.0.1/kerb-server-1.0.1.jar:/home/runner/.m2/repository/org/apache/kerby/kerb-identity/1.0.1/kerb-identity-1.0.1.jar:/home/runner/.m2/repository/org/apache/kerby/kerby-xdr/1.0.1/kerby-xdr-1.0.1.jar:/home/runner/.m2/repository/org/apache/ozone/ozone-s3gateway/1.3.0-SNAPSHOT/ozone-s3gateway-1.3.0-SNAPSHOT.jar:/home/runner/.m2/repository/org/javassist/javassist/3.21.0-GA/javassist-3.21.0-GA.jar:/home/runner/.m2/repository/org/jboss/weld/servlet/weld-servlet/2.4.7.Final/weld-servlet-2.4.7.Final.jar:/home/runner/.m2/repository/org/glassfish/jersey/containers/jersey-container-servlet-core/2.34/jersey-container-servlet-core-2.34.jar:/home/runner/.m2/repository/org/glassfish/hk2/external/jakarta.inject/2.6.1/jakarta.inject-2.6.1.jar:/home/runner/.m2/repository/org/glassfish/jersey/core/jersey-common/2.34/jersey-common-2.34.jar:/home/runner/.m2/repository/jakarta/ws/rs/jakarta.ws.rs-api/2.1.6/jakarta.ws.rs-api-2.1.6.jar:/home/runner/.m2/repository/org/glassfish/jersey/ext/cdi/jersey-cdi1x/2.34/jersey-cdi1x-2.34.jar:/home/runner/.m2/repository/org/glassfish/jersey/inject/jersey-hk2/2.34/jersey-hk2-2.34.jar:/home/runner/.m2/repository/org/glassfish/hk2/hk2-locator/2.6.1/hk2-locator-2.6.1.jar:/home/runner/.m2/repository/org/glassfish/jersey/media/jersey-media-jaxb/2.34/jersey-media-jaxb-2.34.jar:/home/runner/.m2/repository/org/glassfish/hk2/osgi-resource-locator/1.0.3/osgi-resource-locator-1.0.3.jar:/home/runner/.m2/repository/org/glassfish/hk2/hk2-api/2.5.0/hk2-api-2.5.0.jar:/home/runner/.m2/repository/org/glassfish/hk2/hk2-utils/2.5.0/hk2-utils-2.5.0.jar:/home/runner/.m2/repository/org/glassfish/hk2/external/aopalliance-repackaged/2.5.0/aopalliance-repackaged-2.5.0.jar:/home/runner/.m2/repository/com/fasterxml/jackson/dataformat/jackson-dataformat-xml/2.13.4/jackson-dataformat-xml-2.13.4.jar:/home/runner/.m2/repository/com/fasterxml/jackson/core/jackson-core/2.13.4/jackson-core-2.13.4.jar:/home/runner/.m2/repository/org/codehaus/woodstox/stax2-api/3.1.4/stax2-api-3.1.4.jar:/home/runner/.m2/repository/com/fasterxml/woodstox/woodstox-core/5.4.0/woodstox-core-5.4.0.jar:/home/runner/.m2/repository/com/fasterxml/jackson/module/jackson-module-jaxb-annotations/2.13.4/jackson-module-jaxb-annotations-2.13.4.jar:/home/runner/.m2/repository/jakarta/xml/bind/jakarta.xml.bind-api/2.3.3/jakarta.xml.bind-api-2.3.3.jar:/home/runner/.m2/repository/jakarta/activation/jakarta.activation-api/1.2.1/jakarta.activation-api-1.2.1.jar:/home/runner/.m2/repository/javax/enterprise/cdi-api/1.2/cdi-api-1.2.jar:/home/runner/.m2/repository/javax/el/javax.el-api/3.0.0/javax.el-api-3.0.0.jar:/home/runner/.m2/repository/javax/interceptor/javax.interceptor-api/1.2/javax.interceptor-api-1.2.jar:/home/runner/.m2/repository/javax/inject/javax.inject/1/javax.inject-1.jar:/home/runner/.m2/repository/javax/xml/bind/jaxb-api/2.3.0/jaxb-api-2.3.0.jar:/home/runner/.m2/repository/org/glassfish/jaxb/jaxb-runtime/2.3.0.1/jaxb-runtime-2.3.0.1.jar:/home/runner/.m2/repository/org/glassfish/jaxb/jaxb-core/2.3.0.1/jaxb-core-2.3.0.1.jar:/home/runner/.m2/repository/org/glassfish/jaxb/txw2/2.3.0.1/txw2-2.3.0.1.jar:/home/runner/.m2/repository/com/sun/istack/istack-commons-runtime/3.0.5/istack-commons-runtime-3.0.5.jar:/home/runner/.m2/repository/org/jvnet/staxex/stax-ex/1.7.8/stax-ex-1.7.8.jar:/home/runner/.m2/repository/com/sun/xml/fastinfoset/FastInfoset/1.2.13/FastInfoset-1.2.13.jar:/home/runner/.m2/repository/javax/activation/activation/1.1.1/activation-1.1.1.jar:/home/runner/.m2/repository/io/grpc/grpc-protobuf/1.48.1/grpc-protobuf-1.48.1.jar:/home/runner/.m2/repository/io/grpc/grpc-api/1.48.1/grpc-api-1.48.1.jar:/home/runner/.m2/repository/io/grpc/grpc-context/1.48.1/grpc-context-1.48.1.jar:/home/runner/.m2/repository/com/google/api/grpc/proto-google-common-protos/2.9.0/proto-google-common-protos-2.9.0.jar:/home/runner/.m2/repository/io/grpc/grpc-protobuf-lite/1.48.1/grpc-protobuf-lite-1.48.1.jar:/home/runner/.m2/repository/io/grpc/grpc-stub/1.48.1/grpc-stub-1.48.1.jar:/home/runner/.m2/repository/io/netty/netty-transport/4.1.79.Final/netty-transport-4.1.79.Final.jar:/home/runner/.m2/repository/io/netty/netty-resolver/4.1.79.Final/netty-resolver-4.1.79.Final.jar:/home/runner/.m2/repository/org/apache/ozone/ozone-csi/1.3.0-SNAPSHOT/ozone-csi-1.3.0-SNAPSHOT.jar:/home/runner/.m2/repository/com/google/protobuf/protobuf-java-util/3.19.2/protobuf-java-util-3.19.2.jar:/home/runner/.m2/repository/com/google/code/gson/gson/2.9.0/gson-2.9.0.jar:/home/runner/.m2/repository/org/apache/ozone/hdds-config/1.3.0-SNAPSHOT/hdds-config-1.3.0-SNAPSHOT.jar:/home/runner/.m2/repository/io/netty/netty-transport-native-epoll/4.1.79.Final/netty-transport-native-epoll-4.1.79.Final-linux-x86_64.jar:/home/runner/.m2/repository/io/netty/netty-transport-classes-epoll/4.1.79.Final/netty-transport-classes-epoll-4.1.79.Final.jar:/home/runner/.m2/repository/io/netty/netty-transport-native-unix-common/4.1.79.Final/netty-transport-native-unix-common-4.1.79.Final.jar:/home/runner/.m2/repository/org/slf4j/slf4j-reload4j/1.7.36/slf4j-reload4j-1.7.36.jar:/home/runner/.m2/repository/org/apache/ozone/ozone-recon/1.3.0-SNAPSHOT/ozone-recon-1.3.0-SNAPSHOT.jar:/home/runner/.m2/repository/org/apache/ozone/ozone-reconcodegen/1.3.0-SNAPSHOT/ozone-reconcodegen-1.3.0-SNAPSHOT.jar:/home/runner/.m2/repository/com/google/inject/extensions/guice-multibindings/4.0/guice-multibindings-4.0.jar:/home/runner/.m2/repository/com/google/inject/guice/4.0/guice-4.0.jar:/home/runner/.m2/repository/aopalliance/aopalliance/1.0/aopalliance-1.0.jar:/home/runner/.m2/repository/com/google/inject/extensions/guice-assistedinject/4.0/guice-assistedinject-4.0.jar:/home/runner/.m2/repository/com/google/inject/extensions/guice-servlet/4.0/guice-servlet-4.0.jar:/home/runner/.m2/repository/org/glassfish/jersey/containers/jersey-container-servlet/2.34/jersey-container-servlet-2.34.jar:/home/runner/.m2/repository/org/glassfish/hk2/guice-bridge/2.5.0/guice-bridge-2.5.0.jar:/home/runner/.m2/repository/org/glassfish/jersey/core/jersey-server/2.34/jersey-server-2.34.jar:/home/runner/.m2/repository/org/glassfish/jersey/core/jersey-client/2.34/jersey-client-2.34.jar:/home/runner/.m2/repository/jakarta/annotation/jakarta.annotation-api/1.3.5/jakarta.annotation-api-1.3.5.jar:/home/runner/.m2/repository/jakarta/validation/jakarta.validation-api/2.0.2/jakarta.validation-api-2.0.2.jar:/home/runner/.m2/repository/org/glassfish/jersey/media/jersey-media-json-jackson/2.34/jersey-media-json-jackson-2.34.jar:/home/runner/.m2/repository/org/glassfish/jersey/ext/jersey-entity-filtering/2.34/jersey-entity-filtering-2.34.jar:/home/runner/.m2/repository/org/jooq/jooq/3.11.10/jooq-3.11.10.jar:/home/runner/.m2/repository/org/jooq/jooq-meta/3.11.10/jooq-meta-3.11.10.jar:/home/runner/.m2/repository/org/jooq/jooq-codegen/3.11.10/jooq-codegen-3.11.10.jar:/home/runner/.m2/repository/com/jolbox/bonecp/0.8.0.RELEASE/bonecp-0.8.0.RELEASE.jar:/home/runner/.m2/repository/org/apache/derby/derby/10.14.2.0/derby-10.14.2.0.jar:/home/runner/.m2/repository/org/xerial/sqlite-jdbc/3.25.2/sqlite-jdbc-3.25.2.jar:/home/runner/.m2/repository/org/springframework/spring-jdbc/5.3.23/spring-jdbc-5.3.23.jar:/home/runner/.m2/repository/org/springframework/spring-beans/5.3.23/spring-beans-5.3.23.jar:/home/runner/.m2/repository/org/springframework/spring-core/5.3.23/spring-core-5.3.23.jar:/home/runner/.m2/repository/org/springframework/spring-jcl/5.3.23/spring-jcl-5.3.23.jar:/home/runner/.m2/repository/org/springframework/spring-tx/5.3.23/spring-tx-5.3.23.jar:/home/runner/.m2/repository/org/apache/ozone/ozone-client/1.3.0-SNAPSHOT/ozone-client-1.3.0-SNAPSHOT.jar:/home/runner/.m2/repository/org/apache/ozone/hdds-erasurecode/1.3.0-SNAPSHOT/hdds-erasurecode-1.3.0-SNAPSHOT.jar:/home/runner/.m2/repository/org/apache/ozone/ozone-filesystem/1.3.0-SNAPSHOT/ozone-filesystem-1.3.0-SNAPSHOT.jar:/home/runner/.m2/repository/org/apache/ozone/ozone-filesystem-common/1.3.0-SNAPSHOT/ozone-filesystem-common-1.3.0-SNAPSHOT.jar:/home/runner/.m2/repository/org/apache/ozone/ozone-tools/1.3.0-SNAPSHOT/ozone-tools-1.3.0-SNAPSHOT.jar:/home/runner/.m2/repository/org/apache/ratis/ratis-tools/2.4.0/ratis-tools-2.4.0.jar:/home/runner/.m2/repository/com/amazonaws/aws-java-sdk-core/1.12.261/aws-java-sdk-core-1.12.261.jar:/home/runner/.m2/repository/org/apache/httpcomponents/httpclient/4.5.13/httpclient-4.5.13.jar:/home/runner/.m2/repository/org/apache/httpcomponents/httpcore/4.4.13/httpcore-4.4.13.jar:/home/runner/.m2/repository/software/amazon/ion/ion-java/1.0.2/ion-java-1.0.2.jar:/home/runner/.m2/repository/com/fasterxml/jackson/dataformat/jackson-dataformat-cbor/2.13.4/jackson-dataformat-cbor-2.13.4.jar:/home/runner/.m2/repository/joda-time/joda-time/2.8.1/joda-time-2.8.1.jar:/home/runner/.m2/repository/com/amazonaws/aws-java-sdk-s3/1.12.261/aws-java-sdk-s3-1.12.261.jar:/home/runner/.m2/repository/com/amazonaws/aws-java-sdk-kms/1.12.261/aws-java-sdk-kms-1.12.261.jar:/home/runner/.m2/repository/com/amazonaws/jmespath-java/1.12.261/jmespath-java-1.12.261.jar:/home/runner/.m2/repository/org/kohsuke/metainf-services/metainf-services/1.8/metainf-services-1.8.jar:/home/runner/.m2/repository/org/apache/ozone/hdds-tools/1.3.0-SNAPSHOT/hdds-tools-1.3.0-SNAPSHOT.jar:/home/runner/.m2/repository/commons-cli/commons-cli/1.2/commons-cli-1.2.jar:/home/runner/.m2/repository/org/apache/commons/commons-lang3/3.7/commons-lang3-3.7.jar:/home/runner/.m2/repository/org/apache/ozone/ozone-manager/1.3.0-SNAPSHOT/ozone-manager-1.3.0-SNAPSHOT-tests.jar:/home/runner/.m2/repository/org/apache/ozone/hdds-common/1.3.0-SNAPSHOT/hdds-common-1.3.0-SNAPSHOT-tests.jar:/home/runner/.m2/repository/org/apache/ozone/hdds-hadoop-dependency-client/1.3.0-SNAPSHOT/hdds-hadoop-dependency-client-1.3.0-SNAPSHOT.jar:/home/runner/.m2/repository/info/picocli/picocli/4.6.1/picocli-4.6.1.jar:/home/runner/.m2/repository/com/fasterxml/jackson/core/jackson-annotations/2.13.4/jackson-annotations-2.13.4.jar:/home/runner/.m2/repository/com/fasterxml/jackson/datatype/jackson-datatype-jsr310/2.13.4/jackson-datatype-jsr310-2.13.4.jar:/home/runner/.m2/repository/org/apache/ozone/hdds-annotation-processing/1.3.0-SNAPSHOT/hdds-annotation-processing-1.3.0-SNAPSHOT.jar:/home/runner/.m2/repository/javax/annotation/javax.annotation-api/1.2/javax.annotation-api-1.2.jar:/home/runner/.m2/repository/org/apache/ratis/ratis-server/2.4.0/ratis-server-2.4.0.jar:/home/runner/.m2/repository/org/apache/ratis/ratis-client/2.4.0/ratis-client-2.4.0.jar:/home/runner/.m2/repository/org/apache/ratis/ratis-server-api/2.4.0/ratis-server-api-2.4.0.jar:/home/runner/.m2/repository/org/apache/ratis/ratis-metrics/2.4.0/ratis-metrics-2.4.0.jar:/home/runner/.m2/repository/org/apache/ratis/ratis-netty/2.4.0/ratis-netty-2.4.0.jar:/home/runner/.m2/repository/org/apache/ratis/ratis-grpc/2.4.0/ratis-grpc-2.4.0.jar:/home/runner/.m2/repository/org/apache/logging/log4j/log4j-api/2.17.1/log4j-api-2.17.1.jar:/home/runner/.m2/repository/org/apache/commons/commons-pool2/2.6.0/commons-pool2-2.6.0.jar:/home/runner/.m2/repository/org/bouncycastle/bcpkix-jdk15on/1.67/bcpkix-jdk15on-1.67.jar:/home/runner/.m2/repository/commons-validator/commons-validator/1.6/commons-validator-1.6.jar:/home/runner/.m2/repository/commons-beanutils/commons-beanutils/1.9.4/commons-beanutils-1.9.4.jar:/home/runner/.m2/repository/commons-digester/commons-digester/1.8.1/commons-digester-1.8.1.jar:/home/runner/.m2/repository/commons-collections/commons-collections/3.2.2/commons-collections-3.2.2.jar:/home/runner/.m2/repository/io/jaegertracing/jaeger-client/1.6.0/jaeger-client-1.6.0.jar:/home/runner/.m2/repository/io/jaegertracing/jaeger-thrift/1.6.0/jaeger-thrift-1.6.0.jar:/home/runner/.m2/repository/org/apache/thrift/libthrift/0.14.1/libthrift-0.14.1.jar:/home/runner/.m2/repository/io/jaegertracing/jaeger-core/1.6.0/jaeger-core-1.6.0.jar:/home/runner/.m2/repository/io/jaegertracing/jaeger-tracerresolver/1.6.0/jaeger-tracerresolver-1.6.0.jar:/home/runner/.m2/repository/io/opentracing/contrib/opentracing-tracerresolver/0.1.8/opentracing-tracerresolver-0.1.8.jar:/home/runner/.m2/repository/org/jetbrains/kotlin/kotlin-stdlib/1.6.21/kotlin-stdlib-1.6.21.jar:/home/runner/.m2/repository/org/jetbrains/annotations/13.0/annotations-13.0.jar:/home/runner/.m2/repository/io/opentracing/opentracing-util/0.33.0/opentracing-util-0.33.0.jar:/home/runner/.m2/repository/io/opentracing/opentracing-api/0.33.0/opentracing-api-0.33.0.jar:/home/runner/.m2/repository/io/opentracing/opentracing-noop/0.33.0/opentracing-noop-0.33.0.jar:/home/runner/.m2/repository/org/yaml/snakeyaml/1.32/snakeyaml-1.32.jar:/home/runner/.m2/repository/org/apache/ozone/hdds-interface-admin/1.3.0-SNAPSHOT/hdds-interface-admin-1.3.0-SNAPSHOT.jar:/home/runner/.m2/repository/junit/junit/4.13.1/junit-4.13.1.jar:/home/runner/.m2/repository/org/hamcrest/hamcrest-core/1.3/hamcrest-core-1.3.jar:/home/runner/.m2/repository/org/junit/jupiter/junit-jupiter-api/5.8.2/junit-jupiter-api-5.8.2.jar:/home/runner/.m2/repository/org/opentest4j/opentest4j/1.2.0/opentest4j-1.2.0.jar:/home/runner/.m2/repository/org/junit/platform/junit-platform-commons/1.8.2/junit-platform-commons-1.8.2.jar:/home/runner/.m2/repository/org/apiguardian/apiguardian-api/1.1.2/apiguardian-api-1.1.2.jar:/home/runner/.m2/repository/org/junit/jupiter/junit-jupiter-params/5.8.2/junit-jupiter-params-5.8.2.jar:/home/runner/.m2/repository/org/junit/jupiter/junit-jupiter-migrationsupport/5.8.2/junit-jupiter-migrationsupport-5.8.2.jar:/home/runner/.m2/repository/org/junit/jupiter/junit-jupiter-engine/5.8.2/junit-jupiter-engine-5.8.2.jar:/home/runner/.m2/repository/org/junit/platform/junit-platform-engine/1.8.2/junit-platform-engine-1.8.2.jar:/home/runner/.m2/repository/org/junit/vintage/junit-vintage-engine/5.8.2/junit-vintage-engine-5.8.2.jar:/home/runner/.m2/repository/org/junit/platform/junit-platform-launcher/1.8.2/junit-platform-launcher-1.8.2.jar:/home/runner/.m2/repository/org/mockito/mockito-core/2.28.2/mockito-core-2.28.2.jar:/home/runner/.m2/repository/net/bytebuddy/byte-buddy/1.9.10/byte-buddy-1.9.10.jar:/home/runner/.m2/repository/net/bytebuddy/byte-buddy-agent/1.9.10/byte-buddy-agent-1.9.10.jar:/home/runner/.m2/repository/org/objenesis/objenesis/1.0/objenesis-1.0.jar:/home/runner/.m2/repository/org/apache/hadoop/hadoop-kms/3.3.4/hadoop-kms-3.3.4.jar:/home/runner/.m2/repository/org/apache/hadoop/hadoop-auth/3.3.4/hadoop-auth-3.3.4.jar:/home/runner/.m2/repository/com/nimbusds/nimbus-jose-jwt/7.9/nimbus-jose-jwt-7.9.jar:/home/runner/.m2/repository/com/github/stephenc/jcip/jcip-annotations/1.0-1/jcip-annotations-1.0-1.jar:/home/runner/.m2/repository/net/minidev/json-smart/2.4.7/json-smart-2.4.7.jar:/home/runner/.m2/repository/net/minidev/accessors-smart/2.4.7/accessors-smart-2.4.7.jar:/home/runner/.m2/repository/org/ow2/asm/asm/5.0.4/asm-5.0.4.jar:/home/runner/.m2/repository/org/apache/zookeeper/zookeeper/3.5.6/zookeeper-3.5.6.jar:/home/runner/.m2/repository/org/apache/zookeeper/zookeeper-jute/3.5.6/zookeeper-jute-3.5.6.jar:/home/runner/.m2/repository/org/apache/yetus/audience-annotations/0.5.0/audience-annotations-0.5.0.jar:/home/runner/.m2/repository/org/apache/curator/curator-framework/4.2.0/curator-framework-4.2.0.jar:/home/runner/.m2/repository/org/apache/hadoop/thirdparty/hadoop-shaded-guava/1.1.1/hadoop-shaded-guava-1.1.1.jar:/home/runner/.m2/repository/com/sun/jersey/jersey-core/1.19/jersey-core-1.19.jar:/home/runner/.m2/repository/javax/ws/rs/jsr311-api/1.1.1/jsr311-api-1.1.1.jar:/home/runner/.m2/repository/com/sun/jersey/jersey-server/1.19/jersey-server-1.19.jar:/home/runner/.m2/repository/javax/servlet/javax.servlet-api/3.1.0/javax.servlet-api-3.1.0.jar:/home/runner/.m2/repository/org/eclipse/jetty/jetty-server/9.4.49.v20220914/jetty-server-9.4.49.v20220914.jar:/home/runner/.m2/repository/org/eclipse/jetty/jetty-http/9.4.49.v20220914/jetty-http-9.4.49.v20220914.jar:/home/runner/.m2/repository/org/eclipse/jetty/jetty-io/9.4.49.v20220914/jetty-io-9.4.49.v20220914.jar:/home/runner/.m2/repository/org/eclipse/jetty/jetty-webapp/9.4.49.v20220914/jetty-webapp-9.4.49.v20220914.jar:/home/runner/.m2/repository/org/eclipse/jetty/jetty-xml/9.4.49.v20220914/jetty-xml-9.4.49.v20220914.jar:/home/runner/.m2/repository/org/apache/hadoop/hadoop-common/3.3.4/hadoop-common-3.3.4.jar:/home/runner/.m2/repository/org/apache/commons/commons-math3/3.1.1/commons-math3-3.1.1.jar:/home/runner/.m2/repository/commons-net/commons-net/3.6/commons-net-3.6.jar:/home/runner/.m2/repository/com/sun/jersey/jersey-servlet/1.19/jersey-servlet-1.19.jar:/home/runner/.m2/repository/com/sun/jersey/jersey-json/1.19/jersey-json-1.19.jar:/home/runner/.m2/repository/org/codehaus/jettison/jettison/1.1/jettison-1.1.jar:/home/runner/.m2/repository/com/sun/xml/bind/jaxb-impl/2.2.3-1/jaxb-impl-2.2.3-1.jar:/home/runner/.m2/repository/org/codehaus/jackson/jackson-xc/1.9.2/jackson-xc-1.9.2.jar:/home/runner/.m2/repository/com/google/re2j/re2j/1.1/re2j-1.1.jar:/home/runner/.m2/repository/com/jcraft/jsch/0.1.54/jsch-0.1.54.jar:/home/runner/.m2/repository/org/apache/curator/curator-client/4.2.0/curator-client-4.2.0.jar:/home/runner/.m2/repository/org/apache/curator/curator-recipes/4.2.0/curator-recipes-4.2.0.jar:/home/runner/.m2/repository/org/apache/kerby/kerb-core/1.0.1/kerb-core-1.0.1.jar:/home/runner/.m2/repository/org/apache/kerby/kerby-pkix/1.0.1/kerby-pkix-1.0.1.jar:/home/runner/.m2/repository/org/apache/kerby/kerby-asn1/1.0.1/kerby-asn1-1.0.1.jar:/home/runner/.m2/repository/org/apache/kerby/kerby-util/1.0.1/kerby-util-1.0.1.jar:/home/runner/.m2/repository/dnsjava/dnsjava/2.1.7/dnsjava-2.1.7.jar:/home/runner/.m2/repository/org/xerial/snappy/snappy-java/1.1.8.2/snappy-java-1.1.8.2.jar:/home/runner/.m2/repository/org/eclipse/jetty/jetty-util/9.4.49.v20220914/jetty-util-9.4.49.v20220914.jar:/home/runner/.m2/repository/com/fasterxml/jackson/core/jackson-databind/2.13.4.2/jackson-databind-2.13.4.2.jar:/home/runner/.m2/repository/org/apache/hadoop/hadoop-kms/3.3.4/hadoop-kms-3.3.4-tests.jar:/home/runner/.m2/repository/org/apache/ozone/hdds-server-scm/1.3.0-SNAPSHOT/hdds-server-scm-1.3.0-SNAPSHOT-tests.jar:/home/runner/.m2/repository/org/apache/ozone/hdds-container-service/1.3.0-SNAPSHOT/hdds-container-service-1.3.0-SNAPSHOT-tests.jar:/home/runner/.m2/repository/commons-codec/commons-codec/1.11/commons-codec-1.11.jar:/home/runner/.m2/repository/io/netty/netty-codec/4.1.79.Final/netty-codec-4.1.79.Final.jar:/home/runner/.m2/repository/io/netty/netty-handler/4.1.79.Final/netty-handler-4.1.79.Final.jar:/home/runner/.m2/repository/org/apache/ozone/hdds-hadoop-dependency-test/1.3.0-SNAPSHOT/hdds-hadoop-dependency-test-1.3.0-SNAPSHOT.jar:/home/runner/.m2/repository/org/apache/hadoop/hadoop-common/3.3.4/hadoop-common-3.3.4-tests.jar:/home/runner/.m2/repository/org/apache/hadoop/hadoop-hdfs/3.3.4/hadoop-hdfs-3.3.4-tests.jar:/home/runner/.m2/repository/org/assertj/assertj-core/3.12.2/assertj-core-3.12.2.jar:/home/runner/.m2/repository/org/apache/hadoop/hadoop-distcp/3.3.4/hadoop-distcp-3.3.4.jar:/home/runner/.m2/repository/org/apache/hadoop/hadoop-mapreduce-client-jobclient/3.3.4/hadoop-mapreduce-client-jobclient-3.3.4.jar:/home/runner/.m2/repository/org/apache/hadoop/hadoop-mapreduce-client-common/3.3.4/hadoop-mapreduce-client-common-3.3.4.jar:/home/runner/.m2/repository/org/apache/hadoop/hadoop-yarn-common/3.3.4/hadoop-yarn-common-3.3.4.jar:/home/runner/.m2/repository/org/apache/hadoop/hadoop-yarn-api/3.3.4/hadoop-yarn-api-3.3.4.jar:/home/runner/.m2/repository/com/sun/jersey/contribs/jersey-guice/1.19/jersey-guice-1.19.jar:/home/runner/.m2/repository/com/fasterxml/jackson/jaxrs/jackson-jaxrs-json-provider/2.13.4/jackson-jaxrs-json-provider-2.13.4.jar:/home/runner/.m2/repository/com/fasterxml/jackson/jaxrs/jackson-jaxrs-base/2.13.4/jackson-jaxrs-base-2.13.4.jar:/home/runner/.m2/repository/org/apache/hadoop/hadoop-yarn-client/3.3.4/hadoop-yarn-client-3.3.4.jar:/home/runner/.m2/repository/org/eclipse/jetty/websocket/websocket-client/9.4.43.v20210629/websocket-client-9.4.43.v20210629.jar:/home/runner/.m2/repository/org/eclipse/jetty/websocket/websocket-common/9.4.43.v20210629/websocket-common-9.4.43.v20210629.jar:/home/runner/.m2/repository/org/eclipse/jetty/websocket/websocket-api/9.4.43.v20210629/websocket-api-9.4.43.v20210629.jar:/home/runner/.m2/repository/org/jline/jline/3.9.0/jline-3.9.0.jar:/home/runner/.m2/repository/org/apache/hadoop/hadoop-mapreduce-client-core/3.3.4/hadoop-mapreduce-client-core-3.3.4.jar:/home/runner/.m2/repository/org/apache/avro/avro/1.7.7/avro-1.7.7.jar:/home/runner/.m2/repository/org/codehaus/jackson/jackson-core-asl/1.9.13/jackson-core-asl-1.9.13.jar:/home/runner/.m2/repository/org/codehaus/jackson/jackson-mapper-asl/1.9.13/jackson-mapper-asl-1.9.13.jar:/home/runner/.m2/repository/com/thoughtworks/paranamer/paranamer/2.3/paranamer-2.3.jar:/home/runner/.m2/repository/org/apache/hadoop/hadoop-annotations/3.3.4/hadoop-annotations-3.3.4.jar:/usr/lib/jvm/temurin-8-jdk-amd64/jre/../lib/tools.jar:/home/runner/.m2/repository/io/netty/netty/3.10.6.Final/netty-3.10.6.Final.jar:/home/runner/.m2/repository/org/apache/hadoop/hadoop-distcp/3.3.4/hadoop-distcp-3.3.4-tests.jar:/home/runner/.m2/repository/org/slf4j/jul-to-slf4j/1.7.36/jul-to-slf4j-1.7.36.jar:/home/runner/.m2/repository/org/apache/ratis/ratis-common/2.4.0/ratis-common-2.4.0.jar:/home/runner/.m2/repository/org/apache/ratis/ratis-thirdparty-misc/1.0.2/ratis-thirdparty-misc-1.0.2.jar:/home/runner/.m2/repository/org/apache/ratis/ratis-proto/2.4.0/ratis-proto-2.4.0.jar:"/>
    <property name="java.vm.vendor" value="Temurin"/>
    <property name="sun.arch.data.model" value="64"/>
    <property name="test.build.dir" value="/home/runner/work/ozone/ozone/hadoop-ozone/integration-test/target/test-dir"/>
    <property name="test.cache.data" value=""/>
    <property name="java.vendor.url" value="https://adoptium.net/"/>
    <property name="user.timezone" value="Etc/UTC"/>
    <property name="java.vm.specification.version" value="1.8"/>
    <property name="os.name" value="Linux"/>
    <property name="test.build.data" value="/home/runner/work/ozone/ozone/hadoop-ozone/integration-test/target/test-dir"/>
    <property name="sun.java.launcher" value="SUN_STANDARD"/>
    <property name="sun.boot.library.path" value="/usr/lib/jvm/temurin-8-jdk-amd64/jre/lib/amd64"/>
    <property name="sun.java.command" value="/home/runner/work/ozone/ozone/hadoop-ozone/integration-test/target/surefire/surefirebooter5297666164728508296.jar /home/runner/work/ozone/ozone/hadoop-ozone/integration-test/target/surefire 2022-11-04T00-56-39_201-jvmRun1 surefire2748090596988248645tmp surefire_127397571393669355641tmp"/>
    <property name="surefire.test.class.path" value="/home/runner/work/ozone/ozone/hadoop-ozone/integration-test/target/test-classes:/home/runner/work/ozone/ozone/hadoop-ozone/integration-test/target/classes:/home/runner/.m2/repository/org/apache/ozone/ozone-common/1.3.0-SNAPSHOT/ozone-common-1.3.0-SNAPSHOT.jar:/home/runner/.m2/repository/io/grpc/grpc-netty/1.48.1/grpc-netty-1.48.1.jar:/home/runner/.m2/repository/io/grpc/grpc-core/1.48.1/grpc-core-1.48.1.jar:/home/runner/.m2/repository/com/google/android/annotations/4.1.1.4/annotations-4.1.1.4.jar:/home/runner/.m2/repository/org/codehaus/mojo/animal-sniffer-annotations/1.21/animal-sniffer-annotations-1.21.jar:/home/runner/.m2/repository/com/google/errorprone/error_prone_annotations/2.2.0/error_prone_annotations-2.2.0.jar:/home/runner/.m2/repository/io/perfmark/perfmark-api/0.25.0/perfmark-api-0.25.0.jar:/home/runner/.m2/repository/io/netty/netty-codec-http2/4.1.79.Final/netty-codec-http2-4.1.79.Final.jar:/home/runner/.m2/repository/io/netty/netty-common/4.1.79.Final/netty-common-4.1.79.Final.jar:/home/runner/.m2/repository/io/netty/netty-buffer/4.1.79.Final/netty-buffer-4.1.79.Final.jar:/home/runner/.m2/repository/io/netty/netty-codec-http/4.1.79.Final/netty-codec-http-4.1.79.Final.jar:/home/runner/.m2/repository/io/netty/netty-handler-proxy/4.1.79.Final/netty-handler-proxy-4.1.79.Final.jar:/home/runner/.m2/repository/io/netty/netty-codec-socks/4.1.79.Final/netty-codec-socks-4.1.79.Final.jar:/home/runner/.m2/repository/io/netty/netty-tcnative-boringssl-static/2.0.53.Final/netty-tcnative-boringssl-static-2.0.53.Final.jar:/home/runner/.m2/repository/io/netty/netty-tcnative-classes/2.0.53.Final/netty-tcnative-classes-2.0.53.Final.jar:/home/runner/.m2/repository/io/netty/netty-tcnative-boringssl-static/2.0.53.Final/netty-tcnative-boringssl-static-2.0.53.Final-linux-x86_64.jar:/home/runner/.m2/repository/io/netty/netty-tcnative-boringssl-static/2.0.53.Final/netty-tcnative-boringssl-static-2.0.53.Final-linux-aarch_64.jar:/home/runner/.m2/repository/io/netty/netty-tcnative-boringssl-static/2.0.53.Final/netty-tcnative-boringssl-static-2.0.53.Final-osx-x86_64.jar:/home/runner/.m2/repository/io/netty/netty-tcnative-boringssl-static/2.0.53.Final/netty-tcnative-boringssl-static-2.0.53.Final-osx-aarch_64.jar:/home/runner/.m2/repository/io/netty/netty-tcnative-boringssl-static/2.0.53.Final/netty-tcnative-boringssl-static-2.0.53.Final-windows-x86_64.jar:/home/runner/.m2/repository/org/apache/commons/commons-compress/1.21/commons-compress-1.21.jar:/home/runner/.m2/repository/org/apache/ozone/hdds-common/1.3.0-SNAPSHOT/hdds-common-1.3.0-SNAPSHOT.jar:/home/runner/.m2/repository/org/apache/ozone/hdds-client/1.3.0-SNAPSHOT/hdds-client-1.3.0-SNAPSHOT.jar:/home/runner/.m2/repository/org/apache/ozone/ozone-interface-client/1.3.0-SNAPSHOT/ozone-interface-client-1.3.0-SNAPSHOT.jar:/home/runner/.m2/repository/org/apache/ozone/hdds-test-utils/1.3.0-SNAPSHOT/hdds-test-utils-1.3.0-SNAPSHOT.jar:/home/runner/.m2/repository/com/google/guava/guava/31.1-jre/guava-31.1-jre.jar:/home/runner/.m2/repository/com/google/guava/failureaccess/1.0.1/failureaccess-1.0.1.jar:/home/runner/.m2/repository/com/google/guava/listenablefuture/9999.0-empty-to-avoid-conflict-with-guava/listenablefuture-9999.0-empty-to-avoid-conflict-with-guava.jar:/home/runner/.m2/repository/com/google/code/findbugs/jsr305/3.0.0/jsr305-3.0.0.jar:/home/runner/.m2/repository/org/checkerframework/checker-qual/3.12.0/checker-qual-3.12.0.jar:/home/runner/.m2/repository/com/google/j2objc/j2objc-annotations/1.3/j2objc-annotations-1.3.jar:/home/runner/.m2/repository/commons-io/commons-io/2.11.0/commons-io-2.11.0.jar:/home/runner/.m2/repository/commons-logging/commons-logging/1.2/commons-logging-1.2.jar:/home/runner/.m2/repository/ch/qos/reload4j/reload4j/1.2.22/reload4j-1.2.22.jar:/home/runner/.m2/repository/org/slf4j/slf4j-api/1.7.36/slf4j-api-1.7.36.jar:/home/runner/.m2/repository/org/apache/ozone/hdds-server-scm/1.3.0-SNAPSHOT/hdds-server-scm-1.3.0-SNAPSHOT.jar:/home/runner/.m2/repository/org/apache/ozone/hdds-container-service/1.3.0-SNAPSHOT/hdds-container-service-1.3.0-SNAPSHOT.jar:/home/runner/.m2/repository/org/apache/ozone/hdds-hadoop-dependency-server/1.3.0-SNAPSHOT/hdds-hadoop-dependency-server-1.3.0-SNAPSHOT.jar:/home/runner/.m2/repository/org/apache/hadoop/hadoop-hdfs/3.3.4/hadoop-hdfs-3.3.4.jar:/home/runner/.m2/repository/org/eclipse/jetty/jetty-util-ajax/9.4.49.v20220914/jetty-util-ajax-9.4.49.v20220914.jar:/home/runner/.m2/repository/commons-daemon/commons-daemon/1.0.13/commons-daemon-1.0.13.jar:/home/runner/.m2/repository/org/apache/ozone/hdds-server-framework/1.3.0-SNAPSHOT/hdds-server-framework-1.3.0-SNAPSHOT.jar:/home/runner/.m2/repository/org/apache/ozone/hdds-interface-server/1.3.0-SNAPSHOT/hdds-interface-server-1.3.0-SNAPSHOT.jar:/home/runner/.m2/repository/org/apache/commons/commons-configuration2/2.1.1/commons-configuration2-2.1.1.jar:/home/runner/.m2/repository/org/apache/logging/log4j/log4j-core/2.17.1/log4j-core-2.17.1.jar:/home/runner/.m2/repository/com/lmax/disruptor/3.4.2/disruptor-3.4.2.jar:/home/runner/.m2/repository/org/eclipse/jetty/jetty-servlet/9.4.49.v20220914/jetty-servlet-9.4.49.v20220914.jar:/home/runner/.m2/repository/org/eclipse/jetty/jetty-security/9.4.49.v20220914/jetty-security-9.4.49.v20220914.jar:/home/runner/.m2/repository/org/rocksdb/rocksdbjni/7.4.5/rocksdbjni-7.4.5.jar:/home/runner/.m2/repository/io/prometheus/simpleclient_dropwizard/0.7.0/simpleclient_dropwizard-0.7.0.jar:/home/runner/.m2/repository/io/prometheus/simpleclient/0.7.0/simpleclient-0.7.0.jar:/home/runner/.m2/repository/io/prometheus/simpleclient_common/0.7.0/simpleclient_common-0.7.0.jar:/home/runner/.m2/repository/com/github/spotbugs/spotbugs-annotations/3.1.12/spotbugs-annotations-3.1.12.jar:/home/runner/.m2/repository/io/dropwizard/metrics/metrics-core/3.2.4/metrics-core-3.2.4.jar:/home/runner/.m2/repository/org/apache/commons/commons-text/1.4/commons-text-1.4.jar:/home/runner/.m2/repository/org/apache/hadoop/hadoop-hdfs-client/3.3.4/hadoop-hdfs-client-3.3.4.jar:/home/runner/.m2/repository/com/squareup/okhttp3/okhttp/4.9.3/okhttp-4.9.3.jar:/home/runner/.m2/repository/com/squareup/okio/okio/2.8.0/okio-2.8.0.jar:/home/runner/.m2/repository/org/jetbrains/kotlin/kotlin-stdlib-common/1.4.10/kotlin-stdlib-common-1.4.10.jar:/home/runner/.m2/repository/org/bouncycastle/bcprov-jdk15on/1.67/bcprov-jdk15on-1.67.jar:/home/runner/.m2/repository/com/google/protobuf/protobuf-java/2.5.0/protobuf-java-2.5.0.jar:/home/runner/.m2/repository/org/apache/ozone/ozone-manager/1.3.0-SNAPSHOT/ozone-manager-1.3.0-SNAPSHOT.jar:/home/runner/.m2/repository/org/aspectj/aspectjrt/1.9.7/aspectjrt-1.9.7.jar:/home/runner/.m2/repository/org/aspectj/aspectjweaver/1.9.7/aspectjweaver-1.9.7.jar:/home/runner/.m2/repository/org/apache/ozone/hdds-interface-client/1.3.0-SNAPSHOT/hdds-interface-client-1.3.0-SNAPSHOT.jar:/home/runner/.m2/repository/org/apache/hadoop/thirdparty/hadoop-shaded-protobuf_3_7/1.1.1/hadoop-shaded-protobuf_3_7-1.1.1.jar:/home/runner/.m2/repository/org/apache/ozone/ozone-interface-storage/1.3.0-SNAPSHOT/ozone-interface-storage-1.3.0-SNAPSHOT.jar:/home/runner/.m2/repository/org/reflections/reflections/0.9.11/reflections-0.9.11.jar:/home/runner/.m2/repository/com/sun/jersey/jersey-client/1.19/jersey-client-1.19.jar:/home/runner/.m2/repository/org/apache/ranger/ranger-intg/2.3.0/ranger-intg-2.3.0.jar:/home/runner/.m2/repository/org/apache/ranger/ranger-plugins-common/2.3.0/ranger-plugins-common-2.3.0.jar:/home/runner/.m2/repository/commons-lang/commons-lang/2.6/commons-lang-2.6.jar:/home/runner/.m2/repository/org/codehaus/jackson/jackson-jaxrs/1.9.13/jackson-jaxrs-1.9.13.jar:/home/runner/.m2/repository/org/apache/ranger/ranger-plugins-cred/2.3.0/ranger-plugins-cred-2.3.0.jar:/home/runner/.m2/repository/org/apache/ranger/ranger-plugins-audit/2.3.0/ranger-plugins-audit-2.3.0.jar:/home/runner/.m2/repository/org/eclipse/jetty/jetty-client/9.4.31.v20200723/jetty-client-9.4.31.v20200723.jar:/home/runner/.m2/repository/org/apache/httpcomponents/httpmime/4.5.6/httpmime-4.5.6.jar:/home/runner/.m2/repository/org/apache/httpcomponents/httpcore-nio/4.4.6/httpcore-nio-4.4.6.jar:/home/runner/.m2/repository/org/apache/httpcomponents/httpasyncclient/4.1.3/httpasyncclient-4.1.3.jar:/home/runner/.m2/repository/com/carrotsearch/hppc/0.8.0/hppc-0.8.0.jar:/home/runner/.m2/repository/org/apache/orc/orc-core/1.5.8/orc-core-1.5.8.jar:/home/runner/.m2/repository/net/java/dev/jna/jna/5.2.0/jna-5.2.0.jar:/home/runner/.m2/repository/net/java/dev/jna/jna-platform/5.2.0/jna-platform-5.2.0.jar:/home/runner/.m2/repository/com/kstruct/gethostname4j/0.0.2/gethostname4j-0.0.2.jar:/home/runner/.m2/repository/org/apache/ranger/ranger-plugin-classloader/2.3.0/ranger-plugin-classloader-2.3.0.jar:/home/runner/.m2/repository/org/apache/hadoop/hadoop-minikdc/3.3.4/hadoop-minikdc-3.3.4.jar:/home/runner/.m2/repository/org/apache/kerby/kerb-simplekdc/1.0.1/kerb-simplekdc-1.0.1.jar:/home/runner/.m2/repository/org/apache/kerby/kerb-client/1.0.1/kerb-client-1.0.1.jar:/home/runner/.m2/repository/org/apache/kerby/kerby-config/1.0.1/kerby-config-1.0.1.jar:/home/runner/.m2/repository/org/apache/kerby/kerb-common/1.0.1/kerb-common-1.0.1.jar:/home/runner/.m2/repository/org/apache/kerby/kerb-crypto/1.0.1/kerb-crypto-1.0.1.jar:/home/runner/.m2/repository/org/apache/kerby/kerb-util/1.0.1/kerb-util-1.0.1.jar:/home/runner/.m2/repository/org/apache/kerby/token-provider/1.0.1/token-provider-1.0.1.jar:/home/runner/.m2/repository/org/apache/kerby/kerb-admin/1.0.1/kerb-admin-1.0.1.jar:/home/runner/.m2/repository/org/apache/kerby/kerb-server/1.0.1/kerb-server-1.0.1.jar:/home/runner/.m2/repository/org/apache/kerby/kerb-identity/1.0.1/kerb-identity-1.0.1.jar:/home/runner/.m2/repository/org/apache/kerby/kerby-xdr/1.0.1/kerby-xdr-1.0.1.jar:/home/runner/.m2/repository/org/apache/ozone/ozone-s3gateway/1.3.0-SNAPSHOT/ozone-s3gateway-1.3.0-SNAPSHOT.jar:/home/runner/.m2/repository/org/javassist/javassist/3.21.0-GA/javassist-3.21.0-GA.jar:/home/runner/.m2/repository/org/jboss/weld/servlet/weld-servlet/2.4.7.Final/weld-servlet-2.4.7.Final.jar:/home/runner/.m2/repository/org/glassfish/jersey/containers/jersey-container-servlet-core/2.34/jersey-container-servlet-core-2.34.jar:/home/runner/.m2/repository/org/glassfish/hk2/external/jakarta.inject/2.6.1/jakarta.inject-2.6.1.jar:/home/runner/.m2/repository/org/glassfish/jersey/core/jersey-common/2.34/jersey-common-2.34.jar:/home/runner/.m2/repository/jakarta/ws/rs/jakarta.ws.rs-api/2.1.6/jakarta.ws.rs-api-2.1.6.jar:/home/runner/.m2/repository/org/glassfish/jersey/ext/cdi/jersey-cdi1x/2.34/jersey-cdi1x-2.34.jar:/home/runner/.m2/repository/org/glassfish/jersey/inject/jersey-hk2/2.34/jersey-hk2-2.34.jar:/home/runner/.m2/repository/org/glassfish/hk2/hk2-locator/2.6.1/hk2-locator-2.6.1.jar:/home/runner/.m2/repository/org/glassfish/jersey/media/jersey-media-jaxb/2.34/jersey-media-jaxb-2.34.jar:/home/runner/.m2/repository/org/glassfish/hk2/osgi-resource-locator/1.0.3/osgi-resource-locator-1.0.3.jar:/home/runner/.m2/repository/org/glassfish/hk2/hk2-api/2.5.0/hk2-api-2.5.0.jar:/home/runner/.m2/repository/org/glassfish/hk2/hk2-utils/2.5.0/hk2-utils-2.5.0.jar:/home/runner/.m2/repository/org/glassfish/hk2/external/aopalliance-repackaged/2.5.0/aopalliance-repackaged-2.5.0.jar:/home/runner/.m2/repository/com/fasterxml/jackson/dataformat/jackson-dataformat-xml/2.13.4/jackson-dataformat-xml-2.13.4.jar:/home/runner/.m2/repository/com/fasterxml/jackson/core/jackson-core/2.13.4/jackson-core-2.13.4.jar:/home/runner/.m2/repository/org/codehaus/woodstox/stax2-api/3.1.4/stax2-api-3.1.4.jar:/home/runner/.m2/repository/com/fasterxml/woodstox/woodstox-core/5.4.0/woodstox-core-5.4.0.jar:/home/runner/.m2/repository/com/fasterxml/jackson/module/jackson-module-jaxb-annotations/2.13.4/jackson-module-jaxb-annotations-2.13.4.jar:/home/runner/.m2/repository/jakarta/xml/bind/jakarta.xml.bind-api/2.3.3/jakarta.xml.bind-api-2.3.3.jar:/home/runner/.m2/repository/jakarta/activation/jakarta.activation-api/1.2.1/jakarta.activation-api-1.2.1.jar:/home/runner/.m2/repository/javax/enterprise/cdi-api/1.2/cdi-api-1.2.jar:/home/runner/.m2/repository/javax/el/javax.el-api/3.0.0/javax.el-api-3.0.0.jar:/home/runner/.m2/repository/javax/interceptor/javax.interceptor-api/1.2/javax.interceptor-api-1.2.jar:/home/runner/.m2/repository/javax/inject/javax.inject/1/javax.inject-1.jar:/home/runner/.m2/repository/javax/xml/bind/jaxb-api/2.3.0/jaxb-api-2.3.0.jar:/home/runner/.m2/repository/org/glassfish/jaxb/jaxb-runtime/2.3.0.1/jaxb-runtime-2.3.0.1.jar:/home/runner/.m2/repository/org/glassfish/jaxb/jaxb-core/2.3.0.1/jaxb-core-2.3.0.1.jar:/home/runner/.m2/repository/org/glassfish/jaxb/txw2/2.3.0.1/txw2-2.3.0.1.jar:/home/runner/.m2/repository/com/sun/istack/istack-commons-runtime/3.0.5/istack-commons-runtime-3.0.5.jar:/home/runner/.m2/repository/org/jvnet/staxex/stax-ex/1.7.8/stax-ex-1.7.8.jar:/home/runner/.m2/repository/com/sun/xml/fastinfoset/FastInfoset/1.2.13/FastInfoset-1.2.13.jar:/home/runner/.m2/repository/javax/activation/activation/1.1.1/activation-1.1.1.jar:/home/runner/.m2/repository/io/grpc/grpc-protobuf/1.48.1/grpc-protobuf-1.48.1.jar:/home/runner/.m2/repository/io/grpc/grpc-api/1.48.1/grpc-api-1.48.1.jar:/home/runner/.m2/repository/io/grpc/grpc-context/1.48.1/grpc-context-1.48.1.jar:/home/runner/.m2/repository/com/google/api/grpc/proto-google-common-protos/2.9.0/proto-google-common-protos-2.9.0.jar:/home/runner/.m2/repository/io/grpc/grpc-protobuf-lite/1.48.1/grpc-protobuf-lite-1.48.1.jar:/home/runner/.m2/repository/io/grpc/grpc-stub/1.48.1/grpc-stub-1.48.1.jar:/home/runner/.m2/repository/io/netty/netty-transport/4.1.79.Final/netty-transport-4.1.79.Final.jar:/home/runner/.m2/repository/io/netty/netty-resolver/4.1.79.Final/netty-resolver-4.1.79.Final.jar:/home/runner/.m2/repository/org/apache/ozone/ozone-csi/1.3.0-SNAPSHOT/ozone-csi-1.3.0-SNAPSHOT.jar:/home/runner/.m2/repository/com/google/protobuf/protobuf-java-util/3.19.2/protobuf-java-util-3.19.2.jar:/home/runner/.m2/repository/com/google/code/gson/gson/2.9.0/gson-2.9.0.jar:/home/runner/.m2/repository/org/apache/ozone/hdds-config/1.3.0-SNAPSHOT/hdds-config-1.3.0-SNAPSHOT.jar:/home/runner/.m2/repository/io/netty/netty-transport-native-epoll/4.1.79.Final/netty-transport-native-epoll-4.1.79.Final-linux-x86_64.jar:/home/runner/.m2/repository/io/netty/netty-transport-classes-epoll/4.1.79.Final/netty-transport-classes-epoll-4.1.79.Final.jar:/home/runner/.m2/repository/io/netty/netty-transport-native-unix-common/4.1.79.Final/netty-transport-native-unix-common-4.1.79.Final.jar:/home/runner/.m2/repository/org/slf4j/slf4j-reload4j/1.7.36/slf4j-reload4j-1.7.36.jar:/home/runner/.m2/repository/org/apache/ozone/ozone-recon/1.3.0-SNAPSHOT/ozone-recon-1.3.0-SNAPSHOT.jar:/home/runner/.m2/repository/org/apache/ozone/ozone-reconcodegen/1.3.0-SNAPSHOT/ozone-reconcodegen-1.3.0-SNAPSHOT.jar:/home/runner/.m2/repository/com/google/inject/extensions/guice-multibindings/4.0/guice-multibindings-4.0.jar:/home/runner/.m2/repository/com/google/inject/guice/4.0/guice-4.0.jar:/home/runner/.m2/repository/aopalliance/aopalliance/1.0/aopalliance-1.0.jar:/home/runner/.m2/repository/com/google/inject/extensions/guice-assistedinject/4.0/guice-assistedinject-4.0.jar:/home/runner/.m2/repository/com/google/inject/extensions/guice-servlet/4.0/guice-servlet-4.0.jar:/home/runner/.m2/repository/org/glassfish/jersey/containers/jersey-container-servlet/2.34/jersey-container-servlet-2.34.jar:/home/runner/.m2/repository/org/glassfish/hk2/guice-bridge/2.5.0/guice-bridge-2.5.0.jar:/home/runner/.m2/repository/org/glassfish/jersey/core/jersey-server/2.34/jersey-server-2.34.jar:/home/runner/.m2/repository/org/glassfish/jersey/core/jersey-client/2.34/jersey-client-2.34.jar:/home/runner/.m2/repository/jakarta/annotation/jakarta.annotation-api/1.3.5/jakarta.annotation-api-1.3.5.jar:/home/runner/.m2/repository/jakarta/validation/jakarta.validation-api/2.0.2/jakarta.validation-api-2.0.2.jar:/home/runner/.m2/repository/org/glassfish/jersey/media/jersey-media-json-jackson/2.34/jersey-media-json-jackson-2.34.jar:/home/runner/.m2/repository/org/glassfish/jersey/ext/jersey-entity-filtering/2.34/jersey-entity-filtering-2.34.jar:/home/runner/.m2/repository/org/jooq/jooq/3.11.10/jooq-3.11.10.jar:/home/runner/.m2/repository/org/jooq/jooq-meta/3.11.10/jooq-meta-3.11.10.jar:/home/runner/.m2/repository/org/jooq/jooq-codegen/3.11.10/jooq-codegen-3.11.10.jar:/home/runner/.m2/repository/com/jolbox/bonecp/0.8.0.RELEASE/bonecp-0.8.0.RELEASE.jar:/home/runner/.m2/repository/org/apache/derby/derby/10.14.2.0/derby-10.14.2.0.jar:/home/runner/.m2/repository/org/xerial/sqlite-jdbc/3.25.2/sqlite-jdbc-3.25.2.jar:/home/runner/.m2/repository/org/springframework/spring-jdbc/5.3.23/spring-jdbc-5.3.23.jar:/home/runner/.m2/repository/org/springframework/spring-beans/5.3.23/spring-beans-5.3.23.jar:/home/runner/.m2/repository/org/springframework/spring-core/5.3.23/spring-core-5.3.23.jar:/home/runner/.m2/repository/org/springframework/spring-jcl/5.3.23/spring-jcl-5.3.23.jar:/home/runner/.m2/repository/org/springframework/spring-tx/5.3.23/spring-tx-5.3.23.jar:/home/runner/.m2/repository/org/apache/ozone/ozone-client/1.3.0-SNAPSHOT/ozone-client-1.3.0-SNAPSHOT.jar:/home/runner/.m2/repository/org/apache/ozone/hdds-erasurecode/1.3.0-SNAPSHOT/hdds-erasurecode-1.3.0-SNAPSHOT.jar:/home/runner/.m2/repository/org/apache/ozone/ozone-filesystem/1.3.0-SNAPSHOT/ozone-filesystem-1.3.0-SNAPSHOT.jar:/home/runner/.m2/repository/org/apache/ozone/ozone-filesystem-common/1.3.0-SNAPSHOT/ozone-filesystem-common-1.3.0-SNAPSHOT.jar:/home/runner/.m2/repository/org/apache/ozone/ozone-tools/1.3.0-SNAPSHOT/ozone-tools-1.3.0-SNAPSHOT.jar:/home/runner/.m2/repository/org/apache/ratis/ratis-tools/2.4.0/ratis-tools-2.4.0.jar:/home/runner/.m2/repository/com/amazonaws/aws-java-sdk-core/1.12.261/aws-java-sdk-core-1.12.261.jar:/home/runner/.m2/repository/org/apache/httpcomponents/httpclient/4.5.13/httpclient-4.5.13.jar:/home/runner/.m2/repository/org/apache/httpcomponents/httpcore/4.4.13/httpcore-4.4.13.jar:/home/runner/.m2/repository/software/amazon/ion/ion-java/1.0.2/ion-java-1.0.2.jar:/home/runner/.m2/repository/com/fasterxml/jackson/dataformat/jackson-dataformat-cbor/2.13.4/jackson-dataformat-cbor-2.13.4.jar:/home/runner/.m2/repository/joda-time/joda-time/2.8.1/joda-time-2.8.1.jar:/home/runner/.m2/repository/com/amazonaws/aws-java-sdk-s3/1.12.261/aws-java-sdk-s3-1.12.261.jar:/home/runner/.m2/repository/com/amazonaws/aws-java-sdk-kms/1.12.261/aws-java-sdk-kms-1.12.261.jar:/home/runner/.m2/repository/com/amazonaws/jmespath-java/1.12.261/jmespath-java-1.12.261.jar:/home/runner/.m2/repository/org/kohsuke/metainf-services/metainf-services/1.8/metainf-services-1.8.jar:/home/runner/.m2/repository/org/apache/ozone/hdds-tools/1.3.0-SNAPSHOT/hdds-tools-1.3.0-SNAPSHOT.jar:/home/runner/.m2/repository/commons-cli/commons-cli/1.2/commons-cli-1.2.jar:/home/runner/.m2/repository/org/apache/commons/commons-lang3/3.7/commons-lang3-3.7.jar:/home/runner/.m2/repository/org/apache/ozone/ozone-manager/1.3.0-SNAPSHOT/ozone-manager-1.3.0-SNAPSHOT-tests.jar:/home/runner/.m2/repository/org/apache/ozone/hdds-common/1.3.0-SNAPSHOT/hdds-common-1.3.0-SNAPSHOT-tests.jar:/home/runner/.m2/repository/org/apache/ozone/hdds-hadoop-dependency-client/1.3.0-SNAPSHOT/hdds-hadoop-dependency-client-1.3.0-SNAPSHOT.jar:/home/runner/.m2/repository/info/picocli/picocli/4.6.1/picocli-4.6.1.jar:/home/runner/.m2/repository/com/fasterxml/jackson/core/jackson-annotations/2.13.4/jackson-annotations-2.13.4.jar:/home/runner/.m2/repository/com/fasterxml/jackson/datatype/jackson-datatype-jsr310/2.13.4/jackson-datatype-jsr310-2.13.4.jar:/home/runner/.m2/repository/org/apache/ozone/hdds-annotation-processing/1.3.0-SNAPSHOT/hdds-annotation-processing-1.3.0-SNAPSHOT.jar:/home/runner/.m2/repository/javax/annotation/javax.annotation-api/1.2/javax.annotation-api-1.2.jar:/home/runner/.m2/repository/org/apache/ratis/ratis-server/2.4.0/ratis-server-2.4.0.jar:/home/runner/.m2/repository/org/apache/ratis/ratis-client/2.4.0/ratis-client-2.4.0.jar:/home/runner/.m2/repository/org/apache/ratis/ratis-server-api/2.4.0/ratis-server-api-2.4.0.jar:/home/runner/.m2/repository/org/apache/ratis/ratis-metrics/2.4.0/ratis-metrics-2.4.0.jar:/home/runner/.m2/repository/org/apache/ratis/ratis-netty/2.4.0/ratis-netty-2.4.0.jar:/home/runner/.m2/repository/org/apache/ratis/ratis-grpc/2.4.0/ratis-grpc-2.4.0.jar:/home/runner/.m2/repository/org/apache/logging/log4j/log4j-api/2.17.1/log4j-api-2.17.1.jar:/home/runner/.m2/repository/org/apache/commons/commons-pool2/2.6.0/commons-pool2-2.6.0.jar:/home/runner/.m2/repository/org/bouncycastle/bcpkix-jdk15on/1.67/bcpkix-jdk15on-1.67.jar:/home/runner/.m2/repository/commons-validator/commons-validator/1.6/commons-validator-1.6.jar:/home/runner/.m2/repository/commons-beanutils/commons-beanutils/1.9.4/commons-beanutils-1.9.4.jar:/home/runner/.m2/repository/commons-digester/commons-digester/1.8.1/commons-digester-1.8.1.jar:/home/runner/.m2/repository/commons-collections/commons-collections/3.2.2/commons-collections-3.2.2.jar:/home/runner/.m2/repository/io/jaegertracing/jaeger-client/1.6.0/jaeger-client-1.6.0.jar:/home/runner/.m2/repository/io/jaegertracing/jaeger-thrift/1.6.0/jaeger-thrift-1.6.0.jar:/home/runner/.m2/repository/org/apache/thrift/libthrift/0.14.1/libthrift-0.14.1.jar:/home/runner/.m2/repository/io/jaegertracing/jaeger-core/1.6.0/jaeger-core-1.6.0.jar:/home/runner/.m2/repository/io/jaegertracing/jaeger-tracerresolver/1.6.0/jaeger-tracerresolver-1.6.0.jar:/home/runner/.m2/repository/io/opentracing/contrib/opentracing-tracerresolver/0.1.8/opentracing-tracerresolver-0.1.8.jar:/home/runner/.m2/repository/org/jetbrains/kotlin/kotlin-stdlib/1.6.21/kotlin-stdlib-1.6.21.jar:/home/runner/.m2/repository/org/jetbrains/annotations/13.0/annotations-13.0.jar:/home/runner/.m2/repository/io/opentracing/opentracing-util/0.33.0/opentracing-util-0.33.0.jar:/home/runner/.m2/repository/io/opentracing/opentracing-api/0.33.0/opentracing-api-0.33.0.jar:/home/runner/.m2/repository/io/opentracing/opentracing-noop/0.33.0/opentracing-noop-0.33.0.jar:/home/runner/.m2/repository/org/yaml/snakeyaml/1.32/snakeyaml-1.32.jar:/home/runner/.m2/repository/org/apache/ozone/hdds-interface-admin/1.3.0-SNAPSHOT/hdds-interface-admin-1.3.0-SNAPSHOT.jar:/home/runner/.m2/repository/junit/junit/4.13.1/junit-4.13.1.jar:/home/runner/.m2/repository/org/hamcrest/hamcrest-core/1.3/hamcrest-core-1.3.jar:/home/runner/.m2/repository/org/junit/jupiter/junit-jupiter-api/5.8.2/junit-jupiter-api-5.8.2.jar:/home/runner/.m2/repository/org/opentest4j/opentest4j/1.2.0/opentest4j-1.2.0.jar:/home/runner/.m2/repository/org/junit/platform/junit-platform-commons/1.8.2/junit-platform-commons-1.8.2.jar:/home/runner/.m2/repository/org/apiguardian/apiguardian-api/1.1.2/apiguardian-api-1.1.2.jar:/home/runner/.m2/repository/org/junit/jupiter/junit-jupiter-params/5.8.2/junit-jupiter-params-5.8.2.jar:/home/runner/.m2/repository/org/junit/jupiter/junit-jupiter-migrationsupport/5.8.2/junit-jupiter-migrationsupport-5.8.2.jar:/home/runner/.m2/repository/org/junit/jupiter/junit-jupiter-engine/5.8.2/junit-jupiter-engine-5.8.2.jar:/home/runner/.m2/repository/org/junit/platform/junit-platform-engine/1.8.2/junit-platform-engine-1.8.2.jar:/home/runner/.m2/repository/org/junit/vintage/junit-vintage-engine/5.8.2/junit-vintage-engine-5.8.2.jar:/home/runner/.m2/repository/org/junit/platform/junit-platform-launcher/1.8.2/junit-platform-launcher-1.8.2.jar:/home/runner/.m2/repository/org/mockito/mockito-core/2.28.2/mockito-core-2.28.2.jar:/home/runner/.m2/repository/net/bytebuddy/byte-buddy/1.9.10/byte-buddy-1.9.10.jar:/home/runner/.m2/repository/net/bytebuddy/byte-buddy-agent/1.9.10/byte-buddy-agent-1.9.10.jar:/home/runner/.m2/repository/org/objenesis/objenesis/1.0/objenesis-1.0.jar:/home/runner/.m2/repository/org/apache/hadoop/hadoop-kms/3.3.4/hadoop-kms-3.3.4.jar:/home/runner/.m2/repository/org/apache/hadoop/hadoop-auth/3.3.4/hadoop-auth-3.3.4.jar:/home/runner/.m2/repository/com/nimbusds/nimbus-jose-jwt/7.9/nimbus-jose-jwt-7.9.jar:/home/runner/.m2/repository/com/github/stephenc/jcip/jcip-annotations/1.0-1/jcip-annotations-1.0-1.jar:/home/runner/.m2/repository/net/minidev/json-smart/2.4.7/json-smart-2.4.7.jar:/home/runner/.m2/repository/net/minidev/accessors-smart/2.4.7/accessors-smart-2.4.7.jar:/home/runner/.m2/repository/org/ow2/asm/asm/5.0.4/asm-5.0.4.jar:/home/runner/.m2/repository/org/apache/zookeeper/zookeeper/3.5.6/zookeeper-3.5.6.jar:/home/runner/.m2/repository/org/apache/zookeeper/zookeeper-jute/3.5.6/zookeeper-jute-3.5.6.jar:/home/runner/.m2/repository/org/apache/yetus/audience-annotations/0.5.0/audience-annotations-0.5.0.jar:/home/runner/.m2/repository/org/apache/curator/curator-framework/4.2.0/curator-framework-4.2.0.jar:/home/runner/.m2/repository/org/apache/hadoop/thirdparty/hadoop-shaded-guava/1.1.1/hadoop-shaded-guava-1.1.1.jar:/home/runner/.m2/repository/com/sun/jersey/jersey-core/1.19/jersey-core-1.19.jar:/home/runner/.m2/repository/javax/ws/rs/jsr311-api/1.1.1/jsr311-api-1.1.1.jar:/home/runner/.m2/repository/com/sun/jersey/jersey-server/1.19/jersey-server-1.19.jar:/home/runner/.m2/repository/javax/servlet/javax.servlet-api/3.1.0/javax.servlet-api-3.1.0.jar:/home/runner/.m2/repository/org/eclipse/jetty/jetty-server/9.4.49.v20220914/jetty-server-9.4.49.v20220914.jar:/home/runner/.m2/repository/org/eclipse/jetty/jetty-http/9.4.49.v20220914/jetty-http-9.4.49.v20220914.jar:/home/runner/.m2/repository/org/eclipse/jetty/jetty-io/9.4.49.v20220914/jetty-io-9.4.49.v20220914.jar:/home/runner/.m2/repository/org/eclipse/jetty/jetty-webapp/9.4.49.v20220914/jetty-webapp-9.4.49.v20220914.jar:/home/runner/.m2/repository/org/eclipse/jetty/jetty-xml/9.4.49.v20220914/jetty-xml-9.4.49.v20220914.jar:/home/runner/.m2/repository/org/apache/hadoop/hadoop-common/3.3.4/hadoop-common-3.3.4.jar:/home/runner/.m2/repository/org/apache/commons/commons-math3/3.1.1/commons-math3-3.1.1.jar:/home/runner/.m2/repository/commons-net/commons-net/3.6/commons-net-3.6.jar:/home/runner/.m2/repository/com/sun/jersey/jersey-servlet/1.19/jersey-servlet-1.19.jar:/home/runner/.m2/repository/com/sun/jersey/jersey-json/1.19/jersey-json-1.19.jar:/home/runner/.m2/repository/org/codehaus/jettison/jettison/1.1/jettison-1.1.jar:/home/runner/.m2/repository/com/sun/xml/bind/jaxb-impl/2.2.3-1/jaxb-impl-2.2.3-1.jar:/home/runner/.m2/repository/org/codehaus/jackson/jackson-xc/1.9.2/jackson-xc-1.9.2.jar:/home/runner/.m2/repository/com/google/re2j/re2j/1.1/re2j-1.1.jar:/home/runner/.m2/repository/com/jcraft/jsch/0.1.54/jsch-0.1.54.jar:/home/runner/.m2/repository/org/apache/curator/curator-client/4.2.0/curator-client-4.2.0.jar:/home/runner/.m2/repository/org/apache/curator/curator-recipes/4.2.0/curator-recipes-4.2.0.jar:/home/runner/.m2/repository/org/apache/kerby/kerb-core/1.0.1/kerb-core-1.0.1.jar:/home/runner/.m2/repository/org/apache/kerby/kerby-pkix/1.0.1/kerby-pkix-1.0.1.jar:/home/runner/.m2/repository/org/apache/kerby/kerby-asn1/1.0.1/kerby-asn1-1.0.1.jar:/home/runner/.m2/repository/org/apache/kerby/kerby-util/1.0.1/kerby-util-1.0.1.jar:/home/runner/.m2/repository/dnsjava/dnsjava/2.1.7/dnsjava-2.1.7.jar:/home/runner/.m2/repository/org/xerial/snappy/snappy-java/1.1.8.2/snappy-java-1.1.8.2.jar:/home/runner/.m2/repository/org/eclipse/jetty/jetty-util/9.4.49.v20220914/jetty-util-9.4.49.v20220914.jar:/home/runner/.m2/repository/com/fasterxml/jackson/core/jackson-databind/2.13.4.2/jackson-databind-2.13.4.2.jar:/home/runner/.m2/repository/org/apache/hadoop/hadoop-kms/3.3.4/hadoop-kms-3.3.4-tests.jar:/home/runner/.m2/repository/org/apache/ozone/hdds-server-scm/1.3.0-SNAPSHOT/hdds-server-scm-1.3.0-SNAPSHOT-tests.jar:/home/runner/.m2/repository/org/apache/ozone/hdds-container-service/1.3.0-SNAPSHOT/hdds-container-service-1.3.0-SNAPSHOT-tests.jar:/home/runner/.m2/repository/commons-codec/commons-codec/1.11/commons-codec-1.11.jar:/home/runner/.m2/repository/io/netty/netty-codec/4.1.79.Final/netty-codec-4.1.79.Final.jar:/home/runner/.m2/repository/io/netty/netty-handler/4.1.79.Final/netty-handler-4.1.79.Final.jar:/home/runner/.m2/repository/org/apache/ozone/hdds-hadoop-dependency-test/1.3.0-SNAPSHOT/hdds-hadoop-dependency-test-1.3.0-SNAPSHOT.jar:/home/runner/.m2/repository/org/apache/hadoop/hadoop-common/3.3.4/hadoop-common-3.3.4-tests.jar:/home/runner/.m2/repository/org/apache/hadoop/hadoop-hdfs/3.3.4/hadoop-hdfs-3.3.4-tests.jar:/home/runner/.m2/repository/org/assertj/assertj-core/3.12.2/assertj-core-3.12.2.jar:/home/runner/.m2/repository/org/apache/hadoop/hadoop-distcp/3.3.4/hadoop-distcp-3.3.4.jar:/home/runner/.m2/repository/org/apache/hadoop/hadoop-mapreduce-client-jobclient/3.3.4/hadoop-mapreduce-client-jobclient-3.3.4.jar:/home/runner/.m2/repository/org/apache/hadoop/hadoop-mapreduce-client-common/3.3.4/hadoop-mapreduce-client-common-3.3.4.jar:/home/runner/.m2/repository/org/apache/hadoop/hadoop-yarn-common/3.3.4/hadoop-yarn-common-3.3.4.jar:/home/runner/.m2/repository/org/apache/hadoop/hadoop-yarn-api/3.3.4/hadoop-yarn-api-3.3.4.jar:/home/runner/.m2/repository/com/sun/jersey/contribs/jersey-guice/1.19/jersey-guice-1.19.jar:/home/runner/.m2/repository/com/fasterxml/jackson/jaxrs/jackson-jaxrs-json-provider/2.13.4/jackson-jaxrs-json-provider-2.13.4.jar:/home/runner/.m2/repository/com/fasterxml/jackson/jaxrs/jackson-jaxrs-base/2.13.4/jackson-jaxrs-base-2.13.4.jar:/home/runner/.m2/repository/org/apache/hadoop/hadoop-yarn-client/3.3.4/hadoop-yarn-client-3.3.4.jar:/home/runner/.m2/repository/org/eclipse/jetty/websocket/websocket-client/9.4.43.v20210629/websocket-client-9.4.43.v20210629.jar:/home/runner/.m2/repository/org/eclipse/jetty/websocket/websocket-common/9.4.43.v20210629/websocket-common-9.4.43.v20210629.jar:/home/runner/.m2/repository/org/eclipse/jetty/websocket/websocket-api/9.4.43.v20210629/websocket-api-9.4.43.v20210629.jar:/home/runner/.m2/repository/org/jline/jline/3.9.0/jline-3.9.0.jar:/home/runner/.m2/repository/org/apache/hadoop/hadoop-mapreduce-client-core/3.3.4/hadoop-mapreduce-client-core-3.3.4.jar:/home/runner/.m2/repository/org/apache/avro/avro/1.7.7/avro-1.7.7.jar:/home/runner/.m2/repository/org/codehaus/jackson/jackson-core-asl/1.9.13/jackson-core-asl-1.9.13.jar:/home/runner/.m2/repository/org/codehaus/jackson/jackson-mapper-asl/1.9.13/jackson-mapper-asl-1.9.13.jar:/home/runner/.m2/repository/com/thoughtworks/paranamer/paranamer/2.3/paranamer-2.3.jar:/home/runner/.m2/repository/org/apache/hadoop/hadoop-annotations/3.3.4/hadoop-annotations-3.3.4.jar:/usr/lib/jvm/temurin-8-jdk-amd64/jre/../lib/tools.jar:/home/runner/.m2/repository/io/netty/netty/3.10.6.Final/netty-3.10.6.Final.jar:/home/runner/.m2/repository/org/apache/hadoop/hadoop-distcp/3.3.4/hadoop-distcp-3.3.4-tests.jar:/home/runner/.m2/repository/org/slf4j/jul-to-slf4j/1.7.36/jul-to-slf4j-1.7.36.jar:/home/runner/.m2/repository/org/apache/ratis/ratis-common/2.4.0/ratis-common-2.4.0.jar:/home/runner/.m2/repository/org/apache/ratis/ratis-thirdparty-misc/1.0.2/ratis-thirdparty-misc-1.0.2.jar:/home/runner/.m2/repository/org/apache/ratis/ratis-proto/2.4.0/ratis-proto-2.4.0.jar:"/>
    <property name="sun.cpu.endian" value="little"/>
    <property name="user.home" value="/home/runner"/>
    <property name="user.language" value="en"/>
    <property name="java.specification.vendor" value="Oracle Corporation"/>
    <property name="java.home" value="/usr/lib/jvm/temurin-8-jdk-amd64/jre"/>
    <property name="java.security.krb5.conf" value="/home/runner/work/ozone/ozone/hadoop-ozone/integration-test/target/test-classes/krb5.conf"/>
    <property name="basedir" value="/home/runner/work/ozone/ozone/hadoop-ozone/integration-test"/>
    <property name="file.separator" value="/"/>
    <property name="line.separator" value="&#10;"/>
    <property name="java.vm.specification.vendor" value="Oracle Corporation"/>
    <property name="java.specification.name" value="Java Platform API Specification"/>
    <property name="java.awt.graphicsenv" value="sun.awt.X11GraphicsEnvironment"/>
    <property name="skip.installnpx" value="true"/>
    <property name="surefire.real.class.path" value="/home/runner/work/ozone/ozone/hadoop-ozone/integration-test/target/surefire/surefirebooter5297666164728508296.jar:/home/runner/.m2/repository/org/jacoco/org.jacoco.agent/0.8.5/org.jacoco.agent-0.8.5-runtime.jar"/>
    <property name="hadoop.log.dir" value="/home/runner/work/ozone/ozone/hadoop-ozone/integration-test/target/log"/>
    <property name="sun.boot.class.path" value="/usr/lib/jvm/temurin-8-jdk-amd64/jre/lib/resources.jar:/usr/lib/jvm/temurin-8-jdk-amd64/jre/lib/rt.jar:/usr/lib/jvm/temurin-8-jdk-amd64/jre/lib/sunrsasign.jar:/usr/lib/jvm/temurin-8-jdk-amd64/jre/lib/jsse.jar:/usr/lib/jvm/temurin-8-jdk-amd64/jre/lib/jce.jar:/usr/lib/jvm/temurin-8-jdk-amd64/jre/lib/charsets.jar:/usr/lib/jvm/temurin-8-jdk-amd64/jre/lib/jfr.jar:/usr/lib/jvm/temurin-8-jdk-amd64/jre/classes"/>
    <property name="sun.management.compiler" value="HotSpot 64-Bit Tiered Compilers"/>
    <property name="skip.npx" value="true"/>
    <property name="java.runtime.version" value="1.8.0_345-b01"/>
    <property name="java.net.preferIPv4Stack" value="true"/>
    <property name="user.name" value="runner"/>
    <property name="path.separator" value=":"/>
    <property name="java.security.egd" value="file:///dev/urandom"/>
    <property name="os.version" value="5.15.0-1022-azure"/>
    <property name="java.endorsed.dirs" value="/usr/lib/jvm/temurin-8-jdk-amd64/jre/lib/endorsed"/>
    <property name="java.runtime.name" value="OpenJDK Runtime Environment"/>
    <property name="file.encoding" value="UTF-8"/>
    <property name="java.vm.name" value="OpenJDK 64-Bit Server VM"/>
    <property name="test.build.webapps" value=""/>
    <property name="localRepository" value="/home/runner/.m2/repository"/>
    <property name="jetty.git.hash" value="4231a3b2e4cb8548a412a789936d640a97b1aa0a"/>
    <property name="java.vendor.url.bug" value="https://github.com/adoptium/adoptium-support/issues"/>
    <property name="java.io.tmpdir" value="/tmp"/>
    <property name="require.test.libhadoop" value=""/>
    <property name="java.version" value="1.8.0_345"/>
    <property name="user.dir" value="/home/runner/work/ozone/ozone/hadoop-ozone/integration-test"/>
    <property name="os.arch" value="amd64"/>
    <property name="java.vm.specification.name" value="Java Virtual Machine Specification"/>
    <property name="test.build.classes" value="/home/runner/work/ozone/ozone/hadoop-ozone/integration-test/target/test-classes"/>
    <property name="java.awt.printerjob" value="sun.print.PSPrinterJob"/>
    <property name="sun.os.patch.level" value="unknown"/>
    <property name="org.apache.ratis.thirdparty.io.netty.allocator.useCacheForAllThreads" value="false"/>
    <property name="hadoop.tmp.dir" value="/home/runner/work/ozone/ozone/hadoop-ozone/integration-test/target/tmp"/>
    <property name="java.library.path" value="/usr/java/packages/lib/amd64:/usr/lib64:/lib64:/lib:/usr/lib"/>
    <property name="java.vm.info" value="mixed mode"/>
    <property name="java.vendor" value="Temurin"/>
    <property name="java.vm.version" value="25.345-b01"/>
    <property name="java.ext.dirs" value="/usr/lib/jvm/temurin-8-jdk-amd64/jre/lib/ext:/usr/java/packages/lib/ext"/>
    <property name="sun.io.unicode.encoding" value="UnicodeLittle"/>
    <property name="java.class.version" value="52.0"/>
  </properties>
  <testcase name="testContainerRecoveryOverReplicationProcessing" classname="org.apache.hadoop.ozone.container.TestECContainerRecovery" time="106.602">
    <error type="java.util.concurrent.TimeoutException"><![CDATA[java.util.concurrent.TimeoutException: 
Timed out waiting for condition. Thread diagnostics:
Timestamp: 2022-11-04 01:09:50,360

"Command processor thread" daemon prio=5 tid=370 timed_waiting
java.lang.Thread.State: TIMED_WAITING
        at java.lang.Thread.sleep(Native Method)
        at org.apache.hadoop.ozone.container.common.statemachine.DatanodeStateMachine.lambda$initCommandHandlerThread$3(DatanodeStateMachine.java:641)
        at org.apache.hadoop.ozone.container.common.statemachine.DatanodeStateMachine$$Lambda$753/440432640.run(Unknown Source)
        at java.lang.Thread.run(Thread.java:750)
"IPC Server idle connection scanner for port 33479" daemon prio=5 tid=29 timed_waiting
java.lang.Thread.State: TIMED_WAITING
        at java.lang.Object.wait(Native Method)
        at java.util.TimerThread.mainLoop(Timer.java:552)
        at java.util.TimerThread.run(Timer.java:505)
"e73ed4bb-a433-4ecd-b93a-d0b4e16433ed@group-85F39928E9FD-SegmentedRaftLogWorker"  prio=5 tid=638 timed_waiting
java.lang.Thread.State: TIMED_WAITING
        at sun.misc.Unsafe.park(Native Method)
        at java.util.concurrent.locks.LockSupport.parkNanos(LockSupport.java:215)
        at java.util.concurrent.locks.AbstractQueuedSynchronizer$ConditionObject.awaitNanos(AbstractQueuedSynchronizer.java:2078)
        at org.apache.ratis.util.DataBlockingQueue.poll(DataBlockingQueue.java:148)
        at org.apache.ratis.server.raftlog.segmented.SegmentedRaftLogWorker.run(SegmentedRaftLogWorker.java:310)
        at org.apache.ratis.server.raftlog.segmented.SegmentedRaftLogWorker$$Lambda$665/5803680.run(Unknown Source)
        at java.lang.Thread.run(Thread.java:750)
"IPC Server handler 14 on default port 36953" daemon prio=5 tid=61 timed_waiting
java.lang.Thread.State: TIMED_WAITING
        at sun.misc.Unsafe.park(Native Method)
        at java.util.concurrent.locks.LockSupport.parkNanos(LockSupport.java:215)
        at java.util.concurrent.locks.AbstractQueuedSynchronizer$ConditionObject.awaitNanos(AbstractQueuedSynchronizer.java:2078)
        at java.util.concurrent.LinkedBlockingQueue.poll(LinkedBlockingQueue.java:467)
        at org.apache.hadoop.ipc.CallQueueManager.take(CallQueueManager.java:317)
        at org.apache.hadoop.ipc.Server$Handler.run(Server.java:2942)
"Periodic HDDS volume checker" daemon prio=5 tid=374 timed_waiting
java.lang.Thread.State: TIMED_WAITING
        at sun.misc.Unsafe.park(Native Method)
        at java.util.concurrent.locks.LockSupport.parkNanos(LockSupport.java:215)
        at java.util.concurrent.locks.AbstractQueuedSynchronizer$ConditionObject.awaitNanos(AbstractQueuedSynchronizer.java:2078)
        at java.util.concurrent.ScheduledThreadPoolExecutor$DelayedWorkQueue.take(ScheduledThreadPoolExecutor.java:1093)
        at java.util.concurrent.ScheduledThreadPoolExecutor$DelayedWorkQueue.take(ScheduledThreadPoolExecutor.java:809)
        at java.util.concurrent.ThreadPoolExecutor.getTask(ThreadPoolExecutor.java:1074)
        at java.util.concurrent.ThreadPoolExecutor.runWorker(ThreadPoolExecutor.java:1134)
        at java.util.concurrent.ThreadPoolExecutor$Worker.run(ThreadPoolExecutor.java:624)
        at java.lang.Thread.run(Thread.java:750)
"EventQueue-CommandQueueReportForCommandQueueReportHandler" daemon prio=5 tid=566 in Object.wait()
java.lang.Thread.State: WAITING (on object monitor)
        at sun.misc.Unsafe.park(Native Method)
        at java.util.concurrent.locks.LockSupport.park(LockSupport.java:175)
        at java.util.concurrent.locks.AbstractQueuedSynchronizer$ConditionObject.await(AbstractQueuedSynchronizer.java:2039)
        at java.util.concurrent.LinkedBlockingQueue.take(LinkedBlockingQueue.java:442)
        at java.util.concurrent.ThreadPoolExecutor.getTask(ThreadPoolExecutor.java:1074)
        at java.util.concurrent.ThreadPoolExecutor.runWorker(ThreadPoolExecutor.java:1134)
        at java.util.concurrent.ThreadPoolExecutor$Worker.run(ThreadPoolExecutor.java:624)
        at java.lang.Thread.run(Thread.java:750)
"pool-81-thread-1"  prio=5 tid=183 timed_waiting
java.lang.Thread.State: TIMED_WAITING
        at sun.misc.Unsafe.park(Native Method)
        at java.util.concurrent.locks.LockSupport.parkNanos(LockSupport.java:215)
        at java.util.concurrent.locks.AbstractQueuedSynchronizer$ConditionObject.awaitNanos(AbstractQueuedSynchronizer.java:2078)
        at java.util.concurrent.ScheduledThreadPoolExecutor$DelayedWorkQueue.take(ScheduledThreadPoolExecutor.java:1093)
        at java.util.concurrent.ScheduledThreadPoolExecutor$DelayedWorkQueue.take(ScheduledThreadPoolExecutor.java:809)
        at java.util.concurrent.ThreadPoolExecutor.getTask(ThreadPoolExecutor.java:1074)
        at java.util.concurrent.ThreadPoolExecutor.runWorker(ThreadPoolExecutor.java:1134)
        at java.util.concurrent.ThreadPoolExecutor$Worker.run(ThreadPoolExecutor.java:624)
        at java.lang.Thread.run(Thread.java:750)
"ChunkWriter-1-0" daemon prio=5 tid=545 in Object.wait()
java.lang.Thread.State: WAITING (on object monitor)
        at sun.misc.Unsafe.park(Native Method)
        at java.util.concurrent.locks.LockSupport.park(LockSupport.java:175)
        at java.util.concurrent.locks.AbstractQueuedSynchronizer$ConditionObject.await(AbstractQueuedSynchronizer.java:2039)
        at java.util.concurrent.LinkedBlockingDeque.takeFirst(LinkedBlockingDeque.java:492)
        at java.util.concurrent.LinkedBlockingDeque.take(LinkedBlockingDeque.java:680)
        at java.util.concurrent.ThreadPoolExecutor.getTask(ThreadPoolExecutor.java:1074)
        at java.util.concurrent.ThreadPoolExecutor.runWorker(ThreadPoolExecutor.java:1134)
        at java.util.concurrent.ThreadPoolExecutor$Worker.run(ThreadPoolExecutor.java:624)
        at java.lang.Thread.run(Thread.java:750)
"9ad6c772-b583-49da-9dda-46d51a9db348@group-A48171208D74-StateMachineUpdater" daemon prio=5 tid=581 timed_waiting
java.lang.Thread.State: TIMED_WAITING
        at sun.misc.Unsafe.park(Native Method)
        at java.util.concurrent.locks.LockSupport.parkNanos(LockSupport.java:215)
        at java.util.concurrent.CompletableFuture$Signaller.block(CompletableFuture.java:1709)
        at java.util.concurrent.ForkJoinPool.managedBlock(ForkJoinPool.java:3323)
        at java.util.concurrent.CompletableFuture.timedGet(CompletableFuture.java:1788)
        at java.util.concurrent.CompletableFuture.get(CompletableFuture.java:1928)
        at org.apache.ratis.util.AwaitForSignal.await(AwaitForSignal.java:56)
        at org.apache.ratis.server.impl.StateMachineUpdater.waitForCommit(StateMachineUpdater.java:207)
        at org.apache.ratis.server.impl.StateMachineUpdater.run(StateMachineUpdater.java:176)
        at java.lang.Thread.run(Thread.java:750)
"Datanode ReportManager Thread - 4" daemon prio=5 tid=330 in Object.wait()
java.lang.Thread.State: WAITING (on object monitor)
        at sun.misc.Unsafe.park(Native Method)
        at java.util.concurrent.locks.LockSupport.park(LockSupport.java:175)
        at java.util.concurrent.locks.AbstractQueuedSynchronizer$ConditionObject.await(AbstractQueuedSynchronizer.java:2039)
        at java.util.concurrent.ScheduledThreadPoolExecutor$DelayedWorkQueue.take(ScheduledThreadPoolExecutor.java:1088)
        at java.util.concurrent.ScheduledThreadPoolExecutor$DelayedWorkQueue.take(ScheduledThreadPoolExecutor.java:809)
        at java.util.concurrent.ThreadPoolExecutor.getTask(ThreadPoolExecutor.java:1074)
        at java.util.concurrent.ThreadPoolExecutor.runWorker(ThreadPoolExecutor.java:1134)
        at java.util.concurrent.ThreadPoolExecutor$Worker.run(ThreadPoolExecutor.java:624)
        at java.lang.Thread.run(Thread.java:750)
"IPC Server handler 6 on default port 33479" daemon prio=5 tid=73 timed_waiting
java.lang.Thread.State: TIMED_WAITING
        at sun.misc.Unsafe.park(Native Method)
        at java.util.concurrent.locks.LockSupport.parkNanos(LockSupport.java:215)
        at java.util.concurrent.locks.AbstractQueuedSynchronizer$ConditionObject.awaitNanos(AbstractQueuedSynchronizer.java:2078)
        at java.util.concurrent.LinkedBlockingQueue.poll(LinkedBlockingQueue.java:467)
        at org.apache.hadoop.ipc.CallQueueManager.take(CallQueueManager.java:317)
        at org.apache.hadoop.ipc.Server$Handler.run(Server.java:2942)
"Socket Reader #1 for port 0"  prio=5 tid=24 runnable
java.lang.Thread.State: RUNNABLE
        at sun.nio.ch.EPollArrayWrapper.epollWait(Native Method)
        at sun.nio.ch.EPollArrayWrapper.poll(EPollArrayWrapper.java:269)
        at sun.nio.ch.EPollSelectorImpl.doSelect(EPollSelectorImpl.java:93)
        at sun.nio.ch.SelectorImpl.lockAndDoSelect(SelectorImpl.java:86)
        at sun.nio.ch.SelectorImpl.select(SelectorImpl.java:97)
        at sun.nio.ch.SelectorImpl.select(SelectorImpl.java:101)
        at org.apache.hadoop.ipc.Server$Listener$Reader.doRunLoop(Server.java:1296)
        at org.apache.hadoop.ipc.Server$Listener$Reader.run(Server.java:1275)
"qtp326207642-189" daemon prio=5 tid=189 timed_waiting
java.lang.Thread.State: TIMED_WAITING
        at sun.misc.Unsafe.park(Native Method)
        at java.util.concurrent.locks.LockSupport.parkNanos(LockSupport.java:215)
        at java.util.concurrent.locks.AbstractQueuedSynchronizer$ConditionObject.awaitNanos(AbstractQueuedSynchronizer.java:2078)
        at org.eclipse.jetty.util.BlockingArrayQueue.poll(BlockingArrayQueue.java:382)
        at org.eclipse.jetty.util.thread.QueuedThreadPool$Runner.idleJobPoll(QueuedThreadPool.java:974)
        at org.eclipse.jetty.util.thread.QueuedThreadPool$Runner.run(QueuedThreadPool.java:1018)
        at java.lang.Thread.run(Thread.java:750)
"Command processor thread" daemon prio=5 tid=227 timed_waiting
java.lang.Thread.State: TIMED_WAITING
        at java.lang.Thread.sleep(Native Method)
        at org.apache.hadoop.ozone.container.common.statemachine.DatanodeStateMachine.lambda$initCommandHandlerThread$3(DatanodeStateMachine.java:641)
        at org.apache.hadoop.ozone.container.common.statemachine.DatanodeStateMachine$$Lambda$753/440432640.run(Unknown Source)
        at java.lang.Thread.run(Thread.java:750)
"bc4c196d-1c1a-499c-9b0d-21e75e378ad6@group-14B460C0674A-SegmentedRaftLogWorker"  prio=5 tid=657 timed_waiting
java.lang.Thread.State: TIMED_WAITING
        at sun.misc.Unsafe.park(Native Method)
        at java.util.concurrent.locks.LockSupport.parkNanos(LockSupport.java:215)
        at java.util.concurrent.locks.AbstractQueuedSynchronizer$ConditionObject.awaitNanos(AbstractQueuedSynchronizer.java:2078)
        at org.apache.ratis.util.DataBlockingQueue.poll(DataBlockingQueue.java:148)
        at org.apache.ratis.server.raftlog.segmented.SegmentedRaftLogWorker.run(SegmentedRaftLogWorker.java:310)
        at org.apache.ratis.server.raftlog.segmented.SegmentedRaftLogWorker$$Lambda$665/5803680.run(Unknown Source)
        at java.lang.Thread.run(Thread.java:750)
"Datanode ReportManager Thread - 1" daemon prio=5 tid=433 in Object.wait()
java.lang.Thread.State: WAITING (on object monitor)
        at sun.misc.Unsafe.park(Native Method)
        at java.util.concurrent.locks.LockSupport.park(LockSupport.java:175)
        at java.util.concurrent.locks.AbstractQueuedSynchronizer$ConditionObject.await(AbstractQueuedSynchronizer.java:2039)
        at java.util.concurrent.ScheduledThreadPoolExecutor$DelayedWorkQueue.take(ScheduledThreadPoolExecutor.java:1088)
        at java.util.concurrent.ScheduledThreadPoolExecutor$DelayedWorkQueue.take(ScheduledThreadPoolExecutor.java:809)
        at java.util.concurrent.ThreadPoolExecutor.getTask(ThreadPoolExecutor.java:1074)
        at java.util.concurrent.ThreadPoolExecutor.runWorker(ThreadPoolExecutor.java:1134)
        at java.util.concurrent.ThreadPoolExecutor$Worker.run(ThreadPoolExecutor.java:624)
        at java.lang.Thread.run(Thread.java:750)
"IPC Server handler 5 on default port 45711" daemon prio=5 tid=92 timed_waiting
java.lang.Thread.State: TIMED_WAITING
        at sun.misc.Unsafe.park(Native Method)
        at java.util.concurrent.locks.LockSupport.parkNanos(LockSupport.java:215)
        at java.util.concurrent.locks.AbstractQueuedSynchronizer$ConditionObject.awaitNanos(AbstractQueuedSynchronizer.java:2078)
        at java.util.concurrent.LinkedBlockingQueue.poll(LinkedBlockingQueue.java:467)
        at org.apache.hadoop.ipc.CallQueueManager.take(CallQueueManager.java:317)
        at org.apache.hadoop.ipc.Server$Handler.run(Server.java:2942)
"Datanode State Machine Task Thread - 0"  prio=5 tid=281 in Object.wait()
java.lang.Thread.State: WAITING (on object monitor)
        at sun.misc.Unsafe.park(Native Method)
        at java.util.concurrent.locks.LockSupport.park(LockSupport.java:175)
        at java.util.concurrent.locks.AbstractQueuedSynchronizer$ConditionObject.await(AbstractQueuedSynchronizer.java:2039)
        at java.util.concurrent.LinkedBlockingQueue.take(LinkedBlockingQueue.java:442)
        at java.util.concurrent.ThreadPoolExecutor.getTask(ThreadPoolExecutor.java:1074)
        at java.util.concurrent.ThreadPoolExecutor.runWorker(ThreadPoolExecutor.java:1134)
        at java.util.concurrent.ThreadPoolExecutor$Worker.run(ThreadPoolExecutor.java:624)
        at java.lang.Thread.run(Thread.java:750)
"Datanode State Machine Daemon Thread" daemon prio=5 tid=193 timed_waiting
java.lang.Thread.State: TIMED_WAITING
        at java.lang.Thread.sleep(Native Method)
        at org.apache.hadoop.ozone.container.common.statemachine.DatanodeStateMachine.startStateMachineThread(DatanodeStateMachine.java:321)
        at org.apache.hadoop.ozone.container.common.statemachine.DatanodeStateMachine.lambda$startDaemon$0(DatanodeStateMachine.java:506)
        at org.apache.hadoop.ozone.container.common.statemachine.DatanodeStateMachine$$Lambda$751/596905128.run(Unknown Source)
        at java.lang.Thread.run(Thread.java:750)
"IPC Server listener on 0" daemon prio=5 tid=130 runnable
java.lang.Thread.State: RUNNABLE
        at sun.nio.ch.EPollArrayWrapper.epollWait(Native Method)
        at sun.nio.ch.EPollArrayWrapper.poll(EPollArrayWrapper.java:269)
        at sun.nio.ch.EPollSelectorImpl.doSelect(EPollSelectorImpl.java:93)
        at sun.nio.ch.SelectorImpl.lockAndDoSelect(SelectorImpl.java:86)
        at sun.nio.ch.SelectorImpl.select(SelectorImpl.java:97)
        at sun.nio.ch.SelectorImpl.select(SelectorImpl.java:101)
        at org.apache.hadoop.ipc.Server$Listener.run(Server.java:1358)
"qtp160371564-318" daemon prio=5 tid=318 timed_waiting
java.lang.Thread.State: TIMED_WAITING
        at sun.misc.Unsafe.park(Native Method)
        at java.util.concurrent.locks.LockSupport.parkNanos(LockSupport.java:215)
        at java.util.concurrent.locks.AbstractQueuedSynchronizer$ConditionObject.awaitNanos(AbstractQueuedSynchronizer.java:2078)
        at org.eclipse.jetty.util.BlockingArrayQueue.poll(BlockingArrayQueue.java:382)
        at org.eclipse.jetty.util.thread.QueuedThreadPool$Runner.idleJobPoll(QueuedThreadPool.java:974)
        at org.eclipse.jetty.util.thread.QueuedThreadPool$Runner.run(QueuedThreadPool.java:1018)
        at java.lang.Thread.run(Thread.java:750)
"EndpointStateMachine task thread for /0.0.0.0:45711 - 0 "  prio=5 tid=518 in Object.wait()
java.lang.Thread.State: WAITING (on object monitor)
        at sun.misc.Unsafe.park(Native Method)
        at java.util.concurrent.locks.LockSupport.park(LockSupport.java:175)
        at java.util.concurrent.locks.AbstractQueuedSynchronizer$ConditionObject.await(AbstractQueuedSynchronizer.java:2039)
        at java.util.concurrent.LinkedBlockingQueue.take(LinkedBlockingQueue.java:442)
        at java.util.concurrent.ThreadPoolExecutor.getTask(ThreadPoolExecutor.java:1074)
        at java.util.concurrent.ThreadPoolExecutor.runWorker(ThreadPoolExecutor.java:1134)
        at java.util.concurrent.ThreadPoolExecutor$Worker.run(ThreadPoolExecutor.java:624)
        at java.lang.Thread.run(Thread.java:750)
"org.apache.hadoop.util.JvmPauseMonitor$Monitor@53adbb91" daemon prio=5 tid=332 timed_waiting
java.lang.Thread.State: TIMED_WAITING
        at java.lang.Thread.sleep(Native Method)
        at org.apache.hadoop.util.JvmPauseMonitor$Monitor.run(JvmPauseMonitor.java:192)
        at java.lang.Thread.run(Thread.java:750)
"ChunkWriter-1-0" daemon prio=5 tid=470 in Object.wait()
java.lang.Thread.State: WAITING (on object monitor)
        at sun.misc.Unsafe.park(Native Method)
        at java.util.concurrent.locks.LockSupport.park(LockSupport.java:175)
        at java.util.concurrent.locks.AbstractQueuedSynchronizer$ConditionObject.await(AbstractQueuedSynchronizer.java:2039)
        at java.util.concurrent.LinkedBlockingDeque.takeFirst(LinkedBlockingDeque.java:492)
        at java.util.concurrent.LinkedBlockingDeque.take(LinkedBlockingDeque.java:680)
        at java.util.concurrent.ThreadPoolExecutor.getTask(ThreadPoolExecutor.java:1074)
        at java.util.concurrent.ThreadPoolExecutor.runWorker(ThreadPoolExecutor.java:1134)
        at java.util.concurrent.ThreadPoolExecutor$Worker.run(ThreadPoolExecutor.java:624)
        at java.lang.Thread.run(Thread.java:750)
"Datanode State Machine Task Thread - 0"  prio=5 tid=201 in Object.wait()
java.lang.Thread.State: WAITING (on object monitor)
        at sun.misc.Unsafe.park(Native Method)
        at java.util.concurrent.locks.LockSupport.park(LockSupport.java:175)
        at java.util.concurrent.locks.AbstractQueuedSynchronizer$ConditionObject.await(AbstractQueuedSynchronizer.java:2039)
        at java.util.concurrent.LinkedBlockingQueue.take(LinkedBlockingQueue.java:442)
        at java.util.concurrent.ThreadPoolExecutor.getTask(ThreadPoolExecutor.java:1074)
        at java.util.concurrent.ThreadPoolExecutor.runWorker(ThreadPoolExecutor.java:1134)
        at java.util.concurrent.ThreadPoolExecutor$Worker.run(ThreadPoolExecutor.java:624)
        at java.lang.Thread.run(Thread.java:750)
"IPC Server handler 18 on default port 40125" daemon prio=5 tid=172 timed_waiting
java.lang.Thread.State: TIMED_WAITING
        at sun.misc.Unsafe.park(Native Method)
        at java.util.concurrent.locks.LockSupport.parkNanos(LockSupport.java:215)
        at java.util.concurrent.locks.AbstractQueuedSynchronizer$ConditionObject.awaitNanos(AbstractQueuedSynchronizer.java:2078)
        at java.util.concurrent.LinkedBlockingQueue.poll(LinkedBlockingQueue.java:467)
        at org.apache.hadoop.ipc.CallQueueManager.take(CallQueueManager.java:317)
        at org.apache.hadoop.ipc.Server$Handler.run(Server.java:2942)
"StaleRecoveringContainerScrubbingService#2" daemon prio=5 tid=908 in Object.wait()
java.lang.Thread.State: WAITING (on object monitor)
        at sun.misc.Unsafe.park(Native Method)
        at java.util.concurrent.locks.LockSupport.park(LockSupport.java:175)
        at java.util.concurrent.locks.AbstractQueuedSynchronizer$ConditionObject.await(AbstractQueuedSynchronizer.java:2039)
        at java.util.concurrent.ScheduledThreadPoolExecutor$DelayedWorkQueue.take(ScheduledThreadPoolExecutor.java:1088)
        at java.util.concurrent.ScheduledThreadPoolExecutor$DelayedWorkQueue.take(ScheduledThreadPoolExecutor.java:809)
        at java.util.concurrent.ThreadPoolExecutor.getTask(ThreadPoolExecutor.java:1074)
        at java.util.concurrent.ThreadPoolExecutor.runWorker(ThreadPoolExecutor.java:1134)
        at java.util.concurrent.ThreadPoolExecutor$Worker.run(ThreadPoolExecutor.java:624)
        at java.lang.Thread.run(Thread.java:750)
"ChunkReader-ELG-0" daemon prio=5 tid=482 runnable
java.lang.Thread.State: RUNNABLE
        at org.apache.ratis.thirdparty.io.netty.channel.epoll.Native.epollWait0(Native Method)
        at org.apache.ratis.thirdparty.io.netty.channel.epoll.Native.epollWait(Native.java:182)
        at org.apache.ratis.thirdparty.io.netty.channel.epoll.EpollEventLoop.epollWait(EpollEventLoop.java:290)
        at org.apache.ratis.thirdparty.io.netty.channel.epoll.EpollEventLoop.run(EpollEventLoop.java:354)
        at org.apache.ratis.thirdparty.io.netty.util.concurrent.SingleThreadEventExecutor$4.run(SingleThreadEventExecutor.java:995)
        at org.apache.ratis.thirdparty.io.netty.util.internal.ThreadExecutorMap$2.run(ThreadExecutorMap.java:74)
        at java.lang.Thread.run(Thread.java:750)
"BlockDeletingService#0" daemon prio=5 tid=507 in Object.wait()
java.lang.Thread.State: WAITING (on object monitor)
        at sun.misc.Unsafe.park(Native Method)
        at java.util.concurrent.locks.LockSupport.park(LockSupport.java:175)
        at java.util.concurrent.locks.AbstractQueuedSynchronizer$ConditionObject.await(AbstractQueuedSynchronizer.java:2039)
        at java.util.concurrent.ScheduledThreadPoolExecutor$DelayedWorkQueue.take(ScheduledThreadPoolExecutor.java:1088)
        at java.util.concurrent.ScheduledThreadPoolExecutor$DelayedWorkQueue.take(ScheduledThreadPoolExecutor.java:809)
        at java.util.concurrent.ThreadPoolExecutor.getTask(ThreadPoolExecutor.java:1074)
        at java.util.concurrent.ThreadPoolExecutor.runWorker(ThreadPoolExecutor.java:1134)
        at java.util.concurrent.ThreadPoolExecutor$Worker.run(ThreadPoolExecutor.java:624)
        at java.lang.Thread.run(Thread.java:750)
"FixedThreadPoolWithAffinityExecutor-1-0" daemon prio=5 tid=36 timed_waiting
java.lang.Thread.State: TIMED_WAITING
        at sun.misc.Unsafe.park(Native Method)
        at java.util.concurrent.locks.LockSupport.parkNanos(LockSupport.java:215)
        at java.util.concurrent.locks.AbstractQueuedSynchronizer$ConditionObject.awaitNanos(AbstractQueuedSynchronizer.java:2078)
        at java.util.concurrent.LinkedBlockingQueue.poll(LinkedBlockingQueue.java:467)
        at org.apache.hadoop.hdds.scm.server.ContainerReportQueue.poll(ContainerReportQueue.java:266)
        at org.apache.hadoop.hdds.scm.server.ContainerReportQueue.poll(ContainerReportQueue.java:42)
        at org.apache.hadoop.hdds.server.events.FixedThreadPoolWithAffinityExecutor$ContainerReportProcessTask.run(FixedThreadPoolWithAffinityExecutor.java:218)
        at java.util.concurrent.Executors$RunnableAdapter.call(Executors.java:511)
        at java.util.concurrent.FutureTask.run(FutureTask.java:266)
        at java.util.concurrent.ThreadPoolExecutor.runWorker(ThreadPoolExecutor.java:1149)
        at java.util.concurrent.ThreadPoolExecutor$Worker.run(ThreadPoolExecutor.java:624)
        at java.lang.Thread.run(Thread.java:750)
"Datanode ReportManager Thread - 3" daemon prio=5 tid=197 in Object.wait()
java.lang.Thread.State: WAITING (on object monitor)
        at sun.misc.Unsafe.park(Native Method)
        at java.util.concurrent.locks.LockSupport.park(LockSupport.java:175)
        at java.util.concurrent.locks.AbstractQueuedSynchronizer$ConditionObject.await(AbstractQueuedSynchronizer.java:2039)
        at java.util.concurrent.ScheduledThreadPoolExecutor$DelayedWorkQueue.take(ScheduledThreadPoolExecutor.java:1088)
        at java.util.concurrent.ScheduledThreadPoolExecutor$DelayedWorkQueue.take(ScheduledThreadPoolExecutor.java:809)
        at java.util.concurrent.ThreadPoolExecutor.getTask(ThreadPoolExecutor.java:1074)
        at java.util.concurrent.ThreadPoolExecutor.runWorker(ThreadPoolExecutor.java:1134)
        at java.util.concurrent.ThreadPoolExecutor$Worker.run(ThreadPoolExecutor.java:624)
        at java.lang.Thread.run(Thread.java:750)
"Datanode ReportManager Thread - 4" daemon prio=5 tid=437 timed_waiting
java.lang.Thread.State: TIMED_WAITING
        at sun.misc.Unsafe.park(Native Method)
        at java.util.concurrent.locks.LockSupport.parkNanos(LockSupport.java:215)
        at java.util.concurrent.locks.AbstractQueuedSynchronizer$ConditionObject.awaitNanos(AbstractQueuedSynchronizer.java:2078)
        at java.util.concurrent.ScheduledThreadPoolExecutor$DelayedWorkQueue.take(ScheduledThreadPoolExecutor.java:1093)
        at java.util.concurrent.ScheduledThreadPoolExecutor$DelayedWorkQueue.take(ScheduledThreadPoolExecutor.java:809)
        at java.util.concurrent.ThreadPoolExecutor.getTask(ThreadPoolExecutor.java:1074)
        at java.util.concurrent.ThreadPoolExecutor.runWorker(ThreadPoolExecutor.java:1134)
        at java.util.concurrent.ThreadPoolExecutor$Worker.run(ThreadPoolExecutor.java:624)
        at java.lang.Thread.run(Thread.java:750)
"Datanode State Machine Task Thread - 0"  prio=5 tid=333 in Object.wait()
java.lang.Thread.State: WAITING (on object monitor)
        at sun.misc.Unsafe.park(Native Method)
        at java.util.concurrent.locks.LockSupport.park(LockSupport.java:175)
        at java.util.concurrent.locks.AbstractQueuedSynchronizer$ConditionObject.await(AbstractQueuedSynchronizer.java:2039)
        at java.util.concurrent.LinkedBlockingQueue.take(LinkedBlockingQueue.java:442)
        at java.util.concurrent.ThreadPoolExecutor.getTask(ThreadPoolExecutor.java:1074)
        at java.util.concurrent.ThreadPoolExecutor.runWorker(ThreadPoolExecutor.java:1134)
        at java.util.concurrent.ThreadPoolExecutor$Worker.run(ThreadPoolExecutor.java:624)
        at java.lang.Thread.run(Thread.java:750)
"BlockDeletingService#1" daemon prio=5 tid=401 timed_waiting
java.lang.Thread.State: TIMED_WAITING
        at sun.misc.Unsafe.park(Native Method)
        at java.util.concurrent.locks.LockSupport.parkNanos(LockSupport.java:215)
        at java.util.concurrent.locks.AbstractQueuedSynchronizer$ConditionObject.awaitNanos(AbstractQueuedSynchronizer.java:2078)
        at java.util.concurrent.ScheduledThreadPoolExecutor$DelayedWorkQueue.take(ScheduledThreadPoolExecutor.java:1093)
        at java.util.concurrent.ScheduledThreadPoolExecutor$DelayedWorkQueue.take(ScheduledThreadPoolExecutor.java:809)
        at java.util.concurrent.ThreadPoolExecutor.getTask(ThreadPoolExecutor.java:1074)
        at java.util.concurrent.ThreadPoolExecutor.runWorker(ThreadPoolExecutor.java:1134)
        at java.util.concurrent.ThreadPoolExecutor$Worker.run(ThreadPoolExecutor.java:624)
        at java.lang.Thread.run(Thread.java:750)
"org.apache.hadoop.ozone.container.common.statemachine.commandhandler.DeleteBlocksCommandHandler$DeleteCmdWorker@71dfcc99" daemon prio=5 tid=262 timed_waiting
java.lang.Thread.State: TIMED_WAITING
        at java.lang.Thread.sleep(Native Method)
        at org.apache.hadoop.ozone.container.common.statemachine.commandhandler.DeleteBlocksCommandHandler$DeleteCmdWorker.run(DeleteBlocksCommandHandler.java:183)
        at java.lang.Thread.run(Thread.java:750)
"qtp1798219135-213" daemon prio=5 tid=213 timed_waiting
java.lang.Thread.State: TIMED_WAITING
        at sun.misc.Unsafe.park(Native Method)
        at java.util.concurrent.locks.LockSupport.parkNanos(LockSupport.java:215)
        at java.util.concurrent.locks.AbstractQueuedSynchronizer$ConditionObject.awaitNanos(AbstractQueuedSynchronizer.java:2078)
        at org.eclipse.jetty.util.BlockingArrayQueue.poll(BlockingArrayQueue.java:382)
        at org.eclipse.jetty.util.thread.QueuedThreadPool$Runner.idleJobPoll(QueuedThreadPool.java:974)
        at org.eclipse.jetty.util.thread.QueuedThreadPool$Runner.run(QueuedThreadPool.java:1018)
        at java.lang.Thread.run(Thread.java:750)
"qtp2002410087-112-acceptor-0@2fbedc8b-ServerConnector@118f2486{HTTP/1.1, (http/1.1)}{0.0.0.0:36525}" daemon prio=3 tid=112 runnable
java.lang.Thread.State: RUNNABLE
        at sun.nio.ch.ServerSocketChannelImpl.accept0(Native Method)
        at sun.nio.ch.ServerSocketChannelImpl.accept(ServerSocketChannelImpl.java:421)
        at sun.nio.ch.ServerSocketChannelImpl.accept(ServerSocketChannelImpl.java:249)
        at org.eclipse.jetty.server.ServerConnector.accept(ServerConnector.java:388)
        at org.eclipse.jetty.server.AbstractConnector$Acceptor.run(AbstractConnector.java:704)
        at org.eclipse.jetty.util.thread.QueuedThreadPool.runJob(QueuedThreadPool.java:883)
        at org.eclipse.jetty.util.thread.QueuedThreadPool$Runner.run(QueuedThreadPool.java:1034)
        at java.lang.Thread.run(Thread.java:750)
"IPC Server handler 0 on default port 45711" daemon prio=5 tid=87 timed_waiting
java.lang.Thread.State: TIMED_WAITING
        at sun.misc.Unsafe.park(Native Method)
        at java.util.concurrent.locks.LockSupport.parkNanos(LockSupport.java:215)
        at java.util.concurrent.locks.AbstractQueuedSynchronizer$ConditionObject.awaitNanos(AbstractQueuedSynchronizer.java:2078)
        at java.util.concurrent.LinkedBlockingQueue.poll(LinkedBlockingQueue.java:467)
        at org.apache.hadoop.ipc.CallQueueManager.take(CallQueueManager.java:317)
        at org.apache.hadoop.ipc.Server$Handler.run(Server.java:2942)
"ChunkReader-ELG-0" daemon prio=5 tid=549 runnable
java.lang.Thread.State: RUNNABLE
        at org.apache.ratis.thirdparty.io.netty.channel.epoll.Native.epollWait0(Native Method)
        at org.apache.ratis.thirdparty.io.netty.channel.epoll.Native.epollWait(Native.java:182)
        at org.apache.ratis.thirdparty.io.netty.channel.epoll.EpollEventLoop.epollWait(EpollEventLoop.java:290)
        at org.apache.ratis.thirdparty.io.netty.channel.epoll.EpollEventLoop.run(EpollEventLoop.java:354)
        at org.apache.ratis.thirdparty.io.netty.util.concurrent.SingleThreadEventExecutor$4.run(SingleThreadEventExecutor.java:995)
        at org.apache.ratis.thirdparty.io.netty.util.internal.ThreadExecutorMap$2.run(ThreadExecutorMap.java:74)
        at java.lang.Thread.run(Thread.java:750)
"pool-64-thread-1" daemon prio=5 tid=178 timed_waiting
java.lang.Thread.State: TIMED_WAITING
        at sun.misc.Unsafe.park(Native Method)
        at java.util.concurrent.locks.LockSupport.parkNanos(LockSupport.java:215)
        at java.util.concurrent.locks.AbstractQueuedSynchronizer$ConditionObject.awaitNanos(AbstractQueuedSynchronizer.java:2078)
        at java.util.concurrent.ScheduledThreadPoolExecutor$DelayedWorkQueue.take(ScheduledThreadPoolExecutor.java:1093)
        at java.util.concurrent.ScheduledThreadPoolExecutor$DelayedWorkQueue.take(ScheduledThreadPoolExecutor.java:809)
        at java.util.concurrent.ThreadPoolExecutor.getTask(ThreadPoolExecutor.java:1074)
        at java.util.concurrent.ThreadPoolExecutor.runWorker(ThreadPoolExecutor.java:1134)
        at java.util.concurrent.ThreadPoolExecutor$Worker.run(ThreadPoolExecutor.java:624)
        at java.lang.Thread.run(Thread.java:750)
"Datanode ReportManager Thread - 4" daemon prio=5 tid=226 timed_waiting
java.lang.Thread.State: TIMED_WAITING
        at sun.misc.Unsafe.park(Native Method)
        at java.util.concurrent.locks.LockSupport.parkNanos(LockSupport.java:215)
        at java.util.concurrent.locks.AbstractQueuedSynchronizer$ConditionObject.awaitNanos(AbstractQueuedSynchronizer.java:2078)
        at java.util.concurrent.ScheduledThreadPoolExecutor$DelayedWorkQueue.take(ScheduledThreadPoolExecutor.java:1093)
        at java.util.concurrent.ScheduledThreadPoolExecutor$DelayedWorkQueue.take(ScheduledThreadPoolExecutor.java:809)
        at java.util.concurrent.ThreadPoolExecutor.getTask(ThreadPoolExecutor.java:1074)
        at java.util.concurrent.ThreadPoolExecutor.runWorker(ThreadPoolExecutor.java:1134)
        at java.util.concurrent.ThreadPoolExecutor$Worker.run(ThreadPoolExecutor.java:624)
        at java.lang.Thread.run(Thread.java:750)
"PartialTableCache Cleanup Thread - 0" daemon prio=5 tid=822 in Object.wait()
java.lang.Thread.State: WAITING (on object monitor)
        at sun.misc.Unsafe.park(Native Method)
        at java.util.concurrent.locks.LockSupport.park(LockSupport.java:175)
        at java.util.concurrent.locks.AbstractQueuedSynchronizer$ConditionObject.await(AbstractQueuedSynchronizer.java:2039)
        at java.util.concurrent.LinkedBlockingQueue.take(LinkedBlockingQueue.java:442)
        at java.util.concurrent.ThreadPoolExecutor.getTask(ThreadPoolExecutor.java:1074)
        at java.util.concurrent.ThreadPoolExecutor.runWorker(ThreadPoolExecutor.java:1134)
        at java.util.concurrent.ThreadPoolExecutor$Worker.run(ThreadPoolExecutor.java:624)
        at java.lang.Thread.run(Thread.java:750)
"IPC Server Responder" daemon prio=5 tid=133 runnable
java.lang.Thread.State: RUNNABLE
        at sun.nio.ch.EPollArrayWrapper.epollWait(Native Method)
        at sun.nio.ch.EPollArrayWrapper.poll(EPollArrayWrapper.java:269)
        at sun.nio.ch.EPollSelectorImpl.doSelect(EPollSelectorImpl.java:93)
        at sun.nio.ch.SelectorImpl.lockAndDoSelect(SelectorImpl.java:86)
        at sun.nio.ch.SelectorImpl.select(SelectorImpl.java:97)
        at org.apache.hadoop.ipc.Server$Responder.doRunLoop(Server.java:1532)
        at org.apache.hadoop.ipc.Server$Responder.run(Server.java:1515)
"DirectoryDeletingService#0" daemon prio=5 tid=142 timed_waiting
java.lang.Thread.State: TIMED_WAITING
        at sun.misc.Unsafe.park(Native Method)
        at java.util.concurrent.locks.LockSupport.parkNanos(LockSupport.java:215)
        at java.util.concurrent.locks.AbstractQueuedSynchronizer$ConditionObject.awaitNanos(AbstractQueuedSynchronizer.java:2078)
        at java.util.concurrent.ScheduledThreadPoolExecutor$DelayedWorkQueue.take(ScheduledThreadPoolExecutor.java:1093)
        at java.util.concurrent.ScheduledThreadPoolExecutor$DelayedWorkQueue.take(ScheduledThreadPoolExecutor.java:809)
        at java.util.concurrent.ThreadPoolExecutor.getTask(ThreadPoolExecutor.java:1074)
        at java.util.concurrent.ThreadPoolExecutor.runWorker(ThreadPoolExecutor.java:1134)
        at java.util.concurrent.ThreadPoolExecutor$Worker.run(ThreadPoolExecutor.java:624)
        at java.lang.Thread.run(Thread.java:750)
"ChunkReader-0" daemon prio=5 tid=778 in Object.wait()
java.lang.Thread.State: WAITING (on object monitor)
        at sun.misc.Unsafe.park(Native Method)
        at java.util.concurrent.locks.LockSupport.park(LockSupport.java:175)
        at java.util.concurrent.locks.AbstractQueuedSynchronizer$ConditionObject.await(AbstractQueuedSynchronizer.java:2039)
        at java.util.concurrent.LinkedBlockingQueue.take(LinkedBlockingQueue.java:442)
        at java.util.concurrent.ThreadPoolExecutor.getTask(ThreadPoolExecutor.java:1074)
        at java.util.concurrent.ThreadPoolExecutor.runWorker(ThreadPoolExecutor.java:1134)
        at java.util.concurrent.ThreadPoolExecutor$Worker.run(ThreadPoolExecutor.java:624)
        at java.lang.Thread.run(Thread.java:750)
"PartialTableCache Cleanup Thread - 0" daemon prio=5 tid=893 in Object.wait()
java.lang.Thread.State: WAITING (on object monitor)
        at sun.misc.Unsafe.park(Native Method)
        at java.util.concurrent.locks.LockSupport.park(LockSupport.java:175)
        at java.util.concurrent.locks.AbstractQueuedSynchronizer$ConditionObject.await(AbstractQueuedSynchronizer.java:2039)
        at java.util.concurrent.LinkedBlockingQueue.take(LinkedBlockingQueue.java:442)
        at java.util.concurrent.ThreadPoolExecutor.getTask(ThreadPoolExecutor.java:1074)
        at java.util.concurrent.ThreadPoolExecutor.runWorker(ThreadPoolExecutor.java:1134)
        at java.util.concurrent.ThreadPoolExecutor$Worker.run(ThreadPoolExecutor.java:624)
        at java.lang.Thread.run(Thread.java:750)
"org.apache.hadoop.util.JvmPauseMonitor$Monitor@5352b7cf" daemon prio=5 tid=306 timed_waiting
java.lang.Thread.State: TIMED_WAITING
        at java.lang.Thread.sleep(Native Method)
        at org.apache.hadoop.util.JvmPauseMonitor$Monitor.run(JvmPauseMonitor.java:192)
        at java.lang.Thread.run(Thread.java:750)
"Datanode ReportManager Thread - 1" daemon prio=5 tid=223 in Object.wait()
java.lang.Thread.State: WAITING (on object monitor)
        at sun.misc.Unsafe.park(Native Method)
        at java.util.concurrent.locks.LockSupport.park(LockSupport.java:175)
        at java.util.concurrent.locks.AbstractQueuedSynchronizer$ConditionObject.await(AbstractQueuedSynchronizer.java:2039)
        at java.util.concurrent.ScheduledThreadPoolExecutor$DelayedWorkQueue.take(ScheduledThreadPoolExecutor.java:1088)
        at java.util.concurrent.ScheduledThreadPoolExecutor$DelayedWorkQueue.take(ScheduledThreadPoolExecutor.java:809)
        at java.util.concurrent.ThreadPoolExecutor.getTask(ThreadPoolExecutor.java:1074)
        at java.util.concurrent.ThreadPoolExecutor.runWorker(ThreadPoolExecutor.java:1134)
        at java.util.concurrent.ThreadPoolExecutor$Worker.run(ThreadPoolExecutor.java:624)
        at java.lang.Thread.run(Thread.java:750)
"e73ed4bb-a433-4ecd-b93a-d0b4e16433ed-server-thread2" daemon prio=5 tid=756 timed_waiting
java.lang.Thread.State: TIMED_WAITING
        at sun.misc.Unsafe.park(Native Method)
        at java.util.concurrent.locks.LockSupport.parkNanos(LockSupport.java:215)
        at java.util.concurrent.SynchronousQueue$TransferStack.awaitFulfill(SynchronousQueue.java:460)
        at java.util.concurrent.SynchronousQueue$TransferStack.transfer(SynchronousQueue.java:362)
        at java.util.concurrent.SynchronousQueue.poll(SynchronousQueue.java:941)
        at java.util.concurrent.ThreadPoolExecutor.getTask(ThreadPoolExecutor.java:1073)
        at java.util.concurrent.ThreadPoolExecutor.runWorker(ThreadPoolExecutor.java:1134)
        at java.util.concurrent.ThreadPoolExecutor$Worker.run(ThreadPoolExecutor.java:624)
        at java.lang.Thread.run(Thread.java:750)
"pool-196-thread-1"  prio=5 tid=315 timed_waiting
java.lang.Thread.State: TIMED_WAITING
        at sun.misc.Unsafe.park(Native Method)
        at java.util.concurrent.locks.LockSupport.parkNanos(LockSupport.java:215)
        at java.util.concurrent.locks.AbstractQueuedSynchronizer$ConditionObject.awaitNanos(AbstractQueuedSynchronizer.java:2078)
        at java.util.concurrent.ScheduledThreadPoolExecutor$DelayedWorkQueue.take(ScheduledThreadPoolExecutor.java:1093)
        at java.util.concurrent.ScheduledThreadPoolExecutor$DelayedWorkQueue.take(ScheduledThreadPoolExecutor.java:809)
        at java.util.concurrent.ThreadPoolExecutor.getTask(ThreadPoolExecutor.java:1074)
        at java.util.concurrent.ThreadPoolExecutor.runWorker(ThreadPoolExecutor.java:1134)
        at java.util.concurrent.ThreadPoolExecutor$Worker.run(ThreadPoolExecutor.java:624)
        at java.lang.Thread.run(Thread.java:750)
"IPC Server handler 11 on default port 40125" daemon prio=5 tid=165 timed_waiting
java.lang.Thread.State: TIMED_WAITING
        at sun.misc.Unsafe.park(Native Method)
        at java.util.concurrent.locks.LockSupport.parkNanos(LockSupport.java:215)
        at java.util.concurrent.locks.AbstractQueuedSynchronizer$ConditionObject.awaitNanos(AbstractQueuedSynchronizer.java:2078)
        at java.util.concurrent.LinkedBlockingQueue.poll(LinkedBlockingQueue.java:467)
        at org.apache.hadoop.ipc.CallQueueManager.take(CallQueueManager.java:317)
        at org.apache.hadoop.ipc.Server$Handler.run(Server.java:2942)
"om1@group-C5BA1605619E-LeaderStateImpl" daemon prio=5 tid=220 timed_waiting
java.lang.Thread.State: TIMED_WAITING
        at sun.misc.Unsafe.park(Native Method)
        at java.util.concurrent.locks.LockSupport.parkNanos(LockSupport.java:215)
        at java.util.concurrent.locks.AbstractQueuedSynchronizer$ConditionObject.awaitNanos(AbstractQueuedSynchronizer.java:2078)
        at java.util.concurrent.ArrayBlockingQueue.poll(ArrayBlockingQueue.java:418)
        at org.apache.ratis.server.impl.LeaderStateImpl$EventQueue.poll(LeaderStateImpl.java:159)
        at org.apache.ratis.server.impl.LeaderStateImpl$EventProcessor.run(LeaderStateImpl.java:630)
"qtp160371564-320" daemon prio=5 tid=320 timed_waiting
java.lang.Thread.State: TIMED_WAITING
        at sun.misc.Unsafe.park(Native Method)
        at java.util.concurrent.locks.LockSupport.parkNanos(LockSupport.java:215)
        at java.util.concurrent.locks.AbstractQueuedSynchronizer$ConditionObject.awaitNanos(AbstractQueuedSynchronizer.java:2078)
        at org.eclipse.jetty.util.BlockingArrayQueue.poll(BlockingArrayQueue.java:382)
        at org.eclipse.jetty.util.thread.QueuedThreadPool$Runner.idleJobPoll(QueuedThreadPool.java:974)
        at org.eclipse.jetty.util.thread.QueuedThreadPool$Runner.run(QueuedThreadPool.java:1018)
        at java.lang.Thread.run(Thread.java:750)
"timer7" daemon prio=5 tid=721 timed_waiting
java.lang.Thread.State: TIMED_WAITING
        at java.lang.Object.wait(Native Method)
        at java.util.TimerThread.mainLoop(Timer.java:552)
        at java.util.TimerThread.run(Timer.java:505)
"Datanode State Machine Task Thread - 1"  prio=5 tid=487 in Object.wait()
java.lang.Thread.State: WAITING (on object monitor)
        at sun.misc.Unsafe.park(Native Method)
        at java.util.concurrent.locks.LockSupport.park(LockSupport.java:175)
        at java.util.concurrent.locks.AbstractQueuedSynchronizer$ConditionObject.await(AbstractQueuedSynchronizer.java:2039)
        at java.util.concurrent.LinkedBlockingQueue.take(LinkedBlockingQueue.java:442)
        at java.util.concurrent.ThreadPoolExecutor.getTask(ThreadPoolExecutor.java:1074)
        at java.util.concurrent.ThreadPoolExecutor.runWorker(ThreadPoolExecutor.java:1134)
        at java.util.concurrent.ThreadPoolExecutor$Worker.run(ThreadPoolExecutor.java:624)
        at java.lang.Thread.run(Thread.java:750)
"IPC Server handler 6 on default port 45711" daemon prio=5 tid=93 timed_waiting
java.lang.Thread.State: TIMED_WAITING
        at sun.misc.Unsafe.park(Native Method)
        at java.util.concurrent.locks.LockSupport.parkNanos(LockSupport.java:215)
        at java.util.concurrent.locks.AbstractQueuedSynchronizer$ConditionObject.awaitNanos(AbstractQueuedSynchronizer.java:2078)
        at java.util.concurrent.LinkedBlockingQueue.poll(LinkedBlockingQueue.java:467)
        at org.apache.hadoop.ipc.CallQueueManager.take(CallQueueManager.java:317)
        at org.apache.hadoop.ipc.Server$Handler.run(Server.java:2942)
"IPC Server idle connection scanner for port 45711" daemon prio=5 tid=25 timed_waiting
java.lang.Thread.State: TIMED_WAITING
        at java.lang.Object.wait(Native Method)
        at java.util.TimerThread.mainLoop(Timer.java:552)
        at java.util.TimerThread.run(Timer.java:505)
"qtp860364734-420-acceptor-0@6444c201-ServerConnector@837ef79{HTTP/1.1, (http/1.1)}{0.0.0.0:37001}" daemon prio=3 tid=420 runnable
java.lang.Thread.State: RUNNABLE
        at sun.nio.ch.ServerSocketChannelImpl.accept0(Native Method)
        at sun.nio.ch.ServerSocketChannelImpl.accept(ServerSocketChannelImpl.java:421)
        at sun.nio.ch.ServerSocketChannelImpl.accept(ServerSocketChannelImpl.java:249)
        at org.eclipse.jetty.server.ServerConnector.accept(ServerConnector.java:388)
        at org.eclipse.jetty.server.AbstractConnector$Acceptor.run(AbstractConnector.java:704)
        at org.eclipse.jetty.util.thread.QueuedThreadPool.runJob(QueuedThreadPool.java:883)
        at org.eclipse.jetty.util.thread.QueuedThreadPool$Runner.run(QueuedThreadPool.java:1034)
        at java.lang.Thread.run(Thread.java:750)
"ChunkReader-4" daemon prio=5 tid=817 in Object.wait()
java.lang.Thread.State: WAITING (on object monitor)
        at sun.misc.Unsafe.park(Native Method)
        at java.util.concurrent.locks.LockSupport.park(LockSupport.java:175)
        at java.util.concurrent.locks.AbstractQueuedSynchronizer$ConditionObject.await(AbstractQueuedSynchronizer.java:2039)
        at java.util.concurrent.LinkedBlockingQueue.take(LinkedBlockingQueue.java:442)
        at java.util.concurrent.ThreadPoolExecutor.getTask(ThreadPoolExecutor.java:1074)
        at java.util.concurrent.ThreadPoolExecutor.runWorker(ThreadPoolExecutor.java:1134)
        at java.util.concurrent.ThreadPoolExecutor$Worker.run(ThreadPoolExecutor.java:624)
        at java.lang.Thread.run(Thread.java:750)
"prometheus" daemon prio=5 tid=119 in Object.wait()
java.lang.Thread.State: WAITING (on object monitor)
        at java.lang.Object.wait(Native Method)
        at java.lang.Object.wait(Object.java:502)
        at org.apache.hadoop.metrics2.impl.SinkQueue.waitForData(SinkQueue.java:114)
        at org.apache.hadoop.metrics2.impl.SinkQueue.consumeAll(SinkQueue.java:83)
        at org.apache.hadoop.metrics2.impl.MetricsSinkAdapter.publishMetricsFromQueue(MetricsSinkAdapter.java:135)
        at org.apache.hadoop.metrics2.impl.MetricsSinkAdapter$1.run(MetricsSinkAdapter.java:89)
"ChunkReader-2" daemon prio=5 tid=819 in Object.wait()
java.lang.Thread.State: WAITING (on object monitor)
        at sun.misc.Unsafe.park(Native Method)
        at java.util.concurrent.locks.LockSupport.park(LockSupport.java:175)
        at java.util.concurrent.locks.AbstractQueuedSynchronizer$ConditionObject.await(AbstractQueuedSynchronizer.java:2039)
        at java.util.concurrent.LinkedBlockingQueue.take(LinkedBlockingQueue.java:442)
        at java.util.concurrent.ThreadPoolExecutor.getTask(ThreadPoolExecutor.java:1074)
        at java.util.concurrent.ThreadPoolExecutor.runWorker(ThreadPoolExecutor.java:1134)
        at java.util.concurrent.ThreadPoolExecutor$Worker.run(ThreadPoolExecutor.java:624)
        at java.lang.Thread.run(Thread.java:750)
"ChunkWriter-1-0" daemon prio=5 tid=490 in Object.wait()
java.lang.Thread.State: WAITING (on object monitor)
        at sun.misc.Unsafe.park(Native Method)
        at java.util.concurrent.locks.LockSupport.park(LockSupport.java:175)
        at java.util.concurrent.locks.AbstractQueuedSynchronizer$ConditionObject.await(AbstractQueuedSynchronizer.java:2039)
        at java.util.concurrent.LinkedBlockingDeque.takeFirst(LinkedBlockingDeque.java:492)
        at java.util.concurrent.LinkedBlockingDeque.take(LinkedBlockingDeque.java:680)
        at java.util.concurrent.ThreadPoolExecutor.getTask(ThreadPoolExecutor.java:1074)
        at java.util.concurrent.ThreadPoolExecutor.runWorker(ThreadPoolExecutor.java:1134)
        at java.util.concurrent.ThreadPoolExecutor$Worker.run(ThreadPoolExecutor.java:624)
        at java.lang.Thread.run(Thread.java:750)
"StaleRecoveringContainerScrubbingService#0" daemon prio=5 tid=361 in Object.wait()
java.lang.Thread.State: WAITING (on object monitor)
        at sun.misc.Unsafe.park(Native Method)
        at java.util.concurrent.locks.LockSupport.park(LockSupport.java:175)
        at java.util.concurrent.locks.AbstractQueuedSynchronizer$ConditionObject.await(AbstractQueuedSynchronizer.java:2039)
        at java.util.concurrent.ScheduledThreadPoolExecutor$DelayedWorkQueue.take(ScheduledThreadPoolExecutor.java:1088)
        at java.util.concurrent.ScheduledThreadPoolExecutor$DelayedWorkQueue.take(ScheduledThreadPoolExecutor.java:809)
        at java.util.concurrent.ThreadPoolExecutor.getTask(ThreadPoolExecutor.java:1074)
        at java.util.concurrent.ThreadPoolExecutor.runWorker(ThreadPoolExecutor.java:1134)
        at java.util.concurrent.ThreadPoolExecutor$Worker.run(ThreadPoolExecutor.java:624)
        at java.lang.Thread.run(Thread.java:750)
"IPC Server idle connection scanner for port 40125" daemon prio=5 tid=132 timed_waiting
java.lang.Thread.State: TIMED_WAITING
        at java.lang.Object.wait(Native Method)
        at java.util.TimerThread.mainLoop(Timer.java:552)
        at java.util.TimerThread.run(Timer.java:505)
"IPC Server handler 14 on default port 33479" daemon prio=5 tid=81 timed_waiting
java.lang.Thread.State: TIMED_WAITING
        at sun.misc.Unsafe.park(Native Method)
        at java.util.concurrent.locks.LockSupport.parkNanos(LockSupport.java:215)
        at java.util.concurrent.locks.AbstractQueuedSynchronizer$ConditionObject.awaitNanos(AbstractQueuedSynchronizer.java:2078)
        at java.util.concurrent.LinkedBlockingQueue.poll(LinkedBlockingQueue.java:467)
        at org.apache.hadoop.ipc.CallQueueManager.take(CallQueueManager.java:317)
        at org.apache.hadoop.ipc.Server$Handler.run(Server.java:2942)
"Signal Dispatcher" daemon prio=9 tid=4 runnable
java.lang.Thread.State: RUNNABLE
"Datanode State Machine Task Thread - 1"  prio=5 tid=530 in Object.wait()
java.lang.Thread.State: WAITING (on object monitor)
        at sun.misc.Unsafe.park(Native Method)
        at java.util.concurrent.locks.LockSupport.park(LockSupport.java:175)
        at java.util.concurrent.locks.AbstractQueuedSynchronizer$ConditionObject.await(AbstractQueuedSynchronizer.java:2039)
        at java.util.concurrent.LinkedBlockingQueue.take(LinkedBlockingQueue.java:442)
        at java.util.concurrent.ThreadPoolExecutor.getTask(ThreadPoolExecutor.java:1074)
        at java.util.concurrent.ThreadPoolExecutor.runWorker(ThreadPoolExecutor.java:1134)
        at java.util.concurrent.ThreadPoolExecutor$Worker.run(ThreadPoolExecutor.java:624)
        at java.lang.Thread.run(Thread.java:750)
"EventQueue-OpenPipelineForHealthyPipelineSafeModeRule" daemon prio=5 tid=571 in Object.wait()
java.lang.Thread.State: WAITING (on object monitor)
        at sun.misc.Unsafe.park(Native Method)
        at java.util.concurrent.locks.LockSupport.park(LockSupport.java:175)
        at java.util.concurrent.locks.AbstractQueuedSynchronizer$ConditionObject.await(AbstractQueuedSynchronizer.java:2039)
        at java.util.concurrent.LinkedBlockingQueue.take(LinkedBlockingQueue.java:442)
        at java.util.concurrent.ThreadPoolExecutor.getTask(ThreadPoolExecutor.java:1074)
        at java.util.concurrent.ThreadPoolExecutor.runWorker(ThreadPoolExecutor.java:1134)
        at java.util.concurrent.ThreadPoolExecutor$Worker.run(ThreadPoolExecutor.java:624)
        at java.lang.Thread.run(Thread.java:750)
"e73ed4bb-a433-4ecd-b93a-d0b4e16433ed-server-thread1" daemon prio=5 tid=749 timed_waiting
java.lang.Thread.State: TIMED_WAITING
        at sun.misc.Unsafe.park(Native Method)
        at java.util.concurrent.locks.LockSupport.parkNanos(LockSupport.java:215)
        at java.util.concurrent.SynchronousQueue$TransferStack.awaitFulfill(SynchronousQueue.java:460)
        at java.util.concurrent.SynchronousQueue$TransferStack.transfer(SynchronousQueue.java:362)
        at java.util.concurrent.SynchronousQueue.poll(SynchronousQueue.java:941)
        at java.util.concurrent.ThreadPoolExecutor.getTask(ThreadPoolExecutor.java:1073)
        at java.util.concurrent.ThreadPoolExecutor.runWorker(ThreadPoolExecutor.java:1134)
        at java.util.concurrent.ThreadPoolExecutor$Worker.run(ThreadPoolExecutor.java:624)
        at java.lang.Thread.run(Thread.java:750)
"Datanode ReportManager Thread - 3" daemon prio=5 tid=277 timed_waiting
java.lang.Thread.State: TIMED_WAITING
        at sun.misc.Unsafe.park(Native Method)
        at java.util.concurrent.locks.LockSupport.parkNanos(LockSupport.java:215)
        at java.util.concurrent.locks.AbstractQueuedSynchronizer$ConditionObject.awaitNanos(AbstractQueuedSynchronizer.java:2078)
        at java.util.concurrent.ScheduledThreadPoolExecutor$DelayedWorkQueue.take(ScheduledThreadPoolExecutor.java:1093)
        at java.util.concurrent.ScheduledThreadPoolExecutor$DelayedWorkQueue.take(ScheduledThreadPoolExecutor.java:809)
        at java.util.concurrent.ThreadPoolExecutor.getTask(ThreadPoolExecutor.java:1074)
        at java.util.concurrent.ThreadPoolExecutor.runWorker(ThreadPoolExecutor.java:1134)
        at java.util.concurrent.ThreadPoolExecutor$Worker.run(ThreadPoolExecutor.java:624)
        at java.lang.Thread.run(Thread.java:750)
"qtp326207642-186" daemon prio=5 tid=186 timed_waiting
java.lang.Thread.State: TIMED_WAITING
        at sun.misc.Unsafe.park(Native Method)
        at java.util.concurrent.locks.LockSupport.parkNanos(LockSupport.java:215)
        at java.util.concurrent.locks.AbstractQueuedSynchronizer$ConditionObject.awaitNanos(AbstractQueuedSynchronizer.java:2078)
        at org.eclipse.jetty.util.BlockingArrayQueue.poll(BlockingArrayQueue.java:382)
        at org.eclipse.jetty.util.thread.QueuedThreadPool$Runner.idleJobPoll(QueuedThreadPool.java:974)
        at org.eclipse.jetty.util.thread.QueuedThreadPool$Runner.run(QueuedThreadPool.java:1018)
        at java.lang.Thread.run(Thread.java:750)
"9ad6c772-b583-49da-9dda-46d51a9db348@group-A48171208D74-SegmentedRaftLogWorker"  prio=5 tid=579 timed_waiting
java.lang.Thread.State: TIMED_WAITING
        at sun.misc.Unsafe.park(Native Method)
        at java.util.concurrent.locks.LockSupport.parkNanos(LockSupport.java:215)
        at java.util.concurrent.locks.AbstractQueuedSynchronizer$ConditionObject.awaitNanos(AbstractQueuedSynchronizer.java:2078)
        at org.apache.ratis.util.DataBlockingQueue.poll(DataBlockingQueue.java:148)
        at org.apache.ratis.server.raftlog.segmented.SegmentedRaftLogWorker.run(SegmentedRaftLogWorker.java:310)
        at org.apache.ratis.server.raftlog.segmented.SegmentedRaftLogWorker$$Lambda$665/5803680.run(Unknown Source)
        at java.lang.Thread.run(Thread.java:750)
"IPC Server handler 11 on default port 36953" daemon prio=5 tid=58 timed_waiting
java.lang.Thread.State: TIMED_WAITING
        at sun.misc.Unsafe.park(Native Method)
        at java.util.concurrent.locks.LockSupport.parkNanos(LockSupport.java:215)
        at java.util.concurrent.locks.AbstractQueuedSynchronizer$ConditionObject.awaitNanos(AbstractQueuedSynchronizer.java:2078)
        at java.util.concurrent.LinkedBlockingQueue.poll(LinkedBlockingQueue.java:467)
        at org.apache.hadoop.ipc.CallQueueManager.take(CallQueueManager.java:317)
        at org.apache.hadoop.ipc.Server$Handler.run(Server.java:2942)
"qtp160371564-323" daemon prio=5 tid=323 timed_waiting
java.lang.Thread.State: TIMED_WAITING
        at sun.misc.Unsafe.park(Native Method)
        at java.util.concurrent.locks.LockSupport.parkNanos(LockSupport.java:215)
        at java.util.concurrent.locks.AbstractQueuedSynchronizer$ConditionObject.awaitNanos(AbstractQueuedSynchronizer.java:2078)
        at org.eclipse.jetty.util.BlockingArrayQueue.poll(BlockingArrayQueue.java:382)
        at org.eclipse.jetty.util.thread.QueuedThreadPool$Runner.idleJobPoll(QueuedThreadPool.java:974)
        at org.eclipse.jetty.util.thread.QueuedThreadPool$Runner.run(QueuedThreadPool.java:1018)
        at java.lang.Thread.run(Thread.java:750)
"Periodic HDDS volume checker" daemon prio=5 tid=309 timed_waiting
java.lang.Thread.State: TIMED_WAITING
        at sun.misc.Unsafe.park(Native Method)
        at java.util.concurrent.locks.LockSupport.parkNanos(LockSupport.java:215)
        at java.util.concurrent.locks.AbstractQueuedSynchronizer$ConditionObject.awaitNanos(AbstractQueuedSynchronizer.java:2078)
        at java.util.concurrent.ScheduledThreadPoolExecutor$DelayedWorkQueue.take(ScheduledThreadPoolExecutor.java:1093)
        at java.util.concurrent.ScheduledThreadPoolExecutor$DelayedWorkQueue.take(ScheduledThreadPoolExecutor.java:809)
        at java.util.concurrent.ThreadPoolExecutor.getTask(ThreadPoolExecutor.java:1074)
        at java.util.concurrent.ThreadPoolExecutor.runWorker(ThreadPoolExecutor.java:1134)
        at java.util.concurrent.ThreadPoolExecutor$Worker.run(ThreadPoolExecutor.java:624)
        at java.lang.Thread.run(Thread.java:750)
"Reference Handler" daemon prio=10 tid=2 in Object.wait()
java.lang.Thread.State: WAITING (on object monitor)
        at java.lang.Object.wait(Native Method)
        at java.lang.Object.wait(Object.java:502)
        at java.lang.ref.Reference.tryHandlePending(Reference.java:191)
        at java.lang.ref.Reference$ReferenceHandler.run(Reference.java:153)
"StaleRecoveringContainerScrubbingService#2" daemon prio=5 tid=906 in Object.wait()
java.lang.Thread.State: WAITING (on object monitor)
        at sun.misc.Unsafe.park(Native Method)
        at java.util.concurrent.locks.LockSupport.park(LockSupport.java:175)
        at java.util.concurrent.locks.AbstractQueuedSynchronizer$ConditionObject.await(AbstractQueuedSynchronizer.java:2039)
        at java.util.concurrent.ScheduledThreadPoolExecutor$DelayedWorkQueue.take(ScheduledThreadPoolExecutor.java:1088)
        at java.util.concurrent.ScheduledThreadPoolExecutor$DelayedWorkQueue.take(ScheduledThreadPoolExecutor.java:809)
        at java.util.concurrent.ThreadPoolExecutor.getTask(ThreadPoolExecutor.java:1074)
        at java.util.concurrent.ThreadPoolExecutor.runWorker(ThreadPoolExecutor.java:1134)
        at java.util.concurrent.ThreadPoolExecutor$Worker.run(ThreadPoolExecutor.java:624)
        at java.lang.Thread.run(Thread.java:750)
"dc492f9b-31c5-46a5-b048-fde4f7a6d732@group-1CB3B225A7FA-LeaderStateImpl" daemon prio=5 tid=788 timed_waiting
java.lang.Thread.State: TIMED_WAITING
        at sun.misc.Unsafe.park(Native Method)
        at java.util.concurrent.locks.LockSupport.parkNanos(LockSupport.java:215)
        at java.util.concurrent.locks.AbstractQueuedSynchronizer$ConditionObject.awaitNanos(AbstractQueuedSynchronizer.java:2078)
        at java.util.concurrent.ArrayBlockingQueue.poll(ArrayBlockingQueue.java:418)
        at org.apache.ratis.server.impl.LeaderStateImpl$EventQueue.poll(LeaderStateImpl.java:159)
        at org.apache.ratis.server.impl.LeaderStateImpl$EventProcessor.run(LeaderStateImpl.java:630)
"Datanode ReportManager Thread - 2" daemon prio=5 tid=434 in Object.wait()
java.lang.Thread.State: WAITING (on object monitor)
        at sun.misc.Unsafe.park(Native Method)
        at java.util.concurrent.locks.LockSupport.park(LockSupport.java:175)
        at java.util.concurrent.locks.AbstractQueuedSynchronizer$ConditionObject.await(AbstractQueuedSynchronizer.java:2039)
        at java.util.concurrent.ScheduledThreadPoolExecutor$DelayedWorkQueue.take(ScheduledThreadPoolExecutor.java:1088)
        at java.util.concurrent.ScheduledThreadPoolExecutor$DelayedWorkQueue.take(ScheduledThreadPoolExecutor.java:809)
        at java.util.concurrent.ThreadPoolExecutor.getTask(ThreadPoolExecutor.java:1074)
        at java.util.concurrent.ThreadPoolExecutor.runWorker(ThreadPoolExecutor.java:1134)
        at java.util.concurrent.ThreadPoolExecutor$Worker.run(ThreadPoolExecutor.java:624)
        at java.lang.Thread.run(Thread.java:750)
"IPC Server handler 15 on default port 36953" daemon prio=5 tid=62 timed_waiting
java.lang.Thread.State: TIMED_WAITING
        at sun.misc.Unsafe.park(Native Method)
        at java.util.concurrent.locks.LockSupport.parkNanos(LockSupport.java:215)
        at java.util.concurrent.locks.AbstractQueuedSynchronizer$ConditionObject.awaitNanos(AbstractQueuedSynchronizer.java:2078)
        at java.util.concurrent.LinkedBlockingQueue.poll(LinkedBlockingQueue.java:467)
        at org.apache.hadoop.ipc.CallQueueManager.take(CallQueueManager.java:317)
        at org.apache.hadoop.ipc.Server$Handler.run(Server.java:2942)
"Command processor thread" daemon prio=5 tid=478 timed_waiting
java.lang.Thread.State: TIMED_WAITING
        at java.lang.Thread.sleep(Native Method)
        at org.apache.hadoop.ozone.container.common.statemachine.DatanodeStateMachine.lambda$initCommandHandlerThread$3(DatanodeStateMachine.java:641)
        at org.apache.hadoop.ozone.container.common.statemachine.DatanodeStateMachine$$Lambda$753/440432640.run(Unknown Source)
        at java.lang.Thread.run(Thread.java:750)
"IPC Server handler 5 on default port 36953" daemon prio=5 tid=52 timed_waiting
java.lang.Thread.State: TIMED_WAITING
        at sun.misc.Unsafe.park(Native Method)
        at java.util.concurrent.locks.LockSupport.parkNanos(LockSupport.java:215)
        at java.util.concurrent.locks.AbstractQueuedSynchronizer$ConditionObject.awaitNanos(AbstractQueuedSynchronizer.java:2078)
        at java.util.concurrent.LinkedBlockingQueue.poll(LinkedBlockingQueue.java:467)
        at org.apache.hadoop.ipc.CallQueueManager.take(CallQueueManager.java:317)
        at org.apache.hadoop.ipc.Server$Handler.run(Server.java:2942)
"IPC Server handler 13 on default port 45711" daemon prio=5 tid=100 timed_waiting
java.lang.Thread.State: TIMED_WAITING
        at sun.misc.Unsafe.park(Native Method)
        at java.util.concurrent.locks.LockSupport.parkNanos(LockSupport.java:215)
        at java.util.concurrent.locks.AbstractQueuedSynchronizer$ConditionObject.awaitNanos(AbstractQueuedSynchronizer.java:2078)
        at java.util.concurrent.LinkedBlockingQueue.poll(LinkedBlockingQueue.java:467)
        at org.apache.hadoop.ipc.CallQueueManager.take(CallQueueManager.java:317)
        at org.apache.hadoop.ipc.Server$Handler.run(Server.java:2942)
"IPC Server handler 2 on default port 33479" daemon prio=5 tid=69 timed_waiting
java.lang.Thread.State: TIMED_WAITING
        at sun.misc.Unsafe.park(Native Method)
        at java.util.concurrent.locks.LockSupport.parkNanos(LockSupport.java:215)
        at java.util.concurrent.locks.AbstractQueuedSynchronizer$ConditionObject.awaitNanos(AbstractQueuedSynchronizer.java:2078)
        at java.util.concurrent.LinkedBlockingQueue.poll(LinkedBlockingQueue.java:467)
        at org.apache.hadoop.ipc.CallQueueManager.take(CallQueueManager.java:317)
        at org.apache.hadoop.ipc.Server$Handler.run(Server.java:2942)
"Datanode ReportManager Thread - 2" daemon prio=5 tid=405 in Object.wait()
java.lang.Thread.State: WAITING (on object monitor)
        at sun.misc.Unsafe.park(Native Method)
        at java.util.concurrent.locks.LockSupport.park(LockSupport.java:175)
        at java.util.concurrent.locks.AbstractQueuedSynchronizer$ConditionObject.await(AbstractQueuedSynchronizer.java:2039)
        at java.util.concurrent.ScheduledThreadPoolExecutor$DelayedWorkQueue.take(ScheduledThreadPoolExecutor.java:1088)
        at java.util.concurrent.ScheduledThreadPoolExecutor$DelayedWorkQueue.take(ScheduledThreadPoolExecutor.java:809)
        at java.util.concurrent.ThreadPoolExecutor.getTask(ThreadPoolExecutor.java:1074)
        at java.util.concurrent.ThreadPoolExecutor.runWorker(ThreadPoolExecutor.java:1134)
        at java.util.concurrent.ThreadPoolExecutor$Worker.run(ThreadPoolExecutor.java:624)
        at java.lang.Thread.run(Thread.java:750)
"Datanode ReportManager Thread - 1" daemon prio=5 tid=327 in Object.wait()
java.lang.Thread.State: WAITING (on object monitor)
        at sun.misc.Unsafe.park(Native Method)
        at java.util.concurrent.locks.LockSupport.park(LockSupport.java:175)
        at java.util.concurrent.locks.AbstractQueuedSynchronizer$ConditionObject.await(AbstractQueuedSynchronizer.java:2039)
        at java.util.concurrent.ScheduledThreadPoolExecutor$DelayedWorkQueue.take(ScheduledThreadPoolExecutor.java:1088)
        at java.util.concurrent.ScheduledThreadPoolExecutor$DelayedWorkQueue.take(ScheduledThreadPoolExecutor.java:809)
        at java.util.concurrent.ThreadPoolExecutor.getTask(ThreadPoolExecutor.java:1074)
        at java.util.concurrent.ThreadPoolExecutor.runWorker(ThreadPoolExecutor.java:1134)
        at java.util.concurrent.ThreadPoolExecutor$Worker.run(ThreadPoolExecutor.java:624)
        at java.lang.Thread.run(Thread.java:750)
"qtp994976213-269" daemon prio=5 tid=269 timed_waiting
java.lang.Thread.State: TIMED_WAITING
        at sun.misc.Unsafe.park(Native Method)
        at java.util.concurrent.locks.LockSupport.parkNanos(LockSupport.java:215)
        at java.util.concurrent.locks.AbstractQueuedSynchronizer$ConditionObject.awaitNanos(AbstractQueuedSynchronizer.java:2078)
        at org.eclipse.jetty.util.BlockingArrayQueue.poll(BlockingArrayQueue.java:382)
        at org.eclipse.jetty.util.thread.QueuedThreadPool$Runner.idleJobPoll(QueuedThreadPool.java:974)
        at org.eclipse.jetty.util.thread.QueuedThreadPool$Runner.run(QueuedThreadPool.java:1018)
        at java.lang.Thread.run(Thread.java:750)
"qtp1531438298-297" daemon prio=5 tid=297 timed_waiting
java.lang.Thread.State: TIMED_WAITING
        at sun.misc.Unsafe.park(Native Method)
        at java.util.concurrent.locks.LockSupport.parkNanos(LockSupport.java:215)
        at java.util.concurrent.locks.AbstractQueuedSynchronizer$ConditionObject.awaitNanos(AbstractQueuedSynchronizer.java:2078)
        at org.eclipse.jetty.util.BlockingArrayQueue.poll(BlockingArrayQueue.java:382)
        at org.eclipse.jetty.util.thread.QueuedThreadPool$Runner.idleJobPoll(QueuedThreadPool.java:974)
        at org.eclipse.jetty.util.thread.QueuedThreadPool$Runner.run(QueuedThreadPool.java:1018)
        at java.lang.Thread.run(Thread.java:750)
"ChunkWriter-3-0" daemon prio=5 tid=559 in Object.wait()
java.lang.Thread.State: WAITING (on object monitor)
        at sun.misc.Unsafe.park(Native Method)
        at java.util.concurrent.locks.LockSupport.park(LockSupport.java:175)
        at java.util.concurrent.locks.AbstractQueuedSynchronizer$ConditionObject.await(AbstractQueuedSynchronizer.java:2039)
        at java.util.concurrent.LinkedBlockingDeque.takeFirst(LinkedBlockingDeque.java:492)
        at java.util.concurrent.LinkedBlockingDeque.take(LinkedBlockingDeque.java:680)
        at java.util.concurrent.ThreadPoolExecutor.getTask(ThreadPoolExecutor.java:1074)
        at java.util.concurrent.ThreadPoolExecutor.runWorker(ThreadPoolExecutor.java:1134)
        at java.util.concurrent.ThreadPoolExecutor$Worker.run(ThreadPoolExecutor.java:624)
        at java.lang.Thread.run(Thread.java:750)
"qtp457009334-462" daemon prio=5 tid=462 timed_waiting
java.lang.Thread.State: TIMED_WAITING
        at sun.misc.Unsafe.park(Native Method)
        at java.util.concurrent.locks.LockSupport.parkNanos(LockSupport.java:215)
        at java.util.concurrent.locks.AbstractQueuedSynchronizer$ConditionObject.awaitNanos(AbstractQueuedSynchronizer.java:2078)
        at org.eclipse.jetty.util.BlockingArrayQueue.poll(BlockingArrayQueue.java:382)
        at org.eclipse.jetty.util.thread.QueuedThreadPool$Runner.idleJobPoll(QueuedThreadPool.java:974)
        at org.eclipse.jetty.util.thread.QueuedThreadPool$Runner.run(QueuedThreadPool.java:1018)
        at java.lang.Thread.run(Thread.java:750)
"bc4c196d-1c1a-499c-9b0d-21e75e378ad6@group-14B460C0674A-StateMachineUpdater" daemon prio=5 tid=659 timed_waiting
java.lang.Thread.State: TIMED_WAITING
        at sun.misc.Unsafe.park(Native Method)
        at java.util.concurrent.locks.LockSupport.parkNanos(LockSupport.java:215)
        at java.util.concurrent.CompletableFuture$Signaller.block(CompletableFuture.java:1709)
        at java.util.concurrent.ForkJoinPool.managedBlock(ForkJoinPool.java:3323)
        at java.util.concurrent.CompletableFuture.timedGet(CompletableFuture.java:1788)
        at java.util.concurrent.CompletableFuture.get(CompletableFuture.java:1928)
        at org.apache.ratis.util.AwaitForSignal.await(AwaitForSignal.java:56)
        at org.apache.ratis.server.impl.StateMachineUpdater.waitForCommit(StateMachineUpdater.java:207)
        at org.apache.ratis.server.impl.StateMachineUpdater.run(StateMachineUpdater.java:176)
        at java.lang.Thread.run(Thread.java:750)
"Socket Reader #1 for port 0"  prio=5 tid=131 runnable
java.lang.Thread.State: RUNNABLE
        at sun.nio.ch.EPollArrayWrapper.epollWait(Native Method)
        at sun.nio.ch.EPollArrayWrapper.poll(EPollArrayWrapper.java:269)
        at sun.nio.ch.EPollSelectorImpl.doSelect(EPollSelectorImpl.java:93)
        at sun.nio.ch.SelectorImpl.lockAndDoSelect(SelectorImpl.java:86)
        at sun.nio.ch.SelectorImpl.select(SelectorImpl.java:97)
        at sun.nio.ch.SelectorImpl.select(SelectorImpl.java:101)
        at org.apache.hadoop.ipc.Server$Listener$Reader.doRunLoop(Server.java:1296)
        at org.apache.hadoop.ipc.Server$Listener$Reader.run(Server.java:1275)
"BlockDeletingService#1" daemon prio=5 tid=565 timed_waiting
java.lang.Thread.State: TIMED_WAITING
        at sun.misc.Unsafe.park(Native Method)
        at java.util.concurrent.locks.LockSupport.parkNanos(LockSupport.java:215)
        at java.util.concurrent.locks.AbstractQueuedSynchronizer$ConditionObject.awaitNanos(AbstractQueuedSynchronizer.java:2078)
        at java.util.concurrent.ScheduledThreadPoolExecutor$DelayedWorkQueue.take(ScheduledThreadPoolExecutor.java:1093)
        at java.util.concurrent.ScheduledThreadPoolExecutor$DelayedWorkQueue.take(ScheduledThreadPoolExecutor.java:809)
        at java.util.concurrent.ThreadPoolExecutor.getTask(ThreadPoolExecutor.java:1074)
        at java.util.concurrent.ThreadPoolExecutor.runWorker(ThreadPoolExecutor.java:1134)
        at java.util.concurrent.ThreadPoolExecutor$Worker.run(ThreadPoolExecutor.java:624)
        at java.lang.Thread.run(Thread.java:750)
"6480c095-e652-434b-9207-ee2ed1cf0924@group-14B460C0674A-SegmentedRaftLogWorker"  prio=5 tid=652 timed_waiting
java.lang.Thread.State: TIMED_WAITING
        at sun.misc.Unsafe.park(Native Method)
        at java.util.concurrent.locks.LockSupport.parkNanos(LockSupport.java:215)
        at java.util.concurrent.locks.AbstractQueuedSynchronizer$ConditionObject.awaitNanos(AbstractQueuedSynchronizer.java:2078)
        at org.apache.ratis.util.DataBlockingQueue.poll(DataBlockingQueue.java:148)
        at org.apache.ratis.server.raftlog.segmented.SegmentedRaftLogWorker.run(SegmentedRaftLogWorker.java:310)
        at org.apache.ratis.server.raftlog.segmented.SegmentedRaftLogWorker$$Lambda$665/5803680.run(Unknown Source)
        at java.lang.Thread.run(Thread.java:750)
"StaleRecoveringContainerScrubbingService#2" daemon prio=5 tid=895 in Object.wait()
java.lang.Thread.State: WAITING (on object monitor)
        at sun.misc.Unsafe.park(Native Method)
        at java.util.concurrent.locks.LockSupport.park(LockSupport.java:175)
        at java.util.concurrent.locks.AbstractQueuedSynchronizer$ConditionObject.await(AbstractQueuedSynchronizer.java:2039)
        at java.util.concurrent.ScheduledThreadPoolExecutor$DelayedWorkQueue.take(ScheduledThreadPoolExecutor.java:1088)
        at java.util.concurrent.ScheduledThreadPoolExecutor$DelayedWorkQueue.take(ScheduledThreadPoolExecutor.java:809)
        at java.util.concurrent.ThreadPoolExecutor.getTask(ThreadPoolExecutor.java:1074)
        at java.util.concurrent.ThreadPoolExecutor.runWorker(ThreadPoolExecutor.java:1134)
        at java.util.concurrent.ThreadPoolExecutor$Worker.run(ThreadPoolExecutor.java:624)
        at java.lang.Thread.run(Thread.java:750)
"StaleRecoveringContainerScrubbingService#1" daemon prio=5 tid=362 timed_waiting
java.lang.Thread.State: TIMED_WAITING
        at sun.misc.Unsafe.park(Native Method)
        at java.util.concurrent.locks.LockSupport.parkNanos(LockSupport.java:215)
        at java.util.concurrent.locks.AbstractQueuedSynchronizer$ConditionObject.awaitNanos(AbstractQueuedSynchronizer.java:2078)
        at java.util.concurrent.ScheduledThreadPoolExecutor$DelayedWorkQueue.take(ScheduledThreadPoolExecutor.java:1093)
        at java.util.concurrent.ScheduledThreadPoolExecutor$DelayedWorkQueue.take(ScheduledThreadPoolExecutor.java:809)
        at java.util.concurrent.ThreadPoolExecutor.getTask(ThreadPoolExecutor.java:1074)
        at java.util.concurrent.ThreadPoolExecutor.runWorker(ThreadPoolExecutor.java:1134)
        at java.util.concurrent.ThreadPoolExecutor$Worker.run(ThreadPoolExecutor.java:624)
        at java.lang.Thread.run(Thread.java:750)
"pool-157-thread-1" daemon prio=5 tid=285 timed_waiting
java.lang.Thread.State: TIMED_WAITING
        at sun.misc.Unsafe.park(Native Method)
        at java.util.concurrent.locks.LockSupport.parkNanos(LockSupport.java:215)
        at java.util.concurrent.locks.AbstractQueuedSynchronizer$ConditionObject.awaitNanos(AbstractQueuedSynchronizer.java:2078)
        at java.util.concurrent.ScheduledThreadPoolExecutor$DelayedWorkQueue.take(ScheduledThreadPoolExecutor.java:1093)
        at java.util.concurrent.ScheduledThreadPoolExecutor$DelayedWorkQueue.take(ScheduledThreadPoolExecutor.java:809)
        at java.util.concurrent.ThreadPoolExecutor.getTask(ThreadPoolExecutor.java:1074)
        at java.util.concurrent.ThreadPoolExecutor.runWorker(ThreadPoolExecutor.java:1134)
        at java.util.concurrent.ThreadPoolExecutor$Worker.run(ThreadPoolExecutor.java:624)
        at java.lang.Thread.run(Thread.java:750)
"pool-210-thread-1"  prio=5 tid=644 in Object.wait()
java.lang.Thread.State: WAITING (on object monitor)
        at sun.misc.Unsafe.park(Native Method)
        at java.util.concurrent.locks.LockSupport.park(LockSupport.java:175)
        at java.util.concurrent.locks.AbstractQueuedSynchronizer$ConditionObject.await(AbstractQueuedSynchronizer.java:2039)
        at java.util.concurrent.LinkedBlockingQueue.take(LinkedBlockingQueue.java:442)
        at java.util.concurrent.ThreadPoolExecutor.getTask(ThreadPoolExecutor.java:1074)
        at java.util.concurrent.ThreadPoolExecutor.runWorker(ThreadPoolExecutor.java:1134)
        at java.util.concurrent.ThreadPoolExecutor$Worker.run(ThreadPoolExecutor.java:624)
        at java.lang.Thread.run(Thread.java:750)
"org.apache.hadoop.ozone.container.common.statemachine.commandhandler.DeleteBlocksCommandHandler$DeleteCmdWorker@5357ce45" daemon prio=5 tid=182 timed_waiting
java.lang.Thread.State: TIMED_WAITING
        at java.lang.Thread.sleep(Native Method)
        at org.apache.hadoop.ozone.container.common.statemachine.commandhandler.DeleteBlocksCommandHandler$DeleteCmdWorker.run(DeleteBlocksCommandHandler.java:183)
        at java.lang.Thread.run(Thread.java:750)
"6480c095-e652-434b-9207-ee2ed1cf0924@group-A6AFB49F8724-StateMachineUpdater" daemon prio=5 tid=674 timed_waiting
java.lang.Thread.State: TIMED_WAITING
        at sun.misc.Unsafe.park(Native Method)
        at java.util.concurrent.locks.LockSupport.parkNanos(LockSupport.java:215)
        at java.util.concurrent.CompletableFuture$Signaller.block(CompletableFuture.java:1709)
        at java.util.concurrent.ForkJoinPool.managedBlock(ForkJoinPool.java:3323)
        at java.util.concurrent.CompletableFuture.timedGet(CompletableFuture.java:1788)
        at java.util.concurrent.CompletableFuture.get(CompletableFuture.java:1928)
        at org.apache.ratis.util.AwaitForSignal.await(AwaitForSignal.java:56)
        at org.apache.ratis.server.impl.StateMachineUpdater.waitForCommit(StateMachineUpdater.java:207)
        at org.apache.ratis.server.impl.StateMachineUpdater.run(StateMachineUpdater.java:176)
        at java.lang.Thread.run(Thread.java:750)
"EventQueue-DatanodeCommandForSCMNodeManager"  prio=5 tid=513 in Object.wait()
java.lang.Thread.State: WAITING (on object monitor)
        at sun.misc.Unsafe.park(Native Method)
        at java.util.concurrent.locks.LockSupport.park(LockSupport.java:175)
        at java.util.concurrent.locks.AbstractQueuedSynchronizer$ConditionObject.await(AbstractQueuedSynchronizer.java:2039)
        at java.util.concurrent.LinkedBlockingQueue.take(LinkedBlockingQueue.java:442)
        at java.util.concurrent.ThreadPoolExecutor.getTask(ThreadPoolExecutor.java:1074)
        at java.util.concurrent.ThreadPoolExecutor.runWorker(ThreadPoolExecutor.java:1134)
        at java.util.concurrent.ThreadPoolExecutor$Worker.run(ThreadPoolExecutor.java:624)
        at java.lang.Thread.run(Thread.java:750)
"Periodic HDDS volume checker" daemon prio=5 tid=412 timed_waiting
java.lang.Thread.State: TIMED_WAITING
        at sun.misc.Unsafe.park(Native Method)
        at java.util.concurrent.locks.LockSupport.parkNanos(LockSupport.java:215)
        at java.util.concurrent.locks.AbstractQueuedSynchronizer$ConditionObject.awaitNanos(AbstractQueuedSynchronizer.java:2078)
        at java.util.concurrent.ScheduledThreadPoolExecutor$DelayedWorkQueue.take(ScheduledThreadPoolExecutor.java:1093)
        at java.util.concurrent.ScheduledThreadPoolExecutor$DelayedWorkQueue.take(ScheduledThreadPoolExecutor.java:809)
        at java.util.concurrent.ThreadPoolExecutor.getTask(ThreadPoolExecutor.java:1074)
        at java.util.concurrent.ThreadPoolExecutor.runWorker(ThreadPoolExecutor.java:1134)
        at java.util.concurrent.ThreadPoolExecutor$Worker.run(ThreadPoolExecutor.java:624)
        at java.lang.Thread.run(Thread.java:750)
"qtp110059025-347" daemon prio=5 tid=347 timed_waiting
java.lang.Thread.State: TIMED_WAITING
        at sun.misc.Unsafe.park(Native Method)
        at java.util.concurrent.locks.LockSupport.parkNanos(LockSupport.java:215)
        at java.util.concurrent.locks.AbstractQueuedSynchronizer$ConditionObject.awaitNanos(AbstractQueuedSynchronizer.java:2078)
        at org.eclipse.jetty.util.BlockingArrayQueue.poll(BlockingArrayQueue.java:382)
        at org.eclipse.jetty.util.thread.QueuedThreadPool$Runner.idleJobPoll(QueuedThreadPool.java:974)
        at org.eclipse.jetty.util.thread.QueuedThreadPool$Runner.run(QueuedThreadPool.java:1018)
        at java.lang.Thread.run(Thread.java:750)
"qtp994976213-270" daemon prio=5 tid=270 timed_waiting
java.lang.Thread.State: TIMED_WAITING
        at sun.misc.Unsafe.park(Native Method)
        at java.util.concurrent.locks.LockSupport.parkNanos(LockSupport.java:215)
        at java.util.concurrent.locks.AbstractQueuedSynchronizer$ConditionObject.awaitNanos(AbstractQueuedSynchronizer.java:2078)
        at org.eclipse.jetty.util.BlockingArrayQueue.poll(BlockingArrayQueue.java:382)
        at org.eclipse.jetty.util.thread.QueuedThreadPool$Runner.idleJobPoll(QueuedThreadPool.java:974)
        at org.eclipse.jetty.util.thread.QueuedThreadPool$Runner.run(QueuedThreadPool.java:1018)
        at java.lang.Thread.run(Thread.java:750)
"IPC Server handler 4 on default port 40125" daemon prio=5 tid=158 timed_waiting
java.lang.Thread.State: TIMED_WAITING
        at sun.misc.Unsafe.park(Native Method)
        at java.util.concurrent.locks.LockSupport.parkNanos(LockSupport.java:215)
        at java.util.concurrent.locks.AbstractQueuedSynchronizer$ConditionObject.awaitNanos(AbstractQueuedSynchronizer.java:2078)
        at java.util.concurrent.LinkedBlockingQueue.poll(LinkedBlockingQueue.java:467)
        at org.apache.hadoop.ipc.CallQueueManager.take(CallQueueManager.java:317)
        at org.apache.hadoop.ipc.Server$Handler.run(Server.java:2942)
"Periodic HDDS volume checker" daemon prio=5 tid=283 timed_waiting
java.lang.Thread.State: TIMED_WAITING
        at sun.misc.Unsafe.park(Native Method)
        at java.util.concurrent.locks.LockSupport.parkNanos(LockSupport.java:215)
        at java.util.concurrent.locks.AbstractQueuedSynchronizer$ConditionObject.awaitNanos(AbstractQueuedSynchronizer.java:2078)
        at java.util.concurrent.ScheduledThreadPoolExecutor$DelayedWorkQueue.take(ScheduledThreadPoolExecutor.java:1093)
        at java.util.concurrent.ScheduledThreadPoolExecutor$DelayedWorkQueue.take(ScheduledThreadPoolExecutor.java:809)
        at java.util.concurrent.ThreadPoolExecutor.getTask(ThreadPoolExecutor.java:1074)
        at java.util.concurrent.ThreadPoolExecutor.runWorker(ThreadPoolExecutor.java:1134)
        at java.util.concurrent.ThreadPoolExecutor$Worker.run(ThreadPoolExecutor.java:624)
        at java.lang.Thread.run(Thread.java:750)
"ChunkWriter-3-0" daemon prio=5 tid=547 in Object.wait()
java.lang.Thread.State: WAITING (on object monitor)
        at sun.misc.Unsafe.park(Native Method)
        at java.util.concurrent.locks.LockSupport.park(LockSupport.java:175)
        at java.util.concurrent.locks.AbstractQueuedSynchronizer$ConditionObject.await(AbstractQueuedSynchronizer.java:2039)
        at java.util.concurrent.LinkedBlockingDeque.takeFirst(LinkedBlockingDeque.java:492)
        at java.util.concurrent.LinkedBlockingDeque.take(LinkedBlockingDeque.java:680)
        at java.util.concurrent.ThreadPoolExecutor.getTask(ThreadPoolExecutor.java:1074)
        at java.util.concurrent.ThreadPoolExecutor.runWorker(ThreadPoolExecutor.java:1134)
        at java.util.concurrent.ThreadPoolExecutor$Worker.run(ThreadPoolExecutor.java:624)
        at java.lang.Thread.run(Thread.java:750)
"IPC Server handler 2 on default port 40125" daemon prio=5 tid=156 timed_waiting
java.lang.Thread.State: TIMED_WAITING
        at sun.misc.Unsafe.park(Native Method)
        at java.util.concurrent.locks.LockSupport.parkNanos(LockSupport.java:215)
        at java.util.concurrent.locks.AbstractQueuedSynchronizer$ConditionObject.awaitNanos(AbstractQueuedSynchronizer.java:2078)
        at java.util.concurrent.LinkedBlockingQueue.poll(LinkedBlockingQueue.java:467)
        at org.apache.hadoop.ipc.CallQueueManager.take(CallQueueManager.java:317)
        at org.apache.hadoop.ipc.Server$Handler.run(Server.java:2942)
"914271eb-14eb-4bb5-b4be-b6b4d3827766@group-5D8652A3AABE->47858208-0de4-46ca-af6a-45b9f6a00c92-GrpcLogAppender-LogAppenderDaemon" daemon prio=5 tid=884 timed_waiting
java.lang.Thread.State: TIMED_WAITING
        at sun.misc.Unsafe.park(Native Method)
        at java.util.concurrent.locks.LockSupport.parkNanos(LockSupport.java:215)
        at java.util.concurrent.CompletableFuture$Signaller.block(CompletableFuture.java:1709)
        at java.util.concurrent.ForkJoinPool.managedBlock(ForkJoinPool.java:3323)
        at java.util.concurrent.CompletableFuture.timedGet(CompletableFuture.java:1788)
        at java.util.concurrent.CompletableFuture.get(CompletableFuture.java:1928)
        at org.apache.ratis.util.AwaitForSignal.await(AwaitForSignal.java:56)
        at org.apache.ratis.grpc.server.GrpcLogAppender.mayWait(GrpcLogAppender.java:198)
        at org.apache.ratis.grpc.server.GrpcLogAppender.run(GrpcLogAppender.java:148)
        at org.apache.ratis.server.leader.LogAppenderDaemon.run(LogAppenderDaemon.java:78)
        at org.apache.ratis.server.leader.LogAppenderDaemon$$Lambda$1039/1655154307.run(Unknown Source)
        at java.lang.Thread.run(Thread.java:750)
"ChunkWriter-2-0" daemon prio=5 tid=546 in Object.wait()
java.lang.Thread.State: WAITING (on object monitor)
        at sun.misc.Unsafe.park(Native Method)
        at java.util.concurrent.locks.LockSupport.park(LockSupport.java:175)
        at java.util.concurrent.locks.AbstractQueuedSynchronizer$ConditionObject.await(AbstractQueuedSynchronizer.java:2039)
        at java.util.concurrent.LinkedBlockingDeque.takeFirst(LinkedBlockingDeque.java:492)
        at java.util.concurrent.LinkedBlockingDeque.take(LinkedBlockingDeque.java:680)
        at java.util.concurrent.ThreadPoolExecutor.getTask(ThreadPoolExecutor.java:1074)
        at java.util.concurrent.ThreadPoolExecutor.runWorker(ThreadPoolExecutor.java:1134)
        at java.util.concurrent.ThreadPoolExecutor$Worker.run(ThreadPoolExecutor.java:624)
        at java.lang.Thread.run(Thread.java:750)
"StaleRecoveringContainerScrubbingService#2" daemon prio=5 tid=910 in Object.wait()
java.lang.Thread.State: WAITING (on object monitor)
        at sun.misc.Unsafe.park(Native Method)
        at java.util.concurrent.locks.LockSupport.park(LockSupport.java:175)
        at java.util.concurrent.locks.AbstractQueuedSynchronizer$ConditionObject.await(AbstractQueuedSynchronizer.java:2039)
        at java.util.concurrent.ScheduledThreadPoolExecutor$DelayedWorkQueue.take(ScheduledThreadPoolExecutor.java:1088)
        at java.util.concurrent.ScheduledThreadPoolExecutor$DelayedWorkQueue.take(ScheduledThreadPoolExecutor.java:809)
        at java.util.concurrent.ThreadPoolExecutor.getTask(ThreadPoolExecutor.java:1074)
        at java.util.concurrent.ThreadPoolExecutor.runWorker(ThreadPoolExecutor.java:1134)
        at java.util.concurrent.ThreadPoolExecutor$Worker.run(ThreadPoolExecutor.java:624)
        at java.lang.Thread.run(Thread.java:750)
"EndpointStateMachine task thread for /0.0.0.0:45711 - 0 "  prio=5 tid=488 in Object.wait()
java.lang.Thread.State: WAITING (on object monitor)
        at sun.misc.Unsafe.park(Native Method)
        at java.util.concurrent.locks.LockSupport.park(LockSupport.java:175)
        at java.util.concurrent.locks.AbstractQueuedSynchronizer$ConditionObject.await(AbstractQueuedSynchronizer.java:2039)
        at java.util.concurrent.LinkedBlockingQueue.take(LinkedBlockingQueue.java:442)
        at java.util.concurrent.ThreadPoolExecutor.getTask(ThreadPoolExecutor.java:1074)
        at java.util.concurrent.ThreadPoolExecutor.runWorker(ThreadPoolExecutor.java:1134)
        at java.util.concurrent.ThreadPoolExecutor$Worker.run(ThreadPoolExecutor.java:624)
        at java.lang.Thread.run(Thread.java:750)
"qtp110059025-344" daemon prio=5 tid=344 timed_waiting
java.lang.Thread.State: TIMED_WAITING
        at sun.misc.Unsafe.park(Native Method)
        at java.util.concurrent.locks.LockSupport.parkNanos(LockSupport.java:215)
        at java.util.concurrent.locks.AbstractQueuedSynchronizer$ConditionObject.awaitNanos(AbstractQueuedSynchronizer.java:2078)
        at org.eclipse.jetty.util.BlockingArrayQueue.poll(BlockingArrayQueue.java:382)
        at org.eclipse.jetty.util.thread.QueuedThreadPool$Runner.idleJobPoll(QueuedThreadPool.java:974)
        at org.eclipse.jetty.util.thread.QueuedThreadPool$Runner.run(QueuedThreadPool.java:1018)
        at java.lang.Thread.run(Thread.java:750)
"qtp1798219135-211-acceptor-0@1ca8b575-ServerConnector@715f00d0{HTTP/1.1, (http/1.1)}{0.0.0.0:34645}" daemon prio=3 tid=211 runnable
java.lang.Thread.State: RUNNABLE
        at sun.nio.ch.ServerSocketChannelImpl.accept0(Native Method)
        at sun.nio.ch.ServerSocketChannelImpl.accept(ServerSocketChannelImpl.java:421)
        at sun.nio.ch.ServerSocketChannelImpl.accept(ServerSocketChannelImpl.java:249)
        at org.eclipse.jetty.server.ServerConnector.accept(ServerConnector.java:388)
        at org.eclipse.jetty.server.AbstractConnector$Acceptor.run(AbstractConnector.java:704)
        at org.eclipse.jetty.util.thread.QueuedThreadPool.runJob(QueuedThreadPool.java:883)
        at org.eclipse.jetty.util.thread.QueuedThreadPool$Runner.run(QueuedThreadPool.java:1034)
        at java.lang.Thread.run(Thread.java:750)
"Datanode ReportManager Thread - 4" daemon prio=5 tid=369 in Object.wait()
java.lang.Thread.State: WAITING (on object monitor)
        at sun.misc.Unsafe.park(Native Method)
        at java.util.concurrent.locks.LockSupport.park(LockSupport.java:175)
        at java.util.concurrent.locks.AbstractQueuedSynchronizer$ConditionObject.await(AbstractQueuedSynchronizer.java:2039)
        at java.util.concurrent.ScheduledThreadPoolExecutor$DelayedWorkQueue.take(ScheduledThreadPoolExecutor.java:1088)
        at java.util.concurrent.ScheduledThreadPoolExecutor$DelayedWorkQueue.take(ScheduledThreadPoolExecutor.java:809)
        at java.util.concurrent.ThreadPoolExecutor.getTask(ThreadPoolExecutor.java:1074)
        at java.util.concurrent.ThreadPoolExecutor.runWorker(ThreadPoolExecutor.java:1134)
        at java.util.concurrent.ThreadPoolExecutor$Worker.run(ThreadPoolExecutor.java:624)
        at java.lang.Thread.run(Thread.java:750)
"EndpointStateMachine task thread for /0.0.0.0:45711 - 0 "  prio=5 tid=555 in Object.wait()
java.lang.Thread.State: WAITING (on object monitor)
        at sun.misc.Unsafe.park(Native Method)
        at java.util.concurrent.locks.LockSupport.park(LockSupport.java:175)
        at java.util.concurrent.locks.AbstractQueuedSynchronizer$ConditionObject.await(AbstractQueuedSynchronizer.java:2039)
        at java.util.concurrent.LinkedBlockingQueue.take(LinkedBlockingQueue.java:442)
        at java.util.concurrent.ThreadPoolExecutor.getTask(ThreadPoolExecutor.java:1074)
        at java.util.concurrent.ThreadPoolExecutor.runWorker(ThreadPoolExecutor.java:1134)
        at java.util.concurrent.ThreadPoolExecutor$Worker.run(ThreadPoolExecutor.java:624)
        at java.lang.Thread.run(Thread.java:750)
"qtp2076445832-383" daemon prio=5 tid=383 timed_waiting
java.lang.Thread.State: TIMED_WAITING
        at sun.misc.Unsafe.park(Native Method)
        at java.util.concurrent.locks.LockSupport.parkNanos(LockSupport.java:215)
        at java.util.concurrent.locks.AbstractQueuedSynchronizer$ConditionObject.awaitNanos(AbstractQueuedSynchronizer.java:2078)
        at org.eclipse.jetty.util.BlockingArrayQueue.poll(BlockingArrayQueue.java:382)
        at org.eclipse.jetty.util.thread.QueuedThreadPool$Runner.idleJobPoll(QueuedThreadPool.java:974)
        at org.eclipse.jetty.util.thread.QueuedThreadPool$Runner.run(QueuedThreadPool.java:1018)
        at java.lang.Thread.run(Thread.java:750)
"qtp860364734-419" daemon prio=5 tid=419 runnable
java.lang.Thread.State: RUNNABLE
        at sun.nio.ch.EPollArrayWrapper.epollWait(Native Method)
        at sun.nio.ch.EPollArrayWrapper.poll(EPollArrayWrapper.java:269)
        at sun.nio.ch.EPollSelectorImpl.doSelect(EPollSelectorImpl.java:93)
        at sun.nio.ch.SelectorImpl.lockAndDoSelect(SelectorImpl.java:86)
        at sun.nio.ch.SelectorImpl.select(SelectorImpl.java:97)
        at sun.nio.ch.SelectorImpl.select(SelectorImpl.java:101)
        at org.eclipse.jetty.io.ManagedSelector.nioSelect(ManagedSelector.java:183)
        at org.eclipse.jetty.io.ManagedSelector.select(ManagedSelector.java:190)
        at org.eclipse.jetty.io.ManagedSelector$SelectorProducer.select(ManagedSelector.java:606)
        at org.eclipse.jetty.io.ManagedSelector$SelectorProducer.produce(ManagedSelector.java:543)
        at org.eclipse.jetty.util.thread.strategy.EatWhatYouKill.produceTask(EatWhatYouKill.java:362)
        at org.eclipse.jetty.util.thread.strategy.EatWhatYouKill.doProduce(EatWhatYouKill.java:186)
        at org.eclipse.jetty.util.thread.strategy.EatWhatYouKill.tryProduce(EatWhatYouKill.java:173)
        at org.eclipse.jetty.util.thread.strategy.EatWhatYouKill.produce(EatWhatYouKill.java:137)
        at org.eclipse.jetty.io.ManagedSelector$$Lambda$446/163190398.run(Unknown Source)
        at org.eclipse.jetty.util.thread.QueuedThreadPool.runJob(QueuedThreadPool.java:883)
        at org.eclipse.jetty.util.thread.QueuedThreadPool$Runner.run(QueuedThreadPool.java:1034)
        at java.lang.Thread.run(Thread.java:750)
"IPC Server handler 17 on default port 33479" daemon prio=5 tid=84 timed_waiting
java.lang.Thread.State: TIMED_WAITING
        at sun.misc.Unsafe.park(Native Method)
        at java.util.concurrent.locks.LockSupport.parkNanos(LockSupport.java:215)
        at java.util.concurrent.locks.AbstractQueuedSynchronizer$ConditionObject.awaitNanos(AbstractQueuedSynchronizer.java:2078)
        at java.util.concurrent.LinkedBlockingQueue.poll(LinkedBlockingQueue.java:467)
        at org.apache.hadoop.ipc.CallQueueManager.take(CallQueueManager.java:317)
        at org.apache.hadoop.ipc.Server$Handler.run(Server.java:2942)
"Datanode ReportManager Thread - 1" daemon prio=5 tid=474 in Object.wait()
java.lang.Thread.State: WAITING (on object monitor)
        at sun.misc.Unsafe.park(Native Method)
        at java.util.concurrent.locks.LockSupport.park(LockSupport.java:175)
        at java.util.concurrent.locks.AbstractQueuedSynchronizer$ConditionObject.await(AbstractQueuedSynchronizer.java:2039)
        at java.util.concurrent.ScheduledThreadPoolExecutor$DelayedWorkQueue.take(ScheduledThreadPoolExecutor.java:1088)
        at java.util.concurrent.ScheduledThreadPoolExecutor$DelayedWorkQueue.take(ScheduledThreadPoolExecutor.java:809)
        at java.util.concurrent.ThreadPoolExecutor.getTask(ThreadPoolExecutor.java:1074)
        at java.util.concurrent.ThreadPoolExecutor.runWorker(ThreadPoolExecutor.java:1134)
        at java.util.concurrent.ThreadPoolExecutor$Worker.run(ThreadPoolExecutor.java:624)
        at java.lang.Thread.run(Thread.java:750)
"Datanode ReportManager Thread - 3" daemon prio=5 tid=303 timed_waiting
java.lang.Thread.State: TIMED_WAITING
        at sun.misc.Unsafe.park(Native Method)
        at java.util.concurrent.locks.LockSupport.parkNanos(LockSupport.java:215)
        at java.util.concurrent.locks.AbstractQueuedSynchronizer$ConditionObject.awaitNanos(AbstractQueuedSynchronizer.java:2078)
        at java.util.concurrent.ScheduledThreadPoolExecutor$DelayedWorkQueue.take(ScheduledThreadPoolExecutor.java:1093)
        at java.util.concurrent.ScheduledThreadPoolExecutor$DelayedWorkQueue.take(ScheduledThreadPoolExecutor.java:809)
        at java.util.concurrent.ThreadPoolExecutor.getTask(ThreadPoolExecutor.java:1074)
        at java.util.concurrent.ThreadPoolExecutor.runWorker(ThreadPoolExecutor.java:1134)
        at java.util.concurrent.ThreadPoolExecutor$Worker.run(ThreadPoolExecutor.java:624)
        at java.lang.Thread.run(Thread.java:750)
"timer0" daemon prio=5 tid=724 timed_waiting
java.lang.Thread.State: TIMED_WAITING
        at java.lang.Object.wait(Native Method)
        at java.util.TimerThread.mainLoop(Timer.java:552)
        at java.util.TimerThread.run(Timer.java:505)
"ChunkWriter-2-0" daemon prio=5 tid=356 in Object.wait()
java.lang.Thread.State: WAITING (on object monitor)
        at sun.misc.Unsafe.park(Native Method)
        at java.util.concurrent.locks.LockSupport.park(LockSupport.java:175)
        at java.util.concurrent.locks.AbstractQueuedSynchronizer$ConditionObject.await(AbstractQueuedSynchronizer.java:2039)
        at java.util.concurrent.LinkedBlockingDeque.takeFirst(LinkedBlockingDeque.java:492)
        at java.util.concurrent.LinkedBlockingDeque.take(LinkedBlockingDeque.java:680)
        at java.util.concurrent.ThreadPoolExecutor.getTask(ThreadPoolExecutor.java:1074)
        at java.util.concurrent.ThreadPoolExecutor.runWorker(ThreadPoolExecutor.java:1134)
        at java.util.concurrent.ThreadPoolExecutor$Worker.run(ThreadPoolExecutor.java:624)
        at java.lang.Thread.run(Thread.java:750)
"JvmPauseMonitor1" daemon prio=5 tid=358 timed_waiting
java.lang.Thread.State: TIMED_WAITING
        at java.lang.Thread.sleep(Native Method)
        at java.lang.Thread.sleep(Thread.java:342)
        at java.util.concurrent.TimeUnit.sleep(TimeUnit.java:386)
        at org.apache.ratis.util.TimeDuration.sleep(TimeDuration.java:325)
        at org.apache.ratis.util.TimeDuration.sleep(TimeDuration.java:310)
        at org.apache.ratis.util.JvmPauseMonitor.detectPause(JvmPauseMonitor.java:119)
        at org.apache.ratis.util.JvmPauseMonitor.run(JvmPauseMonitor.java:108)
        at org.apache.ratis.util.JvmPauseMonitor$$Lambda$706/668240146.run(Unknown Source)
        at java.lang.Thread.run(Thread.java:750)
"BlockDeletingService#2" daemon prio=5 tid=899 in Object.wait()
java.lang.Thread.State: WAITING (on object monitor)
        at sun.misc.Unsafe.park(Native Method)
        at java.util.concurrent.locks.LockSupport.park(LockSupport.java:175)
        at java.util.concurrent.locks.AbstractQueuedSynchronizer$ConditionObject.await(AbstractQueuedSynchronizer.java:2039)
        at java.util.concurrent.ScheduledThreadPoolExecutor$DelayedWorkQueue.take(ScheduledThreadPoolExecutor.java:1088)
        at java.util.concurrent.ScheduledThreadPoolExecutor$DelayedWorkQueue.take(ScheduledThreadPoolExecutor.java:809)
        at java.util.concurrent.ThreadPoolExecutor.getTask(ThreadPoolExecutor.java:1074)
        at java.util.concurrent.ThreadPoolExecutor.runWorker(ThreadPoolExecutor.java:1134)
        at java.util.concurrent.ThreadPoolExecutor$Worker.run(ThreadPoolExecutor.java:624)
        at java.lang.Thread.run(Thread.java:750)
"IPC Server handler 11 on default port 45711" daemon prio=5 tid=98 timed_waiting
java.lang.Thread.State: TIMED_WAITING
        at sun.misc.Unsafe.park(Native Method)
        at java.util.concurrent.locks.LockSupport.parkNanos(LockSupport.java:215)
        at java.util.concurrent.locks.AbstractQueuedSynchronizer$ConditionObject.awaitNanos(AbstractQueuedSynchronizer.java:2078)
        at java.util.concurrent.LinkedBlockingQueue.poll(LinkedBlockingQueue.java:467)
        at org.apache.hadoop.ipc.CallQueueManager.take(CallQueueManager.java:317)
        at org.apache.hadoop.ipc.Server$Handler.run(Server.java:2942)
"Session-HouseKeeper-7f5627cd-1"  prio=5 tid=350 timed_waiting
java.lang.Thread.State: TIMED_WAITING
        at sun.misc.Unsafe.park(Native Method)
        at java.util.concurrent.locks.LockSupport.parkNanos(LockSupport.java:215)
        at java.util.concurrent.locks.AbstractQueuedSynchronizer$ConditionObject.awaitNanos(AbstractQueuedSynchronizer.java:2078)
        at java.util.concurrent.ScheduledThreadPoolExecutor$DelayedWorkQueue.take(ScheduledThreadPoolExecutor.java:1093)
        at java.util.concurrent.ScheduledThreadPoolExecutor$DelayedWorkQueue.take(ScheduledThreadPoolExecutor.java:809)
        at java.util.concurrent.ThreadPoolExecutor.getTask(ThreadPoolExecutor.java:1074)
        at java.util.concurrent.ThreadPoolExecutor.runWorker(ThreadPoolExecutor.java:1134)
        at java.util.concurrent.ThreadPoolExecutor$Worker.run(ThreadPoolExecutor.java:624)
        at java.lang.Thread.run(Thread.java:750)
"IPC Server handler 19 on default port 45711" daemon prio=5 tid=106 timed_waiting
java.lang.Thread.State: TIMED_WAITING
        at sun.misc.Unsafe.park(Native Method)
        at java.util.concurrent.locks.LockSupport.parkNanos(LockSupport.java:215)
        at java.util.concurrent.locks.AbstractQueuedSynchronizer$ConditionObject.awaitNanos(AbstractQueuedSynchronizer.java:2078)
        at java.util.concurrent.LinkedBlockingQueue.poll(LinkedBlockingQueue.java:467)
        at org.apache.hadoop.ipc.CallQueueManager.take(CallQueueManager.java:317)
        at org.apache.hadoop.ipc.Server$Handler.run(Server.java:2942)
"EventQueue-StaleNodeForStaleNodeHandler" daemon prio=5 tid=833 in Object.wait()
java.lang.Thread.State: WAITING (on object monitor)
        at sun.misc.Unsafe.park(Native Method)
        at java.util.concurrent.locks.LockSupport.park(LockSupport.java:175)
        at java.util.concurrent.locks.AbstractQueuedSynchronizer$ConditionObject.await(AbstractQueuedSynchronizer.java:2039)
        at java.util.concurrent.LinkedBlockingQueue.take(LinkedBlockingQueue.java:442)
        at java.util.concurrent.ThreadPoolExecutor.getTask(ThreadPoolExecutor.java:1074)
        at java.util.concurrent.ThreadPoolExecutor.runWorker(ThreadPoolExecutor.java:1134)
        at java.util.concurrent.ThreadPoolExecutor$Worker.run(ThreadPoolExecutor.java:624)
        at java.lang.Thread.run(Thread.java:750)
"Timer for 'StorageContainerManager' metrics system" daemon prio=5 tid=45 timed_waiting
java.lang.Thread.State: TIMED_WAITING
        at java.lang.Object.wait(Native Method)
        at java.util.TimerThread.mainLoop(Timer.java:552)
        at java.util.TimerThread.run(Timer.java:505)
"pool-230-thread-1" daemon prio=5 tid=376 timed_waiting
java.lang.Thread.State: TIMED_WAITING
        at sun.misc.Unsafe.park(Native Method)
        at java.util.concurrent.locks.LockSupport.parkNanos(LockSupport.java:215)
        at java.util.concurrent.locks.AbstractQueuedSynchronizer$ConditionObject.awaitNanos(AbstractQueuedSynchronizer.java:2078)
        at java.util.concurrent.ScheduledThreadPoolExecutor$DelayedWorkQueue.take(ScheduledThreadPoolExecutor.java:1093)
        at java.util.concurrent.ScheduledThreadPoolExecutor$DelayedWorkQueue.take(ScheduledThreadPoolExecutor.java:809)
        at java.util.concurrent.ThreadPoolExecutor.getTask(ThreadPoolExecutor.java:1074)
        at java.util.concurrent.ThreadPoolExecutor.runWorker(ThreadPoolExecutor.java:1134)
        at java.util.concurrent.ThreadPoolExecutor$Worker.run(ThreadPoolExecutor.java:624)
        at java.lang.Thread.run(Thread.java:750)
"914271eb-14eb-4bb5-b4be-b6b4d3827766@group-5D8652A3AABE->e73ed4bb-a433-4ecd-b93a-d0b4e16433ed-GrpcLogAppender-LogAppenderDaemon" daemon prio=5 tid=885 timed_waiting
java.lang.Thread.State: TIMED_WAITING
        at sun.misc.Unsafe.park(Native Method)
        at java.util.concurrent.locks.LockSupport.parkNanos(LockSupport.java:215)
        at java.util.concurrent.CompletableFuture$Signaller.block(CompletableFuture.java:1709)
        at java.util.concurrent.ForkJoinPool.managedBlock(ForkJoinPool.java:3323)
        at java.util.concurrent.CompletableFuture.timedGet(CompletableFuture.java:1788)
        at java.util.concurrent.CompletableFuture.get(CompletableFuture.java:1928)
        at org.apache.ratis.util.AwaitForSignal.await(AwaitForSignal.java:56)
        at org.apache.ratis.grpc.server.GrpcLogAppender.mayWait(GrpcLogAppender.java:198)
        at org.apache.ratis.grpc.server.GrpcLogAppender.run(GrpcLogAppender.java:148)
        at org.apache.ratis.server.leader.LogAppenderDaemon.run(LogAppenderDaemon.java:78)
        at org.apache.ratis.server.leader.LogAppenderDaemon$$Lambda$1039/1655154307.run(Unknown Source)
        at java.lang.Thread.run(Thread.java:750)
"Datanode State Machine Task Thread - 0"  prio=5 tid=372 in Object.wait()
java.lang.Thread.State: WAITING (on object monitor)
        at sun.misc.Unsafe.park(Native Method)
        at java.util.concurrent.locks.LockSupport.park(LockSupport.java:175)
        at java.util.concurrent.locks.AbstractQueuedSynchronizer$ConditionObject.await(AbstractQueuedSynchronizer.java:2039)
        at java.util.concurrent.LinkedBlockingQueue.take(LinkedBlockingQueue.java:442)
        at java.util.concurrent.ThreadPoolExecutor.getTask(ThreadPoolExecutor.java:1074)
        at java.util.concurrent.ThreadPoolExecutor.runWorker(ThreadPoolExecutor.java:1134)
        at java.util.concurrent.ThreadPoolExecutor$Worker.run(ThreadPoolExecutor.java:624)
        at java.lang.Thread.run(Thread.java:750)
"qtp457009334-459" daemon prio=5 tid=459 timed_waiting
java.lang.Thread.State: TIMED_WAITING
        at sun.misc.Unsafe.park(Native Method)
        at java.util.concurrent.locks.LockSupport.parkNanos(LockSupport.java:215)
        at java.util.concurrent.locks.AbstractQueuedSynchronizer$ConditionObject.awaitNanos(AbstractQueuedSynchronizer.java:2078)
        at org.eclipse.jetty.util.BlockingArrayQueue.poll(BlockingArrayQueue.java:382)
        at org.eclipse.jetty.util.thread.QueuedThreadPool$Runner.idleJobPoll(QueuedThreadPool.java:974)
        at org.eclipse.jetty.util.thread.QueuedThreadPool$Runner.run(QueuedThreadPool.java:1018)
        at java.lang.Thread.run(Thread.java:750)
"Datanode ReportManager Thread - 3" daemon prio=5 tid=406 timed_waiting
java.lang.Thread.State: TIMED_WAITING
        at sun.misc.Unsafe.park(Native Method)
        at java.util.concurrent.locks.LockSupport.parkNanos(LockSupport.java:215)
        at java.util.concurrent.locks.AbstractQueuedSynchronizer$ConditionObject.awaitNanos(AbstractQueuedSynchronizer.java:2078)
        at java.util.concurrent.ScheduledThreadPoolExecutor$DelayedWorkQueue.take(ScheduledThreadPoolExecutor.java:1093)
        at java.util.concurrent.ScheduledThreadPoolExecutor$DelayedWorkQueue.take(ScheduledThreadPoolExecutor.java:809)
        at java.util.concurrent.ThreadPoolExecutor.getTask(ThreadPoolExecutor.java:1074)
        at java.util.concurrent.ThreadPoolExecutor.runWorker(ThreadPoolExecutor.java:1134)
        at java.util.concurrent.ThreadPoolExecutor$Worker.run(ThreadPoolExecutor.java:624)
        at java.lang.Thread.run(Thread.java:750)
"StaleRecoveringContainerScrubbingService#1" daemon prio=5 tid=510 timed_waiting
java.lang.Thread.State: TIMED_WAITING
        at sun.misc.Unsafe.park(Native Method)
        at java.util.concurrent.locks.LockSupport.parkNanos(LockSupport.java:215)
        at java.util.concurrent.locks.AbstractQueuedSynchronizer$ConditionObject.awaitNanos(AbstractQueuedSynchronizer.java:2078)
        at java.util.concurrent.ScheduledThreadPoolExecutor$DelayedWorkQueue.take(ScheduledThreadPoolExecutor.java:1093)
        at java.util.concurrent.ScheduledThreadPoolExecutor$DelayedWorkQueue.take(ScheduledThreadPoolExecutor.java:809)
        at java.util.concurrent.ThreadPoolExecutor.getTask(ThreadPoolExecutor.java:1074)
        at java.util.concurrent.ThreadPoolExecutor.runWorker(ThreadPoolExecutor.java:1134)
        at java.util.concurrent.ThreadPoolExecutor$Worker.run(ThreadPoolExecutor.java:624)
        at java.lang.Thread.run(Thread.java:750)
"qtp326207642-188" daemon prio=5 tid=188 timed_waiting
java.lang.Thread.State: TIMED_WAITING
        at sun.misc.Unsafe.park(Native Method)
        at java.util.concurrent.locks.LockSupport.parkNanos(LockSupport.java:215)
        at java.util.concurrent.locks.AbstractQueuedSynchronizer$ConditionObject.awaitNanos(AbstractQueuedSynchronizer.java:2078)
        at org.eclipse.jetty.util.BlockingArrayQueue.poll(BlockingArrayQueue.java:382)
        at org.eclipse.jetty.util.thread.QueuedThreadPool$Runner.idleJobPoll(QueuedThreadPool.java:974)
        at org.eclipse.jetty.util.thread.QueuedThreadPool$Runner.run(QueuedThreadPool.java:1018)
        at java.lang.Thread.run(Thread.java:750)
"ChunkReader-0" daemon prio=5 tid=779 in Object.wait()
java.lang.Thread.State: WAITING (on object monitor)
        at sun.misc.Unsafe.park(Native Method)
        at java.util.concurrent.locks.LockSupport.park(LockSupport.java:175)
        at java.util.concurrent.locks.AbstractQueuedSynchronizer$ConditionObject.await(AbstractQueuedSynchronizer.java:2039)
        at java.util.concurrent.LinkedBlockingQueue.take(LinkedBlockingQueue.java:442)
        at java.util.concurrent.ThreadPoolExecutor.getTask(ThreadPoolExecutor.java:1074)
        at java.util.concurrent.ThreadPoolExecutor.runWorker(ThreadPoolExecutor.java:1134)
        at java.util.concurrent.ThreadPoolExecutor$Worker.run(ThreadPoolExecutor.java:624)
        at java.lang.Thread.run(Thread.java:750)
"EventQueue-PipelineReportForPipelineReportHandler" daemon prio=5 tid=515 in Object.wait()
java.lang.Thread.State: WAITING (on object monitor)
        at sun.misc.Unsafe.park(Native Method)
        at java.util.concurrent.locks.LockSupport.park(LockSupport.java:175)
        at java.util.concurrent.locks.AbstractQueuedSynchronizer$ConditionObject.await(AbstractQueuedSynchronizer.java:2039)
        at java.util.concurrent.LinkedBlockingQueue.take(LinkedBlockingQueue.java:442)
        at java.util.concurrent.ThreadPoolExecutor.getTask(ThreadPoolExecutor.java:1074)
        at java.util.concurrent.ThreadPoolExecutor.runWorker(ThreadPoolExecutor.java:1134)
        at java.util.concurrent.ThreadPoolExecutor$Worker.run(ThreadPoolExecutor.java:624)
        at java.lang.Thread.run(Thread.java:750)
"47858208-0de4-46ca-af6a-45b9f6a00c92-server-thread2" daemon prio=5 tid=887 timed_waiting
java.lang.Thread.State: TIMED_WAITING
        at sun.misc.Unsafe.park(Native Method)
        at java.util.concurrent.locks.LockSupport.parkNanos(LockSupport.java:215)
        at java.util.concurrent.SynchronousQueue$TransferStack.awaitFulfill(SynchronousQueue.java:460)
        at java.util.concurrent.SynchronousQueue$TransferStack.transfer(SynchronousQueue.java:362)
        at java.util.concurrent.SynchronousQueue.poll(SynchronousQueue.java:941)
        at java.util.concurrent.ThreadPoolExecutor.getTask(ThreadPoolExecutor.java:1073)
        at java.util.concurrent.ThreadPoolExecutor.runWorker(ThreadPoolExecutor.java:1134)
        at java.util.concurrent.ThreadPoolExecutor$Worker.run(ThreadPoolExecutor.java:624)
        at java.lang.Thread.run(Thread.java:750)
"Datanode ReportManager Thread - 3" daemon prio=5 tid=368 timed_waiting
java.lang.Thread.State: TIMED_WAITING
        at sun.misc.Unsafe.park(Native Method)
        at java.util.concurrent.locks.LockSupport.parkNanos(LockSupport.java:215)
        at java.util.concurrent.locks.AbstractQueuedSynchronizer$ConditionObject.awaitNanos(AbstractQueuedSynchronizer.java:2078)
        at java.util.concurrent.ScheduledThreadPoolExecutor$DelayedWorkQueue.take(ScheduledThreadPoolExecutor.java:1093)
        at java.util.concurrent.ScheduledThreadPoolExecutor$DelayedWorkQueue.take(ScheduledThreadPoolExecutor.java:809)
        at java.util.concurrent.ThreadPoolExecutor.getTask(ThreadPoolExecutor.java:1074)
        at java.util.concurrent.ThreadPoolExecutor.runWorker(ThreadPoolExecutor.java:1134)
        at java.util.concurrent.ThreadPoolExecutor$Worker.run(ThreadPoolExecutor.java:624)
        at java.lang.Thread.run(Thread.java:750)
"Datanode State Machine Task Thread - 1"  prio=5 tid=517 in Object.wait()
java.lang.Thread.State: WAITING (on object monitor)
        at sun.misc.Unsafe.park(Native Method)
        at java.util.concurrent.locks.LockSupport.park(LockSupport.java:175)
        at java.util.concurrent.locks.AbstractQueuedSynchronizer$ConditionObject.await(AbstractQueuedSynchronizer.java:2039)
        at java.util.concurrent.LinkedBlockingQueue.take(LinkedBlockingQueue.java:442)
        at java.util.concurrent.ThreadPoolExecutor.getTask(ThreadPoolExecutor.java:1074)
        at java.util.concurrent.ThreadPoolExecutor.runWorker(ThreadPoolExecutor.java:1134)
        at java.util.concurrent.ThreadPoolExecutor$Worker.run(ThreadPoolExecutor.java:624)
        at java.lang.Thread.run(Thread.java:750)
"IPC Server handler 10 on default port 45711" daemon prio=5 tid=97 timed_waiting
java.lang.Thread.State: TIMED_WAITING
        at sun.misc.Unsafe.park(Native Method)
        at java.util.concurrent.locks.LockSupport.parkNanos(LockSupport.java:215)
        at java.util.concurrent.locks.AbstractQueuedSynchronizer$ConditionObject.awaitNanos(AbstractQueuedSynchronizer.java:2078)
        at java.util.concurrent.LinkedBlockingQueue.poll(LinkedBlockingQueue.java:467)
        at org.apache.hadoop.ipc.CallQueueManager.take(CallQueueManager.java:317)
        at org.apache.hadoop.ipc.Server$Handler.run(Server.java:2942)
"IPC Server handler 8 on default port 40125" daemon prio=5 tid=162 timed_waiting
java.lang.Thread.State: TIMED_WAITING
        at sun.misc.Unsafe.park(Native Method)
        at java.util.concurrent.locks.LockSupport.parkNanos(LockSupport.java:215)
        at java.util.concurrent.locks.AbstractQueuedSynchronizer$ConditionObject.awaitNanos(AbstractQueuedSynchronizer.java:2078)
        at java.util.concurrent.LinkedBlockingQueue.poll(LinkedBlockingQueue.java:467)
        at org.apache.hadoop.ipc.CallQueueManager.take(CallQueueManager.java:317)
        at org.apache.hadoop.ipc.Server$Handler.run(Server.java:2942)
"ChunkReader-1" daemon prio=5 tid=804 in Object.wait()
java.lang.Thread.State: WAITING (on object monitor)
        at sun.misc.Unsafe.park(Native Method)
        at java.util.concurrent.locks.LockSupport.park(LockSupport.java:175)
        at java.util.concurrent.locks.AbstractQueuedSynchronizer$ConditionObject.await(AbstractQueuedSynchronizer.java:2039)
        at java.util.concurrent.LinkedBlockingQueue.take(LinkedBlockingQueue.java:442)
        at java.util.concurrent.ThreadPoolExecutor.getTask(ThreadPoolExecutor.java:1074)
        at java.util.concurrent.ThreadPoolExecutor.runWorker(ThreadPoolExecutor.java:1134)
        at java.util.concurrent.ThreadPoolExecutor$Worker.run(ThreadPoolExecutor.java:624)
        at java.lang.Thread.run(Thread.java:750)
"47858208-0de4-46ca-af6a-45b9f6a00c92@group-5D8652A3AABE-FollowerState" daemon prio=5 tid=881 timed_waiting
java.lang.Thread.State: TIMED_WAITING
        at java.lang.Thread.sleep(Native Method)
        at java.lang.Thread.sleep(Thread.java:342)
        at java.util.concurrent.TimeUnit.sleep(TimeUnit.java:386)
        at org.apache.ratis.util.TimeDuration.sleep(TimeDuration.java:325)
        at org.apache.ratis.util.TimeDuration.sleep(TimeDuration.java:310)
        at org.apache.ratis.server.impl.FollowerState.run(FollowerState.java:128)
"914271eb-14eb-4bb5-b4be-b6b4d3827766@group-760B59CC648B-FollowerState" daemon prio=5 tid=751 timed_waiting
java.lang.Thread.State: TIMED_WAITING
        at java.lang.Thread.sleep(Native Method)
        at java.lang.Thread.sleep(Thread.java:342)
        at java.util.concurrent.TimeUnit.sleep(TimeUnit.java:386)
        at org.apache.ratis.util.TimeDuration.sleep(TimeDuration.java:325)
        at org.apache.ratis.util.TimeDuration.sleep(TimeDuration.java:310)
        at org.apache.ratis.server.impl.FollowerState.run(FollowerState.java:128)
"StaleRecoveringContainerScrubbingService#1" daemon prio=5 tid=528 timed_waiting
java.lang.Thread.State: TIMED_WAITING
        at sun.misc.Unsafe.park(Native Method)
        at java.util.concurrent.locks.LockSupport.parkNanos(LockSupport.java:215)
        at java.util.concurrent.locks.AbstractQueuedSynchronizer$ConditionObject.awaitNanos(AbstractQueuedSynchronizer.java:2078)
        at java.util.concurrent.ScheduledThreadPoolExecutor$DelayedWorkQueue.take(ScheduledThreadPoolExecutor.java:1093)
        at java.util.concurrent.ScheduledThreadPoolExecutor$DelayedWorkQueue.take(ScheduledThreadPoolExecutor.java:809)
        at java.util.concurrent.ThreadPoolExecutor.getTask(ThreadPoolExecutor.java:1074)
        at java.util.concurrent.ThreadPoolExecutor.runWorker(ThreadPoolExecutor.java:1134)
        at java.util.concurrent.ThreadPoolExecutor$Worker.run(ThreadPoolExecutor.java:624)
        at java.lang.Thread.run(Thread.java:750)
"qtp160371564-319" daemon prio=5 tid=319 timed_waiting
java.lang.Thread.State: TIMED_WAITING
        at sun.misc.Unsafe.park(Native Method)
        at java.util.concurrent.locks.LockSupport.parkNanos(LockSupport.java:215)
        at java.util.concurrent.locks.AbstractQueuedSynchronizer$ConditionObject.awaitNanos(AbstractQueuedSynchronizer.java:2078)
        at org.eclipse.jetty.util.BlockingArrayQueue.poll(BlockingArrayQueue.java:382)
        at org.eclipse.jetty.util.thread.QueuedThreadPool$Runner.idleJobPoll(QueuedThreadPool.java:974)
        at org.eclipse.jetty.util.thread.QueuedThreadPool$Runner.run(QueuedThreadPool.java:1018)
        at java.lang.Thread.run(Thread.java:750)
"IPC Server handler 18 on default port 45711" daemon prio=5 tid=105 timed_waiting
java.lang.Thread.State: TIMED_WAITING
        at sun.misc.Unsafe.park(Native Method)
        at java.util.concurrent.locks.LockSupport.parkNanos(LockSupport.java:215)
        at java.util.concurrent.locks.AbstractQueuedSynchronizer$ConditionObject.awaitNanos(AbstractQueuedSynchronizer.java:2078)
        at java.util.concurrent.LinkedBlockingQueue.poll(LinkedBlockingQueue.java:467)
        at org.apache.hadoop.ipc.CallQueueManager.take(CallQueueManager.java:317)
        at org.apache.hadoop.ipc.Server$Handler.run(Server.java:2942)
"timer3" daemon prio=5 tid=696 timed_waiting
java.lang.Thread.State: TIMED_WAITING
        at java.lang.Object.wait(Native Method)
        at java.util.TimerThread.mainLoop(Timer.java:552)
        at java.util.TimerThread.run(Timer.java:505)
"StaleRecoveringContainerScrubbingService#1" daemon prio=5 tid=553 timed_waiting
java.lang.Thread.State: TIMED_WAITING
        at sun.misc.Unsafe.park(Native Method)
        at java.util.concurrent.locks.LockSupport.parkNanos(LockSupport.java:215)
        at java.util.concurrent.locks.AbstractQueuedSynchronizer$ConditionObject.awaitNanos(AbstractQueuedSynchronizer.java:2078)
        at java.util.concurrent.ScheduledThreadPoolExecutor$DelayedWorkQueue.take(ScheduledThreadPoolExecutor.java:1093)
        at java.util.concurrent.ScheduledThreadPoolExecutor$DelayedWorkQueue.take(ScheduledThreadPoolExecutor.java:809)
        at java.util.concurrent.ThreadPoolExecutor.getTask(ThreadPoolExecutor.java:1074)
        at java.util.concurrent.ThreadPoolExecutor.runWorker(ThreadPoolExecutor.java:1134)
        at java.util.concurrent.ThreadPoolExecutor$Worker.run(ThreadPoolExecutor.java:624)
        at java.lang.Thread.run(Thread.java:750)
"qtp457009334-461" daemon prio=5 tid=461 timed_waiting
java.lang.Thread.State: TIMED_WAITING
        at sun.misc.Unsafe.park(Native Method)
        at java.util.concurrent.locks.LockSupport.parkNanos(LockSupport.java:215)
        at java.util.concurrent.locks.AbstractQueuedSynchronizer$ConditionObject.awaitNanos(AbstractQueuedSynchronizer.java:2078)
        at org.eclipse.jetty.util.BlockingArrayQueue.poll(BlockingArrayQueue.java:382)
        at org.eclipse.jetty.util.thread.QueuedThreadPool$Runner.idleJobPoll(QueuedThreadPool.java:974)
        at org.eclipse.jetty.util.thread.QueuedThreadPool$Runner.run(QueuedThreadPool.java:1018)
        at java.lang.Thread.run(Thread.java:750)
"FixedThreadPoolWithAffinityExecutor-8-0" daemon prio=5 tid=43 timed_waiting
java.lang.Thread.State: TIMED_WAITING
        at sun.misc.Unsafe.park(Native Method)
        at java.util.concurrent.locks.LockSupport.parkNanos(LockSupport.java:215)
        at java.util.concurrent.locks.AbstractQueuedSynchronizer$ConditionObject.awaitNanos(AbstractQueuedSynchronizer.java:2078)
        at java.util.concurrent.LinkedBlockingQueue.poll(LinkedBlockingQueue.java:467)
        at org.apache.hadoop.hdds.scm.server.ContainerReportQueue.poll(ContainerReportQueue.java:266)
        at org.apache.hadoop.hdds.scm.server.ContainerReportQueue.poll(ContainerReportQueue.java:42)
        at org.apache.hadoop.hdds.server.events.FixedThreadPoolWithAffinityExecutor$ContainerReportProcessTask.run(FixedThreadPoolWithAffinityExecutor.java:218)
        at java.util.concurrent.Executors$RunnableAdapter.call(Executors.java:511)
        at java.util.concurrent.FutureTask.run(FutureTask.java:266)
        at java.util.concurrent.ThreadPoolExecutor.runWorker(ThreadPoolExecutor.java:1149)
        at java.util.concurrent.ThreadPoolExecutor$Worker.run(ThreadPoolExecutor.java:624)
        at java.lang.Thread.run(Thread.java:750)
"Session-HouseKeeper-4aff0bac-1"  prio=5 tid=272 timed_waiting
java.lang.Thread.State: TIMED_WAITING
        at sun.misc.Unsafe.park(Native Method)
        at java.util.concurrent.locks.LockSupport.parkNanos(LockSupport.java:215)
        at java.util.concurrent.locks.AbstractQueuedSynchronizer$ConditionObject.awaitNanos(AbstractQueuedSynchronizer.java:2078)
        at java.util.concurrent.ScheduledThreadPoolExecutor$DelayedWorkQueue.take(ScheduledThreadPoolExecutor.java:1093)
        at java.util.concurrent.ScheduledThreadPoolExecutor$DelayedWorkQueue.take(ScheduledThreadPoolExecutor.java:809)
        at java.util.concurrent.ThreadPoolExecutor.getTask(ThreadPoolExecutor.java:1074)
        at java.util.concurrent.ThreadPoolExecutor.runWorker(ThreadPoolExecutor.java:1134)
        at java.util.concurrent.ThreadPoolExecutor$Worker.run(ThreadPoolExecutor.java:624)
        at java.lang.Thread.run(Thread.java:750)
"PartialTableCache Cleanup Thread - 0" daemon prio=5 tid=892 in Object.wait()
java.lang.Thread.State: WAITING (on object monitor)
        at sun.misc.Unsafe.park(Native Method)
        at java.util.concurrent.locks.LockSupport.park(LockSupport.java:175)
        at java.util.concurrent.locks.AbstractQueuedSynchronizer$ConditionObject.await(AbstractQueuedSynchronizer.java:2039)
        at java.util.concurrent.LinkedBlockingQueue.take(LinkedBlockingQueue.java:442)
        at java.util.concurrent.ThreadPoolExecutor.getTask(ThreadPoolExecutor.java:1074)
        at java.util.concurrent.ThreadPoolExecutor.runWorker(ThreadPoolExecutor.java:1134)
        at java.util.concurrent.ThreadPoolExecutor$Worker.run(ThreadPoolExecutor.java:624)
        at java.lang.Thread.run(Thread.java:750)
"b5f0d7ba-78c4-4bfc-9c94-2fc11ccd4fbc@group-8B7106D7B27B-SegmentedRaftLogWorker"  prio=5 tid=568 timed_waiting
java.lang.Thread.State: TIMED_WAITING
        at sun.misc.Unsafe.park(Native Method)
        at java.util.concurrent.locks.LockSupport.parkNanos(LockSupport.java:215)
        at java.util.concurrent.locks.AbstractQueuedSynchronizer$ConditionObject.awaitNanos(AbstractQueuedSynchronizer.java:2078)
        at org.apache.ratis.util.DataBlockingQueue.poll(DataBlockingQueue.java:148)
        at org.apache.ratis.server.raftlog.segmented.SegmentedRaftLogWorker.run(SegmentedRaftLogWorker.java:310)
        at org.apache.ratis.server.raftlog.segmented.SegmentedRaftLogWorker$$Lambda$665/5803680.run(Unknown Source)
        at java.lang.Thread.run(Thread.java:750)
"pool-150-thread-1"  prio=5 tid=263 timed_waiting
java.lang.Thread.State: TIMED_WAITING
        at sun.misc.Unsafe.park(Native Method)
        at java.util.concurrent.locks.LockSupport.parkNanos(LockSupport.java:215)
        at java.util.concurrent.locks.AbstractQueuedSynchronizer$ConditionObject.awaitNanos(AbstractQueuedSynchronizer.java:2078)
        at java.util.concurrent.ScheduledThreadPoolExecutor$DelayedWorkQueue.take(ScheduledThreadPoolExecutor.java:1093)
        at java.util.concurrent.ScheduledThreadPoolExecutor$DelayedWorkQueue.take(ScheduledThreadPoolExecutor.java:809)
        at java.util.concurrent.ThreadPoolExecutor.getTask(ThreadPoolExecutor.java:1074)
        at java.util.concurrent.ThreadPoolExecutor.runWorker(ThreadPoolExecutor.java:1134)
        at java.util.concurrent.ThreadPoolExecutor$Worker.run(ThreadPoolExecutor.java:624)
        at java.lang.Thread.run(Thread.java:750)
"dc492f9b-31c5-46a5-b048-fde4f7a6d732@group-14B460C0674A-SegmentedRaftLogWorker"  prio=5 tid=648 timed_waiting
java.lang.Thread.State: TIMED_WAITING
        at sun.misc.Unsafe.park(Native Method)
        at java.util.concurrent.locks.LockSupport.parkNanos(LockSupport.java:215)
        at java.util.concurrent.locks.AbstractQueuedSynchronizer$ConditionObject.awaitNanos(AbstractQueuedSynchronizer.java:2078)
        at org.apache.ratis.util.DataBlockingQueue.poll(DataBlockingQueue.java:148)
        at org.apache.ratis.server.raftlog.segmented.SegmentedRaftLogWorker.run(SegmentedRaftLogWorker.java:310)
        at org.apache.ratis.server.raftlog.segmented.SegmentedRaftLogWorker$$Lambda$665/5803680.run(Unknown Source)
        at java.lang.Thread.run(Thread.java:750)
"StaleRecoveringContainerScrubbingService#0" daemon prio=5 tid=551 in Object.wait()
java.lang.Thread.State: WAITING (on object monitor)
        at sun.misc.Unsafe.park(Native Method)
        at java.util.concurrent.locks.LockSupport.park(LockSupport.java:175)
        at java.util.concurrent.locks.AbstractQueuedSynchronizer$ConditionObject.await(AbstractQueuedSynchronizer.java:2039)
        at java.util.concurrent.ScheduledThreadPoolExecutor$DelayedWorkQueue.take(ScheduledThreadPoolExecutor.java:1088)
        at java.util.concurrent.ScheduledThreadPoolExecutor$DelayedWorkQueue.take(ScheduledThreadPoolExecutor.java:809)
        at java.util.concurrent.ThreadPoolExecutor.getTask(ThreadPoolExecutor.java:1074)
        at java.util.concurrent.ThreadPoolExecutor.runWorker(ThreadPoolExecutor.java:1134)
        at java.util.concurrent.ThreadPoolExecutor$Worker.run(ThreadPoolExecutor.java:624)
        at java.lang.Thread.run(Thread.java:750)
"dc492f9b-31c5-46a5-b048-fde4f7a6d732@group-1CB3B225A7FA-StateMachineUpdater" daemon prio=5 tid=647 timed_waiting
java.lang.Thread.State: TIMED_WAITING
        at sun.misc.Unsafe.park(Native Method)
        at java.util.concurrent.locks.LockSupport.parkNanos(LockSupport.java:215)
        at java.util.concurrent.CompletableFuture$Signaller.block(CompletableFuture.java:1709)
        at java.util.concurrent.ForkJoinPool.managedBlock(ForkJoinPool.java:3323)
        at java.util.concurrent.CompletableFuture.timedGet(CompletableFuture.java:1788)
        at java.util.concurrent.CompletableFuture.get(CompletableFuture.java:1928)
        at org.apache.ratis.util.AwaitForSignal.await(AwaitForSignal.java:56)
        at org.apache.ratis.server.impl.StateMachineUpdater.waitForCommit(StateMachineUpdater.java:207)
        at org.apache.ratis.server.impl.StateMachineUpdater.run(StateMachineUpdater.java:176)
        at java.lang.Thread.run(Thread.java:750)
"9b302da2-2c09-4610-b1b5-c4dbcc9298e9@group-AA1973943C79-StateMachineUpdater" daemon prio=5 tid=681 timed_waiting
java.lang.Thread.State: TIMED_WAITING
        at sun.misc.Unsafe.park(Native Method)
        at java.util.concurrent.locks.LockSupport.parkNanos(LockSupport.java:215)
        at java.util.concurrent.CompletableFuture$Signaller.block(CompletableFuture.java:1709)
        at java.util.concurrent.ForkJoinPool.managedBlock(ForkJoinPool.java:3323)
        at java.util.concurrent.CompletableFuture.timedGet(CompletableFuture.java:1788)
        at java.util.concurrent.CompletableFuture.get(CompletableFuture.java:1928)
        at org.apache.ratis.util.AwaitForSignal.await(AwaitForSignal.java:56)
        at org.apache.ratis.server.impl.StateMachineUpdater.waitForCommit(StateMachineUpdater.java:207)
        at org.apache.ratis.server.impl.StateMachineUpdater.run(StateMachineUpdater.java:176)
        at java.lang.Thread.run(Thread.java:750)
"BlockDeletingService#2" daemon prio=5 tid=905 in Object.wait()
java.lang.Thread.State: WAITING (on object monitor)
        at sun.misc.Unsafe.park(Native Method)
        at java.util.concurrent.locks.LockSupport.park(LockSupport.java:175)
        at java.util.concurrent.locks.AbstractQueuedSynchronizer$ConditionObject.await(AbstractQueuedSynchronizer.java:2039)
        at java.util.concurrent.ScheduledThreadPoolExecutor$DelayedWorkQueue.take(ScheduledThreadPoolExecutor.java:1088)
        at java.util.concurrent.ScheduledThreadPoolExecutor$DelayedWorkQueue.take(ScheduledThreadPoolExecutor.java:809)
        at java.util.concurrent.ThreadPoolExecutor.getTask(ThreadPoolExecutor.java:1074)
        at java.util.concurrent.ThreadPoolExecutor.runWorker(ThreadPoolExecutor.java:1134)
        at java.util.concurrent.ThreadPoolExecutor$Worker.run(ThreadPoolExecutor.java:624)
        at java.lang.Thread.run(Thread.java:750)
"FixedThreadPoolWithAffinityExecutor-7-0" daemon prio=5 tid=42 timed_waiting
java.lang.Thread.State: TIMED_WAITING
        at sun.misc.Unsafe.park(Native Method)
        at java.util.concurrent.locks.LockSupport.parkNanos(LockSupport.java:215)
        at java.util.concurrent.locks.AbstractQueuedSynchronizer$ConditionObject.awaitNanos(AbstractQueuedSynchronizer.java:2078)
        at java.util.concurrent.LinkedBlockingQueue.poll(LinkedBlockingQueue.java:467)
        at org.apache.hadoop.hdds.scm.server.ContainerReportQueue.poll(ContainerReportQueue.java:266)
        at org.apache.hadoop.hdds.scm.server.ContainerReportQueue.poll(ContainerReportQueue.java:42)
        at org.apache.hadoop.hdds.server.events.FixedThreadPoolWithAffinityExecutor$ContainerReportProcessTask.run(FixedThreadPoolWithAffinityExecutor.java:218)
        at java.util.concurrent.Executors$RunnableAdapter.call(Executors.java:511)
        at java.util.concurrent.FutureTask.run(FutureTask.java:266)
        at java.util.concurrent.ThreadPoolExecutor.runWorker(ThreadPoolExecutor.java:1149)
        at java.util.concurrent.ThreadPoolExecutor$Worker.run(ThreadPoolExecutor.java:624)
        at java.lang.Thread.run(Thread.java:750)
"IPC Server Responder" daemon prio=5 tid=34 runnable
java.lang.Thread.State: RUNNABLE
        at sun.nio.ch.EPollArrayWrapper.epollWait(Native Method)
        at sun.nio.ch.EPollArrayWrapper.poll(EPollArrayWrapper.java:269)
        at sun.nio.ch.EPollSelectorImpl.doSelect(EPollSelectorImpl.java:93)
        at sun.nio.ch.SelectorImpl.lockAndDoSelect(SelectorImpl.java:86)
        at sun.nio.ch.SelectorImpl.select(SelectorImpl.java:97)
        at org.apache.hadoop.ipc.Server$Responder.doRunLoop(Server.java:1532)
        at org.apache.hadoop.ipc.Server$Responder.run(Server.java:1515)
"bc4c196d-1c1a-499c-9b0d-21e75e378ad6@group-2DB472FABF22-SegmentedRaftLogWorker"  prio=5 tid=668 timed_waiting
java.lang.Thread.State: TIMED_WAITING
        at sun.misc.Unsafe.park(Native Method)
        at java.util.concurrent.locks.LockSupport.parkNanos(LockSupport.java:215)
        at java.util.concurrent.locks.AbstractQueuedSynchronizer$ConditionObject.awaitNanos(AbstractQueuedSynchronizer.java:2078)
        at org.apache.ratis.util.DataBlockingQueue.poll(DataBlockingQueue.java:148)
        at org.apache.ratis.server.raftlog.segmented.SegmentedRaftLogWorker.run(SegmentedRaftLogWorker.java:310)
        at org.apache.ratis.server.raftlog.segmented.SegmentedRaftLogWorker$$Lambda$665/5803680.run(Unknown Source)
        at java.lang.Thread.run(Thread.java:750)
"e73ed4bb-a433-4ecd-b93a-d0b4e16433ed@group-5D8652A3AABE-SegmentedRaftLogWorker"  prio=5 tid=630 timed_waiting
java.lang.Thread.State: TIMED_WAITING
        at sun.misc.Unsafe.park(Native Method)
        at java.util.concurrent.locks.LockSupport.parkNanos(LockSupport.java:215)
        at java.util.concurrent.locks.AbstractQueuedSynchronizer$ConditionObject.awaitNanos(AbstractQueuedSynchronizer.java:2078)
        at org.apache.ratis.util.DataBlockingQueue.poll(DataBlockingQueue.java:148)
        at org.apache.ratis.server.raftlog.segmented.SegmentedRaftLogWorker.run(SegmentedRaftLogWorker.java:310)
        at org.apache.ratis.server.raftlog.segmented.SegmentedRaftLogWorker$$Lambda$665/5803680.run(Unknown Source)
        at java.lang.Thread.run(Thread.java:750)
"ReplicationMonitor" daemon prio=5 tid=857 timed_waiting
java.lang.Thread.State: TIMED_WAITING
        at java.lang.Object.wait(Native Method)
        at org.apache.hadoop.hdds.scm.container.replication.ReplicationManager.run(ReplicationManager.java:575)
        at org.apache.hadoop.hdds.scm.container.replication.ReplicationManager$$Lambda$382/693982422.run(Unknown Source)
        at java.lang.Thread.run(Thread.java:750)
"Command processor thread" daemon prio=5 tid=440 timed_waiting
java.lang.Thread.State: TIMED_WAITING
        at java.lang.Thread.sleep(Native Method)
        at org.apache.hadoop.ozone.container.common.statemachine.DatanodeStateMachine.lambda$initCommandHandlerThread$3(DatanodeStateMachine.java:641)
        at org.apache.hadoop.ozone.container.common.statemachine.DatanodeStateMachine$$Lambda$753/440432640.run(Unknown Source)
        at java.lang.Thread.run(Thread.java:750)
"Session-HouseKeeper-6a05f8d0-1"  prio=5 tid=324 timed_waiting
java.lang.Thread.State: TIMED_WAITING
        at sun.misc.Unsafe.park(Native Method)
        at java.util.concurrent.locks.LockSupport.parkNanos(LockSupport.java:215)
        at java.util.concurrent.locks.AbstractQueuedSynchronizer$ConditionObject.awaitNanos(AbstractQueuedSynchronizer.java:2078)
        at java.util.concurrent.ScheduledThreadPoolExecutor$DelayedWorkQueue.take(ScheduledThreadPoolExecutor.java:1093)
        at java.util.concurrent.ScheduledThreadPoolExecutor$DelayedWorkQueue.take(ScheduledThreadPoolExecutor.java:809)
        at java.util.concurrent.ThreadPoolExecutor.getTask(ThreadPoolExecutor.java:1074)
        at java.util.concurrent.ThreadPoolExecutor.runWorker(ThreadPoolExecutor.java:1134)
        at java.util.concurrent.ThreadPoolExecutor$Worker.run(ThreadPoolExecutor.java:624)
        at java.lang.Thread.run(Thread.java:750)
"qtp1798219135-212" daemon prio=5 tid=212 timed_waiting
java.lang.Thread.State: TIMED_WAITING
        at sun.misc.Unsafe.park(Native Method)
        at java.util.concurrent.locks.LockSupport.parkNanos(LockSupport.java:215)
        at java.util.concurrent.locks.AbstractQueuedSynchronizer$ConditionObject.awaitNanos(AbstractQueuedSynchronizer.java:2078)
        at org.eclipse.jetty.util.BlockingArrayQueue.poll(BlockingArrayQueue.java:382)
        at org.eclipse.jetty.util.thread.QueuedThreadPool$Runner.idleJobPoll(QueuedThreadPool.java:974)
        at org.eclipse.jetty.util.thread.QueuedThreadPool$Runner.run(QueuedThreadPool.java:1018)
        at java.lang.Thread.run(Thread.java:750)
"FixedThreadPoolWithAffinityExecutor-6-0" daemon prio=5 tid=41 timed_waiting
java.lang.Thread.State: TIMED_WAITING
        at sun.misc.Unsafe.park(Native Method)
        at java.util.concurrent.locks.LockSupport.parkNanos(LockSupport.java:215)
        at java.util.concurrent.locks.AbstractQueuedSynchronizer$ConditionObject.awaitNanos(AbstractQueuedSynchronizer.java:2078)
        at java.util.concurrent.LinkedBlockingQueue.poll(LinkedBlockingQueue.java:467)
        at org.apache.hadoop.hdds.scm.server.ContainerReportQueue.poll(ContainerReportQueue.java:266)
        at org.apache.hadoop.hdds.scm.server.ContainerReportQueue.poll(ContainerReportQueue.java:42)
        at org.apache.hadoop.hdds.server.events.FixedThreadPoolWithAffinityExecutor$ContainerReportProcessTask.run(FixedThreadPoolWithAffinityExecutor.java:218)
        at java.util.concurrent.Executors$RunnableAdapter.call(Executors.java:511)
        at java.util.concurrent.FutureTask.run(FutureTask.java:266)
        at java.util.concurrent.ThreadPoolExecutor.runWorker(ThreadPoolExecutor.java:1149)
        at java.util.concurrent.ThreadPoolExecutor$Worker.run(ThreadPoolExecutor.java:624)
        at java.lang.Thread.run(Thread.java:750)
"bc4c196d-1c1a-499c-9b0d-21e75e378ad6-server-thread1" daemon prio=5 tid=806 timed_waiting
java.lang.Thread.State: TIMED_WAITING
        at sun.misc.Unsafe.park(Native Method)
        at java.util.concurrent.locks.LockSupport.parkNanos(LockSupport.java:215)
        at java.util.concurrent.SynchronousQueue$TransferStack.awaitFulfill(SynchronousQueue.java:460)
        at java.util.concurrent.SynchronousQueue$TransferStack.transfer(SynchronousQueue.java:362)
        at java.util.concurrent.SynchronousQueue.poll(SynchronousQueue.java:941)
        at java.util.concurrent.ThreadPoolExecutor.getTask(ThreadPoolExecutor.java:1073)
        at java.util.concurrent.ThreadPoolExecutor.runWorker(ThreadPoolExecutor.java:1134)
        at java.util.concurrent.ThreadPoolExecutor$Worker.run(ThreadPoolExecutor.java:624)
        at java.lang.Thread.run(Thread.java:750)
"ChunkReader-3" daemon prio=5 tid=813 in Object.wait()
java.lang.Thread.State: WAITING (on object monitor)
        at sun.misc.Unsafe.park(Native Method)
        at java.util.concurrent.locks.LockSupport.park(LockSupport.java:175)
        at java.util.concurrent.locks.AbstractQueuedSynchronizer$ConditionObject.await(AbstractQueuedSynchronizer.java:2039)
        at java.util.concurrent.LinkedBlockingQueue.take(LinkedBlockingQueue.java:442)
        at java.util.concurrent.ThreadPoolExecutor.getTask(ThreadPoolExecutor.java:1074)
        at java.util.concurrent.ThreadPoolExecutor.runWorker(ThreadPoolExecutor.java:1134)
        at java.util.concurrent.ThreadPoolExecutor$Worker.run(ThreadPoolExecutor.java:624)
        at java.lang.Thread.run(Thread.java:750)
"FixedThreadPoolWithAffinityExecutor-3-0" daemon prio=5 tid=38 timed_waiting
java.lang.Thread.State: TIMED_WAITING
        at sun.misc.Unsafe.park(Native Method)
        at java.util.concurrent.locks.LockSupport.parkNanos(LockSupport.java:215)
        at java.util.concurrent.locks.AbstractQueuedSynchronizer$ConditionObject.awaitNanos(AbstractQueuedSynchronizer.java:2078)
        at java.util.concurrent.LinkedBlockingQueue.poll(LinkedBlockingQueue.java:467)
        at org.apache.hadoop.hdds.scm.server.ContainerReportQueue.poll(ContainerReportQueue.java:266)
        at org.apache.hadoop.hdds.scm.server.ContainerReportQueue.poll(ContainerReportQueue.java:42)
        at org.apache.hadoop.hdds.server.events.FixedThreadPoolWithAffinityExecutor$ContainerReportProcessTask.run(FixedThreadPoolWithAffinityExecutor.java:218)
        at java.util.concurrent.Executors$RunnableAdapter.call(Executors.java:511)
        at java.util.concurrent.FutureTask.run(FutureTask.java:266)
        at java.util.concurrent.ThreadPoolExecutor.runWorker(ThreadPoolExecutor.java:1149)
        at java.util.concurrent.ThreadPoolExecutor$Worker.run(ThreadPoolExecutor.java:624)
        at java.lang.Thread.run(Thread.java:750)
"BlockDeletingService#2" daemon prio=5 tid=907 in Object.wait()
java.lang.Thread.State: WAITING (on object monitor)
        at sun.misc.Unsafe.park(Native Method)
        at java.util.concurrent.locks.LockSupport.park(LockSupport.java:175)
        at java.util.concurrent.locks.AbstractQueuedSynchronizer$ConditionObject.await(AbstractQueuedSynchronizer.java:2039)
        at java.util.concurrent.ScheduledThreadPoolExecutor$DelayedWorkQueue.take(ScheduledThreadPoolExecutor.java:1088)
        at java.util.concurrent.ScheduledThreadPoolExecutor$DelayedWorkQueue.take(ScheduledThreadPoolExecutor.java:809)
        at java.util.concurrent.ThreadPoolExecutor.getTask(ThreadPoolExecutor.java:1074)
        at java.util.concurrent.ThreadPoolExecutor.runWorker(ThreadPoolExecutor.java:1134)
        at java.util.concurrent.ThreadPoolExecutor$Worker.run(ThreadPoolExecutor.java:624)
        at java.lang.Thread.run(Thread.java:750)
"JvmPauseMonitor4" daemon prio=5 tid=481 timed_waiting
java.lang.Thread.State: TIMED_WAITING
        at java.lang.Thread.sleep(Native Method)
        at java.lang.Thread.sleep(Thread.java:342)
        at java.util.concurrent.TimeUnit.sleep(TimeUnit.java:386)
        at org.apache.ratis.util.TimeDuration.sleep(TimeDuration.java:325)
        at org.apache.ratis.util.TimeDuration.sleep(TimeDuration.java:310)
        at org.apache.ratis.util.JvmPauseMonitor.detectPause(JvmPauseMonitor.java:119)
        at org.apache.ratis.util.JvmPauseMonitor.run(JvmPauseMonitor.java:108)
        at org.apache.ratis.util.JvmPauseMonitor$$Lambda$706/668240146.run(Unknown Source)
        at java.lang.Thread.run(Thread.java:750)
"StaleRecoveringContainerScrubbingService#1" daemon prio=5 tid=400 timed_waiting
java.lang.Thread.State: TIMED_WAITING
        at sun.misc.Unsafe.park(Native Method)
        at java.util.concurrent.locks.LockSupport.parkNanos(LockSupport.java:215)
        at java.util.concurrent.locks.AbstractQueuedSynchronizer$ConditionObject.awaitNanos(AbstractQueuedSynchronizer.java:2078)
        at java.util.concurrent.ScheduledThreadPoolExecutor$DelayedWorkQueue.take(ScheduledThreadPoolExecutor.java:1093)
        at java.util.concurrent.ScheduledThreadPoolExecutor$DelayedWorkQueue.take(ScheduledThreadPoolExecutor.java:809)
        at java.util.concurrent.ThreadPoolExecutor.getTask(ThreadPoolExecutor.java:1074)
        at java.util.concurrent.ThreadPoolExecutor.runWorker(ThreadPoolExecutor.java:1134)
        at java.util.concurrent.ThreadPoolExecutor$Worker.run(ThreadPoolExecutor.java:624)
        at java.lang.Thread.run(Thread.java:750)
"Datanode ReportManager Thread - 1" daemon prio=5 tid=275 in Object.wait()
java.lang.Thread.State: WAITING (on object monitor)
        at sun.misc.Unsafe.park(Native Method)
        at java.util.concurrent.locks.LockSupport.park(LockSupport.java:175)
        at java.util.concurrent.locks.AbstractQueuedSynchronizer$ConditionObject.await(AbstractQueuedSynchronizer.java:2039)
        at java.util.concurrent.ScheduledThreadPoolExecutor$DelayedWorkQueue.take(ScheduledThreadPoolExecutor.java:1088)
        at java.util.concurrent.ScheduledThreadPoolExecutor$DelayedWorkQueue.take(ScheduledThreadPoolExecutor.java:809)
        at java.util.concurrent.ThreadPoolExecutor.getTask(ThreadPoolExecutor.java:1074)
        at java.util.concurrent.ThreadPoolExecutor.runWorker(ThreadPoolExecutor.java:1134)
        at java.util.concurrent.ThreadPoolExecutor$Worker.run(ThreadPoolExecutor.java:624)
        at java.lang.Thread.run(Thread.java:750)
"Datanode ReportManager Thread - 2" daemon prio=5 tid=475 timed_waiting
java.lang.Thread.State: TIMED_WAITING
        at sun.misc.Unsafe.park(Native Method)
        at java.util.concurrent.locks.LockSupport.parkNanos(LockSupport.java:215)
        at java.util.concurrent.locks.AbstractQueuedSynchronizer$ConditionObject.awaitNanos(AbstractQueuedSynchronizer.java:2078)
        at java.util.concurrent.ScheduledThreadPoolExecutor$DelayedWorkQueue.take(ScheduledThreadPoolExecutor.java:1093)
        at java.util.concurrent.ScheduledThreadPoolExecutor$DelayedWorkQueue.take(ScheduledThreadPoolExecutor.java:809)
        at java.util.concurrent.ThreadPoolExecutor.getTask(ThreadPoolExecutor.java:1074)
        at java.util.concurrent.ThreadPoolExecutor.runWorker(ThreadPoolExecutor.java:1134)
        at java.util.concurrent.ThreadPoolExecutor$Worker.run(ThreadPoolExecutor.java:624)
        at java.lang.Thread.run(Thread.java:750)
"qtp2076445832-387" daemon prio=5 tid=387 timed_waiting
java.lang.Thread.State: TIMED_WAITING
        at sun.misc.Unsafe.park(Native Method)
        at java.util.concurrent.locks.LockSupport.parkNanos(LockSupport.java:215)
        at java.util.concurrent.locks.AbstractQueuedSynchronizer$ConditionObject.awaitNanos(AbstractQueuedSynchronizer.java:2078)
        at org.eclipse.jetty.util.BlockingArrayQueue.poll(BlockingArrayQueue.java:382)
        at org.eclipse.jetty.util.thread.QueuedThreadPool$Runner.idleJobPoll(QueuedThreadPool.java:974)
        at org.eclipse.jetty.util.thread.QueuedThreadPool$Runner.run(QueuedThreadPool.java:1018)
        at java.lang.Thread.run(Thread.java:750)
"47858208-0de4-46ca-af6a-45b9f6a00c92@group-760B59CC648B->914271eb-14eb-4bb5-b4be-b6b4d3827766-GrpcLogAppender-LogAppenderDaemon" daemon prio=5 tid=745 timed_waiting
java.lang.Thread.State: TIMED_WAITING
        at sun.misc.Unsafe.park(Native Method)
        at java.util.concurrent.locks.LockSupport.parkNanos(LockSupport.java:215)
        at java.util.concurrent.CompletableFuture$Signaller.block(CompletableFuture.java:1709)
        at java.util.concurrent.ForkJoinPool.managedBlock(ForkJoinPool.java:3323)
        at java.util.concurrent.CompletableFuture.timedGet(CompletableFuture.java:1788)
        at java.util.concurrent.CompletableFuture.get(CompletableFuture.java:1928)
        at org.apache.ratis.util.AwaitForSignal.await(AwaitForSignal.java:56)
        at org.apache.ratis.grpc.server.GrpcLogAppender.mayWait(GrpcLogAppender.java:198)
        at org.apache.ratis.grpc.server.GrpcLogAppender.run(GrpcLogAppender.java:148)
        at org.apache.ratis.server.leader.LogAppenderDaemon.run(LogAppenderDaemon.java:78)
        at org.apache.ratis.server.leader.LogAppenderDaemon$$Lambda$1039/1655154307.run(Unknown Source)
        at java.lang.Thread.run(Thread.java:750)
"Datanode State Machine Daemon Thread" daemon prio=5 tid=273 timed_waiting
java.lang.Thread.State: TIMED_WAITING
        at java.lang.Thread.sleep(Native Method)
        at org.apache.hadoop.ozone.container.common.statemachine.DatanodeStateMachine.startStateMachineThread(DatanodeStateMachine.java:321)
        at org.apache.hadoop.ozone.container.common.statemachine.DatanodeStateMachine.lambda$startDaemon$0(DatanodeStateMachine.java:506)
        at org.apache.hadoop.ozone.container.common.statemachine.DatanodeStateMachine$$Lambda$751/596905128.run(Unknown Source)
        at java.lang.Thread.run(Thread.java:750)
"IPC Server handler 18 on default port 36953" daemon prio=5 tid=65 timed_waiting
java.lang.Thread.State: TIMED_WAITING
        at sun.misc.Unsafe.park(Native Method)
        at java.util.concurrent.locks.LockSupport.parkNanos(LockSupport.java:215)
        at java.util.concurrent.locks.AbstractQueuedSynchronizer$ConditionObject.awaitNanos(AbstractQueuedSynchronizer.java:2078)
        at java.util.concurrent.LinkedBlockingQueue.poll(LinkedBlockingQueue.java:467)
        at org.apache.hadoop.ipc.CallQueueManager.take(CallQueueManager.java:317)
        at org.apache.hadoop.ipc.Server$Handler.run(Server.java:2942)
"IPC Client (413118491) connection to 0.0.0.0/0.0.0.0:45711 from runner" daemon prio=5 tid=353 timed_waiting
java.lang.Thread.State: TIMED_WAITING
        at java.lang.Object.wait(Native Method)
        at org.apache.hadoop.ipc.Client$Connection.waitForWork(Client.java:1086)
        at org.apache.hadoop.ipc.Client$Connection.run(Client.java:1133)
"om1-client-thread1" daemon prio=5 tid=766 timed_waiting
java.lang.Thread.State: TIMED_WAITING
        at sun.misc.Unsafe.park(Native Method)
        at java.util.concurrent.locks.LockSupport.parkNanos(LockSupport.java:215)
        at java.util.concurrent.SynchronousQueue$TransferStack.awaitFulfill(SynchronousQueue.java:460)
        at java.util.concurrent.SynchronousQueue$TransferStack.transfer(SynchronousQueue.java:362)
        at java.util.concurrent.SynchronousQueue.poll(SynchronousQueue.java:941)
        at java.util.concurrent.ThreadPoolExecutor.getTask(ThreadPoolExecutor.java:1073)
        at java.util.concurrent.ThreadPoolExecutor.runWorker(ThreadPoolExecutor.java:1134)
        at java.util.concurrent.ThreadPoolExecutor$Worker.run(ThreadPoolExecutor.java:624)
        at java.lang.Thread.run(Thread.java:750)
"BackgroundPipelineScrubberThread" daemon prio=5 tid=16 timed_waiting
java.lang.Thread.State: TIMED_WAITING
        at java.lang.Object.wait(Native Method)
        at org.apache.hadoop.hdds.scm.ha.BackgroundSCMService.run(BackgroundSCMService.java:110)
        at org.apache.hadoop.hdds.scm.ha.BackgroundSCMService$$Lambda$375/599203108.run(Unknown Source)
        at java.lang.Thread.run(Thread.java:750)
"qtp2076445832-384" daemon prio=5 tid=384 timed_waiting
java.lang.Thread.State: TIMED_WAITING
        at sun.misc.Unsafe.park(Native Method)
        at java.util.concurrent.locks.LockSupport.parkNanos(LockSupport.java:215)
        at java.util.concurrent.locks.AbstractQueuedSynchronizer$ConditionObject.awaitNanos(AbstractQueuedSynchronizer.java:2078)
        at org.eclipse.jetty.util.BlockingArrayQueue.poll(BlockingArrayQueue.java:382)
        at org.eclipse.jetty.util.thread.QueuedThreadPool$Runner.idleJobPoll(QueuedThreadPool.java:974)
        at org.eclipse.jetty.util.thread.QueuedThreadPool$Runner.run(QueuedThreadPool.java:1018)
        at java.lang.Thread.run(Thread.java:750)
"qtp2002410087-113" daemon prio=5 tid=113 timed_waiting
java.lang.Thread.State: TIMED_WAITING
        at sun.misc.Unsafe.park(Native Method)
        at java.util.concurrent.locks.LockSupport.parkNanos(LockSupport.java:215)
        at java.util.concurrent.locks.AbstractQueuedSynchronizer$ConditionObject.awaitNanos(AbstractQueuedSynchronizer.java:2078)
        at org.eclipse.jetty.util.BlockingArrayQueue.poll(BlockingArrayQueue.java:382)
        at org.eclipse.jetty.util.thread.QueuedThreadPool$Runner.idleJobPoll(QueuedThreadPool.java:974)
        at org.eclipse.jetty.util.thread.QueuedThreadPool$Runner.run(QueuedThreadPool.java:1018)
        at java.lang.Thread.run(Thread.java:750)
"ChunkReader-2" daemon prio=5 tid=814 in Object.wait()
java.lang.Thread.State: WAITING (on object monitor)
        at sun.misc.Unsafe.park(Native Method)
        at java.util.concurrent.locks.LockSupport.park(LockSupport.java:175)
        at java.util.concurrent.locks.AbstractQueuedSynchronizer$ConditionObject.await(AbstractQueuedSynchronizer.java:2039)
        at java.util.concurrent.LinkedBlockingQueue.take(LinkedBlockingQueue.java:442)
        at java.util.concurrent.ThreadPoolExecutor.getTask(ThreadPoolExecutor.java:1074)
        at java.util.concurrent.ThreadPoolExecutor.runWorker(ThreadPoolExecutor.java:1134)
        at java.util.concurrent.ThreadPoolExecutor$Worker.run(ThreadPoolExecutor.java:624)
        at java.lang.Thread.run(Thread.java:750)
"dc492f9b-31c5-46a5-b048-fde4f7a6d732@group-2DB472FABF22-StateMachineUpdater" daemon prio=5 tid=663 timed_waiting
java.lang.Thread.State: TIMED_WAITING
        at sun.misc.Unsafe.park(Native Method)
        at java.util.concurrent.locks.LockSupport.parkNanos(LockSupport.java:215)
        at java.util.concurrent.CompletableFuture$Signaller.block(CompletableFuture.java:1709)
        at java.util.concurrent.ForkJoinPool.managedBlock(ForkJoinPool.java:3323)
        at java.util.concurrent.CompletableFuture.timedGet(CompletableFuture.java:1788)
        at java.util.concurrent.CompletableFuture.get(CompletableFuture.java:1928)
        at org.apache.ratis.util.AwaitForSignal.await(AwaitForSignal.java:56)
        at org.apache.ratis.server.impl.StateMachineUpdater.waitForCommit(StateMachineUpdater.java:207)
        at org.apache.ratis.server.impl.StateMachineUpdater.run(StateMachineUpdater.java:176)
        at java.lang.Thread.run(Thread.java:750)
"qtp1531438298-293" daemon prio=5 tid=293 timed_waiting
java.lang.Thread.State: TIMED_WAITING
        at sun.misc.Unsafe.park(Native Method)
        at java.util.concurrent.locks.LockSupport.parkNanos(LockSupport.java:215)
        at java.util.concurrent.locks.AbstractQueuedSynchronizer$ConditionObject.awaitNanos(AbstractQueuedSynchronizer.java:2078)
        at org.eclipse.jetty.util.BlockingArrayQueue.poll(BlockingArrayQueue.java:382)
        at org.eclipse.jetty.util.thread.QueuedThreadPool$Runner.idleJobPoll(QueuedThreadPool.java:974)
        at org.eclipse.jetty.util.thread.QueuedThreadPool$Runner.run(QueuedThreadPool.java:1018)
        at java.lang.Thread.run(Thread.java:750)
"bc4c196d-1c1a-499c-9b0d-21e75e378ad6-server-thread3" daemon prio=5 tid=816 timed_waiting
java.lang.Thread.State: TIMED_WAITING
        at sun.misc.Unsafe.park(Native Method)
        at java.util.concurrent.locks.LockSupport.parkNanos(LockSupport.java:215)
        at java.util.concurrent.SynchronousQueue$TransferStack.awaitFulfill(SynchronousQueue.java:460)
        at java.util.concurrent.SynchronousQueue$TransferStack.transfer(SynchronousQueue.java:362)
        at java.util.concurrent.SynchronousQueue.poll(SynchronousQueue.java:941)
        at java.util.concurrent.ThreadPoolExecutor.getTask(ThreadPoolExecutor.java:1073)
        at java.util.concurrent.ThreadPoolExecutor.runWorker(ThreadPoolExecutor.java:1134)
        at java.util.concurrent.ThreadPoolExecutor$Worker.run(ThreadPoolExecutor.java:624)
        at java.lang.Thread.run(Thread.java:750)
"pool-264-thread-1"  prio=5 tid=656 in Object.wait()
java.lang.Thread.State: WAITING (on object monitor)
        at sun.misc.Unsafe.park(Native Method)
        at java.util.concurrent.locks.LockSupport.park(LockSupport.java:175)
        at java.util.concurrent.locks.AbstractQueuedSynchronizer$ConditionObject.await(AbstractQueuedSynchronizer.java:2039)
        at java.util.concurrent.LinkedBlockingQueue.take(LinkedBlockingQueue.java:442)
        at java.util.concurrent.ThreadPoolExecutor.getTask(ThreadPoolExecutor.java:1074)
        at java.util.concurrent.ThreadPoolExecutor.runWorker(ThreadPoolExecutor.java:1134)
        at java.util.concurrent.ThreadPoolExecutor$Worker.run(ThreadPoolExecutor.java:624)
        at java.lang.Thread.run(Thread.java:750)
"914271eb-14eb-4bb5-b4be-b6b4d3827766@group-5D8652A3AABE-SegmentedRaftLogWorker"  prio=5 tid=634 timed_waiting
java.lang.Thread.State: TIMED_WAITING
        at sun.misc.Unsafe.park(Native Method)
        at java.util.concurrent.locks.LockSupport.parkNanos(LockSupport.java:215)
        at java.util.concurrent.locks.AbstractQueuedSynchronizer$ConditionObject.awaitNanos(AbstractQueuedSynchronizer.java:2078)
        at org.apache.ratis.util.DataBlockingQueue.poll(DataBlockingQueue.java:148)
        at org.apache.ratis.server.raftlog.segmented.SegmentedRaftLogWorker.run(SegmentedRaftLogWorker.java:310)
        at org.apache.ratis.server.raftlog.segmented.SegmentedRaftLogWorker$$Lambda$665/5803680.run(Unknown Source)
        at java.lang.Thread.run(Thread.java:750)
"qtp2002410087-114" daemon prio=5 tid=114 timed_waiting
java.lang.Thread.State: TIMED_WAITING
        at sun.misc.Unsafe.park(Native Method)
        at java.util.concurrent.locks.LockSupport.parkNanos(LockSupport.java:215)
        at java.util.concurrent.locks.AbstractQueuedSynchronizer$ConditionObject.awaitNanos(AbstractQueuedSynchronizer.java:2078)
        at org.eclipse.jetty.util.BlockingArrayQueue.poll(BlockingArrayQueue.java:382)
        at org.eclipse.jetty.util.thread.QueuedThreadPool$Runner.idleJobPoll(QueuedThreadPool.java:974)
        at org.eclipse.jetty.util.thread.QueuedThreadPool$Runner.run(QueuedThreadPool.java:1018)
        at java.lang.Thread.run(Thread.java:750)
"IPC Server handler 8 on default port 45711" daemon prio=5 tid=95 timed_waiting
java.lang.Thread.State: TIMED_WAITING
        at sun.misc.Unsafe.park(Native Method)
        at java.util.concurrent.locks.LockSupport.parkNanos(LockSupport.java:215)
        at java.util.concurrent.locks.AbstractQueuedSynchronizer$ConditionObject.awaitNanos(AbstractQueuedSynchronizer.java:2078)
        at java.util.concurrent.LinkedBlockingQueue.poll(LinkedBlockingQueue.java:467)
        at org.apache.hadoop.ipc.CallQueueManager.take(CallQueueManager.java:317)
        at org.apache.hadoop.ipc.Server$Handler.run(Server.java:2942)
"qtp1531438298-291-acceptor-0@283ff5a2-ServerConnector@24112ec4{HTTP/1.1, (http/1.1)}{0.0.0.0:37033}" daemon prio=3 tid=291 runnable
java.lang.Thread.State: RUNNABLE
        at sun.nio.ch.ServerSocketChannelImpl.accept0(Native Method)
        at sun.nio.ch.ServerSocketChannelImpl.accept(ServerSocketChannelImpl.java:421)
        at sun.nio.ch.ServerSocketChannelImpl.accept(ServerSocketChannelImpl.java:249)
        at org.eclipse.jetty.server.ServerConnector.accept(ServerConnector.java:388)
        at org.eclipse.jetty.server.AbstractConnector$Acceptor.run(AbstractConnector.java:704)
        at org.eclipse.jetty.util.thread.QueuedThreadPool.runJob(QueuedThreadPool.java:883)
        at org.eclipse.jetty.util.thread.QueuedThreadPool$Runner.run(QueuedThreadPool.java:1034)
        at java.lang.Thread.run(Thread.java:750)
"6480c095-e652-434b-9207-ee2ed1cf0924@group-2DB472FABF22-StateMachineUpdater" daemon prio=5 tid=666 timed_waiting
java.lang.Thread.State: TIMED_WAITING
        at sun.misc.Unsafe.park(Native Method)
        at java.util.concurrent.locks.LockSupport.parkNanos(LockSupport.java:215)
        at java.util.concurrent.CompletableFuture$Signaller.block(CompletableFuture.java:1709)
        at java.util.concurrent.ForkJoinPool.managedBlock(ForkJoinPool.java:3323)
        at java.util.concurrent.CompletableFuture.timedGet(CompletableFuture.java:1788)
        at java.util.concurrent.CompletableFuture.get(CompletableFuture.java:1928)
        at org.apache.ratis.util.AwaitForSignal.await(AwaitForSignal.java:56)
        at org.apache.ratis.server.impl.StateMachineUpdater.waitForCommit(StateMachineUpdater.java:207)
        at org.apache.ratis.server.impl.StateMachineUpdater.run(StateMachineUpdater.java:176)
        at java.lang.Thread.run(Thread.java:750)
"qtp994976213-268" daemon prio=5 tid=268 timed_waiting
java.lang.Thread.State: TIMED_WAITING
        at sun.misc.Unsafe.park(Native Method)
        at java.util.concurrent.locks.LockSupport.parkNanos(LockSupport.java:215)
        at java.util.concurrent.locks.AbstractQueuedSynchronizer$ConditionObject.awaitNanos(AbstractQueuedSynchronizer.java:2078)
        at org.eclipse.jetty.util.BlockingArrayQueue.poll(BlockingArrayQueue.java:382)
        at org.eclipse.jetty.util.thread.QueuedThreadPool$Runner.idleJobPoll(QueuedThreadPool.java:974)
        at org.eclipse.jetty.util.thread.QueuedThreadPool$Runner.run(QueuedThreadPool.java:1018)
        at java.lang.Thread.run(Thread.java:750)
"ChunkReader-ELG-0" daemon prio=5 tid=537 runnable
java.lang.Thread.State: RUNNABLE
        at org.apache.ratis.thirdparty.io.netty.channel.epoll.Native.epollWait(Native Method)
        at org.apache.ratis.thirdparty.io.netty.channel.epoll.Native.epollWait(Native.java:209)
        at org.apache.ratis.thirdparty.io.netty.channel.epoll.Native.epollWait(Native.java:202)
        at org.apache.ratis.thirdparty.io.netty.channel.epoll.EpollEventLoop.epollWaitNoTimerChange(EpollEventLoop.java:294)
        at org.apache.ratis.thirdparty.io.netty.channel.epoll.EpollEventLoop.run(EpollEventLoop.java:351)
        at org.apache.ratis.thirdparty.io.netty.util.concurrent.SingleThreadEventExecutor$4.run(SingleThreadEventExecutor.java:995)
        at org.apache.ratis.thirdparty.io.netty.util.internal.ThreadExecutorMap$2.run(ThreadExecutorMap.java:74)
        at java.lang.Thread.run(Thread.java:750)
"EndpointStateMachine task thread for /0.0.0.0:45711 - 0 "  prio=5 tid=543 in Object.wait()
java.lang.Thread.State: WAITING (on object monitor)
        at sun.misc.Unsafe.park(Native Method)
        at java.util.concurrent.locks.LockSupport.park(LockSupport.java:175)
        at java.util.concurrent.locks.AbstractQueuedSynchronizer$ConditionObject.await(AbstractQueuedSynchronizer.java:2039)
        at java.util.concurrent.LinkedBlockingQueue.take(LinkedBlockingQueue.java:442)
        at java.util.concurrent.ThreadPoolExecutor.getTask(ThreadPoolExecutor.java:1074)
        at java.util.concurrent.ThreadPoolExecutor.runWorker(ThreadPoolExecutor.java:1134)
        at java.util.concurrent.ThreadPoolExecutor$Worker.run(ThreadPoolExecutor.java:624)
        at java.lang.Thread.run(Thread.java:750)
"BlockDeletingService#1" daemon prio=5 tid=552 timed_waiting
java.lang.Thread.State: TIMED_WAITING
        at sun.misc.Unsafe.park(Native Method)
        at java.util.concurrent.locks.LockSupport.parkNanos(LockSupport.java:215)
        at java.util.concurrent.locks.AbstractQueuedSynchronizer$ConditionObject.awaitNanos(AbstractQueuedSynchronizer.java:2078)
        at java.util.concurrent.ScheduledThreadPoolExecutor$DelayedWorkQueue.take(ScheduledThreadPoolExecutor.java:1093)
        at java.util.concurrent.ScheduledThreadPoolExecutor$DelayedWorkQueue.take(ScheduledThreadPoolExecutor.java:809)
        at java.util.concurrent.ThreadPoolExecutor.getTask(ThreadPoolExecutor.java:1074)
        at java.util.concurrent.ThreadPoolExecutor.runWorker(ThreadPoolExecutor.java:1134)
        at java.util.concurrent.ThreadPoolExecutor$Worker.run(ThreadPoolExecutor.java:624)
        at java.lang.Thread.run(Thread.java:750)
"ChunkReader-4" daemon prio=5 tid=820 in Object.wait()
java.lang.Thread.State: WAITING (on object monitor)
        at sun.misc.Unsafe.park(Native Method)
        at java.util.concurrent.locks.LockSupport.park(LockSupport.java:175)
        at java.util.concurrent.locks.AbstractQueuedSynchronizer$ConditionObject.await(AbstractQueuedSynchronizer.java:2039)
        at java.util.concurrent.LinkedBlockingQueue.take(LinkedBlockingQueue.java:442)
        at java.util.concurrent.ThreadPoolExecutor.getTask(ThreadPoolExecutor.java:1074)
        at java.util.concurrent.ThreadPoolExecutor.runWorker(ThreadPoolExecutor.java:1134)
        at java.util.concurrent.ThreadPoolExecutor$Worker.run(ThreadPoolExecutor.java:624)
        at java.lang.Thread.run(Thread.java:750)
"grpc-default-boss-ELG-1-1" daemon prio=5 tid=138 runnable
java.lang.Thread.State: RUNNABLE
        at org.apache.ratis.thirdparty.io.netty.channel.epoll.Native.epollWait(Native Method)
        at org.apache.ratis.thirdparty.io.netty.channel.epoll.Native.epollWait(Native.java:209)
        at org.apache.ratis.thirdparty.io.netty.channel.epoll.Native.epollWait(Native.java:202)
        at org.apache.ratis.thirdparty.io.netty.channel.epoll.EpollEventLoop.epollWaitNoTimerChange(EpollEventLoop.java:294)
        at org.apache.ratis.thirdparty.io.netty.channel.epoll.EpollEventLoop.run(EpollEventLoop.java:351)
        at org.apache.ratis.thirdparty.io.netty.util.concurrent.SingleThreadEventExecutor$4.run(SingleThreadEventExecutor.java:995)
        at org.apache.ratis.thirdparty.io.netty.util.internal.ThreadExecutorMap$2.run(ThreadExecutorMap.java:74)
        at org.apache.ratis.thirdparty.io.netty.util.concurrent.FastThreadLocalRunnable.run(FastThreadLocalRunnable.java:30)
        at java.lang.Thread.run(Thread.java:750)
"IPC Server handler 17 on default port 45711" daemon prio=5 tid=104 timed_waiting
java.lang.Thread.State: TIMED_WAITING
        at sun.misc.Unsafe.park(Native Method)
        at java.util.concurrent.locks.LockSupport.parkNanos(LockSupport.java:215)
        at java.util.concurrent.locks.AbstractQueuedSynchronizer$ConditionObject.awaitNanos(AbstractQueuedSynchronizer.java:2078)
        at java.util.concurrent.LinkedBlockingQueue.poll(LinkedBlockingQueue.java:467)
        at org.apache.hadoop.ipc.CallQueueManager.take(CallQueueManager.java:317)
        at org.apache.hadoop.ipc.Server$Handler.run(Server.java:2942)
"qtp110059025-349" daemon prio=5 tid=349 timed_waiting
java.lang.Thread.State: TIMED_WAITING
        at sun.misc.Unsafe.park(Native Method)
        at java.util.concurrent.locks.LockSupport.parkNanos(LockSupport.java:215)
        at java.util.concurrent.locks.AbstractQueuedSynchronizer$ConditionObject.awaitNanos(AbstractQueuedSynchronizer.java:2078)
        at org.eclipse.jetty.util.BlockingArrayQueue.poll(BlockingArrayQueue.java:382)
        at org.eclipse.jetty.util.thread.QueuedThreadPool$Runner.idleJobPoll(QueuedThreadPool.java:974)
        at org.eclipse.jetty.util.thread.QueuedThreadPool$Runner.run(QueuedThreadPool.java:1018)
        at java.lang.Thread.run(Thread.java:750)
"Datanode State Machine Daemon Thread" daemon prio=5 tid=402 timed_waiting
java.lang.Thread.State: TIMED_WAITING
        at java.lang.Thread.sleep(Native Method)
        at org.apache.hadoop.ozone.container.common.statemachine.DatanodeStateMachine.startStateMachineThread(DatanodeStateMachine.java:321)
        at org.apache.hadoop.ozone.container.common.statemachine.DatanodeStateMachine.lambda$startDaemon$0(DatanodeStateMachine.java:506)
        at org.apache.hadoop.ozone.container.common.statemachine.DatanodeStateMachine$$Lambda$751/596905128.run(Unknown Source)
        at java.lang.Thread.run(Thread.java:750)
"ChunkWriter-2-0" daemon prio=5 tid=471 in Object.wait()
java.lang.Thread.State: WAITING (on object monitor)
        at sun.misc.Unsafe.park(Native Method)
        at java.util.concurrent.locks.LockSupport.park(LockSupport.java:175)
        at java.util.concurrent.locks.AbstractQueuedSynchronizer$ConditionObject.await(AbstractQueuedSynchronizer.java:2039)
        at java.util.concurrent.LinkedBlockingDeque.takeFirst(LinkedBlockingDeque.java:492)
        at java.util.concurrent.LinkedBlockingDeque.take(LinkedBlockingDeque.java:680)
        at java.util.concurrent.ThreadPoolExecutor.getTask(ThreadPoolExecutor.java:1074)
        at java.util.concurrent.ThreadPoolExecutor.runWorker(ThreadPoolExecutor.java:1134)
        at java.util.concurrent.ThreadPoolExecutor$Worker.run(ThreadPoolExecutor.java:624)
        at java.lang.Thread.run(Thread.java:750)
"IPC Parameter Sending Thread #0" daemon prio=5 tid=123 timed_waiting
java.lang.Thread.State: TIMED_WAITING
        at sun.misc.Unsafe.park(Native Method)
        at java.util.concurrent.locks.LockSupport.parkNanos(LockSupport.java:215)
        at java.util.concurrent.SynchronousQueue$TransferStack.awaitFulfill(SynchronousQueue.java:460)
        at java.util.concurrent.SynchronousQueue$TransferStack.transfer(SynchronousQueue.java:362)
        at java.util.concurrent.SynchronousQueue.poll(SynchronousQueue.java:941)
        at java.util.concurrent.ThreadPoolExecutor.getTask(ThreadPoolExecutor.java:1073)
        at java.util.concurrent.ThreadPoolExecutor.runWorker(ThreadPoolExecutor.java:1134)
        at java.util.concurrent.ThreadPoolExecutor$Worker.run(ThreadPoolExecutor.java:624)
        at java.lang.Thread.run(Thread.java:750)
"47858208-0de4-46ca-af6a-45b9f6a00c92@group-E09A63FF8367-StateMachineUpdater" daemon prio=5 tid=613 timed_waiting
java.lang.Thread.State: TIMED_WAITING
        at sun.misc.Unsafe.park(Native Method)
        at java.util.concurrent.locks.LockSupport.parkNanos(LockSupport.java:215)
        at java.util.concurrent.CompletableFuture$Signaller.block(CompletableFuture.java:1709)
        at java.util.concurrent.ForkJoinPool.managedBlock(ForkJoinPool.java:3323)
        at java.util.concurrent.CompletableFuture.timedGet(CompletableFuture.java:1788)
        at java.util.concurrent.CompletableFuture.get(CompletableFuture.java:1928)
        at org.apache.ratis.util.AwaitForSignal.await(AwaitForSignal.java:56)
        at org.apache.ratis.server.impl.StateMachineUpdater.waitForCommit(StateMachineUpdater.java:207)
        at org.apache.ratis.server.impl.StateMachineUpdater.run(StateMachineUpdater.java:176)
        at java.lang.Thread.run(Thread.java:750)
"Datanode ReportManager Thread - 0" daemon prio=5 tid=473 in Object.wait()
java.lang.Thread.State: WAITING (on object monitor)
        at sun.misc.Unsafe.park(Native Method)
        at java.util.concurrent.locks.LockSupport.park(LockSupport.java:175)
        at java.util.concurrent.locks.AbstractQueuedSynchronizer$ConditionObject.await(AbstractQueuedSynchronizer.java:2039)
        at java.util.concurrent.ScheduledThreadPoolExecutor$DelayedWorkQueue.take(ScheduledThreadPoolExecutor.java:1088)
        at java.util.concurrent.ScheduledThreadPoolExecutor$DelayedWorkQueue.take(ScheduledThreadPoolExecutor.java:809)
        at java.util.concurrent.ThreadPoolExecutor.getTask(ThreadPoolExecutor.java:1074)
        at java.util.concurrent.ThreadPoolExecutor.runWorker(ThreadPoolExecutor.java:1134)
        at java.util.concurrent.ThreadPoolExecutor$Worker.run(ThreadPoolExecutor.java:624)
        at java.lang.Thread.run(Thread.java:750)
"IPC Server handler 3 on default port 45711" daemon prio=5 tid=90 timed_waiting
java.lang.Thread.State: TIMED_WAITING
        at sun.misc.Unsafe.park(Native Method)
        at java.util.concurrent.locks.LockSupport.parkNanos(LockSupport.java:215)
        at java.util.concurrent.locks.AbstractQueuedSynchronizer$ConditionObject.awaitNanos(AbstractQueuedSynchronizer.java:2078)
        at java.util.concurrent.LinkedBlockingQueue.poll(LinkedBlockingQueue.java:467)
        at org.apache.hadoop.ipc.CallQueueManager.take(CallQueueManager.java:317)
        at org.apache.hadoop.ipc.Server$Handler.run(Server.java:2942)
"StaleRecoveringContainerScrubbingService#1" daemon prio=5 tid=564 timed_waiting
java.lang.Thread.State: TIMED_WAITING
        at sun.misc.Unsafe.park(Native Method)
        at java.util.concurrent.locks.LockSupport.parkNanos(LockSupport.java:215)
        at java.util.concurrent.locks.AbstractQueuedSynchronizer$ConditionObject.awaitNanos(AbstractQueuedSynchronizer.java:2078)
        at java.util.concurrent.ScheduledThreadPoolExecutor$DelayedWorkQueue.take(ScheduledThreadPoolExecutor.java:1093)
        at java.util.concurrent.ScheduledThreadPoolExecutor$DelayedWorkQueue.take(ScheduledThreadPoolExecutor.java:809)
        at java.util.concurrent.ThreadPoolExecutor.getTask(ThreadPoolExecutor.java:1074)
        at java.util.concurrent.ThreadPoolExecutor.runWorker(ThreadPoolExecutor.java:1134)
        at java.util.concurrent.ThreadPoolExecutor$Worker.run(ThreadPoolExecutor.java:624)
        at java.lang.Thread.run(Thread.java:750)
"e73ed4bb-a433-4ecd-b93a-d0b4e16433ed@group-760B59CC648B-StateMachineUpdater" daemon prio=5 tid=620 timed_waiting
java.lang.Thread.State: TIMED_WAITING
        at sun.misc.Unsafe.park(Native Method)
        at java.util.concurrent.locks.LockSupport.parkNanos(LockSupport.java:215)
        at java.util.concurrent.CompletableFuture$Signaller.block(CompletableFuture.java:1709)
        at java.util.concurrent.ForkJoinPool.managedBlock(ForkJoinPool.java:3323)
        at java.util.concurrent.CompletableFuture.timedGet(CompletableFuture.java:1788)
        at java.util.concurrent.CompletableFuture.get(CompletableFuture.java:1928)
        at org.apache.ratis.util.AwaitForSignal.await(AwaitForSignal.java:56)
        at org.apache.ratis.server.impl.StateMachineUpdater.waitForCommit(StateMachineUpdater.java:207)
        at org.apache.ratis.server.impl.StateMachineUpdater.run(StateMachineUpdater.java:176)
        at java.lang.Thread.run(Thread.java:750)
"ChunkWriter-2-0" daemon prio=5 tid=503 in Object.wait()
java.lang.Thread.State: WAITING (on object monitor)
        at sun.misc.Unsafe.park(Native Method)
        at java.util.concurrent.locks.LockSupport.park(LockSupport.java:175)
        at java.util.concurrent.locks.AbstractQueuedSynchronizer$ConditionObject.await(AbstractQueuedSynchronizer.java:2039)
        at java.util.concurrent.LinkedBlockingDeque.takeFirst(LinkedBlockingDeque.java:492)
        at java.util.concurrent.LinkedBlockingDeque.take(LinkedBlockingDeque.java:680)
        at java.util.concurrent.ThreadPoolExecutor.getTask(ThreadPoolExecutor.java:1074)
        at java.util.concurrent.ThreadPoolExecutor.runWorker(ThreadPoolExecutor.java:1134)
        at java.util.concurrent.ThreadPoolExecutor$Worker.run(ThreadPoolExecutor.java:624)
        at java.lang.Thread.run(Thread.java:750)
"Datanode ReportManager Thread - 1" daemon prio=5 tid=301 in Object.wait()
java.lang.Thread.State: WAITING (on object monitor)
        at sun.misc.Unsafe.park(Native Method)
        at java.util.concurrent.locks.LockSupport.park(LockSupport.java:175)
        at java.util.concurrent.locks.AbstractQueuedSynchronizer$ConditionObject.await(AbstractQueuedSynchronizer.java:2039)
        at java.util.concurrent.ScheduledThreadPoolExecutor$DelayedWorkQueue.take(ScheduledThreadPoolExecutor.java:1088)
        at java.util.concurrent.ScheduledThreadPoolExecutor$DelayedWorkQueue.take(ScheduledThreadPoolExecutor.java:809)
        at java.util.concurrent.ThreadPoolExecutor.getTask(ThreadPoolExecutor.java:1074)
        at java.util.concurrent.ThreadPoolExecutor.runWorker(ThreadPoolExecutor.java:1134)
        at java.util.concurrent.ThreadPoolExecutor$Worker.run(ThreadPoolExecutor.java:624)
        at java.lang.Thread.run(Thread.java:750)
"FixedThreadPoolWithAffinityExecutor-9-0" daemon prio=5 tid=44 timed_waiting
java.lang.Thread.State: TIMED_WAITING
        at sun.misc.Unsafe.park(Native Method)
        at java.util.concurrent.locks.LockSupport.parkNanos(LockSupport.java:215)
        at java.util.concurrent.locks.AbstractQueuedSynchronizer$ConditionObject.awaitNanos(AbstractQueuedSynchronizer.java:2078)
        at java.util.concurrent.LinkedBlockingQueue.poll(LinkedBlockingQueue.java:467)
        at org.apache.hadoop.hdds.scm.server.ContainerReportQueue.poll(ContainerReportQueue.java:266)
        at org.apache.hadoop.hdds.scm.server.ContainerReportQueue.poll(ContainerReportQueue.java:42)
        at org.apache.hadoop.hdds.server.events.FixedThreadPoolWithAffinityExecutor$ContainerReportProcessTask.run(FixedThreadPoolWithAffinityExecutor.java:218)
        at java.util.concurrent.Executors$RunnableAdapter.call(Executors.java:511)
        at java.util.concurrent.FutureTask.run(FutureTask.java:266)
        at java.util.concurrent.ThreadPoolExecutor.runWorker(ThreadPoolExecutor.java:1149)
        at java.util.concurrent.ThreadPoolExecutor$Worker.run(ThreadPoolExecutor.java:624)
        at java.lang.Thread.run(Thread.java:750)
"qtp1798219135-215" daemon prio=5 tid=215 timed_waiting
java.lang.Thread.State: TIMED_WAITING
        at sun.misc.Unsafe.park(Native Method)
        at java.util.concurrent.locks.LockSupport.parkNanos(LockSupport.java:215)
        at java.util.concurrent.locks.AbstractQueuedSynchronizer$ConditionObject.awaitNanos(AbstractQueuedSynchronizer.java:2078)
        at org.eclipse.jetty.util.BlockingArrayQueue.poll(BlockingArrayQueue.java:382)
        at org.eclipse.jetty.util.thread.QueuedThreadPool$Runner.idleJobPoll(QueuedThreadPool.java:974)
        at org.eclipse.jetty.util.thread.QueuedThreadPool$Runner.run(QueuedThreadPool.java:1018)
        at java.lang.Thread.run(Thread.java:750)
"BlockDeletingService#0" daemon prio=5 tid=562 in Object.wait()
java.lang.Thread.State: WAITING (on object monitor)
        at sun.misc.Unsafe.park(Native Method)
        at java.util.concurrent.locks.LockSupport.park(LockSupport.java:175)
        at java.util.concurrent.locks.AbstractQueuedSynchronizer$ConditionObject.await(AbstractQueuedSynchronizer.java:2039)
        at java.util.concurrent.ScheduledThreadPoolExecutor$DelayedWorkQueue.take(ScheduledThreadPoolExecutor.java:1088)
        at java.util.concurrent.ScheduledThreadPoolExecutor$DelayedWorkQueue.take(ScheduledThreadPoolExecutor.java:809)
        at java.util.concurrent.ThreadPoolExecutor.getTask(ThreadPoolExecutor.java:1074)
        at java.util.concurrent.ThreadPoolExecutor.runWorker(ThreadPoolExecutor.java:1134)
        at java.util.concurrent.ThreadPoolExecutor$Worker.run(ThreadPoolExecutor.java:624)
        at java.lang.Thread.run(Thread.java:750)
"IPC Server handler 6 on default port 36953" daemon prio=5 tid=53 timed_waiting
java.lang.Thread.State: TIMED_WAITING
        at sun.misc.Unsafe.park(Native Method)
        at java.util.concurrent.locks.LockSupport.parkNanos(LockSupport.java:215)
        at java.util.concurrent.locks.AbstractQueuedSynchronizer$ConditionObject.awaitNanos(AbstractQueuedSynchronizer.java:2078)
        at java.util.concurrent.LinkedBlockingQueue.poll(LinkedBlockingQueue.java:467)
        at org.apache.hadoop.ipc.CallQueueManager.take(CallQueueManager.java:317)
        at org.apache.hadoop.ipc.Server$Handler.run(Server.java:2942)
"qtp1798219135-217" daemon prio=5 tid=217 timed_waiting
java.lang.Thread.State: TIMED_WAITING
        at sun.misc.Unsafe.park(Native Method)
        at java.util.concurrent.locks.LockSupport.parkNanos(LockSupport.java:215)
        at java.util.concurrent.locks.AbstractQueuedSynchronizer$ConditionObject.awaitNanos(AbstractQueuedSynchronizer.java:2078)
        at org.eclipse.jetty.util.BlockingArrayQueue.poll(BlockingArrayQueue.java:382)
        at org.eclipse.jetty.util.thread.QueuedThreadPool$Runner.idleJobPoll(QueuedThreadPool.java:974)
        at org.eclipse.jetty.util.thread.QueuedThreadPool$Runner.run(QueuedThreadPool.java:1018)
        at java.lang.Thread.run(Thread.java:750)
"PartialTableCache Cleanup Thread - 0" daemon prio=5 tid=774 in Object.wait()
java.lang.Thread.State: WAITING (on object monitor)
        at sun.misc.Unsafe.park(Native Method)
        at java.util.concurrent.locks.LockSupport.park(LockSupport.java:175)
        at java.util.concurrent.locks.AbstractQueuedSynchronizer$ConditionObject.await(AbstractQueuedSynchronizer.java:2039)
        at java.util.concurrent.LinkedBlockingQueue.take(LinkedBlockingQueue.java:442)
        at java.util.concurrent.ThreadPoolExecutor.getTask(ThreadPoolExecutor.java:1074)
        at java.util.concurrent.ThreadPoolExecutor.runWorker(ThreadPoolExecutor.java:1134)
        at java.util.concurrent.ThreadPoolExecutor$Worker.run(ThreadPoolExecutor.java:624)
        at java.lang.Thread.run(Thread.java:750)
"IPC Server handler 6 on default port 40125" daemon prio=5 tid=160 timed_waiting
java.lang.Thread.State: TIMED_WAITING
        at sun.misc.Unsafe.park(Native Method)
        at java.util.concurrent.locks.LockSupport.parkNanos(LockSupport.java:215)
        at java.util.concurrent.locks.AbstractQueuedSynchronizer$ConditionObject.awaitNanos(AbstractQueuedSynchronizer.java:2078)
        at java.util.concurrent.LinkedBlockingQueue.poll(LinkedBlockingQueue.java:467)
        at org.apache.hadoop.ipc.CallQueueManager.take(CallQueueManager.java:317)
        at org.apache.hadoop.ipc.Server$Handler.run(Server.java:2942)
"JvmPauseMonitor5" daemon prio=5 tid=493 timed_waiting
java.lang.Thread.State: TIMED_WAITING
        at java.lang.Thread.sleep(Native Method)
        at java.lang.Thread.sleep(Thread.java:342)
        at java.util.concurrent.TimeUnit.sleep(TimeUnit.java:386)
        at org.apache.ratis.util.TimeDuration.sleep(TimeDuration.java:325)
        at org.apache.ratis.util.TimeDuration.sleep(TimeDuration.java:310)
        at org.apache.ratis.util.JvmPauseMonitor.detectPause(JvmPauseMonitor.java:119)
        at org.apache.ratis.util.JvmPauseMonitor.run(JvmPauseMonitor.java:108)
        at org.apache.ratis.util.JvmPauseMonitor$$Lambda$706/668240146.run(Unknown Source)
        at java.lang.Thread.run(Thread.java:750)
"StaleRecoveringContainerScrubbingService#0" daemon prio=5 tid=508 in Object.wait()
java.lang.Thread.State: WAITING (on object monitor)
        at sun.misc.Unsafe.park(Native Method)
        at java.util.concurrent.locks.LockSupport.park(LockSupport.java:175)
        at java.util.concurrent.locks.AbstractQueuedSynchronizer$ConditionObject.await(AbstractQueuedSynchronizer.java:2039)
        at java.util.concurrent.ScheduledThreadPoolExecutor$DelayedWorkQueue.take(ScheduledThreadPoolExecutor.java:1088)
        at java.util.concurrent.ScheduledThreadPoolExecutor$DelayedWorkQueue.take(ScheduledThreadPoolExecutor.java:809)
        at java.util.concurrent.ThreadPoolExecutor.getTask(ThreadPoolExecutor.java:1074)
        at java.util.concurrent.ThreadPoolExecutor.runWorker(ThreadPoolExecutor.java:1134)
        at java.util.concurrent.ThreadPoolExecutor$Worker.run(ThreadPoolExecutor.java:624)
        at java.lang.Thread.run(Thread.java:750)
"e73ed4bb-a433-4ecd-b93a-d0b4e16433ed@group-5D8652A3AABE-FollowerState" daemon prio=5 tid=882 timed_waiting
java.lang.Thread.State: TIMED_WAITING
        at java.lang.Thread.sleep(Native Method)
        at java.lang.Thread.sleep(Thread.java:342)
        at java.util.concurrent.TimeUnit.sleep(TimeUnit.java:386)
        at org.apache.ratis.util.TimeDuration.sleep(TimeDuration.java:325)
        at org.apache.ratis.util.TimeDuration.sleep(TimeDuration.java:310)
        at org.apache.ratis.server.impl.FollowerState.run(FollowerState.java:128)
"EndpointStateMachine task thread for /0.0.0.0:45711 - 0 "  prio=5 tid=531 in Object.wait()
java.lang.Thread.State: WAITING (on object monitor)
        at sun.misc.Unsafe.park(Native Method)
        at java.util.concurrent.locks.LockSupport.park(LockSupport.java:175)
        at java.util.concurrent.locks.AbstractQueuedSynchronizer$ConditionObject.await(AbstractQueuedSynchronizer.java:2039)
        at java.util.concurrent.LinkedBlockingQueue.take(LinkedBlockingQueue.java:442)
        at java.util.concurrent.ThreadPoolExecutor.getTask(ThreadPoolExecutor.java:1074)
        at java.util.concurrent.ThreadPoolExecutor.runWorker(ThreadPoolExecutor.java:1134)
        at java.util.concurrent.ThreadPoolExecutor$Worker.run(ThreadPoolExecutor.java:624)
        at java.lang.Thread.run(Thread.java:750)
"org.apache.hadoop.util.JvmPauseMonitor$Monitor@358283d9" daemon prio=5 tid=174 timed_waiting
java.lang.Thread.State: TIMED_WAITING
        at java.lang.Thread.sleep(Native Method)
        at org.apache.hadoop.util.JvmPauseMonitor$Monitor.run(JvmPauseMonitor.java:192)
        at java.lang.Thread.run(Thread.java:750)
"BlockDeletingService#0" daemon prio=5 tid=550 in Object.wait()
java.lang.Thread.State: WAITING (on object monitor)
        at sun.misc.Unsafe.park(Native Method)
        at java.util.concurrent.locks.LockSupport.park(LockSupport.java:175)
        at java.util.concurrent.locks.AbstractQueuedSynchronizer$ConditionObject.await(AbstractQueuedSynchronizer.java:2039)
        at java.util.concurrent.ScheduledThreadPoolExecutor$DelayedWorkQueue.take(ScheduledThreadPoolExecutor.java:1088)
        at java.util.concurrent.ScheduledThreadPoolExecutor$DelayedWorkQueue.take(ScheduledThreadPoolExecutor.java:809)
        at java.util.concurrent.ThreadPoolExecutor.getTask(ThreadPoolExecutor.java:1074)
        at java.util.concurrent.ThreadPoolExecutor.runWorker(ThreadPoolExecutor.java:1134)
        at java.util.concurrent.ThreadPoolExecutor$Worker.run(ThreadPoolExecutor.java:624)
        at java.lang.Thread.run(Thread.java:750)
"qtp797802443-152" daemon prio=5 tid=152 timed_waiting
java.lang.Thread.State: TIMED_WAITING
        at sun.misc.Unsafe.park(Native Method)
        at java.util.concurrent.locks.LockSupport.parkNanos(LockSupport.java:215)
        at java.util.concurrent.locks.AbstractQueuedSynchronizer$ConditionObject.awaitNanos(AbstractQueuedSynchronizer.java:2078)
        at org.eclipse.jetty.util.BlockingArrayQueue.poll(BlockingArrayQueue.java:382)
        at org.eclipse.jetty.util.thread.QueuedThreadPool$Runner.idleJobPoll(QueuedThreadPool.java:974)
        at org.eclipse.jetty.util.thread.QueuedThreadPool$Runner.run(QueuedThreadPool.java:1018)
        at java.lang.Thread.run(Thread.java:750)
"IPC Server handler 13 on default port 36953" daemon prio=5 tid=60 timed_waiting
java.lang.Thread.State: TIMED_WAITING
        at sun.misc.Unsafe.park(Native Method)
        at java.util.concurrent.locks.LockSupport.parkNanos(LockSupport.java:215)
        at java.util.concurrent.locks.AbstractQueuedSynchronizer$ConditionObject.awaitNanos(AbstractQueuedSynchronizer.java:2078)
        at java.util.concurrent.LinkedBlockingQueue.poll(LinkedBlockingQueue.java:467)
        at org.apache.hadoop.ipc.CallQueueManager.take(CallQueueManager.java:317)
        at org.apache.hadoop.ipc.Server$Handler.run(Server.java:2942)
"qtp797802443-151" daemon prio=5 tid=151 timed_waiting
java.lang.Thread.State: TIMED_WAITING
        at sun.misc.Unsafe.park(Native Method)
        at java.util.concurrent.locks.LockSupport.parkNanos(LockSupport.java:215)
        at java.util.concurrent.locks.AbstractQueuedSynchronizer$ConditionObject.awaitNanos(AbstractQueuedSynchronizer.java:2078)
        at org.eclipse.jetty.util.BlockingArrayQueue.poll(BlockingArrayQueue.java:382)
        at org.eclipse.jetty.util.thread.QueuedThreadPool$Runner.idleJobPoll(QueuedThreadPool.java:974)
        at org.eclipse.jetty.util.thread.QueuedThreadPool$Runner.run(QueuedThreadPool.java:1018)
        at java.lang.Thread.run(Thread.java:750)
"dc492f9b-31c5-46a5-b048-fde4f7a6d732@group-2DB472FABF22-FollowerState" daemon prio=5 tid=849 timed_waiting
java.lang.Thread.State: TIMED_WAITING
        at java.lang.Thread.sleep(Native Method)
        at java.lang.Thread.sleep(Thread.java:342)
        at java.util.concurrent.TimeUnit.sleep(TimeUnit.java:386)
        at org.apache.ratis.util.TimeDuration.sleep(TimeDuration.java:325)
        at org.apache.ratis.util.TimeDuration.sleep(TimeDuration.java:310)
        at org.apache.ratis.server.impl.FollowerState.run(FollowerState.java:128)
"StaleRecoveringContainerScrubbingService#1" daemon prio=5 tid=498 timed_waiting
java.lang.Thread.State: TIMED_WAITING
        at sun.misc.Unsafe.park(Native Method)
        at java.util.concurrent.locks.LockSupport.parkNanos(LockSupport.java:215)
        at java.util.concurrent.locks.AbstractQueuedSynchronizer$ConditionObject.awaitNanos(AbstractQueuedSynchronizer.java:2078)
        at java.util.concurrent.ScheduledThreadPoolExecutor$DelayedWorkQueue.take(ScheduledThreadPoolExecutor.java:1093)
        at java.util.concurrent.ScheduledThreadPoolExecutor$DelayedWorkQueue.take(ScheduledThreadPoolExecutor.java:809)
        at java.util.concurrent.ThreadPoolExecutor.getTask(ThreadPoolExecutor.java:1074)
        at java.util.concurrent.ThreadPoolExecutor.runWorker(ThreadPoolExecutor.java:1134)
        at java.util.concurrent.ThreadPoolExecutor$Worker.run(ThreadPoolExecutor.java:624)
        at java.lang.Thread.run(Thread.java:750)
"qtp1798219135-214" daemon prio=5 tid=214 timed_waiting
java.lang.Thread.State: TIMED_WAITING
        at sun.misc.Unsafe.park(Native Method)
        at java.util.concurrent.locks.LockSupport.parkNanos(LockSupport.java:215)
        at java.util.concurrent.locks.AbstractQueuedSynchronizer$ConditionObject.awaitNanos(AbstractQueuedSynchronizer.java:2078)
        at org.eclipse.jetty.util.BlockingArrayQueue.poll(BlockingArrayQueue.java:382)
        at org.eclipse.jetty.util.thread.QueuedThreadPool$Runner.idleJobPoll(QueuedThreadPool.java:974)
        at org.eclipse.jetty.util.thread.QueuedThreadPool$Runner.run(QueuedThreadPool.java:1018)
        at java.lang.Thread.run(Thread.java:750)
"ChunkWriter-0-0" daemon prio=5 tid=556 in Object.wait()
java.lang.Thread.State: WAITING (on object monitor)
        at sun.misc.Unsafe.park(Native Method)
        at java.util.concurrent.locks.LockSupport.park(LockSupport.java:175)
        at java.util.concurrent.locks.AbstractQueuedSynchronizer$ConditionObject.await(AbstractQueuedSynchronizer.java:2039)
        at java.util.concurrent.LinkedBlockingDeque.takeFirst(LinkedBlockingDeque.java:492)
        at java.util.concurrent.LinkedBlockingDeque.take(LinkedBlockingDeque.java:680)
        at java.util.concurrent.ThreadPoolExecutor.getTask(ThreadPoolExecutor.java:1074)
        at java.util.concurrent.ThreadPoolExecutor.runWorker(ThreadPoolExecutor.java:1134)
        at java.util.concurrent.ThreadPoolExecutor$Worker.run(ThreadPoolExecutor.java:624)
        at java.lang.Thread.run(Thread.java:750)
"e73ed4bb-a433-4ecd-b93a-d0b4e16433ed@group-760B59CC648B-SegmentedRaftLogWorker"  prio=5 tid=618 timed_waiting
java.lang.Thread.State: TIMED_WAITING
        at sun.misc.Unsafe.park(Native Method)
        at java.util.concurrent.locks.LockSupport.parkNanos(LockSupport.java:215)
        at java.util.concurrent.locks.AbstractQueuedSynchronizer$ConditionObject.awaitNanos(AbstractQueuedSynchronizer.java:2078)
        at org.apache.ratis.util.DataBlockingQueue.poll(DataBlockingQueue.java:148)
        at org.apache.ratis.server.raftlog.segmented.SegmentedRaftLogWorker.run(SegmentedRaftLogWorker.java:310)
        at org.apache.ratis.server.raftlog.segmented.SegmentedRaftLogWorker$$Lambda$665/5803680.run(Unknown Source)
        at java.lang.Thread.run(Thread.java:750)
"IPC Server handler 5 on default port 40125" daemon prio=5 tid=159 timed_waiting
java.lang.Thread.State: TIMED_WAITING
        at sun.misc.Unsafe.park(Native Method)
        at java.util.concurrent.locks.LockSupport.parkNanos(LockSupport.java:215)
        at java.util.concurrent.locks.AbstractQueuedSynchronizer$ConditionObject.awaitNanos(AbstractQueuedSynchronizer.java:2078)
        at java.util.concurrent.LinkedBlockingQueue.poll(LinkedBlockingQueue.java:467)
        at org.apache.hadoop.ipc.CallQueueManager.take(CallQueueManager.java:317)
        at org.apache.hadoop.ipc.Server$Handler.run(Server.java:2942)
"qtp2002410087-116" daemon prio=5 tid=116 timed_waiting
java.lang.Thread.State: TIMED_WAITING
        at sun.misc.Unsafe.park(Native Method)
        at java.util.concurrent.locks.LockSupport.parkNanos(LockSupport.java:215)
        at java.util.concurrent.locks.AbstractQueuedSynchronizer$ConditionObject.awaitNanos(AbstractQueuedSynchronizer.java:2078)
        at org.eclipse.jetty.util.BlockingArrayQueue.poll(BlockingArrayQueue.java:382)
        at org.eclipse.jetty.util.thread.QueuedThreadPool$Runner.idleJobPoll(QueuedThreadPool.java:974)
        at org.eclipse.jetty.util.thread.QueuedThreadPool$Runner.run(QueuedThreadPool.java:1018)
        at java.lang.Thread.run(Thread.java:750)
"dc492f9b-31c5-46a5-b048-fde4f7a6d732@group-14B460C0674A->bc4c196d-1c1a-499c-9b0d-21e75e378ad6-GrpcLogAppender-LogAppenderDaemon" daemon prio=5 tid=794 timed_waiting
java.lang.Thread.State: TIMED_WAITING
        at sun.misc.Unsafe.park(Native Method)
        at java.util.concurrent.locks.LockSupport.parkNanos(LockSupport.java:215)
        at java.util.concurrent.CompletableFuture$Signaller.block(CompletableFuture.java:1709)
        at java.util.concurrent.ForkJoinPool.managedBlock(ForkJoinPool.java:3323)
        at java.util.concurrent.CompletableFuture.timedGet(CompletableFuture.java:1788)
        at java.util.concurrent.CompletableFuture.get(CompletableFuture.java:1928)
        at org.apache.ratis.util.AwaitForSignal.await(AwaitForSignal.java:56)
        at org.apache.ratis.grpc.server.GrpcLogAppender.mayWait(GrpcLogAppender.java:198)
        at org.apache.ratis.grpc.server.GrpcLogAppender.run(GrpcLogAppender.java:148)
        at org.apache.ratis.server.leader.LogAppenderDaemon.run(LogAppenderDaemon.java:78)
        at org.apache.ratis.server.leader.LogAppenderDaemon$$Lambda$1039/1655154307.run(Unknown Source)
        at java.lang.Thread.run(Thread.java:750)
"Datanode ReportManager Thread - 2" daemon prio=5 tid=367 timed_waiting
java.lang.Thread.State: TIMED_WAITING
        at sun.misc.Unsafe.park(Native Method)
        at java.util.concurrent.locks.LockSupport.parkNanos(LockSupport.java:215)
        at java.util.concurrent.locks.AbstractQueuedSynchronizer$ConditionObject.awaitNanos(AbstractQueuedSynchronizer.java:2078)
        at java.util.concurrent.ScheduledThreadPoolExecutor$DelayedWorkQueue.take(ScheduledThreadPoolExecutor.java:1093)
        at java.util.concurrent.ScheduledThreadPoolExecutor$DelayedWorkQueue.take(ScheduledThreadPoolExecutor.java:809)
        at java.util.concurrent.ThreadPoolExecutor.getTask(ThreadPoolExecutor.java:1074)
        at java.util.concurrent.ThreadPoolExecutor.runWorker(ThreadPoolExecutor.java:1134)
        at java.util.concurrent.ThreadPoolExecutor$Worker.run(ThreadPoolExecutor.java:624)
        at java.lang.Thread.run(Thread.java:750)
"qtp994976213-271" daemon prio=5 tid=271 timed_waiting
java.lang.Thread.State: TIMED_WAITING
        at sun.misc.Unsafe.park(Native Method)
        at java.util.concurrent.locks.LockSupport.parkNanos(LockSupport.java:215)
        at java.util.concurrent.locks.AbstractQueuedSynchronizer$ConditionObject.awaitNanos(AbstractQueuedSynchronizer.java:2078)
        at org.eclipse.jetty.util.BlockingArrayQueue.poll(BlockingArrayQueue.java:382)
        at org.eclipse.jetty.util.thread.QueuedThreadPool$Runner.idleJobPoll(QueuedThreadPool.java:974)
        at org.eclipse.jetty.util.thread.QueuedThreadPool$Runner.run(QueuedThreadPool.java:1018)
        at java.lang.Thread.run(Thread.java:750)
"qtp326207642-184" daemon prio=5 tid=184 runnable
java.lang.Thread.State: RUNNABLE
        at sun.nio.ch.EPollArrayWrapper.epollWait(Native Method)
        at sun.nio.ch.EPollArrayWrapper.poll(EPollArrayWrapper.java:269)
        at sun.nio.ch.EPollSelectorImpl.doSelect(EPollSelectorImpl.java:93)
        at sun.nio.ch.SelectorImpl.lockAndDoSelect(SelectorImpl.java:86)
        at sun.nio.ch.SelectorImpl.select(SelectorImpl.java:97)
        at sun.nio.ch.SelectorImpl.select(SelectorImpl.java:101)
        at org.eclipse.jetty.io.ManagedSelector.nioSelect(ManagedSelector.java:183)
        at org.eclipse.jetty.io.ManagedSelector.select(ManagedSelector.java:190)
        at org.eclipse.jetty.io.ManagedSelector$SelectorProducer.select(ManagedSelector.java:606)
        at org.eclipse.jetty.io.ManagedSelector$SelectorProducer.produce(ManagedSelector.java:543)
        at org.eclipse.jetty.util.thread.strategy.EatWhatYouKill.produceTask(EatWhatYouKill.java:362)
        at org.eclipse.jetty.util.thread.strategy.EatWhatYouKill.doProduce(EatWhatYouKill.java:186)
        at org.eclipse.jetty.util.thread.strategy.EatWhatYouKill.tryProduce(EatWhatYouKill.java:173)
        at org.eclipse.jetty.util.thread.strategy.EatWhatYouKill.produce(EatWhatYouKill.java:137)
        at org.eclipse.jetty.io.ManagedSelector$$Lambda$446/163190398.run(Unknown Source)
        at org.eclipse.jetty.util.thread.QueuedThreadPool.runJob(QueuedThreadPool.java:883)
        at org.eclipse.jetty.util.thread.QueuedThreadPool$Runner.run(QueuedThreadPool.java:1034)
        at java.lang.Thread.run(Thread.java:750)
"qtp797802443-147" daemon prio=5 tid=147 timed_waiting
java.lang.Thread.State: TIMED_WAITING
        at sun.misc.Unsafe.park(Native Method)
        at java.util.concurrent.locks.LockSupport.parkNanos(LockSupport.java:215)
        at java.util.concurrent.locks.AbstractQueuedSynchronizer$ConditionObject.awaitNanos(AbstractQueuedSynchronizer.java:2078)
        at org.eclipse.jetty.util.BlockingArrayQueue.poll(BlockingArrayQueue.java:382)
        at org.eclipse.jetty.util.thread.QueuedThreadPool$Runner.idleJobPoll(QueuedThreadPool.java:974)
        at org.eclipse.jetty.util.thread.QueuedThreadPool$Runner.run(QueuedThreadPool.java:1018)
        at java.lang.Thread.run(Thread.java:750)
"6480c095-e652-434b-9207-ee2ed1cf0924@group-14B460C0674A-StateMachineUpdater" daemon prio=5 tid=654 timed_waiting
java.lang.Thread.State: TIMED_WAITING
        at sun.misc.Unsafe.park(Native Method)
        at java.util.concurrent.locks.LockSupport.parkNanos(LockSupport.java:215)
        at java.util.concurrent.CompletableFuture$Signaller.block(CompletableFuture.java:1709)
        at java.util.concurrent.ForkJoinPool.managedBlock(ForkJoinPool.java:3323)
        at java.util.concurrent.CompletableFuture.timedGet(CompletableFuture.java:1788)
        at java.util.concurrent.CompletableFuture.get(CompletableFuture.java:1928)
        at org.apache.ratis.util.AwaitForSignal.await(AwaitForSignal.java:56)
        at org.apache.ratis.server.impl.StateMachineUpdater.waitForCommit(StateMachineUpdater.java:207)
        at org.apache.ratis.server.impl.StateMachineUpdater.run(StateMachineUpdater.java:176)
        at java.lang.Thread.run(Thread.java:750)
"qtp2076445832-382-acceptor-0@451aecea-ServerConnector@12d1165b{HTTP/1.1, (http/1.1)}{0.0.0.0:46061}" daemon prio=3 tid=382 runnable
java.lang.Thread.State: RUNNABLE
        at sun.nio.ch.ServerSocketChannelImpl.accept0(Native Method)
        at sun.nio.ch.ServerSocketChannelImpl.accept(ServerSocketChannelImpl.java:421)
        at sun.nio.ch.ServerSocketChannelImpl.accept(ServerSocketChannelImpl.java:249)
        at org.eclipse.jetty.server.ServerConnector.accept(ServerConnector.java:388)
        at org.eclipse.jetty.server.AbstractConnector$Acceptor.run(AbstractConnector.java:704)
        at org.eclipse.jetty.util.thread.QueuedThreadPool.runJob(QueuedThreadPool.java:883)
        at org.eclipse.jetty.util.thread.QueuedThreadPool$Runner.run(QueuedThreadPool.java:1034)
        at java.lang.Thread.run(Thread.java:750)
"IPC Server handler 17 on default port 36953" daemon prio=5 tid=64 timed_waiting
java.lang.Thread.State: TIMED_WAITING
        at sun.misc.Unsafe.park(Native Method)
        at java.util.concurrent.locks.LockSupport.parkNanos(LockSupport.java:215)
        at java.util.concurrent.locks.AbstractQueuedSynchronizer$ConditionObject.awaitNanos(AbstractQueuedSynchronizer.java:2078)
        at java.util.concurrent.LinkedBlockingQueue.poll(LinkedBlockingQueue.java:467)
        at org.apache.hadoop.ipc.CallQueueManager.take(CallQueueManager.java:317)
        at org.apache.hadoop.ipc.Server$Handler.run(Server.java:2942)
"Datanode ReportManager Thread - 1" daemon prio=5 tid=195 in Object.wait()
java.lang.Thread.State: WAITING (on object monitor)
        at sun.misc.Unsafe.park(Native Method)
        at java.util.concurrent.locks.LockSupport.park(LockSupport.java:175)
        at java.util.concurrent.locks.AbstractQueuedSynchronizer$ConditionObject.await(AbstractQueuedSynchronizer.java:2039)
        at java.util.concurrent.ScheduledThreadPoolExecutor$DelayedWorkQueue.take(ScheduledThreadPoolExecutor.java:1088)
        at java.util.concurrent.ScheduledThreadPoolExecutor$DelayedWorkQueue.take(ScheduledThreadPoolExecutor.java:809)
        at java.util.concurrent.ThreadPoolExecutor.getTask(ThreadPoolExecutor.java:1074)
        at java.util.concurrent.ThreadPoolExecutor.runWorker(ThreadPoolExecutor.java:1134)
        at java.util.concurrent.ThreadPoolExecutor$Worker.run(ThreadPoolExecutor.java:624)
        at java.lang.Thread.run(Thread.java:750)
"pool-300-thread-1"  prio=5 tid=456 timed_waiting
java.lang.Thread.State: TIMED_WAITING
        at sun.misc.Unsafe.park(Native Method)
        at java.util.concurrent.locks.LockSupport.parkNanos(LockSupport.java:215)
        at java.util.concurrent.locks.AbstractQueuedSynchronizer$ConditionObject.awaitNanos(AbstractQueuedSynchronizer.java:2078)
        at java.util.concurrent.ScheduledThreadPoolExecutor$DelayedWorkQueue.take(ScheduledThreadPoolExecutor.java:1093)
        at java.util.concurrent.ScheduledThreadPoolExecutor$DelayedWorkQueue.take(ScheduledThreadPoolExecutor.java:809)
        at java.util.concurrent.ThreadPoolExecutor.getTask(ThreadPoolExecutor.java:1074)
        at java.util.concurrent.ThreadPoolExecutor.runWorker(ThreadPoolExecutor.java:1134)
        at java.util.concurrent.ThreadPoolExecutor$Worker.run(ThreadPoolExecutor.java:624)
        at java.lang.Thread.run(Thread.java:750)
"bc4c196d-1c1a-499c-9b0d-21e75e378ad6@group-2DB472FABF22->dc492f9b-31c5-46a5-b048-fde4f7a6d732-GrpcLogAppender-LogAppenderDaemon" daemon prio=5 tid=847 timed_waiting
java.lang.Thread.State: TIMED_WAITING
        at sun.misc.Unsafe.park(Native Method)
        at java.util.concurrent.locks.LockSupport.parkNanos(LockSupport.java:215)
        at java.util.concurrent.CompletableFuture$Signaller.block(CompletableFuture.java:1709)
        at java.util.concurrent.ForkJoinPool.managedBlock(ForkJoinPool.java:3323)
        at java.util.concurrent.CompletableFuture.timedGet(CompletableFuture.java:1788)
        at java.util.concurrent.CompletableFuture.get(CompletableFuture.java:1928)
        at org.apache.ratis.util.AwaitForSignal.await(AwaitForSignal.java:56)
        at org.apache.ratis.grpc.server.GrpcLogAppender.mayWait(GrpcLogAppender.java:198)
        at org.apache.ratis.grpc.server.GrpcLogAppender.run(GrpcLogAppender.java:148)
        at org.apache.ratis.server.leader.LogAppenderDaemon.run(LogAppenderDaemon.java:78)
        at org.apache.ratis.server.leader.LogAppenderDaemon$$Lambda$1039/1655154307.run(Unknown Source)
        at java.lang.Thread.run(Thread.java:750)
"OM StateMachine ApplyTransaction Thread - 0" daemon prio=5 tid=767 in Object.wait()
java.lang.Thread.State: WAITING (on object monitor)
        at sun.misc.Unsafe.park(Native Method)
        at java.util.concurrent.locks.LockSupport.park(LockSupport.java:175)
        at java.util.concurrent.locks.AbstractQueuedSynchronizer$ConditionObject.await(AbstractQueuedSynchronizer.java:2039)
        at java.util.concurrent.LinkedBlockingQueue.take(LinkedBlockingQueue.java:442)
        at java.util.concurrent.ThreadPoolExecutor.getTask(ThreadPoolExecutor.java:1074)
        at java.util.concurrent.ThreadPoolExecutor.runWorker(ThreadPoolExecutor.java:1134)
        at java.util.concurrent.ThreadPoolExecutor$Worker.run(ThreadPoolExecutor.java:624)
        at java.lang.Thread.run(Thread.java:750)
"qtp2076445832-386" daemon prio=5 tid=386 timed_waiting
java.lang.Thread.State: TIMED_WAITING
        at sun.misc.Unsafe.park(Native Method)
        at java.util.concurrent.locks.LockSupport.parkNanos(LockSupport.java:215)
        at java.util.concurrent.locks.AbstractQueuedSynchronizer$ConditionObject.awaitNanos(AbstractQueuedSynchronizer.java:2078)
        at org.eclipse.jetty.util.BlockingArrayQueue.poll(BlockingArrayQueue.java:382)
        at org.eclipse.jetty.util.thread.QueuedThreadPool$Runner.idleJobPoll(QueuedThreadPool.java:974)
        at org.eclipse.jetty.util.thread.QueuedThreadPool$Runner.run(QueuedThreadPool.java:1018)
        at java.lang.Thread.run(Thread.java:750)
"qtp2076445832-381" daemon prio=5 tid=381 runnable
java.lang.Thread.State: RUNNABLE
        at sun.nio.ch.EPollArrayWrapper.epollWait(Native Method)
        at sun.nio.ch.EPollArrayWrapper.poll(EPollArrayWrapper.java:269)
        at sun.nio.ch.EPollSelectorImpl.doSelect(EPollSelectorImpl.java:93)
        at sun.nio.ch.SelectorImpl.lockAndDoSelect(SelectorImpl.java:86)
        at sun.nio.ch.SelectorImpl.select(SelectorImpl.java:97)
        at sun.nio.ch.SelectorImpl.select(SelectorImpl.java:101)
        at org.eclipse.jetty.io.ManagedSelector.nioSelect(ManagedSelector.java:183)
        at org.eclipse.jetty.io.ManagedSelector.select(ManagedSelector.java:190)
        at org.eclipse.jetty.io.ManagedSelector$SelectorProducer.select(ManagedSelector.java:606)
        at org.eclipse.jetty.io.ManagedSelector$SelectorProducer.produce(ManagedSelector.java:543)
        at org.eclipse.jetty.util.thread.strategy.EatWhatYouKill.produceTask(EatWhatYouKill.java:362)
        at org.eclipse.jetty.util.thread.strategy.EatWhatYouKill.doProduce(EatWhatYouKill.java:186)
        at org.eclipse.jetty.util.thread.strategy.EatWhatYouKill.tryProduce(EatWhatYouKill.java:173)
        at org.eclipse.jetty.util.thread.strategy.EatWhatYouKill.produce(EatWhatYouKill.java:137)
        at org.eclipse.jetty.io.ManagedSelector$$Lambda$446/163190398.run(Unknown Source)
        at org.eclipse.jetty.util.thread.QueuedThreadPool.runJob(QueuedThreadPool.java:883)
        at org.eclipse.jetty.util.thread.QueuedThreadPool$Runner.run(QueuedThreadPool.java:1034)
        at java.lang.Thread.run(Thread.java:750)
"IPC Server handler 14 on default port 40125" daemon prio=5 tid=168 timed_waiting
java.lang.Thread.State: TIMED_WAITING
        at sun.misc.Unsafe.park(Native Method)
        at java.util.concurrent.locks.LockSupport.parkNanos(LockSupport.java:215)
        at java.util.concurrent.locks.AbstractQueuedSynchronizer$ConditionObject.awaitNanos(AbstractQueuedSynchronizer.java:2078)
        at java.util.concurrent.LinkedBlockingQueue.poll(LinkedBlockingQueue.java:467)
        at org.apache.hadoop.ipc.CallQueueManager.take(CallQueueManager.java:317)
        at org.apache.hadoop.ipc.Server$Handler.run(Server.java:2942)
"JvmPauseMonitor0" daemon prio=5 tid=139 timed_waiting
java.lang.Thread.State: TIMED_WAITING
        at java.lang.Thread.sleep(Native Method)
        at java.lang.Thread.sleep(Thread.java:342)
        at java.util.concurrent.TimeUnit.sleep(TimeUnit.java:386)
        at org.apache.ratis.util.TimeDuration.sleep(TimeDuration.java:325)
        at org.apache.ratis.util.TimeDuration.sleep(TimeDuration.java:310)
        at org.apache.ratis.util.JvmPauseMonitor.detectPause(JvmPauseMonitor.java:119)
        at org.apache.ratis.util.JvmPauseMonitor.run(JvmPauseMonitor.java:108)
        at org.apache.ratis.util.JvmPauseMonitor$$Lambda$706/668240146.run(Unknown Source)
        at java.lang.Thread.run(Thread.java:750)
"47858208-0de4-46ca-af6a-45b9f6a00c92@group-E09A63FF8367-LeaderStateImpl" daemon prio=5 tid=738 timed_waiting
java.lang.Thread.State: TIMED_WAITING
        at sun.misc.Unsafe.park(Native Method)
        at java.util.concurrent.locks.LockSupport.parkNanos(LockSupport.java:215)
        at java.util.concurrent.locks.AbstractQueuedSynchronizer$ConditionObject.awaitNanos(AbstractQueuedSynchronizer.java:2078)
        at java.util.concurrent.ArrayBlockingQueue.poll(ArrayBlockingQueue.java:418)
        at org.apache.ratis.server.impl.LeaderStateImpl$EventQueue.poll(LeaderStateImpl.java:159)
        at org.apache.ratis.server.impl.LeaderStateImpl$EventProcessor.run(LeaderStateImpl.java:630)
"IPC Server handler 7 on default port 45711" daemon prio=5 tid=94 timed_waiting
java.lang.Thread.State: TIMED_WAITING
        at sun.misc.Unsafe.park(Native Method)
        at java.util.concurrent.locks.LockSupport.parkNanos(LockSupport.java:215)
        at java.util.concurrent.locks.AbstractQueuedSynchronizer$ConditionObject.awaitNanos(AbstractQueuedSynchronizer.java:2078)
        at java.util.concurrent.LinkedBlockingQueue.poll(LinkedBlockingQueue.java:467)
        at org.apache.hadoop.ipc.CallQueueManager.take(CallQueueManager.java:317)
        at org.apache.hadoop.ipc.Server$Handler.run(Server.java:2942)
"Datanode ReportManager Thread - 2" daemon prio=5 tid=328 timed_waiting
java.lang.Thread.State: TIMED_WAITING
        at sun.misc.Unsafe.park(Native Method)
        at java.util.concurrent.locks.LockSupport.parkNanos(LockSupport.java:215)
        at java.util.concurrent.locks.AbstractQueuedSynchronizer$ConditionObject.awaitNanos(AbstractQueuedSynchronizer.java:2078)
        at java.util.concurrent.ScheduledThreadPoolExecutor$DelayedWorkQueue.take(ScheduledThreadPoolExecutor.java:1093)
        at java.util.concurrent.ScheduledThreadPoolExecutor$DelayedWorkQueue.take(ScheduledThreadPoolExecutor.java:809)
        at java.util.concurrent.ThreadPoolExecutor.getTask(ThreadPoolExecutor.java:1074)
        at java.util.concurrent.ThreadPoolExecutor.runWorker(ThreadPoolExecutor.java:1134)
        at java.util.concurrent.ThreadPoolExecutor$Worker.run(ThreadPoolExecutor.java:624)
        at java.lang.Thread.run(Thread.java:750)
"JvmPauseMonitor2" daemon prio=5 tid=396 timed_waiting
java.lang.Thread.State: TIMED_WAITING
        at java.lang.Thread.sleep(Native Method)
        at java.lang.Thread.sleep(Thread.java:342)
        at java.util.concurrent.TimeUnit.sleep(TimeUnit.java:386)
        at org.apache.ratis.util.TimeDuration.sleep(TimeDuration.java:325)
        at org.apache.ratis.util.TimeDuration.sleep(TimeDuration.java:310)
        at org.apache.ratis.util.JvmPauseMonitor.detectPause(JvmPauseMonitor.java:119)
        at org.apache.ratis.util.JvmPauseMonitor.run(JvmPauseMonitor.java:108)
        at org.apache.ratis.util.JvmPauseMonitor$$Lambda$706/668240146.run(Unknown Source)
        at java.lang.Thread.run(Thread.java:750)
"Periodic HDDS volume checker" daemon prio=5 tid=203 timed_waiting
java.lang.Thread.State: TIMED_WAITING
        at sun.misc.Unsafe.park(Native Method)
        at java.util.concurrent.locks.LockSupport.parkNanos(LockSupport.java:215)
        at java.util.concurrent.locks.AbstractQueuedSynchronizer$ConditionObject.awaitNanos(AbstractQueuedSynchronizer.java:2078)
        at java.util.concurrent.ScheduledThreadPoolExecutor$DelayedWorkQueue.take(ScheduledThreadPoolExecutor.java:1093)
        at java.util.concurrent.ScheduledThreadPoolExecutor$DelayedWorkQueue.take(ScheduledThreadPoolExecutor.java:809)
        at java.util.concurrent.ThreadPoolExecutor.getTask(ThreadPoolExecutor.java:1074)
        at java.util.concurrent.ThreadPoolExecutor.runWorker(ThreadPoolExecutor.java:1134)
        at java.util.concurrent.ThreadPoolExecutor$Worker.run(ThreadPoolExecutor.java:624)
        at java.lang.Thread.run(Thread.java:750)
"IPC Server handler 15 on default port 33479" daemon prio=5 tid=82 timed_waiting
java.lang.Thread.State: TIMED_WAITING
        at sun.misc.Unsafe.park(Native Method)
        at java.util.concurrent.locks.LockSupport.parkNanos(LockSupport.java:215)
        at java.util.concurrent.locks.AbstractQueuedSynchronizer$ConditionObject.awaitNanos(AbstractQueuedSynchronizer.java:2078)
        at java.util.concurrent.LinkedBlockingQueue.poll(LinkedBlockingQueue.java:467)
        at org.apache.hadoop.ipc.CallQueueManager.take(CallQueueManager.java:317)
        at org.apache.hadoop.ipc.Server$Handler.run(Server.java:2942)
"pool-291-thread-1"  prio=5 tid=678 in Object.wait()
java.lang.Thread.State: WAITING (on object monitor)
        at sun.misc.Unsafe.park(Native Method)
        at java.util.concurrent.locks.LockSupport.park(LockSupport.java:175)
        at java.util.concurrent.locks.AbstractQueuedSynchronizer$ConditionObject.await(AbstractQueuedSynchronizer.java:2039)
        at java.util.concurrent.LinkedBlockingQueue.take(LinkedBlockingQueue.java:442)
        at java.util.concurrent.ThreadPoolExecutor.getTask(ThreadPoolExecutor.java:1074)
        at java.util.concurrent.ThreadPoolExecutor.runWorker(ThreadPoolExecutor.java:1134)
        at java.util.concurrent.ThreadPoolExecutor$Worker.run(ThreadPoolExecutor.java:624)
        at java.lang.Thread.run(Thread.java:750)
"OMDoubleBufferFlushThread" daemon prio=5 tid=125 timed_waiting
java.lang.Thread.State: TIMED_WAITING
        at java.lang.Object.wait(Native Method)
        at org.apache.hadoop.ozone.om.ratis.OzoneManagerDoubleBuffer.canFlush(OzoneManagerDoubleBuffer.java:538)
        at org.apache.hadoop.ozone.om.ratis.OzoneManagerDoubleBuffer.flushTransactions(OzoneManagerDoubleBuffer.java:268)
        at org.apache.hadoop.ozone.om.ratis.OzoneManagerDoubleBuffer$$Lambda$504/1118102987.run(Unknown Source)
        at java.lang.Thread.run(Thread.java:750)
"IPC Server handler 10 on default port 36953" daemon prio=5 tid=57 timed_waiting
java.lang.Thread.State: TIMED_WAITING
        at sun.misc.Unsafe.park(Native Method)
        at java.util.concurrent.locks.LockSupport.parkNanos(LockSupport.java:215)
        at java.util.concurrent.locks.AbstractQueuedSynchronizer$ConditionObject.awaitNanos(AbstractQueuedSynchronizer.java:2078)
        at java.util.concurrent.LinkedBlockingQueue.poll(LinkedBlockingQueue.java:467)
        at org.apache.hadoop.ipc.CallQueueManager.take(CallQueueManager.java:317)
        at org.apache.hadoop.ipc.Server$Handler.run(Server.java:2942)
"EndpointStateMachine task thread for /0.0.0.0:45711 - 0 "  prio=5 tid=352 in Object.wait()
java.lang.Thread.State: WAITING (on object monitor)
        at sun.misc.Unsafe.park(Native Method)
        at java.util.concurrent.locks.LockSupport.park(LockSupport.java:175)
        at java.util.concurrent.locks.AbstractQueuedSynchronizer$ConditionObject.await(AbstractQueuedSynchronizer.java:2039)
        at java.util.concurrent.LinkedBlockingQueue.take(LinkedBlockingQueue.java:442)
        at java.util.concurrent.ThreadPoolExecutor.getTask(ThreadPoolExecutor.java:1074)
        at java.util.concurrent.ThreadPoolExecutor.runWorker(ThreadPoolExecutor.java:1134)
        at java.util.concurrent.ThreadPoolExecutor$Worker.run(ThreadPoolExecutor.java:624)
        at java.lang.Thread.run(Thread.java:750)
"ChunkReader-0" daemon prio=5 tid=780 in Object.wait()
java.lang.Thread.State: WAITING (on object monitor)
        at sun.misc.Unsafe.park(Native Method)
        at java.util.concurrent.locks.LockSupport.park(LockSupport.java:175)
        at java.util.concurrent.locks.AbstractQueuedSynchronizer$ConditionObject.await(AbstractQueuedSynchronizer.java:2039)
        at java.util.concurrent.LinkedBlockingQueue.take(LinkedBlockingQueue.java:442)
        at java.util.concurrent.ThreadPoolExecutor.getTask(ThreadPoolExecutor.java:1074)
        at java.util.concurrent.ThreadPoolExecutor.runWorker(ThreadPoolExecutor.java:1134)
        at java.util.concurrent.ThreadPoolExecutor$Worker.run(ThreadPoolExecutor.java:624)
        at java.lang.Thread.run(Thread.java:750)
"ChunkWriter-0-0" daemon prio=5 tid=501 in Object.wait()
java.lang.Thread.State: WAITING (on object monitor)
        at sun.misc.Unsafe.park(Native Method)
        at java.util.concurrent.locks.LockSupport.park(LockSupport.java:175)
        at java.util.concurrent.locks.AbstractQueuedSynchronizer$ConditionObject.await(AbstractQueuedSynchronizer.java:2039)
        at java.util.concurrent.LinkedBlockingDeque.takeFirst(LinkedBlockingDeque.java:492)
        at java.util.concurrent.LinkedBlockingDeque.take(LinkedBlockingDeque.java:680)
        at java.util.concurrent.ThreadPoolExecutor.getTask(ThreadPoolExecutor.java:1074)
        at java.util.concurrent.ThreadPoolExecutor.runWorker(ThreadPoolExecutor.java:1134)
        at java.util.concurrent.ThreadPoolExecutor$Worker.run(ThreadPoolExecutor.java:624)
        at java.lang.Thread.run(Thread.java:750)
"Datanode ReportManager Thread - 0" daemon prio=5 tid=403 timed_waiting
java.lang.Thread.State: TIMED_WAITING
        at sun.misc.Unsafe.park(Native Method)
        at java.util.concurrent.locks.LockSupport.parkNanos(LockSupport.java:215)
        at java.util.concurrent.locks.AbstractQueuedSynchronizer$ConditionObject.awaitNanos(AbstractQueuedSynchronizer.java:2078)
        at java.util.concurrent.ScheduledThreadPoolExecutor$DelayedWorkQueue.take(ScheduledThreadPoolExecutor.java:1093)
        at java.util.concurrent.ScheduledThreadPoolExecutor$DelayedWorkQueue.take(ScheduledThreadPoolExecutor.java:809)
        at java.util.concurrent.ThreadPoolExecutor.getTask(ThreadPoolExecutor.java:1074)
        at java.util.concurrent.ThreadPoolExecutor.runWorker(ThreadPoolExecutor.java:1134)
        at java.util.concurrent.ThreadPoolExecutor$Worker.run(ThreadPoolExecutor.java:624)
        at java.lang.Thread.run(Thread.java:750)
"IPC Server handler 16 on default port 36953" daemon prio=5 tid=63 timed_waiting
java.lang.Thread.State: TIMED_WAITING
        at sun.misc.Unsafe.park(Native Method)
        at java.util.concurrent.locks.LockSupport.parkNanos(LockSupport.java:215)
        at java.util.concurrent.locks.AbstractQueuedSynchronizer$ConditionObject.awaitNanos(AbstractQueuedSynchronizer.java:2078)
        at java.util.concurrent.LinkedBlockingQueue.poll(LinkedBlockingQueue.java:467)
        at org.apache.hadoop.ipc.CallQueueManager.take(CallQueueManager.java:317)
        at org.apache.hadoop.ipc.Server$Handler.run(Server.java:2942)
"StaleRecoveringContainerScrubbingService#0" daemon prio=5 tid=526 in Object.wait()
java.lang.Thread.State: WAITING (on object monitor)
        at sun.misc.Unsafe.park(Native Method)
        at java.util.concurrent.locks.LockSupport.park(LockSupport.java:175)
        at java.util.concurrent.locks.AbstractQueuedSynchronizer$ConditionObject.await(AbstractQueuedSynchronizer.java:2039)
        at java.util.concurrent.ScheduledThreadPoolExecutor$DelayedWorkQueue.take(ScheduledThreadPoolExecutor.java:1088)
        at java.util.concurrent.ScheduledThreadPoolExecutor$DelayedWorkQueue.take(ScheduledThreadPoolExecutor.java:809)
        at java.util.concurrent.ThreadPoolExecutor.getTask(ThreadPoolExecutor.java:1074)
        at java.util.concurrent.ThreadPoolExecutor.runWorker(ThreadPoolExecutor.java:1134)
        at java.util.concurrent.ThreadPoolExecutor$Worker.run(ThreadPoolExecutor.java:624)
        at java.lang.Thread.run(Thread.java:750)
"IPC Server Responder" daemon prio=5 tid=26 runnable
java.lang.Thread.State: RUNNABLE
        at sun.nio.ch.EPollArrayWrapper.epollWait(Native Method)
        at sun.nio.ch.EPollArrayWrapper.poll(EPollArrayWrapper.java:269)
        at sun.nio.ch.EPollSelectorImpl.doSelect(EPollSelectorImpl.java:93)
        at sun.nio.ch.SelectorImpl.lockAndDoSelect(SelectorImpl.java:86)
        at sun.nio.ch.SelectorImpl.select(SelectorImpl.java:97)
        at org.apache.hadoop.ipc.Server$Responder.doRunLoop(Server.java:1532)
        at org.apache.hadoop.ipc.Server$Responder.run(Server.java:1515)
"IPC Server handler 4 on default port 45711" daemon prio=5 tid=91 timed_waiting
java.lang.Thread.State: TIMED_WAITING
        at sun.misc.Unsafe.park(Native Method)
        at java.util.concurrent.locks.LockSupport.parkNanos(LockSupport.java:215)
        at java.util.concurrent.locks.AbstractQueuedSynchronizer$ConditionObject.awaitNanos(AbstractQueuedSynchronizer.java:2078)
        at java.util.concurrent.LinkedBlockingQueue.poll(LinkedBlockingQueue.java:467)
        at org.apache.hadoop.ipc.CallQueueManager.take(CallQueueManager.java:317)
        at org.apache.hadoop.ipc.Server$Handler.run(Server.java:2942)
"org.apache.hadoop.util.JvmPauseMonitor$Monitor@1e0e86f9" daemon prio=5 tid=200 timed_waiting
java.lang.Thread.State: TIMED_WAITING
        at java.lang.Thread.sleep(Native Method)
        at org.apache.hadoop.util.JvmPauseMonitor$Monitor.run(JvmPauseMonitor.java:192)
        at java.lang.Thread.run(Thread.java:750)
"org.apache.hadoop.ozone.container.common.statemachine.commandhandler.DeleteBlocksCommandHandler$DeleteCmdWorker@206be60b" daemon prio=5 tid=340 timed_waiting
java.lang.Thread.State: TIMED_WAITING
        at java.lang.Thread.sleep(Native Method)
        at org.apache.hadoop.ozone.container.common.statemachine.commandhandler.DeleteBlocksCommandHandler$DeleteCmdWorker.run(DeleteBlocksCommandHandler.java:183)
        at java.lang.Thread.run(Thread.java:750)
"org.apache.hadoop.ozone.container.common.statemachine.commandhandler.DeleteBlocksCommandHandler$DeleteCmdWorker@2d349056" daemon prio=5 tid=455 timed_waiting
java.lang.Thread.State: TIMED_WAITING
        at java.lang.Thread.sleep(Native Method)
        at org.apache.hadoop.ozone.container.common.statemachine.commandhandler.DeleteBlocksCommandHandler$DeleteCmdWorker.run(DeleteBlocksCommandHandler.java:183)
        at java.lang.Thread.run(Thread.java:750)
"pool-257-thread-1" daemon prio=5 tid=414 timed_waiting
java.lang.Thread.State: TIMED_WAITING
        at sun.misc.Unsafe.park(Native Method)
        at java.util.concurrent.locks.LockSupport.parkNanos(LockSupport.java:215)
        at java.util.concurrent.locks.AbstractQueuedSynchronizer$ConditionObject.awaitNanos(AbstractQueuedSynchronizer.java:2078)
        at java.util.concurrent.ScheduledThreadPoolExecutor$DelayedWorkQueue.take(ScheduledThreadPoolExecutor.java:1093)
        at java.util.concurrent.ScheduledThreadPoolExecutor$DelayedWorkQueue.take(ScheduledThreadPoolExecutor.java:809)
        at java.util.concurrent.ThreadPoolExecutor.getTask(ThreadPoolExecutor.java:1074)
        at java.util.concurrent.ThreadPoolExecutor.runWorker(ThreadPoolExecutor.java:1134)
        at java.util.concurrent.ThreadPoolExecutor$Worker.run(ThreadPoolExecutor.java:624)
        at java.lang.Thread.run(Thread.java:750)
"IPC Server handler 12 on default port 36953" daemon prio=5 tid=59 timed_waiting
java.lang.Thread.State: TIMED_WAITING
        at sun.misc.Unsafe.park(Native Method)
        at java.util.concurrent.locks.LockSupport.parkNanos(LockSupport.java:215)
        at java.util.concurrent.locks.AbstractQueuedSynchronizer$ConditionObject.awaitNanos(AbstractQueuedSynchronizer.java:2078)
        at java.util.concurrent.LinkedBlockingQueue.poll(LinkedBlockingQueue.java:467)
        at org.apache.hadoop.ipc.CallQueueManager.take(CallQueueManager.java:317)
        at org.apache.hadoop.ipc.Server$Handler.run(Server.java:2942)
"dc492f9b-31c5-46a5-b048-fde4f7a6d732-server-thread1" daemon prio=5 tid=852 timed_waiting
java.lang.Thread.State: TIMED_WAITING
        at sun.misc.Unsafe.park(Native Method)
        at java.util.concurrent.locks.LockSupport.parkNanos(LockSupport.java:215)
        at java.util.concurrent.SynchronousQueue$TransferStack.awaitFulfill(SynchronousQueue.java:460)
        at java.util.concurrent.SynchronousQueue$TransferStack.transfer(SynchronousQueue.java:362)
        at java.util.concurrent.SynchronousQueue.poll(SynchronousQueue.java:941)
        at java.util.concurrent.ThreadPoolExecutor.getTask(ThreadPoolExecutor.java:1073)
        at java.util.concurrent.ThreadPoolExecutor.runWorker(ThreadPoolExecutor.java:1134)
        at java.util.concurrent.ThreadPoolExecutor$Worker.run(ThreadPoolExecutor.java:624)
        at java.lang.Thread.run(Thread.java:750)
"timer1" daemon prio=5 tid=695 timed_waiting
java.lang.Thread.State: TIMED_WAITING
        at java.lang.Object.wait(Native Method)
        at java.util.TimerThread.mainLoop(Timer.java:552)
        at java.util.TimerThread.run(Timer.java:505)
"bc4c196d-1c1a-499c-9b0d-21e75e378ad6@group-9729C48E5B88-LeaderStateImpl" daemon prio=5 tid=829 timed_waiting
java.lang.Thread.State: TIMED_WAITING
        at sun.misc.Unsafe.park(Native Method)
        at java.util.concurrent.locks.LockSupport.parkNanos(LockSupport.java:215)
        at java.util.concurrent.locks.AbstractQueuedSynchronizer$ConditionObject.awaitNanos(AbstractQueuedSynchronizer.java:2078)
        at java.util.concurrent.ArrayBlockingQueue.poll(ArrayBlockingQueue.java:418)
        at org.apache.ratis.server.impl.LeaderStateImpl$EventQueue.poll(LeaderStateImpl.java:159)
        at org.apache.ratis.server.impl.LeaderStateImpl$EventProcessor.run(LeaderStateImpl.java:630)
"EventQueue-NodeRegistrationContainerReportForContainerSafeModeRule" daemon prio=5 tid=514 in Object.wait()
java.lang.Thread.State: WAITING (on object monitor)
        at sun.misc.Unsafe.park(Native Method)
        at java.util.concurrent.locks.LockSupport.park(LockSupport.java:175)
        at java.util.concurrent.locks.AbstractQueuedSynchronizer$ConditionObject.await(AbstractQueuedSynchronizer.java:2039)
        at java.util.concurrent.LinkedBlockingQueue.take(LinkedBlockingQueue.java:442)
        at java.util.concurrent.ThreadPoolExecutor.getTask(ThreadPoolExecutor.java:1074)
        at java.util.concurrent.ThreadPoolExecutor.runWorker(ThreadPoolExecutor.java:1134)
        at java.util.concurrent.ThreadPoolExecutor$Worker.run(ThreadPoolExecutor.java:624)
        at java.lang.Thread.run(Thread.java:750)
"Datanode ReportManager Thread - 0" daemon prio=5 tid=194 timed_waiting
java.lang.Thread.State: TIMED_WAITING
        at sun.misc.Unsafe.park(Native Method)
        at java.util.concurrent.locks.LockSupport.parkNanos(LockSupport.java:215)
        at java.util.concurrent.locks.AbstractQueuedSynchronizer$ConditionObject.awaitNanos(AbstractQueuedSynchronizer.java:2078)
        at java.util.concurrent.ScheduledThreadPoolExecutor$DelayedWorkQueue.take(ScheduledThreadPoolExecutor.java:1093)
        at java.util.concurrent.ScheduledThreadPoolExecutor$DelayedWorkQueue.take(ScheduledThreadPoolExecutor.java:809)
        at java.util.concurrent.ThreadPoolExecutor.getTask(ThreadPoolExecutor.java:1074)
        at java.util.concurrent.ThreadPoolExecutor.runWorker(ThreadPoolExecutor.java:1134)
        at java.util.concurrent.ThreadPoolExecutor$Worker.run(ThreadPoolExecutor.java:624)
        at java.lang.Thread.run(Thread.java:750)
"bc4c196d-1c1a-499c-9b0d-21e75e378ad6@group-9729C48E5B88-StateMachineUpdater" daemon prio=5 tid=677 timed_waiting
java.lang.Thread.State: TIMED_WAITING
        at sun.misc.Unsafe.park(Native Method)
        at java.util.concurrent.locks.LockSupport.parkNanos(LockSupport.java:215)
        at java.util.concurrent.CompletableFuture$Signaller.block(CompletableFuture.java:1709)
        at java.util.concurrent.ForkJoinPool.managedBlock(ForkJoinPool.java:3323)
        at java.util.concurrent.CompletableFuture.timedGet(CompletableFuture.java:1788)
        at java.util.concurrent.CompletableFuture.get(CompletableFuture.java:1928)
        at org.apache.ratis.util.AwaitForSignal.await(AwaitForSignal.java:56)
        at org.apache.ratis.server.impl.StateMachineUpdater.waitForCommit(StateMachineUpdater.java:207)
        at org.apache.ratis.server.impl.StateMachineUpdater.run(StateMachineUpdater.java:176)
        at java.lang.Thread.run(Thread.java:750)
"om1@group-C5BA1605619E-StateMachineUpdater" daemon prio=5 tid=137 timed_waiting
java.lang.Thread.State: TIMED_WAITING
        at sun.misc.Unsafe.park(Native Method)
        at java.util.concurrent.locks.LockSupport.parkNanos(LockSupport.java:215)
        at java.util.concurrent.CompletableFuture$Signaller.block(CompletableFuture.java:1709)
        at java.util.concurrent.ForkJoinPool.managedBlock(ForkJoinPool.java:3323)
        at java.util.concurrent.CompletableFuture.timedGet(CompletableFuture.java:1788)
        at java.util.concurrent.CompletableFuture.get(CompletableFuture.java:1928)
        at org.apache.ratis.util.AwaitForSignal.await(AwaitForSignal.java:56)
        at org.apache.ratis.server.impl.StateMachineUpdater.waitForCommit(StateMachineUpdater.java:207)
        at org.apache.ratis.server.impl.StateMachineUpdater.run(StateMachineUpdater.java:176)
        at java.lang.Thread.run(Thread.java:750)
"IPC Server handler 1 on default port 45711" daemon prio=5 tid=88 timed_waiting
java.lang.Thread.State: TIMED_WAITING
        at sun.misc.Unsafe.park(Native Method)
        at java.util.concurrent.locks.LockSupport.parkNanos(LockSupport.java:215)
        at java.util.concurrent.locks.AbstractQueuedSynchronizer$ConditionObject.awaitNanos(AbstractQueuedSynchronizer.java:2078)
        at java.util.concurrent.LinkedBlockingQueue.poll(LinkedBlockingQueue.java:467)
        at org.apache.hadoop.ipc.CallQueueManager.take(CallQueueManager.java:317)
        at org.apache.hadoop.ipc.Server$Handler.run(Server.java:2942)
"pool-203-thread-1" daemon prio=5 tid=337 timed_waiting
java.lang.Thread.State: TIMED_WAITING
        at sun.misc.Unsafe.park(Native Method)
        at java.util.concurrent.locks.LockSupport.parkNanos(LockSupport.java:215)
        at java.util.concurrent.locks.AbstractQueuedSynchronizer$ConditionObject.awaitNanos(AbstractQueuedSynchronizer.java:2078)
        at java.util.concurrent.ScheduledThreadPoolExecutor$DelayedWorkQueue.take(ScheduledThreadPoolExecutor.java:1093)
        at java.util.concurrent.ScheduledThreadPoolExecutor$DelayedWorkQueue.take(ScheduledThreadPoolExecutor.java:809)
        at java.util.concurrent.ThreadPoolExecutor.getTask(ThreadPoolExecutor.java:1074)
        at java.util.concurrent.ThreadPoolExecutor.runWorker(ThreadPoolExecutor.java:1134)
        at java.util.concurrent.ThreadPoolExecutor$Worker.run(ThreadPoolExecutor.java:624)
        at java.lang.Thread.run(Thread.java:750)
"StaleRecoveringContainerScrubbingService#1" daemon prio=5 tid=486 timed_waiting
java.lang.Thread.State: TIMED_WAITING
        at sun.misc.Unsafe.park(Native Method)
        at java.util.concurrent.locks.LockSupport.parkNanos(LockSupport.java:215)
        at java.util.concurrent.locks.AbstractQueuedSynchronizer$ConditionObject.awaitNanos(AbstractQueuedSynchronizer.java:2078)
        at java.util.concurrent.ScheduledThreadPoolExecutor$DelayedWorkQueue.take(ScheduledThreadPoolExecutor.java:1093)
        at java.util.concurrent.ScheduledThreadPoolExecutor$DelayedWorkQueue.take(ScheduledThreadPoolExecutor.java:809)
        at java.util.concurrent.ThreadPoolExecutor.getTask(ThreadPoolExecutor.java:1074)
        at java.util.concurrent.ThreadPoolExecutor.runWorker(ThreadPoolExecutor.java:1134)
        at java.util.concurrent.ThreadPoolExecutor$Worker.run(ThreadPoolExecutor.java:624)
        at java.lang.Thread.run(Thread.java:750)
"IPC Server handler 7 on default port 33479" daemon prio=5 tid=74 timed_waiting
java.lang.Thread.State: TIMED_WAITING
        at sun.misc.Unsafe.park(Native Method)
        at java.util.concurrent.locks.LockSupport.parkNanos(LockSupport.java:215)
        at java.util.concurrent.locks.AbstractQueuedSynchronizer$ConditionObject.awaitNanos(AbstractQueuedSynchronizer.java:2078)
        at java.util.concurrent.LinkedBlockingQueue.poll(LinkedBlockingQueue.java:467)
        at org.apache.hadoop.ipc.CallQueueManager.take(CallQueueManager.java:317)
        at org.apache.hadoop.ipc.Server$Handler.run(Server.java:2942)
"qtp2002410087-111" daemon prio=5 tid=111 timed_waiting
java.lang.Thread.State: TIMED_WAITING
        at sun.misc.Unsafe.park(Native Method)
        at java.util.concurrent.locks.LockSupport.parkNanos(LockSupport.java:215)
        at java.util.concurrent.locks.AbstractQueuedSynchronizer$ConditionObject.awaitNanos(AbstractQueuedSynchronizer.java:2078)
        at org.eclipse.jetty.util.BlockingArrayQueue.poll(BlockingArrayQueue.java:382)
        at org.eclipse.jetty.util.thread.QueuedThreadPool$Runner.idleJobPoll(QueuedThreadPool.java:974)
        at org.eclipse.jetty.util.thread.QueuedThreadPool$Runner.run(QueuedThreadPool.java:1018)
        at java.lang.Thread.run(Thread.java:750)
"org.apache.hadoop.util.JvmPauseMonitor$Monitor@7999def8" daemon prio=5 tid=441 timed_waiting
java.lang.Thread.State: TIMED_WAITING
        at java.lang.Thread.sleep(Native Method)
        at org.apache.hadoop.util.JvmPauseMonitor$Monitor.run(JvmPauseMonitor.java:192)
        at java.lang.Thread.run(Thread.java:750)
"Datanode ReportManager Thread - 3" daemon prio=5 tid=435 timed_waiting
java.lang.Thread.State: TIMED_WAITING
        at sun.misc.Unsafe.park(Native Method)
        at java.util.concurrent.locks.LockSupport.parkNanos(LockSupport.java:215)
        at java.util.concurrent.locks.AbstractQueuedSynchronizer$ConditionObject.awaitNanos(AbstractQueuedSynchronizer.java:2078)
        at java.util.concurrent.ScheduledThreadPoolExecutor$DelayedWorkQueue.take(ScheduledThreadPoolExecutor.java:1093)
        at java.util.concurrent.ScheduledThreadPoolExecutor$DelayedWorkQueue.take(ScheduledThreadPoolExecutor.java:809)
        at java.util.concurrent.ThreadPoolExecutor.getTask(ThreadPoolExecutor.java:1074)
        at java.util.concurrent.ThreadPoolExecutor.runWorker(ThreadPoolExecutor.java:1134)
        at java.util.concurrent.ThreadPoolExecutor$Worker.run(ThreadPoolExecutor.java:624)
        at java.lang.Thread.run(Thread.java:750)
"IPC Server handler 12 on default port 40125" daemon prio=5 tid=166 timed_waiting
java.lang.Thread.State: TIMED_WAITING
        at sun.misc.Unsafe.park(Native Method)
        at java.util.concurrent.locks.LockSupport.parkNanos(LockSupport.java:215)
        at java.util.concurrent.locks.AbstractQueuedSynchronizer$ConditionObject.awaitNanos(AbstractQueuedSynchronizer.java:2078)
        at java.util.concurrent.LinkedBlockingQueue.poll(LinkedBlockingQueue.java:467)
        at org.apache.hadoop.ipc.CallQueueManager.take(CallQueueManager.java:317)
        at org.apache.hadoop.ipc.Server$Handler.run(Server.java:2942)
"StaleRecoveringContainerScrubbingService#2" daemon prio=5 tid=897 in Object.wait()
java.lang.Thread.State: WAITING (on object monitor)
        at sun.misc.Unsafe.park(Native Method)
        at java.util.concurrent.locks.LockSupport.park(LockSupport.java:175)
        at java.util.concurrent.locks.AbstractQueuedSynchronizer$ConditionObject.await(AbstractQueuedSynchronizer.java:2039)
        at java.util.concurrent.ScheduledThreadPoolExecutor$DelayedWorkQueue.take(ScheduledThreadPoolExecutor.java:1088)
        at java.util.concurrent.ScheduledThreadPoolExecutor$DelayedWorkQueue.take(ScheduledThreadPoolExecutor.java:809)
        at java.util.concurrent.ThreadPoolExecutor.getTask(ThreadPoolExecutor.java:1074)
        at java.util.concurrent.ThreadPoolExecutor.runWorker(ThreadPoolExecutor.java:1134)
        at java.util.concurrent.ThreadPoolExecutor$Worker.run(ThreadPoolExecutor.java:624)
        at java.lang.Thread.run(Thread.java:750)
"bc4c196d-1c1a-499c-9b0d-21e75e378ad6@group-2DB472FABF22-LeaderStateImpl" daemon prio=5 tid=845 timed_waiting
java.lang.Thread.State: TIMED_WAITING
        at sun.misc.Unsafe.park(Native Method)
        at java.util.concurrent.locks.LockSupport.parkNanos(LockSupport.java:215)
        at java.util.concurrent.locks.AbstractQueuedSynchronizer$ConditionObject.awaitNanos(AbstractQueuedSynchronizer.java:2078)
        at java.util.concurrent.ArrayBlockingQueue.poll(ArrayBlockingQueue.java:418)
        at org.apache.ratis.server.impl.LeaderStateImpl$EventQueue.poll(LeaderStateImpl.java:159)
        at org.apache.ratis.server.impl.LeaderStateImpl$EventProcessor.run(LeaderStateImpl.java:630)
"BlockDeletingService#0" daemon prio=5 tid=538 in Object.wait()
java.lang.Thread.State: WAITING (on object monitor)
        at sun.misc.Unsafe.park(Native Method)
        at java.util.concurrent.locks.LockSupport.park(LockSupport.java:175)
        at java.util.concurrent.locks.AbstractQueuedSynchronizer$ConditionObject.await(AbstractQueuedSynchronizer.java:2039)
        at java.util.concurrent.ScheduledThreadPoolExecutor$DelayedWorkQueue.take(ScheduledThreadPoolExecutor.java:1088)
        at java.util.concurrent.ScheduledThreadPoolExecutor$DelayedWorkQueue.take(ScheduledThreadPoolExecutor.java:809)
        at java.util.concurrent.ThreadPoolExecutor.getTask(ThreadPoolExecutor.java:1074)
        at java.util.concurrent.ThreadPoolExecutor.runWorker(ThreadPoolExecutor.java:1134)
        at java.util.concurrent.ThreadPoolExecutor$Worker.run(ThreadPoolExecutor.java:624)
        at java.lang.Thread.run(Thread.java:750)
"qtp994976213-267" daemon prio=5 tid=267 timed_waiting
java.lang.Thread.State: TIMED_WAITING
        at sun.misc.Unsafe.park(Native Method)
        at java.util.concurrent.locks.LockSupport.parkNanos(LockSupport.java:215)
        at java.util.concurrent.locks.AbstractQueuedSynchronizer$ConditionObject.awaitNanos(AbstractQueuedSynchronizer.java:2078)
        at org.eclipse.jetty.util.BlockingArrayQueue.poll(BlockingArrayQueue.java:382)
        at org.eclipse.jetty.util.thread.QueuedThreadPool$Runner.idleJobPoll(QueuedThreadPool.java:974)
        at org.eclipse.jetty.util.thread.QueuedThreadPool$Runner.run(QueuedThreadPool.java:1018)
        at java.lang.Thread.run(Thread.java:750)
"e73ed4bb-a433-4ecd-b93a-d0b4e16433ed@group-5D8652A3AABE-StateMachineUpdater" daemon prio=5 tid=632 timed_waiting
java.lang.Thread.State: TIMED_WAITING
        at sun.misc.Unsafe.park(Native Method)
        at java.util.concurrent.locks.LockSupport.parkNanos(LockSupport.java:215)
        at java.util.concurrent.CompletableFuture$Signaller.block(CompletableFuture.java:1709)
        at java.util.concurrent.ForkJoinPool.managedBlock(ForkJoinPool.java:3323)
        at java.util.concurrent.CompletableFuture.timedGet(CompletableFuture.java:1788)
        at java.util.concurrent.CompletableFuture.get(CompletableFuture.java:1928)
        at org.apache.ratis.util.AwaitForSignal.await(AwaitForSignal.java:56)
        at org.apache.ratis.server.impl.StateMachineUpdater.waitForCommit(StateMachineUpdater.java:207)
        at org.apache.ratis.server.impl.StateMachineUpdater.run(StateMachineUpdater.java:176)
        at java.lang.Thread.run(Thread.java:750)
"IPC Server handler 16 on default port 45711" daemon prio=5 tid=103 timed_waiting
java.lang.Thread.State: TIMED_WAITING
        at sun.misc.Unsafe.park(Native Method)
        at java.util.concurrent.locks.LockSupport.parkNanos(LockSupport.java:215)
        at java.util.concurrent.locks.AbstractQueuedSynchronizer$ConditionObject.awaitNanos(AbstractQueuedSynchronizer.java:2078)
        at java.util.concurrent.LinkedBlockingQueue.poll(LinkedBlockingQueue.java:467)
        at org.apache.hadoop.ipc.CallQueueManager.take(CallQueueManager.java:317)
        at org.apache.hadoop.ipc.Server$Handler.run(Server.java:2942)
"qtp326207642-190" daemon prio=5 tid=190 timed_waiting
java.lang.Thread.State: TIMED_WAITING
        at sun.misc.Unsafe.park(Native Method)
        at java.util.concurrent.locks.LockSupport.parkNanos(LockSupport.java:215)
        at java.util.concurrent.locks.AbstractQueuedSynchronizer$ConditionObject.awaitNanos(AbstractQueuedSynchronizer.java:2078)
        at org.eclipse.jetty.util.BlockingArrayQueue.poll(BlockingArrayQueue.java:382)
        at org.eclipse.jetty.util.thread.QueuedThreadPool$Runner.idleJobPoll(QueuedThreadPool.java:974)
        at org.eclipse.jetty.util.thread.QueuedThreadPool$Runner.run(QueuedThreadPool.java:1018)
        at java.lang.Thread.run(Thread.java:750)
"ChunkWriter-3-0" daemon prio=5 tid=492 in Object.wait()
java.lang.Thread.State: WAITING (on object monitor)
        at sun.misc.Unsafe.park(Native Method)
        at java.util.concurrent.locks.LockSupport.park(LockSupport.java:175)
        at java.util.concurrent.locks.AbstractQueuedSynchronizer$ConditionObject.await(AbstractQueuedSynchronizer.java:2039)
        at java.util.concurrent.LinkedBlockingDeque.takeFirst(LinkedBlockingDeque.java:492)
        at java.util.concurrent.LinkedBlockingDeque.take(LinkedBlockingDeque.java:680)
        at java.util.concurrent.ThreadPoolExecutor.getTask(ThreadPoolExecutor.java:1074)
        at java.util.concurrent.ThreadPoolExecutor.runWorker(ThreadPoolExecutor.java:1134)
        at java.util.concurrent.ThreadPoolExecutor$Worker.run(ThreadPoolExecutor.java:624)
        at java.lang.Thread.run(Thread.java:750)
"IPC Server handler 3 on default port 33479" daemon prio=5 tid=70 timed_waiting
java.lang.Thread.State: TIMED_WAITING
        at sun.misc.Unsafe.park(Native Method)
        at java.util.concurrent.locks.LockSupport.parkNanos(LockSupport.java:215)
        at java.util.concurrent.locks.AbstractQueuedSynchronizer$ConditionObject.awaitNanos(AbstractQueuedSynchronizer.java:2078)
        at java.util.concurrent.LinkedBlockingQueue.poll(LinkedBlockingQueue.java:467)
        at org.apache.hadoop.ipc.CallQueueManager.take(CallQueueManager.java:317)
        at org.apache.hadoop.ipc.Server$Handler.run(Server.java:2942)
"BlockDeletingService#2" daemon prio=5 tid=901 in Object.wait()
java.lang.Thread.State: WAITING (on object monitor)
        at sun.misc.Unsafe.park(Native Method)
        at java.util.concurrent.locks.LockSupport.park(LockSupport.java:175)
        at java.util.concurrent.locks.AbstractQueuedSynchronizer$ConditionObject.await(AbstractQueuedSynchronizer.java:2039)
        at java.util.concurrent.ScheduledThreadPoolExecutor$DelayedWorkQueue.take(ScheduledThreadPoolExecutor.java:1088)
        at java.util.concurrent.ScheduledThreadPoolExecutor$DelayedWorkQueue.take(ScheduledThreadPoolExecutor.java:809)
        at java.util.concurrent.ThreadPoolExecutor.getTask(ThreadPoolExecutor.java:1074)
        at java.util.concurrent.ThreadPoolExecutor.runWorker(ThreadPoolExecutor.java:1134)
        at java.util.concurrent.ThreadPoolExecutor$Worker.run(ThreadPoolExecutor.java:624)
        at java.lang.Thread.run(Thread.java:750)
"StaleRecoveringContainerScrubbingService#0" daemon prio=5 tid=484 in Object.wait()
java.lang.Thread.State: WAITING (on object monitor)
        at sun.misc.Unsafe.park(Native Method)
        at java.util.concurrent.locks.LockSupport.park(LockSupport.java:175)
        at java.util.concurrent.locks.AbstractQueuedSynchronizer$ConditionObject.await(AbstractQueuedSynchronizer.java:2039)
        at java.util.concurrent.ScheduledThreadPoolExecutor$DelayedWorkQueue.take(ScheduledThreadPoolExecutor.java:1088)
        at java.util.concurrent.ScheduledThreadPoolExecutor$DelayedWorkQueue.take(ScheduledThreadPoolExecutor.java:809)
        at java.util.concurrent.ThreadPoolExecutor.getTask(ThreadPoolExecutor.java:1074)
        at java.util.concurrent.ThreadPoolExecutor.runWorker(ThreadPoolExecutor.java:1134)
        at java.util.concurrent.ThreadPoolExecutor$Worker.run(ThreadPoolExecutor.java:624)
        at java.lang.Thread.run(Thread.java:750)
"pool-180-thread-1" daemon prio=5 tid=311 timed_waiting
java.lang.Thread.State: TIMED_WAITING
        at sun.misc.Unsafe.park(Native Method)
        at java.util.concurrent.locks.LockSupport.parkNanos(LockSupport.java:215)
        at java.util.concurrent.locks.AbstractQueuedSynchronizer$ConditionObject.awaitNanos(AbstractQueuedSynchronizer.java:2078)
        at java.util.concurrent.ScheduledThreadPoolExecutor$DelayedWorkQueue.take(ScheduledThreadPoolExecutor.java:1093)
        at java.util.concurrent.ScheduledThreadPoolExecutor$DelayedWorkQueue.take(ScheduledThreadPoolExecutor.java:809)
        at java.util.concurrent.ThreadPoolExecutor.getTask(ThreadPoolExecutor.java:1074)
        at java.util.concurrent.ThreadPoolExecutor.runWorker(ThreadPoolExecutor.java:1134)
        at java.util.concurrent.ThreadPoolExecutor$Worker.run(ThreadPoolExecutor.java:624)
        at java.lang.Thread.run(Thread.java:750)
"StaleRecoveringContainerScrubbingService#1" daemon prio=5 tid=541 timed_waiting
java.lang.Thread.State: TIMED_WAITING
        at sun.misc.Unsafe.park(Native Method)
        at java.util.concurrent.locks.LockSupport.parkNanos(LockSupport.java:215)
        at java.util.concurrent.locks.AbstractQueuedSynchronizer$ConditionObject.awaitNanos(AbstractQueuedSynchronizer.java:2078)
        at java.util.concurrent.ScheduledThreadPoolExecutor$DelayedWorkQueue.take(ScheduledThreadPoolExecutor.java:1093)
        at java.util.concurrent.ScheduledThreadPoolExecutor$DelayedWorkQueue.take(ScheduledThreadPoolExecutor.java:809)
        at java.util.concurrent.ThreadPoolExecutor.getTask(ThreadPoolExecutor.java:1074)
        at java.util.concurrent.ThreadPoolExecutor.runWorker(ThreadPoolExecutor.java:1134)
        at java.util.concurrent.ThreadPoolExecutor$Worker.run(ThreadPoolExecutor.java:624)
        at java.lang.Thread.run(Thread.java:750)
"Session-HouseKeeper-76351c98-1"  prio=5 tid=465 timed_waiting
java.lang.Thread.State: TIMED_WAITING
        at sun.misc.Unsafe.park(Native Method)
        at java.util.concurrent.locks.LockSupport.parkNanos(LockSupport.java:215)
        at java.util.concurrent.locks.AbstractQueuedSynchronizer$ConditionObject.awaitNanos(AbstractQueuedSynchronizer.java:2078)
        at java.util.concurrent.ScheduledThreadPoolExecutor$DelayedWorkQueue.take(ScheduledThreadPoolExecutor.java:1093)
        at java.util.concurrent.ScheduledThreadPoolExecutor$DelayedWorkQueue.take(ScheduledThreadPoolExecutor.java:809)
        at java.util.concurrent.ThreadPoolExecutor.getTask(ThreadPoolExecutor.java:1074)
        at java.util.concurrent.ThreadPoolExecutor.runWorker(ThreadPoolExecutor.java:1134)
        at java.util.concurrent.ThreadPoolExecutor$Worker.run(ThreadPoolExecutor.java:624)
        at java.lang.Thread.run(Thread.java:750)
"IPC Server handler 7 on default port 36953" daemon prio=5 tid=54 timed_waiting
java.lang.Thread.State: TIMED_WAITING
        at sun.misc.Unsafe.park(Native Method)
        at java.util.concurrent.locks.LockSupport.parkNanos(LockSupport.java:215)
        at java.util.concurrent.locks.AbstractQueuedSynchronizer$ConditionObject.awaitNanos(AbstractQueuedSynchronizer.java:2078)
        at java.util.concurrent.LinkedBlockingQueue.poll(LinkedBlockingQueue.java:467)
        at org.apache.hadoop.ipc.CallQueueManager.take(CallQueueManager.java:317)
        at org.apache.hadoop.ipc.Server$Handler.run(Server.java:2942)
"914271eb-14eb-4bb5-b4be-b6b4d3827766@group-8C0C523AC267-SegmentedRaftLogWorker"  prio=5 tid=641 timed_waiting
java.lang.Thread.State: TIMED_WAITING
        at sun.misc.Unsafe.park(Native Method)
        at java.util.concurrent.locks.LockSupport.parkNanos(LockSupport.java:215)
        at java.util.concurrent.locks.AbstractQueuedSynchronizer$ConditionObject.awaitNanos(AbstractQueuedSynchronizer.java:2078)
        at org.apache.ratis.util.DataBlockingQueue.poll(DataBlockingQueue.java:148)
        at org.apache.ratis.server.raftlog.segmented.SegmentedRaftLogWorker.run(SegmentedRaftLogWorker.java:310)
        at org.apache.ratis.server.raftlog.segmented.SegmentedRaftLogWorker$$Lambda$665/5803680.run(Unknown Source)
        at java.lang.Thread.run(Thread.java:750)
"Periodic HDDS volume checker" daemon prio=5 tid=257 timed_waiting
java.lang.Thread.State: TIMED_WAITING
        at sun.misc.Unsafe.park(Native Method)
        at java.util.concurrent.locks.LockSupport.parkNanos(LockSupport.java:215)
        at java.util.concurrent.locks.AbstractQueuedSynchronizer$ConditionObject.awaitNanos(AbstractQueuedSynchronizer.java:2078)
        at java.util.concurrent.ScheduledThreadPoolExecutor$DelayedWorkQueue.take(ScheduledThreadPoolExecutor.java:1093)
        at java.util.concurrent.ScheduledThreadPoolExecutor$DelayedWorkQueue.take(ScheduledThreadPoolExecutor.java:809)
        at java.util.concurrent.ThreadPoolExecutor.getTask(ThreadPoolExecutor.java:1074)
        at java.util.concurrent.ThreadPoolExecutor.runWorker(ThreadPoolExecutor.java:1134)
        at java.util.concurrent.ThreadPoolExecutor$Worker.run(ThreadPoolExecutor.java:624)
        at java.lang.Thread.run(Thread.java:750)
"org.apache.hadoop.util.JvmPauseMonitor$Monitor@40e8813d" daemon prio=5 tid=280 timed_waiting
java.lang.Thread.State: TIMED_WAITING
        at java.lang.Thread.sleep(Native Method)
        at org.apache.hadoop.util.JvmPauseMonitor$Monitor.run(JvmPauseMonitor.java:192)
        at java.lang.Thread.run(Thread.java:750)
"qtp797802443-148" daemon prio=5 tid=148 timed_waiting
java.lang.Thread.State: TIMED_WAITING
        at sun.misc.Unsafe.park(Native Method)
        at java.util.concurrent.locks.LockSupport.parkNanos(LockSupport.java:215)
        at java.util.concurrent.locks.AbstractQueuedSynchronizer$ConditionObject.awaitNanos(AbstractQueuedSynchronizer.java:2078)
        at org.eclipse.jetty.util.BlockingArrayQueue.poll(BlockingArrayQueue.java:382)
        at org.eclipse.jetty.util.thread.QueuedThreadPool$Runner.idleJobPoll(QueuedThreadPool.java:974)
        at org.eclipse.jetty.util.thread.QueuedThreadPool$Runner.run(QueuedThreadPool.java:1018)
        at java.lang.Thread.run(Thread.java:750)
"Command processor thread" daemon prio=5 tid=331 timed_waiting
java.lang.Thread.State: TIMED_WAITING
        at java.lang.Thread.sleep(Native Method)
        at org.apache.hadoop.ozone.container.common.statemachine.DatanodeStateMachine.lambda$initCommandHandlerThread$3(DatanodeStateMachine.java:641)
        at org.apache.hadoop.ozone.container.common.statemachine.DatanodeStateMachine$$Lambda$753/440432640.run(Unknown Source)
        at java.lang.Thread.run(Thread.java:750)
"Datanode ReportManager Thread - 4" daemon prio=5 tid=407 in Object.wait()
java.lang.Thread.State: WAITING (on object monitor)
        at sun.misc.Unsafe.park(Native Method)
        at java.util.concurrent.locks.LockSupport.park(LockSupport.java:175)
        at java.util.concurrent.locks.AbstractQueuedSynchronizer$ConditionObject.await(AbstractQueuedSynchronizer.java:2039)
        at java.util.concurrent.ScheduledThreadPoolExecutor$DelayedWorkQueue.take(ScheduledThreadPoolExecutor.java:1088)
        at java.util.concurrent.ScheduledThreadPoolExecutor$DelayedWorkQueue.take(ScheduledThreadPoolExecutor.java:809)
        at java.util.concurrent.ThreadPoolExecutor.getTask(ThreadPoolExecutor.java:1074)
        at java.util.concurrent.ThreadPoolExecutor.runWorker(ThreadPoolExecutor.java:1134)
        at java.util.concurrent.ThreadPoolExecutor$Worker.run(ThreadPoolExecutor.java:624)
        at java.lang.Thread.run(Thread.java:750)
"qtp860364734-425" daemon prio=5 tid=425 timed_waiting
java.lang.Thread.State: TIMED_WAITING
        at sun.misc.Unsafe.park(Native Method)
        at java.util.concurrent.locks.LockSupport.parkNanos(LockSupport.java:215)
        at java.util.concurrent.locks.AbstractQueuedSynchronizer$ConditionObject.awaitNanos(AbstractQueuedSynchronizer.java:2078)
        at org.eclipse.jetty.util.BlockingArrayQueue.poll(BlockingArrayQueue.java:382)
        at org.eclipse.jetty.util.thread.QueuedThreadPool$Runner.idleJobPoll(QueuedThreadPool.java:974)
        at org.eclipse.jetty.util.thread.QueuedThreadPool$Runner.run(QueuedThreadPool.java:1018)
        at java.lang.Thread.run(Thread.java:750)
"IPC Server handler 1 on default port 40125" daemon prio=5 tid=155 timed_waiting
java.lang.Thread.State: TIMED_WAITING
        at sun.misc.Unsafe.park(Native Method)
        at java.util.concurrent.locks.LockSupport.parkNanos(LockSupport.java:215)
        at java.util.concurrent.locks.AbstractQueuedSynchronizer$ConditionObject.awaitNanos(AbstractQueuedSynchronizer.java:2078)
        at java.util.concurrent.LinkedBlockingQueue.poll(LinkedBlockingQueue.java:467)
        at org.apache.hadoop.ipc.CallQueueManager.take(CallQueueManager.java:317)
        at org.apache.hadoop.ipc.Server$Handler.run(Server.java:2942)
"FullTableCache Cleanup Thread - 0" daemon prio=5 tid=768 in Object.wait()
java.lang.Thread.State: WAITING (on object monitor)
        at sun.misc.Unsafe.park(Native Method)
        at java.util.concurrent.locks.LockSupport.park(LockSupport.java:175)
        at java.util.concurrent.locks.AbstractQueuedSynchronizer$ConditionObject.await(AbstractQueuedSynchronizer.java:2039)
        at java.util.concurrent.LinkedBlockingQueue.take(LinkedBlockingQueue.java:442)
        at java.util.concurrent.ThreadPoolExecutor.getTask(ThreadPoolExecutor.java:1074)
        at java.util.concurrent.ThreadPoolExecutor.runWorker(ThreadPoolExecutor.java:1134)
        at java.util.concurrent.ThreadPoolExecutor$Worker.run(ThreadPoolExecutor.java:624)
        at java.lang.Thread.run(Thread.java:750)
"StaleRecoveringContainerScrubbingService#0" daemon prio=5 tid=539 in Object.wait()
java.lang.Thread.State: WAITING (on object monitor)
        at sun.misc.Unsafe.park(Native Method)
        at java.util.concurrent.locks.LockSupport.park(LockSupport.java:175)
        at java.util.concurrent.locks.AbstractQueuedSynchronizer$ConditionObject.await(AbstractQueuedSynchronizer.java:2039)
        at java.util.concurrent.ScheduledThreadPoolExecutor$DelayedWorkQueue.take(ScheduledThreadPoolExecutor.java:1088)
        at java.util.concurrent.ScheduledThreadPoolExecutor$DelayedWorkQueue.take(ScheduledThreadPoolExecutor.java:809)
        at java.util.concurrent.ThreadPoolExecutor.getTask(ThreadPoolExecutor.java:1074)
        at java.util.concurrent.ThreadPoolExecutor.runWorker(ThreadPoolExecutor.java:1134)
        at java.util.concurrent.ThreadPoolExecutor$Worker.run(ThreadPoolExecutor.java:624)
        at java.lang.Thread.run(Thread.java:750)
"EndpointStateMachine task thread for /0.0.0.0:45711 - 0 "  prio=5 tid=500 in Object.wait()
java.lang.Thread.State: WAITING (on object monitor)
        at sun.misc.Unsafe.park(Native Method)
        at java.util.concurrent.locks.LockSupport.park(LockSupport.java:175)
        at java.util.concurrent.locks.AbstractQueuedSynchronizer$ConditionObject.await(AbstractQueuedSynchronizer.java:2039)
        at java.util.concurrent.LinkedBlockingQueue.take(LinkedBlockingQueue.java:442)
        at java.util.concurrent.ThreadPoolExecutor.getTask(ThreadPoolExecutor.java:1074)
        at java.util.concurrent.ThreadPoolExecutor.runWorker(ThreadPoolExecutor.java:1134)
        at java.util.concurrent.ThreadPoolExecutor$Worker.run(ThreadPoolExecutor.java:624)
        at java.lang.Thread.run(Thread.java:750)
"ChunkReader-1" daemon prio=5 tid=802 in Object.wait()
java.lang.Thread.State: WAITING (on object monitor)
        at sun.misc.Unsafe.park(Native Method)
        at java.util.concurrent.locks.LockSupport.park(LockSupport.java:175)
        at java.util.concurrent.locks.AbstractQueuedSynchronizer$ConditionObject.await(AbstractQueuedSynchronizer.java:2039)
        at java.util.concurrent.LinkedBlockingQueue.take(LinkedBlockingQueue.java:442)
        at java.util.concurrent.ThreadPoolExecutor.getTask(ThreadPoolExecutor.java:1074)
        at java.util.concurrent.ThreadPoolExecutor.runWorker(ThreadPoolExecutor.java:1134)
        at java.util.concurrent.ThreadPoolExecutor$Worker.run(ThreadPoolExecutor.java:624)
        at java.lang.Thread.run(Thread.java:750)
"BlockDeletingService#0" daemon prio=5 tid=360 in Object.wait()
java.lang.Thread.State: WAITING (on object monitor)
        at sun.misc.Unsafe.park(Native Method)
        at java.util.concurrent.locks.LockSupport.park(LockSupport.java:175)
        at java.util.concurrent.locks.AbstractQueuedSynchronizer$ConditionObject.await(AbstractQueuedSynchronizer.java:2039)
        at java.util.concurrent.ScheduledThreadPoolExecutor$DelayedWorkQueue.take(ScheduledThreadPoolExecutor.java:1088)
        at java.util.concurrent.ScheduledThreadPoolExecutor$DelayedWorkQueue.take(ScheduledThreadPoolExecutor.java:809)
        at java.util.concurrent.ThreadPoolExecutor.getTask(ThreadPoolExecutor.java:1074)
        at java.util.concurrent.ThreadPoolExecutor.runWorker(ThreadPoolExecutor.java:1134)
        at java.util.concurrent.ThreadPoolExecutor$Worker.run(ThreadPoolExecutor.java:624)
        at java.lang.Thread.run(Thread.java:750)
"e73ed4bb-a433-4ecd-b93a-d0b4e16433ed-server-thread2" daemon prio=5 tid=890 timed_waiting
java.lang.Thread.State: TIMED_WAITING
        at sun.misc.Unsafe.park(Native Method)
        at java.util.concurrent.locks.LockSupport.parkNanos(LockSupport.java:215)
        at java.util.concurrent.SynchronousQueue$TransferStack.awaitFulfill(SynchronousQueue.java:460)
        at java.util.concurrent.SynchronousQueue$TransferStack.transfer(SynchronousQueue.java:362)
        at java.util.concurrent.SynchronousQueue.poll(SynchronousQueue.java:941)
        at java.util.concurrent.ThreadPoolExecutor.getTask(ThreadPoolExecutor.java:1073)
        at java.util.concurrent.ThreadPoolExecutor.runWorker(ThreadPoolExecutor.java:1134)
        at java.util.concurrent.ThreadPoolExecutor$Worker.run(ThreadPoolExecutor.java:624)
        at java.lang.Thread.run(Thread.java:750)
"surefire-forkedjvm-command-thread" daemon prio=5 tid=10 runnable
java.lang.Thread.State: RUNNABLE
        at java.io.FileInputStream.readBytes(Native Method)
        at java.io.FileInputStream.read(FileInputStream.java:255)
        at java.io.BufferedInputStream.read1(BufferedInputStream.java:284)
        at java.io.BufferedInputStream.read(BufferedInputStream.java:345)
        at java.io.BufferedInputStream.fill(BufferedInputStream.java:246)
        at java.io.BufferedInputStream.read1(BufferedInputStream.java:286)
        at java.io.BufferedInputStream.read(BufferedInputStream.java:345)
        at org.apache.maven.surefire.api.util.internal.Channels$3.readImpl(Channels.java:214)
        at org.apache.maven.surefire.api.util.internal.AbstractNoninterruptibleReadableChannel.read(AbstractNoninterruptibleReadableChannel.java:54)
        at org.apache.maven.surefire.booter.spi.LegacyMasterProcessChannelDecoder.decode(LegacyMasterProcessChannelDecoder.java:80)
        at org.apache.maven.surefire.booter.CommandReader$CommandRunnable.run(CommandReader.java:343)
        at java.lang.Thread.run(Thread.java:750)
"IPC Server handler 3 on default port 36953" daemon prio=5 tid=50 timed_waiting
java.lang.Thread.State: TIMED_WAITING
        at sun.misc.Unsafe.park(Native Method)
        at java.util.concurrent.locks.LockSupport.parkNanos(LockSupport.java:215)
        at java.util.concurrent.locks.AbstractQueuedSynchronizer$ConditionObject.awaitNanos(AbstractQueuedSynchronizer.java:2078)
        at java.util.concurrent.LinkedBlockingQueue.poll(LinkedBlockingQueue.java:467)
        at org.apache.hadoop.ipc.CallQueueManager.take(CallQueueManager.java:317)
        at org.apache.hadoop.ipc.Server$Handler.run(Server.java:2942)
"6480c095-e652-434b-9207-ee2ed1cf0924-server-thread1" daemon prio=5 tid=803 timed_waiting
java.lang.Thread.State: TIMED_WAITING
        at sun.misc.Unsafe.park(Native Method)
        at java.util.concurrent.locks.LockSupport.parkNanos(LockSupport.java:215)
        at java.util.concurrent.SynchronousQueue$TransferStack.awaitFulfill(SynchronousQueue.java:460)
        at java.util.concurrent.SynchronousQueue$TransferStack.transfer(SynchronousQueue.java:362)
        at java.util.concurrent.SynchronousQueue.poll(SynchronousQueue.java:941)
        at java.util.concurrent.ThreadPoolExecutor.getTask(ThreadPoolExecutor.java:1073)
        at java.util.concurrent.ThreadPoolExecutor.runWorker(ThreadPoolExecutor.java:1134)
        at java.util.concurrent.ThreadPoolExecutor$Worker.run(ThreadPoolExecutor.java:624)
        at java.lang.Thread.run(Thread.java:750)
"dc492f9b-31c5-46a5-b048-fde4f7a6d732@group-14B460C0674A->6480c095-e652-434b-9207-ee2ed1cf0924-GrpcLogAppender-LogAppenderDaemon" daemon prio=5 tid=793 timed_waiting
java.lang.Thread.State: TIMED_WAITING
        at sun.misc.Unsafe.park(Native Method)
        at java.util.concurrent.locks.LockSupport.parkNanos(LockSupport.java:215)
        at java.util.concurrent.CompletableFuture$Signaller.block(CompletableFuture.java:1709)
        at java.util.concurrent.ForkJoinPool.managedBlock(ForkJoinPool.java:3323)
        at java.util.concurrent.CompletableFuture.timedGet(CompletableFuture.java:1788)
        at java.util.concurrent.CompletableFuture.get(CompletableFuture.java:1928)
        at org.apache.ratis.util.AwaitForSignal.await(AwaitForSignal.java:56)
        at org.apache.ratis.grpc.server.GrpcLogAppender.mayWait(GrpcLogAppender.java:198)
        at org.apache.ratis.grpc.server.GrpcLogAppender.run(GrpcLogAppender.java:148)
        at org.apache.ratis.server.leader.LogAppenderDaemon.run(LogAppenderDaemon.java:78)
        at org.apache.ratis.server.leader.LogAppenderDaemon$$Lambda$1039/1655154307.run(Unknown Source)
        at java.lang.Thread.run(Thread.java:750)
"Datanode ReportManager Thread - 4" daemon prio=5 tid=477 in Object.wait()
java.lang.Thread.State: WAITING (on object monitor)
        at sun.misc.Unsafe.park(Native Method)
        at java.util.concurrent.locks.LockSupport.park(LockSupport.java:175)
        at java.util.concurrent.locks.AbstractQueuedSynchronizer$ConditionObject.await(AbstractQueuedSynchronizer.java:2039)
        at java.util.concurrent.ScheduledThreadPoolExecutor$DelayedWorkQueue.take(ScheduledThreadPoolExecutor.java:1088)
        at java.util.concurrent.ScheduledThreadPoolExecutor$DelayedWorkQueue.take(ScheduledThreadPoolExecutor.java:809)
        at java.util.concurrent.ThreadPoolExecutor.getTask(ThreadPoolExecutor.java:1074)
        at java.util.concurrent.ThreadPoolExecutor.runWorker(ThreadPoolExecutor.java:1134)
        at java.util.concurrent.ThreadPoolExecutor$Worker.run(ThreadPoolExecutor.java:624)
        at java.lang.Thread.run(Thread.java:750)
"BlockDeletingService#1" daemon prio=5 tid=527 timed_waiting
java.lang.Thread.State: TIMED_WAITING
        at sun.misc.Unsafe.park(Native Method)
        at java.util.concurrent.locks.LockSupport.parkNanos(LockSupport.java:215)
        at java.util.concurrent.locks.AbstractQueuedSynchronizer$ConditionObject.awaitNanos(AbstractQueuedSynchronizer.java:2078)
        at java.util.concurrent.ScheduledThreadPoolExecutor$DelayedWorkQueue.take(ScheduledThreadPoolExecutor.java:1093)
        at java.util.concurrent.ScheduledThreadPoolExecutor$DelayedWorkQueue.take(ScheduledThreadPoolExecutor.java:809)
        at java.util.concurrent.ThreadPoolExecutor.getTask(ThreadPoolExecutor.java:1074)
        at java.util.concurrent.ThreadPoolExecutor.runWorker(ThreadPoolExecutor.java:1134)
        at java.util.concurrent.ThreadPoolExecutor$Worker.run(ThreadPoolExecutor.java:624)
        at java.lang.Thread.run(Thread.java:750)
"Datanode ReportManager Thread - 4" daemon prio=5 tid=278 timed_waiting
java.lang.Thread.State: TIMED_WAITING
        at sun.misc.Unsafe.park(Native Method)
        at java.util.concurrent.locks.LockSupport.parkNanos(LockSupport.java:215)
        at java.util.concurrent.locks.AbstractQueuedSynchronizer$ConditionObject.awaitNanos(AbstractQueuedSynchronizer.java:2078)
        at java.util.concurrent.ScheduledThreadPoolExecutor$DelayedWorkQueue.take(ScheduledThreadPoolExecutor.java:1093)
        at java.util.concurrent.ScheduledThreadPoolExecutor$DelayedWorkQueue.take(ScheduledThreadPoolExecutor.java:809)
        at java.util.concurrent.ThreadPoolExecutor.getTask(ThreadPoolExecutor.java:1074)
        at java.util.concurrent.ThreadPoolExecutor.runWorker(ThreadPoolExecutor.java:1134)
        at java.util.concurrent.ThreadPoolExecutor$Worker.run(ThreadPoolExecutor.java:624)
        at java.lang.Thread.run(Thread.java:750)
"IPC Server handler 15 on default port 45711" daemon prio=5 tid=102 timed_waiting
java.lang.Thread.State: TIMED_WAITING
        at sun.misc.Unsafe.park(Native Method)
        at java.util.concurrent.locks.LockSupport.parkNanos(LockSupport.java:215)
        at java.util.concurrent.locks.AbstractQueuedSynchronizer$ConditionObject.awaitNanos(AbstractQueuedSynchronizer.java:2078)
        at java.util.concurrent.LinkedBlockingQueue.poll(LinkedBlockingQueue.java:467)
        at org.apache.hadoop.ipc.CallQueueManager.take(CallQueueManager.java:317)
        at org.apache.hadoop.ipc.Server$Handler.run(Server.java:2942)
"IPC Server handler 0 on default port 36953" daemon prio=5 tid=47 timed_waiting
java.lang.Thread.State: TIMED_WAITING
        at sun.misc.Unsafe.park(Native Method)
        at java.util.concurrent.locks.LockSupport.parkNanos(LockSupport.java:215)
        at java.util.concurrent.locks.AbstractQueuedSynchronizer$ConditionObject.awaitNanos(AbstractQueuedSynchronizer.java:2078)
        at java.util.concurrent.LinkedBlockingQueue.poll(LinkedBlockingQueue.java:467)
        at org.apache.hadoop.ipc.CallQueueManager.take(CallQueueManager.java:317)
        at org.apache.hadoop.ipc.Server$Handler.run(Server.java:2942)
"qtp797802443-146-acceptor-0@b74332c-ServerConnector@4184d960{HTTP/1.1, (http/1.1)}{0.0.0.0:33017}" daemon prio=3 tid=146 runnable
java.lang.Thread.State: RUNNABLE
        at sun.nio.ch.ServerSocketChannelImpl.accept0(Native Method)
        at sun.nio.ch.ServerSocketChannelImpl.accept(ServerSocketChannelImpl.java:421)
        at sun.nio.ch.ServerSocketChannelImpl.accept(ServerSocketChannelImpl.java:249)
        at org.eclipse.jetty.server.ServerConnector.accept(ServerConnector.java:388)
        at org.eclipse.jetty.server.AbstractConnector$Acceptor.run(AbstractConnector.java:704)
        at org.eclipse.jetty.util.thread.QueuedThreadPool.runJob(QueuedThreadPool.java:883)
        at org.eclipse.jetty.util.thread.QueuedThreadPool$Runner.run(QueuedThreadPool.java:1034)
        at java.lang.Thread.run(Thread.java:750)
"pool-219-thread-1"  prio=5 tid=341 timed_waiting
java.lang.Thread.State: TIMED_WAITING
        at sun.misc.Unsafe.park(Native Method)
        at java.util.concurrent.locks.LockSupport.parkNanos(LockSupport.java:215)
        at java.util.concurrent.locks.AbstractQueuedSynchronizer$ConditionObject.awaitNanos(AbstractQueuedSynchronizer.java:2078)
        at java.util.concurrent.ScheduledThreadPoolExecutor$DelayedWorkQueue.take(ScheduledThreadPoolExecutor.java:1093)
        at java.util.concurrent.ScheduledThreadPoolExecutor$DelayedWorkQueue.take(ScheduledThreadPoolExecutor.java:809)
        at java.util.concurrent.ThreadPoolExecutor.getTask(ThreadPoolExecutor.java:1074)
        at java.util.concurrent.ThreadPoolExecutor.runWorker(ThreadPoolExecutor.java:1134)
        at java.util.concurrent.ThreadPoolExecutor$Worker.run(ThreadPoolExecutor.java:624)
        at java.lang.Thread.run(Thread.java:750)
"qtp110059025-343-acceptor-0@5ce3dec3-ServerConnector@393adb37{HTTP/1.1, (http/1.1)}{0.0.0.0:40667}" daemon prio=3 tid=343 runnable
java.lang.Thread.State: RUNNABLE
        at sun.nio.ch.ServerSocketChannelImpl.accept0(Native Method)
        at sun.nio.ch.ServerSocketChannelImpl.accept(ServerSocketChannelImpl.java:421)
        at sun.nio.ch.ServerSocketChannelImpl.accept(ServerSocketChannelImpl.java:249)
        at org.eclipse.jetty.server.ServerConnector.accept(ServerConnector.java:388)
        at org.eclipse.jetty.server.AbstractConnector$Acceptor.run(AbstractConnector.java:704)
        at org.eclipse.jetty.util.thread.QueuedThreadPool.runJob(QueuedThreadPool.java:883)
        at org.eclipse.jetty.util.thread.QueuedThreadPool$Runner.run(QueuedThreadPool.java:1034)
        at java.lang.Thread.run(Thread.java:750)
"Session-HouseKeeper-2bc1cc4-1"  prio=5 tid=192 timed_waiting
java.lang.Thread.State: TIMED_WAITING
        at sun.misc.Unsafe.park(Native Method)
        at java.util.concurrent.locks.LockSupport.parkNanos(LockSupport.java:215)
        at java.util.concurrent.locks.AbstractQueuedSynchronizer$ConditionObject.awaitNanos(AbstractQueuedSynchronizer.java:2078)
        at java.util.concurrent.ScheduledThreadPoolExecutor$DelayedWorkQueue.take(ScheduledThreadPoolExecutor.java:1093)
        at java.util.concurrent.ScheduledThreadPoolExecutor$DelayedWorkQueue.take(ScheduledThreadPoolExecutor.java:809)
        at java.util.concurrent.ThreadPoolExecutor.getTask(ThreadPoolExecutor.java:1074)
        at java.util.concurrent.ThreadPoolExecutor.runWorker(ThreadPoolExecutor.java:1134)
        at java.util.concurrent.ThreadPoolExecutor$Worker.run(ThreadPoolExecutor.java:624)
        at java.lang.Thread.run(Thread.java:750)
"grpc-default-worker-ELG-3-2" daemon prio=5 tid=577 runnable
java.lang.Thread.State: RUNNABLE
        at org.apache.ratis.thirdparty.io.netty.channel.epoll.Native.epollWait0(Native Method)
        at org.apache.ratis.thirdparty.io.netty.channel.epoll.Native.epollWait(Native.java:182)
        at org.apache.ratis.thirdparty.io.netty.channel.epoll.EpollEventLoop.epollWait(EpollEventLoop.java:290)
        at org.apache.ratis.thirdparty.io.netty.channel.epoll.EpollEventLoop.run(EpollEventLoop.java:354)
        at org.apache.ratis.thirdparty.io.netty.util.concurrent.SingleThreadEventExecutor$4.run(SingleThreadEventExecutor.java:995)
        at org.apache.ratis.thirdparty.io.netty.util.internal.ThreadExecutorMap$2.run(ThreadExecutorMap.java:74)
        at org.apache.ratis.thirdparty.io.netty.util.concurrent.FastThreadLocalRunnable.run(FastThreadLocalRunnable.java:30)
        at java.lang.Thread.run(Thread.java:750)
"ChunkReader-ELG-0" daemon prio=5 tid=494 runnable
java.lang.Thread.State: RUNNABLE
        at org.apache.ratis.thirdparty.io.netty.channel.epoll.Native.epollWait(Native Method)
        at org.apache.ratis.thirdparty.io.netty.channel.epoll.Native.epollWait(Native.java:209)
        at org.apache.ratis.thirdparty.io.netty.channel.epoll.Native.epollWait(Native.java:202)
        at org.apache.ratis.thirdparty.io.netty.channel.epoll.EpollEventLoop.epollWaitNoTimerChange(EpollEventLoop.java:294)
        at org.apache.ratis.thirdparty.io.netty.channel.epoll.EpollEventLoop.run(EpollEventLoop.java:351)
        at org.apache.ratis.thirdparty.io.netty.util.concurrent.SingleThreadEventExecutor$4.run(SingleThreadEventExecutor.java:995)
        at org.apache.ratis.thirdparty.io.netty.util.internal.ThreadExecutorMap$2.run(ThreadExecutorMap.java:74)
        at java.lang.Thread.run(Thread.java:750)
"ChunkWriter-0-0" daemon prio=5 tid=469 in Object.wait()
java.lang.Thread.State: WAITING (on object monitor)
        at sun.misc.Unsafe.park(Native Method)
        at java.util.concurrent.locks.LockSupport.park(LockSupport.java:175)
        at java.util.concurrent.locks.AbstractQueuedSynchronizer$ConditionObject.await(AbstractQueuedSynchronizer.java:2039)
        at java.util.concurrent.LinkedBlockingDeque.takeFirst(LinkedBlockingDeque.java:492)
        at java.util.concurrent.LinkedBlockingDeque.take(LinkedBlockingDeque.java:680)
        at java.util.concurrent.ThreadPoolExecutor.getTask(ThreadPoolExecutor.java:1074)
        at java.util.concurrent.ThreadPoolExecutor.runWorker(ThreadPoolExecutor.java:1134)
        at java.util.concurrent.ThreadPoolExecutor$Worker.run(ThreadPoolExecutor.java:624)
        at java.lang.Thread.run(Thread.java:750)
"914271eb-14eb-4bb5-b4be-b6b4d3827766@group-760B59CC648B-StateMachineUpdater" daemon prio=5 tid=625 timed_waiting
java.lang.Thread.State: TIMED_WAITING
        at sun.misc.Unsafe.park(Native Method)
        at java.util.concurrent.locks.LockSupport.parkNanos(LockSupport.java:215)
        at java.util.concurrent.CompletableFuture$Signaller.block(CompletableFuture.java:1709)
        at java.util.concurrent.ForkJoinPool.managedBlock(ForkJoinPool.java:3323)
        at java.util.concurrent.CompletableFuture.timedGet(CompletableFuture.java:1788)
        at java.util.concurrent.CompletableFuture.get(CompletableFuture.java:1928)
        at org.apache.ratis.util.AwaitForSignal.await(AwaitForSignal.java:56)
        at org.apache.ratis.server.impl.StateMachineUpdater.waitForCommit(StateMachineUpdater.java:207)
        at org.apache.ratis.server.impl.StateMachineUpdater.run(StateMachineUpdater.java:176)
        at java.lang.Thread.run(Thread.java:750)
"914271eb-14eb-4bb5-b4be-b6b4d3827766-server-thread3" daemon prio=5 tid=759 timed_waiting
java.lang.Thread.State: TIMED_WAITING
        at sun.misc.Unsafe.park(Native Method)
        at java.util.concurrent.locks.LockSupport.parkNanos(LockSupport.java:215)
        at java.util.concurrent.SynchronousQueue$TransferStack.awaitFulfill(SynchronousQueue.java:460)
        at java.util.concurrent.SynchronousQueue$TransferStack.transfer(SynchronousQueue.java:362)
        at java.util.concurrent.SynchronousQueue.poll(SynchronousQueue.java:941)
        at java.util.concurrent.ThreadPoolExecutor.getTask(ThreadPoolExecutor.java:1073)
        at java.util.concurrent.ThreadPoolExecutor.runWorker(ThreadPoolExecutor.java:1134)
        at java.util.concurrent.ThreadPoolExecutor$Worker.run(ThreadPoolExecutor.java:624)
        at java.lang.Thread.run(Thread.java:750)
"ChunkWriter-2-0" daemon prio=5 tid=534 in Object.wait()
java.lang.Thread.State: WAITING (on object monitor)
        at sun.misc.Unsafe.park(Native Method)
        at java.util.concurrent.locks.LockSupport.park(LockSupport.java:175)
        at java.util.concurrent.locks.AbstractQueuedSynchronizer$ConditionObject.await(AbstractQueuedSynchronizer.java:2039)
        at java.util.concurrent.LinkedBlockingDeque.takeFirst(LinkedBlockingDeque.java:492)
        at java.util.concurrent.LinkedBlockingDeque.take(LinkedBlockingDeque.java:680)
        at java.util.concurrent.ThreadPoolExecutor.getTask(ThreadPoolExecutor.java:1074)
        at java.util.concurrent.ThreadPoolExecutor.runWorker(ThreadPoolExecutor.java:1134)
        at java.util.concurrent.ThreadPoolExecutor$Worker.run(ThreadPoolExecutor.java:624)
        at java.lang.Thread.run(Thread.java:750)
"9b302da2-2c09-4610-b1b5-c4dbcc9298e9@group-AA1973943C79-LeaderStateImpl" daemon prio=5 tid=831 timed_waiting
java.lang.Thread.State: TIMED_WAITING
        at sun.misc.Unsafe.park(Native Method)
        at java.util.concurrent.locks.LockSupport.parkNanos(LockSupport.java:215)
        at java.util.concurrent.locks.AbstractQueuedSynchronizer$ConditionObject.awaitNanos(AbstractQueuedSynchronizer.java:2078)
        at java.util.concurrent.ArrayBlockingQueue.poll(ArrayBlockingQueue.java:418)
        at org.apache.ratis.server.impl.LeaderStateImpl$EventQueue.poll(LeaderStateImpl.java:159)
        at org.apache.ratis.server.impl.LeaderStateImpl$EventProcessor.run(LeaderStateImpl.java:630)
"e73ed4bb-a433-4ecd-b93a-d0b4e16433ed@group-85F39928E9FD-LeaderStateImpl" daemon prio=5 tid=765 timed_waiting
java.lang.Thread.State: TIMED_WAITING
        at sun.misc.Unsafe.park(Native Method)
        at java.util.concurrent.locks.LockSupport.parkNanos(LockSupport.java:215)
        at java.util.concurrent.locks.AbstractQueuedSynchronizer$ConditionObject.awaitNanos(AbstractQueuedSynchronizer.java:2078)
        at java.util.concurrent.ArrayBlockingQueue.poll(ArrayBlockingQueue.java:418)
        at org.apache.ratis.server.impl.LeaderStateImpl$EventQueue.poll(LeaderStateImpl.java:159)
        at org.apache.ratis.server.impl.LeaderStateImpl$EventProcessor.run(LeaderStateImpl.java:630)
"BlockDeletingService#2" daemon prio=5 tid=903 in Object.wait()
java.lang.Thread.State: WAITING (on object monitor)
        at sun.misc.Unsafe.park(Native Method)
        at java.util.concurrent.locks.LockSupport.park(LockSupport.java:175)
        at java.util.concurrent.locks.AbstractQueuedSynchronizer$ConditionObject.await(AbstractQueuedSynchronizer.java:2039)
        at java.util.concurrent.ScheduledThreadPoolExecutor$DelayedWorkQueue.take(ScheduledThreadPoolExecutor.java:1088)
        at java.util.concurrent.ScheduledThreadPoolExecutor$DelayedWorkQueue.take(ScheduledThreadPoolExecutor.java:809)
        at java.util.concurrent.ThreadPoolExecutor.getTask(ThreadPoolExecutor.java:1074)
        at java.util.concurrent.ThreadPoolExecutor.runWorker(ThreadPoolExecutor.java:1134)
        at java.util.concurrent.ThreadPoolExecutor$Worker.run(ThreadPoolExecutor.java:624)
        at java.lang.Thread.run(Thread.java:750)
"dc492f9b-31c5-46a5-b048-fde4f7a6d732@group-14B460C0674A-LeaderStateImpl" daemon prio=5 tid=792 timed_waiting
java.lang.Thread.State: TIMED_WAITING
        at sun.misc.Unsafe.park(Native Method)
        at java.util.concurrent.locks.LockSupport.parkNanos(LockSupport.java:215)
        at java.util.concurrent.locks.AbstractQueuedSynchronizer$ConditionObject.awaitNanos(AbstractQueuedSynchronizer.java:2078)
        at java.util.concurrent.ArrayBlockingQueue.poll(ArrayBlockingQueue.java:418)
        at org.apache.ratis.server.impl.LeaderStateImpl$EventQueue.poll(LeaderStateImpl.java:159)
        at org.apache.ratis.server.impl.LeaderStateImpl$EventProcessor.run(LeaderStateImpl.java:630)
"org.apache.hadoop.ozone.container.common.statemachine.commandhandler.DeleteBlocksCommandHandler$DeleteCmdWorker@3e74da1f" daemon prio=5 tid=288 timed_waiting
java.lang.Thread.State: TIMED_WAITING
        at java.lang.Thread.sleep(Native Method)
        at org.apache.hadoop.ozone.container.common.statemachine.commandhandler.DeleteBlocksCommandHandler$DeleteCmdWorker.run(DeleteBlocksCommandHandler.java:183)
        at java.lang.Thread.run(Thread.java:750)
"Command processor thread" daemon prio=5 tid=408 timed_waiting
java.lang.Thread.State: TIMED_WAITING
        at java.lang.Thread.sleep(Native Method)
        at org.apache.hadoop.ozone.container.common.statemachine.DatanodeStateMachine.lambda$initCommandHandlerThread$3(DatanodeStateMachine.java:641)
        at org.apache.hadoop.ozone.container.common.statemachine.DatanodeStateMachine$$Lambda$753/440432640.run(Unknown Source)
        at java.lang.Thread.run(Thread.java:750)
"IPC Server handler 19 on default port 36953" daemon prio=5 tid=66 timed_waiting
java.lang.Thread.State: TIMED_WAITING
        at sun.misc.Unsafe.park(Native Method)
        at java.util.concurrent.locks.LockSupport.parkNanos(LockSupport.java:215)
        at java.util.concurrent.locks.AbstractQueuedSynchronizer$ConditionObject.awaitNanos(AbstractQueuedSynchronizer.java:2078)
        at java.util.concurrent.LinkedBlockingQueue.poll(LinkedBlockingQueue.java:467)
        at org.apache.hadoop.ipc.CallQueueManager.take(CallQueueManager.java:317)
        at org.apache.hadoop.ipc.Server$Handler.run(Server.java:2942)
"ChunkWriter-0-0" daemon prio=5 tid=489 in Object.wait()
java.lang.Thread.State: WAITING (on object monitor)
        at sun.misc.Unsafe.park(Native Method)
        at java.util.concurrent.locks.LockSupport.park(LockSupport.java:175)
        at java.util.concurrent.locks.AbstractQueuedSynchronizer$ConditionObject.await(AbstractQueuedSynchronizer.java:2039)
        at java.util.concurrent.LinkedBlockingDeque.takeFirst(LinkedBlockingDeque.java:492)
        at java.util.concurrent.LinkedBlockingDeque.take(LinkedBlockingDeque.java:680)
        at java.util.concurrent.ThreadPoolExecutor.getTask(ThreadPoolExecutor.java:1074)
        at java.util.concurrent.ThreadPoolExecutor.runWorker(ThreadPoolExecutor.java:1134)
        at java.util.concurrent.ThreadPoolExecutor$Worker.run(ThreadPoolExecutor.java:624)
        at java.lang.Thread.run(Thread.java:750)
"qtp1798219135-210" daemon prio=5 tid=210 runnable
java.lang.Thread.State: RUNNABLE
        at sun.nio.ch.EPollArrayWrapper.epollWait(Native Method)
        at sun.nio.ch.EPollArrayWrapper.poll(EPollArrayWrapper.java:269)
        at sun.nio.ch.EPollSelectorImpl.doSelect(EPollSelectorImpl.java:93)
        at sun.nio.ch.SelectorImpl.lockAndDoSelect(SelectorImpl.java:86)
        at sun.nio.ch.SelectorImpl.select(SelectorImpl.java:97)
        at sun.nio.ch.SelectorImpl.select(SelectorImpl.java:101)
        at org.eclipse.jetty.io.ManagedSelector.nioSelect(ManagedSelector.java:183)
        at org.eclipse.jetty.io.ManagedSelector.select(ManagedSelector.java:190)
        at org.eclipse.jetty.io.ManagedSelector$SelectorProducer.select(ManagedSelector.java:606)
        at org.eclipse.jetty.io.ManagedSelector$SelectorProducer.produce(ManagedSelector.java:543)
        at org.eclipse.jetty.util.thread.strategy.EatWhatYouKill.produceTask(EatWhatYouKill.java:362)
        at org.eclipse.jetty.util.thread.strategy.EatWhatYouKill.doProduce(EatWhatYouKill.java:186)
        at org.eclipse.jetty.util.thread.strategy.EatWhatYouKill.tryProduce(EatWhatYouKill.java:173)
        at org.eclipse.jetty.util.thread.strategy.EatWhatYouKill.produce(EatWhatYouKill.java:137)
        at org.eclipse.jetty.io.ManagedSelector$$Lambda$446/163190398.run(Unknown Source)
        at org.eclipse.jetty.util.thread.QueuedThreadPool.runJob(QueuedThreadPool.java:883)
        at org.eclipse.jetty.util.thread.QueuedThreadPool$Runner.run(QueuedThreadPool.java:1034)
        at java.lang.Thread.run(Thread.java:750)
"Datanode State Machine Daemon Thread" daemon prio=5 tid=364 timed_waiting
java.lang.Thread.State: TIMED_WAITING
        at java.lang.Thread.sleep(Native Method)
        at org.apache.hadoop.ozone.container.common.statemachine.DatanodeStateMachine.startStateMachineThread(DatanodeStateMachine.java:321)
        at org.apache.hadoop.ozone.container.common.statemachine.DatanodeStateMachine.lambda$startDaemon$0(DatanodeStateMachine.java:506)
        at org.apache.hadoop.ozone.container.common.statemachine.DatanodeStateMachine$$Lambda$751/596905128.run(Unknown Source)
        at java.lang.Thread.run(Thread.java:750)
"org.apache.hadoop.util.JvmPauseMonitor$Monitor@58fbfefb" daemon prio=5 tid=108 timed_waiting
java.lang.Thread.State: TIMED_WAITING
        at java.lang.Thread.sleep(Native Method)
        at org.apache.hadoop.util.JvmPauseMonitor$Monitor.run(JvmPauseMonitor.java:192)
        at java.lang.Thread.run(Thread.java:750)
"ChunkReader-1" daemon prio=5 tid=781 in Object.wait()
java.lang.Thread.State: WAITING (on object monitor)
        at sun.misc.Unsafe.park(Native Method)
        at java.util.concurrent.locks.LockSupport.park(LockSupport.java:175)
        at java.util.concurrent.locks.AbstractQueuedSynchronizer$ConditionObject.await(AbstractQueuedSynchronizer.java:2039)
        at java.util.concurrent.LinkedBlockingQueue.take(LinkedBlockingQueue.java:442)
        at java.util.concurrent.ThreadPoolExecutor.getTask(ThreadPoolExecutor.java:1074)
        at java.util.concurrent.ThreadPoolExecutor.runWorker(ThreadPoolExecutor.java:1134)
        at java.util.concurrent.ThreadPoolExecutor$Worker.run(ThreadPoolExecutor.java:624)
        at java.lang.Thread.run(Thread.java:750)
"Datanode State Machine Task Thread - 0"  prio=5 tid=307 in Object.wait()
java.lang.Thread.State: WAITING (on object monitor)
        at sun.misc.Unsafe.park(Native Method)
        at java.util.concurrent.locks.LockSupport.park(LockSupport.java:175)
        at java.util.concurrent.locks.AbstractQueuedSynchronizer$ConditionObject.await(AbstractQueuedSynchronizer.java:2039)
        at java.util.concurrent.LinkedBlockingQueue.take(LinkedBlockingQueue.java:442)
        at java.util.concurrent.ThreadPoolExecutor.getTask(ThreadPoolExecutor.java:1074)
        at java.util.concurrent.ThreadPoolExecutor.runWorker(ThreadPoolExecutor.java:1134)
        at java.util.concurrent.ThreadPoolExecutor$Worker.run(ThreadPoolExecutor.java:624)
        at java.lang.Thread.run(Thread.java:750)
"914271eb-14eb-4bb5-b4be-b6b4d3827766@group-8C0C523AC267-StateMachineUpdater" daemon prio=5 tid=643 timed_waiting
java.lang.Thread.State: TIMED_WAITING
        at sun.misc.Unsafe.park(Native Method)
        at java.util.concurrent.locks.LockSupport.parkNanos(LockSupport.java:215)
        at java.util.concurrent.CompletableFuture$Signaller.block(CompletableFuture.java:1709)
        at java.util.concurrent.ForkJoinPool.managedBlock(ForkJoinPool.java:3323)
        at java.util.concurrent.CompletableFuture.timedGet(CompletableFuture.java:1788)
        at java.util.concurrent.CompletableFuture.get(CompletableFuture.java:1928)
        at org.apache.ratis.util.AwaitForSignal.await(AwaitForSignal.java:56)
        at org.apache.ratis.server.impl.StateMachineUpdater.waitForCommit(StateMachineUpdater.java:207)
        at org.apache.ratis.server.impl.StateMachineUpdater.run(StateMachineUpdater.java:176)
        at java.lang.Thread.run(Thread.java:750)
"BlockDeletingService#2" daemon prio=5 tid=909 in Object.wait()
java.lang.Thread.State: WAITING (on object monitor)
        at sun.misc.Unsafe.park(Native Method)
        at java.util.concurrent.locks.LockSupport.park(LockSupport.java:175)
        at java.util.concurrent.locks.AbstractQueuedSynchronizer$ConditionObject.await(AbstractQueuedSynchronizer.java:2039)
        at java.util.concurrent.ScheduledThreadPoolExecutor$DelayedWorkQueue.take(ScheduledThreadPoolExecutor.java:1088)
        at java.util.concurrent.ScheduledThreadPoolExecutor$DelayedWorkQueue.take(ScheduledThreadPoolExecutor.java:809)
        at java.util.concurrent.ThreadPoolExecutor.getTask(ThreadPoolExecutor.java:1074)
        at java.util.concurrent.ThreadPoolExecutor.runWorker(ThreadPoolExecutor.java:1134)
        at java.util.concurrent.ThreadPoolExecutor$Worker.run(ThreadPoolExecutor.java:624)
        at java.lang.Thread.run(Thread.java:750)
"JvmPauseMonitor6" daemon prio=5 tid=505 timed_waiting
java.lang.Thread.State: TIMED_WAITING
        at java.lang.Thread.sleep(Native Method)
        at java.lang.Thread.sleep(Thread.java:342)
        at java.util.concurrent.TimeUnit.sleep(TimeUnit.java:386)
        at org.apache.ratis.util.TimeDuration.sleep(TimeDuration.java:325)
        at org.apache.ratis.util.TimeDuration.sleep(TimeDuration.java:310)
        at org.apache.ratis.util.JvmPauseMonitor.detectPause(JvmPauseMonitor.java:119)
        at org.apache.ratis.util.JvmPauseMonitor.run(JvmPauseMonitor.java:108)
        at org.apache.ratis.util.JvmPauseMonitor$$Lambda$706/668240146.run(Unknown Source)
        at java.lang.Thread.run(Thread.java:750)
"ChunkWriter-3-0" daemon prio=5 tid=472 in Object.wait()
java.lang.Thread.State: WAITING (on object monitor)
        at sun.misc.Unsafe.park(Native Method)
        at java.util.concurrent.locks.LockSupport.park(LockSupport.java:175)
        at java.util.concurrent.locks.AbstractQueuedSynchronizer$ConditionObject.await(AbstractQueuedSynchronizer.java:2039)
        at java.util.concurrent.LinkedBlockingDeque.takeFirst(LinkedBlockingDeque.java:492)
        at java.util.concurrent.LinkedBlockingDeque.take(LinkedBlockingDeque.java:680)
        at java.util.concurrent.ThreadPoolExecutor.getTask(ThreadPoolExecutor.java:1074)
        at java.util.concurrent.ThreadPoolExecutor.runWorker(ThreadPoolExecutor.java:1134)
        at java.util.concurrent.ThreadPoolExecutor$Worker.run(ThreadPoolExecutor.java:624)
        at java.lang.Thread.run(Thread.java:750)
"Datanode State Machine Daemon Thread" daemon prio=5 tid=468 timed_waiting
java.lang.Thread.State: TIMED_WAITING
        at java.lang.Thread.sleep(Native Method)
        at org.apache.hadoop.ozone.container.common.statemachine.DatanodeStateMachine.startStateMachineThread(DatanodeStateMachine.java:321)
        at org.apache.hadoop.ozone.container.common.statemachine.DatanodeStateMachine.lambda$startDaemon$0(DatanodeStateMachine.java:506)
        at org.apache.hadoop.ozone.container.common.statemachine.DatanodeStateMachine$$Lambda$751/596905128.run(Unknown Source)
        at java.lang.Thread.run(Thread.java:750)
"IPC Server handler 15 on default port 40125" daemon prio=5 tid=169 timed_waiting
java.lang.Thread.State: TIMED_WAITING
        at sun.misc.Unsafe.park(Native Method)
        at java.util.concurrent.locks.LockSupport.parkNanos(LockSupport.java:215)
        at java.util.concurrent.locks.AbstractQueuedSynchronizer$ConditionObject.awaitNanos(AbstractQueuedSynchronizer.java:2078)
        at java.util.concurrent.LinkedBlockingQueue.poll(LinkedBlockingQueue.java:467)
        at org.apache.hadoop.ipc.CallQueueManager.take(CallQueueManager.java:317)
        at org.apache.hadoop.ipc.Server$Handler.run(Server.java:2942)
"Datanode ReportManager Thread - 0" daemon prio=5 tid=432 timed_waiting
java.lang.Thread.State: TIMED_WAITING
        at sun.misc.Unsafe.park(Native Method)
        at java.util.concurrent.locks.LockSupport.parkNanos(LockSupport.java:215)
        at java.util.concurrent.locks.AbstractQueuedSynchronizer$ConditionObject.awaitNanos(AbstractQueuedSynchronizer.java:2078)
        at java.util.concurrent.ScheduledThreadPoolExecutor$DelayedWorkQueue.take(ScheduledThreadPoolExecutor.java:1093)
        at java.util.concurrent.ScheduledThreadPoolExecutor$DelayedWorkQueue.take(ScheduledThreadPoolExecutor.java:809)
        at java.util.concurrent.ThreadPoolExecutor.getTask(ThreadPoolExecutor.java:1074)
        at java.util.concurrent.ThreadPoolExecutor.runWorker(ThreadPoolExecutor.java:1134)
        at java.util.concurrent.ThreadPoolExecutor$Worker.run(ThreadPoolExecutor.java:624)
        at java.lang.Thread.run(Thread.java:750)
"JvmPauseMonitor10" daemon prio=5 tid=560 timed_waiting
java.lang.Thread.State: TIMED_WAITING
        at java.lang.Thread.sleep(Native Method)
        at java.lang.Thread.sleep(Thread.java:342)
        at java.util.concurrent.TimeUnit.sleep(TimeUnit.java:386)
        at org.apache.ratis.util.TimeDuration.sleep(TimeDuration.java:325)
        at org.apache.ratis.util.TimeDuration.sleep(TimeDuration.java:310)
        at org.apache.ratis.util.JvmPauseMonitor.detectPause(JvmPauseMonitor.java:119)
        at org.apache.ratis.util.JvmPauseMonitor.run(JvmPauseMonitor.java:108)
        at org.apache.ratis.util.JvmPauseMonitor$$Lambda$706/668240146.run(Unknown Source)
        at java.lang.Thread.run(Thread.java:750)
"qtp994976213-266" daemon prio=5 tid=266 timed_waiting
java.lang.Thread.State: TIMED_WAITING
        at sun.misc.Unsafe.park(Native Method)
        at java.util.concurrent.locks.LockSupport.parkNanos(LockSupport.java:215)
        at java.util.concurrent.locks.AbstractQueuedSynchronizer$ConditionObject.awaitNanos(AbstractQueuedSynchronizer.java:2078)
        at org.eclipse.jetty.util.BlockingArrayQueue.poll(BlockingArrayQueue.java:382)
        at org.eclipse.jetty.util.thread.QueuedThreadPool$Runner.idleJobPoll(QueuedThreadPool.java:974)
        at org.eclipse.jetty.util.thread.QueuedThreadPool$Runner.run(QueuedThreadPool.java:1018)
        at java.lang.Thread.run(Thread.java:750)
"ChunkReader-0" daemon prio=5 tid=775 in Object.wait()
java.lang.Thread.State: WAITING (on object monitor)
        at sun.misc.Unsafe.park(Native Method)
        at java.util.concurrent.locks.LockSupport.park(LockSupport.java:175)
        at java.util.concurrent.locks.AbstractQueuedSynchronizer$ConditionObject.await(AbstractQueuedSynchronizer.java:2039)
        at java.util.concurrent.LinkedBlockingQueue.take(LinkedBlockingQueue.java:442)
        at java.util.concurrent.ThreadPoolExecutor.getTask(ThreadPoolExecutor.java:1074)
        at java.util.concurrent.ThreadPoolExecutor.runWorker(ThreadPoolExecutor.java:1134)
        at java.util.concurrent.ThreadPoolExecutor$Worker.run(ThreadPoolExecutor.java:624)
        at java.lang.Thread.run(Thread.java:750)
"org.apache.hadoop.util.JvmPauseMonitor$Monitor@4a8aa8f2" daemon prio=5 tid=409 timed_waiting
java.lang.Thread.State: TIMED_WAITING
        at java.lang.Thread.sleep(Native Method)
        at org.apache.hadoop.util.JvmPauseMonitor$Monitor.run(JvmPauseMonitor.java:192)
        at java.lang.Thread.run(Thread.java:750)
"pool-72-thread-1"  prio=5 tid=567 in Object.wait()
java.lang.Thread.State: WAITING (on object monitor)
        at sun.misc.Unsafe.park(Native Method)
        at java.util.concurrent.locks.LockSupport.park(LockSupport.java:175)
        at java.util.concurrent.locks.AbstractQueuedSynchronizer$ConditionObject.await(AbstractQueuedSynchronizer.java:2039)
        at java.util.concurrent.LinkedBlockingQueue.take(LinkedBlockingQueue.java:442)
        at java.util.concurrent.ThreadPoolExecutor.getTask(ThreadPoolExecutor.java:1074)
        at java.util.concurrent.ThreadPoolExecutor.runWorker(ThreadPoolExecutor.java:1134)
        at java.util.concurrent.ThreadPoolExecutor$Worker.run(ThreadPoolExecutor.java:624)
        at java.lang.Thread.run(Thread.java:750)
"IPC Server handler 2 on default port 36953" daemon prio=5 tid=49 timed_waiting
java.lang.Thread.State: TIMED_WAITING
        at sun.misc.Unsafe.park(Native Method)
        at java.util.concurrent.locks.LockSupport.parkNanos(LockSupport.java:215)
        at java.util.concurrent.locks.AbstractQueuedSynchronizer$ConditionObject.awaitNanos(AbstractQueuedSynchronizer.java:2078)
        at java.util.concurrent.LinkedBlockingQueue.poll(LinkedBlockingQueue.java:467)
        at org.apache.hadoop.ipc.CallQueueManager.take(CallQueueManager.java:317)
        at org.apache.hadoop.ipc.Server$Handler.run(Server.java:2942)
"ChunkWriter-0-0" daemon prio=5 tid=354 in Object.wait()
java.lang.Thread.State: WAITING (on object monitor)
        at sun.misc.Unsafe.park(Native Method)
        at java.util.concurrent.locks.LockSupport.park(LockSupport.java:175)
        at java.util.concurrent.locks.AbstractQueuedSynchronizer$ConditionObject.await(AbstractQueuedSynchronizer.java:2039)
        at java.util.concurrent.LinkedBlockingDeque.takeFirst(LinkedBlockingDeque.java:492)
        at java.util.concurrent.LinkedBlockingDeque.take(LinkedBlockingDeque.java:680)
        at java.util.concurrent.ThreadPoolExecutor.getTask(ThreadPoolExecutor.java:1074)
        at java.util.concurrent.ThreadPoolExecutor.runWorker(ThreadPoolExecutor.java:1134)
        at java.util.concurrent.ThreadPoolExecutor$Worker.run(ThreadPoolExecutor.java:624)
        at java.lang.Thread.run(Thread.java:750)
"FixedThreadPoolWithAffinityExecutor-4-0" daemon prio=5 tid=39 timed_waiting
java.lang.Thread.State: TIMED_WAITING
        at sun.misc.Unsafe.park(Native Method)
        at java.util.concurrent.locks.LockSupport.parkNanos(LockSupport.java:215)
        at java.util.concurrent.locks.AbstractQueuedSynchronizer$ConditionObject.awaitNanos(AbstractQueuedSynchronizer.java:2078)
        at java.util.concurrent.LinkedBlockingQueue.poll(LinkedBlockingQueue.java:467)
        at org.apache.hadoop.hdds.scm.server.ContainerReportQueue.poll(ContainerReportQueue.java:266)
        at org.apache.hadoop.hdds.scm.server.ContainerReportQueue.poll(ContainerReportQueue.java:42)
        at org.apache.hadoop.hdds.server.events.FixedThreadPoolWithAffinityExecutor$ContainerReportProcessTask.run(FixedThreadPoolWithAffinityExecutor.java:218)
        at java.util.concurrent.Executors$RunnableAdapter.call(Executors.java:511)
        at java.util.concurrent.FutureTask.run(FutureTask.java:266)
        at java.util.concurrent.ThreadPoolExecutor.runWorker(ThreadPoolExecutor.java:1149)
        at java.util.concurrent.ThreadPoolExecutor$Worker.run(ThreadPoolExecutor.java:624)
        at java.lang.Thread.run(Thread.java:750)
"timer5" daemon prio=5 tid=705 timed_waiting
java.lang.Thread.State: TIMED_WAITING
        at java.lang.Object.wait(Native Method)
        at java.util.TimerThread.mainLoop(Timer.java:552)
        at java.util.TimerThread.run(Timer.java:505)
"914271eb-14eb-4bb5-b4be-b6b4d3827766@group-8C0C523AC267-LeaderStateImpl" daemon prio=5 tid=771 timed_waiting
java.lang.Thread.State: TIMED_WAITING
        at sun.misc.Unsafe.park(Native Method)
        at java.util.concurrent.locks.LockSupport.parkNanos(LockSupport.java:215)
        at java.util.concurrent.locks.AbstractQueuedSynchronizer$ConditionObject.awaitNanos(AbstractQueuedSynchronizer.java:2078)
        at java.util.concurrent.ArrayBlockingQueue.poll(ArrayBlockingQueue.java:418)
        at org.apache.ratis.server.impl.LeaderStateImpl$EventQueue.poll(LeaderStateImpl.java:159)
        at org.apache.ratis.server.impl.LeaderStateImpl$EventProcessor.run(LeaderStateImpl.java:630)
"IPC Server handler 8 on default port 36953" daemon prio=5 tid=55 timed_waiting
java.lang.Thread.State: TIMED_WAITING
        at sun.misc.Unsafe.park(Native Method)
        at java.util.concurrent.locks.LockSupport.parkNanos(LockSupport.java:215)
        at java.util.concurrent.locks.AbstractQueuedSynchronizer$ConditionObject.awaitNanos(AbstractQueuedSynchronizer.java:2078)
        at java.util.concurrent.LinkedBlockingQueue.poll(LinkedBlockingQueue.java:467)
        at org.apache.hadoop.ipc.CallQueueManager.take(CallQueueManager.java:317)
        at org.apache.hadoop.ipc.Server$Handler.run(Server.java:2942)
"EventQueue-NewNodeForNewNodeHandler" daemon prio=5 tid=511 in Object.wait()
java.lang.Thread.State: WAITING (on object monitor)
        at sun.misc.Unsafe.park(Native Method)
        at java.util.concurrent.locks.LockSupport.park(LockSupport.java:175)
        at java.util.concurrent.locks.AbstractQueuedSynchronizer$ConditionObject.await(AbstractQueuedSynchronizer.java:2039)
        at java.util.concurrent.LinkedBlockingQueue.take(LinkedBlockingQueue.java:442)
        at java.util.concurrent.ThreadPoolExecutor.getTask(ThreadPoolExecutor.java:1074)
        at java.util.concurrent.ThreadPoolExecutor.runWorker(ThreadPoolExecutor.java:1134)
        at java.util.concurrent.ThreadPoolExecutor$Worker.run(ThreadPoolExecutor.java:624)
        at java.lang.Thread.run(Thread.java:750)
"IPC Server handler 2 on default port 45711" daemon prio=5 tid=89 timed_waiting
java.lang.Thread.State: TIMED_WAITING
        at sun.misc.Unsafe.park(Native Method)
        at java.util.concurrent.locks.LockSupport.parkNanos(LockSupport.java:215)
        at java.util.concurrent.locks.AbstractQueuedSynchronizer$ConditionObject.awaitNanos(AbstractQueuedSynchronizer.java:2078)
        at java.util.concurrent.LinkedBlockingQueue.poll(LinkedBlockingQueue.java:467)
        at org.apache.hadoop.ipc.CallQueueManager.take(CallQueueManager.java:317)
        at org.apache.hadoop.ipc.Server$Handler.run(Server.java:2942)
"6480c095-e652-434b-9207-ee2ed1cf0924@group-A6AFB49F8724-LeaderStateImpl" daemon prio=5 tid=826 timed_waiting
java.lang.Thread.State: TIMED_WAITING
        at sun.misc.Unsafe.park(Native Method)
        at java.util.concurrent.locks.LockSupport.parkNanos(LockSupport.java:215)
        at java.util.concurrent.locks.AbstractQueuedSynchronizer$ConditionObject.awaitNanos(AbstractQueuedSynchronizer.java:2078)
        at java.util.concurrent.ArrayBlockingQueue.poll(ArrayBlockingQueue.java:418)
        at org.apache.ratis.server.impl.LeaderStateImpl$EventQueue.poll(LeaderStateImpl.java:159)
        at org.apache.ratis.server.impl.LeaderStateImpl$EventProcessor.run(LeaderStateImpl.java:630)
"qtp860364734-421" daemon prio=5 tid=421 timed_waiting
java.lang.Thread.State: TIMED_WAITING
        at sun.misc.Unsafe.park(Native Method)
        at java.util.concurrent.locks.LockSupport.parkNanos(LockSupport.java:215)
        at java.util.concurrent.locks.AbstractQueuedSynchronizer$ConditionObject.awaitNanos(AbstractQueuedSynchronizer.java:2078)
        at org.eclipse.jetty.util.BlockingArrayQueue.poll(BlockingArrayQueue.java:382)
        at org.eclipse.jetty.util.thread.QueuedThreadPool$Runner.idleJobPoll(QueuedThreadPool.java:974)
        at org.eclipse.jetty.util.thread.QueuedThreadPool$Runner.run(QueuedThreadPool.java:1018)
        at java.lang.Thread.run(Thread.java:750)
"47858208-0de4-46ca-af6a-45b9f6a00c92@group-760B59CC648B-LeaderStateImpl" daemon prio=5 tid=742 timed_waiting
java.lang.Thread.State: TIMED_WAITING
        at sun.misc.Unsafe.park(Native Method)
        at java.util.concurrent.locks.LockSupport.parkNanos(LockSupport.java:215)
        at java.util.concurrent.locks.AbstractQueuedSynchronizer$ConditionObject.awaitNanos(AbstractQueuedSynchronizer.java:2078)
        at java.util.concurrent.ArrayBlockingQueue.poll(ArrayBlockingQueue.java:418)
        at org.apache.ratis.server.impl.LeaderStateImpl$EventQueue.poll(LeaderStateImpl.java:159)
        at org.apache.ratis.server.impl.LeaderStateImpl$EventProcessor.run(LeaderStateImpl.java:630)
"bc4c196d-1c1a-499c-9b0d-21e75e378ad6@group-9729C48E5B88-SegmentedRaftLogWorker"  prio=5 tid=675 timed_waiting
java.lang.Thread.State: TIMED_WAITING
        at sun.misc.Unsafe.park(Native Method)
        at java.util.concurrent.locks.LockSupport.parkNanos(LockSupport.java:215)
        at java.util.concurrent.locks.AbstractQueuedSynchronizer$ConditionObject.awaitNanos(AbstractQueuedSynchronizer.java:2078)
        at org.apache.ratis.util.DataBlockingQueue.poll(DataBlockingQueue.java:148)
        at org.apache.ratis.server.raftlog.segmented.SegmentedRaftLogWorker.run(SegmentedRaftLogWorker.java:310)
        at org.apache.ratis.server.raftlog.segmented.SegmentedRaftLogWorker$$Lambda$665/5803680.run(Unknown Source)
        at java.lang.Thread.run(Thread.java:750)
"pool-164-thread-1"  prio=5 tid=617 in Object.wait()
java.lang.Thread.State: WAITING (on object monitor)
        at sun.misc.Unsafe.park(Native Method)
        at java.util.concurrent.locks.LockSupport.park(LockSupport.java:175)
        at java.util.concurrent.locks.AbstractQueuedSynchronizer$ConditionObject.await(AbstractQueuedSynchronizer.java:2039)
        at java.util.concurrent.LinkedBlockingQueue.take(LinkedBlockingQueue.java:442)
        at java.util.concurrent.ThreadPoolExecutor.getTask(ThreadPoolExecutor.java:1074)
        at java.util.concurrent.ThreadPoolExecutor.runWorker(ThreadPoolExecutor.java:1134)
        at java.util.concurrent.ThreadPoolExecutor$Worker.run(ThreadPoolExecutor.java:624)
        at java.lang.Thread.run(Thread.java:750)
"timer4" daemon prio=5 tid=701 timed_waiting
java.lang.Thread.State: TIMED_WAITING
        at java.lang.Object.wait(Native Method)
        at java.util.TimerThread.mainLoop(Timer.java:552)
        at java.util.TimerThread.run(Timer.java:505)
"Command processor thread" daemon prio=5 tid=305 timed_waiting
java.lang.Thread.State: TIMED_WAITING
        at java.lang.Thread.sleep(Native Method)
        at org.apache.hadoop.ozone.container.common.statemachine.DatanodeStateMachine.lambda$initCommandHandlerThread$3(DatanodeStateMachine.java:641)
        at org.apache.hadoop.ozone.container.common.statemachine.DatanodeStateMachine$$Lambda$753/440432640.run(Unknown Source)
        at java.lang.Thread.run(Thread.java:750)
"e73ed4bb-a433-4ecd-b93a-d0b4e16433ed@group-760B59CC648B-FollowerState" daemon prio=5 tid=741 timed_waiting
java.lang.Thread.State: TIMED_WAITING
        at java.lang.Thread.sleep(Native Method)
        at java.lang.Thread.sleep(Thread.java:342)
        at java.util.concurrent.TimeUnit.sleep(TimeUnit.java:386)
        at org.apache.ratis.util.TimeDuration.sleep(TimeDuration.java:325)
        at org.apache.ratis.util.TimeDuration.sleep(TimeDuration.java:310)
        at org.apache.ratis.server.impl.FollowerState.run(FollowerState.java:128)
"pool-246-thread-1"  prio=5 tid=380 timed_waiting
java.lang.Thread.State: TIMED_WAITING
        at sun.misc.Unsafe.park(Native Method)
        at java.util.concurrent.locks.LockSupport.parkNanos(LockSupport.java:215)
        at java.util.concurrent.locks.AbstractQueuedSynchronizer$ConditionObject.awaitNanos(AbstractQueuedSynchronizer.java:2078)
        at java.util.concurrent.ScheduledThreadPoolExecutor$DelayedWorkQueue.take(ScheduledThreadPoolExecutor.java:1093)
        at java.util.concurrent.ScheduledThreadPoolExecutor$DelayedWorkQueue.take(ScheduledThreadPoolExecutor.java:809)
        at java.util.concurrent.ThreadPoolExecutor.getTask(ThreadPoolExecutor.java:1074)
        at java.util.concurrent.ThreadPoolExecutor.runWorker(ThreadPoolExecutor.java:1134)
        at java.util.concurrent.ThreadPoolExecutor$Worker.run(ThreadPoolExecutor.java:624)
        at java.lang.Thread.run(Thread.java:750)
"StaleRecoveringContainerScrubbingService#0" daemon prio=5 tid=563 in Object.wait()
java.lang.Thread.State: WAITING (on object monitor)
        at sun.misc.Unsafe.park(Native Method)
        at java.util.concurrent.locks.LockSupport.park(LockSupport.java:175)
        at java.util.concurrent.locks.AbstractQueuedSynchronizer$ConditionObject.await(AbstractQueuedSynchronizer.java:2039)
        at java.util.concurrent.ScheduledThreadPoolExecutor$DelayedWorkQueue.take(ScheduledThreadPoolExecutor.java:1088)
        at java.util.concurrent.ScheduledThreadPoolExecutor$DelayedWorkQueue.take(ScheduledThreadPoolExecutor.java:809)
        at java.util.concurrent.ThreadPoolExecutor.getTask(ThreadPoolExecutor.java:1074)
        at java.util.concurrent.ThreadPoolExecutor.runWorker(ThreadPoolExecutor.java:1134)
        at java.util.concurrent.ThreadPoolExecutor$Worker.run(ThreadPoolExecutor.java:624)
        at java.lang.Thread.run(Thread.java:750)
"ChunkWriter-1-0" daemon prio=5 tid=520 in Object.wait()
java.lang.Thread.State: WAITING (on object monitor)
        at sun.misc.Unsafe.park(Native Method)
        at java.util.concurrent.locks.LockSupport.park(LockSupport.java:175)
        at java.util.concurrent.locks.AbstractQueuedSynchronizer$ConditionObject.await(AbstractQueuedSynchronizer.java:2039)
        at java.util.concurrent.LinkedBlockingDeque.takeFirst(LinkedBlockingDeque.java:492)
        at java.util.concurrent.LinkedBlockingDeque.take(LinkedBlockingDeque.java:680)
        at java.util.concurrent.ThreadPoolExecutor.getTask(ThreadPoolExecutor.java:1074)
        at java.util.concurrent.ThreadPoolExecutor.runWorker(ThreadPoolExecutor.java:1134)
        at java.util.concurrent.ThreadPoolExecutor$Worker.run(ThreadPoolExecutor.java:624)
        at java.lang.Thread.run(Thread.java:750)
"IPC Server handler 0 on default port 33479" daemon prio=5 tid=67 timed_waiting
java.lang.Thread.State: TIMED_WAITING
        at sun.misc.Unsafe.park(Native Method)
        at java.util.concurrent.locks.LockSupport.parkNanos(LockSupport.java:215)
        at java.util.concurrent.locks.AbstractQueuedSynchronizer$ConditionObject.awaitNanos(AbstractQueuedSynchronizer.java:2078)
        at java.util.concurrent.LinkedBlockingQueue.poll(LinkedBlockingQueue.java:467)
        at org.apache.hadoop.ipc.CallQueueManager.take(CallQueueManager.java:317)
        at org.apache.hadoop.ipc.Server$Handler.run(Server.java:2942)
"qtp457009334-463" daemon prio=5 tid=463 timed_waiting
java.lang.Thread.State: TIMED_WAITING
        at sun.misc.Unsafe.park(Native Method)
        at java.util.concurrent.locks.LockSupport.parkNanos(LockSupport.java:215)
        at java.util.concurrent.locks.AbstractQueuedSynchronizer$ConditionObject.awaitNanos(AbstractQueuedSynchronizer.java:2078)
        at org.eclipse.jetty.util.BlockingArrayQueue.poll(BlockingArrayQueue.java:382)
        at org.eclipse.jetty.util.thread.QueuedThreadPool$Runner.idleJobPoll(QueuedThreadPool.java:974)
        at org.eclipse.jetty.util.thread.QueuedThreadPool$Runner.run(QueuedThreadPool.java:1018)
        at java.lang.Thread.run(Thread.java:750)
"pool-273-thread-1"  prio=5 tid=418 timed_waiting
java.lang.Thread.State: TIMED_WAITING
        at sun.misc.Unsafe.park(Native Method)
        at java.util.concurrent.locks.LockSupport.parkNanos(LockSupport.java:215)
        at java.util.concurrent.locks.AbstractQueuedSynchronizer$ConditionObject.awaitNanos(AbstractQueuedSynchronizer.java:2078)
        at java.util.concurrent.ScheduledThreadPoolExecutor$DelayedWorkQueue.take(ScheduledThreadPoolExecutor.java:1093)
        at java.util.concurrent.ScheduledThreadPoolExecutor$DelayedWorkQueue.take(ScheduledThreadPoolExecutor.java:809)
        at java.util.concurrent.ThreadPoolExecutor.getTask(ThreadPoolExecutor.java:1074)
        at java.util.concurrent.ThreadPoolExecutor.runWorker(ThreadPoolExecutor.java:1134)
        at java.util.concurrent.ThreadPoolExecutor$Worker.run(ThreadPoolExecutor.java:624)
        at java.lang.Thread.run(Thread.java:750)
"qtp110059025-342" daemon prio=5 tid=342 runnable
java.lang.Thread.State: RUNNABLE
        at sun.nio.ch.EPollArrayWrapper.epollWait(Native Method)
        at sun.nio.ch.EPollArrayWrapper.poll(EPollArrayWrapper.java:269)
        at sun.nio.ch.EPollSelectorImpl.doSelect(EPollSelectorImpl.java:93)
        at sun.nio.ch.SelectorImpl.lockAndDoSelect(SelectorImpl.java:86)
        at sun.nio.ch.SelectorImpl.select(SelectorImpl.java:97)
        at sun.nio.ch.SelectorImpl.select(SelectorImpl.java:101)
        at org.eclipse.jetty.io.ManagedSelector.nioSelect(ManagedSelector.java:183)
        at org.eclipse.jetty.io.ManagedSelector.select(ManagedSelector.java:190)
        at org.eclipse.jetty.io.ManagedSelector$SelectorProducer.select(ManagedSelector.java:606)
        at org.eclipse.jetty.io.ManagedSelector$SelectorProducer.produce(ManagedSelector.java:543)
        at org.eclipse.jetty.util.thread.strategy.EatWhatYouKill.produceTask(EatWhatYouKill.java:362)
        at org.eclipse.jetty.util.thread.strategy.EatWhatYouKill.doProduce(EatWhatYouKill.java:186)
        at org.eclipse.jetty.util.thread.strategy.EatWhatYouKill.tryProduce(EatWhatYouKill.java:173)
        at org.eclipse.jetty.util.thread.strategy.EatWhatYouKill.produce(EatWhatYouKill.java:137)
        at org.eclipse.jetty.io.ManagedSelector$$Lambda$446/163190398.run(Unknown Source)
        at org.eclipse.jetty.util.thread.QueuedThreadPool.runJob(QueuedThreadPool.java:883)
        at org.eclipse.jetty.util.thread.QueuedThreadPool$Runner.run(QueuedThreadPool.java:1034)
        at java.lang.Thread.run(Thread.java:750)
"IPC Server handler 3 on default port 40125" daemon prio=5 tid=157 timed_waiting
java.lang.Thread.State: TIMED_WAITING
        at sun.misc.Unsafe.park(Native Method)
        at java.util.concurrent.locks.LockSupport.parkNanos(LockSupport.java:215)
        at java.util.concurrent.locks.AbstractQueuedSynchronizer$ConditionObject.awaitNanos(AbstractQueuedSynchronizer.java:2078)
        at java.util.concurrent.LinkedBlockingQueue.poll(LinkedBlockingQueue.java:467)
        at org.apache.hadoop.ipc.CallQueueManager.take(CallQueueManager.java:317)
        at org.apache.hadoop.ipc.Server$Handler.run(Server.java:2942)
"qtp1531438298-294" daemon prio=5 tid=294 timed_waiting
java.lang.Thread.State: TIMED_WAITING
        at sun.misc.Unsafe.park(Native Method)
        at java.util.concurrent.locks.LockSupport.parkNanos(LockSupport.java:215)
        at java.util.concurrent.locks.AbstractQueuedSynchronizer$ConditionObject.awaitNanos(AbstractQueuedSynchronizer.java:2078)
        at org.eclipse.jetty.util.BlockingArrayQueue.poll(BlockingArrayQueue.java:382)
        at org.eclipse.jetty.util.thread.QueuedThreadPool$Runner.idleJobPoll(QueuedThreadPool.java:974)
        at org.eclipse.jetty.util.thread.QueuedThreadPool$Runner.run(QueuedThreadPool.java:1018)
        at java.lang.Thread.run(Thread.java:750)
"6480c095-e652-434b-9207-ee2ed1cf0924@group-2DB472FABF22-FollowerState" daemon prio=5 tid=844 timed_waiting
java.lang.Thread.State: TIMED_WAITING
        at java.lang.Thread.sleep(Native Method)
        at java.lang.Thread.sleep(Thread.java:342)
        at java.util.concurrent.TimeUnit.sleep(TimeUnit.java:386)
        at org.apache.ratis.util.TimeDuration.sleep(TimeDuration.java:325)
        at org.apache.ratis.util.TimeDuration.sleep(TimeDuration.java:310)
        at org.apache.ratis.server.impl.FollowerState.run(FollowerState.java:128)
"ChunkReader-ELG-0" daemon prio=5 tid=359 runnable
java.lang.Thread.State: RUNNABLE
        at org.apache.ratis.thirdparty.io.netty.channel.epoll.Native.epollWait(Native Method)
        at org.apache.ratis.thirdparty.io.netty.channel.epoll.Native.epollWait(Native.java:209)
        at org.apache.ratis.thirdparty.io.netty.channel.epoll.Native.epollWait(Native.java:202)
        at org.apache.ratis.thirdparty.io.netty.channel.epoll.EpollEventLoop.epollWaitNoTimerChange(EpollEventLoop.java:294)
        at org.apache.ratis.thirdparty.io.netty.channel.epoll.EpollEventLoop.run(EpollEventLoop.java:351)
        at org.apache.ratis.thirdparty.io.netty.util.concurrent.SingleThreadEventExecutor$4.run(SingleThreadEventExecutor.java:995)
        at org.apache.ratis.thirdparty.io.netty.util.internal.ThreadExecutorMap$2.run(ThreadExecutorMap.java:74)
        at java.lang.Thread.run(Thread.java:750)
"BlockDeletingService#2" daemon prio=5 tid=898 in Object.wait()
java.lang.Thread.State: WAITING (on object monitor)
        at sun.misc.Unsafe.park(Native Method)
        at java.util.concurrent.locks.LockSupport.park(LockSupport.java:175)
        at java.util.concurrent.locks.AbstractQueuedSynchronizer$ConditionObject.await(AbstractQueuedSynchronizer.java:2039)
        at java.util.concurrent.ScheduledThreadPoolExecutor$DelayedWorkQueue.take(ScheduledThreadPoolExecutor.java:1088)
        at java.util.concurrent.ScheduledThreadPoolExecutor$DelayedWorkQueue.take(ScheduledThreadPoolExecutor.java:809)
        at java.util.concurrent.ThreadPoolExecutor.getTask(ThreadPoolExecutor.java:1074)
        at java.util.concurrent.ThreadPoolExecutor.runWorker(ThreadPoolExecutor.java:1134)
        at java.util.concurrent.ThreadPoolExecutor$Worker.run(ThreadPoolExecutor.java:624)
        at java.lang.Thread.run(Thread.java:750)
"BlockDeletingService#1" daemon prio=5 tid=363 timed_waiting
java.lang.Thread.State: TIMED_WAITING
        at sun.misc.Unsafe.park(Native Method)
        at java.util.concurrent.locks.LockSupport.parkNanos(LockSupport.java:215)
        at java.util.concurrent.locks.AbstractQueuedSynchronizer$ConditionObject.awaitNanos(AbstractQueuedSynchronizer.java:2078)
        at java.util.concurrent.ScheduledThreadPoolExecutor$DelayedWorkQueue.take(ScheduledThreadPoolExecutor.java:1093)
        at java.util.concurrent.ScheduledThreadPoolExecutor$DelayedWorkQueue.take(ScheduledThreadPoolExecutor.java:809)
        at java.util.concurrent.ThreadPoolExecutor.getTask(ThreadPoolExecutor.java:1074)
        at java.util.concurrent.ThreadPoolExecutor.runWorker(ThreadPoolExecutor.java:1134)
        at java.util.concurrent.ThreadPoolExecutor$Worker.run(ThreadPoolExecutor.java:624)
        at java.lang.Thread.run(Thread.java:750)
"BlockDeletingService#2" daemon prio=5 tid=896 in Object.wait()
java.lang.Thread.State: WAITING (on object monitor)
        at sun.misc.Unsafe.park(Native Method)
        at java.util.concurrent.locks.LockSupport.park(LockSupport.java:175)
        at java.util.concurrent.locks.AbstractQueuedSynchronizer$ConditionObject.await(AbstractQueuedSynchronizer.java:2039)
        at java.util.concurrent.ScheduledThreadPoolExecutor$DelayedWorkQueue.take(ScheduledThreadPoolExecutor.java:1088)
        at java.util.concurrent.ScheduledThreadPoolExecutor$DelayedWorkQueue.take(ScheduledThreadPoolExecutor.java:809)
        at java.util.concurrent.ThreadPoolExecutor.getTask(ThreadPoolExecutor.java:1074)
        at java.util.concurrent.ThreadPoolExecutor.runWorker(ThreadPoolExecutor.java:1134)
        at java.util.concurrent.ThreadPoolExecutor$Worker.run(ThreadPoolExecutor.java:624)
        at java.lang.Thread.run(Thread.java:750)
"bc4c196d-1c1a-499c-9b0d-21e75e378ad6@group-2DB472FABF22->6480c095-e652-434b-9207-ee2ed1cf0924-GrpcLogAppender-LogAppenderDaemon" daemon prio=5 tid=846 timed_waiting
java.lang.Thread.State: TIMED_WAITING
        at sun.misc.Unsafe.park(Native Method)
        at java.util.concurrent.locks.LockSupport.parkNanos(LockSupport.java:215)
        at java.util.concurrent.CompletableFuture$Signaller.block(CompletableFuture.java:1709)
        at java.util.concurrent.ForkJoinPool.managedBlock(ForkJoinPool.java:3323)
        at java.util.concurrent.CompletableFuture.timedGet(CompletableFuture.java:1788)
        at java.util.concurrent.CompletableFuture.get(CompletableFuture.java:1928)
        at org.apache.ratis.util.AwaitForSignal.await(AwaitForSignal.java:56)
        at org.apache.ratis.grpc.server.GrpcLogAppender.mayWait(GrpcLogAppender.java:198)
        at org.apache.ratis.grpc.server.GrpcLogAppender.run(GrpcLogAppender.java:148)
        at org.apache.ratis.server.leader.LogAppenderDaemon.run(LogAppenderDaemon.java:78)
        at org.apache.ratis.server.leader.LogAppenderDaemon$$Lambda$1039/1655154307.run(Unknown Source)
        at java.lang.Thread.run(Thread.java:750)
"IPC Server handler 13 on default port 40125" daemon prio=5 tid=167 timed_waiting
java.lang.Thread.State: TIMED_WAITING
        at sun.misc.Unsafe.park(Native Method)
        at java.util.concurrent.locks.LockSupport.parkNanos(LockSupport.java:215)
        at java.util.concurrent.locks.AbstractQueuedSynchronizer$ConditionObject.awaitNanos(AbstractQueuedSynchronizer.java:2078)
        at java.util.concurrent.LinkedBlockingQueue.poll(LinkedBlockingQueue.java:467)
        at org.apache.hadoop.ipc.CallQueueManager.take(CallQueueManager.java:317)
        at org.apache.hadoop.ipc.Server$Handler.run(Server.java:2942)
"6480c095-e652-434b-9207-ee2ed1cf0924@group-2DB472FABF22-SegmentedRaftLogWorker"  prio=5 tid=664 timed_waiting
java.lang.Thread.State: TIMED_WAITING
        at sun.misc.Unsafe.park(Native Method)
        at java.util.concurrent.locks.LockSupport.parkNanos(LockSupport.java:215)
        at java.util.concurrent.locks.AbstractQueuedSynchronizer$ConditionObject.awaitNanos(AbstractQueuedSynchronizer.java:2078)
        at org.apache.ratis.util.DataBlockingQueue.poll(DataBlockingQueue.java:148)
        at org.apache.ratis.server.raftlog.segmented.SegmentedRaftLogWorker.run(SegmentedRaftLogWorker.java:310)
        at org.apache.ratis.server.raftlog.segmented.SegmentedRaftLogWorker$$Lambda$665/5803680.run(Unknown Source)
        at java.lang.Thread.run(Thread.java:750)
"ChunkWriter-1-0" daemon prio=5 tid=355 in Object.wait()
java.lang.Thread.State: WAITING (on object monitor)
        at sun.misc.Unsafe.park(Native Method)
        at java.util.concurrent.locks.LockSupport.park(LockSupport.java:175)
        at java.util.concurrent.locks.AbstractQueuedSynchronizer$ConditionObject.await(AbstractQueuedSynchronizer.java:2039)
        at java.util.concurrent.LinkedBlockingDeque.takeFirst(LinkedBlockingDeque.java:492)
        at java.util.concurrent.LinkedBlockingDeque.take(LinkedBlockingDeque.java:680)
        at java.util.concurrent.ThreadPoolExecutor.getTask(ThreadPoolExecutor.java:1074)
        at java.util.concurrent.ThreadPoolExecutor.runWorker(ThreadPoolExecutor.java:1134)
        at java.util.concurrent.ThreadPoolExecutor$Worker.run(ThreadPoolExecutor.java:624)
        at java.lang.Thread.run(Thread.java:750)
"pool-187-thread-1"  prio=5 tid=622 in Object.wait()
java.lang.Thread.State: WAITING (on object monitor)
        at sun.misc.Unsafe.park(Native Method)
        at java.util.concurrent.locks.LockSupport.park(LockSupport.java:175)
        at java.util.concurrent.locks.AbstractQueuedSynchronizer$ConditionObject.await(AbstractQueuedSynchronizer.java:2039)
        at java.util.concurrent.LinkedBlockingQueue.take(LinkedBlockingQueue.java:442)
        at java.util.concurrent.ThreadPoolExecutor.getTask(ThreadPoolExecutor.java:1074)
        at java.util.concurrent.ThreadPoolExecutor.runWorker(ThreadPoolExecutor.java:1134)
        at java.util.concurrent.ThreadPoolExecutor$Worker.run(ThreadPoolExecutor.java:624)
        at java.lang.Thread.run(Thread.java:750)
"PartialTableCache Cleanup Thread - 0" daemon prio=5 tid=773 in Object.wait()
java.lang.Thread.State: WAITING (on object monitor)
        at sun.misc.Unsafe.park(Native Method)
        at java.util.concurrent.locks.LockSupport.park(LockSupport.java:175)
        at java.util.concurrent.locks.AbstractQueuedSynchronizer$ConditionObject.await(AbstractQueuedSynchronizer.java:2039)
        at java.util.concurrent.LinkedBlockingQueue.take(LinkedBlockingQueue.java:442)
        at java.util.concurrent.ThreadPoolExecutor.getTask(ThreadPoolExecutor.java:1074)
        at java.util.concurrent.ThreadPoolExecutor.runWorker(ThreadPoolExecutor.java:1134)
        at java.util.concurrent.ThreadPoolExecutor$Worker.run(ThreadPoolExecutor.java:624)
        at java.lang.Thread.run(Thread.java:750)
"qtp326207642-187" daemon prio=5 tid=187 timed_waiting
java.lang.Thread.State: TIMED_WAITING
        at sun.misc.Unsafe.park(Native Method)
        at java.util.concurrent.locks.LockSupport.parkNanos(LockSupport.java:215)
        at java.util.concurrent.locks.AbstractQueuedSynchronizer$ConditionObject.awaitNanos(AbstractQueuedSynchronizer.java:2078)
        at org.eclipse.jetty.util.BlockingArrayQueue.poll(BlockingArrayQueue.java:382)
        at org.eclipse.jetty.util.thread.QueuedThreadPool$Runner.idleJobPoll(QueuedThreadPool.java:974)
        at org.eclipse.jetty.util.thread.QueuedThreadPool$Runner.run(QueuedThreadPool.java:1018)
        at java.lang.Thread.run(Thread.java:750)
"ChunkWriter-3-0" daemon prio=5 tid=535 in Object.wait()
java.lang.Thread.State: WAITING (on object monitor)
        at sun.misc.Unsafe.park(Native Method)
        at java.util.concurrent.locks.LockSupport.park(LockSupport.java:175)
        at java.util.concurrent.locks.AbstractQueuedSynchronizer$ConditionObject.await(AbstractQueuedSynchronizer.java:2039)
        at java.util.concurrent.LinkedBlockingDeque.takeFirst(LinkedBlockingDeque.java:492)
        at java.util.concurrent.LinkedBlockingDeque.take(LinkedBlockingDeque.java:680)
        at java.util.concurrent.ThreadPoolExecutor.getTask(ThreadPoolExecutor.java:1074)
        at java.util.concurrent.ThreadPoolExecutor.runWorker(ThreadPoolExecutor.java:1134)
        at java.util.concurrent.ThreadPoolExecutor$Worker.run(ThreadPoolExecutor.java:624)
        at java.lang.Thread.run(Thread.java:750)
"DatanodeAdminManager-0" daemon prio=5 tid=21 timed_waiting
java.lang.Thread.State: TIMED_WAITING
        at sun.misc.Unsafe.park(Native Method)
        at java.util.concurrent.locks.LockSupport.parkNanos(LockSupport.java:215)
        at java.util.concurrent.locks.AbstractQueuedSynchronizer$ConditionObject.awaitNanos(AbstractQueuedSynchronizer.java:2078)
        at java.util.concurrent.ScheduledThreadPoolExecutor$DelayedWorkQueue.take(ScheduledThreadPoolExecutor.java:1093)
        at java.util.concurrent.ScheduledThreadPoolExecutor$DelayedWorkQueue.take(ScheduledThreadPoolExecutor.java:809)
        at java.util.concurrent.ThreadPoolExecutor.getTask(ThreadPoolExecutor.java:1074)
        at java.util.concurrent.ThreadPoolExecutor.runWorker(ThreadPoolExecutor.java:1134)
        at java.util.concurrent.ThreadPoolExecutor$Worker.run(ThreadPoolExecutor.java:624)
        at java.lang.Thread.run(Thread.java:750)
"StaleRecoveringContainerScrubbingService#2" daemon prio=5 tid=904 in Object.wait()
java.lang.Thread.State: WAITING (on object monitor)
        at sun.misc.Unsafe.park(Native Method)
        at java.util.concurrent.locks.LockSupport.park(LockSupport.java:175)
        at java.util.concurrent.locks.AbstractQueuedSynchronizer$ConditionObject.await(AbstractQueuedSynchronizer.java:2039)
        at java.util.concurrent.ScheduledThreadPoolExecutor$DelayedWorkQueue.take(ScheduledThreadPoolExecutor.java:1088)
        at java.util.concurrent.ScheduledThreadPoolExecutor$DelayedWorkQueue.take(ScheduledThreadPoolExecutor.java:809)
        at java.util.concurrent.ThreadPoolExecutor.getTask(ThreadPoolExecutor.java:1074)
        at java.util.concurrent.ThreadPoolExecutor.runWorker(ThreadPoolExecutor.java:1134)
        at java.util.concurrent.ThreadPoolExecutor$Worker.run(ThreadPoolExecutor.java:624)
        at java.lang.Thread.run(Thread.java:750)
"IPC Server handler 10 on default port 33479" daemon prio=5 tid=77 timed_waiting
java.lang.Thread.State: TIMED_WAITING
        at sun.misc.Unsafe.park(Native Method)
        at java.util.concurrent.locks.LockSupport.parkNanos(LockSupport.java:215)
        at java.util.concurrent.locks.AbstractQueuedSynchronizer$ConditionObject.awaitNanos(AbstractQueuedSynchronizer.java:2078)
        at java.util.concurrent.LinkedBlockingQueue.poll(LinkedBlockingQueue.java:467)
        at org.apache.hadoop.ipc.CallQueueManager.take(CallQueueManager.java:317)
        at org.apache.hadoop.ipc.Server$Handler.run(Server.java:2942)
"bc4c196d-1c1a-499c-9b0d-21e75e378ad6@group-14B460C0674A-FollowerState" daemon prio=5 tid=791 timed_waiting
java.lang.Thread.State: TIMED_WAITING
        at java.lang.Thread.sleep(Native Method)
        at java.lang.Thread.sleep(Thread.java:342)
        at java.util.concurrent.TimeUnit.sleep(TimeUnit.java:386)
        at org.apache.ratis.util.TimeDuration.sleep(TimeDuration.java:325)
        at org.apache.ratis.util.TimeDuration.sleep(TimeDuration.java:310)
        at org.apache.ratis.server.impl.FollowerState.run(FollowerState.java:128)
"Datanode ReportManager Thread - 2" daemon prio=5 tid=224 in Object.wait()
java.lang.Thread.State: WAITING (on object monitor)
        at sun.misc.Unsafe.park(Native Method)
        at java.util.concurrent.locks.LockSupport.park(LockSupport.java:175)
        at java.util.concurrent.locks.AbstractQueuedSynchronizer$ConditionObject.await(AbstractQueuedSynchronizer.java:2039)
        at java.util.concurrent.ScheduledThreadPoolExecutor$DelayedWorkQueue.take(ScheduledThreadPoolExecutor.java:1088)
        at java.util.concurrent.ScheduledThreadPoolExecutor$DelayedWorkQueue.take(ScheduledThreadPoolExecutor.java:809)
        at java.util.concurrent.ThreadPoolExecutor.getTask(ThreadPoolExecutor.java:1074)
        at java.util.concurrent.ThreadPoolExecutor.runWorker(ThreadPoolExecutor.java:1134)
        at java.util.concurrent.ThreadPoolExecutor$Worker.run(ThreadPoolExecutor.java:624)
        at java.lang.Thread.run(Thread.java:750)
"pool-173-thread-1"  prio=5 tid=289 timed_waiting
java.lang.Thread.State: TIMED_WAITING
        at sun.misc.Unsafe.park(Native Method)
        at java.util.concurrent.locks.LockSupport.parkNanos(LockSupport.java:215)
        at java.util.concurrent.locks.AbstractQueuedSynchronizer$ConditionObject.awaitNanos(AbstractQueuedSynchronizer.java:2078)
        at java.util.concurrent.ScheduledThreadPoolExecutor$DelayedWorkQueue.take(ScheduledThreadPoolExecutor.java:1093)
        at java.util.concurrent.ScheduledThreadPoolExecutor$DelayedWorkQueue.take(ScheduledThreadPoolExecutor.java:809)
        at java.util.concurrent.ThreadPoolExecutor.getTask(ThreadPoolExecutor.java:1074)
        at java.util.concurrent.ThreadPoolExecutor.runWorker(ThreadPoolExecutor.java:1134)
        at java.util.concurrent.ThreadPoolExecutor$Worker.run(ThreadPoolExecutor.java:624)
        at java.lang.Thread.run(Thread.java:750)
"qtp860364734-424" daemon prio=5 tid=424 timed_waiting
java.lang.Thread.State: TIMED_WAITING
        at sun.misc.Unsafe.park(Native Method)
        at java.util.concurrent.locks.LockSupport.parkNanos(LockSupport.java:215)
        at java.util.concurrent.locks.AbstractQueuedSynchronizer$ConditionObject.awaitNanos(AbstractQueuedSynchronizer.java:2078)
        at org.eclipse.jetty.util.BlockingArrayQueue.poll(BlockingArrayQueue.java:382)
        at org.eclipse.jetty.util.thread.QueuedThreadPool$Runner.idleJobPoll(QueuedThreadPool.java:974)
        at org.eclipse.jetty.util.thread.QueuedThreadPool$Runner.run(QueuedThreadPool.java:1018)
        at java.lang.Thread.run(Thread.java:750)
"IPC Server handler 10 on default port 40125" daemon prio=5 tid=164 timed_waiting
java.lang.Thread.State: TIMED_WAITING
        at sun.misc.Unsafe.park(Native Method)
        at java.util.concurrent.locks.LockSupport.parkNanos(LockSupport.java:215)
        at java.util.concurrent.locks.AbstractQueuedSynchronizer$ConditionObject.awaitNanos(AbstractQueuedSynchronizer.java:2078)
        at java.util.concurrent.LinkedBlockingQueue.poll(LinkedBlockingQueue.java:467)
        at org.apache.hadoop.ipc.CallQueueManager.take(CallQueueManager.java:317)
        at org.apache.hadoop.ipc.Server$Handler.run(Server.java:2942)
"6480c095-e652-434b-9207-ee2ed1cf0924-server-thread3" daemon prio=5 tid=853 timed_waiting
java.lang.Thread.State: TIMED_WAITING
        at sun.misc.Unsafe.park(Native Method)
        at java.util.concurrent.locks.LockSupport.parkNanos(LockSupport.java:215)
        at java.util.concurrent.SynchronousQueue$TransferStack.awaitFulfill(SynchronousQueue.java:460)
        at java.util.concurrent.SynchronousQueue$TransferStack.transfer(SynchronousQueue.java:362)
        at java.util.concurrent.SynchronousQueue.poll(SynchronousQueue.java:941)
        at java.util.concurrent.ThreadPoolExecutor.getTask(ThreadPoolExecutor.java:1073)
        at java.util.concurrent.ThreadPoolExecutor.runWorker(ThreadPoolExecutor.java:1134)
        at java.util.concurrent.ThreadPoolExecutor$Worker.run(ThreadPoolExecutor.java:624)
        at java.lang.Thread.run(Thread.java:750)
"BlockDeletingService#1" daemon prio=5 tid=497 timed_waiting
java.lang.Thread.State: TIMED_WAITING
        at sun.misc.Unsafe.park(Native Method)
        at java.util.concurrent.locks.LockSupport.parkNanos(LockSupport.java:215)
        at java.util.concurrent.locks.AbstractQueuedSynchronizer$ConditionObject.awaitNanos(AbstractQueuedSynchronizer.java:2078)
        at java.util.concurrent.ScheduledThreadPoolExecutor$DelayedWorkQueue.take(ScheduledThreadPoolExecutor.java:1093)
        at java.util.concurrent.ScheduledThreadPoolExecutor$DelayedWorkQueue.take(ScheduledThreadPoolExecutor.java:809)
        at java.util.concurrent.ThreadPoolExecutor.getTask(ThreadPoolExecutor.java:1074)
        at java.util.concurrent.ThreadPoolExecutor.runWorker(ThreadPoolExecutor.java:1134)
        at java.util.concurrent.ThreadPoolExecutor$Worker.run(ThreadPoolExecutor.java:624)
        at java.lang.Thread.run(Thread.java:750)
"Datanode State Machine Task Thread - 0"  prio=5 tid=410 in Object.wait()
java.lang.Thread.State: WAITING (on object monitor)
        at sun.misc.Unsafe.park(Native Method)
        at java.util.concurrent.locks.LockSupport.park(LockSupport.java:175)
        at java.util.concurrent.locks.AbstractQueuedSynchronizer$ConditionObject.await(AbstractQueuedSynchronizer.java:2039)
        at java.util.concurrent.LinkedBlockingQueue.take(LinkedBlockingQueue.java:442)
        at java.util.concurrent.ThreadPoolExecutor.getTask(ThreadPoolExecutor.java:1074)
        at java.util.concurrent.ThreadPoolExecutor.runWorker(ThreadPoolExecutor.java:1134)
        at java.util.concurrent.ThreadPoolExecutor$Worker.run(ThreadPoolExecutor.java:624)
        at java.lang.Thread.run(Thread.java:750)
"EndpointStateMachine task thread for /0.0.0.0:45711 - 0 "  prio=5 tid=467 in Object.wait()
java.lang.Thread.State: WAITING (on object monitor)
        at sun.misc.Unsafe.park(Native Method)
        at java.util.concurrent.locks.LockSupport.park(LockSupport.java:175)
        at java.util.concurrent.locks.AbstractQueuedSynchronizer$ConditionObject.await(AbstractQueuedSynchronizer.java:2039)
        at java.util.concurrent.LinkedBlockingQueue.take(LinkedBlockingQueue.java:442)
        at java.util.concurrent.ThreadPoolExecutor.getTask(ThreadPoolExecutor.java:1074)
        at java.util.concurrent.ThreadPoolExecutor.runWorker(ThreadPoolExecutor.java:1134)
        at java.util.concurrent.ThreadPoolExecutor$Worker.run(ThreadPoolExecutor.java:624)
        at java.lang.Thread.run(Thread.java:750)
"JvmPauseMonitor9" daemon prio=5 tid=548 timed_waiting
java.lang.Thread.State: TIMED_WAITING
        at java.lang.Thread.sleep(Native Method)
        at java.lang.Thread.sleep(Thread.java:342)
        at java.util.concurrent.TimeUnit.sleep(TimeUnit.java:386)
        at org.apache.ratis.util.TimeDuration.sleep(TimeDuration.java:325)
        at org.apache.ratis.util.TimeDuration.sleep(TimeDuration.java:310)
        at org.apache.ratis.util.JvmPauseMonitor.detectPause(JvmPauseMonitor.java:119)
        at org.apache.ratis.util.JvmPauseMonitor.run(JvmPauseMonitor.java:108)
        at org.apache.ratis.util.JvmPauseMonitor$$Lambda$706/668240146.run(Unknown Source)
        at java.lang.Thread.run(Thread.java:750)
"Datanode ReportManager Thread - 4" daemon prio=5 tid=198 in Object.wait()
java.lang.Thread.State: WAITING (on object monitor)
        at sun.misc.Unsafe.park(Native Method)
        at java.util.concurrent.locks.LockSupport.park(LockSupport.java:175)
        at java.util.concurrent.locks.AbstractQueuedSynchronizer$ConditionObject.await(AbstractQueuedSynchronizer.java:2039)
        at java.util.concurrent.ScheduledThreadPoolExecutor$DelayedWorkQueue.take(ScheduledThreadPoolExecutor.java:1088)
        at java.util.concurrent.ScheduledThreadPoolExecutor$DelayedWorkQueue.take(ScheduledThreadPoolExecutor.java:809)
        at java.util.concurrent.ThreadPoolExecutor.getTask(ThreadPoolExecutor.java:1074)
        at java.util.concurrent.ThreadPoolExecutor.runWorker(ThreadPoolExecutor.java:1134)
        at java.util.concurrent.ThreadPoolExecutor$Worker.run(ThreadPoolExecutor.java:624)
        at java.lang.Thread.run(Thread.java:750)
"ChunkWriter-0-0" daemon prio=5 tid=532 in Object.wait()
java.lang.Thread.State: WAITING (on object monitor)
        at sun.misc.Unsafe.park(Native Method)
        at java.util.concurrent.locks.LockSupport.park(LockSupport.java:175)
        at java.util.concurrent.locks.AbstractQueuedSynchronizer$ConditionObject.await(AbstractQueuedSynchronizer.java:2039)
        at java.util.concurrent.LinkedBlockingDeque.takeFirst(LinkedBlockingDeque.java:492)
        at java.util.concurrent.LinkedBlockingDeque.take(LinkedBlockingDeque.java:680)
        at java.util.concurrent.ThreadPoolExecutor.getTask(ThreadPoolExecutor.java:1074)
        at java.util.concurrent.ThreadPoolExecutor.runWorker(ThreadPoolExecutor.java:1134)
        at java.util.concurrent.ThreadPoolExecutor$Worker.run(ThreadPoolExecutor.java:624)
        at java.lang.Thread.run(Thread.java:750)
"StaleRecoveringContainerScrubbingService#0" daemon prio=5 tid=399 in Object.wait()
java.lang.Thread.State: WAITING (on object monitor)
        at sun.misc.Unsafe.park(Native Method)
        at java.util.concurrent.locks.LockSupport.park(LockSupport.java:175)
        at java.util.concurrent.locks.AbstractQueuedSynchronizer$ConditionObject.await(AbstractQueuedSynchronizer.java:2039)
        at java.util.concurrent.ScheduledThreadPoolExecutor$DelayedWorkQueue.take(ScheduledThreadPoolExecutor.java:1088)
        at java.util.concurrent.ScheduledThreadPoolExecutor$DelayedWorkQueue.take(ScheduledThreadPoolExecutor.java:809)
        at java.util.concurrent.ThreadPoolExecutor.getTask(ThreadPoolExecutor.java:1074)
        at java.util.concurrent.ThreadPoolExecutor.runWorker(ThreadPoolExecutor.java:1134)
        at java.util.concurrent.ThreadPoolExecutor$Worker.run(ThreadPoolExecutor.java:624)
        at java.lang.Thread.run(Thread.java:750)
"IPC Server handler 16 on default port 40125" daemon prio=5 tid=170 timed_waiting
java.lang.Thread.State: TIMED_WAITING
        at sun.misc.Unsafe.park(Native Method)
        at java.util.concurrent.locks.LockSupport.parkNanos(LockSupport.java:215)
        at java.util.concurrent.locks.AbstractQueuedSynchronizer$ConditionObject.awaitNanos(AbstractQueuedSynchronizer.java:2078)
        at java.util.concurrent.LinkedBlockingQueue.poll(LinkedBlockingQueue.java:467)
        at org.apache.hadoop.ipc.CallQueueManager.take(CallQueueManager.java:317)
        at org.apache.hadoop.ipc.Server$Handler.run(Server.java:2942)
"ChunkWriter-0-0" daemon prio=5 tid=392 in Object.wait()
java.lang.Thread.State: WAITING (on object monitor)
        at sun.misc.Unsafe.park(Native Method)
        at java.util.concurrent.locks.LockSupport.park(LockSupport.java:175)
        at java.util.concurrent.locks.AbstractQueuedSynchronizer$ConditionObject.await(AbstractQueuedSynchronizer.java:2039)
        at java.util.concurrent.LinkedBlockingDeque.takeFirst(LinkedBlockingDeque.java:492)
        at java.util.concurrent.LinkedBlockingDeque.take(LinkedBlockingDeque.java:680)
        at java.util.concurrent.ThreadPoolExecutor.getTask(ThreadPoolExecutor.java:1074)
        at java.util.concurrent.ThreadPoolExecutor.runWorker(ThreadPoolExecutor.java:1134)
        at java.util.concurrent.ThreadPoolExecutor$Worker.run(ThreadPoolExecutor.java:624)
        at java.lang.Thread.run(Thread.java:750)
"SCMBlockDeletingService#0" daemon prio=5 tid=107 timed_waiting
java.lang.Thread.State: TIMED_WAITING
        at sun.misc.Unsafe.park(Native Method)
        at java.util.concurrent.locks.LockSupport.parkNanos(LockSupport.java:215)
        at java.util.concurrent.locks.AbstractQueuedSynchronizer$ConditionObject.awaitNanos(AbstractQueuedSynchronizer.java:2078)
        at java.util.concurrent.ScheduledThreadPoolExecutor$DelayedWorkQueue.take(ScheduledThreadPoolExecutor.java:1093)
        at java.util.concurrent.ScheduledThreadPoolExecutor$DelayedWorkQueue.take(ScheduledThreadPoolExecutor.java:809)
        at java.util.concurrent.ThreadPoolExecutor.getTask(ThreadPoolExecutor.java:1074)
        at java.util.concurrent.ThreadPoolExecutor.runWorker(ThreadPoolExecutor.java:1134)
        at java.util.concurrent.ThreadPoolExecutor$Worker.run(ThreadPoolExecutor.java:624)
        at java.lang.Thread.run(Thread.java:750)
"Session-HouseKeeper-79f127e-1"  prio=5 tid=218 timed_waiting
java.lang.Thread.State: TIMED_WAITING
        at sun.misc.Unsafe.park(Native Method)
        at java.util.concurrent.locks.LockSupport.parkNanos(LockSupport.java:215)
        at java.util.concurrent.locks.AbstractQueuedSynchronizer$ConditionObject.awaitNanos(AbstractQueuedSynchronizer.java:2078)
        at java.util.concurrent.ScheduledThreadPoolExecutor$DelayedWorkQueue.take(ScheduledThreadPoolExecutor.java:1093)
        at java.util.concurrent.ScheduledThreadPoolExecutor$DelayedWorkQueue.take(ScheduledThreadPoolExecutor.java:809)
        at java.util.concurrent.ThreadPoolExecutor.getTask(ThreadPoolExecutor.java:1074)
        at java.util.concurrent.ThreadPoolExecutor.runWorker(ThreadPoolExecutor.java:1134)
        at java.util.concurrent.ThreadPoolExecutor$Worker.run(ThreadPoolExecutor.java:624)
        at java.lang.Thread.run(Thread.java:750)
"47858208-0de4-46ca-af6a-45b9f6a00c92@group-760B59CC648B-StateMachineUpdater" daemon prio=5 tid=616 timed_waiting
java.lang.Thread.State: TIMED_WAITING
        at sun.misc.Unsafe.park(Native Method)
        at java.util.concurrent.locks.LockSupport.parkNanos(LockSupport.java:215)
        at java.util.concurrent.CompletableFuture$Signaller.block(CompletableFuture.java:1709)
        at java.util.concurrent.ForkJoinPool.managedBlock(ForkJoinPool.java:3323)
        at java.util.concurrent.CompletableFuture.timedGet(CompletableFuture.java:1788)
        at java.util.concurrent.CompletableFuture.get(CompletableFuture.java:1928)
        at org.apache.ratis.util.AwaitForSignal.await(AwaitForSignal.java:56)
        at org.apache.ratis.server.impl.StateMachineUpdater.waitForCommit(StateMachineUpdater.java:207)
        at org.apache.ratis.server.impl.StateMachineUpdater.run(StateMachineUpdater.java:176)
        at java.lang.Thread.run(Thread.java:750)
"qtp994976213-264" daemon prio=5 tid=264 runnable
java.lang.Thread.State: RUNNABLE
        at sun.nio.ch.EPollArrayWrapper.epollWait(Native Method)
        at sun.nio.ch.EPollArrayWrapper.poll(EPollArrayWrapper.java:269)
        at sun.nio.ch.EPollSelectorImpl.doSelect(EPollSelectorImpl.java:93)
        at sun.nio.ch.SelectorImpl.lockAndDoSelect(SelectorImpl.java:86)
        at sun.nio.ch.SelectorImpl.select(SelectorImpl.java:97)
        at sun.nio.ch.SelectorImpl.select(SelectorImpl.java:101)
        at org.eclipse.jetty.io.ManagedSelector.nioSelect(ManagedSelector.java:183)
        at org.eclipse.jetty.io.ManagedSelector.select(ManagedSelector.java:190)
        at org.eclipse.jetty.io.ManagedSelector$SelectorProducer.select(ManagedSelector.java:606)
        at org.eclipse.jetty.io.ManagedSelector$SelectorProducer.produce(ManagedSelector.java:543)
        at org.eclipse.jetty.util.thread.strategy.EatWhatYouKill.produceTask(EatWhatYouKill.java:362)
        at org.eclipse.jetty.util.thread.strategy.EatWhatYouKill.doProduce(EatWhatYouKill.java:186)
        at org.eclipse.jetty.util.thread.strategy.EatWhatYouKill.tryProduce(EatWhatYouKill.java:173)
        at org.eclipse.jetty.util.thread.strategy.EatWhatYouKill.produce(EatWhatYouKill.java:137)
        at org.eclipse.jetty.io.ManagedSelector$$Lambda$446/163190398.run(Unknown Source)
        at org.eclipse.jetty.util.thread.QueuedThreadPool.runJob(QueuedThreadPool.java:883)
        at org.eclipse.jetty.util.thread.QueuedThreadPool$Runner.run(QueuedThreadPool.java:1034)
        at java.lang.Thread.run(Thread.java:750)
"bc4c196d-1c1a-499c-9b0d-21e75e378ad6@group-2DB472FABF22-StateMachineUpdater" daemon prio=5 tid=670 timed_waiting
java.lang.Thread.State: TIMED_WAITING
        at sun.misc.Unsafe.park(Native Method)
        at java.util.concurrent.locks.LockSupport.parkNanos(LockSupport.java:215)
        at java.util.concurrent.CompletableFuture$Signaller.block(CompletableFuture.java:1709)
        at java.util.concurrent.ForkJoinPool.managedBlock(ForkJoinPool.java:3323)
        at java.util.concurrent.CompletableFuture.timedGet(CompletableFuture.java:1788)
        at java.util.concurrent.CompletableFuture.get(CompletableFuture.java:1928)
        at org.apache.ratis.util.AwaitForSignal.await(AwaitForSignal.java:56)
        at org.apache.ratis.server.impl.StateMachineUpdater.waitForCommit(StateMachineUpdater.java:207)
        at org.apache.ratis.server.impl.StateMachineUpdater.run(StateMachineUpdater.java:176)
        at java.lang.Thread.run(Thread.java:750)
"9ad6c772-b583-49da-9dda-46d51a9db348@group-A48171208D74-LeaderStateImpl" daemon prio=5 tid=707 timed_waiting
java.lang.Thread.State: TIMED_WAITING
        at sun.misc.Unsafe.park(Native Method)
        at java.util.concurrent.locks.LockSupport.parkNanos(LockSupport.java:215)
        at java.util.concurrent.locks.AbstractQueuedSynchronizer$ConditionObject.awaitNanos(AbstractQueuedSynchronizer.java:2078)
        at java.util.concurrent.ArrayBlockingQueue.poll(ArrayBlockingQueue.java:418)
        at org.apache.ratis.server.impl.LeaderStateImpl$EventQueue.poll(LeaderStateImpl.java:159)
        at org.apache.ratis.server.impl.LeaderStateImpl$EventProcessor.run(LeaderStateImpl.java:630)
"qtp797802443-145" daemon prio=5 tid=145 runnable
java.lang.Thread.State: RUNNABLE
        at sun.nio.ch.EPollArrayWrapper.epollWait(Native Method)
        at sun.nio.ch.EPollArrayWrapper.poll(EPollArrayWrapper.java:269)
        at sun.nio.ch.EPollSelectorImpl.doSelect(EPollSelectorImpl.java:93)
        at sun.nio.ch.SelectorImpl.lockAndDoSelect(SelectorImpl.java:86)
        at sun.nio.ch.SelectorImpl.select(SelectorImpl.java:97)
        at sun.nio.ch.SelectorImpl.select(SelectorImpl.java:101)
        at org.eclipse.jetty.io.ManagedSelector.nioSelect(ManagedSelector.java:183)
        at org.eclipse.jetty.io.ManagedSelector.select(ManagedSelector.java:190)
        at org.eclipse.jetty.io.ManagedSelector$SelectorProducer.select(ManagedSelector.java:606)
        at org.eclipse.jetty.io.ManagedSelector$SelectorProducer.produce(ManagedSelector.java:543)
        at org.eclipse.jetty.util.thread.strategy.EatWhatYouKill.produceTask(EatWhatYouKill.java:362)
        at org.eclipse.jetty.util.thread.strategy.EatWhatYouKill.doProduce(EatWhatYouKill.java:186)
        at org.eclipse.jetty.util.thread.strategy.EatWhatYouKill.tryProduce(EatWhatYouKill.java:173)
        at org.eclipse.jetty.util.thread.strategy.EatWhatYouKill.produce(EatWhatYouKill.java:137)
        at org.eclipse.jetty.io.ManagedSelector$$Lambda$446/163190398.run(Unknown Source)
        at org.eclipse.jetty.util.thread.QueuedThreadPool.runJob(QueuedThreadPool.java:883)
        at org.eclipse.jetty.util.thread.QueuedThreadPool$Runner.run(QueuedThreadPool.java:1034)
        at java.lang.Thread.run(Thread.java:750)
"IPC Server handler 9 on default port 45711" daemon prio=5 tid=96 timed_waiting
java.lang.Thread.State: TIMED_WAITING
        at sun.misc.Unsafe.park(Native Method)
        at java.util.concurrent.locks.LockSupport.parkNanos(LockSupport.java:215)
        at java.util.concurrent.locks.AbstractQueuedSynchronizer$ConditionObject.awaitNanos(AbstractQueuedSynchronizer.java:2078)
        at java.util.concurrent.LinkedBlockingQueue.poll(LinkedBlockingQueue.java:467)
        at org.apache.hadoop.ipc.CallQueueManager.take(CallQueueManager.java:317)
        at org.apache.hadoop.ipc.Server$Handler.run(Server.java:2942)
"EventQueue-CloseContainerForCloseContainerEventHandler" daemon prio=5 tid=834 in Object.wait()
java.lang.Thread.State: WAITING (on object monitor)
        at sun.misc.Unsafe.park(Native Method)
        at java.util.concurrent.locks.LockSupport.park(LockSupport.java:175)
        at java.util.concurrent.locks.AbstractQueuedSynchronizer$ConditionObject.await(AbstractQueuedSynchronizer.java:2039)
        at java.util.concurrent.LinkedBlockingQueue.take(LinkedBlockingQueue.java:442)
        at java.util.concurrent.ThreadPoolExecutor.getTask(ThreadPoolExecutor.java:1074)
        at java.util.concurrent.ThreadPoolExecutor.runWorker(ThreadPoolExecutor.java:1134)
        at java.util.concurrent.ThreadPoolExecutor$Worker.run(ThreadPoolExecutor.java:624)
        at java.lang.Thread.run(Thread.java:750)
"6480c095-e652-434b-9207-ee2ed1cf0924-server-thread2" daemon prio=5 tid=851 timed_waiting
java.lang.Thread.State: TIMED_WAITING
        at sun.misc.Unsafe.park(Native Method)
        at java.util.concurrent.locks.LockSupport.parkNanos(LockSupport.java:215)
        at java.util.concurrent.SynchronousQueue$TransferStack.awaitFulfill(SynchronousQueue.java:460)
        at java.util.concurrent.SynchronousQueue$TransferStack.transfer(SynchronousQueue.java:362)
        at java.util.concurrent.SynchronousQueue.poll(SynchronousQueue.java:941)
        at java.util.concurrent.ThreadPoolExecutor.getTask(ThreadPoolExecutor.java:1073)
        at java.util.concurrent.ThreadPoolExecutor.runWorker(ThreadPoolExecutor.java:1134)
        at java.util.concurrent.ThreadPoolExecutor$Worker.run(ThreadPoolExecutor.java:624)
        at java.lang.Thread.run(Thread.java:750)
"BlockDeletingService#0" daemon prio=5 tid=525 in Object.wait()
java.lang.Thread.State: WAITING (on object monitor)
        at sun.misc.Unsafe.park(Native Method)
        at java.util.concurrent.locks.LockSupport.park(LockSupport.java:175)
        at java.util.concurrent.locks.AbstractQueuedSynchronizer$ConditionObject.await(AbstractQueuedSynchronizer.java:2039)
        at java.util.concurrent.ScheduledThreadPoolExecutor$DelayedWorkQueue.take(ScheduledThreadPoolExecutor.java:1088)
        at java.util.concurrent.ScheduledThreadPoolExecutor$DelayedWorkQueue.take(ScheduledThreadPoolExecutor.java:809)
        at java.util.concurrent.ThreadPoolExecutor.getTask(ThreadPoolExecutor.java:1074)
        at java.util.concurrent.ThreadPoolExecutor.runWorker(ThreadPoolExecutor.java:1134)
        at java.util.concurrent.ThreadPoolExecutor$Worker.run(ThreadPoolExecutor.java:624)
        at java.lang.Thread.run(Thread.java:750)
"IPC Server handler 13 on default port 33479" daemon prio=5 tid=80 timed_waiting
java.lang.Thread.State: TIMED_WAITING
        at sun.misc.Unsafe.park(Native Method)
        at java.util.concurrent.locks.LockSupport.parkNanos(LockSupport.java:215)
        at java.util.concurrent.locks.AbstractQueuedSynchronizer$ConditionObject.awaitNanos(AbstractQueuedSynchronizer.java:2078)
        at java.util.concurrent.LinkedBlockingQueue.poll(LinkedBlockingQueue.java:467)
        at org.apache.hadoop.ipc.CallQueueManager.take(CallQueueManager.java:317)
        at org.apache.hadoop.ipc.Server$Handler.run(Server.java:2942)
"ChunkWriter-0-0" daemon prio=5 tid=519 in Object.wait()
java.lang.Thread.State: WAITING (on object monitor)
        at sun.misc.Unsafe.park(Native Method)
        at java.util.concurrent.locks.LockSupport.park(LockSupport.java:175)
        at java.util.concurrent.locks.AbstractQueuedSynchronizer$ConditionObject.await(AbstractQueuedSynchronizer.java:2039)
        at java.util.concurrent.LinkedBlockingDeque.takeFirst(LinkedBlockingDeque.java:492)
        at java.util.concurrent.LinkedBlockingDeque.take(LinkedBlockingDeque.java:680)
        at java.util.concurrent.ThreadPoolExecutor.getTask(ThreadPoolExecutor.java:1074)
        at java.util.concurrent.ThreadPoolExecutor.runWorker(ThreadPoolExecutor.java:1134)
        at java.util.concurrent.ThreadPoolExecutor$Worker.run(ThreadPoolExecutor.java:624)
        at java.lang.Thread.run(Thread.java:750)
"IPC Server listener on 0" daemon prio=5 tid=23 runnable
java.lang.Thread.State: RUNNABLE
        at sun.nio.ch.EPollArrayWrapper.epollWait(Native Method)
        at sun.nio.ch.EPollArrayWrapper.poll(EPollArrayWrapper.java:269)
        at sun.nio.ch.EPollSelectorImpl.doSelect(EPollSelectorImpl.java:93)
        at sun.nio.ch.SelectorImpl.lockAndDoSelect(SelectorImpl.java:86)
        at sun.nio.ch.SelectorImpl.select(SelectorImpl.java:97)
        at sun.nio.ch.SelectorImpl.select(SelectorImpl.java:101)
        at org.apache.hadoop.ipc.Server$Listener.run(Server.java:1358)
"47858208-0de4-46ca-af6a-45b9f6a00c92@group-5D8652A3AABE-StateMachineUpdater" daemon prio=5 tid=629 timed_waiting
java.lang.Thread.State: TIMED_WAITING
        at sun.misc.Unsafe.park(Native Method)
        at java.util.concurrent.locks.LockSupport.parkNanos(LockSupport.java:215)
        at java.util.concurrent.CompletableFuture$Signaller.block(CompletableFuture.java:1709)
        at java.util.concurrent.ForkJoinPool.managedBlock(ForkJoinPool.java:3323)
        at java.util.concurrent.CompletableFuture.timedGet(CompletableFuture.java:1788)
        at java.util.concurrent.CompletableFuture.get(CompletableFuture.java:1928)
        at org.apache.ratis.util.AwaitForSignal.await(AwaitForSignal.java:56)
        at org.apache.ratis.server.impl.StateMachineUpdater.waitForCommit(StateMachineUpdater.java:207)
        at org.apache.ratis.server.impl.StateMachineUpdater.run(StateMachineUpdater.java:176)
        at java.lang.Thread.run(Thread.java:750)
"IPC Server listener on 0" daemon prio=5 tid=27 runnable
java.lang.Thread.State: RUNNABLE
        at sun.nio.ch.EPollArrayWrapper.epollWait(Native Method)
        at sun.nio.ch.EPollArrayWrapper.poll(EPollArrayWrapper.java:269)
        at sun.nio.ch.EPollSelectorImpl.doSelect(EPollSelectorImpl.java:93)
        at sun.nio.ch.SelectorImpl.lockAndDoSelect(SelectorImpl.java:86)
        at sun.nio.ch.SelectorImpl.select(SelectorImpl.java:97)
        at sun.nio.ch.SelectorImpl.select(SelectorImpl.java:101)
        at org.apache.hadoop.ipc.Server$Listener.run(Server.java:1358)
"qtp1531438298-290" daemon prio=5 tid=290 runnable
java.lang.Thread.State: RUNNABLE
        at sun.nio.ch.EPollArrayWrapper.epollWait(Native Method)
        at sun.nio.ch.EPollArrayWrapper.poll(EPollArrayWrapper.java:269)
        at sun.nio.ch.EPollSelectorImpl.doSelect(EPollSelectorImpl.java:93)
        at sun.nio.ch.SelectorImpl.lockAndDoSelect(SelectorImpl.java:86)
        at sun.nio.ch.SelectorImpl.select(SelectorImpl.java:97)
        at sun.nio.ch.SelectorImpl.select(SelectorImpl.java:101)
        at org.eclipse.jetty.io.ManagedSelector.nioSelect(ManagedSelector.java:183)
        at org.eclipse.jetty.io.ManagedSelector.select(ManagedSelector.java:190)
        at org.eclipse.jetty.io.ManagedSelector$SelectorProducer.select(ManagedSelector.java:606)
        at org.eclipse.jetty.io.ManagedSelector$SelectorProducer.produce(ManagedSelector.java:543)
        at org.eclipse.jetty.util.thread.strategy.EatWhatYouKill.produceTask(EatWhatYouKill.java:362)
        at org.eclipse.jetty.util.thread.strategy.EatWhatYouKill.doProduce(EatWhatYouKill.java:186)
        at org.eclipse.jetty.util.thread.strategy.EatWhatYouKill.tryProduce(EatWhatYouKill.java:173)
        at org.eclipse.jetty.util.thread.strategy.EatWhatYouKill.produce(EatWhatYouKill.java:137)
        at org.eclipse.jetty.io.ManagedSelector$$Lambda$446/163190398.run(Unknown Source)
        at org.eclipse.jetty.util.thread.QueuedThreadPool.runJob(QueuedThreadPool.java:883)
        at org.eclipse.jetty.util.thread.QueuedThreadPool$Runner.run(QueuedThreadPool.java:1034)
        at java.lang.Thread.run(Thread.java:750)
"Datanode State Machine Task Thread - 0"  prio=5 tid=229 in Object.wait()
java.lang.Thread.State: WAITING (on object monitor)
        at sun.misc.Unsafe.park(Native Method)
        at java.util.concurrent.locks.LockSupport.park(LockSupport.java:175)
        at java.util.concurrent.locks.AbstractQueuedSynchronizer$ConditionObject.await(AbstractQueuedSynchronizer.java:2039)
        at java.util.concurrent.LinkedBlockingQueue.take(LinkedBlockingQueue.java:442)
        at java.util.concurrent.ThreadPoolExecutor.getTask(ThreadPoolExecutor.java:1074)
        at java.util.concurrent.ThreadPoolExecutor.runWorker(ThreadPoolExecutor.java:1134)
        at java.util.concurrent.ThreadPoolExecutor$Worker.run(ThreadPoolExecutor.java:624)
        at java.lang.Thread.run(Thread.java:750)
"qtp994976213-265-acceptor-0@65db54b2-ServerConnector@55cc19ee{HTTP/1.1, (http/1.1)}{0.0.0.0:40915}" daemon prio=3 tid=265 runnable
java.lang.Thread.State: RUNNABLE
        at sun.nio.ch.ServerSocketChannelImpl.accept0(Native Method)
        at sun.nio.ch.ServerSocketChannelImpl.accept(ServerSocketChannelImpl.java:421)
        at sun.nio.ch.ServerSocketChannelImpl.accept(ServerSocketChannelImpl.java:249)
        at org.eclipse.jetty.server.ServerConnector.accept(ServerConnector.java:388)
        at org.eclipse.jetty.server.AbstractConnector$Acceptor.run(AbstractConnector.java:704)
        at org.eclipse.jetty.util.thread.QueuedThreadPool.runJob(QueuedThreadPool.java:883)
        at org.eclipse.jetty.util.thread.QueuedThreadPool$Runner.run(QueuedThreadPool.java:1034)
        at java.lang.Thread.run(Thread.java:750)
"Periodic HDDS volume checker" daemon prio=5 tid=176 timed_waiting
java.lang.Thread.State: TIMED_WAITING
        at sun.misc.Unsafe.park(Native Method)
        at java.util.concurrent.locks.LockSupport.parkNanos(LockSupport.java:215)
        at java.util.concurrent.locks.AbstractQueuedSynchronizer$ConditionObject.awaitNanos(AbstractQueuedSynchronizer.java:2078)
        at java.util.concurrent.ScheduledThreadPoolExecutor$DelayedWorkQueue.take(ScheduledThreadPoolExecutor.java:1093)
        at java.util.concurrent.ScheduledThreadPoolExecutor$DelayedWorkQueue.take(ScheduledThreadPoolExecutor.java:809)
        at java.util.concurrent.ThreadPoolExecutor.getTask(ThreadPoolExecutor.java:1074)
        at java.util.concurrent.ThreadPoolExecutor.runWorker(ThreadPoolExecutor.java:1134)
        at java.util.concurrent.ThreadPoolExecutor$Worker.run(ThreadPoolExecutor.java:624)
        at java.lang.Thread.run(Thread.java:750)
"grpc-default-worker-ELG-3-1" daemon prio=5 tid=575 runnable
java.lang.Thread.State: RUNNABLE
        at org.apache.ratis.thirdparty.io.netty.channel.epoll.Native.epollWait0(Native Method)
        at org.apache.ratis.thirdparty.io.netty.channel.epoll.Native.epollWait(Native.java:182)
        at org.apache.ratis.thirdparty.io.netty.channel.epoll.EpollEventLoop.epollWait(EpollEventLoop.java:290)
        at org.apache.ratis.thirdparty.io.netty.channel.epoll.EpollEventLoop.run(EpollEventLoop.java:354)
        at org.apache.ratis.thirdparty.io.netty.util.concurrent.SingleThreadEventExecutor$4.run(SingleThreadEventExecutor.java:995)
        at org.apache.ratis.thirdparty.io.netty.util.internal.ThreadExecutorMap$2.run(ThreadExecutorMap.java:74)
        at org.apache.ratis.thirdparty.io.netty.util.concurrent.FastThreadLocalRunnable.run(FastThreadLocalRunnable.java:30)
        at java.lang.Thread.run(Thread.java:750)
"qtp457009334-460" daemon prio=5 tid=460 timed_waiting
java.lang.Thread.State: TIMED_WAITING
        at sun.misc.Unsafe.park(Native Method)
        at java.util.concurrent.locks.LockSupport.parkNanos(LockSupport.java:215)
        at java.util.concurrent.locks.AbstractQueuedSynchronizer$ConditionObject.awaitNanos(AbstractQueuedSynchronizer.java:2078)
        at org.eclipse.jetty.util.BlockingArrayQueue.poll(BlockingArrayQueue.java:382)
        at org.eclipse.jetty.util.thread.QueuedThreadPool$Runner.idleJobPoll(QueuedThreadPool.java:974)
        at org.eclipse.jetty.util.thread.QueuedThreadPool$Runner.run(QueuedThreadPool.java:1018)
        at java.lang.Thread.run(Thread.java:750)
"IPC Server handler 0 on default port 40125" daemon prio=5 tid=154 timed_waiting
java.lang.Thread.State: TIMED_WAITING
        at sun.misc.Unsafe.park(Native Method)
        at java.util.concurrent.locks.LockSupport.parkNanos(LockSupport.java:215)
        at java.util.concurrent.locks.AbstractQueuedSynchronizer$ConditionObject.awaitNanos(AbstractQueuedSynchronizer.java:2078)
        at java.util.concurrent.LinkedBlockingQueue.poll(LinkedBlockingQueue.java:467)
        at org.apache.hadoop.ipc.CallQueueManager.take(CallQueueManager.java:317)
        at org.apache.hadoop.ipc.Server$Handler.run(Server.java:2942)
"IPC Server handler 4 on default port 33479" daemon prio=5 tid=71 timed_waiting
java.lang.Thread.State: TIMED_WAITING
        at sun.misc.Unsafe.park(Native Method)
        at java.util.concurrent.locks.LockSupport.parkNanos(LockSupport.java:215)
        at java.util.concurrent.locks.AbstractQueuedSynchronizer$ConditionObject.awaitNanos(AbstractQueuedSynchronizer.java:2078)
        at java.util.concurrent.LinkedBlockingQueue.poll(LinkedBlockingQueue.java:467)
        at org.apache.hadoop.ipc.CallQueueManager.take(CallQueueManager.java:317)
        at org.apache.hadoop.ipc.Server$Handler.run(Server.java:2942)
"ChunkWriter-2-0" daemon prio=5 tid=491 in Object.wait()
java.lang.Thread.State: WAITING (on object monitor)
        at sun.misc.Unsafe.park(Native Method)
        at java.util.concurrent.locks.LockSupport.park(LockSupport.java:175)
        at java.util.concurrent.locks.AbstractQueuedSynchronizer$ConditionObject.await(AbstractQueuedSynchronizer.java:2039)
        at java.util.concurrent.LinkedBlockingDeque.takeFirst(LinkedBlockingDeque.java:492)
        at java.util.concurrent.LinkedBlockingDeque.take(LinkedBlockingDeque.java:680)
        at java.util.concurrent.ThreadPoolExecutor.getTask(ThreadPoolExecutor.java:1074)
        at java.util.concurrent.ThreadPoolExecutor.runWorker(ThreadPoolExecutor.java:1134)
        at java.util.concurrent.ThreadPoolExecutor$Worker.run(ThreadPoolExecutor.java:624)
        at java.lang.Thread.run(Thread.java:750)
"dc492f9b-31c5-46a5-b048-fde4f7a6d732@group-1CB3B225A7FA-SegmentedRaftLogWorker"  prio=5 tid=645 timed_waiting
java.lang.Thread.State: TIMED_WAITING
        at sun.misc.Unsafe.park(Native Method)
        at java.util.concurrent.locks.LockSupport.parkNanos(LockSupport.java:215)
        at java.util.concurrent.locks.AbstractQueuedSynchronizer$ConditionObject.awaitNanos(AbstractQueuedSynchronizer.java:2078)
        at org.apache.ratis.util.DataBlockingQueue.poll(DataBlockingQueue.java:148)
        at org.apache.ratis.server.raftlog.segmented.SegmentedRaftLogWorker.run(SegmentedRaftLogWorker.java:310)
        at org.apache.ratis.server.raftlog.segmented.SegmentedRaftLogWorker$$Lambda$665/5803680.run(Unknown Source)
        at java.lang.Thread.run(Thread.java:750)
"qtp110059025-348" daemon prio=5 tid=348 timed_waiting
java.lang.Thread.State: TIMED_WAITING
        at sun.misc.Unsafe.park(Native Method)
        at java.util.concurrent.locks.LockSupport.parkNanos(LockSupport.java:215)
        at java.util.concurrent.locks.AbstractQueuedSynchronizer$ConditionObject.awaitNanos(AbstractQueuedSynchronizer.java:2078)
        at org.eclipse.jetty.util.BlockingArrayQueue.poll(BlockingArrayQueue.java:382)
        at org.eclipse.jetty.util.thread.QueuedThreadPool$Runner.idleJobPoll(QueuedThreadPool.java:974)
        at org.eclipse.jetty.util.thread.QueuedThreadPool$Runner.run(QueuedThreadPool.java:1018)
        at java.lang.Thread.run(Thread.java:750)
"6480c095-e652-434b-9207-ee2ed1cf0924-server-thread3"  prio=5 tid=811 timed_waiting
java.lang.Thread.State: TIMED_WAITING
        at sun.misc.Unsafe.park(Native Method)
        at java.util.concurrent.locks.LockSupport.parkNanos(LockSupport.java:215)
        at java.util.concurrent.SynchronousQueue$TransferStack.awaitFulfill(SynchronousQueue.java:460)
        at java.util.concurrent.SynchronousQueue$TransferStack.transfer(SynchronousQueue.java:362)
        at java.util.concurrent.SynchronousQueue.poll(SynchronousQueue.java:941)
        at java.util.concurrent.ThreadPoolExecutor.getTask(ThreadPoolExecutor.java:1073)
        at java.util.concurrent.ThreadPoolExecutor.runWorker(ThreadPoolExecutor.java:1134)
        at java.util.concurrent.ThreadPoolExecutor$Worker.run(ThreadPoolExecutor.java:624)
        at java.lang.Thread.run(Thread.java:750)
"qtp110059025-346" daemon prio=5 tid=346 timed_waiting
java.lang.Thread.State: TIMED_WAITING
        at sun.misc.Unsafe.park(Native Method)
        at java.util.concurrent.locks.LockSupport.parkNanos(LockSupport.java:215)
        at java.util.concurrent.locks.AbstractQueuedSynchronizer$ConditionObject.awaitNanos(AbstractQueuedSynchronizer.java:2078)
        at org.eclipse.jetty.util.BlockingArrayQueue.poll(BlockingArrayQueue.java:382)
        at org.eclipse.jetty.util.thread.QueuedThreadPool$Runner.idleJobPoll(QueuedThreadPool.java:974)
        at org.eclipse.jetty.util.thread.QueuedThreadPool$Runner.run(QueuedThreadPool.java:1018)
        at java.lang.Thread.run(Thread.java:750)
"Datanode ReportManager Thread - 2" daemon prio=5 tid=276 in Object.wait()
java.lang.Thread.State: WAITING (on object monitor)
        at sun.misc.Unsafe.park(Native Method)
        at java.util.concurrent.locks.LockSupport.park(LockSupport.java:175)
        at java.util.concurrent.locks.AbstractQueuedSynchronizer$ConditionObject.await(AbstractQueuedSynchronizer.java:2039)
        at java.util.concurrent.ScheduledThreadPoolExecutor$DelayedWorkQueue.take(ScheduledThreadPoolExecutor.java:1088)
        at java.util.concurrent.ScheduledThreadPoolExecutor$DelayedWorkQueue.take(ScheduledThreadPoolExecutor.java:809)
        at java.util.concurrent.ThreadPoolExecutor.getTask(ThreadPoolExecutor.java:1074)
        at java.util.concurrent.ThreadPoolExecutor.runWorker(ThreadPoolExecutor.java:1134)
        at java.util.concurrent.ThreadPoolExecutor$Worker.run(ThreadPoolExecutor.java:624)
        at java.lang.Thread.run(Thread.java:750)
"pool-95-thread-1"  prio=5 tid=578 in Object.wait()
java.lang.Thread.State: WAITING (on object monitor)
        at sun.misc.Unsafe.park(Native Method)
        at java.util.concurrent.locks.LockSupport.park(LockSupport.java:175)
        at java.util.concurrent.locks.AbstractQueuedSynchronizer$ConditionObject.await(AbstractQueuedSynchronizer.java:2039)
        at java.util.concurrent.LinkedBlockingQueue.take(LinkedBlockingQueue.java:442)
        at java.util.concurrent.ThreadPoolExecutor.getTask(ThreadPoolExecutor.java:1074)
        at java.util.concurrent.ThreadPoolExecutor.runWorker(ThreadPoolExecutor.java:1134)
        at java.util.concurrent.ThreadPoolExecutor$Worker.run(ThreadPoolExecutor.java:624)
        at java.lang.Thread.run(Thread.java:750)
"FixedThreadPoolWithAffinityExecutor-5-0" daemon prio=5 tid=40 timed_waiting
java.lang.Thread.State: TIMED_WAITING
        at sun.misc.Unsafe.park(Native Method)
        at java.util.concurrent.locks.LockSupport.parkNanos(LockSupport.java:215)
        at java.util.concurrent.locks.AbstractQueuedSynchronizer$ConditionObject.awaitNanos(AbstractQueuedSynchronizer.java:2078)
        at java.util.concurrent.LinkedBlockingQueue.poll(LinkedBlockingQueue.java:467)
        at org.apache.hadoop.hdds.scm.server.ContainerReportQueue.poll(ContainerReportQueue.java:266)
        at org.apache.hadoop.hdds.scm.server.ContainerReportQueue.poll(ContainerReportQueue.java:42)
        at org.apache.hadoop.hdds.server.events.FixedThreadPoolWithAffinityExecutor$ContainerReportProcessTask.run(FixedThreadPoolWithAffinityExecutor.java:218)
        at java.util.concurrent.Executors$RunnableAdapter.call(Executors.java:511)
        at java.util.concurrent.FutureTask.run(FutureTask.java:266)
        at java.util.concurrent.ThreadPoolExecutor.runWorker(ThreadPoolExecutor.java:1149)
        at java.util.concurrent.ThreadPoolExecutor$Worker.run(ThreadPoolExecutor.java:624)
        at java.lang.Thread.run(Thread.java:750)
"om1@group-C5BA1605619E-SegmentedRaftLogWorker"  prio=5 tid=135 timed_waiting
java.lang.Thread.State: TIMED_WAITING
        at sun.misc.Unsafe.park(Native Method)
        at java.util.concurrent.locks.LockSupport.parkNanos(LockSupport.java:215)
        at java.util.concurrent.locks.AbstractQueuedSynchronizer$ConditionObject.awaitNanos(AbstractQueuedSynchronizer.java:2078)
        at org.apache.ratis.util.DataBlockingQueue.poll(DataBlockingQueue.java:148)
        at org.apache.ratis.server.raftlog.segmented.SegmentedRaftLogWorker.run(SegmentedRaftLogWorker.java:310)
        at org.apache.ratis.server.raftlog.segmented.SegmentedRaftLogWorker$$Lambda$665/5803680.run(Unknown Source)
        at java.lang.Thread.run(Thread.java:750)
"OpenKeyCleanupService#0" daemon prio=5 tid=143 timed_waiting
java.lang.Thread.State: TIMED_WAITING
        at sun.misc.Unsafe.park(Native Method)
        at java.util.concurrent.locks.LockSupport.parkNanos(LockSupport.java:215)
        at java.util.concurrent.locks.AbstractQueuedSynchronizer$ConditionObject.awaitNanos(AbstractQueuedSynchronizer.java:2078)
        at java.util.concurrent.ScheduledThreadPoolExecutor$DelayedWorkQueue.take(ScheduledThreadPoolExecutor.java:1093)
        at java.util.concurrent.ScheduledThreadPoolExecutor$DelayedWorkQueue.take(ScheduledThreadPoolExecutor.java:809)
        at java.util.concurrent.ThreadPoolExecutor.getTask(ThreadPoolExecutor.java:1074)
        at java.util.concurrent.ThreadPoolExecutor.runWorker(ThreadPoolExecutor.java:1134)
        at java.util.concurrent.ThreadPoolExecutor$Worker.run(ThreadPoolExecutor.java:624)
        at java.lang.Thread.run(Thread.java:750)
"IPC Server handler 1 on default port 33479" daemon prio=5 tid=68 timed_waiting
java.lang.Thread.State: TIMED_WAITING
        at sun.misc.Unsafe.park(Native Method)
        at java.util.concurrent.locks.LockSupport.parkNanos(LockSupport.java:215)
        at java.util.concurrent.locks.AbstractQueuedSynchronizer$ConditionObject.awaitNanos(AbstractQueuedSynchronizer.java:2078)
        at java.util.concurrent.LinkedBlockingQueue.poll(LinkedBlockingQueue.java:467)
        at org.apache.hadoop.ipc.CallQueueManager.take(CallQueueManager.java:317)
        at org.apache.hadoop.ipc.Server$Handler.run(Server.java:2942)
"Command processor thread" daemon prio=5 tid=279 timed_waiting
java.lang.Thread.State: TIMED_WAITING
        at java.lang.Thread.sleep(Native Method)
        at org.apache.hadoop.ozone.container.common.statemachine.DatanodeStateMachine.lambda$initCommandHandlerThread$3(DatanodeStateMachine.java:641)
        at org.apache.hadoop.ozone.container.common.statemachine.DatanodeStateMachine$$Lambda$753/440432640.run(Unknown Source)
        at java.lang.Thread.run(Thread.java:750)
"grpc-default-executor-0" daemon prio=5 tid=576 timed_waiting
java.lang.Thread.State: TIMED_WAITING
        at sun.misc.Unsafe.park(Native Method)
        at java.util.concurrent.locks.LockSupport.parkNanos(LockSupport.java:215)
        at java.util.concurrent.SynchronousQueue$TransferStack.awaitFulfill(SynchronousQueue.java:460)
        at java.util.concurrent.SynchronousQueue$TransferStack.transfer(SynchronousQueue.java:362)
        at java.util.concurrent.SynchronousQueue.poll(SynchronousQueue.java:941)
        at java.util.concurrent.ThreadPoolExecutor.getTask(ThreadPoolExecutor.java:1073)
        at java.util.concurrent.ThreadPoolExecutor.runWorker(ThreadPoolExecutor.java:1134)
        at java.util.concurrent.ThreadPoolExecutor$Worker.run(ThreadPoolExecutor.java:624)
        at java.lang.Thread.run(Thread.java:750)
"pool-141-thread-1"  prio=5 tid=610 in Object.wait()
java.lang.Thread.State: WAITING (on object monitor)
        at sun.misc.Unsafe.park(Native Method)
        at java.util.concurrent.locks.LockSupport.park(LockSupport.java:175)
        at java.util.concurrent.locks.AbstractQueuedSynchronizer$ConditionObject.await(AbstractQueuedSynchronizer.java:2039)
        at java.util.concurrent.LinkedBlockingQueue.take(LinkedBlockingQueue.java:442)
        at java.util.concurrent.ThreadPoolExecutor.getTask(ThreadPoolExecutor.java:1074)
        at java.util.concurrent.ThreadPoolExecutor.runWorker(ThreadPoolExecutor.java:1134)
        at java.util.concurrent.ThreadPoolExecutor$Worker.run(ThreadPoolExecutor.java:624)
        at java.lang.Thread.run(Thread.java:750)
"IPC Server handler 5 on default port 33479" daemon prio=5 tid=72 timed_waiting
java.lang.Thread.State: TIMED_WAITING
        at sun.misc.Unsafe.park(Native Method)
        at java.util.concurrent.locks.LockSupport.parkNanos(LockSupport.java:215)
        at java.util.concurrent.locks.AbstractQueuedSynchronizer$ConditionObject.awaitNanos(AbstractQueuedSynchronizer.java:2078)
        at java.util.concurrent.LinkedBlockingQueue.poll(LinkedBlockingQueue.java:467)
        at org.apache.hadoop.ipc.CallQueueManager.take(CallQueueManager.java:317)
        at org.apache.hadoop.ipc.Server$Handler.run(Server.java:2942)
"pool-59-thread-1"  prio=5 tid=144 timed_waiting
java.lang.Thread.State: TIMED_WAITING
        at sun.misc.Unsafe.park(Native Method)
        at java.util.concurrent.locks.LockSupport.parkNanos(LockSupport.java:215)
        at java.util.concurrent.locks.AbstractQueuedSynchronizer$ConditionObject.awaitNanos(AbstractQueuedSynchronizer.java:2078)
        at java.util.concurrent.ScheduledThreadPoolExecutor$DelayedWorkQueue.take(ScheduledThreadPoolExecutor.java:1093)
        at java.util.concurrent.ScheduledThreadPoolExecutor$DelayedWorkQueue.take(ScheduledThreadPoolExecutor.java:809)
        at java.util.concurrent.ThreadPoolExecutor.getTask(ThreadPoolExecutor.java:1074)
        at java.util.concurrent.ThreadPoolExecutor.runWorker(ThreadPoolExecutor.java:1134)
        at java.util.concurrent.ThreadPoolExecutor$Worker.run(ThreadPoolExecutor.java:624)
        at java.lang.Thread.run(Thread.java:750)
"914271eb-14eb-4bb5-b4be-b6b4d3827766-server-thread2" daemon prio=5 tid=758 timed_waiting
java.lang.Thread.State: TIMED_WAITING
        at sun.misc.Unsafe.park(Native Method)
        at java.util.concurrent.locks.LockSupport.parkNanos(LockSupport.java:215)
        at java.util.concurrent.SynchronousQueue$TransferStack.awaitFulfill(SynchronousQueue.java:460)
        at java.util.concurrent.SynchronousQueue$TransferStack.transfer(SynchronousQueue.java:362)
        at java.util.concurrent.SynchronousQueue.poll(SynchronousQueue.java:941)
        at java.util.concurrent.ThreadPoolExecutor.getTask(ThreadPoolExecutor.java:1073)
        at java.util.concurrent.ThreadPoolExecutor.runWorker(ThreadPoolExecutor.java:1134)
        at java.util.concurrent.ThreadPoolExecutor$Worker.run(ThreadPoolExecutor.java:624)
        at java.lang.Thread.run(Thread.java:750)
"qtp160371564-322" daemon prio=5 tid=322 timed_waiting
java.lang.Thread.State: TIMED_WAITING
        at sun.misc.Unsafe.park(Native Method)
        at java.util.concurrent.locks.LockSupport.parkNanos(LockSupport.java:215)
        at java.util.concurrent.locks.AbstractQueuedSynchronizer$ConditionObject.awaitNanos(AbstractQueuedSynchronizer.java:2078)
        at org.eclipse.jetty.util.BlockingArrayQueue.poll(BlockingArrayQueue.java:382)
        at org.eclipse.jetty.util.thread.QueuedThreadPool$Runner.idleJobPoll(QueuedThreadPool.java:974)
        at org.eclipse.jetty.util.thread.QueuedThreadPool$Runner.run(QueuedThreadPool.java:1018)
        at java.lang.Thread.run(Thread.java:750)
"Finalizer" daemon prio=8 tid=3 in Object.wait()
java.lang.Thread.State: WAITING (on object monitor)
        at java.lang.Object.wait(Native Method)
        at java.lang.ref.ReferenceQueue.remove(ReferenceQueue.java:144)
        at java.lang.ref.ReferenceQueue.remove(ReferenceQueue.java:165)
        at java.lang.ref.Finalizer$FinalizerThread.run(Finalizer.java:216)
"47858208-0de4-46ca-af6a-45b9f6a00c92@group-5D8652A3AABE-SegmentedRaftLogWorker"  prio=5 tid=627 timed_waiting
java.lang.Thread.State: TIMED_WAITING
        at sun.misc.Unsafe.park(Native Method)
        at java.util.concurrent.locks.LockSupport.parkNanos(LockSupport.java:215)
        at java.util.concurrent.locks.AbstractQueuedSynchronizer$ConditionObject.awaitNanos(AbstractQueuedSynchronizer.java:2078)
        at org.apache.ratis.util.DataBlockingQueue.poll(DataBlockingQueue.java:148)
        at org.apache.ratis.server.raftlog.segmented.SegmentedRaftLogWorker.run(SegmentedRaftLogWorker.java:310)
        at org.apache.ratis.server.raftlog.segmented.SegmentedRaftLogWorker$$Lambda$665/5803680.run(Unknown Source)
        at java.lang.Thread.run(Thread.java:750)
"ExpiredContainerReplicaOpScrubberThread" daemon prio=5 tid=17 timed_waiting
java.lang.Thread.State: TIMED_WAITING
        at java.lang.Object.wait(Native Method)
        at org.apache.hadoop.hdds.scm.ha.BackgroundSCMService.run(BackgroundSCMService.java:110)
        at org.apache.hadoop.hdds.scm.ha.BackgroundSCMService$$Lambda$375/599203108.run(Unknown Source)
        at java.lang.Thread.run(Thread.java:750)
"qtp2002410087-110" daemon prio=5 tid=110 runnable
java.lang.Thread.State: RUNNABLE
        at sun.nio.ch.EPollArrayWrapper.epollWait(Native Method)
        at sun.nio.ch.EPollArrayWrapper.poll(EPollArrayWrapper.java:269)
        at sun.nio.ch.EPollSelectorImpl.doSelect(EPollSelectorImpl.java:93)
        at sun.nio.ch.SelectorImpl.lockAndDoSelect(SelectorImpl.java:86)
        at sun.nio.ch.SelectorImpl.select(SelectorImpl.java:97)
        at sun.nio.ch.SelectorImpl.select(SelectorImpl.java:101)
        at org.eclipse.jetty.io.ManagedSelector.nioSelect(ManagedSelector.java:183)
        at org.eclipse.jetty.io.ManagedSelector.select(ManagedSelector.java:190)
        at org.eclipse.jetty.io.ManagedSelector$SelectorProducer.select(ManagedSelector.java:606)
        at org.eclipse.jetty.io.ManagedSelector$SelectorProducer.produce(ManagedSelector.java:543)
        at org.eclipse.jetty.util.thread.strategy.EatWhatYouKill.produceTask(EatWhatYouKill.java:362)
        at org.eclipse.jetty.util.thread.strategy.EatWhatYouKill.doProduce(EatWhatYouKill.java:186)
        at org.eclipse.jetty.util.thread.strategy.EatWhatYouKill.tryProduce(EatWhatYouKill.java:173)
        at org.eclipse.jetty.util.thread.strategy.EatWhatYouKill.produce(EatWhatYouKill.java:137)
        at org.eclipse.jetty.io.ManagedSelector$$Lambda$446/163190398.run(Unknown Source)
        at org.eclipse.jetty.util.thread.QueuedThreadPool.runJob(QueuedThreadPool.java:883)
        at org.eclipse.jetty.util.thread.QueuedThreadPool$Runner.run(QueuedThreadPool.java:1034)
        at java.lang.Thread.run(Thread.java:750)
"pool-88-thread-1" daemon prio=5 tid=205 timed_waiting
java.lang.Thread.State: TIMED_WAITING
        at sun.misc.Unsafe.park(Native Method)
        at java.util.concurrent.locks.LockSupport.parkNanos(LockSupport.java:215)
        at java.util.concurrent.locks.AbstractQueuedSynchronizer$ConditionObject.awaitNanos(AbstractQueuedSynchronizer.java:2078)
        at java.util.concurrent.ScheduledThreadPoolExecutor$DelayedWorkQueue.take(ScheduledThreadPoolExecutor.java:1093)
        at java.util.concurrent.ScheduledThreadPoolExecutor$DelayedWorkQueue.take(ScheduledThreadPoolExecutor.java:809)
        at java.util.concurrent.ThreadPoolExecutor.getTask(ThreadPoolExecutor.java:1074)
        at java.util.concurrent.ThreadPoolExecutor.runWorker(ThreadPoolExecutor.java:1134)
        at java.util.concurrent.ThreadPoolExecutor$Worker.run(ThreadPoolExecutor.java:624)
        at java.lang.Thread.run(Thread.java:750)
"6480c095-e652-434b-9207-ee2ed1cf0924@group-14B460C0674A-FollowerState" daemon prio=5 tid=786 timed_waiting
java.lang.Thread.State: TIMED_WAITING
        at java.lang.Thread.sleep(Native Method)
        at java.lang.Thread.sleep(Thread.java:342)
        at java.util.concurrent.TimeUnit.sleep(TimeUnit.java:386)
        at org.apache.ratis.util.TimeDuration.sleep(TimeDuration.java:325)
        at org.apache.ratis.util.TimeDuration.sleep(TimeDuration.java:310)
        at org.apache.ratis.server.impl.FollowerState.run(FollowerState.java:128)
"dc492f9b-31c5-46a5-b048-fde4f7a6d732@group-2DB472FABF22-SegmentedRaftLogWorker"  prio=5 tid=661 timed_waiting
java.lang.Thread.State: TIMED_WAITING
        at sun.misc.Unsafe.park(Native Method)
        at java.util.concurrent.locks.LockSupport.parkNanos(LockSupport.java:215)
        at java.util.concurrent.locks.AbstractQueuedSynchronizer$ConditionObject.awaitNanos(AbstractQueuedSynchronizer.java:2078)
        at org.apache.ratis.util.DataBlockingQueue.poll(DataBlockingQueue.java:148)
        at org.apache.ratis.server.raftlog.segmented.SegmentedRaftLogWorker.run(SegmentedRaftLogWorker.java:310)
        at org.apache.ratis.server.raftlog.segmented.SegmentedRaftLogWorker$$Lambda$665/5803680.run(Unknown Source)
        at java.lang.Thread.run(Thread.java:750)
"914271eb-14eb-4bb5-b4be-b6b4d3827766@group-760B59CC648B-SegmentedRaftLogWorker"  prio=5 tid=623 timed_waiting
java.lang.Thread.State: TIMED_WAITING
        at sun.misc.Unsafe.park(Native Method)
        at java.util.concurrent.locks.LockSupport.parkNanos(LockSupport.java:215)
        at java.util.concurrent.locks.AbstractQueuedSynchronizer$ConditionObject.awaitNanos(AbstractQueuedSynchronizer.java:2078)
        at org.apache.ratis.util.DataBlockingQueue.poll(DataBlockingQueue.java:148)
        at org.apache.ratis.server.raftlog.segmented.SegmentedRaftLogWorker.run(SegmentedRaftLogWorker.java:310)
        at org.apache.ratis.server.raftlog.segmented.SegmentedRaftLogWorker$$Lambda$665/5803680.run(Unknown Source)
        at java.lang.Thread.run(Thread.java:750)
"qtp797802443-149" daemon prio=5 tid=149 timed_waiting
java.lang.Thread.State: TIMED_WAITING
        at sun.misc.Unsafe.park(Native Method)
        at java.util.concurrent.locks.LockSupport.parkNanos(LockSupport.java:215)
        at java.util.concurrent.locks.AbstractQueuedSynchronizer$ConditionObject.awaitNanos(AbstractQueuedSynchronizer.java:2078)
        at org.eclipse.jetty.util.BlockingArrayQueue.poll(BlockingArrayQueue.java:382)
        at org.eclipse.jetty.util.thread.QueuedThreadPool$Runner.idleJobPoll(QueuedThreadPool.java:974)
        at org.eclipse.jetty.util.thread.QueuedThreadPool$Runner.run(QueuedThreadPool.java:1018)
        at java.lang.Thread.run(Thread.java:750)
"StaleRecoveringContainerScrubbingService#2" daemon prio=5 tid=911 in Object.wait()
java.lang.Thread.State: WAITING (on object monitor)
        at sun.misc.Unsafe.park(Native Method)
        at java.util.concurrent.locks.LockSupport.park(LockSupport.java:175)
        at java.util.concurrent.locks.AbstractQueuedSynchronizer$ConditionObject.await(AbstractQueuedSynchronizer.java:2039)
        at java.util.concurrent.ScheduledThreadPoolExecutor$DelayedWorkQueue.take(ScheduledThreadPoolExecutor.java:1088)
        at java.util.concurrent.ScheduledThreadPoolExecutor$DelayedWorkQueue.take(ScheduledThreadPoolExecutor.java:809)
        at java.util.concurrent.ThreadPoolExecutor.getTask(ThreadPoolExecutor.java:1074)
        at java.util.concurrent.ThreadPoolExecutor.runWorker(ThreadPoolExecutor.java:1134)
        at java.util.concurrent.ThreadPoolExecutor$Worker.run(ThreadPoolExecutor.java:624)
        at java.lang.Thread.run(Thread.java:750)
"ChunkReader-3" daemon prio=5 tid=821 in Object.wait()
java.lang.Thread.State: WAITING (on object monitor)
        at sun.misc.Unsafe.park(Native Method)
        at java.util.concurrent.locks.LockSupport.park(LockSupport.java:175)
        at java.util.concurrent.locks.AbstractQueuedSynchronizer$ConditionObject.await(AbstractQueuedSynchronizer.java:2039)
        at java.util.concurrent.LinkedBlockingQueue.take(LinkedBlockingQueue.java:442)
        at java.util.concurrent.ThreadPoolExecutor.getTask(ThreadPoolExecutor.java:1074)
        at java.util.concurrent.ThreadPoolExecutor.runWorker(ThreadPoolExecutor.java:1134)
        at java.util.concurrent.ThreadPoolExecutor$Worker.run(ThreadPoolExecutor.java:624)
        at java.lang.Thread.run(Thread.java:750)
"org.apache.hadoop.util.JvmPauseMonitor$Monitor@5ee722c0" daemon prio=5 tid=228 timed_waiting
java.lang.Thread.State: TIMED_WAITING
        at java.lang.Thread.sleep(Native Method)
        at org.apache.hadoop.util.JvmPauseMonitor$Monitor.run(JvmPauseMonitor.java:192)
        at java.lang.Thread.run(Thread.java:750)
"Datanode ReportManager Thread - 2" daemon prio=5 tid=302 in Object.wait()
java.lang.Thread.State: WAITING (on object monitor)
        at sun.misc.Unsafe.park(Native Method)
        at java.util.concurrent.locks.LockSupport.park(LockSupport.java:175)
        at java.util.concurrent.locks.AbstractQueuedSynchronizer$ConditionObject.await(AbstractQueuedSynchronizer.java:2039)
        at java.util.concurrent.ScheduledThreadPoolExecutor$DelayedWorkQueue.take(ScheduledThreadPoolExecutor.java:1088)
        at java.util.concurrent.ScheduledThreadPoolExecutor$DelayedWorkQueue.take(ScheduledThreadPoolExecutor.java:809)
        at java.util.concurrent.ThreadPoolExecutor.getTask(ThreadPoolExecutor.java:1074)
        at java.util.concurrent.ThreadPoolExecutor.runWorker(ThreadPoolExecutor.java:1134)
        at java.util.concurrent.ThreadPoolExecutor$Worker.run(ThreadPoolExecutor.java:624)
        at java.lang.Thread.run(Thread.java:750)
"ChunkWriter-1-0" daemon prio=5 tid=502 in Object.wait()
java.lang.Thread.State: WAITING (on object monitor)
        at sun.misc.Unsafe.park(Native Method)
        at java.util.concurrent.locks.LockSupport.park(LockSupport.java:175)
        at java.util.concurrent.locks.AbstractQueuedSynchronizer$ConditionObject.await(AbstractQueuedSynchronizer.java:2039)
        at java.util.concurrent.LinkedBlockingDeque.takeFirst(LinkedBlockingDeque.java:492)
        at java.util.concurrent.LinkedBlockingDeque.take(LinkedBlockingDeque.java:680)
        at java.util.concurrent.ThreadPoolExecutor.getTask(ThreadPoolExecutor.java:1074)
        at java.util.concurrent.ThreadPoolExecutor.runWorker(ThreadPoolExecutor.java:1134)
        at java.util.concurrent.ThreadPoolExecutor$Worker.run(ThreadPoolExecutor.java:624)
        at java.lang.Thread.run(Thread.java:750)
"pool-55-thread-1"  prio=5 tid=127 in Object.wait()
java.lang.Thread.State: WAITING (on object monitor)
        at sun.misc.Unsafe.park(Native Method)
        at java.util.concurrent.locks.LockSupport.park(LockSupport.java:175)
        at java.util.concurrent.locks.AbstractQueuedSynchronizer$ConditionObject.await(AbstractQueuedSynchronizer.java:2039)
        at java.util.concurrent.LinkedBlockingQueue.take(LinkedBlockingQueue.java:442)
        at java.util.concurrent.ThreadPoolExecutor.getTask(ThreadPoolExecutor.java:1074)
        at java.util.concurrent.ThreadPoolExecutor.runWorker(ThreadPoolExecutor.java:1134)
        at java.util.concurrent.ThreadPoolExecutor$Worker.run(ThreadPoolExecutor.java:624)
        at java.lang.Thread.run(Thread.java:750)
"IPC Server idle connection scanner for port 36953" daemon prio=5 tid=33 timed_waiting
java.lang.Thread.State: TIMED_WAITING
        at java.lang.Object.wait(Native Method)
        at java.util.TimerThread.mainLoop(Timer.java:552)
        at java.util.TimerThread.run(Timer.java:505)
"ChunkWriter-1-0" daemon prio=5 tid=393 in Object.wait()
java.lang.Thread.State: WAITING (on object monitor)
        at sun.misc.Unsafe.park(Native Method)
        at java.util.concurrent.locks.LockSupport.park(LockSupport.java:175)
        at java.util.concurrent.locks.AbstractQueuedSynchronizer$ConditionObject.await(AbstractQueuedSynchronizer.java:2039)
        at java.util.concurrent.LinkedBlockingDeque.takeFirst(LinkedBlockingDeque.java:492)
        at java.util.concurrent.LinkedBlockingDeque.take(LinkedBlockingDeque.java:680)
        at java.util.concurrent.ThreadPoolExecutor.getTask(ThreadPoolExecutor.java:1074)
        at java.util.concurrent.ThreadPoolExecutor.runWorker(ThreadPoolExecutor.java:1134)
        at java.util.concurrent.ThreadPoolExecutor$Worker.run(ThreadPoolExecutor.java:624)
        at java.lang.Thread.run(Thread.java:750)
"Datanode State Machine Daemon Thread" daemon prio=5 tid=325 timed_waiting
java.lang.Thread.State: TIMED_WAITING
        at java.lang.Thread.sleep(Native Method)
        at org.apache.hadoop.ozone.container.common.statemachine.DatanodeStateMachine.startStateMachineThread(DatanodeStateMachine.java:321)
        at org.apache.hadoop.ozone.container.common.statemachine.DatanodeStateMachine.lambda$startDaemon$0(DatanodeStateMachine.java:506)
        at org.apache.hadoop.ozone.container.common.statemachine.DatanodeStateMachine$$Lambda$751/596905128.run(Unknown Source)
        at java.lang.Thread.run(Thread.java:750)
"Datanode ReportManager Thread - 1" daemon prio=5 tid=366 in Object.wait()
java.lang.Thread.State: WAITING (on object monitor)
        at sun.misc.Unsafe.park(Native Method)
        at java.util.concurrent.locks.LockSupport.park(LockSupport.java:175)
        at java.util.concurrent.locks.AbstractQueuedSynchronizer$ConditionObject.await(AbstractQueuedSynchronizer.java:2039)
        at java.util.concurrent.ScheduledThreadPoolExecutor$DelayedWorkQueue.take(ScheduledThreadPoolExecutor.java:1088)
        at java.util.concurrent.ScheduledThreadPoolExecutor$DelayedWorkQueue.take(ScheduledThreadPoolExecutor.java:809)
        at java.util.concurrent.ThreadPoolExecutor.getTask(ThreadPoolExecutor.java:1074)
        at java.util.concurrent.ThreadPoolExecutor.runWorker(ThreadPoolExecutor.java:1134)
        at java.util.concurrent.ThreadPoolExecutor$Worker.run(ThreadPoolExecutor.java:624)
        at java.lang.Thread.run(Thread.java:750)
"IPC Server handler 1 on default port 36953" daemon prio=5 tid=48 timed_waiting
java.lang.Thread.State: TIMED_WAITING
        at sun.misc.Unsafe.park(Native Method)
        at java.util.concurrent.locks.LockSupport.parkNanos(LockSupport.java:215)
        at java.util.concurrent.locks.AbstractQueuedSynchronizer$ConditionObject.awaitNanos(AbstractQueuedSynchronizer.java:2078)
        at java.util.concurrent.LinkedBlockingQueue.poll(LinkedBlockingQueue.java:467)
        at org.apache.hadoop.ipc.CallQueueManager.take(CallQueueManager.java:317)
        at org.apache.hadoop.ipc.Server$Handler.run(Server.java:2942)
"ChunkReader-ELG-0" daemon prio=5 tid=524 runnable
java.lang.Thread.State: RUNNABLE
        at org.apache.ratis.thirdparty.io.netty.channel.epoll.Native.epollWait0(Native Method)
        at org.apache.ratis.thirdparty.io.netty.channel.epoll.Native.epollWait(Native.java:182)
        at org.apache.ratis.thirdparty.io.netty.channel.epoll.EpollEventLoop.epollWait(EpollEventLoop.java:290)
        at org.apache.ratis.thirdparty.io.netty.channel.epoll.EpollEventLoop.run(EpollEventLoop.java:354)
        at org.apache.ratis.thirdparty.io.netty.util.concurrent.SingleThreadEventExecutor$4.run(SingleThreadEventExecutor.java:995)
        at org.apache.ratis.thirdparty.io.netty.util.internal.ThreadExecutorMap$2.run(ThreadExecutorMap.java:74)
        at java.lang.Thread.run(Thread.java:750)
"timer6" daemon prio=5 tid=718 timed_waiting
java.lang.Thread.State: TIMED_WAITING
        at java.lang.Object.wait(Native Method)
        at java.util.TimerThread.mainLoop(Timer.java:552)
        at java.util.TimerThread.run(Timer.java:505)
"IPC Server handler 12 on default port 33479" daemon prio=5 tid=79 timed_waiting
java.lang.Thread.State: TIMED_WAITING
        at sun.misc.Unsafe.park(Native Method)
        at java.util.concurrent.locks.LockSupport.parkNanos(LockSupport.java:215)
        at java.util.concurrent.locks.AbstractQueuedSynchronizer$ConditionObject.awaitNanos(AbstractQueuedSynchronizer.java:2078)
        at java.util.concurrent.LinkedBlockingQueue.poll(LinkedBlockingQueue.java:467)
        at org.apache.hadoop.ipc.CallQueueManager.take(CallQueueManager.java:317)
        at org.apache.hadoop.ipc.Server$Handler.run(Server.java:2942)
"Datanode State Machine Task Thread - 1"  prio=5 tid=466 in Object.wait()
java.lang.Thread.State: WAITING (on object monitor)
        at sun.misc.Unsafe.park(Native Method)
        at java.util.concurrent.locks.LockSupport.park(LockSupport.java:175)
        at java.util.concurrent.locks.AbstractQueuedSynchronizer$ConditionObject.await(AbstractQueuedSynchronizer.java:2039)
        at java.util.concurrent.LinkedBlockingQueue.take(LinkedBlockingQueue.java:442)
        at java.util.concurrent.ThreadPoolExecutor.getTask(ThreadPoolExecutor.java:1074)
        at java.util.concurrent.ThreadPoolExecutor.runWorker(ThreadPoolExecutor.java:1134)
        at java.util.concurrent.ThreadPoolExecutor$Worker.run(ThreadPoolExecutor.java:624)
        at java.lang.Thread.run(Thread.java:750)
"IPC Server handler 8 on default port 33479" daemon prio=5 tid=75 timed_waiting
java.lang.Thread.State: TIMED_WAITING
        at sun.misc.Unsafe.park(Native Method)
        at java.util.concurrent.locks.LockSupport.parkNanos(LockSupport.java:215)
        at java.util.concurrent.locks.AbstractQueuedSynchronizer$ConditionObject.awaitNanos(AbstractQueuedSynchronizer.java:2078)
        at java.util.concurrent.LinkedBlockingQueue.poll(LinkedBlockingQueue.java:467)
        at org.apache.hadoop.ipc.CallQueueManager.take(CallQueueManager.java:317)
        at org.apache.hadoop.ipc.Server$Handler.run(Server.java:2942)
"Datanode State Machine Task Thread - 1"  prio=5 tid=542 in Object.wait()
java.lang.Thread.State: WAITING (on object monitor)
        at sun.misc.Unsafe.park(Native Method)
        at java.util.concurrent.locks.LockSupport.park(LockSupport.java:175)
        at java.util.concurrent.locks.AbstractQueuedSynchronizer$ConditionObject.await(AbstractQueuedSynchronizer.java:2039)
        at java.util.concurrent.LinkedBlockingQueue.take(LinkedBlockingQueue.java:442)
        at java.util.concurrent.ThreadPoolExecutor.getTask(ThreadPoolExecutor.java:1074)
        at java.util.concurrent.ThreadPoolExecutor.runWorker(ThreadPoolExecutor.java:1134)
        at java.util.concurrent.ThreadPoolExecutor$Worker.run(ThreadPoolExecutor.java:624)
        at java.lang.Thread.run(Thread.java:750)
"Over Replicated Processor" daemon prio=5 tid=859 timed_waiting
java.lang.Thread.State: TIMED_WAITING
        at java.lang.Object.wait(Native Method)
        at org.apache.hadoop.hdds.scm.container.replication.OverReplicatedProcessor.run(OverReplicatedProcessor.java:131)
        at java.lang.Thread.run(Thread.java:750)
"ChunkWriter-1-0" daemon prio=5 tid=557 in Object.wait()
java.lang.Thread.State: WAITING (on object monitor)
        at sun.misc.Unsafe.park(Native Method)
        at java.util.concurrent.locks.LockSupport.park(LockSupport.java:175)
        at java.util.concurrent.locks.AbstractQueuedSynchronizer$ConditionObject.await(AbstractQueuedSynchronizer.java:2039)
        at java.util.concurrent.LinkedBlockingDeque.takeFirst(LinkedBlockingDeque.java:492)
        at java.util.concurrent.LinkedBlockingDeque.take(LinkedBlockingDeque.java:680)
        at java.util.concurrent.ThreadPoolExecutor.getTask(ThreadPoolExecutor.java:1074)
        at java.util.concurrent.ThreadPoolExecutor.runWorker(ThreadPoolExecutor.java:1134)
        at java.util.concurrent.ThreadPoolExecutor$Worker.run(ThreadPoolExecutor.java:624)
        at java.lang.Thread.run(Thread.java:750)
"IPC Server handler 14 on default port 45711" daemon prio=5 tid=101 timed_waiting
java.lang.Thread.State: TIMED_WAITING
        at sun.misc.Unsafe.park(Native Method)
        at java.util.concurrent.locks.LockSupport.parkNanos(LockSupport.java:215)
        at java.util.concurrent.locks.AbstractQueuedSynchronizer$ConditionObject.awaitNanos(AbstractQueuedSynchronizer.java:2078)
        at java.util.concurrent.LinkedBlockingQueue.poll(LinkedBlockingQueue.java:467)
        at org.apache.hadoop.ipc.CallQueueManager.take(CallQueueManager.java:317)
        at org.apache.hadoop.ipc.Server$Handler.run(Server.java:2942)
"IPC Server handler 11 on default port 33479" daemon prio=5 tid=78 timed_waiting
java.lang.Thread.State: TIMED_WAITING
        at sun.misc.Unsafe.park(Native Method)
        at java.util.concurrent.locks.LockSupport.parkNanos(LockSupport.java:215)
        at java.util.concurrent.locks.AbstractQueuedSynchronizer$ConditionObject.awaitNanos(AbstractQueuedSynchronizer.java:2078)
        at java.util.concurrent.LinkedBlockingQueue.poll(LinkedBlockingQueue.java:467)
        at org.apache.hadoop.ipc.CallQueueManager.take(CallQueueManager.java:317)
        at org.apache.hadoop.ipc.Server$Handler.run(Server.java:2942)
"Datanode State Machine Task Thread - 0"  prio=5 tid=444 in Object.wait()
java.lang.Thread.State: WAITING (on object monitor)
        at sun.misc.Unsafe.park(Native Method)
        at java.util.concurrent.locks.LockSupport.park(LockSupport.java:175)
        at java.util.concurrent.locks.AbstractQueuedSynchronizer$ConditionObject.await(AbstractQueuedSynchronizer.java:2039)
        at java.util.concurrent.LinkedBlockingQueue.take(LinkedBlockingQueue.java:442)
        at java.util.concurrent.ThreadPoolExecutor.getTask(ThreadPoolExecutor.java:1074)
        at java.util.concurrent.ThreadPoolExecutor.runWorker(ThreadPoolExecutor.java:1134)
        at java.util.concurrent.ThreadPoolExecutor$Worker.run(ThreadPoolExecutor.java:624)
        at java.lang.Thread.run(Thread.java:750)
"47858208-0de4-46ca-af6a-45b9f6a00c92@group-760B59CC648B->e73ed4bb-a433-4ecd-b93a-d0b4e16433ed-GrpcLogAppender-LogAppenderDaemon" daemon prio=5 tid=743 timed_waiting
java.lang.Thread.State: TIMED_WAITING
        at sun.misc.Unsafe.park(Native Method)
        at java.util.concurrent.locks.LockSupport.parkNanos(LockSupport.java:215)
        at java.util.concurrent.CompletableFuture$Signaller.block(CompletableFuture.java:1709)
        at java.util.concurrent.ForkJoinPool.managedBlock(ForkJoinPool.java:3323)
        at java.util.concurrent.CompletableFuture.timedGet(CompletableFuture.java:1788)
        at java.util.concurrent.CompletableFuture.get(CompletableFuture.java:1928)
        at org.apache.ratis.util.AwaitForSignal.await(AwaitForSignal.java:56)
        at org.apache.ratis.grpc.server.GrpcLogAppender.mayWait(GrpcLogAppender.java:198)
        at org.apache.ratis.grpc.server.GrpcLogAppender.run(GrpcLogAppender.java:148)
        at org.apache.ratis.server.leader.LogAppenderDaemon.run(LogAppenderDaemon.java:78)
        at org.apache.ratis.server.leader.LogAppenderDaemon$$Lambda$1039/1655154307.run(Unknown Source)
        at java.lang.Thread.run(Thread.java:750)
"SCM Heartbeat Processing Thread - 0" daemon prio=5 tid=14 timed_waiting
java.lang.Thread.State: TIMED_WAITING
        at sun.misc.Unsafe.park(Native Method)
        at java.util.concurrent.locks.LockSupport.parkNanos(LockSupport.java:215)
        at java.util.concurrent.locks.AbstractQueuedSynchronizer$ConditionObject.awaitNanos(AbstractQueuedSynchronizer.java:2078)
        at java.util.concurrent.ScheduledThreadPoolExecutor$DelayedWorkQueue.take(ScheduledThreadPoolExecutor.java:1093)
        at java.util.concurrent.ScheduledThreadPoolExecutor$DelayedWorkQueue.take(ScheduledThreadPoolExecutor.java:809)
        at java.util.concurrent.ThreadPoolExecutor.getTask(ThreadPoolExecutor.java:1074)
        at java.util.concurrent.ThreadPoolExecutor.runWorker(ThreadPoolExecutor.java:1134)
        at java.util.concurrent.ThreadPoolExecutor$Worker.run(ThreadPoolExecutor.java:624)
        at java.lang.Thread.run(Thread.java:750)
"qtp326207642-185-acceptor-0@a3e0c3e-ServerConnector@5f79d076{HTTP/1.1, (http/1.1)}{0.0.0.0:34511}" daemon prio=3 tid=185 runnable
java.lang.Thread.State: RUNNABLE
        at sun.nio.ch.ServerSocketChannelImpl.accept0(Native Method)
        at sun.nio.ch.ServerSocketChannelImpl.accept(ServerSocketChannelImpl.java:421)
        at sun.nio.ch.ServerSocketChannelImpl.accept(ServerSocketChannelImpl.java:249)
        at org.eclipse.jetty.server.ServerConnector.accept(ServerConnector.java:388)
        at org.eclipse.jetty.server.AbstractConnector$Acceptor.run(AbstractConnector.java:704)
        at org.eclipse.jetty.util.thread.QueuedThreadPool.runJob(QueuedThreadPool.java:883)
        at org.eclipse.jetty.util.thread.QueuedThreadPool$Runner.run(QueuedThreadPool.java:1034)
        at java.lang.Thread.run(Thread.java:750)
"qtp1531438298-296" daemon prio=5 tid=296 timed_waiting
java.lang.Thread.State: TIMED_WAITING
        at sun.misc.Unsafe.park(Native Method)
        at java.util.concurrent.locks.LockSupport.parkNanos(LockSupport.java:215)
        at java.util.concurrent.locks.AbstractQueuedSynchronizer$ConditionObject.awaitNanos(AbstractQueuedSynchronizer.java:2078)
        at org.eclipse.jetty.util.BlockingArrayQueue.poll(BlockingArrayQueue.java:382)
        at org.eclipse.jetty.util.thread.QueuedThreadPool$Runner.idleJobPoll(QueuedThreadPool.java:974)
        at org.eclipse.jetty.util.thread.QueuedThreadPool$Runner.run(QueuedThreadPool.java:1018)
        at java.lang.Thread.run(Thread.java:750)
"qtp2002410087-117" daemon prio=5 tid=117 timed_waiting
java.lang.Thread.State: TIMED_WAITING
        at sun.misc.Unsafe.park(Native Method)
        at java.util.concurrent.locks.LockSupport.parkNanos(LockSupport.java:215)
        at java.util.concurrent.locks.AbstractQueuedSynchronizer$ConditionObject.awaitNanos(AbstractQueuedSynchronizer.java:2078)
        at org.eclipse.jetty.util.BlockingArrayQueue.poll(BlockingArrayQueue.java:382)
        at org.eclipse.jetty.util.thread.QueuedThreadPool$Runner.idleJobPoll(QueuedThreadPool.java:974)
        at org.eclipse.jetty.util.thread.QueuedThreadPool$Runner.run(QueuedThreadPool.java:1018)
        at java.lang.Thread.run(Thread.java:750)
"pool-237-thread-1"  prio=5 tid=651 in Object.wait()
java.lang.Thread.State: WAITING (on object monitor)
        at sun.misc.Unsafe.park(Native Method)
        at java.util.concurrent.locks.LockSupport.park(LockSupport.java:175)
        at java.util.concurrent.locks.AbstractQueuedSynchronizer$ConditionObject.await(AbstractQueuedSynchronizer.java:2039)
        at java.util.concurrent.LinkedBlockingQueue.take(LinkedBlockingQueue.java:442)
        at java.util.concurrent.ThreadPoolExecutor.getTask(ThreadPoolExecutor.java:1074)
        at java.util.concurrent.ThreadPoolExecutor.runWorker(ThreadPoolExecutor.java:1134)
        at java.util.concurrent.ThreadPoolExecutor$Worker.run(ThreadPoolExecutor.java:624)
        at java.lang.Thread.run(Thread.java:750)
"ChunkWriter-3-0" daemon prio=5 tid=504 in Object.wait()
java.lang.Thread.State: WAITING (on object monitor)
        at sun.misc.Unsafe.park(Native Method)
        at java.util.concurrent.locks.LockSupport.park(LockSupport.java:175)
        at java.util.concurrent.locks.AbstractQueuedSynchronizer$ConditionObject.await(AbstractQueuedSynchronizer.java:2039)
        at java.util.concurrent.LinkedBlockingDeque.takeFirst(LinkedBlockingDeque.java:492)
        at java.util.concurrent.LinkedBlockingDeque.take(LinkedBlockingDeque.java:680)
        at java.util.concurrent.ThreadPoolExecutor.getTask(ThreadPoolExecutor.java:1074)
        at java.util.concurrent.ThreadPoolExecutor.runWorker(ThreadPoolExecutor.java:1134)
        at java.util.concurrent.ThreadPoolExecutor$Worker.run(ThreadPoolExecutor.java:624)
        at java.lang.Thread.run(Thread.java:750)
"org.apache.hadoop.ozone.container.common.statemachine.commandhandler.DeleteBlocksCommandHandler$DeleteCmdWorker@ab7eb31" daemon prio=5 tid=314 timed_waiting
java.lang.Thread.State: TIMED_WAITING
        at java.lang.Thread.sleep(Native Method)
        at org.apache.hadoop.ozone.container.common.statemachine.commandhandler.DeleteBlocksCommandHandler$DeleteCmdWorker.run(DeleteBlocksCommandHandler.java:183)
        at java.lang.Thread.run(Thread.java:750)
"Datanode State Machine Task Thread - 1"  prio=5 tid=499 in Object.wait()
java.lang.Thread.State: WAITING (on object monitor)
        at sun.misc.Unsafe.park(Native Method)
        at java.util.concurrent.locks.LockSupport.park(LockSupport.java:175)
        at java.util.concurrent.locks.AbstractQueuedSynchronizer$ConditionObject.await(AbstractQueuedSynchronizer.java:2039)
        at java.util.concurrent.LinkedBlockingQueue.take(LinkedBlockingQueue.java:442)
        at java.util.concurrent.ThreadPoolExecutor.getTask(ThreadPoolExecutor.java:1074)
        at java.util.concurrent.ThreadPoolExecutor.runWorker(ThreadPoolExecutor.java:1134)
        at java.util.concurrent.ThreadPoolExecutor$Worker.run(ThreadPoolExecutor.java:624)
        at java.lang.Thread.run(Thread.java:750)
"IPC Server handler 19 on default port 33479" daemon prio=5 tid=86 timed_waiting
java.lang.Thread.State: TIMED_WAITING
        at sun.misc.Unsafe.park(Native Method)
        at java.util.concurrent.locks.LockSupport.parkNanos(LockSupport.java:215)
        at java.util.concurrent.locks.AbstractQueuedSynchronizer$ConditionObject.awaitNanos(AbstractQueuedSynchronizer.java:2078)
        at java.util.concurrent.LinkedBlockingQueue.poll(LinkedBlockingQueue.java:467)
        at org.apache.hadoop.ipc.CallQueueManager.take(CallQueueManager.java:317)
        at org.apache.hadoop.ipc.Server$Handler.run(Server.java:2942)
"Datanode ReportManager Thread - 0" daemon prio=5 tid=326 timed_waiting
java.lang.Thread.State: TIMED_WAITING
        at sun.misc.Unsafe.park(Native Method)
        at java.util.concurrent.locks.LockSupport.parkNanos(LockSupport.java:215)
        at java.util.concurrent.locks.AbstractQueuedSynchronizer$ConditionObject.awaitNanos(AbstractQueuedSynchronizer.java:2078)
        at java.util.concurrent.ScheduledThreadPoolExecutor$DelayedWorkQueue.take(ScheduledThreadPoolExecutor.java:1093)
        at java.util.concurrent.ScheduledThreadPoolExecutor$DelayedWorkQueue.take(ScheduledThreadPoolExecutor.java:809)
        at java.util.concurrent.ThreadPoolExecutor.getTask(ThreadPoolExecutor.java:1074)
        at java.util.concurrent.ThreadPoolExecutor.runWorker(ThreadPoolExecutor.java:1134)
        at java.util.concurrent.ThreadPoolExecutor$Worker.run(ThreadPoolExecutor.java:624)
        at java.lang.Thread.run(Thread.java:750)
"qtp860364734-423" daemon prio=5 tid=423 timed_waiting
java.lang.Thread.State: TIMED_WAITING
        at sun.misc.Unsafe.park(Native Method)
        at java.util.concurrent.locks.LockSupport.parkNanos(LockSupport.java:215)
        at java.util.concurrent.locks.AbstractQueuedSynchronizer$ConditionObject.awaitNanos(AbstractQueuedSynchronizer.java:2078)
        at org.eclipse.jetty.util.BlockingArrayQueue.poll(BlockingArrayQueue.java:382)
        at org.eclipse.jetty.util.thread.QueuedThreadPool$Runner.idleJobPoll(QueuedThreadPool.java:974)
        at org.eclipse.jetty.util.thread.QueuedThreadPool$Runner.run(QueuedThreadPool.java:1018)
        at java.lang.Thread.run(Thread.java:750)
"RatisPipelineUtilsThread - 0"  prio=5 tid=15 timed_waiting
java.lang.Thread.State: TIMED_WAITING
        at java.lang.Object.wait(Native Method)
        at org.apache.hadoop.hdds.scm.pipeline.BackgroundPipelineCreator.run(BackgroundPipelineCreator.java:176)
        at org.apache.hadoop.hdds.scm.pipeline.BackgroundPipelineCreator$$Lambda$372/1457166003.run(Unknown Source)
        at java.lang.Thread.run(Thread.java:750)
"ChunkWriter-2-0" daemon prio=5 tid=394 in Object.wait()
java.lang.Thread.State: WAITING (on object monitor)
        at sun.misc.Unsafe.park(Native Method)
        at java.util.concurrent.locks.LockSupport.park(LockSupport.java:175)
        at java.util.concurrent.locks.AbstractQueuedSynchronizer$ConditionObject.await(AbstractQueuedSynchronizer.java:2039)
        at java.util.concurrent.LinkedBlockingDeque.takeFirst(LinkedBlockingDeque.java:492)
        at java.util.concurrent.LinkedBlockingDeque.take(LinkedBlockingDeque.java:680)
        at java.util.concurrent.ThreadPoolExecutor.getTask(ThreadPoolExecutor.java:1074)
        at java.util.concurrent.ThreadPoolExecutor.runWorker(ThreadPoolExecutor.java:1134)
        at java.util.concurrent.ThreadPoolExecutor$Worker.run(ThreadPoolExecutor.java:624)
        at java.lang.Thread.run(Thread.java:750)
"47858208-0de4-46ca-af6a-45b9f6a00c92@group-760B59CC648B-SegmentedRaftLogWorker"  prio=5 tid=614 timed_waiting
java.lang.Thread.State: TIMED_WAITING
        at sun.misc.Unsafe.park(Native Method)
        at java.util.concurrent.locks.LockSupport.parkNanos(LockSupport.java:215)
        at java.util.concurrent.locks.AbstractQueuedSynchronizer$ConditionObject.awaitNanos(AbstractQueuedSynchronizer.java:2078)
        at org.apache.ratis.util.DataBlockingQueue.poll(DataBlockingQueue.java:148)
        at org.apache.ratis.server.raftlog.segmented.SegmentedRaftLogWorker.run(SegmentedRaftLogWorker.java:310)
        at org.apache.ratis.server.raftlog.segmented.SegmentedRaftLogWorker$$Lambda$665/5803680.run(Unknown Source)
        at java.lang.Thread.run(Thread.java:750)
"grpc-default-executor-4" daemon prio=5 tid=719 timed_waiting
java.lang.Thread.State: TIMED_WAITING
        at sun.misc.Unsafe.park(Native Method)
        at java.util.concurrent.locks.LockSupport.parkNanos(LockSupport.java:215)
        at java.util.concurrent.SynchronousQueue$TransferStack.awaitFulfill(SynchronousQueue.java:460)
        at java.util.concurrent.SynchronousQueue$TransferStack.transfer(SynchronousQueue.java:362)
        at java.util.concurrent.SynchronousQueue.poll(SynchronousQueue.java:941)
        at java.util.concurrent.ThreadPoolExecutor.getTask(ThreadPoolExecutor.java:1073)
        at java.util.concurrent.ThreadPoolExecutor.runWorker(ThreadPoolExecutor.java:1134)
        at java.util.concurrent.ThreadPoolExecutor$Worker.run(ThreadPoolExecutor.java:624)
        at java.lang.Thread.run(Thread.java:750)
"ChunkWriter-1-0" daemon prio=5 tid=533 in Object.wait()
java.lang.Thread.State: WAITING (on object monitor)
        at sun.misc.Unsafe.park(Native Method)
        at java.util.concurrent.locks.LockSupport.park(LockSupport.java:175)
        at java.util.concurrent.locks.AbstractQueuedSynchronizer$ConditionObject.await(AbstractQueuedSynchronizer.java:2039)
        at java.util.concurrent.LinkedBlockingDeque.takeFirst(LinkedBlockingDeque.java:492)
        at java.util.concurrent.LinkedBlockingDeque.take(LinkedBlockingDeque.java:680)
        at java.util.concurrent.ThreadPoolExecutor.getTask(ThreadPoolExecutor.java:1074)
        at java.util.concurrent.ThreadPoolExecutor.runWorker(ThreadPoolExecutor.java:1134)
        at java.util.concurrent.ThreadPoolExecutor$Worker.run(ThreadPoolExecutor.java:624)
        at java.lang.Thread.run(Thread.java:750)
"BlockDeletingService#0" daemon prio=5 tid=398 in Object.wait()
java.lang.Thread.State: WAITING (on object monitor)
        at sun.misc.Unsafe.park(Native Method)
        at java.util.concurrent.locks.LockSupport.park(LockSupport.java:175)
        at java.util.concurrent.locks.AbstractQueuedSynchronizer$ConditionObject.await(AbstractQueuedSynchronizer.java:2039)
        at java.util.concurrent.ScheduledThreadPoolExecutor$DelayedWorkQueue.take(ScheduledThreadPoolExecutor.java:1088)
        at java.util.concurrent.ScheduledThreadPoolExecutor$DelayedWorkQueue.take(ScheduledThreadPoolExecutor.java:809)
        at java.util.concurrent.ThreadPoolExecutor.getTask(ThreadPoolExecutor.java:1074)
        at java.util.concurrent.ThreadPoolExecutor.runWorker(ThreadPoolExecutor.java:1134)
        at java.util.concurrent.ThreadPoolExecutor$Worker.run(ThreadPoolExecutor.java:624)
        at java.lang.Thread.run(Thread.java:750)
"org.apache.hadoop.ozone.container.common.statemachine.commandhandler.DeleteBlocksCommandHandler$DeleteCmdWorker@631f692d" daemon prio=5 tid=208 timed_waiting
java.lang.Thread.State: TIMED_WAITING
        at java.lang.Thread.sleep(Native Method)
        at org.apache.hadoop.ozone.container.common.statemachine.commandhandler.DeleteBlocksCommandHandler$DeleteCmdWorker.run(DeleteBlocksCommandHandler.java:183)
        at java.lang.Thread.run(Thread.java:750)
"qtp160371564-316" daemon prio=5 tid=316 runnable
java.lang.Thread.State: RUNNABLE
        at sun.nio.ch.EPollArrayWrapper.epollWait(Native Method)
        at sun.nio.ch.EPollArrayWrapper.poll(EPollArrayWrapper.java:269)
        at sun.nio.ch.EPollSelectorImpl.doSelect(EPollSelectorImpl.java:93)
        at sun.nio.ch.SelectorImpl.lockAndDoSelect(SelectorImpl.java:86)
        at sun.nio.ch.SelectorImpl.select(SelectorImpl.java:97)
        at sun.nio.ch.SelectorImpl.select(SelectorImpl.java:101)
        at org.eclipse.jetty.io.ManagedSelector.nioSelect(ManagedSelector.java:183)
        at org.eclipse.jetty.io.ManagedSelector.select(ManagedSelector.java:190)
        at org.eclipse.jetty.io.ManagedSelector$SelectorProducer.select(ManagedSelector.java:606)
        at org.eclipse.jetty.io.ManagedSelector$SelectorProducer.produce(ManagedSelector.java:543)
        at org.eclipse.jetty.util.thread.strategy.EatWhatYouKill.produceTask(EatWhatYouKill.java:362)
        at org.eclipse.jetty.util.thread.strategy.EatWhatYouKill.doProduce(EatWhatYouKill.java:186)
        at org.eclipse.jetty.util.thread.strategy.EatWhatYouKill.tryProduce(EatWhatYouKill.java:173)
        at org.eclipse.jetty.util.thread.strategy.EatWhatYouKill.produce(EatWhatYouKill.java:137)
        at org.eclipse.jetty.io.ManagedSelector$$Lambda$446/163190398.run(Unknown Source)
        at org.eclipse.jetty.util.thread.QueuedThreadPool.runJob(QueuedThreadPool.java:883)
        at org.eclipse.jetty.util.thread.QueuedThreadPool$Runner.run(QueuedThreadPool.java:1034)
        at java.lang.Thread.run(Thread.java:750)
"FixedThreadPoolWithAffinityExecutor-0-0" daemon prio=5 tid=35 timed_waiting
java.lang.Thread.State: TIMED_WAITING
        at sun.misc.Unsafe.park(Native Method)
        at java.util.concurrent.locks.LockSupport.parkNanos(LockSupport.java:215)
        at java.util.concurrent.locks.AbstractQueuedSynchronizer$ConditionObject.awaitNanos(AbstractQueuedSynchronizer.java:2078)
        at java.util.concurrent.LinkedBlockingQueue.poll(LinkedBlockingQueue.java:467)
        at org.apache.hadoop.hdds.scm.server.ContainerReportQueue.poll(ContainerReportQueue.java:266)
        at org.apache.hadoop.hdds.scm.server.ContainerReportQueue.poll(ContainerReportQueue.java:42)
        at org.apache.hadoop.hdds.server.events.FixedThreadPoolWithAffinityExecutor$ContainerReportProcessTask.run(FixedThreadPoolWithAffinityExecutor.java:218)
        at java.util.concurrent.Executors$RunnableAdapter.call(Executors.java:511)
        at java.util.concurrent.FutureTask.run(FutureTask.java:266)
        at java.util.concurrent.ThreadPoolExecutor.runWorker(ThreadPoolExecutor.java:1149)
        at java.util.concurrent.ThreadPoolExecutor$Worker.run(ThreadPoolExecutor.java:624)
        at java.lang.Thread.run(Thread.java:750)
"IPC Server Responder" daemon prio=5 tid=30 runnable
java.lang.Thread.State: RUNNABLE
        at sun.nio.ch.EPollArrayWrapper.epollWait(Native Method)
        at sun.nio.ch.EPollArrayWrapper.poll(EPollArrayWrapper.java:269)
        at sun.nio.ch.EPollSelectorImpl.doSelect(EPollSelectorImpl.java:93)
        at sun.nio.ch.SelectorImpl.lockAndDoSelect(SelectorImpl.java:86)
        at sun.nio.ch.SelectorImpl.select(SelectorImpl.java:97)
        at org.apache.hadoop.ipc.Server$Responder.doRunLoop(Server.java:1532)
        at org.apache.hadoop.ipc.Server$Responder.run(Server.java:1515)
"ChunkWriter-3-0" daemon prio=5 tid=395 in Object.wait()
java.lang.Thread.State: WAITING (on object monitor)
        at sun.misc.Unsafe.park(Native Method)
        at java.util.concurrent.locks.LockSupport.park(LockSupport.java:175)
        at java.util.concurrent.locks.AbstractQueuedSynchronizer$ConditionObject.await(AbstractQueuedSynchronizer.java:2039)
        at java.util.concurrent.LinkedBlockingDeque.takeFirst(LinkedBlockingDeque.java:492)
        at java.util.concurrent.LinkedBlockingDeque.take(LinkedBlockingDeque.java:680)
        at java.util.concurrent.ThreadPoolExecutor.getTask(ThreadPoolExecutor.java:1074)
        at java.util.concurrent.ThreadPoolExecutor.runWorker(ThreadPoolExecutor.java:1134)
        at java.util.concurrent.ThreadPoolExecutor$Worker.run(ThreadPoolExecutor.java:624)
        at java.lang.Thread.run(Thread.java:750)
"914271eb-14eb-4bb5-b4be-b6b4d3827766@group-5D8652A3AABE-StateMachineUpdater" daemon prio=5 tid=636 timed_waiting
java.lang.Thread.State: TIMED_WAITING
        at sun.misc.Unsafe.park(Native Method)
        at java.util.concurrent.locks.LockSupport.parkNanos(LockSupport.java:215)
        at java.util.concurrent.CompletableFuture$Signaller.block(CompletableFuture.java:1709)
        at java.util.concurrent.ForkJoinPool.managedBlock(ForkJoinPool.java:3323)
        at java.util.concurrent.CompletableFuture.timedGet(CompletableFuture.java:1788)
        at java.util.concurrent.CompletableFuture.get(CompletableFuture.java:1928)
        at org.apache.ratis.util.AwaitForSignal.await(AwaitForSignal.java:56)
        at org.apache.ratis.server.impl.StateMachineUpdater.waitForCommit(StateMachineUpdater.java:207)
        at org.apache.ratis.server.impl.StateMachineUpdater.run(StateMachineUpdater.java:176)
        at java.lang.Thread.run(Thread.java:750)
"pool-284-thread-1" daemon prio=5 tid=452 timed_waiting
java.lang.Thread.State: TIMED_WAITING
        at sun.misc.Unsafe.park(Native Method)
        at java.util.concurrent.locks.LockSupport.parkNanos(LockSupport.java:215)
        at java.util.concurrent.locks.AbstractQueuedSynchronizer$ConditionObject.awaitNanos(AbstractQueuedSynchronizer.java:2078)
        at java.util.concurrent.ScheduledThreadPoolExecutor$DelayedWorkQueue.take(ScheduledThreadPoolExecutor.java:1093)
        at java.util.concurrent.ScheduledThreadPoolExecutor$DelayedWorkQueue.take(ScheduledThreadPoolExecutor.java:809)
        at java.util.concurrent.ThreadPoolExecutor.getTask(ThreadPoolExecutor.java:1074)
        at java.util.concurrent.ThreadPoolExecutor.runWorker(ThreadPoolExecutor.java:1134)
        at java.util.concurrent.ThreadPoolExecutor$Worker.run(ThreadPoolExecutor.java:624)
        at java.lang.Thread.run(Thread.java:750)
"Datanode State Machine Daemon Thread" daemon prio=5 tid=430 timed_waiting
java.lang.Thread.State: TIMED_WAITING
        at java.lang.Thread.sleep(Native Method)
        at org.apache.hadoop.ozone.container.common.statemachine.DatanodeStateMachine.startStateMachineThread(DatanodeStateMachine.java:321)
        at org.apache.hadoop.ozone.container.common.statemachine.DatanodeStateMachine.lambda$startDaemon$0(DatanodeStateMachine.java:506)
        at org.apache.hadoop.ozone.container.common.statemachine.DatanodeStateMachine$$Lambda$751/596905128.run(Unknown Source)
        at java.lang.Thread.run(Thread.java:750)
"IPC Server handler 9 on default port 33479" daemon prio=5 tid=76 timed_waiting
java.lang.Thread.State: TIMED_WAITING
        at sun.misc.Unsafe.park(Native Method)
        at java.util.concurrent.locks.LockSupport.parkNanos(LockSupport.java:215)
        at java.util.concurrent.locks.AbstractQueuedSynchronizer$ConditionObject.awaitNanos(AbstractQueuedSynchronizer.java:2078)
        at java.util.concurrent.LinkedBlockingQueue.poll(LinkedBlockingQueue.java:467)
        at org.apache.hadoop.ipc.CallQueueManager.take(CallQueueManager.java:317)
        at org.apache.hadoop.ipc.Server$Handler.run(Server.java:2942)
"ChunkWriter-2-0" daemon prio=5 tid=521 in Object.wait()
java.lang.Thread.State: WAITING (on object monitor)
        at sun.misc.Unsafe.park(Native Method)
        at java.util.concurrent.locks.LockSupport.park(LockSupport.java:175)
        at java.util.concurrent.locks.AbstractQueuedSynchronizer$ConditionObject.await(AbstractQueuedSynchronizer.java:2039)
        at java.util.concurrent.LinkedBlockingDeque.takeFirst(LinkedBlockingDeque.java:492)
        at java.util.concurrent.LinkedBlockingDeque.take(LinkedBlockingDeque.java:680)
        at java.util.concurrent.ThreadPoolExecutor.getTask(ThreadPoolExecutor.java:1074)
        at java.util.concurrent.ThreadPoolExecutor.runWorker(ThreadPoolExecutor.java:1134)
        at java.util.concurrent.ThreadPoolExecutor$Worker.run(ThreadPoolExecutor.java:624)
        at java.lang.Thread.run(Thread.java:750)
"org.apache.hadoop.ozone.container.common.statemachine.commandhandler.DeleteBlocksCommandHandler$DeleteCmdWorker@aa1bb72" daemon prio=5 tid=379 timed_waiting
java.lang.Thread.State: TIMED_WAITING
        at java.lang.Thread.sleep(Native Method)
        at org.apache.hadoop.ozone.container.common.statemachine.commandhandler.DeleteBlocksCommandHandler$DeleteCmdWorker.run(DeleteBlocksCommandHandler.java:183)
        at java.lang.Thread.run(Thread.java:750)
"Session-HouseKeeper-574411f2-1"  prio=5 tid=427 timed_waiting
java.lang.Thread.State: TIMED_WAITING
        at sun.misc.Unsafe.park(Native Method)
        at java.util.concurrent.locks.LockSupport.parkNanos(LockSupport.java:215)
        at java.util.concurrent.locks.AbstractQueuedSynchronizer$ConditionObject.awaitNanos(AbstractQueuedSynchronizer.java:2078)
        at java.util.concurrent.ScheduledThreadPoolExecutor$DelayedWorkQueue.take(ScheduledThreadPoolExecutor.java:1093)
        at java.util.concurrent.ScheduledThreadPoolExecutor$DelayedWorkQueue.take(ScheduledThreadPoolExecutor.java:809)
        at java.util.concurrent.ThreadPoolExecutor.getTask(ThreadPoolExecutor.java:1074)
        at java.util.concurrent.ThreadPoolExecutor.runWorker(ThreadPoolExecutor.java:1134)
        at java.util.concurrent.ThreadPoolExecutor$Worker.run(ThreadPoolExecutor.java:624)
        at java.lang.Thread.run(Thread.java:750)
"IPC Server listener on 0" daemon prio=5 tid=31 runnable
java.lang.Thread.State: RUNNABLE
        at sun.nio.ch.EPollArrayWrapper.epollWait(Native Method)
        at sun.nio.ch.EPollArrayWrapper.poll(EPollArrayWrapper.java:269)
        at sun.nio.ch.EPollSelectorImpl.doSelect(EPollSelectorImpl.java:93)
        at sun.nio.ch.SelectorImpl.lockAndDoSelect(SelectorImpl.java:86)
        at sun.nio.ch.SelectorImpl.select(SelectorImpl.java:97)
        at sun.nio.ch.SelectorImpl.select(SelectorImpl.java:101)
        at org.apache.hadoop.ipc.Server$Listener.run(Server.java:1358)
"ChunkWriter-3-0" daemon prio=5 tid=357 in Object.wait()
java.lang.Thread.State: WAITING (on object monitor)
        at sun.misc.Unsafe.park(Native Method)
        at java.util.concurrent.locks.LockSupport.park(LockSupport.java:175)
        at java.util.concurrent.locks.AbstractQueuedSynchronizer$ConditionObject.await(AbstractQueuedSynchronizer.java:2039)
        at java.util.concurrent.LinkedBlockingDeque.takeFirst(LinkedBlockingDeque.java:492)
        at java.util.concurrent.LinkedBlockingDeque.take(LinkedBlockingDeque.java:680)
        at java.util.concurrent.ThreadPoolExecutor.getTask(ThreadPoolExecutor.java:1074)
        at java.util.concurrent.ThreadPoolExecutor.runWorker(ThreadPoolExecutor.java:1134)
        at java.util.concurrent.ThreadPoolExecutor$Worker.run(ThreadPoolExecutor.java:624)
        at java.lang.Thread.run(Thread.java:750)
"914271eb-14eb-4bb5-b4be-b6b4d3827766@group-5D8652A3AABE-LeaderStateImpl" daemon prio=5 tid=883 timed_waiting
java.lang.Thread.State: TIMED_WAITING
        at sun.misc.Unsafe.park(Native Method)
        at java.util.concurrent.locks.LockSupport.parkNanos(LockSupport.java:215)
        at java.util.concurrent.locks.AbstractQueuedSynchronizer$ConditionObject.awaitNanos(AbstractQueuedSynchronizer.java:2078)
        at java.util.concurrent.ArrayBlockingQueue.poll(ArrayBlockingQueue.java:418)
        at org.apache.ratis.server.impl.LeaderStateImpl$EventQueue.poll(LeaderStateImpl.java:159)
        at org.apache.ratis.server.impl.LeaderStateImpl$EventProcessor.run(LeaderStateImpl.java:630)
"Session-HouseKeeper-5785b1b7-1"  prio=5 tid=153 timed_waiting
java.lang.Thread.State: TIMED_WAITING
        at sun.misc.Unsafe.park(Native Method)
        at java.util.concurrent.locks.LockSupport.parkNanos(LockSupport.java:215)
        at java.util.concurrent.locks.AbstractQueuedSynchronizer$ConditionObject.awaitNanos(AbstractQueuedSynchronizer.java:2078)
        at java.util.concurrent.ScheduledThreadPoolExecutor$DelayedWorkQueue.take(ScheduledThreadPoolExecutor.java:1093)
        at java.util.concurrent.ScheduledThreadPoolExecutor$DelayedWorkQueue.take(ScheduledThreadPoolExecutor.java:809)
        at java.util.concurrent.ThreadPoolExecutor.getTask(ThreadPoolExecutor.java:1074)
        at java.util.concurrent.ThreadPoolExecutor.runWorker(ThreadPoolExecutor.java:1134)
        at java.util.concurrent.ThreadPoolExecutor$Worker.run(ThreadPoolExecutor.java:624)
        at java.lang.Thread.run(Thread.java:750)
"IPC Server handler 16 on default port 33479" daemon prio=5 tid=83 timed_waiting
java.lang.Thread.State: TIMED_WAITING
        at sun.misc.Unsafe.park(Native Method)
        at java.util.concurrent.locks.LockSupport.parkNanos(LockSupport.java:215)
        at java.util.concurrent.locks.AbstractQueuedSynchronizer$ConditionObject.awaitNanos(AbstractQueuedSynchronizer.java:2078)
        at java.util.concurrent.LinkedBlockingQueue.poll(LinkedBlockingQueue.java:467)
        at org.apache.hadoop.ipc.CallQueueManager.take(CallQueueManager.java:317)
        at org.apache.hadoop.ipc.Server$Handler.run(Server.java:2942)
"ChunkWriter-2-0" daemon prio=5 tid=558 in Object.wait()
java.lang.Thread.State: WAITING (on object monitor)
        at sun.misc.Unsafe.park(Native Method)
        at java.util.concurrent.locks.LockSupport.park(LockSupport.java:175)
        at java.util.concurrent.locks.AbstractQueuedSynchronizer$ConditionObject.await(AbstractQueuedSynchronizer.java:2039)
        at java.util.concurrent.LinkedBlockingDeque.takeFirst(LinkedBlockingDeque.java:492)
        at java.util.concurrent.LinkedBlockingDeque.take(LinkedBlockingDeque.java:680)
        at java.util.concurrent.ThreadPoolExecutor.getTask(ThreadPoolExecutor.java:1074)
        at java.util.concurrent.ThreadPoolExecutor.runWorker(ThreadPoolExecutor.java:1134)
        at java.util.concurrent.ThreadPoolExecutor$Worker.run(ThreadPoolExecutor.java:624)
        at java.lang.Thread.run(Thread.java:750)
"EventQueue-PipelineReportForOneReplicaPipelineSafeModeRule" daemon prio=5 tid=516 in Object.wait()
java.lang.Thread.State: WAITING (on object monitor)
        at sun.misc.Unsafe.park(Native Method)
        at java.util.concurrent.locks.LockSupport.park(LockSupport.java:175)
        at java.util.concurrent.locks.AbstractQueuedSynchronizer$ConditionObject.await(AbstractQueuedSynchronizer.java:2039)
        at java.util.concurrent.LinkedBlockingQueue.take(LinkedBlockingQueue.java:442)
        at java.util.concurrent.ThreadPoolExecutor.getTask(ThreadPoolExecutor.java:1074)
        at java.util.concurrent.ThreadPoolExecutor.runWorker(ThreadPoolExecutor.java:1134)
        at java.util.concurrent.ThreadPoolExecutor$Worker.run(ThreadPoolExecutor.java:624)
        at java.lang.Thread.run(Thread.java:750)
"ChunkReader-ELG-0" daemon prio=5 tid=506 runnable
java.lang.Thread.State: RUNNABLE
        at org.apache.ratis.thirdparty.io.netty.channel.epoll.Native.epollWait(Native Method)
        at org.apache.ratis.thirdparty.io.netty.channel.epoll.Native.epollWait(Native.java:209)
        at org.apache.ratis.thirdparty.io.netty.channel.epoll.Native.epollWait(Native.java:202)
        at org.apache.ratis.thirdparty.io.netty.channel.epoll.EpollEventLoop.epollWaitNoTimerChange(EpollEventLoop.java:294)
        at org.apache.ratis.thirdparty.io.netty.channel.epoll.EpollEventLoop.run(EpollEventLoop.java:351)
        at org.apache.ratis.thirdparty.io.netty.util.concurrent.SingleThreadEventExecutor$4.run(SingleThreadEventExecutor.java:995)
        at org.apache.ratis.thirdparty.io.netty.util.internal.ThreadExecutorMap$2.run(ThreadExecutorMap.java:74)
        at java.lang.Thread.run(Thread.java:750)
"Datanode State Machine Task Thread - 1"  prio=5 tid=554 in Object.wait()
java.lang.Thread.State: WAITING (on object monitor)
        at sun.misc.Unsafe.park(Native Method)
        at java.util.concurrent.locks.LockSupport.park(LockSupport.java:175)
        at java.util.concurrent.locks.AbstractQueuedSynchronizer$ConditionObject.await(AbstractQueuedSynchronizer.java:2039)
        at java.util.concurrent.LinkedBlockingQueue.take(LinkedBlockingQueue.java:442)
        at java.util.concurrent.ThreadPoolExecutor.getTask(ThreadPoolExecutor.java:1074)
        at java.util.concurrent.ThreadPoolExecutor.runWorker(ThreadPoolExecutor.java:1134)
        at java.util.concurrent.ThreadPoolExecutor$Worker.run(ThreadPoolExecutor.java:624)
        at java.lang.Thread.run(Thread.java:750)
"pool-31-thread-1"  prio=5 tid=109 timed_waiting
java.lang.Thread.State: TIMED_WAITING
        at sun.misc.Unsafe.park(Native Method)
        at java.util.concurrent.locks.LockSupport.parkNanos(LockSupport.java:215)
        at java.util.concurrent.locks.AbstractQueuedSynchronizer$ConditionObject.awaitNanos(AbstractQueuedSynchronizer.java:2078)
        at java.util.concurrent.ScheduledThreadPoolExecutor$DelayedWorkQueue.take(ScheduledThreadPoolExecutor.java:1093)
        at java.util.concurrent.ScheduledThreadPoolExecutor$DelayedWorkQueue.take(ScheduledThreadPoolExecutor.java:809)
        at java.util.concurrent.ThreadPoolExecutor.getTask(ThreadPoolExecutor.java:1074)
        at java.util.concurrent.ThreadPoolExecutor.runWorker(ThreadPoolExecutor.java:1134)
        at java.util.concurrent.ThreadPoolExecutor$Worker.run(ThreadPoolExecutor.java:624)
        at java.lang.Thread.run(Thread.java:750)
"e73ed4bb-a433-4ecd-b93a-d0b4e16433ed@group-85F39928E9FD-StateMachineUpdater" daemon prio=5 tid=640 timed_waiting
java.lang.Thread.State: TIMED_WAITING
        at sun.misc.Unsafe.park(Native Method)
        at java.util.concurrent.locks.LockSupport.parkNanos(LockSupport.java:215)
        at java.util.concurrent.CompletableFuture$Signaller.block(CompletableFuture.java:1709)
        at java.util.concurrent.ForkJoinPool.managedBlock(ForkJoinPool.java:3323)
        at java.util.concurrent.CompletableFuture.timedGet(CompletableFuture.java:1788)
        at java.util.concurrent.CompletableFuture.get(CompletableFuture.java:1928)
        at org.apache.ratis.util.AwaitForSignal.await(AwaitForSignal.java:56)
        at org.apache.ratis.server.impl.StateMachineUpdater.waitForCommit(StateMachineUpdater.java:207)
        at org.apache.ratis.server.impl.StateMachineUpdater.run(StateMachineUpdater.java:176)
        at java.lang.Thread.run(Thread.java:750)
"Datanode ReportManager Thread - 0" daemon prio=5 tid=300 in Object.wait()
java.lang.Thread.State: WAITING (on object monitor)
        at sun.misc.Unsafe.park(Native Method)
        at java.util.concurrent.locks.LockSupport.park(LockSupport.java:175)
        at java.util.concurrent.locks.AbstractQueuedSynchronizer$ConditionObject.await(AbstractQueuedSynchronizer.java:2039)
        at java.util.concurrent.ScheduledThreadPoolExecutor$DelayedWorkQueue.take(ScheduledThreadPoolExecutor.java:1088)
        at java.util.concurrent.ScheduledThreadPoolExecutor$DelayedWorkQueue.take(ScheduledThreadPoolExecutor.java:809)
        at java.util.concurrent.ThreadPoolExecutor.getTask(ThreadPoolExecutor.java:1074)
        at java.util.concurrent.ThreadPoolExecutor.runWorker(ThreadPoolExecutor.java:1134)
        at java.util.concurrent.ThreadPoolExecutor$Worker.run(ThreadPoolExecutor.java:624)
        at java.lang.Thread.run(Thread.java:750)
"qtp1531438298-292" daemon prio=5 tid=292 timed_waiting
java.lang.Thread.State: TIMED_WAITING
        at sun.misc.Unsafe.park(Native Method)
        at java.util.concurrent.locks.LockSupport.parkNanos(LockSupport.java:215)
        at java.util.concurrent.locks.AbstractQueuedSynchronizer$ConditionObject.awaitNanos(AbstractQueuedSynchronizer.java:2078)
        at org.eclipse.jetty.util.BlockingArrayQueue.poll(BlockingArrayQueue.java:382)
        at org.eclipse.jetty.util.thread.QueuedThreadPool$Runner.idleJobPoll(QueuedThreadPool.java:974)
        at org.eclipse.jetty.util.thread.QueuedThreadPool$Runner.run(QueuedThreadPool.java:1018)
        at java.lang.Thread.run(Thread.java:750)
"JvmPauseMonitor7" daemon prio=5 tid=523 timed_waiting
java.lang.Thread.State: TIMED_WAITING
        at java.lang.Thread.sleep(Native Method)
        at java.lang.Thread.sleep(Thread.java:342)
        at java.util.concurrent.TimeUnit.sleep(TimeUnit.java:386)
        at org.apache.ratis.util.TimeDuration.sleep(TimeDuration.java:325)
        at org.apache.ratis.util.TimeDuration.sleep(TimeDuration.java:310)
        at org.apache.ratis.util.JvmPauseMonitor.detectPause(JvmPauseMonitor.java:119)
        at org.apache.ratis.util.JvmPauseMonitor.run(JvmPauseMonitor.java:108)
        at org.apache.ratis.util.JvmPauseMonitor$$Lambda$706/668240146.run(Unknown Source)
        at java.lang.Thread.run(Thread.java:750)
"StaleRecoveringContainerScrubbingService#0" daemon prio=5 tid=496 in Object.wait()
java.lang.Thread.State: WAITING (on object monitor)
        at sun.misc.Unsafe.park(Native Method)
        at java.util.concurrent.locks.LockSupport.park(LockSupport.java:175)
        at java.util.concurrent.locks.AbstractQueuedSynchronizer$ConditionObject.await(AbstractQueuedSynchronizer.java:2039)
        at java.util.concurrent.ScheduledThreadPoolExecutor$DelayedWorkQueue.take(ScheduledThreadPoolExecutor.java:1088)
        at java.util.concurrent.ScheduledThreadPoolExecutor$DelayedWorkQueue.take(ScheduledThreadPoolExecutor.java:809)
        at java.util.concurrent.ThreadPoolExecutor.getTask(ThreadPoolExecutor.java:1074)
        at java.util.concurrent.ThreadPoolExecutor.runWorker(ThreadPoolExecutor.java:1134)
        at java.util.concurrent.ThreadPoolExecutor$Worker.run(ThreadPoolExecutor.java:624)
        at java.lang.Thread.run(Thread.java:750)
"Datanode ReportManager Thread - 3" daemon prio=5 tid=329 in Object.wait()
java.lang.Thread.State: WAITING (on object monitor)
        at sun.misc.Unsafe.park(Native Method)
        at java.util.concurrent.locks.LockSupport.park(LockSupport.java:175)
        at java.util.concurrent.locks.AbstractQueuedSynchronizer$ConditionObject.await(AbstractQueuedSynchronizer.java:2039)
        at java.util.concurrent.ScheduledThreadPoolExecutor$DelayedWorkQueue.take(ScheduledThreadPoolExecutor.java:1088)
        at java.util.concurrent.ScheduledThreadPoolExecutor$DelayedWorkQueue.take(ScheduledThreadPoolExecutor.java:809)
        at java.util.concurrent.ThreadPoolExecutor.getTask(ThreadPoolExecutor.java:1074)
        at java.util.concurrent.ThreadPoolExecutor.runWorker(ThreadPoolExecutor.java:1134)
        at java.util.concurrent.ThreadPoolExecutor$Worker.run(ThreadPoolExecutor.java:624)
        at java.lang.Thread.run(Thread.java:750)
"Command processor thread" daemon prio=5 tid=199 timed_waiting
java.lang.Thread.State: TIMED_WAITING
        at java.lang.Thread.sleep(Native Method)
        at org.apache.hadoop.ozone.container.common.statemachine.DatanodeStateMachine.lambda$initCommandHandlerThread$3(DatanodeStateMachine.java:641)
        at org.apache.hadoop.ozone.container.common.statemachine.DatanodeStateMachine$$Lambda$753/440432640.run(Unknown Source)
        at java.lang.Thread.run(Thread.java:750)
"Datanode State Machine Task Thread - 1"  prio=5 tid=390 in Object.wait()
java.lang.Thread.State: WAITING (on object monitor)
        at sun.misc.Unsafe.park(Native Method)
        at java.util.concurrent.locks.LockSupport.park(LockSupport.java:175)
        at java.util.concurrent.locks.AbstractQueuedSynchronizer$ConditionObject.await(AbstractQueuedSynchronizer.java:2039)
        at java.util.concurrent.LinkedBlockingQueue.take(LinkedBlockingQueue.java:442)
        at java.util.concurrent.ThreadPoolExecutor.getTask(ThreadPoolExecutor.java:1074)
        at java.util.concurrent.ThreadPoolExecutor.runWorker(ThreadPoolExecutor.java:1134)
        at java.util.concurrent.ThreadPoolExecutor$Worker.run(ThreadPoolExecutor.java:624)
        at java.lang.Thread.run(Thread.java:750)
"dc492f9b-31c5-46a5-b048-fde4f7a6d732@group-14B460C0674A-StateMachineUpdater" daemon prio=5 tid=650 timed_waiting
java.lang.Thread.State: TIMED_WAITING
        at sun.misc.Unsafe.park(Native Method)
        at java.util.concurrent.locks.LockSupport.parkNanos(LockSupport.java:215)
        at java.util.concurrent.CompletableFuture$Signaller.block(CompletableFuture.java:1709)
        at java.util.concurrent.ForkJoinPool.managedBlock(ForkJoinPool.java:3323)
        at java.util.concurrent.CompletableFuture.timedGet(CompletableFuture.java:1788)
        at java.util.concurrent.CompletableFuture.get(CompletableFuture.java:1928)
        at org.apache.ratis.util.AwaitForSignal.await(AwaitForSignal.java:56)
        at org.apache.ratis.server.impl.StateMachineUpdater.waitForCommit(StateMachineUpdater.java:207)
        at org.apache.ratis.server.impl.StateMachineUpdater.run(StateMachineUpdater.java:176)
        at java.lang.Thread.run(Thread.java:750)
"Datanode State Machine Task Thread - 0"  prio=5 tid=480 in Object.wait()
java.lang.Thread.State: WAITING (on object monitor)
        at sun.misc.Unsafe.park(Native Method)
        at java.util.concurrent.locks.LockSupport.park(LockSupport.java:175)
        at java.util.concurrent.locks.AbstractQueuedSynchronizer$ConditionObject.await(AbstractQueuedSynchronizer.java:2039)
        at java.util.concurrent.LinkedBlockingQueue.take(LinkedBlockingQueue.java:442)
        at java.util.concurrent.ThreadPoolExecutor.getTask(ThreadPoolExecutor.java:1074)
        at java.util.concurrent.ThreadPoolExecutor.runWorker(ThreadPoolExecutor.java:1134)
        at java.util.concurrent.ThreadPoolExecutor$Worker.run(ThreadPoolExecutor.java:624)
        at java.lang.Thread.run(Thread.java:750)
"ChunkReader-1" daemon prio=5 tid=777 in Object.wait()
java.lang.Thread.State: WAITING (on object monitor)
        at sun.misc.Unsafe.park(Native Method)
        at java.util.concurrent.locks.LockSupport.park(LockSupport.java:175)
        at java.util.concurrent.locks.AbstractQueuedSynchronizer$ConditionObject.await(AbstractQueuedSynchronizer.java:2039)
        at java.util.concurrent.LinkedBlockingQueue.take(LinkedBlockingQueue.java:442)
        at java.util.concurrent.ThreadPoolExecutor.getTask(ThreadPoolExecutor.java:1074)
        at java.util.concurrent.ThreadPoolExecutor.runWorker(ThreadPoolExecutor.java:1134)
        at java.util.concurrent.ThreadPoolExecutor$Worker.run(ThreadPoolExecutor.java:624)
        at java.lang.Thread.run(Thread.java:750)
"org.apache.hadoop.util.JvmPauseMonitor$Monitor@5aed4881" daemon prio=5 tid=479 timed_waiting
java.lang.Thread.State: TIMED_WAITING
        at java.lang.Thread.sleep(Native Method)
        at org.apache.hadoop.util.JvmPauseMonitor$Monitor.run(JvmPauseMonitor.java:192)
        at java.lang.Thread.run(Thread.java:750)
"StaleRecoveringContainerScrubbingService#2" daemon prio=5 tid=902 in Object.wait()
java.lang.Thread.State: WAITING (on object monitor)
        at sun.misc.Unsafe.park(Native Method)
        at java.util.concurrent.locks.LockSupport.park(LockSupport.java:175)
        at java.util.concurrent.locks.AbstractQueuedSynchronizer$ConditionObject.await(AbstractQueuedSynchronizer.java:2039)
        at java.util.concurrent.ScheduledThreadPoolExecutor$DelayedWorkQueue.take(ScheduledThreadPoolExecutor.java:1088)
        at java.util.concurrent.ScheduledThreadPoolExecutor$DelayedWorkQueue.take(ScheduledThreadPoolExecutor.java:809)
        at java.util.concurrent.ThreadPoolExecutor.getTask(ThreadPoolExecutor.java:1074)
        at java.util.concurrent.ThreadPoolExecutor.runWorker(ThreadPoolExecutor.java:1134)
        at java.util.concurrent.ThreadPoolExecutor$Worker.run(ThreadPoolExecutor.java:624)
        at java.lang.Thread.run(Thread.java:750)
"b5f0d7ba-78c4-4bfc-9c94-2fc11ccd4fbc@group-8B7106D7B27B-StateMachineUpdater" daemon prio=5 tid=570 timed_waiting
java.lang.Thread.State: TIMED_WAITING
        at sun.misc.Unsafe.park(Native Method)
        at java.util.concurrent.locks.LockSupport.parkNanos(LockSupport.java:215)
        at java.util.concurrent.CompletableFuture$Signaller.block(CompletableFuture.java:1709)
        at java.util.concurrent.ForkJoinPool.managedBlock(ForkJoinPool.java:3323)
        at java.util.concurrent.CompletableFuture.timedGet(CompletableFuture.java:1788)
        at java.util.concurrent.CompletableFuture.get(CompletableFuture.java:1928)
        at org.apache.ratis.util.AwaitForSignal.await(AwaitForSignal.java:56)
        at org.apache.ratis.server.impl.StateMachineUpdater.waitForCommit(StateMachineUpdater.java:207)
        at org.apache.ratis.server.impl.StateMachineUpdater.run(StateMachineUpdater.java:176)
        at java.lang.Thread.run(Thread.java:750)
"IPC Server handler 7 on default port 40125" daemon prio=5 tid=161 timed_waiting
java.lang.Thread.State: TIMED_WAITING
        at sun.misc.Unsafe.park(Native Method)
        at java.util.concurrent.locks.LockSupport.parkNanos(LockSupport.java:215)
        at java.util.concurrent.locks.AbstractQueuedSynchronizer$ConditionObject.awaitNanos(AbstractQueuedSynchronizer.java:2078)
        at java.util.concurrent.LinkedBlockingQueue.poll(LinkedBlockingQueue.java:467)
        at org.apache.hadoop.ipc.CallQueueManager.take(CallQueueManager.java:317)
        at org.apache.hadoop.ipc.Server$Handler.run(Server.java:2942)
"EndpointStateMachine task thread for /0.0.0.0:45711 - 0 "  prio=5 tid=391 in Object.wait()
java.lang.Thread.State: WAITING (on object monitor)
        at sun.misc.Unsafe.park(Native Method)
        at java.util.concurrent.locks.LockSupport.park(LockSupport.java:175)
        at java.util.concurrent.locks.AbstractQueuedSynchronizer$ConditionObject.await(AbstractQueuedSynchronizer.java:2039)
        at java.util.concurrent.LinkedBlockingQueue.take(LinkedBlockingQueue.java:442)
        at java.util.concurrent.ThreadPoolExecutor.getTask(ThreadPoolExecutor.java:1074)
        at java.util.concurrent.ThreadPoolExecutor.runWorker(ThreadPoolExecutor.java:1134)
        at java.util.concurrent.ThreadPoolExecutor$Worker.run(ThreadPoolExecutor.java:624)
        at java.lang.Thread.run(Thread.java:750)
"pool-134-thread-1" daemon prio=5 tid=259 timed_waiting
java.lang.Thread.State: TIMED_WAITING
        at sun.misc.Unsafe.park(Native Method)
        at java.util.concurrent.locks.LockSupport.parkNanos(LockSupport.java:215)
        at java.util.concurrent.locks.AbstractQueuedSynchronizer$ConditionObject.awaitNanos(AbstractQueuedSynchronizer.java:2078)
        at java.util.concurrent.ScheduledThreadPoolExecutor$DelayedWorkQueue.take(ScheduledThreadPoolExecutor.java:1093)
        at java.util.concurrent.ScheduledThreadPoolExecutor$DelayedWorkQueue.take(ScheduledThreadPoolExecutor.java:809)
        at java.util.concurrent.ThreadPoolExecutor.getTask(ThreadPoolExecutor.java:1074)
        at java.util.concurrent.ThreadPoolExecutor.runWorker(ThreadPoolExecutor.java:1134)
        at java.util.concurrent.ThreadPoolExecutor$Worker.run(ThreadPoolExecutor.java:624)
        at java.lang.Thread.run(Thread.java:750)
"b5f0d7ba-78c4-4bfc-9c94-2fc11ccd4fbc@group-8B7106D7B27B-LeaderStateImpl" daemon prio=5 tid=683 timed_waiting
java.lang.Thread.State: TIMED_WAITING
        at sun.misc.Unsafe.park(Native Method)
        at java.util.concurrent.locks.LockSupport.parkNanos(LockSupport.java:215)
        at java.util.concurrent.locks.AbstractQueuedSynchronizer$ConditionObject.awaitNanos(AbstractQueuedSynchronizer.java:2078)
        at java.util.concurrent.ArrayBlockingQueue.poll(ArrayBlockingQueue.java:418)
        at org.apache.ratis.server.impl.LeaderStateImpl$EventQueue.poll(LeaderStateImpl.java:159)
        at org.apache.ratis.server.impl.LeaderStateImpl$EventProcessor.run(LeaderStateImpl.java:630)
"47858208-0de4-46ca-af6a-45b9f6a00c92@group-E09A63FF8367-SegmentedRaftLogWorker"  prio=5 tid=611 timed_waiting
java.lang.Thread.State: TIMED_WAITING
        at sun.misc.Unsafe.park(Native Method)
        at java.util.concurrent.locks.LockSupport.parkNanos(LockSupport.java:215)
        at java.util.concurrent.locks.AbstractQueuedSynchronizer$ConditionObject.awaitNanos(AbstractQueuedSynchronizer.java:2078)
        at org.apache.ratis.util.DataBlockingQueue.poll(DataBlockingQueue.java:148)
        at org.apache.ratis.server.raftlog.segmented.SegmentedRaftLogWorker.run(SegmentedRaftLogWorker.java:310)
        at org.apache.ratis.server.raftlog.segmented.SegmentedRaftLogWorker$$Lambda$665/5803680.run(Unknown Source)
        at java.lang.Thread.run(Thread.java:750)
"FullTableCache Cleanup Thread - 0" daemon prio=5 tid=769 in Object.wait()
java.lang.Thread.State: WAITING (on object monitor)
        at sun.misc.Unsafe.park(Native Method)
        at java.util.concurrent.locks.LockSupport.park(LockSupport.java:175)
        at java.util.concurrent.locks.AbstractQueuedSynchronizer$ConditionObject.await(AbstractQueuedSynchronizer.java:2039)
        at java.util.concurrent.LinkedBlockingQueue.take(LinkedBlockingQueue.java:442)
        at java.util.concurrent.ThreadPoolExecutor.getTask(ThreadPoolExecutor.java:1074)
        at java.util.concurrent.ThreadPoolExecutor.runWorker(ThreadPoolExecutor.java:1134)
        at java.util.concurrent.ThreadPoolExecutor$Worker.run(ThreadPoolExecutor.java:624)
        at java.lang.Thread.run(Thread.java:750)
"Periodic HDDS volume checker" daemon prio=5 tid=335 timed_waiting
java.lang.Thread.State: TIMED_WAITING
        at sun.misc.Unsafe.park(Native Method)
        at java.util.concurrent.locks.LockSupport.parkNanos(LockSupport.java:215)
        at java.util.concurrent.locks.AbstractQueuedSynchronizer$ConditionObject.awaitNanos(AbstractQueuedSynchronizer.java:2078)
        at java.util.concurrent.ScheduledThreadPoolExecutor$DelayedWorkQueue.take(ScheduledThreadPoolExecutor.java:1093)
        at java.util.concurrent.ScheduledThreadPoolExecutor$DelayedWorkQueue.take(ScheduledThreadPoolExecutor.java:809)
        at java.util.concurrent.ThreadPoolExecutor.getTask(ThreadPoolExecutor.java:1074)
        at java.util.concurrent.ThreadPoolExecutor.runWorker(ThreadPoolExecutor.java:1134)
        at java.util.concurrent.ThreadPoolExecutor$Worker.run(ThreadPoolExecutor.java:624)
        at java.lang.Thread.run(Thread.java:750)
"qtp2076445832-388" daemon prio=5 tid=388 timed_waiting
java.lang.Thread.State: TIMED_WAITING
        at sun.misc.Unsafe.park(Native Method)
        at java.util.concurrent.locks.LockSupport.parkNanos(LockSupport.java:215)
        at java.util.concurrent.locks.AbstractQueuedSynchronizer$ConditionObject.awaitNanos(AbstractQueuedSynchronizer.java:2078)
        at org.eclipse.jetty.util.BlockingArrayQueue.poll(BlockingArrayQueue.java:382)
        at org.eclipse.jetty.util.thread.QueuedThreadPool$Runner.idleJobPoll(QueuedThreadPool.java:974)
        at org.eclipse.jetty.util.thread.QueuedThreadPool$Runner.run(QueuedThreadPool.java:1018)
        at java.lang.Thread.run(Thread.java:750)
"BlockDeletingService#0" daemon prio=5 tid=483 in Object.wait()
java.lang.Thread.State: WAITING (on object monitor)
        at sun.misc.Unsafe.park(Native Method)
        at java.util.concurrent.locks.LockSupport.park(LockSupport.java:175)
        at java.util.concurrent.locks.AbstractQueuedSynchronizer$ConditionObject.await(AbstractQueuedSynchronizer.java:2039)
        at java.util.concurrent.ScheduledThreadPoolExecutor$DelayedWorkQueue.take(ScheduledThreadPoolExecutor.java:1088)
        at java.util.concurrent.ScheduledThreadPoolExecutor$DelayedWorkQueue.take(ScheduledThreadPoolExecutor.java:809)
        at java.util.concurrent.ThreadPoolExecutor.getTask(ThreadPoolExecutor.java:1074)
        at java.util.concurrent.ThreadPoolExecutor.runWorker(ThreadPoolExecutor.java:1134)
        at java.util.concurrent.ThreadPoolExecutor$Worker.run(ThreadPoolExecutor.java:624)
        at java.lang.Thread.run(Thread.java:750)
"EventQueue-NodeReportForNodeReportHandler" daemon prio=5 tid=894 in Object.wait()
java.lang.Thread.State: WAITING (on object monitor)
        at sun.misc.Unsafe.park(Native Method)
        at java.util.concurrent.locks.LockSupport.park(LockSupport.java:175)
        at java.util.concurrent.locks.AbstractQueuedSynchronizer$ConditionObject.await(AbstractQueuedSynchronizer.java:2039)
        at java.util.concurrent.LinkedBlockingQueue.take(LinkedBlockingQueue.java:442)
        at java.util.concurrent.ThreadPoolExecutor.getTask(ThreadPoolExecutor.java:1074)
        at java.util.concurrent.ThreadPoolExecutor.runWorker(ThreadPoolExecutor.java:1134)
        at java.util.concurrent.ThreadPoolExecutor$Worker.run(ThreadPoolExecutor.java:624)
        at java.lang.Thread.run(Thread.java:750)
"ChunkWriter-0-0" daemon prio=5 tid=544 in Object.wait()
java.lang.Thread.State: WAITING (on object monitor)
        at sun.misc.Unsafe.park(Native Method)
        at java.util.concurrent.locks.LockSupport.park(LockSupport.java:175)
        at java.util.concurrent.locks.AbstractQueuedSynchronizer$ConditionObject.await(AbstractQueuedSynchronizer.java:2039)
        at java.util.concurrent.LinkedBlockingDeque.takeFirst(LinkedBlockingDeque.java:492)
        at java.util.concurrent.LinkedBlockingDeque.take(LinkedBlockingDeque.java:680)
        at java.util.concurrent.ThreadPoolExecutor.getTask(ThreadPoolExecutor.java:1074)
        at java.util.concurrent.ThreadPoolExecutor.runWorker(ThreadPoolExecutor.java:1134)
        at java.util.concurrent.ThreadPoolExecutor$Worker.run(ThreadPoolExecutor.java:624)
        at java.lang.Thread.run(Thread.java:750)
"CommandWatcher-LeaseManager#LeaseMonitor" daemon prio=5 tid=46 timed_waiting
java.lang.Thread.State: TIMED_WAITING
        at java.lang.Object.wait(Native Method)
        at org.apache.hadoop.ozone.lease.LeaseManager$LeaseMonitor.run(LeaseManager.java:238)
        at java.lang.Thread.run(Thread.java:750)
"qtp797802443-150" daemon prio=5 tid=150 timed_waiting
java.lang.Thread.State: TIMED_WAITING
        at sun.misc.Unsafe.park(Native Method)
        at java.util.concurrent.locks.LockSupport.parkNanos(LockSupport.java:215)
        at java.util.concurrent.locks.AbstractQueuedSynchronizer$ConditionObject.awaitNanos(AbstractQueuedSynchronizer.java:2078)
        at org.eclipse.jetty.util.BlockingArrayQueue.poll(BlockingArrayQueue.java:382)
        at org.eclipse.jetty.util.thread.QueuedThreadPool$Runner.idleJobPoll(QueuedThreadPool.java:974)
        at org.eclipse.jetty.util.thread.QueuedThreadPool$Runner.run(QueuedThreadPool.java:1018)
        at java.lang.Thread.run(Thread.java:750)
"qtp2076445832-385" daemon prio=5 tid=385 timed_waiting
java.lang.Thread.State: TIMED_WAITING
        at sun.misc.Unsafe.park(Native Method)
        at java.util.concurrent.locks.LockSupport.parkNanos(LockSupport.java:215)
        at java.util.concurrent.locks.AbstractQueuedSynchronizer$ConditionObject.awaitNanos(AbstractQueuedSynchronizer.java:2078)
        at org.eclipse.jetty.util.BlockingArrayQueue.poll(BlockingArrayQueue.java:382)
        at org.eclipse.jetty.util.thread.QueuedThreadPool$Runner.idleJobPoll(QueuedThreadPool.java:974)
        at org.eclipse.jetty.util.thread.QueuedThreadPool$Runner.run(QueuedThreadPool.java:1018)
        at java.lang.Thread.run(Thread.java:750)
"Datanode ReportManager Thread - 3" daemon prio=5 tid=225 in Object.wait()
java.lang.Thread.State: WAITING (on object monitor)
        at sun.misc.Unsafe.park(Native Method)
        at java.util.concurrent.locks.LockSupport.park(LockSupport.java:175)
        at java.util.concurrent.locks.AbstractQueuedSynchronizer$ConditionObject.await(AbstractQueuedSynchronizer.java:2039)
        at java.util.concurrent.ScheduledThreadPoolExecutor$DelayedWorkQueue.take(ScheduledThreadPoolExecutor.java:1088)
        at java.util.concurrent.ScheduledThreadPoolExecutor$DelayedWorkQueue.take(ScheduledThreadPoolExecutor.java:809)
        at java.util.concurrent.ThreadPoolExecutor.getTask(ThreadPoolExecutor.java:1074)
        at java.util.concurrent.ThreadPoolExecutor.runWorker(ThreadPoolExecutor.java:1134)
        at java.util.concurrent.ThreadPoolExecutor$Worker.run(ThreadPoolExecutor.java:624)
        at java.lang.Thread.run(Thread.java:750)
"StaleRecoveringContainerScrubbingService#2" daemon prio=5 tid=900 in Object.wait()
java.lang.Thread.State: WAITING (on object monitor)
        at sun.misc.Unsafe.park(Native Method)
        at java.util.concurrent.locks.LockSupport.park(LockSupport.java:175)
        at java.util.concurrent.locks.AbstractQueuedSynchronizer$ConditionObject.await(AbstractQueuedSynchronizer.java:2039)
        at java.util.concurrent.ScheduledThreadPoolExecutor$DelayedWorkQueue.take(ScheduledThreadPoolExecutor.java:1088)
        at java.util.concurrent.ScheduledThreadPoolExecutor$DelayedWorkQueue.take(ScheduledThreadPoolExecutor.java:809)
        at java.util.concurrent.ThreadPoolExecutor.getTask(ThreadPoolExecutor.java:1074)
        at java.util.concurrent.ThreadPoolExecutor.runWorker(ThreadPoolExecutor.java:1134)
        at java.util.concurrent.ThreadPoolExecutor$Worker.run(ThreadPoolExecutor.java:624)
        at java.lang.Thread.run(Thread.java:750)
"Datanode ReportManager Thread - 4" daemon prio=5 tid=304 timed_waiting
java.lang.Thread.State: TIMED_WAITING
        at sun.misc.Unsafe.park(Native Method)
        at java.util.concurrent.locks.LockSupport.parkNanos(LockSupport.java:215)
        at java.util.concurrent.locks.AbstractQueuedSynchronizer$ConditionObject.awaitNanos(AbstractQueuedSynchronizer.java:2078)
        at java.util.concurrent.ScheduledThreadPoolExecutor$DelayedWorkQueue.take(ScheduledThreadPoolExecutor.java:1093)
        at java.util.concurrent.ScheduledThreadPoolExecutor$DelayedWorkQueue.take(ScheduledThreadPoolExecutor.java:809)
        at java.util.concurrent.ThreadPoolExecutor.getTask(ThreadPoolExecutor.java:1074)
        at java.util.concurrent.ThreadPoolExecutor.runWorker(ThreadPoolExecutor.java:1134)
        at java.util.concurrent.ThreadPoolExecutor$Worker.run(ThreadPoolExecutor.java:624)
        at java.lang.Thread.run(Thread.java:750)
"ChunkReader-2" daemon prio=5 tid=796 in Object.wait()
java.lang.Thread.State: WAITING (on object monitor)
        at sun.misc.Unsafe.park(Native Method)
        at java.util.concurrent.locks.LockSupport.park(LockSupport.java:175)
        at java.util.concurrent.locks.AbstractQueuedSynchronizer$ConditionObject.await(AbstractQueuedSynchronizer.java:2039)
        at java.util.concurrent.LinkedBlockingQueue.take(LinkedBlockingQueue.java:442)
        at java.util.concurrent.ThreadPoolExecutor.getTask(ThreadPoolExecutor.java:1074)
        at java.util.concurrent.ThreadPoolExecutor.runWorker(ThreadPoolExecutor.java:1134)
        at java.util.concurrent.ThreadPoolExecutor$Worker.run(ThreadPoolExecutor.java:624)
        at java.lang.Thread.run(Thread.java:750)
"JvmPauseMonitor8" daemon prio=5 tid=536 timed_waiting
java.lang.Thread.State: TIMED_WAITING
        at java.lang.Thread.sleep(Native Method)
        at java.lang.Thread.sleep(Thread.java:342)
        at java.util.concurrent.TimeUnit.sleep(TimeUnit.java:386)
        at org.apache.ratis.util.TimeDuration.sleep(TimeDuration.java:325)
        at org.apache.ratis.util.TimeDuration.sleep(TimeDuration.java:310)
        at org.apache.ratis.util.JvmPauseMonitor.detectPause(JvmPauseMonitor.java:119)
        at org.apache.ratis.util.JvmPauseMonitor.run(JvmPauseMonitor.java:108)
        at org.apache.ratis.util.JvmPauseMonitor$$Lambda$706/668240146.run(Unknown Source)
        at java.lang.Thread.run(Thread.java:750)
"Listener at 127.0.0.1/40125"  prio=5 tid=1 runnable
java.lang.Thread.State: RUNNABLE
        at java.lang.Thread.dumpThreads(Native Method)
        at java.lang.Thread.getAllStackTraces(Thread.java:1615)
        at org.apache.ozone.test.TimedOutTestsListener.buildThreadDump(TimedOutTestsListener.java:93)
        at org.apache.ozone.test.TimedOutTestsListener.buildThreadDiagnosticString(TimedOutTestsListener.java:79)
        at org.apache.ozone.test.GenericTestUtils.waitFor(GenericTestUtils.java:224)
        at org.apache.hadoop.ozone.container.TestECContainerRecovery.waitForContainerCount(TestECContainerRecovery.java:265)
        at org.apache.hadoop.ozone.container.TestECContainerRecovery.testContainerRecoveryOverReplicationProcessing(TestECContainerRecovery.java:209)
        at sun.reflect.NativeMethodAccessorImpl.invoke0(Native Method)
        at sun.reflect.NativeMethodAccessorImpl.invoke(NativeMethodAccessorImpl.java:62)
        at sun.reflect.DelegatingMethodAccessorImpl.invoke(DelegatingMethodAccessorImpl.java:43)
        at java.lang.reflect.Method.invoke(Method.java:498)
        at org.junit.platform.commons.util.ReflectionUtils.invokeMethod(ReflectionUtils.java:725)
        at org.junit.jupiter.engine.execution.MethodInvocation.proceed(MethodInvocation.java:60)
        at org.junit.jupiter.engine.execution.InvocationInterceptorChain$ValidatingInvocation.proceed(InvocationInterceptorChain.java:131)
        at org.junit.jupiter.engine.extension.TimeoutExtension.intercept(TimeoutExtension.java:149)
        at org.junit.jupiter.engine.extension.TimeoutExtension.interceptTestableMethod(TimeoutExtension.java:140)
        at org.junit.jupiter.engine.extension.TimeoutExtension.interceptTestMethod(TimeoutExtension.java:84)
        at org.junit.jupiter.engine.descriptor.TestMethodTestDescriptor$$Lambda$158/1014982340.apply(Unknown Source)
        at org.junit.jupiter.engine.execution.ExecutableInvoker$ReflectiveInterceptorCall.lambda$ofVoidMethod$0(ExecutableInvoker.java:115)
        at org.junit.jupiter.engine.execution.ExecutableInvoker$ReflectiveInterceptorCall$$Lambda$159/268084911.apply(Unknown Source)
        at org.junit.jupiter.engine.execution.ExecutableInvoker.lambda$invoke$0(ExecutableInvoker.java:105)
        at org.junit.jupiter.engine.execution.ExecutableInvoker$$Lambda$314/1457263953.apply(Unknown Source)
        at org.junit.jupiter.engine.execution.InvocationInterceptorChain$InterceptedInvocation.proceed(InvocationInterceptorChain.java:106)
        at org.junit.jupiter.engine.execution.InvocationInterceptorChain.proceed(InvocationInterceptorChain.java:64)
        at org.junit.jupiter.engine.execution.InvocationInterceptorChain.chainAndInvoke(InvocationInterceptorChain.java:45)
        at org.junit.jupiter.engine.execution.InvocationInterceptorChain.invoke(InvocationInterceptorChain.java:37)
        at org.junit.jupiter.engine.execution.ExecutableInvoker.invoke(ExecutableInvoker.java:104)
        at org.junit.jupiter.engine.execution.ExecutableInvoker.invoke(ExecutableInvoker.java:98)
        at org.junit.jupiter.engine.descriptor.TestMethodTestDescriptor.lambda$invokeTestMethod$7(TestMethodTestDescriptor.java:214)
        at org.junit.jupiter.engine.descriptor.TestMethodTestDescriptor$$Lambda$1174/906232631.execute(Unknown Source)
        at org.junit.platform.engine.support.hierarchical.ThrowableCollector.execute(ThrowableCollector.java:73)
        at org.junit.jupiter.engine.descriptor.TestMethodTestDescriptor.invokeTestMethod(TestMethodTestDescriptor.java:210)
        at org.junit.jupiter.engine.descriptor.TestMethodTestDescriptor.execute(TestMethodTestDescriptor.java:135)
        at org.junit.jupiter.engine.descriptor.TestMethodTestDescriptor.execute(TestMethodTestDescriptor.java:66)
        at org.junit.platform.engine.support.hierarchical.NodeTestTask.lambda$executeRecursively$6(NodeTestTask.java:151)
        at org.junit.platform.engine.support.hierarchical.NodeTestTask$$Lambda$258/2129442232.execute(Unknown Source)
        at org.junit.platform.engine.support.hierarchical.ThrowableCollector.execute(ThrowableCollector.java:73)
        at org.junit.platform.engine.support.hierarchical.NodeTestTask.lambda$executeRecursively$8(NodeTestTask.java:141)
        at org.junit.platform.engine.support.hierarchical.NodeTestTask$$Lambda$257/352367347.invoke(Unknown Source)
        at org.junit.platform.engine.support.hierarchical.Node.around(Node.java:137)
        at org.junit.platform.engine.support.hierarchical.NodeTestTask.lambda$executeRecursively$9(NodeTestTask.java:139)
        at org.junit.platform.engine.support.hierarchical.NodeTestTask$$Lambda$256/1204481453.execute(Unknown Source)
        at org.junit.platform.engine.support.hierarchical.ThrowableCollector.execute(ThrowableCollector.java:73)
        at org.junit.platform.engine.support.hierarchical.NodeTestTask.executeRecursively(NodeTestTask.java:138)
        at org.junit.platform.engine.support.hierarchical.NodeTestTask.execute(NodeTestTask.java:95)
        at org.junit.platform.engine.support.hierarchical.SameThreadHierarchicalTestExecutorService$$Lambda$262/1902671237.accept(Unknown Source)
        at java.util.ArrayList.forEach(ArrayList.java:1259)
        at org.junit.platform.engine.support.hierarchical.SameThreadHierarchicalTestExecutorService.invokeAll(SameThreadHierarchicalTestExecutorService.java:41)
        at org.junit.platform.engine.support.hierarchical.NodeTestTask.lambda$executeRecursively$6(NodeTestTask.java:155)
        at org.junit.platform.engine.support.hierarchical.NodeTestTask$$Lambda$258/2129442232.execute(Unknown Source)
        at org.junit.platform.engine.support.hierarchical.ThrowableCollector.execute(ThrowableCollector.java:73)
        at org.junit.platform.engine.support.hierarchical.NodeTestTask.lambda$executeRecursively$8(NodeTestTask.java:141)
        at org.junit.platform.engine.support.hierarchical.NodeTestTask$$Lambda$257/352367347.invoke(Unknown Source)
        at org.junit.platform.engine.support.hierarchical.Node.around(Node.java:137)
        at org.junit.platform.engine.support.hierarchical.NodeTestTask.lambda$executeRecursively$9(NodeTestTask.java:139)
        at org.junit.platform.engine.support.hierarchical.NodeTestTask$$Lambda$256/1204481453.execute(Unknown Source)
        at org.junit.platform.engine.support.hierarchical.ThrowableCollector.execute(ThrowableCollector.java:73)
        at org.junit.platform.engine.support.hierarchical.NodeTestTask.executeRecursively(NodeTestTask.java:138)
        at org.junit.platform.engine.support.hierarchical.NodeTestTask.execute(NodeTestTask.java:95)
        at org.junit.platform.engine.support.hierarchical.SameThreadHierarchicalTestExecutorService$$Lambda$262/1902671237.accept(Unknown Source)
        at java.util.ArrayList.forEach(ArrayList.java:1259)
        at org.junit.platform.engine.support.hierarchical.SameThreadHierarchicalTestExecutorService.invokeAll(SameThreadHierarchicalTestExecutorService.java:41)
        at org.junit.platform.engine.support.hierarchical.NodeTestTask.lambda$executeRecursively$6(NodeTestTask.java:155)
        at org.junit.platform.engine.support.hierarchical.NodeTestTask$$Lambda$258/2129442232.execute(Unknown Source)
        at org.junit.platform.engine.support.hierarchical.ThrowableCollector.execute(ThrowableCollector.java:73)
        at org.junit.platform.engine.support.hierarchical.NodeTestTask.lambda$executeRecursively$8(NodeTestTask.java:141)
        at org.junit.platform.engine.support.hierarchical.NodeTestTask$$Lambda$257/352367347.invoke(Unknown Source)
        at org.junit.platform.engine.support.hierarchical.Node.around(Node.java:137)
        at org.junit.platform.engine.support.hierarchical.NodeTestTask.lambda$executeRecursively$9(NodeTestTask.java:139)
        at org.junit.platform.engine.support.hierarchical.NodeTestTask$$Lambda$256/1204481453.execute(Unknown Source)
        at org.junit.platform.engine.support.hierarchical.ThrowableCollector.execute(ThrowableCollector.java:73)
        at org.junit.platform.engine.support.hierarchical.NodeTestTask.executeRecursively(NodeTestTask.java:138)
        at org.junit.platform.engine.support.hierarchical.NodeTestTask.execute(NodeTestTask.java:95)
        at org.junit.platform.engine.support.hierarchical.SameThreadHierarchicalTestExecutorService.submit(SameThreadHierarchicalTestExecutorService.java:35)
        at org.junit.platform.engine.support.hierarchical.HierarchicalTestExecutor.execute(HierarchicalTestExecutor.java:57)
        at org.junit.platform.engine.support.hierarchical.HierarchicalTestEngine.execute(HierarchicalTestEngine.java:54)
        at org.junit.platform.launcher.core.EngineExecutionOrchestrator.execute(EngineExecutionOrchestrator.java:107)
        at org.junit.platform.launcher.core.EngineExecutionOrchestrator.execute(EngineExecutionOrchestrator.java:88)
        at org.junit.platform.launcher.core.EngineExecutionOrchestrator.lambda$execute$0(EngineExecutionOrchestrator.java:54)
        at org.junit.platform.launcher.core.EngineExecutionOrchestrator$$Lambda$214/1758008124.accept(Unknown Source)
        at org.junit.platform.launcher.core.EngineExecutionOrchestrator.withInterceptedStreams(EngineExecutionOrchestrator.java:67)
        at org.junit.platform.launcher.core.EngineExecutionOrchestrator.execute(EngineExecutionOrchestrator.java:52)
        at org.junit.platform.launcher.core.DefaultLauncher.execute(DefaultLauncher.java:114)
        at org.junit.platform.launcher.core.DefaultLauncher.execute(DefaultLauncher.java:86)
        at org.junit.platform.launcher.core.DefaultLauncherSession$DelegatingLauncher.execute(DefaultLauncherSession.java:86)
        at org.junit.platform.launcher.core.SessionPerRequestLauncher.execute(SessionPerRequestLauncher.java:53)
        at org.apache.maven.surefire.junitplatform.JUnitPlatformProvider.execute(JUnitPlatformProvider.java:188)
        at org.apache.maven.surefire.junitplatform.JUnitPlatformProvider.invokeAllTests(JUnitPlatformProvider.java:154)
        at org.apache.maven.surefire.junitplatform.JUnitPlatformProvider.invoke(JUnitPlatformProvider.java:124)
        at org.apache.maven.surefire.booter.ForkedBooter.runSuitesInProcess(ForkedBooter.java:428)
        at org.apache.maven.surefire.booter.ForkedBooter.execute(ForkedBooter.java:162)
        at org.apache.maven.surefire.booter.ForkedBooter.run(ForkedBooter.java:562)
        at org.apache.maven.surefire.booter.ForkedBooter.main(ForkedBooter.java:548)
"Datanode ReportManager Thread - 0" daemon prio=5 tid=365 in Object.wait()
java.lang.Thread.State: WAITING (on object monitor)
        at sun.misc.Unsafe.park(Native Method)
        at java.util.concurrent.locks.LockSupport.park(LockSupport.java:175)
        at java.util.concurrent.locks.AbstractQueuedSynchronizer$ConditionObject.await(AbstractQueuedSynchronizer.java:2039)
        at java.util.concurrent.ScheduledThreadPoolExecutor$DelayedWorkQueue.take(ScheduledThreadPoolExecutor.java:1088)
        at java.util.concurrent.ScheduledThreadPoolExecutor$DelayedWorkQueue.take(ScheduledThreadPoolExecutor.java:809)
        at java.util.concurrent.ThreadPoolExecutor.getTask(ThreadPoolExecutor.java:1074)
        at java.util.concurrent.ThreadPoolExecutor.runWorker(ThreadPoolExecutor.java:1134)
        at java.util.concurrent.ThreadPoolExecutor$Worker.run(ThreadPoolExecutor.java:624)
        at java.lang.Thread.run(Thread.java:750)
"Datanode ReportManager Thread - 0" daemon prio=5 tid=222 in Object.wait()
java.lang.Thread.State: WAITING (on object monitor)
        at sun.misc.Unsafe.park(Native Method)
        at java.util.concurrent.locks.LockSupport.park(LockSupport.java:175)
        at java.util.concurrent.locks.AbstractQueuedSynchronizer$ConditionObject.await(AbstractQueuedSynchronizer.java:2039)
        at java.util.concurrent.ScheduledThreadPoolExecutor$DelayedWorkQueue.take(ScheduledThreadPoolExecutor.java:1088)
        at java.util.concurrent.ScheduledThreadPoolExecutor$DelayedWorkQueue.take(ScheduledThreadPoolExecutor.java:809)
        at java.util.concurrent.ThreadPoolExecutor.getTask(ThreadPoolExecutor.java:1074)
        at java.util.concurrent.ThreadPoolExecutor.runWorker(ThreadPoolExecutor.java:1134)
        at java.util.concurrent.ThreadPoolExecutor$Worker.run(ThreadPoolExecutor.java:624)
        at java.lang.Thread.run(Thread.java:750)
"IPC Server handler 4 on default port 36953" daemon prio=5 tid=51 timed_waiting
java.lang.Thread.State: TIMED_WAITING
        at sun.misc.Unsafe.park(Native Method)
        at java.util.concurrent.locks.LockSupport.parkNanos(LockSupport.java:215)
        at java.util.concurrent.locks.AbstractQueuedSynchronizer$ConditionObject.awaitNanos(AbstractQueuedSynchronizer.java:2078)
        at java.util.concurrent.LinkedBlockingQueue.poll(LinkedBlockingQueue.java:467)
        at org.apache.hadoop.ipc.CallQueueManager.take(CallQueueManager.java:317)
        at org.apache.hadoop.ipc.Server$Handler.run(Server.java:2942)
"qtp110059025-345" daemon prio=5 tid=345 timed_waiting
java.lang.Thread.State: TIMED_WAITING
        at sun.misc.Unsafe.park(Native Method)
        at java.util.concurrent.locks.LockSupport.parkNanos(LockSupport.java:215)
        at java.util.concurrent.locks.AbstractQueuedSynchronizer$ConditionObject.awaitNanos(AbstractQueuedSynchronizer.java:2078)
        at org.eclipse.jetty.util.BlockingArrayQueue.poll(BlockingArrayQueue.java:382)
        at org.eclipse.jetty.util.thread.QueuedThreadPool$Runner.idleJobPoll(QueuedThreadPool.java:974)
        at org.eclipse.jetty.util.thread.QueuedThreadPool$Runner.run(QueuedThreadPool.java:1018)
        at java.lang.Thread.run(Thread.java:750)
"BlockDeletingService#2" daemon prio=5 tid=912 in Object.wait()
java.lang.Thread.State: WAITING (on object monitor)
        at sun.misc.Unsafe.park(Native Method)
        at java.util.concurrent.locks.LockSupport.park(LockSupport.java:175)
        at java.util.concurrent.locks.AbstractQueuedSynchronizer$ConditionObject.await(AbstractQueuedSynchronizer.java:2039)
        at java.util.concurrent.ScheduledThreadPoolExecutor$DelayedWorkQueue.take(ScheduledThreadPoolExecutor.java:1088)
        at java.util.concurrent.ScheduledThreadPoolExecutor$DelayedWorkQueue.take(ScheduledThreadPoolExecutor.java:809)
        at java.util.concurrent.ThreadPoolExecutor.getTask(ThreadPoolExecutor.java:1074)
        at java.util.concurrent.ThreadPoolExecutor.runWorker(ThreadPoolExecutor.java:1134)
        at java.util.concurrent.ThreadPoolExecutor$Worker.run(ThreadPoolExecutor.java:624)
        at java.lang.Thread.run(Thread.java:750)
"e73ed4bb-a433-4ecd-b93a-d0b4e16433ed-server-thread1" daemon prio=5 tid=888 timed_waiting
java.lang.Thread.State: TIMED_WAITING
        at sun.misc.Unsafe.park(Native Method)
        at java.util.concurrent.locks.LockSupport.parkNanos(LockSupport.java:215)
        at java.util.concurrent.SynchronousQueue$TransferStack.awaitFulfill(SynchronousQueue.java:460)
        at java.util.concurrent.SynchronousQueue$TransferStack.transfer(SynchronousQueue.java:362)
        at java.util.concurrent.SynchronousQueue.poll(SynchronousQueue.java:941)
        at java.util.concurrent.ThreadPoolExecutor.getTask(ThreadPoolExecutor.java:1073)
        at java.util.concurrent.ThreadPoolExecutor.runWorker(ThreadPoolExecutor.java:1134)
        at java.util.concurrent.ThreadPoolExecutor$Worker.run(ThreadPoolExecutor.java:624)
        at java.lang.Thread.run(Thread.java:750)
"BlockDeletingService#1" daemon prio=5 tid=509 timed_waiting
java.lang.Thread.State: TIMED_WAITING
        at sun.misc.Unsafe.park(Native Method)
        at java.util.concurrent.locks.LockSupport.parkNanos(LockSupport.java:215)
        at java.util.concurrent.locks.AbstractQueuedSynchronizer$ConditionObject.awaitNanos(AbstractQueuedSynchronizer.java:2078)
        at java.util.concurrent.ScheduledThreadPoolExecutor$DelayedWorkQueue.take(ScheduledThreadPoolExecutor.java:1093)
        at java.util.concurrent.ScheduledThreadPoolExecutor$DelayedWorkQueue.take(ScheduledThreadPoolExecutor.java:809)
        at java.util.concurrent.ThreadPoolExecutor.getTask(ThreadPoolExecutor.java:1074)
        at java.util.concurrent.ThreadPoolExecutor.runWorker(ThreadPoolExecutor.java:1134)
        at java.util.concurrent.ThreadPoolExecutor$Worker.run(ThreadPoolExecutor.java:624)
        at java.lang.Thread.run(Thread.java:750)
"qtp457009334-457" daemon prio=5 tid=457 runnable
java.lang.Thread.State: RUNNABLE
        at sun.nio.ch.EPollArrayWrapper.epollWait(Native Method)
        at sun.nio.ch.EPollArrayWrapper.poll(EPollArrayWrapper.java:269)
        at sun.nio.ch.EPollSelectorImpl.doSelect(EPollSelectorImpl.java:93)
        at sun.nio.ch.SelectorImpl.lockAndDoSelect(SelectorImpl.java:86)
        at sun.nio.ch.SelectorImpl.select(SelectorImpl.java:97)
        at sun.nio.ch.SelectorImpl.select(SelectorImpl.java:101)
        at org.eclipse.jetty.io.ManagedSelector.nioSelect(ManagedSelector.java:183)
        at org.eclipse.jetty.io.ManagedSelector.select(ManagedSelector.java:190)
        at org.eclipse.jetty.io.ManagedSelector$SelectorProducer.select(ManagedSelector.java:606)
        at org.eclipse.jetty.io.ManagedSelector$SelectorProducer.produce(ManagedSelector.java:543)
        at org.eclipse.jetty.util.thread.strategy.EatWhatYouKill.produceTask(EatWhatYouKill.java:362)
        at org.eclipse.jetty.util.thread.strategy.EatWhatYouKill.doProduce(EatWhatYouKill.java:186)
        at org.eclipse.jetty.util.thread.strategy.EatWhatYouKill.tryProduce(EatWhatYouKill.java:173)
        at org.eclipse.jetty.util.thread.strategy.EatWhatYouKill.produce(EatWhatYouKill.java:137)
        at org.eclipse.jetty.io.ManagedSelector$$Lambda$446/163190398.run(Unknown Source)
        at org.eclipse.jetty.util.thread.QueuedThreadPool.runJob(QueuedThreadPool.java:883)
        at org.eclipse.jetty.util.thread.QueuedThreadPool$Runner.run(QueuedThreadPool.java:1034)
        at java.lang.Thread.run(Thread.java:750)
"Session-HouseKeeper-1c100314-1"  prio=5 tid=389 timed_waiting
java.lang.Thread.State: TIMED_WAITING
        at sun.misc.Unsafe.park(Native Method)
        at java.util.concurrent.locks.LockSupport.parkNanos(LockSupport.java:215)
        at java.util.concurrent.locks.AbstractQueuedSynchronizer$ConditionObject.awaitNanos(AbstractQueuedSynchronizer.java:2078)
        at java.util.concurrent.ScheduledThreadPoolExecutor$DelayedWorkQueue.take(ScheduledThreadPoolExecutor.java:1093)
        at java.util.concurrent.ScheduledThreadPoolExecutor$DelayedWorkQueue.take(ScheduledThreadPoolExecutor.java:809)
        at java.util.concurrent.ThreadPoolExecutor.getTask(ThreadPoolExecutor.java:1074)
        at java.util.concurrent.ThreadPoolExecutor.runWorker(ThreadPoolExecutor.java:1134)
        at java.util.concurrent.ThreadPoolExecutor$Worker.run(ThreadPoolExecutor.java:624)
        at java.lang.Thread.run(Thread.java:750)
"qtp1798219135-216" daemon prio=5 tid=216 timed_waiting
java.lang.Thread.State: TIMED_WAITING
        at sun.misc.Unsafe.park(Native Method)
        at java.util.concurrent.locks.LockSupport.parkNanos(LockSupport.java:215)
        at java.util.concurrent.locks.AbstractQueuedSynchronizer$ConditionObject.awaitNanos(AbstractQueuedSynchronizer.java:2078)
        at org.eclipse.jetty.util.BlockingArrayQueue.poll(BlockingArrayQueue.java:382)
        at org.eclipse.jetty.util.thread.QueuedThreadPool$Runner.idleJobPoll(QueuedThreadPool.java:974)
        at org.eclipse.jetty.util.thread.QueuedThreadPool$Runner.run(QueuedThreadPool.java:1018)
        at java.lang.Thread.run(Thread.java:750)
"KeyDeletingService#0" daemon prio=5 tid=141 timed_waiting
java.lang.Thread.State: TIMED_WAITING
        at sun.misc.Unsafe.park(Native Method)
        at java.util.concurrent.locks.LockSupport.parkNanos(LockSupport.java:215)
        at java.util.concurrent.locks.AbstractQueuedSynchronizer$ConditionObject.awaitNanos(AbstractQueuedSynchronizer.java:2078)
        at java.util.concurrent.ScheduledThreadPoolExecutor$DelayedWorkQueue.take(ScheduledThreadPoolExecutor.java:1093)
        at java.util.concurrent.ScheduledThreadPoolExecutor$DelayedWorkQueue.take(ScheduledThreadPoolExecutor.java:809)
        at java.util.concurrent.ThreadPoolExecutor.getTask(ThreadPoolExecutor.java:1074)
        at java.util.concurrent.ThreadPoolExecutor.runWorker(ThreadPoolExecutor.java:1134)
        at java.util.concurrent.ThreadPoolExecutor$Worker.run(ThreadPoolExecutor.java:624)
        at java.lang.Thread.run(Thread.java:750)
"ChunkReader-ELG-0" daemon prio=5 tid=397 runnable
java.lang.Thread.State: RUNNABLE
        at org.apache.ratis.thirdparty.io.netty.channel.epoll.Native.epollWait0(Native Method)
        at org.apache.ratis.thirdparty.io.netty.channel.epoll.Native.epollWait(Native.java:182)
        at org.apache.ratis.thirdparty.io.netty.channel.epoll.EpollEventLoop.epollWait(EpollEventLoop.java:290)
        at org.apache.ratis.thirdparty.io.netty.channel.epoll.EpollEventLoop.run(EpollEventLoop.java:354)
        at org.apache.ratis.thirdparty.io.netty.util.concurrent.SingleThreadEventExecutor$4.run(SingleThreadEventExecutor.java:995)
        at org.apache.ratis.thirdparty.io.netty.util.internal.ThreadExecutorMap$2.run(ThreadExecutorMap.java:74)
        at java.lang.Thread.run(Thread.java:750)
"qtp160371564-321" daemon prio=5 tid=321 timed_waiting
java.lang.Thread.State: TIMED_WAITING
        at sun.misc.Unsafe.park(Native Method)
        at java.util.concurrent.locks.LockSupport.parkNanos(LockSupport.java:215)
        at java.util.concurrent.locks.AbstractQueuedSynchronizer$ConditionObject.awaitNanos(AbstractQueuedSynchronizer.java:2078)
        at org.eclipse.jetty.util.BlockingArrayQueue.poll(BlockingArrayQueue.java:382)
        at org.eclipse.jetty.util.thread.QueuedThreadPool$Runner.idleJobPoll(QueuedThreadPool.java:974)
        at org.eclipse.jetty.util.thread.QueuedThreadPool$Runner.run(QueuedThreadPool.java:1018)
        at java.lang.Thread.run(Thread.java:750)
"Socket Reader #1 for port 0"  prio=5 tid=32 runnable
java.lang.Thread.State: RUNNABLE
        at sun.nio.ch.EPollArrayWrapper.epollWait(Native Method)
        at sun.nio.ch.EPollArrayWrapper.poll(EPollArrayWrapper.java:269)
        at sun.nio.ch.EPollSelectorImpl.doSelect(EPollSelectorImpl.java:93)
        at sun.nio.ch.SelectorImpl.lockAndDoSelect(SelectorImpl.java:86)
        at sun.nio.ch.SelectorImpl.select(SelectorImpl.java:97)
        at sun.nio.ch.SelectorImpl.select(SelectorImpl.java:101)
        at org.apache.hadoop.ipc.Server$Listener$Reader.doRunLoop(Server.java:1296)
        at org.apache.hadoop.ipc.Server$Listener$Reader.run(Server.java:1275)
"Datanode State Machine Daemon Thread" daemon prio=5 tid=299 timed_waiting
java.lang.Thread.State: TIMED_WAITING
        at java.lang.Thread.sleep(Native Method)
        at org.apache.hadoop.ozone.container.common.statemachine.DatanodeStateMachine.startStateMachineThread(DatanodeStateMachine.java:321)
        at org.apache.hadoop.ozone.container.common.statemachine.DatanodeStateMachine.lambda$startDaemon$0(DatanodeStateMachine.java:506)
        at org.apache.hadoop.ozone.container.common.statemachine.DatanodeStateMachine$$Lambda$751/596905128.run(Unknown Source)
        at java.lang.Thread.run(Thread.java:750)
"Socket Reader #1 for port 0"  prio=5 tid=28 runnable
java.lang.Thread.State: RUNNABLE
        at sun.nio.ch.EPollArrayWrapper.epollWait(Native Method)
        at sun.nio.ch.EPollArrayWrapper.poll(EPollArrayWrapper.java:269)
        at sun.nio.ch.EPollSelectorImpl.doSelect(EPollSelectorImpl.java:93)
        at sun.nio.ch.SelectorImpl.lockAndDoSelect(SelectorImpl.java:86)
        at sun.nio.ch.SelectorImpl.select(SelectorImpl.java:97)
        at sun.nio.ch.SelectorImpl.select(SelectorImpl.java:101)
        at org.apache.hadoop.ipc.Server$Listener$Reader.doRunLoop(Server.java:1296)
        at org.apache.hadoop.ipc.Server$Listener$Reader.run(Server.java:1275)
"Datanode ReportManager Thread - 2" daemon prio=5 tid=196 in Object.wait()
java.lang.Thread.State: WAITING (on object monitor)
        at sun.misc.Unsafe.park(Native Method)
        at java.util.concurrent.locks.LockSupport.park(LockSupport.java:175)
        at java.util.concurrent.locks.AbstractQueuedSynchronizer$ConditionObject.await(AbstractQueuedSynchronizer.java:2039)
        at java.util.concurrent.ScheduledThreadPoolExecutor$DelayedWorkQueue.take(ScheduledThreadPoolExecutor.java:1088)
        at java.util.concurrent.ScheduledThreadPoolExecutor$DelayedWorkQueue.take(ScheduledThreadPoolExecutor.java:809)
        at java.util.concurrent.ThreadPoolExecutor.getTask(ThreadPoolExecutor.java:1074)
        at java.util.concurrent.ThreadPoolExecutor.runWorker(ThreadPoolExecutor.java:1134)
        at java.util.concurrent.ThreadPoolExecutor$Worker.run(ThreadPoolExecutor.java:624)
        at java.lang.Thread.run(Thread.java:750)
"qtp160371564-317-acceptor-0@6c9bbd0a-ServerConnector@131fafba{HTTP/1.1, (http/1.1)}{0.0.0.0:34917}" daemon prio=3 tid=317 runnable
java.lang.Thread.State: RUNNABLE
        at sun.nio.ch.ServerSocketChannelImpl.accept0(Native Method)
        at sun.nio.ch.ServerSocketChannelImpl.accept(ServerSocketChannelImpl.java:421)
        at sun.nio.ch.ServerSocketChannelImpl.accept(ServerSocketChannelImpl.java:249)
        at org.eclipse.jetty.server.ServerConnector.accept(ServerConnector.java:388)
        at org.eclipse.jetty.server.AbstractConnector$Acceptor.run(AbstractConnector.java:704)
        at org.eclipse.jetty.util.thread.QueuedThreadPool.runJob(QueuedThreadPool.java:883)
        at org.eclipse.jetty.util.thread.QueuedThreadPool$Runner.run(QueuedThreadPool.java:1034)
        at java.lang.Thread.run(Thread.java:750)
"IPC Server handler 12 on default port 45711" daemon prio=5 tid=99 timed_waiting
java.lang.Thread.State: TIMED_WAITING
        at sun.misc.Unsafe.park(Native Method)
        at java.util.concurrent.locks.LockSupport.parkNanos(LockSupport.java:215)
        at java.util.concurrent.locks.AbstractQueuedSynchronizer$ConditionObject.awaitNanos(AbstractQueuedSynchronizer.java:2078)
        at java.util.concurrent.LinkedBlockingQueue.poll(LinkedBlockingQueue.java:467)
        at org.apache.hadoop.ipc.CallQueueManager.take(CallQueueManager.java:317)
        at org.apache.hadoop.ipc.Server$Handler.run(Server.java:2942)
"BlockDeletingService#0" daemon prio=5 tid=495 in Object.wait()
java.lang.Thread.State: WAITING (on object monitor)
        at sun.misc.Unsafe.park(Native Method)
        at java.util.concurrent.locks.LockSupport.park(LockSupport.java:175)
        at java.util.concurrent.locks.AbstractQueuedSynchronizer$ConditionObject.await(AbstractQueuedSynchronizer.java:2039)
        at java.util.concurrent.ScheduledThreadPoolExecutor$DelayedWorkQueue.take(ScheduledThreadPoolExecutor.java:1088)
        at java.util.concurrent.ScheduledThreadPoolExecutor$DelayedWorkQueue.take(ScheduledThreadPoolExecutor.java:809)
        at java.util.concurrent.ThreadPoolExecutor.getTask(ThreadPoolExecutor.java:1074)
        at java.util.concurrent.ThreadPoolExecutor.runWorker(ThreadPoolExecutor.java:1134)
        at java.util.concurrent.ThreadPoolExecutor$Worker.run(ThreadPoolExecutor.java:624)
        at java.lang.Thread.run(Thread.java:750)
"org.apache.hadoop.ozone.container.common.statemachine.commandhandler.DeleteBlocksCommandHandler$DeleteCmdWorker@10463c5" daemon prio=5 tid=417 timed_waiting
java.lang.Thread.State: TIMED_WAITING
        at java.lang.Thread.sleep(Native Method)
        at org.apache.hadoop.ozone.container.common.statemachine.commandhandler.DeleteBlocksCommandHandler$DeleteCmdWorker.run(DeleteBlocksCommandHandler.java:183)
        at java.lang.Thread.run(Thread.java:750)
"Datanode ReportManager Thread - 1" daemon prio=5 tid=404 timed_waiting
java.lang.Thread.State: TIMED_WAITING
        at sun.misc.Unsafe.park(Native Method)
        at java.util.concurrent.locks.LockSupport.parkNanos(LockSupport.java:215)
        at java.util.concurrent.locks.AbstractQueuedSynchronizer$ConditionObject.awaitNanos(AbstractQueuedSynchronizer.java:2078)
        at java.util.concurrent.ScheduledThreadPoolExecutor$DelayedWorkQueue.take(ScheduledThreadPoolExecutor.java:1093)
        at java.util.concurrent.ScheduledThreadPoolExecutor$DelayedWorkQueue.take(ScheduledThreadPoolExecutor.java:809)
        at java.util.concurrent.ThreadPoolExecutor.getTask(ThreadPoolExecutor.java:1074)
        at java.util.concurrent.ThreadPoolExecutor.runWorker(ThreadPoolExecutor.java:1134)
        at java.util.concurrent.ThreadPoolExecutor$Worker.run(ThreadPoolExecutor.java:624)
        at java.lang.Thread.run(Thread.java:750)
"timer2" daemon prio=5 tid=693 timed_waiting
java.lang.Thread.State: TIMED_WAITING
        at java.lang.Object.wait(Native Method)
        at java.util.TimerThread.mainLoop(Timer.java:552)
        at java.util.TimerThread.run(Timer.java:505)
"Timer-0"  prio=5 tid=140 timed_waiting
java.lang.Thread.State: TIMED_WAITING
        at java.lang.Object.wait(Native Method)
        at java.util.TimerThread.mainLoop(Timer.java:552)
        at java.util.TimerThread.run(Timer.java:505)
"ChunkReader-2" daemon prio=5 tid=800 in Object.wait()
java.lang.Thread.State: WAITING (on object monitor)
        at sun.misc.Unsafe.park(Native Method)
        at java.util.concurrent.locks.LockSupport.park(LockSupport.java:175)
        at java.util.concurrent.locks.AbstractQueuedSynchronizer$ConditionObject.await(AbstractQueuedSynchronizer.java:2039)
        at java.util.concurrent.LinkedBlockingQueue.take(LinkedBlockingQueue.java:442)
        at java.util.concurrent.ThreadPoolExecutor.getTask(ThreadPoolExecutor.java:1074)
        at java.util.concurrent.ThreadPoolExecutor.runWorker(ThreadPoolExecutor.java:1134)
        at java.util.concurrent.ThreadPoolExecutor$Worker.run(ThreadPoolExecutor.java:624)
        at java.lang.Thread.run(Thread.java:750)
"BlockDeletingService#1" daemon prio=5 tid=485 timed_waiting
java.lang.Thread.State: TIMED_WAITING
        at sun.misc.Unsafe.park(Native Method)
        at java.util.concurrent.locks.LockSupport.parkNanos(LockSupport.java:215)
        at java.util.concurrent.locks.AbstractQueuedSynchronizer$ConditionObject.awaitNanos(AbstractQueuedSynchronizer.java:2078)
        at java.util.concurrent.ScheduledThreadPoolExecutor$DelayedWorkQueue.take(ScheduledThreadPoolExecutor.java:1093)
        at java.util.concurrent.ScheduledThreadPoolExecutor$DelayedWorkQueue.take(ScheduledThreadPoolExecutor.java:809)
        at java.util.concurrent.ThreadPoolExecutor.getTask(ThreadPoolExecutor.java:1074)
        at java.util.concurrent.ThreadPoolExecutor.runWorker(ThreadPoolExecutor.java:1134)
        at java.util.concurrent.ThreadPoolExecutor$Worker.run(ThreadPoolExecutor.java:624)
        at java.lang.Thread.run(Thread.java:750)
"qtp860364734-426" daemon prio=5 tid=426 timed_waiting
java.lang.Thread.State: TIMED_WAITING
        at sun.misc.Unsafe.park(Native Method)
        at java.util.concurrent.locks.LockSupport.parkNanos(LockSupport.java:215)
        at java.util.concurrent.locks.AbstractQueuedSynchronizer$ConditionObject.awaitNanos(AbstractQueuedSynchronizer.java:2078)
        at org.eclipse.jetty.util.BlockingArrayQueue.poll(BlockingArrayQueue.java:382)
        at org.eclipse.jetty.util.thread.QueuedThreadPool$Runner.idleJobPoll(QueuedThreadPool.java:974)
        at org.eclipse.jetty.util.thread.QueuedThreadPool$Runner.run(QueuedThreadPool.java:1018)
        at java.lang.Thread.run(Thread.java:750)
"ChunkWriter-3-0" daemon prio=5 tid=522 in Object.wait()
java.lang.Thread.State: WAITING (on object monitor)
        at sun.misc.Unsafe.park(Native Method)
        at java.util.concurrent.locks.LockSupport.park(LockSupport.java:175)
        at java.util.concurrent.locks.AbstractQueuedSynchronizer$ConditionObject.await(AbstractQueuedSynchronizer.java:2039)
        at java.util.concurrent.LinkedBlockingDeque.takeFirst(LinkedBlockingDeque.java:492)
        at java.util.concurrent.LinkedBlockingDeque.take(LinkedBlockingDeque.java:680)
        at java.util.concurrent.ThreadPoolExecutor.getTask(ThreadPoolExecutor.java:1074)
        at java.util.concurrent.ThreadPoolExecutor.runWorker(ThreadPoolExecutor.java:1134)
        at java.util.concurrent.ThreadPoolExecutor$Worker.run(ThreadPoolExecutor.java:624)
        at java.lang.Thread.run(Thread.java:750)
"Datanode State Machine Task Thread - 1"  prio=5 tid=351 in Object.wait()
java.lang.Thread.State: WAITING (on object monitor)
        at sun.misc.Unsafe.park(Native Method)
        at java.util.concurrent.locks.LockSupport.park(LockSupport.java:175)
        at java.util.concurrent.locks.AbstractQueuedSynchronizer$ConditionObject.await(AbstractQueuedSynchronizer.java:2039)
        at java.util.concurrent.LinkedBlockingQueue.take(LinkedBlockingQueue.java:442)
        at java.util.concurrent.ThreadPoolExecutor.getTask(ThreadPoolExecutor.java:1074)
        at java.util.concurrent.ThreadPoolExecutor.runWorker(ThreadPoolExecutor.java:1134)
        at java.util.concurrent.ThreadPoolExecutor$Worker.run(ThreadPoolExecutor.java:624)
        at java.lang.Thread.run(Thread.java:750)
"Datanode ReportManager Thread - 0" daemon prio=5 tid=274 timed_waiting
java.lang.Thread.State: TIMED_WAITING
        at sun.misc.Unsafe.park(Native Method)
        at java.util.concurrent.locks.LockSupport.parkNanos(LockSupport.java:215)
        at java.util.concurrent.locks.AbstractQueuedSynchronizer$ConditionObject.awaitNanos(AbstractQueuedSynchronizer.java:2078)
        at java.util.concurrent.ScheduledThreadPoolExecutor$DelayedWorkQueue.take(ScheduledThreadPoolExecutor.java:1093)
        at java.util.concurrent.ScheduledThreadPoolExecutor$DelayedWorkQueue.take(ScheduledThreadPoolExecutor.java:809)
        at java.util.concurrent.ThreadPoolExecutor.getTask(ThreadPoolExecutor.java:1074)
        at java.util.concurrent.ThreadPoolExecutor.runWorker(ThreadPoolExecutor.java:1134)
        at java.util.concurrent.ThreadPoolExecutor$Worker.run(ThreadPoolExecutor.java:624)
        at java.lang.Thread.run(Thread.java:750)
"IPC Server handler 17 on default port 40125" daemon prio=5 tid=171 timed_waiting
java.lang.Thread.State: TIMED_WAITING
        at sun.misc.Unsafe.park(Native Method)
        at java.util.concurrent.locks.LockSupport.parkNanos(LockSupport.java:215)
        at java.util.concurrent.locks.AbstractQueuedSynchronizer$ConditionObject.awaitNanos(AbstractQueuedSynchronizer.java:2078)
        at java.util.concurrent.LinkedBlockingQueue.poll(LinkedBlockingQueue.java:467)
        at org.apache.hadoop.ipc.CallQueueManager.take(CallQueueManager.java:317)
        at org.apache.hadoop.ipc.Server$Handler.run(Server.java:2942)
"IPC Server handler 19 on default port 40125" daemon prio=5 tid=173 timed_waiting
java.lang.Thread.State: TIMED_WAITING
        at sun.misc.Unsafe.park(Native Method)
        at java.util.concurrent.locks.LockSupport.parkNanos(LockSupport.java:215)
        at java.util.concurrent.locks.AbstractQueuedSynchronizer$ConditionObject.awaitNanos(AbstractQueuedSynchronizer.java:2078)
        at java.util.concurrent.LinkedBlockingQueue.poll(LinkedBlockingQueue.java:467)
        at org.apache.hadoop.ipc.CallQueueManager.take(CallQueueManager.java:317)
        at org.apache.hadoop.ipc.Server$Handler.run(Server.java:2942)
"ChunkReader-ELG-0" daemon prio=5 tid=561 runnable
java.lang.Thread.State: RUNNABLE
        at org.apache.ratis.thirdparty.io.netty.channel.epoll.Native.epollWait(Native Method)
        at org.apache.ratis.thirdparty.io.netty.channel.epoll.Native.epollWait(Native.java:209)
        at org.apache.ratis.thirdparty.io.netty.channel.epoll.Native.epollWait(Native.java:202)
        at org.apache.ratis.thirdparty.io.netty.channel.epoll.EpollEventLoop.epollWaitNoTimerChange(EpollEventLoop.java:294)
        at org.apache.ratis.thirdparty.io.netty.channel.epoll.EpollEventLoop.run(EpollEventLoop.java:351)
        at org.apache.ratis.thirdparty.io.netty.util.concurrent.SingleThreadEventExecutor$4.run(SingleThreadEventExecutor.java:995)
        at org.apache.ratis.thirdparty.io.netty.util.internal.ThreadExecutorMap$2.run(ThreadExecutorMap.java:74)
        at java.lang.Thread.run(Thread.java:750)
"EventQueue-DeadNodeForDeadNodeHandler" daemon prio=5 tid=856 in Object.wait()
java.lang.Thread.State: WAITING (on object monitor)
        at sun.misc.Unsafe.park(Native Method)
        at java.util.concurrent.locks.LockSupport.park(LockSupport.java:175)
        at java.util.concurrent.locks.AbstractQueuedSynchronizer$ConditionObject.await(AbstractQueuedSynchronizer.java:2039)
        at java.util.concurrent.LinkedBlockingQueue.take(LinkedBlockingQueue.java:442)
        at java.util.concurrent.ThreadPoolExecutor.getTask(ThreadPoolExecutor.java:1074)
        at java.util.concurrent.ThreadPoolExecutor.runWorker(ThreadPoolExecutor.java:1134)
        at java.util.concurrent.ThreadPoolExecutor$Worker.run(ThreadPoolExecutor.java:624)
        at java.lang.Thread.run(Thread.java:750)
"ChunkReader-3" daemon prio=5 tid=815 in Object.wait()
java.lang.Thread.State: WAITING (on object monitor)
        at sun.misc.Unsafe.park(Native Method)
        at java.util.concurrent.locks.LockSupport.park(LockSupport.java:175)
        at java.util.concurrent.locks.AbstractQueuedSynchronizer$ConditionObject.await(AbstractQueuedSynchronizer.java:2039)
        at java.util.concurrent.LinkedBlockingQueue.take(LinkedBlockingQueue.java:442)
        at java.util.concurrent.ThreadPoolExecutor.getTask(ThreadPoolExecutor.java:1074)
        at java.util.concurrent.ThreadPoolExecutor.runWorker(ThreadPoolExecutor.java:1134)
        at java.util.concurrent.ThreadPoolExecutor$Worker.run(ThreadPoolExecutor.java:624)
        at java.lang.Thread.run(Thread.java:750)
"Periodic HDDS volume checker" daemon prio=5 tid=450 timed_waiting
java.lang.Thread.State: TIMED_WAITING
        at sun.misc.Unsafe.park(Native Method)
        at java.util.concurrent.locks.LockSupport.parkNanos(LockSupport.java:215)
        at java.util.concurrent.locks.AbstractQueuedSynchronizer$ConditionObject.awaitNanos(AbstractQueuedSynchronizer.java:2078)
        at java.util.concurrent.ScheduledThreadPoolExecutor$DelayedWorkQueue.take(ScheduledThreadPoolExecutor.java:1093)
        at java.util.concurrent.ScheduledThreadPoolExecutor$DelayedWorkQueue.take(ScheduledThreadPoolExecutor.java:809)
        at java.util.concurrent.ThreadPoolExecutor.getTask(ThreadPoolExecutor.java:1074)
        at java.util.concurrent.ThreadPoolExecutor.runWorker(ThreadPoolExecutor.java:1134)
        at java.util.concurrent.ThreadPoolExecutor$Worker.run(ThreadPoolExecutor.java:624)
        at java.lang.Thread.run(Thread.java:750)
"org.apache.hadoop.util.JvmPauseMonitor$Monitor@4cc29e2a" daemon prio=5 tid=371 timed_waiting
java.lang.Thread.State: TIMED_WAITING
        at java.lang.Thread.sleep(Native Method)
        at org.apache.hadoop.util.JvmPauseMonitor$Monitor.run(JvmPauseMonitor.java:192)
        at java.lang.Thread.run(Thread.java:750)
"Under Replicated Processor" daemon prio=5 tid=858 timed_waiting
java.lang.Thread.State: TIMED_WAITING
        at java.lang.Object.wait(Native Method)
        at org.apache.hadoop.hdds.scm.container.replication.UnderReplicatedProcessor.run(UnderReplicatedProcessor.java:142)
        at java.lang.Thread.run(Thread.java:750)
"Datanode ReportManager Thread - 3" daemon prio=5 tid=476 timed_waiting
java.lang.Thread.State: TIMED_WAITING
        at sun.misc.Unsafe.park(Native Method)
        at java.util.concurrent.locks.LockSupport.parkNanos(LockSupport.java:215)
        at java.util.concurrent.locks.AbstractQueuedSynchronizer$ConditionObject.awaitNanos(AbstractQueuedSynchronizer.java:2078)
        at java.util.concurrent.ScheduledThreadPoolExecutor$DelayedWorkQueue.take(ScheduledThreadPoolExecutor.java:1093)
        at java.util.concurrent.ScheduledThreadPoolExecutor$DelayedWorkQueue.take(ScheduledThreadPoolExecutor.java:809)
        at java.util.concurrent.ThreadPoolExecutor.getTask(ThreadPoolExecutor.java:1074)
        at java.util.concurrent.ThreadPoolExecutor.runWorker(ThreadPoolExecutor.java:1134)
        at java.util.concurrent.ThreadPoolExecutor$Worker.run(ThreadPoolExecutor.java:624)
        at java.lang.Thread.run(Thread.java:750)
"qtp2002410087-115" daemon prio=5 tid=115 timed_waiting
java.lang.Thread.State: TIMED_WAITING
        at sun.misc.Unsafe.park(Native Method)
        at java.util.concurrent.locks.LockSupport.parkNanos(LockSupport.java:215)
        at java.util.concurrent.locks.AbstractQueuedSynchronizer$ConditionObject.awaitNanos(AbstractQueuedSynchronizer.java:2078)
        at org.eclipse.jetty.util.BlockingArrayQueue.poll(BlockingArrayQueue.java:382)
        at org.eclipse.jetty.util.thread.QueuedThreadPool$Runner.idleJobPoll(QueuedThreadPool.java:974)
        at org.eclipse.jetty.util.thread.QueuedThreadPool$Runner.run(QueuedThreadPool.java:1018)
        at java.lang.Thread.run(Thread.java:750)
"Session-HouseKeeper-1a3a1b59-1"  prio=5 tid=298 timed_waiting
java.lang.Thread.State: TIMED_WAITING
        at sun.misc.Unsafe.park(Native Method)
        at java.util.concurrent.locks.LockSupport.parkNanos(LockSupport.java:215)
        at java.util.concurrent.locks.AbstractQueuedSynchronizer$ConditionObject.awaitNanos(AbstractQueuedSynchronizer.java:2078)
        at java.util.concurrent.ScheduledThreadPoolExecutor$DelayedWorkQueue.take(ScheduledThreadPoolExecutor.java:1093)
        at java.util.concurrent.ScheduledThreadPoolExecutor$DelayedWorkQueue.take(ScheduledThreadPoolExecutor.java:809)
        at java.util.concurrent.ThreadPoolExecutor.getTask(ThreadPoolExecutor.java:1074)
        at java.util.concurrent.ThreadPoolExecutor.runWorker(ThreadPoolExecutor.java:1134)
        at java.util.concurrent.ThreadPoolExecutor$Worker.run(ThreadPoolExecutor.java:624)
        at java.lang.Thread.run(Thread.java:750)
"FixedThreadPoolWithAffinityExecutor-2-0" daemon prio=5 tid=37 timed_waiting
java.lang.Thread.State: TIMED_WAITING
        at sun.misc.Unsafe.park(Native Method)
        at java.util.concurrent.locks.LockSupport.parkNanos(LockSupport.java:215)
        at java.util.concurrent.locks.AbstractQueuedSynchronizer$ConditionObject.awaitNanos(AbstractQueuedSynchronizer.java:2078)
        at java.util.concurrent.LinkedBlockingQueue.poll(LinkedBlockingQueue.java:467)
        at org.apache.hadoop.hdds.scm.server.ContainerReportQueue.poll(ContainerReportQueue.java:266)
        at org.apache.hadoop.hdds.scm.server.ContainerReportQueue.poll(ContainerReportQueue.java:42)
        at org.apache.hadoop.hdds.server.events.FixedThreadPoolWithAffinityExecutor$ContainerReportProcessTask.run(FixedThreadPoolWithAffinityExecutor.java:218)
        at java.util.concurrent.Executors$RunnableAdapter.call(Executors.java:511)
        at java.util.concurrent.FutureTask.run(FutureTask.java:266)
        at java.util.concurrent.ThreadPoolExecutor.runWorker(ThreadPoolExecutor.java:1149)
        at java.util.concurrent.ThreadPoolExecutor$Worker.run(ThreadPoolExecutor.java:624)
        at java.lang.Thread.run(Thread.java:750)
"qtp1531438298-295" daemon prio=5 tid=295 timed_waiting
java.lang.Thread.State: TIMED_WAITING
        at sun.misc.Unsafe.park(Native Method)
        at java.util.concurrent.locks.LockSupport.parkNanos(LockSupport.java:215)
        at java.util.concurrent.locks.AbstractQueuedSynchronizer$ConditionObject.awaitNanos(AbstractQueuedSynchronizer.java:2078)
        at org.eclipse.jetty.util.BlockingArrayQueue.poll(BlockingArrayQueue.java:382)
        at org.eclipse.jetty.util.thread.QueuedThreadPool$Runner.idleJobPoll(QueuedThreadPool.java:974)
        at org.eclipse.jetty.util.thread.QueuedThreadPool$Runner.run(QueuedThreadPool.java:1018)
        at java.lang.Thread.run(Thread.java:750)
"qtp326207642-191" daemon prio=5 tid=191 timed_waiting
java.lang.Thread.State: TIMED_WAITING
        at sun.misc.Unsafe.park(Native Method)
        at java.util.concurrent.locks.LockSupport.parkNanos(LockSupport.java:215)
        at java.util.concurrent.locks.AbstractQueuedSynchronizer$ConditionObject.awaitNanos(AbstractQueuedSynchronizer.java:2078)
        at org.eclipse.jetty.util.BlockingArrayQueue.poll(BlockingArrayQueue.java:382)
        at org.eclipse.jetty.util.thread.QueuedThreadPool$Runner.idleJobPoll(QueuedThreadPool.java:974)
        at org.eclipse.jetty.util.thread.QueuedThreadPool$Runner.run(QueuedThreadPool.java:1018)
        at java.lang.Thread.run(Thread.java:750)
"qtp457009334-464" daemon prio=5 tid=464 timed_waiting
java.lang.Thread.State: TIMED_WAITING
        at sun.misc.Unsafe.park(Native Method)
        at java.util.concurrent.locks.LockSupport.parkNanos(LockSupport.java:215)
        at java.util.concurrent.locks.AbstractQueuedSynchronizer$ConditionObject.awaitNanos(AbstractQueuedSynchronizer.java:2078)
        at org.eclipse.jetty.util.BlockingArrayQueue.poll(BlockingArrayQueue.java:382)
        at org.eclipse.jetty.util.thread.QueuedThreadPool$Runner.idleJobPoll(QueuedThreadPool.java:974)
        at org.eclipse.jetty.util.thread.QueuedThreadPool$Runner.run(QueuedThreadPool.java:1018)
        at java.lang.Thread.run(Thread.java:750)
"9b302da2-2c09-4610-b1b5-c4dbcc9298e9@group-AA1973943C79-SegmentedRaftLogWorker"  prio=5 tid=679 timed_waiting
java.lang.Thread.State: TIMED_WAITING
        at sun.misc.Unsafe.park(Native Method)
        at java.util.concurrent.locks.LockSupport.parkNanos(LockSupport.java:215)
        at java.util.concurrent.locks.AbstractQueuedSynchronizer$ConditionObject.awaitNanos(AbstractQueuedSynchronizer.java:2078)
        at org.apache.ratis.util.DataBlockingQueue.poll(DataBlockingQueue.java:148)
        at org.apache.ratis.server.raftlog.segmented.SegmentedRaftLogWorker.run(SegmentedRaftLogWorker.java:310)
        at org.apache.ratis.server.raftlog.segmented.SegmentedRaftLogWorker$$Lambda$665/5803680.run(Unknown Source)
        at java.lang.Thread.run(Thread.java:750)
"qtp860364734-422" daemon prio=5 tid=422 timed_waiting
java.lang.Thread.State: TIMED_WAITING
        at sun.misc.Unsafe.park(Native Method)
        at java.util.concurrent.locks.LockSupport.parkNanos(LockSupport.java:215)
        at java.util.concurrent.locks.AbstractQueuedSynchronizer$ConditionObject.awaitNanos(AbstractQueuedSynchronizer.java:2078)
        at org.eclipse.jetty.util.BlockingArrayQueue.poll(BlockingArrayQueue.java:382)
        at org.eclipse.jetty.util.thread.QueuedThreadPool$Runner.idleJobPoll(QueuedThreadPool.java:974)
        at org.eclipse.jetty.util.thread.QueuedThreadPool$Runner.run(QueuedThreadPool.java:1018)
        at java.lang.Thread.run(Thread.java:750)
"pool-104-thread-1"  prio=5 tid=209 timed_waiting
java.lang.Thread.State: TIMED_WAITING
        at sun.misc.Unsafe.park(Native Method)
        at java.util.concurrent.locks.LockSupport.parkNanos(LockSupport.java:215)
        at java.util.concurrent.locks.AbstractQueuedSynchronizer$ConditionObject.awaitNanos(AbstractQueuedSynchronizer.java:2078)
        at java.util.concurrent.ScheduledThreadPoolExecutor$DelayedWorkQueue.take(ScheduledThreadPoolExecutor.java:1093)
        at java.util.concurrent.ScheduledThreadPoolExecutor$DelayedWorkQueue.take(ScheduledThreadPoolExecutor.java:809)
        at java.util.concurrent.ThreadPoolExecutor.getTask(ThreadPoolExecutor.java:1074)
        at java.util.concurrent.ThreadPoolExecutor.runWorker(ThreadPoolExecutor.java:1134)
        at java.util.concurrent.ThreadPoolExecutor$Worker.run(ThreadPoolExecutor.java:624)
        at java.lang.Thread.run(Thread.java:750)
"IPC Server handler 18 on default port 33479" daemon prio=5 tid=85 timed_waiting
java.lang.Thread.State: TIMED_WAITING
        at sun.misc.Unsafe.park(Native Method)
        at java.util.concurrent.locks.LockSupport.parkNanos(LockSupport.java:215)
        at java.util.concurrent.locks.AbstractQueuedSynchronizer$ConditionObject.awaitNanos(AbstractQueuedSynchronizer.java:2078)
        at java.util.concurrent.LinkedBlockingQueue.poll(LinkedBlockingQueue.java:467)
        at org.apache.hadoop.ipc.CallQueueManager.take(CallQueueManager.java:317)
        at org.apache.hadoop.ipc.Server$Handler.run(Server.java:2942)
"PartialTableCache Cleanup Thread - 0" daemon prio=5 tid=891 in Object.wait()
java.lang.Thread.State: WAITING (on object monitor)
        at sun.misc.Unsafe.park(Native Method)
        at java.util.concurrent.locks.LockSupport.park(LockSupport.java:175)
        at java.util.concurrent.locks.AbstractQueuedSynchronizer$ConditionObject.await(AbstractQueuedSynchronizer.java:2039)
        at java.util.concurrent.LinkedBlockingQueue.take(LinkedBlockingQueue.java:442)
        at java.util.concurrent.ThreadPoolExecutor.getTask(ThreadPoolExecutor.java:1074)
        at java.util.concurrent.ThreadPoolExecutor.runWorker(ThreadPoolExecutor.java:1134)
        at java.util.concurrent.ThreadPoolExecutor$Worker.run(ThreadPoolExecutor.java:624)
        at java.lang.Thread.run(Thread.java:750)
"47858208-0de4-46ca-af6a-45b9f6a00c92-server-thread3" daemon prio=5 tid=889 timed_waiting
java.lang.Thread.State: TIMED_WAITING
        at sun.misc.Unsafe.park(Native Method)
        at java.util.concurrent.locks.LockSupport.parkNanos(LockSupport.java:215)
        at java.util.concurrent.SynchronousQueue$TransferStack.awaitFulfill(SynchronousQueue.java:460)
        at java.util.concurrent.SynchronousQueue$TransferStack.transfer(SynchronousQueue.java:362)
        at java.util.concurrent.SynchronousQueue.poll(SynchronousQueue.java:941)
        at java.util.concurrent.ThreadPoolExecutor.getTask(ThreadPoolExecutor.java:1073)
        at java.util.concurrent.ThreadPoolExecutor.runWorker(ThreadPoolExecutor.java:1134)
        at java.util.concurrent.ThreadPoolExecutor$Worker.run(ThreadPoolExecutor.java:624)
        at java.lang.Thread.run(Thread.java:750)
"Session-HouseKeeper-147c4523-1"  prio=5 tid=118 timed_waiting
java.lang.Thread.State: TIMED_WAITING
        at sun.misc.Unsafe.park(Native Method)
        at java.util.concurrent.locks.LockSupport.parkNanos(LockSupport.java:215)
        at java.util.concurrent.locks.AbstractQueuedSynchronizer$ConditionObject.awaitNanos(AbstractQueuedSynchronizer.java:2078)
        at java.util.concurrent.ScheduledThreadPoolExecutor$DelayedWorkQueue.take(ScheduledThreadPoolExecutor.java:1093)
        at java.util.concurrent.ScheduledThreadPoolExecutor$DelayedWorkQueue.take(ScheduledThreadPoolExecutor.java:809)
        at java.util.concurrent.ThreadPoolExecutor.getTask(ThreadPoolExecutor.java:1074)
        at java.util.concurrent.ThreadPoolExecutor.runWorker(ThreadPoolExecutor.java:1134)
        at java.util.concurrent.ThreadPoolExecutor$Worker.run(ThreadPoolExecutor.java:624)
        at java.lang.Thread.run(Thread.java:750)
"IPC Server handler 9 on default port 36953" daemon prio=5 tid=56 timed_waiting
java.lang.Thread.State: TIMED_WAITING
        at sun.misc.Unsafe.park(Native Method)
        at java.util.concurrent.locks.LockSupport.parkNanos(LockSupport.java:215)
        at java.util.concurrent.locks.AbstractQueuedSynchronizer$ConditionObject.awaitNanos(AbstractQueuedSynchronizer.java:2078)
        at java.util.concurrent.LinkedBlockingQueue.poll(LinkedBlockingQueue.java:467)
        at org.apache.hadoop.ipc.CallQueueManager.take(CallQueueManager.java:317)
        at org.apache.hadoop.ipc.Server$Handler.run(Server.java:2942)
"EventQueue-NodeRegistrationContainerReportForDataNodeSafeModeRule" daemon prio=5 tid=512 in Object.wait()
java.lang.Thread.State: WAITING (on object monitor)
        at sun.misc.Unsafe.park(Native Method)
        at java.util.concurrent.locks.LockSupport.park(LockSupport.java:175)
        at java.util.concurrent.locks.AbstractQueuedSynchronizer$ConditionObject.await(AbstractQueuedSynchronizer.java:2039)
        at java.util.concurrent.LinkedBlockingQueue.take(LinkedBlockingQueue.java:442)
        at java.util.concurrent.ThreadPoolExecutor.getTask(ThreadPoolExecutor.java:1074)
        at java.util.concurrent.ThreadPoolExecutor.runWorker(ThreadPoolExecutor.java:1134)
        at java.util.concurrent.ThreadPoolExecutor$Worker.run(ThreadPoolExecutor.java:624)
        at java.lang.Thread.run(Thread.java:750)
"6480c095-e652-434b-9207-ee2ed1cf0924@group-A6AFB49F8724-SegmentedRaftLogWorker"  prio=5 tid=672 timed_waiting
java.lang.Thread.State: TIMED_WAITING
        at sun.misc.Unsafe.park(Native Method)
        at java.util.concurrent.locks.LockSupport.parkNanos(LockSupport.java:215)
        at java.util.concurrent.locks.AbstractQueuedSynchronizer$ConditionObject.awaitNanos(AbstractQueuedSynchronizer.java:2078)
        at org.apache.ratis.util.DataBlockingQueue.poll(DataBlockingQueue.java:148)
        at org.apache.ratis.server.raftlog.segmented.SegmentedRaftLogWorker.run(SegmentedRaftLogWorker.java:310)
        at org.apache.ratis.server.raftlog.segmented.SegmentedRaftLogWorker$$Lambda$665/5803680.run(Unknown Source)
        at java.lang.Thread.run(Thread.java:750)
"BlockDeletingService#1" daemon prio=5 tid=540 timed_waiting
java.lang.Thread.State: TIMED_WAITING
        at sun.misc.Unsafe.park(Native Method)
        at java.util.concurrent.locks.LockSupport.parkNanos(LockSupport.java:215)
        at java.util.concurrent.locks.AbstractQueuedSynchronizer$ConditionObject.awaitNanos(AbstractQueuedSynchronizer.java:2078)
        at java.util.concurrent.ScheduledThreadPoolExecutor$DelayedWorkQueue.take(ScheduledThreadPoolExecutor.java:1093)
        at java.util.concurrent.ScheduledThreadPoolExecutor$DelayedWorkQueue.take(ScheduledThreadPoolExecutor.java:809)
        at java.util.concurrent.ThreadPoolExecutor.getTask(ThreadPoolExecutor.java:1074)
        at java.util.concurrent.ThreadPoolExecutor.runWorker(ThreadPoolExecutor.java:1134)
        at java.util.concurrent.ThreadPoolExecutor$Worker.run(ThreadPoolExecutor.java:624)
        at java.lang.Thread.run(Thread.java:750)
"qtp457009334-458-acceptor-0@1e608aef-ServerConnector@78a724c3{HTTP/1.1, (http/1.1)}{0.0.0.0:43419}" daemon prio=3 tid=458 runnable
java.lang.Thread.State: RUNNABLE
        at sun.nio.ch.ServerSocketChannelImpl.accept0(Native Method)
        at sun.nio.ch.ServerSocketChannelImpl.accept(ServerSocketChannelImpl.java:421)
        at sun.nio.ch.ServerSocketChannelImpl.accept(ServerSocketChannelImpl.java:249)
        at org.eclipse.jetty.server.ServerConnector.accept(ServerConnector.java:388)
        at org.eclipse.jetty.server.AbstractConnector$Acceptor.run(AbstractConnector.java:704)
        at org.eclipse.jetty.util.thread.QueuedThreadPool.runJob(QueuedThreadPool.java:883)
        at org.eclipse.jetty.util.thread.QueuedThreadPool$Runner.run(QueuedThreadPool.java:1034)
        at java.lang.Thread.run(Thread.java:750)
"dc492f9b-31c5-46a5-b048-fde4f7a6d732-server-thread3" daemon prio=5 tid=855 timed_waiting
java.lang.Thread.State: TIMED_WAITING
        at sun.misc.Unsafe.park(Native Method)
        at java.util.concurrent.locks.LockSupport.parkNanos(LockSupport.java:215)
        at java.util.concurrent.SynchronousQueue$TransferStack.awaitFulfill(SynchronousQueue.java:460)
        at java.util.concurrent.SynchronousQueue$TransferStack.transfer(SynchronousQueue.java:362)
        at java.util.concurrent.SynchronousQueue.poll(SynchronousQueue.java:941)
        at java.util.concurrent.ThreadPoolExecutor.getTask(ThreadPoolExecutor.java:1073)
        at java.util.concurrent.ThreadPoolExecutor.runWorker(ThreadPoolExecutor.java:1134)
        at java.util.concurrent.ThreadPoolExecutor$Worker.run(ThreadPoolExecutor.java:624)
        at java.lang.Thread.run(Thread.java:750)
"Datanode State Machine Daemon Thread" daemon prio=5 tid=221 timed_waiting
java.lang.Thread.State: TIMED_WAITING
        at java.lang.Thread.sleep(Native Method)
        at org.apache.hadoop.ozone.container.common.statemachine.DatanodeStateMachine.startStateMachineThread(DatanodeStateMachine.java:321)
        at org.apache.hadoop.ozone.container.common.statemachine.DatanodeStateMachine.lambda$startDaemon$0(DatanodeStateMachine.java:506)
        at org.apache.hadoop.ozone.container.common.statemachine.DatanodeStateMachine$$Lambda$751/596905128.run(Unknown Source)
        at java.lang.Thread.run(Thread.java:750)
"IPC Server handler 9 on default port 40125" daemon prio=5 tid=163 timed_waiting
java.lang.Thread.State: TIMED_WAITING
        at sun.misc.Unsafe.park(Native Method)
        at java.util.concurrent.locks.LockSupport.parkNanos(LockSupport.java:215)
        at java.util.concurrent.locks.AbstractQueuedSynchronizer$ConditionObject.awaitNanos(AbstractQueuedSynchronizer.java:2078)
        at java.util.concurrent.LinkedBlockingQueue.poll(LinkedBlockingQueue.java:467)
        at org.apache.hadoop.ipc.CallQueueManager.take(CallQueueManager.java:317)
        at org.apache.hadoop.ipc.Server$Handler.run(Server.java:2942)


	at org.apache.ozone.test.GenericTestUtils.waitFor(GenericTestUtils.java:224)
	at org.apache.hadoop.ozone.container.TestECContainerRecovery.waitForContainerCount(TestECContainerRecovery.java:265)
	at org.apache.hadoop.ozone.container.TestECContainerRecovery.testContainerRecoveryOverReplicationProcessing(TestECContainerRecovery.java:209)
	at sun.reflect.NativeMethodAccessorImpl.invoke0(Native Method)
	at sun.reflect.NativeMethodAccessorImpl.invoke(NativeMethodAccessorImpl.java:62)
	at sun.reflect.DelegatingMethodAccessorImpl.invoke(DelegatingMethodAccessorImpl.java:43)
	at java.lang.reflect.Method.invoke(Method.java:498)
	at org.junit.platform.commons.util.ReflectionUtils.invokeMethod(ReflectionUtils.java:725)
	at org.junit.jupiter.engine.execution.MethodInvocation.proceed(MethodInvocation.java:60)
	at org.junit.jupiter.engine.execution.InvocationInterceptorChain$ValidatingInvocation.proceed(InvocationInterceptorChain.java:131)
	at org.junit.jupiter.engine.extension.TimeoutExtension.intercept(TimeoutExtension.java:149)
	at org.junit.jupiter.engine.extension.TimeoutExtension.interceptTestableMethod(TimeoutExtension.java:140)
	at org.junit.jupiter.engine.extension.TimeoutExtension.interceptTestMethod(TimeoutExtension.java:84)
	at org.junit.jupiter.engine.execution.ExecutableInvoker$ReflectiveInterceptorCall.lambda$ofVoidMethod$0(ExecutableInvoker.java:115)
	at org.junit.jupiter.engine.execution.ExecutableInvoker.lambda$invoke$0(ExecutableInvoker.java:105)
	at org.junit.jupiter.engine.execution.InvocationInterceptorChain$InterceptedInvocation.proceed(InvocationInterceptorChain.java:106)
	at org.junit.jupiter.engine.execution.InvocationInterceptorChain.proceed(InvocationInterceptorChain.java:64)
	at org.junit.jupiter.engine.execution.InvocationInterceptorChain.chainAndInvoke(InvocationInterceptorChain.java:45)
	at org.junit.jupiter.engine.execution.InvocationInterceptorChain.invoke(InvocationInterceptorChain.java:37)
	at org.junit.jupiter.engine.execution.ExecutableInvoker.invoke(ExecutableInvoker.java:104)
	at org.junit.jupiter.engine.execution.ExecutableInvoker.invoke(ExecutableInvoker.java:98)
	at org.junit.jupiter.engine.descriptor.TestMethodTestDescriptor.lambda$invokeTestMethod$7(TestMethodTestDescriptor.java:214)
	at org.junit.platform.engine.support.hierarchical.ThrowableCollector.execute(ThrowableCollector.java:73)
	at org.junit.jupiter.engine.descriptor.TestMethodTestDescriptor.invokeTestMethod(TestMethodTestDescriptor.java:210)
	at org.junit.jupiter.engine.descriptor.TestMethodTestDescriptor.execute(TestMethodTestDescriptor.java:135)
	at org.junit.jupiter.engine.descriptor.TestMethodTestDescriptor.execute(TestMethodTestDescriptor.java:66)
	at org.junit.platform.engine.support.hierarchical.NodeTestTask.lambda$executeRecursively$6(NodeTestTask.java:151)
	at org.junit.platform.engine.support.hierarchical.ThrowableCollector.execute(ThrowableCollector.java:73)
	at org.junit.platform.engine.support.hierarchical.NodeTestTask.lambda$executeRecursively$8(NodeTestTask.java:141)
	at org.junit.platform.engine.support.hierarchical.Node.around(Node.java:137)
	at org.junit.platform.engine.support.hierarchical.NodeTestTask.lambda$executeRecursively$9(NodeTestTask.java:139)
	at org.junit.platform.engine.support.hierarchical.ThrowableCollector.execute(ThrowableCollector.java:73)
	at org.junit.platform.engine.support.hierarchical.NodeTestTask.executeRecursively(NodeTestTask.java:138)
	at org.junit.platform.engine.support.hierarchical.NodeTestTask.execute(NodeTestTask.java:95)
	at java.util.ArrayList.forEach(ArrayList.java:1259)
	at org.junit.platform.engine.support.hierarchical.SameThreadHierarchicalTestExecutorService.invokeAll(SameThreadHierarchicalTestExecutorService.java:41)
	at org.junit.platform.engine.support.hierarchical.NodeTestTask.lambda$executeRecursively$6(NodeTestTask.java:155)
	at org.junit.platform.engine.support.hierarchical.ThrowableCollector.execute(ThrowableCollector.java:73)
	at org.junit.platform.engine.support.hierarchical.NodeTestTask.lambda$executeRecursively$8(NodeTestTask.java:141)
	at org.junit.platform.engine.support.hierarchical.Node.around(Node.java:137)
	at org.junit.platform.engine.support.hierarchical.NodeTestTask.lambda$executeRecursively$9(NodeTestTask.java:139)
	at org.junit.platform.engine.support.hierarchical.ThrowableCollector.execute(ThrowableCollector.java:73)
	at org.junit.platform.engine.support.hierarchical.NodeTestTask.executeRecursively(NodeTestTask.java:138)
	at org.junit.platform.engine.support.hierarchical.NodeTestTask.execute(NodeTestTask.java:95)
	at java.util.ArrayList.forEach(ArrayList.java:1259)
	at org.junit.platform.engine.support.hierarchical.SameThreadHierarchicalTestExecutorService.invokeAll(SameThreadHierarchicalTestExecutorService.java:41)
	at org.junit.platform.engine.support.hierarchical.NodeTestTask.lambda$executeRecursively$6(NodeTestTask.java:155)
	at org.junit.platform.engine.support.hierarchical.ThrowableCollector.execute(ThrowableCollector.java:73)
	at org.junit.platform.engine.support.hierarchical.NodeTestTask.lambda$executeRecursively$8(NodeTestTask.java:141)
	at org.junit.platform.engine.support.hierarchical.Node.around(Node.java:137)
	at org.junit.platform.engine.support.hierarchical.NodeTestTask.lambda$executeRecursively$9(NodeTestTask.java:139)
	at org.junit.platform.engine.support.hierarchical.ThrowableCollector.execute(ThrowableCollector.java:73)
	at org.junit.platform.engine.support.hierarchical.NodeTestTask.executeRecursively(NodeTestTask.java:138)
	at org.junit.platform.engine.support.hierarchical.NodeTestTask.execute(NodeTestTask.java:95)
	at org.junit.platform.engine.support.hierarchical.SameThreadHierarchicalTestExecutorService.submit(SameThreadHierarchicalTestExecutorService.java:35)
	at org.junit.platform.engine.support.hierarchical.HierarchicalTestExecutor.execute(HierarchicalTestExecutor.java:57)
	at org.junit.platform.engine.support.hierarchical.HierarchicalTestEngine.execute(HierarchicalTestEngine.java:54)
	at org.junit.platform.launcher.core.EngineExecutionOrchestrator.execute(EngineExecutionOrchestrator.java:107)
	at org.junit.platform.launcher.core.EngineExecutionOrchestrator.execute(EngineExecutionOrchestrator.java:88)
	at org.junit.platform.launcher.core.EngineExecutionOrchestrator.lambda$execute$0(EngineExecutionOrchestrator.java:54)
	at org.junit.platform.launcher.core.EngineExecutionOrchestrator.withInterceptedStreams(EngineExecutionOrchestrator.java:67)
	at org.junit.platform.launcher.core.EngineExecutionOrchestrator.execute(EngineExecutionOrchestrator.java:52)
	at org.junit.platform.launcher.core.DefaultLauncher.execute(DefaultLauncher.java:114)
	at org.junit.platform.launcher.core.DefaultLauncher.execute(DefaultLauncher.java:86)
	at org.junit.platform.launcher.core.DefaultLauncherSession$DelegatingLauncher.execute(DefaultLauncherSession.java:86)
	at org.junit.platform.launcher.core.SessionPerRequestLauncher.execute(SessionPerRequestLauncher.java:53)
	at org.apache.maven.surefire.junitplatform.JUnitPlatformProvider.execute(JUnitPlatformProvider.java:188)
	at org.apache.maven.surefire.junitplatform.JUnitPlatformProvider.invokeAllTests(JUnitPlatformProvider.java:154)
	at org.apache.maven.surefire.junitplatform.JUnitPlatformProvider.invoke(JUnitPlatformProvider.java:124)
	at org.apache.maven.surefire.booter.ForkedBooter.runSuitesInProcess(ForkedBooter.java:428)
	at org.apache.maven.surefire.booter.ForkedBooter.execute(ForkedBooter.java:162)
	at org.apache.maven.surefire.booter.ForkedBooter.run(ForkedBooter.java:562)
	at org.apache.maven.surefire.booter.ForkedBooter.main(ForkedBooter.java:548)
]]></error>
    <system-out><![CDATA[2022-11-04 01:07:43,561 [main] WARN  server.ServerUtils (ServerUtils.java:getScmDbDir(148)) - ozone.scm.db.dirs is not configured. We recommend adding this setting. Falling back to ozone.metadata.dirs instead.
2022-11-04 01:07:43,626 [main] WARN  server.ServerUtils (ServerUtils.java:getScmDbDir(148)) - ozone.scm.db.dirs is not configured. We recommend adding this setting. Falling back to ozone.metadata.dirs instead.
2022-11-04 01:07:43,630 [main] INFO  ha.SCMHANodeDetails (SCMHANodeDetails.java:loadSCMHAConfig(209)) - ServiceID for StorageContainerManager is null
2022-11-04 01:07:43,643 [main] WARN  ha.SCMHANodeDetails (SCMHANodeDetails.java:validateSCMHAConfig(182)) - Invalid config ozone.scm.ratis.enable. The config was not specified, but the default value true conflicts with the expected config value false. Falling back to the expected value. Current State of SCM: SCM is running in Non-HA without Ratis Ratis SCM -> Non Ratis SCM or Non HA SCM -> HA SCM is not supported
2022-11-04 01:07:43,643 [main] INFO  ha.SCMHANodeDetails (SCMHANodeDetails.java:loadSCMHAConfig(214)) - ozone.scm.default.service.id is not defined, falling back to ozone.scm.service.ids to find serviceID for StorageContainerManager if it is HA enabled cluster
2022-11-04 01:07:44,166 [main] WARN  utils.HAUtils (HAUtils.java:getMetaDir(342)) - ozone.scm.db.dirs is not configured. We recommend adding this setting. Falling back to ozone.metadata.dirs instead.
2022-11-04 01:07:44,310 [main] WARN  db.DBStoreBuilder (DBStoreBuilder.java:applyDBDefinition(144)) - ozone.scm.db.dirs is not configured. We recommend adding this setting. Falling back to ozone.metadata.dirs instead.
2022-11-04 01:07:44,551 [main] INFO  net.NodeSchemaLoader (NodeSchemaLoader.java:loadSchemaFromFile(129)) - Loading schema from [jar:file:/home/runner/.m2/repository/org/apache/ozone/hdds-common/1.3.0-SNAPSHOT/hdds-common-1.3.0-SNAPSHOT.jar!/network-topology-default.xml]
2022-11-04 01:07:44,553 [main] INFO  net.NodeSchemaLoader (NodeSchemaLoader.java:loadSchema(176)) - Loading network topology layer schema file
2022-11-04 01:07:44,591 [main] INFO  metrics.MetricRegistries (MetricRegistriesLoader.java:load(64)) - Loaded MetricRegistries class org.apache.ratis.metrics.impl.MetricRegistriesImpl
2022-11-04 01:07:44,597 [main] INFO  upgrade.AbstractLayoutVersionManager (AbstractLayoutVersionManager.java:init(83)) - Initializing Layout version manager with metadata layout = DATANODE_SCHEMA_V3 (version = 4), software layout = DATANODE_SCHEMA_V3 (version = 4)
2022-11-04 01:07:44,840 [main] INFO  reflections.Reflections (Reflections.java:scan(232)) - Reflections took 158 ms to scan 7 urls, producing 139 keys and 336 values 
2022-11-04 01:07:44,941 [main] INFO  ha.SequenceIdGenerator (SequenceIdGenerator.java:upgradeToSequenceId(349)) - upgrade localId to 109611004723200000
2022-11-04 01:07:44,941 [main] INFO  ha.SequenceIdGenerator (SequenceIdGenerator.java:upgradeToSequenceId(359)) - upgrade delTxnId to 0
2022-11-04 01:07:44,944 [main] INFO  ha.SequenceIdGenerator (SequenceIdGenerator.java:upgradeToSequenceId(376)) - upgrade containerId to 0
2022-11-04 01:07:44,946 [main] INFO  ha.SequenceIdGenerator (SequenceIdGenerator.java:<init>(220)) - Init the HA SequenceIdGenerator.
2022-11-04 01:07:44,985 [main] WARN  server.ServerUtils (ServerUtils.java:sanitizeUserArgs(67)) - ozone.scm.stale.node.interval value = 1000 is smaller than min = 3000 based on the key value of hdds.heartbeat.interval, reset to the min value 3000.
2022-11-04 01:07:44,985 [main] WARN  server.ServerUtils (ServerUtils.java:sanitizeUserArgs(67)) - ozone.scm.stale.node.interval value = 1000 is smaller than min = 3000 based on the key value of hdds.heartbeat.interval, reset to the min value 3000.
2022-11-04 01:07:44,985 [main] WARN  server.ServerUtils (ServerUtils.java:sanitizeUserArgs(67)) - ozone.scm.dead.node.interval value = 1000 is smaller than min = 6000 based on the key value of ozone.scm.stale.node.interval, reset to the min value 6000.
2022-11-04 01:07:44,991 [main] INFO  node.SCMNodeManager (SCMNodeManager.java:<init>(149)) - Entering startup safe mode.
2022-11-04 01:07:45,045 [main] INFO  algorithms.ContainerPlacementPolicyFactory (ContainerPlacementPolicyFactory.java:getPolicyInternal(86)) - Create container placement policy of type org.apache.hadoop.hdds.scm.container.placement.algorithms.SCMContainerPlacementRandom
2022-11-04 01:07:45,047 [main] INFO  algorithms.ContainerPlacementPolicyFactory (ContainerPlacementPolicyFactory.java:getPolicyInternal(86)) - Create container placement policy of type org.apache.hadoop.hdds.scm.container.placement.algorithms.SCMContainerPlacementRackScatter
2022-11-04 01:07:45,070 [main] INFO  pipeline.PipelineStateManagerImpl (PipelineStateManagerImpl.java:initialize(78)) - No pipeline exists in current db
2022-11-04 01:07:45,102 [main] INFO  algorithms.LeaderChoosePolicyFactory (LeaderChoosePolicyFactory.java:getPolicy(57)) - Create leader choose policy of type org.apache.hadoop.hdds.scm.pipeline.leader.choose.algorithms.MinLeaderCountChoosePolicy
2022-11-04 01:07:45,102 [main] INFO  algorithms.ContainerPlacementPolicyFactory (ContainerPlacementPolicyFactory.java:getPolicyInternal(86)) - Create container placement policy of type org.apache.hadoop.hdds.scm.container.placement.algorithms.SCMContainerPlacementRackScatter
2022-11-04 01:07:45,108 [main] INFO  ha.SCMServiceManager (SCMServiceManager.java:register(42)) - Registering service BackgroundPipelineCreator.
2022-11-04 01:07:45,108 [main] INFO  pipeline.BackgroundPipelineCreator (BackgroundPipelineCreator.java:start(124)) - Starting RatisPipelineUtilsThread.
2022-11-04 01:07:45,112 [main] INFO  BackgroundPipelineScrubber (BackgroundSCMService.java:start(68)) - Starting BackgroundPipelineScrubber Service.
2022-11-04 01:07:45,113 [main] INFO  ha.SCMServiceManager (SCMServiceManager.java:register(42)) - Registering service BackgroundPipelineScrubber.
2022-11-04 01:07:45,118 [main] INFO  ExpiredContainerReplicaOpScrubber (BackgroundSCMService.java:start(68)) - Starting ExpiredContainerReplicaOpScrubber Service.
2022-11-04 01:07:45,119 [main] INFO  ha.SCMServiceManager (SCMServiceManager.java:register(42)) - Registering service ExpiredContainerReplicaOpScrubber.
2022-11-04 01:07:45,154 [main] INFO  algorithms.PipelineChoosePolicyFactory (PipelineChoosePolicyFactory.java:createPipelineChoosePolicyFromClass(73)) - Create pipeline choose policy of type org.apache.hadoop.hdds.scm.pipeline.choose.algorithms.RandomPipelineChoosePolicy
2022-11-04 01:07:45,169 [main] INFO  ha.SCMServiceManager (SCMServiceManager.java:register(42)) - Registering service SCMBlockDeletingService.
2022-11-04 01:07:45,222 [main] INFO  replication.ReplicationManager (ReplicationManager.java:start(239)) - Starting Replication Monitor Thread.
2022-11-04 01:07:45,229 [main] INFO  ha.SCMServiceManager (SCMServiceManager.java:register(42)) - Registering service ReplicationManager.
2022-11-04 01:07:45,230 [ReplicationMonitor] INFO  replication.ReplicationManager (ReplicationManager.java:processAll(307)) - Replication Manager is not ready to run until 3000ms after safemode exit
2022-11-04 01:07:45,239 [main] INFO  safemode.ContainerSafeModeRule (ContainerSafeModeRule.java:<init>(89)) - containers with one replica threshold count 0
2022-11-04 01:07:45,242 [main] INFO  safemode.HealthyPipelineSafeModeRule (HealthyPipelineSafeModeRule.java:initializeRule(169)) - Total pipeline count is 0, healthy pipeline threshold count is 1
2022-11-04 01:07:45,249 [main] INFO  safemode.OneReplicaPipelineSafeModeRule (OneReplicaPipelineSafeModeRule.java:initializeRule(180)) - Total pipeline count is 0, pipeline's with at least one datanode reported threshold count is 0
2022-11-04 01:07:45,525 [main] INFO  audit.AuditLogger (AuditLogger.java:refreshDebugCmdSet(126)) - Refresh DebugCmdSet for SCMAudit to [].
2022-11-04 01:07:45,550 [main] INFO  ipc.CallQueueManager (CallQueueManager.java:<init>(90)) - Using callQueue: class java.util.concurrent.LinkedBlockingQueue, queueCapacity: 2000, scheduler: class org.apache.hadoop.ipc.DefaultRpcScheduler, ipcBackoff: false.
2022-11-04 01:07:45,580 [Socket Reader #1 for port 0] INFO  ipc.Server (Server.java:run(1273)) - Starting Socket Reader #1 for port 0
2022-11-04 01:07:45,628 [Listener at 0.0.0.0/45711] INFO  audit.AuditLogger (AuditLogger.java:refreshDebugCmdSet(126)) - Refresh DebugCmdSet for SCMAudit to [].
2022-11-04 01:07:45,633 [Listener at 0.0.0.0/45711] INFO  ipc.CallQueueManager (CallQueueManager.java:<init>(90)) - Using callQueue: class java.util.concurrent.LinkedBlockingQueue, queueCapacity: 2000, scheduler: class org.apache.hadoop.ipc.DefaultRpcScheduler, ipcBackoff: false.
2022-11-04 01:07:45,634 [Socket Reader #1 for port 0] INFO  ipc.Server (Server.java:run(1273)) - Starting Socket Reader #1 for port 0
2022-11-04 01:07:45,662 [Listener at 0.0.0.0/33479] INFO  audit.AuditLogger (AuditLogger.java:refreshDebugCmdSet(126)) - Refresh DebugCmdSet for SCMAudit to [].
2022-11-04 01:07:45,671 [Listener at 0.0.0.0/33479] INFO  ipc.CallQueueManager (CallQueueManager.java:<init>(90)) - Using callQueue: class java.util.concurrent.LinkedBlockingQueue, queueCapacity: 2000, scheduler: class org.apache.hadoop.ipc.DefaultRpcScheduler, ipcBackoff: false.
2022-11-04 01:07:45,672 [Socket Reader #1 for port 0] INFO  ipc.Server (Server.java:run(1273)) - Starting Socket Reader #1 for port 0
2022-11-04 01:07:45,704 [Listener at 0.0.0.0/36953] INFO  ha.SCMServiceManager (SCMServiceManager.java:register(42)) - Registering service ContainerBalancer.
2022-11-04 01:07:45,706 [Listener at 0.0.0.0/36953] INFO  server.StorageContainerManager (StorageContainerManager.java:<init>(415)) - 
Container Balancer status:
Key                            Value
Running                        true
Container Balancer Configuration values:
Key                                                Value
Threshold                                          10
Max Datanodes to Involve per Iteration(percent)    20
Max Size to Move per Iteration                     500GB
Max Size Entering Target per Iteration             26GB
Max Size Leaving Source per Iteration              26GB

2022-11-04 01:07:45,706 [Listener at 0.0.0.0/36953] WARN  events.EventQueue (EventQueue.java:fireEvent(216)) - No event handler registered for event TypedEvent{payloadType=SafeModeStatus, name='Safe mode status'}
2022-11-04 01:07:45,707 [Listener at 0.0.0.0/36953] INFO  ha.SCMContext (SCMContext.java:updateSafeModeStatus(228)) - Update SafeModeStatus from SafeModeStatus{safeModeStatus=true, preCheckPassed=false} to SafeModeStatus{safeModeStatus=true, preCheckPassed=false}.
2022-11-04 01:07:45,713 [Listener at 0.0.0.0/36953] INFO  server.StorageContainerManager (StorageContainerManager.java:start(1449)) - StorageContainerLocationProtocol RPC server is listening at /0.0.0.0:36953
2022-11-04 01:07:45,784 [Listener at 0.0.0.0/36953] WARN  impl.MetricsConfig (MetricsConfig.java:loadFirst(136)) - Cannot locate configuration: tried hadoop-metrics2-storagecontainermanager.properties,hadoop-metrics2.properties
2022-11-04 01:07:45,800 [Listener at 0.0.0.0/36953] INFO  impl.MetricsSystemImpl (MetricsSystemImpl.java:startTimer(378)) - Scheduled Metric snapshot period at 10 second(s).
2022-11-04 01:07:45,801 [Listener at 0.0.0.0/36953] INFO  impl.MetricsSystemImpl (MetricsSystemImpl.java:start(191)) - StorageContainerManager metrics system started
2022-11-04 01:07:46,064 [Listener at 0.0.0.0/36953] INFO  server.SCMClientProtocolServer (SCMClientProtocolServer.java:start(170)) - RPC server for Client  is listening at /0.0.0.0:36953
2022-11-04 01:07:46,066 [IPC Server Responder] INFO  ipc.Server (Server.java:run(1512)) - IPC Server Responder: starting
2022-11-04 01:07:46,067 [IPC Server listener on 0] INFO  ipc.Server (Server.java:run(1352)) - IPC Server listener on 0: starting
2022-11-04 01:07:46,069 [Listener at 0.0.0.0/36953] INFO  server.StorageContainerManager (StorageContainerManager.java:start(1464)) - ScmBlockLocationProtocol RPC server is listening at /0.0.0.0:33479
2022-11-04 01:07:46,070 [Listener at 0.0.0.0/36953] INFO  server.SCMBlockProtocolServer (SCMBlockProtocolServer.java:start(152)) - RPC server for Block Protocol is listening at /0.0.0.0:33479
2022-11-04 01:07:46,071 [IPC Server Responder] INFO  ipc.Server (Server.java:run(1512)) - IPC Server Responder: starting
2022-11-04 01:07:46,071 [IPC Server listener on 0] INFO  ipc.Server (Server.java:run(1352)) - IPC Server listener on 0: starting
2022-11-04 01:07:46,076 [Listener at 0.0.0.0/36953] INFO  server.SCMDatanodeProtocolServer (SCMDatanodeProtocolServer.java:start(186)) - ScmDatanodeProtocol RPC server for DataNodes is listening at /0.0.0.0:45711
2022-11-04 01:07:46,077 [IPC Server Responder] INFO  ipc.Server (Server.java:run(1512)) - IPC Server Responder: starting
2022-11-04 01:07:46,077 [IPC Server listener on 0] INFO  ipc.Server (Server.java:run(1352)) - IPC Server listener on 0: starting
2022-11-04 01:07:46,089 [org.apache.hadoop.util.JvmPauseMonitor$Monitor@58fbfefb] INFO  util.JvmPauseMonitor (JvmPauseMonitor.java:run(188)) - Starting JVM pause monitor
2022-11-04 01:07:46,101 [Listener at 0.0.0.0/36953] INFO  http.BaseHttpServer (BaseHttpServer.java:newHttpServer2BuilderForOzone(213)) - Starting Web-server for scm at: http://0.0.0.0:0
2022-11-04 01:07:46,101 [Listener at 0.0.0.0/36953] INFO  http.BaseHttpServer (BaseHttpServer.java:<init>(108)) - Hadoop Security Enabled: false Ozone Security Enabled: false Ozone HTTP Security Enabled: false 
2022-11-04 01:07:46,124 [Listener at 0.0.0.0/36953] INFO  util.log (Log.java:initialized(170)) - Logging initialized @3909ms to org.eclipse.jetty.util.log.Slf4jLog
2022-11-04 01:07:46,218 [Listener at 0.0.0.0/36953] WARN  server.AuthenticationFilter (AuthenticationFilter.java:constructSecretProvider(240)) - Unable to initialize FileSignerSecretProvider, falling back to use random secrets. Reason: Could not read signature secret file: /home/runner/hadoop-http-auth-signature-secret
2022-11-04 01:07:46,225 [Listener at 0.0.0.0/36953] WARN  http.HttpRequestLog (HttpRequestLog.java:getRequestLog(103)) - Jetty request log can only be enabled using Log4j
2022-11-04 01:07:46,232 [Listener at 0.0.0.0/36953] INFO  http.HttpServer2 (HttpServer2.java:addGlobalFilter(1031)) - Added global filter 'safety' (class=org.apache.hadoop.hdds.server.http.HttpServer2$QuotingInputFilter)
2022-11-04 01:07:46,234 [Listener at 0.0.0.0/36953] INFO  http.HttpServer2 (HttpServer2.java:addFilter(1007)) - Added filter static_user_filter (class=org.apache.hadoop.http.lib.StaticUserWebFilter$StaticUserFilter) to context scm
2022-11-04 01:07:46,235 [Listener at 0.0.0.0/36953] INFO  http.HttpServer2 (HttpServer2.java:addFilter(1015)) - Added filter static_user_filter (class=org.apache.hadoop.http.lib.StaticUserWebFilter$StaticUserFilter) to context logs
2022-11-04 01:07:46,235 [Listener at 0.0.0.0/36953] INFO  http.HttpServer2 (HttpServer2.java:addFilter(1015)) - Added filter static_user_filter (class=org.apache.hadoop.http.lib.StaticUserWebFilter$StaticUserFilter) to context static
2022-11-04 01:07:46,272 [Listener at 0.0.0.0/36953] INFO  http.HttpServer2 (HttpServer2.java:bindListener(1250)) - Jetty bound to port 36525
2022-11-04 01:07:46,273 [Listener at 0.0.0.0/36953] INFO  server.Server (Server.java:doStart(375)) - jetty-9.4.49.v20220914; built: 2022-09-14T01:07:36.601Z; git: 4231a3b2e4cb8548a412a789936d640a97b1aa0a; jvm 1.8.0_345-b01
2022-11-04 01:07:46,300 [Listener at 0.0.0.0/36953] INFO  server.session (DefaultSessionIdManager.java:doStart(334)) - DefaultSessionIdManager workerName=node0
2022-11-04 01:07:46,301 [Listener at 0.0.0.0/36953] INFO  server.session (DefaultSessionIdManager.java:doStart(339)) - No SessionScavenger set, using defaults
2022-11-04 01:07:46,302 [Listener at 0.0.0.0/36953] INFO  server.session (HouseKeeper.java:startScavenging(132)) - node0 Scavenging every 600000ms
2022-11-04 01:07:46,315 [Listener at 0.0.0.0/36953] INFO  handler.ContextHandler (ContextHandler.java:doStart(921)) - Started o.e.j.s.ServletContextHandler@7ba623d1{logs,/logs,file:///home/runner/work/ozone/ozone/hadoop-ozone/integration-test/target/log,AVAILABLE}
2022-11-04 01:07:46,316 [Listener at 0.0.0.0/36953] INFO  handler.ContextHandler (ContextHandler.java:doStart(921)) - Started o.e.j.s.ServletContextHandler@118879d2{static,/static,file:///home/runner/work/ozone/ozone/hadoop-ozone/integration-test/target/test-classes/webapps/static,AVAILABLE}
2022-11-04 01:07:46,358 [Listener at 0.0.0.0/36953] INFO  handler.ContextHandler (ContextHandler.java:doStart(921)) - Started o.e.j.w.WebAppContext@41c83af0{scm,/,file:///home/runner/work/ozone/ozone/hadoop-ozone/integration-test/target/test-classes/webapps/scm/,AVAILABLE}{file:/home/runner/work/ozone/ozone/hadoop-ozone/integration-test/target/test-classes/webapps/scm}
2022-11-04 01:07:46,366 [Listener at 0.0.0.0/36953] INFO  server.AbstractConnector (AbstractConnector.java:doStart(333)) - Started ServerConnector@118f2486{HTTP/1.1, (http/1.1)}{0.0.0.0:36525}
2022-11-04 01:07:46,366 [Listener at 0.0.0.0/36953] INFO  server.Server (Server.java:doStart(415)) - Started @4151ms
2022-11-04 01:07:46,369 [Listener at 0.0.0.0/36953] INFO  impl.MetricsSinkAdapter (MetricsSinkAdapter.java:start(204)) - Sink prometheus started
2022-11-04 01:07:46,369 [Listener at 0.0.0.0/36953] INFO  impl.MetricsSystemImpl (MetricsSystemImpl.java:registerSink(305)) - Registered sink prometheus
2022-11-04 01:07:46,370 [Listener at 0.0.0.0/36953] INFO  http.BaseHttpServer (BaseHttpServer.java:updateConnectorAddress(333)) - HTTP server of scm listening at http://0.0.0.0:36525
2022-11-04 01:07:46,372 [Listener at 0.0.0.0/36953] WARN  server.ServerUtils (ServerUtils.java:getDBPath(225)) - ozone.om.db.dirs is not configured. We recommend adding this setting. Falling back to ozone.metadata.dirs instead.
2022-11-04 01:07:46,438 [Listener at 0.0.0.0/36953] INFO  audit.AuditLogger (AuditLogger.java:refreshDebugCmdSet(126)) - Refresh DebugCmdSet for OMAudit to [].
2022-11-04 01:07:46,507 [Listener at 0.0.0.0/36953] INFO  ha.OMHANodeDetails (OMHANodeDetails.java:loadOMHAConfig(115)) - ozone.om.internal.service.id is not defined, falling back to ozone.om.service.ids to find serviceID for OzoneManager if it is HA enabled cluster
2022-11-04 01:07:46,510 [Listener at 0.0.0.0/36953] INFO  ha.OMHANodeDetails (OMHANodeDetails.java:loadOMHAConfig(226)) - Configuration does not have ozone.om.address set. Falling back to the default OM address /127.0.0.1:0
2022-11-04 01:07:46,510 [Listener at 0.0.0.0/36953] INFO  ha.OMHANodeDetails (OMHANodeDetails.java:getOMNodeDetailsForNonHA(254)) - OM Service ID is not set. Setting it to the default ID: omServiceIdDefault
2022-11-04 01:07:46,511 [Listener at 0.0.0.0/36953] INFO  ha.OMHANodeDetails (OMHANodeDetails.java:getOMNodeDetailsForNonHA(261)) - OM Node ID is not set. Setting it to the default ID: om1
2022-11-04 01:07:46,514 [Listener at 0.0.0.0/36953] WARN  server.ServerUtils (ServerUtils.java:getDBPath(225)) - ozone.om.db.dirs is not configured. We recommend adding this setting. Falling back to ozone.metadata.dirs instead.
2022-11-04 01:07:46,516 [Listener at 0.0.0.0/36953] INFO  upgrade.AbstractLayoutVersionManager (AbstractLayoutVersionManager.java:init(83)) - Initializing Layout version manager with metadata layout = MULTITENANCY_SCHEMA (version = 3), software layout = MULTITENANCY_SCHEMA (version = 3)
2022-11-04 01:07:46,621 [Listener at 0.0.0.0/36953] INFO  reflections.Reflections (Reflections.java:scan(232)) - Reflections took 101 ms to scan 2 urls, producing 154 keys and 428 values [using 2 cores]
2022-11-04 01:07:46,626 [Listener at 0.0.0.0/36953] INFO  upgrade.OMLayoutVersionManager (OMLayoutVersionManager.java:lambda$0(115)) - Skipping Upgrade Action MockOmUpgradeAction since it has been finalized.
2022-11-04 01:07:46,627 [Listener at 0.0.0.0/36953] WARN  server.ServerUtils (ServerUtils.java:getDBPath(225)) - ozone.om.db.dirs is not configured. We recommend adding this setting. Falling back to ozone.metadata.dirs instead.
2022-11-04 01:07:46,788 [Listener at 0.0.0.0/36953] INFO  proxy.SCMBlockLocationFailoverProxyProvider (SCMBlockLocationFailoverProxyProvider.java:<init>(114)) - Created block location fail-over proxy with 1 nodes: [nodeId=scmNodeId,nodeAddress=/0.0.0.0:33479]
2022-11-04 01:07:46,823 [Listener at 0.0.0.0/36953] INFO  proxy.SCMBlockLocationFailoverProxyProvider (SCMBlockLocationFailoverProxyProvider.java:<init>(114)) - Created block location fail-over proxy with 1 nodes: [nodeId=scmNodeId,nodeAddress=/0.0.0.0:33479]
2022-11-04 01:07:47,010 [Listener at 0.0.0.0/36953] WARN  server.ServerUtils (ServerUtils.java:getDBPath(225)) - ozone.om.db.dirs is not configured. We recommend adding this setting. Falling back to ozone.metadata.dirs instead.
2022-11-04 01:07:47,016 [Listener at 0.0.0.0/36953] INFO  codec.OmKeyInfoCodec (OmKeyInfoCodec.java:<init>(49)) - OmKeyInfoCodec ignorePipeline = true
2022-11-04 01:07:47,018 [Listener at 0.0.0.0/36953] INFO  codec.RepeatedOmKeyInfoCodec (RepeatedOmKeyInfoCodec.java:<init>(41)) - RepeatedOmKeyInfoCodec ignorePipeline = true
2022-11-04 01:07:47,180 [Listener at 0.0.0.0/36953] INFO  om.OzoneManager (OzoneManager.java:instantiateServices(715)) - S3 Multi-Tenancy is disabled
2022-11-04 01:07:47,252 [Listener at 0.0.0.0/36953] INFO  om.OzoneManager (OzoneManager.java:addS3GVolumeToDB(4395)) - Created Volume s3v With Owner runner required for S3Gateway operations.
2022-11-04 01:07:47,320 [Listener at 0.0.0.0/36953] WARN  server.ServerUtils (ServerUtils.java:getDefaultRatisDirectory(237)) - Storage directory for Ratis is not configured. It is a good idea to map this to an SSD disk. Falling back to ozone.metadata.dirs
2022-11-04 01:07:47,320 [Listener at 0.0.0.0/36953] WARN  utils.OzoneManagerRatisUtils (OzoneManagerRatisUtils.java:getOMRatisSnapshotDirectory(434)) - ozone.om.ratis.snapshot.dir is not configured. Falling back to ozone.metadata.dirs config
2022-11-04 01:07:47,341 [Listener at 0.0.0.0/36953] WARN  server.ServerUtils (ServerUtils.java:getDefaultRatisDirectory(237)) - Storage directory for Ratis is not configured. It is a good idea to map this to an SSD disk. Falling back to ozone.metadata.dirs
2022-11-04 01:07:47,373 [Listener at 0.0.0.0/36953] INFO  ratis.OzoneManagerRatisServer (OzoneManagerRatisServer.java:<init>(160)) - Instantiating OM Ratis server with groupID: omServiceIdDefault and peers: localhost:9872
2022-11-04 01:07:47,381 [Listener at 0.0.0.0/36953] INFO  ratis.OzoneManagerStateMachine (OzoneManagerStateMachine.java:loadSnapshotInfoFromDB(636)) - LastAppliedIndex is set from TransactionInfo from OM DB as (t:0, i:~)
2022-11-04 01:07:47,444 [Listener at 0.0.0.0/36953] INFO  server.RaftServer (ConfUtils.java:logGet(46)) - raft.rpc.type = GRPC (default)
2022-11-04 01:07:47,526 [Listener at 0.0.0.0/36953] INFO  grpc.GrpcConfigKeys (ConfUtils.java:logFallback(53)) - raft.grpc.admin.host = null (fallback to raft.grpc.server.host)
2022-11-04 01:07:47,527 [Listener at 0.0.0.0/36953] INFO  grpc.GrpcConfigKeys (ConfUtils.java:logFallback(53)) - raft.grpc.admin.port = 9872 (fallback to raft.grpc.server.port)
2022-11-04 01:07:47,528 [Listener at 0.0.0.0/36953] INFO  grpc.GrpcConfigKeys (ConfUtils.java:logFallback(53)) - raft.grpc.client.host = null (fallback to raft.grpc.server.host)
2022-11-04 01:07:47,528 [Listener at 0.0.0.0/36953] INFO  grpc.GrpcConfigKeys (ConfUtils.java:logFallback(53)) - raft.grpc.client.port = 9872 (fallback to raft.grpc.server.port)
2022-11-04 01:07:47,529 [Listener at 0.0.0.0/36953] INFO  grpc.GrpcConfigKeys (ConfUtils.java:logGet(46)) - raft.grpc.server.host = null (default)
2022-11-04 01:07:47,529 [Listener at 0.0.0.0/36953] INFO  grpc.GrpcConfigKeys (ConfUtils.java:logGet(46)) - raft.grpc.server.port = 9872 (custom)
2022-11-04 01:07:47,529 [Listener at 0.0.0.0/36953] INFO  server.GrpcService (ConfUtils.java:logGet(46)) - raft.grpc.message.size.max = 33554432 (custom)
2022-11-04 01:07:47,530 [Listener at 0.0.0.0/36953] INFO  server.RaftServerConfigKeys (ConfUtils.java:logGet(46)) - raft.server.log.appender.buffer.byte-limit = 33554432 (custom)
2022-11-04 01:07:47,531 [Listener at 0.0.0.0/36953] INFO  server.GrpcService (ConfUtils.java:logGet(46)) - raft.grpc.flow.control.window = 1MB (=1048576) (default)
2022-11-04 01:07:47,531 [Listener at 0.0.0.0/36953] INFO  server.RaftServerConfigKeys (ConfUtils.java:logGet(46)) - raft.server.rpc.request.timeout = 3000ms (default)
2022-11-04 01:07:47,545 [Listener at 0.0.0.0/36953] INFO  grpc.GrpcConfigKeys (ConfUtils.java:logGet(46)) - raft.grpc.server.heartbeat.channel = true (default)
2022-11-04 01:07:47,548 [Listener at 0.0.0.0/36953] INFO  grpc.GrpcConfigKeys (ConfUtils.java:logGet(46)) - raft.grpc.server.async.request.thread.pool.cached = true (default)
2022-11-04 01:07:47,548 [Listener at 0.0.0.0/36953] INFO  grpc.GrpcConfigKeys (ConfUtils.java:logGet(46)) - raft.grpc.server.async.request.thread.pool.size = 32 (default)
2022-11-04 01:07:47,820 [Listener at 0.0.0.0/36953] INFO  impl.DataStreamServerImpl (ConfUtils.java:logGet(46)) - raft.datastream.type = DISABLED (default)
2022-11-04 01:07:47,827 [Listener at 0.0.0.0/36953] INFO  server.RaftServerConfigKeys (ConfUtils.java:logGet(46)) - raft.server.threadpool.proxy.cached = true (default)
2022-11-04 01:07:47,828 [Listener at 0.0.0.0/36953] INFO  server.RaftServerConfigKeys (ConfUtils.java:logGet(46)) - raft.server.threadpool.proxy.size = 0 (default)
2022-11-04 01:07:47,830 [Listener at 0.0.0.0/36953] INFO  server.RaftServerConfigKeys (ConfUtils.java:logGet(46)) - raft.server.rpc.slowness.timeout = 120s (custom)
2022-11-04 01:07:47,830 [Listener at 0.0.0.0/36953] INFO  server.RaftServerConfigKeys (ConfUtils.java:logGet(46)) - raft.server.leaderelection.leader.step-down.wait-time = 10s (default)
2022-11-04 01:07:47,833 [Listener at 0.0.0.0/36953] INFO  server.RaftServerConfigKeys (ConfUtils.java:logGet(46)) - raft.server.storage.dir = [/home/runner/work/ozone/ozone/hadoop-ozone/integration-test/target/test-dir/MiniOzoneClusterImpl-e654cb93-8a46-4732-947e-f27e0a8f69eb/ozone-meta/ratis] (custom)
2022-11-04 01:07:47,840 [Listener at 0.0.0.0/36953] INFO  server.RaftServer (RaftServerProxy.java:addNew(96)) - om1: addNew group-C5BA1605619E:[om1|rpc:localhost:9872|priority:0|startupRole:FOLLOWER] returns group-C5BA1605619E:java.util.concurrent.CompletableFuture@450897d[Not completed]
2022-11-04 01:07:47,840 [Listener at 0.0.0.0/36953] INFO  om.OzoneManager (OzoneManager.java:initializeRatisServer(1978)) - OzoneManager Ratis server initialized at port 9872
2022-11-04 01:07:47,863 [Listener at 0.0.0.0/36953] INFO  om.OzoneManager (OzoneManager.java:getRpcServer(1104)) - Creating RPC Server
2022-11-04 01:07:47,879 [pool-55-thread-1] INFO  server.RaftServer$Division (RaftServerImpl.java:<init>(195)) - om1: new RaftServerImpl for group-C5BA1605619E:[om1|rpc:localhost:9872|priority:0|startupRole:FOLLOWER] with OzoneManagerStateMachine:uninitialized
2022-11-04 01:07:47,883 [pool-55-thread-1] INFO  server.RaftServerConfigKeys (ConfUtils.java:logGet(46)) - raft.server.rpc.timeout.min = 1s (custom)
2022-11-04 01:07:47,884 [pool-55-thread-1] INFO  server.RaftServerConfigKeys (ConfUtils.java:logGet(46)) - raft.server.rpc.timeout.max = 1200ms (custom)
2022-11-04 01:07:47,884 [pool-55-thread-1] INFO  server.RaftServerConfigKeys (ConfUtils.java:logGet(46)) - raft.server.rpc.sleep.time = 25ms (default)
2022-11-04 01:07:47,884 [pool-55-thread-1] INFO  server.RaftServerConfigKeys (ConfUtils.java:logGet(46)) - raft.server.rpc.slowness.timeout = 120s (custom)
2022-11-04 01:07:47,884 [pool-55-thread-1] INFO  server.RaftServerConfigKeys (ConfUtils.java:logGet(46)) - raft.server.leaderelection.leader.step-down.wait-time = 10s (default)
2022-11-04 01:07:47,884 [pool-55-thread-1] INFO  server.RaftServerConfigKeys (ConfUtils.java:logGet(46)) - raft.server.sleep.deviation.threshold = 300ms (default)
2022-11-04 01:07:47,898 [pool-55-thread-1] INFO  server.RaftServer$Division (ServerState.java:<init>(118)) - om1@group-C5BA1605619E: ConfigurationManager, init=-1: peers:[om1|rpc:localhost:9872|priority:0|startupRole:FOLLOWER]|listeners:[], old=null, confs=<EMPTY_MAP>
2022-11-04 01:07:47,900 [pool-55-thread-1] INFO  server.RaftServerConfigKeys (ConfUtils.java:logGet(46)) - raft.server.storage.dir = [/home/runner/work/ozone/ozone/hadoop-ozone/integration-test/target/test-dir/MiniOzoneClusterImpl-e654cb93-8a46-4732-947e-f27e0a8f69eb/ozone-meta/ratis] (custom)
2022-11-04 01:07:47,910 [pool-55-thread-1] INFO  server.RaftServerConfigKeys (ConfUtils.java:logGet(46)) - raft.server.log.corruption.policy = EXCEPTION (default)
2022-11-04 01:07:47,910 [pool-55-thread-1] INFO  server.RaftServerConfigKeys (ConfUtils.java:logGet(46)) - raft.server.storage.free-space.min = 0MB (=0) (default)
2022-11-04 01:07:47,923 [pool-55-thread-1] INFO  server.RaftServerConfigKeys (ConfUtils.java:logGet(46)) - raft.server.notification.no-leader.timeout = 120s (custom)
2022-11-04 01:07:47,925 [pool-55-thread-1] INFO  server.RaftServerConfigKeys (ConfUtils.java:logGet(46)) - raft.server.retrycache.expirytime = 300s (custom)
2022-11-04 01:07:47,925 [pool-55-thread-1] INFO  server.RaftServerConfigKeys (ConfUtils.java:logGet(46)) - raft.server.retrycache.statistics.expirytime = 100μs (default)
2022-11-04 01:07:48,078 [pool-55-thread-1] INFO  server.RaftServerConfigKeys (ConfUtils.java:logGet(46)) - raft.server.log.appender.install.snapshot.enabled = false (custom)
2022-11-04 01:07:48,089 [pool-55-thread-1] INFO  server.RaftServerConfigKeys (ConfUtils.java:logGet(46)) - raft.server.threadpool.server.cached = true (default)
2022-11-04 01:07:48,089 [pool-55-thread-1] INFO  server.RaftServerConfigKeys (ConfUtils.java:logGet(46)) - raft.server.threadpool.server.size = 0 (default)
2022-11-04 01:07:48,090 [pool-55-thread-1] INFO  server.RaftServerConfigKeys (ConfUtils.java:logGet(46)) - raft.server.threadpool.client.cached = true (default)
2022-11-04 01:07:48,090 [pool-55-thread-1] INFO  server.RaftServerConfigKeys (ConfUtils.java:logGet(46)) - raft.server.threadpool.client.size = 0 (default)
2022-11-04 01:07:48,616 [Listener at 0.0.0.0/36953] INFO  reflections.Reflections (Reflections.java:scan(232)) - Reflections took 699 ms to scan 19 urls, producing 67 keys and 4310 values [using 2 cores]
2022-11-04 01:07:48,758 [Listener at 0.0.0.0/36953] INFO  ipc.CallQueueManager (CallQueueManager.java:<init>(90)) - Using callQueue: class java.util.concurrent.LinkedBlockingQueue, queueCapacity: 2000, scheduler: class org.apache.hadoop.ipc.DefaultRpcScheduler, ipcBackoff: false.
2022-11-04 01:07:48,759 [Socket Reader #1 for port 0] INFO  ipc.Server (Server.java:run(1273)) - Starting Socket Reader #1 for port 0
2022-11-04 01:07:48,788 [Listener at 127.0.0.1/40125] INFO  impl.MetricsSystemImpl (MetricsSystemImpl.java:init(158)) - OzoneManager metrics system started (again)
2022-11-04 01:07:48,800 [Listener at 127.0.0.1/40125] INFO  om.OzoneManager (OzoneManager.java:start(1485)) - OzoneManager RPC server is listening at localhost/127.0.0.1:40125
2022-11-04 01:07:48,801 [Listener at 127.0.0.1/40125] INFO  ratis.OzoneManagerRatisServer (OzoneManagerRatisServer.java:start(555)) - Starting OzoneManagerRatisServer om1 at port 9872
2022-11-04 01:07:48,804 [om1-impl-thread1] INFO  storage.RaftStorageDirectory (RaftStorageDirectoryImpl.java:analyzeStorage(137)) - The storage directory /home/runner/work/ozone/ozone/hadoop-ozone/integration-test/target/test-dir/MiniOzoneClusterImpl-e654cb93-8a46-4732-947e-f27e0a8f69eb/ozone-meta/ratis/bf265839-605b-3f16-9796-c5ba1605619e does not exist. Creating ...
2022-11-04 01:07:48,807 [om1-impl-thread1] INFO  storage.RaftStorageDirectory (RaftStorageDirectoryImpl.java:tryLock(231)) - Lock on /home/runner/work/ozone/ozone/hadoop-ozone/integration-test/target/test-dir/MiniOzoneClusterImpl-e654cb93-8a46-4732-947e-f27e0a8f69eb/ozone-meta/ratis/bf265839-605b-3f16-9796-c5ba1605619e/in_use.lock acquired by nodename 14694@fv-az39-323
2022-11-04 01:07:48,813 [om1-impl-thread1] INFO  storage.RaftStorage (RaftStorageImpl.java:format(96)) - Storage directory /home/runner/work/ozone/ozone/hadoop-ozone/integration-test/target/test-dir/MiniOzoneClusterImpl-e654cb93-8a46-4732-947e-f27e0a8f69eb/ozone-meta/ratis/bf265839-605b-3f16-9796-c5ba1605619e has been successfully formatted.
2022-11-04 01:07:48,815 [om1-impl-thread1] INFO  server.RaftServerConfigKeys (ConfUtils.java:logGet(46)) - raft.server.log.use.memory = false (default)
2022-11-04 01:07:48,822 [om1-impl-thread1] INFO  server.RaftServerConfigKeys (ConfUtils.java:logGet(46)) - raft.server.log.purge.gap = 1000000 (custom)
2022-11-04 01:07:48,823 [om1-impl-thread1] INFO  server.RaftServerConfigKeys (ConfUtils.java:logGet(46)) - raft.server.log.appender.buffer.byte-limit = 33554432 (custom)
2022-11-04 01:07:48,824 [om1-impl-thread1] INFO  server.RaftServerConfigKeys (ConfUtils.java:logGet(46)) - raft.server.log.statemachine.data.read.timeout = 1000ms (default)
2022-11-04 01:07:48,825 [om1-impl-thread1] INFO  server.RaftServerConfigKeys (ConfUtils.java:logGet(46)) - raft.server.log.purge.preservation.log.num = 0 (default)
2022-11-04 01:07:48,827 [om1-impl-thread1] INFO  server.RaftServerConfigKeys (ConfUtils.java:logGet(46)) - raft.server.log.segment.size.max = 4194304 (custom)
2022-11-04 01:07:48,833 [om1-impl-thread1] INFO  server.RaftServerConfigKeys (ConfUtils.java:logGet(46)) - raft.server.log.segment.cache.num.max = 2 (custom)
2022-11-04 01:07:48,833 [om1-impl-thread1] INFO  server.RaftServerConfigKeys (ConfUtils.java:logGet(46)) - raft.server.log.segment.cache.size.max = 200MB (=209715200) (default)
2022-11-04 01:07:48,839 [om1-impl-thread1] INFO  segmented.SegmentedRaftLogWorker (SegmentedRaftLogWorker.java:<init>(191)) - new om1@group-C5BA1605619E-SegmentedRaftLogWorker for RaftStorageImpl:Storage Directory /home/runner/work/ozone/ozone/hadoop-ozone/integration-test/target/test-dir/MiniOzoneClusterImpl-e654cb93-8a46-4732-947e-f27e0a8f69eb/ozone-meta/ratis/bf265839-605b-3f16-9796-c5ba1605619e
2022-11-04 01:07:48,839 [om1-impl-thread1] INFO  server.RaftServerConfigKeys (ConfUtils.java:logGet(46)) - raft.server.log.queue.byte-limit = 64MB (=67108864) (default)
2022-11-04 01:07:48,840 [om1-impl-thread1] INFO  server.RaftServerConfigKeys (ConfUtils.java:logGet(46)) - raft.server.log.queue.element-limit = 4096 (default)
2022-11-04 01:07:48,840 [om1-impl-thread1] INFO  server.RaftServerConfigKeys (ConfUtils.java:logGet(46)) - raft.server.log.segment.size.max = 4194304 (custom)
2022-11-04 01:07:48,841 [om1-impl-thread1] INFO  server.RaftServerConfigKeys (ConfUtils.java:logGet(46)) - raft.server.log.preallocated.size = 4194304 (custom)
2022-11-04 01:07:48,841 [om1-impl-thread1] INFO  server.RaftServerConfigKeys (ConfUtils.java:logGet(46)) - raft.server.log.force.sync.num = 128 (default)
2022-11-04 01:07:48,842 [om1-impl-thread1] INFO  server.RaftServerConfigKeys (ConfUtils.java:logGet(46)) - raft.server.log.statemachine.data.sync = true (default)
2022-11-04 01:07:48,842 [om1-impl-thread1] INFO  server.RaftServerConfigKeys (ConfUtils.java:logGet(46)) - raft.server.log.statemachine.data.sync.timeout = 10s (default)
2022-11-04 01:07:48,843 [om1-impl-thread1] INFO  server.RaftServerConfigKeys (ConfUtils.java:logGet(46)) - raft.server.log.statemachine.data.sync.timeout.retry = -1 (default)
2022-11-04 01:07:48,850 [om1-impl-thread1] INFO  server.RaftServerConfigKeys (ConfUtils.java:logGet(46)) - raft.server.log.write.buffer.size = 64KB (=65536) (default)
2022-11-04 01:07:48,851 [om1-impl-thread1] INFO  server.RaftServerConfigKeys (ConfUtils.java:logGet(46)) - raft.server.log.unsafe-flush.enabled = false (default)
2022-11-04 01:07:48,851 [om1-impl-thread1] INFO  server.RaftServerConfigKeys (ConfUtils.java:logGet(46)) - raft.server.log.async-flush.enabled = false (default)
2022-11-04 01:07:48,851 [om1-impl-thread1] INFO  server.RaftServerConfigKeys (ConfUtils.java:logGet(46)) - raft.server.log.statemachine.data.caching.enabled = false (default)
2022-11-04 01:07:48,857 [om1-impl-thread1] INFO  segmented.SegmentedRaftLogWorker (SegmentedRaftLogWorker.java:lambda$new$0(136)) - om1@group-C5BA1605619E-SegmentedRaftLogWorker: flushIndex: setUnconditionally 0 -> -1
2022-11-04 01:07:48,857 [om1-impl-thread1] INFO  segmented.SegmentedRaftLogWorker (SegmentedRaftLogWorker.java:lambda$new$0(136)) - om1@group-C5BA1605619E-SegmentedRaftLogWorker: safeCacheEvictIndex: setUnconditionally 0 -> -1
2022-11-04 01:07:48,859 [om1-impl-thread1] INFO  server.RaftServer$Division (RaftServerImpl.java:start(334)) - om1@group-C5BA1605619E: start as a follower, conf=-1: peers:[om1|rpc:localhost:9872|priority:0|startupRole:FOLLOWER]|listeners:[], old=null
2022-11-04 01:07:48,859 [om1-impl-thread1] INFO  server.RaftServer$Division (RaftServerImpl.java:setRole(321)) - om1@group-C5BA1605619E: changes role from      null to FOLLOWER at term 0 for startAsFollower
2022-11-04 01:07:48,861 [om1-impl-thread1] INFO  impl.RoleInfo (RoleInfo.java:updateAndGet(139)) - om1: start om1@group-C5BA1605619E-FollowerState
2022-11-04 01:07:48,868 [om1-impl-thread1] INFO  util.JmxRegister (JmxRegister.java:tryRegister(44)) - Successfully registered JMX Bean with object name Ratis:service=RaftServer,group=group-C5BA1605619E,id=om1
2022-11-04 01:07:48,869 [om1-impl-thread1] INFO  server.RaftServerConfigKeys (ConfUtils.java:logGet(46)) - raft.server.snapshot.auto.trigger.enabled = true (custom)
2022-11-04 01:07:48,870 [om1-impl-thread1] INFO  server.RaftServerConfigKeys (ConfUtils.java:logGet(46)) - raft.server.snapshot.auto.trigger.threshold = 400000 (default)
2022-11-04 01:07:48,870 [om1-impl-thread1] INFO  server.RaftServerConfigKeys (ConfUtils.java:logGet(46)) - raft.server.snapshot.retention.file.num = -1 (default)
2022-11-04 01:07:48,871 [om1-impl-thread1] INFO  server.RaftServerConfigKeys (ConfUtils.java:logGet(46)) - raft.server.log.purge.upto.snapshot.index = true (custom)
2022-11-04 01:07:48,871 [om1@group-C5BA1605619E-FollowerState] INFO  server.RaftServerConfigKeys (ConfUtils.java:logFallback(53)) - raft.server.rpc.first-election.timeout.min = 1s (fallback to raft.server.rpc.timeout.min)
2022-11-04 01:07:48,872 [om1@group-C5BA1605619E-FollowerState] INFO  server.RaftServerConfigKeys (ConfUtils.java:logFallback(53)) - raft.server.rpc.first-election.timeout.max = 1200ms (fallback to raft.server.rpc.timeout.max)
2022-11-04 01:07:48,874 [Listener at 127.0.0.1/40125] INFO  server.RaftServer (RaftServerProxy.java:startImpl(393)) - om1: start RPC server
2022-11-04 01:07:48,929 [Listener at 127.0.0.1/40125] INFO  server.GrpcService (GrpcService.java:startImpl(270)) - om1: GrpcService started, listening on 9872
2022-11-04 01:07:48,931 [Listener at 127.0.0.1/40125] INFO  om.OzoneManager (OzoneManager.java:start(1501)) - Version File has different layout version (3) than OM DB (null). That is expected if this OM has never been finalized to a newer layout version.
2022-11-04 01:07:48,933 [JvmPauseMonitor0] INFO  util.JvmPauseMonitor (JvmPauseMonitor.java:run(105)) - JvmPauseMonitor-om1: Started
2022-11-04 01:07:48,949 [Listener at 127.0.0.1/40125] INFO  http.BaseHttpServer (BaseHttpServer.java:newHttpServer2BuilderForOzone(213)) - Starting Web-server for ozoneManager at: http://0.0.0.0:0
2022-11-04 01:07:48,949 [Listener at 127.0.0.1/40125] INFO  http.BaseHttpServer (BaseHttpServer.java:<init>(108)) - Hadoop Security Enabled: false Ozone Security Enabled: false Ozone HTTP Security Enabled: false 
2022-11-04 01:07:48,953 [Listener at 127.0.0.1/40125] WARN  server.AuthenticationFilter (AuthenticationFilter.java:constructSecretProvider(240)) - Unable to initialize FileSignerSecretProvider, falling back to use random secrets. Reason: Could not read signature secret file: /home/runner/hadoop-http-auth-signature-secret
2022-11-04 01:07:48,954 [Listener at 127.0.0.1/40125] WARN  http.HttpRequestLog (HttpRequestLog.java:getRequestLog(103)) - Jetty request log can only be enabled using Log4j
2022-11-04 01:07:48,957 [Listener at 127.0.0.1/40125] INFO  http.HttpServer2 (HttpServer2.java:addGlobalFilter(1031)) - Added global filter 'safety' (class=org.apache.hadoop.hdds.server.http.HttpServer2$QuotingInputFilter)
2022-11-04 01:07:48,958 [Listener at 127.0.0.1/40125] INFO  http.HttpServer2 (HttpServer2.java:addFilter(1007)) - Added filter static_user_filter (class=org.apache.hadoop.http.lib.StaticUserWebFilter$StaticUserFilter) to context ozoneManager
2022-11-04 01:07:48,958 [Listener at 127.0.0.1/40125] INFO  http.HttpServer2 (HttpServer2.java:addFilter(1015)) - Added filter static_user_filter (class=org.apache.hadoop.http.lib.StaticUserWebFilter$StaticUserFilter) to context logs
2022-11-04 01:07:48,961 [Listener at 127.0.0.1/40125] INFO  http.HttpServer2 (HttpServer2.java:addFilter(1015)) - Added filter static_user_filter (class=org.apache.hadoop.http.lib.StaticUserWebFilter$StaticUserFilter) to context static
2022-11-04 01:07:48,964 [Listener at 127.0.0.1/40125] INFO  http.HttpServer2 (HttpServer2.java:bindListener(1250)) - Jetty bound to port 33017
2022-11-04 01:07:48,964 [Listener at 127.0.0.1/40125] INFO  server.Server (Server.java:doStart(375)) - jetty-9.4.49.v20220914; built: 2022-09-14T01:07:36.601Z; git: 4231a3b2e4cb8548a412a789936d640a97b1aa0a; jvm 1.8.0_345-b01
2022-11-04 01:07:48,966 [Listener at 127.0.0.1/40125] INFO  server.session (DefaultSessionIdManager.java:doStart(334)) - DefaultSessionIdManager workerName=node0
2022-11-04 01:07:48,966 [Listener at 127.0.0.1/40125] INFO  server.session (DefaultSessionIdManager.java:doStart(339)) - No SessionScavenger set, using defaults
2022-11-04 01:07:48,966 [Listener at 127.0.0.1/40125] INFO  server.session (HouseKeeper.java:startScavenging(132)) - node0 Scavenging every 660000ms
2022-11-04 01:07:48,967 [Listener at 127.0.0.1/40125] INFO  handler.ContextHandler (ContextHandler.java:doStart(921)) - Started o.e.j.s.ServletContextHandler@5bb34437{logs,/logs,file:///home/runner/work/ozone/ozone/hadoop-ozone/integration-test/target/log,AVAILABLE}
2022-11-04 01:07:48,967 [Listener at 127.0.0.1/40125] INFO  handler.ContextHandler (ContextHandler.java:doStart(921)) - Started o.e.j.s.ServletContextHandler@5afe1da5{static,/static,file:///home/runner/work/ozone/ozone/hadoop-ozone/integration-test/target/test-classes/webapps/static,AVAILABLE}
2022-11-04 01:07:48,971 [Listener at 127.0.0.1/40125] INFO  handler.ContextHandler (ContextHandler.java:doStart(921)) - Started o.e.j.w.WebAppContext@3c7eb170{ozoneManager,/,file:///home/runner/work/ozone/ozone/hadoop-ozone/integration-test/target/test-classes/webapps/ozoneManager/,AVAILABLE}{file:/home/runner/work/ozone/ozone/hadoop-ozone/integration-test/target/test-classes/webapps/ozoneManager}
2022-11-04 01:07:48,973 [Listener at 127.0.0.1/40125] INFO  server.AbstractConnector (AbstractConnector.java:doStart(333)) - Started ServerConnector@4184d960{HTTP/1.1, (http/1.1)}{0.0.0.0:33017}
2022-11-04 01:07:48,974 [Listener at 127.0.0.1/40125] INFO  server.Server (Server.java:doStart(415)) - Started @6758ms
2022-11-04 01:07:48,974 [Listener at 127.0.0.1/40125] WARN  impl.MetricsSystemImpl (MetricsSystemImpl.java:register(279)) - Sink prometheus already exists!
2022-11-04 01:07:48,974 [Listener at 127.0.0.1/40125] INFO  http.BaseHttpServer (BaseHttpServer.java:updateConnectorAddress(333)) - HTTP server of ozoneManager listening at http://0.0.0.0:33017
2022-11-04 01:07:48,974 [IPC Server Responder] INFO  ipc.Server (Server.java:run(1512)) - IPC Server Responder: starting
2022-11-04 01:07:48,975 [IPC Server listener on 0] INFO  ipc.Server (Server.java:run(1352)) - IPC Server listener on 0: starting
2022-11-04 01:07:48,995 [Listener at 127.0.0.1/40125] INFO  om.OzoneManager (OzoneManager.java:startTrashEmptier(1922)) - Trash Interval set to 0. Files deleted won't move to trash
2022-11-04 01:07:49,005 [org.apache.hadoop.util.JvmPauseMonitor$Monitor@358283d9] INFO  util.JvmPauseMonitor (JvmPauseMonitor.java:run(188)) - Starting JVM pause monitor
2022-11-04 01:07:49,193 [Listener at 127.0.0.1/40125] WARN  impl.MetricRegistriesImpl (MetricRegistriesImpl.java:addReporterRegistration(111)) - New reporters are added after registries were created. Some metrics will be missing from the reporter. Please add reporter before adding any new registry.
2022-11-04 01:07:49,193 [Listener at 127.0.0.1/40125] WARN  impl.MetricRegistriesImpl (MetricRegistriesImpl.java:addReporterRegistration(111)) - New reporters are added after registries were created. Some metrics will be missing from the reporter. Please add reporter before adding any new registry.
2022-11-04 01:07:49,193 [Listener at 127.0.0.1/40125] INFO  impl.MetricsSystemImpl (MetricsSystemImpl.java:init(158)) - HddsDatanode metrics system started (again)
2022-11-04 01:07:49,213 [Listener at 127.0.0.1/40125] INFO  ozone.HddsDatanodeService (HddsDatanodeService.java:start(236)) - HddsDatanodeService host:fv-az39-323.yumyzuo2tp0ejekjjwodrrku4b.bx.internal.cloudapp.net ip:10.1.0.17
2022-11-04 01:07:49,246 [Listener at 127.0.0.1/40125] INFO  upgrade.AbstractLayoutVersionManager (AbstractLayoutVersionManager.java:init(83)) - Initializing Layout version manager with metadata layout = DATANODE_SCHEMA_V3 (version = 4), software layout = DATANODE_SCHEMA_V3 (version = 4)
2022-11-04 01:07:49,298 [Listener at 127.0.0.1/40125] INFO  reflections.Reflections (Reflections.java:scan(232)) - Reflections took 48 ms to scan 7 urls, producing 139 keys and 336 values 
2022-11-04 01:07:49,303 [Listener at 127.0.0.1/40125] INFO  statemachine.DatanodeStateMachine (DatanodeStateMachine.java:getEndPointTaskThreadPoolSize(245)) - Datanode State Machine Task Thread Pool size 2
2022-11-04 01:07:49,364 [Listener at 127.0.0.1/40125] INFO  volume.HddsVolume (HddsVolume.java:<init>(117)) - Creating HddsVolume: /home/runner/work/ozone/ozone/hadoop-ozone/integration-test/target/test-dir/MiniOzoneClusterImpl-e654cb93-8a46-4732-947e-f27e0a8f69eb/datanode-0/data-0/containers/hdds of storage type : DISK capacity : 9223372036854775807
2022-11-04 01:07:49,366 [Listener at 127.0.0.1/40125] INFO  volume.MutableVolumeSet (MutableVolumeSet.java:initializeVolumeSet(174)) - Added Volume : /home/runner/work/ozone/ozone/hadoop-ozone/integration-test/target/test-dir/MiniOzoneClusterImpl-e654cb93-8a46-4732-947e-f27e0a8f69eb/datanode-0/data-0/containers/hdds to VolumeSet
2022-11-04 01:07:49,367 [Listener at 127.0.0.1/40125] INFO  volume.ThrottledAsyncChecker (ThrottledAsyncChecker.java:schedule(141)) - Scheduling a check for /home/runner/work/ozone/ozone/hadoop-ozone/integration-test/target/test-dir/MiniOzoneClusterImpl-e654cb93-8a46-4732-947e-f27e0a8f69eb/datanode-0/data-0/containers/hdds
2022-11-04 01:07:49,383 [Listener at 127.0.0.1/40125] INFO  volume.StorageVolumeChecker (StorageVolumeChecker.java:checkAllVolumes(202)) - Scheduled health check for volume /home/runner/work/ozone/ozone/hadoop-ozone/integration-test/target/test-dir/MiniOzoneClusterImpl-e654cb93-8a46-4732-947e-f27e0a8f69eb/datanode-0/data-0/containers/hdds
2022-11-04 01:07:49,399 [Listener at 127.0.0.1/40125] INFO  volume.MutableVolumeSet (MutableVolumeSet.java:initializeVolumeSet(174)) - Added Volume : /home/runner/work/ozone/ozone/hadoop-ozone/integration-test/target/test-dir/MiniOzoneClusterImpl-e654cb93-8a46-4732-947e-f27e0a8f69eb/datanode-0/data/ratis to VolumeSet
2022-11-04 01:07:49,399 [Listener at 127.0.0.1/40125] INFO  volume.ThrottledAsyncChecker (ThrottledAsyncChecker.java:schedule(141)) - Scheduling a check for /home/runner/work/ozone/ozone/hadoop-ozone/integration-test/target/test-dir/MiniOzoneClusterImpl-e654cb93-8a46-4732-947e-f27e0a8f69eb/datanode-0/data/ratis
2022-11-04 01:07:49,400 [Listener at 127.0.0.1/40125] INFO  volume.StorageVolumeChecker (StorageVolumeChecker.java:checkAllVolumes(202)) - Scheduled health check for volume /home/runner/work/ozone/ozone/hadoop-ozone/integration-test/target/test-dir/MiniOzoneClusterImpl-e654cb93-8a46-4732-947e-f27e0a8f69eb/datanode-0/data/ratis
2022-11-04 01:07:49,422 [Thread-136] INFO  ozoneimpl.ContainerReader (ContainerReader.java:readVolume(175)) - Finish verifying containers on volume /home/runner/work/ozone/ozone/hadoop-ozone/integration-test/target/test-dir/MiniOzoneClusterImpl-e654cb93-8a46-4732-947e-f27e0a8f69eb/datanode-0/data-0/containers/hdds
2022-11-04 01:07:49,423 [Listener at 127.0.0.1/40125] INFO  ozoneimpl.OzoneContainer (OzoneContainer.java:buildContainerSet(300)) - Build ContainerSet costs 0s
2022-11-04 01:07:49,466 [Listener at 127.0.0.1/40125] INFO  audit.AuditLogger (AuditLogger.java:refreshDebugCmdSet(126)) - Refresh DebugCmdSet for DNAudit to [].
2022-11-04 01:07:49,495 [Listener at 127.0.0.1/40125] INFO  server.RaftServer (ConfUtils.java:logGet(46)) - raft.rpc.type = GRPC (default)
2022-11-04 01:07:49,495 [Listener at 127.0.0.1/40125] INFO  grpc.GrpcConfigKeys (ConfUtils.java:logFallback(53)) - raft.grpc.admin.host = null (fallback to raft.grpc.server.host)
2022-11-04 01:07:49,495 [Listener at 127.0.0.1/40125] INFO  grpc.GrpcConfigKeys (ConfUtils.java:logGet(46)) - raft.grpc.admin.port = 0 (custom)
2022-11-04 01:07:49,495 [Listener at 127.0.0.1/40125] INFO  grpc.GrpcConfigKeys (ConfUtils.java:logFallback(53)) - raft.grpc.client.host = null (fallback to raft.grpc.server.host)
2022-11-04 01:07:49,495 [Listener at 127.0.0.1/40125] INFO  grpc.GrpcConfigKeys (ConfUtils.java:logGet(46)) - raft.grpc.client.port = 0 (custom)
2022-11-04 01:07:49,496 [Listener at 127.0.0.1/40125] INFO  grpc.GrpcConfigKeys (ConfUtils.java:logGet(46)) - raft.grpc.server.host = null (default)
2022-11-04 01:07:49,496 [Listener at 127.0.0.1/40125] INFO  grpc.GrpcConfigKeys (ConfUtils.java:logGet(46)) - raft.grpc.server.port = 0 (default)
2022-11-04 01:07:49,496 [Listener at 127.0.0.1/40125] INFO  server.GrpcService (ConfUtils.java:logGet(46)) - raft.grpc.message.size.max = 32MB (=33554432) (custom)
2022-11-04 01:07:49,496 [Listener at 127.0.0.1/40125] INFO  server.RaftServerConfigKeys (ConfUtils.java:logGet(46)) - raft.server.log.appender.buffer.byte-limit = 33554432 (custom)
2022-11-04 01:07:49,496 [Listener at 127.0.0.1/40125] INFO  server.GrpcService (ConfUtils.java:logGet(46)) - raft.grpc.flow.control.window = 5MB (=5242880) (custom)
2022-11-04 01:07:49,496 [Listener at 127.0.0.1/40125] INFO  server.RaftServerConfigKeys (ConfUtils.java:logGet(46)) - raft.server.rpc.request.timeout = 60s (custom)
2022-11-04 01:07:49,497 [Listener at 127.0.0.1/40125] INFO  grpc.GrpcConfigKeys (ConfUtils.java:logGet(46)) - raft.grpc.server.heartbeat.channel = true (default)
2022-11-04 01:07:49,497 [Listener at 127.0.0.1/40125] INFO  grpc.GrpcConfigKeys (ConfUtils.java:logGet(46)) - raft.grpc.server.async.request.thread.pool.cached = true (default)
2022-11-04 01:07:49,497 [Listener at 127.0.0.1/40125] INFO  grpc.GrpcConfigKeys (ConfUtils.java:logGet(46)) - raft.grpc.server.async.request.thread.pool.size = 32 (default)
2022-11-04 01:07:49,498 [Listener at 127.0.0.1/40125] INFO  impl.DataStreamServerImpl (ConfUtils.java:logGet(46)) - raft.datastream.type = DISABLED (default)
2022-11-04 01:07:49,498 [Listener at 127.0.0.1/40125] INFO  server.RaftServerConfigKeys (ConfUtils.java:logGet(46)) - raft.server.threadpool.proxy.cached = true (default)
2022-11-04 01:07:49,498 [Listener at 127.0.0.1/40125] INFO  server.RaftServerConfigKeys (ConfUtils.java:logGet(46)) - raft.server.threadpool.proxy.size = 0 (default)
2022-11-04 01:07:49,499 [Listener at 127.0.0.1/40125] INFO  server.RaftServerConfigKeys (ConfUtils.java:logGet(46)) - raft.server.rpc.slowness.timeout = 300s (custom)
2022-11-04 01:07:49,499 [Listener at 127.0.0.1/40125] INFO  server.RaftServerConfigKeys (ConfUtils.java:logGet(46)) - raft.server.leaderelection.leader.step-down.wait-time = 10s (default)
2022-11-04 01:07:49,499 [Listener at 127.0.0.1/40125] INFO  server.RaftServerConfigKeys (ConfUtils.java:logGet(46)) - raft.server.storage.dir = [/home/runner/work/ozone/ozone/hadoop-ozone/integration-test/target/test-dir/MiniOzoneClusterImpl-e654cb93-8a46-4732-947e-f27e0a8f69eb/datanode-0/data/ratis] (custom)
2022-11-04 01:07:49,514 [Listener at 127.0.0.1/40125] INFO  server.XceiverServerGrpc (XceiverServerGrpc.java:<init>(132)) - GrpcServer channel type EpollServerSocketChannel
2022-11-04 01:07:49,570 [Listener at 127.0.0.1/40125] INFO  http.BaseHttpServer (BaseHttpServer.java:newHttpServer2BuilderForOzone(213)) - Starting Web-server for hddsDatanode at: http://0.0.0.0:0
2022-11-04 01:07:49,571 [Listener at 127.0.0.1/40125] INFO  http.BaseHttpServer (BaseHttpServer.java:<init>(108)) - Hadoop Security Enabled: false Ozone Security Enabled: false Ozone HTTP Security Enabled: false 
2022-11-04 01:07:49,572 [Listener at 127.0.0.1/40125] WARN  server.AuthenticationFilter (AuthenticationFilter.java:constructSecretProvider(240)) - Unable to initialize FileSignerSecretProvider, falling back to use random secrets. Reason: Could not read signature secret file: /home/runner/hadoop-http-auth-signature-secret
2022-11-04 01:07:49,573 [Listener at 127.0.0.1/40125] WARN  http.HttpRequestLog (HttpRequestLog.java:getRequestLog(103)) - Jetty request log can only be enabled using Log4j
2022-11-04 01:07:49,574 [Listener at 127.0.0.1/40125] INFO  http.HttpServer2 (HttpServer2.java:addGlobalFilter(1031)) - Added global filter 'safety' (class=org.apache.hadoop.hdds.server.http.HttpServer2$QuotingInputFilter)
2022-11-04 01:07:49,575 [Listener at 127.0.0.1/40125] INFO  http.HttpServer2 (HttpServer2.java:addFilter(1007)) - Added filter static_user_filter (class=org.apache.hadoop.http.lib.StaticUserWebFilter$StaticUserFilter) to context hddsDatanode
2022-11-04 01:07:49,575 [Listener at 127.0.0.1/40125] INFO  http.HttpServer2 (HttpServer2.java:addFilter(1015)) - Added filter static_user_filter (class=org.apache.hadoop.http.lib.StaticUserWebFilter$StaticUserFilter) to context logs
2022-11-04 01:07:49,575 [Listener at 127.0.0.1/40125] INFO  http.HttpServer2 (HttpServer2.java:addFilter(1015)) - Added filter static_user_filter (class=org.apache.hadoop.http.lib.StaticUserWebFilter$StaticUserFilter) to context static
2022-11-04 01:07:49,576 [Listener at 127.0.0.1/40125] INFO  http.HttpServer2 (HttpServer2.java:bindListener(1250)) - Jetty bound to port 34511
2022-11-04 01:07:49,576 [Listener at 127.0.0.1/40125] INFO  server.Server (Server.java:doStart(375)) - jetty-9.4.49.v20220914; built: 2022-09-14T01:07:36.601Z; git: 4231a3b2e4cb8548a412a789936d640a97b1aa0a; jvm 1.8.0_345-b01
2022-11-04 01:07:49,582 [Listener at 127.0.0.1/40125] INFO  server.session (DefaultSessionIdManager.java:doStart(334)) - DefaultSessionIdManager workerName=node0
2022-11-04 01:07:49,583 [Listener at 127.0.0.1/40125] INFO  server.session (DefaultSessionIdManager.java:doStart(339)) - No SessionScavenger set, using defaults
2022-11-04 01:07:49,583 [Listener at 127.0.0.1/40125] INFO  server.session (HouseKeeper.java:startScavenging(132)) - node0 Scavenging every 600000ms
2022-11-04 01:07:49,583 [Listener at 127.0.0.1/40125] INFO  handler.ContextHandler (ContextHandler.java:doStart(921)) - Started o.e.j.s.ServletContextHandler@1894b733{logs,/logs,file:///home/runner/work/ozone/ozone/hadoop-ozone/integration-test/target/log,AVAILABLE}
2022-11-04 01:07:49,584 [Listener at 127.0.0.1/40125] INFO  handler.ContextHandler (ContextHandler.java:doStart(921)) - Started o.e.j.s.ServletContextHandler@145554d9{static,/static,jar:file:/home/runner/.m2/repository/org/apache/ozone/hdds-container-service/1.3.0-SNAPSHOT/hdds-container-service-1.3.0-SNAPSHOT.jar!/webapps/static,AVAILABLE}
2022-11-04 01:07:49,768 [Listener at 127.0.0.1/40125] INFO  handler.ContextHandler (ContextHandler.java:doStart(921)) - Started o.e.j.w.WebAppContext@34696884{hddsDatanode,/,file:///tmp/jetty-0_0_0_0-34511-hdds-container-service-1_3_0-SNAPSHOT_jar-_-any-3210020450616617773/webapp/,AVAILABLE}{jar:file:/home/runner/.m2/repository/org/apache/ozone/hdds-container-service/1.3.0-SNAPSHOT/hdds-container-service-1.3.0-SNAPSHOT.jar!/webapps/hddsDatanode}
2022-11-04 01:07:49,773 [Listener at 127.0.0.1/40125] INFO  server.AbstractConnector (AbstractConnector.java:doStart(333)) - Started ServerConnector@5f79d076{HTTP/1.1, (http/1.1)}{0.0.0.0:34511}
2022-11-04 01:07:49,773 [Listener at 127.0.0.1/40125] INFO  server.Server (Server.java:doStart(415)) - Started @7558ms
2022-11-04 01:07:49,773 [Listener at 127.0.0.1/40125] WARN  impl.MetricsSystemImpl (MetricsSystemImpl.java:register(279)) - Sink prometheus already exists!
2022-11-04 01:07:49,775 [Listener at 127.0.0.1/40125] INFO  http.BaseHttpServer (BaseHttpServer.java:updateConnectorAddress(333)) - HTTP server of hddsDatanode listening at http://0.0.0.0:34511
2022-11-04 01:07:49,780 [Listener at 127.0.0.1/40125] WARN  impl.MetricRegistriesImpl (MetricRegistriesImpl.java:addReporterRegistration(111)) - New reporters are added after registries were created. Some metrics will be missing from the reporter. Please add reporter before adding any new registry.
2022-11-04 01:07:49,781 [Listener at 127.0.0.1/40125] WARN  impl.MetricRegistriesImpl (MetricRegistriesImpl.java:addReporterRegistration(111)) - New reporters are added after registries were created. Some metrics will be missing from the reporter. Please add reporter before adding any new registry.
2022-11-04 01:07:49,781 [Listener at 127.0.0.1/40125] INFO  impl.MetricsSystemImpl (MetricsSystemImpl.java:init(158)) - HddsDatanode metrics system started (again)
2022-11-04 01:07:49,781 [Datanode State Machine Daemon Thread] INFO  statemachine.DatanodeStateMachine (DatanodeStateMachine.java:lambda$startDaemon$0(505)) - Ozone container server started.
2022-11-04 01:07:49,795 [Listener at 127.0.0.1/40125] INFO  ozone.HddsDatanodeService (HddsDatanodeService.java:start(236)) - HddsDatanodeService host:fv-az39-323.yumyzuo2tp0ejekjjwodrrku4b.bx.internal.cloudapp.net ip:10.1.0.17
2022-11-04 01:07:49,810 [org.apache.hadoop.util.JvmPauseMonitor$Monitor@1e0e86f9] INFO  util.JvmPauseMonitor (JvmPauseMonitor.java:run(188)) - Starting JVM pause monitor
2022-11-04 01:07:49,819 [Listener at 127.0.0.1/40125] INFO  upgrade.AbstractLayoutVersionManager (AbstractLayoutVersionManager.java:init(83)) - Initializing Layout version manager with metadata layout = DATANODE_SCHEMA_V3 (version = 4), software layout = DATANODE_SCHEMA_V3 (version = 4)
2022-11-04 01:07:49,914 [Listener at 127.0.0.1/40125] INFO  reflections.Reflections (Reflections.java:scan(232)) - Reflections took 92 ms to scan 7 urls, producing 139 keys and 336 values 
2022-11-04 01:07:49,919 [Listener at 127.0.0.1/40125] INFO  statemachine.DatanodeStateMachine (DatanodeStateMachine.java:getEndPointTaskThreadPoolSize(245)) - Datanode State Machine Task Thread Pool size 2
2022-11-04 01:07:49,921 [Listener at 127.0.0.1/40125] INFO  volume.HddsVolume (HddsVolume.java:<init>(117)) - Creating HddsVolume: /home/runner/work/ozone/ozone/hadoop-ozone/integration-test/target/test-dir/MiniOzoneClusterImpl-e654cb93-8a46-4732-947e-f27e0a8f69eb/datanode-1/data-0/containers/hdds of storage type : DISK capacity : 9223372036854775807
2022-11-04 01:07:49,921 [Listener at 127.0.0.1/40125] INFO  volume.MutableVolumeSet (MutableVolumeSet.java:initializeVolumeSet(174)) - Added Volume : /home/runner/work/ozone/ozone/hadoop-ozone/integration-test/target/test-dir/MiniOzoneClusterImpl-e654cb93-8a46-4732-947e-f27e0a8f69eb/datanode-1/data-0/containers/hdds to VolumeSet
2022-11-04 01:07:49,921 [Listener at 127.0.0.1/40125] INFO  volume.ThrottledAsyncChecker (ThrottledAsyncChecker.java:schedule(141)) - Scheduling a check for /home/runner/work/ozone/ozone/hadoop-ozone/integration-test/target/test-dir/MiniOzoneClusterImpl-e654cb93-8a46-4732-947e-f27e0a8f69eb/datanode-1/data-0/containers/hdds
2022-11-04 01:07:49,927 [Listener at 127.0.0.1/40125] INFO  volume.StorageVolumeChecker (StorageVolumeChecker.java:checkAllVolumes(202)) - Scheduled health check for volume /home/runner/work/ozone/ozone/hadoop-ozone/integration-test/target/test-dir/MiniOzoneClusterImpl-e654cb93-8a46-4732-947e-f27e0a8f69eb/datanode-1/data-0/containers/hdds
2022-11-04 01:07:49,938 [Listener at 127.0.0.1/40125] INFO  volume.MutableVolumeSet (MutableVolumeSet.java:initializeVolumeSet(174)) - Added Volume : /home/runner/work/ozone/ozone/hadoop-ozone/integration-test/target/test-dir/MiniOzoneClusterImpl-e654cb93-8a46-4732-947e-f27e0a8f69eb/datanode-1/data/ratis to VolumeSet
2022-11-04 01:07:49,938 [Listener at 127.0.0.1/40125] INFO  volume.ThrottledAsyncChecker (ThrottledAsyncChecker.java:schedule(141)) - Scheduling a check for /home/runner/work/ozone/ozone/hadoop-ozone/integration-test/target/test-dir/MiniOzoneClusterImpl-e654cb93-8a46-4732-947e-f27e0a8f69eb/datanode-1/data/ratis
2022-11-04 01:07:49,939 [Listener at 127.0.0.1/40125] INFO  volume.StorageVolumeChecker (StorageVolumeChecker.java:checkAllVolumes(202)) - Scheduled health check for volume /home/runner/work/ozone/ozone/hadoop-ozone/integration-test/target/test-dir/MiniOzoneClusterImpl-e654cb93-8a46-4732-947e-f27e0a8f69eb/datanode-1/data/ratis
2022-11-04 01:07:49,949 [Thread-149] INFO  ozoneimpl.ContainerReader (ContainerReader.java:readVolume(175)) - Finish verifying containers on volume /home/runner/work/ozone/ozone/hadoop-ozone/integration-test/target/test-dir/MiniOzoneClusterImpl-e654cb93-8a46-4732-947e-f27e0a8f69eb/datanode-1/data-0/containers/hdds
2022-11-04 01:07:49,950 [Listener at 127.0.0.1/40125] INFO  ozoneimpl.OzoneContainer (OzoneContainer.java:buildContainerSet(300)) - Build ContainerSet costs 0s
2022-11-04 01:07:49,954 [Listener at 127.0.0.1/40125] INFO  server.RaftServer (ConfUtils.java:logGet(46)) - raft.rpc.type = GRPC (default)
2022-11-04 01:07:49,954 [Listener at 127.0.0.1/40125] INFO  grpc.GrpcConfigKeys (ConfUtils.java:logFallback(53)) - raft.grpc.admin.host = null (fallback to raft.grpc.server.host)
2022-11-04 01:07:49,954 [Listener at 127.0.0.1/40125] INFO  grpc.GrpcConfigKeys (ConfUtils.java:logGet(46)) - raft.grpc.admin.port = 0 (custom)
2022-11-04 01:07:49,954 [Listener at 127.0.0.1/40125] INFO  grpc.GrpcConfigKeys (ConfUtils.java:logFallback(53)) - raft.grpc.client.host = null (fallback to raft.grpc.server.host)
2022-11-04 01:07:49,955 [Listener at 127.0.0.1/40125] INFO  grpc.GrpcConfigKeys (ConfUtils.java:logGet(46)) - raft.grpc.client.port = 0 (custom)
2022-11-04 01:07:49,955 [Listener at 127.0.0.1/40125] INFO  grpc.GrpcConfigKeys (ConfUtils.java:logGet(46)) - raft.grpc.server.host = null (default)
2022-11-04 01:07:49,955 [Listener at 127.0.0.1/40125] INFO  grpc.GrpcConfigKeys (ConfUtils.java:logGet(46)) - raft.grpc.server.port = 0 (default)
2022-11-04 01:07:49,955 [Listener at 127.0.0.1/40125] INFO  server.GrpcService (ConfUtils.java:logGet(46)) - raft.grpc.message.size.max = 32MB (=33554432) (custom)
2022-11-04 01:07:49,955 [Listener at 127.0.0.1/40125] INFO  server.RaftServerConfigKeys (ConfUtils.java:logGet(46)) - raft.server.log.appender.buffer.byte-limit = 33554432 (custom)
2022-11-04 01:07:49,955 [Listener at 127.0.0.1/40125] INFO  server.GrpcService (ConfUtils.java:logGet(46)) - raft.grpc.flow.control.window = 5MB (=5242880) (custom)
2022-11-04 01:07:49,956 [Listener at 127.0.0.1/40125] INFO  server.RaftServerConfigKeys (ConfUtils.java:logGet(46)) - raft.server.rpc.request.timeout = 60s (custom)
2022-11-04 01:07:49,956 [Listener at 127.0.0.1/40125] INFO  grpc.GrpcConfigKeys (ConfUtils.java:logGet(46)) - raft.grpc.server.heartbeat.channel = true (default)
2022-11-04 01:07:49,956 [Listener at 127.0.0.1/40125] INFO  grpc.GrpcConfigKeys (ConfUtils.java:logGet(46)) - raft.grpc.server.async.request.thread.pool.cached = true (default)
2022-11-04 01:07:49,956 [Listener at 127.0.0.1/40125] INFO  grpc.GrpcConfigKeys (ConfUtils.java:logGet(46)) - raft.grpc.server.async.request.thread.pool.size = 32 (default)
2022-11-04 01:07:49,957 [Listener at 127.0.0.1/40125] INFO  impl.DataStreamServerImpl (ConfUtils.java:logGet(46)) - raft.datastream.type = DISABLED (default)
2022-11-04 01:07:49,957 [Listener at 127.0.0.1/40125] INFO  server.RaftServerConfigKeys (ConfUtils.java:logGet(46)) - raft.server.threadpool.proxy.cached = true (default)
2022-11-04 01:07:49,957 [Listener at 127.0.0.1/40125] INFO  server.RaftServerConfigKeys (ConfUtils.java:logGet(46)) - raft.server.threadpool.proxy.size = 0 (default)
2022-11-04 01:07:49,957 [Listener at 127.0.0.1/40125] INFO  server.RaftServerConfigKeys (ConfUtils.java:logGet(46)) - raft.server.rpc.slowness.timeout = 300s (custom)
2022-11-04 01:07:49,957 [Listener at 127.0.0.1/40125] INFO  server.RaftServerConfigKeys (ConfUtils.java:logGet(46)) - raft.server.leaderelection.leader.step-down.wait-time = 10s (default)
2022-11-04 01:07:49,959 [Listener at 127.0.0.1/40125] INFO  server.RaftServerConfigKeys (ConfUtils.java:logGet(46)) - raft.server.storage.dir = [/home/runner/work/ozone/ozone/hadoop-ozone/integration-test/target/test-dir/MiniOzoneClusterImpl-e654cb93-8a46-4732-947e-f27e0a8f69eb/datanode-1/data/ratis] (custom)
2022-11-04 01:07:49,973 [Listener at 127.0.0.1/40125] INFO  server.XceiverServerGrpc (XceiverServerGrpc.java:<init>(132)) - GrpcServer channel type EpollServerSocketChannel
2022-11-04 01:07:49,981 [Listener at 127.0.0.1/40125] INFO  http.BaseHttpServer (BaseHttpServer.java:newHttpServer2BuilderForOzone(213)) - Starting Web-server for hddsDatanode at: http://0.0.0.0:0
2022-11-04 01:07:49,981 [Listener at 127.0.0.1/40125] INFO  http.BaseHttpServer (BaseHttpServer.java:<init>(108)) - Hadoop Security Enabled: false Ozone Security Enabled: false Ozone HTTP Security Enabled: false 
2022-11-04 01:07:49,983 [Listener at 127.0.0.1/40125] WARN  server.AuthenticationFilter (AuthenticationFilter.java:constructSecretProvider(240)) - Unable to initialize FileSignerSecretProvider, falling back to use random secrets. Reason: Could not read signature secret file: /home/runner/hadoop-http-auth-signature-secret
2022-11-04 01:07:49,986 [Listener at 127.0.0.1/40125] WARN  http.HttpRequestLog (HttpRequestLog.java:getRequestLog(103)) - Jetty request log can only be enabled using Log4j
2022-11-04 01:07:49,987 [Listener at 127.0.0.1/40125] INFO  http.HttpServer2 (HttpServer2.java:addGlobalFilter(1031)) - Added global filter 'safety' (class=org.apache.hadoop.hdds.server.http.HttpServer2$QuotingInputFilter)
2022-11-04 01:07:49,988 [Listener at 127.0.0.1/40125] INFO  http.HttpServer2 (HttpServer2.java:addFilter(1007)) - Added filter static_user_filter (class=org.apache.hadoop.http.lib.StaticUserWebFilter$StaticUserFilter) to context hddsDatanode
2022-11-04 01:07:49,988 [Listener at 127.0.0.1/40125] INFO  http.HttpServer2 (HttpServer2.java:addFilter(1015)) - Added filter static_user_filter (class=org.apache.hadoop.http.lib.StaticUserWebFilter$StaticUserFilter) to context logs
2022-11-04 01:07:49,988 [Listener at 127.0.0.1/40125] INFO  http.HttpServer2 (HttpServer2.java:addFilter(1015)) - Added filter static_user_filter (class=org.apache.hadoop.http.lib.StaticUserWebFilter$StaticUserFilter) to context static
2022-11-04 01:07:49,989 [Listener at 127.0.0.1/40125] INFO  http.HttpServer2 (HttpServer2.java:bindListener(1250)) - Jetty bound to port 34645
2022-11-04 01:07:49,989 [Listener at 127.0.0.1/40125] INFO  server.Server (Server.java:doStart(375)) - jetty-9.4.49.v20220914; built: 2022-09-14T01:07:36.601Z; git: 4231a3b2e4cb8548a412a789936d640a97b1aa0a; jvm 1.8.0_345-b01
2022-11-04 01:07:49,991 [Listener at 127.0.0.1/40125] INFO  server.session (DefaultSessionIdManager.java:doStart(334)) - DefaultSessionIdManager workerName=node0
2022-11-04 01:07:49,991 [Listener at 127.0.0.1/40125] INFO  server.session (DefaultSessionIdManager.java:doStart(339)) - No SessionScavenger set, using defaults
2022-11-04 01:07:49,991 [Listener at 127.0.0.1/40125] INFO  server.session (HouseKeeper.java:startScavenging(132)) - node0 Scavenging every 600000ms
2022-11-04 01:07:49,996 [Listener at 127.0.0.1/40125] INFO  handler.ContextHandler (ContextHandler.java:doStart(921)) - Started o.e.j.s.ServletContextHandler@26f2b7{logs,/logs,file:///home/runner/work/ozone/ozone/hadoop-ozone/integration-test/target/log,AVAILABLE}
2022-11-04 01:07:49,997 [Listener at 127.0.0.1/40125] INFO  handler.ContextHandler (ContextHandler.java:doStart(921)) - Started o.e.j.s.ServletContextHandler@bbb5f74{static,/static,jar:file:/home/runner/.m2/repository/org/apache/ozone/hdds-container-service/1.3.0-SNAPSHOT/hdds-container-service-1.3.0-SNAPSHOT.jar!/webapps/static,AVAILABLE}
2022-11-04 01:07:50,005 [om1@group-C5BA1605619E-FollowerState] INFO  impl.FollowerState (FollowerState.java:run(143)) - om1@group-C5BA1605619E-FollowerState: change to CANDIDATE, lastRpcElapsedTime:1145175719ns, electionTimeout:1133ms
2022-11-04 01:07:50,006 [om1@group-C5BA1605619E-FollowerState] INFO  impl.RoleInfo (RoleInfo.java:shutdownFollowerState(110)) - om1: shutdown om1@group-C5BA1605619E-FollowerState
2022-11-04 01:07:50,007 [Datanode State Machine Task Thread - 0] INFO  datanode.InitDatanodeState (InitDatanodeState.java:persistContainerDatanodeDetails(138)) - DatanodeDetails is persisted to /home/runner/work/ozone/ozone/hadoop-ozone/integration-test/target/test-dir/MiniOzoneClusterImpl-e654cb93-8a46-4732-947e-f27e0a8f69eb/datanode-0/meta/datanode.id
2022-11-04 01:07:50,007 [om1@group-C5BA1605619E-FollowerState] INFO  server.RaftServer$Division (RaftServerImpl.java:setRole(321)) - om1@group-C5BA1605619E: changes role from  FOLLOWER to CANDIDATE at term 0 for changeToCandidate
2022-11-04 01:07:50,010 [om1@group-C5BA1605619E-FollowerState] INFO  server.RaftServerConfigKeys (ConfUtils.java:logGet(46)) - raft.server.leaderelection.pre-vote = false (custom)
2022-11-04 01:07:50,011 [om1@group-C5BA1605619E-FollowerState] INFO  impl.RoleInfo (RoleInfo.java:updateAndGet(139)) - om1: start om1@group-C5BA1605619E-LeaderElection1
2022-11-04 01:07:50,025 [om1@group-C5BA1605619E-LeaderElection1] INFO  impl.LeaderElection (LeaderElection.java:askForVotes(312)) - om1@group-C5BA1605619E-LeaderElection1 ELECTION round 0: submit vote requests at term 1 for -1: peers:[om1|rpc:localhost:9872|priority:0|startupRole:FOLLOWER]|listeners:[], old=null
2022-11-04 01:07:50,026 [om1@group-C5BA1605619E-LeaderElection1] INFO  impl.LeaderElection (LeaderElection.java:askForVotes(314)) - om1@group-C5BA1605619E-LeaderElection1 ELECTION round 0: result PASSED (term=1)
2022-11-04 01:07:50,027 [om1@group-C5BA1605619E-LeaderElection1] INFO  impl.RoleInfo (RoleInfo.java:shutdownLeaderElection(130)) - om1: shutdown om1@group-C5BA1605619E-LeaderElection1
2022-11-04 01:07:50,027 [om1@group-C5BA1605619E-LeaderElection1] INFO  server.RaftServer$Division (RaftServerImpl.java:setRole(321)) - om1@group-C5BA1605619E: changes role from CANDIDATE to LEADER at term 1 for changeToLeader
2022-11-04 01:07:50,027 [om1@group-C5BA1605619E-LeaderElection1] INFO  server.RaftServer$Division (ServerState.java:setLeader(313)) - om1@group-C5BA1605619E: change Leader from null to om1 at term 1 for becomeLeader, leader elected after 2104ms
2022-11-04 01:07:50,043 [om1@group-C5BA1605619E-LeaderElection1] INFO  server.RaftServerConfigKeys (ConfUtils.java:logGet(46)) - raft.server.staging.catchup.gap = 1000 (default)
2022-11-04 01:07:50,056 [om1@group-C5BA1605619E-LeaderElection1] INFO  server.RaftServerConfigKeys (ConfUtils.java:logGet(46)) - raft.server.write.element-limit = 4096 (default)
2022-11-04 01:07:50,056 [om1@group-C5BA1605619E-LeaderElection1] INFO  server.RaftServerConfigKeys (ConfUtils.java:logGet(46)) - raft.server.write.byte-limit = 64MB (=67108864) (default)
2022-11-04 01:07:50,066 [om1@group-C5BA1605619E-LeaderElection1] INFO  server.RaftServerConfigKeys (ConfUtils.java:logGet(46)) - raft.server.watch.timeout = 10s (default)
2022-11-04 01:07:50,066 [om1@group-C5BA1605619E-LeaderElection1] INFO  server.RaftServerConfigKeys (ConfUtils.java:logGet(46)) - raft.server.watch.timeout.denomination = 1s (default)
2022-11-04 01:07:50,067 [om1@group-C5BA1605619E-LeaderElection1] INFO  server.RaftServerConfigKeys (ConfUtils.java:logGet(46)) - raft.server.watch.element-limit = 65536 (default)
2022-11-04 01:07:50,079 [om1@group-C5BA1605619E-LeaderElection1] INFO  server.RaftServerConfigKeys (ConfUtils.java:logGet(46)) - raft.server.write.element-limit = 4096 (default)
2022-11-04 01:07:50,082 [om1@group-C5BA1605619E-LeaderElection1] INFO  server.RaftServerConfigKeys (ConfUtils.java:logGet(46)) - raft.server.write.follower.gap.ratio.max = -1.0 (default)
2022-11-04 01:07:50,091 [om1@group-C5BA1605619E-LeaderElection1] INFO  impl.RoleInfo (RoleInfo.java:updateAndGet(139)) - om1: start om1@group-C5BA1605619E-LeaderStateImpl
2022-11-04 01:07:50,143 [om1@group-C5BA1605619E-LeaderElection1] INFO  segmented.SegmentedRaftLogWorker (SegmentedRaftLogWorker.java:startLogSegment(452)) - om1@group-C5BA1605619E-SegmentedRaftLogWorker: Starting segment from index:0
2022-11-04 01:07:50,205 [om1@group-C5BA1605619E-LeaderElection1] INFO  server.RaftServer$Division (ServerState.java:setRaftConf(430)) - om1@group-C5BA1605619E: set configuration 0: peers:[om1|rpc:localhost:9872|admin:|client:|dataStream:|priority:0|startupRole:FOLLOWER]|listeners:[], old=null
2022-11-04 01:07:50,230 [Listener at 127.0.0.1/40125] INFO  handler.ContextHandler (ContextHandler.java:doStart(921)) - Started o.e.j.w.WebAppContext@59aa07cf{hddsDatanode,/,file:///tmp/jetty-0_0_0_0-34645-hdds-container-service-1_3_0-SNAPSHOT_jar-_-any-7464916694219439160/webapp/,AVAILABLE}{jar:file:/home/runner/.m2/repository/org/apache/ozone/hdds-container-service/1.3.0-SNAPSHOT/hdds-container-service-1.3.0-SNAPSHOT.jar!/webapps/hddsDatanode}
2022-11-04 01:07:50,232 [Listener at 127.0.0.1/40125] INFO  server.AbstractConnector (AbstractConnector.java:doStart(333)) - Started ServerConnector@715f00d0{HTTP/1.1, (http/1.1)}{0.0.0.0:34645}
2022-11-04 01:07:50,232 [Listener at 127.0.0.1/40125] INFO  server.Server (Server.java:doStart(415)) - Started @8017ms
2022-11-04 01:07:50,232 [Listener at 127.0.0.1/40125] WARN  impl.MetricsSystemImpl (MetricsSystemImpl.java:register(279)) - Sink prometheus already exists!
2022-11-04 01:07:50,234 [Listener at 127.0.0.1/40125] INFO  http.BaseHttpServer (BaseHttpServer.java:updateConnectorAddress(333)) - HTTP server of hddsDatanode listening at http://0.0.0.0:34645
2022-11-04 01:07:50,240 [Listener at 127.0.0.1/40125] WARN  impl.MetricRegistriesImpl (MetricRegistriesImpl.java:addReporterRegistration(111)) - New reporters are added after registries were created. Some metrics will be missing from the reporter. Please add reporter before adding any new registry.
2022-11-04 01:07:50,240 [Listener at 127.0.0.1/40125] WARN  impl.MetricRegistriesImpl (MetricRegistriesImpl.java:addReporterRegistration(111)) - New reporters are added after registries were created. Some metrics will be missing from the reporter. Please add reporter before adding any new registry.
2022-11-04 01:07:50,240 [Listener at 127.0.0.1/40125] INFO  impl.MetricsSystemImpl (MetricsSystemImpl.java:init(158)) - HddsDatanode metrics system started (again)
2022-11-04 01:07:50,241 [Datanode State Machine Daemon Thread] INFO  statemachine.DatanodeStateMachine (DatanodeStateMachine.java:lambda$startDaemon$0(505)) - Ozone container server started.
2022-11-04 01:07:50,257 [Listener at 127.0.0.1/40125] INFO  ozone.HddsDatanodeService (HddsDatanodeService.java:start(236)) - HddsDatanodeService host:fv-az39-323.yumyzuo2tp0ejekjjwodrrku4b.bx.internal.cloudapp.net ip:10.1.0.17
2022-11-04 01:07:50,281 [Listener at 127.0.0.1/40125] INFO  upgrade.AbstractLayoutVersionManager (AbstractLayoutVersionManager.java:init(83)) - Initializing Layout version manager with metadata layout = DATANODE_SCHEMA_V3 (version = 4), software layout = DATANODE_SCHEMA_V3 (version = 4)
2022-11-04 01:07:50,284 [org.apache.hadoop.util.JvmPauseMonitor$Monitor@5ee722c0] INFO  util.JvmPauseMonitor (JvmPauseMonitor.java:run(188)) - Starting JVM pause monitor
2022-11-04 01:07:50,297 [Datanode State Machine Task Thread - 0] INFO  datanode.InitDatanodeState (InitDatanodeState.java:persistContainerDatanodeDetails(138)) - DatanodeDetails is persisted to /home/runner/work/ozone/ozone/hadoop-ozone/integration-test/target/test-dir/MiniOzoneClusterImpl-e654cb93-8a46-4732-947e-f27e0a8f69eb/datanode-1/meta/datanode.id
2022-11-04 01:07:50,325 [om1@group-C5BA1605619E-SegmentedRaftLogWorker] INFO  segmented.SegmentedRaftLogWorker (SegmentedRaftLogWorker.java:execute(656)) - om1@group-C5BA1605619E-SegmentedRaftLogWorker: created new log segment /home/runner/work/ozone/ozone/hadoop-ozone/integration-test/target/test-dir/MiniOzoneClusterImpl-e654cb93-8a46-4732-947e-f27e0a8f69eb/ozone-meta/ratis/bf265839-605b-3f16-9796-c5ba1605619e/current/log_inprogress_0
2022-11-04 01:07:50,376 [Listener at 127.0.0.1/40125] INFO  reflections.Reflections (Reflections.java:scan(232)) - Reflections took 94 ms to scan 7 urls, producing 139 keys and 336 values 
2022-11-04 01:07:50,379 [Listener at 127.0.0.1/40125] INFO  statemachine.DatanodeStateMachine (DatanodeStateMachine.java:getEndPointTaskThreadPoolSize(245)) - Datanode State Machine Task Thread Pool size 2
2022-11-04 01:07:50,388 [Listener at 127.0.0.1/40125] INFO  volume.HddsVolume (HddsVolume.java:<init>(117)) - Creating HddsVolume: /home/runner/work/ozone/ozone/hadoop-ozone/integration-test/target/test-dir/MiniOzoneClusterImpl-e654cb93-8a46-4732-947e-f27e0a8f69eb/datanode-2/data-0/containers/hdds of storage type : DISK capacity : 9223372036854775807
2022-11-04 01:07:50,389 [Listener at 127.0.0.1/40125] INFO  volume.MutableVolumeSet (MutableVolumeSet.java:initializeVolumeSet(174)) - Added Volume : /home/runner/work/ozone/ozone/hadoop-ozone/integration-test/target/test-dir/MiniOzoneClusterImpl-e654cb93-8a46-4732-947e-f27e0a8f69eb/datanode-2/data-0/containers/hdds to VolumeSet
2022-11-04 01:07:50,389 [Listener at 127.0.0.1/40125] INFO  volume.ThrottledAsyncChecker (ThrottledAsyncChecker.java:schedule(141)) - Scheduling a check for /home/runner/work/ozone/ozone/hadoop-ozone/integration-test/target/test-dir/MiniOzoneClusterImpl-e654cb93-8a46-4732-947e-f27e0a8f69eb/datanode-2/data-0/containers/hdds
2022-11-04 01:07:50,406 [Listener at 127.0.0.1/40125] INFO  volume.StorageVolumeChecker (StorageVolumeChecker.java:checkAllVolumes(202)) - Scheduled health check for volume /home/runner/work/ozone/ozone/hadoop-ozone/integration-test/target/test-dir/MiniOzoneClusterImpl-e654cb93-8a46-4732-947e-f27e0a8f69eb/datanode-2/data-0/containers/hdds
2022-11-04 01:07:50,420 [om1@group-C5BA1605619E-StateMachineUpdater] INFO  ratis.OzoneManagerStateMachine (OzoneManagerStateMachine.java:notifyConfigurationChanged(192)) - Received Configuration change notification from Ratis. New Peer list:
[id: "om1"
address: "localhost:9872"
startupRole: FOLLOWER
]
2022-11-04 01:07:50,428 [Listener at 127.0.0.1/40125] INFO  volume.MutableVolumeSet (MutableVolumeSet.java:initializeVolumeSet(174)) - Added Volume : /home/runner/work/ozone/ozone/hadoop-ozone/integration-test/target/test-dir/MiniOzoneClusterImpl-e654cb93-8a46-4732-947e-f27e0a8f69eb/datanode-2/data/ratis to VolumeSet
2022-11-04 01:07:50,429 [Listener at 127.0.0.1/40125] INFO  volume.ThrottledAsyncChecker (ThrottledAsyncChecker.java:schedule(141)) - Scheduling a check for /home/runner/work/ozone/ozone/hadoop-ozone/integration-test/target/test-dir/MiniOzoneClusterImpl-e654cb93-8a46-4732-947e-f27e0a8f69eb/datanode-2/data/ratis
2022-11-04 01:07:50,429 [Listener at 127.0.0.1/40125] INFO  volume.StorageVolumeChecker (StorageVolumeChecker.java:checkAllVolumes(202)) - Scheduled health check for volume /home/runner/work/ozone/ozone/hadoop-ozone/integration-test/target/test-dir/MiniOzoneClusterImpl-e654cb93-8a46-4732-947e-f27e0a8f69eb/datanode-2/data/ratis
2022-11-04 01:07:50,441 [Thread-164] INFO  ozoneimpl.ContainerReader (ContainerReader.java:readVolume(175)) - Finish verifying containers on volume /home/runner/work/ozone/ozone/hadoop-ozone/integration-test/target/test-dir/MiniOzoneClusterImpl-e654cb93-8a46-4732-947e-f27e0a8f69eb/datanode-2/data-0/containers/hdds
2022-11-04 01:07:50,441 [Listener at 127.0.0.1/40125] INFO  ozoneimpl.OzoneContainer (OzoneContainer.java:buildContainerSet(300)) - Build ContainerSet costs 0s
2022-11-04 01:07:50,444 [Listener at 127.0.0.1/40125] INFO  server.RaftServer (ConfUtils.java:logGet(46)) - raft.rpc.type = GRPC (default)
2022-11-04 01:07:50,445 [Listener at 127.0.0.1/40125] INFO  grpc.GrpcConfigKeys (ConfUtils.java:logFallback(53)) - raft.grpc.admin.host = null (fallback to raft.grpc.server.host)
2022-11-04 01:07:50,445 [Listener at 127.0.0.1/40125] INFO  grpc.GrpcConfigKeys (ConfUtils.java:logGet(46)) - raft.grpc.admin.port = 0 (custom)
2022-11-04 01:07:50,445 [Listener at 127.0.0.1/40125] INFO  grpc.GrpcConfigKeys (ConfUtils.java:logFallback(53)) - raft.grpc.client.host = null (fallback to raft.grpc.server.host)
2022-11-04 01:07:50,445 [Listener at 127.0.0.1/40125] INFO  grpc.GrpcConfigKeys (ConfUtils.java:logGet(46)) - raft.grpc.client.port = 0 (custom)
2022-11-04 01:07:50,445 [Listener at 127.0.0.1/40125] INFO  grpc.GrpcConfigKeys (ConfUtils.java:logGet(46)) - raft.grpc.server.host = null (default)
2022-11-04 01:07:50,445 [Listener at 127.0.0.1/40125] INFO  grpc.GrpcConfigKeys (ConfUtils.java:logGet(46)) - raft.grpc.server.port = 0 (default)
2022-11-04 01:07:50,445 [Listener at 127.0.0.1/40125] INFO  server.GrpcService (ConfUtils.java:logGet(46)) - raft.grpc.message.size.max = 32MB (=33554432) (custom)
2022-11-04 01:07:50,445 [Listener at 127.0.0.1/40125] INFO  server.RaftServerConfigKeys (ConfUtils.java:logGet(46)) - raft.server.log.appender.buffer.byte-limit = 33554432 (custom)
2022-11-04 01:07:50,446 [Listener at 127.0.0.1/40125] INFO  server.GrpcService (ConfUtils.java:logGet(46)) - raft.grpc.flow.control.window = 5MB (=5242880) (custom)
2022-11-04 01:07:50,446 [Listener at 127.0.0.1/40125] INFO  server.RaftServerConfigKeys (ConfUtils.java:logGet(46)) - raft.server.rpc.request.timeout = 60s (custom)
2022-11-04 01:07:50,447 [Listener at 127.0.0.1/40125] INFO  grpc.GrpcConfigKeys (ConfUtils.java:logGet(46)) - raft.grpc.server.heartbeat.channel = true (default)
2022-11-04 01:07:50,448 [Listener at 127.0.0.1/40125] INFO  grpc.GrpcConfigKeys (ConfUtils.java:logGet(46)) - raft.grpc.server.async.request.thread.pool.cached = true (default)
2022-11-04 01:07:50,448 [Listener at 127.0.0.1/40125] INFO  grpc.GrpcConfigKeys (ConfUtils.java:logGet(46)) - raft.grpc.server.async.request.thread.pool.size = 32 (default)
2022-11-04 01:07:50,449 [Listener at 127.0.0.1/40125] INFO  impl.DataStreamServerImpl (ConfUtils.java:logGet(46)) - raft.datastream.type = DISABLED (default)
2022-11-04 01:07:50,449 [Listener at 127.0.0.1/40125] INFO  server.RaftServerConfigKeys (ConfUtils.java:logGet(46)) - raft.server.threadpool.proxy.cached = true (default)
2022-11-04 01:07:50,449 [Listener at 127.0.0.1/40125] INFO  server.RaftServerConfigKeys (ConfUtils.java:logGet(46)) - raft.server.threadpool.proxy.size = 0 (default)
2022-11-04 01:07:50,449 [Listener at 127.0.0.1/40125] INFO  server.RaftServerConfigKeys (ConfUtils.java:logGet(46)) - raft.server.rpc.slowness.timeout = 300s (custom)
2022-11-04 01:07:50,449 [Listener at 127.0.0.1/40125] INFO  server.RaftServerConfigKeys (ConfUtils.java:logGet(46)) - raft.server.leaderelection.leader.step-down.wait-time = 10s (default)
2022-11-04 01:07:50,449 [Listener at 127.0.0.1/40125] INFO  server.RaftServerConfigKeys (ConfUtils.java:logGet(46)) - raft.server.storage.dir = [/home/runner/work/ozone/ozone/hadoop-ozone/integration-test/target/test-dir/MiniOzoneClusterImpl-e654cb93-8a46-4732-947e-f27e0a8f69eb/datanode-2/data/ratis] (custom)
2022-11-04 01:07:50,451 [Listener at 127.0.0.1/40125] INFO  server.XceiverServerGrpc (XceiverServerGrpc.java:<init>(132)) - GrpcServer channel type EpollServerSocketChannel
2022-11-04 01:07:50,454 [Listener at 127.0.0.1/40125] INFO  http.BaseHttpServer (BaseHttpServer.java:newHttpServer2BuilderForOzone(213)) - Starting Web-server for hddsDatanode at: http://0.0.0.0:0
2022-11-04 01:07:50,454 [Listener at 127.0.0.1/40125] INFO  http.BaseHttpServer (BaseHttpServer.java:<init>(108)) - Hadoop Security Enabled: false Ozone Security Enabled: false Ozone HTTP Security Enabled: false 
2022-11-04 01:07:50,455 [Listener at 127.0.0.1/40125] WARN  server.AuthenticationFilter (AuthenticationFilter.java:constructSecretProvider(240)) - Unable to initialize FileSignerSecretProvider, falling back to use random secrets. Reason: Could not read signature secret file: /home/runner/hadoop-http-auth-signature-secret
2022-11-04 01:07:50,459 [Listener at 127.0.0.1/40125] WARN  http.HttpRequestLog (HttpRequestLog.java:getRequestLog(103)) - Jetty request log can only be enabled using Log4j
2022-11-04 01:07:50,461 [Listener at 127.0.0.1/40125] INFO  http.HttpServer2 (HttpServer2.java:addGlobalFilter(1031)) - Added global filter 'safety' (class=org.apache.hadoop.hdds.server.http.HttpServer2$QuotingInputFilter)
2022-11-04 01:07:50,462 [Listener at 127.0.0.1/40125] INFO  http.HttpServer2 (HttpServer2.java:addFilter(1007)) - Added filter static_user_filter (class=org.apache.hadoop.http.lib.StaticUserWebFilter$StaticUserFilter) to context hddsDatanode
2022-11-04 01:07:50,462 [Listener at 127.0.0.1/40125] INFO  http.HttpServer2 (HttpServer2.java:addFilter(1015)) - Added filter static_user_filter (class=org.apache.hadoop.http.lib.StaticUserWebFilter$StaticUserFilter) to context static
2022-11-04 01:07:50,462 [Listener at 127.0.0.1/40125] INFO  http.HttpServer2 (HttpServer2.java:addFilter(1015)) - Added filter static_user_filter (class=org.apache.hadoop.http.lib.StaticUserWebFilter$StaticUserFilter) to context logs
2022-11-04 01:07:50,462 [Listener at 127.0.0.1/40125] INFO  http.HttpServer2 (HttpServer2.java:bindListener(1250)) - Jetty bound to port 46327
2022-11-04 01:07:50,463 [Listener at 127.0.0.1/40125] INFO  server.Server (Server.java:doStart(375)) - jetty-9.4.49.v20220914; built: 2022-09-14T01:07:36.601Z; git: 4231a3b2e4cb8548a412a789936d640a97b1aa0a; jvm 1.8.0_345-b01
2022-11-04 01:07:50,484 [Listener at 127.0.0.1/40125] INFO  server.session (DefaultSessionIdManager.java:doStart(334)) - DefaultSessionIdManager workerName=node0
2022-11-04 01:07:50,485 [Listener at 127.0.0.1/40125] INFO  server.session (DefaultSessionIdManager.java:doStart(339)) - No SessionScavenger set, using defaults
2022-11-04 01:07:50,485 [Listener at 127.0.0.1/40125] INFO  server.session (HouseKeeper.java:startScavenging(132)) - node0 Scavenging every 600000ms
2022-11-04 01:07:50,486 [Listener at 127.0.0.1/40125] INFO  handler.ContextHandler (ContextHandler.java:doStart(921)) - Started o.e.j.s.ServletContextHandler@123a6926{logs,/logs,file:///home/runner/work/ozone/ozone/hadoop-ozone/integration-test/target/log,AVAILABLE}
2022-11-04 01:07:50,486 [Listener at 127.0.0.1/40125] INFO  handler.ContextHandler (ContextHandler.java:doStart(921)) - Started o.e.j.s.ServletContextHandler@76e14d07{static,/static,jar:file:/home/runner/.m2/repository/org/apache/ozone/hdds-container-service/1.3.0-SNAPSHOT/hdds-container-service-1.3.0-SNAPSHOT.jar!/webapps/static,AVAILABLE}
2022-11-04 01:07:50,657 [Listener at 127.0.0.1/40125] INFO  handler.ContextHandler (ContextHandler.java:doStart(921)) - Started o.e.j.w.WebAppContext@1be2c8a4{hddsDatanode,/,file:///tmp/jetty-0_0_0_0-46327-hdds-container-service-1_3_0-SNAPSHOT_jar-_-any-7873442267560325191/webapp/,AVAILABLE}{jar:file:/home/runner/.m2/repository/org/apache/ozone/hdds-container-service/1.3.0-SNAPSHOT/hdds-container-service-1.3.0-SNAPSHOT.jar!/webapps/hddsDatanode}
2022-11-04 01:07:50,658 [Listener at 127.0.0.1/40125] INFO  server.AbstractConnector (AbstractConnector.java:doStart(333)) - Started ServerConnector@f4161d8{HTTP/1.1, (http/1.1)}{0.0.0.0:46327}
2022-11-04 01:07:50,658 [Listener at 127.0.0.1/40125] INFO  server.Server (Server.java:doStart(415)) - Started @8443ms
2022-11-04 01:07:50,659 [Listener at 127.0.0.1/40125] WARN  impl.MetricsSystemImpl (MetricsSystemImpl.java:register(279)) - Sink prometheus already exists!
2022-11-04 01:07:50,659 [Listener at 127.0.0.1/40125] INFO  http.BaseHttpServer (BaseHttpServer.java:updateConnectorAddress(333)) - HTTP server of hddsDatanode listening at http://0.0.0.0:46327
2022-11-04 01:07:50,660 [Listener at 127.0.0.1/40125] WARN  impl.MetricRegistriesImpl (MetricRegistriesImpl.java:addReporterRegistration(111)) - New reporters are added after registries were created. Some metrics will be missing from the reporter. Please add reporter before adding any new registry.
2022-11-04 01:07:50,660 [Listener at 127.0.0.1/40125] WARN  impl.MetricRegistriesImpl (MetricRegistriesImpl.java:addReporterRegistration(111)) - New reporters are added after registries were created. Some metrics will be missing from the reporter. Please add reporter before adding any new registry.
2022-11-04 01:07:50,660 [Listener at 127.0.0.1/40125] INFO  impl.MetricsSystemImpl (MetricsSystemImpl.java:init(158)) - HddsDatanode metrics system started (again)
2022-11-04 01:07:50,666 [Datanode State Machine Daemon Thread] INFO  statemachine.DatanodeStateMachine (DatanodeStateMachine.java:lambda$startDaemon$0(505)) - Ozone container server started.
2022-11-04 01:07:50,680 [Listener at 127.0.0.1/40125] INFO  ozone.HddsDatanodeService (HddsDatanodeService.java:start(236)) - HddsDatanodeService host:fv-az39-323.yumyzuo2tp0ejekjjwodrrku4b.bx.internal.cloudapp.net ip:10.1.0.17
2022-11-04 01:07:50,680 [org.apache.hadoop.util.JvmPauseMonitor$Monitor@69a3380c] INFO  util.JvmPauseMonitor (JvmPauseMonitor.java:run(188)) - Starting JVM pause monitor
2022-11-04 01:07:50,686 [Datanode State Machine Task Thread - 0] INFO  datanode.InitDatanodeState (InitDatanodeState.java:persistContainerDatanodeDetails(138)) - DatanodeDetails is persisted to /home/runner/work/ozone/ozone/hadoop-ozone/integration-test/target/test-dir/MiniOzoneClusterImpl-e654cb93-8a46-4732-947e-f27e0a8f69eb/datanode-2/meta/datanode.id
2022-11-04 01:07:50,719 [Listener at 127.0.0.1/40125] INFO  upgrade.AbstractLayoutVersionManager (AbstractLayoutVersionManager.java:init(83)) - Initializing Layout version manager with metadata layout = DATANODE_SCHEMA_V3 (version = 4), software layout = DATANODE_SCHEMA_V3 (version = 4)
2022-11-04 01:07:50,761 [Listener at 127.0.0.1/40125] INFO  reflections.Reflections (Reflections.java:scan(232)) - Reflections took 41 ms to scan 7 urls, producing 139 keys and 336 values 
2022-11-04 01:07:50,762 [Listener at 127.0.0.1/40125] INFO  statemachine.DatanodeStateMachine (DatanodeStateMachine.java:getEndPointTaskThreadPoolSize(245)) - Datanode State Machine Task Thread Pool size 2
2022-11-04 01:07:50,764 [Listener at 127.0.0.1/40125] INFO  volume.HddsVolume (HddsVolume.java:<init>(117)) - Creating HddsVolume: /home/runner/work/ozone/ozone/hadoop-ozone/integration-test/target/test-dir/MiniOzoneClusterImpl-e654cb93-8a46-4732-947e-f27e0a8f69eb/datanode-3/data-0/containers/hdds of storage type : DISK capacity : 9223372036854775807
2022-11-04 01:07:50,765 [Listener at 127.0.0.1/40125] INFO  volume.MutableVolumeSet (MutableVolumeSet.java:initializeVolumeSet(174)) - Added Volume : /home/runner/work/ozone/ozone/hadoop-ozone/integration-test/target/test-dir/MiniOzoneClusterImpl-e654cb93-8a46-4732-947e-f27e0a8f69eb/datanode-3/data-0/containers/hdds to VolumeSet
2022-11-04 01:07:50,765 [Listener at 127.0.0.1/40125] INFO  volume.ThrottledAsyncChecker (ThrottledAsyncChecker.java:schedule(141)) - Scheduling a check for /home/runner/work/ozone/ozone/hadoop-ozone/integration-test/target/test-dir/MiniOzoneClusterImpl-e654cb93-8a46-4732-947e-f27e0a8f69eb/datanode-3/data-0/containers/hdds
2022-11-04 01:07:50,767 [Listener at 127.0.0.1/40125] INFO  volume.StorageVolumeChecker (StorageVolumeChecker.java:checkAllVolumes(202)) - Scheduled health check for volume /home/runner/work/ozone/ozone/hadoop-ozone/integration-test/target/test-dir/MiniOzoneClusterImpl-e654cb93-8a46-4732-947e-f27e0a8f69eb/datanode-3/data-0/containers/hdds
2022-11-04 01:07:50,778 [Listener at 127.0.0.1/40125] INFO  volume.MutableVolumeSet (MutableVolumeSet.java:initializeVolumeSet(174)) - Added Volume : /home/runner/work/ozone/ozone/hadoop-ozone/integration-test/target/test-dir/MiniOzoneClusterImpl-e654cb93-8a46-4732-947e-f27e0a8f69eb/datanode-3/data/ratis to VolumeSet
2022-11-04 01:07:50,778 [Listener at 127.0.0.1/40125] INFO  volume.ThrottledAsyncChecker (ThrottledAsyncChecker.java:schedule(141)) - Scheduling a check for /home/runner/work/ozone/ozone/hadoop-ozone/integration-test/target/test-dir/MiniOzoneClusterImpl-e654cb93-8a46-4732-947e-f27e0a8f69eb/datanode-3/data/ratis
2022-11-04 01:07:50,778 [Listener at 127.0.0.1/40125] INFO  volume.StorageVolumeChecker (StorageVolumeChecker.java:checkAllVolumes(202)) - Scheduled health check for volume /home/runner/work/ozone/ozone/hadoop-ozone/integration-test/target/test-dir/MiniOzoneClusterImpl-e654cb93-8a46-4732-947e-f27e0a8f69eb/datanode-3/data/ratis
2022-11-04 01:07:50,796 [Thread-177] INFO  ozoneimpl.ContainerReader (ContainerReader.java:readVolume(175)) - Finish verifying containers on volume /home/runner/work/ozone/ozone/hadoop-ozone/integration-test/target/test-dir/MiniOzoneClusterImpl-e654cb93-8a46-4732-947e-f27e0a8f69eb/datanode-3/data-0/containers/hdds
2022-11-04 01:07:50,796 [Listener at 127.0.0.1/40125] INFO  ozoneimpl.OzoneContainer (OzoneContainer.java:buildContainerSet(300)) - Build ContainerSet costs 0s
2022-11-04 01:07:50,799 [Listener at 127.0.0.1/40125] INFO  server.RaftServer (ConfUtils.java:logGet(46)) - raft.rpc.type = GRPC (default)
2022-11-04 01:07:50,799 [Listener at 127.0.0.1/40125] INFO  grpc.GrpcConfigKeys (ConfUtils.java:logFallback(53)) - raft.grpc.admin.host = null (fallback to raft.grpc.server.host)
2022-11-04 01:07:50,799 [Listener at 127.0.0.1/40125] INFO  grpc.GrpcConfigKeys (ConfUtils.java:logGet(46)) - raft.grpc.admin.port = 0 (custom)
2022-11-04 01:07:50,800 [Listener at 127.0.0.1/40125] INFO  grpc.GrpcConfigKeys (ConfUtils.java:logFallback(53)) - raft.grpc.client.host = null (fallback to raft.grpc.server.host)
2022-11-04 01:07:50,800 [Listener at 127.0.0.1/40125] INFO  grpc.GrpcConfigKeys (ConfUtils.java:logGet(46)) - raft.grpc.client.port = 0 (custom)
2022-11-04 01:07:50,800 [Listener at 127.0.0.1/40125] INFO  grpc.GrpcConfigKeys (ConfUtils.java:logGet(46)) - raft.grpc.server.host = null (default)
2022-11-04 01:07:50,800 [Listener at 127.0.0.1/40125] INFO  grpc.GrpcConfigKeys (ConfUtils.java:logGet(46)) - raft.grpc.server.port = 0 (default)
2022-11-04 01:07:50,800 [Listener at 127.0.0.1/40125] INFO  server.GrpcService (ConfUtils.java:logGet(46)) - raft.grpc.message.size.max = 32MB (=33554432) (custom)
2022-11-04 01:07:50,800 [Listener at 127.0.0.1/40125] INFO  server.RaftServerConfigKeys (ConfUtils.java:logGet(46)) - raft.server.log.appender.buffer.byte-limit = 33554432 (custom)
2022-11-04 01:07:50,800 [Listener at 127.0.0.1/40125] INFO  server.GrpcService (ConfUtils.java:logGet(46)) - raft.grpc.flow.control.window = 5MB (=5242880) (custom)
2022-11-04 01:07:50,801 [Listener at 127.0.0.1/40125] INFO  server.RaftServerConfigKeys (ConfUtils.java:logGet(46)) - raft.server.rpc.request.timeout = 60s (custom)
2022-11-04 01:07:50,801 [Listener at 127.0.0.1/40125] INFO  grpc.GrpcConfigKeys (ConfUtils.java:logGet(46)) - raft.grpc.server.heartbeat.channel = true (default)
2022-11-04 01:07:50,801 [Listener at 127.0.0.1/40125] INFO  grpc.GrpcConfigKeys (ConfUtils.java:logGet(46)) - raft.grpc.server.async.request.thread.pool.cached = true (default)
2022-11-04 01:07:50,801 [Listener at 127.0.0.1/40125] INFO  grpc.GrpcConfigKeys (ConfUtils.java:logGet(46)) - raft.grpc.server.async.request.thread.pool.size = 32 (default)
2022-11-04 01:07:50,802 [Listener at 127.0.0.1/40125] INFO  impl.DataStreamServerImpl (ConfUtils.java:logGet(46)) - raft.datastream.type = DISABLED (default)
2022-11-04 01:07:50,802 [Listener at 127.0.0.1/40125] INFO  server.RaftServerConfigKeys (ConfUtils.java:logGet(46)) - raft.server.threadpool.proxy.cached = true (default)
2022-11-04 01:07:50,802 [Listener at 127.0.0.1/40125] INFO  server.RaftServerConfigKeys (ConfUtils.java:logGet(46)) - raft.server.threadpool.proxy.size = 0 (default)
2022-11-04 01:07:50,802 [Listener at 127.0.0.1/40125] INFO  server.RaftServerConfigKeys (ConfUtils.java:logGet(46)) - raft.server.rpc.slowness.timeout = 300s (custom)
2022-11-04 01:07:50,802 [Listener at 127.0.0.1/40125] INFO  server.RaftServerConfigKeys (ConfUtils.java:logGet(46)) - raft.server.leaderelection.leader.step-down.wait-time = 10s (default)
2022-11-04 01:07:50,803 [Listener at 127.0.0.1/40125] INFO  server.RaftServerConfigKeys (ConfUtils.java:logGet(46)) - raft.server.storage.dir = [/home/runner/work/ozone/ozone/hadoop-ozone/integration-test/target/test-dir/MiniOzoneClusterImpl-e654cb93-8a46-4732-947e-f27e0a8f69eb/datanode-3/data/ratis] (custom)
2022-11-04 01:07:50,806 [Listener at 127.0.0.1/40125] INFO  server.XceiverServerGrpc (XceiverServerGrpc.java:<init>(132)) - GrpcServer channel type EpollServerSocketChannel
2022-11-04 01:07:50,810 [Listener at 127.0.0.1/40125] INFO  http.BaseHttpServer (BaseHttpServer.java:newHttpServer2BuilderForOzone(213)) - Starting Web-server for hddsDatanode at: http://0.0.0.0:0
2022-11-04 01:07:50,810 [Listener at 127.0.0.1/40125] INFO  http.BaseHttpServer (BaseHttpServer.java:<init>(108)) - Hadoop Security Enabled: false Ozone Security Enabled: false Ozone HTTP Security Enabled: false 
2022-11-04 01:07:50,811 [Listener at 127.0.0.1/40125] WARN  server.AuthenticationFilter (AuthenticationFilter.java:constructSecretProvider(240)) - Unable to initialize FileSignerSecretProvider, falling back to use random secrets. Reason: Could not read signature secret file: /home/runner/hadoop-http-auth-signature-secret
2022-11-04 01:07:50,812 [Listener at 127.0.0.1/40125] WARN  http.HttpRequestLog (HttpRequestLog.java:getRequestLog(103)) - Jetty request log can only be enabled using Log4j
2022-11-04 01:07:50,813 [Listener at 127.0.0.1/40125] INFO  http.HttpServer2 (HttpServer2.java:addGlobalFilter(1031)) - Added global filter 'safety' (class=org.apache.hadoop.hdds.server.http.HttpServer2$QuotingInputFilter)
2022-11-04 01:07:50,814 [Listener at 127.0.0.1/40125] INFO  http.HttpServer2 (HttpServer2.java:addFilter(1007)) - Added filter static_user_filter (class=org.apache.hadoop.http.lib.StaticUserWebFilter$StaticUserFilter) to context hddsDatanode
2022-11-04 01:07:50,814 [Listener at 127.0.0.1/40125] INFO  http.HttpServer2 (HttpServer2.java:addFilter(1015)) - Added filter static_user_filter (class=org.apache.hadoop.http.lib.StaticUserWebFilter$StaticUserFilter) to context logs
2022-11-04 01:07:50,814 [Listener at 127.0.0.1/40125] INFO  http.HttpServer2 (HttpServer2.java:addFilter(1015)) - Added filter static_user_filter (class=org.apache.hadoop.http.lib.StaticUserWebFilter$StaticUserFilter) to context static
2022-11-04 01:07:50,815 [Listener at 127.0.0.1/40125] INFO  http.HttpServer2 (HttpServer2.java:bindListener(1250)) - Jetty bound to port 40915
2022-11-04 01:07:50,815 [Listener at 127.0.0.1/40125] INFO  server.Server (Server.java:doStart(375)) - jetty-9.4.49.v20220914; built: 2022-09-14T01:07:36.601Z; git: 4231a3b2e4cb8548a412a789936d640a97b1aa0a; jvm 1.8.0_345-b01
2022-11-04 01:07:50,824 [Listener at 127.0.0.1/40125] INFO  server.session (DefaultSessionIdManager.java:doStart(334)) - DefaultSessionIdManager workerName=node0
2022-11-04 01:07:50,824 [Listener at 127.0.0.1/40125] INFO  server.session (DefaultSessionIdManager.java:doStart(339)) - No SessionScavenger set, using defaults
2022-11-04 01:07:50,824 [Listener at 127.0.0.1/40125] INFO  server.session (HouseKeeper.java:startScavenging(132)) - node0 Scavenging every 660000ms
2022-11-04 01:07:50,825 [Listener at 127.0.0.1/40125] INFO  handler.ContextHandler (ContextHandler.java:doStart(921)) - Started o.e.j.s.ServletContextHandler@2c567743{logs,/logs,file:///home/runner/work/ozone/ozone/hadoop-ozone/integration-test/target/log,AVAILABLE}
2022-11-04 01:07:50,825 [Listener at 127.0.0.1/40125] INFO  handler.ContextHandler (ContextHandler.java:doStart(921)) - Started o.e.j.s.ServletContextHandler@62bc8312{static,/static,jar:file:/home/runner/.m2/repository/org/apache/ozone/hdds-container-service/1.3.0-SNAPSHOT/hdds-container-service-1.3.0-SNAPSHOT.jar!/webapps/static,AVAILABLE}
2022-11-04 01:07:50,997 [Listener at 127.0.0.1/40125] INFO  handler.ContextHandler (ContextHandler.java:doStart(921)) - Started o.e.j.w.WebAppContext@44ba8747{hddsDatanode,/,file:///tmp/jetty-0_0_0_0-40915-hdds-container-service-1_3_0-SNAPSHOT_jar-_-any-8382329857492831897/webapp/,AVAILABLE}{jar:file:/home/runner/.m2/repository/org/apache/ozone/hdds-container-service/1.3.0-SNAPSHOT/hdds-container-service-1.3.0-SNAPSHOT.jar!/webapps/hddsDatanode}
2022-11-04 01:07:50,998 [Listener at 127.0.0.1/40125] INFO  server.AbstractConnector (AbstractConnector.java:doStart(333)) - Started ServerConnector@55cc19ee{HTTP/1.1, (http/1.1)}{0.0.0.0:40915}
2022-11-04 01:07:50,999 [Listener at 127.0.0.1/40125] INFO  server.Server (Server.java:doStart(415)) - Started @8783ms
2022-11-04 01:07:50,999 [Listener at 127.0.0.1/40125] WARN  impl.MetricsSystemImpl (MetricsSystemImpl.java:register(279)) - Sink prometheus already exists!
2022-11-04 01:07:50,999 [Listener at 127.0.0.1/40125] INFO  http.BaseHttpServer (BaseHttpServer.java:updateConnectorAddress(333)) - HTTP server of hddsDatanode listening at http://0.0.0.0:40915
2022-11-04 01:07:51,003 [Listener at 127.0.0.1/40125] WARN  impl.MetricRegistriesImpl (MetricRegistriesImpl.java:addReporterRegistration(111)) - New reporters are added after registries were created. Some metrics will be missing from the reporter. Please add reporter before adding any new registry.
2022-11-04 01:07:51,003 [Listener at 127.0.0.1/40125] WARN  impl.MetricRegistriesImpl (MetricRegistriesImpl.java:addReporterRegistration(111)) - New reporters are added after registries were created. Some metrics will be missing from the reporter. Please add reporter before adding any new registry.
2022-11-04 01:07:51,004 [Listener at 127.0.0.1/40125] INFO  impl.MetricsSystemImpl (MetricsSystemImpl.java:init(158)) - HddsDatanode metrics system started (again)
2022-11-04 01:07:51,006 [Datanode State Machine Daemon Thread] INFO  statemachine.DatanodeStateMachine (DatanodeStateMachine.java:lambda$startDaemon$0(505)) - Ozone container server started.
2022-11-04 01:07:51,018 [Listener at 127.0.0.1/40125] INFO  ozone.HddsDatanodeService (HddsDatanodeService.java:start(236)) - HddsDatanodeService host:fv-az39-323.yumyzuo2tp0ejekjjwodrrku4b.bx.internal.cloudapp.net ip:10.1.0.17
2022-11-04 01:07:51,027 [org.apache.hadoop.util.JvmPauseMonitor$Monitor@40e8813d] INFO  util.JvmPauseMonitor (JvmPauseMonitor.java:run(188)) - Starting JVM pause monitor
2022-11-04 01:07:51,028 [Datanode State Machine Task Thread - 0] INFO  datanode.InitDatanodeState (InitDatanodeState.java:persistContainerDatanodeDetails(138)) - DatanodeDetails is persisted to /home/runner/work/ozone/ozone/hadoop-ozone/integration-test/target/test-dir/MiniOzoneClusterImpl-e654cb93-8a46-4732-947e-f27e0a8f69eb/datanode-3/meta/datanode.id
2022-11-04 01:07:51,042 [Listener at 127.0.0.1/40125] INFO  upgrade.AbstractLayoutVersionManager (AbstractLayoutVersionManager.java:init(83)) - Initializing Layout version manager with metadata layout = DATANODE_SCHEMA_V3 (version = 4), software layout = DATANODE_SCHEMA_V3 (version = 4)
2022-11-04 01:07:51,085 [Listener at 127.0.0.1/40125] INFO  reflections.Reflections (Reflections.java:scan(232)) - Reflections took 42 ms to scan 7 urls, producing 139 keys and 336 values 
2022-11-04 01:07:51,086 [Listener at 127.0.0.1/40125] INFO  statemachine.DatanodeStateMachine (DatanodeStateMachine.java:getEndPointTaskThreadPoolSize(245)) - Datanode State Machine Task Thread Pool size 2
2022-11-04 01:07:51,091 [Listener at 127.0.0.1/40125] INFO  volume.HddsVolume (HddsVolume.java:<init>(117)) - Creating HddsVolume: /home/runner/work/ozone/ozone/hadoop-ozone/integration-test/target/test-dir/MiniOzoneClusterImpl-e654cb93-8a46-4732-947e-f27e0a8f69eb/datanode-4/data-0/containers/hdds of storage type : DISK capacity : 9223372036854775807
2022-11-04 01:07:51,091 [Listener at 127.0.0.1/40125] INFO  volume.MutableVolumeSet (MutableVolumeSet.java:initializeVolumeSet(174)) - Added Volume : /home/runner/work/ozone/ozone/hadoop-ozone/integration-test/target/test-dir/MiniOzoneClusterImpl-e654cb93-8a46-4732-947e-f27e0a8f69eb/datanode-4/data-0/containers/hdds to VolumeSet
2022-11-04 01:07:51,091 [Listener at 127.0.0.1/40125] INFO  volume.ThrottledAsyncChecker (ThrottledAsyncChecker.java:schedule(141)) - Scheduling a check for /home/runner/work/ozone/ozone/hadoop-ozone/integration-test/target/test-dir/MiniOzoneClusterImpl-e654cb93-8a46-4732-947e-f27e0a8f69eb/datanode-4/data-0/containers/hdds
2022-11-04 01:07:51,096 [Listener at 127.0.0.1/40125] INFO  volume.StorageVolumeChecker (StorageVolumeChecker.java:checkAllVolumes(202)) - Scheduled health check for volume /home/runner/work/ozone/ozone/hadoop-ozone/integration-test/target/test-dir/MiniOzoneClusterImpl-e654cb93-8a46-4732-947e-f27e0a8f69eb/datanode-4/data-0/containers/hdds
2022-11-04 01:07:51,107 [Listener at 127.0.0.1/40125] INFO  volume.MutableVolumeSet (MutableVolumeSet.java:initializeVolumeSet(174)) - Added Volume : /home/runner/work/ozone/ozone/hadoop-ozone/integration-test/target/test-dir/MiniOzoneClusterImpl-e654cb93-8a46-4732-947e-f27e0a8f69eb/datanode-4/data/ratis to VolumeSet
2022-11-04 01:07:51,107 [Listener at 127.0.0.1/40125] INFO  volume.ThrottledAsyncChecker (ThrottledAsyncChecker.java:schedule(141)) - Scheduling a check for /home/runner/work/ozone/ozone/hadoop-ozone/integration-test/target/test-dir/MiniOzoneClusterImpl-e654cb93-8a46-4732-947e-f27e0a8f69eb/datanode-4/data/ratis
2022-11-04 01:07:51,107 [Listener at 127.0.0.1/40125] INFO  volume.StorageVolumeChecker (StorageVolumeChecker.java:checkAllVolumes(202)) - Scheduled health check for volume /home/runner/work/ozone/ozone/hadoop-ozone/integration-test/target/test-dir/MiniOzoneClusterImpl-e654cb93-8a46-4732-947e-f27e0a8f69eb/datanode-4/data/ratis
2022-11-04 01:07:51,118 [Thread-190] INFO  ozoneimpl.ContainerReader (ContainerReader.java:readVolume(175)) - Finish verifying containers on volume /home/runner/work/ozone/ozone/hadoop-ozone/integration-test/target/test-dir/MiniOzoneClusterImpl-e654cb93-8a46-4732-947e-f27e0a8f69eb/datanode-4/data-0/containers/hdds
2022-11-04 01:07:51,118 [Listener at 127.0.0.1/40125] INFO  ozoneimpl.OzoneContainer (OzoneContainer.java:buildContainerSet(300)) - Build ContainerSet costs 0s
2022-11-04 01:07:51,121 [Listener at 127.0.0.1/40125] INFO  server.RaftServer (ConfUtils.java:logGet(46)) - raft.rpc.type = GRPC (default)
2022-11-04 01:07:51,121 [Listener at 127.0.0.1/40125] INFO  grpc.GrpcConfigKeys (ConfUtils.java:logFallback(53)) - raft.grpc.admin.host = null (fallback to raft.grpc.server.host)
2022-11-04 01:07:51,121 [Listener at 127.0.0.1/40125] INFO  grpc.GrpcConfigKeys (ConfUtils.java:logGet(46)) - raft.grpc.admin.port = 0 (custom)
2022-11-04 01:07:51,121 [Listener at 127.0.0.1/40125] INFO  grpc.GrpcConfigKeys (ConfUtils.java:logFallback(53)) - raft.grpc.client.host = null (fallback to raft.grpc.server.host)
2022-11-04 01:07:51,121 [Listener at 127.0.0.1/40125] INFO  grpc.GrpcConfigKeys (ConfUtils.java:logGet(46)) - raft.grpc.client.port = 0 (custom)
2022-11-04 01:07:51,121 [Listener at 127.0.0.1/40125] INFO  grpc.GrpcConfigKeys (ConfUtils.java:logGet(46)) - raft.grpc.server.host = null (default)
2022-11-04 01:07:51,121 [Listener at 127.0.0.1/40125] INFO  grpc.GrpcConfigKeys (ConfUtils.java:logGet(46)) - raft.grpc.server.port = 0 (default)
2022-11-04 01:07:51,122 [Listener at 127.0.0.1/40125] INFO  server.GrpcService (ConfUtils.java:logGet(46)) - raft.grpc.message.size.max = 32MB (=33554432) (custom)
2022-11-04 01:07:51,122 [Listener at 127.0.0.1/40125] INFO  server.RaftServerConfigKeys (ConfUtils.java:logGet(46)) - raft.server.log.appender.buffer.byte-limit = 33554432 (custom)
2022-11-04 01:07:51,122 [Listener at 127.0.0.1/40125] INFO  server.GrpcService (ConfUtils.java:logGet(46)) - raft.grpc.flow.control.window = 5MB (=5242880) (custom)
2022-11-04 01:07:51,122 [Listener at 127.0.0.1/40125] INFO  server.RaftServerConfigKeys (ConfUtils.java:logGet(46)) - raft.server.rpc.request.timeout = 60s (custom)
2022-11-04 01:07:51,122 [Listener at 127.0.0.1/40125] INFO  grpc.GrpcConfigKeys (ConfUtils.java:logGet(46)) - raft.grpc.server.heartbeat.channel = true (default)
2022-11-04 01:07:51,122 [Listener at 127.0.0.1/40125] INFO  grpc.GrpcConfigKeys (ConfUtils.java:logGet(46)) - raft.grpc.server.async.request.thread.pool.cached = true (default)
2022-11-04 01:07:51,122 [Listener at 127.0.0.1/40125] INFO  grpc.GrpcConfigKeys (ConfUtils.java:logGet(46)) - raft.grpc.server.async.request.thread.pool.size = 32 (default)
2022-11-04 01:07:51,123 [Listener at 127.0.0.1/40125] INFO  impl.DataStreamServerImpl (ConfUtils.java:logGet(46)) - raft.datastream.type = DISABLED (default)
2022-11-04 01:07:51,124 [Listener at 127.0.0.1/40125] INFO  server.RaftServerConfigKeys (ConfUtils.java:logGet(46)) - raft.server.threadpool.proxy.cached = true (default)
2022-11-04 01:07:51,124 [Listener at 127.0.0.1/40125] INFO  server.RaftServerConfigKeys (ConfUtils.java:logGet(46)) - raft.server.threadpool.proxy.size = 0 (default)
2022-11-04 01:07:51,124 [Listener at 127.0.0.1/40125] INFO  server.RaftServerConfigKeys (ConfUtils.java:logGet(46)) - raft.server.rpc.slowness.timeout = 300s (custom)
2022-11-04 01:07:51,124 [Listener at 127.0.0.1/40125] INFO  server.RaftServerConfigKeys (ConfUtils.java:logGet(46)) - raft.server.leaderelection.leader.step-down.wait-time = 10s (default)
2022-11-04 01:07:51,124 [Listener at 127.0.0.1/40125] INFO  server.RaftServerConfigKeys (ConfUtils.java:logGet(46)) - raft.server.storage.dir = [/home/runner/work/ozone/ozone/hadoop-ozone/integration-test/target/test-dir/MiniOzoneClusterImpl-e654cb93-8a46-4732-947e-f27e0a8f69eb/datanode-4/data/ratis] (custom)
2022-11-04 01:07:51,128 [Listener at 127.0.0.1/40125] INFO  server.XceiverServerGrpc (XceiverServerGrpc.java:<init>(132)) - GrpcServer channel type EpollServerSocketChannel
2022-11-04 01:07:51,134 [Listener at 127.0.0.1/40125] INFO  http.BaseHttpServer (BaseHttpServer.java:newHttpServer2BuilderForOzone(213)) - Starting Web-server for hddsDatanode at: http://0.0.0.0:0
2022-11-04 01:07:51,135 [Listener at 127.0.0.1/40125] INFO  http.BaseHttpServer (BaseHttpServer.java:<init>(108)) - Hadoop Security Enabled: false Ozone Security Enabled: false Ozone HTTP Security Enabled: false 
2022-11-04 01:07:51,136 [Listener at 127.0.0.1/40125] WARN  server.AuthenticationFilter (AuthenticationFilter.java:constructSecretProvider(240)) - Unable to initialize FileSignerSecretProvider, falling back to use random secrets. Reason: Could not read signature secret file: /home/runner/hadoop-http-auth-signature-secret
2022-11-04 01:07:51,137 [Listener at 127.0.0.1/40125] WARN  http.HttpRequestLog (HttpRequestLog.java:getRequestLog(103)) - Jetty request log can only be enabled using Log4j
2022-11-04 01:07:51,138 [Listener at 127.0.0.1/40125] INFO  http.HttpServer2 (HttpServer2.java:addGlobalFilter(1031)) - Added global filter 'safety' (class=org.apache.hadoop.hdds.server.http.HttpServer2$QuotingInputFilter)
2022-11-04 01:07:51,139 [Listener at 127.0.0.1/40125] INFO  http.HttpServer2 (HttpServer2.java:addFilter(1007)) - Added filter static_user_filter (class=org.apache.hadoop.http.lib.StaticUserWebFilter$StaticUserFilter) to context hddsDatanode
2022-11-04 01:07:51,139 [Listener at 127.0.0.1/40125] INFO  http.HttpServer2 (HttpServer2.java:addFilter(1015)) - Added filter static_user_filter (class=org.apache.hadoop.http.lib.StaticUserWebFilter$StaticUserFilter) to context static
2022-11-04 01:07:51,140 [Listener at 127.0.0.1/40125] INFO  http.HttpServer2 (HttpServer2.java:addFilter(1015)) - Added filter static_user_filter (class=org.apache.hadoop.http.lib.StaticUserWebFilter$StaticUserFilter) to context logs
2022-11-04 01:07:51,140 [Listener at 127.0.0.1/40125] INFO  http.HttpServer2 (HttpServer2.java:bindListener(1250)) - Jetty bound to port 37033
2022-11-04 01:07:51,140 [Listener at 127.0.0.1/40125] INFO  server.Server (Server.java:doStart(375)) - jetty-9.4.49.v20220914; built: 2022-09-14T01:07:36.601Z; git: 4231a3b2e4cb8548a412a789936d640a97b1aa0a; jvm 1.8.0_345-b01
2022-11-04 01:07:51,142 [Listener at 127.0.0.1/40125] INFO  server.session (DefaultSessionIdManager.java:doStart(334)) - DefaultSessionIdManager workerName=node0
2022-11-04 01:07:51,142 [Listener at 127.0.0.1/40125] INFO  server.session (DefaultSessionIdManager.java:doStart(339)) - No SessionScavenger set, using defaults
2022-11-04 01:07:51,142 [Listener at 127.0.0.1/40125] INFO  server.session (HouseKeeper.java:startScavenging(132)) - node0 Scavenging every 660000ms
2022-11-04 01:07:51,143 [Listener at 127.0.0.1/40125] INFO  handler.ContextHandler (ContextHandler.java:doStart(921)) - Started o.e.j.s.ServletContextHandler@18bd405b{logs,/logs,file:///home/runner/work/ozone/ozone/hadoop-ozone/integration-test/target/log,AVAILABLE}
2022-11-04 01:07:51,144 [Listener at 127.0.0.1/40125] INFO  handler.ContextHandler (ContextHandler.java:doStart(921)) - Started o.e.j.s.ServletContextHandler@27cac84b{static,/static,jar:file:/home/runner/.m2/repository/org/apache/ozone/hdds-container-service/1.3.0-SNAPSHOT/hdds-container-service-1.3.0-SNAPSHOT.jar!/webapps/static,AVAILABLE}
2022-11-04 01:07:51,316 [Listener at 127.0.0.1/40125] INFO  handler.ContextHandler (ContextHandler.java:doStart(921)) - Started o.e.j.w.WebAppContext@79a6e0e6{hddsDatanode,/,file:///tmp/jetty-0_0_0_0-37033-hdds-container-service-1_3_0-SNAPSHOT_jar-_-any-8680155016065345255/webapp/,AVAILABLE}{jar:file:/home/runner/.m2/repository/org/apache/ozone/hdds-container-service/1.3.0-SNAPSHOT/hdds-container-service-1.3.0-SNAPSHOT.jar!/webapps/hddsDatanode}
2022-11-04 01:07:51,321 [Listener at 127.0.0.1/40125] INFO  server.AbstractConnector (AbstractConnector.java:doStart(333)) - Started ServerConnector@24112ec4{HTTP/1.1, (http/1.1)}{0.0.0.0:37033}
2022-11-04 01:07:51,322 [Listener at 127.0.0.1/40125] INFO  server.Server (Server.java:doStart(415)) - Started @9106ms
2022-11-04 01:07:51,322 [Listener at 127.0.0.1/40125] WARN  impl.MetricsSystemImpl (MetricsSystemImpl.java:register(279)) - Sink prometheus already exists!
2022-11-04 01:07:51,323 [Listener at 127.0.0.1/40125] INFO  http.BaseHttpServer (BaseHttpServer.java:updateConnectorAddress(333)) - HTTP server of hddsDatanode listening at http://0.0.0.0:37033
2022-11-04 01:07:51,324 [Datanode State Machine Daemon Thread] INFO  statemachine.DatanodeStateMachine (DatanodeStateMachine.java:lambda$startDaemon$0(505)) - Ozone container server started.
2022-11-04 01:07:51,325 [Listener at 127.0.0.1/40125] WARN  impl.MetricRegistriesImpl (MetricRegistriesImpl.java:addReporterRegistration(111)) - New reporters are added after registries were created. Some metrics will be missing from the reporter. Please add reporter before adding any new registry.
2022-11-04 01:07:51,325 [Listener at 127.0.0.1/40125] WARN  impl.MetricRegistriesImpl (MetricRegistriesImpl.java:addReporterRegistration(111)) - New reporters are added after registries were created. Some metrics will be missing from the reporter. Please add reporter before adding any new registry.
2022-11-04 01:07:51,325 [Listener at 127.0.0.1/40125] INFO  impl.MetricsSystemImpl (MetricsSystemImpl.java:init(158)) - HddsDatanode metrics system started (again)
2022-11-04 01:07:51,330 [org.apache.hadoop.util.JvmPauseMonitor$Monitor@5352b7cf] INFO  util.JvmPauseMonitor (JvmPauseMonitor.java:run(188)) - Starting JVM pause monitor
2022-11-04 01:07:51,342 [Datanode State Machine Task Thread - 0] INFO  datanode.InitDatanodeState (InitDatanodeState.java:persistContainerDatanodeDetails(138)) - DatanodeDetails is persisted to /home/runner/work/ozone/ozone/hadoop-ozone/integration-test/target/test-dir/MiniOzoneClusterImpl-e654cb93-8a46-4732-947e-f27e0a8f69eb/datanode-4/meta/datanode.id
2022-11-04 01:07:51,344 [Listener at 127.0.0.1/40125] INFO  ozone.HddsDatanodeService (HddsDatanodeService.java:start(236)) - HddsDatanodeService host:fv-az39-323.yumyzuo2tp0ejekjjwodrrku4b.bx.internal.cloudapp.net ip:10.1.0.17
2022-11-04 01:07:51,362 [Listener at 127.0.0.1/40125] INFO  upgrade.AbstractLayoutVersionManager (AbstractLayoutVersionManager.java:init(83)) - Initializing Layout version manager with metadata layout = DATANODE_SCHEMA_V3 (version = 4), software layout = DATANODE_SCHEMA_V3 (version = 4)
2022-11-04 01:07:51,408 [Listener at 127.0.0.1/40125] INFO  reflections.Reflections (Reflections.java:scan(232)) - Reflections took 43 ms to scan 7 urls, producing 139 keys and 336 values 
2022-11-04 01:07:51,409 [Listener at 127.0.0.1/40125] INFO  statemachine.DatanodeStateMachine (DatanodeStateMachine.java:getEndPointTaskThreadPoolSize(245)) - Datanode State Machine Task Thread Pool size 2
2022-11-04 01:07:51,411 [Listener at 127.0.0.1/40125] INFO  volume.HddsVolume (HddsVolume.java:<init>(117)) - Creating HddsVolume: /home/runner/work/ozone/ozone/hadoop-ozone/integration-test/target/test-dir/MiniOzoneClusterImpl-e654cb93-8a46-4732-947e-f27e0a8f69eb/datanode-5/data-0/containers/hdds of storage type : DISK capacity : 9223372036854775807
2022-11-04 01:07:51,411 [Listener at 127.0.0.1/40125] INFO  volume.MutableVolumeSet (MutableVolumeSet.java:initializeVolumeSet(174)) - Added Volume : /home/runner/work/ozone/ozone/hadoop-ozone/integration-test/target/test-dir/MiniOzoneClusterImpl-e654cb93-8a46-4732-947e-f27e0a8f69eb/datanode-5/data-0/containers/hdds to VolumeSet
2022-11-04 01:07:51,411 [Listener at 127.0.0.1/40125] INFO  volume.ThrottledAsyncChecker (ThrottledAsyncChecker.java:schedule(141)) - Scheduling a check for /home/runner/work/ozone/ozone/hadoop-ozone/integration-test/target/test-dir/MiniOzoneClusterImpl-e654cb93-8a46-4732-947e-f27e0a8f69eb/datanode-5/data-0/containers/hdds
2022-11-04 01:07:51,415 [Listener at 127.0.0.1/40125] INFO  volume.StorageVolumeChecker (StorageVolumeChecker.java:checkAllVolumes(202)) - Scheduled health check for volume /home/runner/work/ozone/ozone/hadoop-ozone/integration-test/target/test-dir/MiniOzoneClusterImpl-e654cb93-8a46-4732-947e-f27e0a8f69eb/datanode-5/data-0/containers/hdds
2022-11-04 01:07:51,425 [Listener at 127.0.0.1/40125] INFO  volume.MutableVolumeSet (MutableVolumeSet.java:initializeVolumeSet(174)) - Added Volume : /home/runner/work/ozone/ozone/hadoop-ozone/integration-test/target/test-dir/MiniOzoneClusterImpl-e654cb93-8a46-4732-947e-f27e0a8f69eb/datanode-5/data/ratis to VolumeSet
2022-11-04 01:07:51,425 [Listener at 127.0.0.1/40125] INFO  volume.ThrottledAsyncChecker (ThrottledAsyncChecker.java:schedule(141)) - Scheduling a check for /home/runner/work/ozone/ozone/hadoop-ozone/integration-test/target/test-dir/MiniOzoneClusterImpl-e654cb93-8a46-4732-947e-f27e0a8f69eb/datanode-5/data/ratis
2022-11-04 01:07:51,425 [Listener at 127.0.0.1/40125] INFO  volume.StorageVolumeChecker (StorageVolumeChecker.java:checkAllVolumes(202)) - Scheduled health check for volume /home/runner/work/ozone/ozone/hadoop-ozone/integration-test/target/test-dir/MiniOzoneClusterImpl-e654cb93-8a46-4732-947e-f27e0a8f69eb/datanode-5/data/ratis
2022-11-04 01:07:51,437 [Thread-203] INFO  ozoneimpl.ContainerReader (ContainerReader.java:readVolume(175)) - Finish verifying containers on volume /home/runner/work/ozone/ozone/hadoop-ozone/integration-test/target/test-dir/MiniOzoneClusterImpl-e654cb93-8a46-4732-947e-f27e0a8f69eb/datanode-5/data-0/containers/hdds
2022-11-04 01:07:51,437 [Listener at 127.0.0.1/40125] INFO  ozoneimpl.OzoneContainer (OzoneContainer.java:buildContainerSet(300)) - Build ContainerSet costs 0s
2022-11-04 01:07:51,458 [Listener at 127.0.0.1/40125] INFO  server.RaftServer (ConfUtils.java:logGet(46)) - raft.rpc.type = GRPC (default)
2022-11-04 01:07:51,458 [Listener at 127.0.0.1/40125] INFO  grpc.GrpcConfigKeys (ConfUtils.java:logFallback(53)) - raft.grpc.admin.host = null (fallback to raft.grpc.server.host)
2022-11-04 01:07:51,459 [Listener at 127.0.0.1/40125] INFO  grpc.GrpcConfigKeys (ConfUtils.java:logGet(46)) - raft.grpc.admin.port = 0 (custom)
2022-11-04 01:07:51,459 [Listener at 127.0.0.1/40125] INFO  grpc.GrpcConfigKeys (ConfUtils.java:logFallback(53)) - raft.grpc.client.host = null (fallback to raft.grpc.server.host)
2022-11-04 01:07:51,459 [Listener at 127.0.0.1/40125] INFO  grpc.GrpcConfigKeys (ConfUtils.java:logGet(46)) - raft.grpc.client.port = 0 (custom)
2022-11-04 01:07:51,459 [Listener at 127.0.0.1/40125] INFO  grpc.GrpcConfigKeys (ConfUtils.java:logGet(46)) - raft.grpc.server.host = null (default)
2022-11-04 01:07:51,459 [Listener at 127.0.0.1/40125] INFO  grpc.GrpcConfigKeys (ConfUtils.java:logGet(46)) - raft.grpc.server.port = 0 (default)
2022-11-04 01:07:51,459 [Listener at 127.0.0.1/40125] INFO  server.GrpcService (ConfUtils.java:logGet(46)) - raft.grpc.message.size.max = 32MB (=33554432) (custom)
2022-11-04 01:07:51,459 [Listener at 127.0.0.1/40125] INFO  server.RaftServerConfigKeys (ConfUtils.java:logGet(46)) - raft.server.log.appender.buffer.byte-limit = 33554432 (custom)
2022-11-04 01:07:51,459 [Listener at 127.0.0.1/40125] INFO  server.GrpcService (ConfUtils.java:logGet(46)) - raft.grpc.flow.control.window = 5MB (=5242880) (custom)
2022-11-04 01:07:51,460 [Listener at 127.0.0.1/40125] INFO  server.RaftServerConfigKeys (ConfUtils.java:logGet(46)) - raft.server.rpc.request.timeout = 60s (custom)
2022-11-04 01:07:51,460 [Listener at 127.0.0.1/40125] INFO  grpc.GrpcConfigKeys (ConfUtils.java:logGet(46)) - raft.grpc.server.heartbeat.channel = true (default)
2022-11-04 01:07:51,460 [Listener at 127.0.0.1/40125] INFO  grpc.GrpcConfigKeys (ConfUtils.java:logGet(46)) - raft.grpc.server.async.request.thread.pool.cached = true (default)
2022-11-04 01:07:51,460 [Listener at 127.0.0.1/40125] INFO  grpc.GrpcConfigKeys (ConfUtils.java:logGet(46)) - raft.grpc.server.async.request.thread.pool.size = 32 (default)
2022-11-04 01:07:51,461 [Listener at 127.0.0.1/40125] INFO  impl.DataStreamServerImpl (ConfUtils.java:logGet(46)) - raft.datastream.type = DISABLED (default)
2022-11-04 01:07:51,461 [Listener at 127.0.0.1/40125] INFO  server.RaftServerConfigKeys (ConfUtils.java:logGet(46)) - raft.server.threadpool.proxy.cached = true (default)
2022-11-04 01:07:51,461 [Listener at 127.0.0.1/40125] INFO  server.RaftServerConfigKeys (ConfUtils.java:logGet(46)) - raft.server.threadpool.proxy.size = 0 (default)
2022-11-04 01:07:51,461 [Listener at 127.0.0.1/40125] INFO  server.RaftServerConfigKeys (ConfUtils.java:logGet(46)) - raft.server.rpc.slowness.timeout = 300s (custom)
2022-11-04 01:07:51,461 [Listener at 127.0.0.1/40125] INFO  server.RaftServerConfigKeys (ConfUtils.java:logGet(46)) - raft.server.leaderelection.leader.step-down.wait-time = 10s (default)
2022-11-04 01:07:51,462 [Listener at 127.0.0.1/40125] INFO  server.RaftServerConfigKeys (ConfUtils.java:logGet(46)) - raft.server.storage.dir = [/home/runner/work/ozone/ozone/hadoop-ozone/integration-test/target/test-dir/MiniOzoneClusterImpl-e654cb93-8a46-4732-947e-f27e0a8f69eb/datanode-5/data/ratis] (custom)
2022-11-04 01:07:51,463 [Listener at 127.0.0.1/40125] INFO  server.XceiverServerGrpc (XceiverServerGrpc.java:<init>(132)) - GrpcServer channel type EpollServerSocketChannel
2022-11-04 01:07:51,467 [Listener at 127.0.0.1/40125] INFO  http.BaseHttpServer (BaseHttpServer.java:newHttpServer2BuilderForOzone(213)) - Starting Web-server for hddsDatanode at: http://0.0.0.0:0
2022-11-04 01:07:51,467 [Listener at 127.0.0.1/40125] INFO  http.BaseHttpServer (BaseHttpServer.java:<init>(108)) - Hadoop Security Enabled: false Ozone Security Enabled: false Ozone HTTP Security Enabled: false 
2022-11-04 01:07:51,469 [Listener at 127.0.0.1/40125] WARN  server.AuthenticationFilter (AuthenticationFilter.java:constructSecretProvider(240)) - Unable to initialize FileSignerSecretProvider, falling back to use random secrets. Reason: Could not read signature secret file: /home/runner/hadoop-http-auth-signature-secret
2022-11-04 01:07:51,470 [Listener at 127.0.0.1/40125] WARN  http.HttpRequestLog (HttpRequestLog.java:getRequestLog(103)) - Jetty request log can only be enabled using Log4j
2022-11-04 01:07:51,471 [Listener at 127.0.0.1/40125] INFO  http.HttpServer2 (HttpServer2.java:addGlobalFilter(1031)) - Added global filter 'safety' (class=org.apache.hadoop.hdds.server.http.HttpServer2$QuotingInputFilter)
2022-11-04 01:07:51,472 [Listener at 127.0.0.1/40125] INFO  http.HttpServer2 (HttpServer2.java:addFilter(1007)) - Added filter static_user_filter (class=org.apache.hadoop.http.lib.StaticUserWebFilter$StaticUserFilter) to context hddsDatanode
2022-11-04 01:07:51,472 [Listener at 127.0.0.1/40125] INFO  http.HttpServer2 (HttpServer2.java:addFilter(1015)) - Added filter static_user_filter (class=org.apache.hadoop.http.lib.StaticUserWebFilter$StaticUserFilter) to context logs
2022-11-04 01:07:51,472 [Listener at 127.0.0.1/40125] INFO  http.HttpServer2 (HttpServer2.java:addFilter(1015)) - Added filter static_user_filter (class=org.apache.hadoop.http.lib.StaticUserWebFilter$StaticUserFilter) to context static
2022-11-04 01:07:51,472 [Listener at 127.0.0.1/40125] INFO  http.HttpServer2 (HttpServer2.java:bindListener(1250)) - Jetty bound to port 34917
2022-11-04 01:07:51,473 [Listener at 127.0.0.1/40125] INFO  server.Server (Server.java:doStart(375)) - jetty-9.4.49.v20220914; built: 2022-09-14T01:07:36.601Z; git: 4231a3b2e4cb8548a412a789936d640a97b1aa0a; jvm 1.8.0_345-b01
2022-11-04 01:07:51,485 [Listener at 127.0.0.1/40125] INFO  server.session (DefaultSessionIdManager.java:doStart(334)) - DefaultSessionIdManager workerName=node0
2022-11-04 01:07:51,485 [Listener at 127.0.0.1/40125] INFO  server.session (DefaultSessionIdManager.java:doStart(339)) - No SessionScavenger set, using defaults
2022-11-04 01:07:51,485 [Listener at 127.0.0.1/40125] INFO  server.session (HouseKeeper.java:startScavenging(132)) - node0 Scavenging every 600000ms
2022-11-04 01:07:51,486 [Listener at 127.0.0.1/40125] INFO  handler.ContextHandler (ContextHandler.java:doStart(921)) - Started o.e.j.s.ServletContextHandler@5d0011a3{logs,/logs,file:///home/runner/work/ozone/ozone/hadoop-ozone/integration-test/target/log,AVAILABLE}
2022-11-04 01:07:51,486 [Listener at 127.0.0.1/40125] INFO  handler.ContextHandler (ContextHandler.java:doStart(921)) - Started o.e.j.s.ServletContextHandler@63e6d21c{static,/static,jar:file:/home/runner/.m2/repository/org/apache/ozone/hdds-container-service/1.3.0-SNAPSHOT/hdds-container-service-1.3.0-SNAPSHOT.jar!/webapps/static,AVAILABLE}
2022-11-04 01:07:51,656 [Listener at 127.0.0.1/40125] INFO  handler.ContextHandler (ContextHandler.java:doStart(921)) - Started o.e.j.w.WebAppContext@3cc3f137{hddsDatanode,/,file:///tmp/jetty-0_0_0_0-34917-hdds-container-service-1_3_0-SNAPSHOT_jar-_-any-6899984211857252435/webapp/,AVAILABLE}{jar:file:/home/runner/.m2/repository/org/apache/ozone/hdds-container-service/1.3.0-SNAPSHOT/hdds-container-service-1.3.0-SNAPSHOT.jar!/webapps/hddsDatanode}
2022-11-04 01:07:51,657 [Listener at 127.0.0.1/40125] INFO  server.AbstractConnector (AbstractConnector.java:doStart(333)) - Started ServerConnector@131fafba{HTTP/1.1, (http/1.1)}{0.0.0.0:34917}
2022-11-04 01:07:51,657 [Listener at 127.0.0.1/40125] INFO  server.Server (Server.java:doStart(415)) - Started @9442ms
2022-11-04 01:07:51,657 [Listener at 127.0.0.1/40125] WARN  impl.MetricsSystemImpl (MetricsSystemImpl.java:register(279)) - Sink prometheus already exists!
2022-11-04 01:07:51,658 [Listener at 127.0.0.1/40125] INFO  http.BaseHttpServer (BaseHttpServer.java:updateConnectorAddress(333)) - HTTP server of hddsDatanode listening at http://0.0.0.0:34917
2022-11-04 01:07:51,663 [Listener at 127.0.0.1/40125] WARN  impl.MetricRegistriesImpl (MetricRegistriesImpl.java:addReporterRegistration(111)) - New reporters are added after registries were created. Some metrics will be missing from the reporter. Please add reporter before adding any new registry.
2022-11-04 01:07:51,663 [Listener at 127.0.0.1/40125] WARN  impl.MetricRegistriesImpl (MetricRegistriesImpl.java:addReporterRegistration(111)) - New reporters are added after registries were created. Some metrics will be missing from the reporter. Please add reporter before adding any new registry.
2022-11-04 01:07:51,664 [Listener at 127.0.0.1/40125] INFO  impl.MetricsSystemImpl (MetricsSystemImpl.java:init(158)) - HddsDatanode metrics system started (again)
2022-11-04 01:07:51,665 [Datanode State Machine Daemon Thread] INFO  statemachine.DatanodeStateMachine (DatanodeStateMachine.java:lambda$startDaemon$0(505)) - Ozone container server started.
2022-11-04 01:07:51,676 [Listener at 127.0.0.1/40125] INFO  ozone.HddsDatanodeService (HddsDatanodeService.java:start(236)) - HddsDatanodeService host:fv-az39-323.yumyzuo2tp0ejekjjwodrrku4b.bx.internal.cloudapp.net ip:10.1.0.17
2022-11-04 01:07:51,677 [org.apache.hadoop.util.JvmPauseMonitor$Monitor@53adbb91] INFO  util.JvmPauseMonitor (JvmPauseMonitor.java:run(188)) - Starting JVM pause monitor
2022-11-04 01:07:51,680 [Datanode State Machine Task Thread - 0] INFO  datanode.InitDatanodeState (InitDatanodeState.java:persistContainerDatanodeDetails(138)) - DatanodeDetails is persisted to /home/runner/work/ozone/ozone/hadoop-ozone/integration-test/target/test-dir/MiniOzoneClusterImpl-e654cb93-8a46-4732-947e-f27e0a8f69eb/datanode-5/meta/datanode.id
2022-11-04 01:07:51,695 [Listener at 127.0.0.1/40125] INFO  upgrade.AbstractLayoutVersionManager (AbstractLayoutVersionManager.java:init(83)) - Initializing Layout version manager with metadata layout = DATANODE_SCHEMA_V3 (version = 4), software layout = DATANODE_SCHEMA_V3 (version = 4)
2022-11-04 01:07:51,737 [Listener at 127.0.0.1/40125] INFO  reflections.Reflections (Reflections.java:scan(232)) - Reflections took 40 ms to scan 7 urls, producing 139 keys and 336 values 
2022-11-04 01:07:51,738 [Listener at 127.0.0.1/40125] INFO  statemachine.DatanodeStateMachine (DatanodeStateMachine.java:getEndPointTaskThreadPoolSize(245)) - Datanode State Machine Task Thread Pool size 2
2022-11-04 01:07:51,739 [Listener at 127.0.0.1/40125] INFO  volume.HddsVolume (HddsVolume.java:<init>(117)) - Creating HddsVolume: /home/runner/work/ozone/ozone/hadoop-ozone/integration-test/target/test-dir/MiniOzoneClusterImpl-e654cb93-8a46-4732-947e-f27e0a8f69eb/datanode-6/data-0/containers/hdds of storage type : DISK capacity : 9223372036854775807
2022-11-04 01:07:51,740 [Listener at 127.0.0.1/40125] INFO  volume.MutableVolumeSet (MutableVolumeSet.java:initializeVolumeSet(174)) - Added Volume : /home/runner/work/ozone/ozone/hadoop-ozone/integration-test/target/test-dir/MiniOzoneClusterImpl-e654cb93-8a46-4732-947e-f27e0a8f69eb/datanode-6/data-0/containers/hdds to VolumeSet
2022-11-04 01:07:51,740 [Listener at 127.0.0.1/40125] INFO  volume.ThrottledAsyncChecker (ThrottledAsyncChecker.java:schedule(141)) - Scheduling a check for /home/runner/work/ozone/ozone/hadoop-ozone/integration-test/target/test-dir/MiniOzoneClusterImpl-e654cb93-8a46-4732-947e-f27e0a8f69eb/datanode-6/data-0/containers/hdds
2022-11-04 01:07:51,747 [Listener at 127.0.0.1/40125] INFO  volume.StorageVolumeChecker (StorageVolumeChecker.java:checkAllVolumes(202)) - Scheduled health check for volume /home/runner/work/ozone/ozone/hadoop-ozone/integration-test/target/test-dir/MiniOzoneClusterImpl-e654cb93-8a46-4732-947e-f27e0a8f69eb/datanode-6/data-0/containers/hdds
2022-11-04 01:07:51,758 [Listener at 127.0.0.1/40125] INFO  volume.MutableVolumeSet (MutableVolumeSet.java:initializeVolumeSet(174)) - Added Volume : /home/runner/work/ozone/ozone/hadoop-ozone/integration-test/target/test-dir/MiniOzoneClusterImpl-e654cb93-8a46-4732-947e-f27e0a8f69eb/datanode-6/data/ratis to VolumeSet
2022-11-04 01:07:51,758 [Listener at 127.0.0.1/40125] INFO  volume.ThrottledAsyncChecker (ThrottledAsyncChecker.java:schedule(141)) - Scheduling a check for /home/runner/work/ozone/ozone/hadoop-ozone/integration-test/target/test-dir/MiniOzoneClusterImpl-e654cb93-8a46-4732-947e-f27e0a8f69eb/datanode-6/data/ratis
2022-11-04 01:07:51,758 [Listener at 127.0.0.1/40125] INFO  volume.StorageVolumeChecker (StorageVolumeChecker.java:checkAllVolumes(202)) - Scheduled health check for volume /home/runner/work/ozone/ozone/hadoop-ozone/integration-test/target/test-dir/MiniOzoneClusterImpl-e654cb93-8a46-4732-947e-f27e0a8f69eb/datanode-6/data/ratis
2022-11-04 01:07:51,770 [Thread-216] INFO  ozoneimpl.ContainerReader (ContainerReader.java:readVolume(175)) - Finish verifying containers on volume /home/runner/work/ozone/ozone/hadoop-ozone/integration-test/target/test-dir/MiniOzoneClusterImpl-e654cb93-8a46-4732-947e-f27e0a8f69eb/datanode-6/data-0/containers/hdds
2022-11-04 01:07:51,770 [Listener at 127.0.0.1/40125] INFO  ozoneimpl.OzoneContainer (OzoneContainer.java:buildContainerSet(300)) - Build ContainerSet costs 0s
2022-11-04 01:07:51,772 [Listener at 127.0.0.1/40125] INFO  server.RaftServer (ConfUtils.java:logGet(46)) - raft.rpc.type = GRPC (default)
2022-11-04 01:07:51,772 [Listener at 127.0.0.1/40125] INFO  grpc.GrpcConfigKeys (ConfUtils.java:logFallback(53)) - raft.grpc.admin.host = null (fallback to raft.grpc.server.host)
2022-11-04 01:07:51,772 [Listener at 127.0.0.1/40125] INFO  grpc.GrpcConfigKeys (ConfUtils.java:logGet(46)) - raft.grpc.admin.port = 0 (custom)
2022-11-04 01:07:51,772 [Listener at 127.0.0.1/40125] INFO  grpc.GrpcConfigKeys (ConfUtils.java:logFallback(53)) - raft.grpc.client.host = null (fallback to raft.grpc.server.host)
2022-11-04 01:07:51,773 [Listener at 127.0.0.1/40125] INFO  grpc.GrpcConfigKeys (ConfUtils.java:logGet(46)) - raft.grpc.client.port = 0 (custom)
2022-11-04 01:07:51,773 [Listener at 127.0.0.1/40125] INFO  grpc.GrpcConfigKeys (ConfUtils.java:logGet(46)) - raft.grpc.server.host = null (default)
2022-11-04 01:07:51,773 [Listener at 127.0.0.1/40125] INFO  grpc.GrpcConfigKeys (ConfUtils.java:logGet(46)) - raft.grpc.server.port = 0 (default)
2022-11-04 01:07:51,773 [Listener at 127.0.0.1/40125] INFO  server.GrpcService (ConfUtils.java:logGet(46)) - raft.grpc.message.size.max = 32MB (=33554432) (custom)
2022-11-04 01:07:51,773 [Listener at 127.0.0.1/40125] INFO  server.RaftServerConfigKeys (ConfUtils.java:logGet(46)) - raft.server.log.appender.buffer.byte-limit = 33554432 (custom)
2022-11-04 01:07:51,773 [Listener at 127.0.0.1/40125] INFO  server.GrpcService (ConfUtils.java:logGet(46)) - raft.grpc.flow.control.window = 5MB (=5242880) (custom)
2022-11-04 01:07:51,773 [Listener at 127.0.0.1/40125] INFO  server.RaftServerConfigKeys (ConfUtils.java:logGet(46)) - raft.server.rpc.request.timeout = 60s (custom)
2022-11-04 01:07:51,773 [Listener at 127.0.0.1/40125] INFO  grpc.GrpcConfigKeys (ConfUtils.java:logGet(46)) - raft.grpc.server.heartbeat.channel = true (default)
2022-11-04 01:07:51,774 [Listener at 127.0.0.1/40125] INFO  grpc.GrpcConfigKeys (ConfUtils.java:logGet(46)) - raft.grpc.server.async.request.thread.pool.cached = true (default)
2022-11-04 01:07:51,774 [Listener at 127.0.0.1/40125] INFO  grpc.GrpcConfigKeys (ConfUtils.java:logGet(46)) - raft.grpc.server.async.request.thread.pool.size = 32 (default)
2022-11-04 01:07:51,774 [Listener at 127.0.0.1/40125] INFO  impl.DataStreamServerImpl (ConfUtils.java:logGet(46)) - raft.datastream.type = DISABLED (default)
2022-11-04 01:07:51,775 [Listener at 127.0.0.1/40125] INFO  server.RaftServerConfigKeys (ConfUtils.java:logGet(46)) - raft.server.threadpool.proxy.cached = true (default)
2022-11-04 01:07:51,775 [Listener at 127.0.0.1/40125] INFO  server.RaftServerConfigKeys (ConfUtils.java:logGet(46)) - raft.server.threadpool.proxy.size = 0 (default)
2022-11-04 01:07:51,775 [Listener at 127.0.0.1/40125] INFO  server.RaftServerConfigKeys (ConfUtils.java:logGet(46)) - raft.server.rpc.slowness.timeout = 300s (custom)
2022-11-04 01:07:51,775 [Listener at 127.0.0.1/40125] INFO  server.RaftServerConfigKeys (ConfUtils.java:logGet(46)) - raft.server.leaderelection.leader.step-down.wait-time = 10s (default)
2022-11-04 01:07:51,775 [Listener at 127.0.0.1/40125] INFO  server.RaftServerConfigKeys (ConfUtils.java:logGet(46)) - raft.server.storage.dir = [/home/runner/work/ozone/ozone/hadoop-ozone/integration-test/target/test-dir/MiniOzoneClusterImpl-e654cb93-8a46-4732-947e-f27e0a8f69eb/datanode-6/data/ratis] (custom)
2022-11-04 01:07:51,782 [Listener at 127.0.0.1/40125] INFO  server.XceiverServerGrpc (XceiverServerGrpc.java:<init>(132)) - GrpcServer channel type EpollServerSocketChannel
2022-11-04 01:07:51,785 [Listener at 127.0.0.1/40125] INFO  http.BaseHttpServer (BaseHttpServer.java:newHttpServer2BuilderForOzone(213)) - Starting Web-server for hddsDatanode at: http://0.0.0.0:0
2022-11-04 01:07:51,785 [Listener at 127.0.0.1/40125] INFO  http.BaseHttpServer (BaseHttpServer.java:<init>(108)) - Hadoop Security Enabled: false Ozone Security Enabled: false Ozone HTTP Security Enabled: false 
2022-11-04 01:07:51,786 [Listener at 127.0.0.1/40125] WARN  server.AuthenticationFilter (AuthenticationFilter.java:constructSecretProvider(240)) - Unable to initialize FileSignerSecretProvider, falling back to use random secrets. Reason: Could not read signature secret file: /home/runner/hadoop-http-auth-signature-secret
2022-11-04 01:07:51,787 [Listener at 127.0.0.1/40125] WARN  http.HttpRequestLog (HttpRequestLog.java:getRequestLog(103)) - Jetty request log can only be enabled using Log4j
2022-11-04 01:07:51,788 [Listener at 127.0.0.1/40125] INFO  http.HttpServer2 (HttpServer2.java:addGlobalFilter(1031)) - Added global filter 'safety' (class=org.apache.hadoop.hdds.server.http.HttpServer2$QuotingInputFilter)
2022-11-04 01:07:51,789 [Listener at 127.0.0.1/40125] INFO  http.HttpServer2 (HttpServer2.java:addFilter(1007)) - Added filter static_user_filter (class=org.apache.hadoop.http.lib.StaticUserWebFilter$StaticUserFilter) to context hddsDatanode
2022-11-04 01:07:51,789 [Listener at 127.0.0.1/40125] INFO  http.HttpServer2 (HttpServer2.java:addFilter(1015)) - Added filter static_user_filter (class=org.apache.hadoop.http.lib.StaticUserWebFilter$StaticUserFilter) to context logs
2022-11-04 01:07:51,789 [Listener at 127.0.0.1/40125] INFO  http.HttpServer2 (HttpServer2.java:addFilter(1015)) - Added filter static_user_filter (class=org.apache.hadoop.http.lib.StaticUserWebFilter$StaticUserFilter) to context static
2022-11-04 01:07:51,790 [Listener at 127.0.0.1/40125] INFO  http.HttpServer2 (HttpServer2.java:bindListener(1250)) - Jetty bound to port 40667
2022-11-04 01:07:51,790 [Listener at 127.0.0.1/40125] INFO  server.Server (Server.java:doStart(375)) - jetty-9.4.49.v20220914; built: 2022-09-14T01:07:36.601Z; git: 4231a3b2e4cb8548a412a789936d640a97b1aa0a; jvm 1.8.0_345-b01
2022-11-04 01:07:51,793 [Listener at 127.0.0.1/40125] INFO  server.session (DefaultSessionIdManager.java:doStart(334)) - DefaultSessionIdManager workerName=node0
2022-11-04 01:07:51,794 [Listener at 127.0.0.1/40125] INFO  server.session (DefaultSessionIdManager.java:doStart(339)) - No SessionScavenger set, using defaults
2022-11-04 01:07:51,794 [Listener at 127.0.0.1/40125] INFO  server.session (HouseKeeper.java:startScavenging(132)) - node0 Scavenging every 660000ms
2022-11-04 01:07:51,794 [Listener at 127.0.0.1/40125] INFO  handler.ContextHandler (ContextHandler.java:doStart(921)) - Started o.e.j.s.ServletContextHandler@571dab6a{logs,/logs,file:///home/runner/work/ozone/ozone/hadoop-ozone/integration-test/target/log,AVAILABLE}
2022-11-04 01:07:51,795 [Listener at 127.0.0.1/40125] INFO  handler.ContextHandler (ContextHandler.java:doStart(921)) - Started o.e.j.s.ServletContextHandler@6a03c039{static,/static,jar:file:/home/runner/.m2/repository/org/apache/ozone/hdds-container-service/1.3.0-SNAPSHOT/hdds-container-service-1.3.0-SNAPSHOT.jar!/webapps/static,AVAILABLE}
2022-11-04 01:07:51,936 [EndpointStateMachine task thread for /0.0.0.0:45711 - 0 ] INFO  utils.DatanodeStoreCache (DatanodeStoreCache.java:addDB(58)) - Added db /home/runner/work/ozone/ozone/hadoop-ozone/integration-test/target/test-dir/MiniOzoneClusterImpl-e654cb93-8a46-4732-947e-f27e0a8f69eb/datanode-0/data-0/containers/hdds/e654cb93-8a46-4732-947e-f27e0a8f69eb/DS-c63debf3-fe94-4d96-8156-66bf0bdf5c78/container.db to cache
2022-11-04 01:07:51,936 [EndpointStateMachine task thread for /0.0.0.0:45711 - 0 ] INFO  volume.HddsVolume (HddsVolume.java:createDbStore(307)) - SchemaV3 db is created and loaded at /home/runner/work/ozone/ozone/hadoop-ozone/integration-test/target/test-dir/MiniOzoneClusterImpl-e654cb93-8a46-4732-947e-f27e0a8f69eb/datanode-0/data-0/containers/hdds/e654cb93-8a46-4732-947e-f27e0a8f69eb/DS-c63debf3-fe94-4d96-8156-66bf0bdf5c78/container.db for volume DS-c63debf3-fe94-4d96-8156-66bf0bdf5c78
2022-11-04 01:07:51,937 [EndpointStateMachine task thread for /0.0.0.0:45711 - 0 ] INFO  ozoneimpl.OzoneContainer (OzoneContainer.java:start(378)) - Attempting to start container services.
2022-11-04 01:07:51,940 [EndpointStateMachine task thread for /0.0.0.0:45711 - 0 ] INFO  ozoneimpl.OzoneContainer (OzoneContainer.java:startContainerScrub(313)) - Background container scanner has been disabled.
2022-11-04 01:07:51,942 [EndpointStateMachine task thread for /0.0.0.0:45711 - 0 ] INFO  replication.ReplicationServer (ReplicationServer.java:start(111)) - ReplicationServer is started using port 32795
2022-11-04 01:07:51,947 [EndpointStateMachine task thread for /0.0.0.0:45711 - 0 ] INFO  ratis.XceiverServerRatis (XceiverServerRatis.java:start(481)) - Starting XceiverServerRatis b5f0d7ba-78c4-4bfc-9c94-2fc11ccd4fbc
2022-11-04 01:07:51,973 [EndpointStateMachine task thread for /0.0.0.0:45711 - 0 ] INFO  server.RaftServer (RaftServerProxy.java:startImpl(393)) - b5f0d7ba-78c4-4bfc-9c94-2fc11ccd4fbc: start RPC server
2022-11-04 01:07:51,975 [EndpointStateMachine task thread for /0.0.0.0:45711 - 0 ] INFO  server.GrpcService (GrpcService.java:startImpl(270)) - b5f0d7ba-78c4-4bfc-9c94-2fc11ccd4fbc: GrpcService started, listening on 44613
2022-11-04 01:07:51,979 [EndpointStateMachine task thread for /0.0.0.0:45711 - 0 ] INFO  ratis.XceiverServerRatis (XceiverServerRatis.java:getRealPort(502)) - XceiverServerRatis b5f0d7ba-78c4-4bfc-9c94-2fc11ccd4fbc is started using port 44613 for RATIS
2022-11-04 01:07:51,979 [EndpointStateMachine task thread for /0.0.0.0:45711 - 0 ] INFO  ratis.XceiverServerRatis (XceiverServerRatis.java:getRealPort(502)) - XceiverServerRatis b5f0d7ba-78c4-4bfc-9c94-2fc11ccd4fbc is started using port 44613 for RATIS_ADMIN
2022-11-04 01:07:51,979 [EndpointStateMachine task thread for /0.0.0.0:45711 - 0 ] INFO  ratis.XceiverServerRatis (XceiverServerRatis.java:getRealPort(502)) - XceiverServerRatis b5f0d7ba-78c4-4bfc-9c94-2fc11ccd4fbc is started using port 44613 for RATIS_SERVER
2022-11-04 01:07:51,980 [JvmPauseMonitor1] INFO  util.JvmPauseMonitor (JvmPauseMonitor.java:run(105)) - JvmPauseMonitor-b5f0d7ba-78c4-4bfc-9c94-2fc11ccd4fbc: Started
2022-11-04 01:07:51,990 [EndpointStateMachine task thread for /0.0.0.0:45711 - 0 ] INFO  server.XceiverServerGrpc (XceiverServerGrpc.java:start(180)) - XceiverServerGrpc b5f0d7ba-78c4-4bfc-9c94-2fc11ccd4fbc is started using port 33005
2022-11-04 01:07:52,057 [Listener at 127.0.0.1/40125] INFO  handler.ContextHandler (ContextHandler.java:doStart(921)) - Started o.e.j.w.WebAppContext@62f6c22e{hddsDatanode,/,file:///tmp/jetty-0_0_0_0-40667-hdds-container-service-1_3_0-SNAPSHOT_jar-_-any-3296761853944173322/webapp/,AVAILABLE}{jar:file:/home/runner/.m2/repository/org/apache/ozone/hdds-container-service/1.3.0-SNAPSHOT/hdds-container-service-1.3.0-SNAPSHOT.jar!/webapps/hddsDatanode}
2022-11-04 01:07:52,058 [Listener at 127.0.0.1/40125] INFO  server.AbstractConnector (AbstractConnector.java:doStart(333)) - Started ServerConnector@393adb37{HTTP/1.1, (http/1.1)}{0.0.0.0:40667}
2022-11-04 01:07:52,058 [Listener at 127.0.0.1/40125] INFO  server.Server (Server.java:doStart(415)) - Started @9843ms
2022-11-04 01:07:52,059 [Listener at 127.0.0.1/40125] WARN  impl.MetricsSystemImpl (MetricsSystemImpl.java:register(279)) - Sink prometheus already exists!
2022-11-04 01:07:52,059 [Listener at 127.0.0.1/40125] INFO  http.BaseHttpServer (BaseHttpServer.java:updateConnectorAddress(333)) - HTTP server of hddsDatanode listening at http://0.0.0.0:40667
2022-11-04 01:07:52,067 [Listener at 127.0.0.1/40125] WARN  impl.MetricRegistriesImpl (MetricRegistriesImpl.java:addReporterRegistration(111)) - New reporters are added after registries were created. Some metrics will be missing from the reporter. Please add reporter before adding any new registry.
2022-11-04 01:07:52,067 [Listener at 127.0.0.1/40125] WARN  impl.MetricRegistriesImpl (MetricRegistriesImpl.java:addReporterRegistration(111)) - New reporters are added after registries were created. Some metrics will be missing from the reporter. Please add reporter before adding any new registry.
2022-11-04 01:07:52,067 [Listener at 127.0.0.1/40125] INFO  impl.MetricsSystemImpl (MetricsSystemImpl.java:init(158)) - HddsDatanode metrics system started (again)
2022-11-04 01:07:52,068 [Datanode State Machine Daemon Thread] INFO  statemachine.DatanodeStateMachine (DatanodeStateMachine.java:lambda$startDaemon$0(505)) - Ozone container server started.
2022-11-04 01:07:52,081 [Listener at 127.0.0.1/40125] INFO  ozone.HddsDatanodeService (HddsDatanodeService.java:start(236)) - HddsDatanodeService host:fv-az39-323.yumyzuo2tp0ejekjjwodrrku4b.bx.internal.cloudapp.net ip:10.1.0.17
2022-11-04 01:07:52,103 [Listener at 127.0.0.1/40125] INFO  upgrade.AbstractLayoutVersionManager (AbstractLayoutVersionManager.java:init(83)) - Initializing Layout version manager with metadata layout = DATANODE_SCHEMA_V3 (version = 4), software layout = DATANODE_SCHEMA_V3 (version = 4)
2022-11-04 01:07:52,111 [org.apache.hadoop.util.JvmPauseMonitor$Monitor@4cc29e2a] INFO  util.JvmPauseMonitor (JvmPauseMonitor.java:run(188)) - Starting JVM pause monitor
2022-11-04 01:07:52,117 [Datanode State Machine Task Thread - 0] INFO  datanode.InitDatanodeState (InitDatanodeState.java:persistContainerDatanodeDetails(138)) - DatanodeDetails is persisted to /home/runner/work/ozone/ozone/hadoop-ozone/integration-test/target/test-dir/MiniOzoneClusterImpl-e654cb93-8a46-4732-947e-f27e0a8f69eb/datanode-6/meta/datanode.id
2022-11-04 01:07:52,148 [Listener at 127.0.0.1/40125] INFO  reflections.Reflections (Reflections.java:scan(232)) - Reflections took 44 ms to scan 7 urls, producing 139 keys and 336 values 
2022-11-04 01:07:52,149 [Listener at 127.0.0.1/40125] INFO  statemachine.DatanodeStateMachine (DatanodeStateMachine.java:getEndPointTaskThreadPoolSize(245)) - Datanode State Machine Task Thread Pool size 2
2022-11-04 01:07:52,151 [Listener at 127.0.0.1/40125] INFO  volume.HddsVolume (HddsVolume.java:<init>(117)) - Creating HddsVolume: /home/runner/work/ozone/ozone/hadoop-ozone/integration-test/target/test-dir/MiniOzoneClusterImpl-e654cb93-8a46-4732-947e-f27e0a8f69eb/datanode-7/data-0/containers/hdds of storage type : DISK capacity : 9223372036854775807
2022-11-04 01:07:52,151 [Listener at 127.0.0.1/40125] INFO  volume.MutableVolumeSet (MutableVolumeSet.java:initializeVolumeSet(174)) - Added Volume : /home/runner/work/ozone/ozone/hadoop-ozone/integration-test/target/test-dir/MiniOzoneClusterImpl-e654cb93-8a46-4732-947e-f27e0a8f69eb/datanode-7/data-0/containers/hdds to VolumeSet
2022-11-04 01:07:52,151 [Listener at 127.0.0.1/40125] INFO  volume.ThrottledAsyncChecker (ThrottledAsyncChecker.java:schedule(141)) - Scheduling a check for /home/runner/work/ozone/ozone/hadoop-ozone/integration-test/target/test-dir/MiniOzoneClusterImpl-e654cb93-8a46-4732-947e-f27e0a8f69eb/datanode-7/data-0/containers/hdds
2022-11-04 01:07:52,154 [Listener at 127.0.0.1/40125] INFO  volume.StorageVolumeChecker (StorageVolumeChecker.java:checkAllVolumes(202)) - Scheduled health check for volume /home/runner/work/ozone/ozone/hadoop-ozone/integration-test/target/test-dir/MiniOzoneClusterImpl-e654cb93-8a46-4732-947e-f27e0a8f69eb/datanode-7/data-0/containers/hdds
2022-11-04 01:07:52,166 [Listener at 127.0.0.1/40125] INFO  volume.MutableVolumeSet (MutableVolumeSet.java:initializeVolumeSet(174)) - Added Volume : /home/runner/work/ozone/ozone/hadoop-ozone/integration-test/target/test-dir/MiniOzoneClusterImpl-e654cb93-8a46-4732-947e-f27e0a8f69eb/datanode-7/data/ratis to VolumeSet
2022-11-04 01:07:52,166 [Listener at 127.0.0.1/40125] INFO  volume.ThrottledAsyncChecker (ThrottledAsyncChecker.java:schedule(141)) - Scheduling a check for /home/runner/work/ozone/ozone/hadoop-ozone/integration-test/target/test-dir/MiniOzoneClusterImpl-e654cb93-8a46-4732-947e-f27e0a8f69eb/datanode-7/data/ratis
2022-11-04 01:07:52,167 [Listener at 127.0.0.1/40125] INFO  volume.StorageVolumeChecker (StorageVolumeChecker.java:checkAllVolumes(202)) - Scheduled health check for volume /home/runner/work/ozone/ozone/hadoop-ozone/integration-test/target/test-dir/MiniOzoneClusterImpl-e654cb93-8a46-4732-947e-f27e0a8f69eb/datanode-7/data/ratis
2022-11-04 01:07:52,179 [Thread-235] INFO  ozoneimpl.ContainerReader (ContainerReader.java:readVolume(175)) - Finish verifying containers on volume /home/runner/work/ozone/ozone/hadoop-ozone/integration-test/target/test-dir/MiniOzoneClusterImpl-e654cb93-8a46-4732-947e-f27e0a8f69eb/datanode-7/data-0/containers/hdds
2022-11-04 01:07:52,179 [Listener at 127.0.0.1/40125] INFO  ozoneimpl.OzoneContainer (OzoneContainer.java:buildContainerSet(300)) - Build ContainerSet costs 0s
2022-11-04 01:07:52,182 [Listener at 127.0.0.1/40125] INFO  server.RaftServer (ConfUtils.java:logGet(46)) - raft.rpc.type = GRPC (default)
2022-11-04 01:07:52,182 [Listener at 127.0.0.1/40125] INFO  grpc.GrpcConfigKeys (ConfUtils.java:logFallback(53)) - raft.grpc.admin.host = null (fallback to raft.grpc.server.host)
2022-11-04 01:07:52,182 [Listener at 127.0.0.1/40125] INFO  grpc.GrpcConfigKeys (ConfUtils.java:logGet(46)) - raft.grpc.admin.port = 0 (custom)
2022-11-04 01:07:52,182 [Listener at 127.0.0.1/40125] INFO  grpc.GrpcConfigKeys (ConfUtils.java:logFallback(53)) - raft.grpc.client.host = null (fallback to raft.grpc.server.host)
2022-11-04 01:07:52,182 [Listener at 127.0.0.1/40125] INFO  grpc.GrpcConfigKeys (ConfUtils.java:logGet(46)) - raft.grpc.client.port = 0 (custom)
2022-11-04 01:07:52,182 [Listener at 127.0.0.1/40125] INFO  grpc.GrpcConfigKeys (ConfUtils.java:logGet(46)) - raft.grpc.server.host = null (default)
2022-11-04 01:07:52,182 [Listener at 127.0.0.1/40125] INFO  grpc.GrpcConfigKeys (ConfUtils.java:logGet(46)) - raft.grpc.server.port = 0 (default)
2022-11-04 01:07:52,182 [Listener at 127.0.0.1/40125] INFO  server.GrpcService (ConfUtils.java:logGet(46)) - raft.grpc.message.size.max = 32MB (=33554432) (custom)
2022-11-04 01:07:52,183 [Listener at 127.0.0.1/40125] INFO  server.RaftServerConfigKeys (ConfUtils.java:logGet(46)) - raft.server.log.appender.buffer.byte-limit = 33554432 (custom)
2022-11-04 01:07:52,183 [Listener at 127.0.0.1/40125] INFO  server.GrpcService (ConfUtils.java:logGet(46)) - raft.grpc.flow.control.window = 5MB (=5242880) (custom)
2022-11-04 01:07:52,183 [Listener at 127.0.0.1/40125] INFO  server.RaftServerConfigKeys (ConfUtils.java:logGet(46)) - raft.server.rpc.request.timeout = 60s (custom)
2022-11-04 01:07:52,183 [Listener at 127.0.0.1/40125] INFO  grpc.GrpcConfigKeys (ConfUtils.java:logGet(46)) - raft.grpc.server.heartbeat.channel = true (default)
2022-11-04 01:07:52,185 [Listener at 127.0.0.1/40125] INFO  grpc.GrpcConfigKeys (ConfUtils.java:logGet(46)) - raft.grpc.server.async.request.thread.pool.cached = true (default)
2022-11-04 01:07:52,185 [Listener at 127.0.0.1/40125] INFO  grpc.GrpcConfigKeys (ConfUtils.java:logGet(46)) - raft.grpc.server.async.request.thread.pool.size = 32 (default)
2022-11-04 01:07:52,187 [Listener at 127.0.0.1/40125] INFO  impl.DataStreamServerImpl (ConfUtils.java:logGet(46)) - raft.datastream.type = DISABLED (default)
2022-11-04 01:07:52,187 [Listener at 127.0.0.1/40125] INFO  server.RaftServerConfigKeys (ConfUtils.java:logGet(46)) - raft.server.threadpool.proxy.cached = true (default)
2022-11-04 01:07:52,187 [Listener at 127.0.0.1/40125] INFO  server.RaftServerConfigKeys (ConfUtils.java:logGet(46)) - raft.server.threadpool.proxy.size = 0 (default)
2022-11-04 01:07:52,187 [Listener at 127.0.0.1/40125] INFO  server.RaftServerConfigKeys (ConfUtils.java:logGet(46)) - raft.server.rpc.slowness.timeout = 300s (custom)
2022-11-04 01:07:52,187 [Listener at 127.0.0.1/40125] INFO  server.RaftServerConfigKeys (ConfUtils.java:logGet(46)) - raft.server.leaderelection.leader.step-down.wait-time = 10s (default)
2022-11-04 01:07:52,188 [Listener at 127.0.0.1/40125] INFO  server.RaftServerConfigKeys (ConfUtils.java:logGet(46)) - raft.server.storage.dir = [/home/runner/work/ozone/ozone/hadoop-ozone/integration-test/target/test-dir/MiniOzoneClusterImpl-e654cb93-8a46-4732-947e-f27e0a8f69eb/datanode-7/data/ratis] (custom)
2022-11-04 01:07:52,189 [Listener at 127.0.0.1/40125] INFO  server.XceiverServerGrpc (XceiverServerGrpc.java:<init>(132)) - GrpcServer channel type EpollServerSocketChannel
2022-11-04 01:07:52,192 [Listener at 127.0.0.1/40125] INFO  http.BaseHttpServer (BaseHttpServer.java:newHttpServer2BuilderForOzone(213)) - Starting Web-server for hddsDatanode at: http://0.0.0.0:0
2022-11-04 01:07:52,192 [Listener at 127.0.0.1/40125] INFO  http.BaseHttpServer (BaseHttpServer.java:<init>(108)) - Hadoop Security Enabled: false Ozone Security Enabled: false Ozone HTTP Security Enabled: false 
2022-11-04 01:07:52,193 [Listener at 127.0.0.1/40125] WARN  server.AuthenticationFilter (AuthenticationFilter.java:constructSecretProvider(240)) - Unable to initialize FileSignerSecretProvider, falling back to use random secrets. Reason: Could not read signature secret file: /home/runner/hadoop-http-auth-signature-secret
2022-11-04 01:07:52,196 [Listener at 127.0.0.1/40125] WARN  http.HttpRequestLog (HttpRequestLog.java:getRequestLog(103)) - Jetty request log can only be enabled using Log4j
2022-11-04 01:07:52,198 [Listener at 127.0.0.1/40125] INFO  http.HttpServer2 (HttpServer2.java:addGlobalFilter(1031)) - Added global filter 'safety' (class=org.apache.hadoop.hdds.server.http.HttpServer2$QuotingInputFilter)
2022-11-04 01:07:52,198 [Listener at 127.0.0.1/40125] INFO  http.HttpServer2 (HttpServer2.java:addFilter(1007)) - Added filter static_user_filter (class=org.apache.hadoop.http.lib.StaticUserWebFilter$StaticUserFilter) to context hddsDatanode
2022-11-04 01:07:52,199 [Listener at 127.0.0.1/40125] INFO  http.HttpServer2 (HttpServer2.java:addFilter(1015)) - Added filter static_user_filter (class=org.apache.hadoop.http.lib.StaticUserWebFilter$StaticUserFilter) to context logs
2022-11-04 01:07:52,199 [Listener at 127.0.0.1/40125] INFO  http.HttpServer2 (HttpServer2.java:addFilter(1015)) - Added filter static_user_filter (class=org.apache.hadoop.http.lib.StaticUserWebFilter$StaticUserFilter) to context static
2022-11-04 01:07:52,199 [Listener at 127.0.0.1/40125] INFO  http.HttpServer2 (HttpServer2.java:bindListener(1250)) - Jetty bound to port 46061
2022-11-04 01:07:52,199 [Listener at 127.0.0.1/40125] INFO  server.Server (Server.java:doStart(375)) - jetty-9.4.49.v20220914; built: 2022-09-14T01:07:36.601Z; git: 4231a3b2e4cb8548a412a789936d640a97b1aa0a; jvm 1.8.0_345-b01
2022-11-04 01:07:52,204 [Listener at 127.0.0.1/40125] INFO  server.session (DefaultSessionIdManager.java:doStart(334)) - DefaultSessionIdManager workerName=node0
2022-11-04 01:07:52,204 [Listener at 127.0.0.1/40125] INFO  server.session (DefaultSessionIdManager.java:doStart(339)) - No SessionScavenger set, using defaults
2022-11-04 01:07:52,205 [Listener at 127.0.0.1/40125] INFO  server.session (HouseKeeper.java:startScavenging(132)) - node0 Scavenging every 660000ms
2022-11-04 01:07:52,205 [Listener at 127.0.0.1/40125] INFO  handler.ContextHandler (ContextHandler.java:doStart(921)) - Started o.e.j.s.ServletContextHandler@d725e10{logs,/logs,file:///home/runner/work/ozone/ozone/hadoop-ozone/integration-test/target/log,AVAILABLE}
2022-11-04 01:07:52,206 [Listener at 127.0.0.1/40125] INFO  handler.ContextHandler (ContextHandler.java:doStart(921)) - Started o.e.j.s.ServletContextHandler@284e134c{static,/static,jar:file:/home/runner/.m2/repository/org/apache/ozone/hdds-container-service/1.3.0-SNAPSHOT/hdds-container-service-1.3.0-SNAPSHOT.jar!/webapps/static,AVAILABLE}
2022-11-04 01:07:52,330 [EndpointStateMachine task thread for /0.0.0.0:45711 - 0 ] INFO  utils.DatanodeStoreCache (DatanodeStoreCache.java:addDB(58)) - Added db /home/runner/work/ozone/ozone/hadoop-ozone/integration-test/target/test-dir/MiniOzoneClusterImpl-e654cb93-8a46-4732-947e-f27e0a8f69eb/datanode-1/data-0/containers/hdds/e654cb93-8a46-4732-947e-f27e0a8f69eb/DS-4f14b18b-f0c2-46c5-869b-a3925dbab785/container.db to cache
2022-11-04 01:07:52,331 [EndpointStateMachine task thread for /0.0.0.0:45711 - 0 ] INFO  volume.HddsVolume (HddsVolume.java:createDbStore(307)) - SchemaV3 db is created and loaded at /home/runner/work/ozone/ozone/hadoop-ozone/integration-test/target/test-dir/MiniOzoneClusterImpl-e654cb93-8a46-4732-947e-f27e0a8f69eb/datanode-1/data-0/containers/hdds/e654cb93-8a46-4732-947e-f27e0a8f69eb/DS-4f14b18b-f0c2-46c5-869b-a3925dbab785/container.db for volume DS-4f14b18b-f0c2-46c5-869b-a3925dbab785
2022-11-04 01:07:52,331 [EndpointStateMachine task thread for /0.0.0.0:45711 - 0 ] INFO  ozoneimpl.OzoneContainer (OzoneContainer.java:start(378)) - Attempting to start container services.
2022-11-04 01:07:52,331 [EndpointStateMachine task thread for /0.0.0.0:45711 - 0 ] INFO  ozoneimpl.OzoneContainer (OzoneContainer.java:startContainerScrub(313)) - Background container scanner has been disabled.
2022-11-04 01:07:52,333 [EndpointStateMachine task thread for /0.0.0.0:45711 - 0 ] INFO  replication.ReplicationServer (ReplicationServer.java:start(111)) - ReplicationServer is started using port 46803
2022-11-04 01:07:52,334 [EndpointStateMachine task thread for /0.0.0.0:45711 - 0 ] INFO  ratis.XceiverServerRatis (XceiverServerRatis.java:start(481)) - Starting XceiverServerRatis 9ad6c772-b583-49da-9dda-46d51a9db348
2022-11-04 01:07:52,351 [EndpointStateMachine task thread for /0.0.0.0:45711 - 0 ] INFO  server.RaftServer (RaftServerProxy.java:startImpl(393)) - 9ad6c772-b583-49da-9dda-46d51a9db348: start RPC server
2022-11-04 01:07:52,356 [EndpointStateMachine task thread for /0.0.0.0:45711 - 0 ] INFO  server.GrpcService (GrpcService.java:startImpl(270)) - 9ad6c772-b583-49da-9dda-46d51a9db348: GrpcService started, listening on 40437
2022-11-04 01:07:52,359 [EndpointStateMachine task thread for /0.0.0.0:45711 - 0 ] INFO  ratis.XceiverServerRatis (XceiverServerRatis.java:getRealPort(502)) - XceiverServerRatis 9ad6c772-b583-49da-9dda-46d51a9db348 is started using port 40437 for RATIS
2022-11-04 01:07:52,359 [EndpointStateMachine task thread for /0.0.0.0:45711 - 0 ] INFO  ratis.XceiverServerRatis (XceiverServerRatis.java:getRealPort(502)) - XceiverServerRatis 9ad6c772-b583-49da-9dda-46d51a9db348 is started using port 40437 for RATIS_ADMIN
2022-11-04 01:07:52,359 [EndpointStateMachine task thread for /0.0.0.0:45711 - 0 ] INFO  ratis.XceiverServerRatis (XceiverServerRatis.java:getRealPort(502)) - XceiverServerRatis 9ad6c772-b583-49da-9dda-46d51a9db348 is started using port 40437 for RATIS_SERVER
2022-11-04 01:07:52,359 [JvmPauseMonitor2] INFO  util.JvmPauseMonitor (JvmPauseMonitor.java:run(105)) - JvmPauseMonitor-9ad6c772-b583-49da-9dda-46d51a9db348: Started
2022-11-04 01:07:52,367 [EndpointStateMachine task thread for /0.0.0.0:45711 - 0 ] INFO  server.XceiverServerGrpc (XceiverServerGrpc.java:start(180)) - XceiverServerGrpc 9ad6c772-b583-49da-9dda-46d51a9db348 is started using port 33617
2022-11-04 01:07:52,410 [Listener at 127.0.0.1/40125] INFO  handler.ContextHandler (ContextHandler.java:doStart(921)) - Started o.e.j.w.WebAppContext@53795bd6{hddsDatanode,/,file:///tmp/jetty-0_0_0_0-46061-hdds-container-service-1_3_0-SNAPSHOT_jar-_-any-7128492773472279696/webapp/,AVAILABLE}{jar:file:/home/runner/.m2/repository/org/apache/ozone/hdds-container-service/1.3.0-SNAPSHOT/hdds-container-service-1.3.0-SNAPSHOT.jar!/webapps/hddsDatanode}
2022-11-04 01:07:52,411 [Listener at 127.0.0.1/40125] INFO  server.AbstractConnector (AbstractConnector.java:doStart(333)) - Started ServerConnector@12d1165b{HTTP/1.1, (http/1.1)}{0.0.0.0:46061}
2022-11-04 01:07:52,411 [Listener at 127.0.0.1/40125] INFO  server.Server (Server.java:doStart(415)) - Started @10196ms
2022-11-04 01:07:52,411 [Listener at 127.0.0.1/40125] WARN  impl.MetricsSystemImpl (MetricsSystemImpl.java:register(279)) - Sink prometheus already exists!
2022-11-04 01:07:52,412 [Listener at 127.0.0.1/40125] INFO  http.BaseHttpServer (BaseHttpServer.java:updateConnectorAddress(333)) - HTTP server of hddsDatanode listening at http://0.0.0.0:46061
2022-11-04 01:07:52,412 [Listener at 127.0.0.1/40125] WARN  impl.MetricRegistriesImpl (MetricRegistriesImpl.java:addReporterRegistration(111)) - New reporters are added after registries were created. Some metrics will be missing from the reporter. Please add reporter before adding any new registry.
2022-11-04 01:07:52,412 [Listener at 127.0.0.1/40125] WARN  impl.MetricRegistriesImpl (MetricRegistriesImpl.java:addReporterRegistration(111)) - New reporters are added after registries were created. Some metrics will be missing from the reporter. Please add reporter before adding any new registry.
2022-11-04 01:07:52,412 [Listener at 127.0.0.1/40125] INFO  impl.MetricsSystemImpl (MetricsSystemImpl.java:init(158)) - HddsDatanode metrics system started (again)
2022-11-04 01:07:52,414 [Datanode State Machine Daemon Thread] INFO  statemachine.DatanodeStateMachine (DatanodeStateMachine.java:lambda$startDaemon$0(505)) - Ozone container server started.
2022-11-04 01:07:52,423 [Listener at 127.0.0.1/40125] INFO  ozone.HddsDatanodeService (HddsDatanodeService.java:start(236)) - HddsDatanodeService host:fv-az39-323.yumyzuo2tp0ejekjjwodrrku4b.bx.internal.cloudapp.net ip:10.1.0.17
2022-11-04 01:07:52,424 [org.apache.hadoop.util.JvmPauseMonitor$Monitor@4a8aa8f2] INFO  util.JvmPauseMonitor (JvmPauseMonitor.java:run(188)) - Starting JVM pause monitor
2022-11-04 01:07:52,428 [Datanode State Machine Task Thread - 0] INFO  datanode.InitDatanodeState (InitDatanodeState.java:persistContainerDatanodeDetails(138)) - DatanodeDetails is persisted to /home/runner/work/ozone/ozone/hadoop-ozone/integration-test/target/test-dir/MiniOzoneClusterImpl-e654cb93-8a46-4732-947e-f27e0a8f69eb/datanode-7/meta/datanode.id
2022-11-04 01:07:52,443 [Listener at 127.0.0.1/40125] INFO  upgrade.AbstractLayoutVersionManager (AbstractLayoutVersionManager.java:init(83)) - Initializing Layout version manager with metadata layout = DATANODE_SCHEMA_V3 (version = 4), software layout = DATANODE_SCHEMA_V3 (version = 4)
2022-11-04 01:07:52,485 [Listener at 127.0.0.1/40125] INFO  reflections.Reflections (Reflections.java:scan(232)) - Reflections took 41 ms to scan 7 urls, producing 139 keys and 336 values 
2022-11-04 01:07:52,486 [Listener at 127.0.0.1/40125] INFO  statemachine.DatanodeStateMachine (DatanodeStateMachine.java:getEndPointTaskThreadPoolSize(245)) - Datanode State Machine Task Thread Pool size 2
2022-11-04 01:07:52,488 [Listener at 127.0.0.1/40125] INFO  volume.HddsVolume (HddsVolume.java:<init>(117)) - Creating HddsVolume: /home/runner/work/ozone/ozone/hadoop-ozone/integration-test/target/test-dir/MiniOzoneClusterImpl-e654cb93-8a46-4732-947e-f27e0a8f69eb/datanode-8/data-0/containers/hdds of storage type : DISK capacity : 9223372036854775807
2022-11-04 01:07:52,488 [Listener at 127.0.0.1/40125] INFO  volume.MutableVolumeSet (MutableVolumeSet.java:initializeVolumeSet(174)) - Added Volume : /home/runner/work/ozone/ozone/hadoop-ozone/integration-test/target/test-dir/MiniOzoneClusterImpl-e654cb93-8a46-4732-947e-f27e0a8f69eb/datanode-8/data-0/containers/hdds to VolumeSet
2022-11-04 01:07:52,489 [Listener at 127.0.0.1/40125] INFO  volume.ThrottledAsyncChecker (ThrottledAsyncChecker.java:schedule(141)) - Scheduling a check for /home/runner/work/ozone/ozone/hadoop-ozone/integration-test/target/test-dir/MiniOzoneClusterImpl-e654cb93-8a46-4732-947e-f27e0a8f69eb/datanode-8/data-0/containers/hdds
2022-11-04 01:07:52,491 [Listener at 127.0.0.1/40125] INFO  volume.StorageVolumeChecker (StorageVolumeChecker.java:checkAllVolumes(202)) - Scheduled health check for volume /home/runner/work/ozone/ozone/hadoop-ozone/integration-test/target/test-dir/MiniOzoneClusterImpl-e654cb93-8a46-4732-947e-f27e0a8f69eb/datanode-8/data-0/containers/hdds
2022-11-04 01:07:52,502 [Listener at 127.0.0.1/40125] INFO  volume.MutableVolumeSet (MutableVolumeSet.java:initializeVolumeSet(174)) - Added Volume : /home/runner/work/ozone/ozone/hadoop-ozone/integration-test/target/test-dir/MiniOzoneClusterImpl-e654cb93-8a46-4732-947e-f27e0a8f69eb/datanode-8/data/ratis to VolumeSet
2022-11-04 01:07:52,502 [Listener at 127.0.0.1/40125] INFO  volume.ThrottledAsyncChecker (ThrottledAsyncChecker.java:schedule(141)) - Scheduling a check for /home/runner/work/ozone/ozone/hadoop-ozone/integration-test/target/test-dir/MiniOzoneClusterImpl-e654cb93-8a46-4732-947e-f27e0a8f69eb/datanode-8/data/ratis
2022-11-04 01:07:52,502 [Listener at 127.0.0.1/40125] INFO  volume.StorageVolumeChecker (StorageVolumeChecker.java:checkAllVolumes(202)) - Scheduled health check for volume /home/runner/work/ozone/ozone/hadoop-ozone/integration-test/target/test-dir/MiniOzoneClusterImpl-e654cb93-8a46-4732-947e-f27e0a8f69eb/datanode-8/data/ratis
2022-11-04 01:07:52,515 [Thread-253] INFO  ozoneimpl.ContainerReader (ContainerReader.java:readVolume(175)) - Finish verifying containers on volume /home/runner/work/ozone/ozone/hadoop-ozone/integration-test/target/test-dir/MiniOzoneClusterImpl-e654cb93-8a46-4732-947e-f27e0a8f69eb/datanode-8/data-0/containers/hdds
2022-11-04 01:07:52,515 [Listener at 127.0.0.1/40125] INFO  ozoneimpl.OzoneContainer (OzoneContainer.java:buildContainerSet(300)) - Build ContainerSet costs 0s
2022-11-04 01:07:52,518 [Listener at 127.0.0.1/40125] INFO  server.RaftServer (ConfUtils.java:logGet(46)) - raft.rpc.type = GRPC (default)
2022-11-04 01:07:52,518 [Listener at 127.0.0.1/40125] INFO  grpc.GrpcConfigKeys (ConfUtils.java:logFallback(53)) - raft.grpc.admin.host = null (fallback to raft.grpc.server.host)
2022-11-04 01:07:52,518 [Listener at 127.0.0.1/40125] INFO  grpc.GrpcConfigKeys (ConfUtils.java:logGet(46)) - raft.grpc.admin.port = 0 (custom)
2022-11-04 01:07:52,518 [Listener at 127.0.0.1/40125] INFO  grpc.GrpcConfigKeys (ConfUtils.java:logFallback(53)) - raft.grpc.client.host = null (fallback to raft.grpc.server.host)
2022-11-04 01:07:52,518 [Listener at 127.0.0.1/40125] INFO  grpc.GrpcConfigKeys (ConfUtils.java:logGet(46)) - raft.grpc.client.port = 0 (custom)
2022-11-04 01:07:52,518 [Listener at 127.0.0.1/40125] INFO  grpc.GrpcConfigKeys (ConfUtils.java:logGet(46)) - raft.grpc.server.host = null (default)
2022-11-04 01:07:52,518 [Listener at 127.0.0.1/40125] INFO  grpc.GrpcConfigKeys (ConfUtils.java:logGet(46)) - raft.grpc.server.port = 0 (default)
2022-11-04 01:07:52,519 [Listener at 127.0.0.1/40125] INFO  server.GrpcService (ConfUtils.java:logGet(46)) - raft.grpc.message.size.max = 32MB (=33554432) (custom)
2022-11-04 01:07:52,519 [Listener at 127.0.0.1/40125] INFO  server.RaftServerConfigKeys (ConfUtils.java:logGet(46)) - raft.server.log.appender.buffer.byte-limit = 33554432 (custom)
2022-11-04 01:07:52,519 [Listener at 127.0.0.1/40125] INFO  server.GrpcService (ConfUtils.java:logGet(46)) - raft.grpc.flow.control.window = 5MB (=5242880) (custom)
2022-11-04 01:07:52,519 [Listener at 127.0.0.1/40125] INFO  server.RaftServerConfigKeys (ConfUtils.java:logGet(46)) - raft.server.rpc.request.timeout = 60s (custom)
2022-11-04 01:07:52,519 [Listener at 127.0.0.1/40125] INFO  grpc.GrpcConfigKeys (ConfUtils.java:logGet(46)) - raft.grpc.server.heartbeat.channel = true (default)
2022-11-04 01:07:52,519 [Listener at 127.0.0.1/40125] INFO  grpc.GrpcConfigKeys (ConfUtils.java:logGet(46)) - raft.grpc.server.async.request.thread.pool.cached = true (default)
2022-11-04 01:07:52,519 [Listener at 127.0.0.1/40125] INFO  grpc.GrpcConfigKeys (ConfUtils.java:logGet(46)) - raft.grpc.server.async.request.thread.pool.size = 32 (default)
2022-11-04 01:07:52,520 [Listener at 127.0.0.1/40125] INFO  impl.DataStreamServerImpl (ConfUtils.java:logGet(46)) - raft.datastream.type = DISABLED (default)
2022-11-04 01:07:52,520 [Listener at 127.0.0.1/40125] INFO  server.RaftServerConfigKeys (ConfUtils.java:logGet(46)) - raft.server.threadpool.proxy.cached = true (default)
2022-11-04 01:07:52,521 [Listener at 127.0.0.1/40125] INFO  server.RaftServerConfigKeys (ConfUtils.java:logGet(46)) - raft.server.threadpool.proxy.size = 0 (default)
2022-11-04 01:07:52,521 [Listener at 127.0.0.1/40125] INFO  server.RaftServerConfigKeys (ConfUtils.java:logGet(46)) - raft.server.rpc.slowness.timeout = 300s (custom)
2022-11-04 01:07:52,521 [Listener at 127.0.0.1/40125] INFO  server.RaftServerConfigKeys (ConfUtils.java:logGet(46)) - raft.server.leaderelection.leader.step-down.wait-time = 10s (default)
2022-11-04 01:07:52,521 [Listener at 127.0.0.1/40125] INFO  server.RaftServerConfigKeys (ConfUtils.java:logGet(46)) - raft.server.storage.dir = [/home/runner/work/ozone/ozone/hadoop-ozone/integration-test/target/test-dir/MiniOzoneClusterImpl-e654cb93-8a46-4732-947e-f27e0a8f69eb/datanode-8/data/ratis] (custom)
2022-11-04 01:07:52,524 [Listener at 127.0.0.1/40125] INFO  server.XceiverServerGrpc (XceiverServerGrpc.java:<init>(132)) - GrpcServer channel type EpollServerSocketChannel
2022-11-04 01:07:52,528 [Listener at 127.0.0.1/40125] INFO  http.BaseHttpServer (BaseHttpServer.java:newHttpServer2BuilderForOzone(213)) - Starting Web-server for hddsDatanode at: http://0.0.0.0:0
2022-11-04 01:07:52,528 [Listener at 127.0.0.1/40125] INFO  http.BaseHttpServer (BaseHttpServer.java:<init>(108)) - Hadoop Security Enabled: false Ozone Security Enabled: false Ozone HTTP Security Enabled: false 
2022-11-04 01:07:52,529 [Listener at 127.0.0.1/40125] WARN  server.AuthenticationFilter (AuthenticationFilter.java:constructSecretProvider(240)) - Unable to initialize FileSignerSecretProvider, falling back to use random secrets. Reason: Could not read signature secret file: /home/runner/hadoop-http-auth-signature-secret
2022-11-04 01:07:52,531 [Listener at 127.0.0.1/40125] WARN  http.HttpRequestLog (HttpRequestLog.java:getRequestLog(103)) - Jetty request log can only be enabled using Log4j
2022-11-04 01:07:52,533 [Listener at 127.0.0.1/40125] INFO  http.HttpServer2 (HttpServer2.java:addGlobalFilter(1031)) - Added global filter 'safety' (class=org.apache.hadoop.hdds.server.http.HttpServer2$QuotingInputFilter)
2022-11-04 01:07:52,533 [Listener at 127.0.0.1/40125] INFO  http.HttpServer2 (HttpServer2.java:addFilter(1007)) - Added filter static_user_filter (class=org.apache.hadoop.http.lib.StaticUserWebFilter$StaticUserFilter) to context hddsDatanode
2022-11-04 01:07:52,534 [Listener at 127.0.0.1/40125] INFO  http.HttpServer2 (HttpServer2.java:addFilter(1015)) - Added filter static_user_filter (class=org.apache.hadoop.http.lib.StaticUserWebFilter$StaticUserFilter) to context logs
2022-11-04 01:07:52,534 [Listener at 127.0.0.1/40125] INFO  http.HttpServer2 (HttpServer2.java:addFilter(1015)) - Added filter static_user_filter (class=org.apache.hadoop.http.lib.StaticUserWebFilter$StaticUserFilter) to context static
2022-11-04 01:07:52,534 [Listener at 127.0.0.1/40125] INFO  http.HttpServer2 (HttpServer2.java:bindListener(1250)) - Jetty bound to port 37001
2022-11-04 01:07:52,534 [Listener at 127.0.0.1/40125] INFO  server.Server (Server.java:doStart(375)) - jetty-9.4.49.v20220914; built: 2022-09-14T01:07:36.601Z; git: 4231a3b2e4cb8548a412a789936d640a97b1aa0a; jvm 1.8.0_345-b01
2022-11-04 01:07:52,535 [Listener at 127.0.0.1/40125] INFO  server.session (DefaultSessionIdManager.java:doStart(334)) - DefaultSessionIdManager workerName=node0
2022-11-04 01:07:52,536 [Listener at 127.0.0.1/40125] INFO  server.session (DefaultSessionIdManager.java:doStart(339)) - No SessionScavenger set, using defaults
2022-11-04 01:07:52,536 [Listener at 127.0.0.1/40125] INFO  server.session (HouseKeeper.java:startScavenging(132)) - node0 Scavenging every 660000ms
2022-11-04 01:07:52,536 [Listener at 127.0.0.1/40125] INFO  handler.ContextHandler (ContextHandler.java:doStart(921)) - Started o.e.j.s.ServletContextHandler@6c9696c5{logs,/logs,file:///home/runner/work/ozone/ozone/hadoop-ozone/integration-test/target/log,AVAILABLE}
2022-11-04 01:07:52,537 [Listener at 127.0.0.1/40125] INFO  handler.ContextHandler (ContextHandler.java:doStart(921)) - Started o.e.j.s.ServletContextHandler@575fffc{static,/static,jar:file:/home/runner/.m2/repository/org/apache/ozone/hdds-container-service/1.3.0-SNAPSHOT/hdds-container-service-1.3.0-SNAPSHOT.jar!/webapps/static,AVAILABLE}
2022-11-04 01:07:52,711 [EndpointStateMachine task thread for /0.0.0.0:45711 - 0 ] INFO  utils.DatanodeStoreCache (DatanodeStoreCache.java:addDB(58)) - Added db /home/runner/work/ozone/ozone/hadoop-ozone/integration-test/target/test-dir/MiniOzoneClusterImpl-e654cb93-8a46-4732-947e-f27e0a8f69eb/datanode-2/data-0/containers/hdds/e654cb93-8a46-4732-947e-f27e0a8f69eb/DS-7b648b87-6131-4fd4-b3ec-c92fe387eaec/container.db to cache
2022-11-04 01:07:52,711 [EndpointStateMachine task thread for /0.0.0.0:45711 - 0 ] INFO  volume.HddsVolume (HddsVolume.java:createDbStore(307)) - SchemaV3 db is created and loaded at /home/runner/work/ozone/ozone/hadoop-ozone/integration-test/target/test-dir/MiniOzoneClusterImpl-e654cb93-8a46-4732-947e-f27e0a8f69eb/datanode-2/data-0/containers/hdds/e654cb93-8a46-4732-947e-f27e0a8f69eb/DS-7b648b87-6131-4fd4-b3ec-c92fe387eaec/container.db for volume DS-7b648b87-6131-4fd4-b3ec-c92fe387eaec
2022-11-04 01:07:52,716 [EndpointStateMachine task thread for /0.0.0.0:45711 - 0 ] INFO  ozoneimpl.OzoneContainer (OzoneContainer.java:start(378)) - Attempting to start container services.
2022-11-04 01:07:52,716 [EndpointStateMachine task thread for /0.0.0.0:45711 - 0 ] INFO  ozoneimpl.OzoneContainer (OzoneContainer.java:startContainerScrub(313)) - Background container scanner has been disabled.
2022-11-04 01:07:52,718 [Listener at 127.0.0.1/40125] INFO  handler.ContextHandler (ContextHandler.java:doStart(921)) - Started o.e.j.w.WebAppContext@3c4f0087{hddsDatanode,/,file:///tmp/jetty-0_0_0_0-37001-hdds-container-service-1_3_0-SNAPSHOT_jar-_-any-4361589272961021759/webapp/,AVAILABLE}{jar:file:/home/runner/.m2/repository/org/apache/ozone/hdds-container-service/1.3.0-SNAPSHOT/hdds-container-service-1.3.0-SNAPSHOT.jar!/webapps/hddsDatanode}
2022-11-04 01:07:52,720 [Listener at 127.0.0.1/40125] INFO  server.AbstractConnector (AbstractConnector.java:doStart(333)) - Started ServerConnector@837ef79{HTTP/1.1, (http/1.1)}{0.0.0.0:37001}
2022-11-04 01:07:52,720 [Listener at 127.0.0.1/40125] INFO  server.Server (Server.java:doStart(415)) - Started @10505ms
2022-11-04 01:07:52,720 [Listener at 127.0.0.1/40125] WARN  impl.MetricsSystemImpl (MetricsSystemImpl.java:register(279)) - Sink prometheus already exists!
2022-11-04 01:07:52,721 [EndpointStateMachine task thread for /0.0.0.0:45711 - 0 ] INFO  replication.ReplicationServer (ReplicationServer.java:start(111)) - ReplicationServer is started using port 46293
2022-11-04 01:07:52,721 [Listener at 127.0.0.1/40125] INFO  http.BaseHttpServer (BaseHttpServer.java:updateConnectorAddress(333)) - HTTP server of hddsDatanode listening at http://0.0.0.0:37001
2022-11-04 01:07:52,721 [EndpointStateMachine task thread for /0.0.0.0:45711 - 0 ] INFO  ratis.XceiverServerRatis (XceiverServerRatis.java:start(481)) - Starting XceiverServerRatis 70253b25-82f0-4a7c-9412-29622705a2de
2022-11-04 01:07:52,726 [Datanode State Machine Daemon Thread] INFO  statemachine.DatanodeStateMachine (DatanodeStateMachine.java:lambda$startDaemon$0(505)) - Ozone container server started.
2022-11-04 01:07:52,732 [Listener at 127.0.0.1/40125] WARN  impl.MetricRegistriesImpl (MetricRegistriesImpl.java:addReporterRegistration(111)) - New reporters are added after registries were created. Some metrics will be missing from the reporter. Please add reporter before adding any new registry.
2022-11-04 01:07:52,732 [Listener at 127.0.0.1/40125] WARN  impl.MetricRegistriesImpl (MetricRegistriesImpl.java:addReporterRegistration(111)) - New reporters are added after registries were created. Some metrics will be missing from the reporter. Please add reporter before adding any new registry.
2022-11-04 01:07:52,732 [Listener at 127.0.0.1/40125] INFO  impl.MetricsSystemImpl (MetricsSystemImpl.java:init(158)) - HddsDatanode metrics system started (again)
2022-11-04 01:07:52,743 [Listener at 127.0.0.1/40125] INFO  ozone.HddsDatanodeService (HddsDatanodeService.java:start(236)) - HddsDatanodeService host:fv-az39-323.yumyzuo2tp0ejekjjwodrrku4b.bx.internal.cloudapp.net ip:10.1.0.17
2022-11-04 01:07:52,749 [EndpointStateMachine task thread for /0.0.0.0:45711 - 0 ] INFO  server.RaftServer (RaftServerProxy.java:startImpl(393)) - 70253b25-82f0-4a7c-9412-29622705a2de: start RPC server
2022-11-04 01:07:52,760 [EndpointStateMachine task thread for /0.0.0.0:45711 - 0 ] INFO  server.GrpcService (GrpcService.java:startImpl(270)) - 70253b25-82f0-4a7c-9412-29622705a2de: GrpcService started, listening on 37713
2022-11-04 01:07:52,760 [org.apache.hadoop.util.JvmPauseMonitor$Monitor@7999def8] INFO  util.JvmPauseMonitor (JvmPauseMonitor.java:run(188)) - Starting JVM pause monitor
2022-11-04 01:07:52,761 [EndpointStateMachine task thread for /0.0.0.0:45711 - 0 ] INFO  ratis.XceiverServerRatis (XceiverServerRatis.java:getRealPort(502)) - XceiverServerRatis 70253b25-82f0-4a7c-9412-29622705a2de is started using port 37713 for RATIS
2022-11-04 01:07:52,761 [EndpointStateMachine task thread for /0.0.0.0:45711 - 0 ] INFO  ratis.XceiverServerRatis (XceiverServerRatis.java:getRealPort(502)) - XceiverServerRatis 70253b25-82f0-4a7c-9412-29622705a2de is started using port 37713 for RATIS_ADMIN
2022-11-04 01:07:52,761 [EndpointStateMachine task thread for /0.0.0.0:45711 - 0 ] INFO  ratis.XceiverServerRatis (XceiverServerRatis.java:getRealPort(502)) - XceiverServerRatis 70253b25-82f0-4a7c-9412-29622705a2de is started using port 37713 for RATIS_SERVER
2022-11-04 01:07:52,761 [JvmPauseMonitor3] INFO  util.JvmPauseMonitor (JvmPauseMonitor.java:run(105)) - JvmPauseMonitor-70253b25-82f0-4a7c-9412-29622705a2de: Started
2022-11-04 01:07:52,764 [Datanode State Machine Task Thread - 0] INFO  datanode.InitDatanodeState (InitDatanodeState.java:persistContainerDatanodeDetails(138)) - DatanodeDetails is persisted to /home/runner/work/ozone/ozone/hadoop-ozone/integration-test/target/test-dir/MiniOzoneClusterImpl-e654cb93-8a46-4732-947e-f27e0a8f69eb/datanode-8/meta/datanode.id
2022-11-04 01:07:52,769 [EndpointStateMachine task thread for /0.0.0.0:45711 - 0 ] INFO  server.XceiverServerGrpc (XceiverServerGrpc.java:start(180)) - XceiverServerGrpc 70253b25-82f0-4a7c-9412-29622705a2de is started using port 37085
2022-11-04 01:07:52,786 [Listener at 127.0.0.1/40125] INFO  upgrade.AbstractLayoutVersionManager (AbstractLayoutVersionManager.java:init(83)) - Initializing Layout version manager with metadata layout = DATANODE_SCHEMA_V3 (version = 4), software layout = DATANODE_SCHEMA_V3 (version = 4)
2022-11-04 01:07:52,828 [Listener at 127.0.0.1/40125] INFO  reflections.Reflections (Reflections.java:scan(232)) - Reflections took 40 ms to scan 7 urls, producing 139 keys and 336 values 
2022-11-04 01:07:52,829 [Listener at 127.0.0.1/40125] INFO  statemachine.DatanodeStateMachine (DatanodeStateMachine.java:getEndPointTaskThreadPoolSize(245)) - Datanode State Machine Task Thread Pool size 2
2022-11-04 01:07:52,831 [Listener at 127.0.0.1/40125] INFO  volume.HddsVolume (HddsVolume.java:<init>(117)) - Creating HddsVolume: /home/runner/work/ozone/ozone/hadoop-ozone/integration-test/target/test-dir/MiniOzoneClusterImpl-e654cb93-8a46-4732-947e-f27e0a8f69eb/datanode-9/data-0/containers/hdds of storage type : DISK capacity : 9223372036854775807
2022-11-04 01:07:52,831 [Listener at 127.0.0.1/40125] INFO  volume.MutableVolumeSet (MutableVolumeSet.java:initializeVolumeSet(174)) - Added Volume : /home/runner/work/ozone/ozone/hadoop-ozone/integration-test/target/test-dir/MiniOzoneClusterImpl-e654cb93-8a46-4732-947e-f27e0a8f69eb/datanode-9/data-0/containers/hdds to VolumeSet
2022-11-04 01:07:52,831 [Listener at 127.0.0.1/40125] INFO  volume.ThrottledAsyncChecker (ThrottledAsyncChecker.java:schedule(141)) - Scheduling a check for /home/runner/work/ozone/ozone/hadoop-ozone/integration-test/target/test-dir/MiniOzoneClusterImpl-e654cb93-8a46-4732-947e-f27e0a8f69eb/datanode-9/data-0/containers/hdds
2022-11-04 01:07:52,837 [Listener at 127.0.0.1/40125] INFO  volume.StorageVolumeChecker (StorageVolumeChecker.java:checkAllVolumes(202)) - Scheduled health check for volume /home/runner/work/ozone/ozone/hadoop-ozone/integration-test/target/test-dir/MiniOzoneClusterImpl-e654cb93-8a46-4732-947e-f27e0a8f69eb/datanode-9/data-0/containers/hdds
2022-11-04 01:07:52,848 [Listener at 127.0.0.1/40125] INFO  volume.MutableVolumeSet (MutableVolumeSet.java:initializeVolumeSet(174)) - Added Volume : /home/runner/work/ozone/ozone/hadoop-ozone/integration-test/target/test-dir/MiniOzoneClusterImpl-e654cb93-8a46-4732-947e-f27e0a8f69eb/datanode-9/data/ratis to VolumeSet
2022-11-04 01:07:52,848 [Listener at 127.0.0.1/40125] INFO  volume.ThrottledAsyncChecker (ThrottledAsyncChecker.java:schedule(141)) - Scheduling a check for /home/runner/work/ozone/ozone/hadoop-ozone/integration-test/target/test-dir/MiniOzoneClusterImpl-e654cb93-8a46-4732-947e-f27e0a8f69eb/datanode-9/data/ratis
2022-11-04 01:07:52,848 [Listener at 127.0.0.1/40125] INFO  volume.StorageVolumeChecker (StorageVolumeChecker.java:checkAllVolumes(202)) - Scheduled health check for volume /home/runner/work/ozone/ozone/hadoop-ozone/integration-test/target/test-dir/MiniOzoneClusterImpl-e654cb93-8a46-4732-947e-f27e0a8f69eb/datanode-9/data/ratis
2022-11-04 01:07:52,858 [Thread-271] INFO  ozoneimpl.ContainerReader (ContainerReader.java:readVolume(175)) - Finish verifying containers on volume /home/runner/work/ozone/ozone/hadoop-ozone/integration-test/target/test-dir/MiniOzoneClusterImpl-e654cb93-8a46-4732-947e-f27e0a8f69eb/datanode-9/data-0/containers/hdds
2022-11-04 01:07:52,858 [Listener at 127.0.0.1/40125] INFO  ozoneimpl.OzoneContainer (OzoneContainer.java:buildContainerSet(300)) - Build ContainerSet costs 0s
2022-11-04 01:07:52,861 [Listener at 127.0.0.1/40125] INFO  server.RaftServer (ConfUtils.java:logGet(46)) - raft.rpc.type = GRPC (default)
2022-11-04 01:07:52,862 [Listener at 127.0.0.1/40125] INFO  grpc.GrpcConfigKeys (ConfUtils.java:logFallback(53)) - raft.grpc.admin.host = null (fallback to raft.grpc.server.host)
2022-11-04 01:07:52,862 [Listener at 127.0.0.1/40125] INFO  grpc.GrpcConfigKeys (ConfUtils.java:logGet(46)) - raft.grpc.admin.port = 0 (custom)
2022-11-04 01:07:52,862 [Listener at 127.0.0.1/40125] INFO  grpc.GrpcConfigKeys (ConfUtils.java:logFallback(53)) - raft.grpc.client.host = null (fallback to raft.grpc.server.host)
2022-11-04 01:07:52,862 [Listener at 127.0.0.1/40125] INFO  grpc.GrpcConfigKeys (ConfUtils.java:logGet(46)) - raft.grpc.client.port = 0 (custom)
2022-11-04 01:07:52,862 [Listener at 127.0.0.1/40125] INFO  grpc.GrpcConfigKeys (ConfUtils.java:logGet(46)) - raft.grpc.server.host = null (default)
2022-11-04 01:07:52,862 [Listener at 127.0.0.1/40125] INFO  grpc.GrpcConfigKeys (ConfUtils.java:logGet(46)) - raft.grpc.server.port = 0 (default)
2022-11-04 01:07:52,862 [Listener at 127.0.0.1/40125] INFO  server.GrpcService (ConfUtils.java:logGet(46)) - raft.grpc.message.size.max = 32MB (=33554432) (custom)
2022-11-04 01:07:52,863 [Listener at 127.0.0.1/40125] INFO  server.RaftServerConfigKeys (ConfUtils.java:logGet(46)) - raft.server.log.appender.buffer.byte-limit = 33554432 (custom)
2022-11-04 01:07:52,863 [Listener at 127.0.0.1/40125] INFO  server.GrpcService (ConfUtils.java:logGet(46)) - raft.grpc.flow.control.window = 5MB (=5242880) (custom)
2022-11-04 01:07:52,863 [Listener at 127.0.0.1/40125] INFO  server.RaftServerConfigKeys (ConfUtils.java:logGet(46)) - raft.server.rpc.request.timeout = 60s (custom)
2022-11-04 01:07:52,868 [Listener at 127.0.0.1/40125] INFO  grpc.GrpcConfigKeys (ConfUtils.java:logGet(46)) - raft.grpc.server.heartbeat.channel = true (default)
2022-11-04 01:07:52,868 [Listener at 127.0.0.1/40125] INFO  grpc.GrpcConfigKeys (ConfUtils.java:logGet(46)) - raft.grpc.server.async.request.thread.pool.cached = true (default)
2022-11-04 01:07:52,868 [Listener at 127.0.0.1/40125] INFO  grpc.GrpcConfigKeys (ConfUtils.java:logGet(46)) - raft.grpc.server.async.request.thread.pool.size = 32 (default)
2022-11-04 01:07:52,869 [Listener at 127.0.0.1/40125] INFO  impl.DataStreamServerImpl (ConfUtils.java:logGet(46)) - raft.datastream.type = DISABLED (default)
2022-11-04 01:07:52,869 [Listener at 127.0.0.1/40125] INFO  server.RaftServerConfigKeys (ConfUtils.java:logGet(46)) - raft.server.threadpool.proxy.cached = true (default)
2022-11-04 01:07:52,869 [Listener at 127.0.0.1/40125] INFO  server.RaftServerConfigKeys (ConfUtils.java:logGet(46)) - raft.server.threadpool.proxy.size = 0 (default)
2022-11-04 01:07:52,870 [Listener at 127.0.0.1/40125] INFO  server.RaftServerConfigKeys (ConfUtils.java:logGet(46)) - raft.server.rpc.slowness.timeout = 300s (custom)
2022-11-04 01:07:52,870 [Listener at 127.0.0.1/40125] INFO  server.RaftServerConfigKeys (ConfUtils.java:logGet(46)) - raft.server.leaderelection.leader.step-down.wait-time = 10s (default)
2022-11-04 01:07:52,870 [Listener at 127.0.0.1/40125] INFO  server.RaftServerConfigKeys (ConfUtils.java:logGet(46)) - raft.server.storage.dir = [/home/runner/work/ozone/ozone/hadoop-ozone/integration-test/target/test-dir/MiniOzoneClusterImpl-e654cb93-8a46-4732-947e-f27e0a8f69eb/datanode-9/data/ratis] (custom)
2022-11-04 01:07:52,871 [Listener at 127.0.0.1/40125] INFO  server.XceiverServerGrpc (XceiverServerGrpc.java:<init>(132)) - GrpcServer channel type EpollServerSocketChannel
2022-11-04 01:07:52,876 [Listener at 127.0.0.1/40125] INFO  http.BaseHttpServer (BaseHttpServer.java:newHttpServer2BuilderForOzone(213)) - Starting Web-server for hddsDatanode at: http://0.0.0.0:0
2022-11-04 01:07:52,876 [Listener at 127.0.0.1/40125] INFO  http.BaseHttpServer (BaseHttpServer.java:<init>(108)) - Hadoop Security Enabled: false Ozone Security Enabled: false Ozone HTTP Security Enabled: false 
2022-11-04 01:07:52,877 [Listener at 127.0.0.1/40125] WARN  server.AuthenticationFilter (AuthenticationFilter.java:constructSecretProvider(240)) - Unable to initialize FileSignerSecretProvider, falling back to use random secrets. Reason: Could not read signature secret file: /home/runner/hadoop-http-auth-signature-secret
2022-11-04 01:07:52,883 [Listener at 127.0.0.1/40125] WARN  http.HttpRequestLog (HttpRequestLog.java:getRequestLog(103)) - Jetty request log can only be enabled using Log4j
2022-11-04 01:07:52,884 [Listener at 127.0.0.1/40125] INFO  http.HttpServer2 (HttpServer2.java:addGlobalFilter(1031)) - Added global filter 'safety' (class=org.apache.hadoop.hdds.server.http.HttpServer2$QuotingInputFilter)
2022-11-04 01:07:52,885 [Listener at 127.0.0.1/40125] INFO  http.HttpServer2 (HttpServer2.java:addFilter(1007)) - Added filter static_user_filter (class=org.apache.hadoop.http.lib.StaticUserWebFilter$StaticUserFilter) to context hddsDatanode
2022-11-04 01:07:52,885 [Listener at 127.0.0.1/40125] INFO  http.HttpServer2 (HttpServer2.java:addFilter(1015)) - Added filter static_user_filter (class=org.apache.hadoop.http.lib.StaticUserWebFilter$StaticUserFilter) to context logs
2022-11-04 01:07:52,885 [Listener at 127.0.0.1/40125] INFO  http.HttpServer2 (HttpServer2.java:addFilter(1015)) - Added filter static_user_filter (class=org.apache.hadoop.http.lib.StaticUserWebFilter$StaticUserFilter) to context static
2022-11-04 01:07:52,886 [Listener at 127.0.0.1/40125] INFO  http.HttpServer2 (HttpServer2.java:bindListener(1250)) - Jetty bound to port 43419
2022-11-04 01:07:52,886 [Listener at 127.0.0.1/40125] INFO  server.Server (Server.java:doStart(375)) - jetty-9.4.49.v20220914; built: 2022-09-14T01:07:36.601Z; git: 4231a3b2e4cb8548a412a789936d640a97b1aa0a; jvm 1.8.0_345-b01
2022-11-04 01:07:52,887 [Listener at 127.0.0.1/40125] INFO  server.session (DefaultSessionIdManager.java:doStart(334)) - DefaultSessionIdManager workerName=node0
2022-11-04 01:07:52,887 [Listener at 127.0.0.1/40125] INFO  server.session (DefaultSessionIdManager.java:doStart(339)) - No SessionScavenger set, using defaults
2022-11-04 01:07:52,887 [Listener at 127.0.0.1/40125] INFO  server.session (HouseKeeper.java:startScavenging(132)) - node0 Scavenging every 600000ms
2022-11-04 01:07:52,889 [Listener at 127.0.0.1/40125] INFO  handler.ContextHandler (ContextHandler.java:doStart(921)) - Started o.e.j.s.ServletContextHandler@27080a5e{logs,/logs,file:///home/runner/work/ozone/ozone/hadoop-ozone/integration-test/target/log,AVAILABLE}
2022-11-04 01:07:52,890 [Listener at 127.0.0.1/40125] INFO  handler.ContextHandler (ContextHandler.java:doStart(921)) - Started o.e.j.s.ServletContextHandler@162e7803{static,/static,jar:file:/home/runner/.m2/repository/org/apache/ozone/hdds-container-service/1.3.0-SNAPSHOT/hdds-container-service-1.3.0-SNAPSHOT.jar!/webapps/static,AVAILABLE}
2022-11-04 01:07:53,071 [Listener at 127.0.0.1/40125] INFO  handler.ContextHandler (ContextHandler.java:doStart(921)) - Started o.e.j.w.WebAppContext@f057789{hddsDatanode,/,file:///tmp/jetty-0_0_0_0-43419-hdds-container-service-1_3_0-SNAPSHOT_jar-_-any-2239527121182900489/webapp/,AVAILABLE}{jar:file:/home/runner/.m2/repository/org/apache/ozone/hdds-container-service/1.3.0-SNAPSHOT/hdds-container-service-1.3.0-SNAPSHOT.jar!/webapps/hddsDatanode}
2022-11-04 01:07:53,071 [EndpointStateMachine task thread for /0.0.0.0:45711 - 0 ] INFO  utils.DatanodeStoreCache (DatanodeStoreCache.java:addDB(58)) - Added db /home/runner/work/ozone/ozone/hadoop-ozone/integration-test/target/test-dir/MiniOzoneClusterImpl-e654cb93-8a46-4732-947e-f27e0a8f69eb/datanode-3/data-0/containers/hdds/e654cb93-8a46-4732-947e-f27e0a8f69eb/DS-8d3df5b9-bbed-49a4-ac92-7c38af4695c2/container.db to cache
2022-11-04 01:07:53,073 [EndpointStateMachine task thread for /0.0.0.0:45711 - 0 ] INFO  volume.HddsVolume (HddsVolume.java:createDbStore(307)) - SchemaV3 db is created and loaded at /home/runner/work/ozone/ozone/hadoop-ozone/integration-test/target/test-dir/MiniOzoneClusterImpl-e654cb93-8a46-4732-947e-f27e0a8f69eb/datanode-3/data-0/containers/hdds/e654cb93-8a46-4732-947e-f27e0a8f69eb/DS-8d3df5b9-bbed-49a4-ac92-7c38af4695c2/container.db for volume DS-8d3df5b9-bbed-49a4-ac92-7c38af4695c2
2022-11-04 01:07:53,073 [EndpointStateMachine task thread for /0.0.0.0:45711 - 0 ] INFO  ozoneimpl.OzoneContainer (OzoneContainer.java:start(378)) - Attempting to start container services.
2022-11-04 01:07:53,074 [EndpointStateMachine task thread for /0.0.0.0:45711 - 0 ] INFO  ozoneimpl.OzoneContainer (OzoneContainer.java:startContainerScrub(313)) - Background container scanner has been disabled.
2022-11-04 01:07:53,080 [Listener at 127.0.0.1/40125] INFO  server.AbstractConnector (AbstractConnector.java:doStart(333)) - Started ServerConnector@78a724c3{HTTP/1.1, (http/1.1)}{0.0.0.0:43419}
2022-11-04 01:07:53,080 [Listener at 127.0.0.1/40125] INFO  server.Server (Server.java:doStart(415)) - Started @10865ms
2022-11-04 01:07:53,080 [Listener at 127.0.0.1/40125] WARN  impl.MetricsSystemImpl (MetricsSystemImpl.java:register(279)) - Sink prometheus already exists!
2022-11-04 01:07:53,081 [EndpointStateMachine task thread for /0.0.0.0:45711 - 0 ] INFO  replication.ReplicationServer (ReplicationServer.java:start(111)) - ReplicationServer is started using port 36003
2022-11-04 01:07:53,081 [Listener at 127.0.0.1/40125] INFO  http.BaseHttpServer (BaseHttpServer.java:updateConnectorAddress(333)) - HTTP server of hddsDatanode listening at http://0.0.0.0:43419
2022-11-04 01:07:53,082 [EndpointStateMachine task thread for /0.0.0.0:45711 - 0 ] INFO  ratis.XceiverServerRatis (XceiverServerRatis.java:start(481)) - Starting XceiverServerRatis 47858208-0de4-46ca-af6a-45b9f6a00c92
2022-11-04 01:07:53,082 [Datanode State Machine Daemon Thread] INFO  statemachine.DatanodeStateMachine (DatanodeStateMachine.java:lambda$startDaemon$0(505)) - Ozone container server started.
2022-11-04 01:07:53,082 [EndpointStateMachine task thread for /0.0.0.0:45711 - 0 ] INFO  server.RaftServer (RaftServerProxy.java:startImpl(393)) - 47858208-0de4-46ca-af6a-45b9f6a00c92: start RPC server
2022-11-04 01:07:53,093 [Listener at 127.0.0.1/40125] INFO  ozone.MiniOzoneClusterImpl (MiniOzoneClusterImpl.java:lambda$waitForClusterToBeReady$0(216)) - Waiting for nodes to be ready. Got 0 of 10 DN Heartbeats.
2022-11-04 01:07:53,093 [Listener at 127.0.0.1/40125] INFO  ozone.MiniOzoneClusterImpl (MiniOzoneClusterImpl.java:lambda$waitForClusterToBeReady$0(219)) - Waiting for cluster to exit safe mode
2022-11-04 01:07:53,093 [Listener at 127.0.0.1/40125] INFO  ozone.MiniOzoneClusterImpl (MiniOzoneClusterImpl.java:lambda$waitForClusterToBeReady$0(221)) - SCM became leader
2022-11-04 01:07:53,107 [org.apache.hadoop.util.JvmPauseMonitor$Monitor@5aed4881] INFO  util.JvmPauseMonitor (JvmPauseMonitor.java:run(188)) - Starting JVM pause monitor
2022-11-04 01:07:53,109 [EndpointStateMachine task thread for /0.0.0.0:45711 - 0 ] INFO  server.GrpcService (GrpcService.java:startImpl(270)) - 47858208-0de4-46ca-af6a-45b9f6a00c92: GrpcService started, listening on 42645
2022-11-04 01:07:53,110 [EndpointStateMachine task thread for /0.0.0.0:45711 - 0 ] INFO  ratis.XceiverServerRatis (XceiverServerRatis.java:getRealPort(502)) - XceiverServerRatis 47858208-0de4-46ca-af6a-45b9f6a00c92 is started using port 42645 for RATIS
2022-11-04 01:07:53,110 [EndpointStateMachine task thread for /0.0.0.0:45711 - 0 ] INFO  ratis.XceiverServerRatis (XceiverServerRatis.java:getRealPort(502)) - XceiverServerRatis 47858208-0de4-46ca-af6a-45b9f6a00c92 is started using port 42645 for RATIS_ADMIN
2022-11-04 01:07:53,110 [EndpointStateMachine task thread for /0.0.0.0:45711 - 0 ] INFO  ratis.XceiverServerRatis (XceiverServerRatis.java:getRealPort(502)) - XceiverServerRatis 47858208-0de4-46ca-af6a-45b9f6a00c92 is started using port 42645 for RATIS_SERVER
2022-11-04 01:07:53,110 [JvmPauseMonitor4] INFO  util.JvmPauseMonitor (JvmPauseMonitor.java:run(105)) - JvmPauseMonitor-47858208-0de4-46ca-af6a-45b9f6a00c92: Started
2022-11-04 01:07:53,111 [Datanode State Machine Task Thread - 0] INFO  datanode.InitDatanodeState (InitDatanodeState.java:persistContainerDatanodeDetails(138)) - DatanodeDetails is persisted to /home/runner/work/ozone/ozone/hadoop-ozone/integration-test/target/test-dir/MiniOzoneClusterImpl-e654cb93-8a46-4732-947e-f27e0a8f69eb/datanode-9/meta/datanode.id
2022-11-04 01:07:53,113 [EndpointStateMachine task thread for /0.0.0.0:45711 - 0 ] INFO  server.XceiverServerGrpc (XceiverServerGrpc.java:start(180)) - XceiverServerGrpc 47858208-0de4-46ca-af6a-45b9f6a00c92 is started using port 39519
2022-11-04 01:07:53,369 [EndpointStateMachine task thread for /0.0.0.0:45711 - 0 ] INFO  utils.DatanodeStoreCache (DatanodeStoreCache.java:addDB(58)) - Added db /home/runner/work/ozone/ozone/hadoop-ozone/integration-test/target/test-dir/MiniOzoneClusterImpl-e654cb93-8a46-4732-947e-f27e0a8f69eb/datanode-4/data-0/containers/hdds/e654cb93-8a46-4732-947e-f27e0a8f69eb/DS-60a608aa-5dd1-496f-817e-dfa6561829dc/container.db to cache
2022-11-04 01:07:53,369 [EndpointStateMachine task thread for /0.0.0.0:45711 - 0 ] INFO  volume.HddsVolume (HddsVolume.java:createDbStore(307)) - SchemaV3 db is created and loaded at /home/runner/work/ozone/ozone/hadoop-ozone/integration-test/target/test-dir/MiniOzoneClusterImpl-e654cb93-8a46-4732-947e-f27e0a8f69eb/datanode-4/data-0/containers/hdds/e654cb93-8a46-4732-947e-f27e0a8f69eb/DS-60a608aa-5dd1-496f-817e-dfa6561829dc/container.db for volume DS-60a608aa-5dd1-496f-817e-dfa6561829dc
2022-11-04 01:07:53,369 [EndpointStateMachine task thread for /0.0.0.0:45711 - 0 ] INFO  ozoneimpl.OzoneContainer (OzoneContainer.java:start(378)) - Attempting to start container services.
2022-11-04 01:07:53,369 [EndpointStateMachine task thread for /0.0.0.0:45711 - 0 ] INFO  ozoneimpl.OzoneContainer (OzoneContainer.java:startContainerScrub(313)) - Background container scanner has been disabled.
2022-11-04 01:07:53,371 [EndpointStateMachine task thread for /0.0.0.0:45711 - 0 ] INFO  replication.ReplicationServer (ReplicationServer.java:start(111)) - ReplicationServer is started using port 35841
2022-11-04 01:07:53,372 [EndpointStateMachine task thread for /0.0.0.0:45711 - 0 ] INFO  ratis.XceiverServerRatis (XceiverServerRatis.java:start(481)) - Starting XceiverServerRatis e73ed4bb-a433-4ecd-b93a-d0b4e16433ed
2022-11-04 01:07:53,372 [EndpointStateMachine task thread for /0.0.0.0:45711 - 0 ] INFO  server.RaftServer (RaftServerProxy.java:startImpl(393)) - e73ed4bb-a433-4ecd-b93a-d0b4e16433ed: start RPC server
2022-11-04 01:07:53,374 [EndpointStateMachine task thread for /0.0.0.0:45711 - 0 ] INFO  server.GrpcService (GrpcService.java:startImpl(270)) - e73ed4bb-a433-4ecd-b93a-d0b4e16433ed: GrpcService started, listening on 37481
2022-11-04 01:07:53,374 [EndpointStateMachine task thread for /0.0.0.0:45711 - 0 ] INFO  ratis.XceiverServerRatis (XceiverServerRatis.java:getRealPort(502)) - XceiverServerRatis e73ed4bb-a433-4ecd-b93a-d0b4e16433ed is started using port 37481 for RATIS
2022-11-04 01:07:53,374 [JvmPauseMonitor5] INFO  util.JvmPauseMonitor (JvmPauseMonitor.java:run(105)) - JvmPauseMonitor-e73ed4bb-a433-4ecd-b93a-d0b4e16433ed: Started
2022-11-04 01:07:53,374 [EndpointStateMachine task thread for /0.0.0.0:45711 - 0 ] INFO  ratis.XceiverServerRatis (XceiverServerRatis.java:getRealPort(502)) - XceiverServerRatis e73ed4bb-a433-4ecd-b93a-d0b4e16433ed is started using port 37481 for RATIS_ADMIN
2022-11-04 01:07:53,374 [EndpointStateMachine task thread for /0.0.0.0:45711 - 0 ] INFO  ratis.XceiverServerRatis (XceiverServerRatis.java:getRealPort(502)) - XceiverServerRatis e73ed4bb-a433-4ecd-b93a-d0b4e16433ed is started using port 37481 for RATIS_SERVER
2022-11-04 01:07:53,377 [EndpointStateMachine task thread for /0.0.0.0:45711 - 0 ] INFO  server.XceiverServerGrpc (XceiverServerGrpc.java:start(180)) - XceiverServerGrpc e73ed4bb-a433-4ecd-b93a-d0b4e16433ed is started using port 32791
2022-11-04 01:07:53,704 [EndpointStateMachine task thread for /0.0.0.0:45711 - 0 ] INFO  utils.DatanodeStoreCache (DatanodeStoreCache.java:addDB(58)) - Added db /home/runner/work/ozone/ozone/hadoop-ozone/integration-test/target/test-dir/MiniOzoneClusterImpl-e654cb93-8a46-4732-947e-f27e0a8f69eb/datanode-5/data-0/containers/hdds/e654cb93-8a46-4732-947e-f27e0a8f69eb/DS-53148bba-ec52-4b34-b264-ac32f50889d4/container.db to cache
2022-11-04 01:07:53,705 [EndpointStateMachine task thread for /0.0.0.0:45711 - 0 ] INFO  volume.HddsVolume (HddsVolume.java:createDbStore(307)) - SchemaV3 db is created and loaded at /home/runner/work/ozone/ozone/hadoop-ozone/integration-test/target/test-dir/MiniOzoneClusterImpl-e654cb93-8a46-4732-947e-f27e0a8f69eb/datanode-5/data-0/containers/hdds/e654cb93-8a46-4732-947e-f27e0a8f69eb/DS-53148bba-ec52-4b34-b264-ac32f50889d4/container.db for volume DS-53148bba-ec52-4b34-b264-ac32f50889d4
2022-11-04 01:07:53,705 [EndpointStateMachine task thread for /0.0.0.0:45711 - 0 ] INFO  ozoneimpl.OzoneContainer (OzoneContainer.java:start(378)) - Attempting to start container services.
2022-11-04 01:07:53,705 [EndpointStateMachine task thread for /0.0.0.0:45711 - 0 ] INFO  ozoneimpl.OzoneContainer (OzoneContainer.java:startContainerScrub(313)) - Background container scanner has been disabled.
2022-11-04 01:07:53,707 [EndpointStateMachine task thread for /0.0.0.0:45711 - 0 ] INFO  replication.ReplicationServer (ReplicationServer.java:start(111)) - ReplicationServer is started using port 45229
2022-11-04 01:07:53,707 [EndpointStateMachine task thread for /0.0.0.0:45711 - 0 ] INFO  ratis.XceiverServerRatis (XceiverServerRatis.java:start(481)) - Starting XceiverServerRatis 914271eb-14eb-4bb5-b4be-b6b4d3827766
2022-11-04 01:07:53,707 [EndpointStateMachine task thread for /0.0.0.0:45711 - 0 ] INFO  server.RaftServer (RaftServerProxy.java:startImpl(393)) - 914271eb-14eb-4bb5-b4be-b6b4d3827766: start RPC server
2022-11-04 01:07:53,709 [EndpointStateMachine task thread for /0.0.0.0:45711 - 0 ] INFO  server.GrpcService (GrpcService.java:startImpl(270)) - 914271eb-14eb-4bb5-b4be-b6b4d3827766: GrpcService started, listening on 40663
2022-11-04 01:07:53,710 [EndpointStateMachine task thread for /0.0.0.0:45711 - 0 ] INFO  ratis.XceiverServerRatis (XceiverServerRatis.java:getRealPort(502)) - XceiverServerRatis 914271eb-14eb-4bb5-b4be-b6b4d3827766 is started using port 40663 for RATIS
2022-11-04 01:07:53,710 [EndpointStateMachine task thread for /0.0.0.0:45711 - 0 ] INFO  ratis.XceiverServerRatis (XceiverServerRatis.java:getRealPort(502)) - XceiverServerRatis 914271eb-14eb-4bb5-b4be-b6b4d3827766 is started using port 40663 for RATIS_ADMIN
2022-11-04 01:07:53,710 [JvmPauseMonitor6] INFO  util.JvmPauseMonitor (JvmPauseMonitor.java:run(105)) - JvmPauseMonitor-914271eb-14eb-4bb5-b4be-b6b4d3827766: Started
2022-11-04 01:07:53,710 [EndpointStateMachine task thread for /0.0.0.0:45711 - 0 ] INFO  ratis.XceiverServerRatis (XceiverServerRatis.java:getRealPort(502)) - XceiverServerRatis 914271eb-14eb-4bb5-b4be-b6b4d3827766 is started using port 40663 for RATIS_SERVER
2022-11-04 01:07:53,712 [EndpointStateMachine task thread for /0.0.0.0:45711 - 0 ] INFO  server.XceiverServerGrpc (XceiverServerGrpc.java:start(180)) - XceiverServerGrpc 914271eb-14eb-4bb5-b4be-b6b4d3827766 is started using port 42637
2022-11-04 01:07:53,835 [IPC Server handler 10 on default port 45711] INFO  net.NetworkTopologyImpl (NetworkTopologyImpl.java:add(112)) - Added a new node: /default-rack/b5f0d7ba-78c4-4bfc-9c94-2fc11ccd4fbc
2022-11-04 01:07:53,837 [IPC Server handler 10 on default port 45711] INFO  node.SCMNodeManager (SCMNodeManager.java:register(397)) - Registered Data node : b5f0d7ba-78c4-4bfc-9c94-2fc11ccd4fbc{ip: 10.1.0.17, host: fv-az39-323.yumyzuo2tp0ejekjjwodrrku4b.bx.internal.cloudapp.net, ports: [REPLICATION=32795, RATIS=44613, RATIS_ADMIN=44613, RATIS_SERVER=44613, STANDALONE=33005], networkLocation: /default-rack, certSerialId: null, persistedOpState: null, persistedOpStateExpiryEpochSec: 0}
2022-11-04 01:07:53,840 [EventQueue-NewNodeForNewNodeHandler] INFO  pipeline.BackgroundPipelineCreator (BackgroundPipelineCreator.java:notifyEventTriggered(276)) - trigger a one-shot run on RatisPipelineUtilsThread.
2022-11-04 01:07:53,846 [RatisPipelineUtilsThread - 0] INFO  pipeline.RatisPipelineProvider (RatisPipelineProvider.java:lambda$create$0(195)) - Sending CreatePipelineCommand for pipeline:PipelineID=eca63c80-83ed-4a92-bed4-8b7106d7b27b to datanode:b5f0d7ba-78c4-4bfc-9c94-2fc11ccd4fbc
2022-11-04 01:07:53,848 [EventQueue-NodeRegistrationContainerReportForDataNodeSafeModeRule] INFO  safemode.SCMSafeModeManager (DataNodeSafeModeRule.java:process(71)) - SCM in safe mode. 1 DataNodes registered, 3 required.
2022-11-04 01:07:53,854 [EventQueue-NodeRegistrationContainerReportForContainerSafeModeRule] INFO  safemode.SCMSafeModeManager (SCMSafeModeManager.java:validateSafeModeExitRules(204)) - ContainerSafeModeRule rule is successfully validated
2022-11-04 01:07:53,856 [RatisPipelineUtilsThread - 0] INFO  pipeline.PipelineStateManagerImpl (PipelineStateManagerImpl.java:addPipeline(103)) - Created pipeline Pipeline[ Id: eca63c80-83ed-4a92-bed4-8b7106d7b27b, Nodes: b5f0d7ba-78c4-4bfc-9c94-2fc11ccd4fbc{ip: 10.1.0.17, host: fv-az39-323.yumyzuo2tp0ejekjjwodrrku4b.bx.internal.cloudapp.net, ports: [REPLICATION=32795, RATIS=44613, RATIS_ADMIN=44613, RATIS_SERVER=44613, STANDALONE=33005], networkLocation: /default-rack, certSerialId: null, persistedOpState: IN_SERVICE, persistedOpStateExpiryEpochSec: 0}, ReplicationConfig: RATIS/ONE, State:ALLOCATED, leaderId:, CreationTimestamp2022-11-04T01:07:53.845Z[Etc/UTC]].
2022-11-04 01:07:53,861 [EventQueue-PipelineReportForOneReplicaPipelineSafeModeRule] INFO  safemode.SCMSafeModeManager (SCMSafeModeManager.java:validateSafeModeExitRules(204)) - AtleastOneDatanodeReportedRule rule is successfully validated
2022-11-04 01:07:54,093 [Listener at 127.0.0.1/40125] INFO  ozone.MiniOzoneClusterImpl (MiniOzoneClusterImpl.java:lambda$waitForClusterToBeReady$0(216)) - Waiting for nodes to be ready. Got 1 of 10 DN Heartbeats.
2022-11-04 01:07:54,094 [Listener at 127.0.0.1/40125] INFO  ozone.MiniOzoneClusterImpl (MiniOzoneClusterImpl.java:lambda$waitForClusterToBeReady$0(219)) - Waiting for cluster to exit safe mode
2022-11-04 01:07:54,094 [Listener at 127.0.0.1/40125] INFO  ozone.MiniOzoneClusterImpl (MiniOzoneClusterImpl.java:lambda$waitForClusterToBeReady$0(221)) - SCM became leader
2022-11-04 01:07:54,137 [EndpointStateMachine task thread for /0.0.0.0:45711 - 0 ] INFO  utils.DatanodeStoreCache (DatanodeStoreCache.java:addDB(58)) - Added db /home/runner/work/ozone/ozone/hadoop-ozone/integration-test/target/test-dir/MiniOzoneClusterImpl-e654cb93-8a46-4732-947e-f27e0a8f69eb/datanode-6/data-0/containers/hdds/e654cb93-8a46-4732-947e-f27e0a8f69eb/DS-197f7af2-ae3d-447f-92f7-09b89dcb692c/container.db to cache
2022-11-04 01:07:54,137 [EndpointStateMachine task thread for /0.0.0.0:45711 - 0 ] INFO  volume.HddsVolume (HddsVolume.java:createDbStore(307)) - SchemaV3 db is created and loaded at /home/runner/work/ozone/ozone/hadoop-ozone/integration-test/target/test-dir/MiniOzoneClusterImpl-e654cb93-8a46-4732-947e-f27e0a8f69eb/datanode-6/data-0/containers/hdds/e654cb93-8a46-4732-947e-f27e0a8f69eb/DS-197f7af2-ae3d-447f-92f7-09b89dcb692c/container.db for volume DS-197f7af2-ae3d-447f-92f7-09b89dcb692c
2022-11-04 01:07:54,138 [EndpointStateMachine task thread for /0.0.0.0:45711 - 0 ] INFO  ozoneimpl.OzoneContainer (OzoneContainer.java:start(378)) - Attempting to start container services.
2022-11-04 01:07:54,138 [EndpointStateMachine task thread for /0.0.0.0:45711 - 0 ] INFO  ozoneimpl.OzoneContainer (OzoneContainer.java:startContainerScrub(313)) - Background container scanner has been disabled.
2022-11-04 01:07:54,143 [EndpointStateMachine task thread for /0.0.0.0:45711 - 0 ] INFO  replication.ReplicationServer (ReplicationServer.java:start(111)) - ReplicationServer is started using port 35247
2022-11-04 01:07:54,143 [EndpointStateMachine task thread for /0.0.0.0:45711 - 0 ] INFO  ratis.XceiverServerRatis (XceiverServerRatis.java:start(481)) - Starting XceiverServerRatis dc492f9b-31c5-46a5-b048-fde4f7a6d732
2022-11-04 01:07:54,144 [EndpointStateMachine task thread for /0.0.0.0:45711 - 0 ] INFO  server.RaftServer (RaftServerProxy.java:startImpl(393)) - dc492f9b-31c5-46a5-b048-fde4f7a6d732: start RPC server
2022-11-04 01:07:54,146 [EndpointStateMachine task thread for /0.0.0.0:45711 - 0 ] INFO  server.GrpcService (GrpcService.java:startImpl(270)) - dc492f9b-31c5-46a5-b048-fde4f7a6d732: GrpcService started, listening on 39685
2022-11-04 01:07:54,146 [EndpointStateMachine task thread for /0.0.0.0:45711 - 0 ] INFO  ratis.XceiverServerRatis (XceiverServerRatis.java:getRealPort(502)) - XceiverServerRatis dc492f9b-31c5-46a5-b048-fde4f7a6d732 is started using port 39685 for RATIS
2022-11-04 01:07:54,146 [JvmPauseMonitor7] INFO  util.JvmPauseMonitor (JvmPauseMonitor.java:run(105)) - JvmPauseMonitor-dc492f9b-31c5-46a5-b048-fde4f7a6d732: Started
2022-11-04 01:07:54,146 [EndpointStateMachine task thread for /0.0.0.0:45711 - 0 ] INFO  ratis.XceiverServerRatis (XceiverServerRatis.java:getRealPort(502)) - XceiverServerRatis dc492f9b-31c5-46a5-b048-fde4f7a6d732 is started using port 39685 for RATIS_ADMIN
2022-11-04 01:07:54,146 [EndpointStateMachine task thread for /0.0.0.0:45711 - 0 ] INFO  ratis.XceiverServerRatis (XceiverServerRatis.java:getRealPort(502)) - XceiverServerRatis dc492f9b-31c5-46a5-b048-fde4f7a6d732 is started using port 39685 for RATIS_SERVER
2022-11-04 01:07:54,147 [EndpointStateMachine task thread for /0.0.0.0:45711 - 0 ] INFO  server.XceiverServerGrpc (XceiverServerGrpc.java:start(180)) - XceiverServerGrpc dc492f9b-31c5-46a5-b048-fde4f7a6d732 is started using port 44189
2022-11-04 01:07:54,285 [IPC Server handler 0 on default port 45711] INFO  net.NetworkTopologyImpl (NetworkTopologyImpl.java:add(112)) - Added a new node: /default-rack/9ad6c772-b583-49da-9dda-46d51a9db348
2022-11-04 01:07:54,286 [IPC Server handler 0 on default port 45711] INFO  node.SCMNodeManager (SCMNodeManager.java:register(397)) - Registered Data node : 9ad6c772-b583-49da-9dda-46d51a9db348{ip: 10.1.0.17, host: fv-az39-323.yumyzuo2tp0ejekjjwodrrku4b.bx.internal.cloudapp.net, ports: [REPLICATION=46803, RATIS=40437, RATIS_ADMIN=40437, RATIS_SERVER=40437, STANDALONE=33617], networkLocation: /default-rack, certSerialId: null, persistedOpState: null, persistedOpStateExpiryEpochSec: 0}
2022-11-04 01:07:54,286 [EventQueue-NodeRegistrationContainerReportForDataNodeSafeModeRule] INFO  safemode.SCMSafeModeManager (DataNodeSafeModeRule.java:process(71)) - SCM in safe mode. 2 DataNodes registered, 3 required.
2022-11-04 01:07:54,286 [EventQueue-NewNodeForNewNodeHandler] INFO  pipeline.BackgroundPipelineCreator (BackgroundPipelineCreator.java:notifyEventTriggered(276)) - trigger a one-shot run on RatisPipelineUtilsThread.
2022-11-04 01:07:54,287 [RatisPipelineUtilsThread - 0] INFO  pipeline.RatisPipelineProvider (RatisPipelineProvider.java:lambda$create$0(195)) - Sending CreatePipelineCommand for pipeline:PipelineID=3fbb2606-43e1-41df-a43e-a48171208d74 to datanode:9ad6c772-b583-49da-9dda-46d51a9db348
2022-11-04 01:07:54,288 [RatisPipelineUtilsThread - 0] INFO  pipeline.PipelineStateManagerImpl (PipelineStateManagerImpl.java:addPipeline(103)) - Created pipeline Pipeline[ Id: 3fbb2606-43e1-41df-a43e-a48171208d74, Nodes: 9ad6c772-b583-49da-9dda-46d51a9db348{ip: 10.1.0.17, host: fv-az39-323.yumyzuo2tp0ejekjjwodrrku4b.bx.internal.cloudapp.net, ports: [REPLICATION=46803, RATIS=40437, RATIS_ADMIN=40437, RATIS_SERVER=40437, STANDALONE=33617], networkLocation: /default-rack, certSerialId: null, persistedOpState: IN_SERVICE, persistedOpStateExpiryEpochSec: 0}, ReplicationConfig: RATIS/ONE, State:ALLOCATED, leaderId:, CreationTimestamp2022-11-04T01:07:54.287Z[Etc/UTC]].
2022-11-04 01:07:54,458 [EndpointStateMachine task thread for /0.0.0.0:45711 - 0 ] INFO  utils.DatanodeStoreCache (DatanodeStoreCache.java:addDB(58)) - Added db /home/runner/work/ozone/ozone/hadoop-ozone/integration-test/target/test-dir/MiniOzoneClusterImpl-e654cb93-8a46-4732-947e-f27e0a8f69eb/datanode-7/data-0/containers/hdds/e654cb93-8a46-4732-947e-f27e0a8f69eb/DS-c6903202-8681-4cbf-a707-d1e2f9ca407a/container.db to cache
2022-11-04 01:07:54,458 [EndpointStateMachine task thread for /0.0.0.0:45711 - 0 ] INFO  volume.HddsVolume (HddsVolume.java:createDbStore(307)) - SchemaV3 db is created and loaded at /home/runner/work/ozone/ozone/hadoop-ozone/integration-test/target/test-dir/MiniOzoneClusterImpl-e654cb93-8a46-4732-947e-f27e0a8f69eb/datanode-7/data-0/containers/hdds/e654cb93-8a46-4732-947e-f27e0a8f69eb/DS-c6903202-8681-4cbf-a707-d1e2f9ca407a/container.db for volume DS-c6903202-8681-4cbf-a707-d1e2f9ca407a
2022-11-04 01:07:54,458 [EndpointStateMachine task thread for /0.0.0.0:45711 - 0 ] INFO  ozoneimpl.OzoneContainer (OzoneContainer.java:start(378)) - Attempting to start container services.
2022-11-04 01:07:54,459 [EndpointStateMachine task thread for /0.0.0.0:45711 - 0 ] INFO  ozoneimpl.OzoneContainer (OzoneContainer.java:startContainerScrub(313)) - Background container scanner has been disabled.
2022-11-04 01:07:54,460 [EndpointStateMachine task thread for /0.0.0.0:45711 - 0 ] INFO  replication.ReplicationServer (ReplicationServer.java:start(111)) - ReplicationServer is started using port 37999
2022-11-04 01:07:54,462 [EndpointStateMachine task thread for /0.0.0.0:45711 - 0 ] INFO  ratis.XceiverServerRatis (XceiverServerRatis.java:start(481)) - Starting XceiverServerRatis 6480c095-e652-434b-9207-ee2ed1cf0924
2022-11-04 01:07:54,462 [EndpointStateMachine task thread for /0.0.0.0:45711 - 0 ] INFO  server.RaftServer (RaftServerProxy.java:startImpl(393)) - 6480c095-e652-434b-9207-ee2ed1cf0924: start RPC server
2022-11-04 01:07:54,464 [EndpointStateMachine task thread for /0.0.0.0:45711 - 0 ] INFO  server.GrpcService (GrpcService.java:startImpl(270)) - 6480c095-e652-434b-9207-ee2ed1cf0924: GrpcService started, listening on 36831
2022-11-04 01:07:54,464 [EndpointStateMachine task thread for /0.0.0.0:45711 - 0 ] INFO  ratis.XceiverServerRatis (XceiverServerRatis.java:getRealPort(502)) - XceiverServerRatis 6480c095-e652-434b-9207-ee2ed1cf0924 is started using port 36831 for RATIS
2022-11-04 01:07:54,464 [EndpointStateMachine task thread for /0.0.0.0:45711 - 0 ] INFO  ratis.XceiverServerRatis (XceiverServerRatis.java:getRealPort(502)) - XceiverServerRatis 6480c095-e652-434b-9207-ee2ed1cf0924 is started using port 36831 for RATIS_ADMIN
2022-11-04 01:07:54,464 [JvmPauseMonitor8] INFO  util.JvmPauseMonitor (JvmPauseMonitor.java:run(105)) - JvmPauseMonitor-6480c095-e652-434b-9207-ee2ed1cf0924: Started
2022-11-04 01:07:54,464 [EndpointStateMachine task thread for /0.0.0.0:45711 - 0 ] INFO  ratis.XceiverServerRatis (XceiverServerRatis.java:getRealPort(502)) - XceiverServerRatis 6480c095-e652-434b-9207-ee2ed1cf0924 is started using port 36831 for RATIS_SERVER
2022-11-04 01:07:54,468 [EndpointStateMachine task thread for /0.0.0.0:45711 - 0 ] INFO  server.XceiverServerGrpc (XceiverServerGrpc.java:start(180)) - XceiverServerGrpc 6480c095-e652-434b-9207-ee2ed1cf0924 is started using port 37991
2022-11-04 01:07:54,683 [IPC Server handler 10 on default port 45711] INFO  net.NetworkTopologyImpl (NetworkTopologyImpl.java:add(112)) - Added a new node: /default-rack/70253b25-82f0-4a7c-9412-29622705a2de
2022-11-04 01:07:54,683 [IPC Server handler 10 on default port 45711] INFO  node.SCMNodeManager (SCMNodeManager.java:register(397)) - Registered Data node : 70253b25-82f0-4a7c-9412-29622705a2de{ip: 10.1.0.17, host: fv-az39-323.yumyzuo2tp0ejekjjwodrrku4b.bx.internal.cloudapp.net, ports: [REPLICATION=46293, RATIS=37713, RATIS_ADMIN=37713, RATIS_SERVER=37713, STANDALONE=37085], networkLocation: /default-rack, certSerialId: null, persistedOpState: null, persistedOpStateExpiryEpochSec: 0}
2022-11-04 01:07:54,684 [EventQueue-NewNodeForNewNodeHandler] INFO  pipeline.BackgroundPipelineCreator (BackgroundPipelineCreator.java:notifyEventTriggered(276)) - trigger a one-shot run on RatisPipelineUtilsThread.
2022-11-04 01:07:54,684 [EventQueue-NodeRegistrationContainerReportForDataNodeSafeModeRule] INFO  safemode.SCMSafeModeManager (DataNodeSafeModeRule.java:process(71)) - SCM in safe mode. 3 DataNodes registered, 3 required.
2022-11-04 01:07:54,684 [EventQueue-NodeRegistrationContainerReportForDataNodeSafeModeRule] INFO  safemode.SCMSafeModeManager (SCMSafeModeManager.java:validateSafeModeExitRules(204)) - DataNodeSafeModeRule rule is successfully validated
2022-11-04 01:07:54,684 [EventQueue-NodeRegistrationContainerReportForDataNodeSafeModeRule] INFO  safemode.SCMSafeModeManager (SCMSafeModeManager.java:completePreCheck(233)) - All SCM safe mode pre check rules have passed
2022-11-04 01:07:54,684 [RatisPipelineUtilsThread - 0] INFO  pipeline.RatisPipelineProvider (RatisPipelineProvider.java:lambda$create$0(195)) - Sending CreatePipelineCommand for pipeline:PipelineID=b039d9f5-3bf5-4340-8ef9-d2702edade96 to datanode:70253b25-82f0-4a7c-9412-29622705a2de
2022-11-04 01:07:54,684 [EventQueue-NodeRegistrationContainerReportForDataNodeSafeModeRule] WARN  events.EventQueue (EventQueue.java:fireEvent(216)) - No event handler registered for event TypedEvent{payloadType=SafeModeStatus, name='Safe mode status'}
2022-11-04 01:07:54,684 [EventQueue-NodeRegistrationContainerReportForDataNodeSafeModeRule] INFO  ha.SCMContext (SCMContext.java:updateSafeModeStatus(228)) - Update SafeModeStatus from SafeModeStatus{safeModeStatus=true, preCheckPassed=false} to SafeModeStatus{safeModeStatus=true, preCheckPassed=true}.
2022-11-04 01:07:54,684 [EventQueue-NodeRegistrationContainerReportForDataNodeSafeModeRule] INFO  pipeline.BackgroundPipelineCreator (BackgroundPipelineCreator.java:notifyEventTriggered(276)) - trigger a one-shot run on RatisPipelineUtilsThread.
2022-11-04 01:07:54,685 [RatisPipelineUtilsThread - 0] INFO  pipeline.PipelineStateManagerImpl (PipelineStateManagerImpl.java:addPipeline(103)) - Created pipeline Pipeline[ Id: b039d9f5-3bf5-4340-8ef9-d2702edade96, Nodes: 70253b25-82f0-4a7c-9412-29622705a2de{ip: 10.1.0.17, host: fv-az39-323.yumyzuo2tp0ejekjjwodrrku4b.bx.internal.cloudapp.net, ports: [REPLICATION=46293, RATIS=37713, RATIS_ADMIN=37713, RATIS_SERVER=37713, STANDALONE=37085], networkLocation: /default-rack, certSerialId: null, persistedOpState: IN_SERVICE, persistedOpStateExpiryEpochSec: 0}, ReplicationConfig: RATIS/ONE, State:ALLOCATED, leaderId:, CreationTimestamp2022-11-04T01:07:54.684Z[Etc/UTC]].
2022-11-04 01:07:54,688 [RatisPipelineUtilsThread - 0] INFO  pipeline.RatisPipelineProvider (RatisPipelineProvider.java:lambda$create$0(195)) - Sending CreatePipelineCommand for pipeline:PipelineID=d7507172-1e8f-403b-90af-67d32e1fd950 to datanode:9ad6c772-b583-49da-9dda-46d51a9db348
2022-11-04 01:07:54,688 [RatisPipelineUtilsThread - 0] INFO  pipeline.RatisPipelineProvider (RatisPipelineProvider.java:lambda$create$0(195)) - Sending CreatePipelineCommand for pipeline:PipelineID=d7507172-1e8f-403b-90af-67d32e1fd950 to datanode:b5f0d7ba-78c4-4bfc-9c94-2fc11ccd4fbc
2022-11-04 01:07:54,688 [RatisPipelineUtilsThread - 0] INFO  pipeline.RatisPipelineProvider (RatisPipelineProvider.java:lambda$create$0(195)) - Sending CreatePipelineCommand for pipeline:PipelineID=d7507172-1e8f-403b-90af-67d32e1fd950 to datanode:70253b25-82f0-4a7c-9412-29622705a2de
2022-11-04 01:07:54,689 [RatisPipelineUtilsThread - 0] INFO  pipeline.PipelineStateManagerImpl (PipelineStateManagerImpl.java:addPipeline(103)) - Created pipeline Pipeline[ Id: d7507172-1e8f-403b-90af-67d32e1fd950, Nodes: 9ad6c772-b583-49da-9dda-46d51a9db348{ip: 10.1.0.17, host: fv-az39-323.yumyzuo2tp0ejekjjwodrrku4b.bx.internal.cloudapp.net, ports: [REPLICATION=46803, RATIS=40437, RATIS_ADMIN=40437, RATIS_SERVER=40437, STANDALONE=33617], networkLocation: /default-rack, certSerialId: null, persistedOpState: IN_SERVICE, persistedOpStateExpiryEpochSec: 0}b5f0d7ba-78c4-4bfc-9c94-2fc11ccd4fbc{ip: 10.1.0.17, host: fv-az39-323.yumyzuo2tp0ejekjjwodrrku4b.bx.internal.cloudapp.net, ports: [REPLICATION=32795, RATIS=44613, RATIS_ADMIN=44613, RATIS_SERVER=44613, STANDALONE=33005], networkLocation: /default-rack, certSerialId: null, persistedOpState: IN_SERVICE, persistedOpStateExpiryEpochSec: 0}70253b25-82f0-4a7c-9412-29622705a2de{ip: 10.1.0.17, host: fv-az39-323.yumyzuo2tp0ejekjjwodrrku4b.bx.internal.cloudapp.net, ports: [REPLICATION=46293, RATIS=37713, RATIS_ADMIN=37713, RATIS_SERVER=37713, STANDALONE=37085], networkLocation: /default-rack, certSerialId: null, persistedOpState: IN_SERVICE, persistedOpStateExpiryEpochSec: 0}, ReplicationConfig: RATIS/THREE, State:ALLOCATED, leaderId:, CreationTimestamp2022-11-04T01:07:54.688Z[Etc/UTC]].
2022-11-04 01:07:54,690 [RatisPipelineUtilsThread - 0] INFO  pipeline.RatisPipelineProvider (RatisPipelineProvider.java:lambda$create$0(195)) - Sending CreatePipelineCommand for pipeline:PipelineID=5564602d-0fd9-41f1-8725-4ff2cdc8c389 to datanode:70253b25-82f0-4a7c-9412-29622705a2de
2022-11-04 01:07:54,690 [RatisPipelineUtilsThread - 0] INFO  pipeline.RatisPipelineProvider (RatisPipelineProvider.java:lambda$create$0(195)) - Sending CreatePipelineCommand for pipeline:PipelineID=5564602d-0fd9-41f1-8725-4ff2cdc8c389 to datanode:9ad6c772-b583-49da-9dda-46d51a9db348
2022-11-04 01:07:54,690 [RatisPipelineUtilsThread - 0] INFO  pipeline.RatisPipelineProvider (RatisPipelineProvider.java:lambda$create$0(195)) - Sending CreatePipelineCommand for pipeline:PipelineID=5564602d-0fd9-41f1-8725-4ff2cdc8c389 to datanode:b5f0d7ba-78c4-4bfc-9c94-2fc11ccd4fbc
2022-11-04 01:07:54,690 [RatisPipelineUtilsThread - 0] INFO  pipeline.PipelineStateManagerImpl (PipelineStateManagerImpl.java:addPipeline(103)) - Created pipeline Pipeline[ Id: 5564602d-0fd9-41f1-8725-4ff2cdc8c389, Nodes: 70253b25-82f0-4a7c-9412-29622705a2de{ip: 10.1.0.17, host: fv-az39-323.yumyzuo2tp0ejekjjwodrrku4b.bx.internal.cloudapp.net, ports: [REPLICATION=46293, RATIS=37713, RATIS_ADMIN=37713, RATIS_SERVER=37713, STANDALONE=37085], networkLocation: /default-rack, certSerialId: null, persistedOpState: IN_SERVICE, persistedOpStateExpiryEpochSec: 0}9ad6c772-b583-49da-9dda-46d51a9db348{ip: 10.1.0.17, host: fv-az39-323.yumyzuo2tp0ejekjjwodrrku4b.bx.internal.cloudapp.net, ports: [REPLICATION=46803, RATIS=40437, RATIS_ADMIN=40437, RATIS_SERVER=40437, STANDALONE=33617], networkLocation: /default-rack, certSerialId: null, persistedOpState: IN_SERVICE, persistedOpStateExpiryEpochSec: 0}b5f0d7ba-78c4-4bfc-9c94-2fc11ccd4fbc{ip: 10.1.0.17, host: fv-az39-323.yumyzuo2tp0ejekjjwodrrku4b.bx.internal.cloudapp.net, ports: [REPLICATION=32795, RATIS=44613, RATIS_ADMIN=44613, RATIS_SERVER=44613, STANDALONE=33005], networkLocation: /default-rack, certSerialId: null, persistedOpState: IN_SERVICE, persistedOpStateExpiryEpochSec: 0}, ReplicationConfig: RATIS/THREE, State:ALLOCATED, leaderId:, CreationTimestamp2022-11-04T01:07:54.690Z[Etc/UTC]].
2022-11-04 01:07:54,691 [RatisPipelineUtilsThread - 0] INFO  pipeline.PipelineManagerImpl (PipelineManagerImpl.java:recordMetricsForPipeline(826)) - Pipeline: PipelineID=5564602d-0fd9-41f1-8725-4ff2cdc8c389 contains same datanodes as previous pipelines: PipelineID=d7507172-1e8f-403b-90af-67d32e1fd950 nodeIds: 70253b25-82f0-4a7c-9412-29622705a2de, 9ad6c772-b583-49da-9dda-46d51a9db348, b5f0d7ba-78c4-4bfc-9c94-2fc11ccd4fbc
2022-11-04 01:07:54,790 [EndpointStateMachine task thread for /0.0.0.0:45711 - 0 ] INFO  utils.DatanodeStoreCache (DatanodeStoreCache.java:addDB(58)) - Added db /home/runner/work/ozone/ozone/hadoop-ozone/integration-test/target/test-dir/MiniOzoneClusterImpl-e654cb93-8a46-4732-947e-f27e0a8f69eb/datanode-8/data-0/containers/hdds/e654cb93-8a46-4732-947e-f27e0a8f69eb/DS-5351e879-6d92-49b5-b019-fd31c5f38718/container.db to cache
2022-11-04 01:07:54,791 [EndpointStateMachine task thread for /0.0.0.0:45711 - 0 ] INFO  volume.HddsVolume (HddsVolume.java:createDbStore(307)) - SchemaV3 db is created and loaded at /home/runner/work/ozone/ozone/hadoop-ozone/integration-test/target/test-dir/MiniOzoneClusterImpl-e654cb93-8a46-4732-947e-f27e0a8f69eb/datanode-8/data-0/containers/hdds/e654cb93-8a46-4732-947e-f27e0a8f69eb/DS-5351e879-6d92-49b5-b019-fd31c5f38718/container.db for volume DS-5351e879-6d92-49b5-b019-fd31c5f38718
2022-11-04 01:07:54,791 [EndpointStateMachine task thread for /0.0.0.0:45711 - 0 ] INFO  ozoneimpl.OzoneContainer (OzoneContainer.java:start(378)) - Attempting to start container services.
2022-11-04 01:07:54,791 [EndpointStateMachine task thread for /0.0.0.0:45711 - 0 ] INFO  ozoneimpl.OzoneContainer (OzoneContainer.java:startContainerScrub(313)) - Background container scanner has been disabled.
2022-11-04 01:07:54,792 [EndpointStateMachine task thread for /0.0.0.0:45711 - 0 ] INFO  replication.ReplicationServer (ReplicationServer.java:start(111)) - ReplicationServer is started using port 38243
2022-11-04 01:07:54,793 [EndpointStateMachine task thread for /0.0.0.0:45711 - 0 ] INFO  ratis.XceiverServerRatis (XceiverServerRatis.java:start(481)) - Starting XceiverServerRatis bc4c196d-1c1a-499c-9b0d-21e75e378ad6
2022-11-04 01:07:54,793 [EndpointStateMachine task thread for /0.0.0.0:45711 - 0 ] INFO  server.RaftServer (RaftServerProxy.java:startImpl(393)) - bc4c196d-1c1a-499c-9b0d-21e75e378ad6: start RPC server
2022-11-04 01:07:54,794 [EndpointStateMachine task thread for /0.0.0.0:45711 - 0 ] INFO  server.GrpcService (GrpcService.java:startImpl(270)) - bc4c196d-1c1a-499c-9b0d-21e75e378ad6: GrpcService started, listening on 34491
2022-11-04 01:07:54,794 [EndpointStateMachine task thread for /0.0.0.0:45711 - 0 ] INFO  ratis.XceiverServerRatis (XceiverServerRatis.java:getRealPort(502)) - XceiverServerRatis bc4c196d-1c1a-499c-9b0d-21e75e378ad6 is started using port 34491 for RATIS
2022-11-04 01:07:54,794 [EndpointStateMachine task thread for /0.0.0.0:45711 - 0 ] INFO  ratis.XceiverServerRatis (XceiverServerRatis.java:getRealPort(502)) - XceiverServerRatis bc4c196d-1c1a-499c-9b0d-21e75e378ad6 is started using port 34491 for RATIS_ADMIN
2022-11-04 01:07:54,794 [JvmPauseMonitor9] INFO  util.JvmPauseMonitor (JvmPauseMonitor.java:run(105)) - JvmPauseMonitor-bc4c196d-1c1a-499c-9b0d-21e75e378ad6: Started
2022-11-04 01:07:54,794 [EndpointStateMachine task thread for /0.0.0.0:45711 - 0 ] INFO  ratis.XceiverServerRatis (XceiverServerRatis.java:getRealPort(502)) - XceiverServerRatis bc4c196d-1c1a-499c-9b0d-21e75e378ad6 is started using port 34491 for RATIS_SERVER
2022-11-04 01:07:54,800 [EndpointStateMachine task thread for /0.0.0.0:45711 - 0 ] INFO  server.XceiverServerGrpc (XceiverServerGrpc.java:start(180)) - XceiverServerGrpc bc4c196d-1c1a-499c-9b0d-21e75e378ad6 is started using port 43559
2022-11-04 01:07:55,029 [IPC Server handler 6 on default port 45711] INFO  net.NetworkTopologyImpl (NetworkTopologyImpl.java:add(112)) - Added a new node: /default-rack/47858208-0de4-46ca-af6a-45b9f6a00c92
2022-11-04 01:07:55,029 [IPC Server handler 6 on default port 45711] INFO  node.SCMNodeManager (SCMNodeManager.java:register(397)) - Registered Data node : 47858208-0de4-46ca-af6a-45b9f6a00c92{ip: 10.1.0.17, host: fv-az39-323.yumyzuo2tp0ejekjjwodrrku4b.bx.internal.cloudapp.net, ports: [REPLICATION=36003, RATIS=42645, RATIS_ADMIN=42645, RATIS_SERVER=42645, STANDALONE=39519], networkLocation: /default-rack, certSerialId: null, persistedOpState: null, persistedOpStateExpiryEpochSec: 0}
2022-11-04 01:07:55,029 [EventQueue-NewNodeForNewNodeHandler] INFO  pipeline.BackgroundPipelineCreator (BackgroundPipelineCreator.java:notifyEventTriggered(276)) - trigger a one-shot run on RatisPipelineUtilsThread.
2022-11-04 01:07:55,030 [RatisPipelineUtilsThread - 0] INFO  pipeline.RatisPipelineProvider (RatisPipelineProvider.java:lambda$create$0(195)) - Sending CreatePipelineCommand for pipeline:PipelineID=788766cc-2cbb-4088-8f48-e09a63ff8367 to datanode:47858208-0de4-46ca-af6a-45b9f6a00c92
2022-11-04 01:07:55,030 [RatisPipelineUtilsThread - 0] INFO  pipeline.PipelineStateManagerImpl (PipelineStateManagerImpl.java:addPipeline(103)) - Created pipeline Pipeline[ Id: 788766cc-2cbb-4088-8f48-e09a63ff8367, Nodes: 47858208-0de4-46ca-af6a-45b9f6a00c92{ip: 10.1.0.17, host: fv-az39-323.yumyzuo2tp0ejekjjwodrrku4b.bx.internal.cloudapp.net, ports: [REPLICATION=36003, RATIS=42645, RATIS_ADMIN=42645, RATIS_SERVER=42645, STANDALONE=39519], networkLocation: /default-rack, certSerialId: null, persistedOpState: IN_SERVICE, persistedOpStateExpiryEpochSec: 0}, ReplicationConfig: RATIS/ONE, State:ALLOCATED, leaderId:, CreationTimestamp2022-11-04T01:07:55.030Z[Etc/UTC]].
2022-11-04 01:07:55,095 [Listener at 127.0.0.1/40125] INFO  ozone.MiniOzoneClusterImpl (MiniOzoneClusterImpl.java:lambda$waitForClusterToBeReady$0(216)) - Waiting for nodes to be ready. Got 4 of 10 DN Heartbeats.
2022-11-04 01:07:55,095 [Listener at 127.0.0.1/40125] INFO  ozone.MiniOzoneClusterImpl (MiniOzoneClusterImpl.java:lambda$waitForClusterToBeReady$0(219)) - Waiting for cluster to exit safe mode
2022-11-04 01:07:55,095 [Listener at 127.0.0.1/40125] INFO  ozone.MiniOzoneClusterImpl (MiniOzoneClusterImpl.java:lambda$waitForClusterToBeReady$0(221)) - SCM became leader
2022-11-04 01:07:55,136 [EndpointStateMachine task thread for /0.0.0.0:45711 - 0 ] INFO  utils.DatanodeStoreCache (DatanodeStoreCache.java:addDB(58)) - Added db /home/runner/work/ozone/ozone/hadoop-ozone/integration-test/target/test-dir/MiniOzoneClusterImpl-e654cb93-8a46-4732-947e-f27e0a8f69eb/datanode-9/data-0/containers/hdds/e654cb93-8a46-4732-947e-f27e0a8f69eb/DS-f4181143-0c7b-4f21-8091-a10e73099566/container.db to cache
2022-11-04 01:07:55,137 [EndpointStateMachine task thread for /0.0.0.0:45711 - 0 ] INFO  volume.HddsVolume (HddsVolume.java:createDbStore(307)) - SchemaV3 db is created and loaded at /home/runner/work/ozone/ozone/hadoop-ozone/integration-test/target/test-dir/MiniOzoneClusterImpl-e654cb93-8a46-4732-947e-f27e0a8f69eb/datanode-9/data-0/containers/hdds/e654cb93-8a46-4732-947e-f27e0a8f69eb/DS-f4181143-0c7b-4f21-8091-a10e73099566/container.db for volume DS-f4181143-0c7b-4f21-8091-a10e73099566
2022-11-04 01:07:55,137 [EndpointStateMachine task thread for /0.0.0.0:45711 - 0 ] INFO  ozoneimpl.OzoneContainer (OzoneContainer.java:start(378)) - Attempting to start container services.
2022-11-04 01:07:55,137 [EndpointStateMachine task thread for /0.0.0.0:45711 - 0 ] INFO  ozoneimpl.OzoneContainer (OzoneContainer.java:startContainerScrub(313)) - Background container scanner has been disabled.
2022-11-04 01:07:55,138 [EndpointStateMachine task thread for /0.0.0.0:45711 - 0 ] INFO  replication.ReplicationServer (ReplicationServer.java:start(111)) - ReplicationServer is started using port 40109
2022-11-04 01:07:55,139 [EndpointStateMachine task thread for /0.0.0.0:45711 - 0 ] INFO  ratis.XceiverServerRatis (XceiverServerRatis.java:start(481)) - Starting XceiverServerRatis 9b302da2-2c09-4610-b1b5-c4dbcc9298e9
2022-11-04 01:07:55,139 [EndpointStateMachine task thread for /0.0.0.0:45711 - 0 ] INFO  server.RaftServer (RaftServerProxy.java:startImpl(393)) - 9b302da2-2c09-4610-b1b5-c4dbcc9298e9: start RPC server
2022-11-04 01:07:55,140 [EndpointStateMachine task thread for /0.0.0.0:45711 - 0 ] INFO  server.GrpcService (GrpcService.java:startImpl(270)) - 9b302da2-2c09-4610-b1b5-c4dbcc9298e9: GrpcService started, listening on 35385
2022-11-04 01:07:55,140 [EndpointStateMachine task thread for /0.0.0.0:45711 - 0 ] INFO  ratis.XceiverServerRatis (XceiverServerRatis.java:getRealPort(502)) - XceiverServerRatis 9b302da2-2c09-4610-b1b5-c4dbcc9298e9 is started using port 35385 for RATIS
2022-11-04 01:07:55,140 [EndpointStateMachine task thread for /0.0.0.0:45711 - 0 ] INFO  ratis.XceiverServerRatis (XceiverServerRatis.java:getRealPort(502)) - XceiverServerRatis 9b302da2-2c09-4610-b1b5-c4dbcc9298e9 is started using port 35385 for RATIS_ADMIN
2022-11-04 01:07:55,140 [EndpointStateMachine task thread for /0.0.0.0:45711 - 0 ] INFO  ratis.XceiverServerRatis (XceiverServerRatis.java:getRealPort(502)) - XceiverServerRatis 9b302da2-2c09-4610-b1b5-c4dbcc9298e9 is started using port 35385 for RATIS_SERVER
2022-11-04 01:07:55,141 [JvmPauseMonitor10] INFO  util.JvmPauseMonitor (JvmPauseMonitor.java:run(105)) - JvmPauseMonitor-9b302da2-2c09-4610-b1b5-c4dbcc9298e9: Started
2022-11-04 01:07:55,142 [EndpointStateMachine task thread for /0.0.0.0:45711 - 0 ] INFO  server.XceiverServerGrpc (XceiverServerGrpc.java:start(180)) - XceiverServerGrpc 9b302da2-2c09-4610-b1b5-c4dbcc9298e9 is started using port 42205
2022-11-04 01:07:55,334 [IPC Server handler 1 on default port 45711] INFO  net.NetworkTopologyImpl (NetworkTopologyImpl.java:add(112)) - Added a new node: /default-rack/e73ed4bb-a433-4ecd-b93a-d0b4e16433ed
2022-11-04 01:07:55,334 [IPC Server handler 1 on default port 45711] INFO  node.SCMNodeManager (SCMNodeManager.java:register(397)) - Registered Data node : e73ed4bb-a433-4ecd-b93a-d0b4e16433ed{ip: 10.1.0.17, host: fv-az39-323.yumyzuo2tp0ejekjjwodrrku4b.bx.internal.cloudapp.net, ports: [REPLICATION=35841, RATIS=37481, RATIS_ADMIN=37481, RATIS_SERVER=37481, STANDALONE=32791], networkLocation: /default-rack, certSerialId: null, persistedOpState: null, persistedOpStateExpiryEpochSec: 0}
2022-11-04 01:07:55,334 [EventQueue-NewNodeForNewNodeHandler] INFO  pipeline.BackgroundPipelineCreator (BackgroundPipelineCreator.java:notifyEventTriggered(276)) - trigger a one-shot run on RatisPipelineUtilsThread.
2022-11-04 01:07:55,334 [RatisPipelineUtilsThread - 0] INFO  pipeline.RatisPipelineProvider (RatisPipelineProvider.java:lambda$create$0(195)) - Sending CreatePipelineCommand for pipeline:PipelineID=e41597bc-ab7f-47dd-b096-85f39928e9fd to datanode:e73ed4bb-a433-4ecd-b93a-d0b4e16433ed
2022-11-04 01:07:55,335 [RatisPipelineUtilsThread - 0] INFO  pipeline.PipelineStateManagerImpl (PipelineStateManagerImpl.java:addPipeline(103)) - Created pipeline Pipeline[ Id: e41597bc-ab7f-47dd-b096-85f39928e9fd, Nodes: e73ed4bb-a433-4ecd-b93a-d0b4e16433ed{ip: 10.1.0.17, host: fv-az39-323.yumyzuo2tp0ejekjjwodrrku4b.bx.internal.cloudapp.net, ports: [REPLICATION=35841, RATIS=37481, RATIS_ADMIN=37481, RATIS_SERVER=37481, STANDALONE=32791], networkLocation: /default-rack, certSerialId: null, persistedOpState: IN_SERVICE, persistedOpStateExpiryEpochSec: 0}, ReplicationConfig: RATIS/ONE, State:ALLOCATED, leaderId:, CreationTimestamp2022-11-04T01:07:55.334Z[Etc/UTC]].
2022-11-04 01:07:55,679 [IPC Server handler 10 on default port 45711] INFO  net.NetworkTopologyImpl (NetworkTopologyImpl.java:add(112)) - Added a new node: /default-rack/914271eb-14eb-4bb5-b4be-b6b4d3827766
2022-11-04 01:07:55,680 [IPC Server handler 10 on default port 45711] INFO  node.SCMNodeManager (SCMNodeManager.java:register(397)) - Registered Data node : 914271eb-14eb-4bb5-b4be-b6b4d3827766{ip: 10.1.0.17, host: fv-az39-323.yumyzuo2tp0ejekjjwodrrku4b.bx.internal.cloudapp.net, ports: [REPLICATION=45229, RATIS=40663, RATIS_ADMIN=40663, RATIS_SERVER=40663, STANDALONE=42637], networkLocation: /default-rack, certSerialId: null, persistedOpState: null, persistedOpStateExpiryEpochSec: 0}
2022-11-04 01:07:55,680 [EventQueue-NewNodeForNewNodeHandler] INFO  pipeline.BackgroundPipelineCreator (BackgroundPipelineCreator.java:notifyEventTriggered(276)) - trigger a one-shot run on RatisPipelineUtilsThread.
2022-11-04 01:07:55,681 [RatisPipelineUtilsThread - 0] INFO  pipeline.RatisPipelineProvider (RatisPipelineProvider.java:lambda$create$0(195)) - Sending CreatePipelineCommand for pipeline:PipelineID=cb880c9b-7d2e-4ed4-8857-8c0c523ac267 to datanode:914271eb-14eb-4bb5-b4be-b6b4d3827766
2022-11-04 01:07:55,681 [RatisPipelineUtilsThread - 0] INFO  pipeline.PipelineStateManagerImpl (PipelineStateManagerImpl.java:addPipeline(103)) - Created pipeline Pipeline[ Id: cb880c9b-7d2e-4ed4-8857-8c0c523ac267, Nodes: 914271eb-14eb-4bb5-b4be-b6b4d3827766{ip: 10.1.0.17, host: fv-az39-323.yumyzuo2tp0ejekjjwodrrku4b.bx.internal.cloudapp.net, ports: [REPLICATION=45229, RATIS=40663, RATIS_ADMIN=40663, RATIS_SERVER=40663, STANDALONE=42637], networkLocation: /default-rack, certSerialId: null, persistedOpState: IN_SERVICE, persistedOpStateExpiryEpochSec: 0}, ReplicationConfig: RATIS/ONE, State:ALLOCATED, leaderId:, CreationTimestamp2022-11-04T01:07:55.681Z[Etc/UTC]].
2022-11-04 01:07:55,682 [RatisPipelineUtilsThread - 0] INFO  pipeline.RatisPipelineProvider (RatisPipelineProvider.java:lambda$create$0(195)) - Sending CreatePipelineCommand for pipeline:PipelineID=60311b87-1e1a-4bb0-826d-760b59cc648b to datanode:47858208-0de4-46ca-af6a-45b9f6a00c92
2022-11-04 01:07:55,682 [RatisPipelineUtilsThread - 0] INFO  pipeline.RatisPipelineProvider (RatisPipelineProvider.java:lambda$create$0(195)) - Sending CreatePipelineCommand for pipeline:PipelineID=60311b87-1e1a-4bb0-826d-760b59cc648b to datanode:e73ed4bb-a433-4ecd-b93a-d0b4e16433ed
2022-11-04 01:07:55,682 [RatisPipelineUtilsThread - 0] INFO  pipeline.RatisPipelineProvider (RatisPipelineProvider.java:lambda$create$0(195)) - Sending CreatePipelineCommand for pipeline:PipelineID=60311b87-1e1a-4bb0-826d-760b59cc648b to datanode:914271eb-14eb-4bb5-b4be-b6b4d3827766
2022-11-04 01:07:55,683 [RatisPipelineUtilsThread - 0] INFO  pipeline.PipelineStateManagerImpl (PipelineStateManagerImpl.java:addPipeline(103)) - Created pipeline Pipeline[ Id: 60311b87-1e1a-4bb0-826d-760b59cc648b, Nodes: 47858208-0de4-46ca-af6a-45b9f6a00c92{ip: 10.1.0.17, host: fv-az39-323.yumyzuo2tp0ejekjjwodrrku4b.bx.internal.cloudapp.net, ports: [REPLICATION=36003, RATIS=42645, RATIS_ADMIN=42645, RATIS_SERVER=42645, STANDALONE=39519], networkLocation: /default-rack, certSerialId: null, persistedOpState: IN_SERVICE, persistedOpStateExpiryEpochSec: 0}e73ed4bb-a433-4ecd-b93a-d0b4e16433ed{ip: 10.1.0.17, host: fv-az39-323.yumyzuo2tp0ejekjjwodrrku4b.bx.internal.cloudapp.net, ports: [REPLICATION=35841, RATIS=37481, RATIS_ADMIN=37481, RATIS_SERVER=37481, STANDALONE=32791], networkLocation: /default-rack, certSerialId: null, persistedOpState: IN_SERVICE, persistedOpStateExpiryEpochSec: 0}914271eb-14eb-4bb5-b4be-b6b4d3827766{ip: 10.1.0.17, host: fv-az39-323.yumyzuo2tp0ejekjjwodrrku4b.bx.internal.cloudapp.net, ports: [REPLICATION=45229, RATIS=40663, RATIS_ADMIN=40663, RATIS_SERVER=40663, STANDALONE=42637], networkLocation: /default-rack, certSerialId: null, persistedOpState: IN_SERVICE, persistedOpStateExpiryEpochSec: 0}, ReplicationConfig: RATIS/THREE, State:ALLOCATED, leaderId:, CreationTimestamp2022-11-04T01:07:55.682Z[Etc/UTC]].
2022-11-04 01:07:55,684 [RatisPipelineUtilsThread - 0] INFO  pipeline.RatisPipelineProvider (RatisPipelineProvider.java:lambda$create$0(195)) - Sending CreatePipelineCommand for pipeline:PipelineID=904680bb-6d82-4aff-a36c-5d8652a3aabe to datanode:47858208-0de4-46ca-af6a-45b9f6a00c92
2022-11-04 01:07:55,684 [RatisPipelineUtilsThread - 0] INFO  pipeline.RatisPipelineProvider (RatisPipelineProvider.java:lambda$create$0(195)) - Sending CreatePipelineCommand for pipeline:PipelineID=904680bb-6d82-4aff-a36c-5d8652a3aabe to datanode:e73ed4bb-a433-4ecd-b93a-d0b4e16433ed
2022-11-04 01:07:55,684 [RatisPipelineUtilsThread - 0] INFO  pipeline.RatisPipelineProvider (RatisPipelineProvider.java:lambda$create$0(195)) - Sending CreatePipelineCommand for pipeline:PipelineID=904680bb-6d82-4aff-a36c-5d8652a3aabe to datanode:914271eb-14eb-4bb5-b4be-b6b4d3827766
2022-11-04 01:07:55,685 [RatisPipelineUtilsThread - 0] INFO  pipeline.PipelineStateManagerImpl (PipelineStateManagerImpl.java:addPipeline(103)) - Created pipeline Pipeline[ Id: 904680bb-6d82-4aff-a36c-5d8652a3aabe, Nodes: 47858208-0de4-46ca-af6a-45b9f6a00c92{ip: 10.1.0.17, host: fv-az39-323.yumyzuo2tp0ejekjjwodrrku4b.bx.internal.cloudapp.net, ports: [REPLICATION=36003, RATIS=42645, RATIS_ADMIN=42645, RATIS_SERVER=42645, STANDALONE=39519], networkLocation: /default-rack, certSerialId: null, persistedOpState: IN_SERVICE, persistedOpStateExpiryEpochSec: 0}e73ed4bb-a433-4ecd-b93a-d0b4e16433ed{ip: 10.1.0.17, host: fv-az39-323.yumyzuo2tp0ejekjjwodrrku4b.bx.internal.cloudapp.net, ports: [REPLICATION=35841, RATIS=37481, RATIS_ADMIN=37481, RATIS_SERVER=37481, STANDALONE=32791], networkLocation: /default-rack, certSerialId: null, persistedOpState: IN_SERVICE, persistedOpStateExpiryEpochSec: 0}914271eb-14eb-4bb5-b4be-b6b4d3827766{ip: 10.1.0.17, host: fv-az39-323.yumyzuo2tp0ejekjjwodrrku4b.bx.internal.cloudapp.net, ports: [REPLICATION=45229, RATIS=40663, RATIS_ADMIN=40663, RATIS_SERVER=40663, STANDALONE=42637], networkLocation: /default-rack, certSerialId: null, persistedOpState: IN_SERVICE, persistedOpStateExpiryEpochSec: 0}, ReplicationConfig: RATIS/THREE, State:ALLOCATED, leaderId:, CreationTimestamp2022-11-04T01:07:55.684Z[Etc/UTC]].
2022-11-04 01:07:55,685 [RatisPipelineUtilsThread - 0] INFO  pipeline.PipelineManagerImpl (PipelineManagerImpl.java:recordMetricsForPipeline(826)) - Pipeline: PipelineID=904680bb-6d82-4aff-a36c-5d8652a3aabe contains same datanodes as previous pipelines: PipelineID=60311b87-1e1a-4bb0-826d-760b59cc648b nodeIds: 47858208-0de4-46ca-af6a-45b9f6a00c92, e73ed4bb-a433-4ecd-b93a-d0b4e16433ed, 914271eb-14eb-4bb5-b4be-b6b4d3827766
2022-11-04 01:07:56,095 [Listener at 127.0.0.1/40125] INFO  ozone.MiniOzoneClusterImpl (MiniOzoneClusterImpl.java:lambda$waitForClusterToBeReady$0(216)) - Waiting for nodes to be ready. Got 6 of 10 DN Heartbeats.
2022-11-04 01:07:56,097 [Listener at 127.0.0.1/40125] INFO  ozone.MiniOzoneClusterImpl (MiniOzoneClusterImpl.java:lambda$waitForClusterToBeReady$0(219)) - Waiting for cluster to exit safe mode
2022-11-04 01:07:56,097 [Listener at 127.0.0.1/40125] INFO  ozone.MiniOzoneClusterImpl (MiniOzoneClusterImpl.java:lambda$waitForClusterToBeReady$0(221)) - SCM became leader
2022-11-04 01:07:56,114 [IPC Server handler 11 on default port 45711] INFO  net.NetworkTopologyImpl (NetworkTopologyImpl.java:add(112)) - Added a new node: /default-rack/dc492f9b-31c5-46a5-b048-fde4f7a6d732
2022-11-04 01:07:56,114 [IPC Server handler 11 on default port 45711] INFO  node.SCMNodeManager (SCMNodeManager.java:register(397)) - Registered Data node : dc492f9b-31c5-46a5-b048-fde4f7a6d732{ip: 10.1.0.17, host: fv-az39-323.yumyzuo2tp0ejekjjwodrrku4b.bx.internal.cloudapp.net, ports: [REPLICATION=35247, RATIS=39685, RATIS_ADMIN=39685, RATIS_SERVER=39685, STANDALONE=44189], networkLocation: /default-rack, certSerialId: null, persistedOpState: null, persistedOpStateExpiryEpochSec: 0}
2022-11-04 01:07:56,115 [EventQueue-NewNodeForNewNodeHandler] INFO  pipeline.BackgroundPipelineCreator (BackgroundPipelineCreator.java:notifyEventTriggered(276)) - trigger a one-shot run on RatisPipelineUtilsThread.
2022-11-04 01:07:56,115 [RatisPipelineUtilsThread - 0] INFO  pipeline.RatisPipelineProvider (RatisPipelineProvider.java:lambda$create$0(195)) - Sending CreatePipelineCommand for pipeline:PipelineID=327d66f6-30f7-4452-adf7-1cb3b225a7fa to datanode:dc492f9b-31c5-46a5-b048-fde4f7a6d732
2022-11-04 01:07:56,116 [RatisPipelineUtilsThread - 0] INFO  pipeline.PipelineStateManagerImpl (PipelineStateManagerImpl.java:addPipeline(103)) - Created pipeline Pipeline[ Id: 327d66f6-30f7-4452-adf7-1cb3b225a7fa, Nodes: dc492f9b-31c5-46a5-b048-fde4f7a6d732{ip: 10.1.0.17, host: fv-az39-323.yumyzuo2tp0ejekjjwodrrku4b.bx.internal.cloudapp.net, ports: [REPLICATION=35247, RATIS=39685, RATIS_ADMIN=39685, RATIS_SERVER=39685, STANDALONE=44189], networkLocation: /default-rack, certSerialId: null, persistedOpState: IN_SERVICE, persistedOpStateExpiryEpochSec: 0}, ReplicationConfig: RATIS/ONE, State:ALLOCATED, leaderId:, CreationTimestamp2022-11-04T01:07:56.115Z[Etc/UTC]].
2022-11-04 01:07:56,427 [IPC Server handler 2 on default port 45711] INFO  net.NetworkTopologyImpl (NetworkTopologyImpl.java:add(112)) - Added a new node: /default-rack/6480c095-e652-434b-9207-ee2ed1cf0924
2022-11-04 01:07:56,427 [IPC Server handler 2 on default port 45711] INFO  node.SCMNodeManager (SCMNodeManager.java:register(397)) - Registered Data node : 6480c095-e652-434b-9207-ee2ed1cf0924{ip: 10.1.0.17, host: fv-az39-323.yumyzuo2tp0ejekjjwodrrku4b.bx.internal.cloudapp.net, ports: [REPLICATION=37999, RATIS=36831, RATIS_ADMIN=36831, RATIS_SERVER=36831, STANDALONE=37991], networkLocation: /default-rack, certSerialId: null, persistedOpState: null, persistedOpStateExpiryEpochSec: 0}
2022-11-04 01:07:56,427 [EventQueue-NewNodeForNewNodeHandler] INFO  pipeline.BackgroundPipelineCreator (BackgroundPipelineCreator.java:notifyEventTriggered(276)) - trigger a one-shot run on RatisPipelineUtilsThread.
2022-11-04 01:07:56,429 [RatisPipelineUtilsThread - 0] INFO  pipeline.RatisPipelineProvider (RatisPipelineProvider.java:lambda$create$0(195)) - Sending CreatePipelineCommand for pipeline:PipelineID=af5beeaa-40c1-4510-82fb-a6afb49f8724 to datanode:6480c095-e652-434b-9207-ee2ed1cf0924
2022-11-04 01:07:56,429 [RatisPipelineUtilsThread - 0] INFO  pipeline.PipelineStateManagerImpl (PipelineStateManagerImpl.java:addPipeline(103)) - Created pipeline Pipeline[ Id: af5beeaa-40c1-4510-82fb-a6afb49f8724, Nodes: 6480c095-e652-434b-9207-ee2ed1cf0924{ip: 10.1.0.17, host: fv-az39-323.yumyzuo2tp0ejekjjwodrrku4b.bx.internal.cloudapp.net, ports: [REPLICATION=37999, RATIS=36831, RATIS_ADMIN=36831, RATIS_SERVER=36831, STANDALONE=37991], networkLocation: /default-rack, certSerialId: null, persistedOpState: IN_SERVICE, persistedOpStateExpiryEpochSec: 0}, ReplicationConfig: RATIS/ONE, State:ALLOCATED, leaderId:, CreationTimestamp2022-11-04T01:07:56.429Z[Etc/UTC]].
2022-11-04 01:07:56,764 [IPC Server handler 8 on default port 45711] INFO  net.NetworkTopologyImpl (NetworkTopologyImpl.java:add(112)) - Added a new node: /default-rack/bc4c196d-1c1a-499c-9b0d-21e75e378ad6
2022-11-04 01:07:56,764 [IPC Server handler 8 on default port 45711] INFO  node.SCMNodeManager (SCMNodeManager.java:register(397)) - Registered Data node : bc4c196d-1c1a-499c-9b0d-21e75e378ad6{ip: 10.1.0.17, host: fv-az39-323.yumyzuo2tp0ejekjjwodrrku4b.bx.internal.cloudapp.net, ports: [REPLICATION=38243, RATIS=34491, RATIS_ADMIN=34491, RATIS_SERVER=34491, STANDALONE=43559], networkLocation: /default-rack, certSerialId: null, persistedOpState: null, persistedOpStateExpiryEpochSec: 0}
2022-11-04 01:07:56,764 [EventQueue-NewNodeForNewNodeHandler] INFO  pipeline.BackgroundPipelineCreator (BackgroundPipelineCreator.java:notifyEventTriggered(276)) - trigger a one-shot run on RatisPipelineUtilsThread.
2022-11-04 01:07:56,765 [RatisPipelineUtilsThread - 0] INFO  pipeline.RatisPipelineProvider (RatisPipelineProvider.java:lambda$create$0(195)) - Sending CreatePipelineCommand for pipeline:PipelineID=9452d973-b83a-4255-ab5b-9729c48e5b88 to datanode:bc4c196d-1c1a-499c-9b0d-21e75e378ad6
2022-11-04 01:07:56,766 [RatisPipelineUtilsThread - 0] INFO  pipeline.PipelineStateManagerImpl (PipelineStateManagerImpl.java:addPipeline(103)) - Created pipeline Pipeline[ Id: 9452d973-b83a-4255-ab5b-9729c48e5b88, Nodes: bc4c196d-1c1a-499c-9b0d-21e75e378ad6{ip: 10.1.0.17, host: fv-az39-323.yumyzuo2tp0ejekjjwodrrku4b.bx.internal.cloudapp.net, ports: [REPLICATION=38243, RATIS=34491, RATIS_ADMIN=34491, RATIS_SERVER=34491, STANDALONE=43559], networkLocation: /default-rack, certSerialId: null, persistedOpState: IN_SERVICE, persistedOpStateExpiryEpochSec: 0}, ReplicationConfig: RATIS/ONE, State:ALLOCATED, leaderId:, CreationTimestamp2022-11-04T01:07:56.765Z[Etc/UTC]].
2022-11-04 01:07:56,766 [RatisPipelineUtilsThread - 0] INFO  pipeline.RatisPipelineProvider (RatisPipelineProvider.java:lambda$create$0(195)) - Sending CreatePipelineCommand for pipeline:PipelineID=3ee39070-283a-4801-8daa-14b460c0674a to datanode:dc492f9b-31c5-46a5-b048-fde4f7a6d732
2022-11-04 01:07:56,766 [RatisPipelineUtilsThread - 0] INFO  pipeline.RatisPipelineProvider (RatisPipelineProvider.java:lambda$create$0(195)) - Sending CreatePipelineCommand for pipeline:PipelineID=3ee39070-283a-4801-8daa-14b460c0674a to datanode:6480c095-e652-434b-9207-ee2ed1cf0924
2022-11-04 01:07:56,767 [RatisPipelineUtilsThread - 0] INFO  pipeline.RatisPipelineProvider (RatisPipelineProvider.java:lambda$create$0(195)) - Sending CreatePipelineCommand for pipeline:PipelineID=3ee39070-283a-4801-8daa-14b460c0674a to datanode:bc4c196d-1c1a-499c-9b0d-21e75e378ad6
2022-11-04 01:07:56,767 [RatisPipelineUtilsThread - 0] INFO  pipeline.PipelineStateManagerImpl (PipelineStateManagerImpl.java:addPipeline(103)) - Created pipeline Pipeline[ Id: 3ee39070-283a-4801-8daa-14b460c0674a, Nodes: dc492f9b-31c5-46a5-b048-fde4f7a6d732{ip: 10.1.0.17, host: fv-az39-323.yumyzuo2tp0ejekjjwodrrku4b.bx.internal.cloudapp.net, ports: [REPLICATION=35247, RATIS=39685, RATIS_ADMIN=39685, RATIS_SERVER=39685, STANDALONE=44189], networkLocation: /default-rack, certSerialId: null, persistedOpState: IN_SERVICE, persistedOpStateExpiryEpochSec: 0}6480c095-e652-434b-9207-ee2ed1cf0924{ip: 10.1.0.17, host: fv-az39-323.yumyzuo2tp0ejekjjwodrrku4b.bx.internal.cloudapp.net, ports: [REPLICATION=37999, RATIS=36831, RATIS_ADMIN=36831, RATIS_SERVER=36831, STANDALONE=37991], networkLocation: /default-rack, certSerialId: null, persistedOpState: IN_SERVICE, persistedOpStateExpiryEpochSec: 0}bc4c196d-1c1a-499c-9b0d-21e75e378ad6{ip: 10.1.0.17, host: fv-az39-323.yumyzuo2tp0ejekjjwodrrku4b.bx.internal.cloudapp.net, ports: [REPLICATION=38243, RATIS=34491, RATIS_ADMIN=34491, RATIS_SERVER=34491, STANDALONE=43559], networkLocation: /default-rack, certSerialId: null, persistedOpState: IN_SERVICE, persistedOpStateExpiryEpochSec: 0}, ReplicationConfig: RATIS/THREE, State:ALLOCATED, leaderId:, CreationTimestamp2022-11-04T01:07:56.766Z[Etc/UTC]].
2022-11-04 01:07:56,769 [RatisPipelineUtilsThread - 0] INFO  pipeline.RatisPipelineProvider (RatisPipelineProvider.java:lambda$create$0(195)) - Sending CreatePipelineCommand for pipeline:PipelineID=003b74d8-a15e-41e3-84cc-2db472fabf22 to datanode:6480c095-e652-434b-9207-ee2ed1cf0924
2022-11-04 01:07:56,769 [RatisPipelineUtilsThread - 0] INFO  pipeline.RatisPipelineProvider (RatisPipelineProvider.java:lambda$create$0(195)) - Sending CreatePipelineCommand for pipeline:PipelineID=003b74d8-a15e-41e3-84cc-2db472fabf22 to datanode:bc4c196d-1c1a-499c-9b0d-21e75e378ad6
2022-11-04 01:07:56,769 [RatisPipelineUtilsThread - 0] INFO  pipeline.RatisPipelineProvider (RatisPipelineProvider.java:lambda$create$0(195)) - Sending CreatePipelineCommand for pipeline:PipelineID=003b74d8-a15e-41e3-84cc-2db472fabf22 to datanode:dc492f9b-31c5-46a5-b048-fde4f7a6d732
2022-11-04 01:07:56,770 [RatisPipelineUtilsThread - 0] INFO  pipeline.PipelineStateManagerImpl (PipelineStateManagerImpl.java:addPipeline(103)) - Created pipeline Pipeline[ Id: 003b74d8-a15e-41e3-84cc-2db472fabf22, Nodes: 6480c095-e652-434b-9207-ee2ed1cf0924{ip: 10.1.0.17, host: fv-az39-323.yumyzuo2tp0ejekjjwodrrku4b.bx.internal.cloudapp.net, ports: [REPLICATION=37999, RATIS=36831, RATIS_ADMIN=36831, RATIS_SERVER=36831, STANDALONE=37991], networkLocation: /default-rack, certSerialId: null, persistedOpState: IN_SERVICE, persistedOpStateExpiryEpochSec: 0}bc4c196d-1c1a-499c-9b0d-21e75e378ad6{ip: 10.1.0.17, host: fv-az39-323.yumyzuo2tp0ejekjjwodrrku4b.bx.internal.cloudapp.net, ports: [REPLICATION=38243, RATIS=34491, RATIS_ADMIN=34491, RATIS_SERVER=34491, STANDALONE=43559], networkLocation: /default-rack, certSerialId: null, persistedOpState: IN_SERVICE, persistedOpStateExpiryEpochSec: 0}dc492f9b-31c5-46a5-b048-fde4f7a6d732{ip: 10.1.0.17, host: fv-az39-323.yumyzuo2tp0ejekjjwodrrku4b.bx.internal.cloudapp.net, ports: [REPLICATION=35247, RATIS=39685, RATIS_ADMIN=39685, RATIS_SERVER=39685, STANDALONE=44189], networkLocation: /default-rack, certSerialId: null, persistedOpState: IN_SERVICE, persistedOpStateExpiryEpochSec: 0}, ReplicationConfig: RATIS/THREE, State:ALLOCATED, leaderId:, CreationTimestamp2022-11-04T01:07:56.769Z[Etc/UTC]].
2022-11-04 01:07:56,770 [RatisPipelineUtilsThread - 0] INFO  pipeline.PipelineManagerImpl (PipelineManagerImpl.java:recordMetricsForPipeline(826)) - Pipeline: PipelineID=003b74d8-a15e-41e3-84cc-2db472fabf22 contains same datanodes as previous pipelines: PipelineID=3ee39070-283a-4801-8daa-14b460c0674a nodeIds: 6480c095-e652-434b-9207-ee2ed1cf0924, bc4c196d-1c1a-499c-9b0d-21e75e378ad6, dc492f9b-31c5-46a5-b048-fde4f7a6d732
2022-11-04 01:07:56,841 [Command processor thread] INFO  server.RaftServer (RaftServerProxy.java:addNew(96)) - b5f0d7ba-78c4-4bfc-9c94-2fc11ccd4fbc: addNew group-8B7106D7B27B:[b5f0d7ba-78c4-4bfc-9c94-2fc11ccd4fbc|rpc:10.1.0.17:44613|priority:1|startupRole:FOLLOWER] returns group-8B7106D7B27B:java.util.concurrent.CompletableFuture@22d3b143[Not completed]
2022-11-04 01:07:56,856 [pool-72-thread-1] INFO  server.RaftServer$Division (RaftServerImpl.java:<init>(195)) - b5f0d7ba-78c4-4bfc-9c94-2fc11ccd4fbc: new RaftServerImpl for group-8B7106D7B27B:[b5f0d7ba-78c4-4bfc-9c94-2fc11ccd4fbc|rpc:10.1.0.17:44613|priority:1|startupRole:FOLLOWER] with ContainerStateMachine:uninitialized
2022-11-04 01:07:56,856 [pool-72-thread-1] INFO  server.RaftServerConfigKeys (ConfUtils.java:logGet(46)) - raft.server.rpc.timeout.min = 5s (custom)
2022-11-04 01:07:56,857 [pool-72-thread-1] INFO  server.RaftServerConfigKeys (ConfUtils.java:logGet(46)) - raft.server.rpc.timeout.max = 5200ms (custom)
2022-11-04 01:07:56,858 [pool-72-thread-1] INFO  server.RaftServerConfigKeys (ConfUtils.java:logGet(46)) - raft.server.rpc.sleep.time = 25ms (default)
2022-11-04 01:07:56,858 [pool-72-thread-1] INFO  server.RaftServerConfigKeys (ConfUtils.java:logGet(46)) - raft.server.rpc.slowness.timeout = 300s (custom)
2022-11-04 01:07:56,858 [pool-72-thread-1] INFO  server.RaftServerConfigKeys (ConfUtils.java:logGet(46)) - raft.server.leaderelection.leader.step-down.wait-time = 10s (default)
2022-11-04 01:07:56,858 [pool-72-thread-1] INFO  server.RaftServerConfigKeys (ConfUtils.java:logGet(46)) - raft.server.sleep.deviation.threshold = 300ms (default)
2022-11-04 01:07:56,858 [pool-72-thread-1] INFO  server.RaftServer$Division (ServerState.java:<init>(118)) - b5f0d7ba-78c4-4bfc-9c94-2fc11ccd4fbc@group-8B7106D7B27B: ConfigurationManager, init=-1: peers:[b5f0d7ba-78c4-4bfc-9c94-2fc11ccd4fbc|rpc:10.1.0.17:44613|priority:1|startupRole:FOLLOWER]|listeners:[], old=null, confs=<EMPTY_MAP>
2022-11-04 01:07:56,858 [pool-72-thread-1] INFO  server.RaftServerConfigKeys (ConfUtils.java:logGet(46)) - raft.server.storage.dir = [/home/runner/work/ozone/ozone/hadoop-ozone/integration-test/target/test-dir/MiniOzoneClusterImpl-e654cb93-8a46-4732-947e-f27e0a8f69eb/datanode-0/data/ratis] (custom)
2022-11-04 01:07:56,858 [pool-72-thread-1] INFO  server.RaftServerConfigKeys (ConfUtils.java:logGet(46)) - raft.server.log.corruption.policy = EXCEPTION (default)
2022-11-04 01:07:56,859 [pool-72-thread-1] INFO  server.RaftServerConfigKeys (ConfUtils.java:logGet(46)) - raft.server.storage.free-space.min = 0MB (=0) (default)
2022-11-04 01:07:56,859 [pool-72-thread-1] INFO  server.RaftServerConfigKeys (ConfUtils.java:logGet(46)) - raft.server.notification.no-leader.timeout = 300s (custom)
2022-11-04 01:07:56,859 [pool-72-thread-1] INFO  server.RaftServerConfigKeys (ConfUtils.java:logGet(46)) - raft.server.retrycache.expirytime = 600000ms (custom)
2022-11-04 01:07:56,859 [pool-72-thread-1] INFO  server.RaftServerConfigKeys (ConfUtils.java:logGet(46)) - raft.server.retrycache.statistics.expirytime = 100μs (default)
2022-11-04 01:07:56,871 [pool-72-thread-1] INFO  server.RaftServerConfigKeys (ConfUtils.java:logGet(46)) - raft.server.log.appender.install.snapshot.enabled = false (custom)
2022-11-04 01:07:56,871 [pool-72-thread-1] INFO  server.RaftServerConfigKeys (ConfUtils.java:logGet(46)) - raft.server.threadpool.server.cached = true (default)
2022-11-04 01:07:56,871 [pool-72-thread-1] INFO  server.RaftServerConfigKeys (ConfUtils.java:logGet(46)) - raft.server.threadpool.server.size = 0 (default)
2022-11-04 01:07:56,871 [pool-72-thread-1] INFO  server.RaftServerConfigKeys (ConfUtils.java:logGet(46)) - raft.server.threadpool.client.cached = true (default)
2022-11-04 01:07:56,871 [pool-72-thread-1] INFO  server.RaftServerConfigKeys (ConfUtils.java:logGet(46)) - raft.server.threadpool.client.size = 0 (default)
2022-11-04 01:07:56,872 [pool-72-thread-1] INFO  storage.RaftStorageDirectory (RaftStorageDirectoryImpl.java:analyzeStorage(137)) - The storage directory /home/runner/work/ozone/ozone/hadoop-ozone/integration-test/target/test-dir/MiniOzoneClusterImpl-e654cb93-8a46-4732-947e-f27e0a8f69eb/datanode-0/data/ratis/eca63c80-83ed-4a92-bed4-8b7106d7b27b does not exist. Creating ...
2022-11-04 01:07:56,873 [pool-72-thread-1] INFO  storage.RaftStorageDirectory (RaftStorageDirectoryImpl.java:tryLock(231)) - Lock on /home/runner/work/ozone/ozone/hadoop-ozone/integration-test/target/test-dir/MiniOzoneClusterImpl-e654cb93-8a46-4732-947e-f27e0a8f69eb/datanode-0/data/ratis/eca63c80-83ed-4a92-bed4-8b7106d7b27b/in_use.lock acquired by nodename 14694@fv-az39-323
2022-11-04 01:07:56,876 [pool-72-thread-1] INFO  storage.RaftStorage (RaftStorageImpl.java:format(96)) - Storage directory /home/runner/work/ozone/ozone/hadoop-ozone/integration-test/target/test-dir/MiniOzoneClusterImpl-e654cb93-8a46-4732-947e-f27e0a8f69eb/datanode-0/data/ratis/eca63c80-83ed-4a92-bed4-8b7106d7b27b has been successfully formatted.
2022-11-04 01:07:56,879 [pool-72-thread-1] INFO  ratis.ContainerStateMachine (ContainerStateMachine.java:loadSnapshot(236)) - group-8B7106D7B27B: The snapshot info is null. Setting the last applied indexto:(t:0, i:~)
2022-11-04 01:07:56,879 [pool-72-thread-1] INFO  server.RaftServerConfigKeys (ConfUtils.java:logGet(46)) - raft.server.log.use.memory = false (default)
2022-11-04 01:07:56,879 [pool-72-thread-1] INFO  server.RaftServerConfigKeys (ConfUtils.java:logGet(46)) - raft.server.log.purge.gap = 1000000 (custom)
2022-11-04 01:07:56,879 [pool-72-thread-1] INFO  server.RaftServerConfigKeys (ConfUtils.java:logGet(46)) - raft.server.log.appender.buffer.byte-limit = 33554432 (custom)
2022-11-04 01:07:56,880 [pool-72-thread-1] INFO  server.RaftServerConfigKeys (ConfUtils.java:logGet(46)) - raft.server.log.statemachine.data.read.timeout = 1000ms (default)
2022-11-04 01:07:56,880 [pool-72-thread-1] INFO  server.RaftServerConfigKeys (ConfUtils.java:logGet(46)) - raft.server.log.purge.preservation.log.num = 0 (default)
2022-11-04 01:07:56,881 [EventQueue-PipelineReportForPipelineReportHandler] INFO  pipeline.PipelineManagerImpl (PipelineManagerImpl.java:openPipeline(367)) - Pipeline Pipeline[ Id: eca63c80-83ed-4a92-bed4-8b7106d7b27b, Nodes: b5f0d7ba-78c4-4bfc-9c94-2fc11ccd4fbc{ip: 10.1.0.17, host: fv-az39-323.yumyzuo2tp0ejekjjwodrrku4b.bx.internal.cloudapp.net, ports: [REPLICATION=32795, RATIS=44613, RATIS_ADMIN=44613, RATIS_SERVER=44613, STANDALONE=33005], networkLocation: /default-rack, certSerialId: null, persistedOpState: IN_SERVICE, persistedOpStateExpiryEpochSec: 0}, ReplicationConfig: RATIS/ONE, State:ALLOCATED, leaderId:b5f0d7ba-78c4-4bfc-9c94-2fc11ccd4fbc, CreationTimestamp2022-11-04T01:07:53.845Z[Etc/UTC]] moved to OPEN state
2022-11-04 01:07:56,895 [pool-72-thread-1] INFO  server.RaftServerConfigKeys (ConfUtils.java:logGet(46)) - raft.server.log.segment.size.max = 1048576 (custom)
2022-11-04 01:07:56,896 [pool-72-thread-1] INFO  server.RaftServerConfigKeys (ConfUtils.java:logGet(46)) - raft.server.log.segment.cache.num.max = 2 (custom)
2022-11-04 01:07:56,896 [pool-72-thread-1] INFO  server.RaftServerConfigKeys (ConfUtils.java:logGet(46)) - raft.server.log.segment.cache.size.max = 200MB (=209715200) (default)
2022-11-04 01:07:56,896 [pool-72-thread-1] INFO  segmented.SegmentedRaftLogWorker (SegmentedRaftLogWorker.java:<init>(191)) - new b5f0d7ba-78c4-4bfc-9c94-2fc11ccd4fbc@group-8B7106D7B27B-SegmentedRaftLogWorker for RaftStorageImpl:Storage Directory /home/runner/work/ozone/ozone/hadoop-ozone/integration-test/target/test-dir/MiniOzoneClusterImpl-e654cb93-8a46-4732-947e-f27e0a8f69eb/datanode-0/data/ratis/eca63c80-83ed-4a92-bed4-8b7106d7b27b
2022-11-04 01:07:56,896 [pool-72-thread-1] INFO  server.RaftServerConfigKeys (ConfUtils.java:logGet(46)) - raft.server.log.queue.byte-limit = 4294967296 (custom)
2022-11-04 01:07:56,896 [pool-72-thread-1] INFO  server.RaftServerConfigKeys (ConfUtils.java:logGet(46)) - raft.server.log.queue.element-limit = 1024 (custom)
2022-11-04 01:07:56,896 [pool-72-thread-1] INFO  server.RaftServerConfigKeys (ConfUtils.java:logGet(46)) - raft.server.log.segment.size.max = 1048576 (custom)
2022-11-04 01:07:56,896 [pool-72-thread-1] INFO  server.RaftServerConfigKeys (ConfUtils.java:logGet(46)) - raft.server.log.preallocated.size = 16384 (custom)
2022-11-04 01:07:56,896 [pool-72-thread-1] INFO  server.RaftServerConfigKeys (ConfUtils.java:logGet(46)) - raft.server.log.force.sync.num = 128 (default)
2022-11-04 01:07:56,896 [pool-72-thread-1] INFO  server.RaftServerConfigKeys (ConfUtils.java:logGet(46)) - raft.server.log.statemachine.data.sync = true (default)
2022-11-04 01:07:56,897 [pool-72-thread-1] INFO  server.RaftServerConfigKeys (ConfUtils.java:logGet(46)) - raft.server.log.statemachine.data.sync.timeout = 10s (default)
2022-11-04 01:07:56,897 [pool-72-thread-1] INFO  server.RaftServerConfigKeys (ConfUtils.java:logGet(46)) - raft.server.log.statemachine.data.sync.timeout.retry = -1 (default)
2022-11-04 01:07:56,898 [pool-72-thread-1] INFO  server.RaftServerConfigKeys (ConfUtils.java:logGet(46)) - raft.server.log.write.buffer.size = 1048576 (custom)
2022-11-04 01:07:56,899 [pool-72-thread-1] INFO  server.RaftServerConfigKeys (ConfUtils.java:logGet(46)) - raft.server.log.unsafe-flush.enabled = false (default)
2022-11-04 01:07:56,899 [pool-72-thread-1] INFO  server.RaftServerConfigKeys (ConfUtils.java:logGet(46)) - raft.server.log.async-flush.enabled = false (default)
2022-11-04 01:07:56,899 [pool-72-thread-1] INFO  server.RaftServerConfigKeys (ConfUtils.java:logGet(46)) - raft.server.log.statemachine.data.caching.enabled = true (custom)
2022-11-04 01:07:56,899 [pool-72-thread-1] INFO  segmented.SegmentedRaftLogWorker (SegmentedRaftLogWorker.java:lambda$new$0(136)) - b5f0d7ba-78c4-4bfc-9c94-2fc11ccd4fbc@group-8B7106D7B27B-SegmentedRaftLogWorker: flushIndex: setUnconditionally 0 -> -1
2022-11-04 01:07:56,899 [pool-72-thread-1] INFO  segmented.SegmentedRaftLogWorker (SegmentedRaftLogWorker.java:lambda$new$0(136)) - b5f0d7ba-78c4-4bfc-9c94-2fc11ccd4fbc@group-8B7106D7B27B-SegmentedRaftLogWorker: safeCacheEvictIndex: setUnconditionally 0 -> -1
2022-11-04 01:07:56,899 [pool-72-thread-1] INFO  server.RaftServer$Division (RaftServerImpl.java:start(334)) - b5f0d7ba-78c4-4bfc-9c94-2fc11ccd4fbc@group-8B7106D7B27B: start as a follower, conf=-1: peers:[b5f0d7ba-78c4-4bfc-9c94-2fc11ccd4fbc|rpc:10.1.0.17:44613|priority:1|startupRole:FOLLOWER]|listeners:[], old=null
2022-11-04 01:07:56,899 [pool-72-thread-1] INFO  server.RaftServer$Division (RaftServerImpl.java:setRole(321)) - b5f0d7ba-78c4-4bfc-9c94-2fc11ccd4fbc@group-8B7106D7B27B: changes role from      null to FOLLOWER at term 0 for startAsFollower
2022-11-04 01:07:56,899 [pool-72-thread-1] INFO  impl.RoleInfo (RoleInfo.java:updateAndGet(139)) - b5f0d7ba-78c4-4bfc-9c94-2fc11ccd4fbc: start b5f0d7ba-78c4-4bfc-9c94-2fc11ccd4fbc@group-8B7106D7B27B-FollowerState
2022-11-04 01:07:56,903 [pool-72-thread-1] INFO  util.JmxRegister (JmxRegister.java:tryRegister(44)) - Successfully registered JMX Bean with object name Ratis:service=RaftServer,group=group-8B7106D7B27B,id=b5f0d7ba-78c4-4bfc-9c94-2fc11ccd4fbc
2022-11-04 01:07:56,913 [pool-72-thread-1] INFO  server.RaftServerConfigKeys (ConfUtils.java:logGet(46)) - raft.server.snapshot.auto.trigger.enabled = true (custom)
2022-11-04 01:07:56,913 [pool-72-thread-1] INFO  server.RaftServerConfigKeys (ConfUtils.java:logGet(46)) - raft.server.snapshot.auto.trigger.threshold = 10000 (custom)
2022-11-04 01:07:56,913 [pool-72-thread-1] INFO  server.RaftServerConfigKeys (ConfUtils.java:logGet(46)) - raft.server.snapshot.retention.file.num = 5 (custom)
2022-11-04 01:07:56,913 [pool-72-thread-1] INFO  server.RaftServerConfigKeys (ConfUtils.java:logGet(46)) - raft.server.log.purge.upto.snapshot.index = false (default)
2022-11-04 01:07:56,913 [b5f0d7ba-78c4-4bfc-9c94-2fc11ccd4fbc@group-8B7106D7B27B-FollowerState] INFO  server.RaftServerConfigKeys (ConfUtils.java:logFallback(53)) - raft.server.rpc.first-election.timeout.min = 5s (fallback to raft.server.rpc.timeout.min)
2022-11-04 01:07:56,924 [Command processor thread] INFO  ratis.XceiverServerRatis (XceiverServerRatis.java:addGroup(765)) - Created group PipelineID=eca63c80-83ed-4a92-bed4-8b7106d7b27b
2022-11-04 01:07:56,925 [Command processor thread] INFO  commandhandler.CreatePipelineCommandHandler (CreatePipelineCommandHandler.java:handle(113)) - Created Pipeline RATIS ONE PipelineID=eca63c80-83ed-4a92-bed4-8b7106d7b27b.
2022-11-04 01:07:56,925 [Command processor thread] INFO  server.RaftServer (RaftServerProxy.java:addNew(96)) - b5f0d7ba-78c4-4bfc-9c94-2fc11ccd4fbc: addNew group-67D32E1FD950:[70253b25-82f0-4a7c-9412-29622705a2de|rpc:10.1.0.17:37713|priority:0|startupRole:FOLLOWER, 9ad6c772-b583-49da-9dda-46d51a9db348|rpc:10.1.0.17:40437|priority:0|startupRole:FOLLOWER, b5f0d7ba-78c4-4bfc-9c94-2fc11ccd4fbc|rpc:10.1.0.17:44613|priority:1|startupRole:FOLLOWER] returns group-67D32E1FD950:java.util.concurrent.CompletableFuture@76ef42b8[Not completed]
2022-11-04 01:07:56,924 [EventQueue-OpenPipelineForHealthyPipelineSafeModeRule] INFO  safemode.SCMSafeModeManager (HealthyPipelineSafeModeRule.java:process(137)) - SCM in safe mode. Healthy pipelines reported count is 0, required healthy pipeline reported count is 1
2022-11-04 01:07:56,924 [b5f0d7ba-78c4-4bfc-9c94-2fc11ccd4fbc@group-8B7106D7B27B-FollowerState] INFO  server.RaftServerConfigKeys (ConfUtils.java:logFallback(53)) - raft.server.rpc.first-election.timeout.max = 5200ms (fallback to raft.server.rpc.timeout.max)
2022-11-04 01:07:56,926 [pool-72-thread-1] INFO  server.RaftServer$Division (RaftServerImpl.java:<init>(195)) - b5f0d7ba-78c4-4bfc-9c94-2fc11ccd4fbc: new RaftServerImpl for group-67D32E1FD950:[70253b25-82f0-4a7c-9412-29622705a2de|rpc:10.1.0.17:37713|priority:0|startupRole:FOLLOWER, 9ad6c772-b583-49da-9dda-46d51a9db348|rpc:10.1.0.17:40437|priority:0|startupRole:FOLLOWER, b5f0d7ba-78c4-4bfc-9c94-2fc11ccd4fbc|rpc:10.1.0.17:44613|priority:1|startupRole:FOLLOWER] with ContainerStateMachine:uninitialized
2022-11-04 01:07:56,927 [pool-72-thread-1] INFO  server.RaftServerConfigKeys (ConfUtils.java:logGet(46)) - raft.server.rpc.timeout.min = 5s (custom)
2022-11-04 01:07:56,927 [pool-72-thread-1] INFO  server.RaftServerConfigKeys (ConfUtils.java:logGet(46)) - raft.server.rpc.timeout.max = 5200ms (custom)
2022-11-04 01:07:56,927 [pool-72-thread-1] INFO  server.RaftServerConfigKeys (ConfUtils.java:logGet(46)) - raft.server.rpc.sleep.time = 25ms (default)
2022-11-04 01:07:56,927 [pool-72-thread-1] INFO  server.RaftServerConfigKeys (ConfUtils.java:logGet(46)) - raft.server.rpc.slowness.timeout = 300s (custom)
2022-11-04 01:07:56,927 [pool-72-thread-1] INFO  server.RaftServerConfigKeys (ConfUtils.java:logGet(46)) - raft.server.leaderelection.leader.step-down.wait-time = 10s (default)
2022-11-04 01:07:56,927 [pool-72-thread-1] INFO  server.RaftServerConfigKeys (ConfUtils.java:logGet(46)) - raft.server.sleep.deviation.threshold = 300ms (default)
2022-11-04 01:07:56,927 [pool-72-thread-1] INFO  server.RaftServer$Division (ServerState.java:<init>(118)) - b5f0d7ba-78c4-4bfc-9c94-2fc11ccd4fbc@group-67D32E1FD950: ConfigurationManager, init=-1: peers:[70253b25-82f0-4a7c-9412-29622705a2de|rpc:10.1.0.17:37713|priority:0|startupRole:FOLLOWER, 9ad6c772-b583-49da-9dda-46d51a9db348|rpc:10.1.0.17:40437|priority:0|startupRole:FOLLOWER, b5f0d7ba-78c4-4bfc-9c94-2fc11ccd4fbc|rpc:10.1.0.17:44613|priority:1|startupRole:FOLLOWER]|listeners:[], old=null, confs=<EMPTY_MAP>
2022-11-04 01:07:56,927 [pool-72-thread-1] INFO  server.RaftServerConfigKeys (ConfUtils.java:logGet(46)) - raft.server.storage.dir = [/home/runner/work/ozone/ozone/hadoop-ozone/integration-test/target/test-dir/MiniOzoneClusterImpl-e654cb93-8a46-4732-947e-f27e0a8f69eb/datanode-0/data/ratis] (custom)
2022-11-04 01:07:56,927 [pool-72-thread-1] INFO  server.RaftServerConfigKeys (ConfUtils.java:logGet(46)) - raft.server.log.corruption.policy = EXCEPTION (default)
2022-11-04 01:07:56,927 [pool-72-thread-1] INFO  server.RaftServerConfigKeys (ConfUtils.java:logGet(46)) - raft.server.storage.free-space.min = 0MB (=0) (default)
2022-11-04 01:07:56,927 [pool-72-thread-1] INFO  server.RaftServerConfigKeys (ConfUtils.java:logGet(46)) - raft.server.notification.no-leader.timeout = 300s (custom)
2022-11-04 01:07:56,927 [pool-72-thread-1] INFO  server.RaftServerConfigKeys (ConfUtils.java:logGet(46)) - raft.server.retrycache.expirytime = 600000ms (custom)
2022-11-04 01:07:56,927 [pool-72-thread-1] INFO  server.RaftServerConfigKeys (ConfUtils.java:logGet(46)) - raft.server.retrycache.statistics.expirytime = 100μs (default)
2022-11-04 01:07:56,929 [pool-72-thread-1] INFO  server.RaftServerConfigKeys (ConfUtils.java:logGet(46)) - raft.server.log.appender.install.snapshot.enabled = false (custom)
2022-11-04 01:07:56,930 [pool-72-thread-1] INFO  server.RaftServerConfigKeys (ConfUtils.java:logGet(46)) - raft.server.threadpool.server.cached = true (default)
2022-11-04 01:07:56,930 [pool-72-thread-1] INFO  server.RaftServerConfigKeys (ConfUtils.java:logGet(46)) - raft.server.threadpool.server.size = 0 (default)
2022-11-04 01:07:56,930 [pool-72-thread-1] INFO  server.RaftServerConfigKeys (ConfUtils.java:logGet(46)) - raft.server.threadpool.client.cached = true (default)
2022-11-04 01:07:56,930 [pool-72-thread-1] INFO  server.RaftServerConfigKeys (ConfUtils.java:logGet(46)) - raft.server.threadpool.client.size = 0 (default)
2022-11-04 01:07:56,930 [pool-72-thread-1] INFO  storage.RaftStorageDirectory (RaftStorageDirectoryImpl.java:analyzeStorage(137)) - The storage directory /home/runner/work/ozone/ozone/hadoop-ozone/integration-test/target/test-dir/MiniOzoneClusterImpl-e654cb93-8a46-4732-947e-f27e0a8f69eb/datanode-0/data/ratis/d7507172-1e8f-403b-90af-67d32e1fd950 does not exist. Creating ...
2022-11-04 01:07:56,931 [pool-72-thread-1] INFO  storage.RaftStorageDirectory (RaftStorageDirectoryImpl.java:tryLock(231)) - Lock on /home/runner/work/ozone/ozone/hadoop-ozone/integration-test/target/test-dir/MiniOzoneClusterImpl-e654cb93-8a46-4732-947e-f27e0a8f69eb/datanode-0/data/ratis/d7507172-1e8f-403b-90af-67d32e1fd950/in_use.lock acquired by nodename 14694@fv-az39-323
2022-11-04 01:07:56,933 [pool-72-thread-1] INFO  storage.RaftStorage (RaftStorageImpl.java:format(96)) - Storage directory /home/runner/work/ozone/ozone/hadoop-ozone/integration-test/target/test-dir/MiniOzoneClusterImpl-e654cb93-8a46-4732-947e-f27e0a8f69eb/datanode-0/data/ratis/d7507172-1e8f-403b-90af-67d32e1fd950 has been successfully formatted.
2022-11-04 01:07:56,934 [pool-72-thread-1] INFO  ratis.ContainerStateMachine (ContainerStateMachine.java:loadSnapshot(236)) - group-67D32E1FD950: The snapshot info is null. Setting the last applied indexto:(t:0, i:~)
2022-11-04 01:07:56,934 [pool-72-thread-1] INFO  server.RaftServerConfigKeys (ConfUtils.java:logGet(46)) - raft.server.log.use.memory = false (default)
2022-11-04 01:07:56,934 [pool-72-thread-1] INFO  server.RaftServerConfigKeys (ConfUtils.java:logGet(46)) - raft.server.log.purge.gap = 1000000 (custom)
2022-11-04 01:07:56,934 [pool-72-thread-1] INFO  server.RaftServerConfigKeys (ConfUtils.java:logGet(46)) - raft.server.log.appender.buffer.byte-limit = 33554432 (custom)
2022-11-04 01:07:56,934 [pool-72-thread-1] INFO  server.RaftServerConfigKeys (ConfUtils.java:logGet(46)) - raft.server.log.statemachine.data.read.timeout = 1000ms (default)
2022-11-04 01:07:56,934 [pool-72-thread-1] INFO  server.RaftServerConfigKeys (ConfUtils.java:logGet(46)) - raft.server.log.purge.preservation.log.num = 0 (default)
2022-11-04 01:07:56,942 [pool-72-thread-1] INFO  server.RaftServerConfigKeys (ConfUtils.java:logGet(46)) - raft.server.log.segment.size.max = 1048576 (custom)
2022-11-04 01:07:56,943 [pool-72-thread-1] INFO  server.RaftServerConfigKeys (ConfUtils.java:logGet(46)) - raft.server.log.segment.cache.num.max = 2 (custom)
2022-11-04 01:07:56,943 [pool-72-thread-1] INFO  server.RaftServerConfigKeys (ConfUtils.java:logGet(46)) - raft.server.log.segment.cache.size.max = 200MB (=209715200) (default)
2022-11-04 01:07:56,943 [pool-72-thread-1] INFO  segmented.SegmentedRaftLogWorker (SegmentedRaftLogWorker.java:<init>(191)) - new b5f0d7ba-78c4-4bfc-9c94-2fc11ccd4fbc@group-67D32E1FD950-SegmentedRaftLogWorker for RaftStorageImpl:Storage Directory /home/runner/work/ozone/ozone/hadoop-ozone/integration-test/target/test-dir/MiniOzoneClusterImpl-e654cb93-8a46-4732-947e-f27e0a8f69eb/datanode-0/data/ratis/d7507172-1e8f-403b-90af-67d32e1fd950
2022-11-04 01:07:56,943 [pool-72-thread-1] INFO  server.RaftServerConfigKeys (ConfUtils.java:logGet(46)) - raft.server.log.queue.byte-limit = 4294967296 (custom)
2022-11-04 01:07:56,943 [pool-72-thread-1] INFO  server.RaftServerConfigKeys (ConfUtils.java:logGet(46)) - raft.server.log.queue.element-limit = 1024 (custom)
2022-11-04 01:07:56,943 [pool-72-thread-1] INFO  server.RaftServerConfigKeys (ConfUtils.java:logGet(46)) - raft.server.log.segment.size.max = 1048576 (custom)
2022-11-04 01:07:56,943 [pool-72-thread-1] INFO  server.RaftServerConfigKeys (ConfUtils.java:logGet(46)) - raft.server.log.preallocated.size = 16384 (custom)
2022-11-04 01:07:56,943 [pool-72-thread-1] INFO  server.RaftServerConfigKeys (ConfUtils.java:logGet(46)) - raft.server.log.force.sync.num = 128 (default)
2022-11-04 01:07:56,943 [pool-72-thread-1] INFO  server.RaftServerConfigKeys (ConfUtils.java:logGet(46)) - raft.server.log.statemachine.data.sync = true (default)
2022-11-04 01:07:56,943 [pool-72-thread-1] INFO  server.RaftServerConfigKeys (ConfUtils.java:logGet(46)) - raft.server.log.statemachine.data.sync.timeout = 10s (default)
2022-11-04 01:07:56,943 [pool-72-thread-1] INFO  server.RaftServerConfigKeys (ConfUtils.java:logGet(46)) - raft.server.log.statemachine.data.sync.timeout.retry = -1 (default)
2022-11-04 01:07:56,945 [EventQueue-OpenPipelineForHealthyPipelineSafeModeRule] INFO  safemode.SCMSafeModeManager (HealthyPipelineSafeModeRule.java:process(137)) - SCM in safe mode. Healthy pipelines reported count is 0, required healthy pipeline reported count is 1
2022-11-04 01:07:56,950 [pool-72-thread-1] INFO  server.RaftServerConfigKeys (ConfUtils.java:logGet(46)) - raft.server.log.write.buffer.size = 1048576 (custom)
2022-11-04 01:07:56,950 [pool-72-thread-1] INFO  server.RaftServerConfigKeys (ConfUtils.java:logGet(46)) - raft.server.log.unsafe-flush.enabled = false (default)
2022-11-04 01:07:56,950 [pool-72-thread-1] INFO  server.RaftServerConfigKeys (ConfUtils.java:logGet(46)) - raft.server.log.async-flush.enabled = false (default)
2022-11-04 01:07:56,950 [pool-72-thread-1] INFO  server.RaftServerConfigKeys (ConfUtils.java:logGet(46)) - raft.server.log.statemachine.data.caching.enabled = true (custom)
2022-11-04 01:07:56,951 [pool-72-thread-1] INFO  segmented.SegmentedRaftLogWorker (SegmentedRaftLogWorker.java:lambda$new$0(136)) - b5f0d7ba-78c4-4bfc-9c94-2fc11ccd4fbc@group-67D32E1FD950-SegmentedRaftLogWorker: flushIndex: setUnconditionally 0 -> -1
2022-11-04 01:07:56,951 [pool-72-thread-1] INFO  segmented.SegmentedRaftLogWorker (SegmentedRaftLogWorker.java:lambda$new$0(136)) - b5f0d7ba-78c4-4bfc-9c94-2fc11ccd4fbc@group-67D32E1FD950-SegmentedRaftLogWorker: safeCacheEvictIndex: setUnconditionally 0 -> -1
2022-11-04 01:07:56,951 [pool-72-thread-1] INFO  server.RaftServer$Division (RaftServerImpl.java:start(334)) - b5f0d7ba-78c4-4bfc-9c94-2fc11ccd4fbc@group-67D32E1FD950: start as a follower, conf=-1: peers:[70253b25-82f0-4a7c-9412-29622705a2de|rpc:10.1.0.17:37713|priority:0|startupRole:FOLLOWER, 9ad6c772-b583-49da-9dda-46d51a9db348|rpc:10.1.0.17:40437|priority:0|startupRole:FOLLOWER, b5f0d7ba-78c4-4bfc-9c94-2fc11ccd4fbc|rpc:10.1.0.17:44613|priority:1|startupRole:FOLLOWER]|listeners:[], old=null
2022-11-04 01:07:56,952 [pool-72-thread-1] INFO  server.RaftServer$Division (RaftServerImpl.java:setRole(321)) - b5f0d7ba-78c4-4bfc-9c94-2fc11ccd4fbc@group-67D32E1FD950: changes role from      null to FOLLOWER at term 0 for startAsFollower
2022-11-04 01:07:56,952 [pool-72-thread-1] INFO  impl.RoleInfo (RoleInfo.java:updateAndGet(139)) - b5f0d7ba-78c4-4bfc-9c94-2fc11ccd4fbc: start b5f0d7ba-78c4-4bfc-9c94-2fc11ccd4fbc@group-67D32E1FD950-FollowerState
2022-11-04 01:07:56,952 [pool-72-thread-1] INFO  util.JmxRegister (JmxRegister.java:tryRegister(44)) - Successfully registered JMX Bean with object name Ratis:service=RaftServer,group=group-67D32E1FD950,id=b5f0d7ba-78c4-4bfc-9c94-2fc11ccd4fbc
2022-11-04 01:07:56,952 [pool-72-thread-1] INFO  server.RaftServerConfigKeys (ConfUtils.java:logGet(46)) - raft.server.snapshot.auto.trigger.enabled = true (custom)
2022-11-04 01:07:56,952 [pool-72-thread-1] INFO  server.RaftServerConfigKeys (ConfUtils.java:logGet(46)) - raft.server.snapshot.auto.trigger.threshold = 10000 (custom)
2022-11-04 01:07:56,952 [pool-72-thread-1] INFO  server.RaftServerConfigKeys (ConfUtils.java:logGet(46)) - raft.server.snapshot.retention.file.num = 5 (custom)
2022-11-04 01:07:56,952 [pool-72-thread-1] INFO  server.RaftServerConfigKeys (ConfUtils.java:logGet(46)) - raft.server.log.purge.upto.snapshot.index = false (default)
2022-11-04 01:07:56,956 [b5f0d7ba-78c4-4bfc-9c94-2fc11ccd4fbc@group-67D32E1FD950-FollowerState] INFO  server.RaftServerConfigKeys (ConfUtils.java:logFallback(53)) - raft.server.rpc.first-election.timeout.min = 5s (fallback to raft.server.rpc.timeout.min)
2022-11-04 01:07:56,956 [b5f0d7ba-78c4-4bfc-9c94-2fc11ccd4fbc@group-67D32E1FD950-FollowerState] INFO  server.RaftServerConfigKeys (ConfUtils.java:logFallback(53)) - raft.server.rpc.first-election.timeout.max = 5200ms (fallback to raft.server.rpc.timeout.max)
2022-11-04 01:07:56,956 [Command processor thread] INFO  ratis.XceiverServerRatis (XceiverServerRatis.java:addGroup(765)) - Created group PipelineID=d7507172-1e8f-403b-90af-67d32e1fd950
2022-11-04 01:07:57,097 [Listener at 127.0.0.1/40125] INFO  ozone.MiniOzoneClusterImpl (MiniOzoneClusterImpl.java:lambda$waitForClusterToBeReady$0(216)) - Waiting for nodes to be ready. Got 9 of 10 DN Heartbeats.
2022-11-04 01:07:57,097 [Listener at 127.0.0.1/40125] INFO  ozone.MiniOzoneClusterImpl (MiniOzoneClusterImpl.java:lambda$waitForClusterToBeReady$0(219)) - Waiting for cluster to exit safe mode
2022-11-04 01:07:57,097 [Listener at 127.0.0.1/40125] INFO  ozone.MiniOzoneClusterImpl (MiniOzoneClusterImpl.java:lambda$waitForClusterToBeReady$0(221)) - SCM became leader
2022-11-04 01:07:57,110 [IPC Server handler 11 on default port 45711] INFO  net.NetworkTopologyImpl (NetworkTopologyImpl.java:add(112)) - Added a new node: /default-rack/9b302da2-2c09-4610-b1b5-c4dbcc9298e9
2022-11-04 01:07:57,111 [IPC Server handler 11 on default port 45711] INFO  node.SCMNodeManager (SCMNodeManager.java:register(397)) - Registered Data node : 9b302da2-2c09-4610-b1b5-c4dbcc9298e9{ip: 10.1.0.17, host: fv-az39-323.yumyzuo2tp0ejekjjwodrrku4b.bx.internal.cloudapp.net, ports: [REPLICATION=40109, RATIS=35385, RATIS_ADMIN=35385, RATIS_SERVER=35385, STANDALONE=42205], networkLocation: /default-rack, certSerialId: null, persistedOpState: null, persistedOpStateExpiryEpochSec: 0}
2022-11-04 01:07:57,111 [EventQueue-NewNodeForNewNodeHandler] INFO  pipeline.BackgroundPipelineCreator (BackgroundPipelineCreator.java:notifyEventTriggered(276)) - trigger a one-shot run on RatisPipelineUtilsThread.
2022-11-04 01:07:57,113 [RatisPipelineUtilsThread - 0] INFO  pipeline.RatisPipelineProvider (RatisPipelineProvider.java:lambda$create$0(195)) - Sending CreatePipelineCommand for pipeline:PipelineID=2b0b685d-df4a-48a4-b1f0-aa1973943c79 to datanode:9b302da2-2c09-4610-b1b5-c4dbcc9298e9
2022-11-04 01:07:57,113 [RatisPipelineUtilsThread - 0] INFO  pipeline.PipelineStateManagerImpl (PipelineStateManagerImpl.java:addPipeline(103)) - Created pipeline Pipeline[ Id: 2b0b685d-df4a-48a4-b1f0-aa1973943c79, Nodes: 9b302da2-2c09-4610-b1b5-c4dbcc9298e9{ip: 10.1.0.17, host: fv-az39-323.yumyzuo2tp0ejekjjwodrrku4b.bx.internal.cloudapp.net, ports: [REPLICATION=40109, RATIS=35385, RATIS_ADMIN=35385, RATIS_SERVER=35385, STANDALONE=42205], networkLocation: /default-rack, certSerialId: null, persistedOpState: IN_SERVICE, persistedOpStateExpiryEpochSec: 0}, ReplicationConfig: RATIS/ONE, State:ALLOCATED, leaderId:, CreationTimestamp2022-11-04T01:07:57.113Z[Etc/UTC]].
2022-11-04 01:07:57,304 [Command processor thread] INFO  server.RaftServer (RaftServerProxy.java:addNew(96)) - 9ad6c772-b583-49da-9dda-46d51a9db348: addNew group-A48171208D74:[9ad6c772-b583-49da-9dda-46d51a9db348|rpc:10.1.0.17:40437|priority:1|startupRole:FOLLOWER] returns group-A48171208D74:java.util.concurrent.CompletableFuture@7bfd1e2d[Not completed]
2022-11-04 01:07:57,305 [pool-95-thread-1] INFO  server.RaftServer$Division (RaftServerImpl.java:<init>(195)) - 9ad6c772-b583-49da-9dda-46d51a9db348: new RaftServerImpl for group-A48171208D74:[9ad6c772-b583-49da-9dda-46d51a9db348|rpc:10.1.0.17:40437|priority:1|startupRole:FOLLOWER] with ContainerStateMachine:uninitialized
2022-11-04 01:07:57,305 [pool-95-thread-1] INFO  server.RaftServerConfigKeys (ConfUtils.java:logGet(46)) - raft.server.rpc.timeout.min = 5s (custom)
2022-11-04 01:07:57,306 [pool-95-thread-1] INFO  server.RaftServerConfigKeys (ConfUtils.java:logGet(46)) - raft.server.rpc.timeout.max = 5200ms (custom)
2022-11-04 01:07:57,306 [pool-95-thread-1] INFO  server.RaftServerConfigKeys (ConfUtils.java:logGet(46)) - raft.server.rpc.sleep.time = 25ms (default)
2022-11-04 01:07:57,306 [pool-95-thread-1] INFO  server.RaftServerConfigKeys (ConfUtils.java:logGet(46)) - raft.server.rpc.slowness.timeout = 300s (custom)
2022-11-04 01:07:57,306 [pool-95-thread-1] INFO  server.RaftServerConfigKeys (ConfUtils.java:logGet(46)) - raft.server.leaderelection.leader.step-down.wait-time = 10s (default)
2022-11-04 01:07:57,309 [pool-95-thread-1] INFO  server.RaftServerConfigKeys (ConfUtils.java:logGet(46)) - raft.server.sleep.deviation.threshold = 300ms (default)
2022-11-04 01:07:57,309 [pool-95-thread-1] INFO  server.RaftServer$Division (ServerState.java:<init>(118)) - 9ad6c772-b583-49da-9dda-46d51a9db348@group-A48171208D74: ConfigurationManager, init=-1: peers:[9ad6c772-b583-49da-9dda-46d51a9db348|rpc:10.1.0.17:40437|priority:1|startupRole:FOLLOWER]|listeners:[], old=null, confs=<EMPTY_MAP>
2022-11-04 01:07:57,309 [pool-95-thread-1] INFO  server.RaftServerConfigKeys (ConfUtils.java:logGet(46)) - raft.server.storage.dir = [/home/runner/work/ozone/ozone/hadoop-ozone/integration-test/target/test-dir/MiniOzoneClusterImpl-e654cb93-8a46-4732-947e-f27e0a8f69eb/datanode-1/data/ratis] (custom)
2022-11-04 01:07:57,310 [pool-95-thread-1] INFO  server.RaftServerConfigKeys (ConfUtils.java:logGet(46)) - raft.server.log.corruption.policy = EXCEPTION (default)
2022-11-04 01:07:57,310 [pool-95-thread-1] INFO  server.RaftServerConfigKeys (ConfUtils.java:logGet(46)) - raft.server.storage.free-space.min = 0MB (=0) (default)
2022-11-04 01:07:57,310 [pool-95-thread-1] INFO  server.RaftServerConfigKeys (ConfUtils.java:logGet(46)) - raft.server.notification.no-leader.timeout = 300s (custom)
2022-11-04 01:07:57,310 [pool-95-thread-1] INFO  server.RaftServerConfigKeys (ConfUtils.java:logGet(46)) - raft.server.retrycache.expirytime = 600000ms (custom)
2022-11-04 01:07:57,310 [pool-95-thread-1] INFO  server.RaftServerConfigKeys (ConfUtils.java:logGet(46)) - raft.server.retrycache.statistics.expirytime = 100μs (default)
2022-11-04 01:07:57,320 [pool-95-thread-1] INFO  server.RaftServerConfigKeys (ConfUtils.java:logGet(46)) - raft.server.log.appender.install.snapshot.enabled = false (custom)
2022-11-04 01:07:57,320 [pool-95-thread-1] INFO  server.RaftServerConfigKeys (ConfUtils.java:logGet(46)) - raft.server.threadpool.server.cached = true (default)
2022-11-04 01:07:57,320 [pool-95-thread-1] INFO  server.RaftServerConfigKeys (ConfUtils.java:logGet(46)) - raft.server.threadpool.server.size = 0 (default)
2022-11-04 01:07:57,320 [pool-95-thread-1] INFO  server.RaftServerConfigKeys (ConfUtils.java:logGet(46)) - raft.server.threadpool.client.cached = true (default)
2022-11-04 01:07:57,320 [pool-95-thread-1] INFO  server.RaftServerConfigKeys (ConfUtils.java:logGet(46)) - raft.server.threadpool.client.size = 0 (default)
2022-11-04 01:07:57,320 [pool-95-thread-1] INFO  storage.RaftStorageDirectory (RaftStorageDirectoryImpl.java:analyzeStorage(137)) - The storage directory /home/runner/work/ozone/ozone/hadoop-ozone/integration-test/target/test-dir/MiniOzoneClusterImpl-e654cb93-8a46-4732-947e-f27e0a8f69eb/datanode-1/data/ratis/3fbb2606-43e1-41df-a43e-a48171208d74 does not exist. Creating ...
2022-11-04 01:07:57,322 [pool-95-thread-1] INFO  storage.RaftStorageDirectory (RaftStorageDirectoryImpl.java:tryLock(231)) - Lock on /home/runner/work/ozone/ozone/hadoop-ozone/integration-test/target/test-dir/MiniOzoneClusterImpl-e654cb93-8a46-4732-947e-f27e0a8f69eb/datanode-1/data/ratis/3fbb2606-43e1-41df-a43e-a48171208d74/in_use.lock acquired by nodename 14694@fv-az39-323
2022-11-04 01:07:57,323 [pool-95-thread-1] INFO  storage.RaftStorage (RaftStorageImpl.java:format(96)) - Storage directory /home/runner/work/ozone/ozone/hadoop-ozone/integration-test/target/test-dir/MiniOzoneClusterImpl-e654cb93-8a46-4732-947e-f27e0a8f69eb/datanode-1/data/ratis/3fbb2606-43e1-41df-a43e-a48171208d74 has been successfully formatted.
2022-11-04 01:07:57,323 [pool-95-thread-1] INFO  ratis.ContainerStateMachine (ContainerStateMachine.java:loadSnapshot(236)) - group-A48171208D74: The snapshot info is null. Setting the last applied indexto:(t:0, i:~)
2022-11-04 01:07:57,333 [pool-95-thread-1] INFO  server.RaftServerConfigKeys (ConfUtils.java:logGet(46)) - raft.server.log.use.memory = false (default)
2022-11-04 01:07:57,333 [pool-95-thread-1] INFO  server.RaftServerConfigKeys (ConfUtils.java:logGet(46)) - raft.server.log.purge.gap = 1000000 (custom)
2022-11-04 01:07:57,333 [pool-95-thread-1] INFO  server.RaftServerConfigKeys (ConfUtils.java:logGet(46)) - raft.server.log.appender.buffer.byte-limit = 33554432 (custom)
2022-11-04 01:07:57,333 [pool-95-thread-1] INFO  server.RaftServerConfigKeys (ConfUtils.java:logGet(46)) - raft.server.log.statemachine.data.read.timeout = 1000ms (default)
2022-11-04 01:07:57,333 [pool-95-thread-1] INFO  server.RaftServerConfigKeys (ConfUtils.java:logGet(46)) - raft.server.log.purge.preservation.log.num = 0 (default)
2022-11-04 01:07:57,334 [pool-95-thread-1] INFO  server.RaftServerConfigKeys (ConfUtils.java:logGet(46)) - raft.server.log.segment.size.max = 1048576 (custom)
2022-11-04 01:07:57,334 [EventQueue-PipelineReportForPipelineReportHandler] INFO  pipeline.PipelineManagerImpl (PipelineManagerImpl.java:openPipeline(367)) - Pipeline Pipeline[ Id: 3fbb2606-43e1-41df-a43e-a48171208d74, Nodes: 9ad6c772-b583-49da-9dda-46d51a9db348{ip: 10.1.0.17, host: fv-az39-323.yumyzuo2tp0ejekjjwodrrku4b.bx.internal.cloudapp.net, ports: [REPLICATION=46803, RATIS=40437, RATIS_ADMIN=40437, RATIS_SERVER=40437, STANDALONE=33617], networkLocation: /default-rack, certSerialId: null, persistedOpState: IN_SERVICE, persistedOpStateExpiryEpochSec: 0}, ReplicationConfig: RATIS/ONE, State:ALLOCATED, leaderId:9ad6c772-b583-49da-9dda-46d51a9db348, CreationTimestamp2022-11-04T01:07:54.287Z[Etc/UTC]] moved to OPEN state
2022-11-04 01:07:57,335 [EventQueue-OpenPipelineForHealthyPipelineSafeModeRule] INFO  safemode.SCMSafeModeManager (HealthyPipelineSafeModeRule.java:process(137)) - SCM in safe mode. Healthy pipelines reported count is 0, required healthy pipeline reported count is 1
2022-11-04 01:07:57,335 [pool-95-thread-1] INFO  server.RaftServerConfigKeys (ConfUtils.java:logGet(46)) - raft.server.log.segment.cache.num.max = 2 (custom)
2022-11-04 01:07:57,343 [pool-95-thread-1] INFO  server.RaftServerConfigKeys (ConfUtils.java:logGet(46)) - raft.server.log.segment.cache.size.max = 200MB (=209715200) (default)
2022-11-04 01:07:57,343 [pool-95-thread-1] INFO  segmented.SegmentedRaftLogWorker (SegmentedRaftLogWorker.java:<init>(191)) - new 9ad6c772-b583-49da-9dda-46d51a9db348@group-A48171208D74-SegmentedRaftLogWorker for RaftStorageImpl:Storage Directory /home/runner/work/ozone/ozone/hadoop-ozone/integration-test/target/test-dir/MiniOzoneClusterImpl-e654cb93-8a46-4732-947e-f27e0a8f69eb/datanode-1/data/ratis/3fbb2606-43e1-41df-a43e-a48171208d74
2022-11-04 01:07:57,343 [pool-95-thread-1] INFO  server.RaftServerConfigKeys (ConfUtils.java:logGet(46)) - raft.server.log.queue.byte-limit = 4294967296 (custom)
2022-11-04 01:07:57,343 [pool-95-thread-1] INFO  server.RaftServerConfigKeys (ConfUtils.java:logGet(46)) - raft.server.log.queue.element-limit = 1024 (custom)
2022-11-04 01:07:57,343 [pool-95-thread-1] INFO  server.RaftServerConfigKeys (ConfUtils.java:logGet(46)) - raft.server.log.segment.size.max = 1048576 (custom)
2022-11-04 01:07:57,344 [pool-95-thread-1] INFO  server.RaftServerConfigKeys (ConfUtils.java:logGet(46)) - raft.server.log.preallocated.size = 16384 (custom)
2022-11-04 01:07:57,344 [pool-95-thread-1] INFO  server.RaftServerConfigKeys (ConfUtils.java:logGet(46)) - raft.server.log.force.sync.num = 128 (default)
2022-11-04 01:07:57,344 [pool-95-thread-1] INFO  server.RaftServerConfigKeys (ConfUtils.java:logGet(46)) - raft.server.log.statemachine.data.sync = true (default)
2022-11-04 01:07:57,344 [pool-95-thread-1] INFO  server.RaftServerConfigKeys (ConfUtils.java:logGet(46)) - raft.server.log.statemachine.data.sync.timeout = 10s (default)
2022-11-04 01:07:57,344 [pool-95-thread-1] INFO  server.RaftServerConfigKeys (ConfUtils.java:logGet(46)) - raft.server.log.statemachine.data.sync.timeout.retry = -1 (default)
2022-11-04 01:07:57,345 [pool-95-thread-1] INFO  server.RaftServerConfigKeys (ConfUtils.java:logGet(46)) - raft.server.log.write.buffer.size = 1048576 (custom)
2022-11-04 01:07:57,345 [pool-95-thread-1] INFO  server.RaftServerConfigKeys (ConfUtils.java:logGet(46)) - raft.server.log.unsafe-flush.enabled = false (default)
2022-11-04 01:07:57,345 [pool-95-thread-1] INFO  server.RaftServerConfigKeys (ConfUtils.java:logGet(46)) - raft.server.log.async-flush.enabled = false (default)
2022-11-04 01:07:57,345 [pool-95-thread-1] INFO  server.RaftServerConfigKeys (ConfUtils.java:logGet(46)) - raft.server.log.statemachine.data.caching.enabled = true (custom)
2022-11-04 01:07:57,345 [pool-95-thread-1] INFO  segmented.SegmentedRaftLogWorker (SegmentedRaftLogWorker.java:lambda$new$0(136)) - 9ad6c772-b583-49da-9dda-46d51a9db348@group-A48171208D74-SegmentedRaftLogWorker: flushIndex: setUnconditionally 0 -> -1
2022-11-04 01:07:57,345 [pool-95-thread-1] INFO  segmented.SegmentedRaftLogWorker (SegmentedRaftLogWorker.java:lambda$new$0(136)) - 9ad6c772-b583-49da-9dda-46d51a9db348@group-A48171208D74-SegmentedRaftLogWorker: safeCacheEvictIndex: setUnconditionally 0 -> -1
2022-11-04 01:07:57,362 [pool-95-thread-1] INFO  server.RaftServer$Division (RaftServerImpl.java:start(334)) - 9ad6c772-b583-49da-9dda-46d51a9db348@group-A48171208D74: start as a follower, conf=-1: peers:[9ad6c772-b583-49da-9dda-46d51a9db348|rpc:10.1.0.17:40437|priority:1|startupRole:FOLLOWER]|listeners:[], old=null
2022-11-04 01:07:57,362 [pool-95-thread-1] INFO  server.RaftServer$Division (RaftServerImpl.java:setRole(321)) - 9ad6c772-b583-49da-9dda-46d51a9db348@group-A48171208D74: changes role from      null to FOLLOWER at term 0 for startAsFollower
2022-11-04 01:07:57,362 [pool-95-thread-1] INFO  impl.RoleInfo (RoleInfo.java:updateAndGet(139)) - 9ad6c772-b583-49da-9dda-46d51a9db348: start 9ad6c772-b583-49da-9dda-46d51a9db348@group-A48171208D74-FollowerState
2022-11-04 01:07:57,365 [pool-95-thread-1] INFO  util.JmxRegister (JmxRegister.java:tryRegister(44)) - Successfully registered JMX Bean with object name Ratis:service=RaftServer,group=group-A48171208D74,id=9ad6c772-b583-49da-9dda-46d51a9db348
2022-11-04 01:07:57,366 [pool-95-thread-1] INFO  server.RaftServerConfigKeys (ConfUtils.java:logGet(46)) - raft.server.snapshot.auto.trigger.enabled = true (custom)
2022-11-04 01:07:57,366 [pool-95-thread-1] INFO  server.RaftServerConfigKeys (ConfUtils.java:logGet(46)) - raft.server.snapshot.auto.trigger.threshold = 10000 (custom)
2022-11-04 01:07:57,366 [pool-95-thread-1] INFO  server.RaftServerConfigKeys (ConfUtils.java:logGet(46)) - raft.server.snapshot.retention.file.num = 5 (custom)
2022-11-04 01:07:57,366 [pool-95-thread-1] INFO  server.RaftServerConfigKeys (ConfUtils.java:logGet(46)) - raft.server.log.purge.upto.snapshot.index = false (default)
2022-11-04 01:07:57,371 [Command processor thread] INFO  ratis.XceiverServerRatis (XceiverServerRatis.java:addGroup(765)) - Created group PipelineID=3fbb2606-43e1-41df-a43e-a48171208d74
2022-11-04 01:07:57,371 [Command processor thread] INFO  commandhandler.CreatePipelineCommandHandler (CreatePipelineCommandHandler.java:handle(113)) - Created Pipeline RATIS ONE PipelineID=3fbb2606-43e1-41df-a43e-a48171208d74.
2022-11-04 01:07:57,376 [Command processor thread] INFO  server.RaftServer (RaftServerProxy.java:addNew(96)) - 9ad6c772-b583-49da-9dda-46d51a9db348: addNew group-67D32E1FD950:[70253b25-82f0-4a7c-9412-29622705a2de|rpc:10.1.0.17:37713|priority:0|startupRole:FOLLOWER, 9ad6c772-b583-49da-9dda-46d51a9db348|rpc:10.1.0.17:40437|priority:0|startupRole:FOLLOWER, b5f0d7ba-78c4-4bfc-9c94-2fc11ccd4fbc|rpc:10.1.0.17:44613|priority:1|startupRole:FOLLOWER] returns group-67D32E1FD950:java.util.concurrent.CompletableFuture@7fc2958a[Not completed]
2022-11-04 01:07:57,376 [9ad6c772-b583-49da-9dda-46d51a9db348@group-A48171208D74-FollowerState] INFO  server.RaftServerConfigKeys (ConfUtils.java:logFallback(53)) - raft.server.rpc.first-election.timeout.min = 5s (fallback to raft.server.rpc.timeout.min)
2022-11-04 01:07:57,376 [9ad6c772-b583-49da-9dda-46d51a9db348@group-A48171208D74-FollowerState] INFO  server.RaftServerConfigKeys (ConfUtils.java:logFallback(53)) - raft.server.rpc.first-election.timeout.max = 5200ms (fallback to raft.server.rpc.timeout.max)
2022-11-04 01:07:57,377 [pool-95-thread-1] INFO  server.RaftServer$Division (RaftServerImpl.java:<init>(195)) - 9ad6c772-b583-49da-9dda-46d51a9db348: new RaftServerImpl for group-67D32E1FD950:[70253b25-82f0-4a7c-9412-29622705a2de|rpc:10.1.0.17:37713|priority:0|startupRole:FOLLOWER, 9ad6c772-b583-49da-9dda-46d51a9db348|rpc:10.1.0.17:40437|priority:0|startupRole:FOLLOWER, b5f0d7ba-78c4-4bfc-9c94-2fc11ccd4fbc|rpc:10.1.0.17:44613|priority:1|startupRole:FOLLOWER] with ContainerStateMachine:uninitialized
2022-11-04 01:07:57,377 [pool-95-thread-1] INFO  server.RaftServerConfigKeys (ConfUtils.java:logGet(46)) - raft.server.rpc.timeout.min = 5s (custom)
2022-11-04 01:07:57,377 [pool-95-thread-1] INFO  server.RaftServerConfigKeys (ConfUtils.java:logGet(46)) - raft.server.rpc.timeout.max = 5200ms (custom)
2022-11-04 01:07:57,377 [pool-95-thread-1] INFO  server.RaftServerConfigKeys (ConfUtils.java:logGet(46)) - raft.server.rpc.sleep.time = 25ms (default)
2022-11-04 01:07:57,377 [pool-95-thread-1] INFO  server.RaftServerConfigKeys (ConfUtils.java:logGet(46)) - raft.server.rpc.slowness.timeout = 300s (custom)
2022-11-04 01:07:57,377 [pool-95-thread-1] INFO  server.RaftServerConfigKeys (ConfUtils.java:logGet(46)) - raft.server.leaderelection.leader.step-down.wait-time = 10s (default)
2022-11-04 01:07:57,377 [pool-95-thread-1] INFO  server.RaftServerConfigKeys (ConfUtils.java:logGet(46)) - raft.server.sleep.deviation.threshold = 300ms (default)
2022-11-04 01:07:57,378 [pool-95-thread-1] INFO  server.RaftServer$Division (ServerState.java:<init>(118)) - 9ad6c772-b583-49da-9dda-46d51a9db348@group-67D32E1FD950: ConfigurationManager, init=-1: peers:[70253b25-82f0-4a7c-9412-29622705a2de|rpc:10.1.0.17:37713|priority:0|startupRole:FOLLOWER, 9ad6c772-b583-49da-9dda-46d51a9db348|rpc:10.1.0.17:40437|priority:0|startupRole:FOLLOWER, b5f0d7ba-78c4-4bfc-9c94-2fc11ccd4fbc|rpc:10.1.0.17:44613|priority:1|startupRole:FOLLOWER]|listeners:[], old=null, confs=<EMPTY_MAP>
2022-11-04 01:07:57,378 [pool-95-thread-1] INFO  server.RaftServerConfigKeys (ConfUtils.java:logGet(46)) - raft.server.storage.dir = [/home/runner/work/ozone/ozone/hadoop-ozone/integration-test/target/test-dir/MiniOzoneClusterImpl-e654cb93-8a46-4732-947e-f27e0a8f69eb/datanode-1/data/ratis] (custom)
2022-11-04 01:07:57,378 [pool-95-thread-1] INFO  server.RaftServerConfigKeys (ConfUtils.java:logGet(46)) - raft.server.log.corruption.policy = EXCEPTION (default)
2022-11-04 01:07:57,378 [pool-95-thread-1] INFO  server.RaftServerConfigKeys (ConfUtils.java:logGet(46)) - raft.server.storage.free-space.min = 0MB (=0) (default)
2022-11-04 01:07:57,378 [pool-95-thread-1] INFO  server.RaftServerConfigKeys (ConfUtils.java:logGet(46)) - raft.server.notification.no-leader.timeout = 300s (custom)
2022-11-04 01:07:57,378 [pool-95-thread-1] INFO  server.RaftServerConfigKeys (ConfUtils.java:logGet(46)) - raft.server.retrycache.expirytime = 600000ms (custom)
2022-11-04 01:07:57,378 [pool-95-thread-1] INFO  server.RaftServerConfigKeys (ConfUtils.java:logGet(46)) - raft.server.retrycache.statistics.expirytime = 100μs (default)
2022-11-04 01:07:57,379 [pool-95-thread-1] INFO  server.RaftServerConfigKeys (ConfUtils.java:logGet(46)) - raft.server.log.appender.install.snapshot.enabled = false (custom)
2022-11-04 01:07:57,379 [pool-95-thread-1] INFO  server.RaftServerConfigKeys (ConfUtils.java:logGet(46)) - raft.server.threadpool.server.cached = true (default)
2022-11-04 01:07:57,379 [pool-95-thread-1] INFO  server.RaftServerConfigKeys (ConfUtils.java:logGet(46)) - raft.server.threadpool.server.size = 0 (default)
2022-11-04 01:07:57,379 [pool-95-thread-1] INFO  server.RaftServerConfigKeys (ConfUtils.java:logGet(46)) - raft.server.threadpool.client.cached = true (default)
2022-11-04 01:07:57,380 [pool-95-thread-1] INFO  server.RaftServerConfigKeys (ConfUtils.java:logGet(46)) - raft.server.threadpool.client.size = 0 (default)
2022-11-04 01:07:57,380 [pool-95-thread-1] INFO  storage.RaftStorageDirectory (RaftStorageDirectoryImpl.java:analyzeStorage(137)) - The storage directory /home/runner/work/ozone/ozone/hadoop-ozone/integration-test/target/test-dir/MiniOzoneClusterImpl-e654cb93-8a46-4732-947e-f27e0a8f69eb/datanode-1/data/ratis/d7507172-1e8f-403b-90af-67d32e1fd950 does not exist. Creating ...
2022-11-04 01:07:57,381 [pool-95-thread-1] INFO  storage.RaftStorageDirectory (RaftStorageDirectoryImpl.java:tryLock(231)) - Lock on /home/runner/work/ozone/ozone/hadoop-ozone/integration-test/target/test-dir/MiniOzoneClusterImpl-e654cb93-8a46-4732-947e-f27e0a8f69eb/datanode-1/data/ratis/d7507172-1e8f-403b-90af-67d32e1fd950/in_use.lock acquired by nodename 14694@fv-az39-323
2022-11-04 01:07:57,382 [pool-95-thread-1] INFO  storage.RaftStorage (RaftStorageImpl.java:format(96)) - Storage directory /home/runner/work/ozone/ozone/hadoop-ozone/integration-test/target/test-dir/MiniOzoneClusterImpl-e654cb93-8a46-4732-947e-f27e0a8f69eb/datanode-1/data/ratis/d7507172-1e8f-403b-90af-67d32e1fd950 has been successfully formatted.
2022-11-04 01:07:57,382 [pool-95-thread-1] INFO  ratis.ContainerStateMachine (ContainerStateMachine.java:loadSnapshot(236)) - group-67D32E1FD950: The snapshot info is null. Setting the last applied indexto:(t:0, i:~)
2022-11-04 01:07:57,383 [pool-95-thread-1] INFO  server.RaftServerConfigKeys (ConfUtils.java:logGet(46)) - raft.server.log.use.memory = false (default)
2022-11-04 01:07:57,383 [pool-95-thread-1] INFO  server.RaftServerConfigKeys (ConfUtils.java:logGet(46)) - raft.server.log.purge.gap = 1000000 (custom)
2022-11-04 01:07:57,383 [pool-95-thread-1] INFO  server.RaftServerConfigKeys (ConfUtils.java:logGet(46)) - raft.server.log.appender.buffer.byte-limit = 33554432 (custom)
2022-11-04 01:07:57,383 [pool-95-thread-1] INFO  server.RaftServerConfigKeys (ConfUtils.java:logGet(46)) - raft.server.log.statemachine.data.read.timeout = 1000ms (default)
2022-11-04 01:07:57,383 [pool-95-thread-1] INFO  server.RaftServerConfigKeys (ConfUtils.java:logGet(46)) - raft.server.log.purge.preservation.log.num = 0 (default)
2022-11-04 01:07:57,383 [pool-95-thread-1] INFO  server.RaftServerConfigKeys (ConfUtils.java:logGet(46)) - raft.server.log.segment.size.max = 1048576 (custom)
2022-11-04 01:07:57,389 [pool-95-thread-1] INFO  server.RaftServerConfigKeys (ConfUtils.java:logGet(46)) - raft.server.log.segment.cache.num.max = 2 (custom)
2022-11-04 01:07:57,389 [pool-95-thread-1] INFO  server.RaftServerConfigKeys (ConfUtils.java:logGet(46)) - raft.server.log.segment.cache.size.max = 200MB (=209715200) (default)
2022-11-04 01:07:57,389 [pool-95-thread-1] INFO  segmented.SegmentedRaftLogWorker (SegmentedRaftLogWorker.java:<init>(191)) - new 9ad6c772-b583-49da-9dda-46d51a9db348@group-67D32E1FD950-SegmentedRaftLogWorker for RaftStorageImpl:Storage Directory /home/runner/work/ozone/ozone/hadoop-ozone/integration-test/target/test-dir/MiniOzoneClusterImpl-e654cb93-8a46-4732-947e-f27e0a8f69eb/datanode-1/data/ratis/d7507172-1e8f-403b-90af-67d32e1fd950
2022-11-04 01:07:57,389 [pool-95-thread-1] INFO  server.RaftServerConfigKeys (ConfUtils.java:logGet(46)) - raft.server.log.queue.byte-limit = 4294967296 (custom)
2022-11-04 01:07:57,389 [pool-95-thread-1] INFO  server.RaftServerConfigKeys (ConfUtils.java:logGet(46)) - raft.server.log.queue.element-limit = 1024 (custom)
2022-11-04 01:07:57,389 [pool-95-thread-1] INFO  server.RaftServerConfigKeys (ConfUtils.java:logGet(46)) - raft.server.log.segment.size.max = 1048576 (custom)
2022-11-04 01:07:57,389 [pool-95-thread-1] INFO  server.RaftServerConfigKeys (ConfUtils.java:logGet(46)) - raft.server.log.preallocated.size = 16384 (custom)
2022-11-04 01:07:57,389 [pool-95-thread-1] INFO  server.RaftServerConfigKeys (ConfUtils.java:logGet(46)) - raft.server.log.force.sync.num = 128 (default)
2022-11-04 01:07:57,389 [pool-95-thread-1] INFO  server.RaftServerConfigKeys (ConfUtils.java:logGet(46)) - raft.server.log.statemachine.data.sync = true (default)
2022-11-04 01:07:57,389 [pool-95-thread-1] INFO  server.RaftServerConfigKeys (ConfUtils.java:logGet(46)) - raft.server.log.statemachine.data.sync.timeout = 10s (default)
2022-11-04 01:07:57,389 [pool-95-thread-1] INFO  server.RaftServerConfigKeys (ConfUtils.java:logGet(46)) - raft.server.log.statemachine.data.sync.timeout.retry = -1 (default)
2022-11-04 01:07:57,390 [pool-95-thread-1] INFO  server.RaftServerConfigKeys (ConfUtils.java:logGet(46)) - raft.server.log.write.buffer.size = 1048576 (custom)
2022-11-04 01:07:57,390 [pool-95-thread-1] INFO  server.RaftServerConfigKeys (ConfUtils.java:logGet(46)) - raft.server.log.unsafe-flush.enabled = false (default)
2022-11-04 01:07:57,390 [pool-95-thread-1] INFO  server.RaftServerConfigKeys (ConfUtils.java:logGet(46)) - raft.server.log.async-flush.enabled = false (default)
2022-11-04 01:07:57,390 [pool-95-thread-1] INFO  server.RaftServerConfigKeys (ConfUtils.java:logGet(46)) - raft.server.log.statemachine.data.caching.enabled = true (custom)
2022-11-04 01:07:57,391 [pool-95-thread-1] INFO  segmented.SegmentedRaftLogWorker (SegmentedRaftLogWorker.java:lambda$new$0(136)) - 9ad6c772-b583-49da-9dda-46d51a9db348@group-67D32E1FD950-SegmentedRaftLogWorker: flushIndex: setUnconditionally 0 -> -1
2022-11-04 01:07:57,391 [pool-95-thread-1] INFO  segmented.SegmentedRaftLogWorker (SegmentedRaftLogWorker.java:lambda$new$0(136)) - 9ad6c772-b583-49da-9dda-46d51a9db348@group-67D32E1FD950-SegmentedRaftLogWorker: safeCacheEvictIndex: setUnconditionally 0 -> -1
2022-11-04 01:07:57,391 [EventQueue-OpenPipelineForHealthyPipelineSafeModeRule] INFO  safemode.SCMSafeModeManager (HealthyPipelineSafeModeRule.java:process(137)) - SCM in safe mode. Healthy pipelines reported count is 0, required healthy pipeline reported count is 1
2022-11-04 01:07:57,407 [pool-95-thread-1] INFO  server.RaftServer$Division (RaftServerImpl.java:start(334)) - 9ad6c772-b583-49da-9dda-46d51a9db348@group-67D32E1FD950: start as a follower, conf=-1: peers:[70253b25-82f0-4a7c-9412-29622705a2de|rpc:10.1.0.17:37713|priority:0|startupRole:FOLLOWER, 9ad6c772-b583-49da-9dda-46d51a9db348|rpc:10.1.0.17:40437|priority:0|startupRole:FOLLOWER, b5f0d7ba-78c4-4bfc-9c94-2fc11ccd4fbc|rpc:10.1.0.17:44613|priority:1|startupRole:FOLLOWER]|listeners:[], old=null
2022-11-04 01:07:57,415 [pool-95-thread-1] INFO  server.RaftServer$Division (RaftServerImpl.java:setRole(321)) - 9ad6c772-b583-49da-9dda-46d51a9db348@group-67D32E1FD950: changes role from      null to FOLLOWER at term 0 for startAsFollower
2022-11-04 01:07:57,415 [pool-95-thread-1] INFO  impl.RoleInfo (RoleInfo.java:updateAndGet(139)) - 9ad6c772-b583-49da-9dda-46d51a9db348: start 9ad6c772-b583-49da-9dda-46d51a9db348@group-67D32E1FD950-FollowerState
2022-11-04 01:07:57,427 [pool-95-thread-1] INFO  util.JmxRegister (JmxRegister.java:tryRegister(44)) - Successfully registered JMX Bean with object name Ratis:service=RaftServer,group=group-67D32E1FD950,id=9ad6c772-b583-49da-9dda-46d51a9db348
2022-11-04 01:07:57,427 [pool-95-thread-1] INFO  server.RaftServerConfigKeys (ConfUtils.java:logGet(46)) - raft.server.snapshot.auto.trigger.enabled = true (custom)
2022-11-04 01:07:57,427 [pool-95-thread-1] INFO  server.RaftServerConfigKeys (ConfUtils.java:logGet(46)) - raft.server.snapshot.auto.trigger.threshold = 10000 (custom)
2022-11-04 01:07:57,427 [pool-95-thread-1] INFO  server.RaftServerConfigKeys (ConfUtils.java:logGet(46)) - raft.server.snapshot.retention.file.num = 5 (custom)
2022-11-04 01:07:57,428 [pool-95-thread-1] INFO  server.RaftServerConfigKeys (ConfUtils.java:logGet(46)) - raft.server.log.purge.upto.snapshot.index = false (default)
2022-11-04 01:07:57,428 [9ad6c772-b583-49da-9dda-46d51a9db348@group-67D32E1FD950-FollowerState] INFO  server.RaftServerConfigKeys (ConfUtils.java:logFallback(53)) - raft.server.rpc.first-election.timeout.min = 5s (fallback to raft.server.rpc.timeout.min)
2022-11-04 01:07:57,428 [9ad6c772-b583-49da-9dda-46d51a9db348@group-67D32E1FD950-FollowerState] INFO  server.RaftServerConfigKeys (ConfUtils.java:logFallback(53)) - raft.server.rpc.first-election.timeout.max = 5200ms (fallback to raft.server.rpc.timeout.max)
2022-11-04 01:07:57,429 [Command processor thread] INFO  ratis.XceiverServerRatis (XceiverServerRatis.java:addGroup(765)) - Created group PipelineID=d7507172-1e8f-403b-90af-67d32e1fd950
2022-11-04 01:07:57,564 [grpc-default-executor-0] INFO  server.RaftServer (RaftServerProxy.java:addNew(96)) - 70253b25-82f0-4a7c-9412-29622705a2de: addNew group-67D32E1FD950:[70253b25-82f0-4a7c-9412-29622705a2de|rpc:10.1.0.17:37713|dataStream:|priority:0|startupRole:FOLLOWER, 9ad6c772-b583-49da-9dda-46d51a9db348|rpc:10.1.0.17:40437|dataStream:|priority:0|startupRole:FOLLOWER, b5f0d7ba-78c4-4bfc-9c94-2fc11ccd4fbc|rpc:10.1.0.17:44613|dataStream:|priority:1|startupRole:FOLLOWER] returns group-67D32E1FD950:java.util.concurrent.CompletableFuture@4bdb9103[Not completed]
2022-11-04 01:07:57,567 [pool-118-thread-1] INFO  server.RaftServer$Division (RaftServerImpl.java:<init>(195)) - 70253b25-82f0-4a7c-9412-29622705a2de: new RaftServerImpl for group-67D32E1FD950:[70253b25-82f0-4a7c-9412-29622705a2de|rpc:10.1.0.17:37713|dataStream:|priority:0|startupRole:FOLLOWER, 9ad6c772-b583-49da-9dda-46d51a9db348|rpc:10.1.0.17:40437|dataStream:|priority:0|startupRole:FOLLOWER, b5f0d7ba-78c4-4bfc-9c94-2fc11ccd4fbc|rpc:10.1.0.17:44613|dataStream:|priority:1|startupRole:FOLLOWER] with ContainerStateMachine:uninitialized
2022-11-04 01:07:57,567 [pool-118-thread-1] INFO  server.RaftServerConfigKeys (ConfUtils.java:logGet(46)) - raft.server.rpc.timeout.min = 5s (custom)
2022-11-04 01:07:57,567 [pool-118-thread-1] INFO  server.RaftServerConfigKeys (ConfUtils.java:logGet(46)) - raft.server.rpc.timeout.max = 5200ms (custom)
2022-11-04 01:07:57,567 [pool-118-thread-1] INFO  server.RaftServerConfigKeys (ConfUtils.java:logGet(46)) - raft.server.rpc.sleep.time = 25ms (default)
2022-11-04 01:07:57,568 [pool-118-thread-1] INFO  server.RaftServerConfigKeys (ConfUtils.java:logGet(46)) - raft.server.rpc.slowness.timeout = 300s (custom)
2022-11-04 01:07:57,568 [pool-118-thread-1] INFO  server.RaftServerConfigKeys (ConfUtils.java:logGet(46)) - raft.server.leaderelection.leader.step-down.wait-time = 10s (default)
2022-11-04 01:07:57,568 [pool-118-thread-1] INFO  server.RaftServerConfigKeys (ConfUtils.java:logGet(46)) - raft.server.sleep.deviation.threshold = 300ms (default)
2022-11-04 01:07:57,568 [pool-118-thread-1] INFO  server.RaftServer$Division (ServerState.java:<init>(118)) - 70253b25-82f0-4a7c-9412-29622705a2de@group-67D32E1FD950: ConfigurationManager, init=-1: peers:[70253b25-82f0-4a7c-9412-29622705a2de|rpc:10.1.0.17:37713|dataStream:|priority:0|startupRole:FOLLOWER, 9ad6c772-b583-49da-9dda-46d51a9db348|rpc:10.1.0.17:40437|dataStream:|priority:0|startupRole:FOLLOWER, b5f0d7ba-78c4-4bfc-9c94-2fc11ccd4fbc|rpc:10.1.0.17:44613|dataStream:|priority:1|startupRole:FOLLOWER]|listeners:[], old=null, confs=<EMPTY_MAP>
2022-11-04 01:07:57,568 [pool-118-thread-1] INFO  server.RaftServerConfigKeys (ConfUtils.java:logGet(46)) - raft.server.storage.dir = [/home/runner/work/ozone/ozone/hadoop-ozone/integration-test/target/test-dir/MiniOzoneClusterImpl-e654cb93-8a46-4732-947e-f27e0a8f69eb/datanode-2/data/ratis] (custom)
2022-11-04 01:07:57,568 [pool-118-thread-1] INFO  server.RaftServerConfigKeys (ConfUtils.java:logGet(46)) - raft.server.log.corruption.policy = EXCEPTION (default)
2022-11-04 01:07:57,568 [pool-118-thread-1] INFO  server.RaftServerConfigKeys (ConfUtils.java:logGet(46)) - raft.server.storage.free-space.min = 0MB (=0) (default)
2022-11-04 01:07:57,568 [pool-118-thread-1] INFO  server.RaftServerConfigKeys (ConfUtils.java:logGet(46)) - raft.server.notification.no-leader.timeout = 300s (custom)
2022-11-04 01:07:57,568 [pool-118-thread-1] INFO  server.RaftServerConfigKeys (ConfUtils.java:logGet(46)) - raft.server.retrycache.expirytime = 600000ms (custom)
2022-11-04 01:07:57,568 [pool-118-thread-1] INFO  server.RaftServerConfigKeys (ConfUtils.java:logGet(46)) - raft.server.retrycache.statistics.expirytime = 100μs (default)
2022-11-04 01:07:57,570 [pool-118-thread-1] INFO  server.RaftServerConfigKeys (ConfUtils.java:logGet(46)) - raft.server.log.appender.install.snapshot.enabled = false (custom)
2022-11-04 01:07:57,570 [pool-118-thread-1] INFO  server.RaftServerConfigKeys (ConfUtils.java:logGet(46)) - raft.server.threadpool.server.cached = true (default)
2022-11-04 01:07:57,570 [pool-118-thread-1] INFO  server.RaftServerConfigKeys (ConfUtils.java:logGet(46)) - raft.server.threadpool.server.size = 0 (default)
2022-11-04 01:07:57,570 [pool-118-thread-1] INFO  server.RaftServerConfigKeys (ConfUtils.java:logGet(46)) - raft.server.threadpool.client.cached = true (default)
2022-11-04 01:07:57,570 [pool-118-thread-1] INFO  server.RaftServerConfigKeys (ConfUtils.java:logGet(46)) - raft.server.threadpool.client.size = 0 (default)
2022-11-04 01:07:57,570 [pool-118-thread-1] INFO  storage.RaftStorageDirectory (RaftStorageDirectoryImpl.java:analyzeStorage(137)) - The storage directory /home/runner/work/ozone/ozone/hadoop-ozone/integration-test/target/test-dir/MiniOzoneClusterImpl-e654cb93-8a46-4732-947e-f27e0a8f69eb/datanode-2/data/ratis/d7507172-1e8f-403b-90af-67d32e1fd950 does not exist. Creating ...
2022-11-04 01:07:57,572 [pool-118-thread-1] INFO  storage.RaftStorageDirectory (RaftStorageDirectoryImpl.java:tryLock(231)) - Lock on /home/runner/work/ozone/ozone/hadoop-ozone/integration-test/target/test-dir/MiniOzoneClusterImpl-e654cb93-8a46-4732-947e-f27e0a8f69eb/datanode-2/data/ratis/d7507172-1e8f-403b-90af-67d32e1fd950/in_use.lock acquired by nodename 14694@fv-az39-323
2022-11-04 01:07:57,573 [pool-118-thread-1] INFO  storage.RaftStorage (RaftStorageImpl.java:format(96)) - Storage directory /home/runner/work/ozone/ozone/hadoop-ozone/integration-test/target/test-dir/MiniOzoneClusterImpl-e654cb93-8a46-4732-947e-f27e0a8f69eb/datanode-2/data/ratis/d7507172-1e8f-403b-90af-67d32e1fd950 has been successfully formatted.
2022-11-04 01:07:57,574 [pool-118-thread-1] INFO  ratis.ContainerStateMachine (ContainerStateMachine.java:loadSnapshot(236)) - group-67D32E1FD950: The snapshot info is null. Setting the last applied indexto:(t:0, i:~)
2022-11-04 01:07:57,575 [pool-118-thread-1] INFO  server.RaftServerConfigKeys (ConfUtils.java:logGet(46)) - raft.server.log.use.memory = false (default)
2022-11-04 01:07:57,575 [pool-118-thread-1] INFO  server.RaftServerConfigKeys (ConfUtils.java:logGet(46)) - raft.server.log.purge.gap = 1000000 (custom)
2022-11-04 01:07:57,575 [pool-118-thread-1] INFO  server.RaftServerConfigKeys (ConfUtils.java:logGet(46)) - raft.server.log.appender.buffer.byte-limit = 33554432 (custom)
2022-11-04 01:07:57,575 [pool-118-thread-1] INFO  server.RaftServerConfigKeys (ConfUtils.java:logGet(46)) - raft.server.log.statemachine.data.read.timeout = 1000ms (default)
2022-11-04 01:07:57,575 [pool-118-thread-1] INFO  server.RaftServerConfigKeys (ConfUtils.java:logGet(46)) - raft.server.log.purge.preservation.log.num = 0 (default)
2022-11-04 01:07:57,581 [Command processor thread] INFO  commandhandler.CreatePipelineCommandHandler (CreatePipelineCommandHandler.java:handle(113)) - Created Pipeline RATIS THREE PipelineID=d7507172-1e8f-403b-90af-67d32e1fd950.
2022-11-04 01:07:57,582 [Command processor thread] INFO  server.RaftServer (RaftServerProxy.java:addNew(96)) - 9ad6c772-b583-49da-9dda-46d51a9db348: addNew group-4FF2CDC8C389:[70253b25-82f0-4a7c-9412-29622705a2de|rpc:10.1.0.17:37713|priority:1|startupRole:FOLLOWER, 9ad6c772-b583-49da-9dda-46d51a9db348|rpc:10.1.0.17:40437|priority:0|startupRole:FOLLOWER, b5f0d7ba-78c4-4bfc-9c94-2fc11ccd4fbc|rpc:10.1.0.17:44613|priority:0|startupRole:FOLLOWER] returns group-4FF2CDC8C389:java.util.concurrent.CompletableFuture@77d6d8e3[Not completed]
2022-11-04 01:07:57,583 [pool-95-thread-1] INFO  server.RaftServer$Division (RaftServerImpl.java:<init>(195)) - 9ad6c772-b583-49da-9dda-46d51a9db348: new RaftServerImpl for group-4FF2CDC8C389:[70253b25-82f0-4a7c-9412-29622705a2de|rpc:10.1.0.17:37713|priority:1|startupRole:FOLLOWER, 9ad6c772-b583-49da-9dda-46d51a9db348|rpc:10.1.0.17:40437|priority:0|startupRole:FOLLOWER, b5f0d7ba-78c4-4bfc-9c94-2fc11ccd4fbc|rpc:10.1.0.17:44613|priority:0|startupRole:FOLLOWER] with ContainerStateMachine:uninitialized
2022-11-04 01:07:57,583 [pool-95-thread-1] INFO  server.RaftServerConfigKeys (ConfUtils.java:logGet(46)) - raft.server.rpc.timeout.min = 5s (custom)
2022-11-04 01:07:57,583 [pool-95-thread-1] INFO  server.RaftServerConfigKeys (ConfUtils.java:logGet(46)) - raft.server.rpc.timeout.max = 5200ms (custom)
2022-11-04 01:07:57,583 [pool-95-thread-1] INFO  server.RaftServerConfigKeys (ConfUtils.java:logGet(46)) - raft.server.rpc.sleep.time = 25ms (default)
2022-11-04 01:07:57,583 [pool-95-thread-1] INFO  server.RaftServerConfigKeys (ConfUtils.java:logGet(46)) - raft.server.rpc.slowness.timeout = 300s (custom)
2022-11-04 01:07:57,583 [pool-95-thread-1] INFO  server.RaftServerConfigKeys (ConfUtils.java:logGet(46)) - raft.server.leaderelection.leader.step-down.wait-time = 10s (default)
2022-11-04 01:07:57,583 [pool-95-thread-1] INFO  server.RaftServerConfigKeys (ConfUtils.java:logGet(46)) - raft.server.sleep.deviation.threshold = 300ms (default)
2022-11-04 01:07:57,583 [pool-95-thread-1] INFO  server.RaftServer$Division (ServerState.java:<init>(118)) - 9ad6c772-b583-49da-9dda-46d51a9db348@group-4FF2CDC8C389: ConfigurationManager, init=-1: peers:[70253b25-82f0-4a7c-9412-29622705a2de|rpc:10.1.0.17:37713|priority:1|startupRole:FOLLOWER, 9ad6c772-b583-49da-9dda-46d51a9db348|rpc:10.1.0.17:40437|priority:0|startupRole:FOLLOWER, b5f0d7ba-78c4-4bfc-9c94-2fc11ccd4fbc|rpc:10.1.0.17:44613|priority:0|startupRole:FOLLOWER]|listeners:[], old=null, confs=<EMPTY_MAP>
2022-11-04 01:07:57,583 [pool-95-thread-1] INFO  server.RaftServerConfigKeys (ConfUtils.java:logGet(46)) - raft.server.storage.dir = [/home/runner/work/ozone/ozone/hadoop-ozone/integration-test/target/test-dir/MiniOzoneClusterImpl-e654cb93-8a46-4732-947e-f27e0a8f69eb/datanode-1/data/ratis] (custom)
2022-11-04 01:07:57,584 [pool-95-thread-1] INFO  server.RaftServerConfigKeys (ConfUtils.java:logGet(46)) - raft.server.log.corruption.policy = EXCEPTION (default)
2022-11-04 01:07:57,584 [pool-95-thread-1] INFO  server.RaftServerConfigKeys (ConfUtils.java:logGet(46)) - raft.server.storage.free-space.min = 0MB (=0) (default)
2022-11-04 01:07:57,584 [pool-95-thread-1] INFO  server.RaftServerConfigKeys (ConfUtils.java:logGet(46)) - raft.server.notification.no-leader.timeout = 300s (custom)
2022-11-04 01:07:57,584 [pool-95-thread-1] INFO  server.RaftServerConfigKeys (ConfUtils.java:logGet(46)) - raft.server.retrycache.expirytime = 600000ms (custom)
2022-11-04 01:07:57,584 [pool-95-thread-1] INFO  server.RaftServerConfigKeys (ConfUtils.java:logGet(46)) - raft.server.retrycache.statistics.expirytime = 100μs (default)
2022-11-04 01:07:57,585 [pool-95-thread-1] INFO  server.RaftServerConfigKeys (ConfUtils.java:logGet(46)) - raft.server.log.appender.install.snapshot.enabled = false (custom)
2022-11-04 01:07:57,585 [pool-95-thread-1] INFO  server.RaftServerConfigKeys (ConfUtils.java:logGet(46)) - raft.server.threadpool.server.cached = true (default)
2022-11-04 01:07:57,585 [pool-95-thread-1] INFO  server.RaftServerConfigKeys (ConfUtils.java:logGet(46)) - raft.server.threadpool.server.size = 0 (default)
2022-11-04 01:07:57,585 [pool-95-thread-1] INFO  server.RaftServerConfigKeys (ConfUtils.java:logGet(46)) - raft.server.threadpool.client.cached = true (default)
2022-11-04 01:07:57,585 [pool-95-thread-1] INFO  server.RaftServerConfigKeys (ConfUtils.java:logGet(46)) - raft.server.threadpool.client.size = 0 (default)
2022-11-04 01:07:57,585 [pool-95-thread-1] INFO  storage.RaftStorageDirectory (RaftStorageDirectoryImpl.java:analyzeStorage(137)) - The storage directory /home/runner/work/ozone/ozone/hadoop-ozone/integration-test/target/test-dir/MiniOzoneClusterImpl-e654cb93-8a46-4732-947e-f27e0a8f69eb/datanode-1/data/ratis/5564602d-0fd9-41f1-8725-4ff2cdc8c389 does not exist. Creating ...
2022-11-04 01:07:57,586 [pool-118-thread-1] INFO  server.RaftServerConfigKeys (ConfUtils.java:logGet(46)) - raft.server.log.segment.size.max = 1048576 (custom)
2022-11-04 01:07:57,587 [pool-118-thread-1] INFO  server.RaftServerConfigKeys (ConfUtils.java:logGet(46)) - raft.server.log.segment.cache.num.max = 2 (custom)
2022-11-04 01:07:57,587 [pool-118-thread-1] INFO  server.RaftServerConfigKeys (ConfUtils.java:logGet(46)) - raft.server.log.segment.cache.size.max = 200MB (=209715200) (default)
2022-11-04 01:07:57,587 [pool-118-thread-1] INFO  segmented.SegmentedRaftLogWorker (SegmentedRaftLogWorker.java:<init>(191)) - new 70253b25-82f0-4a7c-9412-29622705a2de@group-67D32E1FD950-SegmentedRaftLogWorker for RaftStorageImpl:Storage Directory /home/runner/work/ozone/ozone/hadoop-ozone/integration-test/target/test-dir/MiniOzoneClusterImpl-e654cb93-8a46-4732-947e-f27e0a8f69eb/datanode-2/data/ratis/d7507172-1e8f-403b-90af-67d32e1fd950
2022-11-04 01:07:57,587 [pool-118-thread-1] INFO  server.RaftServerConfigKeys (ConfUtils.java:logGet(46)) - raft.server.log.queue.byte-limit = 4294967296 (custom)
2022-11-04 01:07:57,587 [pool-118-thread-1] INFO  server.RaftServerConfigKeys (ConfUtils.java:logGet(46)) - raft.server.log.queue.element-limit = 1024 (custom)
2022-11-04 01:07:57,587 [pool-118-thread-1] INFO  server.RaftServerConfigKeys (ConfUtils.java:logGet(46)) - raft.server.log.segment.size.max = 1048576 (custom)
2022-11-04 01:07:57,587 [pool-118-thread-1] INFO  server.RaftServerConfigKeys (ConfUtils.java:logGet(46)) - raft.server.log.preallocated.size = 16384 (custom)
2022-11-04 01:07:57,587 [pool-118-thread-1] INFO  server.RaftServerConfigKeys (ConfUtils.java:logGet(46)) - raft.server.log.force.sync.num = 128 (default)
2022-11-04 01:07:57,587 [pool-118-thread-1] INFO  server.RaftServerConfigKeys (ConfUtils.java:logGet(46)) - raft.server.log.statemachine.data.sync = true (default)
2022-11-04 01:07:57,587 [pool-118-thread-1] INFO  server.RaftServerConfigKeys (ConfUtils.java:logGet(46)) - raft.server.log.statemachine.data.sync.timeout = 10s (default)
2022-11-04 01:07:57,587 [pool-118-thread-1] INFO  server.RaftServerConfigKeys (ConfUtils.java:logGet(46)) - raft.server.log.statemachine.data.sync.timeout.retry = -1 (default)
2022-11-04 01:07:57,587 [pool-95-thread-1] INFO  storage.RaftStorageDirectory (RaftStorageDirectoryImpl.java:tryLock(231)) - Lock on /home/runner/work/ozone/ozone/hadoop-ozone/integration-test/target/test-dir/MiniOzoneClusterImpl-e654cb93-8a46-4732-947e-f27e0a8f69eb/datanode-1/data/ratis/5564602d-0fd9-41f1-8725-4ff2cdc8c389/in_use.lock acquired by nodename 14694@fv-az39-323
2022-11-04 01:07:57,588 [pool-95-thread-1] INFO  storage.RaftStorage (RaftStorageImpl.java:format(96)) - Storage directory /home/runner/work/ozone/ozone/hadoop-ozone/integration-test/target/test-dir/MiniOzoneClusterImpl-e654cb93-8a46-4732-947e-f27e0a8f69eb/datanode-1/data/ratis/5564602d-0fd9-41f1-8725-4ff2cdc8c389 has been successfully formatted.
2022-11-04 01:07:57,590 [pool-95-thread-1] INFO  ratis.ContainerStateMachine (ContainerStateMachine.java:loadSnapshot(236)) - group-4FF2CDC8C389: The snapshot info is null. Setting the last applied indexto:(t:0, i:~)
2022-11-04 01:07:57,591 [pool-95-thread-1] INFO  server.RaftServerConfigKeys (ConfUtils.java:logGet(46)) - raft.server.log.use.memory = false (default)
2022-11-04 01:07:57,591 [pool-95-thread-1] INFO  server.RaftServerConfigKeys (ConfUtils.java:logGet(46)) - raft.server.log.purge.gap = 1000000 (custom)
2022-11-04 01:07:57,591 [pool-95-thread-1] INFO  server.RaftServerConfigKeys (ConfUtils.java:logGet(46)) - raft.server.log.appender.buffer.byte-limit = 33554432 (custom)
2022-11-04 01:07:57,591 [EventQueue-OpenPipelineForHealthyPipelineSafeModeRule] INFO  safemode.SCMSafeModeManager (HealthyPipelineSafeModeRule.java:process(137)) - SCM in safe mode. Healthy pipelines reported count is 0, required healthy pipeline reported count is 1
2022-11-04 01:07:57,591 [pool-118-thread-1] INFO  server.RaftServerConfigKeys (ConfUtils.java:logGet(46)) - raft.server.log.write.buffer.size = 1048576 (custom)
2022-11-04 01:07:57,591 [pool-95-thread-1] INFO  server.RaftServerConfigKeys (ConfUtils.java:logGet(46)) - raft.server.log.statemachine.data.read.timeout = 1000ms (default)
2022-11-04 01:07:57,592 [pool-95-thread-1] INFO  server.RaftServerConfigKeys (ConfUtils.java:logGet(46)) - raft.server.log.purge.preservation.log.num = 0 (default)
2022-11-04 01:07:57,592 [pool-118-thread-1] INFO  server.RaftServerConfigKeys (ConfUtils.java:logGet(46)) - raft.server.log.unsafe-flush.enabled = false (default)
2022-11-04 01:07:57,592 [pool-118-thread-1] INFO  server.RaftServerConfigKeys (ConfUtils.java:logGet(46)) - raft.server.log.async-flush.enabled = false (default)
2022-11-04 01:07:57,592 [pool-118-thread-1] INFO  server.RaftServerConfigKeys (ConfUtils.java:logGet(46)) - raft.server.log.statemachine.data.caching.enabled = true (custom)
2022-11-04 01:07:57,592 [pool-95-thread-1] INFO  server.RaftServerConfigKeys (ConfUtils.java:logGet(46)) - raft.server.log.segment.size.max = 1048576 (custom)
2022-11-04 01:07:57,592 [pool-118-thread-1] INFO  segmented.SegmentedRaftLogWorker (SegmentedRaftLogWorker.java:lambda$new$0(136)) - 70253b25-82f0-4a7c-9412-29622705a2de@group-67D32E1FD950-SegmentedRaftLogWorker: flushIndex: setUnconditionally 0 -> -1
2022-11-04 01:07:57,592 [pool-118-thread-1] INFO  segmented.SegmentedRaftLogWorker (SegmentedRaftLogWorker.java:lambda$new$0(136)) - 70253b25-82f0-4a7c-9412-29622705a2de@group-67D32E1FD950-SegmentedRaftLogWorker: safeCacheEvictIndex: setUnconditionally 0 -> -1
2022-11-04 01:07:57,593 [pool-118-thread-1] INFO  server.RaftServer$Division (RaftServerImpl.java:start(334)) - 70253b25-82f0-4a7c-9412-29622705a2de@group-67D32E1FD950: start as a follower, conf=-1: peers:[70253b25-82f0-4a7c-9412-29622705a2de|rpc:10.1.0.17:37713|dataStream:|priority:0|startupRole:FOLLOWER, 9ad6c772-b583-49da-9dda-46d51a9db348|rpc:10.1.0.17:40437|dataStream:|priority:0|startupRole:FOLLOWER, b5f0d7ba-78c4-4bfc-9c94-2fc11ccd4fbc|rpc:10.1.0.17:44613|dataStream:|priority:1|startupRole:FOLLOWER]|listeners:[], old=null
2022-11-04 01:07:57,593 [pool-118-thread-1] INFO  server.RaftServer$Division (RaftServerImpl.java:setRole(321)) - 70253b25-82f0-4a7c-9412-29622705a2de@group-67D32E1FD950: changes role from      null to FOLLOWER at term 0 for startAsFollower
2022-11-04 01:07:57,593 [pool-95-thread-1] INFO  server.RaftServerConfigKeys (ConfUtils.java:logGet(46)) - raft.server.log.segment.cache.num.max = 2 (custom)
2022-11-04 01:07:57,593 [pool-118-thread-1] INFO  impl.RoleInfo (RoleInfo.java:updateAndGet(139)) - 70253b25-82f0-4a7c-9412-29622705a2de: start 70253b25-82f0-4a7c-9412-29622705a2de@group-67D32E1FD950-FollowerState
2022-11-04 01:07:57,598 [pool-95-thread-1] INFO  server.RaftServerConfigKeys (ConfUtils.java:logGet(46)) - raft.server.log.segment.cache.size.max = 200MB (=209715200) (default)
2022-11-04 01:07:57,598 [pool-95-thread-1] INFO  segmented.SegmentedRaftLogWorker (SegmentedRaftLogWorker.java:<init>(191)) - new 9ad6c772-b583-49da-9dda-46d51a9db348@group-4FF2CDC8C389-SegmentedRaftLogWorker for RaftStorageImpl:Storage Directory /home/runner/work/ozone/ozone/hadoop-ozone/integration-test/target/test-dir/MiniOzoneClusterImpl-e654cb93-8a46-4732-947e-f27e0a8f69eb/datanode-1/data/ratis/5564602d-0fd9-41f1-8725-4ff2cdc8c389
2022-11-04 01:07:57,598 [pool-95-thread-1] INFO  server.RaftServerConfigKeys (ConfUtils.java:logGet(46)) - raft.server.log.queue.byte-limit = 4294967296 (custom)
2022-11-04 01:07:57,598 [pool-95-thread-1] INFO  server.RaftServerConfigKeys (ConfUtils.java:logGet(46)) - raft.server.log.queue.element-limit = 1024 (custom)
2022-11-04 01:07:57,598 [pool-118-thread-1] INFO  util.JmxRegister (JmxRegister.java:tryRegister(44)) - Successfully registered JMX Bean with object name Ratis:service=RaftServer,group=group-67D32E1FD950,id=70253b25-82f0-4a7c-9412-29622705a2de
2022-11-04 01:07:57,598 [pool-118-thread-1] INFO  server.RaftServerConfigKeys (ConfUtils.java:logGet(46)) - raft.server.snapshot.auto.trigger.enabled = true (custom)
2022-11-04 01:07:57,598 [pool-118-thread-1] INFO  server.RaftServerConfigKeys (ConfUtils.java:logGet(46)) - raft.server.snapshot.auto.trigger.threshold = 10000 (custom)
2022-11-04 01:07:57,598 [pool-118-thread-1] INFO  server.RaftServerConfigKeys (ConfUtils.java:logGet(46)) - raft.server.snapshot.retention.file.num = 5 (custom)
2022-11-04 01:07:57,598 [pool-118-thread-1] INFO  server.RaftServerConfigKeys (ConfUtils.java:logGet(46)) - raft.server.log.purge.upto.snapshot.index = false (default)
2022-11-04 01:07:57,599 [70253b25-82f0-4a7c-9412-29622705a2de@group-67D32E1FD950-FollowerState] INFO  server.RaftServerConfigKeys (ConfUtils.java:logFallback(53)) - raft.server.rpc.first-election.timeout.min = 5s (fallback to raft.server.rpc.timeout.min)
2022-11-04 01:07:57,599 [70253b25-82f0-4a7c-9412-29622705a2de@group-67D32E1FD950-FollowerState] INFO  server.RaftServerConfigKeys (ConfUtils.java:logFallback(53)) - raft.server.rpc.first-election.timeout.max = 5200ms (fallback to raft.server.rpc.timeout.max)
2022-11-04 01:07:57,598 [pool-95-thread-1] INFO  server.RaftServerConfigKeys (ConfUtils.java:logGet(46)) - raft.server.log.segment.size.max = 1048576 (custom)
2022-11-04 01:07:57,603 [pool-95-thread-1] INFO  server.RaftServerConfigKeys (ConfUtils.java:logGet(46)) - raft.server.log.preallocated.size = 16384 (custom)
2022-11-04 01:07:57,603 [pool-95-thread-1] INFO  server.RaftServerConfigKeys (ConfUtils.java:logGet(46)) - raft.server.log.force.sync.num = 128 (default)
2022-11-04 01:07:57,604 [pool-95-thread-1] INFO  server.RaftServerConfigKeys (ConfUtils.java:logGet(46)) - raft.server.log.statemachine.data.sync = true (default)
2022-11-04 01:07:57,604 [pool-95-thread-1] INFO  server.RaftServerConfigKeys (ConfUtils.java:logGet(46)) - raft.server.log.statemachine.data.sync.timeout = 10s (default)
2022-11-04 01:07:57,604 [pool-95-thread-1] INFO  server.RaftServerConfigKeys (ConfUtils.java:logGet(46)) - raft.server.log.statemachine.data.sync.timeout.retry = -1 (default)
2022-11-04 01:07:57,607 [pool-95-thread-1] INFO  server.RaftServerConfigKeys (ConfUtils.java:logGet(46)) - raft.server.log.write.buffer.size = 1048576 (custom)
2022-11-04 01:07:57,607 [pool-95-thread-1] INFO  server.RaftServerConfigKeys (ConfUtils.java:logGet(46)) - raft.server.log.unsafe-flush.enabled = false (default)
2022-11-04 01:07:57,607 [pool-95-thread-1] INFO  server.RaftServerConfigKeys (ConfUtils.java:logGet(46)) - raft.server.log.async-flush.enabled = false (default)
2022-11-04 01:07:57,608 [pool-95-thread-1] INFO  server.RaftServerConfigKeys (ConfUtils.java:logGet(46)) - raft.server.log.statemachine.data.caching.enabled = true (custom)
2022-11-04 01:07:57,608 [pool-95-thread-1] INFO  segmented.SegmentedRaftLogWorker (SegmentedRaftLogWorker.java:lambda$new$0(136)) - 9ad6c772-b583-49da-9dda-46d51a9db348@group-4FF2CDC8C389-SegmentedRaftLogWorker: flushIndex: setUnconditionally 0 -> -1
2022-11-04 01:07:57,608 [pool-95-thread-1] INFO  segmented.SegmentedRaftLogWorker (SegmentedRaftLogWorker.java:lambda$new$0(136)) - 9ad6c772-b583-49da-9dda-46d51a9db348@group-4FF2CDC8C389-SegmentedRaftLogWorker: safeCacheEvictIndex: setUnconditionally 0 -> -1
2022-11-04 01:07:57,613 [pool-95-thread-1] INFO  server.RaftServer$Division (RaftServerImpl.java:start(334)) - 9ad6c772-b583-49da-9dda-46d51a9db348@group-4FF2CDC8C389: start as a follower, conf=-1: peers:[70253b25-82f0-4a7c-9412-29622705a2de|rpc:10.1.0.17:37713|priority:1|startupRole:FOLLOWER, 9ad6c772-b583-49da-9dda-46d51a9db348|rpc:10.1.0.17:40437|priority:0|startupRole:FOLLOWER, b5f0d7ba-78c4-4bfc-9c94-2fc11ccd4fbc|rpc:10.1.0.17:44613|priority:0|startupRole:FOLLOWER]|listeners:[], old=null
2022-11-04 01:07:57,613 [pool-95-thread-1] INFO  server.RaftServer$Division (RaftServerImpl.java:setRole(321)) - 9ad6c772-b583-49da-9dda-46d51a9db348@group-4FF2CDC8C389: changes role from      null to FOLLOWER at term 0 for startAsFollower
2022-11-04 01:07:57,613 [pool-95-thread-1] INFO  impl.RoleInfo (RoleInfo.java:updateAndGet(139)) - 9ad6c772-b583-49da-9dda-46d51a9db348: start 9ad6c772-b583-49da-9dda-46d51a9db348@group-4FF2CDC8C389-FollowerState
2022-11-04 01:07:57,613 [pool-95-thread-1] INFO  util.JmxRegister (JmxRegister.java:tryRegister(44)) - Successfully registered JMX Bean with object name Ratis:service=RaftServer,group=group-4FF2CDC8C389,id=9ad6c772-b583-49da-9dda-46d51a9db348
2022-11-04 01:07:57,613 [pool-95-thread-1] INFO  server.RaftServerConfigKeys (ConfUtils.java:logGet(46)) - raft.server.snapshot.auto.trigger.enabled = true (custom)
2022-11-04 01:07:57,614 [pool-95-thread-1] INFO  server.RaftServerConfigKeys (ConfUtils.java:logGet(46)) - raft.server.snapshot.auto.trigger.threshold = 10000 (custom)
2022-11-04 01:07:57,614 [pool-95-thread-1] INFO  server.RaftServerConfigKeys (ConfUtils.java:logGet(46)) - raft.server.snapshot.retention.file.num = 5 (custom)
2022-11-04 01:07:57,614 [pool-95-thread-1] INFO  server.RaftServerConfigKeys (ConfUtils.java:logGet(46)) - raft.server.log.purge.upto.snapshot.index = false (default)
2022-11-04 01:07:57,615 [Command processor thread] INFO  ratis.XceiverServerRatis (XceiverServerRatis.java:addGroup(765)) - Created group PipelineID=5564602d-0fd9-41f1-8725-4ff2cdc8c389
2022-11-04 01:07:57,621 [9ad6c772-b583-49da-9dda-46d51a9db348@group-4FF2CDC8C389-FollowerState] INFO  server.RaftServerConfigKeys (ConfUtils.java:logFallback(53)) - raft.server.rpc.first-election.timeout.min = 5s (fallback to raft.server.rpc.timeout.min)
2022-11-04 01:07:57,621 [9ad6c772-b583-49da-9dda-46d51a9db348@group-4FF2CDC8C389-FollowerState] INFO  server.RaftServerConfigKeys (ConfUtils.java:logFallback(53)) - raft.server.rpc.first-election.timeout.max = 5200ms (fallback to raft.server.rpc.timeout.max)
2022-11-04 01:07:57,636 [Command processor thread] INFO  commandhandler.CreatePipelineCommandHandler (CreatePipelineCommandHandler.java:handle(113)) - Created Pipeline RATIS THREE PipelineID=d7507172-1e8f-403b-90af-67d32e1fd950.
2022-11-04 01:07:57,636 [Command processor thread] INFO  server.RaftServer (RaftServerProxy.java:addNew(96)) - b5f0d7ba-78c4-4bfc-9c94-2fc11ccd4fbc: addNew group-4FF2CDC8C389:[70253b25-82f0-4a7c-9412-29622705a2de|rpc:10.1.0.17:37713|priority:1|startupRole:FOLLOWER, 9ad6c772-b583-49da-9dda-46d51a9db348|rpc:10.1.0.17:40437|priority:0|startupRole:FOLLOWER, b5f0d7ba-78c4-4bfc-9c94-2fc11ccd4fbc|rpc:10.1.0.17:44613|priority:0|startupRole:FOLLOWER] returns group-4FF2CDC8C389:java.util.concurrent.CompletableFuture@3951cd11[Not completed]
2022-11-04 01:07:57,637 [pool-72-thread-1] INFO  server.RaftServer$Division (RaftServerImpl.java:<init>(195)) - b5f0d7ba-78c4-4bfc-9c94-2fc11ccd4fbc: new RaftServerImpl for group-4FF2CDC8C389:[70253b25-82f0-4a7c-9412-29622705a2de|rpc:10.1.0.17:37713|priority:1|startupRole:FOLLOWER, 9ad6c772-b583-49da-9dda-46d51a9db348|rpc:10.1.0.17:40437|priority:0|startupRole:FOLLOWER, b5f0d7ba-78c4-4bfc-9c94-2fc11ccd4fbc|rpc:10.1.0.17:44613|priority:0|startupRole:FOLLOWER] with ContainerStateMachine:uninitialized
2022-11-04 01:07:57,637 [pool-72-thread-1] INFO  server.RaftServerConfigKeys (ConfUtils.java:logGet(46)) - raft.server.rpc.timeout.min = 5s (custom)
2022-11-04 01:07:57,637 [pool-72-thread-1] INFO  server.RaftServerConfigKeys (ConfUtils.java:logGet(46)) - raft.server.rpc.timeout.max = 5200ms (custom)
2022-11-04 01:07:57,637 [pool-72-thread-1] INFO  server.RaftServerConfigKeys (ConfUtils.java:logGet(46)) - raft.server.rpc.sleep.time = 25ms (default)
2022-11-04 01:07:57,637 [pool-72-thread-1] INFO  server.RaftServerConfigKeys (ConfUtils.java:logGet(46)) - raft.server.rpc.slowness.timeout = 300s (custom)
2022-11-04 01:07:57,637 [pool-72-thread-1] INFO  server.RaftServerConfigKeys (ConfUtils.java:logGet(46)) - raft.server.leaderelection.leader.step-down.wait-time = 10s (default)
2022-11-04 01:07:57,637 [pool-72-thread-1] INFO  server.RaftServerConfigKeys (ConfUtils.java:logGet(46)) - raft.server.sleep.deviation.threshold = 300ms (default)
2022-11-04 01:07:57,638 [pool-72-thread-1] INFO  server.RaftServer$Division (ServerState.java:<init>(118)) - b5f0d7ba-78c4-4bfc-9c94-2fc11ccd4fbc@group-4FF2CDC8C389: ConfigurationManager, init=-1: peers:[70253b25-82f0-4a7c-9412-29622705a2de|rpc:10.1.0.17:37713|priority:1|startupRole:FOLLOWER, 9ad6c772-b583-49da-9dda-46d51a9db348|rpc:10.1.0.17:40437|priority:0|startupRole:FOLLOWER, b5f0d7ba-78c4-4bfc-9c94-2fc11ccd4fbc|rpc:10.1.0.17:44613|priority:0|startupRole:FOLLOWER]|listeners:[], old=null, confs=<EMPTY_MAP>
2022-11-04 01:07:57,638 [pool-72-thread-1] INFO  server.RaftServerConfigKeys (ConfUtils.java:logGet(46)) - raft.server.storage.dir = [/home/runner/work/ozone/ozone/hadoop-ozone/integration-test/target/test-dir/MiniOzoneClusterImpl-e654cb93-8a46-4732-947e-f27e0a8f69eb/datanode-0/data/ratis] (custom)
2022-11-04 01:07:57,638 [pool-72-thread-1] INFO  server.RaftServerConfigKeys (ConfUtils.java:logGet(46)) - raft.server.log.corruption.policy = EXCEPTION (default)
2022-11-04 01:07:57,638 [pool-72-thread-1] INFO  server.RaftServerConfigKeys (ConfUtils.java:logGet(46)) - raft.server.storage.free-space.min = 0MB (=0) (default)
2022-11-04 01:07:57,638 [pool-72-thread-1] INFO  server.RaftServerConfigKeys (ConfUtils.java:logGet(46)) - raft.server.notification.no-leader.timeout = 300s (custom)
2022-11-04 01:07:57,638 [pool-72-thread-1] INFO  server.RaftServerConfigKeys (ConfUtils.java:logGet(46)) - raft.server.retrycache.expirytime = 600000ms (custom)
2022-11-04 01:07:57,638 [pool-72-thread-1] INFO  server.RaftServerConfigKeys (ConfUtils.java:logGet(46)) - raft.server.retrycache.statistics.expirytime = 100μs (default)
2022-11-04 01:07:57,639 [pool-72-thread-1] INFO  server.RaftServerConfigKeys (ConfUtils.java:logGet(46)) - raft.server.log.appender.install.snapshot.enabled = false (custom)
2022-11-04 01:07:57,639 [pool-72-thread-1] INFO  server.RaftServerConfigKeys (ConfUtils.java:logGet(46)) - raft.server.threadpool.server.cached = true (default)
2022-11-04 01:07:57,639 [pool-72-thread-1] INFO  server.RaftServerConfigKeys (ConfUtils.java:logGet(46)) - raft.server.threadpool.server.size = 0 (default)
2022-11-04 01:07:57,639 [pool-72-thread-1] INFO  server.RaftServerConfigKeys (ConfUtils.java:logGet(46)) - raft.server.threadpool.client.cached = true (default)
2022-11-04 01:07:57,639 [pool-72-thread-1] INFO  server.RaftServerConfigKeys (ConfUtils.java:logGet(46)) - raft.server.threadpool.client.size = 0 (default)
2022-11-04 01:07:57,640 [pool-72-thread-1] INFO  storage.RaftStorageDirectory (RaftStorageDirectoryImpl.java:analyzeStorage(137)) - The storage directory /home/runner/work/ozone/ozone/hadoop-ozone/integration-test/target/test-dir/MiniOzoneClusterImpl-e654cb93-8a46-4732-947e-f27e0a8f69eb/datanode-0/data/ratis/5564602d-0fd9-41f1-8725-4ff2cdc8c389 does not exist. Creating ...
2022-11-04 01:07:57,641 [pool-72-thread-1] INFO  storage.RaftStorageDirectory (RaftStorageDirectoryImpl.java:tryLock(231)) - Lock on /home/runner/work/ozone/ozone/hadoop-ozone/integration-test/target/test-dir/MiniOzoneClusterImpl-e654cb93-8a46-4732-947e-f27e0a8f69eb/datanode-0/data/ratis/5564602d-0fd9-41f1-8725-4ff2cdc8c389/in_use.lock acquired by nodename 14694@fv-az39-323
2022-11-04 01:07:57,641 [grpc-default-executor-0] INFO  server.RaftServer (RaftServerProxy.java:addNew(96)) - 70253b25-82f0-4a7c-9412-29622705a2de: addNew group-4FF2CDC8C389:[70253b25-82f0-4a7c-9412-29622705a2de|rpc:10.1.0.17:37713|dataStream:|priority:1|startupRole:FOLLOWER, 9ad6c772-b583-49da-9dda-46d51a9db348|rpc:10.1.0.17:40437|dataStream:|priority:0|startupRole:FOLLOWER, b5f0d7ba-78c4-4bfc-9c94-2fc11ccd4fbc|rpc:10.1.0.17:44613|dataStream:|priority:0|startupRole:FOLLOWER] returns group-4FF2CDC8C389:java.util.concurrent.CompletableFuture@a11443d[Not completed]
2022-11-04 01:07:57,642 [pool-118-thread-1] INFO  server.RaftServer$Division (RaftServerImpl.java:<init>(195)) - 70253b25-82f0-4a7c-9412-29622705a2de: new RaftServerImpl for group-4FF2CDC8C389:[70253b25-82f0-4a7c-9412-29622705a2de|rpc:10.1.0.17:37713|dataStream:|priority:1|startupRole:FOLLOWER, 9ad6c772-b583-49da-9dda-46d51a9db348|rpc:10.1.0.17:40437|dataStream:|priority:0|startupRole:FOLLOWER, b5f0d7ba-78c4-4bfc-9c94-2fc11ccd4fbc|rpc:10.1.0.17:44613|dataStream:|priority:0|startupRole:FOLLOWER] with ContainerStateMachine:uninitialized
2022-11-04 01:07:57,645 [pool-118-thread-1] INFO  server.RaftServerConfigKeys (ConfUtils.java:logGet(46)) - raft.server.rpc.timeout.min = 5s (custom)
2022-11-04 01:07:57,645 [pool-118-thread-1] INFO  server.RaftServerConfigKeys (ConfUtils.java:logGet(46)) - raft.server.rpc.timeout.max = 5200ms (custom)
2022-11-04 01:07:57,645 [pool-118-thread-1] INFO  server.RaftServerConfigKeys (ConfUtils.java:logGet(46)) - raft.server.rpc.sleep.time = 25ms (default)
2022-11-04 01:07:57,645 [pool-118-thread-1] INFO  server.RaftServerConfigKeys (ConfUtils.java:logGet(46)) - raft.server.rpc.slowness.timeout = 300s (custom)
2022-11-04 01:07:57,645 [pool-118-thread-1] INFO  server.RaftServerConfigKeys (ConfUtils.java:logGet(46)) - raft.server.leaderelection.leader.step-down.wait-time = 10s (default)
2022-11-04 01:07:57,645 [pool-118-thread-1] INFO  server.RaftServerConfigKeys (ConfUtils.java:logGet(46)) - raft.server.sleep.deviation.threshold = 300ms (default)
2022-11-04 01:07:57,645 [pool-118-thread-1] INFO  server.RaftServer$Division (ServerState.java:<init>(118)) - 70253b25-82f0-4a7c-9412-29622705a2de@group-4FF2CDC8C389: ConfigurationManager, init=-1: peers:[70253b25-82f0-4a7c-9412-29622705a2de|rpc:10.1.0.17:37713|dataStream:|priority:1|startupRole:FOLLOWER, 9ad6c772-b583-49da-9dda-46d51a9db348|rpc:10.1.0.17:40437|dataStream:|priority:0|startupRole:FOLLOWER, b5f0d7ba-78c4-4bfc-9c94-2fc11ccd4fbc|rpc:10.1.0.17:44613|dataStream:|priority:0|startupRole:FOLLOWER]|listeners:[], old=null, confs=<EMPTY_MAP>
2022-11-04 01:07:57,645 [pool-118-thread-1] INFO  server.RaftServerConfigKeys (ConfUtils.java:logGet(46)) - raft.server.storage.dir = [/home/runner/work/ozone/ozone/hadoop-ozone/integration-test/target/test-dir/MiniOzoneClusterImpl-e654cb93-8a46-4732-947e-f27e0a8f69eb/datanode-2/data/ratis] (custom)
2022-11-04 01:07:57,645 [pool-118-thread-1] INFO  server.RaftServerConfigKeys (ConfUtils.java:logGet(46)) - raft.server.log.corruption.policy = EXCEPTION (default)
2022-11-04 01:07:57,645 [pool-118-thread-1] INFO  server.RaftServerConfigKeys (ConfUtils.java:logGet(46)) - raft.server.storage.free-space.min = 0MB (=0) (default)
2022-11-04 01:07:57,645 [pool-118-thread-1] INFO  server.RaftServerConfigKeys (ConfUtils.java:logGet(46)) - raft.server.notification.no-leader.timeout = 300s (custom)
2022-11-04 01:07:57,645 [pool-118-thread-1] INFO  server.RaftServerConfigKeys (ConfUtils.java:logGet(46)) - raft.server.retrycache.expirytime = 600000ms (custom)
2022-11-04 01:07:57,646 [pool-118-thread-1] INFO  server.RaftServerConfigKeys (ConfUtils.java:logGet(46)) - raft.server.retrycache.statistics.expirytime = 100μs (default)
2022-11-04 01:07:57,646 [pool-72-thread-1] INFO  storage.RaftStorage (RaftStorageImpl.java:format(96)) - Storage directory /home/runner/work/ozone/ozone/hadoop-ozone/integration-test/target/test-dir/MiniOzoneClusterImpl-e654cb93-8a46-4732-947e-f27e0a8f69eb/datanode-0/data/ratis/5564602d-0fd9-41f1-8725-4ff2cdc8c389 has been successfully formatted.
2022-11-04 01:07:57,647 [pool-118-thread-1] INFO  server.RaftServerConfigKeys (ConfUtils.java:logGet(46)) - raft.server.log.appender.install.snapshot.enabled = false (custom)
2022-11-04 01:07:57,647 [pool-118-thread-1] INFO  server.RaftServerConfigKeys (ConfUtils.java:logGet(46)) - raft.server.threadpool.server.cached = true (default)
2022-11-04 01:07:57,647 [pool-118-thread-1] INFO  server.RaftServerConfigKeys (ConfUtils.java:logGet(46)) - raft.server.threadpool.server.size = 0 (default)
2022-11-04 01:07:57,647 [pool-118-thread-1] INFO  server.RaftServerConfigKeys (ConfUtils.java:logGet(46)) - raft.server.threadpool.client.cached = true (default)
2022-11-04 01:07:57,647 [pool-118-thread-1] INFO  server.RaftServerConfigKeys (ConfUtils.java:logGet(46)) - raft.server.threadpool.client.size = 0 (default)
2022-11-04 01:07:57,648 [pool-72-thread-1] INFO  ratis.ContainerStateMachine (ContainerStateMachine.java:loadSnapshot(236)) - group-4FF2CDC8C389: The snapshot info is null. Setting the last applied indexto:(t:0, i:~)
2022-11-04 01:07:57,648 [pool-72-thread-1] INFO  server.RaftServerConfigKeys (ConfUtils.java:logGet(46)) - raft.server.log.use.memory = false (default)
2022-11-04 01:07:57,648 [pool-72-thread-1] INFO  server.RaftServerConfigKeys (ConfUtils.java:logGet(46)) - raft.server.log.purge.gap = 1000000 (custom)
2022-11-04 01:07:57,648 [pool-72-thread-1] INFO  server.RaftServerConfigKeys (ConfUtils.java:logGet(46)) - raft.server.log.appender.buffer.byte-limit = 33554432 (custom)
2022-11-04 01:07:57,648 [pool-72-thread-1] INFO  server.RaftServerConfigKeys (ConfUtils.java:logGet(46)) - raft.server.log.statemachine.data.read.timeout = 1000ms (default)
2022-11-04 01:07:57,648 [pool-72-thread-1] INFO  server.RaftServerConfigKeys (ConfUtils.java:logGet(46)) - raft.server.log.purge.preservation.log.num = 0 (default)
2022-11-04 01:07:57,648 [pool-118-thread-1] INFO  storage.RaftStorageDirectory (RaftStorageDirectoryImpl.java:analyzeStorage(137)) - The storage directory /home/runner/work/ozone/ozone/hadoop-ozone/integration-test/target/test-dir/MiniOzoneClusterImpl-e654cb93-8a46-4732-947e-f27e0a8f69eb/datanode-2/data/ratis/5564602d-0fd9-41f1-8725-4ff2cdc8c389 does not exist. Creating ...
2022-11-04 01:07:57,648 [pool-72-thread-1] INFO  server.RaftServerConfigKeys (ConfUtils.java:logGet(46)) - raft.server.log.segment.size.max = 1048576 (custom)
2022-11-04 01:07:57,649 [pool-118-thread-1] INFO  storage.RaftStorageDirectory (RaftStorageDirectoryImpl.java:tryLock(231)) - Lock on /home/runner/work/ozone/ozone/hadoop-ozone/integration-test/target/test-dir/MiniOzoneClusterImpl-e654cb93-8a46-4732-947e-f27e0a8f69eb/datanode-2/data/ratis/5564602d-0fd9-41f1-8725-4ff2cdc8c389/in_use.lock acquired by nodename 14694@fv-az39-323
2022-11-04 01:07:57,650 [EventQueue-OpenPipelineForHealthyPipelineSafeModeRule] INFO  safemode.SCMSafeModeManager (HealthyPipelineSafeModeRule.java:process(137)) - SCM in safe mode. Healthy pipelines reported count is 0, required healthy pipeline reported count is 1
2022-11-04 01:07:57,650 [pool-72-thread-1] INFO  server.RaftServerConfigKeys (ConfUtils.java:logGet(46)) - raft.server.log.segment.cache.num.max = 2 (custom)
2022-11-04 01:07:57,650 [pool-72-thread-1] INFO  server.RaftServerConfigKeys (ConfUtils.java:logGet(46)) - raft.server.log.segment.cache.size.max = 200MB (=209715200) (default)
2022-11-04 01:07:57,650 [pool-72-thread-1] INFO  segmented.SegmentedRaftLogWorker (SegmentedRaftLogWorker.java:<init>(191)) - new b5f0d7ba-78c4-4bfc-9c94-2fc11ccd4fbc@group-4FF2CDC8C389-SegmentedRaftLogWorker for RaftStorageImpl:Storage Directory /home/runner/work/ozone/ozone/hadoop-ozone/integration-test/target/test-dir/MiniOzoneClusterImpl-e654cb93-8a46-4732-947e-f27e0a8f69eb/datanode-0/data/ratis/5564602d-0fd9-41f1-8725-4ff2cdc8c389
2022-11-04 01:07:57,651 [pool-72-thread-1] INFO  server.RaftServerConfigKeys (ConfUtils.java:logGet(46)) - raft.server.log.queue.byte-limit = 4294967296 (custom)
2022-11-04 01:07:57,651 [pool-72-thread-1] INFO  server.RaftServerConfigKeys (ConfUtils.java:logGet(46)) - raft.server.log.queue.element-limit = 1024 (custom)
2022-11-04 01:07:57,651 [pool-72-thread-1] INFO  server.RaftServerConfigKeys (ConfUtils.java:logGet(46)) - raft.server.log.segment.size.max = 1048576 (custom)
2022-11-04 01:07:57,651 [pool-72-thread-1] INFO  server.RaftServerConfigKeys (ConfUtils.java:logGet(46)) - raft.server.log.preallocated.size = 16384 (custom)
2022-11-04 01:07:57,651 [pool-72-thread-1] INFO  server.RaftServerConfigKeys (ConfUtils.java:logGet(46)) - raft.server.log.force.sync.num = 128 (default)
2022-11-04 01:07:57,651 [pool-72-thread-1] INFO  server.RaftServerConfigKeys (ConfUtils.java:logGet(46)) - raft.server.log.statemachine.data.sync = true (default)
2022-11-04 01:07:57,651 [pool-72-thread-1] INFO  server.RaftServerConfigKeys (ConfUtils.java:logGet(46)) - raft.server.log.statemachine.data.sync.timeout = 10s (default)
2022-11-04 01:07:57,651 [pool-118-thread-1] INFO  storage.RaftStorage (RaftStorageImpl.java:format(96)) - Storage directory /home/runner/work/ozone/ozone/hadoop-ozone/integration-test/target/test-dir/MiniOzoneClusterImpl-e654cb93-8a46-4732-947e-f27e0a8f69eb/datanode-2/data/ratis/5564602d-0fd9-41f1-8725-4ff2cdc8c389 has been successfully formatted.
2022-11-04 01:07:57,651 [pool-118-thread-1] INFO  ratis.ContainerStateMachine (ContainerStateMachine.java:loadSnapshot(236)) - group-4FF2CDC8C389: The snapshot info is null. Setting the last applied indexto:(t:0, i:~)
2022-11-04 01:07:57,651 [pool-118-thread-1] INFO  server.RaftServerConfigKeys (ConfUtils.java:logGet(46)) - raft.server.log.use.memory = false (default)
2022-11-04 01:07:57,651 [pool-118-thread-1] INFO  server.RaftServerConfigKeys (ConfUtils.java:logGet(46)) - raft.server.log.purge.gap = 1000000 (custom)
2022-11-04 01:07:57,651 [pool-118-thread-1] INFO  server.RaftServerConfigKeys (ConfUtils.java:logGet(46)) - raft.server.log.appender.buffer.byte-limit = 33554432 (custom)
2022-11-04 01:07:57,651 [pool-118-thread-1] INFO  server.RaftServerConfigKeys (ConfUtils.java:logGet(46)) - raft.server.log.statemachine.data.read.timeout = 1000ms (default)
2022-11-04 01:07:57,651 [pool-118-thread-1] INFO  server.RaftServerConfigKeys (ConfUtils.java:logGet(46)) - raft.server.log.purge.preservation.log.num = 0 (default)
2022-11-04 01:07:57,652 [pool-118-thread-1] INFO  server.RaftServerConfigKeys (ConfUtils.java:logGet(46)) - raft.server.log.segment.size.max = 1048576 (custom)
2022-11-04 01:07:57,652 [pool-118-thread-1] INFO  server.RaftServerConfigKeys (ConfUtils.java:logGet(46)) - raft.server.log.segment.cache.num.max = 2 (custom)
2022-11-04 01:07:57,652 [pool-118-thread-1] INFO  server.RaftServerConfigKeys (ConfUtils.java:logGet(46)) - raft.server.log.segment.cache.size.max = 200MB (=209715200) (default)
2022-11-04 01:07:57,652 [pool-118-thread-1] INFO  segmented.SegmentedRaftLogWorker (SegmentedRaftLogWorker.java:<init>(191)) - new 70253b25-82f0-4a7c-9412-29622705a2de@group-4FF2CDC8C389-SegmentedRaftLogWorker for RaftStorageImpl:Storage Directory /home/runner/work/ozone/ozone/hadoop-ozone/integration-test/target/test-dir/MiniOzoneClusterImpl-e654cb93-8a46-4732-947e-f27e0a8f69eb/datanode-2/data/ratis/5564602d-0fd9-41f1-8725-4ff2cdc8c389
2022-11-04 01:07:57,652 [pool-118-thread-1] INFO  server.RaftServerConfigKeys (ConfUtils.java:logGet(46)) - raft.server.log.queue.byte-limit = 4294967296 (custom)
2022-11-04 01:07:57,652 [pool-118-thread-1] INFO  server.RaftServerConfigKeys (ConfUtils.java:logGet(46)) - raft.server.log.queue.element-limit = 1024 (custom)
2022-11-04 01:07:57,652 [pool-118-thread-1] INFO  server.RaftServerConfigKeys (ConfUtils.java:logGet(46)) - raft.server.log.segment.size.max = 1048576 (custom)
2022-11-04 01:07:57,652 [pool-118-thread-1] INFO  server.RaftServerConfigKeys (ConfUtils.java:logGet(46)) - raft.server.log.preallocated.size = 16384 (custom)
2022-11-04 01:07:57,652 [pool-118-thread-1] INFO  server.RaftServerConfigKeys (ConfUtils.java:logGet(46)) - raft.server.log.force.sync.num = 128 (default)
2022-11-04 01:07:57,652 [pool-118-thread-1] INFO  server.RaftServerConfigKeys (ConfUtils.java:logGet(46)) - raft.server.log.statemachine.data.sync = true (default)
2022-11-04 01:07:57,652 [pool-118-thread-1] INFO  server.RaftServerConfigKeys (ConfUtils.java:logGet(46)) - raft.server.log.statemachine.data.sync.timeout = 10s (default)
2022-11-04 01:07:57,652 [pool-118-thread-1] INFO  server.RaftServerConfigKeys (ConfUtils.java:logGet(46)) - raft.server.log.statemachine.data.sync.timeout.retry = -1 (default)
2022-11-04 01:07:57,653 [pool-118-thread-1] INFO  server.RaftServerConfigKeys (ConfUtils.java:logGet(46)) - raft.server.log.write.buffer.size = 1048576 (custom)
2022-11-04 01:07:57,654 [pool-118-thread-1] INFO  server.RaftServerConfigKeys (ConfUtils.java:logGet(46)) - raft.server.log.unsafe-flush.enabled = false (default)
2022-11-04 01:07:57,654 [pool-118-thread-1] INFO  server.RaftServerConfigKeys (ConfUtils.java:logGet(46)) - raft.server.log.async-flush.enabled = false (default)
2022-11-04 01:07:57,654 [pool-118-thread-1] INFO  server.RaftServerConfigKeys (ConfUtils.java:logGet(46)) - raft.server.log.statemachine.data.caching.enabled = true (custom)
2022-11-04 01:07:57,654 [pool-118-thread-1] INFO  segmented.SegmentedRaftLogWorker (SegmentedRaftLogWorker.java:lambda$new$0(136)) - 70253b25-82f0-4a7c-9412-29622705a2de@group-4FF2CDC8C389-SegmentedRaftLogWorker: flushIndex: setUnconditionally 0 -> -1
2022-11-04 01:07:57,654 [pool-118-thread-1] INFO  segmented.SegmentedRaftLogWorker (SegmentedRaftLogWorker.java:lambda$new$0(136)) - 70253b25-82f0-4a7c-9412-29622705a2de@group-4FF2CDC8C389-SegmentedRaftLogWorker: safeCacheEvictIndex: setUnconditionally 0 -> -1
2022-11-04 01:07:57,651 [pool-72-thread-1] INFO  server.RaftServerConfigKeys (ConfUtils.java:logGet(46)) - raft.server.log.statemachine.data.sync.timeout.retry = -1 (default)
2022-11-04 01:07:57,656 [pool-118-thread-1] INFO  server.RaftServer$Division (RaftServerImpl.java:start(334)) - 70253b25-82f0-4a7c-9412-29622705a2de@group-4FF2CDC8C389: start as a follower, conf=-1: peers:[70253b25-82f0-4a7c-9412-29622705a2de|rpc:10.1.0.17:37713|dataStream:|priority:1|startupRole:FOLLOWER, 9ad6c772-b583-49da-9dda-46d51a9db348|rpc:10.1.0.17:40437|dataStream:|priority:0|startupRole:FOLLOWER, b5f0d7ba-78c4-4bfc-9c94-2fc11ccd4fbc|rpc:10.1.0.17:44613|dataStream:|priority:0|startupRole:FOLLOWER]|listeners:[], old=null
2022-11-04 01:07:57,657 [pool-118-thread-1] INFO  server.RaftServer$Division (RaftServerImpl.java:setRole(321)) - 70253b25-82f0-4a7c-9412-29622705a2de@group-4FF2CDC8C389: changes role from      null to FOLLOWER at term 0 for startAsFollower
2022-11-04 01:07:57,657 [pool-118-thread-1] INFO  impl.RoleInfo (RoleInfo.java:updateAndGet(139)) - 70253b25-82f0-4a7c-9412-29622705a2de: start 70253b25-82f0-4a7c-9412-29622705a2de@group-4FF2CDC8C389-FollowerState
2022-11-04 01:07:57,660 [pool-72-thread-1] INFO  server.RaftServerConfigKeys (ConfUtils.java:logGet(46)) - raft.server.log.write.buffer.size = 1048576 (custom)
2022-11-04 01:07:57,661 [pool-72-thread-1] INFO  server.RaftServerConfigKeys (ConfUtils.java:logGet(46)) - raft.server.log.unsafe-flush.enabled = false (default)
2022-11-04 01:07:57,661 [pool-72-thread-1] INFO  server.RaftServerConfigKeys (ConfUtils.java:logGet(46)) - raft.server.log.async-flush.enabled = false (default)
2022-11-04 01:07:57,661 [pool-72-thread-1] INFO  server.RaftServerConfigKeys (ConfUtils.java:logGet(46)) - raft.server.log.statemachine.data.caching.enabled = true (custom)
2022-11-04 01:07:57,661 [pool-72-thread-1] INFO  segmented.SegmentedRaftLogWorker (SegmentedRaftLogWorker.java:lambda$new$0(136)) - b5f0d7ba-78c4-4bfc-9c94-2fc11ccd4fbc@group-4FF2CDC8C389-SegmentedRaftLogWorker: flushIndex: setUnconditionally 0 -> -1
2022-11-04 01:07:57,661 [pool-72-thread-1] INFO  segmented.SegmentedRaftLogWorker (SegmentedRaftLogWorker.java:lambda$new$0(136)) - b5f0d7ba-78c4-4bfc-9c94-2fc11ccd4fbc@group-4FF2CDC8C389-SegmentedRaftLogWorker: safeCacheEvictIndex: setUnconditionally 0 -> -1
2022-11-04 01:07:57,660 [pool-118-thread-1] INFO  util.JmxRegister (JmxRegister.java:tryRegister(44)) - Successfully registered JMX Bean with object name Ratis:service=RaftServer,group=group-4FF2CDC8C389,id=70253b25-82f0-4a7c-9412-29622705a2de
2022-11-04 01:07:57,662 [pool-118-thread-1] INFO  server.RaftServerConfigKeys (ConfUtils.java:logGet(46)) - raft.server.snapshot.auto.trigger.enabled = true (custom)
2022-11-04 01:07:57,662 [pool-118-thread-1] INFO  server.RaftServerConfigKeys (ConfUtils.java:logGet(46)) - raft.server.snapshot.auto.trigger.threshold = 10000 (custom)
2022-11-04 01:07:57,662 [pool-118-thread-1] INFO  server.RaftServerConfigKeys (ConfUtils.java:logGet(46)) - raft.server.snapshot.retention.file.num = 5 (custom)
2022-11-04 01:07:57,662 [pool-118-thread-1] INFO  server.RaftServerConfigKeys (ConfUtils.java:logGet(46)) - raft.server.log.purge.upto.snapshot.index = false (default)
2022-11-04 01:07:57,662 [pool-72-thread-1] INFO  server.RaftServer$Division (RaftServerImpl.java:start(334)) - b5f0d7ba-78c4-4bfc-9c94-2fc11ccd4fbc@group-4FF2CDC8C389: start as a follower, conf=-1: peers:[70253b25-82f0-4a7c-9412-29622705a2de|rpc:10.1.0.17:37713|priority:1|startupRole:FOLLOWER, 9ad6c772-b583-49da-9dda-46d51a9db348|rpc:10.1.0.17:40437|priority:0|startupRole:FOLLOWER, b5f0d7ba-78c4-4bfc-9c94-2fc11ccd4fbc|rpc:10.1.0.17:44613|priority:0|startupRole:FOLLOWER]|listeners:[], old=null
2022-11-04 01:07:57,662 [pool-72-thread-1] INFO  server.RaftServer$Division (RaftServerImpl.java:setRole(321)) - b5f0d7ba-78c4-4bfc-9c94-2fc11ccd4fbc@group-4FF2CDC8C389: changes role from      null to FOLLOWER at term 0 for startAsFollower
2022-11-04 01:07:57,662 [pool-72-thread-1] INFO  impl.RoleInfo (RoleInfo.java:updateAndGet(139)) - b5f0d7ba-78c4-4bfc-9c94-2fc11ccd4fbc: start b5f0d7ba-78c4-4bfc-9c94-2fc11ccd4fbc@group-4FF2CDC8C389-FollowerState
2022-11-04 01:07:57,663 [pool-72-thread-1] INFO  util.JmxRegister (JmxRegister.java:tryRegister(44)) - Successfully registered JMX Bean with object name Ratis:service=RaftServer,group=group-4FF2CDC8C389,id=b5f0d7ba-78c4-4bfc-9c94-2fc11ccd4fbc
2022-11-04 01:07:57,663 [pool-72-thread-1] INFO  server.RaftServerConfigKeys (ConfUtils.java:logGet(46)) - raft.server.snapshot.auto.trigger.enabled = true (custom)
2022-11-04 01:07:57,663 [pool-72-thread-1] INFO  server.RaftServerConfigKeys (ConfUtils.java:logGet(46)) - raft.server.snapshot.auto.trigger.threshold = 10000 (custom)
2022-11-04 01:07:57,663 [pool-72-thread-1] INFO  server.RaftServerConfigKeys (ConfUtils.java:logGet(46)) - raft.server.snapshot.retention.file.num = 5 (custom)
2022-11-04 01:07:57,663 [pool-72-thread-1] INFO  server.RaftServerConfigKeys (ConfUtils.java:logGet(46)) - raft.server.log.purge.upto.snapshot.index = false (default)
2022-11-04 01:07:57,663 [70253b25-82f0-4a7c-9412-29622705a2de@group-4FF2CDC8C389-FollowerState] INFO  server.RaftServerConfigKeys (ConfUtils.java:logFallback(53)) - raft.server.rpc.first-election.timeout.min = 5s (fallback to raft.server.rpc.timeout.min)
2022-11-04 01:07:57,663 [70253b25-82f0-4a7c-9412-29622705a2de@group-4FF2CDC8C389-FollowerState] INFO  server.RaftServerConfigKeys (ConfUtils.java:logFallback(53)) - raft.server.rpc.first-election.timeout.max = 5200ms (fallback to raft.server.rpc.timeout.max)
2022-11-04 01:07:57,667 [Command processor thread] INFO  ratis.XceiverServerRatis (XceiverServerRatis.java:addGroup(765)) - Created group PipelineID=5564602d-0fd9-41f1-8725-4ff2cdc8c389
2022-11-04 01:07:57,671 [b5f0d7ba-78c4-4bfc-9c94-2fc11ccd4fbc@group-4FF2CDC8C389-FollowerState] INFO  server.RaftServerConfigKeys (ConfUtils.java:logFallback(53)) - raft.server.rpc.first-election.timeout.min = 5s (fallback to raft.server.rpc.timeout.min)
2022-11-04 01:07:57,671 [b5f0d7ba-78c4-4bfc-9c94-2fc11ccd4fbc@group-4FF2CDC8C389-FollowerState] INFO  server.RaftServerConfigKeys (ConfUtils.java:logFallback(53)) - raft.server.rpc.first-election.timeout.max = 5200ms (fallback to raft.server.rpc.timeout.max)
2022-11-04 01:07:57,680 [Command processor thread] INFO  server.RaftServer (RaftServerProxy.java:addNew(96)) - 70253b25-82f0-4a7c-9412-29622705a2de: addNew group-D2702EDADE96:[70253b25-82f0-4a7c-9412-29622705a2de|rpc:10.1.0.17:37713|priority:1|startupRole:FOLLOWER] returns group-D2702EDADE96:java.util.concurrent.CompletableFuture@7e7043ac[Not completed]
2022-11-04 01:07:57,686 [pool-118-thread-1] INFO  server.RaftServer$Division (RaftServerImpl.java:<init>(195)) - 70253b25-82f0-4a7c-9412-29622705a2de: new RaftServerImpl for group-D2702EDADE96:[70253b25-82f0-4a7c-9412-29622705a2de|rpc:10.1.0.17:37713|priority:1|startupRole:FOLLOWER] with ContainerStateMachine:uninitialized
2022-11-04 01:07:57,687 [pool-118-thread-1] INFO  server.RaftServerConfigKeys (ConfUtils.java:logGet(46)) - raft.server.rpc.timeout.min = 5s (custom)
2022-11-04 01:07:57,687 [pool-118-thread-1] INFO  server.RaftServerConfigKeys (ConfUtils.java:logGet(46)) - raft.server.rpc.timeout.max = 5200ms (custom)
2022-11-04 01:07:57,687 [pool-118-thread-1] INFO  server.RaftServerConfigKeys (ConfUtils.java:logGet(46)) - raft.server.rpc.sleep.time = 25ms (default)
2022-11-04 01:07:57,687 [pool-118-thread-1] INFO  server.RaftServerConfigKeys (ConfUtils.java:logGet(46)) - raft.server.rpc.slowness.timeout = 300s (custom)
2022-11-04 01:07:57,687 [pool-118-thread-1] INFO  server.RaftServerConfigKeys (ConfUtils.java:logGet(46)) - raft.server.leaderelection.leader.step-down.wait-time = 10s (default)
2022-11-04 01:07:57,687 [pool-118-thread-1] INFO  server.RaftServerConfigKeys (ConfUtils.java:logGet(46)) - raft.server.sleep.deviation.threshold = 300ms (default)
2022-11-04 01:07:57,687 [pool-118-thread-1] INFO  server.RaftServer$Division (ServerState.java:<init>(118)) - 70253b25-82f0-4a7c-9412-29622705a2de@group-D2702EDADE96: ConfigurationManager, init=-1: peers:[70253b25-82f0-4a7c-9412-29622705a2de|rpc:10.1.0.17:37713|priority:1|startupRole:FOLLOWER]|listeners:[], old=null, confs=<EMPTY_MAP>
2022-11-04 01:07:57,687 [pool-118-thread-1] INFO  server.RaftServerConfigKeys (ConfUtils.java:logGet(46)) - raft.server.storage.dir = [/home/runner/work/ozone/ozone/hadoop-ozone/integration-test/target/test-dir/MiniOzoneClusterImpl-e654cb93-8a46-4732-947e-f27e0a8f69eb/datanode-2/data/ratis] (custom)
2022-11-04 01:07:57,687 [pool-118-thread-1] INFO  server.RaftServerConfigKeys (ConfUtils.java:logGet(46)) - raft.server.log.corruption.policy = EXCEPTION (default)
2022-11-04 01:07:57,687 [pool-118-thread-1] INFO  server.RaftServerConfigKeys (ConfUtils.java:logGet(46)) - raft.server.storage.free-space.min = 0MB (=0) (default)
2022-11-04 01:07:57,687 [pool-118-thread-1] INFO  server.RaftServerConfigKeys (ConfUtils.java:logGet(46)) - raft.server.notification.no-leader.timeout = 300s (custom)
2022-11-04 01:07:57,687 [pool-118-thread-1] INFO  server.RaftServerConfigKeys (ConfUtils.java:logGet(46)) - raft.server.retrycache.expirytime = 600000ms (custom)
2022-11-04 01:07:57,687 [pool-118-thread-1] INFO  server.RaftServerConfigKeys (ConfUtils.java:logGet(46)) - raft.server.retrycache.statistics.expirytime = 100μs (default)
2022-11-04 01:07:57,691 [pool-118-thread-1] INFO  server.RaftServerConfigKeys (ConfUtils.java:logGet(46)) - raft.server.log.appender.install.snapshot.enabled = false (custom)
2022-11-04 01:07:57,691 [pool-118-thread-1] INFO  server.RaftServerConfigKeys (ConfUtils.java:logGet(46)) - raft.server.threadpool.server.cached = true (default)
2022-11-04 01:07:57,691 [pool-118-thread-1] INFO  server.RaftServerConfigKeys (ConfUtils.java:logGet(46)) - raft.server.threadpool.server.size = 0 (default)
2022-11-04 01:07:57,691 [pool-118-thread-1] INFO  server.RaftServerConfigKeys (ConfUtils.java:logGet(46)) - raft.server.threadpool.client.cached = true (default)
2022-11-04 01:07:57,691 [pool-118-thread-1] INFO  server.RaftServerConfigKeys (ConfUtils.java:logGet(46)) - raft.server.threadpool.client.size = 0 (default)
2022-11-04 01:07:57,692 [pool-118-thread-1] INFO  storage.RaftStorageDirectory (RaftStorageDirectoryImpl.java:analyzeStorage(137)) - The storage directory /home/runner/work/ozone/ozone/hadoop-ozone/integration-test/target/test-dir/MiniOzoneClusterImpl-e654cb93-8a46-4732-947e-f27e0a8f69eb/datanode-2/data/ratis/b039d9f5-3bf5-4340-8ef9-d2702edade96 does not exist. Creating ...
2022-11-04 01:07:57,693 [pool-118-thread-1] INFO  storage.RaftStorageDirectory (RaftStorageDirectoryImpl.java:tryLock(231)) - Lock on /home/runner/work/ozone/ozone/hadoop-ozone/integration-test/target/test-dir/MiniOzoneClusterImpl-e654cb93-8a46-4732-947e-f27e0a8f69eb/datanode-2/data/ratis/b039d9f5-3bf5-4340-8ef9-d2702edade96/in_use.lock acquired by nodename 14694@fv-az39-323
2022-11-04 01:07:57,711 [pool-118-thread-1] INFO  storage.RaftStorage (RaftStorageImpl.java:format(96)) - Storage directory /home/runner/work/ozone/ozone/hadoop-ozone/integration-test/target/test-dir/MiniOzoneClusterImpl-e654cb93-8a46-4732-947e-f27e0a8f69eb/datanode-2/data/ratis/b039d9f5-3bf5-4340-8ef9-d2702edade96 has been successfully formatted.
2022-11-04 01:07:57,723 [pool-118-thread-1] INFO  ratis.ContainerStateMachine (ContainerStateMachine.java:loadSnapshot(236)) - group-D2702EDADE96: The snapshot info is null. Setting the last applied indexto:(t:0, i:~)
2022-11-04 01:07:57,723 [pool-118-thread-1] INFO  server.RaftServerConfigKeys (ConfUtils.java:logGet(46)) - raft.server.log.use.memory = false (default)
2022-11-04 01:07:57,724 [pool-118-thread-1] INFO  server.RaftServerConfigKeys (ConfUtils.java:logGet(46)) - raft.server.log.purge.gap = 1000000 (custom)
2022-11-04 01:07:57,724 [pool-118-thread-1] INFO  server.RaftServerConfigKeys (ConfUtils.java:logGet(46)) - raft.server.log.appender.buffer.byte-limit = 33554432 (custom)
2022-11-04 01:07:57,724 [pool-118-thread-1] INFO  server.RaftServerConfigKeys (ConfUtils.java:logGet(46)) - raft.server.log.statemachine.data.read.timeout = 1000ms (default)
2022-11-04 01:07:57,724 [pool-118-thread-1] INFO  server.RaftServerConfigKeys (ConfUtils.java:logGet(46)) - raft.server.log.purge.preservation.log.num = 0 (default)
2022-11-04 01:07:57,724 [pool-118-thread-1] INFO  server.RaftServerConfigKeys (ConfUtils.java:logGet(46)) - raft.server.log.segment.size.max = 1048576 (custom)
2022-11-04 01:07:57,725 [pool-118-thread-1] INFO  server.RaftServerConfigKeys (ConfUtils.java:logGet(46)) - raft.server.log.segment.cache.num.max = 2 (custom)
2022-11-04 01:07:57,725 [pool-118-thread-1] INFO  server.RaftServerConfigKeys (ConfUtils.java:logGet(46)) - raft.server.log.segment.cache.size.max = 200MB (=209715200) (default)
2022-11-04 01:07:57,725 [pool-118-thread-1] INFO  segmented.SegmentedRaftLogWorker (SegmentedRaftLogWorker.java:<init>(191)) - new 70253b25-82f0-4a7c-9412-29622705a2de@group-D2702EDADE96-SegmentedRaftLogWorker for RaftStorageImpl:Storage Directory /home/runner/work/ozone/ozone/hadoop-ozone/integration-test/target/test-dir/MiniOzoneClusterImpl-e654cb93-8a46-4732-947e-f27e0a8f69eb/datanode-2/data/ratis/b039d9f5-3bf5-4340-8ef9-d2702edade96
2022-11-04 01:07:57,725 [pool-118-thread-1] INFO  server.RaftServerConfigKeys (ConfUtils.java:logGet(46)) - raft.server.log.queue.byte-limit = 4294967296 (custom)
2022-11-04 01:07:57,725 [pool-118-thread-1] INFO  server.RaftServerConfigKeys (ConfUtils.java:logGet(46)) - raft.server.log.queue.element-limit = 1024 (custom)
2022-11-04 01:07:57,725 [pool-118-thread-1] INFO  server.RaftServerConfigKeys (ConfUtils.java:logGet(46)) - raft.server.log.segment.size.max = 1048576 (custom)
2022-11-04 01:07:57,725 [pool-118-thread-1] INFO  server.RaftServerConfigKeys (ConfUtils.java:logGet(46)) - raft.server.log.preallocated.size = 16384 (custom)
2022-11-04 01:07:57,725 [pool-118-thread-1] INFO  server.RaftServerConfigKeys (ConfUtils.java:logGet(46)) - raft.server.log.force.sync.num = 128 (default)
2022-11-04 01:07:57,725 [pool-118-thread-1] INFO  server.RaftServerConfigKeys (ConfUtils.java:logGet(46)) - raft.server.log.statemachine.data.sync = true (default)
2022-11-04 01:07:57,725 [pool-118-thread-1] INFO  server.RaftServerConfigKeys (ConfUtils.java:logGet(46)) - raft.server.log.statemachine.data.sync.timeout = 10s (default)
2022-11-04 01:07:57,725 [pool-118-thread-1] INFO  server.RaftServerConfigKeys (ConfUtils.java:logGet(46)) - raft.server.log.statemachine.data.sync.timeout.retry = -1 (default)
2022-11-04 01:07:57,726 [pool-118-thread-1] INFO  server.RaftServerConfigKeys (ConfUtils.java:logGet(46)) - raft.server.log.write.buffer.size = 1048576 (custom)
2022-11-04 01:07:57,727 [pool-118-thread-1] INFO  server.RaftServerConfigKeys (ConfUtils.java:logGet(46)) - raft.server.log.unsafe-flush.enabled = false (default)
2022-11-04 01:07:57,727 [pool-118-thread-1] INFO  server.RaftServerConfigKeys (ConfUtils.java:logGet(46)) - raft.server.log.async-flush.enabled = false (default)
2022-11-04 01:07:57,727 [pool-118-thread-1] INFO  server.RaftServerConfigKeys (ConfUtils.java:logGet(46)) - raft.server.log.statemachine.data.caching.enabled = true (custom)
2022-11-04 01:07:57,727 [pool-118-thread-1] INFO  segmented.SegmentedRaftLogWorker (SegmentedRaftLogWorker.java:lambda$new$0(136)) - 70253b25-82f0-4a7c-9412-29622705a2de@group-D2702EDADE96-SegmentedRaftLogWorker: flushIndex: setUnconditionally 0 -> -1
2022-11-04 01:07:57,727 [pool-118-thread-1] INFO  segmented.SegmentedRaftLogWorker (SegmentedRaftLogWorker.java:lambda$new$0(136)) - 70253b25-82f0-4a7c-9412-29622705a2de@group-D2702EDADE96-SegmentedRaftLogWorker: safeCacheEvictIndex: setUnconditionally 0 -> -1
2022-11-04 01:07:57,731 [pool-118-thread-1] INFO  server.RaftServer$Division (RaftServerImpl.java:start(334)) - 70253b25-82f0-4a7c-9412-29622705a2de@group-D2702EDADE96: start as a follower, conf=-1: peers:[70253b25-82f0-4a7c-9412-29622705a2de|rpc:10.1.0.17:37713|priority:1|startupRole:FOLLOWER]|listeners:[], old=null
2022-11-04 01:07:57,732 [pool-118-thread-1] INFO  server.RaftServer$Division (RaftServerImpl.java:setRole(321)) - 70253b25-82f0-4a7c-9412-29622705a2de@group-D2702EDADE96: changes role from      null to FOLLOWER at term 0 for startAsFollower
2022-11-04 01:07:57,732 [pool-118-thread-1] INFO  impl.RoleInfo (RoleInfo.java:updateAndGet(139)) - 70253b25-82f0-4a7c-9412-29622705a2de: start 70253b25-82f0-4a7c-9412-29622705a2de@group-D2702EDADE96-FollowerState
2022-11-04 01:07:57,732 [pool-118-thread-1] INFO  util.JmxRegister (JmxRegister.java:tryRegister(44)) - Successfully registered JMX Bean with object name Ratis:service=RaftServer,group=group-D2702EDADE96,id=70253b25-82f0-4a7c-9412-29622705a2de
2022-11-04 01:07:57,732 [pool-118-thread-1] INFO  server.RaftServerConfigKeys (ConfUtils.java:logGet(46)) - raft.server.snapshot.auto.trigger.enabled = true (custom)
2022-11-04 01:07:57,732 [pool-118-thread-1] INFO  server.RaftServerConfigKeys (ConfUtils.java:logGet(46)) - raft.server.snapshot.auto.trigger.threshold = 10000 (custom)
2022-11-04 01:07:57,732 [pool-118-thread-1] INFO  server.RaftServerConfigKeys (ConfUtils.java:logGet(46)) - raft.server.snapshot.retention.file.num = 5 (custom)
2022-11-04 01:07:57,732 [pool-118-thread-1] INFO  server.RaftServerConfigKeys (ConfUtils.java:logGet(46)) - raft.server.log.purge.upto.snapshot.index = false (default)
2022-11-04 01:07:57,733 [70253b25-82f0-4a7c-9412-29622705a2de@group-D2702EDADE96-FollowerState] INFO  server.RaftServerConfigKeys (ConfUtils.java:logFallback(53)) - raft.server.rpc.first-election.timeout.min = 5s (fallback to raft.server.rpc.timeout.min)
2022-11-04 01:07:57,733 [70253b25-82f0-4a7c-9412-29622705a2de@group-D2702EDADE96-FollowerState] INFO  server.RaftServerConfigKeys (ConfUtils.java:logFallback(53)) - raft.server.rpc.first-election.timeout.max = 5200ms (fallback to raft.server.rpc.timeout.max)
2022-11-04 01:07:57,733 [Command processor thread] INFO  ratis.XceiverServerRatis (XceiverServerRatis.java:addGroup(765)) - Created group PipelineID=b039d9f5-3bf5-4340-8ef9-d2702edade96
2022-11-04 01:07:57,733 [Command processor thread] INFO  commandhandler.CreatePipelineCommandHandler (CreatePipelineCommandHandler.java:handle(113)) - Created Pipeline RATIS ONE PipelineID=b039d9f5-3bf5-4340-8ef9-d2702edade96.
2022-11-04 01:07:57,735 [EventQueue-PipelineReportForPipelineReportHandler] INFO  pipeline.PipelineManagerImpl (PipelineManagerImpl.java:openPipeline(367)) - Pipeline Pipeline[ Id: b039d9f5-3bf5-4340-8ef9-d2702edade96, Nodes: 70253b25-82f0-4a7c-9412-29622705a2de{ip: 10.1.0.17, host: fv-az39-323.yumyzuo2tp0ejekjjwodrrku4b.bx.internal.cloudapp.net, ports: [REPLICATION=46293, RATIS=37713, RATIS_ADMIN=37713, RATIS_SERVER=37713, STANDALONE=37085], networkLocation: /default-rack, certSerialId: null, persistedOpState: IN_SERVICE, persistedOpStateExpiryEpochSec: 0}, ReplicationConfig: RATIS/ONE, State:ALLOCATED, leaderId:70253b25-82f0-4a7c-9412-29622705a2de, CreationTimestamp2022-11-04T01:07:54.684Z[Etc/UTC]] moved to OPEN state
2022-11-04 01:07:57,736 [EventQueue-OpenPipelineForHealthyPipelineSafeModeRule] INFO  safemode.SCMSafeModeManager (HealthyPipelineSafeModeRule.java:process(137)) - SCM in safe mode. Healthy pipelines reported count is 0, required healthy pipeline reported count is 1
2022-11-04 01:07:57,743 [Command processor thread] INFO  commandhandler.CreatePipelineCommandHandler (CreatePipelineCommandHandler.java:handle(113)) - Created Pipeline RATIS THREE PipelineID=5564602d-0fd9-41f1-8725-4ff2cdc8c389.
2022-11-04 01:07:57,758 [Command processor thread] INFO  commandhandler.CreatePipelineCommandHandler (CreatePipelineCommandHandler.java:handle(113)) - Created Pipeline RATIS THREE PipelineID=5564602d-0fd9-41f1-8725-4ff2cdc8c389.
2022-11-04 01:07:58,028 [Command processor thread] INFO  server.RaftServer (RaftServerProxy.java:addNew(96)) - 47858208-0de4-46ca-af6a-45b9f6a00c92: addNew group-E09A63FF8367:[47858208-0de4-46ca-af6a-45b9f6a00c92|rpc:10.1.0.17:42645|priority:1|startupRole:FOLLOWER] returns group-E09A63FF8367:java.util.concurrent.CompletableFuture@1b85fb57[Not completed]
2022-11-04 01:07:58,029 [pool-141-thread-1] INFO  server.RaftServer$Division (RaftServerImpl.java:<init>(195)) - 47858208-0de4-46ca-af6a-45b9f6a00c92: new RaftServerImpl for group-E09A63FF8367:[47858208-0de4-46ca-af6a-45b9f6a00c92|rpc:10.1.0.17:42645|priority:1|startupRole:FOLLOWER] with ContainerStateMachine:uninitialized
2022-11-04 01:07:58,029 [pool-141-thread-1] INFO  server.RaftServerConfigKeys (ConfUtils.java:logGet(46)) - raft.server.rpc.timeout.min = 5s (custom)
2022-11-04 01:07:58,029 [pool-141-thread-1] INFO  server.RaftServerConfigKeys (ConfUtils.java:logGet(46)) - raft.server.rpc.timeout.max = 5200ms (custom)
2022-11-04 01:07:58,029 [pool-141-thread-1] INFO  server.RaftServerConfigKeys (ConfUtils.java:logGet(46)) - raft.server.rpc.sleep.time = 25ms (default)
2022-11-04 01:07:58,029 [pool-141-thread-1] INFO  server.RaftServerConfigKeys (ConfUtils.java:logGet(46)) - raft.server.rpc.slowness.timeout = 300s (custom)
2022-11-04 01:07:58,029 [pool-141-thread-1] INFO  server.RaftServerConfigKeys (ConfUtils.java:logGet(46)) - raft.server.leaderelection.leader.step-down.wait-time = 10s (default)
2022-11-04 01:07:58,029 [pool-141-thread-1] INFO  server.RaftServerConfigKeys (ConfUtils.java:logGet(46)) - raft.server.sleep.deviation.threshold = 300ms (default)
2022-11-04 01:07:58,029 [pool-141-thread-1] INFO  server.RaftServer$Division (ServerState.java:<init>(118)) - 47858208-0de4-46ca-af6a-45b9f6a00c92@group-E09A63FF8367: ConfigurationManager, init=-1: peers:[47858208-0de4-46ca-af6a-45b9f6a00c92|rpc:10.1.0.17:42645|priority:1|startupRole:FOLLOWER]|listeners:[], old=null, confs=<EMPTY_MAP>
2022-11-04 01:07:58,030 [pool-141-thread-1] INFO  server.RaftServerConfigKeys (ConfUtils.java:logGet(46)) - raft.server.storage.dir = [/home/runner/work/ozone/ozone/hadoop-ozone/integration-test/target/test-dir/MiniOzoneClusterImpl-e654cb93-8a46-4732-947e-f27e0a8f69eb/datanode-3/data/ratis] (custom)
2022-11-04 01:07:58,031 [pool-141-thread-1] INFO  server.RaftServerConfigKeys (ConfUtils.java:logGet(46)) - raft.server.log.corruption.policy = EXCEPTION (default)
2022-11-04 01:07:58,031 [pool-141-thread-1] INFO  server.RaftServerConfigKeys (ConfUtils.java:logGet(46)) - raft.server.storage.free-space.min = 0MB (=0) (default)
2022-11-04 01:07:58,031 [pool-141-thread-1] INFO  server.RaftServerConfigKeys (ConfUtils.java:logGet(46)) - raft.server.notification.no-leader.timeout = 300s (custom)
2022-11-04 01:07:58,031 [pool-141-thread-1] INFO  server.RaftServerConfigKeys (ConfUtils.java:logGet(46)) - raft.server.retrycache.expirytime = 600000ms (custom)
2022-11-04 01:07:58,031 [pool-141-thread-1] INFO  server.RaftServerConfigKeys (ConfUtils.java:logGet(46)) - raft.server.retrycache.statistics.expirytime = 100μs (default)
2022-11-04 01:07:58,034 [pool-141-thread-1] INFO  server.RaftServerConfigKeys (ConfUtils.java:logGet(46)) - raft.server.log.appender.install.snapshot.enabled = false (custom)
2022-11-04 01:07:58,034 [pool-141-thread-1] INFO  server.RaftServerConfigKeys (ConfUtils.java:logGet(46)) - raft.server.threadpool.server.cached = true (default)
2022-11-04 01:07:58,034 [pool-141-thread-1] INFO  server.RaftServerConfigKeys (ConfUtils.java:logGet(46)) - raft.server.threadpool.server.size = 0 (default)
2022-11-04 01:07:58,034 [pool-141-thread-1] INFO  server.RaftServerConfigKeys (ConfUtils.java:logGet(46)) - raft.server.threadpool.client.cached = true (default)
2022-11-04 01:07:58,034 [pool-141-thread-1] INFO  server.RaftServerConfigKeys (ConfUtils.java:logGet(46)) - raft.server.threadpool.client.size = 0 (default)
2022-11-04 01:07:58,034 [pool-141-thread-1] INFO  storage.RaftStorageDirectory (RaftStorageDirectoryImpl.java:analyzeStorage(137)) - The storage directory /home/runner/work/ozone/ozone/hadoop-ozone/integration-test/target/test-dir/MiniOzoneClusterImpl-e654cb93-8a46-4732-947e-f27e0a8f69eb/datanode-3/data/ratis/788766cc-2cbb-4088-8f48-e09a63ff8367 does not exist. Creating ...
2022-11-04 01:07:58,035 [pool-141-thread-1] INFO  storage.RaftStorageDirectory (RaftStorageDirectoryImpl.java:tryLock(231)) - Lock on /home/runner/work/ozone/ozone/hadoop-ozone/integration-test/target/test-dir/MiniOzoneClusterImpl-e654cb93-8a46-4732-947e-f27e0a8f69eb/datanode-3/data/ratis/788766cc-2cbb-4088-8f48-e09a63ff8367/in_use.lock acquired by nodename 14694@fv-az39-323
2022-11-04 01:07:58,037 [pool-141-thread-1] INFO  storage.RaftStorage (RaftStorageImpl.java:format(96)) - Storage directory /home/runner/work/ozone/ozone/hadoop-ozone/integration-test/target/test-dir/MiniOzoneClusterImpl-e654cb93-8a46-4732-947e-f27e0a8f69eb/datanode-3/data/ratis/788766cc-2cbb-4088-8f48-e09a63ff8367 has been successfully formatted.
2022-11-04 01:07:58,037 [pool-141-thread-1] INFO  ratis.ContainerStateMachine (ContainerStateMachine.java:loadSnapshot(236)) - group-E09A63FF8367: The snapshot info is null. Setting the last applied indexto:(t:0, i:~)
2022-11-04 01:07:58,037 [pool-141-thread-1] INFO  server.RaftServerConfigKeys (ConfUtils.java:logGet(46)) - raft.server.log.use.memory = false (default)
2022-11-04 01:07:58,037 [pool-141-thread-1] INFO  server.RaftServerConfigKeys (ConfUtils.java:logGet(46)) - raft.server.log.purge.gap = 1000000 (custom)
2022-11-04 01:07:58,037 [pool-141-thread-1] INFO  server.RaftServerConfigKeys (ConfUtils.java:logGet(46)) - raft.server.log.appender.buffer.byte-limit = 33554432 (custom)
2022-11-04 01:07:58,037 [pool-141-thread-1] INFO  server.RaftServerConfigKeys (ConfUtils.java:logGet(46)) - raft.server.log.statemachine.data.read.timeout = 1000ms (default)
2022-11-04 01:07:58,037 [pool-141-thread-1] INFO  server.RaftServerConfigKeys (ConfUtils.java:logGet(46)) - raft.server.log.purge.preservation.log.num = 0 (default)
2022-11-04 01:07:58,038 [pool-141-thread-1] INFO  server.RaftServerConfigKeys (ConfUtils.java:logGet(46)) - raft.server.log.segment.size.max = 1048576 (custom)
2022-11-04 01:07:58,052 [EventQueue-PipelineReportForPipelineReportHandler] INFO  pipeline.PipelineManagerImpl (PipelineManagerImpl.java:openPipeline(367)) - Pipeline Pipeline[ Id: 788766cc-2cbb-4088-8f48-e09a63ff8367, Nodes: 47858208-0de4-46ca-af6a-45b9f6a00c92{ip: 10.1.0.17, host: fv-az39-323.yumyzuo2tp0ejekjjwodrrku4b.bx.internal.cloudapp.net, ports: [REPLICATION=36003, RATIS=42645, RATIS_ADMIN=42645, RATIS_SERVER=42645, STANDALONE=39519], networkLocation: /default-rack, certSerialId: null, persistedOpState: IN_SERVICE, persistedOpStateExpiryEpochSec: 0}, ReplicationConfig: RATIS/ONE, State:ALLOCATED, leaderId:47858208-0de4-46ca-af6a-45b9f6a00c92, CreationTimestamp2022-11-04T01:07:55.030Z[Etc/UTC]] moved to OPEN state
2022-11-04 01:07:58,052 [EventQueue-OpenPipelineForHealthyPipelineSafeModeRule] INFO  safemode.SCMSafeModeManager (HealthyPipelineSafeModeRule.java:process(137)) - SCM in safe mode. Healthy pipelines reported count is 0, required healthy pipeline reported count is 1
2022-11-04 01:07:58,053 [pool-141-thread-1] INFO  server.RaftServerConfigKeys (ConfUtils.java:logGet(46)) - raft.server.log.segment.cache.num.max = 2 (custom)
2022-11-04 01:07:58,054 [pool-141-thread-1] INFO  server.RaftServerConfigKeys (ConfUtils.java:logGet(46)) - raft.server.log.segment.cache.size.max = 200MB (=209715200) (default)
2022-11-04 01:07:58,054 [pool-141-thread-1] INFO  segmented.SegmentedRaftLogWorker (SegmentedRaftLogWorker.java:<init>(191)) - new 47858208-0de4-46ca-af6a-45b9f6a00c92@group-E09A63FF8367-SegmentedRaftLogWorker for RaftStorageImpl:Storage Directory /home/runner/work/ozone/ozone/hadoop-ozone/integration-test/target/test-dir/MiniOzoneClusterImpl-e654cb93-8a46-4732-947e-f27e0a8f69eb/datanode-3/data/ratis/788766cc-2cbb-4088-8f48-e09a63ff8367
2022-11-04 01:07:58,054 [pool-141-thread-1] INFO  server.RaftServerConfigKeys (ConfUtils.java:logGet(46)) - raft.server.log.queue.byte-limit = 4294967296 (custom)
2022-11-04 01:07:58,054 [pool-141-thread-1] INFO  server.RaftServerConfigKeys (ConfUtils.java:logGet(46)) - raft.server.log.queue.element-limit = 1024 (custom)
2022-11-04 01:07:58,054 [pool-141-thread-1] INFO  server.RaftServerConfigKeys (ConfUtils.java:logGet(46)) - raft.server.log.segment.size.max = 1048576 (custom)
2022-11-04 01:07:58,054 [pool-141-thread-1] INFO  server.RaftServerConfigKeys (ConfUtils.java:logGet(46)) - raft.server.log.preallocated.size = 16384 (custom)
2022-11-04 01:07:58,054 [pool-141-thread-1] INFO  server.RaftServerConfigKeys (ConfUtils.java:logGet(46)) - raft.server.log.force.sync.num = 128 (default)
2022-11-04 01:07:58,054 [pool-141-thread-1] INFO  server.RaftServerConfigKeys (ConfUtils.java:logGet(46)) - raft.server.log.statemachine.data.sync = true (default)
2022-11-04 01:07:58,054 [pool-141-thread-1] INFO  server.RaftServerConfigKeys (ConfUtils.java:logGet(46)) - raft.server.log.statemachine.data.sync.timeout = 10s (default)
2022-11-04 01:07:58,054 [pool-141-thread-1] INFO  server.RaftServerConfigKeys (ConfUtils.java:logGet(46)) - raft.server.log.statemachine.data.sync.timeout.retry = -1 (default)
2022-11-04 01:07:58,055 [pool-141-thread-1] INFO  server.RaftServerConfigKeys (ConfUtils.java:logGet(46)) - raft.server.log.write.buffer.size = 1048576 (custom)
2022-11-04 01:07:58,056 [pool-141-thread-1] INFO  server.RaftServerConfigKeys (ConfUtils.java:logGet(46)) - raft.server.log.unsafe-flush.enabled = false (default)
2022-11-04 01:07:58,056 [pool-141-thread-1] INFO  server.RaftServerConfigKeys (ConfUtils.java:logGet(46)) - raft.server.log.async-flush.enabled = false (default)
2022-11-04 01:07:58,056 [pool-141-thread-1] INFO  server.RaftServerConfigKeys (ConfUtils.java:logGet(46)) - raft.server.log.statemachine.data.caching.enabled = true (custom)
2022-11-04 01:07:58,056 [pool-141-thread-1] INFO  segmented.SegmentedRaftLogWorker (SegmentedRaftLogWorker.java:lambda$new$0(136)) - 47858208-0de4-46ca-af6a-45b9f6a00c92@group-E09A63FF8367-SegmentedRaftLogWorker: flushIndex: setUnconditionally 0 -> -1
2022-11-04 01:07:58,056 [pool-141-thread-1] INFO  segmented.SegmentedRaftLogWorker (SegmentedRaftLogWorker.java:lambda$new$0(136)) - 47858208-0de4-46ca-af6a-45b9f6a00c92@group-E09A63FF8367-SegmentedRaftLogWorker: safeCacheEvictIndex: setUnconditionally 0 -> -1
2022-11-04 01:07:58,056 [pool-141-thread-1] INFO  server.RaftServer$Division (RaftServerImpl.java:start(334)) - 47858208-0de4-46ca-af6a-45b9f6a00c92@group-E09A63FF8367: start as a follower, conf=-1: peers:[47858208-0de4-46ca-af6a-45b9f6a00c92|rpc:10.1.0.17:42645|priority:1|startupRole:FOLLOWER]|listeners:[], old=null
2022-11-04 01:07:58,056 [pool-141-thread-1] INFO  server.RaftServer$Division (RaftServerImpl.java:setRole(321)) - 47858208-0de4-46ca-af6a-45b9f6a00c92@group-E09A63FF8367: changes role from      null to FOLLOWER at term 0 for startAsFollower
2022-11-04 01:07:58,056 [pool-141-thread-1] INFO  impl.RoleInfo (RoleInfo.java:updateAndGet(139)) - 47858208-0de4-46ca-af6a-45b9f6a00c92: start 47858208-0de4-46ca-af6a-45b9f6a00c92@group-E09A63FF8367-FollowerState
2022-11-04 01:07:58,063 [pool-141-thread-1] INFO  util.JmxRegister (JmxRegister.java:tryRegister(44)) - Successfully registered JMX Bean with object name Ratis:service=RaftServer,group=group-E09A63FF8367,id=47858208-0de4-46ca-af6a-45b9f6a00c92
2022-11-04 01:07:58,063 [47858208-0de4-46ca-af6a-45b9f6a00c92@group-E09A63FF8367-FollowerState] INFO  server.RaftServerConfigKeys (ConfUtils.java:logFallback(53)) - raft.server.rpc.first-election.timeout.min = 5s (fallback to raft.server.rpc.timeout.min)
2022-11-04 01:07:58,063 [pool-141-thread-1] INFO  server.RaftServerConfigKeys (ConfUtils.java:logGet(46)) - raft.server.snapshot.auto.trigger.enabled = true (custom)
2022-11-04 01:07:58,063 [47858208-0de4-46ca-af6a-45b9f6a00c92@group-E09A63FF8367-FollowerState] INFO  server.RaftServerConfigKeys (ConfUtils.java:logFallback(53)) - raft.server.rpc.first-election.timeout.max = 5200ms (fallback to raft.server.rpc.timeout.max)
2022-11-04 01:07:58,063 [pool-141-thread-1] INFO  server.RaftServerConfigKeys (ConfUtils.java:logGet(46)) - raft.server.snapshot.auto.trigger.threshold = 10000 (custom)
2022-11-04 01:07:58,063 [pool-141-thread-1] INFO  server.RaftServerConfigKeys (ConfUtils.java:logGet(46)) - raft.server.snapshot.retention.file.num = 5 (custom)
2022-11-04 01:07:58,063 [pool-141-thread-1] INFO  server.RaftServerConfigKeys (ConfUtils.java:logGet(46)) - raft.server.log.purge.upto.snapshot.index = false (default)
2022-11-04 01:07:58,065 [Command processor thread] INFO  ratis.XceiverServerRatis (XceiverServerRatis.java:addGroup(765)) - Created group PipelineID=788766cc-2cbb-4088-8f48-e09a63ff8367
2022-11-04 01:07:58,065 [Command processor thread] INFO  commandhandler.CreatePipelineCommandHandler (CreatePipelineCommandHandler.java:handle(113)) - Created Pipeline RATIS ONE PipelineID=788766cc-2cbb-4088-8f48-e09a63ff8367.
2022-11-04 01:07:58,066 [Command processor thread] INFO  server.RaftServer (RaftServerProxy.java:addNew(96)) - 47858208-0de4-46ca-af6a-45b9f6a00c92: addNew group-760B59CC648B:[47858208-0de4-46ca-af6a-45b9f6a00c92|rpc:10.1.0.17:42645|priority:1|startupRole:FOLLOWER, e73ed4bb-a433-4ecd-b93a-d0b4e16433ed|rpc:10.1.0.17:37481|priority:0|startupRole:FOLLOWER, 914271eb-14eb-4bb5-b4be-b6b4d3827766|rpc:10.1.0.17:40663|priority:0|startupRole:FOLLOWER] returns group-760B59CC648B:java.util.concurrent.CompletableFuture@1fba6cff[Not completed]
2022-11-04 01:07:58,066 [pool-141-thread-1] INFO  server.RaftServer$Division (RaftServerImpl.java:<init>(195)) - 47858208-0de4-46ca-af6a-45b9f6a00c92: new RaftServerImpl for group-760B59CC648B:[47858208-0de4-46ca-af6a-45b9f6a00c92|rpc:10.1.0.17:42645|priority:1|startupRole:FOLLOWER, e73ed4bb-a433-4ecd-b93a-d0b4e16433ed|rpc:10.1.0.17:37481|priority:0|startupRole:FOLLOWER, 914271eb-14eb-4bb5-b4be-b6b4d3827766|rpc:10.1.0.17:40663|priority:0|startupRole:FOLLOWER] with ContainerStateMachine:uninitialized
2022-11-04 01:07:58,066 [pool-141-thread-1] INFO  server.RaftServerConfigKeys (ConfUtils.java:logGet(46)) - raft.server.rpc.timeout.min = 5s (custom)
2022-11-04 01:07:58,067 [pool-141-thread-1] INFO  server.RaftServerConfigKeys (ConfUtils.java:logGet(46)) - raft.server.rpc.timeout.max = 5200ms (custom)
2022-11-04 01:07:58,067 [pool-141-thread-1] INFO  server.RaftServerConfigKeys (ConfUtils.java:logGet(46)) - raft.server.rpc.sleep.time = 25ms (default)
2022-11-04 01:07:58,067 [pool-141-thread-1] INFO  server.RaftServerConfigKeys (ConfUtils.java:logGet(46)) - raft.server.rpc.slowness.timeout = 300s (custom)
2022-11-04 01:07:58,067 [pool-141-thread-1] INFO  server.RaftServerConfigKeys (ConfUtils.java:logGet(46)) - raft.server.leaderelection.leader.step-down.wait-time = 10s (default)
2022-11-04 01:07:58,067 [pool-141-thread-1] INFO  server.RaftServerConfigKeys (ConfUtils.java:logGet(46)) - raft.server.sleep.deviation.threshold = 300ms (default)
2022-11-04 01:07:58,067 [pool-141-thread-1] INFO  server.RaftServer$Division (ServerState.java:<init>(118)) - 47858208-0de4-46ca-af6a-45b9f6a00c92@group-760B59CC648B: ConfigurationManager, init=-1: peers:[47858208-0de4-46ca-af6a-45b9f6a00c92|rpc:10.1.0.17:42645|priority:1|startupRole:FOLLOWER, e73ed4bb-a433-4ecd-b93a-d0b4e16433ed|rpc:10.1.0.17:37481|priority:0|startupRole:FOLLOWER, 914271eb-14eb-4bb5-b4be-b6b4d3827766|rpc:10.1.0.17:40663|priority:0|startupRole:FOLLOWER]|listeners:[], old=null, confs=<EMPTY_MAP>
2022-11-04 01:07:58,067 [pool-141-thread-1] INFO  server.RaftServerConfigKeys (ConfUtils.java:logGet(46)) - raft.server.storage.dir = [/home/runner/work/ozone/ozone/hadoop-ozone/integration-test/target/test-dir/MiniOzoneClusterImpl-e654cb93-8a46-4732-947e-f27e0a8f69eb/datanode-3/data/ratis] (custom)
2022-11-04 01:07:58,067 [pool-141-thread-1] INFO  server.RaftServerConfigKeys (ConfUtils.java:logGet(46)) - raft.server.log.corruption.policy = EXCEPTION (default)
2022-11-04 01:07:58,067 [pool-141-thread-1] INFO  server.RaftServerConfigKeys (ConfUtils.java:logGet(46)) - raft.server.storage.free-space.min = 0MB (=0) (default)
2022-11-04 01:07:58,067 [pool-141-thread-1] INFO  server.RaftServerConfigKeys (ConfUtils.java:logGet(46)) - raft.server.notification.no-leader.timeout = 300s (custom)
2022-11-04 01:07:58,067 [pool-141-thread-1] INFO  server.RaftServerConfigKeys (ConfUtils.java:logGet(46)) - raft.server.retrycache.expirytime = 600000ms (custom)
2022-11-04 01:07:58,067 [pool-141-thread-1] INFO  server.RaftServerConfigKeys (ConfUtils.java:logGet(46)) - raft.server.retrycache.statistics.expirytime = 100μs (default)
2022-11-04 01:07:58,068 [pool-141-thread-1] INFO  server.RaftServerConfigKeys (ConfUtils.java:logGet(46)) - raft.server.log.appender.install.snapshot.enabled = false (custom)
2022-11-04 01:07:58,068 [pool-141-thread-1] INFO  server.RaftServerConfigKeys (ConfUtils.java:logGet(46)) - raft.server.threadpool.server.cached = true (default)
2022-11-04 01:07:58,068 [pool-141-thread-1] INFO  server.RaftServerConfigKeys (ConfUtils.java:logGet(46)) - raft.server.threadpool.server.size = 0 (default)
2022-11-04 01:07:58,069 [pool-141-thread-1] INFO  server.RaftServerConfigKeys (ConfUtils.java:logGet(46)) - raft.server.threadpool.client.cached = true (default)
2022-11-04 01:07:58,069 [pool-141-thread-1] INFO  server.RaftServerConfigKeys (ConfUtils.java:logGet(46)) - raft.server.threadpool.client.size = 0 (default)
2022-11-04 01:07:58,069 [pool-141-thread-1] INFO  storage.RaftStorageDirectory (RaftStorageDirectoryImpl.java:analyzeStorage(137)) - The storage directory /home/runner/work/ozone/ozone/hadoop-ozone/integration-test/target/test-dir/MiniOzoneClusterImpl-e654cb93-8a46-4732-947e-f27e0a8f69eb/datanode-3/data/ratis/60311b87-1e1a-4bb0-826d-760b59cc648b does not exist. Creating ...
2022-11-04 01:07:58,070 [pool-141-thread-1] INFO  storage.RaftStorageDirectory (RaftStorageDirectoryImpl.java:tryLock(231)) - Lock on /home/runner/work/ozone/ozone/hadoop-ozone/integration-test/target/test-dir/MiniOzoneClusterImpl-e654cb93-8a46-4732-947e-f27e0a8f69eb/datanode-3/data/ratis/60311b87-1e1a-4bb0-826d-760b59cc648b/in_use.lock acquired by nodename 14694@fv-az39-323
2022-11-04 01:07:58,072 [pool-141-thread-1] INFO  storage.RaftStorage (RaftStorageImpl.java:format(96)) - Storage directory /home/runner/work/ozone/ozone/hadoop-ozone/integration-test/target/test-dir/MiniOzoneClusterImpl-e654cb93-8a46-4732-947e-f27e0a8f69eb/datanode-3/data/ratis/60311b87-1e1a-4bb0-826d-760b59cc648b has been successfully formatted.
2022-11-04 01:07:58,072 [pool-141-thread-1] INFO  ratis.ContainerStateMachine (ContainerStateMachine.java:loadSnapshot(236)) - group-760B59CC648B: The snapshot info is null. Setting the last applied indexto:(t:0, i:~)
2022-11-04 01:07:58,072 [pool-141-thread-1] INFO  server.RaftServerConfigKeys (ConfUtils.java:logGet(46)) - raft.server.log.use.memory = false (default)
2022-11-04 01:07:58,072 [pool-141-thread-1] INFO  server.RaftServerConfigKeys (ConfUtils.java:logGet(46)) - raft.server.log.purge.gap = 1000000 (custom)
2022-11-04 01:07:58,072 [pool-141-thread-1] INFO  server.RaftServerConfigKeys (ConfUtils.java:logGet(46)) - raft.server.log.appender.buffer.byte-limit = 33554432 (custom)
2022-11-04 01:07:58,072 [pool-141-thread-1] INFO  server.RaftServerConfigKeys (ConfUtils.java:logGet(46)) - raft.server.log.statemachine.data.read.timeout = 1000ms (default)
2022-11-04 01:07:58,072 [pool-141-thread-1] INFO  server.RaftServerConfigKeys (ConfUtils.java:logGet(46)) - raft.server.log.purge.preservation.log.num = 0 (default)
2022-11-04 01:07:58,075 [EventQueue-OpenPipelineForHealthyPipelineSafeModeRule] INFO  safemode.SCMSafeModeManager (HealthyPipelineSafeModeRule.java:process(137)) - SCM in safe mode. Healthy pipelines reported count is 0, required healthy pipeline reported count is 1
2022-11-04 01:07:58,075 [pool-141-thread-1] INFO  server.RaftServerConfigKeys (ConfUtils.java:logGet(46)) - raft.server.log.segment.size.max = 1048576 (custom)
2022-11-04 01:07:58,076 [pool-141-thread-1] INFO  server.RaftServerConfigKeys (ConfUtils.java:logGet(46)) - raft.server.log.segment.cache.num.max = 2 (custom)
2022-11-04 01:07:58,076 [pool-141-thread-1] INFO  server.RaftServerConfigKeys (ConfUtils.java:logGet(46)) - raft.server.log.segment.cache.size.max = 200MB (=209715200) (default)
2022-11-04 01:07:58,076 [pool-141-thread-1] INFO  segmented.SegmentedRaftLogWorker (SegmentedRaftLogWorker.java:<init>(191)) - new 47858208-0de4-46ca-af6a-45b9f6a00c92@group-760B59CC648B-SegmentedRaftLogWorker for RaftStorageImpl:Storage Directory /home/runner/work/ozone/ozone/hadoop-ozone/integration-test/target/test-dir/MiniOzoneClusterImpl-e654cb93-8a46-4732-947e-f27e0a8f69eb/datanode-3/data/ratis/60311b87-1e1a-4bb0-826d-760b59cc648b
2022-11-04 01:07:58,076 [pool-141-thread-1] INFO  server.RaftServerConfigKeys (ConfUtils.java:logGet(46)) - raft.server.log.queue.byte-limit = 4294967296 (custom)
2022-11-04 01:07:58,076 [pool-141-thread-1] INFO  server.RaftServerConfigKeys (ConfUtils.java:logGet(46)) - raft.server.log.queue.element-limit = 1024 (custom)
2022-11-04 01:07:58,076 [pool-141-thread-1] INFO  server.RaftServerConfigKeys (ConfUtils.java:logGet(46)) - raft.server.log.segment.size.max = 1048576 (custom)
2022-11-04 01:07:58,077 [pool-141-thread-1] INFO  server.RaftServerConfigKeys (ConfUtils.java:logGet(46)) - raft.server.log.preallocated.size = 16384 (custom)
2022-11-04 01:07:58,077 [pool-141-thread-1] INFO  server.RaftServerConfigKeys (ConfUtils.java:logGet(46)) - raft.server.log.force.sync.num = 128 (default)
2022-11-04 01:07:58,077 [pool-141-thread-1] INFO  server.RaftServerConfigKeys (ConfUtils.java:logGet(46)) - raft.server.log.statemachine.data.sync = true (default)
2022-11-04 01:07:58,077 [pool-141-thread-1] INFO  server.RaftServerConfigKeys (ConfUtils.java:logGet(46)) - raft.server.log.statemachine.data.sync.timeout = 10s (default)
2022-11-04 01:07:58,077 [pool-141-thread-1] INFO  server.RaftServerConfigKeys (ConfUtils.java:logGet(46)) - raft.server.log.statemachine.data.sync.timeout.retry = -1 (default)
2022-11-04 01:07:58,078 [pool-141-thread-1] INFO  server.RaftServerConfigKeys (ConfUtils.java:logGet(46)) - raft.server.log.write.buffer.size = 1048576 (custom)
2022-11-04 01:07:58,078 [pool-141-thread-1] INFO  server.RaftServerConfigKeys (ConfUtils.java:logGet(46)) - raft.server.log.unsafe-flush.enabled = false (default)
2022-11-04 01:07:58,078 [pool-141-thread-1] INFO  server.RaftServerConfigKeys (ConfUtils.java:logGet(46)) - raft.server.log.async-flush.enabled = false (default)
2022-11-04 01:07:58,078 [pool-141-thread-1] INFO  server.RaftServerConfigKeys (ConfUtils.java:logGet(46)) - raft.server.log.statemachine.data.caching.enabled = true (custom)
2022-11-04 01:07:58,078 [pool-141-thread-1] INFO  segmented.SegmentedRaftLogWorker (SegmentedRaftLogWorker.java:lambda$new$0(136)) - 47858208-0de4-46ca-af6a-45b9f6a00c92@group-760B59CC648B-SegmentedRaftLogWorker: flushIndex: setUnconditionally 0 -> -1
2022-11-04 01:07:58,079 [pool-141-thread-1] INFO  segmented.SegmentedRaftLogWorker (SegmentedRaftLogWorker.java:lambda$new$0(136)) - 47858208-0de4-46ca-af6a-45b9f6a00c92@group-760B59CC648B-SegmentedRaftLogWorker: safeCacheEvictIndex: setUnconditionally 0 -> -1
2022-11-04 01:07:58,079 [pool-141-thread-1] INFO  server.RaftServer$Division (RaftServerImpl.java:start(334)) - 47858208-0de4-46ca-af6a-45b9f6a00c92@group-760B59CC648B: start as a follower, conf=-1: peers:[47858208-0de4-46ca-af6a-45b9f6a00c92|rpc:10.1.0.17:42645|priority:1|startupRole:FOLLOWER, e73ed4bb-a433-4ecd-b93a-d0b4e16433ed|rpc:10.1.0.17:37481|priority:0|startupRole:FOLLOWER, 914271eb-14eb-4bb5-b4be-b6b4d3827766|rpc:10.1.0.17:40663|priority:0|startupRole:FOLLOWER]|listeners:[], old=null
2022-11-04 01:07:58,079 [pool-141-thread-1] INFO  server.RaftServer$Division (RaftServerImpl.java:setRole(321)) - 47858208-0de4-46ca-af6a-45b9f6a00c92@group-760B59CC648B: changes role from      null to FOLLOWER at term 0 for startAsFollower
2022-11-04 01:07:58,079 [pool-141-thread-1] INFO  impl.RoleInfo (RoleInfo.java:updateAndGet(139)) - 47858208-0de4-46ca-af6a-45b9f6a00c92: start 47858208-0de4-46ca-af6a-45b9f6a00c92@group-760B59CC648B-FollowerState
2022-11-04 01:07:58,079 [pool-141-thread-1] INFO  util.JmxRegister (JmxRegister.java:tryRegister(44)) - Successfully registered JMX Bean with object name Ratis:service=RaftServer,group=group-760B59CC648B,id=47858208-0de4-46ca-af6a-45b9f6a00c92
2022-11-04 01:07:58,079 [pool-141-thread-1] INFO  server.RaftServerConfigKeys (ConfUtils.java:logGet(46)) - raft.server.snapshot.auto.trigger.enabled = true (custom)
2022-11-04 01:07:58,079 [pool-141-thread-1] INFO  server.RaftServerConfigKeys (ConfUtils.java:logGet(46)) - raft.server.snapshot.auto.trigger.threshold = 10000 (custom)
2022-11-04 01:07:58,079 [pool-141-thread-1] INFO  server.RaftServerConfigKeys (ConfUtils.java:logGet(46)) - raft.server.snapshot.retention.file.num = 5 (custom)
2022-11-04 01:07:58,079 [pool-141-thread-1] INFO  server.RaftServerConfigKeys (ConfUtils.java:logGet(46)) - raft.server.log.purge.upto.snapshot.index = false (default)
2022-11-04 01:07:58,080 [Command processor thread] INFO  ratis.XceiverServerRatis (XceiverServerRatis.java:addGroup(765)) - Created group PipelineID=60311b87-1e1a-4bb0-826d-760b59cc648b
2022-11-04 01:07:58,080 [47858208-0de4-46ca-af6a-45b9f6a00c92@group-760B59CC648B-FollowerState] INFO  server.RaftServerConfigKeys (ConfUtils.java:logFallback(53)) - raft.server.rpc.first-election.timeout.min = 5s (fallback to raft.server.rpc.timeout.min)
2022-11-04 01:07:58,080 [47858208-0de4-46ca-af6a-45b9f6a00c92@group-760B59CC648B-FollowerState] INFO  server.RaftServerConfigKeys (ConfUtils.java:logFallback(53)) - raft.server.rpc.first-election.timeout.max = 5200ms (fallback to raft.server.rpc.timeout.max)
2022-11-04 01:07:58,097 [Listener at 127.0.0.1/40125] INFO  ozone.MiniOzoneClusterImpl (MiniOzoneClusterImpl.java:lambda$waitForClusterToBeReady$0(216)) - Nodes are ready. Got 10 of 10 DN Heartbeats.
2022-11-04 01:07:58,098 [Listener at 127.0.0.1/40125] INFO  ozone.MiniOzoneClusterImpl (MiniOzoneClusterImpl.java:lambda$waitForClusterToBeReady$0(219)) - Waiting for cluster to exit safe mode
2022-11-04 01:07:58,098 [Listener at 127.0.0.1/40125] INFO  ozone.MiniOzoneClusterImpl (MiniOzoneClusterImpl.java:lambda$waitForClusterToBeReady$0(221)) - SCM became leader
2022-11-04 01:07:58,099 [grpc-default-executor-0] INFO  server.RaftServer (RaftServerProxy.java:addNew(96)) - e73ed4bb-a433-4ecd-b93a-d0b4e16433ed: addNew group-760B59CC648B:[47858208-0de4-46ca-af6a-45b9f6a00c92|rpc:10.1.0.17:42645|dataStream:|priority:1|startupRole:FOLLOWER, e73ed4bb-a433-4ecd-b93a-d0b4e16433ed|rpc:10.1.0.17:37481|dataStream:|priority:0|startupRole:FOLLOWER, 914271eb-14eb-4bb5-b4be-b6b4d3827766|rpc:10.1.0.17:40663|dataStream:|priority:0|startupRole:FOLLOWER] returns group-760B59CC648B:java.util.concurrent.CompletableFuture@7ce613fb[Not completed]
2022-11-04 01:07:58,100 [pool-164-thread-1] INFO  server.RaftServer$Division (RaftServerImpl.java:<init>(195)) - e73ed4bb-a433-4ecd-b93a-d0b4e16433ed: new RaftServerImpl for group-760B59CC648B:[47858208-0de4-46ca-af6a-45b9f6a00c92|rpc:10.1.0.17:42645|dataStream:|priority:1|startupRole:FOLLOWER, e73ed4bb-a433-4ecd-b93a-d0b4e16433ed|rpc:10.1.0.17:37481|dataStream:|priority:0|startupRole:FOLLOWER, 914271eb-14eb-4bb5-b4be-b6b4d3827766|rpc:10.1.0.17:40663|dataStream:|priority:0|startupRole:FOLLOWER] with ContainerStateMachine:uninitialized
2022-11-04 01:07:58,101 [pool-164-thread-1] INFO  server.RaftServerConfigKeys (ConfUtils.java:logGet(46)) - raft.server.rpc.timeout.min = 5s (custom)
2022-11-04 01:07:58,101 [pool-164-thread-1] INFO  server.RaftServerConfigKeys (ConfUtils.java:logGet(46)) - raft.server.rpc.timeout.max = 5200ms (custom)
2022-11-04 01:07:58,101 [pool-164-thread-1] INFO  server.RaftServerConfigKeys (ConfUtils.java:logGet(46)) - raft.server.rpc.sleep.time = 25ms (default)
2022-11-04 01:07:58,101 [pool-164-thread-1] INFO  server.RaftServerConfigKeys (ConfUtils.java:logGet(46)) - raft.server.rpc.slowness.timeout = 300s (custom)
2022-11-04 01:07:58,101 [pool-164-thread-1] INFO  server.RaftServerConfigKeys (ConfUtils.java:logGet(46)) - raft.server.leaderelection.leader.step-down.wait-time = 10s (default)
2022-11-04 01:07:58,101 [pool-164-thread-1] INFO  server.RaftServerConfigKeys (ConfUtils.java:logGet(46)) - raft.server.sleep.deviation.threshold = 300ms (default)
2022-11-04 01:07:58,101 [pool-164-thread-1] INFO  server.RaftServer$Division (ServerState.java:<init>(118)) - e73ed4bb-a433-4ecd-b93a-d0b4e16433ed@group-760B59CC648B: ConfigurationManager, init=-1: peers:[47858208-0de4-46ca-af6a-45b9f6a00c92|rpc:10.1.0.17:42645|dataStream:|priority:1|startupRole:FOLLOWER, e73ed4bb-a433-4ecd-b93a-d0b4e16433ed|rpc:10.1.0.17:37481|dataStream:|priority:0|startupRole:FOLLOWER, 914271eb-14eb-4bb5-b4be-b6b4d3827766|rpc:10.1.0.17:40663|dataStream:|priority:0|startupRole:FOLLOWER]|listeners:[], old=null, confs=<EMPTY_MAP>
2022-11-04 01:07:58,101 [pool-164-thread-1] INFO  server.RaftServerConfigKeys (ConfUtils.java:logGet(46)) - raft.server.storage.dir = [/home/runner/work/ozone/ozone/hadoop-ozone/integration-test/target/test-dir/MiniOzoneClusterImpl-e654cb93-8a46-4732-947e-f27e0a8f69eb/datanode-4/data/ratis] (custom)
2022-11-04 01:07:58,101 [pool-164-thread-1] INFO  server.RaftServerConfigKeys (ConfUtils.java:logGet(46)) - raft.server.log.corruption.policy = EXCEPTION (default)
2022-11-04 01:07:58,101 [pool-164-thread-1] INFO  server.RaftServerConfigKeys (ConfUtils.java:logGet(46)) - raft.server.storage.free-space.min = 0MB (=0) (default)
2022-11-04 01:07:58,101 [pool-164-thread-1] INFO  server.RaftServerConfigKeys (ConfUtils.java:logGet(46)) - raft.server.notification.no-leader.timeout = 300s (custom)
2022-11-04 01:07:58,101 [pool-164-thread-1] INFO  server.RaftServerConfigKeys (ConfUtils.java:logGet(46)) - raft.server.retrycache.expirytime = 600000ms (custom)
2022-11-04 01:07:58,101 [pool-164-thread-1] INFO  server.RaftServerConfigKeys (ConfUtils.java:logGet(46)) - raft.server.retrycache.statistics.expirytime = 100μs (default)
2022-11-04 01:07:58,107 [pool-164-thread-1] INFO  server.RaftServerConfigKeys (ConfUtils.java:logGet(46)) - raft.server.log.appender.install.snapshot.enabled = false (custom)
2022-11-04 01:07:58,107 [pool-164-thread-1] INFO  server.RaftServerConfigKeys (ConfUtils.java:logGet(46)) - raft.server.threadpool.server.cached = true (default)
2022-11-04 01:07:58,107 [pool-164-thread-1] INFO  server.RaftServerConfigKeys (ConfUtils.java:logGet(46)) - raft.server.threadpool.server.size = 0 (default)
2022-11-04 01:07:58,107 [pool-164-thread-1] INFO  server.RaftServerConfigKeys (ConfUtils.java:logGet(46)) - raft.server.threadpool.client.cached = true (default)
2022-11-04 01:07:58,107 [pool-164-thread-1] INFO  server.RaftServerConfigKeys (ConfUtils.java:logGet(46)) - raft.server.threadpool.client.size = 0 (default)
2022-11-04 01:07:58,108 [pool-164-thread-1] INFO  storage.RaftStorageDirectory (RaftStorageDirectoryImpl.java:analyzeStorage(137)) - The storage directory /home/runner/work/ozone/ozone/hadoop-ozone/integration-test/target/test-dir/MiniOzoneClusterImpl-e654cb93-8a46-4732-947e-f27e0a8f69eb/datanode-4/data/ratis/60311b87-1e1a-4bb0-826d-760b59cc648b does not exist. Creating ...
2022-11-04 01:07:58,109 [pool-164-thread-1] INFO  storage.RaftStorageDirectory (RaftStorageDirectoryImpl.java:tryLock(231)) - Lock on /home/runner/work/ozone/ozone/hadoop-ozone/integration-test/target/test-dir/MiniOzoneClusterImpl-e654cb93-8a46-4732-947e-f27e0a8f69eb/datanode-4/data/ratis/60311b87-1e1a-4bb0-826d-760b59cc648b/in_use.lock acquired by nodename 14694@fv-az39-323
2022-11-04 01:07:58,111 [pool-164-thread-1] INFO  storage.RaftStorage (RaftStorageImpl.java:format(96)) - Storage directory /home/runner/work/ozone/ozone/hadoop-ozone/integration-test/target/test-dir/MiniOzoneClusterImpl-e654cb93-8a46-4732-947e-f27e0a8f69eb/datanode-4/data/ratis/60311b87-1e1a-4bb0-826d-760b59cc648b has been successfully formatted.
2022-11-04 01:07:58,114 [pool-164-thread-1] INFO  ratis.ContainerStateMachine (ContainerStateMachine.java:loadSnapshot(236)) - group-760B59CC648B: The snapshot info is null. Setting the last applied indexto:(t:0, i:~)
2022-11-04 01:07:58,114 [pool-164-thread-1] INFO  server.RaftServerConfigKeys (ConfUtils.java:logGet(46)) - raft.server.log.use.memory = false (default)
2022-11-04 01:07:58,114 [pool-164-thread-1] INFO  server.RaftServerConfigKeys (ConfUtils.java:logGet(46)) - raft.server.log.purge.gap = 1000000 (custom)
2022-11-04 01:07:58,114 [pool-164-thread-1] INFO  server.RaftServerConfigKeys (ConfUtils.java:logGet(46)) - raft.server.log.appender.buffer.byte-limit = 33554432 (custom)
2022-11-04 01:07:58,114 [pool-164-thread-1] INFO  server.RaftServerConfigKeys (ConfUtils.java:logGet(46)) - raft.server.log.statemachine.data.read.timeout = 1000ms (default)
2022-11-04 01:07:58,114 [pool-164-thread-1] INFO  server.RaftServerConfigKeys (ConfUtils.java:logGet(46)) - raft.server.log.purge.preservation.log.num = 0 (default)
2022-11-04 01:07:58,114 [pool-164-thread-1] INFO  server.RaftServerConfigKeys (ConfUtils.java:logGet(46)) - raft.server.log.segment.size.max = 1048576 (custom)
2022-11-04 01:07:58,114 [pool-164-thread-1] INFO  server.RaftServerConfigKeys (ConfUtils.java:logGet(46)) - raft.server.log.segment.cache.num.max = 2 (custom)
2022-11-04 01:07:58,114 [pool-164-thread-1] INFO  server.RaftServerConfigKeys (ConfUtils.java:logGet(46)) - raft.server.log.segment.cache.size.max = 200MB (=209715200) (default)
2022-11-04 01:07:58,115 [pool-164-thread-1] INFO  segmented.SegmentedRaftLogWorker (SegmentedRaftLogWorker.java:<init>(191)) - new e73ed4bb-a433-4ecd-b93a-d0b4e16433ed@group-760B59CC648B-SegmentedRaftLogWorker for RaftStorageImpl:Storage Directory /home/runner/work/ozone/ozone/hadoop-ozone/integration-test/target/test-dir/MiniOzoneClusterImpl-e654cb93-8a46-4732-947e-f27e0a8f69eb/datanode-4/data/ratis/60311b87-1e1a-4bb0-826d-760b59cc648b
2022-11-04 01:07:58,115 [pool-164-thread-1] INFO  server.RaftServerConfigKeys (ConfUtils.java:logGet(46)) - raft.server.log.queue.byte-limit = 4294967296 (custom)
2022-11-04 01:07:58,115 [pool-164-thread-1] INFO  server.RaftServerConfigKeys (ConfUtils.java:logGet(46)) - raft.server.log.queue.element-limit = 1024 (custom)
2022-11-04 01:07:58,115 [pool-164-thread-1] INFO  server.RaftServerConfigKeys (ConfUtils.java:logGet(46)) - raft.server.log.segment.size.max = 1048576 (custom)
2022-11-04 01:07:58,115 [pool-164-thread-1] INFO  server.RaftServerConfigKeys (ConfUtils.java:logGet(46)) - raft.server.log.preallocated.size = 16384 (custom)
2022-11-04 01:07:58,115 [pool-164-thread-1] INFO  server.RaftServerConfigKeys (ConfUtils.java:logGet(46)) - raft.server.log.force.sync.num = 128 (default)
2022-11-04 01:07:58,116 [pool-164-thread-1] INFO  server.RaftServerConfigKeys (ConfUtils.java:logGet(46)) - raft.server.log.statemachine.data.sync = true (default)
2022-11-04 01:07:58,116 [pool-164-thread-1] INFO  server.RaftServerConfigKeys (ConfUtils.java:logGet(46)) - raft.server.log.statemachine.data.sync.timeout = 10s (default)
2022-11-04 01:07:58,116 [pool-164-thread-1] INFO  server.RaftServerConfigKeys (ConfUtils.java:logGet(46)) - raft.server.log.statemachine.data.sync.timeout.retry = -1 (default)
2022-11-04 01:07:58,117 [pool-164-thread-1] INFO  server.RaftServerConfigKeys (ConfUtils.java:logGet(46)) - raft.server.log.write.buffer.size = 1048576 (custom)
2022-11-04 01:07:58,118 [pool-164-thread-1] INFO  server.RaftServerConfigKeys (ConfUtils.java:logGet(46)) - raft.server.log.unsafe-flush.enabled = false (default)
2022-11-04 01:07:58,118 [pool-164-thread-1] INFO  server.RaftServerConfigKeys (ConfUtils.java:logGet(46)) - raft.server.log.async-flush.enabled = false (default)
2022-11-04 01:07:58,118 [pool-164-thread-1] INFO  server.RaftServerConfigKeys (ConfUtils.java:logGet(46)) - raft.server.log.statemachine.data.caching.enabled = true (custom)
2022-11-04 01:07:58,120 [pool-164-thread-1] INFO  segmented.SegmentedRaftLogWorker (SegmentedRaftLogWorker.java:lambda$new$0(136)) - e73ed4bb-a433-4ecd-b93a-d0b4e16433ed@group-760B59CC648B-SegmentedRaftLogWorker: flushIndex: setUnconditionally 0 -> -1
2022-11-04 01:07:58,120 [pool-164-thread-1] INFO  segmented.SegmentedRaftLogWorker (SegmentedRaftLogWorker.java:lambda$new$0(136)) - e73ed4bb-a433-4ecd-b93a-d0b4e16433ed@group-760B59CC648B-SegmentedRaftLogWorker: safeCacheEvictIndex: setUnconditionally 0 -> -1
2022-11-04 01:07:58,121 [pool-164-thread-1] INFO  server.RaftServer$Division (RaftServerImpl.java:start(334)) - e73ed4bb-a433-4ecd-b93a-d0b4e16433ed@group-760B59CC648B: start as a follower, conf=-1: peers:[47858208-0de4-46ca-af6a-45b9f6a00c92|rpc:10.1.0.17:42645|dataStream:|priority:1|startupRole:FOLLOWER, e73ed4bb-a433-4ecd-b93a-d0b4e16433ed|rpc:10.1.0.17:37481|dataStream:|priority:0|startupRole:FOLLOWER, 914271eb-14eb-4bb5-b4be-b6b4d3827766|rpc:10.1.0.17:40663|dataStream:|priority:0|startupRole:FOLLOWER]|listeners:[], old=null
2022-11-04 01:07:58,121 [pool-164-thread-1] INFO  server.RaftServer$Division (RaftServerImpl.java:setRole(321)) - e73ed4bb-a433-4ecd-b93a-d0b4e16433ed@group-760B59CC648B: changes role from      null to FOLLOWER at term 0 for startAsFollower
2022-11-04 01:07:58,121 [pool-164-thread-1] INFO  impl.RoleInfo (RoleInfo.java:updateAndGet(139)) - e73ed4bb-a433-4ecd-b93a-d0b4e16433ed: start e73ed4bb-a433-4ecd-b93a-d0b4e16433ed@group-760B59CC648B-FollowerState
2022-11-04 01:07:58,127 [e73ed4bb-a433-4ecd-b93a-d0b4e16433ed@group-760B59CC648B-FollowerState] INFO  server.RaftServerConfigKeys (ConfUtils.java:logFallback(53)) - raft.server.rpc.first-election.timeout.min = 5s (fallback to raft.server.rpc.timeout.min)
2022-11-04 01:07:58,128 [pool-164-thread-1] INFO  util.JmxRegister (JmxRegister.java:tryRegister(44)) - Successfully registered JMX Bean with object name Ratis:service=RaftServer,group=group-760B59CC648B,id=e73ed4bb-a433-4ecd-b93a-d0b4e16433ed
2022-11-04 01:07:58,128 [e73ed4bb-a433-4ecd-b93a-d0b4e16433ed@group-760B59CC648B-FollowerState] INFO  server.RaftServerConfigKeys (ConfUtils.java:logFallback(53)) - raft.server.rpc.first-election.timeout.max = 5200ms (fallback to raft.server.rpc.timeout.max)
2022-11-04 01:07:58,128 [pool-164-thread-1] INFO  server.RaftServerConfigKeys (ConfUtils.java:logGet(46)) - raft.server.snapshot.auto.trigger.enabled = true (custom)
2022-11-04 01:07:58,128 [pool-164-thread-1] INFO  server.RaftServerConfigKeys (ConfUtils.java:logGet(46)) - raft.server.snapshot.auto.trigger.threshold = 10000 (custom)
2022-11-04 01:07:58,128 [pool-164-thread-1] INFO  server.RaftServerConfigKeys (ConfUtils.java:logGet(46)) - raft.server.snapshot.retention.file.num = 5 (custom)
2022-11-04 01:07:58,128 [pool-164-thread-1] INFO  server.RaftServerConfigKeys (ConfUtils.java:logGet(46)) - raft.server.log.purge.upto.snapshot.index = false (default)
2022-11-04 01:07:58,153 [grpc-default-executor-0] INFO  server.RaftServer (RaftServerProxy.java:addNew(96)) - 914271eb-14eb-4bb5-b4be-b6b4d3827766: addNew group-760B59CC648B:[47858208-0de4-46ca-af6a-45b9f6a00c92|rpc:10.1.0.17:42645|dataStream:|priority:1|startupRole:FOLLOWER, e73ed4bb-a433-4ecd-b93a-d0b4e16433ed|rpc:10.1.0.17:37481|dataStream:|priority:0|startupRole:FOLLOWER, 914271eb-14eb-4bb5-b4be-b6b4d3827766|rpc:10.1.0.17:40663|dataStream:|priority:0|startupRole:FOLLOWER] returns group-760B59CC648B:java.util.concurrent.CompletableFuture@73e3a992[Not completed]
2022-11-04 01:07:58,154 [pool-187-thread-1] INFO  server.RaftServer$Division (RaftServerImpl.java:<init>(195)) - 914271eb-14eb-4bb5-b4be-b6b4d3827766: new RaftServerImpl for group-760B59CC648B:[47858208-0de4-46ca-af6a-45b9f6a00c92|rpc:10.1.0.17:42645|dataStream:|priority:1|startupRole:FOLLOWER, e73ed4bb-a433-4ecd-b93a-d0b4e16433ed|rpc:10.1.0.17:37481|dataStream:|priority:0|startupRole:FOLLOWER, 914271eb-14eb-4bb5-b4be-b6b4d3827766|rpc:10.1.0.17:40663|dataStream:|priority:0|startupRole:FOLLOWER] with ContainerStateMachine:uninitialized
2022-11-04 01:07:58,154 [pool-187-thread-1] INFO  server.RaftServerConfigKeys (ConfUtils.java:logGet(46)) - raft.server.rpc.timeout.min = 5s (custom)
2022-11-04 01:07:58,154 [pool-187-thread-1] INFO  server.RaftServerConfigKeys (ConfUtils.java:logGet(46)) - raft.server.rpc.timeout.max = 5200ms (custom)
2022-11-04 01:07:58,154 [pool-187-thread-1] INFO  server.RaftServerConfigKeys (ConfUtils.java:logGet(46)) - raft.server.rpc.sleep.time = 25ms (default)
2022-11-04 01:07:58,154 [pool-187-thread-1] INFO  server.RaftServerConfigKeys (ConfUtils.java:logGet(46)) - raft.server.rpc.slowness.timeout = 300s (custom)
2022-11-04 01:07:58,154 [pool-187-thread-1] INFO  server.RaftServerConfigKeys (ConfUtils.java:logGet(46)) - raft.server.leaderelection.leader.step-down.wait-time = 10s (default)
2022-11-04 01:07:58,154 [pool-187-thread-1] INFO  server.RaftServerConfigKeys (ConfUtils.java:logGet(46)) - raft.server.sleep.deviation.threshold = 300ms (default)
2022-11-04 01:07:58,154 [pool-187-thread-1] INFO  server.RaftServer$Division (ServerState.java:<init>(118)) - 914271eb-14eb-4bb5-b4be-b6b4d3827766@group-760B59CC648B: ConfigurationManager, init=-1: peers:[47858208-0de4-46ca-af6a-45b9f6a00c92|rpc:10.1.0.17:42645|dataStream:|priority:1|startupRole:FOLLOWER, e73ed4bb-a433-4ecd-b93a-d0b4e16433ed|rpc:10.1.0.17:37481|dataStream:|priority:0|startupRole:FOLLOWER, 914271eb-14eb-4bb5-b4be-b6b4d3827766|rpc:10.1.0.17:40663|dataStream:|priority:0|startupRole:FOLLOWER]|listeners:[], old=null, confs=<EMPTY_MAP>
2022-11-04 01:07:58,154 [pool-187-thread-1] INFO  server.RaftServerConfigKeys (ConfUtils.java:logGet(46)) - raft.server.storage.dir = [/home/runner/work/ozone/ozone/hadoop-ozone/integration-test/target/test-dir/MiniOzoneClusterImpl-e654cb93-8a46-4732-947e-f27e0a8f69eb/datanode-5/data/ratis] (custom)
2022-11-04 01:07:58,154 [pool-187-thread-1] INFO  server.RaftServerConfigKeys (ConfUtils.java:logGet(46)) - raft.server.log.corruption.policy = EXCEPTION (default)
2022-11-04 01:07:58,154 [pool-187-thread-1] INFO  server.RaftServerConfigKeys (ConfUtils.java:logGet(46)) - raft.server.storage.free-space.min = 0MB (=0) (default)
2022-11-04 01:07:58,154 [pool-187-thread-1] INFO  server.RaftServerConfigKeys (ConfUtils.java:logGet(46)) - raft.server.notification.no-leader.timeout = 300s (custom)
2022-11-04 01:07:58,154 [pool-187-thread-1] INFO  server.RaftServerConfigKeys (ConfUtils.java:logGet(46)) - raft.server.retrycache.expirytime = 600000ms (custom)
2022-11-04 01:07:58,154 [pool-187-thread-1] INFO  server.RaftServerConfigKeys (ConfUtils.java:logGet(46)) - raft.server.retrycache.statistics.expirytime = 100μs (default)
2022-11-04 01:07:58,156 [pool-187-thread-1] INFO  server.RaftServerConfigKeys (ConfUtils.java:logGet(46)) - raft.server.log.appender.install.snapshot.enabled = false (custom)
2022-11-04 01:07:58,156 [pool-187-thread-1] INFO  server.RaftServerConfigKeys (ConfUtils.java:logGet(46)) - raft.server.threadpool.server.cached = true (default)
2022-11-04 01:07:58,158 [pool-187-thread-1] INFO  server.RaftServerConfigKeys (ConfUtils.java:logGet(46)) - raft.server.threadpool.server.size = 0 (default)
2022-11-04 01:07:58,158 [pool-187-thread-1] INFO  server.RaftServerConfigKeys (ConfUtils.java:logGet(46)) - raft.server.threadpool.client.cached = true (default)
2022-11-04 01:07:58,158 [pool-187-thread-1] INFO  server.RaftServerConfigKeys (ConfUtils.java:logGet(46)) - raft.server.threadpool.client.size = 0 (default)
2022-11-04 01:07:58,158 [pool-187-thread-1] INFO  storage.RaftStorageDirectory (RaftStorageDirectoryImpl.java:analyzeStorage(137)) - The storage directory /home/runner/work/ozone/ozone/hadoop-ozone/integration-test/target/test-dir/MiniOzoneClusterImpl-e654cb93-8a46-4732-947e-f27e0a8f69eb/datanode-5/data/ratis/60311b87-1e1a-4bb0-826d-760b59cc648b does not exist. Creating ...
2022-11-04 01:07:58,159 [pool-187-thread-1] INFO  storage.RaftStorageDirectory (RaftStorageDirectoryImpl.java:tryLock(231)) - Lock on /home/runner/work/ozone/ozone/hadoop-ozone/integration-test/target/test-dir/MiniOzoneClusterImpl-e654cb93-8a46-4732-947e-f27e0a8f69eb/datanode-5/data/ratis/60311b87-1e1a-4bb0-826d-760b59cc648b/in_use.lock acquired by nodename 14694@fv-az39-323
2022-11-04 01:07:58,161 [pool-187-thread-1] INFO  storage.RaftStorage (RaftStorageImpl.java:format(96)) - Storage directory /home/runner/work/ozone/ozone/hadoop-ozone/integration-test/target/test-dir/MiniOzoneClusterImpl-e654cb93-8a46-4732-947e-f27e0a8f69eb/datanode-5/data/ratis/60311b87-1e1a-4bb0-826d-760b59cc648b has been successfully formatted.
2022-11-04 01:07:58,161 [pool-187-thread-1] INFO  ratis.ContainerStateMachine (ContainerStateMachine.java:loadSnapshot(236)) - group-760B59CC648B: The snapshot info is null. Setting the last applied indexto:(t:0, i:~)
2022-11-04 01:07:58,161 [pool-187-thread-1] INFO  server.RaftServerConfigKeys (ConfUtils.java:logGet(46)) - raft.server.log.use.memory = false (default)
2022-11-04 01:07:58,162 [pool-187-thread-1] INFO  server.RaftServerConfigKeys (ConfUtils.java:logGet(46)) - raft.server.log.purge.gap = 1000000 (custom)
2022-11-04 01:07:58,162 [pool-187-thread-1] INFO  server.RaftServerConfigKeys (ConfUtils.java:logGet(46)) - raft.server.log.appender.buffer.byte-limit = 33554432 (custom)
2022-11-04 01:07:58,162 [pool-187-thread-1] INFO  server.RaftServerConfigKeys (ConfUtils.java:logGet(46)) - raft.server.log.statemachine.data.read.timeout = 1000ms (default)
2022-11-04 01:07:58,162 [pool-187-thread-1] INFO  server.RaftServerConfigKeys (ConfUtils.java:logGet(46)) - raft.server.log.purge.preservation.log.num = 0 (default)
2022-11-04 01:07:58,162 [pool-187-thread-1] INFO  server.RaftServerConfigKeys (ConfUtils.java:logGet(46)) - raft.server.log.segment.size.max = 1048576 (custom)
2022-11-04 01:07:58,163 [pool-187-thread-1] INFO  server.RaftServerConfigKeys (ConfUtils.java:logGet(46)) - raft.server.log.segment.cache.num.max = 2 (custom)
2022-11-04 01:07:58,163 [pool-187-thread-1] INFO  server.RaftServerConfigKeys (ConfUtils.java:logGet(46)) - raft.server.log.segment.cache.size.max = 200MB (=209715200) (default)
2022-11-04 01:07:58,163 [pool-187-thread-1] INFO  segmented.SegmentedRaftLogWorker (SegmentedRaftLogWorker.java:<init>(191)) - new 914271eb-14eb-4bb5-b4be-b6b4d3827766@group-760B59CC648B-SegmentedRaftLogWorker for RaftStorageImpl:Storage Directory /home/runner/work/ozone/ozone/hadoop-ozone/integration-test/target/test-dir/MiniOzoneClusterImpl-e654cb93-8a46-4732-947e-f27e0a8f69eb/datanode-5/data/ratis/60311b87-1e1a-4bb0-826d-760b59cc648b
2022-11-04 01:07:58,163 [pool-187-thread-1] INFO  server.RaftServerConfigKeys (ConfUtils.java:logGet(46)) - raft.server.log.queue.byte-limit = 4294967296 (custom)
2022-11-04 01:07:58,163 [pool-187-thread-1] INFO  server.RaftServerConfigKeys (ConfUtils.java:logGet(46)) - raft.server.log.queue.element-limit = 1024 (custom)
2022-11-04 01:07:58,163 [pool-187-thread-1] INFO  server.RaftServerConfigKeys (ConfUtils.java:logGet(46)) - raft.server.log.segment.size.max = 1048576 (custom)
2022-11-04 01:07:58,163 [pool-187-thread-1] INFO  server.RaftServerConfigKeys (ConfUtils.java:logGet(46)) - raft.server.log.preallocated.size = 16384 (custom)
2022-11-04 01:07:58,163 [pool-187-thread-1] INFO  server.RaftServerConfigKeys (ConfUtils.java:logGet(46)) - raft.server.log.force.sync.num = 128 (default)
2022-11-04 01:07:58,163 [pool-187-thread-1] INFO  server.RaftServerConfigKeys (ConfUtils.java:logGet(46)) - raft.server.log.statemachine.data.sync = true (default)
2022-11-04 01:07:58,163 [pool-187-thread-1] INFO  server.RaftServerConfigKeys (ConfUtils.java:logGet(46)) - raft.server.log.statemachine.data.sync.timeout = 10s (default)
2022-11-04 01:07:58,163 [pool-187-thread-1] INFO  server.RaftServerConfigKeys (ConfUtils.java:logGet(46)) - raft.server.log.statemachine.data.sync.timeout.retry = -1 (default)
2022-11-04 01:07:58,164 [pool-187-thread-1] INFO  server.RaftServerConfigKeys (ConfUtils.java:logGet(46)) - raft.server.log.write.buffer.size = 1048576 (custom)
2022-11-04 01:07:58,165 [pool-187-thread-1] INFO  server.RaftServerConfigKeys (ConfUtils.java:logGet(46)) - raft.server.log.unsafe-flush.enabled = false (default)
2022-11-04 01:07:58,165 [pool-187-thread-1] INFO  server.RaftServerConfigKeys (ConfUtils.java:logGet(46)) - raft.server.log.async-flush.enabled = false (default)
2022-11-04 01:07:58,165 [pool-187-thread-1] INFO  server.RaftServerConfigKeys (ConfUtils.java:logGet(46)) - raft.server.log.statemachine.data.caching.enabled = true (custom)
2022-11-04 01:07:58,165 [pool-187-thread-1] INFO  segmented.SegmentedRaftLogWorker (SegmentedRaftLogWorker.java:lambda$new$0(136)) - 914271eb-14eb-4bb5-b4be-b6b4d3827766@group-760B59CC648B-SegmentedRaftLogWorker: flushIndex: setUnconditionally 0 -> -1
2022-11-04 01:07:58,165 [pool-187-thread-1] INFO  segmented.SegmentedRaftLogWorker (SegmentedRaftLogWorker.java:lambda$new$0(136)) - 914271eb-14eb-4bb5-b4be-b6b4d3827766@group-760B59CC648B-SegmentedRaftLogWorker: safeCacheEvictIndex: setUnconditionally 0 -> -1
2022-11-04 01:07:58,167 [pool-187-thread-1] INFO  server.RaftServer$Division (RaftServerImpl.java:start(334)) - 914271eb-14eb-4bb5-b4be-b6b4d3827766@group-760B59CC648B: start as a follower, conf=-1: peers:[47858208-0de4-46ca-af6a-45b9f6a00c92|rpc:10.1.0.17:42645|dataStream:|priority:1|startupRole:FOLLOWER, e73ed4bb-a433-4ecd-b93a-d0b4e16433ed|rpc:10.1.0.17:37481|dataStream:|priority:0|startupRole:FOLLOWER, 914271eb-14eb-4bb5-b4be-b6b4d3827766|rpc:10.1.0.17:40663|dataStream:|priority:0|startupRole:FOLLOWER]|listeners:[], old=null
2022-11-04 01:07:58,167 [pool-187-thread-1] INFO  server.RaftServer$Division (RaftServerImpl.java:setRole(321)) - 914271eb-14eb-4bb5-b4be-b6b4d3827766@group-760B59CC648B: changes role from      null to FOLLOWER at term 0 for startAsFollower
2022-11-04 01:07:58,167 [pool-187-thread-1] INFO  impl.RoleInfo (RoleInfo.java:updateAndGet(139)) - 914271eb-14eb-4bb5-b4be-b6b4d3827766: start 914271eb-14eb-4bb5-b4be-b6b4d3827766@group-760B59CC648B-FollowerState
2022-11-04 01:07:58,170 [pool-187-thread-1] INFO  util.JmxRegister (JmxRegister.java:tryRegister(44)) - Successfully registered JMX Bean with object name Ratis:service=RaftServer,group=group-760B59CC648B,id=914271eb-14eb-4bb5-b4be-b6b4d3827766
2022-11-04 01:07:58,170 [pool-187-thread-1] INFO  server.RaftServerConfigKeys (ConfUtils.java:logGet(46)) - raft.server.snapshot.auto.trigger.enabled = true (custom)
2022-11-04 01:07:58,170 [pool-187-thread-1] INFO  server.RaftServerConfigKeys (ConfUtils.java:logGet(46)) - raft.server.snapshot.auto.trigger.threshold = 10000 (custom)
2022-11-04 01:07:58,170 [pool-187-thread-1] INFO  server.RaftServerConfigKeys (ConfUtils.java:logGet(46)) - raft.server.snapshot.retention.file.num = 5 (custom)
2022-11-04 01:07:58,170 [pool-187-thread-1] INFO  server.RaftServerConfigKeys (ConfUtils.java:logGet(46)) - raft.server.log.purge.upto.snapshot.index = false (default)
2022-11-04 01:07:58,171 [914271eb-14eb-4bb5-b4be-b6b4d3827766@group-760B59CC648B-FollowerState] INFO  server.RaftServerConfigKeys (ConfUtils.java:logFallback(53)) - raft.server.rpc.first-election.timeout.min = 5s (fallback to raft.server.rpc.timeout.min)
2022-11-04 01:07:58,172 [914271eb-14eb-4bb5-b4be-b6b4d3827766@group-760B59CC648B-FollowerState] INFO  server.RaftServerConfigKeys (ConfUtils.java:logFallback(53)) - raft.server.rpc.first-election.timeout.max = 5200ms (fallback to raft.server.rpc.timeout.max)
2022-11-04 01:07:58,177 [Command processor thread] INFO  commandhandler.CreatePipelineCommandHandler (CreatePipelineCommandHandler.java:handle(113)) - Created Pipeline RATIS THREE PipelineID=60311b87-1e1a-4bb0-826d-760b59cc648b.
2022-11-04 01:07:58,177 [Command processor thread] INFO  server.RaftServer (RaftServerProxy.java:addNew(96)) - 47858208-0de4-46ca-af6a-45b9f6a00c92: addNew group-5D8652A3AABE:[47858208-0de4-46ca-af6a-45b9f6a00c92|rpc:10.1.0.17:42645|priority:0|startupRole:FOLLOWER, e73ed4bb-a433-4ecd-b93a-d0b4e16433ed|rpc:10.1.0.17:37481|priority:0|startupRole:FOLLOWER, 914271eb-14eb-4bb5-b4be-b6b4d3827766|rpc:10.1.0.17:40663|priority:1|startupRole:FOLLOWER] returns group-5D8652A3AABE:java.util.concurrent.CompletableFuture@f868c1[Not completed]
2022-11-04 01:07:58,178 [pool-141-thread-1] INFO  server.RaftServer$Division (RaftServerImpl.java:<init>(195)) - 47858208-0de4-46ca-af6a-45b9f6a00c92: new RaftServerImpl for group-5D8652A3AABE:[47858208-0de4-46ca-af6a-45b9f6a00c92|rpc:10.1.0.17:42645|priority:0|startupRole:FOLLOWER, e73ed4bb-a433-4ecd-b93a-d0b4e16433ed|rpc:10.1.0.17:37481|priority:0|startupRole:FOLLOWER, 914271eb-14eb-4bb5-b4be-b6b4d3827766|rpc:10.1.0.17:40663|priority:1|startupRole:FOLLOWER] with ContainerStateMachine:uninitialized
2022-11-04 01:07:58,178 [pool-141-thread-1] INFO  server.RaftServerConfigKeys (ConfUtils.java:logGet(46)) - raft.server.rpc.timeout.min = 5s (custom)
2022-11-04 01:07:58,178 [pool-141-thread-1] INFO  server.RaftServerConfigKeys (ConfUtils.java:logGet(46)) - raft.server.rpc.timeout.max = 5200ms (custom)
2022-11-04 01:07:58,178 [pool-141-thread-1] INFO  server.RaftServerConfigKeys (ConfUtils.java:logGet(46)) - raft.server.rpc.sleep.time = 25ms (default)
2022-11-04 01:07:58,178 [pool-141-thread-1] INFO  server.RaftServerConfigKeys (ConfUtils.java:logGet(46)) - raft.server.rpc.slowness.timeout = 300s (custom)
2022-11-04 01:07:58,178 [pool-141-thread-1] INFO  server.RaftServerConfigKeys (ConfUtils.java:logGet(46)) - raft.server.leaderelection.leader.step-down.wait-time = 10s (default)
2022-11-04 01:07:58,178 [pool-141-thread-1] INFO  server.RaftServerConfigKeys (ConfUtils.java:logGet(46)) - raft.server.sleep.deviation.threshold = 300ms (default)
2022-11-04 01:07:58,179 [pool-141-thread-1] INFO  server.RaftServer$Division (ServerState.java:<init>(118)) - 47858208-0de4-46ca-af6a-45b9f6a00c92@group-5D8652A3AABE: ConfigurationManager, init=-1: peers:[47858208-0de4-46ca-af6a-45b9f6a00c92|rpc:10.1.0.17:42645|priority:0|startupRole:FOLLOWER, e73ed4bb-a433-4ecd-b93a-d0b4e16433ed|rpc:10.1.0.17:37481|priority:0|startupRole:FOLLOWER, 914271eb-14eb-4bb5-b4be-b6b4d3827766|rpc:10.1.0.17:40663|priority:1|startupRole:FOLLOWER]|listeners:[], old=null, confs=<EMPTY_MAP>
2022-11-04 01:07:58,179 [pool-141-thread-1] INFO  server.RaftServerConfigKeys (ConfUtils.java:logGet(46)) - raft.server.storage.dir = [/home/runner/work/ozone/ozone/hadoop-ozone/integration-test/target/test-dir/MiniOzoneClusterImpl-e654cb93-8a46-4732-947e-f27e0a8f69eb/datanode-3/data/ratis] (custom)
2022-11-04 01:07:58,179 [pool-141-thread-1] INFO  server.RaftServerConfigKeys (ConfUtils.java:logGet(46)) - raft.server.log.corruption.policy = EXCEPTION (default)
2022-11-04 01:07:58,179 [pool-141-thread-1] INFO  server.RaftServerConfigKeys (ConfUtils.java:logGet(46)) - raft.server.storage.free-space.min = 0MB (=0) (default)
2022-11-04 01:07:58,179 [pool-141-thread-1] INFO  server.RaftServerConfigKeys (ConfUtils.java:logGet(46)) - raft.server.notification.no-leader.timeout = 300s (custom)
2022-11-04 01:07:58,179 [pool-141-thread-1] INFO  server.RaftServerConfigKeys (ConfUtils.java:logGet(46)) - raft.server.retrycache.expirytime = 600000ms (custom)
2022-11-04 01:07:58,179 [pool-141-thread-1] INFO  server.RaftServerConfigKeys (ConfUtils.java:logGet(46)) - raft.server.retrycache.statistics.expirytime = 100μs (default)
2022-11-04 01:07:58,180 [pool-141-thread-1] INFO  server.RaftServerConfigKeys (ConfUtils.java:logGet(46)) - raft.server.log.appender.install.snapshot.enabled = false (custom)
2022-11-04 01:07:58,180 [pool-141-thread-1] INFO  server.RaftServerConfigKeys (ConfUtils.java:logGet(46)) - raft.server.threadpool.server.cached = true (default)
2022-11-04 01:07:58,180 [pool-141-thread-1] INFO  server.RaftServerConfigKeys (ConfUtils.java:logGet(46)) - raft.server.threadpool.server.size = 0 (default)
2022-11-04 01:07:58,180 [pool-141-thread-1] INFO  server.RaftServerConfigKeys (ConfUtils.java:logGet(46)) - raft.server.threadpool.client.cached = true (default)
2022-11-04 01:07:58,180 [pool-141-thread-1] INFO  server.RaftServerConfigKeys (ConfUtils.java:logGet(46)) - raft.server.threadpool.client.size = 0 (default)
2022-11-04 01:07:58,180 [pool-141-thread-1] INFO  storage.RaftStorageDirectory (RaftStorageDirectoryImpl.java:analyzeStorage(137)) - The storage directory /home/runner/work/ozone/ozone/hadoop-ozone/integration-test/target/test-dir/MiniOzoneClusterImpl-e654cb93-8a46-4732-947e-f27e0a8f69eb/datanode-3/data/ratis/904680bb-6d82-4aff-a36c-5d8652a3aabe does not exist. Creating ...
2022-11-04 01:07:58,181 [pool-141-thread-1] INFO  storage.RaftStorageDirectory (RaftStorageDirectoryImpl.java:tryLock(231)) - Lock on /home/runner/work/ozone/ozone/hadoop-ozone/integration-test/target/test-dir/MiniOzoneClusterImpl-e654cb93-8a46-4732-947e-f27e0a8f69eb/datanode-3/data/ratis/904680bb-6d82-4aff-a36c-5d8652a3aabe/in_use.lock acquired by nodename 14694@fv-az39-323
2022-11-04 01:07:58,183 [pool-141-thread-1] INFO  storage.RaftStorage (RaftStorageImpl.java:format(96)) - Storage directory /home/runner/work/ozone/ozone/hadoop-ozone/integration-test/target/test-dir/MiniOzoneClusterImpl-e654cb93-8a46-4732-947e-f27e0a8f69eb/datanode-3/data/ratis/904680bb-6d82-4aff-a36c-5d8652a3aabe has been successfully formatted.
2022-11-04 01:07:58,183 [pool-141-thread-1] INFO  ratis.ContainerStateMachine (ContainerStateMachine.java:loadSnapshot(236)) - group-5D8652A3AABE: The snapshot info is null. Setting the last applied indexto:(t:0, i:~)
2022-11-04 01:07:58,183 [pool-141-thread-1] INFO  server.RaftServerConfigKeys (ConfUtils.java:logGet(46)) - raft.server.log.use.memory = false (default)
2022-11-04 01:07:58,183 [pool-141-thread-1] INFO  server.RaftServerConfigKeys (ConfUtils.java:logGet(46)) - raft.server.log.purge.gap = 1000000 (custom)
2022-11-04 01:07:58,183 [pool-141-thread-1] INFO  server.RaftServerConfigKeys (ConfUtils.java:logGet(46)) - raft.server.log.appender.buffer.byte-limit = 33554432 (custom)
2022-11-04 01:07:58,183 [pool-141-thread-1] INFO  server.RaftServerConfigKeys (ConfUtils.java:logGet(46)) - raft.server.log.statemachine.data.read.timeout = 1000ms (default)
2022-11-04 01:07:58,183 [pool-141-thread-1] INFO  server.RaftServerConfigKeys (ConfUtils.java:logGet(46)) - raft.server.log.purge.preservation.log.num = 0 (default)
2022-11-04 01:07:58,183 [pool-141-thread-1] INFO  server.RaftServerConfigKeys (ConfUtils.java:logGet(46)) - raft.server.log.segment.size.max = 1048576 (custom)
2022-11-04 01:07:58,184 [pool-141-thread-1] INFO  server.RaftServerConfigKeys (ConfUtils.java:logGet(46)) - raft.server.log.segment.cache.num.max = 2 (custom)
2022-11-04 01:07:58,184 [pool-141-thread-1] INFO  server.RaftServerConfigKeys (ConfUtils.java:logGet(46)) - raft.server.log.segment.cache.size.max = 200MB (=209715200) (default)
2022-11-04 01:07:58,184 [pool-141-thread-1] INFO  segmented.SegmentedRaftLogWorker (SegmentedRaftLogWorker.java:<init>(191)) - new 47858208-0de4-46ca-af6a-45b9f6a00c92@group-5D8652A3AABE-SegmentedRaftLogWorker for RaftStorageImpl:Storage Directory /home/runner/work/ozone/ozone/hadoop-ozone/integration-test/target/test-dir/MiniOzoneClusterImpl-e654cb93-8a46-4732-947e-f27e0a8f69eb/datanode-3/data/ratis/904680bb-6d82-4aff-a36c-5d8652a3aabe
2022-11-04 01:07:58,184 [pool-141-thread-1] INFO  server.RaftServerConfigKeys (ConfUtils.java:logGet(46)) - raft.server.log.queue.byte-limit = 4294967296 (custom)
2022-11-04 01:07:58,184 [pool-141-thread-1] INFO  server.RaftServerConfigKeys (ConfUtils.java:logGet(46)) - raft.server.log.queue.element-limit = 1024 (custom)
2022-11-04 01:07:58,184 [pool-141-thread-1] INFO  server.RaftServerConfigKeys (ConfUtils.java:logGet(46)) - raft.server.log.segment.size.max = 1048576 (custom)
2022-11-04 01:07:58,184 [pool-141-thread-1] INFO  server.RaftServerConfigKeys (ConfUtils.java:logGet(46)) - raft.server.log.preallocated.size = 16384 (custom)
2022-11-04 01:07:58,184 [pool-141-thread-1] INFO  server.RaftServerConfigKeys (ConfUtils.java:logGet(46)) - raft.server.log.force.sync.num = 128 (default)
2022-11-04 01:07:58,184 [pool-141-thread-1] INFO  server.RaftServerConfigKeys (ConfUtils.java:logGet(46)) - raft.server.log.statemachine.data.sync = true (default)
2022-11-04 01:07:58,184 [pool-141-thread-1] INFO  server.RaftServerConfigKeys (ConfUtils.java:logGet(46)) - raft.server.log.statemachine.data.sync.timeout = 10s (default)
2022-11-04 01:07:58,184 [pool-141-thread-1] INFO  server.RaftServerConfigKeys (ConfUtils.java:logGet(46)) - raft.server.log.statemachine.data.sync.timeout.retry = -1 (default)
2022-11-04 01:07:58,186 [EventQueue-OpenPipelineForHealthyPipelineSafeModeRule] INFO  safemode.SCMSafeModeManager (HealthyPipelineSafeModeRule.java:process(137)) - SCM in safe mode. Healthy pipelines reported count is 0, required healthy pipeline reported count is 1
2022-11-04 01:07:58,187 [pool-141-thread-1] INFO  server.RaftServerConfigKeys (ConfUtils.java:logGet(46)) - raft.server.log.write.buffer.size = 1048576 (custom)
2022-11-04 01:07:58,187 [pool-141-thread-1] INFO  server.RaftServerConfigKeys (ConfUtils.java:logGet(46)) - raft.server.log.unsafe-flush.enabled = false (default)
2022-11-04 01:07:58,187 [pool-141-thread-1] INFO  server.RaftServerConfigKeys (ConfUtils.java:logGet(46)) - raft.server.log.async-flush.enabled = false (default)
2022-11-04 01:07:58,187 [pool-141-thread-1] INFO  server.RaftServerConfigKeys (ConfUtils.java:logGet(46)) - raft.server.log.statemachine.data.caching.enabled = true (custom)
2022-11-04 01:07:58,187 [pool-141-thread-1] INFO  segmented.SegmentedRaftLogWorker (SegmentedRaftLogWorker.java:lambda$new$0(136)) - 47858208-0de4-46ca-af6a-45b9f6a00c92@group-5D8652A3AABE-SegmentedRaftLogWorker: flushIndex: setUnconditionally 0 -> -1
2022-11-04 01:07:58,188 [pool-141-thread-1] INFO  segmented.SegmentedRaftLogWorker (SegmentedRaftLogWorker.java:lambda$new$0(136)) - 47858208-0de4-46ca-af6a-45b9f6a00c92@group-5D8652A3AABE-SegmentedRaftLogWorker: safeCacheEvictIndex: setUnconditionally 0 -> -1
2022-11-04 01:07:58,188 [pool-141-thread-1] INFO  server.RaftServer$Division (RaftServerImpl.java:start(334)) - 47858208-0de4-46ca-af6a-45b9f6a00c92@group-5D8652A3AABE: start as a follower, conf=-1: peers:[47858208-0de4-46ca-af6a-45b9f6a00c92|rpc:10.1.0.17:42645|priority:0|startupRole:FOLLOWER, e73ed4bb-a433-4ecd-b93a-d0b4e16433ed|rpc:10.1.0.17:37481|priority:0|startupRole:FOLLOWER, 914271eb-14eb-4bb5-b4be-b6b4d3827766|rpc:10.1.0.17:40663|priority:1|startupRole:FOLLOWER]|listeners:[], old=null
2022-11-04 01:07:58,188 [pool-141-thread-1] INFO  server.RaftServer$Division (RaftServerImpl.java:setRole(321)) - 47858208-0de4-46ca-af6a-45b9f6a00c92@group-5D8652A3AABE: changes role from      null to FOLLOWER at term 0 for startAsFollower
2022-11-04 01:07:58,188 [pool-141-thread-1] INFO  impl.RoleInfo (RoleInfo.java:updateAndGet(139)) - 47858208-0de4-46ca-af6a-45b9f6a00c92: start 47858208-0de4-46ca-af6a-45b9f6a00c92@group-5D8652A3AABE-FollowerState
2022-11-04 01:07:58,188 [pool-141-thread-1] INFO  util.JmxRegister (JmxRegister.java:tryRegister(44)) - Successfully registered JMX Bean with object name Ratis:service=RaftServer,group=group-5D8652A3AABE,id=47858208-0de4-46ca-af6a-45b9f6a00c92
2022-11-04 01:07:58,188 [pool-141-thread-1] INFO  server.RaftServerConfigKeys (ConfUtils.java:logGet(46)) - raft.server.snapshot.auto.trigger.enabled = true (custom)
2022-11-04 01:07:58,188 [pool-141-thread-1] INFO  server.RaftServerConfigKeys (ConfUtils.java:logGet(46)) - raft.server.snapshot.auto.trigger.threshold = 10000 (custom)
2022-11-04 01:07:58,188 [pool-141-thread-1] INFO  server.RaftServerConfigKeys (ConfUtils.java:logGet(46)) - raft.server.snapshot.retention.file.num = 5 (custom)
2022-11-04 01:07:58,188 [pool-141-thread-1] INFO  server.RaftServerConfigKeys (ConfUtils.java:logGet(46)) - raft.server.log.purge.upto.snapshot.index = false (default)
2022-11-04 01:07:58,189 [47858208-0de4-46ca-af6a-45b9f6a00c92@group-5D8652A3AABE-FollowerState] INFO  server.RaftServerConfigKeys (ConfUtils.java:logFallback(53)) - raft.server.rpc.first-election.timeout.min = 5s (fallback to raft.server.rpc.timeout.min)
2022-11-04 01:07:58,189 [47858208-0de4-46ca-af6a-45b9f6a00c92@group-5D8652A3AABE-FollowerState] INFO  server.RaftServerConfigKeys (ConfUtils.java:logFallback(53)) - raft.server.rpc.first-election.timeout.max = 5200ms (fallback to raft.server.rpc.timeout.max)
2022-11-04 01:07:58,189 [Command processor thread] INFO  ratis.XceiverServerRatis (XceiverServerRatis.java:addGroup(765)) - Created group PipelineID=904680bb-6d82-4aff-a36c-5d8652a3aabe
2022-11-04 01:07:58,200 [grpc-default-executor-0] INFO  server.RaftServer (RaftServerProxy.java:addNew(96)) - e73ed4bb-a433-4ecd-b93a-d0b4e16433ed: addNew group-5D8652A3AABE:[47858208-0de4-46ca-af6a-45b9f6a00c92|rpc:10.1.0.17:42645|dataStream:|priority:0|startupRole:FOLLOWER, e73ed4bb-a433-4ecd-b93a-d0b4e16433ed|rpc:10.1.0.17:37481|dataStream:|priority:0|startupRole:FOLLOWER, 914271eb-14eb-4bb5-b4be-b6b4d3827766|rpc:10.1.0.17:40663|dataStream:|priority:1|startupRole:FOLLOWER] returns group-5D8652A3AABE:java.util.concurrent.CompletableFuture@5ab30aba[Not completed]
2022-11-04 01:07:58,201 [pool-164-thread-1] INFO  server.RaftServer$Division (RaftServerImpl.java:<init>(195)) - e73ed4bb-a433-4ecd-b93a-d0b4e16433ed: new RaftServerImpl for group-5D8652A3AABE:[47858208-0de4-46ca-af6a-45b9f6a00c92|rpc:10.1.0.17:42645|dataStream:|priority:0|startupRole:FOLLOWER, e73ed4bb-a433-4ecd-b93a-d0b4e16433ed|rpc:10.1.0.17:37481|dataStream:|priority:0|startupRole:FOLLOWER, 914271eb-14eb-4bb5-b4be-b6b4d3827766|rpc:10.1.0.17:40663|dataStream:|priority:1|startupRole:FOLLOWER] with ContainerStateMachine:uninitialized
2022-11-04 01:07:58,201 [pool-164-thread-1] INFO  server.RaftServerConfigKeys (ConfUtils.java:logGet(46)) - raft.server.rpc.timeout.min = 5s (custom)
2022-11-04 01:07:58,201 [pool-164-thread-1] INFO  server.RaftServerConfigKeys (ConfUtils.java:logGet(46)) - raft.server.rpc.timeout.max = 5200ms (custom)
2022-11-04 01:07:58,201 [pool-164-thread-1] INFO  server.RaftServerConfigKeys (ConfUtils.java:logGet(46)) - raft.server.rpc.sleep.time = 25ms (default)
2022-11-04 01:07:58,201 [pool-164-thread-1] INFO  server.RaftServerConfigKeys (ConfUtils.java:logGet(46)) - raft.server.rpc.slowness.timeout = 300s (custom)
2022-11-04 01:07:58,201 [pool-164-thread-1] INFO  server.RaftServerConfigKeys (ConfUtils.java:logGet(46)) - raft.server.leaderelection.leader.step-down.wait-time = 10s (default)
2022-11-04 01:07:58,201 [pool-164-thread-1] INFO  server.RaftServerConfigKeys (ConfUtils.java:logGet(46)) - raft.server.sleep.deviation.threshold = 300ms (default)
2022-11-04 01:07:58,201 [pool-164-thread-1] INFO  server.RaftServer$Division (ServerState.java:<init>(118)) - e73ed4bb-a433-4ecd-b93a-d0b4e16433ed@group-5D8652A3AABE: ConfigurationManager, init=-1: peers:[47858208-0de4-46ca-af6a-45b9f6a00c92|rpc:10.1.0.17:42645|dataStream:|priority:0|startupRole:FOLLOWER, e73ed4bb-a433-4ecd-b93a-d0b4e16433ed|rpc:10.1.0.17:37481|dataStream:|priority:0|startupRole:FOLLOWER, 914271eb-14eb-4bb5-b4be-b6b4d3827766|rpc:10.1.0.17:40663|dataStream:|priority:1|startupRole:FOLLOWER]|listeners:[], old=null, confs=<EMPTY_MAP>
2022-11-04 01:07:58,202 [pool-164-thread-1] INFO  server.RaftServerConfigKeys (ConfUtils.java:logGet(46)) - raft.server.storage.dir = [/home/runner/work/ozone/ozone/hadoop-ozone/integration-test/target/test-dir/MiniOzoneClusterImpl-e654cb93-8a46-4732-947e-f27e0a8f69eb/datanode-4/data/ratis] (custom)
2022-11-04 01:07:58,202 [pool-164-thread-1] INFO  server.RaftServerConfigKeys (ConfUtils.java:logGet(46)) - raft.server.log.corruption.policy = EXCEPTION (default)
2022-11-04 01:07:58,202 [pool-164-thread-1] INFO  server.RaftServerConfigKeys (ConfUtils.java:logGet(46)) - raft.server.storage.free-space.min = 0MB (=0) (default)
2022-11-04 01:07:58,202 [pool-164-thread-1] INFO  server.RaftServerConfigKeys (ConfUtils.java:logGet(46)) - raft.server.notification.no-leader.timeout = 300s (custom)
2022-11-04 01:07:58,202 [pool-164-thread-1] INFO  server.RaftServerConfigKeys (ConfUtils.java:logGet(46)) - raft.server.retrycache.expirytime = 600000ms (custom)
2022-11-04 01:07:58,202 [pool-164-thread-1] INFO  server.RaftServerConfigKeys (ConfUtils.java:logGet(46)) - raft.server.retrycache.statistics.expirytime = 100μs (default)
2022-11-04 01:07:58,203 [pool-164-thread-1] INFO  server.RaftServerConfigKeys (ConfUtils.java:logGet(46)) - raft.server.log.appender.install.snapshot.enabled = false (custom)
2022-11-04 01:07:58,203 [pool-164-thread-1] INFO  server.RaftServerConfigKeys (ConfUtils.java:logGet(46)) - raft.server.threadpool.server.cached = true (default)
2022-11-04 01:07:58,203 [pool-164-thread-1] INFO  server.RaftServerConfigKeys (ConfUtils.java:logGet(46)) - raft.server.threadpool.server.size = 0 (default)
2022-11-04 01:07:58,203 [pool-164-thread-1] INFO  server.RaftServerConfigKeys (ConfUtils.java:logGet(46)) - raft.server.threadpool.client.cached = true (default)
2022-11-04 01:07:58,203 [pool-164-thread-1] INFO  server.RaftServerConfigKeys (ConfUtils.java:logGet(46)) - raft.server.threadpool.client.size = 0 (default)
2022-11-04 01:07:58,203 [pool-164-thread-1] INFO  storage.RaftStorageDirectory (RaftStorageDirectoryImpl.java:analyzeStorage(137)) - The storage directory /home/runner/work/ozone/ozone/hadoop-ozone/integration-test/target/test-dir/MiniOzoneClusterImpl-e654cb93-8a46-4732-947e-f27e0a8f69eb/datanode-4/data/ratis/904680bb-6d82-4aff-a36c-5d8652a3aabe does not exist. Creating ...
2022-11-04 01:07:58,205 [pool-164-thread-1] INFO  storage.RaftStorageDirectory (RaftStorageDirectoryImpl.java:tryLock(231)) - Lock on /home/runner/work/ozone/ozone/hadoop-ozone/integration-test/target/test-dir/MiniOzoneClusterImpl-e654cb93-8a46-4732-947e-f27e0a8f69eb/datanode-4/data/ratis/904680bb-6d82-4aff-a36c-5d8652a3aabe/in_use.lock acquired by nodename 14694@fv-az39-323
2022-11-04 01:07:58,206 [pool-164-thread-1] INFO  storage.RaftStorage (RaftStorageImpl.java:format(96)) - Storage directory /home/runner/work/ozone/ozone/hadoop-ozone/integration-test/target/test-dir/MiniOzoneClusterImpl-e654cb93-8a46-4732-947e-f27e0a8f69eb/datanode-4/data/ratis/904680bb-6d82-4aff-a36c-5d8652a3aabe has been successfully formatted.
2022-11-04 01:07:58,207 [pool-164-thread-1] INFO  ratis.ContainerStateMachine (ContainerStateMachine.java:loadSnapshot(236)) - group-5D8652A3AABE: The snapshot info is null. Setting the last applied indexto:(t:0, i:~)
2022-11-04 01:07:58,207 [pool-164-thread-1] INFO  server.RaftServerConfigKeys (ConfUtils.java:logGet(46)) - raft.server.log.use.memory = false (default)
2022-11-04 01:07:58,208 [pool-164-thread-1] INFO  server.RaftServerConfigKeys (ConfUtils.java:logGet(46)) - raft.server.log.purge.gap = 1000000 (custom)
2022-11-04 01:07:58,208 [pool-164-thread-1] INFO  server.RaftServerConfigKeys (ConfUtils.java:logGet(46)) - raft.server.log.appender.buffer.byte-limit = 33554432 (custom)
2022-11-04 01:07:58,208 [pool-164-thread-1] INFO  server.RaftServerConfigKeys (ConfUtils.java:logGet(46)) - raft.server.log.statemachine.data.read.timeout = 1000ms (default)
2022-11-04 01:07:58,208 [pool-164-thread-1] INFO  server.RaftServerConfigKeys (ConfUtils.java:logGet(46)) - raft.server.log.purge.preservation.log.num = 0 (default)
2022-11-04 01:07:58,208 [pool-164-thread-1] INFO  server.RaftServerConfigKeys (ConfUtils.java:logGet(46)) - raft.server.log.segment.size.max = 1048576 (custom)
2022-11-04 01:07:58,208 [pool-164-thread-1] INFO  server.RaftServerConfigKeys (ConfUtils.java:logGet(46)) - raft.server.log.segment.cache.num.max = 2 (custom)
2022-11-04 01:07:58,208 [pool-164-thread-1] INFO  server.RaftServerConfigKeys (ConfUtils.java:logGet(46)) - raft.server.log.segment.cache.size.max = 200MB (=209715200) (default)
2022-11-04 01:07:58,208 [pool-164-thread-1] INFO  segmented.SegmentedRaftLogWorker (SegmentedRaftLogWorker.java:<init>(191)) - new e73ed4bb-a433-4ecd-b93a-d0b4e16433ed@group-5D8652A3AABE-SegmentedRaftLogWorker for RaftStorageImpl:Storage Directory /home/runner/work/ozone/ozone/hadoop-ozone/integration-test/target/test-dir/MiniOzoneClusterImpl-e654cb93-8a46-4732-947e-f27e0a8f69eb/datanode-4/data/ratis/904680bb-6d82-4aff-a36c-5d8652a3aabe
2022-11-04 01:07:58,208 [pool-164-thread-1] INFO  server.RaftServerConfigKeys (ConfUtils.java:logGet(46)) - raft.server.log.queue.byte-limit = 4294967296 (custom)
2022-11-04 01:07:58,208 [pool-164-thread-1] INFO  server.RaftServerConfigKeys (ConfUtils.java:logGet(46)) - raft.server.log.queue.element-limit = 1024 (custom)
2022-11-04 01:07:58,208 [pool-164-thread-1] INFO  server.RaftServerConfigKeys (ConfUtils.java:logGet(46)) - raft.server.log.segment.size.max = 1048576 (custom)
2022-11-04 01:07:58,208 [pool-164-thread-1] INFO  server.RaftServerConfigKeys (ConfUtils.java:logGet(46)) - raft.server.log.preallocated.size = 16384 (custom)
2022-11-04 01:07:58,208 [pool-164-thread-1] INFO  server.RaftServerConfigKeys (ConfUtils.java:logGet(46)) - raft.server.log.force.sync.num = 128 (default)
2022-11-04 01:07:58,209 [pool-164-thread-1] INFO  server.RaftServerConfigKeys (ConfUtils.java:logGet(46)) - raft.server.log.statemachine.data.sync = true (default)
2022-11-04 01:07:58,209 [pool-164-thread-1] INFO  server.RaftServerConfigKeys (ConfUtils.java:logGet(46)) - raft.server.log.statemachine.data.sync.timeout = 10s (default)
2022-11-04 01:07:58,209 [pool-164-thread-1] INFO  server.RaftServerConfigKeys (ConfUtils.java:logGet(46)) - raft.server.log.statemachine.data.sync.timeout.retry = -1 (default)
2022-11-04 01:07:58,209 [pool-164-thread-1] INFO  server.RaftServerConfigKeys (ConfUtils.java:logGet(46)) - raft.server.log.write.buffer.size = 1048576 (custom)
2022-11-04 01:07:58,210 [pool-164-thread-1] INFO  server.RaftServerConfigKeys (ConfUtils.java:logGet(46)) - raft.server.log.unsafe-flush.enabled = false (default)
2022-11-04 01:07:58,210 [pool-164-thread-1] INFO  server.RaftServerConfigKeys (ConfUtils.java:logGet(46)) - raft.server.log.async-flush.enabled = false (default)
2022-11-04 01:07:58,210 [pool-164-thread-1] INFO  server.RaftServerConfigKeys (ConfUtils.java:logGet(46)) - raft.server.log.statemachine.data.caching.enabled = true (custom)
2022-11-04 01:07:58,210 [pool-164-thread-1] INFO  segmented.SegmentedRaftLogWorker (SegmentedRaftLogWorker.java:lambda$new$0(136)) - e73ed4bb-a433-4ecd-b93a-d0b4e16433ed@group-5D8652A3AABE-SegmentedRaftLogWorker: flushIndex: setUnconditionally 0 -> -1
2022-11-04 01:07:58,210 [pool-164-thread-1] INFO  segmented.SegmentedRaftLogWorker (SegmentedRaftLogWorker.java:lambda$new$0(136)) - e73ed4bb-a433-4ecd-b93a-d0b4e16433ed@group-5D8652A3AABE-SegmentedRaftLogWorker: safeCacheEvictIndex: setUnconditionally 0 -> -1
2022-11-04 01:07:58,210 [pool-164-thread-1] INFO  server.RaftServer$Division (RaftServerImpl.java:start(334)) - e73ed4bb-a433-4ecd-b93a-d0b4e16433ed@group-5D8652A3AABE: start as a follower, conf=-1: peers:[47858208-0de4-46ca-af6a-45b9f6a00c92|rpc:10.1.0.17:42645|dataStream:|priority:0|startupRole:FOLLOWER, e73ed4bb-a433-4ecd-b93a-d0b4e16433ed|rpc:10.1.0.17:37481|dataStream:|priority:0|startupRole:FOLLOWER, 914271eb-14eb-4bb5-b4be-b6b4d3827766|rpc:10.1.0.17:40663|dataStream:|priority:1|startupRole:FOLLOWER]|listeners:[], old=null
2022-11-04 01:07:58,211 [pool-164-thread-1] INFO  server.RaftServer$Division (RaftServerImpl.java:setRole(321)) - e73ed4bb-a433-4ecd-b93a-d0b4e16433ed@group-5D8652A3AABE: changes role from      null to FOLLOWER at term 0 for startAsFollower
2022-11-04 01:07:58,211 [pool-164-thread-1] INFO  impl.RoleInfo (RoleInfo.java:updateAndGet(139)) - e73ed4bb-a433-4ecd-b93a-d0b4e16433ed: start e73ed4bb-a433-4ecd-b93a-d0b4e16433ed@group-5D8652A3AABE-FollowerState
2022-11-04 01:07:58,211 [pool-164-thread-1] INFO  util.JmxRegister (JmxRegister.java:tryRegister(44)) - Successfully registered JMX Bean with object name Ratis:service=RaftServer,group=group-5D8652A3AABE,id=e73ed4bb-a433-4ecd-b93a-d0b4e16433ed
2022-11-04 01:07:58,211 [pool-164-thread-1] INFO  server.RaftServerConfigKeys (ConfUtils.java:logGet(46)) - raft.server.snapshot.auto.trigger.enabled = true (custom)
2022-11-04 01:07:58,211 [pool-164-thread-1] INFO  server.RaftServerConfigKeys (ConfUtils.java:logGet(46)) - raft.server.snapshot.auto.trigger.threshold = 10000 (custom)
2022-11-04 01:07:58,211 [pool-164-thread-1] INFO  server.RaftServerConfigKeys (ConfUtils.java:logGet(46)) - raft.server.snapshot.retention.file.num = 5 (custom)
2022-11-04 01:07:58,211 [pool-164-thread-1] INFO  server.RaftServerConfigKeys (ConfUtils.java:logGet(46)) - raft.server.log.purge.upto.snapshot.index = false (default)
2022-11-04 01:07:58,212 [e73ed4bb-a433-4ecd-b93a-d0b4e16433ed@group-5D8652A3AABE-FollowerState] INFO  server.RaftServerConfigKeys (ConfUtils.java:logFallback(53)) - raft.server.rpc.first-election.timeout.min = 5s (fallback to raft.server.rpc.timeout.min)
2022-11-04 01:07:58,223 [e73ed4bb-a433-4ecd-b93a-d0b4e16433ed@group-5D8652A3AABE-FollowerState] INFO  server.RaftServerConfigKeys (ConfUtils.java:logFallback(53)) - raft.server.rpc.first-election.timeout.max = 5200ms (fallback to raft.server.rpc.timeout.max)
2022-11-04 01:07:58,238 [grpc-default-executor-0] INFO  server.RaftServer (RaftServerProxy.java:addNew(96)) - 914271eb-14eb-4bb5-b4be-b6b4d3827766: addNew group-5D8652A3AABE:[47858208-0de4-46ca-af6a-45b9f6a00c92|rpc:10.1.0.17:42645|dataStream:|priority:0|startupRole:FOLLOWER, e73ed4bb-a433-4ecd-b93a-d0b4e16433ed|rpc:10.1.0.17:37481|dataStream:|priority:0|startupRole:FOLLOWER, 914271eb-14eb-4bb5-b4be-b6b4d3827766|rpc:10.1.0.17:40663|dataStream:|priority:1|startupRole:FOLLOWER] returns group-5D8652A3AABE:java.util.concurrent.CompletableFuture@3a5f1ef0[Not completed]
2022-11-04 01:07:58,239 [pool-187-thread-1] INFO  server.RaftServer$Division (RaftServerImpl.java:<init>(195)) - 914271eb-14eb-4bb5-b4be-b6b4d3827766: new RaftServerImpl for group-5D8652A3AABE:[47858208-0de4-46ca-af6a-45b9f6a00c92|rpc:10.1.0.17:42645|dataStream:|priority:0|startupRole:FOLLOWER, e73ed4bb-a433-4ecd-b93a-d0b4e16433ed|rpc:10.1.0.17:37481|dataStream:|priority:0|startupRole:FOLLOWER, 914271eb-14eb-4bb5-b4be-b6b4d3827766|rpc:10.1.0.17:40663|dataStream:|priority:1|startupRole:FOLLOWER] with ContainerStateMachine:uninitialized
2022-11-04 01:07:58,239 [pool-187-thread-1] INFO  server.RaftServerConfigKeys (ConfUtils.java:logGet(46)) - raft.server.rpc.timeout.min = 5s (custom)
2022-11-04 01:07:58,239 [pool-187-thread-1] INFO  server.RaftServerConfigKeys (ConfUtils.java:logGet(46)) - raft.server.rpc.timeout.max = 5200ms (custom)
2022-11-04 01:07:58,239 [pool-187-thread-1] INFO  server.RaftServerConfigKeys (ConfUtils.java:logGet(46)) - raft.server.rpc.sleep.time = 25ms (default)
2022-11-04 01:07:58,239 [pool-187-thread-1] INFO  server.RaftServerConfigKeys (ConfUtils.java:logGet(46)) - raft.server.rpc.slowness.timeout = 300s (custom)
2022-11-04 01:07:58,239 [pool-187-thread-1] INFO  server.RaftServerConfigKeys (ConfUtils.java:logGet(46)) - raft.server.leaderelection.leader.step-down.wait-time = 10s (default)
2022-11-04 01:07:58,239 [pool-187-thread-1] INFO  server.RaftServerConfigKeys (ConfUtils.java:logGet(46)) - raft.server.sleep.deviation.threshold = 300ms (default)
2022-11-04 01:07:58,239 [pool-187-thread-1] INFO  server.RaftServer$Division (ServerState.java:<init>(118)) - 914271eb-14eb-4bb5-b4be-b6b4d3827766@group-5D8652A3AABE: ConfigurationManager, init=-1: peers:[47858208-0de4-46ca-af6a-45b9f6a00c92|rpc:10.1.0.17:42645|dataStream:|priority:0|startupRole:FOLLOWER, e73ed4bb-a433-4ecd-b93a-d0b4e16433ed|rpc:10.1.0.17:37481|dataStream:|priority:0|startupRole:FOLLOWER, 914271eb-14eb-4bb5-b4be-b6b4d3827766|rpc:10.1.0.17:40663|dataStream:|priority:1|startupRole:FOLLOWER]|listeners:[], old=null, confs=<EMPTY_MAP>
2022-11-04 01:07:58,239 [pool-187-thread-1] INFO  server.RaftServerConfigKeys (ConfUtils.java:logGet(46)) - raft.server.storage.dir = [/home/runner/work/ozone/ozone/hadoop-ozone/integration-test/target/test-dir/MiniOzoneClusterImpl-e654cb93-8a46-4732-947e-f27e0a8f69eb/datanode-5/data/ratis] (custom)
2022-11-04 01:07:58,240 [pool-187-thread-1] INFO  server.RaftServerConfigKeys (ConfUtils.java:logGet(46)) - raft.server.log.corruption.policy = EXCEPTION (default)
2022-11-04 01:07:58,240 [pool-187-thread-1] INFO  server.RaftServerConfigKeys (ConfUtils.java:logGet(46)) - raft.server.storage.free-space.min = 0MB (=0) (default)
2022-11-04 01:07:58,240 [pool-187-thread-1] INFO  server.RaftServerConfigKeys (ConfUtils.java:logGet(46)) - raft.server.notification.no-leader.timeout = 300s (custom)
2022-11-04 01:07:58,240 [pool-187-thread-1] INFO  server.RaftServerConfigKeys (ConfUtils.java:logGet(46)) - raft.server.retrycache.expirytime = 600000ms (custom)
2022-11-04 01:07:58,240 [pool-187-thread-1] INFO  server.RaftServerConfigKeys (ConfUtils.java:logGet(46)) - raft.server.retrycache.statistics.expirytime = 100μs (default)
2022-11-04 01:07:58,241 [pool-187-thread-1] INFO  server.RaftServerConfigKeys (ConfUtils.java:logGet(46)) - raft.server.log.appender.install.snapshot.enabled = false (custom)
2022-11-04 01:07:58,241 [pool-187-thread-1] INFO  server.RaftServerConfigKeys (ConfUtils.java:logGet(46)) - raft.server.threadpool.server.cached = true (default)
2022-11-04 01:07:58,241 [pool-187-thread-1] INFO  server.RaftServerConfigKeys (ConfUtils.java:logGet(46)) - raft.server.threadpool.server.size = 0 (default)
2022-11-04 01:07:58,241 [pool-187-thread-1] INFO  server.RaftServerConfigKeys (ConfUtils.java:logGet(46)) - raft.server.threadpool.client.cached = true (default)
2022-11-04 01:07:58,241 [pool-187-thread-1] INFO  server.RaftServerConfigKeys (ConfUtils.java:logGet(46)) - raft.server.threadpool.client.size = 0 (default)
2022-11-04 01:07:58,241 [pool-187-thread-1] INFO  storage.RaftStorageDirectory (RaftStorageDirectoryImpl.java:analyzeStorage(137)) - The storage directory /home/runner/work/ozone/ozone/hadoop-ozone/integration-test/target/test-dir/MiniOzoneClusterImpl-e654cb93-8a46-4732-947e-f27e0a8f69eb/datanode-5/data/ratis/904680bb-6d82-4aff-a36c-5d8652a3aabe does not exist. Creating ...
2022-11-04 01:07:58,243 [pool-187-thread-1] INFO  storage.RaftStorageDirectory (RaftStorageDirectoryImpl.java:tryLock(231)) - Lock on /home/runner/work/ozone/ozone/hadoop-ozone/integration-test/target/test-dir/MiniOzoneClusterImpl-e654cb93-8a46-4732-947e-f27e0a8f69eb/datanode-5/data/ratis/904680bb-6d82-4aff-a36c-5d8652a3aabe/in_use.lock acquired by nodename 14694@fv-az39-323
2022-11-04 01:07:58,244 [pool-187-thread-1] INFO  storage.RaftStorage (RaftStorageImpl.java:format(96)) - Storage directory /home/runner/work/ozone/ozone/hadoop-ozone/integration-test/target/test-dir/MiniOzoneClusterImpl-e654cb93-8a46-4732-947e-f27e0a8f69eb/datanode-5/data/ratis/904680bb-6d82-4aff-a36c-5d8652a3aabe has been successfully formatted.
2022-11-04 01:07:58,244 [pool-187-thread-1] INFO  ratis.ContainerStateMachine (ContainerStateMachine.java:loadSnapshot(236)) - group-5D8652A3AABE: The snapshot info is null. Setting the last applied indexto:(t:0, i:~)
2022-11-04 01:07:58,244 [pool-187-thread-1] INFO  server.RaftServerConfigKeys (ConfUtils.java:logGet(46)) - raft.server.log.use.memory = false (default)
2022-11-04 01:07:58,244 [pool-187-thread-1] INFO  server.RaftServerConfigKeys (ConfUtils.java:logGet(46)) - raft.server.log.purge.gap = 1000000 (custom)
2022-11-04 01:07:58,244 [pool-187-thread-1] INFO  server.RaftServerConfigKeys (ConfUtils.java:logGet(46)) - raft.server.log.appender.buffer.byte-limit = 33554432 (custom)
2022-11-04 01:07:58,244 [pool-187-thread-1] INFO  server.RaftServerConfigKeys (ConfUtils.java:logGet(46)) - raft.server.log.statemachine.data.read.timeout = 1000ms (default)
2022-11-04 01:07:58,244 [pool-187-thread-1] INFO  server.RaftServerConfigKeys (ConfUtils.java:logGet(46)) - raft.server.log.purge.preservation.log.num = 0 (default)
2022-11-04 01:07:58,245 [pool-187-thread-1] INFO  server.RaftServerConfigKeys (ConfUtils.java:logGet(46)) - raft.server.log.segment.size.max = 1048576 (custom)
2022-11-04 01:07:58,246 [pool-187-thread-1] INFO  server.RaftServerConfigKeys (ConfUtils.java:logGet(46)) - raft.server.log.segment.cache.num.max = 2 (custom)
2022-11-04 01:07:58,246 [pool-187-thread-1] INFO  server.RaftServerConfigKeys (ConfUtils.java:logGet(46)) - raft.server.log.segment.cache.size.max = 200MB (=209715200) (default)
2022-11-04 01:07:58,246 [pool-187-thread-1] INFO  segmented.SegmentedRaftLogWorker (SegmentedRaftLogWorker.java:<init>(191)) - new 914271eb-14eb-4bb5-b4be-b6b4d3827766@group-5D8652A3AABE-SegmentedRaftLogWorker for RaftStorageImpl:Storage Directory /home/runner/work/ozone/ozone/hadoop-ozone/integration-test/target/test-dir/MiniOzoneClusterImpl-e654cb93-8a46-4732-947e-f27e0a8f69eb/datanode-5/data/ratis/904680bb-6d82-4aff-a36c-5d8652a3aabe
2022-11-04 01:07:58,246 [pool-187-thread-1] INFO  server.RaftServerConfigKeys (ConfUtils.java:logGet(46)) - raft.server.log.queue.byte-limit = 4294967296 (custom)
2022-11-04 01:07:58,246 [pool-187-thread-1] INFO  server.RaftServerConfigKeys (ConfUtils.java:logGet(46)) - raft.server.log.queue.element-limit = 1024 (custom)
2022-11-04 01:07:58,246 [pool-187-thread-1] INFO  server.RaftServerConfigKeys (ConfUtils.java:logGet(46)) - raft.server.log.segment.size.max = 1048576 (custom)
2022-11-04 01:07:58,246 [pool-187-thread-1] INFO  server.RaftServerConfigKeys (ConfUtils.java:logGet(46)) - raft.server.log.preallocated.size = 16384 (custom)
2022-11-04 01:07:58,246 [pool-187-thread-1] INFO  server.RaftServerConfigKeys (ConfUtils.java:logGet(46)) - raft.server.log.force.sync.num = 128 (default)
2022-11-04 01:07:58,246 [pool-187-thread-1] INFO  server.RaftServerConfigKeys (ConfUtils.java:logGet(46)) - raft.server.log.statemachine.data.sync = true (default)
2022-11-04 01:07:58,246 [pool-187-thread-1] INFO  server.RaftServerConfigKeys (ConfUtils.java:logGet(46)) - raft.server.log.statemachine.data.sync.timeout = 10s (default)
2022-11-04 01:07:58,247 [pool-187-thread-1] INFO  server.RaftServerConfigKeys (ConfUtils.java:logGet(46)) - raft.server.log.statemachine.data.sync.timeout.retry = -1 (default)
2022-11-04 01:07:58,247 [pool-187-thread-1] INFO  server.RaftServerConfigKeys (ConfUtils.java:logGet(46)) - raft.server.log.write.buffer.size = 1048576 (custom)
2022-11-04 01:07:58,248 [pool-187-thread-1] INFO  server.RaftServerConfigKeys (ConfUtils.java:logGet(46)) - raft.server.log.unsafe-flush.enabled = false (default)
2022-11-04 01:07:58,249 [pool-187-thread-1] INFO  server.RaftServerConfigKeys (ConfUtils.java:logGet(46)) - raft.server.log.async-flush.enabled = false (default)
2022-11-04 01:07:58,249 [pool-187-thread-1] INFO  server.RaftServerConfigKeys (ConfUtils.java:logGet(46)) - raft.server.log.statemachine.data.caching.enabled = true (custom)
2022-11-04 01:07:58,250 [pool-187-thread-1] INFO  segmented.SegmentedRaftLogWorker (SegmentedRaftLogWorker.java:lambda$new$0(136)) - 914271eb-14eb-4bb5-b4be-b6b4d3827766@group-5D8652A3AABE-SegmentedRaftLogWorker: flushIndex: setUnconditionally 0 -> -1
2022-11-04 01:07:58,250 [pool-187-thread-1] INFO  segmented.SegmentedRaftLogWorker (SegmentedRaftLogWorker.java:lambda$new$0(136)) - 914271eb-14eb-4bb5-b4be-b6b4d3827766@group-5D8652A3AABE-SegmentedRaftLogWorker: safeCacheEvictIndex: setUnconditionally 0 -> -1
2022-11-04 01:07:58,255 [pool-187-thread-1] INFO  server.RaftServer$Division (RaftServerImpl.java:start(334)) - 914271eb-14eb-4bb5-b4be-b6b4d3827766@group-5D8652A3AABE: start as a follower, conf=-1: peers:[47858208-0de4-46ca-af6a-45b9f6a00c92|rpc:10.1.0.17:42645|dataStream:|priority:0|startupRole:FOLLOWER, e73ed4bb-a433-4ecd-b93a-d0b4e16433ed|rpc:10.1.0.17:37481|dataStream:|priority:0|startupRole:FOLLOWER, 914271eb-14eb-4bb5-b4be-b6b4d3827766|rpc:10.1.0.17:40663|dataStream:|priority:1|startupRole:FOLLOWER]|listeners:[], old=null
2022-11-04 01:07:58,255 [pool-187-thread-1] INFO  server.RaftServer$Division (RaftServerImpl.java:setRole(321)) - 914271eb-14eb-4bb5-b4be-b6b4d3827766@group-5D8652A3AABE: changes role from      null to FOLLOWER at term 0 for startAsFollower
2022-11-04 01:07:58,255 [pool-187-thread-1] INFO  impl.RoleInfo (RoleInfo.java:updateAndGet(139)) - 914271eb-14eb-4bb5-b4be-b6b4d3827766: start 914271eb-14eb-4bb5-b4be-b6b4d3827766@group-5D8652A3AABE-FollowerState
2022-11-04 01:07:58,257 [914271eb-14eb-4bb5-b4be-b6b4d3827766@group-5D8652A3AABE-FollowerState] INFO  server.RaftServerConfigKeys (ConfUtils.java:logFallback(53)) - raft.server.rpc.first-election.timeout.min = 5s (fallback to raft.server.rpc.timeout.min)
2022-11-04 01:07:58,257 [pool-187-thread-1] INFO  util.JmxRegister (JmxRegister.java:tryRegister(44)) - Successfully registered JMX Bean with object name Ratis:service=RaftServer,group=group-5D8652A3AABE,id=914271eb-14eb-4bb5-b4be-b6b4d3827766
2022-11-04 01:07:58,258 [914271eb-14eb-4bb5-b4be-b6b4d3827766@group-5D8652A3AABE-FollowerState] INFO  server.RaftServerConfigKeys (ConfUtils.java:logFallback(53)) - raft.server.rpc.first-election.timeout.max = 5200ms (fallback to raft.server.rpc.timeout.max)
2022-11-04 01:07:58,258 [pool-187-thread-1] INFO  server.RaftServerConfigKeys (ConfUtils.java:logGet(46)) - raft.server.snapshot.auto.trigger.enabled = true (custom)
2022-11-04 01:07:58,258 [pool-187-thread-1] INFO  server.RaftServerConfigKeys (ConfUtils.java:logGet(46)) - raft.server.snapshot.auto.trigger.threshold = 10000 (custom)
2022-11-04 01:07:58,258 [pool-187-thread-1] INFO  server.RaftServerConfigKeys (ConfUtils.java:logGet(46)) - raft.server.snapshot.retention.file.num = 5 (custom)
2022-11-04 01:07:58,258 [pool-187-thread-1] INFO  server.RaftServerConfigKeys (ConfUtils.java:logGet(46)) - raft.server.log.purge.upto.snapshot.index = false (default)
2022-11-04 01:07:58,264 [Command processor thread] INFO  commandhandler.CreatePipelineCommandHandler (CreatePipelineCommandHandler.java:handle(113)) - Created Pipeline RATIS THREE PipelineID=904680bb-6d82-4aff-a36c-5d8652a3aabe.
2022-11-04 01:07:58,330 [Command processor thread] INFO  server.RaftServer (RaftServerProxy.java:addNew(96)) - e73ed4bb-a433-4ecd-b93a-d0b4e16433ed: addNew group-85F39928E9FD:[e73ed4bb-a433-4ecd-b93a-d0b4e16433ed|rpc:10.1.0.17:37481|priority:1|startupRole:FOLLOWER] returns group-85F39928E9FD:java.util.concurrent.CompletableFuture@50582d26[Not completed]
2022-11-04 01:07:58,330 [pool-164-thread-1] INFO  server.RaftServer$Division (RaftServerImpl.java:<init>(195)) - e73ed4bb-a433-4ecd-b93a-d0b4e16433ed: new RaftServerImpl for group-85F39928E9FD:[e73ed4bb-a433-4ecd-b93a-d0b4e16433ed|rpc:10.1.0.17:37481|priority:1|startupRole:FOLLOWER] with ContainerStateMachine:uninitialized
2022-11-04 01:07:58,331 [pool-164-thread-1] INFO  server.RaftServerConfigKeys (ConfUtils.java:logGet(46)) - raft.server.rpc.timeout.min = 5s (custom)
2022-11-04 01:07:58,331 [pool-164-thread-1] INFO  server.RaftServerConfigKeys (ConfUtils.java:logGet(46)) - raft.server.rpc.timeout.max = 5200ms (custom)
2022-11-04 01:07:58,331 [pool-164-thread-1] INFO  server.RaftServerConfigKeys (ConfUtils.java:logGet(46)) - raft.server.rpc.sleep.time = 25ms (default)
2022-11-04 01:07:58,331 [pool-164-thread-1] INFO  server.RaftServerConfigKeys (ConfUtils.java:logGet(46)) - raft.server.rpc.slowness.timeout = 300s (custom)
2022-11-04 01:07:58,331 [pool-164-thread-1] INFO  server.RaftServerConfigKeys (ConfUtils.java:logGet(46)) - raft.server.leaderelection.leader.step-down.wait-time = 10s (default)
2022-11-04 01:07:58,331 [pool-164-thread-1] INFO  server.RaftServerConfigKeys (ConfUtils.java:logGet(46)) - raft.server.sleep.deviation.threshold = 300ms (default)
2022-11-04 01:07:58,331 [pool-164-thread-1] INFO  server.RaftServer$Division (ServerState.java:<init>(118)) - e73ed4bb-a433-4ecd-b93a-d0b4e16433ed@group-85F39928E9FD: ConfigurationManager, init=-1: peers:[e73ed4bb-a433-4ecd-b93a-d0b4e16433ed|rpc:10.1.0.17:37481|priority:1|startupRole:FOLLOWER]|listeners:[], old=null, confs=<EMPTY_MAP>
2022-11-04 01:07:58,331 [pool-164-thread-1] INFO  server.RaftServerConfigKeys (ConfUtils.java:logGet(46)) - raft.server.storage.dir = [/home/runner/work/ozone/ozone/hadoop-ozone/integration-test/target/test-dir/MiniOzoneClusterImpl-e654cb93-8a46-4732-947e-f27e0a8f69eb/datanode-4/data/ratis] (custom)
2022-11-04 01:07:58,331 [pool-164-thread-1] INFO  server.RaftServerConfigKeys (ConfUtils.java:logGet(46)) - raft.server.log.corruption.policy = EXCEPTION (default)
2022-11-04 01:07:58,331 [pool-164-thread-1] INFO  server.RaftServerConfigKeys (ConfUtils.java:logGet(46)) - raft.server.storage.free-space.min = 0MB (=0) (default)
2022-11-04 01:07:58,331 [pool-164-thread-1] INFO  server.RaftServerConfigKeys (ConfUtils.java:logGet(46)) - raft.server.notification.no-leader.timeout = 300s (custom)
2022-11-04 01:07:58,331 [pool-164-thread-1] INFO  server.RaftServerConfigKeys (ConfUtils.java:logGet(46)) - raft.server.retrycache.expirytime = 600000ms (custom)
2022-11-04 01:07:58,331 [pool-164-thread-1] INFO  server.RaftServerConfigKeys (ConfUtils.java:logGet(46)) - raft.server.retrycache.statistics.expirytime = 100μs (default)
2022-11-04 01:07:58,332 [pool-164-thread-1] INFO  server.RaftServerConfigKeys (ConfUtils.java:logGet(46)) - raft.server.log.appender.install.snapshot.enabled = false (custom)
2022-11-04 01:07:58,332 [pool-164-thread-1] INFO  server.RaftServerConfigKeys (ConfUtils.java:logGet(46)) - raft.server.threadpool.server.cached = true (default)
2022-11-04 01:07:58,332 [pool-164-thread-1] INFO  server.RaftServerConfigKeys (ConfUtils.java:logGet(46)) - raft.server.threadpool.server.size = 0 (default)
2022-11-04 01:07:58,332 [pool-164-thread-1] INFO  server.RaftServerConfigKeys (ConfUtils.java:logGet(46)) - raft.server.threadpool.client.cached = true (default)
2022-11-04 01:07:58,332 [pool-164-thread-1] INFO  server.RaftServerConfigKeys (ConfUtils.java:logGet(46)) - raft.server.threadpool.client.size = 0 (default)
2022-11-04 01:07:58,333 [pool-164-thread-1] INFO  storage.RaftStorageDirectory (RaftStorageDirectoryImpl.java:analyzeStorage(137)) - The storage directory /home/runner/work/ozone/ozone/hadoop-ozone/integration-test/target/test-dir/MiniOzoneClusterImpl-e654cb93-8a46-4732-947e-f27e0a8f69eb/datanode-4/data/ratis/e41597bc-ab7f-47dd-b096-85f39928e9fd does not exist. Creating ...
2022-11-04 01:07:58,334 [pool-164-thread-1] INFO  storage.RaftStorageDirectory (RaftStorageDirectoryImpl.java:tryLock(231)) - Lock on /home/runner/work/ozone/ozone/hadoop-ozone/integration-test/target/test-dir/MiniOzoneClusterImpl-e654cb93-8a46-4732-947e-f27e0a8f69eb/datanode-4/data/ratis/e41597bc-ab7f-47dd-b096-85f39928e9fd/in_use.lock acquired by nodename 14694@fv-az39-323
2022-11-04 01:07:58,335 [pool-164-thread-1] INFO  storage.RaftStorage (RaftStorageImpl.java:format(96)) - Storage directory /home/runner/work/ozone/ozone/hadoop-ozone/integration-test/target/test-dir/MiniOzoneClusterImpl-e654cb93-8a46-4732-947e-f27e0a8f69eb/datanode-4/data/ratis/e41597bc-ab7f-47dd-b096-85f39928e9fd has been successfully formatted.
2022-11-04 01:07:58,337 [EventQueue-PipelineReportForPipelineReportHandler] INFO  pipeline.PipelineManagerImpl (PipelineManagerImpl.java:openPipeline(367)) - Pipeline Pipeline[ Id: e41597bc-ab7f-47dd-b096-85f39928e9fd, Nodes: e73ed4bb-a433-4ecd-b93a-d0b4e16433ed{ip: 10.1.0.17, host: fv-az39-323.yumyzuo2tp0ejekjjwodrrku4b.bx.internal.cloudapp.net, ports: [REPLICATION=35841, RATIS=37481, RATIS_ADMIN=37481, RATIS_SERVER=37481, STANDALONE=32791], networkLocation: /default-rack, certSerialId: null, persistedOpState: IN_SERVICE, persistedOpStateExpiryEpochSec: 0}, ReplicationConfig: RATIS/ONE, State:ALLOCATED, leaderId:e73ed4bb-a433-4ecd-b93a-d0b4e16433ed, CreationTimestamp2022-11-04T01:07:55.334Z[Etc/UTC]] moved to OPEN state
2022-11-04 01:07:58,337 [EventQueue-OpenPipelineForHealthyPipelineSafeModeRule] INFO  safemode.SCMSafeModeManager (HealthyPipelineSafeModeRule.java:process(137)) - SCM in safe mode. Healthy pipelines reported count is 0, required healthy pipeline reported count is 1
2022-11-04 01:07:58,337 [pool-164-thread-1] INFO  ratis.ContainerStateMachine (ContainerStateMachine.java:loadSnapshot(236)) - group-85F39928E9FD: The snapshot info is null. Setting the last applied indexto:(t:0, i:~)
2022-11-04 01:07:58,338 [pool-164-thread-1] INFO  server.RaftServerConfigKeys (ConfUtils.java:logGet(46)) - raft.server.log.use.memory = false (default)
2022-11-04 01:07:58,338 [pool-164-thread-1] INFO  server.RaftServerConfigKeys (ConfUtils.java:logGet(46)) - raft.server.log.purge.gap = 1000000 (custom)
2022-11-04 01:07:58,338 [pool-164-thread-1] INFO  server.RaftServerConfigKeys (ConfUtils.java:logGet(46)) - raft.server.log.appender.buffer.byte-limit = 33554432 (custom)
2022-11-04 01:07:58,339 [pool-164-thread-1] INFO  server.RaftServerConfigKeys (ConfUtils.java:logGet(46)) - raft.server.log.statemachine.data.read.timeout = 1000ms (default)
2022-11-04 01:07:58,339 [pool-164-thread-1] INFO  server.RaftServerConfigKeys (ConfUtils.java:logGet(46)) - raft.server.log.purge.preservation.log.num = 0 (default)
2022-11-04 01:07:58,339 [pool-164-thread-1] INFO  server.RaftServerConfigKeys (ConfUtils.java:logGet(46)) - raft.server.log.segment.size.max = 1048576 (custom)
2022-11-04 01:07:58,339 [pool-164-thread-1] INFO  server.RaftServerConfigKeys (ConfUtils.java:logGet(46)) - raft.server.log.segment.cache.num.max = 2 (custom)
2022-11-04 01:07:58,339 [pool-164-thread-1] INFO  server.RaftServerConfigKeys (ConfUtils.java:logGet(46)) - raft.server.log.segment.cache.size.max = 200MB (=209715200) (default)
2022-11-04 01:07:58,339 [pool-164-thread-1] INFO  segmented.SegmentedRaftLogWorker (SegmentedRaftLogWorker.java:<init>(191)) - new e73ed4bb-a433-4ecd-b93a-d0b4e16433ed@group-85F39928E9FD-SegmentedRaftLogWorker for RaftStorageImpl:Storage Directory /home/runner/work/ozone/ozone/hadoop-ozone/integration-test/target/test-dir/MiniOzoneClusterImpl-e654cb93-8a46-4732-947e-f27e0a8f69eb/datanode-4/data/ratis/e41597bc-ab7f-47dd-b096-85f39928e9fd
2022-11-04 01:07:58,339 [pool-164-thread-1] INFO  server.RaftServerConfigKeys (ConfUtils.java:logGet(46)) - raft.server.log.queue.byte-limit = 4294967296 (custom)
2022-11-04 01:07:58,339 [pool-164-thread-1] INFO  server.RaftServerConfigKeys (ConfUtils.java:logGet(46)) - raft.server.log.queue.element-limit = 1024 (custom)
2022-11-04 01:07:58,339 [pool-164-thread-1] INFO  server.RaftServerConfigKeys (ConfUtils.java:logGet(46)) - raft.server.log.segment.size.max = 1048576 (custom)
2022-11-04 01:07:58,339 [pool-164-thread-1] INFO  server.RaftServerConfigKeys (ConfUtils.java:logGet(46)) - raft.server.log.preallocated.size = 16384 (custom)
2022-11-04 01:07:58,339 [pool-164-thread-1] INFO  server.RaftServerConfigKeys (ConfUtils.java:logGet(46)) - raft.server.log.force.sync.num = 128 (default)
2022-11-04 01:07:58,339 [pool-164-thread-1] INFO  server.RaftServerConfigKeys (ConfUtils.java:logGet(46)) - raft.server.log.statemachine.data.sync = true (default)
2022-11-04 01:07:58,339 [pool-164-thread-1] INFO  server.RaftServerConfigKeys (ConfUtils.java:logGet(46)) - raft.server.log.statemachine.data.sync.timeout = 10s (default)
2022-11-04 01:07:58,340 [pool-164-thread-1] INFO  server.RaftServerConfigKeys (ConfUtils.java:logGet(46)) - raft.server.log.statemachine.data.sync.timeout.retry = -1 (default)
2022-11-04 01:07:58,340 [pool-164-thread-1] INFO  server.RaftServerConfigKeys (ConfUtils.java:logGet(46)) - raft.server.log.write.buffer.size = 1048576 (custom)
2022-11-04 01:07:58,341 [pool-164-thread-1] INFO  server.RaftServerConfigKeys (ConfUtils.java:logGet(46)) - raft.server.log.unsafe-flush.enabled = false (default)
2022-11-04 01:07:58,341 [pool-164-thread-1] INFO  server.RaftServerConfigKeys (ConfUtils.java:logGet(46)) - raft.server.log.async-flush.enabled = false (default)
2022-11-04 01:07:58,341 [pool-164-thread-1] INFO  server.RaftServerConfigKeys (ConfUtils.java:logGet(46)) - raft.server.log.statemachine.data.caching.enabled = true (custom)
2022-11-04 01:07:58,341 [pool-164-thread-1] INFO  segmented.SegmentedRaftLogWorker (SegmentedRaftLogWorker.java:lambda$new$0(136)) - e73ed4bb-a433-4ecd-b93a-d0b4e16433ed@group-85F39928E9FD-SegmentedRaftLogWorker: flushIndex: setUnconditionally 0 -> -1
2022-11-04 01:07:58,341 [pool-164-thread-1] INFO  segmented.SegmentedRaftLogWorker (SegmentedRaftLogWorker.java:lambda$new$0(136)) - e73ed4bb-a433-4ecd-b93a-d0b4e16433ed@group-85F39928E9FD-SegmentedRaftLogWorker: safeCacheEvictIndex: setUnconditionally 0 -> -1
2022-11-04 01:07:58,341 [pool-164-thread-1] INFO  server.RaftServer$Division (RaftServerImpl.java:start(334)) - e73ed4bb-a433-4ecd-b93a-d0b4e16433ed@group-85F39928E9FD: start as a follower, conf=-1: peers:[e73ed4bb-a433-4ecd-b93a-d0b4e16433ed|rpc:10.1.0.17:37481|priority:1|startupRole:FOLLOWER]|listeners:[], old=null
2022-11-04 01:07:58,341 [pool-164-thread-1] INFO  server.RaftServer$Division (RaftServerImpl.java:setRole(321)) - e73ed4bb-a433-4ecd-b93a-d0b4e16433ed@group-85F39928E9FD: changes role from      null to FOLLOWER at term 0 for startAsFollower
2022-11-04 01:07:58,341 [pool-164-thread-1] INFO  impl.RoleInfo (RoleInfo.java:updateAndGet(139)) - e73ed4bb-a433-4ecd-b93a-d0b4e16433ed: start e73ed4bb-a433-4ecd-b93a-d0b4e16433ed@group-85F39928E9FD-FollowerState
2022-11-04 01:07:58,342 [pool-164-thread-1] INFO  util.JmxRegister (JmxRegister.java:tryRegister(44)) - Successfully registered JMX Bean with object name Ratis:service=RaftServer,group=group-85F39928E9FD,id=e73ed4bb-a433-4ecd-b93a-d0b4e16433ed
2022-11-04 01:07:58,342 [pool-164-thread-1] INFO  server.RaftServerConfigKeys (ConfUtils.java:logGet(46)) - raft.server.snapshot.auto.trigger.enabled = true (custom)
2022-11-04 01:07:58,342 [pool-164-thread-1] INFO  server.RaftServerConfigKeys (ConfUtils.java:logGet(46)) - raft.server.snapshot.auto.trigger.threshold = 10000 (custom)
2022-11-04 01:07:58,342 [pool-164-thread-1] INFO  server.RaftServerConfigKeys (ConfUtils.java:logGet(46)) - raft.server.snapshot.retention.file.num = 5 (custom)
2022-11-04 01:07:58,342 [pool-164-thread-1] INFO  server.RaftServerConfigKeys (ConfUtils.java:logGet(46)) - raft.server.log.purge.upto.snapshot.index = false (default)
2022-11-04 01:07:58,342 [Command processor thread] INFO  ratis.XceiverServerRatis (XceiverServerRatis.java:addGroup(765)) - Created group PipelineID=e41597bc-ab7f-47dd-b096-85f39928e9fd
2022-11-04 01:07:58,342 [e73ed4bb-a433-4ecd-b93a-d0b4e16433ed@group-85F39928E9FD-FollowerState] INFO  server.RaftServerConfigKeys (ConfUtils.java:logFallback(53)) - raft.server.rpc.first-election.timeout.min = 5s (fallback to raft.server.rpc.timeout.min)
2022-11-04 01:07:58,342 [Command processor thread] INFO  commandhandler.CreatePipelineCommandHandler (CreatePipelineCommandHandler.java:handle(113)) - Created Pipeline RATIS ONE PipelineID=e41597bc-ab7f-47dd-b096-85f39928e9fd.
2022-11-04 01:07:58,343 [e73ed4bb-a433-4ecd-b93a-d0b4e16433ed@group-85F39928E9FD-FollowerState] INFO  server.RaftServerConfigKeys (ConfUtils.java:logFallback(53)) - raft.server.rpc.first-election.timeout.max = 5200ms (fallback to raft.server.rpc.timeout.max)
2022-11-04 01:07:58,677 [Command processor thread] INFO  server.RaftServer (RaftServerProxy.java:addNew(96)) - 914271eb-14eb-4bb5-b4be-b6b4d3827766: addNew group-8C0C523AC267:[914271eb-14eb-4bb5-b4be-b6b4d3827766|rpc:10.1.0.17:40663|priority:1|startupRole:FOLLOWER] returns group-8C0C523AC267:java.util.concurrent.CompletableFuture@765fc82d[Not completed]
2022-11-04 01:07:58,678 [pool-187-thread-1] INFO  server.RaftServer$Division (RaftServerImpl.java:<init>(195)) - 914271eb-14eb-4bb5-b4be-b6b4d3827766: new RaftServerImpl for group-8C0C523AC267:[914271eb-14eb-4bb5-b4be-b6b4d3827766|rpc:10.1.0.17:40663|priority:1|startupRole:FOLLOWER] with ContainerStateMachine:uninitialized
2022-11-04 01:07:58,678 [pool-187-thread-1] INFO  server.RaftServerConfigKeys (ConfUtils.java:logGet(46)) - raft.server.rpc.timeout.min = 5s (custom)
2022-11-04 01:07:58,678 [pool-187-thread-1] INFO  server.RaftServerConfigKeys (ConfUtils.java:logGet(46)) - raft.server.rpc.timeout.max = 5200ms (custom)
2022-11-04 01:07:58,678 [pool-187-thread-1] INFO  server.RaftServerConfigKeys (ConfUtils.java:logGet(46)) - raft.server.rpc.sleep.time = 25ms (default)
2022-11-04 01:07:58,678 [pool-187-thread-1] INFO  server.RaftServerConfigKeys (ConfUtils.java:logGet(46)) - raft.server.rpc.slowness.timeout = 300s (custom)
2022-11-04 01:07:58,678 [pool-187-thread-1] INFO  server.RaftServerConfigKeys (ConfUtils.java:logGet(46)) - raft.server.leaderelection.leader.step-down.wait-time = 10s (default)
2022-11-04 01:07:58,678 [pool-187-thread-1] INFO  server.RaftServerConfigKeys (ConfUtils.java:logGet(46)) - raft.server.sleep.deviation.threshold = 300ms (default)
2022-11-04 01:07:58,679 [pool-187-thread-1] INFO  server.RaftServer$Division (ServerState.java:<init>(118)) - 914271eb-14eb-4bb5-b4be-b6b4d3827766@group-8C0C523AC267: ConfigurationManager, init=-1: peers:[914271eb-14eb-4bb5-b4be-b6b4d3827766|rpc:10.1.0.17:40663|priority:1|startupRole:FOLLOWER]|listeners:[], old=null, confs=<EMPTY_MAP>
2022-11-04 01:07:58,679 [pool-187-thread-1] INFO  server.RaftServerConfigKeys (ConfUtils.java:logGet(46)) - raft.server.storage.dir = [/home/runner/work/ozone/ozone/hadoop-ozone/integration-test/target/test-dir/MiniOzoneClusterImpl-e654cb93-8a46-4732-947e-f27e0a8f69eb/datanode-5/data/ratis] (custom)
2022-11-04 01:07:58,679 [pool-187-thread-1] INFO  server.RaftServerConfigKeys (ConfUtils.java:logGet(46)) - raft.server.log.corruption.policy = EXCEPTION (default)
2022-11-04 01:07:58,679 [pool-187-thread-1] INFO  server.RaftServerConfigKeys (ConfUtils.java:logGet(46)) - raft.server.storage.free-space.min = 0MB (=0) (default)
2022-11-04 01:07:58,679 [pool-187-thread-1] INFO  server.RaftServerConfigKeys (ConfUtils.java:logGet(46)) - raft.server.notification.no-leader.timeout = 300s (custom)
2022-11-04 01:07:58,679 [pool-187-thread-1] INFO  server.RaftServerConfigKeys (ConfUtils.java:logGet(46)) - raft.server.retrycache.expirytime = 600000ms (custom)
2022-11-04 01:07:58,679 [pool-187-thread-1] INFO  server.RaftServerConfigKeys (ConfUtils.java:logGet(46)) - raft.server.retrycache.statistics.expirytime = 100μs (default)
2022-11-04 01:07:58,680 [pool-187-thread-1] INFO  server.RaftServerConfigKeys (ConfUtils.java:logGet(46)) - raft.server.log.appender.install.snapshot.enabled = false (custom)
2022-11-04 01:07:58,680 [pool-187-thread-1] INFO  server.RaftServerConfigKeys (ConfUtils.java:logGet(46)) - raft.server.threadpool.server.cached = true (default)
2022-11-04 01:07:58,680 [pool-187-thread-1] INFO  server.RaftServerConfigKeys (ConfUtils.java:logGet(46)) - raft.server.threadpool.server.size = 0 (default)
2022-11-04 01:07:58,680 [pool-187-thread-1] INFO  server.RaftServerConfigKeys (ConfUtils.java:logGet(46)) - raft.server.threadpool.client.cached = true (default)
2022-11-04 01:07:58,680 [pool-187-thread-1] INFO  server.RaftServerConfigKeys (ConfUtils.java:logGet(46)) - raft.server.threadpool.client.size = 0 (default)
2022-11-04 01:07:58,680 [pool-187-thread-1] INFO  storage.RaftStorageDirectory (RaftStorageDirectoryImpl.java:analyzeStorage(137)) - The storage directory /home/runner/work/ozone/ozone/hadoop-ozone/integration-test/target/test-dir/MiniOzoneClusterImpl-e654cb93-8a46-4732-947e-f27e0a8f69eb/datanode-5/data/ratis/cb880c9b-7d2e-4ed4-8857-8c0c523ac267 does not exist. Creating ...
2022-11-04 01:07:58,681 [pool-187-thread-1] INFO  storage.RaftStorageDirectory (RaftStorageDirectoryImpl.java:tryLock(231)) - Lock on /home/runner/work/ozone/ozone/hadoop-ozone/integration-test/target/test-dir/MiniOzoneClusterImpl-e654cb93-8a46-4732-947e-f27e0a8f69eb/datanode-5/data/ratis/cb880c9b-7d2e-4ed4-8857-8c0c523ac267/in_use.lock acquired by nodename 14694@fv-az39-323
2022-11-04 01:07:58,682 [pool-187-thread-1] INFO  storage.RaftStorage (RaftStorageImpl.java:format(96)) - Storage directory /home/runner/work/ozone/ozone/hadoop-ozone/integration-test/target/test-dir/MiniOzoneClusterImpl-e654cb93-8a46-4732-947e-f27e0a8f69eb/datanode-5/data/ratis/cb880c9b-7d2e-4ed4-8857-8c0c523ac267 has been successfully formatted.
2022-11-04 01:07:58,683 [pool-187-thread-1] INFO  ratis.ContainerStateMachine (ContainerStateMachine.java:loadSnapshot(236)) - group-8C0C523AC267: The snapshot info is null. Setting the last applied indexto:(t:0, i:~)
2022-11-04 01:07:58,683 [pool-187-thread-1] INFO  server.RaftServerConfigKeys (ConfUtils.java:logGet(46)) - raft.server.log.use.memory = false (default)
2022-11-04 01:07:58,683 [pool-187-thread-1] INFO  server.RaftServerConfigKeys (ConfUtils.java:logGet(46)) - raft.server.log.purge.gap = 1000000 (custom)
2022-11-04 01:07:58,683 [pool-187-thread-1] INFO  server.RaftServerConfigKeys (ConfUtils.java:logGet(46)) - raft.server.log.appender.buffer.byte-limit = 33554432 (custom)
2022-11-04 01:07:58,683 [pool-187-thread-1] INFO  server.RaftServerConfigKeys (ConfUtils.java:logGet(46)) - raft.server.log.statemachine.data.read.timeout = 1000ms (default)
2022-11-04 01:07:58,683 [pool-187-thread-1] INFO  server.RaftServerConfigKeys (ConfUtils.java:logGet(46)) - raft.server.log.purge.preservation.log.num = 0 (default)
2022-11-04 01:07:58,684 [pool-187-thread-1] INFO  server.RaftServerConfigKeys (ConfUtils.java:logGet(46)) - raft.server.log.segment.size.max = 1048576 (custom)
2022-11-04 01:07:58,684 [EventQueue-PipelineReportForPipelineReportHandler] INFO  pipeline.PipelineManagerImpl (PipelineManagerImpl.java:openPipeline(367)) - Pipeline Pipeline[ Id: cb880c9b-7d2e-4ed4-8857-8c0c523ac267, Nodes: 914271eb-14eb-4bb5-b4be-b6b4d3827766{ip: 10.1.0.17, host: fv-az39-323.yumyzuo2tp0ejekjjwodrrku4b.bx.internal.cloudapp.net, ports: [REPLICATION=45229, RATIS=40663, RATIS_ADMIN=40663, RATIS_SERVER=40663, STANDALONE=42637], networkLocation: /default-rack, certSerialId: null, persistedOpState: IN_SERVICE, persistedOpStateExpiryEpochSec: 0}, ReplicationConfig: RATIS/ONE, State:ALLOCATED, leaderId:914271eb-14eb-4bb5-b4be-b6b4d3827766, CreationTimestamp2022-11-04T01:07:55.681Z[Etc/UTC]] moved to OPEN state
2022-11-04 01:07:58,685 [EventQueue-OpenPipelineForHealthyPipelineSafeModeRule] INFO  safemode.SCMSafeModeManager (HealthyPipelineSafeModeRule.java:process(137)) - SCM in safe mode. Healthy pipelines reported count is 0, required healthy pipeline reported count is 1
2022-11-04 01:07:58,686 [pool-187-thread-1] INFO  server.RaftServerConfigKeys (ConfUtils.java:logGet(46)) - raft.server.log.segment.cache.num.max = 2 (custom)
2022-11-04 01:07:58,687 [pool-187-thread-1] INFO  server.RaftServerConfigKeys (ConfUtils.java:logGet(46)) - raft.server.log.segment.cache.size.max = 200MB (=209715200) (default)
2022-11-04 01:07:58,687 [pool-187-thread-1] INFO  segmented.SegmentedRaftLogWorker (SegmentedRaftLogWorker.java:<init>(191)) - new 914271eb-14eb-4bb5-b4be-b6b4d3827766@group-8C0C523AC267-SegmentedRaftLogWorker for RaftStorageImpl:Storage Directory /home/runner/work/ozone/ozone/hadoop-ozone/integration-test/target/test-dir/MiniOzoneClusterImpl-e654cb93-8a46-4732-947e-f27e0a8f69eb/datanode-5/data/ratis/cb880c9b-7d2e-4ed4-8857-8c0c523ac267
2022-11-04 01:07:58,687 [pool-187-thread-1] INFO  server.RaftServerConfigKeys (ConfUtils.java:logGet(46)) - raft.server.log.queue.byte-limit = 4294967296 (custom)
2022-11-04 01:07:58,687 [pool-187-thread-1] INFO  server.RaftServerConfigKeys (ConfUtils.java:logGet(46)) - raft.server.log.queue.element-limit = 1024 (custom)
2022-11-04 01:07:58,687 [pool-187-thread-1] INFO  server.RaftServerConfigKeys (ConfUtils.java:logGet(46)) - raft.server.log.segment.size.max = 1048576 (custom)
2022-11-04 01:07:58,687 [pool-187-thread-1] INFO  server.RaftServerConfigKeys (ConfUtils.java:logGet(46)) - raft.server.log.preallocated.size = 16384 (custom)
2022-11-04 01:07:58,687 [pool-187-thread-1] INFO  server.RaftServerConfigKeys (ConfUtils.java:logGet(46)) - raft.server.log.force.sync.num = 128 (default)
2022-11-04 01:07:58,687 [pool-187-thread-1] INFO  server.RaftServerConfigKeys (ConfUtils.java:logGet(46)) - raft.server.log.statemachine.data.sync = true (default)
2022-11-04 01:07:58,687 [pool-187-thread-1] INFO  server.RaftServerConfigKeys (ConfUtils.java:logGet(46)) - raft.server.log.statemachine.data.sync.timeout = 10s (default)
2022-11-04 01:07:58,687 [pool-187-thread-1] INFO  server.RaftServerConfigKeys (ConfUtils.java:logGet(46)) - raft.server.log.statemachine.data.sync.timeout.retry = -1 (default)
2022-11-04 01:07:58,688 [pool-187-thread-1] INFO  server.RaftServerConfigKeys (ConfUtils.java:logGet(46)) - raft.server.log.write.buffer.size = 1048576 (custom)
2022-11-04 01:07:58,689 [pool-187-thread-1] INFO  server.RaftServerConfigKeys (ConfUtils.java:logGet(46)) - raft.server.log.unsafe-flush.enabled = false (default)
2022-11-04 01:07:58,689 [pool-187-thread-1] INFO  server.RaftServerConfigKeys (ConfUtils.java:logGet(46)) - raft.server.log.async-flush.enabled = false (default)
2022-11-04 01:07:58,689 [pool-187-thread-1] INFO  server.RaftServerConfigKeys (ConfUtils.java:logGet(46)) - raft.server.log.statemachine.data.caching.enabled = true (custom)
2022-11-04 01:07:58,689 [pool-187-thread-1] INFO  segmented.SegmentedRaftLogWorker (SegmentedRaftLogWorker.java:lambda$new$0(136)) - 914271eb-14eb-4bb5-b4be-b6b4d3827766@group-8C0C523AC267-SegmentedRaftLogWorker: flushIndex: setUnconditionally 0 -> -1
2022-11-04 01:07:58,689 [pool-187-thread-1] INFO  segmented.SegmentedRaftLogWorker (SegmentedRaftLogWorker.java:lambda$new$0(136)) - 914271eb-14eb-4bb5-b4be-b6b4d3827766@group-8C0C523AC267-SegmentedRaftLogWorker: safeCacheEvictIndex: setUnconditionally 0 -> -1
2022-11-04 01:07:58,690 [pool-187-thread-1] INFO  server.RaftServer$Division (RaftServerImpl.java:start(334)) - 914271eb-14eb-4bb5-b4be-b6b4d3827766@group-8C0C523AC267: start as a follower, conf=-1: peers:[914271eb-14eb-4bb5-b4be-b6b4d3827766|rpc:10.1.0.17:40663|priority:1|startupRole:FOLLOWER]|listeners:[], old=null
2022-11-04 01:07:58,690 [pool-187-thread-1] INFO  server.RaftServer$Division (RaftServerImpl.java:setRole(321)) - 914271eb-14eb-4bb5-b4be-b6b4d3827766@group-8C0C523AC267: changes role from      null to FOLLOWER at term 0 for startAsFollower
2022-11-04 01:07:58,690 [pool-187-thread-1] INFO  impl.RoleInfo (RoleInfo.java:updateAndGet(139)) - 914271eb-14eb-4bb5-b4be-b6b4d3827766: start 914271eb-14eb-4bb5-b4be-b6b4d3827766@group-8C0C523AC267-FollowerState
2022-11-04 01:07:58,690 [pool-187-thread-1] INFO  util.JmxRegister (JmxRegister.java:tryRegister(44)) - Successfully registered JMX Bean with object name Ratis:service=RaftServer,group=group-8C0C523AC267,id=914271eb-14eb-4bb5-b4be-b6b4d3827766
2022-11-04 01:07:58,690 [pool-187-thread-1] INFO  server.RaftServerConfigKeys (ConfUtils.java:logGet(46)) - raft.server.snapshot.auto.trigger.enabled = true (custom)
2022-11-04 01:07:58,690 [pool-187-thread-1] INFO  server.RaftServerConfigKeys (ConfUtils.java:logGet(46)) - raft.server.snapshot.auto.trigger.threshold = 10000 (custom)
2022-11-04 01:07:58,690 [pool-187-thread-1] INFO  server.RaftServerConfigKeys (ConfUtils.java:logGet(46)) - raft.server.snapshot.retention.file.num = 5 (custom)
2022-11-04 01:07:58,690 [pool-187-thread-1] INFO  server.RaftServerConfigKeys (ConfUtils.java:logGet(46)) - raft.server.log.purge.upto.snapshot.index = false (default)
2022-11-04 01:07:58,691 [914271eb-14eb-4bb5-b4be-b6b4d3827766@group-8C0C523AC267-FollowerState] INFO  server.RaftServerConfigKeys (ConfUtils.java:logFallback(53)) - raft.server.rpc.first-election.timeout.min = 5s (fallback to raft.server.rpc.timeout.min)
2022-11-04 01:07:58,691 [914271eb-14eb-4bb5-b4be-b6b4d3827766@group-8C0C523AC267-FollowerState] INFO  server.RaftServerConfigKeys (ConfUtils.java:logFallback(53)) - raft.server.rpc.first-election.timeout.max = 5200ms (fallback to raft.server.rpc.timeout.max)
2022-11-04 01:07:58,691 [Command processor thread] INFO  ratis.XceiverServerRatis (XceiverServerRatis.java:addGroup(765)) - Created group PipelineID=cb880c9b-7d2e-4ed4-8857-8c0c523ac267
2022-11-04 01:07:58,691 [Command processor thread] INFO  commandhandler.CreatePipelineCommandHandler (CreatePipelineCommandHandler.java:handle(113)) - Created Pipeline RATIS ONE PipelineID=cb880c9b-7d2e-4ed4-8857-8c0c523ac267.
2022-11-04 01:07:59,098 [Listener at 127.0.0.1/40125] INFO  ozone.MiniOzoneClusterImpl (MiniOzoneClusterImpl.java:lambda$waitForClusterToBeReady$0(216)) - Nodes are ready. Got 10 of 10 DN Heartbeats.
2022-11-04 01:07:59,098 [Listener at 127.0.0.1/40125] INFO  ozone.MiniOzoneClusterImpl (MiniOzoneClusterImpl.java:lambda$waitForClusterToBeReady$0(219)) - Waiting for cluster to exit safe mode
2022-11-04 01:07:59,098 [Listener at 127.0.0.1/40125] INFO  ozone.MiniOzoneClusterImpl (MiniOzoneClusterImpl.java:lambda$waitForClusterToBeReady$0(221)) - SCM became leader
2022-11-04 01:07:59,112 [Command processor thread] INFO  server.RaftServer (RaftServerProxy.java:addNew(96)) - dc492f9b-31c5-46a5-b048-fde4f7a6d732: addNew group-1CB3B225A7FA:[dc492f9b-31c5-46a5-b048-fde4f7a6d732|rpc:10.1.0.17:39685|priority:1|startupRole:FOLLOWER] returns group-1CB3B225A7FA:java.util.concurrent.CompletableFuture@6ac698c5[Not completed]
2022-11-04 01:07:59,116 [pool-210-thread-1] INFO  server.RaftServer$Division (RaftServerImpl.java:<init>(195)) - dc492f9b-31c5-46a5-b048-fde4f7a6d732: new RaftServerImpl for group-1CB3B225A7FA:[dc492f9b-31c5-46a5-b048-fde4f7a6d732|rpc:10.1.0.17:39685|priority:1|startupRole:FOLLOWER] with ContainerStateMachine:uninitialized
2022-11-04 01:07:59,116 [pool-210-thread-1] INFO  server.RaftServerConfigKeys (ConfUtils.java:logGet(46)) - raft.server.rpc.timeout.min = 5s (custom)
2022-11-04 01:07:59,116 [pool-210-thread-1] INFO  server.RaftServerConfigKeys (ConfUtils.java:logGet(46)) - raft.server.rpc.timeout.max = 5200ms (custom)
2022-11-04 01:07:59,116 [pool-210-thread-1] INFO  server.RaftServerConfigKeys (ConfUtils.java:logGet(46)) - raft.server.rpc.sleep.time = 25ms (default)
2022-11-04 01:07:59,116 [pool-210-thread-1] INFO  server.RaftServerConfigKeys (ConfUtils.java:logGet(46)) - raft.server.rpc.slowness.timeout = 300s (custom)
2022-11-04 01:07:59,116 [pool-210-thread-1] INFO  server.RaftServerConfigKeys (ConfUtils.java:logGet(46)) - raft.server.leaderelection.leader.step-down.wait-time = 10s (default)
2022-11-04 01:07:59,117 [pool-210-thread-1] INFO  server.RaftServerConfigKeys (ConfUtils.java:logGet(46)) - raft.server.sleep.deviation.threshold = 300ms (default)
2022-11-04 01:07:59,117 [pool-210-thread-1] INFO  server.RaftServer$Division (ServerState.java:<init>(118)) - dc492f9b-31c5-46a5-b048-fde4f7a6d732@group-1CB3B225A7FA: ConfigurationManager, init=-1: peers:[dc492f9b-31c5-46a5-b048-fde4f7a6d732|rpc:10.1.0.17:39685|priority:1|startupRole:FOLLOWER]|listeners:[], old=null, confs=<EMPTY_MAP>
2022-11-04 01:07:59,117 [pool-210-thread-1] INFO  server.RaftServerConfigKeys (ConfUtils.java:logGet(46)) - raft.server.storage.dir = [/home/runner/work/ozone/ozone/hadoop-ozone/integration-test/target/test-dir/MiniOzoneClusterImpl-e654cb93-8a46-4732-947e-f27e0a8f69eb/datanode-6/data/ratis] (custom)
2022-11-04 01:07:59,117 [pool-210-thread-1] INFO  server.RaftServerConfigKeys (ConfUtils.java:logGet(46)) - raft.server.log.corruption.policy = EXCEPTION (default)
2022-11-04 01:07:59,117 [pool-210-thread-1] INFO  server.RaftServerConfigKeys (ConfUtils.java:logGet(46)) - raft.server.storage.free-space.min = 0MB (=0) (default)
2022-11-04 01:07:59,117 [pool-210-thread-1] INFO  server.RaftServerConfigKeys (ConfUtils.java:logGet(46)) - raft.server.notification.no-leader.timeout = 300s (custom)
2022-11-04 01:07:59,117 [pool-210-thread-1] INFO  server.RaftServerConfigKeys (ConfUtils.java:logGet(46)) - raft.server.retrycache.expirytime = 600000ms (custom)
2022-11-04 01:07:59,118 [pool-210-thread-1] INFO  server.RaftServerConfigKeys (ConfUtils.java:logGet(46)) - raft.server.retrycache.statistics.expirytime = 100μs (default)
2022-11-04 01:07:59,121 [pool-210-thread-1] INFO  server.RaftServerConfigKeys (ConfUtils.java:logGet(46)) - raft.server.log.appender.install.snapshot.enabled = false (custom)
2022-11-04 01:07:59,121 [pool-210-thread-1] INFO  server.RaftServerConfigKeys (ConfUtils.java:logGet(46)) - raft.server.threadpool.server.cached = true (default)
2022-11-04 01:07:59,122 [pool-210-thread-1] INFO  server.RaftServerConfigKeys (ConfUtils.java:logGet(46)) - raft.server.threadpool.server.size = 0 (default)
2022-11-04 01:07:59,122 [pool-210-thread-1] INFO  server.RaftServerConfigKeys (ConfUtils.java:logGet(46)) - raft.server.threadpool.client.cached = true (default)
2022-11-04 01:07:59,122 [pool-210-thread-1] INFO  server.RaftServerConfigKeys (ConfUtils.java:logGet(46)) - raft.server.threadpool.client.size = 0 (default)
2022-11-04 01:07:59,122 [pool-210-thread-1] INFO  storage.RaftStorageDirectory (RaftStorageDirectoryImpl.java:analyzeStorage(137)) - The storage directory /home/runner/work/ozone/ozone/hadoop-ozone/integration-test/target/test-dir/MiniOzoneClusterImpl-e654cb93-8a46-4732-947e-f27e0a8f69eb/datanode-6/data/ratis/327d66f6-30f7-4452-adf7-1cb3b225a7fa does not exist. Creating ...
2022-11-04 01:07:59,123 [pool-210-thread-1] INFO  storage.RaftStorageDirectory (RaftStorageDirectoryImpl.java:tryLock(231)) - Lock on /home/runner/work/ozone/ozone/hadoop-ozone/integration-test/target/test-dir/MiniOzoneClusterImpl-e654cb93-8a46-4732-947e-f27e0a8f69eb/datanode-6/data/ratis/327d66f6-30f7-4452-adf7-1cb3b225a7fa/in_use.lock acquired by nodename 14694@fv-az39-323
2022-11-04 01:07:59,125 [pool-210-thread-1] INFO  storage.RaftStorage (RaftStorageImpl.java:format(96)) - Storage directory /home/runner/work/ozone/ozone/hadoop-ozone/integration-test/target/test-dir/MiniOzoneClusterImpl-e654cb93-8a46-4732-947e-f27e0a8f69eb/datanode-6/data/ratis/327d66f6-30f7-4452-adf7-1cb3b225a7fa has been successfully formatted.
2022-11-04 01:07:59,125 [pool-210-thread-1] INFO  ratis.ContainerStateMachine (ContainerStateMachine.java:loadSnapshot(236)) - group-1CB3B225A7FA: The snapshot info is null. Setting the last applied indexto:(t:0, i:~)
2022-11-04 01:07:59,125 [pool-210-thread-1] INFO  server.RaftServerConfigKeys (ConfUtils.java:logGet(46)) - raft.server.log.use.memory = false (default)
2022-11-04 01:07:59,126 [pool-210-thread-1] INFO  server.RaftServerConfigKeys (ConfUtils.java:logGet(46)) - raft.server.log.purge.gap = 1000000 (custom)
2022-11-04 01:07:59,126 [pool-210-thread-1] INFO  server.RaftServerConfigKeys (ConfUtils.java:logGet(46)) - raft.server.log.appender.buffer.byte-limit = 33554432 (custom)
2022-11-04 01:07:59,126 [pool-210-thread-1] INFO  server.RaftServerConfigKeys (ConfUtils.java:logGet(46)) - raft.server.log.statemachine.data.read.timeout = 1000ms (default)
2022-11-04 01:07:59,126 [pool-210-thread-1] INFO  server.RaftServerConfigKeys (ConfUtils.java:logGet(46)) - raft.server.log.purge.preservation.log.num = 0 (default)
2022-11-04 01:07:59,126 [pool-210-thread-1] INFO  server.RaftServerConfigKeys (ConfUtils.java:logGet(46)) - raft.server.log.segment.size.max = 1048576 (custom)
2022-11-04 01:07:59,127 [pool-210-thread-1] INFO  server.RaftServerConfigKeys (ConfUtils.java:logGet(46)) - raft.server.log.segment.cache.num.max = 2 (custom)
2022-11-04 01:07:59,127 [pool-210-thread-1] INFO  server.RaftServerConfigKeys (ConfUtils.java:logGet(46)) - raft.server.log.segment.cache.size.max = 200MB (=209715200) (default)
2022-11-04 01:07:59,127 [pool-210-thread-1] INFO  segmented.SegmentedRaftLogWorker (SegmentedRaftLogWorker.java:<init>(191)) - new dc492f9b-31c5-46a5-b048-fde4f7a6d732@group-1CB3B225A7FA-SegmentedRaftLogWorker for RaftStorageImpl:Storage Directory /home/runner/work/ozone/ozone/hadoop-ozone/integration-test/target/test-dir/MiniOzoneClusterImpl-e654cb93-8a46-4732-947e-f27e0a8f69eb/datanode-6/data/ratis/327d66f6-30f7-4452-adf7-1cb3b225a7fa
2022-11-04 01:07:59,127 [EventQueue-PipelineReportForPipelineReportHandler] INFO  pipeline.PipelineManagerImpl (PipelineManagerImpl.java:openPipeline(367)) - Pipeline Pipeline[ Id: 327d66f6-30f7-4452-adf7-1cb3b225a7fa, Nodes: dc492f9b-31c5-46a5-b048-fde4f7a6d732{ip: 10.1.0.17, host: fv-az39-323.yumyzuo2tp0ejekjjwodrrku4b.bx.internal.cloudapp.net, ports: [REPLICATION=35247, RATIS=39685, RATIS_ADMIN=39685, RATIS_SERVER=39685, STANDALONE=44189], networkLocation: /default-rack, certSerialId: null, persistedOpState: IN_SERVICE, persistedOpStateExpiryEpochSec: 0}, ReplicationConfig: RATIS/ONE, State:ALLOCATED, leaderId:dc492f9b-31c5-46a5-b048-fde4f7a6d732, CreationTimestamp2022-11-04T01:07:56.115Z[Etc/UTC]] moved to OPEN state
2022-11-04 01:07:59,128 [EventQueue-OpenPipelineForHealthyPipelineSafeModeRule] INFO  safemode.SCMSafeModeManager (HealthyPipelineSafeModeRule.java:process(137)) - SCM in safe mode. Healthy pipelines reported count is 0, required healthy pipeline reported count is 1
2022-11-04 01:07:59,127 [pool-210-thread-1] INFO  server.RaftServerConfigKeys (ConfUtils.java:logGet(46)) - raft.server.log.queue.byte-limit = 4294967296 (custom)
2022-11-04 01:07:59,129 [pool-210-thread-1] INFO  server.RaftServerConfigKeys (ConfUtils.java:logGet(46)) - raft.server.log.queue.element-limit = 1024 (custom)
2022-11-04 01:07:59,129 [pool-210-thread-1] INFO  server.RaftServerConfigKeys (ConfUtils.java:logGet(46)) - raft.server.log.segment.size.max = 1048576 (custom)
2022-11-04 01:07:59,129 [pool-210-thread-1] INFO  server.RaftServerConfigKeys (ConfUtils.java:logGet(46)) - raft.server.log.preallocated.size = 16384 (custom)
2022-11-04 01:07:59,129 [pool-210-thread-1] INFO  server.RaftServerConfigKeys (ConfUtils.java:logGet(46)) - raft.server.log.force.sync.num = 128 (default)
2022-11-04 01:07:59,129 [pool-210-thread-1] INFO  server.RaftServerConfigKeys (ConfUtils.java:logGet(46)) - raft.server.log.statemachine.data.sync = true (default)
2022-11-04 01:07:59,129 [pool-210-thread-1] INFO  server.RaftServerConfigKeys (ConfUtils.java:logGet(46)) - raft.server.log.statemachine.data.sync.timeout = 10s (default)
2022-11-04 01:07:59,129 [pool-210-thread-1] INFO  server.RaftServerConfigKeys (ConfUtils.java:logGet(46)) - raft.server.log.statemachine.data.sync.timeout.retry = -1 (default)
2022-11-04 01:07:59,130 [pool-210-thread-1] INFO  server.RaftServerConfigKeys (ConfUtils.java:logGet(46)) - raft.server.log.write.buffer.size = 1048576 (custom)
2022-11-04 01:07:59,130 [pool-210-thread-1] INFO  server.RaftServerConfigKeys (ConfUtils.java:logGet(46)) - raft.server.log.unsafe-flush.enabled = false (default)
2022-11-04 01:07:59,130 [pool-210-thread-1] INFO  server.RaftServerConfigKeys (ConfUtils.java:logGet(46)) - raft.server.log.async-flush.enabled = false (default)
2022-11-04 01:07:59,130 [pool-210-thread-1] INFO  server.RaftServerConfigKeys (ConfUtils.java:logGet(46)) - raft.server.log.statemachine.data.caching.enabled = true (custom)
2022-11-04 01:07:59,131 [pool-210-thread-1] INFO  segmented.SegmentedRaftLogWorker (SegmentedRaftLogWorker.java:lambda$new$0(136)) - dc492f9b-31c5-46a5-b048-fde4f7a6d732@group-1CB3B225A7FA-SegmentedRaftLogWorker: flushIndex: setUnconditionally 0 -> -1
2022-11-04 01:07:59,131 [pool-210-thread-1] INFO  segmented.SegmentedRaftLogWorker (SegmentedRaftLogWorker.java:lambda$new$0(136)) - dc492f9b-31c5-46a5-b048-fde4f7a6d732@group-1CB3B225A7FA-SegmentedRaftLogWorker: safeCacheEvictIndex: setUnconditionally 0 -> -1
2022-11-04 01:07:59,131 [pool-210-thread-1] INFO  server.RaftServer$Division (RaftServerImpl.java:start(334)) - dc492f9b-31c5-46a5-b048-fde4f7a6d732@group-1CB3B225A7FA: start as a follower, conf=-1: peers:[dc492f9b-31c5-46a5-b048-fde4f7a6d732|rpc:10.1.0.17:39685|priority:1|startupRole:FOLLOWER]|listeners:[], old=null
2022-11-04 01:07:59,131 [pool-210-thread-1] INFO  server.RaftServer$Division (RaftServerImpl.java:setRole(321)) - dc492f9b-31c5-46a5-b048-fde4f7a6d732@group-1CB3B225A7FA: changes role from      null to FOLLOWER at term 0 for startAsFollower
2022-11-04 01:07:59,131 [pool-210-thread-1] INFO  impl.RoleInfo (RoleInfo.java:updateAndGet(139)) - dc492f9b-31c5-46a5-b048-fde4f7a6d732: start dc492f9b-31c5-46a5-b048-fde4f7a6d732@group-1CB3B225A7FA-FollowerState
2022-11-04 01:07:59,137 [pool-210-thread-1] INFO  util.JmxRegister (JmxRegister.java:tryRegister(44)) - Successfully registered JMX Bean with object name Ratis:service=RaftServer,group=group-1CB3B225A7FA,id=dc492f9b-31c5-46a5-b048-fde4f7a6d732
2022-11-04 01:07:59,137 [pool-210-thread-1] INFO  server.RaftServerConfigKeys (ConfUtils.java:logGet(46)) - raft.server.snapshot.auto.trigger.enabled = true (custom)
2022-11-04 01:07:59,137 [pool-210-thread-1] INFO  server.RaftServerConfigKeys (ConfUtils.java:logGet(46)) - raft.server.snapshot.auto.trigger.threshold = 10000 (custom)
2022-11-04 01:07:59,137 [pool-210-thread-1] INFO  server.RaftServerConfigKeys (ConfUtils.java:logGet(46)) - raft.server.snapshot.retention.file.num = 5 (custom)
2022-11-04 01:07:59,137 [pool-210-thread-1] INFO  server.RaftServerConfigKeys (ConfUtils.java:logGet(46)) - raft.server.log.purge.upto.snapshot.index = false (default)
2022-11-04 01:07:59,138 [Command processor thread] INFO  ratis.XceiverServerRatis (XceiverServerRatis.java:addGroup(765)) - Created group PipelineID=327d66f6-30f7-4452-adf7-1cb3b225a7fa
2022-11-04 01:07:59,138 [Command processor thread] INFO  commandhandler.CreatePipelineCommandHandler (CreatePipelineCommandHandler.java:handle(113)) - Created Pipeline RATIS ONE PipelineID=327d66f6-30f7-4452-adf7-1cb3b225a7fa.
2022-11-04 01:07:59,138 [Command processor thread] INFO  server.RaftServer (RaftServerProxy.java:addNew(96)) - dc492f9b-31c5-46a5-b048-fde4f7a6d732: addNew group-14B460C0674A:[dc492f9b-31c5-46a5-b048-fde4f7a6d732|rpc:10.1.0.17:39685|priority:1|startupRole:FOLLOWER, 6480c095-e652-434b-9207-ee2ed1cf0924|rpc:10.1.0.17:36831|priority:0|startupRole:FOLLOWER, bc4c196d-1c1a-499c-9b0d-21e75e378ad6|rpc:10.1.0.17:34491|priority:0|startupRole:FOLLOWER] returns group-14B460C0674A:java.util.concurrent.CompletableFuture@6ef90145[Not completed]
2022-11-04 01:07:59,139 [pool-210-thread-1] INFO  server.RaftServer$Division (RaftServerImpl.java:<init>(195)) - dc492f9b-31c5-46a5-b048-fde4f7a6d732: new RaftServerImpl for group-14B460C0674A:[dc492f9b-31c5-46a5-b048-fde4f7a6d732|rpc:10.1.0.17:39685|priority:1|startupRole:FOLLOWER, 6480c095-e652-434b-9207-ee2ed1cf0924|rpc:10.1.0.17:36831|priority:0|startupRole:FOLLOWER, bc4c196d-1c1a-499c-9b0d-21e75e378ad6|rpc:10.1.0.17:34491|priority:0|startupRole:FOLLOWER] with ContainerStateMachine:uninitialized
2022-11-04 01:07:59,139 [pool-210-thread-1] INFO  server.RaftServerConfigKeys (ConfUtils.java:logGet(46)) - raft.server.rpc.timeout.min = 5s (custom)
2022-11-04 01:07:59,139 [pool-210-thread-1] INFO  server.RaftServerConfigKeys (ConfUtils.java:logGet(46)) - raft.server.rpc.timeout.max = 5200ms (custom)
2022-11-04 01:07:59,139 [pool-210-thread-1] INFO  server.RaftServerConfigKeys (ConfUtils.java:logGet(46)) - raft.server.rpc.sleep.time = 25ms (default)
2022-11-04 01:07:59,139 [pool-210-thread-1] INFO  server.RaftServerConfigKeys (ConfUtils.java:logGet(46)) - raft.server.rpc.slowness.timeout = 300s (custom)
2022-11-04 01:07:59,139 [pool-210-thread-1] INFO  server.RaftServerConfigKeys (ConfUtils.java:logGet(46)) - raft.server.leaderelection.leader.step-down.wait-time = 10s (default)
2022-11-04 01:07:59,139 [pool-210-thread-1] INFO  server.RaftServerConfigKeys (ConfUtils.java:logGet(46)) - raft.server.sleep.deviation.threshold = 300ms (default)
2022-11-04 01:07:59,139 [pool-210-thread-1] INFO  server.RaftServer$Division (ServerState.java:<init>(118)) - dc492f9b-31c5-46a5-b048-fde4f7a6d732@group-14B460C0674A: ConfigurationManager, init=-1: peers:[dc492f9b-31c5-46a5-b048-fde4f7a6d732|rpc:10.1.0.17:39685|priority:1|startupRole:FOLLOWER, 6480c095-e652-434b-9207-ee2ed1cf0924|rpc:10.1.0.17:36831|priority:0|startupRole:FOLLOWER, bc4c196d-1c1a-499c-9b0d-21e75e378ad6|rpc:10.1.0.17:34491|priority:0|startupRole:FOLLOWER]|listeners:[], old=null, confs=<EMPTY_MAP>
2022-11-04 01:07:59,139 [pool-210-thread-1] INFO  server.RaftServerConfigKeys (ConfUtils.java:logGet(46)) - raft.server.storage.dir = [/home/runner/work/ozone/ozone/hadoop-ozone/integration-test/target/test-dir/MiniOzoneClusterImpl-e654cb93-8a46-4732-947e-f27e0a8f69eb/datanode-6/data/ratis] (custom)
2022-11-04 01:07:59,139 [pool-210-thread-1] INFO  server.RaftServerConfigKeys (ConfUtils.java:logGet(46)) - raft.server.log.corruption.policy = EXCEPTION (default)
2022-11-04 01:07:59,140 [pool-210-thread-1] INFO  server.RaftServerConfigKeys (ConfUtils.java:logGet(46)) - raft.server.storage.free-space.min = 0MB (=0) (default)
2022-11-04 01:07:59,140 [pool-210-thread-1] INFO  server.RaftServerConfigKeys (ConfUtils.java:logGet(46)) - raft.server.notification.no-leader.timeout = 300s (custom)
2022-11-04 01:07:59,140 [pool-210-thread-1] INFO  server.RaftServerConfigKeys (ConfUtils.java:logGet(46)) - raft.server.retrycache.expirytime = 600000ms (custom)
2022-11-04 01:07:59,140 [pool-210-thread-1] INFO  server.RaftServerConfigKeys (ConfUtils.java:logGet(46)) - raft.server.retrycache.statistics.expirytime = 100μs (default)
2022-11-04 01:07:59,141 [pool-210-thread-1] INFO  server.RaftServerConfigKeys (ConfUtils.java:logGet(46)) - raft.server.log.appender.install.snapshot.enabled = false (custom)
2022-11-04 01:07:59,141 [pool-210-thread-1] INFO  server.RaftServerConfigKeys (ConfUtils.java:logGet(46)) - raft.server.threadpool.server.cached = true (default)
2022-11-04 01:07:59,141 [pool-210-thread-1] INFO  server.RaftServerConfigKeys (ConfUtils.java:logGet(46)) - raft.server.threadpool.server.size = 0 (default)
2022-11-04 01:07:59,141 [pool-210-thread-1] INFO  server.RaftServerConfigKeys (ConfUtils.java:logGet(46)) - raft.server.threadpool.client.cached = true (default)
2022-11-04 01:07:59,141 [pool-210-thread-1] INFO  server.RaftServerConfigKeys (ConfUtils.java:logGet(46)) - raft.server.threadpool.client.size = 0 (default)
2022-11-04 01:07:59,141 [pool-210-thread-1] INFO  storage.RaftStorageDirectory (RaftStorageDirectoryImpl.java:analyzeStorage(137)) - The storage directory /home/runner/work/ozone/ozone/hadoop-ozone/integration-test/target/test-dir/MiniOzoneClusterImpl-e654cb93-8a46-4732-947e-f27e0a8f69eb/datanode-6/data/ratis/3ee39070-283a-4801-8daa-14b460c0674a does not exist. Creating ...
2022-11-04 01:07:59,141 [dc492f9b-31c5-46a5-b048-fde4f7a6d732@group-1CB3B225A7FA-FollowerState] INFO  server.RaftServerConfigKeys (ConfUtils.java:logFallback(53)) - raft.server.rpc.first-election.timeout.min = 5s (fallback to raft.server.rpc.timeout.min)
2022-11-04 01:07:59,142 [pool-210-thread-1] INFO  storage.RaftStorageDirectory (RaftStorageDirectoryImpl.java:tryLock(231)) - Lock on /home/runner/work/ozone/ozone/hadoop-ozone/integration-test/target/test-dir/MiniOzoneClusterImpl-e654cb93-8a46-4732-947e-f27e0a8f69eb/datanode-6/data/ratis/3ee39070-283a-4801-8daa-14b460c0674a/in_use.lock acquired by nodename 14694@fv-az39-323
2022-11-04 01:07:59,142 [dc492f9b-31c5-46a5-b048-fde4f7a6d732@group-1CB3B225A7FA-FollowerState] INFO  server.RaftServerConfigKeys (ConfUtils.java:logFallback(53)) - raft.server.rpc.first-election.timeout.max = 5200ms (fallback to raft.server.rpc.timeout.max)
2022-11-04 01:07:59,144 [pool-210-thread-1] INFO  storage.RaftStorage (RaftStorageImpl.java:format(96)) - Storage directory /home/runner/work/ozone/ozone/hadoop-ozone/integration-test/target/test-dir/MiniOzoneClusterImpl-e654cb93-8a46-4732-947e-f27e0a8f69eb/datanode-6/data/ratis/3ee39070-283a-4801-8daa-14b460c0674a has been successfully formatted.
2022-11-04 01:07:59,145 [pool-210-thread-1] INFO  ratis.ContainerStateMachine (ContainerStateMachine.java:loadSnapshot(236)) - group-14B460C0674A: The snapshot info is null. Setting the last applied indexto:(t:0, i:~)
2022-11-04 01:07:59,145 [pool-210-thread-1] INFO  server.RaftServerConfigKeys (ConfUtils.java:logGet(46)) - raft.server.log.use.memory = false (default)
2022-11-04 01:07:59,145 [pool-210-thread-1] INFO  server.RaftServerConfigKeys (ConfUtils.java:logGet(46)) - raft.server.log.purge.gap = 1000000 (custom)
2022-11-04 01:07:59,145 [pool-210-thread-1] INFO  server.RaftServerConfigKeys (ConfUtils.java:logGet(46)) - raft.server.log.appender.buffer.byte-limit = 33554432 (custom)
2022-11-04 01:07:59,145 [pool-210-thread-1] INFO  server.RaftServerConfigKeys (ConfUtils.java:logGet(46)) - raft.server.log.statemachine.data.read.timeout = 1000ms (default)
2022-11-04 01:07:59,145 [pool-210-thread-1] INFO  server.RaftServerConfigKeys (ConfUtils.java:logGet(46)) - raft.server.log.purge.preservation.log.num = 0 (default)
2022-11-04 01:07:59,145 [EventQueue-OpenPipelineForHealthyPipelineSafeModeRule] INFO  safemode.SCMSafeModeManager (HealthyPipelineSafeModeRule.java:process(137)) - SCM in safe mode. Healthy pipelines reported count is 0, required healthy pipeline reported count is 1
2022-11-04 01:07:59,145 [pool-210-thread-1] INFO  server.RaftServerConfigKeys (ConfUtils.java:logGet(46)) - raft.server.log.segment.size.max = 1048576 (custom)
2022-11-04 01:07:59,146 [pool-210-thread-1] INFO  server.RaftServerConfigKeys (ConfUtils.java:logGet(46)) - raft.server.log.segment.cache.num.max = 2 (custom)
2022-11-04 01:07:59,146 [pool-210-thread-1] INFO  server.RaftServerConfigKeys (ConfUtils.java:logGet(46)) - raft.server.log.segment.cache.size.max = 200MB (=209715200) (default)
2022-11-04 01:07:59,146 [pool-210-thread-1] INFO  segmented.SegmentedRaftLogWorker (SegmentedRaftLogWorker.java:<init>(191)) - new dc492f9b-31c5-46a5-b048-fde4f7a6d732@group-14B460C0674A-SegmentedRaftLogWorker for RaftStorageImpl:Storage Directory /home/runner/work/ozone/ozone/hadoop-ozone/integration-test/target/test-dir/MiniOzoneClusterImpl-e654cb93-8a46-4732-947e-f27e0a8f69eb/datanode-6/data/ratis/3ee39070-283a-4801-8daa-14b460c0674a
2022-11-04 01:07:59,146 [pool-210-thread-1] INFO  server.RaftServerConfigKeys (ConfUtils.java:logGet(46)) - raft.server.log.queue.byte-limit = 4294967296 (custom)
2022-11-04 01:07:59,146 [pool-210-thread-1] INFO  server.RaftServerConfigKeys (ConfUtils.java:logGet(46)) - raft.server.log.queue.element-limit = 1024 (custom)
2022-11-04 01:07:59,146 [pool-210-thread-1] INFO  server.RaftServerConfigKeys (ConfUtils.java:logGet(46)) - raft.server.log.segment.size.max = 1048576 (custom)
2022-11-04 01:07:59,146 [pool-210-thread-1] INFO  server.RaftServerConfigKeys (ConfUtils.java:logGet(46)) - raft.server.log.preallocated.size = 16384 (custom)
2022-11-04 01:07:59,146 [pool-210-thread-1] INFO  server.RaftServerConfigKeys (ConfUtils.java:logGet(46)) - raft.server.log.force.sync.num = 128 (default)
2022-11-04 01:07:59,146 [pool-210-thread-1] INFO  server.RaftServerConfigKeys (ConfUtils.java:logGet(46)) - raft.server.log.statemachine.data.sync = true (default)
2022-11-04 01:07:59,146 [pool-210-thread-1] INFO  server.RaftServerConfigKeys (ConfUtils.java:logGet(46)) - raft.server.log.statemachine.data.sync.timeout = 10s (default)
2022-11-04 01:07:59,146 [pool-210-thread-1] INFO  server.RaftServerConfigKeys (ConfUtils.java:logGet(46)) - raft.server.log.statemachine.data.sync.timeout.retry = -1 (default)
2022-11-04 01:07:59,148 [pool-210-thread-1] INFO  server.RaftServerConfigKeys (ConfUtils.java:logGet(46)) - raft.server.log.write.buffer.size = 1048576 (custom)
2022-11-04 01:07:59,148 [pool-210-thread-1] INFO  server.RaftServerConfigKeys (ConfUtils.java:logGet(46)) - raft.server.log.unsafe-flush.enabled = false (default)
2022-11-04 01:07:59,148 [pool-210-thread-1] INFO  server.RaftServerConfigKeys (ConfUtils.java:logGet(46)) - raft.server.log.async-flush.enabled = false (default)
2022-11-04 01:07:59,148 [pool-210-thread-1] INFO  server.RaftServerConfigKeys (ConfUtils.java:logGet(46)) - raft.server.log.statemachine.data.caching.enabled = true (custom)
2022-11-04 01:07:59,149 [pool-210-thread-1] INFO  segmented.SegmentedRaftLogWorker (SegmentedRaftLogWorker.java:lambda$new$0(136)) - dc492f9b-31c5-46a5-b048-fde4f7a6d732@group-14B460C0674A-SegmentedRaftLogWorker: flushIndex: setUnconditionally 0 -> -1
2022-11-04 01:07:59,149 [pool-210-thread-1] INFO  segmented.SegmentedRaftLogWorker (SegmentedRaftLogWorker.java:lambda$new$0(136)) - dc492f9b-31c5-46a5-b048-fde4f7a6d732@group-14B460C0674A-SegmentedRaftLogWorker: safeCacheEvictIndex: setUnconditionally 0 -> -1
2022-11-04 01:07:59,152 [pool-210-thread-1] INFO  server.RaftServer$Division (RaftServerImpl.java:start(334)) - dc492f9b-31c5-46a5-b048-fde4f7a6d732@group-14B460C0674A: start as a follower, conf=-1: peers:[dc492f9b-31c5-46a5-b048-fde4f7a6d732|rpc:10.1.0.17:39685|priority:1|startupRole:FOLLOWER, 6480c095-e652-434b-9207-ee2ed1cf0924|rpc:10.1.0.17:36831|priority:0|startupRole:FOLLOWER, bc4c196d-1c1a-499c-9b0d-21e75e378ad6|rpc:10.1.0.17:34491|priority:0|startupRole:FOLLOWER]|listeners:[], old=null
2022-11-04 01:07:59,152 [pool-210-thread-1] INFO  server.RaftServer$Division (RaftServerImpl.java:setRole(321)) - dc492f9b-31c5-46a5-b048-fde4f7a6d732@group-14B460C0674A: changes role from      null to FOLLOWER at term 0 for startAsFollower
2022-11-04 01:07:59,152 [pool-210-thread-1] INFO  impl.RoleInfo (RoleInfo.java:updateAndGet(139)) - dc492f9b-31c5-46a5-b048-fde4f7a6d732: start dc492f9b-31c5-46a5-b048-fde4f7a6d732@group-14B460C0674A-FollowerState
2022-11-04 01:07:59,153 [pool-210-thread-1] INFO  util.JmxRegister (JmxRegister.java:tryRegister(44)) - Successfully registered JMX Bean with object name Ratis:service=RaftServer,group=group-14B460C0674A,id=dc492f9b-31c5-46a5-b048-fde4f7a6d732
2022-11-04 01:07:59,153 [dc492f9b-31c5-46a5-b048-fde4f7a6d732@group-14B460C0674A-FollowerState] INFO  server.RaftServerConfigKeys (ConfUtils.java:logFallback(53)) - raft.server.rpc.first-election.timeout.min = 5s (fallback to raft.server.rpc.timeout.min)
2022-11-04 01:07:59,153 [pool-210-thread-1] INFO  server.RaftServerConfigKeys (ConfUtils.java:logGet(46)) - raft.server.snapshot.auto.trigger.enabled = true (custom)
2022-11-04 01:07:59,153 [dc492f9b-31c5-46a5-b048-fde4f7a6d732@group-14B460C0674A-FollowerState] INFO  server.RaftServerConfigKeys (ConfUtils.java:logFallback(53)) - raft.server.rpc.first-election.timeout.max = 5200ms (fallback to raft.server.rpc.timeout.max)
2022-11-04 01:07:59,153 [pool-210-thread-1] INFO  server.RaftServerConfigKeys (ConfUtils.java:logGet(46)) - raft.server.snapshot.auto.trigger.threshold = 10000 (custom)
2022-11-04 01:07:59,153 [pool-210-thread-1] INFO  server.RaftServerConfigKeys (ConfUtils.java:logGet(46)) - raft.server.snapshot.retention.file.num = 5 (custom)
2022-11-04 01:07:59,153 [pool-210-thread-1] INFO  server.RaftServerConfigKeys (ConfUtils.java:logGet(46)) - raft.server.log.purge.upto.snapshot.index = false (default)
2022-11-04 01:07:59,153 [Command processor thread] INFO  ratis.XceiverServerRatis (XceiverServerRatis.java:addGroup(765)) - Created group PipelineID=3ee39070-283a-4801-8daa-14b460c0674a
2022-11-04 01:07:59,167 [grpc-default-executor-0] INFO  server.RaftServer (RaftServerProxy.java:addNew(96)) - 6480c095-e652-434b-9207-ee2ed1cf0924: addNew group-14B460C0674A:[dc492f9b-31c5-46a5-b048-fde4f7a6d732|rpc:10.1.0.17:39685|dataStream:|priority:1|startupRole:FOLLOWER, 6480c095-e652-434b-9207-ee2ed1cf0924|rpc:10.1.0.17:36831|dataStream:|priority:0|startupRole:FOLLOWER, bc4c196d-1c1a-499c-9b0d-21e75e378ad6|rpc:10.1.0.17:34491|dataStream:|priority:0|startupRole:FOLLOWER] returns group-14B460C0674A:java.util.concurrent.CompletableFuture@7610c0ce[Not completed]
2022-11-04 01:07:59,168 [pool-237-thread-1] INFO  server.RaftServer$Division (RaftServerImpl.java:<init>(195)) - 6480c095-e652-434b-9207-ee2ed1cf0924: new RaftServerImpl for group-14B460C0674A:[dc492f9b-31c5-46a5-b048-fde4f7a6d732|rpc:10.1.0.17:39685|dataStream:|priority:1|startupRole:FOLLOWER, 6480c095-e652-434b-9207-ee2ed1cf0924|rpc:10.1.0.17:36831|dataStream:|priority:0|startupRole:FOLLOWER, bc4c196d-1c1a-499c-9b0d-21e75e378ad6|rpc:10.1.0.17:34491|dataStream:|priority:0|startupRole:FOLLOWER] with ContainerStateMachine:uninitialized
2022-11-04 01:07:59,168 [pool-237-thread-1] INFO  server.RaftServerConfigKeys (ConfUtils.java:logGet(46)) - raft.server.rpc.timeout.min = 5s (custom)
2022-11-04 01:07:59,168 [pool-237-thread-1] INFO  server.RaftServerConfigKeys (ConfUtils.java:logGet(46)) - raft.server.rpc.timeout.max = 5200ms (custom)
2022-11-04 01:07:59,168 [pool-237-thread-1] INFO  server.RaftServerConfigKeys (ConfUtils.java:logGet(46)) - raft.server.rpc.sleep.time = 25ms (default)
2022-11-04 01:07:59,168 [pool-237-thread-1] INFO  server.RaftServerConfigKeys (ConfUtils.java:logGet(46)) - raft.server.rpc.slowness.timeout = 300s (custom)
2022-11-04 01:07:59,168 [pool-237-thread-1] INFO  server.RaftServerConfigKeys (ConfUtils.java:logGet(46)) - raft.server.leaderelection.leader.step-down.wait-time = 10s (default)
2022-11-04 01:07:59,168 [pool-237-thread-1] INFO  server.RaftServerConfigKeys (ConfUtils.java:logGet(46)) - raft.server.sleep.deviation.threshold = 300ms (default)
2022-11-04 01:07:59,169 [pool-237-thread-1] INFO  server.RaftServer$Division (ServerState.java:<init>(118)) - 6480c095-e652-434b-9207-ee2ed1cf0924@group-14B460C0674A: ConfigurationManager, init=-1: peers:[dc492f9b-31c5-46a5-b048-fde4f7a6d732|rpc:10.1.0.17:39685|dataStream:|priority:1|startupRole:FOLLOWER, 6480c095-e652-434b-9207-ee2ed1cf0924|rpc:10.1.0.17:36831|dataStream:|priority:0|startupRole:FOLLOWER, bc4c196d-1c1a-499c-9b0d-21e75e378ad6|rpc:10.1.0.17:34491|dataStream:|priority:0|startupRole:FOLLOWER]|listeners:[], old=null, confs=<EMPTY_MAP>
2022-11-04 01:07:59,169 [pool-237-thread-1] INFO  server.RaftServerConfigKeys (ConfUtils.java:logGet(46)) - raft.server.storage.dir = [/home/runner/work/ozone/ozone/hadoop-ozone/integration-test/target/test-dir/MiniOzoneClusterImpl-e654cb93-8a46-4732-947e-f27e0a8f69eb/datanode-7/data/ratis] (custom)
2022-11-04 01:07:59,169 [pool-237-thread-1] INFO  server.RaftServerConfigKeys (ConfUtils.java:logGet(46)) - raft.server.log.corruption.policy = EXCEPTION (default)
2022-11-04 01:07:59,169 [pool-237-thread-1] INFO  server.RaftServerConfigKeys (ConfUtils.java:logGet(46)) - raft.server.storage.free-space.min = 0MB (=0) (default)
2022-11-04 01:07:59,169 [pool-237-thread-1] INFO  server.RaftServerConfigKeys (ConfUtils.java:logGet(46)) - raft.server.notification.no-leader.timeout = 300s (custom)
2022-11-04 01:07:59,170 [pool-237-thread-1] INFO  server.RaftServerConfigKeys (ConfUtils.java:logGet(46)) - raft.server.retrycache.expirytime = 600000ms (custom)
2022-11-04 01:07:59,170 [pool-237-thread-1] INFO  server.RaftServerConfigKeys (ConfUtils.java:logGet(46)) - raft.server.retrycache.statistics.expirytime = 100μs (default)
2022-11-04 01:07:59,172 [pool-237-thread-1] INFO  server.RaftServerConfigKeys (ConfUtils.java:logGet(46)) - raft.server.log.appender.install.snapshot.enabled = false (custom)
2022-11-04 01:07:59,172 [pool-237-thread-1] INFO  server.RaftServerConfigKeys (ConfUtils.java:logGet(46)) - raft.server.threadpool.server.cached = true (default)
2022-11-04 01:07:59,172 [pool-237-thread-1] INFO  server.RaftServerConfigKeys (ConfUtils.java:logGet(46)) - raft.server.threadpool.server.size = 0 (default)
2022-11-04 01:07:59,172 [pool-237-thread-1] INFO  server.RaftServerConfigKeys (ConfUtils.java:logGet(46)) - raft.server.threadpool.client.cached = true (default)
2022-11-04 01:07:59,172 [pool-237-thread-1] INFO  server.RaftServerConfigKeys (ConfUtils.java:logGet(46)) - raft.server.threadpool.client.size = 0 (default)
2022-11-04 01:07:59,172 [pool-237-thread-1] INFO  storage.RaftStorageDirectory (RaftStorageDirectoryImpl.java:analyzeStorage(137)) - The storage directory /home/runner/work/ozone/ozone/hadoop-ozone/integration-test/target/test-dir/MiniOzoneClusterImpl-e654cb93-8a46-4732-947e-f27e0a8f69eb/datanode-7/data/ratis/3ee39070-283a-4801-8daa-14b460c0674a does not exist. Creating ...
2022-11-04 01:07:59,173 [pool-237-thread-1] INFO  storage.RaftStorageDirectory (RaftStorageDirectoryImpl.java:tryLock(231)) - Lock on /home/runner/work/ozone/ozone/hadoop-ozone/integration-test/target/test-dir/MiniOzoneClusterImpl-e654cb93-8a46-4732-947e-f27e0a8f69eb/datanode-7/data/ratis/3ee39070-283a-4801-8daa-14b460c0674a/in_use.lock acquired by nodename 14694@fv-az39-323
2022-11-04 01:07:59,174 [pool-237-thread-1] INFO  storage.RaftStorage (RaftStorageImpl.java:format(96)) - Storage directory /home/runner/work/ozone/ozone/hadoop-ozone/integration-test/target/test-dir/MiniOzoneClusterImpl-e654cb93-8a46-4732-947e-f27e0a8f69eb/datanode-7/data/ratis/3ee39070-283a-4801-8daa-14b460c0674a has been successfully formatted.
2022-11-04 01:07:59,175 [pool-237-thread-1] INFO  ratis.ContainerStateMachine (ContainerStateMachine.java:loadSnapshot(236)) - group-14B460C0674A: The snapshot info is null. Setting the last applied indexto:(t:0, i:~)
2022-11-04 01:07:59,176 [pool-237-thread-1] INFO  server.RaftServerConfigKeys (ConfUtils.java:logGet(46)) - raft.server.log.use.memory = false (default)
2022-11-04 01:07:59,176 [pool-237-thread-1] INFO  server.RaftServerConfigKeys (ConfUtils.java:logGet(46)) - raft.server.log.purge.gap = 1000000 (custom)
2022-11-04 01:07:59,176 [pool-237-thread-1] INFO  server.RaftServerConfigKeys (ConfUtils.java:logGet(46)) - raft.server.log.appender.buffer.byte-limit = 33554432 (custom)
2022-11-04 01:07:59,176 [pool-237-thread-1] INFO  server.RaftServerConfigKeys (ConfUtils.java:logGet(46)) - raft.server.log.statemachine.data.read.timeout = 1000ms (default)
2022-11-04 01:07:59,176 [pool-237-thread-1] INFO  server.RaftServerConfigKeys (ConfUtils.java:logGet(46)) - raft.server.log.purge.preservation.log.num = 0 (default)
2022-11-04 01:07:59,176 [pool-237-thread-1] INFO  server.RaftServerConfigKeys (ConfUtils.java:logGet(46)) - raft.server.log.segment.size.max = 1048576 (custom)
2022-11-04 01:07:59,177 [pool-237-thread-1] INFO  server.RaftServerConfigKeys (ConfUtils.java:logGet(46)) - raft.server.log.segment.cache.num.max = 2 (custom)
2022-11-04 01:07:59,177 [pool-237-thread-1] INFO  server.RaftServerConfigKeys (ConfUtils.java:logGet(46)) - raft.server.log.segment.cache.size.max = 200MB (=209715200) (default)
2022-11-04 01:07:59,177 [pool-237-thread-1] INFO  segmented.SegmentedRaftLogWorker (SegmentedRaftLogWorker.java:<init>(191)) - new 6480c095-e652-434b-9207-ee2ed1cf0924@group-14B460C0674A-SegmentedRaftLogWorker for RaftStorageImpl:Storage Directory /home/runner/work/ozone/ozone/hadoop-ozone/integration-test/target/test-dir/MiniOzoneClusterImpl-e654cb93-8a46-4732-947e-f27e0a8f69eb/datanode-7/data/ratis/3ee39070-283a-4801-8daa-14b460c0674a
2022-11-04 01:07:59,177 [pool-237-thread-1] INFO  server.RaftServerConfigKeys (ConfUtils.java:logGet(46)) - raft.server.log.queue.byte-limit = 4294967296 (custom)
2022-11-04 01:07:59,177 [pool-237-thread-1] INFO  server.RaftServerConfigKeys (ConfUtils.java:logGet(46)) - raft.server.log.queue.element-limit = 1024 (custom)
2022-11-04 01:07:59,177 [pool-237-thread-1] INFO  server.RaftServerConfigKeys (ConfUtils.java:logGet(46)) - raft.server.log.segment.size.max = 1048576 (custom)
2022-11-04 01:07:59,177 [pool-237-thread-1] INFO  server.RaftServerConfigKeys (ConfUtils.java:logGet(46)) - raft.server.log.preallocated.size = 16384 (custom)
2022-11-04 01:07:59,177 [pool-237-thread-1] INFO  server.RaftServerConfigKeys (ConfUtils.java:logGet(46)) - raft.server.log.force.sync.num = 128 (default)
2022-11-04 01:07:59,177 [pool-237-thread-1] INFO  server.RaftServerConfigKeys (ConfUtils.java:logGet(46)) - raft.server.log.statemachine.data.sync = true (default)
2022-11-04 01:07:59,177 [pool-237-thread-1] INFO  server.RaftServerConfigKeys (ConfUtils.java:logGet(46)) - raft.server.log.statemachine.data.sync.timeout = 10s (default)
2022-11-04 01:07:59,178 [pool-237-thread-1] INFO  server.RaftServerConfigKeys (ConfUtils.java:logGet(46)) - raft.server.log.statemachine.data.sync.timeout.retry = -1 (default)
2022-11-04 01:07:59,179 [pool-237-thread-1] INFO  server.RaftServerConfigKeys (ConfUtils.java:logGet(46)) - raft.server.log.write.buffer.size = 1048576 (custom)
2022-11-04 01:07:59,179 [pool-237-thread-1] INFO  server.RaftServerConfigKeys (ConfUtils.java:logGet(46)) - raft.server.log.unsafe-flush.enabled = false (default)
2022-11-04 01:07:59,179 [pool-237-thread-1] INFO  server.RaftServerConfigKeys (ConfUtils.java:logGet(46)) - raft.server.log.async-flush.enabled = false (default)
2022-11-04 01:07:59,179 [pool-237-thread-1] INFO  server.RaftServerConfigKeys (ConfUtils.java:logGet(46)) - raft.server.log.statemachine.data.caching.enabled = true (custom)
2022-11-04 01:07:59,179 [pool-237-thread-1] INFO  segmented.SegmentedRaftLogWorker (SegmentedRaftLogWorker.java:lambda$new$0(136)) - 6480c095-e652-434b-9207-ee2ed1cf0924@group-14B460C0674A-SegmentedRaftLogWorker: flushIndex: setUnconditionally 0 -> -1
2022-11-04 01:07:59,179 [pool-237-thread-1] INFO  segmented.SegmentedRaftLogWorker (SegmentedRaftLogWorker.java:lambda$new$0(136)) - 6480c095-e652-434b-9207-ee2ed1cf0924@group-14B460C0674A-SegmentedRaftLogWorker: safeCacheEvictIndex: setUnconditionally 0 -> -1
2022-11-04 01:07:59,187 [pool-237-thread-1] INFO  server.RaftServer$Division (RaftServerImpl.java:start(334)) - 6480c095-e652-434b-9207-ee2ed1cf0924@group-14B460C0674A: start as a follower, conf=-1: peers:[dc492f9b-31c5-46a5-b048-fde4f7a6d732|rpc:10.1.0.17:39685|dataStream:|priority:1|startupRole:FOLLOWER, 6480c095-e652-434b-9207-ee2ed1cf0924|rpc:10.1.0.17:36831|dataStream:|priority:0|startupRole:FOLLOWER, bc4c196d-1c1a-499c-9b0d-21e75e378ad6|rpc:10.1.0.17:34491|dataStream:|priority:0|startupRole:FOLLOWER]|listeners:[], old=null
2022-11-04 01:07:59,187 [pool-237-thread-1] INFO  server.RaftServer$Division (RaftServerImpl.java:setRole(321)) - 6480c095-e652-434b-9207-ee2ed1cf0924@group-14B460C0674A: changes role from      null to FOLLOWER at term 0 for startAsFollower
2022-11-04 01:07:59,187 [pool-237-thread-1] INFO  impl.RoleInfo (RoleInfo.java:updateAndGet(139)) - 6480c095-e652-434b-9207-ee2ed1cf0924: start 6480c095-e652-434b-9207-ee2ed1cf0924@group-14B460C0674A-FollowerState
2022-11-04 01:07:59,187 [pool-237-thread-1] INFO  util.JmxRegister (JmxRegister.java:tryRegister(44)) - Successfully registered JMX Bean with object name Ratis:service=RaftServer,group=group-14B460C0674A,id=6480c095-e652-434b-9207-ee2ed1cf0924
2022-11-04 01:07:59,187 [6480c095-e652-434b-9207-ee2ed1cf0924@group-14B460C0674A-FollowerState] INFO  server.RaftServerConfigKeys (ConfUtils.java:logFallback(53)) - raft.server.rpc.first-election.timeout.min = 5s (fallback to raft.server.rpc.timeout.min)
2022-11-04 01:07:59,192 [pool-237-thread-1] INFO  server.RaftServerConfigKeys (ConfUtils.java:logGet(46)) - raft.server.snapshot.auto.trigger.enabled = true (custom)
2022-11-04 01:07:59,192 [pool-237-thread-1] INFO  server.RaftServerConfigKeys (ConfUtils.java:logGet(46)) - raft.server.snapshot.auto.trigger.threshold = 10000 (custom)
2022-11-04 01:07:59,192 [pool-237-thread-1] INFO  server.RaftServerConfigKeys (ConfUtils.java:logGet(46)) - raft.server.snapshot.retention.file.num = 5 (custom)
2022-11-04 01:07:59,192 [pool-237-thread-1] INFO  server.RaftServerConfigKeys (ConfUtils.java:logGet(46)) - raft.server.log.purge.upto.snapshot.index = false (default)
2022-11-04 01:07:59,192 [6480c095-e652-434b-9207-ee2ed1cf0924@group-14B460C0674A-FollowerState] INFO  server.RaftServerConfigKeys (ConfUtils.java:logFallback(53)) - raft.server.rpc.first-election.timeout.max = 5200ms (fallback to raft.server.rpc.timeout.max)
2022-11-04 01:07:59,211 [grpc-default-executor-0] INFO  server.RaftServer (RaftServerProxy.java:addNew(96)) - bc4c196d-1c1a-499c-9b0d-21e75e378ad6: addNew group-14B460C0674A:[dc492f9b-31c5-46a5-b048-fde4f7a6d732|rpc:10.1.0.17:39685|dataStream:|priority:1|startupRole:FOLLOWER, 6480c095-e652-434b-9207-ee2ed1cf0924|rpc:10.1.0.17:36831|dataStream:|priority:0|startupRole:FOLLOWER, bc4c196d-1c1a-499c-9b0d-21e75e378ad6|rpc:10.1.0.17:34491|dataStream:|priority:0|startupRole:FOLLOWER] returns group-14B460C0674A:java.util.concurrent.CompletableFuture@507c4f01[Not completed]
2022-11-04 01:07:59,212 [pool-264-thread-1] INFO  server.RaftServer$Division (RaftServerImpl.java:<init>(195)) - bc4c196d-1c1a-499c-9b0d-21e75e378ad6: new RaftServerImpl for group-14B460C0674A:[dc492f9b-31c5-46a5-b048-fde4f7a6d732|rpc:10.1.0.17:39685|dataStream:|priority:1|startupRole:FOLLOWER, 6480c095-e652-434b-9207-ee2ed1cf0924|rpc:10.1.0.17:36831|dataStream:|priority:0|startupRole:FOLLOWER, bc4c196d-1c1a-499c-9b0d-21e75e378ad6|rpc:10.1.0.17:34491|dataStream:|priority:0|startupRole:FOLLOWER] with ContainerStateMachine:uninitialized
2022-11-04 01:07:59,212 [pool-264-thread-1] INFO  server.RaftServerConfigKeys (ConfUtils.java:logGet(46)) - raft.server.rpc.timeout.min = 5s (custom)
2022-11-04 01:07:59,212 [pool-264-thread-1] INFO  server.RaftServerConfigKeys (ConfUtils.java:logGet(46)) - raft.server.rpc.timeout.max = 5200ms (custom)
2022-11-04 01:07:59,212 [pool-264-thread-1] INFO  server.RaftServerConfigKeys (ConfUtils.java:logGet(46)) - raft.server.rpc.sleep.time = 25ms (default)
2022-11-04 01:07:59,212 [pool-264-thread-1] INFO  server.RaftServerConfigKeys (ConfUtils.java:logGet(46)) - raft.server.rpc.slowness.timeout = 300s (custom)
2022-11-04 01:07:59,212 [pool-264-thread-1] INFO  server.RaftServerConfigKeys (ConfUtils.java:logGet(46)) - raft.server.leaderelection.leader.step-down.wait-time = 10s (default)
2022-11-04 01:07:59,212 [pool-264-thread-1] INFO  server.RaftServerConfigKeys (ConfUtils.java:logGet(46)) - raft.server.sleep.deviation.threshold = 300ms (default)
2022-11-04 01:07:59,212 [pool-264-thread-1] INFO  server.RaftServer$Division (ServerState.java:<init>(118)) - bc4c196d-1c1a-499c-9b0d-21e75e378ad6@group-14B460C0674A: ConfigurationManager, init=-1: peers:[dc492f9b-31c5-46a5-b048-fde4f7a6d732|rpc:10.1.0.17:39685|dataStream:|priority:1|startupRole:FOLLOWER, 6480c095-e652-434b-9207-ee2ed1cf0924|rpc:10.1.0.17:36831|dataStream:|priority:0|startupRole:FOLLOWER, bc4c196d-1c1a-499c-9b0d-21e75e378ad6|rpc:10.1.0.17:34491|dataStream:|priority:0|startupRole:FOLLOWER]|listeners:[], old=null, confs=<EMPTY_MAP>
2022-11-04 01:07:59,212 [pool-264-thread-1] INFO  server.RaftServerConfigKeys (ConfUtils.java:logGet(46)) - raft.server.storage.dir = [/home/runner/work/ozone/ozone/hadoop-ozone/integration-test/target/test-dir/MiniOzoneClusterImpl-e654cb93-8a46-4732-947e-f27e0a8f69eb/datanode-8/data/ratis] (custom)
2022-11-04 01:07:59,212 [pool-264-thread-1] INFO  server.RaftServerConfigKeys (ConfUtils.java:logGet(46)) - raft.server.log.corruption.policy = EXCEPTION (default)
2022-11-04 01:07:59,212 [pool-264-thread-1] INFO  server.RaftServerConfigKeys (ConfUtils.java:logGet(46)) - raft.server.storage.free-space.min = 0MB (=0) (default)
2022-11-04 01:07:59,212 [pool-264-thread-1] INFO  server.RaftServerConfigKeys (ConfUtils.java:logGet(46)) - raft.server.notification.no-leader.timeout = 300s (custom)
2022-11-04 01:07:59,212 [pool-264-thread-1] INFO  server.RaftServerConfigKeys (ConfUtils.java:logGet(46)) - raft.server.retrycache.expirytime = 600000ms (custom)
2022-11-04 01:07:59,212 [pool-264-thread-1] INFO  server.RaftServerConfigKeys (ConfUtils.java:logGet(46)) - raft.server.retrycache.statistics.expirytime = 100μs (default)
2022-11-04 01:07:59,214 [pool-264-thread-1] INFO  server.RaftServerConfigKeys (ConfUtils.java:logGet(46)) - raft.server.log.appender.install.snapshot.enabled = false (custom)
2022-11-04 01:07:59,214 [pool-264-thread-1] INFO  server.RaftServerConfigKeys (ConfUtils.java:logGet(46)) - raft.server.threadpool.server.cached = true (default)
2022-11-04 01:07:59,214 [pool-264-thread-1] INFO  server.RaftServerConfigKeys (ConfUtils.java:logGet(46)) - raft.server.threadpool.server.size = 0 (default)
2022-11-04 01:07:59,214 [pool-264-thread-1] INFO  server.RaftServerConfigKeys (ConfUtils.java:logGet(46)) - raft.server.threadpool.client.cached = true (default)
2022-11-04 01:07:59,214 [pool-264-thread-1] INFO  server.RaftServerConfigKeys (ConfUtils.java:logGet(46)) - raft.server.threadpool.client.size = 0 (default)
2022-11-04 01:07:59,214 [pool-264-thread-1] INFO  storage.RaftStorageDirectory (RaftStorageDirectoryImpl.java:analyzeStorage(137)) - The storage directory /home/runner/work/ozone/ozone/hadoop-ozone/integration-test/target/test-dir/MiniOzoneClusterImpl-e654cb93-8a46-4732-947e-f27e0a8f69eb/datanode-8/data/ratis/3ee39070-283a-4801-8daa-14b460c0674a does not exist. Creating ...
2022-11-04 01:07:59,216 [pool-264-thread-1] INFO  storage.RaftStorageDirectory (RaftStorageDirectoryImpl.java:tryLock(231)) - Lock on /home/runner/work/ozone/ozone/hadoop-ozone/integration-test/target/test-dir/MiniOzoneClusterImpl-e654cb93-8a46-4732-947e-f27e0a8f69eb/datanode-8/data/ratis/3ee39070-283a-4801-8daa-14b460c0674a/in_use.lock acquired by nodename 14694@fv-az39-323
2022-11-04 01:07:59,217 [pool-264-thread-1] INFO  storage.RaftStorage (RaftStorageImpl.java:format(96)) - Storage directory /home/runner/work/ozone/ozone/hadoop-ozone/integration-test/target/test-dir/MiniOzoneClusterImpl-e654cb93-8a46-4732-947e-f27e0a8f69eb/datanode-8/data/ratis/3ee39070-283a-4801-8daa-14b460c0674a has been successfully formatted.
2022-11-04 01:07:59,217 [pool-264-thread-1] INFO  ratis.ContainerStateMachine (ContainerStateMachine.java:loadSnapshot(236)) - group-14B460C0674A: The snapshot info is null. Setting the last applied indexto:(t:0, i:~)
2022-11-04 01:07:59,217 [pool-264-thread-1] INFO  server.RaftServerConfigKeys (ConfUtils.java:logGet(46)) - raft.server.log.use.memory = false (default)
2022-11-04 01:07:59,218 [pool-264-thread-1] INFO  server.RaftServerConfigKeys (ConfUtils.java:logGet(46)) - raft.server.log.purge.gap = 1000000 (custom)
2022-11-04 01:07:59,220 [pool-264-thread-1] INFO  server.RaftServerConfigKeys (ConfUtils.java:logGet(46)) - raft.server.log.appender.buffer.byte-limit = 33554432 (custom)
2022-11-04 01:07:59,220 [pool-264-thread-1] INFO  server.RaftServerConfigKeys (ConfUtils.java:logGet(46)) - raft.server.log.statemachine.data.read.timeout = 1000ms (default)
2022-11-04 01:07:59,220 [pool-264-thread-1] INFO  server.RaftServerConfigKeys (ConfUtils.java:logGet(46)) - raft.server.log.purge.preservation.log.num = 0 (default)
2022-11-04 01:07:59,221 [pool-264-thread-1] INFO  server.RaftServerConfigKeys (ConfUtils.java:logGet(46)) - raft.server.log.segment.size.max = 1048576 (custom)
2022-11-04 01:07:59,221 [pool-264-thread-1] INFO  server.RaftServerConfigKeys (ConfUtils.java:logGet(46)) - raft.server.log.segment.cache.num.max = 2 (custom)
2022-11-04 01:07:59,221 [pool-264-thread-1] INFO  server.RaftServerConfigKeys (ConfUtils.java:logGet(46)) - raft.server.log.segment.cache.size.max = 200MB (=209715200) (default)
2022-11-04 01:07:59,221 [pool-264-thread-1] INFO  segmented.SegmentedRaftLogWorker (SegmentedRaftLogWorker.java:<init>(191)) - new bc4c196d-1c1a-499c-9b0d-21e75e378ad6@group-14B460C0674A-SegmentedRaftLogWorker for RaftStorageImpl:Storage Directory /home/runner/work/ozone/ozone/hadoop-ozone/integration-test/target/test-dir/MiniOzoneClusterImpl-e654cb93-8a46-4732-947e-f27e0a8f69eb/datanode-8/data/ratis/3ee39070-283a-4801-8daa-14b460c0674a
2022-11-04 01:07:59,221 [pool-264-thread-1] INFO  server.RaftServerConfigKeys (ConfUtils.java:logGet(46)) - raft.server.log.queue.byte-limit = 4294967296 (custom)
2022-11-04 01:07:59,221 [pool-264-thread-1] INFO  server.RaftServerConfigKeys (ConfUtils.java:logGet(46)) - raft.server.log.queue.element-limit = 1024 (custom)
2022-11-04 01:07:59,221 [pool-264-thread-1] INFO  server.RaftServerConfigKeys (ConfUtils.java:logGet(46)) - raft.server.log.segment.size.max = 1048576 (custom)
2022-11-04 01:07:59,221 [pool-264-thread-1] INFO  server.RaftServerConfigKeys (ConfUtils.java:logGet(46)) - raft.server.log.preallocated.size = 16384 (custom)
2022-11-04 01:07:59,221 [pool-264-thread-1] INFO  server.RaftServerConfigKeys (ConfUtils.java:logGet(46)) - raft.server.log.force.sync.num = 128 (default)
2022-11-04 01:07:59,221 [pool-264-thread-1] INFO  server.RaftServerConfigKeys (ConfUtils.java:logGet(46)) - raft.server.log.statemachine.data.sync = true (default)
2022-11-04 01:07:59,221 [pool-264-thread-1] INFO  server.RaftServerConfigKeys (ConfUtils.java:logGet(46)) - raft.server.log.statemachine.data.sync.timeout = 10s (default)
2022-11-04 01:07:59,221 [pool-264-thread-1] INFO  server.RaftServerConfigKeys (ConfUtils.java:logGet(46)) - raft.server.log.statemachine.data.sync.timeout.retry = -1 (default)
2022-11-04 01:07:59,222 [pool-264-thread-1] INFO  server.RaftServerConfigKeys (ConfUtils.java:logGet(46)) - raft.server.log.write.buffer.size = 1048576 (custom)
2022-11-04 01:07:59,223 [pool-264-thread-1] INFO  server.RaftServerConfigKeys (ConfUtils.java:logGet(46)) - raft.server.log.unsafe-flush.enabled = false (default)
2022-11-04 01:07:59,223 [pool-264-thread-1] INFO  server.RaftServerConfigKeys (ConfUtils.java:logGet(46)) - raft.server.log.async-flush.enabled = false (default)
2022-11-04 01:07:59,223 [pool-264-thread-1] INFO  server.RaftServerConfigKeys (ConfUtils.java:logGet(46)) - raft.server.log.statemachine.data.caching.enabled = true (custom)
2022-11-04 01:07:59,223 [pool-264-thread-1] INFO  segmented.SegmentedRaftLogWorker (SegmentedRaftLogWorker.java:lambda$new$0(136)) - bc4c196d-1c1a-499c-9b0d-21e75e378ad6@group-14B460C0674A-SegmentedRaftLogWorker: flushIndex: setUnconditionally 0 -> -1
2022-11-04 01:07:59,223 [pool-264-thread-1] INFO  segmented.SegmentedRaftLogWorker (SegmentedRaftLogWorker.java:lambda$new$0(136)) - bc4c196d-1c1a-499c-9b0d-21e75e378ad6@group-14B460C0674A-SegmentedRaftLogWorker: safeCacheEvictIndex: setUnconditionally 0 -> -1
2022-11-04 01:07:59,223 [pool-264-thread-1] INFO  server.RaftServer$Division (RaftServerImpl.java:start(334)) - bc4c196d-1c1a-499c-9b0d-21e75e378ad6@group-14B460C0674A: start as a follower, conf=-1: peers:[dc492f9b-31c5-46a5-b048-fde4f7a6d732|rpc:10.1.0.17:39685|dataStream:|priority:1|startupRole:FOLLOWER, 6480c095-e652-434b-9207-ee2ed1cf0924|rpc:10.1.0.17:36831|dataStream:|priority:0|startupRole:FOLLOWER, bc4c196d-1c1a-499c-9b0d-21e75e378ad6|rpc:10.1.0.17:34491|dataStream:|priority:0|startupRole:FOLLOWER]|listeners:[], old=null
2022-11-04 01:07:59,223 [pool-264-thread-1] INFO  server.RaftServer$Division (RaftServerImpl.java:setRole(321)) - bc4c196d-1c1a-499c-9b0d-21e75e378ad6@group-14B460C0674A: changes role from      null to FOLLOWER at term 0 for startAsFollower
2022-11-04 01:07:59,223 [pool-264-thread-1] INFO  impl.RoleInfo (RoleInfo.java:updateAndGet(139)) - bc4c196d-1c1a-499c-9b0d-21e75e378ad6: start bc4c196d-1c1a-499c-9b0d-21e75e378ad6@group-14B460C0674A-FollowerState
2022-11-04 01:07:59,225 [bc4c196d-1c1a-499c-9b0d-21e75e378ad6@group-14B460C0674A-FollowerState] INFO  server.RaftServerConfigKeys (ConfUtils.java:logFallback(53)) - raft.server.rpc.first-election.timeout.min = 5s (fallback to raft.server.rpc.timeout.min)
2022-11-04 01:07:59,226 [pool-264-thread-1] INFO  util.JmxRegister (JmxRegister.java:tryRegister(44)) - Successfully registered JMX Bean with object name Ratis:service=RaftServer,group=group-14B460C0674A,id=bc4c196d-1c1a-499c-9b0d-21e75e378ad6
2022-11-04 01:07:59,226 [pool-264-thread-1] INFO  server.RaftServerConfigKeys (ConfUtils.java:logGet(46)) - raft.server.snapshot.auto.trigger.enabled = true (custom)
2022-11-04 01:07:59,226 [pool-264-thread-1] INFO  server.RaftServerConfigKeys (ConfUtils.java:logGet(46)) - raft.server.snapshot.auto.trigger.threshold = 10000 (custom)
2022-11-04 01:07:59,226 [pool-264-thread-1] INFO  server.RaftServerConfigKeys (ConfUtils.java:logGet(46)) - raft.server.snapshot.retention.file.num = 5 (custom)
2022-11-04 01:07:59,226 [pool-264-thread-1] INFO  server.RaftServerConfigKeys (ConfUtils.java:logGet(46)) - raft.server.log.purge.upto.snapshot.index = false (default)
2022-11-04 01:07:59,227 [bc4c196d-1c1a-499c-9b0d-21e75e378ad6@group-14B460C0674A-FollowerState] INFO  server.RaftServerConfigKeys (ConfUtils.java:logFallback(53)) - raft.server.rpc.first-election.timeout.max = 5200ms (fallback to raft.server.rpc.timeout.max)
2022-11-04 01:07:59,236 [Command processor thread] INFO  commandhandler.CreatePipelineCommandHandler (CreatePipelineCommandHandler.java:handle(113)) - Created Pipeline RATIS THREE PipelineID=3ee39070-283a-4801-8daa-14b460c0674a.
2022-11-04 01:07:59,236 [Command processor thread] INFO  server.RaftServer (RaftServerProxy.java:addNew(96)) - dc492f9b-31c5-46a5-b048-fde4f7a6d732: addNew group-2DB472FABF22:[6480c095-e652-434b-9207-ee2ed1cf0924|rpc:10.1.0.17:36831|priority:0|startupRole:FOLLOWER, dc492f9b-31c5-46a5-b048-fde4f7a6d732|rpc:10.1.0.17:39685|priority:0|startupRole:FOLLOWER, bc4c196d-1c1a-499c-9b0d-21e75e378ad6|rpc:10.1.0.17:34491|priority:1|startupRole:FOLLOWER] returns group-2DB472FABF22:java.util.concurrent.CompletableFuture@675c4ce4[Not completed]
2022-11-04 01:07:59,237 [pool-210-thread-1] INFO  server.RaftServer$Division (RaftServerImpl.java:<init>(195)) - dc492f9b-31c5-46a5-b048-fde4f7a6d732: new RaftServerImpl for group-2DB472FABF22:[6480c095-e652-434b-9207-ee2ed1cf0924|rpc:10.1.0.17:36831|priority:0|startupRole:FOLLOWER, dc492f9b-31c5-46a5-b048-fde4f7a6d732|rpc:10.1.0.17:39685|priority:0|startupRole:FOLLOWER, bc4c196d-1c1a-499c-9b0d-21e75e378ad6|rpc:10.1.0.17:34491|priority:1|startupRole:FOLLOWER] with ContainerStateMachine:uninitialized
2022-11-04 01:07:59,237 [pool-210-thread-1] INFO  server.RaftServerConfigKeys (ConfUtils.java:logGet(46)) - raft.server.rpc.timeout.min = 5s (custom)
2022-11-04 01:07:59,237 [pool-210-thread-1] INFO  server.RaftServerConfigKeys (ConfUtils.java:logGet(46)) - raft.server.rpc.timeout.max = 5200ms (custom)
2022-11-04 01:07:59,237 [pool-210-thread-1] INFO  server.RaftServerConfigKeys (ConfUtils.java:logGet(46)) - raft.server.rpc.sleep.time = 25ms (default)
2022-11-04 01:07:59,237 [pool-210-thread-1] INFO  server.RaftServerConfigKeys (ConfUtils.java:logGet(46)) - raft.server.rpc.slowness.timeout = 300s (custom)
2022-11-04 01:07:59,237 [pool-210-thread-1] INFO  server.RaftServerConfigKeys (ConfUtils.java:logGet(46)) - raft.server.leaderelection.leader.step-down.wait-time = 10s (default)
2022-11-04 01:07:59,237 [pool-210-thread-1] INFO  server.RaftServerConfigKeys (ConfUtils.java:logGet(46)) - raft.server.sleep.deviation.threshold = 300ms (default)
2022-11-04 01:07:59,237 [pool-210-thread-1] INFO  server.RaftServer$Division (ServerState.java:<init>(118)) - dc492f9b-31c5-46a5-b048-fde4f7a6d732@group-2DB472FABF22: ConfigurationManager, init=-1: peers:[6480c095-e652-434b-9207-ee2ed1cf0924|rpc:10.1.0.17:36831|priority:0|startupRole:FOLLOWER, dc492f9b-31c5-46a5-b048-fde4f7a6d732|rpc:10.1.0.17:39685|priority:0|startupRole:FOLLOWER, bc4c196d-1c1a-499c-9b0d-21e75e378ad6|rpc:10.1.0.17:34491|priority:1|startupRole:FOLLOWER]|listeners:[], old=null, confs=<EMPTY_MAP>
2022-11-04 01:07:59,237 [pool-210-thread-1] INFO  server.RaftServerConfigKeys (ConfUtils.java:logGet(46)) - raft.server.storage.dir = [/home/runner/work/ozone/ozone/hadoop-ozone/integration-test/target/test-dir/MiniOzoneClusterImpl-e654cb93-8a46-4732-947e-f27e0a8f69eb/datanode-6/data/ratis] (custom)
2022-11-04 01:07:59,237 [pool-210-thread-1] INFO  server.RaftServerConfigKeys (ConfUtils.java:logGet(46)) - raft.server.log.corruption.policy = EXCEPTION (default)
2022-11-04 01:07:59,238 [pool-210-thread-1] INFO  server.RaftServerConfigKeys (ConfUtils.java:logGet(46)) - raft.server.storage.free-space.min = 0MB (=0) (default)
2022-11-04 01:07:59,238 [pool-210-thread-1] INFO  server.RaftServerConfigKeys (ConfUtils.java:logGet(46)) - raft.server.notification.no-leader.timeout = 300s (custom)
2022-11-04 01:07:59,238 [pool-210-thread-1] INFO  server.RaftServerConfigKeys (ConfUtils.java:logGet(46)) - raft.server.retrycache.expirytime = 600000ms (custom)
2022-11-04 01:07:59,238 [pool-210-thread-1] INFO  server.RaftServerConfigKeys (ConfUtils.java:logGet(46)) - raft.server.retrycache.statistics.expirytime = 100μs (default)
2022-11-04 01:07:59,239 [pool-210-thread-1] INFO  server.RaftServerConfigKeys (ConfUtils.java:logGet(46)) - raft.server.log.appender.install.snapshot.enabled = false (custom)
2022-11-04 01:07:59,239 [pool-210-thread-1] INFO  server.RaftServerConfigKeys (ConfUtils.java:logGet(46)) - raft.server.threadpool.server.cached = true (default)
2022-11-04 01:07:59,239 [pool-210-thread-1] INFO  server.RaftServerConfigKeys (ConfUtils.java:logGet(46)) - raft.server.threadpool.server.size = 0 (default)
2022-11-04 01:07:59,239 [pool-210-thread-1] INFO  server.RaftServerConfigKeys (ConfUtils.java:logGet(46)) - raft.server.threadpool.client.cached = true (default)
2022-11-04 01:07:59,239 [pool-210-thread-1] INFO  server.RaftServerConfigKeys (ConfUtils.java:logGet(46)) - raft.server.threadpool.client.size = 0 (default)
2022-11-04 01:07:59,239 [pool-210-thread-1] INFO  storage.RaftStorageDirectory (RaftStorageDirectoryImpl.java:analyzeStorage(137)) - The storage directory /home/runner/work/ozone/ozone/hadoop-ozone/integration-test/target/test-dir/MiniOzoneClusterImpl-e654cb93-8a46-4732-947e-f27e0a8f69eb/datanode-6/data/ratis/003b74d8-a15e-41e3-84cc-2db472fabf22 does not exist. Creating ...
2022-11-04 01:07:59,240 [pool-210-thread-1] INFO  storage.RaftStorageDirectory (RaftStorageDirectoryImpl.java:tryLock(231)) - Lock on /home/runner/work/ozone/ozone/hadoop-ozone/integration-test/target/test-dir/MiniOzoneClusterImpl-e654cb93-8a46-4732-947e-f27e0a8f69eb/datanode-6/data/ratis/003b74d8-a15e-41e3-84cc-2db472fabf22/in_use.lock acquired by nodename 14694@fv-az39-323
2022-11-04 01:07:59,241 [pool-210-thread-1] INFO  storage.RaftStorage (RaftStorageImpl.java:format(96)) - Storage directory /home/runner/work/ozone/ozone/hadoop-ozone/integration-test/target/test-dir/MiniOzoneClusterImpl-e654cb93-8a46-4732-947e-f27e0a8f69eb/datanode-6/data/ratis/003b74d8-a15e-41e3-84cc-2db472fabf22 has been successfully formatted.
2022-11-04 01:07:59,243 [pool-210-thread-1] INFO  ratis.ContainerStateMachine (ContainerStateMachine.java:loadSnapshot(236)) - group-2DB472FABF22: The snapshot info is null. Setting the last applied indexto:(t:0, i:~)
2022-11-04 01:07:59,243 [pool-210-thread-1] INFO  server.RaftServerConfigKeys (ConfUtils.java:logGet(46)) - raft.server.log.use.memory = false (default)
2022-11-04 01:07:59,243 [pool-210-thread-1] INFO  server.RaftServerConfigKeys (ConfUtils.java:logGet(46)) - raft.server.log.purge.gap = 1000000 (custom)
2022-11-04 01:07:59,243 [pool-210-thread-1] INFO  server.RaftServerConfigKeys (ConfUtils.java:logGet(46)) - raft.server.log.appender.buffer.byte-limit = 33554432 (custom)
2022-11-04 01:07:59,243 [EventQueue-OpenPipelineForHealthyPipelineSafeModeRule] INFO  safemode.SCMSafeModeManager (HealthyPipelineSafeModeRule.java:process(137)) - SCM in safe mode. Healthy pipelines reported count is 0, required healthy pipeline reported count is 1
2022-11-04 01:07:59,248 [pool-210-thread-1] INFO  server.RaftServerConfigKeys (ConfUtils.java:logGet(46)) - raft.server.log.statemachine.data.read.timeout = 1000ms (default)
2022-11-04 01:07:59,248 [pool-210-thread-1] INFO  server.RaftServerConfigKeys (ConfUtils.java:logGet(46)) - raft.server.log.purge.preservation.log.num = 0 (default)
2022-11-04 01:07:59,248 [pool-210-thread-1] INFO  server.RaftServerConfigKeys (ConfUtils.java:logGet(46)) - raft.server.log.segment.size.max = 1048576 (custom)
2022-11-04 01:07:59,248 [pool-210-thread-1] INFO  server.RaftServerConfigKeys (ConfUtils.java:logGet(46)) - raft.server.log.segment.cache.num.max = 2 (custom)
2022-11-04 01:07:59,248 [pool-210-thread-1] INFO  server.RaftServerConfigKeys (ConfUtils.java:logGet(46)) - raft.server.log.segment.cache.size.max = 200MB (=209715200) (default)
2022-11-04 01:07:59,248 [pool-210-thread-1] INFO  segmented.SegmentedRaftLogWorker (SegmentedRaftLogWorker.java:<init>(191)) - new dc492f9b-31c5-46a5-b048-fde4f7a6d732@group-2DB472FABF22-SegmentedRaftLogWorker for RaftStorageImpl:Storage Directory /home/runner/work/ozone/ozone/hadoop-ozone/integration-test/target/test-dir/MiniOzoneClusterImpl-e654cb93-8a46-4732-947e-f27e0a8f69eb/datanode-6/data/ratis/003b74d8-a15e-41e3-84cc-2db472fabf22
2022-11-04 01:07:59,248 [pool-210-thread-1] INFO  server.RaftServerConfigKeys (ConfUtils.java:logGet(46)) - raft.server.log.queue.byte-limit = 4294967296 (custom)
2022-11-04 01:07:59,248 [pool-210-thread-1] INFO  server.RaftServerConfigKeys (ConfUtils.java:logGet(46)) - raft.server.log.queue.element-limit = 1024 (custom)
2022-11-04 01:07:59,248 [pool-210-thread-1] INFO  server.RaftServerConfigKeys (ConfUtils.java:logGet(46)) - raft.server.log.segment.size.max = 1048576 (custom)
2022-11-04 01:07:59,248 [pool-210-thread-1] INFO  server.RaftServerConfigKeys (ConfUtils.java:logGet(46)) - raft.server.log.preallocated.size = 16384 (custom)
2022-11-04 01:07:59,249 [pool-210-thread-1] INFO  server.RaftServerConfigKeys (ConfUtils.java:logGet(46)) - raft.server.log.force.sync.num = 128 (default)
2022-11-04 01:07:59,249 [pool-210-thread-1] INFO  server.RaftServerConfigKeys (ConfUtils.java:logGet(46)) - raft.server.log.statemachine.data.sync = true (default)
2022-11-04 01:07:59,249 [pool-210-thread-1] INFO  server.RaftServerConfigKeys (ConfUtils.java:logGet(46)) - raft.server.log.statemachine.data.sync.timeout = 10s (default)
2022-11-04 01:07:59,249 [pool-210-thread-1] INFO  server.RaftServerConfigKeys (ConfUtils.java:logGet(46)) - raft.server.log.statemachine.data.sync.timeout.retry = -1 (default)
2022-11-04 01:07:59,249 [pool-210-thread-1] INFO  server.RaftServerConfigKeys (ConfUtils.java:logGet(46)) - raft.server.log.write.buffer.size = 1048576 (custom)
2022-11-04 01:07:59,250 [pool-210-thread-1] INFO  server.RaftServerConfigKeys (ConfUtils.java:logGet(46)) - raft.server.log.unsafe-flush.enabled = false (default)
2022-11-04 01:07:59,250 [pool-210-thread-1] INFO  server.RaftServerConfigKeys (ConfUtils.java:logGet(46)) - raft.server.log.async-flush.enabled = false (default)
2022-11-04 01:07:59,250 [pool-210-thread-1] INFO  server.RaftServerConfigKeys (ConfUtils.java:logGet(46)) - raft.server.log.statemachine.data.caching.enabled = true (custom)
2022-11-04 01:07:59,250 [pool-210-thread-1] INFO  segmented.SegmentedRaftLogWorker (SegmentedRaftLogWorker.java:lambda$new$0(136)) - dc492f9b-31c5-46a5-b048-fde4f7a6d732@group-2DB472FABF22-SegmentedRaftLogWorker: flushIndex: setUnconditionally 0 -> -1
2022-11-04 01:07:59,250 [pool-210-thread-1] INFO  segmented.SegmentedRaftLogWorker (SegmentedRaftLogWorker.java:lambda$new$0(136)) - dc492f9b-31c5-46a5-b048-fde4f7a6d732@group-2DB472FABF22-SegmentedRaftLogWorker: safeCacheEvictIndex: setUnconditionally 0 -> -1
2022-11-04 01:07:59,251 [pool-210-thread-1] INFO  server.RaftServer$Division (RaftServerImpl.java:start(334)) - dc492f9b-31c5-46a5-b048-fde4f7a6d732@group-2DB472FABF22: start as a follower, conf=-1: peers:[6480c095-e652-434b-9207-ee2ed1cf0924|rpc:10.1.0.17:36831|priority:0|startupRole:FOLLOWER, dc492f9b-31c5-46a5-b048-fde4f7a6d732|rpc:10.1.0.17:39685|priority:0|startupRole:FOLLOWER, bc4c196d-1c1a-499c-9b0d-21e75e378ad6|rpc:10.1.0.17:34491|priority:1|startupRole:FOLLOWER]|listeners:[], old=null
2022-11-04 01:07:59,251 [pool-210-thread-1] INFO  server.RaftServer$Division (RaftServerImpl.java:setRole(321)) - dc492f9b-31c5-46a5-b048-fde4f7a6d732@group-2DB472FABF22: changes role from      null to FOLLOWER at term 0 for startAsFollower
2022-11-04 01:07:59,251 [pool-210-thread-1] INFO  impl.RoleInfo (RoleInfo.java:updateAndGet(139)) - dc492f9b-31c5-46a5-b048-fde4f7a6d732: start dc492f9b-31c5-46a5-b048-fde4f7a6d732@group-2DB472FABF22-FollowerState
2022-11-04 01:07:59,251 [pool-210-thread-1] INFO  util.JmxRegister (JmxRegister.java:tryRegister(44)) - Successfully registered JMX Bean with object name Ratis:service=RaftServer,group=group-2DB472FABF22,id=dc492f9b-31c5-46a5-b048-fde4f7a6d732
2022-11-04 01:07:59,251 [pool-210-thread-1] INFO  server.RaftServerConfigKeys (ConfUtils.java:logGet(46)) - raft.server.snapshot.auto.trigger.enabled = true (custom)
2022-11-04 01:07:59,251 [pool-210-thread-1] INFO  server.RaftServerConfigKeys (ConfUtils.java:logGet(46)) - raft.server.snapshot.auto.trigger.threshold = 10000 (custom)
2022-11-04 01:07:59,251 [pool-210-thread-1] INFO  server.RaftServerConfigKeys (ConfUtils.java:logGet(46)) - raft.server.snapshot.retention.file.num = 5 (custom)
2022-11-04 01:07:59,251 [pool-210-thread-1] INFO  server.RaftServerConfigKeys (ConfUtils.java:logGet(46)) - raft.server.log.purge.upto.snapshot.index = false (default)
2022-11-04 01:07:59,252 [dc492f9b-31c5-46a5-b048-fde4f7a6d732@group-2DB472FABF22-FollowerState] INFO  server.RaftServerConfigKeys (ConfUtils.java:logFallback(53)) - raft.server.rpc.first-election.timeout.min = 5s (fallback to raft.server.rpc.timeout.min)
2022-11-04 01:07:59,252 [dc492f9b-31c5-46a5-b048-fde4f7a6d732@group-2DB472FABF22-FollowerState] INFO  server.RaftServerConfigKeys (ConfUtils.java:logFallback(53)) - raft.server.rpc.first-election.timeout.max = 5200ms (fallback to raft.server.rpc.timeout.max)
2022-11-04 01:07:59,255 [Command processor thread] INFO  ratis.XceiverServerRatis (XceiverServerRatis.java:addGroup(765)) - Created group PipelineID=003b74d8-a15e-41e3-84cc-2db472fabf22
2022-11-04 01:07:59,265 [grpc-default-executor-0] INFO  server.RaftServer (RaftServerProxy.java:addNew(96)) - 6480c095-e652-434b-9207-ee2ed1cf0924: addNew group-2DB472FABF22:[6480c095-e652-434b-9207-ee2ed1cf0924|rpc:10.1.0.17:36831|dataStream:|priority:0|startupRole:FOLLOWER, dc492f9b-31c5-46a5-b048-fde4f7a6d732|rpc:10.1.0.17:39685|dataStream:|priority:0|startupRole:FOLLOWER, bc4c196d-1c1a-499c-9b0d-21e75e378ad6|rpc:10.1.0.17:34491|dataStream:|priority:1|startupRole:FOLLOWER] returns group-2DB472FABF22:java.util.concurrent.CompletableFuture@2fd942da[Not completed]
2022-11-04 01:07:59,266 [pool-237-thread-1] INFO  server.RaftServer$Division (RaftServerImpl.java:<init>(195)) - 6480c095-e652-434b-9207-ee2ed1cf0924: new RaftServerImpl for group-2DB472FABF22:[6480c095-e652-434b-9207-ee2ed1cf0924|rpc:10.1.0.17:36831|dataStream:|priority:0|startupRole:FOLLOWER, dc492f9b-31c5-46a5-b048-fde4f7a6d732|rpc:10.1.0.17:39685|dataStream:|priority:0|startupRole:FOLLOWER, bc4c196d-1c1a-499c-9b0d-21e75e378ad6|rpc:10.1.0.17:34491|dataStream:|priority:1|startupRole:FOLLOWER] with ContainerStateMachine:uninitialized
2022-11-04 01:07:59,266 [pool-237-thread-1] INFO  server.RaftServerConfigKeys (ConfUtils.java:logGet(46)) - raft.server.rpc.timeout.min = 5s (custom)
2022-11-04 01:07:59,266 [pool-237-thread-1] INFO  server.RaftServerConfigKeys (ConfUtils.java:logGet(46)) - raft.server.rpc.timeout.max = 5200ms (custom)
2022-11-04 01:07:59,266 [pool-237-thread-1] INFO  server.RaftServerConfigKeys (ConfUtils.java:logGet(46)) - raft.server.rpc.sleep.time = 25ms (default)
2022-11-04 01:07:59,266 [pool-237-thread-1] INFO  server.RaftServerConfigKeys (ConfUtils.java:logGet(46)) - raft.server.rpc.slowness.timeout = 300s (custom)
2022-11-04 01:07:59,266 [pool-237-thread-1] INFO  server.RaftServerConfigKeys (ConfUtils.java:logGet(46)) - raft.server.leaderelection.leader.step-down.wait-time = 10s (default)
2022-11-04 01:07:59,266 [pool-237-thread-1] INFO  server.RaftServerConfigKeys (ConfUtils.java:logGet(46)) - raft.server.sleep.deviation.threshold = 300ms (default)
2022-11-04 01:07:59,266 [pool-237-thread-1] INFO  server.RaftServer$Division (ServerState.java:<init>(118)) - 6480c095-e652-434b-9207-ee2ed1cf0924@group-2DB472FABF22: ConfigurationManager, init=-1: peers:[6480c095-e652-434b-9207-ee2ed1cf0924|rpc:10.1.0.17:36831|dataStream:|priority:0|startupRole:FOLLOWER, dc492f9b-31c5-46a5-b048-fde4f7a6d732|rpc:10.1.0.17:39685|dataStream:|priority:0|startupRole:FOLLOWER, bc4c196d-1c1a-499c-9b0d-21e75e378ad6|rpc:10.1.0.17:34491|dataStream:|priority:1|startupRole:FOLLOWER]|listeners:[], old=null, confs=<EMPTY_MAP>
2022-11-04 01:07:59,267 [pool-237-thread-1] INFO  server.RaftServerConfigKeys (ConfUtils.java:logGet(46)) - raft.server.storage.dir = [/home/runner/work/ozone/ozone/hadoop-ozone/integration-test/target/test-dir/MiniOzoneClusterImpl-e654cb93-8a46-4732-947e-f27e0a8f69eb/datanode-7/data/ratis] (custom)
2022-11-04 01:07:59,267 [pool-237-thread-1] INFO  server.RaftServerConfigKeys (ConfUtils.java:logGet(46)) - raft.server.log.corruption.policy = EXCEPTION (default)
2022-11-04 01:07:59,267 [pool-237-thread-1] INFO  server.RaftServerConfigKeys (ConfUtils.java:logGet(46)) - raft.server.storage.free-space.min = 0MB (=0) (default)
2022-11-04 01:07:59,267 [pool-237-thread-1] INFO  server.RaftServerConfigKeys (ConfUtils.java:logGet(46)) - raft.server.notification.no-leader.timeout = 300s (custom)
2022-11-04 01:07:59,267 [pool-237-thread-1] INFO  server.RaftServerConfigKeys (ConfUtils.java:logGet(46)) - raft.server.retrycache.expirytime = 600000ms (custom)
2022-11-04 01:07:59,267 [pool-237-thread-1] INFO  server.RaftServerConfigKeys (ConfUtils.java:logGet(46)) - raft.server.retrycache.statistics.expirytime = 100μs (default)
2022-11-04 01:07:59,268 [pool-237-thread-1] INFO  server.RaftServerConfigKeys (ConfUtils.java:logGet(46)) - raft.server.log.appender.install.snapshot.enabled = false (custom)
2022-11-04 01:07:59,268 [pool-237-thread-1] INFO  server.RaftServerConfigKeys (ConfUtils.java:logGet(46)) - raft.server.threadpool.server.cached = true (default)
2022-11-04 01:07:59,268 [pool-237-thread-1] INFO  server.RaftServerConfigKeys (ConfUtils.java:logGet(46)) - raft.server.threadpool.server.size = 0 (default)
2022-11-04 01:07:59,268 [pool-237-thread-1] INFO  server.RaftServerConfigKeys (ConfUtils.java:logGet(46)) - raft.server.threadpool.client.cached = true (default)
2022-11-04 01:07:59,268 [pool-237-thread-1] INFO  server.RaftServerConfigKeys (ConfUtils.java:logGet(46)) - raft.server.threadpool.client.size = 0 (default)
2022-11-04 01:07:59,268 [pool-237-thread-1] INFO  storage.RaftStorageDirectory (RaftStorageDirectoryImpl.java:analyzeStorage(137)) - The storage directory /home/runner/work/ozone/ozone/hadoop-ozone/integration-test/target/test-dir/MiniOzoneClusterImpl-e654cb93-8a46-4732-947e-f27e0a8f69eb/datanode-7/data/ratis/003b74d8-a15e-41e3-84cc-2db472fabf22 does not exist. Creating ...
2022-11-04 01:07:59,270 [pool-237-thread-1] INFO  storage.RaftStorageDirectory (RaftStorageDirectoryImpl.java:tryLock(231)) - Lock on /home/runner/work/ozone/ozone/hadoop-ozone/integration-test/target/test-dir/MiniOzoneClusterImpl-e654cb93-8a46-4732-947e-f27e0a8f69eb/datanode-7/data/ratis/003b74d8-a15e-41e3-84cc-2db472fabf22/in_use.lock acquired by nodename 14694@fv-az39-323
2022-11-04 01:07:59,272 [pool-237-thread-1] INFO  storage.RaftStorage (RaftStorageImpl.java:format(96)) - Storage directory /home/runner/work/ozone/ozone/hadoop-ozone/integration-test/target/test-dir/MiniOzoneClusterImpl-e654cb93-8a46-4732-947e-f27e0a8f69eb/datanode-7/data/ratis/003b74d8-a15e-41e3-84cc-2db472fabf22 has been successfully formatted.
2022-11-04 01:07:59,272 [pool-237-thread-1] INFO  ratis.ContainerStateMachine (ContainerStateMachine.java:loadSnapshot(236)) - group-2DB472FABF22: The snapshot info is null. Setting the last applied indexto:(t:0, i:~)
2022-11-04 01:07:59,272 [pool-237-thread-1] INFO  server.RaftServerConfigKeys (ConfUtils.java:logGet(46)) - raft.server.log.use.memory = false (default)
2022-11-04 01:07:59,272 [pool-237-thread-1] INFO  server.RaftServerConfigKeys (ConfUtils.java:logGet(46)) - raft.server.log.purge.gap = 1000000 (custom)
2022-11-04 01:07:59,272 [pool-237-thread-1] INFO  server.RaftServerConfigKeys (ConfUtils.java:logGet(46)) - raft.server.log.appender.buffer.byte-limit = 33554432 (custom)
2022-11-04 01:07:59,272 [pool-237-thread-1] INFO  server.RaftServerConfigKeys (ConfUtils.java:logGet(46)) - raft.server.log.statemachine.data.read.timeout = 1000ms (default)
2022-11-04 01:07:59,272 [pool-237-thread-1] INFO  server.RaftServerConfigKeys (ConfUtils.java:logGet(46)) - raft.server.log.purge.preservation.log.num = 0 (default)
2022-11-04 01:07:59,272 [pool-237-thread-1] INFO  server.RaftServerConfigKeys (ConfUtils.java:logGet(46)) - raft.server.log.segment.size.max = 1048576 (custom)
2022-11-04 01:07:59,273 [pool-237-thread-1] INFO  server.RaftServerConfigKeys (ConfUtils.java:logGet(46)) - raft.server.log.segment.cache.num.max = 2 (custom)
2022-11-04 01:07:59,273 [pool-237-thread-1] INFO  server.RaftServerConfigKeys (ConfUtils.java:logGet(46)) - raft.server.log.segment.cache.size.max = 200MB (=209715200) (default)
2022-11-04 01:07:59,273 [pool-237-thread-1] INFO  segmented.SegmentedRaftLogWorker (SegmentedRaftLogWorker.java:<init>(191)) - new 6480c095-e652-434b-9207-ee2ed1cf0924@group-2DB472FABF22-SegmentedRaftLogWorker for RaftStorageImpl:Storage Directory /home/runner/work/ozone/ozone/hadoop-ozone/integration-test/target/test-dir/MiniOzoneClusterImpl-e654cb93-8a46-4732-947e-f27e0a8f69eb/datanode-7/data/ratis/003b74d8-a15e-41e3-84cc-2db472fabf22
2022-11-04 01:07:59,274 [pool-237-thread-1] INFO  server.RaftServerConfigKeys (ConfUtils.java:logGet(46)) - raft.server.log.queue.byte-limit = 4294967296 (custom)
2022-11-04 01:07:59,274 [pool-237-thread-1] INFO  server.RaftServerConfigKeys (ConfUtils.java:logGet(46)) - raft.server.log.queue.element-limit = 1024 (custom)
2022-11-04 01:07:59,274 [pool-237-thread-1] INFO  server.RaftServerConfigKeys (ConfUtils.java:logGet(46)) - raft.server.log.segment.size.max = 1048576 (custom)
2022-11-04 01:07:59,274 [pool-237-thread-1] INFO  server.RaftServerConfigKeys (ConfUtils.java:logGet(46)) - raft.server.log.preallocated.size = 16384 (custom)
2022-11-04 01:07:59,274 [pool-237-thread-1] INFO  server.RaftServerConfigKeys (ConfUtils.java:logGet(46)) - raft.server.log.force.sync.num = 128 (default)
2022-11-04 01:07:59,274 [pool-237-thread-1] INFO  server.RaftServerConfigKeys (ConfUtils.java:logGet(46)) - raft.server.log.statemachine.data.sync = true (default)
2022-11-04 01:07:59,274 [pool-237-thread-1] INFO  server.RaftServerConfigKeys (ConfUtils.java:logGet(46)) - raft.server.log.statemachine.data.sync.timeout = 10s (default)
2022-11-04 01:07:59,274 [pool-237-thread-1] INFO  server.RaftServerConfigKeys (ConfUtils.java:logGet(46)) - raft.server.log.statemachine.data.sync.timeout.retry = -1 (default)
2022-11-04 01:07:59,274 [pool-237-thread-1] INFO  server.RaftServerConfigKeys (ConfUtils.java:logGet(46)) - raft.server.log.write.buffer.size = 1048576 (custom)
2022-11-04 01:07:59,276 [pool-237-thread-1] INFO  server.RaftServerConfigKeys (ConfUtils.java:logGet(46)) - raft.server.log.unsafe-flush.enabled = false (default)
2022-11-04 01:07:59,276 [pool-237-thread-1] INFO  server.RaftServerConfigKeys (ConfUtils.java:logGet(46)) - raft.server.log.async-flush.enabled = false (default)
2022-11-04 01:07:59,276 [pool-237-thread-1] INFO  server.RaftServerConfigKeys (ConfUtils.java:logGet(46)) - raft.server.log.statemachine.data.caching.enabled = true (custom)
2022-11-04 01:07:59,276 [pool-237-thread-1] INFO  segmented.SegmentedRaftLogWorker (SegmentedRaftLogWorker.java:lambda$new$0(136)) - 6480c095-e652-434b-9207-ee2ed1cf0924@group-2DB472FABF22-SegmentedRaftLogWorker: flushIndex: setUnconditionally 0 -> -1
2022-11-04 01:07:59,276 [pool-237-thread-1] INFO  segmented.SegmentedRaftLogWorker (SegmentedRaftLogWorker.java:lambda$new$0(136)) - 6480c095-e652-434b-9207-ee2ed1cf0924@group-2DB472FABF22-SegmentedRaftLogWorker: safeCacheEvictIndex: setUnconditionally 0 -> -1
2022-11-04 01:07:59,277 [pool-237-thread-1] INFO  server.RaftServer$Division (RaftServerImpl.java:start(334)) - 6480c095-e652-434b-9207-ee2ed1cf0924@group-2DB472FABF22: start as a follower, conf=-1: peers:[6480c095-e652-434b-9207-ee2ed1cf0924|rpc:10.1.0.17:36831|dataStream:|priority:0|startupRole:FOLLOWER, dc492f9b-31c5-46a5-b048-fde4f7a6d732|rpc:10.1.0.17:39685|dataStream:|priority:0|startupRole:FOLLOWER, bc4c196d-1c1a-499c-9b0d-21e75e378ad6|rpc:10.1.0.17:34491|dataStream:|priority:1|startupRole:FOLLOWER]|listeners:[], old=null
2022-11-04 01:07:59,277 [pool-237-thread-1] INFO  server.RaftServer$Division (RaftServerImpl.java:setRole(321)) - 6480c095-e652-434b-9207-ee2ed1cf0924@group-2DB472FABF22: changes role from      null to FOLLOWER at term 0 for startAsFollower
2022-11-04 01:07:59,277 [pool-237-thread-1] INFO  impl.RoleInfo (RoleInfo.java:updateAndGet(139)) - 6480c095-e652-434b-9207-ee2ed1cf0924: start 6480c095-e652-434b-9207-ee2ed1cf0924@group-2DB472FABF22-FollowerState
2022-11-04 01:07:59,277 [pool-237-thread-1] INFO  util.JmxRegister (JmxRegister.java:tryRegister(44)) - Successfully registered JMX Bean with object name Ratis:service=RaftServer,group=group-2DB472FABF22,id=6480c095-e652-434b-9207-ee2ed1cf0924
2022-11-04 01:07:59,278 [pool-237-thread-1] INFO  server.RaftServerConfigKeys (ConfUtils.java:logGet(46)) - raft.server.snapshot.auto.trigger.enabled = true (custom)
2022-11-04 01:07:59,278 [pool-237-thread-1] INFO  server.RaftServerConfigKeys (ConfUtils.java:logGet(46)) - raft.server.snapshot.auto.trigger.threshold = 10000 (custom)
2022-11-04 01:07:59,278 [pool-237-thread-1] INFO  server.RaftServerConfigKeys (ConfUtils.java:logGet(46)) - raft.server.snapshot.retention.file.num = 5 (custom)
2022-11-04 01:07:59,278 [pool-237-thread-1] INFO  server.RaftServerConfigKeys (ConfUtils.java:logGet(46)) - raft.server.log.purge.upto.snapshot.index = false (default)
2022-11-04 01:07:59,278 [6480c095-e652-434b-9207-ee2ed1cf0924@group-2DB472FABF22-FollowerState] INFO  server.RaftServerConfigKeys (ConfUtils.java:logFallback(53)) - raft.server.rpc.first-election.timeout.min = 5s (fallback to raft.server.rpc.timeout.min)
2022-11-04 01:07:59,280 [6480c095-e652-434b-9207-ee2ed1cf0924@group-2DB472FABF22-FollowerState] INFO  server.RaftServerConfigKeys (ConfUtils.java:logFallback(53)) - raft.server.rpc.first-election.timeout.max = 5200ms (fallback to raft.server.rpc.timeout.max)
2022-11-04 01:07:59,294 [grpc-default-executor-0] INFO  server.RaftServer (RaftServerProxy.java:addNew(96)) - bc4c196d-1c1a-499c-9b0d-21e75e378ad6: addNew group-2DB472FABF22:[6480c095-e652-434b-9207-ee2ed1cf0924|rpc:10.1.0.17:36831|dataStream:|priority:0|startupRole:FOLLOWER, dc492f9b-31c5-46a5-b048-fde4f7a6d732|rpc:10.1.0.17:39685|dataStream:|priority:0|startupRole:FOLLOWER, bc4c196d-1c1a-499c-9b0d-21e75e378ad6|rpc:10.1.0.17:34491|dataStream:|priority:1|startupRole:FOLLOWER] returns group-2DB472FABF22:java.util.concurrent.CompletableFuture@216dc392[Not completed]
2022-11-04 01:07:59,295 [pool-264-thread-1] INFO  server.RaftServer$Division (RaftServerImpl.java:<init>(195)) - bc4c196d-1c1a-499c-9b0d-21e75e378ad6: new RaftServerImpl for group-2DB472FABF22:[6480c095-e652-434b-9207-ee2ed1cf0924|rpc:10.1.0.17:36831|dataStream:|priority:0|startupRole:FOLLOWER, dc492f9b-31c5-46a5-b048-fde4f7a6d732|rpc:10.1.0.17:39685|dataStream:|priority:0|startupRole:FOLLOWER, bc4c196d-1c1a-499c-9b0d-21e75e378ad6|rpc:10.1.0.17:34491|dataStream:|priority:1|startupRole:FOLLOWER] with ContainerStateMachine:uninitialized
2022-11-04 01:07:59,295 [pool-264-thread-1] INFO  server.RaftServerConfigKeys (ConfUtils.java:logGet(46)) - raft.server.rpc.timeout.min = 5s (custom)
2022-11-04 01:07:59,295 [pool-264-thread-1] INFO  server.RaftServerConfigKeys (ConfUtils.java:logGet(46)) - raft.server.rpc.timeout.max = 5200ms (custom)
2022-11-04 01:07:59,295 [pool-264-thread-1] INFO  server.RaftServerConfigKeys (ConfUtils.java:logGet(46)) - raft.server.rpc.sleep.time = 25ms (default)
2022-11-04 01:07:59,295 [pool-264-thread-1] INFO  server.RaftServerConfigKeys (ConfUtils.java:logGet(46)) - raft.server.rpc.slowness.timeout = 300s (custom)
2022-11-04 01:07:59,295 [pool-264-thread-1] INFO  server.RaftServerConfigKeys (ConfUtils.java:logGet(46)) - raft.server.leaderelection.leader.step-down.wait-time = 10s (default)
2022-11-04 01:07:59,295 [pool-264-thread-1] INFO  server.RaftServerConfigKeys (ConfUtils.java:logGet(46)) - raft.server.sleep.deviation.threshold = 300ms (default)
2022-11-04 01:07:59,295 [pool-264-thread-1] INFO  server.RaftServer$Division (ServerState.java:<init>(118)) - bc4c196d-1c1a-499c-9b0d-21e75e378ad6@group-2DB472FABF22: ConfigurationManager, init=-1: peers:[6480c095-e652-434b-9207-ee2ed1cf0924|rpc:10.1.0.17:36831|dataStream:|priority:0|startupRole:FOLLOWER, dc492f9b-31c5-46a5-b048-fde4f7a6d732|rpc:10.1.0.17:39685|dataStream:|priority:0|startupRole:FOLLOWER, bc4c196d-1c1a-499c-9b0d-21e75e378ad6|rpc:10.1.0.17:34491|dataStream:|priority:1|startupRole:FOLLOWER]|listeners:[], old=null, confs=<EMPTY_MAP>
2022-11-04 01:07:59,295 [pool-264-thread-1] INFO  server.RaftServerConfigKeys (ConfUtils.java:logGet(46)) - raft.server.storage.dir = [/home/runner/work/ozone/ozone/hadoop-ozone/integration-test/target/test-dir/MiniOzoneClusterImpl-e654cb93-8a46-4732-947e-f27e0a8f69eb/datanode-8/data/ratis] (custom)
2022-11-04 01:07:59,295 [pool-264-thread-1] INFO  server.RaftServerConfigKeys (ConfUtils.java:logGet(46)) - raft.server.log.corruption.policy = EXCEPTION (default)
2022-11-04 01:07:59,295 [pool-264-thread-1] INFO  server.RaftServerConfigKeys (ConfUtils.java:logGet(46)) - raft.server.storage.free-space.min = 0MB (=0) (default)
2022-11-04 01:07:59,295 [pool-264-thread-1] INFO  server.RaftServerConfigKeys (ConfUtils.java:logGet(46)) - raft.server.notification.no-leader.timeout = 300s (custom)
2022-11-04 01:07:59,296 [pool-264-thread-1] INFO  server.RaftServerConfigKeys (ConfUtils.java:logGet(46)) - raft.server.retrycache.expirytime = 600000ms (custom)
2022-11-04 01:07:59,296 [pool-264-thread-1] INFO  server.RaftServerConfigKeys (ConfUtils.java:logGet(46)) - raft.server.retrycache.statistics.expirytime = 100μs (default)
2022-11-04 01:07:59,296 [pool-264-thread-1] INFO  server.RaftServerConfigKeys (ConfUtils.java:logGet(46)) - raft.server.log.appender.install.snapshot.enabled = false (custom)
2022-11-04 01:07:59,296 [pool-264-thread-1] INFO  server.RaftServerConfigKeys (ConfUtils.java:logGet(46)) - raft.server.threadpool.server.cached = true (default)
2022-11-04 01:07:59,297 [pool-264-thread-1] INFO  server.RaftServerConfigKeys (ConfUtils.java:logGet(46)) - raft.server.threadpool.server.size = 0 (default)
2022-11-04 01:07:59,297 [pool-264-thread-1] INFO  server.RaftServerConfigKeys (ConfUtils.java:logGet(46)) - raft.server.threadpool.client.cached = true (default)
2022-11-04 01:07:59,297 [pool-264-thread-1] INFO  server.RaftServerConfigKeys (ConfUtils.java:logGet(46)) - raft.server.threadpool.client.size = 0 (default)
2022-11-04 01:07:59,297 [pool-264-thread-1] INFO  storage.RaftStorageDirectory (RaftStorageDirectoryImpl.java:analyzeStorage(137)) - The storage directory /home/runner/work/ozone/ozone/hadoop-ozone/integration-test/target/test-dir/MiniOzoneClusterImpl-e654cb93-8a46-4732-947e-f27e0a8f69eb/datanode-8/data/ratis/003b74d8-a15e-41e3-84cc-2db472fabf22 does not exist. Creating ...
2022-11-04 01:07:59,298 [pool-264-thread-1] INFO  storage.RaftStorageDirectory (RaftStorageDirectoryImpl.java:tryLock(231)) - Lock on /home/runner/work/ozone/ozone/hadoop-ozone/integration-test/target/test-dir/MiniOzoneClusterImpl-e654cb93-8a46-4732-947e-f27e0a8f69eb/datanode-8/data/ratis/003b74d8-a15e-41e3-84cc-2db472fabf22/in_use.lock acquired by nodename 14694@fv-az39-323
2022-11-04 01:07:59,299 [pool-264-thread-1] INFO  storage.RaftStorage (RaftStorageImpl.java:format(96)) - Storage directory /home/runner/work/ozone/ozone/hadoop-ozone/integration-test/target/test-dir/MiniOzoneClusterImpl-e654cb93-8a46-4732-947e-f27e0a8f69eb/datanode-8/data/ratis/003b74d8-a15e-41e3-84cc-2db472fabf22 has been successfully formatted.
2022-11-04 01:07:59,300 [pool-264-thread-1] INFO  ratis.ContainerStateMachine (ContainerStateMachine.java:loadSnapshot(236)) - group-2DB472FABF22: The snapshot info is null. Setting the last applied indexto:(t:0, i:~)
2022-11-04 01:07:59,300 [pool-264-thread-1] INFO  server.RaftServerConfigKeys (ConfUtils.java:logGet(46)) - raft.server.log.use.memory = false (default)
2022-11-04 01:07:59,300 [pool-264-thread-1] INFO  server.RaftServerConfigKeys (ConfUtils.java:logGet(46)) - raft.server.log.purge.gap = 1000000 (custom)
2022-11-04 01:07:59,301 [pool-264-thread-1] INFO  server.RaftServerConfigKeys (ConfUtils.java:logGet(46)) - raft.server.log.appender.buffer.byte-limit = 33554432 (custom)
2022-11-04 01:07:59,301 [pool-264-thread-1] INFO  server.RaftServerConfigKeys (ConfUtils.java:logGet(46)) - raft.server.log.statemachine.data.read.timeout = 1000ms (default)
2022-11-04 01:07:59,301 [pool-264-thread-1] INFO  server.RaftServerConfigKeys (ConfUtils.java:logGet(46)) - raft.server.log.purge.preservation.log.num = 0 (default)
2022-11-04 01:07:59,301 [pool-264-thread-1] INFO  server.RaftServerConfigKeys (ConfUtils.java:logGet(46)) - raft.server.log.segment.size.max = 1048576 (custom)
2022-11-04 01:07:59,301 [pool-264-thread-1] INFO  server.RaftServerConfigKeys (ConfUtils.java:logGet(46)) - raft.server.log.segment.cache.num.max = 2 (custom)
2022-11-04 01:07:59,302 [pool-264-thread-1] INFO  server.RaftServerConfigKeys (ConfUtils.java:logGet(46)) - raft.server.log.segment.cache.size.max = 200MB (=209715200) (default)
2022-11-04 01:07:59,302 [pool-264-thread-1] INFO  segmented.SegmentedRaftLogWorker (SegmentedRaftLogWorker.java:<init>(191)) - new bc4c196d-1c1a-499c-9b0d-21e75e378ad6@group-2DB472FABF22-SegmentedRaftLogWorker for RaftStorageImpl:Storage Directory /home/runner/work/ozone/ozone/hadoop-ozone/integration-test/target/test-dir/MiniOzoneClusterImpl-e654cb93-8a46-4732-947e-f27e0a8f69eb/datanode-8/data/ratis/003b74d8-a15e-41e3-84cc-2db472fabf22
2022-11-04 01:07:59,302 [pool-264-thread-1] INFO  server.RaftServerConfigKeys (ConfUtils.java:logGet(46)) - raft.server.log.queue.byte-limit = 4294967296 (custom)
2022-11-04 01:07:59,302 [pool-264-thread-1] INFO  server.RaftServerConfigKeys (ConfUtils.java:logGet(46)) - raft.server.log.queue.element-limit = 1024 (custom)
2022-11-04 01:07:59,302 [pool-264-thread-1] INFO  server.RaftServerConfigKeys (ConfUtils.java:logGet(46)) - raft.server.log.segment.size.max = 1048576 (custom)
2022-11-04 01:07:59,302 [pool-264-thread-1] INFO  server.RaftServerConfigKeys (ConfUtils.java:logGet(46)) - raft.server.log.preallocated.size = 16384 (custom)
2022-11-04 01:07:59,302 [pool-264-thread-1] INFO  server.RaftServerConfigKeys (ConfUtils.java:logGet(46)) - raft.server.log.force.sync.num = 128 (default)
2022-11-04 01:07:59,303 [pool-264-thread-1] INFO  server.RaftServerConfigKeys (ConfUtils.java:logGet(46)) - raft.server.log.statemachine.data.sync = true (default)
2022-11-04 01:07:59,303 [pool-264-thread-1] INFO  server.RaftServerConfigKeys (ConfUtils.java:logGet(46)) - raft.server.log.statemachine.data.sync.timeout = 10s (default)
2022-11-04 01:07:59,303 [pool-264-thread-1] INFO  server.RaftServerConfigKeys (ConfUtils.java:logGet(46)) - raft.server.log.statemachine.data.sync.timeout.retry = -1 (default)
2022-11-04 01:07:59,303 [pool-264-thread-1] INFO  server.RaftServerConfigKeys (ConfUtils.java:logGet(46)) - raft.server.log.write.buffer.size = 1048576 (custom)
2022-11-04 01:07:59,304 [pool-264-thread-1] INFO  server.RaftServerConfigKeys (ConfUtils.java:logGet(46)) - raft.server.log.unsafe-flush.enabled = false (default)
2022-11-04 01:07:59,304 [pool-264-thread-1] INFO  server.RaftServerConfigKeys (ConfUtils.java:logGet(46)) - raft.server.log.async-flush.enabled = false (default)
2022-11-04 01:07:59,304 [pool-264-thread-1] INFO  server.RaftServerConfigKeys (ConfUtils.java:logGet(46)) - raft.server.log.statemachine.data.caching.enabled = true (custom)
2022-11-04 01:07:59,304 [pool-264-thread-1] INFO  segmented.SegmentedRaftLogWorker (SegmentedRaftLogWorker.java:lambda$new$0(136)) - bc4c196d-1c1a-499c-9b0d-21e75e378ad6@group-2DB472FABF22-SegmentedRaftLogWorker: flushIndex: setUnconditionally 0 -> -1
2022-11-04 01:07:59,304 [pool-264-thread-1] INFO  segmented.SegmentedRaftLogWorker (SegmentedRaftLogWorker.java:lambda$new$0(136)) - bc4c196d-1c1a-499c-9b0d-21e75e378ad6@group-2DB472FABF22-SegmentedRaftLogWorker: safeCacheEvictIndex: setUnconditionally 0 -> -1
2022-11-04 01:07:59,304 [pool-264-thread-1] INFO  server.RaftServer$Division (RaftServerImpl.java:start(334)) - bc4c196d-1c1a-499c-9b0d-21e75e378ad6@group-2DB472FABF22: start as a follower, conf=-1: peers:[6480c095-e652-434b-9207-ee2ed1cf0924|rpc:10.1.0.17:36831|dataStream:|priority:0|startupRole:FOLLOWER, dc492f9b-31c5-46a5-b048-fde4f7a6d732|rpc:10.1.0.17:39685|dataStream:|priority:0|startupRole:FOLLOWER, bc4c196d-1c1a-499c-9b0d-21e75e378ad6|rpc:10.1.0.17:34491|dataStream:|priority:1|startupRole:FOLLOWER]|listeners:[], old=null
2022-11-04 01:07:59,304 [pool-264-thread-1] INFO  server.RaftServer$Division (RaftServerImpl.java:setRole(321)) - bc4c196d-1c1a-499c-9b0d-21e75e378ad6@group-2DB472FABF22: changes role from      null to FOLLOWER at term 0 for startAsFollower
2022-11-04 01:07:59,305 [pool-264-thread-1] INFO  impl.RoleInfo (RoleInfo.java:updateAndGet(139)) - bc4c196d-1c1a-499c-9b0d-21e75e378ad6: start bc4c196d-1c1a-499c-9b0d-21e75e378ad6@group-2DB472FABF22-FollowerState
2022-11-04 01:07:59,305 [pool-264-thread-1] INFO  util.JmxRegister (JmxRegister.java:tryRegister(44)) - Successfully registered JMX Bean with object name Ratis:service=RaftServer,group=group-2DB472FABF22,id=bc4c196d-1c1a-499c-9b0d-21e75e378ad6
2022-11-04 01:07:59,305 [pool-264-thread-1] INFO  server.RaftServerConfigKeys (ConfUtils.java:logGet(46)) - raft.server.snapshot.auto.trigger.enabled = true (custom)
2022-11-04 01:07:59,305 [pool-264-thread-1] INFO  server.RaftServerConfigKeys (ConfUtils.java:logGet(46)) - raft.server.snapshot.auto.trigger.threshold = 10000 (custom)
2022-11-04 01:07:59,305 [pool-264-thread-1] INFO  server.RaftServerConfigKeys (ConfUtils.java:logGet(46)) - raft.server.snapshot.retention.file.num = 5 (custom)
2022-11-04 01:07:59,305 [pool-264-thread-1] INFO  server.RaftServerConfigKeys (ConfUtils.java:logGet(46)) - raft.server.log.purge.upto.snapshot.index = false (default)
2022-11-04 01:07:59,305 [bc4c196d-1c1a-499c-9b0d-21e75e378ad6@group-2DB472FABF22-FollowerState] INFO  server.RaftServerConfigKeys (ConfUtils.java:logFallback(53)) - raft.server.rpc.first-election.timeout.min = 5s (fallback to raft.server.rpc.timeout.min)
2022-11-04 01:07:59,309 [bc4c196d-1c1a-499c-9b0d-21e75e378ad6@group-2DB472FABF22-FollowerState] INFO  server.RaftServerConfigKeys (ConfUtils.java:logFallback(53)) - raft.server.rpc.first-election.timeout.max = 5200ms (fallback to raft.server.rpc.timeout.max)
2022-11-04 01:07:59,313 [Command processor thread] INFO  commandhandler.CreatePipelineCommandHandler (CreatePipelineCommandHandler.java:handle(113)) - Created Pipeline RATIS THREE PipelineID=003b74d8-a15e-41e3-84cc-2db472fabf22.
2022-11-04 01:07:59,425 [Command processor thread] INFO  server.RaftServer (RaftServerProxy.java:addNew(96)) - 6480c095-e652-434b-9207-ee2ed1cf0924: addNew group-A6AFB49F8724:[6480c095-e652-434b-9207-ee2ed1cf0924|rpc:10.1.0.17:36831|priority:1|startupRole:FOLLOWER] returns group-A6AFB49F8724:java.util.concurrent.CompletableFuture@2c3bd46b[Not completed]
2022-11-04 01:07:59,426 [pool-237-thread-1] INFO  server.RaftServer$Division (RaftServerImpl.java:<init>(195)) - 6480c095-e652-434b-9207-ee2ed1cf0924: new RaftServerImpl for group-A6AFB49F8724:[6480c095-e652-434b-9207-ee2ed1cf0924|rpc:10.1.0.17:36831|priority:1|startupRole:FOLLOWER] with ContainerStateMachine:uninitialized
2022-11-04 01:07:59,426 [pool-237-thread-1] INFO  server.RaftServerConfigKeys (ConfUtils.java:logGet(46)) - raft.server.rpc.timeout.min = 5s (custom)
2022-11-04 01:07:59,426 [pool-237-thread-1] INFO  server.RaftServerConfigKeys (ConfUtils.java:logGet(46)) - raft.server.rpc.timeout.max = 5200ms (custom)
2022-11-04 01:07:59,426 [pool-237-thread-1] INFO  server.RaftServerConfigKeys (ConfUtils.java:logGet(46)) - raft.server.rpc.sleep.time = 25ms (default)
2022-11-04 01:07:59,426 [pool-237-thread-1] INFO  server.RaftServerConfigKeys (ConfUtils.java:logGet(46)) - raft.server.rpc.slowness.timeout = 300s (custom)
2022-11-04 01:07:59,426 [pool-237-thread-1] INFO  server.RaftServerConfigKeys (ConfUtils.java:logGet(46)) - raft.server.leaderelection.leader.step-down.wait-time = 10s (default)
2022-11-04 01:07:59,426 [pool-237-thread-1] INFO  server.RaftServerConfigKeys (ConfUtils.java:logGet(46)) - raft.server.sleep.deviation.threshold = 300ms (default)
2022-11-04 01:07:59,426 [pool-237-thread-1] INFO  server.RaftServer$Division (ServerState.java:<init>(118)) - 6480c095-e652-434b-9207-ee2ed1cf0924@group-A6AFB49F8724: ConfigurationManager, init=-1: peers:[6480c095-e652-434b-9207-ee2ed1cf0924|rpc:10.1.0.17:36831|priority:1|startupRole:FOLLOWER]|listeners:[], old=null, confs=<EMPTY_MAP>
2022-11-04 01:07:59,426 [pool-237-thread-1] INFO  server.RaftServerConfigKeys (ConfUtils.java:logGet(46)) - raft.server.storage.dir = [/home/runner/work/ozone/ozone/hadoop-ozone/integration-test/target/test-dir/MiniOzoneClusterImpl-e654cb93-8a46-4732-947e-f27e0a8f69eb/datanode-7/data/ratis] (custom)
2022-11-04 01:07:59,427 [pool-237-thread-1] INFO  server.RaftServerConfigKeys (ConfUtils.java:logGet(46)) - raft.server.log.corruption.policy = EXCEPTION (default)
2022-11-04 01:07:59,427 [pool-237-thread-1] INFO  server.RaftServerConfigKeys (ConfUtils.java:logGet(46)) - raft.server.storage.free-space.min = 0MB (=0) (default)
2022-11-04 01:07:59,427 [pool-237-thread-1] INFO  server.RaftServerConfigKeys (ConfUtils.java:logGet(46)) - raft.server.notification.no-leader.timeout = 300s (custom)
2022-11-04 01:07:59,427 [pool-237-thread-1] INFO  server.RaftServerConfigKeys (ConfUtils.java:logGet(46)) - raft.server.retrycache.expirytime = 600000ms (custom)
2022-11-04 01:07:59,427 [pool-237-thread-1] INFO  server.RaftServerConfigKeys (ConfUtils.java:logGet(46)) - raft.server.retrycache.statistics.expirytime = 100μs (default)
2022-11-04 01:07:59,428 [pool-237-thread-1] INFO  server.RaftServerConfigKeys (ConfUtils.java:logGet(46)) - raft.server.log.appender.install.snapshot.enabled = false (custom)
2022-11-04 01:07:59,428 [pool-237-thread-1] INFO  server.RaftServerConfigKeys (ConfUtils.java:logGet(46)) - raft.server.threadpool.server.cached = true (default)
2022-11-04 01:07:59,428 [pool-237-thread-1] INFO  server.RaftServerConfigKeys (ConfUtils.java:logGet(46)) - raft.server.threadpool.server.size = 0 (default)
2022-11-04 01:07:59,428 [pool-237-thread-1] INFO  server.RaftServerConfigKeys (ConfUtils.java:logGet(46)) - raft.server.threadpool.client.cached = true (default)
2022-11-04 01:07:59,428 [pool-237-thread-1] INFO  server.RaftServerConfigKeys (ConfUtils.java:logGet(46)) - raft.server.threadpool.client.size = 0 (default)
2022-11-04 01:07:59,428 [pool-237-thread-1] INFO  storage.RaftStorageDirectory (RaftStorageDirectoryImpl.java:analyzeStorage(137)) - The storage directory /home/runner/work/ozone/ozone/hadoop-ozone/integration-test/target/test-dir/MiniOzoneClusterImpl-e654cb93-8a46-4732-947e-f27e0a8f69eb/datanode-7/data/ratis/af5beeaa-40c1-4510-82fb-a6afb49f8724 does not exist. Creating ...
2022-11-04 01:07:59,429 [pool-237-thread-1] INFO  storage.RaftStorageDirectory (RaftStorageDirectoryImpl.java:tryLock(231)) - Lock on /home/runner/work/ozone/ozone/hadoop-ozone/integration-test/target/test-dir/MiniOzoneClusterImpl-e654cb93-8a46-4732-947e-f27e0a8f69eb/datanode-7/data/ratis/af5beeaa-40c1-4510-82fb-a6afb49f8724/in_use.lock acquired by nodename 14694@fv-az39-323
2022-11-04 01:07:59,430 [pool-237-thread-1] INFO  storage.RaftStorage (RaftStorageImpl.java:format(96)) - Storage directory /home/runner/work/ozone/ozone/hadoop-ozone/integration-test/target/test-dir/MiniOzoneClusterImpl-e654cb93-8a46-4732-947e-f27e0a8f69eb/datanode-7/data/ratis/af5beeaa-40c1-4510-82fb-a6afb49f8724 has been successfully formatted.
2022-11-04 01:07:59,430 [pool-237-thread-1] INFO  ratis.ContainerStateMachine (ContainerStateMachine.java:loadSnapshot(236)) - group-A6AFB49F8724: The snapshot info is null. Setting the last applied indexto:(t:0, i:~)
2022-11-04 01:07:59,430 [pool-237-thread-1] INFO  server.RaftServerConfigKeys (ConfUtils.java:logGet(46)) - raft.server.log.use.memory = false (default)
2022-11-04 01:07:59,430 [pool-237-thread-1] INFO  server.RaftServerConfigKeys (ConfUtils.java:logGet(46)) - raft.server.log.purge.gap = 1000000 (custom)
2022-11-04 01:07:59,431 [pool-237-thread-1] INFO  server.RaftServerConfigKeys (ConfUtils.java:logGet(46)) - raft.server.log.appender.buffer.byte-limit = 33554432 (custom)
2022-11-04 01:07:59,431 [pool-237-thread-1] INFO  server.RaftServerConfigKeys (ConfUtils.java:logGet(46)) - raft.server.log.statemachine.data.read.timeout = 1000ms (default)
2022-11-04 01:07:59,431 [pool-237-thread-1] INFO  server.RaftServerConfigKeys (ConfUtils.java:logGet(46)) - raft.server.log.purge.preservation.log.num = 0 (default)
2022-11-04 01:07:59,431 [pool-237-thread-1] INFO  server.RaftServerConfigKeys (ConfUtils.java:logGet(46)) - raft.server.log.segment.size.max = 1048576 (custom)
2022-11-04 01:07:59,431 [pool-237-thread-1] INFO  server.RaftServerConfigKeys (ConfUtils.java:logGet(46)) - raft.server.log.segment.cache.num.max = 2 (custom)
2022-11-04 01:07:59,431 [pool-237-thread-1] INFO  server.RaftServerConfigKeys (ConfUtils.java:logGet(46)) - raft.server.log.segment.cache.size.max = 200MB (=209715200) (default)
2022-11-04 01:07:59,431 [pool-237-thread-1] INFO  segmented.SegmentedRaftLogWorker (SegmentedRaftLogWorker.java:<init>(191)) - new 6480c095-e652-434b-9207-ee2ed1cf0924@group-A6AFB49F8724-SegmentedRaftLogWorker for RaftStorageImpl:Storage Directory /home/runner/work/ozone/ozone/hadoop-ozone/integration-test/target/test-dir/MiniOzoneClusterImpl-e654cb93-8a46-4732-947e-f27e0a8f69eb/datanode-7/data/ratis/af5beeaa-40c1-4510-82fb-a6afb49f8724
2022-11-04 01:07:59,431 [pool-237-thread-1] INFO  server.RaftServerConfigKeys (ConfUtils.java:logGet(46)) - raft.server.log.queue.byte-limit = 4294967296 (custom)
2022-11-04 01:07:59,431 [pool-237-thread-1] INFO  server.RaftServerConfigKeys (ConfUtils.java:logGet(46)) - raft.server.log.queue.element-limit = 1024 (custom)
2022-11-04 01:07:59,431 [pool-237-thread-1] INFO  server.RaftServerConfigKeys (ConfUtils.java:logGet(46)) - raft.server.log.segment.size.max = 1048576 (custom)
2022-11-04 01:07:59,431 [pool-237-thread-1] INFO  server.RaftServerConfigKeys (ConfUtils.java:logGet(46)) - raft.server.log.preallocated.size = 16384 (custom)
2022-11-04 01:07:59,431 [pool-237-thread-1] INFO  server.RaftServerConfigKeys (ConfUtils.java:logGet(46)) - raft.server.log.force.sync.num = 128 (default)
2022-11-04 01:07:59,431 [pool-237-thread-1] INFO  server.RaftServerConfigKeys (ConfUtils.java:logGet(46)) - raft.server.log.statemachine.data.sync = true (default)
2022-11-04 01:07:59,432 [pool-237-thread-1] INFO  server.RaftServerConfigKeys (ConfUtils.java:logGet(46)) - raft.server.log.statemachine.data.sync.timeout = 10s (default)
2022-11-04 01:07:59,432 [pool-237-thread-1] INFO  server.RaftServerConfigKeys (ConfUtils.java:logGet(46)) - raft.server.log.statemachine.data.sync.timeout.retry = -1 (default)
2022-11-04 01:07:59,432 [EventQueue-PipelineReportForPipelineReportHandler] INFO  pipeline.PipelineManagerImpl (PipelineManagerImpl.java:openPipeline(367)) - Pipeline Pipeline[ Id: af5beeaa-40c1-4510-82fb-a6afb49f8724, Nodes: 6480c095-e652-434b-9207-ee2ed1cf0924{ip: 10.1.0.17, host: fv-az39-323.yumyzuo2tp0ejekjjwodrrku4b.bx.internal.cloudapp.net, ports: [REPLICATION=37999, RATIS=36831, RATIS_ADMIN=36831, RATIS_SERVER=36831, STANDALONE=37991], networkLocation: /default-rack, certSerialId: null, persistedOpState: IN_SERVICE, persistedOpStateExpiryEpochSec: 0}, ReplicationConfig: RATIS/ONE, State:ALLOCATED, leaderId:6480c095-e652-434b-9207-ee2ed1cf0924, CreationTimestamp2022-11-04T01:07:56.429Z[Etc/UTC]] moved to OPEN state
2022-11-04 01:07:59,432 [pool-237-thread-1] INFO  server.RaftServerConfigKeys (ConfUtils.java:logGet(46)) - raft.server.log.write.buffer.size = 1048576 (custom)
2022-11-04 01:07:59,432 [EventQueue-OpenPipelineForHealthyPipelineSafeModeRule] INFO  safemode.SCMSafeModeManager (HealthyPipelineSafeModeRule.java:process(137)) - SCM in safe mode. Healthy pipelines reported count is 0, required healthy pipeline reported count is 1
2022-11-04 01:07:59,433 [pool-237-thread-1] INFO  server.RaftServerConfigKeys (ConfUtils.java:logGet(46)) - raft.server.log.unsafe-flush.enabled = false (default)
2022-11-04 01:07:59,433 [pool-237-thread-1] INFO  server.RaftServerConfigKeys (ConfUtils.java:logGet(46)) - raft.server.log.async-flush.enabled = false (default)
2022-11-04 01:07:59,433 [pool-237-thread-1] INFO  server.RaftServerConfigKeys (ConfUtils.java:logGet(46)) - raft.server.log.statemachine.data.caching.enabled = true (custom)
2022-11-04 01:07:59,433 [pool-237-thread-1] INFO  segmented.SegmentedRaftLogWorker (SegmentedRaftLogWorker.java:lambda$new$0(136)) - 6480c095-e652-434b-9207-ee2ed1cf0924@group-A6AFB49F8724-SegmentedRaftLogWorker: flushIndex: setUnconditionally 0 -> -1
2022-11-04 01:07:59,433 [pool-237-thread-1] INFO  segmented.SegmentedRaftLogWorker (SegmentedRaftLogWorker.java:lambda$new$0(136)) - 6480c095-e652-434b-9207-ee2ed1cf0924@group-A6AFB49F8724-SegmentedRaftLogWorker: safeCacheEvictIndex: setUnconditionally 0 -> -1
2022-11-04 01:07:59,433 [pool-237-thread-1] INFO  server.RaftServer$Division (RaftServerImpl.java:start(334)) - 6480c095-e652-434b-9207-ee2ed1cf0924@group-A6AFB49F8724: start as a follower, conf=-1: peers:[6480c095-e652-434b-9207-ee2ed1cf0924|rpc:10.1.0.17:36831|priority:1|startupRole:FOLLOWER]|listeners:[], old=null
2022-11-04 01:07:59,433 [pool-237-thread-1] INFO  server.RaftServer$Division (RaftServerImpl.java:setRole(321)) - 6480c095-e652-434b-9207-ee2ed1cf0924@group-A6AFB49F8724: changes role from      null to FOLLOWER at term 0 for startAsFollower
2022-11-04 01:07:59,433 [pool-237-thread-1] INFO  impl.RoleInfo (RoleInfo.java:updateAndGet(139)) - 6480c095-e652-434b-9207-ee2ed1cf0924: start 6480c095-e652-434b-9207-ee2ed1cf0924@group-A6AFB49F8724-FollowerState
2022-11-04 01:07:59,441 [pool-237-thread-1] INFO  util.JmxRegister (JmxRegister.java:tryRegister(44)) - Successfully registered JMX Bean with object name Ratis:service=RaftServer,group=group-A6AFB49F8724,id=6480c095-e652-434b-9207-ee2ed1cf0924
2022-11-04 01:07:59,441 [6480c095-e652-434b-9207-ee2ed1cf0924@group-A6AFB49F8724-FollowerState] INFO  server.RaftServerConfigKeys (ConfUtils.java:logFallback(53)) - raft.server.rpc.first-election.timeout.min = 5s (fallback to raft.server.rpc.timeout.min)
2022-11-04 01:07:59,441 [pool-237-thread-1] INFO  server.RaftServerConfigKeys (ConfUtils.java:logGet(46)) - raft.server.snapshot.auto.trigger.enabled = true (custom)
2022-11-04 01:07:59,441 [6480c095-e652-434b-9207-ee2ed1cf0924@group-A6AFB49F8724-FollowerState] INFO  server.RaftServerConfigKeys (ConfUtils.java:logFallback(53)) - raft.server.rpc.first-election.timeout.max = 5200ms (fallback to raft.server.rpc.timeout.max)
2022-11-04 01:07:59,441 [pool-237-thread-1] INFO  server.RaftServerConfigKeys (ConfUtils.java:logGet(46)) - raft.server.snapshot.auto.trigger.threshold = 10000 (custom)
2022-11-04 01:07:59,441 [pool-237-thread-1] INFO  server.RaftServerConfigKeys (ConfUtils.java:logGet(46)) - raft.server.snapshot.retention.file.num = 5 (custom)
2022-11-04 01:07:59,441 [pool-237-thread-1] INFO  server.RaftServerConfigKeys (ConfUtils.java:logGet(46)) - raft.server.log.purge.upto.snapshot.index = false (default)
2022-11-04 01:07:59,442 [Command processor thread] INFO  ratis.XceiverServerRatis (XceiverServerRatis.java:addGroup(765)) - Created group PipelineID=af5beeaa-40c1-4510-82fb-a6afb49f8724
2022-11-04 01:07:59,442 [Command processor thread] INFO  commandhandler.CreatePipelineCommandHandler (CreatePipelineCommandHandler.java:handle(113)) - Created Pipeline RATIS ONE PipelineID=af5beeaa-40c1-4510-82fb-a6afb49f8724.
2022-11-04 01:07:59,761 [Command processor thread] INFO  server.RaftServer (RaftServerProxy.java:addNew(96)) - bc4c196d-1c1a-499c-9b0d-21e75e378ad6: addNew group-9729C48E5B88:[bc4c196d-1c1a-499c-9b0d-21e75e378ad6|rpc:10.1.0.17:34491|priority:1|startupRole:FOLLOWER] returns group-9729C48E5B88:java.util.concurrent.CompletableFuture@1e9ccd06[Not completed]
2022-11-04 01:07:59,762 [pool-264-thread-1] INFO  server.RaftServer$Division (RaftServerImpl.java:<init>(195)) - bc4c196d-1c1a-499c-9b0d-21e75e378ad6: new RaftServerImpl for group-9729C48E5B88:[bc4c196d-1c1a-499c-9b0d-21e75e378ad6|rpc:10.1.0.17:34491|priority:1|startupRole:FOLLOWER] with ContainerStateMachine:uninitialized
2022-11-04 01:07:59,762 [pool-264-thread-1] INFO  server.RaftServerConfigKeys (ConfUtils.java:logGet(46)) - raft.server.rpc.timeout.min = 5s (custom)
2022-11-04 01:07:59,762 [pool-264-thread-1] INFO  server.RaftServerConfigKeys (ConfUtils.java:logGet(46)) - raft.server.rpc.timeout.max = 5200ms (custom)
2022-11-04 01:07:59,762 [pool-264-thread-1] INFO  server.RaftServerConfigKeys (ConfUtils.java:logGet(46)) - raft.server.rpc.sleep.time = 25ms (default)
2022-11-04 01:07:59,762 [pool-264-thread-1] INFO  server.RaftServerConfigKeys (ConfUtils.java:logGet(46)) - raft.server.rpc.slowness.timeout = 300s (custom)
2022-11-04 01:07:59,762 [pool-264-thread-1] INFO  server.RaftServerConfigKeys (ConfUtils.java:logGet(46)) - raft.server.leaderelection.leader.step-down.wait-time = 10s (default)
2022-11-04 01:07:59,762 [pool-264-thread-1] INFO  server.RaftServerConfigKeys (ConfUtils.java:logGet(46)) - raft.server.sleep.deviation.threshold = 300ms (default)
2022-11-04 01:07:59,762 [pool-264-thread-1] INFO  server.RaftServer$Division (ServerState.java:<init>(118)) - bc4c196d-1c1a-499c-9b0d-21e75e378ad6@group-9729C48E5B88: ConfigurationManager, init=-1: peers:[bc4c196d-1c1a-499c-9b0d-21e75e378ad6|rpc:10.1.0.17:34491|priority:1|startupRole:FOLLOWER]|listeners:[], old=null, confs=<EMPTY_MAP>
2022-11-04 01:07:59,762 [pool-264-thread-1] INFO  server.RaftServerConfigKeys (ConfUtils.java:logGet(46)) - raft.server.storage.dir = [/home/runner/work/ozone/ozone/hadoop-ozone/integration-test/target/test-dir/MiniOzoneClusterImpl-e654cb93-8a46-4732-947e-f27e0a8f69eb/datanode-8/data/ratis] (custom)
2022-11-04 01:07:59,762 [pool-264-thread-1] INFO  server.RaftServerConfigKeys (ConfUtils.java:logGet(46)) - raft.server.log.corruption.policy = EXCEPTION (default)
2022-11-04 01:07:59,762 [pool-264-thread-1] INFO  server.RaftServerConfigKeys (ConfUtils.java:logGet(46)) - raft.server.storage.free-space.min = 0MB (=0) (default)
2022-11-04 01:07:59,762 [pool-264-thread-1] INFO  server.RaftServerConfigKeys (ConfUtils.java:logGet(46)) - raft.server.notification.no-leader.timeout = 300s (custom)
2022-11-04 01:07:59,763 [pool-264-thread-1] INFO  server.RaftServerConfigKeys (ConfUtils.java:logGet(46)) - raft.server.retrycache.expirytime = 600000ms (custom)
2022-11-04 01:07:59,763 [pool-264-thread-1] INFO  server.RaftServerConfigKeys (ConfUtils.java:logGet(46)) - raft.server.retrycache.statistics.expirytime = 100μs (default)
2022-11-04 01:07:59,764 [pool-264-thread-1] INFO  server.RaftServerConfigKeys (ConfUtils.java:logGet(46)) - raft.server.log.appender.install.snapshot.enabled = false (custom)
2022-11-04 01:07:59,764 [pool-264-thread-1] INFO  server.RaftServerConfigKeys (ConfUtils.java:logGet(46)) - raft.server.threadpool.server.cached = true (default)
2022-11-04 01:07:59,764 [pool-264-thread-1] INFO  server.RaftServerConfigKeys (ConfUtils.java:logGet(46)) - raft.server.threadpool.server.size = 0 (default)
2022-11-04 01:07:59,764 [pool-264-thread-1] INFO  server.RaftServerConfigKeys (ConfUtils.java:logGet(46)) - raft.server.threadpool.client.cached = true (default)
2022-11-04 01:07:59,764 [pool-264-thread-1] INFO  server.RaftServerConfigKeys (ConfUtils.java:logGet(46)) - raft.server.threadpool.client.size = 0 (default)
2022-11-04 01:07:59,764 [pool-264-thread-1] INFO  storage.RaftStorageDirectory (RaftStorageDirectoryImpl.java:analyzeStorage(137)) - The storage directory /home/runner/work/ozone/ozone/hadoop-ozone/integration-test/target/test-dir/MiniOzoneClusterImpl-e654cb93-8a46-4732-947e-f27e0a8f69eb/datanode-8/data/ratis/9452d973-b83a-4255-ab5b-9729c48e5b88 does not exist. Creating ...
2022-11-04 01:07:59,765 [pool-264-thread-1] INFO  storage.RaftStorageDirectory (RaftStorageDirectoryImpl.java:tryLock(231)) - Lock on /home/runner/work/ozone/ozone/hadoop-ozone/integration-test/target/test-dir/MiniOzoneClusterImpl-e654cb93-8a46-4732-947e-f27e0a8f69eb/datanode-8/data/ratis/9452d973-b83a-4255-ab5b-9729c48e5b88/in_use.lock acquired by nodename 14694@fv-az39-323
2022-11-04 01:07:59,766 [pool-264-thread-1] INFO  storage.RaftStorage (RaftStorageImpl.java:format(96)) - Storage directory /home/runner/work/ozone/ozone/hadoop-ozone/integration-test/target/test-dir/MiniOzoneClusterImpl-e654cb93-8a46-4732-947e-f27e0a8f69eb/datanode-8/data/ratis/9452d973-b83a-4255-ab5b-9729c48e5b88 has been successfully formatted.
2022-11-04 01:07:59,767 [pool-264-thread-1] INFO  ratis.ContainerStateMachine (ContainerStateMachine.java:loadSnapshot(236)) - group-9729C48E5B88: The snapshot info is null. Setting the last applied indexto:(t:0, i:~)
2022-11-04 01:07:59,767 [pool-264-thread-1] INFO  server.RaftServerConfigKeys (ConfUtils.java:logGet(46)) - raft.server.log.use.memory = false (default)
2022-11-04 01:07:59,767 [pool-264-thread-1] INFO  server.RaftServerConfigKeys (ConfUtils.java:logGet(46)) - raft.server.log.purge.gap = 1000000 (custom)
2022-11-04 01:07:59,767 [pool-264-thread-1] INFO  server.RaftServerConfigKeys (ConfUtils.java:logGet(46)) - raft.server.log.appender.buffer.byte-limit = 33554432 (custom)
2022-11-04 01:07:59,767 [pool-264-thread-1] INFO  server.RaftServerConfigKeys (ConfUtils.java:logGet(46)) - raft.server.log.statemachine.data.read.timeout = 1000ms (default)
2022-11-04 01:07:59,767 [pool-264-thread-1] INFO  server.RaftServerConfigKeys (ConfUtils.java:logGet(46)) - raft.server.log.purge.preservation.log.num = 0 (default)
2022-11-04 01:07:59,767 [pool-264-thread-1] INFO  server.RaftServerConfigKeys (ConfUtils.java:logGet(46)) - raft.server.log.segment.size.max = 1048576 (custom)
2022-11-04 01:07:59,768 [EventQueue-PipelineReportForPipelineReportHandler] INFO  pipeline.PipelineManagerImpl (PipelineManagerImpl.java:openPipeline(367)) - Pipeline Pipeline[ Id: 9452d973-b83a-4255-ab5b-9729c48e5b88, Nodes: bc4c196d-1c1a-499c-9b0d-21e75e378ad6{ip: 10.1.0.17, host: fv-az39-323.yumyzuo2tp0ejekjjwodrrku4b.bx.internal.cloudapp.net, ports: [REPLICATION=38243, RATIS=34491, RATIS_ADMIN=34491, RATIS_SERVER=34491, STANDALONE=43559], networkLocation: /default-rack, certSerialId: null, persistedOpState: IN_SERVICE, persistedOpStateExpiryEpochSec: 0}, ReplicationConfig: RATIS/ONE, State:ALLOCATED, leaderId:bc4c196d-1c1a-499c-9b0d-21e75e378ad6, CreationTimestamp2022-11-04T01:07:56.765Z[Etc/UTC]] moved to OPEN state
2022-11-04 01:07:59,769 [EventQueue-OpenPipelineForHealthyPipelineSafeModeRule] INFO  safemode.SCMSafeModeManager (HealthyPipelineSafeModeRule.java:process(137)) - SCM in safe mode. Healthy pipelines reported count is 0, required healthy pipeline reported count is 1
2022-11-04 01:07:59,769 [pool-264-thread-1] INFO  server.RaftServerConfigKeys (ConfUtils.java:logGet(46)) - raft.server.log.segment.cache.num.max = 2 (custom)
2022-11-04 01:07:59,769 [pool-264-thread-1] INFO  server.RaftServerConfigKeys (ConfUtils.java:logGet(46)) - raft.server.log.segment.cache.size.max = 200MB (=209715200) (default)
2022-11-04 01:07:59,769 [pool-264-thread-1] INFO  segmented.SegmentedRaftLogWorker (SegmentedRaftLogWorker.java:<init>(191)) - new bc4c196d-1c1a-499c-9b0d-21e75e378ad6@group-9729C48E5B88-SegmentedRaftLogWorker for RaftStorageImpl:Storage Directory /home/runner/work/ozone/ozone/hadoop-ozone/integration-test/target/test-dir/MiniOzoneClusterImpl-e654cb93-8a46-4732-947e-f27e0a8f69eb/datanode-8/data/ratis/9452d973-b83a-4255-ab5b-9729c48e5b88
2022-11-04 01:07:59,769 [pool-264-thread-1] INFO  server.RaftServerConfigKeys (ConfUtils.java:logGet(46)) - raft.server.log.queue.byte-limit = 4294967296 (custom)
2022-11-04 01:07:59,769 [pool-264-thread-1] INFO  server.RaftServerConfigKeys (ConfUtils.java:logGet(46)) - raft.server.log.queue.element-limit = 1024 (custom)
2022-11-04 01:07:59,769 [pool-264-thread-1] INFO  server.RaftServerConfigKeys (ConfUtils.java:logGet(46)) - raft.server.log.segment.size.max = 1048576 (custom)
2022-11-04 01:07:59,769 [pool-264-thread-1] INFO  server.RaftServerConfigKeys (ConfUtils.java:logGet(46)) - raft.server.log.preallocated.size = 16384 (custom)
2022-11-04 01:07:59,769 [pool-264-thread-1] INFO  server.RaftServerConfigKeys (ConfUtils.java:logGet(46)) - raft.server.log.force.sync.num = 128 (default)
2022-11-04 01:07:59,769 [pool-264-thread-1] INFO  server.RaftServerConfigKeys (ConfUtils.java:logGet(46)) - raft.server.log.statemachine.data.sync = true (default)
2022-11-04 01:07:59,769 [pool-264-thread-1] INFO  server.RaftServerConfigKeys (ConfUtils.java:logGet(46)) - raft.server.log.statemachine.data.sync.timeout = 10s (default)
2022-11-04 01:07:59,769 [pool-264-thread-1] INFO  server.RaftServerConfigKeys (ConfUtils.java:logGet(46)) - raft.server.log.statemachine.data.sync.timeout.retry = -1 (default)
2022-11-04 01:07:59,770 [pool-264-thread-1] INFO  server.RaftServerConfigKeys (ConfUtils.java:logGet(46)) - raft.server.log.write.buffer.size = 1048576 (custom)
2022-11-04 01:07:59,771 [pool-264-thread-1] INFO  server.RaftServerConfigKeys (ConfUtils.java:logGet(46)) - raft.server.log.unsafe-flush.enabled = false (default)
2022-11-04 01:07:59,771 [pool-264-thread-1] INFO  server.RaftServerConfigKeys (ConfUtils.java:logGet(46)) - raft.server.log.async-flush.enabled = false (default)
2022-11-04 01:07:59,771 [pool-264-thread-1] INFO  server.RaftServerConfigKeys (ConfUtils.java:logGet(46)) - raft.server.log.statemachine.data.caching.enabled = true (custom)
2022-11-04 01:07:59,771 [pool-264-thread-1] INFO  segmented.SegmentedRaftLogWorker (SegmentedRaftLogWorker.java:lambda$new$0(136)) - bc4c196d-1c1a-499c-9b0d-21e75e378ad6@group-9729C48E5B88-SegmentedRaftLogWorker: flushIndex: setUnconditionally 0 -> -1
2022-11-04 01:07:59,771 [pool-264-thread-1] INFO  segmented.SegmentedRaftLogWorker (SegmentedRaftLogWorker.java:lambda$new$0(136)) - bc4c196d-1c1a-499c-9b0d-21e75e378ad6@group-9729C48E5B88-SegmentedRaftLogWorker: safeCacheEvictIndex: setUnconditionally 0 -> -1
2022-11-04 01:07:59,776 [pool-264-thread-1] INFO  server.RaftServer$Division (RaftServerImpl.java:start(334)) - bc4c196d-1c1a-499c-9b0d-21e75e378ad6@group-9729C48E5B88: start as a follower, conf=-1: peers:[bc4c196d-1c1a-499c-9b0d-21e75e378ad6|rpc:10.1.0.17:34491|priority:1|startupRole:FOLLOWER]|listeners:[], old=null
2022-11-04 01:07:59,776 [pool-264-thread-1] INFO  server.RaftServer$Division (RaftServerImpl.java:setRole(321)) - bc4c196d-1c1a-499c-9b0d-21e75e378ad6@group-9729C48E5B88: changes role from      null to FOLLOWER at term 0 for startAsFollower
2022-11-04 01:07:59,776 [pool-264-thread-1] INFO  impl.RoleInfo (RoleInfo.java:updateAndGet(139)) - bc4c196d-1c1a-499c-9b0d-21e75e378ad6: start bc4c196d-1c1a-499c-9b0d-21e75e378ad6@group-9729C48E5B88-FollowerState
2022-11-04 01:07:59,782 [pool-264-thread-1] INFO  util.JmxRegister (JmxRegister.java:tryRegister(44)) - Successfully registered JMX Bean with object name Ratis:service=RaftServer,group=group-9729C48E5B88,id=bc4c196d-1c1a-499c-9b0d-21e75e378ad6
2022-11-04 01:07:59,782 [pool-264-thread-1] INFO  server.RaftServerConfigKeys (ConfUtils.java:logGet(46)) - raft.server.snapshot.auto.trigger.enabled = true (custom)
2022-11-04 01:07:59,782 [pool-264-thread-1] INFO  server.RaftServerConfigKeys (ConfUtils.java:logGet(46)) - raft.server.snapshot.auto.trigger.threshold = 10000 (custom)
2022-11-04 01:07:59,782 [pool-264-thread-1] INFO  server.RaftServerConfigKeys (ConfUtils.java:logGet(46)) - raft.server.snapshot.retention.file.num = 5 (custom)
2022-11-04 01:07:59,782 [pool-264-thread-1] INFO  server.RaftServerConfigKeys (ConfUtils.java:logGet(46)) - raft.server.log.purge.upto.snapshot.index = false (default)
2022-11-04 01:07:59,783 [bc4c196d-1c1a-499c-9b0d-21e75e378ad6@group-9729C48E5B88-FollowerState] INFO  server.RaftServerConfigKeys (ConfUtils.java:logFallback(53)) - raft.server.rpc.first-election.timeout.min = 5s (fallback to raft.server.rpc.timeout.min)
2022-11-04 01:07:59,783 [bc4c196d-1c1a-499c-9b0d-21e75e378ad6@group-9729C48E5B88-FollowerState] INFO  server.RaftServerConfigKeys (ConfUtils.java:logFallback(53)) - raft.server.rpc.first-election.timeout.max = 5200ms (fallback to raft.server.rpc.timeout.max)
2022-11-04 01:07:59,783 [Command processor thread] INFO  ratis.XceiverServerRatis (XceiverServerRatis.java:addGroup(765)) - Created group PipelineID=9452d973-b83a-4255-ab5b-9729c48e5b88
2022-11-04 01:07:59,783 [Command processor thread] INFO  commandhandler.CreatePipelineCommandHandler (CreatePipelineCommandHandler.java:handle(113)) - Created Pipeline RATIS ONE PipelineID=9452d973-b83a-4255-ab5b-9729c48e5b88.
2022-11-04 01:08:00,098 [Listener at 127.0.0.1/40125] INFO  ozone.MiniOzoneClusterImpl (MiniOzoneClusterImpl.java:lambda$waitForClusterToBeReady$0(216)) - Nodes are ready. Got 10 of 10 DN Heartbeats.
2022-11-04 01:08:00,099 [Listener at 127.0.0.1/40125] INFO  ozone.MiniOzoneClusterImpl (MiniOzoneClusterImpl.java:lambda$waitForClusterToBeReady$0(219)) - Waiting for cluster to exit safe mode
2022-11-04 01:08:00,099 [Listener at 127.0.0.1/40125] INFO  ozone.MiniOzoneClusterImpl (MiniOzoneClusterImpl.java:lambda$waitForClusterToBeReady$0(221)) - SCM became leader
2022-11-04 01:08:00,109 [Command processor thread] INFO  server.RaftServer (RaftServerProxy.java:addNew(96)) - 9b302da2-2c09-4610-b1b5-c4dbcc9298e9: addNew group-AA1973943C79:[9b302da2-2c09-4610-b1b5-c4dbcc9298e9|rpc:10.1.0.17:35385|priority:1|startupRole:FOLLOWER] returns group-AA1973943C79:java.util.concurrent.CompletableFuture@3c70afe[Not completed]
2022-11-04 01:08:00,111 [pool-291-thread-1] INFO  server.RaftServer$Division (RaftServerImpl.java:<init>(195)) - 9b302da2-2c09-4610-b1b5-c4dbcc9298e9: new RaftServerImpl for group-AA1973943C79:[9b302da2-2c09-4610-b1b5-c4dbcc9298e9|rpc:10.1.0.17:35385|priority:1|startupRole:FOLLOWER] with ContainerStateMachine:uninitialized
2022-11-04 01:08:00,111 [pool-291-thread-1] INFO  server.RaftServerConfigKeys (ConfUtils.java:logGet(46)) - raft.server.rpc.timeout.min = 5s (custom)
2022-11-04 01:08:00,111 [pool-291-thread-1] INFO  server.RaftServerConfigKeys (ConfUtils.java:logGet(46)) - raft.server.rpc.timeout.max = 5200ms (custom)
2022-11-04 01:08:00,111 [pool-291-thread-1] INFO  server.RaftServerConfigKeys (ConfUtils.java:logGet(46)) - raft.server.rpc.sleep.time = 25ms (default)
2022-11-04 01:08:00,111 [pool-291-thread-1] INFO  server.RaftServerConfigKeys (ConfUtils.java:logGet(46)) - raft.server.rpc.slowness.timeout = 300s (custom)
2022-11-04 01:08:00,111 [pool-291-thread-1] INFO  server.RaftServerConfigKeys (ConfUtils.java:logGet(46)) - raft.server.leaderelection.leader.step-down.wait-time = 10s (default)
2022-11-04 01:08:00,111 [pool-291-thread-1] INFO  server.RaftServerConfigKeys (ConfUtils.java:logGet(46)) - raft.server.sleep.deviation.threshold = 300ms (default)
2022-11-04 01:08:00,112 [pool-291-thread-1] INFO  server.RaftServer$Division (ServerState.java:<init>(118)) - 9b302da2-2c09-4610-b1b5-c4dbcc9298e9@group-AA1973943C79: ConfigurationManager, init=-1: peers:[9b302da2-2c09-4610-b1b5-c4dbcc9298e9|rpc:10.1.0.17:35385|priority:1|startupRole:FOLLOWER]|listeners:[], old=null, confs=<EMPTY_MAP>
2022-11-04 01:08:00,112 [pool-291-thread-1] INFO  server.RaftServerConfigKeys (ConfUtils.java:logGet(46)) - raft.server.storage.dir = [/home/runner/work/ozone/ozone/hadoop-ozone/integration-test/target/test-dir/MiniOzoneClusterImpl-e654cb93-8a46-4732-947e-f27e0a8f69eb/datanode-9/data/ratis] (custom)
2022-11-04 01:08:00,112 [pool-291-thread-1] INFO  server.RaftServerConfigKeys (ConfUtils.java:logGet(46)) - raft.server.log.corruption.policy = EXCEPTION (default)
2022-11-04 01:08:00,112 [pool-291-thread-1] INFO  server.RaftServerConfigKeys (ConfUtils.java:logGet(46)) - raft.server.storage.free-space.min = 0MB (=0) (default)
2022-11-04 01:08:00,112 [pool-291-thread-1] INFO  server.RaftServerConfigKeys (ConfUtils.java:logGet(46)) - raft.server.notification.no-leader.timeout = 300s (custom)
2022-11-04 01:08:00,112 [pool-291-thread-1] INFO  server.RaftServerConfigKeys (ConfUtils.java:logGet(46)) - raft.server.retrycache.expirytime = 600000ms (custom)
2022-11-04 01:08:00,112 [pool-291-thread-1] INFO  server.RaftServerConfigKeys (ConfUtils.java:logGet(46)) - raft.server.retrycache.statistics.expirytime = 100μs (default)
2022-11-04 01:08:00,114 [pool-291-thread-1] INFO  server.RaftServerConfigKeys (ConfUtils.java:logGet(46)) - raft.server.log.appender.install.snapshot.enabled = false (custom)
2022-11-04 01:08:00,114 [pool-291-thread-1] INFO  server.RaftServerConfigKeys (ConfUtils.java:logGet(46)) - raft.server.threadpool.server.cached = true (default)
2022-11-04 01:08:00,114 [pool-291-thread-1] INFO  server.RaftServerConfigKeys (ConfUtils.java:logGet(46)) - raft.server.threadpool.server.size = 0 (default)
2022-11-04 01:08:00,114 [pool-291-thread-1] INFO  server.RaftServerConfigKeys (ConfUtils.java:logGet(46)) - raft.server.threadpool.client.cached = true (default)
2022-11-04 01:08:00,114 [pool-291-thread-1] INFO  server.RaftServerConfigKeys (ConfUtils.java:logGet(46)) - raft.server.threadpool.client.size = 0 (default)
2022-11-04 01:08:00,114 [pool-291-thread-1] INFO  storage.RaftStorageDirectory (RaftStorageDirectoryImpl.java:analyzeStorage(137)) - The storage directory /home/runner/work/ozone/ozone/hadoop-ozone/integration-test/target/test-dir/MiniOzoneClusterImpl-e654cb93-8a46-4732-947e-f27e0a8f69eb/datanode-9/data/ratis/2b0b685d-df4a-48a4-b1f0-aa1973943c79 does not exist. Creating ...
2022-11-04 01:08:00,116 [pool-291-thread-1] INFO  storage.RaftStorageDirectory (RaftStorageDirectoryImpl.java:tryLock(231)) - Lock on /home/runner/work/ozone/ozone/hadoop-ozone/integration-test/target/test-dir/MiniOzoneClusterImpl-e654cb93-8a46-4732-947e-f27e0a8f69eb/datanode-9/data/ratis/2b0b685d-df4a-48a4-b1f0-aa1973943c79/in_use.lock acquired by nodename 14694@fv-az39-323
2022-11-04 01:08:00,117 [pool-291-thread-1] INFO  storage.RaftStorage (RaftStorageImpl.java:format(96)) - Storage directory /home/runner/work/ozone/ozone/hadoop-ozone/integration-test/target/test-dir/MiniOzoneClusterImpl-e654cb93-8a46-4732-947e-f27e0a8f69eb/datanode-9/data/ratis/2b0b685d-df4a-48a4-b1f0-aa1973943c79 has been successfully formatted.
2022-11-04 01:08:00,118 [pool-291-thread-1] INFO  ratis.ContainerStateMachine (ContainerStateMachine.java:loadSnapshot(236)) - group-AA1973943C79: The snapshot info is null. Setting the last applied indexto:(t:0, i:~)
2022-11-04 01:08:00,118 [pool-291-thread-1] INFO  server.RaftServerConfigKeys (ConfUtils.java:logGet(46)) - raft.server.log.use.memory = false (default)
2022-11-04 01:08:00,118 [pool-291-thread-1] INFO  server.RaftServerConfigKeys (ConfUtils.java:logGet(46)) - raft.server.log.purge.gap = 1000000 (custom)
2022-11-04 01:08:00,118 [pool-291-thread-1] INFO  server.RaftServerConfigKeys (ConfUtils.java:logGet(46)) - raft.server.log.appender.buffer.byte-limit = 33554432 (custom)
2022-11-04 01:08:00,118 [pool-291-thread-1] INFO  server.RaftServerConfigKeys (ConfUtils.java:logGet(46)) - raft.server.log.statemachine.data.read.timeout = 1000ms (default)
2022-11-04 01:08:00,118 [pool-291-thread-1] INFO  server.RaftServerConfigKeys (ConfUtils.java:logGet(46)) - raft.server.log.purge.preservation.log.num = 0 (default)
2022-11-04 01:08:00,118 [pool-291-thread-1] INFO  server.RaftServerConfigKeys (ConfUtils.java:logGet(46)) - raft.server.log.segment.size.max = 1048576 (custom)
2022-11-04 01:08:00,119 [pool-291-thread-1] INFO  server.RaftServerConfigKeys (ConfUtils.java:logGet(46)) - raft.server.log.segment.cache.num.max = 2 (custom)
2022-11-04 01:08:00,119 [pool-291-thread-1] INFO  server.RaftServerConfigKeys (ConfUtils.java:logGet(46)) - raft.server.log.segment.cache.size.max = 200MB (=209715200) (default)
2022-11-04 01:08:00,119 [pool-291-thread-1] INFO  segmented.SegmentedRaftLogWorker (SegmentedRaftLogWorker.java:<init>(191)) - new 9b302da2-2c09-4610-b1b5-c4dbcc9298e9@group-AA1973943C79-SegmentedRaftLogWorker for RaftStorageImpl:Storage Directory /home/runner/work/ozone/ozone/hadoop-ozone/integration-test/target/test-dir/MiniOzoneClusterImpl-e654cb93-8a46-4732-947e-f27e0a8f69eb/datanode-9/data/ratis/2b0b685d-df4a-48a4-b1f0-aa1973943c79
2022-11-04 01:08:00,119 [EventQueue-PipelineReportForPipelineReportHandler] INFO  pipeline.PipelineManagerImpl (PipelineManagerImpl.java:openPipeline(367)) - Pipeline Pipeline[ Id: 2b0b685d-df4a-48a4-b1f0-aa1973943c79, Nodes: 9b302da2-2c09-4610-b1b5-c4dbcc9298e9{ip: 10.1.0.17, host: fv-az39-323.yumyzuo2tp0ejekjjwodrrku4b.bx.internal.cloudapp.net, ports: [REPLICATION=40109, RATIS=35385, RATIS_ADMIN=35385, RATIS_SERVER=35385, STANDALONE=42205], networkLocation: /default-rack, certSerialId: null, persistedOpState: IN_SERVICE, persistedOpStateExpiryEpochSec: 0}, ReplicationConfig: RATIS/ONE, State:ALLOCATED, leaderId:9b302da2-2c09-4610-b1b5-c4dbcc9298e9, CreationTimestamp2022-11-04T01:07:57.113Z[Etc/UTC]] moved to OPEN state
2022-11-04 01:08:00,119 [pool-291-thread-1] INFO  server.RaftServerConfigKeys (ConfUtils.java:logGet(46)) - raft.server.log.queue.byte-limit = 4294967296 (custom)
2022-11-04 01:08:00,119 [pool-291-thread-1] INFO  server.RaftServerConfigKeys (ConfUtils.java:logGet(46)) - raft.server.log.queue.element-limit = 1024 (custom)
2022-11-04 01:08:00,119 [pool-291-thread-1] INFO  server.RaftServerConfigKeys (ConfUtils.java:logGet(46)) - raft.server.log.segment.size.max = 1048576 (custom)
2022-11-04 01:08:00,119 [pool-291-thread-1] INFO  server.RaftServerConfigKeys (ConfUtils.java:logGet(46)) - raft.server.log.preallocated.size = 16384 (custom)
2022-11-04 01:08:00,119 [pool-291-thread-1] INFO  server.RaftServerConfigKeys (ConfUtils.java:logGet(46)) - raft.server.log.force.sync.num = 128 (default)
2022-11-04 01:08:00,119 [pool-291-thread-1] INFO  server.RaftServerConfigKeys (ConfUtils.java:logGet(46)) - raft.server.log.statemachine.data.sync = true (default)
2022-11-04 01:08:00,119 [pool-291-thread-1] INFO  server.RaftServerConfigKeys (ConfUtils.java:logGet(46)) - raft.server.log.statemachine.data.sync.timeout = 10s (default)
2022-11-04 01:08:00,119 [pool-291-thread-1] INFO  server.RaftServerConfigKeys (ConfUtils.java:logGet(46)) - raft.server.log.statemachine.data.sync.timeout.retry = -1 (default)
2022-11-04 01:08:00,120 [pool-291-thread-1] INFO  server.RaftServerConfigKeys (ConfUtils.java:logGet(46)) - raft.server.log.write.buffer.size = 1048576 (custom)
2022-11-04 01:08:00,121 [pool-291-thread-1] INFO  server.RaftServerConfigKeys (ConfUtils.java:logGet(46)) - raft.server.log.unsafe-flush.enabled = false (default)
2022-11-04 01:08:00,121 [pool-291-thread-1] INFO  server.RaftServerConfigKeys (ConfUtils.java:logGet(46)) - raft.server.log.async-flush.enabled = false (default)
2022-11-04 01:08:00,121 [pool-291-thread-1] INFO  server.RaftServerConfigKeys (ConfUtils.java:logGet(46)) - raft.server.log.statemachine.data.caching.enabled = true (custom)
2022-11-04 01:08:00,121 [EventQueue-OpenPipelineForHealthyPipelineSafeModeRule] INFO  safemode.SCMSafeModeManager (HealthyPipelineSafeModeRule.java:process(137)) - SCM in safe mode. Healthy pipelines reported count is 0, required healthy pipeline reported count is 1
2022-11-04 01:08:00,121 [pool-291-thread-1] INFO  segmented.SegmentedRaftLogWorker (SegmentedRaftLogWorker.java:lambda$new$0(136)) - 9b302da2-2c09-4610-b1b5-c4dbcc9298e9@group-AA1973943C79-SegmentedRaftLogWorker: flushIndex: setUnconditionally 0 -> -1
2022-11-04 01:08:00,121 [pool-291-thread-1] INFO  segmented.SegmentedRaftLogWorker (SegmentedRaftLogWorker.java:lambda$new$0(136)) - 9b302da2-2c09-4610-b1b5-c4dbcc9298e9@group-AA1973943C79-SegmentedRaftLogWorker: safeCacheEvictIndex: setUnconditionally 0 -> -1
2022-11-04 01:08:00,121 [pool-291-thread-1] INFO  server.RaftServer$Division (RaftServerImpl.java:start(334)) - 9b302da2-2c09-4610-b1b5-c4dbcc9298e9@group-AA1973943C79: start as a follower, conf=-1: peers:[9b302da2-2c09-4610-b1b5-c4dbcc9298e9|rpc:10.1.0.17:35385|priority:1|startupRole:FOLLOWER]|listeners:[], old=null
2022-11-04 01:08:00,121 [pool-291-thread-1] INFO  server.RaftServer$Division (RaftServerImpl.java:setRole(321)) - 9b302da2-2c09-4610-b1b5-c4dbcc9298e9@group-AA1973943C79: changes role from      null to FOLLOWER at term 0 for startAsFollower
2022-11-04 01:08:00,121 [pool-291-thread-1] INFO  impl.RoleInfo (RoleInfo.java:updateAndGet(139)) - 9b302da2-2c09-4610-b1b5-c4dbcc9298e9: start 9b302da2-2c09-4610-b1b5-c4dbcc9298e9@group-AA1973943C79-FollowerState
2022-11-04 01:08:00,121 [pool-291-thread-1] INFO  util.JmxRegister (JmxRegister.java:tryRegister(44)) - Successfully registered JMX Bean with object name Ratis:service=RaftServer,group=group-AA1973943C79,id=9b302da2-2c09-4610-b1b5-c4dbcc9298e9
2022-11-04 01:08:00,122 [pool-291-thread-1] INFO  server.RaftServerConfigKeys (ConfUtils.java:logGet(46)) - raft.server.snapshot.auto.trigger.enabled = true (custom)
2022-11-04 01:08:00,122 [pool-291-thread-1] INFO  server.RaftServerConfigKeys (ConfUtils.java:logGet(46)) - raft.server.snapshot.auto.trigger.threshold = 10000 (custom)
2022-11-04 01:08:00,122 [pool-291-thread-1] INFO  server.RaftServerConfigKeys (ConfUtils.java:logGet(46)) - raft.server.snapshot.retention.file.num = 5 (custom)
2022-11-04 01:08:00,122 [pool-291-thread-1] INFO  server.RaftServerConfigKeys (ConfUtils.java:logGet(46)) - raft.server.log.purge.upto.snapshot.index = false (default)
2022-11-04 01:08:00,122 [9b302da2-2c09-4610-b1b5-c4dbcc9298e9@group-AA1973943C79-FollowerState] INFO  server.RaftServerConfigKeys (ConfUtils.java:logFallback(53)) - raft.server.rpc.first-election.timeout.min = 5s (fallback to raft.server.rpc.timeout.min)
2022-11-04 01:08:00,122 [9b302da2-2c09-4610-b1b5-c4dbcc9298e9@group-AA1973943C79-FollowerState] INFO  server.RaftServerConfigKeys (ConfUtils.java:logFallback(53)) - raft.server.rpc.first-election.timeout.max = 5200ms (fallback to raft.server.rpc.timeout.max)
2022-11-04 01:08:00,124 [Command processor thread] INFO  ratis.XceiverServerRatis (XceiverServerRatis.java:addGroup(765)) - Created group PipelineID=2b0b685d-df4a-48a4-b1f0-aa1973943c79
2022-11-04 01:08:00,124 [Command processor thread] INFO  commandhandler.CreatePipelineCommandHandler (CreatePipelineCommandHandler.java:handle(113)) - Created Pipeline RATIS ONE PipelineID=2b0b685d-df4a-48a4-b1f0-aa1973943c79.
2022-11-04 01:08:01,099 [Listener at 127.0.0.1/40125] INFO  ozone.MiniOzoneClusterImpl (MiniOzoneClusterImpl.java:lambda$waitForClusterToBeReady$0(216)) - Nodes are ready. Got 10 of 10 DN Heartbeats.
2022-11-04 01:08:01,100 [Listener at 127.0.0.1/40125] INFO  ozone.MiniOzoneClusterImpl (MiniOzoneClusterImpl.java:lambda$waitForClusterToBeReady$0(219)) - Waiting for cluster to exit safe mode
2022-11-04 01:08:01,100 [Listener at 127.0.0.1/40125] INFO  ozone.MiniOzoneClusterImpl (MiniOzoneClusterImpl.java:lambda$waitForClusterToBeReady$0(221)) - SCM became leader
2022-11-04 01:08:02,023 [b5f0d7ba-78c4-4bfc-9c94-2fc11ccd4fbc@group-8B7106D7B27B-FollowerState] INFO  impl.FollowerState (FollowerState.java:run(143)) - b5f0d7ba-78c4-4bfc-9c94-2fc11ccd4fbc@group-8B7106D7B27B-FollowerState: change to CANDIDATE, lastRpcElapsedTime:5123350932ns, electionTimeout:5096ms
2022-11-04 01:08:02,023 [b5f0d7ba-78c4-4bfc-9c94-2fc11ccd4fbc@group-8B7106D7B27B-FollowerState] INFO  impl.RoleInfo (RoleInfo.java:shutdownFollowerState(110)) - b5f0d7ba-78c4-4bfc-9c94-2fc11ccd4fbc: shutdown b5f0d7ba-78c4-4bfc-9c94-2fc11ccd4fbc@group-8B7106D7B27B-FollowerState
2022-11-04 01:08:02,023 [b5f0d7ba-78c4-4bfc-9c94-2fc11ccd4fbc@group-8B7106D7B27B-FollowerState] INFO  server.RaftServer$Division (RaftServerImpl.java:setRole(321)) - b5f0d7ba-78c4-4bfc-9c94-2fc11ccd4fbc@group-8B7106D7B27B: changes role from  FOLLOWER to CANDIDATE at term 0 for changeToCandidate
2022-11-04 01:08:02,024 [b5f0d7ba-78c4-4bfc-9c94-2fc11ccd4fbc@group-8B7106D7B27B-FollowerState] INFO  server.RaftServerConfigKeys (ConfUtils.java:logGet(46)) - raft.server.leaderelection.pre-vote = false (custom)
2022-11-04 01:08:02,024 [b5f0d7ba-78c4-4bfc-9c94-2fc11ccd4fbc@group-8B7106D7B27B-FollowerState] INFO  impl.RoleInfo (RoleInfo.java:updateAndGet(139)) - b5f0d7ba-78c4-4bfc-9c94-2fc11ccd4fbc: start b5f0d7ba-78c4-4bfc-9c94-2fc11ccd4fbc@group-8B7106D7B27B-LeaderElection2
2022-11-04 01:08:02,027 [b5f0d7ba-78c4-4bfc-9c94-2fc11ccd4fbc@group-8B7106D7B27B-LeaderElection2] INFO  impl.LeaderElection (LeaderElection.java:askForVotes(312)) - b5f0d7ba-78c4-4bfc-9c94-2fc11ccd4fbc@group-8B7106D7B27B-LeaderElection2 ELECTION round 0: submit vote requests at term 1 for -1: peers:[b5f0d7ba-78c4-4bfc-9c94-2fc11ccd4fbc|rpc:10.1.0.17:44613|priority:1|startupRole:FOLLOWER]|listeners:[], old=null
2022-11-04 01:08:02,028 [b5f0d7ba-78c4-4bfc-9c94-2fc11ccd4fbc@group-8B7106D7B27B-LeaderElection2] INFO  impl.LeaderElection (LeaderElection.java:askForVotes(314)) - b5f0d7ba-78c4-4bfc-9c94-2fc11ccd4fbc@group-8B7106D7B27B-LeaderElection2 ELECTION round 0: result PASSED (term=1)
2022-11-04 01:08:02,028 [b5f0d7ba-78c4-4bfc-9c94-2fc11ccd4fbc@group-8B7106D7B27B-LeaderElection2] INFO  impl.RoleInfo (RoleInfo.java:shutdownLeaderElection(130)) - b5f0d7ba-78c4-4bfc-9c94-2fc11ccd4fbc: shutdown b5f0d7ba-78c4-4bfc-9c94-2fc11ccd4fbc@group-8B7106D7B27B-LeaderElection2
2022-11-04 01:08:02,028 [b5f0d7ba-78c4-4bfc-9c94-2fc11ccd4fbc@group-8B7106D7B27B-LeaderElection2] INFO  server.RaftServer$Division (RaftServerImpl.java:setRole(321)) - b5f0d7ba-78c4-4bfc-9c94-2fc11ccd4fbc@group-8B7106D7B27B: changes role from CANDIDATE to LEADER at term 1 for changeToLeader
2022-11-04 01:08:02,028 [b5f0d7ba-78c4-4bfc-9c94-2fc11ccd4fbc@group-8B7106D7B27B-LeaderElection2] INFO  ratis.XceiverServerRatis (XceiverServerRatis.java:handleLeaderChangedNotification(863)) - Leader change notification received for group: group-8B7106D7B27B with new leaderId: b5f0d7ba-78c4-4bfc-9c94-2fc11ccd4fbc
2022-11-04 01:08:02,028 [b5f0d7ba-78c4-4bfc-9c94-2fc11ccd4fbc@group-8B7106D7B27B-LeaderElection2] INFO  server.RaftServer$Division (ServerState.java:setLeader(313)) - b5f0d7ba-78c4-4bfc-9c94-2fc11ccd4fbc@group-8B7106D7B27B: change Leader from null to b5f0d7ba-78c4-4bfc-9c94-2fc11ccd4fbc at term 1 for becomeLeader, leader elected after 5169ms
2022-11-04 01:08:02,028 [b5f0d7ba-78c4-4bfc-9c94-2fc11ccd4fbc@group-8B7106D7B27B-LeaderElection2] INFO  server.RaftServerConfigKeys (ConfUtils.java:logGet(46)) - raft.server.staging.catchup.gap = 1000 (default)
2022-11-04 01:08:02,028 [b5f0d7ba-78c4-4bfc-9c94-2fc11ccd4fbc@group-8B7106D7B27B-LeaderElection2] INFO  server.RaftServerConfigKeys (ConfUtils.java:logGet(46)) - raft.server.write.element-limit = 1024 (custom)
2022-11-04 01:08:02,028 [b5f0d7ba-78c4-4bfc-9c94-2fc11ccd4fbc@group-8B7106D7B27B-LeaderElection2] INFO  server.RaftServerConfigKeys (ConfUtils.java:logGet(46)) - raft.server.write.byte-limit = 1024 M (=1073741824) (custom)
2022-11-04 01:08:02,029 [b5f0d7ba-78c4-4bfc-9c94-2fc11ccd4fbc@group-8B7106D7B27B-LeaderElection2] INFO  server.RaftServerConfigKeys (ConfUtils.java:logGet(46)) - raft.server.watch.timeout = 180s (custom)
2022-11-04 01:08:02,029 [b5f0d7ba-78c4-4bfc-9c94-2fc11ccd4fbc@group-8B7106D7B27B-LeaderElection2] INFO  server.RaftServerConfigKeys (ConfUtils.java:logGet(46)) - raft.server.watch.timeout.denomination = 1s (default)
2022-11-04 01:08:02,029 [b5f0d7ba-78c4-4bfc-9c94-2fc11ccd4fbc@group-8B7106D7B27B-LeaderElection2] INFO  server.RaftServerConfigKeys (ConfUtils.java:logGet(46)) - raft.server.watch.element-limit = 65536 (default)
2022-11-04 01:08:02,030 [b5f0d7ba-78c4-4bfc-9c94-2fc11ccd4fbc@group-8B7106D7B27B-LeaderElection2] INFO  server.RaftServerConfigKeys (ConfUtils.java:logGet(46)) - raft.server.write.element-limit = 1024 (custom)
2022-11-04 01:08:02,030 [b5f0d7ba-78c4-4bfc-9c94-2fc11ccd4fbc@group-8B7106D7B27B-LeaderElection2] INFO  server.RaftServerConfigKeys (ConfUtils.java:logGet(46)) - raft.server.write.follower.gap.ratio.max = -1.0 (default)
2022-11-04 01:08:02,030 [b5f0d7ba-78c4-4bfc-9c94-2fc11ccd4fbc@group-8B7106D7B27B-LeaderElection2] INFO  impl.RoleInfo (RoleInfo.java:updateAndGet(139)) - b5f0d7ba-78c4-4bfc-9c94-2fc11ccd4fbc: start b5f0d7ba-78c4-4bfc-9c94-2fc11ccd4fbc@group-8B7106D7B27B-LeaderStateImpl
2022-11-04 01:08:02,030 [b5f0d7ba-78c4-4bfc-9c94-2fc11ccd4fbc@group-8B7106D7B27B-LeaderElection2] INFO  segmented.SegmentedRaftLogWorker (SegmentedRaftLogWorker.java:startLogSegment(452)) - b5f0d7ba-78c4-4bfc-9c94-2fc11ccd4fbc@group-8B7106D7B27B-SegmentedRaftLogWorker: Starting segment from index:0
2022-11-04 01:08:02,031 [EventQueue-OpenPipelineForHealthyPipelineSafeModeRule] INFO  safemode.SCMSafeModeManager (HealthyPipelineSafeModeRule.java:process(137)) - SCM in safe mode. Healthy pipelines reported count is 0, required healthy pipeline reported count is 1
2022-11-04 01:08:02,040 [b5f0d7ba-78c4-4bfc-9c94-2fc11ccd4fbc@group-8B7106D7B27B-SegmentedRaftLogWorker] INFO  segmented.SegmentedRaftLogWorker (SegmentedRaftLogWorker.java:execute(656)) - b5f0d7ba-78c4-4bfc-9c94-2fc11ccd4fbc@group-8B7106D7B27B-SegmentedRaftLogWorker: created new log segment /home/runner/work/ozone/ozone/hadoop-ozone/integration-test/target/test-dir/MiniOzoneClusterImpl-e654cb93-8a46-4732-947e-f27e0a8f69eb/datanode-0/data/ratis/eca63c80-83ed-4a92-bed4-8b7106d7b27b/current/log_inprogress_0
2022-11-04 01:08:02,040 [b5f0d7ba-78c4-4bfc-9c94-2fc11ccd4fbc@group-8B7106D7B27B-LeaderElection2] INFO  server.RaftServer$Division (ServerState.java:setRaftConf(430)) - b5f0d7ba-78c4-4bfc-9c94-2fc11ccd4fbc@group-8B7106D7B27B: set configuration 0: peers:[b5f0d7ba-78c4-4bfc-9c94-2fc11ccd4fbc|rpc:10.1.0.17:44613|dataStream:|priority:1|startupRole:FOLLOWER]|listeners:[], old=null
2022-11-04 01:08:02,100 [Listener at 127.0.0.1/40125] INFO  ozone.MiniOzoneClusterImpl (MiniOzoneClusterImpl.java:lambda$waitForClusterToBeReady$0(216)) - Nodes are ready. Got 10 of 10 DN Heartbeats.
2022-11-04 01:08:02,100 [Listener at 127.0.0.1/40125] INFO  ozone.MiniOzoneClusterImpl (MiniOzoneClusterImpl.java:lambda$waitForClusterToBeReady$0(219)) - Waiting for cluster to exit safe mode
2022-11-04 01:08:02,100 [Listener at 127.0.0.1/40125] INFO  ozone.MiniOzoneClusterImpl (MiniOzoneClusterImpl.java:lambda$waitForClusterToBeReady$0(221)) - SCM became leader
2022-11-04 01:08:02,117 [b5f0d7ba-78c4-4bfc-9c94-2fc11ccd4fbc@group-67D32E1FD950-FollowerState] INFO  impl.FollowerState (FollowerState.java:run(143)) - b5f0d7ba-78c4-4bfc-9c94-2fc11ccd4fbc@group-67D32E1FD950-FollowerState: change to CANDIDATE, lastRpcElapsedTime:5165237188ns, electionTimeout:5161ms
2022-11-04 01:08:02,118 [b5f0d7ba-78c4-4bfc-9c94-2fc11ccd4fbc@group-67D32E1FD950-FollowerState] INFO  impl.RoleInfo (RoleInfo.java:shutdownFollowerState(110)) - b5f0d7ba-78c4-4bfc-9c94-2fc11ccd4fbc: shutdown b5f0d7ba-78c4-4bfc-9c94-2fc11ccd4fbc@group-67D32E1FD950-FollowerState
2022-11-04 01:08:02,118 [b5f0d7ba-78c4-4bfc-9c94-2fc11ccd4fbc@group-67D32E1FD950-FollowerState] INFO  server.RaftServer$Division (RaftServerImpl.java:setRole(321)) - b5f0d7ba-78c4-4bfc-9c94-2fc11ccd4fbc@group-67D32E1FD950: changes role from  FOLLOWER to CANDIDATE at term 0 for changeToCandidate
2022-11-04 01:08:02,119 [b5f0d7ba-78c4-4bfc-9c94-2fc11ccd4fbc@group-67D32E1FD950-FollowerState] INFO  server.RaftServerConfigKeys (ConfUtils.java:logGet(46)) - raft.server.leaderelection.pre-vote = false (custom)
2022-11-04 01:08:02,119 [b5f0d7ba-78c4-4bfc-9c94-2fc11ccd4fbc@group-67D32E1FD950-FollowerState] INFO  impl.RoleInfo (RoleInfo.java:updateAndGet(139)) - b5f0d7ba-78c4-4bfc-9c94-2fc11ccd4fbc: start b5f0d7ba-78c4-4bfc-9c94-2fc11ccd4fbc@group-67D32E1FD950-LeaderElection3
2022-11-04 01:08:02,128 [b5f0d7ba-78c4-4bfc-9c94-2fc11ccd4fbc@group-67D32E1FD950-LeaderElection3] INFO  impl.LeaderElection (LeaderElection.java:askForVotes(312)) - b5f0d7ba-78c4-4bfc-9c94-2fc11ccd4fbc@group-67D32E1FD950-LeaderElection3 ELECTION round 0: submit vote requests at term 1 for -1: peers:[70253b25-82f0-4a7c-9412-29622705a2de|rpc:10.1.0.17:37713|priority:0|startupRole:FOLLOWER, 9ad6c772-b583-49da-9dda-46d51a9db348|rpc:10.1.0.17:40437|priority:0|startupRole:FOLLOWER, b5f0d7ba-78c4-4bfc-9c94-2fc11ccd4fbc|rpc:10.1.0.17:44613|priority:1|startupRole:FOLLOWER]|listeners:[], old=null
2022-11-04 01:08:02,132 [b5f0d7ba-78c4-4bfc-9c94-2fc11ccd4fbc@group-67D32E1FD950-LeaderElection3] INFO  server.RaftServerConfigKeys (ConfUtils.java:logFallback(53)) - raft.server.rpc.first-election.timeout.min = 5s (fallback to raft.server.rpc.timeout.min)
2022-11-04 01:08:02,132 [b5f0d7ba-78c4-4bfc-9c94-2fc11ccd4fbc@group-67D32E1FD950-LeaderElection3] INFO  server.RaftServerConfigKeys (ConfUtils.java:logFallback(53)) - raft.server.rpc.first-election.timeout.max = 5200ms (fallback to raft.server.rpc.timeout.max)
2022-11-04 01:08:02,133 [b5f0d7ba-78c4-4bfc-9c94-2fc11ccd4fbc@group-67D32E1FD950-LeaderElection3-1] INFO  server.GrpcServerProtocolClient (GrpcServerProtocolClient.java:<init>(63)) - Build channel for 70253b25-82f0-4a7c-9412-29622705a2de
2022-11-04 01:08:02,134 [b5f0d7ba-78c4-4bfc-9c94-2fc11ccd4fbc@group-67D32E1FD950-LeaderElection3-2] INFO  server.GrpcServerProtocolClient (GrpcServerProtocolClient.java:<init>(63)) - Build channel for 9ad6c772-b583-49da-9dda-46d51a9db348
2022-11-04 01:08:02,148 [grpc-default-executor-0] INFO  server.RaftServer$Division (RaftServerImpl.java:requestVote(1218)) - 9ad6c772-b583-49da-9dda-46d51a9db348@group-67D32E1FD950: receive requestVote(ELECTION, b5f0d7ba-78c4-4bfc-9c94-2fc11ccd4fbc, group-67D32E1FD950, 1, (t:0, i:0))
2022-11-04 01:08:02,149 [grpc-default-executor-0] INFO  impl.VoteContext (VoteContext.java:log(48)) - 9ad6c772-b583-49da-9dda-46d51a9db348@group-67D32E1FD950-FOLLOWER: accept ELECTION from b5f0d7ba-78c4-4bfc-9c94-2fc11ccd4fbc: our priority 0 <= candidate's priority 1
2022-11-04 01:08:02,149 [grpc-default-executor-0] INFO  server.RaftServer$Division (RaftServerImpl.java:setRole(321)) - 9ad6c772-b583-49da-9dda-46d51a9db348@group-67D32E1FD950: changes role from  FOLLOWER to FOLLOWER at term 1 for candidate:b5f0d7ba-78c4-4bfc-9c94-2fc11ccd4fbc
2022-11-04 01:08:02,149 [grpc-default-executor-0] INFO  impl.RoleInfo (RoleInfo.java:shutdownFollowerState(110)) - 9ad6c772-b583-49da-9dda-46d51a9db348: shutdown 9ad6c772-b583-49da-9dda-46d51a9db348@group-67D32E1FD950-FollowerState
2022-11-04 01:08:02,150 [9ad6c772-b583-49da-9dda-46d51a9db348@group-67D32E1FD950-FollowerState] INFO  impl.FollowerState (FollowerState.java:run(152)) - 9ad6c772-b583-49da-9dda-46d51a9db348@group-67D32E1FD950-FollowerState was interrupted
2022-11-04 01:08:02,159 [grpc-default-executor-0] INFO  impl.RoleInfo (RoleInfo.java:updateAndGet(139)) - 9ad6c772-b583-49da-9dda-46d51a9db348: start 9ad6c772-b583-49da-9dda-46d51a9db348@group-67D32E1FD950-FollowerState
2022-11-04 01:08:02,164 [grpc-default-executor-1] INFO  server.RaftServer$Division (RaftServerImpl.java:requestVote(1218)) - 70253b25-82f0-4a7c-9412-29622705a2de@group-67D32E1FD950: receive requestVote(ELECTION, b5f0d7ba-78c4-4bfc-9c94-2fc11ccd4fbc, group-67D32E1FD950, 1, (t:0, i:0))
2022-11-04 01:08:02,164 [grpc-default-executor-1] INFO  impl.VoteContext (VoteContext.java:log(48)) - 70253b25-82f0-4a7c-9412-29622705a2de@group-67D32E1FD950-FOLLOWER: accept ELECTION from b5f0d7ba-78c4-4bfc-9c94-2fc11ccd4fbc: our priority 0 <= candidate's priority 1
2022-11-04 01:08:02,164 [grpc-default-executor-1] INFO  server.RaftServer$Division (RaftServerImpl.java:setRole(321)) - 70253b25-82f0-4a7c-9412-29622705a2de@group-67D32E1FD950: changes role from  FOLLOWER to FOLLOWER at term 1 for candidate:b5f0d7ba-78c4-4bfc-9c94-2fc11ccd4fbc
2022-11-04 01:08:02,164 [grpc-default-executor-1] INFO  impl.RoleInfo (RoleInfo.java:shutdownFollowerState(110)) - 70253b25-82f0-4a7c-9412-29622705a2de: shutdown 70253b25-82f0-4a7c-9412-29622705a2de@group-67D32E1FD950-FollowerState
2022-11-04 01:08:02,165 [70253b25-82f0-4a7c-9412-29622705a2de@group-67D32E1FD950-FollowerState] INFO  impl.FollowerState (FollowerState.java:run(152)) - 70253b25-82f0-4a7c-9412-29622705a2de@group-67D32E1FD950-FollowerState was interrupted
2022-11-04 01:08:02,165 [grpc-default-executor-1] INFO  impl.RoleInfo (RoleInfo.java:updateAndGet(139)) - 70253b25-82f0-4a7c-9412-29622705a2de: start 70253b25-82f0-4a7c-9412-29622705a2de@group-67D32E1FD950-FollowerState
2022-11-04 01:08:02,170 [grpc-default-executor-0] INFO  server.RaftServer$Division (RaftServerImpl.java:requestVote(1251)) - 9ad6c772-b583-49da-9dda-46d51a9db348@group-67D32E1FD950 replies to ELECTION vote request: b5f0d7ba-78c4-4bfc-9c94-2fc11ccd4fbc<-9ad6c772-b583-49da-9dda-46d51a9db348#0:OK-t1. Peer's state: 9ad6c772-b583-49da-9dda-46d51a9db348@group-67D32E1FD950:t1, leader=null, voted=b5f0d7ba-78c4-4bfc-9c94-2fc11ccd4fbc, raftlog=Memoized:9ad6c772-b583-49da-9dda-46d51a9db348@group-67D32E1FD950-SegmentedRaftLog:OPENED:c-1, conf=-1: peers:[70253b25-82f0-4a7c-9412-29622705a2de|rpc:10.1.0.17:37713|priority:0|startupRole:FOLLOWER, 9ad6c772-b583-49da-9dda-46d51a9db348|rpc:10.1.0.17:40437|priority:0|startupRole:FOLLOWER, b5f0d7ba-78c4-4bfc-9c94-2fc11ccd4fbc|rpc:10.1.0.17:44613|priority:1|startupRole:FOLLOWER]|listeners:[], old=null
2022-11-04 01:08:02,170 [grpc-default-executor-1] INFO  server.RaftServer$Division (RaftServerImpl.java:requestVote(1251)) - 70253b25-82f0-4a7c-9412-29622705a2de@group-67D32E1FD950 replies to ELECTION vote request: b5f0d7ba-78c4-4bfc-9c94-2fc11ccd4fbc<-70253b25-82f0-4a7c-9412-29622705a2de#0:OK-t1. Peer's state: 70253b25-82f0-4a7c-9412-29622705a2de@group-67D32E1FD950:t1, leader=null, voted=b5f0d7ba-78c4-4bfc-9c94-2fc11ccd4fbc, raftlog=Memoized:70253b25-82f0-4a7c-9412-29622705a2de@group-67D32E1FD950-SegmentedRaftLog:OPENED:c-1, conf=-1: peers:[70253b25-82f0-4a7c-9412-29622705a2de|rpc:10.1.0.17:37713|dataStream:|priority:0|startupRole:FOLLOWER, 9ad6c772-b583-49da-9dda-46d51a9db348|rpc:10.1.0.17:40437|dataStream:|priority:0|startupRole:FOLLOWER, b5f0d7ba-78c4-4bfc-9c94-2fc11ccd4fbc|rpc:10.1.0.17:44613|dataStream:|priority:1|startupRole:FOLLOWER]|listeners:[], old=null
2022-11-04 01:08:02,172 [b5f0d7ba-78c4-4bfc-9c94-2fc11ccd4fbc@group-67D32E1FD950-LeaderElection3] INFO  impl.LeaderElection (LeaderElection.java:logAndReturn(90)) - b5f0d7ba-78c4-4bfc-9c94-2fc11ccd4fbc@group-67D32E1FD950-LeaderElection3: ELECTION PASSED received 1 response(s) and 0 exception(s):
2022-11-04 01:08:02,172 [9ad6c772-b583-49da-9dda-46d51a9db348@group-67D32E1FD950-FollowerState] INFO  server.RaftServerConfigKeys (ConfUtils.java:logFallback(53)) - raft.server.rpc.first-election.timeout.min = 5s (fallback to raft.server.rpc.timeout.min)
2022-11-04 01:08:02,172 [b5f0d7ba-78c4-4bfc-9c94-2fc11ccd4fbc@group-67D32E1FD950-LeaderElection3] INFO  impl.LeaderElection (LeaderElection.java:logAndReturn(94)) -   Response 0: b5f0d7ba-78c4-4bfc-9c94-2fc11ccd4fbc<-70253b25-82f0-4a7c-9412-29622705a2de#0:OK-t1
2022-11-04 01:08:02,172 [9ad6c772-b583-49da-9dda-46d51a9db348@group-67D32E1FD950-FollowerState] INFO  server.RaftServerConfigKeys (ConfUtils.java:logFallback(53)) - raft.server.rpc.first-election.timeout.max = 5200ms (fallback to raft.server.rpc.timeout.max)
2022-11-04 01:08:02,172 [b5f0d7ba-78c4-4bfc-9c94-2fc11ccd4fbc@group-67D32E1FD950-LeaderElection3] INFO  impl.LeaderElection (LeaderElection.java:askForVotes(314)) - b5f0d7ba-78c4-4bfc-9c94-2fc11ccd4fbc@group-67D32E1FD950-LeaderElection3 ELECTION round 0: result PASSED
2022-11-04 01:08:02,172 [b5f0d7ba-78c4-4bfc-9c94-2fc11ccd4fbc@group-67D32E1FD950-LeaderElection3] INFO  impl.RoleInfo (RoleInfo.java:shutdownLeaderElection(130)) - b5f0d7ba-78c4-4bfc-9c94-2fc11ccd4fbc: shutdown b5f0d7ba-78c4-4bfc-9c94-2fc11ccd4fbc@group-67D32E1FD950-LeaderElection3
2022-11-04 01:08:02,172 [b5f0d7ba-78c4-4bfc-9c94-2fc11ccd4fbc@group-67D32E1FD950-LeaderElection3] INFO  server.RaftServer$Division (RaftServerImpl.java:setRole(321)) - b5f0d7ba-78c4-4bfc-9c94-2fc11ccd4fbc@group-67D32E1FD950: changes role from CANDIDATE to LEADER at term 1 for changeToLeader
2022-11-04 01:08:02,172 [b5f0d7ba-78c4-4bfc-9c94-2fc11ccd4fbc@group-67D32E1FD950-LeaderElection3] INFO  ratis.XceiverServerRatis (XceiverServerRatis.java:handleLeaderChangedNotification(863)) - Leader change notification received for group: group-67D32E1FD950 with new leaderId: b5f0d7ba-78c4-4bfc-9c94-2fc11ccd4fbc
2022-11-04 01:08:02,172 [b5f0d7ba-78c4-4bfc-9c94-2fc11ccd4fbc@group-67D32E1FD950-LeaderElection3] INFO  server.RaftServer$Division (ServerState.java:setLeader(313)) - b5f0d7ba-78c4-4bfc-9c94-2fc11ccd4fbc@group-67D32E1FD950: change Leader from null to b5f0d7ba-78c4-4bfc-9c94-2fc11ccd4fbc at term 1 for becomeLeader, leader elected after 5245ms
2022-11-04 01:08:02,173 [b5f0d7ba-78c4-4bfc-9c94-2fc11ccd4fbc@group-67D32E1FD950-LeaderElection3] INFO  server.RaftServerConfigKeys (ConfUtils.java:logGet(46)) - raft.server.staging.catchup.gap = 1000 (default)
2022-11-04 01:08:02,173 [b5f0d7ba-78c4-4bfc-9c94-2fc11ccd4fbc@group-67D32E1FD950-LeaderElection3] INFO  server.RaftServerConfigKeys (ConfUtils.java:logGet(46)) - raft.server.write.element-limit = 1024 (custom)
2022-11-04 01:08:02,173 [b5f0d7ba-78c4-4bfc-9c94-2fc11ccd4fbc@group-67D32E1FD950-LeaderElection3] INFO  server.RaftServerConfigKeys (ConfUtils.java:logGet(46)) - raft.server.write.byte-limit = 1024 M (=1073741824) (custom)
2022-11-04 01:08:02,173 [b5f0d7ba-78c4-4bfc-9c94-2fc11ccd4fbc@group-67D32E1FD950-LeaderElection3] INFO  server.RaftServerConfigKeys (ConfUtils.java:logGet(46)) - raft.server.watch.timeout = 180s (custom)
2022-11-04 01:08:02,173 [b5f0d7ba-78c4-4bfc-9c94-2fc11ccd4fbc@group-67D32E1FD950-LeaderElection3] INFO  server.RaftServerConfigKeys (ConfUtils.java:logGet(46)) - raft.server.watch.timeout.denomination = 1s (default)
2022-11-04 01:08:02,173 [b5f0d7ba-78c4-4bfc-9c94-2fc11ccd4fbc@group-67D32E1FD950-LeaderElection3] INFO  server.RaftServerConfigKeys (ConfUtils.java:logGet(46)) - raft.server.watch.element-limit = 65536 (default)
2022-11-04 01:08:02,173 [b5f0d7ba-78c4-4bfc-9c94-2fc11ccd4fbc@group-67D32E1FD950-LeaderElection3] INFO  server.RaftServerConfigKeys (ConfUtils.java:logGet(46)) - raft.server.write.element-limit = 1024 (custom)
2022-11-04 01:08:02,173 [b5f0d7ba-78c4-4bfc-9c94-2fc11ccd4fbc@group-67D32E1FD950-LeaderElection3] INFO  server.RaftServerConfigKeys (ConfUtils.java:logGet(46)) - raft.server.write.follower.gap.ratio.max = -1.0 (default)
2022-11-04 01:08:02,181 [70253b25-82f0-4a7c-9412-29622705a2de@group-67D32E1FD950-FollowerState] INFO  server.RaftServerConfigKeys (ConfUtils.java:logFallback(53)) - raft.server.rpc.first-election.timeout.min = 5s (fallback to raft.server.rpc.timeout.min)
2022-11-04 01:08:02,181 [70253b25-82f0-4a7c-9412-29622705a2de@group-67D32E1FD950-FollowerState] INFO  server.RaftServerConfigKeys (ConfUtils.java:logFallback(53)) - raft.server.rpc.first-election.timeout.max = 5200ms (fallback to raft.server.rpc.timeout.max)
2022-11-04 01:08:02,182 [EventQueue-PipelineReportForPipelineReportHandler] INFO  pipeline.PipelineManagerImpl (PipelineManagerImpl.java:openPipeline(367)) - Pipeline Pipeline[ Id: d7507172-1e8f-403b-90af-67d32e1fd950, Nodes: 9ad6c772-b583-49da-9dda-46d51a9db348{ip: 10.1.0.17, host: fv-az39-323.yumyzuo2tp0ejekjjwodrrku4b.bx.internal.cloudapp.net, ports: [REPLICATION=46803, RATIS=40437, RATIS_ADMIN=40437, RATIS_SERVER=40437, STANDALONE=33617], networkLocation: /default-rack, certSerialId: null, persistedOpState: IN_SERVICE, persistedOpStateExpiryEpochSec: 0}b5f0d7ba-78c4-4bfc-9c94-2fc11ccd4fbc{ip: 10.1.0.17, host: fv-az39-323.yumyzuo2tp0ejekjjwodrrku4b.bx.internal.cloudapp.net, ports: [REPLICATION=32795, RATIS=44613, RATIS_ADMIN=44613, RATIS_SERVER=44613, STANDALONE=33005], networkLocation: /default-rack, certSerialId: null, persistedOpState: IN_SERVICE, persistedOpStateExpiryEpochSec: 0}70253b25-82f0-4a7c-9412-29622705a2de{ip: 10.1.0.17, host: fv-az39-323.yumyzuo2tp0ejekjjwodrrku4b.bx.internal.cloudapp.net, ports: [REPLICATION=46293, RATIS=37713, RATIS_ADMIN=37713, RATIS_SERVER=37713, STANDALONE=37085], networkLocation: /default-rack, certSerialId: null, persistedOpState: IN_SERVICE, persistedOpStateExpiryEpochSec: 0}, ReplicationConfig: RATIS/THREE, State:ALLOCATED, leaderId:b5f0d7ba-78c4-4bfc-9c94-2fc11ccd4fbc, CreationTimestamp2022-11-04T01:07:54.688Z[Etc/UTC]] moved to OPEN state
2022-11-04 01:08:02,182 [EventQueue-OpenPipelineForHealthyPipelineSafeModeRule] INFO  safemode.SCMSafeModeManager (HealthyPipelineSafeModeRule.java:process(137)) - SCM in safe mode. Healthy pipelines reported count is 0, required healthy pipeline reported count is 1
2022-11-04 01:08:02,182 [EventQueue-OpenPipelineForHealthyPipelineSafeModeRule] INFO  safemode.SCMSafeModeManager (HealthyPipelineSafeModeRule.java:process(137)) - SCM in safe mode. Healthy pipelines reported count is 1, required healthy pipeline reported count is 1
2022-11-04 01:08:02,182 [EventQueue-OpenPipelineForHealthyPipelineSafeModeRule] INFO  safemode.SCMSafeModeManager (SCMSafeModeManager.java:validateSafeModeExitRules(204)) - HealthyPipelineSafeModeRule rule is successfully validated
2022-11-04 01:08:02,182 [EventQueue-OpenPipelineForHealthyPipelineSafeModeRule] INFO  safemode.SCMSafeModeManager (SCMSafeModeManager.java:validateSafeModeExitRules(219)) - ScmSafeModeManager, all rules are successfully validated
2022-11-04 01:08:02,182 [EventQueue-OpenPipelineForHealthyPipelineSafeModeRule] INFO  safemode.SCMSafeModeManager (SCMSafeModeManager.java:exitSafeMode(248)) - SCM exiting safe mode.
2022-11-04 01:08:02,182 [EventQueue-OpenPipelineForHealthyPipelineSafeModeRule] WARN  events.EventQueue (EventQueue.java:fireEvent(216)) - No event handler registered for event TypedEvent{payloadType=SafeModeStatus, name='Safe mode status'}
2022-11-04 01:08:02,182 [EventQueue-OpenPipelineForHealthyPipelineSafeModeRule] INFO  ha.SCMContext (SCMContext.java:updateSafeModeStatus(228)) - Update SafeModeStatus from SafeModeStatus{safeModeStatus=true, preCheckPassed=true} to SafeModeStatus{safeModeStatus=false, preCheckPassed=true}.
2022-11-04 01:08:02,182 [EventQueue-OpenPipelineForHealthyPipelineSafeModeRule] INFO  pipeline.BackgroundPipelineCreator (BackgroundPipelineCreator.java:notifyStatusChanged(254)) - Service BackgroundPipelineCreator transitions to RUNNING.
2022-11-04 01:08:02,183 [EventQueue-OpenPipelineForHealthyPipelineSafeModeRule] INFO  BackgroundPipelineScrubber (BackgroundSCMService.java:notifyStatusChanged(82)) - Service BackgroundPipelineScrubber transitions to RUNNING.
2022-11-04 01:08:02,183 [EventQueue-OpenPipelineForHealthyPipelineSafeModeRule] INFO  ExpiredContainerReplicaOpScrubber (BackgroundSCMService.java:notifyStatusChanged(82)) - Service ExpiredContainerReplicaOpScrubber transitions to RUNNING.
2022-11-04 01:08:02,183 [EventQueue-OpenPipelineForHealthyPipelineSafeModeRule] INFO  replication.ReplicationManager (ReplicationManager.java:notifyStatusChanged(798)) - Service ReplicationManager transitions to RUNNING.
2022-11-04 01:08:02,188 [EventQueue-OpenPipelineForHealthyPipelineSafeModeRule] WARN  balancer.ContainerBalancer (ContainerBalancer.java:shouldRun(131)) - Could not find persisted configuration for ContainerBalancer when checking if ContainerBalancer should run. ContainerBalancer should not run now.
2022-11-04 01:08:02,188 [b5f0d7ba-78c4-4bfc-9c94-2fc11ccd4fbc@group-67D32E1FD950-LeaderElection3] INFO  server.RaftServerConfigKeys (ConfUtils.java:logGet(46)) - raft.server.log.appender.snapshot.chunk.size.max = 16MB (=16777216) (default)
2022-11-04 01:08:02,188 [b5f0d7ba-78c4-4bfc-9c94-2fc11ccd4fbc@group-67D32E1FD950-LeaderElection3] INFO  server.RaftServerConfigKeys (ConfUtils.java:logGet(46)) - raft.server.log.appender.buffer.byte-limit = 33554432 (custom)
2022-11-04 01:08:02,188 [b5f0d7ba-78c4-4bfc-9c94-2fc11ccd4fbc@group-67D32E1FD950-LeaderElection3] INFO  server.RaftServerConfigKeys (ConfUtils.java:logGet(46)) - raft.server.log.appender.buffer.element-limit = 1 (custom)
2022-11-04 01:08:02,192 [b5f0d7ba-78c4-4bfc-9c94-2fc11ccd4fbc@group-67D32E1FD950-LeaderElection3] INFO  grpc.GrpcConfigKeys (ConfUtils.java:logGet(46)) - raft.grpc.server.leader.outstanding.appends.max = 128 (default)
2022-11-04 01:08:02,192 [b5f0d7ba-78c4-4bfc-9c94-2fc11ccd4fbc@group-67D32E1FD950-LeaderElection3] INFO  server.RaftServerConfigKeys (ConfUtils.java:logGet(46)) - raft.server.rpc.request.timeout = 60s (custom)
2022-11-04 01:08:02,192 [b5f0d7ba-78c4-4bfc-9c94-2fc11ccd4fbc@group-67D32E1FD950-LeaderElection3] INFO  server.RaftServerConfigKeys (ConfUtils.java:logGet(46)) - raft.server.log.appender.install.snapshot.enabled = false (custom)
2022-11-04 01:08:02,192 [b5f0d7ba-78c4-4bfc-9c94-2fc11ccd4fbc@group-67D32E1FD950-LeaderElection3] INFO  grpc.GrpcConfigKeys (ConfUtils.java:logGet(46)) - raft.grpc.server.heartbeat.channel = true (default)
2022-11-04 01:08:02,192 [b5f0d7ba-78c4-4bfc-9c94-2fc11ccd4fbc@group-67D32E1FD950-LeaderElection3] INFO  server.RaftServerConfigKeys (ConfUtils.java:logGet(46)) - raft.server.log.appender.wait-time.min = 10ms (default)
2022-11-04 01:08:02,194 [b5f0d7ba-78c4-4bfc-9c94-2fc11ccd4fbc@group-67D32E1FD950-LeaderElection3] INFO  server.RaftServerConfigKeys (ConfUtils.java:logGet(46)) - raft.server.log.appender.snapshot.chunk.size.max = 16MB (=16777216) (default)
2022-11-04 01:08:02,194 [b5f0d7ba-78c4-4bfc-9c94-2fc11ccd4fbc@group-67D32E1FD950-LeaderElection3] INFO  server.RaftServerConfigKeys (ConfUtils.java:logGet(46)) - raft.server.log.appender.buffer.byte-limit = 33554432 (custom)
2022-11-04 01:08:02,194 [b5f0d7ba-78c4-4bfc-9c94-2fc11ccd4fbc@group-67D32E1FD950-LeaderElection3] INFO  server.RaftServerConfigKeys (ConfUtils.java:logGet(46)) - raft.server.log.appender.buffer.element-limit = 1 (custom)
2022-11-04 01:08:02,194 [b5f0d7ba-78c4-4bfc-9c94-2fc11ccd4fbc@group-67D32E1FD950-LeaderElection3] INFO  grpc.GrpcConfigKeys (ConfUtils.java:logGet(46)) - raft.grpc.server.leader.outstanding.appends.max = 128 (default)
2022-11-04 01:08:02,194 [b5f0d7ba-78c4-4bfc-9c94-2fc11ccd4fbc@group-67D32E1FD950-LeaderElection3] INFO  server.RaftServerConfigKeys (ConfUtils.java:logGet(46)) - raft.server.rpc.request.timeout = 60s (custom)
2022-11-04 01:08:02,194 [b5f0d7ba-78c4-4bfc-9c94-2fc11ccd4fbc@group-67D32E1FD950-LeaderElection3] INFO  server.RaftServerConfigKeys (ConfUtils.java:logGet(46)) - raft.server.log.appender.install.snapshot.enabled = false (custom)
2022-11-04 01:08:02,194 [b5f0d7ba-78c4-4bfc-9c94-2fc11ccd4fbc@group-67D32E1FD950-LeaderElection3] INFO  grpc.GrpcConfigKeys (ConfUtils.java:logGet(46)) - raft.grpc.server.heartbeat.channel = true (default)
2022-11-04 01:08:02,194 [b5f0d7ba-78c4-4bfc-9c94-2fc11ccd4fbc@group-67D32E1FD950-LeaderElection3] INFO  server.RaftServerConfigKeys (ConfUtils.java:logGet(46)) - raft.server.log.appender.wait-time.min = 10ms (default)
2022-11-04 01:08:02,195 [b5f0d7ba-78c4-4bfc-9c94-2fc11ccd4fbc@group-67D32E1FD950-LeaderElection3] INFO  impl.RoleInfo (RoleInfo.java:updateAndGet(139)) - b5f0d7ba-78c4-4bfc-9c94-2fc11ccd4fbc: start b5f0d7ba-78c4-4bfc-9c94-2fc11ccd4fbc@group-67D32E1FD950-LeaderStateImpl
2022-11-04 01:08:02,196 [b5f0d7ba-78c4-4bfc-9c94-2fc11ccd4fbc@group-67D32E1FD950-LeaderElection3] INFO  segmented.SegmentedRaftLogWorker (SegmentedRaftLogWorker.java:startLogSegment(452)) - b5f0d7ba-78c4-4bfc-9c94-2fc11ccd4fbc@group-67D32E1FD950-SegmentedRaftLogWorker: Starting segment from index:0
2022-11-04 01:08:02,197 [b5f0d7ba-78c4-4bfc-9c94-2fc11ccd4fbc@group-67D32E1FD950-SegmentedRaftLogWorker] INFO  segmented.SegmentedRaftLogWorker (SegmentedRaftLogWorker.java:execute(656)) - b5f0d7ba-78c4-4bfc-9c94-2fc11ccd4fbc@group-67D32E1FD950-SegmentedRaftLogWorker: created new log segment /home/runner/work/ozone/ozone/hadoop-ozone/integration-test/target/test-dir/MiniOzoneClusterImpl-e654cb93-8a46-4732-947e-f27e0a8f69eb/datanode-0/data/ratis/d7507172-1e8f-403b-90af-67d32e1fd950/current/log_inprogress_0
2022-11-04 01:08:02,212 [b5f0d7ba-78c4-4bfc-9c94-2fc11ccd4fbc@group-67D32E1FD950-LeaderElection3] INFO  server.RaftServer$Division (ServerState.java:setRaftConf(430)) - b5f0d7ba-78c4-4bfc-9c94-2fc11ccd4fbc@group-67D32E1FD950: set configuration 0: peers:[70253b25-82f0-4a7c-9412-29622705a2de|rpc:10.1.0.17:37713|dataStream:|priority:0|startupRole:FOLLOWER, 9ad6c772-b583-49da-9dda-46d51a9db348|rpc:10.1.0.17:40437|dataStream:|priority:0|startupRole:FOLLOWER, b5f0d7ba-78c4-4bfc-9c94-2fc11ccd4fbc|rpc:10.1.0.17:44613|dataStream:|priority:1|startupRole:FOLLOWER]|listeners:[], old=null
2022-11-04 01:08:02,272 [9ad6c772-b583-49da-9dda-46d51a9db348-server-thread1] INFO  ratis.XceiverServerRatis (XceiverServerRatis.java:handleLeaderChangedNotification(863)) - Leader change notification received for group: group-67D32E1FD950 with new leaderId: b5f0d7ba-78c4-4bfc-9c94-2fc11ccd4fbc
2022-11-04 01:08:02,272 [9ad6c772-b583-49da-9dda-46d51a9db348-server-thread1] INFO  server.RaftServer$Division (ServerState.java:setLeader(313)) - 9ad6c772-b583-49da-9dda-46d51a9db348@group-67D32E1FD950: change Leader from null to b5f0d7ba-78c4-4bfc-9c94-2fc11ccd4fbc at term 1 for appendEntries, leader elected after 4894ms
2022-11-04 01:08:02,273 [70253b25-82f0-4a7c-9412-29622705a2de-server-thread2] INFO  ratis.XceiverServerRatis (XceiverServerRatis.java:handleLeaderChangedNotification(863)) - Leader change notification received for group: group-67D32E1FD950 with new leaderId: b5f0d7ba-78c4-4bfc-9c94-2fc11ccd4fbc
2022-11-04 01:08:02,273 [70253b25-82f0-4a7c-9412-29622705a2de-server-thread2] INFO  server.RaftServer$Division (ServerState.java:setLeader(313)) - 70253b25-82f0-4a7c-9412-29622705a2de@group-67D32E1FD950: change Leader from null to b5f0d7ba-78c4-4bfc-9c94-2fc11ccd4fbc at term 1 for appendEntries, leader elected after 4705ms
2022-11-04 01:08:02,276 [9ad6c772-b583-49da-9dda-46d51a9db348-server-thread1] INFO  server.RaftServer$Division (ServerState.java:setRaftConf(430)) - 9ad6c772-b583-49da-9dda-46d51a9db348@group-67D32E1FD950: set configuration 0: peers:[70253b25-82f0-4a7c-9412-29622705a2de|rpc:10.1.0.17:37713|dataStream:|priority:0|startupRole:FOLLOWER, 9ad6c772-b583-49da-9dda-46d51a9db348|rpc:10.1.0.17:40437|dataStream:|priority:0|startupRole:FOLLOWER, b5f0d7ba-78c4-4bfc-9c94-2fc11ccd4fbc|rpc:10.1.0.17:44613|dataStream:|priority:1|startupRole:FOLLOWER]|listeners:[], old=null
2022-11-04 01:08:02,276 [9ad6c772-b583-49da-9dda-46d51a9db348-server-thread1] INFO  segmented.SegmentedRaftLogWorker (SegmentedRaftLogWorker.java:startLogSegment(452)) - 9ad6c772-b583-49da-9dda-46d51a9db348@group-67D32E1FD950-SegmentedRaftLogWorker: Starting segment from index:0
2022-11-04 01:08:02,278 [9ad6c772-b583-49da-9dda-46d51a9db348@group-67D32E1FD950-SegmentedRaftLogWorker] INFO  segmented.SegmentedRaftLogWorker (SegmentedRaftLogWorker.java:execute(656)) - 9ad6c772-b583-49da-9dda-46d51a9db348@group-67D32E1FD950-SegmentedRaftLogWorker: created new log segment /home/runner/work/ozone/ozone/hadoop-ozone/integration-test/target/test-dir/MiniOzoneClusterImpl-e654cb93-8a46-4732-947e-f27e0a8f69eb/datanode-1/data/ratis/d7507172-1e8f-403b-90af-67d32e1fd950/current/log_inprogress_0
2022-11-04 01:08:02,278 [70253b25-82f0-4a7c-9412-29622705a2de-server-thread2] INFO  server.RaftServer$Division (ServerState.java:setRaftConf(430)) - 70253b25-82f0-4a7c-9412-29622705a2de@group-67D32E1FD950: set configuration 0: peers:[70253b25-82f0-4a7c-9412-29622705a2de|rpc:10.1.0.17:37713|dataStream:|priority:0|startupRole:FOLLOWER, 9ad6c772-b583-49da-9dda-46d51a9db348|rpc:10.1.0.17:40437|dataStream:|priority:0|startupRole:FOLLOWER, b5f0d7ba-78c4-4bfc-9c94-2fc11ccd4fbc|rpc:10.1.0.17:44613|dataStream:|priority:1|startupRole:FOLLOWER]|listeners:[], old=null
2022-11-04 01:08:02,279 [70253b25-82f0-4a7c-9412-29622705a2de-server-thread2] INFO  segmented.SegmentedRaftLogWorker (SegmentedRaftLogWorker.java:startLogSegment(452)) - 70253b25-82f0-4a7c-9412-29622705a2de@group-67D32E1FD950-SegmentedRaftLogWorker: Starting segment from index:0
2022-11-04 01:08:02,282 [70253b25-82f0-4a7c-9412-29622705a2de@group-67D32E1FD950-SegmentedRaftLogWorker] INFO  segmented.SegmentedRaftLogWorker (SegmentedRaftLogWorker.java:execute(656)) - 70253b25-82f0-4a7c-9412-29622705a2de@group-67D32E1FD950-SegmentedRaftLogWorker: created new log segment /home/runner/work/ozone/ozone/hadoop-ozone/integration-test/target/test-dir/MiniOzoneClusterImpl-e654cb93-8a46-4732-947e-f27e0a8f69eb/datanode-2/data/ratis/d7507172-1e8f-403b-90af-67d32e1fd950/current/log_inprogress_0
2022-11-04 01:08:02,427 [9ad6c772-b583-49da-9dda-46d51a9db348@group-A48171208D74-FollowerState] INFO  impl.FollowerState (FollowerState.java:run(143)) - 9ad6c772-b583-49da-9dda-46d51a9db348@group-A48171208D74-FollowerState: change to CANDIDATE, lastRpcElapsedTime:5065508854ns, electionTimeout:5051ms
2022-11-04 01:08:02,428 [9ad6c772-b583-49da-9dda-46d51a9db348@group-A48171208D74-FollowerState] INFO  impl.RoleInfo (RoleInfo.java:shutdownFollowerState(110)) - 9ad6c772-b583-49da-9dda-46d51a9db348: shutdown 9ad6c772-b583-49da-9dda-46d51a9db348@group-A48171208D74-FollowerState
2022-11-04 01:08:02,428 [9ad6c772-b583-49da-9dda-46d51a9db348@group-A48171208D74-FollowerState] INFO  server.RaftServer$Division (RaftServerImpl.java:setRole(321)) - 9ad6c772-b583-49da-9dda-46d51a9db348@group-A48171208D74: changes role from  FOLLOWER to CANDIDATE at term 0 for changeToCandidate
2022-11-04 01:08:02,430 [9ad6c772-b583-49da-9dda-46d51a9db348@group-A48171208D74-FollowerState] INFO  server.RaftServerConfigKeys (ConfUtils.java:logGet(46)) - raft.server.leaderelection.pre-vote = false (custom)
2022-11-04 01:08:02,430 [9ad6c772-b583-49da-9dda-46d51a9db348@group-A48171208D74-FollowerState] INFO  impl.RoleInfo (RoleInfo.java:updateAndGet(139)) - 9ad6c772-b583-49da-9dda-46d51a9db348: start 9ad6c772-b583-49da-9dda-46d51a9db348@group-A48171208D74-LeaderElection4
2022-11-04 01:08:02,439 [9ad6c772-b583-49da-9dda-46d51a9db348@group-A48171208D74-LeaderElection4] INFO  impl.LeaderElection (LeaderElection.java:askForVotes(312)) - 9ad6c772-b583-49da-9dda-46d51a9db348@group-A48171208D74-LeaderElection4 ELECTION round 0: submit vote requests at term 1 for -1: peers:[9ad6c772-b583-49da-9dda-46d51a9db348|rpc:10.1.0.17:40437|priority:1|startupRole:FOLLOWER]|listeners:[], old=null
2022-11-04 01:08:02,440 [9ad6c772-b583-49da-9dda-46d51a9db348@group-A48171208D74-LeaderElection4] INFO  impl.LeaderElection (LeaderElection.java:askForVotes(314)) - 9ad6c772-b583-49da-9dda-46d51a9db348@group-A48171208D74-LeaderElection4 ELECTION round 0: result PASSED (term=1)
2022-11-04 01:08:02,440 [9ad6c772-b583-49da-9dda-46d51a9db348@group-A48171208D74-LeaderElection4] INFO  impl.RoleInfo (RoleInfo.java:shutdownLeaderElection(130)) - 9ad6c772-b583-49da-9dda-46d51a9db348: shutdown 9ad6c772-b583-49da-9dda-46d51a9db348@group-A48171208D74-LeaderElection4
2022-11-04 01:08:02,440 [9ad6c772-b583-49da-9dda-46d51a9db348@group-A48171208D74-LeaderElection4] INFO  server.RaftServer$Division (RaftServerImpl.java:setRole(321)) - 9ad6c772-b583-49da-9dda-46d51a9db348@group-A48171208D74: changes role from CANDIDATE to LEADER at term 1 for changeToLeader
2022-11-04 01:08:02,440 [9ad6c772-b583-49da-9dda-46d51a9db348@group-A48171208D74-LeaderElection4] INFO  ratis.XceiverServerRatis (XceiverServerRatis.java:handleLeaderChangedNotification(863)) - Leader change notification received for group: group-A48171208D74 with new leaderId: 9ad6c772-b583-49da-9dda-46d51a9db348
2022-11-04 01:08:02,440 [9ad6c772-b583-49da-9dda-46d51a9db348@group-A48171208D74-LeaderElection4] INFO  server.RaftServer$Division (ServerState.java:setLeader(313)) - 9ad6c772-b583-49da-9dda-46d51a9db348@group-A48171208D74: change Leader from null to 9ad6c772-b583-49da-9dda-46d51a9db348 at term 1 for becomeLeader, leader elected after 5130ms
2022-11-04 01:08:02,440 [9ad6c772-b583-49da-9dda-46d51a9db348@group-A48171208D74-LeaderElection4] INFO  server.RaftServerConfigKeys (ConfUtils.java:logGet(46)) - raft.server.staging.catchup.gap = 1000 (default)
2022-11-04 01:08:02,442 [9ad6c772-b583-49da-9dda-46d51a9db348@group-A48171208D74-LeaderElection4] INFO  server.RaftServerConfigKeys (ConfUtils.java:logGet(46)) - raft.server.write.element-limit = 1024 (custom)
2022-11-04 01:08:02,442 [9ad6c772-b583-49da-9dda-46d51a9db348@group-A48171208D74-LeaderElection4] INFO  server.RaftServerConfigKeys (ConfUtils.java:logGet(46)) - raft.server.write.byte-limit = 1024 M (=1073741824) (custom)
2022-11-04 01:08:02,442 [9ad6c772-b583-49da-9dda-46d51a9db348@group-A48171208D74-LeaderElection4] INFO  server.RaftServerConfigKeys (ConfUtils.java:logGet(46)) - raft.server.watch.timeout = 180s (custom)
2022-11-04 01:08:02,442 [9ad6c772-b583-49da-9dda-46d51a9db348@group-A48171208D74-LeaderElection4] INFO  server.RaftServerConfigKeys (ConfUtils.java:logGet(46)) - raft.server.watch.timeout.denomination = 1s (default)
2022-11-04 01:08:02,442 [9ad6c772-b583-49da-9dda-46d51a9db348@group-A48171208D74-LeaderElection4] INFO  server.RaftServerConfigKeys (ConfUtils.java:logGet(46)) - raft.server.watch.element-limit = 65536 (default)
2022-11-04 01:08:02,442 [9ad6c772-b583-49da-9dda-46d51a9db348@group-A48171208D74-LeaderElection4] INFO  server.RaftServerConfigKeys (ConfUtils.java:logGet(46)) - raft.server.write.element-limit = 1024 (custom)
2022-11-04 01:08:02,442 [9ad6c772-b583-49da-9dda-46d51a9db348@group-A48171208D74-LeaderElection4] INFO  server.RaftServerConfigKeys (ConfUtils.java:logGet(46)) - raft.server.write.follower.gap.ratio.max = -1.0 (default)
2022-11-04 01:08:02,442 [9ad6c772-b583-49da-9dda-46d51a9db348@group-A48171208D74-LeaderElection4] INFO  impl.RoleInfo (RoleInfo.java:updateAndGet(139)) - 9ad6c772-b583-49da-9dda-46d51a9db348: start 9ad6c772-b583-49da-9dda-46d51a9db348@group-A48171208D74-LeaderStateImpl
2022-11-04 01:08:02,443 [9ad6c772-b583-49da-9dda-46d51a9db348@group-A48171208D74-LeaderElection4] INFO  segmented.SegmentedRaftLogWorker (SegmentedRaftLogWorker.java:startLogSegment(452)) - 9ad6c772-b583-49da-9dda-46d51a9db348@group-A48171208D74-SegmentedRaftLogWorker: Starting segment from index:0
2022-11-04 01:08:02,444 [9ad6c772-b583-49da-9dda-46d51a9db348@group-A48171208D74-LeaderElection4] INFO  server.RaftServer$Division (ServerState.java:setRaftConf(430)) - 9ad6c772-b583-49da-9dda-46d51a9db348@group-A48171208D74: set configuration 0: peers:[9ad6c772-b583-49da-9dda-46d51a9db348|rpc:10.1.0.17:40437|dataStream:|priority:1|startupRole:FOLLOWER]|listeners:[], old=null
2022-11-04 01:08:02,448 [9ad6c772-b583-49da-9dda-46d51a9db348@group-A48171208D74-SegmentedRaftLogWorker] INFO  segmented.SegmentedRaftLogWorker (SegmentedRaftLogWorker.java:execute(656)) - 9ad6c772-b583-49da-9dda-46d51a9db348@group-A48171208D74-SegmentedRaftLogWorker: created new log segment /home/runner/work/ozone/ozone/hadoop-ozone/integration-test/target/test-dir/MiniOzoneClusterImpl-e654cb93-8a46-4732-947e-f27e0a8f69eb/datanode-1/data/ratis/3fbb2606-43e1-41df-a43e-a48171208d74/current/log_inprogress_0
2022-11-04 01:08:02,720 [70253b25-82f0-4a7c-9412-29622705a2de@group-4FF2CDC8C389-FollowerState] INFO  impl.FollowerState (FollowerState.java:run(143)) - 70253b25-82f0-4a7c-9412-29622705a2de@group-4FF2CDC8C389-FollowerState: change to CANDIDATE, lastRpcElapsedTime:5062911657ns, electionTimeout:5056ms
2022-11-04 01:08:02,720 [70253b25-82f0-4a7c-9412-29622705a2de@group-4FF2CDC8C389-FollowerState] INFO  impl.RoleInfo (RoleInfo.java:shutdownFollowerState(110)) - 70253b25-82f0-4a7c-9412-29622705a2de: shutdown 70253b25-82f0-4a7c-9412-29622705a2de@group-4FF2CDC8C389-FollowerState
2022-11-04 01:08:02,720 [70253b25-82f0-4a7c-9412-29622705a2de@group-4FF2CDC8C389-FollowerState] INFO  server.RaftServer$Division (RaftServerImpl.java:setRole(321)) - 70253b25-82f0-4a7c-9412-29622705a2de@group-4FF2CDC8C389: changes role from  FOLLOWER to CANDIDATE at term 0 for changeToCandidate
2022-11-04 01:08:02,720 [70253b25-82f0-4a7c-9412-29622705a2de@group-4FF2CDC8C389-FollowerState] INFO  server.RaftServerConfigKeys (ConfUtils.java:logGet(46)) - raft.server.leaderelection.pre-vote = false (custom)
2022-11-04 01:08:02,720 [70253b25-82f0-4a7c-9412-29622705a2de@group-4FF2CDC8C389-FollowerState] INFO  impl.RoleInfo (RoleInfo.java:updateAndGet(139)) - 70253b25-82f0-4a7c-9412-29622705a2de: start 70253b25-82f0-4a7c-9412-29622705a2de@group-4FF2CDC8C389-LeaderElection5
2022-11-04 01:08:02,723 [70253b25-82f0-4a7c-9412-29622705a2de@group-4FF2CDC8C389-LeaderElection5] INFO  impl.LeaderElection (LeaderElection.java:askForVotes(312)) - 70253b25-82f0-4a7c-9412-29622705a2de@group-4FF2CDC8C389-LeaderElection5 ELECTION round 0: submit vote requests at term 1 for -1: peers:[70253b25-82f0-4a7c-9412-29622705a2de|rpc:10.1.0.17:37713|dataStream:|priority:1|startupRole:FOLLOWER, 9ad6c772-b583-49da-9dda-46d51a9db348|rpc:10.1.0.17:40437|dataStream:|priority:0|startupRole:FOLLOWER, b5f0d7ba-78c4-4bfc-9c94-2fc11ccd4fbc|rpc:10.1.0.17:44613|dataStream:|priority:0|startupRole:FOLLOWER]|listeners:[], old=null
2022-11-04 01:08:02,724 [70253b25-82f0-4a7c-9412-29622705a2de@group-4FF2CDC8C389-LeaderElection5-1] INFO  server.GrpcServerProtocolClient (GrpcServerProtocolClient.java:<init>(63)) - Build channel for 9ad6c772-b583-49da-9dda-46d51a9db348
2022-11-04 01:08:02,724 [70253b25-82f0-4a7c-9412-29622705a2de@group-4FF2CDC8C389-LeaderElection5] INFO  server.RaftServerConfigKeys (ConfUtils.java:logFallback(53)) - raft.server.rpc.first-election.timeout.min = 5s (fallback to raft.server.rpc.timeout.min)
2022-11-04 01:08:02,724 [70253b25-82f0-4a7c-9412-29622705a2de@group-4FF2CDC8C389-LeaderElection5] INFO  server.RaftServerConfigKeys (ConfUtils.java:logFallback(53)) - raft.server.rpc.first-election.timeout.max = 5200ms (fallback to raft.server.rpc.timeout.max)
2022-11-04 01:08:02,724 [70253b25-82f0-4a7c-9412-29622705a2de@group-4FF2CDC8C389-LeaderElection5-2] INFO  server.GrpcServerProtocolClient (GrpcServerProtocolClient.java:<init>(63)) - Build channel for b5f0d7ba-78c4-4bfc-9c94-2fc11ccd4fbc
2022-11-04 01:08:02,729 [b5f0d7ba-78c4-4bfc-9c94-2fc11ccd4fbc@group-4FF2CDC8C389-FollowerState] INFO  impl.FollowerState (FollowerState.java:run(143)) - b5f0d7ba-78c4-4bfc-9c94-2fc11ccd4fbc@group-4FF2CDC8C389-FollowerState: change to CANDIDATE, lastRpcElapsedTime:5067029908ns, electionTimeout:5058ms
2022-11-04 01:08:02,730 [b5f0d7ba-78c4-4bfc-9c94-2fc11ccd4fbc@group-4FF2CDC8C389-FollowerState] INFO  impl.RoleInfo (RoleInfo.java:shutdownFollowerState(110)) - b5f0d7ba-78c4-4bfc-9c94-2fc11ccd4fbc: shutdown b5f0d7ba-78c4-4bfc-9c94-2fc11ccd4fbc@group-4FF2CDC8C389-FollowerState
2022-11-04 01:08:02,730 [b5f0d7ba-78c4-4bfc-9c94-2fc11ccd4fbc@group-4FF2CDC8C389-FollowerState] INFO  server.RaftServer$Division (RaftServerImpl.java:setRole(321)) - b5f0d7ba-78c4-4bfc-9c94-2fc11ccd4fbc@group-4FF2CDC8C389: changes role from  FOLLOWER to CANDIDATE at term 0 for changeToCandidate
2022-11-04 01:08:02,730 [b5f0d7ba-78c4-4bfc-9c94-2fc11ccd4fbc@group-4FF2CDC8C389-FollowerState] INFO  server.RaftServerConfigKeys (ConfUtils.java:logGet(46)) - raft.server.leaderelection.pre-vote = false (custom)
2022-11-04 01:08:02,730 [b5f0d7ba-78c4-4bfc-9c94-2fc11ccd4fbc@group-4FF2CDC8C389-FollowerState] INFO  impl.RoleInfo (RoleInfo.java:updateAndGet(139)) - b5f0d7ba-78c4-4bfc-9c94-2fc11ccd4fbc: start b5f0d7ba-78c4-4bfc-9c94-2fc11ccd4fbc@group-4FF2CDC8C389-LeaderElection6
2022-11-04 01:08:02,738 [b5f0d7ba-78c4-4bfc-9c94-2fc11ccd4fbc@group-4FF2CDC8C389-LeaderElection6] INFO  impl.LeaderElection (LeaderElection.java:askForVotes(312)) - b5f0d7ba-78c4-4bfc-9c94-2fc11ccd4fbc@group-4FF2CDC8C389-LeaderElection6 ELECTION round 0: submit vote requests at term 1 for -1: peers:[70253b25-82f0-4a7c-9412-29622705a2de|rpc:10.1.0.17:37713|priority:1|startupRole:FOLLOWER, 9ad6c772-b583-49da-9dda-46d51a9db348|rpc:10.1.0.17:40437|priority:0|startupRole:FOLLOWER, b5f0d7ba-78c4-4bfc-9c94-2fc11ccd4fbc|rpc:10.1.0.17:44613|priority:0|startupRole:FOLLOWER]|listeners:[], old=null
2022-11-04 01:08:02,746 [grpc-default-executor-1] INFO  server.RaftServer$Division (RaftServerImpl.java:requestVote(1218)) - b5f0d7ba-78c4-4bfc-9c94-2fc11ccd4fbc@group-4FF2CDC8C389: receive requestVote(ELECTION, 70253b25-82f0-4a7c-9412-29622705a2de, group-4FF2CDC8C389, 1, (t:0, i:0))
2022-11-04 01:08:02,748 [grpc-default-executor-1] INFO  impl.VoteContext (VoteContext.java:log(48)) - b5f0d7ba-78c4-4bfc-9c94-2fc11ccd4fbc@group-4FF2CDC8C389-CANDIDATE: reject ELECTION from 70253b25-82f0-4a7c-9412-29622705a2de: already has voted for b5f0d7ba-78c4-4bfc-9c94-2fc11ccd4fbc at current term 1
2022-11-04 01:08:02,748 [grpc-default-executor-1] INFO  server.RaftServer$Division (RaftServerImpl.java:requestVote(1251)) - b5f0d7ba-78c4-4bfc-9c94-2fc11ccd4fbc@group-4FF2CDC8C389 replies to ELECTION vote request: 70253b25-82f0-4a7c-9412-29622705a2de<-b5f0d7ba-78c4-4bfc-9c94-2fc11ccd4fbc#0:FAIL-t1. Peer's state: b5f0d7ba-78c4-4bfc-9c94-2fc11ccd4fbc@group-4FF2CDC8C389:t1, leader=null, voted=b5f0d7ba-78c4-4bfc-9c94-2fc11ccd4fbc, raftlog=Memoized:b5f0d7ba-78c4-4bfc-9c94-2fc11ccd4fbc@group-4FF2CDC8C389-SegmentedRaftLog:OPENED:c-1, conf=-1: peers:[70253b25-82f0-4a7c-9412-29622705a2de|rpc:10.1.0.17:37713|priority:1|startupRole:FOLLOWER, 9ad6c772-b583-49da-9dda-46d51a9db348|rpc:10.1.0.17:40437|priority:0|startupRole:FOLLOWER, b5f0d7ba-78c4-4bfc-9c94-2fc11ccd4fbc|rpc:10.1.0.17:44613|priority:0|startupRole:FOLLOWER]|listeners:[], old=null
2022-11-04 01:08:02,744 [grpc-default-executor-3] INFO  server.RaftServer$Division (RaftServerImpl.java:requestVote(1218)) - 9ad6c772-b583-49da-9dda-46d51a9db348@group-4FF2CDC8C389: receive requestVote(ELECTION, 70253b25-82f0-4a7c-9412-29622705a2de, group-4FF2CDC8C389, 1, (t:0, i:0))
2022-11-04 01:08:02,749 [grpc-default-executor-3] INFO  impl.VoteContext (VoteContext.java:log(48)) - 9ad6c772-b583-49da-9dda-46d51a9db348@group-4FF2CDC8C389-FOLLOWER: accept ELECTION from 70253b25-82f0-4a7c-9412-29622705a2de: our priority 0 <= candidate's priority 1
2022-11-04 01:08:02,749 [grpc-default-executor-3] INFO  server.RaftServer$Division (RaftServerImpl.java:setRole(321)) - 9ad6c772-b583-49da-9dda-46d51a9db348@group-4FF2CDC8C389: changes role from  FOLLOWER to FOLLOWER at term 1 for candidate:70253b25-82f0-4a7c-9412-29622705a2de
2022-11-04 01:08:02,749 [grpc-default-executor-3] INFO  impl.RoleInfo (RoleInfo.java:shutdownFollowerState(110)) - 9ad6c772-b583-49da-9dda-46d51a9db348: shutdown 9ad6c772-b583-49da-9dda-46d51a9db348@group-4FF2CDC8C389-FollowerState
2022-11-04 01:08:02,752 [grpc-default-executor-3] INFO  impl.RoleInfo (RoleInfo.java:updateAndGet(139)) - 9ad6c772-b583-49da-9dda-46d51a9db348: start 9ad6c772-b583-49da-9dda-46d51a9db348@group-4FF2CDC8C389-FollowerState
2022-11-04 01:08:02,752 [9ad6c772-b583-49da-9dda-46d51a9db348@group-4FF2CDC8C389-FollowerState] INFO  impl.FollowerState (FollowerState.java:run(152)) - 9ad6c772-b583-49da-9dda-46d51a9db348@group-4FF2CDC8C389-FollowerState was interrupted
2022-11-04 01:08:02,758 [b5f0d7ba-78c4-4bfc-9c94-2fc11ccd4fbc@group-4FF2CDC8C389-LeaderElection6] INFO  server.RaftServerConfigKeys (ConfUtils.java:logFallback(53)) - raft.server.rpc.first-election.timeout.min = 5s (fallback to raft.server.rpc.timeout.min)
2022-11-04 01:08:02,759 [b5f0d7ba-78c4-4bfc-9c94-2fc11ccd4fbc@group-4FF2CDC8C389-LeaderElection6] INFO  server.RaftServerConfigKeys (ConfUtils.java:logFallback(53)) - raft.server.rpc.first-election.timeout.max = 5200ms (fallback to raft.server.rpc.timeout.max)
2022-11-04 01:08:02,760 [grpc-default-executor-3] INFO  server.RaftServer$Division (RaftServerImpl.java:requestVote(1251)) - 9ad6c772-b583-49da-9dda-46d51a9db348@group-4FF2CDC8C389 replies to ELECTION vote request: 70253b25-82f0-4a7c-9412-29622705a2de<-9ad6c772-b583-49da-9dda-46d51a9db348#0:OK-t1. Peer's state: 9ad6c772-b583-49da-9dda-46d51a9db348@group-4FF2CDC8C389:t1, leader=null, voted=70253b25-82f0-4a7c-9412-29622705a2de, raftlog=Memoized:9ad6c772-b583-49da-9dda-46d51a9db348@group-4FF2CDC8C389-SegmentedRaftLog:OPENED:c-1, conf=-1: peers:[70253b25-82f0-4a7c-9412-29622705a2de|rpc:10.1.0.17:37713|priority:1|startupRole:FOLLOWER, 9ad6c772-b583-49da-9dda-46d51a9db348|rpc:10.1.0.17:40437|priority:0|startupRole:FOLLOWER, b5f0d7ba-78c4-4bfc-9c94-2fc11ccd4fbc|rpc:10.1.0.17:44613|priority:0|startupRole:FOLLOWER]|listeners:[], old=null
2022-11-04 01:08:02,768 [9ad6c772-b583-49da-9dda-46d51a9db348@group-4FF2CDC8C389-FollowerState] INFO  server.RaftServerConfigKeys (ConfUtils.java:logFallback(53)) - raft.server.rpc.first-election.timeout.min = 5s (fallback to raft.server.rpc.timeout.min)
2022-11-04 01:08:02,768 [9ad6c772-b583-49da-9dda-46d51a9db348@group-4FF2CDC8C389-FollowerState] INFO  server.RaftServerConfigKeys (ConfUtils.java:logFallback(53)) - raft.server.rpc.first-election.timeout.max = 5200ms (fallback to raft.server.rpc.timeout.max)
2022-11-04 01:08:02,777 [70253b25-82f0-4a7c-9412-29622705a2de@group-4FF2CDC8C389-LeaderElection5] INFO  impl.LeaderElection (LeaderElection.java:logAndReturn(90)) - 70253b25-82f0-4a7c-9412-29622705a2de@group-4FF2CDC8C389-LeaderElection5: ELECTION PASSED received 2 response(s) and 0 exception(s):
2022-11-04 01:08:02,777 [70253b25-82f0-4a7c-9412-29622705a2de@group-4FF2CDC8C389-LeaderElection5] INFO  impl.LeaderElection (LeaderElection.java:logAndReturn(94)) -   Response 0: 70253b25-82f0-4a7c-9412-29622705a2de<-9ad6c772-b583-49da-9dda-46d51a9db348#0:OK-t1
2022-11-04 01:08:02,777 [70253b25-82f0-4a7c-9412-29622705a2de@group-4FF2CDC8C389-LeaderElection5] INFO  impl.LeaderElection (LeaderElection.java:logAndReturn(94)) -   Response 1: 70253b25-82f0-4a7c-9412-29622705a2de<-b5f0d7ba-78c4-4bfc-9c94-2fc11ccd4fbc#0:FAIL-t1
2022-11-04 01:08:02,777 [70253b25-82f0-4a7c-9412-29622705a2de@group-4FF2CDC8C389-LeaderElection5] INFO  impl.LeaderElection (LeaderElection.java:askForVotes(314)) - 70253b25-82f0-4a7c-9412-29622705a2de@group-4FF2CDC8C389-LeaderElection5 ELECTION round 0: result PASSED
2022-11-04 01:08:02,777 [70253b25-82f0-4a7c-9412-29622705a2de@group-4FF2CDC8C389-LeaderElection5] INFO  impl.RoleInfo (RoleInfo.java:shutdownLeaderElection(130)) - 70253b25-82f0-4a7c-9412-29622705a2de: shutdown 70253b25-82f0-4a7c-9412-29622705a2de@group-4FF2CDC8C389-LeaderElection5
2022-11-04 01:08:02,779 [70253b25-82f0-4a7c-9412-29622705a2de@group-4FF2CDC8C389-LeaderElection5] INFO  server.RaftServer$Division (RaftServerImpl.java:setRole(321)) - 70253b25-82f0-4a7c-9412-29622705a2de@group-4FF2CDC8C389: changes role from CANDIDATE to LEADER at term 1 for changeToLeader
2022-11-04 01:08:02,779 [70253b25-82f0-4a7c-9412-29622705a2de@group-4FF2CDC8C389-LeaderElection5] INFO  ratis.XceiverServerRatis (XceiverServerRatis.java:handleLeaderChangedNotification(863)) - Leader change notification received for group: group-4FF2CDC8C389 with new leaderId: 70253b25-82f0-4a7c-9412-29622705a2de
2022-11-04 01:08:02,779 [70253b25-82f0-4a7c-9412-29622705a2de@group-4FF2CDC8C389-LeaderElection5] INFO  server.RaftServer$Division (ServerState.java:setLeader(313)) - 70253b25-82f0-4a7c-9412-29622705a2de@group-4FF2CDC8C389: change Leader from null to 70253b25-82f0-4a7c-9412-29622705a2de at term 1 for becomeLeader, leader elected after 5133ms
2022-11-04 01:08:02,779 [70253b25-82f0-4a7c-9412-29622705a2de@group-4FF2CDC8C389-LeaderElection5] INFO  server.RaftServerConfigKeys (ConfUtils.java:logGet(46)) - raft.server.staging.catchup.gap = 1000 (default)
2022-11-04 01:08:02,780 [70253b25-82f0-4a7c-9412-29622705a2de@group-4FF2CDC8C389-LeaderElection5] INFO  server.RaftServerConfigKeys (ConfUtils.java:logGet(46)) - raft.server.write.element-limit = 1024 (custom)
2022-11-04 01:08:02,780 [70253b25-82f0-4a7c-9412-29622705a2de@group-4FF2CDC8C389-LeaderElection5] INFO  server.RaftServerConfigKeys (ConfUtils.java:logGet(46)) - raft.server.write.byte-limit = 1024 M (=1073741824) (custom)
2022-11-04 01:08:02,780 [70253b25-82f0-4a7c-9412-29622705a2de@group-4FF2CDC8C389-LeaderElection5] INFO  server.RaftServerConfigKeys (ConfUtils.java:logGet(46)) - raft.server.watch.timeout = 180s (custom)
2022-11-04 01:08:02,780 [70253b25-82f0-4a7c-9412-29622705a2de@group-4FF2CDC8C389-LeaderElection5] INFO  server.RaftServerConfigKeys (ConfUtils.java:logGet(46)) - raft.server.watch.timeout.denomination = 1s (default)
2022-11-04 01:08:02,780 [70253b25-82f0-4a7c-9412-29622705a2de@group-4FF2CDC8C389-LeaderElection5] INFO  server.RaftServerConfigKeys (ConfUtils.java:logGet(46)) - raft.server.watch.element-limit = 65536 (default)
2022-11-04 01:08:02,780 [70253b25-82f0-4a7c-9412-29622705a2de@group-4FF2CDC8C389-LeaderElection5] INFO  server.RaftServerConfigKeys (ConfUtils.java:logGet(46)) - raft.server.write.element-limit = 1024 (custom)
2022-11-04 01:08:02,780 [70253b25-82f0-4a7c-9412-29622705a2de@group-4FF2CDC8C389-LeaderElection5] INFO  server.RaftServerConfigKeys (ConfUtils.java:logGet(46)) - raft.server.write.follower.gap.ratio.max = -1.0 (default)
2022-11-04 01:08:02,781 [70253b25-82f0-4a7c-9412-29622705a2de@group-4FF2CDC8C389-LeaderElection5] INFO  server.RaftServerConfigKeys (ConfUtils.java:logGet(46)) - raft.server.log.appender.snapshot.chunk.size.max = 16MB (=16777216) (default)
2022-11-04 01:08:02,781 [70253b25-82f0-4a7c-9412-29622705a2de@group-4FF2CDC8C389-LeaderElection5] INFO  server.RaftServerConfigKeys (ConfUtils.java:logGet(46)) - raft.server.log.appender.buffer.byte-limit = 33554432 (custom)
2022-11-04 01:08:02,781 [70253b25-82f0-4a7c-9412-29622705a2de@group-4FF2CDC8C389-LeaderElection5] INFO  server.RaftServerConfigKeys (ConfUtils.java:logGet(46)) - raft.server.log.appender.buffer.element-limit = 1 (custom)
2022-11-04 01:08:02,781 [70253b25-82f0-4a7c-9412-29622705a2de@group-4FF2CDC8C389-LeaderElection5] INFO  grpc.GrpcConfigKeys (ConfUtils.java:logGet(46)) - raft.grpc.server.leader.outstanding.appends.max = 128 (default)
2022-11-04 01:08:02,781 [70253b25-82f0-4a7c-9412-29622705a2de@group-4FF2CDC8C389-LeaderElection5] INFO  server.RaftServerConfigKeys (ConfUtils.java:logGet(46)) - raft.server.rpc.request.timeout = 60s (custom)
2022-11-04 01:08:02,781 [70253b25-82f0-4a7c-9412-29622705a2de@group-4FF2CDC8C389-LeaderElection5] INFO  server.RaftServerConfigKeys (ConfUtils.java:logGet(46)) - raft.server.log.appender.install.snapshot.enabled = false (custom)
2022-11-04 01:08:02,781 [70253b25-82f0-4a7c-9412-29622705a2de@group-4FF2CDC8C389-LeaderElection5] INFO  grpc.GrpcConfigKeys (ConfUtils.java:logGet(46)) - raft.grpc.server.heartbeat.channel = true (default)
2022-11-04 01:08:02,782 [70253b25-82f0-4a7c-9412-29622705a2de@group-4FF2CDC8C389-LeaderElection5] INFO  server.RaftServerConfigKeys (ConfUtils.java:logGet(46)) - raft.server.log.appender.wait-time.min = 10ms (default)
2022-11-04 01:08:02,782 [70253b25-82f0-4a7c-9412-29622705a2de@group-4FF2CDC8C389-LeaderElection5] INFO  server.RaftServerConfigKeys (ConfUtils.java:logGet(46)) - raft.server.log.appender.snapshot.chunk.size.max = 16MB (=16777216) (default)
2022-11-04 01:08:02,782 [70253b25-82f0-4a7c-9412-29622705a2de@group-4FF2CDC8C389-LeaderElection5] INFO  server.RaftServerConfigKeys (ConfUtils.java:logGet(46)) - raft.server.log.appender.buffer.byte-limit = 33554432 (custom)
2022-11-04 01:08:02,782 [70253b25-82f0-4a7c-9412-29622705a2de@group-4FF2CDC8C389-LeaderElection5] INFO  server.RaftServerConfigKeys (ConfUtils.java:logGet(46)) - raft.server.log.appender.buffer.element-limit = 1 (custom)
2022-11-04 01:08:02,782 [70253b25-82f0-4a7c-9412-29622705a2de@group-4FF2CDC8C389-LeaderElection5] INFO  grpc.GrpcConfigKeys (ConfUtils.java:logGet(46)) - raft.grpc.server.leader.outstanding.appends.max = 128 (default)
2022-11-04 01:08:02,782 [70253b25-82f0-4a7c-9412-29622705a2de@group-4FF2CDC8C389-LeaderElection5] INFO  server.RaftServerConfigKeys (ConfUtils.java:logGet(46)) - raft.server.rpc.request.timeout = 60s (custom)
2022-11-04 01:08:02,782 [70253b25-82f0-4a7c-9412-29622705a2de@group-4FF2CDC8C389-LeaderElection5] INFO  server.RaftServerConfigKeys (ConfUtils.java:logGet(46)) - raft.server.log.appender.install.snapshot.enabled = false (custom)
2022-11-04 01:08:02,782 [70253b25-82f0-4a7c-9412-29622705a2de@group-4FF2CDC8C389-LeaderElection5] INFO  grpc.GrpcConfigKeys (ConfUtils.java:logGet(46)) - raft.grpc.server.heartbeat.channel = true (default)
2022-11-04 01:08:02,782 [70253b25-82f0-4a7c-9412-29622705a2de@group-4FF2CDC8C389-LeaderElection5] INFO  server.RaftServerConfigKeys (ConfUtils.java:logGet(46)) - raft.server.log.appender.wait-time.min = 10ms (default)
2022-11-04 01:08:02,783 [70253b25-82f0-4a7c-9412-29622705a2de@group-4FF2CDC8C389-LeaderElection5] INFO  impl.RoleInfo (RoleInfo.java:updateAndGet(139)) - 70253b25-82f0-4a7c-9412-29622705a2de: start 70253b25-82f0-4a7c-9412-29622705a2de@group-4FF2CDC8C389-LeaderStateImpl
2022-11-04 01:08:02,783 [70253b25-82f0-4a7c-9412-29622705a2de@group-4FF2CDC8C389-LeaderElection5] INFO  segmented.SegmentedRaftLogWorker (SegmentedRaftLogWorker.java:startLogSegment(452)) - 70253b25-82f0-4a7c-9412-29622705a2de@group-4FF2CDC8C389-SegmentedRaftLogWorker: Starting segment from index:0
2022-11-04 01:08:02,783 [grpc-default-executor-1] INFO  server.RaftServer$Division (RaftServerImpl.java:requestVote(1218)) - 70253b25-82f0-4a7c-9412-29622705a2de@group-4FF2CDC8C389: receive requestVote(ELECTION, b5f0d7ba-78c4-4bfc-9c94-2fc11ccd4fbc, group-4FF2CDC8C389, 1, (t:0, i:0))
2022-11-04 01:08:02,785 [EventQueue-PipelineReportForPipelineReportHandler] INFO  pipeline.PipelineManagerImpl (PipelineManagerImpl.java:openPipeline(367)) - Pipeline Pipeline[ Id: 5564602d-0fd9-41f1-8725-4ff2cdc8c389, Nodes: 70253b25-82f0-4a7c-9412-29622705a2de{ip: 10.1.0.17, host: fv-az39-323.yumyzuo2tp0ejekjjwodrrku4b.bx.internal.cloudapp.net, ports: [REPLICATION=46293, RATIS=37713, RATIS_ADMIN=37713, RATIS_SERVER=37713, STANDALONE=37085], networkLocation: /default-rack, certSerialId: null, persistedOpState: IN_SERVICE, persistedOpStateExpiryEpochSec: 0}9ad6c772-b583-49da-9dda-46d51a9db348{ip: 10.1.0.17, host: fv-az39-323.yumyzuo2tp0ejekjjwodrrku4b.bx.internal.cloudapp.net, ports: [REPLICATION=46803, RATIS=40437, RATIS_ADMIN=40437, RATIS_SERVER=40437, STANDALONE=33617], networkLocation: /default-rack, certSerialId: null, persistedOpState: IN_SERVICE, persistedOpStateExpiryEpochSec: 0}b5f0d7ba-78c4-4bfc-9c94-2fc11ccd4fbc{ip: 10.1.0.17, host: fv-az39-323.yumyzuo2tp0ejekjjwodrrku4b.bx.internal.cloudapp.net, ports: [REPLICATION=32795, RATIS=44613, RATIS_ADMIN=44613, RATIS_SERVER=44613, STANDALONE=33005], networkLocation: /default-rack, certSerialId: null, persistedOpState: IN_SERVICE, persistedOpStateExpiryEpochSec: 0}, ReplicationConfig: RATIS/THREE, State:ALLOCATED, leaderId:70253b25-82f0-4a7c-9412-29622705a2de, CreationTimestamp2022-11-04T01:07:54.690Z[Etc/UTC]] moved to OPEN state
2022-11-04 01:08:02,786 [grpc-default-executor-3] INFO  server.RaftServer$Division (RaftServerImpl.java:requestVote(1218)) - 9ad6c772-b583-49da-9dda-46d51a9db348@group-4FF2CDC8C389: receive requestVote(ELECTION, b5f0d7ba-78c4-4bfc-9c94-2fc11ccd4fbc, group-4FF2CDC8C389, 1, (t:0, i:0))
2022-11-04 01:08:02,786 [grpc-default-executor-3] INFO  impl.VoteContext (VoteContext.java:log(48)) - 9ad6c772-b583-49da-9dda-46d51a9db348@group-4FF2CDC8C389-FOLLOWER: reject ELECTION from b5f0d7ba-78c4-4bfc-9c94-2fc11ccd4fbc: already has voted for 70253b25-82f0-4a7c-9412-29622705a2de at current term 1
2022-11-04 01:08:02,786 [grpc-default-executor-3] INFO  server.RaftServer$Division (RaftServerImpl.java:requestVote(1251)) - 9ad6c772-b583-49da-9dda-46d51a9db348@group-4FF2CDC8C389 replies to ELECTION vote request: b5f0d7ba-78c4-4bfc-9c94-2fc11ccd4fbc<-9ad6c772-b583-49da-9dda-46d51a9db348#0:FAIL-t1. Peer's state: 9ad6c772-b583-49da-9dda-46d51a9db348@group-4FF2CDC8C389:t1, leader=null, voted=70253b25-82f0-4a7c-9412-29622705a2de, raftlog=Memoized:9ad6c772-b583-49da-9dda-46d51a9db348@group-4FF2CDC8C389-SegmentedRaftLog:OPENED:c-1, conf=-1: peers:[70253b25-82f0-4a7c-9412-29622705a2de|rpc:10.1.0.17:37713|priority:1|startupRole:FOLLOWER, 9ad6c772-b583-49da-9dda-46d51a9db348|rpc:10.1.0.17:40437|priority:0|startupRole:FOLLOWER, b5f0d7ba-78c4-4bfc-9c94-2fc11ccd4fbc|rpc:10.1.0.17:44613|priority:0|startupRole:FOLLOWER]|listeners:[], old=null
2022-11-04 01:08:02,787 [70253b25-82f0-4a7c-9412-29622705a2de@group-4FF2CDC8C389-SegmentedRaftLogWorker] INFO  segmented.SegmentedRaftLogWorker (SegmentedRaftLogWorker.java:execute(656)) - 70253b25-82f0-4a7c-9412-29622705a2de@group-4FF2CDC8C389-SegmentedRaftLogWorker: created new log segment /home/runner/work/ozone/ozone/hadoop-ozone/integration-test/target/test-dir/MiniOzoneClusterImpl-e654cb93-8a46-4732-947e-f27e0a8f69eb/datanode-2/data/ratis/5564602d-0fd9-41f1-8725-4ff2cdc8c389/current/log_inprogress_0
2022-11-04 01:08:02,820 [70253b25-82f0-4a7c-9412-29622705a2de@group-4FF2CDC8C389-LeaderElection5] INFO  server.RaftServer$Division (ServerState.java:setRaftConf(430)) - 70253b25-82f0-4a7c-9412-29622705a2de@group-4FF2CDC8C389: set configuration 0: peers:[70253b25-82f0-4a7c-9412-29622705a2de|rpc:10.1.0.17:37713|dataStream:|priority:1|startupRole:FOLLOWER, 9ad6c772-b583-49da-9dda-46d51a9db348|rpc:10.1.0.17:40437|dataStream:|priority:0|startupRole:FOLLOWER, b5f0d7ba-78c4-4bfc-9c94-2fc11ccd4fbc|rpc:10.1.0.17:44613|dataStream:|priority:0|startupRole:FOLLOWER]|listeners:[], old=null
2022-11-04 01:08:02,828 [9ad6c772-b583-49da-9dda-46d51a9db348-server-thread1] INFO  ratis.XceiverServerRatis (XceiverServerRatis.java:handleLeaderChangedNotification(863)) - Leader change notification received for group: group-4FF2CDC8C389 with new leaderId: 70253b25-82f0-4a7c-9412-29622705a2de
2022-11-04 01:08:02,828 [9ad6c772-b583-49da-9dda-46d51a9db348-server-thread1] INFO  server.RaftServer$Division (ServerState.java:setLeader(313)) - 9ad6c772-b583-49da-9dda-46d51a9db348@group-4FF2CDC8C389: change Leader from null to 70253b25-82f0-4a7c-9412-29622705a2de at term 1 for appendEntries, leader elected after 5244ms
2022-11-04 01:08:02,828 [b5f0d7ba-78c4-4bfc-9c94-2fc11ccd4fbc-server-thread1] INFO  server.RaftServer$Division (RaftServerImpl.java:setRole(321)) - b5f0d7ba-78c4-4bfc-9c94-2fc11ccd4fbc@group-4FF2CDC8C389: changes role from CANDIDATE to FOLLOWER at term 1 for appendEntries
2022-11-04 01:08:02,828 [b5f0d7ba-78c4-4bfc-9c94-2fc11ccd4fbc-server-thread1] INFO  impl.RoleInfo (RoleInfo.java:shutdownLeaderElection(130)) - b5f0d7ba-78c4-4bfc-9c94-2fc11ccd4fbc: shutdown b5f0d7ba-78c4-4bfc-9c94-2fc11ccd4fbc@group-4FF2CDC8C389-LeaderElection6
2022-11-04 01:08:02,829 [b5f0d7ba-78c4-4bfc-9c94-2fc11ccd4fbc-server-thread1] INFO  impl.RoleInfo (RoleInfo.java:updateAndGet(139)) - b5f0d7ba-78c4-4bfc-9c94-2fc11ccd4fbc: start b5f0d7ba-78c4-4bfc-9c94-2fc11ccd4fbc@group-4FF2CDC8C389-FollowerState
2022-11-04 01:08:02,829 [b5f0d7ba-78c4-4bfc-9c94-2fc11ccd4fbc-server-thread1] INFO  ratis.XceiverServerRatis (XceiverServerRatis.java:handleLeaderChangedNotification(863)) - Leader change notification received for group: group-4FF2CDC8C389 with new leaderId: 70253b25-82f0-4a7c-9412-29622705a2de
2022-11-04 01:08:02,829 [b5f0d7ba-78c4-4bfc-9c94-2fc11ccd4fbc-server-thread1] INFO  server.RaftServer$Division (ServerState.java:setLeader(313)) - b5f0d7ba-78c4-4bfc-9c94-2fc11ccd4fbc@group-4FF2CDC8C389: change Leader from null to 70253b25-82f0-4a7c-9412-29622705a2de at term 1 for appendEntries, leader elected after 5191ms
2022-11-04 01:08:02,840 [b5f0d7ba-78c4-4bfc-9c94-2fc11ccd4fbc-server-thread1] INFO  server.RaftServer$Division (ServerState.java:setRaftConf(430)) - b5f0d7ba-78c4-4bfc-9c94-2fc11ccd4fbc@group-4FF2CDC8C389: set configuration 0: peers:[70253b25-82f0-4a7c-9412-29622705a2de|rpc:10.1.0.17:37713|dataStream:|priority:1|startupRole:FOLLOWER, 9ad6c772-b583-49da-9dda-46d51a9db348|rpc:10.1.0.17:40437|dataStream:|priority:0|startupRole:FOLLOWER, b5f0d7ba-78c4-4bfc-9c94-2fc11ccd4fbc|rpc:10.1.0.17:44613|dataStream:|priority:0|startupRole:FOLLOWER]|listeners:[], old=null
2022-11-04 01:08:02,845 [grpc-default-executor-1] INFO  impl.VoteContext (VoteContext.java:log(48)) - 70253b25-82f0-4a7c-9412-29622705a2de@group-4FF2CDC8C389-LEADER: reject ELECTION from b5f0d7ba-78c4-4bfc-9c94-2fc11ccd4fbc: already has voted for 70253b25-82f0-4a7c-9412-29622705a2de at current term 1
2022-11-04 01:08:02,845 [grpc-default-executor-1] INFO  server.RaftServer$Division (RaftServerImpl.java:requestVote(1251)) - 70253b25-82f0-4a7c-9412-29622705a2de@group-4FF2CDC8C389 replies to ELECTION vote request: b5f0d7ba-78c4-4bfc-9c94-2fc11ccd4fbc<-70253b25-82f0-4a7c-9412-29622705a2de#0:FAIL-t1. Peer's state: 70253b25-82f0-4a7c-9412-29622705a2de@group-4FF2CDC8C389:t1, leader=70253b25-82f0-4a7c-9412-29622705a2de, voted=70253b25-82f0-4a7c-9412-29622705a2de, raftlog=Memoized:70253b25-82f0-4a7c-9412-29622705a2de@group-4FF2CDC8C389-SegmentedRaftLog:OPENED:c0, conf=0: peers:[70253b25-82f0-4a7c-9412-29622705a2de|rpc:10.1.0.17:37713|dataStream:|priority:1|startupRole:FOLLOWER, 9ad6c772-b583-49da-9dda-46d51a9db348|rpc:10.1.0.17:40437|dataStream:|priority:0|startupRole:FOLLOWER, b5f0d7ba-78c4-4bfc-9c94-2fc11ccd4fbc|rpc:10.1.0.17:44613|dataStream:|priority:0|startupRole:FOLLOWER]|listeners:[], old=null
2022-11-04 01:08:02,846 [b5f0d7ba-78c4-4bfc-9c94-2fc11ccd4fbc-server-thread1] INFO  segmented.SegmentedRaftLogWorker (SegmentedRaftLogWorker.java:startLogSegment(452)) - b5f0d7ba-78c4-4bfc-9c94-2fc11ccd4fbc@group-4FF2CDC8C389-SegmentedRaftLogWorker: Starting segment from index:0
2022-11-04 01:08:02,848 [b5f0d7ba-78c4-4bfc-9c94-2fc11ccd4fbc@group-4FF2CDC8C389-SegmentedRaftLogWorker] INFO  segmented.SegmentedRaftLogWorker (SegmentedRaftLogWorker.java:execute(656)) - b5f0d7ba-78c4-4bfc-9c94-2fc11ccd4fbc@group-4FF2CDC8C389-SegmentedRaftLogWorker: created new log segment /home/runner/work/ozone/ozone/hadoop-ozone/integration-test/target/test-dir/MiniOzoneClusterImpl-e654cb93-8a46-4732-947e-f27e0a8f69eb/datanode-0/data/ratis/5564602d-0fd9-41f1-8725-4ff2cdc8c389/current/log_inprogress_0
2022-11-04 01:08:02,852 [b5f0d7ba-78c4-4bfc-9c94-2fc11ccd4fbc@group-4FF2CDC8C389-LeaderElection6] INFO  impl.LeaderElection (LeaderElection.java:logAndReturn(90)) - b5f0d7ba-78c4-4bfc-9c94-2fc11ccd4fbc@group-4FF2CDC8C389-LeaderElection6: ELECTION REJECTED received 2 response(s) and 0 exception(s):
2022-11-04 01:08:02,852 [b5f0d7ba-78c4-4bfc-9c94-2fc11ccd4fbc@group-4FF2CDC8C389-LeaderElection6] INFO  impl.LeaderElection (LeaderElection.java:logAndReturn(94)) -   Response 0: b5f0d7ba-78c4-4bfc-9c94-2fc11ccd4fbc<-70253b25-82f0-4a7c-9412-29622705a2de#0:FAIL-t1
2022-11-04 01:08:02,852 [b5f0d7ba-78c4-4bfc-9c94-2fc11ccd4fbc@group-4FF2CDC8C389-LeaderElection6] INFO  impl.LeaderElection (LeaderElection.java:logAndReturn(94)) -   Response 1: b5f0d7ba-78c4-4bfc-9c94-2fc11ccd4fbc<-9ad6c772-b583-49da-9dda-46d51a9db348#0:FAIL-t1
2022-11-04 01:08:02,852 [b5f0d7ba-78c4-4bfc-9c94-2fc11ccd4fbc@group-4FF2CDC8C389-LeaderElection6] INFO  impl.LeaderElection (LeaderElection.java:askForVotes(314)) - b5f0d7ba-78c4-4bfc-9c94-2fc11ccd4fbc@group-4FF2CDC8C389-LeaderElection6 ELECTION round 0: result REJECTED
2022-11-04 01:08:02,855 [9ad6c772-b583-49da-9dda-46d51a9db348-server-thread2] INFO  server.RaftServer$Division (ServerState.java:setRaftConf(430)) - 9ad6c772-b583-49da-9dda-46d51a9db348@group-4FF2CDC8C389: set configuration 0: peers:[70253b25-82f0-4a7c-9412-29622705a2de|rpc:10.1.0.17:37713|dataStream:|priority:1|startupRole:FOLLOWER, 9ad6c772-b583-49da-9dda-46d51a9db348|rpc:10.1.0.17:40437|dataStream:|priority:0|startupRole:FOLLOWER, b5f0d7ba-78c4-4bfc-9c94-2fc11ccd4fbc|rpc:10.1.0.17:44613|dataStream:|priority:0|startupRole:FOLLOWER]|listeners:[], old=null
2022-11-04 01:08:02,855 [9ad6c772-b583-49da-9dda-46d51a9db348-server-thread2] INFO  segmented.SegmentedRaftLogWorker (SegmentedRaftLogWorker.java:startLogSegment(452)) - 9ad6c772-b583-49da-9dda-46d51a9db348@group-4FF2CDC8C389-SegmentedRaftLogWorker: Starting segment from index:0
2022-11-04 01:08:02,857 [9ad6c772-b583-49da-9dda-46d51a9db348@group-4FF2CDC8C389-SegmentedRaftLogWorker] INFO  segmented.SegmentedRaftLogWorker (SegmentedRaftLogWorker.java:execute(656)) - 9ad6c772-b583-49da-9dda-46d51a9db348@group-4FF2CDC8C389-SegmentedRaftLogWorker: created new log segment /home/runner/work/ozone/ozone/hadoop-ozone/integration-test/target/test-dir/MiniOzoneClusterImpl-e654cb93-8a46-4732-947e-f27e0a8f69eb/datanode-1/data/ratis/5564602d-0fd9-41f1-8725-4ff2cdc8c389/current/log_inprogress_0
2022-11-04 01:08:02,864 [70253b25-82f0-4a7c-9412-29622705a2de@group-D2702EDADE96-FollowerState] INFO  impl.FollowerState (FollowerState.java:run(143)) - 70253b25-82f0-4a7c-9412-29622705a2de@group-D2702EDADE96-FollowerState: change to CANDIDATE, lastRpcElapsedTime:5132139227ns, electionTimeout:5131ms
2022-11-04 01:08:02,864 [70253b25-82f0-4a7c-9412-29622705a2de@group-D2702EDADE96-FollowerState] INFO  impl.RoleInfo (RoleInfo.java:shutdownFollowerState(110)) - 70253b25-82f0-4a7c-9412-29622705a2de: shutdown 70253b25-82f0-4a7c-9412-29622705a2de@group-D2702EDADE96-FollowerState
2022-11-04 01:08:02,864 [70253b25-82f0-4a7c-9412-29622705a2de@group-D2702EDADE96-FollowerState] INFO  server.RaftServer$Division (RaftServerImpl.java:setRole(321)) - 70253b25-82f0-4a7c-9412-29622705a2de@group-D2702EDADE96: changes role from  FOLLOWER to CANDIDATE at term 0 for changeToCandidate
2022-11-04 01:08:02,864 [70253b25-82f0-4a7c-9412-29622705a2de@group-D2702EDADE96-FollowerState] INFO  server.RaftServerConfigKeys (ConfUtils.java:logGet(46)) - raft.server.leaderelection.pre-vote = false (custom)
2022-11-04 01:08:02,864 [70253b25-82f0-4a7c-9412-29622705a2de@group-D2702EDADE96-FollowerState] INFO  impl.RoleInfo (RoleInfo.java:updateAndGet(139)) - 70253b25-82f0-4a7c-9412-29622705a2de: start 70253b25-82f0-4a7c-9412-29622705a2de@group-D2702EDADE96-LeaderElection7
2022-11-04 01:08:02,871 [70253b25-82f0-4a7c-9412-29622705a2de@group-D2702EDADE96-LeaderElection7] INFO  impl.LeaderElection (LeaderElection.java:askForVotes(312)) - 70253b25-82f0-4a7c-9412-29622705a2de@group-D2702EDADE96-LeaderElection7 ELECTION round 0: submit vote requests at term 1 for -1: peers:[70253b25-82f0-4a7c-9412-29622705a2de|rpc:10.1.0.17:37713|priority:1|startupRole:FOLLOWER]|listeners:[], old=null
2022-11-04 01:08:02,871 [70253b25-82f0-4a7c-9412-29622705a2de@group-D2702EDADE96-LeaderElection7] INFO  impl.LeaderElection (LeaderElection.java:askForVotes(314)) - 70253b25-82f0-4a7c-9412-29622705a2de@group-D2702EDADE96-LeaderElection7 ELECTION round 0: result PASSED (term=1)
2022-11-04 01:08:02,871 [70253b25-82f0-4a7c-9412-29622705a2de@group-D2702EDADE96-LeaderElection7] INFO  impl.RoleInfo (RoleInfo.java:shutdownLeaderElection(130)) - 70253b25-82f0-4a7c-9412-29622705a2de: shutdown 70253b25-82f0-4a7c-9412-29622705a2de@group-D2702EDADE96-LeaderElection7
2022-11-04 01:08:02,871 [70253b25-82f0-4a7c-9412-29622705a2de@group-D2702EDADE96-LeaderElection7] INFO  server.RaftServer$Division (RaftServerImpl.java:setRole(321)) - 70253b25-82f0-4a7c-9412-29622705a2de@group-D2702EDADE96: changes role from CANDIDATE to LEADER at term 1 for changeToLeader
2022-11-04 01:08:02,871 [70253b25-82f0-4a7c-9412-29622705a2de@group-D2702EDADE96-LeaderElection7] INFO  ratis.XceiverServerRatis (XceiverServerRatis.java:handleLeaderChangedNotification(863)) - Leader change notification received for group: group-D2702EDADE96 with new leaderId: 70253b25-82f0-4a7c-9412-29622705a2de
2022-11-04 01:08:02,871 [70253b25-82f0-4a7c-9412-29622705a2de@group-D2702EDADE96-LeaderElection7] INFO  server.RaftServer$Division (ServerState.java:setLeader(313)) - 70253b25-82f0-4a7c-9412-29622705a2de@group-D2702EDADE96: change Leader from null to 70253b25-82f0-4a7c-9412-29622705a2de at term 1 for becomeLeader, leader elected after 5184ms
2022-11-04 01:08:02,871 [70253b25-82f0-4a7c-9412-29622705a2de@group-D2702EDADE96-LeaderElection7] INFO  server.RaftServerConfigKeys (ConfUtils.java:logGet(46)) - raft.server.staging.catchup.gap = 1000 (default)
2022-11-04 01:08:02,872 [70253b25-82f0-4a7c-9412-29622705a2de@group-D2702EDADE96-LeaderElection7] INFO  server.RaftServerConfigKeys (ConfUtils.java:logGet(46)) - raft.server.write.element-limit = 1024 (custom)
2022-11-04 01:08:02,872 [70253b25-82f0-4a7c-9412-29622705a2de@group-D2702EDADE96-LeaderElection7] INFO  server.RaftServerConfigKeys (ConfUtils.java:logGet(46)) - raft.server.write.byte-limit = 1024 M (=1073741824) (custom)
2022-11-04 01:08:02,872 [70253b25-82f0-4a7c-9412-29622705a2de@group-D2702EDADE96-LeaderElection7] INFO  server.RaftServerConfigKeys (ConfUtils.java:logGet(46)) - raft.server.watch.timeout = 180s (custom)
2022-11-04 01:08:02,872 [70253b25-82f0-4a7c-9412-29622705a2de@group-D2702EDADE96-LeaderElection7] INFO  server.RaftServerConfigKeys (ConfUtils.java:logGet(46)) - raft.server.watch.timeout.denomination = 1s (default)
2022-11-04 01:08:02,872 [70253b25-82f0-4a7c-9412-29622705a2de@group-D2702EDADE96-LeaderElection7] INFO  server.RaftServerConfigKeys (ConfUtils.java:logGet(46)) - raft.server.watch.element-limit = 65536 (default)
2022-11-04 01:08:02,872 [70253b25-82f0-4a7c-9412-29622705a2de@group-D2702EDADE96-LeaderElection7] INFO  server.RaftServerConfigKeys (ConfUtils.java:logGet(46)) - raft.server.write.element-limit = 1024 (custom)
2022-11-04 01:08:02,872 [70253b25-82f0-4a7c-9412-29622705a2de@group-D2702EDADE96-LeaderElection7] INFO  server.RaftServerConfigKeys (ConfUtils.java:logGet(46)) - raft.server.write.follower.gap.ratio.max = -1.0 (default)
2022-11-04 01:08:02,873 [70253b25-82f0-4a7c-9412-29622705a2de@group-D2702EDADE96-LeaderElection7] INFO  impl.RoleInfo (RoleInfo.java:updateAndGet(139)) - 70253b25-82f0-4a7c-9412-29622705a2de: start 70253b25-82f0-4a7c-9412-29622705a2de@group-D2702EDADE96-LeaderStateImpl
2022-11-04 01:08:02,874 [70253b25-82f0-4a7c-9412-29622705a2de@group-D2702EDADE96-LeaderElection7] INFO  segmented.SegmentedRaftLogWorker (SegmentedRaftLogWorker.java:startLogSegment(452)) - 70253b25-82f0-4a7c-9412-29622705a2de@group-D2702EDADE96-SegmentedRaftLogWorker: Starting segment from index:0
2022-11-04 01:08:02,875 [70253b25-82f0-4a7c-9412-29622705a2de@group-D2702EDADE96-SegmentedRaftLogWorker] INFO  segmented.SegmentedRaftLogWorker (SegmentedRaftLogWorker.java:execute(656)) - 70253b25-82f0-4a7c-9412-29622705a2de@group-D2702EDADE96-SegmentedRaftLogWorker: created new log segment /home/runner/work/ozone/ozone/hadoop-ozone/integration-test/target/test-dir/MiniOzoneClusterImpl-e654cb93-8a46-4732-947e-f27e0a8f69eb/datanode-2/data/ratis/b039d9f5-3bf5-4340-8ef9-d2702edade96/current/log_inprogress_0
2022-11-04 01:08:02,886 [70253b25-82f0-4a7c-9412-29622705a2de@group-D2702EDADE96-LeaderElection7] INFO  server.RaftServer$Division (ServerState.java:setRaftConf(430)) - 70253b25-82f0-4a7c-9412-29622705a2de@group-D2702EDADE96: set configuration 0: peers:[70253b25-82f0-4a7c-9412-29622705a2de|rpc:10.1.0.17:37713|dataStream:|priority:1|startupRole:FOLLOWER]|listeners:[], old=null
2022-11-04 01:08:03,100 [Listener at 127.0.0.1/40125] INFO  ozone.MiniOzoneClusterImpl (MiniOzoneClusterImpl.java:lambda$waitForClusterToBeReady$0(216)) - Nodes are ready. Got 10 of 10 DN Heartbeats.
2022-11-04 01:08:03,101 [Listener at 127.0.0.1/40125] INFO  ozone.MiniOzoneClusterImpl (MiniOzoneClusterImpl.java:lambda$waitForClusterToBeReady$0(219)) - Cluster exits safe mode
2022-11-04 01:08:03,101 [Listener at 127.0.0.1/40125] INFO  ozone.MiniOzoneClusterImpl (MiniOzoneClusterImpl.java:lambda$waitForClusterToBeReady$0(221)) - SCM became leader
2022-11-04 01:08:03,166 [47858208-0de4-46ca-af6a-45b9f6a00c92@group-E09A63FF8367-FollowerState] INFO  impl.FollowerState (FollowerState.java:run(143)) - 47858208-0de4-46ca-af6a-45b9f6a00c92@group-E09A63FF8367-FollowerState: change to CANDIDATE, lastRpcElapsedTime:5109087903ns, electionTimeout:5102ms
2022-11-04 01:08:03,166 [47858208-0de4-46ca-af6a-45b9f6a00c92@group-E09A63FF8367-FollowerState] INFO  impl.RoleInfo (RoleInfo.java:shutdownFollowerState(110)) - 47858208-0de4-46ca-af6a-45b9f6a00c92: shutdown 47858208-0de4-46ca-af6a-45b9f6a00c92@group-E09A63FF8367-FollowerState
2022-11-04 01:08:03,166 [47858208-0de4-46ca-af6a-45b9f6a00c92@group-E09A63FF8367-FollowerState] INFO  server.RaftServer$Division (RaftServerImpl.java:setRole(321)) - 47858208-0de4-46ca-af6a-45b9f6a00c92@group-E09A63FF8367: changes role from  FOLLOWER to CANDIDATE at term 0 for changeToCandidate
2022-11-04 01:08:03,166 [47858208-0de4-46ca-af6a-45b9f6a00c92@group-E09A63FF8367-FollowerState] INFO  server.RaftServerConfigKeys (ConfUtils.java:logGet(46)) - raft.server.leaderelection.pre-vote = false (custom)
2022-11-04 01:08:03,166 [47858208-0de4-46ca-af6a-45b9f6a00c92@group-E09A63FF8367-FollowerState] INFO  impl.RoleInfo (RoleInfo.java:updateAndGet(139)) - 47858208-0de4-46ca-af6a-45b9f6a00c92: start 47858208-0de4-46ca-af6a-45b9f6a00c92@group-E09A63FF8367-LeaderElection8
2022-11-04 01:08:03,180 [47858208-0de4-46ca-af6a-45b9f6a00c92@group-760B59CC648B-FollowerState] INFO  impl.FollowerState (FollowerState.java:run(143)) - 47858208-0de4-46ca-af6a-45b9f6a00c92@group-760B59CC648B-FollowerState: change to CANDIDATE, lastRpcElapsedTime:5101257797ns, electionTimeout:5099ms
2022-11-04 01:08:03,180 [47858208-0de4-46ca-af6a-45b9f6a00c92@group-760B59CC648B-FollowerState] INFO  impl.RoleInfo (RoleInfo.java:shutdownFollowerState(110)) - 47858208-0de4-46ca-af6a-45b9f6a00c92: shutdown 47858208-0de4-46ca-af6a-45b9f6a00c92@group-760B59CC648B-FollowerState
2022-11-04 01:08:03,180 [47858208-0de4-46ca-af6a-45b9f6a00c92@group-760B59CC648B-FollowerState] INFO  server.RaftServer$Division (RaftServerImpl.java:setRole(321)) - 47858208-0de4-46ca-af6a-45b9f6a00c92@group-760B59CC648B: changes role from  FOLLOWER to CANDIDATE at term 0 for changeToCandidate
2022-11-04 01:08:03,180 [47858208-0de4-46ca-af6a-45b9f6a00c92@group-760B59CC648B-FollowerState] INFO  server.RaftServerConfigKeys (ConfUtils.java:logGet(46)) - raft.server.leaderelection.pre-vote = false (custom)
2022-11-04 01:08:03,180 [47858208-0de4-46ca-af6a-45b9f6a00c92@group-760B59CC648B-FollowerState] INFO  impl.RoleInfo (RoleInfo.java:updateAndGet(139)) - 47858208-0de4-46ca-af6a-45b9f6a00c92: start 47858208-0de4-46ca-af6a-45b9f6a00c92@group-760B59CC648B-LeaderElection9
2022-11-04 01:08:03,182 [914271eb-14eb-4bb5-b4be-b6b4d3827766@group-760B59CC648B-FollowerState] INFO  impl.FollowerState (FollowerState.java:run(143)) - 914271eb-14eb-4bb5-b4be-b6b4d3827766@group-760B59CC648B-FollowerState: change to CANDIDATE, lastRpcElapsedTime:5014948233ns, electionTimeout:5010ms
2022-11-04 01:08:03,182 [914271eb-14eb-4bb5-b4be-b6b4d3827766@group-760B59CC648B-FollowerState] INFO  impl.RoleInfo (RoleInfo.java:shutdownFollowerState(110)) - 914271eb-14eb-4bb5-b4be-b6b4d3827766: shutdown 914271eb-14eb-4bb5-b4be-b6b4d3827766@group-760B59CC648B-FollowerState
2022-11-04 01:08:03,194 [914271eb-14eb-4bb5-b4be-b6b4d3827766@group-760B59CC648B-FollowerState] INFO  server.RaftServer$Division (RaftServerImpl.java:setRole(321)) - 914271eb-14eb-4bb5-b4be-b6b4d3827766@group-760B59CC648B: changes role from  FOLLOWER to CANDIDATE at term 0 for changeToCandidate
2022-11-04 01:08:03,194 [914271eb-14eb-4bb5-b4be-b6b4d3827766@group-760B59CC648B-FollowerState] INFO  server.RaftServerConfigKeys (ConfUtils.java:logGet(46)) - raft.server.leaderelection.pre-vote = false (custom)
2022-11-04 01:08:03,194 [914271eb-14eb-4bb5-b4be-b6b4d3827766@group-760B59CC648B-FollowerState] INFO  impl.RoleInfo (RoleInfo.java:updateAndGet(139)) - 914271eb-14eb-4bb5-b4be-b6b4d3827766: start 914271eb-14eb-4bb5-b4be-b6b4d3827766@group-760B59CC648B-LeaderElection10
2022-11-04 01:08:03,196 [47858208-0de4-46ca-af6a-45b9f6a00c92@group-E09A63FF8367-LeaderElection8] INFO  impl.LeaderElection (LeaderElection.java:askForVotes(312)) - 47858208-0de4-46ca-af6a-45b9f6a00c92@group-E09A63FF8367-LeaderElection8 ELECTION round 0: submit vote requests at term 1 for -1: peers:[47858208-0de4-46ca-af6a-45b9f6a00c92|rpc:10.1.0.17:42645|priority:1|startupRole:FOLLOWER]|listeners:[], old=null
2022-11-04 01:08:03,196 [47858208-0de4-46ca-af6a-45b9f6a00c92@group-E09A63FF8367-LeaderElection8] INFO  impl.LeaderElection (LeaderElection.java:askForVotes(314)) - 47858208-0de4-46ca-af6a-45b9f6a00c92@group-E09A63FF8367-LeaderElection8 ELECTION round 0: result PASSED (term=1)
2022-11-04 01:08:03,196 [47858208-0de4-46ca-af6a-45b9f6a00c92@group-E09A63FF8367-LeaderElection8] INFO  impl.RoleInfo (RoleInfo.java:shutdownLeaderElection(130)) - 47858208-0de4-46ca-af6a-45b9f6a00c92: shutdown 47858208-0de4-46ca-af6a-45b9f6a00c92@group-E09A63FF8367-LeaderElection8
2022-11-04 01:08:03,196 [47858208-0de4-46ca-af6a-45b9f6a00c92@group-760B59CC648B-LeaderElection9] INFO  impl.LeaderElection (LeaderElection.java:askForVotes(312)) - 47858208-0de4-46ca-af6a-45b9f6a00c92@group-760B59CC648B-LeaderElection9 ELECTION round 0: submit vote requests at term 1 for -1: peers:[47858208-0de4-46ca-af6a-45b9f6a00c92|rpc:10.1.0.17:42645|priority:1|startupRole:FOLLOWER, e73ed4bb-a433-4ecd-b93a-d0b4e16433ed|rpc:10.1.0.17:37481|priority:0|startupRole:FOLLOWER, 914271eb-14eb-4bb5-b4be-b6b4d3827766|rpc:10.1.0.17:40663|priority:0|startupRole:FOLLOWER]|listeners:[], old=null
2022-11-04 01:08:03,196 [47858208-0de4-46ca-af6a-45b9f6a00c92@group-E09A63FF8367-LeaderElection8] INFO  server.RaftServer$Division (RaftServerImpl.java:setRole(321)) - 47858208-0de4-46ca-af6a-45b9f6a00c92@group-E09A63FF8367: changes role from CANDIDATE to LEADER at term 1 for changeToLeader
2022-11-04 01:08:03,196 [47858208-0de4-46ca-af6a-45b9f6a00c92@group-E09A63FF8367-LeaderElection8] INFO  ratis.XceiverServerRatis (XceiverServerRatis.java:handleLeaderChangedNotification(863)) - Leader change notification received for group: group-E09A63FF8367 with new leaderId: 47858208-0de4-46ca-af6a-45b9f6a00c92
2022-11-04 01:08:03,202 [47858208-0de4-46ca-af6a-45b9f6a00c92@group-E09A63FF8367-LeaderElection8] INFO  server.RaftServer$Division (ServerState.java:setLeader(313)) - 47858208-0de4-46ca-af6a-45b9f6a00c92@group-E09A63FF8367: change Leader from null to 47858208-0de4-46ca-af6a-45b9f6a00c92 at term 1 for becomeLeader, leader elected after 5164ms
2022-11-04 01:08:03,202 [47858208-0de4-46ca-af6a-45b9f6a00c92@group-E09A63FF8367-LeaderElection8] INFO  server.RaftServerConfigKeys (ConfUtils.java:logGet(46)) - raft.server.staging.catchup.gap = 1000 (default)
2022-11-04 01:08:03,205 [47858208-0de4-46ca-af6a-45b9f6a00c92@group-E09A63FF8367-LeaderElection8] INFO  server.RaftServerConfigKeys (ConfUtils.java:logGet(46)) - raft.server.write.element-limit = 1024 (custom)
2022-11-04 01:08:03,206 [47858208-0de4-46ca-af6a-45b9f6a00c92@group-E09A63FF8367-LeaderElection8] INFO  server.RaftServerConfigKeys (ConfUtils.java:logGet(46)) - raft.server.write.byte-limit = 1024 M (=1073741824) (custom)
2022-11-04 01:08:03,203 [47858208-0de4-46ca-af6a-45b9f6a00c92@group-760B59CC648B-LeaderElection9] INFO  server.RaftServerConfigKeys (ConfUtils.java:logFallback(53)) - raft.server.rpc.first-election.timeout.min = 5s (fallback to raft.server.rpc.timeout.min)
2022-11-04 01:08:03,206 [47858208-0de4-46ca-af6a-45b9f6a00c92@group-760B59CC648B-LeaderElection9] INFO  server.RaftServerConfigKeys (ConfUtils.java:logFallback(53)) - raft.server.rpc.first-election.timeout.max = 5200ms (fallback to raft.server.rpc.timeout.max)
2022-11-04 01:08:03,206 [47858208-0de4-46ca-af6a-45b9f6a00c92@group-E09A63FF8367-LeaderElection8] INFO  server.RaftServerConfigKeys (ConfUtils.java:logGet(46)) - raft.server.watch.timeout = 180s (custom)
2022-11-04 01:08:03,206 [47858208-0de4-46ca-af6a-45b9f6a00c92@group-E09A63FF8367-LeaderElection8] INFO  server.RaftServerConfigKeys (ConfUtils.java:logGet(46)) - raft.server.watch.timeout.denomination = 1s (default)
2022-11-04 01:08:03,206 [47858208-0de4-46ca-af6a-45b9f6a00c92@group-E09A63FF8367-LeaderElection8] INFO  server.RaftServerConfigKeys (ConfUtils.java:logGet(46)) - raft.server.watch.element-limit = 65536 (default)
2022-11-04 01:08:03,206 [47858208-0de4-46ca-af6a-45b9f6a00c92@group-E09A63FF8367-LeaderElection8] INFO  server.RaftServerConfigKeys (ConfUtils.java:logGet(46)) - raft.server.write.element-limit = 1024 (custom)
2022-11-04 01:08:03,206 [47858208-0de4-46ca-af6a-45b9f6a00c92@group-E09A63FF8367-LeaderElection8] INFO  server.RaftServerConfigKeys (ConfUtils.java:logGet(46)) - raft.server.write.follower.gap.ratio.max = -1.0 (default)
2022-11-04 01:08:03,206 [47858208-0de4-46ca-af6a-45b9f6a00c92@group-E09A63FF8367-LeaderElection8] INFO  impl.RoleInfo (RoleInfo.java:updateAndGet(139)) - 47858208-0de4-46ca-af6a-45b9f6a00c92: start 47858208-0de4-46ca-af6a-45b9f6a00c92@group-E09A63FF8367-LeaderStateImpl
2022-11-04 01:08:03,206 [47858208-0de4-46ca-af6a-45b9f6a00c92@group-E09A63FF8367-LeaderElection8] INFO  segmented.SegmentedRaftLogWorker (SegmentedRaftLogWorker.java:startLogSegment(452)) - 47858208-0de4-46ca-af6a-45b9f6a00c92@group-E09A63FF8367-SegmentedRaftLogWorker: Starting segment from index:0
2022-11-04 01:08:03,208 [914271eb-14eb-4bb5-b4be-b6b4d3827766@group-760B59CC648B-LeaderElection10] INFO  impl.LeaderElection (LeaderElection.java:askForVotes(312)) - 914271eb-14eb-4bb5-b4be-b6b4d3827766@group-760B59CC648B-LeaderElection10 ELECTION round 0: submit vote requests at term 1 for -1: peers:[47858208-0de4-46ca-af6a-45b9f6a00c92|rpc:10.1.0.17:42645|dataStream:|priority:1|startupRole:FOLLOWER, e73ed4bb-a433-4ecd-b93a-d0b4e16433ed|rpc:10.1.0.17:37481|dataStream:|priority:0|startupRole:FOLLOWER, 914271eb-14eb-4bb5-b4be-b6b4d3827766|rpc:10.1.0.17:40663|dataStream:|priority:0|startupRole:FOLLOWER]|listeners:[], old=null
2022-11-04 01:08:03,208 [47858208-0de4-46ca-af6a-45b9f6a00c92@group-E09A63FF8367-SegmentedRaftLogWorker] INFO  segmented.SegmentedRaftLogWorker (SegmentedRaftLogWorker.java:execute(656)) - 47858208-0de4-46ca-af6a-45b9f6a00c92@group-E09A63FF8367-SegmentedRaftLogWorker: created new log segment /home/runner/work/ozone/ozone/hadoop-ozone/integration-test/target/test-dir/MiniOzoneClusterImpl-e654cb93-8a46-4732-947e-f27e0a8f69eb/datanode-3/data/ratis/788766cc-2cbb-4088-8f48-e09a63ff8367/current/log_inprogress_0
2022-11-04 01:08:03,203 [47858208-0de4-46ca-af6a-45b9f6a00c92@group-760B59CC648B-LeaderElection9-1] INFO  server.GrpcServerProtocolClient (GrpcServerProtocolClient.java:<init>(63)) - Build channel for e73ed4bb-a433-4ecd-b93a-d0b4e16433ed
2022-11-04 01:08:03,224 [914271eb-14eb-4bb5-b4be-b6b4d3827766@group-760B59CC648B-LeaderElection10] INFO  server.RaftServerConfigKeys (ConfUtils.java:logFallback(53)) - raft.server.rpc.first-election.timeout.min = 5s (fallback to raft.server.rpc.timeout.min)
2022-11-04 01:08:03,224 [914271eb-14eb-4bb5-b4be-b6b4d3827766@group-760B59CC648B-LeaderElection10] INFO  server.RaftServerConfigKeys (ConfUtils.java:logFallback(53)) - raft.server.rpc.first-election.timeout.max = 5200ms (fallback to raft.server.rpc.timeout.max)
2022-11-04 01:08:03,224 [914271eb-14eb-4bb5-b4be-b6b4d3827766@group-760B59CC648B-LeaderElection10-1] INFO  server.GrpcServerProtocolClient (GrpcServerProtocolClient.java:<init>(63)) - Build channel for 47858208-0de4-46ca-af6a-45b9f6a00c92
2022-11-04 01:08:03,232 [47858208-0de4-46ca-af6a-45b9f6a00c92@group-760B59CC648B-LeaderElection9-2] INFO  server.GrpcServerProtocolClient (GrpcServerProtocolClient.java:<init>(63)) - Build channel for 914271eb-14eb-4bb5-b4be-b6b4d3827766
2022-11-04 01:08:03,227 [47858208-0de4-46ca-af6a-45b9f6a00c92@group-E09A63FF8367-LeaderElection8] INFO  server.RaftServer$Division (ServerState.java:setRaftConf(430)) - 47858208-0de4-46ca-af6a-45b9f6a00c92@group-E09A63FF8367: set configuration 0: peers:[47858208-0de4-46ca-af6a-45b9f6a00c92|rpc:10.1.0.17:42645|dataStream:|priority:1|startupRole:FOLLOWER]|listeners:[], old=null
2022-11-04 01:08:03,236 [grpc-default-executor-6] INFO  server.RaftServer$Division (RaftServerImpl.java:requestVote(1218)) - e73ed4bb-a433-4ecd-b93a-d0b4e16433ed@group-760B59CC648B: receive requestVote(ELECTION, 47858208-0de4-46ca-af6a-45b9f6a00c92, group-760B59CC648B, 1, (t:0, i:0))
2022-11-04 01:08:03,236 [grpc-default-executor-6] INFO  impl.VoteContext (VoteContext.java:log(48)) - e73ed4bb-a433-4ecd-b93a-d0b4e16433ed@group-760B59CC648B-FOLLOWER: accept ELECTION from 47858208-0de4-46ca-af6a-45b9f6a00c92: our priority 0 <= candidate's priority 1
2022-11-04 01:08:03,236 [grpc-default-executor-6] INFO  server.RaftServer$Division (RaftServerImpl.java:setRole(321)) - e73ed4bb-a433-4ecd-b93a-d0b4e16433ed@group-760B59CC648B: changes role from  FOLLOWER to FOLLOWER at term 1 for candidate:47858208-0de4-46ca-af6a-45b9f6a00c92
2022-11-04 01:08:03,236 [grpc-default-executor-6] INFO  impl.RoleInfo (RoleInfo.java:shutdownFollowerState(110)) - e73ed4bb-a433-4ecd-b93a-d0b4e16433ed: shutdown e73ed4bb-a433-4ecd-b93a-d0b4e16433ed@group-760B59CC648B-FollowerState
2022-11-04 01:08:03,236 [grpc-default-executor-6] INFO  impl.RoleInfo (RoleInfo.java:updateAndGet(139)) - e73ed4bb-a433-4ecd-b93a-d0b4e16433ed: start e73ed4bb-a433-4ecd-b93a-d0b4e16433ed@group-760B59CC648B-FollowerState
2022-11-04 01:08:03,236 [e73ed4bb-a433-4ecd-b93a-d0b4e16433ed@group-760B59CC648B-FollowerState] INFO  impl.FollowerState (FollowerState.java:run(152)) - e73ed4bb-a433-4ecd-b93a-d0b4e16433ed@group-760B59CC648B-FollowerState was interrupted
2022-11-04 01:08:03,237 [e73ed4bb-a433-4ecd-b93a-d0b4e16433ed@group-760B59CC648B-FollowerState] INFO  server.RaftServerConfigKeys (ConfUtils.java:logFallback(53)) - raft.server.rpc.first-election.timeout.min = 5s (fallback to raft.server.rpc.timeout.min)
2022-11-04 01:08:03,237 [e73ed4bb-a433-4ecd-b93a-d0b4e16433ed@group-760B59CC648B-FollowerState] INFO  server.RaftServerConfigKeys (ConfUtils.java:logFallback(53)) - raft.server.rpc.first-election.timeout.max = 5200ms (fallback to raft.server.rpc.timeout.max)
2022-11-04 01:08:03,238 [grpc-default-executor-6] INFO  server.RaftServer$Division (RaftServerImpl.java:requestVote(1251)) - e73ed4bb-a433-4ecd-b93a-d0b4e16433ed@group-760B59CC648B replies to ELECTION vote request: 47858208-0de4-46ca-af6a-45b9f6a00c92<-e73ed4bb-a433-4ecd-b93a-d0b4e16433ed#0:OK-t1. Peer's state: e73ed4bb-a433-4ecd-b93a-d0b4e16433ed@group-760B59CC648B:t1, leader=null, voted=47858208-0de4-46ca-af6a-45b9f6a00c92, raftlog=Memoized:e73ed4bb-a433-4ecd-b93a-d0b4e16433ed@group-760B59CC648B-SegmentedRaftLog:OPENED:c-1, conf=-1: peers:[47858208-0de4-46ca-af6a-45b9f6a00c92|rpc:10.1.0.17:42645|dataStream:|priority:1|startupRole:FOLLOWER, e73ed4bb-a433-4ecd-b93a-d0b4e16433ed|rpc:10.1.0.17:37481|dataStream:|priority:0|startupRole:FOLLOWER, 914271eb-14eb-4bb5-b4be-b6b4d3827766|rpc:10.1.0.17:40663|dataStream:|priority:0|startupRole:FOLLOWER]|listeners:[], old=null
2022-11-04 01:08:03,248 [47858208-0de4-46ca-af6a-45b9f6a00c92@group-760B59CC648B-LeaderElection9] INFO  impl.LeaderElection (LeaderElection.java:logAndReturn(90)) - 47858208-0de4-46ca-af6a-45b9f6a00c92@group-760B59CC648B-LeaderElection9: ELECTION PASSED received 1 response(s) and 0 exception(s):
2022-11-04 01:08:03,248 [47858208-0de4-46ca-af6a-45b9f6a00c92@group-760B59CC648B-LeaderElection9] INFO  impl.LeaderElection (LeaderElection.java:logAndReturn(94)) -   Response 0: 47858208-0de4-46ca-af6a-45b9f6a00c92<-e73ed4bb-a433-4ecd-b93a-d0b4e16433ed#0:OK-t1
2022-11-04 01:08:03,248 [47858208-0de4-46ca-af6a-45b9f6a00c92@group-760B59CC648B-LeaderElection9] INFO  impl.LeaderElection (LeaderElection.java:askForVotes(314)) - 47858208-0de4-46ca-af6a-45b9f6a00c92@group-760B59CC648B-LeaderElection9 ELECTION round 0: result PASSED
2022-11-04 01:08:03,248 [47858208-0de4-46ca-af6a-45b9f6a00c92@group-760B59CC648B-LeaderElection9] INFO  impl.RoleInfo (RoleInfo.java:shutdownLeaderElection(130)) - 47858208-0de4-46ca-af6a-45b9f6a00c92: shutdown 47858208-0de4-46ca-af6a-45b9f6a00c92@group-760B59CC648B-LeaderElection9
2022-11-04 01:08:03,248 [47858208-0de4-46ca-af6a-45b9f6a00c92@group-760B59CC648B-LeaderElection9] INFO  server.RaftServer$Division (RaftServerImpl.java:setRole(321)) - 47858208-0de4-46ca-af6a-45b9f6a00c92@group-760B59CC648B: changes role from CANDIDATE to LEADER at term 1 for changeToLeader
2022-11-04 01:08:03,248 [47858208-0de4-46ca-af6a-45b9f6a00c92@group-760B59CC648B-LeaderElection9] INFO  ratis.XceiverServerRatis (XceiverServerRatis.java:handleLeaderChangedNotification(863)) - Leader change notification received for group: group-760B59CC648B with new leaderId: 47858208-0de4-46ca-af6a-45b9f6a00c92
2022-11-04 01:08:03,248 [47858208-0de4-46ca-af6a-45b9f6a00c92@group-760B59CC648B-LeaderElection9] INFO  server.RaftServer$Division (ServerState.java:setLeader(313)) - 47858208-0de4-46ca-af6a-45b9f6a00c92@group-760B59CC648B: change Leader from null to 47858208-0de4-46ca-af6a-45b9f6a00c92 at term 1 for becomeLeader, leader elected after 5180ms
2022-11-04 01:08:03,248 [47858208-0de4-46ca-af6a-45b9f6a00c92@group-760B59CC648B-LeaderElection9] INFO  server.RaftServerConfigKeys (ConfUtils.java:logGet(46)) - raft.server.staging.catchup.gap = 1000 (default)
2022-11-04 01:08:03,248 [47858208-0de4-46ca-af6a-45b9f6a00c92@group-760B59CC648B-LeaderElection9] INFO  server.RaftServerConfigKeys (ConfUtils.java:logGet(46)) - raft.server.write.element-limit = 1024 (custom)
2022-11-04 01:08:03,248 [47858208-0de4-46ca-af6a-45b9f6a00c92@group-760B59CC648B-LeaderElection9] INFO  server.RaftServerConfigKeys (ConfUtils.java:logGet(46)) - raft.server.write.byte-limit = 1024 M (=1073741824) (custom)
2022-11-04 01:08:03,249 [47858208-0de4-46ca-af6a-45b9f6a00c92@group-760B59CC648B-LeaderElection9] INFO  server.RaftServerConfigKeys (ConfUtils.java:logGet(46)) - raft.server.watch.timeout = 180s (custom)
2022-11-04 01:08:03,249 [47858208-0de4-46ca-af6a-45b9f6a00c92@group-760B59CC648B-LeaderElection9] INFO  server.RaftServerConfigKeys (ConfUtils.java:logGet(46)) - raft.server.watch.timeout.denomination = 1s (default)
2022-11-04 01:08:03,249 [47858208-0de4-46ca-af6a-45b9f6a00c92@group-760B59CC648B-LeaderElection9] INFO  server.RaftServerConfigKeys (ConfUtils.java:logGet(46)) - raft.server.watch.element-limit = 65536 (default)
2022-11-04 01:08:03,249 [47858208-0de4-46ca-af6a-45b9f6a00c92@group-760B59CC648B-LeaderElection9] INFO  server.RaftServerConfigKeys (ConfUtils.java:logGet(46)) - raft.server.write.element-limit = 1024 (custom)
2022-11-04 01:08:03,249 [47858208-0de4-46ca-af6a-45b9f6a00c92@group-760B59CC648B-LeaderElection9] INFO  server.RaftServerConfigKeys (ConfUtils.java:logGet(46)) - raft.server.write.follower.gap.ratio.max = -1.0 (default)
2022-11-04 01:08:03,249 [47858208-0de4-46ca-af6a-45b9f6a00c92@group-760B59CC648B-LeaderElection9] INFO  server.RaftServerConfigKeys (ConfUtils.java:logGet(46)) - raft.server.log.appender.snapshot.chunk.size.max = 16MB (=16777216) (default)
2022-11-04 01:08:03,249 [47858208-0de4-46ca-af6a-45b9f6a00c92@group-760B59CC648B-LeaderElection9] INFO  server.RaftServerConfigKeys (ConfUtils.java:logGet(46)) - raft.server.log.appender.buffer.byte-limit = 33554432 (custom)
2022-11-04 01:08:03,249 [47858208-0de4-46ca-af6a-45b9f6a00c92@group-760B59CC648B-LeaderElection9] INFO  server.RaftServerConfigKeys (ConfUtils.java:logGet(46)) - raft.server.log.appender.buffer.element-limit = 1 (custom)
2022-11-04 01:08:03,249 [914271eb-14eb-4bb5-b4be-b6b4d3827766@group-760B59CC648B-LeaderElection10-2] INFO  server.GrpcServerProtocolClient (GrpcServerProtocolClient.java:<init>(63)) - Build channel for e73ed4bb-a433-4ecd-b93a-d0b4e16433ed
2022-11-04 01:08:03,249 [47858208-0de4-46ca-af6a-45b9f6a00c92@group-760B59CC648B-LeaderElection9] INFO  grpc.GrpcConfigKeys (ConfUtils.java:logGet(46)) - raft.grpc.server.leader.outstanding.appends.max = 128 (default)
2022-11-04 01:08:03,250 [47858208-0de4-46ca-af6a-45b9f6a00c92@group-760B59CC648B-LeaderElection9] INFO  server.RaftServerConfigKeys (ConfUtils.java:logGet(46)) - raft.server.rpc.request.timeout = 60s (custom)
2022-11-04 01:08:03,250 [47858208-0de4-46ca-af6a-45b9f6a00c92@group-760B59CC648B-LeaderElection9] INFO  server.RaftServerConfigKeys (ConfUtils.java:logGet(46)) - raft.server.log.appender.install.snapshot.enabled = false (custom)
2022-11-04 01:08:03,250 [47858208-0de4-46ca-af6a-45b9f6a00c92@group-760B59CC648B-LeaderElection9] INFO  grpc.GrpcConfigKeys (ConfUtils.java:logGet(46)) - raft.grpc.server.heartbeat.channel = true (default)
2022-11-04 01:08:03,250 [47858208-0de4-46ca-af6a-45b9f6a00c92@group-760B59CC648B-LeaderElection9] INFO  server.RaftServerConfigKeys (ConfUtils.java:logGet(46)) - raft.server.log.appender.wait-time.min = 10ms (default)
2022-11-04 01:08:03,250 [47858208-0de4-46ca-af6a-45b9f6a00c92@group-760B59CC648B-LeaderElection9] INFO  server.RaftServerConfigKeys (ConfUtils.java:logGet(46)) - raft.server.log.appender.snapshot.chunk.size.max = 16MB (=16777216) (default)
2022-11-04 01:08:03,251 [47858208-0de4-46ca-af6a-45b9f6a00c92@group-5D8652A3AABE-FollowerState] INFO  impl.FollowerState (FollowerState.java:run(143)) - 47858208-0de4-46ca-af6a-45b9f6a00c92@group-5D8652A3AABE-FollowerState: change to CANDIDATE, lastRpcElapsedTime:5063564350ns, electionTimeout:5051ms
2022-11-04 01:08:03,252 [47858208-0de4-46ca-af6a-45b9f6a00c92@group-5D8652A3AABE-FollowerState] INFO  impl.RoleInfo (RoleInfo.java:shutdownFollowerState(110)) - 47858208-0de4-46ca-af6a-45b9f6a00c92: shutdown 47858208-0de4-46ca-af6a-45b9f6a00c92@group-5D8652A3AABE-FollowerState
2022-11-04 01:08:03,252 [47858208-0de4-46ca-af6a-45b9f6a00c92@group-5D8652A3AABE-FollowerState] INFO  server.RaftServer$Division (RaftServerImpl.java:setRole(321)) - 47858208-0de4-46ca-af6a-45b9f6a00c92@group-5D8652A3AABE: changes role from  FOLLOWER to CANDIDATE at term 0 for changeToCandidate
2022-11-04 01:08:03,252 [47858208-0de4-46ca-af6a-45b9f6a00c92@group-5D8652A3AABE-FollowerState] INFO  server.RaftServerConfigKeys (ConfUtils.java:logGet(46)) - raft.server.leaderelection.pre-vote = false (custom)
2022-11-04 01:08:03,252 [47858208-0de4-46ca-af6a-45b9f6a00c92@group-5D8652A3AABE-FollowerState] INFO  impl.RoleInfo (RoleInfo.java:updateAndGet(139)) - 47858208-0de4-46ca-af6a-45b9f6a00c92: start 47858208-0de4-46ca-af6a-45b9f6a00c92@group-5D8652A3AABE-LeaderElection11
2022-11-04 01:08:03,251 [EventQueue-PipelineReportForPipelineReportHandler] INFO  pipeline.PipelineManagerImpl (PipelineManagerImpl.java:openPipeline(367)) - Pipeline Pipeline[ Id: 60311b87-1e1a-4bb0-826d-760b59cc648b, Nodes: 47858208-0de4-46ca-af6a-45b9f6a00c92{ip: 10.1.0.17, host: fv-az39-323.yumyzuo2tp0ejekjjwodrrku4b.bx.internal.cloudapp.net, ports: [REPLICATION=36003, RATIS=42645, RATIS_ADMIN=42645, RATIS_SERVER=42645, STANDALONE=39519], networkLocation: /default-rack, certSerialId: null, persistedOpState: IN_SERVICE, persistedOpStateExpiryEpochSec: 0}e73ed4bb-a433-4ecd-b93a-d0b4e16433ed{ip: 10.1.0.17, host: fv-az39-323.yumyzuo2tp0ejekjjwodrrku4b.bx.internal.cloudapp.net, ports: [REPLICATION=35841, RATIS=37481, RATIS_ADMIN=37481, RATIS_SERVER=37481, STANDALONE=32791], networkLocation: /default-rack, certSerialId: null, persistedOpState: IN_SERVICE, persistedOpStateExpiryEpochSec: 0}914271eb-14eb-4bb5-b4be-b6b4d3827766{ip: 10.1.0.17, host: fv-az39-323.yumyzuo2tp0ejekjjwodrrku4b.bx.internal.cloudapp.net, ports: [REPLICATION=45229, RATIS=40663, RATIS_ADMIN=40663, RATIS_SERVER=40663, STANDALONE=42637], networkLocation: /default-rack, certSerialId: null, persistedOpState: IN_SERVICE, persistedOpStateExpiryEpochSec: 0}, ReplicationConfig: RATIS/THREE, State:ALLOCATED, leaderId:47858208-0de4-46ca-af6a-45b9f6a00c92, CreationTimestamp2022-11-04T01:07:55.682Z[Etc/UTC]] moved to OPEN state
2022-11-04 01:08:03,253 [e73ed4bb-a433-4ecd-b93a-d0b4e16433ed@group-5D8652A3AABE-FollowerState] INFO  impl.FollowerState (FollowerState.java:run(143)) - e73ed4bb-a433-4ecd-b93a-d0b4e16433ed@group-5D8652A3AABE-FollowerState: change to CANDIDATE, lastRpcElapsedTime:5041991708ns, electionTimeout:5029ms
2022-11-04 01:08:03,253 [e73ed4bb-a433-4ecd-b93a-d0b4e16433ed@group-5D8652A3AABE-FollowerState] INFO  impl.RoleInfo (RoleInfo.java:shutdownFollowerState(110)) - e73ed4bb-a433-4ecd-b93a-d0b4e16433ed: shutdown e73ed4bb-a433-4ecd-b93a-d0b4e16433ed@group-5D8652A3AABE-FollowerState
2022-11-04 01:08:03,253 [e73ed4bb-a433-4ecd-b93a-d0b4e16433ed@group-5D8652A3AABE-FollowerState] INFO  server.RaftServer$Division (RaftServerImpl.java:setRole(321)) - e73ed4bb-a433-4ecd-b93a-d0b4e16433ed@group-5D8652A3AABE: changes role from  FOLLOWER to CANDIDATE at term 0 for changeToCandidate
2022-11-04 01:08:03,253 [47858208-0de4-46ca-af6a-45b9f6a00c92@group-760B59CC648B-LeaderElection9] INFO  server.RaftServerConfigKeys (ConfUtils.java:logGet(46)) - raft.server.log.appender.buffer.byte-limit = 33554432 (custom)
2022-11-04 01:08:03,253 [47858208-0de4-46ca-af6a-45b9f6a00c92@group-760B59CC648B-LeaderElection9] INFO  server.RaftServerConfigKeys (ConfUtils.java:logGet(46)) - raft.server.log.appender.buffer.element-limit = 1 (custom)
2022-11-04 01:08:03,260 [grpc-default-executor-6] INFO  server.RaftServer$Division (RaftServerImpl.java:requestVote(1218)) - 47858208-0de4-46ca-af6a-45b9f6a00c92@group-760B59CC648B: receive requestVote(ELECTION, 914271eb-14eb-4bb5-b4be-b6b4d3827766, group-760B59CC648B, 1, (t:0, i:0))
2022-11-04 01:08:03,260 [47858208-0de4-46ca-af6a-45b9f6a00c92@group-760B59CC648B-LeaderElection9] INFO  grpc.GrpcConfigKeys (ConfUtils.java:logGet(46)) - raft.grpc.server.leader.outstanding.appends.max = 128 (default)
2022-11-04 01:08:03,260 [47858208-0de4-46ca-af6a-45b9f6a00c92@group-760B59CC648B-LeaderElection9] INFO  server.RaftServerConfigKeys (ConfUtils.java:logGet(46)) - raft.server.rpc.request.timeout = 60s (custom)
2022-11-04 01:08:03,260 [47858208-0de4-46ca-af6a-45b9f6a00c92@group-760B59CC648B-LeaderElection9] INFO  server.RaftServerConfigKeys (ConfUtils.java:logGet(46)) - raft.server.log.appender.install.snapshot.enabled = false (custom)
2022-11-04 01:08:03,260 [47858208-0de4-46ca-af6a-45b9f6a00c92@group-760B59CC648B-LeaderElection9] INFO  grpc.GrpcConfigKeys (ConfUtils.java:logGet(46)) - raft.grpc.server.heartbeat.channel = true (default)
2022-11-04 01:08:03,260 [47858208-0de4-46ca-af6a-45b9f6a00c92@group-760B59CC648B-LeaderElection9] INFO  server.RaftServerConfigKeys (ConfUtils.java:logGet(46)) - raft.server.log.appender.wait-time.min = 10ms (default)
2022-11-04 01:08:03,260 [47858208-0de4-46ca-af6a-45b9f6a00c92@group-760B59CC648B-LeaderElection9] INFO  impl.RoleInfo (RoleInfo.java:updateAndGet(139)) - 47858208-0de4-46ca-af6a-45b9f6a00c92: start 47858208-0de4-46ca-af6a-45b9f6a00c92@group-760B59CC648B-LeaderStateImpl
2022-11-04 01:08:03,261 [47858208-0de4-46ca-af6a-45b9f6a00c92@group-760B59CC648B-LeaderElection9] INFO  segmented.SegmentedRaftLogWorker (SegmentedRaftLogWorker.java:startLogSegment(452)) - 47858208-0de4-46ca-af6a-45b9f6a00c92@group-760B59CC648B-SegmentedRaftLogWorker: Starting segment from index:0
2022-11-04 01:08:03,261 [e73ed4bb-a433-4ecd-b93a-d0b4e16433ed@group-5D8652A3AABE-FollowerState] INFO  server.RaftServerConfigKeys (ConfUtils.java:logGet(46)) - raft.server.leaderelection.pre-vote = false (custom)
2022-11-04 01:08:03,261 [e73ed4bb-a433-4ecd-b93a-d0b4e16433ed@group-5D8652A3AABE-FollowerState] INFO  impl.RoleInfo (RoleInfo.java:updateAndGet(139)) - e73ed4bb-a433-4ecd-b93a-d0b4e16433ed: start e73ed4bb-a433-4ecd-b93a-d0b4e16433ed@group-5D8652A3AABE-LeaderElection12
2022-11-04 01:08:03,262 [47858208-0de4-46ca-af6a-45b9f6a00c92@group-760B59CC648B-SegmentedRaftLogWorker] INFO  segmented.SegmentedRaftLogWorker (SegmentedRaftLogWorker.java:execute(656)) - 47858208-0de4-46ca-af6a-45b9f6a00c92@group-760B59CC648B-SegmentedRaftLogWorker: created new log segment /home/runner/work/ozone/ozone/hadoop-ozone/integration-test/target/test-dir/MiniOzoneClusterImpl-e654cb93-8a46-4732-947e-f27e0a8f69eb/datanode-3/data/ratis/60311b87-1e1a-4bb0-826d-760b59cc648b/current/log_inprogress_0
2022-11-04 01:08:03,268 [47858208-0de4-46ca-af6a-45b9f6a00c92@group-760B59CC648B-LeaderElection9] INFO  server.RaftServer$Division (ServerState.java:setRaftConf(430)) - 47858208-0de4-46ca-af6a-45b9f6a00c92@group-760B59CC648B: set configuration 0: peers:[47858208-0de4-46ca-af6a-45b9f6a00c92|rpc:10.1.0.17:42645|dataStream:|priority:1|startupRole:FOLLOWER, e73ed4bb-a433-4ecd-b93a-d0b4e16433ed|rpc:10.1.0.17:37481|dataStream:|priority:0|startupRole:FOLLOWER, 914271eb-14eb-4bb5-b4be-b6b4d3827766|rpc:10.1.0.17:40663|dataStream:|priority:0|startupRole:FOLLOWER]|listeners:[], old=null
2022-11-04 01:08:03,270 [grpc-default-executor-6] INFO  impl.VoteContext (VoteContext.java:log(48)) - 47858208-0de4-46ca-af6a-45b9f6a00c92@group-760B59CC648B-LEADER: reject ELECTION from 914271eb-14eb-4bb5-b4be-b6b4d3827766: already has voted for 47858208-0de4-46ca-af6a-45b9f6a00c92 at current term 1
2022-11-04 01:08:03,270 [grpc-default-executor-6] INFO  server.RaftServer$Division (RaftServerImpl.java:requestVote(1251)) - 47858208-0de4-46ca-af6a-45b9f6a00c92@group-760B59CC648B replies to ELECTION vote request: 914271eb-14eb-4bb5-b4be-b6b4d3827766<-47858208-0de4-46ca-af6a-45b9f6a00c92#0:FAIL-t1. Peer's state: 47858208-0de4-46ca-af6a-45b9f6a00c92@group-760B59CC648B:t1, leader=47858208-0de4-46ca-af6a-45b9f6a00c92, voted=47858208-0de4-46ca-af6a-45b9f6a00c92, raftlog=Memoized:47858208-0de4-46ca-af6a-45b9f6a00c92@group-760B59CC648B-SegmentedRaftLog:OPENED:c0, conf=0: peers:[47858208-0de4-46ca-af6a-45b9f6a00c92|rpc:10.1.0.17:42645|dataStream:|priority:1|startupRole:FOLLOWER, e73ed4bb-a433-4ecd-b93a-d0b4e16433ed|rpc:10.1.0.17:37481|dataStream:|priority:0|startupRole:FOLLOWER, 914271eb-14eb-4bb5-b4be-b6b4d3827766|rpc:10.1.0.17:40663|dataStream:|priority:0|startupRole:FOLLOWER]|listeners:[], old=null
2022-11-04 01:08:03,273 [47858208-0de4-46ca-af6a-45b9f6a00c92@group-5D8652A3AABE-LeaderElection11] INFO  impl.LeaderElection (LeaderElection.java:askForVotes(312)) - 47858208-0de4-46ca-af6a-45b9f6a00c92@group-5D8652A3AABE-LeaderElection11 ELECTION round 0: submit vote requests at term 1 for -1: peers:[47858208-0de4-46ca-af6a-45b9f6a00c92|rpc:10.1.0.17:42645|priority:0|startupRole:FOLLOWER, e73ed4bb-a433-4ecd-b93a-d0b4e16433ed|rpc:10.1.0.17:37481|priority:0|startupRole:FOLLOWER, 914271eb-14eb-4bb5-b4be-b6b4d3827766|rpc:10.1.0.17:40663|priority:1|startupRole:FOLLOWER]|listeners:[], old=null
2022-11-04 01:08:03,285 [47858208-0de4-46ca-af6a-45b9f6a00c92@group-5D8652A3AABE-LeaderElection11] INFO  server.RaftServerConfigKeys (ConfUtils.java:logFallback(53)) - raft.server.rpc.first-election.timeout.min = 5s (fallback to raft.server.rpc.timeout.min)
2022-11-04 01:08:03,286 [47858208-0de4-46ca-af6a-45b9f6a00c92@group-5D8652A3AABE-LeaderElection11] INFO  server.RaftServerConfigKeys (ConfUtils.java:logFallback(53)) - raft.server.rpc.first-election.timeout.max = 5200ms (fallback to raft.server.rpc.timeout.max)
2022-11-04 01:08:03,295 [grpc-default-executor-3] INFO  server.RaftServer$Division (RaftServerImpl.java:requestVote(1218)) - 914271eb-14eb-4bb5-b4be-b6b4d3827766@group-760B59CC648B: receive requestVote(ELECTION, 47858208-0de4-46ca-af6a-45b9f6a00c92, group-760B59CC648B, 1, (t:0, i:0))
2022-11-04 01:08:03,295 [grpc-default-executor-3] INFO  impl.VoteContext (VoteContext.java:log(48)) - 914271eb-14eb-4bb5-b4be-b6b4d3827766@group-760B59CC648B-CANDIDATE: reject ELECTION from 47858208-0de4-46ca-af6a-45b9f6a00c92: already has voted for 914271eb-14eb-4bb5-b4be-b6b4d3827766 at current term 1
2022-11-04 01:08:03,296 [grpc-default-executor-4] INFO  server.RaftServer$Division (RaftServerImpl.java:requestVote(1218)) - e73ed4bb-a433-4ecd-b93a-d0b4e16433ed@group-760B59CC648B: receive requestVote(ELECTION, 914271eb-14eb-4bb5-b4be-b6b4d3827766, group-760B59CC648B, 1, (t:0, i:0))
2022-11-04 01:08:03,296 [grpc-default-executor-3] INFO  server.RaftServer$Division (RaftServerImpl.java:requestVote(1251)) - 914271eb-14eb-4bb5-b4be-b6b4d3827766@group-760B59CC648B replies to ELECTION vote request: 47858208-0de4-46ca-af6a-45b9f6a00c92<-914271eb-14eb-4bb5-b4be-b6b4d3827766#0:FAIL-t1. Peer's state: 914271eb-14eb-4bb5-b4be-b6b4d3827766@group-760B59CC648B:t1, leader=null, voted=914271eb-14eb-4bb5-b4be-b6b4d3827766, raftlog=Memoized:914271eb-14eb-4bb5-b4be-b6b4d3827766@group-760B59CC648B-SegmentedRaftLog:OPENED:c-1, conf=-1: peers:[47858208-0de4-46ca-af6a-45b9f6a00c92|rpc:10.1.0.17:42645|dataStream:|priority:1|startupRole:FOLLOWER, e73ed4bb-a433-4ecd-b93a-d0b4e16433ed|rpc:10.1.0.17:37481|dataStream:|priority:0|startupRole:FOLLOWER, 914271eb-14eb-4bb5-b4be-b6b4d3827766|rpc:10.1.0.17:40663|dataStream:|priority:0|startupRole:FOLLOWER]|listeners:[], old=null
2022-11-04 01:08:03,297 [e73ed4bb-a433-4ecd-b93a-d0b4e16433ed@group-5D8652A3AABE-LeaderElection12] INFO  impl.LeaderElection (LeaderElection.java:askForVotes(312)) - e73ed4bb-a433-4ecd-b93a-d0b4e16433ed@group-5D8652A3AABE-LeaderElection12 ELECTION round 0: submit vote requests at term 1 for -1: peers:[47858208-0de4-46ca-af6a-45b9f6a00c92|rpc:10.1.0.17:42645|dataStream:|priority:0|startupRole:FOLLOWER, e73ed4bb-a433-4ecd-b93a-d0b4e16433ed|rpc:10.1.0.17:37481|dataStream:|priority:0|startupRole:FOLLOWER, 914271eb-14eb-4bb5-b4be-b6b4d3827766|rpc:10.1.0.17:40663|dataStream:|priority:1|startupRole:FOLLOWER]|listeners:[], old=null
2022-11-04 01:08:03,300 [914271eb-14eb-4bb5-b4be-b6b4d3827766-server-thread1] INFO  server.RaftServer$Division (RaftServerImpl.java:setRole(321)) - 914271eb-14eb-4bb5-b4be-b6b4d3827766@group-760B59CC648B: changes role from CANDIDATE to FOLLOWER at term 1 for appendEntries
2022-11-04 01:08:03,300 [914271eb-14eb-4bb5-b4be-b6b4d3827766-server-thread1] INFO  impl.RoleInfo (RoleInfo.java:shutdownLeaderElection(130)) - 914271eb-14eb-4bb5-b4be-b6b4d3827766: shutdown 914271eb-14eb-4bb5-b4be-b6b4d3827766@group-760B59CC648B-LeaderElection10
2022-11-04 01:08:03,300 [914271eb-14eb-4bb5-b4be-b6b4d3827766-server-thread1] INFO  impl.RoleInfo (RoleInfo.java:updateAndGet(139)) - 914271eb-14eb-4bb5-b4be-b6b4d3827766: start 914271eb-14eb-4bb5-b4be-b6b4d3827766@group-760B59CC648B-FollowerState
2022-11-04 01:08:03,300 [914271eb-14eb-4bb5-b4be-b6b4d3827766-server-thread1] INFO  ratis.XceiverServerRatis (XceiverServerRatis.java:handleLeaderChangedNotification(863)) - Leader change notification received for group: group-760B59CC648B with new leaderId: 47858208-0de4-46ca-af6a-45b9f6a00c92
2022-11-04 01:08:03,300 [914271eb-14eb-4bb5-b4be-b6b4d3827766-server-thread1] INFO  server.RaftServer$Division (ServerState.java:setLeader(313)) - 914271eb-14eb-4bb5-b4be-b6b4d3827766@group-760B59CC648B: change Leader from null to 47858208-0de4-46ca-af6a-45b9f6a00c92 at term 1 for appendEntries, leader elected after 5145ms
2022-11-04 01:08:03,309 [e73ed4bb-a433-4ecd-b93a-d0b4e16433ed@group-5D8652A3AABE-LeaderElection12-1] INFO  server.GrpcServerProtocolClient (GrpcServerProtocolClient.java:<init>(63)) - Build channel for 47858208-0de4-46ca-af6a-45b9f6a00c92
2022-11-04 01:08:03,315 [e73ed4bb-a433-4ecd-b93a-d0b4e16433ed@group-5D8652A3AABE-LeaderElection12] INFO  server.RaftServerConfigKeys (ConfUtils.java:logFallback(53)) - raft.server.rpc.first-election.timeout.min = 5s (fallback to raft.server.rpc.timeout.min)
2022-11-04 01:08:03,315 [e73ed4bb-a433-4ecd-b93a-d0b4e16433ed@group-5D8652A3AABE-LeaderElection12] INFO  server.RaftServerConfigKeys (ConfUtils.java:logFallback(53)) - raft.server.rpc.first-election.timeout.max = 5200ms (fallback to raft.server.rpc.timeout.max)
2022-11-04 01:08:03,315 [e73ed4bb-a433-4ecd-b93a-d0b4e16433ed@group-5D8652A3AABE-LeaderElection12-2] INFO  server.GrpcServerProtocolClient (GrpcServerProtocolClient.java:<init>(63)) - Build channel for 914271eb-14eb-4bb5-b4be-b6b4d3827766
2022-11-04 01:08:03,321 [grpc-default-executor-4] INFO  impl.VoteContext (VoteContext.java:log(48)) - e73ed4bb-a433-4ecd-b93a-d0b4e16433ed@group-760B59CC648B-FOLLOWER: reject ELECTION from 914271eb-14eb-4bb5-b4be-b6b4d3827766: already has voted for 47858208-0de4-46ca-af6a-45b9f6a00c92 at current term 1
2022-11-04 01:08:03,321 [grpc-default-executor-4] INFO  server.RaftServer$Division (RaftServerImpl.java:requestVote(1251)) - e73ed4bb-a433-4ecd-b93a-d0b4e16433ed@group-760B59CC648B replies to ELECTION vote request: 914271eb-14eb-4bb5-b4be-b6b4d3827766<-e73ed4bb-a433-4ecd-b93a-d0b4e16433ed#0:FAIL-t1. Peer's state: e73ed4bb-a433-4ecd-b93a-d0b4e16433ed@group-760B59CC648B:t1, leader=null, voted=47858208-0de4-46ca-af6a-45b9f6a00c92, raftlog=Memoized:e73ed4bb-a433-4ecd-b93a-d0b4e16433ed@group-760B59CC648B-SegmentedRaftLog:OPENED:c-1, conf=-1: peers:[47858208-0de4-46ca-af6a-45b9f6a00c92|rpc:10.1.0.17:42645|dataStream:|priority:1|startupRole:FOLLOWER, e73ed4bb-a433-4ecd-b93a-d0b4e16433ed|rpc:10.1.0.17:37481|dataStream:|priority:0|startupRole:FOLLOWER, 914271eb-14eb-4bb5-b4be-b6b4d3827766|rpc:10.1.0.17:40663|dataStream:|priority:0|startupRole:FOLLOWER]|listeners:[], old=null
2022-11-04 01:08:03,323 [e73ed4bb-a433-4ecd-b93a-d0b4e16433ed-server-thread1] INFO  ratis.XceiverServerRatis (XceiverServerRatis.java:handleLeaderChangedNotification(863)) - Leader change notification received for group: group-760B59CC648B with new leaderId: 47858208-0de4-46ca-af6a-45b9f6a00c92
2022-11-04 01:08:03,323 [e73ed4bb-a433-4ecd-b93a-d0b4e16433ed-server-thread1] INFO  server.RaftServer$Division (ServerState.java:setLeader(313)) - e73ed4bb-a433-4ecd-b93a-d0b4e16433ed@group-760B59CC648B: change Leader from null to 47858208-0de4-46ca-af6a-45b9f6a00c92 at term 1 for appendEntries, leader elected after 5221ms
2022-11-04 01:08:03,324 [914271eb-14eb-4bb5-b4be-b6b4d3827766-server-thread1] INFO  server.RaftServer$Division (ServerState.java:setRaftConf(430)) - 914271eb-14eb-4bb5-b4be-b6b4d3827766@group-760B59CC648B: set configuration 0: peers:[47858208-0de4-46ca-af6a-45b9f6a00c92|rpc:10.1.0.17:42645|dataStream:|priority:1|startupRole:FOLLOWER, e73ed4bb-a433-4ecd-b93a-d0b4e16433ed|rpc:10.1.0.17:37481|dataStream:|priority:0|startupRole:FOLLOWER, 914271eb-14eb-4bb5-b4be-b6b4d3827766|rpc:10.1.0.17:40663|dataStream:|priority:0|startupRole:FOLLOWER]|listeners:[], old=null
2022-11-04 01:08:03,324 [914271eb-14eb-4bb5-b4be-b6b4d3827766-server-thread1] INFO  segmented.SegmentedRaftLogWorker (SegmentedRaftLogWorker.java:startLogSegment(452)) - 914271eb-14eb-4bb5-b4be-b6b4d3827766@group-760B59CC648B-SegmentedRaftLogWorker: Starting segment from index:0
2022-11-04 01:08:03,326 [grpc-default-executor-6] INFO  server.RaftServer$Division (RaftServerImpl.java:requestVote(1218)) - e73ed4bb-a433-4ecd-b93a-d0b4e16433ed@group-5D8652A3AABE: receive requestVote(ELECTION, 47858208-0de4-46ca-af6a-45b9f6a00c92, group-5D8652A3AABE, 1, (t:0, i:0))
2022-11-04 01:08:03,326 [grpc-default-executor-6] INFO  impl.VoteContext (VoteContext.java:log(48)) - e73ed4bb-a433-4ecd-b93a-d0b4e16433ed@group-5D8652A3AABE-CANDIDATE: reject ELECTION from 47858208-0de4-46ca-af6a-45b9f6a00c92: already has voted for e73ed4bb-a433-4ecd-b93a-d0b4e16433ed at current term 1
2022-11-04 01:08:03,326 [grpc-default-executor-6] INFO  server.RaftServer$Division (RaftServerImpl.java:requestVote(1251)) - e73ed4bb-a433-4ecd-b93a-d0b4e16433ed@group-5D8652A3AABE replies to ELECTION vote request: 47858208-0de4-46ca-af6a-45b9f6a00c92<-e73ed4bb-a433-4ecd-b93a-d0b4e16433ed#0:FAIL-t1. Peer's state: e73ed4bb-a433-4ecd-b93a-d0b4e16433ed@group-5D8652A3AABE:t1, leader=null, voted=e73ed4bb-a433-4ecd-b93a-d0b4e16433ed, raftlog=Memoized:e73ed4bb-a433-4ecd-b93a-d0b4e16433ed@group-5D8652A3AABE-SegmentedRaftLog:OPENED:c-1, conf=-1: peers:[47858208-0de4-46ca-af6a-45b9f6a00c92|rpc:10.1.0.17:42645|dataStream:|priority:0|startupRole:FOLLOWER, e73ed4bb-a433-4ecd-b93a-d0b4e16433ed|rpc:10.1.0.17:37481|dataStream:|priority:0|startupRole:FOLLOWER, 914271eb-14eb-4bb5-b4be-b6b4d3827766|rpc:10.1.0.17:40663|dataStream:|priority:1|startupRole:FOLLOWER]|listeners:[], old=null
2022-11-04 01:08:03,335 [e73ed4bb-a433-4ecd-b93a-d0b4e16433ed-server-thread1] INFO  server.RaftServer$Division (ServerState.java:setRaftConf(430)) - e73ed4bb-a433-4ecd-b93a-d0b4e16433ed@group-760B59CC648B: set configuration 0: peers:[47858208-0de4-46ca-af6a-45b9f6a00c92|rpc:10.1.0.17:42645|dataStream:|priority:1|startupRole:FOLLOWER, e73ed4bb-a433-4ecd-b93a-d0b4e16433ed|rpc:10.1.0.17:37481|dataStream:|priority:0|startupRole:FOLLOWER, 914271eb-14eb-4bb5-b4be-b6b4d3827766|rpc:10.1.0.17:40663|dataStream:|priority:0|startupRole:FOLLOWER]|listeners:[], old=null
2022-11-04 01:08:03,335 [e73ed4bb-a433-4ecd-b93a-d0b4e16433ed-server-thread1] INFO  segmented.SegmentedRaftLogWorker (SegmentedRaftLogWorker.java:startLogSegment(452)) - e73ed4bb-a433-4ecd-b93a-d0b4e16433ed@group-760B59CC648B-SegmentedRaftLogWorker: Starting segment from index:0
2022-11-04 01:08:03,337 [e73ed4bb-a433-4ecd-b93a-d0b4e16433ed@group-760B59CC648B-SegmentedRaftLogWorker] INFO  segmented.SegmentedRaftLogWorker (SegmentedRaftLogWorker.java:execute(656)) - e73ed4bb-a433-4ecd-b93a-d0b4e16433ed@group-760B59CC648B-SegmentedRaftLogWorker: created new log segment /home/runner/work/ozone/ozone/hadoop-ozone/integration-test/target/test-dir/MiniOzoneClusterImpl-e654cb93-8a46-4732-947e-f27e0a8f69eb/datanode-4/data/ratis/60311b87-1e1a-4bb0-826d-760b59cc648b/current/log_inprogress_0
2022-11-04 01:08:03,343 [914271eb-14eb-4bb5-b4be-b6b4d3827766@group-760B59CC648B-LeaderElection10] INFO  impl.LeaderElection (LeaderElection.java:logAndReturn(90)) - 914271eb-14eb-4bb5-b4be-b6b4d3827766@group-760B59CC648B-LeaderElection10: ELECTION REJECTED received 1 response(s) and 0 exception(s):
2022-11-04 01:08:03,343 [914271eb-14eb-4bb5-b4be-b6b4d3827766@group-760B59CC648B-LeaderElection10] INFO  impl.LeaderElection (LeaderElection.java:logAndReturn(94)) -   Response 0: 914271eb-14eb-4bb5-b4be-b6b4d3827766<-47858208-0de4-46ca-af6a-45b9f6a00c92#0:FAIL-t1
2022-11-04 01:08:03,343 [914271eb-14eb-4bb5-b4be-b6b4d3827766@group-760B59CC648B-LeaderElection10] INFO  impl.LeaderElection (LeaderElection.java:askForVotes(314)) - 914271eb-14eb-4bb5-b4be-b6b4d3827766@group-760B59CC648B-LeaderElection10 ELECTION round 0: result REJECTED
2022-11-04 01:08:03,348 [grpc-default-executor-8] INFO  server.RaftServer$Division (RaftServerImpl.java:requestVote(1218)) - 914271eb-14eb-4bb5-b4be-b6b4d3827766@group-5D8652A3AABE: receive requestVote(ELECTION, 47858208-0de4-46ca-af6a-45b9f6a00c92, group-5D8652A3AABE, 1, (t:0, i:0))
2022-11-04 01:08:03,348 [grpc-default-executor-8] INFO  impl.VoteContext (VoteContext.java:log(48)) - 914271eb-14eb-4bb5-b4be-b6b4d3827766@group-5D8652A3AABE-FOLLOWER: reject ELECTION from 47858208-0de4-46ca-af6a-45b9f6a00c92: our priority 1 > candidate's priority 0
2022-11-04 01:08:03,348 [grpc-default-executor-8] INFO  server.RaftServer$Division (RaftServerImpl.java:setRole(321)) - 914271eb-14eb-4bb5-b4be-b6b4d3827766@group-5D8652A3AABE: changes role from  FOLLOWER to FOLLOWER at term 1 for candidate:47858208-0de4-46ca-af6a-45b9f6a00c92
2022-11-04 01:08:03,348 [grpc-default-executor-8] INFO  impl.RoleInfo (RoleInfo.java:shutdownFollowerState(110)) - 914271eb-14eb-4bb5-b4be-b6b4d3827766: shutdown 914271eb-14eb-4bb5-b4be-b6b4d3827766@group-5D8652A3AABE-FollowerState
2022-11-04 01:08:03,348 [grpc-default-executor-8] INFO  impl.RoleInfo (RoleInfo.java:updateAndGet(139)) - 914271eb-14eb-4bb5-b4be-b6b4d3827766: start 914271eb-14eb-4bb5-b4be-b6b4d3827766@group-5D8652A3AABE-FollowerState
2022-11-04 01:08:03,349 [914271eb-14eb-4bb5-b4be-b6b4d3827766@group-5D8652A3AABE-FollowerState] INFO  impl.FollowerState (FollowerState.java:run(152)) - 914271eb-14eb-4bb5-b4be-b6b4d3827766@group-5D8652A3AABE-FollowerState was interrupted
2022-11-04 01:08:03,349 [914271eb-14eb-4bb5-b4be-b6b4d3827766@group-5D8652A3AABE-FollowerState] INFO  server.RaftServerConfigKeys (ConfUtils.java:logFallback(53)) - raft.server.rpc.first-election.timeout.min = 5s (fallback to raft.server.rpc.timeout.min)
2022-11-04 01:08:03,349 [914271eb-14eb-4bb5-b4be-b6b4d3827766@group-5D8652A3AABE-FollowerState] INFO  server.RaftServerConfigKeys (ConfUtils.java:logFallback(53)) - raft.server.rpc.first-election.timeout.max = 5200ms (fallback to raft.server.rpc.timeout.max)
2022-11-04 01:08:03,350 [grpc-default-executor-8] INFO  server.RaftServer$Division (RaftServerImpl.java:requestVote(1251)) - 914271eb-14eb-4bb5-b4be-b6b4d3827766@group-5D8652A3AABE replies to ELECTION vote request: 47858208-0de4-46ca-af6a-45b9f6a00c92<-914271eb-14eb-4bb5-b4be-b6b4d3827766#0:FAIL-t1. Peer's state: 914271eb-14eb-4bb5-b4be-b6b4d3827766@group-5D8652A3AABE:t1, leader=null, voted=null, raftlog=Memoized:914271eb-14eb-4bb5-b4be-b6b4d3827766@group-5D8652A3AABE-SegmentedRaftLog:OPENED:c-1, conf=-1: peers:[47858208-0de4-46ca-af6a-45b9f6a00c92|rpc:10.1.0.17:42645|dataStream:|priority:0|startupRole:FOLLOWER, e73ed4bb-a433-4ecd-b93a-d0b4e16433ed|rpc:10.1.0.17:37481|dataStream:|priority:0|startupRole:FOLLOWER, 914271eb-14eb-4bb5-b4be-b6b4d3827766|rpc:10.1.0.17:40663|dataStream:|priority:1|startupRole:FOLLOWER]|listeners:[], old=null
2022-11-04 01:08:03,355 [914271eb-14eb-4bb5-b4be-b6b4d3827766@group-760B59CC648B-SegmentedRaftLogWorker] INFO  segmented.SegmentedRaftLogWorker (SegmentedRaftLogWorker.java:execute(656)) - 914271eb-14eb-4bb5-b4be-b6b4d3827766@group-760B59CC648B-SegmentedRaftLogWorker: created new log segment /home/runner/work/ozone/ozone/hadoop-ozone/integration-test/target/test-dir/MiniOzoneClusterImpl-e654cb93-8a46-4732-947e-f27e0a8f69eb/datanode-5/data/ratis/60311b87-1e1a-4bb0-826d-760b59cc648b/current/log_inprogress_0
2022-11-04 01:08:03,368 [grpc-default-executor-1] INFO  server.RaftServer$Division (RaftServerImpl.java:requestVote(1218)) - 914271eb-14eb-4bb5-b4be-b6b4d3827766@group-5D8652A3AABE: receive requestVote(ELECTION, e73ed4bb-a433-4ecd-b93a-d0b4e16433ed, group-5D8652A3AABE, 1, (t:0, i:0))
2022-11-04 01:08:03,368 [grpc-default-executor-8] INFO  server.RaftServer$Division (RaftServerImpl.java:requestVote(1218)) - 47858208-0de4-46ca-af6a-45b9f6a00c92@group-5D8652A3AABE: receive requestVote(ELECTION, e73ed4bb-a433-4ecd-b93a-d0b4e16433ed, group-5D8652A3AABE, 1, (t:0, i:0))
2022-11-04 01:08:03,369 [grpc-default-executor-8] INFO  impl.VoteContext (VoteContext.java:log(48)) - 47858208-0de4-46ca-af6a-45b9f6a00c92@group-5D8652A3AABE-CANDIDATE: reject ELECTION from e73ed4bb-a433-4ecd-b93a-d0b4e16433ed: already has voted for 47858208-0de4-46ca-af6a-45b9f6a00c92 at current term 1
2022-11-04 01:08:03,369 [grpc-default-executor-8] INFO  server.RaftServer$Division (RaftServerImpl.java:requestVote(1251)) - 47858208-0de4-46ca-af6a-45b9f6a00c92@group-5D8652A3AABE replies to ELECTION vote request: e73ed4bb-a433-4ecd-b93a-d0b4e16433ed<-47858208-0de4-46ca-af6a-45b9f6a00c92#0:FAIL-t1. Peer's state: 47858208-0de4-46ca-af6a-45b9f6a00c92@group-5D8652A3AABE:t1, leader=null, voted=47858208-0de4-46ca-af6a-45b9f6a00c92, raftlog=Memoized:47858208-0de4-46ca-af6a-45b9f6a00c92@group-5D8652A3AABE-SegmentedRaftLog:OPENED:c-1, conf=-1: peers:[47858208-0de4-46ca-af6a-45b9f6a00c92|rpc:10.1.0.17:42645|priority:0|startupRole:FOLLOWER, e73ed4bb-a433-4ecd-b93a-d0b4e16433ed|rpc:10.1.0.17:37481|priority:0|startupRole:FOLLOWER, 914271eb-14eb-4bb5-b4be-b6b4d3827766|rpc:10.1.0.17:40663|priority:1|startupRole:FOLLOWER]|listeners:[], old=null
2022-11-04 01:08:03,369 [47858208-0de4-46ca-af6a-45b9f6a00c92@group-5D8652A3AABE-LeaderElection11] INFO  impl.LeaderElection (LeaderElection.java:logAndReturn(90)) - 47858208-0de4-46ca-af6a-45b9f6a00c92@group-5D8652A3AABE-LeaderElection11: ELECTION REJECTED received 2 response(s) and 0 exception(s):
2022-11-04 01:08:03,369 [47858208-0de4-46ca-af6a-45b9f6a00c92@group-5D8652A3AABE-LeaderElection11] INFO  impl.LeaderElection (LeaderElection.java:logAndReturn(94)) -   Response 0: 47858208-0de4-46ca-af6a-45b9f6a00c92<-e73ed4bb-a433-4ecd-b93a-d0b4e16433ed#0:FAIL-t1
2022-11-04 01:08:03,369 [47858208-0de4-46ca-af6a-45b9f6a00c92@group-5D8652A3AABE-LeaderElection11] INFO  impl.LeaderElection (LeaderElection.java:logAndReturn(94)) -   Response 1: 47858208-0de4-46ca-af6a-45b9f6a00c92<-914271eb-14eb-4bb5-b4be-b6b4d3827766#0:FAIL-t1
2022-11-04 01:08:03,369 [47858208-0de4-46ca-af6a-45b9f6a00c92@group-5D8652A3AABE-LeaderElection11] INFO  impl.LeaderElection (LeaderElection.java:askForVotes(314)) - 47858208-0de4-46ca-af6a-45b9f6a00c92@group-5D8652A3AABE-LeaderElection11 ELECTION round 0: result REJECTED
2022-11-04 01:08:03,369 [47858208-0de4-46ca-af6a-45b9f6a00c92@group-5D8652A3AABE-LeaderElection11] INFO  server.RaftServer$Division (RaftServerImpl.java:setRole(321)) - 47858208-0de4-46ca-af6a-45b9f6a00c92@group-5D8652A3AABE: changes role from CANDIDATE to FOLLOWER at term 1 for REJECTED
2022-11-04 01:08:03,369 [47858208-0de4-46ca-af6a-45b9f6a00c92@group-5D8652A3AABE-LeaderElection11] INFO  impl.RoleInfo (RoleInfo.java:shutdownLeaderElection(130)) - 47858208-0de4-46ca-af6a-45b9f6a00c92: shutdown 47858208-0de4-46ca-af6a-45b9f6a00c92@group-5D8652A3AABE-LeaderElection11
2022-11-04 01:08:03,369 [47858208-0de4-46ca-af6a-45b9f6a00c92@group-5D8652A3AABE-LeaderElection11] INFO  impl.RoleInfo (RoleInfo.java:updateAndGet(139)) - 47858208-0de4-46ca-af6a-45b9f6a00c92: start 47858208-0de4-46ca-af6a-45b9f6a00c92@group-5D8652A3AABE-FollowerState
2022-11-04 01:08:03,373 [grpc-default-executor-1] INFO  impl.VoteContext (VoteContext.java:log(48)) - 914271eb-14eb-4bb5-b4be-b6b4d3827766@group-5D8652A3AABE-FOLLOWER: reject ELECTION from e73ed4bb-a433-4ecd-b93a-d0b4e16433ed: our priority 1 > candidate's priority 0
2022-11-04 01:08:03,373 [grpc-default-executor-1] INFO  server.RaftServer$Division (RaftServerImpl.java:setRole(321)) - 914271eb-14eb-4bb5-b4be-b6b4d3827766@group-5D8652A3AABE: changes role from  FOLLOWER to FOLLOWER at term 1 for candidate:e73ed4bb-a433-4ecd-b93a-d0b4e16433ed
2022-11-04 01:08:03,373 [grpc-default-executor-1] INFO  impl.RoleInfo (RoleInfo.java:shutdownFollowerState(110)) - 914271eb-14eb-4bb5-b4be-b6b4d3827766: shutdown 914271eb-14eb-4bb5-b4be-b6b4d3827766@group-5D8652A3AABE-FollowerState
2022-11-04 01:08:03,373 [grpc-default-executor-1] INFO  impl.RoleInfo (RoleInfo.java:updateAndGet(139)) - 914271eb-14eb-4bb5-b4be-b6b4d3827766: start 914271eb-14eb-4bb5-b4be-b6b4d3827766@group-5D8652A3AABE-FollowerState
2022-11-04 01:08:03,373 [914271eb-14eb-4bb5-b4be-b6b4d3827766@group-5D8652A3AABE-FollowerState] INFO  impl.FollowerState (FollowerState.java:run(152)) - 914271eb-14eb-4bb5-b4be-b6b4d3827766@group-5D8652A3AABE-FollowerState was interrupted
2022-11-04 01:08:03,376 [grpc-default-executor-1] INFO  server.RaftServer$Division (RaftServerImpl.java:requestVote(1251)) - 914271eb-14eb-4bb5-b4be-b6b4d3827766@group-5D8652A3AABE replies to ELECTION vote request: e73ed4bb-a433-4ecd-b93a-d0b4e16433ed<-914271eb-14eb-4bb5-b4be-b6b4d3827766#0:FAIL-t1. Peer's state: 914271eb-14eb-4bb5-b4be-b6b4d3827766@group-5D8652A3AABE:t1, leader=null, voted=null, raftlog=Memoized:914271eb-14eb-4bb5-b4be-b6b4d3827766@group-5D8652A3AABE-SegmentedRaftLog:OPENED:c-1, conf=-1: peers:[47858208-0de4-46ca-af6a-45b9f6a00c92|rpc:10.1.0.17:42645|dataStream:|priority:0|startupRole:FOLLOWER, e73ed4bb-a433-4ecd-b93a-d0b4e16433ed|rpc:10.1.0.17:37481|dataStream:|priority:0|startupRole:FOLLOWER, 914271eb-14eb-4bb5-b4be-b6b4d3827766|rpc:10.1.0.17:40663|dataStream:|priority:1|startupRole:FOLLOWER]|listeners:[], old=null
2022-11-04 01:08:03,376 [47858208-0de4-46ca-af6a-45b9f6a00c92@group-5D8652A3AABE-FollowerState] INFO  server.RaftServerConfigKeys (ConfUtils.java:logFallback(53)) - raft.server.rpc.first-election.timeout.min = 5s (fallback to raft.server.rpc.timeout.min)
2022-11-04 01:08:03,385 [914271eb-14eb-4bb5-b4be-b6b4d3827766@group-5D8652A3AABE-FollowerState] INFO  server.RaftServerConfigKeys (ConfUtils.java:logFallback(53)) - raft.server.rpc.first-election.timeout.min = 5s (fallback to raft.server.rpc.timeout.min)
2022-11-04 01:08:03,385 [47858208-0de4-46ca-af6a-45b9f6a00c92@group-5D8652A3AABE-FollowerState] INFO  server.RaftServerConfigKeys (ConfUtils.java:logFallback(53)) - raft.server.rpc.first-election.timeout.max = 5200ms (fallback to raft.server.rpc.timeout.max)
2022-11-04 01:08:03,385 [914271eb-14eb-4bb5-b4be-b6b4d3827766@group-5D8652A3AABE-FollowerState] INFO  server.RaftServerConfigKeys (ConfUtils.java:logFallback(53)) - raft.server.rpc.first-election.timeout.max = 5200ms (fallback to raft.server.rpc.timeout.max)
2022-11-04 01:08:03,386 [e73ed4bb-a433-4ecd-b93a-d0b4e16433ed@group-5D8652A3AABE-LeaderElection12] INFO  impl.LeaderElection (LeaderElection.java:logAndReturn(90)) - e73ed4bb-a433-4ecd-b93a-d0b4e16433ed@group-5D8652A3AABE-LeaderElection12: ELECTION REJECTED received 2 response(s) and 0 exception(s):
2022-11-04 01:08:03,386 [e73ed4bb-a433-4ecd-b93a-d0b4e16433ed@group-5D8652A3AABE-LeaderElection12] INFO  impl.LeaderElection (LeaderElection.java:logAndReturn(94)) -   Response 0: e73ed4bb-a433-4ecd-b93a-d0b4e16433ed<-47858208-0de4-46ca-af6a-45b9f6a00c92#0:FAIL-t1
2022-11-04 01:08:03,386 [e73ed4bb-a433-4ecd-b93a-d0b4e16433ed@group-5D8652A3AABE-LeaderElection12] INFO  impl.LeaderElection (LeaderElection.java:logAndReturn(94)) -   Response 1: e73ed4bb-a433-4ecd-b93a-d0b4e16433ed<-914271eb-14eb-4bb5-b4be-b6b4d3827766#0:FAIL-t1
2022-11-04 01:08:03,386 [e73ed4bb-a433-4ecd-b93a-d0b4e16433ed@group-5D8652A3AABE-LeaderElection12] INFO  impl.LeaderElection (LeaderElection.java:askForVotes(314)) - e73ed4bb-a433-4ecd-b93a-d0b4e16433ed@group-5D8652A3AABE-LeaderElection12 ELECTION round 0: result REJECTED
2022-11-04 01:08:03,386 [e73ed4bb-a433-4ecd-b93a-d0b4e16433ed@group-5D8652A3AABE-LeaderElection12] INFO  server.RaftServer$Division (RaftServerImpl.java:setRole(321)) - e73ed4bb-a433-4ecd-b93a-d0b4e16433ed@group-5D8652A3AABE: changes role from CANDIDATE to FOLLOWER at term 1 for REJECTED
2022-11-04 01:08:03,386 [e73ed4bb-a433-4ecd-b93a-d0b4e16433ed@group-5D8652A3AABE-LeaderElection12] INFO  impl.RoleInfo (RoleInfo.java:shutdownLeaderElection(130)) - e73ed4bb-a433-4ecd-b93a-d0b4e16433ed: shutdown e73ed4bb-a433-4ecd-b93a-d0b4e16433ed@group-5D8652A3AABE-LeaderElection12
2022-11-04 01:08:03,386 [e73ed4bb-a433-4ecd-b93a-d0b4e16433ed@group-5D8652A3AABE-LeaderElection12] INFO  impl.RoleInfo (RoleInfo.java:updateAndGet(139)) - e73ed4bb-a433-4ecd-b93a-d0b4e16433ed: start e73ed4bb-a433-4ecd-b93a-d0b4e16433ed@group-5D8652A3AABE-FollowerState
2022-11-04 01:08:03,389 [e73ed4bb-a433-4ecd-b93a-d0b4e16433ed@group-5D8652A3AABE-FollowerState] INFO  server.RaftServerConfigKeys (ConfUtils.java:logFallback(53)) - raft.server.rpc.first-election.timeout.min = 5s (fallback to raft.server.rpc.timeout.min)
2022-11-04 01:08:03,389 [e73ed4bb-a433-4ecd-b93a-d0b4e16433ed@group-5D8652A3AABE-FollowerState] INFO  server.RaftServerConfigKeys (ConfUtils.java:logFallback(53)) - raft.server.rpc.first-election.timeout.max = 5200ms (fallback to raft.server.rpc.timeout.max)
2022-11-04 01:08:03,482 [e73ed4bb-a433-4ecd-b93a-d0b4e16433ed@group-85F39928E9FD-FollowerState] INFO  impl.FollowerState (FollowerState.java:run(143)) - e73ed4bb-a433-4ecd-b93a-d0b4e16433ed@group-85F39928E9FD-FollowerState: change to CANDIDATE, lastRpcElapsedTime:5140255130ns, electionTimeout:5139ms
2022-11-04 01:08:03,482 [e73ed4bb-a433-4ecd-b93a-d0b4e16433ed@group-85F39928E9FD-FollowerState] INFO  impl.RoleInfo (RoleInfo.java:shutdownFollowerState(110)) - e73ed4bb-a433-4ecd-b93a-d0b4e16433ed: shutdown e73ed4bb-a433-4ecd-b93a-d0b4e16433ed@group-85F39928E9FD-FollowerState
2022-11-04 01:08:03,482 [e73ed4bb-a433-4ecd-b93a-d0b4e16433ed@group-85F39928E9FD-FollowerState] INFO  server.RaftServer$Division (RaftServerImpl.java:setRole(321)) - e73ed4bb-a433-4ecd-b93a-d0b4e16433ed@group-85F39928E9FD: changes role from  FOLLOWER to CANDIDATE at term 0 for changeToCandidate
2022-11-04 01:08:03,482 [e73ed4bb-a433-4ecd-b93a-d0b4e16433ed@group-85F39928E9FD-FollowerState] INFO  server.RaftServerConfigKeys (ConfUtils.java:logGet(46)) - raft.server.leaderelection.pre-vote = false (custom)
2022-11-04 01:08:03,482 [e73ed4bb-a433-4ecd-b93a-d0b4e16433ed@group-85F39928E9FD-FollowerState] INFO  impl.RoleInfo (RoleInfo.java:updateAndGet(139)) - e73ed4bb-a433-4ecd-b93a-d0b4e16433ed: start e73ed4bb-a433-4ecd-b93a-d0b4e16433ed@group-85F39928E9FD-LeaderElection13
2022-11-04 01:08:03,492 [e73ed4bb-a433-4ecd-b93a-d0b4e16433ed@group-85F39928E9FD-LeaderElection13] INFO  impl.LeaderElection (LeaderElection.java:askForVotes(312)) - e73ed4bb-a433-4ecd-b93a-d0b4e16433ed@group-85F39928E9FD-LeaderElection13 ELECTION round 0: submit vote requests at term 1 for -1: peers:[e73ed4bb-a433-4ecd-b93a-d0b4e16433ed|rpc:10.1.0.17:37481|priority:1|startupRole:FOLLOWER]|listeners:[], old=null
2022-11-04 01:08:03,492 [e73ed4bb-a433-4ecd-b93a-d0b4e16433ed@group-85F39928E9FD-LeaderElection13] INFO  impl.LeaderElection (LeaderElection.java:askForVotes(314)) - e73ed4bb-a433-4ecd-b93a-d0b4e16433ed@group-85F39928E9FD-LeaderElection13 ELECTION round 0: result PASSED (term=1)
2022-11-04 01:08:03,492 [e73ed4bb-a433-4ecd-b93a-d0b4e16433ed@group-85F39928E9FD-LeaderElection13] INFO  impl.RoleInfo (RoleInfo.java:shutdownLeaderElection(130)) - e73ed4bb-a433-4ecd-b93a-d0b4e16433ed: shutdown e73ed4bb-a433-4ecd-b93a-d0b4e16433ed@group-85F39928E9FD-LeaderElection13
2022-11-04 01:08:03,493 [e73ed4bb-a433-4ecd-b93a-d0b4e16433ed@group-85F39928E9FD-LeaderElection13] INFO  server.RaftServer$Division (RaftServerImpl.java:setRole(321)) - e73ed4bb-a433-4ecd-b93a-d0b4e16433ed@group-85F39928E9FD: changes role from CANDIDATE to LEADER at term 1 for changeToLeader
2022-11-04 01:08:03,493 [e73ed4bb-a433-4ecd-b93a-d0b4e16433ed@group-85F39928E9FD-LeaderElection13] INFO  ratis.XceiverServerRatis (XceiverServerRatis.java:handleLeaderChangedNotification(863)) - Leader change notification received for group: group-85F39928E9FD with new leaderId: e73ed4bb-a433-4ecd-b93a-d0b4e16433ed
2022-11-04 01:08:03,493 [e73ed4bb-a433-4ecd-b93a-d0b4e16433ed@group-85F39928E9FD-LeaderElection13] INFO  server.RaftServer$Division (ServerState.java:setLeader(313)) - e73ed4bb-a433-4ecd-b93a-d0b4e16433ed@group-85F39928E9FD: change Leader from null to e73ed4bb-a433-4ecd-b93a-d0b4e16433ed at term 1 for becomeLeader, leader elected after 5161ms
2022-11-04 01:08:03,494 [e73ed4bb-a433-4ecd-b93a-d0b4e16433ed@group-85F39928E9FD-LeaderElection13] INFO  server.RaftServerConfigKeys (ConfUtils.java:logGet(46)) - raft.server.staging.catchup.gap = 1000 (default)
2022-11-04 01:08:03,494 [e73ed4bb-a433-4ecd-b93a-d0b4e16433ed@group-85F39928E9FD-LeaderElection13] INFO  server.RaftServerConfigKeys (ConfUtils.java:logGet(46)) - raft.server.write.element-limit = 1024 (custom)
2022-11-04 01:08:03,500 [e73ed4bb-a433-4ecd-b93a-d0b4e16433ed@group-85F39928E9FD-LeaderElection13] INFO  server.RaftServerConfigKeys (ConfUtils.java:logGet(46)) - raft.server.write.byte-limit = 1024 M (=1073741824) (custom)
2022-11-04 01:08:03,500 [e73ed4bb-a433-4ecd-b93a-d0b4e16433ed@group-85F39928E9FD-LeaderElection13] INFO  server.RaftServerConfigKeys (ConfUtils.java:logGet(46)) - raft.server.watch.timeout = 180s (custom)
2022-11-04 01:08:03,500 [e73ed4bb-a433-4ecd-b93a-d0b4e16433ed@group-85F39928E9FD-LeaderElection13] INFO  server.RaftServerConfigKeys (ConfUtils.java:logGet(46)) - raft.server.watch.timeout.denomination = 1s (default)
2022-11-04 01:08:03,501 [e73ed4bb-a433-4ecd-b93a-d0b4e16433ed@group-85F39928E9FD-LeaderElection13] INFO  server.RaftServerConfigKeys (ConfUtils.java:logGet(46)) - raft.server.watch.element-limit = 65536 (default)
2022-11-04 01:08:03,501 [e73ed4bb-a433-4ecd-b93a-d0b4e16433ed@group-85F39928E9FD-LeaderElection13] INFO  server.RaftServerConfigKeys (ConfUtils.java:logGet(46)) - raft.server.write.element-limit = 1024 (custom)
2022-11-04 01:08:03,501 [e73ed4bb-a433-4ecd-b93a-d0b4e16433ed@group-85F39928E9FD-LeaderElection13] INFO  server.RaftServerConfigKeys (ConfUtils.java:logGet(46)) - raft.server.write.follower.gap.ratio.max = -1.0 (default)
2022-11-04 01:08:03,501 [e73ed4bb-a433-4ecd-b93a-d0b4e16433ed@group-85F39928E9FD-LeaderElection13] INFO  impl.RoleInfo (RoleInfo.java:updateAndGet(139)) - e73ed4bb-a433-4ecd-b93a-d0b4e16433ed: start e73ed4bb-a433-4ecd-b93a-d0b4e16433ed@group-85F39928E9FD-LeaderStateImpl
2022-11-04 01:08:03,501 [e73ed4bb-a433-4ecd-b93a-d0b4e16433ed@group-85F39928E9FD-LeaderElection13] INFO  segmented.SegmentedRaftLogWorker (SegmentedRaftLogWorker.java:startLogSegment(452)) - e73ed4bb-a433-4ecd-b93a-d0b4e16433ed@group-85F39928E9FD-SegmentedRaftLogWorker: Starting segment from index:0
2022-11-04 01:08:03,505 [e73ed4bb-a433-4ecd-b93a-d0b4e16433ed@group-85F39928E9FD-SegmentedRaftLogWorker] INFO  segmented.SegmentedRaftLogWorker (SegmentedRaftLogWorker.java:execute(656)) - e73ed4bb-a433-4ecd-b93a-d0b4e16433ed@group-85F39928E9FD-SegmentedRaftLogWorker: created new log segment /home/runner/work/ozone/ozone/hadoop-ozone/integration-test/target/test-dir/MiniOzoneClusterImpl-e654cb93-8a46-4732-947e-f27e0a8f69eb/datanode-4/data/ratis/e41597bc-ab7f-47dd-b096-85f39928e9fd/current/log_inprogress_0
2022-11-04 01:08:03,510 [e73ed4bb-a433-4ecd-b93a-d0b4e16433ed@group-85F39928E9FD-LeaderElection13] INFO  server.RaftServer$Division (ServerState.java:setRaftConf(430)) - e73ed4bb-a433-4ecd-b93a-d0b4e16433ed@group-85F39928E9FD: set configuration 0: peers:[e73ed4bb-a433-4ecd-b93a-d0b4e16433ed|rpc:10.1.0.17:37481|dataStream:|priority:1|startupRole:FOLLOWER]|listeners:[], old=null
2022-11-04 01:08:03,720 [Listener at 127.0.0.1/40125] INFO  rpc.RpcClient (RpcClient.java:createVolume(472)) - Creating Volume: 6b322f43-6654-467e-a06a-d64612136d31, with runner as owner and space quota set to -1 bytes, counts quota set to -1
2022-11-04 01:08:03,773 [OM StateMachine ApplyTransaction Thread - 0] INFO  volume.OMVolumeCreateRequest (OMVolumeCreateRequest.java:validateAndUpdateCache(195)) - created volume:6b322f43-6654-467e-a06a-d64612136d31 for user:runner
2022-11-04 01:08:03,796 [Listener at 127.0.0.1/40125] INFO  rpc.RpcClient (RpcClient.java:createBucket(691)) - Creating Bucket: 6b322f43-6654-467e-a06a-d64612136d31/6b322f43-6654-467e-a06a-d64612136d31, with server-side default bucket layout, runner as owner, Versioning false, Storage Type set to DISK and Encryption set to false 
2022-11-04 01:08:03,810 [OM StateMachine ApplyTransaction Thread - 0] INFO  bucket.OMBucketCreateRequest (OMBucketCreateRequest.java:validateAndUpdateCache(260)) - created bucket: 6b322f43-6654-467e-a06a-d64612136d31 of layout LEGACY in volume: 6b322f43-6654-467e-a06a-d64612136d31
2022-11-04 01:08:03,822 [914271eb-14eb-4bb5-b4be-b6b4d3827766@group-8C0C523AC267-FollowerState] INFO  impl.FollowerState (FollowerState.java:run(143)) - 914271eb-14eb-4bb5-b4be-b6b4d3827766@group-8C0C523AC267-FollowerState: change to CANDIDATE, lastRpcElapsedTime:5132105528ns, electionTimeout:5131ms
2022-11-04 01:08:03,822 [914271eb-14eb-4bb5-b4be-b6b4d3827766@group-8C0C523AC267-FollowerState] INFO  impl.RoleInfo (RoleInfo.java:shutdownFollowerState(110)) - 914271eb-14eb-4bb5-b4be-b6b4d3827766: shutdown 914271eb-14eb-4bb5-b4be-b6b4d3827766@group-8C0C523AC267-FollowerState
2022-11-04 01:08:03,822 [914271eb-14eb-4bb5-b4be-b6b4d3827766@group-8C0C523AC267-FollowerState] INFO  server.RaftServer$Division (RaftServerImpl.java:setRole(321)) - 914271eb-14eb-4bb5-b4be-b6b4d3827766@group-8C0C523AC267: changes role from  FOLLOWER to CANDIDATE at term 0 for changeToCandidate
2022-11-04 01:08:03,822 [914271eb-14eb-4bb5-b4be-b6b4d3827766@group-8C0C523AC267-FollowerState] INFO  server.RaftServerConfigKeys (ConfUtils.java:logGet(46)) - raft.server.leaderelection.pre-vote = false (custom)
2022-11-04 01:08:03,822 [914271eb-14eb-4bb5-b4be-b6b4d3827766@group-8C0C523AC267-FollowerState] INFO  impl.RoleInfo (RoleInfo.java:updateAndGet(139)) - 914271eb-14eb-4bb5-b4be-b6b4d3827766: start 914271eb-14eb-4bb5-b4be-b6b4d3827766@group-8C0C523AC267-LeaderElection14
2022-11-04 01:08:03,840 [Listener at 127.0.0.1/40125] INFO  rpc.RpcClient (RpcClient.java:createBucket(691)) - Creating Bucket: 6b322f43-6654-467e-a06a-d64612136d31/e6dbe609-0b02-4399-a20c-f6f2a22abe63, with server-side default bucket layout, runner as owner, Versioning false, Storage Type set to DISK and Encryption set to false 
2022-11-04 01:08:03,842 [914271eb-14eb-4bb5-b4be-b6b4d3827766@group-8C0C523AC267-LeaderElection14] INFO  impl.LeaderElection (LeaderElection.java:askForVotes(312)) - 914271eb-14eb-4bb5-b4be-b6b4d3827766@group-8C0C523AC267-LeaderElection14 ELECTION round 0: submit vote requests at term 1 for -1: peers:[914271eb-14eb-4bb5-b4be-b6b4d3827766|rpc:10.1.0.17:40663|priority:1|startupRole:FOLLOWER]|listeners:[], old=null
2022-11-04 01:08:03,842 [914271eb-14eb-4bb5-b4be-b6b4d3827766@group-8C0C523AC267-LeaderElection14] INFO  impl.LeaderElection (LeaderElection.java:askForVotes(314)) - 914271eb-14eb-4bb5-b4be-b6b4d3827766@group-8C0C523AC267-LeaderElection14 ELECTION round 0: result PASSED (term=1)
2022-11-04 01:08:03,842 [914271eb-14eb-4bb5-b4be-b6b4d3827766@group-8C0C523AC267-LeaderElection14] INFO  impl.RoleInfo (RoleInfo.java:shutdownLeaderElection(130)) - 914271eb-14eb-4bb5-b4be-b6b4d3827766: shutdown 914271eb-14eb-4bb5-b4be-b6b4d3827766@group-8C0C523AC267-LeaderElection14
2022-11-04 01:08:03,842 [914271eb-14eb-4bb5-b4be-b6b4d3827766@group-8C0C523AC267-LeaderElection14] INFO  server.RaftServer$Division (RaftServerImpl.java:setRole(321)) - 914271eb-14eb-4bb5-b4be-b6b4d3827766@group-8C0C523AC267: changes role from CANDIDATE to LEADER at term 1 for changeToLeader
2022-11-04 01:08:03,842 [914271eb-14eb-4bb5-b4be-b6b4d3827766@group-8C0C523AC267-LeaderElection14] INFO  ratis.XceiverServerRatis (XceiverServerRatis.java:handleLeaderChangedNotification(863)) - Leader change notification received for group: group-8C0C523AC267 with new leaderId: 914271eb-14eb-4bb5-b4be-b6b4d3827766
2022-11-04 01:08:03,843 [914271eb-14eb-4bb5-b4be-b6b4d3827766@group-8C0C523AC267-LeaderElection14] INFO  server.RaftServer$Division (ServerState.java:setLeader(313)) - 914271eb-14eb-4bb5-b4be-b6b4d3827766@group-8C0C523AC267: change Leader from null to 914271eb-14eb-4bb5-b4be-b6b4d3827766 at term 1 for becomeLeader, leader elected after 5163ms
2022-11-04 01:08:03,843 [914271eb-14eb-4bb5-b4be-b6b4d3827766@group-8C0C523AC267-LeaderElection14] INFO  server.RaftServerConfigKeys (ConfUtils.java:logGet(46)) - raft.server.staging.catchup.gap = 1000 (default)
2022-11-04 01:08:03,844 [914271eb-14eb-4bb5-b4be-b6b4d3827766@group-8C0C523AC267-LeaderElection14] INFO  server.RaftServerConfigKeys (ConfUtils.java:logGet(46)) - raft.server.write.element-limit = 1024 (custom)
2022-11-04 01:08:03,844 [914271eb-14eb-4bb5-b4be-b6b4d3827766@group-8C0C523AC267-LeaderElection14] INFO  server.RaftServerConfigKeys (ConfUtils.java:logGet(46)) - raft.server.write.byte-limit = 1024 M (=1073741824) (custom)
2022-11-04 01:08:03,844 [914271eb-14eb-4bb5-b4be-b6b4d3827766@group-8C0C523AC267-LeaderElection14] INFO  server.RaftServerConfigKeys (ConfUtils.java:logGet(46)) - raft.server.watch.timeout = 180s (custom)
2022-11-04 01:08:03,847 [914271eb-14eb-4bb5-b4be-b6b4d3827766@group-8C0C523AC267-LeaderElection14] INFO  server.RaftServerConfigKeys (ConfUtils.java:logGet(46)) - raft.server.watch.timeout.denomination = 1s (default)
2022-11-04 01:08:03,847 [914271eb-14eb-4bb5-b4be-b6b4d3827766@group-8C0C523AC267-LeaderElection14] INFO  server.RaftServerConfigKeys (ConfUtils.java:logGet(46)) - raft.server.watch.element-limit = 65536 (default)
2022-11-04 01:08:03,847 [914271eb-14eb-4bb5-b4be-b6b4d3827766@group-8C0C523AC267-LeaderElection14] INFO  server.RaftServerConfigKeys (ConfUtils.java:logGet(46)) - raft.server.write.element-limit = 1024 (custom)
2022-11-04 01:08:03,847 [914271eb-14eb-4bb5-b4be-b6b4d3827766@group-8C0C523AC267-LeaderElection14] INFO  server.RaftServerConfigKeys (ConfUtils.java:logGet(46)) - raft.server.write.follower.gap.ratio.max = -1.0 (default)
2022-11-04 01:08:03,847 [914271eb-14eb-4bb5-b4be-b6b4d3827766@group-8C0C523AC267-LeaderElection14] INFO  impl.RoleInfo (RoleInfo.java:updateAndGet(139)) - 914271eb-14eb-4bb5-b4be-b6b4d3827766: start 914271eb-14eb-4bb5-b4be-b6b4d3827766@group-8C0C523AC267-LeaderStateImpl
2022-11-04 01:08:03,847 [914271eb-14eb-4bb5-b4be-b6b4d3827766@group-8C0C523AC267-LeaderElection14] INFO  segmented.SegmentedRaftLogWorker (SegmentedRaftLogWorker.java:startLogSegment(452)) - 914271eb-14eb-4bb5-b4be-b6b4d3827766@group-8C0C523AC267-SegmentedRaftLogWorker: Starting segment from index:0
2022-11-04 01:08:03,851 [OM StateMachine ApplyTransaction Thread - 0] INFO  bucket.OMBucketCreateRequest (OMBucketCreateRequest.java:validateAndUpdateCache(260)) - created bucket: e6dbe609-0b02-4399-a20c-f6f2a22abe63 of layout LEGACY in volume: 6b322f43-6654-467e-a06a-d64612136d31
2022-11-04 01:08:03,853 [914271eb-14eb-4bb5-b4be-b6b4d3827766@group-8C0C523AC267-SegmentedRaftLogWorker] INFO  segmented.SegmentedRaftLogWorker (SegmentedRaftLogWorker.java:execute(656)) - 914271eb-14eb-4bb5-b4be-b6b4d3827766@group-8C0C523AC267-SegmentedRaftLogWorker: created new log segment /home/runner/work/ozone/ozone/hadoop-ozone/integration-test/target/test-dir/MiniOzoneClusterImpl-e654cb93-8a46-4732-947e-f27e0a8f69eb/datanode-5/data/ratis/cb880c9b-7d2e-4ed4-8857-8c0c523ac267/current/log_inprogress_0
2022-11-04 01:08:03,856 [914271eb-14eb-4bb5-b4be-b6b4d3827766@group-8C0C523AC267-LeaderElection14] INFO  server.RaftServer$Division (ServerState.java:setRaftConf(430)) - 914271eb-14eb-4bb5-b4be-b6b4d3827766@group-8C0C523AC267: set configuration 0: peers:[914271eb-14eb-4bb5-b4be-b6b4d3827766|rpc:10.1.0.17:40663|dataStream:|priority:1|startupRole:FOLLOWER]|listeners:[], old=null
2022-11-04 01:08:03,916 [IPC Server handler 0 on default port 33479] INFO  pipeline.PipelineStateManagerImpl (PipelineStateManagerImpl.java:addPipeline(103)) - Created pipeline Pipeline[ Id: 5c8490f6-8066-4e5a-a81d-ecbf79e6b8ed, Nodes: 70253b25-82f0-4a7c-9412-29622705a2de{ip: 10.1.0.17, host: fv-az39-323.yumyzuo2tp0ejekjjwodrrku4b.bx.internal.cloudapp.net, ports: [REPLICATION=46293, RATIS=37713, RATIS_ADMIN=37713, RATIS_SERVER=37713, STANDALONE=37085], networkLocation: /default-rack, certSerialId: null, persistedOpState: null, persistedOpStateExpiryEpochSec: 0}47858208-0de4-46ca-af6a-45b9f6a00c92{ip: 10.1.0.17, host: fv-az39-323.yumyzuo2tp0ejekjjwodrrku4b.bx.internal.cloudapp.net, ports: [REPLICATION=36003, RATIS=42645, RATIS_ADMIN=42645, RATIS_SERVER=42645, STANDALONE=39519], networkLocation: /default-rack, certSerialId: null, persistedOpState: null, persistedOpStateExpiryEpochSec: 0}bc4c196d-1c1a-499c-9b0d-21e75e378ad6{ip: 10.1.0.17, host: fv-az39-323.yumyzuo2tp0ejekjjwodrrku4b.bx.internal.cloudapp.net, ports: [REPLICATION=38243, RATIS=34491, RATIS_ADMIN=34491, RATIS_SERVER=34491, STANDALONE=43559], networkLocation: /default-rack, certSerialId: null, persistedOpState: null, persistedOpStateExpiryEpochSec: 0}dc492f9b-31c5-46a5-b048-fde4f7a6d732{ip: 10.1.0.17, host: fv-az39-323.yumyzuo2tp0ejekjjwodrrku4b.bx.internal.cloudapp.net, ports: [REPLICATION=35247, RATIS=39685, RATIS_ADMIN=39685, RATIS_SERVER=39685, STANDALONE=44189], networkLocation: /default-rack, certSerialId: null, persistedOpState: null, persistedOpStateExpiryEpochSec: 0}9ad6c772-b583-49da-9dda-46d51a9db348{ip: 10.1.0.17, host: fv-az39-323.yumyzuo2tp0ejekjjwodrrku4b.bx.internal.cloudapp.net, ports: [REPLICATION=46803, RATIS=40437, RATIS_ADMIN=40437, RATIS_SERVER=40437, STANDALONE=33617], networkLocation: /default-rack, certSerialId: null, persistedOpState: null, persistedOpStateExpiryEpochSec: 0}, ReplicationConfig: EC/ECReplicationConfig{data=3, parity=2, ecChunkSize=1024, codec=rs}, State:ALLOCATED, leaderId:, CreationTimestamp2022-11-04T01:08:03.914Z[Etc/UTC]].
2022-11-04 01:08:03,917 [IPC Server handler 0 on default port 33479] INFO  ha.SequenceIdGenerator (SequenceIdGenerator.java:getNextId(128)) - Allocate a batch for containerId, change lastId from 0 to 1000.
2022-11-04 01:08:03,929 [IPC Server handler 0 on default port 33479] INFO  pipeline.PipelineManagerImpl (PipelineManagerImpl.java:openPipeline(367)) - Pipeline Pipeline[ Id: 5c8490f6-8066-4e5a-a81d-ecbf79e6b8ed, Nodes: 70253b25-82f0-4a7c-9412-29622705a2de{ip: 10.1.0.17, host: fv-az39-323.yumyzuo2tp0ejekjjwodrrku4b.bx.internal.cloudapp.net, ports: [REPLICATION=46293, RATIS=37713, RATIS_ADMIN=37713, RATIS_SERVER=37713, STANDALONE=37085], networkLocation: /default-rack, certSerialId: null, persistedOpState: null, persistedOpStateExpiryEpochSec: 0}47858208-0de4-46ca-af6a-45b9f6a00c92{ip: 10.1.0.17, host: fv-az39-323.yumyzuo2tp0ejekjjwodrrku4b.bx.internal.cloudapp.net, ports: [REPLICATION=36003, RATIS=42645, RATIS_ADMIN=42645, RATIS_SERVER=42645, STANDALONE=39519], networkLocation: /default-rack, certSerialId: null, persistedOpState: null, persistedOpStateExpiryEpochSec: 0}bc4c196d-1c1a-499c-9b0d-21e75e378ad6{ip: 10.1.0.17, host: fv-az39-323.yumyzuo2tp0ejekjjwodrrku4b.bx.internal.cloudapp.net, ports: [REPLICATION=38243, RATIS=34491, RATIS_ADMIN=34491, RATIS_SERVER=34491, STANDALONE=43559], networkLocation: /default-rack, certSerialId: null, persistedOpState: null, persistedOpStateExpiryEpochSec: 0}dc492f9b-31c5-46a5-b048-fde4f7a6d732{ip: 10.1.0.17, host: fv-az39-323.yumyzuo2tp0ejekjjwodrrku4b.bx.internal.cloudapp.net, ports: [REPLICATION=35247, RATIS=39685, RATIS_ADMIN=39685, RATIS_SERVER=39685, STANDALONE=44189], networkLocation: /default-rack, certSerialId: null, persistedOpState: null, persistedOpStateExpiryEpochSec: 0}9ad6c772-b583-49da-9dda-46d51a9db348{ip: 10.1.0.17, host: fv-az39-323.yumyzuo2tp0ejekjjwodrrku4b.bx.internal.cloudapp.net, ports: [REPLICATION=46803, RATIS=40437, RATIS_ADMIN=40437, RATIS_SERVER=40437, STANDALONE=33617], networkLocation: /default-rack, certSerialId: null, persistedOpState: null, persistedOpStateExpiryEpochSec: 0}, ReplicationConfig: EC/ECReplicationConfig{data=3, parity=2, ecChunkSize=1024, codec=rs}, State:ALLOCATED, leaderId:, CreationTimestamp2022-11-04T01:08:03.914Z[Etc/UTC]] moved to OPEN state
2022-11-04 01:08:03,931 [IPC Server handler 0 on default port 33479] WARN  ha.SequenceIdGenerator (SequenceIdGenerator.java:allocateBatch(237)) - Failed to allocate a batch for localId, expected lastId is 0, actual lastId is 109611004723200000.
2022-11-04 01:08:03,931 [IPC Server handler 0 on default port 33479] INFO  ha.SequenceIdGenerator (SequenceIdGenerator.java:getNextId(128)) - Allocate a batch for localId, change lastId from 109611004723200000 to 109611004723201000.
2022-11-04 01:08:04,019 [Listener at 127.0.0.1/40125] WARN  erasurecode.ErasureCodeNative (ErasureCodeNative.java:<clinit>(55)) - ISA-L support is not available in your platform... using builtin-java codec where applicable
2022-11-04 01:08:04,138 [Listener at 127.0.0.1/40125] INFO  impl.MetricsSystemImpl (MetricsSystemImpl.java:init(158)) - XceiverClientMetrics metrics system started (again)
2022-11-04 01:08:04,263 [dc492f9b-31c5-46a5-b048-fde4f7a6d732@group-14B460C0674A-FollowerState] INFO  impl.FollowerState (FollowerState.java:run(143)) - dc492f9b-31c5-46a5-b048-fde4f7a6d732@group-14B460C0674A-FollowerState: change to CANDIDATE, lastRpcElapsedTime:5110609364ns, electionTimeout:5110ms
2022-11-04 01:08:04,263 [dc492f9b-31c5-46a5-b048-fde4f7a6d732@group-14B460C0674A-FollowerState] INFO  impl.RoleInfo (RoleInfo.java:shutdownFollowerState(110)) - dc492f9b-31c5-46a5-b048-fde4f7a6d732: shutdown dc492f9b-31c5-46a5-b048-fde4f7a6d732@group-14B460C0674A-FollowerState
2022-11-04 01:08:04,263 [dc492f9b-31c5-46a5-b048-fde4f7a6d732@group-14B460C0674A-FollowerState] INFO  server.RaftServer$Division (RaftServerImpl.java:setRole(321)) - dc492f9b-31c5-46a5-b048-fde4f7a6d732@group-14B460C0674A: changes role from  FOLLOWER to CANDIDATE at term 0 for changeToCandidate
2022-11-04 01:08:04,263 [dc492f9b-31c5-46a5-b048-fde4f7a6d732@group-14B460C0674A-FollowerState] INFO  server.RaftServerConfigKeys (ConfUtils.java:logGet(46)) - raft.server.leaderelection.pre-vote = false (custom)
2022-11-04 01:08:04,263 [dc492f9b-31c5-46a5-b048-fde4f7a6d732@group-14B460C0674A-FollowerState] INFO  impl.RoleInfo (RoleInfo.java:updateAndGet(139)) - dc492f9b-31c5-46a5-b048-fde4f7a6d732: start dc492f9b-31c5-46a5-b048-fde4f7a6d732@group-14B460C0674A-LeaderElection15
2022-11-04 01:08:04,272 [dc492f9b-31c5-46a5-b048-fde4f7a6d732@group-14B460C0674A-LeaderElection15] INFO  impl.LeaderElection (LeaderElection.java:askForVotes(312)) - dc492f9b-31c5-46a5-b048-fde4f7a6d732@group-14B460C0674A-LeaderElection15 ELECTION round 0: submit vote requests at term 1 for -1: peers:[dc492f9b-31c5-46a5-b048-fde4f7a6d732|rpc:10.1.0.17:39685|priority:1|startupRole:FOLLOWER, 6480c095-e652-434b-9207-ee2ed1cf0924|rpc:10.1.0.17:36831|priority:0|startupRole:FOLLOWER, bc4c196d-1c1a-499c-9b0d-21e75e378ad6|rpc:10.1.0.17:34491|priority:0|startupRole:FOLLOWER]|listeners:[], old=null
2022-11-04 01:08:04,275 [dc492f9b-31c5-46a5-b048-fde4f7a6d732@group-14B460C0674A-LeaderElection15-1] INFO  server.GrpcServerProtocolClient (GrpcServerProtocolClient.java:<init>(63)) - Build channel for 6480c095-e652-434b-9207-ee2ed1cf0924
2022-11-04 01:08:04,279 [dc492f9b-31c5-46a5-b048-fde4f7a6d732@group-14B460C0674A-LeaderElection15] INFO  server.RaftServerConfigKeys (ConfUtils.java:logFallback(53)) - raft.server.rpc.first-election.timeout.min = 5s (fallback to raft.server.rpc.timeout.min)
2022-11-04 01:08:04,279 [dc492f9b-31c5-46a5-b048-fde4f7a6d732@group-14B460C0674A-LeaderElection15] INFO  server.RaftServerConfigKeys (ConfUtils.java:logFallback(53)) - raft.server.rpc.first-election.timeout.max = 5200ms (fallback to raft.server.rpc.timeout.max)
2022-11-04 01:08:04,282 [dc492f9b-31c5-46a5-b048-fde4f7a6d732@group-14B460C0674A-LeaderElection15-2] INFO  server.GrpcServerProtocolClient (GrpcServerProtocolClient.java:<init>(63)) - Build channel for bc4c196d-1c1a-499c-9b0d-21e75e378ad6
2022-11-04 01:08:04,285 [6480c095-e652-434b-9207-ee2ed1cf0924@group-2DB472FABF22-FollowerState] INFO  impl.FollowerState (FollowerState.java:run(143)) - 6480c095-e652-434b-9207-ee2ed1cf0924@group-2DB472FABF22-FollowerState: change to CANDIDATE, lastRpcElapsedTime:5008130171ns, electionTimeout:5005ms
2022-11-04 01:08:04,285 [6480c095-e652-434b-9207-ee2ed1cf0924@group-2DB472FABF22-FollowerState] INFO  impl.RoleInfo (RoleInfo.java:shutdownFollowerState(110)) - 6480c095-e652-434b-9207-ee2ed1cf0924: shutdown 6480c095-e652-434b-9207-ee2ed1cf0924@group-2DB472FABF22-FollowerState
2022-11-04 01:08:04,285 [6480c095-e652-434b-9207-ee2ed1cf0924@group-2DB472FABF22-FollowerState] INFO  server.RaftServer$Division (RaftServerImpl.java:setRole(321)) - 6480c095-e652-434b-9207-ee2ed1cf0924@group-2DB472FABF22: changes role from  FOLLOWER to CANDIDATE at term 0 for changeToCandidate
2022-11-04 01:08:04,286 [6480c095-e652-434b-9207-ee2ed1cf0924@group-2DB472FABF22-FollowerState] INFO  server.RaftServerConfigKeys (ConfUtils.java:logGet(46)) - raft.server.leaderelection.pre-vote = false (custom)
2022-11-04 01:08:04,286 [6480c095-e652-434b-9207-ee2ed1cf0924@group-2DB472FABF22-FollowerState] INFO  impl.RoleInfo (RoleInfo.java:updateAndGet(139)) - 6480c095-e652-434b-9207-ee2ed1cf0924: start 6480c095-e652-434b-9207-ee2ed1cf0924@group-2DB472FABF22-LeaderElection16
2022-11-04 01:08:04,299 [grpc-default-executor-8] INFO  server.RaftServer$Division (RaftServerImpl.java:requestVote(1218)) - 6480c095-e652-434b-9207-ee2ed1cf0924@group-14B460C0674A: receive requestVote(ELECTION, dc492f9b-31c5-46a5-b048-fde4f7a6d732, group-14B460C0674A, 1, (t:0, i:0))
2022-11-04 01:08:04,299 [grpc-default-executor-8] INFO  impl.VoteContext (VoteContext.java:log(48)) - 6480c095-e652-434b-9207-ee2ed1cf0924@group-14B460C0674A-FOLLOWER: accept ELECTION from dc492f9b-31c5-46a5-b048-fde4f7a6d732: our priority 0 <= candidate's priority 1
2022-11-04 01:08:04,299 [grpc-default-executor-8] INFO  server.RaftServer$Division (RaftServerImpl.java:setRole(321)) - 6480c095-e652-434b-9207-ee2ed1cf0924@group-14B460C0674A: changes role from  FOLLOWER to FOLLOWER at term 1 for candidate:dc492f9b-31c5-46a5-b048-fde4f7a6d732
2022-11-04 01:08:04,299 [grpc-default-executor-8] INFO  impl.RoleInfo (RoleInfo.java:shutdownFollowerState(110)) - 6480c095-e652-434b-9207-ee2ed1cf0924: shutdown 6480c095-e652-434b-9207-ee2ed1cf0924@group-14B460C0674A-FollowerState
2022-11-04 01:08:04,299 [grpc-default-executor-8] INFO  impl.RoleInfo (RoleInfo.java:updateAndGet(139)) - 6480c095-e652-434b-9207-ee2ed1cf0924: start 6480c095-e652-434b-9207-ee2ed1cf0924@group-14B460C0674A-FollowerState
2022-11-04 01:08:04,299 [6480c095-e652-434b-9207-ee2ed1cf0924@group-14B460C0674A-FollowerState] INFO  impl.FollowerState (FollowerState.java:run(152)) - 6480c095-e652-434b-9207-ee2ed1cf0924@group-14B460C0674A-FollowerState was interrupted
2022-11-04 01:08:04,302 [6480c095-e652-434b-9207-ee2ed1cf0924@group-14B460C0674A-FollowerState] INFO  server.RaftServerConfigKeys (ConfUtils.java:logFallback(53)) - raft.server.rpc.first-election.timeout.min = 5s (fallback to raft.server.rpc.timeout.min)
2022-11-04 01:08:04,302 [6480c095-e652-434b-9207-ee2ed1cf0924@group-14B460C0674A-FollowerState] INFO  server.RaftServerConfigKeys (ConfUtils.java:logFallback(53)) - raft.server.rpc.first-election.timeout.max = 5200ms (fallback to raft.server.rpc.timeout.max)
2022-11-04 01:08:04,302 [grpc-default-executor-8] INFO  server.RaftServer$Division (RaftServerImpl.java:requestVote(1251)) - 6480c095-e652-434b-9207-ee2ed1cf0924@group-14B460C0674A replies to ELECTION vote request: dc492f9b-31c5-46a5-b048-fde4f7a6d732<-6480c095-e652-434b-9207-ee2ed1cf0924#0:OK-t1. Peer's state: 6480c095-e652-434b-9207-ee2ed1cf0924@group-14B460C0674A:t1, leader=null, voted=dc492f9b-31c5-46a5-b048-fde4f7a6d732, raftlog=Memoized:6480c095-e652-434b-9207-ee2ed1cf0924@group-14B460C0674A-SegmentedRaftLog:OPENED:c-1, conf=-1: peers:[dc492f9b-31c5-46a5-b048-fde4f7a6d732|rpc:10.1.0.17:39685|dataStream:|priority:1|startupRole:FOLLOWER, 6480c095-e652-434b-9207-ee2ed1cf0924|rpc:10.1.0.17:36831|dataStream:|priority:0|startupRole:FOLLOWER, bc4c196d-1c1a-499c-9b0d-21e75e378ad6|rpc:10.1.0.17:34491|dataStream:|priority:0|startupRole:FOLLOWER]|listeners:[], old=null
2022-11-04 01:08:04,311 [dc492f9b-31c5-46a5-b048-fde4f7a6d732@group-1CB3B225A7FA-FollowerState] INFO  impl.FollowerState (FollowerState.java:run(143)) - dc492f9b-31c5-46a5-b048-fde4f7a6d732@group-1CB3B225A7FA-FollowerState: change to CANDIDATE, lastRpcElapsedTime:5180568374ns, electionTimeout:5169ms
2022-11-04 01:08:04,312 [dc492f9b-31c5-46a5-b048-fde4f7a6d732@group-1CB3B225A7FA-FollowerState] INFO  impl.RoleInfo (RoleInfo.java:shutdownFollowerState(110)) - dc492f9b-31c5-46a5-b048-fde4f7a6d732: shutdown dc492f9b-31c5-46a5-b048-fde4f7a6d732@group-1CB3B225A7FA-FollowerState
2022-11-04 01:08:04,312 [dc492f9b-31c5-46a5-b048-fde4f7a6d732@group-1CB3B225A7FA-FollowerState] INFO  server.RaftServer$Division (RaftServerImpl.java:setRole(321)) - dc492f9b-31c5-46a5-b048-fde4f7a6d732@group-1CB3B225A7FA: changes role from  FOLLOWER to CANDIDATE at term 0 for changeToCandidate
2022-11-04 01:08:04,312 [dc492f9b-31c5-46a5-b048-fde4f7a6d732@group-1CB3B225A7FA-FollowerState] INFO  server.RaftServerConfigKeys (ConfUtils.java:logGet(46)) - raft.server.leaderelection.pre-vote = false (custom)
2022-11-04 01:08:04,312 [dc492f9b-31c5-46a5-b048-fde4f7a6d732@group-1CB3B225A7FA-FollowerState] INFO  impl.RoleInfo (RoleInfo.java:updateAndGet(139)) - dc492f9b-31c5-46a5-b048-fde4f7a6d732: start dc492f9b-31c5-46a5-b048-fde4f7a6d732@group-1CB3B225A7FA-LeaderElection17
2022-11-04 01:08:04,315 [6480c095-e652-434b-9207-ee2ed1cf0924@group-2DB472FABF22-LeaderElection16] INFO  impl.LeaderElection (LeaderElection.java:askForVotes(312)) - 6480c095-e652-434b-9207-ee2ed1cf0924@group-2DB472FABF22-LeaderElection16 ELECTION round 0: submit vote requests at term 1 for -1: peers:[6480c095-e652-434b-9207-ee2ed1cf0924|rpc:10.1.0.17:36831|dataStream:|priority:0|startupRole:FOLLOWER, dc492f9b-31c5-46a5-b048-fde4f7a6d732|rpc:10.1.0.17:39685|dataStream:|priority:0|startupRole:FOLLOWER, bc4c196d-1c1a-499c-9b0d-21e75e378ad6|rpc:10.1.0.17:34491|dataStream:|priority:1|startupRole:FOLLOWER]|listeners:[], old=null
2022-11-04 01:08:04,324 [dc492f9b-31c5-46a5-b048-fde4f7a6d732@group-1CB3B225A7FA-LeaderElection17] INFO  impl.LeaderElection (LeaderElection.java:askForVotes(312)) - dc492f9b-31c5-46a5-b048-fde4f7a6d732@group-1CB3B225A7FA-LeaderElection17 ELECTION round 0: submit vote requests at term 1 for -1: peers:[dc492f9b-31c5-46a5-b048-fde4f7a6d732|rpc:10.1.0.17:39685|priority:1|startupRole:FOLLOWER]|listeners:[], old=null
2022-11-04 01:08:04,324 [dc492f9b-31c5-46a5-b048-fde4f7a6d732@group-1CB3B225A7FA-LeaderElection17] INFO  impl.LeaderElection (LeaderElection.java:askForVotes(314)) - dc492f9b-31c5-46a5-b048-fde4f7a6d732@group-1CB3B225A7FA-LeaderElection17 ELECTION round 0: result PASSED (term=1)
2022-11-04 01:08:04,324 [dc492f9b-31c5-46a5-b048-fde4f7a6d732@group-1CB3B225A7FA-LeaderElection17] INFO  impl.RoleInfo (RoleInfo.java:shutdownLeaderElection(130)) - dc492f9b-31c5-46a5-b048-fde4f7a6d732: shutdown dc492f9b-31c5-46a5-b048-fde4f7a6d732@group-1CB3B225A7FA-LeaderElection17
2022-11-04 01:08:04,324 [dc492f9b-31c5-46a5-b048-fde4f7a6d732@group-1CB3B225A7FA-LeaderElection17] INFO  server.RaftServer$Division (RaftServerImpl.java:setRole(321)) - dc492f9b-31c5-46a5-b048-fde4f7a6d732@group-1CB3B225A7FA: changes role from CANDIDATE to LEADER at term 1 for changeToLeader
2022-11-04 01:08:04,324 [dc492f9b-31c5-46a5-b048-fde4f7a6d732@group-1CB3B225A7FA-LeaderElection17] INFO  ratis.XceiverServerRatis (XceiverServerRatis.java:handleLeaderChangedNotification(863)) - Leader change notification received for group: group-1CB3B225A7FA with new leaderId: dc492f9b-31c5-46a5-b048-fde4f7a6d732
2022-11-04 01:08:04,325 [dc492f9b-31c5-46a5-b048-fde4f7a6d732@group-1CB3B225A7FA-LeaderElection17] INFO  server.RaftServer$Division (ServerState.java:setLeader(313)) - dc492f9b-31c5-46a5-b048-fde4f7a6d732@group-1CB3B225A7FA: change Leader from null to dc492f9b-31c5-46a5-b048-fde4f7a6d732 at term 1 for becomeLeader, leader elected after 5207ms
2022-11-04 01:08:04,325 [dc492f9b-31c5-46a5-b048-fde4f7a6d732@group-1CB3B225A7FA-LeaderElection17] INFO  server.RaftServerConfigKeys (ConfUtils.java:logGet(46)) - raft.server.staging.catchup.gap = 1000 (default)
2022-11-04 01:08:04,328 [dc492f9b-31c5-46a5-b048-fde4f7a6d732@group-14B460C0674A-LeaderElection15] INFO  impl.LeaderElection (LeaderElection.java:logAndReturn(90)) - dc492f9b-31c5-46a5-b048-fde4f7a6d732@group-14B460C0674A-LeaderElection15: ELECTION PASSED received 1 response(s) and 0 exception(s):
2022-11-04 01:08:04,328 [dc492f9b-31c5-46a5-b048-fde4f7a6d732@group-14B460C0674A-LeaderElection15] INFO  impl.LeaderElection (LeaderElection.java:logAndReturn(94)) -   Response 0: dc492f9b-31c5-46a5-b048-fde4f7a6d732<-6480c095-e652-434b-9207-ee2ed1cf0924#0:OK-t1
2022-11-04 01:08:04,329 [dc492f9b-31c5-46a5-b048-fde4f7a6d732@group-1CB3B225A7FA-LeaderElection17] INFO  server.RaftServerConfigKeys (ConfUtils.java:logGet(46)) - raft.server.write.element-limit = 1024 (custom)
2022-11-04 01:08:04,329 [dc492f9b-31c5-46a5-b048-fde4f7a6d732@group-1CB3B225A7FA-LeaderElection17] INFO  server.RaftServerConfigKeys (ConfUtils.java:logGet(46)) - raft.server.write.byte-limit = 1024 M (=1073741824) (custom)
2022-11-04 01:08:04,329 [dc492f9b-31c5-46a5-b048-fde4f7a6d732@group-1CB3B225A7FA-LeaderElection17] INFO  server.RaftServerConfigKeys (ConfUtils.java:logGet(46)) - raft.server.watch.timeout = 180s (custom)
2022-11-04 01:08:04,329 [dc492f9b-31c5-46a5-b048-fde4f7a6d732@group-1CB3B225A7FA-LeaderElection17] INFO  server.RaftServerConfigKeys (ConfUtils.java:logGet(46)) - raft.server.watch.timeout.denomination = 1s (default)
2022-11-04 01:08:04,329 [dc492f9b-31c5-46a5-b048-fde4f7a6d732@group-1CB3B225A7FA-LeaderElection17] INFO  server.RaftServerConfigKeys (ConfUtils.java:logGet(46)) - raft.server.watch.element-limit = 65536 (default)
2022-11-04 01:08:04,329 [dc492f9b-31c5-46a5-b048-fde4f7a6d732@group-1CB3B225A7FA-LeaderElection17] INFO  server.RaftServerConfigKeys (ConfUtils.java:logGet(46)) - raft.server.write.element-limit = 1024 (custom)
2022-11-04 01:08:04,329 [dc492f9b-31c5-46a5-b048-fde4f7a6d732@group-1CB3B225A7FA-LeaderElection17] INFO  server.RaftServerConfigKeys (ConfUtils.java:logGet(46)) - raft.server.write.follower.gap.ratio.max = -1.0 (default)
2022-11-04 01:08:04,330 [dc492f9b-31c5-46a5-b048-fde4f7a6d732@group-1CB3B225A7FA-LeaderElection17] INFO  impl.RoleInfo (RoleInfo.java:updateAndGet(139)) - dc492f9b-31c5-46a5-b048-fde4f7a6d732: start dc492f9b-31c5-46a5-b048-fde4f7a6d732@group-1CB3B225A7FA-LeaderStateImpl
2022-11-04 01:08:04,330 [dc492f9b-31c5-46a5-b048-fde4f7a6d732@group-1CB3B225A7FA-LeaderElection17] INFO  segmented.SegmentedRaftLogWorker (SegmentedRaftLogWorker.java:startLogSegment(452)) - dc492f9b-31c5-46a5-b048-fde4f7a6d732@group-1CB3B225A7FA-SegmentedRaftLogWorker: Starting segment from index:0
2022-11-04 01:08:04,333 [6480c095-e652-434b-9207-ee2ed1cf0924@group-2DB472FABF22-LeaderElection16-1] INFO  server.GrpcServerProtocolClient (GrpcServerProtocolClient.java:<init>(63)) - Build channel for dc492f9b-31c5-46a5-b048-fde4f7a6d732
2022-11-04 01:08:04,339 [6480c095-e652-434b-9207-ee2ed1cf0924@group-2DB472FABF22-LeaderElection16] INFO  server.RaftServerConfigKeys (ConfUtils.java:logFallback(53)) - raft.server.rpc.first-election.timeout.min = 5s (fallback to raft.server.rpc.timeout.min)
2022-11-04 01:08:04,339 [6480c095-e652-434b-9207-ee2ed1cf0924@group-2DB472FABF22-LeaderElection16] INFO  server.RaftServerConfigKeys (ConfUtils.java:logFallback(53)) - raft.server.rpc.first-election.timeout.max = 5200ms (fallback to raft.server.rpc.timeout.max)
2022-11-04 01:08:04,344 [dc492f9b-31c5-46a5-b048-fde4f7a6d732@group-14B460C0674A-LeaderElection15] INFO  impl.LeaderElection (LeaderElection.java:askForVotes(314)) - dc492f9b-31c5-46a5-b048-fde4f7a6d732@group-14B460C0674A-LeaderElection15 ELECTION round 0: result PASSED
2022-11-04 01:08:04,344 [dc492f9b-31c5-46a5-b048-fde4f7a6d732@group-14B460C0674A-LeaderElection15] INFO  impl.RoleInfo (RoleInfo.java:shutdownLeaderElection(130)) - dc492f9b-31c5-46a5-b048-fde4f7a6d732: shutdown dc492f9b-31c5-46a5-b048-fde4f7a6d732@group-14B460C0674A-LeaderElection15
2022-11-04 01:08:04,344 [dc492f9b-31c5-46a5-b048-fde4f7a6d732@group-14B460C0674A-LeaderElection15] INFO  server.RaftServer$Division (RaftServerImpl.java:setRole(321)) - dc492f9b-31c5-46a5-b048-fde4f7a6d732@group-14B460C0674A: changes role from CANDIDATE to LEADER at term 1 for changeToLeader
2022-11-04 01:08:04,344 [dc492f9b-31c5-46a5-b048-fde4f7a6d732@group-14B460C0674A-LeaderElection15] INFO  ratis.XceiverServerRatis (XceiverServerRatis.java:handleLeaderChangedNotification(863)) - Leader change notification received for group: group-14B460C0674A with new leaderId: dc492f9b-31c5-46a5-b048-fde4f7a6d732
2022-11-04 01:08:04,346 [grpc-default-executor-1] INFO  server.RaftServer$Division (RaftServerImpl.java:requestVote(1218)) - bc4c196d-1c1a-499c-9b0d-21e75e378ad6@group-14B460C0674A: receive requestVote(ELECTION, dc492f9b-31c5-46a5-b048-fde4f7a6d732, group-14B460C0674A, 1, (t:0, i:0))
2022-11-04 01:08:04,346 [grpc-default-executor-1] INFO  impl.VoteContext (VoteContext.java:log(48)) - bc4c196d-1c1a-499c-9b0d-21e75e378ad6@group-14B460C0674A-FOLLOWER: accept ELECTION from dc492f9b-31c5-46a5-b048-fde4f7a6d732: our priority 0 <= candidate's priority 1
2022-11-04 01:08:04,346 [dc492f9b-31c5-46a5-b048-fde4f7a6d732@group-1CB3B225A7FA-SegmentedRaftLogWorker] INFO  segmented.SegmentedRaftLogWorker (SegmentedRaftLogWorker.java:execute(656)) - dc492f9b-31c5-46a5-b048-fde4f7a6d732@group-1CB3B225A7FA-SegmentedRaftLogWorker: created new log segment /home/runner/work/ozone/ozone/hadoop-ozone/integration-test/target/test-dir/MiniOzoneClusterImpl-e654cb93-8a46-4732-947e-f27e0a8f69eb/datanode-6/data/ratis/327d66f6-30f7-4452-adf7-1cb3b225a7fa/current/log_inprogress_0
2022-11-04 01:08:04,347 [grpc-default-executor-1] INFO  server.RaftServer$Division (RaftServerImpl.java:setRole(321)) - bc4c196d-1c1a-499c-9b0d-21e75e378ad6@group-14B460C0674A: changes role from  FOLLOWER to FOLLOWER at term 1 for candidate:dc492f9b-31c5-46a5-b048-fde4f7a6d732
2022-11-04 01:08:04,347 [grpc-default-executor-1] INFO  impl.RoleInfo (RoleInfo.java:shutdownFollowerState(110)) - bc4c196d-1c1a-499c-9b0d-21e75e378ad6: shutdown bc4c196d-1c1a-499c-9b0d-21e75e378ad6@group-14B460C0674A-FollowerState
2022-11-04 01:08:04,347 [grpc-default-executor-1] INFO  impl.RoleInfo (RoleInfo.java:updateAndGet(139)) - bc4c196d-1c1a-499c-9b0d-21e75e378ad6: start bc4c196d-1c1a-499c-9b0d-21e75e378ad6@group-14B460C0674A-FollowerState
2022-11-04 01:08:04,347 [bc4c196d-1c1a-499c-9b0d-21e75e378ad6@group-14B460C0674A-FollowerState] INFO  impl.FollowerState (FollowerState.java:run(152)) - bc4c196d-1c1a-499c-9b0d-21e75e378ad6@group-14B460C0674A-FollowerState was interrupted
2022-11-04 01:08:04,356 [6480c095-e652-434b-9207-ee2ed1cf0924@group-2DB472FABF22-LeaderElection16-2] INFO  server.GrpcServerProtocolClient (GrpcServerProtocolClient.java:<init>(63)) - Build channel for bc4c196d-1c1a-499c-9b0d-21e75e378ad6
2022-11-04 01:08:04,360 [dc492f9b-31c5-46a5-b048-fde4f7a6d732@group-1CB3B225A7FA-LeaderElection17] INFO  server.RaftServer$Division (ServerState.java:setRaftConf(430)) - dc492f9b-31c5-46a5-b048-fde4f7a6d732@group-1CB3B225A7FA: set configuration 0: peers:[dc492f9b-31c5-46a5-b048-fde4f7a6d732|rpc:10.1.0.17:39685|dataStream:|priority:1|startupRole:FOLLOWER]|listeners:[], old=null
2022-11-04 01:08:04,359 [dc492f9b-31c5-46a5-b048-fde4f7a6d732@group-14B460C0674A-LeaderElection15] INFO  server.RaftServer$Division (ServerState.java:setLeader(313)) - dc492f9b-31c5-46a5-b048-fde4f7a6d732@group-14B460C0674A: change Leader from null to dc492f9b-31c5-46a5-b048-fde4f7a6d732 at term 1 for becomeLeader, leader elected after 5204ms
2022-11-04 01:08:04,360 [dc492f9b-31c5-46a5-b048-fde4f7a6d732@group-14B460C0674A-LeaderElection15] INFO  server.RaftServerConfigKeys (ConfUtils.java:logGet(46)) - raft.server.staging.catchup.gap = 1000 (default)
2022-11-04 01:08:04,360 [dc492f9b-31c5-46a5-b048-fde4f7a6d732@group-14B460C0674A-LeaderElection15] INFO  server.RaftServerConfigKeys (ConfUtils.java:logGet(46)) - raft.server.write.element-limit = 1024 (custom)
2022-11-04 01:08:04,360 [dc492f9b-31c5-46a5-b048-fde4f7a6d732@group-14B460C0674A-LeaderElection15] INFO  server.RaftServerConfigKeys (ConfUtils.java:logGet(46)) - raft.server.write.byte-limit = 1024 M (=1073741824) (custom)
2022-11-04 01:08:04,360 [dc492f9b-31c5-46a5-b048-fde4f7a6d732@group-14B460C0674A-LeaderElection15] INFO  server.RaftServerConfigKeys (ConfUtils.java:logGet(46)) - raft.server.watch.timeout = 180s (custom)
2022-11-04 01:08:04,360 [dc492f9b-31c5-46a5-b048-fde4f7a6d732@group-14B460C0674A-LeaderElection15] INFO  server.RaftServerConfigKeys (ConfUtils.java:logGet(46)) - raft.server.watch.timeout.denomination = 1s (default)
2022-11-04 01:08:04,360 [dc492f9b-31c5-46a5-b048-fde4f7a6d732@group-14B460C0674A-LeaderElection15] INFO  server.RaftServerConfigKeys (ConfUtils.java:logGet(46)) - raft.server.watch.element-limit = 65536 (default)
2022-11-04 01:08:04,360 [dc492f9b-31c5-46a5-b048-fde4f7a6d732@group-14B460C0674A-LeaderElection15] INFO  server.RaftServerConfigKeys (ConfUtils.java:logGet(46)) - raft.server.write.element-limit = 1024 (custom)
2022-11-04 01:08:04,360 [dc492f9b-31c5-46a5-b048-fde4f7a6d732@group-14B460C0674A-LeaderElection15] INFO  server.RaftServerConfigKeys (ConfUtils.java:logGet(46)) - raft.server.write.follower.gap.ratio.max = -1.0 (default)
2022-11-04 01:08:04,361 [dc492f9b-31c5-46a5-b048-fde4f7a6d732@group-14B460C0674A-LeaderElection15] INFO  server.RaftServerConfigKeys (ConfUtils.java:logGet(46)) - raft.server.log.appender.snapshot.chunk.size.max = 16MB (=16777216) (default)
2022-11-04 01:08:04,361 [dc492f9b-31c5-46a5-b048-fde4f7a6d732@group-14B460C0674A-LeaderElection15] INFO  server.RaftServerConfigKeys (ConfUtils.java:logGet(46)) - raft.server.log.appender.buffer.byte-limit = 33554432 (custom)
2022-11-04 01:08:04,361 [dc492f9b-31c5-46a5-b048-fde4f7a6d732@group-14B460C0674A-LeaderElection15] INFO  server.RaftServerConfigKeys (ConfUtils.java:logGet(46)) - raft.server.log.appender.buffer.element-limit = 1 (custom)
2022-11-04 01:08:04,361 [dc492f9b-31c5-46a5-b048-fde4f7a6d732@group-14B460C0674A-LeaderElection15] INFO  grpc.GrpcConfigKeys (ConfUtils.java:logGet(46)) - raft.grpc.server.leader.outstanding.appends.max = 128 (default)
2022-11-04 01:08:04,361 [dc492f9b-31c5-46a5-b048-fde4f7a6d732@group-14B460C0674A-LeaderElection15] INFO  server.RaftServerConfigKeys (ConfUtils.java:logGet(46)) - raft.server.rpc.request.timeout = 60s (custom)
2022-11-04 01:08:04,361 [dc492f9b-31c5-46a5-b048-fde4f7a6d732@group-14B460C0674A-LeaderElection15] INFO  server.RaftServerConfigKeys (ConfUtils.java:logGet(46)) - raft.server.log.appender.install.snapshot.enabled = false (custom)
2022-11-04 01:08:04,356 [grpc-default-executor-1] INFO  server.RaftServer$Division (RaftServerImpl.java:requestVote(1251)) - bc4c196d-1c1a-499c-9b0d-21e75e378ad6@group-14B460C0674A replies to ELECTION vote request: dc492f9b-31c5-46a5-b048-fde4f7a6d732<-bc4c196d-1c1a-499c-9b0d-21e75e378ad6#0:OK-t1. Peer's state: bc4c196d-1c1a-499c-9b0d-21e75e378ad6@group-14B460C0674A:t1, leader=null, voted=dc492f9b-31c5-46a5-b048-fde4f7a6d732, raftlog=Memoized:bc4c196d-1c1a-499c-9b0d-21e75e378ad6@group-14B460C0674A-SegmentedRaftLog:OPENED:c-1, conf=-1: peers:[dc492f9b-31c5-46a5-b048-fde4f7a6d732|rpc:10.1.0.17:39685|dataStream:|priority:1|startupRole:FOLLOWER, 6480c095-e652-434b-9207-ee2ed1cf0924|rpc:10.1.0.17:36831|dataStream:|priority:0|startupRole:FOLLOWER, bc4c196d-1c1a-499c-9b0d-21e75e378ad6|rpc:10.1.0.17:34491|dataStream:|priority:0|startupRole:FOLLOWER]|listeners:[], old=null
2022-11-04 01:08:04,361 [dc492f9b-31c5-46a5-b048-fde4f7a6d732@group-14B460C0674A-LeaderElection15] INFO  grpc.GrpcConfigKeys (ConfUtils.java:logGet(46)) - raft.grpc.server.heartbeat.channel = true (default)
2022-11-04 01:08:04,362 [dc492f9b-31c5-46a5-b048-fde4f7a6d732@group-14B460C0674A-LeaderElection15] INFO  server.RaftServerConfigKeys (ConfUtils.java:logGet(46)) - raft.server.log.appender.wait-time.min = 10ms (default)
2022-11-04 01:08:04,363 [EventQueue-PipelineReportForPipelineReportHandler] INFO  pipeline.PipelineManagerImpl (PipelineManagerImpl.java:openPipeline(367)) - Pipeline Pipeline[ Id: 3ee39070-283a-4801-8daa-14b460c0674a, Nodes: dc492f9b-31c5-46a5-b048-fde4f7a6d732{ip: 10.1.0.17, host: fv-az39-323.yumyzuo2tp0ejekjjwodrrku4b.bx.internal.cloudapp.net, ports: [REPLICATION=35247, RATIS=39685, RATIS_ADMIN=39685, RATIS_SERVER=39685, STANDALONE=44189], networkLocation: /default-rack, certSerialId: null, persistedOpState: IN_SERVICE, persistedOpStateExpiryEpochSec: 0}6480c095-e652-434b-9207-ee2ed1cf0924{ip: 10.1.0.17, host: fv-az39-323.yumyzuo2tp0ejekjjwodrrku4b.bx.internal.cloudapp.net, ports: [REPLICATION=37999, RATIS=36831, RATIS_ADMIN=36831, RATIS_SERVER=36831, STANDALONE=37991], networkLocation: /default-rack, certSerialId: null, persistedOpState: IN_SERVICE, persistedOpStateExpiryEpochSec: 0}bc4c196d-1c1a-499c-9b0d-21e75e378ad6{ip: 10.1.0.17, host: fv-az39-323.yumyzuo2tp0ejekjjwodrrku4b.bx.internal.cloudapp.net, ports: [REPLICATION=38243, RATIS=34491, RATIS_ADMIN=34491, RATIS_SERVER=34491, STANDALONE=43559], networkLocation: /default-rack, certSerialId: null, persistedOpState: IN_SERVICE, persistedOpStateExpiryEpochSec: 0}, ReplicationConfig: RATIS/THREE, State:ALLOCATED, leaderId:dc492f9b-31c5-46a5-b048-fde4f7a6d732, CreationTimestamp2022-11-04T01:07:56.766Z[Etc/UTC]] moved to OPEN state
2022-11-04 01:08:04,363 [dc492f9b-31c5-46a5-b048-fde4f7a6d732@group-14B460C0674A-LeaderElection15] INFO  server.RaftServerConfigKeys (ConfUtils.java:logGet(46)) - raft.server.log.appender.snapshot.chunk.size.max = 16MB (=16777216) (default)
2022-11-04 01:08:04,363 [dc492f9b-31c5-46a5-b048-fde4f7a6d732@group-14B460C0674A-LeaderElection15] INFO  server.RaftServerConfigKeys (ConfUtils.java:logGet(46)) - raft.server.log.appender.buffer.byte-limit = 33554432 (custom)
2022-11-04 01:08:04,363 [dc492f9b-31c5-46a5-b048-fde4f7a6d732@group-14B460C0674A-LeaderElection15] INFO  server.RaftServerConfigKeys (ConfUtils.java:logGet(46)) - raft.server.log.appender.buffer.element-limit = 1 (custom)
2022-11-04 01:08:04,363 [dc492f9b-31c5-46a5-b048-fde4f7a6d732@group-14B460C0674A-LeaderElection15] INFO  grpc.GrpcConfigKeys (ConfUtils.java:logGet(46)) - raft.grpc.server.leader.outstanding.appends.max = 128 (default)
2022-11-04 01:08:04,363 [dc492f9b-31c5-46a5-b048-fde4f7a6d732@group-14B460C0674A-LeaderElection15] INFO  server.RaftServerConfigKeys (ConfUtils.java:logGet(46)) - raft.server.rpc.request.timeout = 60s (custom)
2022-11-04 01:08:04,363 [dc492f9b-31c5-46a5-b048-fde4f7a6d732@group-14B460C0674A-LeaderElection15] INFO  server.RaftServerConfigKeys (ConfUtils.java:logGet(46)) - raft.server.log.appender.install.snapshot.enabled = false (custom)
2022-11-04 01:08:04,363 [dc492f9b-31c5-46a5-b048-fde4f7a6d732@group-14B460C0674A-LeaderElection15] INFO  grpc.GrpcConfigKeys (ConfUtils.java:logGet(46)) - raft.grpc.server.heartbeat.channel = true (default)
2022-11-04 01:08:04,364 [dc492f9b-31c5-46a5-b048-fde4f7a6d732@group-14B460C0674A-LeaderElection15] INFO  server.RaftServerConfigKeys (ConfUtils.java:logGet(46)) - raft.server.log.appender.wait-time.min = 10ms (default)
2022-11-04 01:08:04,364 [dc492f9b-31c5-46a5-b048-fde4f7a6d732@group-14B460C0674A-LeaderElection15] INFO  impl.RoleInfo (RoleInfo.java:updateAndGet(139)) - dc492f9b-31c5-46a5-b048-fde4f7a6d732: start dc492f9b-31c5-46a5-b048-fde4f7a6d732@group-14B460C0674A-LeaderStateImpl
2022-11-04 01:08:04,364 [dc492f9b-31c5-46a5-b048-fde4f7a6d732@group-14B460C0674A-LeaderElection15] INFO  segmented.SegmentedRaftLogWorker (SegmentedRaftLogWorker.java:startLogSegment(452)) - dc492f9b-31c5-46a5-b048-fde4f7a6d732@group-14B460C0674A-SegmentedRaftLogWorker: Starting segment from index:0
2022-11-04 01:08:04,366 [dc492f9b-31c5-46a5-b048-fde4f7a6d732@group-14B460C0674A-SegmentedRaftLogWorker] INFO  segmented.SegmentedRaftLogWorker (SegmentedRaftLogWorker.java:execute(656)) - dc492f9b-31c5-46a5-b048-fde4f7a6d732@group-14B460C0674A-SegmentedRaftLogWorker: created new log segment /home/runner/work/ozone/ozone/hadoop-ozone/integration-test/target/test-dir/MiniOzoneClusterImpl-e654cb93-8a46-4732-947e-f27e0a8f69eb/datanode-6/data/ratis/3ee39070-283a-4801-8daa-14b460c0674a/current/log_inprogress_0
2022-11-04 01:08:04,367 [bc4c196d-1c1a-499c-9b0d-21e75e378ad6@group-14B460C0674A-FollowerState] INFO  server.RaftServerConfigKeys (ConfUtils.java:logFallback(53)) - raft.server.rpc.first-election.timeout.min = 5s (fallback to raft.server.rpc.timeout.min)
2022-11-04 01:08:04,367 [bc4c196d-1c1a-499c-9b0d-21e75e378ad6@group-14B460C0674A-FollowerState] INFO  server.RaftServerConfigKeys (ConfUtils.java:logFallback(53)) - raft.server.rpc.first-election.timeout.max = 5200ms (fallback to raft.server.rpc.timeout.max)
2022-11-04 01:08:04,367 [grpc-default-executor-8] INFO  server.RaftServer$Division (RaftServerImpl.java:requestVote(1218)) - dc492f9b-31c5-46a5-b048-fde4f7a6d732@group-2DB472FABF22: receive requestVote(ELECTION, 6480c095-e652-434b-9207-ee2ed1cf0924, group-2DB472FABF22, 1, (t:0, i:0))
2022-11-04 01:08:04,368 [grpc-default-executor-8] INFO  impl.VoteContext (VoteContext.java:log(48)) - dc492f9b-31c5-46a5-b048-fde4f7a6d732@group-2DB472FABF22-FOLLOWER: accept ELECTION from 6480c095-e652-434b-9207-ee2ed1cf0924: our priority 0 <= candidate's priority 0
2022-11-04 01:08:04,368 [grpc-default-executor-8] INFO  server.RaftServer$Division (RaftServerImpl.java:setRole(321)) - dc492f9b-31c5-46a5-b048-fde4f7a6d732@group-2DB472FABF22: changes role from  FOLLOWER to FOLLOWER at term 1 for candidate:6480c095-e652-434b-9207-ee2ed1cf0924
2022-11-04 01:08:04,368 [grpc-default-executor-8] INFO  impl.RoleInfo (RoleInfo.java:shutdownFollowerState(110)) - dc492f9b-31c5-46a5-b048-fde4f7a6d732: shutdown dc492f9b-31c5-46a5-b048-fde4f7a6d732@group-2DB472FABF22-FollowerState
2022-11-04 01:08:04,372 [dc492f9b-31c5-46a5-b048-fde4f7a6d732@group-14B460C0674A-LeaderElection15] INFO  server.RaftServer$Division (ServerState.java:setRaftConf(430)) - dc492f9b-31c5-46a5-b048-fde4f7a6d732@group-14B460C0674A: set configuration 0: peers:[dc492f9b-31c5-46a5-b048-fde4f7a6d732|rpc:10.1.0.17:39685|dataStream:|priority:1|startupRole:FOLLOWER, 6480c095-e652-434b-9207-ee2ed1cf0924|rpc:10.1.0.17:36831|dataStream:|priority:0|startupRole:FOLLOWER, bc4c196d-1c1a-499c-9b0d-21e75e378ad6|rpc:10.1.0.17:34491|dataStream:|priority:0|startupRole:FOLLOWER]|listeners:[], old=null
2022-11-04 01:08:04,375 [grpc-default-executor-8] INFO  impl.RoleInfo (RoleInfo.java:updateAndGet(139)) - dc492f9b-31c5-46a5-b048-fde4f7a6d732: start dc492f9b-31c5-46a5-b048-fde4f7a6d732@group-2DB472FABF22-FollowerState
2022-11-04 01:08:04,375 [dc492f9b-31c5-46a5-b048-fde4f7a6d732@group-2DB472FABF22-FollowerState] INFO  impl.FollowerState (FollowerState.java:run(152)) - dc492f9b-31c5-46a5-b048-fde4f7a6d732@group-2DB472FABF22-FollowerState was interrupted
2022-11-04 01:08:04,379 [dc492f9b-31c5-46a5-b048-fde4f7a6d732@group-2DB472FABF22-FollowerState] INFO  server.RaftServerConfigKeys (ConfUtils.java:logFallback(53)) - raft.server.rpc.first-election.timeout.min = 5s (fallback to raft.server.rpc.timeout.min)
2022-11-04 01:08:04,379 [dc492f9b-31c5-46a5-b048-fde4f7a6d732@group-2DB472FABF22-FollowerState] INFO  server.RaftServerConfigKeys (ConfUtils.java:logFallback(53)) - raft.server.rpc.first-election.timeout.max = 5200ms (fallback to raft.server.rpc.timeout.max)
2022-11-04 01:08:04,380 [grpc-default-executor-8] INFO  server.RaftServer$Division (RaftServerImpl.java:requestVote(1251)) - dc492f9b-31c5-46a5-b048-fde4f7a6d732@group-2DB472FABF22 replies to ELECTION vote request: 6480c095-e652-434b-9207-ee2ed1cf0924<-dc492f9b-31c5-46a5-b048-fde4f7a6d732#0:OK-t1. Peer's state: dc492f9b-31c5-46a5-b048-fde4f7a6d732@group-2DB472FABF22:t1, leader=null, voted=6480c095-e652-434b-9207-ee2ed1cf0924, raftlog=Memoized:dc492f9b-31c5-46a5-b048-fde4f7a6d732@group-2DB472FABF22-SegmentedRaftLog:OPENED:c-1, conf=-1: peers:[6480c095-e652-434b-9207-ee2ed1cf0924|rpc:10.1.0.17:36831|priority:0|startupRole:FOLLOWER, dc492f9b-31c5-46a5-b048-fde4f7a6d732|rpc:10.1.0.17:39685|priority:0|startupRole:FOLLOWER, bc4c196d-1c1a-499c-9b0d-21e75e378ad6|rpc:10.1.0.17:34491|priority:1|startupRole:FOLLOWER]|listeners:[], old=null
2022-11-04 01:08:04,417 [6480c095-e652-434b-9207-ee2ed1cf0924-server-thread1] INFO  ratis.XceiverServerRatis (XceiverServerRatis.java:handleLeaderChangedNotification(863)) - Leader change notification received for group: group-14B460C0674A with new leaderId: dc492f9b-31c5-46a5-b048-fde4f7a6d732
2022-11-04 01:08:04,417 [6480c095-e652-434b-9207-ee2ed1cf0924-server-thread1] INFO  server.RaftServer$Division (ServerState.java:setLeader(313)) - 6480c095-e652-434b-9207-ee2ed1cf0924@group-14B460C0674A: change Leader from null to dc492f9b-31c5-46a5-b048-fde4f7a6d732 at term 1 for appendEntries, leader elected after 5247ms
2022-11-04 01:08:04,420 [6480c095-e652-434b-9207-ee2ed1cf0924-server-thread1] INFO  server.RaftServer$Division (ServerState.java:setRaftConf(430)) - 6480c095-e652-434b-9207-ee2ed1cf0924@group-14B460C0674A: set configuration 0: peers:[dc492f9b-31c5-46a5-b048-fde4f7a6d732|rpc:10.1.0.17:39685|dataStream:|priority:1|startupRole:FOLLOWER, 6480c095-e652-434b-9207-ee2ed1cf0924|rpc:10.1.0.17:36831|dataStream:|priority:0|startupRole:FOLLOWER, bc4c196d-1c1a-499c-9b0d-21e75e378ad6|rpc:10.1.0.17:34491|dataStream:|priority:0|startupRole:FOLLOWER]|listeners:[], old=null
2022-11-04 01:08:04,420 [6480c095-e652-434b-9207-ee2ed1cf0924-server-thread1] INFO  segmented.SegmentedRaftLogWorker (SegmentedRaftLogWorker.java:startLogSegment(452)) - 6480c095-e652-434b-9207-ee2ed1cf0924@group-14B460C0674A-SegmentedRaftLogWorker: Starting segment from index:0
2022-11-04 01:08:04,423 [grpc-default-executor-1] INFO  server.RaftServer$Division (RaftServerImpl.java:requestVote(1218)) - bc4c196d-1c1a-499c-9b0d-21e75e378ad6@group-2DB472FABF22: receive requestVote(ELECTION, 6480c095-e652-434b-9207-ee2ed1cf0924, group-2DB472FABF22, 1, (t:0, i:0))
2022-11-04 01:08:04,423 [grpc-default-executor-1] INFO  impl.VoteContext (VoteContext.java:log(48)) - bc4c196d-1c1a-499c-9b0d-21e75e378ad6@group-2DB472FABF22-FOLLOWER: reject ELECTION from 6480c095-e652-434b-9207-ee2ed1cf0924: our priority 1 > candidate's priority 0
2022-11-04 01:08:04,423 [grpc-default-executor-1] INFO  server.RaftServer$Division (RaftServerImpl.java:setRole(321)) - bc4c196d-1c1a-499c-9b0d-21e75e378ad6@group-2DB472FABF22: changes role from  FOLLOWER to FOLLOWER at term 1 for candidate:6480c095-e652-434b-9207-ee2ed1cf0924
2022-11-04 01:08:04,423 [grpc-default-executor-1] INFO  impl.RoleInfo (RoleInfo.java:shutdownFollowerState(110)) - bc4c196d-1c1a-499c-9b0d-21e75e378ad6: shutdown bc4c196d-1c1a-499c-9b0d-21e75e378ad6@group-2DB472FABF22-FollowerState
2022-11-04 01:08:04,429 [6480c095-e652-434b-9207-ee2ed1cf0924@group-14B460C0674A-SegmentedRaftLogWorker] INFO  segmented.SegmentedRaftLogWorker (SegmentedRaftLogWorker.java:execute(656)) - 6480c095-e652-434b-9207-ee2ed1cf0924@group-14B460C0674A-SegmentedRaftLogWorker: created new log segment /home/runner/work/ozone/ozone/hadoop-ozone/integration-test/target/test-dir/MiniOzoneClusterImpl-e654cb93-8a46-4732-947e-f27e0a8f69eb/datanode-7/data/ratis/3ee39070-283a-4801-8daa-14b460c0674a/current/log_inprogress_0
2022-11-04 01:08:04,432 [grpc-default-executor-1] INFO  impl.RoleInfo (RoleInfo.java:updateAndGet(139)) - bc4c196d-1c1a-499c-9b0d-21e75e378ad6: start bc4c196d-1c1a-499c-9b0d-21e75e378ad6@group-2DB472FABF22-FollowerState
2022-11-04 01:08:04,432 [bc4c196d-1c1a-499c-9b0d-21e75e378ad6-server-thread1] INFO  ratis.XceiverServerRatis (XceiverServerRatis.java:handleLeaderChangedNotification(863)) - Leader change notification received for group: group-14B460C0674A with new leaderId: dc492f9b-31c5-46a5-b048-fde4f7a6d732
2022-11-04 01:08:04,432 [bc4c196d-1c1a-499c-9b0d-21e75e378ad6@group-2DB472FABF22-FollowerState] INFO  impl.FollowerState (FollowerState.java:run(152)) - bc4c196d-1c1a-499c-9b0d-21e75e378ad6@group-2DB472FABF22-FollowerState was interrupted
2022-11-04 01:08:04,432 [bc4c196d-1c1a-499c-9b0d-21e75e378ad6-server-thread1] INFO  server.RaftServer$Division (ServerState.java:setLeader(313)) - bc4c196d-1c1a-499c-9b0d-21e75e378ad6@group-14B460C0674A: change Leader from null to dc492f9b-31c5-46a5-b048-fde4f7a6d732 at term 1 for appendEntries, leader elected after 5220ms
2022-11-04 01:08:04,433 [bc4c196d-1c1a-499c-9b0d-21e75e378ad6@group-2DB472FABF22-FollowerState] INFO  server.RaftServerConfigKeys (ConfUtils.java:logFallback(53)) - raft.server.rpc.first-election.timeout.min = 5s (fallback to raft.server.rpc.timeout.min)
2022-11-04 01:08:04,433 [bc4c196d-1c1a-499c-9b0d-21e75e378ad6@group-2DB472FABF22-FollowerState] INFO  server.RaftServerConfigKeys (ConfUtils.java:logFallback(53)) - raft.server.rpc.first-election.timeout.max = 5200ms (fallback to raft.server.rpc.timeout.max)
2022-11-04 01:08:04,434 [grpc-default-executor-1] INFO  server.RaftServer$Division (RaftServerImpl.java:requestVote(1251)) - bc4c196d-1c1a-499c-9b0d-21e75e378ad6@group-2DB472FABF22 replies to ELECTION vote request: 6480c095-e652-434b-9207-ee2ed1cf0924<-bc4c196d-1c1a-499c-9b0d-21e75e378ad6#0:FAIL-t1. Peer's state: bc4c196d-1c1a-499c-9b0d-21e75e378ad6@group-2DB472FABF22:t1, leader=null, voted=null, raftlog=Memoized:bc4c196d-1c1a-499c-9b0d-21e75e378ad6@group-2DB472FABF22-SegmentedRaftLog:OPENED:c-1, conf=-1: peers:[6480c095-e652-434b-9207-ee2ed1cf0924|rpc:10.1.0.17:36831|dataStream:|priority:0|startupRole:FOLLOWER, dc492f9b-31c5-46a5-b048-fde4f7a6d732|rpc:10.1.0.17:39685|dataStream:|priority:0|startupRole:FOLLOWER, bc4c196d-1c1a-499c-9b0d-21e75e378ad6|rpc:10.1.0.17:34491|dataStream:|priority:1|startupRole:FOLLOWER]|listeners:[], old=null
2022-11-04 01:08:04,441 [bc4c196d-1c1a-499c-9b0d-21e75e378ad6-server-thread1] INFO  server.RaftServer$Division (ServerState.java:setRaftConf(430)) - bc4c196d-1c1a-499c-9b0d-21e75e378ad6@group-14B460C0674A: set configuration 0: peers:[dc492f9b-31c5-46a5-b048-fde4f7a6d732|rpc:10.1.0.17:39685|dataStream:|priority:1|startupRole:FOLLOWER, 6480c095-e652-434b-9207-ee2ed1cf0924|rpc:10.1.0.17:36831|dataStream:|priority:0|startupRole:FOLLOWER, bc4c196d-1c1a-499c-9b0d-21e75e378ad6|rpc:10.1.0.17:34491|dataStream:|priority:0|startupRole:FOLLOWER]|listeners:[], old=null
2022-11-04 01:08:04,441 [bc4c196d-1c1a-499c-9b0d-21e75e378ad6-server-thread1] INFO  segmented.SegmentedRaftLogWorker (SegmentedRaftLogWorker.java:startLogSegment(452)) - bc4c196d-1c1a-499c-9b0d-21e75e378ad6@group-14B460C0674A-SegmentedRaftLogWorker: Starting segment from index:0
2022-11-04 01:08:04,454 [6480c095-e652-434b-9207-ee2ed1cf0924@group-2DB472FABF22-LeaderElection16] INFO  impl.LeaderElection (LeaderElection.java:logAndReturn(90)) - 6480c095-e652-434b-9207-ee2ed1cf0924@group-2DB472FABF22-LeaderElection16: ELECTION REJECTED received 2 response(s) and 0 exception(s):
2022-11-04 01:08:04,454 [6480c095-e652-434b-9207-ee2ed1cf0924@group-2DB472FABF22-LeaderElection16] INFO  impl.LeaderElection (LeaderElection.java:logAndReturn(94)) -   Response 0: 6480c095-e652-434b-9207-ee2ed1cf0924<-dc492f9b-31c5-46a5-b048-fde4f7a6d732#0:OK-t1
2022-11-04 01:08:04,454 [6480c095-e652-434b-9207-ee2ed1cf0924@group-2DB472FABF22-LeaderElection16] INFO  impl.LeaderElection (LeaderElection.java:logAndReturn(94)) -   Response 1: 6480c095-e652-434b-9207-ee2ed1cf0924<-bc4c196d-1c1a-499c-9b0d-21e75e378ad6#0:FAIL-t1
2022-11-04 01:08:04,465 [bc4c196d-1c1a-499c-9b0d-21e75e378ad6@group-14B460C0674A-SegmentedRaftLogWorker] INFO  segmented.SegmentedRaftLogWorker (SegmentedRaftLogWorker.java:execute(656)) - bc4c196d-1c1a-499c-9b0d-21e75e378ad6@group-14B460C0674A-SegmentedRaftLogWorker: created new log segment /home/runner/work/ozone/ozone/hadoop-ozone/integration-test/target/test-dir/MiniOzoneClusterImpl-e654cb93-8a46-4732-947e-f27e0a8f69eb/datanode-8/data/ratis/3ee39070-283a-4801-8daa-14b460c0674a/current/log_inprogress_0
2022-11-04 01:08:04,475 [6480c095-e652-434b-9207-ee2ed1cf0924@group-2DB472FABF22-LeaderElection16] INFO  impl.LeaderElection (LeaderElection.java:askForVotes(314)) - 6480c095-e652-434b-9207-ee2ed1cf0924@group-2DB472FABF22-LeaderElection16 ELECTION round 0: result REJECTED
2022-11-04 01:08:04,476 [6480c095-e652-434b-9207-ee2ed1cf0924@group-2DB472FABF22-LeaderElection16] INFO  server.RaftServer$Division (RaftServerImpl.java:setRole(321)) - 6480c095-e652-434b-9207-ee2ed1cf0924@group-2DB472FABF22: changes role from CANDIDATE to FOLLOWER at term 1 for REJECTED
2022-11-04 01:08:04,476 [6480c095-e652-434b-9207-ee2ed1cf0924@group-2DB472FABF22-LeaderElection16] INFO  impl.RoleInfo (RoleInfo.java:shutdownLeaderElection(130)) - 6480c095-e652-434b-9207-ee2ed1cf0924: shutdown 6480c095-e652-434b-9207-ee2ed1cf0924@group-2DB472FABF22-LeaderElection16
2022-11-04 01:08:04,476 [6480c095-e652-434b-9207-ee2ed1cf0924@group-2DB472FABF22-LeaderElection16] INFO  impl.RoleInfo (RoleInfo.java:updateAndGet(139)) - 6480c095-e652-434b-9207-ee2ed1cf0924: start 6480c095-e652-434b-9207-ee2ed1cf0924@group-2DB472FABF22-FollowerState
2022-11-04 01:08:04,482 [6480c095-e652-434b-9207-ee2ed1cf0924@group-2DB472FABF22-FollowerState] INFO  server.RaftServerConfigKeys (ConfUtils.java:logFallback(53)) - raft.server.rpc.first-election.timeout.min = 5s (fallback to raft.server.rpc.timeout.min)
2022-11-04 01:08:04,482 [6480c095-e652-434b-9207-ee2ed1cf0924@group-2DB472FABF22-FollowerState] INFO  server.RaftServerConfigKeys (ConfUtils.java:logFallback(53)) - raft.server.rpc.first-election.timeout.max = 5200ms (fallback to raft.server.rpc.timeout.max)
2022-11-04 01:08:04,517 [Listener at 127.0.0.1/40125] INFO  ozoneimpl.OzoneContainer (OzoneContainer.java:stop(400)) - Attempting to stop container services.
2022-11-04 01:08:04,523 [Listener at 127.0.0.1/40125] INFO  server.RaftServer (RaftServerProxy.java:lambda$close$6(409)) - 70253b25-82f0-4a7c-9412-29622705a2de: close
2022-11-04 01:08:04,524 [70253b25-82f0-4a7c-9412-29622705a2de-impl-thread1] INFO  server.RaftServer$Division (RaftServerImpl.java:lambda$close$4(458)) - 70253b25-82f0-4a7c-9412-29622705a2de@group-67D32E1FD950: shutdown
2022-11-04 01:08:04,524 [70253b25-82f0-4a7c-9412-29622705a2de-impl-thread2] INFO  server.RaftServer$Division (RaftServerImpl.java:lambda$close$4(458)) - 70253b25-82f0-4a7c-9412-29622705a2de@group-4FF2CDC8C389: shutdown
2022-11-04 01:08:04,525 [6480c095-e652-434b-9207-ee2ed1cf0924@group-A6AFB49F8724-FollowerState] INFO  impl.FollowerState (FollowerState.java:run(143)) - 6480c095-e652-434b-9207-ee2ed1cf0924@group-A6AFB49F8724-FollowerState: change to CANDIDATE, lastRpcElapsedTime:5092397007ns, electionTimeout:5084ms
2022-11-04 01:08:04,527 [6480c095-e652-434b-9207-ee2ed1cf0924@group-A6AFB49F8724-FollowerState] INFO  impl.RoleInfo (RoleInfo.java:shutdownFollowerState(110)) - 6480c095-e652-434b-9207-ee2ed1cf0924: shutdown 6480c095-e652-434b-9207-ee2ed1cf0924@group-A6AFB49F8724-FollowerState
2022-11-04 01:08:04,527 [6480c095-e652-434b-9207-ee2ed1cf0924@group-A6AFB49F8724-FollowerState] INFO  server.RaftServer$Division (RaftServerImpl.java:setRole(321)) - 6480c095-e652-434b-9207-ee2ed1cf0924@group-A6AFB49F8724: changes role from  FOLLOWER to CANDIDATE at term 0 for changeToCandidate
2022-11-04 01:08:04,527 [6480c095-e652-434b-9207-ee2ed1cf0924@group-A6AFB49F8724-FollowerState] INFO  server.RaftServerConfigKeys (ConfUtils.java:logGet(46)) - raft.server.leaderelection.pre-vote = false (custom)
2022-11-04 01:08:04,527 [6480c095-e652-434b-9207-ee2ed1cf0924@group-A6AFB49F8724-FollowerState] INFO  impl.RoleInfo (RoleInfo.java:updateAndGet(139)) - 6480c095-e652-434b-9207-ee2ed1cf0924: start 6480c095-e652-434b-9207-ee2ed1cf0924@group-A6AFB49F8724-LeaderElection18
2022-11-04 01:08:04,525 [70253b25-82f0-4a7c-9412-29622705a2de-impl-thread3] INFO  server.RaftServer$Division (RaftServerImpl.java:lambda$close$4(458)) - 70253b25-82f0-4a7c-9412-29622705a2de@group-D2702EDADE96: shutdown
2022-11-04 01:08:04,525 [Listener at 127.0.0.1/40125] INFO  server.GrpcService (GrpcService.java:closeImpl(279)) - 70253b25-82f0-4a7c-9412-29622705a2de: shutdown server GrpcServerProtocolService now
2022-11-04 01:08:04,524 [70253b25-82f0-4a7c-9412-29622705a2de-impl-thread1] INFO  util.JmxRegister (JmxRegister.java:unregister(73)) - Successfully un-registered JMX Bean with object name Ratis:service=RaftServer,group=group-67D32E1FD950,id=70253b25-82f0-4a7c-9412-29622705a2de
2022-11-04 01:08:04,530 [70253b25-82f0-4a7c-9412-29622705a2de-impl-thread1] INFO  impl.RoleInfo (RoleInfo.java:shutdownFollowerState(110)) - 70253b25-82f0-4a7c-9412-29622705a2de: shutdown 70253b25-82f0-4a7c-9412-29622705a2de@group-67D32E1FD950-FollowerState
2022-11-04 01:08:04,531 [70253b25-82f0-4a7c-9412-29622705a2de-impl-thread1] INFO  impl.StateMachineUpdater (StateMachineUpdater.java:stopAndJoin(153)) - 70253b25-82f0-4a7c-9412-29622705a2de@group-67D32E1FD950-StateMachineUpdater: set stopIndex = 0
2022-11-04 01:08:04,531 [70253b25-82f0-4a7c-9412-29622705a2de@group-67D32E1FD950-FollowerState] INFO  impl.FollowerState (FollowerState.java:run(152)) - 70253b25-82f0-4a7c-9412-29622705a2de@group-67D32E1FD950-FollowerState was interrupted
2022-11-04 01:08:04,531 [70253b25-82f0-4a7c-9412-29622705a2de-impl-thread3] INFO  util.JmxRegister (JmxRegister.java:unregister(73)) - Successfully un-registered JMX Bean with object name Ratis:service=RaftServer,group=group-D2702EDADE96,id=70253b25-82f0-4a7c-9412-29622705a2de
2022-11-04 01:08:04,531 [70253b25-82f0-4a7c-9412-29622705a2de-impl-thread3] INFO  impl.RoleInfo (RoleInfo.java:shutdownLeaderState(93)) - 70253b25-82f0-4a7c-9412-29622705a2de: shutdown 70253b25-82f0-4a7c-9412-29622705a2de@group-D2702EDADE96-LeaderStateImpl
2022-11-04 01:08:04,532 [70253b25-82f0-4a7c-9412-29622705a2de-impl-thread3] INFO  impl.PendingRequests (PendingRequests.java:sendNotLeaderResponses(282)) - 70253b25-82f0-4a7c-9412-29622705a2de@group-D2702EDADE96-PendingRequests: sendNotLeaderResponses
2022-11-04 01:08:04,530 [70253b25-82f0-4a7c-9412-29622705a2de-impl-thread2] INFO  util.JmxRegister (JmxRegister.java:unregister(73)) - Successfully un-registered JMX Bean with object name Ratis:service=RaftServer,group=group-4FF2CDC8C389,id=70253b25-82f0-4a7c-9412-29622705a2de
2022-11-04 01:08:04,532 [70253b25-82f0-4a7c-9412-29622705a2de-impl-thread2] INFO  impl.RoleInfo (RoleInfo.java:shutdownLeaderState(93)) - 70253b25-82f0-4a7c-9412-29622705a2de: shutdown 70253b25-82f0-4a7c-9412-29622705a2de@group-4FF2CDC8C389-LeaderStateImpl
2022-11-04 01:08:04,532 [70253b25-82f0-4a7c-9412-29622705a2de@group-67D32E1FD950-StateMachineUpdater] INFO  ratis.ContainerStateMachine (ContainerStateMachine.java:takeSnapshot(304)) - group-67D32E1FD950: Taking a snapshot at:(t:1, i:0) file /home/runner/work/ozone/ozone/hadoop-ozone/integration-test/target/test-dir/MiniOzoneClusterImpl-e654cb93-8a46-4732-947e-f27e0a8f69eb/datanode-2/data/ratis/d7507172-1e8f-403b-90af-67d32e1fd950/sm/snapshot.1_0
2022-11-04 01:08:04,533 [6480c095-e652-434b-9207-ee2ed1cf0924@group-A6AFB49F8724-LeaderElection18] INFO  impl.LeaderElection (LeaderElection.java:askForVotes(312)) - 6480c095-e652-434b-9207-ee2ed1cf0924@group-A6AFB49F8724-LeaderElection18 ELECTION round 0: submit vote requests at term 1 for -1: peers:[6480c095-e652-434b-9207-ee2ed1cf0924|rpc:10.1.0.17:36831|priority:1|startupRole:FOLLOWER]|listeners:[], old=null
2022-11-04 01:08:04,534 [6480c095-e652-434b-9207-ee2ed1cf0924@group-A6AFB49F8724-LeaderElection18] INFO  impl.LeaderElection (LeaderElection.java:askForVotes(314)) - 6480c095-e652-434b-9207-ee2ed1cf0924@group-A6AFB49F8724-LeaderElection18 ELECTION round 0: result PASSED (term=1)
2022-11-04 01:08:04,534 [6480c095-e652-434b-9207-ee2ed1cf0924@group-A6AFB49F8724-LeaderElection18] INFO  impl.RoleInfo (RoleInfo.java:shutdownLeaderElection(130)) - 6480c095-e652-434b-9207-ee2ed1cf0924: shutdown 6480c095-e652-434b-9207-ee2ed1cf0924@group-A6AFB49F8724-LeaderElection18
2022-11-04 01:08:04,534 [6480c095-e652-434b-9207-ee2ed1cf0924@group-A6AFB49F8724-LeaderElection18] INFO  server.RaftServer$Division (RaftServerImpl.java:setRole(321)) - 6480c095-e652-434b-9207-ee2ed1cf0924@group-A6AFB49F8724: changes role from CANDIDATE to LEADER at term 1 for changeToLeader
2022-11-04 01:08:04,534 [6480c095-e652-434b-9207-ee2ed1cf0924@group-A6AFB49F8724-LeaderElection18] INFO  ratis.XceiverServerRatis (XceiverServerRatis.java:handleLeaderChangedNotification(863)) - Leader change notification received for group: group-A6AFB49F8724 with new leaderId: 6480c095-e652-434b-9207-ee2ed1cf0924
2022-11-04 01:08:04,534 [6480c095-e652-434b-9207-ee2ed1cf0924@group-A6AFB49F8724-LeaderElection18] INFO  server.RaftServer$Division (ServerState.java:setLeader(313)) - 6480c095-e652-434b-9207-ee2ed1cf0924@group-A6AFB49F8724: change Leader from null to 6480c095-e652-434b-9207-ee2ed1cf0924 at term 1 for becomeLeader, leader elected after 5106ms
2022-11-04 01:08:04,534 [6480c095-e652-434b-9207-ee2ed1cf0924@group-A6AFB49F8724-LeaderElection18] INFO  server.RaftServerConfigKeys (ConfUtils.java:logGet(46)) - raft.server.staging.catchup.gap = 1000 (default)
2022-11-04 01:08:04,534 [6480c095-e652-434b-9207-ee2ed1cf0924@group-A6AFB49F8724-LeaderElection18] INFO  server.RaftServerConfigKeys (ConfUtils.java:logGet(46)) - raft.server.write.element-limit = 1024 (custom)
2022-11-04 01:08:04,534 [6480c095-e652-434b-9207-ee2ed1cf0924@group-A6AFB49F8724-LeaderElection18] INFO  server.RaftServerConfigKeys (ConfUtils.java:logGet(46)) - raft.server.write.byte-limit = 1024 M (=1073741824) (custom)
2022-11-04 01:08:04,534 [6480c095-e652-434b-9207-ee2ed1cf0924@group-A6AFB49F8724-LeaderElection18] INFO  server.RaftServerConfigKeys (ConfUtils.java:logGet(46)) - raft.server.watch.timeout = 180s (custom)
2022-11-04 01:08:04,534 [6480c095-e652-434b-9207-ee2ed1cf0924@group-A6AFB49F8724-LeaderElection18] INFO  server.RaftServerConfigKeys (ConfUtils.java:logGet(46)) - raft.server.watch.timeout.denomination = 1s (default)
2022-11-04 01:08:04,534 [6480c095-e652-434b-9207-ee2ed1cf0924@group-A6AFB49F8724-LeaderElection18] INFO  server.RaftServerConfigKeys (ConfUtils.java:logGet(46)) - raft.server.watch.element-limit = 65536 (default)
2022-11-04 01:08:04,535 [70253b25-82f0-4a7c-9412-29622705a2de@group-4FF2CDC8C389->9ad6c772-b583-49da-9dda-46d51a9db348-GrpcLogAppender-LogAppenderDaemon] WARN  server.GrpcLogAppender (GrpcLogAppender.java:mayWait(200)) - 70253b25-82f0-4a7c-9412-29622705a2de@group-4FF2CDC8C389->9ad6c772-b583-49da-9dda-46d51a9db348-GrpcLogAppender: Wait interrupted by java.lang.InterruptedException
2022-11-04 01:08:04,535 [6480c095-e652-434b-9207-ee2ed1cf0924@group-A6AFB49F8724-LeaderElection18] INFO  server.RaftServerConfigKeys (ConfUtils.java:logGet(46)) - raft.server.write.element-limit = 1024 (custom)
2022-11-04 01:08:04,535 [6480c095-e652-434b-9207-ee2ed1cf0924@group-A6AFB49F8724-LeaderElection18] INFO  server.RaftServerConfigKeys (ConfUtils.java:logGet(46)) - raft.server.write.follower.gap.ratio.max = -1.0 (default)
2022-11-04 01:08:04,535 [6480c095-e652-434b-9207-ee2ed1cf0924@group-A6AFB49F8724-LeaderElection18] INFO  impl.RoleInfo (RoleInfo.java:updateAndGet(139)) - 6480c095-e652-434b-9207-ee2ed1cf0924: start 6480c095-e652-434b-9207-ee2ed1cf0924@group-A6AFB49F8724-LeaderStateImpl
2022-11-04 01:08:04,535 [6480c095-e652-434b-9207-ee2ed1cf0924@group-A6AFB49F8724-LeaderElection18] INFO  segmented.SegmentedRaftLogWorker (SegmentedRaftLogWorker.java:startLogSegment(452)) - 6480c095-e652-434b-9207-ee2ed1cf0924@group-A6AFB49F8724-SegmentedRaftLogWorker: Starting segment from index:0
2022-11-04 01:08:04,536 [70253b25-82f0-4a7c-9412-29622705a2de@group-D2702EDADE96-StateMachineUpdater] INFO  ratis.ContainerStateMachine (ContainerStateMachine.java:takeSnapshot(304)) - group-D2702EDADE96: Taking a snapshot at:(t:1, i:0) file /home/runner/work/ozone/ozone/hadoop-ozone/integration-test/target/test-dir/MiniOzoneClusterImpl-e654cb93-8a46-4732-947e-f27e0a8f69eb/datanode-2/data/ratis/b039d9f5-3bf5-4340-8ef9-d2702edade96/sm/snapshot.1_0
2022-11-04 01:08:04,536 [6480c095-e652-434b-9207-ee2ed1cf0924@group-A6AFB49F8724-LeaderElection18] INFO  server.RaftServer$Division (ServerState.java:setRaftConf(430)) - 6480c095-e652-434b-9207-ee2ed1cf0924@group-A6AFB49F8724: set configuration 0: peers:[6480c095-e652-434b-9207-ee2ed1cf0924|rpc:10.1.0.17:36831|dataStream:|priority:1|startupRole:FOLLOWER]|listeners:[], old=null
2022-11-04 01:08:04,532 [70253b25-82f0-4a7c-9412-29622705a2de-impl-thread2] INFO  impl.PendingRequests (PendingRequests.java:sendNotLeaderResponses(282)) - 70253b25-82f0-4a7c-9412-29622705a2de@group-4FF2CDC8C389-PendingRequests: sendNotLeaderResponses
2022-11-04 01:08:04,535 [70253b25-82f0-4a7c-9412-29622705a2de-impl-thread3] INFO  impl.StateMachineUpdater (StateMachineUpdater.java:stopAndJoin(153)) - 70253b25-82f0-4a7c-9412-29622705a2de@group-D2702EDADE96-StateMachineUpdater: set stopIndex = 0
2022-11-04 01:08:04,547 [6480c095-e652-434b-9207-ee2ed1cf0924@group-A6AFB49F8724-SegmentedRaftLogWorker] INFO  segmented.SegmentedRaftLogWorker (SegmentedRaftLogWorker.java:execute(656)) - 6480c095-e652-434b-9207-ee2ed1cf0924@group-A6AFB49F8724-SegmentedRaftLogWorker: created new log segment /home/runner/work/ozone/ozone/hadoop-ozone/integration-test/target/test-dir/MiniOzoneClusterImpl-e654cb93-8a46-4732-947e-f27e0a8f69eb/datanode-7/data/ratis/af5beeaa-40c1-4510-82fb-a6afb49f8724/current/log_inprogress_0
2022-11-04 01:08:04,551 [grpc-default-executor-4] INFO  server.GrpcServerProtocolService (GrpcServerProtocolService.java:onCompleted(145)) - 9ad6c772-b583-49da-9dda-46d51a9db348: Completed APPEND_ENTRIES, lastRequest: null
2022-11-04 01:08:04,535 [70253b25-82f0-4a7c-9412-29622705a2de@group-4FF2CDC8C389->b5f0d7ba-78c4-4bfc-9c94-2fc11ccd4fbc-GrpcLogAppender-LogAppenderDaemon] WARN  server.GrpcLogAppender (GrpcLogAppender.java:mayWait(200)) - 70253b25-82f0-4a7c-9412-29622705a2de@group-4FF2CDC8C389->b5f0d7ba-78c4-4bfc-9c94-2fc11ccd4fbc-GrpcLogAppender: Wait interrupted by java.lang.InterruptedException
2022-11-04 01:08:04,556 [70253b25-82f0-4a7c-9412-29622705a2de-impl-thread2] INFO  impl.StateMachineUpdater (StateMachineUpdater.java:stopAndJoin(153)) - 70253b25-82f0-4a7c-9412-29622705a2de@group-4FF2CDC8C389-StateMachineUpdater: set stopIndex = 0
2022-11-04 01:08:04,566 [Listener at 127.0.0.1/40125] INFO  server.GrpcServerProtocolClient (GrpcServerProtocolClient.java:close(111)) - 9ad6c772-b583-49da-9dda-46d51a9db348 Close channels
2022-11-04 01:08:04,568 [grpc-default-executor-2] WARN  server.GrpcServerProtocolService (LogUtils.java:warn(122)) - 70253b25-82f0-4a7c-9412-29622705a2de: installSnapshot onError, lastRequest: null: org.apache.ratis.thirdparty.io.grpc.StatusRuntimeException: CANCELLED: client cancelled
2022-11-04 01:08:04,571 [70253b25-82f0-4a7c-9412-29622705a2de@group-4FF2CDC8C389-StateMachineUpdater] INFO  ratis.ContainerStateMachine (ContainerStateMachine.java:takeSnapshot(304)) - group-4FF2CDC8C389: Taking a snapshot at:(t:1, i:0) file /home/runner/work/ozone/ozone/hadoop-ozone/integration-test/target/test-dir/MiniOzoneClusterImpl-e654cb93-8a46-4732-947e-f27e0a8f69eb/datanode-2/data/ratis/5564602d-0fd9-41f1-8725-4ff2cdc8c389/sm/snapshot.1_0
2022-11-04 01:08:04,572 [grpc-default-executor-4] WARN  server.GrpcServerProtocolService (LogUtils.java:warn(122)) - 70253b25-82f0-4a7c-9412-29622705a2de: installSnapshot onError, lastRequest: b5f0d7ba-78c4-4bfc-9c94-2fc11ccd4fbc->70253b25-82f0-4a7c-9412-29622705a2de#1-t1,previous=(t:0, i:0),leaderCommit=0,initializing? true,entries: size=1, first=(t:1, i:0), CONFIGURATIONENTRY(current:id: "70253b25-82f0-4a7c-9412-29622705a2de"
address: "10.1.0.17:37713"
clientAddress: "10.1.0.17:37713"
adminAddress: "10.1.0.17:37713"
startupRole: FOLLOWER
,id: "9ad6c772-b583-49da-9dda-46d51a9db348"
address: "10.1.0.17:40437"
clientAddress: "10.1.0.17:40437"
adminAddress: "10.1.0.17:40437"
startupRole: FOLLOWER
,id: "b5f0d7ba-78c4-4bfc-9c94-2fc11ccd4fbc"
address: "10.1.0.17:44613"
priority: 1
clientAddress: "10.1.0.17:44613"
adminAddress: "10.1.0.17:44613"
startupRole: FOLLOWER
, old:): org.apache.ratis.thirdparty.io.grpc.StatusRuntimeException: CANCELLED: client cancelled
2022-11-04 01:08:04,572 [grpc-default-executor-0] INFO  server.GrpcServerProtocolService (GrpcServerProtocolService.java:onCompleted(145)) - 9ad6c772-b583-49da-9dda-46d51a9db348: Completed APPEND_ENTRIES, lastRequest: 70253b25-82f0-4a7c-9412-29622705a2de->9ad6c772-b583-49da-9dda-46d51a9db348#1-t1,previous=(t:0, i:0),leaderCommit=-1,initializing? true,entries: size=1, first=(t:1, i:0), CONFIGURATIONENTRY(current:id: "70253b25-82f0-4a7c-9412-29622705a2de"
address: "10.1.0.17:37713"
priority: 1
clientAddress: "10.1.0.17:37713"
adminAddress: "10.1.0.17:37713"
startupRole: FOLLOWER
,id: "9ad6c772-b583-49da-9dda-46d51a9db348"
address: "10.1.0.17:40437"
clientAddress: "10.1.0.17:40437"
adminAddress: "10.1.0.17:40437"
startupRole: FOLLOWER
,id: "b5f0d7ba-78c4-4bfc-9c94-2fc11ccd4fbc"
address: "10.1.0.17:44613"
clientAddress: "10.1.0.17:44613"
adminAddress: "10.1.0.17:44613"
startupRole: FOLLOWER
, old:)
2022-11-04 01:08:04,574 [grpc-default-executor-8] INFO  server.GrpcLogAppender (GrpcLogAppender.java:onCompleted(415)) - 70253b25-82f0-4a7c-9412-29622705a2de@group-4FF2CDC8C389->9ad6c772-b583-49da-9dda-46d51a9db348-AppendLogResponseHandler: follower responses appendEntries COMPLETED
2022-11-04 01:08:04,574 [grpc-default-executor-8] WARN  server.GrpcLogAppender (GrpcLogAppender.java:resetClient(137)) - 70253b25-82f0-4a7c-9412-29622705a2de@group-4FF2CDC8C389->9ad6c772-b583-49da-9dda-46d51a9db348-GrpcLogAppender: Failed to getClient for 9ad6c772-b583-49da-9dda-46d51a9db348
org.apache.ratis.protocol.exceptions.AlreadyClosedException: 70253b25-82f0-4a7c-9412-29622705a2de is already CLOSED
	at org.apache.ratis.util.PeerProxyMap$PeerAndProxy.getProxy(PeerProxyMap.java:61)
	at org.apache.ratis.util.PeerProxyMap.getProxy(PeerProxyMap.java:115)
	at org.apache.ratis.grpc.server.GrpcLogAppender.getClient(GrpcLogAppender.java:116)
	at org.apache.ratis.grpc.server.GrpcLogAppender.resetClient(GrpcLogAppender.java:121)
	at org.apache.ratis.grpc.server.GrpcLogAppender.access$500(GrpcLogAppender.java:58)
	at org.apache.ratis.grpc.server.GrpcLogAppender$AppendLogResponseHandler.onCompleted(GrpcLogAppender.java:416)
	at org.apache.ratis.thirdparty.io.grpc.stub.ClientCalls$StreamObserverToCallListenerAdapter.onClose(ClientCalls.java:485)
	at org.apache.ratis.thirdparty.io.grpc.internal.ClientCallImpl.closeObserver(ClientCallImpl.java:562)
	at org.apache.ratis.thirdparty.io.grpc.internal.ClientCallImpl.access$300(ClientCallImpl.java:70)
	at org.apache.ratis.thirdparty.io.grpc.internal.ClientCallImpl$ClientStreamListenerImpl$1StreamClosed.runInternal(ClientCallImpl.java:743)
	at org.apache.ratis.thirdparty.io.grpc.internal.ClientCallImpl$ClientStreamListenerImpl$1StreamClosed.runInContext(ClientCallImpl.java:722)
	at org.apache.ratis.thirdparty.io.grpc.internal.ContextRunnable.run(ContextRunnable.java:37)
	at org.apache.ratis.thirdparty.io.grpc.internal.SerializingExecutor.run(SerializingExecutor.java:133)
	at java.util.concurrent.ThreadPoolExecutor.runWorker(ThreadPoolExecutor.java:1149)
	at java.util.concurrent.ThreadPoolExecutor$Worker.run(ThreadPoolExecutor.java:624)
	at java.lang.Thread.run(Thread.java:750)
2022-11-04 01:08:04,575 [grpc-default-executor-0] INFO  server.GrpcLogAppender (GrpcLogAppender.java:onCompleted(415)) - 70253b25-82f0-4a7c-9412-29622705a2de@group-4FF2CDC8C389->9ad6c772-b583-49da-9dda-46d51a9db348-AppendLogResponseHandler: follower responses appendEntries COMPLETED
2022-11-04 01:08:04,576 [grpc-default-executor-0] WARN  server.GrpcLogAppender (GrpcLogAppender.java:resetClient(137)) - 70253b25-82f0-4a7c-9412-29622705a2de@group-4FF2CDC8C389->9ad6c772-b583-49da-9dda-46d51a9db348-GrpcLogAppender: Failed to getClient for 9ad6c772-b583-49da-9dda-46d51a9db348
org.apache.ratis.protocol.exceptions.AlreadyClosedException: 70253b25-82f0-4a7c-9412-29622705a2de is already CLOSED
	at org.apache.ratis.util.PeerProxyMap$PeerAndProxy.getProxy(PeerProxyMap.java:61)
	at org.apache.ratis.util.PeerProxyMap.getProxy(PeerProxyMap.java:115)
	at org.apache.ratis.grpc.server.GrpcLogAppender.getClient(GrpcLogAppender.java:116)
	at org.apache.ratis.grpc.server.GrpcLogAppender.resetClient(GrpcLogAppender.java:121)
	at org.apache.ratis.grpc.server.GrpcLogAppender.access$500(GrpcLogAppender.java:58)
	at org.apache.ratis.grpc.server.GrpcLogAppender$AppendLogResponseHandler.onCompleted(GrpcLogAppender.java:416)
	at org.apache.ratis.thirdparty.io.grpc.stub.ClientCalls$StreamObserverToCallListenerAdapter.onClose(ClientCalls.java:485)
	at org.apache.ratis.thirdparty.io.grpc.internal.DelayedClientCall$DelayedListener$3.run(DelayedClientCall.java:468)
	at org.apache.ratis.thirdparty.io.grpc.internal.DelayedClientCall$DelayedListener.delayOrExecute(DelayedClientCall.java:432)
	at org.apache.ratis.thirdparty.io.grpc.internal.DelayedClientCall$DelayedListener.onClose(DelayedClientCall.java:465)
	at org.apache.ratis.thirdparty.io.grpc.internal.ClientCallImpl.closeObserver(ClientCallImpl.java:562)
	at org.apache.ratis.thirdparty.io.grpc.internal.ClientCallImpl.access$300(ClientCallImpl.java:70)
	at org.apache.ratis.thirdparty.io.grpc.internal.ClientCallImpl$ClientStreamListenerImpl$1StreamClosed.runInternal(ClientCallImpl.java:743)
	at org.apache.ratis.thirdparty.io.grpc.internal.ClientCallImpl$ClientStreamListenerImpl$1StreamClosed.runInContext(ClientCallImpl.java:722)
	at org.apache.ratis.thirdparty.io.grpc.internal.ContextRunnable.run(ContextRunnable.java:37)
	at org.apache.ratis.thirdparty.io.grpc.internal.SerializingExecutor.run(SerializingExecutor.java:133)
	at java.util.concurrent.ThreadPoolExecutor.runWorker(ThreadPoolExecutor.java:1149)
	at java.util.concurrent.ThreadPoolExecutor$Worker.run(ThreadPoolExecutor.java:624)
	at java.lang.Thread.run(Thread.java:750)
2022-11-04 01:08:04,579 [grpc-default-executor-0] WARN  server.GrpcLogAppender (LogUtils.java:warn(122)) - b5f0d7ba-78c4-4bfc-9c94-2fc11ccd4fbc@group-67D32E1FD950->70253b25-82f0-4a7c-9412-29622705a2de-AppendLogResponseHandler: Failed appendEntries: org.apache.ratis.thirdparty.io.grpc.StatusRuntimeException: CANCELLED: RST_STREAM closed stream. HTTP/2 error code: CANCEL
2022-11-04 01:08:04,580 [grpc-default-executor-8] WARN  server.GrpcLogAppender (LogUtils.java:warn(122)) - b5f0d7ba-78c4-4bfc-9c94-2fc11ccd4fbc@group-67D32E1FD950->70253b25-82f0-4a7c-9412-29622705a2de-AppendLogResponseHandler: Failed appendEntries: org.apache.ratis.thirdparty.io.grpc.StatusRuntimeException: CANCELLED: RST_STREAM closed stream. HTTP/2 error code: CANCEL
2022-11-04 01:08:04,581 [grpc-default-executor-0] WARN  server.GrpcLogAppender (GrpcLogAppender.java:resetClient(131)) - b5f0d7ba-78c4-4bfc-9c94-2fc11ccd4fbc@group-67D32E1FD950->70253b25-82f0-4a7c-9412-29622705a2de-GrpcLogAppender: Leader has not got in touch with Follower b5f0d7ba-78c4-4bfc-9c94-2fc11ccd4fbc@group-67D32E1FD950->70253b25-82f0-4a7c-9412-29622705a2de(c0,m0,n1, attendVote=true, lastRpcSendTime=2281, lastRpcResponseTime=2271) yet, just keep nextIndex unchanged and retry.
2022-11-04 01:08:04,581 [grpc-default-executor-8] WARN  server.GrpcLogAppender (GrpcLogAppender.java:resetClient(131)) - b5f0d7ba-78c4-4bfc-9c94-2fc11ccd4fbc@group-67D32E1FD950->70253b25-82f0-4a7c-9412-29622705a2de-GrpcLogAppender: Leader has not got in touch with Follower b5f0d7ba-78c4-4bfc-9c94-2fc11ccd4fbc@group-67D32E1FD950->70253b25-82f0-4a7c-9412-29622705a2de(c0,m0,n1, attendVote=true, lastRpcSendTime=2281, lastRpcResponseTime=2272) yet, just keep nextIndex unchanged and retry.
2022-11-04 01:08:04,582 [grpc-default-executor-4] INFO  server.GrpcServerProtocolService (GrpcServerProtocolService.java:onCompleted(145)) - b5f0d7ba-78c4-4bfc-9c94-2fc11ccd4fbc: Completed APPEND_ENTRIES, lastRequest: 70253b25-82f0-4a7c-9412-29622705a2de->b5f0d7ba-78c4-4bfc-9c94-2fc11ccd4fbc#1-t1,previous=(t:0, i:0),leaderCommit=-1,initializing? true,entries: size=1, first=(t:1, i:0), CONFIGURATIONENTRY(current:id: "70253b25-82f0-4a7c-9412-29622705a2de"
address: "10.1.0.17:37713"
priority: 1
clientAddress: "10.1.0.17:37713"
adminAddress: "10.1.0.17:37713"
startupRole: FOLLOWER
,id: "9ad6c772-b583-49da-9dda-46d51a9db348"
address: "10.1.0.17:40437"
clientAddress: "10.1.0.17:40437"
adminAddress: "10.1.0.17:40437"
startupRole: FOLLOWER
,id: "b5f0d7ba-78c4-4bfc-9c94-2fc11ccd4fbc"
address: "10.1.0.17:44613"
clientAddress: "10.1.0.17:44613"
adminAddress: "10.1.0.17:44613"
startupRole: FOLLOWER
, old:)
2022-11-04 01:08:04,583 [grpc-default-executor-4] INFO  server.GrpcLogAppender (GrpcLogAppender.java:onCompleted(415)) - 70253b25-82f0-4a7c-9412-29622705a2de@group-4FF2CDC8C389->b5f0d7ba-78c4-4bfc-9c94-2fc11ccd4fbc-AppendLogResponseHandler: follower responses appendEntries COMPLETED
2022-11-04 01:08:04,584 [grpc-default-executor-4] INFO  leader.FollowerInfo (FollowerInfoImpl.java:lambda$new$0(48)) - 70253b25-82f0-4a7c-9412-29622705a2de@group-4FF2CDC8C389->b5f0d7ba-78c4-4bfc-9c94-2fc11ccd4fbc: nextIndex: updateUnconditionally 1 -> 0
2022-11-04 01:08:04,592 [70253b25-82f0-4a7c-9412-29622705a2de@group-D2702EDADE96-StateMachineUpdater] INFO  ratis.ContainerStateMachine (ContainerStateMachine.java:takeSnapshot(315)) - group-D2702EDADE96: Finished taking a snapshot at:(t:1, i:0) file:/home/runner/work/ozone/ozone/hadoop-ozone/integration-test/target/test-dir/MiniOzoneClusterImpl-e654cb93-8a46-4732-947e-f27e0a8f69eb/datanode-2/data/ratis/b039d9f5-3bf5-4340-8ef9-d2702edade96/sm/snapshot.1_0 took: 56 ms
2022-11-04 01:08:04,592 [70253b25-82f0-4a7c-9412-29622705a2de@group-67D32E1FD950-StateMachineUpdater] INFO  ratis.ContainerStateMachine (ContainerStateMachine.java:takeSnapshot(315)) - group-67D32E1FD950: Finished taking a snapshot at:(t:1, i:0) file:/home/runner/work/ozone/ozone/hadoop-ozone/integration-test/target/test-dir/MiniOzoneClusterImpl-e654cb93-8a46-4732-947e-f27e0a8f69eb/datanode-2/data/ratis/d7507172-1e8f-403b-90af-67d32e1fd950/sm/snapshot.1_0 took: 59 ms
2022-11-04 01:08:04,593 [70253b25-82f0-4a7c-9412-29622705a2de@group-4FF2CDC8C389-StateMachineUpdater] INFO  ratis.ContainerStateMachine (ContainerStateMachine.java:takeSnapshot(315)) - group-4FF2CDC8C389: Finished taking a snapshot at:(t:1, i:0) file:/home/runner/work/ozone/ozone/hadoop-ozone/integration-test/target/test-dir/MiniOzoneClusterImpl-e654cb93-8a46-4732-947e-f27e0a8f69eb/datanode-2/data/ratis/5564602d-0fd9-41f1-8725-4ff2cdc8c389/sm/snapshot.1_0 took: 21 ms
2022-11-04 01:08:04,593 [70253b25-82f0-4a7c-9412-29622705a2de@group-4FF2CDC8C389-StateMachineUpdater] INFO  impl.StateMachineUpdater (StateMachineUpdater.java:takeSnapshot(287)) - 70253b25-82f0-4a7c-9412-29622705a2de@group-4FF2CDC8C389-StateMachineUpdater: Took a snapshot at index 0
2022-11-04 01:08:04,593 [70253b25-82f0-4a7c-9412-29622705a2de@group-67D32E1FD950-StateMachineUpdater] INFO  impl.StateMachineUpdater (StateMachineUpdater.java:takeSnapshot(287)) - 70253b25-82f0-4a7c-9412-29622705a2de@group-67D32E1FD950-StateMachineUpdater: Took a snapshot at index 0
2022-11-04 01:08:04,593 [70253b25-82f0-4a7c-9412-29622705a2de@group-4FF2CDC8C389-StateMachineUpdater] INFO  impl.StateMachineUpdater (StateMachineUpdater.java:lambda$new$0(92)) - 70253b25-82f0-4a7c-9412-29622705a2de@group-4FF2CDC8C389-StateMachineUpdater: snapshotIndex: updateIncreasingly -1 -> 0
2022-11-04 01:08:04,593 [70253b25-82f0-4a7c-9412-29622705a2de@group-67D32E1FD950-StateMachineUpdater] INFO  impl.StateMachineUpdater (StateMachineUpdater.java:lambda$new$0(92)) - 70253b25-82f0-4a7c-9412-29622705a2de@group-67D32E1FD950-StateMachineUpdater: snapshotIndex: updateIncreasingly -1 -> 0
2022-11-04 01:08:04,594 [70253b25-82f0-4a7c-9412-29622705a2de@group-D2702EDADE96-StateMachineUpdater] INFO  impl.StateMachineUpdater (StateMachineUpdater.java:takeSnapshot(287)) - 70253b25-82f0-4a7c-9412-29622705a2de@group-D2702EDADE96-StateMachineUpdater: Took a snapshot at index 0
2022-11-04 01:08:04,594 [70253b25-82f0-4a7c-9412-29622705a2de@group-D2702EDADE96-StateMachineUpdater] INFO  impl.StateMachineUpdater (StateMachineUpdater.java:lambda$new$0(92)) - 70253b25-82f0-4a7c-9412-29622705a2de@group-D2702EDADE96-StateMachineUpdater: snapshotIndex: updateIncreasingly -1 -> 0
2022-11-04 01:08:04,603 [grpc-default-executor-4] INFO  server.GrpcServerProtocolService (GrpcServerProtocolService.java:onCompleted(145)) - b5f0d7ba-78c4-4bfc-9c94-2fc11ccd4fbc: Completed APPEND_ENTRIES, lastRequest: null
2022-11-04 01:08:04,605 [70253b25-82f0-4a7c-9412-29622705a2de-impl-thread2] INFO  server.RaftServer$Division (ServerState.java:close(466)) - 70253b25-82f0-4a7c-9412-29622705a2de@group-4FF2CDC8C389: closes. applyIndex: 0
2022-11-04 01:08:04,606 [70253b25-82f0-4a7c-9412-29622705a2de@group-4FF2CDC8C389-SegmentedRaftLogWorker] INFO  segmented.SegmentedRaftLogWorker (SegmentedRaftLogWorker.java:run(345)) - 70253b25-82f0-4a7c-9412-29622705a2de@group-4FF2CDC8C389-SegmentedRaftLogWorker was interrupted, exiting. There are 0 tasks remaining in the queue.
2022-11-04 01:08:04,606 [70253b25-82f0-4a7c-9412-29622705a2de-impl-thread3] INFO  server.RaftServer$Division (ServerState.java:close(466)) - 70253b25-82f0-4a7c-9412-29622705a2de@group-D2702EDADE96: closes. applyIndex: 0
2022-11-04 01:08:04,606 [70253b25-82f0-4a7c-9412-29622705a2de@group-D2702EDADE96-SegmentedRaftLogWorker] INFO  segmented.SegmentedRaftLogWorker (SegmentedRaftLogWorker.java:run(345)) - 70253b25-82f0-4a7c-9412-29622705a2de@group-D2702EDADE96-SegmentedRaftLogWorker was interrupted, exiting. There are 0 tasks remaining in the queue.
2022-11-04 01:08:04,610 [70253b25-82f0-4a7c-9412-29622705a2de-impl-thread1] INFO  server.RaftServer$Division (ServerState.java:close(466)) - 70253b25-82f0-4a7c-9412-29622705a2de@group-67D32E1FD950: closes. applyIndex: 0
2022-11-04 01:08:04,610 [70253b25-82f0-4a7c-9412-29622705a2de@group-67D32E1FD950-SegmentedRaftLogWorker] INFO  segmented.SegmentedRaftLogWorker (SegmentedRaftLogWorker.java:run(345)) - 70253b25-82f0-4a7c-9412-29622705a2de@group-67D32E1FD950-SegmentedRaftLogWorker was interrupted, exiting. There are 0 tasks remaining in the queue.
2022-11-04 01:08:04,617 [Listener at 127.0.0.1/40125] INFO  server.GrpcServerProtocolClient (GrpcServerProtocolClient.java:close(111)) - b5f0d7ba-78c4-4bfc-9c94-2fc11ccd4fbc Close channels
2022-11-04 01:08:04,617 [grpc-default-executor-4] INFO  server.GrpcLogAppender (GrpcLogAppender.java:onCompleted(415)) - 70253b25-82f0-4a7c-9412-29622705a2de@group-4FF2CDC8C389->b5f0d7ba-78c4-4bfc-9c94-2fc11ccd4fbc-AppendLogResponseHandler: follower responses appendEntries COMPLETED
2022-11-04 01:08:04,618 [grpc-default-executor-4] WARN  server.GrpcLogAppender (GrpcLogAppender.java:resetClient(137)) - 70253b25-82f0-4a7c-9412-29622705a2de@group-4FF2CDC8C389->b5f0d7ba-78c4-4bfc-9c94-2fc11ccd4fbc-GrpcLogAppender: Failed to getClient for b5f0d7ba-78c4-4bfc-9c94-2fc11ccd4fbc
org.apache.ratis.protocol.exceptions.AlreadyClosedException: 70253b25-82f0-4a7c-9412-29622705a2de is already CLOSED
	at org.apache.ratis.util.PeerProxyMap$PeerAndProxy.getProxy(PeerProxyMap.java:61)
	at org.apache.ratis.util.PeerProxyMap.getProxy(PeerProxyMap.java:115)
	at org.apache.ratis.grpc.server.GrpcLogAppender.getClient(GrpcLogAppender.java:116)
	at org.apache.ratis.grpc.server.GrpcLogAppender.resetClient(GrpcLogAppender.java:121)
	at org.apache.ratis.grpc.server.GrpcLogAppender.access$500(GrpcLogAppender.java:58)
	at org.apache.ratis.grpc.server.GrpcLogAppender$AppendLogResponseHandler.onCompleted(GrpcLogAppender.java:416)
	at org.apache.ratis.thirdparty.io.grpc.stub.ClientCalls$StreamObserverToCallListenerAdapter.onClose(ClientCalls.java:485)
	at org.apache.ratis.thirdparty.io.grpc.internal.DelayedClientCall$DelayedListener$3.run(DelayedClientCall.java:468)
	at org.apache.ratis.thirdparty.io.grpc.internal.DelayedClientCall$DelayedListener.delayOrExecute(DelayedClientCall.java:432)
	at org.apache.ratis.thirdparty.io.grpc.internal.DelayedClientCall$DelayedListener.onClose(DelayedClientCall.java:465)
	at org.apache.ratis.thirdparty.io.grpc.internal.ClientCallImpl.closeObserver(ClientCallImpl.java:562)
	at org.apache.ratis.thirdparty.io.grpc.internal.ClientCallImpl.access$300(ClientCallImpl.java:70)
	at org.apache.ratis.thirdparty.io.grpc.internal.ClientCallImpl$ClientStreamListenerImpl$1StreamClosed.runInternal(ClientCallImpl.java:743)
	at org.apache.ratis.thirdparty.io.grpc.internal.ClientCallImpl$ClientStreamListenerImpl$1StreamClosed.runInContext(ClientCallImpl.java:722)
	at org.apache.ratis.thirdparty.io.grpc.internal.ContextRunnable.run(ContextRunnable.java:37)
	at org.apache.ratis.thirdparty.io.grpc.internal.SerializingExecutor.run(SerializingExecutor.java:133)
	at java.util.concurrent.ThreadPoolExecutor.runWorker(ThreadPoolExecutor.java:1149)
	at java.util.concurrent.ThreadPoolExecutor$Worker.run(ThreadPoolExecutor.java:624)
	at java.lang.Thread.run(Thread.java:750)
2022-11-04 01:08:04,618 [70253b25-82f0-4a7c-9412-29622705a2de-impl-thread3] INFO  segmented.SegmentedRaftLogWorker (SegmentedRaftLogWorker.java:close(255)) - 70253b25-82f0-4a7c-9412-29622705a2de@group-D2702EDADE96-SegmentedRaftLogWorker close()
2022-11-04 01:08:04,618 [70253b25-82f0-4a7c-9412-29622705a2de-impl-thread1] INFO  segmented.SegmentedRaftLogWorker (SegmentedRaftLogWorker.java:close(255)) - 70253b25-82f0-4a7c-9412-29622705a2de@group-67D32E1FD950-SegmentedRaftLogWorker close()
2022-11-04 01:08:04,618 [70253b25-82f0-4a7c-9412-29622705a2de-impl-thread2] INFO  segmented.SegmentedRaftLogWorker (SegmentedRaftLogWorker.java:close(255)) - 70253b25-82f0-4a7c-9412-29622705a2de@group-4FF2CDC8C389-SegmentedRaftLogWorker close()
2022-11-04 01:08:04,624 [Listener at 127.0.0.1/40125] INFO  server.GrpcService (GrpcService.java:closeImpl(288)) - 70253b25-82f0-4a7c-9412-29622705a2de: shutdown server GrpcServerProtocolService successfully
2022-11-04 01:08:04,625 [JvmPauseMonitor3] INFO  util.JvmPauseMonitor (JvmPauseMonitor.java:run(111)) - JvmPauseMonitor-70253b25-82f0-4a7c-9412-29622705a2de: Stopped
2022-11-04 01:08:04,817 [grpc-default-executor-4] WARN  server.GrpcLogAppender (LogUtils.java:warn(122)) - b5f0d7ba-78c4-4bfc-9c94-2fc11ccd4fbc@group-67D32E1FD950->70253b25-82f0-4a7c-9412-29622705a2de-AppendLogResponseHandler: Failed appendEntries: org.apache.ratis.thirdparty.io.grpc.StatusRuntimeException: UNAVAILABLE: io exception
2022-11-04 01:08:04,821 [grpc-default-executor-8] WARN  server.GrpcLogAppender (LogUtils.java:warn(122)) - b5f0d7ba-78c4-4bfc-9c94-2fc11ccd4fbc@group-67D32E1FD950->70253b25-82f0-4a7c-9412-29622705a2de-AppendLogResponseHandler: Failed appendEntries: org.apache.ratis.thirdparty.io.grpc.StatusRuntimeException: UNAVAILABLE: io exception
2022-11-04 01:08:04,822 [grpc-default-executor-4] WARN  server.GrpcLogAppender (GrpcLogAppender.java:resetClient(131)) - b5f0d7ba-78c4-4bfc-9c94-2fc11ccd4fbc@group-67D32E1FD950->70253b25-82f0-4a7c-9412-29622705a2de-GrpcLogAppender: Leader has not got in touch with Follower b5f0d7ba-78c4-4bfc-9c94-2fc11ccd4fbc@group-67D32E1FD950->70253b25-82f0-4a7c-9412-29622705a2de(c0,m0,n1, attendVote=true, lastRpcSendTime=1, lastRpcResponseTime=2512) yet, just keep nextIndex unchanged and retry.
2022-11-04 01:08:04,822 [grpc-default-executor-8] WARN  server.GrpcLogAppender (GrpcLogAppender.java:resetClient(131)) - b5f0d7ba-78c4-4bfc-9c94-2fc11ccd4fbc@group-67D32E1FD950->70253b25-82f0-4a7c-9412-29622705a2de-GrpcLogAppender: Leader has not got in touch with Follower b5f0d7ba-78c4-4bfc-9c94-2fc11ccd4fbc@group-67D32E1FD950->70253b25-82f0-4a7c-9412-29622705a2de(c0,m0,n1, attendVote=true, lastRpcSendTime=2, lastRpcResponseTime=2513) yet, just keep nextIndex unchanged and retry.
2022-11-04 01:08:04,833 [bc4c196d-1c1a-499c-9b0d-21e75e378ad6@group-9729C48E5B88-FollowerState] INFO  impl.FollowerState (FollowerState.java:run(143)) - bc4c196d-1c1a-499c-9b0d-21e75e378ad6@group-9729C48E5B88-FollowerState: change to CANDIDATE, lastRpcElapsedTime:5057120707ns, electionTimeout:5050ms
2022-11-04 01:08:04,833 [bc4c196d-1c1a-499c-9b0d-21e75e378ad6@group-9729C48E5B88-FollowerState] INFO  impl.RoleInfo (RoleInfo.java:shutdownFollowerState(110)) - bc4c196d-1c1a-499c-9b0d-21e75e378ad6: shutdown bc4c196d-1c1a-499c-9b0d-21e75e378ad6@group-9729C48E5B88-FollowerState
2022-11-04 01:08:04,833 [bc4c196d-1c1a-499c-9b0d-21e75e378ad6@group-9729C48E5B88-FollowerState] INFO  server.RaftServer$Division (RaftServerImpl.java:setRole(321)) - bc4c196d-1c1a-499c-9b0d-21e75e378ad6@group-9729C48E5B88: changes role from  FOLLOWER to CANDIDATE at term 0 for changeToCandidate
2022-11-04 01:08:04,833 [bc4c196d-1c1a-499c-9b0d-21e75e378ad6@group-9729C48E5B88-FollowerState] INFO  server.RaftServerConfigKeys (ConfUtils.java:logGet(46)) - raft.server.leaderelection.pre-vote = false (custom)
2022-11-04 01:08:04,833 [bc4c196d-1c1a-499c-9b0d-21e75e378ad6@group-9729C48E5B88-FollowerState] INFO  impl.RoleInfo (RoleInfo.java:updateAndGet(139)) - bc4c196d-1c1a-499c-9b0d-21e75e378ad6: start bc4c196d-1c1a-499c-9b0d-21e75e378ad6@group-9729C48E5B88-LeaderElection19
2022-11-04 01:08:04,844 [bc4c196d-1c1a-499c-9b0d-21e75e378ad6@group-9729C48E5B88-LeaderElection19] INFO  impl.LeaderElection (LeaderElection.java:askForVotes(312)) - bc4c196d-1c1a-499c-9b0d-21e75e378ad6@group-9729C48E5B88-LeaderElection19 ELECTION round 0: submit vote requests at term 1 for -1: peers:[bc4c196d-1c1a-499c-9b0d-21e75e378ad6|rpc:10.1.0.17:34491|priority:1|startupRole:FOLLOWER]|listeners:[], old=null
2022-11-04 01:08:04,844 [bc4c196d-1c1a-499c-9b0d-21e75e378ad6@group-9729C48E5B88-LeaderElection19] INFO  impl.LeaderElection (LeaderElection.java:askForVotes(314)) - bc4c196d-1c1a-499c-9b0d-21e75e378ad6@group-9729C48E5B88-LeaderElection19 ELECTION round 0: result PASSED (term=1)
2022-11-04 01:08:04,844 [bc4c196d-1c1a-499c-9b0d-21e75e378ad6@group-9729C48E5B88-LeaderElection19] INFO  impl.RoleInfo (RoleInfo.java:shutdownLeaderElection(130)) - bc4c196d-1c1a-499c-9b0d-21e75e378ad6: shutdown bc4c196d-1c1a-499c-9b0d-21e75e378ad6@group-9729C48E5B88-LeaderElection19
2022-11-04 01:08:04,844 [bc4c196d-1c1a-499c-9b0d-21e75e378ad6@group-9729C48E5B88-LeaderElection19] INFO  server.RaftServer$Division (RaftServerImpl.java:setRole(321)) - bc4c196d-1c1a-499c-9b0d-21e75e378ad6@group-9729C48E5B88: changes role from CANDIDATE to LEADER at term 1 for changeToLeader
2022-11-04 01:08:04,844 [bc4c196d-1c1a-499c-9b0d-21e75e378ad6@group-9729C48E5B88-LeaderElection19] INFO  ratis.XceiverServerRatis (XceiverServerRatis.java:handleLeaderChangedNotification(863)) - Leader change notification received for group: group-9729C48E5B88 with new leaderId: bc4c196d-1c1a-499c-9b0d-21e75e378ad6
2022-11-04 01:08:04,845 [bc4c196d-1c1a-499c-9b0d-21e75e378ad6@group-9729C48E5B88-LeaderElection19] INFO  server.RaftServer$Division (ServerState.java:setLeader(313)) - bc4c196d-1c1a-499c-9b0d-21e75e378ad6@group-9729C48E5B88: change Leader from null to bc4c196d-1c1a-499c-9b0d-21e75e378ad6 at term 1 for becomeLeader, leader elected after 5081ms
2022-11-04 01:08:04,845 [bc4c196d-1c1a-499c-9b0d-21e75e378ad6@group-9729C48E5B88-LeaderElection19] INFO  server.RaftServerConfigKeys (ConfUtils.java:logGet(46)) - raft.server.staging.catchup.gap = 1000 (default)
2022-11-04 01:08:04,845 [bc4c196d-1c1a-499c-9b0d-21e75e378ad6@group-9729C48E5B88-LeaderElection19] INFO  server.RaftServerConfigKeys (ConfUtils.java:logGet(46)) - raft.server.write.element-limit = 1024 (custom)
2022-11-04 01:08:04,845 [bc4c196d-1c1a-499c-9b0d-21e75e378ad6@group-9729C48E5B88-LeaderElection19] INFO  server.RaftServerConfigKeys (ConfUtils.java:logGet(46)) - raft.server.write.byte-limit = 1024 M (=1073741824) (custom)
2022-11-04 01:08:04,846 [bc4c196d-1c1a-499c-9b0d-21e75e378ad6@group-9729C48E5B88-LeaderElection19] INFO  server.RaftServerConfigKeys (ConfUtils.java:logGet(46)) - raft.server.watch.timeout = 180s (custom)
2022-11-04 01:08:04,846 [bc4c196d-1c1a-499c-9b0d-21e75e378ad6@group-9729C48E5B88-LeaderElection19] INFO  server.RaftServerConfigKeys (ConfUtils.java:logGet(46)) - raft.server.watch.timeout.denomination = 1s (default)
2022-11-04 01:08:04,848 [bc4c196d-1c1a-499c-9b0d-21e75e378ad6@group-9729C48E5B88-LeaderElection19] INFO  server.RaftServerConfigKeys (ConfUtils.java:logGet(46)) - raft.server.watch.element-limit = 65536 (default)
2022-11-04 01:08:04,848 [bc4c196d-1c1a-499c-9b0d-21e75e378ad6@group-9729C48E5B88-LeaderElection19] INFO  server.RaftServerConfigKeys (ConfUtils.java:logGet(46)) - raft.server.write.element-limit = 1024 (custom)
2022-11-04 01:08:04,848 [bc4c196d-1c1a-499c-9b0d-21e75e378ad6@group-9729C48E5B88-LeaderElection19] INFO  server.RaftServerConfigKeys (ConfUtils.java:logGet(46)) - raft.server.write.follower.gap.ratio.max = -1.0 (default)
2022-11-04 01:08:04,848 [bc4c196d-1c1a-499c-9b0d-21e75e378ad6@group-9729C48E5B88-LeaderElection19] INFO  impl.RoleInfo (RoleInfo.java:updateAndGet(139)) - bc4c196d-1c1a-499c-9b0d-21e75e378ad6: start bc4c196d-1c1a-499c-9b0d-21e75e378ad6@group-9729C48E5B88-LeaderStateImpl
2022-11-04 01:08:04,848 [bc4c196d-1c1a-499c-9b0d-21e75e378ad6@group-9729C48E5B88-LeaderElection19] INFO  segmented.SegmentedRaftLogWorker (SegmentedRaftLogWorker.java:startLogSegment(452)) - bc4c196d-1c1a-499c-9b0d-21e75e378ad6@group-9729C48E5B88-SegmentedRaftLogWorker: Starting segment from index:0
2022-11-04 01:08:04,849 [bc4c196d-1c1a-499c-9b0d-21e75e378ad6@group-9729C48E5B88-SegmentedRaftLogWorker] INFO  segmented.SegmentedRaftLogWorker (SegmentedRaftLogWorker.java:execute(656)) - bc4c196d-1c1a-499c-9b0d-21e75e378ad6@group-9729C48E5B88-SegmentedRaftLogWorker: created new log segment /home/runner/work/ozone/ozone/hadoop-ozone/integration-test/target/test-dir/MiniOzoneClusterImpl-e654cb93-8a46-4732-947e-f27e0a8f69eb/datanode-8/data/ratis/9452d973-b83a-4255-ab5b-9729c48e5b88/current/log_inprogress_0
2022-11-04 01:08:04,857 [bc4c196d-1c1a-499c-9b0d-21e75e378ad6@group-9729C48E5B88-LeaderElection19] INFO  server.RaftServer$Division (ServerState.java:setRaftConf(430)) - bc4c196d-1c1a-499c-9b0d-21e75e378ad6@group-9729C48E5B88: set configuration 0: peers:[bc4c196d-1c1a-499c-9b0d-21e75e378ad6|rpc:10.1.0.17:34491|dataStream:|priority:1|startupRole:FOLLOWER]|listeners:[], old=null
2022-11-04 01:08:05,307 [9b302da2-2c09-4610-b1b5-c4dbcc9298e9@group-AA1973943C79-FollowerState] INFO  impl.FollowerState (FollowerState.java:run(143)) - 9b302da2-2c09-4610-b1b5-c4dbcc9298e9@group-AA1973943C79-FollowerState: change to CANDIDATE, lastRpcElapsedTime:5186114060ns, electionTimeout:5185ms
2022-11-04 01:08:05,307 [9b302da2-2c09-4610-b1b5-c4dbcc9298e9@group-AA1973943C79-FollowerState] INFO  impl.RoleInfo (RoleInfo.java:shutdownFollowerState(110)) - 9b302da2-2c09-4610-b1b5-c4dbcc9298e9: shutdown 9b302da2-2c09-4610-b1b5-c4dbcc9298e9@group-AA1973943C79-FollowerState
2022-11-04 01:08:05,308 [9b302da2-2c09-4610-b1b5-c4dbcc9298e9@group-AA1973943C79-FollowerState] INFO  server.RaftServer$Division (RaftServerImpl.java:setRole(321)) - 9b302da2-2c09-4610-b1b5-c4dbcc9298e9@group-AA1973943C79: changes role from  FOLLOWER to CANDIDATE at term 0 for changeToCandidate
2022-11-04 01:08:05,308 [9b302da2-2c09-4610-b1b5-c4dbcc9298e9@group-AA1973943C79-FollowerState] INFO  server.RaftServerConfigKeys (ConfUtils.java:logGet(46)) - raft.server.leaderelection.pre-vote = false (custom)
2022-11-04 01:08:05,308 [9b302da2-2c09-4610-b1b5-c4dbcc9298e9@group-AA1973943C79-FollowerState] INFO  impl.RoleInfo (RoleInfo.java:updateAndGet(139)) - 9b302da2-2c09-4610-b1b5-c4dbcc9298e9: start 9b302da2-2c09-4610-b1b5-c4dbcc9298e9@group-AA1973943C79-LeaderElection20
2022-11-04 01:08:05,314 [9b302da2-2c09-4610-b1b5-c4dbcc9298e9@group-AA1973943C79-LeaderElection20] INFO  impl.LeaderElection (LeaderElection.java:askForVotes(312)) - 9b302da2-2c09-4610-b1b5-c4dbcc9298e9@group-AA1973943C79-LeaderElection20 ELECTION round 0: submit vote requests at term 1 for -1: peers:[9b302da2-2c09-4610-b1b5-c4dbcc9298e9|rpc:10.1.0.17:35385|priority:1|startupRole:FOLLOWER]|listeners:[], old=null
2022-11-04 01:08:05,314 [9b302da2-2c09-4610-b1b5-c4dbcc9298e9@group-AA1973943C79-LeaderElection20] INFO  impl.LeaderElection (LeaderElection.java:askForVotes(314)) - 9b302da2-2c09-4610-b1b5-c4dbcc9298e9@group-AA1973943C79-LeaderElection20 ELECTION round 0: result PASSED (term=1)
2022-11-04 01:08:05,314 [9b302da2-2c09-4610-b1b5-c4dbcc9298e9@group-AA1973943C79-LeaderElection20] INFO  impl.RoleInfo (RoleInfo.java:shutdownLeaderElection(130)) - 9b302da2-2c09-4610-b1b5-c4dbcc9298e9: shutdown 9b302da2-2c09-4610-b1b5-c4dbcc9298e9@group-AA1973943C79-LeaderElection20
2022-11-04 01:08:05,314 [9b302da2-2c09-4610-b1b5-c4dbcc9298e9@group-AA1973943C79-LeaderElection20] INFO  server.RaftServer$Division (RaftServerImpl.java:setRole(321)) - 9b302da2-2c09-4610-b1b5-c4dbcc9298e9@group-AA1973943C79: changes role from CANDIDATE to LEADER at term 1 for changeToLeader
2022-11-04 01:08:05,314 [9b302da2-2c09-4610-b1b5-c4dbcc9298e9@group-AA1973943C79-LeaderElection20] INFO  ratis.XceiverServerRatis (XceiverServerRatis.java:handleLeaderChangedNotification(863)) - Leader change notification received for group: group-AA1973943C79 with new leaderId: 9b302da2-2c09-4610-b1b5-c4dbcc9298e9
2022-11-04 01:08:05,317 [9b302da2-2c09-4610-b1b5-c4dbcc9298e9@group-AA1973943C79-LeaderElection20] INFO  server.RaftServer$Division (ServerState.java:setLeader(313)) - 9b302da2-2c09-4610-b1b5-c4dbcc9298e9@group-AA1973943C79: change Leader from null to 9b302da2-2c09-4610-b1b5-c4dbcc9298e9 at term 1 for becomeLeader, leader elected after 5201ms
2022-11-04 01:08:05,317 [9b302da2-2c09-4610-b1b5-c4dbcc9298e9@group-AA1973943C79-LeaderElection20] INFO  server.RaftServerConfigKeys (ConfUtils.java:logGet(46)) - raft.server.staging.catchup.gap = 1000 (default)
2022-11-04 01:08:05,317 [9b302da2-2c09-4610-b1b5-c4dbcc9298e9@group-AA1973943C79-LeaderElection20] INFO  server.RaftServerConfigKeys (ConfUtils.java:logGet(46)) - raft.server.write.element-limit = 1024 (custom)
2022-11-04 01:08:05,317 [9b302da2-2c09-4610-b1b5-c4dbcc9298e9@group-AA1973943C79-LeaderElection20] INFO  server.RaftServerConfigKeys (ConfUtils.java:logGet(46)) - raft.server.write.byte-limit = 1024 M (=1073741824) (custom)
2022-11-04 01:08:05,317 [9b302da2-2c09-4610-b1b5-c4dbcc9298e9@group-AA1973943C79-LeaderElection20] INFO  server.RaftServerConfigKeys (ConfUtils.java:logGet(46)) - raft.server.watch.timeout = 180s (custom)
2022-11-04 01:08:05,317 [9b302da2-2c09-4610-b1b5-c4dbcc9298e9@group-AA1973943C79-LeaderElection20] INFO  server.RaftServerConfigKeys (ConfUtils.java:logGet(46)) - raft.server.watch.timeout.denomination = 1s (default)
2022-11-04 01:08:05,317 [9b302da2-2c09-4610-b1b5-c4dbcc9298e9@group-AA1973943C79-LeaderElection20] INFO  server.RaftServerConfigKeys (ConfUtils.java:logGet(46)) - raft.server.watch.element-limit = 65536 (default)
2022-11-04 01:08:05,318 [9b302da2-2c09-4610-b1b5-c4dbcc9298e9@group-AA1973943C79-LeaderElection20] INFO  server.RaftServerConfigKeys (ConfUtils.java:logGet(46)) - raft.server.write.element-limit = 1024 (custom)
2022-11-04 01:08:05,318 [9b302da2-2c09-4610-b1b5-c4dbcc9298e9@group-AA1973943C79-LeaderElection20] INFO  server.RaftServerConfigKeys (ConfUtils.java:logGet(46)) - raft.server.write.follower.gap.ratio.max = -1.0 (default)
2022-11-04 01:08:05,318 [9b302da2-2c09-4610-b1b5-c4dbcc9298e9@group-AA1973943C79-LeaderElection20] INFO  impl.RoleInfo (RoleInfo.java:updateAndGet(139)) - 9b302da2-2c09-4610-b1b5-c4dbcc9298e9: start 9b302da2-2c09-4610-b1b5-c4dbcc9298e9@group-AA1973943C79-LeaderStateImpl
2022-11-04 01:08:05,318 [9b302da2-2c09-4610-b1b5-c4dbcc9298e9@group-AA1973943C79-LeaderElection20] INFO  segmented.SegmentedRaftLogWorker (SegmentedRaftLogWorker.java:startLogSegment(452)) - 9b302da2-2c09-4610-b1b5-c4dbcc9298e9@group-AA1973943C79-SegmentedRaftLogWorker: Starting segment from index:0
2022-11-04 01:08:05,320 [9b302da2-2c09-4610-b1b5-c4dbcc9298e9@group-AA1973943C79-LeaderElection20] INFO  server.RaftServer$Division (ServerState.java:setRaftConf(430)) - 9b302da2-2c09-4610-b1b5-c4dbcc9298e9@group-AA1973943C79: set configuration 0: peers:[9b302da2-2c09-4610-b1b5-c4dbcc9298e9|rpc:10.1.0.17:35385|dataStream:|priority:1|startupRole:FOLLOWER]|listeners:[], old=null
2022-11-04 01:08:05,325 [9b302da2-2c09-4610-b1b5-c4dbcc9298e9@group-AA1973943C79-SegmentedRaftLogWorker] INFO  segmented.SegmentedRaftLogWorker (SegmentedRaftLogWorker.java:execute(656)) - 9b302da2-2c09-4610-b1b5-c4dbcc9298e9@group-AA1973943C79-SegmentedRaftLogWorker: created new log segment /home/runner/work/ozone/ozone/hadoop-ozone/integration-test/target/test-dir/MiniOzoneClusterImpl-e654cb93-8a46-4732-947e-f27e0a8f69eb/datanode-9/data/ratis/2b0b685d-df4a-48a4-b1f0-aa1973943c79/current/log_inprogress_0
2022-11-04 01:08:06,070 [grpc-default-executor-4] WARN  server.GrpcLogAppender (LogUtils.java:warn(122)) - b5f0d7ba-78c4-4bfc-9c94-2fc11ccd4fbc@group-67D32E1FD950->70253b25-82f0-4a7c-9412-29622705a2de-AppendLogResponseHandler: Failed appendEntries: org.apache.ratis.thirdparty.io.grpc.StatusRuntimeException: UNAVAILABLE: io exception
2022-11-04 01:08:06,070 [grpc-default-executor-8] WARN  server.GrpcLogAppender (LogUtils.java:warn(122)) - b5f0d7ba-78c4-4bfc-9c94-2fc11ccd4fbc@group-67D32E1FD950->70253b25-82f0-4a7c-9412-29622705a2de-AppendLogResponseHandler: Failed appendEntries: org.apache.ratis.thirdparty.io.grpc.StatusRuntimeException: UNAVAILABLE: io exception
2022-11-04 01:08:06,071 [grpc-default-executor-4] WARN  server.GrpcLogAppender (GrpcLogAppender.java:resetClient(131)) - b5f0d7ba-78c4-4bfc-9c94-2fc11ccd4fbc@group-67D32E1FD950->70253b25-82f0-4a7c-9412-29622705a2de-GrpcLogAppender: Leader has not got in touch with Follower b5f0d7ba-78c4-4bfc-9c94-2fc11ccd4fbc@group-67D32E1FD950->70253b25-82f0-4a7c-9412-29622705a2de(c0,m0,n1, attendVote=true, lastRpcSendTime=0, lastRpcResponseTime=3762) yet, just keep nextIndex unchanged and retry.
2022-11-04 01:08:06,071 [grpc-default-executor-8] WARN  server.GrpcLogAppender (GrpcLogAppender.java:resetClient(131)) - b5f0d7ba-78c4-4bfc-9c94-2fc11ccd4fbc@group-67D32E1FD950->70253b25-82f0-4a7c-9412-29622705a2de-GrpcLogAppender: Leader has not got in touch with Follower b5f0d7ba-78c4-4bfc-9c94-2fc11ccd4fbc@group-67D32E1FD950->70253b25-82f0-4a7c-9412-29622705a2de(c0,m0,n1, attendVote=true, lastRpcSendTime=0, lastRpcResponseTime=3762) yet, just keep nextIndex unchanged and retry.
2022-11-04 01:08:06,712 [Listener at 127.0.0.1/40125] INFO  volume.HddsVolume (HddsVolume.java:closeDbStore(338)) - SchemaV3 db is stopped at /home/runner/work/ozone/ozone/hadoop-ozone/integration-test/target/test-dir/MiniOzoneClusterImpl-e654cb93-8a46-4732-947e-f27e0a8f69eb/datanode-2/data-0/containers/hdds/e654cb93-8a46-4732-947e-f27e0a8f69eb/DS-7b648b87-6131-4fd4-b3ec-c92fe387eaec/container.db for volume DS-7b648b87-6131-4fd4-b3ec-c92fe387eaec
2022-11-04 01:08:06,712 [Listener at 127.0.0.1/40125] INFO  utils.BackgroundService (BackgroundService.java:shutdown(141)) - Shutting down service BlockDeletingService
2022-11-04 01:08:06,713 [Listener at 127.0.0.1/40125] INFO  utils.BackgroundService (BackgroundService.java:shutdown(141)) - Shutting down service StaleRecoveringContainerScrubbingService
2022-11-04 01:08:06,716 [Listener at 127.0.0.1/40125] INFO  statemachine.DatanodeStateMachine (DatanodeStateMachine.java:stopDaemon(593)) - Ozone container server stopped.
2022-11-04 01:08:06,725 [Listener at 127.0.0.1/40125] INFO  handler.ContextHandler (ContextHandler.java:doStop(1159)) - Stopped o.e.j.w.WebAppContext@1be2c8a4{hddsDatanode,/,null,STOPPED}{jar:file:/home/runner/.m2/repository/org/apache/ozone/hdds-container-service/1.3.0-SNAPSHOT/hdds-container-service-1.3.0-SNAPSHOT.jar!/webapps/hddsDatanode}
2022-11-04 01:08:06,728 [Listener at 127.0.0.1/40125] INFO  server.AbstractConnector (AbstractConnector.java:doStop(383)) - Stopped ServerConnector@f4161d8{HTTP/1.1, (http/1.1)}{0.0.0.0:0}
2022-11-04 01:08:06,728 [Listener at 127.0.0.1/40125] INFO  server.session (HouseKeeper.java:stopScavenging(149)) - node0 Stopped scavenging
2022-11-04 01:08:06,729 [Listener at 127.0.0.1/40125] INFO  handler.ContextHandler (ContextHandler.java:doStop(1159)) - Stopped o.e.j.s.ServletContextHandler@76e14d07{static,/static,jar:file:/home/runner/.m2/repository/org/apache/ozone/hdds-container-service/1.3.0-SNAPSHOT/hdds-container-service-1.3.0-SNAPSHOT.jar!/webapps/static,STOPPED}
2022-11-04 01:08:06,729 [Listener at 127.0.0.1/40125] INFO  handler.ContextHandler (ContextHandler.java:doStop(1159)) - Stopped o.e.j.s.ServletContextHandler@123a6926{logs,/logs,file:///home/runner/work/ozone/ozone/hadoop-ozone/integration-test/target/log,STOPPED}
2022-11-04 01:08:07,321 [grpc-default-executor-8] WARN  server.GrpcLogAppender (LogUtils.java:warn(122)) - b5f0d7ba-78c4-4bfc-9c94-2fc11ccd4fbc@group-67D32E1FD950->70253b25-82f0-4a7c-9412-29622705a2de-AppendLogResponseHandler: Failed appendEntries: org.apache.ratis.thirdparty.io.grpc.StatusRuntimeException: UNAVAILABLE: io exception
2022-11-04 01:08:07,321 [grpc-default-executor-4] WARN  server.GrpcLogAppender (LogUtils.java:warn(122)) - b5f0d7ba-78c4-4bfc-9c94-2fc11ccd4fbc@group-67D32E1FD950->70253b25-82f0-4a7c-9412-29622705a2de-AppendLogResponseHandler: Failed appendEntries: org.apache.ratis.thirdparty.io.grpc.StatusRuntimeException: UNAVAILABLE: io exception
2022-11-04 01:08:07,322 [grpc-default-executor-8] WARN  server.GrpcLogAppender (GrpcLogAppender.java:resetClient(131)) - b5f0d7ba-78c4-4bfc-9c94-2fc11ccd4fbc@group-67D32E1FD950->70253b25-82f0-4a7c-9412-29622705a2de-GrpcLogAppender: Leader has not got in touch with Follower b5f0d7ba-78c4-4bfc-9c94-2fc11ccd4fbc@group-67D32E1FD950->70253b25-82f0-4a7c-9412-29622705a2de(c0,m0,n1, attendVote=true, lastRpcSendTime=0, lastRpcResponseTime=5012) yet, just keep nextIndex unchanged and retry.
2022-11-04 01:08:07,323 [grpc-default-executor-4] WARN  server.GrpcLogAppender (GrpcLogAppender.java:resetClient(131)) - b5f0d7ba-78c4-4bfc-9c94-2fc11ccd4fbc@group-67D32E1FD950->70253b25-82f0-4a7c-9412-29622705a2de-GrpcLogAppender: Leader has not got in touch with Follower b5f0d7ba-78c4-4bfc-9c94-2fc11ccd4fbc@group-67D32E1FD950->70253b25-82f0-4a7c-9412-29622705a2de(c0,m0,n1, attendVote=true, lastRpcSendTime=1, lastRpcResponseTime=5013) yet, just keep nextIndex unchanged and retry.
2022-11-04 01:08:07,386 [EventQueue-StaleNodeForStaleNodeHandler] INFO  node.StaleNodeHandler (StaleNodeHandler.java:onMessage(59)) - Datanode 70253b25-82f0-4a7c-9412-29622705a2de{ip: 10.1.0.17, host: fv-az39-323.yumyzuo2tp0ejekjjwodrrku4b.bx.internal.cloudapp.net, ports: [REPLICATION=46293, RATIS=37713, RATIS_ADMIN=37713, RATIS_SERVER=37713, STANDALONE=37085], networkLocation: /default-rack, certSerialId: null, persistedOpState: IN_SERVICE, persistedOpStateExpiryEpochSec: 0} moved to stale state. Finalizing its pipelines [PipelineID=d7507172-1e8f-403b-90af-67d32e1fd950, PipelineID=5564602d-0fd9-41f1-8725-4ff2cdc8c389, PipelineID=5c8490f6-8066-4e5a-a81d-ecbf79e6b8ed, PipelineID=b039d9f5-3bf5-4340-8ef9-d2702edade96]
2022-11-04 01:08:07,389 [EventQueue-StaleNodeForStaleNodeHandler] INFO  pipeline.PipelineManagerImpl (PipelineManagerImpl.java:closePipeline(442)) - Pipeline Pipeline[ Id: d7507172-1e8f-403b-90af-67d32e1fd950, Nodes: 9ad6c772-b583-49da-9dda-46d51a9db348{ip: 10.1.0.17, host: fv-az39-323.yumyzuo2tp0ejekjjwodrrku4b.bx.internal.cloudapp.net, ports: [REPLICATION=46803, RATIS=40437, RATIS_ADMIN=40437, RATIS_SERVER=40437, STANDALONE=33617], networkLocation: /default-rack, certSerialId: null, persistedOpState: IN_SERVICE, persistedOpStateExpiryEpochSec: 0}b5f0d7ba-78c4-4bfc-9c94-2fc11ccd4fbc{ip: 10.1.0.17, host: fv-az39-323.yumyzuo2tp0ejekjjwodrrku4b.bx.internal.cloudapp.net, ports: [REPLICATION=32795, RATIS=44613, RATIS_ADMIN=44613, RATIS_SERVER=44613, STANDALONE=33005], networkLocation: /default-rack, certSerialId: null, persistedOpState: IN_SERVICE, persistedOpStateExpiryEpochSec: 0}70253b25-82f0-4a7c-9412-29622705a2de{ip: 10.1.0.17, host: fv-az39-323.yumyzuo2tp0ejekjjwodrrku4b.bx.internal.cloudapp.net, ports: [REPLICATION=46293, RATIS=37713, RATIS_ADMIN=37713, RATIS_SERVER=37713, STANDALONE=37085], networkLocation: /default-rack, certSerialId: null, persistedOpState: IN_SERVICE, persistedOpStateExpiryEpochSec: 0}, ReplicationConfig: RATIS/THREE, State:OPEN, leaderId:b5f0d7ba-78c4-4bfc-9c94-2fc11ccd4fbc, CreationTimestamp2022-11-04T01:07:54.688Z[Etc/UTC]] moved to CLOSED state
2022-11-04 01:08:07,390 [EventQueue-StaleNodeForStaleNodeHandler] INFO  pipeline.PipelineManagerImpl (PipelineManagerImpl.java:closePipeline(442)) - Pipeline Pipeline[ Id: 5564602d-0fd9-41f1-8725-4ff2cdc8c389, Nodes: 70253b25-82f0-4a7c-9412-29622705a2de{ip: 10.1.0.17, host: fv-az39-323.yumyzuo2tp0ejekjjwodrrku4b.bx.internal.cloudapp.net, ports: [REPLICATION=46293, RATIS=37713, RATIS_ADMIN=37713, RATIS_SERVER=37713, STANDALONE=37085], networkLocation: /default-rack, certSerialId: null, persistedOpState: IN_SERVICE, persistedOpStateExpiryEpochSec: 0}9ad6c772-b583-49da-9dda-46d51a9db348{ip: 10.1.0.17, host: fv-az39-323.yumyzuo2tp0ejekjjwodrrku4b.bx.internal.cloudapp.net, ports: [REPLICATION=46803, RATIS=40437, RATIS_ADMIN=40437, RATIS_SERVER=40437, STANDALONE=33617], networkLocation: /default-rack, certSerialId: null, persistedOpState: IN_SERVICE, persistedOpStateExpiryEpochSec: 0}b5f0d7ba-78c4-4bfc-9c94-2fc11ccd4fbc{ip: 10.1.0.17, host: fv-az39-323.yumyzuo2tp0ejekjjwodrrku4b.bx.internal.cloudapp.net, ports: [REPLICATION=32795, RATIS=44613, RATIS_ADMIN=44613, RATIS_SERVER=44613, STANDALONE=33005], networkLocation: /default-rack, certSerialId: null, persistedOpState: IN_SERVICE, persistedOpStateExpiryEpochSec: 0}, ReplicationConfig: RATIS/THREE, State:OPEN, leaderId:70253b25-82f0-4a7c-9412-29622705a2de, CreationTimestamp2022-11-04T01:07:54.690Z[Etc/UTC]] moved to CLOSED state
2022-11-04 01:08:07,393 [EventQueue-StaleNodeForStaleNodeHandler] INFO  pipeline.PipelineManagerImpl (PipelineManagerImpl.java:closeContainersForPipeline(421)) - Container #1 closed for pipeline=PipelineID=5c8490f6-8066-4e5a-a81d-ecbf79e6b8ed
2022-11-04 01:08:07,394 [EventQueue-StaleNodeForStaleNodeHandler] INFO  pipeline.PipelineManagerImpl (PipelineManagerImpl.java:closePipeline(442)) - Pipeline Pipeline[ Id: 5c8490f6-8066-4e5a-a81d-ecbf79e6b8ed, Nodes: 70253b25-82f0-4a7c-9412-29622705a2de{ip: 10.1.0.17, host: fv-az39-323.yumyzuo2tp0ejekjjwodrrku4b.bx.internal.cloudapp.net, ports: [REPLICATION=46293, RATIS=37713, RATIS_ADMIN=37713, RATIS_SERVER=37713, STANDALONE=37085], networkLocation: /default-rack, certSerialId: null, persistedOpState: null, persistedOpStateExpiryEpochSec: 0}47858208-0de4-46ca-af6a-45b9f6a00c92{ip: 10.1.0.17, host: fv-az39-323.yumyzuo2tp0ejekjjwodrrku4b.bx.internal.cloudapp.net, ports: [REPLICATION=36003, RATIS=42645, RATIS_ADMIN=42645, RATIS_SERVER=42645, STANDALONE=39519], networkLocation: /default-rack, certSerialId: null, persistedOpState: null, persistedOpStateExpiryEpochSec: 0}bc4c196d-1c1a-499c-9b0d-21e75e378ad6{ip: 10.1.0.17, host: fv-az39-323.yumyzuo2tp0ejekjjwodrrku4b.bx.internal.cloudapp.net, ports: [REPLICATION=38243, RATIS=34491, RATIS_ADMIN=34491, RATIS_SERVER=34491, STANDALONE=43559], networkLocation: /default-rack, certSerialId: null, persistedOpState: null, persistedOpStateExpiryEpochSec: 0}dc492f9b-31c5-46a5-b048-fde4f7a6d732{ip: 10.1.0.17, host: fv-az39-323.yumyzuo2tp0ejekjjwodrrku4b.bx.internal.cloudapp.net, ports: [REPLICATION=35247, RATIS=39685, RATIS_ADMIN=39685, RATIS_SERVER=39685, STANDALONE=44189], networkLocation: /default-rack, certSerialId: null, persistedOpState: null, persistedOpStateExpiryEpochSec: 0}9ad6c772-b583-49da-9dda-46d51a9db348{ip: 10.1.0.17, host: fv-az39-323.yumyzuo2tp0ejekjjwodrrku4b.bx.internal.cloudapp.net, ports: [REPLICATION=46803, RATIS=40437, RATIS_ADMIN=40437, RATIS_SERVER=40437, STANDALONE=33617], networkLocation: /default-rack, certSerialId: null, persistedOpState: null, persistedOpStateExpiryEpochSec: 0}, ReplicationConfig: EC/ECReplicationConfig{data=3, parity=2, ecChunkSize=1024, codec=rs}, State:OPEN, leaderId:, CreationTimestamp2022-11-04T01:08:03.914Z[Etc/UTC]] moved to CLOSED state
2022-11-04 01:08:07,394 [EventQueue-StaleNodeForStaleNodeHandler] INFO  pipeline.PipelineManagerImpl (PipelineManagerImpl.java:closePipeline(442)) - Pipeline Pipeline[ Id: b039d9f5-3bf5-4340-8ef9-d2702edade96, Nodes: 70253b25-82f0-4a7c-9412-29622705a2de{ip: 10.1.0.17, host: fv-az39-323.yumyzuo2tp0ejekjjwodrrku4b.bx.internal.cloudapp.net, ports: [REPLICATION=46293, RATIS=37713, RATIS_ADMIN=37713, RATIS_SERVER=37713, STANDALONE=37085], networkLocation: /default-rack, certSerialId: null, persistedOpState: IN_SERVICE, persistedOpStateExpiryEpochSec: 0}, ReplicationConfig: RATIS/ONE, State:OPEN, leaderId:70253b25-82f0-4a7c-9412-29622705a2de, CreationTimestamp2022-11-04T01:07:54.684Z[Etc/UTC]] moved to CLOSED state
2022-11-04 01:08:07,399 [EventQueue-CloseContainerForCloseContainerEventHandler] INFO  container.CloseContainerEventHandler (CloseContainerEventHandler.java:onMessage(71)) - Close container Event triggered for container : #1
2022-11-04 01:08:08,505 [47858208-0de4-46ca-af6a-45b9f6a00c92@group-5D8652A3AABE-FollowerState] INFO  impl.FollowerState (FollowerState.java:run(143)) - 47858208-0de4-46ca-af6a-45b9f6a00c92@group-5D8652A3AABE-FollowerState: change to CANDIDATE, lastRpcElapsedTime:5135329330ns, electionTimeout:5112ms
2022-11-04 01:08:08,505 [47858208-0de4-46ca-af6a-45b9f6a00c92@group-5D8652A3AABE-FollowerState] INFO  impl.RoleInfo (RoleInfo.java:shutdownFollowerState(110)) - 47858208-0de4-46ca-af6a-45b9f6a00c92: shutdown 47858208-0de4-46ca-af6a-45b9f6a00c92@group-5D8652A3AABE-FollowerState
2022-11-04 01:08:08,505 [47858208-0de4-46ca-af6a-45b9f6a00c92@group-5D8652A3AABE-FollowerState] INFO  server.RaftServer$Division (RaftServerImpl.java:setRole(321)) - 47858208-0de4-46ca-af6a-45b9f6a00c92@group-5D8652A3AABE: changes role from  FOLLOWER to CANDIDATE at term 1 for changeToCandidate
2022-11-04 01:08:08,505 [47858208-0de4-46ca-af6a-45b9f6a00c92@group-5D8652A3AABE-FollowerState] INFO  server.RaftServerConfigKeys (ConfUtils.java:logGet(46)) - raft.server.leaderelection.pre-vote = false (custom)
2022-11-04 01:08:08,505 [47858208-0de4-46ca-af6a-45b9f6a00c92@group-5D8652A3AABE-FollowerState] INFO  impl.RoleInfo (RoleInfo.java:updateAndGet(139)) - 47858208-0de4-46ca-af6a-45b9f6a00c92: start 47858208-0de4-46ca-af6a-45b9f6a00c92@group-5D8652A3AABE-LeaderElection21
2022-11-04 01:08:08,515 [47858208-0de4-46ca-af6a-45b9f6a00c92@group-5D8652A3AABE-LeaderElection21] INFO  impl.LeaderElection (LeaderElection.java:askForVotes(312)) - 47858208-0de4-46ca-af6a-45b9f6a00c92@group-5D8652A3AABE-LeaderElection21 ELECTION round 0: submit vote requests at term 2 for -1: peers:[47858208-0de4-46ca-af6a-45b9f6a00c92|rpc:10.1.0.17:42645|priority:0|startupRole:FOLLOWER, e73ed4bb-a433-4ecd-b93a-d0b4e16433ed|rpc:10.1.0.17:37481|priority:0|startupRole:FOLLOWER, 914271eb-14eb-4bb5-b4be-b6b4d3827766|rpc:10.1.0.17:40663|priority:1|startupRole:FOLLOWER]|listeners:[], old=null
2022-11-04 01:08:08,521 [grpc-default-executor-4] INFO  server.RaftServer$Division (RaftServerImpl.java:requestVote(1218)) - e73ed4bb-a433-4ecd-b93a-d0b4e16433ed@group-5D8652A3AABE: receive requestVote(ELECTION, 47858208-0de4-46ca-af6a-45b9f6a00c92, group-5D8652A3AABE, 2, (t:0, i:0))
2022-11-04 01:08:08,521 [grpc-default-executor-4] INFO  impl.VoteContext (VoteContext.java:log(48)) - e73ed4bb-a433-4ecd-b93a-d0b4e16433ed@group-5D8652A3AABE-FOLLOWER: accept ELECTION from 47858208-0de4-46ca-af6a-45b9f6a00c92: our priority 0 <= candidate's priority 0
2022-11-04 01:08:08,521 [grpc-default-executor-4] INFO  server.RaftServer$Division (RaftServerImpl.java:setRole(321)) - e73ed4bb-a433-4ecd-b93a-d0b4e16433ed@group-5D8652A3AABE: changes role from  FOLLOWER to FOLLOWER at term 2 for candidate:47858208-0de4-46ca-af6a-45b9f6a00c92
2022-11-04 01:08:08,521 [grpc-default-executor-4] INFO  impl.RoleInfo (RoleInfo.java:shutdownFollowerState(110)) - e73ed4bb-a433-4ecd-b93a-d0b4e16433ed: shutdown e73ed4bb-a433-4ecd-b93a-d0b4e16433ed@group-5D8652A3AABE-FollowerState
2022-11-04 01:08:08,527 [grpc-default-executor-4] INFO  impl.RoleInfo (RoleInfo.java:updateAndGet(139)) - e73ed4bb-a433-4ecd-b93a-d0b4e16433ed: start e73ed4bb-a433-4ecd-b93a-d0b4e16433ed@group-5D8652A3AABE-FollowerState
2022-11-04 01:08:08,527 [e73ed4bb-a433-4ecd-b93a-d0b4e16433ed@group-5D8652A3AABE-FollowerState] INFO  impl.FollowerState (FollowerState.java:run(152)) - e73ed4bb-a433-4ecd-b93a-d0b4e16433ed@group-5D8652A3AABE-FollowerState was interrupted
2022-11-04 01:08:08,527 [47858208-0de4-46ca-af6a-45b9f6a00c92@group-5D8652A3AABE-LeaderElection21] INFO  server.RaftServerConfigKeys (ConfUtils.java:logFallback(53)) - raft.server.rpc.first-election.timeout.min = 5s (fallback to raft.server.rpc.timeout.min)
2022-11-04 01:08:08,527 [47858208-0de4-46ca-af6a-45b9f6a00c92@group-5D8652A3AABE-LeaderElection21] INFO  server.RaftServerConfigKeys (ConfUtils.java:logFallback(53)) - raft.server.rpc.first-election.timeout.max = 5200ms (fallback to raft.server.rpc.timeout.max)
2022-11-04 01:08:08,529 [grpc-default-executor-8] INFO  server.RaftServer$Division (RaftServerImpl.java:requestVote(1218)) - 914271eb-14eb-4bb5-b4be-b6b4d3827766@group-5D8652A3AABE: receive requestVote(ELECTION, 47858208-0de4-46ca-af6a-45b9f6a00c92, group-5D8652A3AABE, 2, (t:0, i:0))
2022-11-04 01:08:08,529 [grpc-default-executor-8] INFO  impl.VoteContext (VoteContext.java:log(48)) - 914271eb-14eb-4bb5-b4be-b6b4d3827766@group-5D8652A3AABE-FOLLOWER: reject ELECTION from 47858208-0de4-46ca-af6a-45b9f6a00c92: our priority 1 > candidate's priority 0
2022-11-04 01:08:08,529 [grpc-default-executor-8] INFO  server.RaftServer$Division (RaftServerImpl.java:setRole(321)) - 914271eb-14eb-4bb5-b4be-b6b4d3827766@group-5D8652A3AABE: changes role from  FOLLOWER to FOLLOWER at term 2 for candidate:47858208-0de4-46ca-af6a-45b9f6a00c92
2022-11-04 01:08:08,529 [grpc-default-executor-8] INFO  impl.RoleInfo (RoleInfo.java:shutdownFollowerState(110)) - 914271eb-14eb-4bb5-b4be-b6b4d3827766: shutdown 914271eb-14eb-4bb5-b4be-b6b4d3827766@group-5D8652A3AABE-FollowerState
2022-11-04 01:08:08,535 [e73ed4bb-a433-4ecd-b93a-d0b4e16433ed@group-5D8652A3AABE-FollowerState] INFO  server.RaftServerConfigKeys (ConfUtils.java:logFallback(53)) - raft.server.rpc.first-election.timeout.min = 5s (fallback to raft.server.rpc.timeout.min)
2022-11-04 01:08:08,535 [e73ed4bb-a433-4ecd-b93a-d0b4e16433ed@group-5D8652A3AABE-FollowerState] INFO  server.RaftServerConfigKeys (ConfUtils.java:logFallback(53)) - raft.server.rpc.first-election.timeout.max = 5200ms (fallback to raft.server.rpc.timeout.max)
2022-11-04 01:08:08,536 [grpc-default-executor-8] INFO  impl.RoleInfo (RoleInfo.java:updateAndGet(139)) - 914271eb-14eb-4bb5-b4be-b6b4d3827766: start 914271eb-14eb-4bb5-b4be-b6b4d3827766@group-5D8652A3AABE-FollowerState
2022-11-04 01:08:08,536 [914271eb-14eb-4bb5-b4be-b6b4d3827766@group-5D8652A3AABE-FollowerState] INFO  impl.FollowerState (FollowerState.java:run(152)) - 914271eb-14eb-4bb5-b4be-b6b4d3827766@group-5D8652A3AABE-FollowerState was interrupted
2022-11-04 01:08:08,537 [grpc-default-executor-4] INFO  server.RaftServer$Division (RaftServerImpl.java:requestVote(1251)) - e73ed4bb-a433-4ecd-b93a-d0b4e16433ed@group-5D8652A3AABE replies to ELECTION vote request: 47858208-0de4-46ca-af6a-45b9f6a00c92<-e73ed4bb-a433-4ecd-b93a-d0b4e16433ed#0:OK-t2. Peer's state: e73ed4bb-a433-4ecd-b93a-d0b4e16433ed@group-5D8652A3AABE:t2, leader=null, voted=47858208-0de4-46ca-af6a-45b9f6a00c92, raftlog=Memoized:e73ed4bb-a433-4ecd-b93a-d0b4e16433ed@group-5D8652A3AABE-SegmentedRaftLog:OPENED:c-1, conf=-1: peers:[47858208-0de4-46ca-af6a-45b9f6a00c92|rpc:10.1.0.17:42645|dataStream:|priority:0|startupRole:FOLLOWER, e73ed4bb-a433-4ecd-b93a-d0b4e16433ed|rpc:10.1.0.17:37481|dataStream:|priority:0|startupRole:FOLLOWER, 914271eb-14eb-4bb5-b4be-b6b4d3827766|rpc:10.1.0.17:40663|dataStream:|priority:1|startupRole:FOLLOWER]|listeners:[], old=null
2022-11-04 01:08:08,544 [914271eb-14eb-4bb5-b4be-b6b4d3827766@group-5D8652A3AABE-FollowerState] INFO  server.RaftServerConfigKeys (ConfUtils.java:logFallback(53)) - raft.server.rpc.first-election.timeout.min = 5s (fallback to raft.server.rpc.timeout.min)
2022-11-04 01:08:08,544 [grpc-default-executor-8] INFO  server.RaftServer$Division (RaftServerImpl.java:requestVote(1251)) - 914271eb-14eb-4bb5-b4be-b6b4d3827766@group-5D8652A3AABE replies to ELECTION vote request: 47858208-0de4-46ca-af6a-45b9f6a00c92<-914271eb-14eb-4bb5-b4be-b6b4d3827766#0:FAIL-t2. Peer's state: 914271eb-14eb-4bb5-b4be-b6b4d3827766@group-5D8652A3AABE:t2, leader=null, voted=null, raftlog=Memoized:914271eb-14eb-4bb5-b4be-b6b4d3827766@group-5D8652A3AABE-SegmentedRaftLog:OPENED:c-1, conf=-1: peers:[47858208-0de4-46ca-af6a-45b9f6a00c92|rpc:10.1.0.17:42645|dataStream:|priority:0|startupRole:FOLLOWER, e73ed4bb-a433-4ecd-b93a-d0b4e16433ed|rpc:10.1.0.17:37481|dataStream:|priority:0|startupRole:FOLLOWER, 914271eb-14eb-4bb5-b4be-b6b4d3827766|rpc:10.1.0.17:40663|dataStream:|priority:1|startupRole:FOLLOWER]|listeners:[], old=null
2022-11-04 01:08:08,545 [47858208-0de4-46ca-af6a-45b9f6a00c92@group-5D8652A3AABE-LeaderElection21] INFO  impl.LeaderElection (LeaderElection.java:logAndReturn(90)) - 47858208-0de4-46ca-af6a-45b9f6a00c92@group-5D8652A3AABE-LeaderElection21: ELECTION REJECTED received 2 response(s) and 0 exception(s):
2022-11-04 01:08:08,545 [47858208-0de4-46ca-af6a-45b9f6a00c92@group-5D8652A3AABE-LeaderElection21] INFO  impl.LeaderElection (LeaderElection.java:logAndReturn(94)) -   Response 0: 47858208-0de4-46ca-af6a-45b9f6a00c92<-e73ed4bb-a433-4ecd-b93a-d0b4e16433ed#0:OK-t2
2022-11-04 01:08:08,545 [47858208-0de4-46ca-af6a-45b9f6a00c92@group-5D8652A3AABE-LeaderElection21] INFO  impl.LeaderElection (LeaderElection.java:logAndReturn(94)) -   Response 1: 47858208-0de4-46ca-af6a-45b9f6a00c92<-914271eb-14eb-4bb5-b4be-b6b4d3827766#0:FAIL-t2
2022-11-04 01:08:08,545 [47858208-0de4-46ca-af6a-45b9f6a00c92@group-5D8652A3AABE-LeaderElection21] INFO  impl.LeaderElection (LeaderElection.java:askForVotes(314)) - 47858208-0de4-46ca-af6a-45b9f6a00c92@group-5D8652A3AABE-LeaderElection21 ELECTION round 0: result REJECTED
2022-11-04 01:08:08,545 [914271eb-14eb-4bb5-b4be-b6b4d3827766@group-5D8652A3AABE-FollowerState] INFO  server.RaftServerConfigKeys (ConfUtils.java:logFallback(53)) - raft.server.rpc.first-election.timeout.max = 5200ms (fallback to raft.server.rpc.timeout.max)
2022-11-04 01:08:08,549 [47858208-0de4-46ca-af6a-45b9f6a00c92@group-5D8652A3AABE-LeaderElection21] INFO  server.RaftServer$Division (RaftServerImpl.java:setRole(321)) - 47858208-0de4-46ca-af6a-45b9f6a00c92@group-5D8652A3AABE: changes role from CANDIDATE to FOLLOWER at term 2 for REJECTED
2022-11-04 01:08:08,549 [47858208-0de4-46ca-af6a-45b9f6a00c92@group-5D8652A3AABE-LeaderElection21] INFO  impl.RoleInfo (RoleInfo.java:shutdownLeaderElection(130)) - 47858208-0de4-46ca-af6a-45b9f6a00c92: shutdown 47858208-0de4-46ca-af6a-45b9f6a00c92@group-5D8652A3AABE-LeaderElection21
2022-11-04 01:08:08,549 [47858208-0de4-46ca-af6a-45b9f6a00c92@group-5D8652A3AABE-LeaderElection21] INFO  impl.RoleInfo (RoleInfo.java:updateAndGet(139)) - 47858208-0de4-46ca-af6a-45b9f6a00c92: start 47858208-0de4-46ca-af6a-45b9f6a00c92@group-5D8652A3AABE-FollowerState
2022-11-04 01:08:08,556 [47858208-0de4-46ca-af6a-45b9f6a00c92@group-5D8652A3AABE-FollowerState] INFO  server.RaftServerConfigKeys (ConfUtils.java:logFallback(53)) - raft.server.rpc.first-election.timeout.min = 5s (fallback to raft.server.rpc.timeout.min)
2022-11-04 01:08:08,556 [47858208-0de4-46ca-af6a-45b9f6a00c92@group-5D8652A3AABE-FollowerState] INFO  server.RaftServerConfigKeys (ConfUtils.java:logFallback(53)) - raft.server.rpc.first-election.timeout.max = 5200ms (fallback to raft.server.rpc.timeout.max)
2022-11-04 01:08:08,571 [grpc-default-executor-8] WARN  server.GrpcLogAppender (LogUtils.java:warn(122)) - b5f0d7ba-78c4-4bfc-9c94-2fc11ccd4fbc@group-67D32E1FD950->70253b25-82f0-4a7c-9412-29622705a2de-AppendLogResponseHandler: Failed appendEntries: org.apache.ratis.thirdparty.io.grpc.StatusRuntimeException: UNAVAILABLE: io exception
2022-11-04 01:08:08,572 [grpc-default-executor-8] WARN  server.GrpcLogAppender (GrpcLogAppender.java:resetClient(131)) - b5f0d7ba-78c4-4bfc-9c94-2fc11ccd4fbc@group-67D32E1FD950->70253b25-82f0-4a7c-9412-29622705a2de-GrpcLogAppender: Leader has not got in touch with Follower b5f0d7ba-78c4-4bfc-9c94-2fc11ccd4fbc@group-67D32E1FD950->70253b25-82f0-4a7c-9412-29622705a2de(c0,m0,n1, attendVote=true, lastRpcSendTime=0, lastRpcResponseTime=6262) yet, just keep nextIndex unchanged and retry.
2022-11-04 01:08:08,572 [grpc-default-executor-4] WARN  server.GrpcLogAppender (LogUtils.java:warn(122)) - b5f0d7ba-78c4-4bfc-9c94-2fc11ccd4fbc@group-67D32E1FD950->70253b25-82f0-4a7c-9412-29622705a2de-AppendLogResponseHandler: Failed appendEntries: org.apache.ratis.thirdparty.io.grpc.StatusRuntimeException: UNAVAILABLE: io exception
2022-11-04 01:08:08,572 [grpc-default-executor-4] WARN  server.GrpcLogAppender (GrpcLogAppender.java:resetClient(131)) - b5f0d7ba-78c4-4bfc-9c94-2fc11ccd4fbc@group-67D32E1FD950->70253b25-82f0-4a7c-9412-29622705a2de-GrpcLogAppender: Leader has not got in touch with Follower b5f0d7ba-78c4-4bfc-9c94-2fc11ccd4fbc@group-67D32E1FD950->70253b25-82f0-4a7c-9412-29622705a2de(c0,m0,n1, attendVote=true, lastRpcSendTime=0, lastRpcResponseTime=6263) yet, just keep nextIndex unchanged and retry.
2022-11-04 01:08:08,884 [Command processor thread] INFO  keyvalue.KeyValueContainer (KeyValueContainer.java:flushAndSyncDB(437)) - Container 1 is synced with bcsId 0.
2022-11-04 01:08:08,885 [Command processor thread] INFO  keyvalue.KeyValueContainer (KeyValueContainer.java:flushAndSyncDB(437)) - Container 1 is synced with bcsId 0.
2022-11-04 01:08:08,899 [Command processor thread] INFO  keyvalue.KeyValueContainer (KeyValueContainer.java:close(352)) - Container 1 is closed with bcsId 0.
2022-11-04 01:08:08,900 [FixedThreadPoolWithAffinityExecutor-0-0] INFO  container.IncrementalContainerReportHandler (AbstractContainerReportHandler.java:updateContainerState(292)) - Moving container #1 to CLOSED state, datanode bc4c196d-1c1a-499c-9b0d-21e75e378ad6{ip: 10.1.0.17, host: fv-az39-323.yumyzuo2tp0ejekjjwodrrku4b.bx.internal.cloudapp.net, ports: [REPLICATION=38243, RATIS=34491, RATIS_ADMIN=34491, RATIS_SERVER=34491, STANDALONE=43559], networkLocation: /default-rack, certSerialId: null, persistedOpState: IN_SERVICE, persistedOpStateExpiryEpochSec: 0} reported CLOSED replica.
2022-11-04 01:08:08,936 [Listener at 127.0.0.1/40125] INFO  replication.ReplicationManager (ReplicationManager.java:stop(273)) - Stopping Replication Monitor Thread.
2022-11-04 01:08:08,937 [Under Replicated Processor] WARN  replication.UnderReplicatedProcessor (UnderReplicatedProcessor.java:run(148)) - Under Replicated Processor interrupted. Exiting...
2022-11-04 01:08:08,938 [ReplicationMonitor] INFO  replication.ReplicationManager (ReplicationManager.java:run(579)) - Replication Monitor Thread is stopped
2022-11-04 01:08:08,938 [Over Replicated Processor] WARN  replication.OverReplicatedProcessor (OverReplicatedProcessor.java:run(137)) - Over Replicated Processor interrupted. Exiting...
2022-11-04 01:08:09,340 [Command processor thread] INFO  keyvalue.KeyValueContainer (KeyValueContainer.java:flushAndSyncDB(437)) - Container 1 is synced with bcsId 0.
2022-11-04 01:08:09,351 [Command processor thread] INFO  keyvalue.KeyValueContainer (KeyValueContainer.java:flushAndSyncDB(437)) - Container 1 is synced with bcsId 0.
2022-11-04 01:08:09,359 [Command processor thread] INFO  keyvalue.KeyValueContainer (KeyValueContainer.java:close(352)) - Container 1 is closed with bcsId 0.
2022-11-04 01:08:09,376 [Command processor thread] INFO  keyvalue.KeyValueContainer (KeyValueContainer.java:flushAndSyncDB(437)) - Container 1 is synced with bcsId 0.
2022-11-04 01:08:09,376 [Command processor thread] INFO  keyvalue.KeyValueContainer (KeyValueContainer.java:flushAndSyncDB(437)) - Container 1 is synced with bcsId 0.
2022-11-04 01:08:09,380 [Command processor thread] INFO  keyvalue.KeyValueContainer (KeyValueContainer.java:close(352)) - Container 1 is closed with bcsId 0.
2022-11-04 01:08:09,483 [bc4c196d-1c1a-499c-9b0d-21e75e378ad6@group-2DB472FABF22-FollowerState] INFO  impl.FollowerState (FollowerState.java:run(143)) - bc4c196d-1c1a-499c-9b0d-21e75e378ad6@group-2DB472FABF22-FollowerState: change to CANDIDATE, lastRpcElapsedTime:5050757557ns, electionTimeout:5049ms
2022-11-04 01:08:09,483 [bc4c196d-1c1a-499c-9b0d-21e75e378ad6@group-2DB472FABF22-FollowerState] INFO  impl.RoleInfo (RoleInfo.java:shutdownFollowerState(110)) - bc4c196d-1c1a-499c-9b0d-21e75e378ad6: shutdown bc4c196d-1c1a-499c-9b0d-21e75e378ad6@group-2DB472FABF22-FollowerState
2022-11-04 01:08:09,483 [bc4c196d-1c1a-499c-9b0d-21e75e378ad6@group-2DB472FABF22-FollowerState] INFO  server.RaftServer$Division (RaftServerImpl.java:setRole(321)) - bc4c196d-1c1a-499c-9b0d-21e75e378ad6@group-2DB472FABF22: changes role from  FOLLOWER to CANDIDATE at term 1 for changeToCandidate
2022-11-04 01:08:09,483 [bc4c196d-1c1a-499c-9b0d-21e75e378ad6@group-2DB472FABF22-FollowerState] INFO  server.RaftServerConfigKeys (ConfUtils.java:logGet(46)) - raft.server.leaderelection.pre-vote = false (custom)
2022-11-04 01:08:09,483 [bc4c196d-1c1a-499c-9b0d-21e75e378ad6@group-2DB472FABF22-FollowerState] INFO  impl.RoleInfo (RoleInfo.java:updateAndGet(139)) - bc4c196d-1c1a-499c-9b0d-21e75e378ad6: start bc4c196d-1c1a-499c-9b0d-21e75e378ad6@group-2DB472FABF22-LeaderElection22
2022-11-04 01:08:09,491 [bc4c196d-1c1a-499c-9b0d-21e75e378ad6@group-2DB472FABF22-LeaderElection22] INFO  impl.LeaderElection (LeaderElection.java:askForVotes(312)) - bc4c196d-1c1a-499c-9b0d-21e75e378ad6@group-2DB472FABF22-LeaderElection22 ELECTION round 0: submit vote requests at term 2 for -1: peers:[6480c095-e652-434b-9207-ee2ed1cf0924|rpc:10.1.0.17:36831|dataStream:|priority:0|startupRole:FOLLOWER, dc492f9b-31c5-46a5-b048-fde4f7a6d732|rpc:10.1.0.17:39685|dataStream:|priority:0|startupRole:FOLLOWER, bc4c196d-1c1a-499c-9b0d-21e75e378ad6|rpc:10.1.0.17:34491|dataStream:|priority:1|startupRole:FOLLOWER]|listeners:[], old=null
2022-11-04 01:08:09,492 [bc4c196d-1c1a-499c-9b0d-21e75e378ad6@group-2DB472FABF22-LeaderElection22-1] INFO  server.GrpcServerProtocolClient (GrpcServerProtocolClient.java:<init>(63)) - Build channel for 6480c095-e652-434b-9207-ee2ed1cf0924
2022-11-04 01:08:09,512 [grpc-default-executor-4] INFO  server.RaftServer$Division (RaftServerImpl.java:requestVote(1218)) - 6480c095-e652-434b-9207-ee2ed1cf0924@group-2DB472FABF22: receive requestVote(ELECTION, bc4c196d-1c1a-499c-9b0d-21e75e378ad6, group-2DB472FABF22, 2, (t:0, i:0))
2022-11-04 01:08:09,513 [grpc-default-executor-4] INFO  impl.VoteContext (VoteContext.java:log(48)) - 6480c095-e652-434b-9207-ee2ed1cf0924@group-2DB472FABF22-FOLLOWER: accept ELECTION from bc4c196d-1c1a-499c-9b0d-21e75e378ad6: our priority 0 <= candidate's priority 1
2022-11-04 01:08:09,513 [grpc-default-executor-4] INFO  server.RaftServer$Division (RaftServerImpl.java:setRole(321)) - 6480c095-e652-434b-9207-ee2ed1cf0924@group-2DB472FABF22: changes role from  FOLLOWER to FOLLOWER at term 2 for candidate:bc4c196d-1c1a-499c-9b0d-21e75e378ad6
2022-11-04 01:08:09,513 [grpc-default-executor-4] INFO  impl.RoleInfo (RoleInfo.java:shutdownFollowerState(110)) - 6480c095-e652-434b-9207-ee2ed1cf0924: shutdown 6480c095-e652-434b-9207-ee2ed1cf0924@group-2DB472FABF22-FollowerState
2022-11-04 01:08:09,520 [grpc-default-executor-4] INFO  impl.RoleInfo (RoleInfo.java:updateAndGet(139)) - 6480c095-e652-434b-9207-ee2ed1cf0924: start 6480c095-e652-434b-9207-ee2ed1cf0924@group-2DB472FABF22-FollowerState
2022-11-04 01:08:09,520 [6480c095-e652-434b-9207-ee2ed1cf0924@group-2DB472FABF22-FollowerState] INFO  impl.FollowerState (FollowerState.java:run(152)) - 6480c095-e652-434b-9207-ee2ed1cf0924@group-2DB472FABF22-FollowerState was interrupted
2022-11-04 01:08:09,520 [dc492f9b-31c5-46a5-b048-fde4f7a6d732@group-2DB472FABF22-FollowerState] INFO  impl.FollowerState (FollowerState.java:run(143)) - dc492f9b-31c5-46a5-b048-fde4f7a6d732@group-2DB472FABF22-FollowerState: change to CANDIDATE, lastRpcElapsedTime:5139851999ns, electionTimeout:5134ms
2022-11-04 01:08:09,520 [dc492f9b-31c5-46a5-b048-fde4f7a6d732@group-2DB472FABF22-FollowerState] INFO  impl.RoleInfo (RoleInfo.java:shutdownFollowerState(110)) - dc492f9b-31c5-46a5-b048-fde4f7a6d732: shutdown dc492f9b-31c5-46a5-b048-fde4f7a6d732@group-2DB472FABF22-FollowerState
2022-11-04 01:08:09,520 [dc492f9b-31c5-46a5-b048-fde4f7a6d732@group-2DB472FABF22-FollowerState] INFO  server.RaftServer$Division (RaftServerImpl.java:setRole(321)) - dc492f9b-31c5-46a5-b048-fde4f7a6d732@group-2DB472FABF22: changes role from  FOLLOWER to CANDIDATE at term 1 for changeToCandidate
2022-11-04 01:08:09,520 [bc4c196d-1c1a-499c-9b0d-21e75e378ad6@group-2DB472FABF22-LeaderElection22] INFO  server.RaftServerConfigKeys (ConfUtils.java:logFallback(53)) - raft.server.rpc.first-election.timeout.min = 5s (fallback to raft.server.rpc.timeout.min)
2022-11-04 01:08:09,520 [bc4c196d-1c1a-499c-9b0d-21e75e378ad6@group-2DB472FABF22-LeaderElection22] INFO  server.RaftServerConfigKeys (ConfUtils.java:logFallback(53)) - raft.server.rpc.first-election.timeout.max = 5200ms (fallback to raft.server.rpc.timeout.max)
2022-11-04 01:08:09,521 [6480c095-e652-434b-9207-ee2ed1cf0924@group-2DB472FABF22-FollowerState] INFO  server.RaftServerConfigKeys (ConfUtils.java:logFallback(53)) - raft.server.rpc.first-election.timeout.min = 5s (fallback to raft.server.rpc.timeout.min)
2022-11-04 01:08:09,521 [6480c095-e652-434b-9207-ee2ed1cf0924@group-2DB472FABF22-FollowerState] INFO  server.RaftServerConfigKeys (ConfUtils.java:logFallback(53)) - raft.server.rpc.first-election.timeout.max = 5200ms (fallback to raft.server.rpc.timeout.max)
2022-11-04 01:08:09,522 [grpc-default-executor-4] INFO  server.RaftServer$Division (RaftServerImpl.java:requestVote(1251)) - 6480c095-e652-434b-9207-ee2ed1cf0924@group-2DB472FABF22 replies to ELECTION vote request: bc4c196d-1c1a-499c-9b0d-21e75e378ad6<-6480c095-e652-434b-9207-ee2ed1cf0924#0:OK-t2. Peer's state: 6480c095-e652-434b-9207-ee2ed1cf0924@group-2DB472FABF22:t2, leader=null, voted=bc4c196d-1c1a-499c-9b0d-21e75e378ad6, raftlog=Memoized:6480c095-e652-434b-9207-ee2ed1cf0924@group-2DB472FABF22-SegmentedRaftLog:OPENED:c-1, conf=-1: peers:[6480c095-e652-434b-9207-ee2ed1cf0924|rpc:10.1.0.17:36831|dataStream:|priority:0|startupRole:FOLLOWER, dc492f9b-31c5-46a5-b048-fde4f7a6d732|rpc:10.1.0.17:39685|dataStream:|priority:0|startupRole:FOLLOWER, bc4c196d-1c1a-499c-9b0d-21e75e378ad6|rpc:10.1.0.17:34491|dataStream:|priority:1|startupRole:FOLLOWER]|listeners:[], old=null
2022-11-04 01:08:09,523 [bc4c196d-1c1a-499c-9b0d-21e75e378ad6@group-2DB472FABF22-LeaderElection22] INFO  impl.LeaderElection (LeaderElection.java:logAndReturn(90)) - bc4c196d-1c1a-499c-9b0d-21e75e378ad6@group-2DB472FABF22-LeaderElection22: ELECTION PASSED received 1 response(s) and 0 exception(s):
2022-11-04 01:08:09,523 [bc4c196d-1c1a-499c-9b0d-21e75e378ad6@group-2DB472FABF22-LeaderElection22] INFO  impl.LeaderElection (LeaderElection.java:logAndReturn(94)) -   Response 0: bc4c196d-1c1a-499c-9b0d-21e75e378ad6<-6480c095-e652-434b-9207-ee2ed1cf0924#0:OK-t2
2022-11-04 01:08:09,523 [bc4c196d-1c1a-499c-9b0d-21e75e378ad6@group-2DB472FABF22-LeaderElection22] INFO  impl.LeaderElection (LeaderElection.java:askForVotes(314)) - bc4c196d-1c1a-499c-9b0d-21e75e378ad6@group-2DB472FABF22-LeaderElection22 ELECTION round 0: result PASSED
2022-11-04 01:08:09,523 [bc4c196d-1c1a-499c-9b0d-21e75e378ad6@group-2DB472FABF22-LeaderElection22] INFO  impl.RoleInfo (RoleInfo.java:shutdownLeaderElection(130)) - bc4c196d-1c1a-499c-9b0d-21e75e378ad6: shutdown bc4c196d-1c1a-499c-9b0d-21e75e378ad6@group-2DB472FABF22-LeaderElection22
2022-11-04 01:08:09,523 [bc4c196d-1c1a-499c-9b0d-21e75e378ad6@group-2DB472FABF22-LeaderElection22] INFO  server.RaftServer$Division (RaftServerImpl.java:setRole(321)) - bc4c196d-1c1a-499c-9b0d-21e75e378ad6@group-2DB472FABF22: changes role from CANDIDATE to LEADER at term 2 for changeToLeader
2022-11-04 01:08:09,523 [bc4c196d-1c1a-499c-9b0d-21e75e378ad6@group-2DB472FABF22-LeaderElection22-2] INFO  server.GrpcServerProtocolClient (GrpcServerProtocolClient.java:<init>(63)) - Build channel for dc492f9b-31c5-46a5-b048-fde4f7a6d732
2022-11-04 01:08:09,523 [bc4c196d-1c1a-499c-9b0d-21e75e378ad6@group-2DB472FABF22-LeaderElection22] INFO  ratis.XceiverServerRatis (XceiverServerRatis.java:handleLeaderChangedNotification(863)) - Leader change notification received for group: group-2DB472FABF22 with new leaderId: bc4c196d-1c1a-499c-9b0d-21e75e378ad6
2022-11-04 01:08:09,524 [bc4c196d-1c1a-499c-9b0d-21e75e378ad6@group-2DB472FABF22-LeaderElection22] INFO  server.RaftServer$Division (ServerState.java:setLeader(313)) - bc4c196d-1c1a-499c-9b0d-21e75e378ad6@group-2DB472FABF22: change Leader from null to bc4c196d-1c1a-499c-9b0d-21e75e378ad6 at term 2 for becomeLeader, leader elected after 10227ms
2022-11-04 01:08:09,524 [bc4c196d-1c1a-499c-9b0d-21e75e378ad6@group-2DB472FABF22-LeaderElection22] INFO  server.RaftServerConfigKeys (ConfUtils.java:logGet(46)) - raft.server.staging.catchup.gap = 1000 (default)
2022-11-04 01:08:09,524 [bc4c196d-1c1a-499c-9b0d-21e75e378ad6@group-2DB472FABF22-LeaderElection22] INFO  server.RaftServerConfigKeys (ConfUtils.java:logGet(46)) - raft.server.write.element-limit = 1024 (custom)
2022-11-04 01:08:09,524 [bc4c196d-1c1a-499c-9b0d-21e75e378ad6@group-2DB472FABF22-LeaderElection22] INFO  server.RaftServerConfigKeys (ConfUtils.java:logGet(46)) - raft.server.write.byte-limit = 1024 M (=1073741824) (custom)
2022-11-04 01:08:09,524 [bc4c196d-1c1a-499c-9b0d-21e75e378ad6@group-2DB472FABF22-LeaderElection22] INFO  server.RaftServerConfigKeys (ConfUtils.java:logGet(46)) - raft.server.watch.timeout = 180s (custom)
2022-11-04 01:08:09,524 [bc4c196d-1c1a-499c-9b0d-21e75e378ad6@group-2DB472FABF22-LeaderElection22] INFO  server.RaftServerConfigKeys (ConfUtils.java:logGet(46)) - raft.server.watch.timeout.denomination = 1s (default)
2022-11-04 01:08:09,524 [bc4c196d-1c1a-499c-9b0d-21e75e378ad6@group-2DB472FABF22-LeaderElection22] INFO  server.RaftServerConfigKeys (ConfUtils.java:logGet(46)) - raft.server.watch.element-limit = 65536 (default)
2022-11-04 01:08:09,524 [bc4c196d-1c1a-499c-9b0d-21e75e378ad6@group-2DB472FABF22-LeaderElection22] INFO  server.RaftServerConfigKeys (ConfUtils.java:logGet(46)) - raft.server.write.element-limit = 1024 (custom)
2022-11-04 01:08:09,524 [bc4c196d-1c1a-499c-9b0d-21e75e378ad6@group-2DB472FABF22-LeaderElection22] INFO  server.RaftServerConfigKeys (ConfUtils.java:logGet(46)) - raft.server.write.follower.gap.ratio.max = -1.0 (default)
2022-11-04 01:08:09,525 [bc4c196d-1c1a-499c-9b0d-21e75e378ad6@group-2DB472FABF22-LeaderElection22] INFO  server.RaftServerConfigKeys (ConfUtils.java:logGet(46)) - raft.server.log.appender.snapshot.chunk.size.max = 16MB (=16777216) (default)
2022-11-04 01:08:09,525 [bc4c196d-1c1a-499c-9b0d-21e75e378ad6@group-2DB472FABF22-LeaderElection22] INFO  server.RaftServerConfigKeys (ConfUtils.java:logGet(46)) - raft.server.log.appender.buffer.byte-limit = 33554432 (custom)
2022-11-04 01:08:09,525 [bc4c196d-1c1a-499c-9b0d-21e75e378ad6@group-2DB472FABF22-LeaderElection22] INFO  server.RaftServerConfigKeys (ConfUtils.java:logGet(46)) - raft.server.log.appender.buffer.element-limit = 1 (custom)
2022-11-04 01:08:09,525 [bc4c196d-1c1a-499c-9b0d-21e75e378ad6@group-2DB472FABF22-LeaderElection22] INFO  grpc.GrpcConfigKeys (ConfUtils.java:logGet(46)) - raft.grpc.server.leader.outstanding.appends.max = 128 (default)
2022-11-04 01:08:09,525 [bc4c196d-1c1a-499c-9b0d-21e75e378ad6@group-2DB472FABF22-LeaderElection22] INFO  server.RaftServerConfigKeys (ConfUtils.java:logGet(46)) - raft.server.rpc.request.timeout = 60s (custom)
2022-11-04 01:08:09,525 [bc4c196d-1c1a-499c-9b0d-21e75e378ad6@group-2DB472FABF22-LeaderElection22] INFO  server.RaftServerConfigKeys (ConfUtils.java:logGet(46)) - raft.server.log.appender.install.snapshot.enabled = false (custom)
2022-11-04 01:08:09,525 [bc4c196d-1c1a-499c-9b0d-21e75e378ad6@group-2DB472FABF22-LeaderElection22] INFO  grpc.GrpcConfigKeys (ConfUtils.java:logGet(46)) - raft.grpc.server.heartbeat.channel = true (default)
2022-11-04 01:08:09,525 [bc4c196d-1c1a-499c-9b0d-21e75e378ad6@group-2DB472FABF22-LeaderElection22] INFO  server.RaftServerConfigKeys (ConfUtils.java:logGet(46)) - raft.server.log.appender.wait-time.min = 10ms (default)
2022-11-04 01:08:09,526 [bc4c196d-1c1a-499c-9b0d-21e75e378ad6@group-2DB472FABF22-LeaderElection22] INFO  server.RaftServerConfigKeys (ConfUtils.java:logGet(46)) - raft.server.log.appender.snapshot.chunk.size.max = 16MB (=16777216) (default)
2022-11-04 01:08:09,526 [bc4c196d-1c1a-499c-9b0d-21e75e378ad6@group-2DB472FABF22-LeaderElection22] INFO  server.RaftServerConfigKeys (ConfUtils.java:logGet(46)) - raft.server.log.appender.buffer.byte-limit = 33554432 (custom)
2022-11-04 01:08:09,526 [bc4c196d-1c1a-499c-9b0d-21e75e378ad6@group-2DB472FABF22-LeaderElection22] INFO  server.RaftServerConfigKeys (ConfUtils.java:logGet(46)) - raft.server.log.appender.buffer.element-limit = 1 (custom)
2022-11-04 01:08:09,526 [bc4c196d-1c1a-499c-9b0d-21e75e378ad6@group-2DB472FABF22-LeaderElection22] INFO  grpc.GrpcConfigKeys (ConfUtils.java:logGet(46)) - raft.grpc.server.leader.outstanding.appends.max = 128 (default)
2022-11-04 01:08:09,526 [bc4c196d-1c1a-499c-9b0d-21e75e378ad6@group-2DB472FABF22-LeaderElection22] INFO  server.RaftServerConfigKeys (ConfUtils.java:logGet(46)) - raft.server.rpc.request.timeout = 60s (custom)
2022-11-04 01:08:09,526 [bc4c196d-1c1a-499c-9b0d-21e75e378ad6@group-2DB472FABF22-LeaderElection22] INFO  server.RaftServerConfigKeys (ConfUtils.java:logGet(46)) - raft.server.log.appender.install.snapshot.enabled = false (custom)
2022-11-04 01:08:09,526 [bc4c196d-1c1a-499c-9b0d-21e75e378ad6@group-2DB472FABF22-LeaderElection22] INFO  grpc.GrpcConfigKeys (ConfUtils.java:logGet(46)) - raft.grpc.server.heartbeat.channel = true (default)
2022-11-04 01:08:09,526 [bc4c196d-1c1a-499c-9b0d-21e75e378ad6@group-2DB472FABF22-LeaderElection22] INFO  server.RaftServerConfigKeys (ConfUtils.java:logGet(46)) - raft.server.log.appender.wait-time.min = 10ms (default)
2022-11-04 01:08:09,526 [bc4c196d-1c1a-499c-9b0d-21e75e378ad6@group-2DB472FABF22-LeaderElection22] INFO  impl.RoleInfo (RoleInfo.java:updateAndGet(139)) - bc4c196d-1c1a-499c-9b0d-21e75e378ad6: start bc4c196d-1c1a-499c-9b0d-21e75e378ad6@group-2DB472FABF22-LeaderStateImpl
2022-11-04 01:08:09,526 [bc4c196d-1c1a-499c-9b0d-21e75e378ad6@group-2DB472FABF22-LeaderElection22] INFO  segmented.SegmentedRaftLogWorker (SegmentedRaftLogWorker.java:startLogSegment(452)) - bc4c196d-1c1a-499c-9b0d-21e75e378ad6@group-2DB472FABF22-SegmentedRaftLogWorker: Starting segment from index:0
2022-11-04 01:08:09,532 [EventQueue-PipelineReportForPipelineReportHandler] INFO  pipeline.PipelineManagerImpl (PipelineManagerImpl.java:openPipeline(367)) - Pipeline Pipeline[ Id: 003b74d8-a15e-41e3-84cc-2db472fabf22, Nodes: 6480c095-e652-434b-9207-ee2ed1cf0924{ip: 10.1.0.17, host: fv-az39-323.yumyzuo2tp0ejekjjwodrrku4b.bx.internal.cloudapp.net, ports: [REPLICATION=37999, RATIS=36831, RATIS_ADMIN=36831, RATIS_SERVER=36831, STANDALONE=37991], networkLocation: /default-rack, certSerialId: null, persistedOpState: IN_SERVICE, persistedOpStateExpiryEpochSec: 0}bc4c196d-1c1a-499c-9b0d-21e75e378ad6{ip: 10.1.0.17, host: fv-az39-323.yumyzuo2tp0ejekjjwodrrku4b.bx.internal.cloudapp.net, ports: [REPLICATION=38243, RATIS=34491, RATIS_ADMIN=34491, RATIS_SERVER=34491, STANDALONE=43559], networkLocation: /default-rack, certSerialId: null, persistedOpState: IN_SERVICE, persistedOpStateExpiryEpochSec: 0}dc492f9b-31c5-46a5-b048-fde4f7a6d732{ip: 10.1.0.17, host: fv-az39-323.yumyzuo2tp0ejekjjwodrrku4b.bx.internal.cloudapp.net, ports: [REPLICATION=35247, RATIS=39685, RATIS_ADMIN=39685, RATIS_SERVER=39685, STANDALONE=44189], networkLocation: /default-rack, certSerialId: null, persistedOpState: IN_SERVICE, persistedOpStateExpiryEpochSec: 0}, ReplicationConfig: RATIS/THREE, State:ALLOCATED, leaderId:bc4c196d-1c1a-499c-9b0d-21e75e378ad6, CreationTimestamp2022-11-04T01:07:56.769Z[Etc/UTC]] moved to OPEN state
2022-11-04 01:08:09,533 [bc4c196d-1c1a-499c-9b0d-21e75e378ad6@group-2DB472FABF22-LeaderElection22] INFO  server.RaftServer$Division (ServerState.java:setRaftConf(430)) - bc4c196d-1c1a-499c-9b0d-21e75e378ad6@group-2DB472FABF22: set configuration 0: peers:[6480c095-e652-434b-9207-ee2ed1cf0924|rpc:10.1.0.17:36831|dataStream:|priority:0|startupRole:FOLLOWER, dc492f9b-31c5-46a5-b048-fde4f7a6d732|rpc:10.1.0.17:39685|dataStream:|priority:0|startupRole:FOLLOWER, bc4c196d-1c1a-499c-9b0d-21e75e378ad6|rpc:10.1.0.17:34491|dataStream:|priority:1|startupRole:FOLLOWER]|listeners:[], old=null
2022-11-04 01:08:09,539 [dc492f9b-31c5-46a5-b048-fde4f7a6d732@group-2DB472FABF22-FollowerState] INFO  server.RaftServerConfigKeys (ConfUtils.java:logGet(46)) - raft.server.leaderelection.pre-vote = false (custom)
2022-11-04 01:08:09,539 [dc492f9b-31c5-46a5-b048-fde4f7a6d732@group-2DB472FABF22-FollowerState] INFO  impl.RoleInfo (RoleInfo.java:updateAndGet(139)) - dc492f9b-31c5-46a5-b048-fde4f7a6d732: start dc492f9b-31c5-46a5-b048-fde4f7a6d732@group-2DB472FABF22-LeaderElection23
2022-11-04 01:08:09,544 [bc4c196d-1c1a-499c-9b0d-21e75e378ad6@group-2DB472FABF22-SegmentedRaftLogWorker] INFO  segmented.SegmentedRaftLogWorker (SegmentedRaftLogWorker.java:execute(656)) - bc4c196d-1c1a-499c-9b0d-21e75e378ad6@group-2DB472FABF22-SegmentedRaftLogWorker: created new log segment /home/runner/work/ozone/ozone/hadoop-ozone/integration-test/target/test-dir/MiniOzoneClusterImpl-e654cb93-8a46-4732-947e-f27e0a8f69eb/datanode-8/data/ratis/003b74d8-a15e-41e3-84cc-2db472fabf22/current/log_inprogress_0
2022-11-04 01:08:09,545 [grpc-default-executor-4] INFO  server.RaftServer$Division (RaftServerImpl.java:requestVote(1218)) - dc492f9b-31c5-46a5-b048-fde4f7a6d732@group-2DB472FABF22: receive requestVote(ELECTION, bc4c196d-1c1a-499c-9b0d-21e75e378ad6, group-2DB472FABF22, 2, (t:0, i:0))
2022-11-04 01:08:09,551 [grpc-default-executor-4] INFO  impl.VoteContext (VoteContext.java:log(48)) - dc492f9b-31c5-46a5-b048-fde4f7a6d732@group-2DB472FABF22-CANDIDATE: accept ELECTION from bc4c196d-1c1a-499c-9b0d-21e75e378ad6: our priority 0 <= candidate's priority 1
2022-11-04 01:08:09,551 [grpc-default-executor-4] INFO  server.RaftServer$Division (RaftServerImpl.java:setRole(321)) - dc492f9b-31c5-46a5-b048-fde4f7a6d732@group-2DB472FABF22: changes role from CANDIDATE to FOLLOWER at term 2 for candidate:bc4c196d-1c1a-499c-9b0d-21e75e378ad6
2022-11-04 01:08:09,551 [grpc-default-executor-4] INFO  impl.RoleInfo (RoleInfo.java:shutdownLeaderElection(130)) - dc492f9b-31c5-46a5-b048-fde4f7a6d732: shutdown dc492f9b-31c5-46a5-b048-fde4f7a6d732@group-2DB472FABF22-LeaderElection23
2022-11-04 01:08:09,551 [grpc-default-executor-4] INFO  impl.RoleInfo (RoleInfo.java:updateAndGet(139)) - dc492f9b-31c5-46a5-b048-fde4f7a6d732: start dc492f9b-31c5-46a5-b048-fde4f7a6d732@group-2DB472FABF22-FollowerState
2022-11-04 01:08:09,552 [dc492f9b-31c5-46a5-b048-fde4f7a6d732@group-2DB472FABF22-LeaderElection23] INFO  impl.LeaderElection (LeaderElection.java:run(233)) - dc492f9b-31c5-46a5-b048-fde4f7a6d732@group-2DB472FABF22-LeaderElection23: skip running since this is already CLOSING
2022-11-04 01:08:09,565 [grpc-default-executor-4] INFO  server.RaftServer$Division (RaftServerImpl.java:requestVote(1251)) - dc492f9b-31c5-46a5-b048-fde4f7a6d732@group-2DB472FABF22 replies to ELECTION vote request: bc4c196d-1c1a-499c-9b0d-21e75e378ad6<-dc492f9b-31c5-46a5-b048-fde4f7a6d732#0:OK-t2. Peer's state: dc492f9b-31c5-46a5-b048-fde4f7a6d732@group-2DB472FABF22:t2, leader=null, voted=bc4c196d-1c1a-499c-9b0d-21e75e378ad6, raftlog=Memoized:dc492f9b-31c5-46a5-b048-fde4f7a6d732@group-2DB472FABF22-SegmentedRaftLog:OPENED:c-1, conf=-1: peers:[6480c095-e652-434b-9207-ee2ed1cf0924|rpc:10.1.0.17:36831|priority:0|startupRole:FOLLOWER, dc492f9b-31c5-46a5-b048-fde4f7a6d732|rpc:10.1.0.17:39685|priority:0|startupRole:FOLLOWER, bc4c196d-1c1a-499c-9b0d-21e75e378ad6|rpc:10.1.0.17:34491|priority:1|startupRole:FOLLOWER]|listeners:[], old=null
2022-11-04 01:08:09,566 [dc492f9b-31c5-46a5-b048-fde4f7a6d732@group-2DB472FABF22-FollowerState] INFO  server.RaftServerConfigKeys (ConfUtils.java:logFallback(53)) - raft.server.rpc.first-election.timeout.min = 5s (fallback to raft.server.rpc.timeout.min)
2022-11-04 01:08:09,566 [dc492f9b-31c5-46a5-b048-fde4f7a6d732@group-2DB472FABF22-FollowerState] INFO  server.RaftServerConfigKeys (ConfUtils.java:logFallback(53)) - raft.server.rpc.first-election.timeout.max = 5200ms (fallback to raft.server.rpc.timeout.max)
2022-11-04 01:08:09,576 [6480c095-e652-434b-9207-ee2ed1cf0924-server-thread1] INFO  ratis.XceiverServerRatis (XceiverServerRatis.java:handleLeaderChangedNotification(863)) - Leader change notification received for group: group-2DB472FABF22 with new leaderId: bc4c196d-1c1a-499c-9b0d-21e75e378ad6
2022-11-04 01:08:09,576 [6480c095-e652-434b-9207-ee2ed1cf0924-server-thread1] INFO  server.RaftServer$Division (ServerState.java:setLeader(313)) - 6480c095-e652-434b-9207-ee2ed1cf0924@group-2DB472FABF22: change Leader from null to bc4c196d-1c1a-499c-9b0d-21e75e378ad6 at term 2 for appendEntries, leader elected after 10309ms
2022-11-04 01:08:09,580 [6480c095-e652-434b-9207-ee2ed1cf0924-server-thread2] INFO  server.RaftServer$Division (ServerState.java:setRaftConf(430)) - 6480c095-e652-434b-9207-ee2ed1cf0924@group-2DB472FABF22: set configuration 0: peers:[6480c095-e652-434b-9207-ee2ed1cf0924|rpc:10.1.0.17:36831|dataStream:|priority:0|startupRole:FOLLOWER, dc492f9b-31c5-46a5-b048-fde4f7a6d732|rpc:10.1.0.17:39685|dataStream:|priority:0|startupRole:FOLLOWER, bc4c196d-1c1a-499c-9b0d-21e75e378ad6|rpc:10.1.0.17:34491|dataStream:|priority:1|startupRole:FOLLOWER]|listeners:[], old=null
2022-11-04 01:08:09,581 [6480c095-e652-434b-9207-ee2ed1cf0924-server-thread2] INFO  segmented.SegmentedRaftLogWorker (SegmentedRaftLogWorker.java:startLogSegment(452)) - 6480c095-e652-434b-9207-ee2ed1cf0924@group-2DB472FABF22-SegmentedRaftLogWorker: Starting segment from index:0
2022-11-04 01:08:09,582 [dc492f9b-31c5-46a5-b048-fde4f7a6d732-server-thread1] INFO  ratis.XceiverServerRatis (XceiverServerRatis.java:handleLeaderChangedNotification(863)) - Leader change notification received for group: group-2DB472FABF22 with new leaderId: bc4c196d-1c1a-499c-9b0d-21e75e378ad6
2022-11-04 01:08:09,582 [dc492f9b-31c5-46a5-b048-fde4f7a6d732-server-thread1] INFO  server.RaftServer$Division (ServerState.java:setLeader(313)) - dc492f9b-31c5-46a5-b048-fde4f7a6d732@group-2DB472FABF22: change Leader from null to bc4c196d-1c1a-499c-9b0d-21e75e378ad6 at term 2 for appendEntries, leader elected after 10343ms
2022-11-04 01:08:09,582 [dc492f9b-31c5-46a5-b048-fde4f7a6d732-server-thread1] INFO  server.RaftServer$Division (ServerState.java:setRaftConf(430)) - dc492f9b-31c5-46a5-b048-fde4f7a6d732@group-2DB472FABF22: set configuration 0: peers:[6480c095-e652-434b-9207-ee2ed1cf0924|rpc:10.1.0.17:36831|dataStream:|priority:0|startupRole:FOLLOWER, dc492f9b-31c5-46a5-b048-fde4f7a6d732|rpc:10.1.0.17:39685|dataStream:|priority:0|startupRole:FOLLOWER, bc4c196d-1c1a-499c-9b0d-21e75e378ad6|rpc:10.1.0.17:34491|dataStream:|priority:1|startupRole:FOLLOWER]|listeners:[], old=null
2022-11-04 01:08:09,582 [dc492f9b-31c5-46a5-b048-fde4f7a6d732-server-thread1] INFO  segmented.SegmentedRaftLogWorker (SegmentedRaftLogWorker.java:startLogSegment(452)) - dc492f9b-31c5-46a5-b048-fde4f7a6d732@group-2DB472FABF22-SegmentedRaftLogWorker: Starting segment from index:0
2022-11-04 01:08:09,592 [6480c095-e652-434b-9207-ee2ed1cf0924@group-2DB472FABF22-SegmentedRaftLogWorker] INFO  segmented.SegmentedRaftLogWorker (SegmentedRaftLogWorker.java:execute(656)) - 6480c095-e652-434b-9207-ee2ed1cf0924@group-2DB472FABF22-SegmentedRaftLogWorker: created new log segment /home/runner/work/ozone/ozone/hadoop-ozone/integration-test/target/test-dir/MiniOzoneClusterImpl-e654cb93-8a46-4732-947e-f27e0a8f69eb/datanode-7/data/ratis/003b74d8-a15e-41e3-84cc-2db472fabf22/current/log_inprogress_0
2022-11-04 01:08:09,593 [dc492f9b-31c5-46a5-b048-fde4f7a6d732@group-2DB472FABF22-SegmentedRaftLogWorker] INFO  segmented.SegmentedRaftLogWorker (SegmentedRaftLogWorker.java:execute(656)) - dc492f9b-31c5-46a5-b048-fde4f7a6d732@group-2DB472FABF22-SegmentedRaftLogWorker: created new log segment /home/runner/work/ozone/ozone/hadoop-ozone/integration-test/target/test-dir/MiniOzoneClusterImpl-e654cb93-8a46-4732-947e-f27e0a8f69eb/datanode-6/data/ratis/003b74d8-a15e-41e3-84cc-2db472fabf22/current/log_inprogress_0
2022-11-04 01:08:09,822 [grpc-default-executor-2] WARN  server.GrpcLogAppender (LogUtils.java:warn(122)) - b5f0d7ba-78c4-4bfc-9c94-2fc11ccd4fbc@group-67D32E1FD950->70253b25-82f0-4a7c-9412-29622705a2de-AppendLogResponseHandler: Failed appendEntries: org.apache.ratis.thirdparty.io.grpc.StatusRuntimeException: UNAVAILABLE: io exception
2022-11-04 01:08:09,822 [grpc-default-executor-2] WARN  server.GrpcLogAppender (GrpcLogAppender.java:resetClient(131)) - b5f0d7ba-78c4-4bfc-9c94-2fc11ccd4fbc@group-67D32E1FD950->70253b25-82f0-4a7c-9412-29622705a2de-GrpcLogAppender: Leader has not got in touch with Follower b5f0d7ba-78c4-4bfc-9c94-2fc11ccd4fbc@group-67D32E1FD950->70253b25-82f0-4a7c-9412-29622705a2de(c0,m0,n1, attendVote=true, lastRpcSendTime=0, lastRpcResponseTime=7513) yet, just keep nextIndex unchanged and retry.
2022-11-04 01:08:09,822 [grpc-default-executor-8] WARN  server.GrpcLogAppender (LogUtils.java:warn(122)) - b5f0d7ba-78c4-4bfc-9c94-2fc11ccd4fbc@group-67D32E1FD950->70253b25-82f0-4a7c-9412-29622705a2de-AppendLogResponseHandler: Failed appendEntries: org.apache.ratis.thirdparty.io.grpc.StatusRuntimeException: UNAVAILABLE: io exception
2022-11-04 01:08:09,824 [grpc-default-executor-8] WARN  server.GrpcLogAppender (GrpcLogAppender.java:resetClient(131)) - b5f0d7ba-78c4-4bfc-9c94-2fc11ccd4fbc@group-67D32E1FD950->70253b25-82f0-4a7c-9412-29622705a2de-GrpcLogAppender: Leader has not got in touch with Follower b5f0d7ba-78c4-4bfc-9c94-2fc11ccd4fbc@group-67D32E1FD950->70253b25-82f0-4a7c-9412-29622705a2de(c0,m0,n1, attendVote=true, lastRpcSendTime=1, lastRpcResponseTime=7514) yet, just keep nextIndex unchanged and retry.
2022-11-04 01:08:10,308 [EventQueue-DeadNodeForDeadNodeHandler] INFO  node.DeadNodeHandler (DeadNodeHandler.java:onMessage(81)) - A dead datanode is detected. 70253b25-82f0-4a7c-9412-29622705a2de{ip: 10.1.0.17, host: fv-az39-323.yumyzuo2tp0ejekjjwodrrku4b.bx.internal.cloudapp.net, ports: [REPLICATION=46293, RATIS=37713, RATIS_ADMIN=37713, RATIS_SERVER=37713, STANDALONE=37085], networkLocation: /default-rack, certSerialId: null, persistedOpState: IN_SERVICE, persistedOpStateExpiryEpochSec: 0}
2022-11-04 01:08:10,309 [EventQueue-DeadNodeForDeadNodeHandler] INFO  pipeline.RatisPipelineProvider (RatisPipelineProvider.java:lambda$close$1(244)) - Send pipeline:PipelineID=d7507172-1e8f-403b-90af-67d32e1fd950 close command to datanode 9ad6c772-b583-49da-9dda-46d51a9db348
2022-11-04 01:08:10,309 [EventQueue-DeadNodeForDeadNodeHandler] INFO  pipeline.RatisPipelineProvider (RatisPipelineProvider.java:lambda$close$1(244)) - Send pipeline:PipelineID=d7507172-1e8f-403b-90af-67d32e1fd950 close command to datanode b5f0d7ba-78c4-4bfc-9c94-2fc11ccd4fbc
2022-11-04 01:08:10,309 [EventQueue-DeadNodeForDeadNodeHandler] INFO  pipeline.RatisPipelineProvider (RatisPipelineProvider.java:lambda$close$1(244)) - Send pipeline:PipelineID=d7507172-1e8f-403b-90af-67d32e1fd950 close command to datanode 70253b25-82f0-4a7c-9412-29622705a2de
2022-11-04 01:08:10,312 [EventQueue-DeadNodeForDeadNodeHandler] INFO  pipeline.PipelineStateManagerImpl (PipelineStateManagerImpl.java:removePipeline(245)) - Pipeline Pipeline[ Id: d7507172-1e8f-403b-90af-67d32e1fd950, Nodes: 9ad6c772-b583-49da-9dda-46d51a9db348{ip: 10.1.0.17, host: fv-az39-323.yumyzuo2tp0ejekjjwodrrku4b.bx.internal.cloudapp.net, ports: [REPLICATION=46803, RATIS=40437, RATIS_ADMIN=40437, RATIS_SERVER=40437, STANDALONE=33617], networkLocation: /default-rack, certSerialId: null, persistedOpState: IN_SERVICE, persistedOpStateExpiryEpochSec: 0}b5f0d7ba-78c4-4bfc-9c94-2fc11ccd4fbc{ip: 10.1.0.17, host: fv-az39-323.yumyzuo2tp0ejekjjwodrrku4b.bx.internal.cloudapp.net, ports: [REPLICATION=32795, RATIS=44613, RATIS_ADMIN=44613, RATIS_SERVER=44613, STANDALONE=33005], networkLocation: /default-rack, certSerialId: null, persistedOpState: IN_SERVICE, persistedOpStateExpiryEpochSec: 0}70253b25-82f0-4a7c-9412-29622705a2de{ip: 10.1.0.17, host: fv-az39-323.yumyzuo2tp0ejekjjwodrrku4b.bx.internal.cloudapp.net, ports: [REPLICATION=46293, RATIS=37713, RATIS_ADMIN=37713, RATIS_SERVER=37713, STANDALONE=37085], networkLocation: /default-rack, certSerialId: null, persistedOpState: IN_SERVICE, persistedOpStateExpiryEpochSec: 0}, ReplicationConfig: RATIS/THREE, State:CLOSED, leaderId:b5f0d7ba-78c4-4bfc-9c94-2fc11ccd4fbc, CreationTimestamp2022-11-04T01:07:54.688Z[Etc/UTC]] removed.
2022-11-04 01:08:10,312 [EventQueue-DeadNodeForDeadNodeHandler] INFO  pipeline.RatisPipelineProvider (RatisPipelineProvider.java:lambda$close$1(244)) - Send pipeline:PipelineID=5564602d-0fd9-41f1-8725-4ff2cdc8c389 close command to datanode 70253b25-82f0-4a7c-9412-29622705a2de
2022-11-04 01:08:10,312 [EventQueue-DeadNodeForDeadNodeHandler] INFO  pipeline.RatisPipelineProvider (RatisPipelineProvider.java:lambda$close$1(244)) - Send pipeline:PipelineID=5564602d-0fd9-41f1-8725-4ff2cdc8c389 close command to datanode 9ad6c772-b583-49da-9dda-46d51a9db348
2022-11-04 01:08:10,313 [EventQueue-DeadNodeForDeadNodeHandler] INFO  pipeline.RatisPipelineProvider (RatisPipelineProvider.java:lambda$close$1(244)) - Send pipeline:PipelineID=5564602d-0fd9-41f1-8725-4ff2cdc8c389 close command to datanode b5f0d7ba-78c4-4bfc-9c94-2fc11ccd4fbc
2022-11-04 01:08:10,313 [EventQueue-DeadNodeForDeadNodeHandler] INFO  pipeline.PipelineStateManagerImpl (PipelineStateManagerImpl.java:removePipeline(245)) - Pipeline Pipeline[ Id: 5564602d-0fd9-41f1-8725-4ff2cdc8c389, Nodes: 70253b25-82f0-4a7c-9412-29622705a2de{ip: 10.1.0.17, host: fv-az39-323.yumyzuo2tp0ejekjjwodrrku4b.bx.internal.cloudapp.net, ports: [REPLICATION=46293, RATIS=37713, RATIS_ADMIN=37713, RATIS_SERVER=37713, STANDALONE=37085], networkLocation: /default-rack, certSerialId: null, persistedOpState: IN_SERVICE, persistedOpStateExpiryEpochSec: 0}9ad6c772-b583-49da-9dda-46d51a9db348{ip: 10.1.0.17, host: fv-az39-323.yumyzuo2tp0ejekjjwodrrku4b.bx.internal.cloudapp.net, ports: [REPLICATION=46803, RATIS=40437, RATIS_ADMIN=40437, RATIS_SERVER=40437, STANDALONE=33617], networkLocation: /default-rack, certSerialId: null, persistedOpState: IN_SERVICE, persistedOpStateExpiryEpochSec: 0}b5f0d7ba-78c4-4bfc-9c94-2fc11ccd4fbc{ip: 10.1.0.17, host: fv-az39-323.yumyzuo2tp0ejekjjwodrrku4b.bx.internal.cloudapp.net, ports: [REPLICATION=32795, RATIS=44613, RATIS_ADMIN=44613, RATIS_SERVER=44613, STANDALONE=33005], networkLocation: /default-rack, certSerialId: null, persistedOpState: IN_SERVICE, persistedOpStateExpiryEpochSec: 0}, ReplicationConfig: RATIS/THREE, State:CLOSED, leaderId:70253b25-82f0-4a7c-9412-29622705a2de, CreationTimestamp2022-11-04T01:07:54.690Z[Etc/UTC]] removed.
2022-11-04 01:08:10,314 [EventQueue-DeadNodeForDeadNodeHandler] INFO  pipeline.PipelineStateManagerImpl (PipelineStateManagerImpl.java:removePipeline(245)) - Pipeline Pipeline[ Id: 5c8490f6-8066-4e5a-a81d-ecbf79e6b8ed, Nodes: 70253b25-82f0-4a7c-9412-29622705a2de{ip: 10.1.0.17, host: fv-az39-323.yumyzuo2tp0ejekjjwodrrku4b.bx.internal.cloudapp.net, ports: [REPLICATION=46293, RATIS=37713, RATIS_ADMIN=37713, RATIS_SERVER=37713, STANDALONE=37085], networkLocation: /default-rack, certSerialId: null, persistedOpState: null, persistedOpStateExpiryEpochSec: 0}47858208-0de4-46ca-af6a-45b9f6a00c92{ip: 10.1.0.17, host: fv-az39-323.yumyzuo2tp0ejekjjwodrrku4b.bx.internal.cloudapp.net, ports: [REPLICATION=36003, RATIS=42645, RATIS_ADMIN=42645, RATIS_SERVER=42645, STANDALONE=39519], networkLocation: /default-rack, certSerialId: null, persistedOpState: null, persistedOpStateExpiryEpochSec: 0}bc4c196d-1c1a-499c-9b0d-21e75e378ad6{ip: 10.1.0.17, host: fv-az39-323.yumyzuo2tp0ejekjjwodrrku4b.bx.internal.cloudapp.net, ports: [REPLICATION=38243, RATIS=34491, RATIS_ADMIN=34491, RATIS_SERVER=34491, STANDALONE=43559], networkLocation: /default-rack, certSerialId: null, persistedOpState: null, persistedOpStateExpiryEpochSec: 0}dc492f9b-31c5-46a5-b048-fde4f7a6d732{ip: 10.1.0.17, host: fv-az39-323.yumyzuo2tp0ejekjjwodrrku4b.bx.internal.cloudapp.net, ports: [REPLICATION=35247, RATIS=39685, RATIS_ADMIN=39685, RATIS_SERVER=39685, STANDALONE=44189], networkLocation: /default-rack, certSerialId: null, persistedOpState: null, persistedOpStateExpiryEpochSec: 0}9ad6c772-b583-49da-9dda-46d51a9db348{ip: 10.1.0.17, host: fv-az39-323.yumyzuo2tp0ejekjjwodrrku4b.bx.internal.cloudapp.net, ports: [REPLICATION=46803, RATIS=40437, RATIS_ADMIN=40437, RATIS_SERVER=40437, STANDALONE=33617], networkLocation: /default-rack, certSerialId: null, persistedOpState: null, persistedOpStateExpiryEpochSec: 0}, ReplicationConfig: EC/ECReplicationConfig{data=3, parity=2, ecChunkSize=1024, codec=rs}, State:CLOSED, leaderId:, CreationTimestamp2022-11-04T01:08:03.914Z[Etc/UTC]] removed.
2022-11-04 01:08:10,314 [EventQueue-DeadNodeForDeadNodeHandler] INFO  pipeline.RatisPipelineProvider (RatisPipelineProvider.java:lambda$close$1(244)) - Send pipeline:PipelineID=b039d9f5-3bf5-4340-8ef9-d2702edade96 close command to datanode 70253b25-82f0-4a7c-9412-29622705a2de
2022-11-04 01:08:10,316 [EventQueue-DeadNodeForDeadNodeHandler] INFO  pipeline.PipelineStateManagerImpl (PipelineStateManagerImpl.java:removePipeline(245)) - Pipeline Pipeline[ Id: b039d9f5-3bf5-4340-8ef9-d2702edade96, Nodes: 70253b25-82f0-4a7c-9412-29622705a2de{ip: 10.1.0.17, host: fv-az39-323.yumyzuo2tp0ejekjjwodrrku4b.bx.internal.cloudapp.net, ports: [REPLICATION=46293, RATIS=37713, RATIS_ADMIN=37713, RATIS_SERVER=37713, STANDALONE=37085], networkLocation: /default-rack, certSerialId: null, persistedOpState: IN_SERVICE, persistedOpStateExpiryEpochSec: 0}, ReplicationConfig: RATIS/ONE, State:CLOSED, leaderId:70253b25-82f0-4a7c-9412-29622705a2de, CreationTimestamp2022-11-04T01:07:54.684Z[Etc/UTC]] removed.
2022-11-04 01:08:10,317 [EventQueue-DeadNodeForDeadNodeHandler] INFO  net.NetworkTopologyImpl (NetworkTopologyImpl.java:remove(190)) - Removed a node: /default-rack/70253b25-82f0-4a7c-9412-29622705a2de
2022-11-04 01:08:10,352 [Listener at 127.0.0.1/40125] INFO  replication.ReplicationManager (ReplicationManager.java:start(239)) - Starting Replication Monitor Thread.
2022-11-04 01:08:10,353 [Under Replicated Processor] INFO  replication.UnderReplicatedProcessor (UnderReplicatedProcessor.java:processAll(92)) - Processed 0 under replicated containers, failed processing 0
2022-11-04 01:08:10,355 [ReplicationMonitor] INFO  replication.ReplicationManager (ReplicationManager.java:sendCloseContainerReplicaCommand(537)) - Sending close container command for container #1 to datanode dc492f9b-31c5-46a5-b048-fde4f7a6d732{ip: 10.1.0.17, host: fv-az39-323.yumyzuo2tp0ejekjjwodrrku4b.bx.internal.cloudapp.net, ports: [REPLICATION=35247, RATIS=39685, RATIS_ADMIN=39685, RATIS_SERVER=39685, STANDALONE=44189], networkLocation: /default-rack, certSerialId: null, persistedOpState: IN_SERVICE, persistedOpStateExpiryEpochSec: 0}.
2022-11-04 01:08:10,356 [ReplicationMonitor] INFO  replication.ReplicationManager (ReplicationManager.java:processAll(340)) - Replication Monitor Thread took 2 milliseconds for processing 1 containers.
2022-11-04 01:08:10,356 [Over Replicated Processor] INFO  replication.OverReplicatedProcessor (OverReplicatedProcessor.java:processAll(90)) - Processed 0 over replicated containers, failed processing 0
2022-11-04 01:08:10,414 [Command processor thread] INFO  keyvalue.KeyValueContainer (KeyValueContainer.java:flushAndSyncDB(437)) - Container 1 is synced with bcsId 0.
2022-11-04 01:08:10,414 [Command processor thread] INFO  keyvalue.KeyValueContainer (KeyValueContainer.java:flushAndSyncDB(437)) - Container 1 is synced with bcsId 0.
2022-11-04 01:08:10,420 [Command processor thread] INFO  keyvalue.KeyValueContainer (KeyValueContainer.java:close(352)) - Container 1 is closed with bcsId 0.
2022-11-04 01:08:11,072 [grpc-default-executor-2] WARN  server.GrpcLogAppender (LogUtils.java:warn(122)) - b5f0d7ba-78c4-4bfc-9c94-2fc11ccd4fbc@group-67D32E1FD950->70253b25-82f0-4a7c-9412-29622705a2de-AppendLogResponseHandler: Failed appendEntries: org.apache.ratis.thirdparty.io.grpc.StatusRuntimeException: UNAVAILABLE: io exception
2022-11-04 01:08:11,072 [grpc-default-executor-8] WARN  server.GrpcLogAppender (LogUtils.java:warn(122)) - b5f0d7ba-78c4-4bfc-9c94-2fc11ccd4fbc@group-67D32E1FD950->70253b25-82f0-4a7c-9412-29622705a2de-AppendLogResponseHandler: Failed appendEntries: org.apache.ratis.thirdparty.io.grpc.StatusRuntimeException: UNAVAILABLE: io exception
2022-11-04 01:08:11,073 [grpc-default-executor-2] WARN  server.GrpcLogAppender (GrpcLogAppender.java:resetClient(131)) - b5f0d7ba-78c4-4bfc-9c94-2fc11ccd4fbc@group-67D32E1FD950->70253b25-82f0-4a7c-9412-29622705a2de-GrpcLogAppender: Leader has not got in touch with Follower b5f0d7ba-78c4-4bfc-9c94-2fc11ccd4fbc@group-67D32E1FD950->70253b25-82f0-4a7c-9412-29622705a2de(c0,m0,n1, attendVote=true, lastRpcSendTime=0, lastRpcResponseTime=8763) yet, just keep nextIndex unchanged and retry.
2022-11-04 01:08:11,074 [grpc-default-executor-8] WARN  server.GrpcLogAppender (GrpcLogAppender.java:resetClient(131)) - b5f0d7ba-78c4-4bfc-9c94-2fc11ccd4fbc@group-67D32E1FD950->70253b25-82f0-4a7c-9412-29622705a2de-GrpcLogAppender: Leader has not got in touch with Follower b5f0d7ba-78c4-4bfc-9c94-2fc11ccd4fbc@group-67D32E1FD950->70253b25-82f0-4a7c-9412-29622705a2de(c0,m0,n1, attendVote=true, lastRpcSendTime=1, lastRpcResponseTime=8764) yet, just keep nextIndex unchanged and retry.
2022-11-04 01:08:11,381 [Command processor thread] INFO  server.RaftServer (RaftServerProxy.java:remove(107)) - 9ad6c772-b583-49da-9dda-46d51a9db348: remove  FOLLOWER 9ad6c772-b583-49da-9dda-46d51a9db348@group-67D32E1FD950:t1, leader=b5f0d7ba-78c4-4bfc-9c94-2fc11ccd4fbc, voted=b5f0d7ba-78c4-4bfc-9c94-2fc11ccd4fbc, raftlog=Memoized:9ad6c772-b583-49da-9dda-46d51a9db348@group-67D32E1FD950-SegmentedRaftLog:OPENED:c0, conf=0: peers:[70253b25-82f0-4a7c-9412-29622705a2de|rpc:10.1.0.17:37713|dataStream:|priority:0|startupRole:FOLLOWER, 9ad6c772-b583-49da-9dda-46d51a9db348|rpc:10.1.0.17:40437|dataStream:|priority:0|startupRole:FOLLOWER, b5f0d7ba-78c4-4bfc-9c94-2fc11ccd4fbc|rpc:10.1.0.17:44613|dataStream:|priority:1|startupRole:FOLLOWER]|listeners:[], old=null RUNNING
2022-11-04 01:08:11,382 [Command processor thread] INFO  server.RaftServer$Division (RaftServerImpl.java:lambda$close$4(458)) - 9ad6c772-b583-49da-9dda-46d51a9db348@group-67D32E1FD950: shutdown
2022-11-04 01:08:11,382 [Command processor thread] INFO  util.JmxRegister (JmxRegister.java:unregister(73)) - Successfully un-registered JMX Bean with object name Ratis:service=RaftServer,group=group-67D32E1FD950,id=9ad6c772-b583-49da-9dda-46d51a9db348
2022-11-04 01:08:11,382 [Command processor thread] INFO  impl.RoleInfo (RoleInfo.java:shutdownFollowerState(110)) - 9ad6c772-b583-49da-9dda-46d51a9db348: shutdown 9ad6c772-b583-49da-9dda-46d51a9db348@group-67D32E1FD950-FollowerState
2022-11-04 01:08:11,382 [Command processor thread] INFO  impl.StateMachineUpdater (StateMachineUpdater.java:stopAndJoin(153)) - 9ad6c772-b583-49da-9dda-46d51a9db348@group-67D32E1FD950-StateMachineUpdater: set stopIndex = 0
2022-11-04 01:08:11,382 [9ad6c772-b583-49da-9dda-46d51a9db348@group-67D32E1FD950-FollowerState] INFO  impl.FollowerState (FollowerState.java:run(152)) - 9ad6c772-b583-49da-9dda-46d51a9db348@group-67D32E1FD950-FollowerState was interrupted
2022-11-04 01:08:11,383 [9ad6c772-b583-49da-9dda-46d51a9db348@group-67D32E1FD950-StateMachineUpdater] INFO  ratis.ContainerStateMachine (ContainerStateMachine.java:takeSnapshot(304)) - group-67D32E1FD950: Taking a snapshot at:(t:1, i:0) file /home/runner/work/ozone/ozone/hadoop-ozone/integration-test/target/test-dir/MiniOzoneClusterImpl-e654cb93-8a46-4732-947e-f27e0a8f69eb/datanode-1/data/ratis/d7507172-1e8f-403b-90af-67d32e1fd950/sm/snapshot.1_0
2022-11-04 01:08:11,384 [9ad6c772-b583-49da-9dda-46d51a9db348@group-67D32E1FD950-StateMachineUpdater] INFO  ratis.ContainerStateMachine (ContainerStateMachine.java:takeSnapshot(315)) - group-67D32E1FD950: Finished taking a snapshot at:(t:1, i:0) file:/home/runner/work/ozone/ozone/hadoop-ozone/integration-test/target/test-dir/MiniOzoneClusterImpl-e654cb93-8a46-4732-947e-f27e0a8f69eb/datanode-1/data/ratis/d7507172-1e8f-403b-90af-67d32e1fd950/sm/snapshot.1_0 took: 1 ms
2022-11-04 01:08:11,384 [9ad6c772-b583-49da-9dda-46d51a9db348@group-67D32E1FD950-StateMachineUpdater] INFO  impl.StateMachineUpdater (StateMachineUpdater.java:takeSnapshot(287)) - 9ad6c772-b583-49da-9dda-46d51a9db348@group-67D32E1FD950-StateMachineUpdater: Took a snapshot at index 0
2022-11-04 01:08:11,384 [9ad6c772-b583-49da-9dda-46d51a9db348@group-67D32E1FD950-StateMachineUpdater] INFO  impl.StateMachineUpdater (StateMachineUpdater.java:lambda$new$0(92)) - 9ad6c772-b583-49da-9dda-46d51a9db348@group-67D32E1FD950-StateMachineUpdater: snapshotIndex: updateIncreasingly -1 -> 0
2022-11-04 01:08:11,384 [Command processor thread] INFO  server.RaftServer$Division (ServerState.java:close(466)) - 9ad6c772-b583-49da-9dda-46d51a9db348@group-67D32E1FD950: closes. applyIndex: 0
2022-11-04 01:08:11,385 [9ad6c772-b583-49da-9dda-46d51a9db348@group-67D32E1FD950-SegmentedRaftLogWorker] INFO  segmented.SegmentedRaftLogWorker (SegmentedRaftLogWorker.java:run(345)) - 9ad6c772-b583-49da-9dda-46d51a9db348@group-67D32E1FD950-SegmentedRaftLogWorker was interrupted, exiting. There are 0 tasks remaining in the queue.
2022-11-04 01:08:11,386 [Command processor thread] INFO  segmented.SegmentedRaftLogWorker (SegmentedRaftLogWorker.java:close(255)) - 9ad6c772-b583-49da-9dda-46d51a9db348@group-67D32E1FD950-SegmentedRaftLogWorker close()
2022-11-04 01:08:11,391 [Command processor thread] INFO  server.RaftServer$Division (RaftServerImpl.java:groupRemove(428)) - 9ad6c772-b583-49da-9dda-46d51a9db348@group-67D32E1FD950: Succeed to remove RaftStorageDirectory Storage Directory /home/runner/work/ozone/ozone/hadoop-ozone/integration-test/target/test-dir/MiniOzoneClusterImpl-e654cb93-8a46-4732-947e-f27e0a8f69eb/datanode-1/data/ratis/d7507172-1e8f-403b-90af-67d32e1fd950
2022-11-04 01:08:11,391 [Command processor thread] INFO  commandhandler.ClosePipelineCommandHandler (ClosePipelineCommandHandler.java:handle(78)) - Close Pipeline PipelineID=d7507172-1e8f-403b-90af-67d32e1fd950 command on datanode 9ad6c772-b583-49da-9dda-46d51a9db348.
2022-11-04 01:08:11,393 [Command processor thread] INFO  server.RaftServer (RaftServerProxy.java:remove(107)) - 9ad6c772-b583-49da-9dda-46d51a9db348: remove  FOLLOWER 9ad6c772-b583-49da-9dda-46d51a9db348@group-4FF2CDC8C389:t1, leader=70253b25-82f0-4a7c-9412-29622705a2de, voted=70253b25-82f0-4a7c-9412-29622705a2de, raftlog=Memoized:9ad6c772-b583-49da-9dda-46d51a9db348@group-4FF2CDC8C389-SegmentedRaftLog:OPENED:c-1, conf=0: peers:[70253b25-82f0-4a7c-9412-29622705a2de|rpc:10.1.0.17:37713|dataStream:|priority:1|startupRole:FOLLOWER, 9ad6c772-b583-49da-9dda-46d51a9db348|rpc:10.1.0.17:40437|dataStream:|priority:0|startupRole:FOLLOWER, b5f0d7ba-78c4-4bfc-9c94-2fc11ccd4fbc|rpc:10.1.0.17:44613|dataStream:|priority:0|startupRole:FOLLOWER]|listeners:[], old=null RUNNING
2022-11-04 01:08:11,394 [Command processor thread] INFO  server.RaftServer$Division (RaftServerImpl.java:lambda$close$4(458)) - 9ad6c772-b583-49da-9dda-46d51a9db348@group-4FF2CDC8C389: shutdown
2022-11-04 01:08:11,394 [Command processor thread] INFO  util.JmxRegister (JmxRegister.java:unregister(73)) - Successfully un-registered JMX Bean with object name Ratis:service=RaftServer,group=group-4FF2CDC8C389,id=9ad6c772-b583-49da-9dda-46d51a9db348
2022-11-04 01:08:11,394 [Command processor thread] INFO  impl.RoleInfo (RoleInfo.java:shutdownFollowerState(110)) - 9ad6c772-b583-49da-9dda-46d51a9db348: shutdown 9ad6c772-b583-49da-9dda-46d51a9db348@group-4FF2CDC8C389-FollowerState
2022-11-04 01:08:11,394 [9ad6c772-b583-49da-9dda-46d51a9db348@group-4FF2CDC8C389-FollowerState] INFO  impl.FollowerState (FollowerState.java:run(152)) - 9ad6c772-b583-49da-9dda-46d51a9db348@group-4FF2CDC8C389-FollowerState was interrupted
2022-11-04 01:08:11,394 [Command processor thread] INFO  impl.StateMachineUpdater (StateMachineUpdater.java:stopAndJoin(153)) - 9ad6c772-b583-49da-9dda-46d51a9db348@group-4FF2CDC8C389-StateMachineUpdater: set stopIndex = -1
2022-11-04 01:08:11,394 [Command processor thread] INFO  server.RaftServer$Division (ServerState.java:close(466)) - 9ad6c772-b583-49da-9dda-46d51a9db348@group-4FF2CDC8C389: closes. applyIndex: -1
2022-11-04 01:08:11,394 [9ad6c772-b583-49da-9dda-46d51a9db348@group-4FF2CDC8C389-SegmentedRaftLogWorker] INFO  segmented.SegmentedRaftLogWorker (SegmentedRaftLogWorker.java:run(345)) - 9ad6c772-b583-49da-9dda-46d51a9db348@group-4FF2CDC8C389-SegmentedRaftLogWorker was interrupted, exiting. There are 0 tasks remaining in the queue.
2022-11-04 01:08:11,395 [Command processor thread] INFO  segmented.SegmentedRaftLogWorker (SegmentedRaftLogWorker.java:close(255)) - 9ad6c772-b583-49da-9dda-46d51a9db348@group-4FF2CDC8C389-SegmentedRaftLogWorker close()
2022-11-04 01:08:11,397 [Command processor thread] INFO  server.RaftServer$Division (RaftServerImpl.java:groupRemove(428)) - 9ad6c772-b583-49da-9dda-46d51a9db348@group-4FF2CDC8C389: Succeed to remove RaftStorageDirectory Storage Directory /home/runner/work/ozone/ozone/hadoop-ozone/integration-test/target/test-dir/MiniOzoneClusterImpl-e654cb93-8a46-4732-947e-f27e0a8f69eb/datanode-1/data/ratis/5564602d-0fd9-41f1-8725-4ff2cdc8c389
2022-11-04 01:08:11,397 [Command processor thread] INFO  commandhandler.ClosePipelineCommandHandler (ClosePipelineCommandHandler.java:handle(78)) - Close Pipeline PipelineID=5564602d-0fd9-41f1-8725-4ff2cdc8c389 command on datanode 9ad6c772-b583-49da-9dda-46d51a9db348.
2022-11-04 01:08:12,322 [grpc-default-executor-8] WARN  server.GrpcLogAppender (LogUtils.java:warn(122)) - b5f0d7ba-78c4-4bfc-9c94-2fc11ccd4fbc@group-67D32E1FD950->70253b25-82f0-4a7c-9412-29622705a2de-AppendLogResponseHandler: Failed appendEntries: org.apache.ratis.thirdparty.io.grpc.StatusRuntimeException: UNAVAILABLE: io exception
2022-11-04 01:08:12,322 [grpc-default-executor-2] WARN  server.GrpcLogAppender (LogUtils.java:warn(122)) - b5f0d7ba-78c4-4bfc-9c94-2fc11ccd4fbc@group-67D32E1FD950->70253b25-82f0-4a7c-9412-29622705a2de-AppendLogResponseHandler: Failed appendEntries: org.apache.ratis.thirdparty.io.grpc.StatusRuntimeException: UNAVAILABLE: io exception
2022-11-04 01:08:12,324 [grpc-default-executor-8] WARN  server.GrpcLogAppender (GrpcLogAppender.java:resetClient(131)) - b5f0d7ba-78c4-4bfc-9c94-2fc11ccd4fbc@group-67D32E1FD950->70253b25-82f0-4a7c-9412-29622705a2de-GrpcLogAppender: Leader has not got in touch with Follower b5f0d7ba-78c4-4bfc-9c94-2fc11ccd4fbc@group-67D32E1FD950->70253b25-82f0-4a7c-9412-29622705a2de(c0,m0,n1, attendVote=true, lastRpcSendTime=1, lastRpcResponseTime=10015) yet, just keep nextIndex unchanged and retry.
2022-11-04 01:08:12,325 [grpc-default-executor-2] WARN  server.GrpcLogAppender (GrpcLogAppender.java:resetClient(131)) - b5f0d7ba-78c4-4bfc-9c94-2fc11ccd4fbc@group-67D32E1FD950->70253b25-82f0-4a7c-9412-29622705a2de-GrpcLogAppender: Leader has not got in touch with Follower b5f0d7ba-78c4-4bfc-9c94-2fc11ccd4fbc@group-67D32E1FD950->70253b25-82f0-4a7c-9412-29622705a2de(c0,m0,n1, attendVote=true, lastRpcSendTime=2, lastRpcResponseTime=10016) yet, just keep nextIndex unchanged and retry.
2022-11-04 01:08:13,178 [Command processor thread] INFO  server.RaftServer (RaftServerProxy.java:remove(107)) - b5f0d7ba-78c4-4bfc-9c94-2fc11ccd4fbc: remove    LEADER b5f0d7ba-78c4-4bfc-9c94-2fc11ccd4fbc@group-67D32E1FD950:t1, leader=b5f0d7ba-78c4-4bfc-9c94-2fc11ccd4fbc, voted=b5f0d7ba-78c4-4bfc-9c94-2fc11ccd4fbc, raftlog=Memoized:b5f0d7ba-78c4-4bfc-9c94-2fc11ccd4fbc@group-67D32E1FD950-SegmentedRaftLog:OPENED:c0, conf=0: peers:[70253b25-82f0-4a7c-9412-29622705a2de|rpc:10.1.0.17:37713|dataStream:|priority:0|startupRole:FOLLOWER, 9ad6c772-b583-49da-9dda-46d51a9db348|rpc:10.1.0.17:40437|dataStream:|priority:0|startupRole:FOLLOWER, b5f0d7ba-78c4-4bfc-9c94-2fc11ccd4fbc|rpc:10.1.0.17:44613|dataStream:|priority:1|startupRole:FOLLOWER]|listeners:[], old=null RUNNING
2022-11-04 01:08:13,178 [Command processor thread] INFO  server.RaftServer$Division (RaftServerImpl.java:lambda$close$4(458)) - b5f0d7ba-78c4-4bfc-9c94-2fc11ccd4fbc@group-67D32E1FD950: shutdown
2022-11-04 01:08:13,178 [Command processor thread] INFO  util.JmxRegister (JmxRegister.java:unregister(73)) - Successfully un-registered JMX Bean with object name Ratis:service=RaftServer,group=group-67D32E1FD950,id=b5f0d7ba-78c4-4bfc-9c94-2fc11ccd4fbc
2022-11-04 01:08:13,178 [Command processor thread] INFO  impl.RoleInfo (RoleInfo.java:shutdownLeaderState(93)) - b5f0d7ba-78c4-4bfc-9c94-2fc11ccd4fbc: shutdown b5f0d7ba-78c4-4bfc-9c94-2fc11ccd4fbc@group-67D32E1FD950-LeaderStateImpl
2022-11-04 01:08:13,179 [Command processor thread] INFO  impl.PendingRequests (PendingRequests.java:sendNotLeaderResponses(282)) - b5f0d7ba-78c4-4bfc-9c94-2fc11ccd4fbc@group-67D32E1FD950-PendingRequests: sendNotLeaderResponses
2022-11-04 01:08:13,179 [Command processor thread] INFO  impl.StateMachineUpdater (StateMachineUpdater.java:stopAndJoin(153)) - b5f0d7ba-78c4-4bfc-9c94-2fc11ccd4fbc@group-67D32E1FD950-StateMachineUpdater: set stopIndex = 0
2022-11-04 01:08:13,179 [b5f0d7ba-78c4-4bfc-9c94-2fc11ccd4fbc@group-67D32E1FD950-StateMachineUpdater] INFO  ratis.ContainerStateMachine (ContainerStateMachine.java:takeSnapshot(304)) - group-67D32E1FD950: Taking a snapshot at:(t:1, i:0) file /home/runner/work/ozone/ozone/hadoop-ozone/integration-test/target/test-dir/MiniOzoneClusterImpl-e654cb93-8a46-4732-947e-f27e0a8f69eb/datanode-0/data/ratis/d7507172-1e8f-403b-90af-67d32e1fd950/sm/snapshot.1_0
2022-11-04 01:08:13,179 [b5f0d7ba-78c4-4bfc-9c94-2fc11ccd4fbc@group-67D32E1FD950->9ad6c772-b583-49da-9dda-46d51a9db348-GrpcLogAppender-LogAppenderDaemon] WARN  server.GrpcLogAppender (GrpcLogAppender.java:mayWait(200)) - b5f0d7ba-78c4-4bfc-9c94-2fc11ccd4fbc@group-67D32E1FD950->9ad6c772-b583-49da-9dda-46d51a9db348-GrpcLogAppender: Wait interrupted by java.lang.InterruptedException
2022-11-04 01:08:13,181 [grpc-default-executor-2] INFO  server.GrpcServerProtocolService (GrpcServerProtocolService.java:onCompleted(145)) - 9ad6c772-b583-49da-9dda-46d51a9db348: Completed APPEND_ENTRIES, lastRequest: b5f0d7ba-78c4-4bfc-9c94-2fc11ccd4fbc->9ad6c772-b583-49da-9dda-46d51a9db348#1-t1,previous=(t:0, i:0),leaderCommit=0,initializing? true,entries: size=1, first=(t:1, i:0), CONFIGURATIONENTRY(current:id: "70253b25-82f0-4a7c-9412-29622705a2de"
address: "10.1.0.17:37713"
clientAddress: "10.1.0.17:37713"
adminAddress: "10.1.0.17:37713"
startupRole: FOLLOWER
,id: "9ad6c772-b583-49da-9dda-46d51a9db348"
address: "10.1.0.17:40437"
clientAddress: "10.1.0.17:40437"
adminAddress: "10.1.0.17:40437"
startupRole: FOLLOWER
,id: "b5f0d7ba-78c4-4bfc-9c94-2fc11ccd4fbc"
address: "10.1.0.17:44613"
priority: 1
clientAddress: "10.1.0.17:44613"
adminAddress: "10.1.0.17:44613"
startupRole: FOLLOWER
, old:)
2022-11-04 01:08:13,181 [grpc-default-executor-8] INFO  server.GrpcServerProtocolService (GrpcServerProtocolService.java:onCompleted(145)) - 9ad6c772-b583-49da-9dda-46d51a9db348: Completed APPEND_ENTRIES, lastRequest: null
2022-11-04 01:08:13,181 [grpc-default-executor-4] INFO  server.GrpcLogAppender (GrpcLogAppender.java:onCompleted(415)) - b5f0d7ba-78c4-4bfc-9c94-2fc11ccd4fbc@group-67D32E1FD950->9ad6c772-b583-49da-9dda-46d51a9db348-AppendLogResponseHandler: follower responses appendEntries COMPLETED
2022-11-04 01:08:13,181 [grpc-default-executor-4] INFO  leader.FollowerInfo (FollowerInfoImpl.java:lambda$new$0(48)) - b5f0d7ba-78c4-4bfc-9c94-2fc11ccd4fbc@group-67D32E1FD950->9ad6c772-b583-49da-9dda-46d51a9db348: nextIndex: updateUnconditionally 1 -> 0
2022-11-04 01:08:13,182 [grpc-default-executor-4] INFO  server.GrpcLogAppender (GrpcLogAppender.java:onCompleted(415)) - b5f0d7ba-78c4-4bfc-9c94-2fc11ccd4fbc@group-67D32E1FD950->9ad6c772-b583-49da-9dda-46d51a9db348-AppendLogResponseHandler: follower responses appendEntries COMPLETED
2022-11-04 01:08:13,183 [grpc-default-executor-4] INFO  leader.FollowerInfo (FollowerInfoImpl.java:lambda$new$0(48)) - b5f0d7ba-78c4-4bfc-9c94-2fc11ccd4fbc@group-67D32E1FD950->9ad6c772-b583-49da-9dda-46d51a9db348: nextIndex: updateUnconditionally 0 -> 0
2022-11-04 01:08:13,183 [b5f0d7ba-78c4-4bfc-9c94-2fc11ccd4fbc@group-67D32E1FD950-StateMachineUpdater] INFO  ratis.ContainerStateMachine (ContainerStateMachine.java:takeSnapshot(315)) - group-67D32E1FD950: Finished taking a snapshot at:(t:1, i:0) file:/home/runner/work/ozone/ozone/hadoop-ozone/integration-test/target/test-dir/MiniOzoneClusterImpl-e654cb93-8a46-4732-947e-f27e0a8f69eb/datanode-0/data/ratis/d7507172-1e8f-403b-90af-67d32e1fd950/sm/snapshot.1_0 took: 4 ms
2022-11-04 01:08:13,183 [b5f0d7ba-78c4-4bfc-9c94-2fc11ccd4fbc@group-67D32E1FD950-StateMachineUpdater] INFO  impl.StateMachineUpdater (StateMachineUpdater.java:takeSnapshot(287)) - b5f0d7ba-78c4-4bfc-9c94-2fc11ccd4fbc@group-67D32E1FD950-StateMachineUpdater: Took a snapshot at index 0
2022-11-04 01:08:13,183 [b5f0d7ba-78c4-4bfc-9c94-2fc11ccd4fbc@group-67D32E1FD950-StateMachineUpdater] INFO  impl.StateMachineUpdater (StateMachineUpdater.java:lambda$new$0(92)) - b5f0d7ba-78c4-4bfc-9c94-2fc11ccd4fbc@group-67D32E1FD950-StateMachineUpdater: snapshotIndex: updateIncreasingly -1 -> 0
2022-11-04 01:08:13,183 [Command processor thread] INFO  server.RaftServer$Division (ServerState.java:close(466)) - b5f0d7ba-78c4-4bfc-9c94-2fc11ccd4fbc@group-67D32E1FD950: closes. applyIndex: 0
2022-11-04 01:08:13,183 [b5f0d7ba-78c4-4bfc-9c94-2fc11ccd4fbc@group-67D32E1FD950-SegmentedRaftLogWorker] INFO  segmented.SegmentedRaftLogWorker (SegmentedRaftLogWorker.java:run(345)) - b5f0d7ba-78c4-4bfc-9c94-2fc11ccd4fbc@group-67D32E1FD950-SegmentedRaftLogWorker was interrupted, exiting. There are 0 tasks remaining in the queue.
2022-11-04 01:08:13,184 [Command processor thread] INFO  segmented.SegmentedRaftLogWorker (SegmentedRaftLogWorker.java:close(255)) - b5f0d7ba-78c4-4bfc-9c94-2fc11ccd4fbc@group-67D32E1FD950-SegmentedRaftLogWorker close()
2022-11-04 01:08:13,186 [Command processor thread] INFO  server.RaftServer$Division (RaftServerImpl.java:groupRemove(428)) - b5f0d7ba-78c4-4bfc-9c94-2fc11ccd4fbc@group-67D32E1FD950: Succeed to remove RaftStorageDirectory Storage Directory /home/runner/work/ozone/ozone/hadoop-ozone/integration-test/target/test-dir/MiniOzoneClusterImpl-e654cb93-8a46-4732-947e-f27e0a8f69eb/datanode-0/data/ratis/d7507172-1e8f-403b-90af-67d32e1fd950
2022-11-04 01:08:13,186 [Command processor thread] INFO  commandhandler.ClosePipelineCommandHandler (ClosePipelineCommandHandler.java:handle(78)) - Close Pipeline PipelineID=d7507172-1e8f-403b-90af-67d32e1fd950 command on datanode b5f0d7ba-78c4-4bfc-9c94-2fc11ccd4fbc.
2022-11-04 01:08:13,186 [Command processor thread] INFO  server.RaftServer (RaftServerProxy.java:remove(107)) - b5f0d7ba-78c4-4bfc-9c94-2fc11ccd4fbc: remove  FOLLOWER b5f0d7ba-78c4-4bfc-9c94-2fc11ccd4fbc@group-4FF2CDC8C389:t1, leader=70253b25-82f0-4a7c-9412-29622705a2de, voted=b5f0d7ba-78c4-4bfc-9c94-2fc11ccd4fbc, raftlog=Memoized:b5f0d7ba-78c4-4bfc-9c94-2fc11ccd4fbc@group-4FF2CDC8C389-SegmentedRaftLog:OPENED:c0, conf=0: peers:[70253b25-82f0-4a7c-9412-29622705a2de|rpc:10.1.0.17:37713|dataStream:|priority:1|startupRole:FOLLOWER, 9ad6c772-b583-49da-9dda-46d51a9db348|rpc:10.1.0.17:40437|dataStream:|priority:0|startupRole:FOLLOWER, b5f0d7ba-78c4-4bfc-9c94-2fc11ccd4fbc|rpc:10.1.0.17:44613|dataStream:|priority:0|startupRole:FOLLOWER]|listeners:[], old=null RUNNING
2022-11-04 01:08:13,186 [Command processor thread] INFO  server.RaftServer$Division (RaftServerImpl.java:lambda$close$4(458)) - b5f0d7ba-78c4-4bfc-9c94-2fc11ccd4fbc@group-4FF2CDC8C389: shutdown
2022-11-04 01:08:13,186 [Command processor thread] INFO  util.JmxRegister (JmxRegister.java:unregister(73)) - Successfully un-registered JMX Bean with object name Ratis:service=RaftServer,group=group-4FF2CDC8C389,id=b5f0d7ba-78c4-4bfc-9c94-2fc11ccd4fbc
2022-11-04 01:08:13,187 [Command processor thread] INFO  impl.RoleInfo (RoleInfo.java:shutdownFollowerState(110)) - b5f0d7ba-78c4-4bfc-9c94-2fc11ccd4fbc: shutdown b5f0d7ba-78c4-4bfc-9c94-2fc11ccd4fbc@group-4FF2CDC8C389-FollowerState
2022-11-04 01:08:13,187 [Command processor thread] INFO  impl.StateMachineUpdater (StateMachineUpdater.java:stopAndJoin(153)) - b5f0d7ba-78c4-4bfc-9c94-2fc11ccd4fbc@group-4FF2CDC8C389-StateMachineUpdater: set stopIndex = 0
2022-11-04 01:08:13,187 [b5f0d7ba-78c4-4bfc-9c94-2fc11ccd4fbc@group-4FF2CDC8C389-StateMachineUpdater] INFO  ratis.ContainerStateMachine (ContainerStateMachine.java:takeSnapshot(304)) - group-4FF2CDC8C389: Taking a snapshot at:(t:1, i:0) file /home/runner/work/ozone/ozone/hadoop-ozone/integration-test/target/test-dir/MiniOzoneClusterImpl-e654cb93-8a46-4732-947e-f27e0a8f69eb/datanode-0/data/ratis/5564602d-0fd9-41f1-8725-4ff2cdc8c389/sm/snapshot.1_0
2022-11-04 01:08:13,187 [b5f0d7ba-78c4-4bfc-9c94-2fc11ccd4fbc@group-4FF2CDC8C389-FollowerState] INFO  impl.FollowerState (FollowerState.java:run(152)) - b5f0d7ba-78c4-4bfc-9c94-2fc11ccd4fbc@group-4FF2CDC8C389-FollowerState was interrupted
2022-11-04 01:08:13,187 [b5f0d7ba-78c4-4bfc-9c94-2fc11ccd4fbc@group-4FF2CDC8C389-StateMachineUpdater] INFO  ratis.ContainerStateMachine (ContainerStateMachine.java:takeSnapshot(315)) - group-4FF2CDC8C389: Finished taking a snapshot at:(t:1, i:0) file:/home/runner/work/ozone/ozone/hadoop-ozone/integration-test/target/test-dir/MiniOzoneClusterImpl-e654cb93-8a46-4732-947e-f27e0a8f69eb/datanode-0/data/ratis/5564602d-0fd9-41f1-8725-4ff2cdc8c389/sm/snapshot.1_0 took: 1 ms
2022-11-04 01:08:13,188 [b5f0d7ba-78c4-4bfc-9c94-2fc11ccd4fbc@group-4FF2CDC8C389-StateMachineUpdater] INFO  impl.StateMachineUpdater (StateMachineUpdater.java:takeSnapshot(287)) - b5f0d7ba-78c4-4bfc-9c94-2fc11ccd4fbc@group-4FF2CDC8C389-StateMachineUpdater: Took a snapshot at index 0
2022-11-04 01:08:13,188 [b5f0d7ba-78c4-4bfc-9c94-2fc11ccd4fbc@group-4FF2CDC8C389-StateMachineUpdater] INFO  impl.StateMachineUpdater (StateMachineUpdater.java:lambda$new$0(92)) - b5f0d7ba-78c4-4bfc-9c94-2fc11ccd4fbc@group-4FF2CDC8C389-StateMachineUpdater: snapshotIndex: updateIncreasingly -1 -> 0
2022-11-04 01:08:13,188 [Command processor thread] INFO  server.RaftServer$Division (ServerState.java:close(466)) - b5f0d7ba-78c4-4bfc-9c94-2fc11ccd4fbc@group-4FF2CDC8C389: closes. applyIndex: 0
2022-11-04 01:08:13,188 [b5f0d7ba-78c4-4bfc-9c94-2fc11ccd4fbc@group-4FF2CDC8C389-SegmentedRaftLogWorker] INFO  segmented.SegmentedRaftLogWorker (SegmentedRaftLogWorker.java:run(345)) - b5f0d7ba-78c4-4bfc-9c94-2fc11ccd4fbc@group-4FF2CDC8C389-SegmentedRaftLogWorker was interrupted, exiting. There are 0 tasks remaining in the queue.
2022-11-04 01:08:13,189 [Command processor thread] INFO  segmented.SegmentedRaftLogWorker (SegmentedRaftLogWorker.java:close(255)) - b5f0d7ba-78c4-4bfc-9c94-2fc11ccd4fbc@group-4FF2CDC8C389-SegmentedRaftLogWorker close()
2022-11-04 01:08:13,191 [Command processor thread] INFO  server.RaftServer$Division (RaftServerImpl.java:groupRemove(428)) - b5f0d7ba-78c4-4bfc-9c94-2fc11ccd4fbc@group-4FF2CDC8C389: Succeed to remove RaftStorageDirectory Storage Directory /home/runner/work/ozone/ozone/hadoop-ozone/integration-test/target/test-dir/MiniOzoneClusterImpl-e654cb93-8a46-4732-947e-f27e0a8f69eb/datanode-0/data/ratis/5564602d-0fd9-41f1-8725-4ff2cdc8c389
2022-11-04 01:08:13,191 [Command processor thread] INFO  commandhandler.ClosePipelineCommandHandler (ClosePipelineCommandHandler.java:handle(78)) - Close Pipeline PipelineID=5564602d-0fd9-41f1-8725-4ff2cdc8c389 command on datanode b5f0d7ba-78c4-4bfc-9c94-2fc11ccd4fbc.
2022-11-04 01:08:13,567 [e73ed4bb-a433-4ecd-b93a-d0b4e16433ed@group-5D8652A3AABE-FollowerState] INFO  server.RaftServerConfigKeys (ConfUtils.java:logFallback(53)) - raft.server.rpc.first-election.timeout.min = 5s (fallback to raft.server.rpc.timeout.min)
2022-11-04 01:08:13,568 [e73ed4bb-a433-4ecd-b93a-d0b4e16433ed@group-5D8652A3AABE-FollowerState] INFO  server.RaftServerConfigKeys (ConfUtils.java:logFallback(53)) - raft.server.rpc.first-election.timeout.max = 5200ms (fallback to raft.server.rpc.timeout.max)
2022-11-04 01:08:13,675 [47858208-0de4-46ca-af6a-45b9f6a00c92@group-5D8652A3AABE-FollowerState] INFO  impl.FollowerState (FollowerState.java:run(143)) - 47858208-0de4-46ca-af6a-45b9f6a00c92@group-5D8652A3AABE-FollowerState: change to CANDIDATE, lastRpcElapsedTime:5126144765ns, electionTimeout:5119ms
2022-11-04 01:08:13,675 [47858208-0de4-46ca-af6a-45b9f6a00c92@group-5D8652A3AABE-FollowerState] INFO  impl.RoleInfo (RoleInfo.java:shutdownFollowerState(110)) - 47858208-0de4-46ca-af6a-45b9f6a00c92: shutdown 47858208-0de4-46ca-af6a-45b9f6a00c92@group-5D8652A3AABE-FollowerState
2022-11-04 01:08:13,675 [47858208-0de4-46ca-af6a-45b9f6a00c92@group-5D8652A3AABE-FollowerState] INFO  server.RaftServer$Division (RaftServerImpl.java:setRole(321)) - 47858208-0de4-46ca-af6a-45b9f6a00c92@group-5D8652A3AABE: changes role from  FOLLOWER to CANDIDATE at term 2 for changeToCandidate
2022-11-04 01:08:13,676 [47858208-0de4-46ca-af6a-45b9f6a00c92@group-5D8652A3AABE-FollowerState] INFO  server.RaftServerConfigKeys (ConfUtils.java:logGet(46)) - raft.server.leaderelection.pre-vote = false (custom)
2022-11-04 01:08:13,676 [47858208-0de4-46ca-af6a-45b9f6a00c92@group-5D8652A3AABE-FollowerState] INFO  impl.RoleInfo (RoleInfo.java:updateAndGet(139)) - 47858208-0de4-46ca-af6a-45b9f6a00c92: start 47858208-0de4-46ca-af6a-45b9f6a00c92@group-5D8652A3AABE-LeaderElection24
2022-11-04 01:08:13,678 [47858208-0de4-46ca-af6a-45b9f6a00c92@group-5D8652A3AABE-LeaderElection24] INFO  impl.LeaderElection (LeaderElection.java:askForVotes(312)) - 47858208-0de4-46ca-af6a-45b9f6a00c92@group-5D8652A3AABE-LeaderElection24 ELECTION round 0: submit vote requests at term 3 for -1: peers:[47858208-0de4-46ca-af6a-45b9f6a00c92|rpc:10.1.0.17:42645|priority:0|startupRole:FOLLOWER, e73ed4bb-a433-4ecd-b93a-d0b4e16433ed|rpc:10.1.0.17:37481|priority:0|startupRole:FOLLOWER, 914271eb-14eb-4bb5-b4be-b6b4d3827766|rpc:10.1.0.17:40663|priority:1|startupRole:FOLLOWER]|listeners:[], old=null
2022-11-04 01:08:13,678 [47858208-0de4-46ca-af6a-45b9f6a00c92@group-5D8652A3AABE-LeaderElection24] INFO  server.RaftServerConfigKeys (ConfUtils.java:logFallback(53)) - raft.server.rpc.first-election.timeout.min = 5s (fallback to raft.server.rpc.timeout.min)
2022-11-04 01:08:13,679 [47858208-0de4-46ca-af6a-45b9f6a00c92@group-5D8652A3AABE-LeaderElection24] INFO  server.RaftServerConfigKeys (ConfUtils.java:logFallback(53)) - raft.server.rpc.first-election.timeout.max = 5200ms (fallback to raft.server.rpc.timeout.max)
2022-11-04 01:08:13,681 [grpc-default-executor-8] INFO  server.RaftServer$Division (RaftServerImpl.java:requestVote(1218)) - e73ed4bb-a433-4ecd-b93a-d0b4e16433ed@group-5D8652A3AABE: receive requestVote(ELECTION, 47858208-0de4-46ca-af6a-45b9f6a00c92, group-5D8652A3AABE, 3, (t:0, i:0))
2022-11-04 01:08:13,681 [grpc-default-executor-8] INFO  impl.VoteContext (VoteContext.java:log(48)) - e73ed4bb-a433-4ecd-b93a-d0b4e16433ed@group-5D8652A3AABE-FOLLOWER: accept ELECTION from 47858208-0de4-46ca-af6a-45b9f6a00c92: our priority 0 <= candidate's priority 0
2022-11-04 01:08:13,681 [grpc-default-executor-8] INFO  server.RaftServer$Division (RaftServerImpl.java:setRole(321)) - e73ed4bb-a433-4ecd-b93a-d0b4e16433ed@group-5D8652A3AABE: changes role from  FOLLOWER to FOLLOWER at term 3 for candidate:47858208-0de4-46ca-af6a-45b9f6a00c92
2022-11-04 01:08:13,681 [grpc-default-executor-8] INFO  impl.RoleInfo (RoleInfo.java:shutdownFollowerState(110)) - e73ed4bb-a433-4ecd-b93a-d0b4e16433ed: shutdown e73ed4bb-a433-4ecd-b93a-d0b4e16433ed@group-5D8652A3AABE-FollowerState
2022-11-04 01:08:13,681 [grpc-default-executor-8] INFO  impl.RoleInfo (RoleInfo.java:updateAndGet(139)) - e73ed4bb-a433-4ecd-b93a-d0b4e16433ed: start e73ed4bb-a433-4ecd-b93a-d0b4e16433ed@group-5D8652A3AABE-FollowerState
2022-11-04 01:08:13,681 [e73ed4bb-a433-4ecd-b93a-d0b4e16433ed@group-5D8652A3AABE-FollowerState] INFO  impl.FollowerState (FollowerState.java:run(152)) - e73ed4bb-a433-4ecd-b93a-d0b4e16433ed@group-5D8652A3AABE-FollowerState was interrupted
2022-11-04 01:08:13,682 [grpc-default-executor-4] INFO  server.RaftServer$Division (RaftServerImpl.java:requestVote(1218)) - 914271eb-14eb-4bb5-b4be-b6b4d3827766@group-5D8652A3AABE: receive requestVote(ELECTION, 47858208-0de4-46ca-af6a-45b9f6a00c92, group-5D8652A3AABE, 3, (t:0, i:0))
2022-11-04 01:08:13,682 [grpc-default-executor-4] INFO  impl.VoteContext (VoteContext.java:log(48)) - 914271eb-14eb-4bb5-b4be-b6b4d3827766@group-5D8652A3AABE-FOLLOWER: reject ELECTION from 47858208-0de4-46ca-af6a-45b9f6a00c92: our priority 1 > candidate's priority 0
2022-11-04 01:08:13,682 [grpc-default-executor-4] INFO  server.RaftServer$Division (RaftServerImpl.java:setRole(321)) - 914271eb-14eb-4bb5-b4be-b6b4d3827766@group-5D8652A3AABE: changes role from  FOLLOWER to FOLLOWER at term 3 for candidate:47858208-0de4-46ca-af6a-45b9f6a00c92
2022-11-04 01:08:13,682 [grpc-default-executor-4] INFO  impl.RoleInfo (RoleInfo.java:shutdownFollowerState(110)) - 914271eb-14eb-4bb5-b4be-b6b4d3827766: shutdown 914271eb-14eb-4bb5-b4be-b6b4d3827766@group-5D8652A3AABE-FollowerState
2022-11-04 01:08:13,682 [grpc-default-executor-4] INFO  impl.RoleInfo (RoleInfo.java:updateAndGet(139)) - 914271eb-14eb-4bb5-b4be-b6b4d3827766: start 914271eb-14eb-4bb5-b4be-b6b4d3827766@group-5D8652A3AABE-FollowerState
2022-11-04 01:08:13,682 [914271eb-14eb-4bb5-b4be-b6b4d3827766@group-5D8652A3AABE-FollowerState] INFO  impl.FollowerState (FollowerState.java:run(152)) - 914271eb-14eb-4bb5-b4be-b6b4d3827766@group-5D8652A3AABE-FollowerState was interrupted
2022-11-04 01:08:13,684 [grpc-default-executor-4] INFO  server.RaftServer$Division (RaftServerImpl.java:requestVote(1251)) - 914271eb-14eb-4bb5-b4be-b6b4d3827766@group-5D8652A3AABE replies to ELECTION vote request: 47858208-0de4-46ca-af6a-45b9f6a00c92<-914271eb-14eb-4bb5-b4be-b6b4d3827766#0:FAIL-t3. Peer's state: 914271eb-14eb-4bb5-b4be-b6b4d3827766@group-5D8652A3AABE:t3, leader=null, voted=null, raftlog=Memoized:914271eb-14eb-4bb5-b4be-b6b4d3827766@group-5D8652A3AABE-SegmentedRaftLog:OPENED:c-1, conf=-1: peers:[47858208-0de4-46ca-af6a-45b9f6a00c92|rpc:10.1.0.17:42645|dataStream:|priority:0|startupRole:FOLLOWER, e73ed4bb-a433-4ecd-b93a-d0b4e16433ed|rpc:10.1.0.17:37481|dataStream:|priority:0|startupRole:FOLLOWER, 914271eb-14eb-4bb5-b4be-b6b4d3827766|rpc:10.1.0.17:40663|dataStream:|priority:1|startupRole:FOLLOWER]|listeners:[], old=null
2022-11-04 01:08:13,684 [grpc-default-executor-8] INFO  server.RaftServer$Division (RaftServerImpl.java:requestVote(1251)) - e73ed4bb-a433-4ecd-b93a-d0b4e16433ed@group-5D8652A3AABE replies to ELECTION vote request: 47858208-0de4-46ca-af6a-45b9f6a00c92<-e73ed4bb-a433-4ecd-b93a-d0b4e16433ed#0:OK-t3. Peer's state: e73ed4bb-a433-4ecd-b93a-d0b4e16433ed@group-5D8652A3AABE:t3, leader=null, voted=47858208-0de4-46ca-af6a-45b9f6a00c92, raftlog=Memoized:e73ed4bb-a433-4ecd-b93a-d0b4e16433ed@group-5D8652A3AABE-SegmentedRaftLog:OPENED:c-1, conf=-1: peers:[47858208-0de4-46ca-af6a-45b9f6a00c92|rpc:10.1.0.17:42645|dataStream:|priority:0|startupRole:FOLLOWER, e73ed4bb-a433-4ecd-b93a-d0b4e16433ed|rpc:10.1.0.17:37481|dataStream:|priority:0|startupRole:FOLLOWER, 914271eb-14eb-4bb5-b4be-b6b4d3827766|rpc:10.1.0.17:40663|dataStream:|priority:1|startupRole:FOLLOWER]|listeners:[], old=null
2022-11-04 01:08:13,685 [47858208-0de4-46ca-af6a-45b9f6a00c92@group-5D8652A3AABE-LeaderElection24] INFO  impl.LeaderElection (LeaderElection.java:logAndReturn(90)) - 47858208-0de4-46ca-af6a-45b9f6a00c92@group-5D8652A3AABE-LeaderElection24: ELECTION REJECTED received 2 response(s) and 0 exception(s):
2022-11-04 01:08:13,685 [e73ed4bb-a433-4ecd-b93a-d0b4e16433ed@group-5D8652A3AABE-FollowerState] INFO  server.RaftServerConfigKeys (ConfUtils.java:logFallback(53)) - raft.server.rpc.first-election.timeout.min = 5s (fallback to raft.server.rpc.timeout.min)
2022-11-04 01:08:13,685 [e73ed4bb-a433-4ecd-b93a-d0b4e16433ed@group-5D8652A3AABE-FollowerState] INFO  server.RaftServerConfigKeys (ConfUtils.java:logFallback(53)) - raft.server.rpc.first-election.timeout.max = 5200ms (fallback to raft.server.rpc.timeout.max)
2022-11-04 01:08:13,685 [47858208-0de4-46ca-af6a-45b9f6a00c92@group-5D8652A3AABE-LeaderElection24] INFO  impl.LeaderElection (LeaderElection.java:logAndReturn(94)) -   Response 0: 47858208-0de4-46ca-af6a-45b9f6a00c92<-e73ed4bb-a433-4ecd-b93a-d0b4e16433ed#0:OK-t3
2022-11-04 01:08:13,686 [47858208-0de4-46ca-af6a-45b9f6a00c92@group-5D8652A3AABE-LeaderElection24] INFO  impl.LeaderElection (LeaderElection.java:logAndReturn(94)) -   Response 1: 47858208-0de4-46ca-af6a-45b9f6a00c92<-914271eb-14eb-4bb5-b4be-b6b4d3827766#0:FAIL-t3
2022-11-04 01:08:13,686 [47858208-0de4-46ca-af6a-45b9f6a00c92@group-5D8652A3AABE-LeaderElection24] INFO  impl.LeaderElection (LeaderElection.java:askForVotes(314)) - 47858208-0de4-46ca-af6a-45b9f6a00c92@group-5D8652A3AABE-LeaderElection24 ELECTION round 0: result REJECTED
2022-11-04 01:08:13,686 [47858208-0de4-46ca-af6a-45b9f6a00c92@group-5D8652A3AABE-LeaderElection24] INFO  server.RaftServer$Division (RaftServerImpl.java:setRole(321)) - 47858208-0de4-46ca-af6a-45b9f6a00c92@group-5D8652A3AABE: changes role from CANDIDATE to FOLLOWER at term 3 for REJECTED
2022-11-04 01:08:13,686 [47858208-0de4-46ca-af6a-45b9f6a00c92@group-5D8652A3AABE-LeaderElection24] INFO  impl.RoleInfo (RoleInfo.java:shutdownLeaderElection(130)) - 47858208-0de4-46ca-af6a-45b9f6a00c92: shutdown 47858208-0de4-46ca-af6a-45b9f6a00c92@group-5D8652A3AABE-LeaderElection24
2022-11-04 01:08:13,686 [47858208-0de4-46ca-af6a-45b9f6a00c92@group-5D8652A3AABE-LeaderElection24] INFO  impl.RoleInfo (RoleInfo.java:updateAndGet(139)) - 47858208-0de4-46ca-af6a-45b9f6a00c92: start 47858208-0de4-46ca-af6a-45b9f6a00c92@group-5D8652A3AABE-FollowerState
2022-11-04 01:08:13,687 [47858208-0de4-46ca-af6a-45b9f6a00c92@group-5D8652A3AABE-FollowerState] INFO  server.RaftServerConfigKeys (ConfUtils.java:logFallback(53)) - raft.server.rpc.first-election.timeout.min = 5s (fallback to raft.server.rpc.timeout.min)
2022-11-04 01:08:13,687 [47858208-0de4-46ca-af6a-45b9f6a00c92@group-5D8652A3AABE-FollowerState] INFO  server.RaftServerConfigKeys (ConfUtils.java:logFallback(53)) - raft.server.rpc.first-election.timeout.max = 5200ms (fallback to raft.server.rpc.timeout.max)
2022-11-04 01:08:13,687 [914271eb-14eb-4bb5-b4be-b6b4d3827766@group-5D8652A3AABE-FollowerState] INFO  server.RaftServerConfigKeys (ConfUtils.java:logFallback(53)) - raft.server.rpc.first-election.timeout.min = 5s (fallback to raft.server.rpc.timeout.min)
2022-11-04 01:08:13,687 [914271eb-14eb-4bb5-b4be-b6b4d3827766@group-5D8652A3AABE-FollowerState] INFO  server.RaftServerConfigKeys (ConfUtils.java:logFallback(53)) - raft.server.rpc.first-election.timeout.max = 5200ms (fallback to raft.server.rpc.timeout.max)
2022-11-04 01:08:18,791 [e73ed4bb-a433-4ecd-b93a-d0b4e16433ed@group-5D8652A3AABE-FollowerState] INFO  impl.FollowerState (FollowerState.java:run(143)) - e73ed4bb-a433-4ecd-b93a-d0b4e16433ed@group-5D8652A3AABE-FollowerState: change to CANDIDATE, lastRpcElapsedTime:5106519552ns, electionTimeout:5105ms
2022-11-04 01:08:18,791 [e73ed4bb-a433-4ecd-b93a-d0b4e16433ed@group-5D8652A3AABE-FollowerState] INFO  impl.RoleInfo (RoleInfo.java:shutdownFollowerState(110)) - e73ed4bb-a433-4ecd-b93a-d0b4e16433ed: shutdown e73ed4bb-a433-4ecd-b93a-d0b4e16433ed@group-5D8652A3AABE-FollowerState
2022-11-04 01:08:18,791 [e73ed4bb-a433-4ecd-b93a-d0b4e16433ed@group-5D8652A3AABE-FollowerState] INFO  server.RaftServer$Division (RaftServerImpl.java:setRole(321)) - e73ed4bb-a433-4ecd-b93a-d0b4e16433ed@group-5D8652A3AABE: changes role from  FOLLOWER to CANDIDATE at term 3 for changeToCandidate
2022-11-04 01:08:18,791 [e73ed4bb-a433-4ecd-b93a-d0b4e16433ed@group-5D8652A3AABE-FollowerState] INFO  server.RaftServerConfigKeys (ConfUtils.java:logGet(46)) - raft.server.leaderelection.pre-vote = false (custom)
2022-11-04 01:08:18,791 [e73ed4bb-a433-4ecd-b93a-d0b4e16433ed@group-5D8652A3AABE-FollowerState] INFO  impl.RoleInfo (RoleInfo.java:updateAndGet(139)) - e73ed4bb-a433-4ecd-b93a-d0b4e16433ed: start e73ed4bb-a433-4ecd-b93a-d0b4e16433ed@group-5D8652A3AABE-LeaderElection25
2022-11-04 01:08:18,794 [e73ed4bb-a433-4ecd-b93a-d0b4e16433ed@group-5D8652A3AABE-LeaderElection25] INFO  impl.LeaderElection (LeaderElection.java:askForVotes(312)) - e73ed4bb-a433-4ecd-b93a-d0b4e16433ed@group-5D8652A3AABE-LeaderElection25 ELECTION round 0: submit vote requests at term 4 for -1: peers:[47858208-0de4-46ca-af6a-45b9f6a00c92|rpc:10.1.0.17:42645|dataStream:|priority:0|startupRole:FOLLOWER, e73ed4bb-a433-4ecd-b93a-d0b4e16433ed|rpc:10.1.0.17:37481|dataStream:|priority:0|startupRole:FOLLOWER, 914271eb-14eb-4bb5-b4be-b6b4d3827766|rpc:10.1.0.17:40663|dataStream:|priority:1|startupRole:FOLLOWER]|listeners:[], old=null
2022-11-04 01:08:18,794 [e73ed4bb-a433-4ecd-b93a-d0b4e16433ed@group-5D8652A3AABE-LeaderElection25] INFO  server.RaftServerConfigKeys (ConfUtils.java:logFallback(53)) - raft.server.rpc.first-election.timeout.min = 5s (fallback to raft.server.rpc.timeout.min)
2022-11-04 01:08:18,794 [e73ed4bb-a433-4ecd-b93a-d0b4e16433ed@group-5D8652A3AABE-LeaderElection25] INFO  server.RaftServerConfigKeys (ConfUtils.java:logFallback(53)) - raft.server.rpc.first-election.timeout.max = 5200ms (fallback to raft.server.rpc.timeout.max)
2022-11-04 01:08:18,796 [grpc-default-executor-8] INFO  server.RaftServer$Division (RaftServerImpl.java:requestVote(1218)) - 47858208-0de4-46ca-af6a-45b9f6a00c92@group-5D8652A3AABE: receive requestVote(ELECTION, e73ed4bb-a433-4ecd-b93a-d0b4e16433ed, group-5D8652A3AABE, 4, (t:0, i:0))
2022-11-04 01:08:18,797 [grpc-default-executor-8] INFO  impl.VoteContext (VoteContext.java:log(48)) - 47858208-0de4-46ca-af6a-45b9f6a00c92@group-5D8652A3AABE-FOLLOWER: accept ELECTION from e73ed4bb-a433-4ecd-b93a-d0b4e16433ed: our priority 0 <= candidate's priority 0
2022-11-04 01:08:18,797 [grpc-default-executor-8] INFO  server.RaftServer$Division (RaftServerImpl.java:setRole(321)) - 47858208-0de4-46ca-af6a-45b9f6a00c92@group-5D8652A3AABE: changes role from  FOLLOWER to FOLLOWER at term 4 for candidate:e73ed4bb-a433-4ecd-b93a-d0b4e16433ed
2022-11-04 01:08:18,797 [grpc-default-executor-8] INFO  impl.RoleInfo (RoleInfo.java:shutdownFollowerState(110)) - 47858208-0de4-46ca-af6a-45b9f6a00c92: shutdown 47858208-0de4-46ca-af6a-45b9f6a00c92@group-5D8652A3AABE-FollowerState
2022-11-04 01:08:18,797 [grpc-default-executor-8] INFO  impl.RoleInfo (RoleInfo.java:updateAndGet(139)) - 47858208-0de4-46ca-af6a-45b9f6a00c92: start 47858208-0de4-46ca-af6a-45b9f6a00c92@group-5D8652A3AABE-FollowerState
2022-11-04 01:08:18,797 [47858208-0de4-46ca-af6a-45b9f6a00c92@group-5D8652A3AABE-FollowerState] INFO  impl.FollowerState (FollowerState.java:run(152)) - 47858208-0de4-46ca-af6a-45b9f6a00c92@group-5D8652A3AABE-FollowerState was interrupted
2022-11-04 01:08:18,797 [grpc-default-executor-4] INFO  server.RaftServer$Division (RaftServerImpl.java:requestVote(1218)) - 914271eb-14eb-4bb5-b4be-b6b4d3827766@group-5D8652A3AABE: receive requestVote(ELECTION, e73ed4bb-a433-4ecd-b93a-d0b4e16433ed, group-5D8652A3AABE, 4, (t:0, i:0))
2022-11-04 01:08:18,797 [grpc-default-executor-4] INFO  impl.VoteContext (VoteContext.java:log(48)) - 914271eb-14eb-4bb5-b4be-b6b4d3827766@group-5D8652A3AABE-FOLLOWER: reject ELECTION from e73ed4bb-a433-4ecd-b93a-d0b4e16433ed: our priority 1 > candidate's priority 0
2022-11-04 01:08:18,797 [grpc-default-executor-4] INFO  server.RaftServer$Division (RaftServerImpl.java:setRole(321)) - 914271eb-14eb-4bb5-b4be-b6b4d3827766@group-5D8652A3AABE: changes role from  FOLLOWER to FOLLOWER at term 4 for candidate:e73ed4bb-a433-4ecd-b93a-d0b4e16433ed
2022-11-04 01:08:18,797 [grpc-default-executor-4] INFO  impl.RoleInfo (RoleInfo.java:shutdownFollowerState(110)) - 914271eb-14eb-4bb5-b4be-b6b4d3827766: shutdown 914271eb-14eb-4bb5-b4be-b6b4d3827766@group-5D8652A3AABE-FollowerState
2022-11-04 01:08:18,797 [grpc-default-executor-4] INFO  impl.RoleInfo (RoleInfo.java:updateAndGet(139)) - 914271eb-14eb-4bb5-b4be-b6b4d3827766: start 914271eb-14eb-4bb5-b4be-b6b4d3827766@group-5D8652A3AABE-FollowerState
2022-11-04 01:08:18,800 [grpc-default-executor-8] INFO  server.RaftServer$Division (RaftServerImpl.java:requestVote(1251)) - 47858208-0de4-46ca-af6a-45b9f6a00c92@group-5D8652A3AABE replies to ELECTION vote request: e73ed4bb-a433-4ecd-b93a-d0b4e16433ed<-47858208-0de4-46ca-af6a-45b9f6a00c92#0:OK-t4. Peer's state: 47858208-0de4-46ca-af6a-45b9f6a00c92@group-5D8652A3AABE:t4, leader=null, voted=e73ed4bb-a433-4ecd-b93a-d0b4e16433ed, raftlog=Memoized:47858208-0de4-46ca-af6a-45b9f6a00c92@group-5D8652A3AABE-SegmentedRaftLog:OPENED:c-1, conf=-1: peers:[47858208-0de4-46ca-af6a-45b9f6a00c92|rpc:10.1.0.17:42645|priority:0|startupRole:FOLLOWER, e73ed4bb-a433-4ecd-b93a-d0b4e16433ed|rpc:10.1.0.17:37481|priority:0|startupRole:FOLLOWER, 914271eb-14eb-4bb5-b4be-b6b4d3827766|rpc:10.1.0.17:40663|priority:1|startupRole:FOLLOWER]|listeners:[], old=null
2022-11-04 01:08:18,802 [grpc-default-executor-4] INFO  server.RaftServer$Division (RaftServerImpl.java:requestVote(1251)) - 914271eb-14eb-4bb5-b4be-b6b4d3827766@group-5D8652A3AABE replies to ELECTION vote request: e73ed4bb-a433-4ecd-b93a-d0b4e16433ed<-914271eb-14eb-4bb5-b4be-b6b4d3827766#0:FAIL-t4. Peer's state: 914271eb-14eb-4bb5-b4be-b6b4d3827766@group-5D8652A3AABE:t4, leader=null, voted=null, raftlog=Memoized:914271eb-14eb-4bb5-b4be-b6b4d3827766@group-5D8652A3AABE-SegmentedRaftLog:OPENED:c-1, conf=-1: peers:[47858208-0de4-46ca-af6a-45b9f6a00c92|rpc:10.1.0.17:42645|dataStream:|priority:0|startupRole:FOLLOWER, e73ed4bb-a433-4ecd-b93a-d0b4e16433ed|rpc:10.1.0.17:37481|dataStream:|priority:0|startupRole:FOLLOWER, 914271eb-14eb-4bb5-b4be-b6b4d3827766|rpc:10.1.0.17:40663|dataStream:|priority:1|startupRole:FOLLOWER]|listeners:[], old=null
2022-11-04 01:08:18,804 [e73ed4bb-a433-4ecd-b93a-d0b4e16433ed@group-5D8652A3AABE-LeaderElection25] INFO  impl.LeaderElection (LeaderElection.java:logAndReturn(90)) - e73ed4bb-a433-4ecd-b93a-d0b4e16433ed@group-5D8652A3AABE-LeaderElection25: ELECTION REJECTED received 2 response(s) and 0 exception(s):
2022-11-04 01:08:18,804 [e73ed4bb-a433-4ecd-b93a-d0b4e16433ed@group-5D8652A3AABE-LeaderElection25] INFO  impl.LeaderElection (LeaderElection.java:logAndReturn(94)) -   Response 0: e73ed4bb-a433-4ecd-b93a-d0b4e16433ed<-47858208-0de4-46ca-af6a-45b9f6a00c92#0:OK-t4
2022-11-04 01:08:18,804 [e73ed4bb-a433-4ecd-b93a-d0b4e16433ed@group-5D8652A3AABE-LeaderElection25] INFO  impl.LeaderElection (LeaderElection.java:logAndReturn(94)) -   Response 1: e73ed4bb-a433-4ecd-b93a-d0b4e16433ed<-914271eb-14eb-4bb5-b4be-b6b4d3827766#0:FAIL-t4
2022-11-04 01:08:18,804 [e73ed4bb-a433-4ecd-b93a-d0b4e16433ed@group-5D8652A3AABE-LeaderElection25] INFO  impl.LeaderElection (LeaderElection.java:askForVotes(314)) - e73ed4bb-a433-4ecd-b93a-d0b4e16433ed@group-5D8652A3AABE-LeaderElection25 ELECTION round 0: result REJECTED
2022-11-04 01:08:18,804 [e73ed4bb-a433-4ecd-b93a-d0b4e16433ed@group-5D8652A3AABE-LeaderElection25] INFO  server.RaftServer$Division (RaftServerImpl.java:setRole(321)) - e73ed4bb-a433-4ecd-b93a-d0b4e16433ed@group-5D8652A3AABE: changes role from CANDIDATE to FOLLOWER at term 4 for REJECTED
2022-11-04 01:08:18,804 [e73ed4bb-a433-4ecd-b93a-d0b4e16433ed@group-5D8652A3AABE-LeaderElection25] INFO  impl.RoleInfo (RoleInfo.java:shutdownLeaderElection(130)) - e73ed4bb-a433-4ecd-b93a-d0b4e16433ed: shutdown e73ed4bb-a433-4ecd-b93a-d0b4e16433ed@group-5D8652A3AABE-LeaderElection25
2022-11-04 01:08:18,804 [e73ed4bb-a433-4ecd-b93a-d0b4e16433ed@group-5D8652A3AABE-LeaderElection25] INFO  impl.RoleInfo (RoleInfo.java:updateAndGet(139)) - e73ed4bb-a433-4ecd-b93a-d0b4e16433ed: start e73ed4bb-a433-4ecd-b93a-d0b4e16433ed@group-5D8652A3AABE-FollowerState
2022-11-04 01:08:18,807 [914271eb-14eb-4bb5-b4be-b6b4d3827766@group-5D8652A3AABE-FollowerState] INFO  server.RaftServerConfigKeys (ConfUtils.java:logFallback(53)) - raft.server.rpc.first-election.timeout.min = 5s (fallback to raft.server.rpc.timeout.min)
2022-11-04 01:08:18,807 [914271eb-14eb-4bb5-b4be-b6b4d3827766@group-5D8652A3AABE-FollowerState] INFO  server.RaftServerConfigKeys (ConfUtils.java:logFallback(53)) - raft.server.rpc.first-election.timeout.max = 5200ms (fallback to raft.server.rpc.timeout.max)
2022-11-04 01:08:18,814 [914271eb-14eb-4bb5-b4be-b6b4d3827766@group-5D8652A3AABE-FollowerState] INFO  impl.FollowerState (FollowerState.java:run(152)) - 914271eb-14eb-4bb5-b4be-b6b4d3827766@group-5D8652A3AABE-FollowerState was interrupted
2022-11-04 01:08:18,820 [47858208-0de4-46ca-af6a-45b9f6a00c92@group-5D8652A3AABE-FollowerState] INFO  server.RaftServerConfigKeys (ConfUtils.java:logFallback(53)) - raft.server.rpc.first-election.timeout.min = 5s (fallback to raft.server.rpc.timeout.min)
2022-11-04 01:08:18,820 [47858208-0de4-46ca-af6a-45b9f6a00c92@group-5D8652A3AABE-FollowerState] INFO  server.RaftServerConfigKeys (ConfUtils.java:logFallback(53)) - raft.server.rpc.first-election.timeout.max = 5200ms (fallback to raft.server.rpc.timeout.max)
2022-11-04 01:08:18,820 [e73ed4bb-a433-4ecd-b93a-d0b4e16433ed@group-5D8652A3AABE-FollowerState] INFO  server.RaftServerConfigKeys (ConfUtils.java:logFallback(53)) - raft.server.rpc.first-election.timeout.min = 5s (fallback to raft.server.rpc.timeout.min)
2022-11-04 01:08:18,821 [e73ed4bb-a433-4ecd-b93a-d0b4e16433ed@group-5D8652A3AABE-FollowerState] INFO  server.RaftServerConfigKeys (ConfUtils.java:logFallback(53)) - raft.server.rpc.first-election.timeout.max = 5200ms (fallback to raft.server.rpc.timeout.max)
2022-11-04 01:08:23,854 [e73ed4bb-a433-4ecd-b93a-d0b4e16433ed@group-5D8652A3AABE-FollowerState] INFO  impl.FollowerState (FollowerState.java:run(143)) - e73ed4bb-a433-4ecd-b93a-d0b4e16433ed@group-5D8652A3AABE-FollowerState: change to CANDIDATE, lastRpcElapsedTime:5049987672ns, electionTimeout:5033ms
2022-11-04 01:08:23,854 [e73ed4bb-a433-4ecd-b93a-d0b4e16433ed@group-5D8652A3AABE-FollowerState] INFO  impl.RoleInfo (RoleInfo.java:shutdownFollowerState(110)) - e73ed4bb-a433-4ecd-b93a-d0b4e16433ed: shutdown e73ed4bb-a433-4ecd-b93a-d0b4e16433ed@group-5D8652A3AABE-FollowerState
2022-11-04 01:08:23,854 [e73ed4bb-a433-4ecd-b93a-d0b4e16433ed@group-5D8652A3AABE-FollowerState] INFO  server.RaftServer$Division (RaftServerImpl.java:setRole(321)) - e73ed4bb-a433-4ecd-b93a-d0b4e16433ed@group-5D8652A3AABE: changes role from  FOLLOWER to CANDIDATE at term 4 for changeToCandidate
2022-11-04 01:08:23,854 [e73ed4bb-a433-4ecd-b93a-d0b4e16433ed@group-5D8652A3AABE-FollowerState] INFO  server.RaftServerConfigKeys (ConfUtils.java:logGet(46)) - raft.server.leaderelection.pre-vote = false (custom)
2022-11-04 01:08:23,854 [e73ed4bb-a433-4ecd-b93a-d0b4e16433ed@group-5D8652A3AABE-FollowerState] INFO  impl.RoleInfo (RoleInfo.java:updateAndGet(139)) - e73ed4bb-a433-4ecd-b93a-d0b4e16433ed: start e73ed4bb-a433-4ecd-b93a-d0b4e16433ed@group-5D8652A3AABE-LeaderElection26
2022-11-04 01:08:23,858 [e73ed4bb-a433-4ecd-b93a-d0b4e16433ed@group-5D8652A3AABE-LeaderElection26] INFO  impl.LeaderElection (LeaderElection.java:askForVotes(312)) - e73ed4bb-a433-4ecd-b93a-d0b4e16433ed@group-5D8652A3AABE-LeaderElection26 ELECTION round 0: submit vote requests at term 5 for -1: peers:[47858208-0de4-46ca-af6a-45b9f6a00c92|rpc:10.1.0.17:42645|dataStream:|priority:0|startupRole:FOLLOWER, e73ed4bb-a433-4ecd-b93a-d0b4e16433ed|rpc:10.1.0.17:37481|dataStream:|priority:0|startupRole:FOLLOWER, 914271eb-14eb-4bb5-b4be-b6b4d3827766|rpc:10.1.0.17:40663|dataStream:|priority:1|startupRole:FOLLOWER]|listeners:[], old=null
2022-11-04 01:08:23,858 [e73ed4bb-a433-4ecd-b93a-d0b4e16433ed@group-5D8652A3AABE-LeaderElection26] INFO  server.RaftServerConfigKeys (ConfUtils.java:logFallback(53)) - raft.server.rpc.first-election.timeout.min = 5s (fallback to raft.server.rpc.timeout.min)
2022-11-04 01:08:23,858 [e73ed4bb-a433-4ecd-b93a-d0b4e16433ed@group-5D8652A3AABE-LeaderElection26] INFO  server.RaftServerConfigKeys (ConfUtils.java:logFallback(53)) - raft.server.rpc.first-election.timeout.max = 5200ms (fallback to raft.server.rpc.timeout.max)
2022-11-04 01:08:23,861 [grpc-default-executor-4] INFO  server.RaftServer$Division (RaftServerImpl.java:requestVote(1218)) - 47858208-0de4-46ca-af6a-45b9f6a00c92@group-5D8652A3AABE: receive requestVote(ELECTION, e73ed4bb-a433-4ecd-b93a-d0b4e16433ed, group-5D8652A3AABE, 5, (t:0, i:0))
2022-11-04 01:08:23,861 [grpc-default-executor-4] INFO  impl.VoteContext (VoteContext.java:log(48)) - 47858208-0de4-46ca-af6a-45b9f6a00c92@group-5D8652A3AABE-FOLLOWER: accept ELECTION from e73ed4bb-a433-4ecd-b93a-d0b4e16433ed: our priority 0 <= candidate's priority 0
2022-11-04 01:08:23,861 [grpc-default-executor-4] INFO  server.RaftServer$Division (RaftServerImpl.java:setRole(321)) - 47858208-0de4-46ca-af6a-45b9f6a00c92@group-5D8652A3AABE: changes role from  FOLLOWER to FOLLOWER at term 5 for candidate:e73ed4bb-a433-4ecd-b93a-d0b4e16433ed
2022-11-04 01:08:23,861 [grpc-default-executor-4] INFO  impl.RoleInfo (RoleInfo.java:shutdownFollowerState(110)) - 47858208-0de4-46ca-af6a-45b9f6a00c92: shutdown 47858208-0de4-46ca-af6a-45b9f6a00c92@group-5D8652A3AABE-FollowerState
2022-11-04 01:08:23,861 [grpc-default-executor-4] INFO  impl.RoleInfo (RoleInfo.java:updateAndGet(139)) - 47858208-0de4-46ca-af6a-45b9f6a00c92: start 47858208-0de4-46ca-af6a-45b9f6a00c92@group-5D8652A3AABE-FollowerState
2022-11-04 01:08:23,862 [47858208-0de4-46ca-af6a-45b9f6a00c92@group-5D8652A3AABE-FollowerState] INFO  server.RaftServerConfigKeys (ConfUtils.java:logFallback(53)) - raft.server.rpc.first-election.timeout.min = 5s (fallback to raft.server.rpc.timeout.min)
2022-11-04 01:08:23,862 [47858208-0de4-46ca-af6a-45b9f6a00c92@group-5D8652A3AABE-FollowerState] INFO  server.RaftServerConfigKeys (ConfUtils.java:logFallback(53)) - raft.server.rpc.first-election.timeout.max = 5200ms (fallback to raft.server.rpc.timeout.max)
2022-11-04 01:08:23,862 [47858208-0de4-46ca-af6a-45b9f6a00c92@group-5D8652A3AABE-FollowerState] INFO  impl.FollowerState (FollowerState.java:run(152)) - 47858208-0de4-46ca-af6a-45b9f6a00c92@group-5D8652A3AABE-FollowerState was interrupted
2022-11-04 01:08:23,864 [grpc-default-executor-4] INFO  server.RaftServer$Division (RaftServerImpl.java:requestVote(1251)) - 47858208-0de4-46ca-af6a-45b9f6a00c92@group-5D8652A3AABE replies to ELECTION vote request: e73ed4bb-a433-4ecd-b93a-d0b4e16433ed<-47858208-0de4-46ca-af6a-45b9f6a00c92#0:OK-t5. Peer's state: 47858208-0de4-46ca-af6a-45b9f6a00c92@group-5D8652A3AABE:t5, leader=null, voted=e73ed4bb-a433-4ecd-b93a-d0b4e16433ed, raftlog=Memoized:47858208-0de4-46ca-af6a-45b9f6a00c92@group-5D8652A3AABE-SegmentedRaftLog:OPENED:c-1, conf=-1: peers:[47858208-0de4-46ca-af6a-45b9f6a00c92|rpc:10.1.0.17:42645|priority:0|startupRole:FOLLOWER, e73ed4bb-a433-4ecd-b93a-d0b4e16433ed|rpc:10.1.0.17:37481|priority:0|startupRole:FOLLOWER, 914271eb-14eb-4bb5-b4be-b6b4d3827766|rpc:10.1.0.17:40663|priority:1|startupRole:FOLLOWER]|listeners:[], old=null
2022-11-04 01:08:23,865 [grpc-default-executor-8] INFO  server.RaftServer$Division (RaftServerImpl.java:requestVote(1218)) - 914271eb-14eb-4bb5-b4be-b6b4d3827766@group-5D8652A3AABE: receive requestVote(ELECTION, e73ed4bb-a433-4ecd-b93a-d0b4e16433ed, group-5D8652A3AABE, 5, (t:0, i:0))
2022-11-04 01:08:23,865 [grpc-default-executor-8] INFO  impl.VoteContext (VoteContext.java:log(48)) - 914271eb-14eb-4bb5-b4be-b6b4d3827766@group-5D8652A3AABE-FOLLOWER: reject ELECTION from e73ed4bb-a433-4ecd-b93a-d0b4e16433ed: our priority 1 > candidate's priority 0
2022-11-04 01:08:23,865 [grpc-default-executor-8] INFO  server.RaftServer$Division (RaftServerImpl.java:setRole(321)) - 914271eb-14eb-4bb5-b4be-b6b4d3827766@group-5D8652A3AABE: changes role from  FOLLOWER to FOLLOWER at term 5 for candidate:e73ed4bb-a433-4ecd-b93a-d0b4e16433ed
2022-11-04 01:08:23,865 [grpc-default-executor-8] INFO  impl.RoleInfo (RoleInfo.java:shutdownFollowerState(110)) - 914271eb-14eb-4bb5-b4be-b6b4d3827766: shutdown 914271eb-14eb-4bb5-b4be-b6b4d3827766@group-5D8652A3AABE-FollowerState
2022-11-04 01:08:23,865 [grpc-default-executor-8] INFO  impl.RoleInfo (RoleInfo.java:updateAndGet(139)) - 914271eb-14eb-4bb5-b4be-b6b4d3827766: start 914271eb-14eb-4bb5-b4be-b6b4d3827766@group-5D8652A3AABE-FollowerState
2022-11-04 01:08:23,865 [914271eb-14eb-4bb5-b4be-b6b4d3827766@group-5D8652A3AABE-FollowerState] INFO  impl.FollowerState (FollowerState.java:run(152)) - 914271eb-14eb-4bb5-b4be-b6b4d3827766@group-5D8652A3AABE-FollowerState was interrupted
2022-11-04 01:08:23,872 [914271eb-14eb-4bb5-b4be-b6b4d3827766@group-5D8652A3AABE-FollowerState] INFO  server.RaftServerConfigKeys (ConfUtils.java:logFallback(53)) - raft.server.rpc.first-election.timeout.min = 5s (fallback to raft.server.rpc.timeout.min)
2022-11-04 01:08:23,872 [914271eb-14eb-4bb5-b4be-b6b4d3827766@group-5D8652A3AABE-FollowerState] INFO  server.RaftServerConfigKeys (ConfUtils.java:logFallback(53)) - raft.server.rpc.first-election.timeout.max = 5200ms (fallback to raft.server.rpc.timeout.max)
2022-11-04 01:08:23,874 [grpc-default-executor-8] INFO  server.RaftServer$Division (RaftServerImpl.java:requestVote(1251)) - 914271eb-14eb-4bb5-b4be-b6b4d3827766@group-5D8652A3AABE replies to ELECTION vote request: e73ed4bb-a433-4ecd-b93a-d0b4e16433ed<-914271eb-14eb-4bb5-b4be-b6b4d3827766#0:FAIL-t5. Peer's state: 914271eb-14eb-4bb5-b4be-b6b4d3827766@group-5D8652A3AABE:t5, leader=null, voted=null, raftlog=Memoized:914271eb-14eb-4bb5-b4be-b6b4d3827766@group-5D8652A3AABE-SegmentedRaftLog:OPENED:c-1, conf=-1: peers:[47858208-0de4-46ca-af6a-45b9f6a00c92|rpc:10.1.0.17:42645|dataStream:|priority:0|startupRole:FOLLOWER, e73ed4bb-a433-4ecd-b93a-d0b4e16433ed|rpc:10.1.0.17:37481|dataStream:|priority:0|startupRole:FOLLOWER, 914271eb-14eb-4bb5-b4be-b6b4d3827766|rpc:10.1.0.17:40663|dataStream:|priority:1|startupRole:FOLLOWER]|listeners:[], old=null
2022-11-04 01:08:23,875 [e73ed4bb-a433-4ecd-b93a-d0b4e16433ed@group-5D8652A3AABE-LeaderElection26] INFO  impl.LeaderElection (LeaderElection.java:logAndReturn(90)) - e73ed4bb-a433-4ecd-b93a-d0b4e16433ed@group-5D8652A3AABE-LeaderElection26: ELECTION REJECTED received 2 response(s) and 0 exception(s):
2022-11-04 01:08:23,875 [e73ed4bb-a433-4ecd-b93a-d0b4e16433ed@group-5D8652A3AABE-LeaderElection26] INFO  impl.LeaderElection (LeaderElection.java:logAndReturn(94)) -   Response 0: e73ed4bb-a433-4ecd-b93a-d0b4e16433ed<-47858208-0de4-46ca-af6a-45b9f6a00c92#0:OK-t5
2022-11-04 01:08:23,875 [e73ed4bb-a433-4ecd-b93a-d0b4e16433ed@group-5D8652A3AABE-LeaderElection26] INFO  impl.LeaderElection (LeaderElection.java:logAndReturn(94)) -   Response 1: e73ed4bb-a433-4ecd-b93a-d0b4e16433ed<-914271eb-14eb-4bb5-b4be-b6b4d3827766#0:FAIL-t5
2022-11-04 01:08:23,875 [e73ed4bb-a433-4ecd-b93a-d0b4e16433ed@group-5D8652A3AABE-LeaderElection26] INFO  impl.LeaderElection (LeaderElection.java:askForVotes(314)) - e73ed4bb-a433-4ecd-b93a-d0b4e16433ed@group-5D8652A3AABE-LeaderElection26 ELECTION round 0: result REJECTED
2022-11-04 01:08:23,875 [e73ed4bb-a433-4ecd-b93a-d0b4e16433ed@group-5D8652A3AABE-LeaderElection26] INFO  server.RaftServer$Division (RaftServerImpl.java:setRole(321)) - e73ed4bb-a433-4ecd-b93a-d0b4e16433ed@group-5D8652A3AABE: changes role from CANDIDATE to FOLLOWER at term 5 for REJECTED
2022-11-04 01:08:23,875 [e73ed4bb-a433-4ecd-b93a-d0b4e16433ed@group-5D8652A3AABE-LeaderElection26] INFO  impl.RoleInfo (RoleInfo.java:shutdownLeaderElection(130)) - e73ed4bb-a433-4ecd-b93a-d0b4e16433ed: shutdown e73ed4bb-a433-4ecd-b93a-d0b4e16433ed@group-5D8652A3AABE-LeaderElection26
2022-11-04 01:08:23,875 [e73ed4bb-a433-4ecd-b93a-d0b4e16433ed@group-5D8652A3AABE-LeaderElection26] INFO  impl.RoleInfo (RoleInfo.java:updateAndGet(139)) - e73ed4bb-a433-4ecd-b93a-d0b4e16433ed: start e73ed4bb-a433-4ecd-b93a-d0b4e16433ed@group-5D8652A3AABE-FollowerState
2022-11-04 01:08:23,876 [e73ed4bb-a433-4ecd-b93a-d0b4e16433ed@group-5D8652A3AABE-FollowerState] INFO  server.RaftServerConfigKeys (ConfUtils.java:logFallback(53)) - raft.server.rpc.first-election.timeout.min = 5s (fallback to raft.server.rpc.timeout.min)
2022-11-04 01:08:23,876 [e73ed4bb-a433-4ecd-b93a-d0b4e16433ed@group-5D8652A3AABE-FollowerState] INFO  server.RaftServerConfigKeys (ConfUtils.java:logFallback(53)) - raft.server.rpc.first-election.timeout.max = 5200ms (fallback to raft.server.rpc.timeout.max)
2022-11-04 01:08:28,893 [914271eb-14eb-4bb5-b4be-b6b4d3827766@group-5D8652A3AABE-FollowerState] INFO  impl.FollowerState (FollowerState.java:run(143)) - 914271eb-14eb-4bb5-b4be-b6b4d3827766@group-5D8652A3AABE-FollowerState: change to CANDIDATE, lastRpcElapsedTime:5027647016ns, electionTimeout:5020ms
2022-11-04 01:08:28,893 [914271eb-14eb-4bb5-b4be-b6b4d3827766@group-5D8652A3AABE-FollowerState] INFO  impl.RoleInfo (RoleInfo.java:shutdownFollowerState(110)) - 914271eb-14eb-4bb5-b4be-b6b4d3827766: shutdown 914271eb-14eb-4bb5-b4be-b6b4d3827766@group-5D8652A3AABE-FollowerState
2022-11-04 01:08:28,893 [914271eb-14eb-4bb5-b4be-b6b4d3827766@group-5D8652A3AABE-FollowerState] INFO  server.RaftServer$Division (RaftServerImpl.java:setRole(321)) - 914271eb-14eb-4bb5-b4be-b6b4d3827766@group-5D8652A3AABE: changes role from  FOLLOWER to CANDIDATE at term 5 for changeToCandidate
2022-11-04 01:08:28,893 [914271eb-14eb-4bb5-b4be-b6b4d3827766@group-5D8652A3AABE-FollowerState] INFO  server.RaftServerConfigKeys (ConfUtils.java:logGet(46)) - raft.server.leaderelection.pre-vote = false (custom)
2022-11-04 01:08:28,893 [914271eb-14eb-4bb5-b4be-b6b4d3827766@group-5D8652A3AABE-FollowerState] INFO  impl.RoleInfo (RoleInfo.java:updateAndGet(139)) - 914271eb-14eb-4bb5-b4be-b6b4d3827766: start 914271eb-14eb-4bb5-b4be-b6b4d3827766@group-5D8652A3AABE-LeaderElection27
2022-11-04 01:08:28,896 [914271eb-14eb-4bb5-b4be-b6b4d3827766@group-5D8652A3AABE-LeaderElection27] INFO  impl.LeaderElection (LeaderElection.java:askForVotes(312)) - 914271eb-14eb-4bb5-b4be-b6b4d3827766@group-5D8652A3AABE-LeaderElection27 ELECTION round 0: submit vote requests at term 6 for -1: peers:[47858208-0de4-46ca-af6a-45b9f6a00c92|rpc:10.1.0.17:42645|dataStream:|priority:0|startupRole:FOLLOWER, e73ed4bb-a433-4ecd-b93a-d0b4e16433ed|rpc:10.1.0.17:37481|dataStream:|priority:0|startupRole:FOLLOWER, 914271eb-14eb-4bb5-b4be-b6b4d3827766|rpc:10.1.0.17:40663|dataStream:|priority:1|startupRole:FOLLOWER]|listeners:[], old=null
2022-11-04 01:08:28,898 [grpc-default-executor-4] INFO  server.RaftServer$Division (RaftServerImpl.java:requestVote(1218)) - 47858208-0de4-46ca-af6a-45b9f6a00c92@group-5D8652A3AABE: receive requestVote(ELECTION, 914271eb-14eb-4bb5-b4be-b6b4d3827766, group-5D8652A3AABE, 6, (t:0, i:0))
2022-11-04 01:08:28,898 [grpc-default-executor-4] INFO  impl.VoteContext (VoteContext.java:log(48)) - 47858208-0de4-46ca-af6a-45b9f6a00c92@group-5D8652A3AABE-FOLLOWER: accept ELECTION from 914271eb-14eb-4bb5-b4be-b6b4d3827766: our priority 0 <= candidate's priority 1
2022-11-04 01:08:28,898 [grpc-default-executor-4] INFO  server.RaftServer$Division (RaftServerImpl.java:setRole(321)) - 47858208-0de4-46ca-af6a-45b9f6a00c92@group-5D8652A3AABE: changes role from  FOLLOWER to FOLLOWER at term 6 for candidate:914271eb-14eb-4bb5-b4be-b6b4d3827766
2022-11-04 01:08:28,898 [grpc-default-executor-4] INFO  impl.RoleInfo (RoleInfo.java:shutdownFollowerState(110)) - 47858208-0de4-46ca-af6a-45b9f6a00c92: shutdown 47858208-0de4-46ca-af6a-45b9f6a00c92@group-5D8652A3AABE-FollowerState
2022-11-04 01:08:28,900 [grpc-default-executor-4] INFO  impl.RoleInfo (RoleInfo.java:updateAndGet(139)) - 47858208-0de4-46ca-af6a-45b9f6a00c92: start 47858208-0de4-46ca-af6a-45b9f6a00c92@group-5D8652A3AABE-FollowerState
2022-11-04 01:08:28,900 [47858208-0de4-46ca-af6a-45b9f6a00c92@group-5D8652A3AABE-FollowerState] INFO  impl.FollowerState (FollowerState.java:run(152)) - 47858208-0de4-46ca-af6a-45b9f6a00c92@group-5D8652A3AABE-FollowerState was interrupted
2022-11-04 01:08:28,900 [914271eb-14eb-4bb5-b4be-b6b4d3827766@group-5D8652A3AABE-LeaderElection27] INFO  server.RaftServerConfigKeys (ConfUtils.java:logFallback(53)) - raft.server.rpc.first-election.timeout.min = 5s (fallback to raft.server.rpc.timeout.min)
2022-11-04 01:08:28,900 [914271eb-14eb-4bb5-b4be-b6b4d3827766@group-5D8652A3AABE-LeaderElection27] INFO  server.RaftServerConfigKeys (ConfUtils.java:logFallback(53)) - raft.server.rpc.first-election.timeout.max = 5200ms (fallback to raft.server.rpc.timeout.max)
2022-11-04 01:08:28,902 [47858208-0de4-46ca-af6a-45b9f6a00c92@group-5D8652A3AABE-FollowerState] INFO  server.RaftServerConfigKeys (ConfUtils.java:logFallback(53)) - raft.server.rpc.first-election.timeout.min = 5s (fallback to raft.server.rpc.timeout.min)
2022-11-04 01:08:28,902 [47858208-0de4-46ca-af6a-45b9f6a00c92@group-5D8652A3AABE-FollowerState] INFO  server.RaftServerConfigKeys (ConfUtils.java:logFallback(53)) - raft.server.rpc.first-election.timeout.max = 5200ms (fallback to raft.server.rpc.timeout.max)
2022-11-04 01:08:28,903 [grpc-default-executor-8] INFO  server.RaftServer$Division (RaftServerImpl.java:requestVote(1218)) - e73ed4bb-a433-4ecd-b93a-d0b4e16433ed@group-5D8652A3AABE: receive requestVote(ELECTION, 914271eb-14eb-4bb5-b4be-b6b4d3827766, group-5D8652A3AABE, 6, (t:0, i:0))
2022-11-04 01:08:28,903 [grpc-default-executor-8] INFO  impl.VoteContext (VoteContext.java:log(48)) - e73ed4bb-a433-4ecd-b93a-d0b4e16433ed@group-5D8652A3AABE-FOLLOWER: accept ELECTION from 914271eb-14eb-4bb5-b4be-b6b4d3827766: our priority 0 <= candidate's priority 1
2022-11-04 01:08:28,903 [grpc-default-executor-8] INFO  server.RaftServer$Division (RaftServerImpl.java:setRole(321)) - e73ed4bb-a433-4ecd-b93a-d0b4e16433ed@group-5D8652A3AABE: changes role from  FOLLOWER to FOLLOWER at term 6 for candidate:914271eb-14eb-4bb5-b4be-b6b4d3827766
2022-11-04 01:08:28,903 [grpc-default-executor-8] INFO  impl.RoleInfo (RoleInfo.java:shutdownFollowerState(110)) - e73ed4bb-a433-4ecd-b93a-d0b4e16433ed: shutdown e73ed4bb-a433-4ecd-b93a-d0b4e16433ed@group-5D8652A3AABE-FollowerState
2022-11-04 01:08:28,903 [grpc-default-executor-8] INFO  impl.RoleInfo (RoleInfo.java:updateAndGet(139)) - e73ed4bb-a433-4ecd-b93a-d0b4e16433ed: start e73ed4bb-a433-4ecd-b93a-d0b4e16433ed@group-5D8652A3AABE-FollowerState
2022-11-04 01:08:28,903 [e73ed4bb-a433-4ecd-b93a-d0b4e16433ed@group-5D8652A3AABE-FollowerState] INFO  impl.FollowerState (FollowerState.java:run(152)) - e73ed4bb-a433-4ecd-b93a-d0b4e16433ed@group-5D8652A3AABE-FollowerState was interrupted
2022-11-04 01:08:28,904 [grpc-default-executor-4] INFO  server.RaftServer$Division (RaftServerImpl.java:requestVote(1251)) - 47858208-0de4-46ca-af6a-45b9f6a00c92@group-5D8652A3AABE replies to ELECTION vote request: 914271eb-14eb-4bb5-b4be-b6b4d3827766<-47858208-0de4-46ca-af6a-45b9f6a00c92#0:OK-t6. Peer's state: 47858208-0de4-46ca-af6a-45b9f6a00c92@group-5D8652A3AABE:t6, leader=null, voted=914271eb-14eb-4bb5-b4be-b6b4d3827766, raftlog=Memoized:47858208-0de4-46ca-af6a-45b9f6a00c92@group-5D8652A3AABE-SegmentedRaftLog:OPENED:c-1, conf=-1: peers:[47858208-0de4-46ca-af6a-45b9f6a00c92|rpc:10.1.0.17:42645|priority:0|startupRole:FOLLOWER, e73ed4bb-a433-4ecd-b93a-d0b4e16433ed|rpc:10.1.0.17:37481|priority:0|startupRole:FOLLOWER, 914271eb-14eb-4bb5-b4be-b6b4d3827766|rpc:10.1.0.17:40663|priority:1|startupRole:FOLLOWER]|listeners:[], old=null
2022-11-04 01:08:28,907 [grpc-default-executor-8] INFO  server.RaftServer$Division (RaftServerImpl.java:requestVote(1251)) - e73ed4bb-a433-4ecd-b93a-d0b4e16433ed@group-5D8652A3AABE replies to ELECTION vote request: 914271eb-14eb-4bb5-b4be-b6b4d3827766<-e73ed4bb-a433-4ecd-b93a-d0b4e16433ed#0:OK-t6. Peer's state: e73ed4bb-a433-4ecd-b93a-d0b4e16433ed@group-5D8652A3AABE:t6, leader=null, voted=914271eb-14eb-4bb5-b4be-b6b4d3827766, raftlog=Memoized:e73ed4bb-a433-4ecd-b93a-d0b4e16433ed@group-5D8652A3AABE-SegmentedRaftLog:OPENED:c-1, conf=-1: peers:[47858208-0de4-46ca-af6a-45b9f6a00c92|rpc:10.1.0.17:42645|dataStream:|priority:0|startupRole:FOLLOWER, e73ed4bb-a433-4ecd-b93a-d0b4e16433ed|rpc:10.1.0.17:37481|dataStream:|priority:0|startupRole:FOLLOWER, 914271eb-14eb-4bb5-b4be-b6b4d3827766|rpc:10.1.0.17:40663|dataStream:|priority:1|startupRole:FOLLOWER]|listeners:[], old=null
2022-11-04 01:08:28,908 [e73ed4bb-a433-4ecd-b93a-d0b4e16433ed@group-5D8652A3AABE-FollowerState] INFO  server.RaftServerConfigKeys (ConfUtils.java:logFallback(53)) - raft.server.rpc.first-election.timeout.min = 5s (fallback to raft.server.rpc.timeout.min)
2022-11-04 01:08:28,908 [e73ed4bb-a433-4ecd-b93a-d0b4e16433ed@group-5D8652A3AABE-FollowerState] INFO  server.RaftServerConfigKeys (ConfUtils.java:logFallback(53)) - raft.server.rpc.first-election.timeout.max = 5200ms (fallback to raft.server.rpc.timeout.max)
2022-11-04 01:08:28,908 [914271eb-14eb-4bb5-b4be-b6b4d3827766@group-5D8652A3AABE-LeaderElection27] INFO  impl.LeaderElection (LeaderElection.java:logAndReturn(90)) - 914271eb-14eb-4bb5-b4be-b6b4d3827766@group-5D8652A3AABE-LeaderElection27: ELECTION PASSED received 1 response(s) and 0 exception(s):
2022-11-04 01:08:28,908 [914271eb-14eb-4bb5-b4be-b6b4d3827766@group-5D8652A3AABE-LeaderElection27] INFO  impl.LeaderElection (LeaderElection.java:logAndReturn(94)) -   Response 0: 914271eb-14eb-4bb5-b4be-b6b4d3827766<-47858208-0de4-46ca-af6a-45b9f6a00c92#0:OK-t6
2022-11-04 01:08:28,908 [914271eb-14eb-4bb5-b4be-b6b4d3827766@group-5D8652A3AABE-LeaderElection27] INFO  impl.LeaderElection (LeaderElection.java:askForVotes(314)) - 914271eb-14eb-4bb5-b4be-b6b4d3827766@group-5D8652A3AABE-LeaderElection27 ELECTION round 0: result PASSED
2022-11-04 01:08:28,908 [914271eb-14eb-4bb5-b4be-b6b4d3827766@group-5D8652A3AABE-LeaderElection27] INFO  impl.RoleInfo (RoleInfo.java:shutdownLeaderElection(130)) - 914271eb-14eb-4bb5-b4be-b6b4d3827766: shutdown 914271eb-14eb-4bb5-b4be-b6b4d3827766@group-5D8652A3AABE-LeaderElection27
2022-11-04 01:08:28,908 [914271eb-14eb-4bb5-b4be-b6b4d3827766@group-5D8652A3AABE-LeaderElection27] INFO  server.RaftServer$Division (RaftServerImpl.java:setRole(321)) - 914271eb-14eb-4bb5-b4be-b6b4d3827766@group-5D8652A3AABE: changes role from CANDIDATE to LEADER at term 6 for changeToLeader
2022-11-04 01:08:28,908 [914271eb-14eb-4bb5-b4be-b6b4d3827766@group-5D8652A3AABE-LeaderElection27] INFO  ratis.XceiverServerRatis (XceiverServerRatis.java:handleLeaderChangedNotification(863)) - Leader change notification received for group: group-5D8652A3AABE with new leaderId: 914271eb-14eb-4bb5-b4be-b6b4d3827766
2022-11-04 01:08:28,909 [914271eb-14eb-4bb5-b4be-b6b4d3827766@group-5D8652A3AABE-LeaderElection27] INFO  server.RaftServer$Division (ServerState.java:setLeader(313)) - 914271eb-14eb-4bb5-b4be-b6b4d3827766@group-5D8652A3AABE: change Leader from null to 914271eb-14eb-4bb5-b4be-b6b4d3827766 at term 6 for becomeLeader, leader elected after 30668ms
2022-11-04 01:08:28,909 [914271eb-14eb-4bb5-b4be-b6b4d3827766@group-5D8652A3AABE-LeaderElection27] INFO  server.RaftServerConfigKeys (ConfUtils.java:logGet(46)) - raft.server.staging.catchup.gap = 1000 (default)
2022-11-04 01:08:28,910 [914271eb-14eb-4bb5-b4be-b6b4d3827766@group-5D8652A3AABE-LeaderElection27] INFO  server.RaftServerConfigKeys (ConfUtils.java:logGet(46)) - raft.server.write.element-limit = 1024 (custom)
2022-11-04 01:08:28,910 [EventQueue-PipelineReportForPipelineReportHandler] INFO  pipeline.PipelineManagerImpl (PipelineManagerImpl.java:openPipeline(367)) - Pipeline Pipeline[ Id: 904680bb-6d82-4aff-a36c-5d8652a3aabe, Nodes: 47858208-0de4-46ca-af6a-45b9f6a00c92{ip: 10.1.0.17, host: fv-az39-323.yumyzuo2tp0ejekjjwodrrku4b.bx.internal.cloudapp.net, ports: [REPLICATION=36003, RATIS=42645, RATIS_ADMIN=42645, RATIS_SERVER=42645, STANDALONE=39519], networkLocation: /default-rack, certSerialId: null, persistedOpState: IN_SERVICE, persistedOpStateExpiryEpochSec: 0}e73ed4bb-a433-4ecd-b93a-d0b4e16433ed{ip: 10.1.0.17, host: fv-az39-323.yumyzuo2tp0ejekjjwodrrku4b.bx.internal.cloudapp.net, ports: [REPLICATION=35841, RATIS=37481, RATIS_ADMIN=37481, RATIS_SERVER=37481, STANDALONE=32791], networkLocation: /default-rack, certSerialId: null, persistedOpState: IN_SERVICE, persistedOpStateExpiryEpochSec: 0}914271eb-14eb-4bb5-b4be-b6b4d3827766{ip: 10.1.0.17, host: fv-az39-323.yumyzuo2tp0ejekjjwodrrku4b.bx.internal.cloudapp.net, ports: [REPLICATION=45229, RATIS=40663, RATIS_ADMIN=40663, RATIS_SERVER=40663, STANDALONE=42637], networkLocation: /default-rack, certSerialId: null, persistedOpState: IN_SERVICE, persistedOpStateExpiryEpochSec: 0}, ReplicationConfig: RATIS/THREE, State:ALLOCATED, leaderId:914271eb-14eb-4bb5-b4be-b6b4d3827766, CreationTimestamp2022-11-04T01:07:55.684Z[Etc/UTC]] moved to OPEN state
2022-11-04 01:08:28,911 [914271eb-14eb-4bb5-b4be-b6b4d3827766@group-5D8652A3AABE-LeaderElection27] INFO  server.RaftServerConfigKeys (ConfUtils.java:logGet(46)) - raft.server.write.byte-limit = 1024 M (=1073741824) (custom)
2022-11-04 01:08:28,911 [914271eb-14eb-4bb5-b4be-b6b4d3827766@group-5D8652A3AABE-LeaderElection27] INFO  server.RaftServerConfigKeys (ConfUtils.java:logGet(46)) - raft.server.watch.timeout = 180s (custom)
2022-11-04 01:08:28,911 [914271eb-14eb-4bb5-b4be-b6b4d3827766@group-5D8652A3AABE-LeaderElection27] INFO  server.RaftServerConfigKeys (ConfUtils.java:logGet(46)) - raft.server.watch.timeout.denomination = 1s (default)
2022-11-04 01:08:28,911 [914271eb-14eb-4bb5-b4be-b6b4d3827766@group-5D8652A3AABE-LeaderElection27] INFO  server.RaftServerConfigKeys (ConfUtils.java:logGet(46)) - raft.server.watch.element-limit = 65536 (default)
2022-11-04 01:08:28,912 [914271eb-14eb-4bb5-b4be-b6b4d3827766@group-5D8652A3AABE-LeaderElection27] INFO  server.RaftServerConfigKeys (ConfUtils.java:logGet(46)) - raft.server.write.element-limit = 1024 (custom)
2022-11-04 01:08:28,912 [914271eb-14eb-4bb5-b4be-b6b4d3827766@group-5D8652A3AABE-LeaderElection27] INFO  server.RaftServerConfigKeys (ConfUtils.java:logGet(46)) - raft.server.write.follower.gap.ratio.max = -1.0 (default)
2022-11-04 01:08:28,912 [914271eb-14eb-4bb5-b4be-b6b4d3827766@group-5D8652A3AABE-LeaderElection27] INFO  server.RaftServerConfigKeys (ConfUtils.java:logGet(46)) - raft.server.log.appender.snapshot.chunk.size.max = 16MB (=16777216) (default)
2022-11-04 01:08:28,912 [914271eb-14eb-4bb5-b4be-b6b4d3827766@group-5D8652A3AABE-LeaderElection27] INFO  server.RaftServerConfigKeys (ConfUtils.java:logGet(46)) - raft.server.log.appender.buffer.byte-limit = 33554432 (custom)
2022-11-04 01:08:28,912 [914271eb-14eb-4bb5-b4be-b6b4d3827766@group-5D8652A3AABE-LeaderElection27] INFO  server.RaftServerConfigKeys (ConfUtils.java:logGet(46)) - raft.server.log.appender.buffer.element-limit = 1 (custom)
2022-11-04 01:08:28,912 [914271eb-14eb-4bb5-b4be-b6b4d3827766@group-5D8652A3AABE-LeaderElection27] INFO  grpc.GrpcConfigKeys (ConfUtils.java:logGet(46)) - raft.grpc.server.leader.outstanding.appends.max = 128 (default)
2022-11-04 01:08:28,912 [914271eb-14eb-4bb5-b4be-b6b4d3827766@group-5D8652A3AABE-LeaderElection27] INFO  server.RaftServerConfigKeys (ConfUtils.java:logGet(46)) - raft.server.rpc.request.timeout = 60s (custom)
2022-11-04 01:08:28,912 [914271eb-14eb-4bb5-b4be-b6b4d3827766@group-5D8652A3AABE-LeaderElection27] INFO  server.RaftServerConfigKeys (ConfUtils.java:logGet(46)) - raft.server.log.appender.install.snapshot.enabled = false (custom)
2022-11-04 01:08:28,912 [914271eb-14eb-4bb5-b4be-b6b4d3827766@group-5D8652A3AABE-LeaderElection27] INFO  grpc.GrpcConfigKeys (ConfUtils.java:logGet(46)) - raft.grpc.server.heartbeat.channel = true (default)
2022-11-04 01:08:28,912 [914271eb-14eb-4bb5-b4be-b6b4d3827766@group-5D8652A3AABE-LeaderElection27] INFO  server.RaftServerConfigKeys (ConfUtils.java:logGet(46)) - raft.server.log.appender.wait-time.min = 10ms (default)
2022-11-04 01:08:28,913 [914271eb-14eb-4bb5-b4be-b6b4d3827766@group-5D8652A3AABE-LeaderElection27] INFO  server.RaftServerConfigKeys (ConfUtils.java:logGet(46)) - raft.server.log.appender.snapshot.chunk.size.max = 16MB (=16777216) (default)
2022-11-04 01:08:28,913 [914271eb-14eb-4bb5-b4be-b6b4d3827766@group-5D8652A3AABE-LeaderElection27] INFO  server.RaftServerConfigKeys (ConfUtils.java:logGet(46)) - raft.server.log.appender.buffer.byte-limit = 33554432 (custom)
2022-11-04 01:08:28,913 [914271eb-14eb-4bb5-b4be-b6b4d3827766@group-5D8652A3AABE-LeaderElection27] INFO  server.RaftServerConfigKeys (ConfUtils.java:logGet(46)) - raft.server.log.appender.buffer.element-limit = 1 (custom)
2022-11-04 01:08:28,913 [914271eb-14eb-4bb5-b4be-b6b4d3827766@group-5D8652A3AABE-LeaderElection27] INFO  grpc.GrpcConfigKeys (ConfUtils.java:logGet(46)) - raft.grpc.server.leader.outstanding.appends.max = 128 (default)
2022-11-04 01:08:28,913 [914271eb-14eb-4bb5-b4be-b6b4d3827766@group-5D8652A3AABE-LeaderElection27] INFO  server.RaftServerConfigKeys (ConfUtils.java:logGet(46)) - raft.server.rpc.request.timeout = 60s (custom)
2022-11-04 01:08:28,913 [914271eb-14eb-4bb5-b4be-b6b4d3827766@group-5D8652A3AABE-LeaderElection27] INFO  server.RaftServerConfigKeys (ConfUtils.java:logGet(46)) - raft.server.log.appender.install.snapshot.enabled = false (custom)
2022-11-04 01:08:28,913 [914271eb-14eb-4bb5-b4be-b6b4d3827766@group-5D8652A3AABE-LeaderElection27] INFO  grpc.GrpcConfigKeys (ConfUtils.java:logGet(46)) - raft.grpc.server.heartbeat.channel = true (default)
2022-11-04 01:08:28,913 [914271eb-14eb-4bb5-b4be-b6b4d3827766@group-5D8652A3AABE-LeaderElection27] INFO  server.RaftServerConfigKeys (ConfUtils.java:logGet(46)) - raft.server.log.appender.wait-time.min = 10ms (default)
2022-11-04 01:08:28,914 [914271eb-14eb-4bb5-b4be-b6b4d3827766@group-5D8652A3AABE-LeaderElection27] INFO  impl.RoleInfo (RoleInfo.java:updateAndGet(139)) - 914271eb-14eb-4bb5-b4be-b6b4d3827766: start 914271eb-14eb-4bb5-b4be-b6b4d3827766@group-5D8652A3AABE-LeaderStateImpl
2022-11-04 01:08:28,914 [914271eb-14eb-4bb5-b4be-b6b4d3827766@group-5D8652A3AABE-LeaderElection27] INFO  segmented.SegmentedRaftLogWorker (SegmentedRaftLogWorker.java:startLogSegment(452)) - 914271eb-14eb-4bb5-b4be-b6b4d3827766@group-5D8652A3AABE-SegmentedRaftLogWorker: Starting segment from index:0
2022-11-04 01:08:28,916 [914271eb-14eb-4bb5-b4be-b6b4d3827766@group-5D8652A3AABE-SegmentedRaftLogWorker] INFO  segmented.SegmentedRaftLogWorker (SegmentedRaftLogWorker.java:execute(656)) - 914271eb-14eb-4bb5-b4be-b6b4d3827766@group-5D8652A3AABE-SegmentedRaftLogWorker: created new log segment /home/runner/work/ozone/ozone/hadoop-ozone/integration-test/target/test-dir/MiniOzoneClusterImpl-e654cb93-8a46-4732-947e-f27e0a8f69eb/datanode-5/data/ratis/904680bb-6d82-4aff-a36c-5d8652a3aabe/current/log_inprogress_0
2022-11-04 01:08:28,925 [914271eb-14eb-4bb5-b4be-b6b4d3827766@group-5D8652A3AABE-LeaderElection27] INFO  server.RaftServer$Division (ServerState.java:setRaftConf(430)) - 914271eb-14eb-4bb5-b4be-b6b4d3827766@group-5D8652A3AABE: set configuration 0: peers:[47858208-0de4-46ca-af6a-45b9f6a00c92|rpc:10.1.0.17:42645|dataStream:|priority:0|startupRole:FOLLOWER, e73ed4bb-a433-4ecd-b93a-d0b4e16433ed|rpc:10.1.0.17:37481|dataStream:|priority:0|startupRole:FOLLOWER, 914271eb-14eb-4bb5-b4be-b6b4d3827766|rpc:10.1.0.17:40663|dataStream:|priority:1|startupRole:FOLLOWER]|listeners:[], old=null
2022-11-04 01:08:28,930 [47858208-0de4-46ca-af6a-45b9f6a00c92-server-thread2] INFO  ratis.XceiverServerRatis (XceiverServerRatis.java:handleLeaderChangedNotification(863)) - Leader change notification received for group: group-5D8652A3AABE with new leaderId: 914271eb-14eb-4bb5-b4be-b6b4d3827766
2022-11-04 01:08:28,930 [47858208-0de4-46ca-af6a-45b9f6a00c92-server-thread2] INFO  server.RaftServer$Division (ServerState.java:setLeader(313)) - 47858208-0de4-46ca-af6a-45b9f6a00c92@group-5D8652A3AABE: change Leader from null to 914271eb-14eb-4bb5-b4be-b6b4d3827766 at term 6 for appendEntries, leader elected after 30751ms
2022-11-04 01:08:28,931 [e73ed4bb-a433-4ecd-b93a-d0b4e16433ed-server-thread1] INFO  ratis.XceiverServerRatis (XceiverServerRatis.java:handleLeaderChangedNotification(863)) - Leader change notification received for group: group-5D8652A3AABE with new leaderId: 914271eb-14eb-4bb5-b4be-b6b4d3827766
2022-11-04 01:08:28,931 [e73ed4bb-a433-4ecd-b93a-d0b4e16433ed-server-thread1] INFO  server.RaftServer$Division (ServerState.java:setLeader(313)) - e73ed4bb-a433-4ecd-b93a-d0b4e16433ed@group-5D8652A3AABE: change Leader from null to 914271eb-14eb-4bb5-b4be-b6b4d3827766 at term 6 for appendEntries, leader elected after 30728ms
2022-11-04 01:08:28,956 [47858208-0de4-46ca-af6a-45b9f6a00c92-server-thread1] INFO  server.RaftServer$Division (ServerState.java:setRaftConf(430)) - 47858208-0de4-46ca-af6a-45b9f6a00c92@group-5D8652A3AABE: set configuration 0: peers:[47858208-0de4-46ca-af6a-45b9f6a00c92|rpc:10.1.0.17:42645|dataStream:|priority:0|startupRole:FOLLOWER, e73ed4bb-a433-4ecd-b93a-d0b4e16433ed|rpc:10.1.0.17:37481|dataStream:|priority:0|startupRole:FOLLOWER, 914271eb-14eb-4bb5-b4be-b6b4d3827766|rpc:10.1.0.17:40663|dataStream:|priority:1|startupRole:FOLLOWER]|listeners:[], old=null
2022-11-04 01:08:28,956 [e73ed4bb-a433-4ecd-b93a-d0b4e16433ed-server-thread1] INFO  server.RaftServer$Division (ServerState.java:setRaftConf(430)) - e73ed4bb-a433-4ecd-b93a-d0b4e16433ed@group-5D8652A3AABE: set configuration 0: peers:[47858208-0de4-46ca-af6a-45b9f6a00c92|rpc:10.1.0.17:42645|dataStream:|priority:0|startupRole:FOLLOWER, e73ed4bb-a433-4ecd-b93a-d0b4e16433ed|rpc:10.1.0.17:37481|dataStream:|priority:0|startupRole:FOLLOWER, 914271eb-14eb-4bb5-b4be-b6b4d3827766|rpc:10.1.0.17:40663|dataStream:|priority:1|startupRole:FOLLOWER]|listeners:[], old=null
2022-11-04 01:08:28,957 [47858208-0de4-46ca-af6a-45b9f6a00c92-server-thread1] INFO  segmented.SegmentedRaftLogWorker (SegmentedRaftLogWorker.java:startLogSegment(452)) - 47858208-0de4-46ca-af6a-45b9f6a00c92@group-5D8652A3AABE-SegmentedRaftLogWorker: Starting segment from index:0
2022-11-04 01:08:28,957 [e73ed4bb-a433-4ecd-b93a-d0b4e16433ed-server-thread1] INFO  segmented.SegmentedRaftLogWorker (SegmentedRaftLogWorker.java:startLogSegment(452)) - e73ed4bb-a433-4ecd-b93a-d0b4e16433ed@group-5D8652A3AABE-SegmentedRaftLogWorker: Starting segment from index:0
2022-11-04 01:08:28,958 [47858208-0de4-46ca-af6a-45b9f6a00c92@group-5D8652A3AABE-SegmentedRaftLogWorker] INFO  segmented.SegmentedRaftLogWorker (SegmentedRaftLogWorker.java:execute(656)) - 47858208-0de4-46ca-af6a-45b9f6a00c92@group-5D8652A3AABE-SegmentedRaftLogWorker: created new log segment /home/runner/work/ozone/ozone/hadoop-ozone/integration-test/target/test-dir/MiniOzoneClusterImpl-e654cb93-8a46-4732-947e-f27e0a8f69eb/datanode-3/data/ratis/904680bb-6d82-4aff-a36c-5d8652a3aabe/current/log_inprogress_0
2022-11-04 01:08:28,959 [e73ed4bb-a433-4ecd-b93a-d0b4e16433ed@group-5D8652A3AABE-SegmentedRaftLogWorker] INFO  segmented.SegmentedRaftLogWorker (SegmentedRaftLogWorker.java:execute(656)) - e73ed4bb-a433-4ecd-b93a-d0b4e16433ed@group-5D8652A3AABE-SegmentedRaftLogWorker: created new log segment /home/runner/work/ozone/ozone/hadoop-ozone/integration-test/target/test-dir/MiniOzoneClusterImpl-e654cb93-8a46-4732-947e-f27e0a8f69eb/datanode-4/data/ratis/904680bb-6d82-4aff-a36c-5d8652a3aabe/current/log_inprogress_0
2022-11-04 01:08:40,353 [Under Replicated Processor] INFO  replication.UnderReplicatedProcessor (UnderReplicatedProcessor.java:processAll(92)) - Processed 0 under replicated containers, failed processing 0
2022-11-04 01:08:40,356 [Over Replicated Processor] INFO  replication.OverReplicatedProcessor (OverReplicatedProcessor.java:processAll(90)) - Processed 0 over replicated containers, failed processing 0
2022-11-04 01:09:10,354 [Under Replicated Processor] INFO  replication.UnderReplicatedProcessor (UnderReplicatedProcessor.java:processAll(92)) - Processed 0 under replicated containers, failed processing 0
2022-11-04 01:09:10,356 [Over Replicated Processor] INFO  replication.OverReplicatedProcessor (OverReplicatedProcessor.java:processAll(90)) - Processed 0 over replicated containers, failed processing 0
2022-11-04 01:09:40,354 [Under Replicated Processor] INFO  replication.UnderReplicatedProcessor (UnderReplicatedProcessor.java:processAll(92)) - Processed 0 under replicated containers, failed processing 0
2022-11-04 01:09:40,356 [Over Replicated Processor] INFO  replication.OverReplicatedProcessor (OverReplicatedProcessor.java:processAll(90)) - Processed 0 over replicated containers, failed processing 0
]]></system-out>
  </testcase>
</testsuite>