<?xml version="1.0" encoding="UTF-8"?>
<testsuite xmlns:xsi="http://www.w3.org/2001/XMLSchema-instance" xsi:noNamespaceSchemaLocation="https://maven.apache.org/surefire/maven-surefire-plugin/xsd/surefire-test-report-3.0.xsd" version="3.0" name="org.apache.hadoop.fs.ozone.TestOzoneFileSystemWithFSO" time="158.797" tests="86" errors="0" skipped="10" failures="1">
  <properties>
    <property name="awt.toolkit" value="sun.awt.X11.XToolkit"/>
    <property name="file.encoding.pkg" value="sun.io"/>
    <property name="java.specification.version" value="1.8"/>
    <property name="sun.cpu.isalist" value=""/>
    <property name="sun.jnu.encoding" value="UTF-8"/>
    <property name="java.class.path" value="/home/runner/work/ozone/ozone/hadoop-ozone/integration-test/target/test-classes:/home/runner/work/ozone/ozone/hadoop-ozone/integration-test/target/classes:/home/runner/.m2/repository/org/apache/ozone/ozone-common/1.3.0-SNAPSHOT/ozone-common-1.3.0-SNAPSHOT.jar:/home/runner/.m2/repository/io/grpc/grpc-netty/1.48.1/grpc-netty-1.48.1.jar:/home/runner/.m2/repository/io/grpc/grpc-core/1.48.1/grpc-core-1.48.1.jar:/home/runner/.m2/repository/com/google/android/annotations/4.1.1.4/annotations-4.1.1.4.jar:/home/runner/.m2/repository/org/codehaus/mojo/animal-sniffer-annotations/1.21/animal-sniffer-annotations-1.21.jar:/home/runner/.m2/repository/com/google/errorprone/error_prone_annotations/2.2.0/error_prone_annotations-2.2.0.jar:/home/runner/.m2/repository/io/perfmark/perfmark-api/0.25.0/perfmark-api-0.25.0.jar:/home/runner/.m2/repository/io/netty/netty-codec-http2/4.1.79.Final/netty-codec-http2-4.1.79.Final.jar:/home/runner/.m2/repository/io/netty/netty-common/4.1.79.Final/netty-common-4.1.79.Final.jar:/home/runner/.m2/repository/io/netty/netty-buffer/4.1.79.Final/netty-buffer-4.1.79.Final.jar:/home/runner/.m2/repository/io/netty/netty-codec-http/4.1.79.Final/netty-codec-http-4.1.79.Final.jar:/home/runner/.m2/repository/io/netty/netty-handler-proxy/4.1.79.Final/netty-handler-proxy-4.1.79.Final.jar:/home/runner/.m2/repository/io/netty/netty-codec-socks/4.1.79.Final/netty-codec-socks-4.1.79.Final.jar:/home/runner/.m2/repository/io/netty/netty-tcnative-boringssl-static/2.0.53.Final/netty-tcnative-boringssl-static-2.0.53.Final.jar:/home/runner/.m2/repository/io/netty/netty-tcnative-classes/2.0.53.Final/netty-tcnative-classes-2.0.53.Final.jar:/home/runner/.m2/repository/io/netty/netty-tcnative-boringssl-static/2.0.53.Final/netty-tcnative-boringssl-static-2.0.53.Final-linux-x86_64.jar:/home/runner/.m2/repository/io/netty/netty-tcnative-boringssl-static/2.0.53.Final/netty-tcnative-boringssl-static-2.0.53.Final-linux-aarch_64.jar:/home/runner/.m2/repository/io/netty/netty-tcnative-boringssl-static/2.0.53.Final/netty-tcnative-boringssl-static-2.0.53.Final-osx-x86_64.jar:/home/runner/.m2/repository/io/netty/netty-tcnative-boringssl-static/2.0.53.Final/netty-tcnative-boringssl-static-2.0.53.Final-osx-aarch_64.jar:/home/runner/.m2/repository/io/netty/netty-tcnative-boringssl-static/2.0.53.Final/netty-tcnative-boringssl-static-2.0.53.Final-windows-x86_64.jar:/home/runner/.m2/repository/org/apache/commons/commons-compress/1.21/commons-compress-1.21.jar:/home/runner/.m2/repository/org/apache/ozone/hdds-common/1.3.0-SNAPSHOT/hdds-common-1.3.0-SNAPSHOT.jar:/home/runner/.m2/repository/org/apache/ozone/hdds-client/1.3.0-SNAPSHOT/hdds-client-1.3.0-SNAPSHOT.jar:/home/runner/.m2/repository/org/apache/ozone/ozone-interface-client/1.3.0-SNAPSHOT/ozone-interface-client-1.3.0-SNAPSHOT.jar:/home/runner/.m2/repository/org/apache/ozone/hdds-test-utils/1.3.0-SNAPSHOT/hdds-test-utils-1.3.0-SNAPSHOT.jar:/home/runner/.m2/repository/com/google/guava/guava/31.1-jre/guava-31.1-jre.jar:/home/runner/.m2/repository/com/google/guava/failureaccess/1.0.1/failureaccess-1.0.1.jar:/home/runner/.m2/repository/com/google/guava/listenablefuture/9999.0-empty-to-avoid-conflict-with-guava/listenablefuture-9999.0-empty-to-avoid-conflict-with-guava.jar:/home/runner/.m2/repository/com/google/code/findbugs/jsr305/3.0.0/jsr305-3.0.0.jar:/home/runner/.m2/repository/org/checkerframework/checker-qual/3.12.0/checker-qual-3.12.0.jar:/home/runner/.m2/repository/com/google/j2objc/j2objc-annotations/1.3/j2objc-annotations-1.3.jar:/home/runner/.m2/repository/commons-io/commons-io/2.11.0/commons-io-2.11.0.jar:/home/runner/.m2/repository/commons-logging/commons-logging/1.2/commons-logging-1.2.jar:/home/runner/.m2/repository/ch/qos/reload4j/reload4j/1.2.22/reload4j-1.2.22.jar:/home/runner/.m2/repository/org/slf4j/slf4j-api/1.7.36/slf4j-api-1.7.36.jar:/home/runner/.m2/repository/org/apache/ozone/hdds-server-scm/1.3.0-SNAPSHOT/hdds-server-scm-1.3.0-SNAPSHOT.jar:/home/runner/.m2/repository/org/apache/ozone/hdds-container-service/1.3.0-SNAPSHOT/hdds-container-service-1.3.0-SNAPSHOT.jar:/home/runner/.m2/repository/org/apache/ozone/hdds-hadoop-dependency-server/1.3.0-SNAPSHOT/hdds-hadoop-dependency-server-1.3.0-SNAPSHOT.jar:/home/runner/.m2/repository/org/apache/hadoop/hadoop-hdfs/3.3.1/hadoop-hdfs-3.3.1.jar:/home/runner/.m2/repository/org/eclipse/jetty/jetty-util-ajax/9.4.43.v20210629/jetty-util-ajax-9.4.43.v20210629.jar:/home/runner/.m2/repository/commons-daemon/commons-daemon/1.0.13/commons-daemon-1.0.13.jar:/home/runner/.m2/repository/org/apache/ozone/hdds-server-framework/1.3.0-SNAPSHOT/hdds-server-framework-1.3.0-SNAPSHOT.jar:/home/runner/.m2/repository/org/apache/ozone/hdds-interface-server/1.3.0-SNAPSHOT/hdds-interface-server-1.3.0-SNAPSHOT.jar:/home/runner/.m2/repository/org/apache/logging/log4j/log4j-core/2.17.1/log4j-core-2.17.1.jar:/home/runner/.m2/repository/com/lmax/disruptor/3.4.2/disruptor-3.4.2.jar:/home/runner/.m2/repository/org/eclipse/jetty/jetty-servlet/9.4.43.v20210629/jetty-servlet-9.4.43.v20210629.jar:/home/runner/.m2/repository/org/eclipse/jetty/jetty-security/9.4.43.v20210629/jetty-security-9.4.43.v20210629.jar:/home/runner/.m2/repository/org/rocksdb/rocksdbjni/7.4.5/rocksdbjni-7.4.5.jar:/home/runner/.m2/repository/io/prometheus/simpleclient_dropwizard/0.7.0/simpleclient_dropwizard-0.7.0.jar:/home/runner/.m2/repository/io/prometheus/simpleclient/0.7.0/simpleclient-0.7.0.jar:/home/runner/.m2/repository/io/prometheus/simpleclient_common/0.7.0/simpleclient_common-0.7.0.jar:/home/runner/.m2/repository/io/dropwizard/metrics/metrics-core/3.2.4/metrics-core-3.2.4.jar:/home/runner/.m2/repository/org/apache/hadoop/hadoop-hdfs-client/3.3.1/hadoop-hdfs-client-3.3.1.jar:/home/runner/.m2/repository/org/bouncycastle/bcprov-jdk15on/1.67/bcprov-jdk15on-1.67.jar:/home/runner/.m2/repository/com/google/protobuf/protobuf-java/2.5.0/protobuf-java-2.5.0.jar:/home/runner/.m2/repository/org/apache/ozone/ozone-manager/1.3.0-SNAPSHOT/ozone-manager-1.3.0-SNAPSHOT.jar:/home/runner/.m2/repository/org/aspectj/aspectjrt/1.9.7/aspectjrt-1.9.7.jar:/home/runner/.m2/repository/org/aspectj/aspectjweaver/1.9.7/aspectjweaver-1.9.7.jar:/home/runner/.m2/repository/org/apache/ozone/hdds-interface-client/1.3.0-SNAPSHOT/hdds-interface-client-1.3.0-SNAPSHOT.jar:/home/runner/.m2/repository/org/apache/hadoop/thirdparty/hadoop-shaded-protobuf_3_7/1.1.1/hadoop-shaded-protobuf_3_7-1.1.1.jar:/home/runner/.m2/repository/org/apache/ozone/ozone-interface-storage/1.3.0-SNAPSHOT/ozone-interface-storage-1.3.0-SNAPSHOT.jar:/home/runner/.m2/repository/org/reflections/reflections/0.9.11/reflections-0.9.11.jar:/home/runner/.m2/repository/com/sun/jersey/jersey-client/1.19/jersey-client-1.19.jar:/home/runner/.m2/repository/org/apache/ranger/ranger-intg/2.3.0/ranger-intg-2.3.0.jar:/home/runner/.m2/repository/org/apache/ranger/ranger-plugins-common/2.3.0/ranger-plugins-common-2.3.0.jar:/home/runner/.m2/repository/commons-lang/commons-lang/2.6/commons-lang-2.6.jar:/home/runner/.m2/repository/org/codehaus/jackson/jackson-jaxrs/1.9.13/jackson-jaxrs-1.9.13.jar:/home/runner/.m2/repository/org/apache/ranger/ranger-plugins-cred/2.3.0/ranger-plugins-cred-2.3.0.jar:/home/runner/.m2/repository/org/apache/ranger/ranger-plugins-audit/2.3.0/ranger-plugins-audit-2.3.0.jar:/home/runner/.m2/repository/org/eclipse/jetty/jetty-client/9.4.31.v20200723/jetty-client-9.4.31.v20200723.jar:/home/runner/.m2/repository/org/apache/httpcomponents/httpmime/4.5.6/httpmime-4.5.6.jar:/home/runner/.m2/repository/org/apache/httpcomponents/httpcore-nio/4.4.6/httpcore-nio-4.4.6.jar:/home/runner/.m2/repository/org/apache/httpcomponents/httpasyncclient/4.1.3/httpasyncclient-4.1.3.jar:/home/runner/.m2/repository/com/carrotsearch/hppc/0.8.0/hppc-0.8.0.jar:/home/runner/.m2/repository/org/apache/orc/orc-core/1.5.8/orc-core-1.5.8.jar:/home/runner/.m2/repository/net/java/dev/jna/jna/5.2.0/jna-5.2.0.jar:/home/runner/.m2/repository/net/java/dev/jna/jna-platform/5.2.0/jna-platform-5.2.0.jar:/home/runner/.m2/repository/com/kstruct/gethostname4j/0.0.2/gethostname4j-0.0.2.jar:/home/runner/.m2/repository/org/apache/ranger/ranger-plugin-classloader/2.3.0/ranger-plugin-classloader-2.3.0.jar:/home/runner/.m2/repository/org/apache/hadoop/hadoop-minikdc/3.3.1/hadoop-minikdc-3.3.1.jar:/home/runner/.m2/repository/org/apache/kerby/kerb-simplekdc/1.0.1/kerb-simplekdc-1.0.1.jar:/home/runner/.m2/repository/org/apache/kerby/kerb-client/1.0.1/kerb-client-1.0.1.jar:/home/runner/.m2/repository/org/apache/kerby/kerby-config/1.0.1/kerby-config-1.0.1.jar:/home/runner/.m2/repository/org/apache/kerby/kerb-common/1.0.1/kerb-common-1.0.1.jar:/home/runner/.m2/repository/org/apache/kerby/kerb-crypto/1.0.1/kerb-crypto-1.0.1.jar:/home/runner/.m2/repository/org/apache/kerby/kerb-util/1.0.1/kerb-util-1.0.1.jar:/home/runner/.m2/repository/org/apache/kerby/token-provider/1.0.1/token-provider-1.0.1.jar:/home/runner/.m2/repository/org/apache/kerby/kerb-admin/1.0.1/kerb-admin-1.0.1.jar:/home/runner/.m2/repository/org/apache/kerby/kerb-server/1.0.1/kerb-server-1.0.1.jar:/home/runner/.m2/repository/org/apache/kerby/kerb-identity/1.0.1/kerb-identity-1.0.1.jar:/home/runner/.m2/repository/org/apache/kerby/kerby-xdr/1.0.1/kerby-xdr-1.0.1.jar:/home/runner/.m2/repository/org/apache/ozone/ozone-s3gateway/1.3.0-SNAPSHOT/ozone-s3gateway-1.3.0-SNAPSHOT.jar:/home/runner/.m2/repository/org/javassist/javassist/3.21.0-GA/javassist-3.21.0-GA.jar:/home/runner/.m2/repository/org/jboss/weld/servlet/weld-servlet/2.4.7.Final/weld-servlet-2.4.7.Final.jar:/home/runner/.m2/repository/org/glassfish/jersey/containers/jersey-container-servlet-core/2.34/jersey-container-servlet-core-2.34.jar:/home/runner/.m2/repository/org/glassfish/hk2/external/jakarta.inject/2.6.1/jakarta.inject-2.6.1.jar:/home/runner/.m2/repository/org/glassfish/jersey/core/jersey-common/2.34/jersey-common-2.34.jar:/home/runner/.m2/repository/jakarta/ws/rs/jakarta.ws.rs-api/2.1.6/jakarta.ws.rs-api-2.1.6.jar:/home/runner/.m2/repository/org/glassfish/jersey/ext/cdi/jersey-cdi1x/2.34/jersey-cdi1x-2.34.jar:/home/runner/.m2/repository/org/glassfish/jersey/inject/jersey-hk2/2.34/jersey-hk2-2.34.jar:/home/runner/.m2/repository/org/glassfish/hk2/hk2-locator/2.6.1/hk2-locator-2.6.1.jar:/home/runner/.m2/repository/org/glassfish/jersey/media/jersey-media-jaxb/2.34/jersey-media-jaxb-2.34.jar:/home/runner/.m2/repository/org/glassfish/hk2/osgi-resource-locator/1.0.3/osgi-resource-locator-1.0.3.jar:/home/runner/.m2/repository/org/glassfish/hk2/hk2-api/2.5.0/hk2-api-2.5.0.jar:/home/runner/.m2/repository/org/glassfish/hk2/hk2-utils/2.5.0/hk2-utils-2.5.0.jar:/home/runner/.m2/repository/org/glassfish/hk2/external/aopalliance-repackaged/2.5.0/aopalliance-repackaged-2.5.0.jar:/home/runner/.m2/repository/com/fasterxml/jackson/dataformat/jackson-dataformat-xml/2.13.4/jackson-dataformat-xml-2.13.4.jar:/home/runner/.m2/repository/com/fasterxml/jackson/core/jackson-core/2.13.4/jackson-core-2.13.4.jar:/home/runner/.m2/repository/org/codehaus/woodstox/stax2-api/3.1.4/stax2-api-3.1.4.jar:/home/runner/.m2/repository/com/fasterxml/woodstox/woodstox-core/5.0.3/woodstox-core-5.0.3.jar:/home/runner/.m2/repository/com/fasterxml/jackson/module/jackson-module-jaxb-annotations/2.13.4/jackson-module-jaxb-annotations-2.13.4.jar:/home/runner/.m2/repository/jakarta/xml/bind/jakarta.xml.bind-api/2.3.3/jakarta.xml.bind-api-2.3.3.jar:/home/runner/.m2/repository/jakarta/activation/jakarta.activation-api/1.2.1/jakarta.activation-api-1.2.1.jar:/home/runner/.m2/repository/javax/enterprise/cdi-api/1.2/cdi-api-1.2.jar:/home/runner/.m2/repository/javax/el/javax.el-api/3.0.0/javax.el-api-3.0.0.jar:/home/runner/.m2/repository/javax/interceptor/javax.interceptor-api/1.2/javax.interceptor-api-1.2.jar:/home/runner/.m2/repository/javax/inject/javax.inject/1/javax.inject-1.jar:/home/runner/.m2/repository/javax/xml/bind/jaxb-api/2.3.0/jaxb-api-2.3.0.jar:/home/runner/.m2/repository/org/glassfish/jaxb/jaxb-runtime/2.3.0.1/jaxb-runtime-2.3.0.1.jar:/home/runner/.m2/repository/org/glassfish/jaxb/jaxb-core/2.3.0.1/jaxb-core-2.3.0.1.jar:/home/runner/.m2/repository/org/glassfish/jaxb/txw2/2.3.0.1/txw2-2.3.0.1.jar:/home/runner/.m2/repository/com/sun/istack/istack-commons-runtime/3.0.5/istack-commons-runtime-3.0.5.jar:/home/runner/.m2/repository/org/jvnet/staxex/stax-ex/1.7.8/stax-ex-1.7.8.jar:/home/runner/.m2/repository/com/sun/xml/fastinfoset/FastInfoset/1.2.13/FastInfoset-1.2.13.jar:/home/runner/.m2/repository/javax/activation/activation/1.1.1/activation-1.1.1.jar:/home/runner/.m2/repository/io/grpc/grpc-protobuf/1.48.1/grpc-protobuf-1.48.1.jar:/home/runner/.m2/repository/io/grpc/grpc-api/1.48.1/grpc-api-1.48.1.jar:/home/runner/.m2/repository/io/grpc/grpc-context/1.48.1/grpc-context-1.48.1.jar:/home/runner/.m2/repository/com/google/api/grpc/proto-google-common-protos/2.9.0/proto-google-common-protos-2.9.0.jar:/home/runner/.m2/repository/io/grpc/grpc-protobuf-lite/1.48.1/grpc-protobuf-lite-1.48.1.jar:/home/runner/.m2/repository/io/grpc/grpc-stub/1.48.1/grpc-stub-1.48.1.jar:/home/runner/.m2/repository/io/netty/netty-transport/4.1.79.Final/netty-transport-4.1.79.Final.jar:/home/runner/.m2/repository/io/netty/netty-resolver/4.1.79.Final/netty-resolver-4.1.79.Final.jar:/home/runner/.m2/repository/org/apache/ozone/ozone-csi/1.3.0-SNAPSHOT/ozone-csi-1.3.0-SNAPSHOT.jar:/home/runner/.m2/repository/com/google/protobuf/protobuf-java-util/3.19.2/protobuf-java-util-3.19.2.jar:/home/runner/.m2/repository/com/google/code/gson/gson/2.9.0/gson-2.9.0.jar:/home/runner/.m2/repository/org/apache/ozone/hdds-config/1.3.0-SNAPSHOT/hdds-config-1.3.0-SNAPSHOT.jar:/home/runner/.m2/repository/io/netty/netty-transport-native-epoll/4.1.79.Final/netty-transport-native-epoll-4.1.79.Final-linux-x86_64.jar:/home/runner/.m2/repository/io/netty/netty-transport-classes-epoll/4.1.79.Final/netty-transport-classes-epoll-4.1.79.Final.jar:/home/runner/.m2/repository/io/netty/netty-transport-native-unix-common/4.1.79.Final/netty-transport-native-unix-common-4.1.79.Final.jar:/home/runner/.m2/repository/org/slf4j/slf4j-reload4j/1.7.36/slf4j-reload4j-1.7.36.jar:/home/runner/.m2/repository/org/apache/ozone/ozone-recon/1.3.0-SNAPSHOT/ozone-recon-1.3.0-SNAPSHOT.jar:/home/runner/.m2/repository/org/apache/ozone/ozone-reconcodegen/1.3.0-SNAPSHOT/ozone-reconcodegen-1.3.0-SNAPSHOT.jar:/home/runner/.m2/repository/com/google/inject/extensions/guice-multibindings/4.0/guice-multibindings-4.0.jar:/home/runner/.m2/repository/com/google/inject/guice/4.0/guice-4.0.jar:/home/runner/.m2/repository/aopalliance/aopalliance/1.0/aopalliance-1.0.jar:/home/runner/.m2/repository/com/google/inject/extensions/guice-assistedinject/4.0/guice-assistedinject-4.0.jar:/home/runner/.m2/repository/com/google/inject/extensions/guice-servlet/4.0/guice-servlet-4.0.jar:/home/runner/.m2/repository/org/glassfish/jersey/containers/jersey-container-servlet/2.34/jersey-container-servlet-2.34.jar:/home/runner/.m2/repository/org/glassfish/hk2/guice-bridge/2.5.0/guice-bridge-2.5.0.jar:/home/runner/.m2/repository/org/glassfish/jersey/core/jersey-server/2.34/jersey-server-2.34.jar:/home/runner/.m2/repository/org/glassfish/jersey/core/jersey-client/2.34/jersey-client-2.34.jar:/home/runner/.m2/repository/jakarta/annotation/jakarta.annotation-api/1.3.5/jakarta.annotation-api-1.3.5.jar:/home/runner/.m2/repository/jakarta/validation/jakarta.validation-api/2.0.2/jakarta.validation-api-2.0.2.jar:/home/runner/.m2/repository/org/glassfish/jersey/media/jersey-media-json-jackson/2.34/jersey-media-json-jackson-2.34.jar:/home/runner/.m2/repository/org/glassfish/jersey/ext/jersey-entity-filtering/2.34/jersey-entity-filtering-2.34.jar:/home/runner/.m2/repository/org/jooq/jooq/3.11.10/jooq-3.11.10.jar:/home/runner/.m2/repository/org/jooq/jooq-meta/3.11.10/jooq-meta-3.11.10.jar:/home/runner/.m2/repository/org/jooq/jooq-codegen/3.11.10/jooq-codegen-3.11.10.jar:/home/runner/.m2/repository/com/jolbox/bonecp/0.8.0.RELEASE/bonecp-0.8.0.RELEASE.jar:/home/runner/.m2/repository/org/apache/derby/derby/10.14.2.0/derby-10.14.2.0.jar:/home/runner/.m2/repository/org/xerial/sqlite-jdbc/3.25.2/sqlite-jdbc-3.25.2.jar:/home/runner/.m2/repository/org/springframework/spring-jdbc/5.2.20.RELEASE/spring-jdbc-5.2.20.RELEASE.jar:/home/runner/.m2/repository/org/springframework/spring-beans/5.2.20.RELEASE/spring-beans-5.2.20.RELEASE.jar:/home/runner/.m2/repository/org/springframework/spring-core/5.2.20.RELEASE/spring-core-5.2.20.RELEASE.jar:/home/runner/.m2/repository/org/springframework/spring-jcl/5.2.20.RELEASE/spring-jcl-5.2.20.RELEASE.jar:/home/runner/.m2/repository/org/springframework/spring-tx/5.2.20.RELEASE/spring-tx-5.2.20.RELEASE.jar:/home/runner/.m2/repository/org/apache/ozone/ozone-client/1.3.0-SNAPSHOT/ozone-client-1.3.0-SNAPSHOT.jar:/home/runner/.m2/repository/org/apache/ozone/hdds-erasurecode/1.3.0-SNAPSHOT/hdds-erasurecode-1.3.0-SNAPSHOT.jar:/home/runner/.m2/repository/com/github/spotbugs/spotbugs-annotations/3.1.12/spotbugs-annotations-3.1.12.jar:/home/runner/.m2/repository/org/apache/ozone/ozone-filesystem/1.3.0-SNAPSHOT/ozone-filesystem-1.3.0-SNAPSHOT.jar:/home/runner/.m2/repository/org/apache/ozone/ozone-filesystem-common/1.3.0-SNAPSHOT/ozone-filesystem-common-1.3.0-SNAPSHOT.jar:/home/runner/.m2/repository/org/apache/ozone/ozone-tools/1.3.0-SNAPSHOT/ozone-tools-1.3.0-SNAPSHOT.jar:/home/runner/.m2/repository/org/apache/ratis/ratis-tools/2.3.0/ratis-tools-2.3.0.jar:/home/runner/.m2/repository/com/amazonaws/aws-java-sdk-core/1.12.261/aws-java-sdk-core-1.12.261.jar:/home/runner/.m2/repository/org/apache/httpcomponents/httpclient/4.5.13/httpclient-4.5.13.jar:/home/runner/.m2/repository/org/apache/httpcomponents/httpcore/4.4.13/httpcore-4.4.13.jar:/home/runner/.m2/repository/software/amazon/ion/ion-java/1.0.2/ion-java-1.0.2.jar:/home/runner/.m2/repository/com/fasterxml/jackson/dataformat/jackson-dataformat-cbor/2.13.4/jackson-dataformat-cbor-2.13.4.jar:/home/runner/.m2/repository/joda-time/joda-time/2.8.1/joda-time-2.8.1.jar:/home/runner/.m2/repository/com/amazonaws/aws-java-sdk-s3/1.12.261/aws-java-sdk-s3-1.12.261.jar:/home/runner/.m2/repository/com/amazonaws/aws-java-sdk-kms/1.12.261/aws-java-sdk-kms-1.12.261.jar:/home/runner/.m2/repository/com/amazonaws/jmespath-java/1.12.261/jmespath-java-1.12.261.jar:/home/runner/.m2/repository/org/kohsuke/metainf-services/metainf-services/1.8/metainf-services-1.8.jar:/home/runner/.m2/repository/org/apache/ozone/hdds-tools/1.3.0-SNAPSHOT/hdds-tools-1.3.0-SNAPSHOT.jar:/home/runner/.m2/repository/commons-cli/commons-cli/1.2/commons-cli-1.2.jar:/home/runner/.m2/repository/org/apache/commons/commons-lang3/3.7/commons-lang3-3.7.jar:/home/runner/.m2/repository/org/apache/ozone/ozone-manager/1.3.0-SNAPSHOT/ozone-manager-1.3.0-SNAPSHOT-tests.jar:/home/runner/.m2/repository/org/apache/ozone/hdds-common/1.3.0-SNAPSHOT/hdds-common-1.3.0-SNAPSHOT-tests.jar:/home/runner/.m2/repository/org/apache/ozone/hdds-hadoop-dependency-client/1.3.0-SNAPSHOT/hdds-hadoop-dependency-client-1.3.0-SNAPSHOT.jar:/home/runner/.m2/repository/info/picocli/picocli/4.6.1/picocli-4.6.1.jar:/home/runner/.m2/repository/com/fasterxml/jackson/core/jackson-annotations/2.13.4/jackson-annotations-2.13.4.jar:/home/runner/.m2/repository/com/fasterxml/jackson/datatype/jackson-datatype-jsr310/2.13.4/jackson-datatype-jsr310-2.13.4.jar:/home/runner/.m2/repository/org/apache/ozone/hdds-annotation-processing/1.3.0-SNAPSHOT/hdds-annotation-processing-1.3.0-SNAPSHOT.jar:/home/runner/.m2/repository/javax/annotation/javax.annotation-api/1.2/javax.annotation-api-1.2.jar:/home/runner/.m2/repository/org/apache/ratis/ratis-server/2.3.0/ratis-server-2.3.0.jar:/home/runner/.m2/repository/org/apache/ratis/ratis-client/2.3.0/ratis-client-2.3.0.jar:/home/runner/.m2/repository/org/apache/ratis/ratis-server-api/2.3.0/ratis-server-api-2.3.0.jar:/home/runner/.m2/repository/org/apache/ratis/ratis-metrics/2.3.0/ratis-metrics-2.3.0.jar:/home/runner/.m2/repository/org/apache/ratis/ratis-netty/2.3.0/ratis-netty-2.3.0.jar:/home/runner/.m2/repository/org/apache/ratis/ratis-grpc/2.3.0/ratis-grpc-2.3.0.jar:/home/runner/.m2/repository/org/apache/logging/log4j/log4j-api/2.17.1/log4j-api-2.17.1.jar:/home/runner/.m2/repository/org/apache/commons/commons-pool2/2.6.0/commons-pool2-2.6.0.jar:/home/runner/.m2/repository/org/bouncycastle/bcpkix-jdk15on/1.67/bcpkix-jdk15on-1.67.jar:/home/runner/.m2/repository/commons-validator/commons-validator/1.6/commons-validator-1.6.jar:/home/runner/.m2/repository/commons-beanutils/commons-beanutils/1.9.4/commons-beanutils-1.9.4.jar:/home/runner/.m2/repository/commons-digester/commons-digester/1.8.1/commons-digester-1.8.1.jar:/home/runner/.m2/repository/commons-collections/commons-collections/3.2.2/commons-collections-3.2.2.jar:/home/runner/.m2/repository/io/jaegertracing/jaeger-client/1.6.0/jaeger-client-1.6.0.jar:/home/runner/.m2/repository/io/jaegertracing/jaeger-thrift/1.6.0/jaeger-thrift-1.6.0.jar:/home/runner/.m2/repository/org/apache/thrift/libthrift/0.14.1/libthrift-0.14.1.jar:/home/runner/.m2/repository/com/squareup/okhttp3/okhttp/4.9.0/okhttp-4.9.0.jar:/home/runner/.m2/repository/com/squareup/okio/okio/2.8.0/okio-2.8.0.jar:/home/runner/.m2/repository/io/jaegertracing/jaeger-core/1.6.0/jaeger-core-1.6.0.jar:/home/runner/.m2/repository/io/jaegertracing/jaeger-tracerresolver/1.6.0/jaeger-tracerresolver-1.6.0.jar:/home/runner/.m2/repository/io/opentracing/contrib/opentracing-tracerresolver/0.1.8/opentracing-tracerresolver-0.1.8.jar:/home/runner/.m2/repository/org/jetbrains/kotlin/kotlin-stdlib/1.6.21/kotlin-stdlib-1.6.21.jar:/home/runner/.m2/repository/org/jetbrains/kotlin/kotlin-stdlib-common/1.6.21/kotlin-stdlib-common-1.6.21.jar:/home/runner/.m2/repository/org/jetbrains/annotations/13.0/annotations-13.0.jar:/home/runner/.m2/repository/io/opentracing/opentracing-util/0.33.0/opentracing-util-0.33.0.jar:/home/runner/.m2/repository/io/opentracing/opentracing-api/0.33.0/opentracing-api-0.33.0.jar:/home/runner/.m2/repository/io/opentracing/opentracing-noop/0.33.0/opentracing-noop-0.33.0.jar:/home/runner/.m2/repository/org/yaml/snakeyaml/1.32/snakeyaml-1.32.jar:/home/runner/.m2/repository/org/apache/ozone/hdds-interface-admin/1.3.0-SNAPSHOT/hdds-interface-admin-1.3.0-SNAPSHOT.jar:/home/runner/.m2/repository/junit/junit/4.13.1/junit-4.13.1.jar:/home/runner/.m2/repository/org/hamcrest/hamcrest-core/1.3/hamcrest-core-1.3.jar:/home/runner/.m2/repository/org/junit/jupiter/junit-jupiter-api/5.8.2/junit-jupiter-api-5.8.2.jar:/home/runner/.m2/repository/org/opentest4j/opentest4j/1.2.0/opentest4j-1.2.0.jar:/home/runner/.m2/repository/org/junit/platform/junit-platform-commons/1.8.2/junit-platform-commons-1.8.2.jar:/home/runner/.m2/repository/org/apiguardian/apiguardian-api/1.1.2/apiguardian-api-1.1.2.jar:/home/runner/.m2/repository/org/junit/jupiter/junit-jupiter-params/5.8.2/junit-jupiter-params-5.8.2.jar:/home/runner/.m2/repository/org/junit/jupiter/junit-jupiter-migrationsupport/5.8.2/junit-jupiter-migrationsupport-5.8.2.jar:/home/runner/.m2/repository/org/junit/jupiter/junit-jupiter-engine/5.8.2/junit-jupiter-engine-5.8.2.jar:/home/runner/.m2/repository/org/junit/platform/junit-platform-engine/1.8.2/junit-platform-engine-1.8.2.jar:/home/runner/.m2/repository/org/junit/vintage/junit-vintage-engine/5.8.2/junit-vintage-engine-5.8.2.jar:/home/runner/.m2/repository/org/junit/platform/junit-platform-launcher/1.8.2/junit-platform-launcher-1.8.2.jar:/home/runner/.m2/repository/org/mockito/mockito-core/2.28.2/mockito-core-2.28.2.jar:/home/runner/.m2/repository/net/bytebuddy/byte-buddy/1.9.10/byte-buddy-1.9.10.jar:/home/runner/.m2/repository/net/bytebuddy/byte-buddy-agent/1.9.10/byte-buddy-agent-1.9.10.jar:/home/runner/.m2/repository/org/objenesis/objenesis/1.0/objenesis-1.0.jar:/home/runner/.m2/repository/org/apache/hadoop/hadoop-kms/3.3.1/hadoop-kms-3.3.1.jar:/home/runner/.m2/repository/org/apache/hadoop/hadoop-auth/3.3.1/hadoop-auth-3.3.1.jar:/home/runner/.m2/repository/com/nimbusds/nimbus-jose-jwt/7.9/nimbus-jose-jwt-7.9.jar:/home/runner/.m2/repository/com/github/stephenc/jcip/jcip-annotations/1.0-1/jcip-annotations-1.0-1.jar:/home/runner/.m2/repository/net/minidev/json-smart/2.4.7/json-smart-2.4.7.jar:/home/runner/.m2/repository/net/minidev/accessors-smart/2.4.7/accessors-smart-2.4.7.jar:/home/runner/.m2/repository/org/ow2/asm/asm/5.0.4/asm-5.0.4.jar:/home/runner/.m2/repository/org/apache/zookeeper/zookeeper/3.5.6/zookeeper-3.5.6.jar:/home/runner/.m2/repository/org/apache/zookeeper/zookeeper-jute/3.5.6/zookeeper-jute-3.5.6.jar:/home/runner/.m2/repository/org/apache/yetus/audience-annotations/0.5.0/audience-annotations-0.5.0.jar:/home/runner/.m2/repository/org/apache/curator/curator-framework/4.2.0/curator-framework-4.2.0.jar:/home/runner/.m2/repository/org/apache/hadoop/thirdparty/hadoop-shaded-guava/1.1.1/hadoop-shaded-guava-1.1.1.jar:/home/runner/.m2/repository/com/sun/jersey/jersey-core/1.19/jersey-core-1.19.jar:/home/runner/.m2/repository/javax/ws/rs/jsr311-api/1.1.1/jsr311-api-1.1.1.jar:/home/runner/.m2/repository/com/sun/jersey/jersey-server/1.19/jersey-server-1.19.jar:/home/runner/.m2/repository/javax/servlet/javax.servlet-api/3.1.0/javax.servlet-api-3.1.0.jar:/home/runner/.m2/repository/org/eclipse/jetty/jetty-server/9.4.43.v20210629/jetty-server-9.4.43.v20210629.jar:/home/runner/.m2/repository/org/eclipse/jetty/jetty-http/9.4.43.v20210629/jetty-http-9.4.43.v20210629.jar:/home/runner/.m2/repository/org/eclipse/jetty/jetty-io/9.4.43.v20210629/jetty-io-9.4.43.v20210629.jar:/home/runner/.m2/repository/org/eclipse/jetty/jetty-webapp/9.4.43.v20210629/jetty-webapp-9.4.43.v20210629.jar:/home/runner/.m2/repository/org/eclipse/jetty/jetty-xml/9.4.43.v20210629/jetty-xml-9.4.43.v20210629.jar:/home/runner/.m2/repository/org/apache/hadoop/hadoop-common/3.3.1/hadoop-common-3.3.1.jar:/home/runner/.m2/repository/org/apache/commons/commons-math3/3.1.1/commons-math3-3.1.1.jar:/home/runner/.m2/repository/commons-net/commons-net/3.6/commons-net-3.6.jar:/home/runner/.m2/repository/com/sun/jersey/jersey-servlet/1.19/jersey-servlet-1.19.jar:/home/runner/.m2/repository/com/sun/jersey/jersey-json/1.19/jersey-json-1.19.jar:/home/runner/.m2/repository/org/codehaus/jettison/jettison/1.1/jettison-1.1.jar:/home/runner/.m2/repository/com/sun/xml/bind/jaxb-impl/2.2.3-1/jaxb-impl-2.2.3-1.jar:/home/runner/.m2/repository/org/codehaus/jackson/jackson-xc/1.9.2/jackson-xc-1.9.2.jar:/home/runner/.m2/repository/org/apache/commons/commons-configuration2/2.1.1/commons-configuration2-2.1.1.jar:/home/runner/.m2/repository/org/apache/commons/commons-text/1.4/commons-text-1.4.jar:/home/runner/.m2/repository/com/google/re2j/re2j/1.1/re2j-1.1.jar:/home/runner/.m2/repository/com/jcraft/jsch/0.1.54/jsch-0.1.54.jar:/home/runner/.m2/repository/org/apache/curator/curator-client/4.2.0/curator-client-4.2.0.jar:/home/runner/.m2/repository/org/apache/curator/curator-recipes/4.2.0/curator-recipes-4.2.0.jar:/home/runner/.m2/repository/org/apache/htrace/htrace-core4/4.1.0-incubating/htrace-core4-4.1.0-incubating.jar:/home/runner/.m2/repository/org/apache/kerby/kerb-core/1.0.1/kerb-core-1.0.1.jar:/home/runner/.m2/repository/org/apache/kerby/kerby-pkix/1.0.1/kerby-pkix-1.0.1.jar:/home/runner/.m2/repository/org/apache/kerby/kerby-asn1/1.0.1/kerby-asn1-1.0.1.jar:/home/runner/.m2/repository/org/apache/kerby/kerby-util/1.0.1/kerby-util-1.0.1.jar:/home/runner/.m2/repository/dnsjava/dnsjava/2.1.7/dnsjava-2.1.7.jar:/home/runner/.m2/repository/org/xerial/snappy/snappy-java/1.1.8.2/snappy-java-1.1.8.2.jar:/home/runner/.m2/repository/org/eclipse/jetty/jetty-util/9.4.43.v20210629/jetty-util-9.4.43.v20210629.jar:/home/runner/.m2/repository/com/fasterxml/jackson/core/jackson-databind/2.13.4/jackson-databind-2.13.4.jar:/home/runner/.m2/repository/org/apache/hadoop/hadoop-kms/3.3.1/hadoop-kms-3.3.1-tests.jar:/home/runner/.m2/repository/org/apache/ozone/hdds-server-scm/1.3.0-SNAPSHOT/hdds-server-scm-1.3.0-SNAPSHOT-tests.jar:/home/runner/.m2/repository/org/apache/ozone/hdds-container-service/1.3.0-SNAPSHOT/hdds-container-service-1.3.0-SNAPSHOT-tests.jar:/home/runner/.m2/repository/commons-codec/commons-codec/1.11/commons-codec-1.11.jar:/home/runner/.m2/repository/io/netty/netty-codec/4.1.79.Final/netty-codec-4.1.79.Final.jar:/home/runner/.m2/repository/io/netty/netty-handler/4.1.79.Final/netty-handler-4.1.79.Final.jar:/home/runner/.m2/repository/org/apache/ozone/hdds-hadoop-dependency-test/1.3.0-SNAPSHOT/hdds-hadoop-dependency-test-1.3.0-SNAPSHOT.jar:/home/runner/.m2/repository/org/apache/hadoop/hadoop-common/3.3.1/hadoop-common-3.3.1-tests.jar:/home/runner/.m2/repository/org/apache/hadoop/hadoop-hdfs/3.3.1/hadoop-hdfs-3.3.1-tests.jar:/home/runner/.m2/repository/org/assertj/assertj-core/3.12.2/assertj-core-3.12.2.jar:/home/runner/.m2/repository/org/apache/hadoop/hadoop-distcp/3.3.1/hadoop-distcp-3.3.1.jar:/home/runner/.m2/repository/org/apache/hadoop/hadoop-mapreduce-client-jobclient/3.3.1/hadoop-mapreduce-client-jobclient-3.3.1.jar:/home/runner/.m2/repository/org/apache/hadoop/hadoop-mapreduce-client-common/3.3.1/hadoop-mapreduce-client-common-3.3.1.jar:/home/runner/.m2/repository/org/apache/hadoop/hadoop-yarn-common/3.3.1/hadoop-yarn-common-3.3.1.jar:/home/runner/.m2/repository/org/apache/hadoop/hadoop-yarn-api/3.3.1/hadoop-yarn-api-3.3.1.jar:/home/runner/.m2/repository/com/sun/jersey/contribs/jersey-guice/1.19/jersey-guice-1.19.jar:/home/runner/.m2/repository/com/fasterxml/jackson/jaxrs/jackson-jaxrs-json-provider/2.13.4/jackson-jaxrs-json-provider-2.13.4.jar:/home/runner/.m2/repository/com/fasterxml/jackson/jaxrs/jackson-jaxrs-base/2.13.4/jackson-jaxrs-base-2.13.4.jar:/home/runner/.m2/repository/org/apache/hadoop/hadoop-yarn-client/3.3.1/hadoop-yarn-client-3.3.1.jar:/home/runner/.m2/repository/org/eclipse/jetty/websocket/websocket-client/9.4.40.v20210413/websocket-client-9.4.40.v20210413.jar:/home/runner/.m2/repository/org/eclipse/jetty/websocket/websocket-common/9.4.40.v20210413/websocket-common-9.4.40.v20210413.jar:/home/runner/.m2/repository/org/eclipse/jetty/websocket/websocket-api/9.4.40.v20210413/websocket-api-9.4.40.v20210413.jar:/home/runner/.m2/repository/org/jline/jline/3.9.0/jline-3.9.0.jar:/home/runner/.m2/repository/org/apache/hadoop/hadoop-mapreduce-client-core/3.3.1/hadoop-mapreduce-client-core-3.3.1.jar:/home/runner/.m2/repository/org/apache/avro/avro/1.7.7/avro-1.7.7.jar:/home/runner/.m2/repository/org/codehaus/jackson/jackson-core-asl/1.9.13/jackson-core-asl-1.9.13.jar:/home/runner/.m2/repository/org/codehaus/jackson/jackson-mapper-asl/1.9.13/jackson-mapper-asl-1.9.13.jar:/home/runner/.m2/repository/com/thoughtworks/paranamer/paranamer/2.3/paranamer-2.3.jar:/home/runner/.m2/repository/org/apache/hadoop/hadoop-annotations/3.3.1/hadoop-annotations-3.3.1.jar:/opt/hostedtoolcache/jdk/8.0.345/x64/jre/../lib/tools.jar:/home/runner/.m2/repository/io/netty/netty/3.10.6.Final/netty-3.10.6.Final.jar:/home/runner/.m2/repository/org/apache/hadoop/hadoop-distcp/3.3.1/hadoop-distcp-3.3.1-tests.jar:/home/runner/.m2/repository/org/slf4j/jul-to-slf4j/1.7.36/jul-to-slf4j-1.7.36.jar:/home/runner/.m2/repository/org/apache/ratis/ratis-common/2.3.0/ratis-common-2.3.0.jar:/home/runner/.m2/repository/org/apache/ratis/ratis-thirdparty-misc/1.0.0/ratis-thirdparty-misc-1.0.0.jar:/home/runner/.m2/repository/org/apache/ratis/ratis-proto/2.3.0/ratis-proto-2.3.0.jar:"/>
    <property name="java.vm.vendor" value="Azul Systems, Inc."/>
    <property name="sun.arch.data.model" value="64"/>
    <property name="test.build.dir" value="/home/runner/work/ozone/ozone/hadoop-ozone/integration-test/target/test-dir"/>
    <property name="test.cache.data" value=""/>
    <property name="java.vendor.url" value="http://www.azul.com/"/>
    <property name="user.timezone" value="Etc/UTC"/>
    <property name="java.vm.specification.version" value="1.8"/>
    <property name="os.name" value="Linux"/>
    <property name="test.build.data" value="/home/runner/work/ozone/ozone/hadoop-ozone/integration-test/target/test-dir"/>
    <property name="sun.java.launcher" value="SUN_STANDARD"/>
    <property name="sun.boot.library.path" value="/opt/hostedtoolcache/jdk/8.0.345/x64/jre/lib/amd64"/>
    <property name="sun.java.command" value="/home/runner/work/ozone/ozone/hadoop-ozone/integration-test/target/surefire/surefirebooter8210747882193440875.jar /home/runner/work/ozone/ozone/hadoop-ozone/integration-test/target/surefire 2022-10-11T07-23-36_692-jvmRun1 surefire2806098097618293420tmp surefire_311333616942839438917tmp"/>
    <property name="surefire.test.class.path" value="/home/runner/work/ozone/ozone/hadoop-ozone/integration-test/target/test-classes:/home/runner/work/ozone/ozone/hadoop-ozone/integration-test/target/classes:/home/runner/.m2/repository/org/apache/ozone/ozone-common/1.3.0-SNAPSHOT/ozone-common-1.3.0-SNAPSHOT.jar:/home/runner/.m2/repository/io/grpc/grpc-netty/1.48.1/grpc-netty-1.48.1.jar:/home/runner/.m2/repository/io/grpc/grpc-core/1.48.1/grpc-core-1.48.1.jar:/home/runner/.m2/repository/com/google/android/annotations/4.1.1.4/annotations-4.1.1.4.jar:/home/runner/.m2/repository/org/codehaus/mojo/animal-sniffer-annotations/1.21/animal-sniffer-annotations-1.21.jar:/home/runner/.m2/repository/com/google/errorprone/error_prone_annotations/2.2.0/error_prone_annotations-2.2.0.jar:/home/runner/.m2/repository/io/perfmark/perfmark-api/0.25.0/perfmark-api-0.25.0.jar:/home/runner/.m2/repository/io/netty/netty-codec-http2/4.1.79.Final/netty-codec-http2-4.1.79.Final.jar:/home/runner/.m2/repository/io/netty/netty-common/4.1.79.Final/netty-common-4.1.79.Final.jar:/home/runner/.m2/repository/io/netty/netty-buffer/4.1.79.Final/netty-buffer-4.1.79.Final.jar:/home/runner/.m2/repository/io/netty/netty-codec-http/4.1.79.Final/netty-codec-http-4.1.79.Final.jar:/home/runner/.m2/repository/io/netty/netty-handler-proxy/4.1.79.Final/netty-handler-proxy-4.1.79.Final.jar:/home/runner/.m2/repository/io/netty/netty-codec-socks/4.1.79.Final/netty-codec-socks-4.1.79.Final.jar:/home/runner/.m2/repository/io/netty/netty-tcnative-boringssl-static/2.0.53.Final/netty-tcnative-boringssl-static-2.0.53.Final.jar:/home/runner/.m2/repository/io/netty/netty-tcnative-classes/2.0.53.Final/netty-tcnative-classes-2.0.53.Final.jar:/home/runner/.m2/repository/io/netty/netty-tcnative-boringssl-static/2.0.53.Final/netty-tcnative-boringssl-static-2.0.53.Final-linux-x86_64.jar:/home/runner/.m2/repository/io/netty/netty-tcnative-boringssl-static/2.0.53.Final/netty-tcnative-boringssl-static-2.0.53.Final-linux-aarch_64.jar:/home/runner/.m2/repository/io/netty/netty-tcnative-boringssl-static/2.0.53.Final/netty-tcnative-boringssl-static-2.0.53.Final-osx-x86_64.jar:/home/runner/.m2/repository/io/netty/netty-tcnative-boringssl-static/2.0.53.Final/netty-tcnative-boringssl-static-2.0.53.Final-osx-aarch_64.jar:/home/runner/.m2/repository/io/netty/netty-tcnative-boringssl-static/2.0.53.Final/netty-tcnative-boringssl-static-2.0.53.Final-windows-x86_64.jar:/home/runner/.m2/repository/org/apache/commons/commons-compress/1.21/commons-compress-1.21.jar:/home/runner/.m2/repository/org/apache/ozone/hdds-common/1.3.0-SNAPSHOT/hdds-common-1.3.0-SNAPSHOT.jar:/home/runner/.m2/repository/org/apache/ozone/hdds-client/1.3.0-SNAPSHOT/hdds-client-1.3.0-SNAPSHOT.jar:/home/runner/.m2/repository/org/apache/ozone/ozone-interface-client/1.3.0-SNAPSHOT/ozone-interface-client-1.3.0-SNAPSHOT.jar:/home/runner/.m2/repository/org/apache/ozone/hdds-test-utils/1.3.0-SNAPSHOT/hdds-test-utils-1.3.0-SNAPSHOT.jar:/home/runner/.m2/repository/com/google/guava/guava/31.1-jre/guava-31.1-jre.jar:/home/runner/.m2/repository/com/google/guava/failureaccess/1.0.1/failureaccess-1.0.1.jar:/home/runner/.m2/repository/com/google/guava/listenablefuture/9999.0-empty-to-avoid-conflict-with-guava/listenablefuture-9999.0-empty-to-avoid-conflict-with-guava.jar:/home/runner/.m2/repository/com/google/code/findbugs/jsr305/3.0.0/jsr305-3.0.0.jar:/home/runner/.m2/repository/org/checkerframework/checker-qual/3.12.0/checker-qual-3.12.0.jar:/home/runner/.m2/repository/com/google/j2objc/j2objc-annotations/1.3/j2objc-annotations-1.3.jar:/home/runner/.m2/repository/commons-io/commons-io/2.11.0/commons-io-2.11.0.jar:/home/runner/.m2/repository/commons-logging/commons-logging/1.2/commons-logging-1.2.jar:/home/runner/.m2/repository/ch/qos/reload4j/reload4j/1.2.22/reload4j-1.2.22.jar:/home/runner/.m2/repository/org/slf4j/slf4j-api/1.7.36/slf4j-api-1.7.36.jar:/home/runner/.m2/repository/org/apache/ozone/hdds-server-scm/1.3.0-SNAPSHOT/hdds-server-scm-1.3.0-SNAPSHOT.jar:/home/runner/.m2/repository/org/apache/ozone/hdds-container-service/1.3.0-SNAPSHOT/hdds-container-service-1.3.0-SNAPSHOT.jar:/home/runner/.m2/repository/org/apache/ozone/hdds-hadoop-dependency-server/1.3.0-SNAPSHOT/hdds-hadoop-dependency-server-1.3.0-SNAPSHOT.jar:/home/runner/.m2/repository/org/apache/hadoop/hadoop-hdfs/3.3.1/hadoop-hdfs-3.3.1.jar:/home/runner/.m2/repository/org/eclipse/jetty/jetty-util-ajax/9.4.43.v20210629/jetty-util-ajax-9.4.43.v20210629.jar:/home/runner/.m2/repository/commons-daemon/commons-daemon/1.0.13/commons-daemon-1.0.13.jar:/home/runner/.m2/repository/org/apache/ozone/hdds-server-framework/1.3.0-SNAPSHOT/hdds-server-framework-1.3.0-SNAPSHOT.jar:/home/runner/.m2/repository/org/apache/ozone/hdds-interface-server/1.3.0-SNAPSHOT/hdds-interface-server-1.3.0-SNAPSHOT.jar:/home/runner/.m2/repository/org/apache/logging/log4j/log4j-core/2.17.1/log4j-core-2.17.1.jar:/home/runner/.m2/repository/com/lmax/disruptor/3.4.2/disruptor-3.4.2.jar:/home/runner/.m2/repository/org/eclipse/jetty/jetty-servlet/9.4.43.v20210629/jetty-servlet-9.4.43.v20210629.jar:/home/runner/.m2/repository/org/eclipse/jetty/jetty-security/9.4.43.v20210629/jetty-security-9.4.43.v20210629.jar:/home/runner/.m2/repository/org/rocksdb/rocksdbjni/7.4.5/rocksdbjni-7.4.5.jar:/home/runner/.m2/repository/io/prometheus/simpleclient_dropwizard/0.7.0/simpleclient_dropwizard-0.7.0.jar:/home/runner/.m2/repository/io/prometheus/simpleclient/0.7.0/simpleclient-0.7.0.jar:/home/runner/.m2/repository/io/prometheus/simpleclient_common/0.7.0/simpleclient_common-0.7.0.jar:/home/runner/.m2/repository/io/dropwizard/metrics/metrics-core/3.2.4/metrics-core-3.2.4.jar:/home/runner/.m2/repository/org/apache/hadoop/hadoop-hdfs-client/3.3.1/hadoop-hdfs-client-3.3.1.jar:/home/runner/.m2/repository/org/bouncycastle/bcprov-jdk15on/1.67/bcprov-jdk15on-1.67.jar:/home/runner/.m2/repository/com/google/protobuf/protobuf-java/2.5.0/protobuf-java-2.5.0.jar:/home/runner/.m2/repository/org/apache/ozone/ozone-manager/1.3.0-SNAPSHOT/ozone-manager-1.3.0-SNAPSHOT.jar:/home/runner/.m2/repository/org/aspectj/aspectjrt/1.9.7/aspectjrt-1.9.7.jar:/home/runner/.m2/repository/org/aspectj/aspectjweaver/1.9.7/aspectjweaver-1.9.7.jar:/home/runner/.m2/repository/org/apache/ozone/hdds-interface-client/1.3.0-SNAPSHOT/hdds-interface-client-1.3.0-SNAPSHOT.jar:/home/runner/.m2/repository/org/apache/hadoop/thirdparty/hadoop-shaded-protobuf_3_7/1.1.1/hadoop-shaded-protobuf_3_7-1.1.1.jar:/home/runner/.m2/repository/org/apache/ozone/ozone-interface-storage/1.3.0-SNAPSHOT/ozone-interface-storage-1.3.0-SNAPSHOT.jar:/home/runner/.m2/repository/org/reflections/reflections/0.9.11/reflections-0.9.11.jar:/home/runner/.m2/repository/com/sun/jersey/jersey-client/1.19/jersey-client-1.19.jar:/home/runner/.m2/repository/org/apache/ranger/ranger-intg/2.3.0/ranger-intg-2.3.0.jar:/home/runner/.m2/repository/org/apache/ranger/ranger-plugins-common/2.3.0/ranger-plugins-common-2.3.0.jar:/home/runner/.m2/repository/commons-lang/commons-lang/2.6/commons-lang-2.6.jar:/home/runner/.m2/repository/org/codehaus/jackson/jackson-jaxrs/1.9.13/jackson-jaxrs-1.9.13.jar:/home/runner/.m2/repository/org/apache/ranger/ranger-plugins-cred/2.3.0/ranger-plugins-cred-2.3.0.jar:/home/runner/.m2/repository/org/apache/ranger/ranger-plugins-audit/2.3.0/ranger-plugins-audit-2.3.0.jar:/home/runner/.m2/repository/org/eclipse/jetty/jetty-client/9.4.31.v20200723/jetty-client-9.4.31.v20200723.jar:/home/runner/.m2/repository/org/apache/httpcomponents/httpmime/4.5.6/httpmime-4.5.6.jar:/home/runner/.m2/repository/org/apache/httpcomponents/httpcore-nio/4.4.6/httpcore-nio-4.4.6.jar:/home/runner/.m2/repository/org/apache/httpcomponents/httpasyncclient/4.1.3/httpasyncclient-4.1.3.jar:/home/runner/.m2/repository/com/carrotsearch/hppc/0.8.0/hppc-0.8.0.jar:/home/runner/.m2/repository/org/apache/orc/orc-core/1.5.8/orc-core-1.5.8.jar:/home/runner/.m2/repository/net/java/dev/jna/jna/5.2.0/jna-5.2.0.jar:/home/runner/.m2/repository/net/java/dev/jna/jna-platform/5.2.0/jna-platform-5.2.0.jar:/home/runner/.m2/repository/com/kstruct/gethostname4j/0.0.2/gethostname4j-0.0.2.jar:/home/runner/.m2/repository/org/apache/ranger/ranger-plugin-classloader/2.3.0/ranger-plugin-classloader-2.3.0.jar:/home/runner/.m2/repository/org/apache/hadoop/hadoop-minikdc/3.3.1/hadoop-minikdc-3.3.1.jar:/home/runner/.m2/repository/org/apache/kerby/kerb-simplekdc/1.0.1/kerb-simplekdc-1.0.1.jar:/home/runner/.m2/repository/org/apache/kerby/kerb-client/1.0.1/kerb-client-1.0.1.jar:/home/runner/.m2/repository/org/apache/kerby/kerby-config/1.0.1/kerby-config-1.0.1.jar:/home/runner/.m2/repository/org/apache/kerby/kerb-common/1.0.1/kerb-common-1.0.1.jar:/home/runner/.m2/repository/org/apache/kerby/kerb-crypto/1.0.1/kerb-crypto-1.0.1.jar:/home/runner/.m2/repository/org/apache/kerby/kerb-util/1.0.1/kerb-util-1.0.1.jar:/home/runner/.m2/repository/org/apache/kerby/token-provider/1.0.1/token-provider-1.0.1.jar:/home/runner/.m2/repository/org/apache/kerby/kerb-admin/1.0.1/kerb-admin-1.0.1.jar:/home/runner/.m2/repository/org/apache/kerby/kerb-server/1.0.1/kerb-server-1.0.1.jar:/home/runner/.m2/repository/org/apache/kerby/kerb-identity/1.0.1/kerb-identity-1.0.1.jar:/home/runner/.m2/repository/org/apache/kerby/kerby-xdr/1.0.1/kerby-xdr-1.0.1.jar:/home/runner/.m2/repository/org/apache/ozone/ozone-s3gateway/1.3.0-SNAPSHOT/ozone-s3gateway-1.3.0-SNAPSHOT.jar:/home/runner/.m2/repository/org/javassist/javassist/3.21.0-GA/javassist-3.21.0-GA.jar:/home/runner/.m2/repository/org/jboss/weld/servlet/weld-servlet/2.4.7.Final/weld-servlet-2.4.7.Final.jar:/home/runner/.m2/repository/org/glassfish/jersey/containers/jersey-container-servlet-core/2.34/jersey-container-servlet-core-2.34.jar:/home/runner/.m2/repository/org/glassfish/hk2/external/jakarta.inject/2.6.1/jakarta.inject-2.6.1.jar:/home/runner/.m2/repository/org/glassfish/jersey/core/jersey-common/2.34/jersey-common-2.34.jar:/home/runner/.m2/repository/jakarta/ws/rs/jakarta.ws.rs-api/2.1.6/jakarta.ws.rs-api-2.1.6.jar:/home/runner/.m2/repository/org/glassfish/jersey/ext/cdi/jersey-cdi1x/2.34/jersey-cdi1x-2.34.jar:/home/runner/.m2/repository/org/glassfish/jersey/inject/jersey-hk2/2.34/jersey-hk2-2.34.jar:/home/runner/.m2/repository/org/glassfish/hk2/hk2-locator/2.6.1/hk2-locator-2.6.1.jar:/home/runner/.m2/repository/org/glassfish/jersey/media/jersey-media-jaxb/2.34/jersey-media-jaxb-2.34.jar:/home/runner/.m2/repository/org/glassfish/hk2/osgi-resource-locator/1.0.3/osgi-resource-locator-1.0.3.jar:/home/runner/.m2/repository/org/glassfish/hk2/hk2-api/2.5.0/hk2-api-2.5.0.jar:/home/runner/.m2/repository/org/glassfish/hk2/hk2-utils/2.5.0/hk2-utils-2.5.0.jar:/home/runner/.m2/repository/org/glassfish/hk2/external/aopalliance-repackaged/2.5.0/aopalliance-repackaged-2.5.0.jar:/home/runner/.m2/repository/com/fasterxml/jackson/dataformat/jackson-dataformat-xml/2.13.4/jackson-dataformat-xml-2.13.4.jar:/home/runner/.m2/repository/com/fasterxml/jackson/core/jackson-core/2.13.4/jackson-core-2.13.4.jar:/home/runner/.m2/repository/org/codehaus/woodstox/stax2-api/3.1.4/stax2-api-3.1.4.jar:/home/runner/.m2/repository/com/fasterxml/woodstox/woodstox-core/5.0.3/woodstox-core-5.0.3.jar:/home/runner/.m2/repository/com/fasterxml/jackson/module/jackson-module-jaxb-annotations/2.13.4/jackson-module-jaxb-annotations-2.13.4.jar:/home/runner/.m2/repository/jakarta/xml/bind/jakarta.xml.bind-api/2.3.3/jakarta.xml.bind-api-2.3.3.jar:/home/runner/.m2/repository/jakarta/activation/jakarta.activation-api/1.2.1/jakarta.activation-api-1.2.1.jar:/home/runner/.m2/repository/javax/enterprise/cdi-api/1.2/cdi-api-1.2.jar:/home/runner/.m2/repository/javax/el/javax.el-api/3.0.0/javax.el-api-3.0.0.jar:/home/runner/.m2/repository/javax/interceptor/javax.interceptor-api/1.2/javax.interceptor-api-1.2.jar:/home/runner/.m2/repository/javax/inject/javax.inject/1/javax.inject-1.jar:/home/runner/.m2/repository/javax/xml/bind/jaxb-api/2.3.0/jaxb-api-2.3.0.jar:/home/runner/.m2/repository/org/glassfish/jaxb/jaxb-runtime/2.3.0.1/jaxb-runtime-2.3.0.1.jar:/home/runner/.m2/repository/org/glassfish/jaxb/jaxb-core/2.3.0.1/jaxb-core-2.3.0.1.jar:/home/runner/.m2/repository/org/glassfish/jaxb/txw2/2.3.0.1/txw2-2.3.0.1.jar:/home/runner/.m2/repository/com/sun/istack/istack-commons-runtime/3.0.5/istack-commons-runtime-3.0.5.jar:/home/runner/.m2/repository/org/jvnet/staxex/stax-ex/1.7.8/stax-ex-1.7.8.jar:/home/runner/.m2/repository/com/sun/xml/fastinfoset/FastInfoset/1.2.13/FastInfoset-1.2.13.jar:/home/runner/.m2/repository/javax/activation/activation/1.1.1/activation-1.1.1.jar:/home/runner/.m2/repository/io/grpc/grpc-protobuf/1.48.1/grpc-protobuf-1.48.1.jar:/home/runner/.m2/repository/io/grpc/grpc-api/1.48.1/grpc-api-1.48.1.jar:/home/runner/.m2/repository/io/grpc/grpc-context/1.48.1/grpc-context-1.48.1.jar:/home/runner/.m2/repository/com/google/api/grpc/proto-google-common-protos/2.9.0/proto-google-common-protos-2.9.0.jar:/home/runner/.m2/repository/io/grpc/grpc-protobuf-lite/1.48.1/grpc-protobuf-lite-1.48.1.jar:/home/runner/.m2/repository/io/grpc/grpc-stub/1.48.1/grpc-stub-1.48.1.jar:/home/runner/.m2/repository/io/netty/netty-transport/4.1.79.Final/netty-transport-4.1.79.Final.jar:/home/runner/.m2/repository/io/netty/netty-resolver/4.1.79.Final/netty-resolver-4.1.79.Final.jar:/home/runner/.m2/repository/org/apache/ozone/ozone-csi/1.3.0-SNAPSHOT/ozone-csi-1.3.0-SNAPSHOT.jar:/home/runner/.m2/repository/com/google/protobuf/protobuf-java-util/3.19.2/protobuf-java-util-3.19.2.jar:/home/runner/.m2/repository/com/google/code/gson/gson/2.9.0/gson-2.9.0.jar:/home/runner/.m2/repository/org/apache/ozone/hdds-config/1.3.0-SNAPSHOT/hdds-config-1.3.0-SNAPSHOT.jar:/home/runner/.m2/repository/io/netty/netty-transport-native-epoll/4.1.79.Final/netty-transport-native-epoll-4.1.79.Final-linux-x86_64.jar:/home/runner/.m2/repository/io/netty/netty-transport-classes-epoll/4.1.79.Final/netty-transport-classes-epoll-4.1.79.Final.jar:/home/runner/.m2/repository/io/netty/netty-transport-native-unix-common/4.1.79.Final/netty-transport-native-unix-common-4.1.79.Final.jar:/home/runner/.m2/repository/org/slf4j/slf4j-reload4j/1.7.36/slf4j-reload4j-1.7.36.jar:/home/runner/.m2/repository/org/apache/ozone/ozone-recon/1.3.0-SNAPSHOT/ozone-recon-1.3.0-SNAPSHOT.jar:/home/runner/.m2/repository/org/apache/ozone/ozone-reconcodegen/1.3.0-SNAPSHOT/ozone-reconcodegen-1.3.0-SNAPSHOT.jar:/home/runner/.m2/repository/com/google/inject/extensions/guice-multibindings/4.0/guice-multibindings-4.0.jar:/home/runner/.m2/repository/com/google/inject/guice/4.0/guice-4.0.jar:/home/runner/.m2/repository/aopalliance/aopalliance/1.0/aopalliance-1.0.jar:/home/runner/.m2/repository/com/google/inject/extensions/guice-assistedinject/4.0/guice-assistedinject-4.0.jar:/home/runner/.m2/repository/com/google/inject/extensions/guice-servlet/4.0/guice-servlet-4.0.jar:/home/runner/.m2/repository/org/glassfish/jersey/containers/jersey-container-servlet/2.34/jersey-container-servlet-2.34.jar:/home/runner/.m2/repository/org/glassfish/hk2/guice-bridge/2.5.0/guice-bridge-2.5.0.jar:/home/runner/.m2/repository/org/glassfish/jersey/core/jersey-server/2.34/jersey-server-2.34.jar:/home/runner/.m2/repository/org/glassfish/jersey/core/jersey-client/2.34/jersey-client-2.34.jar:/home/runner/.m2/repository/jakarta/annotation/jakarta.annotation-api/1.3.5/jakarta.annotation-api-1.3.5.jar:/home/runner/.m2/repository/jakarta/validation/jakarta.validation-api/2.0.2/jakarta.validation-api-2.0.2.jar:/home/runner/.m2/repository/org/glassfish/jersey/media/jersey-media-json-jackson/2.34/jersey-media-json-jackson-2.34.jar:/home/runner/.m2/repository/org/glassfish/jersey/ext/jersey-entity-filtering/2.34/jersey-entity-filtering-2.34.jar:/home/runner/.m2/repository/org/jooq/jooq/3.11.10/jooq-3.11.10.jar:/home/runner/.m2/repository/org/jooq/jooq-meta/3.11.10/jooq-meta-3.11.10.jar:/home/runner/.m2/repository/org/jooq/jooq-codegen/3.11.10/jooq-codegen-3.11.10.jar:/home/runner/.m2/repository/com/jolbox/bonecp/0.8.0.RELEASE/bonecp-0.8.0.RELEASE.jar:/home/runner/.m2/repository/org/apache/derby/derby/10.14.2.0/derby-10.14.2.0.jar:/home/runner/.m2/repository/org/xerial/sqlite-jdbc/3.25.2/sqlite-jdbc-3.25.2.jar:/home/runner/.m2/repository/org/springframework/spring-jdbc/5.2.20.RELEASE/spring-jdbc-5.2.20.RELEASE.jar:/home/runner/.m2/repository/org/springframework/spring-beans/5.2.20.RELEASE/spring-beans-5.2.20.RELEASE.jar:/home/runner/.m2/repository/org/springframework/spring-core/5.2.20.RELEASE/spring-core-5.2.20.RELEASE.jar:/home/runner/.m2/repository/org/springframework/spring-jcl/5.2.20.RELEASE/spring-jcl-5.2.20.RELEASE.jar:/home/runner/.m2/repository/org/springframework/spring-tx/5.2.20.RELEASE/spring-tx-5.2.20.RELEASE.jar:/home/runner/.m2/repository/org/apache/ozone/ozone-client/1.3.0-SNAPSHOT/ozone-client-1.3.0-SNAPSHOT.jar:/home/runner/.m2/repository/org/apache/ozone/hdds-erasurecode/1.3.0-SNAPSHOT/hdds-erasurecode-1.3.0-SNAPSHOT.jar:/home/runner/.m2/repository/com/github/spotbugs/spotbugs-annotations/3.1.12/spotbugs-annotations-3.1.12.jar:/home/runner/.m2/repository/org/apache/ozone/ozone-filesystem/1.3.0-SNAPSHOT/ozone-filesystem-1.3.0-SNAPSHOT.jar:/home/runner/.m2/repository/org/apache/ozone/ozone-filesystem-common/1.3.0-SNAPSHOT/ozone-filesystem-common-1.3.0-SNAPSHOT.jar:/home/runner/.m2/repository/org/apache/ozone/ozone-tools/1.3.0-SNAPSHOT/ozone-tools-1.3.0-SNAPSHOT.jar:/home/runner/.m2/repository/org/apache/ratis/ratis-tools/2.3.0/ratis-tools-2.3.0.jar:/home/runner/.m2/repository/com/amazonaws/aws-java-sdk-core/1.12.261/aws-java-sdk-core-1.12.261.jar:/home/runner/.m2/repository/org/apache/httpcomponents/httpclient/4.5.13/httpclient-4.5.13.jar:/home/runner/.m2/repository/org/apache/httpcomponents/httpcore/4.4.13/httpcore-4.4.13.jar:/home/runner/.m2/repository/software/amazon/ion/ion-java/1.0.2/ion-java-1.0.2.jar:/home/runner/.m2/repository/com/fasterxml/jackson/dataformat/jackson-dataformat-cbor/2.13.4/jackson-dataformat-cbor-2.13.4.jar:/home/runner/.m2/repository/joda-time/joda-time/2.8.1/joda-time-2.8.1.jar:/home/runner/.m2/repository/com/amazonaws/aws-java-sdk-s3/1.12.261/aws-java-sdk-s3-1.12.261.jar:/home/runner/.m2/repository/com/amazonaws/aws-java-sdk-kms/1.12.261/aws-java-sdk-kms-1.12.261.jar:/home/runner/.m2/repository/com/amazonaws/jmespath-java/1.12.261/jmespath-java-1.12.261.jar:/home/runner/.m2/repository/org/kohsuke/metainf-services/metainf-services/1.8/metainf-services-1.8.jar:/home/runner/.m2/repository/org/apache/ozone/hdds-tools/1.3.0-SNAPSHOT/hdds-tools-1.3.0-SNAPSHOT.jar:/home/runner/.m2/repository/commons-cli/commons-cli/1.2/commons-cli-1.2.jar:/home/runner/.m2/repository/org/apache/commons/commons-lang3/3.7/commons-lang3-3.7.jar:/home/runner/.m2/repository/org/apache/ozone/ozone-manager/1.3.0-SNAPSHOT/ozone-manager-1.3.0-SNAPSHOT-tests.jar:/home/runner/.m2/repository/org/apache/ozone/hdds-common/1.3.0-SNAPSHOT/hdds-common-1.3.0-SNAPSHOT-tests.jar:/home/runner/.m2/repository/org/apache/ozone/hdds-hadoop-dependency-client/1.3.0-SNAPSHOT/hdds-hadoop-dependency-client-1.3.0-SNAPSHOT.jar:/home/runner/.m2/repository/info/picocli/picocli/4.6.1/picocli-4.6.1.jar:/home/runner/.m2/repository/com/fasterxml/jackson/core/jackson-annotations/2.13.4/jackson-annotations-2.13.4.jar:/home/runner/.m2/repository/com/fasterxml/jackson/datatype/jackson-datatype-jsr310/2.13.4/jackson-datatype-jsr310-2.13.4.jar:/home/runner/.m2/repository/org/apache/ozone/hdds-annotation-processing/1.3.0-SNAPSHOT/hdds-annotation-processing-1.3.0-SNAPSHOT.jar:/home/runner/.m2/repository/javax/annotation/javax.annotation-api/1.2/javax.annotation-api-1.2.jar:/home/runner/.m2/repository/org/apache/ratis/ratis-server/2.3.0/ratis-server-2.3.0.jar:/home/runner/.m2/repository/org/apache/ratis/ratis-client/2.3.0/ratis-client-2.3.0.jar:/home/runner/.m2/repository/org/apache/ratis/ratis-server-api/2.3.0/ratis-server-api-2.3.0.jar:/home/runner/.m2/repository/org/apache/ratis/ratis-metrics/2.3.0/ratis-metrics-2.3.0.jar:/home/runner/.m2/repository/org/apache/ratis/ratis-netty/2.3.0/ratis-netty-2.3.0.jar:/home/runner/.m2/repository/org/apache/ratis/ratis-grpc/2.3.0/ratis-grpc-2.3.0.jar:/home/runner/.m2/repository/org/apache/logging/log4j/log4j-api/2.17.1/log4j-api-2.17.1.jar:/home/runner/.m2/repository/org/apache/commons/commons-pool2/2.6.0/commons-pool2-2.6.0.jar:/home/runner/.m2/repository/org/bouncycastle/bcpkix-jdk15on/1.67/bcpkix-jdk15on-1.67.jar:/home/runner/.m2/repository/commons-validator/commons-validator/1.6/commons-validator-1.6.jar:/home/runner/.m2/repository/commons-beanutils/commons-beanutils/1.9.4/commons-beanutils-1.9.4.jar:/home/runner/.m2/repository/commons-digester/commons-digester/1.8.1/commons-digester-1.8.1.jar:/home/runner/.m2/repository/commons-collections/commons-collections/3.2.2/commons-collections-3.2.2.jar:/home/runner/.m2/repository/io/jaegertracing/jaeger-client/1.6.0/jaeger-client-1.6.0.jar:/home/runner/.m2/repository/io/jaegertracing/jaeger-thrift/1.6.0/jaeger-thrift-1.6.0.jar:/home/runner/.m2/repository/org/apache/thrift/libthrift/0.14.1/libthrift-0.14.1.jar:/home/runner/.m2/repository/com/squareup/okhttp3/okhttp/4.9.0/okhttp-4.9.0.jar:/home/runner/.m2/repository/com/squareup/okio/okio/2.8.0/okio-2.8.0.jar:/home/runner/.m2/repository/io/jaegertracing/jaeger-core/1.6.0/jaeger-core-1.6.0.jar:/home/runner/.m2/repository/io/jaegertracing/jaeger-tracerresolver/1.6.0/jaeger-tracerresolver-1.6.0.jar:/home/runner/.m2/repository/io/opentracing/contrib/opentracing-tracerresolver/0.1.8/opentracing-tracerresolver-0.1.8.jar:/home/runner/.m2/repository/org/jetbrains/kotlin/kotlin-stdlib/1.6.21/kotlin-stdlib-1.6.21.jar:/home/runner/.m2/repository/org/jetbrains/kotlin/kotlin-stdlib-common/1.6.21/kotlin-stdlib-common-1.6.21.jar:/home/runner/.m2/repository/org/jetbrains/annotations/13.0/annotations-13.0.jar:/home/runner/.m2/repository/io/opentracing/opentracing-util/0.33.0/opentracing-util-0.33.0.jar:/home/runner/.m2/repository/io/opentracing/opentracing-api/0.33.0/opentracing-api-0.33.0.jar:/home/runner/.m2/repository/io/opentracing/opentracing-noop/0.33.0/opentracing-noop-0.33.0.jar:/home/runner/.m2/repository/org/yaml/snakeyaml/1.32/snakeyaml-1.32.jar:/home/runner/.m2/repository/org/apache/ozone/hdds-interface-admin/1.3.0-SNAPSHOT/hdds-interface-admin-1.3.0-SNAPSHOT.jar:/home/runner/.m2/repository/junit/junit/4.13.1/junit-4.13.1.jar:/home/runner/.m2/repository/org/hamcrest/hamcrest-core/1.3/hamcrest-core-1.3.jar:/home/runner/.m2/repository/org/junit/jupiter/junit-jupiter-api/5.8.2/junit-jupiter-api-5.8.2.jar:/home/runner/.m2/repository/org/opentest4j/opentest4j/1.2.0/opentest4j-1.2.0.jar:/home/runner/.m2/repository/org/junit/platform/junit-platform-commons/1.8.2/junit-platform-commons-1.8.2.jar:/home/runner/.m2/repository/org/apiguardian/apiguardian-api/1.1.2/apiguardian-api-1.1.2.jar:/home/runner/.m2/repository/org/junit/jupiter/junit-jupiter-params/5.8.2/junit-jupiter-params-5.8.2.jar:/home/runner/.m2/repository/org/junit/jupiter/junit-jupiter-migrationsupport/5.8.2/junit-jupiter-migrationsupport-5.8.2.jar:/home/runner/.m2/repository/org/junit/jupiter/junit-jupiter-engine/5.8.2/junit-jupiter-engine-5.8.2.jar:/home/runner/.m2/repository/org/junit/platform/junit-platform-engine/1.8.2/junit-platform-engine-1.8.2.jar:/home/runner/.m2/repository/org/junit/vintage/junit-vintage-engine/5.8.2/junit-vintage-engine-5.8.2.jar:/home/runner/.m2/repository/org/junit/platform/junit-platform-launcher/1.8.2/junit-platform-launcher-1.8.2.jar:/home/runner/.m2/repository/org/mockito/mockito-core/2.28.2/mockito-core-2.28.2.jar:/home/runner/.m2/repository/net/bytebuddy/byte-buddy/1.9.10/byte-buddy-1.9.10.jar:/home/runner/.m2/repository/net/bytebuddy/byte-buddy-agent/1.9.10/byte-buddy-agent-1.9.10.jar:/home/runner/.m2/repository/org/objenesis/objenesis/1.0/objenesis-1.0.jar:/home/runner/.m2/repository/org/apache/hadoop/hadoop-kms/3.3.1/hadoop-kms-3.3.1.jar:/home/runner/.m2/repository/org/apache/hadoop/hadoop-auth/3.3.1/hadoop-auth-3.3.1.jar:/home/runner/.m2/repository/com/nimbusds/nimbus-jose-jwt/7.9/nimbus-jose-jwt-7.9.jar:/home/runner/.m2/repository/com/github/stephenc/jcip/jcip-annotations/1.0-1/jcip-annotations-1.0-1.jar:/home/runner/.m2/repository/net/minidev/json-smart/2.4.7/json-smart-2.4.7.jar:/home/runner/.m2/repository/net/minidev/accessors-smart/2.4.7/accessors-smart-2.4.7.jar:/home/runner/.m2/repository/org/ow2/asm/asm/5.0.4/asm-5.0.4.jar:/home/runner/.m2/repository/org/apache/zookeeper/zookeeper/3.5.6/zookeeper-3.5.6.jar:/home/runner/.m2/repository/org/apache/zookeeper/zookeeper-jute/3.5.6/zookeeper-jute-3.5.6.jar:/home/runner/.m2/repository/org/apache/yetus/audience-annotations/0.5.0/audience-annotations-0.5.0.jar:/home/runner/.m2/repository/org/apache/curator/curator-framework/4.2.0/curator-framework-4.2.0.jar:/home/runner/.m2/repository/org/apache/hadoop/thirdparty/hadoop-shaded-guava/1.1.1/hadoop-shaded-guava-1.1.1.jar:/home/runner/.m2/repository/com/sun/jersey/jersey-core/1.19/jersey-core-1.19.jar:/home/runner/.m2/repository/javax/ws/rs/jsr311-api/1.1.1/jsr311-api-1.1.1.jar:/home/runner/.m2/repository/com/sun/jersey/jersey-server/1.19/jersey-server-1.19.jar:/home/runner/.m2/repository/javax/servlet/javax.servlet-api/3.1.0/javax.servlet-api-3.1.0.jar:/home/runner/.m2/repository/org/eclipse/jetty/jetty-server/9.4.43.v20210629/jetty-server-9.4.43.v20210629.jar:/home/runner/.m2/repository/org/eclipse/jetty/jetty-http/9.4.43.v20210629/jetty-http-9.4.43.v20210629.jar:/home/runner/.m2/repository/org/eclipse/jetty/jetty-io/9.4.43.v20210629/jetty-io-9.4.43.v20210629.jar:/home/runner/.m2/repository/org/eclipse/jetty/jetty-webapp/9.4.43.v20210629/jetty-webapp-9.4.43.v20210629.jar:/home/runner/.m2/repository/org/eclipse/jetty/jetty-xml/9.4.43.v20210629/jetty-xml-9.4.43.v20210629.jar:/home/runner/.m2/repository/org/apache/hadoop/hadoop-common/3.3.1/hadoop-common-3.3.1.jar:/home/runner/.m2/repository/org/apache/commons/commons-math3/3.1.1/commons-math3-3.1.1.jar:/home/runner/.m2/repository/commons-net/commons-net/3.6/commons-net-3.6.jar:/home/runner/.m2/repository/com/sun/jersey/jersey-servlet/1.19/jersey-servlet-1.19.jar:/home/runner/.m2/repository/com/sun/jersey/jersey-json/1.19/jersey-json-1.19.jar:/home/runner/.m2/repository/org/codehaus/jettison/jettison/1.1/jettison-1.1.jar:/home/runner/.m2/repository/com/sun/xml/bind/jaxb-impl/2.2.3-1/jaxb-impl-2.2.3-1.jar:/home/runner/.m2/repository/org/codehaus/jackson/jackson-xc/1.9.2/jackson-xc-1.9.2.jar:/home/runner/.m2/repository/org/apache/commons/commons-configuration2/2.1.1/commons-configuration2-2.1.1.jar:/home/runner/.m2/repository/org/apache/commons/commons-text/1.4/commons-text-1.4.jar:/home/runner/.m2/repository/com/google/re2j/re2j/1.1/re2j-1.1.jar:/home/runner/.m2/repository/com/jcraft/jsch/0.1.54/jsch-0.1.54.jar:/home/runner/.m2/repository/org/apache/curator/curator-client/4.2.0/curator-client-4.2.0.jar:/home/runner/.m2/repository/org/apache/curator/curator-recipes/4.2.0/curator-recipes-4.2.0.jar:/home/runner/.m2/repository/org/apache/htrace/htrace-core4/4.1.0-incubating/htrace-core4-4.1.0-incubating.jar:/home/runner/.m2/repository/org/apache/kerby/kerb-core/1.0.1/kerb-core-1.0.1.jar:/home/runner/.m2/repository/org/apache/kerby/kerby-pkix/1.0.1/kerby-pkix-1.0.1.jar:/home/runner/.m2/repository/org/apache/kerby/kerby-asn1/1.0.1/kerby-asn1-1.0.1.jar:/home/runner/.m2/repository/org/apache/kerby/kerby-util/1.0.1/kerby-util-1.0.1.jar:/home/runner/.m2/repository/dnsjava/dnsjava/2.1.7/dnsjava-2.1.7.jar:/home/runner/.m2/repository/org/xerial/snappy/snappy-java/1.1.8.2/snappy-java-1.1.8.2.jar:/home/runner/.m2/repository/org/eclipse/jetty/jetty-util/9.4.43.v20210629/jetty-util-9.4.43.v20210629.jar:/home/runner/.m2/repository/com/fasterxml/jackson/core/jackson-databind/2.13.4/jackson-databind-2.13.4.jar:/home/runner/.m2/repository/org/apache/hadoop/hadoop-kms/3.3.1/hadoop-kms-3.3.1-tests.jar:/home/runner/.m2/repository/org/apache/ozone/hdds-server-scm/1.3.0-SNAPSHOT/hdds-server-scm-1.3.0-SNAPSHOT-tests.jar:/home/runner/.m2/repository/org/apache/ozone/hdds-container-service/1.3.0-SNAPSHOT/hdds-container-service-1.3.0-SNAPSHOT-tests.jar:/home/runner/.m2/repository/commons-codec/commons-codec/1.11/commons-codec-1.11.jar:/home/runner/.m2/repository/io/netty/netty-codec/4.1.79.Final/netty-codec-4.1.79.Final.jar:/home/runner/.m2/repository/io/netty/netty-handler/4.1.79.Final/netty-handler-4.1.79.Final.jar:/home/runner/.m2/repository/org/apache/ozone/hdds-hadoop-dependency-test/1.3.0-SNAPSHOT/hdds-hadoop-dependency-test-1.3.0-SNAPSHOT.jar:/home/runner/.m2/repository/org/apache/hadoop/hadoop-common/3.3.1/hadoop-common-3.3.1-tests.jar:/home/runner/.m2/repository/org/apache/hadoop/hadoop-hdfs/3.3.1/hadoop-hdfs-3.3.1-tests.jar:/home/runner/.m2/repository/org/assertj/assertj-core/3.12.2/assertj-core-3.12.2.jar:/home/runner/.m2/repository/org/apache/hadoop/hadoop-distcp/3.3.1/hadoop-distcp-3.3.1.jar:/home/runner/.m2/repository/org/apache/hadoop/hadoop-mapreduce-client-jobclient/3.3.1/hadoop-mapreduce-client-jobclient-3.3.1.jar:/home/runner/.m2/repository/org/apache/hadoop/hadoop-mapreduce-client-common/3.3.1/hadoop-mapreduce-client-common-3.3.1.jar:/home/runner/.m2/repository/org/apache/hadoop/hadoop-yarn-common/3.3.1/hadoop-yarn-common-3.3.1.jar:/home/runner/.m2/repository/org/apache/hadoop/hadoop-yarn-api/3.3.1/hadoop-yarn-api-3.3.1.jar:/home/runner/.m2/repository/com/sun/jersey/contribs/jersey-guice/1.19/jersey-guice-1.19.jar:/home/runner/.m2/repository/com/fasterxml/jackson/jaxrs/jackson-jaxrs-json-provider/2.13.4/jackson-jaxrs-json-provider-2.13.4.jar:/home/runner/.m2/repository/com/fasterxml/jackson/jaxrs/jackson-jaxrs-base/2.13.4/jackson-jaxrs-base-2.13.4.jar:/home/runner/.m2/repository/org/apache/hadoop/hadoop-yarn-client/3.3.1/hadoop-yarn-client-3.3.1.jar:/home/runner/.m2/repository/org/eclipse/jetty/websocket/websocket-client/9.4.40.v20210413/websocket-client-9.4.40.v20210413.jar:/home/runner/.m2/repository/org/eclipse/jetty/websocket/websocket-common/9.4.40.v20210413/websocket-common-9.4.40.v20210413.jar:/home/runner/.m2/repository/org/eclipse/jetty/websocket/websocket-api/9.4.40.v20210413/websocket-api-9.4.40.v20210413.jar:/home/runner/.m2/repository/org/jline/jline/3.9.0/jline-3.9.0.jar:/home/runner/.m2/repository/org/apache/hadoop/hadoop-mapreduce-client-core/3.3.1/hadoop-mapreduce-client-core-3.3.1.jar:/home/runner/.m2/repository/org/apache/avro/avro/1.7.7/avro-1.7.7.jar:/home/runner/.m2/repository/org/codehaus/jackson/jackson-core-asl/1.9.13/jackson-core-asl-1.9.13.jar:/home/runner/.m2/repository/org/codehaus/jackson/jackson-mapper-asl/1.9.13/jackson-mapper-asl-1.9.13.jar:/home/runner/.m2/repository/com/thoughtworks/paranamer/paranamer/2.3/paranamer-2.3.jar:/home/runner/.m2/repository/org/apache/hadoop/hadoop-annotations/3.3.1/hadoop-annotations-3.3.1.jar:/opt/hostedtoolcache/jdk/8.0.345/x64/jre/../lib/tools.jar:/home/runner/.m2/repository/io/netty/netty/3.10.6.Final/netty-3.10.6.Final.jar:/home/runner/.m2/repository/org/apache/hadoop/hadoop-distcp/3.3.1/hadoop-distcp-3.3.1-tests.jar:/home/runner/.m2/repository/org/slf4j/jul-to-slf4j/1.7.36/jul-to-slf4j-1.7.36.jar:/home/runner/.m2/repository/org/apache/ratis/ratis-common/2.3.0/ratis-common-2.3.0.jar:/home/runner/.m2/repository/org/apache/ratis/ratis-thirdparty-misc/1.0.0/ratis-thirdparty-misc-1.0.0.jar:/home/runner/.m2/repository/org/apache/ratis/ratis-proto/2.3.0/ratis-proto-2.3.0.jar:"/>
    <property name="sun.cpu.endian" value="little"/>
    <property name="user.home" value="/home/runner"/>
    <property name="user.language" value="en"/>
    <property name="java.specification.vendor" value="Oracle Corporation"/>
    <property name="java.home" value="/opt/hostedtoolcache/jdk/8.0.345/x64/jre"/>
    <property name="java.security.krb5.conf" value="/home/runner/work/ozone/ozone/hadoop-ozone/integration-test/target/test-classes/krb5.conf"/>
    <property name="basedir" value="/home/runner/work/ozone/ozone/hadoop-ozone/integration-test"/>
    <property name="file.separator" value="/"/>
    <property name="line.separator" value="&#10;"/>
    <property name="jdk.vendor.version" value="Zulu 8.64.0.19-CA-linux64"/>
    <property name="java.vm.specification.vendor" value="Oracle Corporation"/>
    <property name="java.specification.name" value="Java Platform API Specification"/>
    <property name="java.awt.graphicsenv" value="sun.awt.X11GraphicsEnvironment"/>
    <property name="skip.installnpx" value="true"/>
    <property name="surefire.real.class.path" value="/home/runner/work/ozone/ozone/hadoop-ozone/integration-test/target/surefire/surefirebooter8210747882193440875.jar:/home/runner/.m2/repository/org/jacoco/org.jacoco.agent/0.8.5/org.jacoco.agent-0.8.5-runtime.jar"/>
    <property name="hadoop.log.dir" value="/home/runner/work/ozone/ozone/hadoop-ozone/integration-test/target/log"/>
    <property name="sun.boot.class.path" value="/opt/hostedtoolcache/jdk/8.0.345/x64/jre/lib/resources.jar:/opt/hostedtoolcache/jdk/8.0.345/x64/jre/lib/rt.jar:/opt/hostedtoolcache/jdk/8.0.345/x64/jre/lib/sunrsasign.jar:/opt/hostedtoolcache/jdk/8.0.345/x64/jre/lib/jsse.jar:/opt/hostedtoolcache/jdk/8.0.345/x64/jre/lib/jce.jar:/opt/hostedtoolcache/jdk/8.0.345/x64/jre/lib/charsets.jar:/opt/hostedtoolcache/jdk/8.0.345/x64/jre/lib/jfr.jar:/opt/hostedtoolcache/jdk/8.0.345/x64/jre/lib/cat.jar:/opt/hostedtoolcache/jdk/8.0.345/x64/jre/classes"/>
    <property name="sun.management.compiler" value="HotSpot 64-Bit Tiered Compilers"/>
    <property name="skip.npx" value="true"/>
    <property name="java.runtime.version" value="1.8.0_345-b01"/>
    <property name="java.net.preferIPv4Stack" value="true"/>
    <property name="user.name" value="runner"/>
    <property name="path.separator" value=":"/>
    <property name="java.security.egd" value="file:///dev/urandom"/>
    <property name="os.version" value="5.15.0-1020-azure"/>
    <property name="java.endorsed.dirs" value="/opt/hostedtoolcache/jdk/8.0.345/x64/jre/lib/endorsed"/>
    <property name="java.runtime.name" value="OpenJDK Runtime Environment"/>
    <property name="file.encoding" value="UTF-8"/>
    <property name="java.vm.name" value="OpenJDK 64-Bit Server VM"/>
    <property name="test.build.webapps" value=""/>
    <property name="localRepository" value="/home/runner/.m2/repository"/>
    <property name="jetty.git.hash" value="526006ecfa3af7f1a27ef3a288e2bef7ea9dd7e8"/>
    <property name="java.vendor.url.bug" value="http://www.azul.com/support/"/>
    <property name="java.io.tmpdir" value="/tmp"/>
    <property name="require.test.libhadoop" value=""/>
    <property name="java.version" value="1.8.0_345"/>
    <property name="user.dir" value="/home/runner/work/ozone/ozone/hadoop-ozone/integration-test"/>
    <property name="os.arch" value="amd64"/>
    <property name="java.vm.specification.name" value="Java Virtual Machine Specification"/>
    <property name="test.build.classes" value="/home/runner/work/ozone/ozone/hadoop-ozone/integration-test/target/test-classes"/>
    <property name="java.awt.printerjob" value="sun.print.PSPrinterJob"/>
    <property name="sun.os.patch.level" value="unknown"/>
    <property name="hadoop.tmp.dir" value="/home/runner/work/ozone/ozone/hadoop-ozone/integration-test/target/tmp"/>
    <property name="java.library.path" value="/usr/java/packages/lib/amd64:/usr/lib64:/lib64:/lib:/usr/lib"/>
    <property name="java.vm.info" value="mixed mode"/>
    <property name="java.vendor" value="Azul Systems, Inc."/>
    <property name="java.vm.version" value="25.345-b01"/>
    <property name="java.ext.dirs" value="/opt/hostedtoolcache/jdk/8.0.345/x64/jre/lib/ext:/usr/java/packages/lib/ext"/>
    <property name="sun.io.unicode.encoding" value="UnicodeLittle"/>
    <property name="java.class.version" value="52.0"/>
  </properties>
  <testcase name="testRenameDirToItsOwnSubDir" classname="TestOzoneFileSystemWithFSO" time="20.313">
    <system-out><![CDATA[2022-10-11 08:12:34,271 [main] WARN  server.ServerUtils (ServerUtils.java:getScmDbDir(148)) - ozone.scm.db.dirs is not configured. We recommend adding this setting. Falling back to ozone.metadata.dirs instead.
2022-10-11 08:12:34,345 [main] WARN  server.ServerUtils (ServerUtils.java:getScmDbDir(148)) - ozone.scm.db.dirs is not configured. We recommend adding this setting. Falling back to ozone.metadata.dirs instead.
2022-10-11 08:12:34,349 [main] INFO  ha.SCMHANodeDetails (SCMHANodeDetails.java:loadSCMHAConfig(209)) - ServiceID for StorageContainerManager is null
2022-10-11 08:12:34,360 [main] WARN  ha.SCMHANodeDetails (SCMHANodeDetails.java:validateSCMHAConfig(182)) - Invalid config ozone.scm.ratis.enable. The config was not specified, but the default value true conflicts with the expected config value false. Falling back to the expected value. Current State of SCM: SCM is running in Non-HA without Ratis Ratis SCM -> Non Ratis SCM or Non HA SCM -> HA SCM is not supported
2022-10-11 08:12:34,361 [main] INFO  ha.SCMHANodeDetails (SCMHANodeDetails.java:loadSCMHAConfig(214)) - ozone.scm.default.service.id is not defined, falling back to ozone.scm.service.ids to find serviceID for StorageContainerManager if it is HA enabled cluster
2022-10-11 08:12:34,830 [main] WARN  utils.HAUtils (HAUtils.java:getMetaDir(342)) - ozone.scm.db.dirs is not configured. We recommend adding this setting. Falling back to ozone.metadata.dirs instead.
2022-10-11 08:12:35,025 [main] WARN  db.DBStoreBuilder (DBStoreBuilder.java:applyDBDefinition(144)) - ozone.scm.db.dirs is not configured. We recommend adding this setting. Falling back to ozone.metadata.dirs instead.
2022-10-11 08:12:35,240 [main] INFO  net.NodeSchemaLoader (NodeSchemaLoader.java:loadSchemaFromFile(129)) - Loading schema from [jar:file:/home/runner/.m2/repository/org/apache/ozone/hdds-common/1.3.0-SNAPSHOT/hdds-common-1.3.0-SNAPSHOT.jar!/network-topology-default.xml]
2022-10-11 08:12:35,242 [main] INFO  net.NodeSchemaLoader (NodeSchemaLoader.java:loadSchema(176)) - Loading network topology layer schema file
2022-10-11 08:12:35,289 [main] INFO  metrics.MetricRegistries (MetricRegistriesLoader.java:load(64)) - Loaded MetricRegistries class org.apache.ratis.metrics.impl.MetricRegistriesImpl
2022-10-11 08:12:35,295 [main] INFO  upgrade.AbstractLayoutVersionManager (AbstractLayoutVersionManager.java:init(83)) - Initializing Layout version manager with metadata layout = DATANODE_SCHEMA_V3 (version = 4), software layout = DATANODE_SCHEMA_V3 (version = 4)
2022-10-11 08:12:35,545 [main] INFO  reflections.Reflections (Reflections.java:scan(232)) - Reflections took 162 ms to scan 7 urls, producing 137 keys and 328 values 
2022-10-11 08:12:35,659 [main] INFO  ha.SequenceIdGenerator (SequenceIdGenerator.java:upgradeToSequenceId(349)) - upgrade localId to 109611004723200000
2022-10-11 08:12:35,660 [main] INFO  ha.SequenceIdGenerator (SequenceIdGenerator.java:upgradeToSequenceId(359)) - upgrade delTxnId to 0
2022-10-11 08:12:35,663 [main] INFO  ha.SequenceIdGenerator (SequenceIdGenerator.java:upgradeToSequenceId(376)) - upgrade containerId to 0
2022-10-11 08:12:35,670 [main] INFO  ha.SequenceIdGenerator (SequenceIdGenerator.java:<init>(220)) - Init the HA SequenceIdGenerator.
2022-10-11 08:12:35,711 [main] WARN  server.ServerUtils (ServerUtils.java:sanitizeUserArgs(73)) - ozone.scm.stale.node.interval value = 300000 is larger than max = 100000 based on the key value of ozone.scm.heartbeat.thread.interval, reset to the max value 100000.
2022-10-11 08:12:35,711 [main] WARN  server.ServerUtils (ServerUtils.java:sanitizeUserArgs(73)) - ozone.scm.stale.node.interval value = 300000 is larger than max = 100000 based on the key value of ozone.scm.heartbeat.thread.interval, reset to the max value 100000.
2022-10-11 08:12:35,717 [main] INFO  node.SCMNodeManager (SCMNodeManager.java:<init>(149)) - Entering startup safe mode.
2022-10-11 08:12:35,778 [main] INFO  algorithms.ContainerPlacementPolicyFactory (ContainerPlacementPolicyFactory.java:getPolicyInternal(86)) - Create container placement policy of type org.apache.hadoop.hdds.scm.container.placement.algorithms.SCMContainerPlacementRandom
2022-10-11 08:12:35,780 [main] INFO  algorithms.ContainerPlacementPolicyFactory (ContainerPlacementPolicyFactory.java:getPolicyInternal(86)) - Create container placement policy of type org.apache.hadoop.hdds.scm.container.placement.algorithms.SCMContainerPlacementRackScatter
2022-10-11 08:12:35,800 [main] INFO  pipeline.PipelineStateManagerImpl (PipelineStateManagerImpl.java:initialize(78)) - No pipeline exists in current db
2022-10-11 08:12:35,832 [main] INFO  algorithms.LeaderChoosePolicyFactory (LeaderChoosePolicyFactory.java:getPolicy(57)) - Create leader choose policy of type org.apache.hadoop.hdds.scm.pipeline.leader.choose.algorithms.MinLeaderCountChoosePolicy
2022-10-11 08:12:35,832 [main] INFO  algorithms.ContainerPlacementPolicyFactory (ContainerPlacementPolicyFactory.java:getPolicyInternal(86)) - Create container placement policy of type org.apache.hadoop.hdds.scm.container.placement.algorithms.SCMContainerPlacementRackScatter
2022-10-11 08:12:35,839 [main] INFO  ha.SCMServiceManager (SCMServiceManager.java:register(42)) - Registering service BackgroundPipelineCreator.
2022-10-11 08:12:35,839 [main] INFO  pipeline.BackgroundPipelineCreator (BackgroundPipelineCreator.java:start(124)) - Starting RatisPipelineUtilsThread.
2022-10-11 08:12:35,845 [main] INFO  BackgroundPipelineScrubber (BackgroundSCMService.java:start(68)) - Starting BackgroundPipelineScrubber Service.
2022-10-11 08:12:35,846 [main] INFO  ha.SCMServiceManager (SCMServiceManager.java:register(42)) - Registering service BackgroundPipelineScrubber.
2022-10-11 08:12:35,857 [main] INFO  ExpiredContainerReplicaOpScrubber (BackgroundSCMService.java:start(68)) - Starting ExpiredContainerReplicaOpScrubber Service.
2022-10-11 08:12:35,857 [main] INFO  ha.SCMServiceManager (SCMServiceManager.java:register(42)) - Registering service ExpiredContainerReplicaOpScrubber.
2022-10-11 08:12:35,910 [main] INFO  algorithms.PipelineChoosePolicyFactory (PipelineChoosePolicyFactory.java:createPipelineChoosePolicyFromClass(73)) - Create pipeline choose policy of type org.apache.hadoop.hdds.scm.pipeline.choose.algorithms.RandomPipelineChoosePolicy
2022-10-11 08:12:35,930 [main] INFO  ha.SCMServiceManager (SCMServiceManager.java:register(42)) - Registering service SCMBlockDeletingService.
2022-10-11 08:12:35,980 [main] INFO  replication.ReplicationManager (ReplicationManager.java:start(223)) - Starting Replication Monitor Thread.
2022-10-11 08:12:35,986 [main] INFO  ha.SCMServiceManager (SCMServiceManager.java:register(42)) - Registering service ReplicationManager.
2022-10-11 08:12:35,991 [ReplicationMonitor] INFO  replication.ReplicationManager (ReplicationManager.java:processAll(291)) - Replication Manager is not ready to run until 3000ms after safemode exit
2022-10-11 08:12:35,995 [main] INFO  safemode.ContainerSafeModeRule (ContainerSafeModeRule.java:<init>(89)) - containers with one replica threshold count 0
2022-10-11 08:12:35,999 [main] INFO  safemode.HealthyPipelineSafeModeRule (HealthyPipelineSafeModeRule.java:initializeRule(169)) - Total pipeline count is 0, healthy pipeline threshold count is 1
2022-10-11 08:12:36,001 [main] INFO  safemode.OneReplicaPipelineSafeModeRule (OneReplicaPipelineSafeModeRule.java:initializeRule(180)) - Total pipeline count is 0, pipeline's with at least one datanode reported threshold count is 0
2022-10-11 08:12:36,336 [main] INFO  audit.AuditLogger (AuditLogger.java:refreshDebugCmdSet(126)) - Refresh DebugCmdSet for SCMAudit to [].
2022-10-11 08:12:36,366 [main] INFO  ipc.CallQueueManager (CallQueueManager.java:<init>(90)) - Using callQueue: class java.util.concurrent.LinkedBlockingQueue, queueCapacity: 2000, scheduler: class org.apache.hadoop.ipc.DefaultRpcScheduler, ipcBackoff: false.
2022-10-11 08:12:36,426 [Socket Reader #1 for port 0] INFO  ipc.Server (Server.java:run(1265)) - Starting Socket Reader #1 for port 0
2022-10-11 08:12:36,464 [Listener at 0.0.0.0/41371] INFO  audit.AuditLogger (AuditLogger.java:refreshDebugCmdSet(126)) - Refresh DebugCmdSet for SCMAudit to [].
2022-10-11 08:12:36,470 [Listener at 0.0.0.0/41371] INFO  ipc.CallQueueManager (CallQueueManager.java:<init>(90)) - Using callQueue: class java.util.concurrent.LinkedBlockingQueue, queueCapacity: 2000, scheduler: class org.apache.hadoop.ipc.DefaultRpcScheduler, ipcBackoff: false.
2022-10-11 08:12:36,471 [Socket Reader #1 for port 0] INFO  ipc.Server (Server.java:run(1265)) - Starting Socket Reader #1 for port 0
2022-10-11 08:12:36,500 [Listener at 0.0.0.0/38229] INFO  audit.AuditLogger (AuditLogger.java:refreshDebugCmdSet(126)) - Refresh DebugCmdSet for SCMAudit to [].
2022-10-11 08:12:36,513 [Listener at 0.0.0.0/38229] INFO  ipc.CallQueueManager (CallQueueManager.java:<init>(90)) - Using callQueue: class java.util.concurrent.LinkedBlockingQueue, queueCapacity: 2000, scheduler: class org.apache.hadoop.ipc.DefaultRpcScheduler, ipcBackoff: false.
2022-10-11 08:12:36,515 [Socket Reader #1 for port 0] INFO  ipc.Server (Server.java:run(1265)) - Starting Socket Reader #1 for port 0
2022-10-11 08:12:36,658 [Listener at 0.0.0.0/36333] INFO  ha.SCMServiceManager (SCMServiceManager.java:register(42)) - Registering service ContainerBalancer.
2022-10-11 08:12:36,658 [Listener at 0.0.0.0/36333] INFO  server.StorageContainerManager (StorageContainerManager.java:<init>(410)) - 
Container Balancer status:
Key                            Value
Running                        false
Container Balancer Configuration values:
Key                                                Value
Threshold                                          10
Max Datanodes to Involve per Iteration(percent)    20
Max Size to Move per Iteration                     500GB
Max Size Entering Target per Iteration             26GB
Max Size Leaving Source per Iteration              26GB

2022-10-11 08:12:36,659 [Listener at 0.0.0.0/36333] WARN  events.EventQueue (EventQueue.java:fireEvent(216)) - No event handler registered for event TypedEvent{payloadType=SafeModeStatus, name='Safe mode status'}
2022-10-11 08:12:36,659 [Listener at 0.0.0.0/36333] INFO  ha.SCMContext (SCMContext.java:updateSafeModeStatus(228)) - Update SafeModeStatus from SafeModeStatus{safeModeStatus=true, preCheckPassed=false} to SafeModeStatus{safeModeStatus=true, preCheckPassed=false}.
2022-10-11 08:12:36,662 [Listener at 0.0.0.0/36333] INFO  server.StorageContainerManager (StorageContainerManager.java:start(1436)) - StorageContainerLocationProtocol RPC server is listening at /0.0.0.0:36333
2022-10-11 08:12:36,726 [Listener at 0.0.0.0/36333] WARN  impl.MetricsConfig (MetricsConfig.java:loadFirst(136)) - Cannot locate configuration: tried hadoop-metrics2-storagecontainermanager.properties,hadoop-metrics2.properties
2022-10-11 08:12:36,738 [Listener at 0.0.0.0/36333] INFO  impl.MetricsSystemImpl (MetricsSystemImpl.java:startTimer(378)) - Scheduled Metric snapshot period at 10 second(s).
2022-10-11 08:12:36,738 [Listener at 0.0.0.0/36333] INFO  impl.MetricsSystemImpl (MetricsSystemImpl.java:start(191)) - StorageContainerManager metrics system started
2022-10-11 08:12:36,971 [Listener at 0.0.0.0/36333] INFO  server.SCMClientProtocolServer (SCMClientProtocolServer.java:start(170)) - RPC server for Client  is listening at /0.0.0.0:36333
2022-10-11 08:12:36,972 [IPC Server Responder] INFO  ipc.Server (Server.java:run(1507)) - IPC Server Responder: starting
2022-10-11 08:12:36,974 [IPC Server listener on 0] INFO  ipc.Server (Server.java:run(1344)) - IPC Server listener on 0: starting
2022-10-11 08:12:36,977 [Listener at 0.0.0.0/36333] INFO  server.StorageContainerManager (StorageContainerManager.java:start(1451)) - ScmBlockLocationProtocol RPC server is listening at /0.0.0.0:38229
2022-10-11 08:12:36,978 [Listener at 0.0.0.0/36333] INFO  server.SCMBlockProtocolServer (SCMBlockProtocolServer.java:start(152)) - RPC server for Block Protocol is listening at /0.0.0.0:38229
2022-10-11 08:12:36,978 [IPC Server Responder] INFO  ipc.Server (Server.java:run(1507)) - IPC Server Responder: starting
2022-10-11 08:12:36,978 [IPC Server listener on 0] INFO  ipc.Server (Server.java:run(1344)) - IPC Server listener on 0: starting
2022-10-11 08:12:36,981 [Listener at 0.0.0.0/36333] INFO  server.SCMDatanodeProtocolServer (SCMDatanodeProtocolServer.java:start(186)) - ScmDatanodeProtocol RPC server for DataNodes is listening at /0.0.0.0:41371
2022-10-11 08:12:36,982 [IPC Server Responder] INFO  ipc.Server (Server.java:run(1507)) - IPC Server Responder: starting
2022-10-11 08:12:36,982 [IPC Server listener on 0] INFO  ipc.Server (Server.java:run(1344)) - IPC Server listener on 0: starting
2022-10-11 08:12:37,019 [org.apache.hadoop.util.JvmPauseMonitor$Monitor@60256d1b] INFO  util.JvmPauseMonitor (JvmPauseMonitor.java:run(188)) - Starting JVM pause monitor
2022-10-11 08:12:37,025 [Listener at 0.0.0.0/36333] INFO  http.BaseHttpServer (BaseHttpServer.java:newHttpServer2BuilderForOzone(213)) - Starting Web-server for scm at: http://0.0.0.0:0
2022-10-11 08:12:37,025 [Listener at 0.0.0.0/36333] INFO  http.BaseHttpServer (BaseHttpServer.java:<init>(108)) - Hadoop Security Enabled: false Ozone Security Enabled: false Ozone HTTP Security Enabled: false 
2022-10-11 08:12:37,052 [Listener at 0.0.0.0/36333] INFO  util.log (Log.java:initialized(170)) - Logging initialized @4236ms to org.eclipse.jetty.util.log.Slf4jLog
2022-10-11 08:12:37,187 [Listener at 0.0.0.0/36333] INFO  server.AuthenticationFilter (AuthenticationFilter.java:constructSecretProvider(240)) - Unable to initialize FileSignerSecretProvider, falling back to use random secrets.
2022-10-11 08:12:37,205 [Listener at 0.0.0.0/36333] WARN  http.HttpRequestLog (HttpRequestLog.java:getRequestLog(103)) - Jetty request log can only be enabled using Log4j
2022-10-11 08:12:37,212 [Listener at 0.0.0.0/36333] INFO  http.HttpServer2 (HttpServer2.java:addGlobalFilter(1031)) - Added global filter 'safety' (class=org.apache.hadoop.hdds.server.http.HttpServer2$QuotingInputFilter)
2022-10-11 08:12:37,215 [Listener at 0.0.0.0/36333] INFO  http.HttpServer2 (HttpServer2.java:addFilter(1007)) - Added filter static_user_filter (class=org.apache.hadoop.http.lib.StaticUserWebFilter$StaticUserFilter) to context scm
2022-10-11 08:12:37,215 [Listener at 0.0.0.0/36333] INFO  http.HttpServer2 (HttpServer2.java:addFilter(1015)) - Added filter static_user_filter (class=org.apache.hadoop.http.lib.StaticUserWebFilter$StaticUserFilter) to context static
2022-10-11 08:12:37,215 [Listener at 0.0.0.0/36333] INFO  http.HttpServer2 (HttpServer2.java:addFilter(1015)) - Added filter static_user_filter (class=org.apache.hadoop.http.lib.StaticUserWebFilter$StaticUserFilter) to context logs
2022-10-11 08:12:37,257 [Listener at 0.0.0.0/36333] INFO  http.HttpServer2 (HttpServer2.java:bindListener(1250)) - Jetty bound to port 41845
2022-10-11 08:12:37,259 [Listener at 0.0.0.0/36333] INFO  server.Server (Server.java:doStart(375)) - jetty-9.4.43.v20210629; built: 2021-06-30T11:07:22.254Z; git: 526006ecfa3af7f1a27ef3a288e2bef7ea9dd7e8; jvm 1.8.0_345-b01
2022-10-11 08:12:37,292 [Listener at 0.0.0.0/36333] INFO  server.session (DefaultSessionIdManager.java:doStart(334)) - DefaultSessionIdManager workerName=node0
2022-10-11 08:12:37,292 [Listener at 0.0.0.0/36333] INFO  server.session (DefaultSessionIdManager.java:doStart(339)) - No SessionScavenger set, using defaults
2022-10-11 08:12:37,293 [Listener at 0.0.0.0/36333] INFO  server.session (HouseKeeper.java:startScavenging(132)) - node0 Scavenging every 600000ms
2022-10-11 08:12:37,306 [Listener at 0.0.0.0/36333] INFO  handler.ContextHandler (ContextHandler.java:doStart(915)) - Started o.e.j.s.ServletContextHandler@4197e859{logs,/logs,file:///home/runner/work/ozone/ozone/hadoop-ozone/integration-test/target/log,AVAILABLE}
2022-10-11 08:12:37,306 [Listener at 0.0.0.0/36333] INFO  handler.ContextHandler (ContextHandler.java:doStart(915)) - Started o.e.j.s.ServletContextHandler@593e594f{static,/static,file:///home/runner/work/ozone/ozone/hadoop-ozone/integration-test/target/test-classes/webapps/static,AVAILABLE}
2022-10-11 08:12:37,345 [Listener at 0.0.0.0/36333] INFO  handler.ContextHandler (ContextHandler.java:doStart(915)) - Started o.e.j.w.WebAppContext@6e7d9d0{scm,/,file:///home/runner/work/ozone/ozone/hadoop-ozone/integration-test/target/test-classes/webapps/scm/,AVAILABLE}{file:/home/runner/work/ozone/ozone/hadoop-ozone/integration-test/target/test-classes/webapps/scm}
2022-10-11 08:12:37,353 [Listener at 0.0.0.0/36333] INFO  server.AbstractConnector (AbstractConnector.java:doStart(331)) - Started ServerConnector@445f6aa7{HTTP/1.1, (http/1.1)}{0.0.0.0:41845}
2022-10-11 08:12:37,353 [Listener at 0.0.0.0/36333] INFO  server.Server (Server.java:doStart(415)) - Started @4537ms
2022-10-11 08:12:37,361 [Listener at 0.0.0.0/36333] INFO  impl.MetricsSinkAdapter (MetricsSinkAdapter.java:start(204)) - Sink prometheus started
2022-10-11 08:12:37,361 [Listener at 0.0.0.0/36333] INFO  impl.MetricsSystemImpl (MetricsSystemImpl.java:registerSink(305)) - Registered sink prometheus
2022-10-11 08:12:37,362 [Listener at 0.0.0.0/36333] INFO  http.BaseHttpServer (BaseHttpServer.java:updateConnectorAddress(333)) - HTTP server of scm listening at http://0.0.0.0:41845
2022-10-11 08:12:37,364 [Listener at 0.0.0.0/36333] WARN  server.ServerUtils (ServerUtils.java:getDBPath(225)) - ozone.om.db.dirs is not configured. We recommend adding this setting. Falling back to ozone.metadata.dirs instead.
2022-10-11 08:12:37,416 [Listener at 0.0.0.0/36333] INFO  audit.AuditLogger (AuditLogger.java:refreshDebugCmdSet(126)) - Refresh DebugCmdSet for OMAudit to [].
2022-10-11 08:12:37,489 [Listener at 0.0.0.0/36333] INFO  ha.OMHANodeDetails (OMHANodeDetails.java:loadOMHAConfig(115)) - ozone.om.internal.service.id is not defined, falling back to ozone.om.service.ids to find serviceID for OzoneManager if it is HA enabled cluster
2022-10-11 08:12:37,492 [Listener at 0.0.0.0/36333] INFO  ha.OMHANodeDetails (OMHANodeDetails.java:loadOMHAConfig(226)) - Configuration does not have ozone.om.address set. Falling back to the default OM address /127.0.0.1:0
2022-10-11 08:12:37,492 [Listener at 0.0.0.0/36333] INFO  ha.OMHANodeDetails (OMHANodeDetails.java:getOMNodeDetailsForNonHA(254)) - OM Service ID is not set. Setting it to the default ID: omServiceIdDefault
2022-10-11 08:12:37,492 [Listener at 0.0.0.0/36333] INFO  ha.OMHANodeDetails (OMHANodeDetails.java:getOMNodeDetailsForNonHA(261)) - OM Node ID is not set. Setting it to the default ID: om1
2022-10-11 08:12:37,496 [Listener at 0.0.0.0/36333] WARN  server.ServerUtils (ServerUtils.java:getDBPath(225)) - ozone.om.db.dirs is not configured. We recommend adding this setting. Falling back to ozone.metadata.dirs instead.
2022-10-11 08:12:37,498 [Listener at 0.0.0.0/36333] INFO  upgrade.AbstractLayoutVersionManager (AbstractLayoutVersionManager.java:init(83)) - Initializing Layout version manager with metadata layout = MULTITENANCY_SCHEMA (version = 3), software layout = MULTITENANCY_SCHEMA (version = 3)
2022-10-11 08:12:37,589 [Listener at 0.0.0.0/36333] INFO  reflections.Reflections (Reflections.java:scan(232)) - Reflections took 88 ms to scan 2 urls, producing 154 keys and 428 values [using 2 cores]
2022-10-11 08:12:37,594 [Listener at 0.0.0.0/36333] INFO  upgrade.OMLayoutVersionManager (OMLayoutVersionManager.java:lambda$0(115)) - Skipping Upgrade Action MockOmUpgradeAction since it has been finalized.
2022-10-11 08:12:37,603 [Listener at 0.0.0.0/36333] WARN  server.ServerUtils (ServerUtils.java:getDBPath(225)) - ozone.om.db.dirs is not configured. We recommend adding this setting. Falling back to ozone.metadata.dirs instead.
2022-10-11 08:12:37,771 [Listener at 0.0.0.0/36333] INFO  proxy.SCMBlockLocationFailoverProxyProvider (SCMBlockLocationFailoverProxyProvider.java:<init>(114)) - Created block location fail-over proxy with 1 nodes: [nodeId=scmNodeId,nodeAddress=/0.0.0.0:38229]
2022-10-11 08:12:37,804 [Listener at 0.0.0.0/36333] INFO  proxy.SCMBlockLocationFailoverProxyProvider (SCMBlockLocationFailoverProxyProvider.java:<init>(114)) - Created block location fail-over proxy with 1 nodes: [nodeId=scmNodeId,nodeAddress=/0.0.0.0:38229]
2022-10-11 08:12:38,020 [Listener at 0.0.0.0/36333] WARN  server.ServerUtils (ServerUtils.java:getDBPath(225)) - ozone.om.db.dirs is not configured. We recommend adding this setting. Falling back to ozone.metadata.dirs instead.
2022-10-11 08:12:38,024 [Listener at 0.0.0.0/36333] INFO  codec.OmKeyInfoCodec (OmKeyInfoCodec.java:<init>(49)) - OmKeyInfoCodec ignorePipeline = true
2022-10-11 08:12:38,025 [Listener at 0.0.0.0/36333] INFO  codec.RepeatedOmKeyInfoCodec (RepeatedOmKeyInfoCodec.java:<init>(41)) - RepeatedOmKeyInfoCodec ignorePipeline = true
2022-10-11 08:12:38,210 [Listener at 0.0.0.0/36333] INFO  om.OzoneManager (OzoneManager.java:instantiateServices(712)) - S3 Multi-Tenancy is disabled
2022-10-11 08:12:38,287 [Listener at 0.0.0.0/36333] INFO  om.OzoneManager (OzoneManager.java:addS3GVolumeToDB(4388)) - Created Volume s3v With Owner runner required for S3Gateway operations.
2022-10-11 08:12:38,343 [Listener at 0.0.0.0/36333] WARN  server.ServerUtils (ServerUtils.java:getDefaultRatisDirectory(237)) - Storage directory for Ratis is not configured. It is a good idea to map this to an SSD disk. Falling back to ozone.metadata.dirs
2022-10-11 08:12:38,343 [Listener at 0.0.0.0/36333] WARN  utils.OzoneManagerRatisUtils (OzoneManagerRatisUtils.java:getOMRatisSnapshotDirectory(434)) - ozone.om.ratis.snapshot.dir is not configured. Falling back to ozone.metadata.dirs config
2022-10-11 08:12:38,363 [Listener at 0.0.0.0/36333] WARN  server.ServerUtils (ServerUtils.java:getDefaultRatisDirectory(237)) - Storage directory for Ratis is not configured. It is a good idea to map this to an SSD disk. Falling back to ozone.metadata.dirs
2022-10-11 08:12:38,388 [Listener at 0.0.0.0/36333] INFO  ratis.OzoneManagerRatisServer (OzoneManagerRatisServer.java:<init>(160)) - Instantiating OM Ratis server with groupID: omServiceIdDefault and peers: localhost:9872
2022-10-11 08:12:38,397 [Listener at 0.0.0.0/36333] INFO  ratis.OzoneManagerStateMachine (OzoneManagerStateMachine.java:loadSnapshotInfoFromDB(632)) - LastAppliedIndex is set from TransactionInfo from OM DB as (t:0, i:~)
2022-10-11 08:12:38,446 [Listener at 0.0.0.0/36333] INFO  server.RaftServer (ConfUtils.java:logGet(46)) - raft.rpc.type = GRPC (default)
2022-10-11 08:12:38,536 [Listener at 0.0.0.0/36333] INFO  grpc.GrpcFactory (GrpcFactory.java:checkPooledByteBufAllocatorUseCacheForAllThreads(48)) - PERFORMANCE WARNING: useCacheForAllThreads is true that may cause Netty to create a lot garbage objects and, as a result, trigger GC.
	It is recommended to disable useCacheForAllThreads by setting -Dorg.apache.ratis.thirdparty.io.netty.allocator.useCacheForAllThreads=false in command line.
2022-10-11 08:12:38,540 [Listener at 0.0.0.0/36333] INFO  grpc.GrpcConfigKeys (ConfUtils.java:logGet(46)) - raft.grpc.admin.port = -1 (default)
2022-10-11 08:12:38,541 [Listener at 0.0.0.0/36333] INFO  grpc.GrpcConfigKeys (ConfUtils.java:logGet(46)) - raft.grpc.server.port = 9872 (custom)
2022-10-11 08:12:38,541 [Listener at 0.0.0.0/36333] INFO  grpc.GrpcConfigKeys (ConfUtils.java:logGet(46)) - raft.grpc.client.port = -1 (default)
2022-10-11 08:12:38,541 [Listener at 0.0.0.0/36333] INFO  grpc.GrpcConfigKeys (ConfUtils.java:logGet(46)) - raft.grpc.server.port = 9872 (custom)
2022-10-11 08:12:38,542 [Listener at 0.0.0.0/36333] INFO  grpc.GrpcConfigKeys (ConfUtils.java:logGet(46)) - raft.grpc.server.port = 9872 (custom)
2022-10-11 08:12:38,542 [Listener at 0.0.0.0/36333] INFO  server.GrpcService (ConfUtils.java:logGet(46)) - raft.grpc.message.size.max = 33554432 (custom)
2022-10-11 08:12:38,543 [Listener at 0.0.0.0/36333] INFO  server.RaftServerConfigKeys (ConfUtils.java:logGet(46)) - raft.server.log.appender.buffer.byte-limit = 33554432 (custom)
2022-10-11 08:12:38,544 [Listener at 0.0.0.0/36333] INFO  server.GrpcService (ConfUtils.java:logGet(46)) - raft.grpc.flow.control.window = 1MB (=1048576) (default)
2022-10-11 08:12:38,544 [Listener at 0.0.0.0/36333] INFO  server.RaftServerConfigKeys (ConfUtils.java:logGet(46)) - raft.server.rpc.request.timeout = 3000ms (default)
2022-10-11 08:12:38,563 [Listener at 0.0.0.0/36333] INFO  grpc.GrpcConfigKeys (ConfUtils.java:logGet(46)) - raft.grpc.server.async.request.thread.pool.cached = true (default)
2022-10-11 08:12:38,564 [Listener at 0.0.0.0/36333] INFO  grpc.GrpcConfigKeys (ConfUtils.java:logGet(46)) - raft.grpc.server.async.request.thread.pool.size = 32 (default)
2022-10-11 08:12:38,858 [Listener at 0.0.0.0/36333] INFO  impl.DataStreamServerImpl (ConfUtils.java:logGet(46)) - raft.datastream.type = DISABLED (default)
2022-10-11 08:12:38,861 [Listener at 0.0.0.0/36333] INFO  server.RaftServerConfigKeys (ConfUtils.java:logGet(46)) - raft.server.threadpool.proxy.cached = true (default)
2022-10-11 08:12:38,861 [Listener at 0.0.0.0/36333] INFO  server.RaftServerConfigKeys (ConfUtils.java:logGet(46)) - raft.server.threadpool.proxy.size = 0 (default)
2022-10-11 08:12:38,862 [Listener at 0.0.0.0/36333] INFO  server.RaftServerConfigKeys (ConfUtils.java:logGet(46)) - raft.server.rpc.slowness.timeout = 120s (custom)
2022-10-11 08:12:38,862 [Listener at 0.0.0.0/36333] INFO  server.RaftServerConfigKeys (ConfUtils.java:logGet(46)) - raft.server.leaderelection.leader.step-down.wait-time = 10s (default)
2022-10-11 08:12:38,865 [Listener at 0.0.0.0/36333] INFO  server.RaftServerConfigKeys (ConfUtils.java:logGet(46)) - raft.server.storage.dir = [/home/runner/work/ozone/ozone/hadoop-ozone/integration-test/target/test-dir/MiniOzoneClusterImpl-a7be04a2-0db3-4748-8f74-6a3cfa6a7101/ozone-meta/ratis] (custom)
2022-10-11 08:12:38,875 [Listener at 0.0.0.0/36333] INFO  server.RaftServer (RaftServerProxy.java:addNew(96)) - om1: addNew group-C5BA1605619E:[om1|rpc:localhost:9872|priority:0] returns group-C5BA1605619E:java.util.concurrent.CompletableFuture@18be3e85[Not completed]
2022-10-11 08:12:38,875 [Listener at 0.0.0.0/36333] INFO  om.OzoneManager (OzoneManager.java:initializeRatisServer(1979)) - OzoneManager Ratis server initialized at port 9872
2022-10-11 08:12:38,888 [Listener at 0.0.0.0/36333] INFO  om.OzoneManager (OzoneManager.java:getRpcServer(1102)) - Creating RPC Server
2022-10-11 08:12:38,901 [pool-55-thread-1] INFO  server.RaftServer$Division (RaftServerImpl.java:<init>(190)) - om1: new RaftServerImpl for group-C5BA1605619E:[om1|rpc:localhost:9872|priority:0] with OzoneManagerStateMachine:uninitialized
2022-10-11 08:12:38,903 [pool-55-thread-1] INFO  server.RaftServerConfigKeys (ConfUtils.java:logGet(46)) - raft.server.rpc.timeout.min = 1s (custom)
2022-10-11 08:12:38,904 [pool-55-thread-1] INFO  server.RaftServerConfigKeys (ConfUtils.java:logGet(46)) - raft.server.rpc.timeout.max = 1200ms (custom)
2022-10-11 08:12:38,904 [pool-55-thread-1] INFO  server.RaftServerConfigKeys (ConfUtils.java:logGet(46)) - raft.server.rpc.sleep.time = 25ms (default)
2022-10-11 08:12:38,904 [pool-55-thread-1] INFO  server.RaftServerConfigKeys (ConfUtils.java:logGet(46)) - raft.server.rpc.slowness.timeout = 120s (custom)
2022-10-11 08:12:38,904 [pool-55-thread-1] INFO  server.RaftServerConfigKeys (ConfUtils.java:logGet(46)) - raft.server.leaderelection.leader.step-down.wait-time = 10s (default)
2022-10-11 08:12:38,904 [pool-55-thread-1] INFO  server.RaftServerConfigKeys (ConfUtils.java:logGet(46)) - raft.server.sleep.deviation.threshold = 300ms (default)
2022-10-11 08:12:38,919 [pool-55-thread-1] INFO  server.RaftServer$Division (ServerState.java:<init>(107)) - om1@group-C5BA1605619E: ConfigurationManager, init=-1: [om1|rpc:localhost:9872|priority:0], old=null, confs=<EMPTY_MAP>
2022-10-11 08:12:38,919 [pool-55-thread-1] INFO  server.RaftServerConfigKeys (ConfUtils.java:logGet(46)) - raft.server.storage.dir = [/home/runner/work/ozone/ozone/hadoop-ozone/integration-test/target/test-dir/MiniOzoneClusterImpl-a7be04a2-0db3-4748-8f74-6a3cfa6a7101/ozone-meta/ratis] (custom)
2022-10-11 08:12:38,931 [pool-55-thread-1] INFO  server.RaftServerConfigKeys (ConfUtils.java:logGet(46)) - raft.server.log.corruption.policy = EXCEPTION (default)
2022-10-11 08:12:38,931 [pool-55-thread-1] INFO  server.RaftServerConfigKeys (ConfUtils.java:logGet(46)) - raft.server.storage.free-space.min = 0MB (=0) (default)
2022-10-11 08:12:38,932 [pool-55-thread-1] INFO  storage.RaftStorageDirectory (RaftStorageDirectoryImpl.java:analyzeStorage(135)) - The storage directory /home/runner/work/ozone/ozone/hadoop-ozone/integration-test/target/test-dir/MiniOzoneClusterImpl-a7be04a2-0db3-4748-8f74-6a3cfa6a7101/ozone-meta/ratis/bf265839-605b-3f16-9796-c5ba1605619e does not exist. Creating ...
2022-10-11 08:12:38,941 [pool-55-thread-1] INFO  storage.RaftStorageDirectory (RaftStorageDirectoryImpl.java:tryLock(230)) - Lock on /home/runner/work/ozone/ozone/hadoop-ozone/integration-test/target/test-dir/MiniOzoneClusterImpl-a7be04a2-0db3-4748-8f74-6a3cfa6a7101/ozone-meta/ratis/bf265839-605b-3f16-9796-c5ba1605619e/in_use.lock acquired by nodename 138003@fv-az208-128
2022-10-11 08:12:38,956 [pool-55-thread-1] INFO  storage.RaftStorage (RaftStorageImpl.java:format(89)) - Storage directory /home/runner/work/ozone/ozone/hadoop-ozone/integration-test/target/test-dir/MiniOzoneClusterImpl-a7be04a2-0db3-4748-8f74-6a3cfa6a7101/ozone-meta/ratis/bf265839-605b-3f16-9796-c5ba1605619e has been successfully formatted.
2022-10-11 08:12:38,958 [pool-55-thread-1] INFO  server.RaftServerConfigKeys (ConfUtils.java:logGet(46)) - raft.server.notification.no-leader.timeout = 120s (custom)
2022-10-11 08:12:38,960 [pool-55-thread-1] INFO  server.RaftServerConfigKeys (ConfUtils.java:logGet(46)) - raft.server.log.use.memory = false (default)
2022-10-11 08:12:38,968 [pool-55-thread-1] INFO  server.RaftServerConfigKeys (ConfUtils.java:logGet(46)) - raft.server.log.purge.gap = 1000000 (custom)
2022-10-11 08:12:38,968 [pool-55-thread-1] INFO  server.RaftServerConfigKeys (ConfUtils.java:logGet(46)) - raft.server.log.appender.buffer.byte-limit = 33554432 (custom)
2022-10-11 08:12:38,970 [pool-55-thread-1] INFO  server.RaftServerConfigKeys (ConfUtils.java:logGet(46)) - raft.server.log.statemachine.data.read.timeout = 1000ms (default)
2022-10-11 08:12:38,988 [pool-55-thread-1] INFO  server.RaftServerConfigKeys (ConfUtils.java:logGet(46)) - raft.server.log.segment.size.max = 4194304 (custom)
2022-10-11 08:12:39,018 [pool-55-thread-1] INFO  server.RaftServerConfigKeys (ConfUtils.java:logGet(46)) - raft.server.log.segment.cache.num.max = 2 (custom)
2022-10-11 08:12:39,018 [pool-55-thread-1] INFO  server.RaftServerConfigKeys (ConfUtils.java:logGet(46)) - raft.server.log.segment.cache.size.max = 200MB (=209715200) (default)
2022-10-11 08:12:39,035 [pool-55-thread-1] INFO  segmented.SegmentedRaftLogWorker (SegmentedRaftLogWorker.java:<init>(187)) - new om1@group-C5BA1605619E-SegmentedRaftLogWorker for RaftStorageImpl:Storage Directory /home/runner/work/ozone/ozone/hadoop-ozone/integration-test/target/test-dir/MiniOzoneClusterImpl-a7be04a2-0db3-4748-8f74-6a3cfa6a7101/ozone-meta/ratis/bf265839-605b-3f16-9796-c5ba1605619e
2022-10-11 08:12:39,035 [pool-55-thread-1] INFO  server.RaftServerConfigKeys (ConfUtils.java:logGet(46)) - raft.server.log.queue.byte-limit = 64MB (=67108864) (default)
2022-10-11 08:12:39,036 [pool-55-thread-1] INFO  server.RaftServerConfigKeys (ConfUtils.java:logGet(46)) - raft.server.log.queue.element-limit = 4096 (default)
2022-10-11 08:12:39,039 [pool-55-thread-1] INFO  server.RaftServerConfigKeys (ConfUtils.java:logGet(46)) - raft.server.log.segment.size.max = 4194304 (custom)
2022-10-11 08:12:39,039 [pool-55-thread-1] INFO  server.RaftServerConfigKeys (ConfUtils.java:logGet(46)) - raft.server.log.preallocated.size = 4194304 (custom)
2022-10-11 08:12:39,039 [pool-55-thread-1] INFO  server.RaftServerConfigKeys (ConfUtils.java:logGet(46)) - raft.server.log.force.sync.num = 128 (default)
2022-10-11 08:12:39,041 [pool-55-thread-1] INFO  server.RaftServerConfigKeys (ConfUtils.java:logGet(46)) - raft.server.log.statemachine.data.sync = true (default)
2022-10-11 08:12:39,041 [pool-55-thread-1] INFO  server.RaftServerConfigKeys (ConfUtils.java:logGet(46)) - raft.server.log.statemachine.data.sync.timeout = 10s (default)
2022-10-11 08:12:39,045 [pool-55-thread-1] INFO  server.RaftServerConfigKeys (ConfUtils.java:logGet(46)) - raft.server.log.statemachine.data.sync.timeout.retry = -1 (default)
2022-10-11 08:12:39,075 [pool-55-thread-1] INFO  server.RaftServerConfigKeys (ConfUtils.java:logGet(46)) - raft.server.log.write.buffer.size = 64KB (=65536) (default)
2022-10-11 08:12:39,076 [pool-55-thread-1] INFO  server.RaftServerConfigKeys (ConfUtils.java:logGet(46)) - raft.server.log.unsafe-flush.enabled = false (default)
2022-10-11 08:12:39,076 [pool-55-thread-1] INFO  server.RaftServerConfigKeys (ConfUtils.java:logGet(46)) - raft.server.log.statemachine.data.caching.enabled = false (default)
2022-10-11 08:12:39,098 [pool-55-thread-1] INFO  segmented.SegmentedRaftLogWorker (SegmentedRaftLogWorker.java:lambda$new$0(135)) - om1@group-C5BA1605619E-SegmentedRaftLogWorker: flushIndex: setUnconditionally 0 -> -1
2022-10-11 08:12:39,099 [pool-55-thread-1] INFO  segmented.SegmentedRaftLogWorker (SegmentedRaftLogWorker.java:lambda$new$0(135)) - om1@group-C5BA1605619E-SegmentedRaftLogWorker: safeCacheEvictIndex: setUnconditionally 0 -> -1
2022-10-11 08:12:39,111 [pool-55-thread-1] INFO  server.RaftServerConfigKeys (ConfUtils.java:logGet(46)) - raft.server.snapshot.auto.trigger.enabled = true (custom)
2022-10-11 08:12:39,112 [pool-55-thread-1] INFO  server.RaftServerConfigKeys (ConfUtils.java:logGet(46)) - raft.server.snapshot.auto.trigger.threshold = 400000 (default)
2022-10-11 08:12:39,112 [pool-55-thread-1] INFO  server.RaftServerConfigKeys (ConfUtils.java:logGet(46)) - raft.server.snapshot.retention.file.num = -1 (default)
2022-10-11 08:12:39,113 [pool-55-thread-1] INFO  server.RaftServerConfigKeys (ConfUtils.java:logGet(46)) - raft.server.log.purge.upto.snapshot.index = true (custom)
2022-10-11 08:12:39,118 [pool-55-thread-1] INFO  server.RaftServerConfigKeys (ConfUtils.java:logGet(46)) - raft.server.retrycache.expirytime = 300s (custom)
2022-10-11 08:12:39,118 [pool-55-thread-1] INFO  server.RaftServerConfigKeys (ConfUtils.java:logGet(46)) - raft.server.retrycache.statistics.expirytime = 100μs (default)
2022-10-11 08:12:39,287 [pool-55-thread-1] INFO  server.RaftServerConfigKeys (ConfUtils.java:logGet(46)) - raft.server.log.appender.install.snapshot.enabled = false (custom)
2022-10-11 08:12:39,287 [pool-55-thread-1] INFO  server.RaftServerConfigKeys (ConfUtils.java:logGet(46)) - raft.server.threadpool.server.cached = true (default)
2022-10-11 08:12:39,287 [pool-55-thread-1] INFO  server.RaftServerConfigKeys (ConfUtils.java:logGet(46)) - raft.server.threadpool.server.size = 0 (default)
2022-10-11 08:12:39,288 [pool-55-thread-1] INFO  server.RaftServerConfigKeys (ConfUtils.java:logGet(46)) - raft.server.threadpool.client.cached = true (default)
2022-10-11 08:12:39,288 [pool-55-thread-1] INFO  server.RaftServerConfigKeys (ConfUtils.java:logGet(46)) - raft.server.threadpool.client.size = 0 (default)
2022-10-11 08:12:39,658 [Listener at 0.0.0.0/36333] INFO  reflections.Reflections (Reflections.java:scan(232)) - Reflections took 690 ms to scan 19 urls, producing 67 keys and 4227 values [using 2 cores]
2022-10-11 08:12:39,982 [Listener at 0.0.0.0/36333] INFO  ipc.CallQueueManager (CallQueueManager.java:<init>(90)) - Using callQueue: class java.util.concurrent.LinkedBlockingQueue, queueCapacity: 2000, scheduler: class org.apache.hadoop.ipc.DefaultRpcScheduler, ipcBackoff: false.
2022-10-11 08:12:39,983 [Socket Reader #1 for port 0] INFO  ipc.Server (Server.java:run(1265)) - Starting Socket Reader #1 for port 0
2022-10-11 08:12:40,012 [Listener at 127.0.0.1/39113] INFO  impl.MetricsSystemImpl (MetricsSystemImpl.java:init(158)) - OzoneManager metrics system started (again)
2022-10-11 08:12:40,023 [Listener at 127.0.0.1/39113] INFO  om.OzoneManager (OzoneManager.java:start(1486)) - OzoneManager RPC server is listening at localhost/127.0.0.1:39113
2022-10-11 08:12:40,023 [Listener at 127.0.0.1/39113] INFO  ratis.OzoneManagerRatisServer (OzoneManagerRatisServer.java:start(555)) - Starting OzoneManagerRatisServer om1 at port 9872
2022-10-11 08:12:40,026 [om1-impl-thread1] INFO  server.RaftServer$Division (RaftServerImpl.java:start(310)) - om1@group-C5BA1605619E: start as a follower, conf=-1: [om1|rpc:localhost:9872|priority:0], old=null
2022-10-11 08:12:40,026 [om1-impl-thread1] INFO  server.RaftServer$Division (RaftServerImpl.java:setRole(299)) - om1@group-C5BA1605619E: changes role from      null to FOLLOWER at term 0 for startAsFollower
2022-10-11 08:12:40,027 [om1-impl-thread1] INFO  impl.RoleInfo (RoleInfo.java:updateAndGet(139)) - om1: start om1@group-C5BA1605619E-FollowerState
2022-10-11 08:12:40,031 [om1-impl-thread1] INFO  util.JmxRegister (JmxRegister.java:tryRegister(44)) - Successfully registered JMX Bean with object name Ratis:service=RaftServer,group=group-C5BA1605619E,id=om1
2022-10-11 08:12:40,041 [Listener at 127.0.0.1/39113] INFO  server.RaftServer (RaftServerProxy.java:lambda$start$6(382)) - om1: start RPC server
2022-10-11 08:12:40,099 [Listener at 127.0.0.1/39113] INFO  server.GrpcService (GrpcService.java:startImpl(260)) - om1: GrpcService started, listening on 9872
2022-10-11 08:12:40,103 [Listener at 127.0.0.1/39113] INFO  om.OzoneManager (OzoneManager.java:start(1502)) - Version File has different layout version (3) than OM DB (null). That is expected if this OM has never been finalized to a newer layout version.
2022-10-11 08:12:40,104 [org.apache.ratis.util.JvmPauseMonitor$$Lambda$637/2131033858@7f5435ab] INFO  util.JvmPauseMonitor (JvmPauseMonitor.java:run(103)) - JvmPauseMonitor-om1: Started
2022-10-11 08:12:40,119 [Listener at 127.0.0.1/39113] INFO  http.BaseHttpServer (BaseHttpServer.java:newHttpServer2BuilderForOzone(213)) - Starting Web-server for ozoneManager at: http://0.0.0.0:0
2022-10-11 08:12:40,119 [Listener at 127.0.0.1/39113] INFO  http.BaseHttpServer (BaseHttpServer.java:<init>(108)) - Hadoop Security Enabled: false Ozone Security Enabled: false Ozone HTTP Security Enabled: false 
2022-10-11 08:12:40,121 [Listener at 127.0.0.1/39113] INFO  server.AuthenticationFilter (AuthenticationFilter.java:constructSecretProvider(240)) - Unable to initialize FileSignerSecretProvider, falling back to use random secrets.
2022-10-11 08:12:40,122 [Listener at 127.0.0.1/39113] WARN  http.HttpRequestLog (HttpRequestLog.java:getRequestLog(103)) - Jetty request log can only be enabled using Log4j
2022-10-11 08:12:40,123 [Listener at 127.0.0.1/39113] INFO  http.HttpServer2 (HttpServer2.java:addGlobalFilter(1031)) - Added global filter 'safety' (class=org.apache.hadoop.hdds.server.http.HttpServer2$QuotingInputFilter)
2022-10-11 08:12:40,125 [Listener at 127.0.0.1/39113] INFO  http.HttpServer2 (HttpServer2.java:addFilter(1007)) - Added filter static_user_filter (class=org.apache.hadoop.http.lib.StaticUserWebFilter$StaticUserFilter) to context ozoneManager
2022-10-11 08:12:40,126 [Listener at 127.0.0.1/39113] INFO  http.HttpServer2 (HttpServer2.java:addFilter(1015)) - Added filter static_user_filter (class=org.apache.hadoop.http.lib.StaticUserWebFilter$StaticUserFilter) to context static
2022-10-11 08:12:40,126 [Listener at 127.0.0.1/39113] INFO  http.HttpServer2 (HttpServer2.java:addFilter(1015)) - Added filter static_user_filter (class=org.apache.hadoop.http.lib.StaticUserWebFilter$StaticUserFilter) to context logs
2022-10-11 08:12:40,128 [Listener at 127.0.0.1/39113] INFO  http.HttpServer2 (HttpServer2.java:bindListener(1250)) - Jetty bound to port 36151
2022-10-11 08:12:40,128 [Listener at 127.0.0.1/39113] INFO  server.Server (Server.java:doStart(375)) - jetty-9.4.43.v20210629; built: 2021-06-30T11:07:22.254Z; git: 526006ecfa3af7f1a27ef3a288e2bef7ea9dd7e8; jvm 1.8.0_345-b01
2022-10-11 08:12:40,135 [Listener at 127.0.0.1/39113] INFO  server.session (DefaultSessionIdManager.java:doStart(334)) - DefaultSessionIdManager workerName=node0
2022-10-11 08:12:40,135 [Listener at 127.0.0.1/39113] INFO  server.session (DefaultSessionIdManager.java:doStart(339)) - No SessionScavenger set, using defaults
2022-10-11 08:12:40,136 [Listener at 127.0.0.1/39113] INFO  server.session (HouseKeeper.java:startScavenging(132)) - node0 Scavenging every 600000ms
2022-10-11 08:12:40,137 [Listener at 127.0.0.1/39113] INFO  handler.ContextHandler (ContextHandler.java:doStart(915)) - Started o.e.j.s.ServletContextHandler@c6ca1{logs,/logs,file:///home/runner/work/ozone/ozone/hadoop-ozone/integration-test/target/log,AVAILABLE}
2022-10-11 08:12:40,137 [Listener at 127.0.0.1/39113] INFO  handler.ContextHandler (ContextHandler.java:doStart(915)) - Started o.e.j.s.ServletContextHandler@6195f18e{static,/static,file:///home/runner/work/ozone/ozone/hadoop-ozone/integration-test/target/test-classes/webapps/static,AVAILABLE}
2022-10-11 08:12:40,141 [Listener at 127.0.0.1/39113] INFO  handler.ContextHandler (ContextHandler.java:doStart(915)) - Started o.e.j.w.WebAppContext@3f126927{ozoneManager,/,file:///home/runner/work/ozone/ozone/hadoop-ozone/integration-test/target/test-classes/webapps/ozoneManager/,AVAILABLE}{file:/home/runner/work/ozone/ozone/hadoop-ozone/integration-test/target/test-classes/webapps/ozoneManager}
2022-10-11 08:12:40,144 [Listener at 127.0.0.1/39113] INFO  server.AbstractConnector (AbstractConnector.java:doStart(331)) - Started ServerConnector@3e91384d{HTTP/1.1, (http/1.1)}{0.0.0.0:36151}
2022-10-11 08:12:40,145 [Listener at 127.0.0.1/39113] INFO  server.Server (Server.java:doStart(415)) - Started @7328ms
2022-10-11 08:12:40,145 [Listener at 127.0.0.1/39113] WARN  impl.MetricsSystemImpl (MetricsSystemImpl.java:register(279)) - Sink prometheus already exists!
2022-10-11 08:12:40,146 [Listener at 127.0.0.1/39113] INFO  http.BaseHttpServer (BaseHttpServer.java:updateConnectorAddress(333)) - HTTP server of ozoneManager listening at http://0.0.0.0:36151
2022-10-11 08:12:40,146 [IPC Server Responder] INFO  ipc.Server (Server.java:run(1507)) - IPC Server Responder: starting
2022-10-11 08:12:40,151 [IPC Server listener on 0] INFO  ipc.Server (Server.java:run(1344)) - IPC Server listener on 0: starting
2022-10-11 08:12:40,197 [Listener at 127.0.0.1/39113] INFO  om.TrashPolicyOzone (TrashPolicyOzone.java:<init>(178)) - Ozone Manager trash configuration: Deletion interval = 0 minutes, Emptier interval = 0 minutes.
2022-10-11 08:12:40,206 [org.apache.hadoop.util.JvmPauseMonitor$Monitor@7d98e410] INFO  util.JvmPauseMonitor (JvmPauseMonitor.java:run(188)) - Starting JVM pause monitor
2022-10-11 08:12:40,345 [Listener at 127.0.0.1/39113] WARN  impl.MetricRegistriesImpl (MetricRegistriesImpl.java:addReporterRegistration(111)) - New reporters are added after registries were created. Some metrics will be missing from the reporter. Please add reporter before adding any new registry.
2022-10-11 08:12:40,345 [Listener at 127.0.0.1/39113] WARN  impl.MetricRegistriesImpl (MetricRegistriesImpl.java:addReporterRegistration(111)) - New reporters are added after registries were created. Some metrics will be missing from the reporter. Please add reporter before adding any new registry.
2022-10-11 08:12:40,345 [Listener at 127.0.0.1/39113] INFO  impl.MetricsSystemImpl (MetricsSystemImpl.java:init(158)) - HddsDatanode metrics system started (again)
2022-10-11 08:12:40,360 [Listener at 127.0.0.1/39113] INFO  ozone.HddsDatanodeService (HddsDatanodeService.java:start(236)) - HddsDatanodeService host:fv-az208-128.kmgg0fu2myoezeajip4j0sfi3d.cx.internal.cloudapp.net ip:10.1.0.76
2022-10-11 08:12:40,391 [Listener at 127.0.0.1/39113] INFO  upgrade.AbstractLayoutVersionManager (AbstractLayoutVersionManager.java:init(83)) - Initializing Layout version manager with metadata layout = DATANODE_SCHEMA_V3 (version = 4), software layout = DATANODE_SCHEMA_V3 (version = 4)
2022-10-11 08:12:40,437 [Listener at 127.0.0.1/39113] INFO  reflections.Reflections (Reflections.java:scan(232)) - Reflections took 42 ms to scan 7 urls, producing 137 keys and 328 values 
2022-10-11 08:12:40,444 [Listener at 127.0.0.1/39113] INFO  statemachine.DatanodeStateMachine (DatanodeStateMachine.java:getEndPointTaskThreadPoolSize(237)) - Datanode State Machine Task Thread Pool size 2
2022-10-11 08:12:40,497 [Listener at 127.0.0.1/39113] INFO  volume.HddsVolume (HddsVolume.java:<init>(117)) - Creating HddsVolume: /home/runner/work/ozone/ozone/hadoop-ozone/integration-test/target/test-dir/MiniOzoneClusterImpl-a7be04a2-0db3-4748-8f74-6a3cfa6a7101/datanode-0/data-0/containers/hdds of storage type : DISK capacity : 9223372036854775807
2022-10-11 08:12:40,499 [Listener at 127.0.0.1/39113] INFO  volume.MutableVolumeSet (MutableVolumeSet.java:initializeVolumeSet(174)) - Added Volume : /home/runner/work/ozone/ozone/hadoop-ozone/integration-test/target/test-dir/MiniOzoneClusterImpl-a7be04a2-0db3-4748-8f74-6a3cfa6a7101/datanode-0/data-0/containers/hdds to VolumeSet
2022-10-11 08:12:40,500 [Listener at 127.0.0.1/39113] INFO  volume.ThrottledAsyncChecker (ThrottledAsyncChecker.java:schedule(141)) - Scheduling a check for /home/runner/work/ozone/ozone/hadoop-ozone/integration-test/target/test-dir/MiniOzoneClusterImpl-a7be04a2-0db3-4748-8f74-6a3cfa6a7101/datanode-0/data-0/containers/hdds
2022-10-11 08:12:40,518 [Listener at 127.0.0.1/39113] INFO  volume.StorageVolumeChecker (StorageVolumeChecker.java:checkAllVolumes(202)) - Scheduled health check for volume /home/runner/work/ozone/ozone/hadoop-ozone/integration-test/target/test-dir/MiniOzoneClusterImpl-a7be04a2-0db3-4748-8f74-6a3cfa6a7101/datanode-0/data-0/containers/hdds
2022-10-11 08:12:40,535 [Listener at 127.0.0.1/39113] INFO  volume.MutableVolumeSet (MutableVolumeSet.java:initializeVolumeSet(174)) - Added Volume : /home/runner/work/ozone/ozone/hadoop-ozone/integration-test/target/test-dir/MiniOzoneClusterImpl-a7be04a2-0db3-4748-8f74-6a3cfa6a7101/datanode-0/data/ratis to VolumeSet
2022-10-11 08:12:40,535 [Listener at 127.0.0.1/39113] INFO  volume.ThrottledAsyncChecker (ThrottledAsyncChecker.java:schedule(141)) - Scheduling a check for /home/runner/work/ozone/ozone/hadoop-ozone/integration-test/target/test-dir/MiniOzoneClusterImpl-a7be04a2-0db3-4748-8f74-6a3cfa6a7101/datanode-0/data/ratis
2022-10-11 08:12:40,535 [Listener at 127.0.0.1/39113] INFO  volume.StorageVolumeChecker (StorageVolumeChecker.java:checkAllVolumes(202)) - Scheduled health check for volume /home/runner/work/ozone/ozone/hadoop-ozone/integration-test/target/test-dir/MiniOzoneClusterImpl-a7be04a2-0db3-4748-8f74-6a3cfa6a7101/datanode-0/data/ratis
2022-10-11 08:12:40,559 [Thread-136] INFO  ozoneimpl.ContainerReader (ContainerReader.java:readVolume(175)) - Finish verifying containers on volume /home/runner/work/ozone/ozone/hadoop-ozone/integration-test/target/test-dir/MiniOzoneClusterImpl-a7be04a2-0db3-4748-8f74-6a3cfa6a7101/datanode-0/data-0/containers/hdds
2022-10-11 08:12:40,559 [Listener at 127.0.0.1/39113] INFO  ozoneimpl.OzoneContainer (OzoneContainer.java:buildContainerSet(300)) - Build ContainerSet costs 0s
2022-10-11 08:12:40,605 [Listener at 127.0.0.1/39113] INFO  audit.AuditLogger (AuditLogger.java:refreshDebugCmdSet(126)) - Refresh DebugCmdSet for DNAudit to [].
2022-10-11 08:12:40,633 [Listener at 127.0.0.1/39113] INFO  server.RaftServer (ConfUtils.java:logGet(46)) - raft.rpc.type = GRPC (default)
2022-10-11 08:12:40,633 [Listener at 127.0.0.1/39113] INFO  grpc.GrpcFactory (GrpcFactory.java:checkPooledByteBufAllocatorUseCacheForAllThreads(48)) - PERFORMANCE WARNING: useCacheForAllThreads is true that may cause Netty to create a lot garbage objects and, as a result, trigger GC.
	It is recommended to disable useCacheForAllThreads by setting -Dorg.apache.ratis.thirdparty.io.netty.allocator.useCacheForAllThreads=false in command line.
2022-10-11 08:12:40,633 [Listener at 127.0.0.1/39113] INFO  grpc.GrpcConfigKeys (ConfUtils.java:logGet(46)) - raft.grpc.admin.port = 0 (custom)
2022-10-11 08:12:40,634 [Listener at 127.0.0.1/39113] INFO  grpc.GrpcConfigKeys (ConfUtils.java:logGet(46)) - raft.grpc.client.port = 0 (custom)
2022-10-11 08:12:40,634 [Listener at 127.0.0.1/39113] INFO  grpc.GrpcConfigKeys (ConfUtils.java:logGet(46)) - raft.grpc.server.port = 0 (default)
2022-10-11 08:12:40,634 [Listener at 127.0.0.1/39113] INFO  server.GrpcService (ConfUtils.java:logGet(46)) - raft.grpc.message.size.max = 32MB (=33554432) (custom)
2022-10-11 08:12:40,634 [Listener at 127.0.0.1/39113] INFO  server.RaftServerConfigKeys (ConfUtils.java:logGet(46)) - raft.server.log.appender.buffer.byte-limit = 33554432 (custom)
2022-10-11 08:12:40,634 [Listener at 127.0.0.1/39113] INFO  server.GrpcService (ConfUtils.java:logGet(46)) - raft.grpc.flow.control.window = 5MB (=5242880) (custom)
2022-10-11 08:12:40,634 [Listener at 127.0.0.1/39113] INFO  server.RaftServerConfigKeys (ConfUtils.java:logGet(46)) - raft.server.rpc.request.timeout = 60s (custom)
2022-10-11 08:12:40,635 [Listener at 127.0.0.1/39113] INFO  grpc.GrpcConfigKeys (ConfUtils.java:logGet(46)) - raft.grpc.server.async.request.thread.pool.cached = true (default)
2022-10-11 08:12:40,635 [Listener at 127.0.0.1/39113] INFO  grpc.GrpcConfigKeys (ConfUtils.java:logGet(46)) - raft.grpc.server.async.request.thread.pool.size = 32 (default)
2022-10-11 08:12:40,636 [Listener at 127.0.0.1/39113] INFO  impl.DataStreamServerImpl (ConfUtils.java:logGet(46)) - raft.datastream.type = DISABLED (default)
2022-10-11 08:12:40,636 [Listener at 127.0.0.1/39113] INFO  server.RaftServerConfigKeys (ConfUtils.java:logGet(46)) - raft.server.threadpool.proxy.cached = true (default)
2022-10-11 08:12:40,636 [Listener at 127.0.0.1/39113] INFO  server.RaftServerConfigKeys (ConfUtils.java:logGet(46)) - raft.server.threadpool.proxy.size = 0 (default)
2022-10-11 08:12:40,636 [Listener at 127.0.0.1/39113] INFO  server.RaftServerConfigKeys (ConfUtils.java:logGet(46)) - raft.server.rpc.slowness.timeout = 300s (custom)
2022-10-11 08:12:40,637 [Listener at 127.0.0.1/39113] INFO  server.RaftServerConfigKeys (ConfUtils.java:logGet(46)) - raft.server.leaderelection.leader.step-down.wait-time = 10s (default)
2022-10-11 08:12:40,637 [Listener at 127.0.0.1/39113] INFO  server.RaftServerConfigKeys (ConfUtils.java:logGet(46)) - raft.server.storage.dir = [/home/runner/work/ozone/ozone/hadoop-ozone/integration-test/target/test-dir/MiniOzoneClusterImpl-a7be04a2-0db3-4748-8f74-6a3cfa6a7101/datanode-0/data/ratis] (custom)
2022-10-11 08:12:40,656 [Listener at 127.0.0.1/39113] INFO  server.XceiverServerGrpc (XceiverServerGrpc.java:<init>(132)) - GrpcServer channel type EpollServerSocketChannel
2022-10-11 08:12:40,718 [Listener at 127.0.0.1/39113] INFO  http.BaseHttpServer (BaseHttpServer.java:newHttpServer2BuilderForOzone(213)) - Starting Web-server for hddsDatanode at: http://0.0.0.0:0
2022-10-11 08:12:40,718 [Listener at 127.0.0.1/39113] INFO  http.BaseHttpServer (BaseHttpServer.java:<init>(108)) - Hadoop Security Enabled: false Ozone Security Enabled: false Ozone HTTP Security Enabled: false 
2022-10-11 08:12:40,720 [Listener at 127.0.0.1/39113] INFO  server.AuthenticationFilter (AuthenticationFilter.java:constructSecretProvider(240)) - Unable to initialize FileSignerSecretProvider, falling back to use random secrets.
2022-10-11 08:12:40,720 [Listener at 127.0.0.1/39113] WARN  http.HttpRequestLog (HttpRequestLog.java:getRequestLog(103)) - Jetty request log can only be enabled using Log4j
2022-10-11 08:12:40,722 [Listener at 127.0.0.1/39113] INFO  http.HttpServer2 (HttpServer2.java:addGlobalFilter(1031)) - Added global filter 'safety' (class=org.apache.hadoop.hdds.server.http.HttpServer2$QuotingInputFilter)
2022-10-11 08:12:40,722 [Listener at 127.0.0.1/39113] INFO  http.HttpServer2 (HttpServer2.java:addFilter(1007)) - Added filter static_user_filter (class=org.apache.hadoop.http.lib.StaticUserWebFilter$StaticUserFilter) to context hddsDatanode
2022-10-11 08:12:40,723 [Listener at 127.0.0.1/39113] INFO  http.HttpServer2 (HttpServer2.java:addFilter(1015)) - Added filter static_user_filter (class=org.apache.hadoop.http.lib.StaticUserWebFilter$StaticUserFilter) to context logs
2022-10-11 08:12:40,723 [Listener at 127.0.0.1/39113] INFO  http.HttpServer2 (HttpServer2.java:addFilter(1015)) - Added filter static_user_filter (class=org.apache.hadoop.http.lib.StaticUserWebFilter$StaticUserFilter) to context static
2022-10-11 08:12:40,723 [Listener at 127.0.0.1/39113] INFO  http.HttpServer2 (HttpServer2.java:bindListener(1250)) - Jetty bound to port 34017
2022-10-11 08:12:40,723 [Listener at 127.0.0.1/39113] INFO  server.Server (Server.java:doStart(375)) - jetty-9.4.43.v20210629; built: 2021-06-30T11:07:22.254Z; git: 526006ecfa3af7f1a27ef3a288e2bef7ea9dd7e8; jvm 1.8.0_345-b01
2022-10-11 08:12:40,728 [Listener at 127.0.0.1/39113] INFO  server.session (DefaultSessionIdManager.java:doStart(334)) - DefaultSessionIdManager workerName=node0
2022-10-11 08:12:40,728 [Listener at 127.0.0.1/39113] INFO  server.session (DefaultSessionIdManager.java:doStart(339)) - No SessionScavenger set, using defaults
2022-10-11 08:12:40,728 [Listener at 127.0.0.1/39113] INFO  server.session (HouseKeeper.java:startScavenging(132)) - node0 Scavenging every 660000ms
2022-10-11 08:12:40,729 [Listener at 127.0.0.1/39113] INFO  handler.ContextHandler (ContextHandler.java:doStart(915)) - Started o.e.j.s.ServletContextHandler@7cb961fd{logs,/logs,file:///home/runner/work/ozone/ozone/hadoop-ozone/integration-test/target/log,AVAILABLE}
2022-10-11 08:12:40,729 [Listener at 127.0.0.1/39113] INFO  handler.ContextHandler (ContextHandler.java:doStart(915)) - Started o.e.j.s.ServletContextHandler@498bcd33{static,/static,jar:file:/home/runner/.m2/repository/org/apache/ozone/hdds-container-service/1.3.0-SNAPSHOT/hdds-container-service-1.3.0-SNAPSHOT.jar!/webapps/static,AVAILABLE}
2022-10-11 08:12:40,898 [Listener at 127.0.0.1/39113] INFO  handler.ContextHandler (ContextHandler.java:doStart(915)) - Started o.e.j.w.WebAppContext@1fafb2ae{hddsDatanode,/,file:///tmp/jetty-0_0_0_0-34017-hdds-container-service-1_3_0-SNAPSHOT_jar-_-any-225896679524298756/webapp/,AVAILABLE}{jar:file:/home/runner/.m2/repository/org/apache/ozone/hdds-container-service/1.3.0-SNAPSHOT/hdds-container-service-1.3.0-SNAPSHOT.jar!/webapps/hddsDatanode}
2022-10-11 08:12:40,900 [Listener at 127.0.0.1/39113] INFO  server.AbstractConnector (AbstractConnector.java:doStart(331)) - Started ServerConnector@3dd34335{HTTP/1.1, (http/1.1)}{0.0.0.0:34017}
2022-10-11 08:12:40,900 [Listener at 127.0.0.1/39113] INFO  server.Server (Server.java:doStart(415)) - Started @8084ms
2022-10-11 08:12:40,900 [Listener at 127.0.0.1/39113] WARN  impl.MetricsSystemImpl (MetricsSystemImpl.java:register(279)) - Sink prometheus already exists!
2022-10-11 08:12:40,901 [Listener at 127.0.0.1/39113] INFO  http.BaseHttpServer (BaseHttpServer.java:updateConnectorAddress(333)) - HTTP server of hddsDatanode listening at http://0.0.0.0:34017
2022-10-11 08:12:40,902 [Listener at 127.0.0.1/39113] WARN  impl.MetricRegistriesImpl (MetricRegistriesImpl.java:addReporterRegistration(111)) - New reporters are added after registries were created. Some metrics will be missing from the reporter. Please add reporter before adding any new registry.
2022-10-11 08:12:40,903 [Listener at 127.0.0.1/39113] WARN  impl.MetricRegistriesImpl (MetricRegistriesImpl.java:addReporterRegistration(111)) - New reporters are added after registries were created. Some metrics will be missing from the reporter. Please add reporter before adding any new registry.
2022-10-11 08:12:40,903 [Listener at 127.0.0.1/39113] INFO  impl.MetricsSystemImpl (MetricsSystemImpl.java:init(158)) - HddsDatanode metrics system started (again)
2022-10-11 08:12:40,907 [Datanode State Machine Daemon Thread] INFO  statemachine.DatanodeStateMachine (DatanodeStateMachine.java:lambda$startDaemon$0(492)) - Ozone container server started.
2022-10-11 08:12:40,922 [org.apache.hadoop.util.JvmPauseMonitor$Monitor@41423832] INFO  util.JvmPauseMonitor (JvmPauseMonitor.java:run(188)) - Starting JVM pause monitor
2022-10-11 08:12:40,922 [Listener at 127.0.0.1/39113] INFO  ozone.HddsDatanodeService (HddsDatanodeService.java:start(236)) - HddsDatanodeService host:fv-az208-128.kmgg0fu2myoezeajip4j0sfi3d.cx.internal.cloudapp.net ip:10.1.0.76
2022-10-11 08:12:40,964 [Listener at 127.0.0.1/39113] INFO  upgrade.AbstractLayoutVersionManager (AbstractLayoutVersionManager.java:init(83)) - Initializing Layout version manager with metadata layout = DATANODE_SCHEMA_V3 (version = 4), software layout = DATANODE_SCHEMA_V3 (version = 4)
2022-10-11 08:12:41,039 [Datanode State Machine Task Thread - 0] INFO  datanode.InitDatanodeState (InitDatanodeState.java:persistContainerDatanodeDetails(138)) - DatanodeDetails is persisted to /home/runner/work/ozone/ozone/hadoop-ozone/integration-test/target/test-dir/MiniOzoneClusterImpl-a7be04a2-0db3-4748-8f74-6a3cfa6a7101/datanode-0/meta/datanode.id
2022-10-11 08:12:41,045 [om1@group-C5BA1605619E-FollowerState] INFO  impl.FollowerState (FollowerState.java:run(143)) - om1@group-C5BA1605619E-FollowerState: change to CANDIDATE, lastRpcElapsedTime:1017824487ns, electionTimeout:1003ms
2022-10-11 08:12:41,046 [Listener at 127.0.0.1/39113] INFO  reflections.Reflections (Reflections.java:scan(232)) - Reflections took 80 ms to scan 7 urls, producing 137 keys and 328 values 
2022-10-11 08:12:41,046 [om1@group-C5BA1605619E-FollowerState] INFO  impl.RoleInfo (RoleInfo.java:shutdownFollowerState(110)) - om1: shutdown om1@group-C5BA1605619E-FollowerState
2022-10-11 08:12:41,047 [Listener at 127.0.0.1/39113] INFO  statemachine.DatanodeStateMachine (DatanodeStateMachine.java:getEndPointTaskThreadPoolSize(237)) - Datanode State Machine Task Thread Pool size 2
2022-10-11 08:12:41,048 [om1@group-C5BA1605619E-FollowerState] INFO  server.RaftServer$Division (RaftServerImpl.java:setRole(299)) - om1@group-C5BA1605619E: changes role from  FOLLOWER to CANDIDATE at term 0 for changeToCandidate
2022-10-11 08:12:41,049 [Listener at 127.0.0.1/39113] INFO  volume.HddsVolume (HddsVolume.java:<init>(117)) - Creating HddsVolume: /home/runner/work/ozone/ozone/hadoop-ozone/integration-test/target/test-dir/MiniOzoneClusterImpl-a7be04a2-0db3-4748-8f74-6a3cfa6a7101/datanode-1/data-0/containers/hdds of storage type : DISK capacity : 9223372036854775807
2022-10-11 08:12:41,050 [Listener at 127.0.0.1/39113] INFO  volume.MutableVolumeSet (MutableVolumeSet.java:initializeVolumeSet(174)) - Added Volume : /home/runner/work/ozone/ozone/hadoop-ozone/integration-test/target/test-dir/MiniOzoneClusterImpl-a7be04a2-0db3-4748-8f74-6a3cfa6a7101/datanode-1/data-0/containers/hdds to VolumeSet
2022-10-11 08:12:41,050 [Listener at 127.0.0.1/39113] INFO  volume.ThrottledAsyncChecker (ThrottledAsyncChecker.java:schedule(141)) - Scheduling a check for /home/runner/work/ozone/ozone/hadoop-ozone/integration-test/target/test-dir/MiniOzoneClusterImpl-a7be04a2-0db3-4748-8f74-6a3cfa6a7101/datanode-1/data-0/containers/hdds
2022-10-11 08:12:41,051 [Listener at 127.0.0.1/39113] INFO  volume.StorageVolumeChecker (StorageVolumeChecker.java:checkAllVolumes(202)) - Scheduled health check for volume /home/runner/work/ozone/ozone/hadoop-ozone/integration-test/target/test-dir/MiniOzoneClusterImpl-a7be04a2-0db3-4748-8f74-6a3cfa6a7101/datanode-1/data-0/containers/hdds
2022-10-11 08:12:41,062 [Listener at 127.0.0.1/39113] INFO  volume.MutableVolumeSet (MutableVolumeSet.java:initializeVolumeSet(174)) - Added Volume : /home/runner/work/ozone/ozone/hadoop-ozone/integration-test/target/test-dir/MiniOzoneClusterImpl-a7be04a2-0db3-4748-8f74-6a3cfa6a7101/datanode-1/data/ratis to VolumeSet
2022-10-11 08:12:41,062 [Listener at 127.0.0.1/39113] INFO  volume.ThrottledAsyncChecker (ThrottledAsyncChecker.java:schedule(141)) - Scheduling a check for /home/runner/work/ozone/ozone/hadoop-ozone/integration-test/target/test-dir/MiniOzoneClusterImpl-a7be04a2-0db3-4748-8f74-6a3cfa6a7101/datanode-1/data/ratis
2022-10-11 08:12:41,062 [om1@group-C5BA1605619E-FollowerState] INFO  server.RaftServerConfigKeys (ConfUtils.java:logGet(46)) - raft.server.leaderelection.pre-vote = false (custom)
2022-10-11 08:12:41,062 [Listener at 127.0.0.1/39113] INFO  volume.StorageVolumeChecker (StorageVolumeChecker.java:checkAllVolumes(202)) - Scheduled health check for volume /home/runner/work/ozone/ozone/hadoop-ozone/integration-test/target/test-dir/MiniOzoneClusterImpl-a7be04a2-0db3-4748-8f74-6a3cfa6a7101/datanode-1/data/ratis
2022-10-11 08:12:41,063 [om1@group-C5BA1605619E-FollowerState] INFO  impl.RoleInfo (RoleInfo.java:updateAndGet(139)) - om1: start om1@group-C5BA1605619E-LeaderElection1
2022-10-11 08:12:41,077 [om1@group-C5BA1605619E-LeaderElection1] INFO  impl.LeaderElection (LeaderElection.java:askForVotes(310)) - om1@group-C5BA1605619E-LeaderElection1 ELECTION round 0: submit vote requests at term 1 for -1: [om1|rpc:localhost:9872|priority:0], old=null
2022-10-11 08:12:41,078 [om1@group-C5BA1605619E-LeaderElection1] INFO  impl.LeaderElection (LeaderElection.java:askForVotes(312)) - om1@group-C5BA1605619E-LeaderElection1 ELECTION round 0: result PASSED (term=1)
2022-10-11 08:12:41,079 [om1@group-C5BA1605619E-LeaderElection1] INFO  impl.RoleInfo (RoleInfo.java:shutdownLeaderElection(130)) - om1: shutdown om1@group-C5BA1605619E-LeaderElection1
2022-10-11 08:12:41,079 [om1@group-C5BA1605619E-LeaderElection1] INFO  server.RaftServer$Division (RaftServerImpl.java:setRole(299)) - om1@group-C5BA1605619E: changes role from CANDIDATE to LEADER at term 1 for changeToLeader
2022-10-11 08:12:41,079 [om1@group-C5BA1605619E-LeaderElection1] INFO  server.RaftServer$Division (ServerState.java:setLeader(287)) - om1@group-C5BA1605619E: change Leader from null to om1 at term 1 for becomeLeader, leader elected after 2121ms
2022-10-11 08:12:41,086 [om1@group-C5BA1605619E-LeaderElection1] INFO  server.RaftServerConfigKeys (ConfUtils.java:logGet(46)) - raft.server.staging.catchup.gap = 1000 (default)
2022-10-11 08:12:41,090 [Thread-150] INFO  ozoneimpl.ContainerReader (ContainerReader.java:readVolume(175)) - Finish verifying containers on volume /home/runner/work/ozone/ozone/hadoop-ozone/integration-test/target/test-dir/MiniOzoneClusterImpl-a7be04a2-0db3-4748-8f74-6a3cfa6a7101/datanode-1/data-0/containers/hdds
2022-10-11 08:12:41,091 [Listener at 127.0.0.1/39113] INFO  ozoneimpl.OzoneContainer (OzoneContainer.java:buildContainerSet(300)) - Build ContainerSet costs 0s
2022-10-11 08:12:41,095 [Listener at 127.0.0.1/39113] INFO  server.RaftServer (ConfUtils.java:logGet(46)) - raft.rpc.type = GRPC (default)
2022-10-11 08:12:41,095 [Listener at 127.0.0.1/39113] INFO  grpc.GrpcFactory (GrpcFactory.java:checkPooledByteBufAllocatorUseCacheForAllThreads(48)) - PERFORMANCE WARNING: useCacheForAllThreads is true that may cause Netty to create a lot garbage objects and, as a result, trigger GC.
	It is recommended to disable useCacheForAllThreads by setting -Dorg.apache.ratis.thirdparty.io.netty.allocator.useCacheForAllThreads=false in command line.
2022-10-11 08:12:41,095 [Listener at 127.0.0.1/39113] INFO  grpc.GrpcConfigKeys (ConfUtils.java:logGet(46)) - raft.grpc.admin.port = 0 (custom)
2022-10-11 08:12:41,095 [Listener at 127.0.0.1/39113] INFO  grpc.GrpcConfigKeys (ConfUtils.java:logGet(46)) - raft.grpc.client.port = 0 (custom)
2022-10-11 08:12:41,095 [Listener at 127.0.0.1/39113] INFO  grpc.GrpcConfigKeys (ConfUtils.java:logGet(46)) - raft.grpc.server.port = 0 (default)
2022-10-11 08:12:41,095 [Listener at 127.0.0.1/39113] INFO  server.GrpcService (ConfUtils.java:logGet(46)) - raft.grpc.message.size.max = 32MB (=33554432) (custom)
2022-10-11 08:12:41,096 [Listener at 127.0.0.1/39113] INFO  server.RaftServerConfigKeys (ConfUtils.java:logGet(46)) - raft.server.log.appender.buffer.byte-limit = 33554432 (custom)
2022-10-11 08:12:41,096 [Listener at 127.0.0.1/39113] INFO  server.GrpcService (ConfUtils.java:logGet(46)) - raft.grpc.flow.control.window = 5MB (=5242880) (custom)
2022-10-11 08:12:41,096 [Listener at 127.0.0.1/39113] INFO  server.RaftServerConfigKeys (ConfUtils.java:logGet(46)) - raft.server.rpc.request.timeout = 60s (custom)
2022-10-11 08:12:41,096 [Listener at 127.0.0.1/39113] INFO  grpc.GrpcConfigKeys (ConfUtils.java:logGet(46)) - raft.grpc.server.async.request.thread.pool.cached = true (default)
2022-10-11 08:12:41,096 [Listener at 127.0.0.1/39113] INFO  grpc.GrpcConfigKeys (ConfUtils.java:logGet(46)) - raft.grpc.server.async.request.thread.pool.size = 32 (default)
2022-10-11 08:12:41,097 [Listener at 127.0.0.1/39113] INFO  impl.DataStreamServerImpl (ConfUtils.java:logGet(46)) - raft.datastream.type = DISABLED (default)
2022-10-11 08:12:41,097 [Listener at 127.0.0.1/39113] INFO  server.RaftServerConfigKeys (ConfUtils.java:logGet(46)) - raft.server.threadpool.proxy.cached = true (default)
2022-10-11 08:12:41,098 [Listener at 127.0.0.1/39113] INFO  server.RaftServerConfigKeys (ConfUtils.java:logGet(46)) - raft.server.threadpool.proxy.size = 0 (default)
2022-10-11 08:12:41,098 [Listener at 127.0.0.1/39113] INFO  server.RaftServerConfigKeys (ConfUtils.java:logGet(46)) - raft.server.rpc.slowness.timeout = 300s (custom)
2022-10-11 08:12:41,098 [Listener at 127.0.0.1/39113] INFO  server.RaftServerConfigKeys (ConfUtils.java:logGet(46)) - raft.server.leaderelection.leader.step-down.wait-time = 10s (default)
2022-10-11 08:12:41,098 [Listener at 127.0.0.1/39113] INFO  server.RaftServerConfigKeys (ConfUtils.java:logGet(46)) - raft.server.storage.dir = [/home/runner/work/ozone/ozone/hadoop-ozone/integration-test/target/test-dir/MiniOzoneClusterImpl-a7be04a2-0db3-4748-8f74-6a3cfa6a7101/datanode-1/data/ratis] (custom)
2022-10-11 08:12:41,100 [om1@group-C5BA1605619E-LeaderElection1] INFO  server.RaftServerConfigKeys (ConfUtils.java:logGet(46)) - raft.server.write.element-limit = 4096 (default)
2022-10-11 08:12:41,101 [om1@group-C5BA1605619E-LeaderElection1] INFO  server.RaftServerConfigKeys (ConfUtils.java:logGet(46)) - raft.server.write.byte-limit = 64MB (=67108864) (default)
2022-10-11 08:12:41,105 [om1@group-C5BA1605619E-LeaderElection1] INFO  server.RaftServerConfigKeys (ConfUtils.java:logGet(46)) - raft.server.watch.timeout = 10s (default)
2022-10-11 08:12:41,105 [om1@group-C5BA1605619E-LeaderElection1] INFO  server.RaftServerConfigKeys (ConfUtils.java:logGet(46)) - raft.server.watch.timeout.denomination = 1s (default)
2022-10-11 08:12:41,106 [om1@group-C5BA1605619E-LeaderElection1] INFO  server.RaftServerConfigKeys (ConfUtils.java:logGet(46)) - raft.server.watch.element-limit = 65536 (default)
2022-10-11 08:12:41,109 [Listener at 127.0.0.1/39113] INFO  server.XceiverServerGrpc (XceiverServerGrpc.java:<init>(132)) - GrpcServer channel type EpollServerSocketChannel
2022-10-11 08:12:41,115 [om1@group-C5BA1605619E-LeaderElection1] INFO  server.RaftServerConfigKeys (ConfUtils.java:logGet(46)) - raft.server.write.element-limit = 4096 (default)
2022-10-11 08:12:41,117 [Listener at 127.0.0.1/39113] INFO  http.BaseHttpServer (BaseHttpServer.java:newHttpServer2BuilderForOzone(213)) - Starting Web-server for hddsDatanode at: http://0.0.0.0:0
2022-10-11 08:12:41,117 [Listener at 127.0.0.1/39113] INFO  http.BaseHttpServer (BaseHttpServer.java:<init>(108)) - Hadoop Security Enabled: false Ozone Security Enabled: false Ozone HTTP Security Enabled: false 
2022-10-11 08:12:41,118 [Listener at 127.0.0.1/39113] INFO  server.AuthenticationFilter (AuthenticationFilter.java:constructSecretProvider(240)) - Unable to initialize FileSignerSecretProvider, falling back to use random secrets.
2022-10-11 08:12:41,119 [om1@group-C5BA1605619E-LeaderElection1] INFO  server.RaftServerConfigKeys (ConfUtils.java:logGet(46)) - raft.server.write.follower.gap.ratio.max = -1.0 (default)
2022-10-11 08:12:41,120 [om1@group-C5BA1605619E-LeaderElection1] INFO  impl.RoleInfo (RoleInfo.java:updateAndGet(139)) - om1: start om1@group-C5BA1605619E-LeaderStateImpl
2022-10-11 08:12:41,125 [Listener at 127.0.0.1/39113] WARN  http.HttpRequestLog (HttpRequestLog.java:getRequestLog(103)) - Jetty request log can only be enabled using Log4j
2022-10-11 08:12:41,126 [Listener at 127.0.0.1/39113] INFO  http.HttpServer2 (HttpServer2.java:addGlobalFilter(1031)) - Added global filter 'safety' (class=org.apache.hadoop.hdds.server.http.HttpServer2$QuotingInputFilter)
2022-10-11 08:12:41,127 [Listener at 127.0.0.1/39113] INFO  http.HttpServer2 (HttpServer2.java:addFilter(1007)) - Added filter static_user_filter (class=org.apache.hadoop.http.lib.StaticUserWebFilter$StaticUserFilter) to context hddsDatanode
2022-10-11 08:12:41,127 [Listener at 127.0.0.1/39113] INFO  http.HttpServer2 (HttpServer2.java:addFilter(1015)) - Added filter static_user_filter (class=org.apache.hadoop.http.lib.StaticUserWebFilter$StaticUserFilter) to context logs
2022-10-11 08:12:41,127 [Listener at 127.0.0.1/39113] INFO  http.HttpServer2 (HttpServer2.java:addFilter(1015)) - Added filter static_user_filter (class=org.apache.hadoop.http.lib.StaticUserWebFilter$StaticUserFilter) to context static
2022-10-11 08:12:41,128 [Listener at 127.0.0.1/39113] INFO  http.HttpServer2 (HttpServer2.java:bindListener(1250)) - Jetty bound to port 44425
2022-10-11 08:12:41,128 [Listener at 127.0.0.1/39113] INFO  server.Server (Server.java:doStart(375)) - jetty-9.4.43.v20210629; built: 2021-06-30T11:07:22.254Z; git: 526006ecfa3af7f1a27ef3a288e2bef7ea9dd7e8; jvm 1.8.0_345-b01
2022-10-11 08:12:41,160 [Listener at 127.0.0.1/39113] INFO  server.session (DefaultSessionIdManager.java:doStart(334)) - DefaultSessionIdManager workerName=node0
2022-10-11 08:12:41,161 [Listener at 127.0.0.1/39113] INFO  server.session (DefaultSessionIdManager.java:doStart(339)) - No SessionScavenger set, using defaults
2022-10-11 08:12:41,161 [Listener at 127.0.0.1/39113] INFO  server.session (HouseKeeper.java:startScavenging(132)) - node0 Scavenging every 600000ms
2022-10-11 08:12:41,162 [Listener at 127.0.0.1/39113] INFO  handler.ContextHandler (ContextHandler.java:doStart(915)) - Started o.e.j.s.ServletContextHandler@6bdc486b{logs,/logs,file:///home/runner/work/ozone/ozone/hadoop-ozone/integration-test/target/log,AVAILABLE}
2022-10-11 08:12:41,162 [Listener at 127.0.0.1/39113] INFO  handler.ContextHandler (ContextHandler.java:doStart(915)) - Started o.e.j.s.ServletContextHandler@698b0a1c{static,/static,jar:file:/home/runner/.m2/repository/org/apache/ozone/hdds-container-service/1.3.0-SNAPSHOT/hdds-container-service-1.3.0-SNAPSHOT.jar!/webapps/static,AVAILABLE}
2022-10-11 08:12:41,166 [om1@group-C5BA1605619E-LeaderElection1] INFO  segmented.SegmentedRaftLogWorker (SegmentedRaftLogWorker.java:startLogSegment(425)) - om1@group-C5BA1605619E-SegmentedRaftLogWorker: Starting segment from index:0
2022-10-11 08:12:41,224 [om1@group-C5BA1605619E-LeaderElection1] INFO  server.RaftServer$Division (ServerState.java:setRaftConf(393)) - om1@group-C5BA1605619E: set configuration 0: [om1|rpc:localhost:9872|admin:|client:|dataStream:|priority:0], old=null
2022-10-11 08:12:41,282 [om1@group-C5BA1605619E-SegmentedRaftLogWorker] INFO  segmented.SegmentedRaftLogWorker (SegmentedRaftLogWorker.java:execute(629)) - om1@group-C5BA1605619E-SegmentedRaftLogWorker: created new log segment /home/runner/work/ozone/ozone/hadoop-ozone/integration-test/target/test-dir/MiniOzoneClusterImpl-a7be04a2-0db3-4748-8f74-6a3cfa6a7101/ozone-meta/ratis/bf265839-605b-3f16-9796-c5ba1605619e/current/log_inprogress_0
2022-10-11 08:12:41,404 [Listener at 127.0.0.1/39113] INFO  handler.ContextHandler (ContextHandler.java:doStart(915)) - Started o.e.j.w.WebAppContext@6ab1e8f4{hddsDatanode,/,file:///tmp/jetty-0_0_0_0-44425-hdds-container-service-1_3_0-SNAPSHOT_jar-_-any-4419385738807529313/webapp/,AVAILABLE}{jar:file:/home/runner/.m2/repository/org/apache/ozone/hdds-container-service/1.3.0-SNAPSHOT/hdds-container-service-1.3.0-SNAPSHOT.jar!/webapps/hddsDatanode}
2022-10-11 08:12:41,405 [Listener at 127.0.0.1/39113] INFO  server.AbstractConnector (AbstractConnector.java:doStart(331)) - Started ServerConnector@f0ca75{HTTP/1.1, (http/1.1)}{0.0.0.0:44425}
2022-10-11 08:12:41,406 [Listener at 127.0.0.1/39113] INFO  server.Server (Server.java:doStart(415)) - Started @8590ms
2022-10-11 08:12:41,406 [Listener at 127.0.0.1/39113] WARN  impl.MetricsSystemImpl (MetricsSystemImpl.java:register(279)) - Sink prometheus already exists!
2022-10-11 08:12:41,407 [Listener at 127.0.0.1/39113] INFO  http.BaseHttpServer (BaseHttpServer.java:updateConnectorAddress(333)) - HTTP server of hddsDatanode listening at http://0.0.0.0:44425
2022-10-11 08:12:41,411 [om1@group-C5BA1605619E-StateMachineUpdater] INFO  ratis.OzoneManagerStateMachine (OzoneManagerStateMachine.java:notifyConfigurationChanged(192)) - Received Configuration change notification from Ratis. New Peer list:
[id: "om1"
address: "localhost:9872"
]
2022-10-11 08:12:41,412 [Listener at 127.0.0.1/39113] WARN  impl.MetricRegistriesImpl (MetricRegistriesImpl.java:addReporterRegistration(111)) - New reporters are added after registries were created. Some metrics will be missing from the reporter. Please add reporter before adding any new registry.
2022-10-11 08:12:41,412 [Listener at 127.0.0.1/39113] WARN  impl.MetricRegistriesImpl (MetricRegistriesImpl.java:addReporterRegistration(111)) - New reporters are added after registries were created. Some metrics will be missing from the reporter. Please add reporter before adding any new registry.
2022-10-11 08:12:41,413 [Listener at 127.0.0.1/39113] INFO  impl.MetricsSystemImpl (MetricsSystemImpl.java:init(158)) - HddsDatanode metrics system started (again)
2022-10-11 08:12:41,419 [Datanode State Machine Daemon Thread] INFO  statemachine.DatanodeStateMachine (DatanodeStateMachine.java:lambda$startDaemon$0(492)) - Ozone container server started.
2022-10-11 08:12:41,425 [Listener at 127.0.0.1/39113] INFO  ozone.HddsDatanodeService (HddsDatanodeService.java:start(236)) - HddsDatanodeService host:fv-az208-128.kmgg0fu2myoezeajip4j0sfi3d.cx.internal.cloudapp.net ip:10.1.0.76
2022-10-11 08:12:41,451 [org.apache.hadoop.util.JvmPauseMonitor$Monitor@1541dad4] INFO  util.JvmPauseMonitor (JvmPauseMonitor.java:run(188)) - Starting JVM pause monitor
2022-10-11 08:12:41,462 [Datanode State Machine Task Thread - 0] INFO  datanode.InitDatanodeState (InitDatanodeState.java:persistContainerDatanodeDetails(138)) - DatanodeDetails is persisted to /home/runner/work/ozone/ozone/hadoop-ozone/integration-test/target/test-dir/MiniOzoneClusterImpl-a7be04a2-0db3-4748-8f74-6a3cfa6a7101/datanode-1/meta/datanode.id
2022-10-11 08:12:41,463 [Listener at 127.0.0.1/39113] INFO  upgrade.AbstractLayoutVersionManager (AbstractLayoutVersionManager.java:init(83)) - Initializing Layout version manager with metadata layout = DATANODE_SCHEMA_V3 (version = 4), software layout = DATANODE_SCHEMA_V3 (version = 4)
2022-10-11 08:12:41,512 [Listener at 127.0.0.1/39113] INFO  reflections.Reflections (Reflections.java:scan(232)) - Reflections took 47 ms to scan 7 urls, producing 137 keys and 328 values 
2022-10-11 08:12:41,513 [Listener at 127.0.0.1/39113] INFO  statemachine.DatanodeStateMachine (DatanodeStateMachine.java:getEndPointTaskThreadPoolSize(237)) - Datanode State Machine Task Thread Pool size 2
2022-10-11 08:12:41,515 [Listener at 127.0.0.1/39113] INFO  volume.HddsVolume (HddsVolume.java:<init>(117)) - Creating HddsVolume: /home/runner/work/ozone/ozone/hadoop-ozone/integration-test/target/test-dir/MiniOzoneClusterImpl-a7be04a2-0db3-4748-8f74-6a3cfa6a7101/datanode-2/data-0/containers/hdds of storage type : DISK capacity : 9223372036854775807
2022-10-11 08:12:41,516 [Listener at 127.0.0.1/39113] INFO  volume.MutableVolumeSet (MutableVolumeSet.java:initializeVolumeSet(174)) - Added Volume : /home/runner/work/ozone/ozone/hadoop-ozone/integration-test/target/test-dir/MiniOzoneClusterImpl-a7be04a2-0db3-4748-8f74-6a3cfa6a7101/datanode-2/data-0/containers/hdds to VolumeSet
2022-10-11 08:12:41,516 [Listener at 127.0.0.1/39113] INFO  volume.ThrottledAsyncChecker (ThrottledAsyncChecker.java:schedule(141)) - Scheduling a check for /home/runner/work/ozone/ozone/hadoop-ozone/integration-test/target/test-dir/MiniOzoneClusterImpl-a7be04a2-0db3-4748-8f74-6a3cfa6a7101/datanode-2/data-0/containers/hdds
2022-10-11 08:12:41,520 [Listener at 127.0.0.1/39113] INFO  volume.StorageVolumeChecker (StorageVolumeChecker.java:checkAllVolumes(202)) - Scheduled health check for volume /home/runner/work/ozone/ozone/hadoop-ozone/integration-test/target/test-dir/MiniOzoneClusterImpl-a7be04a2-0db3-4748-8f74-6a3cfa6a7101/datanode-2/data-0/containers/hdds
2022-10-11 08:12:41,533 [Listener at 127.0.0.1/39113] INFO  volume.MutableVolumeSet (MutableVolumeSet.java:initializeVolumeSet(174)) - Added Volume : /home/runner/work/ozone/ozone/hadoop-ozone/integration-test/target/test-dir/MiniOzoneClusterImpl-a7be04a2-0db3-4748-8f74-6a3cfa6a7101/datanode-2/data/ratis to VolumeSet
2022-10-11 08:12:41,533 [Listener at 127.0.0.1/39113] INFO  volume.ThrottledAsyncChecker (ThrottledAsyncChecker.java:schedule(141)) - Scheduling a check for /home/runner/work/ozone/ozone/hadoop-ozone/integration-test/target/test-dir/MiniOzoneClusterImpl-a7be04a2-0db3-4748-8f74-6a3cfa6a7101/datanode-2/data/ratis
2022-10-11 08:12:41,534 [Listener at 127.0.0.1/39113] INFO  volume.StorageVolumeChecker (StorageVolumeChecker.java:checkAllVolumes(202)) - Scheduled health check for volume /home/runner/work/ozone/ozone/hadoop-ozone/integration-test/target/test-dir/MiniOzoneClusterImpl-a7be04a2-0db3-4748-8f74-6a3cfa6a7101/datanode-2/data/ratis
2022-10-11 08:12:41,545 [Thread-164] INFO  ozoneimpl.ContainerReader (ContainerReader.java:readVolume(175)) - Finish verifying containers on volume /home/runner/work/ozone/ozone/hadoop-ozone/integration-test/target/test-dir/MiniOzoneClusterImpl-a7be04a2-0db3-4748-8f74-6a3cfa6a7101/datanode-2/data-0/containers/hdds
2022-10-11 08:12:41,546 [Listener at 127.0.0.1/39113] INFO  ozoneimpl.OzoneContainer (OzoneContainer.java:buildContainerSet(300)) - Build ContainerSet costs 0s
2022-10-11 08:12:41,548 [Listener at 127.0.0.1/39113] INFO  server.RaftServer (ConfUtils.java:logGet(46)) - raft.rpc.type = GRPC (default)
2022-10-11 08:12:41,549 [Listener at 127.0.0.1/39113] INFO  grpc.GrpcFactory (GrpcFactory.java:checkPooledByteBufAllocatorUseCacheForAllThreads(48)) - PERFORMANCE WARNING: useCacheForAllThreads is true that may cause Netty to create a lot garbage objects and, as a result, trigger GC.
	It is recommended to disable useCacheForAllThreads by setting -Dorg.apache.ratis.thirdparty.io.netty.allocator.useCacheForAllThreads=false in command line.
2022-10-11 08:12:41,549 [Listener at 127.0.0.1/39113] INFO  grpc.GrpcConfigKeys (ConfUtils.java:logGet(46)) - raft.grpc.admin.port = 0 (custom)
2022-10-11 08:12:41,549 [Listener at 127.0.0.1/39113] INFO  grpc.GrpcConfigKeys (ConfUtils.java:logGet(46)) - raft.grpc.client.port = 0 (custom)
2022-10-11 08:12:41,549 [Listener at 127.0.0.1/39113] INFO  grpc.GrpcConfigKeys (ConfUtils.java:logGet(46)) - raft.grpc.server.port = 0 (default)
2022-10-11 08:12:41,549 [Listener at 127.0.0.1/39113] INFO  server.GrpcService (ConfUtils.java:logGet(46)) - raft.grpc.message.size.max = 32MB (=33554432) (custom)
2022-10-11 08:12:41,549 [Listener at 127.0.0.1/39113] INFO  server.RaftServerConfigKeys (ConfUtils.java:logGet(46)) - raft.server.log.appender.buffer.byte-limit = 33554432 (custom)
2022-10-11 08:12:41,549 [Listener at 127.0.0.1/39113] INFO  server.GrpcService (ConfUtils.java:logGet(46)) - raft.grpc.flow.control.window = 5MB (=5242880) (custom)
2022-10-11 08:12:41,550 [Listener at 127.0.0.1/39113] INFO  server.RaftServerConfigKeys (ConfUtils.java:logGet(46)) - raft.server.rpc.request.timeout = 60s (custom)
2022-10-11 08:12:41,550 [Listener at 127.0.0.1/39113] INFO  grpc.GrpcConfigKeys (ConfUtils.java:logGet(46)) - raft.grpc.server.async.request.thread.pool.cached = true (default)
2022-10-11 08:12:41,550 [Listener at 127.0.0.1/39113] INFO  grpc.GrpcConfigKeys (ConfUtils.java:logGet(46)) - raft.grpc.server.async.request.thread.pool.size = 32 (default)
2022-10-11 08:12:41,551 [Listener at 127.0.0.1/39113] INFO  impl.DataStreamServerImpl (ConfUtils.java:logGet(46)) - raft.datastream.type = DISABLED (default)
2022-10-11 08:12:41,551 [Listener at 127.0.0.1/39113] INFO  server.RaftServerConfigKeys (ConfUtils.java:logGet(46)) - raft.server.threadpool.proxy.cached = true (default)
2022-10-11 08:12:41,551 [Listener at 127.0.0.1/39113] INFO  server.RaftServerConfigKeys (ConfUtils.java:logGet(46)) - raft.server.threadpool.proxy.size = 0 (default)
2022-10-11 08:12:41,552 [Listener at 127.0.0.1/39113] INFO  server.RaftServerConfigKeys (ConfUtils.java:logGet(46)) - raft.server.rpc.slowness.timeout = 300s (custom)
2022-10-11 08:12:41,552 [Listener at 127.0.0.1/39113] INFO  server.RaftServerConfigKeys (ConfUtils.java:logGet(46)) - raft.server.leaderelection.leader.step-down.wait-time = 10s (default)
2022-10-11 08:12:41,552 [Listener at 127.0.0.1/39113] INFO  server.RaftServerConfigKeys (ConfUtils.java:logGet(46)) - raft.server.storage.dir = [/home/runner/work/ozone/ozone/hadoop-ozone/integration-test/target/test-dir/MiniOzoneClusterImpl-a7be04a2-0db3-4748-8f74-6a3cfa6a7101/datanode-2/data/ratis] (custom)
2022-10-11 08:12:41,556 [Listener at 127.0.0.1/39113] INFO  server.XceiverServerGrpc (XceiverServerGrpc.java:<init>(132)) - GrpcServer channel type EpollServerSocketChannel
2022-10-11 08:12:41,564 [Listener at 127.0.0.1/39113] INFO  http.BaseHttpServer (BaseHttpServer.java:newHttpServer2BuilderForOzone(213)) - Starting Web-server for hddsDatanode at: http://0.0.0.0:0
2022-10-11 08:12:41,565 [Listener at 127.0.0.1/39113] INFO  http.BaseHttpServer (BaseHttpServer.java:<init>(108)) - Hadoop Security Enabled: false Ozone Security Enabled: false Ozone HTTP Security Enabled: false 
2022-10-11 08:12:41,566 [Listener at 127.0.0.1/39113] INFO  server.AuthenticationFilter (AuthenticationFilter.java:constructSecretProvider(240)) - Unable to initialize FileSignerSecretProvider, falling back to use random secrets.
2022-10-11 08:12:41,567 [Listener at 127.0.0.1/39113] WARN  http.HttpRequestLog (HttpRequestLog.java:getRequestLog(103)) - Jetty request log can only be enabled using Log4j
2022-10-11 08:12:41,568 [Listener at 127.0.0.1/39113] INFO  http.HttpServer2 (HttpServer2.java:addGlobalFilter(1031)) - Added global filter 'safety' (class=org.apache.hadoop.hdds.server.http.HttpServer2$QuotingInputFilter)
2022-10-11 08:12:41,569 [Listener at 127.0.0.1/39113] INFO  http.HttpServer2 (HttpServer2.java:addFilter(1007)) - Added filter static_user_filter (class=org.apache.hadoop.http.lib.StaticUserWebFilter$StaticUserFilter) to context hddsDatanode
2022-10-11 08:12:41,569 [Listener at 127.0.0.1/39113] INFO  http.HttpServer2 (HttpServer2.java:addFilter(1015)) - Added filter static_user_filter (class=org.apache.hadoop.http.lib.StaticUserWebFilter$StaticUserFilter) to context logs
2022-10-11 08:12:41,569 [Listener at 127.0.0.1/39113] INFO  http.HttpServer2 (HttpServer2.java:addFilter(1015)) - Added filter static_user_filter (class=org.apache.hadoop.http.lib.StaticUserWebFilter$StaticUserFilter) to context static
2022-10-11 08:12:41,570 [Listener at 127.0.0.1/39113] INFO  http.HttpServer2 (HttpServer2.java:bindListener(1250)) - Jetty bound to port 43127
2022-10-11 08:12:41,570 [Listener at 127.0.0.1/39113] INFO  server.Server (Server.java:doStart(375)) - jetty-9.4.43.v20210629; built: 2021-06-30T11:07:22.254Z; git: 526006ecfa3af7f1a27ef3a288e2bef7ea9dd7e8; jvm 1.8.0_345-b01
2022-10-11 08:12:41,574 [Listener at 127.0.0.1/39113] INFO  server.session (DefaultSessionIdManager.java:doStart(334)) - DefaultSessionIdManager workerName=node0
2022-10-11 08:12:41,574 [Listener at 127.0.0.1/39113] INFO  server.session (DefaultSessionIdManager.java:doStart(339)) - No SessionScavenger set, using defaults
2022-10-11 08:12:41,574 [Listener at 127.0.0.1/39113] INFO  server.session (HouseKeeper.java:startScavenging(132)) - node0 Scavenging every 660000ms
2022-10-11 08:12:41,575 [Listener at 127.0.0.1/39113] INFO  handler.ContextHandler (ContextHandler.java:doStart(915)) - Started o.e.j.s.ServletContextHandler@59489572{logs,/logs,file:///home/runner/work/ozone/ozone/hadoop-ozone/integration-test/target/log,AVAILABLE}
2022-10-11 08:12:41,576 [Listener at 127.0.0.1/39113] INFO  handler.ContextHandler (ContextHandler.java:doStart(915)) - Started o.e.j.s.ServletContextHandler@41bb9bf6{static,/static,jar:file:/home/runner/.m2/repository/org/apache/ozone/hdds-container-service/1.3.0-SNAPSHOT/hdds-container-service-1.3.0-SNAPSHOT.jar!/webapps/static,AVAILABLE}
2022-10-11 08:12:41,757 [Listener at 127.0.0.1/39113] INFO  handler.ContextHandler (ContextHandler.java:doStart(915)) - Started o.e.j.w.WebAppContext@1c35bf43{hddsDatanode,/,file:///tmp/jetty-0_0_0_0-43127-hdds-container-service-1_3_0-SNAPSHOT_jar-_-any-4145585747724943859/webapp/,AVAILABLE}{jar:file:/home/runner/.m2/repository/org/apache/ozone/hdds-container-service/1.3.0-SNAPSHOT/hdds-container-service-1.3.0-SNAPSHOT.jar!/webapps/hddsDatanode}
2022-10-11 08:12:41,758 [Listener at 127.0.0.1/39113] INFO  server.AbstractConnector (AbstractConnector.java:doStart(331)) - Started ServerConnector@504b0a70{HTTP/1.1, (http/1.1)}{0.0.0.0:43127}
2022-10-11 08:12:41,758 [Listener at 127.0.0.1/39113] INFO  server.Server (Server.java:doStart(415)) - Started @8942ms
2022-10-11 08:12:41,759 [Listener at 127.0.0.1/39113] WARN  impl.MetricsSystemImpl (MetricsSystemImpl.java:register(279)) - Sink prometheus already exists!
2022-10-11 08:12:41,759 [Listener at 127.0.0.1/39113] INFO  http.BaseHttpServer (BaseHttpServer.java:updateConnectorAddress(333)) - HTTP server of hddsDatanode listening at http://0.0.0.0:43127
2022-10-11 08:12:41,760 [Datanode State Machine Daemon Thread] INFO  statemachine.DatanodeStateMachine (DatanodeStateMachine.java:lambda$startDaemon$0(492)) - Ozone container server started.
2022-10-11 08:12:41,760 [Listener at 127.0.0.1/39113] WARN  impl.MetricRegistriesImpl (MetricRegistriesImpl.java:addReporterRegistration(111)) - New reporters are added after registries were created. Some metrics will be missing from the reporter. Please add reporter before adding any new registry.
2022-10-11 08:12:41,763 [Listener at 127.0.0.1/39113] WARN  impl.MetricRegistriesImpl (MetricRegistriesImpl.java:addReporterRegistration(111)) - New reporters are added after registries were created. Some metrics will be missing from the reporter. Please add reporter before adding any new registry.
2022-10-11 08:12:41,764 [Listener at 127.0.0.1/39113] INFO  impl.MetricsSystemImpl (MetricsSystemImpl.java:init(158)) - HddsDatanode metrics system started (again)
2022-10-11 08:12:41,776 [Listener at 127.0.0.1/39113] INFO  ozone.HddsDatanodeService (HddsDatanodeService.java:start(236)) - HddsDatanodeService host:fv-az208-128.kmgg0fu2myoezeajip4j0sfi3d.cx.internal.cloudapp.net ip:10.1.0.76
2022-10-11 08:12:41,777 [org.apache.hadoop.util.JvmPauseMonitor$Monitor@43d0a2f1] INFO  util.JvmPauseMonitor (JvmPauseMonitor.java:run(188)) - Starting JVM pause monitor
2022-10-11 08:12:41,792 [Datanode State Machine Task Thread - 0] INFO  datanode.InitDatanodeState (InitDatanodeState.java:persistContainerDatanodeDetails(138)) - DatanodeDetails is persisted to /home/runner/work/ozone/ozone/hadoop-ozone/integration-test/target/test-dir/MiniOzoneClusterImpl-a7be04a2-0db3-4748-8f74-6a3cfa6a7101/datanode-2/meta/datanode.id
2022-10-11 08:12:41,813 [Listener at 127.0.0.1/39113] INFO  upgrade.AbstractLayoutVersionManager (AbstractLayoutVersionManager.java:init(83)) - Initializing Layout version manager with metadata layout = DATANODE_SCHEMA_V3 (version = 4), software layout = DATANODE_SCHEMA_V3 (version = 4)
2022-10-11 08:12:41,860 [Listener at 127.0.0.1/39113] INFO  reflections.Reflections (Reflections.java:scan(232)) - Reflections took 46 ms to scan 7 urls, producing 137 keys and 328 values 
2022-10-11 08:12:41,862 [Listener at 127.0.0.1/39113] INFO  statemachine.DatanodeStateMachine (DatanodeStateMachine.java:getEndPointTaskThreadPoolSize(237)) - Datanode State Machine Task Thread Pool size 2
2022-10-11 08:12:41,868 [Listener at 127.0.0.1/39113] INFO  volume.HddsVolume (HddsVolume.java:<init>(117)) - Creating HddsVolume: /home/runner/work/ozone/ozone/hadoop-ozone/integration-test/target/test-dir/MiniOzoneClusterImpl-a7be04a2-0db3-4748-8f74-6a3cfa6a7101/datanode-3/data-0/containers/hdds of storage type : DISK capacity : 9223372036854775807
2022-10-11 08:12:41,868 [Listener at 127.0.0.1/39113] INFO  volume.MutableVolumeSet (MutableVolumeSet.java:initializeVolumeSet(174)) - Added Volume : /home/runner/work/ozone/ozone/hadoop-ozone/integration-test/target/test-dir/MiniOzoneClusterImpl-a7be04a2-0db3-4748-8f74-6a3cfa6a7101/datanode-3/data-0/containers/hdds to VolumeSet
2022-10-11 08:12:41,868 [Listener at 127.0.0.1/39113] INFO  volume.ThrottledAsyncChecker (ThrottledAsyncChecker.java:schedule(141)) - Scheduling a check for /home/runner/work/ozone/ozone/hadoop-ozone/integration-test/target/test-dir/MiniOzoneClusterImpl-a7be04a2-0db3-4748-8f74-6a3cfa6a7101/datanode-3/data-0/containers/hdds
2022-10-11 08:12:41,868 [Listener at 127.0.0.1/39113] INFO  volume.StorageVolumeChecker (StorageVolumeChecker.java:checkAllVolumes(202)) - Scheduled health check for volume /home/runner/work/ozone/ozone/hadoop-ozone/integration-test/target/test-dir/MiniOzoneClusterImpl-a7be04a2-0db3-4748-8f74-6a3cfa6a7101/datanode-3/data-0/containers/hdds
2022-10-11 08:12:41,880 [Listener at 127.0.0.1/39113] INFO  volume.MutableVolumeSet (MutableVolumeSet.java:initializeVolumeSet(174)) - Added Volume : /home/runner/work/ozone/ozone/hadoop-ozone/integration-test/target/test-dir/MiniOzoneClusterImpl-a7be04a2-0db3-4748-8f74-6a3cfa6a7101/datanode-3/data/ratis to VolumeSet
2022-10-11 08:12:41,880 [Listener at 127.0.0.1/39113] INFO  volume.ThrottledAsyncChecker (ThrottledAsyncChecker.java:schedule(141)) - Scheduling a check for /home/runner/work/ozone/ozone/hadoop-ozone/integration-test/target/test-dir/MiniOzoneClusterImpl-a7be04a2-0db3-4748-8f74-6a3cfa6a7101/datanode-3/data/ratis
2022-10-11 08:12:41,880 [Listener at 127.0.0.1/39113] INFO  volume.StorageVolumeChecker (StorageVolumeChecker.java:checkAllVolumes(202)) - Scheduled health check for volume /home/runner/work/ozone/ozone/hadoop-ozone/integration-test/target/test-dir/MiniOzoneClusterImpl-a7be04a2-0db3-4748-8f74-6a3cfa6a7101/datanode-3/data/ratis
2022-10-11 08:12:41,891 [Thread-177] INFO  ozoneimpl.ContainerReader (ContainerReader.java:readVolume(175)) - Finish verifying containers on volume /home/runner/work/ozone/ozone/hadoop-ozone/integration-test/target/test-dir/MiniOzoneClusterImpl-a7be04a2-0db3-4748-8f74-6a3cfa6a7101/datanode-3/data-0/containers/hdds
2022-10-11 08:12:41,891 [Listener at 127.0.0.1/39113] INFO  ozoneimpl.OzoneContainer (OzoneContainer.java:buildContainerSet(300)) - Build ContainerSet costs 0s
2022-10-11 08:12:41,894 [Listener at 127.0.0.1/39113] INFO  server.RaftServer (ConfUtils.java:logGet(46)) - raft.rpc.type = GRPC (default)
2022-10-11 08:12:41,894 [Listener at 127.0.0.1/39113] INFO  grpc.GrpcFactory (GrpcFactory.java:checkPooledByteBufAllocatorUseCacheForAllThreads(48)) - PERFORMANCE WARNING: useCacheForAllThreads is true that may cause Netty to create a lot garbage objects and, as a result, trigger GC.
	It is recommended to disable useCacheForAllThreads by setting -Dorg.apache.ratis.thirdparty.io.netty.allocator.useCacheForAllThreads=false in command line.
2022-10-11 08:12:41,894 [Listener at 127.0.0.1/39113] INFO  grpc.GrpcConfigKeys (ConfUtils.java:logGet(46)) - raft.grpc.admin.port = 0 (custom)
2022-10-11 08:12:41,894 [Listener at 127.0.0.1/39113] INFO  grpc.GrpcConfigKeys (ConfUtils.java:logGet(46)) - raft.grpc.client.port = 0 (custom)
2022-10-11 08:12:41,894 [Listener at 127.0.0.1/39113] INFO  grpc.GrpcConfigKeys (ConfUtils.java:logGet(46)) - raft.grpc.server.port = 0 (default)
2022-10-11 08:12:41,894 [Listener at 127.0.0.1/39113] INFO  server.GrpcService (ConfUtils.java:logGet(46)) - raft.grpc.message.size.max = 32MB (=33554432) (custom)
2022-10-11 08:12:41,894 [Listener at 127.0.0.1/39113] INFO  server.RaftServerConfigKeys (ConfUtils.java:logGet(46)) - raft.server.log.appender.buffer.byte-limit = 33554432 (custom)
2022-10-11 08:12:41,895 [Listener at 127.0.0.1/39113] INFO  server.GrpcService (ConfUtils.java:logGet(46)) - raft.grpc.flow.control.window = 5MB (=5242880) (custom)
2022-10-11 08:12:41,895 [Listener at 127.0.0.1/39113] INFO  server.RaftServerConfigKeys (ConfUtils.java:logGet(46)) - raft.server.rpc.request.timeout = 60s (custom)
2022-10-11 08:12:41,895 [Listener at 127.0.0.1/39113] INFO  grpc.GrpcConfigKeys (ConfUtils.java:logGet(46)) - raft.grpc.server.async.request.thread.pool.cached = true (default)
2022-10-11 08:12:41,895 [Listener at 127.0.0.1/39113] INFO  grpc.GrpcConfigKeys (ConfUtils.java:logGet(46)) - raft.grpc.server.async.request.thread.pool.size = 32 (default)
2022-10-11 08:12:41,896 [Listener at 127.0.0.1/39113] INFO  impl.DataStreamServerImpl (ConfUtils.java:logGet(46)) - raft.datastream.type = DISABLED (default)
2022-10-11 08:12:41,896 [Listener at 127.0.0.1/39113] INFO  server.RaftServerConfigKeys (ConfUtils.java:logGet(46)) - raft.server.threadpool.proxy.cached = true (default)
2022-10-11 08:12:41,896 [Listener at 127.0.0.1/39113] INFO  server.RaftServerConfigKeys (ConfUtils.java:logGet(46)) - raft.server.threadpool.proxy.size = 0 (default)
2022-10-11 08:12:41,896 [Listener at 127.0.0.1/39113] INFO  server.RaftServerConfigKeys (ConfUtils.java:logGet(46)) - raft.server.rpc.slowness.timeout = 300s (custom)
2022-10-11 08:12:41,897 [Listener at 127.0.0.1/39113] INFO  server.RaftServerConfigKeys (ConfUtils.java:logGet(46)) - raft.server.leaderelection.leader.step-down.wait-time = 10s (default)
2022-10-11 08:12:41,897 [Listener at 127.0.0.1/39113] INFO  server.RaftServerConfigKeys (ConfUtils.java:logGet(46)) - raft.server.storage.dir = [/home/runner/work/ozone/ozone/hadoop-ozone/integration-test/target/test-dir/MiniOzoneClusterImpl-a7be04a2-0db3-4748-8f74-6a3cfa6a7101/datanode-3/data/ratis] (custom)
2022-10-11 08:12:41,899 [Listener at 127.0.0.1/39113] INFO  server.XceiverServerGrpc (XceiverServerGrpc.java:<init>(132)) - GrpcServer channel type EpollServerSocketChannel
2022-10-11 08:12:41,909 [Listener at 127.0.0.1/39113] INFO  http.BaseHttpServer (BaseHttpServer.java:newHttpServer2BuilderForOzone(213)) - Starting Web-server for hddsDatanode at: http://0.0.0.0:0
2022-10-11 08:12:41,909 [Listener at 127.0.0.1/39113] INFO  http.BaseHttpServer (BaseHttpServer.java:<init>(108)) - Hadoop Security Enabled: false Ozone Security Enabled: false Ozone HTTP Security Enabled: false 
2022-10-11 08:12:41,911 [Listener at 127.0.0.1/39113] INFO  server.AuthenticationFilter (AuthenticationFilter.java:constructSecretProvider(240)) - Unable to initialize FileSignerSecretProvider, falling back to use random secrets.
2022-10-11 08:12:41,912 [Listener at 127.0.0.1/39113] WARN  http.HttpRequestLog (HttpRequestLog.java:getRequestLog(103)) - Jetty request log can only be enabled using Log4j
2022-10-11 08:12:41,913 [Listener at 127.0.0.1/39113] INFO  http.HttpServer2 (HttpServer2.java:addGlobalFilter(1031)) - Added global filter 'safety' (class=org.apache.hadoop.hdds.server.http.HttpServer2$QuotingInputFilter)
2022-10-11 08:12:41,913 [Listener at 127.0.0.1/39113] INFO  http.HttpServer2 (HttpServer2.java:addFilter(1007)) - Added filter static_user_filter (class=org.apache.hadoop.http.lib.StaticUserWebFilter$StaticUserFilter) to context hddsDatanode
2022-10-11 08:12:41,914 [Listener at 127.0.0.1/39113] INFO  http.HttpServer2 (HttpServer2.java:addFilter(1015)) - Added filter static_user_filter (class=org.apache.hadoop.http.lib.StaticUserWebFilter$StaticUserFilter) to context static
2022-10-11 08:12:41,914 [Listener at 127.0.0.1/39113] INFO  http.HttpServer2 (HttpServer2.java:addFilter(1015)) - Added filter static_user_filter (class=org.apache.hadoop.http.lib.StaticUserWebFilter$StaticUserFilter) to context logs
2022-10-11 08:12:41,914 [Listener at 127.0.0.1/39113] INFO  http.HttpServer2 (HttpServer2.java:bindListener(1250)) - Jetty bound to port 33675
2022-10-11 08:12:41,914 [Listener at 127.0.0.1/39113] INFO  server.Server (Server.java:doStart(375)) - jetty-9.4.43.v20210629; built: 2021-06-30T11:07:22.254Z; git: 526006ecfa3af7f1a27ef3a288e2bef7ea9dd7e8; jvm 1.8.0_345-b01
2022-10-11 08:12:41,918 [Listener at 127.0.0.1/39113] INFO  server.session (DefaultSessionIdManager.java:doStart(334)) - DefaultSessionIdManager workerName=node0
2022-10-11 08:12:41,918 [Listener at 127.0.0.1/39113] INFO  server.session (DefaultSessionIdManager.java:doStart(339)) - No SessionScavenger set, using defaults
2022-10-11 08:12:41,918 [Listener at 127.0.0.1/39113] INFO  server.session (HouseKeeper.java:startScavenging(132)) - node0 Scavenging every 660000ms
2022-10-11 08:12:41,919 [Listener at 127.0.0.1/39113] INFO  handler.ContextHandler (ContextHandler.java:doStart(915)) - Started o.e.j.s.ServletContextHandler@7b5f32be{logs,/logs,file:///home/runner/work/ozone/ozone/hadoop-ozone/integration-test/target/log,AVAILABLE}
2022-10-11 08:12:41,919 [Listener at 127.0.0.1/39113] INFO  handler.ContextHandler (ContextHandler.java:doStart(915)) - Started o.e.j.s.ServletContextHandler@50a9fa29{static,/static,jar:file:/home/runner/.m2/repository/org/apache/ozone/hdds-container-service/1.3.0-SNAPSHOT/hdds-container-service-1.3.0-SNAPSHOT.jar!/webapps/static,AVAILABLE}
2022-10-11 08:12:42,073 [Listener at 127.0.0.1/39113] INFO  handler.ContextHandler (ContextHandler.java:doStart(915)) - Started o.e.j.w.WebAppContext@630d4d7f{hddsDatanode,/,file:///tmp/jetty-0_0_0_0-33675-hdds-container-service-1_3_0-SNAPSHOT_jar-_-any-2779049059136143259/webapp/,AVAILABLE}{jar:file:/home/runner/.m2/repository/org/apache/ozone/hdds-container-service/1.3.0-SNAPSHOT/hdds-container-service-1.3.0-SNAPSHOT.jar!/webapps/hddsDatanode}
2022-10-11 08:12:42,075 [Listener at 127.0.0.1/39113] INFO  server.AbstractConnector (AbstractConnector.java:doStart(331)) - Started ServerConnector@a1dbbf4{HTTP/1.1, (http/1.1)}{0.0.0.0:33675}
2022-10-11 08:12:42,075 [Listener at 127.0.0.1/39113] INFO  server.Server (Server.java:doStart(415)) - Started @9259ms
2022-10-11 08:12:42,075 [Listener at 127.0.0.1/39113] WARN  impl.MetricsSystemImpl (MetricsSystemImpl.java:register(279)) - Sink prometheus already exists!
2022-10-11 08:12:42,078 [Listener at 127.0.0.1/39113] INFO  http.BaseHttpServer (BaseHttpServer.java:updateConnectorAddress(333)) - HTTP server of hddsDatanode listening at http://0.0.0.0:33675
2022-10-11 08:12:42,079 [Listener at 127.0.0.1/39113] WARN  impl.MetricRegistriesImpl (MetricRegistriesImpl.java:addReporterRegistration(111)) - New reporters are added after registries were created. Some metrics will be missing from the reporter. Please add reporter before adding any new registry.
2022-10-11 08:12:42,079 [Listener at 127.0.0.1/39113] WARN  impl.MetricRegistriesImpl (MetricRegistriesImpl.java:addReporterRegistration(111)) - New reporters are added after registries were created. Some metrics will be missing from the reporter. Please add reporter before adding any new registry.
2022-10-11 08:12:42,079 [Listener at 127.0.0.1/39113] INFO  impl.MetricsSystemImpl (MetricsSystemImpl.java:init(158)) - HddsDatanode metrics system started (again)
2022-10-11 08:12:42,086 [Datanode State Machine Daemon Thread] INFO  statemachine.DatanodeStateMachine (DatanodeStateMachine.java:lambda$startDaemon$0(492)) - Ozone container server started.
2022-10-11 08:12:42,094 [Listener at 127.0.0.1/39113] INFO  ozone.HddsDatanodeService (HddsDatanodeService.java:start(236)) - HddsDatanodeService host:fv-az208-128.kmgg0fu2myoezeajip4j0sfi3d.cx.internal.cloudapp.net ip:10.1.0.76
2022-10-11 08:12:42,095 [org.apache.hadoop.util.JvmPauseMonitor$Monitor@73df03a8] INFO  util.JvmPauseMonitor (JvmPauseMonitor.java:run(188)) - Starting JVM pause monitor
2022-10-11 08:12:42,100 [Datanode State Machine Task Thread - 0] INFO  datanode.InitDatanodeState (InitDatanodeState.java:persistContainerDatanodeDetails(138)) - DatanodeDetails is persisted to /home/runner/work/ozone/ozone/hadoop-ozone/integration-test/target/test-dir/MiniOzoneClusterImpl-a7be04a2-0db3-4748-8f74-6a3cfa6a7101/datanode-3/meta/datanode.id
2022-10-11 08:12:42,112 [Listener at 127.0.0.1/39113] INFO  upgrade.AbstractLayoutVersionManager (AbstractLayoutVersionManager.java:init(83)) - Initializing Layout version manager with metadata layout = DATANODE_SCHEMA_V3 (version = 4), software layout = DATANODE_SCHEMA_V3 (version = 4)
2022-10-11 08:12:42,151 [Listener at 127.0.0.1/39113] INFO  reflections.Reflections (Reflections.java:scan(232)) - Reflections took 37 ms to scan 7 urls, producing 137 keys and 328 values 
2022-10-11 08:12:42,153 [Listener at 127.0.0.1/39113] INFO  statemachine.DatanodeStateMachine (DatanodeStateMachine.java:getEndPointTaskThreadPoolSize(237)) - Datanode State Machine Task Thread Pool size 2
2022-10-11 08:12:42,155 [Listener at 127.0.0.1/39113] INFO  volume.HddsVolume (HddsVolume.java:<init>(117)) - Creating HddsVolume: /home/runner/work/ozone/ozone/hadoop-ozone/integration-test/target/test-dir/MiniOzoneClusterImpl-a7be04a2-0db3-4748-8f74-6a3cfa6a7101/datanode-4/data-0/containers/hdds of storage type : DISK capacity : 9223372036854775807
2022-10-11 08:12:42,155 [Listener at 127.0.0.1/39113] INFO  volume.MutableVolumeSet (MutableVolumeSet.java:initializeVolumeSet(174)) - Added Volume : /home/runner/work/ozone/ozone/hadoop-ozone/integration-test/target/test-dir/MiniOzoneClusterImpl-a7be04a2-0db3-4748-8f74-6a3cfa6a7101/datanode-4/data-0/containers/hdds to VolumeSet
2022-10-11 08:12:42,156 [Listener at 127.0.0.1/39113] INFO  volume.ThrottledAsyncChecker (ThrottledAsyncChecker.java:schedule(141)) - Scheduling a check for /home/runner/work/ozone/ozone/hadoop-ozone/integration-test/target/test-dir/MiniOzoneClusterImpl-a7be04a2-0db3-4748-8f74-6a3cfa6a7101/datanode-4/data-0/containers/hdds
2022-10-11 08:12:42,158 [Listener at 127.0.0.1/39113] INFO  volume.StorageVolumeChecker (StorageVolumeChecker.java:checkAllVolumes(202)) - Scheduled health check for volume /home/runner/work/ozone/ozone/hadoop-ozone/integration-test/target/test-dir/MiniOzoneClusterImpl-a7be04a2-0db3-4748-8f74-6a3cfa6a7101/datanode-4/data-0/containers/hdds
2022-10-11 08:12:42,168 [Listener at 127.0.0.1/39113] INFO  volume.MutableVolumeSet (MutableVolumeSet.java:initializeVolumeSet(174)) - Added Volume : /home/runner/work/ozone/ozone/hadoop-ozone/integration-test/target/test-dir/MiniOzoneClusterImpl-a7be04a2-0db3-4748-8f74-6a3cfa6a7101/datanode-4/data/ratis to VolumeSet
2022-10-11 08:12:42,168 [Listener at 127.0.0.1/39113] INFO  volume.ThrottledAsyncChecker (ThrottledAsyncChecker.java:schedule(141)) - Scheduling a check for /home/runner/work/ozone/ozone/hadoop-ozone/integration-test/target/test-dir/MiniOzoneClusterImpl-a7be04a2-0db3-4748-8f74-6a3cfa6a7101/datanode-4/data/ratis
2022-10-11 08:12:42,168 [Listener at 127.0.0.1/39113] INFO  volume.StorageVolumeChecker (StorageVolumeChecker.java:checkAllVolumes(202)) - Scheduled health check for volume /home/runner/work/ozone/ozone/hadoop-ozone/integration-test/target/test-dir/MiniOzoneClusterImpl-a7be04a2-0db3-4748-8f74-6a3cfa6a7101/datanode-4/data/ratis
2022-10-11 08:12:42,177 [Thread-190] INFO  ozoneimpl.ContainerReader (ContainerReader.java:readVolume(175)) - Finish verifying containers on volume /home/runner/work/ozone/ozone/hadoop-ozone/integration-test/target/test-dir/MiniOzoneClusterImpl-a7be04a2-0db3-4748-8f74-6a3cfa6a7101/datanode-4/data-0/containers/hdds
2022-10-11 08:12:42,177 [Listener at 127.0.0.1/39113] INFO  ozoneimpl.OzoneContainer (OzoneContainer.java:buildContainerSet(300)) - Build ContainerSet costs 0s
2022-10-11 08:12:42,180 [Listener at 127.0.0.1/39113] INFO  server.RaftServer (ConfUtils.java:logGet(46)) - raft.rpc.type = GRPC (default)
2022-10-11 08:12:42,180 [Listener at 127.0.0.1/39113] INFO  grpc.GrpcFactory (GrpcFactory.java:checkPooledByteBufAllocatorUseCacheForAllThreads(48)) - PERFORMANCE WARNING: useCacheForAllThreads is true that may cause Netty to create a lot garbage objects and, as a result, trigger GC.
	It is recommended to disable useCacheForAllThreads by setting -Dorg.apache.ratis.thirdparty.io.netty.allocator.useCacheForAllThreads=false in command line.
2022-10-11 08:12:42,180 [Listener at 127.0.0.1/39113] INFO  grpc.GrpcConfigKeys (ConfUtils.java:logGet(46)) - raft.grpc.admin.port = 0 (custom)
2022-10-11 08:12:42,180 [Listener at 127.0.0.1/39113] INFO  grpc.GrpcConfigKeys (ConfUtils.java:logGet(46)) - raft.grpc.client.port = 0 (custom)
2022-10-11 08:12:42,180 [Listener at 127.0.0.1/39113] INFO  grpc.GrpcConfigKeys (ConfUtils.java:logGet(46)) - raft.grpc.server.port = 0 (default)
2022-10-11 08:12:42,180 [Listener at 127.0.0.1/39113] INFO  server.GrpcService (ConfUtils.java:logGet(46)) - raft.grpc.message.size.max = 32MB (=33554432) (custom)
2022-10-11 08:12:42,180 [Listener at 127.0.0.1/39113] INFO  server.RaftServerConfigKeys (ConfUtils.java:logGet(46)) - raft.server.log.appender.buffer.byte-limit = 33554432 (custom)
2022-10-11 08:12:42,181 [Listener at 127.0.0.1/39113] INFO  server.GrpcService (ConfUtils.java:logGet(46)) - raft.grpc.flow.control.window = 5MB (=5242880) (custom)
2022-10-11 08:12:42,181 [Listener at 127.0.0.1/39113] INFO  server.RaftServerConfigKeys (ConfUtils.java:logGet(46)) - raft.server.rpc.request.timeout = 60s (custom)
2022-10-11 08:12:42,181 [Listener at 127.0.0.1/39113] INFO  grpc.GrpcConfigKeys (ConfUtils.java:logGet(46)) - raft.grpc.server.async.request.thread.pool.cached = true (default)
2022-10-11 08:12:42,181 [Listener at 127.0.0.1/39113] INFO  grpc.GrpcConfigKeys (ConfUtils.java:logGet(46)) - raft.grpc.server.async.request.thread.pool.size = 32 (default)
2022-10-11 08:12:42,182 [Listener at 127.0.0.1/39113] INFO  impl.DataStreamServerImpl (ConfUtils.java:logGet(46)) - raft.datastream.type = DISABLED (default)
2022-10-11 08:12:42,182 [Listener at 127.0.0.1/39113] INFO  server.RaftServerConfigKeys (ConfUtils.java:logGet(46)) - raft.server.threadpool.proxy.cached = true (default)
2022-10-11 08:12:42,182 [Listener at 127.0.0.1/39113] INFO  server.RaftServerConfigKeys (ConfUtils.java:logGet(46)) - raft.server.threadpool.proxy.size = 0 (default)
2022-10-11 08:12:42,182 [Listener at 127.0.0.1/39113] INFO  server.RaftServerConfigKeys (ConfUtils.java:logGet(46)) - raft.server.rpc.slowness.timeout = 300s (custom)
2022-10-11 08:12:42,182 [Listener at 127.0.0.1/39113] INFO  server.RaftServerConfigKeys (ConfUtils.java:logGet(46)) - raft.server.leaderelection.leader.step-down.wait-time = 10s (default)
2022-10-11 08:12:42,182 [Listener at 127.0.0.1/39113] INFO  server.RaftServerConfigKeys (ConfUtils.java:logGet(46)) - raft.server.storage.dir = [/home/runner/work/ozone/ozone/hadoop-ozone/integration-test/target/test-dir/MiniOzoneClusterImpl-a7be04a2-0db3-4748-8f74-6a3cfa6a7101/datanode-4/data/ratis] (custom)
2022-10-11 08:12:42,184 [Listener at 127.0.0.1/39113] INFO  server.XceiverServerGrpc (XceiverServerGrpc.java:<init>(132)) - GrpcServer channel type EpollServerSocketChannel
2022-10-11 08:12:42,189 [Listener at 127.0.0.1/39113] INFO  http.BaseHttpServer (BaseHttpServer.java:newHttpServer2BuilderForOzone(213)) - Starting Web-server for hddsDatanode at: http://0.0.0.0:0
2022-10-11 08:12:42,189 [Listener at 127.0.0.1/39113] INFO  http.BaseHttpServer (BaseHttpServer.java:<init>(108)) - Hadoop Security Enabled: false Ozone Security Enabled: false Ozone HTTP Security Enabled: false 
2022-10-11 08:12:42,190 [Listener at 127.0.0.1/39113] INFO  server.AuthenticationFilter (AuthenticationFilter.java:constructSecretProvider(240)) - Unable to initialize FileSignerSecretProvider, falling back to use random secrets.
2022-10-11 08:12:42,191 [Listener at 127.0.0.1/39113] WARN  http.HttpRequestLog (HttpRequestLog.java:getRequestLog(103)) - Jetty request log can only be enabled using Log4j
2022-10-11 08:12:42,192 [Listener at 127.0.0.1/39113] INFO  http.HttpServer2 (HttpServer2.java:addGlobalFilter(1031)) - Added global filter 'safety' (class=org.apache.hadoop.hdds.server.http.HttpServer2$QuotingInputFilter)
2022-10-11 08:12:42,193 [Listener at 127.0.0.1/39113] INFO  http.HttpServer2 (HttpServer2.java:addFilter(1007)) - Added filter static_user_filter (class=org.apache.hadoop.http.lib.StaticUserWebFilter$StaticUserFilter) to context hddsDatanode
2022-10-11 08:12:42,193 [Listener at 127.0.0.1/39113] INFO  http.HttpServer2 (HttpServer2.java:addFilter(1015)) - Added filter static_user_filter (class=org.apache.hadoop.http.lib.StaticUserWebFilter$StaticUserFilter) to context logs
2022-10-11 08:12:42,193 [Listener at 127.0.0.1/39113] INFO  http.HttpServer2 (HttpServer2.java:addFilter(1015)) - Added filter static_user_filter (class=org.apache.hadoop.http.lib.StaticUserWebFilter$StaticUserFilter) to context static
2022-10-11 08:12:42,194 [Listener at 127.0.0.1/39113] INFO  http.HttpServer2 (HttpServer2.java:bindListener(1250)) - Jetty bound to port 39635
2022-10-11 08:12:42,194 [Listener at 127.0.0.1/39113] INFO  server.Server (Server.java:doStart(375)) - jetty-9.4.43.v20210629; built: 2021-06-30T11:07:22.254Z; git: 526006ecfa3af7f1a27ef3a288e2bef7ea9dd7e8; jvm 1.8.0_345-b01
2022-10-11 08:12:42,197 [Listener at 127.0.0.1/39113] INFO  server.session (DefaultSessionIdManager.java:doStart(334)) - DefaultSessionIdManager workerName=node0
2022-10-11 08:12:42,198 [Listener at 127.0.0.1/39113] INFO  server.session (DefaultSessionIdManager.java:doStart(339)) - No SessionScavenger set, using defaults
2022-10-11 08:12:42,198 [Listener at 127.0.0.1/39113] INFO  server.session (HouseKeeper.java:startScavenging(132)) - node0 Scavenging every 660000ms
2022-10-11 08:12:42,199 [Listener at 127.0.0.1/39113] INFO  handler.ContextHandler (ContextHandler.java:doStart(915)) - Started o.e.j.s.ServletContextHandler@7f96d82e{logs,/logs,file:///home/runner/work/ozone/ozone/hadoop-ozone/integration-test/target/log,AVAILABLE}
2022-10-11 08:12:42,199 [Listener at 127.0.0.1/39113] INFO  handler.ContextHandler (ContextHandler.java:doStart(915)) - Started o.e.j.s.ServletContextHandler@2ed0e7c9{static,/static,jar:file:/home/runner/.m2/repository/org/apache/ozone/hdds-container-service/1.3.0-SNAPSHOT/hdds-container-service-1.3.0-SNAPSHOT.jar!/webapps/static,AVAILABLE}
2022-10-11 08:12:42,348 [Listener at 127.0.0.1/39113] INFO  handler.ContextHandler (ContextHandler.java:doStart(915)) - Started o.e.j.w.WebAppContext@54e1dc9a{hddsDatanode,/,file:///tmp/jetty-0_0_0_0-39635-hdds-container-service-1_3_0-SNAPSHOT_jar-_-any-2616125126679404412/webapp/,AVAILABLE}{jar:file:/home/runner/.m2/repository/org/apache/ozone/hdds-container-service/1.3.0-SNAPSHOT/hdds-container-service-1.3.0-SNAPSHOT.jar!/webapps/hddsDatanode}
2022-10-11 08:12:42,349 [Listener at 127.0.0.1/39113] INFO  server.AbstractConnector (AbstractConnector.java:doStart(331)) - Started ServerConnector@35b1df36{HTTP/1.1, (http/1.1)}{0.0.0.0:39635}
2022-10-11 08:12:42,349 [Listener at 127.0.0.1/39113] INFO  server.Server (Server.java:doStart(415)) - Started @9533ms
2022-10-11 08:12:42,349 [Listener at 127.0.0.1/39113] WARN  impl.MetricsSystemImpl (MetricsSystemImpl.java:register(279)) - Sink prometheus already exists!
2022-10-11 08:12:42,350 [Listener at 127.0.0.1/39113] INFO  http.BaseHttpServer (BaseHttpServer.java:updateConnectorAddress(333)) - HTTP server of hddsDatanode listening at http://0.0.0.0:39635
2022-10-11 08:12:42,351 [Datanode State Machine Daemon Thread] INFO  statemachine.DatanodeStateMachine (DatanodeStateMachine.java:lambda$startDaemon$0(492)) - Ozone container server started.
2022-10-11 08:12:42,353 [Listener at 127.0.0.1/39113] INFO  ozone.MiniOzoneClusterImpl (MiniOzoneClusterImpl.java:lambda$waitForClusterToBeReady$0(216)) - Waiting for nodes to be ready. Got 0 of 5 DN Heartbeats.
2022-10-11 08:12:42,353 [Listener at 127.0.0.1/39113] INFO  ozone.MiniOzoneClusterImpl (MiniOzoneClusterImpl.java:lambda$waitForClusterToBeReady$0(219)) - Waiting for cluster to exit safe mode
2022-10-11 08:12:42,353 [Listener at 127.0.0.1/39113] INFO  ozone.MiniOzoneClusterImpl (MiniOzoneClusterImpl.java:lambda$waitForClusterToBeReady$0(221)) - SCM became leader
2022-10-11 08:12:42,366 [org.apache.hadoop.util.JvmPauseMonitor$Monitor@5e3ed84e] INFO  util.JvmPauseMonitor (JvmPauseMonitor.java:run(188)) - Starting JVM pause monitor
2022-10-11 08:12:42,370 [Datanode State Machine Task Thread - 0] INFO  datanode.InitDatanodeState (InitDatanodeState.java:persistContainerDatanodeDetails(138)) - DatanodeDetails is persisted to /home/runner/work/ozone/ozone/hadoop-ozone/integration-test/target/test-dir/MiniOzoneClusterImpl-a7be04a2-0db3-4748-8f74-6a3cfa6a7101/datanode-4/meta/datanode.id
2022-10-11 08:12:43,020 [EndpointStateMachine task thread for /0.0.0.0:41371 - 0 ] INFO  volume.HddsVolume (HddsVolume.java:createDbStore(307)) - SchemaV3 db is created and loaded at /home/runner/work/ozone/ozone/hadoop-ozone/integration-test/target/test-dir/MiniOzoneClusterImpl-a7be04a2-0db3-4748-8f74-6a3cfa6a7101/datanode-0/data-0/containers/hdds/a7be04a2-0db3-4748-8f74-6a3cfa6a7101/DS-cf556b08-fa06-454b-8186-6124f8e712ac/container.db for volume DS-cf556b08-fa06-454b-8186-6124f8e712ac
2022-10-11 08:12:43,023 [EndpointStateMachine task thread for /0.0.0.0:41371 - 0 ] INFO  volume.HddsVolume (HddsVolume.java:closeDbStore(338)) - SchemaV3 db is stopped at /home/runner/work/ozone/ozone/hadoop-ozone/integration-test/target/test-dir/MiniOzoneClusterImpl-a7be04a2-0db3-4748-8f74-6a3cfa6a7101/datanode-0/data-0/containers/hdds/a7be04a2-0db3-4748-8f74-6a3cfa6a7101/DS-cf556b08-fa06-454b-8186-6124f8e712ac/container.db for volume DS-cf556b08-fa06-454b-8186-6124f8e712ac
2022-10-11 08:12:43,023 [EndpointStateMachine task thread for /0.0.0.0:41371 - 0 ] INFO  ozoneimpl.OzoneContainer (OzoneContainer.java:start(378)) - Attempting to start container services.
2022-10-11 08:12:43,027 [EndpointStateMachine task thread for /0.0.0.0:41371 - 0 ] INFO  ozoneimpl.OzoneContainer (OzoneContainer.java:startContainerScrub(313)) - Background container scanner has been disabled.
2022-10-11 08:12:43,029 [EndpointStateMachine task thread for /0.0.0.0:41371 - 0 ] INFO  replication.ReplicationServer (ReplicationServer.java:start(111)) - ReplicationServer is started using port 40621
2022-10-11 08:12:43,031 [EndpointStateMachine task thread for /0.0.0.0:41371 - 0 ] INFO  ratis.XceiverServerRatis (XceiverServerRatis.java:start(481)) - Starting XceiverServerRatis dfd1ace6-5921-4c65-82d6-ac571288ab09
2022-10-11 08:12:43,035 [EndpointStateMachine task thread for /0.0.0.0:41371 - 0 ] INFO  server.RaftServer (RaftServerProxy.java:lambda$start$6(382)) - dfd1ace6-5921-4c65-82d6-ac571288ab09: start RPC server
2022-10-11 08:12:43,036 [EndpointStateMachine task thread for /0.0.0.0:41371 - 0 ] INFO  server.GrpcService (GrpcService.java:startImpl(260)) - dfd1ace6-5921-4c65-82d6-ac571288ab09: GrpcService started, listening on 40081
2022-10-11 08:12:43,037 [EndpointStateMachine task thread for /0.0.0.0:41371 - 0 ] INFO  ratis.XceiverServerRatis (XceiverServerRatis.java:getRealPort(502)) - XceiverServerRatis dfd1ace6-5921-4c65-82d6-ac571288ab09 is started using port 40081 for RATIS
2022-10-11 08:12:43,037 [org.apache.ratis.util.JvmPauseMonitor$$Lambda$637/2131033858@a54bf17] INFO  util.JvmPauseMonitor (JvmPauseMonitor.java:run(103)) - JvmPauseMonitor-dfd1ace6-5921-4c65-82d6-ac571288ab09: Started
2022-10-11 08:12:43,037 [EndpointStateMachine task thread for /0.0.0.0:41371 - 0 ] INFO  ratis.XceiverServerRatis (XceiverServerRatis.java:getRealPort(502)) - XceiverServerRatis dfd1ace6-5921-4c65-82d6-ac571288ab09 is started using port 40081 for RATIS_ADMIN
2022-10-11 08:12:43,037 [EndpointStateMachine task thread for /0.0.0.0:41371 - 0 ] INFO  ratis.XceiverServerRatis (XceiverServerRatis.java:getRealPort(502)) - XceiverServerRatis dfd1ace6-5921-4c65-82d6-ac571288ab09 is started using port 40081 for RATIS_SERVER
2022-10-11 08:12:43,044 [EndpointStateMachine task thread for /0.0.0.0:41371 - 0 ] INFO  server.XceiverServerGrpc (XceiverServerGrpc.java:start(180)) - XceiverServerGrpc dfd1ace6-5921-4c65-82d6-ac571288ab09 is started using port 45441
2022-10-11 08:12:43,353 [Listener at 127.0.0.1/39113] INFO  ozone.MiniOzoneClusterImpl (MiniOzoneClusterImpl.java:lambda$waitForClusterToBeReady$0(216)) - Waiting for nodes to be ready. Got 0 of 5 DN Heartbeats.
2022-10-11 08:12:43,354 [Listener at 127.0.0.1/39113] INFO  ozone.MiniOzoneClusterImpl (MiniOzoneClusterImpl.java:lambda$waitForClusterToBeReady$0(219)) - Waiting for cluster to exit safe mode
2022-10-11 08:12:43,354 [Listener at 127.0.0.1/39113] INFO  ozone.MiniOzoneClusterImpl (MiniOzoneClusterImpl.java:lambda$waitForClusterToBeReady$0(221)) - SCM became leader
2022-10-11 08:12:43,483 [EndpointStateMachine task thread for /0.0.0.0:41371 - 0 ] INFO  volume.HddsVolume (HddsVolume.java:createDbStore(307)) - SchemaV3 db is created and loaded at /home/runner/work/ozone/ozone/hadoop-ozone/integration-test/target/test-dir/MiniOzoneClusterImpl-a7be04a2-0db3-4748-8f74-6a3cfa6a7101/datanode-1/data-0/containers/hdds/a7be04a2-0db3-4748-8f74-6a3cfa6a7101/DS-27de66d0-ba96-490b-8cca-ac167ad397cb/container.db for volume DS-27de66d0-ba96-490b-8cca-ac167ad397cb
2022-10-11 08:12:43,483 [EndpointStateMachine task thread for /0.0.0.0:41371 - 0 ] INFO  volume.HddsVolume (HddsVolume.java:closeDbStore(338)) - SchemaV3 db is stopped at /home/runner/work/ozone/ozone/hadoop-ozone/integration-test/target/test-dir/MiniOzoneClusterImpl-a7be04a2-0db3-4748-8f74-6a3cfa6a7101/datanode-1/data-0/containers/hdds/a7be04a2-0db3-4748-8f74-6a3cfa6a7101/DS-27de66d0-ba96-490b-8cca-ac167ad397cb/container.db for volume DS-27de66d0-ba96-490b-8cca-ac167ad397cb
2022-10-11 08:12:43,484 [EndpointStateMachine task thread for /0.0.0.0:41371 - 0 ] INFO  ozoneimpl.OzoneContainer (OzoneContainer.java:start(378)) - Attempting to start container services.
2022-10-11 08:12:43,484 [EndpointStateMachine task thread for /0.0.0.0:41371 - 0 ] INFO  ozoneimpl.OzoneContainer (OzoneContainer.java:startContainerScrub(313)) - Background container scanner has been disabled.
2022-10-11 08:12:43,485 [EndpointStateMachine task thread for /0.0.0.0:41371 - 0 ] INFO  replication.ReplicationServer (ReplicationServer.java:start(111)) - ReplicationServer is started using port 41539
2022-10-11 08:12:43,486 [EndpointStateMachine task thread for /0.0.0.0:41371 - 0 ] INFO  ratis.XceiverServerRatis (XceiverServerRatis.java:start(481)) - Starting XceiverServerRatis 14b70a86-5100-4ed6-950c-f7248b89b6df
2022-10-11 08:12:43,487 [EndpointStateMachine task thread for /0.0.0.0:41371 - 0 ] INFO  server.RaftServer (RaftServerProxy.java:lambda$start$6(382)) - 14b70a86-5100-4ed6-950c-f7248b89b6df: start RPC server
2022-10-11 08:12:43,488 [EndpointStateMachine task thread for /0.0.0.0:41371 - 0 ] INFO  server.GrpcService (GrpcService.java:startImpl(260)) - 14b70a86-5100-4ed6-950c-f7248b89b6df: GrpcService started, listening on 40211
2022-10-11 08:12:43,488 [EndpointStateMachine task thread for /0.0.0.0:41371 - 0 ] INFO  ratis.XceiverServerRatis (XceiverServerRatis.java:getRealPort(502)) - XceiverServerRatis 14b70a86-5100-4ed6-950c-f7248b89b6df is started using port 40211 for RATIS
2022-10-11 08:12:43,488 [org.apache.ratis.util.JvmPauseMonitor$$Lambda$637/2131033858@652cdc20] INFO  util.JvmPauseMonitor (JvmPauseMonitor.java:run(103)) - JvmPauseMonitor-14b70a86-5100-4ed6-950c-f7248b89b6df: Started
2022-10-11 08:12:43,488 [EndpointStateMachine task thread for /0.0.0.0:41371 - 0 ] INFO  ratis.XceiverServerRatis (XceiverServerRatis.java:getRealPort(502)) - XceiverServerRatis 14b70a86-5100-4ed6-950c-f7248b89b6df is started using port 40211 for RATIS_ADMIN
2022-10-11 08:12:43,488 [EndpointStateMachine task thread for /0.0.0.0:41371 - 0 ] INFO  ratis.XceiverServerRatis (XceiverServerRatis.java:getRealPort(502)) - XceiverServerRatis 14b70a86-5100-4ed6-950c-f7248b89b6df is started using port 40211 for RATIS_SERVER
2022-10-11 08:12:43,490 [EndpointStateMachine task thread for /0.0.0.0:41371 - 0 ] INFO  server.XceiverServerGrpc (XceiverServerGrpc.java:start(180)) - XceiverServerGrpc 14b70a86-5100-4ed6-950c-f7248b89b6df is started using port 45221
2022-10-11 08:12:43,811 [EndpointStateMachine task thread for /0.0.0.0:41371 - 0 ] INFO  volume.HddsVolume (HddsVolume.java:createDbStore(307)) - SchemaV3 db is created and loaded at /home/runner/work/ozone/ozone/hadoop-ozone/integration-test/target/test-dir/MiniOzoneClusterImpl-a7be04a2-0db3-4748-8f74-6a3cfa6a7101/datanode-2/data-0/containers/hdds/a7be04a2-0db3-4748-8f74-6a3cfa6a7101/DS-93ae35e7-59df-4547-a924-eabf3ddf88cb/container.db for volume DS-93ae35e7-59df-4547-a924-eabf3ddf88cb
2022-10-11 08:12:43,812 [EndpointStateMachine task thread for /0.0.0.0:41371 - 0 ] INFO  volume.HddsVolume (HddsVolume.java:closeDbStore(338)) - SchemaV3 db is stopped at /home/runner/work/ozone/ozone/hadoop-ozone/integration-test/target/test-dir/MiniOzoneClusterImpl-a7be04a2-0db3-4748-8f74-6a3cfa6a7101/datanode-2/data-0/containers/hdds/a7be04a2-0db3-4748-8f74-6a3cfa6a7101/DS-93ae35e7-59df-4547-a924-eabf3ddf88cb/container.db for volume DS-93ae35e7-59df-4547-a924-eabf3ddf88cb
2022-10-11 08:12:43,812 [EndpointStateMachine task thread for /0.0.0.0:41371 - 0 ] INFO  ozoneimpl.OzoneContainer (OzoneContainer.java:start(378)) - Attempting to start container services.
2022-10-11 08:12:43,812 [EndpointStateMachine task thread for /0.0.0.0:41371 - 0 ] INFO  ozoneimpl.OzoneContainer (OzoneContainer.java:startContainerScrub(313)) - Background container scanner has been disabled.
2022-10-11 08:12:43,814 [EndpointStateMachine task thread for /0.0.0.0:41371 - 0 ] INFO  replication.ReplicationServer (ReplicationServer.java:start(111)) - ReplicationServer is started using port 35169
2022-10-11 08:12:43,815 [EndpointStateMachine task thread for /0.0.0.0:41371 - 0 ] INFO  ratis.XceiverServerRatis (XceiverServerRatis.java:start(481)) - Starting XceiverServerRatis c63b842e-4a18-4309-8e5f-a8e0aaa5a343
2022-10-11 08:12:43,815 [EndpointStateMachine task thread for /0.0.0.0:41371 - 0 ] INFO  server.RaftServer (RaftServerProxy.java:lambda$start$6(382)) - c63b842e-4a18-4309-8e5f-a8e0aaa5a343: start RPC server
2022-10-11 08:12:43,818 [EndpointStateMachine task thread for /0.0.0.0:41371 - 0 ] INFO  server.GrpcService (GrpcService.java:startImpl(260)) - c63b842e-4a18-4309-8e5f-a8e0aaa5a343: GrpcService started, listening on 38751
2022-10-11 08:12:43,818 [EndpointStateMachine task thread for /0.0.0.0:41371 - 0 ] INFO  ratis.XceiverServerRatis (XceiverServerRatis.java:getRealPort(502)) - XceiverServerRatis c63b842e-4a18-4309-8e5f-a8e0aaa5a343 is started using port 38751 for RATIS
2022-10-11 08:12:43,818 [org.apache.ratis.util.JvmPauseMonitor$$Lambda$637/2131033858@4e56ad2e] INFO  util.JvmPauseMonitor (JvmPauseMonitor.java:run(103)) - JvmPauseMonitor-c63b842e-4a18-4309-8e5f-a8e0aaa5a343: Started
2022-10-11 08:12:43,818 [EndpointStateMachine task thread for /0.0.0.0:41371 - 0 ] INFO  ratis.XceiverServerRatis (XceiverServerRatis.java:getRealPort(502)) - XceiverServerRatis c63b842e-4a18-4309-8e5f-a8e0aaa5a343 is started using port 38751 for RATIS_ADMIN
2022-10-11 08:12:43,818 [EndpointStateMachine task thread for /0.0.0.0:41371 - 0 ] INFO  ratis.XceiverServerRatis (XceiverServerRatis.java:getRealPort(502)) - XceiverServerRatis c63b842e-4a18-4309-8e5f-a8e0aaa5a343 is started using port 38751 for RATIS_SERVER
2022-10-11 08:12:43,822 [EndpointStateMachine task thread for /0.0.0.0:41371 - 0 ] INFO  server.XceiverServerGrpc (XceiverServerGrpc.java:start(180)) - XceiverServerGrpc c63b842e-4a18-4309-8e5f-a8e0aaa5a343 is started using port 46681
2022-10-11 08:12:44,128 [EndpointStateMachine task thread for /0.0.0.0:41371 - 0 ] INFO  volume.HddsVolume (HddsVolume.java:createDbStore(307)) - SchemaV3 db is created and loaded at /home/runner/work/ozone/ozone/hadoop-ozone/integration-test/target/test-dir/MiniOzoneClusterImpl-a7be04a2-0db3-4748-8f74-6a3cfa6a7101/datanode-3/data-0/containers/hdds/a7be04a2-0db3-4748-8f74-6a3cfa6a7101/DS-e9816c74-fd42-4474-b97e-02ee513736e6/container.db for volume DS-e9816c74-fd42-4474-b97e-02ee513736e6
2022-10-11 08:12:44,128 [EndpointStateMachine task thread for /0.0.0.0:41371 - 0 ] INFO  volume.HddsVolume (HddsVolume.java:closeDbStore(338)) - SchemaV3 db is stopped at /home/runner/work/ozone/ozone/hadoop-ozone/integration-test/target/test-dir/MiniOzoneClusterImpl-a7be04a2-0db3-4748-8f74-6a3cfa6a7101/datanode-3/data-0/containers/hdds/a7be04a2-0db3-4748-8f74-6a3cfa6a7101/DS-e9816c74-fd42-4474-b97e-02ee513736e6/container.db for volume DS-e9816c74-fd42-4474-b97e-02ee513736e6
2022-10-11 08:12:44,129 [EndpointStateMachine task thread for /0.0.0.0:41371 - 0 ] INFO  ozoneimpl.OzoneContainer (OzoneContainer.java:start(378)) - Attempting to start container services.
2022-10-11 08:12:44,129 [EndpointStateMachine task thread for /0.0.0.0:41371 - 0 ] INFO  ozoneimpl.OzoneContainer (OzoneContainer.java:startContainerScrub(313)) - Background container scanner has been disabled.
2022-10-11 08:12:44,130 [EndpointStateMachine task thread for /0.0.0.0:41371 - 0 ] INFO  replication.ReplicationServer (ReplicationServer.java:start(111)) - ReplicationServer is started using port 39895
2022-10-11 08:12:44,132 [EndpointStateMachine task thread for /0.0.0.0:41371 - 0 ] INFO  ratis.XceiverServerRatis (XceiverServerRatis.java:start(481)) - Starting XceiverServerRatis d1cf34d5-c92a-430e-aa0c-9bc6323d5bcc
2022-10-11 08:12:44,133 [EndpointStateMachine task thread for /0.0.0.0:41371 - 0 ] INFO  server.RaftServer (RaftServerProxy.java:lambda$start$6(382)) - d1cf34d5-c92a-430e-aa0c-9bc6323d5bcc: start RPC server
2022-10-11 08:12:44,134 [EndpointStateMachine task thread for /0.0.0.0:41371 - 0 ] INFO  server.GrpcService (GrpcService.java:startImpl(260)) - d1cf34d5-c92a-430e-aa0c-9bc6323d5bcc: GrpcService started, listening on 35681
2022-10-11 08:12:44,135 [EndpointStateMachine task thread for /0.0.0.0:41371 - 0 ] INFO  ratis.XceiverServerRatis (XceiverServerRatis.java:getRealPort(502)) - XceiverServerRatis d1cf34d5-c92a-430e-aa0c-9bc6323d5bcc is started using port 35681 for RATIS
2022-10-11 08:12:44,135 [org.apache.ratis.util.JvmPauseMonitor$$Lambda$637/2131033858@1ad0a2be] INFO  util.JvmPauseMonitor (JvmPauseMonitor.java:run(103)) - JvmPauseMonitor-d1cf34d5-c92a-430e-aa0c-9bc6323d5bcc: Started
2022-10-11 08:12:44,135 [EndpointStateMachine task thread for /0.0.0.0:41371 - 0 ] INFO  ratis.XceiverServerRatis (XceiverServerRatis.java:getRealPort(502)) - XceiverServerRatis d1cf34d5-c92a-430e-aa0c-9bc6323d5bcc is started using port 35681 for RATIS_ADMIN
2022-10-11 08:12:44,135 [EndpointStateMachine task thread for /0.0.0.0:41371 - 0 ] INFO  ratis.XceiverServerRatis (XceiverServerRatis.java:getRealPort(502)) - XceiverServerRatis d1cf34d5-c92a-430e-aa0c-9bc6323d5bcc is started using port 35681 for RATIS_SERVER
2022-10-11 08:12:44,137 [EndpointStateMachine task thread for /0.0.0.0:41371 - 0 ] INFO  server.XceiverServerGrpc (XceiverServerGrpc.java:start(180)) - XceiverServerGrpc d1cf34d5-c92a-430e-aa0c-9bc6323d5bcc is started using port 43135
2022-10-11 08:12:44,354 [Listener at 127.0.0.1/39113] INFO  ozone.MiniOzoneClusterImpl (MiniOzoneClusterImpl.java:lambda$waitForClusterToBeReady$0(216)) - Waiting for nodes to be ready. Got 0 of 5 DN Heartbeats.
2022-10-11 08:12:44,355 [Listener at 127.0.0.1/39113] INFO  ozone.MiniOzoneClusterImpl (MiniOzoneClusterImpl.java:lambda$waitForClusterToBeReady$0(219)) - Waiting for cluster to exit safe mode
2022-10-11 08:12:44,355 [Listener at 127.0.0.1/39113] INFO  ozone.MiniOzoneClusterImpl (MiniOzoneClusterImpl.java:lambda$waitForClusterToBeReady$0(221)) - SCM became leader
2022-10-11 08:12:44,398 [EndpointStateMachine task thread for /0.0.0.0:41371 - 0 ] INFO  volume.HddsVolume (HddsVolume.java:createDbStore(307)) - SchemaV3 db is created and loaded at /home/runner/work/ozone/ozone/hadoop-ozone/integration-test/target/test-dir/MiniOzoneClusterImpl-a7be04a2-0db3-4748-8f74-6a3cfa6a7101/datanode-4/data-0/containers/hdds/a7be04a2-0db3-4748-8f74-6a3cfa6a7101/DS-c29eee5d-c7e2-403b-a026-654d9b027194/container.db for volume DS-c29eee5d-c7e2-403b-a026-654d9b027194
2022-10-11 08:12:44,398 [EndpointStateMachine task thread for /0.0.0.0:41371 - 0 ] INFO  volume.HddsVolume (HddsVolume.java:closeDbStore(338)) - SchemaV3 db is stopped at /home/runner/work/ozone/ozone/hadoop-ozone/integration-test/target/test-dir/MiniOzoneClusterImpl-a7be04a2-0db3-4748-8f74-6a3cfa6a7101/datanode-4/data-0/containers/hdds/a7be04a2-0db3-4748-8f74-6a3cfa6a7101/DS-c29eee5d-c7e2-403b-a026-654d9b027194/container.db for volume DS-c29eee5d-c7e2-403b-a026-654d9b027194
2022-10-11 08:12:44,398 [EndpointStateMachine task thread for /0.0.0.0:41371 - 0 ] INFO  ozoneimpl.OzoneContainer (OzoneContainer.java:start(378)) - Attempting to start container services.
2022-10-11 08:12:44,398 [EndpointStateMachine task thread for /0.0.0.0:41371 - 0 ] INFO  ozoneimpl.OzoneContainer (OzoneContainer.java:startContainerScrub(313)) - Background container scanner has been disabled.
2022-10-11 08:12:44,401 [EndpointStateMachine task thread for /0.0.0.0:41371 - 0 ] INFO  replication.ReplicationServer (ReplicationServer.java:start(111)) - ReplicationServer is started using port 35313
2022-10-11 08:12:44,401 [EndpointStateMachine task thread for /0.0.0.0:41371 - 0 ] INFO  ratis.XceiverServerRatis (XceiverServerRatis.java:start(481)) - Starting XceiverServerRatis fa8aad91-dc65-4636-ad1d-3225222ce3fd
2022-10-11 08:12:44,402 [EndpointStateMachine task thread for /0.0.0.0:41371 - 0 ] INFO  server.RaftServer (RaftServerProxy.java:lambda$start$6(382)) - fa8aad91-dc65-4636-ad1d-3225222ce3fd: start RPC server
2022-10-11 08:12:44,403 [EndpointStateMachine task thread for /0.0.0.0:41371 - 0 ] INFO  server.GrpcService (GrpcService.java:startImpl(260)) - fa8aad91-dc65-4636-ad1d-3225222ce3fd: GrpcService started, listening on 41289
2022-10-11 08:12:44,404 [EndpointStateMachine task thread for /0.0.0.0:41371 - 0 ] INFO  ratis.XceiverServerRatis (XceiverServerRatis.java:getRealPort(502)) - XceiverServerRatis fa8aad91-dc65-4636-ad1d-3225222ce3fd is started using port 41289 for RATIS
2022-10-11 08:12:44,404 [EndpointStateMachine task thread for /0.0.0.0:41371 - 0 ] INFO  ratis.XceiverServerRatis (XceiverServerRatis.java:getRealPort(502)) - XceiverServerRatis fa8aad91-dc65-4636-ad1d-3225222ce3fd is started using port 41289 for RATIS_ADMIN
2022-10-11 08:12:44,404 [EndpointStateMachine task thread for /0.0.0.0:41371 - 0 ] INFO  ratis.XceiverServerRatis (XceiverServerRatis.java:getRealPort(502)) - XceiverServerRatis fa8aad91-dc65-4636-ad1d-3225222ce3fd is started using port 41289 for RATIS_SERVER
2022-10-11 08:12:44,411 [org.apache.ratis.util.JvmPauseMonitor$$Lambda$637/2131033858@5cb43203] INFO  util.JvmPauseMonitor (JvmPauseMonitor.java:run(103)) - JvmPauseMonitor-fa8aad91-dc65-4636-ad1d-3225222ce3fd: Started
2022-10-11 08:12:44,412 [EndpointStateMachine task thread for /0.0.0.0:41371 - 0 ] INFO  server.XceiverServerGrpc (XceiverServerGrpc.java:start(180)) - XceiverServerGrpc fa8aad91-dc65-4636-ad1d-3225222ce3fd is started using port 43933
2022-10-11 08:12:44,953 [IPC Server handler 4 on default port 41371] INFO  net.NetworkTopologyImpl (NetworkTopologyImpl.java:add(112)) - Added a new node: /default-rack/dfd1ace6-5921-4c65-82d6-ac571288ab09
2022-10-11 08:12:44,955 [IPC Server handler 4 on default port 41371] INFO  node.SCMNodeManager (SCMNodeManager.java:register(397)) - Registered Data node : dfd1ace6-5921-4c65-82d6-ac571288ab09{ip: 10.1.0.76, host: fv-az208-128.kmgg0fu2myoezeajip4j0sfi3d.cx.internal.cloudapp.net, ports: [REPLICATION=40621, RATIS=40081, RATIS_ADMIN=40081, RATIS_SERVER=40081, STANDALONE=45441], networkLocation: /default-rack, certSerialId: null, persistedOpState: null, persistedOpStateExpiryEpochSec: 0}
2022-10-11 08:12:44,959 [EventQueue-NodeRegistrationContainerReportForContainerSafeModeRule] INFO  safemode.SCMSafeModeManager (SCMSafeModeManager.java:validateSafeModeExitRules(204)) - ContainerSafeModeRule rule is successfully validated
2022-10-11 08:12:44,959 [EventQueue-NodeRegistrationContainerReportForDataNodeSafeModeRule] INFO  safemode.SCMSafeModeManager (DataNodeSafeModeRule.java:process(71)) - SCM in safe mode. 1 DataNodes registered, 3 required.
2022-10-11 08:12:44,962 [EventQueue-PipelineReportForOneReplicaPipelineSafeModeRule] INFO  safemode.SCMSafeModeManager (SCMSafeModeManager.java:validateSafeModeExitRules(204)) - AtleastOneDatanodeReportedRule rule is successfully validated
2022-10-11 08:12:44,963 [EventQueue-NewNodeForNewNodeHandler] INFO  pipeline.BackgroundPipelineCreator (BackgroundPipelineCreator.java:notifyEventTriggered(276)) - trigger a one-shot run on RatisPipelineUtilsThread.
2022-10-11 08:12:44,970 [RatisPipelineUtilsThread - 0] INFO  pipeline.RatisPipelineProvider (RatisPipelineProvider.java:lambda$create$0(195)) - Sending CreatePipelineCommand for pipeline:PipelineID=223cc56a-157a-4cfd-a7f0-0bc905ceae89 to datanode:dfd1ace6-5921-4c65-82d6-ac571288ab09
2022-10-11 08:12:44,978 [RatisPipelineUtilsThread - 0] INFO  pipeline.PipelineStateManagerImpl (PipelineStateManagerImpl.java:addPipeline(103)) - Created pipeline Pipeline[ Id: 223cc56a-157a-4cfd-a7f0-0bc905ceae89, Nodes: dfd1ace6-5921-4c65-82d6-ac571288ab09{ip: 10.1.0.76, host: fv-az208-128.kmgg0fu2myoezeajip4j0sfi3d.cx.internal.cloudapp.net, ports: [REPLICATION=40621, RATIS=40081, RATIS_ADMIN=40081, RATIS_SERVER=40081, STANDALONE=45441], networkLocation: /default-rack, certSerialId: null, persistedOpState: IN_SERVICE, persistedOpStateExpiryEpochSec: 0}, ReplicationConfig: RATIS/ONE, State:ALLOCATED, leaderId:, CreationTimestamp2022-10-11T08:12:44.969Z[Etc/UTC]].
2022-10-11 08:12:45,355 [Listener at 127.0.0.1/39113] INFO  ozone.MiniOzoneClusterImpl (MiniOzoneClusterImpl.java:lambda$waitForClusterToBeReady$0(216)) - Waiting for nodes to be ready. Got 1 of 5 DN Heartbeats.
2022-10-11 08:12:45,356 [Listener at 127.0.0.1/39113] INFO  ozone.MiniOzoneClusterImpl (MiniOzoneClusterImpl.java:lambda$waitForClusterToBeReady$0(219)) - Waiting for cluster to exit safe mode
2022-10-11 08:12:45,356 [Listener at 127.0.0.1/39113] INFO  ozone.MiniOzoneClusterImpl (MiniOzoneClusterImpl.java:lambda$waitForClusterToBeReady$0(221)) - SCM became leader
2022-10-11 08:12:45,452 [IPC Server handler 4 on default port 41371] INFO  net.NetworkTopologyImpl (NetworkTopologyImpl.java:add(112)) - Added a new node: /default-rack/14b70a86-5100-4ed6-950c-f7248b89b6df
2022-10-11 08:12:45,453 [IPC Server handler 4 on default port 41371] INFO  node.SCMNodeManager (SCMNodeManager.java:register(397)) - Registered Data node : 14b70a86-5100-4ed6-950c-f7248b89b6df{ip: 10.1.0.76, host: fv-az208-128.kmgg0fu2myoezeajip4j0sfi3d.cx.internal.cloudapp.net, ports: [REPLICATION=41539, RATIS=40211, RATIS_ADMIN=40211, RATIS_SERVER=40211, STANDALONE=45221], networkLocation: /default-rack, certSerialId: null, persistedOpState: null, persistedOpStateExpiryEpochSec: 0}
2022-10-11 08:12:45,454 [EventQueue-NewNodeForNewNodeHandler] INFO  pipeline.BackgroundPipelineCreator (BackgroundPipelineCreator.java:notifyEventTriggered(276)) - trigger a one-shot run on RatisPipelineUtilsThread.
2022-10-11 08:12:45,454 [EventQueue-NodeRegistrationContainerReportForDataNodeSafeModeRule] INFO  safemode.SCMSafeModeManager (DataNodeSafeModeRule.java:process(71)) - SCM in safe mode. 2 DataNodes registered, 3 required.
2022-10-11 08:12:45,456 [RatisPipelineUtilsThread - 0] INFO  pipeline.RatisPipelineProvider (RatisPipelineProvider.java:lambda$create$0(195)) - Sending CreatePipelineCommand for pipeline:PipelineID=a89f97f6-99a9-4efd-999d-0a189321cdcb to datanode:14b70a86-5100-4ed6-950c-f7248b89b6df
2022-10-11 08:12:45,457 [RatisPipelineUtilsThread - 0] INFO  pipeline.PipelineStateManagerImpl (PipelineStateManagerImpl.java:addPipeline(103)) - Created pipeline Pipeline[ Id: a89f97f6-99a9-4efd-999d-0a189321cdcb, Nodes: 14b70a86-5100-4ed6-950c-f7248b89b6df{ip: 10.1.0.76, host: fv-az208-128.kmgg0fu2myoezeajip4j0sfi3d.cx.internal.cloudapp.net, ports: [REPLICATION=41539, RATIS=40211, RATIS_ADMIN=40211, RATIS_SERVER=40211, STANDALONE=45221], networkLocation: /default-rack, certSerialId: null, persistedOpState: IN_SERVICE, persistedOpStateExpiryEpochSec: 0}, ReplicationConfig: RATIS/ONE, State:ALLOCATED, leaderId:, CreationTimestamp2022-10-11T08:12:45.456Z[Etc/UTC]].
2022-10-11 08:12:45,780 [IPC Server handler 5 on default port 41371] INFO  net.NetworkTopologyImpl (NetworkTopologyImpl.java:add(112)) - Added a new node: /default-rack/c63b842e-4a18-4309-8e5f-a8e0aaa5a343
2022-10-11 08:12:45,780 [IPC Server handler 5 on default port 41371] INFO  node.SCMNodeManager (SCMNodeManager.java:register(397)) - Registered Data node : c63b842e-4a18-4309-8e5f-a8e0aaa5a343{ip: 10.1.0.76, host: fv-az208-128.kmgg0fu2myoezeajip4j0sfi3d.cx.internal.cloudapp.net, ports: [REPLICATION=35169, RATIS=38751, RATIS_ADMIN=38751, RATIS_SERVER=38751, STANDALONE=46681], networkLocation: /default-rack, certSerialId: null, persistedOpState: null, persistedOpStateExpiryEpochSec: 0}
2022-10-11 08:12:45,781 [EventQueue-NewNodeForNewNodeHandler] INFO  pipeline.BackgroundPipelineCreator (BackgroundPipelineCreator.java:notifyEventTriggered(276)) - trigger a one-shot run on RatisPipelineUtilsThread.
2022-10-11 08:12:45,783 [RatisPipelineUtilsThread - 0] INFO  pipeline.RatisPipelineProvider (RatisPipelineProvider.java:lambda$create$0(195)) - Sending CreatePipelineCommand for pipeline:PipelineID=e6169ce9-83b0-4826-8a71-491bdff80810 to datanode:c63b842e-4a18-4309-8e5f-a8e0aaa5a343
2022-10-11 08:12:45,783 [RatisPipelineUtilsThread - 0] INFO  pipeline.PipelineStateManagerImpl (PipelineStateManagerImpl.java:addPipeline(103)) - Created pipeline Pipeline[ Id: e6169ce9-83b0-4826-8a71-491bdff80810, Nodes: c63b842e-4a18-4309-8e5f-a8e0aaa5a343{ip: 10.1.0.76, host: fv-az208-128.kmgg0fu2myoezeajip4j0sfi3d.cx.internal.cloudapp.net, ports: [REPLICATION=35169, RATIS=38751, RATIS_ADMIN=38751, RATIS_SERVER=38751, STANDALONE=46681], networkLocation: /default-rack, certSerialId: null, persistedOpState: IN_SERVICE, persistedOpStateExpiryEpochSec: 0}, ReplicationConfig: RATIS/ONE, State:ALLOCATED, leaderId:, CreationTimestamp2022-10-11T08:12:45.783Z[Etc/UTC]].
2022-10-11 08:12:45,781 [EventQueue-NodeRegistrationContainerReportForDataNodeSafeModeRule] INFO  safemode.SCMSafeModeManager (DataNodeSafeModeRule.java:process(71)) - SCM in safe mode. 3 DataNodes registered, 3 required.
2022-10-11 08:12:45,784 [EventQueue-NodeRegistrationContainerReportForDataNodeSafeModeRule] INFO  safemode.SCMSafeModeManager (SCMSafeModeManager.java:validateSafeModeExitRules(204)) - DataNodeSafeModeRule rule is successfully validated
2022-10-11 08:12:45,784 [EventQueue-NodeRegistrationContainerReportForDataNodeSafeModeRule] INFO  safemode.SCMSafeModeManager (SCMSafeModeManager.java:completePreCheck(233)) - All SCM safe mode pre check rules have passed
2022-10-11 08:12:45,784 [EventQueue-NodeRegistrationContainerReportForDataNodeSafeModeRule] WARN  events.EventQueue (EventQueue.java:fireEvent(216)) - No event handler registered for event TypedEvent{payloadType=SafeModeStatus, name='Safe mode status'}
2022-10-11 08:12:45,784 [EventQueue-NodeRegistrationContainerReportForDataNodeSafeModeRule] INFO  ha.SCMContext (SCMContext.java:updateSafeModeStatus(228)) - Update SafeModeStatus from SafeModeStatus{safeModeStatus=true, preCheckPassed=false} to SafeModeStatus{safeModeStatus=true, preCheckPassed=true}.
2022-10-11 08:12:45,784 [EventQueue-NodeRegistrationContainerReportForDataNodeSafeModeRule] INFO  pipeline.BackgroundPipelineCreator (BackgroundPipelineCreator.java:notifyEventTriggered(276)) - trigger a one-shot run on RatisPipelineUtilsThread.
2022-10-11 08:12:45,787 [RatisPipelineUtilsThread - 0] INFO  pipeline.RatisPipelineProvider (RatisPipelineProvider.java:lambda$create$0(195)) - Sending CreatePipelineCommand for pipeline:PipelineID=370728a8-a39a-4d11-a535-7922759ba704 to datanode:dfd1ace6-5921-4c65-82d6-ac571288ab09
2022-10-11 08:12:45,788 [RatisPipelineUtilsThread - 0] INFO  pipeline.RatisPipelineProvider (RatisPipelineProvider.java:lambda$create$0(195)) - Sending CreatePipelineCommand for pipeline:PipelineID=370728a8-a39a-4d11-a535-7922759ba704 to datanode:14b70a86-5100-4ed6-950c-f7248b89b6df
2022-10-11 08:12:45,788 [RatisPipelineUtilsThread - 0] INFO  pipeline.RatisPipelineProvider (RatisPipelineProvider.java:lambda$create$0(195)) - Sending CreatePipelineCommand for pipeline:PipelineID=370728a8-a39a-4d11-a535-7922759ba704 to datanode:c63b842e-4a18-4309-8e5f-a8e0aaa5a343
2022-10-11 08:12:45,789 [RatisPipelineUtilsThread - 0] INFO  pipeline.PipelineStateManagerImpl (PipelineStateManagerImpl.java:addPipeline(103)) - Created pipeline Pipeline[ Id: 370728a8-a39a-4d11-a535-7922759ba704, Nodes: dfd1ace6-5921-4c65-82d6-ac571288ab09{ip: 10.1.0.76, host: fv-az208-128.kmgg0fu2myoezeajip4j0sfi3d.cx.internal.cloudapp.net, ports: [REPLICATION=40621, RATIS=40081, RATIS_ADMIN=40081, RATIS_SERVER=40081, STANDALONE=45441], networkLocation: /default-rack, certSerialId: null, persistedOpState: IN_SERVICE, persistedOpStateExpiryEpochSec: 0}14b70a86-5100-4ed6-950c-f7248b89b6df{ip: 10.1.0.76, host: fv-az208-128.kmgg0fu2myoezeajip4j0sfi3d.cx.internal.cloudapp.net, ports: [REPLICATION=41539, RATIS=40211, RATIS_ADMIN=40211, RATIS_SERVER=40211, STANDALONE=45221], networkLocation: /default-rack, certSerialId: null, persistedOpState: IN_SERVICE, persistedOpStateExpiryEpochSec: 0}c63b842e-4a18-4309-8e5f-a8e0aaa5a343{ip: 10.1.0.76, host: fv-az208-128.kmgg0fu2myoezeajip4j0sfi3d.cx.internal.cloudapp.net, ports: [REPLICATION=35169, RATIS=38751, RATIS_ADMIN=38751, RATIS_SERVER=38751, STANDALONE=46681], networkLocation: /default-rack, certSerialId: null, persistedOpState: IN_SERVICE, persistedOpStateExpiryEpochSec: 0}, ReplicationConfig: RATIS/THREE, State:ALLOCATED, leaderId:, CreationTimestamp2022-10-11T08:12:45.787Z[Etc/UTC]].
2022-10-11 08:12:45,790 [RatisPipelineUtilsThread - 0] INFO  pipeline.RatisPipelineProvider (RatisPipelineProvider.java:lambda$create$0(195)) - Sending CreatePipelineCommand for pipeline:PipelineID=913e9ab8-67ae-4511-b6d0-3d059f13ad3a to datanode:dfd1ace6-5921-4c65-82d6-ac571288ab09
2022-10-11 08:12:45,790 [RatisPipelineUtilsThread - 0] INFO  pipeline.RatisPipelineProvider (RatisPipelineProvider.java:lambda$create$0(195)) - Sending CreatePipelineCommand for pipeline:PipelineID=913e9ab8-67ae-4511-b6d0-3d059f13ad3a to datanode:14b70a86-5100-4ed6-950c-f7248b89b6df
2022-10-11 08:12:45,790 [RatisPipelineUtilsThread - 0] INFO  pipeline.RatisPipelineProvider (RatisPipelineProvider.java:lambda$create$0(195)) - Sending CreatePipelineCommand for pipeline:PipelineID=913e9ab8-67ae-4511-b6d0-3d059f13ad3a to datanode:c63b842e-4a18-4309-8e5f-a8e0aaa5a343
2022-10-11 08:12:45,791 [RatisPipelineUtilsThread - 0] INFO  pipeline.PipelineStateManagerImpl (PipelineStateManagerImpl.java:addPipeline(103)) - Created pipeline Pipeline[ Id: 913e9ab8-67ae-4511-b6d0-3d059f13ad3a, Nodes: dfd1ace6-5921-4c65-82d6-ac571288ab09{ip: 10.1.0.76, host: fv-az208-128.kmgg0fu2myoezeajip4j0sfi3d.cx.internal.cloudapp.net, ports: [REPLICATION=40621, RATIS=40081, RATIS_ADMIN=40081, RATIS_SERVER=40081, STANDALONE=45441], networkLocation: /default-rack, certSerialId: null, persistedOpState: IN_SERVICE, persistedOpStateExpiryEpochSec: 0}14b70a86-5100-4ed6-950c-f7248b89b6df{ip: 10.1.0.76, host: fv-az208-128.kmgg0fu2myoezeajip4j0sfi3d.cx.internal.cloudapp.net, ports: [REPLICATION=41539, RATIS=40211, RATIS_ADMIN=40211, RATIS_SERVER=40211, STANDALONE=45221], networkLocation: /default-rack, certSerialId: null, persistedOpState: IN_SERVICE, persistedOpStateExpiryEpochSec: 0}c63b842e-4a18-4309-8e5f-a8e0aaa5a343{ip: 10.1.0.76, host: fv-az208-128.kmgg0fu2myoezeajip4j0sfi3d.cx.internal.cloudapp.net, ports: [REPLICATION=35169, RATIS=38751, RATIS_ADMIN=38751, RATIS_SERVER=38751, STANDALONE=46681], networkLocation: /default-rack, certSerialId: null, persistedOpState: IN_SERVICE, persistedOpStateExpiryEpochSec: 0}, ReplicationConfig: RATIS/THREE, State:ALLOCATED, leaderId:, CreationTimestamp2022-10-11T08:12:45.790Z[Etc/UTC]].
2022-10-11 08:12:45,791 [RatisPipelineUtilsThread - 0] INFO  pipeline.PipelineManagerImpl (PipelineManagerImpl.java:recordMetricsForPipeline(796)) - Pipeline: PipelineID=913e9ab8-67ae-4511-b6d0-3d059f13ad3a contains same datanodes as previous pipelines: PipelineID=370728a8-a39a-4d11-a535-7922759ba704 nodeIds: dfd1ace6-5921-4c65-82d6-ac571288ab09, 14b70a86-5100-4ed6-950c-f7248b89b6df, c63b842e-4a18-4309-8e5f-a8e0aaa5a343
2022-10-11 08:12:46,099 [IPC Server handler 7 on default port 41371] INFO  net.NetworkTopologyImpl (NetworkTopologyImpl.java:add(112)) - Added a new node: /default-rack/d1cf34d5-c92a-430e-aa0c-9bc6323d5bcc
2022-10-11 08:12:46,100 [IPC Server handler 7 on default port 41371] INFO  node.SCMNodeManager (SCMNodeManager.java:register(397)) - Registered Data node : d1cf34d5-c92a-430e-aa0c-9bc6323d5bcc{ip: 10.1.0.76, host: fv-az208-128.kmgg0fu2myoezeajip4j0sfi3d.cx.internal.cloudapp.net, ports: [REPLICATION=39895, RATIS=35681, RATIS_ADMIN=35681, RATIS_SERVER=35681, STANDALONE=43135], networkLocation: /default-rack, certSerialId: null, persistedOpState: null, persistedOpStateExpiryEpochSec: 0}
2022-10-11 08:12:46,101 [EventQueue-NewNodeForNewNodeHandler] INFO  pipeline.BackgroundPipelineCreator (BackgroundPipelineCreator.java:notifyEventTriggered(276)) - trigger a one-shot run on RatisPipelineUtilsThread.
2022-10-11 08:12:46,103 [RatisPipelineUtilsThread - 0] INFO  pipeline.RatisPipelineProvider (RatisPipelineProvider.java:lambda$create$0(195)) - Sending CreatePipelineCommand for pipeline:PipelineID=dd5e6055-a855-4257-bdda-7b5d9bb4ad55 to datanode:d1cf34d5-c92a-430e-aa0c-9bc6323d5bcc
2022-10-11 08:12:46,104 [RatisPipelineUtilsThread - 0] INFO  pipeline.PipelineStateManagerImpl (PipelineStateManagerImpl.java:addPipeline(103)) - Created pipeline Pipeline[ Id: dd5e6055-a855-4257-bdda-7b5d9bb4ad55, Nodes: d1cf34d5-c92a-430e-aa0c-9bc6323d5bcc{ip: 10.1.0.76, host: fv-az208-128.kmgg0fu2myoezeajip4j0sfi3d.cx.internal.cloudapp.net, ports: [REPLICATION=39895, RATIS=35681, RATIS_ADMIN=35681, RATIS_SERVER=35681, STANDALONE=43135], networkLocation: /default-rack, certSerialId: null, persistedOpState: IN_SERVICE, persistedOpStateExpiryEpochSec: 0}, ReplicationConfig: RATIS/ONE, State:ALLOCATED, leaderId:, CreationTimestamp2022-10-11T08:12:46.102Z[Etc/UTC]].
2022-10-11 08:12:46,356 [Listener at 127.0.0.1/39113] INFO  ozone.MiniOzoneClusterImpl (MiniOzoneClusterImpl.java:lambda$waitForClusterToBeReady$0(216)) - Waiting for nodes to be ready. Got 4 of 5 DN Heartbeats.
2022-10-11 08:12:46,357 [Listener at 127.0.0.1/39113] INFO  ozone.MiniOzoneClusterImpl (MiniOzoneClusterImpl.java:lambda$waitForClusterToBeReady$0(219)) - Waiting for cluster to exit safe mode
2022-10-11 08:12:46,357 [Listener at 127.0.0.1/39113] INFO  ozone.MiniOzoneClusterImpl (MiniOzoneClusterImpl.java:lambda$waitForClusterToBeReady$0(221)) - SCM became leader
2022-10-11 08:12:46,368 [IPC Server handler 6 on default port 41371] INFO  net.NetworkTopologyImpl (NetworkTopologyImpl.java:add(112)) - Added a new node: /default-rack/fa8aad91-dc65-4636-ad1d-3225222ce3fd
2022-10-11 08:12:46,369 [IPC Server handler 6 on default port 41371] INFO  node.SCMNodeManager (SCMNodeManager.java:register(397)) - Registered Data node : fa8aad91-dc65-4636-ad1d-3225222ce3fd{ip: 10.1.0.76, host: fv-az208-128.kmgg0fu2myoezeajip4j0sfi3d.cx.internal.cloudapp.net, ports: [REPLICATION=35313, RATIS=41289, RATIS_ADMIN=41289, RATIS_SERVER=41289, STANDALONE=43933], networkLocation: /default-rack, certSerialId: null, persistedOpState: null, persistedOpStateExpiryEpochSec: 0}
2022-10-11 08:12:46,370 [EventQueue-NewNodeForNewNodeHandler] INFO  pipeline.BackgroundPipelineCreator (BackgroundPipelineCreator.java:notifyEventTriggered(276)) - trigger a one-shot run on RatisPipelineUtilsThread.
2022-10-11 08:12:46,370 [RatisPipelineUtilsThread - 0] INFO  pipeline.RatisPipelineProvider (RatisPipelineProvider.java:lambda$create$0(195)) - Sending CreatePipelineCommand for pipeline:PipelineID=1c304bc5-ed31-40e3-b9d5-bffd0efae241 to datanode:fa8aad91-dc65-4636-ad1d-3225222ce3fd
2022-10-11 08:12:46,371 [RatisPipelineUtilsThread - 0] INFO  pipeline.PipelineStateManagerImpl (PipelineStateManagerImpl.java:addPipeline(103)) - Created pipeline Pipeline[ Id: 1c304bc5-ed31-40e3-b9d5-bffd0efae241, Nodes: fa8aad91-dc65-4636-ad1d-3225222ce3fd{ip: 10.1.0.76, host: fv-az208-128.kmgg0fu2myoezeajip4j0sfi3d.cx.internal.cloudapp.net, ports: [REPLICATION=35313, RATIS=41289, RATIS_ADMIN=41289, RATIS_SERVER=41289, STANDALONE=43933], networkLocation: /default-rack, certSerialId: null, persistedOpState: IN_SERVICE, persistedOpStateExpiryEpochSec: 0}, ReplicationConfig: RATIS/ONE, State:ALLOCATED, leaderId:, CreationTimestamp2022-10-11T08:12:46.370Z[Etc/UTC]].
2022-10-11 08:12:47,358 [Listener at 127.0.0.1/39113] INFO  ozone.MiniOzoneClusterImpl (MiniOzoneClusterImpl.java:lambda$waitForClusterToBeReady$0(216)) - Nodes are ready. Got 5 of 5 DN Heartbeats.
2022-10-11 08:12:47,358 [Listener at 127.0.0.1/39113] INFO  ozone.MiniOzoneClusterImpl (MiniOzoneClusterImpl.java:lambda$waitForClusterToBeReady$0(219)) - Waiting for cluster to exit safe mode
2022-10-11 08:12:47,358 [Listener at 127.0.0.1/39113] INFO  ozone.MiniOzoneClusterImpl (MiniOzoneClusterImpl.java:lambda$waitForClusterToBeReady$0(221)) - SCM became leader
2022-10-11 08:12:47,953 [Command processor thread] INFO  server.RaftServer (RaftServerProxy.java:addNew(96)) - dfd1ace6-5921-4c65-82d6-ac571288ab09: addNew group-0BC905CEAE89:[dfd1ace6-5921-4c65-82d6-ac571288ab09|rpc:10.1.0.76:40081|priority:1] returns group-0BC905CEAE89:java.util.concurrent.CompletableFuture@2418c572[Not completed]
2022-10-11 08:12:47,964 [pool-73-thread-1] INFO  server.RaftServer$Division (RaftServerImpl.java:<init>(190)) - dfd1ace6-5921-4c65-82d6-ac571288ab09: new RaftServerImpl for group-0BC905CEAE89:[dfd1ace6-5921-4c65-82d6-ac571288ab09|rpc:10.1.0.76:40081|priority:1] with ContainerStateMachine:uninitialized
2022-10-11 08:12:47,964 [pool-73-thread-1] INFO  server.RaftServerConfigKeys (ConfUtils.java:logGet(46)) - raft.server.rpc.timeout.min = 5s (custom)
2022-10-11 08:12:47,964 [pool-73-thread-1] INFO  server.RaftServerConfigKeys (ConfUtils.java:logGet(46)) - raft.server.rpc.timeout.max = 5200ms (custom)
2022-10-11 08:12:47,964 [pool-73-thread-1] INFO  server.RaftServerConfigKeys (ConfUtils.java:logGet(46)) - raft.server.rpc.sleep.time = 25ms (default)
2022-10-11 08:12:47,964 [pool-73-thread-1] INFO  server.RaftServerConfigKeys (ConfUtils.java:logGet(46)) - raft.server.rpc.slowness.timeout = 300s (custom)
2022-10-11 08:12:47,964 [pool-73-thread-1] INFO  server.RaftServerConfigKeys (ConfUtils.java:logGet(46)) - raft.server.leaderelection.leader.step-down.wait-time = 10s (default)
2022-10-11 08:12:47,964 [pool-73-thread-1] INFO  server.RaftServerConfigKeys (ConfUtils.java:logGet(46)) - raft.server.sleep.deviation.threshold = 300ms (default)
2022-10-11 08:12:47,964 [pool-73-thread-1] INFO  server.RaftServer$Division (ServerState.java:<init>(107)) - dfd1ace6-5921-4c65-82d6-ac571288ab09@group-0BC905CEAE89: ConfigurationManager, init=-1: [dfd1ace6-5921-4c65-82d6-ac571288ab09|rpc:10.1.0.76:40081|priority:1], old=null, confs=<EMPTY_MAP>
2022-10-11 08:12:47,964 [pool-73-thread-1] INFO  server.RaftServerConfigKeys (ConfUtils.java:logGet(46)) - raft.server.storage.dir = [/home/runner/work/ozone/ozone/hadoop-ozone/integration-test/target/test-dir/MiniOzoneClusterImpl-a7be04a2-0db3-4748-8f74-6a3cfa6a7101/datanode-0/data/ratis] (custom)
2022-10-11 08:12:47,964 [pool-73-thread-1] INFO  server.RaftServerConfigKeys (ConfUtils.java:logGet(46)) - raft.server.log.corruption.policy = EXCEPTION (default)
2022-10-11 08:12:47,964 [pool-73-thread-1] INFO  server.RaftServerConfigKeys (ConfUtils.java:logGet(46)) - raft.server.storage.free-space.min = 0MB (=0) (default)
2022-10-11 08:12:47,964 [pool-73-thread-1] INFO  storage.RaftStorageDirectory (RaftStorageDirectoryImpl.java:analyzeStorage(135)) - The storage directory /home/runner/work/ozone/ozone/hadoop-ozone/integration-test/target/test-dir/MiniOzoneClusterImpl-a7be04a2-0db3-4748-8f74-6a3cfa6a7101/datanode-0/data/ratis/223cc56a-157a-4cfd-a7f0-0bc905ceae89 does not exist. Creating ...
2022-10-11 08:12:47,966 [pool-73-thread-1] INFO  storage.RaftStorageDirectory (RaftStorageDirectoryImpl.java:tryLock(230)) - Lock on /home/runner/work/ozone/ozone/hadoop-ozone/integration-test/target/test-dir/MiniOzoneClusterImpl-a7be04a2-0db3-4748-8f74-6a3cfa6a7101/datanode-0/data/ratis/223cc56a-157a-4cfd-a7f0-0bc905ceae89/in_use.lock acquired by nodename 138003@fv-az208-128
2022-10-11 08:12:47,967 [pool-73-thread-1] INFO  storage.RaftStorage (RaftStorageImpl.java:format(89)) - Storage directory /home/runner/work/ozone/ozone/hadoop-ozone/integration-test/target/test-dir/MiniOzoneClusterImpl-a7be04a2-0db3-4748-8f74-6a3cfa6a7101/datanode-0/data/ratis/223cc56a-157a-4cfd-a7f0-0bc905ceae89 has been successfully formatted.
2022-10-11 08:12:47,972 [pool-73-thread-1] INFO  ratis.ContainerStateMachine (ContainerStateMachine.java:loadSnapshot(236)) - group-0BC905CEAE89: The snapshot info is null. Setting the last applied indexto:(t:0, i:~)
2022-10-11 08:12:47,972 [pool-73-thread-1] INFO  server.RaftServerConfigKeys (ConfUtils.java:logGet(46)) - raft.server.notification.no-leader.timeout = 300s (custom)
2022-10-11 08:12:47,972 [pool-73-thread-1] INFO  server.RaftServerConfigKeys (ConfUtils.java:logGet(46)) - raft.server.log.use.memory = false (default)
2022-10-11 08:12:47,972 [pool-73-thread-1] INFO  server.RaftServerConfigKeys (ConfUtils.java:logGet(46)) - raft.server.log.purge.gap = 1000000 (custom)
2022-10-11 08:12:47,972 [pool-73-thread-1] INFO  server.RaftServerConfigKeys (ConfUtils.java:logGet(46)) - raft.server.log.appender.buffer.byte-limit = 33554432 (custom)
2022-10-11 08:12:47,972 [pool-73-thread-1] INFO  server.RaftServerConfigKeys (ConfUtils.java:logGet(46)) - raft.server.log.statemachine.data.read.timeout = 1000ms (default)
2022-10-11 08:12:47,973 [pool-73-thread-1] INFO  server.RaftServerConfigKeys (ConfUtils.java:logGet(46)) - raft.server.log.segment.size.max = 1048576 (custom)
2022-10-11 08:12:47,973 [pool-73-thread-1] INFO  server.RaftServerConfigKeys (ConfUtils.java:logGet(46)) - raft.server.log.segment.cache.num.max = 2 (custom)
2022-10-11 08:12:47,973 [pool-73-thread-1] INFO  server.RaftServerConfigKeys (ConfUtils.java:logGet(46)) - raft.server.log.segment.cache.size.max = 200MB (=209715200) (default)
2022-10-11 08:12:47,973 [pool-73-thread-1] INFO  segmented.SegmentedRaftLogWorker (SegmentedRaftLogWorker.java:<init>(187)) - new dfd1ace6-5921-4c65-82d6-ac571288ab09@group-0BC905CEAE89-SegmentedRaftLogWorker for RaftStorageImpl:Storage Directory /home/runner/work/ozone/ozone/hadoop-ozone/integration-test/target/test-dir/MiniOzoneClusterImpl-a7be04a2-0db3-4748-8f74-6a3cfa6a7101/datanode-0/data/ratis/223cc56a-157a-4cfd-a7f0-0bc905ceae89
2022-10-11 08:12:47,973 [pool-73-thread-1] INFO  server.RaftServerConfigKeys (ConfUtils.java:logGet(46)) - raft.server.log.queue.byte-limit = 4294967296 (custom)
2022-10-11 08:12:47,974 [pool-73-thread-1] INFO  server.RaftServerConfigKeys (ConfUtils.java:logGet(46)) - raft.server.log.queue.element-limit = 1024 (custom)
2022-10-11 08:12:47,974 [pool-73-thread-1] INFO  server.RaftServerConfigKeys (ConfUtils.java:logGet(46)) - raft.server.log.segment.size.max = 1048576 (custom)
2022-10-11 08:12:47,974 [pool-73-thread-1] INFO  server.RaftServerConfigKeys (ConfUtils.java:logGet(46)) - raft.server.log.preallocated.size = 16384 (custom)
2022-10-11 08:12:47,974 [pool-73-thread-1] INFO  server.RaftServerConfigKeys (ConfUtils.java:logGet(46)) - raft.server.log.force.sync.num = 128 (default)
2022-10-11 08:12:47,974 [pool-73-thread-1] INFO  server.RaftServerConfigKeys (ConfUtils.java:logGet(46)) - raft.server.log.statemachine.data.sync = true (default)
2022-10-11 08:12:47,974 [pool-73-thread-1] INFO  server.RaftServerConfigKeys (ConfUtils.java:logGet(46)) - raft.server.log.statemachine.data.sync.timeout = 10s (default)
2022-10-11 08:12:47,974 [pool-73-thread-1] INFO  server.RaftServerConfigKeys (ConfUtils.java:logGet(46)) - raft.server.log.statemachine.data.sync.timeout.retry = -1 (default)
2022-10-11 08:12:47,975 [pool-73-thread-1] INFO  server.RaftServerConfigKeys (ConfUtils.java:logGet(46)) - raft.server.log.write.buffer.size = 1048576 (custom)
2022-10-11 08:12:47,976 [pool-73-thread-1] INFO  server.RaftServerConfigKeys (ConfUtils.java:logGet(46)) - raft.server.log.unsafe-flush.enabled = false (default)
2022-10-11 08:12:47,976 [pool-73-thread-1] INFO  server.RaftServerConfigKeys (ConfUtils.java:logGet(46)) - raft.server.log.statemachine.data.caching.enabled = true (custom)
2022-10-11 08:12:47,976 [pool-73-thread-1] INFO  segmented.SegmentedRaftLogWorker (SegmentedRaftLogWorker.java:lambda$new$0(135)) - dfd1ace6-5921-4c65-82d6-ac571288ab09@group-0BC905CEAE89-SegmentedRaftLogWorker: flushIndex: setUnconditionally 0 -> -1
2022-10-11 08:12:47,976 [pool-73-thread-1] INFO  segmented.SegmentedRaftLogWorker (SegmentedRaftLogWorker.java:lambda$new$0(135)) - dfd1ace6-5921-4c65-82d6-ac571288ab09@group-0BC905CEAE89-SegmentedRaftLogWorker: safeCacheEvictIndex: setUnconditionally 0 -> -1
2022-10-11 08:12:47,986 [pool-73-thread-1] INFO  server.RaftServerConfigKeys (ConfUtils.java:logGet(46)) - raft.server.snapshot.auto.trigger.enabled = true (custom)
2022-10-11 08:12:47,986 [pool-73-thread-1] INFO  server.RaftServerConfigKeys (ConfUtils.java:logGet(46)) - raft.server.snapshot.auto.trigger.threshold = 10000 (custom)
2022-10-11 08:12:47,987 [pool-73-thread-1] INFO  server.RaftServerConfigKeys (ConfUtils.java:logGet(46)) - raft.server.snapshot.retention.file.num = 5 (custom)
2022-10-11 08:12:47,987 [pool-73-thread-1] INFO  server.RaftServerConfigKeys (ConfUtils.java:logGet(46)) - raft.server.log.purge.upto.snapshot.index = false (default)
2022-10-11 08:12:47,987 [pool-73-thread-1] INFO  server.RaftServerConfigKeys (ConfUtils.java:logGet(46)) - raft.server.retrycache.expirytime = 600000ms (custom)
2022-10-11 08:12:47,987 [pool-73-thread-1] INFO  server.RaftServerConfigKeys (ConfUtils.java:logGet(46)) - raft.server.retrycache.statistics.expirytime = 100μs (default)
2022-10-11 08:12:47,989 [pool-73-thread-1] INFO  server.RaftServerConfigKeys (ConfUtils.java:logGet(46)) - raft.server.log.appender.install.snapshot.enabled = false (custom)
2022-10-11 08:12:47,989 [pool-73-thread-1] INFO  server.RaftServerConfigKeys (ConfUtils.java:logGet(46)) - raft.server.threadpool.server.cached = true (default)
2022-10-11 08:12:47,989 [pool-73-thread-1] INFO  server.RaftServerConfigKeys (ConfUtils.java:logGet(46)) - raft.server.threadpool.server.size = 0 (default)
2022-10-11 08:12:47,989 [pool-73-thread-1] INFO  server.RaftServerConfigKeys (ConfUtils.java:logGet(46)) - raft.server.threadpool.client.cached = true (default)
2022-10-11 08:12:47,989 [pool-73-thread-1] INFO  server.RaftServerConfigKeys (ConfUtils.java:logGet(46)) - raft.server.threadpool.client.size = 0 (default)
2022-10-11 08:12:47,989 [pool-73-thread-1] INFO  server.RaftServer$Division (RaftServerImpl.java:start(310)) - dfd1ace6-5921-4c65-82d6-ac571288ab09@group-0BC905CEAE89: start as a follower, conf=-1: [dfd1ace6-5921-4c65-82d6-ac571288ab09|rpc:10.1.0.76:40081|priority:1], old=null
2022-10-11 08:12:47,990 [pool-73-thread-1] INFO  server.RaftServer$Division (RaftServerImpl.java:setRole(299)) - dfd1ace6-5921-4c65-82d6-ac571288ab09@group-0BC905CEAE89: changes role from      null to FOLLOWER at term 0 for startAsFollower
2022-10-11 08:12:47,990 [pool-73-thread-1] INFO  impl.RoleInfo (RoleInfo.java:updateAndGet(139)) - dfd1ace6-5921-4c65-82d6-ac571288ab09: start dfd1ace6-5921-4c65-82d6-ac571288ab09@group-0BC905CEAE89-FollowerState
2022-10-11 08:12:47,991 [pool-73-thread-1] INFO  util.JmxRegister (JmxRegister.java:tryRegister(44)) - Successfully registered JMX Bean with object name Ratis:service=RaftServer,group=group-0BC905CEAE89,id=dfd1ace6-5921-4c65-82d6-ac571288ab09
2022-10-11 08:12:48,001 [Command processor thread] INFO  ratis.XceiverServerRatis (XceiverServerRatis.java:addGroup(765)) - Created group PipelineID=223cc56a-157a-4cfd-a7f0-0bc905ceae89
2022-10-11 08:12:48,006 [EventQueue-PipelineReportForPipelineReportHandler] INFO  pipeline.PipelineManagerImpl (PipelineManagerImpl.java:openPipeline(367)) - Pipeline Pipeline[ Id: 223cc56a-157a-4cfd-a7f0-0bc905ceae89, Nodes: dfd1ace6-5921-4c65-82d6-ac571288ab09{ip: 10.1.0.76, host: fv-az208-128.kmgg0fu2myoezeajip4j0sfi3d.cx.internal.cloudapp.net, ports: [REPLICATION=40621, RATIS=40081, RATIS_ADMIN=40081, RATIS_SERVER=40081, STANDALONE=45441], networkLocation: /default-rack, certSerialId: null, persistedOpState: IN_SERVICE, persistedOpStateExpiryEpochSec: 0}, ReplicationConfig: RATIS/ONE, State:ALLOCATED, leaderId:dfd1ace6-5921-4c65-82d6-ac571288ab09, CreationTimestamp2022-10-11T08:12:44.969Z[Etc/UTC]] moved to OPEN state
2022-10-11 08:12:48,006 [Command processor thread] INFO  commandhandler.CreatePipelineCommandHandler (CreatePipelineCommandHandler.java:handle(113)) - Created Pipeline RATIS ONE PipelineID=223cc56a-157a-4cfd-a7f0-0bc905ceae89.
2022-10-11 08:12:48,007 [Command processor thread] INFO  server.RaftServer (RaftServerProxy.java:addNew(96)) - dfd1ace6-5921-4c65-82d6-ac571288ab09: addNew group-7922759BA704:[14b70a86-5100-4ed6-950c-f7248b89b6df|rpc:10.1.0.76:40211|priority:0, dfd1ace6-5921-4c65-82d6-ac571288ab09|rpc:10.1.0.76:40081|priority:1, c63b842e-4a18-4309-8e5f-a8e0aaa5a343|rpc:10.1.0.76:38751|priority:0] returns group-7922759BA704:java.util.concurrent.CompletableFuture@46cd8d0e[Not completed]
2022-10-11 08:12:48,008 [EventQueue-OpenPipelineForHealthyPipelineSafeModeRule] INFO  safemode.SCMSafeModeManager (HealthyPipelineSafeModeRule.java:process(137)) - SCM in safe mode. Healthy pipelines reported count is 0, required healthy pipeline reported count is 1
2022-10-11 08:12:48,009 [pool-73-thread-1] INFO  server.RaftServer$Division (RaftServerImpl.java:<init>(190)) - dfd1ace6-5921-4c65-82d6-ac571288ab09: new RaftServerImpl for group-7922759BA704:[14b70a86-5100-4ed6-950c-f7248b89b6df|rpc:10.1.0.76:40211|priority:0, dfd1ace6-5921-4c65-82d6-ac571288ab09|rpc:10.1.0.76:40081|priority:1, c63b842e-4a18-4309-8e5f-a8e0aaa5a343|rpc:10.1.0.76:38751|priority:0] with ContainerStateMachine:uninitialized
2022-10-11 08:12:48,009 [pool-73-thread-1] INFO  server.RaftServerConfigKeys (ConfUtils.java:logGet(46)) - raft.server.rpc.timeout.min = 5s (custom)
2022-10-11 08:12:48,009 [pool-73-thread-1] INFO  server.RaftServerConfigKeys (ConfUtils.java:logGet(46)) - raft.server.rpc.timeout.max = 5200ms (custom)
2022-10-11 08:12:48,009 [pool-73-thread-1] INFO  server.RaftServerConfigKeys (ConfUtils.java:logGet(46)) - raft.server.rpc.sleep.time = 25ms (default)
2022-10-11 08:12:48,009 [pool-73-thread-1] INFO  server.RaftServerConfigKeys (ConfUtils.java:logGet(46)) - raft.server.rpc.slowness.timeout = 300s (custom)
2022-10-11 08:12:48,009 [pool-73-thread-1] INFO  server.RaftServerConfigKeys (ConfUtils.java:logGet(46)) - raft.server.leaderelection.leader.step-down.wait-time = 10s (default)
2022-10-11 08:12:48,009 [pool-73-thread-1] INFO  server.RaftServerConfigKeys (ConfUtils.java:logGet(46)) - raft.server.sleep.deviation.threshold = 300ms (default)
2022-10-11 08:12:48,009 [pool-73-thread-1] INFO  server.RaftServer$Division (ServerState.java:<init>(107)) - dfd1ace6-5921-4c65-82d6-ac571288ab09@group-7922759BA704: ConfigurationManager, init=-1: [14b70a86-5100-4ed6-950c-f7248b89b6df|rpc:10.1.0.76:40211|priority:0, dfd1ace6-5921-4c65-82d6-ac571288ab09|rpc:10.1.0.76:40081|priority:1, c63b842e-4a18-4309-8e5f-a8e0aaa5a343|rpc:10.1.0.76:38751|priority:0], old=null, confs=<EMPTY_MAP>
2022-10-11 08:12:48,009 [pool-73-thread-1] INFO  server.RaftServerConfigKeys (ConfUtils.java:logGet(46)) - raft.server.storage.dir = [/home/runner/work/ozone/ozone/hadoop-ozone/integration-test/target/test-dir/MiniOzoneClusterImpl-a7be04a2-0db3-4748-8f74-6a3cfa6a7101/datanode-0/data/ratis] (custom)
2022-10-11 08:12:48,009 [pool-73-thread-1] INFO  server.RaftServerConfigKeys (ConfUtils.java:logGet(46)) - raft.server.log.corruption.policy = EXCEPTION (default)
2022-10-11 08:12:48,009 [pool-73-thread-1] INFO  server.RaftServerConfigKeys (ConfUtils.java:logGet(46)) - raft.server.storage.free-space.min = 0MB (=0) (default)
2022-10-11 08:12:48,010 [pool-73-thread-1] INFO  storage.RaftStorageDirectory (RaftStorageDirectoryImpl.java:analyzeStorage(135)) - The storage directory /home/runner/work/ozone/ozone/hadoop-ozone/integration-test/target/test-dir/MiniOzoneClusterImpl-a7be04a2-0db3-4748-8f74-6a3cfa6a7101/datanode-0/data/ratis/370728a8-a39a-4d11-a535-7922759ba704 does not exist. Creating ...
2022-10-11 08:12:48,011 [pool-73-thread-1] INFO  storage.RaftStorageDirectory (RaftStorageDirectoryImpl.java:tryLock(230)) - Lock on /home/runner/work/ozone/ozone/hadoop-ozone/integration-test/target/test-dir/MiniOzoneClusterImpl-a7be04a2-0db3-4748-8f74-6a3cfa6a7101/datanode-0/data/ratis/370728a8-a39a-4d11-a535-7922759ba704/in_use.lock acquired by nodename 138003@fv-az208-128
2022-10-11 08:12:48,012 [pool-73-thread-1] INFO  storage.RaftStorage (RaftStorageImpl.java:format(89)) - Storage directory /home/runner/work/ozone/ozone/hadoop-ozone/integration-test/target/test-dir/MiniOzoneClusterImpl-a7be04a2-0db3-4748-8f74-6a3cfa6a7101/datanode-0/data/ratis/370728a8-a39a-4d11-a535-7922759ba704 has been successfully formatted.
2022-10-11 08:12:48,013 [pool-73-thread-1] INFO  ratis.ContainerStateMachine (ContainerStateMachine.java:loadSnapshot(236)) - group-7922759BA704: The snapshot info is null. Setting the last applied indexto:(t:0, i:~)
2022-10-11 08:12:48,013 [pool-73-thread-1] INFO  server.RaftServerConfigKeys (ConfUtils.java:logGet(46)) - raft.server.notification.no-leader.timeout = 300s (custom)
2022-10-11 08:12:48,013 [pool-73-thread-1] INFO  server.RaftServerConfigKeys (ConfUtils.java:logGet(46)) - raft.server.log.use.memory = false (default)
2022-10-11 08:12:48,013 [pool-73-thread-1] INFO  server.RaftServerConfigKeys (ConfUtils.java:logGet(46)) - raft.server.log.purge.gap = 1000000 (custom)
2022-10-11 08:12:48,013 [pool-73-thread-1] INFO  server.RaftServerConfigKeys (ConfUtils.java:logGet(46)) - raft.server.log.appender.buffer.byte-limit = 33554432 (custom)
2022-10-11 08:12:48,013 [pool-73-thread-1] INFO  server.RaftServerConfigKeys (ConfUtils.java:logGet(46)) - raft.server.log.statemachine.data.read.timeout = 1000ms (default)
2022-10-11 08:12:48,013 [pool-73-thread-1] INFO  server.RaftServerConfigKeys (ConfUtils.java:logGet(46)) - raft.server.log.segment.size.max = 1048576 (custom)
2022-10-11 08:12:48,015 [EventQueue-OpenPipelineForHealthyPipelineSafeModeRule] INFO  safemode.SCMSafeModeManager (HealthyPipelineSafeModeRule.java:process(137)) - SCM in safe mode. Healthy pipelines reported count is 0, required healthy pipeline reported count is 1
2022-10-11 08:12:48,017 [pool-73-thread-1] INFO  server.RaftServerConfigKeys (ConfUtils.java:logGet(46)) - raft.server.log.segment.cache.num.max = 2 (custom)
2022-10-11 08:12:48,017 [pool-73-thread-1] INFO  server.RaftServerConfigKeys (ConfUtils.java:logGet(46)) - raft.server.log.segment.cache.size.max = 200MB (=209715200) (default)
2022-10-11 08:12:48,017 [pool-73-thread-1] INFO  segmented.SegmentedRaftLogWorker (SegmentedRaftLogWorker.java:<init>(187)) - new dfd1ace6-5921-4c65-82d6-ac571288ab09@group-7922759BA704-SegmentedRaftLogWorker for RaftStorageImpl:Storage Directory /home/runner/work/ozone/ozone/hadoop-ozone/integration-test/target/test-dir/MiniOzoneClusterImpl-a7be04a2-0db3-4748-8f74-6a3cfa6a7101/datanode-0/data/ratis/370728a8-a39a-4d11-a535-7922759ba704
2022-10-11 08:12:48,017 [pool-73-thread-1] INFO  server.RaftServerConfigKeys (ConfUtils.java:logGet(46)) - raft.server.log.queue.byte-limit = 4294967296 (custom)
2022-10-11 08:12:48,017 [pool-73-thread-1] INFO  server.RaftServerConfigKeys (ConfUtils.java:logGet(46)) - raft.server.log.queue.element-limit = 1024 (custom)
2022-10-11 08:12:48,017 [pool-73-thread-1] INFO  server.RaftServerConfigKeys (ConfUtils.java:logGet(46)) - raft.server.log.segment.size.max = 1048576 (custom)
2022-10-11 08:12:48,017 [pool-73-thread-1] INFO  server.RaftServerConfigKeys (ConfUtils.java:logGet(46)) - raft.server.log.preallocated.size = 16384 (custom)
2022-10-11 08:12:48,017 [pool-73-thread-1] INFO  server.RaftServerConfigKeys (ConfUtils.java:logGet(46)) - raft.server.log.force.sync.num = 128 (default)
2022-10-11 08:12:48,017 [pool-73-thread-1] INFO  server.RaftServerConfigKeys (ConfUtils.java:logGet(46)) - raft.server.log.statemachine.data.sync = true (default)
2022-10-11 08:12:48,017 [pool-73-thread-1] INFO  server.RaftServerConfigKeys (ConfUtils.java:logGet(46)) - raft.server.log.statemachine.data.sync.timeout = 10s (default)
2022-10-11 08:12:48,017 [pool-73-thread-1] INFO  server.RaftServerConfigKeys (ConfUtils.java:logGet(46)) - raft.server.log.statemachine.data.sync.timeout.retry = -1 (default)
2022-10-11 08:12:48,019 [pool-73-thread-1] INFO  server.RaftServerConfigKeys (ConfUtils.java:logGet(46)) - raft.server.log.write.buffer.size = 1048576 (custom)
2022-10-11 08:12:48,019 [pool-73-thread-1] INFO  server.RaftServerConfigKeys (ConfUtils.java:logGet(46)) - raft.server.log.unsafe-flush.enabled = false (default)
2022-10-11 08:12:48,020 [pool-73-thread-1] INFO  server.RaftServerConfigKeys (ConfUtils.java:logGet(46)) - raft.server.log.statemachine.data.caching.enabled = true (custom)
2022-10-11 08:12:48,020 [pool-73-thread-1] INFO  segmented.SegmentedRaftLogWorker (SegmentedRaftLogWorker.java:lambda$new$0(135)) - dfd1ace6-5921-4c65-82d6-ac571288ab09@group-7922759BA704-SegmentedRaftLogWorker: flushIndex: setUnconditionally 0 -> -1
2022-10-11 08:12:48,020 [pool-73-thread-1] INFO  segmented.SegmentedRaftLogWorker (SegmentedRaftLogWorker.java:lambda$new$0(135)) - dfd1ace6-5921-4c65-82d6-ac571288ab09@group-7922759BA704-SegmentedRaftLogWorker: safeCacheEvictIndex: setUnconditionally 0 -> -1
2022-10-11 08:12:48,020 [pool-73-thread-1] INFO  server.RaftServerConfigKeys (ConfUtils.java:logGet(46)) - raft.server.snapshot.auto.trigger.enabled = true (custom)
2022-10-11 08:12:48,020 [pool-73-thread-1] INFO  server.RaftServerConfigKeys (ConfUtils.java:logGet(46)) - raft.server.snapshot.auto.trigger.threshold = 10000 (custom)
2022-10-11 08:12:48,020 [pool-73-thread-1] INFO  server.RaftServerConfigKeys (ConfUtils.java:logGet(46)) - raft.server.snapshot.retention.file.num = 5 (custom)
2022-10-11 08:12:48,020 [pool-73-thread-1] INFO  server.RaftServerConfigKeys (ConfUtils.java:logGet(46)) - raft.server.log.purge.upto.snapshot.index = false (default)
2022-10-11 08:12:48,020 [pool-73-thread-1] INFO  server.RaftServerConfigKeys (ConfUtils.java:logGet(46)) - raft.server.retrycache.expirytime = 600000ms (custom)
2022-10-11 08:12:48,020 [pool-73-thread-1] INFO  server.RaftServerConfigKeys (ConfUtils.java:logGet(46)) - raft.server.retrycache.statistics.expirytime = 100μs (default)
2022-10-11 08:12:48,022 [pool-73-thread-1] INFO  server.RaftServerConfigKeys (ConfUtils.java:logGet(46)) - raft.server.log.appender.install.snapshot.enabled = false (custom)
2022-10-11 08:12:48,022 [pool-73-thread-1] INFO  server.RaftServerConfigKeys (ConfUtils.java:logGet(46)) - raft.server.threadpool.server.cached = true (default)
2022-10-11 08:12:48,022 [pool-73-thread-1] INFO  server.RaftServerConfigKeys (ConfUtils.java:logGet(46)) - raft.server.threadpool.server.size = 0 (default)
2022-10-11 08:12:48,022 [pool-73-thread-1] INFO  server.RaftServerConfigKeys (ConfUtils.java:logGet(46)) - raft.server.threadpool.client.cached = true (default)
2022-10-11 08:12:48,022 [pool-73-thread-1] INFO  server.RaftServerConfigKeys (ConfUtils.java:logGet(46)) - raft.server.threadpool.client.size = 0 (default)
2022-10-11 08:12:48,023 [pool-73-thread-1] INFO  server.RaftServer$Division (RaftServerImpl.java:start(310)) - dfd1ace6-5921-4c65-82d6-ac571288ab09@group-7922759BA704: start as a follower, conf=-1: [14b70a86-5100-4ed6-950c-f7248b89b6df|rpc:10.1.0.76:40211|priority:0, dfd1ace6-5921-4c65-82d6-ac571288ab09|rpc:10.1.0.76:40081|priority:1, c63b842e-4a18-4309-8e5f-a8e0aaa5a343|rpc:10.1.0.76:38751|priority:0], old=null
2022-10-11 08:12:48,023 [pool-73-thread-1] INFO  server.RaftServer$Division (RaftServerImpl.java:setRole(299)) - dfd1ace6-5921-4c65-82d6-ac571288ab09@group-7922759BA704: changes role from      null to FOLLOWER at term 0 for startAsFollower
2022-10-11 08:12:48,023 [pool-73-thread-1] INFO  impl.RoleInfo (RoleInfo.java:updateAndGet(139)) - dfd1ace6-5921-4c65-82d6-ac571288ab09: start dfd1ace6-5921-4c65-82d6-ac571288ab09@group-7922759BA704-FollowerState
2022-10-11 08:12:48,023 [pool-73-thread-1] INFO  util.JmxRegister (JmxRegister.java:tryRegister(44)) - Successfully registered JMX Bean with object name Ratis:service=RaftServer,group=group-7922759BA704,id=dfd1ace6-5921-4c65-82d6-ac571288ab09
2022-10-11 08:12:48,024 [Command processor thread] INFO  ratis.XceiverServerRatis (XceiverServerRatis.java:addGroup(765)) - Created group PipelineID=370728a8-a39a-4d11-a535-7922759ba704
2022-10-11 08:12:48,359 [Listener at 127.0.0.1/39113] INFO  ozone.MiniOzoneClusterImpl (MiniOzoneClusterImpl.java:lambda$waitForClusterToBeReady$0(216)) - Nodes are ready. Got 5 of 5 DN Heartbeats.
2022-10-11 08:12:48,359 [Listener at 127.0.0.1/39113] INFO  ozone.MiniOzoneClusterImpl (MiniOzoneClusterImpl.java:lambda$waitForClusterToBeReady$0(219)) - Waiting for cluster to exit safe mode
2022-10-11 08:12:48,359 [Listener at 127.0.0.1/39113] INFO  ozone.MiniOzoneClusterImpl (MiniOzoneClusterImpl.java:lambda$waitForClusterToBeReady$0(221)) - SCM became leader
2022-10-11 08:12:48,456 [Command processor thread] INFO  server.RaftServer (RaftServerProxy.java:addNew(96)) - 14b70a86-5100-4ed6-950c-f7248b89b6df: addNew group-0A189321CDCB:[14b70a86-5100-4ed6-950c-f7248b89b6df|rpc:10.1.0.76:40211|priority:1] returns group-0A189321CDCB:java.util.concurrent.CompletableFuture@776ad33d[Not completed]
2022-10-11 08:12:48,459 [pool-96-thread-1] INFO  server.RaftServer$Division (RaftServerImpl.java:<init>(190)) - 14b70a86-5100-4ed6-950c-f7248b89b6df: new RaftServerImpl for group-0A189321CDCB:[14b70a86-5100-4ed6-950c-f7248b89b6df|rpc:10.1.0.76:40211|priority:1] with ContainerStateMachine:uninitialized
2022-10-11 08:12:48,459 [pool-96-thread-1] INFO  server.RaftServerConfigKeys (ConfUtils.java:logGet(46)) - raft.server.rpc.timeout.min = 5s (custom)
2022-10-11 08:12:48,459 [pool-96-thread-1] INFO  server.RaftServerConfigKeys (ConfUtils.java:logGet(46)) - raft.server.rpc.timeout.max = 5200ms (custom)
2022-10-11 08:12:48,459 [pool-96-thread-1] INFO  server.RaftServerConfigKeys (ConfUtils.java:logGet(46)) - raft.server.rpc.sleep.time = 25ms (default)
2022-10-11 08:12:48,459 [pool-96-thread-1] INFO  server.RaftServerConfigKeys (ConfUtils.java:logGet(46)) - raft.server.rpc.slowness.timeout = 300s (custom)
2022-10-11 08:12:48,459 [pool-96-thread-1] INFO  server.RaftServerConfigKeys (ConfUtils.java:logGet(46)) - raft.server.leaderelection.leader.step-down.wait-time = 10s (default)
2022-10-11 08:12:48,459 [pool-96-thread-1] INFO  server.RaftServerConfigKeys (ConfUtils.java:logGet(46)) - raft.server.sleep.deviation.threshold = 300ms (default)
2022-10-11 08:12:48,459 [pool-96-thread-1] INFO  server.RaftServer$Division (ServerState.java:<init>(107)) - 14b70a86-5100-4ed6-950c-f7248b89b6df@group-0A189321CDCB: ConfigurationManager, init=-1: [14b70a86-5100-4ed6-950c-f7248b89b6df|rpc:10.1.0.76:40211|priority:1], old=null, confs=<EMPTY_MAP>
2022-10-11 08:12:48,459 [pool-96-thread-1] INFO  server.RaftServerConfigKeys (ConfUtils.java:logGet(46)) - raft.server.storage.dir = [/home/runner/work/ozone/ozone/hadoop-ozone/integration-test/target/test-dir/MiniOzoneClusterImpl-a7be04a2-0db3-4748-8f74-6a3cfa6a7101/datanode-1/data/ratis] (custom)
2022-10-11 08:12:48,459 [pool-96-thread-1] INFO  server.RaftServerConfigKeys (ConfUtils.java:logGet(46)) - raft.server.log.corruption.policy = EXCEPTION (default)
2022-10-11 08:12:48,460 [pool-96-thread-1] INFO  server.RaftServerConfigKeys (ConfUtils.java:logGet(46)) - raft.server.storage.free-space.min = 0MB (=0) (default)
2022-10-11 08:12:48,460 [pool-96-thread-1] INFO  storage.RaftStorageDirectory (RaftStorageDirectoryImpl.java:analyzeStorage(135)) - The storage directory /home/runner/work/ozone/ozone/hadoop-ozone/integration-test/target/test-dir/MiniOzoneClusterImpl-a7be04a2-0db3-4748-8f74-6a3cfa6a7101/datanode-1/data/ratis/a89f97f6-99a9-4efd-999d-0a189321cdcb does not exist. Creating ...
2022-10-11 08:12:48,461 [pool-96-thread-1] INFO  storage.RaftStorageDirectory (RaftStorageDirectoryImpl.java:tryLock(230)) - Lock on /home/runner/work/ozone/ozone/hadoop-ozone/integration-test/target/test-dir/MiniOzoneClusterImpl-a7be04a2-0db3-4748-8f74-6a3cfa6a7101/datanode-1/data/ratis/a89f97f6-99a9-4efd-999d-0a189321cdcb/in_use.lock acquired by nodename 138003@fv-az208-128
2022-10-11 08:12:48,462 [pool-96-thread-1] INFO  storage.RaftStorage (RaftStorageImpl.java:format(89)) - Storage directory /home/runner/work/ozone/ozone/hadoop-ozone/integration-test/target/test-dir/MiniOzoneClusterImpl-a7be04a2-0db3-4748-8f74-6a3cfa6a7101/datanode-1/data/ratis/a89f97f6-99a9-4efd-999d-0a189321cdcb has been successfully formatted.
2022-10-11 08:12:48,464 [pool-96-thread-1] INFO  ratis.ContainerStateMachine (ContainerStateMachine.java:loadSnapshot(236)) - group-0A189321CDCB: The snapshot info is null. Setting the last applied indexto:(t:0, i:~)
2022-10-11 08:12:48,467 [pool-96-thread-1] INFO  server.RaftServerConfigKeys (ConfUtils.java:logGet(46)) - raft.server.notification.no-leader.timeout = 300s (custom)
2022-10-11 08:12:48,467 [pool-96-thread-1] INFO  server.RaftServerConfigKeys (ConfUtils.java:logGet(46)) - raft.server.log.use.memory = false (default)
2022-10-11 08:12:48,467 [pool-96-thread-1] INFO  server.RaftServerConfigKeys (ConfUtils.java:logGet(46)) - raft.server.log.purge.gap = 1000000 (custom)
2022-10-11 08:12:48,467 [pool-96-thread-1] INFO  server.RaftServerConfigKeys (ConfUtils.java:logGet(46)) - raft.server.log.appender.buffer.byte-limit = 33554432 (custom)
2022-10-11 08:12:48,467 [pool-96-thread-1] INFO  server.RaftServerConfigKeys (ConfUtils.java:logGet(46)) - raft.server.log.statemachine.data.read.timeout = 1000ms (default)
2022-10-11 08:12:48,467 [pool-96-thread-1] INFO  server.RaftServerConfigKeys (ConfUtils.java:logGet(46)) - raft.server.log.segment.size.max = 1048576 (custom)
2022-10-11 08:12:48,468 [EventQueue-PipelineReportForPipelineReportHandler] INFO  pipeline.PipelineManagerImpl (PipelineManagerImpl.java:openPipeline(367)) - Pipeline Pipeline[ Id: a89f97f6-99a9-4efd-999d-0a189321cdcb, Nodes: 14b70a86-5100-4ed6-950c-f7248b89b6df{ip: 10.1.0.76, host: fv-az208-128.kmgg0fu2myoezeajip4j0sfi3d.cx.internal.cloudapp.net, ports: [REPLICATION=41539, RATIS=40211, RATIS_ADMIN=40211, RATIS_SERVER=40211, STANDALONE=45221], networkLocation: /default-rack, certSerialId: null, persistedOpState: IN_SERVICE, persistedOpStateExpiryEpochSec: 0}, ReplicationConfig: RATIS/ONE, State:ALLOCATED, leaderId:14b70a86-5100-4ed6-950c-f7248b89b6df, CreationTimestamp2022-10-11T08:12:45.456Z[Etc/UTC]] moved to OPEN state
2022-10-11 08:12:48,468 [pool-96-thread-1] INFO  server.RaftServerConfigKeys (ConfUtils.java:logGet(46)) - raft.server.log.segment.cache.num.max = 2 (custom)
2022-10-11 08:12:48,468 [pool-96-thread-1] INFO  server.RaftServerConfigKeys (ConfUtils.java:logGet(46)) - raft.server.log.segment.cache.size.max = 200MB (=209715200) (default)
2022-10-11 08:12:48,468 [EventQueue-OpenPipelineForHealthyPipelineSafeModeRule] INFO  safemode.SCMSafeModeManager (HealthyPipelineSafeModeRule.java:process(137)) - SCM in safe mode. Healthy pipelines reported count is 0, required healthy pipeline reported count is 1
2022-10-11 08:12:48,475 [pool-96-thread-1] INFO  segmented.SegmentedRaftLogWorker (SegmentedRaftLogWorker.java:<init>(187)) - new 14b70a86-5100-4ed6-950c-f7248b89b6df@group-0A189321CDCB-SegmentedRaftLogWorker for RaftStorageImpl:Storage Directory /home/runner/work/ozone/ozone/hadoop-ozone/integration-test/target/test-dir/MiniOzoneClusterImpl-a7be04a2-0db3-4748-8f74-6a3cfa6a7101/datanode-1/data/ratis/a89f97f6-99a9-4efd-999d-0a189321cdcb
2022-10-11 08:12:48,475 [pool-96-thread-1] INFO  server.RaftServerConfigKeys (ConfUtils.java:logGet(46)) - raft.server.log.queue.byte-limit = 4294967296 (custom)
2022-10-11 08:12:48,475 [pool-96-thread-1] INFO  server.RaftServerConfigKeys (ConfUtils.java:logGet(46)) - raft.server.log.queue.element-limit = 1024 (custom)
2022-10-11 08:12:48,475 [pool-96-thread-1] INFO  server.RaftServerConfigKeys (ConfUtils.java:logGet(46)) - raft.server.log.segment.size.max = 1048576 (custom)
2022-10-11 08:12:48,475 [pool-96-thread-1] INFO  server.RaftServerConfigKeys (ConfUtils.java:logGet(46)) - raft.server.log.preallocated.size = 16384 (custom)
2022-10-11 08:12:48,475 [pool-96-thread-1] INFO  server.RaftServerConfigKeys (ConfUtils.java:logGet(46)) - raft.server.log.force.sync.num = 128 (default)
2022-10-11 08:12:48,475 [pool-96-thread-1] INFO  server.RaftServerConfigKeys (ConfUtils.java:logGet(46)) - raft.server.log.statemachine.data.sync = true (default)
2022-10-11 08:12:48,475 [pool-96-thread-1] INFO  server.RaftServerConfigKeys (ConfUtils.java:logGet(46)) - raft.server.log.statemachine.data.sync.timeout = 10s (default)
2022-10-11 08:12:48,475 [pool-96-thread-1] INFO  server.RaftServerConfigKeys (ConfUtils.java:logGet(46)) - raft.server.log.statemachine.data.sync.timeout.retry = -1 (default)
2022-10-11 08:12:48,479 [pool-96-thread-1] INFO  server.RaftServerConfigKeys (ConfUtils.java:logGet(46)) - raft.server.log.write.buffer.size = 1048576 (custom)
2022-10-11 08:12:48,479 [pool-96-thread-1] INFO  server.RaftServerConfigKeys (ConfUtils.java:logGet(46)) - raft.server.log.unsafe-flush.enabled = false (default)
2022-10-11 08:12:48,479 [pool-96-thread-1] INFO  server.RaftServerConfigKeys (ConfUtils.java:logGet(46)) - raft.server.log.statemachine.data.caching.enabled = true (custom)
2022-10-11 08:12:48,479 [pool-96-thread-1] INFO  segmented.SegmentedRaftLogWorker (SegmentedRaftLogWorker.java:lambda$new$0(135)) - 14b70a86-5100-4ed6-950c-f7248b89b6df@group-0A189321CDCB-SegmentedRaftLogWorker: flushIndex: setUnconditionally 0 -> -1
2022-10-11 08:12:48,480 [pool-96-thread-1] INFO  segmented.SegmentedRaftLogWorker (SegmentedRaftLogWorker.java:lambda$new$0(135)) - 14b70a86-5100-4ed6-950c-f7248b89b6df@group-0A189321CDCB-SegmentedRaftLogWorker: safeCacheEvictIndex: setUnconditionally 0 -> -1
2022-10-11 08:12:48,486 [pool-96-thread-1] INFO  server.RaftServerConfigKeys (ConfUtils.java:logGet(46)) - raft.server.snapshot.auto.trigger.enabled = true (custom)
2022-10-11 08:12:48,487 [pool-96-thread-1] INFO  server.RaftServerConfigKeys (ConfUtils.java:logGet(46)) - raft.server.snapshot.auto.trigger.threshold = 10000 (custom)
2022-10-11 08:12:48,487 [pool-96-thread-1] INFO  server.RaftServerConfigKeys (ConfUtils.java:logGet(46)) - raft.server.snapshot.retention.file.num = 5 (custom)
2022-10-11 08:12:48,487 [pool-96-thread-1] INFO  server.RaftServerConfigKeys (ConfUtils.java:logGet(46)) - raft.server.log.purge.upto.snapshot.index = false (default)
2022-10-11 08:12:48,487 [pool-96-thread-1] INFO  server.RaftServerConfigKeys (ConfUtils.java:logGet(46)) - raft.server.retrycache.expirytime = 600000ms (custom)
2022-10-11 08:12:48,487 [pool-96-thread-1] INFO  server.RaftServerConfigKeys (ConfUtils.java:logGet(46)) - raft.server.retrycache.statistics.expirytime = 100μs (default)
2022-10-11 08:12:48,488 [pool-96-thread-1] INFO  server.RaftServerConfigKeys (ConfUtils.java:logGet(46)) - raft.server.log.appender.install.snapshot.enabled = false (custom)
2022-10-11 08:12:48,489 [pool-96-thread-1] INFO  server.RaftServerConfigKeys (ConfUtils.java:logGet(46)) - raft.server.threadpool.server.cached = true (default)
2022-10-11 08:12:48,489 [pool-96-thread-1] INFO  server.RaftServerConfigKeys (ConfUtils.java:logGet(46)) - raft.server.threadpool.server.size = 0 (default)
2022-10-11 08:12:48,489 [pool-96-thread-1] INFO  server.RaftServerConfigKeys (ConfUtils.java:logGet(46)) - raft.server.threadpool.client.cached = true (default)
2022-10-11 08:12:48,489 [pool-96-thread-1] INFO  server.RaftServerConfigKeys (ConfUtils.java:logGet(46)) - raft.server.threadpool.client.size = 0 (default)
2022-10-11 08:12:48,489 [pool-96-thread-1] INFO  server.RaftServer$Division (RaftServerImpl.java:start(310)) - 14b70a86-5100-4ed6-950c-f7248b89b6df@group-0A189321CDCB: start as a follower, conf=-1: [14b70a86-5100-4ed6-950c-f7248b89b6df|rpc:10.1.0.76:40211|priority:1], old=null
2022-10-11 08:12:48,489 [pool-96-thread-1] INFO  server.RaftServer$Division (RaftServerImpl.java:setRole(299)) - 14b70a86-5100-4ed6-950c-f7248b89b6df@group-0A189321CDCB: changes role from      null to FOLLOWER at term 0 for startAsFollower
2022-10-11 08:12:48,489 [pool-96-thread-1] INFO  impl.RoleInfo (RoleInfo.java:updateAndGet(139)) - 14b70a86-5100-4ed6-950c-f7248b89b6df: start 14b70a86-5100-4ed6-950c-f7248b89b6df@group-0A189321CDCB-FollowerState
2022-10-11 08:12:48,498 [pool-96-thread-1] INFO  util.JmxRegister (JmxRegister.java:tryRegister(44)) - Successfully registered JMX Bean with object name Ratis:service=RaftServer,group=group-0A189321CDCB,id=14b70a86-5100-4ed6-950c-f7248b89b6df
2022-10-11 08:12:48,499 [Command processor thread] INFO  ratis.XceiverServerRatis (XceiverServerRatis.java:addGroup(765)) - Created group PipelineID=a89f97f6-99a9-4efd-999d-0a189321cdcb
2022-10-11 08:12:48,499 [Command processor thread] INFO  commandhandler.CreatePipelineCommandHandler (CreatePipelineCommandHandler.java:handle(113)) - Created Pipeline RATIS ONE PipelineID=a89f97f6-99a9-4efd-999d-0a189321cdcb.
2022-10-11 08:12:48,500 [Command processor thread] INFO  server.RaftServer (RaftServerProxy.java:addNew(96)) - 14b70a86-5100-4ed6-950c-f7248b89b6df: addNew group-7922759BA704:[14b70a86-5100-4ed6-950c-f7248b89b6df|rpc:10.1.0.76:40211|priority:0, dfd1ace6-5921-4c65-82d6-ac571288ab09|rpc:10.1.0.76:40081|priority:1, c63b842e-4a18-4309-8e5f-a8e0aaa5a343|rpc:10.1.0.76:38751|priority:0] returns group-7922759BA704:java.util.concurrent.CompletableFuture@73555908[Not completed]
2022-10-11 08:12:48,501 [pool-96-thread-1] INFO  server.RaftServer$Division (RaftServerImpl.java:<init>(190)) - 14b70a86-5100-4ed6-950c-f7248b89b6df: new RaftServerImpl for group-7922759BA704:[14b70a86-5100-4ed6-950c-f7248b89b6df|rpc:10.1.0.76:40211|priority:0, dfd1ace6-5921-4c65-82d6-ac571288ab09|rpc:10.1.0.76:40081|priority:1, c63b842e-4a18-4309-8e5f-a8e0aaa5a343|rpc:10.1.0.76:38751|priority:0] with ContainerStateMachine:uninitialized
2022-10-11 08:12:48,501 [pool-96-thread-1] INFO  server.RaftServerConfigKeys (ConfUtils.java:logGet(46)) - raft.server.rpc.timeout.min = 5s (custom)
2022-10-11 08:12:48,501 [pool-96-thread-1] INFO  server.RaftServerConfigKeys (ConfUtils.java:logGet(46)) - raft.server.rpc.timeout.max = 5200ms (custom)
2022-10-11 08:12:48,501 [pool-96-thread-1] INFO  server.RaftServerConfigKeys (ConfUtils.java:logGet(46)) - raft.server.rpc.sleep.time = 25ms (default)
2022-10-11 08:12:48,501 [pool-96-thread-1] INFO  server.RaftServerConfigKeys (ConfUtils.java:logGet(46)) - raft.server.rpc.slowness.timeout = 300s (custom)
2022-10-11 08:12:48,501 [pool-96-thread-1] INFO  server.RaftServerConfigKeys (ConfUtils.java:logGet(46)) - raft.server.leaderelection.leader.step-down.wait-time = 10s (default)
2022-10-11 08:12:48,501 [pool-96-thread-1] INFO  server.RaftServerConfigKeys (ConfUtils.java:logGet(46)) - raft.server.sleep.deviation.threshold = 300ms (default)
2022-10-11 08:12:48,501 [pool-96-thread-1] INFO  server.RaftServer$Division (ServerState.java:<init>(107)) - 14b70a86-5100-4ed6-950c-f7248b89b6df@group-7922759BA704: ConfigurationManager, init=-1: [14b70a86-5100-4ed6-950c-f7248b89b6df|rpc:10.1.0.76:40211|priority:0, dfd1ace6-5921-4c65-82d6-ac571288ab09|rpc:10.1.0.76:40081|priority:1, c63b842e-4a18-4309-8e5f-a8e0aaa5a343|rpc:10.1.0.76:38751|priority:0], old=null, confs=<EMPTY_MAP>
2022-10-11 08:12:48,501 [pool-96-thread-1] INFO  server.RaftServerConfigKeys (ConfUtils.java:logGet(46)) - raft.server.storage.dir = [/home/runner/work/ozone/ozone/hadoop-ozone/integration-test/target/test-dir/MiniOzoneClusterImpl-a7be04a2-0db3-4748-8f74-6a3cfa6a7101/datanode-1/data/ratis] (custom)
2022-10-11 08:12:48,502 [pool-96-thread-1] INFO  server.RaftServerConfigKeys (ConfUtils.java:logGet(46)) - raft.server.log.corruption.policy = EXCEPTION (default)
2022-10-11 08:12:48,502 [pool-96-thread-1] INFO  server.RaftServerConfigKeys (ConfUtils.java:logGet(46)) - raft.server.storage.free-space.min = 0MB (=0) (default)
2022-10-11 08:12:48,502 [pool-96-thread-1] INFO  storage.RaftStorageDirectory (RaftStorageDirectoryImpl.java:analyzeStorage(135)) - The storage directory /home/runner/work/ozone/ozone/hadoop-ozone/integration-test/target/test-dir/MiniOzoneClusterImpl-a7be04a2-0db3-4748-8f74-6a3cfa6a7101/datanode-1/data/ratis/370728a8-a39a-4d11-a535-7922759ba704 does not exist. Creating ...
2022-10-11 08:12:48,503 [pool-96-thread-1] INFO  storage.RaftStorageDirectory (RaftStorageDirectoryImpl.java:tryLock(230)) - Lock on /home/runner/work/ozone/ozone/hadoop-ozone/integration-test/target/test-dir/MiniOzoneClusterImpl-a7be04a2-0db3-4748-8f74-6a3cfa6a7101/datanode-1/data/ratis/370728a8-a39a-4d11-a535-7922759ba704/in_use.lock acquired by nodename 138003@fv-az208-128
2022-10-11 08:12:48,506 [pool-96-thread-1] INFO  storage.RaftStorage (RaftStorageImpl.java:format(89)) - Storage directory /home/runner/work/ozone/ozone/hadoop-ozone/integration-test/target/test-dir/MiniOzoneClusterImpl-a7be04a2-0db3-4748-8f74-6a3cfa6a7101/datanode-1/data/ratis/370728a8-a39a-4d11-a535-7922759ba704 has been successfully formatted.
2022-10-11 08:12:48,506 [pool-96-thread-1] INFO  ratis.ContainerStateMachine (ContainerStateMachine.java:loadSnapshot(236)) - group-7922759BA704: The snapshot info is null. Setting the last applied indexto:(t:0, i:~)
2022-10-11 08:12:48,506 [pool-96-thread-1] INFO  server.RaftServerConfigKeys (ConfUtils.java:logGet(46)) - raft.server.notification.no-leader.timeout = 300s (custom)
2022-10-11 08:12:48,506 [pool-96-thread-1] INFO  server.RaftServerConfigKeys (ConfUtils.java:logGet(46)) - raft.server.log.use.memory = false (default)
2022-10-11 08:12:48,506 [pool-96-thread-1] INFO  server.RaftServerConfigKeys (ConfUtils.java:logGet(46)) - raft.server.log.purge.gap = 1000000 (custom)
2022-10-11 08:12:48,506 [pool-96-thread-1] INFO  server.RaftServerConfigKeys (ConfUtils.java:logGet(46)) - raft.server.log.appender.buffer.byte-limit = 33554432 (custom)
2022-10-11 08:12:48,506 [pool-96-thread-1] INFO  server.RaftServerConfigKeys (ConfUtils.java:logGet(46)) - raft.server.log.statemachine.data.read.timeout = 1000ms (default)
2022-10-11 08:12:48,509 [pool-96-thread-1] INFO  server.RaftServerConfigKeys (ConfUtils.java:logGet(46)) - raft.server.log.segment.size.max = 1048576 (custom)
2022-10-11 08:12:48,510 [pool-96-thread-1] INFO  server.RaftServerConfigKeys (ConfUtils.java:logGet(46)) - raft.server.log.segment.cache.num.max = 2 (custom)
2022-10-11 08:12:48,510 [pool-96-thread-1] INFO  server.RaftServerConfigKeys (ConfUtils.java:logGet(46)) - raft.server.log.segment.cache.size.max = 200MB (=209715200) (default)
2022-10-11 08:12:48,510 [pool-96-thread-1] INFO  segmented.SegmentedRaftLogWorker (SegmentedRaftLogWorker.java:<init>(187)) - new 14b70a86-5100-4ed6-950c-f7248b89b6df@group-7922759BA704-SegmentedRaftLogWorker for RaftStorageImpl:Storage Directory /home/runner/work/ozone/ozone/hadoop-ozone/integration-test/target/test-dir/MiniOzoneClusterImpl-a7be04a2-0db3-4748-8f74-6a3cfa6a7101/datanode-1/data/ratis/370728a8-a39a-4d11-a535-7922759ba704
2022-10-11 08:12:48,510 [EventQueue-OpenPipelineForHealthyPipelineSafeModeRule] INFO  safemode.SCMSafeModeManager (HealthyPipelineSafeModeRule.java:process(137)) - SCM in safe mode. Healthy pipelines reported count is 0, required healthy pipeline reported count is 1
2022-10-11 08:12:48,510 [pool-96-thread-1] INFO  server.RaftServerConfigKeys (ConfUtils.java:logGet(46)) - raft.server.log.queue.byte-limit = 4294967296 (custom)
2022-10-11 08:12:48,511 [pool-96-thread-1] INFO  server.RaftServerConfigKeys (ConfUtils.java:logGet(46)) - raft.server.log.queue.element-limit = 1024 (custom)
2022-10-11 08:12:48,511 [pool-96-thread-1] INFO  server.RaftServerConfigKeys (ConfUtils.java:logGet(46)) - raft.server.log.segment.size.max = 1048576 (custom)
2022-10-11 08:12:48,511 [pool-96-thread-1] INFO  server.RaftServerConfigKeys (ConfUtils.java:logGet(46)) - raft.server.log.preallocated.size = 16384 (custom)
2022-10-11 08:12:48,511 [pool-96-thread-1] INFO  server.RaftServerConfigKeys (ConfUtils.java:logGet(46)) - raft.server.log.force.sync.num = 128 (default)
2022-10-11 08:12:48,511 [pool-96-thread-1] INFO  server.RaftServerConfigKeys (ConfUtils.java:logGet(46)) - raft.server.log.statemachine.data.sync = true (default)
2022-10-11 08:12:48,511 [pool-96-thread-1] INFO  server.RaftServerConfigKeys (ConfUtils.java:logGet(46)) - raft.server.log.statemachine.data.sync.timeout = 10s (default)
2022-10-11 08:12:48,511 [pool-96-thread-1] INFO  server.RaftServerConfigKeys (ConfUtils.java:logGet(46)) - raft.server.log.statemachine.data.sync.timeout.retry = -1 (default)
2022-10-11 08:12:48,512 [pool-96-thread-1] INFO  server.RaftServerConfigKeys (ConfUtils.java:logGet(46)) - raft.server.log.write.buffer.size = 1048576 (custom)
2022-10-11 08:12:48,512 [pool-96-thread-1] INFO  server.RaftServerConfigKeys (ConfUtils.java:logGet(46)) - raft.server.log.unsafe-flush.enabled = false (default)
2022-10-11 08:12:48,512 [pool-96-thread-1] INFO  server.RaftServerConfigKeys (ConfUtils.java:logGet(46)) - raft.server.log.statemachine.data.caching.enabled = true (custom)
2022-10-11 08:12:48,512 [pool-96-thread-1] INFO  segmented.SegmentedRaftLogWorker (SegmentedRaftLogWorker.java:lambda$new$0(135)) - 14b70a86-5100-4ed6-950c-f7248b89b6df@group-7922759BA704-SegmentedRaftLogWorker: flushIndex: setUnconditionally 0 -> -1
2022-10-11 08:12:48,512 [pool-96-thread-1] INFO  segmented.SegmentedRaftLogWorker (SegmentedRaftLogWorker.java:lambda$new$0(135)) - 14b70a86-5100-4ed6-950c-f7248b89b6df@group-7922759BA704-SegmentedRaftLogWorker: safeCacheEvictIndex: setUnconditionally 0 -> -1
2022-10-11 08:12:48,514 [pool-96-thread-1] INFO  server.RaftServerConfigKeys (ConfUtils.java:logGet(46)) - raft.server.snapshot.auto.trigger.enabled = true (custom)
2022-10-11 08:12:48,514 [pool-96-thread-1] INFO  server.RaftServerConfigKeys (ConfUtils.java:logGet(46)) - raft.server.snapshot.auto.trigger.threshold = 10000 (custom)
2022-10-11 08:12:48,514 [pool-96-thread-1] INFO  server.RaftServerConfigKeys (ConfUtils.java:logGet(46)) - raft.server.snapshot.retention.file.num = 5 (custom)
2022-10-11 08:12:48,514 [pool-96-thread-1] INFO  server.RaftServerConfigKeys (ConfUtils.java:logGet(46)) - raft.server.log.purge.upto.snapshot.index = false (default)
2022-10-11 08:12:48,514 [pool-96-thread-1] INFO  server.RaftServerConfigKeys (ConfUtils.java:logGet(46)) - raft.server.retrycache.expirytime = 600000ms (custom)
2022-10-11 08:12:48,514 [pool-96-thread-1] INFO  server.RaftServerConfigKeys (ConfUtils.java:logGet(46)) - raft.server.retrycache.statistics.expirytime = 100μs (default)
2022-10-11 08:12:48,516 [pool-96-thread-1] INFO  server.RaftServerConfigKeys (ConfUtils.java:logGet(46)) - raft.server.log.appender.install.snapshot.enabled = false (custom)
2022-10-11 08:12:48,516 [pool-96-thread-1] INFO  server.RaftServerConfigKeys (ConfUtils.java:logGet(46)) - raft.server.threadpool.server.cached = true (default)
2022-10-11 08:12:48,516 [pool-96-thread-1] INFO  server.RaftServerConfigKeys (ConfUtils.java:logGet(46)) - raft.server.threadpool.server.size = 0 (default)
2022-10-11 08:12:48,516 [pool-96-thread-1] INFO  server.RaftServerConfigKeys (ConfUtils.java:logGet(46)) - raft.server.threadpool.client.cached = true (default)
2022-10-11 08:12:48,516 [pool-96-thread-1] INFO  server.RaftServerConfigKeys (ConfUtils.java:logGet(46)) - raft.server.threadpool.client.size = 0 (default)
2022-10-11 08:12:48,516 [pool-96-thread-1] INFO  server.RaftServer$Division (RaftServerImpl.java:start(310)) - 14b70a86-5100-4ed6-950c-f7248b89b6df@group-7922759BA704: start as a follower, conf=-1: [14b70a86-5100-4ed6-950c-f7248b89b6df|rpc:10.1.0.76:40211|priority:0, dfd1ace6-5921-4c65-82d6-ac571288ab09|rpc:10.1.0.76:40081|priority:1, c63b842e-4a18-4309-8e5f-a8e0aaa5a343|rpc:10.1.0.76:38751|priority:0], old=null
2022-10-11 08:12:48,516 [pool-96-thread-1] INFO  server.RaftServer$Division (RaftServerImpl.java:setRole(299)) - 14b70a86-5100-4ed6-950c-f7248b89b6df@group-7922759BA704: changes role from      null to FOLLOWER at term 0 for startAsFollower
2022-10-11 08:12:48,516 [pool-96-thread-1] INFO  impl.RoleInfo (RoleInfo.java:updateAndGet(139)) - 14b70a86-5100-4ed6-950c-f7248b89b6df: start 14b70a86-5100-4ed6-950c-f7248b89b6df@group-7922759BA704-FollowerState
2022-10-11 08:12:48,516 [pool-96-thread-1] INFO  util.JmxRegister (JmxRegister.java:tryRegister(44)) - Successfully registered JMX Bean with object name Ratis:service=RaftServer,group=group-7922759BA704,id=14b70a86-5100-4ed6-950c-f7248b89b6df
2022-10-11 08:12:48,517 [Command processor thread] INFO  ratis.XceiverServerRatis (XceiverServerRatis.java:addGroup(765)) - Created group PipelineID=370728a8-a39a-4d11-a535-7922759ba704
2022-10-11 08:12:48,727 [grpc-default-executor-1] INFO  server.RaftServer (RaftServerProxy.java:addNew(96)) - c63b842e-4a18-4309-8e5f-a8e0aaa5a343: addNew group-7922759BA704:[14b70a86-5100-4ed6-950c-f7248b89b6df|rpc:10.1.0.76:40211|dataStream:|priority:0, dfd1ace6-5921-4c65-82d6-ac571288ab09|rpc:10.1.0.76:40081|dataStream:|priority:1, c63b842e-4a18-4309-8e5f-a8e0aaa5a343|rpc:10.1.0.76:38751|dataStream:|priority:0] returns group-7922759BA704:java.util.concurrent.CompletableFuture@2fbe332c[Not completed]
2022-10-11 08:12:48,729 [pool-119-thread-1] INFO  server.RaftServer$Division (RaftServerImpl.java:<init>(190)) - c63b842e-4a18-4309-8e5f-a8e0aaa5a343: new RaftServerImpl for group-7922759BA704:[14b70a86-5100-4ed6-950c-f7248b89b6df|rpc:10.1.0.76:40211|dataStream:|priority:0, dfd1ace6-5921-4c65-82d6-ac571288ab09|rpc:10.1.0.76:40081|dataStream:|priority:1, c63b842e-4a18-4309-8e5f-a8e0aaa5a343|rpc:10.1.0.76:38751|dataStream:|priority:0] with ContainerStateMachine:uninitialized
2022-10-11 08:12:48,729 [pool-119-thread-1] INFO  server.RaftServerConfigKeys (ConfUtils.java:logGet(46)) - raft.server.rpc.timeout.min = 5s (custom)
2022-10-11 08:12:48,729 [pool-119-thread-1] INFO  server.RaftServerConfigKeys (ConfUtils.java:logGet(46)) - raft.server.rpc.timeout.max = 5200ms (custom)
2022-10-11 08:12:48,729 [pool-119-thread-1] INFO  server.RaftServerConfigKeys (ConfUtils.java:logGet(46)) - raft.server.rpc.sleep.time = 25ms (default)
2022-10-11 08:12:48,729 [pool-119-thread-1] INFO  server.RaftServerConfigKeys (ConfUtils.java:logGet(46)) - raft.server.rpc.slowness.timeout = 300s (custom)
2022-10-11 08:12:48,729 [pool-119-thread-1] INFO  server.RaftServerConfigKeys (ConfUtils.java:logGet(46)) - raft.server.leaderelection.leader.step-down.wait-time = 10s (default)
2022-10-11 08:12:48,729 [pool-119-thread-1] INFO  server.RaftServerConfigKeys (ConfUtils.java:logGet(46)) - raft.server.sleep.deviation.threshold = 300ms (default)
2022-10-11 08:12:48,729 [pool-119-thread-1] INFO  server.RaftServer$Division (ServerState.java:<init>(107)) - c63b842e-4a18-4309-8e5f-a8e0aaa5a343@group-7922759BA704: ConfigurationManager, init=-1: [14b70a86-5100-4ed6-950c-f7248b89b6df|rpc:10.1.0.76:40211|dataStream:|priority:0, dfd1ace6-5921-4c65-82d6-ac571288ab09|rpc:10.1.0.76:40081|dataStream:|priority:1, c63b842e-4a18-4309-8e5f-a8e0aaa5a343|rpc:10.1.0.76:38751|dataStream:|priority:0], old=null, confs=<EMPTY_MAP>
2022-10-11 08:12:48,729 [pool-119-thread-1] INFO  server.RaftServerConfigKeys (ConfUtils.java:logGet(46)) - raft.server.storage.dir = [/home/runner/work/ozone/ozone/hadoop-ozone/integration-test/target/test-dir/MiniOzoneClusterImpl-a7be04a2-0db3-4748-8f74-6a3cfa6a7101/datanode-2/data/ratis] (custom)
2022-10-11 08:12:48,730 [pool-119-thread-1] INFO  server.RaftServerConfigKeys (ConfUtils.java:logGet(46)) - raft.server.log.corruption.policy = EXCEPTION (default)
2022-10-11 08:12:48,730 [pool-119-thread-1] INFO  server.RaftServerConfigKeys (ConfUtils.java:logGet(46)) - raft.server.storage.free-space.min = 0MB (=0) (default)
2022-10-11 08:12:48,730 [pool-119-thread-1] INFO  storage.RaftStorageDirectory (RaftStorageDirectoryImpl.java:analyzeStorage(135)) - The storage directory /home/runner/work/ozone/ozone/hadoop-ozone/integration-test/target/test-dir/MiniOzoneClusterImpl-a7be04a2-0db3-4748-8f74-6a3cfa6a7101/datanode-2/data/ratis/370728a8-a39a-4d11-a535-7922759ba704 does not exist. Creating ...
2022-10-11 08:12:48,731 [pool-119-thread-1] INFO  storage.RaftStorageDirectory (RaftStorageDirectoryImpl.java:tryLock(230)) - Lock on /home/runner/work/ozone/ozone/hadoop-ozone/integration-test/target/test-dir/MiniOzoneClusterImpl-a7be04a2-0db3-4748-8f74-6a3cfa6a7101/datanode-2/data/ratis/370728a8-a39a-4d11-a535-7922759ba704/in_use.lock acquired by nodename 138003@fv-az208-128
2022-10-11 08:12:48,734 [pool-119-thread-1] INFO  storage.RaftStorage (RaftStorageImpl.java:format(89)) - Storage directory /home/runner/work/ozone/ozone/hadoop-ozone/integration-test/target/test-dir/MiniOzoneClusterImpl-a7be04a2-0db3-4748-8f74-6a3cfa6a7101/datanode-2/data/ratis/370728a8-a39a-4d11-a535-7922759ba704 has been successfully formatted.
2022-10-11 08:12:48,737 [pool-119-thread-1] INFO  ratis.ContainerStateMachine (ContainerStateMachine.java:loadSnapshot(236)) - group-7922759BA704: The snapshot info is null. Setting the last applied indexto:(t:0, i:~)
2022-10-11 08:12:48,738 [pool-119-thread-1] INFO  server.RaftServerConfigKeys (ConfUtils.java:logGet(46)) - raft.server.notification.no-leader.timeout = 300s (custom)
2022-10-11 08:12:48,738 [pool-119-thread-1] INFO  server.RaftServerConfigKeys (ConfUtils.java:logGet(46)) - raft.server.log.use.memory = false (default)
2022-10-11 08:12:48,738 [pool-119-thread-1] INFO  server.RaftServerConfigKeys (ConfUtils.java:logGet(46)) - raft.server.log.purge.gap = 1000000 (custom)
2022-10-11 08:12:48,738 [pool-119-thread-1] INFO  server.RaftServerConfigKeys (ConfUtils.java:logGet(46)) - raft.server.log.appender.buffer.byte-limit = 33554432 (custom)
2022-10-11 08:12:48,738 [pool-119-thread-1] INFO  server.RaftServerConfigKeys (ConfUtils.java:logGet(46)) - raft.server.log.statemachine.data.read.timeout = 1000ms (default)
2022-10-11 08:12:48,738 [pool-119-thread-1] INFO  server.RaftServerConfigKeys (ConfUtils.java:logGet(46)) - raft.server.log.segment.size.max = 1048576 (custom)
2022-10-11 08:12:48,739 [pool-119-thread-1] INFO  server.RaftServerConfigKeys (ConfUtils.java:logGet(46)) - raft.server.log.segment.cache.num.max = 2 (custom)
2022-10-11 08:12:48,739 [pool-119-thread-1] INFO  server.RaftServerConfigKeys (ConfUtils.java:logGet(46)) - raft.server.log.segment.cache.size.max = 200MB (=209715200) (default)
2022-10-11 08:12:48,739 [pool-119-thread-1] INFO  segmented.SegmentedRaftLogWorker (SegmentedRaftLogWorker.java:<init>(187)) - new c63b842e-4a18-4309-8e5f-a8e0aaa5a343@group-7922759BA704-SegmentedRaftLogWorker for RaftStorageImpl:Storage Directory /home/runner/work/ozone/ozone/hadoop-ozone/integration-test/target/test-dir/MiniOzoneClusterImpl-a7be04a2-0db3-4748-8f74-6a3cfa6a7101/datanode-2/data/ratis/370728a8-a39a-4d11-a535-7922759ba704
2022-10-11 08:12:48,739 [pool-119-thread-1] INFO  server.RaftServerConfigKeys (ConfUtils.java:logGet(46)) - raft.server.log.queue.byte-limit = 4294967296 (custom)
2022-10-11 08:12:48,739 [pool-119-thread-1] INFO  server.RaftServerConfigKeys (ConfUtils.java:logGet(46)) - raft.server.log.queue.element-limit = 1024 (custom)
2022-10-11 08:12:48,739 [pool-119-thread-1] INFO  server.RaftServerConfigKeys (ConfUtils.java:logGet(46)) - raft.server.log.segment.size.max = 1048576 (custom)
2022-10-11 08:12:48,739 [pool-119-thread-1] INFO  server.RaftServerConfigKeys (ConfUtils.java:logGet(46)) - raft.server.log.preallocated.size = 16384 (custom)
2022-10-11 08:12:48,739 [pool-119-thread-1] INFO  server.RaftServerConfigKeys (ConfUtils.java:logGet(46)) - raft.server.log.force.sync.num = 128 (default)
2022-10-11 08:12:48,739 [pool-119-thread-1] INFO  server.RaftServerConfigKeys (ConfUtils.java:logGet(46)) - raft.server.log.statemachine.data.sync = true (default)
2022-10-11 08:12:48,739 [pool-119-thread-1] INFO  server.RaftServerConfigKeys (ConfUtils.java:logGet(46)) - raft.server.log.statemachine.data.sync.timeout = 10s (default)
2022-10-11 08:12:48,739 [pool-119-thread-1] INFO  server.RaftServerConfigKeys (ConfUtils.java:logGet(46)) - raft.server.log.statemachine.data.sync.timeout.retry = -1 (default)
2022-10-11 08:12:48,740 [pool-119-thread-1] INFO  server.RaftServerConfigKeys (ConfUtils.java:logGet(46)) - raft.server.log.write.buffer.size = 1048576 (custom)
2022-10-11 08:12:48,741 [pool-119-thread-1] INFO  server.RaftServerConfigKeys (ConfUtils.java:logGet(46)) - raft.server.log.unsafe-flush.enabled = false (default)
2022-10-11 08:12:48,741 [pool-119-thread-1] INFO  server.RaftServerConfigKeys (ConfUtils.java:logGet(46)) - raft.server.log.statemachine.data.caching.enabled = true (custom)
2022-10-11 08:12:48,741 [pool-119-thread-1] INFO  segmented.SegmentedRaftLogWorker (SegmentedRaftLogWorker.java:lambda$new$0(135)) - c63b842e-4a18-4309-8e5f-a8e0aaa5a343@group-7922759BA704-SegmentedRaftLogWorker: flushIndex: setUnconditionally 0 -> -1
2022-10-11 08:12:48,741 [pool-119-thread-1] INFO  segmented.SegmentedRaftLogWorker (SegmentedRaftLogWorker.java:lambda$new$0(135)) - c63b842e-4a18-4309-8e5f-a8e0aaa5a343@group-7922759BA704-SegmentedRaftLogWorker: safeCacheEvictIndex: setUnconditionally 0 -> -1
2022-10-11 08:12:48,748 [pool-119-thread-1] INFO  server.RaftServerConfigKeys (ConfUtils.java:logGet(46)) - raft.server.snapshot.auto.trigger.enabled = true (custom)
2022-10-11 08:12:48,748 [pool-119-thread-1] INFO  server.RaftServerConfigKeys (ConfUtils.java:logGet(46)) - raft.server.snapshot.auto.trigger.threshold = 10000 (custom)
2022-10-11 08:12:48,748 [pool-119-thread-1] INFO  server.RaftServerConfigKeys (ConfUtils.java:logGet(46)) - raft.server.snapshot.retention.file.num = 5 (custom)
2022-10-11 08:12:48,748 [pool-119-thread-1] INFO  server.RaftServerConfigKeys (ConfUtils.java:logGet(46)) - raft.server.log.purge.upto.snapshot.index = false (default)
2022-10-11 08:12:48,748 [pool-119-thread-1] INFO  server.RaftServerConfigKeys (ConfUtils.java:logGet(46)) - raft.server.retrycache.expirytime = 600000ms (custom)
2022-10-11 08:12:48,748 [pool-119-thread-1] INFO  server.RaftServerConfigKeys (ConfUtils.java:logGet(46)) - raft.server.retrycache.statistics.expirytime = 100μs (default)
2022-10-11 08:12:48,762 [Command processor thread] INFO  commandhandler.CreatePipelineCommandHandler (CreatePipelineCommandHandler.java:handle(113)) - Created Pipeline RATIS THREE PipelineID=370728a8-a39a-4d11-a535-7922759ba704.
2022-10-11 08:12:48,762 [Command processor thread] INFO  server.RaftServer (RaftServerProxy.java:addNew(96)) - 14b70a86-5100-4ed6-950c-f7248b89b6df: addNew group-3D059F13AD3A:[14b70a86-5100-4ed6-950c-f7248b89b6df|rpc:10.1.0.76:40211|priority:1, dfd1ace6-5921-4c65-82d6-ac571288ab09|rpc:10.1.0.76:40081|priority:0, c63b842e-4a18-4309-8e5f-a8e0aaa5a343|rpc:10.1.0.76:38751|priority:0] returns group-3D059F13AD3A:java.util.concurrent.CompletableFuture@45029cce[Not completed]
2022-10-11 08:12:48,762 [pool-119-thread-1] INFO  server.RaftServerConfigKeys (ConfUtils.java:logGet(46)) - raft.server.log.appender.install.snapshot.enabled = false (custom)
2022-10-11 08:12:48,763 [pool-119-thread-1] INFO  server.RaftServerConfigKeys (ConfUtils.java:logGet(46)) - raft.server.threadpool.server.cached = true (default)
2022-10-11 08:12:48,763 [pool-119-thread-1] INFO  server.RaftServerConfigKeys (ConfUtils.java:logGet(46)) - raft.server.threadpool.server.size = 0 (default)
2022-10-11 08:12:48,763 [pool-119-thread-1] INFO  server.RaftServerConfigKeys (ConfUtils.java:logGet(46)) - raft.server.threadpool.client.cached = true (default)
2022-10-11 08:12:48,763 [pool-119-thread-1] INFO  server.RaftServerConfigKeys (ConfUtils.java:logGet(46)) - raft.server.threadpool.client.size = 0 (default)
2022-10-11 08:12:48,763 [pool-119-thread-1] INFO  server.RaftServer$Division (RaftServerImpl.java:start(310)) - c63b842e-4a18-4309-8e5f-a8e0aaa5a343@group-7922759BA704: start as a follower, conf=-1: [14b70a86-5100-4ed6-950c-f7248b89b6df|rpc:10.1.0.76:40211|dataStream:|priority:0, dfd1ace6-5921-4c65-82d6-ac571288ab09|rpc:10.1.0.76:40081|dataStream:|priority:1, c63b842e-4a18-4309-8e5f-a8e0aaa5a343|rpc:10.1.0.76:38751|dataStream:|priority:0], old=null
2022-10-11 08:12:48,763 [pool-119-thread-1] INFO  server.RaftServer$Division (RaftServerImpl.java:setRole(299)) - c63b842e-4a18-4309-8e5f-a8e0aaa5a343@group-7922759BA704: changes role from      null to FOLLOWER at term 0 for startAsFollower
2022-10-11 08:12:48,763 [pool-96-thread-1] INFO  server.RaftServer$Division (RaftServerImpl.java:<init>(190)) - 14b70a86-5100-4ed6-950c-f7248b89b6df: new RaftServerImpl for group-3D059F13AD3A:[14b70a86-5100-4ed6-950c-f7248b89b6df|rpc:10.1.0.76:40211|priority:1, dfd1ace6-5921-4c65-82d6-ac571288ab09|rpc:10.1.0.76:40081|priority:0, c63b842e-4a18-4309-8e5f-a8e0aaa5a343|rpc:10.1.0.76:38751|priority:0] with ContainerStateMachine:uninitialized
2022-10-11 08:12:48,763 [pool-96-thread-1] INFO  server.RaftServerConfigKeys (ConfUtils.java:logGet(46)) - raft.server.rpc.timeout.min = 5s (custom)
2022-10-11 08:12:48,763 [pool-96-thread-1] INFO  server.RaftServerConfigKeys (ConfUtils.java:logGet(46)) - raft.server.rpc.timeout.max = 5200ms (custom)
2022-10-11 08:12:48,763 [pool-96-thread-1] INFO  server.RaftServerConfigKeys (ConfUtils.java:logGet(46)) - raft.server.rpc.sleep.time = 25ms (default)
2022-10-11 08:12:48,763 [pool-96-thread-1] INFO  server.RaftServerConfigKeys (ConfUtils.java:logGet(46)) - raft.server.rpc.slowness.timeout = 300s (custom)
2022-10-11 08:12:48,763 [pool-96-thread-1] INFO  server.RaftServerConfigKeys (ConfUtils.java:logGet(46)) - raft.server.leaderelection.leader.step-down.wait-time = 10s (default)
2022-10-11 08:12:48,763 [pool-96-thread-1] INFO  server.RaftServerConfigKeys (ConfUtils.java:logGet(46)) - raft.server.sleep.deviation.threshold = 300ms (default)
2022-10-11 08:12:48,763 [pool-96-thread-1] INFO  server.RaftServer$Division (ServerState.java:<init>(107)) - 14b70a86-5100-4ed6-950c-f7248b89b6df@group-3D059F13AD3A: ConfigurationManager, init=-1: [14b70a86-5100-4ed6-950c-f7248b89b6df|rpc:10.1.0.76:40211|priority:1, dfd1ace6-5921-4c65-82d6-ac571288ab09|rpc:10.1.0.76:40081|priority:0, c63b842e-4a18-4309-8e5f-a8e0aaa5a343|rpc:10.1.0.76:38751|priority:0], old=null, confs=<EMPTY_MAP>
2022-10-11 08:12:48,764 [pool-96-thread-1] INFO  server.RaftServerConfigKeys (ConfUtils.java:logGet(46)) - raft.server.storage.dir = [/home/runner/work/ozone/ozone/hadoop-ozone/integration-test/target/test-dir/MiniOzoneClusterImpl-a7be04a2-0db3-4748-8f74-6a3cfa6a7101/datanode-1/data/ratis] (custom)
2022-10-11 08:12:48,764 [pool-96-thread-1] INFO  server.RaftServerConfigKeys (ConfUtils.java:logGet(46)) - raft.server.log.corruption.policy = EXCEPTION (default)
2022-10-11 08:12:48,764 [pool-96-thread-1] INFO  server.RaftServerConfigKeys (ConfUtils.java:logGet(46)) - raft.server.storage.free-space.min = 0MB (=0) (default)
2022-10-11 08:12:48,764 [pool-96-thread-1] INFO  storage.RaftStorageDirectory (RaftStorageDirectoryImpl.java:analyzeStorage(135)) - The storage directory /home/runner/work/ozone/ozone/hadoop-ozone/integration-test/target/test-dir/MiniOzoneClusterImpl-a7be04a2-0db3-4748-8f74-6a3cfa6a7101/datanode-1/data/ratis/913e9ab8-67ae-4511-b6d0-3d059f13ad3a does not exist. Creating ...
2022-10-11 08:12:48,764 [pool-119-thread-1] INFO  impl.RoleInfo (RoleInfo.java:updateAndGet(139)) - c63b842e-4a18-4309-8e5f-a8e0aaa5a343: start c63b842e-4a18-4309-8e5f-a8e0aaa5a343@group-7922759BA704-FollowerState
2022-10-11 08:12:48,764 [pool-119-thread-1] INFO  util.JmxRegister (JmxRegister.java:tryRegister(44)) - Successfully registered JMX Bean with object name Ratis:service=RaftServer,group=group-7922759BA704,id=c63b842e-4a18-4309-8e5f-a8e0aaa5a343
2022-10-11 08:12:48,767 [pool-96-thread-1] INFO  storage.RaftStorageDirectory (RaftStorageDirectoryImpl.java:tryLock(230)) - Lock on /home/runner/work/ozone/ozone/hadoop-ozone/integration-test/target/test-dir/MiniOzoneClusterImpl-a7be04a2-0db3-4748-8f74-6a3cfa6a7101/datanode-1/data/ratis/913e9ab8-67ae-4511-b6d0-3d059f13ad3a/in_use.lock acquired by nodename 138003@fv-az208-128
2022-10-11 08:12:48,770 [pool-96-thread-1] INFO  storage.RaftStorage (RaftStorageImpl.java:format(89)) - Storage directory /home/runner/work/ozone/ozone/hadoop-ozone/integration-test/target/test-dir/MiniOzoneClusterImpl-a7be04a2-0db3-4748-8f74-6a3cfa6a7101/datanode-1/data/ratis/913e9ab8-67ae-4511-b6d0-3d059f13ad3a has been successfully formatted.
2022-10-11 08:12:48,770 [pool-96-thread-1] INFO  ratis.ContainerStateMachine (ContainerStateMachine.java:loadSnapshot(236)) - group-3D059F13AD3A: The snapshot info is null. Setting the last applied indexto:(t:0, i:~)
2022-10-11 08:12:48,770 [pool-96-thread-1] INFO  server.RaftServerConfigKeys (ConfUtils.java:logGet(46)) - raft.server.notification.no-leader.timeout = 300s (custom)
2022-10-11 08:12:48,770 [pool-96-thread-1] INFO  server.RaftServerConfigKeys (ConfUtils.java:logGet(46)) - raft.server.log.use.memory = false (default)
2022-10-11 08:12:48,770 [pool-96-thread-1] INFO  server.RaftServerConfigKeys (ConfUtils.java:logGet(46)) - raft.server.log.purge.gap = 1000000 (custom)
2022-10-11 08:12:48,771 [pool-96-thread-1] INFO  server.RaftServerConfigKeys (ConfUtils.java:logGet(46)) - raft.server.log.appender.buffer.byte-limit = 33554432 (custom)
2022-10-11 08:12:48,771 [pool-96-thread-1] INFO  server.RaftServerConfigKeys (ConfUtils.java:logGet(46)) - raft.server.log.statemachine.data.read.timeout = 1000ms (default)
2022-10-11 08:12:48,771 [pool-96-thread-1] INFO  server.RaftServerConfigKeys (ConfUtils.java:logGet(46)) - raft.server.log.segment.size.max = 1048576 (custom)
2022-10-11 08:12:48,771 [pool-96-thread-1] INFO  server.RaftServerConfigKeys (ConfUtils.java:logGet(46)) - raft.server.log.segment.cache.num.max = 2 (custom)
2022-10-11 08:12:48,771 [pool-96-thread-1] INFO  server.RaftServerConfigKeys (ConfUtils.java:logGet(46)) - raft.server.log.segment.cache.size.max = 200MB (=209715200) (default)
2022-10-11 08:12:48,771 [pool-96-thread-1] INFO  segmented.SegmentedRaftLogWorker (SegmentedRaftLogWorker.java:<init>(187)) - new 14b70a86-5100-4ed6-950c-f7248b89b6df@group-3D059F13AD3A-SegmentedRaftLogWorker for RaftStorageImpl:Storage Directory /home/runner/work/ozone/ozone/hadoop-ozone/integration-test/target/test-dir/MiniOzoneClusterImpl-a7be04a2-0db3-4748-8f74-6a3cfa6a7101/datanode-1/data/ratis/913e9ab8-67ae-4511-b6d0-3d059f13ad3a
2022-10-11 08:12:48,771 [pool-96-thread-1] INFO  server.RaftServerConfigKeys (ConfUtils.java:logGet(46)) - raft.server.log.queue.byte-limit = 4294967296 (custom)
2022-10-11 08:12:48,771 [pool-96-thread-1] INFO  server.RaftServerConfigKeys (ConfUtils.java:logGet(46)) - raft.server.log.queue.element-limit = 1024 (custom)
2022-10-11 08:12:48,771 [pool-96-thread-1] INFO  server.RaftServerConfigKeys (ConfUtils.java:logGet(46)) - raft.server.log.segment.size.max = 1048576 (custom)
2022-10-11 08:12:48,771 [pool-96-thread-1] INFO  server.RaftServerConfigKeys (ConfUtils.java:logGet(46)) - raft.server.log.preallocated.size = 16384 (custom)
2022-10-11 08:12:48,771 [pool-96-thread-1] INFO  server.RaftServerConfigKeys (ConfUtils.java:logGet(46)) - raft.server.log.force.sync.num = 128 (default)
2022-10-11 08:12:48,771 [pool-96-thread-1] INFO  server.RaftServerConfigKeys (ConfUtils.java:logGet(46)) - raft.server.log.statemachine.data.sync = true (default)
2022-10-11 08:12:48,771 [pool-96-thread-1] INFO  server.RaftServerConfigKeys (ConfUtils.java:logGet(46)) - raft.server.log.statemachine.data.sync.timeout = 10s (default)
2022-10-11 08:12:48,772 [pool-96-thread-1] INFO  server.RaftServerConfigKeys (ConfUtils.java:logGet(46)) - raft.server.log.statemachine.data.sync.timeout.retry = -1 (default)
2022-10-11 08:12:48,772 [pool-96-thread-1] INFO  server.RaftServerConfigKeys (ConfUtils.java:logGet(46)) - raft.server.log.write.buffer.size = 1048576 (custom)
2022-10-11 08:12:48,773 [pool-96-thread-1] INFO  server.RaftServerConfigKeys (ConfUtils.java:logGet(46)) - raft.server.log.unsafe-flush.enabled = false (default)
2022-10-11 08:12:48,773 [pool-96-thread-1] INFO  server.RaftServerConfigKeys (ConfUtils.java:logGet(46)) - raft.server.log.statemachine.data.caching.enabled = true (custom)
2022-10-11 08:12:48,773 [pool-96-thread-1] INFO  segmented.SegmentedRaftLogWorker (SegmentedRaftLogWorker.java:lambda$new$0(135)) - 14b70a86-5100-4ed6-950c-f7248b89b6df@group-3D059F13AD3A-SegmentedRaftLogWorker: flushIndex: setUnconditionally 0 -> -1
2022-10-11 08:12:48,773 [pool-96-thread-1] INFO  segmented.SegmentedRaftLogWorker (SegmentedRaftLogWorker.java:lambda$new$0(135)) - 14b70a86-5100-4ed6-950c-f7248b89b6df@group-3D059F13AD3A-SegmentedRaftLogWorker: safeCacheEvictIndex: setUnconditionally 0 -> -1
2022-10-11 08:12:48,781 [pool-96-thread-1] INFO  server.RaftServerConfigKeys (ConfUtils.java:logGet(46)) - raft.server.snapshot.auto.trigger.enabled = true (custom)
2022-10-11 08:12:48,781 [pool-96-thread-1] INFO  server.RaftServerConfigKeys (ConfUtils.java:logGet(46)) - raft.server.snapshot.auto.trigger.threshold = 10000 (custom)
2022-10-11 08:12:48,781 [pool-96-thread-1] INFO  server.RaftServerConfigKeys (ConfUtils.java:logGet(46)) - raft.server.snapshot.retention.file.num = 5 (custom)
2022-10-11 08:12:48,781 [pool-96-thread-1] INFO  server.RaftServerConfigKeys (ConfUtils.java:logGet(46)) - raft.server.log.purge.upto.snapshot.index = false (default)
2022-10-11 08:12:48,781 [pool-96-thread-1] INFO  server.RaftServerConfigKeys (ConfUtils.java:logGet(46)) - raft.server.retrycache.expirytime = 600000ms (custom)
2022-10-11 08:12:48,781 [pool-96-thread-1] INFO  server.RaftServerConfigKeys (ConfUtils.java:logGet(46)) - raft.server.retrycache.statistics.expirytime = 100μs (default)
2022-10-11 08:12:48,782 [pool-96-thread-1] INFO  server.RaftServerConfigKeys (ConfUtils.java:logGet(46)) - raft.server.log.appender.install.snapshot.enabled = false (custom)
2022-10-11 08:12:48,782 [pool-96-thread-1] INFO  server.RaftServerConfigKeys (ConfUtils.java:logGet(46)) - raft.server.threadpool.server.cached = true (default)
2022-10-11 08:12:48,782 [pool-96-thread-1] INFO  server.RaftServerConfigKeys (ConfUtils.java:logGet(46)) - raft.server.threadpool.server.size = 0 (default)
2022-10-11 08:12:48,782 [pool-96-thread-1] INFO  server.RaftServerConfigKeys (ConfUtils.java:logGet(46)) - raft.server.threadpool.client.cached = true (default)
2022-10-11 08:12:48,782 [pool-96-thread-1] INFO  server.RaftServerConfigKeys (ConfUtils.java:logGet(46)) - raft.server.threadpool.client.size = 0 (default)
2022-10-11 08:12:48,782 [pool-96-thread-1] INFO  server.RaftServer$Division (RaftServerImpl.java:start(310)) - 14b70a86-5100-4ed6-950c-f7248b89b6df@group-3D059F13AD3A: start as a follower, conf=-1: [14b70a86-5100-4ed6-950c-f7248b89b6df|rpc:10.1.0.76:40211|priority:1, dfd1ace6-5921-4c65-82d6-ac571288ab09|rpc:10.1.0.76:40081|priority:0, c63b842e-4a18-4309-8e5f-a8e0aaa5a343|rpc:10.1.0.76:38751|priority:0], old=null
2022-10-11 08:12:48,782 [pool-96-thread-1] INFO  server.RaftServer$Division (RaftServerImpl.java:setRole(299)) - 14b70a86-5100-4ed6-950c-f7248b89b6df@group-3D059F13AD3A: changes role from      null to FOLLOWER at term 0 for startAsFollower
2022-10-11 08:12:48,782 [pool-96-thread-1] INFO  impl.RoleInfo (RoleInfo.java:updateAndGet(139)) - 14b70a86-5100-4ed6-950c-f7248b89b6df: start 14b70a86-5100-4ed6-950c-f7248b89b6df@group-3D059F13AD3A-FollowerState
2022-10-11 08:12:48,782 [Command processor thread] INFO  server.RaftServer (RaftServerProxy.java:addNew(96)) - c63b842e-4a18-4309-8e5f-a8e0aaa5a343: addNew group-491BDFF80810:[c63b842e-4a18-4309-8e5f-a8e0aaa5a343|rpc:10.1.0.76:38751|priority:1] returns group-491BDFF80810:java.util.concurrent.CompletableFuture@73291b37[Not completed]
2022-10-11 08:12:48,785 [pool-119-thread-1] INFO  server.RaftServer$Division (RaftServerImpl.java:<init>(190)) - c63b842e-4a18-4309-8e5f-a8e0aaa5a343: new RaftServerImpl for group-491BDFF80810:[c63b842e-4a18-4309-8e5f-a8e0aaa5a343|rpc:10.1.0.76:38751|priority:1] with ContainerStateMachine:uninitialized
2022-10-11 08:12:48,785 [pool-119-thread-1] INFO  server.RaftServerConfigKeys (ConfUtils.java:logGet(46)) - raft.server.rpc.timeout.min = 5s (custom)
2022-10-11 08:12:48,785 [pool-119-thread-1] INFO  server.RaftServerConfigKeys (ConfUtils.java:logGet(46)) - raft.server.rpc.timeout.max = 5200ms (custom)
2022-10-11 08:12:48,785 [pool-119-thread-1] INFO  server.RaftServerConfigKeys (ConfUtils.java:logGet(46)) - raft.server.rpc.sleep.time = 25ms (default)
2022-10-11 08:12:48,785 [pool-119-thread-1] INFO  server.RaftServerConfigKeys (ConfUtils.java:logGet(46)) - raft.server.rpc.slowness.timeout = 300s (custom)
2022-10-11 08:12:48,785 [pool-119-thread-1] INFO  server.RaftServerConfigKeys (ConfUtils.java:logGet(46)) - raft.server.leaderelection.leader.step-down.wait-time = 10s (default)
2022-10-11 08:12:48,785 [pool-119-thread-1] INFO  server.RaftServerConfigKeys (ConfUtils.java:logGet(46)) - raft.server.sleep.deviation.threshold = 300ms (default)
2022-10-11 08:12:48,785 [pool-119-thread-1] INFO  server.RaftServer$Division (ServerState.java:<init>(107)) - c63b842e-4a18-4309-8e5f-a8e0aaa5a343@group-491BDFF80810: ConfigurationManager, init=-1: [c63b842e-4a18-4309-8e5f-a8e0aaa5a343|rpc:10.1.0.76:38751|priority:1], old=null, confs=<EMPTY_MAP>
2022-10-11 08:12:48,786 [pool-119-thread-1] INFO  server.RaftServerConfigKeys (ConfUtils.java:logGet(46)) - raft.server.storage.dir = [/home/runner/work/ozone/ozone/hadoop-ozone/integration-test/target/test-dir/MiniOzoneClusterImpl-a7be04a2-0db3-4748-8f74-6a3cfa6a7101/datanode-2/data/ratis] (custom)
2022-10-11 08:12:48,786 [pool-119-thread-1] INFO  server.RaftServerConfigKeys (ConfUtils.java:logGet(46)) - raft.server.log.corruption.policy = EXCEPTION (default)
2022-10-11 08:12:48,786 [pool-119-thread-1] INFO  server.RaftServerConfigKeys (ConfUtils.java:logGet(46)) - raft.server.storage.free-space.min = 0MB (=0) (default)
2022-10-11 08:12:48,786 [pool-119-thread-1] INFO  storage.RaftStorageDirectory (RaftStorageDirectoryImpl.java:analyzeStorage(135)) - The storage directory /home/runner/work/ozone/ozone/hadoop-ozone/integration-test/target/test-dir/MiniOzoneClusterImpl-a7be04a2-0db3-4748-8f74-6a3cfa6a7101/datanode-2/data/ratis/e6169ce9-83b0-4826-8a71-491bdff80810 does not exist. Creating ...
2022-10-11 08:12:48,786 [pool-96-thread-1] INFO  util.JmxRegister (JmxRegister.java:tryRegister(44)) - Successfully registered JMX Bean with object name Ratis:service=RaftServer,group=group-3D059F13AD3A,id=14b70a86-5100-4ed6-950c-f7248b89b6df
2022-10-11 08:12:48,788 [EventQueue-OpenPipelineForHealthyPipelineSafeModeRule] INFO  safemode.SCMSafeModeManager (HealthyPipelineSafeModeRule.java:process(137)) - SCM in safe mode. Healthy pipelines reported count is 0, required healthy pipeline reported count is 1
2022-10-11 08:12:48,788 [Command processor thread] INFO  ratis.XceiverServerRatis (XceiverServerRatis.java:addGroup(765)) - Created group PipelineID=913e9ab8-67ae-4511-b6d0-3d059f13ad3a
2022-10-11 08:12:48,790 [pool-119-thread-1] INFO  storage.RaftStorageDirectory (RaftStorageDirectoryImpl.java:tryLock(230)) - Lock on /home/runner/work/ozone/ozone/hadoop-ozone/integration-test/target/test-dir/MiniOzoneClusterImpl-a7be04a2-0db3-4748-8f74-6a3cfa6a7101/datanode-2/data/ratis/e6169ce9-83b0-4826-8a71-491bdff80810/in_use.lock acquired by nodename 138003@fv-az208-128
2022-10-11 08:12:48,791 [pool-119-thread-1] INFO  storage.RaftStorage (RaftStorageImpl.java:format(89)) - Storage directory /home/runner/work/ozone/ozone/hadoop-ozone/integration-test/target/test-dir/MiniOzoneClusterImpl-a7be04a2-0db3-4748-8f74-6a3cfa6a7101/datanode-2/data/ratis/e6169ce9-83b0-4826-8a71-491bdff80810 has been successfully formatted.
2022-10-11 08:12:48,792 [pool-119-thread-1] INFO  ratis.ContainerStateMachine (ContainerStateMachine.java:loadSnapshot(236)) - group-491BDFF80810: The snapshot info is null. Setting the last applied indexto:(t:0, i:~)
2022-10-11 08:12:48,792 [pool-119-thread-1] INFO  server.RaftServerConfigKeys (ConfUtils.java:logGet(46)) - raft.server.notification.no-leader.timeout = 300s (custom)
2022-10-11 08:12:48,792 [pool-119-thread-1] INFO  server.RaftServerConfigKeys (ConfUtils.java:logGet(46)) - raft.server.log.use.memory = false (default)
2022-10-11 08:12:48,792 [pool-119-thread-1] INFO  server.RaftServerConfigKeys (ConfUtils.java:logGet(46)) - raft.server.log.purge.gap = 1000000 (custom)
2022-10-11 08:12:48,792 [pool-119-thread-1] INFO  server.RaftServerConfigKeys (ConfUtils.java:logGet(46)) - raft.server.log.appender.buffer.byte-limit = 33554432 (custom)
2022-10-11 08:12:48,792 [pool-119-thread-1] INFO  server.RaftServerConfigKeys (ConfUtils.java:logGet(46)) - raft.server.log.statemachine.data.read.timeout = 1000ms (default)
2022-10-11 08:12:48,795 [pool-119-thread-1] INFO  server.RaftServerConfigKeys (ConfUtils.java:logGet(46)) - raft.server.log.segment.size.max = 1048576 (custom)
2022-10-11 08:12:48,795 [pool-119-thread-1] INFO  server.RaftServerConfigKeys (ConfUtils.java:logGet(46)) - raft.server.log.segment.cache.num.max = 2 (custom)
2022-10-11 08:12:48,796 [EventQueue-PipelineReportForPipelineReportHandler] INFO  pipeline.PipelineManagerImpl (PipelineManagerImpl.java:openPipeline(367)) - Pipeline Pipeline[ Id: e6169ce9-83b0-4826-8a71-491bdff80810, Nodes: c63b842e-4a18-4309-8e5f-a8e0aaa5a343{ip: 10.1.0.76, host: fv-az208-128.kmgg0fu2myoezeajip4j0sfi3d.cx.internal.cloudapp.net, ports: [REPLICATION=35169, RATIS=38751, RATIS_ADMIN=38751, RATIS_SERVER=38751, STANDALONE=46681], networkLocation: /default-rack, certSerialId: null, persistedOpState: IN_SERVICE, persistedOpStateExpiryEpochSec: 0}, ReplicationConfig: RATIS/ONE, State:ALLOCATED, leaderId:c63b842e-4a18-4309-8e5f-a8e0aaa5a343, CreationTimestamp2022-10-11T08:12:45.783Z[Etc/UTC]] moved to OPEN state
2022-10-11 08:12:48,796 [EventQueue-OpenPipelineForHealthyPipelineSafeModeRule] INFO  safemode.SCMSafeModeManager (HealthyPipelineSafeModeRule.java:process(137)) - SCM in safe mode. Healthy pipelines reported count is 0, required healthy pipeline reported count is 1
2022-10-11 08:12:48,796 [pool-119-thread-1] INFO  server.RaftServerConfigKeys (ConfUtils.java:logGet(46)) - raft.server.log.segment.cache.size.max = 200MB (=209715200) (default)
2022-10-11 08:12:48,804 [pool-119-thread-1] INFO  segmented.SegmentedRaftLogWorker (SegmentedRaftLogWorker.java:<init>(187)) - new c63b842e-4a18-4309-8e5f-a8e0aaa5a343@group-491BDFF80810-SegmentedRaftLogWorker for RaftStorageImpl:Storage Directory /home/runner/work/ozone/ozone/hadoop-ozone/integration-test/target/test-dir/MiniOzoneClusterImpl-a7be04a2-0db3-4748-8f74-6a3cfa6a7101/datanode-2/data/ratis/e6169ce9-83b0-4826-8a71-491bdff80810
2022-10-11 08:12:48,804 [pool-119-thread-1] INFO  server.RaftServerConfigKeys (ConfUtils.java:logGet(46)) - raft.server.log.queue.byte-limit = 4294967296 (custom)
2022-10-11 08:12:48,805 [pool-119-thread-1] INFO  server.RaftServerConfigKeys (ConfUtils.java:logGet(46)) - raft.server.log.queue.element-limit = 1024 (custom)
2022-10-11 08:12:48,805 [pool-119-thread-1] INFO  server.RaftServerConfigKeys (ConfUtils.java:logGet(46)) - raft.server.log.segment.size.max = 1048576 (custom)
2022-10-11 08:12:48,805 [pool-119-thread-1] INFO  server.RaftServerConfigKeys (ConfUtils.java:logGet(46)) - raft.server.log.preallocated.size = 16384 (custom)
2022-10-11 08:12:48,805 [pool-119-thread-1] INFO  server.RaftServerConfigKeys (ConfUtils.java:logGet(46)) - raft.server.log.force.sync.num = 128 (default)
2022-10-11 08:12:48,805 [pool-119-thread-1] INFO  server.RaftServerConfigKeys (ConfUtils.java:logGet(46)) - raft.server.log.statemachine.data.sync = true (default)
2022-10-11 08:12:48,805 [pool-119-thread-1] INFO  server.RaftServerConfigKeys (ConfUtils.java:logGet(46)) - raft.server.log.statemachine.data.sync.timeout = 10s (default)
2022-10-11 08:12:48,805 [pool-119-thread-1] INFO  server.RaftServerConfigKeys (ConfUtils.java:logGet(46)) - raft.server.log.statemachine.data.sync.timeout.retry = -1 (default)
2022-10-11 08:12:48,806 [pool-119-thread-1] INFO  server.RaftServerConfigKeys (ConfUtils.java:logGet(46)) - raft.server.log.write.buffer.size = 1048576 (custom)
2022-10-11 08:12:48,806 [pool-119-thread-1] INFO  server.RaftServerConfigKeys (ConfUtils.java:logGet(46)) - raft.server.log.unsafe-flush.enabled = false (default)
2022-10-11 08:12:48,806 [pool-119-thread-1] INFO  server.RaftServerConfigKeys (ConfUtils.java:logGet(46)) - raft.server.log.statemachine.data.caching.enabled = true (custom)
2022-10-11 08:12:48,807 [pool-119-thread-1] INFO  segmented.SegmentedRaftLogWorker (SegmentedRaftLogWorker.java:lambda$new$0(135)) - c63b842e-4a18-4309-8e5f-a8e0aaa5a343@group-491BDFF80810-SegmentedRaftLogWorker: flushIndex: setUnconditionally 0 -> -1
2022-10-11 08:12:48,807 [pool-119-thread-1] INFO  segmented.SegmentedRaftLogWorker (SegmentedRaftLogWorker.java:lambda$new$0(135)) - c63b842e-4a18-4309-8e5f-a8e0aaa5a343@group-491BDFF80810-SegmentedRaftLogWorker: safeCacheEvictIndex: setUnconditionally 0 -> -1
2022-10-11 08:12:48,807 [pool-119-thread-1] INFO  server.RaftServerConfigKeys (ConfUtils.java:logGet(46)) - raft.server.snapshot.auto.trigger.enabled = true (custom)
2022-10-11 08:12:48,807 [pool-119-thread-1] INFO  server.RaftServerConfigKeys (ConfUtils.java:logGet(46)) - raft.server.snapshot.auto.trigger.threshold = 10000 (custom)
2022-10-11 08:12:48,807 [pool-119-thread-1] INFO  server.RaftServerConfigKeys (ConfUtils.java:logGet(46)) - raft.server.snapshot.retention.file.num = 5 (custom)
2022-10-11 08:12:48,807 [pool-119-thread-1] INFO  server.RaftServerConfigKeys (ConfUtils.java:logGet(46)) - raft.server.log.purge.upto.snapshot.index = false (default)
2022-10-11 08:12:48,807 [pool-119-thread-1] INFO  server.RaftServerConfigKeys (ConfUtils.java:logGet(46)) - raft.server.retrycache.expirytime = 600000ms (custom)
2022-10-11 08:12:48,807 [pool-119-thread-1] INFO  server.RaftServerConfigKeys (ConfUtils.java:logGet(46)) - raft.server.retrycache.statistics.expirytime = 100μs (default)
2022-10-11 08:12:48,808 [pool-119-thread-1] INFO  server.RaftServerConfigKeys (ConfUtils.java:logGet(46)) - raft.server.log.appender.install.snapshot.enabled = false (custom)
2022-10-11 08:12:48,808 [pool-119-thread-1] INFO  server.RaftServerConfigKeys (ConfUtils.java:logGet(46)) - raft.server.threadpool.server.cached = true (default)
2022-10-11 08:12:48,808 [pool-119-thread-1] INFO  server.RaftServerConfigKeys (ConfUtils.java:logGet(46)) - raft.server.threadpool.server.size = 0 (default)
2022-10-11 08:12:48,808 [pool-119-thread-1] INFO  server.RaftServerConfigKeys (ConfUtils.java:logGet(46)) - raft.server.threadpool.client.cached = true (default)
2022-10-11 08:12:48,808 [pool-119-thread-1] INFO  server.RaftServerConfigKeys (ConfUtils.java:logGet(46)) - raft.server.threadpool.client.size = 0 (default)
2022-10-11 08:12:48,812 [pool-119-thread-1] INFO  server.RaftServer$Division (RaftServerImpl.java:start(310)) - c63b842e-4a18-4309-8e5f-a8e0aaa5a343@group-491BDFF80810: start as a follower, conf=-1: [c63b842e-4a18-4309-8e5f-a8e0aaa5a343|rpc:10.1.0.76:38751|priority:1], old=null
2022-10-11 08:12:48,812 [pool-119-thread-1] INFO  server.RaftServer$Division (RaftServerImpl.java:setRole(299)) - c63b842e-4a18-4309-8e5f-a8e0aaa5a343@group-491BDFF80810: changes role from      null to FOLLOWER at term 0 for startAsFollower
2022-10-11 08:12:48,812 [pool-119-thread-1] INFO  impl.RoleInfo (RoleInfo.java:updateAndGet(139)) - c63b842e-4a18-4309-8e5f-a8e0aaa5a343: start c63b842e-4a18-4309-8e5f-a8e0aaa5a343@group-491BDFF80810-FollowerState
2022-10-11 08:12:48,817 [pool-119-thread-1] INFO  util.JmxRegister (JmxRegister.java:tryRegister(44)) - Successfully registered JMX Bean with object name Ratis:service=RaftServer,group=group-491BDFF80810,id=c63b842e-4a18-4309-8e5f-a8e0aaa5a343
2022-10-11 08:12:48,819 [Command processor thread] INFO  ratis.XceiverServerRatis (XceiverServerRatis.java:addGroup(765)) - Created group PipelineID=e6169ce9-83b0-4826-8a71-491bdff80810
2022-10-11 08:12:48,819 [grpc-default-executor-1] INFO  server.RaftServer (RaftServerProxy.java:addNew(96)) - dfd1ace6-5921-4c65-82d6-ac571288ab09: addNew group-3D059F13AD3A:[14b70a86-5100-4ed6-950c-f7248b89b6df|rpc:10.1.0.76:40211|dataStream:|priority:1, dfd1ace6-5921-4c65-82d6-ac571288ab09|rpc:10.1.0.76:40081|dataStream:|priority:0, c63b842e-4a18-4309-8e5f-a8e0aaa5a343|rpc:10.1.0.76:38751|dataStream:|priority:0] returns group-3D059F13AD3A:java.util.concurrent.CompletableFuture@3c25477b[Not completed]
2022-10-11 08:12:48,821 [pool-73-thread-1] INFO  server.RaftServer$Division (RaftServerImpl.java:<init>(190)) - dfd1ace6-5921-4c65-82d6-ac571288ab09: new RaftServerImpl for group-3D059F13AD3A:[14b70a86-5100-4ed6-950c-f7248b89b6df|rpc:10.1.0.76:40211|dataStream:|priority:1, dfd1ace6-5921-4c65-82d6-ac571288ab09|rpc:10.1.0.76:40081|dataStream:|priority:0, c63b842e-4a18-4309-8e5f-a8e0aaa5a343|rpc:10.1.0.76:38751|dataStream:|priority:0] with ContainerStateMachine:uninitialized
2022-10-11 08:12:48,821 [pool-73-thread-1] INFO  server.RaftServerConfigKeys (ConfUtils.java:logGet(46)) - raft.server.rpc.timeout.min = 5s (custom)
2022-10-11 08:12:48,821 [pool-73-thread-1] INFO  server.RaftServerConfigKeys (ConfUtils.java:logGet(46)) - raft.server.rpc.timeout.max = 5200ms (custom)
2022-10-11 08:12:48,821 [pool-73-thread-1] INFO  server.RaftServerConfigKeys (ConfUtils.java:logGet(46)) - raft.server.rpc.sleep.time = 25ms (default)
2022-10-11 08:12:48,821 [pool-73-thread-1] INFO  server.RaftServerConfigKeys (ConfUtils.java:logGet(46)) - raft.server.rpc.slowness.timeout = 300s (custom)
2022-10-11 08:12:48,821 [pool-73-thread-1] INFO  server.RaftServerConfigKeys (ConfUtils.java:logGet(46)) - raft.server.leaderelection.leader.step-down.wait-time = 10s (default)
2022-10-11 08:12:48,821 [pool-73-thread-1] INFO  server.RaftServerConfigKeys (ConfUtils.java:logGet(46)) - raft.server.sleep.deviation.threshold = 300ms (default)
2022-10-11 08:12:48,821 [pool-73-thread-1] INFO  server.RaftServer$Division (ServerState.java:<init>(107)) - dfd1ace6-5921-4c65-82d6-ac571288ab09@group-3D059F13AD3A: ConfigurationManager, init=-1: [14b70a86-5100-4ed6-950c-f7248b89b6df|rpc:10.1.0.76:40211|dataStream:|priority:1, dfd1ace6-5921-4c65-82d6-ac571288ab09|rpc:10.1.0.76:40081|dataStream:|priority:0, c63b842e-4a18-4309-8e5f-a8e0aaa5a343|rpc:10.1.0.76:38751|dataStream:|priority:0], old=null, confs=<EMPTY_MAP>
2022-10-11 08:12:48,821 [pool-73-thread-1] INFO  server.RaftServerConfigKeys (ConfUtils.java:logGet(46)) - raft.server.storage.dir = [/home/runner/work/ozone/ozone/hadoop-ozone/integration-test/target/test-dir/MiniOzoneClusterImpl-a7be04a2-0db3-4748-8f74-6a3cfa6a7101/datanode-0/data/ratis] (custom)
2022-10-11 08:12:48,821 [pool-73-thread-1] INFO  server.RaftServerConfigKeys (ConfUtils.java:logGet(46)) - raft.server.log.corruption.policy = EXCEPTION (default)
2022-10-11 08:12:48,821 [pool-73-thread-1] INFO  server.RaftServerConfigKeys (ConfUtils.java:logGet(46)) - raft.server.storage.free-space.min = 0MB (=0) (default)
2022-10-11 08:12:48,821 [pool-73-thread-1] INFO  storage.RaftStorageDirectory (RaftStorageDirectoryImpl.java:analyzeStorage(135)) - The storage directory /home/runner/work/ozone/ozone/hadoop-ozone/integration-test/target/test-dir/MiniOzoneClusterImpl-a7be04a2-0db3-4748-8f74-6a3cfa6a7101/datanode-0/data/ratis/913e9ab8-67ae-4511-b6d0-3d059f13ad3a does not exist. Creating ...
2022-10-11 08:12:48,819 [Command processor thread] INFO  commandhandler.CreatePipelineCommandHandler (CreatePipelineCommandHandler.java:handle(113)) - Created Pipeline RATIS ONE PipelineID=e6169ce9-83b0-4826-8a71-491bdff80810.
2022-10-11 08:12:48,823 [Command processor thread] INFO  server.RaftServer (RaftServerProxy.java:addNew(96)) - c63b842e-4a18-4309-8e5f-a8e0aaa5a343: addNew group-3D059F13AD3A:[14b70a86-5100-4ed6-950c-f7248b89b6df|rpc:10.1.0.76:40211|priority:1, dfd1ace6-5921-4c65-82d6-ac571288ab09|rpc:10.1.0.76:40081|priority:0, c63b842e-4a18-4309-8e5f-a8e0aaa5a343|rpc:10.1.0.76:38751|priority:0] returns group-3D059F13AD3A:java.util.concurrent.CompletableFuture@7deeeb22[Not completed]
2022-10-11 08:12:48,824 [pool-119-thread-1] INFO  server.RaftServer$Division (RaftServerImpl.java:<init>(190)) - c63b842e-4a18-4309-8e5f-a8e0aaa5a343: new RaftServerImpl for group-3D059F13AD3A:[14b70a86-5100-4ed6-950c-f7248b89b6df|rpc:10.1.0.76:40211|priority:1, dfd1ace6-5921-4c65-82d6-ac571288ab09|rpc:10.1.0.76:40081|priority:0, c63b842e-4a18-4309-8e5f-a8e0aaa5a343|rpc:10.1.0.76:38751|priority:0] with ContainerStateMachine:uninitialized
2022-10-11 08:12:48,824 [pool-119-thread-1] INFO  server.RaftServerConfigKeys (ConfUtils.java:logGet(46)) - raft.server.rpc.timeout.min = 5s (custom)
2022-10-11 08:12:48,825 [pool-119-thread-1] INFO  server.RaftServerConfigKeys (ConfUtils.java:logGet(46)) - raft.server.rpc.timeout.max = 5200ms (custom)
2022-10-11 08:12:48,825 [pool-119-thread-1] INFO  server.RaftServerConfigKeys (ConfUtils.java:logGet(46)) - raft.server.rpc.sleep.time = 25ms (default)
2022-10-11 08:12:48,825 [pool-119-thread-1] INFO  server.RaftServerConfigKeys (ConfUtils.java:logGet(46)) - raft.server.rpc.slowness.timeout = 300s (custom)
2022-10-11 08:12:48,825 [pool-119-thread-1] INFO  server.RaftServerConfigKeys (ConfUtils.java:logGet(46)) - raft.server.leaderelection.leader.step-down.wait-time = 10s (default)
2022-10-11 08:12:48,825 [pool-119-thread-1] INFO  server.RaftServerConfigKeys (ConfUtils.java:logGet(46)) - raft.server.sleep.deviation.threshold = 300ms (default)
2022-10-11 08:12:48,825 [pool-119-thread-1] INFO  server.RaftServer$Division (ServerState.java:<init>(107)) - c63b842e-4a18-4309-8e5f-a8e0aaa5a343@group-3D059F13AD3A: ConfigurationManager, init=-1: [14b70a86-5100-4ed6-950c-f7248b89b6df|rpc:10.1.0.76:40211|priority:1, dfd1ace6-5921-4c65-82d6-ac571288ab09|rpc:10.1.0.76:40081|priority:0, c63b842e-4a18-4309-8e5f-a8e0aaa5a343|rpc:10.1.0.76:38751|priority:0], old=null, confs=<EMPTY_MAP>
2022-10-11 08:12:48,825 [pool-119-thread-1] INFO  server.RaftServerConfigKeys (ConfUtils.java:logGet(46)) - raft.server.storage.dir = [/home/runner/work/ozone/ozone/hadoop-ozone/integration-test/target/test-dir/MiniOzoneClusterImpl-a7be04a2-0db3-4748-8f74-6a3cfa6a7101/datanode-2/data/ratis] (custom)
2022-10-11 08:12:48,825 [pool-119-thread-1] INFO  server.RaftServerConfigKeys (ConfUtils.java:logGet(46)) - raft.server.log.corruption.policy = EXCEPTION (default)
2022-10-11 08:12:48,825 [pool-119-thread-1] INFO  server.RaftServerConfigKeys (ConfUtils.java:logGet(46)) - raft.server.storage.free-space.min = 0MB (=0) (default)
2022-10-11 08:12:48,825 [pool-119-thread-1] INFO  storage.RaftStorageDirectory (RaftStorageDirectoryImpl.java:analyzeStorage(135)) - The storage directory /home/runner/work/ozone/ozone/hadoop-ozone/integration-test/target/test-dir/MiniOzoneClusterImpl-a7be04a2-0db3-4748-8f74-6a3cfa6a7101/datanode-2/data/ratis/913e9ab8-67ae-4511-b6d0-3d059f13ad3a does not exist. Creating ...
2022-10-11 08:12:48,827 [pool-73-thread-1] INFO  storage.RaftStorageDirectory (RaftStorageDirectoryImpl.java:tryLock(230)) - Lock on /home/runner/work/ozone/ozone/hadoop-ozone/integration-test/target/test-dir/MiniOzoneClusterImpl-a7be04a2-0db3-4748-8f74-6a3cfa6a7101/datanode-0/data/ratis/913e9ab8-67ae-4511-b6d0-3d059f13ad3a/in_use.lock acquired by nodename 138003@fv-az208-128
2022-10-11 08:12:48,831 [pool-73-thread-1] INFO  storage.RaftStorage (RaftStorageImpl.java:format(89)) - Storage directory /home/runner/work/ozone/ozone/hadoop-ozone/integration-test/target/test-dir/MiniOzoneClusterImpl-a7be04a2-0db3-4748-8f74-6a3cfa6a7101/datanode-0/data/ratis/913e9ab8-67ae-4511-b6d0-3d059f13ad3a has been successfully formatted.
2022-10-11 08:12:48,831 [pool-73-thread-1] INFO  ratis.ContainerStateMachine (ContainerStateMachine.java:loadSnapshot(236)) - group-3D059F13AD3A: The snapshot info is null. Setting the last applied indexto:(t:0, i:~)
2022-10-11 08:12:48,832 [pool-73-thread-1] INFO  server.RaftServerConfigKeys (ConfUtils.java:logGet(46)) - raft.server.notification.no-leader.timeout = 300s (custom)
2022-10-11 08:12:48,832 [pool-73-thread-1] INFO  server.RaftServerConfigKeys (ConfUtils.java:logGet(46)) - raft.server.log.use.memory = false (default)
2022-10-11 08:12:48,832 [pool-73-thread-1] INFO  server.RaftServerConfigKeys (ConfUtils.java:logGet(46)) - raft.server.log.purge.gap = 1000000 (custom)
2022-10-11 08:12:48,832 [pool-73-thread-1] INFO  server.RaftServerConfigKeys (ConfUtils.java:logGet(46)) - raft.server.log.appender.buffer.byte-limit = 33554432 (custom)
2022-10-11 08:12:48,832 [pool-73-thread-1] INFO  server.RaftServerConfigKeys (ConfUtils.java:logGet(46)) - raft.server.log.statemachine.data.read.timeout = 1000ms (default)
2022-10-11 08:12:48,832 [pool-73-thread-1] INFO  server.RaftServerConfigKeys (ConfUtils.java:logGet(46)) - raft.server.log.segment.size.max = 1048576 (custom)
2022-10-11 08:12:48,832 [pool-73-thread-1] INFO  server.RaftServerConfigKeys (ConfUtils.java:logGet(46)) - raft.server.log.segment.cache.num.max = 2 (custom)
2022-10-11 08:12:48,832 [pool-73-thread-1] INFO  server.RaftServerConfigKeys (ConfUtils.java:logGet(46)) - raft.server.log.segment.cache.size.max = 200MB (=209715200) (default)
2022-10-11 08:12:48,832 [pool-73-thread-1] INFO  segmented.SegmentedRaftLogWorker (SegmentedRaftLogWorker.java:<init>(187)) - new dfd1ace6-5921-4c65-82d6-ac571288ab09@group-3D059F13AD3A-SegmentedRaftLogWorker for RaftStorageImpl:Storage Directory /home/runner/work/ozone/ozone/hadoop-ozone/integration-test/target/test-dir/MiniOzoneClusterImpl-a7be04a2-0db3-4748-8f74-6a3cfa6a7101/datanode-0/data/ratis/913e9ab8-67ae-4511-b6d0-3d059f13ad3a
2022-10-11 08:12:48,833 [pool-73-thread-1] INFO  server.RaftServerConfigKeys (ConfUtils.java:logGet(46)) - raft.server.log.queue.byte-limit = 4294967296 (custom)
2022-10-11 08:12:48,833 [pool-73-thread-1] INFO  server.RaftServerConfigKeys (ConfUtils.java:logGet(46)) - raft.server.log.queue.element-limit = 1024 (custom)
2022-10-11 08:12:48,833 [pool-73-thread-1] INFO  server.RaftServerConfigKeys (ConfUtils.java:logGet(46)) - raft.server.log.segment.size.max = 1048576 (custom)
2022-10-11 08:12:48,833 [pool-73-thread-1] INFO  server.RaftServerConfigKeys (ConfUtils.java:logGet(46)) - raft.server.log.preallocated.size = 16384 (custom)
2022-10-11 08:12:48,833 [pool-73-thread-1] INFO  server.RaftServerConfigKeys (ConfUtils.java:logGet(46)) - raft.server.log.force.sync.num = 128 (default)
2022-10-11 08:12:48,833 [pool-73-thread-1] INFO  server.RaftServerConfigKeys (ConfUtils.java:logGet(46)) - raft.server.log.statemachine.data.sync = true (default)
2022-10-11 08:12:48,833 [pool-73-thread-1] INFO  server.RaftServerConfigKeys (ConfUtils.java:logGet(46)) - raft.server.log.statemachine.data.sync.timeout = 10s (default)
2022-10-11 08:12:48,833 [pool-73-thread-1] INFO  server.RaftServerConfigKeys (ConfUtils.java:logGet(46)) - raft.server.log.statemachine.data.sync.timeout.retry = -1 (default)
2022-10-11 08:12:48,834 [pool-73-thread-1] INFO  server.RaftServerConfigKeys (ConfUtils.java:logGet(46)) - raft.server.log.write.buffer.size = 1048576 (custom)
2022-10-11 08:12:48,834 [pool-73-thread-1] INFO  server.RaftServerConfigKeys (ConfUtils.java:logGet(46)) - raft.server.log.unsafe-flush.enabled = false (default)
2022-10-11 08:12:48,834 [pool-73-thread-1] INFO  server.RaftServerConfigKeys (ConfUtils.java:logGet(46)) - raft.server.log.statemachine.data.caching.enabled = true (custom)
2022-10-11 08:12:48,834 [pool-73-thread-1] INFO  segmented.SegmentedRaftLogWorker (SegmentedRaftLogWorker.java:lambda$new$0(135)) - dfd1ace6-5921-4c65-82d6-ac571288ab09@group-3D059F13AD3A-SegmentedRaftLogWorker: flushIndex: setUnconditionally 0 -> -1
2022-10-11 08:12:48,834 [pool-73-thread-1] INFO  segmented.SegmentedRaftLogWorker (SegmentedRaftLogWorker.java:lambda$new$0(135)) - dfd1ace6-5921-4c65-82d6-ac571288ab09@group-3D059F13AD3A-SegmentedRaftLogWorker: safeCacheEvictIndex: setUnconditionally 0 -> -1
2022-10-11 08:12:48,827 [pool-119-thread-1] INFO  storage.RaftStorageDirectory (RaftStorageDirectoryImpl.java:tryLock(230)) - Lock on /home/runner/work/ozone/ozone/hadoop-ozone/integration-test/target/test-dir/MiniOzoneClusterImpl-a7be04a2-0db3-4748-8f74-6a3cfa6a7101/datanode-2/data/ratis/913e9ab8-67ae-4511-b6d0-3d059f13ad3a/in_use.lock acquired by nodename 138003@fv-az208-128
2022-10-11 08:12:48,836 [pool-119-thread-1] INFO  storage.RaftStorage (RaftStorageImpl.java:format(89)) - Storage directory /home/runner/work/ozone/ozone/hadoop-ozone/integration-test/target/test-dir/MiniOzoneClusterImpl-a7be04a2-0db3-4748-8f74-6a3cfa6a7101/datanode-2/data/ratis/913e9ab8-67ae-4511-b6d0-3d059f13ad3a has been successfully formatted.
2022-10-11 08:12:48,839 [pool-119-thread-1] INFO  ratis.ContainerStateMachine (ContainerStateMachine.java:loadSnapshot(236)) - group-3D059F13AD3A: The snapshot info is null. Setting the last applied indexto:(t:0, i:~)
2022-10-11 08:12:48,839 [pool-119-thread-1] INFO  server.RaftServerConfigKeys (ConfUtils.java:logGet(46)) - raft.server.notification.no-leader.timeout = 300s (custom)
2022-10-11 08:12:48,839 [pool-119-thread-1] INFO  server.RaftServerConfigKeys (ConfUtils.java:logGet(46)) - raft.server.log.use.memory = false (default)
2022-10-11 08:12:48,839 [pool-119-thread-1] INFO  server.RaftServerConfigKeys (ConfUtils.java:logGet(46)) - raft.server.log.purge.gap = 1000000 (custom)
2022-10-11 08:12:48,839 [pool-119-thread-1] INFO  server.RaftServerConfigKeys (ConfUtils.java:logGet(46)) - raft.server.log.appender.buffer.byte-limit = 33554432 (custom)
2022-10-11 08:12:48,840 [pool-119-thread-1] INFO  server.RaftServerConfigKeys (ConfUtils.java:logGet(46)) - raft.server.log.statemachine.data.read.timeout = 1000ms (default)
2022-10-11 08:12:48,840 [pool-119-thread-1] INFO  server.RaftServerConfigKeys (ConfUtils.java:logGet(46)) - raft.server.log.segment.size.max = 1048576 (custom)
2022-10-11 08:12:48,844 [pool-119-thread-1] INFO  server.RaftServerConfigKeys (ConfUtils.java:logGet(46)) - raft.server.log.segment.cache.num.max = 2 (custom)
2022-10-11 08:12:48,844 [pool-119-thread-1] INFO  server.RaftServerConfigKeys (ConfUtils.java:logGet(46)) - raft.server.log.segment.cache.size.max = 200MB (=209715200) (default)
2022-10-11 08:12:48,844 [pool-119-thread-1] INFO  segmented.SegmentedRaftLogWorker (SegmentedRaftLogWorker.java:<init>(187)) - new c63b842e-4a18-4309-8e5f-a8e0aaa5a343@group-3D059F13AD3A-SegmentedRaftLogWorker for RaftStorageImpl:Storage Directory /home/runner/work/ozone/ozone/hadoop-ozone/integration-test/target/test-dir/MiniOzoneClusterImpl-a7be04a2-0db3-4748-8f74-6a3cfa6a7101/datanode-2/data/ratis/913e9ab8-67ae-4511-b6d0-3d059f13ad3a
2022-10-11 08:12:48,844 [pool-119-thread-1] INFO  server.RaftServerConfigKeys (ConfUtils.java:logGet(46)) - raft.server.log.queue.byte-limit = 4294967296 (custom)
2022-10-11 08:12:48,844 [pool-119-thread-1] INFO  server.RaftServerConfigKeys (ConfUtils.java:logGet(46)) - raft.server.log.queue.element-limit = 1024 (custom)
2022-10-11 08:12:48,844 [pool-119-thread-1] INFO  server.RaftServerConfigKeys (ConfUtils.java:logGet(46)) - raft.server.log.segment.size.max = 1048576 (custom)
2022-10-11 08:12:48,844 [pool-119-thread-1] INFO  server.RaftServerConfigKeys (ConfUtils.java:logGet(46)) - raft.server.log.preallocated.size = 16384 (custom)
2022-10-11 08:12:48,845 [pool-119-thread-1] INFO  server.RaftServerConfigKeys (ConfUtils.java:logGet(46)) - raft.server.log.force.sync.num = 128 (default)
2022-10-11 08:12:48,845 [pool-119-thread-1] INFO  server.RaftServerConfigKeys (ConfUtils.java:logGet(46)) - raft.server.log.statemachine.data.sync = true (default)
2022-10-11 08:12:48,845 [pool-119-thread-1] INFO  server.RaftServerConfigKeys (ConfUtils.java:logGet(46)) - raft.server.log.statemachine.data.sync.timeout = 10s (default)
2022-10-11 08:12:48,845 [pool-119-thread-1] INFO  server.RaftServerConfigKeys (ConfUtils.java:logGet(46)) - raft.server.log.statemachine.data.sync.timeout.retry = -1 (default)
2022-10-11 08:12:48,843 [pool-73-thread-1] INFO  server.RaftServerConfigKeys (ConfUtils.java:logGet(46)) - raft.server.snapshot.auto.trigger.enabled = true (custom)
2022-10-11 08:12:48,845 [pool-73-thread-1] INFO  server.RaftServerConfigKeys (ConfUtils.java:logGet(46)) - raft.server.snapshot.auto.trigger.threshold = 10000 (custom)
2022-10-11 08:12:48,845 [pool-73-thread-1] INFO  server.RaftServerConfigKeys (ConfUtils.java:logGet(46)) - raft.server.snapshot.retention.file.num = 5 (custom)
2022-10-11 08:12:48,845 [pool-73-thread-1] INFO  server.RaftServerConfigKeys (ConfUtils.java:logGet(46)) - raft.server.log.purge.upto.snapshot.index = false (default)
2022-10-11 08:12:48,845 [pool-73-thread-1] INFO  server.RaftServerConfigKeys (ConfUtils.java:logGet(46)) - raft.server.retrycache.expirytime = 600000ms (custom)
2022-10-11 08:12:48,845 [pool-73-thread-1] INFO  server.RaftServerConfigKeys (ConfUtils.java:logGet(46)) - raft.server.retrycache.statistics.expirytime = 100μs (default)
2022-10-11 08:12:48,846 [pool-73-thread-1] INFO  server.RaftServerConfigKeys (ConfUtils.java:logGet(46)) - raft.server.log.appender.install.snapshot.enabled = false (custom)
2022-10-11 08:12:48,846 [pool-73-thread-1] INFO  server.RaftServerConfigKeys (ConfUtils.java:logGet(46)) - raft.server.threadpool.server.cached = true (default)
2022-10-11 08:12:48,846 [pool-73-thread-1] INFO  server.RaftServerConfigKeys (ConfUtils.java:logGet(46)) - raft.server.threadpool.server.size = 0 (default)
2022-10-11 08:12:48,846 [pool-73-thread-1] INFO  server.RaftServerConfigKeys (ConfUtils.java:logGet(46)) - raft.server.threadpool.client.cached = true (default)
2022-10-11 08:12:48,846 [pool-73-thread-1] INFO  server.RaftServerConfigKeys (ConfUtils.java:logGet(46)) - raft.server.threadpool.client.size = 0 (default)
2022-10-11 08:12:48,847 [pool-73-thread-1] INFO  server.RaftServer$Division (RaftServerImpl.java:start(310)) - dfd1ace6-5921-4c65-82d6-ac571288ab09@group-3D059F13AD3A: start as a follower, conf=-1: [14b70a86-5100-4ed6-950c-f7248b89b6df|rpc:10.1.0.76:40211|dataStream:|priority:1, dfd1ace6-5921-4c65-82d6-ac571288ab09|rpc:10.1.0.76:40081|dataStream:|priority:0, c63b842e-4a18-4309-8e5f-a8e0aaa5a343|rpc:10.1.0.76:38751|dataStream:|priority:0], old=null
2022-10-11 08:12:48,847 [pool-73-thread-1] INFO  server.RaftServer$Division (RaftServerImpl.java:setRole(299)) - dfd1ace6-5921-4c65-82d6-ac571288ab09@group-3D059F13AD3A: changes role from      null to FOLLOWER at term 0 for startAsFollower
2022-10-11 08:12:48,847 [pool-73-thread-1] INFO  impl.RoleInfo (RoleInfo.java:updateAndGet(139)) - dfd1ace6-5921-4c65-82d6-ac571288ab09: start dfd1ace6-5921-4c65-82d6-ac571288ab09@group-3D059F13AD3A-FollowerState
2022-10-11 08:12:48,847 [pool-119-thread-1] INFO  server.RaftServerConfigKeys (ConfUtils.java:logGet(46)) - raft.server.log.write.buffer.size = 1048576 (custom)
2022-10-11 08:12:48,848 [pool-119-thread-1] INFO  server.RaftServerConfigKeys (ConfUtils.java:logGet(46)) - raft.server.log.unsafe-flush.enabled = false (default)
2022-10-11 08:12:48,848 [pool-119-thread-1] INFO  server.RaftServerConfigKeys (ConfUtils.java:logGet(46)) - raft.server.log.statemachine.data.caching.enabled = true (custom)
2022-10-11 08:12:48,848 [pool-119-thread-1] INFO  segmented.SegmentedRaftLogWorker (SegmentedRaftLogWorker.java:lambda$new$0(135)) - c63b842e-4a18-4309-8e5f-a8e0aaa5a343@group-3D059F13AD3A-SegmentedRaftLogWorker: flushIndex: setUnconditionally 0 -> -1
2022-10-11 08:12:48,848 [pool-119-thread-1] INFO  segmented.SegmentedRaftLogWorker (SegmentedRaftLogWorker.java:lambda$new$0(135)) - c63b842e-4a18-4309-8e5f-a8e0aaa5a343@group-3D059F13AD3A-SegmentedRaftLogWorker: safeCacheEvictIndex: setUnconditionally 0 -> -1
2022-10-11 08:12:48,849 [EventQueue-OpenPipelineForHealthyPipelineSafeModeRule] INFO  safemode.SCMSafeModeManager (HealthyPipelineSafeModeRule.java:process(137)) - SCM in safe mode. Healthy pipelines reported count is 0, required healthy pipeline reported count is 1
2022-10-11 08:12:48,849 [EventQueue-OpenPipelineForHealthyPipelineSafeModeRule] INFO  safemode.SCMSafeModeManager (HealthyPipelineSafeModeRule.java:process(137)) - SCM in safe mode. Healthy pipelines reported count is 0, required healthy pipeline reported count is 1
2022-10-11 08:12:48,850 [pool-73-thread-1] INFO  util.JmxRegister (JmxRegister.java:tryRegister(44)) - Successfully registered JMX Bean with object name Ratis:service=RaftServer,group=group-3D059F13AD3A,id=dfd1ace6-5921-4c65-82d6-ac571288ab09
2022-10-11 08:12:48,862 [pool-119-thread-1] INFO  server.RaftServerConfigKeys (ConfUtils.java:logGet(46)) - raft.server.snapshot.auto.trigger.enabled = true (custom)
2022-10-11 08:12:48,863 [pool-119-thread-1] INFO  server.RaftServerConfigKeys (ConfUtils.java:logGet(46)) - raft.server.snapshot.auto.trigger.threshold = 10000 (custom)
2022-10-11 08:12:48,863 [Command processor thread] INFO  commandhandler.CreatePipelineCommandHandler (CreatePipelineCommandHandler.java:handle(113)) - Created Pipeline RATIS THREE PipelineID=370728a8-a39a-4d11-a535-7922759ba704.
2022-10-11 08:12:48,863 [pool-119-thread-1] INFO  server.RaftServerConfigKeys (ConfUtils.java:logGet(46)) - raft.server.snapshot.retention.file.num = 5 (custom)
2022-10-11 08:12:48,863 [pool-119-thread-1] INFO  server.RaftServerConfigKeys (ConfUtils.java:logGet(46)) - raft.server.log.purge.upto.snapshot.index = false (default)
2022-10-11 08:12:48,863 [pool-119-thread-1] INFO  server.RaftServerConfigKeys (ConfUtils.java:logGet(46)) - raft.server.retrycache.expirytime = 600000ms (custom)
2022-10-11 08:12:48,863 [pool-119-thread-1] INFO  server.RaftServerConfigKeys (ConfUtils.java:logGet(46)) - raft.server.retrycache.statistics.expirytime = 100μs (default)
2022-10-11 08:12:48,871 [pool-119-thread-1] INFO  server.RaftServerConfigKeys (ConfUtils.java:logGet(46)) - raft.server.log.appender.install.snapshot.enabled = false (custom)
2022-10-11 08:12:48,871 [pool-119-thread-1] INFO  server.RaftServerConfigKeys (ConfUtils.java:logGet(46)) - raft.server.threadpool.server.cached = true (default)
2022-10-11 08:12:48,871 [pool-119-thread-1] INFO  server.RaftServerConfigKeys (ConfUtils.java:logGet(46)) - raft.server.threadpool.server.size = 0 (default)
2022-10-11 08:12:48,871 [pool-119-thread-1] INFO  server.RaftServerConfigKeys (ConfUtils.java:logGet(46)) - raft.server.threadpool.client.cached = true (default)
2022-10-11 08:12:48,871 [pool-119-thread-1] INFO  server.RaftServerConfigKeys (ConfUtils.java:logGet(46)) - raft.server.threadpool.client.size = 0 (default)
2022-10-11 08:12:48,871 [pool-119-thread-1] INFO  server.RaftServer$Division (RaftServerImpl.java:start(310)) - c63b842e-4a18-4309-8e5f-a8e0aaa5a343@group-3D059F13AD3A: start as a follower, conf=-1: [14b70a86-5100-4ed6-950c-f7248b89b6df|rpc:10.1.0.76:40211|priority:1, dfd1ace6-5921-4c65-82d6-ac571288ab09|rpc:10.1.0.76:40081|priority:0, c63b842e-4a18-4309-8e5f-a8e0aaa5a343|rpc:10.1.0.76:38751|priority:0], old=null
2022-10-11 08:12:48,871 [pool-119-thread-1] INFO  server.RaftServer$Division (RaftServerImpl.java:setRole(299)) - c63b842e-4a18-4309-8e5f-a8e0aaa5a343@group-3D059F13AD3A: changes role from      null to FOLLOWER at term 0 for startAsFollower
2022-10-11 08:12:48,871 [pool-119-thread-1] INFO  impl.RoleInfo (RoleInfo.java:updateAndGet(139)) - c63b842e-4a18-4309-8e5f-a8e0aaa5a343: start c63b842e-4a18-4309-8e5f-a8e0aaa5a343@group-3D059F13AD3A-FollowerState
2022-10-11 08:12:48,874 [pool-119-thread-1] INFO  util.JmxRegister (JmxRegister.java:tryRegister(44)) - Successfully registered JMX Bean with object name Ratis:service=RaftServer,group=group-3D059F13AD3A,id=c63b842e-4a18-4309-8e5f-a8e0aaa5a343
2022-10-11 08:12:48,879 [Command processor thread] INFO  ratis.XceiverServerRatis (XceiverServerRatis.java:addGroup(765)) - Created group PipelineID=913e9ab8-67ae-4511-b6d0-3d059f13ad3a
2022-10-11 08:12:48,928 [Command processor thread] INFO  commandhandler.CreatePipelineCommandHandler (CreatePipelineCommandHandler.java:handle(113)) - Created Pipeline RATIS THREE PipelineID=913e9ab8-67ae-4511-b6d0-3d059f13ad3a.
2022-10-11 08:12:48,943 [Command processor thread] INFO  commandhandler.CreatePipelineCommandHandler (CreatePipelineCommandHandler.java:handle(113)) - Created Pipeline RATIS THREE PipelineID=913e9ab8-67ae-4511-b6d0-3d059f13ad3a.
2022-10-11 08:12:49,097 [Command processor thread] INFO  server.RaftServer (RaftServerProxy.java:addNew(96)) - d1cf34d5-c92a-430e-aa0c-9bc6323d5bcc: addNew group-7B5D9BB4AD55:[d1cf34d5-c92a-430e-aa0c-9bc6323d5bcc|rpc:10.1.0.76:35681|priority:1] returns group-7B5D9BB4AD55:java.util.concurrent.CompletableFuture@2d96b736[Not completed]
2022-10-11 08:12:49,101 [pool-142-thread-1] INFO  server.RaftServer$Division (RaftServerImpl.java:<init>(190)) - d1cf34d5-c92a-430e-aa0c-9bc6323d5bcc: new RaftServerImpl for group-7B5D9BB4AD55:[d1cf34d5-c92a-430e-aa0c-9bc6323d5bcc|rpc:10.1.0.76:35681|priority:1] with ContainerStateMachine:uninitialized
2022-10-11 08:12:49,101 [pool-142-thread-1] INFO  server.RaftServerConfigKeys (ConfUtils.java:logGet(46)) - raft.server.rpc.timeout.min = 5s (custom)
2022-10-11 08:12:49,101 [pool-142-thread-1] INFO  server.RaftServerConfigKeys (ConfUtils.java:logGet(46)) - raft.server.rpc.timeout.max = 5200ms (custom)
2022-10-11 08:12:49,101 [pool-142-thread-1] INFO  server.RaftServerConfigKeys (ConfUtils.java:logGet(46)) - raft.server.rpc.sleep.time = 25ms (default)
2022-10-11 08:12:49,101 [pool-142-thread-1] INFO  server.RaftServerConfigKeys (ConfUtils.java:logGet(46)) - raft.server.rpc.slowness.timeout = 300s (custom)
2022-10-11 08:12:49,101 [pool-142-thread-1] INFO  server.RaftServerConfigKeys (ConfUtils.java:logGet(46)) - raft.server.leaderelection.leader.step-down.wait-time = 10s (default)
2022-10-11 08:12:49,101 [pool-142-thread-1] INFO  server.RaftServerConfigKeys (ConfUtils.java:logGet(46)) - raft.server.sleep.deviation.threshold = 300ms (default)
2022-10-11 08:12:49,101 [pool-142-thread-1] INFO  server.RaftServer$Division (ServerState.java:<init>(107)) - d1cf34d5-c92a-430e-aa0c-9bc6323d5bcc@group-7B5D9BB4AD55: ConfigurationManager, init=-1: [d1cf34d5-c92a-430e-aa0c-9bc6323d5bcc|rpc:10.1.0.76:35681|priority:1], old=null, confs=<EMPTY_MAP>
2022-10-11 08:12:49,101 [pool-142-thread-1] INFO  server.RaftServerConfigKeys (ConfUtils.java:logGet(46)) - raft.server.storage.dir = [/home/runner/work/ozone/ozone/hadoop-ozone/integration-test/target/test-dir/MiniOzoneClusterImpl-a7be04a2-0db3-4748-8f74-6a3cfa6a7101/datanode-3/data/ratis] (custom)
2022-10-11 08:12:49,102 [pool-142-thread-1] INFO  server.RaftServerConfigKeys (ConfUtils.java:logGet(46)) - raft.server.log.corruption.policy = EXCEPTION (default)
2022-10-11 08:12:49,102 [pool-142-thread-1] INFO  server.RaftServerConfigKeys (ConfUtils.java:logGet(46)) - raft.server.storage.free-space.min = 0MB (=0) (default)
2022-10-11 08:12:49,102 [pool-142-thread-1] INFO  storage.RaftStorageDirectory (RaftStorageDirectoryImpl.java:analyzeStorage(135)) - The storage directory /home/runner/work/ozone/ozone/hadoop-ozone/integration-test/target/test-dir/MiniOzoneClusterImpl-a7be04a2-0db3-4748-8f74-6a3cfa6a7101/datanode-3/data/ratis/dd5e6055-a855-4257-bdda-7b5d9bb4ad55 does not exist. Creating ...
2022-10-11 08:12:49,103 [pool-142-thread-1] INFO  storage.RaftStorageDirectory (RaftStorageDirectoryImpl.java:tryLock(230)) - Lock on /home/runner/work/ozone/ozone/hadoop-ozone/integration-test/target/test-dir/MiniOzoneClusterImpl-a7be04a2-0db3-4748-8f74-6a3cfa6a7101/datanode-3/data/ratis/dd5e6055-a855-4257-bdda-7b5d9bb4ad55/in_use.lock acquired by nodename 138003@fv-az208-128
2022-10-11 08:12:49,104 [pool-142-thread-1] INFO  storage.RaftStorage (RaftStorageImpl.java:format(89)) - Storage directory /home/runner/work/ozone/ozone/hadoop-ozone/integration-test/target/test-dir/MiniOzoneClusterImpl-a7be04a2-0db3-4748-8f74-6a3cfa6a7101/datanode-3/data/ratis/dd5e6055-a855-4257-bdda-7b5d9bb4ad55 has been successfully formatted.
2022-10-11 08:12:49,105 [pool-142-thread-1] INFO  ratis.ContainerStateMachine (ContainerStateMachine.java:loadSnapshot(236)) - group-7B5D9BB4AD55: The snapshot info is null. Setting the last applied indexto:(t:0, i:~)
2022-10-11 08:12:49,105 [pool-142-thread-1] INFO  server.RaftServerConfigKeys (ConfUtils.java:logGet(46)) - raft.server.notification.no-leader.timeout = 300s (custom)
2022-10-11 08:12:49,105 [pool-142-thread-1] INFO  server.RaftServerConfigKeys (ConfUtils.java:logGet(46)) - raft.server.log.use.memory = false (default)
2022-10-11 08:12:49,105 [pool-142-thread-1] INFO  server.RaftServerConfigKeys (ConfUtils.java:logGet(46)) - raft.server.log.purge.gap = 1000000 (custom)
2022-10-11 08:12:49,105 [pool-142-thread-1] INFO  server.RaftServerConfigKeys (ConfUtils.java:logGet(46)) - raft.server.log.appender.buffer.byte-limit = 33554432 (custom)
2022-10-11 08:12:49,106 [pool-142-thread-1] INFO  server.RaftServerConfigKeys (ConfUtils.java:logGet(46)) - raft.server.log.statemachine.data.read.timeout = 1000ms (default)
2022-10-11 08:12:49,108 [EventQueue-PipelineReportForPipelineReportHandler] INFO  pipeline.PipelineManagerImpl (PipelineManagerImpl.java:openPipeline(367)) - Pipeline Pipeline[ Id: dd5e6055-a855-4257-bdda-7b5d9bb4ad55, Nodes: d1cf34d5-c92a-430e-aa0c-9bc6323d5bcc{ip: 10.1.0.76, host: fv-az208-128.kmgg0fu2myoezeajip4j0sfi3d.cx.internal.cloudapp.net, ports: [REPLICATION=39895, RATIS=35681, RATIS_ADMIN=35681, RATIS_SERVER=35681, STANDALONE=43135], networkLocation: /default-rack, certSerialId: null, persistedOpState: IN_SERVICE, persistedOpStateExpiryEpochSec: 0}, ReplicationConfig: RATIS/ONE, State:ALLOCATED, leaderId:d1cf34d5-c92a-430e-aa0c-9bc6323d5bcc, CreationTimestamp2022-10-11T08:12:46.102Z[Etc/UTC]] moved to OPEN state
2022-10-11 08:12:49,108 [EventQueue-OpenPipelineForHealthyPipelineSafeModeRule] INFO  safemode.SCMSafeModeManager (HealthyPipelineSafeModeRule.java:process(137)) - SCM in safe mode. Healthy pipelines reported count is 0, required healthy pipeline reported count is 1
2022-10-11 08:12:49,109 [pool-142-thread-1] INFO  server.RaftServerConfigKeys (ConfUtils.java:logGet(46)) - raft.server.log.segment.size.max = 1048576 (custom)
2022-10-11 08:12:49,109 [pool-142-thread-1] INFO  server.RaftServerConfigKeys (ConfUtils.java:logGet(46)) - raft.server.log.segment.cache.num.max = 2 (custom)
2022-10-11 08:12:49,109 [pool-142-thread-1] INFO  server.RaftServerConfigKeys (ConfUtils.java:logGet(46)) - raft.server.log.segment.cache.size.max = 200MB (=209715200) (default)
2022-10-11 08:12:49,110 [pool-142-thread-1] INFO  segmented.SegmentedRaftLogWorker (SegmentedRaftLogWorker.java:<init>(187)) - new d1cf34d5-c92a-430e-aa0c-9bc6323d5bcc@group-7B5D9BB4AD55-SegmentedRaftLogWorker for RaftStorageImpl:Storage Directory /home/runner/work/ozone/ozone/hadoop-ozone/integration-test/target/test-dir/MiniOzoneClusterImpl-a7be04a2-0db3-4748-8f74-6a3cfa6a7101/datanode-3/data/ratis/dd5e6055-a855-4257-bdda-7b5d9bb4ad55
2022-10-11 08:12:49,110 [pool-142-thread-1] INFO  server.RaftServerConfigKeys (ConfUtils.java:logGet(46)) - raft.server.log.queue.byte-limit = 4294967296 (custom)
2022-10-11 08:12:49,110 [pool-142-thread-1] INFO  server.RaftServerConfigKeys (ConfUtils.java:logGet(46)) - raft.server.log.queue.element-limit = 1024 (custom)
2022-10-11 08:12:49,110 [pool-142-thread-1] INFO  server.RaftServerConfigKeys (ConfUtils.java:logGet(46)) - raft.server.log.segment.size.max = 1048576 (custom)
2022-10-11 08:12:49,110 [pool-142-thread-1] INFO  server.RaftServerConfigKeys (ConfUtils.java:logGet(46)) - raft.server.log.preallocated.size = 16384 (custom)
2022-10-11 08:12:49,110 [pool-142-thread-1] INFO  server.RaftServerConfigKeys (ConfUtils.java:logGet(46)) - raft.server.log.force.sync.num = 128 (default)
2022-10-11 08:12:49,110 [pool-142-thread-1] INFO  server.RaftServerConfigKeys (ConfUtils.java:logGet(46)) - raft.server.log.statemachine.data.sync = true (default)
2022-10-11 08:12:49,110 [pool-142-thread-1] INFO  server.RaftServerConfigKeys (ConfUtils.java:logGet(46)) - raft.server.log.statemachine.data.sync.timeout = 10s (default)
2022-10-11 08:12:49,110 [pool-142-thread-1] INFO  server.RaftServerConfigKeys (ConfUtils.java:logGet(46)) - raft.server.log.statemachine.data.sync.timeout.retry = -1 (default)
2022-10-11 08:12:49,111 [pool-142-thread-1] INFO  server.RaftServerConfigKeys (ConfUtils.java:logGet(46)) - raft.server.log.write.buffer.size = 1048576 (custom)
2022-10-11 08:12:49,111 [pool-142-thread-1] INFO  server.RaftServerConfigKeys (ConfUtils.java:logGet(46)) - raft.server.log.unsafe-flush.enabled = false (default)
2022-10-11 08:12:49,111 [pool-142-thread-1] INFO  server.RaftServerConfigKeys (ConfUtils.java:logGet(46)) - raft.server.log.statemachine.data.caching.enabled = true (custom)
2022-10-11 08:12:49,111 [pool-142-thread-1] INFO  segmented.SegmentedRaftLogWorker (SegmentedRaftLogWorker.java:lambda$new$0(135)) - d1cf34d5-c92a-430e-aa0c-9bc6323d5bcc@group-7B5D9BB4AD55-SegmentedRaftLogWorker: flushIndex: setUnconditionally 0 -> -1
2022-10-11 08:12:49,111 [pool-142-thread-1] INFO  segmented.SegmentedRaftLogWorker (SegmentedRaftLogWorker.java:lambda$new$0(135)) - d1cf34d5-c92a-430e-aa0c-9bc6323d5bcc@group-7B5D9BB4AD55-SegmentedRaftLogWorker: safeCacheEvictIndex: setUnconditionally 0 -> -1
2022-10-11 08:12:49,111 [pool-142-thread-1] INFO  server.RaftServerConfigKeys (ConfUtils.java:logGet(46)) - raft.server.snapshot.auto.trigger.enabled = true (custom)
2022-10-11 08:12:49,111 [pool-142-thread-1] INFO  server.RaftServerConfigKeys (ConfUtils.java:logGet(46)) - raft.server.snapshot.auto.trigger.threshold = 10000 (custom)
2022-10-11 08:12:49,111 [pool-142-thread-1] INFO  server.RaftServerConfigKeys (ConfUtils.java:logGet(46)) - raft.server.snapshot.retention.file.num = 5 (custom)
2022-10-11 08:12:49,112 [pool-142-thread-1] INFO  server.RaftServerConfigKeys (ConfUtils.java:logGet(46)) - raft.server.log.purge.upto.snapshot.index = false (default)
2022-10-11 08:12:49,112 [pool-142-thread-1] INFO  server.RaftServerConfigKeys (ConfUtils.java:logGet(46)) - raft.server.retrycache.expirytime = 600000ms (custom)
2022-10-11 08:12:49,112 [pool-142-thread-1] INFO  server.RaftServerConfigKeys (ConfUtils.java:logGet(46)) - raft.server.retrycache.statistics.expirytime = 100μs (default)
2022-10-11 08:12:49,113 [pool-142-thread-1] INFO  server.RaftServerConfigKeys (ConfUtils.java:logGet(46)) - raft.server.log.appender.install.snapshot.enabled = false (custom)
2022-10-11 08:12:49,113 [pool-142-thread-1] INFO  server.RaftServerConfigKeys (ConfUtils.java:logGet(46)) - raft.server.threadpool.server.cached = true (default)
2022-10-11 08:12:49,113 [pool-142-thread-1] INFO  server.RaftServerConfigKeys (ConfUtils.java:logGet(46)) - raft.server.threadpool.server.size = 0 (default)
2022-10-11 08:12:49,113 [pool-142-thread-1] INFO  server.RaftServerConfigKeys (ConfUtils.java:logGet(46)) - raft.server.threadpool.client.cached = true (default)
2022-10-11 08:12:49,113 [pool-142-thread-1] INFO  server.RaftServerConfigKeys (ConfUtils.java:logGet(46)) - raft.server.threadpool.client.size = 0 (default)
2022-10-11 08:12:49,113 [pool-142-thread-1] INFO  server.RaftServer$Division (RaftServerImpl.java:start(310)) - d1cf34d5-c92a-430e-aa0c-9bc6323d5bcc@group-7B5D9BB4AD55: start as a follower, conf=-1: [d1cf34d5-c92a-430e-aa0c-9bc6323d5bcc|rpc:10.1.0.76:35681|priority:1], old=null
2022-10-11 08:12:49,113 [pool-142-thread-1] INFO  server.RaftServer$Division (RaftServerImpl.java:setRole(299)) - d1cf34d5-c92a-430e-aa0c-9bc6323d5bcc@group-7B5D9BB4AD55: changes role from      null to FOLLOWER at term 0 for startAsFollower
2022-10-11 08:12:49,113 [pool-142-thread-1] INFO  impl.RoleInfo (RoleInfo.java:updateAndGet(139)) - d1cf34d5-c92a-430e-aa0c-9bc6323d5bcc: start d1cf34d5-c92a-430e-aa0c-9bc6323d5bcc@group-7B5D9BB4AD55-FollowerState
2022-10-11 08:12:49,113 [pool-142-thread-1] INFO  util.JmxRegister (JmxRegister.java:tryRegister(44)) - Successfully registered JMX Bean with object name Ratis:service=RaftServer,group=group-7B5D9BB4AD55,id=d1cf34d5-c92a-430e-aa0c-9bc6323d5bcc
2022-10-11 08:12:49,114 [Command processor thread] INFO  ratis.XceiverServerRatis (XceiverServerRatis.java:addGroup(765)) - Created group PipelineID=dd5e6055-a855-4257-bdda-7b5d9bb4ad55
2022-10-11 08:12:49,114 [Command processor thread] INFO  commandhandler.CreatePipelineCommandHandler (CreatePipelineCommandHandler.java:handle(113)) - Created Pipeline RATIS ONE PipelineID=dd5e6055-a855-4257-bdda-7b5d9bb4ad55.
2022-10-11 08:12:49,359 [Listener at 127.0.0.1/39113] INFO  ozone.MiniOzoneClusterImpl (MiniOzoneClusterImpl.java:lambda$waitForClusterToBeReady$0(216)) - Nodes are ready. Got 5 of 5 DN Heartbeats.
2022-10-11 08:12:49,360 [Listener at 127.0.0.1/39113] INFO  ozone.MiniOzoneClusterImpl (MiniOzoneClusterImpl.java:lambda$waitForClusterToBeReady$0(219)) - Waiting for cluster to exit safe mode
2022-10-11 08:12:49,360 [Listener at 127.0.0.1/39113] INFO  ozone.MiniOzoneClusterImpl (MiniOzoneClusterImpl.java:lambda$waitForClusterToBeReady$0(221)) - SCM became leader
2022-10-11 08:12:49,367 [Command processor thread] INFO  server.RaftServer (RaftServerProxy.java:addNew(96)) - fa8aad91-dc65-4636-ad1d-3225222ce3fd: addNew group-BFFD0EFAE241:[fa8aad91-dc65-4636-ad1d-3225222ce3fd|rpc:10.1.0.76:41289|priority:1] returns group-BFFD0EFAE241:java.util.concurrent.CompletableFuture@1c976b47[Not completed]
2022-10-11 08:12:49,373 [pool-165-thread-1] INFO  server.RaftServer$Division (RaftServerImpl.java:<init>(190)) - fa8aad91-dc65-4636-ad1d-3225222ce3fd: new RaftServerImpl for group-BFFD0EFAE241:[fa8aad91-dc65-4636-ad1d-3225222ce3fd|rpc:10.1.0.76:41289|priority:1] with ContainerStateMachine:uninitialized
2022-10-11 08:12:49,374 [pool-165-thread-1] INFO  server.RaftServerConfigKeys (ConfUtils.java:logGet(46)) - raft.server.rpc.timeout.min = 5s (custom)
2022-10-11 08:12:49,374 [pool-165-thread-1] INFO  server.RaftServerConfigKeys (ConfUtils.java:logGet(46)) - raft.server.rpc.timeout.max = 5200ms (custom)
2022-10-11 08:12:49,374 [pool-165-thread-1] INFO  server.RaftServerConfigKeys (ConfUtils.java:logGet(46)) - raft.server.rpc.sleep.time = 25ms (default)
2022-10-11 08:12:49,374 [pool-165-thread-1] INFO  server.RaftServerConfigKeys (ConfUtils.java:logGet(46)) - raft.server.rpc.slowness.timeout = 300s (custom)
2022-10-11 08:12:49,374 [pool-165-thread-1] INFO  server.RaftServerConfigKeys (ConfUtils.java:logGet(46)) - raft.server.leaderelection.leader.step-down.wait-time = 10s (default)
2022-10-11 08:12:49,374 [pool-165-thread-1] INFO  server.RaftServerConfigKeys (ConfUtils.java:logGet(46)) - raft.server.sleep.deviation.threshold = 300ms (default)
2022-10-11 08:12:49,374 [pool-165-thread-1] INFO  server.RaftServer$Division (ServerState.java:<init>(107)) - fa8aad91-dc65-4636-ad1d-3225222ce3fd@group-BFFD0EFAE241: ConfigurationManager, init=-1: [fa8aad91-dc65-4636-ad1d-3225222ce3fd|rpc:10.1.0.76:41289|priority:1], old=null, confs=<EMPTY_MAP>
2022-10-11 08:12:49,374 [pool-165-thread-1] INFO  server.RaftServerConfigKeys (ConfUtils.java:logGet(46)) - raft.server.storage.dir = [/home/runner/work/ozone/ozone/hadoop-ozone/integration-test/target/test-dir/MiniOzoneClusterImpl-a7be04a2-0db3-4748-8f74-6a3cfa6a7101/datanode-4/data/ratis] (custom)
2022-10-11 08:12:49,374 [pool-165-thread-1] INFO  server.RaftServerConfigKeys (ConfUtils.java:logGet(46)) - raft.server.log.corruption.policy = EXCEPTION (default)
2022-10-11 08:12:49,374 [pool-165-thread-1] INFO  server.RaftServerConfigKeys (ConfUtils.java:logGet(46)) - raft.server.storage.free-space.min = 0MB (=0) (default)
2022-10-11 08:12:49,374 [pool-165-thread-1] INFO  storage.RaftStorageDirectory (RaftStorageDirectoryImpl.java:analyzeStorage(135)) - The storage directory /home/runner/work/ozone/ozone/hadoop-ozone/integration-test/target/test-dir/MiniOzoneClusterImpl-a7be04a2-0db3-4748-8f74-6a3cfa6a7101/datanode-4/data/ratis/1c304bc5-ed31-40e3-b9d5-bffd0efae241 does not exist. Creating ...
2022-10-11 08:12:49,376 [pool-165-thread-1] INFO  storage.RaftStorageDirectory (RaftStorageDirectoryImpl.java:tryLock(230)) - Lock on /home/runner/work/ozone/ozone/hadoop-ozone/integration-test/target/test-dir/MiniOzoneClusterImpl-a7be04a2-0db3-4748-8f74-6a3cfa6a7101/datanode-4/data/ratis/1c304bc5-ed31-40e3-b9d5-bffd0efae241/in_use.lock acquired by nodename 138003@fv-az208-128
2022-10-11 08:12:49,377 [pool-165-thread-1] INFO  storage.RaftStorage (RaftStorageImpl.java:format(89)) - Storage directory /home/runner/work/ozone/ozone/hadoop-ozone/integration-test/target/test-dir/MiniOzoneClusterImpl-a7be04a2-0db3-4748-8f74-6a3cfa6a7101/datanode-4/data/ratis/1c304bc5-ed31-40e3-b9d5-bffd0efae241 has been successfully formatted.
2022-10-11 08:12:49,378 [pool-165-thread-1] INFO  ratis.ContainerStateMachine (ContainerStateMachine.java:loadSnapshot(236)) - group-BFFD0EFAE241: The snapshot info is null. Setting the last applied indexto:(t:0, i:~)
2022-10-11 08:12:49,378 [pool-165-thread-1] INFO  server.RaftServerConfigKeys (ConfUtils.java:logGet(46)) - raft.server.notification.no-leader.timeout = 300s (custom)
2022-10-11 08:12:49,378 [pool-165-thread-1] INFO  server.RaftServerConfigKeys (ConfUtils.java:logGet(46)) - raft.server.log.use.memory = false (default)
2022-10-11 08:12:49,378 [pool-165-thread-1] INFO  server.RaftServerConfigKeys (ConfUtils.java:logGet(46)) - raft.server.log.purge.gap = 1000000 (custom)
2022-10-11 08:12:49,379 [pool-165-thread-1] INFO  server.RaftServerConfigKeys (ConfUtils.java:logGet(46)) - raft.server.log.appender.buffer.byte-limit = 33554432 (custom)
2022-10-11 08:12:49,379 [pool-165-thread-1] INFO  server.RaftServerConfigKeys (ConfUtils.java:logGet(46)) - raft.server.log.statemachine.data.read.timeout = 1000ms (default)
2022-10-11 08:12:49,379 [pool-165-thread-1] INFO  server.RaftServerConfigKeys (ConfUtils.java:logGet(46)) - raft.server.log.segment.size.max = 1048576 (custom)
2022-10-11 08:12:49,379 [pool-165-thread-1] INFO  server.RaftServerConfigKeys (ConfUtils.java:logGet(46)) - raft.server.log.segment.cache.num.max = 2 (custom)
2022-10-11 08:12:49,379 [pool-165-thread-1] INFO  server.RaftServerConfigKeys (ConfUtils.java:logGet(46)) - raft.server.log.segment.cache.size.max = 200MB (=209715200) (default)
2022-10-11 08:12:49,380 [pool-165-thread-1] INFO  segmented.SegmentedRaftLogWorker (SegmentedRaftLogWorker.java:<init>(187)) - new fa8aad91-dc65-4636-ad1d-3225222ce3fd@group-BFFD0EFAE241-SegmentedRaftLogWorker for RaftStorageImpl:Storage Directory /home/runner/work/ozone/ozone/hadoop-ozone/integration-test/target/test-dir/MiniOzoneClusterImpl-a7be04a2-0db3-4748-8f74-6a3cfa6a7101/datanode-4/data/ratis/1c304bc5-ed31-40e3-b9d5-bffd0efae241
2022-10-11 08:12:49,380 [pool-165-thread-1] INFO  server.RaftServerConfigKeys (ConfUtils.java:logGet(46)) - raft.server.log.queue.byte-limit = 4294967296 (custom)
2022-10-11 08:12:49,380 [pool-165-thread-1] INFO  server.RaftServerConfigKeys (ConfUtils.java:logGet(46)) - raft.server.log.queue.element-limit = 1024 (custom)
2022-10-11 08:12:49,380 [EventQueue-PipelineReportForPipelineReportHandler] INFO  pipeline.PipelineManagerImpl (PipelineManagerImpl.java:openPipeline(367)) - Pipeline Pipeline[ Id: 1c304bc5-ed31-40e3-b9d5-bffd0efae241, Nodes: fa8aad91-dc65-4636-ad1d-3225222ce3fd{ip: 10.1.0.76, host: fv-az208-128.kmgg0fu2myoezeajip4j0sfi3d.cx.internal.cloudapp.net, ports: [REPLICATION=35313, RATIS=41289, RATIS_ADMIN=41289, RATIS_SERVER=41289, STANDALONE=43933], networkLocation: /default-rack, certSerialId: null, persistedOpState: IN_SERVICE, persistedOpStateExpiryEpochSec: 0}, ReplicationConfig: RATIS/ONE, State:ALLOCATED, leaderId:fa8aad91-dc65-4636-ad1d-3225222ce3fd, CreationTimestamp2022-10-11T08:12:46.370Z[Etc/UTC]] moved to OPEN state
2022-10-11 08:12:49,380 [EventQueue-OpenPipelineForHealthyPipelineSafeModeRule] INFO  safemode.SCMSafeModeManager (HealthyPipelineSafeModeRule.java:process(137)) - SCM in safe mode. Healthy pipelines reported count is 0, required healthy pipeline reported count is 1
2022-10-11 08:12:49,380 [pool-165-thread-1] INFO  server.RaftServerConfigKeys (ConfUtils.java:logGet(46)) - raft.server.log.segment.size.max = 1048576 (custom)
2022-10-11 08:12:49,382 [pool-165-thread-1] INFO  server.RaftServerConfigKeys (ConfUtils.java:logGet(46)) - raft.server.log.preallocated.size = 16384 (custom)
2022-10-11 08:12:49,382 [pool-165-thread-1] INFO  server.RaftServerConfigKeys (ConfUtils.java:logGet(46)) - raft.server.log.force.sync.num = 128 (default)
2022-10-11 08:12:49,382 [pool-165-thread-1] INFO  server.RaftServerConfigKeys (ConfUtils.java:logGet(46)) - raft.server.log.statemachine.data.sync = true (default)
2022-10-11 08:12:49,382 [pool-165-thread-1] INFO  server.RaftServerConfigKeys (ConfUtils.java:logGet(46)) - raft.server.log.statemachine.data.sync.timeout = 10s (default)
2022-10-11 08:12:49,382 [pool-165-thread-1] INFO  server.RaftServerConfigKeys (ConfUtils.java:logGet(46)) - raft.server.log.statemachine.data.sync.timeout.retry = -1 (default)
2022-10-11 08:12:49,383 [pool-165-thread-1] INFO  server.RaftServerConfigKeys (ConfUtils.java:logGet(46)) - raft.server.log.write.buffer.size = 1048576 (custom)
2022-10-11 08:12:49,383 [pool-165-thread-1] INFO  server.RaftServerConfigKeys (ConfUtils.java:logGet(46)) - raft.server.log.unsafe-flush.enabled = false (default)
2022-10-11 08:12:49,383 [pool-165-thread-1] INFO  server.RaftServerConfigKeys (ConfUtils.java:logGet(46)) - raft.server.log.statemachine.data.caching.enabled = true (custom)
2022-10-11 08:12:49,383 [pool-165-thread-1] INFO  segmented.SegmentedRaftLogWorker (SegmentedRaftLogWorker.java:lambda$new$0(135)) - fa8aad91-dc65-4636-ad1d-3225222ce3fd@group-BFFD0EFAE241-SegmentedRaftLogWorker: flushIndex: setUnconditionally 0 -> -1
2022-10-11 08:12:49,383 [pool-165-thread-1] INFO  segmented.SegmentedRaftLogWorker (SegmentedRaftLogWorker.java:lambda$new$0(135)) - fa8aad91-dc65-4636-ad1d-3225222ce3fd@group-BFFD0EFAE241-SegmentedRaftLogWorker: safeCacheEvictIndex: setUnconditionally 0 -> -1
2022-10-11 08:12:49,384 [pool-165-thread-1] INFO  server.RaftServerConfigKeys (ConfUtils.java:logGet(46)) - raft.server.snapshot.auto.trigger.enabled = true (custom)
2022-10-11 08:12:49,384 [pool-165-thread-1] INFO  server.RaftServerConfigKeys (ConfUtils.java:logGet(46)) - raft.server.snapshot.auto.trigger.threshold = 10000 (custom)
2022-10-11 08:12:49,384 [pool-165-thread-1] INFO  server.RaftServerConfigKeys (ConfUtils.java:logGet(46)) - raft.server.snapshot.retention.file.num = 5 (custom)
2022-10-11 08:12:49,384 [pool-165-thread-1] INFO  server.RaftServerConfigKeys (ConfUtils.java:logGet(46)) - raft.server.log.purge.upto.snapshot.index = false (default)
2022-10-11 08:12:49,384 [pool-165-thread-1] INFO  server.RaftServerConfigKeys (ConfUtils.java:logGet(46)) - raft.server.retrycache.expirytime = 600000ms (custom)
2022-10-11 08:12:49,384 [pool-165-thread-1] INFO  server.RaftServerConfigKeys (ConfUtils.java:logGet(46)) - raft.server.retrycache.statistics.expirytime = 100μs (default)
2022-10-11 08:12:49,385 [pool-165-thread-1] INFO  server.RaftServerConfigKeys (ConfUtils.java:logGet(46)) - raft.server.log.appender.install.snapshot.enabled = false (custom)
2022-10-11 08:12:49,385 [pool-165-thread-1] INFO  server.RaftServerConfigKeys (ConfUtils.java:logGet(46)) - raft.server.threadpool.server.cached = true (default)
2022-10-11 08:12:49,385 [pool-165-thread-1] INFO  server.RaftServerConfigKeys (ConfUtils.java:logGet(46)) - raft.server.threadpool.server.size = 0 (default)
2022-10-11 08:12:49,385 [pool-165-thread-1] INFO  server.RaftServerConfigKeys (ConfUtils.java:logGet(46)) - raft.server.threadpool.client.cached = true (default)
2022-10-11 08:12:49,385 [pool-165-thread-1] INFO  server.RaftServerConfigKeys (ConfUtils.java:logGet(46)) - raft.server.threadpool.client.size = 0 (default)
2022-10-11 08:12:49,385 [pool-165-thread-1] INFO  server.RaftServer$Division (RaftServerImpl.java:start(310)) - fa8aad91-dc65-4636-ad1d-3225222ce3fd@group-BFFD0EFAE241: start as a follower, conf=-1: [fa8aad91-dc65-4636-ad1d-3225222ce3fd|rpc:10.1.0.76:41289|priority:1], old=null
2022-10-11 08:12:49,385 [pool-165-thread-1] INFO  server.RaftServer$Division (RaftServerImpl.java:setRole(299)) - fa8aad91-dc65-4636-ad1d-3225222ce3fd@group-BFFD0EFAE241: changes role from      null to FOLLOWER at term 0 for startAsFollower
2022-10-11 08:12:49,385 [pool-165-thread-1] INFO  impl.RoleInfo (RoleInfo.java:updateAndGet(139)) - fa8aad91-dc65-4636-ad1d-3225222ce3fd: start fa8aad91-dc65-4636-ad1d-3225222ce3fd@group-BFFD0EFAE241-FollowerState
2022-10-11 08:12:49,385 [pool-165-thread-1] INFO  util.JmxRegister (JmxRegister.java:tryRegister(44)) - Successfully registered JMX Bean with object name Ratis:service=RaftServer,group=group-BFFD0EFAE241,id=fa8aad91-dc65-4636-ad1d-3225222ce3fd
2022-10-11 08:12:49,386 [Command processor thread] INFO  ratis.XceiverServerRatis (XceiverServerRatis.java:addGroup(765)) - Created group PipelineID=1c304bc5-ed31-40e3-b9d5-bffd0efae241
2022-10-11 08:12:49,386 [Command processor thread] INFO  commandhandler.CreatePipelineCommandHandler (CreatePipelineCommandHandler.java:handle(113)) - Created Pipeline RATIS ONE PipelineID=1c304bc5-ed31-40e3-b9d5-bffd0efae241.
2022-10-11 08:12:50,360 [Listener at 127.0.0.1/39113] INFO  ozone.MiniOzoneClusterImpl (MiniOzoneClusterImpl.java:lambda$waitForClusterToBeReady$0(216)) - Nodes are ready. Got 5 of 5 DN Heartbeats.
2022-10-11 08:12:50,361 [Listener at 127.0.0.1/39113] INFO  ozone.MiniOzoneClusterImpl (MiniOzoneClusterImpl.java:lambda$waitForClusterToBeReady$0(219)) - Waiting for cluster to exit safe mode
2022-10-11 08:12:50,361 [Listener at 127.0.0.1/39113] INFO  ozone.MiniOzoneClusterImpl (MiniOzoneClusterImpl.java:lambda$waitForClusterToBeReady$0(221)) - SCM became leader
2022-10-11 08:12:51,361 [Listener at 127.0.0.1/39113] INFO  ozone.MiniOzoneClusterImpl (MiniOzoneClusterImpl.java:lambda$waitForClusterToBeReady$0(216)) - Nodes are ready. Got 5 of 5 DN Heartbeats.
2022-10-11 08:12:51,362 [Listener at 127.0.0.1/39113] INFO  ozone.MiniOzoneClusterImpl (MiniOzoneClusterImpl.java:lambda$waitForClusterToBeReady$0(219)) - Waiting for cluster to exit safe mode
2022-10-11 08:12:51,362 [Listener at 127.0.0.1/39113] INFO  ozone.MiniOzoneClusterImpl (MiniOzoneClusterImpl.java:lambda$waitForClusterToBeReady$0(221)) - SCM became leader
2022-10-11 08:12:52,362 [Listener at 127.0.0.1/39113] INFO  ozone.MiniOzoneClusterImpl (MiniOzoneClusterImpl.java:lambda$waitForClusterToBeReady$0(216)) - Nodes are ready. Got 5 of 5 DN Heartbeats.
2022-10-11 08:12:52,363 [Listener at 127.0.0.1/39113] INFO  ozone.MiniOzoneClusterImpl (MiniOzoneClusterImpl.java:lambda$waitForClusterToBeReady$0(219)) - Waiting for cluster to exit safe mode
2022-10-11 08:12:52,363 [Listener at 127.0.0.1/39113] INFO  ozone.MiniOzoneClusterImpl (MiniOzoneClusterImpl.java:lambda$waitForClusterToBeReady$0(221)) - SCM became leader
2022-10-11 08:12:53,032 [dfd1ace6-5921-4c65-82d6-ac571288ab09@group-0BC905CEAE89-FollowerState] INFO  impl.FollowerState (FollowerState.java:run(143)) - dfd1ace6-5921-4c65-82d6-ac571288ab09@group-0BC905CEAE89-FollowerState: change to CANDIDATE, lastRpcElapsedTime:5042280354ns, electionTimeout:5041ms
2022-10-11 08:12:53,033 [dfd1ace6-5921-4c65-82d6-ac571288ab09@group-0BC905CEAE89-FollowerState] INFO  impl.RoleInfo (RoleInfo.java:shutdownFollowerState(110)) - dfd1ace6-5921-4c65-82d6-ac571288ab09: shutdown dfd1ace6-5921-4c65-82d6-ac571288ab09@group-0BC905CEAE89-FollowerState
2022-10-11 08:12:53,033 [dfd1ace6-5921-4c65-82d6-ac571288ab09@group-0BC905CEAE89-FollowerState] INFO  server.RaftServer$Division (RaftServerImpl.java:setRole(299)) - dfd1ace6-5921-4c65-82d6-ac571288ab09@group-0BC905CEAE89: changes role from  FOLLOWER to CANDIDATE at term 0 for changeToCandidate
2022-10-11 08:12:53,033 [dfd1ace6-5921-4c65-82d6-ac571288ab09@group-0BC905CEAE89-FollowerState] INFO  server.RaftServerConfigKeys (ConfUtils.java:logGet(46)) - raft.server.leaderelection.pre-vote = false (custom)
2022-10-11 08:12:53,033 [dfd1ace6-5921-4c65-82d6-ac571288ab09@group-0BC905CEAE89-FollowerState] INFO  impl.RoleInfo (RoleInfo.java:updateAndGet(139)) - dfd1ace6-5921-4c65-82d6-ac571288ab09: start dfd1ace6-5921-4c65-82d6-ac571288ab09@group-0BC905CEAE89-LeaderElection2
2022-10-11 08:12:53,037 [dfd1ace6-5921-4c65-82d6-ac571288ab09@group-0BC905CEAE89-LeaderElection2] INFO  impl.LeaderElection (LeaderElection.java:askForVotes(310)) - dfd1ace6-5921-4c65-82d6-ac571288ab09@group-0BC905CEAE89-LeaderElection2 ELECTION round 0: submit vote requests at term 1 for -1: [dfd1ace6-5921-4c65-82d6-ac571288ab09|rpc:10.1.0.76:40081|priority:1], old=null
2022-10-11 08:12:53,038 [dfd1ace6-5921-4c65-82d6-ac571288ab09@group-0BC905CEAE89-LeaderElection2] INFO  impl.LeaderElection (LeaderElection.java:askForVotes(312)) - dfd1ace6-5921-4c65-82d6-ac571288ab09@group-0BC905CEAE89-LeaderElection2 ELECTION round 0: result PASSED (term=1)
2022-10-11 08:12:53,038 [dfd1ace6-5921-4c65-82d6-ac571288ab09@group-0BC905CEAE89-LeaderElection2] INFO  impl.RoleInfo (RoleInfo.java:shutdownLeaderElection(130)) - dfd1ace6-5921-4c65-82d6-ac571288ab09: shutdown dfd1ace6-5921-4c65-82d6-ac571288ab09@group-0BC905CEAE89-LeaderElection2
2022-10-11 08:12:53,038 [dfd1ace6-5921-4c65-82d6-ac571288ab09@group-0BC905CEAE89-LeaderElection2] INFO  server.RaftServer$Division (RaftServerImpl.java:setRole(299)) - dfd1ace6-5921-4c65-82d6-ac571288ab09@group-0BC905CEAE89: changes role from CANDIDATE to LEADER at term 1 for changeToLeader
2022-10-11 08:12:53,038 [dfd1ace6-5921-4c65-82d6-ac571288ab09@group-0BC905CEAE89-LeaderElection2] INFO  ratis.XceiverServerRatis (XceiverServerRatis.java:handleLeaderChangedNotification(863)) - Leader change notification received for group: group-0BC905CEAE89 with new leaderId: dfd1ace6-5921-4c65-82d6-ac571288ab09
2022-10-11 08:12:53,039 [dfd1ace6-5921-4c65-82d6-ac571288ab09@group-0BC905CEAE89-LeaderElection2] INFO  server.RaftServer$Division (ServerState.java:setLeader(287)) - dfd1ace6-5921-4c65-82d6-ac571288ab09@group-0BC905CEAE89: change Leader from null to dfd1ace6-5921-4c65-82d6-ac571288ab09 at term 1 for becomeLeader, leader elected after 5065ms
2022-10-11 08:12:53,039 [dfd1ace6-5921-4c65-82d6-ac571288ab09@group-0BC905CEAE89-LeaderElection2] INFO  server.RaftServerConfigKeys (ConfUtils.java:logGet(46)) - raft.server.staging.catchup.gap = 1000 (default)
2022-10-11 08:12:53,039 [dfd1ace6-5921-4c65-82d6-ac571288ab09@group-0BC905CEAE89-LeaderElection2] INFO  server.RaftServerConfigKeys (ConfUtils.java:logGet(46)) - raft.server.write.element-limit = 1024 (custom)
2022-10-11 08:12:53,039 [dfd1ace6-5921-4c65-82d6-ac571288ab09@group-0BC905CEAE89-LeaderElection2] INFO  server.RaftServerConfigKeys (ConfUtils.java:logGet(46)) - raft.server.write.byte-limit = 1024 M (=1073741824) (custom)
2022-10-11 08:12:53,040 [dfd1ace6-5921-4c65-82d6-ac571288ab09@group-0BC905CEAE89-LeaderElection2] INFO  server.RaftServerConfigKeys (ConfUtils.java:logGet(46)) - raft.server.watch.timeout = 180s (custom)
2022-10-11 08:12:53,040 [dfd1ace6-5921-4c65-82d6-ac571288ab09@group-0BC905CEAE89-LeaderElection2] INFO  server.RaftServerConfigKeys (ConfUtils.java:logGet(46)) - raft.server.watch.timeout.denomination = 1s (default)
2022-10-11 08:12:53,040 [dfd1ace6-5921-4c65-82d6-ac571288ab09@group-0BC905CEAE89-LeaderElection2] INFO  server.RaftServerConfigKeys (ConfUtils.java:logGet(46)) - raft.server.watch.element-limit = 65536 (default)
2022-10-11 08:12:53,040 [dfd1ace6-5921-4c65-82d6-ac571288ab09@group-0BC905CEAE89-LeaderElection2] INFO  server.RaftServerConfigKeys (ConfUtils.java:logGet(46)) - raft.server.write.element-limit = 1024 (custom)
2022-10-11 08:12:53,040 [dfd1ace6-5921-4c65-82d6-ac571288ab09@group-0BC905CEAE89-LeaderElection2] INFO  server.RaftServerConfigKeys (ConfUtils.java:logGet(46)) - raft.server.write.follower.gap.ratio.max = -1.0 (default)
2022-10-11 08:12:53,041 [dfd1ace6-5921-4c65-82d6-ac571288ab09@group-0BC905CEAE89-LeaderElection2] INFO  impl.RoleInfo (RoleInfo.java:updateAndGet(139)) - dfd1ace6-5921-4c65-82d6-ac571288ab09: start dfd1ace6-5921-4c65-82d6-ac571288ab09@group-0BC905CEAE89-LeaderStateImpl
2022-10-11 08:12:53,041 [dfd1ace6-5921-4c65-82d6-ac571288ab09@group-0BC905CEAE89-LeaderElection2] INFO  segmented.SegmentedRaftLogWorker (SegmentedRaftLogWorker.java:startLogSegment(425)) - dfd1ace6-5921-4c65-82d6-ac571288ab09@group-0BC905CEAE89-SegmentedRaftLogWorker: Starting segment from index:0
2022-10-11 08:12:53,047 [dfd1ace6-5921-4c65-82d6-ac571288ab09@group-0BC905CEAE89-LeaderElection2] INFO  server.RaftServer$Division (ServerState.java:setRaftConf(393)) - dfd1ace6-5921-4c65-82d6-ac571288ab09@group-0BC905CEAE89: set configuration 0: [dfd1ace6-5921-4c65-82d6-ac571288ab09|rpc:10.1.0.76:40081|dataStream:|priority:1], old=null
2022-10-11 08:12:53,048 [dfd1ace6-5921-4c65-82d6-ac571288ab09@group-0BC905CEAE89-SegmentedRaftLogWorker] INFO  segmented.SegmentedRaftLogWorker (SegmentedRaftLogWorker.java:execute(629)) - dfd1ace6-5921-4c65-82d6-ac571288ab09@group-0BC905CEAE89-SegmentedRaftLogWorker: created new log segment /home/runner/work/ozone/ozone/hadoop-ozone/integration-test/target/test-dir/MiniOzoneClusterImpl-a7be04a2-0db3-4748-8f74-6a3cfa6a7101/datanode-0/data/ratis/223cc56a-157a-4cfd-a7f0-0bc905ceae89/current/log_inprogress_0
2022-10-11 08:12:53,049 [EventQueue-OpenPipelineForHealthyPipelineSafeModeRule] INFO  safemode.SCMSafeModeManager (HealthyPipelineSafeModeRule.java:process(137)) - SCM in safe mode. Healthy pipelines reported count is 0, required healthy pipeline reported count is 1
2022-10-11 08:12:53,218 [dfd1ace6-5921-4c65-82d6-ac571288ab09@group-7922759BA704-FollowerState] INFO  impl.FollowerState (FollowerState.java:run(143)) - dfd1ace6-5921-4c65-82d6-ac571288ab09@group-7922759BA704-FollowerState: change to CANDIDATE, lastRpcElapsedTime:5195174464ns, electionTimeout:5194ms
2022-10-11 08:12:53,220 [dfd1ace6-5921-4c65-82d6-ac571288ab09@group-7922759BA704-FollowerState] INFO  impl.RoleInfo (RoleInfo.java:shutdownFollowerState(110)) - dfd1ace6-5921-4c65-82d6-ac571288ab09: shutdown dfd1ace6-5921-4c65-82d6-ac571288ab09@group-7922759BA704-FollowerState
2022-10-11 08:12:53,220 [dfd1ace6-5921-4c65-82d6-ac571288ab09@group-7922759BA704-FollowerState] INFO  server.RaftServer$Division (RaftServerImpl.java:setRole(299)) - dfd1ace6-5921-4c65-82d6-ac571288ab09@group-7922759BA704: changes role from  FOLLOWER to CANDIDATE at term 0 for changeToCandidate
2022-10-11 08:12:53,220 [dfd1ace6-5921-4c65-82d6-ac571288ab09@group-7922759BA704-FollowerState] INFO  server.RaftServerConfigKeys (ConfUtils.java:logGet(46)) - raft.server.leaderelection.pre-vote = false (custom)
2022-10-11 08:12:53,220 [dfd1ace6-5921-4c65-82d6-ac571288ab09@group-7922759BA704-FollowerState] INFO  impl.RoleInfo (RoleInfo.java:updateAndGet(139)) - dfd1ace6-5921-4c65-82d6-ac571288ab09: start dfd1ace6-5921-4c65-82d6-ac571288ab09@group-7922759BA704-LeaderElection3
2022-10-11 08:12:53,224 [dfd1ace6-5921-4c65-82d6-ac571288ab09@group-7922759BA704-LeaderElection3] INFO  impl.LeaderElection (LeaderElection.java:askForVotes(310)) - dfd1ace6-5921-4c65-82d6-ac571288ab09@group-7922759BA704-LeaderElection3 ELECTION round 0: submit vote requests at term 1 for -1: [14b70a86-5100-4ed6-950c-f7248b89b6df|rpc:10.1.0.76:40211|priority:0, dfd1ace6-5921-4c65-82d6-ac571288ab09|rpc:10.1.0.76:40081|priority:1, c63b842e-4a18-4309-8e5f-a8e0aaa5a343|rpc:10.1.0.76:38751|priority:0], old=null
2022-10-11 08:12:53,251 [grpc-default-executor-1] INFO  server.RaftServer$Division (RaftServerImpl.java:requestVote(1152)) - c63b842e-4a18-4309-8e5f-a8e0aaa5a343@group-7922759BA704: receive requestVote(ELECTION, dfd1ace6-5921-4c65-82d6-ac571288ab09, group-7922759BA704, 1, (t:0, i:0))
2022-10-11 08:12:53,253 [grpc-default-executor-1] INFO  impl.VoteContext (VoteContext.java:log(48)) - c63b842e-4a18-4309-8e5f-a8e0aaa5a343@group-7922759BA704-FOLLOWER: accept ELECTION from dfd1ace6-5921-4c65-82d6-ac571288ab09: our priority 0 <= candidate's priority 1
2022-10-11 08:12:53,253 [grpc-default-executor-1] INFO  server.RaftServer$Division (RaftServerImpl.java:setRole(299)) - c63b842e-4a18-4309-8e5f-a8e0aaa5a343@group-7922759BA704: changes role from  FOLLOWER to FOLLOWER at term 1 for candidate:dfd1ace6-5921-4c65-82d6-ac571288ab09
2022-10-11 08:12:53,254 [grpc-default-executor-1] INFO  impl.RoleInfo (RoleInfo.java:shutdownFollowerState(110)) - c63b842e-4a18-4309-8e5f-a8e0aaa5a343: shutdown c63b842e-4a18-4309-8e5f-a8e0aaa5a343@group-7922759BA704-FollowerState
2022-10-11 08:12:53,254 [grpc-default-executor-1] INFO  impl.RoleInfo (RoleInfo.java:updateAndGet(139)) - c63b842e-4a18-4309-8e5f-a8e0aaa5a343: start c63b842e-4a18-4309-8e5f-a8e0aaa5a343@group-7922759BA704-FollowerState
2022-10-11 08:12:53,254 [c63b842e-4a18-4309-8e5f-a8e0aaa5a343@group-7922759BA704-FollowerState] INFO  impl.FollowerState (FollowerState.java:run(152)) - c63b842e-4a18-4309-8e5f-a8e0aaa5a343@group-7922759BA704-FollowerState was interrupted
2022-10-11 08:12:53,260 [grpc-default-executor-0] INFO  server.RaftServer$Division (RaftServerImpl.java:requestVote(1152)) - 14b70a86-5100-4ed6-950c-f7248b89b6df@group-7922759BA704: receive requestVote(ELECTION, dfd1ace6-5921-4c65-82d6-ac571288ab09, group-7922759BA704, 1, (t:0, i:0))
2022-10-11 08:12:53,264 [grpc-default-executor-1] INFO  server.RaftServer$Division (RaftServerImpl.java:requestVote(1184)) - c63b842e-4a18-4309-8e5f-a8e0aaa5a343@group-7922759BA704 replies to ELECTION vote request: dfd1ace6-5921-4c65-82d6-ac571288ab09<-c63b842e-4a18-4309-8e5f-a8e0aaa5a343#0:OK-t1. Peer's state: c63b842e-4a18-4309-8e5f-a8e0aaa5a343@group-7922759BA704:t1, leader=null, voted=dfd1ace6-5921-4c65-82d6-ac571288ab09, raftlog=c63b842e-4a18-4309-8e5f-a8e0aaa5a343@group-7922759BA704-SegmentedRaftLog:OPENED:c-1, conf=-1: [14b70a86-5100-4ed6-950c-f7248b89b6df|rpc:10.1.0.76:40211|dataStream:|priority:0, dfd1ace6-5921-4c65-82d6-ac571288ab09|rpc:10.1.0.76:40081|dataStream:|priority:1, c63b842e-4a18-4309-8e5f-a8e0aaa5a343|rpc:10.1.0.76:38751|dataStream:|priority:0], old=null
2022-10-11 08:12:53,264 [grpc-default-executor-0] INFO  impl.VoteContext (VoteContext.java:log(48)) - 14b70a86-5100-4ed6-950c-f7248b89b6df@group-7922759BA704-FOLLOWER: accept ELECTION from dfd1ace6-5921-4c65-82d6-ac571288ab09: our priority 0 <= candidate's priority 1
2022-10-11 08:12:53,265 [grpc-default-executor-0] INFO  server.RaftServer$Division (RaftServerImpl.java:setRole(299)) - 14b70a86-5100-4ed6-950c-f7248b89b6df@group-7922759BA704: changes role from  FOLLOWER to FOLLOWER at term 1 for candidate:dfd1ace6-5921-4c65-82d6-ac571288ab09
2022-10-11 08:12:53,265 [grpc-default-executor-0] INFO  impl.RoleInfo (RoleInfo.java:shutdownFollowerState(110)) - 14b70a86-5100-4ed6-950c-f7248b89b6df: shutdown 14b70a86-5100-4ed6-950c-f7248b89b6df@group-7922759BA704-FollowerState
2022-10-11 08:12:53,265 [grpc-default-executor-0] INFO  impl.RoleInfo (RoleInfo.java:updateAndGet(139)) - 14b70a86-5100-4ed6-950c-f7248b89b6df: start 14b70a86-5100-4ed6-950c-f7248b89b6df@group-7922759BA704-FollowerState
2022-10-11 08:12:53,265 [14b70a86-5100-4ed6-950c-f7248b89b6df@group-7922759BA704-FollowerState] INFO  impl.FollowerState (FollowerState.java:run(152)) - 14b70a86-5100-4ed6-950c-f7248b89b6df@group-7922759BA704-FollowerState was interrupted
2022-10-11 08:12:53,268 [grpc-default-executor-0] INFO  server.RaftServer$Division (RaftServerImpl.java:requestVote(1184)) - 14b70a86-5100-4ed6-950c-f7248b89b6df@group-7922759BA704 replies to ELECTION vote request: dfd1ace6-5921-4c65-82d6-ac571288ab09<-14b70a86-5100-4ed6-950c-f7248b89b6df#0:OK-t1. Peer's state: 14b70a86-5100-4ed6-950c-f7248b89b6df@group-7922759BA704:t1, leader=null, voted=dfd1ace6-5921-4c65-82d6-ac571288ab09, raftlog=14b70a86-5100-4ed6-950c-f7248b89b6df@group-7922759BA704-SegmentedRaftLog:OPENED:c-1, conf=-1: [14b70a86-5100-4ed6-950c-f7248b89b6df|rpc:10.1.0.76:40211|priority:0, dfd1ace6-5921-4c65-82d6-ac571288ab09|rpc:10.1.0.76:40081|priority:1, c63b842e-4a18-4309-8e5f-a8e0aaa5a343|rpc:10.1.0.76:38751|priority:0], old=null
2022-10-11 08:12:53,271 [dfd1ace6-5921-4c65-82d6-ac571288ab09@group-7922759BA704-LeaderElection3] INFO  impl.LeaderElection (LeaderElection.java:logAndReturn(90)) - dfd1ace6-5921-4c65-82d6-ac571288ab09@group-7922759BA704-LeaderElection3: ELECTION PASSED received 1 response(s) and 0 exception(s):
2022-10-11 08:12:53,271 [dfd1ace6-5921-4c65-82d6-ac571288ab09@group-7922759BA704-LeaderElection3] INFO  impl.LeaderElection (LeaderElection.java:logAndReturn(94)) -   Response 0: dfd1ace6-5921-4c65-82d6-ac571288ab09<-c63b842e-4a18-4309-8e5f-a8e0aaa5a343#0:OK-t1
2022-10-11 08:12:53,271 [dfd1ace6-5921-4c65-82d6-ac571288ab09@group-7922759BA704-LeaderElection3] INFO  impl.LeaderElection (LeaderElection.java:askForVotes(312)) - dfd1ace6-5921-4c65-82d6-ac571288ab09@group-7922759BA704-LeaderElection3 ELECTION round 0: result PASSED
2022-10-11 08:12:53,271 [dfd1ace6-5921-4c65-82d6-ac571288ab09@group-7922759BA704-LeaderElection3] INFO  impl.RoleInfo (RoleInfo.java:shutdownLeaderElection(130)) - dfd1ace6-5921-4c65-82d6-ac571288ab09: shutdown dfd1ace6-5921-4c65-82d6-ac571288ab09@group-7922759BA704-LeaderElection3
2022-10-11 08:12:53,271 [dfd1ace6-5921-4c65-82d6-ac571288ab09@group-7922759BA704-LeaderElection3] INFO  server.RaftServer$Division (RaftServerImpl.java:setRole(299)) - dfd1ace6-5921-4c65-82d6-ac571288ab09@group-7922759BA704: changes role from CANDIDATE to LEADER at term 1 for changeToLeader
2022-10-11 08:12:53,272 [dfd1ace6-5921-4c65-82d6-ac571288ab09@group-7922759BA704-LeaderElection3] INFO  ratis.XceiverServerRatis (XceiverServerRatis.java:handleLeaderChangedNotification(863)) - Leader change notification received for group: group-7922759BA704 with new leaderId: dfd1ace6-5921-4c65-82d6-ac571288ab09
2022-10-11 08:12:53,272 [dfd1ace6-5921-4c65-82d6-ac571288ab09@group-7922759BA704-LeaderElection3] INFO  server.RaftServer$Division (ServerState.java:setLeader(287)) - dfd1ace6-5921-4c65-82d6-ac571288ab09@group-7922759BA704: change Leader from null to dfd1ace6-5921-4c65-82d6-ac571288ab09 at term 1 for becomeLeader, leader elected after 5258ms
2022-10-11 08:12:53,272 [dfd1ace6-5921-4c65-82d6-ac571288ab09@group-7922759BA704-LeaderElection3] INFO  server.RaftServerConfigKeys (ConfUtils.java:logGet(46)) - raft.server.staging.catchup.gap = 1000 (default)
2022-10-11 08:12:53,272 [dfd1ace6-5921-4c65-82d6-ac571288ab09@group-7922759BA704-LeaderElection3] INFO  server.RaftServerConfigKeys (ConfUtils.java:logGet(46)) - raft.server.write.element-limit = 1024 (custom)
2022-10-11 08:12:53,272 [dfd1ace6-5921-4c65-82d6-ac571288ab09@group-7922759BA704-LeaderElection3] INFO  server.RaftServerConfigKeys (ConfUtils.java:logGet(46)) - raft.server.write.byte-limit = 1024 M (=1073741824) (custom)
2022-10-11 08:12:53,273 [dfd1ace6-5921-4c65-82d6-ac571288ab09@group-7922759BA704-LeaderElection3] INFO  server.RaftServerConfigKeys (ConfUtils.java:logGet(46)) - raft.server.watch.timeout = 180s (custom)
2022-10-11 08:12:53,273 [dfd1ace6-5921-4c65-82d6-ac571288ab09@group-7922759BA704-LeaderElection3] INFO  server.RaftServerConfigKeys (ConfUtils.java:logGet(46)) - raft.server.watch.timeout.denomination = 1s (default)
2022-10-11 08:12:53,273 [dfd1ace6-5921-4c65-82d6-ac571288ab09@group-7922759BA704-LeaderElection3] INFO  server.RaftServerConfigKeys (ConfUtils.java:logGet(46)) - raft.server.watch.element-limit = 65536 (default)
2022-10-11 08:12:53,273 [dfd1ace6-5921-4c65-82d6-ac571288ab09@group-7922759BA704-LeaderElection3] INFO  server.RaftServerConfigKeys (ConfUtils.java:logGet(46)) - raft.server.write.element-limit = 1024 (custom)
2022-10-11 08:12:53,273 [dfd1ace6-5921-4c65-82d6-ac571288ab09@group-7922759BA704-LeaderElection3] INFO  server.RaftServerConfigKeys (ConfUtils.java:logGet(46)) - raft.server.write.follower.gap.ratio.max = -1.0 (default)
2022-10-11 08:12:53,273 [EventQueue-PipelineReportForPipelineReportHandler] INFO  pipeline.PipelineManagerImpl (PipelineManagerImpl.java:openPipeline(367)) - Pipeline Pipeline[ Id: 370728a8-a39a-4d11-a535-7922759ba704, Nodes: dfd1ace6-5921-4c65-82d6-ac571288ab09{ip: 10.1.0.76, host: fv-az208-128.kmgg0fu2myoezeajip4j0sfi3d.cx.internal.cloudapp.net, ports: [REPLICATION=40621, RATIS=40081, RATIS_ADMIN=40081, RATIS_SERVER=40081, STANDALONE=45441], networkLocation: /default-rack, certSerialId: null, persistedOpState: IN_SERVICE, persistedOpStateExpiryEpochSec: 0}14b70a86-5100-4ed6-950c-f7248b89b6df{ip: 10.1.0.76, host: fv-az208-128.kmgg0fu2myoezeajip4j0sfi3d.cx.internal.cloudapp.net, ports: [REPLICATION=41539, RATIS=40211, RATIS_ADMIN=40211, RATIS_SERVER=40211, STANDALONE=45221], networkLocation: /default-rack, certSerialId: null, persistedOpState: IN_SERVICE, persistedOpStateExpiryEpochSec: 0}c63b842e-4a18-4309-8e5f-a8e0aaa5a343{ip: 10.1.0.76, host: fv-az208-128.kmgg0fu2myoezeajip4j0sfi3d.cx.internal.cloudapp.net, ports: [REPLICATION=35169, RATIS=38751, RATIS_ADMIN=38751, RATIS_SERVER=38751, STANDALONE=46681], networkLocation: /default-rack, certSerialId: null, persistedOpState: IN_SERVICE, persistedOpStateExpiryEpochSec: 0}, ReplicationConfig: RATIS/THREE, State:ALLOCATED, leaderId:dfd1ace6-5921-4c65-82d6-ac571288ab09, CreationTimestamp2022-10-11T08:12:45.787Z[Etc/UTC]] moved to OPEN state
2022-10-11 08:12:53,277 [EventQueue-OpenPipelineForHealthyPipelineSafeModeRule] INFO  safemode.SCMSafeModeManager (HealthyPipelineSafeModeRule.java:process(137)) - SCM in safe mode. Healthy pipelines reported count is 1, required healthy pipeline reported count is 1
2022-10-11 08:12:53,278 [EventQueue-OpenPipelineForHealthyPipelineSafeModeRule] INFO  safemode.SCMSafeModeManager (SCMSafeModeManager.java:validateSafeModeExitRules(204)) - HealthyPipelineSafeModeRule rule is successfully validated
2022-10-11 08:12:53,278 [EventQueue-OpenPipelineForHealthyPipelineSafeModeRule] INFO  safemode.SCMSafeModeManager (SCMSafeModeManager.java:validateSafeModeExitRules(219)) - ScmSafeModeManager, all rules are successfully validated
2022-10-11 08:12:53,278 [EventQueue-OpenPipelineForHealthyPipelineSafeModeRule] INFO  safemode.SCMSafeModeManager (SCMSafeModeManager.java:exitSafeMode(248)) - SCM exiting safe mode.
2022-10-11 08:12:53,278 [EventQueue-OpenPipelineForHealthyPipelineSafeModeRule] WARN  events.EventQueue (EventQueue.java:fireEvent(216)) - No event handler registered for event TypedEvent{payloadType=SafeModeStatus, name='Safe mode status'}
2022-10-11 08:12:53,278 [EventQueue-OpenPipelineForHealthyPipelineSafeModeRule] INFO  ha.SCMContext (SCMContext.java:updateSafeModeStatus(228)) - Update SafeModeStatus from SafeModeStatus{safeModeStatus=true, preCheckPassed=true} to SafeModeStatus{safeModeStatus=false, preCheckPassed=true}.
2022-10-11 08:12:53,278 [EventQueue-OpenPipelineForHealthyPipelineSafeModeRule] INFO  pipeline.BackgroundPipelineCreator (BackgroundPipelineCreator.java:notifyStatusChanged(254)) - Service BackgroundPipelineCreator transitions to RUNNING.
2022-10-11 08:12:53,278 [EventQueue-OpenPipelineForHealthyPipelineSafeModeRule] INFO  BackgroundPipelineScrubber (BackgroundSCMService.java:notifyStatusChanged(82)) - Service BackgroundPipelineScrubber transitions to RUNNING.
2022-10-11 08:12:53,278 [EventQueue-OpenPipelineForHealthyPipelineSafeModeRule] INFO  ExpiredContainerReplicaOpScrubber (BackgroundSCMService.java:notifyStatusChanged(82)) - Service ExpiredContainerReplicaOpScrubber transitions to RUNNING.
2022-10-11 08:12:53,278 [EventQueue-OpenPipelineForHealthyPipelineSafeModeRule] INFO  replication.ReplicationManager (ReplicationManager.java:notifyStatusChanged(728)) - Service ReplicationManager transitions to RUNNING.
2022-10-11 08:12:53,281 [EventQueue-OpenPipelineForHealthyPipelineSafeModeRule] WARN  balancer.ContainerBalancer (ContainerBalancer.java:shouldRun(936)) - Could not find persisted configuration for ContainerBalancer when checking if ContainerBalancer should run. ContainerBalancer should not run now.
2022-10-11 08:12:53,282 [dfd1ace6-5921-4c65-82d6-ac571288ab09@group-7922759BA704-LeaderElection3] INFO  server.RaftServerConfigKeys (ConfUtils.java:logGet(46)) - raft.server.log.appender.snapshot.chunk.size.max = 16MB (=16777216) (default)
2022-10-11 08:12:53,283 [dfd1ace6-5921-4c65-82d6-ac571288ab09@group-7922759BA704-LeaderElection3] INFO  server.RaftServerConfigKeys (ConfUtils.java:logGet(46)) - raft.server.log.appender.buffer.byte-limit = 33554432 (custom)
2022-10-11 08:12:53,283 [dfd1ace6-5921-4c65-82d6-ac571288ab09@group-7922759BA704-LeaderElection3] INFO  server.RaftServerConfigKeys (ConfUtils.java:logGet(46)) - raft.server.log.appender.buffer.element-limit = 1 (custom)
2022-10-11 08:12:53,286 [dfd1ace6-5921-4c65-82d6-ac571288ab09@group-7922759BA704-LeaderElection3] INFO  grpc.GrpcConfigKeys (ConfUtils.java:logGet(46)) - raft.grpc.server.leader.outstanding.appends.max = 128 (default)
2022-10-11 08:12:53,286 [dfd1ace6-5921-4c65-82d6-ac571288ab09@group-7922759BA704-LeaderElection3] INFO  server.RaftServerConfigKeys (ConfUtils.java:logGet(46)) - raft.server.rpc.request.timeout = 60s (custom)
2022-10-11 08:12:53,286 [dfd1ace6-5921-4c65-82d6-ac571288ab09@group-7922759BA704-LeaderElection3] INFO  server.RaftServerConfigKeys (ConfUtils.java:logGet(46)) - raft.server.log.appender.install.snapshot.enabled = false (custom)
2022-10-11 08:12:53,287 [dfd1ace6-5921-4c65-82d6-ac571288ab09@group-7922759BA704-LeaderElection3] INFO  server.RaftServerConfigKeys (ConfUtils.java:logGet(46)) - raft.server.log.appender.snapshot.chunk.size.max = 16MB (=16777216) (default)
2022-10-11 08:12:53,288 [dfd1ace6-5921-4c65-82d6-ac571288ab09@group-7922759BA704-LeaderElection3] INFO  server.RaftServerConfigKeys (ConfUtils.java:logGet(46)) - raft.server.log.appender.buffer.byte-limit = 33554432 (custom)
2022-10-11 08:12:53,288 [dfd1ace6-5921-4c65-82d6-ac571288ab09@group-7922759BA704-LeaderElection3] INFO  server.RaftServerConfigKeys (ConfUtils.java:logGet(46)) - raft.server.log.appender.buffer.element-limit = 1 (custom)
2022-10-11 08:12:53,288 [dfd1ace6-5921-4c65-82d6-ac571288ab09@group-7922759BA704-LeaderElection3] INFO  grpc.GrpcConfigKeys (ConfUtils.java:logGet(46)) - raft.grpc.server.leader.outstanding.appends.max = 128 (default)
2022-10-11 08:12:53,288 [dfd1ace6-5921-4c65-82d6-ac571288ab09@group-7922759BA704-LeaderElection3] INFO  server.RaftServerConfigKeys (ConfUtils.java:logGet(46)) - raft.server.rpc.request.timeout = 60s (custom)
2022-10-11 08:12:53,288 [dfd1ace6-5921-4c65-82d6-ac571288ab09@group-7922759BA704-LeaderElection3] INFO  server.RaftServerConfigKeys (ConfUtils.java:logGet(46)) - raft.server.log.appender.install.snapshot.enabled = false (custom)
2022-10-11 08:12:53,289 [dfd1ace6-5921-4c65-82d6-ac571288ab09@group-7922759BA704-LeaderElection3] INFO  impl.RoleInfo (RoleInfo.java:updateAndGet(139)) - dfd1ace6-5921-4c65-82d6-ac571288ab09: start dfd1ace6-5921-4c65-82d6-ac571288ab09@group-7922759BA704-LeaderStateImpl
2022-10-11 08:12:53,289 [dfd1ace6-5921-4c65-82d6-ac571288ab09@group-7922759BA704-LeaderElection3] INFO  segmented.SegmentedRaftLogWorker (SegmentedRaftLogWorker.java:startLogSegment(425)) - dfd1ace6-5921-4c65-82d6-ac571288ab09@group-7922759BA704-SegmentedRaftLogWorker: Starting segment from index:0
2022-10-11 08:12:53,294 [dfd1ace6-5921-4c65-82d6-ac571288ab09@group-7922759BA704-LeaderElection3] INFO  server.RaftServer$Division (ServerState.java:setRaftConf(393)) - dfd1ace6-5921-4c65-82d6-ac571288ab09@group-7922759BA704: set configuration 0: [14b70a86-5100-4ed6-950c-f7248b89b6df|rpc:10.1.0.76:40211|dataStream:|priority:0, dfd1ace6-5921-4c65-82d6-ac571288ab09|rpc:10.1.0.76:40081|dataStream:|priority:1, c63b842e-4a18-4309-8e5f-a8e0aaa5a343|rpc:10.1.0.76:38751|dataStream:|priority:0], old=null
2022-10-11 08:12:53,294 [dfd1ace6-5921-4c65-82d6-ac571288ab09@group-7922759BA704-SegmentedRaftLogWorker] INFO  segmented.SegmentedRaftLogWorker (SegmentedRaftLogWorker.java:execute(629)) - dfd1ace6-5921-4c65-82d6-ac571288ab09@group-7922759BA704-SegmentedRaftLogWorker: created new log segment /home/runner/work/ozone/ozone/hadoop-ozone/integration-test/target/test-dir/MiniOzoneClusterImpl-a7be04a2-0db3-4748-8f74-6a3cfa6a7101/datanode-0/data/ratis/370728a8-a39a-4d11-a535-7922759ba704/current/log_inprogress_0
2022-10-11 08:12:53,320 [c63b842e-4a18-4309-8e5f-a8e0aaa5a343-server-thread1] INFO  ratis.XceiverServerRatis (XceiverServerRatis.java:handleLeaderChangedNotification(863)) - Leader change notification received for group: group-7922759BA704 with new leaderId: dfd1ace6-5921-4c65-82d6-ac571288ab09
2022-10-11 08:12:53,321 [c63b842e-4a18-4309-8e5f-a8e0aaa5a343-server-thread1] INFO  server.RaftServer$Division (ServerState.java:setLeader(287)) - c63b842e-4a18-4309-8e5f-a8e0aaa5a343@group-7922759BA704: change Leader from null to dfd1ace6-5921-4c65-82d6-ac571288ab09 at term 1 for appendEntries, leader elected after 4581ms
2022-10-11 08:12:53,334 [14b70a86-5100-4ed6-950c-f7248b89b6df-server-thread1] INFO  ratis.XceiverServerRatis (XceiverServerRatis.java:handleLeaderChangedNotification(863)) - Leader change notification received for group: group-7922759BA704 with new leaderId: dfd1ace6-5921-4c65-82d6-ac571288ab09
2022-10-11 08:12:53,334 [14b70a86-5100-4ed6-950c-f7248b89b6df-server-thread1] INFO  server.RaftServer$Division (ServerState.java:setLeader(287)) - 14b70a86-5100-4ed6-950c-f7248b89b6df@group-7922759BA704: change Leader from null to dfd1ace6-5921-4c65-82d6-ac571288ab09 at term 1 for appendEntries, leader elected after 4828ms
2022-10-11 08:12:53,349 [14b70a86-5100-4ed6-950c-f7248b89b6df-server-thread1] INFO  server.RaftServer$Division (ServerState.java:setRaftConf(393)) - 14b70a86-5100-4ed6-950c-f7248b89b6df@group-7922759BA704: set configuration 0: [14b70a86-5100-4ed6-950c-f7248b89b6df|rpc:10.1.0.76:40211|dataStream:|priority:0, dfd1ace6-5921-4c65-82d6-ac571288ab09|rpc:10.1.0.76:40081|dataStream:|priority:1, c63b842e-4a18-4309-8e5f-a8e0aaa5a343|rpc:10.1.0.76:38751|dataStream:|priority:0], old=null
2022-10-11 08:12:53,350 [14b70a86-5100-4ed6-950c-f7248b89b6df-server-thread1] INFO  segmented.SegmentedRaftLogWorker (SegmentedRaftLogWorker.java:startLogSegment(425)) - 14b70a86-5100-4ed6-950c-f7248b89b6df@group-7922759BA704-SegmentedRaftLogWorker: Starting segment from index:0
2022-10-11 08:12:53,351 [c63b842e-4a18-4309-8e5f-a8e0aaa5a343-server-thread1] INFO  server.RaftServer$Division (ServerState.java:setRaftConf(393)) - c63b842e-4a18-4309-8e5f-a8e0aaa5a343@group-7922759BA704: set configuration 0: [14b70a86-5100-4ed6-950c-f7248b89b6df|rpc:10.1.0.76:40211|dataStream:|priority:0, dfd1ace6-5921-4c65-82d6-ac571288ab09|rpc:10.1.0.76:40081|dataStream:|priority:1, c63b842e-4a18-4309-8e5f-a8e0aaa5a343|rpc:10.1.0.76:38751|dataStream:|priority:0], old=null
2022-10-11 08:12:53,351 [c63b842e-4a18-4309-8e5f-a8e0aaa5a343-server-thread1] INFO  segmented.SegmentedRaftLogWorker (SegmentedRaftLogWorker.java:startLogSegment(425)) - c63b842e-4a18-4309-8e5f-a8e0aaa5a343@group-7922759BA704-SegmentedRaftLogWorker: Starting segment from index:0
2022-10-11 08:12:53,352 [14b70a86-5100-4ed6-950c-f7248b89b6df@group-7922759BA704-SegmentedRaftLogWorker] INFO  segmented.SegmentedRaftLogWorker (SegmentedRaftLogWorker.java:execute(629)) - 14b70a86-5100-4ed6-950c-f7248b89b6df@group-7922759BA704-SegmentedRaftLogWorker: created new log segment /home/runner/work/ozone/ozone/hadoop-ozone/integration-test/target/test-dir/MiniOzoneClusterImpl-a7be04a2-0db3-4748-8f74-6a3cfa6a7101/datanode-1/data/ratis/370728a8-a39a-4d11-a535-7922759ba704/current/log_inprogress_0
2022-10-11 08:12:53,353 [c63b842e-4a18-4309-8e5f-a8e0aaa5a343@group-7922759BA704-SegmentedRaftLogWorker] INFO  segmented.SegmentedRaftLogWorker (SegmentedRaftLogWorker.java:execute(629)) - c63b842e-4a18-4309-8e5f-a8e0aaa5a343@group-7922759BA704-SegmentedRaftLogWorker: created new log segment /home/runner/work/ozone/ozone/hadoop-ozone/integration-test/target/test-dir/MiniOzoneClusterImpl-a7be04a2-0db3-4748-8f74-6a3cfa6a7101/datanode-2/data/ratis/370728a8-a39a-4d11-a535-7922759ba704/current/log_inprogress_0
2022-10-11 08:12:53,364 [Listener at 127.0.0.1/39113] INFO  ozone.MiniOzoneClusterImpl (MiniOzoneClusterImpl.java:lambda$waitForClusterToBeReady$0(216)) - Nodes are ready. Got 5 of 5 DN Heartbeats.
2022-10-11 08:12:53,364 [Listener at 127.0.0.1/39113] INFO  ozone.MiniOzoneClusterImpl (MiniOzoneClusterImpl.java:lambda$waitForClusterToBeReady$0(219)) - Cluster exits safe mode
2022-10-11 08:12:53,364 [Listener at 127.0.0.1/39113] INFO  ozone.MiniOzoneClusterImpl (MiniOzoneClusterImpl.java:lambda$waitForClusterToBeReady$0(221)) - SCM became leader
2022-10-11 08:12:53,650 [14b70a86-5100-4ed6-950c-f7248b89b6df@group-0A189321CDCB-FollowerState] INFO  impl.FollowerState (FollowerState.java:run(143)) - 14b70a86-5100-4ed6-950c-f7248b89b6df@group-0A189321CDCB-FollowerState: change to CANDIDATE, lastRpcElapsedTime:5161364116ns, electionTimeout:5134ms
2022-10-11 08:12:53,651 [14b70a86-5100-4ed6-950c-f7248b89b6df@group-0A189321CDCB-FollowerState] INFO  impl.RoleInfo (RoleInfo.java:shutdownFollowerState(110)) - 14b70a86-5100-4ed6-950c-f7248b89b6df: shutdown 14b70a86-5100-4ed6-950c-f7248b89b6df@group-0A189321CDCB-FollowerState
2022-10-11 08:12:53,651 [14b70a86-5100-4ed6-950c-f7248b89b6df@group-0A189321CDCB-FollowerState] INFO  server.RaftServer$Division (RaftServerImpl.java:setRole(299)) - 14b70a86-5100-4ed6-950c-f7248b89b6df@group-0A189321CDCB: changes role from  FOLLOWER to CANDIDATE at term 0 for changeToCandidate
2022-10-11 08:12:53,651 [14b70a86-5100-4ed6-950c-f7248b89b6df@group-0A189321CDCB-FollowerState] INFO  server.RaftServerConfigKeys (ConfUtils.java:logGet(46)) - raft.server.leaderelection.pre-vote = false (custom)
2022-10-11 08:12:53,651 [14b70a86-5100-4ed6-950c-f7248b89b6df@group-0A189321CDCB-FollowerState] INFO  impl.RoleInfo (RoleInfo.java:updateAndGet(139)) - 14b70a86-5100-4ed6-950c-f7248b89b6df: start 14b70a86-5100-4ed6-950c-f7248b89b6df@group-0A189321CDCB-LeaderElection4
2022-10-11 08:12:53,664 [14b70a86-5100-4ed6-950c-f7248b89b6df@group-0A189321CDCB-LeaderElection4] INFO  impl.LeaderElection (LeaderElection.java:askForVotes(310)) - 14b70a86-5100-4ed6-950c-f7248b89b6df@group-0A189321CDCB-LeaderElection4 ELECTION round 0: submit vote requests at term 1 for -1: [14b70a86-5100-4ed6-950c-f7248b89b6df|rpc:10.1.0.76:40211|priority:1], old=null
2022-10-11 08:12:53,666 [14b70a86-5100-4ed6-950c-f7248b89b6df@group-0A189321CDCB-LeaderElection4] INFO  impl.LeaderElection (LeaderElection.java:askForVotes(312)) - 14b70a86-5100-4ed6-950c-f7248b89b6df@group-0A189321CDCB-LeaderElection4 ELECTION round 0: result PASSED (term=1)
2022-10-11 08:12:53,666 [14b70a86-5100-4ed6-950c-f7248b89b6df@group-0A189321CDCB-LeaderElection4] INFO  impl.RoleInfo (RoleInfo.java:shutdownLeaderElection(130)) - 14b70a86-5100-4ed6-950c-f7248b89b6df: shutdown 14b70a86-5100-4ed6-950c-f7248b89b6df@group-0A189321CDCB-LeaderElection4
2022-10-11 08:12:53,666 [14b70a86-5100-4ed6-950c-f7248b89b6df@group-0A189321CDCB-LeaderElection4] INFO  server.RaftServer$Division (RaftServerImpl.java:setRole(299)) - 14b70a86-5100-4ed6-950c-f7248b89b6df@group-0A189321CDCB: changes role from CANDIDATE to LEADER at term 1 for changeToLeader
2022-10-11 08:12:53,666 [14b70a86-5100-4ed6-950c-f7248b89b6df@group-0A189321CDCB-LeaderElection4] INFO  ratis.XceiverServerRatis (XceiverServerRatis.java:handleLeaderChangedNotification(863)) - Leader change notification received for group: group-0A189321CDCB with new leaderId: 14b70a86-5100-4ed6-950c-f7248b89b6df
2022-10-11 08:12:53,666 [14b70a86-5100-4ed6-950c-f7248b89b6df@group-0A189321CDCB-LeaderElection4] INFO  server.RaftServer$Division (ServerState.java:setLeader(287)) - 14b70a86-5100-4ed6-950c-f7248b89b6df@group-0A189321CDCB: change Leader from null to 14b70a86-5100-4ed6-950c-f7248b89b6df at term 1 for becomeLeader, leader elected after 5199ms
2022-10-11 08:12:53,666 [14b70a86-5100-4ed6-950c-f7248b89b6df@group-0A189321CDCB-LeaderElection4] INFO  server.RaftServerConfigKeys (ConfUtils.java:logGet(46)) - raft.server.staging.catchup.gap = 1000 (default)
2022-10-11 08:12:53,667 [14b70a86-5100-4ed6-950c-f7248b89b6df@group-0A189321CDCB-LeaderElection4] INFO  server.RaftServerConfigKeys (ConfUtils.java:logGet(46)) - raft.server.write.element-limit = 1024 (custom)
2022-10-11 08:12:53,667 [14b70a86-5100-4ed6-950c-f7248b89b6df@group-0A189321CDCB-LeaderElection4] INFO  server.RaftServerConfigKeys (ConfUtils.java:logGet(46)) - raft.server.write.byte-limit = 1024 M (=1073741824) (custom)
2022-10-11 08:12:53,667 [14b70a86-5100-4ed6-950c-f7248b89b6df@group-0A189321CDCB-LeaderElection4] INFO  server.RaftServerConfigKeys (ConfUtils.java:logGet(46)) - raft.server.watch.timeout = 180s (custom)
2022-10-11 08:12:53,667 [14b70a86-5100-4ed6-950c-f7248b89b6df@group-0A189321CDCB-LeaderElection4] INFO  server.RaftServerConfigKeys (ConfUtils.java:logGet(46)) - raft.server.watch.timeout.denomination = 1s (default)
2022-10-11 08:12:53,667 [14b70a86-5100-4ed6-950c-f7248b89b6df@group-0A189321CDCB-LeaderElection4] INFO  server.RaftServerConfigKeys (ConfUtils.java:logGet(46)) - raft.server.watch.element-limit = 65536 (default)
2022-10-11 08:12:53,667 [14b70a86-5100-4ed6-950c-f7248b89b6df@group-0A189321CDCB-LeaderElection4] INFO  server.RaftServerConfigKeys (ConfUtils.java:logGet(46)) - raft.server.write.element-limit = 1024 (custom)
2022-10-11 08:12:53,667 [14b70a86-5100-4ed6-950c-f7248b89b6df@group-0A189321CDCB-LeaderElection4] INFO  server.RaftServerConfigKeys (ConfUtils.java:logGet(46)) - raft.server.write.follower.gap.ratio.max = -1.0 (default)
2022-10-11 08:12:53,667 [14b70a86-5100-4ed6-950c-f7248b89b6df@group-0A189321CDCB-LeaderElection4] INFO  impl.RoleInfo (RoleInfo.java:updateAndGet(139)) - 14b70a86-5100-4ed6-950c-f7248b89b6df: start 14b70a86-5100-4ed6-950c-f7248b89b6df@group-0A189321CDCB-LeaderStateImpl
2022-10-11 08:12:53,668 [14b70a86-5100-4ed6-950c-f7248b89b6df@group-0A189321CDCB-LeaderElection4] INFO  segmented.SegmentedRaftLogWorker (SegmentedRaftLogWorker.java:startLogSegment(425)) - 14b70a86-5100-4ed6-950c-f7248b89b6df@group-0A189321CDCB-SegmentedRaftLogWorker: Starting segment from index:0
2022-10-11 08:12:53,672 [14b70a86-5100-4ed6-950c-f7248b89b6df@group-0A189321CDCB-SegmentedRaftLogWorker] INFO  segmented.SegmentedRaftLogWorker (SegmentedRaftLogWorker.java:execute(629)) - 14b70a86-5100-4ed6-950c-f7248b89b6df@group-0A189321CDCB-SegmentedRaftLogWorker: created new log segment /home/runner/work/ozone/ozone/hadoop-ozone/integration-test/target/test-dir/MiniOzoneClusterImpl-a7be04a2-0db3-4748-8f74-6a3cfa6a7101/datanode-1/data/ratis/a89f97f6-99a9-4efd-999d-0a189321cdcb/current/log_inprogress_0
2022-10-11 08:12:53,679 [14b70a86-5100-4ed6-950c-f7248b89b6df@group-0A189321CDCB-LeaderElection4] INFO  server.RaftServer$Division (ServerState.java:setRaftConf(393)) - 14b70a86-5100-4ed6-950c-f7248b89b6df@group-0A189321CDCB: set configuration 0: [14b70a86-5100-4ed6-950c-f7248b89b6df|rpc:10.1.0.76:40211|dataStream:|priority:1], old=null
2022-10-11 08:12:53,864 [Listener at 127.0.0.1/39113] INFO  rpc.RpcClient (RpcClient.java:createVolume(471)) - Creating Volume: volume56107, with user84151 as owner and space quota set to -1 bytes, counts quota set to -1
2022-10-11 08:12:53,898 [c63b842e-4a18-4309-8e5f-a8e0aaa5a343@group-491BDFF80810-FollowerState] INFO  impl.FollowerState (FollowerState.java:run(143)) - c63b842e-4a18-4309-8e5f-a8e0aaa5a343@group-491BDFF80810-FollowerState: change to CANDIDATE, lastRpcElapsedTime:5085375838ns, electionTimeout:5080ms
2022-10-11 08:12:53,898 [c63b842e-4a18-4309-8e5f-a8e0aaa5a343@group-491BDFF80810-FollowerState] INFO  impl.RoleInfo (RoleInfo.java:shutdownFollowerState(110)) - c63b842e-4a18-4309-8e5f-a8e0aaa5a343: shutdown c63b842e-4a18-4309-8e5f-a8e0aaa5a343@group-491BDFF80810-FollowerState
2022-10-11 08:12:53,898 [c63b842e-4a18-4309-8e5f-a8e0aaa5a343@group-491BDFF80810-FollowerState] INFO  server.RaftServer$Division (RaftServerImpl.java:setRole(299)) - c63b842e-4a18-4309-8e5f-a8e0aaa5a343@group-491BDFF80810: changes role from  FOLLOWER to CANDIDATE at term 0 for changeToCandidate
2022-10-11 08:12:53,898 [c63b842e-4a18-4309-8e5f-a8e0aaa5a343@group-491BDFF80810-FollowerState] INFO  server.RaftServerConfigKeys (ConfUtils.java:logGet(46)) - raft.server.leaderelection.pre-vote = false (custom)
2022-10-11 08:12:53,898 [c63b842e-4a18-4309-8e5f-a8e0aaa5a343@group-491BDFF80810-FollowerState] INFO  impl.RoleInfo (RoleInfo.java:updateAndGet(139)) - c63b842e-4a18-4309-8e5f-a8e0aaa5a343: start c63b842e-4a18-4309-8e5f-a8e0aaa5a343@group-491BDFF80810-LeaderElection5
2022-10-11 08:12:53,911 [OM StateMachine ApplyTransaction Thread - 0] INFO  volume.OMVolumeCreateRequest (OMVolumeCreateRequest.java:validateAndUpdateCache(195)) - created volume:volume56107 for user:user84151
2022-10-11 08:12:53,913 [c63b842e-4a18-4309-8e5f-a8e0aaa5a343@group-491BDFF80810-LeaderElection5] INFO  impl.LeaderElection (LeaderElection.java:askForVotes(310)) - c63b842e-4a18-4309-8e5f-a8e0aaa5a343@group-491BDFF80810-LeaderElection5 ELECTION round 0: submit vote requests at term 1 for -1: [c63b842e-4a18-4309-8e5f-a8e0aaa5a343|rpc:10.1.0.76:38751|priority:1], old=null
2022-10-11 08:12:53,913 [c63b842e-4a18-4309-8e5f-a8e0aaa5a343@group-491BDFF80810-LeaderElection5] INFO  impl.LeaderElection (LeaderElection.java:askForVotes(312)) - c63b842e-4a18-4309-8e5f-a8e0aaa5a343@group-491BDFF80810-LeaderElection5 ELECTION round 0: result PASSED (term=1)
2022-10-11 08:12:53,913 [c63b842e-4a18-4309-8e5f-a8e0aaa5a343@group-491BDFF80810-LeaderElection5] INFO  impl.RoleInfo (RoleInfo.java:shutdownLeaderElection(130)) - c63b842e-4a18-4309-8e5f-a8e0aaa5a343: shutdown c63b842e-4a18-4309-8e5f-a8e0aaa5a343@group-491BDFF80810-LeaderElection5
2022-10-11 08:12:53,913 [c63b842e-4a18-4309-8e5f-a8e0aaa5a343@group-491BDFF80810-LeaderElection5] INFO  server.RaftServer$Division (RaftServerImpl.java:setRole(299)) - c63b842e-4a18-4309-8e5f-a8e0aaa5a343@group-491BDFF80810: changes role from CANDIDATE to LEADER at term 1 for changeToLeader
2022-10-11 08:12:53,913 [c63b842e-4a18-4309-8e5f-a8e0aaa5a343@group-491BDFF80810-LeaderElection5] INFO  ratis.XceiverServerRatis (XceiverServerRatis.java:handleLeaderChangedNotification(863)) - Leader change notification received for group: group-491BDFF80810 with new leaderId: c63b842e-4a18-4309-8e5f-a8e0aaa5a343
2022-10-11 08:12:53,913 [c63b842e-4a18-4309-8e5f-a8e0aaa5a343@group-491BDFF80810-LeaderElection5] INFO  server.RaftServer$Division (ServerState.java:setLeader(287)) - c63b842e-4a18-4309-8e5f-a8e0aaa5a343@group-491BDFF80810: change Leader from null to c63b842e-4a18-4309-8e5f-a8e0aaa5a343 at term 1 for becomeLeader, leader elected after 5121ms
2022-10-11 08:12:53,913 [c63b842e-4a18-4309-8e5f-a8e0aaa5a343@group-491BDFF80810-LeaderElection5] INFO  server.RaftServerConfigKeys (ConfUtils.java:logGet(46)) - raft.server.staging.catchup.gap = 1000 (default)
2022-10-11 08:12:53,914 [c63b842e-4a18-4309-8e5f-a8e0aaa5a343@group-491BDFF80810-LeaderElection5] INFO  server.RaftServerConfigKeys (ConfUtils.java:logGet(46)) - raft.server.write.element-limit = 1024 (custom)
2022-10-11 08:12:53,914 [c63b842e-4a18-4309-8e5f-a8e0aaa5a343@group-491BDFF80810-LeaderElection5] INFO  server.RaftServerConfigKeys (ConfUtils.java:logGet(46)) - raft.server.write.byte-limit = 1024 M (=1073741824) (custom)
2022-10-11 08:12:53,916 [c63b842e-4a18-4309-8e5f-a8e0aaa5a343@group-491BDFF80810-LeaderElection5] INFO  server.RaftServerConfigKeys (ConfUtils.java:logGet(46)) - raft.server.watch.timeout = 180s (custom)
2022-10-11 08:12:53,916 [c63b842e-4a18-4309-8e5f-a8e0aaa5a343@group-491BDFF80810-LeaderElection5] INFO  server.RaftServerConfigKeys (ConfUtils.java:logGet(46)) - raft.server.watch.timeout.denomination = 1s (default)
2022-10-11 08:12:53,916 [c63b842e-4a18-4309-8e5f-a8e0aaa5a343@group-491BDFF80810-LeaderElection5] INFO  server.RaftServerConfigKeys (ConfUtils.java:logGet(46)) - raft.server.watch.element-limit = 65536 (default)
2022-10-11 08:12:53,916 [c63b842e-4a18-4309-8e5f-a8e0aaa5a343@group-491BDFF80810-LeaderElection5] INFO  server.RaftServerConfigKeys (ConfUtils.java:logGet(46)) - raft.server.write.element-limit = 1024 (custom)
2022-10-11 08:12:53,916 [c63b842e-4a18-4309-8e5f-a8e0aaa5a343@group-491BDFF80810-LeaderElection5] INFO  server.RaftServerConfigKeys (ConfUtils.java:logGet(46)) - raft.server.write.follower.gap.ratio.max = -1.0 (default)
2022-10-11 08:12:53,916 [c63b842e-4a18-4309-8e5f-a8e0aaa5a343@group-491BDFF80810-LeaderElection5] INFO  impl.RoleInfo (RoleInfo.java:updateAndGet(139)) - c63b842e-4a18-4309-8e5f-a8e0aaa5a343: start c63b842e-4a18-4309-8e5f-a8e0aaa5a343@group-491BDFF80810-LeaderStateImpl
2022-10-11 08:12:53,923 [c63b842e-4a18-4309-8e5f-a8e0aaa5a343@group-491BDFF80810-LeaderElection5] INFO  segmented.SegmentedRaftLogWorker (SegmentedRaftLogWorker.java:startLogSegment(425)) - c63b842e-4a18-4309-8e5f-a8e0aaa5a343@group-491BDFF80810-SegmentedRaftLogWorker: Starting segment from index:0
2022-10-11 08:12:53,924 [c63b842e-4a18-4309-8e5f-a8e0aaa5a343@group-491BDFF80810-SegmentedRaftLogWorker] INFO  segmented.SegmentedRaftLogWorker (SegmentedRaftLogWorker.java:execute(629)) - c63b842e-4a18-4309-8e5f-a8e0aaa5a343@group-491BDFF80810-SegmentedRaftLogWorker: created new log segment /home/runner/work/ozone/ozone/hadoop-ozone/integration-test/target/test-dir/MiniOzoneClusterImpl-a7be04a2-0db3-4748-8f74-6a3cfa6a7101/datanode-2/data/ratis/e6169ce9-83b0-4826-8a71-491bdff80810/current/log_inprogress_0
2022-10-11 08:12:53,938 [c63b842e-4a18-4309-8e5f-a8e0aaa5a343@group-491BDFF80810-LeaderElection5] INFO  server.RaftServer$Division (ServerState.java:setRaftConf(393)) - c63b842e-4a18-4309-8e5f-a8e0aaa5a343@group-491BDFF80810: set configuration 0: [c63b842e-4a18-4309-8e5f-a8e0aaa5a343|rpc:10.1.0.76:38751|dataStream:|priority:1], old=null
2022-10-11 08:12:53,944 [dfd1ace6-5921-4c65-82d6-ac571288ab09@group-3D059F13AD3A-FollowerState] INFO  impl.FollowerState (FollowerState.java:run(143)) - dfd1ace6-5921-4c65-82d6-ac571288ab09@group-3D059F13AD3A-FollowerState: change to CANDIDATE, lastRpcElapsedTime:5097427132ns, electionTimeout:5093ms
2022-10-11 08:12:53,944 [dfd1ace6-5921-4c65-82d6-ac571288ab09@group-3D059F13AD3A-FollowerState] INFO  impl.RoleInfo (RoleInfo.java:shutdownFollowerState(110)) - dfd1ace6-5921-4c65-82d6-ac571288ab09: shutdown dfd1ace6-5921-4c65-82d6-ac571288ab09@group-3D059F13AD3A-FollowerState
2022-10-11 08:12:53,944 [dfd1ace6-5921-4c65-82d6-ac571288ab09@group-3D059F13AD3A-FollowerState] INFO  server.RaftServer$Division (RaftServerImpl.java:setRole(299)) - dfd1ace6-5921-4c65-82d6-ac571288ab09@group-3D059F13AD3A: changes role from  FOLLOWER to CANDIDATE at term 0 for changeToCandidate
2022-10-11 08:12:53,944 [dfd1ace6-5921-4c65-82d6-ac571288ab09@group-3D059F13AD3A-FollowerState] INFO  server.RaftServerConfigKeys (ConfUtils.java:logGet(46)) - raft.server.leaderelection.pre-vote = false (custom)
2022-10-11 08:12:53,944 [dfd1ace6-5921-4c65-82d6-ac571288ab09@group-3D059F13AD3A-FollowerState] INFO  impl.RoleInfo (RoleInfo.java:updateAndGet(139)) - dfd1ace6-5921-4c65-82d6-ac571288ab09: start dfd1ace6-5921-4c65-82d6-ac571288ab09@group-3D059F13AD3A-LeaderElection6
2022-10-11 08:12:53,954 [Listener at 127.0.0.1/39113] INFO  rpc.RpcClient (RpcClient.java:createBucket(674)) - Creating Bucket: volume56107/bucket11984, with bucket layout FILE_SYSTEM_OPTIMIZED, runner as owner, Versioning false, Storage Type set to DISK and Encryption set to false 
2022-10-11 08:12:53,956 [dfd1ace6-5921-4c65-82d6-ac571288ab09@group-3D059F13AD3A-LeaderElection6] INFO  impl.LeaderElection (LeaderElection.java:askForVotes(310)) - dfd1ace6-5921-4c65-82d6-ac571288ab09@group-3D059F13AD3A-LeaderElection6 ELECTION round 0: submit vote requests at term 1 for -1: [14b70a86-5100-4ed6-950c-f7248b89b6df|rpc:10.1.0.76:40211|dataStream:|priority:1, dfd1ace6-5921-4c65-82d6-ac571288ab09|rpc:10.1.0.76:40081|dataStream:|priority:0, c63b842e-4a18-4309-8e5f-a8e0aaa5a343|rpc:10.1.0.76:38751|dataStream:|priority:0], old=null
2022-10-11 08:12:53,962 [grpc-default-executor-2] INFO  server.RaftServer$Division (RaftServerImpl.java:requestVote(1152)) - 14b70a86-5100-4ed6-950c-f7248b89b6df@group-3D059F13AD3A: receive requestVote(ELECTION, dfd1ace6-5921-4c65-82d6-ac571288ab09, group-3D059F13AD3A, 1, (t:0, i:0))
2022-10-11 08:12:53,962 [grpc-default-executor-0] INFO  server.RaftServer$Division (RaftServerImpl.java:requestVote(1152)) - c63b842e-4a18-4309-8e5f-a8e0aaa5a343@group-3D059F13AD3A: receive requestVote(ELECTION, dfd1ace6-5921-4c65-82d6-ac571288ab09, group-3D059F13AD3A, 1, (t:0, i:0))
2022-10-11 08:12:53,963 [grpc-default-executor-0] INFO  impl.VoteContext (VoteContext.java:log(48)) - c63b842e-4a18-4309-8e5f-a8e0aaa5a343@group-3D059F13AD3A-FOLLOWER: accept ELECTION from dfd1ace6-5921-4c65-82d6-ac571288ab09: our priority 0 <= candidate's priority 0
2022-10-11 08:12:53,963 [grpc-default-executor-0] INFO  server.RaftServer$Division (RaftServerImpl.java:setRole(299)) - c63b842e-4a18-4309-8e5f-a8e0aaa5a343@group-3D059F13AD3A: changes role from  FOLLOWER to FOLLOWER at term 1 for candidate:dfd1ace6-5921-4c65-82d6-ac571288ab09
2022-10-11 08:12:53,963 [grpc-default-executor-0] INFO  impl.RoleInfo (RoleInfo.java:shutdownFollowerState(110)) - c63b842e-4a18-4309-8e5f-a8e0aaa5a343: shutdown c63b842e-4a18-4309-8e5f-a8e0aaa5a343@group-3D059F13AD3A-FollowerState
2022-10-11 08:12:53,963 [grpc-default-executor-0] INFO  impl.RoleInfo (RoleInfo.java:updateAndGet(139)) - c63b842e-4a18-4309-8e5f-a8e0aaa5a343: start c63b842e-4a18-4309-8e5f-a8e0aaa5a343@group-3D059F13AD3A-FollowerState
2022-10-11 08:12:53,963 [grpc-default-executor-2] INFO  impl.VoteContext (VoteContext.java:log(48)) - 14b70a86-5100-4ed6-950c-f7248b89b6df@group-3D059F13AD3A-FOLLOWER: reject ELECTION from dfd1ace6-5921-4c65-82d6-ac571288ab09: our priority 1 > candidate's priority 0
2022-10-11 08:12:53,963 [grpc-default-executor-2] INFO  server.RaftServer$Division (RaftServerImpl.java:setRole(299)) - 14b70a86-5100-4ed6-950c-f7248b89b6df@group-3D059F13AD3A: changes role from  FOLLOWER to FOLLOWER at term 1 for candidate:dfd1ace6-5921-4c65-82d6-ac571288ab09
2022-10-11 08:12:53,963 [grpc-default-executor-2] INFO  impl.RoleInfo (RoleInfo.java:shutdownFollowerState(110)) - 14b70a86-5100-4ed6-950c-f7248b89b6df: shutdown 14b70a86-5100-4ed6-950c-f7248b89b6df@group-3D059F13AD3A-FollowerState
2022-10-11 08:12:53,963 [c63b842e-4a18-4309-8e5f-a8e0aaa5a343@group-3D059F13AD3A-FollowerState] INFO  impl.FollowerState (FollowerState.java:run(152)) - c63b842e-4a18-4309-8e5f-a8e0aaa5a343@group-3D059F13AD3A-FollowerState was interrupted
2022-10-11 08:12:53,971 [grpc-default-executor-2] INFO  impl.RoleInfo (RoleInfo.java:updateAndGet(139)) - 14b70a86-5100-4ed6-950c-f7248b89b6df: start 14b70a86-5100-4ed6-950c-f7248b89b6df@group-3D059F13AD3A-FollowerState
2022-10-11 08:12:53,971 [14b70a86-5100-4ed6-950c-f7248b89b6df@group-3D059F13AD3A-FollowerState] INFO  impl.FollowerState (FollowerState.java:run(152)) - 14b70a86-5100-4ed6-950c-f7248b89b6df@group-3D059F13AD3A-FollowerState was interrupted
2022-10-11 08:12:53,974 [grpc-default-executor-0] INFO  server.RaftServer$Division (RaftServerImpl.java:requestVote(1184)) - c63b842e-4a18-4309-8e5f-a8e0aaa5a343@group-3D059F13AD3A replies to ELECTION vote request: dfd1ace6-5921-4c65-82d6-ac571288ab09<-c63b842e-4a18-4309-8e5f-a8e0aaa5a343#0:OK-t1. Peer's state: c63b842e-4a18-4309-8e5f-a8e0aaa5a343@group-3D059F13AD3A:t1, leader=null, voted=dfd1ace6-5921-4c65-82d6-ac571288ab09, raftlog=c63b842e-4a18-4309-8e5f-a8e0aaa5a343@group-3D059F13AD3A-SegmentedRaftLog:OPENED:c-1, conf=-1: [14b70a86-5100-4ed6-950c-f7248b89b6df|rpc:10.1.0.76:40211|priority:1, dfd1ace6-5921-4c65-82d6-ac571288ab09|rpc:10.1.0.76:40081|priority:0, c63b842e-4a18-4309-8e5f-a8e0aaa5a343|rpc:10.1.0.76:38751|priority:0], old=null
2022-10-11 08:12:53,976 [grpc-default-executor-2] INFO  server.RaftServer$Division (RaftServerImpl.java:requestVote(1184)) - 14b70a86-5100-4ed6-950c-f7248b89b6df@group-3D059F13AD3A replies to ELECTION vote request: dfd1ace6-5921-4c65-82d6-ac571288ab09<-14b70a86-5100-4ed6-950c-f7248b89b6df#0:FAIL-t1. Peer's state: 14b70a86-5100-4ed6-950c-f7248b89b6df@group-3D059F13AD3A:t1, leader=null, voted=null, raftlog=14b70a86-5100-4ed6-950c-f7248b89b6df@group-3D059F13AD3A-SegmentedRaftLog:OPENED:c-1, conf=-1: [14b70a86-5100-4ed6-950c-f7248b89b6df|rpc:10.1.0.76:40211|priority:1, dfd1ace6-5921-4c65-82d6-ac571288ab09|rpc:10.1.0.76:40081|priority:0, c63b842e-4a18-4309-8e5f-a8e0aaa5a343|rpc:10.1.0.76:38751|priority:0], old=null
2022-10-11 08:12:53,978 [dfd1ace6-5921-4c65-82d6-ac571288ab09@group-3D059F13AD3A-LeaderElection6] INFO  impl.LeaderElection (LeaderElection.java:logAndReturn(90)) - dfd1ace6-5921-4c65-82d6-ac571288ab09@group-3D059F13AD3A-LeaderElection6: ELECTION REJECTED received 2 response(s) and 0 exception(s):
2022-10-11 08:12:53,980 [dfd1ace6-5921-4c65-82d6-ac571288ab09@group-3D059F13AD3A-LeaderElection6] INFO  impl.LeaderElection (LeaderElection.java:logAndReturn(94)) -   Response 0: dfd1ace6-5921-4c65-82d6-ac571288ab09<-14b70a86-5100-4ed6-950c-f7248b89b6df#0:FAIL-t1
2022-10-11 08:12:53,980 [dfd1ace6-5921-4c65-82d6-ac571288ab09@group-3D059F13AD3A-LeaderElection6] INFO  impl.LeaderElection (LeaderElection.java:logAndReturn(94)) -   Response 1: dfd1ace6-5921-4c65-82d6-ac571288ab09<-c63b842e-4a18-4309-8e5f-a8e0aaa5a343#0:OK-t1
2022-10-11 08:12:53,980 [dfd1ace6-5921-4c65-82d6-ac571288ab09@group-3D059F13AD3A-LeaderElection6] INFO  impl.LeaderElection (LeaderElection.java:askForVotes(312)) - dfd1ace6-5921-4c65-82d6-ac571288ab09@group-3D059F13AD3A-LeaderElection6 ELECTION round 0: result REJECTED
2022-10-11 08:12:53,980 [dfd1ace6-5921-4c65-82d6-ac571288ab09@group-3D059F13AD3A-LeaderElection6] INFO  server.RaftServer$Division (RaftServerImpl.java:setRole(299)) - dfd1ace6-5921-4c65-82d6-ac571288ab09@group-3D059F13AD3A: changes role from CANDIDATE to FOLLOWER at term 1 for REJECTED
2022-10-11 08:12:53,980 [dfd1ace6-5921-4c65-82d6-ac571288ab09@group-3D059F13AD3A-LeaderElection6] INFO  impl.RoleInfo (RoleInfo.java:shutdownLeaderElection(130)) - dfd1ace6-5921-4c65-82d6-ac571288ab09: shutdown dfd1ace6-5921-4c65-82d6-ac571288ab09@group-3D059F13AD3A-LeaderElection6
2022-10-11 08:12:53,980 [dfd1ace6-5921-4c65-82d6-ac571288ab09@group-3D059F13AD3A-LeaderElection6] INFO  impl.RoleInfo (RoleInfo.java:updateAndGet(139)) - dfd1ace6-5921-4c65-82d6-ac571288ab09: start dfd1ace6-5921-4c65-82d6-ac571288ab09@group-3D059F13AD3A-FollowerState
2022-10-11 08:12:53,993 [OM StateMachine ApplyTransaction Thread - 0] INFO  bucket.OMBucketCreateRequest (OMBucketCreateRequest.java:validateAndUpdateCache(260)) - created bucket: bucket11984 of layout FILE_SYSTEM_OPTIMIZED in volume: volume56107
2022-10-11 08:12:54,163 [Time-limited test] INFO  ozone.TestOzoneFileSystemWithFSO (TestOzoneFileSystemWithFSO.java:testRenameDirToItsOwnSubDir(317)) - Created dir1 o3fs://bucket11984.volume56107/root/dir1/sub_dir1
2022-10-11 08:12:54,163 [Time-limited test] INFO  ozone.TestOzoneFileSystemWithFSO (TestOzoneFileSystemWithFSO.java:testRenameDirToItsOwnSubDir(320)) - Rename op-> source:o3fs://bucket11984.volume56107/root to destin:o3fs://bucket11984.volume56107/root/dir1/sub_dir1
08:12:54.188 [OM StateMachine ApplyTransaction Thread - 0] ERROR OMAudit - user=runner | ip=127.0.0.1 | op=RENAME_KEY {volume=volume56107, bucket=bucket11984, dataSize=0, replicationType=NONE, replicationFactor=ZERO, srcKey=root, dstKey=root/dir1/sub_dir1} | ret=FAILURE
org.apache.hadoop.ozone.om.exceptions.OMException: Cannot rename a directory to its own subdirectory
	at org.apache.hadoop.ozone.om.request.file.OMFileRequest.verifyToDirIsASubDirOfFromDirectory(OMFileRequest.java:795) ~[ozone-manager-1.3.0-SNAPSHOT.jar:?]
	at org.apache.hadoop.ozone.om.request.key.OMKeyRenameRequestWithFSO.validateAndUpdateCache(OMKeyRenameRequestWithFSO.java:144) ~[ozone-manager-1.3.0-SNAPSHOT.jar:?]
	at org.apache.hadoop.ozone.protocolPB.OzoneManagerRequestHandler.handleWriteRequest(OzoneManagerRequestHandler.java:311) ~[ozone-manager-1.3.0-SNAPSHOT.jar:?]
	at org.apache.hadoop.ozone.om.ratis.OzoneManagerStateMachine.runCommand(OzoneManagerStateMachine.java:529) ~[ozone-manager-1.3.0-SNAPSHOT.jar:?]
	at org.apache.hadoop.ozone.om.ratis.OzoneManagerStateMachine.lambda$1(OzoneManagerStateMachine.java:324) ~[ozone-manager-1.3.0-SNAPSHOT.jar:?]
	at java.util.concurrent.CompletableFuture$AsyncSupply.run(CompletableFuture.java:1604) [?:1.8.0_345]
	at java.util.concurrent.ThreadPoolExecutor.runWorker(ThreadPoolExecutor.java:1149) [?:1.8.0_345]
	at java.util.concurrent.ThreadPoolExecutor$Worker.run(ThreadPoolExecutor.java:624) [?:1.8.0_345]
	at java.lang.Thread.run(Thread.java:750) [?:1.8.0_345]
2022-10-11 08:12:54,201 [OM StateMachine ApplyTransaction Thread - 0] ERROR key.OMKeyRenameRequestWithFSO (OMKeyRenameRequestWithFSO.java:validateAndUpdateCache(234)) - Rename key failed for volume:volume56107 bucket:bucket11984 fromKey:root toKey:root/dir1/sub_dir1. Key: root not found.
2022-10-11 08:12:54,203 [Time-limited test] ERROR ozone.BasicOzoneFileSystem (BasicOzoneFileSystem.java:renameFSO(421)) - rename key failed: Cannot rename a directory to its own subdirectory. Error code: KEY_RENAME_ERROR source:root, destin:root/dir1/sub_dir1
]]></system-out>
  </testcase>
  <testcase name="testRenameDirToItsOwnSubDir" classname="TestOzoneFileSystemWithFSO" time="58.423">
    <system-out><![CDATA[2022-10-11 08:13:23,417 [Listener at 127.0.0.1/39113] INFO  ozone.MiniOzoneClusterImpl (MiniOzoneClusterImpl.java:shutdown(448)) - Shutting down the Mini Ozone Cluster
2022-10-11 08:13:23,418 [Listener at 127.0.0.1/39113] INFO  ozone.MiniOzoneClusterImpl (MiniOzoneClusterImpl.java:stop(463)) - Stopping the Mini Ozone Cluster
2022-10-11 08:13:23,418 [Listener at 127.0.0.1/39113] INFO  ozone.MiniOzoneClusterImpl (MiniOzoneClusterImpl.java:stopOM(545)) - Stopping the OzoneManager
2022-10-11 08:13:23,418 [Listener at 127.0.0.1/39113] INFO  om.OzoneManager (OzoneManager.java:stop(2038)) - om1[localhost:0]: Stopping Ozone Manager
2022-10-11 08:13:23,420 [Listener at 127.0.0.1/39113] INFO  ipc.Server (Server.java:stop(3414)) - Stopping server on 39113
2022-10-11 08:13:23,433 [IPC Server Responder] INFO  ipc.Server (Server.java:run(1512)) - Stopping IPC Server Responder
2022-10-11 08:13:23,433 [Listener at 127.0.0.1/39113] INFO  server.RaftServer (RaftServerProxy.java:lambda$close$7(398)) - om1: close
2022-10-11 08:13:23,436 [Listener at 127.0.0.1/39113] INFO  server.RaftServer$Division (RaftServerImpl.java:lambda$close$4(434)) - om1@group-C5BA1605619E: shutdown
2022-10-11 08:13:23,436 [Listener at 127.0.0.1/39113] INFO  util.JmxRegister (JmxRegister.java:unregister(73)) - Successfully un-registered JMX Bean with object name Ratis:service=RaftServer,group=group-C5BA1605619E,id=om1
2022-10-11 08:13:23,436 [Listener at 127.0.0.1/39113] INFO  impl.RoleInfo (RoleInfo.java:shutdownLeaderState(93)) - om1: shutdown om1@group-C5BA1605619E-LeaderStateImpl
2022-10-11 08:13:23,436 [Listener at 127.0.0.1/39113] INFO  impl.PendingRequests (PendingRequests.java:sendNotLeaderResponses(282)) - om1@group-C5BA1605619E-PendingRequests: sendNotLeaderResponses
2022-10-11 08:13:23,433 [IPC Server listener on 0] INFO  ipc.Server (Server.java:run(1376)) - Stopping IPC Server listener on 0
2022-10-11 08:13:23,439 [Listener at 127.0.0.1/39113] INFO  impl.StateMachineUpdater (StateMachineUpdater.java:stopAndJoin(153)) - om1@group-C5BA1605619E-StateMachineUpdater: set stopIndex = 30272
2022-10-11 08:13:23,440 [om1@group-C5BA1605619E-StateMachineUpdater] INFO  ratis.OzoneManagerStateMachine (OzoneManagerStateMachine.java:takeSnapshot(441)) - Current Snapshot Index (t:1, i:30272)
2022-10-11 08:13:23,441 [om1@group-C5BA1605619E-StateMachineUpdater] INFO  impl.StateMachineUpdater (StateMachineUpdater.java:takeSnapshot(287)) - om1@group-C5BA1605619E-StateMachineUpdater: Took a snapshot at index 30272
2022-10-11 08:13:23,441 [om1@group-C5BA1605619E-StateMachineUpdater] INFO  impl.StateMachineUpdater (StateMachineUpdater.java:lambda$new$0(92)) - om1@group-C5BA1605619E-StateMachineUpdater: snapshotIndex: updateIncreasingly -1 -> 30272
2022-10-11 08:13:23,442 [om1@group-C5BA1605619E-StateMachineUpdater] INFO  ratis.OzoneManagerStateMachine (OzoneManagerStateMachine.java:close(495)) - StateMachine has shutdown. Shutdown OzoneManager if not already shutdown.
2022-10-11 08:13:23,442 [om1@group-C5BA1605619E-StateMachineUpdater] INFO  ratis.OzoneManagerDoubleBuffer (OzoneManagerDoubleBuffer.java:stop(466)) - Stopping OMDoubleBuffer flush thread
2022-10-11 08:13:23,442 [OMDoubleBufferFlushThread] INFO  ratis.OzoneManagerDoubleBuffer (OzoneManagerDoubleBuffer.java:flushTransactions(385)) - OMDoubleBuffer flush thread OMDoubleBufferFlushThread is interrupted and will exit.
2022-10-11 08:13:23,443 [Listener at 127.0.0.1/39113] INFO  server.RaftServer$Division (ServerState.java:close(429)) - om1@group-C5BA1605619E: closes. applyIndex: 30272
2022-10-11 08:13:23,452 [om1@group-C5BA1605619E-SegmentedRaftLogWorker] INFO  segmented.SegmentedRaftLogWorker (SegmentedRaftLogWorker.java:run(336)) - om1@group-C5BA1605619E-SegmentedRaftLogWorker was interrupted, exiting. There are 0 tasks remaining in the queue.
2022-10-11 08:13:23,453 [Listener at 127.0.0.1/39113] INFO  segmented.SegmentedRaftLogWorker (SegmentedRaftLogWorker.java:close(246)) - om1@group-C5BA1605619E-SegmentedRaftLogWorker close()
2022-10-11 08:13:23,455 [Listener at 127.0.0.1/39113] INFO  server.GrpcService (GrpcService.java:closeImpl(269)) - om1: shutdown server with port 9872 now
2022-10-11 08:13:23,464 [Listener at 127.0.0.1/39113] INFO  server.GrpcService (GrpcService.java:closeImpl(278)) - om1: shutdown server with port 9872 successfully
2022-10-11 08:13:23,464 [org.apache.ratis.util.JvmPauseMonitor$$Lambda$637/2131033858@7f5435ab] INFO  util.JvmPauseMonitor (JvmPauseMonitor.java:run(109)) - JvmPauseMonitor-om1: Stopped
2022-10-11 08:13:23,465 [Listener at 127.0.0.1/39113] INFO  ratis.OzoneManagerStateMachine (OzoneManagerStateMachine.java:close(495)) - StateMachine has shutdown. Shutdown OzoneManager if not already shutdown.
2022-10-11 08:13:23,465 [Listener at 127.0.0.1/39113] INFO  ratis.OzoneManagerDoubleBuffer (OzoneManagerDoubleBuffer.java:stop(478)) - OMDoubleBuffer flush thread is not running.
2022-10-11 08:13:23,465 [Listener at 127.0.0.1/39113] INFO  utils.BackgroundService (BackgroundService.java:shutdown(141)) - Shutting down service KeyDeletingService
2022-10-11 08:13:23,465 [Listener at 127.0.0.1/39113] INFO  utils.BackgroundService (BackgroundService.java:shutdown(141)) - Shutting down service DirectoryDeletingService
2022-10-11 08:13:23,465 [Listener at 127.0.0.1/39113] INFO  utils.BackgroundService (BackgroundService.java:shutdown(141)) - Shutting down service OpenKeyCleanupService
2022-10-11 08:13:23,468 [Listener at 127.0.0.1/39113] INFO  handler.ContextHandler (ContextHandler.java:doStop(1153)) - Stopped o.e.j.w.WebAppContext@3f126927{ozoneManager,/,null,STOPPED}{file:/home/runner/work/ozone/ozone/hadoop-ozone/integration-test/target/test-classes/webapps/ozoneManager}
2022-10-11 08:13:23,471 [Listener at 127.0.0.1/39113] INFO  server.AbstractConnector (AbstractConnector.java:doStop(381)) - Stopped ServerConnector@3e91384d{HTTP/1.1, (http/1.1)}{0.0.0.0:0}
2022-10-11 08:13:23,472 [Listener at 127.0.0.1/39113] INFO  server.session (HouseKeeper.java:stopScavenging(149)) - node0 Stopped scavenging
2022-10-11 08:13:23,472 [Listener at 127.0.0.1/39113] INFO  handler.ContextHandler (ContextHandler.java:doStop(1153)) - Stopped o.e.j.s.ServletContextHandler@6195f18e{static,/static,file:///home/runner/work/ozone/ozone/hadoop-ozone/integration-test/target/test-classes/webapps/static,STOPPED}
2022-10-11 08:13:23,472 [Listener at 127.0.0.1/39113] INFO  handler.ContextHandler (ContextHandler.java:doStop(1153)) - Stopped o.e.j.s.ServletContextHandler@c6ca1{logs,/logs,file:///home/runner/work/ozone/ozone/hadoop-ozone/integration-test/target/log,STOPPED}
2022-10-11 08:13:23,476 [Trash Emptier] ERROR om.TrashPolicyOzone (TrashPolicyOzone.java:run(251)) - Error attempting to shutdown
java.lang.InterruptedException
	at java.util.concurrent.locks.AbstractQueuedSynchronizer$ConditionObject.awaitNanos(AbstractQueuedSynchronizer.java:2072)
	at java.util.concurrent.ThreadPoolExecutor.awaitTermination(ThreadPoolExecutor.java:1475)
	at org.apache.hadoop.ozone.om.TrashPolicyOzone$Emptier.run(TrashPolicyOzone.java:249)
	at java.lang.Thread.run(Thread.java:750)
2022-10-11 08:13:23,482 [Listener at 127.0.0.1/39113] INFO  ozone.MiniOzoneClusterImpl (MiniOzoneClusterImpl.java:stopDatanodes(522)) - Stopping the HddsDatanodes
2022-10-11 08:13:28,486 [Listener at 127.0.0.1/39113] INFO  ozoneimpl.OzoneContainer (OzoneContainer.java:stop(400)) - Attempting to stop container services.
2022-10-11 08:13:28,486 [ForkJoinPool.commonPool-worker-1] INFO  ozoneimpl.OzoneContainer (OzoneContainer.java:stop(400)) - Attempting to stop container services.
2022-10-11 08:13:28,491 [ForkJoinPool.commonPool-worker-1] INFO  server.RaftServer (RaftServerProxy.java:lambda$close$7(398)) - 14b70a86-5100-4ed6-950c-f7248b89b6df: close
2022-10-11 08:13:28,491 [ForkJoinPool.commonPool-worker-1] INFO  server.RaftServer$Division (RaftServerImpl.java:lambda$close$4(434)) - 14b70a86-5100-4ed6-950c-f7248b89b6df@group-0A189321CDCB: shutdown
2022-10-11 08:13:28,491 [ForkJoinPool.commonPool-worker-1] INFO  util.JmxRegister (JmxRegister.java:unregister(73)) - Successfully un-registered JMX Bean with object name Ratis:service=RaftServer,group=group-0A189321CDCB,id=14b70a86-5100-4ed6-950c-f7248b89b6df
2022-10-11 08:13:28,491 [ForkJoinPool.commonPool-worker-1] INFO  impl.RoleInfo (RoleInfo.java:shutdownLeaderState(93)) - 14b70a86-5100-4ed6-950c-f7248b89b6df: shutdown 14b70a86-5100-4ed6-950c-f7248b89b6df@group-0A189321CDCB-LeaderStateImpl
2022-10-11 08:13:28,491 [ForkJoinPool.commonPool-worker-1] INFO  impl.PendingRequests (PendingRequests.java:sendNotLeaderResponses(282)) - 14b70a86-5100-4ed6-950c-f7248b89b6df@group-0A189321CDCB-PendingRequests: sendNotLeaderResponses
2022-10-11 08:13:28,492 [Listener at 127.0.0.1/39113] INFO  server.RaftServer (RaftServerProxy.java:lambda$close$7(398)) - c63b842e-4a18-4309-8e5f-a8e0aaa5a343: close
2022-10-11 08:13:28,492 [Listener at 127.0.0.1/39113] INFO  server.RaftServer$Division (RaftServerImpl.java:lambda$close$4(434)) - c63b842e-4a18-4309-8e5f-a8e0aaa5a343@group-3D059F13AD3A: shutdown
2022-10-11 08:13:28,493 [Listener at 127.0.0.1/39113] INFO  util.JmxRegister (JmxRegister.java:unregister(73)) - Successfully un-registered JMX Bean with object name Ratis:service=RaftServer,group=group-3D059F13AD3A,id=c63b842e-4a18-4309-8e5f-a8e0aaa5a343
2022-10-11 08:13:28,493 [Listener at 127.0.0.1/39113] INFO  impl.RoleInfo (RoleInfo.java:shutdownFollowerState(110)) - c63b842e-4a18-4309-8e5f-a8e0aaa5a343: shutdown c63b842e-4a18-4309-8e5f-a8e0aaa5a343@group-3D059F13AD3A-FollowerState
2022-10-11 08:13:28,493 [14b70a86-5100-4ed6-950c-f7248b89b6df@group-0A189321CDCB-StateMachineUpdater] INFO  ratis.ContainerStateMachine (ContainerStateMachine.java:takeSnapshot(304)) - group-0A189321CDCB: Taking a snapshot at:(t:1, i:0) file /home/runner/work/ozone/ozone/hadoop-ozone/integration-test/target/test-dir/MiniOzoneClusterImpl-a7be04a2-0db3-4748-8f74-6a3cfa6a7101/datanode-1/data/ratis/a89f97f6-99a9-4efd-999d-0a189321cdcb/sm/snapshot.1_0
2022-10-11 08:13:28,493 [Listener at 127.0.0.1/39113] INFO  impl.StateMachineUpdater (StateMachineUpdater.java:stopAndJoin(153)) - c63b842e-4a18-4309-8e5f-a8e0aaa5a343@group-3D059F13AD3A-StateMachineUpdater: set stopIndex = 0
2022-10-11 08:13:28,498 [c63b842e-4a18-4309-8e5f-a8e0aaa5a343@group-3D059F13AD3A-StateMachineUpdater] INFO  ratis.ContainerStateMachine (ContainerStateMachine.java:takeSnapshot(304)) - group-3D059F13AD3A: Taking a snapshot at:(t:2, i:0) file /home/runner/work/ozone/ozone/hadoop-ozone/integration-test/target/test-dir/MiniOzoneClusterImpl-a7be04a2-0db3-4748-8f74-6a3cfa6a7101/datanode-2/data/ratis/913e9ab8-67ae-4511-b6d0-3d059f13ad3a/sm/snapshot.2_0
2022-10-11 08:13:28,493 [ForkJoinPool.commonPool-worker-1] INFO  impl.StateMachineUpdater (StateMachineUpdater.java:stopAndJoin(153)) - 14b70a86-5100-4ed6-950c-f7248b89b6df@group-0A189321CDCB-StateMachineUpdater: set stopIndex = 0
2022-10-11 08:13:28,493 [c63b842e-4a18-4309-8e5f-a8e0aaa5a343@group-3D059F13AD3A-FollowerState] INFO  impl.FollowerState (FollowerState.java:run(152)) - c63b842e-4a18-4309-8e5f-a8e0aaa5a343@group-3D059F13AD3A-FollowerState was interrupted
2022-10-11 08:13:28,530 [c63b842e-4a18-4309-8e5f-a8e0aaa5a343@group-3D059F13AD3A-StateMachineUpdater] INFO  ratis.ContainerStateMachine (ContainerStateMachine.java:takeSnapshot(315)) - group-3D059F13AD3A: Finished taking a snapshot at:(t:2, i:0) file:/home/runner/work/ozone/ozone/hadoop-ozone/integration-test/target/test-dir/MiniOzoneClusterImpl-a7be04a2-0db3-4748-8f74-6a3cfa6a7101/datanode-2/data/ratis/913e9ab8-67ae-4511-b6d0-3d059f13ad3a/sm/snapshot.2_0 took: 32 ms
2022-10-11 08:13:28,530 [14b70a86-5100-4ed6-950c-f7248b89b6df@group-0A189321CDCB-StateMachineUpdater] INFO  ratis.ContainerStateMachine (ContainerStateMachine.java:takeSnapshot(315)) - group-0A189321CDCB: Finished taking a snapshot at:(t:1, i:0) file:/home/runner/work/ozone/ozone/hadoop-ozone/integration-test/target/test-dir/MiniOzoneClusterImpl-a7be04a2-0db3-4748-8f74-6a3cfa6a7101/datanode-1/data/ratis/a89f97f6-99a9-4efd-999d-0a189321cdcb/sm/snapshot.1_0 took: 37 ms
2022-10-11 08:13:28,531 [14b70a86-5100-4ed6-950c-f7248b89b6df@group-0A189321CDCB-StateMachineUpdater] INFO  impl.StateMachineUpdater (StateMachineUpdater.java:takeSnapshot(287)) - 14b70a86-5100-4ed6-950c-f7248b89b6df@group-0A189321CDCB-StateMachineUpdater: Took a snapshot at index 0
2022-10-11 08:13:28,531 [14b70a86-5100-4ed6-950c-f7248b89b6df@group-0A189321CDCB-StateMachineUpdater] INFO  impl.StateMachineUpdater (StateMachineUpdater.java:lambda$new$0(92)) - 14b70a86-5100-4ed6-950c-f7248b89b6df@group-0A189321CDCB-StateMachineUpdater: snapshotIndex: updateIncreasingly -1 -> 0
2022-10-11 08:13:28,531 [c63b842e-4a18-4309-8e5f-a8e0aaa5a343@group-3D059F13AD3A-StateMachineUpdater] INFO  impl.StateMachineUpdater (StateMachineUpdater.java:takeSnapshot(287)) - c63b842e-4a18-4309-8e5f-a8e0aaa5a343@group-3D059F13AD3A-StateMachineUpdater: Took a snapshot at index 0
2022-10-11 08:13:28,532 [c63b842e-4a18-4309-8e5f-a8e0aaa5a343@group-3D059F13AD3A-StateMachineUpdater] INFO  impl.StateMachineUpdater (StateMachineUpdater.java:lambda$new$0(92)) - c63b842e-4a18-4309-8e5f-a8e0aaa5a343@group-3D059F13AD3A-StateMachineUpdater: snapshotIndex: updateIncreasingly -1 -> 0
2022-10-11 08:13:28,537 [ForkJoinPool.commonPool-worker-1] INFO  server.RaftServer$Division (ServerState.java:close(429)) - 14b70a86-5100-4ed6-950c-f7248b89b6df@group-0A189321CDCB: closes. applyIndex: 0
2022-10-11 08:13:28,537 [14b70a86-5100-4ed6-950c-f7248b89b6df@group-0A189321CDCB-SegmentedRaftLogWorker] INFO  segmented.SegmentedRaftLogWorker (SegmentedRaftLogWorker.java:run(336)) - 14b70a86-5100-4ed6-950c-f7248b89b6df@group-0A189321CDCB-SegmentedRaftLogWorker was interrupted, exiting. There are 0 tasks remaining in the queue.
2022-10-11 08:13:28,538 [ForkJoinPool.commonPool-worker-1] INFO  segmented.SegmentedRaftLogWorker (SegmentedRaftLogWorker.java:close(246)) - 14b70a86-5100-4ed6-950c-f7248b89b6df@group-0A189321CDCB-SegmentedRaftLogWorker close()
2022-10-11 08:13:28,539 [ForkJoinPool.commonPool-worker-1] INFO  server.RaftServer$Division (RaftServerImpl.java:lambda$close$4(434)) - 14b70a86-5100-4ed6-950c-f7248b89b6df@group-3D059F13AD3A: shutdown
2022-10-11 08:13:28,539 [ForkJoinPool.commonPool-worker-1] INFO  util.JmxRegister (JmxRegister.java:unregister(73)) - Successfully un-registered JMX Bean with object name Ratis:service=RaftServer,group=group-3D059F13AD3A,id=14b70a86-5100-4ed6-950c-f7248b89b6df
2022-10-11 08:13:28,539 [ForkJoinPool.commonPool-worker-1] INFO  impl.RoleInfo (RoleInfo.java:shutdownLeaderState(93)) - 14b70a86-5100-4ed6-950c-f7248b89b6df: shutdown 14b70a86-5100-4ed6-950c-f7248b89b6df@group-3D059F13AD3A-LeaderStateImpl
2022-10-11 08:13:28,539 [ForkJoinPool.commonPool-worker-1] INFO  impl.PendingRequests (PendingRequests.java:sendNotLeaderResponses(282)) - 14b70a86-5100-4ed6-950c-f7248b89b6df@group-3D059F13AD3A-PendingRequests: sendNotLeaderResponses
2022-10-11 08:13:28,539 [14b70a86-5100-4ed6-950c-f7248b89b6df@group-3D059F13AD3A->dfd1ace6-5921-4c65-82d6-ac571288ab09-GrpcLogAppender-LogAppenderDaemon] WARN  server.GrpcLogAppender (GrpcLogAppender.java:mayWait(171)) - 14b70a86-5100-4ed6-950c-f7248b89b6df@group-3D059F13AD3A->dfd1ace6-5921-4c65-82d6-ac571288ab09-GrpcLogAppender: Wait interrupted by java.lang.InterruptedException
2022-10-11 08:13:28,539 [ForkJoinPool.commonPool-worker-1] INFO  impl.StateMachineUpdater (StateMachineUpdater.java:stopAndJoin(153)) - 14b70a86-5100-4ed6-950c-f7248b89b6df@group-3D059F13AD3A-StateMachineUpdater: set stopIndex = 0
2022-10-11 08:13:28,540 [14b70a86-5100-4ed6-950c-f7248b89b6df@group-3D059F13AD3A-StateMachineUpdater] INFO  ratis.ContainerStateMachine (ContainerStateMachine.java:takeSnapshot(304)) - group-3D059F13AD3A: Taking a snapshot at:(t:2, i:0) file /home/runner/work/ozone/ozone/hadoop-ozone/integration-test/target/test-dir/MiniOzoneClusterImpl-a7be04a2-0db3-4748-8f74-6a3cfa6a7101/datanode-1/data/ratis/913e9ab8-67ae-4511-b6d0-3d059f13ad3a/sm/snapshot.2_0
2022-10-11 08:13:28,540 [14b70a86-5100-4ed6-950c-f7248b89b6df@group-3D059F13AD3A->c63b842e-4a18-4309-8e5f-a8e0aaa5a343-GrpcLogAppender-LogAppenderDaemon] WARN  server.GrpcLogAppender (GrpcLogAppender.java:mayWait(171)) - 14b70a86-5100-4ed6-950c-f7248b89b6df@group-3D059F13AD3A->c63b842e-4a18-4309-8e5f-a8e0aaa5a343-GrpcLogAppender: Wait interrupted by java.lang.InterruptedException
2022-10-11 08:13:28,543 [grpc-default-executor-3] INFO  server.GrpcServerProtocolService (GrpcServerProtocolService.java:onCompleted(140)) - dfd1ace6-5921-4c65-82d6-ac571288ab09: Completed APPEND_ENTRIES, lastRequest: 14b70a86-5100-4ed6-950c-f7248b89b6df->dfd1ace6-5921-4c65-82d6-ac571288ab09#1-t2,previous=(t:0, i:0),leaderCommit=-1,initializing? true,entries: size=1, first=(t:2, i:0), CONFIGURATIONENTRY
2022-10-11 08:13:28,542 [14b70a86-5100-4ed6-950c-f7248b89b6df@group-3D059F13AD3A-StateMachineUpdater] INFO  ratis.ContainerStateMachine (ContainerStateMachine.java:takeSnapshot(315)) - group-3D059F13AD3A: Finished taking a snapshot at:(t:2, i:0) file:/home/runner/work/ozone/ozone/hadoop-ozone/integration-test/target/test-dir/MiniOzoneClusterImpl-a7be04a2-0db3-4748-8f74-6a3cfa6a7101/datanode-1/data/ratis/913e9ab8-67ae-4511-b6d0-3d059f13ad3a/sm/snapshot.2_0 took: 2 ms
2022-10-11 08:13:28,543 [14b70a86-5100-4ed6-950c-f7248b89b6df@group-3D059F13AD3A-StateMachineUpdater] INFO  impl.StateMachineUpdater (StateMachineUpdater.java:takeSnapshot(287)) - 14b70a86-5100-4ed6-950c-f7248b89b6df@group-3D059F13AD3A-StateMachineUpdater: Took a snapshot at index 0
2022-10-11 08:13:28,543 [14b70a86-5100-4ed6-950c-f7248b89b6df@group-3D059F13AD3A-StateMachineUpdater] INFO  impl.StateMachineUpdater (StateMachineUpdater.java:lambda$new$0(92)) - 14b70a86-5100-4ed6-950c-f7248b89b6df@group-3D059F13AD3A-StateMachineUpdater: snapshotIndex: updateIncreasingly -1 -> 0
2022-10-11 08:13:28,544 [grpc-default-executor-4] INFO  server.GrpcLogAppender (GrpcLogAppender.java:onCompleted(339)) - 14b70a86-5100-4ed6-950c-f7248b89b6df@group-3D059F13AD3A->dfd1ace6-5921-4c65-82d6-ac571288ab09-AppendLogResponseHandler: follower responses appendEntries COMPLETED
2022-10-11 08:13:28,544 [ForkJoinPool.commonPool-worker-1] INFO  server.RaftServer$Division (ServerState.java:close(429)) - 14b70a86-5100-4ed6-950c-f7248b89b6df@group-3D059F13AD3A: closes. applyIndex: 0
2022-10-11 08:13:28,544 [14b70a86-5100-4ed6-950c-f7248b89b6df@group-3D059F13AD3A-SegmentedRaftLogWorker] INFO  segmented.SegmentedRaftLogWorker (SegmentedRaftLogWorker.java:run(336)) - 14b70a86-5100-4ed6-950c-f7248b89b6df@group-3D059F13AD3A-SegmentedRaftLogWorker was interrupted, exiting. There are 0 tasks remaining in the queue.
2022-10-11 08:13:28,546 [grpc-default-executor-4] INFO  leader.FollowerInfo (FollowerInfoImpl.java:lambda$new$0(48)) - 14b70a86-5100-4ed6-950c-f7248b89b6df@group-3D059F13AD3A->dfd1ace6-5921-4c65-82d6-ac571288ab09: nextIndex: updateUnconditionally 1 -> 0
2022-10-11 08:13:28,547 [Listener at 127.0.0.1/39113] INFO  server.RaftServer$Division (ServerState.java:close(429)) - c63b842e-4a18-4309-8e5f-a8e0aaa5a343@group-3D059F13AD3A: closes. applyIndex: 0
2022-10-11 08:13:28,547 [c63b842e-4a18-4309-8e5f-a8e0aaa5a343@group-3D059F13AD3A-SegmentedRaftLogWorker] INFO  segmented.SegmentedRaftLogWorker (SegmentedRaftLogWorker.java:run(336)) - c63b842e-4a18-4309-8e5f-a8e0aaa5a343@group-3D059F13AD3A-SegmentedRaftLogWorker was interrupted, exiting. There are 0 tasks remaining in the queue.
2022-10-11 08:13:28,544 [grpc-default-executor-2] INFO  server.GrpcServerProtocolService (GrpcServerProtocolService.java:onCompleted(140)) - c63b842e-4a18-4309-8e5f-a8e0aaa5a343: Completed APPEND_ENTRIES, lastRequest: 14b70a86-5100-4ed6-950c-f7248b89b6df->c63b842e-4a18-4309-8e5f-a8e0aaa5a343#1-t2,previous=(t:0, i:0),leaderCommit=-1,initializing? true,entries: size=1, first=(t:2, i:0), CONFIGURATIONENTRY
2022-10-11 08:13:28,549 [Listener at 127.0.0.1/39113] INFO  segmented.SegmentedRaftLogWorker (SegmentedRaftLogWorker.java:close(246)) - c63b842e-4a18-4309-8e5f-a8e0aaa5a343@group-3D059F13AD3A-SegmentedRaftLogWorker close()
2022-10-11 08:13:28,549 [ForkJoinPool.commonPool-worker-1] INFO  segmented.SegmentedRaftLogWorker (SegmentedRaftLogWorker.java:close(246)) - 14b70a86-5100-4ed6-950c-f7248b89b6df@group-3D059F13AD3A-SegmentedRaftLogWorker close()
2022-10-11 08:13:28,551 [Listener at 127.0.0.1/39113] INFO  server.RaftServer$Division (RaftServerImpl.java:lambda$close$4(434)) - c63b842e-4a18-4309-8e5f-a8e0aaa5a343@group-491BDFF80810: shutdown
2022-10-11 08:13:28,552 [Listener at 127.0.0.1/39113] INFO  util.JmxRegister (JmxRegister.java:unregister(73)) - Successfully un-registered JMX Bean with object name Ratis:service=RaftServer,group=group-491BDFF80810,id=c63b842e-4a18-4309-8e5f-a8e0aaa5a343
2022-10-11 08:13:28,552 [Listener at 127.0.0.1/39113] INFO  impl.RoleInfo (RoleInfo.java:shutdownLeaderState(93)) - c63b842e-4a18-4309-8e5f-a8e0aaa5a343: shutdown c63b842e-4a18-4309-8e5f-a8e0aaa5a343@group-491BDFF80810-LeaderStateImpl
2022-10-11 08:13:28,552 [grpc-default-executor-3] INFO  server.GrpcLogAppender (GrpcLogAppender.java:onCompleted(339)) - 14b70a86-5100-4ed6-950c-f7248b89b6df@group-3D059F13AD3A->c63b842e-4a18-4309-8e5f-a8e0aaa5a343-AppendLogResponseHandler: follower responses appendEntries COMPLETED
2022-10-11 08:13:28,552 [ForkJoinPool.commonPool-worker-1] INFO  server.RaftServer$Division (RaftServerImpl.java:lambda$close$4(434)) - 14b70a86-5100-4ed6-950c-f7248b89b6df@group-7922759BA704: shutdown
2022-10-11 08:13:28,552 [ForkJoinPool.commonPool-worker-1] INFO  util.JmxRegister (JmxRegister.java:unregister(73)) - Successfully un-registered JMX Bean with object name Ratis:service=RaftServer,group=group-7922759BA704,id=14b70a86-5100-4ed6-950c-f7248b89b6df
2022-10-11 08:13:28,552 [ForkJoinPool.commonPool-worker-1] INFO  impl.RoleInfo (RoleInfo.java:shutdownFollowerState(110)) - 14b70a86-5100-4ed6-950c-f7248b89b6df: shutdown 14b70a86-5100-4ed6-950c-f7248b89b6df@group-7922759BA704-FollowerState
2022-10-11 08:13:28,553 [ForkJoinPool.commonPool-worker-1] INFO  impl.StateMachineUpdater (StateMachineUpdater.java:stopAndJoin(153)) - 14b70a86-5100-4ed6-950c-f7248b89b6df@group-7922759BA704-StateMachineUpdater: set stopIndex = 30
2022-10-11 08:13:28,553 [14b70a86-5100-4ed6-950c-f7248b89b6df@group-7922759BA704-FollowerState] INFO  impl.FollowerState (FollowerState.java:run(152)) - 14b70a86-5100-4ed6-950c-f7248b89b6df@group-7922759BA704-FollowerState was interrupted
2022-10-11 08:13:28,553 [14b70a86-5100-4ed6-950c-f7248b89b6df@group-7922759BA704-StateMachineUpdater] INFO  ratis.ContainerStateMachine (ContainerStateMachine.java:takeSnapshot(304)) - group-7922759BA704: Taking a snapshot at:(t:1, i:30) file /home/runner/work/ozone/ozone/hadoop-ozone/integration-test/target/test-dir/MiniOzoneClusterImpl-a7be04a2-0db3-4748-8f74-6a3cfa6a7101/datanode-1/data/ratis/370728a8-a39a-4d11-a535-7922759ba704/sm/snapshot.1_30
2022-10-11 08:13:28,552 [Listener at 127.0.0.1/39113] INFO  impl.PendingRequests (PendingRequests.java:sendNotLeaderResponses(282)) - c63b842e-4a18-4309-8e5f-a8e0aaa5a343@group-491BDFF80810-PendingRequests: sendNotLeaderResponses
2022-10-11 08:13:28,552 [grpc-default-executor-3] INFO  leader.FollowerInfo (FollowerInfoImpl.java:lambda$new$0(48)) - 14b70a86-5100-4ed6-950c-f7248b89b6df@group-3D059F13AD3A->c63b842e-4a18-4309-8e5f-a8e0aaa5a343: nextIndex: updateUnconditionally 1 -> 0
2022-10-11 08:13:28,557 [Listener at 127.0.0.1/39113] INFO  impl.StateMachineUpdater (StateMachineUpdater.java:stopAndJoin(153)) - c63b842e-4a18-4309-8e5f-a8e0aaa5a343@group-491BDFF80810-StateMachineUpdater: set stopIndex = 0
2022-10-11 08:13:28,557 [c63b842e-4a18-4309-8e5f-a8e0aaa5a343@group-491BDFF80810-StateMachineUpdater] INFO  ratis.ContainerStateMachine (ContainerStateMachine.java:takeSnapshot(304)) - group-491BDFF80810: Taking a snapshot at:(t:1, i:0) file /home/runner/work/ozone/ozone/hadoop-ozone/integration-test/target/test-dir/MiniOzoneClusterImpl-a7be04a2-0db3-4748-8f74-6a3cfa6a7101/datanode-2/data/ratis/e6169ce9-83b0-4826-8a71-491bdff80810/sm/snapshot.1_0
2022-10-11 08:13:28,558 [c63b842e-4a18-4309-8e5f-a8e0aaa5a343@group-491BDFF80810-StateMachineUpdater] INFO  ratis.ContainerStateMachine (ContainerStateMachine.java:takeSnapshot(315)) - group-491BDFF80810: Finished taking a snapshot at:(t:1, i:0) file:/home/runner/work/ozone/ozone/hadoop-ozone/integration-test/target/test-dir/MiniOzoneClusterImpl-a7be04a2-0db3-4748-8f74-6a3cfa6a7101/datanode-2/data/ratis/e6169ce9-83b0-4826-8a71-491bdff80810/sm/snapshot.1_0 took: 1 ms
2022-10-11 08:13:28,559 [c63b842e-4a18-4309-8e5f-a8e0aaa5a343@group-491BDFF80810-StateMachineUpdater] INFO  impl.StateMachineUpdater (StateMachineUpdater.java:takeSnapshot(287)) - c63b842e-4a18-4309-8e5f-a8e0aaa5a343@group-491BDFF80810-StateMachineUpdater: Took a snapshot at index 0
2022-10-11 08:13:28,559 [c63b842e-4a18-4309-8e5f-a8e0aaa5a343@group-491BDFF80810-StateMachineUpdater] INFO  impl.StateMachineUpdater (StateMachineUpdater.java:lambda$new$0(92)) - c63b842e-4a18-4309-8e5f-a8e0aaa5a343@group-491BDFF80810-StateMachineUpdater: snapshotIndex: updateIncreasingly -1 -> 0
2022-10-11 08:13:28,560 [Listener at 127.0.0.1/39113] INFO  server.RaftServer$Division (ServerState.java:close(429)) - c63b842e-4a18-4309-8e5f-a8e0aaa5a343@group-491BDFF80810: closes. applyIndex: 0
2022-10-11 08:13:28,560 [c63b842e-4a18-4309-8e5f-a8e0aaa5a343@group-491BDFF80810-SegmentedRaftLogWorker] INFO  segmented.SegmentedRaftLogWorker (SegmentedRaftLogWorker.java:run(336)) - c63b842e-4a18-4309-8e5f-a8e0aaa5a343@group-491BDFF80810-SegmentedRaftLogWorker was interrupted, exiting. There are 0 tasks remaining in the queue.
2022-10-11 08:13:28,560 [Listener at 127.0.0.1/39113] INFO  segmented.SegmentedRaftLogWorker (SegmentedRaftLogWorker.java:close(246)) - c63b842e-4a18-4309-8e5f-a8e0aaa5a343@group-491BDFF80810-SegmentedRaftLogWorker close()
2022-10-11 08:13:28,561 [Listener at 127.0.0.1/39113] INFO  server.RaftServer$Division (RaftServerImpl.java:lambda$close$4(434)) - c63b842e-4a18-4309-8e5f-a8e0aaa5a343@group-7922759BA704: shutdown
2022-10-11 08:13:28,561 [Listener at 127.0.0.1/39113] INFO  util.JmxRegister (JmxRegister.java:unregister(73)) - Successfully un-registered JMX Bean with object name Ratis:service=RaftServer,group=group-7922759BA704,id=c63b842e-4a18-4309-8e5f-a8e0aaa5a343
2022-10-11 08:13:28,561 [Listener at 127.0.0.1/39113] INFO  impl.RoleInfo (RoleInfo.java:shutdownFollowerState(110)) - c63b842e-4a18-4309-8e5f-a8e0aaa5a343: shutdown c63b842e-4a18-4309-8e5f-a8e0aaa5a343@group-7922759BA704-FollowerState
2022-10-11 08:13:28,561 [c63b842e-4a18-4309-8e5f-a8e0aaa5a343@group-7922759BA704-FollowerState] INFO  impl.FollowerState (FollowerState.java:run(152)) - c63b842e-4a18-4309-8e5f-a8e0aaa5a343@group-7922759BA704-FollowerState was interrupted
2022-10-11 08:13:28,561 [c63b842e-4a18-4309-8e5f-a8e0aaa5a343@group-7922759BA704-StateMachineUpdater] INFO  ratis.ContainerStateMachine (ContainerStateMachine.java:takeSnapshot(304)) - group-7922759BA704: Taking a snapshot at:(t:1, i:30) file /home/runner/work/ozone/ozone/hadoop-ozone/integration-test/target/test-dir/MiniOzoneClusterImpl-a7be04a2-0db3-4748-8f74-6a3cfa6a7101/datanode-2/data/ratis/370728a8-a39a-4d11-a535-7922759ba704/sm/snapshot.1_30
2022-10-11 08:13:28,562 [Listener at 127.0.0.1/39113] INFO  impl.StateMachineUpdater (StateMachineUpdater.java:stopAndJoin(153)) - c63b842e-4a18-4309-8e5f-a8e0aaa5a343@group-7922759BA704-StateMachineUpdater: set stopIndex = 30
2022-10-11 08:13:28,562 [14b70a86-5100-4ed6-950c-f7248b89b6df@group-7922759BA704-StateMachineUpdater] INFO  ratis.ContainerStateMachine (ContainerStateMachine.java:takeSnapshot(315)) - group-7922759BA704: Finished taking a snapshot at:(t:1, i:30) file:/home/runner/work/ozone/ozone/hadoop-ozone/integration-test/target/test-dir/MiniOzoneClusterImpl-a7be04a2-0db3-4748-8f74-6a3cfa6a7101/datanode-1/data/ratis/370728a8-a39a-4d11-a535-7922759ba704/sm/snapshot.1_30 took: 9 ms
2022-10-11 08:13:28,562 [14b70a86-5100-4ed6-950c-f7248b89b6df@group-7922759BA704-StateMachineUpdater] INFO  impl.StateMachineUpdater (StateMachineUpdater.java:takeSnapshot(287)) - 14b70a86-5100-4ed6-950c-f7248b89b6df@group-7922759BA704-StateMachineUpdater: Took a snapshot at index 30
2022-10-11 08:13:28,563 [14b70a86-5100-4ed6-950c-f7248b89b6df@group-7922759BA704-StateMachineUpdater] INFO  impl.StateMachineUpdater (StateMachineUpdater.java:lambda$new$0(92)) - 14b70a86-5100-4ed6-950c-f7248b89b6df@group-7922759BA704-StateMachineUpdater: snapshotIndex: updateIncreasingly -1 -> 30
2022-10-11 08:13:28,565 [ForkJoinPool.commonPool-worker-1] INFO  server.RaftServer$Division (ServerState.java:close(429)) - 14b70a86-5100-4ed6-950c-f7248b89b6df@group-7922759BA704: closes. applyIndex: 30
2022-10-11 08:13:28,565 [14b70a86-5100-4ed6-950c-f7248b89b6df@group-7922759BA704-SegmentedRaftLogWorker] INFO  segmented.SegmentedRaftLogWorker (SegmentedRaftLogWorker.java:run(336)) - 14b70a86-5100-4ed6-950c-f7248b89b6df@group-7922759BA704-SegmentedRaftLogWorker was interrupted, exiting. There are 0 tasks remaining in the queue.
2022-10-11 08:13:28,565 [ForkJoinPool.commonPool-worker-1] INFO  segmented.SegmentedRaftLogWorker (SegmentedRaftLogWorker.java:close(246)) - 14b70a86-5100-4ed6-950c-f7248b89b6df@group-7922759BA704-SegmentedRaftLogWorker close()
2022-10-11 08:13:28,565 [c63b842e-4a18-4309-8e5f-a8e0aaa5a343@group-7922759BA704-StateMachineUpdater] INFO  ratis.ContainerStateMachine (ContainerStateMachine.java:takeSnapshot(315)) - group-7922759BA704: Finished taking a snapshot at:(t:1, i:30) file:/home/runner/work/ozone/ozone/hadoop-ozone/integration-test/target/test-dir/MiniOzoneClusterImpl-a7be04a2-0db3-4748-8f74-6a3cfa6a7101/datanode-2/data/ratis/370728a8-a39a-4d11-a535-7922759ba704/sm/snapshot.1_30 took: 4 ms
2022-10-11 08:13:28,566 [c63b842e-4a18-4309-8e5f-a8e0aaa5a343@group-7922759BA704-StateMachineUpdater] INFO  impl.StateMachineUpdater (StateMachineUpdater.java:takeSnapshot(287)) - c63b842e-4a18-4309-8e5f-a8e0aaa5a343@group-7922759BA704-StateMachineUpdater: Took a snapshot at index 30
2022-10-11 08:13:28,566 [c63b842e-4a18-4309-8e5f-a8e0aaa5a343@group-7922759BA704-StateMachineUpdater] INFO  impl.StateMachineUpdater (StateMachineUpdater.java:lambda$new$0(92)) - c63b842e-4a18-4309-8e5f-a8e0aaa5a343@group-7922759BA704-StateMachineUpdater: snapshotIndex: updateIncreasingly -1 -> 30
2022-10-11 08:13:28,567 [Listener at 127.0.0.1/39113] INFO  server.RaftServer$Division (ServerState.java:close(429)) - c63b842e-4a18-4309-8e5f-a8e0aaa5a343@group-7922759BA704: closes. applyIndex: 30
2022-10-11 08:13:28,567 [c63b842e-4a18-4309-8e5f-a8e0aaa5a343@group-7922759BA704-SegmentedRaftLogWorker] INFO  segmented.SegmentedRaftLogWorker (SegmentedRaftLogWorker.java:run(336)) - c63b842e-4a18-4309-8e5f-a8e0aaa5a343@group-7922759BA704-SegmentedRaftLogWorker was interrupted, exiting. There are 0 tasks remaining in the queue.
2022-10-11 08:13:28,568 [Listener at 127.0.0.1/39113] INFO  segmented.SegmentedRaftLogWorker (SegmentedRaftLogWorker.java:close(246)) - c63b842e-4a18-4309-8e5f-a8e0aaa5a343@group-7922759BA704-SegmentedRaftLogWorker close()
2022-10-11 08:13:28,568 [ForkJoinPool.commonPool-worker-1] INFO  server.GrpcService (GrpcService.java:closeImpl(269)) - 14b70a86-5100-4ed6-950c-f7248b89b6df: shutdown server with port 40211 now
2022-10-11 08:13:28,574 [Listener at 127.0.0.1/39113] INFO  server.GrpcService (GrpcService.java:closeImpl(269)) - c63b842e-4a18-4309-8e5f-a8e0aaa5a343: shutdown server with port 38751 now
2022-10-11 08:13:28,578 [grpc-default-executor-3] WARN  server.GrpcServerProtocolService (LogUtils.java:warn(122)) - 14b70a86-5100-4ed6-950c-f7248b89b6df: installSnapshot onError, lastRequest: dfd1ace6-5921-4c65-82d6-ac571288ab09->14b70a86-5100-4ed6-950c-f7248b89b6df#381-t1,previous=(t:1, i:29),leaderCommit=28,initializing? true,entries: size=1, first=(t:1, i:30), METADATAENTRY(c:28): org.apache.ratis.thirdparty.io.grpc.StatusRuntimeException: CANCELLED: client cancelled
2022-10-11 08:13:28,583 [grpc-default-executor-2] WARN  server.GrpcServerProtocolService (LogUtils.java:warn(122)) - c63b842e-4a18-4309-8e5f-a8e0aaa5a343: installSnapshot onError, lastRequest: dfd1ace6-5921-4c65-82d6-ac571288ab09->c63b842e-4a18-4309-8e5f-a8e0aaa5a343#392-t1,previous=(t:1, i:29),leaderCommit=28,initializing? true,entries: size=1, first=(t:1, i:30), METADATAENTRY(c:28): org.apache.ratis.thirdparty.io.grpc.StatusRuntimeException: CANCELLED: client cancelled
2022-10-11 08:13:28,584 [grpc-default-executor-2] WARN  server.GrpcLogAppender (LogUtils.java:warn(122)) - dfd1ace6-5921-4c65-82d6-ac571288ab09@group-7922759BA704->c63b842e-4a18-4309-8e5f-a8e0aaa5a343-AppendLogResponseHandler: Failed appendEntries: org.apache.ratis.thirdparty.io.grpc.StatusRuntimeException: CANCELLED: RST_STREAM closed stream. HTTP/2 error code: CANCEL
2022-10-11 08:13:28,585 [grpc-default-executor-2] INFO  leader.FollowerInfo (FollowerInfoImpl.java:lambda$new$0(48)) - dfd1ace6-5921-4c65-82d6-ac571288ab09@group-7922759BA704->c63b842e-4a18-4309-8e5f-a8e0aaa5a343: nextIndex: updateUnconditionally 31 -> 30
2022-10-11 08:13:28,586 [Listener at 127.0.0.1/39113] INFO  server.GrpcService (GrpcService.java:closeImpl(278)) - c63b842e-4a18-4309-8e5f-a8e0aaa5a343: shutdown server with port 38751 successfully
2022-10-11 08:13:28,586 [org.apache.ratis.util.JvmPauseMonitor$$Lambda$637/2131033858@4e56ad2e] INFO  util.JvmPauseMonitor (JvmPauseMonitor.java:run(109)) - JvmPauseMonitor-c63b842e-4a18-4309-8e5f-a8e0aaa5a343: Stopped
2022-10-11 08:13:28,591 [ForkJoinPool.commonPool-worker-1] INFO  server.GrpcService (GrpcService.java:closeImpl(278)) - 14b70a86-5100-4ed6-950c-f7248b89b6df: shutdown server with port 40211 successfully
2022-10-11 08:13:28,591 [grpc-default-executor-2] WARN  server.GrpcLogAppender (LogUtils.java:warn(122)) - dfd1ace6-5921-4c65-82d6-ac571288ab09@group-7922759BA704->14b70a86-5100-4ed6-950c-f7248b89b6df-AppendLogResponseHandler: Failed appendEntries: org.apache.ratis.thirdparty.io.grpc.StatusRuntimeException: CANCELLED: RST_STREAM closed stream. HTTP/2 error code: CANCEL
2022-10-11 08:13:28,591 [grpc-default-executor-2] INFO  leader.FollowerInfo (FollowerInfoImpl.java:lambda$new$0(48)) - dfd1ace6-5921-4c65-82d6-ac571288ab09@group-7922759BA704->14b70a86-5100-4ed6-950c-f7248b89b6df: nextIndex: updateUnconditionally 31 -> 30
2022-10-11 08:13:28,591 [org.apache.ratis.util.JvmPauseMonitor$$Lambda$637/2131033858@652cdc20] INFO  util.JvmPauseMonitor (JvmPauseMonitor.java:run(109)) - JvmPauseMonitor-14b70a86-5100-4ed6-950c-f7248b89b6df: Stopped
2022-10-11 08:13:28,602 [grpc-default-executor-2] WARN  server.GrpcLogAppender (LogUtils.java:warn(122)) - dfd1ace6-5921-4c65-82d6-ac571288ab09@group-7922759BA704->14b70a86-5100-4ed6-950c-f7248b89b6df-AppendLogResponseHandler: Failed appendEntries: org.apache.ratis.thirdparty.io.grpc.StatusRuntimeException: UNAVAILABLE: io exception
2022-10-11 08:13:28,603 [grpc-default-executor-2] INFO  leader.FollowerInfo (FollowerInfoImpl.java:lambda$new$0(48)) - dfd1ace6-5921-4c65-82d6-ac571288ab09@group-7922759BA704->14b70a86-5100-4ed6-950c-f7248b89b6df: nextIndex: updateUnconditionally 31 -> 30
2022-10-11 08:13:28,603 [grpc-default-executor-4] WARN  server.GrpcLogAppender (LogUtils.java:warn(122)) - dfd1ace6-5921-4c65-82d6-ac571288ab09@group-7922759BA704->c63b842e-4a18-4309-8e5f-a8e0aaa5a343-AppendLogResponseHandler: Failed appendEntries: org.apache.ratis.thirdparty.io.grpc.StatusRuntimeException: UNAVAILABLE: io exception
2022-10-11 08:13:28,603 [grpc-default-executor-4] INFO  leader.FollowerInfo (FollowerInfoImpl.java:lambda$new$0(48)) - dfd1ace6-5921-4c65-82d6-ac571288ab09@group-7922759BA704->c63b842e-4a18-4309-8e5f-a8e0aaa5a343: nextIndex: updateUnconditionally 31 -> 30
2022-10-11 08:13:28,624 [grpc-default-executor-4] WARN  server.GrpcLogAppender (LogUtils.java:warn(122)) - dfd1ace6-5921-4c65-82d6-ac571288ab09@group-7922759BA704->c63b842e-4a18-4309-8e5f-a8e0aaa5a343-AppendLogResponseHandler: Failed appendEntries: org.apache.ratis.thirdparty.io.grpc.StatusRuntimeException: UNAVAILABLE: io exception
2022-10-11 08:13:28,625 [grpc-default-executor-4] INFO  leader.FollowerInfo (FollowerInfoImpl.java:lambda$new$0(48)) - dfd1ace6-5921-4c65-82d6-ac571288ab09@group-7922759BA704->c63b842e-4a18-4309-8e5f-a8e0aaa5a343: nextIndex: updateUnconditionally 31 -> 30
2022-10-11 08:13:28,627 [grpc-default-executor-4] WARN  server.GrpcLogAppender (LogUtils.java:warn(122)) - dfd1ace6-5921-4c65-82d6-ac571288ab09@group-7922759BA704->14b70a86-5100-4ed6-950c-f7248b89b6df-AppendLogResponseHandler: Failed appendEntries: org.apache.ratis.thirdparty.io.grpc.StatusRuntimeException: UNAVAILABLE: io exception
2022-10-11 08:13:28,628 [grpc-default-executor-4] INFO  leader.FollowerInfo (FollowerInfoImpl.java:lambda$new$0(48)) - dfd1ace6-5921-4c65-82d6-ac571288ab09@group-7922759BA704->14b70a86-5100-4ed6-950c-f7248b89b6df: nextIndex: updateUnconditionally 31 -> 30
2022-10-11 08:13:29,875 [grpc-default-executor-4] WARN  server.GrpcLogAppender (LogUtils.java:warn(122)) - dfd1ace6-5921-4c65-82d6-ac571288ab09@group-7922759BA704->c63b842e-4a18-4309-8e5f-a8e0aaa5a343-AppendLogResponseHandler: Failed appendEntries: org.apache.ratis.thirdparty.io.grpc.StatusRuntimeException: UNAVAILABLE: io exception
2022-10-11 08:13:29,876 [grpc-default-executor-4] INFO  leader.FollowerInfo (FollowerInfoImpl.java:lambda$new$0(48)) - dfd1ace6-5921-4c65-82d6-ac571288ab09@group-7922759BA704->c63b842e-4a18-4309-8e5f-a8e0aaa5a343: nextIndex: updateUnconditionally 31 -> 30
2022-10-11 08:13:29,878 [grpc-default-executor-4] WARN  server.GrpcLogAppender (LogUtils.java:warn(122)) - dfd1ace6-5921-4c65-82d6-ac571288ab09@group-7922759BA704->14b70a86-5100-4ed6-950c-f7248b89b6df-AppendLogResponseHandler: Failed appendEntries: org.apache.ratis.thirdparty.io.grpc.StatusRuntimeException: UNAVAILABLE: io exception
2022-10-11 08:13:29,879 [grpc-default-executor-4] INFO  leader.FollowerInfo (FollowerInfoImpl.java:lambda$new$0(48)) - dfd1ace6-5921-4c65-82d6-ac571288ab09@group-7922759BA704->14b70a86-5100-4ed6-950c-f7248b89b6df: nextIndex: updateUnconditionally 31 -> 30
2022-10-11 08:13:30,615 [Listener at 127.0.0.1/39113] INFO  utils.BackgroundService (BackgroundService.java:shutdown(141)) - Shutting down service BlockDeletingService
2022-10-11 08:13:30,618 [ForkJoinPool.commonPool-worker-1] INFO  utils.BackgroundService (BackgroundService.java:shutdown(141)) - Shutting down service BlockDeletingService
2022-10-11 08:13:30,623 [ForkJoinPool.commonPool-worker-1] INFO  utils.BackgroundService (BackgroundService.java:shutdown(141)) - Shutting down service StaleRecoveringContainerScrubbingService
2022-10-11 08:13:30,623 [Listener at 127.0.0.1/39113] INFO  utils.BackgroundService (BackgroundService.java:shutdown(141)) - Shutting down service StaleRecoveringContainerScrubbingService
2022-10-11 08:13:31,126 [grpc-default-executor-4] WARN  server.GrpcLogAppender (LogUtils.java:warn(122)) - dfd1ace6-5921-4c65-82d6-ac571288ab09@group-7922759BA704->c63b842e-4a18-4309-8e5f-a8e0aaa5a343-AppendLogResponseHandler: Failed appendEntries: org.apache.ratis.thirdparty.io.grpc.StatusRuntimeException: UNAVAILABLE: io exception
2022-10-11 08:13:31,127 [grpc-default-executor-4] INFO  leader.FollowerInfo (FollowerInfoImpl.java:lambda$new$0(48)) - dfd1ace6-5921-4c65-82d6-ac571288ab09@group-7922759BA704->c63b842e-4a18-4309-8e5f-a8e0aaa5a343: nextIndex: updateUnconditionally 31 -> 30
2022-10-11 08:13:31,130 [grpc-default-executor-4] WARN  server.GrpcLogAppender (LogUtils.java:warn(122)) - dfd1ace6-5921-4c65-82d6-ac571288ab09@group-7922759BA704->14b70a86-5100-4ed6-950c-f7248b89b6df-AppendLogResponseHandler: Failed appendEntries: org.apache.ratis.thirdparty.io.grpc.StatusRuntimeException: UNAVAILABLE: io exception
2022-10-11 08:13:31,130 [grpc-default-executor-4] INFO  leader.FollowerInfo (FollowerInfoImpl.java:lambda$new$0(48)) - dfd1ace6-5921-4c65-82d6-ac571288ab09@group-7922759BA704->14b70a86-5100-4ed6-950c-f7248b89b6df: nextIndex: updateUnconditionally 31 -> 30
2022-10-11 08:13:31,518 [dfd1ace6-5921-4c65-82d6-ac571288ab09@group-7922759BA704-LeaderStateImpl] WARN  server.RaftServer$Division (LeaderStateImpl.java:checkLeadership(1018)) - dfd1ace6-5921-4c65-82d6-ac571288ab09@group-7922759BA704-LeaderStateImpl: Lost leadership on term: 1. Election timeout: 5200ms. In charge for: 38246ms. Conf: 0: [14b70a86-5100-4ed6-950c-f7248b89b6df|rpc:10.1.0.76:40211|dataStream:|priority:0, dfd1ace6-5921-4c65-82d6-ac571288ab09|rpc:10.1.0.76:40081|dataStream:|priority:1, c63b842e-4a18-4309-8e5f-a8e0aaa5a343|rpc:10.1.0.76:38751|dataStream:|priority:0], old=null
2022-10-11 08:13:31,519 [dfd1ace6-5921-4c65-82d6-ac571288ab09@group-7922759BA704-LeaderStateImpl] WARN  server.RaftServer$Division (LeaderStateImpl.java:lambda$checkLeadership$17(1022)) - Follower dfd1ace6-5921-4c65-82d6-ac571288ab09@group-7922759BA704->14b70a86-5100-4ed6-950c-f7248b89b6df(c30,m30,n30, attendVote=true, lastRpcSendTime=388, lastRpcResponseTime=5392)
2022-10-11 08:13:31,519 [dfd1ace6-5921-4c65-82d6-ac571288ab09@group-7922759BA704-LeaderStateImpl] WARN  server.RaftServer$Division (LeaderStateImpl.java:lambda$checkLeadership$17(1022)) - Follower dfd1ace6-5921-4c65-82d6-ac571288ab09@group-7922759BA704->c63b842e-4a18-4309-8e5f-a8e0aaa5a343(c30,m30,n30, attendVote=true, lastRpcSendTime=392, lastRpcResponseTime=5395)
2022-10-11 08:13:31,519 [dfd1ace6-5921-4c65-82d6-ac571288ab09@group-7922759BA704-LeaderStateImpl] INFO  server.RaftServer$Division (RaftServerImpl.java:setRole(299)) - dfd1ace6-5921-4c65-82d6-ac571288ab09@group-7922759BA704: changes role from    LEADER to FOLLOWER at term 1 for StepDownReason:LOST_MAJORITY_HEARTBEATS
2022-10-11 08:13:31,519 [dfd1ace6-5921-4c65-82d6-ac571288ab09@group-7922759BA704-LeaderStateImpl] INFO  impl.RoleInfo (RoleInfo.java:shutdownLeaderState(93)) - dfd1ace6-5921-4c65-82d6-ac571288ab09: shutdown dfd1ace6-5921-4c65-82d6-ac571288ab09@group-7922759BA704-LeaderStateImpl
2022-10-11 08:13:31,519 [dfd1ace6-5921-4c65-82d6-ac571288ab09@group-7922759BA704->c63b842e-4a18-4309-8e5f-a8e0aaa5a343-GrpcLogAppender-LogAppenderDaemon] WARN  server.GrpcLogAppender (GrpcLogAppender.java:mayWait(171)) - dfd1ace6-5921-4c65-82d6-ac571288ab09@group-7922759BA704->c63b842e-4a18-4309-8e5f-a8e0aaa5a343-GrpcLogAppender: Wait interrupted by java.lang.InterruptedException
2022-10-11 08:13:31,519 [dfd1ace6-5921-4c65-82d6-ac571288ab09@group-7922759BA704-LeaderStateImpl] INFO  impl.PendingRequests (PendingRequests.java:sendNotLeaderResponses(282)) - dfd1ace6-5921-4c65-82d6-ac571288ab09@group-7922759BA704-PendingRequests: sendNotLeaderResponses
2022-10-11 08:13:31,519 [dfd1ace6-5921-4c65-82d6-ac571288ab09@group-7922759BA704->14b70a86-5100-4ed6-950c-f7248b89b6df-GrpcLogAppender-LogAppenderDaemon] WARN  server.GrpcLogAppender (GrpcLogAppender.java:mayWait(171)) - dfd1ace6-5921-4c65-82d6-ac571288ab09@group-7922759BA704->14b70a86-5100-4ed6-950c-f7248b89b6df-GrpcLogAppender: Wait interrupted by java.lang.InterruptedException
2022-10-11 08:13:31,531 [dfd1ace6-5921-4c65-82d6-ac571288ab09@group-7922759BA704-LeaderStateImpl] INFO  impl.RoleInfo (RoleInfo.java:updateAndGet(139)) - dfd1ace6-5921-4c65-82d6-ac571288ab09: start dfd1ace6-5921-4c65-82d6-ac571288ab09@group-7922759BA704-FollowerState
2022-10-11 08:13:33,626 [Listener at 127.0.0.1/39113] INFO  statemachine.DatanodeStateMachine (DatanodeStateMachine.java:stopDaemon(580)) - Ozone container server stopped.
2022-10-11 08:13:33,630 [ForkJoinPool.commonPool-worker-1] INFO  statemachine.DatanodeStateMachine (DatanodeStateMachine.java:stopDaemon(580)) - Ozone container server stopped.
2022-10-11 08:13:33,643 [Listener at 127.0.0.1/39113] INFO  handler.ContextHandler (ContextHandler.java:doStop(1153)) - Stopped o.e.j.w.WebAppContext@1c35bf43{hddsDatanode,/,null,STOPPED}{jar:file:/home/runner/.m2/repository/org/apache/ozone/hdds-container-service/1.3.0-SNAPSHOT/hdds-container-service-1.3.0-SNAPSHOT.jar!/webapps/hddsDatanode}
2022-10-11 08:13:33,646 [ForkJoinPool.commonPool-worker-1] INFO  handler.ContextHandler (ContextHandler.java:doStop(1153)) - Stopped o.e.j.w.WebAppContext@6ab1e8f4{hddsDatanode,/,null,STOPPED}{jar:file:/home/runner/.m2/repository/org/apache/ozone/hdds-container-service/1.3.0-SNAPSHOT/hdds-container-service-1.3.0-SNAPSHOT.jar!/webapps/hddsDatanode}
2022-10-11 08:13:33,654 [Listener at 127.0.0.1/39113] INFO  server.AbstractConnector (AbstractConnector.java:doStop(381)) - Stopped ServerConnector@504b0a70{HTTP/1.1, (http/1.1)}{0.0.0.0:0}
2022-10-11 08:13:33,654 [Listener at 127.0.0.1/39113] INFO  server.session (HouseKeeper.java:stopScavenging(149)) - node0 Stopped scavenging
2022-10-11 08:13:33,654 [Listener at 127.0.0.1/39113] INFO  handler.ContextHandler (ContextHandler.java:doStop(1153)) - Stopped o.e.j.s.ServletContextHandler@41bb9bf6{static,/static,jar:file:/home/runner/.m2/repository/org/apache/ozone/hdds-container-service/1.3.0-SNAPSHOT/hdds-container-service-1.3.0-SNAPSHOT.jar!/webapps/static,STOPPED}
2022-10-11 08:13:33,654 [Listener at 127.0.0.1/39113] INFO  handler.ContextHandler (ContextHandler.java:doStop(1153)) - Stopped o.e.j.s.ServletContextHandler@59489572{logs,/logs,file:///home/runner/work/ozone/ozone/hadoop-ozone/integration-test/target/log,STOPPED}
2022-10-11 08:13:33,653 [ForkJoinPool.commonPool-worker-1] INFO  server.AbstractConnector (AbstractConnector.java:doStop(381)) - Stopped ServerConnector@f0ca75{HTTP/1.1, (http/1.1)}{0.0.0.0:0}
2022-10-11 08:13:33,666 [ForkJoinPool.commonPool-worker-1] INFO  server.session (HouseKeeper.java:stopScavenging(149)) - node0 Stopped scavenging
2022-10-11 08:13:33,678 [ForkJoinPool.commonPool-worker-1] INFO  handler.ContextHandler (ContextHandler.java:doStop(1153)) - Stopped o.e.j.s.ServletContextHandler@698b0a1c{static,/static,jar:file:/home/runner/.m2/repository/org/apache/ozone/hdds-container-service/1.3.0-SNAPSHOT/hdds-container-service-1.3.0-SNAPSHOT.jar!/webapps/static,STOPPED}
2022-10-11 08:13:33,683 [ForkJoinPool.commonPool-worker-1] INFO  handler.ContextHandler (ContextHandler.java:doStop(1153)) - Stopped o.e.j.s.ServletContextHandler@6bdc486b{logs,/logs,file:///home/runner/work/ozone/ozone/hadoop-ozone/integration-test/target/log,STOPPED}
2022-10-11 08:13:34,639 [dfd1ace6-5921-4c65-82d6-ac571288ab09@group-3D059F13AD3A-FollowerState] INFO  impl.FollowerState (FollowerState.java:run(143)) - dfd1ace6-5921-4c65-82d6-ac571288ab09@group-3D059F13AD3A-FollowerState: change to CANDIDATE, lastRpcElapsedTime:7975617038ns, electionTimeout:5000ms
2022-10-11 08:13:34,639 [dfd1ace6-5921-4c65-82d6-ac571288ab09@group-3D059F13AD3A-FollowerState] INFO  impl.RoleInfo (RoleInfo.java:shutdownFollowerState(110)) - dfd1ace6-5921-4c65-82d6-ac571288ab09: shutdown dfd1ace6-5921-4c65-82d6-ac571288ab09@group-3D059F13AD3A-FollowerState
2022-10-11 08:13:34,639 [dfd1ace6-5921-4c65-82d6-ac571288ab09@group-3D059F13AD3A-FollowerState] INFO  server.RaftServer$Division (RaftServerImpl.java:setRole(299)) - dfd1ace6-5921-4c65-82d6-ac571288ab09@group-3D059F13AD3A: changes role from  FOLLOWER to CANDIDATE at term 2 for changeToCandidate
2022-10-11 08:13:34,640 [dfd1ace6-5921-4c65-82d6-ac571288ab09@group-3D059F13AD3A-FollowerState] INFO  server.RaftServerConfigKeys (ConfUtils.java:logGet(46)) - raft.server.leaderelection.pre-vote = false (custom)
2022-10-11 08:13:34,640 [dfd1ace6-5921-4c65-82d6-ac571288ab09@group-3D059F13AD3A-FollowerState] INFO  impl.RoleInfo (RoleInfo.java:updateAndGet(139)) - dfd1ace6-5921-4c65-82d6-ac571288ab09: start dfd1ace6-5921-4c65-82d6-ac571288ab09@group-3D059F13AD3A-LeaderElection10
2022-10-11 08:13:34,646 [dfd1ace6-5921-4c65-82d6-ac571288ab09@group-3D059F13AD3A-LeaderElection10] INFO  server.RaftServer$Division (ServerState.java:setLeader(287)) - dfd1ace6-5921-4c65-82d6-ac571288ab09@group-3D059F13AD3A: change Leader from 14b70a86-5100-4ed6-950c-f7248b89b6df to null at term 2 for ELECTION
2022-10-11 08:13:34,654 [dfd1ace6-5921-4c65-82d6-ac571288ab09@group-3D059F13AD3A-LeaderElection10] INFO  impl.LeaderElection (LeaderElection.java:askForVotes(310)) - dfd1ace6-5921-4c65-82d6-ac571288ab09@group-3D059F13AD3A-LeaderElection10 ELECTION round 0: submit vote requests at term 3 for 0: [14b70a86-5100-4ed6-950c-f7248b89b6df|rpc:10.1.0.76:40211|dataStream:|priority:1, dfd1ace6-5921-4c65-82d6-ac571288ab09|rpc:10.1.0.76:40081|dataStream:|priority:0, c63b842e-4a18-4309-8e5f-a8e0aaa5a343|rpc:10.1.0.76:38751|dataStream:|priority:0], old=null
2022-10-11 08:13:34,664 [dfd1ace6-5921-4c65-82d6-ac571288ab09@group-3D059F13AD3A-LeaderElection10] INFO  impl.LeaderElection (LogUtils.java:infoOrTrace(137)) - dfd1ace6-5921-4c65-82d6-ac571288ab09@group-3D059F13AD3A-LeaderElection10 got exception when requesting votes: java.util.concurrent.ExecutionException: org.apache.ratis.thirdparty.io.grpc.StatusRuntimeException: UNAVAILABLE: io exception
2022-10-11 08:13:34,665 [dfd1ace6-5921-4c65-82d6-ac571288ab09@group-3D059F13AD3A-LeaderElection10] INFO  impl.LeaderElection (LogUtils.java:infoOrTrace(137)) - dfd1ace6-5921-4c65-82d6-ac571288ab09@group-3D059F13AD3A-LeaderElection10 got exception when requesting votes: java.util.concurrent.ExecutionException: org.apache.ratis.thirdparty.io.grpc.StatusRuntimeException: UNAVAILABLE: io exception
2022-10-11 08:13:34,665 [dfd1ace6-5921-4c65-82d6-ac571288ab09@group-3D059F13AD3A-LeaderElection10] INFO  impl.LeaderElection (LeaderElection.java:logAndReturn(90)) - dfd1ace6-5921-4c65-82d6-ac571288ab09@group-3D059F13AD3A-LeaderElection10: ELECTION REJECTED received 0 response(s) and 2 exception(s):
2022-10-11 08:13:34,665 [dfd1ace6-5921-4c65-82d6-ac571288ab09@group-3D059F13AD3A-LeaderElection10] INFO  impl.LeaderElection (LogUtils.java:infoOrTrace(137)) -   Exception 0: java.util.concurrent.ExecutionException: org.apache.ratis.thirdparty.io.grpc.StatusRuntimeException: UNAVAILABLE: io exception
2022-10-11 08:13:34,665 [dfd1ace6-5921-4c65-82d6-ac571288ab09@group-3D059F13AD3A-LeaderElection10] INFO  impl.LeaderElection (LogUtils.java:infoOrTrace(137)) -   Exception 1: java.util.concurrent.ExecutionException: org.apache.ratis.thirdparty.io.grpc.StatusRuntimeException: UNAVAILABLE: io exception
2022-10-11 08:13:34,665 [dfd1ace6-5921-4c65-82d6-ac571288ab09@group-3D059F13AD3A-LeaderElection10] INFO  impl.LeaderElection (LeaderElection.java:askForVotes(312)) - dfd1ace6-5921-4c65-82d6-ac571288ab09@group-3D059F13AD3A-LeaderElection10 ELECTION round 0: result REJECTED
2022-10-11 08:13:34,667 [dfd1ace6-5921-4c65-82d6-ac571288ab09@group-3D059F13AD3A-LeaderElection10] INFO  server.RaftServer$Division (RaftServerImpl.java:setRole(299)) - dfd1ace6-5921-4c65-82d6-ac571288ab09@group-3D059F13AD3A: changes role from CANDIDATE to FOLLOWER at term 3 for REJECTED
2022-10-11 08:13:34,667 [dfd1ace6-5921-4c65-82d6-ac571288ab09@group-3D059F13AD3A-LeaderElection10] INFO  impl.RoleInfo (RoleInfo.java:shutdownLeaderElection(130)) - dfd1ace6-5921-4c65-82d6-ac571288ab09: shutdown dfd1ace6-5921-4c65-82d6-ac571288ab09@group-3D059F13AD3A-LeaderElection10
2022-10-11 08:13:34,667 [dfd1ace6-5921-4c65-82d6-ac571288ab09@group-3D059F13AD3A-LeaderElection10] INFO  impl.RoleInfo (RoleInfo.java:updateAndGet(139)) - dfd1ace6-5921-4c65-82d6-ac571288ab09: start dfd1ace6-5921-4c65-82d6-ac571288ab09@group-3D059F13AD3A-FollowerState
2022-10-11 08:13:35,987 [Under Replicated Processor] INFO  replication.UnderReplicatedProcessor (UnderReplicatedProcessor.java:processAll(92)) - Processed 0 under replicated containers, failed processing 0
2022-10-11 08:13:35,999 [Over Replicated Processor] INFO  replication.OverReplicatedProcessor (OverReplicatedProcessor.java:processAll(90)) - Processed 0 over replicated containers, failed processing 0
2022-10-11 08:13:36,549 [dfd1ace6-5921-4c65-82d6-ac571288ab09@group-7922759BA704-FollowerState] INFO  impl.FollowerState (FollowerState.java:lostMajorityHeartbeatsRecently(108)) - dfd1ace6-5921-4c65-82d6-ac571288ab09@group-7922759BA704-FollowerState: Skipping leader election since it stepped down recently (elapsed = 5017ms < waitTime = 10s)
2022-10-11 08:13:38,692 [Listener at 127.0.0.1/39113] INFO  ozoneimpl.OzoneContainer (OzoneContainer.java:stop(400)) - Attempting to stop container services.
2022-10-11 08:13:38,693 [ForkJoinPool.commonPool-worker-1] INFO  ozoneimpl.OzoneContainer (OzoneContainer.java:stop(400)) - Attempting to stop container services.
2022-10-11 08:13:38,694 [ForkJoinPool.commonPool-worker-1] INFO  server.RaftServer (RaftServerProxy.java:lambda$close$7(398)) - dfd1ace6-5921-4c65-82d6-ac571288ab09: close
2022-10-11 08:13:38,694 [ForkJoinPool.commonPool-worker-1] INFO  server.RaftServer$Division (RaftServerImpl.java:lambda$close$4(434)) - dfd1ace6-5921-4c65-82d6-ac571288ab09@group-3D059F13AD3A: shutdown
2022-10-11 08:13:38,694 [ForkJoinPool.commonPool-worker-1] INFO  util.JmxRegister (JmxRegister.java:unregister(73)) - Successfully un-registered JMX Bean with object name Ratis:service=RaftServer,group=group-3D059F13AD3A,id=dfd1ace6-5921-4c65-82d6-ac571288ab09
2022-10-11 08:13:38,694 [ForkJoinPool.commonPool-worker-1] INFO  impl.RoleInfo (RoleInfo.java:shutdownFollowerState(110)) - dfd1ace6-5921-4c65-82d6-ac571288ab09: shutdown dfd1ace6-5921-4c65-82d6-ac571288ab09@group-3D059F13AD3A-FollowerState
2022-10-11 08:13:38,694 [ForkJoinPool.commonPool-worker-1] INFO  impl.StateMachineUpdater (StateMachineUpdater.java:stopAndJoin(153)) - dfd1ace6-5921-4c65-82d6-ac571288ab09@group-3D059F13AD3A-StateMachineUpdater: set stopIndex = 0
2022-10-11 08:13:38,694 [dfd1ace6-5921-4c65-82d6-ac571288ab09@group-3D059F13AD3A-FollowerState] INFO  impl.FollowerState (FollowerState.java:run(152)) - dfd1ace6-5921-4c65-82d6-ac571288ab09@group-3D059F13AD3A-FollowerState was interrupted
2022-10-11 08:13:38,696 [dfd1ace6-5921-4c65-82d6-ac571288ab09@group-3D059F13AD3A-StateMachineUpdater] INFO  ratis.ContainerStateMachine (ContainerStateMachine.java:takeSnapshot(304)) - group-3D059F13AD3A: Taking a snapshot at:(t:2, i:0) file /home/runner/work/ozone/ozone/hadoop-ozone/integration-test/target/test-dir/MiniOzoneClusterImpl-a7be04a2-0db3-4748-8f74-6a3cfa6a7101/datanode-0/data/ratis/913e9ab8-67ae-4511-b6d0-3d059f13ad3a/sm/snapshot.2_0
2022-10-11 08:13:38,697 [Listener at 127.0.0.1/39113] INFO  server.RaftServer (RaftServerProxy.java:lambda$close$7(398)) - fa8aad91-dc65-4636-ad1d-3225222ce3fd: close
2022-10-11 08:13:38,697 [Listener at 127.0.0.1/39113] INFO  server.RaftServer$Division (RaftServerImpl.java:lambda$close$4(434)) - fa8aad91-dc65-4636-ad1d-3225222ce3fd@group-BFFD0EFAE241: shutdown
2022-10-11 08:13:38,697 [Listener at 127.0.0.1/39113] INFO  util.JmxRegister (JmxRegister.java:unregister(73)) - Successfully un-registered JMX Bean with object name Ratis:service=RaftServer,group=group-BFFD0EFAE241,id=fa8aad91-dc65-4636-ad1d-3225222ce3fd
2022-10-11 08:13:38,697 [Listener at 127.0.0.1/39113] INFO  impl.RoleInfo (RoleInfo.java:shutdownLeaderState(93)) - fa8aad91-dc65-4636-ad1d-3225222ce3fd: shutdown fa8aad91-dc65-4636-ad1d-3225222ce3fd@group-BFFD0EFAE241-LeaderStateImpl
2022-10-11 08:13:38,697 [Listener at 127.0.0.1/39113] INFO  impl.PendingRequests (PendingRequests.java:sendNotLeaderResponses(282)) - fa8aad91-dc65-4636-ad1d-3225222ce3fd@group-BFFD0EFAE241-PendingRequests: sendNotLeaderResponses
2022-10-11 08:13:38,698 [dfd1ace6-5921-4c65-82d6-ac571288ab09@group-3D059F13AD3A-StateMachineUpdater] INFO  ratis.ContainerStateMachine (ContainerStateMachine.java:takeSnapshot(315)) - group-3D059F13AD3A: Finished taking a snapshot at:(t:2, i:0) file:/home/runner/work/ozone/ozone/hadoop-ozone/integration-test/target/test-dir/MiniOzoneClusterImpl-a7be04a2-0db3-4748-8f74-6a3cfa6a7101/datanode-0/data/ratis/913e9ab8-67ae-4511-b6d0-3d059f13ad3a/sm/snapshot.2_0 took: 1 ms
2022-10-11 08:13:38,698 [Listener at 127.0.0.1/39113] INFO  impl.StateMachineUpdater (StateMachineUpdater.java:stopAndJoin(153)) - fa8aad91-dc65-4636-ad1d-3225222ce3fd@group-BFFD0EFAE241-StateMachineUpdater: set stopIndex = 0
2022-10-11 08:13:38,698 [dfd1ace6-5921-4c65-82d6-ac571288ab09@group-3D059F13AD3A-StateMachineUpdater] INFO  impl.StateMachineUpdater (StateMachineUpdater.java:takeSnapshot(287)) - dfd1ace6-5921-4c65-82d6-ac571288ab09@group-3D059F13AD3A-StateMachineUpdater: Took a snapshot at index 0
2022-10-11 08:13:38,698 [dfd1ace6-5921-4c65-82d6-ac571288ab09@group-3D059F13AD3A-StateMachineUpdater] INFO  impl.StateMachineUpdater (StateMachineUpdater.java:lambda$new$0(92)) - dfd1ace6-5921-4c65-82d6-ac571288ab09@group-3D059F13AD3A-StateMachineUpdater: snapshotIndex: updateIncreasingly -1 -> 0
2022-10-11 08:13:38,698 [fa8aad91-dc65-4636-ad1d-3225222ce3fd@group-BFFD0EFAE241-StateMachineUpdater] INFO  ratis.ContainerStateMachine (ContainerStateMachine.java:takeSnapshot(304)) - group-BFFD0EFAE241: Taking a snapshot at:(t:1, i:0) file /home/runner/work/ozone/ozone/hadoop-ozone/integration-test/target/test-dir/MiniOzoneClusterImpl-a7be04a2-0db3-4748-8f74-6a3cfa6a7101/datanode-4/data/ratis/1c304bc5-ed31-40e3-b9d5-bffd0efae241/sm/snapshot.1_0
2022-10-11 08:13:38,698 [ForkJoinPool.commonPool-worker-1] INFO  server.RaftServer$Division (ServerState.java:close(429)) - dfd1ace6-5921-4c65-82d6-ac571288ab09@group-3D059F13AD3A: closes. applyIndex: 0
2022-10-11 08:13:38,699 [dfd1ace6-5921-4c65-82d6-ac571288ab09@group-3D059F13AD3A-SegmentedRaftLogWorker] INFO  segmented.SegmentedRaftLogWorker (SegmentedRaftLogWorker.java:run(336)) - dfd1ace6-5921-4c65-82d6-ac571288ab09@group-3D059F13AD3A-SegmentedRaftLogWorker was interrupted, exiting. There are 0 tasks remaining in the queue.
2022-10-11 08:13:38,699 [fa8aad91-dc65-4636-ad1d-3225222ce3fd@group-BFFD0EFAE241-StateMachineUpdater] INFO  ratis.ContainerStateMachine (ContainerStateMachine.java:takeSnapshot(315)) - group-BFFD0EFAE241: Finished taking a snapshot at:(t:1, i:0) file:/home/runner/work/ozone/ozone/hadoop-ozone/integration-test/target/test-dir/MiniOzoneClusterImpl-a7be04a2-0db3-4748-8f74-6a3cfa6a7101/datanode-4/data/ratis/1c304bc5-ed31-40e3-b9d5-bffd0efae241/sm/snapshot.1_0 took: 1 ms
2022-10-11 08:13:38,699 [fa8aad91-dc65-4636-ad1d-3225222ce3fd@group-BFFD0EFAE241-StateMachineUpdater] INFO  impl.StateMachineUpdater (StateMachineUpdater.java:takeSnapshot(287)) - fa8aad91-dc65-4636-ad1d-3225222ce3fd@group-BFFD0EFAE241-StateMachineUpdater: Took a snapshot at index 0
2022-10-11 08:13:38,699 [fa8aad91-dc65-4636-ad1d-3225222ce3fd@group-BFFD0EFAE241-StateMachineUpdater] INFO  impl.StateMachineUpdater (StateMachineUpdater.java:lambda$new$0(92)) - fa8aad91-dc65-4636-ad1d-3225222ce3fd@group-BFFD0EFAE241-StateMachineUpdater: snapshotIndex: updateIncreasingly -1 -> 0
2022-10-11 08:13:38,700 [ForkJoinPool.commonPool-worker-1] INFO  segmented.SegmentedRaftLogWorker (SegmentedRaftLogWorker.java:close(246)) - dfd1ace6-5921-4c65-82d6-ac571288ab09@group-3D059F13AD3A-SegmentedRaftLogWorker close()
2022-10-11 08:13:38,701 [ForkJoinPool.commonPool-worker-1] INFO  server.RaftServer$Division (RaftServerImpl.java:lambda$close$4(434)) - dfd1ace6-5921-4c65-82d6-ac571288ab09@group-7922759BA704: shutdown
2022-10-11 08:13:38,701 [ForkJoinPool.commonPool-worker-1] INFO  util.JmxRegister (JmxRegister.java:unregister(73)) - Successfully un-registered JMX Bean with object name Ratis:service=RaftServer,group=group-7922759BA704,id=dfd1ace6-5921-4c65-82d6-ac571288ab09
2022-10-11 08:13:38,701 [ForkJoinPool.commonPool-worker-1] INFO  impl.RoleInfo (RoleInfo.java:shutdownFollowerState(110)) - dfd1ace6-5921-4c65-82d6-ac571288ab09: shutdown dfd1ace6-5921-4c65-82d6-ac571288ab09@group-7922759BA704-FollowerState
2022-10-11 08:13:38,701 [ForkJoinPool.commonPool-worker-1] INFO  impl.StateMachineUpdater (StateMachineUpdater.java:stopAndJoin(153)) - dfd1ace6-5921-4c65-82d6-ac571288ab09@group-7922759BA704-StateMachineUpdater: set stopIndex = 30
2022-10-11 08:13:38,701 [dfd1ace6-5921-4c65-82d6-ac571288ab09@group-7922759BA704-FollowerState] INFO  impl.FollowerState (FollowerState.java:run(152)) - dfd1ace6-5921-4c65-82d6-ac571288ab09@group-7922759BA704-FollowerState was interrupted
2022-10-11 08:13:38,701 [dfd1ace6-5921-4c65-82d6-ac571288ab09@group-7922759BA704-StateMachineUpdater] INFO  ratis.ContainerStateMachine (ContainerStateMachine.java:takeSnapshot(304)) - group-7922759BA704: Taking a snapshot at:(t:1, i:30) file /home/runner/work/ozone/ozone/hadoop-ozone/integration-test/target/test-dir/MiniOzoneClusterImpl-a7be04a2-0db3-4748-8f74-6a3cfa6a7101/datanode-0/data/ratis/370728a8-a39a-4d11-a535-7922759ba704/sm/snapshot.1_30
2022-10-11 08:13:38,701 [Listener at 127.0.0.1/39113] INFO  server.RaftServer$Division (ServerState.java:close(429)) - fa8aad91-dc65-4636-ad1d-3225222ce3fd@group-BFFD0EFAE241: closes. applyIndex: 0
2022-10-11 08:13:38,703 [dfd1ace6-5921-4c65-82d6-ac571288ab09@group-7922759BA704-StateMachineUpdater] INFO  ratis.ContainerStateMachine (ContainerStateMachine.java:takeSnapshot(315)) - group-7922759BA704: Finished taking a snapshot at:(t:1, i:30) file:/home/runner/work/ozone/ozone/hadoop-ozone/integration-test/target/test-dir/MiniOzoneClusterImpl-a7be04a2-0db3-4748-8f74-6a3cfa6a7101/datanode-0/data/ratis/370728a8-a39a-4d11-a535-7922759ba704/sm/snapshot.1_30 took: 2 ms
2022-10-11 08:13:38,711 [dfd1ace6-5921-4c65-82d6-ac571288ab09@group-7922759BA704-StateMachineUpdater] INFO  impl.StateMachineUpdater (StateMachineUpdater.java:takeSnapshot(287)) - dfd1ace6-5921-4c65-82d6-ac571288ab09@group-7922759BA704-StateMachineUpdater: Took a snapshot at index 30
2022-10-11 08:13:38,711 [dfd1ace6-5921-4c65-82d6-ac571288ab09@group-7922759BA704-StateMachineUpdater] INFO  impl.StateMachineUpdater (StateMachineUpdater.java:lambda$new$0(92)) - dfd1ace6-5921-4c65-82d6-ac571288ab09@group-7922759BA704-StateMachineUpdater: snapshotIndex: updateIncreasingly -1 -> 30
2022-10-11 08:13:38,711 [fa8aad91-dc65-4636-ad1d-3225222ce3fd@group-BFFD0EFAE241-SegmentedRaftLogWorker] INFO  segmented.SegmentedRaftLogWorker (SegmentedRaftLogWorker.java:run(336)) - fa8aad91-dc65-4636-ad1d-3225222ce3fd@group-BFFD0EFAE241-SegmentedRaftLogWorker was interrupted, exiting. There are 0 tasks remaining in the queue.
2022-10-11 08:13:38,712 [Listener at 127.0.0.1/39113] INFO  segmented.SegmentedRaftLogWorker (SegmentedRaftLogWorker.java:close(246)) - fa8aad91-dc65-4636-ad1d-3225222ce3fd@group-BFFD0EFAE241-SegmentedRaftLogWorker close()
2022-10-11 08:13:38,712 [ForkJoinPool.commonPool-worker-1] INFO  server.RaftServer$Division (ServerState.java:close(429)) - dfd1ace6-5921-4c65-82d6-ac571288ab09@group-7922759BA704: closes. applyIndex: 30
2022-10-11 08:13:38,712 [dfd1ace6-5921-4c65-82d6-ac571288ab09@group-7922759BA704-SegmentedRaftLogWorker] INFO  segmented.SegmentedRaftLogWorker (SegmentedRaftLogWorker.java:run(336)) - dfd1ace6-5921-4c65-82d6-ac571288ab09@group-7922759BA704-SegmentedRaftLogWorker was interrupted, exiting. There are 0 tasks remaining in the queue.
2022-10-11 08:13:38,713 [ForkJoinPool.commonPool-worker-1] INFO  segmented.SegmentedRaftLogWorker (SegmentedRaftLogWorker.java:close(246)) - dfd1ace6-5921-4c65-82d6-ac571288ab09@group-7922759BA704-SegmentedRaftLogWorker close()
2022-10-11 08:13:38,716 [Listener at 127.0.0.1/39113] INFO  server.GrpcService (GrpcService.java:closeImpl(269)) - fa8aad91-dc65-4636-ad1d-3225222ce3fd: shutdown server with port 41289 now
2022-10-11 08:13:38,716 [ForkJoinPool.commonPool-worker-1] INFO  server.RaftServer$Division (RaftServerImpl.java:lambda$close$4(434)) - dfd1ace6-5921-4c65-82d6-ac571288ab09@group-0BC905CEAE89: shutdown
2022-10-11 08:13:38,717 [ForkJoinPool.commonPool-worker-1] INFO  util.JmxRegister (JmxRegister.java:unregister(73)) - Successfully un-registered JMX Bean with object name Ratis:service=RaftServer,group=group-0BC905CEAE89,id=dfd1ace6-5921-4c65-82d6-ac571288ab09
2022-10-11 08:13:38,717 [ForkJoinPool.commonPool-worker-1] INFO  impl.RoleInfo (RoleInfo.java:shutdownLeaderState(93)) - dfd1ace6-5921-4c65-82d6-ac571288ab09: shutdown dfd1ace6-5921-4c65-82d6-ac571288ab09@group-0BC905CEAE89-LeaderStateImpl
2022-10-11 08:13:38,717 [ForkJoinPool.commonPool-worker-1] INFO  impl.PendingRequests (PendingRequests.java:sendNotLeaderResponses(282)) - dfd1ace6-5921-4c65-82d6-ac571288ab09@group-0BC905CEAE89-PendingRequests: sendNotLeaderResponses
2022-10-11 08:13:38,717 [ForkJoinPool.commonPool-worker-1] INFO  impl.StateMachineUpdater (StateMachineUpdater.java:stopAndJoin(153)) - dfd1ace6-5921-4c65-82d6-ac571288ab09@group-0BC905CEAE89-StateMachineUpdater: set stopIndex = 0
2022-10-11 08:13:38,717 [Listener at 127.0.0.1/39113] INFO  server.GrpcService (GrpcService.java:closeImpl(278)) - fa8aad91-dc65-4636-ad1d-3225222ce3fd: shutdown server with port 41289 successfully
2022-10-11 08:13:38,718 [dfd1ace6-5921-4c65-82d6-ac571288ab09@group-0BC905CEAE89-StateMachineUpdater] INFO  ratis.ContainerStateMachine (ContainerStateMachine.java:takeSnapshot(304)) - group-0BC905CEAE89: Taking a snapshot at:(t:1, i:0) file /home/runner/work/ozone/ozone/hadoop-ozone/integration-test/target/test-dir/MiniOzoneClusterImpl-a7be04a2-0db3-4748-8f74-6a3cfa6a7101/datanode-0/data/ratis/223cc56a-157a-4cfd-a7f0-0bc905ceae89/sm/snapshot.1_0
2022-10-11 08:13:38,718 [org.apache.ratis.util.JvmPauseMonitor$$Lambda$637/2131033858@5cb43203] INFO  util.JvmPauseMonitor (JvmPauseMonitor.java:run(109)) - JvmPauseMonitor-fa8aad91-dc65-4636-ad1d-3225222ce3fd: Stopped
2022-10-11 08:13:38,718 [dfd1ace6-5921-4c65-82d6-ac571288ab09@group-0BC905CEAE89-StateMachineUpdater] INFO  ratis.ContainerStateMachine (ContainerStateMachine.java:takeSnapshot(315)) - group-0BC905CEAE89: Finished taking a snapshot at:(t:1, i:0) file:/home/runner/work/ozone/ozone/hadoop-ozone/integration-test/target/test-dir/MiniOzoneClusterImpl-a7be04a2-0db3-4748-8f74-6a3cfa6a7101/datanode-0/data/ratis/223cc56a-157a-4cfd-a7f0-0bc905ceae89/sm/snapshot.1_0 took: 1 ms
2022-10-11 08:13:38,719 [dfd1ace6-5921-4c65-82d6-ac571288ab09@group-0BC905CEAE89-StateMachineUpdater] INFO  impl.StateMachineUpdater (StateMachineUpdater.java:takeSnapshot(287)) - dfd1ace6-5921-4c65-82d6-ac571288ab09@group-0BC905CEAE89-StateMachineUpdater: Took a snapshot at index 0
2022-10-11 08:13:38,719 [dfd1ace6-5921-4c65-82d6-ac571288ab09@group-0BC905CEAE89-StateMachineUpdater] INFO  impl.StateMachineUpdater (StateMachineUpdater.java:lambda$new$0(92)) - dfd1ace6-5921-4c65-82d6-ac571288ab09@group-0BC905CEAE89-StateMachineUpdater: snapshotIndex: updateIncreasingly -1 -> 0
2022-10-11 08:13:38,719 [ForkJoinPool.commonPool-worker-1] INFO  server.RaftServer$Division (ServerState.java:close(429)) - dfd1ace6-5921-4c65-82d6-ac571288ab09@group-0BC905CEAE89: closes. applyIndex: 0
2022-10-11 08:13:38,719 [dfd1ace6-5921-4c65-82d6-ac571288ab09@group-0BC905CEAE89-SegmentedRaftLogWorker] INFO  segmented.SegmentedRaftLogWorker (SegmentedRaftLogWorker.java:run(336)) - dfd1ace6-5921-4c65-82d6-ac571288ab09@group-0BC905CEAE89-SegmentedRaftLogWorker was interrupted, exiting. There are 0 tasks remaining in the queue.
2022-10-11 08:13:38,720 [ForkJoinPool.commonPool-worker-1] INFO  segmented.SegmentedRaftLogWorker (SegmentedRaftLogWorker.java:close(246)) - dfd1ace6-5921-4c65-82d6-ac571288ab09@group-0BC905CEAE89-SegmentedRaftLogWorker close()
2022-10-11 08:13:38,723 [ForkJoinPool.commonPool-worker-1] INFO  server.GrpcService (GrpcService.java:closeImpl(269)) - dfd1ace6-5921-4c65-82d6-ac571288ab09: shutdown server with port 40081 now
2022-10-11 08:13:38,724 [grpc-default-executor-4] WARN  server.GrpcClientProtocolService (LogUtils.java:warn(122)) - 3-UnorderedRequestStreamObserver3: onError: org.apache.ratis.thirdparty.io.grpc.StatusRuntimeException: CANCELLED: client cancelled
2022-10-11 08:13:38,725 [ForkJoinPool.commonPool-worker-1] INFO  server.GrpcService (GrpcService.java:closeImpl(278)) - dfd1ace6-5921-4c65-82d6-ac571288ab09: shutdown server with port 40081 successfully
2022-10-11 08:13:38,726 [org.apache.ratis.util.JvmPauseMonitor$$Lambda$637/2131033858@a54bf17] INFO  util.JvmPauseMonitor (JvmPauseMonitor.java:run(109)) - JvmPauseMonitor-dfd1ace6-5921-4c65-82d6-ac571288ab09: Stopped
2022-10-11 08:13:40,727 [Listener at 127.0.0.1/39113] INFO  utils.BackgroundService (BackgroundService.java:shutdown(141)) - Shutting down service BlockDeletingService
2022-10-11 08:13:40,728 [Listener at 127.0.0.1/39113] INFO  utils.BackgroundService (BackgroundService.java:shutdown(141)) - Shutting down service StaleRecoveringContainerScrubbingService
2022-10-11 08:13:40,745 [ForkJoinPool.commonPool-worker-1] INFO  utils.BackgroundService (BackgroundService.java:shutdown(141)) - Shutting down service BlockDeletingService
2022-10-11 08:13:40,746 [ForkJoinPool.commonPool-worker-1] INFO  utils.BackgroundService (BackgroundService.java:shutdown(141)) - Shutting down service StaleRecoveringContainerScrubbingService
2022-10-11 08:13:43,734 [Listener at 127.0.0.1/39113] INFO  statemachine.DatanodeStateMachine (DatanodeStateMachine.java:stopDaemon(580)) - Ozone container server stopped.
2022-10-11 08:13:43,749 [Listener at 127.0.0.1/39113] INFO  handler.ContextHandler (ContextHandler.java:doStop(1153)) - Stopped o.e.j.w.WebAppContext@54e1dc9a{hddsDatanode,/,null,STOPPED}{jar:file:/home/runner/.m2/repository/org/apache/ozone/hdds-container-service/1.3.0-SNAPSHOT/hdds-container-service-1.3.0-SNAPSHOT.jar!/webapps/hddsDatanode}
2022-10-11 08:13:43,756 [Listener at 127.0.0.1/39113] INFO  server.AbstractConnector (AbstractConnector.java:doStop(381)) - Stopped ServerConnector@35b1df36{HTTP/1.1, (http/1.1)}{0.0.0.0:0}
2022-10-11 08:13:43,756 [Listener at 127.0.0.1/39113] INFO  server.session (HouseKeeper.java:stopScavenging(149)) - node0 Stopped scavenging
2022-10-11 08:13:43,756 [Listener at 127.0.0.1/39113] INFO  handler.ContextHandler (ContextHandler.java:doStop(1153)) - Stopped o.e.j.s.ServletContextHandler@2ed0e7c9{static,/static,jar:file:/home/runner/.m2/repository/org/apache/ozone/hdds-container-service/1.3.0-SNAPSHOT/hdds-container-service-1.3.0-SNAPSHOT.jar!/webapps/static,STOPPED}
2022-10-11 08:13:43,756 [Listener at 127.0.0.1/39113] INFO  handler.ContextHandler (ContextHandler.java:doStop(1153)) - Stopped o.e.j.s.ServletContextHandler@7f96d82e{logs,/logs,file:///home/runner/work/ozone/ozone/hadoop-ozone/integration-test/target/log,STOPPED}
2022-10-11 08:13:43,763 [ForkJoinPool.commonPool-worker-1] INFO  statemachine.DatanodeStateMachine (DatanodeStateMachine.java:stopDaemon(580)) - Ozone container server stopped.
2022-10-11 08:13:43,786 [ForkJoinPool.commonPool-worker-1] INFO  handler.ContextHandler (ContextHandler.java:doStop(1153)) - Stopped o.e.j.w.WebAppContext@1fafb2ae{hddsDatanode,/,null,STOPPED}{jar:file:/home/runner/.m2/repository/org/apache/ozone/hdds-container-service/1.3.0-SNAPSHOT/hdds-container-service-1.3.0-SNAPSHOT.jar!/webapps/hddsDatanode}
2022-10-11 08:13:43,788 [ForkJoinPool.commonPool-worker-1] INFO  server.AbstractConnector (AbstractConnector.java:doStop(381)) - Stopped ServerConnector@3dd34335{HTTP/1.1, (http/1.1)}{0.0.0.0:0}
2022-10-11 08:13:43,788 [ForkJoinPool.commonPool-worker-1] INFO  server.session (HouseKeeper.java:stopScavenging(149)) - node0 Stopped scavenging
2022-10-11 08:13:43,794 [ForkJoinPool.commonPool-worker-1] INFO  handler.ContextHandler (ContextHandler.java:doStop(1153)) - Stopped o.e.j.s.ServletContextHandler@498bcd33{static,/static,jar:file:/home/runner/.m2/repository/org/apache/ozone/hdds-container-service/1.3.0-SNAPSHOT/hdds-container-service-1.3.0-SNAPSHOT.jar!/webapps/static,STOPPED}
2022-10-11 08:13:43,799 [ForkJoinPool.commonPool-worker-1] INFO  handler.ContextHandler (ContextHandler.java:doStop(1153)) - Stopped o.e.j.s.ServletContextHandler@7cb961fd{logs,/logs,file:///home/runner/work/ozone/ozone/hadoop-ozone/integration-test/target/log,STOPPED}
2022-10-11 08:13:48,763 [Listener at 127.0.0.1/39113] INFO  ozoneimpl.OzoneContainer (OzoneContainer.java:stop(400)) - Attempting to stop container services.
2022-10-11 08:13:48,763 [Listener at 127.0.0.1/39113] INFO  server.RaftServer (RaftServerProxy.java:lambda$close$7(398)) - d1cf34d5-c92a-430e-aa0c-9bc6323d5bcc: close
2022-10-11 08:13:48,764 [Listener at 127.0.0.1/39113] INFO  server.RaftServer$Division (RaftServerImpl.java:lambda$close$4(434)) - d1cf34d5-c92a-430e-aa0c-9bc6323d5bcc@group-7B5D9BB4AD55: shutdown
2022-10-11 08:13:48,764 [Listener at 127.0.0.1/39113] INFO  util.JmxRegister (JmxRegister.java:unregister(73)) - Successfully un-registered JMX Bean with object name Ratis:service=RaftServer,group=group-7B5D9BB4AD55,id=d1cf34d5-c92a-430e-aa0c-9bc6323d5bcc
2022-10-11 08:13:48,764 [Listener at 127.0.0.1/39113] INFO  impl.RoleInfo (RoleInfo.java:shutdownLeaderState(93)) - d1cf34d5-c92a-430e-aa0c-9bc6323d5bcc: shutdown d1cf34d5-c92a-430e-aa0c-9bc6323d5bcc@group-7B5D9BB4AD55-LeaderStateImpl
2022-10-11 08:13:48,764 [Listener at 127.0.0.1/39113] INFO  impl.PendingRequests (PendingRequests.java:sendNotLeaderResponses(282)) - d1cf34d5-c92a-430e-aa0c-9bc6323d5bcc@group-7B5D9BB4AD55-PendingRequests: sendNotLeaderResponses
2022-10-11 08:13:48,765 [Listener at 127.0.0.1/39113] INFO  impl.StateMachineUpdater (StateMachineUpdater.java:stopAndJoin(153)) - d1cf34d5-c92a-430e-aa0c-9bc6323d5bcc@group-7B5D9BB4AD55-StateMachineUpdater: set stopIndex = 0
2022-10-11 08:13:48,765 [d1cf34d5-c92a-430e-aa0c-9bc6323d5bcc@group-7B5D9BB4AD55-StateMachineUpdater] INFO  ratis.ContainerStateMachine (ContainerStateMachine.java:takeSnapshot(304)) - group-7B5D9BB4AD55: Taking a snapshot at:(t:1, i:0) file /home/runner/work/ozone/ozone/hadoop-ozone/integration-test/target/test-dir/MiniOzoneClusterImpl-a7be04a2-0db3-4748-8f74-6a3cfa6a7101/datanode-3/data/ratis/dd5e6055-a855-4257-bdda-7b5d9bb4ad55/sm/snapshot.1_0
2022-10-11 08:13:48,767 [d1cf34d5-c92a-430e-aa0c-9bc6323d5bcc@group-7B5D9BB4AD55-StateMachineUpdater] INFO  ratis.ContainerStateMachine (ContainerStateMachine.java:takeSnapshot(315)) - group-7B5D9BB4AD55: Finished taking a snapshot at:(t:1, i:0) file:/home/runner/work/ozone/ozone/hadoop-ozone/integration-test/target/test-dir/MiniOzoneClusterImpl-a7be04a2-0db3-4748-8f74-6a3cfa6a7101/datanode-3/data/ratis/dd5e6055-a855-4257-bdda-7b5d9bb4ad55/sm/snapshot.1_0 took: 2 ms
2022-10-11 08:13:48,767 [d1cf34d5-c92a-430e-aa0c-9bc6323d5bcc@group-7B5D9BB4AD55-StateMachineUpdater] INFO  impl.StateMachineUpdater (StateMachineUpdater.java:takeSnapshot(287)) - d1cf34d5-c92a-430e-aa0c-9bc6323d5bcc@group-7B5D9BB4AD55-StateMachineUpdater: Took a snapshot at index 0
2022-10-11 08:13:48,767 [d1cf34d5-c92a-430e-aa0c-9bc6323d5bcc@group-7B5D9BB4AD55-StateMachineUpdater] INFO  impl.StateMachineUpdater (StateMachineUpdater.java:lambda$new$0(92)) - d1cf34d5-c92a-430e-aa0c-9bc6323d5bcc@group-7B5D9BB4AD55-StateMachineUpdater: snapshotIndex: updateIncreasingly -1 -> 0
2022-10-11 08:13:48,768 [Listener at 127.0.0.1/39113] INFO  server.RaftServer$Division (ServerState.java:close(429)) - d1cf34d5-c92a-430e-aa0c-9bc6323d5bcc@group-7B5D9BB4AD55: closes. applyIndex: 0
2022-10-11 08:13:48,769 [d1cf34d5-c92a-430e-aa0c-9bc6323d5bcc@group-7B5D9BB4AD55-SegmentedRaftLogWorker] INFO  segmented.SegmentedRaftLogWorker (SegmentedRaftLogWorker.java:run(336)) - d1cf34d5-c92a-430e-aa0c-9bc6323d5bcc@group-7B5D9BB4AD55-SegmentedRaftLogWorker was interrupted, exiting. There are 0 tasks remaining in the queue.
2022-10-11 08:13:48,770 [Listener at 127.0.0.1/39113] INFO  segmented.SegmentedRaftLogWorker (SegmentedRaftLogWorker.java:close(246)) - d1cf34d5-c92a-430e-aa0c-9bc6323d5bcc@group-7B5D9BB4AD55-SegmentedRaftLogWorker close()
2022-10-11 08:13:48,771 [Listener at 127.0.0.1/39113] INFO  server.GrpcService (GrpcService.java:closeImpl(269)) - d1cf34d5-c92a-430e-aa0c-9bc6323d5bcc: shutdown server with port 35681 now
2022-10-11 08:13:48,786 [Listener at 127.0.0.1/39113] INFO  server.GrpcService (GrpcService.java:closeImpl(278)) - d1cf34d5-c92a-430e-aa0c-9bc6323d5bcc: shutdown server with port 35681 successfully
2022-10-11 08:13:48,787 [org.apache.ratis.util.JvmPauseMonitor$$Lambda$637/2131033858@1ad0a2be] INFO  util.JvmPauseMonitor (JvmPauseMonitor.java:run(109)) - JvmPauseMonitor-d1cf34d5-c92a-430e-aa0c-9bc6323d5bcc: Stopped
2022-10-11 08:13:50,807 [Listener at 127.0.0.1/39113] INFO  utils.BackgroundService (BackgroundService.java:shutdown(141)) - Shutting down service BlockDeletingService
2022-10-11 08:13:50,808 [Listener at 127.0.0.1/39113] INFO  utils.BackgroundService (BackgroundService.java:shutdown(141)) - Shutting down service StaleRecoveringContainerScrubbingService
2022-10-11 08:13:53,823 [Listener at 127.0.0.1/39113] INFO  statemachine.DatanodeStateMachine (DatanodeStateMachine.java:stopDaemon(580)) - Ozone container server stopped.
2022-10-11 08:13:53,838 [Listener at 127.0.0.1/39113] INFO  handler.ContextHandler (ContextHandler.java:doStop(1153)) - Stopped o.e.j.w.WebAppContext@630d4d7f{hddsDatanode,/,null,STOPPED}{jar:file:/home/runner/.m2/repository/org/apache/ozone/hdds-container-service/1.3.0-SNAPSHOT/hdds-container-service-1.3.0-SNAPSHOT.jar!/webapps/hddsDatanode}
2022-10-11 08:13:53,847 [Listener at 127.0.0.1/39113] INFO  server.AbstractConnector (AbstractConnector.java:doStop(381)) - Stopped ServerConnector@a1dbbf4{HTTP/1.1, (http/1.1)}{0.0.0.0:0}
2022-10-11 08:13:53,847 [Listener at 127.0.0.1/39113] INFO  server.session (HouseKeeper.java:stopScavenging(149)) - node0 Stopped scavenging
2022-10-11 08:13:53,847 [Listener at 127.0.0.1/39113] INFO  handler.ContextHandler (ContextHandler.java:doStop(1153)) - Stopped o.e.j.s.ServletContextHandler@50a9fa29{static,/static,jar:file:/home/runner/.m2/repository/org/apache/ozone/hdds-container-service/1.3.0-SNAPSHOT/hdds-container-service-1.3.0-SNAPSHOT.jar!/webapps/static,STOPPED}
2022-10-11 08:13:53,848 [Listener at 127.0.0.1/39113] INFO  handler.ContextHandler (ContextHandler.java:doStop(1153)) - Stopped o.e.j.s.ServletContextHandler@7b5f32be{logs,/logs,file:///home/runner/work/ozone/ozone/hadoop-ozone/integration-test/target/log,STOPPED}
2022-10-11 08:13:53,858 [Listener at 127.0.0.1/39113] INFO  ozone.MiniOzoneClusterImpl (MiniOzoneClusterImpl.java:stopSCM(537)) - Stopping the StorageContainerManager
2022-10-11 08:13:53,858 [Listener at 127.0.0.1/39113] INFO  server.StorageContainerManager (StorageContainerManager.java:stop(1528)) - Container Balancer is not running.
2022-10-11 08:13:53,858 [Listener at 127.0.0.1/39113] INFO  server.StorageContainerManager (StorageContainerManager.java:stop(1535)) - Stopping Replication Manager Service.
2022-10-11 08:13:53,858 [Listener at 127.0.0.1/39113] INFO  replication.ReplicationManager (ReplicationManager.java:stop(257)) - Stopping Replication Monitor Thread.
2022-10-11 08:13:53,858 [Listener at 127.0.0.1/39113] INFO  server.StorageContainerManager (StorageContainerManager.java:stop(1542)) - Stopping the Datanode Admin Monitor.
2022-10-11 08:13:53,858 [Over Replicated Processor] WARN  replication.OverReplicatedProcessor (OverReplicatedProcessor.java:run(137)) - Over Replicated Processor interrupted. Exiting...
2022-10-11 08:13:53,858 [ReplicationMonitor] INFO  replication.ReplicationManager (ReplicationManager.java:run(509)) - Replication Monitor Thread is stopped
2022-10-11 08:13:53,858 [Listener at 127.0.0.1/39113] INFO  server.StorageContainerManager (StorageContainerManager.java:stop(1549)) - Stopping Lease Manager of the command watchers
2022-10-11 08:13:53,858 [Under Replicated Processor] WARN  replication.UnderReplicatedProcessor (UnderReplicatedProcessor.java:run(148)) - Under Replicated Processor interrupted. Exiting...
2022-10-11 08:13:53,859 [Listener at 127.0.0.1/39113] INFO  server.StorageContainerManager (StorageContainerManager.java:stop(1556)) - Stopping datanode service RPC server
2022-10-11 08:13:53,859 [Listener at 127.0.0.1/39113] INFO  server.SCMDatanodeProtocolServer (SCMDatanodeProtocolServer.java:stop(414)) - Stopping the RPC server for DataNodes
2022-10-11 08:13:53,859 [Listener at 127.0.0.1/39113] INFO  ipc.Server (Server.java:stop(3414)) - Stopping server on 41371
2022-10-11 08:13:53,860 [IPC Server listener on 0] INFO  ipc.Server (Server.java:run(1376)) - Stopping IPC Server listener on 0
2022-10-11 08:13:53,861 [IPC Server Responder] INFO  ipc.Server (Server.java:run(1512)) - Stopping IPC Server Responder
2022-10-11 08:13:53,897 [SCM Heartbeat Processing Thread - 0] WARN  node.NodeStateManager (NodeStateManager.java:scheduleNextHealthCheck(870)) - Current Thread is interrupted, shutting down HB processing thread for Node Manager.
2022-10-11 08:13:53,897 [Listener at 127.0.0.1/39113] INFO  server.StorageContainerManager (StorageContainerManager.java:stop(1564)) - Stopping block service RPC server
2022-10-11 08:13:53,897 [Listener at 127.0.0.1/39113] INFO  server.SCMBlockProtocolServer (SCMBlockProtocolServer.java:stop(161)) - Stopping the RPC server for Block Protocol
2022-10-11 08:13:53,897 [Listener at 127.0.0.1/39113] INFO  ipc.Server (Server.java:stop(3414)) - Stopping server on 38229
2022-10-11 08:13:53,902 [IPC Server listener on 0] INFO  ipc.Server (Server.java:run(1376)) - Stopping IPC Server listener on 0
2022-10-11 08:13:53,902 [Listener at 127.0.0.1/39113] INFO  server.StorageContainerManager (StorageContainerManager.java:stop(1571)) - Stopping the StorageContainerLocationProtocol RPC server
2022-10-11 08:13:53,903 [Listener at 127.0.0.1/39113] INFO  server.SCMClientProtocolServer (SCMClientProtocolServer.java:stop(179)) - Stopping the RPC server for Client Protocol
2022-10-11 08:13:53,903 [Listener at 127.0.0.1/39113] INFO  ipc.Server (Server.java:stop(3414)) - Stopping server on 36333
2022-10-11 08:13:53,903 [IPC Server Responder] INFO  ipc.Server (Server.java:run(1512)) - Stopping IPC Server Responder
2022-10-11 08:13:53,905 [Listener at 127.0.0.1/39113] INFO  server.StorageContainerManager (StorageContainerManager.java:stop(1578)) - Stopping Storage Container Manager HTTP server.
2022-10-11 08:13:53,905 [Listener at 127.0.0.1/39113] INFO  handler.ContextHandler (ContextHandler.java:doStop(1153)) - Stopped o.e.j.w.WebAppContext@6e7d9d0{scm,/,null,STOPPED}{file:/home/runner/work/ozone/ozone/hadoop-ozone/integration-test/target/test-classes/webapps/scm}
2022-10-11 08:13:53,905 [IPC Server Responder] INFO  ipc.Server (Server.java:run(1512)) - Stopping IPC Server Responder
2022-10-11 08:13:53,906 [IPC Server listener on 0] INFO  ipc.Server (Server.java:run(1376)) - Stopping IPC Server listener on 0
2022-10-11 08:13:53,909 [Listener at 127.0.0.1/39113] INFO  server.AbstractConnector (AbstractConnector.java:doStop(381)) - Stopped ServerConnector@445f6aa7{HTTP/1.1, (http/1.1)}{0.0.0.0:0}
2022-10-11 08:13:53,910 [Listener at 127.0.0.1/39113] INFO  server.session (HouseKeeper.java:stopScavenging(149)) - node0 Stopped scavenging
2022-10-11 08:13:53,910 [Listener at 127.0.0.1/39113] INFO  handler.ContextHandler (ContextHandler.java:doStop(1153)) - Stopped o.e.j.s.ServletContextHandler@593e594f{static,/static,file:///home/runner/work/ozone/ozone/hadoop-ozone/integration-test/target/test-classes/webapps/static,STOPPED}
2022-10-11 08:13:53,910 [Listener at 127.0.0.1/39113] INFO  handler.ContextHandler (ContextHandler.java:doStop(1153)) - Stopped o.e.j.s.ServletContextHandler@4197e859{logs,/logs,file:///home/runner/work/ozone/ozone/hadoop-ozone/integration-test/target/log,STOPPED}
2022-10-11 08:13:53,927 [Listener at 127.0.0.1/39113] INFO  server.StorageContainerManager (StorageContainerManager.java:stop(1584)) - Stopping SCM LayoutVersionManager Service.
2022-10-11 08:13:53,927 [Listener at 127.0.0.1/39113] INFO  server.StorageContainerManager (StorageContainerManager.java:stop(1592)) - Stopping Block Manager Service.
2022-10-11 08:13:53,927 [Listener at 127.0.0.1/39113] INFO  utils.BackgroundService (BackgroundService.java:shutdown(141)) - Shutting down service SCMBlockDeletingService
2022-10-11 08:13:53,927 [Listener at 127.0.0.1/39113] INFO  utils.BackgroundService (BackgroundService.java:shutdown(141)) - Shutting down service SCMBlockDeletingService
2022-10-11 08:13:53,927 [Listener at 127.0.0.1/39113] INFO  server.StorageContainerManager (StorageContainerManager.java:stop(1619)) - Stopping SCM Event Queue.
2022-10-11 08:13:53,931 [Listener at 127.0.0.1/39113] INFO  server.StorageContainerManager (StorageContainerManager.java:stop(1630)) - Stopping SCM HA services.
2022-10-11 08:13:53,931 [Listener at 127.0.0.1/39113] INFO  pipeline.BackgroundPipelineCreator (BackgroundPipelineCreator.java:stop(149)) - Stopping RatisPipelineUtilsThread.
2022-10-11 08:13:53,931 [RatisPipelineUtilsThread - 0] WARN  pipeline.BackgroundPipelineCreator (BackgroundPipelineCreator.java:run(180)) - RatisPipelineUtilsThread is interrupted.
2022-10-11 08:13:53,931 [Listener at 127.0.0.1/39113] INFO  BackgroundPipelineScrubber (BackgroundSCMService.java:stop(131)) - Stopping BackgroundPipelineScrubber Service.
2022-10-11 08:13:53,931 [BackgroundPipelineScrubberThread] WARN  BackgroundPipelineScrubber (BackgroundSCMService.java:run(115)) - BackgroundPipelineScrubber is interrupted, exit
2022-10-11 08:13:53,932 [Listener at 127.0.0.1/39113] INFO  server.StorageContainerManager (StorageContainerManager.java:stop(1640)) - Stopping SCM MetadataStore.
2022-10-11 08:13:53,933 [Listener at 127.0.0.1/39113] INFO  impl.MetricsSystemImpl (MetricsSystemImpl.java:stop(210)) - Stopping XceiverClientMetrics metrics system...
2022-10-11 08:13:53,944 [prometheus] INFO  impl.MetricsSinkAdapter (MetricsSinkAdapter.java:publishMetricsFromQueue(141)) - prometheus thread interrupted.
2022-10-11 08:13:53,944 [Listener at 127.0.0.1/39113] INFO  impl.MetricsSystemImpl (MetricsSystemImpl.java:stop(216)) - XceiverClientMetrics metrics system stopped.
2022-10-11 08:13:54,159 [Listener at 127.0.0.1/39113] WARN  server.ServerUtils (ServerUtils.java:getScmDbDir(148)) - ozone.scm.db.dirs is not configured. We recommend adding this setting. Falling back to ozone.metadata.dirs instead.
2022-10-11 08:13:54,162 [Listener at 127.0.0.1/39113] WARN  server.ServerUtils (ServerUtils.java:getScmDbDir(148)) - ozone.scm.db.dirs is not configured. We recommend adding this setting. Falling back to ozone.metadata.dirs instead.
2022-10-11 08:13:54,162 [Listener at 127.0.0.1/39113] INFO  ha.SCMHANodeDetails (SCMHANodeDetails.java:loadSCMHAConfig(209)) - ServiceID for StorageContainerManager is null
2022-10-11 08:13:54,162 [Listener at 127.0.0.1/39113] INFO  ha.SCMHANodeDetails (SCMHANodeDetails.java:loadSCMHAConfig(214)) - ozone.scm.default.service.id is not defined, falling back to ozone.scm.service.ids to find serviceID for StorageContainerManager if it is HA enabled cluster
2022-10-11 08:13:54,163 [Listener at 127.0.0.1/39113] WARN  utils.HAUtils (HAUtils.java:getMetaDir(342)) - ozone.scm.db.dirs is not configured. We recommend adding this setting. Falling back to ozone.metadata.dirs instead.
2022-10-11 08:13:54,164 [Listener at 127.0.0.1/39113] WARN  db.DBStoreBuilder (DBStoreBuilder.java:applyDBDefinition(144)) - ozone.scm.db.dirs is not configured. We recommend adding this setting. Falling back to ozone.metadata.dirs instead.
2022-10-11 08:13:54,376 [Listener at 127.0.0.1/39113] INFO  net.NodeSchemaLoader (NodeSchemaLoader.java:loadSchemaFromFile(129)) - Loading schema from [jar:file:/home/runner/.m2/repository/org/apache/ozone/hdds-common/1.3.0-SNAPSHOT/hdds-common-1.3.0-SNAPSHOT.jar!/network-topology-default.xml]
2022-10-11 08:13:54,376 [Listener at 127.0.0.1/39113] INFO  net.NodeSchemaLoader (NodeSchemaLoader.java:loadSchema(176)) - Loading network topology layer schema file
2022-10-11 08:13:54,392 [Listener at 127.0.0.1/39113] INFO  upgrade.AbstractLayoutVersionManager (AbstractLayoutVersionManager.java:init(83)) - Initializing Layout version manager with metadata layout = DATANODE_SCHEMA_V3 (version = 4), software layout = DATANODE_SCHEMA_V3 (version = 4)
2022-10-11 08:13:54,492 [Listener at 127.0.0.1/39113] INFO  reflections.Reflections (Reflections.java:scan(232)) - Reflections took 99 ms to scan 7 urls, producing 137 keys and 328 values 
2022-10-11 08:13:54,494 [Listener at 127.0.0.1/39113] INFO  ha.SequenceIdGenerator (SequenceIdGenerator.java:upgradeToSequenceId(349)) - upgrade localId to 109611004723200000
2022-10-11 08:13:54,494 [Listener at 127.0.0.1/39113] INFO  ha.SequenceIdGenerator (SequenceIdGenerator.java:upgradeToSequenceId(359)) - upgrade delTxnId to 0
2022-10-11 08:13:54,494 [Listener at 127.0.0.1/39113] INFO  ha.SequenceIdGenerator (SequenceIdGenerator.java:upgradeToSequenceId(376)) - upgrade containerId to 0
2022-10-11 08:13:54,494 [Listener at 127.0.0.1/39113] INFO  ha.SequenceIdGenerator (SequenceIdGenerator.java:<init>(220)) - Init the HA SequenceIdGenerator.
2022-10-11 08:13:54,494 [Listener at 127.0.0.1/39113] WARN  server.ServerUtils (ServerUtils.java:sanitizeUserArgs(73)) - ozone.scm.stale.node.interval value = 300000 is larger than max = 100000 based on the key value of ozone.scm.heartbeat.thread.interval, reset to the max value 100000.
2022-10-11 08:13:54,495 [Listener at 127.0.0.1/39113] WARN  server.ServerUtils (ServerUtils.java:sanitizeUserArgs(73)) - ozone.scm.stale.node.interval value = 300000 is larger than max = 100000 based on the key value of ozone.scm.heartbeat.thread.interval, reset to the max value 100000.
2022-10-11 08:13:54,502 [Listener at 127.0.0.1/39113] INFO  node.SCMNodeManager (SCMNodeManager.java:<init>(149)) - Entering startup safe mode.
2022-10-11 08:13:54,503 [Listener at 127.0.0.1/39113] INFO  algorithms.ContainerPlacementPolicyFactory (ContainerPlacementPolicyFactory.java:getPolicyInternal(86)) - Create container placement policy of type org.apache.hadoop.hdds.scm.container.placement.algorithms.SCMContainerPlacementRandom
2022-10-11 08:13:54,503 [Listener at 127.0.0.1/39113] INFO  algorithms.ContainerPlacementPolicyFactory (ContainerPlacementPolicyFactory.java:getPolicyInternal(86)) - Create container placement policy of type org.apache.hadoop.hdds.scm.container.placement.algorithms.SCMContainerPlacementRackScatter
2022-10-11 08:13:54,503 [Listener at 127.0.0.1/39113] INFO  pipeline.PipelineStateManagerImpl (PipelineStateManagerImpl.java:initialize(78)) - No pipeline exists in current db
2022-10-11 08:13:54,503 [Listener at 127.0.0.1/39113] INFO  algorithms.LeaderChoosePolicyFactory (LeaderChoosePolicyFactory.java:getPolicy(57)) - Create leader choose policy of type org.apache.hadoop.hdds.scm.pipeline.leader.choose.algorithms.MinLeaderCountChoosePolicy
2022-10-11 08:13:54,503 [Listener at 127.0.0.1/39113] INFO  algorithms.ContainerPlacementPolicyFactory (ContainerPlacementPolicyFactory.java:getPolicyInternal(86)) - Create container placement policy of type org.apache.hadoop.hdds.scm.container.placement.algorithms.SCMContainerPlacementRackScatter
2022-10-11 08:13:54,504 [Listener at 127.0.0.1/39113] INFO  ha.SCMServiceManager (SCMServiceManager.java:register(42)) - Registering service BackgroundPipelineCreator.
2022-10-11 08:13:54,504 [Listener at 127.0.0.1/39113] INFO  pipeline.BackgroundPipelineCreator (BackgroundPipelineCreator.java:start(124)) - Starting RatisPipelineUtilsThread.
2022-10-11 08:13:54,522 [Listener at 127.0.0.1/39113] INFO  BackgroundPipelineScrubber (BackgroundSCMService.java:start(68)) - Starting BackgroundPipelineScrubber Service.
2022-10-11 08:13:54,523 [Listener at 127.0.0.1/39113] INFO  ha.SCMServiceManager (SCMServiceManager.java:register(42)) - Registering service BackgroundPipelineScrubber.
2022-10-11 08:13:54,523 [Listener at 127.0.0.1/39113] INFO  ExpiredContainerReplicaOpScrubber (BackgroundSCMService.java:start(68)) - Starting ExpiredContainerReplicaOpScrubber Service.
2022-10-11 08:13:54,530 [Listener at 127.0.0.1/39113] INFO  ha.SCMServiceManager (SCMServiceManager.java:register(42)) - Registering service ExpiredContainerReplicaOpScrubber.
2022-10-11 08:13:54,531 [Listener at 127.0.0.1/39113] INFO  algorithms.PipelineChoosePolicyFactory (PipelineChoosePolicyFactory.java:createPipelineChoosePolicyFromClass(73)) - Create pipeline choose policy of type org.apache.hadoop.hdds.scm.pipeline.choose.algorithms.RandomPipelineChoosePolicy
2022-10-11 08:13:54,532 [Listener at 127.0.0.1/39113] INFO  ha.SCMServiceManager (SCMServiceManager.java:register(42)) - Registering service SCMBlockDeletingService.
2022-10-11 08:13:54,532 [Listener at 127.0.0.1/39113] INFO  replication.ReplicationManager (ReplicationManager.java:start(223)) - Starting Replication Monitor Thread.
2022-10-11 08:13:54,562 [Listener at 127.0.0.1/39113] INFO  ha.SCMServiceManager (SCMServiceManager.java:register(42)) - Registering service ReplicationManager.
2022-10-11 08:13:54,563 [Listener at 127.0.0.1/39113] INFO  safemode.ContainerSafeModeRule (ContainerSafeModeRule.java:<init>(89)) - containers with one replica threshold count 0
2022-10-11 08:13:54,563 [Listener at 127.0.0.1/39113] INFO  safemode.HealthyPipelineSafeModeRule (HealthyPipelineSafeModeRule.java:initializeRule(169)) - Total pipeline count is 0, healthy pipeline threshold count is 1
2022-10-11 08:13:54,563 [Listener at 127.0.0.1/39113] INFO  safemode.OneReplicaPipelineSafeModeRule (OneReplicaPipelineSafeModeRule.java:initializeRule(180)) - Total pipeline count is 0, pipeline's with at least one datanode reported threshold count is 0
2022-10-11 08:13:54,568 [Listener at 127.0.0.1/39113] INFO  ipc.CallQueueManager (CallQueueManager.java:<init>(90)) - Using callQueue: class java.util.concurrent.LinkedBlockingQueue, queueCapacity: 2000, scheduler: class org.apache.hadoop.ipc.DefaultRpcScheduler, ipcBackoff: false.
2022-10-11 08:13:54,569 [Socket Reader #1 for port 0] INFO  ipc.Server (Server.java:run(1265)) - Starting Socket Reader #1 for port 0
2022-10-11 08:13:54,569 [Listener at 0.0.0.0/33071] INFO  ipc.CallQueueManager (CallQueueManager.java:<init>(90)) - Using callQueue: class java.util.concurrent.LinkedBlockingQueue, queueCapacity: 2000, scheduler: class org.apache.hadoop.ipc.DefaultRpcScheduler, ipcBackoff: false.
2022-10-11 08:13:54,584 [ReplicationMonitor] INFO  replication.ReplicationManager (ReplicationManager.java:processAll(291)) - Replication Manager is not ready to run until 3000ms after safemode exit
2022-10-11 08:13:54,585 [Listener at 0.0.0.0/43875] INFO  ipc.CallQueueManager (CallQueueManager.java:<init>(90)) - Using callQueue: class java.util.concurrent.LinkedBlockingQueue, queueCapacity: 2000, scheduler: class org.apache.hadoop.ipc.DefaultRpcScheduler, ipcBackoff: false.
2022-10-11 08:13:54,587 [Socket Reader #1 for port 0] INFO  ipc.Server (Server.java:run(1265)) - Starting Socket Reader #1 for port 0
2022-10-11 08:13:54,598 [Socket Reader #1 for port 0] INFO  ipc.Server (Server.java:run(1265)) - Starting Socket Reader #1 for port 0
2022-10-11 08:13:54,648 [Listener at 0.0.0.0/46301] INFO  ha.SCMServiceManager (SCMServiceManager.java:register(42)) - Registering service ContainerBalancer.
2022-10-11 08:13:54,648 [Listener at 0.0.0.0/46301] INFO  server.StorageContainerManager (StorageContainerManager.java:<init>(410)) - 
Container Balancer status:
Key                            Value
Running                        false
Container Balancer Configuration values:
Key                                                Value
Threshold                                          10
Max Datanodes to Involve per Iteration(percent)    20
Max Size to Move per Iteration                     500GB
Max Size Entering Target per Iteration             26GB
Max Size Leaving Source per Iteration              26GB

2022-10-11 08:13:54,649 [Listener at 0.0.0.0/46301] WARN  events.EventQueue (EventQueue.java:fireEvent(216)) - No event handler registered for event TypedEvent{payloadType=SafeModeStatus, name='Safe mode status'}
2022-10-11 08:13:54,649 [Listener at 0.0.0.0/46301] INFO  ha.SCMContext (SCMContext.java:updateSafeModeStatus(228)) - Update SafeModeStatus from SafeModeStatus{safeModeStatus=true, preCheckPassed=false} to SafeModeStatus{safeModeStatus=true, preCheckPassed=false}.
2022-10-11 08:13:54,649 [Listener at 0.0.0.0/46301] INFO  server.StorageContainerManager (StorageContainerManager.java:start(1436)) - StorageContainerLocationProtocol RPC server is listening at /0.0.0.0:46301
2022-10-11 08:13:54,650 [Listener at 0.0.0.0/46301] WARN  impl.MetricsConfig (MetricsConfig.java:loadFirst(136)) - Cannot locate configuration: tried hadoop-metrics2-storagecontainermanager.properties,hadoop-metrics2.properties
2022-10-11 08:13:54,669 [Listener at 0.0.0.0/46301] INFO  impl.MetricsSystemImpl (MetricsSystemImpl.java:startTimer(378)) - Scheduled Metric snapshot period at 10 second(s).
2022-10-11 08:13:54,669 [Listener at 0.0.0.0/46301] INFO  impl.MetricsSystemImpl (MetricsSystemImpl.java:start(191)) - StorageContainerManager metrics system started
2022-10-11 08:13:54,685 [Listener at 0.0.0.0/46301] INFO  impl.MetricsSinkAdapter (MetricsSinkAdapter.java:start(204)) - Sink prometheus started
2022-10-11 08:13:54,687 [Listener at 0.0.0.0/46301] INFO  impl.MetricsSystemImpl (MetricsSystemImpl.java:registerSink(305)) - Registered sink prometheus
2022-10-11 08:13:54,702 [Listener at 0.0.0.0/46301] INFO  server.SCMClientProtocolServer (SCMClientProtocolServer.java:start(170)) - RPC server for Client  is listening at /0.0.0.0:46301
2022-10-11 08:13:54,713 [IPC Server Responder] INFO  ipc.Server (Server.java:run(1507)) - IPC Server Responder: starting
2022-10-11 08:13:54,713 [IPC Server listener on 0] INFO  ipc.Server (Server.java:run(1344)) - IPC Server listener on 0: starting
2022-10-11 08:13:54,773 [Listener at 0.0.0.0/46301] INFO  server.StorageContainerManager (StorageContainerManager.java:start(1451)) - ScmBlockLocationProtocol RPC server is listening at /0.0.0.0:43875
2022-10-11 08:13:54,773 [Listener at 0.0.0.0/46301] INFO  server.SCMBlockProtocolServer (SCMBlockProtocolServer.java:start(152)) - RPC server for Block Protocol is listening at /0.0.0.0:43875
2022-10-11 08:13:54,774 [IPC Server Responder] INFO  ipc.Server (Server.java:run(1507)) - IPC Server Responder: starting
2022-10-11 08:13:54,774 [IPC Server listener on 0] INFO  ipc.Server (Server.java:run(1344)) - IPC Server listener on 0: starting
2022-10-11 08:13:54,780 [Listener at 0.0.0.0/46301] INFO  server.SCMDatanodeProtocolServer (SCMDatanodeProtocolServer.java:start(186)) - ScmDatanodeProtocol RPC server for DataNodes is listening at /0.0.0.0:33071
2022-10-11 08:13:54,780 [IPC Server Responder] INFO  ipc.Server (Server.java:run(1507)) - IPC Server Responder: starting
2022-10-11 08:13:54,780 [IPC Server listener on 0] INFO  ipc.Server (Server.java:run(1344)) - IPC Server listener on 0: starting
2022-10-11 08:13:54,832 [Listener at 0.0.0.0/46301] INFO  http.BaseHttpServer (BaseHttpServer.java:newHttpServer2BuilderForOzone(213)) - Starting Web-server for scm at: http://0.0.0.0:0
2022-10-11 08:13:54,832 [Listener at 0.0.0.0/46301] INFO  http.BaseHttpServer (BaseHttpServer.java:<init>(108)) - Hadoop Security Enabled: false Ozone Security Enabled: false Ozone HTTP Security Enabled: false 
2022-10-11 08:13:54,836 [Listener at 0.0.0.0/46301] INFO  server.AuthenticationFilter (AuthenticationFilter.java:constructSecretProvider(240)) - Unable to initialize FileSignerSecretProvider, falling back to use random secrets.
2022-10-11 08:13:54,836 [org.apache.hadoop.util.JvmPauseMonitor$Monitor@38c30a86] INFO  util.JvmPauseMonitor (JvmPauseMonitor.java:run(188)) - Starting JVM pause monitor
2022-10-11 08:13:54,843 [Listener at 0.0.0.0/46301] WARN  http.HttpRequestLog (HttpRequestLog.java:getRequestLog(103)) - Jetty request log can only be enabled using Log4j
2022-10-11 08:13:54,844 [Listener at 0.0.0.0/46301] INFO  http.HttpServer2 (HttpServer2.java:addGlobalFilter(1031)) - Added global filter 'safety' (class=org.apache.hadoop.hdds.server.http.HttpServer2$QuotingInputFilter)
2022-10-11 08:13:54,845 [Listener at 0.0.0.0/46301] INFO  http.HttpServer2 (HttpServer2.java:addFilter(1007)) - Added filter static_user_filter (class=org.apache.hadoop.http.lib.StaticUserWebFilter$StaticUserFilter) to context scm
2022-10-11 08:13:54,845 [Listener at 0.0.0.0/46301] INFO  http.HttpServer2 (HttpServer2.java:addFilter(1015)) - Added filter static_user_filter (class=org.apache.hadoop.http.lib.StaticUserWebFilter$StaticUserFilter) to context static
2022-10-11 08:13:54,845 [Listener at 0.0.0.0/46301] INFO  http.HttpServer2 (HttpServer2.java:addFilter(1015)) - Added filter static_user_filter (class=org.apache.hadoop.http.lib.StaticUserWebFilter$StaticUserFilter) to context logs
2022-10-11 08:13:54,845 [Listener at 0.0.0.0/46301] INFO  http.HttpServer2 (HttpServer2.java:bindListener(1250)) - Jetty bound to port 37229
2022-10-11 08:13:54,845 [Listener at 0.0.0.0/46301] INFO  server.Server (Server.java:doStart(375)) - jetty-9.4.43.v20210629; built: 2021-06-30T11:07:22.254Z; git: 526006ecfa3af7f1a27ef3a288e2bef7ea9dd7e8; jvm 1.8.0_345-b01
2022-10-11 08:13:54,874 [Listener at 0.0.0.0/46301] INFO  server.session (DefaultSessionIdManager.java:doStart(334)) - DefaultSessionIdManager workerName=node0
2022-10-11 08:13:54,875 [Listener at 0.0.0.0/46301] INFO  server.session (DefaultSessionIdManager.java:doStart(339)) - No SessionScavenger set, using defaults
2022-10-11 08:13:54,875 [Listener at 0.0.0.0/46301] INFO  server.session (HouseKeeper.java:startScavenging(132)) - node0 Scavenging every 600000ms
2022-10-11 08:13:54,876 [Listener at 0.0.0.0/46301] INFO  handler.ContextHandler (ContextHandler.java:doStart(915)) - Started o.e.j.s.ServletContextHandler@c409b0e{logs,/logs,file:///home/runner/work/ozone/ozone/hadoop-ozone/integration-test/target/log,AVAILABLE}
2022-10-11 08:13:54,876 [Listener at 0.0.0.0/46301] INFO  handler.ContextHandler (ContextHandler.java:doStart(915)) - Started o.e.j.s.ServletContextHandler@6e69b9f3{static,/static,file:///home/runner/work/ozone/ozone/hadoop-ozone/integration-test/target/test-classes/webapps/static,AVAILABLE}
2022-10-11 08:13:54,879 [Listener at 0.0.0.0/46301] INFO  handler.ContextHandler (ContextHandler.java:doStart(915)) - Started o.e.j.w.WebAppContext@275d9b90{scm,/,file:///home/runner/work/ozone/ozone/hadoop-ozone/integration-test/target/test-classes/webapps/scm/,AVAILABLE}{file:/home/runner/work/ozone/ozone/hadoop-ozone/integration-test/target/test-classes/webapps/scm}
2022-10-11 08:13:54,898 [Listener at 0.0.0.0/46301] INFO  server.AbstractConnector (AbstractConnector.java:doStart(331)) - Started ServerConnector@3cd33897{HTTP/1.1, (http/1.1)}{0.0.0.0:37229}
2022-10-11 08:13:54,899 [Listener at 0.0.0.0/46301] INFO  server.Server (Server.java:doStart(415)) - Started @82082ms
2022-10-11 08:13:54,899 [Listener at 0.0.0.0/46301] WARN  impl.MetricsSystemImpl (MetricsSystemImpl.java:register(279)) - Sink prometheus already exists!
2022-10-11 08:13:54,902 [Listener at 0.0.0.0/46301] INFO  http.BaseHttpServer (BaseHttpServer.java:updateConnectorAddress(333)) - HTTP server of scm listening at http://0.0.0.0:37229
2022-10-11 08:13:54,902 [Listener at 0.0.0.0/46301] WARN  server.ServerUtils (ServerUtils.java:getDBPath(225)) - ozone.om.db.dirs is not configured. We recommend adding this setting. Falling back to ozone.metadata.dirs instead.
2022-10-11 08:13:54,906 [Listener at 0.0.0.0/46301] INFO  ha.OMHANodeDetails (OMHANodeDetails.java:loadOMHAConfig(115)) - ozone.om.internal.service.id is not defined, falling back to ozone.om.service.ids to find serviceID for OzoneManager if it is HA enabled cluster
2022-10-11 08:13:54,906 [Listener at 0.0.0.0/46301] INFO  ha.OMHANodeDetails (OMHANodeDetails.java:loadOMHAConfig(226)) - Configuration does not have ozone.om.address set. Falling back to the default OM address /127.0.0.1:0
2022-10-11 08:13:54,906 [Listener at 0.0.0.0/46301] INFO  ha.OMHANodeDetails (OMHANodeDetails.java:getOMNodeDetailsForNonHA(254)) - OM Service ID is not set. Setting it to the default ID: omServiceIdDefault
2022-10-11 08:13:54,906 [Listener at 0.0.0.0/46301] INFO  ha.OMHANodeDetails (OMHANodeDetails.java:getOMNodeDetailsForNonHA(261)) - OM Node ID is not set. Setting it to the default ID: om1
2022-10-11 08:13:54,907 [Listener at 0.0.0.0/46301] WARN  server.ServerUtils (ServerUtils.java:getDBPath(225)) - ozone.om.db.dirs is not configured. We recommend adding this setting. Falling back to ozone.metadata.dirs instead.
2022-10-11 08:13:54,907 [Listener at 0.0.0.0/46301] INFO  upgrade.AbstractLayoutVersionManager (AbstractLayoutVersionManager.java:init(83)) - Initializing Layout version manager with metadata layout = MULTITENANCY_SCHEMA (version = 3), software layout = MULTITENANCY_SCHEMA (version = 3)
2022-10-11 08:13:55,082 [Listener at 0.0.0.0/46301] INFO  reflections.Reflections (Reflections.java:scan(232)) - Reflections took 174 ms to scan 2 urls, producing 154 keys and 428 values [using 2 cores]
2022-10-11 08:13:55,083 [Listener at 0.0.0.0/46301] INFO  upgrade.OMLayoutVersionManager (OMLayoutVersionManager.java:lambda$0(115)) - Skipping Upgrade Action MockOmUpgradeAction since it has been finalized.
2022-10-11 08:13:55,083 [Listener at 0.0.0.0/46301] WARN  server.ServerUtils (ServerUtils.java:getDBPath(225)) - ozone.om.db.dirs is not configured. We recommend adding this setting. Falling back to ozone.metadata.dirs instead.
2022-10-11 08:13:55,084 [Listener at 0.0.0.0/46301] INFO  proxy.SCMBlockLocationFailoverProxyProvider (SCMBlockLocationFailoverProxyProvider.java:<init>(114)) - Created block location fail-over proxy with 1 nodes: [nodeId=scmNodeId,nodeAddress=/0.0.0.0:43875]
2022-10-11 08:13:55,085 [Listener at 0.0.0.0/46301] INFO  proxy.SCMBlockLocationFailoverProxyProvider (SCMBlockLocationFailoverProxyProvider.java:<init>(114)) - Created block location fail-over proxy with 1 nodes: [nodeId=scmNodeId,nodeAddress=/0.0.0.0:43875]
2022-10-11 08:13:55,104 [Listener at 0.0.0.0/46301] WARN  server.ServerUtils (ServerUtils.java:getDBPath(225)) - ozone.om.db.dirs is not configured. We recommend adding this setting. Falling back to ozone.metadata.dirs instead.
2022-10-11 08:13:55,104 [Listener at 0.0.0.0/46301] INFO  codec.OmKeyInfoCodec (OmKeyInfoCodec.java:<init>(49)) - OmKeyInfoCodec ignorePipeline = true
2022-10-11 08:13:55,104 [Listener at 0.0.0.0/46301] INFO  codec.RepeatedOmKeyInfoCodec (RepeatedOmKeyInfoCodec.java:<init>(41)) - RepeatedOmKeyInfoCodec ignorePipeline = true
2022-10-11 08:13:55,402 [Listener at 0.0.0.0/46301] INFO  om.OzoneManager (OzoneManager.java:instantiateServices(712)) - S3 Multi-Tenancy is disabled
2022-10-11 08:13:55,411 [Listener at 0.0.0.0/46301] INFO  om.OzoneManager (OzoneManager.java:addS3GVolumeToDB(4388)) - Created Volume s3v With Owner runner required for S3Gateway operations.
2022-10-11 08:13:55,412 [Listener at 0.0.0.0/46301] INFO  om.OzoneManager (OzoneManager.java:getRpcServer(1102)) - Creating RPC Server
2022-10-11 08:13:56,683 [Listener at 0.0.0.0/46301] INFO  reflections.Reflections (Reflections.java:scan(232)) - Reflections took 1261 ms to scan 19 urls, producing 67 keys and 4227 values [using 2 cores]
2022-10-11 08:13:56,684 [Listener at 0.0.0.0/46301] INFO  ipc.CallQueueManager (CallQueueManager.java:<init>(90)) - Using callQueue: class java.util.concurrent.LinkedBlockingQueue, queueCapacity: 2000, scheduler: class org.apache.hadoop.ipc.DefaultRpcScheduler, ipcBackoff: false.
2022-10-11 08:13:56,686 [Socket Reader #1 for port 0] INFO  ipc.Server (Server.java:run(1265)) - Starting Socket Reader #1 for port 0
2022-10-11 08:13:56,773 [Listener at 127.0.0.1/40309] INFO  impl.MetricsSystemImpl (MetricsSystemImpl.java:init(158)) - OzoneManager metrics system started (again)
2022-10-11 08:13:56,796 [Listener at 127.0.0.1/40309] INFO  om.OzoneManager (OzoneManager.java:start(1486)) - OzoneManager RPC server is listening at localhost/127.0.0.1:40309
2022-10-11 08:13:56,797 [Listener at 127.0.0.1/40309] INFO  om.OzoneManager (OzoneManager.java:start(1502)) - Version File has different layout version (3) than OM DB (null). That is expected if this OM has never been finalized to a newer layout version.
2022-10-11 08:13:56,842 [Listener at 127.0.0.1/40309] INFO  http.BaseHttpServer (BaseHttpServer.java:newHttpServer2BuilderForOzone(213)) - Starting Web-server for ozoneManager at: http://0.0.0.0:0
2022-10-11 08:13:56,843 [Listener at 127.0.0.1/40309] INFO  http.BaseHttpServer (BaseHttpServer.java:<init>(108)) - Hadoop Security Enabled: false Ozone Security Enabled: false Ozone HTTP Security Enabled: false 
2022-10-11 08:13:56,853 [Listener at 127.0.0.1/40309] INFO  server.AuthenticationFilter (AuthenticationFilter.java:constructSecretProvider(240)) - Unable to initialize FileSignerSecretProvider, falling back to use random secrets.
2022-10-11 08:13:56,866 [Listener at 127.0.0.1/40309] WARN  http.HttpRequestLog (HttpRequestLog.java:getRequestLog(103)) - Jetty request log can only be enabled using Log4j
2022-10-11 08:13:56,867 [Listener at 127.0.0.1/40309] INFO  http.HttpServer2 (HttpServer2.java:addGlobalFilter(1031)) - Added global filter 'safety' (class=org.apache.hadoop.hdds.server.http.HttpServer2$QuotingInputFilter)
2022-10-11 08:13:56,868 [Listener at 127.0.0.1/40309] INFO  http.HttpServer2 (HttpServer2.java:addFilter(1007)) - Added filter static_user_filter (class=org.apache.hadoop.http.lib.StaticUserWebFilter$StaticUserFilter) to context ozoneManager
2022-10-11 08:13:56,868 [Listener at 127.0.0.1/40309] INFO  http.HttpServer2 (HttpServer2.java:addFilter(1015)) - Added filter static_user_filter (class=org.apache.hadoop.http.lib.StaticUserWebFilter$StaticUserFilter) to context logs
2022-10-11 08:13:56,868 [Listener at 127.0.0.1/40309] INFO  http.HttpServer2 (HttpServer2.java:addFilter(1015)) - Added filter static_user_filter (class=org.apache.hadoop.http.lib.StaticUserWebFilter$StaticUserFilter) to context static
2022-10-11 08:13:56,869 [Listener at 127.0.0.1/40309] INFO  http.HttpServer2 (HttpServer2.java:bindListener(1250)) - Jetty bound to port 34915
2022-10-11 08:13:56,869 [Listener at 127.0.0.1/40309] INFO  server.Server (Server.java:doStart(375)) - jetty-9.4.43.v20210629; built: 2021-06-30T11:07:22.254Z; git: 526006ecfa3af7f1a27ef3a288e2bef7ea9dd7e8; jvm 1.8.0_345-b01
2022-10-11 08:13:56,874 [Listener at 127.0.0.1/40309] INFO  server.session (DefaultSessionIdManager.java:doStart(334)) - DefaultSessionIdManager workerName=node0
2022-10-11 08:13:56,874 [Listener at 127.0.0.1/40309] INFO  server.session (DefaultSessionIdManager.java:doStart(339)) - No SessionScavenger set, using defaults
2022-10-11 08:13:56,874 [Listener at 127.0.0.1/40309] INFO  server.session (HouseKeeper.java:startScavenging(132)) - node0 Scavenging every 660000ms
2022-10-11 08:13:56,876 [Listener at 127.0.0.1/40309] INFO  handler.ContextHandler (ContextHandler.java:doStart(915)) - Started o.e.j.s.ServletContextHandler@2df7b4b1{logs,/logs,file:///home/runner/work/ozone/ozone/hadoop-ozone/integration-test/target/log,AVAILABLE}
2022-10-11 08:13:56,876 [Listener at 127.0.0.1/40309] INFO  handler.ContextHandler (ContextHandler.java:doStart(915)) - Started o.e.j.s.ServletContextHandler@38bb9fad{static,/static,file:///home/runner/work/ozone/ozone/hadoop-ozone/integration-test/target/test-classes/webapps/static,AVAILABLE}
2022-10-11 08:13:56,879 [Listener at 127.0.0.1/40309] INFO  handler.ContextHandler (ContextHandler.java:doStart(915)) - Started o.e.j.w.WebAppContext@c719019{ozoneManager,/,file:///home/runner/work/ozone/ozone/hadoop-ozone/integration-test/target/test-classes/webapps/ozoneManager/,AVAILABLE}{file:/home/runner/work/ozone/ozone/hadoop-ozone/integration-test/target/test-classes/webapps/ozoneManager}
2022-10-11 08:13:56,897 [Listener at 127.0.0.1/40309] INFO  server.AbstractConnector (AbstractConnector.java:doStart(331)) - Started ServerConnector@106128c8{HTTP/1.1, (http/1.1)}{0.0.0.0:34915}
2022-10-11 08:13:56,897 [Listener at 127.0.0.1/40309] INFO  server.Server (Server.java:doStart(415)) - Started @84081ms
2022-10-11 08:13:56,897 [Listener at 127.0.0.1/40309] WARN  impl.MetricsSystemImpl (MetricsSystemImpl.java:register(279)) - Sink prometheus already exists!
2022-10-11 08:13:56,898 [Listener at 127.0.0.1/40309] INFO  http.BaseHttpServer (BaseHttpServer.java:updateConnectorAddress(333)) - HTTP server of ozoneManager listening at http://0.0.0.0:34915
2022-10-11 08:13:56,906 [IPC Server Responder] INFO  ipc.Server (Server.java:run(1507)) - IPC Server Responder: starting
2022-10-11 08:13:56,910 [IPC Server listener on 0] INFO  ipc.Server (Server.java:run(1344)) - IPC Server listener on 0: starting
2022-10-11 08:13:57,051 [Listener at 127.0.0.1/40309] INFO  om.TrashPolicyOzone (TrashPolicyOzone.java:<init>(178)) - Ozone Manager trash configuration: Deletion interval = 0 minutes, Emptier interval = 0 minutes.
2022-10-11 08:13:57,069 [org.apache.hadoop.util.JvmPauseMonitor$Monitor@2bbbc4fd] INFO  util.JvmPauseMonitor (JvmPauseMonitor.java:run(188)) - Starting JVM pause monitor
2022-10-11 08:13:57,129 [Listener at 127.0.0.1/40309] INFO  impl.MetricsSystemImpl (MetricsSystemImpl.java:init(158)) - HddsDatanode metrics system started (again)
2022-10-11 08:13:57,167 [Listener at 127.0.0.1/40309] INFO  ozone.HddsDatanodeService (HddsDatanodeService.java:start(236)) - HddsDatanodeService host:fv-az208-128.kmgg0fu2myoezeajip4j0sfi3d.cx.internal.cloudapp.net ip:10.1.0.76
2022-10-11 08:13:57,235 [Listener at 127.0.0.1/40309] INFO  upgrade.AbstractLayoutVersionManager (AbstractLayoutVersionManager.java:init(83)) - Initializing Layout version manager with metadata layout = DATANODE_SCHEMA_V3 (version = 4), software layout = DATANODE_SCHEMA_V3 (version = 4)
2022-10-11 08:13:57,363 [Listener at 127.0.0.1/40309] INFO  reflections.Reflections (Reflections.java:scan(232)) - Reflections took 127 ms to scan 7 urls, producing 137 keys and 328 values 
2022-10-11 08:13:57,365 [Listener at 127.0.0.1/40309] INFO  statemachine.DatanodeStateMachine (DatanodeStateMachine.java:getEndPointTaskThreadPoolSize(237)) - Datanode State Machine Task Thread Pool size 2
2022-10-11 08:13:57,375 [Listener at 127.0.0.1/40309] INFO  volume.HddsVolume (HddsVolume.java:<init>(117)) - Creating HddsVolume: /home/runner/work/ozone/ozone/hadoop-ozone/integration-test/target/test-dir/MiniOzoneClusterImpl-e4d44f2f-a2b5-41e9-856a-44b560c8547e/datanode-0/data-0/containers/hdds of storage type : DISK capacity : 9223372036854775807
2022-10-11 08:13:57,376 [Listener at 127.0.0.1/40309] INFO  volume.MutableVolumeSet (MutableVolumeSet.java:initializeVolumeSet(174)) - Added Volume : /home/runner/work/ozone/ozone/hadoop-ozone/integration-test/target/test-dir/MiniOzoneClusterImpl-e4d44f2f-a2b5-41e9-856a-44b560c8547e/datanode-0/data-0/containers/hdds to VolumeSet
2022-10-11 08:13:57,376 [Listener at 127.0.0.1/40309] INFO  volume.ThrottledAsyncChecker (ThrottledAsyncChecker.java:schedule(141)) - Scheduling a check for /home/runner/work/ozone/ozone/hadoop-ozone/integration-test/target/test-dir/MiniOzoneClusterImpl-e4d44f2f-a2b5-41e9-856a-44b560c8547e/datanode-0/data-0/containers/hdds
2022-10-11 08:13:57,383 [Listener at 127.0.0.1/40309] INFO  volume.StorageVolumeChecker (StorageVolumeChecker.java:checkAllVolumes(202)) - Scheduled health check for volume /home/runner/work/ozone/ozone/hadoop-ozone/integration-test/target/test-dir/MiniOzoneClusterImpl-e4d44f2f-a2b5-41e9-856a-44b560c8547e/datanode-0/data-0/containers/hdds
2022-10-11 08:13:57,397 [Listener at 127.0.0.1/40309] INFO  volume.MutableVolumeSet (MutableVolumeSet.java:initializeVolumeSet(174)) - Added Volume : /home/runner/work/ozone/ozone/hadoop-ozone/integration-test/target/test-dir/MiniOzoneClusterImpl-e4d44f2f-a2b5-41e9-856a-44b560c8547e/datanode-0/data/ratis to VolumeSet
2022-10-11 08:13:57,397 [Listener at 127.0.0.1/40309] INFO  volume.ThrottledAsyncChecker (ThrottledAsyncChecker.java:schedule(141)) - Scheduling a check for /home/runner/work/ozone/ozone/hadoop-ozone/integration-test/target/test-dir/MiniOzoneClusterImpl-e4d44f2f-a2b5-41e9-856a-44b560c8547e/datanode-0/data/ratis
2022-10-11 08:13:57,406 [Listener at 127.0.0.1/40309] INFO  volume.StorageVolumeChecker (StorageVolumeChecker.java:checkAllVolumes(202)) - Scheduled health check for volume /home/runner/work/ozone/ozone/hadoop-ozone/integration-test/target/test-dir/MiniOzoneClusterImpl-e4d44f2f-a2b5-41e9-856a-44b560c8547e/datanode-0/data/ratis
2022-10-11 08:13:57,423 [Thread-578] INFO  ozoneimpl.ContainerReader (ContainerReader.java:readVolume(175)) - Finish verifying containers on volume /home/runner/work/ozone/ozone/hadoop-ozone/integration-test/target/test-dir/MiniOzoneClusterImpl-e4d44f2f-a2b5-41e9-856a-44b560c8547e/datanode-0/data-0/containers/hdds
2022-10-11 08:13:57,423 [Listener at 127.0.0.1/40309] INFO  ozoneimpl.OzoneContainer (OzoneContainer.java:buildContainerSet(300)) - Build ContainerSet costs 0s
2022-10-11 08:13:57,425 [Listener at 127.0.0.1/40309] INFO  server.RaftServer (ConfUtils.java:logGet(46)) - raft.rpc.type = GRPC (default)
2022-10-11 08:13:57,426 [Listener at 127.0.0.1/40309] INFO  grpc.GrpcFactory (GrpcFactory.java:checkPooledByteBufAllocatorUseCacheForAllThreads(48)) - PERFORMANCE WARNING: useCacheForAllThreads is true that may cause Netty to create a lot garbage objects and, as a result, trigger GC.
	It is recommended to disable useCacheForAllThreads by setting -Dorg.apache.ratis.thirdparty.io.netty.allocator.useCacheForAllThreads=false in command line.
2022-10-11 08:13:57,426 [Listener at 127.0.0.1/40309] INFO  grpc.GrpcConfigKeys (ConfUtils.java:logGet(46)) - raft.grpc.admin.port = 0 (custom)
2022-10-11 08:13:57,426 [Listener at 127.0.0.1/40309] INFO  grpc.GrpcConfigKeys (ConfUtils.java:logGet(46)) - raft.grpc.client.port = 0 (custom)
2022-10-11 08:13:57,426 [Listener at 127.0.0.1/40309] INFO  grpc.GrpcConfigKeys (ConfUtils.java:logGet(46)) - raft.grpc.server.port = 0 (default)
2022-10-11 08:13:57,426 [Listener at 127.0.0.1/40309] INFO  server.GrpcService (ConfUtils.java:logGet(46)) - raft.grpc.message.size.max = 32MB (=33554432) (custom)
2022-10-11 08:13:57,426 [Listener at 127.0.0.1/40309] INFO  server.RaftServerConfigKeys (ConfUtils.java:logGet(46)) - raft.server.log.appender.buffer.byte-limit = 33554432 (custom)
2022-10-11 08:13:57,426 [Listener at 127.0.0.1/40309] INFO  server.GrpcService (ConfUtils.java:logGet(46)) - raft.grpc.flow.control.window = 5MB (=5242880) (custom)
2022-10-11 08:13:57,431 [Listener at 127.0.0.1/40309] INFO  server.RaftServerConfigKeys (ConfUtils.java:logGet(46)) - raft.server.rpc.request.timeout = 60s (custom)
2022-10-11 08:13:57,432 [Listener at 127.0.0.1/40309] INFO  grpc.GrpcConfigKeys (ConfUtils.java:logGet(46)) - raft.grpc.server.async.request.thread.pool.cached = true (default)
2022-10-11 08:13:57,432 [Listener at 127.0.0.1/40309] INFO  grpc.GrpcConfigKeys (ConfUtils.java:logGet(46)) - raft.grpc.server.async.request.thread.pool.size = 32 (default)
2022-10-11 08:13:57,433 [Listener at 127.0.0.1/40309] INFO  impl.DataStreamServerImpl (ConfUtils.java:logGet(46)) - raft.datastream.type = DISABLED (default)
2022-10-11 08:13:57,433 [Listener at 127.0.0.1/40309] INFO  server.RaftServerConfigKeys (ConfUtils.java:logGet(46)) - raft.server.threadpool.proxy.cached = true (default)
2022-10-11 08:13:57,433 [Listener at 127.0.0.1/40309] INFO  server.RaftServerConfigKeys (ConfUtils.java:logGet(46)) - raft.server.threadpool.proxy.size = 0 (default)
2022-10-11 08:13:57,433 [Listener at 127.0.0.1/40309] INFO  server.RaftServerConfigKeys (ConfUtils.java:logGet(46)) - raft.server.rpc.slowness.timeout = 300s (custom)
2022-10-11 08:13:57,433 [Listener at 127.0.0.1/40309] INFO  server.RaftServerConfigKeys (ConfUtils.java:logGet(46)) - raft.server.leaderelection.leader.step-down.wait-time = 10s (default)
2022-10-11 08:13:57,434 [Listener at 127.0.0.1/40309] INFO  server.RaftServerConfigKeys (ConfUtils.java:logGet(46)) - raft.server.storage.dir = [/home/runner/work/ozone/ozone/hadoop-ozone/integration-test/target/test-dir/MiniOzoneClusterImpl-e4d44f2f-a2b5-41e9-856a-44b560c8547e/datanode-0/data/ratis] (custom)
2022-10-11 08:13:57,440 [Listener at 127.0.0.1/40309] INFO  server.XceiverServerGrpc (XceiverServerGrpc.java:<init>(132)) - GrpcServer channel type EpollServerSocketChannel
2022-10-11 08:13:57,450 [Listener at 127.0.0.1/40309] INFO  http.BaseHttpServer (BaseHttpServer.java:newHttpServer2BuilderForOzone(213)) - Starting Web-server for hddsDatanode at: http://0.0.0.0:0
2022-10-11 08:13:57,453 [Listener at 127.0.0.1/40309] INFO  http.BaseHttpServer (BaseHttpServer.java:<init>(108)) - Hadoop Security Enabled: false Ozone Security Enabled: false Ozone HTTP Security Enabled: false 
2022-10-11 08:13:57,455 [Listener at 127.0.0.1/40309] INFO  server.AuthenticationFilter (AuthenticationFilter.java:constructSecretProvider(240)) - Unable to initialize FileSignerSecretProvider, falling back to use random secrets.
2022-10-11 08:13:57,463 [Listener at 127.0.0.1/40309] WARN  http.HttpRequestLog (HttpRequestLog.java:getRequestLog(103)) - Jetty request log can only be enabled using Log4j
2022-10-11 08:13:57,479 [Listener at 127.0.0.1/40309] INFO  http.HttpServer2 (HttpServer2.java:addGlobalFilter(1031)) - Added global filter 'safety' (class=org.apache.hadoop.hdds.server.http.HttpServer2$QuotingInputFilter)
2022-10-11 08:13:57,479 [Listener at 127.0.0.1/40309] INFO  http.HttpServer2 (HttpServer2.java:addFilter(1007)) - Added filter static_user_filter (class=org.apache.hadoop.http.lib.StaticUserWebFilter$StaticUserFilter) to context hddsDatanode
2022-10-11 08:13:57,479 [Listener at 127.0.0.1/40309] INFO  http.HttpServer2 (HttpServer2.java:addFilter(1015)) - Added filter static_user_filter (class=org.apache.hadoop.http.lib.StaticUserWebFilter$StaticUserFilter) to context logs
2022-10-11 08:13:57,479 [Listener at 127.0.0.1/40309] INFO  http.HttpServer2 (HttpServer2.java:addFilter(1015)) - Added filter static_user_filter (class=org.apache.hadoop.http.lib.StaticUserWebFilter$StaticUserFilter) to context static
2022-10-11 08:13:57,480 [Listener at 127.0.0.1/40309] INFO  http.HttpServer2 (HttpServer2.java:bindListener(1250)) - Jetty bound to port 40255
2022-10-11 08:13:57,480 [Listener at 127.0.0.1/40309] INFO  server.Server (Server.java:doStart(375)) - jetty-9.4.43.v20210629; built: 2021-06-30T11:07:22.254Z; git: 526006ecfa3af7f1a27ef3a288e2bef7ea9dd7e8; jvm 1.8.0_345-b01
2022-10-11 08:13:57,496 [Listener at 127.0.0.1/40309] INFO  server.session (DefaultSessionIdManager.java:doStart(334)) - DefaultSessionIdManager workerName=node0
2022-10-11 08:13:57,496 [Listener at 127.0.0.1/40309] INFO  server.session (DefaultSessionIdManager.java:doStart(339)) - No SessionScavenger set, using defaults
2022-10-11 08:13:57,496 [Listener at 127.0.0.1/40309] INFO  server.session (HouseKeeper.java:startScavenging(132)) - node0 Scavenging every 660000ms
2022-10-11 08:13:57,497 [Listener at 127.0.0.1/40309] INFO  handler.ContextHandler (ContextHandler.java:doStart(915)) - Started o.e.j.s.ServletContextHandler@e48560a{logs,/logs,file:///home/runner/work/ozone/ozone/hadoop-ozone/integration-test/target/log,AVAILABLE}
2022-10-11 08:13:57,497 [Listener at 127.0.0.1/40309] INFO  handler.ContextHandler (ContextHandler.java:doStart(915)) - Started o.e.j.s.ServletContextHandler@3d1d12d7{static,/static,jar:file:/home/runner/.m2/repository/org/apache/ozone/hdds-container-service/1.3.0-SNAPSHOT/hdds-container-service-1.3.0-SNAPSHOT.jar!/webapps/static,AVAILABLE}
2022-10-11 08:13:57,853 [Listener at 127.0.0.1/40309] INFO  handler.ContextHandler (ContextHandler.java:doStart(915)) - Started o.e.j.w.WebAppContext@30a8a26b{hddsDatanode,/,file:///tmp/jetty-0_0_0_0-40255-hdds-container-service-1_3_0-SNAPSHOT_jar-_-any-2025049889289968309/webapp/,AVAILABLE}{jar:file:/home/runner/.m2/repository/org/apache/ozone/hdds-container-service/1.3.0-SNAPSHOT/hdds-container-service-1.3.0-SNAPSHOT.jar!/webapps/hddsDatanode}
2022-10-11 08:13:57,868 [Listener at 127.0.0.1/40309] INFO  server.AbstractConnector (AbstractConnector.java:doStart(331)) - Started ServerConnector@7ca73193{HTTP/1.1, (http/1.1)}{0.0.0.0:40255}
2022-10-11 08:13:57,868 [Listener at 127.0.0.1/40309] INFO  server.Server (Server.java:doStart(415)) - Started @85052ms
2022-10-11 08:13:57,868 [Listener at 127.0.0.1/40309] WARN  impl.MetricsSystemImpl (MetricsSystemImpl.java:register(279)) - Sink prometheus already exists!
2022-10-11 08:13:57,869 [Listener at 127.0.0.1/40309] INFO  http.BaseHttpServer (BaseHttpServer.java:updateConnectorAddress(333)) - HTTP server of hddsDatanode listening at http://0.0.0.0:40255
2022-10-11 08:13:57,871 [Listener at 127.0.0.1/40309] INFO  impl.MetricsSystemImpl (MetricsSystemImpl.java:init(158)) - HddsDatanode metrics system started (again)
2022-10-11 08:13:57,887 [Datanode State Machine Daemon Thread] INFO  statemachine.DatanodeStateMachine (DatanodeStateMachine.java:lambda$startDaemon$0(492)) - Ozone container server started.
2022-10-11 08:13:57,891 [Listener at 127.0.0.1/40309] INFO  ozone.HddsDatanodeService (HddsDatanodeService.java:start(236)) - HddsDatanodeService host:fv-az208-128.kmgg0fu2myoezeajip4j0sfi3d.cx.internal.cloudapp.net ip:10.1.0.76
2022-10-11 08:13:57,931 [org.apache.hadoop.util.JvmPauseMonitor$Monitor@7981cfe2] INFO  util.JvmPauseMonitor (JvmPauseMonitor.java:run(188)) - Starting JVM pause monitor
2022-10-11 08:13:57,952 [Datanode State Machine Task Thread - 0] INFO  datanode.InitDatanodeState (InitDatanodeState.java:persistContainerDatanodeDetails(138)) - DatanodeDetails is persisted to /home/runner/work/ozone/ozone/hadoop-ozone/integration-test/target/test-dir/MiniOzoneClusterImpl-e4d44f2f-a2b5-41e9-856a-44b560c8547e/datanode-0/meta/datanode.id
2022-10-11 08:13:57,953 [Listener at 127.0.0.1/40309] INFO  upgrade.AbstractLayoutVersionManager (AbstractLayoutVersionManager.java:init(83)) - Initializing Layout version manager with metadata layout = DATANODE_SCHEMA_V3 (version = 4), software layout = DATANODE_SCHEMA_V3 (version = 4)
2022-10-11 08:13:58,086 [Listener at 127.0.0.1/40309] INFO  reflections.Reflections (Reflections.java:scan(232)) - Reflections took 131 ms to scan 7 urls, producing 137 keys and 328 values 
2022-10-11 08:13:58,098 [Listener at 127.0.0.1/40309] INFO  statemachine.DatanodeStateMachine (DatanodeStateMachine.java:getEndPointTaskThreadPoolSize(237)) - Datanode State Machine Task Thread Pool size 2
2022-10-11 08:13:58,115 [Listener at 127.0.0.1/40309] INFO  volume.HddsVolume (HddsVolume.java:<init>(117)) - Creating HddsVolume: /home/runner/work/ozone/ozone/hadoop-ozone/integration-test/target/test-dir/MiniOzoneClusterImpl-e4d44f2f-a2b5-41e9-856a-44b560c8547e/datanode-1/data-0/containers/hdds of storage type : DISK capacity : 9223372036854775807
2022-10-11 08:13:58,115 [Listener at 127.0.0.1/40309] INFO  volume.MutableVolumeSet (MutableVolumeSet.java:initializeVolumeSet(174)) - Added Volume : /home/runner/work/ozone/ozone/hadoop-ozone/integration-test/target/test-dir/MiniOzoneClusterImpl-e4d44f2f-a2b5-41e9-856a-44b560c8547e/datanode-1/data-0/containers/hdds to VolumeSet
2022-10-11 08:13:58,116 [Listener at 127.0.0.1/40309] INFO  volume.ThrottledAsyncChecker (ThrottledAsyncChecker.java:schedule(141)) - Scheduling a check for /home/runner/work/ozone/ozone/hadoop-ozone/integration-test/target/test-dir/MiniOzoneClusterImpl-e4d44f2f-a2b5-41e9-856a-44b560c8547e/datanode-1/data-0/containers/hdds
2022-10-11 08:13:58,125 [Listener at 127.0.0.1/40309] INFO  volume.StorageVolumeChecker (StorageVolumeChecker.java:checkAllVolumes(202)) - Scheduled health check for volume /home/runner/work/ozone/ozone/hadoop-ozone/integration-test/target/test-dir/MiniOzoneClusterImpl-e4d44f2f-a2b5-41e9-856a-44b560c8547e/datanode-1/data-0/containers/hdds
2022-10-11 08:13:58,150 [Listener at 127.0.0.1/40309] INFO  volume.MutableVolumeSet (MutableVolumeSet.java:initializeVolumeSet(174)) - Added Volume : /home/runner/work/ozone/ozone/hadoop-ozone/integration-test/target/test-dir/MiniOzoneClusterImpl-e4d44f2f-a2b5-41e9-856a-44b560c8547e/datanode-1/data/ratis to VolumeSet
2022-10-11 08:13:58,151 [Listener at 127.0.0.1/40309] INFO  volume.ThrottledAsyncChecker (ThrottledAsyncChecker.java:schedule(141)) - Scheduling a check for /home/runner/work/ozone/ozone/hadoop-ozone/integration-test/target/test-dir/MiniOzoneClusterImpl-e4d44f2f-a2b5-41e9-856a-44b560c8547e/datanode-1/data/ratis
2022-10-11 08:13:58,151 [Listener at 127.0.0.1/40309] INFO  volume.StorageVolumeChecker (StorageVolumeChecker.java:checkAllVolumes(202)) - Scheduled health check for volume /home/runner/work/ozone/ozone/hadoop-ozone/integration-test/target/test-dir/MiniOzoneClusterImpl-e4d44f2f-a2b5-41e9-856a-44b560c8547e/datanode-1/data/ratis
2022-10-11 08:13:58,184 [Thread-591] INFO  ozoneimpl.ContainerReader (ContainerReader.java:readVolume(175)) - Finish verifying containers on volume /home/runner/work/ozone/ozone/hadoop-ozone/integration-test/target/test-dir/MiniOzoneClusterImpl-e4d44f2f-a2b5-41e9-856a-44b560c8547e/datanode-1/data-0/containers/hdds
2022-10-11 08:13:58,184 [Listener at 127.0.0.1/40309] INFO  ozoneimpl.OzoneContainer (OzoneContainer.java:buildContainerSet(300)) - Build ContainerSet costs 0s
2022-10-11 08:13:58,186 [Listener at 127.0.0.1/40309] INFO  server.RaftServer (ConfUtils.java:logGet(46)) - raft.rpc.type = GRPC (default)
2022-10-11 08:13:58,186 [Listener at 127.0.0.1/40309] INFO  grpc.GrpcFactory (GrpcFactory.java:checkPooledByteBufAllocatorUseCacheForAllThreads(48)) - PERFORMANCE WARNING: useCacheForAllThreads is true that may cause Netty to create a lot garbage objects and, as a result, trigger GC.
	It is recommended to disable useCacheForAllThreads by setting -Dorg.apache.ratis.thirdparty.io.netty.allocator.useCacheForAllThreads=false in command line.
2022-10-11 08:13:58,186 [Listener at 127.0.0.1/40309] INFO  grpc.GrpcConfigKeys (ConfUtils.java:logGet(46)) - raft.grpc.admin.port = 0 (custom)
2022-10-11 08:13:58,186 [Listener at 127.0.0.1/40309] INFO  grpc.GrpcConfigKeys (ConfUtils.java:logGet(46)) - raft.grpc.client.port = 0 (custom)
2022-10-11 08:13:58,186 [Listener at 127.0.0.1/40309] INFO  grpc.GrpcConfigKeys (ConfUtils.java:logGet(46)) - raft.grpc.server.port = 0 (default)
2022-10-11 08:13:58,186 [Listener at 127.0.0.1/40309] INFO  server.GrpcService (ConfUtils.java:logGet(46)) - raft.grpc.message.size.max = 32MB (=33554432) (custom)
2022-10-11 08:13:58,186 [Listener at 127.0.0.1/40309] INFO  server.RaftServerConfigKeys (ConfUtils.java:logGet(46)) - raft.server.log.appender.buffer.byte-limit = 33554432 (custom)
2022-10-11 08:13:58,186 [Listener at 127.0.0.1/40309] INFO  server.GrpcService (ConfUtils.java:logGet(46)) - raft.grpc.flow.control.window = 5MB (=5242880) (custom)
2022-10-11 08:13:58,186 [Listener at 127.0.0.1/40309] INFO  server.RaftServerConfigKeys (ConfUtils.java:logGet(46)) - raft.server.rpc.request.timeout = 60s (custom)
2022-10-11 08:13:58,186 [Listener at 127.0.0.1/40309] INFO  grpc.GrpcConfigKeys (ConfUtils.java:logGet(46)) - raft.grpc.server.async.request.thread.pool.cached = true (default)
2022-10-11 08:13:58,187 [Listener at 127.0.0.1/40309] INFO  grpc.GrpcConfigKeys (ConfUtils.java:logGet(46)) - raft.grpc.server.async.request.thread.pool.size = 32 (default)
2022-10-11 08:13:58,188 [Listener at 127.0.0.1/40309] INFO  impl.DataStreamServerImpl (ConfUtils.java:logGet(46)) - raft.datastream.type = DISABLED (default)
2022-10-11 08:13:58,188 [Listener at 127.0.0.1/40309] INFO  server.RaftServerConfigKeys (ConfUtils.java:logGet(46)) - raft.server.threadpool.proxy.cached = true (default)
2022-10-11 08:13:58,188 [Listener at 127.0.0.1/40309] INFO  server.RaftServerConfigKeys (ConfUtils.java:logGet(46)) - raft.server.threadpool.proxy.size = 0 (default)
2022-10-11 08:13:58,188 [Listener at 127.0.0.1/40309] INFO  server.RaftServerConfigKeys (ConfUtils.java:logGet(46)) - raft.server.rpc.slowness.timeout = 300s (custom)
2022-10-11 08:13:58,188 [Listener at 127.0.0.1/40309] INFO  server.RaftServerConfigKeys (ConfUtils.java:logGet(46)) - raft.server.leaderelection.leader.step-down.wait-time = 10s (default)
2022-10-11 08:13:58,189 [Listener at 127.0.0.1/40309] INFO  server.RaftServerConfigKeys (ConfUtils.java:logGet(46)) - raft.server.storage.dir = [/home/runner/work/ozone/ozone/hadoop-ozone/integration-test/target/test-dir/MiniOzoneClusterImpl-e4d44f2f-a2b5-41e9-856a-44b560c8547e/datanode-1/data/ratis] (custom)
2022-10-11 08:13:58,196 [Listener at 127.0.0.1/40309] INFO  server.XceiverServerGrpc (XceiverServerGrpc.java:<init>(132)) - GrpcServer channel type EpollServerSocketChannel
2022-10-11 08:13:58,199 [Listener at 127.0.0.1/40309] INFO  http.BaseHttpServer (BaseHttpServer.java:newHttpServer2BuilderForOzone(213)) - Starting Web-server for hddsDatanode at: http://0.0.0.0:0
2022-10-11 08:13:58,199 [Listener at 127.0.0.1/40309] INFO  http.BaseHttpServer (BaseHttpServer.java:<init>(108)) - Hadoop Security Enabled: false Ozone Security Enabled: false Ozone HTTP Security Enabled: false 
2022-10-11 08:13:58,200 [Listener at 127.0.0.1/40309] INFO  server.AuthenticationFilter (AuthenticationFilter.java:constructSecretProvider(240)) - Unable to initialize FileSignerSecretProvider, falling back to use random secrets.
2022-10-11 08:13:58,210 [Listener at 127.0.0.1/40309] WARN  http.HttpRequestLog (HttpRequestLog.java:getRequestLog(103)) - Jetty request log can only be enabled using Log4j
2022-10-11 08:13:58,211 [Listener at 127.0.0.1/40309] INFO  http.HttpServer2 (HttpServer2.java:addGlobalFilter(1031)) - Added global filter 'safety' (class=org.apache.hadoop.hdds.server.http.HttpServer2$QuotingInputFilter)
2022-10-11 08:13:58,212 [Listener at 127.0.0.1/40309] INFO  http.HttpServer2 (HttpServer2.java:addFilter(1007)) - Added filter static_user_filter (class=org.apache.hadoop.http.lib.StaticUserWebFilter$StaticUserFilter) to context hddsDatanode
2022-10-11 08:13:58,212 [Listener at 127.0.0.1/40309] INFO  http.HttpServer2 (HttpServer2.java:addFilter(1015)) - Added filter static_user_filter (class=org.apache.hadoop.http.lib.StaticUserWebFilter$StaticUserFilter) to context static
2022-10-11 08:13:58,212 [Listener at 127.0.0.1/40309] INFO  http.HttpServer2 (HttpServer2.java:addFilter(1015)) - Added filter static_user_filter (class=org.apache.hadoop.http.lib.StaticUserWebFilter$StaticUserFilter) to context logs
2022-10-11 08:13:58,212 [Listener at 127.0.0.1/40309] INFO  http.HttpServer2 (HttpServer2.java:bindListener(1250)) - Jetty bound to port 41619
2022-10-11 08:13:58,213 [Listener at 127.0.0.1/40309] INFO  server.Server (Server.java:doStart(375)) - jetty-9.4.43.v20210629; built: 2021-06-30T11:07:22.254Z; git: 526006ecfa3af7f1a27ef3a288e2bef7ea9dd7e8; jvm 1.8.0_345-b01
2022-10-11 08:13:58,232 [Listener at 127.0.0.1/40309] INFO  server.session (DefaultSessionIdManager.java:doStart(334)) - DefaultSessionIdManager workerName=node0
2022-10-11 08:13:58,232 [Listener at 127.0.0.1/40309] INFO  server.session (DefaultSessionIdManager.java:doStart(339)) - No SessionScavenger set, using defaults
2022-10-11 08:13:58,232 [Listener at 127.0.0.1/40309] INFO  server.session (HouseKeeper.java:startScavenging(132)) - node0 Scavenging every 660000ms
2022-10-11 08:13:58,273 [Listener at 127.0.0.1/40309] INFO  handler.ContextHandler (ContextHandler.java:doStart(915)) - Started o.e.j.s.ServletContextHandler@701c87a0{logs,/logs,file:///home/runner/work/ozone/ozone/hadoop-ozone/integration-test/target/log,AVAILABLE}
2022-10-11 08:13:58,274 [Listener at 127.0.0.1/40309] INFO  handler.ContextHandler (ContextHandler.java:doStart(915)) - Started o.e.j.s.ServletContextHandler@a4d762e{static,/static,jar:file:/home/runner/.m2/repository/org/apache/ozone/hdds-container-service/1.3.0-SNAPSHOT/hdds-container-service-1.3.0-SNAPSHOT.jar!/webapps/static,AVAILABLE}
2022-10-11 08:13:58,523 [Listener at 127.0.0.1/40309] INFO  handler.ContextHandler (ContextHandler.java:doStart(915)) - Started o.e.j.w.WebAppContext@11aa92d9{hddsDatanode,/,file:///tmp/jetty-0_0_0_0-41619-hdds-container-service-1_3_0-SNAPSHOT_jar-_-any-2201895111794806290/webapp/,AVAILABLE}{jar:file:/home/runner/.m2/repository/org/apache/ozone/hdds-container-service/1.3.0-SNAPSHOT/hdds-container-service-1.3.0-SNAPSHOT.jar!/webapps/hddsDatanode}
2022-10-11 08:13:58,524 [Listener at 127.0.0.1/40309] INFO  server.AbstractConnector (AbstractConnector.java:doStart(331)) - Started ServerConnector@3955f6b9{HTTP/1.1, (http/1.1)}{0.0.0.0:41619}
2022-10-11 08:13:58,525 [Listener at 127.0.0.1/40309] INFO  server.Server (Server.java:doStart(415)) - Started @85708ms
2022-10-11 08:13:58,525 [Listener at 127.0.0.1/40309] WARN  impl.MetricsSystemImpl (MetricsSystemImpl.java:register(279)) - Sink prometheus already exists!
2022-10-11 08:13:58,525 [Listener at 127.0.0.1/40309] INFO  http.BaseHttpServer (BaseHttpServer.java:updateConnectorAddress(333)) - HTTP server of hddsDatanode listening at http://0.0.0.0:41619
2022-10-11 08:13:58,530 [Listener at 127.0.0.1/40309] INFO  impl.MetricsSystemImpl (MetricsSystemImpl.java:init(158)) - HddsDatanode metrics system started (again)
2022-10-11 08:13:58,542 [Datanode State Machine Daemon Thread] INFO  statemachine.DatanodeStateMachine (DatanodeStateMachine.java:lambda$startDaemon$0(492)) - Ozone container server started.
2022-10-11 08:13:58,567 [Listener at 127.0.0.1/40309] INFO  ozone.HddsDatanodeService (HddsDatanodeService.java:start(236)) - HddsDatanodeService host:fv-az208-128.kmgg0fu2myoezeajip4j0sfi3d.cx.internal.cloudapp.net ip:10.1.0.76
2022-10-11 08:13:58,585 [org.apache.hadoop.util.JvmPauseMonitor$Monitor@496dd9bf] INFO  util.JvmPauseMonitor (JvmPauseMonitor.java:run(188)) - Starting JVM pause monitor
2022-10-11 08:13:58,598 [Datanode State Machine Task Thread - 0] INFO  datanode.InitDatanodeState (InitDatanodeState.java:persistContainerDatanodeDetails(138)) - DatanodeDetails is persisted to /home/runner/work/ozone/ozone/hadoop-ozone/integration-test/target/test-dir/MiniOzoneClusterImpl-e4d44f2f-a2b5-41e9-856a-44b560c8547e/datanode-1/meta/datanode.id
2022-10-11 08:13:58,616 [Listener at 127.0.0.1/40309] INFO  upgrade.AbstractLayoutVersionManager (AbstractLayoutVersionManager.java:init(83)) - Initializing Layout version manager with metadata layout = DATANODE_SCHEMA_V3 (version = 4), software layout = DATANODE_SCHEMA_V3 (version = 4)
2022-10-11 08:13:58,662 [Listener at 127.0.0.1/40309] INFO  reflections.Reflections (Reflections.java:scan(232)) - Reflections took 45 ms to scan 7 urls, producing 137 keys and 328 values 
2022-10-11 08:13:58,663 [Listener at 127.0.0.1/40309] INFO  statemachine.DatanodeStateMachine (DatanodeStateMachine.java:getEndPointTaskThreadPoolSize(237)) - Datanode State Machine Task Thread Pool size 2
2022-10-11 08:13:58,664 [Listener at 127.0.0.1/40309] INFO  volume.HddsVolume (HddsVolume.java:<init>(117)) - Creating HddsVolume: /home/runner/work/ozone/ozone/hadoop-ozone/integration-test/target/test-dir/MiniOzoneClusterImpl-e4d44f2f-a2b5-41e9-856a-44b560c8547e/datanode-2/data-0/containers/hdds of storage type : DISK capacity : 9223372036854775807
2022-10-11 08:13:58,664 [Listener at 127.0.0.1/40309] INFO  volume.MutableVolumeSet (MutableVolumeSet.java:initializeVolumeSet(174)) - Added Volume : /home/runner/work/ozone/ozone/hadoop-ozone/integration-test/target/test-dir/MiniOzoneClusterImpl-e4d44f2f-a2b5-41e9-856a-44b560c8547e/datanode-2/data-0/containers/hdds to VolumeSet
2022-10-11 08:13:58,664 [Listener at 127.0.0.1/40309] INFO  volume.ThrottledAsyncChecker (ThrottledAsyncChecker.java:schedule(141)) - Scheduling a check for /home/runner/work/ozone/ozone/hadoop-ozone/integration-test/target/test-dir/MiniOzoneClusterImpl-e4d44f2f-a2b5-41e9-856a-44b560c8547e/datanode-2/data-0/containers/hdds
2022-10-11 08:13:58,665 [Listener at 127.0.0.1/40309] INFO  volume.StorageVolumeChecker (StorageVolumeChecker.java:checkAllVolumes(202)) - Scheduled health check for volume /home/runner/work/ozone/ozone/hadoop-ozone/integration-test/target/test-dir/MiniOzoneClusterImpl-e4d44f2f-a2b5-41e9-856a-44b560c8547e/datanode-2/data-0/containers/hdds
2022-10-11 08:13:58,677 [Listener at 127.0.0.1/40309] INFO  volume.MutableVolumeSet (MutableVolumeSet.java:initializeVolumeSet(174)) - Added Volume : /home/runner/work/ozone/ozone/hadoop-ozone/integration-test/target/test-dir/MiniOzoneClusterImpl-e4d44f2f-a2b5-41e9-856a-44b560c8547e/datanode-2/data/ratis to VolumeSet
2022-10-11 08:13:58,677 [Listener at 127.0.0.1/40309] INFO  volume.ThrottledAsyncChecker (ThrottledAsyncChecker.java:schedule(141)) - Scheduling a check for /home/runner/work/ozone/ozone/hadoop-ozone/integration-test/target/test-dir/MiniOzoneClusterImpl-e4d44f2f-a2b5-41e9-856a-44b560c8547e/datanode-2/data/ratis
2022-10-11 08:13:58,678 [Listener at 127.0.0.1/40309] INFO  volume.StorageVolumeChecker (StorageVolumeChecker.java:checkAllVolumes(202)) - Scheduled health check for volume /home/runner/work/ozone/ozone/hadoop-ozone/integration-test/target/test-dir/MiniOzoneClusterImpl-e4d44f2f-a2b5-41e9-856a-44b560c8547e/datanode-2/data/ratis
2022-10-11 08:13:58,689 [Thread-604] INFO  ozoneimpl.ContainerReader (ContainerReader.java:readVolume(175)) - Finish verifying containers on volume /home/runner/work/ozone/ozone/hadoop-ozone/integration-test/target/test-dir/MiniOzoneClusterImpl-e4d44f2f-a2b5-41e9-856a-44b560c8547e/datanode-2/data-0/containers/hdds
2022-10-11 08:13:58,689 [Listener at 127.0.0.1/40309] INFO  ozoneimpl.OzoneContainer (OzoneContainer.java:buildContainerSet(300)) - Build ContainerSet costs 0s
2022-10-11 08:13:58,692 [Listener at 127.0.0.1/40309] INFO  server.RaftServer (ConfUtils.java:logGet(46)) - raft.rpc.type = GRPC (default)
2022-10-11 08:13:58,692 [Listener at 127.0.0.1/40309] INFO  grpc.GrpcFactory (GrpcFactory.java:checkPooledByteBufAllocatorUseCacheForAllThreads(48)) - PERFORMANCE WARNING: useCacheForAllThreads is true that may cause Netty to create a lot garbage objects and, as a result, trigger GC.
	It is recommended to disable useCacheForAllThreads by setting -Dorg.apache.ratis.thirdparty.io.netty.allocator.useCacheForAllThreads=false in command line.
2022-10-11 08:13:58,692 [Listener at 127.0.0.1/40309] INFO  grpc.GrpcConfigKeys (ConfUtils.java:logGet(46)) - raft.grpc.admin.port = 0 (custom)
2022-10-11 08:13:58,692 [Listener at 127.0.0.1/40309] INFO  grpc.GrpcConfigKeys (ConfUtils.java:logGet(46)) - raft.grpc.client.port = 0 (custom)
2022-10-11 08:13:58,693 [Listener at 127.0.0.1/40309] INFO  grpc.GrpcConfigKeys (ConfUtils.java:logGet(46)) - raft.grpc.server.port = 0 (default)
2022-10-11 08:13:58,693 [Listener at 127.0.0.1/40309] INFO  server.GrpcService (ConfUtils.java:logGet(46)) - raft.grpc.message.size.max = 32MB (=33554432) (custom)
2022-10-11 08:13:58,693 [Listener at 127.0.0.1/40309] INFO  server.RaftServerConfigKeys (ConfUtils.java:logGet(46)) - raft.server.log.appender.buffer.byte-limit = 33554432 (custom)
2022-10-11 08:13:58,693 [Listener at 127.0.0.1/40309] INFO  server.GrpcService (ConfUtils.java:logGet(46)) - raft.grpc.flow.control.window = 5MB (=5242880) (custom)
2022-10-11 08:13:58,693 [Listener at 127.0.0.1/40309] INFO  server.RaftServerConfigKeys (ConfUtils.java:logGet(46)) - raft.server.rpc.request.timeout = 60s (custom)
2022-10-11 08:13:58,693 [Listener at 127.0.0.1/40309] INFO  grpc.GrpcConfigKeys (ConfUtils.java:logGet(46)) - raft.grpc.server.async.request.thread.pool.cached = true (default)
2022-10-11 08:13:58,693 [Listener at 127.0.0.1/40309] INFO  grpc.GrpcConfigKeys (ConfUtils.java:logGet(46)) - raft.grpc.server.async.request.thread.pool.size = 32 (default)
2022-10-11 08:13:58,694 [Listener at 127.0.0.1/40309] INFO  impl.DataStreamServerImpl (ConfUtils.java:logGet(46)) - raft.datastream.type = DISABLED (default)
2022-10-11 08:13:58,700 [Listener at 127.0.0.1/40309] INFO  server.RaftServerConfigKeys (ConfUtils.java:logGet(46)) - raft.server.threadpool.proxy.cached = true (default)
2022-10-11 08:13:58,700 [Listener at 127.0.0.1/40309] INFO  server.RaftServerConfigKeys (ConfUtils.java:logGet(46)) - raft.server.threadpool.proxy.size = 0 (default)
2022-10-11 08:13:58,700 [Listener at 127.0.0.1/40309] INFO  server.RaftServerConfigKeys (ConfUtils.java:logGet(46)) - raft.server.rpc.slowness.timeout = 300s (custom)
2022-10-11 08:13:58,700 [Listener at 127.0.0.1/40309] INFO  server.RaftServerConfigKeys (ConfUtils.java:logGet(46)) - raft.server.leaderelection.leader.step-down.wait-time = 10s (default)
2022-10-11 08:13:58,700 [Listener at 127.0.0.1/40309] INFO  server.RaftServerConfigKeys (ConfUtils.java:logGet(46)) - raft.server.storage.dir = [/home/runner/work/ozone/ozone/hadoop-ozone/integration-test/target/test-dir/MiniOzoneClusterImpl-e4d44f2f-a2b5-41e9-856a-44b560c8547e/datanode-2/data/ratis] (custom)
2022-10-11 08:13:58,708 [Listener at 127.0.0.1/40309] INFO  server.XceiverServerGrpc (XceiverServerGrpc.java:<init>(132)) - GrpcServer channel type EpollServerSocketChannel
2022-10-11 08:13:58,716 [Listener at 127.0.0.1/40309] INFO  http.BaseHttpServer (BaseHttpServer.java:newHttpServer2BuilderForOzone(213)) - Starting Web-server for hddsDatanode at: http://0.0.0.0:0
2022-10-11 08:13:58,716 [Listener at 127.0.0.1/40309] INFO  http.BaseHttpServer (BaseHttpServer.java:<init>(108)) - Hadoop Security Enabled: false Ozone Security Enabled: false Ozone HTTP Security Enabled: false 
2022-10-11 08:13:58,717 [Listener at 127.0.0.1/40309] INFO  server.AuthenticationFilter (AuthenticationFilter.java:constructSecretProvider(240)) - Unable to initialize FileSignerSecretProvider, falling back to use random secrets.
2022-10-11 08:13:58,718 [Listener at 127.0.0.1/40309] WARN  http.HttpRequestLog (HttpRequestLog.java:getRequestLog(103)) - Jetty request log can only be enabled using Log4j
2022-10-11 08:13:58,719 [Listener at 127.0.0.1/40309] INFO  http.HttpServer2 (HttpServer2.java:addGlobalFilter(1031)) - Added global filter 'safety' (class=org.apache.hadoop.hdds.server.http.HttpServer2$QuotingInputFilter)
2022-10-11 08:13:58,719 [Listener at 127.0.0.1/40309] INFO  http.HttpServer2 (HttpServer2.java:addFilter(1007)) - Added filter static_user_filter (class=org.apache.hadoop.http.lib.StaticUserWebFilter$StaticUserFilter) to context hddsDatanode
2022-10-11 08:13:58,720 [Listener at 127.0.0.1/40309] INFO  http.HttpServer2 (HttpServer2.java:addFilter(1015)) - Added filter static_user_filter (class=org.apache.hadoop.http.lib.StaticUserWebFilter$StaticUserFilter) to context logs
2022-10-11 08:13:58,720 [Listener at 127.0.0.1/40309] INFO  http.HttpServer2 (HttpServer2.java:addFilter(1015)) - Added filter static_user_filter (class=org.apache.hadoop.http.lib.StaticUserWebFilter$StaticUserFilter) to context static
2022-10-11 08:13:58,720 [Listener at 127.0.0.1/40309] INFO  http.HttpServer2 (HttpServer2.java:bindListener(1250)) - Jetty bound to port 42983
2022-10-11 08:13:58,720 [Listener at 127.0.0.1/40309] INFO  server.Server (Server.java:doStart(375)) - jetty-9.4.43.v20210629; built: 2021-06-30T11:07:22.254Z; git: 526006ecfa3af7f1a27ef3a288e2bef7ea9dd7e8; jvm 1.8.0_345-b01
2022-10-11 08:13:58,765 [Listener at 127.0.0.1/40309] INFO  server.session (DefaultSessionIdManager.java:doStart(334)) - DefaultSessionIdManager workerName=node0
2022-10-11 08:13:58,765 [Listener at 127.0.0.1/40309] INFO  server.session (DefaultSessionIdManager.java:doStart(339)) - No SessionScavenger set, using defaults
2022-10-11 08:13:58,765 [Listener at 127.0.0.1/40309] INFO  server.session (HouseKeeper.java:startScavenging(132)) - node0 Scavenging every 600000ms
2022-10-11 08:13:58,771 [Listener at 127.0.0.1/40309] INFO  handler.ContextHandler (ContextHandler.java:doStart(915)) - Started o.e.j.s.ServletContextHandler@3e5b1239{logs,/logs,file:///home/runner/work/ozone/ozone/hadoop-ozone/integration-test/target/log,AVAILABLE}
2022-10-11 08:13:58,771 [Listener at 127.0.0.1/40309] INFO  handler.ContextHandler (ContextHandler.java:doStart(915)) - Started o.e.j.s.ServletContextHandler@3824c658{static,/static,jar:file:/home/runner/.m2/repository/org/apache/ozone/hdds-container-service/1.3.0-SNAPSHOT/hdds-container-service-1.3.0-SNAPSHOT.jar!/webapps/static,AVAILABLE}
2022-10-11 08:13:59,171 [Listener at 127.0.0.1/40309] INFO  handler.ContextHandler (ContextHandler.java:doStart(915)) - Started o.e.j.w.WebAppContext@1b815b7{hddsDatanode,/,file:///tmp/jetty-0_0_0_0-42983-hdds-container-service-1_3_0-SNAPSHOT_jar-_-any-1642428775975757220/webapp/,AVAILABLE}{jar:file:/home/runner/.m2/repository/org/apache/ozone/hdds-container-service/1.3.0-SNAPSHOT/hdds-container-service-1.3.0-SNAPSHOT.jar!/webapps/hddsDatanode}
2022-10-11 08:13:59,183 [Listener at 127.0.0.1/40309] INFO  server.AbstractConnector (AbstractConnector.java:doStart(331)) - Started ServerConnector@18fb79ec{HTTP/1.1, (http/1.1)}{0.0.0.0:42983}
2022-10-11 08:13:59,183 [Listener at 127.0.0.1/40309] INFO  server.Server (Server.java:doStart(415)) - Started @86367ms
2022-10-11 08:13:59,184 [Listener at 127.0.0.1/40309] WARN  impl.MetricsSystemImpl (MetricsSystemImpl.java:register(279)) - Sink prometheus already exists!
2022-10-11 08:13:59,186 [Listener at 127.0.0.1/40309] INFO  http.BaseHttpServer (BaseHttpServer.java:updateConnectorAddress(333)) - HTTP server of hddsDatanode listening at http://0.0.0.0:42983
2022-10-11 08:13:59,194 [Listener at 127.0.0.1/40309] INFO  impl.MetricsSystemImpl (MetricsSystemImpl.java:init(158)) - HddsDatanode metrics system started (again)
2022-10-11 08:13:59,206 [Datanode State Machine Daemon Thread] INFO  statemachine.DatanodeStateMachine (DatanodeStateMachine.java:lambda$startDaemon$0(492)) - Ozone container server started.
2022-10-11 08:13:59,218 [Listener at 127.0.0.1/40309] INFO  ozone.HddsDatanodeService (HddsDatanodeService.java:start(236)) - HddsDatanodeService host:fv-az208-128.kmgg0fu2myoezeajip4j0sfi3d.cx.internal.cloudapp.net ip:10.1.0.76
2022-10-11 08:13:59,249 [org.apache.hadoop.util.JvmPauseMonitor$Monitor@50855760] INFO  util.JvmPauseMonitor (JvmPauseMonitor.java:run(188)) - Starting JVM pause monitor
2022-10-11 08:13:59,255 [Datanode State Machine Task Thread - 0] INFO  datanode.InitDatanodeState (InitDatanodeState.java:persistContainerDatanodeDetails(138)) - DatanodeDetails is persisted to /home/runner/work/ozone/ozone/hadoop-ozone/integration-test/target/test-dir/MiniOzoneClusterImpl-e4d44f2f-a2b5-41e9-856a-44b560c8547e/datanode-2/meta/datanode.id
2022-10-11 08:13:59,261 [Listener at 127.0.0.1/40309] INFO  upgrade.AbstractLayoutVersionManager (AbstractLayoutVersionManager.java:init(83)) - Initializing Layout version manager with metadata layout = DATANODE_SCHEMA_V3 (version = 4), software layout = DATANODE_SCHEMA_V3 (version = 4)
2022-10-11 08:13:59,404 [Listener at 127.0.0.1/40309] INFO  reflections.Reflections (Reflections.java:scan(232)) - Reflections took 142 ms to scan 7 urls, producing 137 keys and 328 values 
2022-10-11 08:13:59,405 [Listener at 127.0.0.1/40309] INFO  statemachine.DatanodeStateMachine (DatanodeStateMachine.java:getEndPointTaskThreadPoolSize(237)) - Datanode State Machine Task Thread Pool size 2
2022-10-11 08:13:59,408 [Listener at 127.0.0.1/40309] INFO  volume.HddsVolume (HddsVolume.java:<init>(117)) - Creating HddsVolume: /home/runner/work/ozone/ozone/hadoop-ozone/integration-test/target/test-dir/MiniOzoneClusterImpl-e4d44f2f-a2b5-41e9-856a-44b560c8547e/datanode-3/data-0/containers/hdds of storage type : DISK capacity : 9223372036854775807
2022-10-11 08:13:59,408 [Listener at 127.0.0.1/40309] INFO  volume.MutableVolumeSet (MutableVolumeSet.java:initializeVolumeSet(174)) - Added Volume : /home/runner/work/ozone/ozone/hadoop-ozone/integration-test/target/test-dir/MiniOzoneClusterImpl-e4d44f2f-a2b5-41e9-856a-44b560c8547e/datanode-3/data-0/containers/hdds to VolumeSet
2022-10-11 08:13:59,408 [Listener at 127.0.0.1/40309] INFO  volume.ThrottledAsyncChecker (ThrottledAsyncChecker.java:schedule(141)) - Scheduling a check for /home/runner/work/ozone/ozone/hadoop-ozone/integration-test/target/test-dir/MiniOzoneClusterImpl-e4d44f2f-a2b5-41e9-856a-44b560c8547e/datanode-3/data-0/containers/hdds
2022-10-11 08:13:59,410 [Listener at 127.0.0.1/40309] INFO  volume.StorageVolumeChecker (StorageVolumeChecker.java:checkAllVolumes(202)) - Scheduled health check for volume /home/runner/work/ozone/ozone/hadoop-ozone/integration-test/target/test-dir/MiniOzoneClusterImpl-e4d44f2f-a2b5-41e9-856a-44b560c8547e/datanode-3/data-0/containers/hdds
2022-10-11 08:13:59,436 [Listener at 127.0.0.1/40309] INFO  volume.MutableVolumeSet (MutableVolumeSet.java:initializeVolumeSet(174)) - Added Volume : /home/runner/work/ozone/ozone/hadoop-ozone/integration-test/target/test-dir/MiniOzoneClusterImpl-e4d44f2f-a2b5-41e9-856a-44b560c8547e/datanode-3/data/ratis to VolumeSet
2022-10-11 08:13:59,436 [Listener at 127.0.0.1/40309] INFO  volume.ThrottledAsyncChecker (ThrottledAsyncChecker.java:schedule(141)) - Scheduling a check for /home/runner/work/ozone/ozone/hadoop-ozone/integration-test/target/test-dir/MiniOzoneClusterImpl-e4d44f2f-a2b5-41e9-856a-44b560c8547e/datanode-3/data/ratis
2022-10-11 08:13:59,446 [Listener at 127.0.0.1/40309] INFO  volume.StorageVolumeChecker (StorageVolumeChecker.java:checkAllVolumes(202)) - Scheduled health check for volume /home/runner/work/ozone/ozone/hadoop-ozone/integration-test/target/test-dir/MiniOzoneClusterImpl-e4d44f2f-a2b5-41e9-856a-44b560c8547e/datanode-3/data/ratis
2022-10-11 08:13:59,514 [Thread-617] INFO  ozoneimpl.ContainerReader (ContainerReader.java:readVolume(175)) - Finish verifying containers on volume /home/runner/work/ozone/ozone/hadoop-ozone/integration-test/target/test-dir/MiniOzoneClusterImpl-e4d44f2f-a2b5-41e9-856a-44b560c8547e/datanode-3/data-0/containers/hdds
2022-10-11 08:13:59,515 [Listener at 127.0.0.1/40309] INFO  ozoneimpl.OzoneContainer (OzoneContainer.java:buildContainerSet(300)) - Build ContainerSet costs 0s
2022-10-11 08:13:59,517 [Listener at 127.0.0.1/40309] INFO  server.RaftServer (ConfUtils.java:logGet(46)) - raft.rpc.type = GRPC (default)
2022-10-11 08:13:59,517 [Listener at 127.0.0.1/40309] INFO  grpc.GrpcFactory (GrpcFactory.java:checkPooledByteBufAllocatorUseCacheForAllThreads(48)) - PERFORMANCE WARNING: useCacheForAllThreads is true that may cause Netty to create a lot garbage objects and, as a result, trigger GC.
	It is recommended to disable useCacheForAllThreads by setting -Dorg.apache.ratis.thirdparty.io.netty.allocator.useCacheForAllThreads=false in command line.
2022-10-11 08:13:59,517 [Listener at 127.0.0.1/40309] INFO  grpc.GrpcConfigKeys (ConfUtils.java:logGet(46)) - raft.grpc.admin.port = 0 (custom)
2022-10-11 08:13:59,517 [Listener at 127.0.0.1/40309] INFO  grpc.GrpcConfigKeys (ConfUtils.java:logGet(46)) - raft.grpc.client.port = 0 (custom)
2022-10-11 08:13:59,517 [Listener at 127.0.0.1/40309] INFO  grpc.GrpcConfigKeys (ConfUtils.java:logGet(46)) - raft.grpc.server.port = 0 (default)
2022-10-11 08:13:59,518 [Listener at 127.0.0.1/40309] INFO  server.GrpcService (ConfUtils.java:logGet(46)) - raft.grpc.message.size.max = 32MB (=33554432) (custom)
2022-10-11 08:13:59,518 [Listener at 127.0.0.1/40309] INFO  server.RaftServerConfigKeys (ConfUtils.java:logGet(46)) - raft.server.log.appender.buffer.byte-limit = 33554432 (custom)
2022-10-11 08:13:59,518 [Listener at 127.0.0.1/40309] INFO  server.GrpcService (ConfUtils.java:logGet(46)) - raft.grpc.flow.control.window = 5MB (=5242880) (custom)
2022-10-11 08:13:59,518 [Listener at 127.0.0.1/40309] INFO  server.RaftServerConfigKeys (ConfUtils.java:logGet(46)) - raft.server.rpc.request.timeout = 60s (custom)
2022-10-11 08:13:59,518 [Listener at 127.0.0.1/40309] INFO  grpc.GrpcConfigKeys (ConfUtils.java:logGet(46)) - raft.grpc.server.async.request.thread.pool.cached = true (default)
2022-10-11 08:13:59,518 [Listener at 127.0.0.1/40309] INFO  grpc.GrpcConfigKeys (ConfUtils.java:logGet(46)) - raft.grpc.server.async.request.thread.pool.size = 32 (default)
2022-10-11 08:13:59,520 [Listener at 127.0.0.1/40309] INFO  impl.DataStreamServerImpl (ConfUtils.java:logGet(46)) - raft.datastream.type = DISABLED (default)
2022-10-11 08:13:59,520 [Listener at 127.0.0.1/40309] INFO  server.RaftServerConfigKeys (ConfUtils.java:logGet(46)) - raft.server.threadpool.proxy.cached = true (default)
2022-10-11 08:13:59,520 [Listener at 127.0.0.1/40309] INFO  server.RaftServerConfigKeys (ConfUtils.java:logGet(46)) - raft.server.threadpool.proxy.size = 0 (default)
2022-10-11 08:13:59,520 [Listener at 127.0.0.1/40309] INFO  server.RaftServerConfigKeys (ConfUtils.java:logGet(46)) - raft.server.rpc.slowness.timeout = 300s (custom)
2022-10-11 08:13:59,520 [Listener at 127.0.0.1/40309] INFO  server.RaftServerConfigKeys (ConfUtils.java:logGet(46)) - raft.server.leaderelection.leader.step-down.wait-time = 10s (default)
2022-10-11 08:13:59,521 [Listener at 127.0.0.1/40309] INFO  server.RaftServerConfigKeys (ConfUtils.java:logGet(46)) - raft.server.storage.dir = [/home/runner/work/ozone/ozone/hadoop-ozone/integration-test/target/test-dir/MiniOzoneClusterImpl-e4d44f2f-a2b5-41e9-856a-44b560c8547e/datanode-3/data/ratis] (custom)
2022-10-11 08:13:59,523 [Listener at 127.0.0.1/40309] INFO  server.XceiverServerGrpc (XceiverServerGrpc.java:<init>(132)) - GrpcServer channel type EpollServerSocketChannel
2022-10-11 08:13:59,549 [Listener at 127.0.0.1/40309] INFO  http.BaseHttpServer (BaseHttpServer.java:newHttpServer2BuilderForOzone(213)) - Starting Web-server for hddsDatanode at: http://0.0.0.0:0
2022-10-11 08:13:59,549 [Listener at 127.0.0.1/40309] INFO  http.BaseHttpServer (BaseHttpServer.java:<init>(108)) - Hadoop Security Enabled: false Ozone Security Enabled: false Ozone HTTP Security Enabled: false 
2022-10-11 08:13:59,551 [Listener at 127.0.0.1/40309] INFO  server.AuthenticationFilter (AuthenticationFilter.java:constructSecretProvider(240)) - Unable to initialize FileSignerSecretProvider, falling back to use random secrets.
2022-10-11 08:13:59,559 [Listener at 127.0.0.1/40309] WARN  http.HttpRequestLog (HttpRequestLog.java:getRequestLog(103)) - Jetty request log can only be enabled using Log4j
2022-10-11 08:13:59,560 [Listener at 127.0.0.1/40309] INFO  http.HttpServer2 (HttpServer2.java:addGlobalFilter(1031)) - Added global filter 'safety' (class=org.apache.hadoop.hdds.server.http.HttpServer2$QuotingInputFilter)
2022-10-11 08:13:59,560 [Listener at 127.0.0.1/40309] INFO  http.HttpServer2 (HttpServer2.java:addFilter(1007)) - Added filter static_user_filter (class=org.apache.hadoop.http.lib.StaticUserWebFilter$StaticUserFilter) to context hddsDatanode
2022-10-11 08:13:59,561 [Listener at 127.0.0.1/40309] INFO  http.HttpServer2 (HttpServer2.java:addFilter(1015)) - Added filter static_user_filter (class=org.apache.hadoop.http.lib.StaticUserWebFilter$StaticUserFilter) to context static
2022-10-11 08:13:59,561 [Listener at 127.0.0.1/40309] INFO  http.HttpServer2 (HttpServer2.java:addFilter(1015)) - Added filter static_user_filter (class=org.apache.hadoop.http.lib.StaticUserWebFilter$StaticUserFilter) to context logs
2022-10-11 08:13:59,561 [Listener at 127.0.0.1/40309] INFO  http.HttpServer2 (HttpServer2.java:bindListener(1250)) - Jetty bound to port 45635
2022-10-11 08:13:59,561 [Listener at 127.0.0.1/40309] INFO  server.Server (Server.java:doStart(375)) - jetty-9.4.43.v20210629; built: 2021-06-30T11:07:22.254Z; git: 526006ecfa3af7f1a27ef3a288e2bef7ea9dd7e8; jvm 1.8.0_345-b01
2022-10-11 08:13:59,591 [Listener at 127.0.0.1/40309] INFO  server.session (DefaultSessionIdManager.java:doStart(334)) - DefaultSessionIdManager workerName=node0
2022-10-11 08:13:59,591 [Listener at 127.0.0.1/40309] INFO  server.session (DefaultSessionIdManager.java:doStart(339)) - No SessionScavenger set, using defaults
2022-10-11 08:13:59,591 [Listener at 127.0.0.1/40309] INFO  server.session (HouseKeeper.java:startScavenging(132)) - node0 Scavenging every 600000ms
2022-10-11 08:13:59,592 [Listener at 127.0.0.1/40309] INFO  handler.ContextHandler (ContextHandler.java:doStart(915)) - Started o.e.j.s.ServletContextHandler@646b4d24{logs,/logs,file:///home/runner/work/ozone/ozone/hadoop-ozone/integration-test/target/log,AVAILABLE}
2022-10-11 08:13:59,592 [Listener at 127.0.0.1/40309] INFO  handler.ContextHandler (ContextHandler.java:doStart(915)) - Started o.e.j.s.ServletContextHandler@6763b3e{static,/static,jar:file:/home/runner/.m2/repository/org/apache/ozone/hdds-container-service/1.3.0-SNAPSHOT/hdds-container-service-1.3.0-SNAPSHOT.jar!/webapps/static,AVAILABLE}
2022-10-11 08:13:59,963 [Listener at 127.0.0.1/40309] INFO  handler.ContextHandler (ContextHandler.java:doStart(915)) - Started o.e.j.w.WebAppContext@5e77f840{hddsDatanode,/,file:///tmp/jetty-0_0_0_0-45635-hdds-container-service-1_3_0-SNAPSHOT_jar-_-any-271931312427546599/webapp/,AVAILABLE}{jar:file:/home/runner/.m2/repository/org/apache/ozone/hdds-container-service/1.3.0-SNAPSHOT/hdds-container-service-1.3.0-SNAPSHOT.jar!/webapps/hddsDatanode}
2022-10-11 08:13:59,964 [Listener at 127.0.0.1/40309] INFO  server.AbstractConnector (AbstractConnector.java:doStart(331)) - Started ServerConnector@5f389d72{HTTP/1.1, (http/1.1)}{0.0.0.0:45635}
2022-10-11 08:13:59,964 [Listener at 127.0.0.1/40309] INFO  server.Server (Server.java:doStart(415)) - Started @87148ms
2022-10-11 08:13:59,964 [Listener at 127.0.0.1/40309] WARN  impl.MetricsSystemImpl (MetricsSystemImpl.java:register(279)) - Sink prometheus already exists!
2022-10-11 08:13:59,966 [Listener at 127.0.0.1/40309] INFO  http.BaseHttpServer (BaseHttpServer.java:updateConnectorAddress(333)) - HTTP server of hddsDatanode listening at http://0.0.0.0:45635
2022-10-11 08:13:59,974 [Listener at 127.0.0.1/40309] INFO  impl.MetricsSystemImpl (MetricsSystemImpl.java:init(158)) - HddsDatanode metrics system started (again)
2022-10-11 08:13:59,978 [Datanode State Machine Daemon Thread] INFO  statemachine.DatanodeStateMachine (DatanodeStateMachine.java:lambda$startDaemon$0(492)) - Ozone container server started.
2022-10-11 08:14:00,026 [Listener at 127.0.0.1/40309] INFO  ozone.HddsDatanodeService (HddsDatanodeService.java:start(236)) - HddsDatanodeService host:fv-az208-128.kmgg0fu2myoezeajip4j0sfi3d.cx.internal.cloudapp.net ip:10.1.0.76
2022-10-11 08:14:00,030 [EndpointStateMachine task thread for /0.0.0.0:33071 - 0 ] INFO  volume.HddsVolume (HddsVolume.java:createDbStore(307)) - SchemaV3 db is created and loaded at /home/runner/work/ozone/ozone/hadoop-ozone/integration-test/target/test-dir/MiniOzoneClusterImpl-e4d44f2f-a2b5-41e9-856a-44b560c8547e/datanode-0/data-0/containers/hdds/e4d44f2f-a2b5-41e9-856a-44b560c8547e/DS-62537020-082d-4ff5-8b46-03c55fe58842/container.db for volume DS-62537020-082d-4ff5-8b46-03c55fe58842
2022-10-11 08:14:00,066 [org.apache.hadoop.util.JvmPauseMonitor$Monitor@15e8ce6e] INFO  util.JvmPauseMonitor (JvmPauseMonitor.java:run(188)) - Starting JVM pause monitor
2022-10-11 08:14:00,072 [EndpointStateMachine task thread for /0.0.0.0:33071 - 0 ] INFO  volume.HddsVolume (HddsVolume.java:closeDbStore(338)) - SchemaV3 db is stopped at /home/runner/work/ozone/ozone/hadoop-ozone/integration-test/target/test-dir/MiniOzoneClusterImpl-e4d44f2f-a2b5-41e9-856a-44b560c8547e/datanode-0/data-0/containers/hdds/e4d44f2f-a2b5-41e9-856a-44b560c8547e/DS-62537020-082d-4ff5-8b46-03c55fe58842/container.db for volume DS-62537020-082d-4ff5-8b46-03c55fe58842
2022-10-11 08:14:00,072 [EndpointStateMachine task thread for /0.0.0.0:33071 - 0 ] INFO  ozoneimpl.OzoneContainer (OzoneContainer.java:start(378)) - Attempting to start container services.
2022-10-11 08:14:00,072 [EndpointStateMachine task thread for /0.0.0.0:33071 - 0 ] INFO  ozoneimpl.OzoneContainer (OzoneContainer.java:startContainerScrub(313)) - Background container scanner has been disabled.
2022-10-11 08:14:00,091 [Datanode State Machine Task Thread - 0] INFO  datanode.InitDatanodeState (InitDatanodeState.java:persistContainerDatanodeDetails(138)) - DatanodeDetails is persisted to /home/runner/work/ozone/ozone/hadoop-ozone/integration-test/target/test-dir/MiniOzoneClusterImpl-e4d44f2f-a2b5-41e9-856a-44b560c8547e/datanode-3/meta/datanode.id
2022-10-11 08:14:00,111 [Listener at 127.0.0.1/40309] INFO  upgrade.AbstractLayoutVersionManager (AbstractLayoutVersionManager.java:init(83)) - Initializing Layout version manager with metadata layout = DATANODE_SCHEMA_V3 (version = 4), software layout = DATANODE_SCHEMA_V3 (version = 4)
2022-10-11 08:14:00,113 [EndpointStateMachine task thread for /0.0.0.0:33071 - 0 ] INFO  replication.ReplicationServer (ReplicationServer.java:start(111)) - ReplicationServer is started using port 37379
2022-10-11 08:14:00,113 [EndpointStateMachine task thread for /0.0.0.0:33071 - 0 ] INFO  ratis.XceiverServerRatis (XceiverServerRatis.java:start(481)) - Starting XceiverServerRatis 372aae33-6f7c-4d6f-ba4c-eadde7effafb
2022-10-11 08:14:00,142 [EndpointStateMachine task thread for /0.0.0.0:33071 - 0 ] INFO  server.RaftServer (RaftServerProxy.java:lambda$start$6(382)) - 372aae33-6f7c-4d6f-ba4c-eadde7effafb: start RPC server
2022-10-11 08:14:00,147 [EndpointStateMachine task thread for /0.0.0.0:33071 - 0 ] INFO  server.GrpcService (GrpcService.java:startImpl(260)) - 372aae33-6f7c-4d6f-ba4c-eadde7effafb: GrpcService started, listening on 35509
2022-10-11 08:14:00,147 [EndpointStateMachine task thread for /0.0.0.0:33071 - 0 ] INFO  ratis.XceiverServerRatis (XceiverServerRatis.java:getRealPort(502)) - XceiverServerRatis 372aae33-6f7c-4d6f-ba4c-eadde7effafb is started using port 35509 for RATIS
2022-10-11 08:14:00,147 [EndpointStateMachine task thread for /0.0.0.0:33071 - 0 ] INFO  ratis.XceiverServerRatis (XceiverServerRatis.java:getRealPort(502)) - XceiverServerRatis 372aae33-6f7c-4d6f-ba4c-eadde7effafb is started using port 35509 for RATIS_ADMIN
2022-10-11 08:14:00,147 [EndpointStateMachine task thread for /0.0.0.0:33071 - 0 ] INFO  ratis.XceiverServerRatis (XceiverServerRatis.java:getRealPort(502)) - XceiverServerRatis 372aae33-6f7c-4d6f-ba4c-eadde7effafb is started using port 35509 for RATIS_SERVER
2022-10-11 08:14:00,147 [org.apache.ratis.util.JvmPauseMonitor$$Lambda$637/2131033858@795b8b45] INFO  util.JvmPauseMonitor (JvmPauseMonitor.java:run(103)) - JvmPauseMonitor-372aae33-6f7c-4d6f-ba4c-eadde7effafb: Started
2022-10-11 08:14:00,163 [EndpointStateMachine task thread for /0.0.0.0:33071 - 0 ] INFO  server.XceiverServerGrpc (XceiverServerGrpc.java:start(180)) - XceiverServerGrpc 372aae33-6f7c-4d6f-ba4c-eadde7effafb is started using port 37875
2022-10-11 08:14:00,238 [Listener at 127.0.0.1/40309] INFO  reflections.Reflections (Reflections.java:scan(232)) - Reflections took 91 ms to scan 7 urls, producing 137 keys and 328 values 
2022-10-11 08:14:00,248 [Listener at 127.0.0.1/40309] INFO  statemachine.DatanodeStateMachine (DatanodeStateMachine.java:getEndPointTaskThreadPoolSize(237)) - Datanode State Machine Task Thread Pool size 2
2022-10-11 08:14:00,253 [Listener at 127.0.0.1/40309] INFO  volume.HddsVolume (HddsVolume.java:<init>(117)) - Creating HddsVolume: /home/runner/work/ozone/ozone/hadoop-ozone/integration-test/target/test-dir/MiniOzoneClusterImpl-e4d44f2f-a2b5-41e9-856a-44b560c8547e/datanode-4/data-0/containers/hdds of storage type : DISK capacity : 9223372036854775807
2022-10-11 08:14:00,253 [Listener at 127.0.0.1/40309] INFO  volume.MutableVolumeSet (MutableVolumeSet.java:initializeVolumeSet(174)) - Added Volume : /home/runner/work/ozone/ozone/hadoop-ozone/integration-test/target/test-dir/MiniOzoneClusterImpl-e4d44f2f-a2b5-41e9-856a-44b560c8547e/datanode-4/data-0/containers/hdds to VolumeSet
2022-10-11 08:14:00,253 [Listener at 127.0.0.1/40309] INFO  volume.ThrottledAsyncChecker (ThrottledAsyncChecker.java:schedule(141)) - Scheduling a check for /home/runner/work/ozone/ozone/hadoop-ozone/integration-test/target/test-dir/MiniOzoneClusterImpl-e4d44f2f-a2b5-41e9-856a-44b560c8547e/datanode-4/data-0/containers/hdds
2022-10-11 08:14:00,254 [Listener at 127.0.0.1/40309] INFO  volume.StorageVolumeChecker (StorageVolumeChecker.java:checkAllVolumes(202)) - Scheduled health check for volume /home/runner/work/ozone/ozone/hadoop-ozone/integration-test/target/test-dir/MiniOzoneClusterImpl-e4d44f2f-a2b5-41e9-856a-44b560c8547e/datanode-4/data-0/containers/hdds
2022-10-11 08:14:00,264 [Listener at 127.0.0.1/40309] INFO  volume.MutableVolumeSet (MutableVolumeSet.java:initializeVolumeSet(174)) - Added Volume : /home/runner/work/ozone/ozone/hadoop-ozone/integration-test/target/test-dir/MiniOzoneClusterImpl-e4d44f2f-a2b5-41e9-856a-44b560c8547e/datanode-4/data/ratis to VolumeSet
2022-10-11 08:14:00,264 [Listener at 127.0.0.1/40309] INFO  volume.ThrottledAsyncChecker (ThrottledAsyncChecker.java:schedule(141)) - Scheduling a check for /home/runner/work/ozone/ozone/hadoop-ozone/integration-test/target/test-dir/MiniOzoneClusterImpl-e4d44f2f-a2b5-41e9-856a-44b560c8547e/datanode-4/data/ratis
2022-10-11 08:14:00,264 [Listener at 127.0.0.1/40309] INFO  volume.StorageVolumeChecker (StorageVolumeChecker.java:checkAllVolumes(202)) - Scheduled health check for volume /home/runner/work/ozone/ozone/hadoop-ozone/integration-test/target/test-dir/MiniOzoneClusterImpl-e4d44f2f-a2b5-41e9-856a-44b560c8547e/datanode-4/data/ratis
2022-10-11 08:14:00,276 [Thread-636] INFO  ozoneimpl.ContainerReader (ContainerReader.java:readVolume(175)) - Finish verifying containers on volume /home/runner/work/ozone/ozone/hadoop-ozone/integration-test/target/test-dir/MiniOzoneClusterImpl-e4d44f2f-a2b5-41e9-856a-44b560c8547e/datanode-4/data-0/containers/hdds
2022-10-11 08:14:00,276 [Listener at 127.0.0.1/40309] INFO  ozoneimpl.OzoneContainer (OzoneContainer.java:buildContainerSet(300)) - Build ContainerSet costs 0s
2022-10-11 08:14:00,277 [Listener at 127.0.0.1/40309] INFO  server.RaftServer (ConfUtils.java:logGet(46)) - raft.rpc.type = GRPC (default)
2022-10-11 08:14:00,277 [Listener at 127.0.0.1/40309] INFO  grpc.GrpcFactory (GrpcFactory.java:checkPooledByteBufAllocatorUseCacheForAllThreads(48)) - PERFORMANCE WARNING: useCacheForAllThreads is true that may cause Netty to create a lot garbage objects and, as a result, trigger GC.
	It is recommended to disable useCacheForAllThreads by setting -Dorg.apache.ratis.thirdparty.io.netty.allocator.useCacheForAllThreads=false in command line.
2022-10-11 08:14:00,277 [Listener at 127.0.0.1/40309] INFO  grpc.GrpcConfigKeys (ConfUtils.java:logGet(46)) - raft.grpc.admin.port = 0 (custom)
2022-10-11 08:14:00,277 [Listener at 127.0.0.1/40309] INFO  grpc.GrpcConfigKeys (ConfUtils.java:logGet(46)) - raft.grpc.client.port = 0 (custom)
2022-10-11 08:14:00,278 [Listener at 127.0.0.1/40309] INFO  grpc.GrpcConfigKeys (ConfUtils.java:logGet(46)) - raft.grpc.server.port = 0 (default)
2022-10-11 08:14:00,278 [Listener at 127.0.0.1/40309] INFO  server.GrpcService (ConfUtils.java:logGet(46)) - raft.grpc.message.size.max = 32MB (=33554432) (custom)
2022-10-11 08:14:00,278 [Listener at 127.0.0.1/40309] INFO  server.RaftServerConfigKeys (ConfUtils.java:logGet(46)) - raft.server.log.appender.buffer.byte-limit = 33554432 (custom)
2022-10-11 08:14:00,278 [Listener at 127.0.0.1/40309] INFO  server.GrpcService (ConfUtils.java:logGet(46)) - raft.grpc.flow.control.window = 5MB (=5242880) (custom)
2022-10-11 08:14:00,278 [Listener at 127.0.0.1/40309] INFO  server.RaftServerConfigKeys (ConfUtils.java:logGet(46)) - raft.server.rpc.request.timeout = 60s (custom)
2022-10-11 08:14:00,278 [Listener at 127.0.0.1/40309] INFO  grpc.GrpcConfigKeys (ConfUtils.java:logGet(46)) - raft.grpc.server.async.request.thread.pool.cached = true (default)
2022-10-11 08:14:00,278 [Listener at 127.0.0.1/40309] INFO  grpc.GrpcConfigKeys (ConfUtils.java:logGet(46)) - raft.grpc.server.async.request.thread.pool.size = 32 (default)
2022-10-11 08:14:00,279 [Listener at 127.0.0.1/40309] INFO  impl.DataStreamServerImpl (ConfUtils.java:logGet(46)) - raft.datastream.type = DISABLED (default)
2022-10-11 08:14:00,279 [Listener at 127.0.0.1/40309] INFO  server.RaftServerConfigKeys (ConfUtils.java:logGet(46)) - raft.server.threadpool.proxy.cached = true (default)
2022-10-11 08:14:00,279 [Listener at 127.0.0.1/40309] INFO  server.RaftServerConfigKeys (ConfUtils.java:logGet(46)) - raft.server.threadpool.proxy.size = 0 (default)
2022-10-11 08:14:00,279 [Listener at 127.0.0.1/40309] INFO  server.RaftServerConfigKeys (ConfUtils.java:logGet(46)) - raft.server.rpc.slowness.timeout = 300s (custom)
2022-10-11 08:14:00,279 [Listener at 127.0.0.1/40309] INFO  server.RaftServerConfigKeys (ConfUtils.java:logGet(46)) - raft.server.leaderelection.leader.step-down.wait-time = 10s (default)
2022-10-11 08:14:00,280 [Listener at 127.0.0.1/40309] INFO  server.RaftServerConfigKeys (ConfUtils.java:logGet(46)) - raft.server.storage.dir = [/home/runner/work/ozone/ozone/hadoop-ozone/integration-test/target/test-dir/MiniOzoneClusterImpl-e4d44f2f-a2b5-41e9-856a-44b560c8547e/datanode-4/data/ratis] (custom)
2022-10-11 08:14:00,282 [Listener at 127.0.0.1/40309] INFO  server.XceiverServerGrpc (XceiverServerGrpc.java:<init>(132)) - GrpcServer channel type EpollServerSocketChannel
2022-10-11 08:14:00,284 [Listener at 127.0.0.1/40309] INFO  http.BaseHttpServer (BaseHttpServer.java:newHttpServer2BuilderForOzone(213)) - Starting Web-server for hddsDatanode at: http://0.0.0.0:0
2022-10-11 08:14:00,284 [Listener at 127.0.0.1/40309] INFO  http.BaseHttpServer (BaseHttpServer.java:<init>(108)) - Hadoop Security Enabled: false Ozone Security Enabled: false Ozone HTTP Security Enabled: false 
2022-10-11 08:14:00,285 [Listener at 127.0.0.1/40309] INFO  server.AuthenticationFilter (AuthenticationFilter.java:constructSecretProvider(240)) - Unable to initialize FileSignerSecretProvider, falling back to use random secrets.
2022-10-11 08:14:00,286 [Listener at 127.0.0.1/40309] WARN  http.HttpRequestLog (HttpRequestLog.java:getRequestLog(103)) - Jetty request log can only be enabled using Log4j
2022-10-11 08:14:00,287 [Listener at 127.0.0.1/40309] INFO  http.HttpServer2 (HttpServer2.java:addGlobalFilter(1031)) - Added global filter 'safety' (class=org.apache.hadoop.hdds.server.http.HttpServer2$QuotingInputFilter)
2022-10-11 08:14:00,287 [Listener at 127.0.0.1/40309] INFO  http.HttpServer2 (HttpServer2.java:addFilter(1007)) - Added filter static_user_filter (class=org.apache.hadoop.http.lib.StaticUserWebFilter$StaticUserFilter) to context hddsDatanode
2022-10-11 08:14:00,287 [Listener at 127.0.0.1/40309] INFO  http.HttpServer2 (HttpServer2.java:addFilter(1015)) - Added filter static_user_filter (class=org.apache.hadoop.http.lib.StaticUserWebFilter$StaticUserFilter) to context logs
2022-10-11 08:14:00,287 [Listener at 127.0.0.1/40309] INFO  http.HttpServer2 (HttpServer2.java:addFilter(1015)) - Added filter static_user_filter (class=org.apache.hadoop.http.lib.StaticUserWebFilter$StaticUserFilter) to context static
2022-10-11 08:14:00,288 [Listener at 127.0.0.1/40309] INFO  http.HttpServer2 (HttpServer2.java:bindListener(1250)) - Jetty bound to port 33895
2022-10-11 08:14:00,288 [Listener at 127.0.0.1/40309] INFO  server.Server (Server.java:doStart(375)) - jetty-9.4.43.v20210629; built: 2021-06-30T11:07:22.254Z; git: 526006ecfa3af7f1a27ef3a288e2bef7ea9dd7e8; jvm 1.8.0_345-b01
2022-10-11 08:14:00,289 [Listener at 127.0.0.1/40309] INFO  server.session (DefaultSessionIdManager.java:doStart(334)) - DefaultSessionIdManager workerName=node0
2022-10-11 08:14:00,290 [Listener at 127.0.0.1/40309] INFO  server.session (DefaultSessionIdManager.java:doStart(339)) - No SessionScavenger set, using defaults
2022-10-11 08:14:00,290 [Listener at 127.0.0.1/40309] INFO  server.session (HouseKeeper.java:startScavenging(132)) - node0 Scavenging every 660000ms
2022-10-11 08:14:00,291 [Listener at 127.0.0.1/40309] INFO  handler.ContextHandler (ContextHandler.java:doStart(915)) - Started o.e.j.s.ServletContextHandler@74314540{logs,/logs,file:///home/runner/work/ozone/ozone/hadoop-ozone/integration-test/target/log,AVAILABLE}
2022-10-11 08:14:00,291 [Listener at 127.0.0.1/40309] INFO  handler.ContextHandler (ContextHandler.java:doStart(915)) - Started o.e.j.s.ServletContextHandler@7d9bc433{static,/static,jar:file:/home/runner/.m2/repository/org/apache/ozone/hdds-container-service/1.3.0-SNAPSHOT/hdds-container-service-1.3.0-SNAPSHOT.jar!/webapps/static,AVAILABLE}
2022-10-11 08:14:00,523 [Listener at 127.0.0.1/40309] INFO  handler.ContextHandler (ContextHandler.java:doStart(915)) - Started o.e.j.w.WebAppContext@58a1faa{hddsDatanode,/,file:///tmp/jetty-0_0_0_0-33895-hdds-container-service-1_3_0-SNAPSHOT_jar-_-any-1685854261940479504/webapp/,AVAILABLE}{jar:file:/home/runner/.m2/repository/org/apache/ozone/hdds-container-service/1.3.0-SNAPSHOT/hdds-container-service-1.3.0-SNAPSHOT.jar!/webapps/hddsDatanode}
2022-10-11 08:14:00,524 [Listener at 127.0.0.1/40309] INFO  server.AbstractConnector (AbstractConnector.java:doStart(331)) - Started ServerConnector@48f345c{HTTP/1.1, (http/1.1)}{0.0.0.0:33895}
2022-10-11 08:14:00,525 [Listener at 127.0.0.1/40309] INFO  server.Server (Server.java:doStart(415)) - Started @87708ms
2022-10-11 08:14:00,525 [Listener at 127.0.0.1/40309] WARN  impl.MetricsSystemImpl (MetricsSystemImpl.java:register(279)) - Sink prometheus already exists!
2022-10-11 08:14:00,529 [Listener at 127.0.0.1/40309] INFO  http.BaseHttpServer (BaseHttpServer.java:updateConnectorAddress(333)) - HTTP server of hddsDatanode listening at http://0.0.0.0:33895
2022-10-11 08:14:00,533 [Listener at 127.0.0.1/40309] INFO  ozone.MiniOzoneClusterImpl (MiniOzoneClusterImpl.java:lambda$waitForClusterToBeReady$0(216)) - Waiting for nodes to be ready. Got 0 of 5 DN Heartbeats.
2022-10-11 08:14:00,533 [Listener at 127.0.0.1/40309] INFO  ozone.MiniOzoneClusterImpl (MiniOzoneClusterImpl.java:lambda$waitForClusterToBeReady$0(219)) - Waiting for cluster to exit safe mode
2022-10-11 08:14:00,533 [Listener at 127.0.0.1/40309] INFO  ozone.MiniOzoneClusterImpl (MiniOzoneClusterImpl.java:lambda$waitForClusterToBeReady$0(221)) - SCM became leader
2022-10-11 08:14:00,533 [Datanode State Machine Daemon Thread] INFO  statemachine.DatanodeStateMachine (DatanodeStateMachine.java:lambda$startDaemon$0(492)) - Ozone container server started.
2022-10-11 08:14:00,550 [org.apache.hadoop.util.JvmPauseMonitor$Monitor@13add58b] INFO  util.JvmPauseMonitor (JvmPauseMonitor.java:run(188)) - Starting JVM pause monitor
2022-10-11 08:14:00,570 [Datanode State Machine Task Thread - 0] INFO  datanode.InitDatanodeState (InitDatanodeState.java:persistContainerDatanodeDetails(138)) - DatanodeDetails is persisted to /home/runner/work/ozone/ozone/hadoop-ozone/integration-test/target/test-dir/MiniOzoneClusterImpl-e4d44f2f-a2b5-41e9-856a-44b560c8547e/datanode-4/meta/datanode.id
2022-10-11 08:14:00,658 [EndpointStateMachine task thread for /0.0.0.0:33071 - 0 ] INFO  volume.HddsVolume (HddsVolume.java:createDbStore(307)) - SchemaV3 db is created and loaded at /home/runner/work/ozone/ozone/hadoop-ozone/integration-test/target/test-dir/MiniOzoneClusterImpl-e4d44f2f-a2b5-41e9-856a-44b560c8547e/datanode-1/data-0/containers/hdds/e4d44f2f-a2b5-41e9-856a-44b560c8547e/DS-b096b686-510c-444d-a64b-ee9bd4a0e290/container.db for volume DS-b096b686-510c-444d-a64b-ee9bd4a0e290
2022-10-11 08:14:00,660 [EndpointStateMachine task thread for /0.0.0.0:33071 - 0 ] INFO  volume.HddsVolume (HddsVolume.java:closeDbStore(338)) - SchemaV3 db is stopped at /home/runner/work/ozone/ozone/hadoop-ozone/integration-test/target/test-dir/MiniOzoneClusterImpl-e4d44f2f-a2b5-41e9-856a-44b560c8547e/datanode-1/data-0/containers/hdds/e4d44f2f-a2b5-41e9-856a-44b560c8547e/DS-b096b686-510c-444d-a64b-ee9bd4a0e290/container.db for volume DS-b096b686-510c-444d-a64b-ee9bd4a0e290
2022-10-11 08:14:00,660 [EndpointStateMachine task thread for /0.0.0.0:33071 - 0 ] INFO  ozoneimpl.OzoneContainer (OzoneContainer.java:start(378)) - Attempting to start container services.
2022-10-11 08:14:00,660 [EndpointStateMachine task thread for /0.0.0.0:33071 - 0 ] INFO  ozoneimpl.OzoneContainer (OzoneContainer.java:startContainerScrub(313)) - Background container scanner has been disabled.
2022-10-11 08:14:00,672 [EndpointStateMachine task thread for /0.0.0.0:33071 - 0 ] INFO  replication.ReplicationServer (ReplicationServer.java:start(111)) - ReplicationServer is started using port 46179
2022-10-11 08:14:00,686 [EndpointStateMachine task thread for /0.0.0.0:33071 - 0 ] INFO  ratis.XceiverServerRatis (XceiverServerRatis.java:start(481)) - Starting XceiverServerRatis ee19ba41-361b-4acc-833e-c4e477a5e66e
2022-10-11 08:14:00,686 [EndpointStateMachine task thread for /0.0.0.0:33071 - 0 ] INFO  server.RaftServer (RaftServerProxy.java:lambda$start$6(382)) - ee19ba41-361b-4acc-833e-c4e477a5e66e: start RPC server
2022-10-11 08:14:00,689 [EndpointStateMachine task thread for /0.0.0.0:33071 - 0 ] INFO  server.GrpcService (GrpcService.java:startImpl(260)) - ee19ba41-361b-4acc-833e-c4e477a5e66e: GrpcService started, listening on 33325
2022-10-11 08:14:00,698 [EndpointStateMachine task thread for /0.0.0.0:33071 - 0 ] INFO  ratis.XceiverServerRatis (XceiverServerRatis.java:getRealPort(502)) - XceiverServerRatis ee19ba41-361b-4acc-833e-c4e477a5e66e is started using port 33325 for RATIS
2022-10-11 08:14:00,698 [EndpointStateMachine task thread for /0.0.0.0:33071 - 0 ] INFO  ratis.XceiverServerRatis (XceiverServerRatis.java:getRealPort(502)) - XceiverServerRatis ee19ba41-361b-4acc-833e-c4e477a5e66e is started using port 33325 for RATIS_ADMIN
2022-10-11 08:14:00,698 [EndpointStateMachine task thread for /0.0.0.0:33071 - 0 ] INFO  ratis.XceiverServerRatis (XceiverServerRatis.java:getRealPort(502)) - XceiverServerRatis ee19ba41-361b-4acc-833e-c4e477a5e66e is started using port 33325 for RATIS_SERVER
2022-10-11 08:14:00,699 [org.apache.ratis.util.JvmPauseMonitor$$Lambda$637/2131033858@6a389ea7] INFO  util.JvmPauseMonitor (JvmPauseMonitor.java:run(103)) - JvmPauseMonitor-ee19ba41-361b-4acc-833e-c4e477a5e66e: Started
2022-10-11 08:14:00,735 [EndpointStateMachine task thread for /0.0.0.0:33071 - 0 ] INFO  server.XceiverServerGrpc (XceiverServerGrpc.java:start(180)) - XceiverServerGrpc ee19ba41-361b-4acc-833e-c4e477a5e66e is started using port 41691
2022-10-11 08:14:01,316 [EndpointStateMachine task thread for /0.0.0.0:33071 - 0 ] INFO  volume.HddsVolume (HddsVolume.java:createDbStore(307)) - SchemaV3 db is created and loaded at /home/runner/work/ozone/ozone/hadoop-ozone/integration-test/target/test-dir/MiniOzoneClusterImpl-e4d44f2f-a2b5-41e9-856a-44b560c8547e/datanode-2/data-0/containers/hdds/e4d44f2f-a2b5-41e9-856a-44b560c8547e/DS-09f16857-34cd-49e3-8800-9ac24c0b4788/container.db for volume DS-09f16857-34cd-49e3-8800-9ac24c0b4788
2022-10-11 08:14:01,316 [EndpointStateMachine task thread for /0.0.0.0:33071 - 0 ] INFO  volume.HddsVolume (HddsVolume.java:closeDbStore(338)) - SchemaV3 db is stopped at /home/runner/work/ozone/ozone/hadoop-ozone/integration-test/target/test-dir/MiniOzoneClusterImpl-e4d44f2f-a2b5-41e9-856a-44b560c8547e/datanode-2/data-0/containers/hdds/e4d44f2f-a2b5-41e9-856a-44b560c8547e/DS-09f16857-34cd-49e3-8800-9ac24c0b4788/container.db for volume DS-09f16857-34cd-49e3-8800-9ac24c0b4788
2022-10-11 08:14:01,316 [EndpointStateMachine task thread for /0.0.0.0:33071 - 0 ] INFO  ozoneimpl.OzoneContainer (OzoneContainer.java:start(378)) - Attempting to start container services.
2022-10-11 08:14:01,317 [EndpointStateMachine task thread for /0.0.0.0:33071 - 0 ] INFO  ozoneimpl.OzoneContainer (OzoneContainer.java:startContainerScrub(313)) - Background container scanner has been disabled.
2022-10-11 08:14:01,352 [EndpointStateMachine task thread for /0.0.0.0:33071 - 0 ] INFO  replication.ReplicationServer (ReplicationServer.java:start(111)) - ReplicationServer is started using port 35597
2022-10-11 08:14:01,353 [EndpointStateMachine task thread for /0.0.0.0:33071 - 0 ] INFO  ratis.XceiverServerRatis (XceiverServerRatis.java:start(481)) - Starting XceiverServerRatis f7d1a98c-0d33-4cfc-a34e-9915b3815335
2022-10-11 08:14:01,359 [EndpointStateMachine task thread for /0.0.0.0:33071 - 0 ] INFO  server.RaftServer (RaftServerProxy.java:lambda$start$6(382)) - f7d1a98c-0d33-4cfc-a34e-9915b3815335: start RPC server
2022-10-11 08:14:01,374 [EndpointStateMachine task thread for /0.0.0.0:33071 - 0 ] INFO  server.GrpcService (GrpcService.java:startImpl(260)) - f7d1a98c-0d33-4cfc-a34e-9915b3815335: GrpcService started, listening on 40629
2022-10-11 08:14:01,382 [EndpointStateMachine task thread for /0.0.0.0:33071 - 0 ] INFO  ratis.XceiverServerRatis (XceiverServerRatis.java:getRealPort(502)) - XceiverServerRatis f7d1a98c-0d33-4cfc-a34e-9915b3815335 is started using port 40629 for RATIS
2022-10-11 08:14:01,382 [org.apache.ratis.util.JvmPauseMonitor$$Lambda$637/2131033858@7aa1a31] INFO  util.JvmPauseMonitor (JvmPauseMonitor.java:run(103)) - JvmPauseMonitor-f7d1a98c-0d33-4cfc-a34e-9915b3815335: Started
2022-10-11 08:14:01,382 [EndpointStateMachine task thread for /0.0.0.0:33071 - 0 ] INFO  ratis.XceiverServerRatis (XceiverServerRatis.java:getRealPort(502)) - XceiverServerRatis f7d1a98c-0d33-4cfc-a34e-9915b3815335 is started using port 40629 for RATIS_ADMIN
2022-10-11 08:14:01,382 [EndpointStateMachine task thread for /0.0.0.0:33071 - 0 ] INFO  ratis.XceiverServerRatis (XceiverServerRatis.java:getRealPort(502)) - XceiverServerRatis f7d1a98c-0d33-4cfc-a34e-9915b3815335 is started using port 40629 for RATIS_SERVER
2022-10-11 08:14:01,411 [EndpointStateMachine task thread for /0.0.0.0:33071 - 0 ] INFO  server.XceiverServerGrpc (XceiverServerGrpc.java:start(180)) - XceiverServerGrpc f7d1a98c-0d33-4cfc-a34e-9915b3815335 is started using port 35101
2022-10-11 08:14:01,533 [Listener at 127.0.0.1/40309] INFO  ozone.MiniOzoneClusterImpl (MiniOzoneClusterImpl.java:lambda$waitForClusterToBeReady$0(216)) - Waiting for nodes to be ready. Got 0 of 5 DN Heartbeats.
2022-10-11 08:14:01,533 [Listener at 127.0.0.1/40309] INFO  ozone.MiniOzoneClusterImpl (MiniOzoneClusterImpl.java:lambda$waitForClusterToBeReady$0(219)) - Waiting for cluster to exit safe mode
2022-10-11 08:14:01,534 [Listener at 127.0.0.1/40309] INFO  ozone.MiniOzoneClusterImpl (MiniOzoneClusterImpl.java:lambda$waitForClusterToBeReady$0(221)) - SCM became leader
2022-10-11 08:14:01,933 [IPC Server handler 19 on default port 33071] INFO  net.NetworkTopologyImpl (NetworkTopologyImpl.java:add(112)) - Added a new node: /default-rack/372aae33-6f7c-4d6f-ba4c-eadde7effafb
2022-10-11 08:14:01,933 [IPC Server handler 19 on default port 33071] INFO  node.SCMNodeManager (SCMNodeManager.java:register(397)) - Registered Data node : 372aae33-6f7c-4d6f-ba4c-eadde7effafb{ip: 10.1.0.76, host: fv-az208-128.kmgg0fu2myoezeajip4j0sfi3d.cx.internal.cloudapp.net, ports: [REPLICATION=37379, RATIS=35509, RATIS_ADMIN=35509, RATIS_SERVER=35509, STANDALONE=37875], networkLocation: /default-rack, certSerialId: null, persistedOpState: null, persistedOpStateExpiryEpochSec: 0}
2022-10-11 08:14:01,939 [EventQueue-NodeRegistrationContainerReportForContainerSafeModeRule] INFO  safemode.SCMSafeModeManager (SCMSafeModeManager.java:validateSafeModeExitRules(204)) - ContainerSafeModeRule rule is successfully validated
2022-10-11 08:14:01,939 [EventQueue-NodeRegistrationContainerReportForDataNodeSafeModeRule] INFO  safemode.SCMSafeModeManager (DataNodeSafeModeRule.java:process(71)) - SCM in safe mode. 1 DataNodes registered, 3 required.
2022-10-11 08:14:01,951 [EventQueue-NewNodeForNewNodeHandler] INFO  pipeline.BackgroundPipelineCreator (BackgroundPipelineCreator.java:notifyEventTriggered(276)) - trigger a one-shot run on RatisPipelineUtilsThread.
2022-10-11 08:14:01,951 [RatisPipelineUtilsThread - 0] INFO  pipeline.RatisPipelineProvider (RatisPipelineProvider.java:lambda$create$0(195)) - Sending CreatePipelineCommand for pipeline:PipelineID=7001e70f-f0f6-468b-8587-489c80c164d2 to datanode:372aae33-6f7c-4d6f-ba4c-eadde7effafb
2022-10-11 08:14:01,955 [RatisPipelineUtilsThread - 0] INFO  pipeline.PipelineStateManagerImpl (PipelineStateManagerImpl.java:addPipeline(103)) - Created pipeline Pipeline[ Id: 7001e70f-f0f6-468b-8587-489c80c164d2, Nodes: 372aae33-6f7c-4d6f-ba4c-eadde7effafb{ip: 10.1.0.76, host: fv-az208-128.kmgg0fu2myoezeajip4j0sfi3d.cx.internal.cloudapp.net, ports: [REPLICATION=37379, RATIS=35509, RATIS_ADMIN=35509, RATIS_SERVER=35509, STANDALONE=37875], networkLocation: /default-rack, certSerialId: null, persistedOpState: IN_SERVICE, persistedOpStateExpiryEpochSec: 0}, ReplicationConfig: RATIS/ONE, State:ALLOCATED, leaderId:, CreationTimestamp2022-10-11T08:14:01.951Z[Etc/UTC]].
2022-10-11 08:14:01,962 [EventQueue-PipelineReportForOneReplicaPipelineSafeModeRule] INFO  safemode.SCMSafeModeManager (SCMSafeModeManager.java:validateSafeModeExitRules(204)) - AtleastOneDatanodeReportedRule rule is successfully validated
2022-10-11 08:14:02,132 [EndpointStateMachine task thread for /0.0.0.0:33071 - 0 ] INFO  volume.HddsVolume (HddsVolume.java:createDbStore(307)) - SchemaV3 db is created and loaded at /home/runner/work/ozone/ozone/hadoop-ozone/integration-test/target/test-dir/MiniOzoneClusterImpl-e4d44f2f-a2b5-41e9-856a-44b560c8547e/datanode-3/data-0/containers/hdds/e4d44f2f-a2b5-41e9-856a-44b560c8547e/DS-73f19e62-95fd-4f70-8c9c-cd03cf86ddfe/container.db for volume DS-73f19e62-95fd-4f70-8c9c-cd03cf86ddfe
2022-10-11 08:14:02,143 [EndpointStateMachine task thread for /0.0.0.0:33071 - 0 ] INFO  volume.HddsVolume (HddsVolume.java:closeDbStore(338)) - SchemaV3 db is stopped at /home/runner/work/ozone/ozone/hadoop-ozone/integration-test/target/test-dir/MiniOzoneClusterImpl-e4d44f2f-a2b5-41e9-856a-44b560c8547e/datanode-3/data-0/containers/hdds/e4d44f2f-a2b5-41e9-856a-44b560c8547e/DS-73f19e62-95fd-4f70-8c9c-cd03cf86ddfe/container.db for volume DS-73f19e62-95fd-4f70-8c9c-cd03cf86ddfe
2022-10-11 08:14:02,143 [EndpointStateMachine task thread for /0.0.0.0:33071 - 0 ] INFO  ozoneimpl.OzoneContainer (OzoneContainer.java:start(378)) - Attempting to start container services.
2022-10-11 08:14:02,144 [EndpointStateMachine task thread for /0.0.0.0:33071 - 0 ] INFO  ozoneimpl.OzoneContainer (OzoneContainer.java:startContainerScrub(313)) - Background container scanner has been disabled.
2022-10-11 08:14:02,149 [EndpointStateMachine task thread for /0.0.0.0:33071 - 0 ] INFO  replication.ReplicationServer (ReplicationServer.java:start(111)) - ReplicationServer is started using port 35729
2022-10-11 08:14:02,149 [EndpointStateMachine task thread for /0.0.0.0:33071 - 0 ] INFO  ratis.XceiverServerRatis (XceiverServerRatis.java:start(481)) - Starting XceiverServerRatis 1c211b8c-3572-4703-83f3-43ac8370d372
2022-10-11 08:14:02,150 [EndpointStateMachine task thread for /0.0.0.0:33071 - 0 ] INFO  server.RaftServer (RaftServerProxy.java:lambda$start$6(382)) - 1c211b8c-3572-4703-83f3-43ac8370d372: start RPC server
2022-10-11 08:14:02,160 [EndpointStateMachine task thread for /0.0.0.0:33071 - 0 ] INFO  server.GrpcService (GrpcService.java:startImpl(260)) - 1c211b8c-3572-4703-83f3-43ac8370d372: GrpcService started, listening on 38781
2022-10-11 08:14:02,160 [EndpointStateMachine task thread for /0.0.0.0:33071 - 0 ] INFO  ratis.XceiverServerRatis (XceiverServerRatis.java:getRealPort(502)) - XceiverServerRatis 1c211b8c-3572-4703-83f3-43ac8370d372 is started using port 38781 for RATIS
2022-10-11 08:14:02,160 [EndpointStateMachine task thread for /0.0.0.0:33071 - 0 ] INFO  ratis.XceiverServerRatis (XceiverServerRatis.java:getRealPort(502)) - XceiverServerRatis 1c211b8c-3572-4703-83f3-43ac8370d372 is started using port 38781 for RATIS_ADMIN
2022-10-11 08:14:02,160 [EndpointStateMachine task thread for /0.0.0.0:33071 - 0 ] INFO  ratis.XceiverServerRatis (XceiverServerRatis.java:getRealPort(502)) - XceiverServerRatis 1c211b8c-3572-4703-83f3-43ac8370d372 is started using port 38781 for RATIS_SERVER
2022-10-11 08:14:02,162 [org.apache.ratis.util.JvmPauseMonitor$$Lambda$637/2131033858@5ca157b7] INFO  util.JvmPauseMonitor (JvmPauseMonitor.java:run(103)) - JvmPauseMonitor-1c211b8c-3572-4703-83f3-43ac8370d372: Started
2022-10-11 08:14:02,188 [EndpointStateMachine task thread for /0.0.0.0:33071 - 0 ] INFO  server.XceiverServerGrpc (XceiverServerGrpc.java:start(180)) - XceiverServerGrpc 1c211b8c-3572-4703-83f3-43ac8370d372 is started using port 37865
2022-10-11 08:14:02,534 [Listener at 127.0.0.1/40309] INFO  ozone.MiniOzoneClusterImpl (MiniOzoneClusterImpl.java:lambda$waitForClusterToBeReady$0(216)) - Waiting for nodes to be ready. Got 1 of 5 DN Heartbeats.
2022-10-11 08:14:02,534 [Listener at 127.0.0.1/40309] INFO  ozone.MiniOzoneClusterImpl (MiniOzoneClusterImpl.java:lambda$waitForClusterToBeReady$0(219)) - Waiting for cluster to exit safe mode
2022-10-11 08:14:02,534 [Listener at 127.0.0.1/40309] INFO  ozone.MiniOzoneClusterImpl (MiniOzoneClusterImpl.java:lambda$waitForClusterToBeReady$0(221)) - SCM became leader
2022-10-11 08:14:02,585 [IPC Server handler 16 on default port 33071] INFO  net.NetworkTopologyImpl (NetworkTopologyImpl.java:add(112)) - Added a new node: /default-rack/ee19ba41-361b-4acc-833e-c4e477a5e66e
2022-10-11 08:14:02,586 [IPC Server handler 16 on default port 33071] INFO  node.SCMNodeManager (SCMNodeManager.java:register(397)) - Registered Data node : ee19ba41-361b-4acc-833e-c4e477a5e66e{ip: 10.1.0.76, host: fv-az208-128.kmgg0fu2myoezeajip4j0sfi3d.cx.internal.cloudapp.net, ports: [REPLICATION=46179, RATIS=33325, RATIS_ADMIN=33325, RATIS_SERVER=33325, STANDALONE=41691], networkLocation: /default-rack, certSerialId: null, persistedOpState: null, persistedOpStateExpiryEpochSec: 0}
2022-10-11 08:14:02,586 [EventQueue-NewNodeForNewNodeHandler] INFO  pipeline.BackgroundPipelineCreator (BackgroundPipelineCreator.java:notifyEventTriggered(276)) - trigger a one-shot run on RatisPipelineUtilsThread.
2022-10-11 08:14:02,588 [RatisPipelineUtilsThread - 0] INFO  pipeline.RatisPipelineProvider (RatisPipelineProvider.java:lambda$create$0(195)) - Sending CreatePipelineCommand for pipeline:PipelineID=980faea7-b1d1-42ae-bb0c-e9e0c1525db4 to datanode:ee19ba41-361b-4acc-833e-c4e477a5e66e
2022-10-11 08:14:02,589 [RatisPipelineUtilsThread - 0] INFO  pipeline.PipelineStateManagerImpl (PipelineStateManagerImpl.java:addPipeline(103)) - Created pipeline Pipeline[ Id: 980faea7-b1d1-42ae-bb0c-e9e0c1525db4, Nodes: ee19ba41-361b-4acc-833e-c4e477a5e66e{ip: 10.1.0.76, host: fv-az208-128.kmgg0fu2myoezeajip4j0sfi3d.cx.internal.cloudapp.net, ports: [REPLICATION=46179, RATIS=33325, RATIS_ADMIN=33325, RATIS_SERVER=33325, STANDALONE=41691], networkLocation: /default-rack, certSerialId: null, persistedOpState: IN_SERVICE, persistedOpStateExpiryEpochSec: 0}, ReplicationConfig: RATIS/ONE, State:ALLOCATED, leaderId:, CreationTimestamp2022-10-11T08:14:02.588Z[Etc/UTC]].
2022-10-11 08:14:02,589 [EventQueue-NodeRegistrationContainerReportForDataNodeSafeModeRule] INFO  safemode.SCMSafeModeManager (DataNodeSafeModeRule.java:process(71)) - SCM in safe mode. 2 DataNodes registered, 3 required.
2022-10-11 08:14:02,625 [EndpointStateMachine task thread for /0.0.0.0:33071 - 0 ] INFO  volume.HddsVolume (HddsVolume.java:createDbStore(307)) - SchemaV3 db is created and loaded at /home/runner/work/ozone/ozone/hadoop-ozone/integration-test/target/test-dir/MiniOzoneClusterImpl-e4d44f2f-a2b5-41e9-856a-44b560c8547e/datanode-4/data-0/containers/hdds/e4d44f2f-a2b5-41e9-856a-44b560c8547e/DS-13085bf9-3313-496f-a77a-5bd50831308b/container.db for volume DS-13085bf9-3313-496f-a77a-5bd50831308b
2022-10-11 08:14:02,643 [EndpointStateMachine task thread for /0.0.0.0:33071 - 0 ] INFO  volume.HddsVolume (HddsVolume.java:closeDbStore(338)) - SchemaV3 db is stopped at /home/runner/work/ozone/ozone/hadoop-ozone/integration-test/target/test-dir/MiniOzoneClusterImpl-e4d44f2f-a2b5-41e9-856a-44b560c8547e/datanode-4/data-0/containers/hdds/e4d44f2f-a2b5-41e9-856a-44b560c8547e/DS-13085bf9-3313-496f-a77a-5bd50831308b/container.db for volume DS-13085bf9-3313-496f-a77a-5bd50831308b
2022-10-11 08:14:02,643 [EndpointStateMachine task thread for /0.0.0.0:33071 - 0 ] INFO  ozoneimpl.OzoneContainer (OzoneContainer.java:start(378)) - Attempting to start container services.
2022-10-11 08:14:02,643 [EndpointStateMachine task thread for /0.0.0.0:33071 - 0 ] INFO  ozoneimpl.OzoneContainer (OzoneContainer.java:startContainerScrub(313)) - Background container scanner has been disabled.
2022-10-11 08:14:02,646 [EndpointStateMachine task thread for /0.0.0.0:33071 - 0 ] INFO  replication.ReplicationServer (ReplicationServer.java:start(111)) - ReplicationServer is started using port 36735
2022-10-11 08:14:02,646 [EndpointStateMachine task thread for /0.0.0.0:33071 - 0 ] INFO  ratis.XceiverServerRatis (XceiverServerRatis.java:start(481)) - Starting XceiverServerRatis 9a84da48-1a2f-45a5-8375-d5813bb76e7a
2022-10-11 08:14:02,647 [EndpointStateMachine task thread for /0.0.0.0:33071 - 0 ] INFO  server.RaftServer (RaftServerProxy.java:lambda$start$6(382)) - 9a84da48-1a2f-45a5-8375-d5813bb76e7a: start RPC server
2022-10-11 08:14:02,661 [EndpointStateMachine task thread for /0.0.0.0:33071 - 0 ] INFO  server.GrpcService (GrpcService.java:startImpl(260)) - 9a84da48-1a2f-45a5-8375-d5813bb76e7a: GrpcService started, listening on 45449
2022-10-11 08:14:02,661 [EndpointStateMachine task thread for /0.0.0.0:33071 - 0 ] INFO  ratis.XceiverServerRatis (XceiverServerRatis.java:getRealPort(502)) - XceiverServerRatis 9a84da48-1a2f-45a5-8375-d5813bb76e7a is started using port 45449 for RATIS
2022-10-11 08:14:02,661 [EndpointStateMachine task thread for /0.0.0.0:33071 - 0 ] INFO  ratis.XceiverServerRatis (XceiverServerRatis.java:getRealPort(502)) - XceiverServerRatis 9a84da48-1a2f-45a5-8375-d5813bb76e7a is started using port 45449 for RATIS_ADMIN
2022-10-11 08:14:02,661 [EndpointStateMachine task thread for /0.0.0.0:33071 - 0 ] INFO  ratis.XceiverServerRatis (XceiverServerRatis.java:getRealPort(502)) - XceiverServerRatis 9a84da48-1a2f-45a5-8375-d5813bb76e7a is started using port 45449 for RATIS_SERVER
2022-10-11 08:14:02,661 [org.apache.ratis.util.JvmPauseMonitor$$Lambda$637/2131033858@7d91bb7] INFO  util.JvmPauseMonitor (JvmPauseMonitor.java:run(103)) - JvmPauseMonitor-9a84da48-1a2f-45a5-8375-d5813bb76e7a: Started
2022-10-11 08:14:02,675 [EndpointStateMachine task thread for /0.0.0.0:33071 - 0 ] INFO  server.XceiverServerGrpc (XceiverServerGrpc.java:start(180)) - XceiverServerGrpc 9a84da48-1a2f-45a5-8375-d5813bb76e7a is started using port 46775
2022-10-11 08:14:03,244 [IPC Server handler 17 on default port 33071] INFO  net.NetworkTopologyImpl (NetworkTopologyImpl.java:add(112)) - Added a new node: /default-rack/f7d1a98c-0d33-4cfc-a34e-9915b3815335
2022-10-11 08:14:03,244 [IPC Server handler 17 on default port 33071] INFO  node.SCMNodeManager (SCMNodeManager.java:register(397)) - Registered Data node : f7d1a98c-0d33-4cfc-a34e-9915b3815335{ip: 10.1.0.76, host: fv-az208-128.kmgg0fu2myoezeajip4j0sfi3d.cx.internal.cloudapp.net, ports: [REPLICATION=35597, RATIS=40629, RATIS_ADMIN=40629, RATIS_SERVER=40629, STANDALONE=35101], networkLocation: /default-rack, certSerialId: null, persistedOpState: null, persistedOpStateExpiryEpochSec: 0}
2022-10-11 08:14:03,244 [EventQueue-NewNodeForNewNodeHandler] INFO  pipeline.BackgroundPipelineCreator (BackgroundPipelineCreator.java:notifyEventTriggered(276)) - trigger a one-shot run on RatisPipelineUtilsThread.
2022-10-11 08:14:03,251 [RatisPipelineUtilsThread - 0] INFO  pipeline.RatisPipelineProvider (RatisPipelineProvider.java:lambda$create$0(195)) - Sending CreatePipelineCommand for pipeline:PipelineID=31be5f59-98e8-4c46-942a-dc5f4dae86c9 to datanode:f7d1a98c-0d33-4cfc-a34e-9915b3815335
2022-10-11 08:14:03,252 [RatisPipelineUtilsThread - 0] INFO  pipeline.PipelineStateManagerImpl (PipelineStateManagerImpl.java:addPipeline(103)) - Created pipeline Pipeline[ Id: 31be5f59-98e8-4c46-942a-dc5f4dae86c9, Nodes: f7d1a98c-0d33-4cfc-a34e-9915b3815335{ip: 10.1.0.76, host: fv-az208-128.kmgg0fu2myoezeajip4j0sfi3d.cx.internal.cloudapp.net, ports: [REPLICATION=35597, RATIS=40629, RATIS_ADMIN=40629, RATIS_SERVER=40629, STANDALONE=35101], networkLocation: /default-rack, certSerialId: null, persistedOpState: IN_SERVICE, persistedOpStateExpiryEpochSec: 0}, ReplicationConfig: RATIS/ONE, State:ALLOCATED, leaderId:, CreationTimestamp2022-10-11T08:14:03.251Z[Etc/UTC]].
2022-10-11 08:14:03,252 [EventQueue-NodeRegistrationContainerReportForDataNodeSafeModeRule] INFO  safemode.SCMSafeModeManager (DataNodeSafeModeRule.java:process(71)) - SCM in safe mode. 3 DataNodes registered, 3 required.
2022-10-11 08:14:03,252 [EventQueue-NodeRegistrationContainerReportForDataNodeSafeModeRule] INFO  safemode.SCMSafeModeManager (SCMSafeModeManager.java:validateSafeModeExitRules(204)) - DataNodeSafeModeRule rule is successfully validated
2022-10-11 08:14:03,252 [EventQueue-NodeRegistrationContainerReportForDataNodeSafeModeRule] INFO  safemode.SCMSafeModeManager (SCMSafeModeManager.java:completePreCheck(233)) - All SCM safe mode pre check rules have passed
2022-10-11 08:14:03,252 [EventQueue-NodeRegistrationContainerReportForDataNodeSafeModeRule] WARN  events.EventQueue (EventQueue.java:fireEvent(216)) - No event handler registered for event TypedEvent{payloadType=SafeModeStatus, name='Safe mode status'}
2022-10-11 08:14:03,252 [EventQueue-NodeRegistrationContainerReportForDataNodeSafeModeRule] INFO  ha.SCMContext (SCMContext.java:updateSafeModeStatus(228)) - Update SafeModeStatus from SafeModeStatus{safeModeStatus=true, preCheckPassed=false} to SafeModeStatus{safeModeStatus=true, preCheckPassed=true}.
2022-10-11 08:14:03,252 [EventQueue-NodeRegistrationContainerReportForDataNodeSafeModeRule] INFO  pipeline.BackgroundPipelineCreator (BackgroundPipelineCreator.java:notifyEventTriggered(276)) - trigger a one-shot run on RatisPipelineUtilsThread.
2022-10-11 08:14:03,256 [RatisPipelineUtilsThread - 0] INFO  pipeline.RatisPipelineProvider (RatisPipelineProvider.java:lambda$create$0(195)) - Sending CreatePipelineCommand for pipeline:PipelineID=94e22a5b-5867-4a1b-8747-3679c7e9dd81 to datanode:372aae33-6f7c-4d6f-ba4c-eadde7effafb
2022-10-11 08:14:03,257 [RatisPipelineUtilsThread - 0] INFO  pipeline.RatisPipelineProvider (RatisPipelineProvider.java:lambda$create$0(195)) - Sending CreatePipelineCommand for pipeline:PipelineID=94e22a5b-5867-4a1b-8747-3679c7e9dd81 to datanode:ee19ba41-361b-4acc-833e-c4e477a5e66e
2022-10-11 08:14:03,257 [RatisPipelineUtilsThread - 0] INFO  pipeline.RatisPipelineProvider (RatisPipelineProvider.java:lambda$create$0(195)) - Sending CreatePipelineCommand for pipeline:PipelineID=94e22a5b-5867-4a1b-8747-3679c7e9dd81 to datanode:f7d1a98c-0d33-4cfc-a34e-9915b3815335
2022-10-11 08:14:03,277 [RatisPipelineUtilsThread - 0] INFO  pipeline.PipelineStateManagerImpl (PipelineStateManagerImpl.java:addPipeline(103)) - Created pipeline Pipeline[ Id: 94e22a5b-5867-4a1b-8747-3679c7e9dd81, Nodes: 372aae33-6f7c-4d6f-ba4c-eadde7effafb{ip: 10.1.0.76, host: fv-az208-128.kmgg0fu2myoezeajip4j0sfi3d.cx.internal.cloudapp.net, ports: [REPLICATION=37379, RATIS=35509, RATIS_ADMIN=35509, RATIS_SERVER=35509, STANDALONE=37875], networkLocation: /default-rack, certSerialId: null, persistedOpState: IN_SERVICE, persistedOpStateExpiryEpochSec: 0}ee19ba41-361b-4acc-833e-c4e477a5e66e{ip: 10.1.0.76, host: fv-az208-128.kmgg0fu2myoezeajip4j0sfi3d.cx.internal.cloudapp.net, ports: [REPLICATION=46179, RATIS=33325, RATIS_ADMIN=33325, RATIS_SERVER=33325, STANDALONE=41691], networkLocation: /default-rack, certSerialId: null, persistedOpState: IN_SERVICE, persistedOpStateExpiryEpochSec: 0}f7d1a98c-0d33-4cfc-a34e-9915b3815335{ip: 10.1.0.76, host: fv-az208-128.kmgg0fu2myoezeajip4j0sfi3d.cx.internal.cloudapp.net, ports: [REPLICATION=35597, RATIS=40629, RATIS_ADMIN=40629, RATIS_SERVER=40629, STANDALONE=35101], networkLocation: /default-rack, certSerialId: null, persistedOpState: IN_SERVICE, persistedOpStateExpiryEpochSec: 0}, ReplicationConfig: RATIS/THREE, State:ALLOCATED, leaderId:, CreationTimestamp2022-10-11T08:14:03.256Z[Etc/UTC]].
2022-10-11 08:14:03,278 [RatisPipelineUtilsThread - 0] INFO  pipeline.RatisPipelineProvider (RatisPipelineProvider.java:lambda$create$0(195)) - Sending CreatePipelineCommand for pipeline:PipelineID=a3e37742-fc53-4626-8353-c5a9db01c0b8 to datanode:372aae33-6f7c-4d6f-ba4c-eadde7effafb
2022-10-11 08:14:03,278 [RatisPipelineUtilsThread - 0] INFO  pipeline.RatisPipelineProvider (RatisPipelineProvider.java:lambda$create$0(195)) - Sending CreatePipelineCommand for pipeline:PipelineID=a3e37742-fc53-4626-8353-c5a9db01c0b8 to datanode:ee19ba41-361b-4acc-833e-c4e477a5e66e
2022-10-11 08:14:03,278 [RatisPipelineUtilsThread - 0] INFO  pipeline.RatisPipelineProvider (RatisPipelineProvider.java:lambda$create$0(195)) - Sending CreatePipelineCommand for pipeline:PipelineID=a3e37742-fc53-4626-8353-c5a9db01c0b8 to datanode:f7d1a98c-0d33-4cfc-a34e-9915b3815335
2022-10-11 08:14:03,278 [RatisPipelineUtilsThread - 0] INFO  pipeline.PipelineStateManagerImpl (PipelineStateManagerImpl.java:addPipeline(103)) - Created pipeline Pipeline[ Id: a3e37742-fc53-4626-8353-c5a9db01c0b8, Nodes: 372aae33-6f7c-4d6f-ba4c-eadde7effafb{ip: 10.1.0.76, host: fv-az208-128.kmgg0fu2myoezeajip4j0sfi3d.cx.internal.cloudapp.net, ports: [REPLICATION=37379, RATIS=35509, RATIS_ADMIN=35509, RATIS_SERVER=35509, STANDALONE=37875], networkLocation: /default-rack, certSerialId: null, persistedOpState: IN_SERVICE, persistedOpStateExpiryEpochSec: 0}ee19ba41-361b-4acc-833e-c4e477a5e66e{ip: 10.1.0.76, host: fv-az208-128.kmgg0fu2myoezeajip4j0sfi3d.cx.internal.cloudapp.net, ports: [REPLICATION=46179, RATIS=33325, RATIS_ADMIN=33325, RATIS_SERVER=33325, STANDALONE=41691], networkLocation: /default-rack, certSerialId: null, persistedOpState: IN_SERVICE, persistedOpStateExpiryEpochSec: 0}f7d1a98c-0d33-4cfc-a34e-9915b3815335{ip: 10.1.0.76, host: fv-az208-128.kmgg0fu2myoezeajip4j0sfi3d.cx.internal.cloudapp.net, ports: [REPLICATION=35597, RATIS=40629, RATIS_ADMIN=40629, RATIS_SERVER=40629, STANDALONE=35101], networkLocation: /default-rack, certSerialId: null, persistedOpState: IN_SERVICE, persistedOpStateExpiryEpochSec: 0}, ReplicationConfig: RATIS/THREE, State:ALLOCATED, leaderId:, CreationTimestamp2022-10-11T08:14:03.278Z[Etc/UTC]].
2022-10-11 08:14:03,278 [RatisPipelineUtilsThread - 0] INFO  pipeline.PipelineManagerImpl (PipelineManagerImpl.java:recordMetricsForPipeline(796)) - Pipeline: PipelineID=a3e37742-fc53-4626-8353-c5a9db01c0b8 contains same datanodes as previous pipelines: PipelineID=94e22a5b-5867-4a1b-8747-3679c7e9dd81 nodeIds: 372aae33-6f7c-4d6f-ba4c-eadde7effafb, ee19ba41-361b-4acc-833e-c4e477a5e66e, f7d1a98c-0d33-4cfc-a34e-9915b3815335
2022-10-11 08:14:03,534 [Listener at 127.0.0.1/40309] INFO  ozone.MiniOzoneClusterImpl (MiniOzoneClusterImpl.java:lambda$waitForClusterToBeReady$0(216)) - Waiting for nodes to be ready. Got 3 of 5 DN Heartbeats.
2022-10-11 08:14:03,536 [Listener at 127.0.0.1/40309] INFO  ozone.MiniOzoneClusterImpl (MiniOzoneClusterImpl.java:lambda$waitForClusterToBeReady$0(219)) - Waiting for cluster to exit safe mode
2022-10-11 08:14:03,536 [Listener at 127.0.0.1/40309] INFO  ozone.MiniOzoneClusterImpl (MiniOzoneClusterImpl.java:lambda$waitForClusterToBeReady$0(221)) - SCM became leader
2022-10-11 08:14:04,067 [IPC Server handler 18 on default port 33071] INFO  net.NetworkTopologyImpl (NetworkTopologyImpl.java:add(112)) - Added a new node: /default-rack/1c211b8c-3572-4703-83f3-43ac8370d372
2022-10-11 08:14:04,067 [IPC Server handler 18 on default port 33071] INFO  node.SCMNodeManager (SCMNodeManager.java:register(397)) - Registered Data node : 1c211b8c-3572-4703-83f3-43ac8370d372{ip: 10.1.0.76, host: fv-az208-128.kmgg0fu2myoezeajip4j0sfi3d.cx.internal.cloudapp.net, ports: [REPLICATION=35729, RATIS=38781, RATIS_ADMIN=38781, RATIS_SERVER=38781, STANDALONE=37865], networkLocation: /default-rack, certSerialId: null, persistedOpState: null, persistedOpStateExpiryEpochSec: 0}
2022-10-11 08:14:04,068 [EventQueue-NewNodeForNewNodeHandler] INFO  pipeline.BackgroundPipelineCreator (BackgroundPipelineCreator.java:notifyEventTriggered(276)) - trigger a one-shot run on RatisPipelineUtilsThread.
2022-10-11 08:14:04,068 [RatisPipelineUtilsThread - 0] INFO  pipeline.RatisPipelineProvider (RatisPipelineProvider.java:lambda$create$0(195)) - Sending CreatePipelineCommand for pipeline:PipelineID=7c958173-3f85-43c4-b5f2-bf9b22302349 to datanode:1c211b8c-3572-4703-83f3-43ac8370d372
2022-10-11 08:14:04,078 [RatisPipelineUtilsThread - 0] INFO  pipeline.PipelineStateManagerImpl (PipelineStateManagerImpl.java:addPipeline(103)) - Created pipeline Pipeline[ Id: 7c958173-3f85-43c4-b5f2-bf9b22302349, Nodes: 1c211b8c-3572-4703-83f3-43ac8370d372{ip: 10.1.0.76, host: fv-az208-128.kmgg0fu2myoezeajip4j0sfi3d.cx.internal.cloudapp.net, ports: [REPLICATION=35729, RATIS=38781, RATIS_ADMIN=38781, RATIS_SERVER=38781, STANDALONE=37865], networkLocation: /default-rack, certSerialId: null, persistedOpState: IN_SERVICE, persistedOpStateExpiryEpochSec: 0}, ReplicationConfig: RATIS/ONE, State:ALLOCATED, leaderId:, CreationTimestamp2022-10-11T08:14:04.068Z[Etc/UTC]].
2022-10-11 08:14:04,536 [Listener at 127.0.0.1/40309] INFO  ozone.MiniOzoneClusterImpl (MiniOzoneClusterImpl.java:lambda$waitForClusterToBeReady$0(216)) - Waiting for nodes to be ready. Got 4 of 5 DN Heartbeats.
2022-10-11 08:14:04,536 [Listener at 127.0.0.1/40309] INFO  ozone.MiniOzoneClusterImpl (MiniOzoneClusterImpl.java:lambda$waitForClusterToBeReady$0(219)) - Waiting for cluster to exit safe mode
2022-10-11 08:14:04,536 [Listener at 127.0.0.1/40309] INFO  ozone.MiniOzoneClusterImpl (MiniOzoneClusterImpl.java:lambda$waitForClusterToBeReady$0(221)) - SCM became leader
2022-10-11 08:14:04,555 [IPC Server handler 16 on default port 33071] INFO  net.NetworkTopologyImpl (NetworkTopologyImpl.java:add(112)) - Added a new node: /default-rack/9a84da48-1a2f-45a5-8375-d5813bb76e7a
2022-10-11 08:14:04,556 [IPC Server handler 16 on default port 33071] INFO  node.SCMNodeManager (SCMNodeManager.java:register(397)) - Registered Data node : 9a84da48-1a2f-45a5-8375-d5813bb76e7a{ip: 10.1.0.76, host: fv-az208-128.kmgg0fu2myoezeajip4j0sfi3d.cx.internal.cloudapp.net, ports: [REPLICATION=36735, RATIS=45449, RATIS_ADMIN=45449, RATIS_SERVER=45449, STANDALONE=46775], networkLocation: /default-rack, certSerialId: null, persistedOpState: null, persistedOpStateExpiryEpochSec: 0}
2022-10-11 08:14:04,556 [EventQueue-NewNodeForNewNodeHandler] INFO  pipeline.BackgroundPipelineCreator (BackgroundPipelineCreator.java:notifyEventTriggered(276)) - trigger a one-shot run on RatisPipelineUtilsThread.
2022-10-11 08:14:04,557 [RatisPipelineUtilsThread - 0] INFO  pipeline.RatisPipelineProvider (RatisPipelineProvider.java:lambda$create$0(195)) - Sending CreatePipelineCommand for pipeline:PipelineID=3e7804c9-b803-4dc0-8b16-17546a82f8d4 to datanode:9a84da48-1a2f-45a5-8375-d5813bb76e7a
2022-10-11 08:14:04,558 [RatisPipelineUtilsThread - 0] INFO  pipeline.PipelineStateManagerImpl (PipelineStateManagerImpl.java:addPipeline(103)) - Created pipeline Pipeline[ Id: 3e7804c9-b803-4dc0-8b16-17546a82f8d4, Nodes: 9a84da48-1a2f-45a5-8375-d5813bb76e7a{ip: 10.1.0.76, host: fv-az208-128.kmgg0fu2myoezeajip4j0sfi3d.cx.internal.cloudapp.net, ports: [REPLICATION=36735, RATIS=45449, RATIS_ADMIN=45449, RATIS_SERVER=45449, STANDALONE=46775], networkLocation: /default-rack, certSerialId: null, persistedOpState: IN_SERVICE, persistedOpStateExpiryEpochSec: 0}, ReplicationConfig: RATIS/ONE, State:ALLOCATED, leaderId:, CreationTimestamp2022-10-11T08:14:04.557Z[Etc/UTC]].
2022-10-11 08:14:04,932 [Command processor thread] INFO  server.RaftServer (RaftServerProxy.java:addNew(96)) - 372aae33-6f7c-4d6f-ba4c-eadde7effafb: addNew group-489C80C164D2:[372aae33-6f7c-4d6f-ba4c-eadde7effafb|rpc:10.1.0.76:35509|priority:1] returns group-489C80C164D2:java.util.concurrent.CompletableFuture@eaef4ab[Not completed]
2022-10-11 08:14:04,939 [pool-300-thread-1] INFO  server.RaftServer$Division (RaftServerImpl.java:<init>(190)) - 372aae33-6f7c-4d6f-ba4c-eadde7effafb: new RaftServerImpl for group-489C80C164D2:[372aae33-6f7c-4d6f-ba4c-eadde7effafb|rpc:10.1.0.76:35509|priority:1] with ContainerStateMachine:uninitialized
2022-10-11 08:14:04,952 [pool-300-thread-1] INFO  server.RaftServerConfigKeys (ConfUtils.java:logGet(46)) - raft.server.rpc.timeout.min = 5s (custom)
2022-10-11 08:14:04,952 [pool-300-thread-1] INFO  server.RaftServerConfigKeys (ConfUtils.java:logGet(46)) - raft.server.rpc.timeout.max = 5200ms (custom)
2022-10-11 08:14:04,952 [pool-300-thread-1] INFO  server.RaftServerConfigKeys (ConfUtils.java:logGet(46)) - raft.server.rpc.sleep.time = 25ms (default)
2022-10-11 08:14:04,952 [pool-300-thread-1] INFO  server.RaftServerConfigKeys (ConfUtils.java:logGet(46)) - raft.server.rpc.slowness.timeout = 300s (custom)
2022-10-11 08:14:04,952 [pool-300-thread-1] INFO  server.RaftServerConfigKeys (ConfUtils.java:logGet(46)) - raft.server.leaderelection.leader.step-down.wait-time = 10s (default)
2022-10-11 08:14:04,952 [pool-300-thread-1] INFO  server.RaftServerConfigKeys (ConfUtils.java:logGet(46)) - raft.server.sleep.deviation.threshold = 300ms (default)
2022-10-11 08:14:04,952 [pool-300-thread-1] INFO  server.RaftServer$Division (ServerState.java:<init>(107)) - 372aae33-6f7c-4d6f-ba4c-eadde7effafb@group-489C80C164D2: ConfigurationManager, init=-1: [372aae33-6f7c-4d6f-ba4c-eadde7effafb|rpc:10.1.0.76:35509|priority:1], old=null, confs=<EMPTY_MAP>
2022-10-11 08:14:04,952 [pool-300-thread-1] INFO  server.RaftServerConfigKeys (ConfUtils.java:logGet(46)) - raft.server.storage.dir = [/home/runner/work/ozone/ozone/hadoop-ozone/integration-test/target/test-dir/MiniOzoneClusterImpl-e4d44f2f-a2b5-41e9-856a-44b560c8547e/datanode-0/data/ratis] (custom)
2022-10-11 08:14:04,952 [pool-300-thread-1] INFO  server.RaftServerConfigKeys (ConfUtils.java:logGet(46)) - raft.server.log.corruption.policy = EXCEPTION (default)
2022-10-11 08:14:04,952 [pool-300-thread-1] INFO  server.RaftServerConfigKeys (ConfUtils.java:logGet(46)) - raft.server.storage.free-space.min = 0MB (=0) (default)
2022-10-11 08:14:04,952 [pool-300-thread-1] INFO  storage.RaftStorageDirectory (RaftStorageDirectoryImpl.java:analyzeStorage(135)) - The storage directory /home/runner/work/ozone/ozone/hadoop-ozone/integration-test/target/test-dir/MiniOzoneClusterImpl-e4d44f2f-a2b5-41e9-856a-44b560c8547e/datanode-0/data/ratis/7001e70f-f0f6-468b-8587-489c80c164d2 does not exist. Creating ...
2022-10-11 08:14:04,959 [pool-300-thread-1] INFO  storage.RaftStorageDirectory (RaftStorageDirectoryImpl.java:tryLock(230)) - Lock on /home/runner/work/ozone/ozone/hadoop-ozone/integration-test/target/test-dir/MiniOzoneClusterImpl-e4d44f2f-a2b5-41e9-856a-44b560c8547e/datanode-0/data/ratis/7001e70f-f0f6-468b-8587-489c80c164d2/in_use.lock acquired by nodename 138003@fv-az208-128
2022-10-11 08:14:04,963 [pool-300-thread-1] INFO  storage.RaftStorage (RaftStorageImpl.java:format(89)) - Storage directory /home/runner/work/ozone/ozone/hadoop-ozone/integration-test/target/test-dir/MiniOzoneClusterImpl-e4d44f2f-a2b5-41e9-856a-44b560c8547e/datanode-0/data/ratis/7001e70f-f0f6-468b-8587-489c80c164d2 has been successfully formatted.
2022-10-11 08:14:04,966 [pool-300-thread-1] INFO  ratis.ContainerStateMachine (ContainerStateMachine.java:loadSnapshot(236)) - group-489C80C164D2: The snapshot info is null. Setting the last applied indexto:(t:0, i:~)
2022-10-11 08:14:04,966 [pool-300-thread-1] INFO  server.RaftServerConfigKeys (ConfUtils.java:logGet(46)) - raft.server.notification.no-leader.timeout = 300s (custom)
2022-10-11 08:14:04,966 [pool-300-thread-1] INFO  server.RaftServerConfigKeys (ConfUtils.java:logGet(46)) - raft.server.log.use.memory = false (default)
2022-10-11 08:14:04,966 [pool-300-thread-1] INFO  server.RaftServerConfigKeys (ConfUtils.java:logGet(46)) - raft.server.log.purge.gap = 1000000 (custom)
2022-10-11 08:14:04,966 [pool-300-thread-1] INFO  server.RaftServerConfigKeys (ConfUtils.java:logGet(46)) - raft.server.log.appender.buffer.byte-limit = 33554432 (custom)
2022-10-11 08:14:04,966 [pool-300-thread-1] INFO  server.RaftServerConfigKeys (ConfUtils.java:logGet(46)) - raft.server.log.statemachine.data.read.timeout = 1000ms (default)
2022-10-11 08:14:04,966 [pool-300-thread-1] INFO  server.RaftServerConfigKeys (ConfUtils.java:logGet(46)) - raft.server.log.segment.size.max = 1048576 (custom)
2022-10-11 08:14:04,967 [pool-300-thread-1] INFO  server.RaftServerConfigKeys (ConfUtils.java:logGet(46)) - raft.server.log.segment.cache.num.max = 2 (custom)
2022-10-11 08:14:04,967 [pool-300-thread-1] INFO  server.RaftServerConfigKeys (ConfUtils.java:logGet(46)) - raft.server.log.segment.cache.size.max = 200MB (=209715200) (default)
2022-10-11 08:14:04,967 [pool-300-thread-1] INFO  segmented.SegmentedRaftLogWorker (SegmentedRaftLogWorker.java:<init>(187)) - new 372aae33-6f7c-4d6f-ba4c-eadde7effafb@group-489C80C164D2-SegmentedRaftLogWorker for RaftStorageImpl:Storage Directory /home/runner/work/ozone/ozone/hadoop-ozone/integration-test/target/test-dir/MiniOzoneClusterImpl-e4d44f2f-a2b5-41e9-856a-44b560c8547e/datanode-0/data/ratis/7001e70f-f0f6-468b-8587-489c80c164d2
2022-10-11 08:14:04,967 [pool-300-thread-1] INFO  server.RaftServerConfigKeys (ConfUtils.java:logGet(46)) - raft.server.log.queue.byte-limit = 4294967296 (custom)
2022-10-11 08:14:04,967 [pool-300-thread-1] INFO  server.RaftServerConfigKeys (ConfUtils.java:logGet(46)) - raft.server.log.queue.element-limit = 1024 (custom)
2022-10-11 08:14:04,967 [pool-300-thread-1] INFO  server.RaftServerConfigKeys (ConfUtils.java:logGet(46)) - raft.server.log.segment.size.max = 1048576 (custom)
2022-10-11 08:14:04,967 [pool-300-thread-1] INFO  server.RaftServerConfigKeys (ConfUtils.java:logGet(46)) - raft.server.log.preallocated.size = 16384 (custom)
2022-10-11 08:14:04,967 [pool-300-thread-1] INFO  server.RaftServerConfigKeys (ConfUtils.java:logGet(46)) - raft.server.log.force.sync.num = 128 (default)
2022-10-11 08:14:04,967 [pool-300-thread-1] INFO  server.RaftServerConfigKeys (ConfUtils.java:logGet(46)) - raft.server.log.statemachine.data.sync = true (default)
2022-10-11 08:14:04,967 [pool-300-thread-1] INFO  server.RaftServerConfigKeys (ConfUtils.java:logGet(46)) - raft.server.log.statemachine.data.sync.timeout = 10s (default)
2022-10-11 08:14:04,967 [pool-300-thread-1] INFO  server.RaftServerConfigKeys (ConfUtils.java:logGet(46)) - raft.server.log.statemachine.data.sync.timeout.retry = -1 (default)
2022-10-11 08:14:04,968 [pool-300-thread-1] INFO  server.RaftServerConfigKeys (ConfUtils.java:logGet(46)) - raft.server.log.write.buffer.size = 1048576 (custom)
2022-10-11 08:14:04,968 [pool-300-thread-1] INFO  server.RaftServerConfigKeys (ConfUtils.java:logGet(46)) - raft.server.log.unsafe-flush.enabled = false (default)
2022-10-11 08:14:04,969 [pool-300-thread-1] INFO  server.RaftServerConfigKeys (ConfUtils.java:logGet(46)) - raft.server.log.statemachine.data.caching.enabled = true (custom)
2022-10-11 08:14:04,969 [pool-300-thread-1] INFO  segmented.SegmentedRaftLogWorker (SegmentedRaftLogWorker.java:lambda$new$0(135)) - 372aae33-6f7c-4d6f-ba4c-eadde7effafb@group-489C80C164D2-SegmentedRaftLogWorker: flushIndex: setUnconditionally 0 -> -1
2022-10-11 08:14:04,969 [pool-300-thread-1] INFO  segmented.SegmentedRaftLogWorker (SegmentedRaftLogWorker.java:lambda$new$0(135)) - 372aae33-6f7c-4d6f-ba4c-eadde7effafb@group-489C80C164D2-SegmentedRaftLogWorker: safeCacheEvictIndex: setUnconditionally 0 -> -1
2022-10-11 08:14:04,975 [EventQueue-PipelineReportForPipelineReportHandler] INFO  pipeline.PipelineManagerImpl (PipelineManagerImpl.java:openPipeline(367)) - Pipeline Pipeline[ Id: 7001e70f-f0f6-468b-8587-489c80c164d2, Nodes: 372aae33-6f7c-4d6f-ba4c-eadde7effafb{ip: 10.1.0.76, host: fv-az208-128.kmgg0fu2myoezeajip4j0sfi3d.cx.internal.cloudapp.net, ports: [REPLICATION=37379, RATIS=35509, RATIS_ADMIN=35509, RATIS_SERVER=35509, STANDALONE=37875], networkLocation: /default-rack, certSerialId: null, persistedOpState: IN_SERVICE, persistedOpStateExpiryEpochSec: 0}, ReplicationConfig: RATIS/ONE, State:ALLOCATED, leaderId:372aae33-6f7c-4d6f-ba4c-eadde7effafb, CreationTimestamp2022-10-11T08:14:01.951Z[Etc/UTC]] moved to OPEN state
2022-10-11 08:14:04,978 [pool-300-thread-1] INFO  server.RaftServerConfigKeys (ConfUtils.java:logGet(46)) - raft.server.snapshot.auto.trigger.enabled = true (custom)
2022-10-11 08:14:04,978 [pool-300-thread-1] INFO  server.RaftServerConfigKeys (ConfUtils.java:logGet(46)) - raft.server.snapshot.auto.trigger.threshold = 10000 (custom)
2022-10-11 08:14:04,978 [pool-300-thread-1] INFO  server.RaftServerConfigKeys (ConfUtils.java:logGet(46)) - raft.server.snapshot.retention.file.num = 5 (custom)
2022-10-11 08:14:04,978 [pool-300-thread-1] INFO  server.RaftServerConfigKeys (ConfUtils.java:logGet(46)) - raft.server.log.purge.upto.snapshot.index = false (default)
2022-10-11 08:14:04,978 [pool-300-thread-1] INFO  server.RaftServerConfigKeys (ConfUtils.java:logGet(46)) - raft.server.retrycache.expirytime = 600000ms (custom)
2022-10-11 08:14:04,978 [pool-300-thread-1] INFO  server.RaftServerConfigKeys (ConfUtils.java:logGet(46)) - raft.server.retrycache.statistics.expirytime = 100μs (default)
2022-10-11 08:14:04,979 [pool-300-thread-1] INFO  server.RaftServerConfigKeys (ConfUtils.java:logGet(46)) - raft.server.log.appender.install.snapshot.enabled = false (custom)
2022-10-11 08:14:04,979 [pool-300-thread-1] INFO  server.RaftServerConfigKeys (ConfUtils.java:logGet(46)) - raft.server.threadpool.server.cached = true (default)
2022-10-11 08:14:04,979 [pool-300-thread-1] INFO  server.RaftServerConfigKeys (ConfUtils.java:logGet(46)) - raft.server.threadpool.server.size = 0 (default)
2022-10-11 08:14:04,979 [pool-300-thread-1] INFO  server.RaftServerConfigKeys (ConfUtils.java:logGet(46)) - raft.server.threadpool.client.cached = true (default)
2022-10-11 08:14:04,979 [pool-300-thread-1] INFO  server.RaftServerConfigKeys (ConfUtils.java:logGet(46)) - raft.server.threadpool.client.size = 0 (default)
2022-10-11 08:14:04,979 [pool-300-thread-1] INFO  server.RaftServer$Division (RaftServerImpl.java:start(310)) - 372aae33-6f7c-4d6f-ba4c-eadde7effafb@group-489C80C164D2: start as a follower, conf=-1: [372aae33-6f7c-4d6f-ba4c-eadde7effafb|rpc:10.1.0.76:35509|priority:1], old=null
2022-10-11 08:14:04,979 [pool-300-thread-1] INFO  server.RaftServer$Division (RaftServerImpl.java:setRole(299)) - 372aae33-6f7c-4d6f-ba4c-eadde7effafb@group-489C80C164D2: changes role from      null to FOLLOWER at term 0 for startAsFollower
2022-10-11 08:14:04,980 [pool-300-thread-1] INFO  impl.RoleInfo (RoleInfo.java:updateAndGet(139)) - 372aae33-6f7c-4d6f-ba4c-eadde7effafb: start 372aae33-6f7c-4d6f-ba4c-eadde7effafb@group-489C80C164D2-FollowerState
2022-10-11 08:14:04,998 [pool-300-thread-1] INFO  util.JmxRegister (JmxRegister.java:tryRegister(44)) - Successfully registered JMX Bean with object name Ratis:service=RaftServer,group=group-489C80C164D2,id=372aae33-6f7c-4d6f-ba4c-eadde7effafb
2022-10-11 08:14:05,006 [Command processor thread] INFO  ratis.XceiverServerRatis (XceiverServerRatis.java:addGroup(765)) - Created group PipelineID=7001e70f-f0f6-468b-8587-489c80c164d2
2022-10-11 08:14:05,007 [Command processor thread] INFO  commandhandler.CreatePipelineCommandHandler (CreatePipelineCommandHandler.java:handle(113)) - Created Pipeline RATIS ONE PipelineID=7001e70f-f0f6-468b-8587-489c80c164d2.
2022-10-11 08:14:05,020 [Command processor thread] INFO  server.RaftServer (RaftServerProxy.java:addNew(96)) - 372aae33-6f7c-4d6f-ba4c-eadde7effafb: addNew group-3679C7E9DD81:[f7d1a98c-0d33-4cfc-a34e-9915b3815335|rpc:10.1.0.76:40629|priority:1, 372aae33-6f7c-4d6f-ba4c-eadde7effafb|rpc:10.1.0.76:35509|priority:0, ee19ba41-361b-4acc-833e-c4e477a5e66e|rpc:10.1.0.76:33325|priority:0] returns group-3679C7E9DD81:java.util.concurrent.CompletableFuture@a9161a6[Not completed]
2022-10-11 08:14:05,021 [pool-300-thread-1] INFO  server.RaftServer$Division (RaftServerImpl.java:<init>(190)) - 372aae33-6f7c-4d6f-ba4c-eadde7effafb: new RaftServerImpl for group-3679C7E9DD81:[f7d1a98c-0d33-4cfc-a34e-9915b3815335|rpc:10.1.0.76:40629|priority:1, 372aae33-6f7c-4d6f-ba4c-eadde7effafb|rpc:10.1.0.76:35509|priority:0, ee19ba41-361b-4acc-833e-c4e477a5e66e|rpc:10.1.0.76:33325|priority:0] with ContainerStateMachine:uninitialized
2022-10-11 08:14:05,021 [pool-300-thread-1] INFO  server.RaftServerConfigKeys (ConfUtils.java:logGet(46)) - raft.server.rpc.timeout.min = 5s (custom)
2022-10-11 08:14:05,022 [pool-300-thread-1] INFO  server.RaftServerConfigKeys (ConfUtils.java:logGet(46)) - raft.server.rpc.timeout.max = 5200ms (custom)
2022-10-11 08:14:05,022 [pool-300-thread-1] INFO  server.RaftServerConfigKeys (ConfUtils.java:logGet(46)) - raft.server.rpc.sleep.time = 25ms (default)
2022-10-11 08:14:05,022 [pool-300-thread-1] INFO  server.RaftServerConfigKeys (ConfUtils.java:logGet(46)) - raft.server.rpc.slowness.timeout = 300s (custom)
2022-10-11 08:14:05,022 [pool-300-thread-1] INFO  server.RaftServerConfigKeys (ConfUtils.java:logGet(46)) - raft.server.leaderelection.leader.step-down.wait-time = 10s (default)
2022-10-11 08:14:05,022 [pool-300-thread-1] INFO  server.RaftServerConfigKeys (ConfUtils.java:logGet(46)) - raft.server.sleep.deviation.threshold = 300ms (default)
2022-10-11 08:14:05,022 [pool-300-thread-1] INFO  server.RaftServer$Division (ServerState.java:<init>(107)) - 372aae33-6f7c-4d6f-ba4c-eadde7effafb@group-3679C7E9DD81: ConfigurationManager, init=-1: [f7d1a98c-0d33-4cfc-a34e-9915b3815335|rpc:10.1.0.76:40629|priority:1, 372aae33-6f7c-4d6f-ba4c-eadde7effafb|rpc:10.1.0.76:35509|priority:0, ee19ba41-361b-4acc-833e-c4e477a5e66e|rpc:10.1.0.76:33325|priority:0], old=null, confs=<EMPTY_MAP>
2022-10-11 08:14:05,022 [pool-300-thread-1] INFO  server.RaftServerConfigKeys (ConfUtils.java:logGet(46)) - raft.server.storage.dir = [/home/runner/work/ozone/ozone/hadoop-ozone/integration-test/target/test-dir/MiniOzoneClusterImpl-e4d44f2f-a2b5-41e9-856a-44b560c8547e/datanode-0/data/ratis] (custom)
2022-10-11 08:14:05,022 [pool-300-thread-1] INFO  server.RaftServerConfigKeys (ConfUtils.java:logGet(46)) - raft.server.log.corruption.policy = EXCEPTION (default)
2022-10-11 08:14:05,022 [pool-300-thread-1] INFO  server.RaftServerConfigKeys (ConfUtils.java:logGet(46)) - raft.server.storage.free-space.min = 0MB (=0) (default)
2022-10-11 08:14:05,022 [pool-300-thread-1] INFO  storage.RaftStorageDirectory (RaftStorageDirectoryImpl.java:analyzeStorage(135)) - The storage directory /home/runner/work/ozone/ozone/hadoop-ozone/integration-test/target/test-dir/MiniOzoneClusterImpl-e4d44f2f-a2b5-41e9-856a-44b560c8547e/datanode-0/data/ratis/94e22a5b-5867-4a1b-8747-3679c7e9dd81 does not exist. Creating ...
2022-10-11 08:14:05,023 [EventQueue-OpenPipelineForHealthyPipelineSafeModeRule] INFO  safemode.SCMSafeModeManager (HealthyPipelineSafeModeRule.java:process(137)) - SCM in safe mode. Healthy pipelines reported count is 0, required healthy pipeline reported count is 1
2022-10-11 08:14:05,024 [pool-300-thread-1] INFO  storage.RaftStorageDirectory (RaftStorageDirectoryImpl.java:tryLock(230)) - Lock on /home/runner/work/ozone/ozone/hadoop-ozone/integration-test/target/test-dir/MiniOzoneClusterImpl-e4d44f2f-a2b5-41e9-856a-44b560c8547e/datanode-0/data/ratis/94e22a5b-5867-4a1b-8747-3679c7e9dd81/in_use.lock acquired by nodename 138003@fv-az208-128
2022-10-11 08:14:05,025 [pool-300-thread-1] INFO  storage.RaftStorage (RaftStorageImpl.java:format(89)) - Storage directory /home/runner/work/ozone/ozone/hadoop-ozone/integration-test/target/test-dir/MiniOzoneClusterImpl-e4d44f2f-a2b5-41e9-856a-44b560c8547e/datanode-0/data/ratis/94e22a5b-5867-4a1b-8747-3679c7e9dd81 has been successfully formatted.
2022-10-11 08:14:05,026 [pool-300-thread-1] INFO  ratis.ContainerStateMachine (ContainerStateMachine.java:loadSnapshot(236)) - group-3679C7E9DD81: The snapshot info is null. Setting the last applied indexto:(t:0, i:~)
2022-10-11 08:14:05,026 [EventQueue-OpenPipelineForHealthyPipelineSafeModeRule] INFO  safemode.SCMSafeModeManager (HealthyPipelineSafeModeRule.java:process(137)) - SCM in safe mode. Healthy pipelines reported count is 0, required healthy pipeline reported count is 1
2022-10-11 08:14:05,026 [pool-300-thread-1] INFO  server.RaftServerConfigKeys (ConfUtils.java:logGet(46)) - raft.server.notification.no-leader.timeout = 300s (custom)
2022-10-11 08:14:05,026 [pool-300-thread-1] INFO  server.RaftServerConfigKeys (ConfUtils.java:logGet(46)) - raft.server.log.use.memory = false (default)
2022-10-11 08:14:05,027 [pool-300-thread-1] INFO  server.RaftServerConfigKeys (ConfUtils.java:logGet(46)) - raft.server.log.purge.gap = 1000000 (custom)
2022-10-11 08:14:05,027 [pool-300-thread-1] INFO  server.RaftServerConfigKeys (ConfUtils.java:logGet(46)) - raft.server.log.appender.buffer.byte-limit = 33554432 (custom)
2022-10-11 08:14:05,027 [pool-300-thread-1] INFO  server.RaftServerConfigKeys (ConfUtils.java:logGet(46)) - raft.server.log.statemachine.data.read.timeout = 1000ms (default)
2022-10-11 08:14:05,027 [pool-300-thread-1] INFO  server.RaftServerConfigKeys (ConfUtils.java:logGet(46)) - raft.server.log.segment.size.max = 1048576 (custom)
2022-10-11 08:14:05,027 [pool-300-thread-1] INFO  server.RaftServerConfigKeys (ConfUtils.java:logGet(46)) - raft.server.log.segment.cache.num.max = 2 (custom)
2022-10-11 08:14:05,027 [pool-300-thread-1] INFO  server.RaftServerConfigKeys (ConfUtils.java:logGet(46)) - raft.server.log.segment.cache.size.max = 200MB (=209715200) (default)
2022-10-11 08:14:05,028 [pool-300-thread-1] INFO  segmented.SegmentedRaftLogWorker (SegmentedRaftLogWorker.java:<init>(187)) - new 372aae33-6f7c-4d6f-ba4c-eadde7effafb@group-3679C7E9DD81-SegmentedRaftLogWorker for RaftStorageImpl:Storage Directory /home/runner/work/ozone/ozone/hadoop-ozone/integration-test/target/test-dir/MiniOzoneClusterImpl-e4d44f2f-a2b5-41e9-856a-44b560c8547e/datanode-0/data/ratis/94e22a5b-5867-4a1b-8747-3679c7e9dd81
2022-10-11 08:14:05,028 [pool-300-thread-1] INFO  server.RaftServerConfigKeys (ConfUtils.java:logGet(46)) - raft.server.log.queue.byte-limit = 4294967296 (custom)
2022-10-11 08:14:05,028 [pool-300-thread-1] INFO  server.RaftServerConfigKeys (ConfUtils.java:logGet(46)) - raft.server.log.queue.element-limit = 1024 (custom)
2022-10-11 08:14:05,028 [pool-300-thread-1] INFO  server.RaftServerConfigKeys (ConfUtils.java:logGet(46)) - raft.server.log.segment.size.max = 1048576 (custom)
2022-10-11 08:14:05,028 [pool-300-thread-1] INFO  server.RaftServerConfigKeys (ConfUtils.java:logGet(46)) - raft.server.log.preallocated.size = 16384 (custom)
2022-10-11 08:14:05,028 [pool-300-thread-1] INFO  server.RaftServerConfigKeys (ConfUtils.java:logGet(46)) - raft.server.log.force.sync.num = 128 (default)
2022-10-11 08:14:05,028 [pool-300-thread-1] INFO  server.RaftServerConfigKeys (ConfUtils.java:logGet(46)) - raft.server.log.statemachine.data.sync = true (default)
2022-10-11 08:14:05,028 [pool-300-thread-1] INFO  server.RaftServerConfigKeys (ConfUtils.java:logGet(46)) - raft.server.log.statemachine.data.sync.timeout = 10s (default)
2022-10-11 08:14:05,028 [pool-300-thread-1] INFO  server.RaftServerConfigKeys (ConfUtils.java:logGet(46)) - raft.server.log.statemachine.data.sync.timeout.retry = -1 (default)
2022-10-11 08:14:05,028 [pool-300-thread-1] INFO  server.RaftServerConfigKeys (ConfUtils.java:logGet(46)) - raft.server.log.write.buffer.size = 1048576 (custom)
2022-10-11 08:14:05,029 [pool-300-thread-1] INFO  server.RaftServerConfigKeys (ConfUtils.java:logGet(46)) - raft.server.log.unsafe-flush.enabled = false (default)
2022-10-11 08:14:05,029 [pool-300-thread-1] INFO  server.RaftServerConfigKeys (ConfUtils.java:logGet(46)) - raft.server.log.statemachine.data.caching.enabled = true (custom)
2022-10-11 08:14:05,030 [pool-300-thread-1] INFO  segmented.SegmentedRaftLogWorker (SegmentedRaftLogWorker.java:lambda$new$0(135)) - 372aae33-6f7c-4d6f-ba4c-eadde7effafb@group-3679C7E9DD81-SegmentedRaftLogWorker: flushIndex: setUnconditionally 0 -> -1
2022-10-11 08:14:05,030 [pool-300-thread-1] INFO  segmented.SegmentedRaftLogWorker (SegmentedRaftLogWorker.java:lambda$new$0(135)) - 372aae33-6f7c-4d6f-ba4c-eadde7effafb@group-3679C7E9DD81-SegmentedRaftLogWorker: safeCacheEvictIndex: setUnconditionally 0 -> -1
2022-10-11 08:14:05,040 [pool-300-thread-1] INFO  server.RaftServerConfigKeys (ConfUtils.java:logGet(46)) - raft.server.snapshot.auto.trigger.enabled = true (custom)
2022-10-11 08:14:05,040 [pool-300-thread-1] INFO  server.RaftServerConfigKeys (ConfUtils.java:logGet(46)) - raft.server.snapshot.auto.trigger.threshold = 10000 (custom)
2022-10-11 08:14:05,040 [pool-300-thread-1] INFO  server.RaftServerConfigKeys (ConfUtils.java:logGet(46)) - raft.server.snapshot.retention.file.num = 5 (custom)
2022-10-11 08:14:05,040 [pool-300-thread-1] INFO  server.RaftServerConfigKeys (ConfUtils.java:logGet(46)) - raft.server.log.purge.upto.snapshot.index = false (default)
2022-10-11 08:14:05,040 [pool-300-thread-1] INFO  server.RaftServerConfigKeys (ConfUtils.java:logGet(46)) - raft.server.retrycache.expirytime = 600000ms (custom)
2022-10-11 08:14:05,040 [pool-300-thread-1] INFO  server.RaftServerConfigKeys (ConfUtils.java:logGet(46)) - raft.server.retrycache.statistics.expirytime = 100μs (default)
2022-10-11 08:14:05,041 [pool-300-thread-1] INFO  server.RaftServerConfigKeys (ConfUtils.java:logGet(46)) - raft.server.log.appender.install.snapshot.enabled = false (custom)
2022-10-11 08:14:05,041 [pool-300-thread-1] INFO  server.RaftServerConfigKeys (ConfUtils.java:logGet(46)) - raft.server.threadpool.server.cached = true (default)
2022-10-11 08:14:05,041 [pool-300-thread-1] INFO  server.RaftServerConfigKeys (ConfUtils.java:logGet(46)) - raft.server.threadpool.server.size = 0 (default)
2022-10-11 08:14:05,041 [pool-300-thread-1] INFO  server.RaftServerConfigKeys (ConfUtils.java:logGet(46)) - raft.server.threadpool.client.cached = true (default)
2022-10-11 08:14:05,041 [pool-300-thread-1] INFO  server.RaftServerConfigKeys (ConfUtils.java:logGet(46)) - raft.server.threadpool.client.size = 0 (default)
2022-10-11 08:14:05,041 [pool-300-thread-1] INFO  server.RaftServer$Division (RaftServerImpl.java:start(310)) - 372aae33-6f7c-4d6f-ba4c-eadde7effafb@group-3679C7E9DD81: start as a follower, conf=-1: [f7d1a98c-0d33-4cfc-a34e-9915b3815335|rpc:10.1.0.76:40629|priority:1, 372aae33-6f7c-4d6f-ba4c-eadde7effafb|rpc:10.1.0.76:35509|priority:0, ee19ba41-361b-4acc-833e-c4e477a5e66e|rpc:10.1.0.76:33325|priority:0], old=null
2022-10-11 08:14:05,041 [pool-300-thread-1] INFO  server.RaftServer$Division (RaftServerImpl.java:setRole(299)) - 372aae33-6f7c-4d6f-ba4c-eadde7effafb@group-3679C7E9DD81: changes role from      null to FOLLOWER at term 0 for startAsFollower
2022-10-11 08:14:05,041 [pool-300-thread-1] INFO  impl.RoleInfo (RoleInfo.java:updateAndGet(139)) - 372aae33-6f7c-4d6f-ba4c-eadde7effafb: start 372aae33-6f7c-4d6f-ba4c-eadde7effafb@group-3679C7E9DD81-FollowerState
2022-10-11 08:14:05,062 [pool-300-thread-1] INFO  util.JmxRegister (JmxRegister.java:tryRegister(44)) - Successfully registered JMX Bean with object name Ratis:service=RaftServer,group=group-3679C7E9DD81,id=372aae33-6f7c-4d6f-ba4c-eadde7effafb
2022-10-11 08:14:05,066 [Command processor thread] INFO  ratis.XceiverServerRatis (XceiverServerRatis.java:addGroup(765)) - Created group PipelineID=94e22a5b-5867-4a1b-8747-3679c7e9dd81
2022-10-11 08:14:05,116 [grpc-default-executor-0] INFO  server.RaftServer (RaftServerProxy.java:addNew(96)) - ee19ba41-361b-4acc-833e-c4e477a5e66e: addNew group-3679C7E9DD81:[f7d1a98c-0d33-4cfc-a34e-9915b3815335|rpc:10.1.0.76:40629|dataStream:|priority:1, 372aae33-6f7c-4d6f-ba4c-eadde7effafb|rpc:10.1.0.76:35509|dataStream:|priority:0, ee19ba41-361b-4acc-833e-c4e477a5e66e|rpc:10.1.0.76:33325|dataStream:|priority:0] returns group-3679C7E9DD81:java.util.concurrent.CompletableFuture@7c6aa52e[Not completed]
2022-10-11 08:14:05,118 [pool-323-thread-1] INFO  server.RaftServer$Division (RaftServerImpl.java:<init>(190)) - ee19ba41-361b-4acc-833e-c4e477a5e66e: new RaftServerImpl for group-3679C7E9DD81:[f7d1a98c-0d33-4cfc-a34e-9915b3815335|rpc:10.1.0.76:40629|dataStream:|priority:1, 372aae33-6f7c-4d6f-ba4c-eadde7effafb|rpc:10.1.0.76:35509|dataStream:|priority:0, ee19ba41-361b-4acc-833e-c4e477a5e66e|rpc:10.1.0.76:33325|dataStream:|priority:0] with ContainerStateMachine:uninitialized
2022-10-11 08:14:05,118 [pool-323-thread-1] INFO  server.RaftServerConfigKeys (ConfUtils.java:logGet(46)) - raft.server.rpc.timeout.min = 5s (custom)
2022-10-11 08:14:05,118 [pool-323-thread-1] INFO  server.RaftServerConfigKeys (ConfUtils.java:logGet(46)) - raft.server.rpc.timeout.max = 5200ms (custom)
2022-10-11 08:14:05,118 [pool-323-thread-1] INFO  server.RaftServerConfigKeys (ConfUtils.java:logGet(46)) - raft.server.rpc.sleep.time = 25ms (default)
2022-10-11 08:14:05,118 [pool-323-thread-1] INFO  server.RaftServerConfigKeys (ConfUtils.java:logGet(46)) - raft.server.rpc.slowness.timeout = 300s (custom)
2022-10-11 08:14:05,118 [pool-323-thread-1] INFO  server.RaftServerConfigKeys (ConfUtils.java:logGet(46)) - raft.server.leaderelection.leader.step-down.wait-time = 10s (default)
2022-10-11 08:14:05,118 [pool-323-thread-1] INFO  server.RaftServerConfigKeys (ConfUtils.java:logGet(46)) - raft.server.sleep.deviation.threshold = 300ms (default)
2022-10-11 08:14:05,118 [pool-323-thread-1] INFO  server.RaftServer$Division (ServerState.java:<init>(107)) - ee19ba41-361b-4acc-833e-c4e477a5e66e@group-3679C7E9DD81: ConfigurationManager, init=-1: [f7d1a98c-0d33-4cfc-a34e-9915b3815335|rpc:10.1.0.76:40629|dataStream:|priority:1, 372aae33-6f7c-4d6f-ba4c-eadde7effafb|rpc:10.1.0.76:35509|dataStream:|priority:0, ee19ba41-361b-4acc-833e-c4e477a5e66e|rpc:10.1.0.76:33325|dataStream:|priority:0], old=null, confs=<EMPTY_MAP>
2022-10-11 08:14:05,118 [pool-323-thread-1] INFO  server.RaftServerConfigKeys (ConfUtils.java:logGet(46)) - raft.server.storage.dir = [/home/runner/work/ozone/ozone/hadoop-ozone/integration-test/target/test-dir/MiniOzoneClusterImpl-e4d44f2f-a2b5-41e9-856a-44b560c8547e/datanode-1/data/ratis] (custom)
2022-10-11 08:14:05,118 [pool-323-thread-1] INFO  server.RaftServerConfigKeys (ConfUtils.java:logGet(46)) - raft.server.log.corruption.policy = EXCEPTION (default)
2022-10-11 08:14:05,118 [pool-323-thread-1] INFO  server.RaftServerConfigKeys (ConfUtils.java:logGet(46)) - raft.server.storage.free-space.min = 0MB (=0) (default)
2022-10-11 08:14:05,119 [pool-323-thread-1] INFO  storage.RaftStorageDirectory (RaftStorageDirectoryImpl.java:analyzeStorage(135)) - The storage directory /home/runner/work/ozone/ozone/hadoop-ozone/integration-test/target/test-dir/MiniOzoneClusterImpl-e4d44f2f-a2b5-41e9-856a-44b560c8547e/datanode-1/data/ratis/94e22a5b-5867-4a1b-8747-3679c7e9dd81 does not exist. Creating ...
2022-10-11 08:14:05,120 [pool-323-thread-1] INFO  storage.RaftStorageDirectory (RaftStorageDirectoryImpl.java:tryLock(230)) - Lock on /home/runner/work/ozone/ozone/hadoop-ozone/integration-test/target/test-dir/MiniOzoneClusterImpl-e4d44f2f-a2b5-41e9-856a-44b560c8547e/datanode-1/data/ratis/94e22a5b-5867-4a1b-8747-3679c7e9dd81/in_use.lock acquired by nodename 138003@fv-az208-128
2022-10-11 08:14:05,121 [pool-323-thread-1] INFO  storage.RaftStorage (RaftStorageImpl.java:format(89)) - Storage directory /home/runner/work/ozone/ozone/hadoop-ozone/integration-test/target/test-dir/MiniOzoneClusterImpl-e4d44f2f-a2b5-41e9-856a-44b560c8547e/datanode-1/data/ratis/94e22a5b-5867-4a1b-8747-3679c7e9dd81 has been successfully formatted.
2022-10-11 08:14:05,134 [pool-323-thread-1] INFO  ratis.ContainerStateMachine (ContainerStateMachine.java:loadSnapshot(236)) - group-3679C7E9DD81: The snapshot info is null. Setting the last applied indexto:(t:0, i:~)
2022-10-11 08:14:05,134 [pool-323-thread-1] INFO  server.RaftServerConfigKeys (ConfUtils.java:logGet(46)) - raft.server.notification.no-leader.timeout = 300s (custom)
2022-10-11 08:14:05,135 [pool-323-thread-1] INFO  server.RaftServerConfigKeys (ConfUtils.java:logGet(46)) - raft.server.log.use.memory = false (default)
2022-10-11 08:14:05,135 [pool-323-thread-1] INFO  server.RaftServerConfigKeys (ConfUtils.java:logGet(46)) - raft.server.log.purge.gap = 1000000 (custom)
2022-10-11 08:14:05,135 [pool-323-thread-1] INFO  server.RaftServerConfigKeys (ConfUtils.java:logGet(46)) - raft.server.log.appender.buffer.byte-limit = 33554432 (custom)
2022-10-11 08:14:05,135 [pool-323-thread-1] INFO  server.RaftServerConfigKeys (ConfUtils.java:logGet(46)) - raft.server.log.statemachine.data.read.timeout = 1000ms (default)
2022-10-11 08:14:05,135 [pool-323-thread-1] INFO  server.RaftServerConfigKeys (ConfUtils.java:logGet(46)) - raft.server.log.segment.size.max = 1048576 (custom)
2022-10-11 08:14:05,135 [pool-323-thread-1] INFO  server.RaftServerConfigKeys (ConfUtils.java:logGet(46)) - raft.server.log.segment.cache.num.max = 2 (custom)
2022-10-11 08:14:05,135 [pool-323-thread-1] INFO  server.RaftServerConfigKeys (ConfUtils.java:logGet(46)) - raft.server.log.segment.cache.size.max = 200MB (=209715200) (default)
2022-10-11 08:14:05,135 [pool-323-thread-1] INFO  segmented.SegmentedRaftLogWorker (SegmentedRaftLogWorker.java:<init>(187)) - new ee19ba41-361b-4acc-833e-c4e477a5e66e@group-3679C7E9DD81-SegmentedRaftLogWorker for RaftStorageImpl:Storage Directory /home/runner/work/ozone/ozone/hadoop-ozone/integration-test/target/test-dir/MiniOzoneClusterImpl-e4d44f2f-a2b5-41e9-856a-44b560c8547e/datanode-1/data/ratis/94e22a5b-5867-4a1b-8747-3679c7e9dd81
2022-10-11 08:14:05,135 [pool-323-thread-1] INFO  server.RaftServerConfigKeys (ConfUtils.java:logGet(46)) - raft.server.log.queue.byte-limit = 4294967296 (custom)
2022-10-11 08:14:05,135 [pool-323-thread-1] INFO  server.RaftServerConfigKeys (ConfUtils.java:logGet(46)) - raft.server.log.queue.element-limit = 1024 (custom)
2022-10-11 08:14:05,135 [pool-323-thread-1] INFO  server.RaftServerConfigKeys (ConfUtils.java:logGet(46)) - raft.server.log.segment.size.max = 1048576 (custom)
2022-10-11 08:14:05,135 [pool-323-thread-1] INFO  server.RaftServerConfigKeys (ConfUtils.java:logGet(46)) - raft.server.log.preallocated.size = 16384 (custom)
2022-10-11 08:14:05,135 [pool-323-thread-1] INFO  server.RaftServerConfigKeys (ConfUtils.java:logGet(46)) - raft.server.log.force.sync.num = 128 (default)
2022-10-11 08:14:05,135 [pool-323-thread-1] INFO  server.RaftServerConfigKeys (ConfUtils.java:logGet(46)) - raft.server.log.statemachine.data.sync = true (default)
2022-10-11 08:14:05,135 [pool-323-thread-1] INFO  server.RaftServerConfigKeys (ConfUtils.java:logGet(46)) - raft.server.log.statemachine.data.sync.timeout = 10s (default)
2022-10-11 08:14:05,136 [pool-323-thread-1] INFO  server.RaftServerConfigKeys (ConfUtils.java:logGet(46)) - raft.server.log.statemachine.data.sync.timeout.retry = -1 (default)
2022-10-11 08:14:05,136 [pool-323-thread-1] INFO  server.RaftServerConfigKeys (ConfUtils.java:logGet(46)) - raft.server.log.write.buffer.size = 1048576 (custom)
2022-10-11 08:14:05,137 [pool-323-thread-1] INFO  server.RaftServerConfigKeys (ConfUtils.java:logGet(46)) - raft.server.log.unsafe-flush.enabled = false (default)
2022-10-11 08:14:05,137 [pool-323-thread-1] INFO  server.RaftServerConfigKeys (ConfUtils.java:logGet(46)) - raft.server.log.statemachine.data.caching.enabled = true (custom)
2022-10-11 08:14:05,137 [pool-323-thread-1] INFO  segmented.SegmentedRaftLogWorker (SegmentedRaftLogWorker.java:lambda$new$0(135)) - ee19ba41-361b-4acc-833e-c4e477a5e66e@group-3679C7E9DD81-SegmentedRaftLogWorker: flushIndex: setUnconditionally 0 -> -1
2022-10-11 08:14:05,137 [pool-323-thread-1] INFO  segmented.SegmentedRaftLogWorker (SegmentedRaftLogWorker.java:lambda$new$0(135)) - ee19ba41-361b-4acc-833e-c4e477a5e66e@group-3679C7E9DD81-SegmentedRaftLogWorker: safeCacheEvictIndex: setUnconditionally 0 -> -1
2022-10-11 08:14:05,141 [pool-323-thread-1] INFO  server.RaftServerConfigKeys (ConfUtils.java:logGet(46)) - raft.server.snapshot.auto.trigger.enabled = true (custom)
2022-10-11 08:14:05,141 [pool-323-thread-1] INFO  server.RaftServerConfigKeys (ConfUtils.java:logGet(46)) - raft.server.snapshot.auto.trigger.threshold = 10000 (custom)
2022-10-11 08:14:05,141 [pool-323-thread-1] INFO  server.RaftServerConfigKeys (ConfUtils.java:logGet(46)) - raft.server.snapshot.retention.file.num = 5 (custom)
2022-10-11 08:14:05,141 [pool-323-thread-1] INFO  server.RaftServerConfigKeys (ConfUtils.java:logGet(46)) - raft.server.log.purge.upto.snapshot.index = false (default)
2022-10-11 08:14:05,141 [pool-323-thread-1] INFO  server.RaftServerConfigKeys (ConfUtils.java:logGet(46)) - raft.server.retrycache.expirytime = 600000ms (custom)
2022-10-11 08:14:05,141 [pool-323-thread-1] INFO  server.RaftServerConfigKeys (ConfUtils.java:logGet(46)) - raft.server.retrycache.statistics.expirytime = 100μs (default)
2022-10-11 08:14:05,142 [pool-323-thread-1] INFO  server.RaftServerConfigKeys (ConfUtils.java:logGet(46)) - raft.server.log.appender.install.snapshot.enabled = false (custom)
2022-10-11 08:14:05,142 [pool-323-thread-1] INFO  server.RaftServerConfigKeys (ConfUtils.java:logGet(46)) - raft.server.threadpool.server.cached = true (default)
2022-10-11 08:14:05,142 [pool-323-thread-1] INFO  server.RaftServerConfigKeys (ConfUtils.java:logGet(46)) - raft.server.threadpool.server.size = 0 (default)
2022-10-11 08:14:05,142 [pool-323-thread-1] INFO  server.RaftServerConfigKeys (ConfUtils.java:logGet(46)) - raft.server.threadpool.client.cached = true (default)
2022-10-11 08:14:05,142 [pool-323-thread-1] INFO  server.RaftServerConfigKeys (ConfUtils.java:logGet(46)) - raft.server.threadpool.client.size = 0 (default)
2022-10-11 08:14:05,142 [pool-323-thread-1] INFO  server.RaftServer$Division (RaftServerImpl.java:start(310)) - ee19ba41-361b-4acc-833e-c4e477a5e66e@group-3679C7E9DD81: start as a follower, conf=-1: [f7d1a98c-0d33-4cfc-a34e-9915b3815335|rpc:10.1.0.76:40629|dataStream:|priority:1, 372aae33-6f7c-4d6f-ba4c-eadde7effafb|rpc:10.1.0.76:35509|dataStream:|priority:0, ee19ba41-361b-4acc-833e-c4e477a5e66e|rpc:10.1.0.76:33325|dataStream:|priority:0], old=null
2022-10-11 08:14:05,142 [pool-323-thread-1] INFO  server.RaftServer$Division (RaftServerImpl.java:setRole(299)) - ee19ba41-361b-4acc-833e-c4e477a5e66e@group-3679C7E9DD81: changes role from      null to FOLLOWER at term 0 for startAsFollower
2022-10-11 08:14:05,142 [pool-323-thread-1] INFO  impl.RoleInfo (RoleInfo.java:updateAndGet(139)) - ee19ba41-361b-4acc-833e-c4e477a5e66e: start ee19ba41-361b-4acc-833e-c4e477a5e66e@group-3679C7E9DD81-FollowerState
2022-10-11 08:14:05,146 [pool-323-thread-1] INFO  util.JmxRegister (JmxRegister.java:tryRegister(44)) - Successfully registered JMX Bean with object name Ratis:service=RaftServer,group=group-3679C7E9DD81,id=ee19ba41-361b-4acc-833e-c4e477a5e66e
2022-10-11 08:14:05,196 [grpc-default-executor-0] INFO  server.RaftServer (RaftServerProxy.java:addNew(96)) - f7d1a98c-0d33-4cfc-a34e-9915b3815335: addNew group-3679C7E9DD81:[f7d1a98c-0d33-4cfc-a34e-9915b3815335|rpc:10.1.0.76:40629|dataStream:|priority:1, 372aae33-6f7c-4d6f-ba4c-eadde7effafb|rpc:10.1.0.76:35509|dataStream:|priority:0, ee19ba41-361b-4acc-833e-c4e477a5e66e|rpc:10.1.0.76:33325|dataStream:|priority:0] returns group-3679C7E9DD81:java.util.concurrent.CompletableFuture@40f91d69[Not completed]
2022-10-11 08:14:05,212 [pool-346-thread-1] INFO  server.RaftServer$Division (RaftServerImpl.java:<init>(190)) - f7d1a98c-0d33-4cfc-a34e-9915b3815335: new RaftServerImpl for group-3679C7E9DD81:[f7d1a98c-0d33-4cfc-a34e-9915b3815335|rpc:10.1.0.76:40629|dataStream:|priority:1, 372aae33-6f7c-4d6f-ba4c-eadde7effafb|rpc:10.1.0.76:35509|dataStream:|priority:0, ee19ba41-361b-4acc-833e-c4e477a5e66e|rpc:10.1.0.76:33325|dataStream:|priority:0] with ContainerStateMachine:uninitialized
2022-10-11 08:14:05,212 [pool-346-thread-1] INFO  server.RaftServerConfigKeys (ConfUtils.java:logGet(46)) - raft.server.rpc.timeout.min = 5s (custom)
2022-10-11 08:14:05,212 [pool-346-thread-1] INFO  server.RaftServerConfigKeys (ConfUtils.java:logGet(46)) - raft.server.rpc.timeout.max = 5200ms (custom)
2022-10-11 08:14:05,212 [pool-346-thread-1] INFO  server.RaftServerConfigKeys (ConfUtils.java:logGet(46)) - raft.server.rpc.sleep.time = 25ms (default)
2022-10-11 08:14:05,212 [pool-346-thread-1] INFO  server.RaftServerConfigKeys (ConfUtils.java:logGet(46)) - raft.server.rpc.slowness.timeout = 300s (custom)
2022-10-11 08:14:05,212 [pool-346-thread-1] INFO  server.RaftServerConfigKeys (ConfUtils.java:logGet(46)) - raft.server.leaderelection.leader.step-down.wait-time = 10s (default)
2022-10-11 08:14:05,212 [pool-346-thread-1] INFO  server.RaftServerConfigKeys (ConfUtils.java:logGet(46)) - raft.server.sleep.deviation.threshold = 300ms (default)
2022-10-11 08:14:05,212 [pool-346-thread-1] INFO  server.RaftServer$Division (ServerState.java:<init>(107)) - f7d1a98c-0d33-4cfc-a34e-9915b3815335@group-3679C7E9DD81: ConfigurationManager, init=-1: [f7d1a98c-0d33-4cfc-a34e-9915b3815335|rpc:10.1.0.76:40629|dataStream:|priority:1, 372aae33-6f7c-4d6f-ba4c-eadde7effafb|rpc:10.1.0.76:35509|dataStream:|priority:0, ee19ba41-361b-4acc-833e-c4e477a5e66e|rpc:10.1.0.76:33325|dataStream:|priority:0], old=null, confs=<EMPTY_MAP>
2022-10-11 08:14:05,212 [pool-346-thread-1] INFO  server.RaftServerConfigKeys (ConfUtils.java:logGet(46)) - raft.server.storage.dir = [/home/runner/work/ozone/ozone/hadoop-ozone/integration-test/target/test-dir/MiniOzoneClusterImpl-e4d44f2f-a2b5-41e9-856a-44b560c8547e/datanode-2/data/ratis] (custom)
2022-10-11 08:14:05,212 [pool-346-thread-1] INFO  server.RaftServerConfigKeys (ConfUtils.java:logGet(46)) - raft.server.log.corruption.policy = EXCEPTION (default)
2022-10-11 08:14:05,213 [pool-346-thread-1] INFO  server.RaftServerConfigKeys (ConfUtils.java:logGet(46)) - raft.server.storage.free-space.min = 0MB (=0) (default)
2022-10-11 08:14:05,213 [pool-346-thread-1] INFO  storage.RaftStorageDirectory (RaftStorageDirectoryImpl.java:analyzeStorage(135)) - The storage directory /home/runner/work/ozone/ozone/hadoop-ozone/integration-test/target/test-dir/MiniOzoneClusterImpl-e4d44f2f-a2b5-41e9-856a-44b560c8547e/datanode-2/data/ratis/94e22a5b-5867-4a1b-8747-3679c7e9dd81 does not exist. Creating ...
2022-10-11 08:14:05,214 [pool-346-thread-1] INFO  storage.RaftStorageDirectory (RaftStorageDirectoryImpl.java:tryLock(230)) - Lock on /home/runner/work/ozone/ozone/hadoop-ozone/integration-test/target/test-dir/MiniOzoneClusterImpl-e4d44f2f-a2b5-41e9-856a-44b560c8547e/datanode-2/data/ratis/94e22a5b-5867-4a1b-8747-3679c7e9dd81/in_use.lock acquired by nodename 138003@fv-az208-128
2022-10-11 08:14:05,218 [pool-346-thread-1] INFO  storage.RaftStorage (RaftStorageImpl.java:format(89)) - Storage directory /home/runner/work/ozone/ozone/hadoop-ozone/integration-test/target/test-dir/MiniOzoneClusterImpl-e4d44f2f-a2b5-41e9-856a-44b560c8547e/datanode-2/data/ratis/94e22a5b-5867-4a1b-8747-3679c7e9dd81 has been successfully formatted.
2022-10-11 08:14:05,231 [pool-346-thread-1] INFO  ratis.ContainerStateMachine (ContainerStateMachine.java:loadSnapshot(236)) - group-3679C7E9DD81: The snapshot info is null. Setting the last applied indexto:(t:0, i:~)
2022-10-11 08:14:05,232 [pool-346-thread-1] INFO  server.RaftServerConfigKeys (ConfUtils.java:logGet(46)) - raft.server.notification.no-leader.timeout = 300s (custom)
2022-10-11 08:14:05,232 [pool-346-thread-1] INFO  server.RaftServerConfigKeys (ConfUtils.java:logGet(46)) - raft.server.log.use.memory = false (default)
2022-10-11 08:14:05,232 [pool-346-thread-1] INFO  server.RaftServerConfigKeys (ConfUtils.java:logGet(46)) - raft.server.log.purge.gap = 1000000 (custom)
2022-10-11 08:14:05,232 [pool-346-thread-1] INFO  server.RaftServerConfigKeys (ConfUtils.java:logGet(46)) - raft.server.log.appender.buffer.byte-limit = 33554432 (custom)
2022-10-11 08:14:05,232 [pool-346-thread-1] INFO  server.RaftServerConfigKeys (ConfUtils.java:logGet(46)) - raft.server.log.statemachine.data.read.timeout = 1000ms (default)
2022-10-11 08:14:05,232 [pool-346-thread-1] INFO  server.RaftServerConfigKeys (ConfUtils.java:logGet(46)) - raft.server.log.segment.size.max = 1048576 (custom)
2022-10-11 08:14:05,232 [pool-346-thread-1] INFO  server.RaftServerConfigKeys (ConfUtils.java:logGet(46)) - raft.server.log.segment.cache.num.max = 2 (custom)
2022-10-11 08:14:05,232 [pool-346-thread-1] INFO  server.RaftServerConfigKeys (ConfUtils.java:logGet(46)) - raft.server.log.segment.cache.size.max = 200MB (=209715200) (default)
2022-10-11 08:14:05,232 [pool-346-thread-1] INFO  segmented.SegmentedRaftLogWorker (SegmentedRaftLogWorker.java:<init>(187)) - new f7d1a98c-0d33-4cfc-a34e-9915b3815335@group-3679C7E9DD81-SegmentedRaftLogWorker for RaftStorageImpl:Storage Directory /home/runner/work/ozone/ozone/hadoop-ozone/integration-test/target/test-dir/MiniOzoneClusterImpl-e4d44f2f-a2b5-41e9-856a-44b560c8547e/datanode-2/data/ratis/94e22a5b-5867-4a1b-8747-3679c7e9dd81
2022-10-11 08:14:05,233 [pool-346-thread-1] INFO  server.RaftServerConfigKeys (ConfUtils.java:logGet(46)) - raft.server.log.queue.byte-limit = 4294967296 (custom)
2022-10-11 08:14:05,233 [pool-346-thread-1] INFO  server.RaftServerConfigKeys (ConfUtils.java:logGet(46)) - raft.server.log.queue.element-limit = 1024 (custom)
2022-10-11 08:14:05,233 [pool-346-thread-1] INFO  server.RaftServerConfigKeys (ConfUtils.java:logGet(46)) - raft.server.log.segment.size.max = 1048576 (custom)
2022-10-11 08:14:05,233 [pool-346-thread-1] INFO  server.RaftServerConfigKeys (ConfUtils.java:logGet(46)) - raft.server.log.preallocated.size = 16384 (custom)
2022-10-11 08:14:05,233 [pool-346-thread-1] INFO  server.RaftServerConfigKeys (ConfUtils.java:logGet(46)) - raft.server.log.force.sync.num = 128 (default)
2022-10-11 08:14:05,233 [pool-346-thread-1] INFO  server.RaftServerConfigKeys (ConfUtils.java:logGet(46)) - raft.server.log.statemachine.data.sync = true (default)
2022-10-11 08:14:05,233 [pool-346-thread-1] INFO  server.RaftServerConfigKeys (ConfUtils.java:logGet(46)) - raft.server.log.statemachine.data.sync.timeout = 10s (default)
2022-10-11 08:14:05,233 [pool-346-thread-1] INFO  server.RaftServerConfigKeys (ConfUtils.java:logGet(46)) - raft.server.log.statemachine.data.sync.timeout.retry = -1 (default)
2022-10-11 08:14:05,234 [pool-346-thread-1] INFO  server.RaftServerConfigKeys (ConfUtils.java:logGet(46)) - raft.server.log.write.buffer.size = 1048576 (custom)
2022-10-11 08:14:05,234 [pool-346-thread-1] INFO  server.RaftServerConfigKeys (ConfUtils.java:logGet(46)) - raft.server.log.unsafe-flush.enabled = false (default)
2022-10-11 08:14:05,234 [pool-346-thread-1] INFO  server.RaftServerConfigKeys (ConfUtils.java:logGet(46)) - raft.server.log.statemachine.data.caching.enabled = true (custom)
2022-10-11 08:14:05,234 [pool-346-thread-1] INFO  segmented.SegmentedRaftLogWorker (SegmentedRaftLogWorker.java:lambda$new$0(135)) - f7d1a98c-0d33-4cfc-a34e-9915b3815335@group-3679C7E9DD81-SegmentedRaftLogWorker: flushIndex: setUnconditionally 0 -> -1
2022-10-11 08:14:05,235 [pool-346-thread-1] INFO  segmented.SegmentedRaftLogWorker (SegmentedRaftLogWorker.java:lambda$new$0(135)) - f7d1a98c-0d33-4cfc-a34e-9915b3815335@group-3679C7E9DD81-SegmentedRaftLogWorker: safeCacheEvictIndex: setUnconditionally 0 -> -1
2022-10-11 08:14:05,242 [pool-346-thread-1] INFO  server.RaftServerConfigKeys (ConfUtils.java:logGet(46)) - raft.server.snapshot.auto.trigger.enabled = true (custom)
2022-10-11 08:14:05,242 [pool-346-thread-1] INFO  server.RaftServerConfigKeys (ConfUtils.java:logGet(46)) - raft.server.snapshot.auto.trigger.threshold = 10000 (custom)
2022-10-11 08:14:05,242 [pool-346-thread-1] INFO  server.RaftServerConfigKeys (ConfUtils.java:logGet(46)) - raft.server.snapshot.retention.file.num = 5 (custom)
2022-10-11 08:14:05,243 [pool-346-thread-1] INFO  server.RaftServerConfigKeys (ConfUtils.java:logGet(46)) - raft.server.log.purge.upto.snapshot.index = false (default)
2022-10-11 08:14:05,243 [pool-346-thread-1] INFO  server.RaftServerConfigKeys (ConfUtils.java:logGet(46)) - raft.server.retrycache.expirytime = 600000ms (custom)
2022-10-11 08:14:05,243 [pool-346-thread-1] INFO  server.RaftServerConfigKeys (ConfUtils.java:logGet(46)) - raft.server.retrycache.statistics.expirytime = 100μs (default)
2022-10-11 08:14:05,244 [pool-346-thread-1] INFO  server.RaftServerConfigKeys (ConfUtils.java:logGet(46)) - raft.server.log.appender.install.snapshot.enabled = false (custom)
2022-10-11 08:14:05,244 [pool-346-thread-1] INFO  server.RaftServerConfigKeys (ConfUtils.java:logGet(46)) - raft.server.threadpool.server.cached = true (default)
2022-10-11 08:14:05,244 [pool-346-thread-1] INFO  server.RaftServerConfigKeys (ConfUtils.java:logGet(46)) - raft.server.threadpool.server.size = 0 (default)
2022-10-11 08:14:05,244 [pool-346-thread-1] INFO  server.RaftServerConfigKeys (ConfUtils.java:logGet(46)) - raft.server.threadpool.client.cached = true (default)
2022-10-11 08:14:05,244 [pool-346-thread-1] INFO  server.RaftServerConfigKeys (ConfUtils.java:logGet(46)) - raft.server.threadpool.client.size = 0 (default)
2022-10-11 08:14:05,244 [pool-346-thread-1] INFO  server.RaftServer$Division (RaftServerImpl.java:start(310)) - f7d1a98c-0d33-4cfc-a34e-9915b3815335@group-3679C7E9DD81: start as a follower, conf=-1: [f7d1a98c-0d33-4cfc-a34e-9915b3815335|rpc:10.1.0.76:40629|dataStream:|priority:1, 372aae33-6f7c-4d6f-ba4c-eadde7effafb|rpc:10.1.0.76:35509|dataStream:|priority:0, ee19ba41-361b-4acc-833e-c4e477a5e66e|rpc:10.1.0.76:33325|dataStream:|priority:0], old=null
2022-10-11 08:14:05,244 [pool-346-thread-1] INFO  server.RaftServer$Division (RaftServerImpl.java:setRole(299)) - f7d1a98c-0d33-4cfc-a34e-9915b3815335@group-3679C7E9DD81: changes role from      null to FOLLOWER at term 0 for startAsFollower
2022-10-11 08:14:05,244 [pool-346-thread-1] INFO  impl.RoleInfo (RoleInfo.java:updateAndGet(139)) - f7d1a98c-0d33-4cfc-a34e-9915b3815335: start f7d1a98c-0d33-4cfc-a34e-9915b3815335@group-3679C7E9DD81-FollowerState
2022-10-11 08:14:05,262 [pool-346-thread-1] INFO  util.JmxRegister (JmxRegister.java:tryRegister(44)) - Successfully registered JMX Bean with object name Ratis:service=RaftServer,group=group-3679C7E9DD81,id=f7d1a98c-0d33-4cfc-a34e-9915b3815335
2022-10-11 08:14:05,283 [Command processor thread] INFO  commandhandler.CreatePipelineCommandHandler (CreatePipelineCommandHandler.java:handle(113)) - Created Pipeline RATIS THREE PipelineID=94e22a5b-5867-4a1b-8747-3679c7e9dd81.
2022-10-11 08:14:05,283 [Command processor thread] INFO  server.RaftServer (RaftServerProxy.java:addNew(96)) - 372aae33-6f7c-4d6f-ba4c-eadde7effafb: addNew group-C5A9DB01C0B8:[f7d1a98c-0d33-4cfc-a34e-9915b3815335|rpc:10.1.0.76:40629|priority:0, 372aae33-6f7c-4d6f-ba4c-eadde7effafb|rpc:10.1.0.76:35509|priority:0, ee19ba41-361b-4acc-833e-c4e477a5e66e|rpc:10.1.0.76:33325|priority:1] returns group-C5A9DB01C0B8:java.util.concurrent.CompletableFuture@7e1ef92a[Not completed]
2022-10-11 08:14:05,284 [pool-300-thread-1] INFO  server.RaftServer$Division (RaftServerImpl.java:<init>(190)) - 372aae33-6f7c-4d6f-ba4c-eadde7effafb: new RaftServerImpl for group-C5A9DB01C0B8:[f7d1a98c-0d33-4cfc-a34e-9915b3815335|rpc:10.1.0.76:40629|priority:0, 372aae33-6f7c-4d6f-ba4c-eadde7effafb|rpc:10.1.0.76:35509|priority:0, ee19ba41-361b-4acc-833e-c4e477a5e66e|rpc:10.1.0.76:33325|priority:1] with ContainerStateMachine:uninitialized
2022-10-11 08:14:05,284 [pool-300-thread-1] INFO  server.RaftServerConfigKeys (ConfUtils.java:logGet(46)) - raft.server.rpc.timeout.min = 5s (custom)
2022-10-11 08:14:05,284 [pool-300-thread-1] INFO  server.RaftServerConfigKeys (ConfUtils.java:logGet(46)) - raft.server.rpc.timeout.max = 5200ms (custom)
2022-10-11 08:14:05,284 [pool-300-thread-1] INFO  server.RaftServerConfigKeys (ConfUtils.java:logGet(46)) - raft.server.rpc.sleep.time = 25ms (default)
2022-10-11 08:14:05,284 [pool-300-thread-1] INFO  server.RaftServerConfigKeys (ConfUtils.java:logGet(46)) - raft.server.rpc.slowness.timeout = 300s (custom)
2022-10-11 08:14:05,284 [pool-300-thread-1] INFO  server.RaftServerConfigKeys (ConfUtils.java:logGet(46)) - raft.server.leaderelection.leader.step-down.wait-time = 10s (default)
2022-10-11 08:14:05,284 [pool-300-thread-1] INFO  server.RaftServerConfigKeys (ConfUtils.java:logGet(46)) - raft.server.sleep.deviation.threshold = 300ms (default)
2022-10-11 08:14:05,284 [pool-300-thread-1] INFO  server.RaftServer$Division (ServerState.java:<init>(107)) - 372aae33-6f7c-4d6f-ba4c-eadde7effafb@group-C5A9DB01C0B8: ConfigurationManager, init=-1: [f7d1a98c-0d33-4cfc-a34e-9915b3815335|rpc:10.1.0.76:40629|priority:0, 372aae33-6f7c-4d6f-ba4c-eadde7effafb|rpc:10.1.0.76:35509|priority:0, ee19ba41-361b-4acc-833e-c4e477a5e66e|rpc:10.1.0.76:33325|priority:1], old=null, confs=<EMPTY_MAP>
2022-10-11 08:14:05,284 [pool-300-thread-1] INFO  server.RaftServerConfigKeys (ConfUtils.java:logGet(46)) - raft.server.storage.dir = [/home/runner/work/ozone/ozone/hadoop-ozone/integration-test/target/test-dir/MiniOzoneClusterImpl-e4d44f2f-a2b5-41e9-856a-44b560c8547e/datanode-0/data/ratis] (custom)
2022-10-11 08:14:05,284 [pool-300-thread-1] INFO  server.RaftServerConfigKeys (ConfUtils.java:logGet(46)) - raft.server.log.corruption.policy = EXCEPTION (default)
2022-10-11 08:14:05,284 [pool-300-thread-1] INFO  server.RaftServerConfigKeys (ConfUtils.java:logGet(46)) - raft.server.storage.free-space.min = 0MB (=0) (default)
2022-10-11 08:14:05,284 [pool-300-thread-1] INFO  storage.RaftStorageDirectory (RaftStorageDirectoryImpl.java:analyzeStorage(135)) - The storage directory /home/runner/work/ozone/ozone/hadoop-ozone/integration-test/target/test-dir/MiniOzoneClusterImpl-e4d44f2f-a2b5-41e9-856a-44b560c8547e/datanode-0/data/ratis/a3e37742-fc53-4626-8353-c5a9db01c0b8 does not exist. Creating ...
2022-10-11 08:14:05,289 [pool-300-thread-1] INFO  storage.RaftStorageDirectory (RaftStorageDirectoryImpl.java:tryLock(230)) - Lock on /home/runner/work/ozone/ozone/hadoop-ozone/integration-test/target/test-dir/MiniOzoneClusterImpl-e4d44f2f-a2b5-41e9-856a-44b560c8547e/datanode-0/data/ratis/a3e37742-fc53-4626-8353-c5a9db01c0b8/in_use.lock acquired by nodename 138003@fv-az208-128
2022-10-11 08:14:05,292 [pool-300-thread-1] INFO  storage.RaftStorage (RaftStorageImpl.java:format(89)) - Storage directory /home/runner/work/ozone/ozone/hadoop-ozone/integration-test/target/test-dir/MiniOzoneClusterImpl-e4d44f2f-a2b5-41e9-856a-44b560c8547e/datanode-0/data/ratis/a3e37742-fc53-4626-8353-c5a9db01c0b8 has been successfully formatted.
2022-10-11 08:14:05,292 [pool-300-thread-1] INFO  ratis.ContainerStateMachine (ContainerStateMachine.java:loadSnapshot(236)) - group-C5A9DB01C0B8: The snapshot info is null. Setting the last applied indexto:(t:0, i:~)
2022-10-11 08:14:05,292 [pool-300-thread-1] INFO  server.RaftServerConfigKeys (ConfUtils.java:logGet(46)) - raft.server.notification.no-leader.timeout = 300s (custom)
2022-10-11 08:14:05,292 [pool-300-thread-1] INFO  server.RaftServerConfigKeys (ConfUtils.java:logGet(46)) - raft.server.log.use.memory = false (default)
2022-10-11 08:14:05,292 [pool-300-thread-1] INFO  server.RaftServerConfigKeys (ConfUtils.java:logGet(46)) - raft.server.log.purge.gap = 1000000 (custom)
2022-10-11 08:14:05,292 [pool-300-thread-1] INFO  server.RaftServerConfigKeys (ConfUtils.java:logGet(46)) - raft.server.log.appender.buffer.byte-limit = 33554432 (custom)
2022-10-11 08:14:05,292 [pool-300-thread-1] INFO  server.RaftServerConfigKeys (ConfUtils.java:logGet(46)) - raft.server.log.statemachine.data.read.timeout = 1000ms (default)
2022-10-11 08:14:05,293 [pool-300-thread-1] INFO  server.RaftServerConfigKeys (ConfUtils.java:logGet(46)) - raft.server.log.segment.size.max = 1048576 (custom)
2022-10-11 08:14:05,293 [pool-300-thread-1] INFO  server.RaftServerConfigKeys (ConfUtils.java:logGet(46)) - raft.server.log.segment.cache.num.max = 2 (custom)
2022-10-11 08:14:05,293 [pool-300-thread-1] INFO  server.RaftServerConfigKeys (ConfUtils.java:logGet(46)) - raft.server.log.segment.cache.size.max = 200MB (=209715200) (default)
2022-10-11 08:14:05,293 [pool-300-thread-1] INFO  segmented.SegmentedRaftLogWorker (SegmentedRaftLogWorker.java:<init>(187)) - new 372aae33-6f7c-4d6f-ba4c-eadde7effafb@group-C5A9DB01C0B8-SegmentedRaftLogWorker for RaftStorageImpl:Storage Directory /home/runner/work/ozone/ozone/hadoop-ozone/integration-test/target/test-dir/MiniOzoneClusterImpl-e4d44f2f-a2b5-41e9-856a-44b560c8547e/datanode-0/data/ratis/a3e37742-fc53-4626-8353-c5a9db01c0b8
2022-10-11 08:14:05,293 [pool-300-thread-1] INFO  server.RaftServerConfigKeys (ConfUtils.java:logGet(46)) - raft.server.log.queue.byte-limit = 4294967296 (custom)
2022-10-11 08:14:05,293 [pool-300-thread-1] INFO  server.RaftServerConfigKeys (ConfUtils.java:logGet(46)) - raft.server.log.queue.element-limit = 1024 (custom)
2022-10-11 08:14:05,293 [pool-300-thread-1] INFO  server.RaftServerConfigKeys (ConfUtils.java:logGet(46)) - raft.server.log.segment.size.max = 1048576 (custom)
2022-10-11 08:14:05,293 [pool-300-thread-1] INFO  server.RaftServerConfigKeys (ConfUtils.java:logGet(46)) - raft.server.log.preallocated.size = 16384 (custom)
2022-10-11 08:14:05,293 [pool-300-thread-1] INFO  server.RaftServerConfigKeys (ConfUtils.java:logGet(46)) - raft.server.log.force.sync.num = 128 (default)
2022-10-11 08:14:05,293 [pool-300-thread-1] INFO  server.RaftServerConfigKeys (ConfUtils.java:logGet(46)) - raft.server.log.statemachine.data.sync = true (default)
2022-10-11 08:14:05,293 [pool-300-thread-1] INFO  server.RaftServerConfigKeys (ConfUtils.java:logGet(46)) - raft.server.log.statemachine.data.sync.timeout = 10s (default)
2022-10-11 08:14:05,293 [pool-300-thread-1] INFO  server.RaftServerConfigKeys (ConfUtils.java:logGet(46)) - raft.server.log.statemachine.data.sync.timeout.retry = -1 (default)
2022-10-11 08:14:05,294 [pool-300-thread-1] INFO  server.RaftServerConfigKeys (ConfUtils.java:logGet(46)) - raft.server.log.write.buffer.size = 1048576 (custom)
2022-10-11 08:14:05,296 [EventQueue-OpenPipelineForHealthyPipelineSafeModeRule] INFO  safemode.SCMSafeModeManager (HealthyPipelineSafeModeRule.java:process(137)) - SCM in safe mode. Healthy pipelines reported count is 0, required healthy pipeline reported count is 1
2022-10-11 08:14:05,307 [pool-300-thread-1] INFO  server.RaftServerConfigKeys (ConfUtils.java:logGet(46)) - raft.server.log.unsafe-flush.enabled = false (default)
2022-10-11 08:14:05,307 [pool-300-thread-1] INFO  server.RaftServerConfigKeys (ConfUtils.java:logGet(46)) - raft.server.log.statemachine.data.caching.enabled = true (custom)
2022-10-11 08:14:05,307 [pool-300-thread-1] INFO  segmented.SegmentedRaftLogWorker (SegmentedRaftLogWorker.java:lambda$new$0(135)) - 372aae33-6f7c-4d6f-ba4c-eadde7effafb@group-C5A9DB01C0B8-SegmentedRaftLogWorker: flushIndex: setUnconditionally 0 -> -1
2022-10-11 08:14:05,307 [pool-300-thread-1] INFO  segmented.SegmentedRaftLogWorker (SegmentedRaftLogWorker.java:lambda$new$0(135)) - 372aae33-6f7c-4d6f-ba4c-eadde7effafb@group-C5A9DB01C0B8-SegmentedRaftLogWorker: safeCacheEvictIndex: setUnconditionally 0 -> -1
2022-10-11 08:14:05,311 [pool-300-thread-1] INFO  server.RaftServerConfigKeys (ConfUtils.java:logGet(46)) - raft.server.snapshot.auto.trigger.enabled = true (custom)
2022-10-11 08:14:05,311 [pool-300-thread-1] INFO  server.RaftServerConfigKeys (ConfUtils.java:logGet(46)) - raft.server.snapshot.auto.trigger.threshold = 10000 (custom)
2022-10-11 08:14:05,311 [pool-300-thread-1] INFO  server.RaftServerConfigKeys (ConfUtils.java:logGet(46)) - raft.server.snapshot.retention.file.num = 5 (custom)
2022-10-11 08:14:05,311 [pool-300-thread-1] INFO  server.RaftServerConfigKeys (ConfUtils.java:logGet(46)) - raft.server.log.purge.upto.snapshot.index = false (default)
2022-10-11 08:14:05,311 [pool-300-thread-1] INFO  server.RaftServerConfigKeys (ConfUtils.java:logGet(46)) - raft.server.retrycache.expirytime = 600000ms (custom)
2022-10-11 08:14:05,311 [pool-300-thread-1] INFO  server.RaftServerConfigKeys (ConfUtils.java:logGet(46)) - raft.server.retrycache.statistics.expirytime = 100μs (default)
2022-10-11 08:14:05,312 [pool-300-thread-1] INFO  server.RaftServerConfigKeys (ConfUtils.java:logGet(46)) - raft.server.log.appender.install.snapshot.enabled = false (custom)
2022-10-11 08:14:05,312 [pool-300-thread-1] INFO  server.RaftServerConfigKeys (ConfUtils.java:logGet(46)) - raft.server.threadpool.server.cached = true (default)
2022-10-11 08:14:05,312 [pool-300-thread-1] INFO  server.RaftServerConfigKeys (ConfUtils.java:logGet(46)) - raft.server.threadpool.server.size = 0 (default)
2022-10-11 08:14:05,312 [pool-300-thread-1] INFO  server.RaftServerConfigKeys (ConfUtils.java:logGet(46)) - raft.server.threadpool.client.cached = true (default)
2022-10-11 08:14:05,312 [pool-300-thread-1] INFO  server.RaftServerConfigKeys (ConfUtils.java:logGet(46)) - raft.server.threadpool.client.size = 0 (default)
2022-10-11 08:14:05,312 [pool-300-thread-1] INFO  server.RaftServer$Division (RaftServerImpl.java:start(310)) - 372aae33-6f7c-4d6f-ba4c-eadde7effafb@group-C5A9DB01C0B8: start as a follower, conf=-1: [f7d1a98c-0d33-4cfc-a34e-9915b3815335|rpc:10.1.0.76:40629|priority:0, 372aae33-6f7c-4d6f-ba4c-eadde7effafb|rpc:10.1.0.76:35509|priority:0, ee19ba41-361b-4acc-833e-c4e477a5e66e|rpc:10.1.0.76:33325|priority:1], old=null
2022-10-11 08:14:05,312 [pool-300-thread-1] INFO  server.RaftServer$Division (RaftServerImpl.java:setRole(299)) - 372aae33-6f7c-4d6f-ba4c-eadde7effafb@group-C5A9DB01C0B8: changes role from      null to FOLLOWER at term 0 for startAsFollower
2022-10-11 08:14:05,312 [pool-300-thread-1] INFO  impl.RoleInfo (RoleInfo.java:updateAndGet(139)) - 372aae33-6f7c-4d6f-ba4c-eadde7effafb: start 372aae33-6f7c-4d6f-ba4c-eadde7effafb@group-C5A9DB01C0B8-FollowerState
2022-10-11 08:14:05,322 [pool-300-thread-1] INFO  util.JmxRegister (JmxRegister.java:tryRegister(44)) - Successfully registered JMX Bean with object name Ratis:service=RaftServer,group=group-C5A9DB01C0B8,id=372aae33-6f7c-4d6f-ba4c-eadde7effafb
2022-10-11 08:14:05,324 [Command processor thread] INFO  ratis.XceiverServerRatis (XceiverServerRatis.java:addGroup(765)) - Created group PipelineID=a3e37742-fc53-4626-8353-c5a9db01c0b8
2022-10-11 08:14:05,356 [grpc-default-executor-0] INFO  server.RaftServer (RaftServerProxy.java:addNew(96)) - ee19ba41-361b-4acc-833e-c4e477a5e66e: addNew group-C5A9DB01C0B8:[f7d1a98c-0d33-4cfc-a34e-9915b3815335|rpc:10.1.0.76:40629|dataStream:|priority:0, 372aae33-6f7c-4d6f-ba4c-eadde7effafb|rpc:10.1.0.76:35509|dataStream:|priority:0, ee19ba41-361b-4acc-833e-c4e477a5e66e|rpc:10.1.0.76:33325|dataStream:|priority:1] returns group-C5A9DB01C0B8:java.util.concurrent.CompletableFuture@3b2c615c[Not completed]
2022-10-11 08:14:05,357 [pool-323-thread-1] INFO  server.RaftServer$Division (RaftServerImpl.java:<init>(190)) - ee19ba41-361b-4acc-833e-c4e477a5e66e: new RaftServerImpl for group-C5A9DB01C0B8:[f7d1a98c-0d33-4cfc-a34e-9915b3815335|rpc:10.1.0.76:40629|dataStream:|priority:0, 372aae33-6f7c-4d6f-ba4c-eadde7effafb|rpc:10.1.0.76:35509|dataStream:|priority:0, ee19ba41-361b-4acc-833e-c4e477a5e66e|rpc:10.1.0.76:33325|dataStream:|priority:1] with ContainerStateMachine:uninitialized
2022-10-11 08:14:05,357 [pool-323-thread-1] INFO  server.RaftServerConfigKeys (ConfUtils.java:logGet(46)) - raft.server.rpc.timeout.min = 5s (custom)
2022-10-11 08:14:05,357 [pool-323-thread-1] INFO  server.RaftServerConfigKeys (ConfUtils.java:logGet(46)) - raft.server.rpc.timeout.max = 5200ms (custom)
2022-10-11 08:14:05,357 [pool-323-thread-1] INFO  server.RaftServerConfigKeys (ConfUtils.java:logGet(46)) - raft.server.rpc.sleep.time = 25ms (default)
2022-10-11 08:14:05,357 [pool-323-thread-1] INFO  server.RaftServerConfigKeys (ConfUtils.java:logGet(46)) - raft.server.rpc.slowness.timeout = 300s (custom)
2022-10-11 08:14:05,357 [pool-323-thread-1] INFO  server.RaftServerConfigKeys (ConfUtils.java:logGet(46)) - raft.server.leaderelection.leader.step-down.wait-time = 10s (default)
2022-10-11 08:14:05,357 [pool-323-thread-1] INFO  server.RaftServerConfigKeys (ConfUtils.java:logGet(46)) - raft.server.sleep.deviation.threshold = 300ms (default)
2022-10-11 08:14:05,357 [pool-323-thread-1] INFO  server.RaftServer$Division (ServerState.java:<init>(107)) - ee19ba41-361b-4acc-833e-c4e477a5e66e@group-C5A9DB01C0B8: ConfigurationManager, init=-1: [f7d1a98c-0d33-4cfc-a34e-9915b3815335|rpc:10.1.0.76:40629|dataStream:|priority:0, 372aae33-6f7c-4d6f-ba4c-eadde7effafb|rpc:10.1.0.76:35509|dataStream:|priority:0, ee19ba41-361b-4acc-833e-c4e477a5e66e|rpc:10.1.0.76:33325|dataStream:|priority:1], old=null, confs=<EMPTY_MAP>
2022-10-11 08:14:05,357 [pool-323-thread-1] INFO  server.RaftServerConfigKeys (ConfUtils.java:logGet(46)) - raft.server.storage.dir = [/home/runner/work/ozone/ozone/hadoop-ozone/integration-test/target/test-dir/MiniOzoneClusterImpl-e4d44f2f-a2b5-41e9-856a-44b560c8547e/datanode-1/data/ratis] (custom)
2022-10-11 08:14:05,357 [pool-323-thread-1] INFO  server.RaftServerConfigKeys (ConfUtils.java:logGet(46)) - raft.server.log.corruption.policy = EXCEPTION (default)
2022-10-11 08:14:05,357 [pool-323-thread-1] INFO  server.RaftServerConfigKeys (ConfUtils.java:logGet(46)) - raft.server.storage.free-space.min = 0MB (=0) (default)
2022-10-11 08:14:05,357 [pool-323-thread-1] INFO  storage.RaftStorageDirectory (RaftStorageDirectoryImpl.java:analyzeStorage(135)) - The storage directory /home/runner/work/ozone/ozone/hadoop-ozone/integration-test/target/test-dir/MiniOzoneClusterImpl-e4d44f2f-a2b5-41e9-856a-44b560c8547e/datanode-1/data/ratis/a3e37742-fc53-4626-8353-c5a9db01c0b8 does not exist. Creating ...
2022-10-11 08:14:05,359 [pool-323-thread-1] INFO  storage.RaftStorageDirectory (RaftStorageDirectoryImpl.java:tryLock(230)) - Lock on /home/runner/work/ozone/ozone/hadoop-ozone/integration-test/target/test-dir/MiniOzoneClusterImpl-e4d44f2f-a2b5-41e9-856a-44b560c8547e/datanode-1/data/ratis/a3e37742-fc53-4626-8353-c5a9db01c0b8/in_use.lock acquired by nodename 138003@fv-az208-128
2022-10-11 08:14:05,360 [pool-323-thread-1] INFO  storage.RaftStorage (RaftStorageImpl.java:format(89)) - Storage directory /home/runner/work/ozone/ozone/hadoop-ozone/integration-test/target/test-dir/MiniOzoneClusterImpl-e4d44f2f-a2b5-41e9-856a-44b560c8547e/datanode-1/data/ratis/a3e37742-fc53-4626-8353-c5a9db01c0b8 has been successfully formatted.
2022-10-11 08:14:05,361 [pool-323-thread-1] INFO  ratis.ContainerStateMachine (ContainerStateMachine.java:loadSnapshot(236)) - group-C5A9DB01C0B8: The snapshot info is null. Setting the last applied indexto:(t:0, i:~)
2022-10-11 08:14:05,362 [pool-323-thread-1] INFO  server.RaftServerConfigKeys (ConfUtils.java:logGet(46)) - raft.server.notification.no-leader.timeout = 300s (custom)
2022-10-11 08:14:05,362 [pool-323-thread-1] INFO  server.RaftServerConfigKeys (ConfUtils.java:logGet(46)) - raft.server.log.use.memory = false (default)
2022-10-11 08:14:05,362 [pool-323-thread-1] INFO  server.RaftServerConfigKeys (ConfUtils.java:logGet(46)) - raft.server.log.purge.gap = 1000000 (custom)
2022-10-11 08:14:05,362 [pool-323-thread-1] INFO  server.RaftServerConfigKeys (ConfUtils.java:logGet(46)) - raft.server.log.appender.buffer.byte-limit = 33554432 (custom)
2022-10-11 08:14:05,362 [pool-323-thread-1] INFO  server.RaftServerConfigKeys (ConfUtils.java:logGet(46)) - raft.server.log.statemachine.data.read.timeout = 1000ms (default)
2022-10-11 08:14:05,362 [pool-323-thread-1] INFO  server.RaftServerConfigKeys (ConfUtils.java:logGet(46)) - raft.server.log.segment.size.max = 1048576 (custom)
2022-10-11 08:14:05,363 [pool-323-thread-1] INFO  server.RaftServerConfigKeys (ConfUtils.java:logGet(46)) - raft.server.log.segment.cache.num.max = 2 (custom)
2022-10-11 08:14:05,363 [pool-323-thread-1] INFO  server.RaftServerConfigKeys (ConfUtils.java:logGet(46)) - raft.server.log.segment.cache.size.max = 200MB (=209715200) (default)
2022-10-11 08:14:05,363 [pool-323-thread-1] INFO  segmented.SegmentedRaftLogWorker (SegmentedRaftLogWorker.java:<init>(187)) - new ee19ba41-361b-4acc-833e-c4e477a5e66e@group-C5A9DB01C0B8-SegmentedRaftLogWorker for RaftStorageImpl:Storage Directory /home/runner/work/ozone/ozone/hadoop-ozone/integration-test/target/test-dir/MiniOzoneClusterImpl-e4d44f2f-a2b5-41e9-856a-44b560c8547e/datanode-1/data/ratis/a3e37742-fc53-4626-8353-c5a9db01c0b8
2022-10-11 08:14:05,363 [pool-323-thread-1] INFO  server.RaftServerConfigKeys (ConfUtils.java:logGet(46)) - raft.server.log.queue.byte-limit = 4294967296 (custom)
2022-10-11 08:14:05,363 [pool-323-thread-1] INFO  server.RaftServerConfigKeys (ConfUtils.java:logGet(46)) - raft.server.log.queue.element-limit = 1024 (custom)
2022-10-11 08:14:05,363 [pool-323-thread-1] INFO  server.RaftServerConfigKeys (ConfUtils.java:logGet(46)) - raft.server.log.segment.size.max = 1048576 (custom)
2022-10-11 08:14:05,363 [pool-323-thread-1] INFO  server.RaftServerConfigKeys (ConfUtils.java:logGet(46)) - raft.server.log.preallocated.size = 16384 (custom)
2022-10-11 08:14:05,363 [pool-323-thread-1] INFO  server.RaftServerConfigKeys (ConfUtils.java:logGet(46)) - raft.server.log.force.sync.num = 128 (default)
2022-10-11 08:14:05,363 [pool-323-thread-1] INFO  server.RaftServerConfigKeys (ConfUtils.java:logGet(46)) - raft.server.log.statemachine.data.sync = true (default)
2022-10-11 08:14:05,363 [pool-323-thread-1] INFO  server.RaftServerConfigKeys (ConfUtils.java:logGet(46)) - raft.server.log.statemachine.data.sync.timeout = 10s (default)
2022-10-11 08:14:05,363 [pool-323-thread-1] INFO  server.RaftServerConfigKeys (ConfUtils.java:logGet(46)) - raft.server.log.statemachine.data.sync.timeout.retry = -1 (default)
2022-10-11 08:14:05,364 [pool-323-thread-1] INFO  server.RaftServerConfigKeys (ConfUtils.java:logGet(46)) - raft.server.log.write.buffer.size = 1048576 (custom)
2022-10-11 08:14:05,364 [pool-323-thread-1] INFO  server.RaftServerConfigKeys (ConfUtils.java:logGet(46)) - raft.server.log.unsafe-flush.enabled = false (default)
2022-10-11 08:14:05,364 [pool-323-thread-1] INFO  server.RaftServerConfigKeys (ConfUtils.java:logGet(46)) - raft.server.log.statemachine.data.caching.enabled = true (custom)
2022-10-11 08:14:05,364 [pool-323-thread-1] INFO  segmented.SegmentedRaftLogWorker (SegmentedRaftLogWorker.java:lambda$new$0(135)) - ee19ba41-361b-4acc-833e-c4e477a5e66e@group-C5A9DB01C0B8-SegmentedRaftLogWorker: flushIndex: setUnconditionally 0 -> -1
2022-10-11 08:14:05,364 [pool-323-thread-1] INFO  segmented.SegmentedRaftLogWorker (SegmentedRaftLogWorker.java:lambda$new$0(135)) - ee19ba41-361b-4acc-833e-c4e477a5e66e@group-C5A9DB01C0B8-SegmentedRaftLogWorker: safeCacheEvictIndex: setUnconditionally 0 -> -1
2022-10-11 08:14:05,379 [pool-323-thread-1] INFO  server.RaftServerConfigKeys (ConfUtils.java:logGet(46)) - raft.server.snapshot.auto.trigger.enabled = true (custom)
2022-10-11 08:14:05,379 [pool-323-thread-1] INFO  server.RaftServerConfigKeys (ConfUtils.java:logGet(46)) - raft.server.snapshot.auto.trigger.threshold = 10000 (custom)
2022-10-11 08:14:05,379 [pool-323-thread-1] INFO  server.RaftServerConfigKeys (ConfUtils.java:logGet(46)) - raft.server.snapshot.retention.file.num = 5 (custom)
2022-10-11 08:14:05,379 [pool-323-thread-1] INFO  server.RaftServerConfigKeys (ConfUtils.java:logGet(46)) - raft.server.log.purge.upto.snapshot.index = false (default)
2022-10-11 08:14:05,379 [pool-323-thread-1] INFO  server.RaftServerConfigKeys (ConfUtils.java:logGet(46)) - raft.server.retrycache.expirytime = 600000ms (custom)
2022-10-11 08:14:05,379 [pool-323-thread-1] INFO  server.RaftServerConfigKeys (ConfUtils.java:logGet(46)) - raft.server.retrycache.statistics.expirytime = 100μs (default)
2022-10-11 08:14:05,380 [pool-323-thread-1] INFO  server.RaftServerConfigKeys (ConfUtils.java:logGet(46)) - raft.server.log.appender.install.snapshot.enabled = false (custom)
2022-10-11 08:14:05,381 [pool-323-thread-1] INFO  server.RaftServerConfigKeys (ConfUtils.java:logGet(46)) - raft.server.threadpool.server.cached = true (default)
2022-10-11 08:14:05,381 [pool-323-thread-1] INFO  server.RaftServerConfigKeys (ConfUtils.java:logGet(46)) - raft.server.threadpool.server.size = 0 (default)
2022-10-11 08:14:05,381 [pool-323-thread-1] INFO  server.RaftServerConfigKeys (ConfUtils.java:logGet(46)) - raft.server.threadpool.client.cached = true (default)
2022-10-11 08:14:05,381 [pool-323-thread-1] INFO  server.RaftServerConfigKeys (ConfUtils.java:logGet(46)) - raft.server.threadpool.client.size = 0 (default)
2022-10-11 08:14:05,381 [pool-323-thread-1] INFO  server.RaftServer$Division (RaftServerImpl.java:start(310)) - ee19ba41-361b-4acc-833e-c4e477a5e66e@group-C5A9DB01C0B8: start as a follower, conf=-1: [f7d1a98c-0d33-4cfc-a34e-9915b3815335|rpc:10.1.0.76:40629|dataStream:|priority:0, 372aae33-6f7c-4d6f-ba4c-eadde7effafb|rpc:10.1.0.76:35509|dataStream:|priority:0, ee19ba41-361b-4acc-833e-c4e477a5e66e|rpc:10.1.0.76:33325|dataStream:|priority:1], old=null
2022-10-11 08:14:05,381 [pool-323-thread-1] INFO  server.RaftServer$Division (RaftServerImpl.java:setRole(299)) - ee19ba41-361b-4acc-833e-c4e477a5e66e@group-C5A9DB01C0B8: changes role from      null to FOLLOWER at term 0 for startAsFollower
2022-10-11 08:14:05,381 [pool-323-thread-1] INFO  impl.RoleInfo (RoleInfo.java:updateAndGet(139)) - ee19ba41-361b-4acc-833e-c4e477a5e66e: start ee19ba41-361b-4acc-833e-c4e477a5e66e@group-C5A9DB01C0B8-FollowerState
2022-10-11 08:14:05,399 [pool-323-thread-1] INFO  util.JmxRegister (JmxRegister.java:tryRegister(44)) - Successfully registered JMX Bean with object name Ratis:service=RaftServer,group=group-C5A9DB01C0B8,id=ee19ba41-361b-4acc-833e-c4e477a5e66e
2022-10-11 08:14:05,463 [grpc-default-executor-0] INFO  server.RaftServer (RaftServerProxy.java:addNew(96)) - f7d1a98c-0d33-4cfc-a34e-9915b3815335: addNew group-C5A9DB01C0B8:[f7d1a98c-0d33-4cfc-a34e-9915b3815335|rpc:10.1.0.76:40629|dataStream:|priority:0, 372aae33-6f7c-4d6f-ba4c-eadde7effafb|rpc:10.1.0.76:35509|dataStream:|priority:0, ee19ba41-361b-4acc-833e-c4e477a5e66e|rpc:10.1.0.76:33325|dataStream:|priority:1] returns group-C5A9DB01C0B8:java.util.concurrent.CompletableFuture@5cabe9e8[Not completed]
2022-10-11 08:14:05,463 [pool-346-thread-1] INFO  server.RaftServer$Division (RaftServerImpl.java:<init>(190)) - f7d1a98c-0d33-4cfc-a34e-9915b3815335: new RaftServerImpl for group-C5A9DB01C0B8:[f7d1a98c-0d33-4cfc-a34e-9915b3815335|rpc:10.1.0.76:40629|dataStream:|priority:0, 372aae33-6f7c-4d6f-ba4c-eadde7effafb|rpc:10.1.0.76:35509|dataStream:|priority:0, ee19ba41-361b-4acc-833e-c4e477a5e66e|rpc:10.1.0.76:33325|dataStream:|priority:1] with ContainerStateMachine:uninitialized
2022-10-11 08:14:05,464 [pool-346-thread-1] INFO  server.RaftServerConfigKeys (ConfUtils.java:logGet(46)) - raft.server.rpc.timeout.min = 5s (custom)
2022-10-11 08:14:05,464 [pool-346-thread-1] INFO  server.RaftServerConfigKeys (ConfUtils.java:logGet(46)) - raft.server.rpc.timeout.max = 5200ms (custom)
2022-10-11 08:14:05,464 [pool-346-thread-1] INFO  server.RaftServerConfigKeys (ConfUtils.java:logGet(46)) - raft.server.rpc.sleep.time = 25ms (default)
2022-10-11 08:14:05,464 [pool-346-thread-1] INFO  server.RaftServerConfigKeys (ConfUtils.java:logGet(46)) - raft.server.rpc.slowness.timeout = 300s (custom)
2022-10-11 08:14:05,464 [pool-346-thread-1] INFO  server.RaftServerConfigKeys (ConfUtils.java:logGet(46)) - raft.server.leaderelection.leader.step-down.wait-time = 10s (default)
2022-10-11 08:14:05,464 [pool-346-thread-1] INFO  server.RaftServerConfigKeys (ConfUtils.java:logGet(46)) - raft.server.sleep.deviation.threshold = 300ms (default)
2022-10-11 08:14:05,464 [pool-346-thread-1] INFO  server.RaftServer$Division (ServerState.java:<init>(107)) - f7d1a98c-0d33-4cfc-a34e-9915b3815335@group-C5A9DB01C0B8: ConfigurationManager, init=-1: [f7d1a98c-0d33-4cfc-a34e-9915b3815335|rpc:10.1.0.76:40629|dataStream:|priority:0, 372aae33-6f7c-4d6f-ba4c-eadde7effafb|rpc:10.1.0.76:35509|dataStream:|priority:0, ee19ba41-361b-4acc-833e-c4e477a5e66e|rpc:10.1.0.76:33325|dataStream:|priority:1], old=null, confs=<EMPTY_MAP>
2022-10-11 08:14:05,464 [pool-346-thread-1] INFO  server.RaftServerConfigKeys (ConfUtils.java:logGet(46)) - raft.server.storage.dir = [/home/runner/work/ozone/ozone/hadoop-ozone/integration-test/target/test-dir/MiniOzoneClusterImpl-e4d44f2f-a2b5-41e9-856a-44b560c8547e/datanode-2/data/ratis] (custom)
2022-10-11 08:14:05,464 [pool-346-thread-1] INFO  server.RaftServerConfigKeys (ConfUtils.java:logGet(46)) - raft.server.log.corruption.policy = EXCEPTION (default)
2022-10-11 08:14:05,464 [pool-346-thread-1] INFO  server.RaftServerConfigKeys (ConfUtils.java:logGet(46)) - raft.server.storage.free-space.min = 0MB (=0) (default)
2022-10-11 08:14:05,464 [pool-346-thread-1] INFO  storage.RaftStorageDirectory (RaftStorageDirectoryImpl.java:analyzeStorage(135)) - The storage directory /home/runner/work/ozone/ozone/hadoop-ozone/integration-test/target/test-dir/MiniOzoneClusterImpl-e4d44f2f-a2b5-41e9-856a-44b560c8547e/datanode-2/data/ratis/a3e37742-fc53-4626-8353-c5a9db01c0b8 does not exist. Creating ...
2022-10-11 08:14:05,466 [pool-346-thread-1] INFO  storage.RaftStorageDirectory (RaftStorageDirectoryImpl.java:tryLock(230)) - Lock on /home/runner/work/ozone/ozone/hadoop-ozone/integration-test/target/test-dir/MiniOzoneClusterImpl-e4d44f2f-a2b5-41e9-856a-44b560c8547e/datanode-2/data/ratis/a3e37742-fc53-4626-8353-c5a9db01c0b8/in_use.lock acquired by nodename 138003@fv-az208-128
2022-10-11 08:14:05,467 [pool-346-thread-1] INFO  storage.RaftStorage (RaftStorageImpl.java:format(89)) - Storage directory /home/runner/work/ozone/ozone/hadoop-ozone/integration-test/target/test-dir/MiniOzoneClusterImpl-e4d44f2f-a2b5-41e9-856a-44b560c8547e/datanode-2/data/ratis/a3e37742-fc53-4626-8353-c5a9db01c0b8 has been successfully formatted.
2022-10-11 08:14:05,468 [pool-346-thread-1] INFO  ratis.ContainerStateMachine (ContainerStateMachine.java:loadSnapshot(236)) - group-C5A9DB01C0B8: The snapshot info is null. Setting the last applied indexto:(t:0, i:~)
2022-10-11 08:14:05,468 [pool-346-thread-1] INFO  server.RaftServerConfigKeys (ConfUtils.java:logGet(46)) - raft.server.notification.no-leader.timeout = 300s (custom)
2022-10-11 08:14:05,468 [pool-346-thread-1] INFO  server.RaftServerConfigKeys (ConfUtils.java:logGet(46)) - raft.server.log.use.memory = false (default)
2022-10-11 08:14:05,468 [pool-346-thread-1] INFO  server.RaftServerConfigKeys (ConfUtils.java:logGet(46)) - raft.server.log.purge.gap = 1000000 (custom)
2022-10-11 08:14:05,468 [pool-346-thread-1] INFO  server.RaftServerConfigKeys (ConfUtils.java:logGet(46)) - raft.server.log.appender.buffer.byte-limit = 33554432 (custom)
2022-10-11 08:14:05,468 [pool-346-thread-1] INFO  server.RaftServerConfigKeys (ConfUtils.java:logGet(46)) - raft.server.log.statemachine.data.read.timeout = 1000ms (default)
2022-10-11 08:14:05,468 [pool-346-thread-1] INFO  server.RaftServerConfigKeys (ConfUtils.java:logGet(46)) - raft.server.log.segment.size.max = 1048576 (custom)
2022-10-11 08:14:05,469 [pool-346-thread-1] INFO  server.RaftServerConfigKeys (ConfUtils.java:logGet(46)) - raft.server.log.segment.cache.num.max = 2 (custom)
2022-10-11 08:14:05,469 [pool-346-thread-1] INFO  server.RaftServerConfigKeys (ConfUtils.java:logGet(46)) - raft.server.log.segment.cache.size.max = 200MB (=209715200) (default)
2022-10-11 08:14:05,469 [pool-346-thread-1] INFO  segmented.SegmentedRaftLogWorker (SegmentedRaftLogWorker.java:<init>(187)) - new f7d1a98c-0d33-4cfc-a34e-9915b3815335@group-C5A9DB01C0B8-SegmentedRaftLogWorker for RaftStorageImpl:Storage Directory /home/runner/work/ozone/ozone/hadoop-ozone/integration-test/target/test-dir/MiniOzoneClusterImpl-e4d44f2f-a2b5-41e9-856a-44b560c8547e/datanode-2/data/ratis/a3e37742-fc53-4626-8353-c5a9db01c0b8
2022-10-11 08:14:05,469 [pool-346-thread-1] INFO  server.RaftServerConfigKeys (ConfUtils.java:logGet(46)) - raft.server.log.queue.byte-limit = 4294967296 (custom)
2022-10-11 08:14:05,469 [pool-346-thread-1] INFO  server.RaftServerConfigKeys (ConfUtils.java:logGet(46)) - raft.server.log.queue.element-limit = 1024 (custom)
2022-10-11 08:14:05,469 [pool-346-thread-1] INFO  server.RaftServerConfigKeys (ConfUtils.java:logGet(46)) - raft.server.log.segment.size.max = 1048576 (custom)
2022-10-11 08:14:05,469 [pool-346-thread-1] INFO  server.RaftServerConfigKeys (ConfUtils.java:logGet(46)) - raft.server.log.preallocated.size = 16384 (custom)
2022-10-11 08:14:05,469 [pool-346-thread-1] INFO  server.RaftServerConfigKeys (ConfUtils.java:logGet(46)) - raft.server.log.force.sync.num = 128 (default)
2022-10-11 08:14:05,469 [pool-346-thread-1] INFO  server.RaftServerConfigKeys (ConfUtils.java:logGet(46)) - raft.server.log.statemachine.data.sync = true (default)
2022-10-11 08:14:05,469 [pool-346-thread-1] INFO  server.RaftServerConfigKeys (ConfUtils.java:logGet(46)) - raft.server.log.statemachine.data.sync.timeout = 10s (default)
2022-10-11 08:14:05,469 [pool-346-thread-1] INFO  server.RaftServerConfigKeys (ConfUtils.java:logGet(46)) - raft.server.log.statemachine.data.sync.timeout.retry = -1 (default)
2022-10-11 08:14:05,484 [pool-346-thread-1] INFO  server.RaftServerConfigKeys (ConfUtils.java:logGet(46)) - raft.server.log.write.buffer.size = 1048576 (custom)
2022-10-11 08:14:05,484 [pool-346-thread-1] INFO  server.RaftServerConfigKeys (ConfUtils.java:logGet(46)) - raft.server.log.unsafe-flush.enabled = false (default)
2022-10-11 08:14:05,484 [pool-346-thread-1] INFO  server.RaftServerConfigKeys (ConfUtils.java:logGet(46)) - raft.server.log.statemachine.data.caching.enabled = true (custom)
2022-10-11 08:14:05,485 [pool-346-thread-1] INFO  segmented.SegmentedRaftLogWorker (SegmentedRaftLogWorker.java:lambda$new$0(135)) - f7d1a98c-0d33-4cfc-a34e-9915b3815335@group-C5A9DB01C0B8-SegmentedRaftLogWorker: flushIndex: setUnconditionally 0 -> -1
2022-10-11 08:14:05,485 [pool-346-thread-1] INFO  segmented.SegmentedRaftLogWorker (SegmentedRaftLogWorker.java:lambda$new$0(135)) - f7d1a98c-0d33-4cfc-a34e-9915b3815335@group-C5A9DB01C0B8-SegmentedRaftLogWorker: safeCacheEvictIndex: setUnconditionally 0 -> -1
2022-10-11 08:14:05,498 [pool-346-thread-1] INFO  server.RaftServerConfigKeys (ConfUtils.java:logGet(46)) - raft.server.snapshot.auto.trigger.enabled = true (custom)
2022-10-11 08:14:05,498 [pool-346-thread-1] INFO  server.RaftServerConfigKeys (ConfUtils.java:logGet(46)) - raft.server.snapshot.auto.trigger.threshold = 10000 (custom)
2022-10-11 08:14:05,498 [pool-346-thread-1] INFO  server.RaftServerConfigKeys (ConfUtils.java:logGet(46)) - raft.server.snapshot.retention.file.num = 5 (custom)
2022-10-11 08:14:05,498 [pool-346-thread-1] INFO  server.RaftServerConfigKeys (ConfUtils.java:logGet(46)) - raft.server.log.purge.upto.snapshot.index = false (default)
2022-10-11 08:14:05,498 [pool-346-thread-1] INFO  server.RaftServerConfigKeys (ConfUtils.java:logGet(46)) - raft.server.retrycache.expirytime = 600000ms (custom)
2022-10-11 08:14:05,498 [pool-346-thread-1] INFO  server.RaftServerConfigKeys (ConfUtils.java:logGet(46)) - raft.server.retrycache.statistics.expirytime = 100μs (default)
2022-10-11 08:14:05,499 [pool-346-thread-1] INFO  server.RaftServerConfigKeys (ConfUtils.java:logGet(46)) - raft.server.log.appender.install.snapshot.enabled = false (custom)
2022-10-11 08:14:05,499 [pool-346-thread-1] INFO  server.RaftServerConfigKeys (ConfUtils.java:logGet(46)) - raft.server.threadpool.server.cached = true (default)
2022-10-11 08:14:05,499 [pool-346-thread-1] INFO  server.RaftServerConfigKeys (ConfUtils.java:logGet(46)) - raft.server.threadpool.server.size = 0 (default)
2022-10-11 08:14:05,499 [pool-346-thread-1] INFO  server.RaftServerConfigKeys (ConfUtils.java:logGet(46)) - raft.server.threadpool.client.cached = true (default)
2022-10-11 08:14:05,499 [pool-346-thread-1] INFO  server.RaftServerConfigKeys (ConfUtils.java:logGet(46)) - raft.server.threadpool.client.size = 0 (default)
2022-10-11 08:14:05,499 [pool-346-thread-1] INFO  server.RaftServer$Division (RaftServerImpl.java:start(310)) - f7d1a98c-0d33-4cfc-a34e-9915b3815335@group-C5A9DB01C0B8: start as a follower, conf=-1: [f7d1a98c-0d33-4cfc-a34e-9915b3815335|rpc:10.1.0.76:40629|dataStream:|priority:0, 372aae33-6f7c-4d6f-ba4c-eadde7effafb|rpc:10.1.0.76:35509|dataStream:|priority:0, ee19ba41-361b-4acc-833e-c4e477a5e66e|rpc:10.1.0.76:33325|dataStream:|priority:1], old=null
2022-10-11 08:14:05,499 [pool-346-thread-1] INFO  server.RaftServer$Division (RaftServerImpl.java:setRole(299)) - f7d1a98c-0d33-4cfc-a34e-9915b3815335@group-C5A9DB01C0B8: changes role from      null to FOLLOWER at term 0 for startAsFollower
2022-10-11 08:14:05,499 [pool-346-thread-1] INFO  impl.RoleInfo (RoleInfo.java:updateAndGet(139)) - f7d1a98c-0d33-4cfc-a34e-9915b3815335: start f7d1a98c-0d33-4cfc-a34e-9915b3815335@group-C5A9DB01C0B8-FollowerState
2022-10-11 08:14:05,510 [pool-346-thread-1] INFO  util.JmxRegister (JmxRegister.java:tryRegister(44)) - Successfully registered JMX Bean with object name Ratis:service=RaftServer,group=group-C5A9DB01C0B8,id=f7d1a98c-0d33-4cfc-a34e-9915b3815335
2022-10-11 08:14:05,519 [Command processor thread] INFO  commandhandler.CreatePipelineCommandHandler (CreatePipelineCommandHandler.java:handle(113)) - Created Pipeline RATIS THREE PipelineID=a3e37742-fc53-4626-8353-c5a9db01c0b8.
2022-10-11 08:14:05,536 [Listener at 127.0.0.1/40309] INFO  ozone.MiniOzoneClusterImpl (MiniOzoneClusterImpl.java:lambda$waitForClusterToBeReady$0(216)) - Nodes are ready. Got 5 of 5 DN Heartbeats.
2022-10-11 08:14:05,537 [Listener at 127.0.0.1/40309] INFO  ozone.MiniOzoneClusterImpl (MiniOzoneClusterImpl.java:lambda$waitForClusterToBeReady$0(219)) - Waiting for cluster to exit safe mode
2022-10-11 08:14:05,537 [Listener at 127.0.0.1/40309] INFO  ozone.MiniOzoneClusterImpl (MiniOzoneClusterImpl.java:lambda$waitForClusterToBeReady$0(221)) - SCM became leader
2022-10-11 08:14:05,584 [Command processor thread] INFO  server.RaftServer (RaftServerProxy.java:addNew(96)) - ee19ba41-361b-4acc-833e-c4e477a5e66e: addNew group-E9E0C1525DB4:[ee19ba41-361b-4acc-833e-c4e477a5e66e|rpc:10.1.0.76:33325|priority:1] returns group-E9E0C1525DB4:java.util.concurrent.CompletableFuture@efc981[Not completed]
2022-10-11 08:14:05,585 [pool-323-thread-1] INFO  server.RaftServer$Division (RaftServerImpl.java:<init>(190)) - ee19ba41-361b-4acc-833e-c4e477a5e66e: new RaftServerImpl for group-E9E0C1525DB4:[ee19ba41-361b-4acc-833e-c4e477a5e66e|rpc:10.1.0.76:33325|priority:1] with ContainerStateMachine:uninitialized
2022-10-11 08:14:05,585 [pool-323-thread-1] INFO  server.RaftServerConfigKeys (ConfUtils.java:logGet(46)) - raft.server.rpc.timeout.min = 5s (custom)
2022-10-11 08:14:05,585 [pool-323-thread-1] INFO  server.RaftServerConfigKeys (ConfUtils.java:logGet(46)) - raft.server.rpc.timeout.max = 5200ms (custom)
2022-10-11 08:14:05,585 [pool-323-thread-1] INFO  server.RaftServerConfigKeys (ConfUtils.java:logGet(46)) - raft.server.rpc.sleep.time = 25ms (default)
2022-10-11 08:14:05,585 [pool-323-thread-1] INFO  server.RaftServerConfigKeys (ConfUtils.java:logGet(46)) - raft.server.rpc.slowness.timeout = 300s (custom)
2022-10-11 08:14:05,585 [pool-323-thread-1] INFO  server.RaftServerConfigKeys (ConfUtils.java:logGet(46)) - raft.server.leaderelection.leader.step-down.wait-time = 10s (default)
2022-10-11 08:14:05,585 [pool-323-thread-1] INFO  server.RaftServerConfigKeys (ConfUtils.java:logGet(46)) - raft.server.sleep.deviation.threshold = 300ms (default)
2022-10-11 08:14:05,585 [pool-323-thread-1] INFO  server.RaftServer$Division (ServerState.java:<init>(107)) - ee19ba41-361b-4acc-833e-c4e477a5e66e@group-E9E0C1525DB4: ConfigurationManager, init=-1: [ee19ba41-361b-4acc-833e-c4e477a5e66e|rpc:10.1.0.76:33325|priority:1], old=null, confs=<EMPTY_MAP>
2022-10-11 08:14:05,585 [pool-323-thread-1] INFO  server.RaftServerConfigKeys (ConfUtils.java:logGet(46)) - raft.server.storage.dir = [/home/runner/work/ozone/ozone/hadoop-ozone/integration-test/target/test-dir/MiniOzoneClusterImpl-e4d44f2f-a2b5-41e9-856a-44b560c8547e/datanode-1/data/ratis] (custom)
2022-10-11 08:14:05,585 [pool-323-thread-1] INFO  server.RaftServerConfigKeys (ConfUtils.java:logGet(46)) - raft.server.log.corruption.policy = EXCEPTION (default)
2022-10-11 08:14:05,585 [pool-323-thread-1] INFO  server.RaftServerConfigKeys (ConfUtils.java:logGet(46)) - raft.server.storage.free-space.min = 0MB (=0) (default)
2022-10-11 08:14:05,585 [pool-323-thread-1] INFO  storage.RaftStorageDirectory (RaftStorageDirectoryImpl.java:analyzeStorage(135)) - The storage directory /home/runner/work/ozone/ozone/hadoop-ozone/integration-test/target/test-dir/MiniOzoneClusterImpl-e4d44f2f-a2b5-41e9-856a-44b560c8547e/datanode-1/data/ratis/980faea7-b1d1-42ae-bb0c-e9e0c1525db4 does not exist. Creating ...
2022-10-11 08:14:05,587 [pool-323-thread-1] INFO  storage.RaftStorageDirectory (RaftStorageDirectoryImpl.java:tryLock(230)) - Lock on /home/runner/work/ozone/ozone/hadoop-ozone/integration-test/target/test-dir/MiniOzoneClusterImpl-e4d44f2f-a2b5-41e9-856a-44b560c8547e/datanode-1/data/ratis/980faea7-b1d1-42ae-bb0c-e9e0c1525db4/in_use.lock acquired by nodename 138003@fv-az208-128
2022-10-11 08:14:05,588 [pool-323-thread-1] INFO  storage.RaftStorage (RaftStorageImpl.java:format(89)) - Storage directory /home/runner/work/ozone/ozone/hadoop-ozone/integration-test/target/test-dir/MiniOzoneClusterImpl-e4d44f2f-a2b5-41e9-856a-44b560c8547e/datanode-1/data/ratis/980faea7-b1d1-42ae-bb0c-e9e0c1525db4 has been successfully formatted.
2022-10-11 08:14:05,588 [pool-323-thread-1] INFO  ratis.ContainerStateMachine (ContainerStateMachine.java:loadSnapshot(236)) - group-E9E0C1525DB4: The snapshot info is null. Setting the last applied indexto:(t:0, i:~)
2022-10-11 08:14:05,589 [pool-323-thread-1] INFO  server.RaftServerConfigKeys (ConfUtils.java:logGet(46)) - raft.server.notification.no-leader.timeout = 300s (custom)
2022-10-11 08:14:05,589 [pool-323-thread-1] INFO  server.RaftServerConfigKeys (ConfUtils.java:logGet(46)) - raft.server.log.use.memory = false (default)
2022-10-11 08:14:05,589 [pool-323-thread-1] INFO  server.RaftServerConfigKeys (ConfUtils.java:logGet(46)) - raft.server.log.purge.gap = 1000000 (custom)
2022-10-11 08:14:05,589 [pool-323-thread-1] INFO  server.RaftServerConfigKeys (ConfUtils.java:logGet(46)) - raft.server.log.appender.buffer.byte-limit = 33554432 (custom)
2022-10-11 08:14:05,589 [pool-323-thread-1] INFO  server.RaftServerConfigKeys (ConfUtils.java:logGet(46)) - raft.server.log.statemachine.data.read.timeout = 1000ms (default)
2022-10-11 08:14:05,589 [pool-323-thread-1] INFO  server.RaftServerConfigKeys (ConfUtils.java:logGet(46)) - raft.server.log.segment.size.max = 1048576 (custom)
2022-10-11 08:14:05,590 [EventQueue-PipelineReportForPipelineReportHandler] INFO  pipeline.PipelineManagerImpl (PipelineManagerImpl.java:openPipeline(367)) - Pipeline Pipeline[ Id: 980faea7-b1d1-42ae-bb0c-e9e0c1525db4, Nodes: ee19ba41-361b-4acc-833e-c4e477a5e66e{ip: 10.1.0.76, host: fv-az208-128.kmgg0fu2myoezeajip4j0sfi3d.cx.internal.cloudapp.net, ports: [REPLICATION=46179, RATIS=33325, RATIS_ADMIN=33325, RATIS_SERVER=33325, STANDALONE=41691], networkLocation: /default-rack, certSerialId: null, persistedOpState: IN_SERVICE, persistedOpStateExpiryEpochSec: 0}, ReplicationConfig: RATIS/ONE, State:ALLOCATED, leaderId:ee19ba41-361b-4acc-833e-c4e477a5e66e, CreationTimestamp2022-10-11T08:14:02.588Z[Etc/UTC]] moved to OPEN state
2022-10-11 08:14:05,591 [EventQueue-OpenPipelineForHealthyPipelineSafeModeRule] INFO  safemode.SCMSafeModeManager (HealthyPipelineSafeModeRule.java:process(137)) - SCM in safe mode. Healthy pipelines reported count is 0, required healthy pipeline reported count is 1
2022-10-11 08:14:05,598 [pool-323-thread-1] INFO  server.RaftServerConfigKeys (ConfUtils.java:logGet(46)) - raft.server.log.segment.cache.num.max = 2 (custom)
2022-10-11 08:14:05,599 [pool-323-thread-1] INFO  server.RaftServerConfigKeys (ConfUtils.java:logGet(46)) - raft.server.log.segment.cache.size.max = 200MB (=209715200) (default)
2022-10-11 08:14:05,599 [pool-323-thread-1] INFO  segmented.SegmentedRaftLogWorker (SegmentedRaftLogWorker.java:<init>(187)) - new ee19ba41-361b-4acc-833e-c4e477a5e66e@group-E9E0C1525DB4-SegmentedRaftLogWorker for RaftStorageImpl:Storage Directory /home/runner/work/ozone/ozone/hadoop-ozone/integration-test/target/test-dir/MiniOzoneClusterImpl-e4d44f2f-a2b5-41e9-856a-44b560c8547e/datanode-1/data/ratis/980faea7-b1d1-42ae-bb0c-e9e0c1525db4
2022-10-11 08:14:05,599 [pool-323-thread-1] INFO  server.RaftServerConfigKeys (ConfUtils.java:logGet(46)) - raft.server.log.queue.byte-limit = 4294967296 (custom)
2022-10-11 08:14:05,599 [pool-323-thread-1] INFO  server.RaftServerConfigKeys (ConfUtils.java:logGet(46)) - raft.server.log.queue.element-limit = 1024 (custom)
2022-10-11 08:14:05,599 [pool-323-thread-1] INFO  server.RaftServerConfigKeys (ConfUtils.java:logGet(46)) - raft.server.log.segment.size.max = 1048576 (custom)
2022-10-11 08:14:05,599 [pool-323-thread-1] INFO  server.RaftServerConfigKeys (ConfUtils.java:logGet(46)) - raft.server.log.preallocated.size = 16384 (custom)
2022-10-11 08:14:05,599 [pool-323-thread-1] INFO  server.RaftServerConfigKeys (ConfUtils.java:logGet(46)) - raft.server.log.force.sync.num = 128 (default)
2022-10-11 08:14:05,599 [pool-323-thread-1] INFO  server.RaftServerConfigKeys (ConfUtils.java:logGet(46)) - raft.server.log.statemachine.data.sync = true (default)
2022-10-11 08:14:05,599 [pool-323-thread-1] INFO  server.RaftServerConfigKeys (ConfUtils.java:logGet(46)) - raft.server.log.statemachine.data.sync.timeout = 10s (default)
2022-10-11 08:14:05,600 [pool-323-thread-1] INFO  server.RaftServerConfigKeys (ConfUtils.java:logGet(46)) - raft.server.log.statemachine.data.sync.timeout.retry = -1 (default)
2022-10-11 08:14:05,601 [pool-323-thread-1] INFO  server.RaftServerConfigKeys (ConfUtils.java:logGet(46)) - raft.server.log.write.buffer.size = 1048576 (custom)
2022-10-11 08:14:05,601 [pool-323-thread-1] INFO  server.RaftServerConfigKeys (ConfUtils.java:logGet(46)) - raft.server.log.unsafe-flush.enabled = false (default)
2022-10-11 08:14:05,601 [pool-323-thread-1] INFO  server.RaftServerConfigKeys (ConfUtils.java:logGet(46)) - raft.server.log.statemachine.data.caching.enabled = true (custom)
2022-10-11 08:14:05,601 [pool-323-thread-1] INFO  segmented.SegmentedRaftLogWorker (SegmentedRaftLogWorker.java:lambda$new$0(135)) - ee19ba41-361b-4acc-833e-c4e477a5e66e@group-E9E0C1525DB4-SegmentedRaftLogWorker: flushIndex: setUnconditionally 0 -> -1
2022-10-11 08:14:05,601 [pool-323-thread-1] INFO  segmented.SegmentedRaftLogWorker (SegmentedRaftLogWorker.java:lambda$new$0(135)) - ee19ba41-361b-4acc-833e-c4e477a5e66e@group-E9E0C1525DB4-SegmentedRaftLogWorker: safeCacheEvictIndex: setUnconditionally 0 -> -1
2022-10-11 08:14:05,610 [pool-323-thread-1] INFO  server.RaftServerConfigKeys (ConfUtils.java:logGet(46)) - raft.server.snapshot.auto.trigger.enabled = true (custom)
2022-10-11 08:14:05,615 [pool-323-thread-1] INFO  server.RaftServerConfigKeys (ConfUtils.java:logGet(46)) - raft.server.snapshot.auto.trigger.threshold = 10000 (custom)
2022-10-11 08:14:05,615 [pool-323-thread-1] INFO  server.RaftServerConfigKeys (ConfUtils.java:logGet(46)) - raft.server.snapshot.retention.file.num = 5 (custom)
2022-10-11 08:14:05,615 [pool-323-thread-1] INFO  server.RaftServerConfigKeys (ConfUtils.java:logGet(46)) - raft.server.log.purge.upto.snapshot.index = false (default)
2022-10-11 08:14:05,615 [pool-323-thread-1] INFO  server.RaftServerConfigKeys (ConfUtils.java:logGet(46)) - raft.server.retrycache.expirytime = 600000ms (custom)
2022-10-11 08:14:05,615 [pool-323-thread-1] INFO  server.RaftServerConfigKeys (ConfUtils.java:logGet(46)) - raft.server.retrycache.statistics.expirytime = 100μs (default)
2022-10-11 08:14:05,616 [pool-323-thread-1] INFO  server.RaftServerConfigKeys (ConfUtils.java:logGet(46)) - raft.server.log.appender.install.snapshot.enabled = false (custom)
2022-10-11 08:14:05,616 [pool-323-thread-1] INFO  server.RaftServerConfigKeys (ConfUtils.java:logGet(46)) - raft.server.threadpool.server.cached = true (default)
2022-10-11 08:14:05,616 [pool-323-thread-1] INFO  server.RaftServerConfigKeys (ConfUtils.java:logGet(46)) - raft.server.threadpool.server.size = 0 (default)
2022-10-11 08:14:05,616 [pool-323-thread-1] INFO  server.RaftServerConfigKeys (ConfUtils.java:logGet(46)) - raft.server.threadpool.client.cached = true (default)
2022-10-11 08:14:05,616 [pool-323-thread-1] INFO  server.RaftServerConfigKeys (ConfUtils.java:logGet(46)) - raft.server.threadpool.client.size = 0 (default)
2022-10-11 08:14:05,616 [pool-323-thread-1] INFO  server.RaftServer$Division (RaftServerImpl.java:start(310)) - ee19ba41-361b-4acc-833e-c4e477a5e66e@group-E9E0C1525DB4: start as a follower, conf=-1: [ee19ba41-361b-4acc-833e-c4e477a5e66e|rpc:10.1.0.76:33325|priority:1], old=null
2022-10-11 08:14:05,616 [pool-323-thread-1] INFO  server.RaftServer$Division (RaftServerImpl.java:setRole(299)) - ee19ba41-361b-4acc-833e-c4e477a5e66e@group-E9E0C1525DB4: changes role from      null to FOLLOWER at term 0 for startAsFollower
2022-10-11 08:14:05,616 [pool-323-thread-1] INFO  impl.RoleInfo (RoleInfo.java:updateAndGet(139)) - ee19ba41-361b-4acc-833e-c4e477a5e66e: start ee19ba41-361b-4acc-833e-c4e477a5e66e@group-E9E0C1525DB4-FollowerState
2022-10-11 08:14:05,637 [pool-323-thread-1] INFO  util.JmxRegister (JmxRegister.java:tryRegister(44)) - Successfully registered JMX Bean with object name Ratis:service=RaftServer,group=group-E9E0C1525DB4,id=ee19ba41-361b-4acc-833e-c4e477a5e66e
2022-10-11 08:14:05,650 [Command processor thread] INFO  ratis.XceiverServerRatis (XceiverServerRatis.java:addGroup(765)) - Created group PipelineID=980faea7-b1d1-42ae-bb0c-e9e0c1525db4
2022-10-11 08:14:05,650 [Command processor thread] INFO  commandhandler.CreatePipelineCommandHandler (CreatePipelineCommandHandler.java:handle(113)) - Created Pipeline RATIS ONE PipelineID=980faea7-b1d1-42ae-bb0c-e9e0c1525db4.
2022-10-11 08:14:06,242 [Command processor thread] INFO  server.RaftServer (RaftServerProxy.java:addNew(96)) - f7d1a98c-0d33-4cfc-a34e-9915b3815335: addNew group-DC5F4DAE86C9:[f7d1a98c-0d33-4cfc-a34e-9915b3815335|rpc:10.1.0.76:40629|priority:1] returns group-DC5F4DAE86C9:java.util.concurrent.CompletableFuture@6e21ea65[Not completed]
2022-10-11 08:14:06,243 [pool-346-thread-1] INFO  server.RaftServer$Division (RaftServerImpl.java:<init>(190)) - f7d1a98c-0d33-4cfc-a34e-9915b3815335: new RaftServerImpl for group-DC5F4DAE86C9:[f7d1a98c-0d33-4cfc-a34e-9915b3815335|rpc:10.1.0.76:40629|priority:1] with ContainerStateMachine:uninitialized
2022-10-11 08:14:06,244 [pool-346-thread-1] INFO  server.RaftServerConfigKeys (ConfUtils.java:logGet(46)) - raft.server.rpc.timeout.min = 5s (custom)
2022-10-11 08:14:06,244 [pool-346-thread-1] INFO  server.RaftServerConfigKeys (ConfUtils.java:logGet(46)) - raft.server.rpc.timeout.max = 5200ms (custom)
2022-10-11 08:14:06,244 [pool-346-thread-1] INFO  server.RaftServerConfigKeys (ConfUtils.java:logGet(46)) - raft.server.rpc.sleep.time = 25ms (default)
2022-10-11 08:14:06,244 [pool-346-thread-1] INFO  server.RaftServerConfigKeys (ConfUtils.java:logGet(46)) - raft.server.rpc.slowness.timeout = 300s (custom)
2022-10-11 08:14:06,244 [pool-346-thread-1] INFO  server.RaftServerConfigKeys (ConfUtils.java:logGet(46)) - raft.server.leaderelection.leader.step-down.wait-time = 10s (default)
2022-10-11 08:14:06,244 [pool-346-thread-1] INFO  server.RaftServerConfigKeys (ConfUtils.java:logGet(46)) - raft.server.sleep.deviation.threshold = 300ms (default)
2022-10-11 08:14:06,244 [pool-346-thread-1] INFO  server.RaftServer$Division (ServerState.java:<init>(107)) - f7d1a98c-0d33-4cfc-a34e-9915b3815335@group-DC5F4DAE86C9: ConfigurationManager, init=-1: [f7d1a98c-0d33-4cfc-a34e-9915b3815335|rpc:10.1.0.76:40629|priority:1], old=null, confs=<EMPTY_MAP>
2022-10-11 08:14:06,244 [pool-346-thread-1] INFO  server.RaftServerConfigKeys (ConfUtils.java:logGet(46)) - raft.server.storage.dir = [/home/runner/work/ozone/ozone/hadoop-ozone/integration-test/target/test-dir/MiniOzoneClusterImpl-e4d44f2f-a2b5-41e9-856a-44b560c8547e/datanode-2/data/ratis] (custom)
2022-10-11 08:14:06,244 [pool-346-thread-1] INFO  server.RaftServerConfigKeys (ConfUtils.java:logGet(46)) - raft.server.log.corruption.policy = EXCEPTION (default)
2022-10-11 08:14:06,244 [pool-346-thread-1] INFO  server.RaftServerConfigKeys (ConfUtils.java:logGet(46)) - raft.server.storage.free-space.min = 0MB (=0) (default)
2022-10-11 08:14:06,244 [pool-346-thread-1] INFO  storage.RaftStorageDirectory (RaftStorageDirectoryImpl.java:analyzeStorage(135)) - The storage directory /home/runner/work/ozone/ozone/hadoop-ozone/integration-test/target/test-dir/MiniOzoneClusterImpl-e4d44f2f-a2b5-41e9-856a-44b560c8547e/datanode-2/data/ratis/31be5f59-98e8-4c46-942a-dc5f4dae86c9 does not exist. Creating ...
2022-10-11 08:14:06,246 [pool-346-thread-1] INFO  storage.RaftStorageDirectory (RaftStorageDirectoryImpl.java:tryLock(230)) - Lock on /home/runner/work/ozone/ozone/hadoop-ozone/integration-test/target/test-dir/MiniOzoneClusterImpl-e4d44f2f-a2b5-41e9-856a-44b560c8547e/datanode-2/data/ratis/31be5f59-98e8-4c46-942a-dc5f4dae86c9/in_use.lock acquired by nodename 138003@fv-az208-128
2022-10-11 08:14:06,248 [pool-346-thread-1] INFO  storage.RaftStorage (RaftStorageImpl.java:format(89)) - Storage directory /home/runner/work/ozone/ozone/hadoop-ozone/integration-test/target/test-dir/MiniOzoneClusterImpl-e4d44f2f-a2b5-41e9-856a-44b560c8547e/datanode-2/data/ratis/31be5f59-98e8-4c46-942a-dc5f4dae86c9 has been successfully formatted.
2022-10-11 08:14:06,248 [pool-346-thread-1] INFO  ratis.ContainerStateMachine (ContainerStateMachine.java:loadSnapshot(236)) - group-DC5F4DAE86C9: The snapshot info is null. Setting the last applied indexto:(t:0, i:~)
2022-10-11 08:14:06,249 [pool-346-thread-1] INFO  server.RaftServerConfigKeys (ConfUtils.java:logGet(46)) - raft.server.notification.no-leader.timeout = 300s (custom)
2022-10-11 08:14:06,249 [pool-346-thread-1] INFO  server.RaftServerConfigKeys (ConfUtils.java:logGet(46)) - raft.server.log.use.memory = false (default)
2022-10-11 08:14:06,249 [EventQueue-PipelineReportForPipelineReportHandler] INFO  pipeline.PipelineManagerImpl (PipelineManagerImpl.java:openPipeline(367)) - Pipeline Pipeline[ Id: 31be5f59-98e8-4c46-942a-dc5f4dae86c9, Nodes: f7d1a98c-0d33-4cfc-a34e-9915b3815335{ip: 10.1.0.76, host: fv-az208-128.kmgg0fu2myoezeajip4j0sfi3d.cx.internal.cloudapp.net, ports: [REPLICATION=35597, RATIS=40629, RATIS_ADMIN=40629, RATIS_SERVER=40629, STANDALONE=35101], networkLocation: /default-rack, certSerialId: null, persistedOpState: IN_SERVICE, persistedOpStateExpiryEpochSec: 0}, ReplicationConfig: RATIS/ONE, State:ALLOCATED, leaderId:f7d1a98c-0d33-4cfc-a34e-9915b3815335, CreationTimestamp2022-10-11T08:14:03.251Z[Etc/UTC]] moved to OPEN state
2022-10-11 08:14:06,249 [EventQueue-OpenPipelineForHealthyPipelineSafeModeRule] INFO  safemode.SCMSafeModeManager (HealthyPipelineSafeModeRule.java:process(137)) - SCM in safe mode. Healthy pipelines reported count is 0, required healthy pipeline reported count is 1
2022-10-11 08:14:06,250 [pool-346-thread-1] INFO  server.RaftServerConfigKeys (ConfUtils.java:logGet(46)) - raft.server.log.purge.gap = 1000000 (custom)
2022-10-11 08:14:06,254 [pool-346-thread-1] INFO  server.RaftServerConfigKeys (ConfUtils.java:logGet(46)) - raft.server.log.appender.buffer.byte-limit = 33554432 (custom)
2022-10-11 08:14:06,254 [pool-346-thread-1] INFO  server.RaftServerConfigKeys (ConfUtils.java:logGet(46)) - raft.server.log.statemachine.data.read.timeout = 1000ms (default)
2022-10-11 08:14:06,255 [pool-346-thread-1] INFO  server.RaftServerConfigKeys (ConfUtils.java:logGet(46)) - raft.server.log.segment.size.max = 1048576 (custom)
2022-10-11 08:14:06,255 [pool-346-thread-1] INFO  server.RaftServerConfigKeys (ConfUtils.java:logGet(46)) - raft.server.log.segment.cache.num.max = 2 (custom)
2022-10-11 08:14:06,255 [pool-346-thread-1] INFO  server.RaftServerConfigKeys (ConfUtils.java:logGet(46)) - raft.server.log.segment.cache.size.max = 200MB (=209715200) (default)
2022-10-11 08:14:06,255 [pool-346-thread-1] INFO  segmented.SegmentedRaftLogWorker (SegmentedRaftLogWorker.java:<init>(187)) - new f7d1a98c-0d33-4cfc-a34e-9915b3815335@group-DC5F4DAE86C9-SegmentedRaftLogWorker for RaftStorageImpl:Storage Directory /home/runner/work/ozone/ozone/hadoop-ozone/integration-test/target/test-dir/MiniOzoneClusterImpl-e4d44f2f-a2b5-41e9-856a-44b560c8547e/datanode-2/data/ratis/31be5f59-98e8-4c46-942a-dc5f4dae86c9
2022-10-11 08:14:06,257 [pool-346-thread-1] INFO  server.RaftServerConfigKeys (ConfUtils.java:logGet(46)) - raft.server.log.queue.byte-limit = 4294967296 (custom)
2022-10-11 08:14:06,257 [pool-346-thread-1] INFO  server.RaftServerConfigKeys (ConfUtils.java:logGet(46)) - raft.server.log.queue.element-limit = 1024 (custom)
2022-10-11 08:14:06,257 [pool-346-thread-1] INFO  server.RaftServerConfigKeys (ConfUtils.java:logGet(46)) - raft.server.log.segment.size.max = 1048576 (custom)
2022-10-11 08:14:06,257 [pool-346-thread-1] INFO  server.RaftServerConfigKeys (ConfUtils.java:logGet(46)) - raft.server.log.preallocated.size = 16384 (custom)
2022-10-11 08:14:06,257 [pool-346-thread-1] INFO  server.RaftServerConfigKeys (ConfUtils.java:logGet(46)) - raft.server.log.force.sync.num = 128 (default)
2022-10-11 08:14:06,257 [pool-346-thread-1] INFO  server.RaftServerConfigKeys (ConfUtils.java:logGet(46)) - raft.server.log.statemachine.data.sync = true (default)
2022-10-11 08:14:06,257 [pool-346-thread-1] INFO  server.RaftServerConfigKeys (ConfUtils.java:logGet(46)) - raft.server.log.statemachine.data.sync.timeout = 10s (default)
2022-10-11 08:14:06,257 [pool-346-thread-1] INFO  server.RaftServerConfigKeys (ConfUtils.java:logGet(46)) - raft.server.log.statemachine.data.sync.timeout.retry = -1 (default)
2022-10-11 08:14:06,258 [pool-346-thread-1] INFO  server.RaftServerConfigKeys (ConfUtils.java:logGet(46)) - raft.server.log.write.buffer.size = 1048576 (custom)
2022-10-11 08:14:06,266 [pool-346-thread-1] INFO  server.RaftServerConfigKeys (ConfUtils.java:logGet(46)) - raft.server.log.unsafe-flush.enabled = false (default)
2022-10-11 08:14:06,267 [pool-346-thread-1] INFO  server.RaftServerConfigKeys (ConfUtils.java:logGet(46)) - raft.server.log.statemachine.data.caching.enabled = true (custom)
2022-10-11 08:14:06,267 [pool-346-thread-1] INFO  segmented.SegmentedRaftLogWorker (SegmentedRaftLogWorker.java:lambda$new$0(135)) - f7d1a98c-0d33-4cfc-a34e-9915b3815335@group-DC5F4DAE86C9-SegmentedRaftLogWorker: flushIndex: setUnconditionally 0 -> -1
2022-10-11 08:14:06,267 [pool-346-thread-1] INFO  segmented.SegmentedRaftLogWorker (SegmentedRaftLogWorker.java:lambda$new$0(135)) - f7d1a98c-0d33-4cfc-a34e-9915b3815335@group-DC5F4DAE86C9-SegmentedRaftLogWorker: safeCacheEvictIndex: setUnconditionally 0 -> -1
2022-10-11 08:14:06,287 [pool-346-thread-1] INFO  server.RaftServerConfigKeys (ConfUtils.java:logGet(46)) - raft.server.snapshot.auto.trigger.enabled = true (custom)
2022-10-11 08:14:06,287 [pool-346-thread-1] INFO  server.RaftServerConfigKeys (ConfUtils.java:logGet(46)) - raft.server.snapshot.auto.trigger.threshold = 10000 (custom)
2022-10-11 08:14:06,287 [pool-346-thread-1] INFO  server.RaftServerConfigKeys (ConfUtils.java:logGet(46)) - raft.server.snapshot.retention.file.num = 5 (custom)
2022-10-11 08:14:06,287 [pool-346-thread-1] INFO  server.RaftServerConfigKeys (ConfUtils.java:logGet(46)) - raft.server.log.purge.upto.snapshot.index = false (default)
2022-10-11 08:14:06,287 [pool-346-thread-1] INFO  server.RaftServerConfigKeys (ConfUtils.java:logGet(46)) - raft.server.retrycache.expirytime = 600000ms (custom)
2022-10-11 08:14:06,287 [pool-346-thread-1] INFO  server.RaftServerConfigKeys (ConfUtils.java:logGet(46)) - raft.server.retrycache.statistics.expirytime = 100μs (default)
2022-10-11 08:14:06,288 [pool-346-thread-1] INFO  server.RaftServerConfigKeys (ConfUtils.java:logGet(46)) - raft.server.log.appender.install.snapshot.enabled = false (custom)
2022-10-11 08:14:06,288 [pool-346-thread-1] INFO  server.RaftServerConfigKeys (ConfUtils.java:logGet(46)) - raft.server.threadpool.server.cached = true (default)
2022-10-11 08:14:06,288 [pool-346-thread-1] INFO  server.RaftServerConfigKeys (ConfUtils.java:logGet(46)) - raft.server.threadpool.server.size = 0 (default)
2022-10-11 08:14:06,288 [pool-346-thread-1] INFO  server.RaftServerConfigKeys (ConfUtils.java:logGet(46)) - raft.server.threadpool.client.cached = true (default)
2022-10-11 08:14:06,288 [pool-346-thread-1] INFO  server.RaftServerConfigKeys (ConfUtils.java:logGet(46)) - raft.server.threadpool.client.size = 0 (default)
2022-10-11 08:14:06,288 [pool-346-thread-1] INFO  server.RaftServer$Division (RaftServerImpl.java:start(310)) - f7d1a98c-0d33-4cfc-a34e-9915b3815335@group-DC5F4DAE86C9: start as a follower, conf=-1: [f7d1a98c-0d33-4cfc-a34e-9915b3815335|rpc:10.1.0.76:40629|priority:1], old=null
2022-10-11 08:14:06,288 [pool-346-thread-1] INFO  server.RaftServer$Division (RaftServerImpl.java:setRole(299)) - f7d1a98c-0d33-4cfc-a34e-9915b3815335@group-DC5F4DAE86C9: changes role from      null to FOLLOWER at term 0 for startAsFollower
2022-10-11 08:14:06,288 [pool-346-thread-1] INFO  impl.RoleInfo (RoleInfo.java:updateAndGet(139)) - f7d1a98c-0d33-4cfc-a34e-9915b3815335: start f7d1a98c-0d33-4cfc-a34e-9915b3815335@group-DC5F4DAE86C9-FollowerState
2022-10-11 08:14:06,302 [pool-346-thread-1] INFO  util.JmxRegister (JmxRegister.java:tryRegister(44)) - Successfully registered JMX Bean with object name Ratis:service=RaftServer,group=group-DC5F4DAE86C9,id=f7d1a98c-0d33-4cfc-a34e-9915b3815335
2022-10-11 08:14:06,306 [Command processor thread] INFO  ratis.XceiverServerRatis (XceiverServerRatis.java:addGroup(765)) - Created group PipelineID=31be5f59-98e8-4c46-942a-dc5f4dae86c9
2022-10-11 08:14:06,306 [Command processor thread] INFO  commandhandler.CreatePipelineCommandHandler (CreatePipelineCommandHandler.java:handle(113)) - Created Pipeline RATIS ONE PipelineID=31be5f59-98e8-4c46-942a-dc5f4dae86c9.
2022-10-11 08:14:06,537 [Listener at 127.0.0.1/40309] INFO  ozone.MiniOzoneClusterImpl (MiniOzoneClusterImpl.java:lambda$waitForClusterToBeReady$0(216)) - Nodes are ready. Got 5 of 5 DN Heartbeats.
2022-10-11 08:14:06,537 [Listener at 127.0.0.1/40309] INFO  ozone.MiniOzoneClusterImpl (MiniOzoneClusterImpl.java:lambda$waitForClusterToBeReady$0(219)) - Waiting for cluster to exit safe mode
2022-10-11 08:14:06,537 [Listener at 127.0.0.1/40309] INFO  ozone.MiniOzoneClusterImpl (MiniOzoneClusterImpl.java:lambda$waitForClusterToBeReady$0(221)) - SCM became leader
2022-10-11 08:14:07,071 [Command processor thread] INFO  server.RaftServer (RaftServerProxy.java:addNew(96)) - 1c211b8c-3572-4703-83f3-43ac8370d372: addNew group-BF9B22302349:[1c211b8c-3572-4703-83f3-43ac8370d372|rpc:10.1.0.76:38781|priority:1] returns group-BF9B22302349:java.util.concurrent.CompletableFuture@1d926a03[Not completed]
2022-10-11 08:14:07,076 [pool-369-thread-1] INFO  server.RaftServer$Division (RaftServerImpl.java:<init>(190)) - 1c211b8c-3572-4703-83f3-43ac8370d372: new RaftServerImpl for group-BF9B22302349:[1c211b8c-3572-4703-83f3-43ac8370d372|rpc:10.1.0.76:38781|priority:1] with ContainerStateMachine:uninitialized
2022-10-11 08:14:07,076 [pool-369-thread-1] INFO  server.RaftServerConfigKeys (ConfUtils.java:logGet(46)) - raft.server.rpc.timeout.min = 5s (custom)
2022-10-11 08:14:07,076 [pool-369-thread-1] INFO  server.RaftServerConfigKeys (ConfUtils.java:logGet(46)) - raft.server.rpc.timeout.max = 5200ms (custom)
2022-10-11 08:14:07,076 [pool-369-thread-1] INFO  server.RaftServerConfigKeys (ConfUtils.java:logGet(46)) - raft.server.rpc.sleep.time = 25ms (default)
2022-10-11 08:14:07,076 [pool-369-thread-1] INFO  server.RaftServerConfigKeys (ConfUtils.java:logGet(46)) - raft.server.rpc.slowness.timeout = 300s (custom)
2022-10-11 08:14:07,076 [pool-369-thread-1] INFO  server.RaftServerConfigKeys (ConfUtils.java:logGet(46)) - raft.server.leaderelection.leader.step-down.wait-time = 10s (default)
2022-10-11 08:14:07,076 [pool-369-thread-1] INFO  server.RaftServerConfigKeys (ConfUtils.java:logGet(46)) - raft.server.sleep.deviation.threshold = 300ms (default)
2022-10-11 08:14:07,076 [pool-369-thread-1] INFO  server.RaftServer$Division (ServerState.java:<init>(107)) - 1c211b8c-3572-4703-83f3-43ac8370d372@group-BF9B22302349: ConfigurationManager, init=-1: [1c211b8c-3572-4703-83f3-43ac8370d372|rpc:10.1.0.76:38781|priority:1], old=null, confs=<EMPTY_MAP>
2022-10-11 08:14:07,076 [pool-369-thread-1] INFO  server.RaftServerConfigKeys (ConfUtils.java:logGet(46)) - raft.server.storage.dir = [/home/runner/work/ozone/ozone/hadoop-ozone/integration-test/target/test-dir/MiniOzoneClusterImpl-e4d44f2f-a2b5-41e9-856a-44b560c8547e/datanode-3/data/ratis] (custom)
2022-10-11 08:14:07,076 [pool-369-thread-1] INFO  server.RaftServerConfigKeys (ConfUtils.java:logGet(46)) - raft.server.log.corruption.policy = EXCEPTION (default)
2022-10-11 08:14:07,076 [pool-369-thread-1] INFO  server.RaftServerConfigKeys (ConfUtils.java:logGet(46)) - raft.server.storage.free-space.min = 0MB (=0) (default)
2022-10-11 08:14:07,077 [pool-369-thread-1] INFO  storage.RaftStorageDirectory (RaftStorageDirectoryImpl.java:analyzeStorage(135)) - The storage directory /home/runner/work/ozone/ozone/hadoop-ozone/integration-test/target/test-dir/MiniOzoneClusterImpl-e4d44f2f-a2b5-41e9-856a-44b560c8547e/datanode-3/data/ratis/7c958173-3f85-43c4-b5f2-bf9b22302349 does not exist. Creating ...
2022-10-11 08:14:07,090 [pool-369-thread-1] INFO  storage.RaftStorageDirectory (RaftStorageDirectoryImpl.java:tryLock(230)) - Lock on /home/runner/work/ozone/ozone/hadoop-ozone/integration-test/target/test-dir/MiniOzoneClusterImpl-e4d44f2f-a2b5-41e9-856a-44b560c8547e/datanode-3/data/ratis/7c958173-3f85-43c4-b5f2-bf9b22302349/in_use.lock acquired by nodename 138003@fv-az208-128
2022-10-11 08:14:07,093 [pool-369-thread-1] INFO  storage.RaftStorage (RaftStorageImpl.java:format(89)) - Storage directory /home/runner/work/ozone/ozone/hadoop-ozone/integration-test/target/test-dir/MiniOzoneClusterImpl-e4d44f2f-a2b5-41e9-856a-44b560c8547e/datanode-3/data/ratis/7c958173-3f85-43c4-b5f2-bf9b22302349 has been successfully formatted.
2022-10-11 08:14:07,094 [pool-369-thread-1] INFO  ratis.ContainerStateMachine (ContainerStateMachine.java:loadSnapshot(236)) - group-BF9B22302349: The snapshot info is null. Setting the last applied indexto:(t:0, i:~)
2022-10-11 08:14:07,095 [pool-369-thread-1] INFO  server.RaftServerConfigKeys (ConfUtils.java:logGet(46)) - raft.server.notification.no-leader.timeout = 300s (custom)
2022-10-11 08:14:07,095 [pool-369-thread-1] INFO  server.RaftServerConfigKeys (ConfUtils.java:logGet(46)) - raft.server.log.use.memory = false (default)
2022-10-11 08:14:07,095 [pool-369-thread-1] INFO  server.RaftServerConfigKeys (ConfUtils.java:logGet(46)) - raft.server.log.purge.gap = 1000000 (custom)
2022-10-11 08:14:07,095 [pool-369-thread-1] INFO  server.RaftServerConfigKeys (ConfUtils.java:logGet(46)) - raft.server.log.appender.buffer.byte-limit = 33554432 (custom)
2022-10-11 08:14:07,095 [pool-369-thread-1] INFO  server.RaftServerConfigKeys (ConfUtils.java:logGet(46)) - raft.server.log.statemachine.data.read.timeout = 1000ms (default)
2022-10-11 08:14:07,095 [pool-369-thread-1] INFO  server.RaftServerConfigKeys (ConfUtils.java:logGet(46)) - raft.server.log.segment.size.max = 1048576 (custom)
2022-10-11 08:14:07,095 [pool-369-thread-1] INFO  server.RaftServerConfigKeys (ConfUtils.java:logGet(46)) - raft.server.log.segment.cache.num.max = 2 (custom)
2022-10-11 08:14:07,095 [pool-369-thread-1] INFO  server.RaftServerConfigKeys (ConfUtils.java:logGet(46)) - raft.server.log.segment.cache.size.max = 200MB (=209715200) (default)
2022-10-11 08:14:07,095 [pool-369-thread-1] INFO  segmented.SegmentedRaftLogWorker (SegmentedRaftLogWorker.java:<init>(187)) - new 1c211b8c-3572-4703-83f3-43ac8370d372@group-BF9B22302349-SegmentedRaftLogWorker for RaftStorageImpl:Storage Directory /home/runner/work/ozone/ozone/hadoop-ozone/integration-test/target/test-dir/MiniOzoneClusterImpl-e4d44f2f-a2b5-41e9-856a-44b560c8547e/datanode-3/data/ratis/7c958173-3f85-43c4-b5f2-bf9b22302349
2022-10-11 08:14:07,095 [pool-369-thread-1] INFO  server.RaftServerConfigKeys (ConfUtils.java:logGet(46)) - raft.server.log.queue.byte-limit = 4294967296 (custom)
2022-10-11 08:14:07,095 [pool-369-thread-1] INFO  server.RaftServerConfigKeys (ConfUtils.java:logGet(46)) - raft.server.log.queue.element-limit = 1024 (custom)
2022-10-11 08:14:07,095 [pool-369-thread-1] INFO  server.RaftServerConfigKeys (ConfUtils.java:logGet(46)) - raft.server.log.segment.size.max = 1048576 (custom)
2022-10-11 08:14:07,095 [pool-369-thread-1] INFO  server.RaftServerConfigKeys (ConfUtils.java:logGet(46)) - raft.server.log.preallocated.size = 16384 (custom)
2022-10-11 08:14:07,096 [pool-369-thread-1] INFO  server.RaftServerConfigKeys (ConfUtils.java:logGet(46)) - raft.server.log.force.sync.num = 128 (default)
2022-10-11 08:14:07,096 [pool-369-thread-1] INFO  server.RaftServerConfigKeys (ConfUtils.java:logGet(46)) - raft.server.log.statemachine.data.sync = true (default)
2022-10-11 08:14:07,096 [pool-369-thread-1] INFO  server.RaftServerConfigKeys (ConfUtils.java:logGet(46)) - raft.server.log.statemachine.data.sync.timeout = 10s (default)
2022-10-11 08:14:07,096 [pool-369-thread-1] INFO  server.RaftServerConfigKeys (ConfUtils.java:logGet(46)) - raft.server.log.statemachine.data.sync.timeout.retry = -1 (default)
2022-10-11 08:14:07,096 [pool-369-thread-1] INFO  server.RaftServerConfigKeys (ConfUtils.java:logGet(46)) - raft.server.log.write.buffer.size = 1048576 (custom)
2022-10-11 08:14:07,097 [pool-369-thread-1] INFO  server.RaftServerConfigKeys (ConfUtils.java:logGet(46)) - raft.server.log.unsafe-flush.enabled = false (default)
2022-10-11 08:14:07,097 [pool-369-thread-1] INFO  server.RaftServerConfigKeys (ConfUtils.java:logGet(46)) - raft.server.log.statemachine.data.caching.enabled = true (custom)
2022-10-11 08:14:07,097 [pool-369-thread-1] INFO  segmented.SegmentedRaftLogWorker (SegmentedRaftLogWorker.java:lambda$new$0(135)) - 1c211b8c-3572-4703-83f3-43ac8370d372@group-BF9B22302349-SegmentedRaftLogWorker: flushIndex: setUnconditionally 0 -> -1
2022-10-11 08:14:07,097 [pool-369-thread-1] INFO  segmented.SegmentedRaftLogWorker (SegmentedRaftLogWorker.java:lambda$new$0(135)) - 1c211b8c-3572-4703-83f3-43ac8370d372@group-BF9B22302349-SegmentedRaftLogWorker: safeCacheEvictIndex: setUnconditionally 0 -> -1
2022-10-11 08:14:07,101 [EventQueue-PipelineReportForPipelineReportHandler] INFO  pipeline.PipelineManagerImpl (PipelineManagerImpl.java:openPipeline(367)) - Pipeline Pipeline[ Id: 7c958173-3f85-43c4-b5f2-bf9b22302349, Nodes: 1c211b8c-3572-4703-83f3-43ac8370d372{ip: 10.1.0.76, host: fv-az208-128.kmgg0fu2myoezeajip4j0sfi3d.cx.internal.cloudapp.net, ports: [REPLICATION=35729, RATIS=38781, RATIS_ADMIN=38781, RATIS_SERVER=38781, STANDALONE=37865], networkLocation: /default-rack, certSerialId: null, persistedOpState: IN_SERVICE, persistedOpStateExpiryEpochSec: 0}, ReplicationConfig: RATIS/ONE, State:ALLOCATED, leaderId:1c211b8c-3572-4703-83f3-43ac8370d372, CreationTimestamp2022-10-11T08:14:04.068Z[Etc/UTC]] moved to OPEN state
2022-10-11 08:14:07,102 [EventQueue-OpenPipelineForHealthyPipelineSafeModeRule] INFO  safemode.SCMSafeModeManager (HealthyPipelineSafeModeRule.java:process(137)) - SCM in safe mode. Healthy pipelines reported count is 0, required healthy pipeline reported count is 1
2022-10-11 08:14:07,103 [pool-369-thread-1] INFO  server.RaftServerConfigKeys (ConfUtils.java:logGet(46)) - raft.server.snapshot.auto.trigger.enabled = true (custom)
2022-10-11 08:14:07,110 [pool-369-thread-1] INFO  server.RaftServerConfigKeys (ConfUtils.java:logGet(46)) - raft.server.snapshot.auto.trigger.threshold = 10000 (custom)
2022-10-11 08:14:07,110 [pool-369-thread-1] INFO  server.RaftServerConfigKeys (ConfUtils.java:logGet(46)) - raft.server.snapshot.retention.file.num = 5 (custom)
2022-10-11 08:14:07,110 [pool-369-thread-1] INFO  server.RaftServerConfigKeys (ConfUtils.java:logGet(46)) - raft.server.log.purge.upto.snapshot.index = false (default)
2022-10-11 08:14:07,110 [pool-369-thread-1] INFO  server.RaftServerConfigKeys (ConfUtils.java:logGet(46)) - raft.server.retrycache.expirytime = 600000ms (custom)
2022-10-11 08:14:07,110 [pool-369-thread-1] INFO  server.RaftServerConfigKeys (ConfUtils.java:logGet(46)) - raft.server.retrycache.statistics.expirytime = 100μs (default)
2022-10-11 08:14:07,111 [pool-369-thread-1] INFO  server.RaftServerConfigKeys (ConfUtils.java:logGet(46)) - raft.server.log.appender.install.snapshot.enabled = false (custom)
2022-10-11 08:14:07,111 [pool-369-thread-1] INFO  server.RaftServerConfigKeys (ConfUtils.java:logGet(46)) - raft.server.threadpool.server.cached = true (default)
2022-10-11 08:14:07,111 [pool-369-thread-1] INFO  server.RaftServerConfigKeys (ConfUtils.java:logGet(46)) - raft.server.threadpool.server.size = 0 (default)
2022-10-11 08:14:07,111 [pool-369-thread-1] INFO  server.RaftServerConfigKeys (ConfUtils.java:logGet(46)) - raft.server.threadpool.client.cached = true (default)
2022-10-11 08:14:07,111 [pool-369-thread-1] INFO  server.RaftServerConfigKeys (ConfUtils.java:logGet(46)) - raft.server.threadpool.client.size = 0 (default)
2022-10-11 08:14:07,111 [pool-369-thread-1] INFO  server.RaftServer$Division (RaftServerImpl.java:start(310)) - 1c211b8c-3572-4703-83f3-43ac8370d372@group-BF9B22302349: start as a follower, conf=-1: [1c211b8c-3572-4703-83f3-43ac8370d372|rpc:10.1.0.76:38781|priority:1], old=null
2022-10-11 08:14:07,112 [pool-369-thread-1] INFO  server.RaftServer$Division (RaftServerImpl.java:setRole(299)) - 1c211b8c-3572-4703-83f3-43ac8370d372@group-BF9B22302349: changes role from      null to FOLLOWER at term 0 for startAsFollower
2022-10-11 08:14:07,112 [pool-369-thread-1] INFO  impl.RoleInfo (RoleInfo.java:updateAndGet(139)) - 1c211b8c-3572-4703-83f3-43ac8370d372: start 1c211b8c-3572-4703-83f3-43ac8370d372@group-BF9B22302349-FollowerState
2022-10-11 08:14:07,118 [pool-369-thread-1] INFO  util.JmxRegister (JmxRegister.java:tryRegister(44)) - Successfully registered JMX Bean with object name Ratis:service=RaftServer,group=group-BF9B22302349,id=1c211b8c-3572-4703-83f3-43ac8370d372
2022-10-11 08:14:07,130 [Command processor thread] INFO  ratis.XceiverServerRatis (XceiverServerRatis.java:addGroup(765)) - Created group PipelineID=7c958173-3f85-43c4-b5f2-bf9b22302349
2022-10-11 08:14:07,130 [Command processor thread] INFO  commandhandler.CreatePipelineCommandHandler (CreatePipelineCommandHandler.java:handle(113)) - Created Pipeline RATIS ONE PipelineID=7c958173-3f85-43c4-b5f2-bf9b22302349.
2022-10-11 08:14:07,537 [Listener at 127.0.0.1/40309] INFO  ozone.MiniOzoneClusterImpl (MiniOzoneClusterImpl.java:lambda$waitForClusterToBeReady$0(216)) - Nodes are ready. Got 5 of 5 DN Heartbeats.
2022-10-11 08:14:07,538 [Listener at 127.0.0.1/40309] INFO  ozone.MiniOzoneClusterImpl (MiniOzoneClusterImpl.java:lambda$waitForClusterToBeReady$0(219)) - Waiting for cluster to exit safe mode
2022-10-11 08:14:07,538 [Listener at 127.0.0.1/40309] INFO  ozone.MiniOzoneClusterImpl (MiniOzoneClusterImpl.java:lambda$waitForClusterToBeReady$0(221)) - SCM became leader
2022-10-11 08:14:07,551 [Command processor thread] INFO  server.RaftServer (RaftServerProxy.java:addNew(96)) - 9a84da48-1a2f-45a5-8375-d5813bb76e7a: addNew group-17546A82F8D4:[9a84da48-1a2f-45a5-8375-d5813bb76e7a|rpc:10.1.0.76:45449|priority:1] returns group-17546A82F8D4:java.util.concurrent.CompletableFuture@672fff21[Not completed]
2022-10-11 08:14:07,566 [pool-397-thread-1] INFO  server.RaftServer$Division (RaftServerImpl.java:<init>(190)) - 9a84da48-1a2f-45a5-8375-d5813bb76e7a: new RaftServerImpl for group-17546A82F8D4:[9a84da48-1a2f-45a5-8375-d5813bb76e7a|rpc:10.1.0.76:45449|priority:1] with ContainerStateMachine:uninitialized
2022-10-11 08:14:07,566 [pool-397-thread-1] INFO  server.RaftServerConfigKeys (ConfUtils.java:logGet(46)) - raft.server.rpc.timeout.min = 5s (custom)
2022-10-11 08:14:07,567 [pool-397-thread-1] INFO  server.RaftServerConfigKeys (ConfUtils.java:logGet(46)) - raft.server.rpc.timeout.max = 5200ms (custom)
2022-10-11 08:14:07,567 [pool-397-thread-1] INFO  server.RaftServerConfigKeys (ConfUtils.java:logGet(46)) - raft.server.rpc.sleep.time = 25ms (default)
2022-10-11 08:14:07,567 [pool-397-thread-1] INFO  server.RaftServerConfigKeys (ConfUtils.java:logGet(46)) - raft.server.rpc.slowness.timeout = 300s (custom)
2022-10-11 08:14:07,567 [pool-397-thread-1] INFO  server.RaftServerConfigKeys (ConfUtils.java:logGet(46)) - raft.server.leaderelection.leader.step-down.wait-time = 10s (default)
2022-10-11 08:14:07,567 [pool-397-thread-1] INFO  server.RaftServerConfigKeys (ConfUtils.java:logGet(46)) - raft.server.sleep.deviation.threshold = 300ms (default)
2022-10-11 08:14:07,567 [pool-397-thread-1] INFO  server.RaftServer$Division (ServerState.java:<init>(107)) - 9a84da48-1a2f-45a5-8375-d5813bb76e7a@group-17546A82F8D4: ConfigurationManager, init=-1: [9a84da48-1a2f-45a5-8375-d5813bb76e7a|rpc:10.1.0.76:45449|priority:1], old=null, confs=<EMPTY_MAP>
2022-10-11 08:14:07,567 [pool-397-thread-1] INFO  server.RaftServerConfigKeys (ConfUtils.java:logGet(46)) - raft.server.storage.dir = [/home/runner/work/ozone/ozone/hadoop-ozone/integration-test/target/test-dir/MiniOzoneClusterImpl-e4d44f2f-a2b5-41e9-856a-44b560c8547e/datanode-4/data/ratis] (custom)
2022-10-11 08:14:07,567 [pool-397-thread-1] INFO  server.RaftServerConfigKeys (ConfUtils.java:logGet(46)) - raft.server.log.corruption.policy = EXCEPTION (default)
2022-10-11 08:14:07,567 [pool-397-thread-1] INFO  server.RaftServerConfigKeys (ConfUtils.java:logGet(46)) - raft.server.storage.free-space.min = 0MB (=0) (default)
2022-10-11 08:14:07,567 [pool-397-thread-1] INFO  storage.RaftStorageDirectory (RaftStorageDirectoryImpl.java:analyzeStorage(135)) - The storage directory /home/runner/work/ozone/ozone/hadoop-ozone/integration-test/target/test-dir/MiniOzoneClusterImpl-e4d44f2f-a2b5-41e9-856a-44b560c8547e/datanode-4/data/ratis/3e7804c9-b803-4dc0-8b16-17546a82f8d4 does not exist. Creating ...
2022-10-11 08:14:07,574 [pool-397-thread-1] INFO  storage.RaftStorageDirectory (RaftStorageDirectoryImpl.java:tryLock(230)) - Lock on /home/runner/work/ozone/ozone/hadoop-ozone/integration-test/target/test-dir/MiniOzoneClusterImpl-e4d44f2f-a2b5-41e9-856a-44b560c8547e/datanode-4/data/ratis/3e7804c9-b803-4dc0-8b16-17546a82f8d4/in_use.lock acquired by nodename 138003@fv-az208-128
2022-10-11 08:14:07,579 [pool-397-thread-1] INFO  storage.RaftStorage (RaftStorageImpl.java:format(89)) - Storage directory /home/runner/work/ozone/ozone/hadoop-ozone/integration-test/target/test-dir/MiniOzoneClusterImpl-e4d44f2f-a2b5-41e9-856a-44b560c8547e/datanode-4/data/ratis/3e7804c9-b803-4dc0-8b16-17546a82f8d4 has been successfully formatted.
2022-10-11 08:14:07,582 [pool-397-thread-1] INFO  ratis.ContainerStateMachine (ContainerStateMachine.java:loadSnapshot(236)) - group-17546A82F8D4: The snapshot info is null. Setting the last applied indexto:(t:0, i:~)
2022-10-11 08:14:07,582 [pool-397-thread-1] INFO  server.RaftServerConfigKeys (ConfUtils.java:logGet(46)) - raft.server.notification.no-leader.timeout = 300s (custom)
2022-10-11 08:14:07,583 [pool-397-thread-1] INFO  server.RaftServerConfigKeys (ConfUtils.java:logGet(46)) - raft.server.log.use.memory = false (default)
2022-10-11 08:14:07,583 [pool-397-thread-1] INFO  server.RaftServerConfigKeys (ConfUtils.java:logGet(46)) - raft.server.log.purge.gap = 1000000 (custom)
2022-10-11 08:14:07,583 [pool-397-thread-1] INFO  server.RaftServerConfigKeys (ConfUtils.java:logGet(46)) - raft.server.log.appender.buffer.byte-limit = 33554432 (custom)
2022-10-11 08:14:07,583 [pool-397-thread-1] INFO  server.RaftServerConfigKeys (ConfUtils.java:logGet(46)) - raft.server.log.statemachine.data.read.timeout = 1000ms (default)
2022-10-11 08:14:07,583 [pool-397-thread-1] INFO  server.RaftServerConfigKeys (ConfUtils.java:logGet(46)) - raft.server.log.segment.size.max = 1048576 (custom)
2022-10-11 08:14:07,583 [pool-397-thread-1] INFO  server.RaftServerConfigKeys (ConfUtils.java:logGet(46)) - raft.server.log.segment.cache.num.max = 2 (custom)
2022-10-11 08:14:07,583 [pool-397-thread-1] INFO  server.RaftServerConfigKeys (ConfUtils.java:logGet(46)) - raft.server.log.segment.cache.size.max = 200MB (=209715200) (default)
2022-10-11 08:14:07,583 [pool-397-thread-1] INFO  segmented.SegmentedRaftLogWorker (SegmentedRaftLogWorker.java:<init>(187)) - new 9a84da48-1a2f-45a5-8375-d5813bb76e7a@group-17546A82F8D4-SegmentedRaftLogWorker for RaftStorageImpl:Storage Directory /home/runner/work/ozone/ozone/hadoop-ozone/integration-test/target/test-dir/MiniOzoneClusterImpl-e4d44f2f-a2b5-41e9-856a-44b560c8547e/datanode-4/data/ratis/3e7804c9-b803-4dc0-8b16-17546a82f8d4
2022-10-11 08:14:07,583 [pool-397-thread-1] INFO  server.RaftServerConfigKeys (ConfUtils.java:logGet(46)) - raft.server.log.queue.byte-limit = 4294967296 (custom)
2022-10-11 08:14:07,583 [pool-397-thread-1] INFO  server.RaftServerConfigKeys (ConfUtils.java:logGet(46)) - raft.server.log.queue.element-limit = 1024 (custom)
2022-10-11 08:14:07,583 [pool-397-thread-1] INFO  server.RaftServerConfigKeys (ConfUtils.java:logGet(46)) - raft.server.log.segment.size.max = 1048576 (custom)
2022-10-11 08:14:07,584 [pool-397-thread-1] INFO  server.RaftServerConfigKeys (ConfUtils.java:logGet(46)) - raft.server.log.preallocated.size = 16384 (custom)
2022-10-11 08:14:07,584 [pool-397-thread-1] INFO  server.RaftServerConfigKeys (ConfUtils.java:logGet(46)) - raft.server.log.force.sync.num = 128 (default)
2022-10-11 08:14:07,584 [pool-397-thread-1] INFO  server.RaftServerConfigKeys (ConfUtils.java:logGet(46)) - raft.server.log.statemachine.data.sync = true (default)
2022-10-11 08:14:07,584 [pool-397-thread-1] INFO  server.RaftServerConfigKeys (ConfUtils.java:logGet(46)) - raft.server.log.statemachine.data.sync.timeout = 10s (default)
2022-10-11 08:14:07,584 [pool-397-thread-1] INFO  server.RaftServerConfigKeys (ConfUtils.java:logGet(46)) - raft.server.log.statemachine.data.sync.timeout.retry = -1 (default)
2022-10-11 08:14:07,585 [pool-397-thread-1] INFO  server.RaftServerConfigKeys (ConfUtils.java:logGet(46)) - raft.server.log.write.buffer.size = 1048576 (custom)
2022-10-11 08:14:07,585 [EventQueue-PipelineReportForPipelineReportHandler] INFO  pipeline.PipelineManagerImpl (PipelineManagerImpl.java:openPipeline(367)) - Pipeline Pipeline[ Id: 3e7804c9-b803-4dc0-8b16-17546a82f8d4, Nodes: 9a84da48-1a2f-45a5-8375-d5813bb76e7a{ip: 10.1.0.76, host: fv-az208-128.kmgg0fu2myoezeajip4j0sfi3d.cx.internal.cloudapp.net, ports: [REPLICATION=36735, RATIS=45449, RATIS_ADMIN=45449, RATIS_SERVER=45449, STANDALONE=46775], networkLocation: /default-rack, certSerialId: null, persistedOpState: IN_SERVICE, persistedOpStateExpiryEpochSec: 0}, ReplicationConfig: RATIS/ONE, State:ALLOCATED, leaderId:9a84da48-1a2f-45a5-8375-d5813bb76e7a, CreationTimestamp2022-10-11T08:14:04.557Z[Etc/UTC]] moved to OPEN state
2022-10-11 08:14:07,586 [EventQueue-OpenPipelineForHealthyPipelineSafeModeRule] INFO  safemode.SCMSafeModeManager (HealthyPipelineSafeModeRule.java:process(137)) - SCM in safe mode. Healthy pipelines reported count is 0, required healthy pipeline reported count is 1
2022-10-11 08:14:07,587 [pool-397-thread-1] INFO  server.RaftServerConfigKeys (ConfUtils.java:logGet(46)) - raft.server.log.unsafe-flush.enabled = false (default)
2022-10-11 08:14:07,598 [pool-397-thread-1] INFO  server.RaftServerConfigKeys (ConfUtils.java:logGet(46)) - raft.server.log.statemachine.data.caching.enabled = true (custom)
2022-10-11 08:14:07,599 [pool-397-thread-1] INFO  segmented.SegmentedRaftLogWorker (SegmentedRaftLogWorker.java:lambda$new$0(135)) - 9a84da48-1a2f-45a5-8375-d5813bb76e7a@group-17546A82F8D4-SegmentedRaftLogWorker: flushIndex: setUnconditionally 0 -> -1
2022-10-11 08:14:07,599 [pool-397-thread-1] INFO  segmented.SegmentedRaftLogWorker (SegmentedRaftLogWorker.java:lambda$new$0(135)) - 9a84da48-1a2f-45a5-8375-d5813bb76e7a@group-17546A82F8D4-SegmentedRaftLogWorker: safeCacheEvictIndex: setUnconditionally 0 -> -1
2022-10-11 08:14:07,599 [pool-397-thread-1] INFO  server.RaftServerConfigKeys (ConfUtils.java:logGet(46)) - raft.server.snapshot.auto.trigger.enabled = true (custom)
2022-10-11 08:14:07,599 [pool-397-thread-1] INFO  server.RaftServerConfigKeys (ConfUtils.java:logGet(46)) - raft.server.snapshot.auto.trigger.threshold = 10000 (custom)
2022-10-11 08:14:07,599 [pool-397-thread-1] INFO  server.RaftServerConfigKeys (ConfUtils.java:logGet(46)) - raft.server.snapshot.retention.file.num = 5 (custom)
2022-10-11 08:14:07,599 [pool-397-thread-1] INFO  server.RaftServerConfigKeys (ConfUtils.java:logGet(46)) - raft.server.log.purge.upto.snapshot.index = false (default)
2022-10-11 08:14:07,599 [pool-397-thread-1] INFO  server.RaftServerConfigKeys (ConfUtils.java:logGet(46)) - raft.server.retrycache.expirytime = 600000ms (custom)
2022-10-11 08:14:07,599 [pool-397-thread-1] INFO  server.RaftServerConfigKeys (ConfUtils.java:logGet(46)) - raft.server.retrycache.statistics.expirytime = 100μs (default)
2022-10-11 08:14:07,601 [pool-397-thread-1] INFO  server.RaftServerConfigKeys (ConfUtils.java:logGet(46)) - raft.server.log.appender.install.snapshot.enabled = false (custom)
2022-10-11 08:14:07,601 [pool-397-thread-1] INFO  server.RaftServerConfigKeys (ConfUtils.java:logGet(46)) - raft.server.threadpool.server.cached = true (default)
2022-10-11 08:14:07,601 [pool-397-thread-1] INFO  server.RaftServerConfigKeys (ConfUtils.java:logGet(46)) - raft.server.threadpool.server.size = 0 (default)
2022-10-11 08:14:07,601 [pool-397-thread-1] INFO  server.RaftServerConfigKeys (ConfUtils.java:logGet(46)) - raft.server.threadpool.client.cached = true (default)
2022-10-11 08:14:07,601 [pool-397-thread-1] INFO  server.RaftServerConfigKeys (ConfUtils.java:logGet(46)) - raft.server.threadpool.client.size = 0 (default)
2022-10-11 08:14:07,601 [pool-397-thread-1] INFO  server.RaftServer$Division (RaftServerImpl.java:start(310)) - 9a84da48-1a2f-45a5-8375-d5813bb76e7a@group-17546A82F8D4: start as a follower, conf=-1: [9a84da48-1a2f-45a5-8375-d5813bb76e7a|rpc:10.1.0.76:45449|priority:1], old=null
2022-10-11 08:14:07,601 [pool-397-thread-1] INFO  server.RaftServer$Division (RaftServerImpl.java:setRole(299)) - 9a84da48-1a2f-45a5-8375-d5813bb76e7a@group-17546A82F8D4: changes role from      null to FOLLOWER at term 0 for startAsFollower
2022-10-11 08:14:07,601 [pool-397-thread-1] INFO  impl.RoleInfo (RoleInfo.java:updateAndGet(139)) - 9a84da48-1a2f-45a5-8375-d5813bb76e7a: start 9a84da48-1a2f-45a5-8375-d5813bb76e7a@group-17546A82F8D4-FollowerState
2022-10-11 08:14:07,602 [pool-397-thread-1] INFO  util.JmxRegister (JmxRegister.java:tryRegister(44)) - Successfully registered JMX Bean with object name Ratis:service=RaftServer,group=group-17546A82F8D4,id=9a84da48-1a2f-45a5-8375-d5813bb76e7a
2022-10-11 08:14:07,606 [Command processor thread] INFO  ratis.XceiverServerRatis (XceiverServerRatis.java:addGroup(765)) - Created group PipelineID=3e7804c9-b803-4dc0-8b16-17546a82f8d4
2022-10-11 08:14:07,606 [Command processor thread] INFO  commandhandler.CreatePipelineCommandHandler (CreatePipelineCommandHandler.java:handle(113)) - Created Pipeline RATIS ONE PipelineID=3e7804c9-b803-4dc0-8b16-17546a82f8d4.
2022-10-11 08:14:08,538 [Listener at 127.0.0.1/40309] INFO  ozone.MiniOzoneClusterImpl (MiniOzoneClusterImpl.java:lambda$waitForClusterToBeReady$0(216)) - Nodes are ready. Got 5 of 5 DN Heartbeats.
2022-10-11 08:14:08,538 [Listener at 127.0.0.1/40309] INFO  ozone.MiniOzoneClusterImpl (MiniOzoneClusterImpl.java:lambda$waitForClusterToBeReady$0(219)) - Waiting for cluster to exit safe mode
2022-10-11 08:14:08,538 [Listener at 127.0.0.1/40309] INFO  ozone.MiniOzoneClusterImpl (MiniOzoneClusterImpl.java:lambda$waitForClusterToBeReady$0(221)) - SCM became leader
2022-10-11 08:14:09,538 [Listener at 127.0.0.1/40309] INFO  ozone.MiniOzoneClusterImpl (MiniOzoneClusterImpl.java:lambda$waitForClusterToBeReady$0(216)) - Nodes are ready. Got 5 of 5 DN Heartbeats.
2022-10-11 08:14:09,539 [Listener at 127.0.0.1/40309] INFO  ozone.MiniOzoneClusterImpl (MiniOzoneClusterImpl.java:lambda$waitForClusterToBeReady$0(219)) - Waiting for cluster to exit safe mode
2022-10-11 08:14:09,539 [Listener at 127.0.0.1/40309] INFO  ozone.MiniOzoneClusterImpl (MiniOzoneClusterImpl.java:lambda$waitForClusterToBeReady$0(221)) - SCM became leader
2022-10-11 08:14:10,135 [372aae33-6f7c-4d6f-ba4c-eadde7effafb@group-489C80C164D2-FollowerState] INFO  impl.FollowerState (FollowerState.java:run(143)) - 372aae33-6f7c-4d6f-ba4c-eadde7effafb@group-489C80C164D2-FollowerState: change to CANDIDATE, lastRpcElapsedTime:5155933785ns, electionTimeout:5133ms
2022-10-11 08:14:10,136 [372aae33-6f7c-4d6f-ba4c-eadde7effafb@group-489C80C164D2-FollowerState] INFO  impl.RoleInfo (RoleInfo.java:shutdownFollowerState(110)) - 372aae33-6f7c-4d6f-ba4c-eadde7effafb: shutdown 372aae33-6f7c-4d6f-ba4c-eadde7effafb@group-489C80C164D2-FollowerState
2022-10-11 08:14:10,136 [372aae33-6f7c-4d6f-ba4c-eadde7effafb@group-489C80C164D2-FollowerState] INFO  server.RaftServer$Division (RaftServerImpl.java:setRole(299)) - 372aae33-6f7c-4d6f-ba4c-eadde7effafb@group-489C80C164D2: changes role from  FOLLOWER to CANDIDATE at term 0 for changeToCandidate
2022-10-11 08:14:10,136 [372aae33-6f7c-4d6f-ba4c-eadde7effafb@group-489C80C164D2-FollowerState] INFO  server.RaftServerConfigKeys (ConfUtils.java:logGet(46)) - raft.server.leaderelection.pre-vote = false (custom)
2022-10-11 08:14:10,136 [372aae33-6f7c-4d6f-ba4c-eadde7effafb@group-489C80C164D2-FollowerState] INFO  impl.RoleInfo (RoleInfo.java:updateAndGet(139)) - 372aae33-6f7c-4d6f-ba4c-eadde7effafb: start 372aae33-6f7c-4d6f-ba4c-eadde7effafb@group-489C80C164D2-LeaderElection11
2022-10-11 08:14:10,171 [372aae33-6f7c-4d6f-ba4c-eadde7effafb@group-489C80C164D2-LeaderElection11] INFO  impl.LeaderElection (LeaderElection.java:askForVotes(310)) - 372aae33-6f7c-4d6f-ba4c-eadde7effafb@group-489C80C164D2-LeaderElection11 ELECTION round 0: submit vote requests at term 1 for -1: [372aae33-6f7c-4d6f-ba4c-eadde7effafb|rpc:10.1.0.76:35509|priority:1], old=null
2022-10-11 08:14:10,171 [372aae33-6f7c-4d6f-ba4c-eadde7effafb@group-489C80C164D2-LeaderElection11] INFO  impl.LeaderElection (LeaderElection.java:askForVotes(312)) - 372aae33-6f7c-4d6f-ba4c-eadde7effafb@group-489C80C164D2-LeaderElection11 ELECTION round 0: result PASSED (term=1)
2022-10-11 08:14:10,171 [372aae33-6f7c-4d6f-ba4c-eadde7effafb@group-489C80C164D2-LeaderElection11] INFO  impl.RoleInfo (RoleInfo.java:shutdownLeaderElection(130)) - 372aae33-6f7c-4d6f-ba4c-eadde7effafb: shutdown 372aae33-6f7c-4d6f-ba4c-eadde7effafb@group-489C80C164D2-LeaderElection11
2022-10-11 08:14:10,171 [372aae33-6f7c-4d6f-ba4c-eadde7effafb@group-489C80C164D2-LeaderElection11] INFO  server.RaftServer$Division (RaftServerImpl.java:setRole(299)) - 372aae33-6f7c-4d6f-ba4c-eadde7effafb@group-489C80C164D2: changes role from CANDIDATE to LEADER at term 1 for changeToLeader
2022-10-11 08:14:10,172 [372aae33-6f7c-4d6f-ba4c-eadde7effafb@group-489C80C164D2-LeaderElection11] INFO  ratis.XceiverServerRatis (XceiverServerRatis.java:handleLeaderChangedNotification(863)) - Leader change notification received for group: group-489C80C164D2 with new leaderId: 372aae33-6f7c-4d6f-ba4c-eadde7effafb
2022-10-11 08:14:10,172 [372aae33-6f7c-4d6f-ba4c-eadde7effafb@group-489C80C164D2-LeaderElection11] INFO  server.RaftServer$Division (ServerState.java:setLeader(287)) - 372aae33-6f7c-4d6f-ba4c-eadde7effafb@group-489C80C164D2: change Leader from null to 372aae33-6f7c-4d6f-ba4c-eadde7effafb at term 1 for becomeLeader, leader elected after 5205ms
2022-10-11 08:14:10,172 [372aae33-6f7c-4d6f-ba4c-eadde7effafb@group-489C80C164D2-LeaderElection11] INFO  server.RaftServerConfigKeys (ConfUtils.java:logGet(46)) - raft.server.staging.catchup.gap = 1000 (default)
2022-10-11 08:14:10,172 [372aae33-6f7c-4d6f-ba4c-eadde7effafb@group-489C80C164D2-LeaderElection11] INFO  server.RaftServerConfigKeys (ConfUtils.java:logGet(46)) - raft.server.write.element-limit = 1024 (custom)
2022-10-11 08:14:10,172 [372aae33-6f7c-4d6f-ba4c-eadde7effafb@group-489C80C164D2-LeaderElection11] INFO  server.RaftServerConfigKeys (ConfUtils.java:logGet(46)) - raft.server.write.byte-limit = 1024 M (=1073741824) (custom)
2022-10-11 08:14:10,172 [372aae33-6f7c-4d6f-ba4c-eadde7effafb@group-489C80C164D2-LeaderElection11] INFO  server.RaftServerConfigKeys (ConfUtils.java:logGet(46)) - raft.server.watch.timeout = 180s (custom)
2022-10-11 08:14:10,172 [372aae33-6f7c-4d6f-ba4c-eadde7effafb@group-489C80C164D2-LeaderElection11] INFO  server.RaftServerConfigKeys (ConfUtils.java:logGet(46)) - raft.server.watch.timeout.denomination = 1s (default)
2022-10-11 08:14:10,172 [372aae33-6f7c-4d6f-ba4c-eadde7effafb@group-489C80C164D2-LeaderElection11] INFO  server.RaftServerConfigKeys (ConfUtils.java:logGet(46)) - raft.server.watch.element-limit = 65536 (default)
2022-10-11 08:14:10,172 [372aae33-6f7c-4d6f-ba4c-eadde7effafb@group-489C80C164D2-LeaderElection11] INFO  server.RaftServerConfigKeys (ConfUtils.java:logGet(46)) - raft.server.write.element-limit = 1024 (custom)
2022-10-11 08:14:10,173 [372aae33-6f7c-4d6f-ba4c-eadde7effafb@group-489C80C164D2-LeaderElection11] INFO  server.RaftServerConfigKeys (ConfUtils.java:logGet(46)) - raft.server.write.follower.gap.ratio.max = -1.0 (default)
2022-10-11 08:14:10,173 [372aae33-6f7c-4d6f-ba4c-eadde7effafb@group-489C80C164D2-LeaderElection11] INFO  impl.RoleInfo (RoleInfo.java:updateAndGet(139)) - 372aae33-6f7c-4d6f-ba4c-eadde7effafb: start 372aae33-6f7c-4d6f-ba4c-eadde7effafb@group-489C80C164D2-LeaderStateImpl
2022-10-11 08:14:10,173 [372aae33-6f7c-4d6f-ba4c-eadde7effafb@group-489C80C164D2-LeaderElection11] INFO  segmented.SegmentedRaftLogWorker (SegmentedRaftLogWorker.java:startLogSegment(425)) - 372aae33-6f7c-4d6f-ba4c-eadde7effafb@group-489C80C164D2-SegmentedRaftLogWorker: Starting segment from index:0
2022-10-11 08:14:10,175 [EventQueue-OpenPipelineForHealthyPipelineSafeModeRule] INFO  safemode.SCMSafeModeManager (HealthyPipelineSafeModeRule.java:process(137)) - SCM in safe mode. Healthy pipelines reported count is 0, required healthy pipeline reported count is 1
2022-10-11 08:14:10,179 [372aae33-6f7c-4d6f-ba4c-eadde7effafb@group-489C80C164D2-SegmentedRaftLogWorker] INFO  segmented.SegmentedRaftLogWorker (SegmentedRaftLogWorker.java:execute(629)) - 372aae33-6f7c-4d6f-ba4c-eadde7effafb@group-489C80C164D2-SegmentedRaftLogWorker: created new log segment /home/runner/work/ozone/ozone/hadoop-ozone/integration-test/target/test-dir/MiniOzoneClusterImpl-e4d44f2f-a2b5-41e9-856a-44b560c8547e/datanode-0/data/ratis/7001e70f-f0f6-468b-8587-489c80c164d2/current/log_inprogress_0
2022-10-11 08:14:10,191 [372aae33-6f7c-4d6f-ba4c-eadde7effafb@group-489C80C164D2-LeaderElection11] INFO  server.RaftServer$Division (ServerState.java:setRaftConf(393)) - 372aae33-6f7c-4d6f-ba4c-eadde7effafb@group-489C80C164D2: set configuration 0: [372aae33-6f7c-4d6f-ba4c-eadde7effafb|rpc:10.1.0.76:35509|dataStream:|priority:1], old=null
2022-10-11 08:14:10,208 [372aae33-6f7c-4d6f-ba4c-eadde7effafb@group-3679C7E9DD81-FollowerState] INFO  impl.FollowerState (FollowerState.java:run(143)) - 372aae33-6f7c-4d6f-ba4c-eadde7effafb@group-3679C7E9DD81-FollowerState: change to CANDIDATE, lastRpcElapsedTime:5166867223ns, electionTimeout:5145ms
2022-10-11 08:14:10,208 [372aae33-6f7c-4d6f-ba4c-eadde7effafb@group-3679C7E9DD81-FollowerState] INFO  impl.RoleInfo (RoleInfo.java:shutdownFollowerState(110)) - 372aae33-6f7c-4d6f-ba4c-eadde7effafb: shutdown 372aae33-6f7c-4d6f-ba4c-eadde7effafb@group-3679C7E9DD81-FollowerState
2022-10-11 08:14:10,209 [372aae33-6f7c-4d6f-ba4c-eadde7effafb@group-3679C7E9DD81-FollowerState] INFO  server.RaftServer$Division (RaftServerImpl.java:setRole(299)) - 372aae33-6f7c-4d6f-ba4c-eadde7effafb@group-3679C7E9DD81: changes role from  FOLLOWER to CANDIDATE at term 0 for changeToCandidate
2022-10-11 08:14:10,209 [372aae33-6f7c-4d6f-ba4c-eadde7effafb@group-3679C7E9DD81-FollowerState] INFO  server.RaftServerConfigKeys (ConfUtils.java:logGet(46)) - raft.server.leaderelection.pre-vote = false (custom)
2022-10-11 08:14:10,209 [372aae33-6f7c-4d6f-ba4c-eadde7effafb@group-3679C7E9DD81-FollowerState] INFO  impl.RoleInfo (RoleInfo.java:updateAndGet(139)) - 372aae33-6f7c-4d6f-ba4c-eadde7effafb: start 372aae33-6f7c-4d6f-ba4c-eadde7effafb@group-3679C7E9DD81-LeaderElection12
2022-10-11 08:14:10,236 [372aae33-6f7c-4d6f-ba4c-eadde7effafb@group-3679C7E9DD81-LeaderElection12] INFO  impl.LeaderElection (LeaderElection.java:askForVotes(310)) - 372aae33-6f7c-4d6f-ba4c-eadde7effafb@group-3679C7E9DD81-LeaderElection12 ELECTION round 0: submit vote requests at term 1 for -1: [f7d1a98c-0d33-4cfc-a34e-9915b3815335|rpc:10.1.0.76:40629|priority:1, 372aae33-6f7c-4d6f-ba4c-eadde7effafb|rpc:10.1.0.76:35509|priority:0, ee19ba41-361b-4acc-833e-c4e477a5e66e|rpc:10.1.0.76:33325|priority:0], old=null
2022-10-11 08:14:10,275 [grpc-default-executor-0] INFO  server.RaftServer$Division (RaftServerImpl.java:requestVote(1152)) - ee19ba41-361b-4acc-833e-c4e477a5e66e@group-3679C7E9DD81: receive requestVote(ELECTION, 372aae33-6f7c-4d6f-ba4c-eadde7effafb, group-3679C7E9DD81, 1, (t:0, i:0))
2022-10-11 08:14:10,275 [grpc-default-executor-0] INFO  impl.VoteContext (VoteContext.java:log(48)) - ee19ba41-361b-4acc-833e-c4e477a5e66e@group-3679C7E9DD81-FOLLOWER: accept ELECTION from 372aae33-6f7c-4d6f-ba4c-eadde7effafb: our priority 0 <= candidate's priority 0
2022-10-11 08:14:10,275 [grpc-default-executor-0] INFO  server.RaftServer$Division (RaftServerImpl.java:setRole(299)) - ee19ba41-361b-4acc-833e-c4e477a5e66e@group-3679C7E9DD81: changes role from  FOLLOWER to FOLLOWER at term 1 for candidate:372aae33-6f7c-4d6f-ba4c-eadde7effafb
2022-10-11 08:14:10,275 [grpc-default-executor-0] INFO  impl.RoleInfo (RoleInfo.java:shutdownFollowerState(110)) - ee19ba41-361b-4acc-833e-c4e477a5e66e: shutdown ee19ba41-361b-4acc-833e-c4e477a5e66e@group-3679C7E9DD81-FollowerState
2022-10-11 08:14:10,275 [grpc-default-executor-0] INFO  impl.RoleInfo (RoleInfo.java:updateAndGet(139)) - ee19ba41-361b-4acc-833e-c4e477a5e66e: start ee19ba41-361b-4acc-833e-c4e477a5e66e@group-3679C7E9DD81-FollowerState
2022-10-11 08:14:10,275 [ee19ba41-361b-4acc-833e-c4e477a5e66e@group-3679C7E9DD81-FollowerState] INFO  impl.FollowerState (FollowerState.java:run(152)) - ee19ba41-361b-4acc-833e-c4e477a5e66e@group-3679C7E9DD81-FollowerState was interrupted
2022-10-11 08:14:10,276 [grpc-default-executor-1] INFO  server.RaftServer$Division (RaftServerImpl.java:requestVote(1152)) - f7d1a98c-0d33-4cfc-a34e-9915b3815335@group-3679C7E9DD81: receive requestVote(ELECTION, 372aae33-6f7c-4d6f-ba4c-eadde7effafb, group-3679C7E9DD81, 1, (t:0, i:0))
2022-10-11 08:14:10,276 [grpc-default-executor-1] INFO  impl.VoteContext (VoteContext.java:log(48)) - f7d1a98c-0d33-4cfc-a34e-9915b3815335@group-3679C7E9DD81-FOLLOWER: reject ELECTION from 372aae33-6f7c-4d6f-ba4c-eadde7effafb: our priority 1 > candidate's priority 0
2022-10-11 08:14:10,276 [grpc-default-executor-1] INFO  server.RaftServer$Division (RaftServerImpl.java:setRole(299)) - f7d1a98c-0d33-4cfc-a34e-9915b3815335@group-3679C7E9DD81: changes role from  FOLLOWER to FOLLOWER at term 1 for candidate:372aae33-6f7c-4d6f-ba4c-eadde7effafb
2022-10-11 08:14:10,276 [grpc-default-executor-1] INFO  impl.RoleInfo (RoleInfo.java:shutdownFollowerState(110)) - f7d1a98c-0d33-4cfc-a34e-9915b3815335: shutdown f7d1a98c-0d33-4cfc-a34e-9915b3815335@group-3679C7E9DD81-FollowerState
2022-10-11 08:14:10,282 [f7d1a98c-0d33-4cfc-a34e-9915b3815335@group-3679C7E9DD81-FollowerState] INFO  impl.FollowerState (FollowerState.java:run(152)) - f7d1a98c-0d33-4cfc-a34e-9915b3815335@group-3679C7E9DD81-FollowerState was interrupted
2022-10-11 08:14:10,290 [grpc-default-executor-0] INFO  server.RaftServer$Division (RaftServerImpl.java:requestVote(1184)) - ee19ba41-361b-4acc-833e-c4e477a5e66e@group-3679C7E9DD81 replies to ELECTION vote request: 372aae33-6f7c-4d6f-ba4c-eadde7effafb<-ee19ba41-361b-4acc-833e-c4e477a5e66e#0:OK-t1. Peer's state: ee19ba41-361b-4acc-833e-c4e477a5e66e@group-3679C7E9DD81:t1, leader=null, voted=372aae33-6f7c-4d6f-ba4c-eadde7effafb, raftlog=ee19ba41-361b-4acc-833e-c4e477a5e66e@group-3679C7E9DD81-SegmentedRaftLog:OPENED:c-1, conf=-1: [f7d1a98c-0d33-4cfc-a34e-9915b3815335|rpc:10.1.0.76:40629|dataStream:|priority:1, 372aae33-6f7c-4d6f-ba4c-eadde7effafb|rpc:10.1.0.76:35509|dataStream:|priority:0, ee19ba41-361b-4acc-833e-c4e477a5e66e|rpc:10.1.0.76:33325|dataStream:|priority:0], old=null
2022-10-11 08:14:10,295 [grpc-default-executor-1] INFO  impl.RoleInfo (RoleInfo.java:updateAndGet(139)) - f7d1a98c-0d33-4cfc-a34e-9915b3815335: start f7d1a98c-0d33-4cfc-a34e-9915b3815335@group-3679C7E9DD81-FollowerState
2022-10-11 08:14:10,300 [grpc-default-executor-1] INFO  server.RaftServer$Division (RaftServerImpl.java:requestVote(1184)) - f7d1a98c-0d33-4cfc-a34e-9915b3815335@group-3679C7E9DD81 replies to ELECTION vote request: 372aae33-6f7c-4d6f-ba4c-eadde7effafb<-f7d1a98c-0d33-4cfc-a34e-9915b3815335#0:FAIL-t1. Peer's state: f7d1a98c-0d33-4cfc-a34e-9915b3815335@group-3679C7E9DD81:t1, leader=null, voted=null, raftlog=f7d1a98c-0d33-4cfc-a34e-9915b3815335@group-3679C7E9DD81-SegmentedRaftLog:OPENED:c-1, conf=-1: [f7d1a98c-0d33-4cfc-a34e-9915b3815335|rpc:10.1.0.76:40629|dataStream:|priority:1, 372aae33-6f7c-4d6f-ba4c-eadde7effafb|rpc:10.1.0.76:35509|dataStream:|priority:0, ee19ba41-361b-4acc-833e-c4e477a5e66e|rpc:10.1.0.76:33325|dataStream:|priority:0], old=null
2022-10-11 08:14:10,309 [372aae33-6f7c-4d6f-ba4c-eadde7effafb@group-3679C7E9DD81-LeaderElection12] INFO  impl.LeaderElection (LeaderElection.java:logAndReturn(90)) - 372aae33-6f7c-4d6f-ba4c-eadde7effafb@group-3679C7E9DD81-LeaderElection12: ELECTION REJECTED received 2 response(s) and 0 exception(s):
2022-10-11 08:14:10,319 [372aae33-6f7c-4d6f-ba4c-eadde7effafb@group-3679C7E9DD81-LeaderElection12] INFO  impl.LeaderElection (LeaderElection.java:logAndReturn(94)) -   Response 0: 372aae33-6f7c-4d6f-ba4c-eadde7effafb<-f7d1a98c-0d33-4cfc-a34e-9915b3815335#0:FAIL-t1
2022-10-11 08:14:10,319 [372aae33-6f7c-4d6f-ba4c-eadde7effafb@group-3679C7E9DD81-LeaderElection12] INFO  impl.LeaderElection (LeaderElection.java:logAndReturn(94)) -   Response 1: 372aae33-6f7c-4d6f-ba4c-eadde7effafb<-ee19ba41-361b-4acc-833e-c4e477a5e66e#0:OK-t1
2022-10-11 08:14:10,319 [372aae33-6f7c-4d6f-ba4c-eadde7effafb@group-3679C7E9DD81-LeaderElection12] INFO  impl.LeaderElection (LeaderElection.java:askForVotes(312)) - 372aae33-6f7c-4d6f-ba4c-eadde7effafb@group-3679C7E9DD81-LeaderElection12 ELECTION round 0: result REJECTED
2022-10-11 08:14:10,319 [372aae33-6f7c-4d6f-ba4c-eadde7effafb@group-3679C7E9DD81-LeaderElection12] INFO  server.RaftServer$Division (RaftServerImpl.java:setRole(299)) - 372aae33-6f7c-4d6f-ba4c-eadde7effafb@group-3679C7E9DD81: changes role from CANDIDATE to FOLLOWER at term 1 for REJECTED
2022-10-11 08:14:10,330 [372aae33-6f7c-4d6f-ba4c-eadde7effafb@group-3679C7E9DD81-LeaderElection12] INFO  impl.RoleInfo (RoleInfo.java:shutdownLeaderElection(130)) - 372aae33-6f7c-4d6f-ba4c-eadde7effafb: shutdown 372aae33-6f7c-4d6f-ba4c-eadde7effafb@group-3679C7E9DD81-LeaderElection12
2022-10-11 08:14:10,330 [372aae33-6f7c-4d6f-ba4c-eadde7effafb@group-3679C7E9DD81-LeaderElection12] INFO  impl.RoleInfo (RoleInfo.java:updateAndGet(139)) - 372aae33-6f7c-4d6f-ba4c-eadde7effafb: start 372aae33-6f7c-4d6f-ba4c-eadde7effafb@group-3679C7E9DD81-FollowerState
2022-10-11 08:14:10,431 [372aae33-6f7c-4d6f-ba4c-eadde7effafb@group-C5A9DB01C0B8-FollowerState] INFO  impl.FollowerState (FollowerState.java:run(143)) - 372aae33-6f7c-4d6f-ba4c-eadde7effafb@group-C5A9DB01C0B8-FollowerState: change to CANDIDATE, lastRpcElapsedTime:5118742182ns, electionTimeout:5108ms
2022-10-11 08:14:10,438 [372aae33-6f7c-4d6f-ba4c-eadde7effafb@group-C5A9DB01C0B8-FollowerState] INFO  impl.RoleInfo (RoleInfo.java:shutdownFollowerState(110)) - 372aae33-6f7c-4d6f-ba4c-eadde7effafb: shutdown 372aae33-6f7c-4d6f-ba4c-eadde7effafb@group-C5A9DB01C0B8-FollowerState
2022-10-11 08:14:10,438 [372aae33-6f7c-4d6f-ba4c-eadde7effafb@group-C5A9DB01C0B8-FollowerState] INFO  server.RaftServer$Division (RaftServerImpl.java:setRole(299)) - 372aae33-6f7c-4d6f-ba4c-eadde7effafb@group-C5A9DB01C0B8: changes role from  FOLLOWER to CANDIDATE at term 0 for changeToCandidate
2022-10-11 08:14:10,438 [372aae33-6f7c-4d6f-ba4c-eadde7effafb@group-C5A9DB01C0B8-FollowerState] INFO  server.RaftServerConfigKeys (ConfUtils.java:logGet(46)) - raft.server.leaderelection.pre-vote = false (custom)
2022-10-11 08:14:10,438 [372aae33-6f7c-4d6f-ba4c-eadde7effafb@group-C5A9DB01C0B8-FollowerState] INFO  impl.RoleInfo (RoleInfo.java:updateAndGet(139)) - 372aae33-6f7c-4d6f-ba4c-eadde7effafb: start 372aae33-6f7c-4d6f-ba4c-eadde7effafb@group-C5A9DB01C0B8-LeaderElection13
2022-10-11 08:14:10,458 [372aae33-6f7c-4d6f-ba4c-eadde7effafb@group-C5A9DB01C0B8-LeaderElection13] INFO  impl.LeaderElection (LeaderElection.java:askForVotes(310)) - 372aae33-6f7c-4d6f-ba4c-eadde7effafb@group-C5A9DB01C0B8-LeaderElection13 ELECTION round 0: submit vote requests at term 1 for -1: [f7d1a98c-0d33-4cfc-a34e-9915b3815335|rpc:10.1.0.76:40629|priority:0, 372aae33-6f7c-4d6f-ba4c-eadde7effafb|rpc:10.1.0.76:35509|priority:0, ee19ba41-361b-4acc-833e-c4e477a5e66e|rpc:10.1.0.76:33325|priority:1], old=null
2022-10-11 08:14:10,477 [ee19ba41-361b-4acc-833e-c4e477a5e66e@group-C5A9DB01C0B8-FollowerState] INFO  impl.FollowerState (FollowerState.java:run(143)) - ee19ba41-361b-4acc-833e-c4e477a5e66e@group-C5A9DB01C0B8-FollowerState: change to CANDIDATE, lastRpcElapsedTime:5095992078ns, electionTimeout:5077ms
2022-10-11 08:14:10,477 [ee19ba41-361b-4acc-833e-c4e477a5e66e@group-C5A9DB01C0B8-FollowerState] INFO  impl.RoleInfo (RoleInfo.java:shutdownFollowerState(110)) - ee19ba41-361b-4acc-833e-c4e477a5e66e: shutdown ee19ba41-361b-4acc-833e-c4e477a5e66e@group-C5A9DB01C0B8-FollowerState
2022-10-11 08:14:10,477 [ee19ba41-361b-4acc-833e-c4e477a5e66e@group-C5A9DB01C0B8-FollowerState] INFO  server.RaftServer$Division (RaftServerImpl.java:setRole(299)) - ee19ba41-361b-4acc-833e-c4e477a5e66e@group-C5A9DB01C0B8: changes role from  FOLLOWER to CANDIDATE at term 0 for changeToCandidate
2022-10-11 08:14:10,477 [ee19ba41-361b-4acc-833e-c4e477a5e66e@group-C5A9DB01C0B8-FollowerState] INFO  server.RaftServerConfigKeys (ConfUtils.java:logGet(46)) - raft.server.leaderelection.pre-vote = false (custom)
2022-10-11 08:14:10,477 [ee19ba41-361b-4acc-833e-c4e477a5e66e@group-C5A9DB01C0B8-FollowerState] INFO  impl.RoleInfo (RoleInfo.java:updateAndGet(139)) - ee19ba41-361b-4acc-833e-c4e477a5e66e: start ee19ba41-361b-4acc-833e-c4e477a5e66e@group-C5A9DB01C0B8-LeaderElection14
2022-10-11 08:14:10,487 [grpc-default-executor-1] INFO  server.RaftServer$Division (RaftServerImpl.java:requestVote(1152)) - f7d1a98c-0d33-4cfc-a34e-9915b3815335@group-C5A9DB01C0B8: receive requestVote(ELECTION, 372aae33-6f7c-4d6f-ba4c-eadde7effafb, group-C5A9DB01C0B8, 1, (t:0, i:0))
2022-10-11 08:14:10,487 [grpc-default-executor-1] INFO  impl.VoteContext (VoteContext.java:log(48)) - f7d1a98c-0d33-4cfc-a34e-9915b3815335@group-C5A9DB01C0B8-FOLLOWER: accept ELECTION from 372aae33-6f7c-4d6f-ba4c-eadde7effafb: our priority 0 <= candidate's priority 0
2022-10-11 08:14:10,487 [grpc-default-executor-1] INFO  server.RaftServer$Division (RaftServerImpl.java:setRole(299)) - f7d1a98c-0d33-4cfc-a34e-9915b3815335@group-C5A9DB01C0B8: changes role from  FOLLOWER to FOLLOWER at term 1 for candidate:372aae33-6f7c-4d6f-ba4c-eadde7effafb
2022-10-11 08:14:10,487 [grpc-default-executor-1] INFO  impl.RoleInfo (RoleInfo.java:shutdownFollowerState(110)) - f7d1a98c-0d33-4cfc-a34e-9915b3815335: shutdown f7d1a98c-0d33-4cfc-a34e-9915b3815335@group-C5A9DB01C0B8-FollowerState
2022-10-11 08:14:10,487 [grpc-default-executor-1] INFO  impl.RoleInfo (RoleInfo.java:updateAndGet(139)) - f7d1a98c-0d33-4cfc-a34e-9915b3815335: start f7d1a98c-0d33-4cfc-a34e-9915b3815335@group-C5A9DB01C0B8-FollowerState
2022-10-11 08:14:10,487 [f7d1a98c-0d33-4cfc-a34e-9915b3815335@group-C5A9DB01C0B8-FollowerState] INFO  impl.FollowerState (FollowerState.java:run(152)) - f7d1a98c-0d33-4cfc-a34e-9915b3815335@group-C5A9DB01C0B8-FollowerState was interrupted
2022-10-11 08:14:10,500 [grpc-default-executor-1] INFO  server.RaftServer$Division (RaftServerImpl.java:requestVote(1184)) - f7d1a98c-0d33-4cfc-a34e-9915b3815335@group-C5A9DB01C0B8 replies to ELECTION vote request: 372aae33-6f7c-4d6f-ba4c-eadde7effafb<-f7d1a98c-0d33-4cfc-a34e-9915b3815335#0:OK-t1. Peer's state: f7d1a98c-0d33-4cfc-a34e-9915b3815335@group-C5A9DB01C0B8:t1, leader=null, voted=372aae33-6f7c-4d6f-ba4c-eadde7effafb, raftlog=f7d1a98c-0d33-4cfc-a34e-9915b3815335@group-C5A9DB01C0B8-SegmentedRaftLog:OPENED:c-1, conf=-1: [f7d1a98c-0d33-4cfc-a34e-9915b3815335|rpc:10.1.0.76:40629|dataStream:|priority:0, 372aae33-6f7c-4d6f-ba4c-eadde7effafb|rpc:10.1.0.76:35509|dataStream:|priority:0, ee19ba41-361b-4acc-833e-c4e477a5e66e|rpc:10.1.0.76:33325|dataStream:|priority:1], old=null
2022-10-11 08:14:10,512 [grpc-default-executor-0] INFO  server.RaftServer$Division (RaftServerImpl.java:requestVote(1152)) - ee19ba41-361b-4acc-833e-c4e477a5e66e@group-C5A9DB01C0B8: receive requestVote(ELECTION, 372aae33-6f7c-4d6f-ba4c-eadde7effafb, group-C5A9DB01C0B8, 1, (t:0, i:0))
2022-10-11 08:14:10,515 [ee19ba41-361b-4acc-833e-c4e477a5e66e@group-C5A9DB01C0B8-LeaderElection14] INFO  impl.LeaderElection (LeaderElection.java:askForVotes(310)) - ee19ba41-361b-4acc-833e-c4e477a5e66e@group-C5A9DB01C0B8-LeaderElection14 ELECTION round 0: submit vote requests at term 1 for -1: [f7d1a98c-0d33-4cfc-a34e-9915b3815335|rpc:10.1.0.76:40629|dataStream:|priority:0, 372aae33-6f7c-4d6f-ba4c-eadde7effafb|rpc:10.1.0.76:35509|dataStream:|priority:0, ee19ba41-361b-4acc-833e-c4e477a5e66e|rpc:10.1.0.76:33325|dataStream:|priority:1], old=null
2022-10-11 08:14:10,519 [grpc-default-executor-0] INFO  impl.VoteContext (VoteContext.java:log(48)) - ee19ba41-361b-4acc-833e-c4e477a5e66e@group-C5A9DB01C0B8-CANDIDATE: reject ELECTION from 372aae33-6f7c-4d6f-ba4c-eadde7effafb: already has voted for ee19ba41-361b-4acc-833e-c4e477a5e66e at current term 1
2022-10-11 08:14:10,519 [grpc-default-executor-0] INFO  server.RaftServer$Division (RaftServerImpl.java:requestVote(1184)) - ee19ba41-361b-4acc-833e-c4e477a5e66e@group-C5A9DB01C0B8 replies to ELECTION vote request: 372aae33-6f7c-4d6f-ba4c-eadde7effafb<-ee19ba41-361b-4acc-833e-c4e477a5e66e#0:FAIL-t1. Peer's state: ee19ba41-361b-4acc-833e-c4e477a5e66e@group-C5A9DB01C0B8:t1, leader=null, voted=ee19ba41-361b-4acc-833e-c4e477a5e66e, raftlog=ee19ba41-361b-4acc-833e-c4e477a5e66e@group-C5A9DB01C0B8-SegmentedRaftLog:OPENED:c-1, conf=-1: [f7d1a98c-0d33-4cfc-a34e-9915b3815335|rpc:10.1.0.76:40629|dataStream:|priority:0, 372aae33-6f7c-4d6f-ba4c-eadde7effafb|rpc:10.1.0.76:35509|dataStream:|priority:0, ee19ba41-361b-4acc-833e-c4e477a5e66e|rpc:10.1.0.76:33325|dataStream:|priority:1], old=null
2022-10-11 08:14:10,532 [372aae33-6f7c-4d6f-ba4c-eadde7effafb@group-C5A9DB01C0B8-LeaderElection13] INFO  impl.LeaderElection (LeaderElection.java:logAndReturn(90)) - 372aae33-6f7c-4d6f-ba4c-eadde7effafb@group-C5A9DB01C0B8-LeaderElection13: ELECTION REJECTED received 2 response(s) and 0 exception(s):
2022-10-11 08:14:10,533 [372aae33-6f7c-4d6f-ba4c-eadde7effafb@group-C5A9DB01C0B8-LeaderElection13] INFO  impl.LeaderElection (LeaderElection.java:logAndReturn(94)) -   Response 0: 372aae33-6f7c-4d6f-ba4c-eadde7effafb<-f7d1a98c-0d33-4cfc-a34e-9915b3815335#0:OK-t1
2022-10-11 08:14:10,533 [372aae33-6f7c-4d6f-ba4c-eadde7effafb@group-C5A9DB01C0B8-LeaderElection13] INFO  impl.LeaderElection (LeaderElection.java:logAndReturn(94)) -   Response 1: 372aae33-6f7c-4d6f-ba4c-eadde7effafb<-ee19ba41-361b-4acc-833e-c4e477a5e66e#0:FAIL-t1
2022-10-11 08:14:10,533 [372aae33-6f7c-4d6f-ba4c-eadde7effafb@group-C5A9DB01C0B8-LeaderElection13] INFO  impl.LeaderElection (LeaderElection.java:askForVotes(312)) - 372aae33-6f7c-4d6f-ba4c-eadde7effafb@group-C5A9DB01C0B8-LeaderElection13 ELECTION round 0: result REJECTED
2022-10-11 08:14:10,533 [372aae33-6f7c-4d6f-ba4c-eadde7effafb@group-C5A9DB01C0B8-LeaderElection13] INFO  server.RaftServer$Division (RaftServerImpl.java:setRole(299)) - 372aae33-6f7c-4d6f-ba4c-eadde7effafb@group-C5A9DB01C0B8: changes role from CANDIDATE to FOLLOWER at term 1 for REJECTED
2022-10-11 08:14:10,533 [372aae33-6f7c-4d6f-ba4c-eadde7effafb@group-C5A9DB01C0B8-LeaderElection13] INFO  impl.RoleInfo (RoleInfo.java:shutdownLeaderElection(130)) - 372aae33-6f7c-4d6f-ba4c-eadde7effafb: shutdown 372aae33-6f7c-4d6f-ba4c-eadde7effafb@group-C5A9DB01C0B8-LeaderElection13
2022-10-11 08:14:10,533 [372aae33-6f7c-4d6f-ba4c-eadde7effafb@group-C5A9DB01C0B8-LeaderElection13] INFO  impl.RoleInfo (RoleInfo.java:updateAndGet(139)) - 372aae33-6f7c-4d6f-ba4c-eadde7effafb: start 372aae33-6f7c-4d6f-ba4c-eadde7effafb@group-C5A9DB01C0B8-FollowerState
2022-10-11 08:14:10,559 [Listener at 127.0.0.1/40309] INFO  ozone.MiniOzoneClusterImpl (MiniOzoneClusterImpl.java:lambda$waitForClusterToBeReady$0(216)) - Nodes are ready. Got 5 of 5 DN Heartbeats.
2022-10-11 08:14:10,561 [Listener at 127.0.0.1/40309] INFO  ozone.MiniOzoneClusterImpl (MiniOzoneClusterImpl.java:lambda$waitForClusterToBeReady$0(219)) - Waiting for cluster to exit safe mode
2022-10-11 08:14:10,561 [Listener at 127.0.0.1/40309] INFO  ozone.MiniOzoneClusterImpl (MiniOzoneClusterImpl.java:lambda$waitForClusterToBeReady$0(221)) - SCM became leader
2022-10-11 08:14:10,561 [grpc-default-executor-0] INFO  server.RaftServer$Division (RaftServerImpl.java:requestVote(1152)) - 372aae33-6f7c-4d6f-ba4c-eadde7effafb@group-C5A9DB01C0B8: receive requestVote(ELECTION, ee19ba41-361b-4acc-833e-c4e477a5e66e, group-C5A9DB01C0B8, 1, (t:0, i:0))
2022-10-11 08:14:10,561 [grpc-default-executor-0] INFO  impl.VoteContext (VoteContext.java:log(48)) - 372aae33-6f7c-4d6f-ba4c-eadde7effafb@group-C5A9DB01C0B8-FOLLOWER: reject ELECTION from ee19ba41-361b-4acc-833e-c4e477a5e66e: already has voted for 372aae33-6f7c-4d6f-ba4c-eadde7effafb at current term 1
2022-10-11 08:14:10,561 [grpc-default-executor-0] INFO  server.RaftServer$Division (RaftServerImpl.java:requestVote(1184)) - 372aae33-6f7c-4d6f-ba4c-eadde7effafb@group-C5A9DB01C0B8 replies to ELECTION vote request: ee19ba41-361b-4acc-833e-c4e477a5e66e<-372aae33-6f7c-4d6f-ba4c-eadde7effafb#0:FAIL-t1. Peer's state: 372aae33-6f7c-4d6f-ba4c-eadde7effafb@group-C5A9DB01C0B8:t1, leader=null, voted=372aae33-6f7c-4d6f-ba4c-eadde7effafb, raftlog=372aae33-6f7c-4d6f-ba4c-eadde7effafb@group-C5A9DB01C0B8-SegmentedRaftLog:OPENED:c-1, conf=-1: [f7d1a98c-0d33-4cfc-a34e-9915b3815335|rpc:10.1.0.76:40629|priority:0, 372aae33-6f7c-4d6f-ba4c-eadde7effafb|rpc:10.1.0.76:35509|priority:0, ee19ba41-361b-4acc-833e-c4e477a5e66e|rpc:10.1.0.76:33325|priority:1], old=null
2022-10-11 08:14:10,572 [grpc-default-executor-0] INFO  server.RaftServer$Division (RaftServerImpl.java:requestVote(1152)) - f7d1a98c-0d33-4cfc-a34e-9915b3815335@group-C5A9DB01C0B8: receive requestVote(ELECTION, ee19ba41-361b-4acc-833e-c4e477a5e66e, group-C5A9DB01C0B8, 1, (t:0, i:0))
2022-10-11 08:14:10,573 [grpc-default-executor-0] INFO  impl.VoteContext (VoteContext.java:log(48)) - f7d1a98c-0d33-4cfc-a34e-9915b3815335@group-C5A9DB01C0B8-FOLLOWER: reject ELECTION from ee19ba41-361b-4acc-833e-c4e477a5e66e: already has voted for 372aae33-6f7c-4d6f-ba4c-eadde7effafb at current term 1
2022-10-11 08:14:10,573 [grpc-default-executor-0] INFO  server.RaftServer$Division (RaftServerImpl.java:requestVote(1184)) - f7d1a98c-0d33-4cfc-a34e-9915b3815335@group-C5A9DB01C0B8 replies to ELECTION vote request: ee19ba41-361b-4acc-833e-c4e477a5e66e<-f7d1a98c-0d33-4cfc-a34e-9915b3815335#0:FAIL-t1. Peer's state: f7d1a98c-0d33-4cfc-a34e-9915b3815335@group-C5A9DB01C0B8:t1, leader=null, voted=372aae33-6f7c-4d6f-ba4c-eadde7effafb, raftlog=f7d1a98c-0d33-4cfc-a34e-9915b3815335@group-C5A9DB01C0B8-SegmentedRaftLog:OPENED:c-1, conf=-1: [f7d1a98c-0d33-4cfc-a34e-9915b3815335|rpc:10.1.0.76:40629|dataStream:|priority:0, 372aae33-6f7c-4d6f-ba4c-eadde7effafb|rpc:10.1.0.76:35509|dataStream:|priority:0, ee19ba41-361b-4acc-833e-c4e477a5e66e|rpc:10.1.0.76:33325|dataStream:|priority:1], old=null
2022-10-11 08:14:10,578 [ee19ba41-361b-4acc-833e-c4e477a5e66e@group-C5A9DB01C0B8-LeaderElection14] INFO  impl.LeaderElection (LeaderElection.java:logAndReturn(90)) - ee19ba41-361b-4acc-833e-c4e477a5e66e@group-C5A9DB01C0B8-LeaderElection14: ELECTION REJECTED received 2 response(s) and 0 exception(s):
2022-10-11 08:14:10,586 [ee19ba41-361b-4acc-833e-c4e477a5e66e@group-C5A9DB01C0B8-LeaderElection14] INFO  impl.LeaderElection (LeaderElection.java:logAndReturn(94)) -   Response 0: ee19ba41-361b-4acc-833e-c4e477a5e66e<-f7d1a98c-0d33-4cfc-a34e-9915b3815335#0:FAIL-t1
2022-10-11 08:14:10,586 [ee19ba41-361b-4acc-833e-c4e477a5e66e@group-C5A9DB01C0B8-LeaderElection14] INFO  impl.LeaderElection (LeaderElection.java:logAndReturn(94)) -   Response 1: ee19ba41-361b-4acc-833e-c4e477a5e66e<-372aae33-6f7c-4d6f-ba4c-eadde7effafb#0:FAIL-t1
2022-10-11 08:14:10,586 [ee19ba41-361b-4acc-833e-c4e477a5e66e@group-C5A9DB01C0B8-LeaderElection14] INFO  impl.LeaderElection (LeaderElection.java:askForVotes(312)) - ee19ba41-361b-4acc-833e-c4e477a5e66e@group-C5A9DB01C0B8-LeaderElection14 ELECTION round 0: result REJECTED
2022-10-11 08:14:10,586 [ee19ba41-361b-4acc-833e-c4e477a5e66e@group-C5A9DB01C0B8-LeaderElection14] INFO  server.RaftServer$Division (RaftServerImpl.java:setRole(299)) - ee19ba41-361b-4acc-833e-c4e477a5e66e@group-C5A9DB01C0B8: changes role from CANDIDATE to FOLLOWER at term 1 for REJECTED
2022-10-11 08:14:10,586 [ee19ba41-361b-4acc-833e-c4e477a5e66e@group-C5A9DB01C0B8-LeaderElection14] INFO  impl.RoleInfo (RoleInfo.java:shutdownLeaderElection(130)) - ee19ba41-361b-4acc-833e-c4e477a5e66e: shutdown ee19ba41-361b-4acc-833e-c4e477a5e66e@group-C5A9DB01C0B8-LeaderElection14
2022-10-11 08:14:10,586 [ee19ba41-361b-4acc-833e-c4e477a5e66e@group-C5A9DB01C0B8-LeaderElection14] INFO  impl.RoleInfo (RoleInfo.java:updateAndGet(139)) - ee19ba41-361b-4acc-833e-c4e477a5e66e: start ee19ba41-361b-4acc-833e-c4e477a5e66e@group-C5A9DB01C0B8-FollowerState
2022-10-11 08:14:10,664 [ee19ba41-361b-4acc-833e-c4e477a5e66e@group-E9E0C1525DB4-FollowerState] INFO  impl.FollowerState (FollowerState.java:run(143)) - ee19ba41-361b-4acc-833e-c4e477a5e66e@group-E9E0C1525DB4-FollowerState: change to CANDIDATE, lastRpcElapsedTime:5048270455ns, electionTimeout:5025ms
2022-10-11 08:14:10,666 [ee19ba41-361b-4acc-833e-c4e477a5e66e@group-E9E0C1525DB4-FollowerState] INFO  impl.RoleInfo (RoleInfo.java:shutdownFollowerState(110)) - ee19ba41-361b-4acc-833e-c4e477a5e66e: shutdown ee19ba41-361b-4acc-833e-c4e477a5e66e@group-E9E0C1525DB4-FollowerState
2022-10-11 08:14:10,666 [ee19ba41-361b-4acc-833e-c4e477a5e66e@group-E9E0C1525DB4-FollowerState] INFO  server.RaftServer$Division (RaftServerImpl.java:setRole(299)) - ee19ba41-361b-4acc-833e-c4e477a5e66e@group-E9E0C1525DB4: changes role from  FOLLOWER to CANDIDATE at term 0 for changeToCandidate
2022-10-11 08:14:10,666 [ee19ba41-361b-4acc-833e-c4e477a5e66e@group-E9E0C1525DB4-FollowerState] INFO  server.RaftServerConfigKeys (ConfUtils.java:logGet(46)) - raft.server.leaderelection.pre-vote = false (custom)
2022-10-11 08:14:10,666 [ee19ba41-361b-4acc-833e-c4e477a5e66e@group-E9E0C1525DB4-FollowerState] INFO  impl.RoleInfo (RoleInfo.java:updateAndGet(139)) - ee19ba41-361b-4acc-833e-c4e477a5e66e: start ee19ba41-361b-4acc-833e-c4e477a5e66e@group-E9E0C1525DB4-LeaderElection15
2022-10-11 08:14:10,683 [ee19ba41-361b-4acc-833e-c4e477a5e66e@group-E9E0C1525DB4-LeaderElection15] INFO  impl.LeaderElection (LeaderElection.java:askForVotes(310)) - ee19ba41-361b-4acc-833e-c4e477a5e66e@group-E9E0C1525DB4-LeaderElection15 ELECTION round 0: submit vote requests at term 1 for -1: [ee19ba41-361b-4acc-833e-c4e477a5e66e|rpc:10.1.0.76:33325|priority:1], old=null
2022-10-11 08:14:10,683 [ee19ba41-361b-4acc-833e-c4e477a5e66e@group-E9E0C1525DB4-LeaderElection15] INFO  impl.LeaderElection (LeaderElection.java:askForVotes(312)) - ee19ba41-361b-4acc-833e-c4e477a5e66e@group-E9E0C1525DB4-LeaderElection15 ELECTION round 0: result PASSED (term=1)
2022-10-11 08:14:10,683 [ee19ba41-361b-4acc-833e-c4e477a5e66e@group-E9E0C1525DB4-LeaderElection15] INFO  impl.RoleInfo (RoleInfo.java:shutdownLeaderElection(130)) - ee19ba41-361b-4acc-833e-c4e477a5e66e: shutdown ee19ba41-361b-4acc-833e-c4e477a5e66e@group-E9E0C1525DB4-LeaderElection15
2022-10-11 08:14:10,683 [ee19ba41-361b-4acc-833e-c4e477a5e66e@group-E9E0C1525DB4-LeaderElection15] INFO  server.RaftServer$Division (RaftServerImpl.java:setRole(299)) - ee19ba41-361b-4acc-833e-c4e477a5e66e@group-E9E0C1525DB4: changes role from CANDIDATE to LEADER at term 1 for changeToLeader
2022-10-11 08:14:10,683 [ee19ba41-361b-4acc-833e-c4e477a5e66e@group-E9E0C1525DB4-LeaderElection15] INFO  ratis.XceiverServerRatis (XceiverServerRatis.java:handleLeaderChangedNotification(863)) - Leader change notification received for group: group-E9E0C1525DB4 with new leaderId: ee19ba41-361b-4acc-833e-c4e477a5e66e
2022-10-11 08:14:10,685 [ee19ba41-361b-4acc-833e-c4e477a5e66e@group-E9E0C1525DB4-LeaderElection15] INFO  server.RaftServer$Division (ServerState.java:setLeader(287)) - ee19ba41-361b-4acc-833e-c4e477a5e66e@group-E9E0C1525DB4: change Leader from null to ee19ba41-361b-4acc-833e-c4e477a5e66e at term 1 for becomeLeader, leader elected after 5094ms
2022-10-11 08:14:10,685 [ee19ba41-361b-4acc-833e-c4e477a5e66e@group-E9E0C1525DB4-LeaderElection15] INFO  server.RaftServerConfigKeys (ConfUtils.java:logGet(46)) - raft.server.staging.catchup.gap = 1000 (default)
2022-10-11 08:14:10,685 [EventQueue-OpenPipelineForHealthyPipelineSafeModeRule] INFO  safemode.SCMSafeModeManager (HealthyPipelineSafeModeRule.java:process(137)) - SCM in safe mode. Healthy pipelines reported count is 0, required healthy pipeline reported count is 1
2022-10-11 08:14:10,687 [ee19ba41-361b-4acc-833e-c4e477a5e66e@group-E9E0C1525DB4-LeaderElection15] INFO  server.RaftServerConfigKeys (ConfUtils.java:logGet(46)) - raft.server.write.element-limit = 1024 (custom)
2022-10-11 08:14:10,688 [ee19ba41-361b-4acc-833e-c4e477a5e66e@group-E9E0C1525DB4-LeaderElection15] INFO  server.RaftServerConfigKeys (ConfUtils.java:logGet(46)) - raft.server.write.byte-limit = 1024 M (=1073741824) (custom)
2022-10-11 08:14:10,688 [ee19ba41-361b-4acc-833e-c4e477a5e66e@group-E9E0C1525DB4-LeaderElection15] INFO  server.RaftServerConfigKeys (ConfUtils.java:logGet(46)) - raft.server.watch.timeout = 180s (custom)
2022-10-11 08:14:10,688 [ee19ba41-361b-4acc-833e-c4e477a5e66e@group-E9E0C1525DB4-LeaderElection15] INFO  server.RaftServerConfigKeys (ConfUtils.java:logGet(46)) - raft.server.watch.timeout.denomination = 1s (default)
2022-10-11 08:14:10,688 [ee19ba41-361b-4acc-833e-c4e477a5e66e@group-E9E0C1525DB4-LeaderElection15] INFO  server.RaftServerConfigKeys (ConfUtils.java:logGet(46)) - raft.server.watch.element-limit = 65536 (default)
2022-10-11 08:14:10,688 [ee19ba41-361b-4acc-833e-c4e477a5e66e@group-E9E0C1525DB4-LeaderElection15] INFO  server.RaftServerConfigKeys (ConfUtils.java:logGet(46)) - raft.server.write.element-limit = 1024 (custom)
2022-10-11 08:14:10,688 [ee19ba41-361b-4acc-833e-c4e477a5e66e@group-E9E0C1525DB4-LeaderElection15] INFO  server.RaftServerConfigKeys (ConfUtils.java:logGet(46)) - raft.server.write.follower.gap.ratio.max = -1.0 (default)
2022-10-11 08:14:10,688 [ee19ba41-361b-4acc-833e-c4e477a5e66e@group-E9E0C1525DB4-LeaderElection15] INFO  impl.RoleInfo (RoleInfo.java:updateAndGet(139)) - ee19ba41-361b-4acc-833e-c4e477a5e66e: start ee19ba41-361b-4acc-833e-c4e477a5e66e@group-E9E0C1525DB4-LeaderStateImpl
2022-10-11 08:14:10,688 [ee19ba41-361b-4acc-833e-c4e477a5e66e@group-E9E0C1525DB4-LeaderElection15] INFO  segmented.SegmentedRaftLogWorker (SegmentedRaftLogWorker.java:startLogSegment(425)) - ee19ba41-361b-4acc-833e-c4e477a5e66e@group-E9E0C1525DB4-SegmentedRaftLogWorker: Starting segment from index:0
2022-10-11 08:14:10,692 [ee19ba41-361b-4acc-833e-c4e477a5e66e@group-E9E0C1525DB4-SegmentedRaftLogWorker] INFO  segmented.SegmentedRaftLogWorker (SegmentedRaftLogWorker.java:execute(629)) - ee19ba41-361b-4acc-833e-c4e477a5e66e@group-E9E0C1525DB4-SegmentedRaftLogWorker: created new log segment /home/runner/work/ozone/ozone/hadoop-ozone/integration-test/target/test-dir/MiniOzoneClusterImpl-e4d44f2f-a2b5-41e9-856a-44b560c8547e/datanode-1/data/ratis/980faea7-b1d1-42ae-bb0c-e9e0c1525db4/current/log_inprogress_0
2022-10-11 08:14:10,700 [ee19ba41-361b-4acc-833e-c4e477a5e66e@group-E9E0C1525DB4-LeaderElection15] INFO  server.RaftServer$Division (ServerState.java:setRaftConf(393)) - ee19ba41-361b-4acc-833e-c4e477a5e66e@group-E9E0C1525DB4: set configuration 0: [ee19ba41-361b-4acc-833e-c4e477a5e66e|rpc:10.1.0.76:33325|dataStream:|priority:1], old=null
2022-10-11 08:14:11,493 [f7d1a98c-0d33-4cfc-a34e-9915b3815335@group-DC5F4DAE86C9-FollowerState] INFO  impl.FollowerState (FollowerState.java:run(143)) - f7d1a98c-0d33-4cfc-a34e-9915b3815335@group-DC5F4DAE86C9-FollowerState: change to CANDIDATE, lastRpcElapsedTime:5204909885ns, electionTimeout:5190ms
2022-10-11 08:14:11,493 [f7d1a98c-0d33-4cfc-a34e-9915b3815335@group-DC5F4DAE86C9-FollowerState] INFO  impl.RoleInfo (RoleInfo.java:shutdownFollowerState(110)) - f7d1a98c-0d33-4cfc-a34e-9915b3815335: shutdown f7d1a98c-0d33-4cfc-a34e-9915b3815335@group-DC5F4DAE86C9-FollowerState
2022-10-11 08:14:11,494 [f7d1a98c-0d33-4cfc-a34e-9915b3815335@group-DC5F4DAE86C9-FollowerState] INFO  server.RaftServer$Division (RaftServerImpl.java:setRole(299)) - f7d1a98c-0d33-4cfc-a34e-9915b3815335@group-DC5F4DAE86C9: changes role from  FOLLOWER to CANDIDATE at term 0 for changeToCandidate
2022-10-11 08:14:11,494 [f7d1a98c-0d33-4cfc-a34e-9915b3815335@group-DC5F4DAE86C9-FollowerState] INFO  server.RaftServerConfigKeys (ConfUtils.java:logGet(46)) - raft.server.leaderelection.pre-vote = false (custom)
2022-10-11 08:14:11,494 [f7d1a98c-0d33-4cfc-a34e-9915b3815335@group-DC5F4DAE86C9-FollowerState] INFO  impl.RoleInfo (RoleInfo.java:updateAndGet(139)) - f7d1a98c-0d33-4cfc-a34e-9915b3815335: start f7d1a98c-0d33-4cfc-a34e-9915b3815335@group-DC5F4DAE86C9-LeaderElection16
2022-10-11 08:14:11,520 [f7d1a98c-0d33-4cfc-a34e-9915b3815335@group-DC5F4DAE86C9-LeaderElection16] INFO  impl.LeaderElection (LeaderElection.java:askForVotes(310)) - f7d1a98c-0d33-4cfc-a34e-9915b3815335@group-DC5F4DAE86C9-LeaderElection16 ELECTION round 0: submit vote requests at term 1 for -1: [f7d1a98c-0d33-4cfc-a34e-9915b3815335|rpc:10.1.0.76:40629|priority:1], old=null
2022-10-11 08:14:11,520 [f7d1a98c-0d33-4cfc-a34e-9915b3815335@group-DC5F4DAE86C9-LeaderElection16] INFO  impl.LeaderElection (LeaderElection.java:askForVotes(312)) - f7d1a98c-0d33-4cfc-a34e-9915b3815335@group-DC5F4DAE86C9-LeaderElection16 ELECTION round 0: result PASSED (term=1)
2022-10-11 08:14:11,520 [f7d1a98c-0d33-4cfc-a34e-9915b3815335@group-DC5F4DAE86C9-LeaderElection16] INFO  impl.RoleInfo (RoleInfo.java:shutdownLeaderElection(130)) - f7d1a98c-0d33-4cfc-a34e-9915b3815335: shutdown f7d1a98c-0d33-4cfc-a34e-9915b3815335@group-DC5F4DAE86C9-LeaderElection16
2022-10-11 08:14:11,520 [f7d1a98c-0d33-4cfc-a34e-9915b3815335@group-DC5F4DAE86C9-LeaderElection16] INFO  server.RaftServer$Division (RaftServerImpl.java:setRole(299)) - f7d1a98c-0d33-4cfc-a34e-9915b3815335@group-DC5F4DAE86C9: changes role from CANDIDATE to LEADER at term 1 for changeToLeader
2022-10-11 08:14:11,520 [f7d1a98c-0d33-4cfc-a34e-9915b3815335@group-DC5F4DAE86C9-LeaderElection16] INFO  ratis.XceiverServerRatis (XceiverServerRatis.java:handleLeaderChangedNotification(863)) - Leader change notification received for group: group-DC5F4DAE86C9 with new leaderId: f7d1a98c-0d33-4cfc-a34e-9915b3815335
2022-10-11 08:14:11,520 [f7d1a98c-0d33-4cfc-a34e-9915b3815335@group-DC5F4DAE86C9-LeaderElection16] INFO  server.RaftServer$Division (ServerState.java:setLeader(287)) - f7d1a98c-0d33-4cfc-a34e-9915b3815335@group-DC5F4DAE86C9: change Leader from null to f7d1a98c-0d33-4cfc-a34e-9915b3815335 at term 1 for becomeLeader, leader elected after 5271ms
2022-10-11 08:14:11,520 [f7d1a98c-0d33-4cfc-a34e-9915b3815335@group-DC5F4DAE86C9-LeaderElection16] INFO  server.RaftServerConfigKeys (ConfUtils.java:logGet(46)) - raft.server.staging.catchup.gap = 1000 (default)
2022-10-11 08:14:11,520 [f7d1a98c-0d33-4cfc-a34e-9915b3815335@group-DC5F4DAE86C9-LeaderElection16] INFO  server.RaftServerConfigKeys (ConfUtils.java:logGet(46)) - raft.server.write.element-limit = 1024 (custom)
2022-10-11 08:14:11,520 [f7d1a98c-0d33-4cfc-a34e-9915b3815335@group-DC5F4DAE86C9-LeaderElection16] INFO  server.RaftServerConfigKeys (ConfUtils.java:logGet(46)) - raft.server.write.byte-limit = 1024 M (=1073741824) (custom)
2022-10-11 08:14:11,521 [f7d1a98c-0d33-4cfc-a34e-9915b3815335@group-DC5F4DAE86C9-LeaderElection16] INFO  server.RaftServerConfigKeys (ConfUtils.java:logGet(46)) - raft.server.watch.timeout = 180s (custom)
2022-10-11 08:14:11,521 [f7d1a98c-0d33-4cfc-a34e-9915b3815335@group-DC5F4DAE86C9-LeaderElection16] INFO  server.RaftServerConfigKeys (ConfUtils.java:logGet(46)) - raft.server.watch.timeout.denomination = 1s (default)
2022-10-11 08:14:11,521 [f7d1a98c-0d33-4cfc-a34e-9915b3815335@group-DC5F4DAE86C9-LeaderElection16] INFO  server.RaftServerConfigKeys (ConfUtils.java:logGet(46)) - raft.server.watch.element-limit = 65536 (default)
2022-10-11 08:14:11,521 [f7d1a98c-0d33-4cfc-a34e-9915b3815335@group-DC5F4DAE86C9-LeaderElection16] INFO  server.RaftServerConfigKeys (ConfUtils.java:logGet(46)) - raft.server.write.element-limit = 1024 (custom)
2022-10-11 08:14:11,521 [f7d1a98c-0d33-4cfc-a34e-9915b3815335@group-DC5F4DAE86C9-LeaderElection16] INFO  server.RaftServerConfigKeys (ConfUtils.java:logGet(46)) - raft.server.write.follower.gap.ratio.max = -1.0 (default)
2022-10-11 08:14:11,521 [f7d1a98c-0d33-4cfc-a34e-9915b3815335@group-DC5F4DAE86C9-LeaderElection16] INFO  impl.RoleInfo (RoleInfo.java:updateAndGet(139)) - f7d1a98c-0d33-4cfc-a34e-9915b3815335: start f7d1a98c-0d33-4cfc-a34e-9915b3815335@group-DC5F4DAE86C9-LeaderStateImpl
2022-10-11 08:14:11,521 [f7d1a98c-0d33-4cfc-a34e-9915b3815335@group-DC5F4DAE86C9-LeaderElection16] INFO  segmented.SegmentedRaftLogWorker (SegmentedRaftLogWorker.java:startLogSegment(425)) - f7d1a98c-0d33-4cfc-a34e-9915b3815335@group-DC5F4DAE86C9-SegmentedRaftLogWorker: Starting segment from index:0
2022-10-11 08:14:11,524 [EventQueue-OpenPipelineForHealthyPipelineSafeModeRule] INFO  safemode.SCMSafeModeManager (HealthyPipelineSafeModeRule.java:process(137)) - SCM in safe mode. Healthy pipelines reported count is 0, required healthy pipeline reported count is 1
2022-10-11 08:14:11,527 [f7d1a98c-0d33-4cfc-a34e-9915b3815335@group-DC5F4DAE86C9-SegmentedRaftLogWorker] INFO  segmented.SegmentedRaftLogWorker (SegmentedRaftLogWorker.java:execute(629)) - f7d1a98c-0d33-4cfc-a34e-9915b3815335@group-DC5F4DAE86C9-SegmentedRaftLogWorker: created new log segment /home/runner/work/ozone/ozone/hadoop-ozone/integration-test/target/test-dir/MiniOzoneClusterImpl-e4d44f2f-a2b5-41e9-856a-44b560c8547e/datanode-2/data/ratis/31be5f59-98e8-4c46-942a-dc5f4dae86c9/current/log_inprogress_0
2022-10-11 08:14:11,543 [f7d1a98c-0d33-4cfc-a34e-9915b3815335@group-DC5F4DAE86C9-LeaderElection16] INFO  server.RaftServer$Division (ServerState.java:setRaftConf(393)) - f7d1a98c-0d33-4cfc-a34e-9915b3815335@group-DC5F4DAE86C9: set configuration 0: [f7d1a98c-0d33-4cfc-a34e-9915b3815335|rpc:10.1.0.76:40629|dataStream:|priority:1], old=null
2022-10-11 08:14:11,561 [Listener at 127.0.0.1/40309] INFO  ozone.MiniOzoneClusterImpl (MiniOzoneClusterImpl.java:lambda$waitForClusterToBeReady$0(216)) - Nodes are ready. Got 5 of 5 DN Heartbeats.
2022-10-11 08:14:11,561 [Listener at 127.0.0.1/40309] INFO  ozone.MiniOzoneClusterImpl (MiniOzoneClusterImpl.java:lambda$waitForClusterToBeReady$0(219)) - Waiting for cluster to exit safe mode
2022-10-11 08:14:11,561 [Listener at 127.0.0.1/40309] INFO  ozone.MiniOzoneClusterImpl (MiniOzoneClusterImpl.java:lambda$waitForClusterToBeReady$0(221)) - SCM became leader
2022-10-11 08:14:12,147 [1c211b8c-3572-4703-83f3-43ac8370d372@group-BF9B22302349-FollowerState] INFO  impl.FollowerState (FollowerState.java:run(143)) - 1c211b8c-3572-4703-83f3-43ac8370d372@group-BF9B22302349-FollowerState: change to CANDIDATE, lastRpcElapsedTime:5035375910ns, electionTimeout:5028ms
2022-10-11 08:14:12,147 [1c211b8c-3572-4703-83f3-43ac8370d372@group-BF9B22302349-FollowerState] INFO  impl.RoleInfo (RoleInfo.java:shutdownFollowerState(110)) - 1c211b8c-3572-4703-83f3-43ac8370d372: shutdown 1c211b8c-3572-4703-83f3-43ac8370d372@group-BF9B22302349-FollowerState
2022-10-11 08:14:12,147 [1c211b8c-3572-4703-83f3-43ac8370d372@group-BF9B22302349-FollowerState] INFO  server.RaftServer$Division (RaftServerImpl.java:setRole(299)) - 1c211b8c-3572-4703-83f3-43ac8370d372@group-BF9B22302349: changes role from  FOLLOWER to CANDIDATE at term 0 for changeToCandidate
2022-10-11 08:14:12,147 [1c211b8c-3572-4703-83f3-43ac8370d372@group-BF9B22302349-FollowerState] INFO  server.RaftServerConfigKeys (ConfUtils.java:logGet(46)) - raft.server.leaderelection.pre-vote = false (custom)
2022-10-11 08:14:12,147 [1c211b8c-3572-4703-83f3-43ac8370d372@group-BF9B22302349-FollowerState] INFO  impl.RoleInfo (RoleInfo.java:updateAndGet(139)) - 1c211b8c-3572-4703-83f3-43ac8370d372: start 1c211b8c-3572-4703-83f3-43ac8370d372@group-BF9B22302349-LeaderElection17
2022-10-11 08:14:12,182 [1c211b8c-3572-4703-83f3-43ac8370d372@group-BF9B22302349-LeaderElection17] INFO  impl.LeaderElection (LeaderElection.java:askForVotes(310)) - 1c211b8c-3572-4703-83f3-43ac8370d372@group-BF9B22302349-LeaderElection17 ELECTION round 0: submit vote requests at term 1 for -1: [1c211b8c-3572-4703-83f3-43ac8370d372|rpc:10.1.0.76:38781|priority:1], old=null
2022-10-11 08:14:12,182 [1c211b8c-3572-4703-83f3-43ac8370d372@group-BF9B22302349-LeaderElection17] INFO  impl.LeaderElection (LeaderElection.java:askForVotes(312)) - 1c211b8c-3572-4703-83f3-43ac8370d372@group-BF9B22302349-LeaderElection17 ELECTION round 0: result PASSED (term=1)
2022-10-11 08:14:12,182 [1c211b8c-3572-4703-83f3-43ac8370d372@group-BF9B22302349-LeaderElection17] INFO  impl.RoleInfo (RoleInfo.java:shutdownLeaderElection(130)) - 1c211b8c-3572-4703-83f3-43ac8370d372: shutdown 1c211b8c-3572-4703-83f3-43ac8370d372@group-BF9B22302349-LeaderElection17
2022-10-11 08:14:12,182 [1c211b8c-3572-4703-83f3-43ac8370d372@group-BF9B22302349-LeaderElection17] INFO  server.RaftServer$Division (RaftServerImpl.java:setRole(299)) - 1c211b8c-3572-4703-83f3-43ac8370d372@group-BF9B22302349: changes role from CANDIDATE to LEADER at term 1 for changeToLeader
2022-10-11 08:14:12,182 [1c211b8c-3572-4703-83f3-43ac8370d372@group-BF9B22302349-LeaderElection17] INFO  ratis.XceiverServerRatis (XceiverServerRatis.java:handleLeaderChangedNotification(863)) - Leader change notification received for group: group-BF9B22302349 with new leaderId: 1c211b8c-3572-4703-83f3-43ac8370d372
2022-10-11 08:14:12,182 [1c211b8c-3572-4703-83f3-43ac8370d372@group-BF9B22302349-LeaderElection17] INFO  server.RaftServer$Division (ServerState.java:setLeader(287)) - 1c211b8c-3572-4703-83f3-43ac8370d372@group-BF9B22302349: change Leader from null to 1c211b8c-3572-4703-83f3-43ac8370d372 at term 1 for becomeLeader, leader elected after 5087ms
2022-10-11 08:14:12,182 [1c211b8c-3572-4703-83f3-43ac8370d372@group-BF9B22302349-LeaderElection17] INFO  server.RaftServerConfigKeys (ConfUtils.java:logGet(46)) - raft.server.staging.catchup.gap = 1000 (default)
2022-10-11 08:14:12,182 [1c211b8c-3572-4703-83f3-43ac8370d372@group-BF9B22302349-LeaderElection17] INFO  server.RaftServerConfigKeys (ConfUtils.java:logGet(46)) - raft.server.write.element-limit = 1024 (custom)
2022-10-11 08:14:12,182 [1c211b8c-3572-4703-83f3-43ac8370d372@group-BF9B22302349-LeaderElection17] INFO  server.RaftServerConfigKeys (ConfUtils.java:logGet(46)) - raft.server.write.byte-limit = 1024 M (=1073741824) (custom)
2022-10-11 08:14:12,183 [1c211b8c-3572-4703-83f3-43ac8370d372@group-BF9B22302349-LeaderElection17] INFO  server.RaftServerConfigKeys (ConfUtils.java:logGet(46)) - raft.server.watch.timeout = 180s (custom)
2022-10-11 08:14:12,183 [1c211b8c-3572-4703-83f3-43ac8370d372@group-BF9B22302349-LeaderElection17] INFO  server.RaftServerConfigKeys (ConfUtils.java:logGet(46)) - raft.server.watch.timeout.denomination = 1s (default)
2022-10-11 08:14:12,183 [1c211b8c-3572-4703-83f3-43ac8370d372@group-BF9B22302349-LeaderElection17] INFO  server.RaftServerConfigKeys (ConfUtils.java:logGet(46)) - raft.server.watch.element-limit = 65536 (default)
2022-10-11 08:14:12,183 [1c211b8c-3572-4703-83f3-43ac8370d372@group-BF9B22302349-LeaderElection17] INFO  server.RaftServerConfigKeys (ConfUtils.java:logGet(46)) - raft.server.write.element-limit = 1024 (custom)
2022-10-11 08:14:12,183 [1c211b8c-3572-4703-83f3-43ac8370d372@group-BF9B22302349-LeaderElection17] INFO  server.RaftServerConfigKeys (ConfUtils.java:logGet(46)) - raft.server.write.follower.gap.ratio.max = -1.0 (default)
2022-10-11 08:14:12,183 [1c211b8c-3572-4703-83f3-43ac8370d372@group-BF9B22302349-LeaderElection17] INFO  impl.RoleInfo (RoleInfo.java:updateAndGet(139)) - 1c211b8c-3572-4703-83f3-43ac8370d372: start 1c211b8c-3572-4703-83f3-43ac8370d372@group-BF9B22302349-LeaderStateImpl
2022-10-11 08:14:12,183 [1c211b8c-3572-4703-83f3-43ac8370d372@group-BF9B22302349-LeaderElection17] INFO  segmented.SegmentedRaftLogWorker (SegmentedRaftLogWorker.java:startLogSegment(425)) - 1c211b8c-3572-4703-83f3-43ac8370d372@group-BF9B22302349-SegmentedRaftLogWorker: Starting segment from index:0
2022-10-11 08:14:12,187 [1c211b8c-3572-4703-83f3-43ac8370d372@group-BF9B22302349-LeaderElection17] INFO  server.RaftServer$Division (ServerState.java:setRaftConf(393)) - 1c211b8c-3572-4703-83f3-43ac8370d372@group-BF9B22302349: set configuration 0: [1c211b8c-3572-4703-83f3-43ac8370d372|rpc:10.1.0.76:38781|dataStream:|priority:1], old=null
2022-10-11 08:14:12,189 [EventQueue-OpenPipelineForHealthyPipelineSafeModeRule] INFO  safemode.SCMSafeModeManager (HealthyPipelineSafeModeRule.java:process(137)) - SCM in safe mode. Healthy pipelines reported count is 0, required healthy pipeline reported count is 1
2022-10-11 08:14:12,198 [1c211b8c-3572-4703-83f3-43ac8370d372@group-BF9B22302349-SegmentedRaftLogWorker] INFO  segmented.SegmentedRaftLogWorker (SegmentedRaftLogWorker.java:execute(629)) - 1c211b8c-3572-4703-83f3-43ac8370d372@group-BF9B22302349-SegmentedRaftLogWorker: created new log segment /home/runner/work/ozone/ozone/hadoop-ozone/integration-test/target/test-dir/MiniOzoneClusterImpl-e4d44f2f-a2b5-41e9-856a-44b560c8547e/datanode-3/data/ratis/7c958173-3f85-43c4-b5f2-bf9b22302349/current/log_inprogress_0
2022-10-11 08:14:12,561 [Listener at 127.0.0.1/40309] INFO  ozone.MiniOzoneClusterImpl (MiniOzoneClusterImpl.java:lambda$waitForClusterToBeReady$0(216)) - Nodes are ready. Got 5 of 5 DN Heartbeats.
2022-10-11 08:14:12,562 [Listener at 127.0.0.1/40309] INFO  ozone.MiniOzoneClusterImpl (MiniOzoneClusterImpl.java:lambda$waitForClusterToBeReady$0(219)) - Waiting for cluster to exit safe mode
2022-10-11 08:14:12,562 [Listener at 127.0.0.1/40309] INFO  ozone.MiniOzoneClusterImpl (MiniOzoneClusterImpl.java:lambda$waitForClusterToBeReady$0(221)) - SCM became leader
2022-10-11 08:14:12,782 [9a84da48-1a2f-45a5-8375-d5813bb76e7a@group-17546A82F8D4-FollowerState] INFO  impl.FollowerState (FollowerState.java:run(143)) - 9a84da48-1a2f-45a5-8375-d5813bb76e7a@group-17546A82F8D4-FollowerState: change to CANDIDATE, lastRpcElapsedTime:5181457206ns, electionTimeout:5178ms
2022-10-11 08:14:12,783 [9a84da48-1a2f-45a5-8375-d5813bb76e7a@group-17546A82F8D4-FollowerState] INFO  impl.RoleInfo (RoleInfo.java:shutdownFollowerState(110)) - 9a84da48-1a2f-45a5-8375-d5813bb76e7a: shutdown 9a84da48-1a2f-45a5-8375-d5813bb76e7a@group-17546A82F8D4-FollowerState
2022-10-11 08:14:12,783 [9a84da48-1a2f-45a5-8375-d5813bb76e7a@group-17546A82F8D4-FollowerState] INFO  server.RaftServer$Division (RaftServerImpl.java:setRole(299)) - 9a84da48-1a2f-45a5-8375-d5813bb76e7a@group-17546A82F8D4: changes role from  FOLLOWER to CANDIDATE at term 0 for changeToCandidate
2022-10-11 08:14:12,783 [9a84da48-1a2f-45a5-8375-d5813bb76e7a@group-17546A82F8D4-FollowerState] INFO  server.RaftServerConfigKeys (ConfUtils.java:logGet(46)) - raft.server.leaderelection.pre-vote = false (custom)
2022-10-11 08:14:12,783 [9a84da48-1a2f-45a5-8375-d5813bb76e7a@group-17546A82F8D4-FollowerState] INFO  impl.RoleInfo (RoleInfo.java:updateAndGet(139)) - 9a84da48-1a2f-45a5-8375-d5813bb76e7a: start 9a84da48-1a2f-45a5-8375-d5813bb76e7a@group-17546A82F8D4-LeaderElection18
2022-10-11 08:14:12,820 [9a84da48-1a2f-45a5-8375-d5813bb76e7a@group-17546A82F8D4-LeaderElection18] INFO  impl.LeaderElection (LeaderElection.java:askForVotes(310)) - 9a84da48-1a2f-45a5-8375-d5813bb76e7a@group-17546A82F8D4-LeaderElection18 ELECTION round 0: submit vote requests at term 1 for -1: [9a84da48-1a2f-45a5-8375-d5813bb76e7a|rpc:10.1.0.76:45449|priority:1], old=null
2022-10-11 08:14:12,820 [9a84da48-1a2f-45a5-8375-d5813bb76e7a@group-17546A82F8D4-LeaderElection18] INFO  impl.LeaderElection (LeaderElection.java:askForVotes(312)) - 9a84da48-1a2f-45a5-8375-d5813bb76e7a@group-17546A82F8D4-LeaderElection18 ELECTION round 0: result PASSED (term=1)
2022-10-11 08:14:12,820 [9a84da48-1a2f-45a5-8375-d5813bb76e7a@group-17546A82F8D4-LeaderElection18] INFO  impl.RoleInfo (RoleInfo.java:shutdownLeaderElection(130)) - 9a84da48-1a2f-45a5-8375-d5813bb76e7a: shutdown 9a84da48-1a2f-45a5-8375-d5813bb76e7a@group-17546A82F8D4-LeaderElection18
2022-10-11 08:14:12,820 [9a84da48-1a2f-45a5-8375-d5813bb76e7a@group-17546A82F8D4-LeaderElection18] INFO  server.RaftServer$Division (RaftServerImpl.java:setRole(299)) - 9a84da48-1a2f-45a5-8375-d5813bb76e7a@group-17546A82F8D4: changes role from CANDIDATE to LEADER at term 1 for changeToLeader
2022-10-11 08:14:12,820 [9a84da48-1a2f-45a5-8375-d5813bb76e7a@group-17546A82F8D4-LeaderElection18] INFO  ratis.XceiverServerRatis (XceiverServerRatis.java:handleLeaderChangedNotification(863)) - Leader change notification received for group: group-17546A82F8D4 with new leaderId: 9a84da48-1a2f-45a5-8375-d5813bb76e7a
2022-10-11 08:14:12,820 [9a84da48-1a2f-45a5-8375-d5813bb76e7a@group-17546A82F8D4-LeaderElection18] INFO  server.RaftServer$Division (ServerState.java:setLeader(287)) - 9a84da48-1a2f-45a5-8375-d5813bb76e7a@group-17546A82F8D4: change Leader from null to 9a84da48-1a2f-45a5-8375-d5813bb76e7a at term 1 for becomeLeader, leader elected after 5237ms
2022-10-11 08:14:12,820 [9a84da48-1a2f-45a5-8375-d5813bb76e7a@group-17546A82F8D4-LeaderElection18] INFO  server.RaftServerConfigKeys (ConfUtils.java:logGet(46)) - raft.server.staging.catchup.gap = 1000 (default)
2022-10-11 08:14:12,821 [9a84da48-1a2f-45a5-8375-d5813bb76e7a@group-17546A82F8D4-LeaderElection18] INFO  server.RaftServerConfigKeys (ConfUtils.java:logGet(46)) - raft.server.write.element-limit = 1024 (custom)
2022-10-11 08:14:12,821 [9a84da48-1a2f-45a5-8375-d5813bb76e7a@group-17546A82F8D4-LeaderElection18] INFO  server.RaftServerConfigKeys (ConfUtils.java:logGet(46)) - raft.server.write.byte-limit = 1024 M (=1073741824) (custom)
2022-10-11 08:14:12,821 [9a84da48-1a2f-45a5-8375-d5813bb76e7a@group-17546A82F8D4-LeaderElection18] INFO  server.RaftServerConfigKeys (ConfUtils.java:logGet(46)) - raft.server.watch.timeout = 180s (custom)
2022-10-11 08:14:12,821 [9a84da48-1a2f-45a5-8375-d5813bb76e7a@group-17546A82F8D4-LeaderElection18] INFO  server.RaftServerConfigKeys (ConfUtils.java:logGet(46)) - raft.server.watch.timeout.denomination = 1s (default)
2022-10-11 08:14:12,821 [9a84da48-1a2f-45a5-8375-d5813bb76e7a@group-17546A82F8D4-LeaderElection18] INFO  server.RaftServerConfigKeys (ConfUtils.java:logGet(46)) - raft.server.watch.element-limit = 65536 (default)
2022-10-11 08:14:12,821 [9a84da48-1a2f-45a5-8375-d5813bb76e7a@group-17546A82F8D4-LeaderElection18] INFO  server.RaftServerConfigKeys (ConfUtils.java:logGet(46)) - raft.server.write.element-limit = 1024 (custom)
2022-10-11 08:14:12,821 [9a84da48-1a2f-45a5-8375-d5813bb76e7a@group-17546A82F8D4-LeaderElection18] INFO  server.RaftServerConfigKeys (ConfUtils.java:logGet(46)) - raft.server.write.follower.gap.ratio.max = -1.0 (default)
2022-10-11 08:14:12,821 [9a84da48-1a2f-45a5-8375-d5813bb76e7a@group-17546A82F8D4-LeaderElection18] INFO  impl.RoleInfo (RoleInfo.java:updateAndGet(139)) - 9a84da48-1a2f-45a5-8375-d5813bb76e7a: start 9a84da48-1a2f-45a5-8375-d5813bb76e7a@group-17546A82F8D4-LeaderStateImpl
2022-10-11 08:14:12,821 [9a84da48-1a2f-45a5-8375-d5813bb76e7a@group-17546A82F8D4-LeaderElection18] INFO  segmented.SegmentedRaftLogWorker (SegmentedRaftLogWorker.java:startLogSegment(425)) - 9a84da48-1a2f-45a5-8375-d5813bb76e7a@group-17546A82F8D4-SegmentedRaftLogWorker: Starting segment from index:0
2022-10-11 08:14:12,823 [EventQueue-OpenPipelineForHealthyPipelineSafeModeRule] INFO  safemode.SCMSafeModeManager (HealthyPipelineSafeModeRule.java:process(137)) - SCM in safe mode. Healthy pipelines reported count is 0, required healthy pipeline reported count is 1
2022-10-11 08:14:12,824 [9a84da48-1a2f-45a5-8375-d5813bb76e7a@group-17546A82F8D4-SegmentedRaftLogWorker] INFO  segmented.SegmentedRaftLogWorker (SegmentedRaftLogWorker.java:execute(629)) - 9a84da48-1a2f-45a5-8375-d5813bb76e7a@group-17546A82F8D4-SegmentedRaftLogWorker: created new log segment /home/runner/work/ozone/ozone/hadoop-ozone/integration-test/target/test-dir/MiniOzoneClusterImpl-e4d44f2f-a2b5-41e9-856a-44b560c8547e/datanode-4/data/ratis/3e7804c9-b803-4dc0-8b16-17546a82f8d4/current/log_inprogress_0
2022-10-11 08:14:12,827 [9a84da48-1a2f-45a5-8375-d5813bb76e7a@group-17546A82F8D4-LeaderElection18] INFO  server.RaftServer$Division (ServerState.java:setRaftConf(393)) - 9a84da48-1a2f-45a5-8375-d5813bb76e7a@group-17546A82F8D4: set configuration 0: [9a84da48-1a2f-45a5-8375-d5813bb76e7a|rpc:10.1.0.76:45449|dataStream:|priority:1], old=null
2022-10-11 08:14:13,562 [Listener at 127.0.0.1/40309] INFO  ozone.MiniOzoneClusterImpl (MiniOzoneClusterImpl.java:lambda$waitForClusterToBeReady$0(216)) - Nodes are ready. Got 5 of 5 DN Heartbeats.
2022-10-11 08:14:13,562 [Listener at 127.0.0.1/40309] INFO  ozone.MiniOzoneClusterImpl (MiniOzoneClusterImpl.java:lambda$waitForClusterToBeReady$0(219)) - Waiting for cluster to exit safe mode
2022-10-11 08:14:13,562 [Listener at 127.0.0.1/40309] INFO  ozone.MiniOzoneClusterImpl (MiniOzoneClusterImpl.java:lambda$waitForClusterToBeReady$0(221)) - SCM became leader
2022-10-11 08:14:14,562 [Listener at 127.0.0.1/40309] INFO  ozone.MiniOzoneClusterImpl (MiniOzoneClusterImpl.java:lambda$waitForClusterToBeReady$0(216)) - Nodes are ready. Got 5 of 5 DN Heartbeats.
2022-10-11 08:14:14,563 [Listener at 127.0.0.1/40309] INFO  ozone.MiniOzoneClusterImpl (MiniOzoneClusterImpl.java:lambda$waitForClusterToBeReady$0(219)) - Waiting for cluster to exit safe mode
2022-10-11 08:14:14,563 [Listener at 127.0.0.1/40309] INFO  ozone.MiniOzoneClusterImpl (MiniOzoneClusterImpl.java:lambda$waitForClusterToBeReady$0(221)) - SCM became leader
2022-10-11 08:14:15,394 [372aae33-6f7c-4d6f-ba4c-eadde7effafb@group-3679C7E9DD81-FollowerState] INFO  impl.FollowerState (FollowerState.java:run(143)) - 372aae33-6f7c-4d6f-ba4c-eadde7effafb@group-3679C7E9DD81-FollowerState: change to CANDIDATE, lastRpcElapsedTime:5063969859ns, electionTimeout:5036ms
2022-10-11 08:14:15,395 [372aae33-6f7c-4d6f-ba4c-eadde7effafb@group-3679C7E9DD81-FollowerState] INFO  impl.RoleInfo (RoleInfo.java:shutdownFollowerState(110)) - 372aae33-6f7c-4d6f-ba4c-eadde7effafb: shutdown 372aae33-6f7c-4d6f-ba4c-eadde7effafb@group-3679C7E9DD81-FollowerState
2022-10-11 08:14:15,395 [372aae33-6f7c-4d6f-ba4c-eadde7effafb@group-3679C7E9DD81-FollowerState] INFO  server.RaftServer$Division (RaftServerImpl.java:setRole(299)) - 372aae33-6f7c-4d6f-ba4c-eadde7effafb@group-3679C7E9DD81: changes role from  FOLLOWER to CANDIDATE at term 1 for changeToCandidate
2022-10-11 08:14:15,395 [372aae33-6f7c-4d6f-ba4c-eadde7effafb@group-3679C7E9DD81-FollowerState] INFO  server.RaftServerConfigKeys (ConfUtils.java:logGet(46)) - raft.server.leaderelection.pre-vote = false (custom)
2022-10-11 08:14:15,395 [372aae33-6f7c-4d6f-ba4c-eadde7effafb@group-3679C7E9DD81-FollowerState] INFO  impl.RoleInfo (RoleInfo.java:updateAndGet(139)) - 372aae33-6f7c-4d6f-ba4c-eadde7effafb: start 372aae33-6f7c-4d6f-ba4c-eadde7effafb@group-3679C7E9DD81-LeaderElection19
2022-10-11 08:14:15,414 [372aae33-6f7c-4d6f-ba4c-eadde7effafb@group-3679C7E9DD81-LeaderElection19] INFO  impl.LeaderElection (LeaderElection.java:askForVotes(310)) - 372aae33-6f7c-4d6f-ba4c-eadde7effafb@group-3679C7E9DD81-LeaderElection19 ELECTION round 0: submit vote requests at term 2 for -1: [f7d1a98c-0d33-4cfc-a34e-9915b3815335|rpc:10.1.0.76:40629|priority:1, 372aae33-6f7c-4d6f-ba4c-eadde7effafb|rpc:10.1.0.76:35509|priority:0, ee19ba41-361b-4acc-833e-c4e477a5e66e|rpc:10.1.0.76:33325|priority:0], old=null
2022-10-11 08:14:15,434 [f7d1a98c-0d33-4cfc-a34e-9915b3815335@group-3679C7E9DD81-FollowerState] INFO  impl.FollowerState (FollowerState.java:run(143)) - f7d1a98c-0d33-4cfc-a34e-9915b3815335@group-3679C7E9DD81-FollowerState: change to CANDIDATE, lastRpcElapsedTime:5139870539ns, electionTimeout:5139ms
2022-10-11 08:14:15,435 [f7d1a98c-0d33-4cfc-a34e-9915b3815335@group-3679C7E9DD81-FollowerState] INFO  impl.RoleInfo (RoleInfo.java:shutdownFollowerState(110)) - f7d1a98c-0d33-4cfc-a34e-9915b3815335: shutdown f7d1a98c-0d33-4cfc-a34e-9915b3815335@group-3679C7E9DD81-FollowerState
2022-10-11 08:14:15,435 [f7d1a98c-0d33-4cfc-a34e-9915b3815335@group-3679C7E9DD81-FollowerState] INFO  server.RaftServer$Division (RaftServerImpl.java:setRole(299)) - f7d1a98c-0d33-4cfc-a34e-9915b3815335@group-3679C7E9DD81: changes role from  FOLLOWER to CANDIDATE at term 1 for changeToCandidate
2022-10-11 08:14:15,438 [f7d1a98c-0d33-4cfc-a34e-9915b3815335@group-3679C7E9DD81-FollowerState] INFO  server.RaftServerConfigKeys (ConfUtils.java:logGet(46)) - raft.server.leaderelection.pre-vote = false (custom)
2022-10-11 08:14:15,438 [f7d1a98c-0d33-4cfc-a34e-9915b3815335@group-3679C7E9DD81-FollowerState] INFO  impl.RoleInfo (RoleInfo.java:updateAndGet(139)) - f7d1a98c-0d33-4cfc-a34e-9915b3815335: start f7d1a98c-0d33-4cfc-a34e-9915b3815335@group-3679C7E9DD81-LeaderElection20
2022-10-11 08:14:15,452 [grpc-default-executor-0] INFO  server.RaftServer$Division (RaftServerImpl.java:requestVote(1152)) - ee19ba41-361b-4acc-833e-c4e477a5e66e@group-3679C7E9DD81: receive requestVote(ELECTION, 372aae33-6f7c-4d6f-ba4c-eadde7effafb, group-3679C7E9DD81, 2, (t:0, i:0))
2022-10-11 08:14:15,452 [grpc-default-executor-0] INFO  impl.VoteContext (VoteContext.java:log(48)) - ee19ba41-361b-4acc-833e-c4e477a5e66e@group-3679C7E9DD81-FOLLOWER: accept ELECTION from 372aae33-6f7c-4d6f-ba4c-eadde7effafb: our priority 0 <= candidate's priority 0
2022-10-11 08:14:15,452 [grpc-default-executor-0] INFO  server.RaftServer$Division (RaftServerImpl.java:setRole(299)) - ee19ba41-361b-4acc-833e-c4e477a5e66e@group-3679C7E9DD81: changes role from  FOLLOWER to FOLLOWER at term 2 for candidate:372aae33-6f7c-4d6f-ba4c-eadde7effafb
2022-10-11 08:14:15,452 [grpc-default-executor-0] INFO  impl.RoleInfo (RoleInfo.java:shutdownFollowerState(110)) - ee19ba41-361b-4acc-833e-c4e477a5e66e: shutdown ee19ba41-361b-4acc-833e-c4e477a5e66e@group-3679C7E9DD81-FollowerState
2022-10-11 08:14:15,452 [grpc-default-executor-0] INFO  impl.RoleInfo (RoleInfo.java:updateAndGet(139)) - ee19ba41-361b-4acc-833e-c4e477a5e66e: start ee19ba41-361b-4acc-833e-c4e477a5e66e@group-3679C7E9DD81-FollowerState
2022-10-11 08:14:15,454 [ee19ba41-361b-4acc-833e-c4e477a5e66e@group-3679C7E9DD81-FollowerState] INFO  impl.FollowerState (FollowerState.java:run(152)) - ee19ba41-361b-4acc-833e-c4e477a5e66e@group-3679C7E9DD81-FollowerState was interrupted
2022-10-11 08:14:15,467 [grpc-default-executor-0] INFO  server.RaftServer$Division (RaftServerImpl.java:requestVote(1184)) - ee19ba41-361b-4acc-833e-c4e477a5e66e@group-3679C7E9DD81 replies to ELECTION vote request: 372aae33-6f7c-4d6f-ba4c-eadde7effafb<-ee19ba41-361b-4acc-833e-c4e477a5e66e#0:OK-t2. Peer's state: ee19ba41-361b-4acc-833e-c4e477a5e66e@group-3679C7E9DD81:t2, leader=null, voted=372aae33-6f7c-4d6f-ba4c-eadde7effafb, raftlog=ee19ba41-361b-4acc-833e-c4e477a5e66e@group-3679C7E9DD81-SegmentedRaftLog:OPENED:c-1, conf=-1: [f7d1a98c-0d33-4cfc-a34e-9915b3815335|rpc:10.1.0.76:40629|dataStream:|priority:1, 372aae33-6f7c-4d6f-ba4c-eadde7effafb|rpc:10.1.0.76:35509|dataStream:|priority:0, ee19ba41-361b-4acc-833e-c4e477a5e66e|rpc:10.1.0.76:33325|dataStream:|priority:0], old=null
2022-10-11 08:14:15,475 [grpc-default-executor-1] INFO  server.RaftServer$Division (RaftServerImpl.java:requestVote(1152)) - f7d1a98c-0d33-4cfc-a34e-9915b3815335@group-3679C7E9DD81: receive requestVote(ELECTION, 372aae33-6f7c-4d6f-ba4c-eadde7effafb, group-3679C7E9DD81, 2, (t:0, i:0))
2022-10-11 08:14:15,495 [f7d1a98c-0d33-4cfc-a34e-9915b3815335@group-3679C7E9DD81-LeaderElection20] INFO  impl.LeaderElection (LeaderElection.java:askForVotes(310)) - f7d1a98c-0d33-4cfc-a34e-9915b3815335@group-3679C7E9DD81-LeaderElection20 ELECTION round 0: submit vote requests at term 2 for -1: [f7d1a98c-0d33-4cfc-a34e-9915b3815335|rpc:10.1.0.76:40629|dataStream:|priority:1, 372aae33-6f7c-4d6f-ba4c-eadde7effafb|rpc:10.1.0.76:35509|dataStream:|priority:0, ee19ba41-361b-4acc-833e-c4e477a5e66e|rpc:10.1.0.76:33325|dataStream:|priority:0], old=null
2022-10-11 08:14:15,510 [grpc-default-executor-1] INFO  impl.VoteContext (VoteContext.java:log(48)) - f7d1a98c-0d33-4cfc-a34e-9915b3815335@group-3679C7E9DD81-CANDIDATE: reject ELECTION from 372aae33-6f7c-4d6f-ba4c-eadde7effafb: already has voted for f7d1a98c-0d33-4cfc-a34e-9915b3815335 at current term 2
2022-10-11 08:14:15,537 [grpc-default-executor-1] INFO  server.RaftServer$Division (RaftServerImpl.java:requestVote(1184)) - f7d1a98c-0d33-4cfc-a34e-9915b3815335@group-3679C7E9DD81 replies to ELECTION vote request: 372aae33-6f7c-4d6f-ba4c-eadde7effafb<-f7d1a98c-0d33-4cfc-a34e-9915b3815335#0:FAIL-t2. Peer's state: f7d1a98c-0d33-4cfc-a34e-9915b3815335@group-3679C7E9DD81:t2, leader=null, voted=f7d1a98c-0d33-4cfc-a34e-9915b3815335, raftlog=f7d1a98c-0d33-4cfc-a34e-9915b3815335@group-3679C7E9DD81-SegmentedRaftLog:OPENED:c-1, conf=-1: [f7d1a98c-0d33-4cfc-a34e-9915b3815335|rpc:10.1.0.76:40629|dataStream:|priority:1, 372aae33-6f7c-4d6f-ba4c-eadde7effafb|rpc:10.1.0.76:35509|dataStream:|priority:0, ee19ba41-361b-4acc-833e-c4e477a5e66e|rpc:10.1.0.76:33325|dataStream:|priority:0], old=null
2022-10-11 08:14:15,538 [372aae33-6f7c-4d6f-ba4c-eadde7effafb@group-3679C7E9DD81-LeaderElection19] INFO  impl.LeaderElection (LeaderElection.java:logAndReturn(90)) - 372aae33-6f7c-4d6f-ba4c-eadde7effafb@group-3679C7E9DD81-LeaderElection19: ELECTION REJECTED received 2 response(s) and 0 exception(s):
2022-10-11 08:14:15,552 [372aae33-6f7c-4d6f-ba4c-eadde7effafb@group-3679C7E9DD81-LeaderElection19] INFO  impl.LeaderElection (LeaderElection.java:logAndReturn(94)) -   Response 0: 372aae33-6f7c-4d6f-ba4c-eadde7effafb<-f7d1a98c-0d33-4cfc-a34e-9915b3815335#0:FAIL-t2
2022-10-11 08:14:15,552 [372aae33-6f7c-4d6f-ba4c-eadde7effafb@group-3679C7E9DD81-LeaderElection19] INFO  impl.LeaderElection (LeaderElection.java:logAndReturn(94)) -   Response 1: 372aae33-6f7c-4d6f-ba4c-eadde7effafb<-ee19ba41-361b-4acc-833e-c4e477a5e66e#0:OK-t2
2022-10-11 08:14:15,552 [372aae33-6f7c-4d6f-ba4c-eadde7effafb@group-3679C7E9DD81-LeaderElection19] INFO  impl.LeaderElection (LeaderElection.java:askForVotes(312)) - 372aae33-6f7c-4d6f-ba4c-eadde7effafb@group-3679C7E9DD81-LeaderElection19 ELECTION round 0: result REJECTED
2022-10-11 08:14:15,552 [372aae33-6f7c-4d6f-ba4c-eadde7effafb@group-3679C7E9DD81-LeaderElection19] INFO  server.RaftServer$Division (RaftServerImpl.java:setRole(299)) - 372aae33-6f7c-4d6f-ba4c-eadde7effafb@group-3679C7E9DD81: changes role from CANDIDATE to FOLLOWER at term 2 for REJECTED
2022-10-11 08:14:15,552 [372aae33-6f7c-4d6f-ba4c-eadde7effafb@group-3679C7E9DD81-LeaderElection19] INFO  impl.RoleInfo (RoleInfo.java:shutdownLeaderElection(130)) - 372aae33-6f7c-4d6f-ba4c-eadde7effafb: shutdown 372aae33-6f7c-4d6f-ba4c-eadde7effafb@group-3679C7E9DD81-LeaderElection19
2022-10-11 08:14:15,552 [372aae33-6f7c-4d6f-ba4c-eadde7effafb@group-3679C7E9DD81-LeaderElection19] INFO  impl.RoleInfo (RoleInfo.java:updateAndGet(139)) - 372aae33-6f7c-4d6f-ba4c-eadde7effafb: start 372aae33-6f7c-4d6f-ba4c-eadde7effafb@group-3679C7E9DD81-FollowerState
2022-10-11 08:14:15,531 [f7d1a98c-0d33-4cfc-a34e-9915b3815335@group-C5A9DB01C0B8-FollowerState] INFO  impl.FollowerState (FollowerState.java:run(143)) - f7d1a98c-0d33-4cfc-a34e-9915b3815335@group-C5A9DB01C0B8-FollowerState: change to CANDIDATE, lastRpcElapsedTime:5030582632ns, electionTimeout:5002ms
2022-10-11 08:14:15,568 [f7d1a98c-0d33-4cfc-a34e-9915b3815335@group-C5A9DB01C0B8-FollowerState] INFO  impl.RoleInfo (RoleInfo.java:shutdownFollowerState(110)) - f7d1a98c-0d33-4cfc-a34e-9915b3815335: shutdown f7d1a98c-0d33-4cfc-a34e-9915b3815335@group-C5A9DB01C0B8-FollowerState
2022-10-11 08:14:15,569 [f7d1a98c-0d33-4cfc-a34e-9915b3815335@group-C5A9DB01C0B8-FollowerState] INFO  server.RaftServer$Division (RaftServerImpl.java:setRole(299)) - f7d1a98c-0d33-4cfc-a34e-9915b3815335@group-C5A9DB01C0B8: changes role from  FOLLOWER to CANDIDATE at term 1 for changeToCandidate
2022-10-11 08:14:15,569 [f7d1a98c-0d33-4cfc-a34e-9915b3815335@group-C5A9DB01C0B8-FollowerState] INFO  server.RaftServerConfigKeys (ConfUtils.java:logGet(46)) - raft.server.leaderelection.pre-vote = false (custom)
2022-10-11 08:14:15,569 [f7d1a98c-0d33-4cfc-a34e-9915b3815335@group-C5A9DB01C0B8-FollowerState] INFO  impl.RoleInfo (RoleInfo.java:updateAndGet(139)) - f7d1a98c-0d33-4cfc-a34e-9915b3815335: start f7d1a98c-0d33-4cfc-a34e-9915b3815335@group-C5A9DB01C0B8-LeaderElection21
2022-10-11 08:14:15,519 [grpc-default-executor-0] INFO  server.RaftServer$Division (RaftServerImpl.java:requestVote(1152)) - 372aae33-6f7c-4d6f-ba4c-eadde7effafb@group-3679C7E9DD81: receive requestVote(ELECTION, f7d1a98c-0d33-4cfc-a34e-9915b3815335, group-3679C7E9DD81, 2, (t:0, i:0))
2022-10-11 08:14:15,570 [grpc-default-executor-0] INFO  impl.VoteContext (VoteContext.java:log(48)) - 372aae33-6f7c-4d6f-ba4c-eadde7effafb@group-3679C7E9DD81-FOLLOWER: reject ELECTION from f7d1a98c-0d33-4cfc-a34e-9915b3815335: already has voted for 372aae33-6f7c-4d6f-ba4c-eadde7effafb at current term 2
2022-10-11 08:14:15,570 [grpc-default-executor-0] INFO  server.RaftServer$Division (RaftServerImpl.java:requestVote(1184)) - 372aae33-6f7c-4d6f-ba4c-eadde7effafb@group-3679C7E9DD81 replies to ELECTION vote request: f7d1a98c-0d33-4cfc-a34e-9915b3815335<-372aae33-6f7c-4d6f-ba4c-eadde7effafb#0:FAIL-t2. Peer's state: 372aae33-6f7c-4d6f-ba4c-eadde7effafb@group-3679C7E9DD81:t2, leader=null, voted=372aae33-6f7c-4d6f-ba4c-eadde7effafb, raftlog=372aae33-6f7c-4d6f-ba4c-eadde7effafb@group-3679C7E9DD81-SegmentedRaftLog:OPENED:c-1, conf=-1: [f7d1a98c-0d33-4cfc-a34e-9915b3815335|rpc:10.1.0.76:40629|priority:1, 372aae33-6f7c-4d6f-ba4c-eadde7effafb|rpc:10.1.0.76:35509|priority:0, ee19ba41-361b-4acc-833e-c4e477a5e66e|rpc:10.1.0.76:33325|priority:0], old=null
2022-10-11 08:14:15,579 [Listener at 127.0.0.1/40309] INFO  ozone.MiniOzoneClusterImpl (MiniOzoneClusterImpl.java:lambda$waitForClusterToBeReady$0(216)) - Nodes are ready. Got 5 of 5 DN Heartbeats.
2022-10-11 08:14:15,580 [Listener at 127.0.0.1/40309] INFO  ozone.MiniOzoneClusterImpl (MiniOzoneClusterImpl.java:lambda$waitForClusterToBeReady$0(219)) - Waiting for cluster to exit safe mode
2022-10-11 08:14:15,580 [Listener at 127.0.0.1/40309] INFO  ozone.MiniOzoneClusterImpl (MiniOzoneClusterImpl.java:lambda$waitForClusterToBeReady$0(221)) - SCM became leader
2022-10-11 08:14:15,581 [f7d1a98c-0d33-4cfc-a34e-9915b3815335@group-C5A9DB01C0B8-LeaderElection21] INFO  impl.LeaderElection (LeaderElection.java:askForVotes(310)) - f7d1a98c-0d33-4cfc-a34e-9915b3815335@group-C5A9DB01C0B8-LeaderElection21 ELECTION round 0: submit vote requests at term 2 for -1: [f7d1a98c-0d33-4cfc-a34e-9915b3815335|rpc:10.1.0.76:40629|dataStream:|priority:0, 372aae33-6f7c-4d6f-ba4c-eadde7effafb|rpc:10.1.0.76:35509|dataStream:|priority:0, ee19ba41-361b-4acc-833e-c4e477a5e66e|rpc:10.1.0.76:33325|dataStream:|priority:1], old=null
2022-10-11 08:14:15,581 [grpc-default-executor-0] INFO  server.RaftServer$Division (RaftServerImpl.java:requestVote(1152)) - ee19ba41-361b-4acc-833e-c4e477a5e66e@group-3679C7E9DD81: receive requestVote(ELECTION, f7d1a98c-0d33-4cfc-a34e-9915b3815335, group-3679C7E9DD81, 2, (t:0, i:0))
2022-10-11 08:14:15,581 [grpc-default-executor-0] INFO  impl.VoteContext (VoteContext.java:log(48)) - ee19ba41-361b-4acc-833e-c4e477a5e66e@group-3679C7E9DD81-FOLLOWER: reject ELECTION from f7d1a98c-0d33-4cfc-a34e-9915b3815335: already has voted for 372aae33-6f7c-4d6f-ba4c-eadde7effafb at current term 2
2022-10-11 08:14:15,582 [grpc-default-executor-0] INFO  server.RaftServer$Division (RaftServerImpl.java:requestVote(1184)) - ee19ba41-361b-4acc-833e-c4e477a5e66e@group-3679C7E9DD81 replies to ELECTION vote request: f7d1a98c-0d33-4cfc-a34e-9915b3815335<-ee19ba41-361b-4acc-833e-c4e477a5e66e#0:FAIL-t2. Peer's state: ee19ba41-361b-4acc-833e-c4e477a5e66e@group-3679C7E9DD81:t2, leader=null, voted=372aae33-6f7c-4d6f-ba4c-eadde7effafb, raftlog=ee19ba41-361b-4acc-833e-c4e477a5e66e@group-3679C7E9DD81-SegmentedRaftLog:OPENED:c-1, conf=-1: [f7d1a98c-0d33-4cfc-a34e-9915b3815335|rpc:10.1.0.76:40629|dataStream:|priority:1, 372aae33-6f7c-4d6f-ba4c-eadde7effafb|rpc:10.1.0.76:35509|dataStream:|priority:0, ee19ba41-361b-4acc-833e-c4e477a5e66e|rpc:10.1.0.76:33325|dataStream:|priority:0], old=null
2022-10-11 08:14:15,591 [f7d1a98c-0d33-4cfc-a34e-9915b3815335@group-3679C7E9DD81-LeaderElection20] INFO  impl.LeaderElection (LeaderElection.java:logAndReturn(90)) - f7d1a98c-0d33-4cfc-a34e-9915b3815335@group-3679C7E9DD81-LeaderElection20: ELECTION REJECTED received 2 response(s) and 0 exception(s):
2022-10-11 08:14:15,592 [f7d1a98c-0d33-4cfc-a34e-9915b3815335@group-3679C7E9DD81-LeaderElection20] INFO  impl.LeaderElection (LeaderElection.java:logAndReturn(94)) -   Response 0: f7d1a98c-0d33-4cfc-a34e-9915b3815335<-372aae33-6f7c-4d6f-ba4c-eadde7effafb#0:FAIL-t2
2022-10-11 08:14:15,592 [f7d1a98c-0d33-4cfc-a34e-9915b3815335@group-3679C7E9DD81-LeaderElection20] INFO  impl.LeaderElection (LeaderElection.java:logAndReturn(94)) -   Response 1: f7d1a98c-0d33-4cfc-a34e-9915b3815335<-ee19ba41-361b-4acc-833e-c4e477a5e66e#0:FAIL-t2
2022-10-11 08:14:15,591 [grpc-default-executor-0] INFO  server.RaftServer$Division (RaftServerImpl.java:requestVote(1152)) - 372aae33-6f7c-4d6f-ba4c-eadde7effafb@group-C5A9DB01C0B8: receive requestVote(ELECTION, f7d1a98c-0d33-4cfc-a34e-9915b3815335, group-C5A9DB01C0B8, 2, (t:0, i:0))
2022-10-11 08:14:15,593 [grpc-default-executor-0] INFO  impl.VoteContext (VoteContext.java:log(48)) - 372aae33-6f7c-4d6f-ba4c-eadde7effafb@group-C5A9DB01C0B8-FOLLOWER: accept ELECTION from f7d1a98c-0d33-4cfc-a34e-9915b3815335: our priority 0 <= candidate's priority 0
2022-10-11 08:14:15,593 [grpc-default-executor-0] INFO  server.RaftServer$Division (RaftServerImpl.java:setRole(299)) - 372aae33-6f7c-4d6f-ba4c-eadde7effafb@group-C5A9DB01C0B8: changes role from  FOLLOWER to FOLLOWER at term 2 for candidate:f7d1a98c-0d33-4cfc-a34e-9915b3815335
2022-10-11 08:14:15,593 [grpc-default-executor-0] INFO  impl.RoleInfo (RoleInfo.java:shutdownFollowerState(110)) - 372aae33-6f7c-4d6f-ba4c-eadde7effafb: shutdown 372aae33-6f7c-4d6f-ba4c-eadde7effafb@group-C5A9DB01C0B8-FollowerState
2022-10-11 08:14:15,593 [grpc-default-executor-0] INFO  impl.RoleInfo (RoleInfo.java:updateAndGet(139)) - 372aae33-6f7c-4d6f-ba4c-eadde7effafb: start 372aae33-6f7c-4d6f-ba4c-eadde7effafb@group-C5A9DB01C0B8-FollowerState
2022-10-11 08:14:15,593 [372aae33-6f7c-4d6f-ba4c-eadde7effafb@group-C5A9DB01C0B8-FollowerState] INFO  impl.FollowerState (FollowerState.java:run(152)) - 372aae33-6f7c-4d6f-ba4c-eadde7effafb@group-C5A9DB01C0B8-FollowerState was interrupted
2022-10-11 08:14:15,592 [f7d1a98c-0d33-4cfc-a34e-9915b3815335@group-3679C7E9DD81-LeaderElection20] INFO  impl.LeaderElection (LeaderElection.java:askForVotes(312)) - f7d1a98c-0d33-4cfc-a34e-9915b3815335@group-3679C7E9DD81-LeaderElection20 ELECTION round 0: result REJECTED
2022-10-11 08:14:15,593 [f7d1a98c-0d33-4cfc-a34e-9915b3815335@group-3679C7E9DD81-LeaderElection20] INFO  server.RaftServer$Division (RaftServerImpl.java:setRole(299)) - f7d1a98c-0d33-4cfc-a34e-9915b3815335@group-3679C7E9DD81: changes role from CANDIDATE to FOLLOWER at term 2 for REJECTED
2022-10-11 08:14:15,593 [f7d1a98c-0d33-4cfc-a34e-9915b3815335@group-3679C7E9DD81-LeaderElection20] INFO  impl.RoleInfo (RoleInfo.java:shutdownLeaderElection(130)) - f7d1a98c-0d33-4cfc-a34e-9915b3815335: shutdown f7d1a98c-0d33-4cfc-a34e-9915b3815335@group-3679C7E9DD81-LeaderElection20
2022-10-11 08:14:15,594 [grpc-default-executor-0] INFO  server.RaftServer$Division (RaftServerImpl.java:requestVote(1184)) - 372aae33-6f7c-4d6f-ba4c-eadde7effafb@group-C5A9DB01C0B8 replies to ELECTION vote request: f7d1a98c-0d33-4cfc-a34e-9915b3815335<-372aae33-6f7c-4d6f-ba4c-eadde7effafb#0:OK-t2. Peer's state: 372aae33-6f7c-4d6f-ba4c-eadde7effafb@group-C5A9DB01C0B8:t2, leader=null, voted=f7d1a98c-0d33-4cfc-a34e-9915b3815335, raftlog=372aae33-6f7c-4d6f-ba4c-eadde7effafb@group-C5A9DB01C0B8-SegmentedRaftLog:OPENED:c-1, conf=-1: [f7d1a98c-0d33-4cfc-a34e-9915b3815335|rpc:10.1.0.76:40629|priority:0, 372aae33-6f7c-4d6f-ba4c-eadde7effafb|rpc:10.1.0.76:35509|priority:0, ee19ba41-361b-4acc-833e-c4e477a5e66e|rpc:10.1.0.76:33325|priority:1], old=null
2022-10-11 08:14:15,611 [grpc-default-executor-0] INFO  server.RaftServer$Division (RaftServerImpl.java:requestVote(1152)) - ee19ba41-361b-4acc-833e-c4e477a5e66e@group-C5A9DB01C0B8: receive requestVote(ELECTION, f7d1a98c-0d33-4cfc-a34e-9915b3815335, group-C5A9DB01C0B8, 2, (t:0, i:0))
2022-10-11 08:14:15,611 [grpc-default-executor-0] INFO  impl.VoteContext (VoteContext.java:log(48)) - ee19ba41-361b-4acc-833e-c4e477a5e66e@group-C5A9DB01C0B8-FOLLOWER: reject ELECTION from f7d1a98c-0d33-4cfc-a34e-9915b3815335: our priority 1 > candidate's priority 0
2022-10-11 08:14:15,611 [grpc-default-executor-0] INFO  server.RaftServer$Division (RaftServerImpl.java:setRole(299)) - ee19ba41-361b-4acc-833e-c4e477a5e66e@group-C5A9DB01C0B8: changes role from  FOLLOWER to FOLLOWER at term 2 for candidate:f7d1a98c-0d33-4cfc-a34e-9915b3815335
2022-10-11 08:14:15,611 [grpc-default-executor-0] INFO  impl.RoleInfo (RoleInfo.java:shutdownFollowerState(110)) - ee19ba41-361b-4acc-833e-c4e477a5e66e: shutdown ee19ba41-361b-4acc-833e-c4e477a5e66e@group-C5A9DB01C0B8-FollowerState
2022-10-11 08:14:15,611 [grpc-default-executor-0] INFO  impl.RoleInfo (RoleInfo.java:updateAndGet(139)) - ee19ba41-361b-4acc-833e-c4e477a5e66e: start ee19ba41-361b-4acc-833e-c4e477a5e66e@group-C5A9DB01C0B8-FollowerState
2022-10-11 08:14:15,612 [ee19ba41-361b-4acc-833e-c4e477a5e66e@group-C5A9DB01C0B8-FollowerState] INFO  impl.FollowerState (FollowerState.java:run(152)) - ee19ba41-361b-4acc-833e-c4e477a5e66e@group-C5A9DB01C0B8-FollowerState was interrupted
2022-10-11 08:14:15,620 [grpc-default-executor-0] INFO  server.RaftServer$Division (RaftServerImpl.java:requestVote(1184)) - ee19ba41-361b-4acc-833e-c4e477a5e66e@group-C5A9DB01C0B8 replies to ELECTION vote request: f7d1a98c-0d33-4cfc-a34e-9915b3815335<-ee19ba41-361b-4acc-833e-c4e477a5e66e#0:FAIL-t2. Peer's state: ee19ba41-361b-4acc-833e-c4e477a5e66e@group-C5A9DB01C0B8:t2, leader=null, voted=null, raftlog=ee19ba41-361b-4acc-833e-c4e477a5e66e@group-C5A9DB01C0B8-SegmentedRaftLog:OPENED:c-1, conf=-1: [f7d1a98c-0d33-4cfc-a34e-9915b3815335|rpc:10.1.0.76:40629|dataStream:|priority:0, 372aae33-6f7c-4d6f-ba4c-eadde7effafb|rpc:10.1.0.76:35509|dataStream:|priority:0, ee19ba41-361b-4acc-833e-c4e477a5e66e|rpc:10.1.0.76:33325|dataStream:|priority:1], old=null
2022-10-11 08:14:15,627 [f7d1a98c-0d33-4cfc-a34e-9915b3815335@group-C5A9DB01C0B8-LeaderElection21] INFO  impl.LeaderElection (LeaderElection.java:logAndReturn(90)) - f7d1a98c-0d33-4cfc-a34e-9915b3815335@group-C5A9DB01C0B8-LeaderElection21: ELECTION REJECTED received 2 response(s) and 0 exception(s):
2022-10-11 08:14:15,628 [f7d1a98c-0d33-4cfc-a34e-9915b3815335@group-C5A9DB01C0B8-LeaderElection21] INFO  impl.LeaderElection (LeaderElection.java:logAndReturn(94)) -   Response 0: f7d1a98c-0d33-4cfc-a34e-9915b3815335<-372aae33-6f7c-4d6f-ba4c-eadde7effafb#0:OK-t2
2022-10-11 08:14:15,628 [f7d1a98c-0d33-4cfc-a34e-9915b3815335@group-C5A9DB01C0B8-LeaderElection21] INFO  impl.LeaderElection (LeaderElection.java:logAndReturn(94)) -   Response 1: f7d1a98c-0d33-4cfc-a34e-9915b3815335<-ee19ba41-361b-4acc-833e-c4e477a5e66e#0:FAIL-t2
2022-10-11 08:14:15,628 [f7d1a98c-0d33-4cfc-a34e-9915b3815335@group-C5A9DB01C0B8-LeaderElection21] INFO  impl.LeaderElection (LeaderElection.java:askForVotes(312)) - f7d1a98c-0d33-4cfc-a34e-9915b3815335@group-C5A9DB01C0B8-LeaderElection21 ELECTION round 0: result REJECTED
2022-10-11 08:14:15,628 [f7d1a98c-0d33-4cfc-a34e-9915b3815335@group-C5A9DB01C0B8-LeaderElection21] INFO  server.RaftServer$Division (RaftServerImpl.java:setRole(299)) - f7d1a98c-0d33-4cfc-a34e-9915b3815335@group-C5A9DB01C0B8: changes role from CANDIDATE to FOLLOWER at term 2 for REJECTED
2022-10-11 08:14:15,628 [f7d1a98c-0d33-4cfc-a34e-9915b3815335@group-C5A9DB01C0B8-LeaderElection21] INFO  impl.RoleInfo (RoleInfo.java:shutdownLeaderElection(130)) - f7d1a98c-0d33-4cfc-a34e-9915b3815335: shutdown f7d1a98c-0d33-4cfc-a34e-9915b3815335@group-C5A9DB01C0B8-LeaderElection21
2022-10-11 08:14:15,628 [f7d1a98c-0d33-4cfc-a34e-9915b3815335@group-C5A9DB01C0B8-LeaderElection21] INFO  impl.RoleInfo (RoleInfo.java:updateAndGet(139)) - f7d1a98c-0d33-4cfc-a34e-9915b3815335: start f7d1a98c-0d33-4cfc-a34e-9915b3815335@group-C5A9DB01C0B8-FollowerState
2022-10-11 08:14:15,641 [f7d1a98c-0d33-4cfc-a34e-9915b3815335@group-3679C7E9DD81-LeaderElection20] INFO  impl.RoleInfo (RoleInfo.java:updateAndGet(139)) - f7d1a98c-0d33-4cfc-a34e-9915b3815335: start f7d1a98c-0d33-4cfc-a34e-9915b3815335@group-3679C7E9DD81-FollowerState
2022-10-11 08:14:16,580 [Listener at 127.0.0.1/40309] INFO  ozone.MiniOzoneClusterImpl (MiniOzoneClusterImpl.java:lambda$waitForClusterToBeReady$0(216)) - Nodes are ready. Got 5 of 5 DN Heartbeats.
2022-10-11 08:14:16,580 [Listener at 127.0.0.1/40309] INFO  ozone.MiniOzoneClusterImpl (MiniOzoneClusterImpl.java:lambda$waitForClusterToBeReady$0(219)) - Waiting for cluster to exit safe mode
2022-10-11 08:14:16,580 [Listener at 127.0.0.1/40309] INFO  ozone.MiniOzoneClusterImpl (MiniOzoneClusterImpl.java:lambda$waitForClusterToBeReady$0(221)) - SCM became leader
2022-10-11 08:14:17,580 [Listener at 127.0.0.1/40309] INFO  ozone.MiniOzoneClusterImpl (MiniOzoneClusterImpl.java:lambda$waitForClusterToBeReady$0(216)) - Nodes are ready. Got 5 of 5 DN Heartbeats.
2022-10-11 08:14:17,581 [Listener at 127.0.0.1/40309] INFO  ozone.MiniOzoneClusterImpl (MiniOzoneClusterImpl.java:lambda$waitForClusterToBeReady$0(219)) - Waiting for cluster to exit safe mode
2022-10-11 08:14:17,581 [Listener at 127.0.0.1/40309] INFO  ozone.MiniOzoneClusterImpl (MiniOzoneClusterImpl.java:lambda$waitForClusterToBeReady$0(221)) - SCM became leader
2022-10-11 08:14:18,581 [Listener at 127.0.0.1/40309] INFO  ozone.MiniOzoneClusterImpl (MiniOzoneClusterImpl.java:lambda$waitForClusterToBeReady$0(216)) - Nodes are ready. Got 5 of 5 DN Heartbeats.
2022-10-11 08:14:18,581 [Listener at 127.0.0.1/40309] INFO  ozone.MiniOzoneClusterImpl (MiniOzoneClusterImpl.java:lambda$waitForClusterToBeReady$0(219)) - Waiting for cluster to exit safe mode
2022-10-11 08:14:18,581 [Listener at 127.0.0.1/40309] INFO  ozone.MiniOzoneClusterImpl (MiniOzoneClusterImpl.java:lambda$waitForClusterToBeReady$0(221)) - SCM became leader
2022-10-11 08:14:19,581 [Listener at 127.0.0.1/40309] INFO  ozone.MiniOzoneClusterImpl (MiniOzoneClusterImpl.java:lambda$waitForClusterToBeReady$0(216)) - Nodes are ready. Got 5 of 5 DN Heartbeats.
2022-10-11 08:14:19,582 [Listener at 127.0.0.1/40309] INFO  ozone.MiniOzoneClusterImpl (MiniOzoneClusterImpl.java:lambda$waitForClusterToBeReady$0(219)) - Waiting for cluster to exit safe mode
2022-10-11 08:14:19,582 [Listener at 127.0.0.1/40309] INFO  ozone.MiniOzoneClusterImpl (MiniOzoneClusterImpl.java:lambda$waitForClusterToBeReady$0(221)) - SCM became leader
2022-10-11 08:14:20,557 [ee19ba41-361b-4acc-833e-c4e477a5e66e@group-3679C7E9DD81-FollowerState] INFO  impl.FollowerState (FollowerState.java:run(143)) - ee19ba41-361b-4acc-833e-c4e477a5e66e@group-3679C7E9DD81-FollowerState: change to CANDIDATE, lastRpcElapsedTime:5090256469ns, electionTimeout:5081ms
2022-10-11 08:14:20,558 [ee19ba41-361b-4acc-833e-c4e477a5e66e@group-3679C7E9DD81-FollowerState] INFO  impl.RoleInfo (RoleInfo.java:shutdownFollowerState(110)) - ee19ba41-361b-4acc-833e-c4e477a5e66e: shutdown ee19ba41-361b-4acc-833e-c4e477a5e66e@group-3679C7E9DD81-FollowerState
2022-10-11 08:14:20,558 [ee19ba41-361b-4acc-833e-c4e477a5e66e@group-3679C7E9DD81-FollowerState] INFO  server.RaftServer$Division (RaftServerImpl.java:setRole(299)) - ee19ba41-361b-4acc-833e-c4e477a5e66e@group-3679C7E9DD81: changes role from  FOLLOWER to CANDIDATE at term 2 for changeToCandidate
2022-10-11 08:14:20,558 [ee19ba41-361b-4acc-833e-c4e477a5e66e@group-3679C7E9DD81-FollowerState] INFO  server.RaftServerConfigKeys (ConfUtils.java:logGet(46)) - raft.server.leaderelection.pre-vote = false (custom)
2022-10-11 08:14:20,558 [ee19ba41-361b-4acc-833e-c4e477a5e66e@group-3679C7E9DD81-FollowerState] INFO  impl.RoleInfo (RoleInfo.java:updateAndGet(139)) - ee19ba41-361b-4acc-833e-c4e477a5e66e: start ee19ba41-361b-4acc-833e-c4e477a5e66e@group-3679C7E9DD81-LeaderElection22
2022-10-11 08:14:20,582 [Listener at 127.0.0.1/40309] INFO  ozone.MiniOzoneClusterImpl (MiniOzoneClusterImpl.java:lambda$waitForClusterToBeReady$0(216)) - Nodes are ready. Got 5 of 5 DN Heartbeats.
2022-10-11 08:14:20,582 [Listener at 127.0.0.1/40309] INFO  ozone.MiniOzoneClusterImpl (MiniOzoneClusterImpl.java:lambda$waitForClusterToBeReady$0(219)) - Waiting for cluster to exit safe mode
2022-10-11 08:14:20,582 [Listener at 127.0.0.1/40309] INFO  ozone.MiniOzoneClusterImpl (MiniOzoneClusterImpl.java:lambda$waitForClusterToBeReady$0(221)) - SCM became leader
2022-10-11 08:14:20,585 [ee19ba41-361b-4acc-833e-c4e477a5e66e@group-3679C7E9DD81-LeaderElection22] INFO  impl.LeaderElection (LeaderElection.java:askForVotes(310)) - ee19ba41-361b-4acc-833e-c4e477a5e66e@group-3679C7E9DD81-LeaderElection22 ELECTION round 0: submit vote requests at term 3 for -1: [f7d1a98c-0d33-4cfc-a34e-9915b3815335|rpc:10.1.0.76:40629|dataStream:|priority:1, 372aae33-6f7c-4d6f-ba4c-eadde7effafb|rpc:10.1.0.76:35509|dataStream:|priority:0, ee19ba41-361b-4acc-833e-c4e477a5e66e|rpc:10.1.0.76:33325|dataStream:|priority:0], old=null
2022-10-11 08:14:20,618 [grpc-default-executor-0] INFO  server.RaftServer$Division (RaftServerImpl.java:requestVote(1152)) - f7d1a98c-0d33-4cfc-a34e-9915b3815335@group-3679C7E9DD81: receive requestVote(ELECTION, ee19ba41-361b-4acc-833e-c4e477a5e66e, group-3679C7E9DD81, 3, (t:0, i:0))
2022-10-11 08:14:20,618 [grpc-default-executor-0] INFO  impl.VoteContext (VoteContext.java:log(48)) - f7d1a98c-0d33-4cfc-a34e-9915b3815335@group-3679C7E9DD81-FOLLOWER: reject ELECTION from ee19ba41-361b-4acc-833e-c4e477a5e66e: our priority 1 > candidate's priority 0
2022-10-11 08:14:20,618 [grpc-default-executor-0] INFO  server.RaftServer$Division (RaftServerImpl.java:setRole(299)) - f7d1a98c-0d33-4cfc-a34e-9915b3815335@group-3679C7E9DD81: changes role from  FOLLOWER to FOLLOWER at term 3 for candidate:ee19ba41-361b-4acc-833e-c4e477a5e66e
2022-10-11 08:14:20,618 [grpc-default-executor-0] INFO  impl.RoleInfo (RoleInfo.java:shutdownFollowerState(110)) - f7d1a98c-0d33-4cfc-a34e-9915b3815335: shutdown f7d1a98c-0d33-4cfc-a34e-9915b3815335@group-3679C7E9DD81-FollowerState
2022-10-11 08:14:20,618 [grpc-default-executor-0] INFO  impl.RoleInfo (RoleInfo.java:updateAndGet(139)) - f7d1a98c-0d33-4cfc-a34e-9915b3815335: start f7d1a98c-0d33-4cfc-a34e-9915b3815335@group-3679C7E9DD81-FollowerState
2022-10-11 08:14:20,618 [f7d1a98c-0d33-4cfc-a34e-9915b3815335@group-3679C7E9DD81-FollowerState] INFO  impl.FollowerState (FollowerState.java:run(152)) - f7d1a98c-0d33-4cfc-a34e-9915b3815335@group-3679C7E9DD81-FollowerState was interrupted
2022-10-11 08:14:20,622 [grpc-default-executor-0] INFO  server.RaftServer$Division (RaftServerImpl.java:requestVote(1184)) - f7d1a98c-0d33-4cfc-a34e-9915b3815335@group-3679C7E9DD81 replies to ELECTION vote request: ee19ba41-361b-4acc-833e-c4e477a5e66e<-f7d1a98c-0d33-4cfc-a34e-9915b3815335#0:FAIL-t3. Peer's state: f7d1a98c-0d33-4cfc-a34e-9915b3815335@group-3679C7E9DD81:t3, leader=null, voted=null, raftlog=f7d1a98c-0d33-4cfc-a34e-9915b3815335@group-3679C7E9DD81-SegmentedRaftLog:OPENED:c-1, conf=-1: [f7d1a98c-0d33-4cfc-a34e-9915b3815335|rpc:10.1.0.76:40629|dataStream:|priority:1, 372aae33-6f7c-4d6f-ba4c-eadde7effafb|rpc:10.1.0.76:35509|dataStream:|priority:0, ee19ba41-361b-4acc-833e-c4e477a5e66e|rpc:10.1.0.76:33325|dataStream:|priority:0], old=null
2022-10-11 08:14:20,645 [grpc-default-executor-0] INFO  server.RaftServer$Division (RaftServerImpl.java:requestVote(1152)) - 372aae33-6f7c-4d6f-ba4c-eadde7effafb@group-3679C7E9DD81: receive requestVote(ELECTION, ee19ba41-361b-4acc-833e-c4e477a5e66e, group-3679C7E9DD81, 3, (t:0, i:0))
2022-10-11 08:14:20,645 [grpc-default-executor-0] INFO  impl.VoteContext (VoteContext.java:log(48)) - 372aae33-6f7c-4d6f-ba4c-eadde7effafb@group-3679C7E9DD81-FOLLOWER: accept ELECTION from ee19ba41-361b-4acc-833e-c4e477a5e66e: our priority 0 <= candidate's priority 0
2022-10-11 08:14:20,645 [grpc-default-executor-0] INFO  server.RaftServer$Division (RaftServerImpl.java:setRole(299)) - 372aae33-6f7c-4d6f-ba4c-eadde7effafb@group-3679C7E9DD81: changes role from  FOLLOWER to FOLLOWER at term 3 for candidate:ee19ba41-361b-4acc-833e-c4e477a5e66e
2022-10-11 08:14:20,645 [grpc-default-executor-0] INFO  impl.RoleInfo (RoleInfo.java:shutdownFollowerState(110)) - 372aae33-6f7c-4d6f-ba4c-eadde7effafb: shutdown 372aae33-6f7c-4d6f-ba4c-eadde7effafb@group-3679C7E9DD81-FollowerState
2022-10-11 08:14:20,645 [grpc-default-executor-0] INFO  impl.RoleInfo (RoleInfo.java:updateAndGet(139)) - 372aae33-6f7c-4d6f-ba4c-eadde7effafb: start 372aae33-6f7c-4d6f-ba4c-eadde7effafb@group-3679C7E9DD81-FollowerState
2022-10-11 08:14:20,645 [372aae33-6f7c-4d6f-ba4c-eadde7effafb@group-3679C7E9DD81-FollowerState] INFO  impl.FollowerState (FollowerState.java:run(152)) - 372aae33-6f7c-4d6f-ba4c-eadde7effafb@group-3679C7E9DD81-FollowerState was interrupted
2022-10-11 08:14:20,662 [ee19ba41-361b-4acc-833e-c4e477a5e66e@group-3679C7E9DD81-LeaderElection22] INFO  impl.LeaderElection (LeaderElection.java:logAndReturn(90)) - ee19ba41-361b-4acc-833e-c4e477a5e66e@group-3679C7E9DD81-LeaderElection22: ELECTION REJECTED received 1 response(s) and 0 exception(s):
2022-10-11 08:14:20,662 [ee19ba41-361b-4acc-833e-c4e477a5e66e@group-3679C7E9DD81-LeaderElection22] INFO  impl.LeaderElection (LeaderElection.java:logAndReturn(94)) -   Response 0: ee19ba41-361b-4acc-833e-c4e477a5e66e<-f7d1a98c-0d33-4cfc-a34e-9915b3815335#0:FAIL-t3
2022-10-11 08:14:20,662 [ee19ba41-361b-4acc-833e-c4e477a5e66e@group-3679C7E9DD81-LeaderElection22] INFO  impl.LeaderElection (LeaderElection.java:askForVotes(312)) - ee19ba41-361b-4acc-833e-c4e477a5e66e@group-3679C7E9DD81-LeaderElection22 ELECTION round 0: result REJECTED
2022-10-11 08:14:20,662 [ee19ba41-361b-4acc-833e-c4e477a5e66e@group-3679C7E9DD81-LeaderElection22] INFO  server.RaftServer$Division (RaftServerImpl.java:setRole(299)) - ee19ba41-361b-4acc-833e-c4e477a5e66e@group-3679C7E9DD81: changes role from CANDIDATE to FOLLOWER at term 3 for REJECTED
2022-10-11 08:14:20,662 [ee19ba41-361b-4acc-833e-c4e477a5e66e@group-3679C7E9DD81-LeaderElection22] INFO  impl.RoleInfo (RoleInfo.java:shutdownLeaderElection(130)) - ee19ba41-361b-4acc-833e-c4e477a5e66e: shutdown ee19ba41-361b-4acc-833e-c4e477a5e66e@group-3679C7E9DD81-LeaderElection22
2022-10-11 08:14:20,662 [ee19ba41-361b-4acc-833e-c4e477a5e66e@group-3679C7E9DD81-LeaderElection22] INFO  impl.RoleInfo (RoleInfo.java:updateAndGet(139)) - ee19ba41-361b-4acc-833e-c4e477a5e66e: start ee19ba41-361b-4acc-833e-c4e477a5e66e@group-3679C7E9DD81-FollowerState
2022-10-11 08:14:20,669 [grpc-default-executor-0] INFO  server.RaftServer$Division (RaftServerImpl.java:requestVote(1184)) - 372aae33-6f7c-4d6f-ba4c-eadde7effafb@group-3679C7E9DD81 replies to ELECTION vote request: ee19ba41-361b-4acc-833e-c4e477a5e66e<-372aae33-6f7c-4d6f-ba4c-eadde7effafb#0:OK-t3. Peer's state: 372aae33-6f7c-4d6f-ba4c-eadde7effafb@group-3679C7E9DD81:t3, leader=null, voted=ee19ba41-361b-4acc-833e-c4e477a5e66e, raftlog=372aae33-6f7c-4d6f-ba4c-eadde7effafb@group-3679C7E9DD81-SegmentedRaftLog:OPENED:c-1, conf=-1: [f7d1a98c-0d33-4cfc-a34e-9915b3815335|rpc:10.1.0.76:40629|priority:1, 372aae33-6f7c-4d6f-ba4c-eadde7effafb|rpc:10.1.0.76:35509|priority:0, ee19ba41-361b-4acc-833e-c4e477a5e66e|rpc:10.1.0.76:33325|priority:0], old=null
2022-10-11 08:14:20,777 [ee19ba41-361b-4acc-833e-c4e477a5e66e@group-C5A9DB01C0B8-FollowerState] INFO  impl.FollowerState (FollowerState.java:run(143)) - ee19ba41-361b-4acc-833e-c4e477a5e66e@group-C5A9DB01C0B8-FollowerState: change to CANDIDATE, lastRpcElapsedTime:5165974734ns, electionTimeout:5119ms
2022-10-11 08:14:20,778 [ee19ba41-361b-4acc-833e-c4e477a5e66e@group-C5A9DB01C0B8-FollowerState] INFO  impl.RoleInfo (RoleInfo.java:shutdownFollowerState(110)) - ee19ba41-361b-4acc-833e-c4e477a5e66e: shutdown ee19ba41-361b-4acc-833e-c4e477a5e66e@group-C5A9DB01C0B8-FollowerState
2022-10-11 08:14:20,778 [ee19ba41-361b-4acc-833e-c4e477a5e66e@group-C5A9DB01C0B8-FollowerState] INFO  server.RaftServer$Division (RaftServerImpl.java:setRole(299)) - ee19ba41-361b-4acc-833e-c4e477a5e66e@group-C5A9DB01C0B8: changes role from  FOLLOWER to CANDIDATE at term 2 for changeToCandidate
2022-10-11 08:14:20,778 [ee19ba41-361b-4acc-833e-c4e477a5e66e@group-C5A9DB01C0B8-FollowerState] INFO  server.RaftServerConfigKeys (ConfUtils.java:logGet(46)) - raft.server.leaderelection.pre-vote = false (custom)
2022-10-11 08:14:20,778 [ee19ba41-361b-4acc-833e-c4e477a5e66e@group-C5A9DB01C0B8-FollowerState] INFO  impl.RoleInfo (RoleInfo.java:updateAndGet(139)) - ee19ba41-361b-4acc-833e-c4e477a5e66e: start ee19ba41-361b-4acc-833e-c4e477a5e66e@group-C5A9DB01C0B8-LeaderElection23
2022-10-11 08:14:20,804 [ee19ba41-361b-4acc-833e-c4e477a5e66e@group-C5A9DB01C0B8-LeaderElection23] INFO  impl.LeaderElection (LeaderElection.java:askForVotes(310)) - ee19ba41-361b-4acc-833e-c4e477a5e66e@group-C5A9DB01C0B8-LeaderElection23 ELECTION round 0: submit vote requests at term 3 for -1: [f7d1a98c-0d33-4cfc-a34e-9915b3815335|rpc:10.1.0.76:40629|dataStream:|priority:0, 372aae33-6f7c-4d6f-ba4c-eadde7effafb|rpc:10.1.0.76:35509|dataStream:|priority:0, ee19ba41-361b-4acc-833e-c4e477a5e66e|rpc:10.1.0.76:33325|dataStream:|priority:1], old=null
2022-10-11 08:14:20,805 [f7d1a98c-0d33-4cfc-a34e-9915b3815335@group-C5A9DB01C0B8-FollowerState] INFO  impl.FollowerState (FollowerState.java:run(143)) - f7d1a98c-0d33-4cfc-a34e-9915b3815335@group-C5A9DB01C0B8-FollowerState: change to CANDIDATE, lastRpcElapsedTime:5177144978ns, electionTimeout:5170ms
2022-10-11 08:14:20,815 [f7d1a98c-0d33-4cfc-a34e-9915b3815335@group-C5A9DB01C0B8-FollowerState] INFO  impl.RoleInfo (RoleInfo.java:shutdownFollowerState(110)) - f7d1a98c-0d33-4cfc-a34e-9915b3815335: shutdown f7d1a98c-0d33-4cfc-a34e-9915b3815335@group-C5A9DB01C0B8-FollowerState
2022-10-11 08:14:20,815 [f7d1a98c-0d33-4cfc-a34e-9915b3815335@group-C5A9DB01C0B8-FollowerState] INFO  server.RaftServer$Division (RaftServerImpl.java:setRole(299)) - f7d1a98c-0d33-4cfc-a34e-9915b3815335@group-C5A9DB01C0B8: changes role from  FOLLOWER to CANDIDATE at term 2 for changeToCandidate
2022-10-11 08:14:20,833 [f7d1a98c-0d33-4cfc-a34e-9915b3815335@group-C5A9DB01C0B8-FollowerState] INFO  server.RaftServerConfigKeys (ConfUtils.java:logGet(46)) - raft.server.leaderelection.pre-vote = false (custom)
2022-10-11 08:14:20,834 [f7d1a98c-0d33-4cfc-a34e-9915b3815335@group-C5A9DB01C0B8-FollowerState] INFO  impl.RoleInfo (RoleInfo.java:updateAndGet(139)) - f7d1a98c-0d33-4cfc-a34e-9915b3815335: start f7d1a98c-0d33-4cfc-a34e-9915b3815335@group-C5A9DB01C0B8-LeaderElection24
2022-10-11 08:14:20,834 [grpc-default-executor-0] INFO  server.RaftServer$Division (RaftServerImpl.java:requestVote(1152)) - f7d1a98c-0d33-4cfc-a34e-9915b3815335@group-C5A9DB01C0B8: receive requestVote(ELECTION, ee19ba41-361b-4acc-833e-c4e477a5e66e, group-C5A9DB01C0B8, 3, (t:0, i:0))
2022-10-11 08:14:20,847 [grpc-default-executor-0] INFO  impl.VoteContext (VoteContext.java:log(48)) - f7d1a98c-0d33-4cfc-a34e-9915b3815335@group-C5A9DB01C0B8-CANDIDATE: accept ELECTION from ee19ba41-361b-4acc-833e-c4e477a5e66e: our priority 0 <= candidate's priority 1
2022-10-11 08:14:20,847 [grpc-default-executor-0] INFO  server.RaftServer$Division (RaftServerImpl.java:setRole(299)) - f7d1a98c-0d33-4cfc-a34e-9915b3815335@group-C5A9DB01C0B8: changes role from CANDIDATE to FOLLOWER at term 3 for candidate:ee19ba41-361b-4acc-833e-c4e477a5e66e
2022-10-11 08:14:20,847 [grpc-default-executor-0] INFO  impl.RoleInfo (RoleInfo.java:shutdownLeaderElection(130)) - f7d1a98c-0d33-4cfc-a34e-9915b3815335: shutdown f7d1a98c-0d33-4cfc-a34e-9915b3815335@group-C5A9DB01C0B8-LeaderElection24
2022-10-11 08:14:20,847 [grpc-default-executor-0] INFO  impl.RoleInfo (RoleInfo.java:updateAndGet(139)) - f7d1a98c-0d33-4cfc-a34e-9915b3815335: start f7d1a98c-0d33-4cfc-a34e-9915b3815335@group-C5A9DB01C0B8-FollowerState
2022-10-11 08:14:20,854 [grpc-default-executor-0] INFO  server.RaftServer$Division (RaftServerImpl.java:requestVote(1184)) - f7d1a98c-0d33-4cfc-a34e-9915b3815335@group-C5A9DB01C0B8 replies to ELECTION vote request: ee19ba41-361b-4acc-833e-c4e477a5e66e<-f7d1a98c-0d33-4cfc-a34e-9915b3815335#0:OK-t3. Peer's state: f7d1a98c-0d33-4cfc-a34e-9915b3815335@group-C5A9DB01C0B8:t3, leader=null, voted=ee19ba41-361b-4acc-833e-c4e477a5e66e, raftlog=f7d1a98c-0d33-4cfc-a34e-9915b3815335@group-C5A9DB01C0B8-SegmentedRaftLog:OPENED:c-1, conf=-1: [f7d1a98c-0d33-4cfc-a34e-9915b3815335|rpc:10.1.0.76:40629|dataStream:|priority:0, 372aae33-6f7c-4d6f-ba4c-eadde7effafb|rpc:10.1.0.76:35509|dataStream:|priority:0, ee19ba41-361b-4acc-833e-c4e477a5e66e|rpc:10.1.0.76:33325|dataStream:|priority:1], old=null
2022-10-11 08:14:20,865 [ee19ba41-361b-4acc-833e-c4e477a5e66e@group-C5A9DB01C0B8-LeaderElection23] INFO  impl.LeaderElection (LeaderElection.java:logAndReturn(90)) - ee19ba41-361b-4acc-833e-c4e477a5e66e@group-C5A9DB01C0B8-LeaderElection23: ELECTION PASSED received 1 response(s) and 0 exception(s):
2022-10-11 08:14:20,865 [ee19ba41-361b-4acc-833e-c4e477a5e66e@group-C5A9DB01C0B8-LeaderElection23] INFO  impl.LeaderElection (LeaderElection.java:logAndReturn(94)) -   Response 0: ee19ba41-361b-4acc-833e-c4e477a5e66e<-f7d1a98c-0d33-4cfc-a34e-9915b3815335#0:OK-t3
2022-10-11 08:14:20,865 [ee19ba41-361b-4acc-833e-c4e477a5e66e@group-C5A9DB01C0B8-LeaderElection23] INFO  impl.LeaderElection (LeaderElection.java:askForVotes(312)) - ee19ba41-361b-4acc-833e-c4e477a5e66e@group-C5A9DB01C0B8-LeaderElection23 ELECTION round 0: result PASSED
2022-10-11 08:14:20,865 [ee19ba41-361b-4acc-833e-c4e477a5e66e@group-C5A9DB01C0B8-LeaderElection23] INFO  impl.RoleInfo (RoleInfo.java:shutdownLeaderElection(130)) - ee19ba41-361b-4acc-833e-c4e477a5e66e: shutdown ee19ba41-361b-4acc-833e-c4e477a5e66e@group-C5A9DB01C0B8-LeaderElection23
2022-10-11 08:14:20,865 [ee19ba41-361b-4acc-833e-c4e477a5e66e@group-C5A9DB01C0B8-LeaderElection23] INFO  server.RaftServer$Division (RaftServerImpl.java:setRole(299)) - ee19ba41-361b-4acc-833e-c4e477a5e66e@group-C5A9DB01C0B8: changes role from CANDIDATE to LEADER at term 3 for changeToLeader
2022-10-11 08:14:20,865 [ee19ba41-361b-4acc-833e-c4e477a5e66e@group-C5A9DB01C0B8-LeaderElection23] INFO  ratis.XceiverServerRatis (XceiverServerRatis.java:handleLeaderChangedNotification(863)) - Leader change notification received for group: group-C5A9DB01C0B8 with new leaderId: ee19ba41-361b-4acc-833e-c4e477a5e66e
2022-10-11 08:14:20,865 [ee19ba41-361b-4acc-833e-c4e477a5e66e@group-C5A9DB01C0B8-LeaderElection23] INFO  server.RaftServer$Division (ServerState.java:setLeader(287)) - ee19ba41-361b-4acc-833e-c4e477a5e66e@group-C5A9DB01C0B8: change Leader from null to ee19ba41-361b-4acc-833e-c4e477a5e66e at term 3 for becomeLeader, leader elected after 15503ms
2022-10-11 08:14:20,866 [ee19ba41-361b-4acc-833e-c4e477a5e66e@group-C5A9DB01C0B8-LeaderElection23] INFO  server.RaftServerConfigKeys (ConfUtils.java:logGet(46)) - raft.server.staging.catchup.gap = 1000 (default)
2022-10-11 08:14:20,866 [ee19ba41-361b-4acc-833e-c4e477a5e66e@group-C5A9DB01C0B8-LeaderElection23] INFO  server.RaftServerConfigKeys (ConfUtils.java:logGet(46)) - raft.server.write.element-limit = 1024 (custom)
2022-10-11 08:14:20,866 [ee19ba41-361b-4acc-833e-c4e477a5e66e@group-C5A9DB01C0B8-LeaderElection23] INFO  server.RaftServerConfigKeys (ConfUtils.java:logGet(46)) - raft.server.write.byte-limit = 1024 M (=1073741824) (custom)
2022-10-11 08:14:20,866 [ee19ba41-361b-4acc-833e-c4e477a5e66e@group-C5A9DB01C0B8-LeaderElection23] INFO  server.RaftServerConfigKeys (ConfUtils.java:logGet(46)) - raft.server.watch.timeout = 180s (custom)
2022-10-11 08:14:20,866 [ee19ba41-361b-4acc-833e-c4e477a5e66e@group-C5A9DB01C0B8-LeaderElection23] INFO  server.RaftServerConfigKeys (ConfUtils.java:logGet(46)) - raft.server.watch.timeout.denomination = 1s (default)
2022-10-11 08:14:20,866 [f7d1a98c-0d33-4cfc-a34e-9915b3815335@group-C5A9DB01C0B8-LeaderElection24] INFO  impl.LeaderElection (LeaderElection.java:run(231)) - f7d1a98c-0d33-4cfc-a34e-9915b3815335@group-C5A9DB01C0B8-LeaderElection24: skip running since this is already CLOSING
2022-10-11 08:14:20,866 [ee19ba41-361b-4acc-833e-c4e477a5e66e@group-C5A9DB01C0B8-LeaderElection23] INFO  server.RaftServerConfigKeys (ConfUtils.java:logGet(46)) - raft.server.watch.element-limit = 65536 (default)
2022-10-11 08:14:20,879 [ee19ba41-361b-4acc-833e-c4e477a5e66e@group-C5A9DB01C0B8-LeaderElection23] INFO  server.RaftServerConfigKeys (ConfUtils.java:logGet(46)) - raft.server.write.element-limit = 1024 (custom)
2022-10-11 08:14:20,879 [ee19ba41-361b-4acc-833e-c4e477a5e66e@group-C5A9DB01C0B8-LeaderElection23] INFO  server.RaftServerConfigKeys (ConfUtils.java:logGet(46)) - raft.server.write.follower.gap.ratio.max = -1.0 (default)
2022-10-11 08:14:20,879 [ee19ba41-361b-4acc-833e-c4e477a5e66e@group-C5A9DB01C0B8-LeaderElection23] INFO  server.RaftServerConfigKeys (ConfUtils.java:logGet(46)) - raft.server.log.appender.snapshot.chunk.size.max = 16MB (=16777216) (default)
2022-10-11 08:14:20,879 [ee19ba41-361b-4acc-833e-c4e477a5e66e@group-C5A9DB01C0B8-LeaderElection23] INFO  server.RaftServerConfigKeys (ConfUtils.java:logGet(46)) - raft.server.log.appender.buffer.byte-limit = 33554432 (custom)
2022-10-11 08:14:20,879 [ee19ba41-361b-4acc-833e-c4e477a5e66e@group-C5A9DB01C0B8-LeaderElection23] INFO  server.RaftServerConfigKeys (ConfUtils.java:logGet(46)) - raft.server.log.appender.buffer.element-limit = 1 (custom)
2022-10-11 08:14:20,880 [ee19ba41-361b-4acc-833e-c4e477a5e66e@group-C5A9DB01C0B8-LeaderElection23] INFO  grpc.GrpcConfigKeys (ConfUtils.java:logGet(46)) - raft.grpc.server.leader.outstanding.appends.max = 128 (default)
2022-10-11 08:14:20,880 [ee19ba41-361b-4acc-833e-c4e477a5e66e@group-C5A9DB01C0B8-LeaderElection23] INFO  server.RaftServerConfigKeys (ConfUtils.java:logGet(46)) - raft.server.rpc.request.timeout = 60s (custom)
2022-10-11 08:14:20,880 [ee19ba41-361b-4acc-833e-c4e477a5e66e@group-C5A9DB01C0B8-LeaderElection23] INFO  server.RaftServerConfigKeys (ConfUtils.java:logGet(46)) - raft.server.log.appender.install.snapshot.enabled = false (custom)
2022-10-11 08:14:20,880 [ee19ba41-361b-4acc-833e-c4e477a5e66e@group-C5A9DB01C0B8-LeaderElection23] INFO  server.RaftServerConfigKeys (ConfUtils.java:logGet(46)) - raft.server.log.appender.snapshot.chunk.size.max = 16MB (=16777216) (default)
2022-10-11 08:14:20,881 [ee19ba41-361b-4acc-833e-c4e477a5e66e@group-C5A9DB01C0B8-LeaderElection23] INFO  server.RaftServerConfigKeys (ConfUtils.java:logGet(46)) - raft.server.log.appender.buffer.byte-limit = 33554432 (custom)
2022-10-11 08:14:20,881 [ee19ba41-361b-4acc-833e-c4e477a5e66e@group-C5A9DB01C0B8-LeaderElection23] INFO  server.RaftServerConfigKeys (ConfUtils.java:logGet(46)) - raft.server.log.appender.buffer.element-limit = 1 (custom)
2022-10-11 08:14:20,881 [ee19ba41-361b-4acc-833e-c4e477a5e66e@group-C5A9DB01C0B8-LeaderElection23] INFO  grpc.GrpcConfigKeys (ConfUtils.java:logGet(46)) - raft.grpc.server.leader.outstanding.appends.max = 128 (default)
2022-10-11 08:14:20,881 [ee19ba41-361b-4acc-833e-c4e477a5e66e@group-C5A9DB01C0B8-LeaderElection23] INFO  server.RaftServerConfigKeys (ConfUtils.java:logGet(46)) - raft.server.rpc.request.timeout = 60s (custom)
2022-10-11 08:14:20,881 [ee19ba41-361b-4acc-833e-c4e477a5e66e@group-C5A9DB01C0B8-LeaderElection23] INFO  server.RaftServerConfigKeys (ConfUtils.java:logGet(46)) - raft.server.log.appender.install.snapshot.enabled = false (custom)
2022-10-11 08:14:20,881 [ee19ba41-361b-4acc-833e-c4e477a5e66e@group-C5A9DB01C0B8-LeaderElection23] INFO  impl.RoleInfo (RoleInfo.java:updateAndGet(139)) - ee19ba41-361b-4acc-833e-c4e477a5e66e: start ee19ba41-361b-4acc-833e-c4e477a5e66e@group-C5A9DB01C0B8-LeaderStateImpl
2022-10-11 08:14:20,881 [ee19ba41-361b-4acc-833e-c4e477a5e66e@group-C5A9DB01C0B8-LeaderElection23] INFO  segmented.SegmentedRaftLogWorker (SegmentedRaftLogWorker.java:startLogSegment(425)) - ee19ba41-361b-4acc-833e-c4e477a5e66e@group-C5A9DB01C0B8-SegmentedRaftLogWorker: Starting segment from index:0
2022-10-11 08:14:20,886 [EventQueue-PipelineReportForPipelineReportHandler] INFO  pipeline.PipelineManagerImpl (PipelineManagerImpl.java:openPipeline(367)) - Pipeline Pipeline[ Id: a3e37742-fc53-4626-8353-c5a9db01c0b8, Nodes: 372aae33-6f7c-4d6f-ba4c-eadde7effafb{ip: 10.1.0.76, host: fv-az208-128.kmgg0fu2myoezeajip4j0sfi3d.cx.internal.cloudapp.net, ports: [REPLICATION=37379, RATIS=35509, RATIS_ADMIN=35509, RATIS_SERVER=35509, STANDALONE=37875], networkLocation: /default-rack, certSerialId: null, persistedOpState: IN_SERVICE, persistedOpStateExpiryEpochSec: 0}ee19ba41-361b-4acc-833e-c4e477a5e66e{ip: 10.1.0.76, host: fv-az208-128.kmgg0fu2myoezeajip4j0sfi3d.cx.internal.cloudapp.net, ports: [REPLICATION=46179, RATIS=33325, RATIS_ADMIN=33325, RATIS_SERVER=33325, STANDALONE=41691], networkLocation: /default-rack, certSerialId: null, persistedOpState: IN_SERVICE, persistedOpStateExpiryEpochSec: 0}f7d1a98c-0d33-4cfc-a34e-9915b3815335{ip: 10.1.0.76, host: fv-az208-128.kmgg0fu2myoezeajip4j0sfi3d.cx.internal.cloudapp.net, ports: [REPLICATION=35597, RATIS=40629, RATIS_ADMIN=40629, RATIS_SERVER=40629, STANDALONE=35101], networkLocation: /default-rack, certSerialId: null, persistedOpState: IN_SERVICE, persistedOpStateExpiryEpochSec: 0}, ReplicationConfig: RATIS/THREE, State:ALLOCATED, leaderId:ee19ba41-361b-4acc-833e-c4e477a5e66e, CreationTimestamp2022-10-11T08:14:03.278Z[Etc/UTC]] moved to OPEN state
2022-10-11 08:14:20,887 [EventQueue-OpenPipelineForHealthyPipelineSafeModeRule] INFO  safemode.SCMSafeModeManager (HealthyPipelineSafeModeRule.java:process(137)) - SCM in safe mode. Healthy pipelines reported count is 1, required healthy pipeline reported count is 1
2022-10-11 08:14:20,887 [EventQueue-OpenPipelineForHealthyPipelineSafeModeRule] INFO  safemode.SCMSafeModeManager (SCMSafeModeManager.java:validateSafeModeExitRules(204)) - HealthyPipelineSafeModeRule rule is successfully validated
2022-10-11 08:14:20,887 [EventQueue-OpenPipelineForHealthyPipelineSafeModeRule] INFO  safemode.SCMSafeModeManager (SCMSafeModeManager.java:validateSafeModeExitRules(219)) - ScmSafeModeManager, all rules are successfully validated
2022-10-11 08:14:20,887 [EventQueue-OpenPipelineForHealthyPipelineSafeModeRule] INFO  safemode.SCMSafeModeManager (SCMSafeModeManager.java:exitSafeMode(248)) - SCM exiting safe mode.
2022-10-11 08:14:20,887 [EventQueue-OpenPipelineForHealthyPipelineSafeModeRule] WARN  events.EventQueue (EventQueue.java:fireEvent(216)) - No event handler registered for event TypedEvent{payloadType=SafeModeStatus, name='Safe mode status'}
2022-10-11 08:14:20,887 [EventQueue-OpenPipelineForHealthyPipelineSafeModeRule] INFO  ha.SCMContext (SCMContext.java:updateSafeModeStatus(228)) - Update SafeModeStatus from SafeModeStatus{safeModeStatus=true, preCheckPassed=true} to SafeModeStatus{safeModeStatus=false, preCheckPassed=true}.
2022-10-11 08:14:20,887 [EventQueue-OpenPipelineForHealthyPipelineSafeModeRule] INFO  pipeline.BackgroundPipelineCreator (BackgroundPipelineCreator.java:notifyStatusChanged(254)) - Service BackgroundPipelineCreator transitions to RUNNING.
2022-10-11 08:14:20,887 [EventQueue-OpenPipelineForHealthyPipelineSafeModeRule] INFO  BackgroundPipelineScrubber (BackgroundSCMService.java:notifyStatusChanged(82)) - Service BackgroundPipelineScrubber transitions to RUNNING.
2022-10-11 08:14:20,887 [EventQueue-OpenPipelineForHealthyPipelineSafeModeRule] INFO  ExpiredContainerReplicaOpScrubber (BackgroundSCMService.java:notifyStatusChanged(82)) - Service ExpiredContainerReplicaOpScrubber transitions to RUNNING.
2022-10-11 08:14:20,887 [EventQueue-OpenPipelineForHealthyPipelineSafeModeRule] INFO  replication.ReplicationManager (ReplicationManager.java:notifyStatusChanged(728)) - Service ReplicationManager transitions to RUNNING.
2022-10-11 08:14:20,887 [EventQueue-OpenPipelineForHealthyPipelineSafeModeRule] WARN  balancer.ContainerBalancer (ContainerBalancer.java:shouldRun(936)) - Could not find persisted configuration for ContainerBalancer when checking if ContainerBalancer should run. ContainerBalancer should not run now.
2022-10-11 08:14:20,889 [ee19ba41-361b-4acc-833e-c4e477a5e66e@group-C5A9DB01C0B8-SegmentedRaftLogWorker] INFO  segmented.SegmentedRaftLogWorker (SegmentedRaftLogWorker.java:execute(629)) - ee19ba41-361b-4acc-833e-c4e477a5e66e@group-C5A9DB01C0B8-SegmentedRaftLogWorker: created new log segment /home/runner/work/ozone/ozone/hadoop-ozone/integration-test/target/test-dir/MiniOzoneClusterImpl-e4d44f2f-a2b5-41e9-856a-44b560c8547e/datanode-1/data/ratis/a3e37742-fc53-4626-8353-c5a9db01c0b8/current/log_inprogress_0
2022-10-11 08:14:20,918 [ee19ba41-361b-4acc-833e-c4e477a5e66e@group-C5A9DB01C0B8-LeaderElection23] INFO  server.RaftServer$Division (ServerState.java:setRaftConf(393)) - ee19ba41-361b-4acc-833e-c4e477a5e66e@group-C5A9DB01C0B8: set configuration 0: [f7d1a98c-0d33-4cfc-a34e-9915b3815335|rpc:10.1.0.76:40629|dataStream:|priority:0, 372aae33-6f7c-4d6f-ba4c-eadde7effafb|rpc:10.1.0.76:35509|dataStream:|priority:0, ee19ba41-361b-4acc-833e-c4e477a5e66e|rpc:10.1.0.76:33325|dataStream:|priority:1], old=null
2022-10-11 08:14:20,918 [grpc-default-executor-0] INFO  server.RaftServer$Division (RaftServerImpl.java:requestVote(1152)) - 372aae33-6f7c-4d6f-ba4c-eadde7effafb@group-C5A9DB01C0B8: receive requestVote(ELECTION, ee19ba41-361b-4acc-833e-c4e477a5e66e, group-C5A9DB01C0B8, 3, (t:0, i:0))
2022-10-11 08:14:20,919 [grpc-default-executor-0] INFO  impl.VoteContext (VoteContext.java:log(48)) - 372aae33-6f7c-4d6f-ba4c-eadde7effafb@group-C5A9DB01C0B8-FOLLOWER: accept ELECTION from ee19ba41-361b-4acc-833e-c4e477a5e66e: our priority 0 <= candidate's priority 1
2022-10-11 08:14:20,919 [grpc-default-executor-0] INFO  server.RaftServer$Division (RaftServerImpl.java:setRole(299)) - 372aae33-6f7c-4d6f-ba4c-eadde7effafb@group-C5A9DB01C0B8: changes role from  FOLLOWER to FOLLOWER at term 3 for candidate:ee19ba41-361b-4acc-833e-c4e477a5e66e
2022-10-11 08:14:20,919 [grpc-default-executor-0] INFO  impl.RoleInfo (RoleInfo.java:shutdownFollowerState(110)) - 372aae33-6f7c-4d6f-ba4c-eadde7effafb: shutdown 372aae33-6f7c-4d6f-ba4c-eadde7effafb@group-C5A9DB01C0B8-FollowerState
2022-10-11 08:14:20,919 [grpc-default-executor-0] INFO  impl.RoleInfo (RoleInfo.java:updateAndGet(139)) - 372aae33-6f7c-4d6f-ba4c-eadde7effafb: start 372aae33-6f7c-4d6f-ba4c-eadde7effafb@group-C5A9DB01C0B8-FollowerState
2022-10-11 08:14:20,919 [372aae33-6f7c-4d6f-ba4c-eadde7effafb@group-C5A9DB01C0B8-FollowerState] INFO  impl.FollowerState (FollowerState.java:run(152)) - 372aae33-6f7c-4d6f-ba4c-eadde7effafb@group-C5A9DB01C0B8-FollowerState was interrupted
2022-10-11 08:14:20,928 [grpc-default-executor-0] INFO  server.RaftServer$Division (RaftServerImpl.java:requestVote(1184)) - 372aae33-6f7c-4d6f-ba4c-eadde7effafb@group-C5A9DB01C0B8 replies to ELECTION vote request: ee19ba41-361b-4acc-833e-c4e477a5e66e<-372aae33-6f7c-4d6f-ba4c-eadde7effafb#0:OK-t3. Peer's state: 372aae33-6f7c-4d6f-ba4c-eadde7effafb@group-C5A9DB01C0B8:t3, leader=null, voted=ee19ba41-361b-4acc-833e-c4e477a5e66e, raftlog=372aae33-6f7c-4d6f-ba4c-eadde7effafb@group-C5A9DB01C0B8-SegmentedRaftLog:OPENED:c-1, conf=-1: [f7d1a98c-0d33-4cfc-a34e-9915b3815335|rpc:10.1.0.76:40629|priority:0, 372aae33-6f7c-4d6f-ba4c-eadde7effafb|rpc:10.1.0.76:35509|priority:0, ee19ba41-361b-4acc-833e-c4e477a5e66e|rpc:10.1.0.76:33325|priority:1], old=null
2022-10-11 08:14:20,953 [f7d1a98c-0d33-4cfc-a34e-9915b3815335-server-thread1] INFO  ratis.XceiverServerRatis (XceiverServerRatis.java:handleLeaderChangedNotification(863)) - Leader change notification received for group: group-C5A9DB01C0B8 with new leaderId: ee19ba41-361b-4acc-833e-c4e477a5e66e
2022-10-11 08:14:20,953 [f7d1a98c-0d33-4cfc-a34e-9915b3815335-server-thread1] INFO  server.RaftServer$Division (ServerState.java:setLeader(287)) - f7d1a98c-0d33-4cfc-a34e-9915b3815335@group-C5A9DB01C0B8: change Leader from null to ee19ba41-361b-4acc-833e-c4e477a5e66e at term 3 for appendEntries, leader elected after 15484ms
2022-10-11 08:14:20,995 [372aae33-6f7c-4d6f-ba4c-eadde7effafb-server-thread1] INFO  ratis.XceiverServerRatis (XceiverServerRatis.java:handleLeaderChangedNotification(863)) - Leader change notification received for group: group-C5A9DB01C0B8 with new leaderId: ee19ba41-361b-4acc-833e-c4e477a5e66e
2022-10-11 08:14:21,002 [f7d1a98c-0d33-4cfc-a34e-9915b3815335-server-thread1] INFO  server.RaftServer$Division (ServerState.java:setRaftConf(393)) - f7d1a98c-0d33-4cfc-a34e-9915b3815335@group-C5A9DB01C0B8: set configuration 0: [f7d1a98c-0d33-4cfc-a34e-9915b3815335|rpc:10.1.0.76:40629|dataStream:|priority:0, 372aae33-6f7c-4d6f-ba4c-eadde7effafb|rpc:10.1.0.76:35509|dataStream:|priority:0, ee19ba41-361b-4acc-833e-c4e477a5e66e|rpc:10.1.0.76:33325|dataStream:|priority:1], old=null
2022-10-11 08:14:21,002 [f7d1a98c-0d33-4cfc-a34e-9915b3815335-server-thread1] INFO  segmented.SegmentedRaftLogWorker (SegmentedRaftLogWorker.java:startLogSegment(425)) - f7d1a98c-0d33-4cfc-a34e-9915b3815335@group-C5A9DB01C0B8-SegmentedRaftLogWorker: Starting segment from index:0
2022-10-11 08:14:21,003 [372aae33-6f7c-4d6f-ba4c-eadde7effafb-server-thread1] INFO  server.RaftServer$Division (ServerState.java:setLeader(287)) - 372aae33-6f7c-4d6f-ba4c-eadde7effafb@group-C5A9DB01C0B8: change Leader from null to ee19ba41-361b-4acc-833e-c4e477a5e66e at term 3 for appendEntries, leader elected after 15702ms
2022-10-11 08:14:21,012 [372aae33-6f7c-4d6f-ba4c-eadde7effafb-server-thread1] INFO  server.RaftServer$Division (ServerState.java:setRaftConf(393)) - 372aae33-6f7c-4d6f-ba4c-eadde7effafb@group-C5A9DB01C0B8: set configuration 0: [f7d1a98c-0d33-4cfc-a34e-9915b3815335|rpc:10.1.0.76:40629|dataStream:|priority:0, 372aae33-6f7c-4d6f-ba4c-eadde7effafb|rpc:10.1.0.76:35509|dataStream:|priority:0, ee19ba41-361b-4acc-833e-c4e477a5e66e|rpc:10.1.0.76:33325|dataStream:|priority:1], old=null
2022-10-11 08:14:21,012 [372aae33-6f7c-4d6f-ba4c-eadde7effafb-server-thread1] INFO  segmented.SegmentedRaftLogWorker (SegmentedRaftLogWorker.java:startLogSegment(425)) - 372aae33-6f7c-4d6f-ba4c-eadde7effafb@group-C5A9DB01C0B8-SegmentedRaftLogWorker: Starting segment from index:0
2022-10-11 08:14:21,013 [f7d1a98c-0d33-4cfc-a34e-9915b3815335@group-C5A9DB01C0B8-SegmentedRaftLogWorker] INFO  segmented.SegmentedRaftLogWorker (SegmentedRaftLogWorker.java:execute(629)) - f7d1a98c-0d33-4cfc-a34e-9915b3815335@group-C5A9DB01C0B8-SegmentedRaftLogWorker: created new log segment /home/runner/work/ozone/ozone/hadoop-ozone/integration-test/target/test-dir/MiniOzoneClusterImpl-e4d44f2f-a2b5-41e9-856a-44b560c8547e/datanode-2/data/ratis/a3e37742-fc53-4626-8353-c5a9db01c0b8/current/log_inprogress_0
2022-10-11 08:14:21,016 [372aae33-6f7c-4d6f-ba4c-eadde7effafb@group-C5A9DB01C0B8-SegmentedRaftLogWorker] INFO  segmented.SegmentedRaftLogWorker (SegmentedRaftLogWorker.java:execute(629)) - 372aae33-6f7c-4d6f-ba4c-eadde7effafb@group-C5A9DB01C0B8-SegmentedRaftLogWorker: created new log segment /home/runner/work/ozone/ozone/hadoop-ozone/integration-test/target/test-dir/MiniOzoneClusterImpl-e4d44f2f-a2b5-41e9-856a-44b560c8547e/datanode-0/data/ratis/a3e37742-fc53-4626-8353-c5a9db01c0b8/current/log_inprogress_0
2022-10-11 08:14:21,583 [Listener at 127.0.0.1/40309] INFO  ozone.MiniOzoneClusterImpl (MiniOzoneClusterImpl.java:lambda$waitForClusterToBeReady$0(216)) - Nodes are ready. Got 5 of 5 DN Heartbeats.
2022-10-11 08:14:21,583 [Listener at 127.0.0.1/40309] INFO  ozone.MiniOzoneClusterImpl (MiniOzoneClusterImpl.java:lambda$waitForClusterToBeReady$0(219)) - Cluster exits safe mode
2022-10-11 08:14:21,583 [Listener at 127.0.0.1/40309] INFO  ozone.MiniOzoneClusterImpl (MiniOzoneClusterImpl.java:lambda$waitForClusterToBeReady$0(221)) - SCM became leader
2022-10-11 08:14:21,698 [Listener at 127.0.0.1/40309] INFO  rpc.RpcClient (RpcClient.java:createVolume(471)) - Creating Volume: volume86011, with user06662 as owner and space quota set to -1 bytes, counts quota set to -1
2022-10-11 08:14:21,705 [IPC Server handler 3 on default port 40309] INFO  volume.OMVolumeCreateRequest (OMVolumeCreateRequest.java:validateAndUpdateCache(195)) - created volume:volume86011 for user:user06662
2022-10-11 08:14:21,724 [Listener at 127.0.0.1/40309] INFO  rpc.RpcClient (RpcClient.java:createBucket(674)) - Creating Bucket: volume86011/bucket73886, with bucket layout FILE_SYSTEM_OPTIMIZED, runner as owner, Versioning false, Storage Type set to DISK and Encryption set to false 
2022-10-11 08:14:21,726 [IPC Server handler 4 on default port 40309] INFO  bucket.OMBucketCreateRequest (OMBucketCreateRequest.java:validateAndUpdateCache(260)) - created bucket: bucket73886 of layout FILE_SYSTEM_OPTIMIZED in volume: volume86011
2022-10-11 08:14:21,801 [Time-limited test] INFO  ozone.TestOzoneFileSystemWithFSO (TestOzoneFileSystemWithFSO.java:testRenameDirToItsOwnSubDir(317)) - Created dir1 o3fs://bucket73886.volume86011/root/dir1/sub_dir1
2022-10-11 08:14:21,801 [Time-limited test] INFO  ozone.TestOzoneFileSystemWithFSO (TestOzoneFileSystemWithFSO.java:testRenameDirToItsOwnSubDir(320)) - Rename op-> source:o3fs://bucket73886.volume86011/root to destin:o3fs://bucket73886.volume86011/root/dir1/sub_dir1
08:14:21.808 [IPC Server handler 10 on default port 40309] ERROR OMAudit - user=runner | ip=127.0.0.1 | op=RENAME_KEY {volume=volume86011, bucket=bucket73886, dataSize=0, replicationType=NONE, replicationFactor=ZERO, srcKey=root, dstKey=root/dir1/sub_dir1} | ret=FAILURE
org.apache.hadoop.ozone.om.exceptions.OMException: Cannot rename a directory to its own subdirectory
	at org.apache.hadoop.ozone.om.request.file.OMFileRequest.verifyToDirIsASubDirOfFromDirectory(OMFileRequest.java:795) ~[ozone-manager-1.3.0-SNAPSHOT.jar:?]
	at org.apache.hadoop.ozone.om.request.key.OMKeyRenameRequestWithFSO.validateAndUpdateCache(OMKeyRenameRequestWithFSO.java:144) ~[ozone-manager-1.3.0-SNAPSHOT.jar:?]
	at org.apache.hadoop.ozone.protocolPB.OzoneManagerRequestHandler.handleWriteRequest(OzoneManagerRequestHandler.java:311) ~[ozone-manager-1.3.0-SNAPSHOT.jar:?]
	at org.apache.hadoop.ozone.protocolPB.OzoneManagerProtocolServerSideTranslatorPB.submitRequestDirectlyToOM(OzoneManagerProtocolServerSideTranslatorPB.java:282) ~[ozone-manager-1.3.0-SNAPSHOT.jar:?]
	at org.apache.hadoop.ozone.protocolPB.OzoneManagerProtocolServerSideTranslatorPB.processRequest(OzoneManagerProtocolServerSideTranslatorPB.java:205) ~[ozone-manager-1.3.0-SNAPSHOT.jar:?]
	at org.apache.hadoop.hdds.server.OzoneProtocolMessageDispatcher.processRequest(OzoneProtocolMessageDispatcher.java:87) [hdds-server-framework-1.3.0-SNAPSHOT.jar:?]
	at org.apache.hadoop.ozone.protocolPB.OzoneManagerProtocolServerSideTranslatorPB.submitRequest(OzoneManagerProtocolServerSideTranslatorPB.java:147) [ozone-manager-1.3.0-SNAPSHOT.jar:?]
	at org.apache.hadoop.ozone.protocol.proto.OzoneManagerProtocolProtos$OzoneManagerService$2.callBlockingMethod(OzoneManagerProtocolProtos.java) [ozone-interface-client-1.3.0-SNAPSHOT.jar:?]
	at org.apache.hadoop.ipc.ProtobufRpcEngine$Server.processCall(ProtobufRpcEngine.java:466) [hadoop-common-3.3.1.jar:?]
	at org.apache.hadoop.ipc.ProtobufRpcEngine2$Server$ProtoBufRpcInvoker.call(ProtobufRpcEngine2.java:574) [hadoop-common-3.3.1.jar:?]
	at org.apache.hadoop.ipc.ProtobufRpcEngine2$Server$ProtoBufRpcInvoker.call(ProtobufRpcEngine2.java:552) [hadoop-common-3.3.1.jar:?]
	at org.apache.hadoop.ipc.RPC$Server.call(RPC.java:1093) [hadoop-common-3.3.1.jar:?]
	at org.apache.hadoop.ipc.Server$RpcCall.run(Server.java:1035) [hadoop-common-3.3.1.jar:?]
	at org.apache.hadoop.ipc.Server$RpcCall.run(Server.java:963) [hadoop-common-3.3.1.jar:?]
	at java.security.AccessController.doPrivileged(Native Method) ~[?:1.8.0_345]
	at javax.security.auth.Subject.doAs(Subject.java:422) [?:1.8.0_345]
	at org.apache.hadoop.security.UserGroupInformation.doAs(UserGroupInformation.java:1878) [hadoop-common-3.3.1.jar:?]
	at org.apache.hadoop.ipc.Server$Handler.run(Server.java:2966) [hadoop-common-3.3.1.jar:?]
2022-10-11 08:14:21,809 [IPC Server handler 10 on default port 40309] ERROR key.OMKeyRenameRequestWithFSO (OMKeyRenameRequestWithFSO.java:validateAndUpdateCache(234)) - Rename key failed for volume:volume86011 bucket:bucket73886 fromKey:root toKey:root/dir1/sub_dir1. Key: root not found.
2022-10-11 08:14:21,810 [Time-limited test] ERROR ozone.BasicOzoneFileSystem (BasicOzoneFileSystem.java:renameFSO(421)) - rename key failed: Cannot rename a directory to its own subdirectory. Error code: KEY_RENAME_ERROR source:root, destin:root/dir1/sub_dir1
]]></system-out>
  </testcase>
  <testcase name="testGetDirectoryModificationTime" classname="TestOzoneFileSystemWithFSO" time="0">
    <skipped message="HDDS-2939"/>
  </testcase>
  <testcase name="testGetDirectoryModificationTime" classname="TestOzoneFileSystemWithFSO" time="0">
    <skipped message="HDDS-2939"/>
  </testcase>
  <testcase name="testOzoneFsServiceLoader" classname="TestOzoneFileSystemWithFSO" time="0">
    <skipped message="HDDS-2939"/>
  </testcase>
  <testcase name="testOzoneFsServiceLoader" classname="TestOzoneFileSystemWithFSO" time="0">
    <skipped message="HDDS-2939"/>
  </testcase>
  <testcase name="testListFilesRecursive" classname="TestOzoneFileSystemWithFSO" time="0.197">
    <system-out><![CDATA[2022-10-11 08:12:54,287 [d1cf34d5-c92a-430e-aa0c-9bc6323d5bcc@group-7B5D9BB4AD55-FollowerState] INFO  impl.FollowerState (FollowerState.java:run(143)) - d1cf34d5-c92a-430e-aa0c-9bc6323d5bcc@group-7B5D9BB4AD55-FollowerState: change to CANDIDATE, lastRpcElapsedTime:5173887038ns, electionTimeout:5173ms
2022-10-11 08:12:54,287 [d1cf34d5-c92a-430e-aa0c-9bc6323d5bcc@group-7B5D9BB4AD55-FollowerState] INFO  impl.RoleInfo (RoleInfo.java:shutdownFollowerState(110)) - d1cf34d5-c92a-430e-aa0c-9bc6323d5bcc: shutdown d1cf34d5-c92a-430e-aa0c-9bc6323d5bcc@group-7B5D9BB4AD55-FollowerState
2022-10-11 08:12:54,287 [d1cf34d5-c92a-430e-aa0c-9bc6323d5bcc@group-7B5D9BB4AD55-FollowerState] INFO  server.RaftServer$Division (RaftServerImpl.java:setRole(299)) - d1cf34d5-c92a-430e-aa0c-9bc6323d5bcc@group-7B5D9BB4AD55: changes role from  FOLLOWER to CANDIDATE at term 0 for changeToCandidate
2022-10-11 08:12:54,287 [d1cf34d5-c92a-430e-aa0c-9bc6323d5bcc@group-7B5D9BB4AD55-FollowerState] INFO  server.RaftServerConfigKeys (ConfUtils.java:logGet(46)) - raft.server.leaderelection.pre-vote = false (custom)
2022-10-11 08:12:54,287 [d1cf34d5-c92a-430e-aa0c-9bc6323d5bcc@group-7B5D9BB4AD55-FollowerState] INFO  impl.RoleInfo (RoleInfo.java:updateAndGet(139)) - d1cf34d5-c92a-430e-aa0c-9bc6323d5bcc: start d1cf34d5-c92a-430e-aa0c-9bc6323d5bcc@group-7B5D9BB4AD55-LeaderElection7
2022-10-11 08:12:54,297 [d1cf34d5-c92a-430e-aa0c-9bc6323d5bcc@group-7B5D9BB4AD55-LeaderElection7] INFO  impl.LeaderElection (LeaderElection.java:askForVotes(310)) - d1cf34d5-c92a-430e-aa0c-9bc6323d5bcc@group-7B5D9BB4AD55-LeaderElection7 ELECTION round 0: submit vote requests at term 1 for -1: [d1cf34d5-c92a-430e-aa0c-9bc6323d5bcc|rpc:10.1.0.76:35681|priority:1], old=null
2022-10-11 08:12:54,297 [d1cf34d5-c92a-430e-aa0c-9bc6323d5bcc@group-7B5D9BB4AD55-LeaderElection7] INFO  impl.LeaderElection (LeaderElection.java:askForVotes(312)) - d1cf34d5-c92a-430e-aa0c-9bc6323d5bcc@group-7B5D9BB4AD55-LeaderElection7 ELECTION round 0: result PASSED (term=1)
2022-10-11 08:12:54,298 [d1cf34d5-c92a-430e-aa0c-9bc6323d5bcc@group-7B5D9BB4AD55-LeaderElection7] INFO  impl.RoleInfo (RoleInfo.java:shutdownLeaderElection(130)) - d1cf34d5-c92a-430e-aa0c-9bc6323d5bcc: shutdown d1cf34d5-c92a-430e-aa0c-9bc6323d5bcc@group-7B5D9BB4AD55-LeaderElection7
2022-10-11 08:12:54,298 [d1cf34d5-c92a-430e-aa0c-9bc6323d5bcc@group-7B5D9BB4AD55-LeaderElection7] INFO  server.RaftServer$Division (RaftServerImpl.java:setRole(299)) - d1cf34d5-c92a-430e-aa0c-9bc6323d5bcc@group-7B5D9BB4AD55: changes role from CANDIDATE to LEADER at term 1 for changeToLeader
2022-10-11 08:12:54,298 [d1cf34d5-c92a-430e-aa0c-9bc6323d5bcc@group-7B5D9BB4AD55-LeaderElection7] INFO  ratis.XceiverServerRatis (XceiverServerRatis.java:handleLeaderChangedNotification(863)) - Leader change notification received for group: group-7B5D9BB4AD55 with new leaderId: d1cf34d5-c92a-430e-aa0c-9bc6323d5bcc
2022-10-11 08:12:54,298 [d1cf34d5-c92a-430e-aa0c-9bc6323d5bcc@group-7B5D9BB4AD55-LeaderElection7] INFO  server.RaftServer$Division (ServerState.java:setLeader(287)) - d1cf34d5-c92a-430e-aa0c-9bc6323d5bcc@group-7B5D9BB4AD55: change Leader from null to d1cf34d5-c92a-430e-aa0c-9bc6323d5bcc at term 1 for becomeLeader, leader elected after 5193ms
2022-10-11 08:12:54,299 [d1cf34d5-c92a-430e-aa0c-9bc6323d5bcc@group-7B5D9BB4AD55-LeaderElection7] INFO  server.RaftServerConfigKeys (ConfUtils.java:logGet(46)) - raft.server.staging.catchup.gap = 1000 (default)
2022-10-11 08:12:54,299 [d1cf34d5-c92a-430e-aa0c-9bc6323d5bcc@group-7B5D9BB4AD55-LeaderElection7] INFO  server.RaftServerConfigKeys (ConfUtils.java:logGet(46)) - raft.server.write.element-limit = 1024 (custom)
2022-10-11 08:12:54,300 [d1cf34d5-c92a-430e-aa0c-9bc6323d5bcc@group-7B5D9BB4AD55-LeaderElection7] INFO  server.RaftServerConfigKeys (ConfUtils.java:logGet(46)) - raft.server.write.byte-limit = 1024 M (=1073741824) (custom)
2022-10-11 08:12:54,301 [d1cf34d5-c92a-430e-aa0c-9bc6323d5bcc@group-7B5D9BB4AD55-LeaderElection7] INFO  server.RaftServerConfigKeys (ConfUtils.java:logGet(46)) - raft.server.watch.timeout = 180s (custom)
2022-10-11 08:12:54,301 [d1cf34d5-c92a-430e-aa0c-9bc6323d5bcc@group-7B5D9BB4AD55-LeaderElection7] INFO  server.RaftServerConfigKeys (ConfUtils.java:logGet(46)) - raft.server.watch.timeout.denomination = 1s (default)
2022-10-11 08:12:54,301 [d1cf34d5-c92a-430e-aa0c-9bc6323d5bcc@group-7B5D9BB4AD55-LeaderElection7] INFO  server.RaftServerConfigKeys (ConfUtils.java:logGet(46)) - raft.server.watch.element-limit = 65536 (default)
2022-10-11 08:12:54,301 [d1cf34d5-c92a-430e-aa0c-9bc6323d5bcc@group-7B5D9BB4AD55-LeaderElection7] INFO  server.RaftServerConfigKeys (ConfUtils.java:logGet(46)) - raft.server.write.element-limit = 1024 (custom)
2022-10-11 08:12:54,301 [d1cf34d5-c92a-430e-aa0c-9bc6323d5bcc@group-7B5D9BB4AD55-LeaderElection7] INFO  server.RaftServerConfigKeys (ConfUtils.java:logGet(46)) - raft.server.write.follower.gap.ratio.max = -1.0 (default)
2022-10-11 08:12:54,302 [IPC Server handler 1 on default port 38229] INFO  ha.SequenceIdGenerator (SequenceIdGenerator.java:getNextId(128)) - Allocate a batch for containerId, change lastId from 0 to 1000.
2022-10-11 08:12:54,302 [d1cf34d5-c92a-430e-aa0c-9bc6323d5bcc@group-7B5D9BB4AD55-LeaderElection7] INFO  impl.RoleInfo (RoleInfo.java:updateAndGet(139)) - d1cf34d5-c92a-430e-aa0c-9bc6323d5bcc: start d1cf34d5-c92a-430e-aa0c-9bc6323d5bcc@group-7B5D9BB4AD55-LeaderStateImpl
2022-10-11 08:12:54,302 [d1cf34d5-c92a-430e-aa0c-9bc6323d5bcc@group-7B5D9BB4AD55-LeaderElection7] INFO  segmented.SegmentedRaftLogWorker (SegmentedRaftLogWorker.java:startLogSegment(425)) - d1cf34d5-c92a-430e-aa0c-9bc6323d5bcc@group-7B5D9BB4AD55-SegmentedRaftLogWorker: Starting segment from index:0
2022-10-11 08:12:54,307 [d1cf34d5-c92a-430e-aa0c-9bc6323d5bcc@group-7B5D9BB4AD55-LeaderElection7] INFO  server.RaftServer$Division (ServerState.java:setRaftConf(393)) - d1cf34d5-c92a-430e-aa0c-9bc6323d5bcc@group-7B5D9BB4AD55: set configuration 0: [d1cf34d5-c92a-430e-aa0c-9bc6323d5bcc|rpc:10.1.0.76:35681|dataStream:|priority:1], old=null
2022-10-11 08:12:54,309 [d1cf34d5-c92a-430e-aa0c-9bc6323d5bcc@group-7B5D9BB4AD55-SegmentedRaftLogWorker] INFO  segmented.SegmentedRaftLogWorker (SegmentedRaftLogWorker.java:execute(629)) - d1cf34d5-c92a-430e-aa0c-9bc6323d5bcc@group-7B5D9BB4AD55-SegmentedRaftLogWorker: created new log segment /home/runner/work/ozone/ozone/hadoop-ozone/integration-test/target/test-dir/MiniOzoneClusterImpl-a7be04a2-0db3-4748-8f74-6a3cfa6a7101/datanode-3/data/ratis/dd5e6055-a855-4257-bdda-7b5d9bb4ad55/current/log_inprogress_0
2022-10-11 08:12:54,317 [IPC Server handler 1 on default port 38229] WARN  ha.SequenceIdGenerator (SequenceIdGenerator.java:allocateBatch(237)) - Failed to allocate a batch for localId, expected lastId is 0, actual lastId is 109611004723200000.
2022-10-11 08:12:54,317 [IPC Server handler 1 on default port 38229] INFO  ha.SequenceIdGenerator (SequenceIdGenerator.java:getNextId(128)) - Allocate a batch for localId, change lastId from 109611004723200000 to 109611004723201000.
]]></system-out>
  </testcase>
  <testcase name="testListFilesRecursive" classname="TestOzoneFileSystemWithFSO" time="0.126">
    <system-out><![CDATA[2022-10-11 08:14:21,895 [IPC Server handler 3 on default port 43875] INFO  ha.SequenceIdGenerator (SequenceIdGenerator.java:getNextId(128)) - Allocate a batch for containerId, change lastId from 0 to 1000.
2022-10-11 08:14:21,896 [IPC Server handler 3 on default port 43875] WARN  ha.SequenceIdGenerator (SequenceIdGenerator.java:allocateBatch(237)) - Failed to allocate a batch for localId, expected lastId is 0, actual lastId is 109611004723200000.
2022-10-11 08:14:21,896 [IPC Server handler 3 on default port 43875] INFO  ha.SequenceIdGenerator (SequenceIdGenerator.java:getNextId(128)) - Allocate a batch for localId, change lastId from 109611004723200000 to 109611004723201000.
]]></system-out>
  </testcase>
  <testcase name="testRenameDestinationParentDoesntExist" classname="TestOzoneFileSystemWithFSO" time="0.047">
    <system-out><![CDATA[08:12:54.464 [OM StateMachine ApplyTransaction Thread - 0] ERROR OMAudit - user=runner | ip=127.0.0.1 | op=RENAME_KEY {volume=volume56107, bucket=bucket11984, dataSize=0, replicationType=NONE, replicationFactor=ZERO, srcKey=root_dir/dir1/dir2, dstKey=root_dir/b/c} | ret=FAILURE
org.apache.hadoop.ozone.om.exceptions.OMException: Failed to rename root_dir/dir1/dir2 to root_dir/b/c, root_dir/b doesn't exist
	at org.apache.hadoop.ozone.om.request.file.OMFileRequest.getToKeyNameParentId(OMFileRequest.java:837) ~[ozone-manager-1.3.0-SNAPSHOT.jar:?]
	at org.apache.hadoop.ozone.om.request.key.OMKeyRenameRequestWithFSO.validateAndUpdateCache(OMKeyRenameRequestWithFSO.java:200) ~[ozone-manager-1.3.0-SNAPSHOT.jar:?]
	at org.apache.hadoop.ozone.protocolPB.OzoneManagerRequestHandler.handleWriteRequest(OzoneManagerRequestHandler.java:311) ~[ozone-manager-1.3.0-SNAPSHOT.jar:?]
	at org.apache.hadoop.ozone.om.ratis.OzoneManagerStateMachine.runCommand(OzoneManagerStateMachine.java:529) ~[ozone-manager-1.3.0-SNAPSHOT.jar:?]
	at org.apache.hadoop.ozone.om.ratis.OzoneManagerStateMachine.lambda$1(OzoneManagerStateMachine.java:324) ~[ozone-manager-1.3.0-SNAPSHOT.jar:?]
	at java.util.concurrent.CompletableFuture$AsyncSupply.run(CompletableFuture.java:1604) [?:1.8.0_345]
	at java.util.concurrent.ThreadPoolExecutor.runWorker(ThreadPoolExecutor.java:1149) [?:1.8.0_345]
	at java.util.concurrent.ThreadPoolExecutor$Worker.run(ThreadPoolExecutor.java:624) [?:1.8.0_345]
	at java.lang.Thread.run(Thread.java:750) [?:1.8.0_345]
2022-10-11 08:12:54,465 [OM StateMachine ApplyTransaction Thread - 0] ERROR key.OMKeyRenameRequestWithFSO (OMKeyRenameRequestWithFSO.java:validateAndUpdateCache(234)) - Rename key failed for volume:volume56107 bucket:bucket11984 fromKey:root_dir/dir1/dir2 toKey:root_dir/b/c. Key: root_dir/dir1/dir2 not found.
2022-10-11 08:12:54,465 [Time-limited test] ERROR ozone.BasicOzoneFileSystem (BasicOzoneFileSystem.java:renameFSO(421)) - rename key failed: Failed to rename root_dir/dir1/dir2 to root_dir/b/c, root_dir/b doesn't exist. Error code: KEY_RENAME_ERROR source:root_dir/dir1/dir2, destin:root_dir/b/c
08:12:54.487 [OM StateMachine ApplyTransaction Thread - 0] ERROR OMAudit - user=runner | ip=127.0.0.1 | op=RENAME_KEY {volume=volume56107, bucket=bucket11984, dataSize=0, replicationType=NONE, replicationFactor=ZERO, srcKey=root_dir/dir1/dir2, dstKey=root_dir/file1/c} | ret=FAILURE
org.apache.hadoop.ozone.om.exceptions.OMException: Failed to rename root_dir/dir1/dir2 to root_dir/file1/c, root_dir/file1 is a file
	at org.apache.hadoop.ozone.om.request.file.OMFileRequest.getToKeyNameParentId(OMFileRequest.java:842) ~[ozone-manager-1.3.0-SNAPSHOT.jar:?]
	at org.apache.hadoop.ozone.om.request.key.OMKeyRenameRequestWithFSO.validateAndUpdateCache(OMKeyRenameRequestWithFSO.java:200) ~[ozone-manager-1.3.0-SNAPSHOT.jar:?]
	at org.apache.hadoop.ozone.protocolPB.OzoneManagerRequestHandler.handleWriteRequest(OzoneManagerRequestHandler.java:311) ~[ozone-manager-1.3.0-SNAPSHOT.jar:?]
	at org.apache.hadoop.ozone.om.ratis.OzoneManagerStateMachine.runCommand(OzoneManagerStateMachine.java:529) ~[ozone-manager-1.3.0-SNAPSHOT.jar:?]
	at org.apache.hadoop.ozone.om.ratis.OzoneManagerStateMachine.lambda$1(OzoneManagerStateMachine.java:324) ~[ozone-manager-1.3.0-SNAPSHOT.jar:?]
	at java.util.concurrent.CompletableFuture$AsyncSupply.run(CompletableFuture.java:1604) [?:1.8.0_345]
	at java.util.concurrent.ThreadPoolExecutor.runWorker(ThreadPoolExecutor.java:1149) [?:1.8.0_345]
	at java.util.concurrent.ThreadPoolExecutor$Worker.run(ThreadPoolExecutor.java:624) [?:1.8.0_345]
	at java.lang.Thread.run(Thread.java:750) [?:1.8.0_345]
2022-10-11 08:12:54,488 [OM StateMachine ApplyTransaction Thread - 0] ERROR key.OMKeyRenameRequestWithFSO (OMKeyRenameRequestWithFSO.java:validateAndUpdateCache(234)) - Rename key failed for volume:volume56107 bucket:bucket11984 fromKey:root_dir/dir1/dir2 toKey:root_dir/file1/c. Key: root_dir/dir1/dir2 not found.
2022-10-11 08:12:54,488 [Time-limited test] ERROR ozone.BasicOzoneFileSystem (BasicOzoneFileSystem.java:renameFSO(421)) - rename key failed: Failed to rename root_dir/dir1/dir2 to root_dir/file1/c, root_dir/file1 is a file. Error code: KEY_RENAME_ERROR source:root_dir/dir1/dir2, destin:root_dir/file1/c
]]></system-out>
  </testcase>
  <testcase name="testRenameDestinationParentDoesntExist" classname="TestOzoneFileSystemWithFSO" time="0.021">
    <system-out><![CDATA[08:14:21.979 [IPC Server handler 18 on default port 40309] ERROR OMAudit - user=runner | ip=127.0.0.1 | op=RENAME_KEY {volume=volume86011, bucket=bucket73886, dataSize=0, replicationType=NONE, replicationFactor=ZERO, srcKey=root_dir/dir1/dir2, dstKey=root_dir/b/c} | ret=FAILURE
org.apache.hadoop.ozone.om.exceptions.OMException: Failed to rename root_dir/dir1/dir2 to root_dir/b/c, root_dir/b doesn't exist
	at org.apache.hadoop.ozone.om.request.file.OMFileRequest.getToKeyNameParentId(OMFileRequest.java:837) ~[ozone-manager-1.3.0-SNAPSHOT.jar:?]
	at org.apache.hadoop.ozone.om.request.key.OMKeyRenameRequestWithFSO.validateAndUpdateCache(OMKeyRenameRequestWithFSO.java:200) ~[ozone-manager-1.3.0-SNAPSHOT.jar:?]
	at org.apache.hadoop.ozone.protocolPB.OzoneManagerRequestHandler.handleWriteRequest(OzoneManagerRequestHandler.java:311) ~[ozone-manager-1.3.0-SNAPSHOT.jar:?]
	at org.apache.hadoop.ozone.protocolPB.OzoneManagerProtocolServerSideTranslatorPB.submitRequestDirectlyToOM(OzoneManagerProtocolServerSideTranslatorPB.java:282) ~[ozone-manager-1.3.0-SNAPSHOT.jar:?]
	at org.apache.hadoop.ozone.protocolPB.OzoneManagerProtocolServerSideTranslatorPB.processRequest(OzoneManagerProtocolServerSideTranslatorPB.java:205) ~[ozone-manager-1.3.0-SNAPSHOT.jar:?]
	at org.apache.hadoop.hdds.server.OzoneProtocolMessageDispatcher.processRequest(OzoneProtocolMessageDispatcher.java:87) [hdds-server-framework-1.3.0-SNAPSHOT.jar:?]
	at org.apache.hadoop.ozone.protocolPB.OzoneManagerProtocolServerSideTranslatorPB.submitRequest(OzoneManagerProtocolServerSideTranslatorPB.java:147) [ozone-manager-1.3.0-SNAPSHOT.jar:?]
	at org.apache.hadoop.ozone.protocol.proto.OzoneManagerProtocolProtos$OzoneManagerService$2.callBlockingMethod(OzoneManagerProtocolProtos.java) [ozone-interface-client-1.3.0-SNAPSHOT.jar:?]
	at org.apache.hadoop.ipc.ProtobufRpcEngine$Server.processCall(ProtobufRpcEngine.java:466) [hadoop-common-3.3.1.jar:?]
	at org.apache.hadoop.ipc.ProtobufRpcEngine2$Server$ProtoBufRpcInvoker.call(ProtobufRpcEngine2.java:574) [hadoop-common-3.3.1.jar:?]
	at org.apache.hadoop.ipc.ProtobufRpcEngine2$Server$ProtoBufRpcInvoker.call(ProtobufRpcEngine2.java:552) [hadoop-common-3.3.1.jar:?]
	at org.apache.hadoop.ipc.RPC$Server.call(RPC.java:1093) [hadoop-common-3.3.1.jar:?]
	at org.apache.hadoop.ipc.Server$RpcCall.run(Server.java:1035) [hadoop-common-3.3.1.jar:?]
	at org.apache.hadoop.ipc.Server$RpcCall.run(Server.java:963) [hadoop-common-3.3.1.jar:?]
	at java.security.AccessController.doPrivileged(Native Method) ~[?:1.8.0_345]
	at javax.security.auth.Subject.doAs(Subject.java:422) [?:1.8.0_345]
	at org.apache.hadoop.security.UserGroupInformation.doAs(UserGroupInformation.java:1878) [hadoop-common-3.3.1.jar:?]
	at org.apache.hadoop.ipc.Server$Handler.run(Server.java:2966) [hadoop-common-3.3.1.jar:?]
2022-10-11 08:14:21,979 [IPC Server handler 18 on default port 40309] ERROR key.OMKeyRenameRequestWithFSO (OMKeyRenameRequestWithFSO.java:validateAndUpdateCache(234)) - Rename key failed for volume:volume86011 bucket:bucket73886 fromKey:root_dir/dir1/dir2 toKey:root_dir/b/c. Key: root_dir/dir1/dir2 not found.
2022-10-11 08:14:21,979 [Time-limited test] ERROR ozone.BasicOzoneFileSystem (BasicOzoneFileSystem.java:renameFSO(421)) - rename key failed: Failed to rename root_dir/dir1/dir2 to root_dir/b/c, root_dir/b doesn't exist. Error code: KEY_RENAME_ERROR source:root_dir/dir1/dir2, destin:root_dir/b/c
08:14:21.983 [IPC Server handler 2 on default port 40309] ERROR OMAudit - user=runner | ip=127.0.0.1 | op=RENAME_KEY {volume=volume86011, bucket=bucket73886, dataSize=0, replicationType=NONE, replicationFactor=ZERO, srcKey=root_dir/dir1/dir2, dstKey=root_dir/file1/c} | ret=FAILURE
org.apache.hadoop.ozone.om.exceptions.OMException: Failed to rename root_dir/dir1/dir2 to root_dir/file1/c, root_dir/file1 is a file
	at org.apache.hadoop.ozone.om.request.file.OMFileRequest.getToKeyNameParentId(OMFileRequest.java:842) ~[ozone-manager-1.3.0-SNAPSHOT.jar:?]
	at org.apache.hadoop.ozone.om.request.key.OMKeyRenameRequestWithFSO.validateAndUpdateCache(OMKeyRenameRequestWithFSO.java:200) ~[ozone-manager-1.3.0-SNAPSHOT.jar:?]
	at org.apache.hadoop.ozone.protocolPB.OzoneManagerRequestHandler.handleWriteRequest(OzoneManagerRequestHandler.java:311) ~[ozone-manager-1.3.0-SNAPSHOT.jar:?]
	at org.apache.hadoop.ozone.protocolPB.OzoneManagerProtocolServerSideTranslatorPB.submitRequestDirectlyToOM(OzoneManagerProtocolServerSideTranslatorPB.java:282) ~[ozone-manager-1.3.0-SNAPSHOT.jar:?]
	at org.apache.hadoop.ozone.protocolPB.OzoneManagerProtocolServerSideTranslatorPB.processRequest(OzoneManagerProtocolServerSideTranslatorPB.java:205) ~[ozone-manager-1.3.0-SNAPSHOT.jar:?]
	at org.apache.hadoop.hdds.server.OzoneProtocolMessageDispatcher.processRequest(OzoneProtocolMessageDispatcher.java:87) [hdds-server-framework-1.3.0-SNAPSHOT.jar:?]
	at org.apache.hadoop.ozone.protocolPB.OzoneManagerProtocolServerSideTranslatorPB.submitRequest(OzoneManagerProtocolServerSideTranslatorPB.java:147) [ozone-manager-1.3.0-SNAPSHOT.jar:?]
	at org.apache.hadoop.ozone.protocol.proto.OzoneManagerProtocolProtos$OzoneManagerService$2.callBlockingMethod(OzoneManagerProtocolProtos.java) [ozone-interface-client-1.3.0-SNAPSHOT.jar:?]
	at org.apache.hadoop.ipc.ProtobufRpcEngine$Server.processCall(ProtobufRpcEngine.java:466) [hadoop-common-3.3.1.jar:?]
	at org.apache.hadoop.ipc.ProtobufRpcEngine2$Server$ProtoBufRpcInvoker.call(ProtobufRpcEngine2.java:574) [hadoop-common-3.3.1.jar:?]
	at org.apache.hadoop.ipc.ProtobufRpcEngine2$Server$ProtoBufRpcInvoker.call(ProtobufRpcEngine2.java:552) [hadoop-common-3.3.1.jar:?]
	at org.apache.hadoop.ipc.RPC$Server.call(RPC.java:1093) [hadoop-common-3.3.1.jar:?]
	at org.apache.hadoop.ipc.Server$RpcCall.run(Server.java:1035) [hadoop-common-3.3.1.jar:?]
	at org.apache.hadoop.ipc.Server$RpcCall.run(Server.java:963) [hadoop-common-3.3.1.jar:?]
	at java.security.AccessController.doPrivileged(Native Method) ~[?:1.8.0_345]
	at javax.security.auth.Subject.doAs(Subject.java:422) [?:1.8.0_345]
	at org.apache.hadoop.security.UserGroupInformation.doAs(UserGroupInformation.java:1878) [hadoop-common-3.3.1.jar:?]
	at org.apache.hadoop.ipc.Server$Handler.run(Server.java:2966) [hadoop-common-3.3.1.jar:?]
2022-10-11 08:14:21,983 [IPC Server handler 2 on default port 40309] ERROR key.OMKeyRenameRequestWithFSO (OMKeyRenameRequestWithFSO.java:validateAndUpdateCache(234)) - Rename key failed for volume:volume86011 bucket:bucket73886 fromKey:root_dir/dir1/dir2 toKey:root_dir/file1/c. Key: root_dir/dir1/dir2 not found.
2022-10-11 08:14:21,984 [Time-limited test] ERROR ozone.BasicOzoneFileSystem (BasicOzoneFileSystem.java:renameFSO(421)) - rename key failed: Failed to rename root_dir/dir1/dir2 to root_dir/file1/c, root_dir/file1 is a file. Error code: KEY_RENAME_ERROR source:root_dir/dir1/dir2, destin:root_dir/file1/c
]]></system-out>
  </testcase>
  <testcase name="testCreateWithInvalidPaths" classname="TestOzoneFileSystemWithFSO" time="0">
    <skipped message="HDDS-2939"/>
  </testcase>
  <testcase name="testCreateWithInvalidPaths" classname="TestOzoneFileSystemWithFSO" time="0">
    <skipped message="HDDS-2939"/>
  </testcase>
  <testcase name="testMultiLevelDirs" classname="TestOzoneFileSystemWithFSO" time="0.026"/>
  <testcase name="testMultiLevelDirs" classname="TestOzoneFileSystemWithFSO" time="0.019"/>
  <testcase name="testCreateFile" classname="TestOzoneFileSystemWithFSO" time="0.033">
    <system-out><![CDATA[2022-10-11 08:12:54,540 [fa8aad91-dc65-4636-ad1d-3225222ce3fd@group-BFFD0EFAE241-FollowerState] INFO  impl.FollowerState (FollowerState.java:run(143)) - fa8aad91-dc65-4636-ad1d-3225222ce3fd@group-BFFD0EFAE241-FollowerState: change to CANDIDATE, lastRpcElapsedTime:5155240764ns, electionTimeout:5154ms
2022-10-11 08:12:54,541 [fa8aad91-dc65-4636-ad1d-3225222ce3fd@group-BFFD0EFAE241-FollowerState] INFO  impl.RoleInfo (RoleInfo.java:shutdownFollowerState(110)) - fa8aad91-dc65-4636-ad1d-3225222ce3fd: shutdown fa8aad91-dc65-4636-ad1d-3225222ce3fd@group-BFFD0EFAE241-FollowerState
2022-10-11 08:12:54,541 [fa8aad91-dc65-4636-ad1d-3225222ce3fd@group-BFFD0EFAE241-FollowerState] INFO  server.RaftServer$Division (RaftServerImpl.java:setRole(299)) - fa8aad91-dc65-4636-ad1d-3225222ce3fd@group-BFFD0EFAE241: changes role from  FOLLOWER to CANDIDATE at term 0 for changeToCandidate
2022-10-11 08:12:54,541 [fa8aad91-dc65-4636-ad1d-3225222ce3fd@group-BFFD0EFAE241-FollowerState] INFO  server.RaftServerConfigKeys (ConfUtils.java:logGet(46)) - raft.server.leaderelection.pre-vote = false (custom)
2022-10-11 08:12:54,541 [fa8aad91-dc65-4636-ad1d-3225222ce3fd@group-BFFD0EFAE241-FollowerState] INFO  impl.RoleInfo (RoleInfo.java:updateAndGet(139)) - fa8aad91-dc65-4636-ad1d-3225222ce3fd: start fa8aad91-dc65-4636-ad1d-3225222ce3fd@group-BFFD0EFAE241-LeaderElection8
2022-10-11 08:12:54,549 [fa8aad91-dc65-4636-ad1d-3225222ce3fd@group-BFFD0EFAE241-LeaderElection8] INFO  impl.LeaderElection (LeaderElection.java:askForVotes(310)) - fa8aad91-dc65-4636-ad1d-3225222ce3fd@group-BFFD0EFAE241-LeaderElection8 ELECTION round 0: submit vote requests at term 1 for -1: [fa8aad91-dc65-4636-ad1d-3225222ce3fd|rpc:10.1.0.76:41289|priority:1], old=null
2022-10-11 08:12:54,549 [fa8aad91-dc65-4636-ad1d-3225222ce3fd@group-BFFD0EFAE241-LeaderElection8] INFO  impl.LeaderElection (LeaderElection.java:askForVotes(312)) - fa8aad91-dc65-4636-ad1d-3225222ce3fd@group-BFFD0EFAE241-LeaderElection8 ELECTION round 0: result PASSED (term=1)
2022-10-11 08:12:54,549 [fa8aad91-dc65-4636-ad1d-3225222ce3fd@group-BFFD0EFAE241-LeaderElection8] INFO  impl.RoleInfo (RoleInfo.java:shutdownLeaderElection(130)) - fa8aad91-dc65-4636-ad1d-3225222ce3fd: shutdown fa8aad91-dc65-4636-ad1d-3225222ce3fd@group-BFFD0EFAE241-LeaderElection8
2022-10-11 08:12:54,550 [fa8aad91-dc65-4636-ad1d-3225222ce3fd@group-BFFD0EFAE241-LeaderElection8] INFO  server.RaftServer$Division (RaftServerImpl.java:setRole(299)) - fa8aad91-dc65-4636-ad1d-3225222ce3fd@group-BFFD0EFAE241: changes role from CANDIDATE to LEADER at term 1 for changeToLeader
2022-10-11 08:12:54,550 [fa8aad91-dc65-4636-ad1d-3225222ce3fd@group-BFFD0EFAE241-LeaderElection8] INFO  ratis.XceiverServerRatis (XceiverServerRatis.java:handleLeaderChangedNotification(863)) - Leader change notification received for group: group-BFFD0EFAE241 with new leaderId: fa8aad91-dc65-4636-ad1d-3225222ce3fd
2022-10-11 08:12:54,550 [fa8aad91-dc65-4636-ad1d-3225222ce3fd@group-BFFD0EFAE241-LeaderElection8] INFO  server.RaftServer$Division (ServerState.java:setLeader(287)) - fa8aad91-dc65-4636-ad1d-3225222ce3fd@group-BFFD0EFAE241: change Leader from null to fa8aad91-dc65-4636-ad1d-3225222ce3fd at term 1 for becomeLeader, leader elected after 5172ms
2022-10-11 08:12:54,550 [fa8aad91-dc65-4636-ad1d-3225222ce3fd@group-BFFD0EFAE241-LeaderElection8] INFO  server.RaftServerConfigKeys (ConfUtils.java:logGet(46)) - raft.server.staging.catchup.gap = 1000 (default)
2022-10-11 08:12:54,550 [fa8aad91-dc65-4636-ad1d-3225222ce3fd@group-BFFD0EFAE241-LeaderElection8] INFO  server.RaftServerConfigKeys (ConfUtils.java:logGet(46)) - raft.server.write.element-limit = 1024 (custom)
2022-10-11 08:12:54,551 [fa8aad91-dc65-4636-ad1d-3225222ce3fd@group-BFFD0EFAE241-LeaderElection8] INFO  server.RaftServerConfigKeys (ConfUtils.java:logGet(46)) - raft.server.write.byte-limit = 1024 M (=1073741824) (custom)
2022-10-11 08:12:54,551 [fa8aad91-dc65-4636-ad1d-3225222ce3fd@group-BFFD0EFAE241-LeaderElection8] INFO  server.RaftServerConfigKeys (ConfUtils.java:logGet(46)) - raft.server.watch.timeout = 180s (custom)
2022-10-11 08:12:54,551 [fa8aad91-dc65-4636-ad1d-3225222ce3fd@group-BFFD0EFAE241-LeaderElection8] INFO  server.RaftServerConfigKeys (ConfUtils.java:logGet(46)) - raft.server.watch.timeout.denomination = 1s (default)
2022-10-11 08:12:54,551 [fa8aad91-dc65-4636-ad1d-3225222ce3fd@group-BFFD0EFAE241-LeaderElection8] INFO  server.RaftServerConfigKeys (ConfUtils.java:logGet(46)) - raft.server.watch.element-limit = 65536 (default)
2022-10-11 08:12:54,551 [fa8aad91-dc65-4636-ad1d-3225222ce3fd@group-BFFD0EFAE241-LeaderElection8] INFO  server.RaftServerConfigKeys (ConfUtils.java:logGet(46)) - raft.server.write.element-limit = 1024 (custom)
2022-10-11 08:12:54,551 [fa8aad91-dc65-4636-ad1d-3225222ce3fd@group-BFFD0EFAE241-LeaderElection8] INFO  server.RaftServerConfigKeys (ConfUtils.java:logGet(46)) - raft.server.write.follower.gap.ratio.max = -1.0 (default)
2022-10-11 08:12:54,551 [fa8aad91-dc65-4636-ad1d-3225222ce3fd@group-BFFD0EFAE241-LeaderElection8] INFO  impl.RoleInfo (RoleInfo.java:updateAndGet(139)) - fa8aad91-dc65-4636-ad1d-3225222ce3fd: start fa8aad91-dc65-4636-ad1d-3225222ce3fd@group-BFFD0EFAE241-LeaderStateImpl
2022-10-11 08:12:54,551 [fa8aad91-dc65-4636-ad1d-3225222ce3fd@group-BFFD0EFAE241-LeaderElection8] INFO  segmented.SegmentedRaftLogWorker (SegmentedRaftLogWorker.java:startLogSegment(425)) - fa8aad91-dc65-4636-ad1d-3225222ce3fd@group-BFFD0EFAE241-SegmentedRaftLogWorker: Starting segment from index:0
2022-10-11 08:12:54,559 [fa8aad91-dc65-4636-ad1d-3225222ce3fd@group-BFFD0EFAE241-LeaderElection8] INFO  server.RaftServer$Division (ServerState.java:setRaftConf(393)) - fa8aad91-dc65-4636-ad1d-3225222ce3fd@group-BFFD0EFAE241: set configuration 0: [fa8aad91-dc65-4636-ad1d-3225222ce3fd|rpc:10.1.0.76:41289|dataStream:|priority:1], old=null
2022-10-11 08:12:54,560 [fa8aad91-dc65-4636-ad1d-3225222ce3fd@group-BFFD0EFAE241-SegmentedRaftLogWorker] INFO  segmented.SegmentedRaftLogWorker (SegmentedRaftLogWorker.java:execute(629)) - fa8aad91-dc65-4636-ad1d-3225222ce3fd@group-BFFD0EFAE241-SegmentedRaftLogWorker: created new log segment /home/runner/work/ozone/ozone/hadoop-ozone/integration-test/target/test-dir/MiniOzoneClusterImpl-a7be04a2-0db3-4748-8f74-6a3cfa6a7101/datanode-4/data/ratis/1c304bc5-ed31-40e3-b9d5-bffd0efae241/current/log_inprogress_0
]]></system-out>
  </testcase>
  <testcase name="testCreateFile" classname="TestOzoneFileSystemWithFSO" time="0.018"/>
  <testcase name="testListStatusWithIntermediateDir" classname="TestOzoneFileSystemWithFSO" time="0">
    <skipped message="TODO:HDDS-2939"/>
  </testcase>
  <testcase name="testListStatusWithIntermediateDir" classname="TestOzoneFileSystemWithFSO" time="0">
    <skipped message="TODO:HDDS-2939"/>
  </testcase>
  <testcase name="testListStatusOnLargeDirectory" classname="TestOzoneFileSystemWithFSO" time="0">
    <skipped message="TODO:HDDS-5012"/>
  </testcase>
  <testcase name="testListStatusOnLargeDirectory" classname="TestOzoneFileSystemWithFSO" time="0">
    <skipped message="TODO:HDDS-5012"/>
  </testcase>
  <testcase name="testListStatusWithoutRecursiveSearch" classname="TestOzoneFileSystemWithFSO" time="0.123">
    <system-out><![CDATA[08:12:54.648 [IPC Server handler 2 on default port 39113] ERROR OMAudit - user=runner | ip=127.0.0.1 | op=LIST_STATUS {volume=volume56107, bucket=bucket11984, key=key2, dataSize=0, replicationConfig=null} | ret=FAILURE
org.apache.hadoop.ozone.om.exceptions.OMException: Unable to get file status: volume: volume56107 bucket: bucket11984 key: key2
	at org.apache.hadoop.ozone.om.KeyManagerImpl.getOzoneFileStatusFSO(KeyManagerImpl.java:1336) ~[ozone-manager-1.3.0-SNAPSHOT.jar:?]
	at org.apache.hadoop.ozone.om.OzoneListStatusHelper.listStatusFSO(OzoneListStatusHelper.java:143) ~[ozone-manager-1.3.0-SNAPSHOT.jar:?]
	at org.apache.hadoop.ozone.om.KeyManagerImpl.listStatus(KeyManagerImpl.java:1507) ~[ozone-manager-1.3.0-SNAPSHOT.jar:?]
	at org.apache.hadoop.ozone.om.OzoneManager.listStatus(OzoneManager.java:3648) ~[ozone-manager-1.3.0-SNAPSHOT.jar:?]
	at org.apache.hadoop.ozone.protocolPB.OzoneManagerRequestHandler.listStatus(OzoneManagerRequestHandler.java:1095) ~[ozone-manager-1.3.0-SNAPSHOT.jar:?]
	at org.apache.hadoop.ozone.protocolPB.OzoneManagerRequestHandler.handleReadRequest(OzoneManagerRequestHandler.java:242) ~[ozone-manager-1.3.0-SNAPSHOT.jar:?]
	at org.apache.hadoop.ozone.protocolPB.OzoneManagerProtocolServerSideTranslatorPB.submitReadRequestToOM(OzoneManagerProtocolServerSideTranslatorPB.java:226) ~[ozone-manager-1.3.0-SNAPSHOT.jar:?]
	at org.apache.hadoop.ozone.protocolPB.OzoneManagerProtocolServerSideTranslatorPB.processRequest(OzoneManagerProtocolServerSideTranslatorPB.java:175) ~[ozone-manager-1.3.0-SNAPSHOT.jar:?]
	at org.apache.hadoop.hdds.server.OzoneProtocolMessageDispatcher.processRequest(OzoneProtocolMessageDispatcher.java:87) [hdds-server-framework-1.3.0-SNAPSHOT.jar:?]
	at org.apache.hadoop.ozone.protocolPB.OzoneManagerProtocolServerSideTranslatorPB.submitRequest(OzoneManagerProtocolServerSideTranslatorPB.java:147) [ozone-manager-1.3.0-SNAPSHOT.jar:?]
	at org.apache.hadoop.ozone.protocol.proto.OzoneManagerProtocolProtos$OzoneManagerService$2.callBlockingMethod(OzoneManagerProtocolProtos.java) [ozone-interface-client-1.3.0-SNAPSHOT.jar:?]
	at org.apache.hadoop.ipc.ProtobufRpcEngine$Server.processCall(ProtobufRpcEngine.java:466) [hadoop-common-3.3.1.jar:?]
	at org.apache.hadoop.ipc.ProtobufRpcEngine2$Server$ProtoBufRpcInvoker.call(ProtobufRpcEngine2.java:574) [hadoop-common-3.3.1.jar:?]
	at org.apache.hadoop.ipc.ProtobufRpcEngine2$Server$ProtoBufRpcInvoker.call(ProtobufRpcEngine2.java:552) [hadoop-common-3.3.1.jar:?]
	at org.apache.hadoop.ipc.RPC$Server.call(RPC.java:1093) [hadoop-common-3.3.1.jar:?]
	at org.apache.hadoop.ipc.Server$RpcCall.run(Server.java:1035) [hadoop-common-3.3.1.jar:?]
	at org.apache.hadoop.ipc.Server$RpcCall.run(Server.java:963) [hadoop-common-3.3.1.jar:?]
	at java.security.AccessController.doPrivileged(Native Method) ~[?:1.8.0_345]
	at javax.security.auth.Subject.doAs(Subject.java:422) [?:1.8.0_345]
	at org.apache.hadoop.security.UserGroupInformation.doAs(UserGroupInformation.java:1878) [hadoop-common-3.3.1.jar:?]
	at org.apache.hadoop.ipc.Server$Handler.run(Server.java:2966) [hadoop-common-3.3.1.jar:?]
08:12:54.650 [IPC Server handler 4 on default port 39113] ERROR OMAudit - user=runner | ip=127.0.0.1 | op=LIST_STATUS {volume=volume56107, bucket=bucket11984, key=d1/d2/key2, dataSize=0, replicationConfig=null} | ret=FAILURE
org.apache.hadoop.ozone.om.exceptions.OMException: Unable to get file status: volume: volume56107 bucket: bucket11984 key: d1/d2/key2
	at org.apache.hadoop.ozone.om.KeyManagerImpl.getOzoneFileStatusFSO(KeyManagerImpl.java:1336) ~[ozone-manager-1.3.0-SNAPSHOT.jar:?]
	at org.apache.hadoop.ozone.om.OzoneListStatusHelper.listStatusFSO(OzoneListStatusHelper.java:143) ~[ozone-manager-1.3.0-SNAPSHOT.jar:?]
	at org.apache.hadoop.ozone.om.KeyManagerImpl.listStatus(KeyManagerImpl.java:1507) ~[ozone-manager-1.3.0-SNAPSHOT.jar:?]
	at org.apache.hadoop.ozone.om.OzoneManager.listStatus(OzoneManager.java:3648) ~[ozone-manager-1.3.0-SNAPSHOT.jar:?]
	at org.apache.hadoop.ozone.protocolPB.OzoneManagerRequestHandler.listStatus(OzoneManagerRequestHandler.java:1095) ~[ozone-manager-1.3.0-SNAPSHOT.jar:?]
	at org.apache.hadoop.ozone.protocolPB.OzoneManagerRequestHandler.handleReadRequest(OzoneManagerRequestHandler.java:242) ~[ozone-manager-1.3.0-SNAPSHOT.jar:?]
	at org.apache.hadoop.ozone.protocolPB.OzoneManagerProtocolServerSideTranslatorPB.submitReadRequestToOM(OzoneManagerProtocolServerSideTranslatorPB.java:226) ~[ozone-manager-1.3.0-SNAPSHOT.jar:?]
	at org.apache.hadoop.ozone.protocolPB.OzoneManagerProtocolServerSideTranslatorPB.processRequest(OzoneManagerProtocolServerSideTranslatorPB.java:175) ~[ozone-manager-1.3.0-SNAPSHOT.jar:?]
	at org.apache.hadoop.hdds.server.OzoneProtocolMessageDispatcher.processRequest(OzoneProtocolMessageDispatcher.java:87) [hdds-server-framework-1.3.0-SNAPSHOT.jar:?]
	at org.apache.hadoop.ozone.protocolPB.OzoneManagerProtocolServerSideTranslatorPB.submitRequest(OzoneManagerProtocolServerSideTranslatorPB.java:147) [ozone-manager-1.3.0-SNAPSHOT.jar:?]
	at org.apache.hadoop.ozone.protocol.proto.OzoneManagerProtocolProtos$OzoneManagerService$2.callBlockingMethod(OzoneManagerProtocolProtos.java) [ozone-interface-client-1.3.0-SNAPSHOT.jar:?]
	at org.apache.hadoop.ipc.ProtobufRpcEngine$Server.processCall(ProtobufRpcEngine.java:466) [hadoop-common-3.3.1.jar:?]
	at org.apache.hadoop.ipc.ProtobufRpcEngine2$Server$ProtoBufRpcInvoker.call(ProtobufRpcEngine2.java:574) [hadoop-common-3.3.1.jar:?]
	at org.apache.hadoop.ipc.ProtobufRpcEngine2$Server$ProtoBufRpcInvoker.call(ProtobufRpcEngine2.java:552) [hadoop-common-3.3.1.jar:?]
	at org.apache.hadoop.ipc.RPC$Server.call(RPC.java:1093) [hadoop-common-3.3.1.jar:?]
	at org.apache.hadoop.ipc.Server$RpcCall.run(Server.java:1035) [hadoop-common-3.3.1.jar:?]
	at org.apache.hadoop.ipc.Server$RpcCall.run(Server.java:963) [hadoop-common-3.3.1.jar:?]
	at java.security.AccessController.doPrivileged(Native Method) ~[?:1.8.0_345]
	at javax.security.auth.Subject.doAs(Subject.java:422) [?:1.8.0_345]
	at org.apache.hadoop.security.UserGroupInformation.doAs(UserGroupInformation.java:1878) [hadoop-common-3.3.1.jar:?]
	at org.apache.hadoop.ipc.Server$Handler.run(Server.java:2966) [hadoop-common-3.3.1.jar:?]
]]></system-out>
  </testcase>
  <testcase name="testListStatusWithoutRecursiveSearch" classname="TestOzoneFileSystemWithFSO" time="0.038">
    <system-out><![CDATA[08:14:22.050 [IPC Server handler 15 on default port 40309] ERROR OMAudit - user=runner | ip=127.0.0.1 | op=LIST_STATUS {volume=volume86011, bucket=bucket73886, key=key2, dataSize=0, replicationConfig=null} | ret=FAILURE
org.apache.hadoop.ozone.om.exceptions.OMException: Unable to get file status: volume: volume86011 bucket: bucket73886 key: key2
	at org.apache.hadoop.ozone.om.KeyManagerImpl.getOzoneFileStatusFSO(KeyManagerImpl.java:1336) ~[ozone-manager-1.3.0-SNAPSHOT.jar:?]
	at org.apache.hadoop.ozone.om.OzoneListStatusHelper.listStatusFSO(OzoneListStatusHelper.java:143) ~[ozone-manager-1.3.0-SNAPSHOT.jar:?]
	at org.apache.hadoop.ozone.om.KeyManagerImpl.listStatus(KeyManagerImpl.java:1507) ~[ozone-manager-1.3.0-SNAPSHOT.jar:?]
	at org.apache.hadoop.ozone.om.OzoneManager.listStatus(OzoneManager.java:3648) ~[ozone-manager-1.3.0-SNAPSHOT.jar:?]
	at org.apache.hadoop.ozone.protocolPB.OzoneManagerRequestHandler.listStatus(OzoneManagerRequestHandler.java:1095) ~[ozone-manager-1.3.0-SNAPSHOT.jar:?]
	at org.apache.hadoop.ozone.protocolPB.OzoneManagerRequestHandler.handleReadRequest(OzoneManagerRequestHandler.java:242) ~[ozone-manager-1.3.0-SNAPSHOT.jar:?]
	at org.apache.hadoop.ozone.protocolPB.OzoneManagerProtocolServerSideTranslatorPB.submitRequestDirectlyToOM(OzoneManagerProtocolServerSideTranslatorPB.java:276) ~[ozone-manager-1.3.0-SNAPSHOT.jar:?]
	at org.apache.hadoop.ozone.protocolPB.OzoneManagerProtocolServerSideTranslatorPB.processRequest(OzoneManagerProtocolServerSideTranslatorPB.java:205) ~[ozone-manager-1.3.0-SNAPSHOT.jar:?]
	at org.apache.hadoop.hdds.server.OzoneProtocolMessageDispatcher.processRequest(OzoneProtocolMessageDispatcher.java:87) [hdds-server-framework-1.3.0-SNAPSHOT.jar:?]
	at org.apache.hadoop.ozone.protocolPB.OzoneManagerProtocolServerSideTranslatorPB.submitRequest(OzoneManagerProtocolServerSideTranslatorPB.java:147) [ozone-manager-1.3.0-SNAPSHOT.jar:?]
	at org.apache.hadoop.ozone.protocol.proto.OzoneManagerProtocolProtos$OzoneManagerService$2.callBlockingMethod(OzoneManagerProtocolProtos.java) [ozone-interface-client-1.3.0-SNAPSHOT.jar:?]
	at org.apache.hadoop.ipc.ProtobufRpcEngine$Server.processCall(ProtobufRpcEngine.java:466) [hadoop-common-3.3.1.jar:?]
	at org.apache.hadoop.ipc.ProtobufRpcEngine2$Server$ProtoBufRpcInvoker.call(ProtobufRpcEngine2.java:574) [hadoop-common-3.3.1.jar:?]
	at org.apache.hadoop.ipc.ProtobufRpcEngine2$Server$ProtoBufRpcInvoker.call(ProtobufRpcEngine2.java:552) [hadoop-common-3.3.1.jar:?]
	at org.apache.hadoop.ipc.RPC$Server.call(RPC.java:1093) [hadoop-common-3.3.1.jar:?]
	at org.apache.hadoop.ipc.Server$RpcCall.run(Server.java:1035) [hadoop-common-3.3.1.jar:?]
	at org.apache.hadoop.ipc.Server$RpcCall.run(Server.java:963) [hadoop-common-3.3.1.jar:?]
	at java.security.AccessController.doPrivileged(Native Method) ~[?:1.8.0_345]
	at javax.security.auth.Subject.doAs(Subject.java:422) [?:1.8.0_345]
	at org.apache.hadoop.security.UserGroupInformation.doAs(UserGroupInformation.java:1878) [hadoop-common-3.3.1.jar:?]
	at org.apache.hadoop.ipc.Server$Handler.run(Server.java:2966) [hadoop-common-3.3.1.jar:?]
08:14:22.051 [IPC Server handler 16 on default port 40309] ERROR OMAudit - user=runner | ip=127.0.0.1 | op=LIST_STATUS {volume=volume86011, bucket=bucket73886, key=d1/d2/key2, dataSize=0, replicationConfig=null} | ret=FAILURE
org.apache.hadoop.ozone.om.exceptions.OMException: Unable to get file status: volume: volume86011 bucket: bucket73886 key: d1/d2/key2
	at org.apache.hadoop.ozone.om.KeyManagerImpl.getOzoneFileStatusFSO(KeyManagerImpl.java:1336) ~[ozone-manager-1.3.0-SNAPSHOT.jar:?]
	at org.apache.hadoop.ozone.om.OzoneListStatusHelper.listStatusFSO(OzoneListStatusHelper.java:143) ~[ozone-manager-1.3.0-SNAPSHOT.jar:?]
	at org.apache.hadoop.ozone.om.KeyManagerImpl.listStatus(KeyManagerImpl.java:1507) ~[ozone-manager-1.3.0-SNAPSHOT.jar:?]
	at org.apache.hadoop.ozone.om.OzoneManager.listStatus(OzoneManager.java:3648) ~[ozone-manager-1.3.0-SNAPSHOT.jar:?]
	at org.apache.hadoop.ozone.protocolPB.OzoneManagerRequestHandler.listStatus(OzoneManagerRequestHandler.java:1095) ~[ozone-manager-1.3.0-SNAPSHOT.jar:?]
	at org.apache.hadoop.ozone.protocolPB.OzoneManagerRequestHandler.handleReadRequest(OzoneManagerRequestHandler.java:242) ~[ozone-manager-1.3.0-SNAPSHOT.jar:?]
	at org.apache.hadoop.ozone.protocolPB.OzoneManagerProtocolServerSideTranslatorPB.submitRequestDirectlyToOM(OzoneManagerProtocolServerSideTranslatorPB.java:276) ~[ozone-manager-1.3.0-SNAPSHOT.jar:?]
	at org.apache.hadoop.ozone.protocolPB.OzoneManagerProtocolServerSideTranslatorPB.processRequest(OzoneManagerProtocolServerSideTranslatorPB.java:205) ~[ozone-manager-1.3.0-SNAPSHOT.jar:?]
	at org.apache.hadoop.hdds.server.OzoneProtocolMessageDispatcher.processRequest(OzoneProtocolMessageDispatcher.java:87) [hdds-server-framework-1.3.0-SNAPSHOT.jar:?]
	at org.apache.hadoop.ozone.protocolPB.OzoneManagerProtocolServerSideTranslatorPB.submitRequest(OzoneManagerProtocolServerSideTranslatorPB.java:147) [ozone-manager-1.3.0-SNAPSHOT.jar:?]
	at org.apache.hadoop.ozone.protocol.proto.OzoneManagerProtocolProtos$OzoneManagerService$2.callBlockingMethod(OzoneManagerProtocolProtos.java) [ozone-interface-client-1.3.0-SNAPSHOT.jar:?]
	at org.apache.hadoop.ipc.ProtobufRpcEngine$Server.processCall(ProtobufRpcEngine.java:466) [hadoop-common-3.3.1.jar:?]
	at org.apache.hadoop.ipc.ProtobufRpcEngine2$Server$ProtoBufRpcInvoker.call(ProtobufRpcEngine2.java:574) [hadoop-common-3.3.1.jar:?]
	at org.apache.hadoop.ipc.ProtobufRpcEngine2$Server$ProtoBufRpcInvoker.call(ProtobufRpcEngine2.java:552) [hadoop-common-3.3.1.jar:?]
	at org.apache.hadoop.ipc.RPC$Server.call(RPC.java:1093) [hadoop-common-3.3.1.jar:?]
	at org.apache.hadoop.ipc.Server$RpcCall.run(Server.java:1035) [hadoop-common-3.3.1.jar:?]
	at org.apache.hadoop.ipc.Server$RpcCall.run(Server.java:963) [hadoop-common-3.3.1.jar:?]
	at java.security.AccessController.doPrivileged(Native Method) ~[?:1.8.0_345]
	at javax.security.auth.Subject.doAs(Subject.java:422) [?:1.8.0_345]
	at org.apache.hadoop.security.UserGroupInformation.doAs(UserGroupInformation.java:1878) [hadoop-common-3.3.1.jar:?]
	at org.apache.hadoop.ipc.Server$Handler.run(Server.java:2966) [hadoop-common-3.3.1.jar:?]
]]></system-out>
  </testcase>
  <testcase name="testGetTrashRoot" classname="TestOzoneFileSystemWithFSO" time="0.013"/>
  <testcase name="testGetTrashRoot" classname="TestOzoneFileSystemWithFSO" time="0.01"/>
  <testcase name="testSeekOnFileLength" classname="TestOzoneFileSystemWithFSO" time="0.721">
    <system-out><![CDATA[2022-10-11 08:12:54,742 [Time-limited test] INFO  impl.MetricsSystemImpl (MetricsSystemImpl.java:init(158)) - XceiverClientMetrics metrics system started (again)
08:12:55.402 [IPC Server handler 19 on default port 39113] ERROR OMAudit - user=runner | ip=127.0.0.1 | op=LOOKUP_FILE {volume=volume56107, bucket=bucket11984, key=file_notexist, dataSize=0, replicationConfig=null} | ret=FAILURE
org.apache.hadoop.ozone.om.exceptions.OMException: Unable to get file status: volume: volume56107 bucket: bucket11984 key: file_notexist
	at org.apache.hadoop.ozone.om.KeyManagerImpl.getOzoneFileStatusFSO(KeyManagerImpl.java:1336) ~[ozone-manager-1.3.0-SNAPSHOT.jar:?]
	at org.apache.hadoop.ozone.om.KeyManagerImpl.lookupFile(KeyManagerImpl.java:1381) ~[ozone-manager-1.3.0-SNAPSHOT.jar:?]
	at org.apache.hadoop.ozone.om.OzoneManager.lookupFile(OzoneManager.java:3608) ~[ozone-manager-1.3.0-SNAPSHOT.jar:?]
	at org.apache.hadoop.ozone.protocolPB.OzoneManagerRequestHandler.lookupFile(OzoneManagerRequestHandler.java:1019) ~[ozone-manager-1.3.0-SNAPSHOT.jar:?]
	at org.apache.hadoop.ozone.protocolPB.OzoneManagerRequestHandler.handleReadRequest(OzoneManagerRequestHandler.java:237) ~[ozone-manager-1.3.0-SNAPSHOT.jar:?]
	at org.apache.hadoop.ozone.protocolPB.OzoneManagerProtocolServerSideTranslatorPB.submitReadRequestToOM(OzoneManagerProtocolServerSideTranslatorPB.java:226) ~[ozone-manager-1.3.0-SNAPSHOT.jar:?]
	at org.apache.hadoop.ozone.protocolPB.OzoneManagerProtocolServerSideTranslatorPB.processRequest(OzoneManagerProtocolServerSideTranslatorPB.java:175) ~[ozone-manager-1.3.0-SNAPSHOT.jar:?]
	at org.apache.hadoop.hdds.server.OzoneProtocolMessageDispatcher.processRequest(OzoneProtocolMessageDispatcher.java:87) [hdds-server-framework-1.3.0-SNAPSHOT.jar:?]
	at org.apache.hadoop.ozone.protocolPB.OzoneManagerProtocolServerSideTranslatorPB.submitRequest(OzoneManagerProtocolServerSideTranslatorPB.java:147) [ozone-manager-1.3.0-SNAPSHOT.jar:?]
	at org.apache.hadoop.ozone.protocol.proto.OzoneManagerProtocolProtos$OzoneManagerService$2.callBlockingMethod(OzoneManagerProtocolProtos.java) [ozone-interface-client-1.3.0-SNAPSHOT.jar:?]
	at org.apache.hadoop.ipc.ProtobufRpcEngine$Server.processCall(ProtobufRpcEngine.java:466) [hadoop-common-3.3.1.jar:?]
	at org.apache.hadoop.ipc.ProtobufRpcEngine2$Server$ProtoBufRpcInvoker.call(ProtobufRpcEngine2.java:574) [hadoop-common-3.3.1.jar:?]
	at org.apache.hadoop.ipc.ProtobufRpcEngine2$Server$ProtoBufRpcInvoker.call(ProtobufRpcEngine2.java:552) [hadoop-common-3.3.1.jar:?]
	at org.apache.hadoop.ipc.RPC$Server.call(RPC.java:1093) [hadoop-common-3.3.1.jar:?]
	at org.apache.hadoop.ipc.Server$RpcCall.run(Server.java:1035) [hadoop-common-3.3.1.jar:?]
	at org.apache.hadoop.ipc.Server$RpcCall.run(Server.java:963) [hadoop-common-3.3.1.jar:?]
	at java.security.AccessController.doPrivileged(Native Method) ~[?:1.8.0_345]
	at javax.security.auth.Subject.doAs(Subject.java:422) [?:1.8.0_345]
	at org.apache.hadoop.security.UserGroupInformation.doAs(UserGroupInformation.java:1878) [hadoop-common-3.3.1.jar:?]
	at org.apache.hadoop.ipc.Server$Handler.run(Server.java:2966) [hadoop-common-3.3.1.jar:?]
]]></system-out>
  </testcase>
  <testcase name="testSeekOnFileLength" classname="TestOzoneFileSystemWithFSO" time="0.427">
    <system-out><![CDATA[08:14:22.476 [IPC Server handler 10 on default port 40309] ERROR OMAudit - user=runner | ip=127.0.0.1 | op=LOOKUP_FILE {volume=volume86011, bucket=bucket73886, key=file_notexist, dataSize=0, replicationConfig=null} | ret=FAILURE
org.apache.hadoop.ozone.om.exceptions.OMException: Unable to get file status: volume: volume86011 bucket: bucket73886 key: file_notexist
	at org.apache.hadoop.ozone.om.KeyManagerImpl.getOzoneFileStatusFSO(KeyManagerImpl.java:1336) ~[ozone-manager-1.3.0-SNAPSHOT.jar:?]
	at org.apache.hadoop.ozone.om.KeyManagerImpl.lookupFile(KeyManagerImpl.java:1381) ~[ozone-manager-1.3.0-SNAPSHOT.jar:?]
	at org.apache.hadoop.ozone.om.OzoneManager.lookupFile(OzoneManager.java:3608) ~[ozone-manager-1.3.0-SNAPSHOT.jar:?]
	at org.apache.hadoop.ozone.protocolPB.OzoneManagerRequestHandler.lookupFile(OzoneManagerRequestHandler.java:1019) ~[ozone-manager-1.3.0-SNAPSHOT.jar:?]
	at org.apache.hadoop.ozone.protocolPB.OzoneManagerRequestHandler.handleReadRequest(OzoneManagerRequestHandler.java:237) ~[ozone-manager-1.3.0-SNAPSHOT.jar:?]
	at org.apache.hadoop.ozone.protocolPB.OzoneManagerProtocolServerSideTranslatorPB.submitRequestDirectlyToOM(OzoneManagerProtocolServerSideTranslatorPB.java:276) ~[ozone-manager-1.3.0-SNAPSHOT.jar:?]
	at org.apache.hadoop.ozone.protocolPB.OzoneManagerProtocolServerSideTranslatorPB.processRequest(OzoneManagerProtocolServerSideTranslatorPB.java:205) ~[ozone-manager-1.3.0-SNAPSHOT.jar:?]
	at org.apache.hadoop.hdds.server.OzoneProtocolMessageDispatcher.processRequest(OzoneProtocolMessageDispatcher.java:87) [hdds-server-framework-1.3.0-SNAPSHOT.jar:?]
	at org.apache.hadoop.ozone.protocolPB.OzoneManagerProtocolServerSideTranslatorPB.submitRequest(OzoneManagerProtocolServerSideTranslatorPB.java:147) [ozone-manager-1.3.0-SNAPSHOT.jar:?]
	at org.apache.hadoop.ozone.protocol.proto.OzoneManagerProtocolProtos$OzoneManagerService$2.callBlockingMethod(OzoneManagerProtocolProtos.java) [ozone-interface-client-1.3.0-SNAPSHOT.jar:?]
	at org.apache.hadoop.ipc.ProtobufRpcEngine$Server.processCall(ProtobufRpcEngine.java:466) [hadoop-common-3.3.1.jar:?]
	at org.apache.hadoop.ipc.ProtobufRpcEngine2$Server$ProtoBufRpcInvoker.call(ProtobufRpcEngine2.java:574) [hadoop-common-3.3.1.jar:?]
	at org.apache.hadoop.ipc.ProtobufRpcEngine2$Server$ProtoBufRpcInvoker.call(ProtobufRpcEngine2.java:552) [hadoop-common-3.3.1.jar:?]
	at org.apache.hadoop.ipc.RPC$Server.call(RPC.java:1093) [hadoop-common-3.3.1.jar:?]
	at org.apache.hadoop.ipc.Server$RpcCall.run(Server.java:1035) [hadoop-common-3.3.1.jar:?]
	at org.apache.hadoop.ipc.Server$RpcCall.run(Server.java:963) [hadoop-common-3.3.1.jar:?]
	at java.security.AccessController.doPrivileged(Native Method) ~[?:1.8.0_345]
	at javax.security.auth.Subject.doAs(Subject.java:422) [?:1.8.0_345]
	at org.apache.hadoop.security.UserGroupInformation.doAs(UserGroupInformation.java:1878) [hadoop-common-3.3.1.jar:?]
	at org.apache.hadoop.ipc.Server$Handler.run(Server.java:2966) [hadoop-common-3.3.1.jar:?]
]]></system-out>
  </testcase>
  <testcase name="testRenameFile" classname="TestOzoneFileSystemWithFSO" time="0.06"/>
  <testcase name="testRenameFile" classname="TestOzoneFileSystemWithFSO" time="0.027"/>
  <testcase name="testRenameDir" classname="TestOzoneFileSystemWithFSO" time="0.027">
    <system-out><![CDATA[2022-10-11 08:12:55,486 [Time-limited test] INFO  ozone.TestOzoneFileSystem (TestOzoneFileSystem.java:testRenameDir(1353)) - Created dir o3fs://bucket11984.volume56107/root_dir/dir1/sub_dir1
2022-10-11 08:12:55,487 [Time-limited test] INFO  ozone.TestOzoneFileSystem (TestOzoneFileSystem.java:testRenameDir(1354)) - Will move o3fs://bucket11984.volume56107/root_dir/dir1 to o3fs://bucket11984.volume56107/root_dir/dir1.renamed
]]></system-out>
  </testcase>
  <testcase name="testRenameDir" classname="TestOzoneFileSystemWithFSO" time="0.029">
    <system-out><![CDATA[2022-10-11 08:14:22,549 [Time-limited test] INFO  ozone.TestOzoneFileSystem (TestOzoneFileSystem.java:testRenameDir(1353)) - Created dir o3fs://bucket73886.volume86011/root_dir/dir1/sub_dir1
2022-10-11 08:14:22,549 [Time-limited test] INFO  ozone.TestOzoneFileSystem (TestOzoneFileSystem.java:testRenameDir(1354)) - Will move o3fs://bucket73886.volume86011/root_dir/dir1 to o3fs://bucket73886.volume86011/root_dir/dir1.renamed
]]></system-out>
  </testcase>
  <testcase name="testListStatusIteratorOnSubDirs" classname="TestOzoneFileSystemWithFSO" time="0.047"/>
  <testcase name="testListStatusIteratorOnSubDirs" classname="TestOzoneFileSystemWithFSO" time="0.024"/>
  <testcase name="testAllocateMoreThanOneBlock" classname="TestOzoneFileSystemWithFSO" time="0.452"/>
  <testcase name="testAllocateMoreThanOneBlock" classname="TestOzoneFileSystemWithFSO" time="0.894"/>
  <testcase name="testRenameToExistingDir" classname="TestOzoneFileSystemWithFSO" time="0.031"/>
  <testcase name="testRenameToExistingDir" classname="TestOzoneFileSystemWithFSO" time="0.019"/>
  <testcase name="testTrash" classname="TestOzoneFileSystemWithFSO" time="4.062">
    <system-out><![CDATA[08:12:56.056 [IPC Server handler 4 on default port 39113] ERROR OMAudit - user=runner | ip=127.0.0.1 | op=GET_FILE_STATUS {volume=volume56107, bucket=bucket11984, key=.Trash/runner/Current/testKey2, dataSize=0, replicationConfig=null} | ret=FAILURE
org.apache.hadoop.ozone.om.exceptions.OMException: Unable to get file status: volume: volume56107 bucket: bucket11984 key: .Trash/runner/Current/testKey2
	at org.apache.hadoop.ozone.om.KeyManagerImpl.getOzoneFileStatusFSO(KeyManagerImpl.java:1336) ~[ozone-manager-1.3.0-SNAPSHOT.jar:?]
	at org.apache.hadoop.ozone.om.KeyManagerImpl.getFileStatus(KeyManagerImpl.java:1199) ~[ozone-manager-1.3.0-SNAPSHOT.jar:?]
	at org.apache.hadoop.ozone.om.OzoneManager.getFileStatus(OzoneManager.java:3570) ~[ozone-manager-1.3.0-SNAPSHOT.jar:?]
	at org.apache.hadoop.ozone.protocolPB.OzoneManagerRequestHandler.getOzoneFileStatus(OzoneManagerRequestHandler.java:907) ~[ozone-manager-1.3.0-SNAPSHOT.jar:?]
	at org.apache.hadoop.ozone.protocolPB.OzoneManagerRequestHandler.handleReadRequest(OzoneManagerRequestHandler.java:231) ~[ozone-manager-1.3.0-SNAPSHOT.jar:?]
	at org.apache.hadoop.ozone.protocolPB.OzoneManagerProtocolServerSideTranslatorPB.submitReadRequestToOM(OzoneManagerProtocolServerSideTranslatorPB.java:226) ~[ozone-manager-1.3.0-SNAPSHOT.jar:?]
	at org.apache.hadoop.ozone.protocolPB.OzoneManagerProtocolServerSideTranslatorPB.processRequest(OzoneManagerProtocolServerSideTranslatorPB.java:175) ~[ozone-manager-1.3.0-SNAPSHOT.jar:?]
	at org.apache.hadoop.hdds.server.OzoneProtocolMessageDispatcher.processRequest(OzoneProtocolMessageDispatcher.java:87) [hdds-server-framework-1.3.0-SNAPSHOT.jar:?]
	at org.apache.hadoop.ozone.protocolPB.OzoneManagerProtocolServerSideTranslatorPB.submitRequest(OzoneManagerProtocolServerSideTranslatorPB.java:147) [ozone-manager-1.3.0-SNAPSHOT.jar:?]
	at org.apache.hadoop.ozone.protocol.proto.OzoneManagerProtocolProtos$OzoneManagerService$2.callBlockingMethod(OzoneManagerProtocolProtos.java) [ozone-interface-client-1.3.0-SNAPSHOT.jar:?]
	at org.apache.hadoop.ipc.ProtobufRpcEngine$Server.processCall(ProtobufRpcEngine.java:466) [hadoop-common-3.3.1.jar:?]
	at org.apache.hadoop.ipc.ProtobufRpcEngine2$Server$ProtoBufRpcInvoker.call(ProtobufRpcEngine2.java:574) [hadoop-common-3.3.1.jar:?]
	at org.apache.hadoop.ipc.ProtobufRpcEngine2$Server$ProtoBufRpcInvoker.call(ProtobufRpcEngine2.java:552) [hadoop-common-3.3.1.jar:?]
	at org.apache.hadoop.ipc.RPC$Server.call(RPC.java:1093) [hadoop-common-3.3.1.jar:?]
	at org.apache.hadoop.ipc.Server$RpcCall.run(Server.java:1035) [hadoop-common-3.3.1.jar:?]
	at org.apache.hadoop.ipc.Server$RpcCall.run(Server.java:963) [hadoop-common-3.3.1.jar:?]
	at java.security.AccessController.doPrivileged(Native Method) ~[?:1.8.0_345]
	at javax.security.auth.Subject.doAs(Subject.java:422) [?:1.8.0_345]
	at org.apache.hadoop.security.UserGroupInformation.doAs(UserGroupInformation.java:1878) [hadoop-common-3.3.1.jar:?]
	at org.apache.hadoop.ipc.Server$Handler.run(Server.java:2966) [hadoop-common-3.3.1.jar:?]
2022-10-11 08:12:56,058 [Time-limited test] WARN  ozone.BasicOzoneFileSystem (BasicOzoneFileSystem.java:getFileStatus(765)) - GetFileStatus failed for path /.Trash/runner/Current/testKey2
java.io.FileNotFoundException: .Trash/runner/Current/testKey2: No such file or directory!
	at org.apache.hadoop.fs.ozone.BasicOzoneClientAdapterImpl.getFileStatus(BasicOzoneClientAdapterImpl.java:369)
	at org.apache.hadoop.fs.ozone.BasicOzoneFileSystem.getFileStatus(BasicOzoneFileSystem.java:757)
	at org.apache.hadoop.fs.FileSystem.exists(FileSystem.java:1760)
	at org.apache.hadoop.fs.ozone.BasicOzoneFileSystem.exists(BasicOzoneFileSystem.java:804)
	at org.apache.hadoop.fs.TrashPolicyDefault.moveToTrash(TrashPolicyDefault.java:181)
	at org.apache.hadoop.fs.Trash.moveToTrash(Trash.java:110)
	at org.apache.hadoop.fs.ozone.TestOzoneFileSystem.testTrash(TestOzoneFileSystem.java:1580)
	at sun.reflect.NativeMethodAccessorImpl.invoke0(Native Method)
	at sun.reflect.NativeMethodAccessorImpl.invoke(NativeMethodAccessorImpl.java:62)
	at sun.reflect.DelegatingMethodAccessorImpl.invoke(DelegatingMethodAccessorImpl.java:43)
	at java.lang.reflect.Method.invoke(Method.java:498)
	at org.junit.runners.model.FrameworkMethod$1.runReflectiveCall(FrameworkMethod.java:59)
	at org.junit.internal.runners.model.ReflectiveCallable.run(ReflectiveCallable.java:12)
	at org.junit.runners.model.FrameworkMethod.invokeExplosively(FrameworkMethod.java:56)
	at org.junit.internal.runners.statements.InvokeMethod.evaluate(InvokeMethod.java:17)
	at org.junit.internal.runners.statements.RunAfters.evaluate(RunAfters.java:27)
	at org.junit.internal.runners.statements.FailOnTimeout$CallableStatement.call(FailOnTimeout.java:288)
	at org.junit.internal.runners.statements.FailOnTimeout$CallableStatement.call(FailOnTimeout.java:282)
	at java.util.concurrent.FutureTask.run(FutureTask.java:266)
	at java.lang.Thread.run(Thread.java:750)
2022-10-11 08:12:56,064 [Time-limited test] INFO  fs.TrashPolicyDefault (TrashPolicyDefault.java:moveToTrash(188)) - Moved: '/testKey2' to trash at: /.Trash/runner/Current/testKey2
08:12:57.068 [IPC Server handler 13 on default port 39113] ERROR OMAudit - user=runner | ip=127.0.0.1 | op=GET_FILE_STATUS {volume=volume56107, bucket=bucket11984, key=.Trash/runner/Current/testKey2, dataSize=0, replicationConfig=null} | ret=FAILURE
org.apache.hadoop.ozone.om.exceptions.OMException: Unable to get file status: volume: volume56107 bucket: bucket11984 key: .Trash/runner/Current/testKey2
	at org.apache.hadoop.ozone.om.KeyManagerImpl.getOzoneFileStatusFSO(KeyManagerImpl.java:1336) ~[ozone-manager-1.3.0-SNAPSHOT.jar:?]
	at org.apache.hadoop.ozone.om.KeyManagerImpl.getFileStatus(KeyManagerImpl.java:1199) ~[ozone-manager-1.3.0-SNAPSHOT.jar:?]
	at org.apache.hadoop.ozone.om.OzoneManager.getFileStatus(OzoneManager.java:3570) ~[ozone-manager-1.3.0-SNAPSHOT.jar:?]
	at org.apache.hadoop.ozone.protocolPB.OzoneManagerRequestHandler.getOzoneFileStatus(OzoneManagerRequestHandler.java:907) ~[ozone-manager-1.3.0-SNAPSHOT.jar:?]
	at org.apache.hadoop.ozone.protocolPB.OzoneManagerRequestHandler.handleReadRequest(OzoneManagerRequestHandler.java:231) ~[ozone-manager-1.3.0-SNAPSHOT.jar:?]
	at org.apache.hadoop.ozone.protocolPB.OzoneManagerProtocolServerSideTranslatorPB.submitReadRequestToOM(OzoneManagerProtocolServerSideTranslatorPB.java:226) ~[ozone-manager-1.3.0-SNAPSHOT.jar:?]
	at org.apache.hadoop.ozone.protocolPB.OzoneManagerProtocolServerSideTranslatorPB.processRequest(OzoneManagerProtocolServerSideTranslatorPB.java:175) ~[ozone-manager-1.3.0-SNAPSHOT.jar:?]
	at org.apache.hadoop.hdds.server.OzoneProtocolMessageDispatcher.processRequest(OzoneProtocolMessageDispatcher.java:87) [hdds-server-framework-1.3.0-SNAPSHOT.jar:?]
	at org.apache.hadoop.ozone.protocolPB.OzoneManagerProtocolServerSideTranslatorPB.submitRequest(OzoneManagerProtocolServerSideTranslatorPB.java:147) [ozone-manager-1.3.0-SNAPSHOT.jar:?]
	at org.apache.hadoop.ozone.protocol.proto.OzoneManagerProtocolProtos$OzoneManagerService$2.callBlockingMethod(OzoneManagerProtocolProtos.java) [ozone-interface-client-1.3.0-SNAPSHOT.jar:?]
	at org.apache.hadoop.ipc.ProtobufRpcEngine$Server.processCall(ProtobufRpcEngine.java:466) [hadoop-common-3.3.1.jar:?]
	at org.apache.hadoop.ipc.ProtobufRpcEngine2$Server$ProtoBufRpcInvoker.call(ProtobufRpcEngine2.java:574) [hadoop-common-3.3.1.jar:?]
	at org.apache.hadoop.ipc.ProtobufRpcEngine2$Server$ProtoBufRpcInvoker.call(ProtobufRpcEngine2.java:552) [hadoop-common-3.3.1.jar:?]
	at org.apache.hadoop.ipc.RPC$Server.call(RPC.java:1093) [hadoop-common-3.3.1.jar:?]
	at org.apache.hadoop.ipc.Server$RpcCall.run(Server.java:1035) [hadoop-common-3.3.1.jar:?]
	at org.apache.hadoop.ipc.Server$RpcCall.run(Server.java:963) [hadoop-common-3.3.1.jar:?]
	at java.security.AccessController.doPrivileged(Native Method) ~[?:1.8.0_345]
	at javax.security.auth.Subject.doAs(Subject.java:422) [?:1.8.0_345]
	at org.apache.hadoop.security.UserGroupInformation.doAs(UserGroupInformation.java:1878) [hadoop-common-3.3.1.jar:?]
	at org.apache.hadoop.ipc.Server$Handler.run(Server.java:2966) [hadoop-common-3.3.1.jar:?]
2022-10-11 08:12:57,071 [Time-limited test] WARN  ozone.BasicOzoneFileSystem (BasicOzoneFileSystem.java:getFileStatus(765)) - GetFileStatus failed for path /.Trash/runner/Current/testKey2
java.io.FileNotFoundException: .Trash/runner/Current/testKey2: No such file or directory!
	at org.apache.hadoop.fs.ozone.BasicOzoneClientAdapterImpl.getFileStatus(BasicOzoneClientAdapterImpl.java:369)
	at org.apache.hadoop.fs.ozone.BasicOzoneFileSystem.getFileStatus(BasicOzoneFileSystem.java:757)
	at org.apache.hadoop.fs.FileSystem.exists(FileSystem.java:1760)
	at org.apache.hadoop.fs.ozone.BasicOzoneFileSystem.exists(BasicOzoneFileSystem.java:804)
	at org.apache.hadoop.fs.ozone.TestOzoneFileSystem.lambda$testTrash$6(TestOzoneFileSystem.java:1592)
	at org.apache.ozone.test.GenericTestUtils.waitFor(GenericTestUtils.java:218)
	at org.apache.hadoop.fs.ozone.TestOzoneFileSystem.testTrash(TestOzoneFileSystem.java:1590)
	at sun.reflect.NativeMethodAccessorImpl.invoke0(Native Method)
	at sun.reflect.NativeMethodAccessorImpl.invoke(NativeMethodAccessorImpl.java:62)
	at sun.reflect.DelegatingMethodAccessorImpl.invoke(DelegatingMethodAccessorImpl.java:43)
	at java.lang.reflect.Method.invoke(Method.java:498)
	at org.junit.runners.model.FrameworkMethod$1.runReflectiveCall(FrameworkMethod.java:59)
	at org.junit.internal.runners.model.ReflectiveCallable.run(ReflectiveCallable.java:12)
	at org.junit.runners.model.FrameworkMethod.invokeExplosively(FrameworkMethod.java:56)
	at org.junit.internal.runners.statements.InvokeMethod.evaluate(InvokeMethod.java:17)
	at org.junit.internal.runners.statements.RunAfters.evaluate(RunAfters.java:27)
	at org.junit.internal.runners.statements.FailOnTimeout$CallableStatement.call(FailOnTimeout.java:288)
	at org.junit.internal.runners.statements.FailOnTimeout$CallableStatement.call(FailOnTimeout.java:282)
	at java.util.concurrent.FutureTask.run(FutureTask.java:266)
	at java.lang.Thread.run(Thread.java:750)
2022-10-11 08:12:58,990 [14b70a86-5100-4ed6-950c-f7248b89b6df@group-3D059F13AD3A-FollowerState] INFO  impl.FollowerState (FollowerState.java:run(143)) - 14b70a86-5100-4ed6-950c-f7248b89b6df@group-3D059F13AD3A-FollowerState: change to CANDIDATE, lastRpcElapsedTime:5019197413ns, electionTimeout:5015ms
2022-10-11 08:12:58,990 [14b70a86-5100-4ed6-950c-f7248b89b6df@group-3D059F13AD3A-FollowerState] INFO  impl.RoleInfo (RoleInfo.java:shutdownFollowerState(110)) - 14b70a86-5100-4ed6-950c-f7248b89b6df: shutdown 14b70a86-5100-4ed6-950c-f7248b89b6df@group-3D059F13AD3A-FollowerState
2022-10-11 08:12:58,990 [14b70a86-5100-4ed6-950c-f7248b89b6df@group-3D059F13AD3A-FollowerState] INFO  server.RaftServer$Division (RaftServerImpl.java:setRole(299)) - 14b70a86-5100-4ed6-950c-f7248b89b6df@group-3D059F13AD3A: changes role from  FOLLOWER to CANDIDATE at term 1 for changeToCandidate
2022-10-11 08:12:58,991 [14b70a86-5100-4ed6-950c-f7248b89b6df@group-3D059F13AD3A-FollowerState] INFO  server.RaftServerConfigKeys (ConfUtils.java:logGet(46)) - raft.server.leaderelection.pre-vote = false (custom)
2022-10-11 08:12:58,991 [14b70a86-5100-4ed6-950c-f7248b89b6df@group-3D059F13AD3A-FollowerState] INFO  impl.RoleInfo (RoleInfo.java:updateAndGet(139)) - 14b70a86-5100-4ed6-950c-f7248b89b6df: start 14b70a86-5100-4ed6-950c-f7248b89b6df@group-3D059F13AD3A-LeaderElection9
2022-10-11 08:12:58,994 [14b70a86-5100-4ed6-950c-f7248b89b6df@group-3D059F13AD3A-LeaderElection9] INFO  impl.LeaderElection (LeaderElection.java:askForVotes(310)) - 14b70a86-5100-4ed6-950c-f7248b89b6df@group-3D059F13AD3A-LeaderElection9 ELECTION round 0: submit vote requests at term 2 for -1: [14b70a86-5100-4ed6-950c-f7248b89b6df|rpc:10.1.0.76:40211|priority:1, dfd1ace6-5921-4c65-82d6-ac571288ab09|rpc:10.1.0.76:40081|priority:0, c63b842e-4a18-4309-8e5f-a8e0aaa5a343|rpc:10.1.0.76:38751|priority:0], old=null
2022-10-11 08:12:59,005 [grpc-default-executor-0] INFO  server.RaftServer$Division (RaftServerImpl.java:requestVote(1152)) - c63b842e-4a18-4309-8e5f-a8e0aaa5a343@group-3D059F13AD3A: receive requestVote(ELECTION, 14b70a86-5100-4ed6-950c-f7248b89b6df, group-3D059F13AD3A, 2, (t:0, i:0))
2022-10-11 08:12:59,006 [grpc-default-executor-0] INFO  impl.VoteContext (VoteContext.java:log(48)) - c63b842e-4a18-4309-8e5f-a8e0aaa5a343@group-3D059F13AD3A-FOLLOWER: accept ELECTION from 14b70a86-5100-4ed6-950c-f7248b89b6df: our priority 0 <= candidate's priority 1
2022-10-11 08:12:59,006 [grpc-default-executor-0] INFO  server.RaftServer$Division (RaftServerImpl.java:setRole(299)) - c63b842e-4a18-4309-8e5f-a8e0aaa5a343@group-3D059F13AD3A: changes role from  FOLLOWER to FOLLOWER at term 2 for candidate:14b70a86-5100-4ed6-950c-f7248b89b6df
2022-10-11 08:12:59,006 [grpc-default-executor-0] INFO  impl.RoleInfo (RoleInfo.java:shutdownFollowerState(110)) - c63b842e-4a18-4309-8e5f-a8e0aaa5a343: shutdown c63b842e-4a18-4309-8e5f-a8e0aaa5a343@group-3D059F13AD3A-FollowerState
2022-10-11 08:12:59,006 [grpc-default-executor-0] INFO  impl.RoleInfo (RoleInfo.java:updateAndGet(139)) - c63b842e-4a18-4309-8e5f-a8e0aaa5a343: start c63b842e-4a18-4309-8e5f-a8e0aaa5a343@group-3D059F13AD3A-FollowerState
2022-10-11 08:12:59,006 [c63b842e-4a18-4309-8e5f-a8e0aaa5a343@group-3D059F13AD3A-FollowerState] INFO  impl.FollowerState (FollowerState.java:run(152)) - c63b842e-4a18-4309-8e5f-a8e0aaa5a343@group-3D059F13AD3A-FollowerState was interrupted
2022-10-11 08:12:59,011 [grpc-default-executor-0] INFO  server.RaftServer$Division (RaftServerImpl.java:requestVote(1184)) - c63b842e-4a18-4309-8e5f-a8e0aaa5a343@group-3D059F13AD3A replies to ELECTION vote request: 14b70a86-5100-4ed6-950c-f7248b89b6df<-c63b842e-4a18-4309-8e5f-a8e0aaa5a343#0:OK-t2. Peer's state: c63b842e-4a18-4309-8e5f-a8e0aaa5a343@group-3D059F13AD3A:t2, leader=null, voted=14b70a86-5100-4ed6-950c-f7248b89b6df, raftlog=c63b842e-4a18-4309-8e5f-a8e0aaa5a343@group-3D059F13AD3A-SegmentedRaftLog:OPENED:c-1, conf=-1: [14b70a86-5100-4ed6-950c-f7248b89b6df|rpc:10.1.0.76:40211|priority:1, dfd1ace6-5921-4c65-82d6-ac571288ab09|rpc:10.1.0.76:40081|priority:0, c63b842e-4a18-4309-8e5f-a8e0aaa5a343|rpc:10.1.0.76:38751|priority:0], old=null
2022-10-11 08:12:59,015 [grpc-default-executor-0] INFO  server.RaftServer$Division (RaftServerImpl.java:requestVote(1152)) - dfd1ace6-5921-4c65-82d6-ac571288ab09@group-3D059F13AD3A: receive requestVote(ELECTION, 14b70a86-5100-4ed6-950c-f7248b89b6df, group-3D059F13AD3A, 2, (t:0, i:0))
2022-10-11 08:12:59,015 [grpc-default-executor-0] INFO  impl.VoteContext (VoteContext.java:log(48)) - dfd1ace6-5921-4c65-82d6-ac571288ab09@group-3D059F13AD3A-FOLLOWER: accept ELECTION from 14b70a86-5100-4ed6-950c-f7248b89b6df: our priority 0 <= candidate's priority 1
2022-10-11 08:12:59,015 [grpc-default-executor-0] INFO  server.RaftServer$Division (RaftServerImpl.java:setRole(299)) - dfd1ace6-5921-4c65-82d6-ac571288ab09@group-3D059F13AD3A: changes role from  FOLLOWER to FOLLOWER at term 2 for candidate:14b70a86-5100-4ed6-950c-f7248b89b6df
2022-10-11 08:12:59,015 [grpc-default-executor-0] INFO  impl.RoleInfo (RoleInfo.java:shutdownFollowerState(110)) - dfd1ace6-5921-4c65-82d6-ac571288ab09: shutdown dfd1ace6-5921-4c65-82d6-ac571288ab09@group-3D059F13AD3A-FollowerState
2022-10-11 08:12:59,016 [grpc-default-executor-0] INFO  impl.RoleInfo (RoleInfo.java:updateAndGet(139)) - dfd1ace6-5921-4c65-82d6-ac571288ab09: start dfd1ace6-5921-4c65-82d6-ac571288ab09@group-3D059F13AD3A-FollowerState
2022-10-11 08:12:59,016 [dfd1ace6-5921-4c65-82d6-ac571288ab09@group-3D059F13AD3A-FollowerState] INFO  impl.FollowerState (FollowerState.java:run(152)) - dfd1ace6-5921-4c65-82d6-ac571288ab09@group-3D059F13AD3A-FollowerState was interrupted
2022-10-11 08:12:59,016 [14b70a86-5100-4ed6-950c-f7248b89b6df@group-3D059F13AD3A-LeaderElection9] INFO  impl.LeaderElection (LeaderElection.java:logAndReturn(90)) - 14b70a86-5100-4ed6-950c-f7248b89b6df@group-3D059F13AD3A-LeaderElection9: ELECTION PASSED received 1 response(s) and 0 exception(s):
2022-10-11 08:12:59,022 [14b70a86-5100-4ed6-950c-f7248b89b6df@group-3D059F13AD3A-LeaderElection9] INFO  impl.LeaderElection (LeaderElection.java:logAndReturn(94)) -   Response 0: 14b70a86-5100-4ed6-950c-f7248b89b6df<-c63b842e-4a18-4309-8e5f-a8e0aaa5a343#0:OK-t2
2022-10-11 08:12:59,022 [14b70a86-5100-4ed6-950c-f7248b89b6df@group-3D059F13AD3A-LeaderElection9] INFO  impl.LeaderElection (LeaderElection.java:askForVotes(312)) - 14b70a86-5100-4ed6-950c-f7248b89b6df@group-3D059F13AD3A-LeaderElection9 ELECTION round 0: result PASSED
2022-10-11 08:12:59,022 [14b70a86-5100-4ed6-950c-f7248b89b6df@group-3D059F13AD3A-LeaderElection9] INFO  impl.RoleInfo (RoleInfo.java:shutdownLeaderElection(130)) - 14b70a86-5100-4ed6-950c-f7248b89b6df: shutdown 14b70a86-5100-4ed6-950c-f7248b89b6df@group-3D059F13AD3A-LeaderElection9
2022-10-11 08:12:59,022 [14b70a86-5100-4ed6-950c-f7248b89b6df@group-3D059F13AD3A-LeaderElection9] INFO  server.RaftServer$Division (RaftServerImpl.java:setRole(299)) - 14b70a86-5100-4ed6-950c-f7248b89b6df@group-3D059F13AD3A: changes role from CANDIDATE to LEADER at term 2 for changeToLeader
2022-10-11 08:12:59,022 [14b70a86-5100-4ed6-950c-f7248b89b6df@group-3D059F13AD3A-LeaderElection9] INFO  ratis.XceiverServerRatis (XceiverServerRatis.java:handleLeaderChangedNotification(863)) - Leader change notification received for group: group-3D059F13AD3A with new leaderId: 14b70a86-5100-4ed6-950c-f7248b89b6df
2022-10-11 08:12:59,022 [14b70a86-5100-4ed6-950c-f7248b89b6df@group-3D059F13AD3A-LeaderElection9] INFO  server.RaftServer$Division (ServerState.java:setLeader(287)) - 14b70a86-5100-4ed6-950c-f7248b89b6df@group-3D059F13AD3A: change Leader from null to 14b70a86-5100-4ed6-950c-f7248b89b6df at term 2 for becomeLeader, leader elected after 10251ms
2022-10-11 08:12:59,022 [14b70a86-5100-4ed6-950c-f7248b89b6df@group-3D059F13AD3A-LeaderElection9] INFO  server.RaftServerConfigKeys (ConfUtils.java:logGet(46)) - raft.server.staging.catchup.gap = 1000 (default)
2022-10-11 08:12:59,023 [14b70a86-5100-4ed6-950c-f7248b89b6df@group-3D059F13AD3A-LeaderElection9] INFO  server.RaftServerConfigKeys (ConfUtils.java:logGet(46)) - raft.server.write.element-limit = 1024 (custom)
2022-10-11 08:12:59,023 [14b70a86-5100-4ed6-950c-f7248b89b6df@group-3D059F13AD3A-LeaderElection9] INFO  server.RaftServerConfigKeys (ConfUtils.java:logGet(46)) - raft.server.write.byte-limit = 1024 M (=1073741824) (custom)
2022-10-11 08:12:59,023 [14b70a86-5100-4ed6-950c-f7248b89b6df@group-3D059F13AD3A-LeaderElection9] INFO  server.RaftServerConfigKeys (ConfUtils.java:logGet(46)) - raft.server.watch.timeout = 180s (custom)
2022-10-11 08:12:59,023 [14b70a86-5100-4ed6-950c-f7248b89b6df@group-3D059F13AD3A-LeaderElection9] INFO  server.RaftServerConfigKeys (ConfUtils.java:logGet(46)) - raft.server.watch.timeout.denomination = 1s (default)
2022-10-11 08:12:59,023 [14b70a86-5100-4ed6-950c-f7248b89b6df@group-3D059F13AD3A-LeaderElection9] INFO  server.RaftServerConfigKeys (ConfUtils.java:logGet(46)) - raft.server.watch.element-limit = 65536 (default)
2022-10-11 08:12:59,023 [14b70a86-5100-4ed6-950c-f7248b89b6df@group-3D059F13AD3A-LeaderElection9] INFO  server.RaftServerConfigKeys (ConfUtils.java:logGet(46)) - raft.server.write.element-limit = 1024 (custom)
2022-10-11 08:12:59,023 [14b70a86-5100-4ed6-950c-f7248b89b6df@group-3D059F13AD3A-LeaderElection9] INFO  server.RaftServerConfigKeys (ConfUtils.java:logGet(46)) - raft.server.write.follower.gap.ratio.max = -1.0 (default)
2022-10-11 08:12:59,024 [grpc-default-executor-0] INFO  server.RaftServer$Division (RaftServerImpl.java:requestVote(1184)) - dfd1ace6-5921-4c65-82d6-ac571288ab09@group-3D059F13AD3A replies to ELECTION vote request: 14b70a86-5100-4ed6-950c-f7248b89b6df<-dfd1ace6-5921-4c65-82d6-ac571288ab09#0:OK-t2. Peer's state: dfd1ace6-5921-4c65-82d6-ac571288ab09@group-3D059F13AD3A:t2, leader=null, voted=14b70a86-5100-4ed6-950c-f7248b89b6df, raftlog=dfd1ace6-5921-4c65-82d6-ac571288ab09@group-3D059F13AD3A-SegmentedRaftLog:OPENED:c-1, conf=-1: [14b70a86-5100-4ed6-950c-f7248b89b6df|rpc:10.1.0.76:40211|dataStream:|priority:1, dfd1ace6-5921-4c65-82d6-ac571288ab09|rpc:10.1.0.76:40081|dataStream:|priority:0, c63b842e-4a18-4309-8e5f-a8e0aaa5a343|rpc:10.1.0.76:38751|dataStream:|priority:0], old=null
2022-10-11 08:12:59,024 [14b70a86-5100-4ed6-950c-f7248b89b6df@group-3D059F13AD3A-LeaderElection9] INFO  server.RaftServerConfigKeys (ConfUtils.java:logGet(46)) - raft.server.log.appender.snapshot.chunk.size.max = 16MB (=16777216) (default)
2022-10-11 08:12:59,024 [14b70a86-5100-4ed6-950c-f7248b89b6df@group-3D059F13AD3A-LeaderElection9] INFO  server.RaftServerConfigKeys (ConfUtils.java:logGet(46)) - raft.server.log.appender.buffer.byte-limit = 33554432 (custom)
2022-10-11 08:12:59,024 [14b70a86-5100-4ed6-950c-f7248b89b6df@group-3D059F13AD3A-LeaderElection9] INFO  server.RaftServerConfigKeys (ConfUtils.java:logGet(46)) - raft.server.log.appender.buffer.element-limit = 1 (custom)
2022-10-11 08:12:59,025 [EventQueue-PipelineReportForPipelineReportHandler] INFO  pipeline.PipelineManagerImpl (PipelineManagerImpl.java:openPipeline(367)) - Pipeline Pipeline[ Id: 913e9ab8-67ae-4511-b6d0-3d059f13ad3a, Nodes: dfd1ace6-5921-4c65-82d6-ac571288ab09{ip: 10.1.0.76, host: fv-az208-128.kmgg0fu2myoezeajip4j0sfi3d.cx.internal.cloudapp.net, ports: [REPLICATION=40621, RATIS=40081, RATIS_ADMIN=40081, RATIS_SERVER=40081, STANDALONE=45441], networkLocation: /default-rack, certSerialId: null, persistedOpState: IN_SERVICE, persistedOpStateExpiryEpochSec: 0}14b70a86-5100-4ed6-950c-f7248b89b6df{ip: 10.1.0.76, host: fv-az208-128.kmgg0fu2myoezeajip4j0sfi3d.cx.internal.cloudapp.net, ports: [REPLICATION=41539, RATIS=40211, RATIS_ADMIN=40211, RATIS_SERVER=40211, STANDALONE=45221], networkLocation: /default-rack, certSerialId: null, persistedOpState: IN_SERVICE, persistedOpStateExpiryEpochSec: 0}c63b842e-4a18-4309-8e5f-a8e0aaa5a343{ip: 10.1.0.76, host: fv-az208-128.kmgg0fu2myoezeajip4j0sfi3d.cx.internal.cloudapp.net, ports: [REPLICATION=35169, RATIS=38751, RATIS_ADMIN=38751, RATIS_SERVER=38751, STANDALONE=46681], networkLocation: /default-rack, certSerialId: null, persistedOpState: IN_SERVICE, persistedOpStateExpiryEpochSec: 0}, ReplicationConfig: RATIS/THREE, State:ALLOCATED, leaderId:14b70a86-5100-4ed6-950c-f7248b89b6df, CreationTimestamp2022-10-11T08:12:45.790Z[Etc/UTC]] moved to OPEN state
2022-10-11 08:12:59,024 [14b70a86-5100-4ed6-950c-f7248b89b6df@group-3D059F13AD3A-LeaderElection9] INFO  grpc.GrpcConfigKeys (ConfUtils.java:logGet(46)) - raft.grpc.server.leader.outstanding.appends.max = 128 (default)
2022-10-11 08:12:59,034 [14b70a86-5100-4ed6-950c-f7248b89b6df@group-3D059F13AD3A-LeaderElection9] INFO  server.RaftServerConfigKeys (ConfUtils.java:logGet(46)) - raft.server.rpc.request.timeout = 60s (custom)
2022-10-11 08:12:59,034 [14b70a86-5100-4ed6-950c-f7248b89b6df@group-3D059F13AD3A-LeaderElection9] INFO  server.RaftServerConfigKeys (ConfUtils.java:logGet(46)) - raft.server.log.appender.install.snapshot.enabled = false (custom)
2022-10-11 08:12:59,035 [14b70a86-5100-4ed6-950c-f7248b89b6df@group-3D059F13AD3A-LeaderElection9] INFO  server.RaftServerConfigKeys (ConfUtils.java:logGet(46)) - raft.server.log.appender.snapshot.chunk.size.max = 16MB (=16777216) (default)
2022-10-11 08:12:59,035 [14b70a86-5100-4ed6-950c-f7248b89b6df@group-3D059F13AD3A-LeaderElection9] INFO  server.RaftServerConfigKeys (ConfUtils.java:logGet(46)) - raft.server.log.appender.buffer.byte-limit = 33554432 (custom)
2022-10-11 08:12:59,035 [14b70a86-5100-4ed6-950c-f7248b89b6df@group-3D059F13AD3A-LeaderElection9] INFO  server.RaftServerConfigKeys (ConfUtils.java:logGet(46)) - raft.server.log.appender.buffer.element-limit = 1 (custom)
2022-10-11 08:12:59,035 [14b70a86-5100-4ed6-950c-f7248b89b6df@group-3D059F13AD3A-LeaderElection9] INFO  grpc.GrpcConfigKeys (ConfUtils.java:logGet(46)) - raft.grpc.server.leader.outstanding.appends.max = 128 (default)
2022-10-11 08:12:59,035 [14b70a86-5100-4ed6-950c-f7248b89b6df@group-3D059F13AD3A-LeaderElection9] INFO  server.RaftServerConfigKeys (ConfUtils.java:logGet(46)) - raft.server.rpc.request.timeout = 60s (custom)
2022-10-11 08:12:59,035 [14b70a86-5100-4ed6-950c-f7248b89b6df@group-3D059F13AD3A-LeaderElection9] INFO  server.RaftServerConfigKeys (ConfUtils.java:logGet(46)) - raft.server.log.appender.install.snapshot.enabled = false (custom)
2022-10-11 08:12:59,035 [14b70a86-5100-4ed6-950c-f7248b89b6df@group-3D059F13AD3A-LeaderElection9] INFO  impl.RoleInfo (RoleInfo.java:updateAndGet(139)) - 14b70a86-5100-4ed6-950c-f7248b89b6df: start 14b70a86-5100-4ed6-950c-f7248b89b6df@group-3D059F13AD3A-LeaderStateImpl
2022-10-11 08:12:59,035 [14b70a86-5100-4ed6-950c-f7248b89b6df@group-3D059F13AD3A-LeaderElection9] INFO  segmented.SegmentedRaftLogWorker (SegmentedRaftLogWorker.java:startLogSegment(425)) - 14b70a86-5100-4ed6-950c-f7248b89b6df@group-3D059F13AD3A-SegmentedRaftLogWorker: Starting segment from index:0
2022-10-11 08:12:59,036 [14b70a86-5100-4ed6-950c-f7248b89b6df@group-3D059F13AD3A-SegmentedRaftLogWorker] INFO  segmented.SegmentedRaftLogWorker (SegmentedRaftLogWorker.java:execute(629)) - 14b70a86-5100-4ed6-950c-f7248b89b6df@group-3D059F13AD3A-SegmentedRaftLogWorker: created new log segment /home/runner/work/ozone/ozone/hadoop-ozone/integration-test/target/test-dir/MiniOzoneClusterImpl-a7be04a2-0db3-4748-8f74-6a3cfa6a7101/datanode-1/data/ratis/913e9ab8-67ae-4511-b6d0-3d059f13ad3a/current/log_inprogress_0
2022-10-11 08:12:59,047 [14b70a86-5100-4ed6-950c-f7248b89b6df@group-3D059F13AD3A-LeaderElection9] INFO  server.RaftServer$Division (ServerState.java:setRaftConf(393)) - 14b70a86-5100-4ed6-950c-f7248b89b6df@group-3D059F13AD3A: set configuration 0: [14b70a86-5100-4ed6-950c-f7248b89b6df|rpc:10.1.0.76:40211|dataStream:|priority:1, dfd1ace6-5921-4c65-82d6-ac571288ab09|rpc:10.1.0.76:40081|dataStream:|priority:0, c63b842e-4a18-4309-8e5f-a8e0aaa5a343|rpc:10.1.0.76:38751|dataStream:|priority:0], old=null
2022-10-11 08:12:59,051 [dfd1ace6-5921-4c65-82d6-ac571288ab09-server-thread1] INFO  ratis.XceiverServerRatis (XceiverServerRatis.java:handleLeaderChangedNotification(863)) - Leader change notification received for group: group-3D059F13AD3A with new leaderId: 14b70a86-5100-4ed6-950c-f7248b89b6df
2022-10-11 08:12:59,051 [dfd1ace6-5921-4c65-82d6-ac571288ab09-server-thread1] INFO  server.RaftServer$Division (ServerState.java:setLeader(287)) - dfd1ace6-5921-4c65-82d6-ac571288ab09@group-3D059F13AD3A: change Leader from null to 14b70a86-5100-4ed6-950c-f7248b89b6df at term 2 for appendEntries, leader elected after 10219ms
2022-10-11 08:12:59,054 [c63b842e-4a18-4309-8e5f-a8e0aaa5a343-server-thread1] INFO  ratis.XceiverServerRatis (XceiverServerRatis.java:handleLeaderChangedNotification(863)) - Leader change notification received for group: group-3D059F13AD3A with new leaderId: 14b70a86-5100-4ed6-950c-f7248b89b6df
2022-10-11 08:12:59,054 [c63b842e-4a18-4309-8e5f-a8e0aaa5a343-server-thread1] INFO  server.RaftServer$Division (ServerState.java:setLeader(287)) - c63b842e-4a18-4309-8e5f-a8e0aaa5a343@group-3D059F13AD3A: change Leader from null to 14b70a86-5100-4ed6-950c-f7248b89b6df at term 2 for appendEntries, leader elected after 10214ms
2022-10-11 08:12:59,058 [c63b842e-4a18-4309-8e5f-a8e0aaa5a343-server-thread1] INFO  server.RaftServer$Division (ServerState.java:setRaftConf(393)) - c63b842e-4a18-4309-8e5f-a8e0aaa5a343@group-3D059F13AD3A: set configuration 0: [14b70a86-5100-4ed6-950c-f7248b89b6df|rpc:10.1.0.76:40211|dataStream:|priority:1, dfd1ace6-5921-4c65-82d6-ac571288ab09|rpc:10.1.0.76:40081|dataStream:|priority:0, c63b842e-4a18-4309-8e5f-a8e0aaa5a343|rpc:10.1.0.76:38751|dataStream:|priority:0], old=null
2022-10-11 08:12:59,058 [c63b842e-4a18-4309-8e5f-a8e0aaa5a343-server-thread1] INFO  segmented.SegmentedRaftLogWorker (SegmentedRaftLogWorker.java:startLogSegment(425)) - c63b842e-4a18-4309-8e5f-a8e0aaa5a343@group-3D059F13AD3A-SegmentedRaftLogWorker: Starting segment from index:0
2022-10-11 08:12:59,060 [c63b842e-4a18-4309-8e5f-a8e0aaa5a343@group-3D059F13AD3A-SegmentedRaftLogWorker] INFO  segmented.SegmentedRaftLogWorker (SegmentedRaftLogWorker.java:execute(629)) - c63b842e-4a18-4309-8e5f-a8e0aaa5a343@group-3D059F13AD3A-SegmentedRaftLogWorker: created new log segment /home/runner/work/ozone/ozone/hadoop-ozone/integration-test/target/test-dir/MiniOzoneClusterImpl-a7be04a2-0db3-4748-8f74-6a3cfa6a7101/datanode-2/data/ratis/913e9ab8-67ae-4511-b6d0-3d059f13ad3a/current/log_inprogress_0
2022-10-11 08:12:59,066 [dfd1ace6-5921-4c65-82d6-ac571288ab09-server-thread2] INFO  server.RaftServer$Division (ServerState.java:setRaftConf(393)) - dfd1ace6-5921-4c65-82d6-ac571288ab09@group-3D059F13AD3A: set configuration 0: [14b70a86-5100-4ed6-950c-f7248b89b6df|rpc:10.1.0.76:40211|dataStream:|priority:1, dfd1ace6-5921-4c65-82d6-ac571288ab09|rpc:10.1.0.76:40081|dataStream:|priority:0, c63b842e-4a18-4309-8e5f-a8e0aaa5a343|rpc:10.1.0.76:38751|dataStream:|priority:0], old=null
2022-10-11 08:12:59,067 [dfd1ace6-5921-4c65-82d6-ac571288ab09-server-thread2] INFO  segmented.SegmentedRaftLogWorker (SegmentedRaftLogWorker.java:startLogSegment(425)) - dfd1ace6-5921-4c65-82d6-ac571288ab09@group-3D059F13AD3A-SegmentedRaftLogWorker: Starting segment from index:0
2022-10-11 08:12:59,068 [dfd1ace6-5921-4c65-82d6-ac571288ab09@group-3D059F13AD3A-SegmentedRaftLogWorker] INFO  segmented.SegmentedRaftLogWorker (SegmentedRaftLogWorker.java:execute(629)) - dfd1ace6-5921-4c65-82d6-ac571288ab09@group-3D059F13AD3A-SegmentedRaftLogWorker: created new log segment /home/runner/work/ozone/ozone/hadoop-ozone/integration-test/target/test-dir/MiniOzoneClusterImpl-a7be04a2-0db3-4748-8f74-6a3cfa6a7101/datanode-0/data/ratis/913e9ab8-67ae-4511-b6d0-3d059f13ad3a/current/log_inprogress_0
]]></system-out>
  </testcase>
  <testcase name="testTrash" classname="TestOzoneFileSystemWithFSO" time="4.031">
    <system-out><![CDATA[08:14:23.510 [IPC Server handler 16 on default port 40309] ERROR OMAudit - user=runner | ip=127.0.0.1 | op=GET_FILE_STATUS {volume=volume86011, bucket=bucket73886, key=.Trash/runner/Current/testKey2, dataSize=0, replicationConfig=null} | ret=FAILURE
org.apache.hadoop.ozone.om.exceptions.OMException: Unable to get file status: volume: volume86011 bucket: bucket73886 key: .Trash/runner/Current/testKey2
	at org.apache.hadoop.ozone.om.KeyManagerImpl.getOzoneFileStatusFSO(KeyManagerImpl.java:1336) ~[ozone-manager-1.3.0-SNAPSHOT.jar:?]
	at org.apache.hadoop.ozone.om.KeyManagerImpl.getFileStatus(KeyManagerImpl.java:1199) ~[ozone-manager-1.3.0-SNAPSHOT.jar:?]
	at org.apache.hadoop.ozone.om.OzoneManager.getFileStatus(OzoneManager.java:3570) ~[ozone-manager-1.3.0-SNAPSHOT.jar:?]
	at org.apache.hadoop.ozone.protocolPB.OzoneManagerRequestHandler.getOzoneFileStatus(OzoneManagerRequestHandler.java:907) ~[ozone-manager-1.3.0-SNAPSHOT.jar:?]
	at org.apache.hadoop.ozone.protocolPB.OzoneManagerRequestHandler.handleReadRequest(OzoneManagerRequestHandler.java:231) ~[ozone-manager-1.3.0-SNAPSHOT.jar:?]
	at org.apache.hadoop.ozone.protocolPB.OzoneManagerProtocolServerSideTranslatorPB.submitRequestDirectlyToOM(OzoneManagerProtocolServerSideTranslatorPB.java:276) ~[ozone-manager-1.3.0-SNAPSHOT.jar:?]
	at org.apache.hadoop.ozone.protocolPB.OzoneManagerProtocolServerSideTranslatorPB.processRequest(OzoneManagerProtocolServerSideTranslatorPB.java:205) ~[ozone-manager-1.3.0-SNAPSHOT.jar:?]
	at org.apache.hadoop.hdds.server.OzoneProtocolMessageDispatcher.processRequest(OzoneProtocolMessageDispatcher.java:87) [hdds-server-framework-1.3.0-SNAPSHOT.jar:?]
	at org.apache.hadoop.ozone.protocolPB.OzoneManagerProtocolServerSideTranslatorPB.submitRequest(OzoneManagerProtocolServerSideTranslatorPB.java:147) [ozone-manager-1.3.0-SNAPSHOT.jar:?]
	at org.apache.hadoop.ozone.protocol.proto.OzoneManagerProtocolProtos$OzoneManagerService$2.callBlockingMethod(OzoneManagerProtocolProtos.java) [ozone-interface-client-1.3.0-SNAPSHOT.jar:?]
	at org.apache.hadoop.ipc.ProtobufRpcEngine$Server.processCall(ProtobufRpcEngine.java:466) [hadoop-common-3.3.1.jar:?]
	at org.apache.hadoop.ipc.ProtobufRpcEngine2$Server$ProtoBufRpcInvoker.call(ProtobufRpcEngine2.java:574) [hadoop-common-3.3.1.jar:?]
	at org.apache.hadoop.ipc.ProtobufRpcEngine2$Server$ProtoBufRpcInvoker.call(ProtobufRpcEngine2.java:552) [hadoop-common-3.3.1.jar:?]
	at org.apache.hadoop.ipc.RPC$Server.call(RPC.java:1093) [hadoop-common-3.3.1.jar:?]
	at org.apache.hadoop.ipc.Server$RpcCall.run(Server.java:1035) [hadoop-common-3.3.1.jar:?]
	at org.apache.hadoop.ipc.Server$RpcCall.run(Server.java:963) [hadoop-common-3.3.1.jar:?]
	at java.security.AccessController.doPrivileged(Native Method) ~[?:1.8.0_345]
	at javax.security.auth.Subject.doAs(Subject.java:422) [?:1.8.0_345]
	at org.apache.hadoop.security.UserGroupInformation.doAs(UserGroupInformation.java:1878) [hadoop-common-3.3.1.jar:?]
	at org.apache.hadoop.ipc.Server$Handler.run(Server.java:2966) [hadoop-common-3.3.1.jar:?]
2022-10-11 08:14:23,510 [Time-limited test] WARN  ozone.BasicOzoneFileSystem (BasicOzoneFileSystem.java:getFileStatus(765)) - GetFileStatus failed for path /.Trash/runner/Current/testKey2
java.io.FileNotFoundException: .Trash/runner/Current/testKey2: No such file or directory!
	at org.apache.hadoop.fs.ozone.BasicOzoneClientAdapterImpl.getFileStatus(BasicOzoneClientAdapterImpl.java:369)
	at org.apache.hadoop.fs.ozone.BasicOzoneFileSystem.getFileStatus(BasicOzoneFileSystem.java:757)
	at org.apache.hadoop.fs.FileSystem.exists(FileSystem.java:1760)
	at org.apache.hadoop.fs.ozone.BasicOzoneFileSystem.exists(BasicOzoneFileSystem.java:804)
	at org.apache.hadoop.fs.TrashPolicyDefault.moveToTrash(TrashPolicyDefault.java:181)
	at org.apache.hadoop.fs.Trash.moveToTrash(Trash.java:110)
	at org.apache.hadoop.fs.ozone.TestOzoneFileSystem.testTrash(TestOzoneFileSystem.java:1580)
	at sun.reflect.NativeMethodAccessorImpl.invoke0(Native Method)
	at sun.reflect.NativeMethodAccessorImpl.invoke(NativeMethodAccessorImpl.java:62)
	at sun.reflect.DelegatingMethodAccessorImpl.invoke(DelegatingMethodAccessorImpl.java:43)
	at java.lang.reflect.Method.invoke(Method.java:498)
	at org.junit.runners.model.FrameworkMethod$1.runReflectiveCall(FrameworkMethod.java:59)
	at org.junit.internal.runners.model.ReflectiveCallable.run(ReflectiveCallable.java:12)
	at org.junit.runners.model.FrameworkMethod.invokeExplosively(FrameworkMethod.java:56)
	at org.junit.internal.runners.statements.InvokeMethod.evaluate(InvokeMethod.java:17)
	at org.junit.internal.runners.statements.RunAfters.evaluate(RunAfters.java:27)
	at org.junit.internal.runners.statements.FailOnTimeout$CallableStatement.call(FailOnTimeout.java:288)
	at org.junit.internal.runners.statements.FailOnTimeout$CallableStatement.call(FailOnTimeout.java:282)
	at java.util.concurrent.FutureTask.run(FutureTask.java:266)
	at java.lang.Thread.run(Thread.java:750)
2022-10-11 08:14:23,511 [Time-limited test] INFO  fs.TrashPolicyDefault (TrashPolicyDefault.java:moveToTrash(188)) - Moved: '/testKey2' to trash at: /.Trash/runner/Current/testKey2
08:14:24.513 [IPC Server handler 19 on default port 40309] ERROR OMAudit - user=runner | ip=127.0.0.1 | op=GET_FILE_STATUS {volume=volume86011, bucket=bucket73886, key=.Trash/runner/Current/testKey2, dataSize=0, replicationConfig=null} | ret=FAILURE
org.apache.hadoop.ozone.om.exceptions.OMException: Unable to get file status: volume: volume86011 bucket: bucket73886 key: .Trash/runner/Current/testKey2
	at org.apache.hadoop.ozone.om.KeyManagerImpl.getOzoneFileStatusFSO(KeyManagerImpl.java:1336) ~[ozone-manager-1.3.0-SNAPSHOT.jar:?]
	at org.apache.hadoop.ozone.om.KeyManagerImpl.getFileStatus(KeyManagerImpl.java:1199) ~[ozone-manager-1.3.0-SNAPSHOT.jar:?]
	at org.apache.hadoop.ozone.om.OzoneManager.getFileStatus(OzoneManager.java:3570) ~[ozone-manager-1.3.0-SNAPSHOT.jar:?]
	at org.apache.hadoop.ozone.protocolPB.OzoneManagerRequestHandler.getOzoneFileStatus(OzoneManagerRequestHandler.java:907) ~[ozone-manager-1.3.0-SNAPSHOT.jar:?]
	at org.apache.hadoop.ozone.protocolPB.OzoneManagerRequestHandler.handleReadRequest(OzoneManagerRequestHandler.java:231) ~[ozone-manager-1.3.0-SNAPSHOT.jar:?]
	at org.apache.hadoop.ozone.protocolPB.OzoneManagerProtocolServerSideTranslatorPB.submitRequestDirectlyToOM(OzoneManagerProtocolServerSideTranslatorPB.java:276) ~[ozone-manager-1.3.0-SNAPSHOT.jar:?]
	at org.apache.hadoop.ozone.protocolPB.OzoneManagerProtocolServerSideTranslatorPB.processRequest(OzoneManagerProtocolServerSideTranslatorPB.java:205) ~[ozone-manager-1.3.0-SNAPSHOT.jar:?]
	at org.apache.hadoop.hdds.server.OzoneProtocolMessageDispatcher.processRequest(OzoneProtocolMessageDispatcher.java:87) [hdds-server-framework-1.3.0-SNAPSHOT.jar:?]
	at org.apache.hadoop.ozone.protocolPB.OzoneManagerProtocolServerSideTranslatorPB.submitRequest(OzoneManagerProtocolServerSideTranslatorPB.java:147) [ozone-manager-1.3.0-SNAPSHOT.jar:?]
	at org.apache.hadoop.ozone.protocol.proto.OzoneManagerProtocolProtos$OzoneManagerService$2.callBlockingMethod(OzoneManagerProtocolProtos.java) [ozone-interface-client-1.3.0-SNAPSHOT.jar:?]
	at org.apache.hadoop.ipc.ProtobufRpcEngine$Server.processCall(ProtobufRpcEngine.java:466) [hadoop-common-3.3.1.jar:?]
	at org.apache.hadoop.ipc.ProtobufRpcEngine2$Server$ProtoBufRpcInvoker.call(ProtobufRpcEngine2.java:574) [hadoop-common-3.3.1.jar:?]
	at org.apache.hadoop.ipc.ProtobufRpcEngine2$Server$ProtoBufRpcInvoker.call(ProtobufRpcEngine2.java:552) [hadoop-common-3.3.1.jar:?]
	at org.apache.hadoop.ipc.RPC$Server.call(RPC.java:1093) [hadoop-common-3.3.1.jar:?]
	at org.apache.hadoop.ipc.Server$RpcCall.run(Server.java:1035) [hadoop-common-3.3.1.jar:?]
	at org.apache.hadoop.ipc.Server$RpcCall.run(Server.java:963) [hadoop-common-3.3.1.jar:?]
	at java.security.AccessController.doPrivileged(Native Method) ~[?:1.8.0_345]
	at javax.security.auth.Subject.doAs(Subject.java:422) [?:1.8.0_345]
	at org.apache.hadoop.security.UserGroupInformation.doAs(UserGroupInformation.java:1878) [hadoop-common-3.3.1.jar:?]
	at org.apache.hadoop.ipc.Server$Handler.run(Server.java:2966) [hadoop-common-3.3.1.jar:?]
2022-10-11 08:14:24,514 [Time-limited test] WARN  ozone.BasicOzoneFileSystem (BasicOzoneFileSystem.java:getFileStatus(765)) - GetFileStatus failed for path /.Trash/runner/Current/testKey2
java.io.FileNotFoundException: .Trash/runner/Current/testKey2: No such file or directory!
	at org.apache.hadoop.fs.ozone.BasicOzoneClientAdapterImpl.getFileStatus(BasicOzoneClientAdapterImpl.java:369)
	at org.apache.hadoop.fs.ozone.BasicOzoneFileSystem.getFileStatus(BasicOzoneFileSystem.java:757)
	at org.apache.hadoop.fs.FileSystem.exists(FileSystem.java:1760)
	at org.apache.hadoop.fs.ozone.BasicOzoneFileSystem.exists(BasicOzoneFileSystem.java:804)
	at org.apache.hadoop.fs.ozone.TestOzoneFileSystem.lambda$testTrash$6(TestOzoneFileSystem.java:1592)
	at org.apache.ozone.test.GenericTestUtils.waitFor(GenericTestUtils.java:218)
	at org.apache.hadoop.fs.ozone.TestOzoneFileSystem.testTrash(TestOzoneFileSystem.java:1590)
	at sun.reflect.NativeMethodAccessorImpl.invoke0(Native Method)
	at sun.reflect.NativeMethodAccessorImpl.invoke(NativeMethodAccessorImpl.java:62)
	at sun.reflect.DelegatingMethodAccessorImpl.invoke(DelegatingMethodAccessorImpl.java:43)
	at java.lang.reflect.Method.invoke(Method.java:498)
	at org.junit.runners.model.FrameworkMethod$1.runReflectiveCall(FrameworkMethod.java:59)
	at org.junit.internal.runners.model.ReflectiveCallable.run(ReflectiveCallable.java:12)
	at org.junit.runners.model.FrameworkMethod.invokeExplosively(FrameworkMethod.java:56)
	at org.junit.internal.runners.statements.InvokeMethod.evaluate(InvokeMethod.java:17)
	at org.junit.internal.runners.statements.RunAfters.evaluate(RunAfters.java:27)
	at org.junit.internal.runners.statements.FailOnTimeout$CallableStatement.call(FailOnTimeout.java:288)
	at org.junit.internal.runners.statements.FailOnTimeout$CallableStatement.call(FailOnTimeout.java:282)
	at java.util.concurrent.FutureTask.run(FutureTask.java:266)
	at java.lang.Thread.run(Thread.java:750)
2022-10-11 08:14:24,559 [Under Replicated Processor] INFO  replication.UnderReplicatedProcessor (UnderReplicatedProcessor.java:processAll(92)) - Processed 0 under replicated containers, failed processing 0
2022-10-11 08:14:24,565 [Over Replicated Processor] INFO  replication.OverReplicatedProcessor (OverReplicatedProcessor.java:processAll(90)) - Processed 0 over replicated containers, failed processing 0
2022-10-11 08:14:25,641 [f7d1a98c-0d33-4cfc-a34e-9915b3815335@group-3679C7E9DD81-FollowerState] INFO  impl.FollowerState (FollowerState.java:run(143)) - f7d1a98c-0d33-4cfc-a34e-9915b3815335@group-3679C7E9DD81-FollowerState: change to CANDIDATE, lastRpcElapsedTime:5022731704ns, electionTimeout:5019ms
2022-10-11 08:14:25,641 [f7d1a98c-0d33-4cfc-a34e-9915b3815335@group-3679C7E9DD81-FollowerState] INFO  impl.RoleInfo (RoleInfo.java:shutdownFollowerState(110)) - f7d1a98c-0d33-4cfc-a34e-9915b3815335: shutdown f7d1a98c-0d33-4cfc-a34e-9915b3815335@group-3679C7E9DD81-FollowerState
2022-10-11 08:14:25,641 [f7d1a98c-0d33-4cfc-a34e-9915b3815335@group-3679C7E9DD81-FollowerState] INFO  server.RaftServer$Division (RaftServerImpl.java:setRole(299)) - f7d1a98c-0d33-4cfc-a34e-9915b3815335@group-3679C7E9DD81: changes role from  FOLLOWER to CANDIDATE at term 3 for changeToCandidate
2022-10-11 08:14:25,641 [f7d1a98c-0d33-4cfc-a34e-9915b3815335@group-3679C7E9DD81-FollowerState] INFO  server.RaftServerConfigKeys (ConfUtils.java:logGet(46)) - raft.server.leaderelection.pre-vote = false (custom)
2022-10-11 08:14:25,641 [f7d1a98c-0d33-4cfc-a34e-9915b3815335@group-3679C7E9DD81-FollowerState] INFO  impl.RoleInfo (RoleInfo.java:updateAndGet(139)) - f7d1a98c-0d33-4cfc-a34e-9915b3815335: start f7d1a98c-0d33-4cfc-a34e-9915b3815335@group-3679C7E9DD81-LeaderElection25
2022-10-11 08:14:25,652 [f7d1a98c-0d33-4cfc-a34e-9915b3815335@group-3679C7E9DD81-LeaderElection25] INFO  impl.LeaderElection (LeaderElection.java:askForVotes(310)) - f7d1a98c-0d33-4cfc-a34e-9915b3815335@group-3679C7E9DD81-LeaderElection25 ELECTION round 0: submit vote requests at term 4 for -1: [f7d1a98c-0d33-4cfc-a34e-9915b3815335|rpc:10.1.0.76:40629|dataStream:|priority:1, 372aae33-6f7c-4d6f-ba4c-eadde7effafb|rpc:10.1.0.76:35509|dataStream:|priority:0, ee19ba41-361b-4acc-833e-c4e477a5e66e|rpc:10.1.0.76:33325|dataStream:|priority:0], old=null
2022-10-11 08:14:25,676 [grpc-default-executor-0] INFO  server.RaftServer$Division (RaftServerImpl.java:requestVote(1152)) - 372aae33-6f7c-4d6f-ba4c-eadde7effafb@group-3679C7E9DD81: receive requestVote(ELECTION, f7d1a98c-0d33-4cfc-a34e-9915b3815335, group-3679C7E9DD81, 4, (t:0, i:0))
2022-10-11 08:14:25,676 [grpc-default-executor-0] INFO  impl.VoteContext (VoteContext.java:log(48)) - 372aae33-6f7c-4d6f-ba4c-eadde7effafb@group-3679C7E9DD81-FOLLOWER: accept ELECTION from f7d1a98c-0d33-4cfc-a34e-9915b3815335: our priority 0 <= candidate's priority 1
2022-10-11 08:14:25,676 [grpc-default-executor-0] INFO  server.RaftServer$Division (RaftServerImpl.java:setRole(299)) - 372aae33-6f7c-4d6f-ba4c-eadde7effafb@group-3679C7E9DD81: changes role from  FOLLOWER to FOLLOWER at term 4 for candidate:f7d1a98c-0d33-4cfc-a34e-9915b3815335
2022-10-11 08:14:25,676 [grpc-default-executor-0] INFO  impl.RoleInfo (RoleInfo.java:shutdownFollowerState(110)) - 372aae33-6f7c-4d6f-ba4c-eadde7effafb: shutdown 372aae33-6f7c-4d6f-ba4c-eadde7effafb@group-3679C7E9DD81-FollowerState
2022-10-11 08:14:25,677 [grpc-default-executor-0] INFO  impl.RoleInfo (RoleInfo.java:updateAndGet(139)) - 372aae33-6f7c-4d6f-ba4c-eadde7effafb: start 372aae33-6f7c-4d6f-ba4c-eadde7effafb@group-3679C7E9DD81-FollowerState
2022-10-11 08:14:25,677 [372aae33-6f7c-4d6f-ba4c-eadde7effafb@group-3679C7E9DD81-FollowerState] INFO  impl.FollowerState (FollowerState.java:run(152)) - 372aae33-6f7c-4d6f-ba4c-eadde7effafb@group-3679C7E9DD81-FollowerState was interrupted
2022-10-11 08:14:25,682 [grpc-default-executor-0] INFO  server.RaftServer$Division (RaftServerImpl.java:requestVote(1184)) - 372aae33-6f7c-4d6f-ba4c-eadde7effafb@group-3679C7E9DD81 replies to ELECTION vote request: f7d1a98c-0d33-4cfc-a34e-9915b3815335<-372aae33-6f7c-4d6f-ba4c-eadde7effafb#0:OK-t4. Peer's state: 372aae33-6f7c-4d6f-ba4c-eadde7effafb@group-3679C7E9DD81:t4, leader=null, voted=f7d1a98c-0d33-4cfc-a34e-9915b3815335, raftlog=372aae33-6f7c-4d6f-ba4c-eadde7effafb@group-3679C7E9DD81-SegmentedRaftLog:OPENED:c-1, conf=-1: [f7d1a98c-0d33-4cfc-a34e-9915b3815335|rpc:10.1.0.76:40629|priority:1, 372aae33-6f7c-4d6f-ba4c-eadde7effafb|rpc:10.1.0.76:35509|priority:0, ee19ba41-361b-4acc-833e-c4e477a5e66e|rpc:10.1.0.76:33325|priority:0], old=null
2022-10-11 08:14:25,689 [f7d1a98c-0d33-4cfc-a34e-9915b3815335@group-3679C7E9DD81-LeaderElection25] INFO  impl.LeaderElection (LeaderElection.java:logAndReturn(90)) - f7d1a98c-0d33-4cfc-a34e-9915b3815335@group-3679C7E9DD81-LeaderElection25: ELECTION PASSED received 1 response(s) and 0 exception(s):
2022-10-11 08:14:25,698 [f7d1a98c-0d33-4cfc-a34e-9915b3815335@group-3679C7E9DD81-LeaderElection25] INFO  impl.LeaderElection (LeaderElection.java:logAndReturn(94)) -   Response 0: f7d1a98c-0d33-4cfc-a34e-9915b3815335<-372aae33-6f7c-4d6f-ba4c-eadde7effafb#0:OK-t4
2022-10-11 08:14:25,698 [f7d1a98c-0d33-4cfc-a34e-9915b3815335@group-3679C7E9DD81-LeaderElection25] INFO  impl.LeaderElection (LeaderElection.java:askForVotes(312)) - f7d1a98c-0d33-4cfc-a34e-9915b3815335@group-3679C7E9DD81-LeaderElection25 ELECTION round 0: result PASSED
2022-10-11 08:14:25,690 [grpc-default-executor-2] INFO  server.RaftServer$Division (RaftServerImpl.java:requestVote(1152)) - ee19ba41-361b-4acc-833e-c4e477a5e66e@group-3679C7E9DD81: receive requestVote(ELECTION, f7d1a98c-0d33-4cfc-a34e-9915b3815335, group-3679C7E9DD81, 4, (t:0, i:0))
2022-10-11 08:14:25,710 [f7d1a98c-0d33-4cfc-a34e-9915b3815335@group-3679C7E9DD81-LeaderElection25] INFO  impl.RoleInfo (RoleInfo.java:shutdownLeaderElection(130)) - f7d1a98c-0d33-4cfc-a34e-9915b3815335: shutdown f7d1a98c-0d33-4cfc-a34e-9915b3815335@group-3679C7E9DD81-LeaderElection25
2022-10-11 08:14:25,712 [f7d1a98c-0d33-4cfc-a34e-9915b3815335@group-3679C7E9DD81-LeaderElection25] INFO  server.RaftServer$Division (RaftServerImpl.java:setRole(299)) - f7d1a98c-0d33-4cfc-a34e-9915b3815335@group-3679C7E9DD81: changes role from CANDIDATE to LEADER at term 4 for changeToLeader
2022-10-11 08:14:25,712 [f7d1a98c-0d33-4cfc-a34e-9915b3815335@group-3679C7E9DD81-LeaderElection25] INFO  ratis.XceiverServerRatis (XceiverServerRatis.java:handleLeaderChangedNotification(863)) - Leader change notification received for group: group-3679C7E9DD81 with new leaderId: f7d1a98c-0d33-4cfc-a34e-9915b3815335
2022-10-11 08:14:25,713 [f7d1a98c-0d33-4cfc-a34e-9915b3815335@group-3679C7E9DD81-LeaderElection25] INFO  server.RaftServer$Division (ServerState.java:setLeader(287)) - f7d1a98c-0d33-4cfc-a34e-9915b3815335@group-3679C7E9DD81: change Leader from null to f7d1a98c-0d33-4cfc-a34e-9915b3815335 at term 4 for becomeLeader, leader elected after 20480ms
2022-10-11 08:14:25,713 [f7d1a98c-0d33-4cfc-a34e-9915b3815335@group-3679C7E9DD81-LeaderElection25] INFO  server.RaftServerConfigKeys (ConfUtils.java:logGet(46)) - raft.server.staging.catchup.gap = 1000 (default)
2022-10-11 08:14:25,713 [f7d1a98c-0d33-4cfc-a34e-9915b3815335@group-3679C7E9DD81-LeaderElection25] INFO  server.RaftServerConfigKeys (ConfUtils.java:logGet(46)) - raft.server.write.element-limit = 1024 (custom)
2022-10-11 08:14:25,713 [f7d1a98c-0d33-4cfc-a34e-9915b3815335@group-3679C7E9DD81-LeaderElection25] INFO  server.RaftServerConfigKeys (ConfUtils.java:logGet(46)) - raft.server.write.byte-limit = 1024 M (=1073741824) (custom)
2022-10-11 08:14:25,713 [f7d1a98c-0d33-4cfc-a34e-9915b3815335@group-3679C7E9DD81-LeaderElection25] INFO  server.RaftServerConfigKeys (ConfUtils.java:logGet(46)) - raft.server.watch.timeout = 180s (custom)
2022-10-11 08:14:25,713 [f7d1a98c-0d33-4cfc-a34e-9915b3815335@group-3679C7E9DD81-LeaderElection25] INFO  server.RaftServerConfigKeys (ConfUtils.java:logGet(46)) - raft.server.watch.timeout.denomination = 1s (default)
2022-10-11 08:14:25,713 [f7d1a98c-0d33-4cfc-a34e-9915b3815335@group-3679C7E9DD81-LeaderElection25] INFO  server.RaftServerConfigKeys (ConfUtils.java:logGet(46)) - raft.server.watch.element-limit = 65536 (default)
2022-10-11 08:14:25,713 [f7d1a98c-0d33-4cfc-a34e-9915b3815335@group-3679C7E9DD81-LeaderElection25] INFO  server.RaftServerConfigKeys (ConfUtils.java:logGet(46)) - raft.server.write.element-limit = 1024 (custom)
2022-10-11 08:14:25,713 [f7d1a98c-0d33-4cfc-a34e-9915b3815335@group-3679C7E9DD81-LeaderElection25] INFO  server.RaftServerConfigKeys (ConfUtils.java:logGet(46)) - raft.server.write.follower.gap.ratio.max = -1.0 (default)
2022-10-11 08:14:25,714 [f7d1a98c-0d33-4cfc-a34e-9915b3815335@group-3679C7E9DD81-LeaderElection25] INFO  server.RaftServerConfigKeys (ConfUtils.java:logGet(46)) - raft.server.log.appender.snapshot.chunk.size.max = 16MB (=16777216) (default)
2022-10-11 08:14:25,714 [f7d1a98c-0d33-4cfc-a34e-9915b3815335@group-3679C7E9DD81-LeaderElection25] INFO  server.RaftServerConfigKeys (ConfUtils.java:logGet(46)) - raft.server.log.appender.buffer.byte-limit = 33554432 (custom)
2022-10-11 08:14:25,714 [f7d1a98c-0d33-4cfc-a34e-9915b3815335@group-3679C7E9DD81-LeaderElection25] INFO  server.RaftServerConfigKeys (ConfUtils.java:logGet(46)) - raft.server.log.appender.buffer.element-limit = 1 (custom)
2022-10-11 08:14:25,714 [f7d1a98c-0d33-4cfc-a34e-9915b3815335@group-3679C7E9DD81-LeaderElection25] INFO  grpc.GrpcConfigKeys (ConfUtils.java:logGet(46)) - raft.grpc.server.leader.outstanding.appends.max = 128 (default)
2022-10-11 08:14:25,714 [f7d1a98c-0d33-4cfc-a34e-9915b3815335@group-3679C7E9DD81-LeaderElection25] INFO  server.RaftServerConfigKeys (ConfUtils.java:logGet(46)) - raft.server.rpc.request.timeout = 60s (custom)
2022-10-11 08:14:25,714 [f7d1a98c-0d33-4cfc-a34e-9915b3815335@group-3679C7E9DD81-LeaderElection25] INFO  server.RaftServerConfigKeys (ConfUtils.java:logGet(46)) - raft.server.log.appender.install.snapshot.enabled = false (custom)
2022-10-11 08:14:25,715 [f7d1a98c-0d33-4cfc-a34e-9915b3815335@group-3679C7E9DD81-LeaderElection25] INFO  server.RaftServerConfigKeys (ConfUtils.java:logGet(46)) - raft.server.log.appender.snapshot.chunk.size.max = 16MB (=16777216) (default)
2022-10-11 08:14:25,715 [f7d1a98c-0d33-4cfc-a34e-9915b3815335@group-3679C7E9DD81-LeaderElection25] INFO  server.RaftServerConfigKeys (ConfUtils.java:logGet(46)) - raft.server.log.appender.buffer.byte-limit = 33554432 (custom)
2022-10-11 08:14:25,715 [f7d1a98c-0d33-4cfc-a34e-9915b3815335@group-3679C7E9DD81-LeaderElection25] INFO  server.RaftServerConfigKeys (ConfUtils.java:logGet(46)) - raft.server.log.appender.buffer.element-limit = 1 (custom)
2022-10-11 08:14:25,715 [f7d1a98c-0d33-4cfc-a34e-9915b3815335@group-3679C7E9DD81-LeaderElection25] INFO  grpc.GrpcConfigKeys (ConfUtils.java:logGet(46)) - raft.grpc.server.leader.outstanding.appends.max = 128 (default)
2022-10-11 08:14:25,715 [f7d1a98c-0d33-4cfc-a34e-9915b3815335@group-3679C7E9DD81-LeaderElection25] INFO  server.RaftServerConfigKeys (ConfUtils.java:logGet(46)) - raft.server.rpc.request.timeout = 60s (custom)
2022-10-11 08:14:25,715 [f7d1a98c-0d33-4cfc-a34e-9915b3815335@group-3679C7E9DD81-LeaderElection25] INFO  server.RaftServerConfigKeys (ConfUtils.java:logGet(46)) - raft.server.log.appender.install.snapshot.enabled = false (custom)
2022-10-11 08:14:25,715 [f7d1a98c-0d33-4cfc-a34e-9915b3815335@group-3679C7E9DD81-LeaderElection25] INFO  impl.RoleInfo (RoleInfo.java:updateAndGet(139)) - f7d1a98c-0d33-4cfc-a34e-9915b3815335: start f7d1a98c-0d33-4cfc-a34e-9915b3815335@group-3679C7E9DD81-LeaderStateImpl
2022-10-11 08:14:25,715 [f7d1a98c-0d33-4cfc-a34e-9915b3815335@group-3679C7E9DD81-LeaderElection25] INFO  segmented.SegmentedRaftLogWorker (SegmentedRaftLogWorker.java:startLogSegment(425)) - f7d1a98c-0d33-4cfc-a34e-9915b3815335@group-3679C7E9DD81-SegmentedRaftLogWorker: Starting segment from index:0
2022-10-11 08:14:25,712 [grpc-default-executor-2] INFO  impl.VoteContext (VoteContext.java:log(48)) - ee19ba41-361b-4acc-833e-c4e477a5e66e@group-3679C7E9DD81-FOLLOWER: accept ELECTION from f7d1a98c-0d33-4cfc-a34e-9915b3815335: our priority 0 <= candidate's priority 1
2022-10-11 08:14:25,716 [grpc-default-executor-2] INFO  server.RaftServer$Division (RaftServerImpl.java:setRole(299)) - ee19ba41-361b-4acc-833e-c4e477a5e66e@group-3679C7E9DD81: changes role from  FOLLOWER to FOLLOWER at term 4 for candidate:f7d1a98c-0d33-4cfc-a34e-9915b3815335
2022-10-11 08:14:25,716 [grpc-default-executor-2] INFO  impl.RoleInfo (RoleInfo.java:shutdownFollowerState(110)) - ee19ba41-361b-4acc-833e-c4e477a5e66e: shutdown ee19ba41-361b-4acc-833e-c4e477a5e66e@group-3679C7E9DD81-FollowerState
2022-10-11 08:14:25,717 [EventQueue-PipelineReportForPipelineReportHandler] INFO  pipeline.PipelineManagerImpl (PipelineManagerImpl.java:openPipeline(367)) - Pipeline Pipeline[ Id: 94e22a5b-5867-4a1b-8747-3679c7e9dd81, Nodes: 372aae33-6f7c-4d6f-ba4c-eadde7effafb{ip: 10.1.0.76, host: fv-az208-128.kmgg0fu2myoezeajip4j0sfi3d.cx.internal.cloudapp.net, ports: [REPLICATION=37379, RATIS=35509, RATIS_ADMIN=35509, RATIS_SERVER=35509, STANDALONE=37875], networkLocation: /default-rack, certSerialId: null, persistedOpState: IN_SERVICE, persistedOpStateExpiryEpochSec: 0}ee19ba41-361b-4acc-833e-c4e477a5e66e{ip: 10.1.0.76, host: fv-az208-128.kmgg0fu2myoezeajip4j0sfi3d.cx.internal.cloudapp.net, ports: [REPLICATION=46179, RATIS=33325, RATIS_ADMIN=33325, RATIS_SERVER=33325, STANDALONE=41691], networkLocation: /default-rack, certSerialId: null, persistedOpState: IN_SERVICE, persistedOpStateExpiryEpochSec: 0}f7d1a98c-0d33-4cfc-a34e-9915b3815335{ip: 10.1.0.76, host: fv-az208-128.kmgg0fu2myoezeajip4j0sfi3d.cx.internal.cloudapp.net, ports: [REPLICATION=35597, RATIS=40629, RATIS_ADMIN=40629, RATIS_SERVER=40629, STANDALONE=35101], networkLocation: /default-rack, certSerialId: null, persistedOpState: IN_SERVICE, persistedOpStateExpiryEpochSec: 0}, ReplicationConfig: RATIS/THREE, State:ALLOCATED, leaderId:f7d1a98c-0d33-4cfc-a34e-9915b3815335, CreationTimestamp2022-10-11T08:14:03.256Z[Etc/UTC]] moved to OPEN state
2022-10-11 08:14:25,718 [f7d1a98c-0d33-4cfc-a34e-9915b3815335@group-3679C7E9DD81-SegmentedRaftLogWorker] INFO  segmented.SegmentedRaftLogWorker (SegmentedRaftLogWorker.java:execute(629)) - f7d1a98c-0d33-4cfc-a34e-9915b3815335@group-3679C7E9DD81-SegmentedRaftLogWorker: created new log segment /home/runner/work/ozone/ozone/hadoop-ozone/integration-test/target/test-dir/MiniOzoneClusterImpl-e4d44f2f-a2b5-41e9-856a-44b560c8547e/datanode-2/data/ratis/94e22a5b-5867-4a1b-8747-3679c7e9dd81/current/log_inprogress_0
2022-10-11 08:14:25,741 [f7d1a98c-0d33-4cfc-a34e-9915b3815335@group-3679C7E9DD81-LeaderElection25] INFO  server.RaftServer$Division (ServerState.java:setRaftConf(393)) - f7d1a98c-0d33-4cfc-a34e-9915b3815335@group-3679C7E9DD81: set configuration 0: [f7d1a98c-0d33-4cfc-a34e-9915b3815335|rpc:10.1.0.76:40629|dataStream:|priority:1, 372aae33-6f7c-4d6f-ba4c-eadde7effafb|rpc:10.1.0.76:35509|dataStream:|priority:0, ee19ba41-361b-4acc-833e-c4e477a5e66e|rpc:10.1.0.76:33325|dataStream:|priority:0], old=null
2022-10-11 08:14:25,770 [grpc-default-executor-2] INFO  impl.RoleInfo (RoleInfo.java:updateAndGet(139)) - ee19ba41-361b-4acc-833e-c4e477a5e66e: start ee19ba41-361b-4acc-833e-c4e477a5e66e@group-3679C7E9DD81-FollowerState
2022-10-11 08:14:25,770 [ee19ba41-361b-4acc-833e-c4e477a5e66e@group-3679C7E9DD81-FollowerState] INFO  impl.FollowerState (FollowerState.java:run(152)) - ee19ba41-361b-4acc-833e-c4e477a5e66e@group-3679C7E9DD81-FollowerState was interrupted
2022-10-11 08:14:25,778 [grpc-default-executor-2] INFO  server.RaftServer$Division (RaftServerImpl.java:requestVote(1184)) - ee19ba41-361b-4acc-833e-c4e477a5e66e@group-3679C7E9DD81 replies to ELECTION vote request: f7d1a98c-0d33-4cfc-a34e-9915b3815335<-ee19ba41-361b-4acc-833e-c4e477a5e66e#0:OK-t4. Peer's state: ee19ba41-361b-4acc-833e-c4e477a5e66e@group-3679C7E9DD81:t4, leader=null, voted=f7d1a98c-0d33-4cfc-a34e-9915b3815335, raftlog=ee19ba41-361b-4acc-833e-c4e477a5e66e@group-3679C7E9DD81-SegmentedRaftLog:OPENED:c-1, conf=-1: [f7d1a98c-0d33-4cfc-a34e-9915b3815335|rpc:10.1.0.76:40629|dataStream:|priority:1, 372aae33-6f7c-4d6f-ba4c-eadde7effafb|rpc:10.1.0.76:35509|dataStream:|priority:0, ee19ba41-361b-4acc-833e-c4e477a5e66e|rpc:10.1.0.76:33325|dataStream:|priority:0], old=null
2022-10-11 08:14:25,778 [ee19ba41-361b-4acc-833e-c4e477a5e66e-server-thread1] INFO  ratis.XceiverServerRatis (XceiverServerRatis.java:handleLeaderChangedNotification(863)) - Leader change notification received for group: group-3679C7E9DD81 with new leaderId: f7d1a98c-0d33-4cfc-a34e-9915b3815335
2022-10-11 08:14:25,778 [ee19ba41-361b-4acc-833e-c4e477a5e66e-server-thread1] INFO  server.RaftServer$Division (ServerState.java:setLeader(287)) - ee19ba41-361b-4acc-833e-c4e477a5e66e@group-3679C7E9DD81: change Leader from null to f7d1a98c-0d33-4cfc-a34e-9915b3815335 at term 4 for appendEntries, leader elected after 20643ms
2022-10-11 08:14:25,787 [ee19ba41-361b-4acc-833e-c4e477a5e66e-server-thread1] INFO  server.RaftServer$Division (ServerState.java:setRaftConf(393)) - ee19ba41-361b-4acc-833e-c4e477a5e66e@group-3679C7E9DD81: set configuration 0: [f7d1a98c-0d33-4cfc-a34e-9915b3815335|rpc:10.1.0.76:40629|dataStream:|priority:1, 372aae33-6f7c-4d6f-ba4c-eadde7effafb|rpc:10.1.0.76:35509|dataStream:|priority:0, ee19ba41-361b-4acc-833e-c4e477a5e66e|rpc:10.1.0.76:33325|dataStream:|priority:0], old=null
2022-10-11 08:14:25,790 [ee19ba41-361b-4acc-833e-c4e477a5e66e-server-thread1] INFO  segmented.SegmentedRaftLogWorker (SegmentedRaftLogWorker.java:startLogSegment(425)) - ee19ba41-361b-4acc-833e-c4e477a5e66e@group-3679C7E9DD81-SegmentedRaftLogWorker: Starting segment from index:0
2022-10-11 08:14:25,795 [372aae33-6f7c-4d6f-ba4c-eadde7effafb-server-thread1] INFO  ratis.XceiverServerRatis (XceiverServerRatis.java:handleLeaderChangedNotification(863)) - Leader change notification received for group: group-3679C7E9DD81 with new leaderId: f7d1a98c-0d33-4cfc-a34e-9915b3815335
2022-10-11 08:14:25,795 [372aae33-6f7c-4d6f-ba4c-eadde7effafb-server-thread1] INFO  server.RaftServer$Division (ServerState.java:setLeader(287)) - 372aae33-6f7c-4d6f-ba4c-eadde7effafb@group-3679C7E9DD81: change Leader from null to f7d1a98c-0d33-4cfc-a34e-9915b3815335 at term 4 for appendEntries, leader elected after 20768ms
2022-10-11 08:14:25,806 [372aae33-6f7c-4d6f-ba4c-eadde7effafb-server-thread1] INFO  server.RaftServer$Division (ServerState.java:setRaftConf(393)) - 372aae33-6f7c-4d6f-ba4c-eadde7effafb@group-3679C7E9DD81: set configuration 0: [f7d1a98c-0d33-4cfc-a34e-9915b3815335|rpc:10.1.0.76:40629|dataStream:|priority:1, 372aae33-6f7c-4d6f-ba4c-eadde7effafb|rpc:10.1.0.76:35509|dataStream:|priority:0, ee19ba41-361b-4acc-833e-c4e477a5e66e|rpc:10.1.0.76:33325|dataStream:|priority:0], old=null
2022-10-11 08:14:25,806 [372aae33-6f7c-4d6f-ba4c-eadde7effafb-server-thread1] INFO  segmented.SegmentedRaftLogWorker (SegmentedRaftLogWorker.java:startLogSegment(425)) - 372aae33-6f7c-4d6f-ba4c-eadde7effafb@group-3679C7E9DD81-SegmentedRaftLogWorker: Starting segment from index:0
2022-10-11 08:14:25,809 [ee19ba41-361b-4acc-833e-c4e477a5e66e@group-3679C7E9DD81-SegmentedRaftLogWorker] INFO  segmented.SegmentedRaftLogWorker (SegmentedRaftLogWorker.java:execute(629)) - ee19ba41-361b-4acc-833e-c4e477a5e66e@group-3679C7E9DD81-SegmentedRaftLogWorker: created new log segment /home/runner/work/ozone/ozone/hadoop-ozone/integration-test/target/test-dir/MiniOzoneClusterImpl-e4d44f2f-a2b5-41e9-856a-44b560c8547e/datanode-1/data/ratis/94e22a5b-5867-4a1b-8747-3679c7e9dd81/current/log_inprogress_0
2022-10-11 08:14:25,809 [372aae33-6f7c-4d6f-ba4c-eadde7effafb@group-3679C7E9DD81-SegmentedRaftLogWorker] INFO  segmented.SegmentedRaftLogWorker (SegmentedRaftLogWorker.java:execute(629)) - 372aae33-6f7c-4d6f-ba4c-eadde7effafb@group-3679C7E9DD81-SegmentedRaftLogWorker: created new log segment /home/runner/work/ozone/ozone/hadoop-ozone/integration-test/target/test-dir/MiniOzoneClusterImpl-e4d44f2f-a2b5-41e9-856a-44b560c8547e/datanode-0/data/ratis/94e22a5b-5867-4a1b-8747-3679c7e9dd81/current/log_inprogress_0
]]></system-out>
  </testcase>
  <testcase name="testListStatusOnRoot" classname="TestOzoneFileSystemWithFSO" time="0.031"/>
  <testcase name="testListStatusOnRoot" classname="TestOzoneFileSystemWithFSO" time="0.013"/>
  <testcase name="testRenameWithNonExistentSource" classname="TestOzoneFileSystemWithFSO" time="0.03">
    <system-out><![CDATA[2022-10-11 08:13:00,141 [Time-limited test] INFO  ozone.TestOzoneFileSystem (TestOzoneFileSystem.java:testRenameWithNonExistentSource(1092)) - Created destin dir: o3fs://bucket11984.volume56107/root/dir2
2022-10-11 08:13:00,141 [Time-limited test] INFO  ozone.TestOzoneFileSystem (TestOzoneFileSystem.java:testRenameWithNonExistentSource(1094)) - Rename op-> source:o3fs://bucket11984.volume56107/root/dir1 to destin:o3fs://bucket11984.volume56107/root/dir2}
08:13:00.146 [OM StateMachine ApplyTransaction Thread - 0] ERROR OMAudit - user=runner | ip=127.0.0.1 | op=RENAME_KEY {volume=volume56107, bucket=bucket11984, dataSize=0, replicationType=NONE, replicationFactor=ZERO, srcKey=root/dir1, dstKey=root/dir2} | ret=FAILURE
org.apache.hadoop.ozone.om.exceptions.OMException: Unable to get file status: volume: volume56107 bucket: bucket11984 key: root/dir1
	at org.apache.hadoop.ozone.om.OzonePrefixPathImpl.<init>(OzonePrefixPathImpl.java:67) ~[ozone-manager-1.3.0-SNAPSHOT.jar:?]
	at org.apache.hadoop.ozone.om.request.OMClientRequest.checkACLsWithFSO(OMClientRequest.java:236) ~[ozone-manager-1.3.0-SNAPSHOT.jar:?]
	at org.apache.hadoop.ozone.om.request.key.OMKeyRenameRequestWithFSO.validateAndUpdateCache(OMKeyRenameRequestWithFSO.java:116) ~[ozone-manager-1.3.0-SNAPSHOT.jar:?]
	at org.apache.hadoop.ozone.protocolPB.OzoneManagerRequestHandler.handleWriteRequest(OzoneManagerRequestHandler.java:311) ~[ozone-manager-1.3.0-SNAPSHOT.jar:?]
	at org.apache.hadoop.ozone.om.ratis.OzoneManagerStateMachine.runCommand(OzoneManagerStateMachine.java:529) ~[ozone-manager-1.3.0-SNAPSHOT.jar:?]
	at org.apache.hadoop.ozone.om.ratis.OzoneManagerStateMachine.lambda$1(OzoneManagerStateMachine.java:324) ~[ozone-manager-1.3.0-SNAPSHOT.jar:?]
	at java.util.concurrent.CompletableFuture$AsyncSupply.run(CompletableFuture.java:1604) [?:1.8.0_345]
	at java.util.concurrent.ThreadPoolExecutor.runWorker(ThreadPoolExecutor.java:1149) [?:1.8.0_345]
	at java.util.concurrent.ThreadPoolExecutor$Worker.run(ThreadPoolExecutor.java:624) [?:1.8.0_345]
	at java.lang.Thread.run(Thread.java:750) [?:1.8.0_345]
2022-10-11 08:13:00,146 [OM StateMachine ApplyTransaction Thread - 0] ERROR key.OMKeyRenameRequestWithFSO (OMKeyRenameRequestWithFSO.java:validateAndUpdateCache(234)) - Rename key failed for volume:volume56107 bucket:bucket11984 fromKey:root/dir1 toKey:root/dir2. Key: root/dir1 not found.
2022-10-11 08:13:00,150 [Time-limited test] ERROR ozone.BasicOzoneFileSystem (BasicOzoneFileSystem.java:renameFSO(421)) - rename key failed: Unable to get file status: volume: volume56107 bucket: bucket11984 key: root/dir1. Error code: KEY_NOT_FOUND source:root/dir1, destin:root/dir2
]]></system-out>
  </testcase>
  <testcase name="testRenameWithNonExistentSource" classname="TestOzoneFileSystemWithFSO" time="0.029">
    <system-out><![CDATA[2022-10-11 08:14:27,554 [Time-limited test] INFO  ozone.TestOzoneFileSystem (TestOzoneFileSystem.java:testRenameWithNonExistentSource(1092)) - Created destin dir: o3fs://bucket73886.volume86011/root/dir2
2022-10-11 08:14:27,554 [Time-limited test] INFO  ozone.TestOzoneFileSystem (TestOzoneFileSystem.java:testRenameWithNonExistentSource(1094)) - Rename op-> source:o3fs://bucket73886.volume86011/root/dir1 to destin:o3fs://bucket73886.volume86011/root/dir2}
08:14:27.558 [IPC Server handler 18 on default port 40309] ERROR OMAudit - user=runner | ip=127.0.0.1 | op=RENAME_KEY {volume=volume86011, bucket=bucket73886, dataSize=0, replicationType=NONE, replicationFactor=ZERO, srcKey=root/dir1, dstKey=root/dir2} | ret=FAILURE
org.apache.hadoop.ozone.om.exceptions.OMException: Unable to get file status: volume: volume86011 bucket: bucket73886 key: root/dir1
	at org.apache.hadoop.ozone.om.OzonePrefixPathImpl.<init>(OzonePrefixPathImpl.java:67) ~[ozone-manager-1.3.0-SNAPSHOT.jar:?]
	at org.apache.hadoop.ozone.om.request.OMClientRequest.checkACLsWithFSO(OMClientRequest.java:236) ~[ozone-manager-1.3.0-SNAPSHOT.jar:?]
	at org.apache.hadoop.ozone.om.request.key.OMKeyRenameRequestWithFSO.validateAndUpdateCache(OMKeyRenameRequestWithFSO.java:116) ~[ozone-manager-1.3.0-SNAPSHOT.jar:?]
	at org.apache.hadoop.ozone.protocolPB.OzoneManagerRequestHandler.handleWriteRequest(OzoneManagerRequestHandler.java:311) ~[ozone-manager-1.3.0-SNAPSHOT.jar:?]
	at org.apache.hadoop.ozone.protocolPB.OzoneManagerProtocolServerSideTranslatorPB.submitRequestDirectlyToOM(OzoneManagerProtocolServerSideTranslatorPB.java:282) ~[ozone-manager-1.3.0-SNAPSHOT.jar:?]
	at org.apache.hadoop.ozone.protocolPB.OzoneManagerProtocolServerSideTranslatorPB.processRequest(OzoneManagerProtocolServerSideTranslatorPB.java:205) ~[ozone-manager-1.3.0-SNAPSHOT.jar:?]
	at org.apache.hadoop.hdds.server.OzoneProtocolMessageDispatcher.processRequest(OzoneProtocolMessageDispatcher.java:87) [hdds-server-framework-1.3.0-SNAPSHOT.jar:?]
	at org.apache.hadoop.ozone.protocolPB.OzoneManagerProtocolServerSideTranslatorPB.submitRequest(OzoneManagerProtocolServerSideTranslatorPB.java:147) [ozone-manager-1.3.0-SNAPSHOT.jar:?]
	at org.apache.hadoop.ozone.protocol.proto.OzoneManagerProtocolProtos$OzoneManagerService$2.callBlockingMethod(OzoneManagerProtocolProtos.java) [ozone-interface-client-1.3.0-SNAPSHOT.jar:?]
	at org.apache.hadoop.ipc.ProtobufRpcEngine$Server.processCall(ProtobufRpcEngine.java:466) [hadoop-common-3.3.1.jar:?]
	at org.apache.hadoop.ipc.ProtobufRpcEngine2$Server$ProtoBufRpcInvoker.call(ProtobufRpcEngine2.java:574) [hadoop-common-3.3.1.jar:?]
	at org.apache.hadoop.ipc.ProtobufRpcEngine2$Server$ProtoBufRpcInvoker.call(ProtobufRpcEngine2.java:552) [hadoop-common-3.3.1.jar:?]
	at org.apache.hadoop.ipc.RPC$Server.call(RPC.java:1093) [hadoop-common-3.3.1.jar:?]
	at org.apache.hadoop.ipc.Server$RpcCall.run(Server.java:1035) [hadoop-common-3.3.1.jar:?]
	at org.apache.hadoop.ipc.Server$RpcCall.run(Server.java:963) [hadoop-common-3.3.1.jar:?]
	at java.security.AccessController.doPrivileged(Native Method) ~[?:1.8.0_345]
	at javax.security.auth.Subject.doAs(Subject.java:422) [?:1.8.0_345]
	at org.apache.hadoop.security.UserGroupInformation.doAs(UserGroupInformation.java:1878) [hadoop-common-3.3.1.jar:?]
	at org.apache.hadoop.ipc.Server$Handler.run(Server.java:2966) [hadoop-common-3.3.1.jar:?]
2022-10-11 08:14:27,558 [IPC Server handler 18 on default port 40309] ERROR key.OMKeyRenameRequestWithFSO (OMKeyRenameRequestWithFSO.java:validateAndUpdateCache(234)) - Rename key failed for volume:volume86011 bucket:bucket73886 fromKey:root/dir1 toKey:root/dir2. Key: root/dir1 not found.
2022-10-11 08:14:27,559 [Time-limited test] ERROR ozone.BasicOzoneFileSystem (BasicOzoneFileSystem.java:renameFSO(421)) - rename key failed: Unable to get file status: volume: volume86011 bucket: bucket73886 key: root/dir1. Error code: KEY_NOT_FOUND source:root/dir1, destin:root/dir2
]]></system-out>
  </testcase>
  <testcase name="testRenameToParentDir" classname="TestOzoneFileSystemWithFSO" time="0.035"/>
  <testcase name="testRenameToParentDir" classname="TestOzoneFileSystemWithFSO" time="0.026"/>
  <testcase name="testListStatusOnSubDirs" classname="TestOzoneFileSystemWithFSO" time="0.04"/>
  <testcase name="testListStatusOnSubDirs" classname="TestOzoneFileSystemWithFSO" time="0.032"/>
  <testcase name="testListStatus" classname="TestOzoneFileSystemWithFSO" time="0.054"/>
  <testcase name="testListStatus" classname="TestOzoneFileSystemWithFSO" time="0.037"/>
  <testcase name="testRecursiveDelete" classname="TestOzoneFileSystemWithFSO" time="0.261">
    <system-out><![CDATA[08:13:00.392 [OM StateMachine ApplyTransaction Thread - 0] ERROR OMAudit - user=runner | ip=127.0.0.1 | op=DELETE_KEY {volume=volume56107, bucket=bucket11984, key=gdir1/pdir1, dataSize=0, replicationType=NONE, replicationFactor=ZERO} | ret=FAILURE
org.apache.hadoop.ozone.om.exceptions.OMException: Directory is not empty. Key:gdir1/pdir1
	at org.apache.hadoop.ozone.om.request.key.OMKeyDeleteRequestWithFSO.validateAndUpdateCache(OMKeyDeleteRequestWithFSO.java:141) ~[ozone-manager-1.3.0-SNAPSHOT.jar:?]
	at org.apache.hadoop.ozone.protocolPB.OzoneManagerRequestHandler.handleWriteRequest(OzoneManagerRequestHandler.java:311) ~[ozone-manager-1.3.0-SNAPSHOT.jar:?]
	at org.apache.hadoop.ozone.om.ratis.OzoneManagerStateMachine.runCommand(OzoneManagerStateMachine.java:529) ~[ozone-manager-1.3.0-SNAPSHOT.jar:?]
	at org.apache.hadoop.ozone.om.ratis.OzoneManagerStateMachine.lambda$1(OzoneManagerStateMachine.java:324) ~[ozone-manager-1.3.0-SNAPSHOT.jar:?]
	at java.util.concurrent.CompletableFuture$AsyncSupply.run(CompletableFuture.java:1604) [?:1.8.0_345]
	at java.util.concurrent.ThreadPoolExecutor.runWorker(ThreadPoolExecutor.java:1149) [?:1.8.0_345]
	at java.util.concurrent.ThreadPoolExecutor$Worker.run(ThreadPoolExecutor.java:624) [?:1.8.0_345]
	at java.lang.Thread.run(Thread.java:750) [?:1.8.0_345]
2022-10-11 08:13:00,392 [OM StateMachine ApplyTransaction Thread - 0] ERROR key.OMKeyDeleteRequestWithFSO (OMKeyDeleteRequestWithFSO.java:validateAndUpdateCache(201)) - Key delete failed. Volume:volume56107, Bucket:bucket11984, Key:gdir1/pdir1.
DIRECTORY_NOT_EMPTY org.apache.hadoop.ozone.om.exceptions.OMException: Directory is not empty. Key:gdir1/pdir1
	at org.apache.hadoop.ozone.om.request.key.OMKeyDeleteRequestWithFSO.validateAndUpdateCache(OMKeyDeleteRequestWithFSO.java:141)
	at org.apache.hadoop.ozone.protocolPB.OzoneManagerRequestHandler.handleWriteRequest(OzoneManagerRequestHandler.java:311)
	at org.apache.hadoop.ozone.om.ratis.OzoneManagerStateMachine.runCommand(OzoneManagerStateMachine.java:529)
	at org.apache.hadoop.ozone.om.ratis.OzoneManagerStateMachine.lambda$1(OzoneManagerStateMachine.java:324)
	at java.util.concurrent.CompletableFuture$AsyncSupply.run(CompletableFuture.java:1604)
	at java.util.concurrent.ThreadPoolExecutor.runWorker(ThreadPoolExecutor.java:1149)
	at java.util.concurrent.ThreadPoolExecutor$Worker.run(ThreadPoolExecutor.java:624)
	at java.lang.Thread.run(Thread.java:750)
2022-10-11 08:13:00,393 [Time-limited test] ERROR ozone.BasicOzoneClientAdapterImpl (BasicOzoneClientAdapterImpl.java:deleteObject(329)) - delete key failed Directory is not empty. Key:gdir1/pdir1
08:13:00.396 [OM StateMachine ApplyTransaction Thread - 0] ERROR OMAudit - user=runner | ip=127.0.0.1 | op=DELETE_KEY {volume=volume56107, bucket=bucket11984, key=gdir1, dataSize=0, replicationType=NONE, replicationFactor=ZERO} | ret=FAILURE
org.apache.hadoop.ozone.om.exceptions.OMException: Directory is not empty. Key:gdir1
	at org.apache.hadoop.ozone.om.request.key.OMKeyDeleteRequestWithFSO.validateAndUpdateCache(OMKeyDeleteRequestWithFSO.java:141) ~[ozone-manager-1.3.0-SNAPSHOT.jar:?]
	at org.apache.hadoop.ozone.protocolPB.OzoneManagerRequestHandler.handleWriteRequest(OzoneManagerRequestHandler.java:311) ~[ozone-manager-1.3.0-SNAPSHOT.jar:?]
	at org.apache.hadoop.ozone.om.ratis.OzoneManagerStateMachine.runCommand(OzoneManagerStateMachine.java:529) ~[ozone-manager-1.3.0-SNAPSHOT.jar:?]
	at org.apache.hadoop.ozone.om.ratis.OzoneManagerStateMachine.lambda$1(OzoneManagerStateMachine.java:324) ~[ozone-manager-1.3.0-SNAPSHOT.jar:?]
	at java.util.concurrent.CompletableFuture$AsyncSupply.run(CompletableFuture.java:1604) [?:1.8.0_345]
	at java.util.concurrent.ThreadPoolExecutor.runWorker(ThreadPoolExecutor.java:1149) [?:1.8.0_345]
	at java.util.concurrent.ThreadPoolExecutor$Worker.run(ThreadPoolExecutor.java:624) [?:1.8.0_345]
	at java.lang.Thread.run(Thread.java:750) [?:1.8.0_345]
2022-10-11 08:13:00,396 [OM StateMachine ApplyTransaction Thread - 0] ERROR key.OMKeyDeleteRequestWithFSO (OMKeyDeleteRequestWithFSO.java:validateAndUpdateCache(201)) - Key delete failed. Volume:volume56107, Bucket:bucket11984, Key:gdir1.
DIRECTORY_NOT_EMPTY org.apache.hadoop.ozone.om.exceptions.OMException: Directory is not empty. Key:gdir1
	at org.apache.hadoop.ozone.om.request.key.OMKeyDeleteRequestWithFSO.validateAndUpdateCache(OMKeyDeleteRequestWithFSO.java:141)
	at org.apache.hadoop.ozone.protocolPB.OzoneManagerRequestHandler.handleWriteRequest(OzoneManagerRequestHandler.java:311)
	at org.apache.hadoop.ozone.om.ratis.OzoneManagerStateMachine.runCommand(OzoneManagerStateMachine.java:529)
	at org.apache.hadoop.ozone.om.ratis.OzoneManagerStateMachine.lambda$1(OzoneManagerStateMachine.java:324)
	at java.util.concurrent.CompletableFuture$AsyncSupply.run(CompletableFuture.java:1604)
	at java.util.concurrent.ThreadPoolExecutor.runWorker(ThreadPoolExecutor.java:1149)
	at java.util.concurrent.ThreadPoolExecutor$Worker.run(ThreadPoolExecutor.java:624)
	at java.lang.Thread.run(Thread.java:750)
2022-10-11 08:13:00,397 [Time-limited test] ERROR ozone.BasicOzoneClientAdapterImpl (BasicOzoneClientAdapterImpl.java:deleteObject(329)) - delete key failed Directory is not empty. Key:gdir1
08:13:00.401 [IPC Server handler 8 on default port 39113] ERROR OMAudit - user=runner | ip=127.0.0.1 | op=GET_FILE_STATUS {volume=volume56107, bucket=bucket11984, key=gdir1, dataSize=0, replicationConfig=null} | ret=FAILURE
org.apache.hadoop.ozone.om.exceptions.OMException: Unable to get file status: volume: volume56107 bucket: bucket11984 key: gdir1
	at org.apache.hadoop.ozone.om.KeyManagerImpl.getOzoneFileStatusFSO(KeyManagerImpl.java:1336) ~[ozone-manager-1.3.0-SNAPSHOT.jar:?]
	at org.apache.hadoop.ozone.om.KeyManagerImpl.getFileStatus(KeyManagerImpl.java:1199) ~[ozone-manager-1.3.0-SNAPSHOT.jar:?]
	at org.apache.hadoop.ozone.om.OzoneManager.getFileStatus(OzoneManager.java:3570) ~[ozone-manager-1.3.0-SNAPSHOT.jar:?]
	at org.apache.hadoop.ozone.protocolPB.OzoneManagerRequestHandler.getOzoneFileStatus(OzoneManagerRequestHandler.java:907) ~[ozone-manager-1.3.0-SNAPSHOT.jar:?]
	at org.apache.hadoop.ozone.protocolPB.OzoneManagerRequestHandler.handleReadRequest(OzoneManagerRequestHandler.java:231) ~[ozone-manager-1.3.0-SNAPSHOT.jar:?]
	at org.apache.hadoop.ozone.protocolPB.OzoneManagerProtocolServerSideTranslatorPB.submitReadRequestToOM(OzoneManagerProtocolServerSideTranslatorPB.java:226) ~[ozone-manager-1.3.0-SNAPSHOT.jar:?]
	at org.apache.hadoop.ozone.protocolPB.OzoneManagerProtocolServerSideTranslatorPB.processRequest(OzoneManagerProtocolServerSideTranslatorPB.java:175) ~[ozone-manager-1.3.0-SNAPSHOT.jar:?]
	at org.apache.hadoop.hdds.server.OzoneProtocolMessageDispatcher.processRequest(OzoneProtocolMessageDispatcher.java:87) [hdds-server-framework-1.3.0-SNAPSHOT.jar:?]
	at org.apache.hadoop.ozone.protocolPB.OzoneManagerProtocolServerSideTranslatorPB.submitRequest(OzoneManagerProtocolServerSideTranslatorPB.java:147) [ozone-manager-1.3.0-SNAPSHOT.jar:?]
	at org.apache.hadoop.ozone.protocol.proto.OzoneManagerProtocolProtos$OzoneManagerService$2.callBlockingMethod(OzoneManagerProtocolProtos.java) [ozone-interface-client-1.3.0-SNAPSHOT.jar:?]
	at org.apache.hadoop.ipc.ProtobufRpcEngine$Server.processCall(ProtobufRpcEngine.java:466) [hadoop-common-3.3.1.jar:?]
	at org.apache.hadoop.ipc.ProtobufRpcEngine2$Server$ProtoBufRpcInvoker.call(ProtobufRpcEngine2.java:574) [hadoop-common-3.3.1.jar:?]
	at org.apache.hadoop.ipc.ProtobufRpcEngine2$Server$ProtoBufRpcInvoker.call(ProtobufRpcEngine2.java:552) [hadoop-common-3.3.1.jar:?]
	at org.apache.hadoop.ipc.RPC$Server.call(RPC.java:1093) [hadoop-common-3.3.1.jar:?]
	at org.apache.hadoop.ipc.Server$RpcCall.run(Server.java:1035) [hadoop-common-3.3.1.jar:?]
	at org.apache.hadoop.ipc.Server$RpcCall.run(Server.java:963) [hadoop-common-3.3.1.jar:?]
	at java.security.AccessController.doPrivileged(Native Method) ~[?:1.8.0_345]
	at javax.security.auth.Subject.doAs(Subject.java:422) [?:1.8.0_345]
	at org.apache.hadoop.security.UserGroupInformation.doAs(UserGroupInformation.java:1878) [hadoop-common-3.3.1.jar:?]
	at org.apache.hadoop.ipc.Server$Handler.run(Server.java:2966) [hadoop-common-3.3.1.jar:?]
2022-10-11 08:13:00,402 [Time-limited test] WARN  ozone.BasicOzoneFileSystem (BasicOzoneFileSystem.java:getFileStatus(765)) - GetFileStatus failed for path /gdir1
java.io.FileNotFoundException: gdir1: No such file or directory!
	at org.apache.hadoop.fs.ozone.BasicOzoneClientAdapterImpl.getFileStatus(BasicOzoneClientAdapterImpl.java:369)
	at org.apache.hadoop.fs.ozone.BasicOzoneFileSystem.getFileStatus(BasicOzoneFileSystem.java:757)
	at org.apache.hadoop.fs.ozone.TestOzoneFileSystem.checkPath(TestOzoneFileSystem.java:502)
	at org.apache.hadoop.fs.ozone.TestOzoneFileSystem.testRecursiveDelete(TestOzoneFileSystem.java:452)
	at sun.reflect.NativeMethodAccessorImpl.invoke0(Native Method)
	at sun.reflect.NativeMethodAccessorImpl.invoke(NativeMethodAccessorImpl.java:62)
	at sun.reflect.DelegatingMethodAccessorImpl.invoke(DelegatingMethodAccessorImpl.java:43)
	at java.lang.reflect.Method.invoke(Method.java:498)
	at org.junit.runners.model.FrameworkMethod$1.runReflectiveCall(FrameworkMethod.java:59)
	at org.junit.internal.runners.model.ReflectiveCallable.run(ReflectiveCallable.java:12)
	at org.junit.runners.model.FrameworkMethod.invokeExplosively(FrameworkMethod.java:56)
	at org.junit.internal.runners.statements.InvokeMethod.evaluate(InvokeMethod.java:17)
	at org.junit.internal.runners.statements.RunAfters.evaluate(RunAfters.java:27)
	at org.junit.internal.runners.statements.FailOnTimeout$CallableStatement.call(FailOnTimeout.java:288)
	at org.junit.internal.runners.statements.FailOnTimeout$CallableStatement.call(FailOnTimeout.java:282)
	at java.util.concurrent.FutureTask.run(FutureTask.java:266)
	at java.lang.Thread.run(Thread.java:750)
08:13:00.403 [IPC Server handler 18 on default port 39113] ERROR OMAudit - user=runner | ip=127.0.0.1 | op=GET_FILE_STATUS {volume=volume56107, bucket=bucket11984, key=gdir1/dir1, dataSize=0, replicationConfig=null} | ret=FAILURE
org.apache.hadoop.ozone.om.exceptions.OMException: Unable to get file status: volume: volume56107 bucket: bucket11984 key: gdir1/dir1
	at org.apache.hadoop.ozone.om.KeyManagerImpl.getOzoneFileStatusFSO(KeyManagerImpl.java:1336) ~[ozone-manager-1.3.0-SNAPSHOT.jar:?]
	at org.apache.hadoop.ozone.om.KeyManagerImpl.getFileStatus(KeyManagerImpl.java:1199) ~[ozone-manager-1.3.0-SNAPSHOT.jar:?]
	at org.apache.hadoop.ozone.om.OzoneManager.getFileStatus(OzoneManager.java:3570) ~[ozone-manager-1.3.0-SNAPSHOT.jar:?]
	at org.apache.hadoop.ozone.protocolPB.OzoneManagerRequestHandler.getOzoneFileStatus(OzoneManagerRequestHandler.java:907) ~[ozone-manager-1.3.0-SNAPSHOT.jar:?]
	at org.apache.hadoop.ozone.protocolPB.OzoneManagerRequestHandler.handleReadRequest(OzoneManagerRequestHandler.java:231) ~[ozone-manager-1.3.0-SNAPSHOT.jar:?]
	at org.apache.hadoop.ozone.protocolPB.OzoneManagerProtocolServerSideTranslatorPB.submitReadRequestToOM(OzoneManagerProtocolServerSideTranslatorPB.java:226) ~[ozone-manager-1.3.0-SNAPSHOT.jar:?]
	at org.apache.hadoop.ozone.protocolPB.OzoneManagerProtocolServerSideTranslatorPB.processRequest(OzoneManagerProtocolServerSideTranslatorPB.java:175) ~[ozone-manager-1.3.0-SNAPSHOT.jar:?]
	at org.apache.hadoop.hdds.server.OzoneProtocolMessageDispatcher.processRequest(OzoneProtocolMessageDispatcher.java:87) [hdds-server-framework-1.3.0-SNAPSHOT.jar:?]
	at org.apache.hadoop.ozone.protocolPB.OzoneManagerProtocolServerSideTranslatorPB.submitRequest(OzoneManagerProtocolServerSideTranslatorPB.java:147) [ozone-manager-1.3.0-SNAPSHOT.jar:?]
	at org.apache.hadoop.ozone.protocol.proto.OzoneManagerProtocolProtos$OzoneManagerService$2.callBlockingMethod(OzoneManagerProtocolProtos.java) [ozone-interface-client-1.3.0-SNAPSHOT.jar:?]
	at org.apache.hadoop.ipc.ProtobufRpcEngine$Server.processCall(ProtobufRpcEngine.java:466) [hadoop-common-3.3.1.jar:?]
	at org.apache.hadoop.ipc.ProtobufRpcEngine2$Server$ProtoBufRpcInvoker.call(ProtobufRpcEngine2.java:574) [hadoop-common-3.3.1.jar:?]
	at org.apache.hadoop.ipc.ProtobufRpcEngine2$Server$ProtoBufRpcInvoker.call(ProtobufRpcEngine2.java:552) [hadoop-common-3.3.1.jar:?]
	at org.apache.hadoop.ipc.RPC$Server.call(RPC.java:1093) [hadoop-common-3.3.1.jar:?]
	at org.apache.hadoop.ipc.Server$RpcCall.run(Server.java:1035) [hadoop-common-3.3.1.jar:?]
	at org.apache.hadoop.ipc.Server$RpcCall.run(Server.java:963) [hadoop-common-3.3.1.jar:?]
	at java.security.AccessController.doPrivileged(Native Method) ~[?:1.8.0_345]
	at javax.security.auth.Subject.doAs(Subject.java:422) [?:1.8.0_345]
	at org.apache.hadoop.security.UserGroupInformation.doAs(UserGroupInformation.java:1878) [hadoop-common-3.3.1.jar:?]
	at org.apache.hadoop.ipc.Server$Handler.run(Server.java:2966) [hadoop-common-3.3.1.jar:?]
2022-10-11 08:13:00,404 [Time-limited test] WARN  ozone.BasicOzoneFileSystem (BasicOzoneFileSystem.java:getFileStatus(765)) - GetFileStatus failed for path /gdir1/dir1
java.io.FileNotFoundException: gdir1/dir1: No such file or directory!
	at org.apache.hadoop.fs.ozone.BasicOzoneClientAdapterImpl.getFileStatus(BasicOzoneClientAdapterImpl.java:369)
	at org.apache.hadoop.fs.ozone.BasicOzoneFileSystem.getFileStatus(BasicOzoneFileSystem.java:757)
	at org.apache.hadoop.fs.ozone.TestOzoneFileSystem.checkPath(TestOzoneFileSystem.java:502)
	at org.apache.hadoop.fs.ozone.TestOzoneFileSystem.testRecursiveDelete(TestOzoneFileSystem.java:457)
	at sun.reflect.NativeMethodAccessorImpl.invoke0(Native Method)
	at sun.reflect.NativeMethodAccessorImpl.invoke(NativeMethodAccessorImpl.java:62)
	at sun.reflect.DelegatingMethodAccessorImpl.invoke(DelegatingMethodAccessorImpl.java:43)
	at java.lang.reflect.Method.invoke(Method.java:498)
	at org.junit.runners.model.FrameworkMethod$1.runReflectiveCall(FrameworkMethod.java:59)
	at org.junit.internal.runners.model.ReflectiveCallable.run(ReflectiveCallable.java:12)
	at org.junit.runners.model.FrameworkMethod.invokeExplosively(FrameworkMethod.java:56)
	at org.junit.internal.runners.statements.InvokeMethod.evaluate(InvokeMethod.java:17)
	at org.junit.internal.runners.statements.RunAfters.evaluate(RunAfters.java:27)
	at org.junit.internal.runners.statements.FailOnTimeout$CallableStatement.call(FailOnTimeout.java:288)
	at org.junit.internal.runners.statements.FailOnTimeout$CallableStatement.call(FailOnTimeout.java:282)
	at java.util.concurrent.FutureTask.run(FutureTask.java:266)
	at java.lang.Thread.run(Thread.java:750)
08:13:00.405 [IPC Server handler 17 on default port 39113] ERROR OMAudit - user=runner | ip=127.0.0.1 | op=GET_FILE_STATUS {volume=volume56107, bucket=bucket11984, key=gdir1/dir1/child, dataSize=0, replicationConfig=null} | ret=FAILURE
org.apache.hadoop.ozone.om.exceptions.OMException: Unable to get file status: volume: volume56107 bucket: bucket11984 key: gdir1/dir1/child
	at org.apache.hadoop.ozone.om.KeyManagerImpl.getOzoneFileStatusFSO(KeyManagerImpl.java:1336) ~[ozone-manager-1.3.0-SNAPSHOT.jar:?]
	at org.apache.hadoop.ozone.om.KeyManagerImpl.getFileStatus(KeyManagerImpl.java:1199) ~[ozone-manager-1.3.0-SNAPSHOT.jar:?]
	at org.apache.hadoop.ozone.om.OzoneManager.getFileStatus(OzoneManager.java:3570) ~[ozone-manager-1.3.0-SNAPSHOT.jar:?]
	at org.apache.hadoop.ozone.protocolPB.OzoneManagerRequestHandler.getOzoneFileStatus(OzoneManagerRequestHandler.java:907) ~[ozone-manager-1.3.0-SNAPSHOT.jar:?]
	at org.apache.hadoop.ozone.protocolPB.OzoneManagerRequestHandler.handleReadRequest(OzoneManagerRequestHandler.java:231) ~[ozone-manager-1.3.0-SNAPSHOT.jar:?]
	at org.apache.hadoop.ozone.protocolPB.OzoneManagerProtocolServerSideTranslatorPB.submitReadRequestToOM(OzoneManagerProtocolServerSideTranslatorPB.java:226) ~[ozone-manager-1.3.0-SNAPSHOT.jar:?]
	at org.apache.hadoop.ozone.protocolPB.OzoneManagerProtocolServerSideTranslatorPB.processRequest(OzoneManagerProtocolServerSideTranslatorPB.java:175) ~[ozone-manager-1.3.0-SNAPSHOT.jar:?]
	at org.apache.hadoop.hdds.server.OzoneProtocolMessageDispatcher.processRequest(OzoneProtocolMessageDispatcher.java:87) [hdds-server-framework-1.3.0-SNAPSHOT.jar:?]
	at org.apache.hadoop.ozone.protocolPB.OzoneManagerProtocolServerSideTranslatorPB.submitRequest(OzoneManagerProtocolServerSideTranslatorPB.java:147) [ozone-manager-1.3.0-SNAPSHOT.jar:?]
	at org.apache.hadoop.ozone.protocol.proto.OzoneManagerProtocolProtos$OzoneManagerService$2.callBlockingMethod(OzoneManagerProtocolProtos.java) [ozone-interface-client-1.3.0-SNAPSHOT.jar:?]
	at org.apache.hadoop.ipc.ProtobufRpcEngine$Server.processCall(ProtobufRpcEngine.java:466) [hadoop-common-3.3.1.jar:?]
	at org.apache.hadoop.ipc.ProtobufRpcEngine2$Server$ProtoBufRpcInvoker.call(ProtobufRpcEngine2.java:574) [hadoop-common-3.3.1.jar:?]
	at org.apache.hadoop.ipc.ProtobufRpcEngine2$Server$ProtoBufRpcInvoker.call(ProtobufRpcEngine2.java:552) [hadoop-common-3.3.1.jar:?]
	at org.apache.hadoop.ipc.RPC$Server.call(RPC.java:1093) [hadoop-common-3.3.1.jar:?]
	at org.apache.hadoop.ipc.Server$RpcCall.run(Server.java:1035) [hadoop-common-3.3.1.jar:?]
	at org.apache.hadoop.ipc.Server$RpcCall.run(Server.java:963) [hadoop-common-3.3.1.jar:?]
	at java.security.AccessController.doPrivileged(Native Method) ~[?:1.8.0_345]
	at javax.security.auth.Subject.doAs(Subject.java:422) [?:1.8.0_345]
	at org.apache.hadoop.security.UserGroupInformation.doAs(UserGroupInformation.java:1878) [hadoop-common-3.3.1.jar:?]
	at org.apache.hadoop.ipc.Server$Handler.run(Server.java:2966) [hadoop-common-3.3.1.jar:?]
2022-10-11 08:13:00,405 [Time-limited test] WARN  ozone.BasicOzoneFileSystem (BasicOzoneFileSystem.java:getFileStatus(765)) - GetFileStatus failed for path /gdir1/dir1/child
java.io.FileNotFoundException: gdir1/dir1/child: No such file or directory!
	at org.apache.hadoop.fs.ozone.BasicOzoneClientAdapterImpl.getFileStatus(BasicOzoneClientAdapterImpl.java:369)
	at org.apache.hadoop.fs.ozone.BasicOzoneFileSystem.getFileStatus(BasicOzoneFileSystem.java:757)
	at org.apache.hadoop.fs.ozone.TestOzoneFileSystem.checkPath(TestOzoneFileSystem.java:502)
	at org.apache.hadoop.fs.ozone.TestOzoneFileSystem.testRecursiveDelete(TestOzoneFileSystem.java:458)
	at sun.reflect.NativeMethodAccessorImpl.invoke0(Native Method)
	at sun.reflect.NativeMethodAccessorImpl.invoke(NativeMethodAccessorImpl.java:62)
	at sun.reflect.DelegatingMethodAccessorImpl.invoke(DelegatingMethodAccessorImpl.java:43)
	at java.lang.reflect.Method.invoke(Method.java:498)
	at org.junit.runners.model.FrameworkMethod$1.runReflectiveCall(FrameworkMethod.java:59)
	at org.junit.internal.runners.model.ReflectiveCallable.run(ReflectiveCallable.java:12)
	at org.junit.runners.model.FrameworkMethod.invokeExplosively(FrameworkMethod.java:56)
	at org.junit.internal.runners.statements.InvokeMethod.evaluate(InvokeMethod.java:17)
	at org.junit.internal.runners.statements.RunAfters.evaluate(RunAfters.java:27)
	at org.junit.internal.runners.statements.FailOnTimeout$CallableStatement.call(FailOnTimeout.java:288)
	at org.junit.internal.runners.statements.FailOnTimeout$CallableStatement.call(FailOnTimeout.java:282)
	at java.util.concurrent.FutureTask.run(FutureTask.java:266)
	at java.lang.Thread.run(Thread.java:750)
08:13:00.406 [IPC Server handler 11 on default port 39113] ERROR OMAudit - user=runner | ip=127.0.0.1 | op=GET_FILE_STATUS {volume=volume56107, bucket=bucket11984, key=gdir1/dir2, dataSize=0, replicationConfig=null} | ret=FAILURE
org.apache.hadoop.ozone.om.exceptions.OMException: Unable to get file status: volume: volume56107 bucket: bucket11984 key: gdir1/dir2
	at org.apache.hadoop.ozone.om.KeyManagerImpl.getOzoneFileStatusFSO(KeyManagerImpl.java:1336) ~[ozone-manager-1.3.0-SNAPSHOT.jar:?]
	at org.apache.hadoop.ozone.om.KeyManagerImpl.getFileStatus(KeyManagerImpl.java:1199) ~[ozone-manager-1.3.0-SNAPSHOT.jar:?]
	at org.apache.hadoop.ozone.om.OzoneManager.getFileStatus(OzoneManager.java:3570) ~[ozone-manager-1.3.0-SNAPSHOT.jar:?]
	at org.apache.hadoop.ozone.protocolPB.OzoneManagerRequestHandler.getOzoneFileStatus(OzoneManagerRequestHandler.java:907) ~[ozone-manager-1.3.0-SNAPSHOT.jar:?]
	at org.apache.hadoop.ozone.protocolPB.OzoneManagerRequestHandler.handleReadRequest(OzoneManagerRequestHandler.java:231) ~[ozone-manager-1.3.0-SNAPSHOT.jar:?]
	at org.apache.hadoop.ozone.protocolPB.OzoneManagerProtocolServerSideTranslatorPB.submitReadRequestToOM(OzoneManagerProtocolServerSideTranslatorPB.java:226) ~[ozone-manager-1.3.0-SNAPSHOT.jar:?]
	at org.apache.hadoop.ozone.protocolPB.OzoneManagerProtocolServerSideTranslatorPB.processRequest(OzoneManagerProtocolServerSideTranslatorPB.java:175) ~[ozone-manager-1.3.0-SNAPSHOT.jar:?]
	at org.apache.hadoop.hdds.server.OzoneProtocolMessageDispatcher.processRequest(OzoneProtocolMessageDispatcher.java:87) [hdds-server-framework-1.3.0-SNAPSHOT.jar:?]
	at org.apache.hadoop.ozone.protocolPB.OzoneManagerProtocolServerSideTranslatorPB.submitRequest(OzoneManagerProtocolServerSideTranslatorPB.java:147) [ozone-manager-1.3.0-SNAPSHOT.jar:?]
	at org.apache.hadoop.ozone.protocol.proto.OzoneManagerProtocolProtos$OzoneManagerService$2.callBlockingMethod(OzoneManagerProtocolProtos.java) [ozone-interface-client-1.3.0-SNAPSHOT.jar:?]
	at org.apache.hadoop.ipc.ProtobufRpcEngine$Server.processCall(ProtobufRpcEngine.java:466) [hadoop-common-3.3.1.jar:?]
	at org.apache.hadoop.ipc.ProtobufRpcEngine2$Server$ProtoBufRpcInvoker.call(ProtobufRpcEngine2.java:574) [hadoop-common-3.3.1.jar:?]
	at org.apache.hadoop.ipc.ProtobufRpcEngine2$Server$ProtoBufRpcInvoker.call(ProtobufRpcEngine2.java:552) [hadoop-common-3.3.1.jar:?]
	at org.apache.hadoop.ipc.RPC$Server.call(RPC.java:1093) [hadoop-common-3.3.1.jar:?]
	at org.apache.hadoop.ipc.Server$RpcCall.run(Server.java:1035) [hadoop-common-3.3.1.jar:?]
	at org.apache.hadoop.ipc.Server$RpcCall.run(Server.java:963) [hadoop-common-3.3.1.jar:?]
	at java.security.AccessController.doPrivileged(Native Method) ~[?:1.8.0_345]
	at javax.security.auth.Subject.doAs(Subject.java:422) [?:1.8.0_345]
	at org.apache.hadoop.security.UserGroupInformation.doAs(UserGroupInformation.java:1878) [hadoop-common-3.3.1.jar:?]
	at org.apache.hadoop.ipc.Server$Handler.run(Server.java:2966) [hadoop-common-3.3.1.jar:?]
2022-10-11 08:13:00,407 [Time-limited test] WARN  ozone.BasicOzoneFileSystem (BasicOzoneFileSystem.java:getFileStatus(765)) - GetFileStatus failed for path /gdir1/dir2
java.io.FileNotFoundException: gdir1/dir2: No such file or directory!
	at org.apache.hadoop.fs.ozone.BasicOzoneClientAdapterImpl.getFileStatus(BasicOzoneClientAdapterImpl.java:369)
	at org.apache.hadoop.fs.ozone.BasicOzoneFileSystem.getFileStatus(BasicOzoneFileSystem.java:757)
	at org.apache.hadoop.fs.ozone.TestOzoneFileSystem.checkPath(TestOzoneFileSystem.java:502)
	at org.apache.hadoop.fs.ozone.TestOzoneFileSystem.testRecursiveDelete(TestOzoneFileSystem.java:457)
	at sun.reflect.NativeMethodAccessorImpl.invoke0(Native Method)
	at sun.reflect.NativeMethodAccessorImpl.invoke(NativeMethodAccessorImpl.java:62)
	at sun.reflect.DelegatingMethodAccessorImpl.invoke(DelegatingMethodAccessorImpl.java:43)
	at java.lang.reflect.Method.invoke(Method.java:498)
	at org.junit.runners.model.FrameworkMethod$1.runReflectiveCall(FrameworkMethod.java:59)
	at org.junit.internal.runners.model.ReflectiveCallable.run(ReflectiveCallable.java:12)
	at org.junit.runners.model.FrameworkMethod.invokeExplosively(FrameworkMethod.java:56)
	at org.junit.internal.runners.statements.InvokeMethod.evaluate(InvokeMethod.java:17)
	at org.junit.internal.runners.statements.RunAfters.evaluate(RunAfters.java:27)
	at org.junit.internal.runners.statements.FailOnTimeout$CallableStatement.call(FailOnTimeout.java:288)
	at org.junit.internal.runners.statements.FailOnTimeout$CallableStatement.call(FailOnTimeout.java:282)
	at java.util.concurrent.FutureTask.run(FutureTask.java:266)
	at java.lang.Thread.run(Thread.java:750)
08:13:00.408 [IPC Server handler 12 on default port 39113] ERROR OMAudit - user=runner | ip=127.0.0.1 | op=GET_FILE_STATUS {volume=volume56107, bucket=bucket11984, key=gdir1/dir2/child, dataSize=0, replicationConfig=null} | ret=FAILURE
org.apache.hadoop.ozone.om.exceptions.OMException: Unable to get file status: volume: volume56107 bucket: bucket11984 key: gdir1/dir2/child
	at org.apache.hadoop.ozone.om.KeyManagerImpl.getOzoneFileStatusFSO(KeyManagerImpl.java:1336) ~[ozone-manager-1.3.0-SNAPSHOT.jar:?]
	at org.apache.hadoop.ozone.om.KeyManagerImpl.getFileStatus(KeyManagerImpl.java:1199) ~[ozone-manager-1.3.0-SNAPSHOT.jar:?]
	at org.apache.hadoop.ozone.om.OzoneManager.getFileStatus(OzoneManager.java:3570) ~[ozone-manager-1.3.0-SNAPSHOT.jar:?]
	at org.apache.hadoop.ozone.protocolPB.OzoneManagerRequestHandler.getOzoneFileStatus(OzoneManagerRequestHandler.java:907) ~[ozone-manager-1.3.0-SNAPSHOT.jar:?]
	at org.apache.hadoop.ozone.protocolPB.OzoneManagerRequestHandler.handleReadRequest(OzoneManagerRequestHandler.java:231) ~[ozone-manager-1.3.0-SNAPSHOT.jar:?]
	at org.apache.hadoop.ozone.protocolPB.OzoneManagerProtocolServerSideTranslatorPB.submitReadRequestToOM(OzoneManagerProtocolServerSideTranslatorPB.java:226) ~[ozone-manager-1.3.0-SNAPSHOT.jar:?]
	at org.apache.hadoop.ozone.protocolPB.OzoneManagerProtocolServerSideTranslatorPB.processRequest(OzoneManagerProtocolServerSideTranslatorPB.java:175) ~[ozone-manager-1.3.0-SNAPSHOT.jar:?]
	at org.apache.hadoop.hdds.server.OzoneProtocolMessageDispatcher.processRequest(OzoneProtocolMessageDispatcher.java:87) [hdds-server-framework-1.3.0-SNAPSHOT.jar:?]
	at org.apache.hadoop.ozone.protocolPB.OzoneManagerProtocolServerSideTranslatorPB.submitRequest(OzoneManagerProtocolServerSideTranslatorPB.java:147) [ozone-manager-1.3.0-SNAPSHOT.jar:?]
	at org.apache.hadoop.ozone.protocol.proto.OzoneManagerProtocolProtos$OzoneManagerService$2.callBlockingMethod(OzoneManagerProtocolProtos.java) [ozone-interface-client-1.3.0-SNAPSHOT.jar:?]
	at org.apache.hadoop.ipc.ProtobufRpcEngine$Server.processCall(ProtobufRpcEngine.java:466) [hadoop-common-3.3.1.jar:?]
	at org.apache.hadoop.ipc.ProtobufRpcEngine2$Server$ProtoBufRpcInvoker.call(ProtobufRpcEngine2.java:574) [hadoop-common-3.3.1.jar:?]
	at org.apache.hadoop.ipc.ProtobufRpcEngine2$Server$ProtoBufRpcInvoker.call(ProtobufRpcEngine2.java:552) [hadoop-common-3.3.1.jar:?]
	at org.apache.hadoop.ipc.RPC$Server.call(RPC.java:1093) [hadoop-common-3.3.1.jar:?]
	at org.apache.hadoop.ipc.Server$RpcCall.run(Server.java:1035) [hadoop-common-3.3.1.jar:?]
	at org.apache.hadoop.ipc.Server$RpcCall.run(Server.java:963) [hadoop-common-3.3.1.jar:?]
	at java.security.AccessController.doPrivileged(Native Method) ~[?:1.8.0_345]
	at javax.security.auth.Subject.doAs(Subject.java:422) [?:1.8.0_345]
	at org.apache.hadoop.security.UserGroupInformation.doAs(UserGroupInformation.java:1878) [hadoop-common-3.3.1.jar:?]
	at org.apache.hadoop.ipc.Server$Handler.run(Server.java:2966) [hadoop-common-3.3.1.jar:?]
2022-10-11 08:13:00,409 [Time-limited test] WARN  ozone.BasicOzoneFileSystem (BasicOzoneFileSystem.java:getFileStatus(765)) - GetFileStatus failed for path /gdir1/dir2/child
java.io.FileNotFoundException: gdir1/dir2/child: No such file or directory!
	at org.apache.hadoop.fs.ozone.BasicOzoneClientAdapterImpl.getFileStatus(BasicOzoneClientAdapterImpl.java:369)
	at org.apache.hadoop.fs.ozone.BasicOzoneFileSystem.getFileStatus(BasicOzoneFileSystem.java:757)
	at org.apache.hadoop.fs.ozone.TestOzoneFileSystem.checkPath(TestOzoneFileSystem.java:502)
	at org.apache.hadoop.fs.ozone.TestOzoneFileSystem.testRecursiveDelete(TestOzoneFileSystem.java:458)
	at sun.reflect.NativeMethodAccessorImpl.invoke0(Native Method)
	at sun.reflect.NativeMethodAccessorImpl.invoke(NativeMethodAccessorImpl.java:62)
	at sun.reflect.DelegatingMethodAccessorImpl.invoke(DelegatingMethodAccessorImpl.java:43)
	at java.lang.reflect.Method.invoke(Method.java:498)
	at org.junit.runners.model.FrameworkMethod$1.runReflectiveCall(FrameworkMethod.java:59)
	at org.junit.internal.runners.model.ReflectiveCallable.run(ReflectiveCallable.java:12)
	at org.junit.runners.model.FrameworkMethod.invokeExplosively(FrameworkMethod.java:56)
	at org.junit.internal.runners.statements.InvokeMethod.evaluate(InvokeMethod.java:17)
	at org.junit.internal.runners.statements.RunAfters.evaluate(RunAfters.java:27)
	at org.junit.internal.runners.statements.FailOnTimeout$CallableStatement.call(FailOnTimeout.java:288)
	at org.junit.internal.runners.statements.FailOnTimeout$CallableStatement.call(FailOnTimeout.java:282)
	at java.util.concurrent.FutureTask.run(FutureTask.java:266)
	at java.lang.Thread.run(Thread.java:750)
08:13:00.410 [IPC Server handler 9 on default port 39113] ERROR OMAudit - user=runner | ip=127.0.0.1 | op=GET_FILE_STATUS {volume=volume56107, bucket=bucket11984, key=gdir1/dir3, dataSize=0, replicationConfig=null} | ret=FAILURE
org.apache.hadoop.ozone.om.exceptions.OMException: Unable to get file status: volume: volume56107 bucket: bucket11984 key: gdir1/dir3
	at org.apache.hadoop.ozone.om.KeyManagerImpl.getOzoneFileStatusFSO(KeyManagerImpl.java:1336) ~[ozone-manager-1.3.0-SNAPSHOT.jar:?]
	at org.apache.hadoop.ozone.om.KeyManagerImpl.getFileStatus(KeyManagerImpl.java:1199) ~[ozone-manager-1.3.0-SNAPSHOT.jar:?]
	at org.apache.hadoop.ozone.om.OzoneManager.getFileStatus(OzoneManager.java:3570) ~[ozone-manager-1.3.0-SNAPSHOT.jar:?]
	at org.apache.hadoop.ozone.protocolPB.OzoneManagerRequestHandler.getOzoneFileStatus(OzoneManagerRequestHandler.java:907) ~[ozone-manager-1.3.0-SNAPSHOT.jar:?]
	at org.apache.hadoop.ozone.protocolPB.OzoneManagerRequestHandler.handleReadRequest(OzoneManagerRequestHandler.java:231) ~[ozone-manager-1.3.0-SNAPSHOT.jar:?]
	at org.apache.hadoop.ozone.protocolPB.OzoneManagerProtocolServerSideTranslatorPB.submitReadRequestToOM(OzoneManagerProtocolServerSideTranslatorPB.java:226) ~[ozone-manager-1.3.0-SNAPSHOT.jar:?]
	at org.apache.hadoop.ozone.protocolPB.OzoneManagerProtocolServerSideTranslatorPB.processRequest(OzoneManagerProtocolServerSideTranslatorPB.java:175) ~[ozone-manager-1.3.0-SNAPSHOT.jar:?]
	at org.apache.hadoop.hdds.server.OzoneProtocolMessageDispatcher.processRequest(OzoneProtocolMessageDispatcher.java:87) [hdds-server-framework-1.3.0-SNAPSHOT.jar:?]
	at org.apache.hadoop.ozone.protocolPB.OzoneManagerProtocolServerSideTranslatorPB.submitRequest(OzoneManagerProtocolServerSideTranslatorPB.java:147) [ozone-manager-1.3.0-SNAPSHOT.jar:?]
	at org.apache.hadoop.ozone.protocol.proto.OzoneManagerProtocolProtos$OzoneManagerService$2.callBlockingMethod(OzoneManagerProtocolProtos.java) [ozone-interface-client-1.3.0-SNAPSHOT.jar:?]
	at org.apache.hadoop.ipc.ProtobufRpcEngine$Server.processCall(ProtobufRpcEngine.java:466) [hadoop-common-3.3.1.jar:?]
	at org.apache.hadoop.ipc.ProtobufRpcEngine2$Server$ProtoBufRpcInvoker.call(ProtobufRpcEngine2.java:574) [hadoop-common-3.3.1.jar:?]
	at org.apache.hadoop.ipc.ProtobufRpcEngine2$Server$ProtoBufRpcInvoker.call(ProtobufRpcEngine2.java:552) [hadoop-common-3.3.1.jar:?]
	at org.apache.hadoop.ipc.RPC$Server.call(RPC.java:1093) [hadoop-common-3.3.1.jar:?]
	at org.apache.hadoop.ipc.Server$RpcCall.run(Server.java:1035) [hadoop-common-3.3.1.jar:?]
	at org.apache.hadoop.ipc.Server$RpcCall.run(Server.java:963) [hadoop-common-3.3.1.jar:?]
	at java.security.AccessController.doPrivileged(Native Method) ~[?:1.8.0_345]
	at javax.security.auth.Subject.doAs(Subject.java:422) [?:1.8.0_345]
	at org.apache.hadoop.security.UserGroupInformation.doAs(UserGroupInformation.java:1878) [hadoop-common-3.3.1.jar:?]
	at org.apache.hadoop.ipc.Server$Handler.run(Server.java:2966) [hadoop-common-3.3.1.jar:?]
2022-10-11 08:13:00,410 [Time-limited test] WARN  ozone.BasicOzoneFileSystem (BasicOzoneFileSystem.java:getFileStatus(765)) - GetFileStatus failed for path /gdir1/dir3
java.io.FileNotFoundException: gdir1/dir3: No such file or directory!
	at org.apache.hadoop.fs.ozone.BasicOzoneClientAdapterImpl.getFileStatus(BasicOzoneClientAdapterImpl.java:369)
	at org.apache.hadoop.fs.ozone.BasicOzoneFileSystem.getFileStatus(BasicOzoneFileSystem.java:757)
	at org.apache.hadoop.fs.ozone.TestOzoneFileSystem.checkPath(TestOzoneFileSystem.java:502)
	at org.apache.hadoop.fs.ozone.TestOzoneFileSystem.testRecursiveDelete(TestOzoneFileSystem.java:457)
	at sun.reflect.NativeMethodAccessorImpl.invoke0(Native Method)
	at sun.reflect.NativeMethodAccessorImpl.invoke(NativeMethodAccessorImpl.java:62)
	at sun.reflect.DelegatingMethodAccessorImpl.invoke(DelegatingMethodAccessorImpl.java:43)
	at java.lang.reflect.Method.invoke(Method.java:498)
	at org.junit.runners.model.FrameworkMethod$1.runReflectiveCall(FrameworkMethod.java:59)
	at org.junit.internal.runners.model.ReflectiveCallable.run(ReflectiveCallable.java:12)
	at org.junit.runners.model.FrameworkMethod.invokeExplosively(FrameworkMethod.java:56)
	at org.junit.internal.runners.statements.InvokeMethod.evaluate(InvokeMethod.java:17)
	at org.junit.internal.runners.statements.RunAfters.evaluate(RunAfters.java:27)
	at org.junit.internal.runners.statements.FailOnTimeout$CallableStatement.call(FailOnTimeout.java:288)
	at org.junit.internal.runners.statements.FailOnTimeout$CallableStatement.call(FailOnTimeout.java:282)
	at java.util.concurrent.FutureTask.run(FutureTask.java:266)
	at java.lang.Thread.run(Thread.java:750)
08:13:00.411 [IPC Server handler 19 on default port 39113] ERROR OMAudit - user=runner | ip=127.0.0.1 | op=GET_FILE_STATUS {volume=volume56107, bucket=bucket11984, key=gdir1/dir3/child, dataSize=0, replicationConfig=null} | ret=FAILURE
org.apache.hadoop.ozone.om.exceptions.OMException: Unable to get file status: volume: volume56107 bucket: bucket11984 key: gdir1/dir3/child
	at org.apache.hadoop.ozone.om.KeyManagerImpl.getOzoneFileStatusFSO(KeyManagerImpl.java:1336) ~[ozone-manager-1.3.0-SNAPSHOT.jar:?]
	at org.apache.hadoop.ozone.om.KeyManagerImpl.getFileStatus(KeyManagerImpl.java:1199) ~[ozone-manager-1.3.0-SNAPSHOT.jar:?]
	at org.apache.hadoop.ozone.om.OzoneManager.getFileStatus(OzoneManager.java:3570) ~[ozone-manager-1.3.0-SNAPSHOT.jar:?]
	at org.apache.hadoop.ozone.protocolPB.OzoneManagerRequestHandler.getOzoneFileStatus(OzoneManagerRequestHandler.java:907) ~[ozone-manager-1.3.0-SNAPSHOT.jar:?]
	at org.apache.hadoop.ozone.protocolPB.OzoneManagerRequestHandler.handleReadRequest(OzoneManagerRequestHandler.java:231) ~[ozone-manager-1.3.0-SNAPSHOT.jar:?]
	at org.apache.hadoop.ozone.protocolPB.OzoneManagerProtocolServerSideTranslatorPB.submitReadRequestToOM(OzoneManagerProtocolServerSideTranslatorPB.java:226) ~[ozone-manager-1.3.0-SNAPSHOT.jar:?]
	at org.apache.hadoop.ozone.protocolPB.OzoneManagerProtocolServerSideTranslatorPB.processRequest(OzoneManagerProtocolServerSideTranslatorPB.java:175) ~[ozone-manager-1.3.0-SNAPSHOT.jar:?]
	at org.apache.hadoop.hdds.server.OzoneProtocolMessageDispatcher.processRequest(OzoneProtocolMessageDispatcher.java:87) [hdds-server-framework-1.3.0-SNAPSHOT.jar:?]
	at org.apache.hadoop.ozone.protocolPB.OzoneManagerProtocolServerSideTranslatorPB.submitRequest(OzoneManagerProtocolServerSideTranslatorPB.java:147) [ozone-manager-1.3.0-SNAPSHOT.jar:?]
	at org.apache.hadoop.ozone.protocol.proto.OzoneManagerProtocolProtos$OzoneManagerService$2.callBlockingMethod(OzoneManagerProtocolProtos.java) [ozone-interface-client-1.3.0-SNAPSHOT.jar:?]
	at org.apache.hadoop.ipc.ProtobufRpcEngine$Server.processCall(ProtobufRpcEngine.java:466) [hadoop-common-3.3.1.jar:?]
	at org.apache.hadoop.ipc.ProtobufRpcEngine2$Server$ProtoBufRpcInvoker.call(ProtobufRpcEngine2.java:574) [hadoop-common-3.3.1.jar:?]
	at org.apache.hadoop.ipc.ProtobufRpcEngine2$Server$ProtoBufRpcInvoker.call(ProtobufRpcEngine2.java:552) [hadoop-common-3.3.1.jar:?]
	at org.apache.hadoop.ipc.RPC$Server.call(RPC.java:1093) [hadoop-common-3.3.1.jar:?]
	at org.apache.hadoop.ipc.Server$RpcCall.run(Server.java:1035) [hadoop-common-3.3.1.jar:?]
	at org.apache.hadoop.ipc.Server$RpcCall.run(Server.java:963) [hadoop-common-3.3.1.jar:?]
	at java.security.AccessController.doPrivileged(Native Method) ~[?:1.8.0_345]
	at javax.security.auth.Subject.doAs(Subject.java:422) [?:1.8.0_345]
	at org.apache.hadoop.security.UserGroupInformation.doAs(UserGroupInformation.java:1878) [hadoop-common-3.3.1.jar:?]
	at org.apache.hadoop.ipc.Server$Handler.run(Server.java:2966) [hadoop-common-3.3.1.jar:?]
2022-10-11 08:13:00,412 [Time-limited test] WARN  ozone.BasicOzoneFileSystem (BasicOzoneFileSystem.java:getFileStatus(765)) - GetFileStatus failed for path /gdir1/dir3/child
java.io.FileNotFoundException: gdir1/dir3/child: No such file or directory!
	at org.apache.hadoop.fs.ozone.BasicOzoneClientAdapterImpl.getFileStatus(BasicOzoneClientAdapterImpl.java:369)
	at org.apache.hadoop.fs.ozone.BasicOzoneFileSystem.getFileStatus(BasicOzoneFileSystem.java:757)
	at org.apache.hadoop.fs.ozone.TestOzoneFileSystem.checkPath(TestOzoneFileSystem.java:502)
	at org.apache.hadoop.fs.ozone.TestOzoneFileSystem.testRecursiveDelete(TestOzoneFileSystem.java:458)
	at sun.reflect.NativeMethodAccessorImpl.invoke0(Native Method)
	at sun.reflect.NativeMethodAccessorImpl.invoke(NativeMethodAccessorImpl.java:62)
	at sun.reflect.DelegatingMethodAccessorImpl.invoke(DelegatingMethodAccessorImpl.java:43)
	at java.lang.reflect.Method.invoke(Method.java:498)
	at org.junit.runners.model.FrameworkMethod$1.runReflectiveCall(FrameworkMethod.java:59)
	at org.junit.internal.runners.model.ReflectiveCallable.run(ReflectiveCallable.java:12)
	at org.junit.runners.model.FrameworkMethod.invokeExplosively(FrameworkMethod.java:56)
	at org.junit.internal.runners.statements.InvokeMethod.evaluate(InvokeMethod.java:17)
	at org.junit.internal.runners.statements.RunAfters.evaluate(RunAfters.java:27)
	at org.junit.internal.runners.statements.FailOnTimeout$CallableStatement.call(FailOnTimeout.java:288)
	at org.junit.internal.runners.statements.FailOnTimeout$CallableStatement.call(FailOnTimeout.java:282)
	at java.util.concurrent.FutureTask.run(FutureTask.java:266)
	at java.lang.Thread.run(Thread.java:750)
08:13:00.413 [IPC Server handler 0 on default port 39113] ERROR OMAudit - user=runner | ip=127.0.0.1 | op=GET_FILE_STATUS {volume=volume56107, bucket=bucket11984, key=gdir1/dir4, dataSize=0, replicationConfig=null} | ret=FAILURE
org.apache.hadoop.ozone.om.exceptions.OMException: Unable to get file status: volume: volume56107 bucket: bucket11984 key: gdir1/dir4
	at org.apache.hadoop.ozone.om.KeyManagerImpl.getOzoneFileStatusFSO(KeyManagerImpl.java:1336) ~[ozone-manager-1.3.0-SNAPSHOT.jar:?]
	at org.apache.hadoop.ozone.om.KeyManagerImpl.getFileStatus(KeyManagerImpl.java:1199) ~[ozone-manager-1.3.0-SNAPSHOT.jar:?]
	at org.apache.hadoop.ozone.om.OzoneManager.getFileStatus(OzoneManager.java:3570) ~[ozone-manager-1.3.0-SNAPSHOT.jar:?]
	at org.apache.hadoop.ozone.protocolPB.OzoneManagerRequestHandler.getOzoneFileStatus(OzoneManagerRequestHandler.java:907) ~[ozone-manager-1.3.0-SNAPSHOT.jar:?]
	at org.apache.hadoop.ozone.protocolPB.OzoneManagerRequestHandler.handleReadRequest(OzoneManagerRequestHandler.java:231) ~[ozone-manager-1.3.0-SNAPSHOT.jar:?]
	at org.apache.hadoop.ozone.protocolPB.OzoneManagerProtocolServerSideTranslatorPB.submitReadRequestToOM(OzoneManagerProtocolServerSideTranslatorPB.java:226) ~[ozone-manager-1.3.0-SNAPSHOT.jar:?]
	at org.apache.hadoop.ozone.protocolPB.OzoneManagerProtocolServerSideTranslatorPB.processRequest(OzoneManagerProtocolServerSideTranslatorPB.java:175) ~[ozone-manager-1.3.0-SNAPSHOT.jar:?]
	at org.apache.hadoop.hdds.server.OzoneProtocolMessageDispatcher.processRequest(OzoneProtocolMessageDispatcher.java:87) [hdds-server-framework-1.3.0-SNAPSHOT.jar:?]
	at org.apache.hadoop.ozone.protocolPB.OzoneManagerProtocolServerSideTranslatorPB.submitRequest(OzoneManagerProtocolServerSideTranslatorPB.java:147) [ozone-manager-1.3.0-SNAPSHOT.jar:?]
	at org.apache.hadoop.ozone.protocol.proto.OzoneManagerProtocolProtos$OzoneManagerService$2.callBlockingMethod(OzoneManagerProtocolProtos.java) [ozone-interface-client-1.3.0-SNAPSHOT.jar:?]
	at org.apache.hadoop.ipc.ProtobufRpcEngine$Server.processCall(ProtobufRpcEngine.java:466) [hadoop-common-3.3.1.jar:?]
	at org.apache.hadoop.ipc.ProtobufRpcEngine2$Server$ProtoBufRpcInvoker.call(ProtobufRpcEngine2.java:574) [hadoop-common-3.3.1.jar:?]
	at org.apache.hadoop.ipc.ProtobufRpcEngine2$Server$ProtoBufRpcInvoker.call(ProtobufRpcEngine2.java:552) [hadoop-common-3.3.1.jar:?]
	at org.apache.hadoop.ipc.RPC$Server.call(RPC.java:1093) [hadoop-common-3.3.1.jar:?]
	at org.apache.hadoop.ipc.Server$RpcCall.run(Server.java:1035) [hadoop-common-3.3.1.jar:?]
	at org.apache.hadoop.ipc.Server$RpcCall.run(Server.java:963) [hadoop-common-3.3.1.jar:?]
	at java.security.AccessController.doPrivileged(Native Method) ~[?:1.8.0_345]
	at javax.security.auth.Subject.doAs(Subject.java:422) [?:1.8.0_345]
	at org.apache.hadoop.security.UserGroupInformation.doAs(UserGroupInformation.java:1878) [hadoop-common-3.3.1.jar:?]
	at org.apache.hadoop.ipc.Server$Handler.run(Server.java:2966) [hadoop-common-3.3.1.jar:?]
2022-10-11 08:13:00,413 [Time-limited test] WARN  ozone.BasicOzoneFileSystem (BasicOzoneFileSystem.java:getFileStatus(765)) - GetFileStatus failed for path /gdir1/dir4
java.io.FileNotFoundException: gdir1/dir4: No such file or directory!
	at org.apache.hadoop.fs.ozone.BasicOzoneClientAdapterImpl.getFileStatus(BasicOzoneClientAdapterImpl.java:369)
	at org.apache.hadoop.fs.ozone.BasicOzoneFileSystem.getFileStatus(BasicOzoneFileSystem.java:757)
	at org.apache.hadoop.fs.ozone.TestOzoneFileSystem.checkPath(TestOzoneFileSystem.java:502)
	at org.apache.hadoop.fs.ozone.TestOzoneFileSystem.testRecursiveDelete(TestOzoneFileSystem.java:457)
	at sun.reflect.NativeMethodAccessorImpl.invoke0(Native Method)
	at sun.reflect.NativeMethodAccessorImpl.invoke(NativeMethodAccessorImpl.java:62)
	at sun.reflect.DelegatingMethodAccessorImpl.invoke(DelegatingMethodAccessorImpl.java:43)
	at java.lang.reflect.Method.invoke(Method.java:498)
	at org.junit.runners.model.FrameworkMethod$1.runReflectiveCall(FrameworkMethod.java:59)
	at org.junit.internal.runners.model.ReflectiveCallable.run(ReflectiveCallable.java:12)
	at org.junit.runners.model.FrameworkMethod.invokeExplosively(FrameworkMethod.java:56)
	at org.junit.internal.runners.statements.InvokeMethod.evaluate(InvokeMethod.java:17)
	at org.junit.internal.runners.statements.RunAfters.evaluate(RunAfters.java:27)
	at org.junit.internal.runners.statements.FailOnTimeout$CallableStatement.call(FailOnTimeout.java:288)
	at org.junit.internal.runners.statements.FailOnTimeout$CallableStatement.call(FailOnTimeout.java:282)
	at java.util.concurrent.FutureTask.run(FutureTask.java:266)
	at java.lang.Thread.run(Thread.java:750)
08:13:00.414 [IPC Server handler 1 on default port 39113] ERROR OMAudit - user=runner | ip=127.0.0.1 | op=GET_FILE_STATUS {volume=volume56107, bucket=bucket11984, key=gdir1/dir4/child, dataSize=0, replicationConfig=null} | ret=FAILURE
org.apache.hadoop.ozone.om.exceptions.OMException: Unable to get file status: volume: volume56107 bucket: bucket11984 key: gdir1/dir4/child
	at org.apache.hadoop.ozone.om.KeyManagerImpl.getOzoneFileStatusFSO(KeyManagerImpl.java:1336) ~[ozone-manager-1.3.0-SNAPSHOT.jar:?]
	at org.apache.hadoop.ozone.om.KeyManagerImpl.getFileStatus(KeyManagerImpl.java:1199) ~[ozone-manager-1.3.0-SNAPSHOT.jar:?]
	at org.apache.hadoop.ozone.om.OzoneManager.getFileStatus(OzoneManager.java:3570) ~[ozone-manager-1.3.0-SNAPSHOT.jar:?]
	at org.apache.hadoop.ozone.protocolPB.OzoneManagerRequestHandler.getOzoneFileStatus(OzoneManagerRequestHandler.java:907) ~[ozone-manager-1.3.0-SNAPSHOT.jar:?]
	at org.apache.hadoop.ozone.protocolPB.OzoneManagerRequestHandler.handleReadRequest(OzoneManagerRequestHandler.java:231) ~[ozone-manager-1.3.0-SNAPSHOT.jar:?]
	at org.apache.hadoop.ozone.protocolPB.OzoneManagerProtocolServerSideTranslatorPB.submitReadRequestToOM(OzoneManagerProtocolServerSideTranslatorPB.java:226) ~[ozone-manager-1.3.0-SNAPSHOT.jar:?]
	at org.apache.hadoop.ozone.protocolPB.OzoneManagerProtocolServerSideTranslatorPB.processRequest(OzoneManagerProtocolServerSideTranslatorPB.java:175) ~[ozone-manager-1.3.0-SNAPSHOT.jar:?]
	at org.apache.hadoop.hdds.server.OzoneProtocolMessageDispatcher.processRequest(OzoneProtocolMessageDispatcher.java:87) [hdds-server-framework-1.3.0-SNAPSHOT.jar:?]
	at org.apache.hadoop.ozone.protocolPB.OzoneManagerProtocolServerSideTranslatorPB.submitRequest(OzoneManagerProtocolServerSideTranslatorPB.java:147) [ozone-manager-1.3.0-SNAPSHOT.jar:?]
	at org.apache.hadoop.ozone.protocol.proto.OzoneManagerProtocolProtos$OzoneManagerService$2.callBlockingMethod(OzoneManagerProtocolProtos.java) [ozone-interface-client-1.3.0-SNAPSHOT.jar:?]
	at org.apache.hadoop.ipc.ProtobufRpcEngine$Server.processCall(ProtobufRpcEngine.java:466) [hadoop-common-3.3.1.jar:?]
	at org.apache.hadoop.ipc.ProtobufRpcEngine2$Server$ProtoBufRpcInvoker.call(ProtobufRpcEngine2.java:574) [hadoop-common-3.3.1.jar:?]
	at org.apache.hadoop.ipc.ProtobufRpcEngine2$Server$ProtoBufRpcInvoker.call(ProtobufRpcEngine2.java:552) [hadoop-common-3.3.1.jar:?]
	at org.apache.hadoop.ipc.RPC$Server.call(RPC.java:1093) [hadoop-common-3.3.1.jar:?]
	at org.apache.hadoop.ipc.Server$RpcCall.run(Server.java:1035) [hadoop-common-3.3.1.jar:?]
	at org.apache.hadoop.ipc.Server$RpcCall.run(Server.java:963) [hadoop-common-3.3.1.jar:?]
	at java.security.AccessController.doPrivileged(Native Method) ~[?:1.8.0_345]
	at javax.security.auth.Subject.doAs(Subject.java:422) [?:1.8.0_345]
	at org.apache.hadoop.security.UserGroupInformation.doAs(UserGroupInformation.java:1878) [hadoop-common-3.3.1.jar:?]
	at org.apache.hadoop.ipc.Server$Handler.run(Server.java:2966) [hadoop-common-3.3.1.jar:?]
2022-10-11 08:13:00,415 [Time-limited test] WARN  ozone.BasicOzoneFileSystem (BasicOzoneFileSystem.java:getFileStatus(765)) - GetFileStatus failed for path /gdir1/dir4/child
java.io.FileNotFoundException: gdir1/dir4/child: No such file or directory!
	at org.apache.hadoop.fs.ozone.BasicOzoneClientAdapterImpl.getFileStatus(BasicOzoneClientAdapterImpl.java:369)
	at org.apache.hadoop.fs.ozone.BasicOzoneFileSystem.getFileStatus(BasicOzoneFileSystem.java:757)
	at org.apache.hadoop.fs.ozone.TestOzoneFileSystem.checkPath(TestOzoneFileSystem.java:502)
	at org.apache.hadoop.fs.ozone.TestOzoneFileSystem.testRecursiveDelete(TestOzoneFileSystem.java:458)
	at sun.reflect.NativeMethodAccessorImpl.invoke0(Native Method)
	at sun.reflect.NativeMethodAccessorImpl.invoke(NativeMethodAccessorImpl.java:62)
	at sun.reflect.DelegatingMethodAccessorImpl.invoke(DelegatingMethodAccessorImpl.java:43)
	at java.lang.reflect.Method.invoke(Method.java:498)
	at org.junit.runners.model.FrameworkMethod$1.runReflectiveCall(FrameworkMethod.java:59)
	at org.junit.internal.runners.model.ReflectiveCallable.run(ReflectiveCallable.java:12)
	at org.junit.runners.model.FrameworkMethod.invokeExplosively(FrameworkMethod.java:56)
	at org.junit.internal.runners.statements.InvokeMethod.evaluate(InvokeMethod.java:17)
	at org.junit.internal.runners.statements.RunAfters.evaluate(RunAfters.java:27)
	at org.junit.internal.runners.statements.FailOnTimeout$CallableStatement.call(FailOnTimeout.java:288)
	at org.junit.internal.runners.statements.FailOnTimeout$CallableStatement.call(FailOnTimeout.java:282)
	at java.util.concurrent.FutureTask.run(FutureTask.java:266)
	at java.lang.Thread.run(Thread.java:750)
08:13:00.416 [IPC Server handler 3 on default port 39113] ERROR OMAudit - user=runner | ip=127.0.0.1 | op=GET_FILE_STATUS {volume=volume56107, bucket=bucket11984, key=gdir1/dir5, dataSize=0, replicationConfig=null} | ret=FAILURE
org.apache.hadoop.ozone.om.exceptions.OMException: Unable to get file status: volume: volume56107 bucket: bucket11984 key: gdir1/dir5
	at org.apache.hadoop.ozone.om.KeyManagerImpl.getOzoneFileStatusFSO(KeyManagerImpl.java:1336) ~[ozone-manager-1.3.0-SNAPSHOT.jar:?]
	at org.apache.hadoop.ozone.om.KeyManagerImpl.getFileStatus(KeyManagerImpl.java:1199) ~[ozone-manager-1.3.0-SNAPSHOT.jar:?]
	at org.apache.hadoop.ozone.om.OzoneManager.getFileStatus(OzoneManager.java:3570) ~[ozone-manager-1.3.0-SNAPSHOT.jar:?]
	at org.apache.hadoop.ozone.protocolPB.OzoneManagerRequestHandler.getOzoneFileStatus(OzoneManagerRequestHandler.java:907) ~[ozone-manager-1.3.0-SNAPSHOT.jar:?]
	at org.apache.hadoop.ozone.protocolPB.OzoneManagerRequestHandler.handleReadRequest(OzoneManagerRequestHandler.java:231) ~[ozone-manager-1.3.0-SNAPSHOT.jar:?]
	at org.apache.hadoop.ozone.protocolPB.OzoneManagerProtocolServerSideTranslatorPB.submitReadRequestToOM(OzoneManagerProtocolServerSideTranslatorPB.java:226) ~[ozone-manager-1.3.0-SNAPSHOT.jar:?]
	at org.apache.hadoop.ozone.protocolPB.OzoneManagerProtocolServerSideTranslatorPB.processRequest(OzoneManagerProtocolServerSideTranslatorPB.java:175) ~[ozone-manager-1.3.0-SNAPSHOT.jar:?]
	at org.apache.hadoop.hdds.server.OzoneProtocolMessageDispatcher.processRequest(OzoneProtocolMessageDispatcher.java:87) [hdds-server-framework-1.3.0-SNAPSHOT.jar:?]
	at org.apache.hadoop.ozone.protocolPB.OzoneManagerProtocolServerSideTranslatorPB.submitRequest(OzoneManagerProtocolServerSideTranslatorPB.java:147) [ozone-manager-1.3.0-SNAPSHOT.jar:?]
	at org.apache.hadoop.ozone.protocol.proto.OzoneManagerProtocolProtos$OzoneManagerService$2.callBlockingMethod(OzoneManagerProtocolProtos.java) [ozone-interface-client-1.3.0-SNAPSHOT.jar:?]
	at org.apache.hadoop.ipc.ProtobufRpcEngine$Server.processCall(ProtobufRpcEngine.java:466) [hadoop-common-3.3.1.jar:?]
	at org.apache.hadoop.ipc.ProtobufRpcEngine2$Server$ProtoBufRpcInvoker.call(ProtobufRpcEngine2.java:574) [hadoop-common-3.3.1.jar:?]
	at org.apache.hadoop.ipc.ProtobufRpcEngine2$Server$ProtoBufRpcInvoker.call(ProtobufRpcEngine2.java:552) [hadoop-common-3.3.1.jar:?]
	at org.apache.hadoop.ipc.RPC$Server.call(RPC.java:1093) [hadoop-common-3.3.1.jar:?]
	at org.apache.hadoop.ipc.Server$RpcCall.run(Server.java:1035) [hadoop-common-3.3.1.jar:?]
	at org.apache.hadoop.ipc.Server$RpcCall.run(Server.java:963) [hadoop-common-3.3.1.jar:?]
	at java.security.AccessController.doPrivileged(Native Method) ~[?:1.8.0_345]
	at javax.security.auth.Subject.doAs(Subject.java:422) [?:1.8.0_345]
	at org.apache.hadoop.security.UserGroupInformation.doAs(UserGroupInformation.java:1878) [hadoop-common-3.3.1.jar:?]
	at org.apache.hadoop.ipc.Server$Handler.run(Server.java:2966) [hadoop-common-3.3.1.jar:?]
2022-10-11 08:13:00,418 [Time-limited test] WARN  ozone.BasicOzoneFileSystem (BasicOzoneFileSystem.java:getFileStatus(765)) - GetFileStatus failed for path /gdir1/dir5
java.io.FileNotFoundException: gdir1/dir5: No such file or directory!
	at org.apache.hadoop.fs.ozone.BasicOzoneClientAdapterImpl.getFileStatus(BasicOzoneClientAdapterImpl.java:369)
	at org.apache.hadoop.fs.ozone.BasicOzoneFileSystem.getFileStatus(BasicOzoneFileSystem.java:757)
	at org.apache.hadoop.fs.ozone.TestOzoneFileSystem.checkPath(TestOzoneFileSystem.java:502)
	at org.apache.hadoop.fs.ozone.TestOzoneFileSystem.testRecursiveDelete(TestOzoneFileSystem.java:457)
	at sun.reflect.NativeMethodAccessorImpl.invoke0(Native Method)
	at sun.reflect.NativeMethodAccessorImpl.invoke(NativeMethodAccessorImpl.java:62)
	at sun.reflect.DelegatingMethodAccessorImpl.invoke(DelegatingMethodAccessorImpl.java:43)
	at java.lang.reflect.Method.invoke(Method.java:498)
	at org.junit.runners.model.FrameworkMethod$1.runReflectiveCall(FrameworkMethod.java:59)
	at org.junit.internal.runners.model.ReflectiveCallable.run(ReflectiveCallable.java:12)
	at org.junit.runners.model.FrameworkMethod.invokeExplosively(FrameworkMethod.java:56)
	at org.junit.internal.runners.statements.InvokeMethod.evaluate(InvokeMethod.java:17)
	at org.junit.internal.runners.statements.RunAfters.evaluate(RunAfters.java:27)
	at org.junit.internal.runners.statements.FailOnTimeout$CallableStatement.call(FailOnTimeout.java:288)
	at org.junit.internal.runners.statements.FailOnTimeout$CallableStatement.call(FailOnTimeout.java:282)
	at java.util.concurrent.FutureTask.run(FutureTask.java:266)
	at java.lang.Thread.run(Thread.java:750)
08:13:00.419 [IPC Server handler 5 on default port 39113] ERROR OMAudit - user=runner | ip=127.0.0.1 | op=GET_FILE_STATUS {volume=volume56107, bucket=bucket11984, key=gdir1/dir5/child, dataSize=0, replicationConfig=null} | ret=FAILURE
org.apache.hadoop.ozone.om.exceptions.OMException: Unable to get file status: volume: volume56107 bucket: bucket11984 key: gdir1/dir5/child
	at org.apache.hadoop.ozone.om.KeyManagerImpl.getOzoneFileStatusFSO(KeyManagerImpl.java:1336) ~[ozone-manager-1.3.0-SNAPSHOT.jar:?]
	at org.apache.hadoop.ozone.om.KeyManagerImpl.getFileStatus(KeyManagerImpl.java:1199) ~[ozone-manager-1.3.0-SNAPSHOT.jar:?]
	at org.apache.hadoop.ozone.om.OzoneManager.getFileStatus(OzoneManager.java:3570) ~[ozone-manager-1.3.0-SNAPSHOT.jar:?]
	at org.apache.hadoop.ozone.protocolPB.OzoneManagerRequestHandler.getOzoneFileStatus(OzoneManagerRequestHandler.java:907) ~[ozone-manager-1.3.0-SNAPSHOT.jar:?]
	at org.apache.hadoop.ozone.protocolPB.OzoneManagerRequestHandler.handleReadRequest(OzoneManagerRequestHandler.java:231) ~[ozone-manager-1.3.0-SNAPSHOT.jar:?]
	at org.apache.hadoop.ozone.protocolPB.OzoneManagerProtocolServerSideTranslatorPB.submitReadRequestToOM(OzoneManagerProtocolServerSideTranslatorPB.java:226) ~[ozone-manager-1.3.0-SNAPSHOT.jar:?]
	at org.apache.hadoop.ozone.protocolPB.OzoneManagerProtocolServerSideTranslatorPB.processRequest(OzoneManagerProtocolServerSideTranslatorPB.java:175) ~[ozone-manager-1.3.0-SNAPSHOT.jar:?]
	at org.apache.hadoop.hdds.server.OzoneProtocolMessageDispatcher.processRequest(OzoneProtocolMessageDispatcher.java:87) [hdds-server-framework-1.3.0-SNAPSHOT.jar:?]
	at org.apache.hadoop.ozone.protocolPB.OzoneManagerProtocolServerSideTranslatorPB.submitRequest(OzoneManagerProtocolServerSideTranslatorPB.java:147) [ozone-manager-1.3.0-SNAPSHOT.jar:?]
	at org.apache.hadoop.ozone.protocol.proto.OzoneManagerProtocolProtos$OzoneManagerService$2.callBlockingMethod(OzoneManagerProtocolProtos.java) [ozone-interface-client-1.3.0-SNAPSHOT.jar:?]
	at org.apache.hadoop.ipc.ProtobufRpcEngine$Server.processCall(ProtobufRpcEngine.java:466) [hadoop-common-3.3.1.jar:?]
	at org.apache.hadoop.ipc.ProtobufRpcEngine2$Server$ProtoBufRpcInvoker.call(ProtobufRpcEngine2.java:574) [hadoop-common-3.3.1.jar:?]
	at org.apache.hadoop.ipc.ProtobufRpcEngine2$Server$ProtoBufRpcInvoker.call(ProtobufRpcEngine2.java:552) [hadoop-common-3.3.1.jar:?]
	at org.apache.hadoop.ipc.RPC$Server.call(RPC.java:1093) [hadoop-common-3.3.1.jar:?]
	at org.apache.hadoop.ipc.Server$RpcCall.run(Server.java:1035) [hadoop-common-3.3.1.jar:?]
	at org.apache.hadoop.ipc.Server$RpcCall.run(Server.java:963) [hadoop-common-3.3.1.jar:?]
	at java.security.AccessController.doPrivileged(Native Method) ~[?:1.8.0_345]
	at javax.security.auth.Subject.doAs(Subject.java:422) [?:1.8.0_345]
	at org.apache.hadoop.security.UserGroupInformation.doAs(UserGroupInformation.java:1878) [hadoop-common-3.3.1.jar:?]
	at org.apache.hadoop.ipc.Server$Handler.run(Server.java:2966) [hadoop-common-3.3.1.jar:?]
2022-10-11 08:13:00,420 [Time-limited test] WARN  ozone.BasicOzoneFileSystem (BasicOzoneFileSystem.java:getFileStatus(765)) - GetFileStatus failed for path /gdir1/dir5/child
java.io.FileNotFoundException: gdir1/dir5/child: No such file or directory!
	at org.apache.hadoop.fs.ozone.BasicOzoneClientAdapterImpl.getFileStatus(BasicOzoneClientAdapterImpl.java:369)
	at org.apache.hadoop.fs.ozone.BasicOzoneFileSystem.getFileStatus(BasicOzoneFileSystem.java:757)
	at org.apache.hadoop.fs.ozone.TestOzoneFileSystem.checkPath(TestOzoneFileSystem.java:502)
	at org.apache.hadoop.fs.ozone.TestOzoneFileSystem.testRecursiveDelete(TestOzoneFileSystem.java:458)
	at sun.reflect.NativeMethodAccessorImpl.invoke0(Native Method)
	at sun.reflect.NativeMethodAccessorImpl.invoke(NativeMethodAccessorImpl.java:62)
	at sun.reflect.DelegatingMethodAccessorImpl.invoke(DelegatingMethodAccessorImpl.java:43)
	at java.lang.reflect.Method.invoke(Method.java:498)
	at org.junit.runners.model.FrameworkMethod$1.runReflectiveCall(FrameworkMethod.java:59)
	at org.junit.internal.runners.model.ReflectiveCallable.run(ReflectiveCallable.java:12)
	at org.junit.runners.model.FrameworkMethod.invokeExplosively(FrameworkMethod.java:56)
	at org.junit.internal.runners.statements.InvokeMethod.evaluate(InvokeMethod.java:17)
	at org.junit.internal.runners.statements.RunAfters.evaluate(RunAfters.java:27)
	at org.junit.internal.runners.statements.FailOnTimeout$CallableStatement.call(FailOnTimeout.java:288)
	at org.junit.internal.runners.statements.FailOnTimeout$CallableStatement.call(FailOnTimeout.java:282)
	at java.util.concurrent.FutureTask.run(FutureTask.java:266)
	at java.lang.Thread.run(Thread.java:750)
08:13:00.421 [IPC Server handler 4 on default port 39113] ERROR OMAudit - user=runner | ip=127.0.0.1 | op=GET_FILE_STATUS {volume=volume56107, bucket=bucket11984, key=gdir1/dir6, dataSize=0, replicationConfig=null} | ret=FAILURE
org.apache.hadoop.ozone.om.exceptions.OMException: Unable to get file status: volume: volume56107 bucket: bucket11984 key: gdir1/dir6
	at org.apache.hadoop.ozone.om.KeyManagerImpl.getOzoneFileStatusFSO(KeyManagerImpl.java:1336) ~[ozone-manager-1.3.0-SNAPSHOT.jar:?]
	at org.apache.hadoop.ozone.om.KeyManagerImpl.getFileStatus(KeyManagerImpl.java:1199) ~[ozone-manager-1.3.0-SNAPSHOT.jar:?]
	at org.apache.hadoop.ozone.om.OzoneManager.getFileStatus(OzoneManager.java:3570) ~[ozone-manager-1.3.0-SNAPSHOT.jar:?]
	at org.apache.hadoop.ozone.protocolPB.OzoneManagerRequestHandler.getOzoneFileStatus(OzoneManagerRequestHandler.java:907) ~[ozone-manager-1.3.0-SNAPSHOT.jar:?]
	at org.apache.hadoop.ozone.protocolPB.OzoneManagerRequestHandler.handleReadRequest(OzoneManagerRequestHandler.java:231) ~[ozone-manager-1.3.0-SNAPSHOT.jar:?]
	at org.apache.hadoop.ozone.protocolPB.OzoneManagerProtocolServerSideTranslatorPB.submitReadRequestToOM(OzoneManagerProtocolServerSideTranslatorPB.java:226) ~[ozone-manager-1.3.0-SNAPSHOT.jar:?]
	at org.apache.hadoop.ozone.protocolPB.OzoneManagerProtocolServerSideTranslatorPB.processRequest(OzoneManagerProtocolServerSideTranslatorPB.java:175) ~[ozone-manager-1.3.0-SNAPSHOT.jar:?]
	at org.apache.hadoop.hdds.server.OzoneProtocolMessageDispatcher.processRequest(OzoneProtocolMessageDispatcher.java:87) [hdds-server-framework-1.3.0-SNAPSHOT.jar:?]
	at org.apache.hadoop.ozone.protocolPB.OzoneManagerProtocolServerSideTranslatorPB.submitRequest(OzoneManagerProtocolServerSideTranslatorPB.java:147) [ozone-manager-1.3.0-SNAPSHOT.jar:?]
	at org.apache.hadoop.ozone.protocol.proto.OzoneManagerProtocolProtos$OzoneManagerService$2.callBlockingMethod(OzoneManagerProtocolProtos.java) [ozone-interface-client-1.3.0-SNAPSHOT.jar:?]
	at org.apache.hadoop.ipc.ProtobufRpcEngine$Server.processCall(ProtobufRpcEngine.java:466) [hadoop-common-3.3.1.jar:?]
	at org.apache.hadoop.ipc.ProtobufRpcEngine2$Server$ProtoBufRpcInvoker.call(ProtobufRpcEngine2.java:574) [hadoop-common-3.3.1.jar:?]
	at org.apache.hadoop.ipc.ProtobufRpcEngine2$Server$ProtoBufRpcInvoker.call(ProtobufRpcEngine2.java:552) [hadoop-common-3.3.1.jar:?]
	at org.apache.hadoop.ipc.RPC$Server.call(RPC.java:1093) [hadoop-common-3.3.1.jar:?]
	at org.apache.hadoop.ipc.Server$RpcCall.run(Server.java:1035) [hadoop-common-3.3.1.jar:?]
	at org.apache.hadoop.ipc.Server$RpcCall.run(Server.java:963) [hadoop-common-3.3.1.jar:?]
	at java.security.AccessController.doPrivileged(Native Method) ~[?:1.8.0_345]
	at javax.security.auth.Subject.doAs(Subject.java:422) [?:1.8.0_345]
	at org.apache.hadoop.security.UserGroupInformation.doAs(UserGroupInformation.java:1878) [hadoop-common-3.3.1.jar:?]
	at org.apache.hadoop.ipc.Server$Handler.run(Server.java:2966) [hadoop-common-3.3.1.jar:?]
2022-10-11 08:13:00,421 [Time-limited test] WARN  ozone.BasicOzoneFileSystem (BasicOzoneFileSystem.java:getFileStatus(765)) - GetFileStatus failed for path /gdir1/dir6
java.io.FileNotFoundException: gdir1/dir6: No such file or directory!
	at org.apache.hadoop.fs.ozone.BasicOzoneClientAdapterImpl.getFileStatus(BasicOzoneClientAdapterImpl.java:369)
	at org.apache.hadoop.fs.ozone.BasicOzoneFileSystem.getFileStatus(BasicOzoneFileSystem.java:757)
	at org.apache.hadoop.fs.ozone.TestOzoneFileSystem.checkPath(TestOzoneFileSystem.java:502)
	at org.apache.hadoop.fs.ozone.TestOzoneFileSystem.testRecursiveDelete(TestOzoneFileSystem.java:457)
	at sun.reflect.NativeMethodAccessorImpl.invoke0(Native Method)
	at sun.reflect.NativeMethodAccessorImpl.invoke(NativeMethodAccessorImpl.java:62)
	at sun.reflect.DelegatingMethodAccessorImpl.invoke(DelegatingMethodAccessorImpl.java:43)
	at java.lang.reflect.Method.invoke(Method.java:498)
	at org.junit.runners.model.FrameworkMethod$1.runReflectiveCall(FrameworkMethod.java:59)
	at org.junit.internal.runners.model.ReflectiveCallable.run(ReflectiveCallable.java:12)
	at org.junit.runners.model.FrameworkMethod.invokeExplosively(FrameworkMethod.java:56)
	at org.junit.internal.runners.statements.InvokeMethod.evaluate(InvokeMethod.java:17)
	at org.junit.internal.runners.statements.RunAfters.evaluate(RunAfters.java:27)
	at org.junit.internal.runners.statements.FailOnTimeout$CallableStatement.call(FailOnTimeout.java:288)
	at org.junit.internal.runners.statements.FailOnTimeout$CallableStatement.call(FailOnTimeout.java:282)
	at java.util.concurrent.FutureTask.run(FutureTask.java:266)
	at java.lang.Thread.run(Thread.java:750)
08:13:00.422 [IPC Server handler 2 on default port 39113] ERROR OMAudit - user=runner | ip=127.0.0.1 | op=GET_FILE_STATUS {volume=volume56107, bucket=bucket11984, key=gdir1/dir6/child, dataSize=0, replicationConfig=null} | ret=FAILURE
org.apache.hadoop.ozone.om.exceptions.OMException: Unable to get file status: volume: volume56107 bucket: bucket11984 key: gdir1/dir6/child
	at org.apache.hadoop.ozone.om.KeyManagerImpl.getOzoneFileStatusFSO(KeyManagerImpl.java:1336) ~[ozone-manager-1.3.0-SNAPSHOT.jar:?]
	at org.apache.hadoop.ozone.om.KeyManagerImpl.getFileStatus(KeyManagerImpl.java:1199) ~[ozone-manager-1.3.0-SNAPSHOT.jar:?]
	at org.apache.hadoop.ozone.om.OzoneManager.getFileStatus(OzoneManager.java:3570) ~[ozone-manager-1.3.0-SNAPSHOT.jar:?]
	at org.apache.hadoop.ozone.protocolPB.OzoneManagerRequestHandler.getOzoneFileStatus(OzoneManagerRequestHandler.java:907) ~[ozone-manager-1.3.0-SNAPSHOT.jar:?]
	at org.apache.hadoop.ozone.protocolPB.OzoneManagerRequestHandler.handleReadRequest(OzoneManagerRequestHandler.java:231) ~[ozone-manager-1.3.0-SNAPSHOT.jar:?]
	at org.apache.hadoop.ozone.protocolPB.OzoneManagerProtocolServerSideTranslatorPB.submitReadRequestToOM(OzoneManagerProtocolServerSideTranslatorPB.java:226) ~[ozone-manager-1.3.0-SNAPSHOT.jar:?]
	at org.apache.hadoop.ozone.protocolPB.OzoneManagerProtocolServerSideTranslatorPB.processRequest(OzoneManagerProtocolServerSideTranslatorPB.java:175) ~[ozone-manager-1.3.0-SNAPSHOT.jar:?]
	at org.apache.hadoop.hdds.server.OzoneProtocolMessageDispatcher.processRequest(OzoneProtocolMessageDispatcher.java:87) [hdds-server-framework-1.3.0-SNAPSHOT.jar:?]
	at org.apache.hadoop.ozone.protocolPB.OzoneManagerProtocolServerSideTranslatorPB.submitRequest(OzoneManagerProtocolServerSideTranslatorPB.java:147) [ozone-manager-1.3.0-SNAPSHOT.jar:?]
	at org.apache.hadoop.ozone.protocol.proto.OzoneManagerProtocolProtos$OzoneManagerService$2.callBlockingMethod(OzoneManagerProtocolProtos.java) [ozone-interface-client-1.3.0-SNAPSHOT.jar:?]
	at org.apache.hadoop.ipc.ProtobufRpcEngine$Server.processCall(ProtobufRpcEngine.java:466) [hadoop-common-3.3.1.jar:?]
	at org.apache.hadoop.ipc.ProtobufRpcEngine2$Server$ProtoBufRpcInvoker.call(ProtobufRpcEngine2.java:574) [hadoop-common-3.3.1.jar:?]
	at org.apache.hadoop.ipc.ProtobufRpcEngine2$Server$ProtoBufRpcInvoker.call(ProtobufRpcEngine2.java:552) [hadoop-common-3.3.1.jar:?]
	at org.apache.hadoop.ipc.RPC$Server.call(RPC.java:1093) [hadoop-common-3.3.1.jar:?]
	at org.apache.hadoop.ipc.Server$RpcCall.run(Server.java:1035) [hadoop-common-3.3.1.jar:?]
	at org.apache.hadoop.ipc.Server$RpcCall.run(Server.java:963) [hadoop-common-3.3.1.jar:?]
	at java.security.AccessController.doPrivileged(Native Method) ~[?:1.8.0_345]
	at javax.security.auth.Subject.doAs(Subject.java:422) [?:1.8.0_345]
	at org.apache.hadoop.security.UserGroupInformation.doAs(UserGroupInformation.java:1878) [hadoop-common-3.3.1.jar:?]
	at org.apache.hadoop.ipc.Server$Handler.run(Server.java:2966) [hadoop-common-3.3.1.jar:?]
2022-10-11 08:13:00,423 [Time-limited test] WARN  ozone.BasicOzoneFileSystem (BasicOzoneFileSystem.java:getFileStatus(765)) - GetFileStatus failed for path /gdir1/dir6/child
java.io.FileNotFoundException: gdir1/dir6/child: No such file or directory!
	at org.apache.hadoop.fs.ozone.BasicOzoneClientAdapterImpl.getFileStatus(BasicOzoneClientAdapterImpl.java:369)
	at org.apache.hadoop.fs.ozone.BasicOzoneFileSystem.getFileStatus(BasicOzoneFileSystem.java:757)
	at org.apache.hadoop.fs.ozone.TestOzoneFileSystem.checkPath(TestOzoneFileSystem.java:502)
	at org.apache.hadoop.fs.ozone.TestOzoneFileSystem.testRecursiveDelete(TestOzoneFileSystem.java:458)
	at sun.reflect.NativeMethodAccessorImpl.invoke0(Native Method)
	at sun.reflect.NativeMethodAccessorImpl.invoke(NativeMethodAccessorImpl.java:62)
	at sun.reflect.DelegatingMethodAccessorImpl.invoke(DelegatingMethodAccessorImpl.java:43)
	at java.lang.reflect.Method.invoke(Method.java:498)
	at org.junit.runners.model.FrameworkMethod$1.runReflectiveCall(FrameworkMethod.java:59)
	at org.junit.internal.runners.model.ReflectiveCallable.run(ReflectiveCallable.java:12)
	at org.junit.runners.model.FrameworkMethod.invokeExplosively(FrameworkMethod.java:56)
	at org.junit.internal.runners.statements.InvokeMethod.evaluate(InvokeMethod.java:17)
	at org.junit.internal.runners.statements.RunAfters.evaluate(RunAfters.java:27)
	at org.junit.internal.runners.statements.FailOnTimeout$CallableStatement.call(FailOnTimeout.java:288)
	at org.junit.internal.runners.statements.FailOnTimeout$CallableStatement.call(FailOnTimeout.java:282)
	at java.util.concurrent.FutureTask.run(FutureTask.java:266)
	at java.lang.Thread.run(Thread.java:750)
08:13:00.424 [IPC Server handler 7 on default port 39113] ERROR OMAudit - user=runner | ip=127.0.0.1 | op=GET_FILE_STATUS {volume=volume56107, bucket=bucket11984, key=gdir1/dir7, dataSize=0, replicationConfig=null} | ret=FAILURE
org.apache.hadoop.ozone.om.exceptions.OMException: Unable to get file status: volume: volume56107 bucket: bucket11984 key: gdir1/dir7
	at org.apache.hadoop.ozone.om.KeyManagerImpl.getOzoneFileStatusFSO(KeyManagerImpl.java:1336) ~[ozone-manager-1.3.0-SNAPSHOT.jar:?]
	at org.apache.hadoop.ozone.om.KeyManagerImpl.getFileStatus(KeyManagerImpl.java:1199) ~[ozone-manager-1.3.0-SNAPSHOT.jar:?]
	at org.apache.hadoop.ozone.om.OzoneManager.getFileStatus(OzoneManager.java:3570) ~[ozone-manager-1.3.0-SNAPSHOT.jar:?]
	at org.apache.hadoop.ozone.protocolPB.OzoneManagerRequestHandler.getOzoneFileStatus(OzoneManagerRequestHandler.java:907) ~[ozone-manager-1.3.0-SNAPSHOT.jar:?]
	at org.apache.hadoop.ozone.protocolPB.OzoneManagerRequestHandler.handleReadRequest(OzoneManagerRequestHandler.java:231) ~[ozone-manager-1.3.0-SNAPSHOT.jar:?]
	at org.apache.hadoop.ozone.protocolPB.OzoneManagerProtocolServerSideTranslatorPB.submitReadRequestToOM(OzoneManagerProtocolServerSideTranslatorPB.java:226) ~[ozone-manager-1.3.0-SNAPSHOT.jar:?]
	at org.apache.hadoop.ozone.protocolPB.OzoneManagerProtocolServerSideTranslatorPB.processRequest(OzoneManagerProtocolServerSideTranslatorPB.java:175) ~[ozone-manager-1.3.0-SNAPSHOT.jar:?]
	at org.apache.hadoop.hdds.server.OzoneProtocolMessageDispatcher.processRequest(OzoneProtocolMessageDispatcher.java:87) [hdds-server-framework-1.3.0-SNAPSHOT.jar:?]
	at org.apache.hadoop.ozone.protocolPB.OzoneManagerProtocolServerSideTranslatorPB.submitRequest(OzoneManagerProtocolServerSideTranslatorPB.java:147) [ozone-manager-1.3.0-SNAPSHOT.jar:?]
	at org.apache.hadoop.ozone.protocol.proto.OzoneManagerProtocolProtos$OzoneManagerService$2.callBlockingMethod(OzoneManagerProtocolProtos.java) [ozone-interface-client-1.3.0-SNAPSHOT.jar:?]
	at org.apache.hadoop.ipc.ProtobufRpcEngine$Server.processCall(ProtobufRpcEngine.java:466) [hadoop-common-3.3.1.jar:?]
	at org.apache.hadoop.ipc.ProtobufRpcEngine2$Server$ProtoBufRpcInvoker.call(ProtobufRpcEngine2.java:574) [hadoop-common-3.3.1.jar:?]
	at org.apache.hadoop.ipc.ProtobufRpcEngine2$Server$ProtoBufRpcInvoker.call(ProtobufRpcEngine2.java:552) [hadoop-common-3.3.1.jar:?]
	at org.apache.hadoop.ipc.RPC$Server.call(RPC.java:1093) [hadoop-common-3.3.1.jar:?]
	at org.apache.hadoop.ipc.Server$RpcCall.run(Server.java:1035) [hadoop-common-3.3.1.jar:?]
	at org.apache.hadoop.ipc.Server$RpcCall.run(Server.java:963) [hadoop-common-3.3.1.jar:?]
	at java.security.AccessController.doPrivileged(Native Method) ~[?:1.8.0_345]
	at javax.security.auth.Subject.doAs(Subject.java:422) [?:1.8.0_345]
	at org.apache.hadoop.security.UserGroupInformation.doAs(UserGroupInformation.java:1878) [hadoop-common-3.3.1.jar:?]
	at org.apache.hadoop.ipc.Server$Handler.run(Server.java:2966) [hadoop-common-3.3.1.jar:?]
2022-10-11 08:13:00,424 [Time-limited test] WARN  ozone.BasicOzoneFileSystem (BasicOzoneFileSystem.java:getFileStatus(765)) - GetFileStatus failed for path /gdir1/dir7
java.io.FileNotFoundException: gdir1/dir7: No such file or directory!
	at org.apache.hadoop.fs.ozone.BasicOzoneClientAdapterImpl.getFileStatus(BasicOzoneClientAdapterImpl.java:369)
	at org.apache.hadoop.fs.ozone.BasicOzoneFileSystem.getFileStatus(BasicOzoneFileSystem.java:757)
	at org.apache.hadoop.fs.ozone.TestOzoneFileSystem.checkPath(TestOzoneFileSystem.java:502)
	at org.apache.hadoop.fs.ozone.TestOzoneFileSystem.testRecursiveDelete(TestOzoneFileSystem.java:457)
	at sun.reflect.NativeMethodAccessorImpl.invoke0(Native Method)
	at sun.reflect.NativeMethodAccessorImpl.invoke(NativeMethodAccessorImpl.java:62)
	at sun.reflect.DelegatingMethodAccessorImpl.invoke(DelegatingMethodAccessorImpl.java:43)
	at java.lang.reflect.Method.invoke(Method.java:498)
	at org.junit.runners.model.FrameworkMethod$1.runReflectiveCall(FrameworkMethod.java:59)
	at org.junit.internal.runners.model.ReflectiveCallable.run(ReflectiveCallable.java:12)
	at org.junit.runners.model.FrameworkMethod.invokeExplosively(FrameworkMethod.java:56)
	at org.junit.internal.runners.statements.InvokeMethod.evaluate(InvokeMethod.java:17)
	at org.junit.internal.runners.statements.RunAfters.evaluate(RunAfters.java:27)
	at org.junit.internal.runners.statements.FailOnTimeout$CallableStatement.call(FailOnTimeout.java:288)
	at org.junit.internal.runners.statements.FailOnTimeout$CallableStatement.call(FailOnTimeout.java:282)
	at java.util.concurrent.FutureTask.run(FutureTask.java:266)
	at java.lang.Thread.run(Thread.java:750)
08:13:00.425 [IPC Server handler 6 on default port 39113] ERROR OMAudit - user=runner | ip=127.0.0.1 | op=GET_FILE_STATUS {volume=volume56107, bucket=bucket11984, key=gdir1/dir7/child, dataSize=0, replicationConfig=null} | ret=FAILURE
org.apache.hadoop.ozone.om.exceptions.OMException: Unable to get file status: volume: volume56107 bucket: bucket11984 key: gdir1/dir7/child
	at org.apache.hadoop.ozone.om.KeyManagerImpl.getOzoneFileStatusFSO(KeyManagerImpl.java:1336) ~[ozone-manager-1.3.0-SNAPSHOT.jar:?]
	at org.apache.hadoop.ozone.om.KeyManagerImpl.getFileStatus(KeyManagerImpl.java:1199) ~[ozone-manager-1.3.0-SNAPSHOT.jar:?]
	at org.apache.hadoop.ozone.om.OzoneManager.getFileStatus(OzoneManager.java:3570) ~[ozone-manager-1.3.0-SNAPSHOT.jar:?]
	at org.apache.hadoop.ozone.protocolPB.OzoneManagerRequestHandler.getOzoneFileStatus(OzoneManagerRequestHandler.java:907) ~[ozone-manager-1.3.0-SNAPSHOT.jar:?]
	at org.apache.hadoop.ozone.protocolPB.OzoneManagerRequestHandler.handleReadRequest(OzoneManagerRequestHandler.java:231) ~[ozone-manager-1.3.0-SNAPSHOT.jar:?]
	at org.apache.hadoop.ozone.protocolPB.OzoneManagerProtocolServerSideTranslatorPB.submitReadRequestToOM(OzoneManagerProtocolServerSideTranslatorPB.java:226) ~[ozone-manager-1.3.0-SNAPSHOT.jar:?]
	at org.apache.hadoop.ozone.protocolPB.OzoneManagerProtocolServerSideTranslatorPB.processRequest(OzoneManagerProtocolServerSideTranslatorPB.java:175) ~[ozone-manager-1.3.0-SNAPSHOT.jar:?]
	at org.apache.hadoop.hdds.server.OzoneProtocolMessageDispatcher.processRequest(OzoneProtocolMessageDispatcher.java:87) [hdds-server-framework-1.3.0-SNAPSHOT.jar:?]
	at org.apache.hadoop.ozone.protocolPB.OzoneManagerProtocolServerSideTranslatorPB.submitRequest(OzoneManagerProtocolServerSideTranslatorPB.java:147) [ozone-manager-1.3.0-SNAPSHOT.jar:?]
	at org.apache.hadoop.ozone.protocol.proto.OzoneManagerProtocolProtos$OzoneManagerService$2.callBlockingMethod(OzoneManagerProtocolProtos.java) [ozone-interface-client-1.3.0-SNAPSHOT.jar:?]
	at org.apache.hadoop.ipc.ProtobufRpcEngine$Server.processCall(ProtobufRpcEngine.java:466) [hadoop-common-3.3.1.jar:?]
	at org.apache.hadoop.ipc.ProtobufRpcEngine2$Server$ProtoBufRpcInvoker.call(ProtobufRpcEngine2.java:574) [hadoop-common-3.3.1.jar:?]
	at org.apache.hadoop.ipc.ProtobufRpcEngine2$Server$ProtoBufRpcInvoker.call(ProtobufRpcEngine2.java:552) [hadoop-common-3.3.1.jar:?]
	at org.apache.hadoop.ipc.RPC$Server.call(RPC.java:1093) [hadoop-common-3.3.1.jar:?]
	at org.apache.hadoop.ipc.Server$RpcCall.run(Server.java:1035) [hadoop-common-3.3.1.jar:?]
	at org.apache.hadoop.ipc.Server$RpcCall.run(Server.java:963) [hadoop-common-3.3.1.jar:?]
	at java.security.AccessController.doPrivileged(Native Method) ~[?:1.8.0_345]
	at javax.security.auth.Subject.doAs(Subject.java:422) [?:1.8.0_345]
	at org.apache.hadoop.security.UserGroupInformation.doAs(UserGroupInformation.java:1878) [hadoop-common-3.3.1.jar:?]
	at org.apache.hadoop.ipc.Server$Handler.run(Server.java:2966) [hadoop-common-3.3.1.jar:?]
2022-10-11 08:13:00,426 [Time-limited test] WARN  ozone.BasicOzoneFileSystem (BasicOzoneFileSystem.java:getFileStatus(765)) - GetFileStatus failed for path /gdir1/dir7/child
java.io.FileNotFoundException: gdir1/dir7/child: No such file or directory!
	at org.apache.hadoop.fs.ozone.BasicOzoneClientAdapterImpl.getFileStatus(BasicOzoneClientAdapterImpl.java:369)
	at org.apache.hadoop.fs.ozone.BasicOzoneFileSystem.getFileStatus(BasicOzoneFileSystem.java:757)
	at org.apache.hadoop.fs.ozone.TestOzoneFileSystem.checkPath(TestOzoneFileSystem.java:502)
	at org.apache.hadoop.fs.ozone.TestOzoneFileSystem.testRecursiveDelete(TestOzoneFileSystem.java:458)
	at sun.reflect.NativeMethodAccessorImpl.invoke0(Native Method)
	at sun.reflect.NativeMethodAccessorImpl.invoke(NativeMethodAccessorImpl.java:62)
	at sun.reflect.DelegatingMethodAccessorImpl.invoke(DelegatingMethodAccessorImpl.java:43)
	at java.lang.reflect.Method.invoke(Method.java:498)
	at org.junit.runners.model.FrameworkMethod$1.runReflectiveCall(FrameworkMethod.java:59)
	at org.junit.internal.runners.model.ReflectiveCallable.run(ReflectiveCallable.java:12)
	at org.junit.runners.model.FrameworkMethod.invokeExplosively(FrameworkMethod.java:56)
	at org.junit.internal.runners.statements.InvokeMethod.evaluate(InvokeMethod.java:17)
	at org.junit.internal.runners.statements.RunAfters.evaluate(RunAfters.java:27)
	at org.junit.internal.runners.statements.FailOnTimeout$CallableStatement.call(FailOnTimeout.java:288)
	at org.junit.internal.runners.statements.FailOnTimeout$CallableStatement.call(FailOnTimeout.java:282)
	at java.util.concurrent.FutureTask.run(FutureTask.java:266)
	at java.lang.Thread.run(Thread.java:750)
08:13:00.427 [IPC Server handler 13 on default port 39113] ERROR OMAudit - user=runner | ip=127.0.0.1 | op=GET_FILE_STATUS {volume=volume56107, bucket=bucket11984, key=gdir1/dir8, dataSize=0, replicationConfig=null} | ret=FAILURE
org.apache.hadoop.ozone.om.exceptions.OMException: Unable to get file status: volume: volume56107 bucket: bucket11984 key: gdir1/dir8
	at org.apache.hadoop.ozone.om.KeyManagerImpl.getOzoneFileStatusFSO(KeyManagerImpl.java:1336) ~[ozone-manager-1.3.0-SNAPSHOT.jar:?]
	at org.apache.hadoop.ozone.om.KeyManagerImpl.getFileStatus(KeyManagerImpl.java:1199) ~[ozone-manager-1.3.0-SNAPSHOT.jar:?]
	at org.apache.hadoop.ozone.om.OzoneManager.getFileStatus(OzoneManager.java:3570) ~[ozone-manager-1.3.0-SNAPSHOT.jar:?]
	at org.apache.hadoop.ozone.protocolPB.OzoneManagerRequestHandler.getOzoneFileStatus(OzoneManagerRequestHandler.java:907) ~[ozone-manager-1.3.0-SNAPSHOT.jar:?]
	at org.apache.hadoop.ozone.protocolPB.OzoneManagerRequestHandler.handleReadRequest(OzoneManagerRequestHandler.java:231) ~[ozone-manager-1.3.0-SNAPSHOT.jar:?]
	at org.apache.hadoop.ozone.protocolPB.OzoneManagerProtocolServerSideTranslatorPB.submitReadRequestToOM(OzoneManagerProtocolServerSideTranslatorPB.java:226) ~[ozone-manager-1.3.0-SNAPSHOT.jar:?]
	at org.apache.hadoop.ozone.protocolPB.OzoneManagerProtocolServerSideTranslatorPB.processRequest(OzoneManagerProtocolServerSideTranslatorPB.java:175) ~[ozone-manager-1.3.0-SNAPSHOT.jar:?]
	at org.apache.hadoop.hdds.server.OzoneProtocolMessageDispatcher.processRequest(OzoneProtocolMessageDispatcher.java:87) [hdds-server-framework-1.3.0-SNAPSHOT.jar:?]
	at org.apache.hadoop.ozone.protocolPB.OzoneManagerProtocolServerSideTranslatorPB.submitRequest(OzoneManagerProtocolServerSideTranslatorPB.java:147) [ozone-manager-1.3.0-SNAPSHOT.jar:?]
	at org.apache.hadoop.ozone.protocol.proto.OzoneManagerProtocolProtos$OzoneManagerService$2.callBlockingMethod(OzoneManagerProtocolProtos.java) [ozone-interface-client-1.3.0-SNAPSHOT.jar:?]
	at org.apache.hadoop.ipc.ProtobufRpcEngine$Server.processCall(ProtobufRpcEngine.java:466) [hadoop-common-3.3.1.jar:?]
	at org.apache.hadoop.ipc.ProtobufRpcEngine2$Server$ProtoBufRpcInvoker.call(ProtobufRpcEngine2.java:574) [hadoop-common-3.3.1.jar:?]
	at org.apache.hadoop.ipc.ProtobufRpcEngine2$Server$ProtoBufRpcInvoker.call(ProtobufRpcEngine2.java:552) [hadoop-common-3.3.1.jar:?]
	at org.apache.hadoop.ipc.RPC$Server.call(RPC.java:1093) [hadoop-common-3.3.1.jar:?]
	at org.apache.hadoop.ipc.Server$RpcCall.run(Server.java:1035) [hadoop-common-3.3.1.jar:?]
	at org.apache.hadoop.ipc.Server$RpcCall.run(Server.java:963) [hadoop-common-3.3.1.jar:?]
	at java.security.AccessController.doPrivileged(Native Method) ~[?:1.8.0_345]
	at javax.security.auth.Subject.doAs(Subject.java:422) [?:1.8.0_345]
	at org.apache.hadoop.security.UserGroupInformation.doAs(UserGroupInformation.java:1878) [hadoop-common-3.3.1.jar:?]
	at org.apache.hadoop.ipc.Server$Handler.run(Server.java:2966) [hadoop-common-3.3.1.jar:?]
2022-10-11 08:13:00,427 [Time-limited test] WARN  ozone.BasicOzoneFileSystem (BasicOzoneFileSystem.java:getFileStatus(765)) - GetFileStatus failed for path /gdir1/dir8
java.io.FileNotFoundException: gdir1/dir8: No such file or directory!
	at org.apache.hadoop.fs.ozone.BasicOzoneClientAdapterImpl.getFileStatus(BasicOzoneClientAdapterImpl.java:369)
	at org.apache.hadoop.fs.ozone.BasicOzoneFileSystem.getFileStatus(BasicOzoneFileSystem.java:757)
	at org.apache.hadoop.fs.ozone.TestOzoneFileSystem.checkPath(TestOzoneFileSystem.java:502)
	at org.apache.hadoop.fs.ozone.TestOzoneFileSystem.testRecursiveDelete(TestOzoneFileSystem.java:457)
	at sun.reflect.NativeMethodAccessorImpl.invoke0(Native Method)
	at sun.reflect.NativeMethodAccessorImpl.invoke(NativeMethodAccessorImpl.java:62)
	at sun.reflect.DelegatingMethodAccessorImpl.invoke(DelegatingMethodAccessorImpl.java:43)
	at java.lang.reflect.Method.invoke(Method.java:498)
	at org.junit.runners.model.FrameworkMethod$1.runReflectiveCall(FrameworkMethod.java:59)
	at org.junit.internal.runners.model.ReflectiveCallable.run(ReflectiveCallable.java:12)
	at org.junit.runners.model.FrameworkMethod.invokeExplosively(FrameworkMethod.java:56)
	at org.junit.internal.runners.statements.InvokeMethod.evaluate(InvokeMethod.java:17)
	at org.junit.internal.runners.statements.RunAfters.evaluate(RunAfters.java:27)
	at org.junit.internal.runners.statements.FailOnTimeout$CallableStatement.call(FailOnTimeout.java:288)
	at org.junit.internal.runners.statements.FailOnTimeout$CallableStatement.call(FailOnTimeout.java:282)
	at java.util.concurrent.FutureTask.run(FutureTask.java:266)
	at java.lang.Thread.run(Thread.java:750)
08:13:00.428 [IPC Server handler 14 on default port 39113] ERROR OMAudit - user=runner | ip=127.0.0.1 | op=GET_FILE_STATUS {volume=volume56107, bucket=bucket11984, key=gdir1/dir8/child, dataSize=0, replicationConfig=null} | ret=FAILURE
org.apache.hadoop.ozone.om.exceptions.OMException: Unable to get file status: volume: volume56107 bucket: bucket11984 key: gdir1/dir8/child
	at org.apache.hadoop.ozone.om.KeyManagerImpl.getOzoneFileStatusFSO(KeyManagerImpl.java:1336) ~[ozone-manager-1.3.0-SNAPSHOT.jar:?]
	at org.apache.hadoop.ozone.om.KeyManagerImpl.getFileStatus(KeyManagerImpl.java:1199) ~[ozone-manager-1.3.0-SNAPSHOT.jar:?]
	at org.apache.hadoop.ozone.om.OzoneManager.getFileStatus(OzoneManager.java:3570) ~[ozone-manager-1.3.0-SNAPSHOT.jar:?]
	at org.apache.hadoop.ozone.protocolPB.OzoneManagerRequestHandler.getOzoneFileStatus(OzoneManagerRequestHandler.java:907) ~[ozone-manager-1.3.0-SNAPSHOT.jar:?]
	at org.apache.hadoop.ozone.protocolPB.OzoneManagerRequestHandler.handleReadRequest(OzoneManagerRequestHandler.java:231) ~[ozone-manager-1.3.0-SNAPSHOT.jar:?]
	at org.apache.hadoop.ozone.protocolPB.OzoneManagerProtocolServerSideTranslatorPB.submitReadRequestToOM(OzoneManagerProtocolServerSideTranslatorPB.java:226) ~[ozone-manager-1.3.0-SNAPSHOT.jar:?]
	at org.apache.hadoop.ozone.protocolPB.OzoneManagerProtocolServerSideTranslatorPB.processRequest(OzoneManagerProtocolServerSideTranslatorPB.java:175) ~[ozone-manager-1.3.0-SNAPSHOT.jar:?]
	at org.apache.hadoop.hdds.server.OzoneProtocolMessageDispatcher.processRequest(OzoneProtocolMessageDispatcher.java:87) [hdds-server-framework-1.3.0-SNAPSHOT.jar:?]
	at org.apache.hadoop.ozone.protocolPB.OzoneManagerProtocolServerSideTranslatorPB.submitRequest(OzoneManagerProtocolServerSideTranslatorPB.java:147) [ozone-manager-1.3.0-SNAPSHOT.jar:?]
	at org.apache.hadoop.ozone.protocol.proto.OzoneManagerProtocolProtos$OzoneManagerService$2.callBlockingMethod(OzoneManagerProtocolProtos.java) [ozone-interface-client-1.3.0-SNAPSHOT.jar:?]
	at org.apache.hadoop.ipc.ProtobufRpcEngine$Server.processCall(ProtobufRpcEngine.java:466) [hadoop-common-3.3.1.jar:?]
	at org.apache.hadoop.ipc.ProtobufRpcEngine2$Server$ProtoBufRpcInvoker.call(ProtobufRpcEngine2.java:574) [hadoop-common-3.3.1.jar:?]
	at org.apache.hadoop.ipc.ProtobufRpcEngine2$Server$ProtoBufRpcInvoker.call(ProtobufRpcEngine2.java:552) [hadoop-common-3.3.1.jar:?]
	at org.apache.hadoop.ipc.RPC$Server.call(RPC.java:1093) [hadoop-common-3.3.1.jar:?]
	at org.apache.hadoop.ipc.Server$RpcCall.run(Server.java:1035) [hadoop-common-3.3.1.jar:?]
	at org.apache.hadoop.ipc.Server$RpcCall.run(Server.java:963) [hadoop-common-3.3.1.jar:?]
	at java.security.AccessController.doPrivileged(Native Method) ~[?:1.8.0_345]
	at javax.security.auth.Subject.doAs(Subject.java:422) [?:1.8.0_345]
	at org.apache.hadoop.security.UserGroupInformation.doAs(UserGroupInformation.java:1878) [hadoop-common-3.3.1.jar:?]
	at org.apache.hadoop.ipc.Server$Handler.run(Server.java:2966) [hadoop-common-3.3.1.jar:?]
2022-10-11 08:13:00,429 [Time-limited test] WARN  ozone.BasicOzoneFileSystem (BasicOzoneFileSystem.java:getFileStatus(765)) - GetFileStatus failed for path /gdir1/dir8/child
java.io.FileNotFoundException: gdir1/dir8/child: No such file or directory!
	at org.apache.hadoop.fs.ozone.BasicOzoneClientAdapterImpl.getFileStatus(BasicOzoneClientAdapterImpl.java:369)
	at org.apache.hadoop.fs.ozone.BasicOzoneFileSystem.getFileStatus(BasicOzoneFileSystem.java:757)
	at org.apache.hadoop.fs.ozone.TestOzoneFileSystem.checkPath(TestOzoneFileSystem.java:502)
	at org.apache.hadoop.fs.ozone.TestOzoneFileSystem.testRecursiveDelete(TestOzoneFileSystem.java:458)
	at sun.reflect.NativeMethodAccessorImpl.invoke0(Native Method)
	at sun.reflect.NativeMethodAccessorImpl.invoke(NativeMethodAccessorImpl.java:62)
	at sun.reflect.DelegatingMethodAccessorImpl.invoke(DelegatingMethodAccessorImpl.java:43)
	at java.lang.reflect.Method.invoke(Method.java:498)
	at org.junit.runners.model.FrameworkMethod$1.runReflectiveCall(FrameworkMethod.java:59)
	at org.junit.internal.runners.model.ReflectiveCallable.run(ReflectiveCallable.java:12)
	at org.junit.runners.model.FrameworkMethod.invokeExplosively(FrameworkMethod.java:56)
	at org.junit.internal.runners.statements.InvokeMethod.evaluate(InvokeMethod.java:17)
	at org.junit.internal.runners.statements.RunAfters.evaluate(RunAfters.java:27)
	at org.junit.internal.runners.statements.FailOnTimeout$CallableStatement.call(FailOnTimeout.java:288)
	at org.junit.internal.runners.statements.FailOnTimeout$CallableStatement.call(FailOnTimeout.java:282)
	at java.util.concurrent.FutureTask.run(FutureTask.java:266)
	at java.lang.Thread.run(Thread.java:750)
08:13:00.430 [IPC Server handler 15 on default port 39113] ERROR OMAudit - user=runner | ip=127.0.0.1 | op=GET_FILE_STATUS {volume=volume56107, bucket=bucket11984, key=gdir1/dir9, dataSize=0, replicationConfig=null} | ret=FAILURE
org.apache.hadoop.ozone.om.exceptions.OMException: Unable to get file status: volume: volume56107 bucket: bucket11984 key: gdir1/dir9
	at org.apache.hadoop.ozone.om.KeyManagerImpl.getOzoneFileStatusFSO(KeyManagerImpl.java:1336) ~[ozone-manager-1.3.0-SNAPSHOT.jar:?]
	at org.apache.hadoop.ozone.om.KeyManagerImpl.getFileStatus(KeyManagerImpl.java:1199) ~[ozone-manager-1.3.0-SNAPSHOT.jar:?]
	at org.apache.hadoop.ozone.om.OzoneManager.getFileStatus(OzoneManager.java:3570) ~[ozone-manager-1.3.0-SNAPSHOT.jar:?]
	at org.apache.hadoop.ozone.protocolPB.OzoneManagerRequestHandler.getOzoneFileStatus(OzoneManagerRequestHandler.java:907) ~[ozone-manager-1.3.0-SNAPSHOT.jar:?]
	at org.apache.hadoop.ozone.protocolPB.OzoneManagerRequestHandler.handleReadRequest(OzoneManagerRequestHandler.java:231) ~[ozone-manager-1.3.0-SNAPSHOT.jar:?]
	at org.apache.hadoop.ozone.protocolPB.OzoneManagerProtocolServerSideTranslatorPB.submitReadRequestToOM(OzoneManagerProtocolServerSideTranslatorPB.java:226) ~[ozone-manager-1.3.0-SNAPSHOT.jar:?]
	at org.apache.hadoop.ozone.protocolPB.OzoneManagerProtocolServerSideTranslatorPB.processRequest(OzoneManagerProtocolServerSideTranslatorPB.java:175) ~[ozone-manager-1.3.0-SNAPSHOT.jar:?]
	at org.apache.hadoop.hdds.server.OzoneProtocolMessageDispatcher.processRequest(OzoneProtocolMessageDispatcher.java:87) [hdds-server-framework-1.3.0-SNAPSHOT.jar:?]
	at org.apache.hadoop.ozone.protocolPB.OzoneManagerProtocolServerSideTranslatorPB.submitRequest(OzoneManagerProtocolServerSideTranslatorPB.java:147) [ozone-manager-1.3.0-SNAPSHOT.jar:?]
	at org.apache.hadoop.ozone.protocol.proto.OzoneManagerProtocolProtos$OzoneManagerService$2.callBlockingMethod(OzoneManagerProtocolProtos.java) [ozone-interface-client-1.3.0-SNAPSHOT.jar:?]
	at org.apache.hadoop.ipc.ProtobufRpcEngine$Server.processCall(ProtobufRpcEngine.java:466) [hadoop-common-3.3.1.jar:?]
	at org.apache.hadoop.ipc.ProtobufRpcEngine2$Server$ProtoBufRpcInvoker.call(ProtobufRpcEngine2.java:574) [hadoop-common-3.3.1.jar:?]
	at org.apache.hadoop.ipc.ProtobufRpcEngine2$Server$ProtoBufRpcInvoker.call(ProtobufRpcEngine2.java:552) [hadoop-common-3.3.1.jar:?]
	at org.apache.hadoop.ipc.RPC$Server.call(RPC.java:1093) [hadoop-common-3.3.1.jar:?]
	at org.apache.hadoop.ipc.Server$RpcCall.run(Server.java:1035) [hadoop-common-3.3.1.jar:?]
	at org.apache.hadoop.ipc.Server$RpcCall.run(Server.java:963) [hadoop-common-3.3.1.jar:?]
	at java.security.AccessController.doPrivileged(Native Method) ~[?:1.8.0_345]
	at javax.security.auth.Subject.doAs(Subject.java:422) [?:1.8.0_345]
	at org.apache.hadoop.security.UserGroupInformation.doAs(UserGroupInformation.java:1878) [hadoop-common-3.3.1.jar:?]
	at org.apache.hadoop.ipc.Server$Handler.run(Server.java:2966) [hadoop-common-3.3.1.jar:?]
2022-10-11 08:13:00,430 [Time-limited test] WARN  ozone.BasicOzoneFileSystem (BasicOzoneFileSystem.java:getFileStatus(765)) - GetFileStatus failed for path /gdir1/dir9
java.io.FileNotFoundException: gdir1/dir9: No such file or directory!
	at org.apache.hadoop.fs.ozone.BasicOzoneClientAdapterImpl.getFileStatus(BasicOzoneClientAdapterImpl.java:369)
	at org.apache.hadoop.fs.ozone.BasicOzoneFileSystem.getFileStatus(BasicOzoneFileSystem.java:757)
	at org.apache.hadoop.fs.ozone.TestOzoneFileSystem.checkPath(TestOzoneFileSystem.java:502)
	at org.apache.hadoop.fs.ozone.TestOzoneFileSystem.testRecursiveDelete(TestOzoneFileSystem.java:457)
	at sun.reflect.NativeMethodAccessorImpl.invoke0(Native Method)
	at sun.reflect.NativeMethodAccessorImpl.invoke(NativeMethodAccessorImpl.java:62)
	at sun.reflect.DelegatingMethodAccessorImpl.invoke(DelegatingMethodAccessorImpl.java:43)
	at java.lang.reflect.Method.invoke(Method.java:498)
	at org.junit.runners.model.FrameworkMethod$1.runReflectiveCall(FrameworkMethod.java:59)
	at org.junit.internal.runners.model.ReflectiveCallable.run(ReflectiveCallable.java:12)
	at org.junit.runners.model.FrameworkMethod.invokeExplosively(FrameworkMethod.java:56)
	at org.junit.internal.runners.statements.InvokeMethod.evaluate(InvokeMethod.java:17)
	at org.junit.internal.runners.statements.RunAfters.evaluate(RunAfters.java:27)
	at org.junit.internal.runners.statements.FailOnTimeout$CallableStatement.call(FailOnTimeout.java:288)
	at org.junit.internal.runners.statements.FailOnTimeout$CallableStatement.call(FailOnTimeout.java:282)
	at java.util.concurrent.FutureTask.run(FutureTask.java:266)
	at java.lang.Thread.run(Thread.java:750)
08:13:00.434 [IPC Server handler 10 on default port 39113] ERROR OMAudit - user=runner | ip=127.0.0.1 | op=GET_FILE_STATUS {volume=volume56107, bucket=bucket11984, key=gdir1/dir9/child, dataSize=0, replicationConfig=null} | ret=FAILURE
org.apache.hadoop.ozone.om.exceptions.OMException: Unable to get file status: volume: volume56107 bucket: bucket11984 key: gdir1/dir9/child
	at org.apache.hadoop.ozone.om.KeyManagerImpl.getOzoneFileStatusFSO(KeyManagerImpl.java:1336) ~[ozone-manager-1.3.0-SNAPSHOT.jar:?]
	at org.apache.hadoop.ozone.om.KeyManagerImpl.getFileStatus(KeyManagerImpl.java:1199) ~[ozone-manager-1.3.0-SNAPSHOT.jar:?]
	at org.apache.hadoop.ozone.om.OzoneManager.getFileStatus(OzoneManager.java:3570) ~[ozone-manager-1.3.0-SNAPSHOT.jar:?]
	at org.apache.hadoop.ozone.protocolPB.OzoneManagerRequestHandler.getOzoneFileStatus(OzoneManagerRequestHandler.java:907) ~[ozone-manager-1.3.0-SNAPSHOT.jar:?]
	at org.apache.hadoop.ozone.protocolPB.OzoneManagerRequestHandler.handleReadRequest(OzoneManagerRequestHandler.java:231) ~[ozone-manager-1.3.0-SNAPSHOT.jar:?]
	at org.apache.hadoop.ozone.protocolPB.OzoneManagerProtocolServerSideTranslatorPB.submitReadRequestToOM(OzoneManagerProtocolServerSideTranslatorPB.java:226) ~[ozone-manager-1.3.0-SNAPSHOT.jar:?]
	at org.apache.hadoop.ozone.protocolPB.OzoneManagerProtocolServerSideTranslatorPB.processRequest(OzoneManagerProtocolServerSideTranslatorPB.java:175) ~[ozone-manager-1.3.0-SNAPSHOT.jar:?]
	at org.apache.hadoop.hdds.server.OzoneProtocolMessageDispatcher.processRequest(OzoneProtocolMessageDispatcher.java:87) [hdds-server-framework-1.3.0-SNAPSHOT.jar:?]
	at org.apache.hadoop.ozone.protocolPB.OzoneManagerProtocolServerSideTranslatorPB.submitRequest(OzoneManagerProtocolServerSideTranslatorPB.java:147) [ozone-manager-1.3.0-SNAPSHOT.jar:?]
	at org.apache.hadoop.ozone.protocol.proto.OzoneManagerProtocolProtos$OzoneManagerService$2.callBlockingMethod(OzoneManagerProtocolProtos.java) [ozone-interface-client-1.3.0-SNAPSHOT.jar:?]
	at org.apache.hadoop.ipc.ProtobufRpcEngine$Server.processCall(ProtobufRpcEngine.java:466) [hadoop-common-3.3.1.jar:?]
	at org.apache.hadoop.ipc.ProtobufRpcEngine2$Server$ProtoBufRpcInvoker.call(ProtobufRpcEngine2.java:574) [hadoop-common-3.3.1.jar:?]
	at org.apache.hadoop.ipc.ProtobufRpcEngine2$Server$ProtoBufRpcInvoker.call(ProtobufRpcEngine2.java:552) [hadoop-common-3.3.1.jar:?]
	at org.apache.hadoop.ipc.RPC$Server.call(RPC.java:1093) [hadoop-common-3.3.1.jar:?]
	at org.apache.hadoop.ipc.Server$RpcCall.run(Server.java:1035) [hadoop-common-3.3.1.jar:?]
	at org.apache.hadoop.ipc.Server$RpcCall.run(Server.java:963) [hadoop-common-3.3.1.jar:?]
	at java.security.AccessController.doPrivileged(Native Method) ~[?:1.8.0_345]
	at javax.security.auth.Subject.doAs(Subject.java:422) [?:1.8.0_345]
	at org.apache.hadoop.security.UserGroupInformation.doAs(UserGroupInformation.java:1878) [hadoop-common-3.3.1.jar:?]
	at org.apache.hadoop.ipc.Server$Handler.run(Server.java:2966) [hadoop-common-3.3.1.jar:?]
2022-10-11 08:13:00,435 [Time-limited test] WARN  ozone.BasicOzoneFileSystem (BasicOzoneFileSystem.java:getFileStatus(765)) - GetFileStatus failed for path /gdir1/dir9/child
java.io.FileNotFoundException: gdir1/dir9/child: No such file or directory!
	at org.apache.hadoop.fs.ozone.BasicOzoneClientAdapterImpl.getFileStatus(BasicOzoneClientAdapterImpl.java:369)
	at org.apache.hadoop.fs.ozone.BasicOzoneFileSystem.getFileStatus(BasicOzoneFileSystem.java:757)
	at org.apache.hadoop.fs.ozone.TestOzoneFileSystem.checkPath(TestOzoneFileSystem.java:502)
	at org.apache.hadoop.fs.ozone.TestOzoneFileSystem.testRecursiveDelete(TestOzoneFileSystem.java:458)
	at sun.reflect.NativeMethodAccessorImpl.invoke0(Native Method)
	at sun.reflect.NativeMethodAccessorImpl.invoke(NativeMethodAccessorImpl.java:62)
	at sun.reflect.DelegatingMethodAccessorImpl.invoke(DelegatingMethodAccessorImpl.java:43)
	at java.lang.reflect.Method.invoke(Method.java:498)
	at org.junit.runners.model.FrameworkMethod$1.runReflectiveCall(FrameworkMethod.java:59)
	at org.junit.internal.runners.model.ReflectiveCallable.run(ReflectiveCallable.java:12)
	at org.junit.runners.model.FrameworkMethod.invokeExplosively(FrameworkMethod.java:56)
	at org.junit.internal.runners.statements.InvokeMethod.evaluate(InvokeMethod.java:17)
	at org.junit.internal.runners.statements.RunAfters.evaluate(RunAfters.java:27)
	at org.junit.internal.runners.statements.FailOnTimeout$CallableStatement.call(FailOnTimeout.java:288)
	at org.junit.internal.runners.statements.FailOnTimeout$CallableStatement.call(FailOnTimeout.java:282)
	at java.util.concurrent.FutureTask.run(FutureTask.java:266)
	at java.lang.Thread.run(Thread.java:750)
08:13:00.436 [IPC Server handler 16 on default port 39113] ERROR OMAudit - user=runner | ip=127.0.0.1 | op=GET_FILE_STATUS {volume=volume56107, bucket=bucket11984, key=gdir1/dir10, dataSize=0, replicationConfig=null} | ret=FAILURE
org.apache.hadoop.ozone.om.exceptions.OMException: Unable to get file status: volume: volume56107 bucket: bucket11984 key: gdir1/dir10
	at org.apache.hadoop.ozone.om.KeyManagerImpl.getOzoneFileStatusFSO(KeyManagerImpl.java:1336) ~[ozone-manager-1.3.0-SNAPSHOT.jar:?]
	at org.apache.hadoop.ozone.om.KeyManagerImpl.getFileStatus(KeyManagerImpl.java:1199) ~[ozone-manager-1.3.0-SNAPSHOT.jar:?]
	at org.apache.hadoop.ozone.om.OzoneManager.getFileStatus(OzoneManager.java:3570) ~[ozone-manager-1.3.0-SNAPSHOT.jar:?]
	at org.apache.hadoop.ozone.protocolPB.OzoneManagerRequestHandler.getOzoneFileStatus(OzoneManagerRequestHandler.java:907) ~[ozone-manager-1.3.0-SNAPSHOT.jar:?]
	at org.apache.hadoop.ozone.protocolPB.OzoneManagerRequestHandler.handleReadRequest(OzoneManagerRequestHandler.java:231) ~[ozone-manager-1.3.0-SNAPSHOT.jar:?]
	at org.apache.hadoop.ozone.protocolPB.OzoneManagerProtocolServerSideTranslatorPB.submitReadRequestToOM(OzoneManagerProtocolServerSideTranslatorPB.java:226) ~[ozone-manager-1.3.0-SNAPSHOT.jar:?]
	at org.apache.hadoop.ozone.protocolPB.OzoneManagerProtocolServerSideTranslatorPB.processRequest(OzoneManagerProtocolServerSideTranslatorPB.java:175) ~[ozone-manager-1.3.0-SNAPSHOT.jar:?]
	at org.apache.hadoop.hdds.server.OzoneProtocolMessageDispatcher.processRequest(OzoneProtocolMessageDispatcher.java:87) [hdds-server-framework-1.3.0-SNAPSHOT.jar:?]
	at org.apache.hadoop.ozone.protocolPB.OzoneManagerProtocolServerSideTranslatorPB.submitRequest(OzoneManagerProtocolServerSideTranslatorPB.java:147) [ozone-manager-1.3.0-SNAPSHOT.jar:?]
	at org.apache.hadoop.ozone.protocol.proto.OzoneManagerProtocolProtos$OzoneManagerService$2.callBlockingMethod(OzoneManagerProtocolProtos.java) [ozone-interface-client-1.3.0-SNAPSHOT.jar:?]
	at org.apache.hadoop.ipc.ProtobufRpcEngine$Server.processCall(ProtobufRpcEngine.java:466) [hadoop-common-3.3.1.jar:?]
	at org.apache.hadoop.ipc.ProtobufRpcEngine2$Server$ProtoBufRpcInvoker.call(ProtobufRpcEngine2.java:574) [hadoop-common-3.3.1.jar:?]
	at org.apache.hadoop.ipc.ProtobufRpcEngine2$Server$ProtoBufRpcInvoker.call(ProtobufRpcEngine2.java:552) [hadoop-common-3.3.1.jar:?]
	at org.apache.hadoop.ipc.RPC$Server.call(RPC.java:1093) [hadoop-common-3.3.1.jar:?]
	at org.apache.hadoop.ipc.Server$RpcCall.run(Server.java:1035) [hadoop-common-3.3.1.jar:?]
	at org.apache.hadoop.ipc.Server$RpcCall.run(Server.java:963) [hadoop-common-3.3.1.jar:?]
	at java.security.AccessController.doPrivileged(Native Method) ~[?:1.8.0_345]
	at javax.security.auth.Subject.doAs(Subject.java:422) [?:1.8.0_345]
	at org.apache.hadoop.security.UserGroupInformation.doAs(UserGroupInformation.java:1878) [hadoop-common-3.3.1.jar:?]
	at org.apache.hadoop.ipc.Server$Handler.run(Server.java:2966) [hadoop-common-3.3.1.jar:?]
2022-10-11 08:13:00,438 [Time-limited test] WARN  ozone.BasicOzoneFileSystem (BasicOzoneFileSystem.java:getFileStatus(765)) - GetFileStatus failed for path /gdir1/dir10
java.io.FileNotFoundException: gdir1/dir10: No such file or directory!
	at org.apache.hadoop.fs.ozone.BasicOzoneClientAdapterImpl.getFileStatus(BasicOzoneClientAdapterImpl.java:369)
	at org.apache.hadoop.fs.ozone.BasicOzoneFileSystem.getFileStatus(BasicOzoneFileSystem.java:757)
	at org.apache.hadoop.fs.ozone.TestOzoneFileSystem.checkPath(TestOzoneFileSystem.java:502)
	at org.apache.hadoop.fs.ozone.TestOzoneFileSystem.testRecursiveDelete(TestOzoneFileSystem.java:457)
	at sun.reflect.NativeMethodAccessorImpl.invoke0(Native Method)
	at sun.reflect.NativeMethodAccessorImpl.invoke(NativeMethodAccessorImpl.java:62)
	at sun.reflect.DelegatingMethodAccessorImpl.invoke(DelegatingMethodAccessorImpl.java:43)
	at java.lang.reflect.Method.invoke(Method.java:498)
	at org.junit.runners.model.FrameworkMethod$1.runReflectiveCall(FrameworkMethod.java:59)
	at org.junit.internal.runners.model.ReflectiveCallable.run(ReflectiveCallable.java:12)
	at org.junit.runners.model.FrameworkMethod.invokeExplosively(FrameworkMethod.java:56)
	at org.junit.internal.runners.statements.InvokeMethod.evaluate(InvokeMethod.java:17)
	at org.junit.internal.runners.statements.RunAfters.evaluate(RunAfters.java:27)
	at org.junit.internal.runners.statements.FailOnTimeout$CallableStatement.call(FailOnTimeout.java:288)
	at org.junit.internal.runners.statements.FailOnTimeout$CallableStatement.call(FailOnTimeout.java:282)
	at java.util.concurrent.FutureTask.run(FutureTask.java:266)
	at java.lang.Thread.run(Thread.java:750)
08:13:00.439 [IPC Server handler 8 on default port 39113] ERROR OMAudit - user=runner | ip=127.0.0.1 | op=GET_FILE_STATUS {volume=volume56107, bucket=bucket11984, key=gdir1/dir10/child, dataSize=0, replicationConfig=null} | ret=FAILURE
org.apache.hadoop.ozone.om.exceptions.OMException: Unable to get file status: volume: volume56107 bucket: bucket11984 key: gdir1/dir10/child
	at org.apache.hadoop.ozone.om.KeyManagerImpl.getOzoneFileStatusFSO(KeyManagerImpl.java:1336) ~[ozone-manager-1.3.0-SNAPSHOT.jar:?]
	at org.apache.hadoop.ozone.om.KeyManagerImpl.getFileStatus(KeyManagerImpl.java:1199) ~[ozone-manager-1.3.0-SNAPSHOT.jar:?]
	at org.apache.hadoop.ozone.om.OzoneManager.getFileStatus(OzoneManager.java:3570) ~[ozone-manager-1.3.0-SNAPSHOT.jar:?]
	at org.apache.hadoop.ozone.protocolPB.OzoneManagerRequestHandler.getOzoneFileStatus(OzoneManagerRequestHandler.java:907) ~[ozone-manager-1.3.0-SNAPSHOT.jar:?]
	at org.apache.hadoop.ozone.protocolPB.OzoneManagerRequestHandler.handleReadRequest(OzoneManagerRequestHandler.java:231) ~[ozone-manager-1.3.0-SNAPSHOT.jar:?]
	at org.apache.hadoop.ozone.protocolPB.OzoneManagerProtocolServerSideTranslatorPB.submitReadRequestToOM(OzoneManagerProtocolServerSideTranslatorPB.java:226) ~[ozone-manager-1.3.0-SNAPSHOT.jar:?]
	at org.apache.hadoop.ozone.protocolPB.OzoneManagerProtocolServerSideTranslatorPB.processRequest(OzoneManagerProtocolServerSideTranslatorPB.java:175) ~[ozone-manager-1.3.0-SNAPSHOT.jar:?]
	at org.apache.hadoop.hdds.server.OzoneProtocolMessageDispatcher.processRequest(OzoneProtocolMessageDispatcher.java:87) [hdds-server-framework-1.3.0-SNAPSHOT.jar:?]
	at org.apache.hadoop.ozone.protocolPB.OzoneManagerProtocolServerSideTranslatorPB.submitRequest(OzoneManagerProtocolServerSideTranslatorPB.java:147) [ozone-manager-1.3.0-SNAPSHOT.jar:?]
	at org.apache.hadoop.ozone.protocol.proto.OzoneManagerProtocolProtos$OzoneManagerService$2.callBlockingMethod(OzoneManagerProtocolProtos.java) [ozone-interface-client-1.3.0-SNAPSHOT.jar:?]
	at org.apache.hadoop.ipc.ProtobufRpcEngine$Server.processCall(ProtobufRpcEngine.java:466) [hadoop-common-3.3.1.jar:?]
	at org.apache.hadoop.ipc.ProtobufRpcEngine2$Server$ProtoBufRpcInvoker.call(ProtobufRpcEngine2.java:574) [hadoop-common-3.3.1.jar:?]
	at org.apache.hadoop.ipc.ProtobufRpcEngine2$Server$ProtoBufRpcInvoker.call(ProtobufRpcEngine2.java:552) [hadoop-common-3.3.1.jar:?]
	at org.apache.hadoop.ipc.RPC$Server.call(RPC.java:1093) [hadoop-common-3.3.1.jar:?]
	at org.apache.hadoop.ipc.Server$RpcCall.run(Server.java:1035) [hadoop-common-3.3.1.jar:?]
	at org.apache.hadoop.ipc.Server$RpcCall.run(Server.java:963) [hadoop-common-3.3.1.jar:?]
	at java.security.AccessController.doPrivileged(Native Method) ~[?:1.8.0_345]
	at javax.security.auth.Subject.doAs(Subject.java:422) [?:1.8.0_345]
	at org.apache.hadoop.security.UserGroupInformation.doAs(UserGroupInformation.java:1878) [hadoop-common-3.3.1.jar:?]
	at org.apache.hadoop.ipc.Server$Handler.run(Server.java:2966) [hadoop-common-3.3.1.jar:?]
2022-10-11 08:13:00,439 [Time-limited test] WARN  ozone.BasicOzoneFileSystem (BasicOzoneFileSystem.java:getFileStatus(765)) - GetFileStatus failed for path /gdir1/dir10/child
java.io.FileNotFoundException: gdir1/dir10/child: No such file or directory!
	at org.apache.hadoop.fs.ozone.BasicOzoneClientAdapterImpl.getFileStatus(BasicOzoneClientAdapterImpl.java:369)
	at org.apache.hadoop.fs.ozone.BasicOzoneFileSystem.getFileStatus(BasicOzoneFileSystem.java:757)
	at org.apache.hadoop.fs.ozone.TestOzoneFileSystem.checkPath(TestOzoneFileSystem.java:502)
	at org.apache.hadoop.fs.ozone.TestOzoneFileSystem.testRecursiveDelete(TestOzoneFileSystem.java:458)
	at sun.reflect.NativeMethodAccessorImpl.invoke0(Native Method)
	at sun.reflect.NativeMethodAccessorImpl.invoke(NativeMethodAccessorImpl.java:62)
	at sun.reflect.DelegatingMethodAccessorImpl.invoke(DelegatingMethodAccessorImpl.java:43)
	at java.lang.reflect.Method.invoke(Method.java:498)
	at org.junit.runners.model.FrameworkMethod$1.runReflectiveCall(FrameworkMethod.java:59)
	at org.junit.internal.runners.model.ReflectiveCallable.run(ReflectiveCallable.java:12)
	at org.junit.runners.model.FrameworkMethod.invokeExplosively(FrameworkMethod.java:56)
	at org.junit.internal.runners.statements.InvokeMethod.evaluate(InvokeMethod.java:17)
	at org.junit.internal.runners.statements.RunAfters.evaluate(RunAfters.java:27)
	at org.junit.internal.runners.statements.FailOnTimeout$CallableStatement.call(FailOnTimeout.java:288)
	at org.junit.internal.runners.statements.FailOnTimeout$CallableStatement.call(FailOnTimeout.java:282)
	at java.util.concurrent.FutureTask.run(FutureTask.java:266)
	at java.lang.Thread.run(Thread.java:750)
08:13:00.529 [IPC Server handler 8 on default port 39113] ERROR OMAudit - user=runner | ip=127.0.0.1 | op=GET_FILE_STATUS {volume=volume56107, bucket=bucket11984, key=level0, dataSize=0, replicationConfig=null} | ret=FAILURE
org.apache.hadoop.ozone.om.exceptions.OMException: Unable to get file status: volume: volume56107 bucket: bucket11984 key: level0
	at org.apache.hadoop.ozone.om.KeyManagerImpl.getOzoneFileStatusFSO(KeyManagerImpl.java:1336) ~[ozone-manager-1.3.0-SNAPSHOT.jar:?]
	at org.apache.hadoop.ozone.om.KeyManagerImpl.getFileStatus(KeyManagerImpl.java:1199) ~[ozone-manager-1.3.0-SNAPSHOT.jar:?]
	at org.apache.hadoop.ozone.om.OzoneManager.getFileStatus(OzoneManager.java:3570) ~[ozone-manager-1.3.0-SNAPSHOT.jar:?]
	at org.apache.hadoop.ozone.protocolPB.OzoneManagerRequestHandler.getOzoneFileStatus(OzoneManagerRequestHandler.java:907) ~[ozone-manager-1.3.0-SNAPSHOT.jar:?]
	at org.apache.hadoop.ozone.protocolPB.OzoneManagerRequestHandler.handleReadRequest(OzoneManagerRequestHandler.java:231) ~[ozone-manager-1.3.0-SNAPSHOT.jar:?]
	at org.apache.hadoop.ozone.protocolPB.OzoneManagerProtocolServerSideTranslatorPB.submitReadRequestToOM(OzoneManagerProtocolServerSideTranslatorPB.java:226) ~[ozone-manager-1.3.0-SNAPSHOT.jar:?]
	at org.apache.hadoop.ozone.protocolPB.OzoneManagerProtocolServerSideTranslatorPB.processRequest(OzoneManagerProtocolServerSideTranslatorPB.java:175) ~[ozone-manager-1.3.0-SNAPSHOT.jar:?]
	at org.apache.hadoop.hdds.server.OzoneProtocolMessageDispatcher.processRequest(OzoneProtocolMessageDispatcher.java:87) [hdds-server-framework-1.3.0-SNAPSHOT.jar:?]
	at org.apache.hadoop.ozone.protocolPB.OzoneManagerProtocolServerSideTranslatorPB.submitRequest(OzoneManagerProtocolServerSideTranslatorPB.java:147) [ozone-manager-1.3.0-SNAPSHOT.jar:?]
	at org.apache.hadoop.ozone.protocol.proto.OzoneManagerProtocolProtos$OzoneManagerService$2.callBlockingMethod(OzoneManagerProtocolProtos.java) [ozone-interface-client-1.3.0-SNAPSHOT.jar:?]
	at org.apache.hadoop.ipc.ProtobufRpcEngine$Server.processCall(ProtobufRpcEngine.java:466) [hadoop-common-3.3.1.jar:?]
	at org.apache.hadoop.ipc.ProtobufRpcEngine2$Server$ProtoBufRpcInvoker.call(ProtobufRpcEngine2.java:574) [hadoop-common-3.3.1.jar:?]
	at org.apache.hadoop.ipc.ProtobufRpcEngine2$Server$ProtoBufRpcInvoker.call(ProtobufRpcEngine2.java:552) [hadoop-common-3.3.1.jar:?]
	at org.apache.hadoop.ipc.RPC$Server.call(RPC.java:1093) [hadoop-common-3.3.1.jar:?]
	at org.apache.hadoop.ipc.Server$RpcCall.run(Server.java:1035) [hadoop-common-3.3.1.jar:?]
	at org.apache.hadoop.ipc.Server$RpcCall.run(Server.java:963) [hadoop-common-3.3.1.jar:?]
	at java.security.AccessController.doPrivileged(Native Method) ~[?:1.8.0_345]
	at javax.security.auth.Subject.doAs(Subject.java:422) [?:1.8.0_345]
	at org.apache.hadoop.security.UserGroupInformation.doAs(UserGroupInformation.java:1878) [hadoop-common-3.3.1.jar:?]
	at org.apache.hadoop.ipc.Server$Handler.run(Server.java:2966) [hadoop-common-3.3.1.jar:?]
2022-10-11 08:13:00,529 [Time-limited test] WARN  ozone.BasicOzoneFileSystem (BasicOzoneFileSystem.java:getFileStatus(765)) - GetFileStatus failed for path /level0
java.io.FileNotFoundException: level0: No such file or directory!
	at org.apache.hadoop.fs.ozone.BasicOzoneClientAdapterImpl.getFileStatus(BasicOzoneClientAdapterImpl.java:369)
	at org.apache.hadoop.fs.ozone.BasicOzoneFileSystem.getFileStatus(BasicOzoneFileSystem.java:757)
	at org.apache.hadoop.fs.ozone.TestOzoneFileSystem.checkPath(TestOzoneFileSystem.java:502)
	at org.apache.hadoop.fs.ozone.TestOzoneFileSystem.testRecursiveDelete(TestOzoneFileSystem.java:486)
	at sun.reflect.NativeMethodAccessorImpl.invoke0(Native Method)
	at sun.reflect.NativeMethodAccessorImpl.invoke(NativeMethodAccessorImpl.java:62)
	at sun.reflect.DelegatingMethodAccessorImpl.invoke(DelegatingMethodAccessorImpl.java:43)
	at java.lang.reflect.Method.invoke(Method.java:498)
	at org.junit.runners.model.FrameworkMethod$1.runReflectiveCall(FrameworkMethod.java:59)
	at org.junit.internal.runners.model.ReflectiveCallable.run(ReflectiveCallable.java:12)
	at org.junit.runners.model.FrameworkMethod.invokeExplosively(FrameworkMethod.java:56)
	at org.junit.internal.runners.statements.InvokeMethod.evaluate(InvokeMethod.java:17)
	at org.junit.internal.runners.statements.RunAfters.evaluate(RunAfters.java:27)
	at org.junit.internal.runners.statements.FailOnTimeout$CallableStatement.call(FailOnTimeout.java:288)
	at org.junit.internal.runners.statements.FailOnTimeout$CallableStatement.call(FailOnTimeout.java:282)
	at java.util.concurrent.FutureTask.run(FutureTask.java:266)
	at java.lang.Thread.run(Thread.java:750)
08:13:00.530 [IPC Server handler 18 on default port 39113] ERROR OMAudit - user=runner | ip=127.0.0.1 | op=GET_FILE_STATUS {volume=volume56107, bucket=bucket11984, key=level0/level1, dataSize=0, replicationConfig=null} | ret=FAILURE
org.apache.hadoop.ozone.om.exceptions.OMException: Unable to get file status: volume: volume56107 bucket: bucket11984 key: level0/level1
	at org.apache.hadoop.ozone.om.KeyManagerImpl.getOzoneFileStatusFSO(KeyManagerImpl.java:1336) ~[ozone-manager-1.3.0-SNAPSHOT.jar:?]
	at org.apache.hadoop.ozone.om.KeyManagerImpl.getFileStatus(KeyManagerImpl.java:1199) ~[ozone-manager-1.3.0-SNAPSHOT.jar:?]
	at org.apache.hadoop.ozone.om.OzoneManager.getFileStatus(OzoneManager.java:3570) ~[ozone-manager-1.3.0-SNAPSHOT.jar:?]
	at org.apache.hadoop.ozone.protocolPB.OzoneManagerRequestHandler.getOzoneFileStatus(OzoneManagerRequestHandler.java:907) ~[ozone-manager-1.3.0-SNAPSHOT.jar:?]
	at org.apache.hadoop.ozone.protocolPB.OzoneManagerRequestHandler.handleReadRequest(OzoneManagerRequestHandler.java:231) ~[ozone-manager-1.3.0-SNAPSHOT.jar:?]
	at org.apache.hadoop.ozone.protocolPB.OzoneManagerProtocolServerSideTranslatorPB.submitReadRequestToOM(OzoneManagerProtocolServerSideTranslatorPB.java:226) ~[ozone-manager-1.3.0-SNAPSHOT.jar:?]
	at org.apache.hadoop.ozone.protocolPB.OzoneManagerProtocolServerSideTranslatorPB.processRequest(OzoneManagerProtocolServerSideTranslatorPB.java:175) ~[ozone-manager-1.3.0-SNAPSHOT.jar:?]
	at org.apache.hadoop.hdds.server.OzoneProtocolMessageDispatcher.processRequest(OzoneProtocolMessageDispatcher.java:87) [hdds-server-framework-1.3.0-SNAPSHOT.jar:?]
	at org.apache.hadoop.ozone.protocolPB.OzoneManagerProtocolServerSideTranslatorPB.submitRequest(OzoneManagerProtocolServerSideTranslatorPB.java:147) [ozone-manager-1.3.0-SNAPSHOT.jar:?]
	at org.apache.hadoop.ozone.protocol.proto.OzoneManagerProtocolProtos$OzoneManagerService$2.callBlockingMethod(OzoneManagerProtocolProtos.java) [ozone-interface-client-1.3.0-SNAPSHOT.jar:?]
	at org.apache.hadoop.ipc.ProtobufRpcEngine$Server.processCall(ProtobufRpcEngine.java:466) [hadoop-common-3.3.1.jar:?]
	at org.apache.hadoop.ipc.ProtobufRpcEngine2$Server$ProtoBufRpcInvoker.call(ProtobufRpcEngine2.java:574) [hadoop-common-3.3.1.jar:?]
	at org.apache.hadoop.ipc.ProtobufRpcEngine2$Server$ProtoBufRpcInvoker.call(ProtobufRpcEngine2.java:552) [hadoop-common-3.3.1.jar:?]
	at org.apache.hadoop.ipc.RPC$Server.call(RPC.java:1093) [hadoop-common-3.3.1.jar:?]
	at org.apache.hadoop.ipc.Server$RpcCall.run(Server.java:1035) [hadoop-common-3.3.1.jar:?]
	at org.apache.hadoop.ipc.Server$RpcCall.run(Server.java:963) [hadoop-common-3.3.1.jar:?]
	at java.security.AccessController.doPrivileged(Native Method) ~[?:1.8.0_345]
	at javax.security.auth.Subject.doAs(Subject.java:422) [?:1.8.0_345]
	at org.apache.hadoop.security.UserGroupInformation.doAs(UserGroupInformation.java:1878) [hadoop-common-3.3.1.jar:?]
	at org.apache.hadoop.ipc.Server$Handler.run(Server.java:2966) [hadoop-common-3.3.1.jar:?]
2022-10-11 08:13:00,531 [Time-limited test] WARN  ozone.BasicOzoneFileSystem (BasicOzoneFileSystem.java:getFileStatus(765)) - GetFileStatus failed for path /level0/level1
java.io.FileNotFoundException: level0/level1: No such file or directory!
	at org.apache.hadoop.fs.ozone.BasicOzoneClientAdapterImpl.getFileStatus(BasicOzoneClientAdapterImpl.java:369)
	at org.apache.hadoop.fs.ozone.BasicOzoneFileSystem.getFileStatus(BasicOzoneFileSystem.java:757)
	at org.apache.hadoop.fs.ozone.TestOzoneFileSystem.checkPath(TestOzoneFileSystem.java:502)
	at org.apache.hadoop.fs.ozone.TestOzoneFileSystem.testRecursiveDelete(TestOzoneFileSystem.java:493)
	at sun.reflect.NativeMethodAccessorImpl.invoke0(Native Method)
	at sun.reflect.NativeMethodAccessorImpl.invoke(NativeMethodAccessorImpl.java:62)
	at sun.reflect.DelegatingMethodAccessorImpl.invoke(DelegatingMethodAccessorImpl.java:43)
	at java.lang.reflect.Method.invoke(Method.java:498)
	at org.junit.runners.model.FrameworkMethod$1.runReflectiveCall(FrameworkMethod.java:59)
	at org.junit.internal.runners.model.ReflectiveCallable.run(ReflectiveCallable.java:12)
	at org.junit.runners.model.FrameworkMethod.invokeExplosively(FrameworkMethod.java:56)
	at org.junit.internal.runners.statements.InvokeMethod.evaluate(InvokeMethod.java:17)
	at org.junit.internal.runners.statements.RunAfters.evaluate(RunAfters.java:27)
	at org.junit.internal.runners.statements.FailOnTimeout$CallableStatement.call(FailOnTimeout.java:288)
	at org.junit.internal.runners.statements.FailOnTimeout$CallableStatement.call(FailOnTimeout.java:282)
	at java.util.concurrent.FutureTask.run(FutureTask.java:266)
	at java.lang.Thread.run(Thread.java:750)
08:13:00.532 [IPC Server handler 17 on default port 39113] ERROR OMAudit - user=runner | ip=127.0.0.1 | op=GET_FILE_STATUS {volume=volume56107, bucket=bucket11984, key=level0/level1/level1, dataSize=0, replicationConfig=null} | ret=FAILURE
org.apache.hadoop.ozone.om.exceptions.OMException: Unable to get file status: volume: volume56107 bucket: bucket11984 key: level0/level1/level1
	at org.apache.hadoop.ozone.om.KeyManagerImpl.getOzoneFileStatusFSO(KeyManagerImpl.java:1336) ~[ozone-manager-1.3.0-SNAPSHOT.jar:?]
	at org.apache.hadoop.ozone.om.KeyManagerImpl.getFileStatus(KeyManagerImpl.java:1199) ~[ozone-manager-1.3.0-SNAPSHOT.jar:?]
	at org.apache.hadoop.ozone.om.OzoneManager.getFileStatus(OzoneManager.java:3570) ~[ozone-manager-1.3.0-SNAPSHOT.jar:?]
	at org.apache.hadoop.ozone.protocolPB.OzoneManagerRequestHandler.getOzoneFileStatus(OzoneManagerRequestHandler.java:907) ~[ozone-manager-1.3.0-SNAPSHOT.jar:?]
	at org.apache.hadoop.ozone.protocolPB.OzoneManagerRequestHandler.handleReadRequest(OzoneManagerRequestHandler.java:231) ~[ozone-manager-1.3.0-SNAPSHOT.jar:?]
	at org.apache.hadoop.ozone.protocolPB.OzoneManagerProtocolServerSideTranslatorPB.submitReadRequestToOM(OzoneManagerProtocolServerSideTranslatorPB.java:226) ~[ozone-manager-1.3.0-SNAPSHOT.jar:?]
	at org.apache.hadoop.ozone.protocolPB.OzoneManagerProtocolServerSideTranslatorPB.processRequest(OzoneManagerProtocolServerSideTranslatorPB.java:175) ~[ozone-manager-1.3.0-SNAPSHOT.jar:?]
	at org.apache.hadoop.hdds.server.OzoneProtocolMessageDispatcher.processRequest(OzoneProtocolMessageDispatcher.java:87) [hdds-server-framework-1.3.0-SNAPSHOT.jar:?]
	at org.apache.hadoop.ozone.protocolPB.OzoneManagerProtocolServerSideTranslatorPB.submitRequest(OzoneManagerProtocolServerSideTranslatorPB.java:147) [ozone-manager-1.3.0-SNAPSHOT.jar:?]
	at org.apache.hadoop.ozone.protocol.proto.OzoneManagerProtocolProtos$OzoneManagerService$2.callBlockingMethod(OzoneManagerProtocolProtos.java) [ozone-interface-client-1.3.0-SNAPSHOT.jar:?]
	at org.apache.hadoop.ipc.ProtobufRpcEngine$Server.processCall(ProtobufRpcEngine.java:466) [hadoop-common-3.3.1.jar:?]
	at org.apache.hadoop.ipc.ProtobufRpcEngine2$Server$ProtoBufRpcInvoker.call(ProtobufRpcEngine2.java:574) [hadoop-common-3.3.1.jar:?]
	at org.apache.hadoop.ipc.ProtobufRpcEngine2$Server$ProtoBufRpcInvoker.call(ProtobufRpcEngine2.java:552) [hadoop-common-3.3.1.jar:?]
	at org.apache.hadoop.ipc.RPC$Server.call(RPC.java:1093) [hadoop-common-3.3.1.jar:?]
	at org.apache.hadoop.ipc.Server$RpcCall.run(Server.java:1035) [hadoop-common-3.3.1.jar:?]
	at org.apache.hadoop.ipc.Server$RpcCall.run(Server.java:963) [hadoop-common-3.3.1.jar:?]
	at java.security.AccessController.doPrivileged(Native Method) ~[?:1.8.0_345]
	at javax.security.auth.Subject.doAs(Subject.java:422) [?:1.8.0_345]
	at org.apache.hadoop.security.UserGroupInformation.doAs(UserGroupInformation.java:1878) [hadoop-common-3.3.1.jar:?]
	at org.apache.hadoop.ipc.Server$Handler.run(Server.java:2966) [hadoop-common-3.3.1.jar:?]
2022-10-11 08:13:00,532 [Time-limited test] WARN  ozone.BasicOzoneFileSystem (BasicOzoneFileSystem.java:getFileStatus(765)) - GetFileStatus failed for path /level0/level1/level1
java.io.FileNotFoundException: level0/level1/level1: No such file or directory!
	at org.apache.hadoop.fs.ozone.BasicOzoneClientAdapterImpl.getFileStatus(BasicOzoneClientAdapterImpl.java:369)
	at org.apache.hadoop.fs.ozone.BasicOzoneFileSystem.getFileStatus(BasicOzoneFileSystem.java:757)
	at org.apache.hadoop.fs.ozone.TestOzoneFileSystem.checkPath(TestOzoneFileSystem.java:502)
	at org.apache.hadoop.fs.ozone.TestOzoneFileSystem.testRecursiveDelete(TestOzoneFileSystem.java:494)
	at sun.reflect.NativeMethodAccessorImpl.invoke0(Native Method)
	at sun.reflect.NativeMethodAccessorImpl.invoke(NativeMethodAccessorImpl.java:62)
	at sun.reflect.DelegatingMethodAccessorImpl.invoke(DelegatingMethodAccessorImpl.java:43)
	at java.lang.reflect.Method.invoke(Method.java:498)
	at org.junit.runners.model.FrameworkMethod$1.runReflectiveCall(FrameworkMethod.java:59)
	at org.junit.internal.runners.model.ReflectiveCallable.run(ReflectiveCallable.java:12)
	at org.junit.runners.model.FrameworkMethod.invokeExplosively(FrameworkMethod.java:56)
	at org.junit.internal.runners.statements.InvokeMethod.evaluate(InvokeMethod.java:17)
	at org.junit.internal.runners.statements.RunAfters.evaluate(RunAfters.java:27)
	at org.junit.internal.runners.statements.FailOnTimeout$CallableStatement.call(FailOnTimeout.java:288)
	at org.junit.internal.runners.statements.FailOnTimeout$CallableStatement.call(FailOnTimeout.java:282)
	at java.util.concurrent.FutureTask.run(FutureTask.java:266)
	at java.lang.Thread.run(Thread.java:750)
08:13:00.533 [IPC Server handler 11 on default port 39113] ERROR OMAudit - user=runner | ip=127.0.0.1 | op=GET_FILE_STATUS {volume=volume56107, bucket=bucket11984, key=level0/level1/file1, dataSize=0, replicationConfig=null} | ret=FAILURE
org.apache.hadoop.ozone.om.exceptions.OMException: Unable to get file status: volume: volume56107 bucket: bucket11984 key: level0/level1/file1
	at org.apache.hadoop.ozone.om.KeyManagerImpl.getOzoneFileStatusFSO(KeyManagerImpl.java:1336) ~[ozone-manager-1.3.0-SNAPSHOT.jar:?]
	at org.apache.hadoop.ozone.om.KeyManagerImpl.getFileStatus(KeyManagerImpl.java:1199) ~[ozone-manager-1.3.0-SNAPSHOT.jar:?]
	at org.apache.hadoop.ozone.om.OzoneManager.getFileStatus(OzoneManager.java:3570) ~[ozone-manager-1.3.0-SNAPSHOT.jar:?]
	at org.apache.hadoop.ozone.protocolPB.OzoneManagerRequestHandler.getOzoneFileStatus(OzoneManagerRequestHandler.java:907) ~[ozone-manager-1.3.0-SNAPSHOT.jar:?]
	at org.apache.hadoop.ozone.protocolPB.OzoneManagerRequestHandler.handleReadRequest(OzoneManagerRequestHandler.java:231) ~[ozone-manager-1.3.0-SNAPSHOT.jar:?]
	at org.apache.hadoop.ozone.protocolPB.OzoneManagerProtocolServerSideTranslatorPB.submitReadRequestToOM(OzoneManagerProtocolServerSideTranslatorPB.java:226) ~[ozone-manager-1.3.0-SNAPSHOT.jar:?]
	at org.apache.hadoop.ozone.protocolPB.OzoneManagerProtocolServerSideTranslatorPB.processRequest(OzoneManagerProtocolServerSideTranslatorPB.java:175) ~[ozone-manager-1.3.0-SNAPSHOT.jar:?]
	at org.apache.hadoop.hdds.server.OzoneProtocolMessageDispatcher.processRequest(OzoneProtocolMessageDispatcher.java:87) [hdds-server-framework-1.3.0-SNAPSHOT.jar:?]
	at org.apache.hadoop.ozone.protocolPB.OzoneManagerProtocolServerSideTranslatorPB.submitRequest(OzoneManagerProtocolServerSideTranslatorPB.java:147) [ozone-manager-1.3.0-SNAPSHOT.jar:?]
	at org.apache.hadoop.ozone.protocol.proto.OzoneManagerProtocolProtos$OzoneManagerService$2.callBlockingMethod(OzoneManagerProtocolProtos.java) [ozone-interface-client-1.3.0-SNAPSHOT.jar:?]
	at org.apache.hadoop.ipc.ProtobufRpcEngine$Server.processCall(ProtobufRpcEngine.java:466) [hadoop-common-3.3.1.jar:?]
	at org.apache.hadoop.ipc.ProtobufRpcEngine2$Server$ProtoBufRpcInvoker.call(ProtobufRpcEngine2.java:574) [hadoop-common-3.3.1.jar:?]
	at org.apache.hadoop.ipc.ProtobufRpcEngine2$Server$ProtoBufRpcInvoker.call(ProtobufRpcEngine2.java:552) [hadoop-common-3.3.1.jar:?]
	at org.apache.hadoop.ipc.RPC$Server.call(RPC.java:1093) [hadoop-common-3.3.1.jar:?]
	at org.apache.hadoop.ipc.Server$RpcCall.run(Server.java:1035) [hadoop-common-3.3.1.jar:?]
	at org.apache.hadoop.ipc.Server$RpcCall.run(Server.java:963) [hadoop-common-3.3.1.jar:?]
	at java.security.AccessController.doPrivileged(Native Method) ~[?:1.8.0_345]
	at javax.security.auth.Subject.doAs(Subject.java:422) [?:1.8.0_345]
	at org.apache.hadoop.security.UserGroupInformation.doAs(UserGroupInformation.java:1878) [hadoop-common-3.3.1.jar:?]
	at org.apache.hadoop.ipc.Server$Handler.run(Server.java:2966) [hadoop-common-3.3.1.jar:?]
2022-10-11 08:13:00,534 [Time-limited test] WARN  ozone.BasicOzoneFileSystem (BasicOzoneFileSystem.java:getFileStatus(765)) - GetFileStatus failed for path /level0/level1/file1
java.io.FileNotFoundException: level0/level1/file1: No such file or directory!
	at org.apache.hadoop.fs.ozone.BasicOzoneClientAdapterImpl.getFileStatus(BasicOzoneClientAdapterImpl.java:369)
	at org.apache.hadoop.fs.ozone.BasicOzoneFileSystem.getFileStatus(BasicOzoneFileSystem.java:757)
	at org.apache.hadoop.fs.ozone.TestOzoneFileSystem.checkPath(TestOzoneFileSystem.java:502)
	at org.apache.hadoop.fs.ozone.TestOzoneFileSystem.testRecursiveDelete(TestOzoneFileSystem.java:495)
	at sun.reflect.NativeMethodAccessorImpl.invoke0(Native Method)
	at sun.reflect.NativeMethodAccessorImpl.invoke(NativeMethodAccessorImpl.java:62)
	at sun.reflect.DelegatingMethodAccessorImpl.invoke(DelegatingMethodAccessorImpl.java:43)
	at java.lang.reflect.Method.invoke(Method.java:498)
	at org.junit.runners.model.FrameworkMethod$1.runReflectiveCall(FrameworkMethod.java:59)
	at org.junit.internal.runners.model.ReflectiveCallable.run(ReflectiveCallable.java:12)
	at org.junit.runners.model.FrameworkMethod.invokeExplosively(FrameworkMethod.java:56)
	at org.junit.internal.runners.statements.InvokeMethod.evaluate(InvokeMethod.java:17)
	at org.junit.internal.runners.statements.RunAfters.evaluate(RunAfters.java:27)
	at org.junit.internal.runners.statements.FailOnTimeout$CallableStatement.call(FailOnTimeout.java:288)
	at org.junit.internal.runners.statements.FailOnTimeout$CallableStatement.call(FailOnTimeout.java:282)
	at java.util.concurrent.FutureTask.run(FutureTask.java:266)
	at java.lang.Thread.run(Thread.java:750)
08:13:00.535 [IPC Server handler 12 on default port 39113] ERROR OMAudit - user=runner | ip=127.0.0.1 | op=GET_FILE_STATUS {volume=volume56107, bucket=bucket11984, key=level0/level1/level1/file1, dataSize=0, replicationConfig=null} | ret=FAILURE
org.apache.hadoop.ozone.om.exceptions.OMException: Unable to get file status: volume: volume56107 bucket: bucket11984 key: level0/level1/level1/file1
	at org.apache.hadoop.ozone.om.KeyManagerImpl.getOzoneFileStatusFSO(KeyManagerImpl.java:1336) ~[ozone-manager-1.3.0-SNAPSHOT.jar:?]
	at org.apache.hadoop.ozone.om.KeyManagerImpl.getFileStatus(KeyManagerImpl.java:1199) ~[ozone-manager-1.3.0-SNAPSHOT.jar:?]
	at org.apache.hadoop.ozone.om.OzoneManager.getFileStatus(OzoneManager.java:3570) ~[ozone-manager-1.3.0-SNAPSHOT.jar:?]
	at org.apache.hadoop.ozone.protocolPB.OzoneManagerRequestHandler.getOzoneFileStatus(OzoneManagerRequestHandler.java:907) ~[ozone-manager-1.3.0-SNAPSHOT.jar:?]
	at org.apache.hadoop.ozone.protocolPB.OzoneManagerRequestHandler.handleReadRequest(OzoneManagerRequestHandler.java:231) ~[ozone-manager-1.3.0-SNAPSHOT.jar:?]
	at org.apache.hadoop.ozone.protocolPB.OzoneManagerProtocolServerSideTranslatorPB.submitReadRequestToOM(OzoneManagerProtocolServerSideTranslatorPB.java:226) ~[ozone-manager-1.3.0-SNAPSHOT.jar:?]
	at org.apache.hadoop.ozone.protocolPB.OzoneManagerProtocolServerSideTranslatorPB.processRequest(OzoneManagerProtocolServerSideTranslatorPB.java:175) ~[ozone-manager-1.3.0-SNAPSHOT.jar:?]
	at org.apache.hadoop.hdds.server.OzoneProtocolMessageDispatcher.processRequest(OzoneProtocolMessageDispatcher.java:87) [hdds-server-framework-1.3.0-SNAPSHOT.jar:?]
	at org.apache.hadoop.ozone.protocolPB.OzoneManagerProtocolServerSideTranslatorPB.submitRequest(OzoneManagerProtocolServerSideTranslatorPB.java:147) [ozone-manager-1.3.0-SNAPSHOT.jar:?]
	at org.apache.hadoop.ozone.protocol.proto.OzoneManagerProtocolProtos$OzoneManagerService$2.callBlockingMethod(OzoneManagerProtocolProtos.java) [ozone-interface-client-1.3.0-SNAPSHOT.jar:?]
	at org.apache.hadoop.ipc.ProtobufRpcEngine$Server.processCall(ProtobufRpcEngine.java:466) [hadoop-common-3.3.1.jar:?]
	at org.apache.hadoop.ipc.ProtobufRpcEngine2$Server$ProtoBufRpcInvoker.call(ProtobufRpcEngine2.java:574) [hadoop-common-3.3.1.jar:?]
	at org.apache.hadoop.ipc.ProtobufRpcEngine2$Server$ProtoBufRpcInvoker.call(ProtobufRpcEngine2.java:552) [hadoop-common-3.3.1.jar:?]
	at org.apache.hadoop.ipc.RPC$Server.call(RPC.java:1093) [hadoop-common-3.3.1.jar:?]
	at org.apache.hadoop.ipc.Server$RpcCall.run(Server.java:1035) [hadoop-common-3.3.1.jar:?]
	at org.apache.hadoop.ipc.Server$RpcCall.run(Server.java:963) [hadoop-common-3.3.1.jar:?]
	at java.security.AccessController.doPrivileged(Native Method) ~[?:1.8.0_345]
	at javax.security.auth.Subject.doAs(Subject.java:422) [?:1.8.0_345]
	at org.apache.hadoop.security.UserGroupInformation.doAs(UserGroupInformation.java:1878) [hadoop-common-3.3.1.jar:?]
	at org.apache.hadoop.ipc.Server$Handler.run(Server.java:2966) [hadoop-common-3.3.1.jar:?]
2022-10-11 08:13:00,535 [Time-limited test] WARN  ozone.BasicOzoneFileSystem (BasicOzoneFileSystem.java:getFileStatus(765)) - GetFileStatus failed for path /level0/level1/level1/file1
java.io.FileNotFoundException: level0/level1/level1/file1: No such file or directory!
	at org.apache.hadoop.fs.ozone.BasicOzoneClientAdapterImpl.getFileStatus(BasicOzoneClientAdapterImpl.java:369)
	at org.apache.hadoop.fs.ozone.BasicOzoneFileSystem.getFileStatus(BasicOzoneFileSystem.java:757)
	at org.apache.hadoop.fs.ozone.TestOzoneFileSystem.checkPath(TestOzoneFileSystem.java:502)
	at org.apache.hadoop.fs.ozone.TestOzoneFileSystem.testRecursiveDelete(TestOzoneFileSystem.java:496)
	at sun.reflect.NativeMethodAccessorImpl.invoke0(Native Method)
	at sun.reflect.NativeMethodAccessorImpl.invoke(NativeMethodAccessorImpl.java:62)
	at sun.reflect.DelegatingMethodAccessorImpl.invoke(DelegatingMethodAccessorImpl.java:43)
	at java.lang.reflect.Method.invoke(Method.java:498)
	at org.junit.runners.model.FrameworkMethod$1.runReflectiveCall(FrameworkMethod.java:59)
	at org.junit.internal.runners.model.ReflectiveCallable.run(ReflectiveCallable.java:12)
	at org.junit.runners.model.FrameworkMethod.invokeExplosively(FrameworkMethod.java:56)
	at org.junit.internal.runners.statements.InvokeMethod.evaluate(InvokeMethod.java:17)
	at org.junit.internal.runners.statements.RunAfters.evaluate(RunAfters.java:27)
	at org.junit.internal.runners.statements.FailOnTimeout$CallableStatement.call(FailOnTimeout.java:288)
	at org.junit.internal.runners.statements.FailOnTimeout$CallableStatement.call(FailOnTimeout.java:282)
	at java.util.concurrent.FutureTask.run(FutureTask.java:266)
	at java.lang.Thread.run(Thread.java:750)
08:13:00.536 [IPC Server handler 9 on default port 39113] ERROR OMAudit - user=runner | ip=127.0.0.1 | op=GET_FILE_STATUS {volume=volume56107, bucket=bucket11984, key=level0/level2, dataSize=0, replicationConfig=null} | ret=FAILURE
org.apache.hadoop.ozone.om.exceptions.OMException: Unable to get file status: volume: volume56107 bucket: bucket11984 key: level0/level2
	at org.apache.hadoop.ozone.om.KeyManagerImpl.getOzoneFileStatusFSO(KeyManagerImpl.java:1336) ~[ozone-manager-1.3.0-SNAPSHOT.jar:?]
	at org.apache.hadoop.ozone.om.KeyManagerImpl.getFileStatus(KeyManagerImpl.java:1199) ~[ozone-manager-1.3.0-SNAPSHOT.jar:?]
	at org.apache.hadoop.ozone.om.OzoneManager.getFileStatus(OzoneManager.java:3570) ~[ozone-manager-1.3.0-SNAPSHOT.jar:?]
	at org.apache.hadoop.ozone.protocolPB.OzoneManagerRequestHandler.getOzoneFileStatus(OzoneManagerRequestHandler.java:907) ~[ozone-manager-1.3.0-SNAPSHOT.jar:?]
	at org.apache.hadoop.ozone.protocolPB.OzoneManagerRequestHandler.handleReadRequest(OzoneManagerRequestHandler.java:231) ~[ozone-manager-1.3.0-SNAPSHOT.jar:?]
	at org.apache.hadoop.ozone.protocolPB.OzoneManagerProtocolServerSideTranslatorPB.submitReadRequestToOM(OzoneManagerProtocolServerSideTranslatorPB.java:226) ~[ozone-manager-1.3.0-SNAPSHOT.jar:?]
	at org.apache.hadoop.ozone.protocolPB.OzoneManagerProtocolServerSideTranslatorPB.processRequest(OzoneManagerProtocolServerSideTranslatorPB.java:175) ~[ozone-manager-1.3.0-SNAPSHOT.jar:?]
	at org.apache.hadoop.hdds.server.OzoneProtocolMessageDispatcher.processRequest(OzoneProtocolMessageDispatcher.java:87) [hdds-server-framework-1.3.0-SNAPSHOT.jar:?]
	at org.apache.hadoop.ozone.protocolPB.OzoneManagerProtocolServerSideTranslatorPB.submitRequest(OzoneManagerProtocolServerSideTranslatorPB.java:147) [ozone-manager-1.3.0-SNAPSHOT.jar:?]
	at org.apache.hadoop.ozone.protocol.proto.OzoneManagerProtocolProtos$OzoneManagerService$2.callBlockingMethod(OzoneManagerProtocolProtos.java) [ozone-interface-client-1.3.0-SNAPSHOT.jar:?]
	at org.apache.hadoop.ipc.ProtobufRpcEngine$Server.processCall(ProtobufRpcEngine.java:466) [hadoop-common-3.3.1.jar:?]
	at org.apache.hadoop.ipc.ProtobufRpcEngine2$Server$ProtoBufRpcInvoker.call(ProtobufRpcEngine2.java:574) [hadoop-common-3.3.1.jar:?]
	at org.apache.hadoop.ipc.ProtobufRpcEngine2$Server$ProtoBufRpcInvoker.call(ProtobufRpcEngine2.java:552) [hadoop-common-3.3.1.jar:?]
	at org.apache.hadoop.ipc.RPC$Server.call(RPC.java:1093) [hadoop-common-3.3.1.jar:?]
	at org.apache.hadoop.ipc.Server$RpcCall.run(Server.java:1035) [hadoop-common-3.3.1.jar:?]
	at org.apache.hadoop.ipc.Server$RpcCall.run(Server.java:963) [hadoop-common-3.3.1.jar:?]
	at java.security.AccessController.doPrivileged(Native Method) ~[?:1.8.0_345]
	at javax.security.auth.Subject.doAs(Subject.java:422) [?:1.8.0_345]
	at org.apache.hadoop.security.UserGroupInformation.doAs(UserGroupInformation.java:1878) [hadoop-common-3.3.1.jar:?]
	at org.apache.hadoop.ipc.Server$Handler.run(Server.java:2966) [hadoop-common-3.3.1.jar:?]
2022-10-11 08:13:00,537 [Time-limited test] WARN  ozone.BasicOzoneFileSystem (BasicOzoneFileSystem.java:getFileStatus(765)) - GetFileStatus failed for path /level0/level2
java.io.FileNotFoundException: level0/level2: No such file or directory!
	at org.apache.hadoop.fs.ozone.BasicOzoneClientAdapterImpl.getFileStatus(BasicOzoneClientAdapterImpl.java:369)
	at org.apache.hadoop.fs.ozone.BasicOzoneFileSystem.getFileStatus(BasicOzoneFileSystem.java:757)
	at org.apache.hadoop.fs.ozone.TestOzoneFileSystem.checkPath(TestOzoneFileSystem.java:502)
	at org.apache.hadoop.fs.ozone.TestOzoneFileSystem.testRecursiveDelete(TestOzoneFileSystem.java:493)
	at sun.reflect.NativeMethodAccessorImpl.invoke0(Native Method)
	at sun.reflect.NativeMethodAccessorImpl.invoke(NativeMethodAccessorImpl.java:62)
	at sun.reflect.DelegatingMethodAccessorImpl.invoke(DelegatingMethodAccessorImpl.java:43)
	at java.lang.reflect.Method.invoke(Method.java:498)
	at org.junit.runners.model.FrameworkMethod$1.runReflectiveCall(FrameworkMethod.java:59)
	at org.junit.internal.runners.model.ReflectiveCallable.run(ReflectiveCallable.java:12)
	at org.junit.runners.model.FrameworkMethod.invokeExplosively(FrameworkMethod.java:56)
	at org.junit.internal.runners.statements.InvokeMethod.evaluate(InvokeMethod.java:17)
	at org.junit.internal.runners.statements.RunAfters.evaluate(RunAfters.java:27)
	at org.junit.internal.runners.statements.FailOnTimeout$CallableStatement.call(FailOnTimeout.java:288)
	at org.junit.internal.runners.statements.FailOnTimeout$CallableStatement.call(FailOnTimeout.java:282)
	at java.util.concurrent.FutureTask.run(FutureTask.java:266)
	at java.lang.Thread.run(Thread.java:750)
08:13:00.538 [IPC Server handler 19 on default port 39113] ERROR OMAudit - user=runner | ip=127.0.0.1 | op=GET_FILE_STATUS {volume=volume56107, bucket=bucket11984, key=level0/level2/level2, dataSize=0, replicationConfig=null} | ret=FAILURE
org.apache.hadoop.ozone.om.exceptions.OMException: Unable to get file status: volume: volume56107 bucket: bucket11984 key: level0/level2/level2
	at org.apache.hadoop.ozone.om.KeyManagerImpl.getOzoneFileStatusFSO(KeyManagerImpl.java:1336) ~[ozone-manager-1.3.0-SNAPSHOT.jar:?]
	at org.apache.hadoop.ozone.om.KeyManagerImpl.getFileStatus(KeyManagerImpl.java:1199) ~[ozone-manager-1.3.0-SNAPSHOT.jar:?]
	at org.apache.hadoop.ozone.om.OzoneManager.getFileStatus(OzoneManager.java:3570) ~[ozone-manager-1.3.0-SNAPSHOT.jar:?]
	at org.apache.hadoop.ozone.protocolPB.OzoneManagerRequestHandler.getOzoneFileStatus(OzoneManagerRequestHandler.java:907) ~[ozone-manager-1.3.0-SNAPSHOT.jar:?]
	at org.apache.hadoop.ozone.protocolPB.OzoneManagerRequestHandler.handleReadRequest(OzoneManagerRequestHandler.java:231) ~[ozone-manager-1.3.0-SNAPSHOT.jar:?]
	at org.apache.hadoop.ozone.protocolPB.OzoneManagerProtocolServerSideTranslatorPB.submitReadRequestToOM(OzoneManagerProtocolServerSideTranslatorPB.java:226) ~[ozone-manager-1.3.0-SNAPSHOT.jar:?]
	at org.apache.hadoop.ozone.protocolPB.OzoneManagerProtocolServerSideTranslatorPB.processRequest(OzoneManagerProtocolServerSideTranslatorPB.java:175) ~[ozone-manager-1.3.0-SNAPSHOT.jar:?]
	at org.apache.hadoop.hdds.server.OzoneProtocolMessageDispatcher.processRequest(OzoneProtocolMessageDispatcher.java:87) [hdds-server-framework-1.3.0-SNAPSHOT.jar:?]
	at org.apache.hadoop.ozone.protocolPB.OzoneManagerProtocolServerSideTranslatorPB.submitRequest(OzoneManagerProtocolServerSideTranslatorPB.java:147) [ozone-manager-1.3.0-SNAPSHOT.jar:?]
	at org.apache.hadoop.ozone.protocol.proto.OzoneManagerProtocolProtos$OzoneManagerService$2.callBlockingMethod(OzoneManagerProtocolProtos.java) [ozone-interface-client-1.3.0-SNAPSHOT.jar:?]
	at org.apache.hadoop.ipc.ProtobufRpcEngine$Server.processCall(ProtobufRpcEngine.java:466) [hadoop-common-3.3.1.jar:?]
	at org.apache.hadoop.ipc.ProtobufRpcEngine2$Server$ProtoBufRpcInvoker.call(ProtobufRpcEngine2.java:574) [hadoop-common-3.3.1.jar:?]
	at org.apache.hadoop.ipc.ProtobufRpcEngine2$Server$ProtoBufRpcInvoker.call(ProtobufRpcEngine2.java:552) [hadoop-common-3.3.1.jar:?]
	at org.apache.hadoop.ipc.RPC$Server.call(RPC.java:1093) [hadoop-common-3.3.1.jar:?]
	at org.apache.hadoop.ipc.Server$RpcCall.run(Server.java:1035) [hadoop-common-3.3.1.jar:?]
	at org.apache.hadoop.ipc.Server$RpcCall.run(Server.java:963) [hadoop-common-3.3.1.jar:?]
	at java.security.AccessController.doPrivileged(Native Method) ~[?:1.8.0_345]
	at javax.security.auth.Subject.doAs(Subject.java:422) [?:1.8.0_345]
	at org.apache.hadoop.security.UserGroupInformation.doAs(UserGroupInformation.java:1878) [hadoop-common-3.3.1.jar:?]
	at org.apache.hadoop.ipc.Server$Handler.run(Server.java:2966) [hadoop-common-3.3.1.jar:?]
2022-10-11 08:13:00,538 [Time-limited test] WARN  ozone.BasicOzoneFileSystem (BasicOzoneFileSystem.java:getFileStatus(765)) - GetFileStatus failed for path /level0/level2/level2
java.io.FileNotFoundException: level0/level2/level2: No such file or directory!
	at org.apache.hadoop.fs.ozone.BasicOzoneClientAdapterImpl.getFileStatus(BasicOzoneClientAdapterImpl.java:369)
	at org.apache.hadoop.fs.ozone.BasicOzoneFileSystem.getFileStatus(BasicOzoneFileSystem.java:757)
	at org.apache.hadoop.fs.ozone.TestOzoneFileSystem.checkPath(TestOzoneFileSystem.java:502)
	at org.apache.hadoop.fs.ozone.TestOzoneFileSystem.testRecursiveDelete(TestOzoneFileSystem.java:494)
	at sun.reflect.NativeMethodAccessorImpl.invoke0(Native Method)
	at sun.reflect.NativeMethodAccessorImpl.invoke(NativeMethodAccessorImpl.java:62)
	at sun.reflect.DelegatingMethodAccessorImpl.invoke(DelegatingMethodAccessorImpl.java:43)
	at java.lang.reflect.Method.invoke(Method.java:498)
	at org.junit.runners.model.FrameworkMethod$1.runReflectiveCall(FrameworkMethod.java:59)
	at org.junit.internal.runners.model.ReflectiveCallable.run(ReflectiveCallable.java:12)
	at org.junit.runners.model.FrameworkMethod.invokeExplosively(FrameworkMethod.java:56)
	at org.junit.internal.runners.statements.InvokeMethod.evaluate(InvokeMethod.java:17)
	at org.junit.internal.runners.statements.RunAfters.evaluate(RunAfters.java:27)
	at org.junit.internal.runners.statements.FailOnTimeout$CallableStatement.call(FailOnTimeout.java:288)
	at org.junit.internal.runners.statements.FailOnTimeout$CallableStatement.call(FailOnTimeout.java:282)
	at java.util.concurrent.FutureTask.run(FutureTask.java:266)
	at java.lang.Thread.run(Thread.java:750)
08:13:00.539 [IPC Server handler 0 on default port 39113] ERROR OMAudit - user=runner | ip=127.0.0.1 | op=GET_FILE_STATUS {volume=volume56107, bucket=bucket11984, key=level0/level2/file1, dataSize=0, replicationConfig=null} | ret=FAILURE
org.apache.hadoop.ozone.om.exceptions.OMException: Unable to get file status: volume: volume56107 bucket: bucket11984 key: level0/level2/file1
	at org.apache.hadoop.ozone.om.KeyManagerImpl.getOzoneFileStatusFSO(KeyManagerImpl.java:1336) ~[ozone-manager-1.3.0-SNAPSHOT.jar:?]
	at org.apache.hadoop.ozone.om.KeyManagerImpl.getFileStatus(KeyManagerImpl.java:1199) ~[ozone-manager-1.3.0-SNAPSHOT.jar:?]
	at org.apache.hadoop.ozone.om.OzoneManager.getFileStatus(OzoneManager.java:3570) ~[ozone-manager-1.3.0-SNAPSHOT.jar:?]
	at org.apache.hadoop.ozone.protocolPB.OzoneManagerRequestHandler.getOzoneFileStatus(OzoneManagerRequestHandler.java:907) ~[ozone-manager-1.3.0-SNAPSHOT.jar:?]
	at org.apache.hadoop.ozone.protocolPB.OzoneManagerRequestHandler.handleReadRequest(OzoneManagerRequestHandler.java:231) ~[ozone-manager-1.3.0-SNAPSHOT.jar:?]
	at org.apache.hadoop.ozone.protocolPB.OzoneManagerProtocolServerSideTranslatorPB.submitReadRequestToOM(OzoneManagerProtocolServerSideTranslatorPB.java:226) ~[ozone-manager-1.3.0-SNAPSHOT.jar:?]
	at org.apache.hadoop.ozone.protocolPB.OzoneManagerProtocolServerSideTranslatorPB.processRequest(OzoneManagerProtocolServerSideTranslatorPB.java:175) ~[ozone-manager-1.3.0-SNAPSHOT.jar:?]
	at org.apache.hadoop.hdds.server.OzoneProtocolMessageDispatcher.processRequest(OzoneProtocolMessageDispatcher.java:87) [hdds-server-framework-1.3.0-SNAPSHOT.jar:?]
	at org.apache.hadoop.ozone.protocolPB.OzoneManagerProtocolServerSideTranslatorPB.submitRequest(OzoneManagerProtocolServerSideTranslatorPB.java:147) [ozone-manager-1.3.0-SNAPSHOT.jar:?]
	at org.apache.hadoop.ozone.protocol.proto.OzoneManagerProtocolProtos$OzoneManagerService$2.callBlockingMethod(OzoneManagerProtocolProtos.java) [ozone-interface-client-1.3.0-SNAPSHOT.jar:?]
	at org.apache.hadoop.ipc.ProtobufRpcEngine$Server.processCall(ProtobufRpcEngine.java:466) [hadoop-common-3.3.1.jar:?]
	at org.apache.hadoop.ipc.ProtobufRpcEngine2$Server$ProtoBufRpcInvoker.call(ProtobufRpcEngine2.java:574) [hadoop-common-3.3.1.jar:?]
	at org.apache.hadoop.ipc.ProtobufRpcEngine2$Server$ProtoBufRpcInvoker.call(ProtobufRpcEngine2.java:552) [hadoop-common-3.3.1.jar:?]
	at org.apache.hadoop.ipc.RPC$Server.call(RPC.java:1093) [hadoop-common-3.3.1.jar:?]
	at org.apache.hadoop.ipc.Server$RpcCall.run(Server.java:1035) [hadoop-common-3.3.1.jar:?]
	at org.apache.hadoop.ipc.Server$RpcCall.run(Server.java:963) [hadoop-common-3.3.1.jar:?]
	at java.security.AccessController.doPrivileged(Native Method) ~[?:1.8.0_345]
	at javax.security.auth.Subject.doAs(Subject.java:422) [?:1.8.0_345]
	at org.apache.hadoop.security.UserGroupInformation.doAs(UserGroupInformation.java:1878) [hadoop-common-3.3.1.jar:?]
	at org.apache.hadoop.ipc.Server$Handler.run(Server.java:2966) [hadoop-common-3.3.1.jar:?]
2022-10-11 08:13:00,540 [Time-limited test] WARN  ozone.BasicOzoneFileSystem (BasicOzoneFileSystem.java:getFileStatus(765)) - GetFileStatus failed for path /level0/level2/file1
java.io.FileNotFoundException: level0/level2/file1: No such file or directory!
	at org.apache.hadoop.fs.ozone.BasicOzoneClientAdapterImpl.getFileStatus(BasicOzoneClientAdapterImpl.java:369)
	at org.apache.hadoop.fs.ozone.BasicOzoneFileSystem.getFileStatus(BasicOzoneFileSystem.java:757)
	at org.apache.hadoop.fs.ozone.TestOzoneFileSystem.checkPath(TestOzoneFileSystem.java:502)
	at org.apache.hadoop.fs.ozone.TestOzoneFileSystem.testRecursiveDelete(TestOzoneFileSystem.java:495)
	at sun.reflect.NativeMethodAccessorImpl.invoke0(Native Method)
	at sun.reflect.NativeMethodAccessorImpl.invoke(NativeMethodAccessorImpl.java:62)
	at sun.reflect.DelegatingMethodAccessorImpl.invoke(DelegatingMethodAccessorImpl.java:43)
	at java.lang.reflect.Method.invoke(Method.java:498)
	at org.junit.runners.model.FrameworkMethod$1.runReflectiveCall(FrameworkMethod.java:59)
	at org.junit.internal.runners.model.ReflectiveCallable.run(ReflectiveCallable.java:12)
	at org.junit.runners.model.FrameworkMethod.invokeExplosively(FrameworkMethod.java:56)
	at org.junit.internal.runners.statements.InvokeMethod.evaluate(InvokeMethod.java:17)
	at org.junit.internal.runners.statements.RunAfters.evaluate(RunAfters.java:27)
	at org.junit.internal.runners.statements.FailOnTimeout$CallableStatement.call(FailOnTimeout.java:288)
	at org.junit.internal.runners.statements.FailOnTimeout$CallableStatement.call(FailOnTimeout.java:282)
	at java.util.concurrent.FutureTask.run(FutureTask.java:266)
	at java.lang.Thread.run(Thread.java:750)
08:13:00.541 [IPC Server handler 1 on default port 39113] ERROR OMAudit - user=runner | ip=127.0.0.1 | op=GET_FILE_STATUS {volume=volume56107, bucket=bucket11984, key=level0/level2/level2/file1, dataSize=0, replicationConfig=null} | ret=FAILURE
org.apache.hadoop.ozone.om.exceptions.OMException: Unable to get file status: volume: volume56107 bucket: bucket11984 key: level0/level2/level2/file1
	at org.apache.hadoop.ozone.om.KeyManagerImpl.getOzoneFileStatusFSO(KeyManagerImpl.java:1336) ~[ozone-manager-1.3.0-SNAPSHOT.jar:?]
	at org.apache.hadoop.ozone.om.KeyManagerImpl.getFileStatus(KeyManagerImpl.java:1199) ~[ozone-manager-1.3.0-SNAPSHOT.jar:?]
	at org.apache.hadoop.ozone.om.OzoneManager.getFileStatus(OzoneManager.java:3570) ~[ozone-manager-1.3.0-SNAPSHOT.jar:?]
	at org.apache.hadoop.ozone.protocolPB.OzoneManagerRequestHandler.getOzoneFileStatus(OzoneManagerRequestHandler.java:907) ~[ozone-manager-1.3.0-SNAPSHOT.jar:?]
	at org.apache.hadoop.ozone.protocolPB.OzoneManagerRequestHandler.handleReadRequest(OzoneManagerRequestHandler.java:231) ~[ozone-manager-1.3.0-SNAPSHOT.jar:?]
	at org.apache.hadoop.ozone.protocolPB.OzoneManagerProtocolServerSideTranslatorPB.submitReadRequestToOM(OzoneManagerProtocolServerSideTranslatorPB.java:226) ~[ozone-manager-1.3.0-SNAPSHOT.jar:?]
	at org.apache.hadoop.ozone.protocolPB.OzoneManagerProtocolServerSideTranslatorPB.processRequest(OzoneManagerProtocolServerSideTranslatorPB.java:175) ~[ozone-manager-1.3.0-SNAPSHOT.jar:?]
	at org.apache.hadoop.hdds.server.OzoneProtocolMessageDispatcher.processRequest(OzoneProtocolMessageDispatcher.java:87) [hdds-server-framework-1.3.0-SNAPSHOT.jar:?]
	at org.apache.hadoop.ozone.protocolPB.OzoneManagerProtocolServerSideTranslatorPB.submitRequest(OzoneManagerProtocolServerSideTranslatorPB.java:147) [ozone-manager-1.3.0-SNAPSHOT.jar:?]
	at org.apache.hadoop.ozone.protocol.proto.OzoneManagerProtocolProtos$OzoneManagerService$2.callBlockingMethod(OzoneManagerProtocolProtos.java) [ozone-interface-client-1.3.0-SNAPSHOT.jar:?]
	at org.apache.hadoop.ipc.ProtobufRpcEngine$Server.processCall(ProtobufRpcEngine.java:466) [hadoop-common-3.3.1.jar:?]
	at org.apache.hadoop.ipc.ProtobufRpcEngine2$Server$ProtoBufRpcInvoker.call(ProtobufRpcEngine2.java:574) [hadoop-common-3.3.1.jar:?]
	at org.apache.hadoop.ipc.ProtobufRpcEngine2$Server$ProtoBufRpcInvoker.call(ProtobufRpcEngine2.java:552) [hadoop-common-3.3.1.jar:?]
	at org.apache.hadoop.ipc.RPC$Server.call(RPC.java:1093) [hadoop-common-3.3.1.jar:?]
	at org.apache.hadoop.ipc.Server$RpcCall.run(Server.java:1035) [hadoop-common-3.3.1.jar:?]
	at org.apache.hadoop.ipc.Server$RpcCall.run(Server.java:963) [hadoop-common-3.3.1.jar:?]
	at java.security.AccessController.doPrivileged(Native Method) ~[?:1.8.0_345]
	at javax.security.auth.Subject.doAs(Subject.java:422) [?:1.8.0_345]
	at org.apache.hadoop.security.UserGroupInformation.doAs(UserGroupInformation.java:1878) [hadoop-common-3.3.1.jar:?]
	at org.apache.hadoop.ipc.Server$Handler.run(Server.java:2966) [hadoop-common-3.3.1.jar:?]
2022-10-11 08:13:00,543 [Time-limited test] WARN  ozone.BasicOzoneFileSystem (BasicOzoneFileSystem.java:getFileStatus(765)) - GetFileStatus failed for path /level0/level2/level2/file1
java.io.FileNotFoundException: level0/level2/level2/file1: No such file or directory!
	at org.apache.hadoop.fs.ozone.BasicOzoneClientAdapterImpl.getFileStatus(BasicOzoneClientAdapterImpl.java:369)
	at org.apache.hadoop.fs.ozone.BasicOzoneFileSystem.getFileStatus(BasicOzoneFileSystem.java:757)
	at org.apache.hadoop.fs.ozone.TestOzoneFileSystem.checkPath(TestOzoneFileSystem.java:502)
	at org.apache.hadoop.fs.ozone.TestOzoneFileSystem.testRecursiveDelete(TestOzoneFileSystem.java:496)
	at sun.reflect.NativeMethodAccessorImpl.invoke0(Native Method)
	at sun.reflect.NativeMethodAccessorImpl.invoke(NativeMethodAccessorImpl.java:62)
	at sun.reflect.DelegatingMethodAccessorImpl.invoke(DelegatingMethodAccessorImpl.java:43)
	at java.lang.reflect.Method.invoke(Method.java:498)
	at org.junit.runners.model.FrameworkMethod$1.runReflectiveCall(FrameworkMethod.java:59)
	at org.junit.internal.runners.model.ReflectiveCallable.run(ReflectiveCallable.java:12)
	at org.junit.runners.model.FrameworkMethod.invokeExplosively(FrameworkMethod.java:56)
	at org.junit.internal.runners.statements.InvokeMethod.evaluate(InvokeMethod.java:17)
	at org.junit.internal.runners.statements.RunAfters.evaluate(RunAfters.java:27)
	at org.junit.internal.runners.statements.FailOnTimeout$CallableStatement.call(FailOnTimeout.java:288)
	at org.junit.internal.runners.statements.FailOnTimeout$CallableStatement.call(FailOnTimeout.java:282)
	at java.util.concurrent.FutureTask.run(FutureTask.java:266)
	at java.lang.Thread.run(Thread.java:750)
08:13:00.543 [IPC Server handler 3 on default port 39113] ERROR OMAudit - user=runner | ip=127.0.0.1 | op=GET_FILE_STATUS {volume=volume56107, bucket=bucket11984, key=level0/level3, dataSize=0, replicationConfig=null} | ret=FAILURE
org.apache.hadoop.ozone.om.exceptions.OMException: Unable to get file status: volume: volume56107 bucket: bucket11984 key: level0/level3
	at org.apache.hadoop.ozone.om.KeyManagerImpl.getOzoneFileStatusFSO(KeyManagerImpl.java:1336) ~[ozone-manager-1.3.0-SNAPSHOT.jar:?]
	at org.apache.hadoop.ozone.om.KeyManagerImpl.getFileStatus(KeyManagerImpl.java:1199) ~[ozone-manager-1.3.0-SNAPSHOT.jar:?]
	at org.apache.hadoop.ozone.om.OzoneManager.getFileStatus(OzoneManager.java:3570) ~[ozone-manager-1.3.0-SNAPSHOT.jar:?]
	at org.apache.hadoop.ozone.protocolPB.OzoneManagerRequestHandler.getOzoneFileStatus(OzoneManagerRequestHandler.java:907) ~[ozone-manager-1.3.0-SNAPSHOT.jar:?]
	at org.apache.hadoop.ozone.protocolPB.OzoneManagerRequestHandler.handleReadRequest(OzoneManagerRequestHandler.java:231) ~[ozone-manager-1.3.0-SNAPSHOT.jar:?]
	at org.apache.hadoop.ozone.protocolPB.OzoneManagerProtocolServerSideTranslatorPB.submitReadRequestToOM(OzoneManagerProtocolServerSideTranslatorPB.java:226) ~[ozone-manager-1.3.0-SNAPSHOT.jar:?]
	at org.apache.hadoop.ozone.protocolPB.OzoneManagerProtocolServerSideTranslatorPB.processRequest(OzoneManagerProtocolServerSideTranslatorPB.java:175) ~[ozone-manager-1.3.0-SNAPSHOT.jar:?]
	at org.apache.hadoop.hdds.server.OzoneProtocolMessageDispatcher.processRequest(OzoneProtocolMessageDispatcher.java:87) [hdds-server-framework-1.3.0-SNAPSHOT.jar:?]
	at org.apache.hadoop.ozone.protocolPB.OzoneManagerProtocolServerSideTranslatorPB.submitRequest(OzoneManagerProtocolServerSideTranslatorPB.java:147) [ozone-manager-1.3.0-SNAPSHOT.jar:?]
	at org.apache.hadoop.ozone.protocol.proto.OzoneManagerProtocolProtos$OzoneManagerService$2.callBlockingMethod(OzoneManagerProtocolProtos.java) [ozone-interface-client-1.3.0-SNAPSHOT.jar:?]
	at org.apache.hadoop.ipc.ProtobufRpcEngine$Server.processCall(ProtobufRpcEngine.java:466) [hadoop-common-3.3.1.jar:?]
	at org.apache.hadoop.ipc.ProtobufRpcEngine2$Server$ProtoBufRpcInvoker.call(ProtobufRpcEngine2.java:574) [hadoop-common-3.3.1.jar:?]
	at org.apache.hadoop.ipc.ProtobufRpcEngine2$Server$ProtoBufRpcInvoker.call(ProtobufRpcEngine2.java:552) [hadoop-common-3.3.1.jar:?]
	at org.apache.hadoop.ipc.RPC$Server.call(RPC.java:1093) [hadoop-common-3.3.1.jar:?]
	at org.apache.hadoop.ipc.Server$RpcCall.run(Server.java:1035) [hadoop-common-3.3.1.jar:?]
	at org.apache.hadoop.ipc.Server$RpcCall.run(Server.java:963) [hadoop-common-3.3.1.jar:?]
	at java.security.AccessController.doPrivileged(Native Method) ~[?:1.8.0_345]
	at javax.security.auth.Subject.doAs(Subject.java:422) [?:1.8.0_345]
	at org.apache.hadoop.security.UserGroupInformation.doAs(UserGroupInformation.java:1878) [hadoop-common-3.3.1.jar:?]
	at org.apache.hadoop.ipc.Server$Handler.run(Server.java:2966) [hadoop-common-3.3.1.jar:?]
2022-10-11 08:13:00,544 [Time-limited test] WARN  ozone.BasicOzoneFileSystem (BasicOzoneFileSystem.java:getFileStatus(765)) - GetFileStatus failed for path /level0/level3
java.io.FileNotFoundException: level0/level3: No such file or directory!
	at org.apache.hadoop.fs.ozone.BasicOzoneClientAdapterImpl.getFileStatus(BasicOzoneClientAdapterImpl.java:369)
	at org.apache.hadoop.fs.ozone.BasicOzoneFileSystem.getFileStatus(BasicOzoneFileSystem.java:757)
	at org.apache.hadoop.fs.ozone.TestOzoneFileSystem.checkPath(TestOzoneFileSystem.java:502)
	at org.apache.hadoop.fs.ozone.TestOzoneFileSystem.testRecursiveDelete(TestOzoneFileSystem.java:493)
	at sun.reflect.NativeMethodAccessorImpl.invoke0(Native Method)
	at sun.reflect.NativeMethodAccessorImpl.invoke(NativeMethodAccessorImpl.java:62)
	at sun.reflect.DelegatingMethodAccessorImpl.invoke(DelegatingMethodAccessorImpl.java:43)
	at java.lang.reflect.Method.invoke(Method.java:498)
	at org.junit.runners.model.FrameworkMethod$1.runReflectiveCall(FrameworkMethod.java:59)
	at org.junit.internal.runners.model.ReflectiveCallable.run(ReflectiveCallable.java:12)
	at org.junit.runners.model.FrameworkMethod.invokeExplosively(FrameworkMethod.java:56)
	at org.junit.internal.runners.statements.InvokeMethod.evaluate(InvokeMethod.java:17)
	at org.junit.internal.runners.statements.RunAfters.evaluate(RunAfters.java:27)
	at org.junit.internal.runners.statements.FailOnTimeout$CallableStatement.call(FailOnTimeout.java:288)
	at org.junit.internal.runners.statements.FailOnTimeout$CallableStatement.call(FailOnTimeout.java:282)
	at java.util.concurrent.FutureTask.run(FutureTask.java:266)
	at java.lang.Thread.run(Thread.java:750)
08:13:00.545 [IPC Server handler 5 on default port 39113] ERROR OMAudit - user=runner | ip=127.0.0.1 | op=GET_FILE_STATUS {volume=volume56107, bucket=bucket11984, key=level0/level3/level3, dataSize=0, replicationConfig=null} | ret=FAILURE
org.apache.hadoop.ozone.om.exceptions.OMException: Unable to get file status: volume: volume56107 bucket: bucket11984 key: level0/level3/level3
	at org.apache.hadoop.ozone.om.KeyManagerImpl.getOzoneFileStatusFSO(KeyManagerImpl.java:1336) ~[ozone-manager-1.3.0-SNAPSHOT.jar:?]
	at org.apache.hadoop.ozone.om.KeyManagerImpl.getFileStatus(KeyManagerImpl.java:1199) ~[ozone-manager-1.3.0-SNAPSHOT.jar:?]
	at org.apache.hadoop.ozone.om.OzoneManager.getFileStatus(OzoneManager.java:3570) ~[ozone-manager-1.3.0-SNAPSHOT.jar:?]
	at org.apache.hadoop.ozone.protocolPB.OzoneManagerRequestHandler.getOzoneFileStatus(OzoneManagerRequestHandler.java:907) ~[ozone-manager-1.3.0-SNAPSHOT.jar:?]
	at org.apache.hadoop.ozone.protocolPB.OzoneManagerRequestHandler.handleReadRequest(OzoneManagerRequestHandler.java:231) ~[ozone-manager-1.3.0-SNAPSHOT.jar:?]
	at org.apache.hadoop.ozone.protocolPB.OzoneManagerProtocolServerSideTranslatorPB.submitReadRequestToOM(OzoneManagerProtocolServerSideTranslatorPB.java:226) ~[ozone-manager-1.3.0-SNAPSHOT.jar:?]
	at org.apache.hadoop.ozone.protocolPB.OzoneManagerProtocolServerSideTranslatorPB.processRequest(OzoneManagerProtocolServerSideTranslatorPB.java:175) ~[ozone-manager-1.3.0-SNAPSHOT.jar:?]
	at org.apache.hadoop.hdds.server.OzoneProtocolMessageDispatcher.processRequest(OzoneProtocolMessageDispatcher.java:87) [hdds-server-framework-1.3.0-SNAPSHOT.jar:?]
	at org.apache.hadoop.ozone.protocolPB.OzoneManagerProtocolServerSideTranslatorPB.submitRequest(OzoneManagerProtocolServerSideTranslatorPB.java:147) [ozone-manager-1.3.0-SNAPSHOT.jar:?]
	at org.apache.hadoop.ozone.protocol.proto.OzoneManagerProtocolProtos$OzoneManagerService$2.callBlockingMethod(OzoneManagerProtocolProtos.java) [ozone-interface-client-1.3.0-SNAPSHOT.jar:?]
	at org.apache.hadoop.ipc.ProtobufRpcEngine$Server.processCall(ProtobufRpcEngine.java:466) [hadoop-common-3.3.1.jar:?]
	at org.apache.hadoop.ipc.ProtobufRpcEngine2$Server$ProtoBufRpcInvoker.call(ProtobufRpcEngine2.java:574) [hadoop-common-3.3.1.jar:?]
	at org.apache.hadoop.ipc.ProtobufRpcEngine2$Server$ProtoBufRpcInvoker.call(ProtobufRpcEngine2.java:552) [hadoop-common-3.3.1.jar:?]
	at org.apache.hadoop.ipc.RPC$Server.call(RPC.java:1093) [hadoop-common-3.3.1.jar:?]
	at org.apache.hadoop.ipc.Server$RpcCall.run(Server.java:1035) [hadoop-common-3.3.1.jar:?]
	at org.apache.hadoop.ipc.Server$RpcCall.run(Server.java:963) [hadoop-common-3.3.1.jar:?]
	at java.security.AccessController.doPrivileged(Native Method) ~[?:1.8.0_345]
	at javax.security.auth.Subject.doAs(Subject.java:422) [?:1.8.0_345]
	at org.apache.hadoop.security.UserGroupInformation.doAs(UserGroupInformation.java:1878) [hadoop-common-3.3.1.jar:?]
	at org.apache.hadoop.ipc.Server$Handler.run(Server.java:2966) [hadoop-common-3.3.1.jar:?]
2022-10-11 08:13:00,546 [Time-limited test] WARN  ozone.BasicOzoneFileSystem (BasicOzoneFileSystem.java:getFileStatus(765)) - GetFileStatus failed for path /level0/level3/level3
java.io.FileNotFoundException: level0/level3/level3: No such file or directory!
	at org.apache.hadoop.fs.ozone.BasicOzoneClientAdapterImpl.getFileStatus(BasicOzoneClientAdapterImpl.java:369)
	at org.apache.hadoop.fs.ozone.BasicOzoneFileSystem.getFileStatus(BasicOzoneFileSystem.java:757)
	at org.apache.hadoop.fs.ozone.TestOzoneFileSystem.checkPath(TestOzoneFileSystem.java:502)
	at org.apache.hadoop.fs.ozone.TestOzoneFileSystem.testRecursiveDelete(TestOzoneFileSystem.java:494)
	at sun.reflect.NativeMethodAccessorImpl.invoke0(Native Method)
	at sun.reflect.NativeMethodAccessorImpl.invoke(NativeMethodAccessorImpl.java:62)
	at sun.reflect.DelegatingMethodAccessorImpl.invoke(DelegatingMethodAccessorImpl.java:43)
	at java.lang.reflect.Method.invoke(Method.java:498)
	at org.junit.runners.model.FrameworkMethod$1.runReflectiveCall(FrameworkMethod.java:59)
	at org.junit.internal.runners.model.ReflectiveCallable.run(ReflectiveCallable.java:12)
	at org.junit.runners.model.FrameworkMethod.invokeExplosively(FrameworkMethod.java:56)
	at org.junit.internal.runners.statements.InvokeMethod.evaluate(InvokeMethod.java:17)
	at org.junit.internal.runners.statements.RunAfters.evaluate(RunAfters.java:27)
	at org.junit.internal.runners.statements.FailOnTimeout$CallableStatement.call(FailOnTimeout.java:288)
	at org.junit.internal.runners.statements.FailOnTimeout$CallableStatement.call(FailOnTimeout.java:282)
	at java.util.concurrent.FutureTask.run(FutureTask.java:266)
	at java.lang.Thread.run(Thread.java:750)
08:13:00.547 [IPC Server handler 4 on default port 39113] ERROR OMAudit - user=runner | ip=127.0.0.1 | op=GET_FILE_STATUS {volume=volume56107, bucket=bucket11984, key=level0/level3/file1, dataSize=0, replicationConfig=null} | ret=FAILURE
org.apache.hadoop.ozone.om.exceptions.OMException: Unable to get file status: volume: volume56107 bucket: bucket11984 key: level0/level3/file1
	at org.apache.hadoop.ozone.om.KeyManagerImpl.getOzoneFileStatusFSO(KeyManagerImpl.java:1336) ~[ozone-manager-1.3.0-SNAPSHOT.jar:?]
	at org.apache.hadoop.ozone.om.KeyManagerImpl.getFileStatus(KeyManagerImpl.java:1199) ~[ozone-manager-1.3.0-SNAPSHOT.jar:?]
	at org.apache.hadoop.ozone.om.OzoneManager.getFileStatus(OzoneManager.java:3570) ~[ozone-manager-1.3.0-SNAPSHOT.jar:?]
	at org.apache.hadoop.ozone.protocolPB.OzoneManagerRequestHandler.getOzoneFileStatus(OzoneManagerRequestHandler.java:907) ~[ozone-manager-1.3.0-SNAPSHOT.jar:?]
	at org.apache.hadoop.ozone.protocolPB.OzoneManagerRequestHandler.handleReadRequest(OzoneManagerRequestHandler.java:231) ~[ozone-manager-1.3.0-SNAPSHOT.jar:?]
	at org.apache.hadoop.ozone.protocolPB.OzoneManagerProtocolServerSideTranslatorPB.submitReadRequestToOM(OzoneManagerProtocolServerSideTranslatorPB.java:226) ~[ozone-manager-1.3.0-SNAPSHOT.jar:?]
	at org.apache.hadoop.ozone.protocolPB.OzoneManagerProtocolServerSideTranslatorPB.processRequest(OzoneManagerProtocolServerSideTranslatorPB.java:175) ~[ozone-manager-1.3.0-SNAPSHOT.jar:?]
	at org.apache.hadoop.hdds.server.OzoneProtocolMessageDispatcher.processRequest(OzoneProtocolMessageDispatcher.java:87) [hdds-server-framework-1.3.0-SNAPSHOT.jar:?]
	at org.apache.hadoop.ozone.protocolPB.OzoneManagerProtocolServerSideTranslatorPB.submitRequest(OzoneManagerProtocolServerSideTranslatorPB.java:147) [ozone-manager-1.3.0-SNAPSHOT.jar:?]
	at org.apache.hadoop.ozone.protocol.proto.OzoneManagerProtocolProtos$OzoneManagerService$2.callBlockingMethod(OzoneManagerProtocolProtos.java) [ozone-interface-client-1.3.0-SNAPSHOT.jar:?]
	at org.apache.hadoop.ipc.ProtobufRpcEngine$Server.processCall(ProtobufRpcEngine.java:466) [hadoop-common-3.3.1.jar:?]
	at org.apache.hadoop.ipc.ProtobufRpcEngine2$Server$ProtoBufRpcInvoker.call(ProtobufRpcEngine2.java:574) [hadoop-common-3.3.1.jar:?]
	at org.apache.hadoop.ipc.ProtobufRpcEngine2$Server$ProtoBufRpcInvoker.call(ProtobufRpcEngine2.java:552) [hadoop-common-3.3.1.jar:?]
	at org.apache.hadoop.ipc.RPC$Server.call(RPC.java:1093) [hadoop-common-3.3.1.jar:?]
	at org.apache.hadoop.ipc.Server$RpcCall.run(Server.java:1035) [hadoop-common-3.3.1.jar:?]
	at org.apache.hadoop.ipc.Server$RpcCall.run(Server.java:963) [hadoop-common-3.3.1.jar:?]
	at java.security.AccessController.doPrivileged(Native Method) ~[?:1.8.0_345]
	at javax.security.auth.Subject.doAs(Subject.java:422) [?:1.8.0_345]
	at org.apache.hadoop.security.UserGroupInformation.doAs(UserGroupInformation.java:1878) [hadoop-common-3.3.1.jar:?]
	at org.apache.hadoop.ipc.Server$Handler.run(Server.java:2966) [hadoop-common-3.3.1.jar:?]
2022-10-11 08:13:00,547 [Time-limited test] WARN  ozone.BasicOzoneFileSystem (BasicOzoneFileSystem.java:getFileStatus(765)) - GetFileStatus failed for path /level0/level3/file1
java.io.FileNotFoundException: level0/level3/file1: No such file or directory!
	at org.apache.hadoop.fs.ozone.BasicOzoneClientAdapterImpl.getFileStatus(BasicOzoneClientAdapterImpl.java:369)
	at org.apache.hadoop.fs.ozone.BasicOzoneFileSystem.getFileStatus(BasicOzoneFileSystem.java:757)
	at org.apache.hadoop.fs.ozone.TestOzoneFileSystem.checkPath(TestOzoneFileSystem.java:502)
	at org.apache.hadoop.fs.ozone.TestOzoneFileSystem.testRecursiveDelete(TestOzoneFileSystem.java:495)
	at sun.reflect.NativeMethodAccessorImpl.invoke0(Native Method)
	at sun.reflect.NativeMethodAccessorImpl.invoke(NativeMethodAccessorImpl.java:62)
	at sun.reflect.DelegatingMethodAccessorImpl.invoke(DelegatingMethodAccessorImpl.java:43)
	at java.lang.reflect.Method.invoke(Method.java:498)
	at org.junit.runners.model.FrameworkMethod$1.runReflectiveCall(FrameworkMethod.java:59)
	at org.junit.internal.runners.model.ReflectiveCallable.run(ReflectiveCallable.java:12)
	at org.junit.runners.model.FrameworkMethod.invokeExplosively(FrameworkMethod.java:56)
	at org.junit.internal.runners.statements.InvokeMethod.evaluate(InvokeMethod.java:17)
	at org.junit.internal.runners.statements.RunAfters.evaluate(RunAfters.java:27)
	at org.junit.internal.runners.statements.FailOnTimeout$CallableStatement.call(FailOnTimeout.java:288)
	at org.junit.internal.runners.statements.FailOnTimeout$CallableStatement.call(FailOnTimeout.java:282)
	at java.util.concurrent.FutureTask.run(FutureTask.java:266)
	at java.lang.Thread.run(Thread.java:750)
08:13:00.548 [IPC Server handler 2 on default port 39113] ERROR OMAudit - user=runner | ip=127.0.0.1 | op=GET_FILE_STATUS {volume=volume56107, bucket=bucket11984, key=level0/level3/level3/file1, dataSize=0, replicationConfig=null} | ret=FAILURE
org.apache.hadoop.ozone.om.exceptions.OMException: Unable to get file status: volume: volume56107 bucket: bucket11984 key: level0/level3/level3/file1
	at org.apache.hadoop.ozone.om.KeyManagerImpl.getOzoneFileStatusFSO(KeyManagerImpl.java:1336) ~[ozone-manager-1.3.0-SNAPSHOT.jar:?]
	at org.apache.hadoop.ozone.om.KeyManagerImpl.getFileStatus(KeyManagerImpl.java:1199) ~[ozone-manager-1.3.0-SNAPSHOT.jar:?]
	at org.apache.hadoop.ozone.om.OzoneManager.getFileStatus(OzoneManager.java:3570) ~[ozone-manager-1.3.0-SNAPSHOT.jar:?]
	at org.apache.hadoop.ozone.protocolPB.OzoneManagerRequestHandler.getOzoneFileStatus(OzoneManagerRequestHandler.java:907) ~[ozone-manager-1.3.0-SNAPSHOT.jar:?]
	at org.apache.hadoop.ozone.protocolPB.OzoneManagerRequestHandler.handleReadRequest(OzoneManagerRequestHandler.java:231) ~[ozone-manager-1.3.0-SNAPSHOT.jar:?]
	at org.apache.hadoop.ozone.protocolPB.OzoneManagerProtocolServerSideTranslatorPB.submitReadRequestToOM(OzoneManagerProtocolServerSideTranslatorPB.java:226) ~[ozone-manager-1.3.0-SNAPSHOT.jar:?]
	at org.apache.hadoop.ozone.protocolPB.OzoneManagerProtocolServerSideTranslatorPB.processRequest(OzoneManagerProtocolServerSideTranslatorPB.java:175) ~[ozone-manager-1.3.0-SNAPSHOT.jar:?]
	at org.apache.hadoop.hdds.server.OzoneProtocolMessageDispatcher.processRequest(OzoneProtocolMessageDispatcher.java:87) [hdds-server-framework-1.3.0-SNAPSHOT.jar:?]
	at org.apache.hadoop.ozone.protocolPB.OzoneManagerProtocolServerSideTranslatorPB.submitRequest(OzoneManagerProtocolServerSideTranslatorPB.java:147) [ozone-manager-1.3.0-SNAPSHOT.jar:?]
	at org.apache.hadoop.ozone.protocol.proto.OzoneManagerProtocolProtos$OzoneManagerService$2.callBlockingMethod(OzoneManagerProtocolProtos.java) [ozone-interface-client-1.3.0-SNAPSHOT.jar:?]
	at org.apache.hadoop.ipc.ProtobufRpcEngine$Server.processCall(ProtobufRpcEngine.java:466) [hadoop-common-3.3.1.jar:?]
	at org.apache.hadoop.ipc.ProtobufRpcEngine2$Server$ProtoBufRpcInvoker.call(ProtobufRpcEngine2.java:574) [hadoop-common-3.3.1.jar:?]
	at org.apache.hadoop.ipc.ProtobufRpcEngine2$Server$ProtoBufRpcInvoker.call(ProtobufRpcEngine2.java:552) [hadoop-common-3.3.1.jar:?]
	at org.apache.hadoop.ipc.RPC$Server.call(RPC.java:1093) [hadoop-common-3.3.1.jar:?]
	at org.apache.hadoop.ipc.Server$RpcCall.run(Server.java:1035) [hadoop-common-3.3.1.jar:?]
	at org.apache.hadoop.ipc.Server$RpcCall.run(Server.java:963) [hadoop-common-3.3.1.jar:?]
	at java.security.AccessController.doPrivileged(Native Method) ~[?:1.8.0_345]
	at javax.security.auth.Subject.doAs(Subject.java:422) [?:1.8.0_345]
	at org.apache.hadoop.security.UserGroupInformation.doAs(UserGroupInformation.java:1878) [hadoop-common-3.3.1.jar:?]
	at org.apache.hadoop.ipc.Server$Handler.run(Server.java:2966) [hadoop-common-3.3.1.jar:?]
2022-10-11 08:13:00,549 [Time-limited test] WARN  ozone.BasicOzoneFileSystem (BasicOzoneFileSystem.java:getFileStatus(765)) - GetFileStatus failed for path /level0/level3/level3/file1
java.io.FileNotFoundException: level0/level3/level3/file1: No such file or directory!
	at org.apache.hadoop.fs.ozone.BasicOzoneClientAdapterImpl.getFileStatus(BasicOzoneClientAdapterImpl.java:369)
	at org.apache.hadoop.fs.ozone.BasicOzoneFileSystem.getFileStatus(BasicOzoneFileSystem.java:757)
	at org.apache.hadoop.fs.ozone.TestOzoneFileSystem.checkPath(TestOzoneFileSystem.java:502)
	at org.apache.hadoop.fs.ozone.TestOzoneFileSystem.testRecursiveDelete(TestOzoneFileSystem.java:496)
	at sun.reflect.NativeMethodAccessorImpl.invoke0(Native Method)
	at sun.reflect.NativeMethodAccessorImpl.invoke(NativeMethodAccessorImpl.java:62)
	at sun.reflect.DelegatingMethodAccessorImpl.invoke(DelegatingMethodAccessorImpl.java:43)
	at java.lang.reflect.Method.invoke(Method.java:498)
	at org.junit.runners.model.FrameworkMethod$1.runReflectiveCall(FrameworkMethod.java:59)
	at org.junit.internal.runners.model.ReflectiveCallable.run(ReflectiveCallable.java:12)
	at org.junit.runners.model.FrameworkMethod.invokeExplosively(FrameworkMethod.java:56)
	at org.junit.internal.runners.statements.InvokeMethod.evaluate(InvokeMethod.java:17)
	at org.junit.internal.runners.statements.RunAfters.evaluate(RunAfters.java:27)
	at org.junit.internal.runners.statements.FailOnTimeout$CallableStatement.call(FailOnTimeout.java:288)
	at org.junit.internal.runners.statements.FailOnTimeout$CallableStatement.call(FailOnTimeout.java:282)
	at java.util.concurrent.FutureTask.run(FutureTask.java:266)
	at java.lang.Thread.run(Thread.java:750)
]]></system-out>
  </testcase>
  <testcase name="testRecursiveDelete" classname="TestOzoneFileSystemWithFSO" time="0.174">
    <system-out><![CDATA[08:14:27.742 [IPC Server handler 3 on default port 40309] ERROR OMAudit - user=runner | ip=127.0.0.1 | op=DELETE_KEY {volume=volume86011, bucket=bucket73886, key=gdir1/pdir1, dataSize=0, replicationType=NONE, replicationFactor=ZERO} | ret=FAILURE
org.apache.hadoop.ozone.om.exceptions.OMException: Directory is not empty. Key:gdir1/pdir1
	at org.apache.hadoop.ozone.om.request.key.OMKeyDeleteRequestWithFSO.validateAndUpdateCache(OMKeyDeleteRequestWithFSO.java:141) ~[ozone-manager-1.3.0-SNAPSHOT.jar:?]
	at org.apache.hadoop.ozone.protocolPB.OzoneManagerRequestHandler.handleWriteRequest(OzoneManagerRequestHandler.java:311) ~[ozone-manager-1.3.0-SNAPSHOT.jar:?]
	at org.apache.hadoop.ozone.protocolPB.OzoneManagerProtocolServerSideTranslatorPB.submitRequestDirectlyToOM(OzoneManagerProtocolServerSideTranslatorPB.java:282) ~[ozone-manager-1.3.0-SNAPSHOT.jar:?]
	at org.apache.hadoop.ozone.protocolPB.OzoneManagerProtocolServerSideTranslatorPB.processRequest(OzoneManagerProtocolServerSideTranslatorPB.java:205) ~[ozone-manager-1.3.0-SNAPSHOT.jar:?]
	at org.apache.hadoop.hdds.server.OzoneProtocolMessageDispatcher.processRequest(OzoneProtocolMessageDispatcher.java:87) [hdds-server-framework-1.3.0-SNAPSHOT.jar:?]
	at org.apache.hadoop.ozone.protocolPB.OzoneManagerProtocolServerSideTranslatorPB.submitRequest(OzoneManagerProtocolServerSideTranslatorPB.java:147) [ozone-manager-1.3.0-SNAPSHOT.jar:?]
	at org.apache.hadoop.ozone.protocol.proto.OzoneManagerProtocolProtos$OzoneManagerService$2.callBlockingMethod(OzoneManagerProtocolProtos.java) [ozone-interface-client-1.3.0-SNAPSHOT.jar:?]
	at org.apache.hadoop.ipc.ProtobufRpcEngine$Server.processCall(ProtobufRpcEngine.java:466) [hadoop-common-3.3.1.jar:?]
	at org.apache.hadoop.ipc.ProtobufRpcEngine2$Server$ProtoBufRpcInvoker.call(ProtobufRpcEngine2.java:574) [hadoop-common-3.3.1.jar:?]
	at org.apache.hadoop.ipc.ProtobufRpcEngine2$Server$ProtoBufRpcInvoker.call(ProtobufRpcEngine2.java:552) [hadoop-common-3.3.1.jar:?]
	at org.apache.hadoop.ipc.RPC$Server.call(RPC.java:1093) [hadoop-common-3.3.1.jar:?]
	at org.apache.hadoop.ipc.Server$RpcCall.run(Server.java:1035) [hadoop-common-3.3.1.jar:?]
	at org.apache.hadoop.ipc.Server$RpcCall.run(Server.java:963) [hadoop-common-3.3.1.jar:?]
	at java.security.AccessController.doPrivileged(Native Method) ~[?:1.8.0_345]
	at javax.security.auth.Subject.doAs(Subject.java:422) [?:1.8.0_345]
	at org.apache.hadoop.security.UserGroupInformation.doAs(UserGroupInformation.java:1878) [hadoop-common-3.3.1.jar:?]
	at org.apache.hadoop.ipc.Server$Handler.run(Server.java:2966) [hadoop-common-3.3.1.jar:?]
2022-10-11 08:14:27,743 [IPC Server handler 3 on default port 40309] ERROR key.OMKeyDeleteRequestWithFSO (OMKeyDeleteRequestWithFSO.java:validateAndUpdateCache(201)) - Key delete failed. Volume:volume86011, Bucket:bucket73886, Key:gdir1/pdir1.
DIRECTORY_NOT_EMPTY org.apache.hadoop.ozone.om.exceptions.OMException: Directory is not empty. Key:gdir1/pdir1
	at org.apache.hadoop.ozone.om.request.key.OMKeyDeleteRequestWithFSO.validateAndUpdateCache(OMKeyDeleteRequestWithFSO.java:141)
	at org.apache.hadoop.ozone.protocolPB.OzoneManagerRequestHandler.handleWriteRequest(OzoneManagerRequestHandler.java:311)
	at org.apache.hadoop.ozone.protocolPB.OzoneManagerProtocolServerSideTranslatorPB.submitRequestDirectlyToOM(OzoneManagerProtocolServerSideTranslatorPB.java:282)
	at org.apache.hadoop.ozone.protocolPB.OzoneManagerProtocolServerSideTranslatorPB.processRequest(OzoneManagerProtocolServerSideTranslatorPB.java:205)
	at org.apache.hadoop.hdds.server.OzoneProtocolMessageDispatcher.processRequest(OzoneProtocolMessageDispatcher.java:87)
	at org.apache.hadoop.ozone.protocolPB.OzoneManagerProtocolServerSideTranslatorPB.submitRequest(OzoneManagerProtocolServerSideTranslatorPB.java:147)
	at org.apache.hadoop.ozone.protocol.proto.OzoneManagerProtocolProtos$OzoneManagerService$2.callBlockingMethod(OzoneManagerProtocolProtos.java)
	at org.apache.hadoop.ipc.ProtobufRpcEngine$Server.processCall(ProtobufRpcEngine.java:466)
	at org.apache.hadoop.ipc.ProtobufRpcEngine2$Server$ProtoBufRpcInvoker.call(ProtobufRpcEngine2.java:574)
	at org.apache.hadoop.ipc.ProtobufRpcEngine2$Server$ProtoBufRpcInvoker.call(ProtobufRpcEngine2.java:552)
	at org.apache.hadoop.ipc.RPC$Server.call(RPC.java:1093)
	at org.apache.hadoop.ipc.Server$RpcCall.run(Server.java:1035)
	at org.apache.hadoop.ipc.Server$RpcCall.run(Server.java:963)
	at java.security.AccessController.doPrivileged(Native Method)
	at javax.security.auth.Subject.doAs(Subject.java:422)
	at org.apache.hadoop.security.UserGroupInformation.doAs(UserGroupInformation.java:1878)
	at org.apache.hadoop.ipc.Server$Handler.run(Server.java:2966)
2022-10-11 08:14:27,754 [Time-limited test] ERROR ozone.BasicOzoneClientAdapterImpl (BasicOzoneClientAdapterImpl.java:deleteObject(329)) - delete key failed Directory is not empty. Key:gdir1/pdir1
08:14:27.756 [IPC Server handler 0 on default port 40309] ERROR OMAudit - user=runner | ip=127.0.0.1 | op=DELETE_KEY {volume=volume86011, bucket=bucket73886, key=gdir1, dataSize=0, replicationType=NONE, replicationFactor=ZERO} | ret=FAILURE
org.apache.hadoop.ozone.om.exceptions.OMException: Directory is not empty. Key:gdir1
	at org.apache.hadoop.ozone.om.request.key.OMKeyDeleteRequestWithFSO.validateAndUpdateCache(OMKeyDeleteRequestWithFSO.java:141) ~[ozone-manager-1.3.0-SNAPSHOT.jar:?]
	at org.apache.hadoop.ozone.protocolPB.OzoneManagerRequestHandler.handleWriteRequest(OzoneManagerRequestHandler.java:311) ~[ozone-manager-1.3.0-SNAPSHOT.jar:?]
	at org.apache.hadoop.ozone.protocolPB.OzoneManagerProtocolServerSideTranslatorPB.submitRequestDirectlyToOM(OzoneManagerProtocolServerSideTranslatorPB.java:282) ~[ozone-manager-1.3.0-SNAPSHOT.jar:?]
	at org.apache.hadoop.ozone.protocolPB.OzoneManagerProtocolServerSideTranslatorPB.processRequest(OzoneManagerProtocolServerSideTranslatorPB.java:205) ~[ozone-manager-1.3.0-SNAPSHOT.jar:?]
	at org.apache.hadoop.hdds.server.OzoneProtocolMessageDispatcher.processRequest(OzoneProtocolMessageDispatcher.java:87) [hdds-server-framework-1.3.0-SNAPSHOT.jar:?]
	at org.apache.hadoop.ozone.protocolPB.OzoneManagerProtocolServerSideTranslatorPB.submitRequest(OzoneManagerProtocolServerSideTranslatorPB.java:147) [ozone-manager-1.3.0-SNAPSHOT.jar:?]
	at org.apache.hadoop.ozone.protocol.proto.OzoneManagerProtocolProtos$OzoneManagerService$2.callBlockingMethod(OzoneManagerProtocolProtos.java) [ozone-interface-client-1.3.0-SNAPSHOT.jar:?]
	at org.apache.hadoop.ipc.ProtobufRpcEngine$Server.processCall(ProtobufRpcEngine.java:466) [hadoop-common-3.3.1.jar:?]
	at org.apache.hadoop.ipc.ProtobufRpcEngine2$Server$ProtoBufRpcInvoker.call(ProtobufRpcEngine2.java:574) [hadoop-common-3.3.1.jar:?]
	at org.apache.hadoop.ipc.ProtobufRpcEngine2$Server$ProtoBufRpcInvoker.call(ProtobufRpcEngine2.java:552) [hadoop-common-3.3.1.jar:?]
	at org.apache.hadoop.ipc.RPC$Server.call(RPC.java:1093) [hadoop-common-3.3.1.jar:?]
	at org.apache.hadoop.ipc.Server$RpcCall.run(Server.java:1035) [hadoop-common-3.3.1.jar:?]
	at org.apache.hadoop.ipc.Server$RpcCall.run(Server.java:963) [hadoop-common-3.3.1.jar:?]
	at java.security.AccessController.doPrivileged(Native Method) ~[?:1.8.0_345]
	at javax.security.auth.Subject.doAs(Subject.java:422) [?:1.8.0_345]
	at org.apache.hadoop.security.UserGroupInformation.doAs(UserGroupInformation.java:1878) [hadoop-common-3.3.1.jar:?]
	at org.apache.hadoop.ipc.Server$Handler.run(Server.java:2966) [hadoop-common-3.3.1.jar:?]
2022-10-11 08:14:27,756 [IPC Server handler 0 on default port 40309] ERROR key.OMKeyDeleteRequestWithFSO (OMKeyDeleteRequestWithFSO.java:validateAndUpdateCache(201)) - Key delete failed. Volume:volume86011, Bucket:bucket73886, Key:gdir1.
DIRECTORY_NOT_EMPTY org.apache.hadoop.ozone.om.exceptions.OMException: Directory is not empty. Key:gdir1
	at org.apache.hadoop.ozone.om.request.key.OMKeyDeleteRequestWithFSO.validateAndUpdateCache(OMKeyDeleteRequestWithFSO.java:141)
	at org.apache.hadoop.ozone.protocolPB.OzoneManagerRequestHandler.handleWriteRequest(OzoneManagerRequestHandler.java:311)
	at org.apache.hadoop.ozone.protocolPB.OzoneManagerProtocolServerSideTranslatorPB.submitRequestDirectlyToOM(OzoneManagerProtocolServerSideTranslatorPB.java:282)
	at org.apache.hadoop.ozone.protocolPB.OzoneManagerProtocolServerSideTranslatorPB.processRequest(OzoneManagerProtocolServerSideTranslatorPB.java:205)
	at org.apache.hadoop.hdds.server.OzoneProtocolMessageDispatcher.processRequest(OzoneProtocolMessageDispatcher.java:87)
	at org.apache.hadoop.ozone.protocolPB.OzoneManagerProtocolServerSideTranslatorPB.submitRequest(OzoneManagerProtocolServerSideTranslatorPB.java:147)
	at org.apache.hadoop.ozone.protocol.proto.OzoneManagerProtocolProtos$OzoneManagerService$2.callBlockingMethod(OzoneManagerProtocolProtos.java)
	at org.apache.hadoop.ipc.ProtobufRpcEngine$Server.processCall(ProtobufRpcEngine.java:466)
	at org.apache.hadoop.ipc.ProtobufRpcEngine2$Server$ProtoBufRpcInvoker.call(ProtobufRpcEngine2.java:574)
	at org.apache.hadoop.ipc.ProtobufRpcEngine2$Server$ProtoBufRpcInvoker.call(ProtobufRpcEngine2.java:552)
	at org.apache.hadoop.ipc.RPC$Server.call(RPC.java:1093)
	at org.apache.hadoop.ipc.Server$RpcCall.run(Server.java:1035)
	at org.apache.hadoop.ipc.Server$RpcCall.run(Server.java:963)
	at java.security.AccessController.doPrivileged(Native Method)
	at javax.security.auth.Subject.doAs(Subject.java:422)
	at org.apache.hadoop.security.UserGroupInformation.doAs(UserGroupInformation.java:1878)
	at org.apache.hadoop.ipc.Server$Handler.run(Server.java:2966)
2022-10-11 08:14:27,756 [Time-limited test] ERROR ozone.BasicOzoneClientAdapterImpl (BasicOzoneClientAdapterImpl.java:deleteObject(329)) - delete key failed Directory is not empty. Key:gdir1
08:14:27.759 [IPC Server handler 6 on default port 40309] ERROR OMAudit - user=runner | ip=127.0.0.1 | op=GET_FILE_STATUS {volume=volume86011, bucket=bucket73886, key=gdir1, dataSize=0, replicationConfig=null} | ret=FAILURE
org.apache.hadoop.ozone.om.exceptions.OMException: Unable to get file status: volume: volume86011 bucket: bucket73886 key: gdir1
	at org.apache.hadoop.ozone.om.KeyManagerImpl.getOzoneFileStatusFSO(KeyManagerImpl.java:1336) ~[ozone-manager-1.3.0-SNAPSHOT.jar:?]
	at org.apache.hadoop.ozone.om.KeyManagerImpl.getFileStatus(KeyManagerImpl.java:1199) ~[ozone-manager-1.3.0-SNAPSHOT.jar:?]
	at org.apache.hadoop.ozone.om.OzoneManager.getFileStatus(OzoneManager.java:3570) ~[ozone-manager-1.3.0-SNAPSHOT.jar:?]
	at org.apache.hadoop.ozone.protocolPB.OzoneManagerRequestHandler.getOzoneFileStatus(OzoneManagerRequestHandler.java:907) ~[ozone-manager-1.3.0-SNAPSHOT.jar:?]
	at org.apache.hadoop.ozone.protocolPB.OzoneManagerRequestHandler.handleReadRequest(OzoneManagerRequestHandler.java:231) ~[ozone-manager-1.3.0-SNAPSHOT.jar:?]
	at org.apache.hadoop.ozone.protocolPB.OzoneManagerProtocolServerSideTranslatorPB.submitRequestDirectlyToOM(OzoneManagerProtocolServerSideTranslatorPB.java:276) ~[ozone-manager-1.3.0-SNAPSHOT.jar:?]
	at org.apache.hadoop.ozone.protocolPB.OzoneManagerProtocolServerSideTranslatorPB.processRequest(OzoneManagerProtocolServerSideTranslatorPB.java:205) ~[ozone-manager-1.3.0-SNAPSHOT.jar:?]
	at org.apache.hadoop.hdds.server.OzoneProtocolMessageDispatcher.processRequest(OzoneProtocolMessageDispatcher.java:87) [hdds-server-framework-1.3.0-SNAPSHOT.jar:?]
	at org.apache.hadoop.ozone.protocolPB.OzoneManagerProtocolServerSideTranslatorPB.submitRequest(OzoneManagerProtocolServerSideTranslatorPB.java:147) [ozone-manager-1.3.0-SNAPSHOT.jar:?]
	at org.apache.hadoop.ozone.protocol.proto.OzoneManagerProtocolProtos$OzoneManagerService$2.callBlockingMethod(OzoneManagerProtocolProtos.java) [ozone-interface-client-1.3.0-SNAPSHOT.jar:?]
	at org.apache.hadoop.ipc.ProtobufRpcEngine$Server.processCall(ProtobufRpcEngine.java:466) [hadoop-common-3.3.1.jar:?]
	at org.apache.hadoop.ipc.ProtobufRpcEngine2$Server$ProtoBufRpcInvoker.call(ProtobufRpcEngine2.java:574) [hadoop-common-3.3.1.jar:?]
	at org.apache.hadoop.ipc.ProtobufRpcEngine2$Server$ProtoBufRpcInvoker.call(ProtobufRpcEngine2.java:552) [hadoop-common-3.3.1.jar:?]
	at org.apache.hadoop.ipc.RPC$Server.call(RPC.java:1093) [hadoop-common-3.3.1.jar:?]
	at org.apache.hadoop.ipc.Server$RpcCall.run(Server.java:1035) [hadoop-common-3.3.1.jar:?]
	at org.apache.hadoop.ipc.Server$RpcCall.run(Server.java:963) [hadoop-common-3.3.1.jar:?]
	at java.security.AccessController.doPrivileged(Native Method) ~[?:1.8.0_345]
	at javax.security.auth.Subject.doAs(Subject.java:422) [?:1.8.0_345]
	at org.apache.hadoop.security.UserGroupInformation.doAs(UserGroupInformation.java:1878) [hadoop-common-3.3.1.jar:?]
	at org.apache.hadoop.ipc.Server$Handler.run(Server.java:2966) [hadoop-common-3.3.1.jar:?]
2022-10-11 08:14:27,759 [Time-limited test] WARN  ozone.BasicOzoneFileSystem (BasicOzoneFileSystem.java:getFileStatus(765)) - GetFileStatus failed for path /gdir1
java.io.FileNotFoundException: gdir1: No such file or directory!
	at org.apache.hadoop.fs.ozone.BasicOzoneClientAdapterImpl.getFileStatus(BasicOzoneClientAdapterImpl.java:369)
	at org.apache.hadoop.fs.ozone.BasicOzoneFileSystem.getFileStatus(BasicOzoneFileSystem.java:757)
	at org.apache.hadoop.fs.ozone.TestOzoneFileSystem.checkPath(TestOzoneFileSystem.java:502)
	at org.apache.hadoop.fs.ozone.TestOzoneFileSystem.testRecursiveDelete(TestOzoneFileSystem.java:452)
	at sun.reflect.NativeMethodAccessorImpl.invoke0(Native Method)
	at sun.reflect.NativeMethodAccessorImpl.invoke(NativeMethodAccessorImpl.java:62)
	at sun.reflect.DelegatingMethodAccessorImpl.invoke(DelegatingMethodAccessorImpl.java:43)
	at java.lang.reflect.Method.invoke(Method.java:498)
	at org.junit.runners.model.FrameworkMethod$1.runReflectiveCall(FrameworkMethod.java:59)
	at org.junit.internal.runners.model.ReflectiveCallable.run(ReflectiveCallable.java:12)
	at org.junit.runners.model.FrameworkMethod.invokeExplosively(FrameworkMethod.java:56)
	at org.junit.internal.runners.statements.InvokeMethod.evaluate(InvokeMethod.java:17)
	at org.junit.internal.runners.statements.RunAfters.evaluate(RunAfters.java:27)
	at org.junit.internal.runners.statements.FailOnTimeout$CallableStatement.call(FailOnTimeout.java:288)
	at org.junit.internal.runners.statements.FailOnTimeout$CallableStatement.call(FailOnTimeout.java:282)
	at java.util.concurrent.FutureTask.run(FutureTask.java:266)
	at java.lang.Thread.run(Thread.java:750)
08:14:27.760 [IPC Server handler 5 on default port 40309] ERROR OMAudit - user=runner | ip=127.0.0.1 | op=GET_FILE_STATUS {volume=volume86011, bucket=bucket73886, key=gdir1/dir1, dataSize=0, replicationConfig=null} | ret=FAILURE
org.apache.hadoop.ozone.om.exceptions.OMException: Unable to get file status: volume: volume86011 bucket: bucket73886 key: gdir1/dir1
	at org.apache.hadoop.ozone.om.KeyManagerImpl.getOzoneFileStatusFSO(KeyManagerImpl.java:1336) ~[ozone-manager-1.3.0-SNAPSHOT.jar:?]
	at org.apache.hadoop.ozone.om.KeyManagerImpl.getFileStatus(KeyManagerImpl.java:1199) ~[ozone-manager-1.3.0-SNAPSHOT.jar:?]
	at org.apache.hadoop.ozone.om.OzoneManager.getFileStatus(OzoneManager.java:3570) ~[ozone-manager-1.3.0-SNAPSHOT.jar:?]
	at org.apache.hadoop.ozone.protocolPB.OzoneManagerRequestHandler.getOzoneFileStatus(OzoneManagerRequestHandler.java:907) ~[ozone-manager-1.3.0-SNAPSHOT.jar:?]
	at org.apache.hadoop.ozone.protocolPB.OzoneManagerRequestHandler.handleReadRequest(OzoneManagerRequestHandler.java:231) ~[ozone-manager-1.3.0-SNAPSHOT.jar:?]
	at org.apache.hadoop.ozone.protocolPB.OzoneManagerProtocolServerSideTranslatorPB.submitRequestDirectlyToOM(OzoneManagerProtocolServerSideTranslatorPB.java:276) ~[ozone-manager-1.3.0-SNAPSHOT.jar:?]
	at org.apache.hadoop.ozone.protocolPB.OzoneManagerProtocolServerSideTranslatorPB.processRequest(OzoneManagerProtocolServerSideTranslatorPB.java:205) ~[ozone-manager-1.3.0-SNAPSHOT.jar:?]
	at org.apache.hadoop.hdds.server.OzoneProtocolMessageDispatcher.processRequest(OzoneProtocolMessageDispatcher.java:87) [hdds-server-framework-1.3.0-SNAPSHOT.jar:?]
	at org.apache.hadoop.ozone.protocolPB.OzoneManagerProtocolServerSideTranslatorPB.submitRequest(OzoneManagerProtocolServerSideTranslatorPB.java:147) [ozone-manager-1.3.0-SNAPSHOT.jar:?]
	at org.apache.hadoop.ozone.protocol.proto.OzoneManagerProtocolProtos$OzoneManagerService$2.callBlockingMethod(OzoneManagerProtocolProtos.java) [ozone-interface-client-1.3.0-SNAPSHOT.jar:?]
	at org.apache.hadoop.ipc.ProtobufRpcEngine$Server.processCall(ProtobufRpcEngine.java:466) [hadoop-common-3.3.1.jar:?]
	at org.apache.hadoop.ipc.ProtobufRpcEngine2$Server$ProtoBufRpcInvoker.call(ProtobufRpcEngine2.java:574) [hadoop-common-3.3.1.jar:?]
	at org.apache.hadoop.ipc.ProtobufRpcEngine2$Server$ProtoBufRpcInvoker.call(ProtobufRpcEngine2.java:552) [hadoop-common-3.3.1.jar:?]
	at org.apache.hadoop.ipc.RPC$Server.call(RPC.java:1093) [hadoop-common-3.3.1.jar:?]
	at org.apache.hadoop.ipc.Server$RpcCall.run(Server.java:1035) [hadoop-common-3.3.1.jar:?]
	at org.apache.hadoop.ipc.Server$RpcCall.run(Server.java:963) [hadoop-common-3.3.1.jar:?]
	at java.security.AccessController.doPrivileged(Native Method) ~[?:1.8.0_345]
	at javax.security.auth.Subject.doAs(Subject.java:422) [?:1.8.0_345]
	at org.apache.hadoop.security.UserGroupInformation.doAs(UserGroupInformation.java:1878) [hadoop-common-3.3.1.jar:?]
	at org.apache.hadoop.ipc.Server$Handler.run(Server.java:2966) [hadoop-common-3.3.1.jar:?]
2022-10-11 08:14:27,761 [Time-limited test] WARN  ozone.BasicOzoneFileSystem (BasicOzoneFileSystem.java:getFileStatus(765)) - GetFileStatus failed for path /gdir1/dir1
java.io.FileNotFoundException: gdir1/dir1: No such file or directory!
	at org.apache.hadoop.fs.ozone.BasicOzoneClientAdapterImpl.getFileStatus(BasicOzoneClientAdapterImpl.java:369)
	at org.apache.hadoop.fs.ozone.BasicOzoneFileSystem.getFileStatus(BasicOzoneFileSystem.java:757)
	at org.apache.hadoop.fs.ozone.TestOzoneFileSystem.checkPath(TestOzoneFileSystem.java:502)
	at org.apache.hadoop.fs.ozone.TestOzoneFileSystem.testRecursiveDelete(TestOzoneFileSystem.java:457)
	at sun.reflect.NativeMethodAccessorImpl.invoke0(Native Method)
	at sun.reflect.NativeMethodAccessorImpl.invoke(NativeMethodAccessorImpl.java:62)
	at sun.reflect.DelegatingMethodAccessorImpl.invoke(DelegatingMethodAccessorImpl.java:43)
	at java.lang.reflect.Method.invoke(Method.java:498)
	at org.junit.runners.model.FrameworkMethod$1.runReflectiveCall(FrameworkMethod.java:59)
	at org.junit.internal.runners.model.ReflectiveCallable.run(ReflectiveCallable.java:12)
	at org.junit.runners.model.FrameworkMethod.invokeExplosively(FrameworkMethod.java:56)
	at org.junit.internal.runners.statements.InvokeMethod.evaluate(InvokeMethod.java:17)
	at org.junit.internal.runners.statements.RunAfters.evaluate(RunAfters.java:27)
	at org.junit.internal.runners.statements.FailOnTimeout$CallableStatement.call(FailOnTimeout.java:288)
	at org.junit.internal.runners.statements.FailOnTimeout$CallableStatement.call(FailOnTimeout.java:282)
	at java.util.concurrent.FutureTask.run(FutureTask.java:266)
	at java.lang.Thread.run(Thread.java:750)
08:14:27.761 [IPC Server handler 7 on default port 40309] ERROR OMAudit - user=runner | ip=127.0.0.1 | op=GET_FILE_STATUS {volume=volume86011, bucket=bucket73886, key=gdir1/dir1/child, dataSize=0, replicationConfig=null} | ret=FAILURE
org.apache.hadoop.ozone.om.exceptions.OMException: Unable to get file status: volume: volume86011 bucket: bucket73886 key: gdir1/dir1/child
	at org.apache.hadoop.ozone.om.KeyManagerImpl.getOzoneFileStatusFSO(KeyManagerImpl.java:1336) ~[ozone-manager-1.3.0-SNAPSHOT.jar:?]
	at org.apache.hadoop.ozone.om.KeyManagerImpl.getFileStatus(KeyManagerImpl.java:1199) ~[ozone-manager-1.3.0-SNAPSHOT.jar:?]
	at org.apache.hadoop.ozone.om.OzoneManager.getFileStatus(OzoneManager.java:3570) ~[ozone-manager-1.3.0-SNAPSHOT.jar:?]
	at org.apache.hadoop.ozone.protocolPB.OzoneManagerRequestHandler.getOzoneFileStatus(OzoneManagerRequestHandler.java:907) ~[ozone-manager-1.3.0-SNAPSHOT.jar:?]
	at org.apache.hadoop.ozone.protocolPB.OzoneManagerRequestHandler.handleReadRequest(OzoneManagerRequestHandler.java:231) ~[ozone-manager-1.3.0-SNAPSHOT.jar:?]
	at org.apache.hadoop.ozone.protocolPB.OzoneManagerProtocolServerSideTranslatorPB.submitRequestDirectlyToOM(OzoneManagerProtocolServerSideTranslatorPB.java:276) ~[ozone-manager-1.3.0-SNAPSHOT.jar:?]
	at org.apache.hadoop.ozone.protocolPB.OzoneManagerProtocolServerSideTranslatorPB.processRequest(OzoneManagerProtocolServerSideTranslatorPB.java:205) ~[ozone-manager-1.3.0-SNAPSHOT.jar:?]
	at org.apache.hadoop.hdds.server.OzoneProtocolMessageDispatcher.processRequest(OzoneProtocolMessageDispatcher.java:87) [hdds-server-framework-1.3.0-SNAPSHOT.jar:?]
	at org.apache.hadoop.ozone.protocolPB.OzoneManagerProtocolServerSideTranslatorPB.submitRequest(OzoneManagerProtocolServerSideTranslatorPB.java:147) [ozone-manager-1.3.0-SNAPSHOT.jar:?]
	at org.apache.hadoop.ozone.protocol.proto.OzoneManagerProtocolProtos$OzoneManagerService$2.callBlockingMethod(OzoneManagerProtocolProtos.java) [ozone-interface-client-1.3.0-SNAPSHOT.jar:?]
	at org.apache.hadoop.ipc.ProtobufRpcEngine$Server.processCall(ProtobufRpcEngine.java:466) [hadoop-common-3.3.1.jar:?]
	at org.apache.hadoop.ipc.ProtobufRpcEngine2$Server$ProtoBufRpcInvoker.call(ProtobufRpcEngine2.java:574) [hadoop-common-3.3.1.jar:?]
	at org.apache.hadoop.ipc.ProtobufRpcEngine2$Server$ProtoBufRpcInvoker.call(ProtobufRpcEngine2.java:552) [hadoop-common-3.3.1.jar:?]
	at org.apache.hadoop.ipc.RPC$Server.call(RPC.java:1093) [hadoop-common-3.3.1.jar:?]
	at org.apache.hadoop.ipc.Server$RpcCall.run(Server.java:1035) [hadoop-common-3.3.1.jar:?]
	at org.apache.hadoop.ipc.Server$RpcCall.run(Server.java:963) [hadoop-common-3.3.1.jar:?]
	at java.security.AccessController.doPrivileged(Native Method) ~[?:1.8.0_345]
	at javax.security.auth.Subject.doAs(Subject.java:422) [?:1.8.0_345]
	at org.apache.hadoop.security.UserGroupInformation.doAs(UserGroupInformation.java:1878) [hadoop-common-3.3.1.jar:?]
	at org.apache.hadoop.ipc.Server$Handler.run(Server.java:2966) [hadoop-common-3.3.1.jar:?]
2022-10-11 08:14:27,762 [Time-limited test] WARN  ozone.BasicOzoneFileSystem (BasicOzoneFileSystem.java:getFileStatus(765)) - GetFileStatus failed for path /gdir1/dir1/child
java.io.FileNotFoundException: gdir1/dir1/child: No such file or directory!
	at org.apache.hadoop.fs.ozone.BasicOzoneClientAdapterImpl.getFileStatus(BasicOzoneClientAdapterImpl.java:369)
	at org.apache.hadoop.fs.ozone.BasicOzoneFileSystem.getFileStatus(BasicOzoneFileSystem.java:757)
	at org.apache.hadoop.fs.ozone.TestOzoneFileSystem.checkPath(TestOzoneFileSystem.java:502)
	at org.apache.hadoop.fs.ozone.TestOzoneFileSystem.testRecursiveDelete(TestOzoneFileSystem.java:458)
	at sun.reflect.NativeMethodAccessorImpl.invoke0(Native Method)
	at sun.reflect.NativeMethodAccessorImpl.invoke(NativeMethodAccessorImpl.java:62)
	at sun.reflect.DelegatingMethodAccessorImpl.invoke(DelegatingMethodAccessorImpl.java:43)
	at java.lang.reflect.Method.invoke(Method.java:498)
	at org.junit.runners.model.FrameworkMethod$1.runReflectiveCall(FrameworkMethod.java:59)
	at org.junit.internal.runners.model.ReflectiveCallable.run(ReflectiveCallable.java:12)
	at org.junit.runners.model.FrameworkMethod.invokeExplosively(FrameworkMethod.java:56)
	at org.junit.internal.runners.statements.InvokeMethod.evaluate(InvokeMethod.java:17)
	at org.junit.internal.runners.statements.RunAfters.evaluate(RunAfters.java:27)
	at org.junit.internal.runners.statements.FailOnTimeout$CallableStatement.call(FailOnTimeout.java:288)
	at org.junit.internal.runners.statements.FailOnTimeout$CallableStatement.call(FailOnTimeout.java:282)
	at java.util.concurrent.FutureTask.run(FutureTask.java:266)
	at java.lang.Thread.run(Thread.java:750)
08:14:27.762 [IPC Server handler 9 on default port 40309] ERROR OMAudit - user=runner | ip=127.0.0.1 | op=GET_FILE_STATUS {volume=volume86011, bucket=bucket73886, key=gdir1/dir2, dataSize=0, replicationConfig=null} | ret=FAILURE
org.apache.hadoop.ozone.om.exceptions.OMException: Unable to get file status: volume: volume86011 bucket: bucket73886 key: gdir1/dir2
	at org.apache.hadoop.ozone.om.KeyManagerImpl.getOzoneFileStatusFSO(KeyManagerImpl.java:1336) ~[ozone-manager-1.3.0-SNAPSHOT.jar:?]
	at org.apache.hadoop.ozone.om.KeyManagerImpl.getFileStatus(KeyManagerImpl.java:1199) ~[ozone-manager-1.3.0-SNAPSHOT.jar:?]
	at org.apache.hadoop.ozone.om.OzoneManager.getFileStatus(OzoneManager.java:3570) ~[ozone-manager-1.3.0-SNAPSHOT.jar:?]
	at org.apache.hadoop.ozone.protocolPB.OzoneManagerRequestHandler.getOzoneFileStatus(OzoneManagerRequestHandler.java:907) ~[ozone-manager-1.3.0-SNAPSHOT.jar:?]
	at org.apache.hadoop.ozone.protocolPB.OzoneManagerRequestHandler.handleReadRequest(OzoneManagerRequestHandler.java:231) ~[ozone-manager-1.3.0-SNAPSHOT.jar:?]
	at org.apache.hadoop.ozone.protocolPB.OzoneManagerProtocolServerSideTranslatorPB.submitRequestDirectlyToOM(OzoneManagerProtocolServerSideTranslatorPB.java:276) ~[ozone-manager-1.3.0-SNAPSHOT.jar:?]
	at org.apache.hadoop.ozone.protocolPB.OzoneManagerProtocolServerSideTranslatorPB.processRequest(OzoneManagerProtocolServerSideTranslatorPB.java:205) ~[ozone-manager-1.3.0-SNAPSHOT.jar:?]
	at org.apache.hadoop.hdds.server.OzoneProtocolMessageDispatcher.processRequest(OzoneProtocolMessageDispatcher.java:87) [hdds-server-framework-1.3.0-SNAPSHOT.jar:?]
	at org.apache.hadoop.ozone.protocolPB.OzoneManagerProtocolServerSideTranslatorPB.submitRequest(OzoneManagerProtocolServerSideTranslatorPB.java:147) [ozone-manager-1.3.0-SNAPSHOT.jar:?]
	at org.apache.hadoop.ozone.protocol.proto.OzoneManagerProtocolProtos$OzoneManagerService$2.callBlockingMethod(OzoneManagerProtocolProtos.java) [ozone-interface-client-1.3.0-SNAPSHOT.jar:?]
	at org.apache.hadoop.ipc.ProtobufRpcEngine$Server.processCall(ProtobufRpcEngine.java:466) [hadoop-common-3.3.1.jar:?]
	at org.apache.hadoop.ipc.ProtobufRpcEngine2$Server$ProtoBufRpcInvoker.call(ProtobufRpcEngine2.java:574) [hadoop-common-3.3.1.jar:?]
	at org.apache.hadoop.ipc.ProtobufRpcEngine2$Server$ProtoBufRpcInvoker.call(ProtobufRpcEngine2.java:552) [hadoop-common-3.3.1.jar:?]
	at org.apache.hadoop.ipc.RPC$Server.call(RPC.java:1093) [hadoop-common-3.3.1.jar:?]
	at org.apache.hadoop.ipc.Server$RpcCall.run(Server.java:1035) [hadoop-common-3.3.1.jar:?]
	at org.apache.hadoop.ipc.Server$RpcCall.run(Server.java:963) [hadoop-common-3.3.1.jar:?]
	at java.security.AccessController.doPrivileged(Native Method) ~[?:1.8.0_345]
	at javax.security.auth.Subject.doAs(Subject.java:422) [?:1.8.0_345]
	at org.apache.hadoop.security.UserGroupInformation.doAs(UserGroupInformation.java:1878) [hadoop-common-3.3.1.jar:?]
	at org.apache.hadoop.ipc.Server$Handler.run(Server.java:2966) [hadoop-common-3.3.1.jar:?]
2022-10-11 08:14:27,763 [Time-limited test] WARN  ozone.BasicOzoneFileSystem (BasicOzoneFileSystem.java:getFileStatus(765)) - GetFileStatus failed for path /gdir1/dir2
java.io.FileNotFoundException: gdir1/dir2: No such file or directory!
	at org.apache.hadoop.fs.ozone.BasicOzoneClientAdapterImpl.getFileStatus(BasicOzoneClientAdapterImpl.java:369)
	at org.apache.hadoop.fs.ozone.BasicOzoneFileSystem.getFileStatus(BasicOzoneFileSystem.java:757)
	at org.apache.hadoop.fs.ozone.TestOzoneFileSystem.checkPath(TestOzoneFileSystem.java:502)
	at org.apache.hadoop.fs.ozone.TestOzoneFileSystem.testRecursiveDelete(TestOzoneFileSystem.java:457)
	at sun.reflect.NativeMethodAccessorImpl.invoke0(Native Method)
	at sun.reflect.NativeMethodAccessorImpl.invoke(NativeMethodAccessorImpl.java:62)
	at sun.reflect.DelegatingMethodAccessorImpl.invoke(DelegatingMethodAccessorImpl.java:43)
	at java.lang.reflect.Method.invoke(Method.java:498)
	at org.junit.runners.model.FrameworkMethod$1.runReflectiveCall(FrameworkMethod.java:59)
	at org.junit.internal.runners.model.ReflectiveCallable.run(ReflectiveCallable.java:12)
	at org.junit.runners.model.FrameworkMethod.invokeExplosively(FrameworkMethod.java:56)
	at org.junit.internal.runners.statements.InvokeMethod.evaluate(InvokeMethod.java:17)
	at org.junit.internal.runners.statements.RunAfters.evaluate(RunAfters.java:27)
	at org.junit.internal.runners.statements.FailOnTimeout$CallableStatement.call(FailOnTimeout.java:288)
	at org.junit.internal.runners.statements.FailOnTimeout$CallableStatement.call(FailOnTimeout.java:282)
	at java.util.concurrent.FutureTask.run(FutureTask.java:266)
	at java.lang.Thread.run(Thread.java:750)
08:14:27.763 [IPC Server handler 8 on default port 40309] ERROR OMAudit - user=runner | ip=127.0.0.1 | op=GET_FILE_STATUS {volume=volume86011, bucket=bucket73886, key=gdir1/dir2/child, dataSize=0, replicationConfig=null} | ret=FAILURE
org.apache.hadoop.ozone.om.exceptions.OMException: Unable to get file status: volume: volume86011 bucket: bucket73886 key: gdir1/dir2/child
	at org.apache.hadoop.ozone.om.KeyManagerImpl.getOzoneFileStatusFSO(KeyManagerImpl.java:1336) ~[ozone-manager-1.3.0-SNAPSHOT.jar:?]
	at org.apache.hadoop.ozone.om.KeyManagerImpl.getFileStatus(KeyManagerImpl.java:1199) ~[ozone-manager-1.3.0-SNAPSHOT.jar:?]
	at org.apache.hadoop.ozone.om.OzoneManager.getFileStatus(OzoneManager.java:3570) ~[ozone-manager-1.3.0-SNAPSHOT.jar:?]
	at org.apache.hadoop.ozone.protocolPB.OzoneManagerRequestHandler.getOzoneFileStatus(OzoneManagerRequestHandler.java:907) ~[ozone-manager-1.3.0-SNAPSHOT.jar:?]
	at org.apache.hadoop.ozone.protocolPB.OzoneManagerRequestHandler.handleReadRequest(OzoneManagerRequestHandler.java:231) ~[ozone-manager-1.3.0-SNAPSHOT.jar:?]
	at org.apache.hadoop.ozone.protocolPB.OzoneManagerProtocolServerSideTranslatorPB.submitRequestDirectlyToOM(OzoneManagerProtocolServerSideTranslatorPB.java:276) ~[ozone-manager-1.3.0-SNAPSHOT.jar:?]
	at org.apache.hadoop.ozone.protocolPB.OzoneManagerProtocolServerSideTranslatorPB.processRequest(OzoneManagerProtocolServerSideTranslatorPB.java:205) ~[ozone-manager-1.3.0-SNAPSHOT.jar:?]
	at org.apache.hadoop.hdds.server.OzoneProtocolMessageDispatcher.processRequest(OzoneProtocolMessageDispatcher.java:87) [hdds-server-framework-1.3.0-SNAPSHOT.jar:?]
	at org.apache.hadoop.ozone.protocolPB.OzoneManagerProtocolServerSideTranslatorPB.submitRequest(OzoneManagerProtocolServerSideTranslatorPB.java:147) [ozone-manager-1.3.0-SNAPSHOT.jar:?]
	at org.apache.hadoop.ozone.protocol.proto.OzoneManagerProtocolProtos$OzoneManagerService$2.callBlockingMethod(OzoneManagerProtocolProtos.java) [ozone-interface-client-1.3.0-SNAPSHOT.jar:?]
	at org.apache.hadoop.ipc.ProtobufRpcEngine$Server.processCall(ProtobufRpcEngine.java:466) [hadoop-common-3.3.1.jar:?]
	at org.apache.hadoop.ipc.ProtobufRpcEngine2$Server$ProtoBufRpcInvoker.call(ProtobufRpcEngine2.java:574) [hadoop-common-3.3.1.jar:?]
	at org.apache.hadoop.ipc.ProtobufRpcEngine2$Server$ProtoBufRpcInvoker.call(ProtobufRpcEngine2.java:552) [hadoop-common-3.3.1.jar:?]
	at org.apache.hadoop.ipc.RPC$Server.call(RPC.java:1093) [hadoop-common-3.3.1.jar:?]
	at org.apache.hadoop.ipc.Server$RpcCall.run(Server.java:1035) [hadoop-common-3.3.1.jar:?]
	at org.apache.hadoop.ipc.Server$RpcCall.run(Server.java:963) [hadoop-common-3.3.1.jar:?]
	at java.security.AccessController.doPrivileged(Native Method) ~[?:1.8.0_345]
	at javax.security.auth.Subject.doAs(Subject.java:422) [?:1.8.0_345]
	at org.apache.hadoop.security.UserGroupInformation.doAs(UserGroupInformation.java:1878) [hadoop-common-3.3.1.jar:?]
	at org.apache.hadoop.ipc.Server$Handler.run(Server.java:2966) [hadoop-common-3.3.1.jar:?]
2022-10-11 08:14:27,766 [Time-limited test] WARN  ozone.BasicOzoneFileSystem (BasicOzoneFileSystem.java:getFileStatus(765)) - GetFileStatus failed for path /gdir1/dir2/child
java.io.FileNotFoundException: gdir1/dir2/child: No such file or directory!
	at org.apache.hadoop.fs.ozone.BasicOzoneClientAdapterImpl.getFileStatus(BasicOzoneClientAdapterImpl.java:369)
	at org.apache.hadoop.fs.ozone.BasicOzoneFileSystem.getFileStatus(BasicOzoneFileSystem.java:757)
	at org.apache.hadoop.fs.ozone.TestOzoneFileSystem.checkPath(TestOzoneFileSystem.java:502)
	at org.apache.hadoop.fs.ozone.TestOzoneFileSystem.testRecursiveDelete(TestOzoneFileSystem.java:458)
	at sun.reflect.NativeMethodAccessorImpl.invoke0(Native Method)
	at sun.reflect.NativeMethodAccessorImpl.invoke(NativeMethodAccessorImpl.java:62)
	at sun.reflect.DelegatingMethodAccessorImpl.invoke(DelegatingMethodAccessorImpl.java:43)
	at java.lang.reflect.Method.invoke(Method.java:498)
	at org.junit.runners.model.FrameworkMethod$1.runReflectiveCall(FrameworkMethod.java:59)
	at org.junit.internal.runners.model.ReflectiveCallable.run(ReflectiveCallable.java:12)
	at org.junit.runners.model.FrameworkMethod.invokeExplosively(FrameworkMethod.java:56)
	at org.junit.internal.runners.statements.InvokeMethod.evaluate(InvokeMethod.java:17)
	at org.junit.internal.runners.statements.RunAfters.evaluate(RunAfters.java:27)
	at org.junit.internal.runners.statements.FailOnTimeout$CallableStatement.call(FailOnTimeout.java:288)
	at org.junit.internal.runners.statements.FailOnTimeout$CallableStatement.call(FailOnTimeout.java:282)
	at java.util.concurrent.FutureTask.run(FutureTask.java:266)
	at java.lang.Thread.run(Thread.java:750)
08:14:27.767 [IPC Server handler 10 on default port 40309] ERROR OMAudit - user=runner | ip=127.0.0.1 | op=GET_FILE_STATUS {volume=volume86011, bucket=bucket73886, key=gdir1/dir3, dataSize=0, replicationConfig=null} | ret=FAILURE
org.apache.hadoop.ozone.om.exceptions.OMException: Unable to get file status: volume: volume86011 bucket: bucket73886 key: gdir1/dir3
	at org.apache.hadoop.ozone.om.KeyManagerImpl.getOzoneFileStatusFSO(KeyManagerImpl.java:1336) ~[ozone-manager-1.3.0-SNAPSHOT.jar:?]
	at org.apache.hadoop.ozone.om.KeyManagerImpl.getFileStatus(KeyManagerImpl.java:1199) ~[ozone-manager-1.3.0-SNAPSHOT.jar:?]
	at org.apache.hadoop.ozone.om.OzoneManager.getFileStatus(OzoneManager.java:3570) ~[ozone-manager-1.3.0-SNAPSHOT.jar:?]
	at org.apache.hadoop.ozone.protocolPB.OzoneManagerRequestHandler.getOzoneFileStatus(OzoneManagerRequestHandler.java:907) ~[ozone-manager-1.3.0-SNAPSHOT.jar:?]
	at org.apache.hadoop.ozone.protocolPB.OzoneManagerRequestHandler.handleReadRequest(OzoneManagerRequestHandler.java:231) ~[ozone-manager-1.3.0-SNAPSHOT.jar:?]
	at org.apache.hadoop.ozone.protocolPB.OzoneManagerProtocolServerSideTranslatorPB.submitRequestDirectlyToOM(OzoneManagerProtocolServerSideTranslatorPB.java:276) ~[ozone-manager-1.3.0-SNAPSHOT.jar:?]
	at org.apache.hadoop.ozone.protocolPB.OzoneManagerProtocolServerSideTranslatorPB.processRequest(OzoneManagerProtocolServerSideTranslatorPB.java:205) ~[ozone-manager-1.3.0-SNAPSHOT.jar:?]
	at org.apache.hadoop.hdds.server.OzoneProtocolMessageDispatcher.processRequest(OzoneProtocolMessageDispatcher.java:87) [hdds-server-framework-1.3.0-SNAPSHOT.jar:?]
	at org.apache.hadoop.ozone.protocolPB.OzoneManagerProtocolServerSideTranslatorPB.submitRequest(OzoneManagerProtocolServerSideTranslatorPB.java:147) [ozone-manager-1.3.0-SNAPSHOT.jar:?]
	at org.apache.hadoop.ozone.protocol.proto.OzoneManagerProtocolProtos$OzoneManagerService$2.callBlockingMethod(OzoneManagerProtocolProtos.java) [ozone-interface-client-1.3.0-SNAPSHOT.jar:?]
	at org.apache.hadoop.ipc.ProtobufRpcEngine$Server.processCall(ProtobufRpcEngine.java:466) [hadoop-common-3.3.1.jar:?]
	at org.apache.hadoop.ipc.ProtobufRpcEngine2$Server$ProtoBufRpcInvoker.call(ProtobufRpcEngine2.java:574) [hadoop-common-3.3.1.jar:?]
	at org.apache.hadoop.ipc.ProtobufRpcEngine2$Server$ProtoBufRpcInvoker.call(ProtobufRpcEngine2.java:552) [hadoop-common-3.3.1.jar:?]
	at org.apache.hadoop.ipc.RPC$Server.call(RPC.java:1093) [hadoop-common-3.3.1.jar:?]
	at org.apache.hadoop.ipc.Server$RpcCall.run(Server.java:1035) [hadoop-common-3.3.1.jar:?]
	at org.apache.hadoop.ipc.Server$RpcCall.run(Server.java:963) [hadoop-common-3.3.1.jar:?]
	at java.security.AccessController.doPrivileged(Native Method) ~[?:1.8.0_345]
	at javax.security.auth.Subject.doAs(Subject.java:422) [?:1.8.0_345]
	at org.apache.hadoop.security.UserGroupInformation.doAs(UserGroupInformation.java:1878) [hadoop-common-3.3.1.jar:?]
	at org.apache.hadoop.ipc.Server$Handler.run(Server.java:2966) [hadoop-common-3.3.1.jar:?]
2022-10-11 08:14:27,768 [Time-limited test] WARN  ozone.BasicOzoneFileSystem (BasicOzoneFileSystem.java:getFileStatus(765)) - GetFileStatus failed for path /gdir1/dir3
java.io.FileNotFoundException: gdir1/dir3: No such file or directory!
	at org.apache.hadoop.fs.ozone.BasicOzoneClientAdapterImpl.getFileStatus(BasicOzoneClientAdapterImpl.java:369)
	at org.apache.hadoop.fs.ozone.BasicOzoneFileSystem.getFileStatus(BasicOzoneFileSystem.java:757)
	at org.apache.hadoop.fs.ozone.TestOzoneFileSystem.checkPath(TestOzoneFileSystem.java:502)
	at org.apache.hadoop.fs.ozone.TestOzoneFileSystem.testRecursiveDelete(TestOzoneFileSystem.java:457)
	at sun.reflect.NativeMethodAccessorImpl.invoke0(Native Method)
	at sun.reflect.NativeMethodAccessorImpl.invoke(NativeMethodAccessorImpl.java:62)
	at sun.reflect.DelegatingMethodAccessorImpl.invoke(DelegatingMethodAccessorImpl.java:43)
	at java.lang.reflect.Method.invoke(Method.java:498)
	at org.junit.runners.model.FrameworkMethod$1.runReflectiveCall(FrameworkMethod.java:59)
	at org.junit.internal.runners.model.ReflectiveCallable.run(ReflectiveCallable.java:12)
	at org.junit.runners.model.FrameworkMethod.invokeExplosively(FrameworkMethod.java:56)
	at org.junit.internal.runners.statements.InvokeMethod.evaluate(InvokeMethod.java:17)
	at org.junit.internal.runners.statements.RunAfters.evaluate(RunAfters.java:27)
	at org.junit.internal.runners.statements.FailOnTimeout$CallableStatement.call(FailOnTimeout.java:288)
	at org.junit.internal.runners.statements.FailOnTimeout$CallableStatement.call(FailOnTimeout.java:282)
	at java.util.concurrent.FutureTask.run(FutureTask.java:266)
	at java.lang.Thread.run(Thread.java:750)
08:14:27.768 [IPC Server handler 11 on default port 40309] ERROR OMAudit - user=runner | ip=127.0.0.1 | op=GET_FILE_STATUS {volume=volume86011, bucket=bucket73886, key=gdir1/dir3/child, dataSize=0, replicationConfig=null} | ret=FAILURE
org.apache.hadoop.ozone.om.exceptions.OMException: Unable to get file status: volume: volume86011 bucket: bucket73886 key: gdir1/dir3/child
	at org.apache.hadoop.ozone.om.KeyManagerImpl.getOzoneFileStatusFSO(KeyManagerImpl.java:1336) ~[ozone-manager-1.3.0-SNAPSHOT.jar:?]
	at org.apache.hadoop.ozone.om.KeyManagerImpl.getFileStatus(KeyManagerImpl.java:1199) ~[ozone-manager-1.3.0-SNAPSHOT.jar:?]
	at org.apache.hadoop.ozone.om.OzoneManager.getFileStatus(OzoneManager.java:3570) ~[ozone-manager-1.3.0-SNAPSHOT.jar:?]
	at org.apache.hadoop.ozone.protocolPB.OzoneManagerRequestHandler.getOzoneFileStatus(OzoneManagerRequestHandler.java:907) ~[ozone-manager-1.3.0-SNAPSHOT.jar:?]
	at org.apache.hadoop.ozone.protocolPB.OzoneManagerRequestHandler.handleReadRequest(OzoneManagerRequestHandler.java:231) ~[ozone-manager-1.3.0-SNAPSHOT.jar:?]
	at org.apache.hadoop.ozone.protocolPB.OzoneManagerProtocolServerSideTranslatorPB.submitRequestDirectlyToOM(OzoneManagerProtocolServerSideTranslatorPB.java:276) ~[ozone-manager-1.3.0-SNAPSHOT.jar:?]
	at org.apache.hadoop.ozone.protocolPB.OzoneManagerProtocolServerSideTranslatorPB.processRequest(OzoneManagerProtocolServerSideTranslatorPB.java:205) ~[ozone-manager-1.3.0-SNAPSHOT.jar:?]
	at org.apache.hadoop.hdds.server.OzoneProtocolMessageDispatcher.processRequest(OzoneProtocolMessageDispatcher.java:87) [hdds-server-framework-1.3.0-SNAPSHOT.jar:?]
	at org.apache.hadoop.ozone.protocolPB.OzoneManagerProtocolServerSideTranslatorPB.submitRequest(OzoneManagerProtocolServerSideTranslatorPB.java:147) [ozone-manager-1.3.0-SNAPSHOT.jar:?]
	at org.apache.hadoop.ozone.protocol.proto.OzoneManagerProtocolProtos$OzoneManagerService$2.callBlockingMethod(OzoneManagerProtocolProtos.java) [ozone-interface-client-1.3.0-SNAPSHOT.jar:?]
	at org.apache.hadoop.ipc.ProtobufRpcEngine$Server.processCall(ProtobufRpcEngine.java:466) [hadoop-common-3.3.1.jar:?]
	at org.apache.hadoop.ipc.ProtobufRpcEngine2$Server$ProtoBufRpcInvoker.call(ProtobufRpcEngine2.java:574) [hadoop-common-3.3.1.jar:?]
	at org.apache.hadoop.ipc.ProtobufRpcEngine2$Server$ProtoBufRpcInvoker.call(ProtobufRpcEngine2.java:552) [hadoop-common-3.3.1.jar:?]
	at org.apache.hadoop.ipc.RPC$Server.call(RPC.java:1093) [hadoop-common-3.3.1.jar:?]
	at org.apache.hadoop.ipc.Server$RpcCall.run(Server.java:1035) [hadoop-common-3.3.1.jar:?]
	at org.apache.hadoop.ipc.Server$RpcCall.run(Server.java:963) [hadoop-common-3.3.1.jar:?]
	at java.security.AccessController.doPrivileged(Native Method) ~[?:1.8.0_345]
	at javax.security.auth.Subject.doAs(Subject.java:422) [?:1.8.0_345]
	at org.apache.hadoop.security.UserGroupInformation.doAs(UserGroupInformation.java:1878) [hadoop-common-3.3.1.jar:?]
	at org.apache.hadoop.ipc.Server$Handler.run(Server.java:2966) [hadoop-common-3.3.1.jar:?]
2022-10-11 08:14:27,768 [Time-limited test] WARN  ozone.BasicOzoneFileSystem (BasicOzoneFileSystem.java:getFileStatus(765)) - GetFileStatus failed for path /gdir1/dir3/child
java.io.FileNotFoundException: gdir1/dir3/child: No such file or directory!
	at org.apache.hadoop.fs.ozone.BasicOzoneClientAdapterImpl.getFileStatus(BasicOzoneClientAdapterImpl.java:369)
	at org.apache.hadoop.fs.ozone.BasicOzoneFileSystem.getFileStatus(BasicOzoneFileSystem.java:757)
	at org.apache.hadoop.fs.ozone.TestOzoneFileSystem.checkPath(TestOzoneFileSystem.java:502)
	at org.apache.hadoop.fs.ozone.TestOzoneFileSystem.testRecursiveDelete(TestOzoneFileSystem.java:458)
	at sun.reflect.NativeMethodAccessorImpl.invoke0(Native Method)
	at sun.reflect.NativeMethodAccessorImpl.invoke(NativeMethodAccessorImpl.java:62)
	at sun.reflect.DelegatingMethodAccessorImpl.invoke(DelegatingMethodAccessorImpl.java:43)
	at java.lang.reflect.Method.invoke(Method.java:498)
	at org.junit.runners.model.FrameworkMethod$1.runReflectiveCall(FrameworkMethod.java:59)
	at org.junit.internal.runners.model.ReflectiveCallable.run(ReflectiveCallable.java:12)
	at org.junit.runners.model.FrameworkMethod.invokeExplosively(FrameworkMethod.java:56)
	at org.junit.internal.runners.statements.InvokeMethod.evaluate(InvokeMethod.java:17)
	at org.junit.internal.runners.statements.RunAfters.evaluate(RunAfters.java:27)
	at org.junit.internal.runners.statements.FailOnTimeout$CallableStatement.call(FailOnTimeout.java:288)
	at org.junit.internal.runners.statements.FailOnTimeout$CallableStatement.call(FailOnTimeout.java:282)
	at java.util.concurrent.FutureTask.run(FutureTask.java:266)
	at java.lang.Thread.run(Thread.java:750)
08:14:27.769 [IPC Server handler 12 on default port 40309] ERROR OMAudit - user=runner | ip=127.0.0.1 | op=GET_FILE_STATUS {volume=volume86011, bucket=bucket73886, key=gdir1/dir4, dataSize=0, replicationConfig=null} | ret=FAILURE
org.apache.hadoop.ozone.om.exceptions.OMException: Unable to get file status: volume: volume86011 bucket: bucket73886 key: gdir1/dir4
	at org.apache.hadoop.ozone.om.KeyManagerImpl.getOzoneFileStatusFSO(KeyManagerImpl.java:1336) ~[ozone-manager-1.3.0-SNAPSHOT.jar:?]
	at org.apache.hadoop.ozone.om.KeyManagerImpl.getFileStatus(KeyManagerImpl.java:1199) ~[ozone-manager-1.3.0-SNAPSHOT.jar:?]
	at org.apache.hadoop.ozone.om.OzoneManager.getFileStatus(OzoneManager.java:3570) ~[ozone-manager-1.3.0-SNAPSHOT.jar:?]
	at org.apache.hadoop.ozone.protocolPB.OzoneManagerRequestHandler.getOzoneFileStatus(OzoneManagerRequestHandler.java:907) ~[ozone-manager-1.3.0-SNAPSHOT.jar:?]
	at org.apache.hadoop.ozone.protocolPB.OzoneManagerRequestHandler.handleReadRequest(OzoneManagerRequestHandler.java:231) ~[ozone-manager-1.3.0-SNAPSHOT.jar:?]
	at org.apache.hadoop.ozone.protocolPB.OzoneManagerProtocolServerSideTranslatorPB.submitRequestDirectlyToOM(OzoneManagerProtocolServerSideTranslatorPB.java:276) ~[ozone-manager-1.3.0-SNAPSHOT.jar:?]
	at org.apache.hadoop.ozone.protocolPB.OzoneManagerProtocolServerSideTranslatorPB.processRequest(OzoneManagerProtocolServerSideTranslatorPB.java:205) ~[ozone-manager-1.3.0-SNAPSHOT.jar:?]
	at org.apache.hadoop.hdds.server.OzoneProtocolMessageDispatcher.processRequest(OzoneProtocolMessageDispatcher.java:87) [hdds-server-framework-1.3.0-SNAPSHOT.jar:?]
	at org.apache.hadoop.ozone.protocolPB.OzoneManagerProtocolServerSideTranslatorPB.submitRequest(OzoneManagerProtocolServerSideTranslatorPB.java:147) [ozone-manager-1.3.0-SNAPSHOT.jar:?]
	at org.apache.hadoop.ozone.protocol.proto.OzoneManagerProtocolProtos$OzoneManagerService$2.callBlockingMethod(OzoneManagerProtocolProtos.java) [ozone-interface-client-1.3.0-SNAPSHOT.jar:?]
	at org.apache.hadoop.ipc.ProtobufRpcEngine$Server.processCall(ProtobufRpcEngine.java:466) [hadoop-common-3.3.1.jar:?]
	at org.apache.hadoop.ipc.ProtobufRpcEngine2$Server$ProtoBufRpcInvoker.call(ProtobufRpcEngine2.java:574) [hadoop-common-3.3.1.jar:?]
	at org.apache.hadoop.ipc.ProtobufRpcEngine2$Server$ProtoBufRpcInvoker.call(ProtobufRpcEngine2.java:552) [hadoop-common-3.3.1.jar:?]
	at org.apache.hadoop.ipc.RPC$Server.call(RPC.java:1093) [hadoop-common-3.3.1.jar:?]
	at org.apache.hadoop.ipc.Server$RpcCall.run(Server.java:1035) [hadoop-common-3.3.1.jar:?]
	at org.apache.hadoop.ipc.Server$RpcCall.run(Server.java:963) [hadoop-common-3.3.1.jar:?]
	at java.security.AccessController.doPrivileged(Native Method) ~[?:1.8.0_345]
	at javax.security.auth.Subject.doAs(Subject.java:422) [?:1.8.0_345]
	at org.apache.hadoop.security.UserGroupInformation.doAs(UserGroupInformation.java:1878) [hadoop-common-3.3.1.jar:?]
	at org.apache.hadoop.ipc.Server$Handler.run(Server.java:2966) [hadoop-common-3.3.1.jar:?]
2022-10-11 08:14:27,770 [Time-limited test] WARN  ozone.BasicOzoneFileSystem (BasicOzoneFileSystem.java:getFileStatus(765)) - GetFileStatus failed for path /gdir1/dir4
java.io.FileNotFoundException: gdir1/dir4: No such file or directory!
	at org.apache.hadoop.fs.ozone.BasicOzoneClientAdapterImpl.getFileStatus(BasicOzoneClientAdapterImpl.java:369)
	at org.apache.hadoop.fs.ozone.BasicOzoneFileSystem.getFileStatus(BasicOzoneFileSystem.java:757)
	at org.apache.hadoop.fs.ozone.TestOzoneFileSystem.checkPath(TestOzoneFileSystem.java:502)
	at org.apache.hadoop.fs.ozone.TestOzoneFileSystem.testRecursiveDelete(TestOzoneFileSystem.java:457)
	at sun.reflect.NativeMethodAccessorImpl.invoke0(Native Method)
	at sun.reflect.NativeMethodAccessorImpl.invoke(NativeMethodAccessorImpl.java:62)
	at sun.reflect.DelegatingMethodAccessorImpl.invoke(DelegatingMethodAccessorImpl.java:43)
	at java.lang.reflect.Method.invoke(Method.java:498)
	at org.junit.runners.model.FrameworkMethod$1.runReflectiveCall(FrameworkMethod.java:59)
	at org.junit.internal.runners.model.ReflectiveCallable.run(ReflectiveCallable.java:12)
	at org.junit.runners.model.FrameworkMethod.invokeExplosively(FrameworkMethod.java:56)
	at org.junit.internal.runners.statements.InvokeMethod.evaluate(InvokeMethod.java:17)
	at org.junit.internal.runners.statements.RunAfters.evaluate(RunAfters.java:27)
	at org.junit.internal.runners.statements.FailOnTimeout$CallableStatement.call(FailOnTimeout.java:288)
	at org.junit.internal.runners.statements.FailOnTimeout$CallableStatement.call(FailOnTimeout.java:282)
	at java.util.concurrent.FutureTask.run(FutureTask.java:266)
	at java.lang.Thread.run(Thread.java:750)
08:14:27.772 [IPC Server handler 13 on default port 40309] ERROR OMAudit - user=runner | ip=127.0.0.1 | op=GET_FILE_STATUS {volume=volume86011, bucket=bucket73886, key=gdir1/dir4/child, dataSize=0, replicationConfig=null} | ret=FAILURE
org.apache.hadoop.ozone.om.exceptions.OMException: Unable to get file status: volume: volume86011 bucket: bucket73886 key: gdir1/dir4/child
	at org.apache.hadoop.ozone.om.KeyManagerImpl.getOzoneFileStatusFSO(KeyManagerImpl.java:1336) ~[ozone-manager-1.3.0-SNAPSHOT.jar:?]
	at org.apache.hadoop.ozone.om.KeyManagerImpl.getFileStatus(KeyManagerImpl.java:1199) ~[ozone-manager-1.3.0-SNAPSHOT.jar:?]
	at org.apache.hadoop.ozone.om.OzoneManager.getFileStatus(OzoneManager.java:3570) ~[ozone-manager-1.3.0-SNAPSHOT.jar:?]
	at org.apache.hadoop.ozone.protocolPB.OzoneManagerRequestHandler.getOzoneFileStatus(OzoneManagerRequestHandler.java:907) ~[ozone-manager-1.3.0-SNAPSHOT.jar:?]
	at org.apache.hadoop.ozone.protocolPB.OzoneManagerRequestHandler.handleReadRequest(OzoneManagerRequestHandler.java:231) ~[ozone-manager-1.3.0-SNAPSHOT.jar:?]
	at org.apache.hadoop.ozone.protocolPB.OzoneManagerProtocolServerSideTranslatorPB.submitRequestDirectlyToOM(OzoneManagerProtocolServerSideTranslatorPB.java:276) ~[ozone-manager-1.3.0-SNAPSHOT.jar:?]
	at org.apache.hadoop.ozone.protocolPB.OzoneManagerProtocolServerSideTranslatorPB.processRequest(OzoneManagerProtocolServerSideTranslatorPB.java:205) ~[ozone-manager-1.3.0-SNAPSHOT.jar:?]
	at org.apache.hadoop.hdds.server.OzoneProtocolMessageDispatcher.processRequest(OzoneProtocolMessageDispatcher.java:87) [hdds-server-framework-1.3.0-SNAPSHOT.jar:?]
	at org.apache.hadoop.ozone.protocolPB.OzoneManagerProtocolServerSideTranslatorPB.submitRequest(OzoneManagerProtocolServerSideTranslatorPB.java:147) [ozone-manager-1.3.0-SNAPSHOT.jar:?]
	at org.apache.hadoop.ozone.protocol.proto.OzoneManagerProtocolProtos$OzoneManagerService$2.callBlockingMethod(OzoneManagerProtocolProtos.java) [ozone-interface-client-1.3.0-SNAPSHOT.jar:?]
	at org.apache.hadoop.ipc.ProtobufRpcEngine$Server.processCall(ProtobufRpcEngine.java:466) [hadoop-common-3.3.1.jar:?]
	at org.apache.hadoop.ipc.ProtobufRpcEngine2$Server$ProtoBufRpcInvoker.call(ProtobufRpcEngine2.java:574) [hadoop-common-3.3.1.jar:?]
	at org.apache.hadoop.ipc.ProtobufRpcEngine2$Server$ProtoBufRpcInvoker.call(ProtobufRpcEngine2.java:552) [hadoop-common-3.3.1.jar:?]
	at org.apache.hadoop.ipc.RPC$Server.call(RPC.java:1093) [hadoop-common-3.3.1.jar:?]
	at org.apache.hadoop.ipc.Server$RpcCall.run(Server.java:1035) [hadoop-common-3.3.1.jar:?]
	at org.apache.hadoop.ipc.Server$RpcCall.run(Server.java:963) [hadoop-common-3.3.1.jar:?]
	at java.security.AccessController.doPrivileged(Native Method) ~[?:1.8.0_345]
	at javax.security.auth.Subject.doAs(Subject.java:422) [?:1.8.0_345]
	at org.apache.hadoop.security.UserGroupInformation.doAs(UserGroupInformation.java:1878) [hadoop-common-3.3.1.jar:?]
	at org.apache.hadoop.ipc.Server$Handler.run(Server.java:2966) [hadoop-common-3.3.1.jar:?]
2022-10-11 08:14:27,776 [Time-limited test] WARN  ozone.BasicOzoneFileSystem (BasicOzoneFileSystem.java:getFileStatus(765)) - GetFileStatus failed for path /gdir1/dir4/child
java.io.FileNotFoundException: gdir1/dir4/child: No such file or directory!
	at org.apache.hadoop.fs.ozone.BasicOzoneClientAdapterImpl.getFileStatus(BasicOzoneClientAdapterImpl.java:369)
	at org.apache.hadoop.fs.ozone.BasicOzoneFileSystem.getFileStatus(BasicOzoneFileSystem.java:757)
	at org.apache.hadoop.fs.ozone.TestOzoneFileSystem.checkPath(TestOzoneFileSystem.java:502)
	at org.apache.hadoop.fs.ozone.TestOzoneFileSystem.testRecursiveDelete(TestOzoneFileSystem.java:458)
	at sun.reflect.NativeMethodAccessorImpl.invoke0(Native Method)
	at sun.reflect.NativeMethodAccessorImpl.invoke(NativeMethodAccessorImpl.java:62)
	at sun.reflect.DelegatingMethodAccessorImpl.invoke(DelegatingMethodAccessorImpl.java:43)
	at java.lang.reflect.Method.invoke(Method.java:498)
	at org.junit.runners.model.FrameworkMethod$1.runReflectiveCall(FrameworkMethod.java:59)
	at org.junit.internal.runners.model.ReflectiveCallable.run(ReflectiveCallable.java:12)
	at org.junit.runners.model.FrameworkMethod.invokeExplosively(FrameworkMethod.java:56)
	at org.junit.internal.runners.statements.InvokeMethod.evaluate(InvokeMethod.java:17)
	at org.junit.internal.runners.statements.RunAfters.evaluate(RunAfters.java:27)
	at org.junit.internal.runners.statements.FailOnTimeout$CallableStatement.call(FailOnTimeout.java:288)
	at org.junit.internal.runners.statements.FailOnTimeout$CallableStatement.call(FailOnTimeout.java:282)
	at java.util.concurrent.FutureTask.run(FutureTask.java:266)
	at java.lang.Thread.run(Thread.java:750)
08:14:27.776 [IPC Server handler 14 on default port 40309] ERROR OMAudit - user=runner | ip=127.0.0.1 | op=GET_FILE_STATUS {volume=volume86011, bucket=bucket73886, key=gdir1/dir5, dataSize=0, replicationConfig=null} | ret=FAILURE
org.apache.hadoop.ozone.om.exceptions.OMException: Unable to get file status: volume: volume86011 bucket: bucket73886 key: gdir1/dir5
	at org.apache.hadoop.ozone.om.KeyManagerImpl.getOzoneFileStatusFSO(KeyManagerImpl.java:1336) ~[ozone-manager-1.3.0-SNAPSHOT.jar:?]
	at org.apache.hadoop.ozone.om.KeyManagerImpl.getFileStatus(KeyManagerImpl.java:1199) ~[ozone-manager-1.3.0-SNAPSHOT.jar:?]
	at org.apache.hadoop.ozone.om.OzoneManager.getFileStatus(OzoneManager.java:3570) ~[ozone-manager-1.3.0-SNAPSHOT.jar:?]
	at org.apache.hadoop.ozone.protocolPB.OzoneManagerRequestHandler.getOzoneFileStatus(OzoneManagerRequestHandler.java:907) ~[ozone-manager-1.3.0-SNAPSHOT.jar:?]
	at org.apache.hadoop.ozone.protocolPB.OzoneManagerRequestHandler.handleReadRequest(OzoneManagerRequestHandler.java:231) ~[ozone-manager-1.3.0-SNAPSHOT.jar:?]
	at org.apache.hadoop.ozone.protocolPB.OzoneManagerProtocolServerSideTranslatorPB.submitRequestDirectlyToOM(OzoneManagerProtocolServerSideTranslatorPB.java:276) ~[ozone-manager-1.3.0-SNAPSHOT.jar:?]
	at org.apache.hadoop.ozone.protocolPB.OzoneManagerProtocolServerSideTranslatorPB.processRequest(OzoneManagerProtocolServerSideTranslatorPB.java:205) ~[ozone-manager-1.3.0-SNAPSHOT.jar:?]
	at org.apache.hadoop.hdds.server.OzoneProtocolMessageDispatcher.processRequest(OzoneProtocolMessageDispatcher.java:87) [hdds-server-framework-1.3.0-SNAPSHOT.jar:?]
	at org.apache.hadoop.ozone.protocolPB.OzoneManagerProtocolServerSideTranslatorPB.submitRequest(OzoneManagerProtocolServerSideTranslatorPB.java:147) [ozone-manager-1.3.0-SNAPSHOT.jar:?]
	at org.apache.hadoop.ozone.protocol.proto.OzoneManagerProtocolProtos$OzoneManagerService$2.callBlockingMethod(OzoneManagerProtocolProtos.java) [ozone-interface-client-1.3.0-SNAPSHOT.jar:?]
	at org.apache.hadoop.ipc.ProtobufRpcEngine$Server.processCall(ProtobufRpcEngine.java:466) [hadoop-common-3.3.1.jar:?]
	at org.apache.hadoop.ipc.ProtobufRpcEngine2$Server$ProtoBufRpcInvoker.call(ProtobufRpcEngine2.java:574) [hadoop-common-3.3.1.jar:?]
	at org.apache.hadoop.ipc.ProtobufRpcEngine2$Server$ProtoBufRpcInvoker.call(ProtobufRpcEngine2.java:552) [hadoop-common-3.3.1.jar:?]
	at org.apache.hadoop.ipc.RPC$Server.call(RPC.java:1093) [hadoop-common-3.3.1.jar:?]
	at org.apache.hadoop.ipc.Server$RpcCall.run(Server.java:1035) [hadoop-common-3.3.1.jar:?]
	at org.apache.hadoop.ipc.Server$RpcCall.run(Server.java:963) [hadoop-common-3.3.1.jar:?]
	at java.security.AccessController.doPrivileged(Native Method) ~[?:1.8.0_345]
	at javax.security.auth.Subject.doAs(Subject.java:422) [?:1.8.0_345]
	at org.apache.hadoop.security.UserGroupInformation.doAs(UserGroupInformation.java:1878) [hadoop-common-3.3.1.jar:?]
	at org.apache.hadoop.ipc.Server$Handler.run(Server.java:2966) [hadoop-common-3.3.1.jar:?]
2022-10-11 08:14:27,778 [Time-limited test] WARN  ozone.BasicOzoneFileSystem (BasicOzoneFileSystem.java:getFileStatus(765)) - GetFileStatus failed for path /gdir1/dir5
java.io.FileNotFoundException: gdir1/dir5: No such file or directory!
	at org.apache.hadoop.fs.ozone.BasicOzoneClientAdapterImpl.getFileStatus(BasicOzoneClientAdapterImpl.java:369)
	at org.apache.hadoop.fs.ozone.BasicOzoneFileSystem.getFileStatus(BasicOzoneFileSystem.java:757)
	at org.apache.hadoop.fs.ozone.TestOzoneFileSystem.checkPath(TestOzoneFileSystem.java:502)
	at org.apache.hadoop.fs.ozone.TestOzoneFileSystem.testRecursiveDelete(TestOzoneFileSystem.java:457)
	at sun.reflect.NativeMethodAccessorImpl.invoke0(Native Method)
	at sun.reflect.NativeMethodAccessorImpl.invoke(NativeMethodAccessorImpl.java:62)
	at sun.reflect.DelegatingMethodAccessorImpl.invoke(DelegatingMethodAccessorImpl.java:43)
	at java.lang.reflect.Method.invoke(Method.java:498)
	at org.junit.runners.model.FrameworkMethod$1.runReflectiveCall(FrameworkMethod.java:59)
	at org.junit.internal.runners.model.ReflectiveCallable.run(ReflectiveCallable.java:12)
	at org.junit.runners.model.FrameworkMethod.invokeExplosively(FrameworkMethod.java:56)
	at org.junit.internal.runners.statements.InvokeMethod.evaluate(InvokeMethod.java:17)
	at org.junit.internal.runners.statements.RunAfters.evaluate(RunAfters.java:27)
	at org.junit.internal.runners.statements.FailOnTimeout$CallableStatement.call(FailOnTimeout.java:288)
	at org.junit.internal.runners.statements.FailOnTimeout$CallableStatement.call(FailOnTimeout.java:282)
	at java.util.concurrent.FutureTask.run(FutureTask.java:266)
	at java.lang.Thread.run(Thread.java:750)
08:14:27.779 [IPC Server handler 15 on default port 40309] ERROR OMAudit - user=runner | ip=127.0.0.1 | op=GET_FILE_STATUS {volume=volume86011, bucket=bucket73886, key=gdir1/dir5/child, dataSize=0, replicationConfig=null} | ret=FAILURE
org.apache.hadoop.ozone.om.exceptions.OMException: Unable to get file status: volume: volume86011 bucket: bucket73886 key: gdir1/dir5/child
	at org.apache.hadoop.ozone.om.KeyManagerImpl.getOzoneFileStatusFSO(KeyManagerImpl.java:1336) ~[ozone-manager-1.3.0-SNAPSHOT.jar:?]
	at org.apache.hadoop.ozone.om.KeyManagerImpl.getFileStatus(KeyManagerImpl.java:1199) ~[ozone-manager-1.3.0-SNAPSHOT.jar:?]
	at org.apache.hadoop.ozone.om.OzoneManager.getFileStatus(OzoneManager.java:3570) ~[ozone-manager-1.3.0-SNAPSHOT.jar:?]
	at org.apache.hadoop.ozone.protocolPB.OzoneManagerRequestHandler.getOzoneFileStatus(OzoneManagerRequestHandler.java:907) ~[ozone-manager-1.3.0-SNAPSHOT.jar:?]
	at org.apache.hadoop.ozone.protocolPB.OzoneManagerRequestHandler.handleReadRequest(OzoneManagerRequestHandler.java:231) ~[ozone-manager-1.3.0-SNAPSHOT.jar:?]
	at org.apache.hadoop.ozone.protocolPB.OzoneManagerProtocolServerSideTranslatorPB.submitRequestDirectlyToOM(OzoneManagerProtocolServerSideTranslatorPB.java:276) ~[ozone-manager-1.3.0-SNAPSHOT.jar:?]
	at org.apache.hadoop.ozone.protocolPB.OzoneManagerProtocolServerSideTranslatorPB.processRequest(OzoneManagerProtocolServerSideTranslatorPB.java:205) ~[ozone-manager-1.3.0-SNAPSHOT.jar:?]
	at org.apache.hadoop.hdds.server.OzoneProtocolMessageDispatcher.processRequest(OzoneProtocolMessageDispatcher.java:87) [hdds-server-framework-1.3.0-SNAPSHOT.jar:?]
	at org.apache.hadoop.ozone.protocolPB.OzoneManagerProtocolServerSideTranslatorPB.submitRequest(OzoneManagerProtocolServerSideTranslatorPB.java:147) [ozone-manager-1.3.0-SNAPSHOT.jar:?]
	at org.apache.hadoop.ozone.protocol.proto.OzoneManagerProtocolProtos$OzoneManagerService$2.callBlockingMethod(OzoneManagerProtocolProtos.java) [ozone-interface-client-1.3.0-SNAPSHOT.jar:?]
	at org.apache.hadoop.ipc.ProtobufRpcEngine$Server.processCall(ProtobufRpcEngine.java:466) [hadoop-common-3.3.1.jar:?]
	at org.apache.hadoop.ipc.ProtobufRpcEngine2$Server$ProtoBufRpcInvoker.call(ProtobufRpcEngine2.java:574) [hadoop-common-3.3.1.jar:?]
	at org.apache.hadoop.ipc.ProtobufRpcEngine2$Server$ProtoBufRpcInvoker.call(ProtobufRpcEngine2.java:552) [hadoop-common-3.3.1.jar:?]
	at org.apache.hadoop.ipc.RPC$Server.call(RPC.java:1093) [hadoop-common-3.3.1.jar:?]
	at org.apache.hadoop.ipc.Server$RpcCall.run(Server.java:1035) [hadoop-common-3.3.1.jar:?]
	at org.apache.hadoop.ipc.Server$RpcCall.run(Server.java:963) [hadoop-common-3.3.1.jar:?]
	at java.security.AccessController.doPrivileged(Native Method) ~[?:1.8.0_345]
	at javax.security.auth.Subject.doAs(Subject.java:422) [?:1.8.0_345]
	at org.apache.hadoop.security.UserGroupInformation.doAs(UserGroupInformation.java:1878) [hadoop-common-3.3.1.jar:?]
	at org.apache.hadoop.ipc.Server$Handler.run(Server.java:2966) [hadoop-common-3.3.1.jar:?]
2022-10-11 08:14:27,780 [Time-limited test] WARN  ozone.BasicOzoneFileSystem (BasicOzoneFileSystem.java:getFileStatus(765)) - GetFileStatus failed for path /gdir1/dir5/child
java.io.FileNotFoundException: gdir1/dir5/child: No such file or directory!
	at org.apache.hadoop.fs.ozone.BasicOzoneClientAdapterImpl.getFileStatus(BasicOzoneClientAdapterImpl.java:369)
	at org.apache.hadoop.fs.ozone.BasicOzoneFileSystem.getFileStatus(BasicOzoneFileSystem.java:757)
	at org.apache.hadoop.fs.ozone.TestOzoneFileSystem.checkPath(TestOzoneFileSystem.java:502)
	at org.apache.hadoop.fs.ozone.TestOzoneFileSystem.testRecursiveDelete(TestOzoneFileSystem.java:458)
	at sun.reflect.NativeMethodAccessorImpl.invoke0(Native Method)
	at sun.reflect.NativeMethodAccessorImpl.invoke(NativeMethodAccessorImpl.java:62)
	at sun.reflect.DelegatingMethodAccessorImpl.invoke(DelegatingMethodAccessorImpl.java:43)
	at java.lang.reflect.Method.invoke(Method.java:498)
	at org.junit.runners.model.FrameworkMethod$1.runReflectiveCall(FrameworkMethod.java:59)
	at org.junit.internal.runners.model.ReflectiveCallable.run(ReflectiveCallable.java:12)
	at org.junit.runners.model.FrameworkMethod.invokeExplosively(FrameworkMethod.java:56)
	at org.junit.internal.runners.statements.InvokeMethod.evaluate(InvokeMethod.java:17)
	at org.junit.internal.runners.statements.RunAfters.evaluate(RunAfters.java:27)
	at org.junit.internal.runners.statements.FailOnTimeout$CallableStatement.call(FailOnTimeout.java:288)
	at org.junit.internal.runners.statements.FailOnTimeout$CallableStatement.call(FailOnTimeout.java:282)
	at java.util.concurrent.FutureTask.run(FutureTask.java:266)
	at java.lang.Thread.run(Thread.java:750)
08:14:27.781 [IPC Server handler 16 on default port 40309] ERROR OMAudit - user=runner | ip=127.0.0.1 | op=GET_FILE_STATUS {volume=volume86011, bucket=bucket73886, key=gdir1/dir6, dataSize=0, replicationConfig=null} | ret=FAILURE
org.apache.hadoop.ozone.om.exceptions.OMException: Unable to get file status: volume: volume86011 bucket: bucket73886 key: gdir1/dir6
	at org.apache.hadoop.ozone.om.KeyManagerImpl.getOzoneFileStatusFSO(KeyManagerImpl.java:1336) ~[ozone-manager-1.3.0-SNAPSHOT.jar:?]
	at org.apache.hadoop.ozone.om.KeyManagerImpl.getFileStatus(KeyManagerImpl.java:1199) ~[ozone-manager-1.3.0-SNAPSHOT.jar:?]
	at org.apache.hadoop.ozone.om.OzoneManager.getFileStatus(OzoneManager.java:3570) ~[ozone-manager-1.3.0-SNAPSHOT.jar:?]
	at org.apache.hadoop.ozone.protocolPB.OzoneManagerRequestHandler.getOzoneFileStatus(OzoneManagerRequestHandler.java:907) ~[ozone-manager-1.3.0-SNAPSHOT.jar:?]
	at org.apache.hadoop.ozone.protocolPB.OzoneManagerRequestHandler.handleReadRequest(OzoneManagerRequestHandler.java:231) ~[ozone-manager-1.3.0-SNAPSHOT.jar:?]
	at org.apache.hadoop.ozone.protocolPB.OzoneManagerProtocolServerSideTranslatorPB.submitRequestDirectlyToOM(OzoneManagerProtocolServerSideTranslatorPB.java:276) ~[ozone-manager-1.3.0-SNAPSHOT.jar:?]
	at org.apache.hadoop.ozone.protocolPB.OzoneManagerProtocolServerSideTranslatorPB.processRequest(OzoneManagerProtocolServerSideTranslatorPB.java:205) ~[ozone-manager-1.3.0-SNAPSHOT.jar:?]
	at org.apache.hadoop.hdds.server.OzoneProtocolMessageDispatcher.processRequest(OzoneProtocolMessageDispatcher.java:87) [hdds-server-framework-1.3.0-SNAPSHOT.jar:?]
	at org.apache.hadoop.ozone.protocolPB.OzoneManagerProtocolServerSideTranslatorPB.submitRequest(OzoneManagerProtocolServerSideTranslatorPB.java:147) [ozone-manager-1.3.0-SNAPSHOT.jar:?]
	at org.apache.hadoop.ozone.protocol.proto.OzoneManagerProtocolProtos$OzoneManagerService$2.callBlockingMethod(OzoneManagerProtocolProtos.java) [ozone-interface-client-1.3.0-SNAPSHOT.jar:?]
	at org.apache.hadoop.ipc.ProtobufRpcEngine$Server.processCall(ProtobufRpcEngine.java:466) [hadoop-common-3.3.1.jar:?]
	at org.apache.hadoop.ipc.ProtobufRpcEngine2$Server$ProtoBufRpcInvoker.call(ProtobufRpcEngine2.java:574) [hadoop-common-3.3.1.jar:?]
	at org.apache.hadoop.ipc.ProtobufRpcEngine2$Server$ProtoBufRpcInvoker.call(ProtobufRpcEngine2.java:552) [hadoop-common-3.3.1.jar:?]
	at org.apache.hadoop.ipc.RPC$Server.call(RPC.java:1093) [hadoop-common-3.3.1.jar:?]
	at org.apache.hadoop.ipc.Server$RpcCall.run(Server.java:1035) [hadoop-common-3.3.1.jar:?]
	at org.apache.hadoop.ipc.Server$RpcCall.run(Server.java:963) [hadoop-common-3.3.1.jar:?]
	at java.security.AccessController.doPrivileged(Native Method) ~[?:1.8.0_345]
	at javax.security.auth.Subject.doAs(Subject.java:422) [?:1.8.0_345]
	at org.apache.hadoop.security.UserGroupInformation.doAs(UserGroupInformation.java:1878) [hadoop-common-3.3.1.jar:?]
	at org.apache.hadoop.ipc.Server$Handler.run(Server.java:2966) [hadoop-common-3.3.1.jar:?]
2022-10-11 08:14:27,781 [Time-limited test] WARN  ozone.BasicOzoneFileSystem (BasicOzoneFileSystem.java:getFileStatus(765)) - GetFileStatus failed for path /gdir1/dir6
java.io.FileNotFoundException: gdir1/dir6: No such file or directory!
	at org.apache.hadoop.fs.ozone.BasicOzoneClientAdapterImpl.getFileStatus(BasicOzoneClientAdapterImpl.java:369)
	at org.apache.hadoop.fs.ozone.BasicOzoneFileSystem.getFileStatus(BasicOzoneFileSystem.java:757)
	at org.apache.hadoop.fs.ozone.TestOzoneFileSystem.checkPath(TestOzoneFileSystem.java:502)
	at org.apache.hadoop.fs.ozone.TestOzoneFileSystem.testRecursiveDelete(TestOzoneFileSystem.java:457)
	at sun.reflect.NativeMethodAccessorImpl.invoke0(Native Method)
	at sun.reflect.NativeMethodAccessorImpl.invoke(NativeMethodAccessorImpl.java:62)
	at sun.reflect.DelegatingMethodAccessorImpl.invoke(DelegatingMethodAccessorImpl.java:43)
	at java.lang.reflect.Method.invoke(Method.java:498)
	at org.junit.runners.model.FrameworkMethod$1.runReflectiveCall(FrameworkMethod.java:59)
	at org.junit.internal.runners.model.ReflectiveCallable.run(ReflectiveCallable.java:12)
	at org.junit.runners.model.FrameworkMethod.invokeExplosively(FrameworkMethod.java:56)
	at org.junit.internal.runners.statements.InvokeMethod.evaluate(InvokeMethod.java:17)
	at org.junit.internal.runners.statements.RunAfters.evaluate(RunAfters.java:27)
	at org.junit.internal.runners.statements.FailOnTimeout$CallableStatement.call(FailOnTimeout.java:288)
	at org.junit.internal.runners.statements.FailOnTimeout$CallableStatement.call(FailOnTimeout.java:282)
	at java.util.concurrent.FutureTask.run(FutureTask.java:266)
	at java.lang.Thread.run(Thread.java:750)
08:14:27.781 [IPC Server handler 17 on default port 40309] ERROR OMAudit - user=runner | ip=127.0.0.1 | op=GET_FILE_STATUS {volume=volume86011, bucket=bucket73886, key=gdir1/dir6/child, dataSize=0, replicationConfig=null} | ret=FAILURE
org.apache.hadoop.ozone.om.exceptions.OMException: Unable to get file status: volume: volume86011 bucket: bucket73886 key: gdir1/dir6/child
	at org.apache.hadoop.ozone.om.KeyManagerImpl.getOzoneFileStatusFSO(KeyManagerImpl.java:1336) ~[ozone-manager-1.3.0-SNAPSHOT.jar:?]
	at org.apache.hadoop.ozone.om.KeyManagerImpl.getFileStatus(KeyManagerImpl.java:1199) ~[ozone-manager-1.3.0-SNAPSHOT.jar:?]
	at org.apache.hadoop.ozone.om.OzoneManager.getFileStatus(OzoneManager.java:3570) ~[ozone-manager-1.3.0-SNAPSHOT.jar:?]
	at org.apache.hadoop.ozone.protocolPB.OzoneManagerRequestHandler.getOzoneFileStatus(OzoneManagerRequestHandler.java:907) ~[ozone-manager-1.3.0-SNAPSHOT.jar:?]
	at org.apache.hadoop.ozone.protocolPB.OzoneManagerRequestHandler.handleReadRequest(OzoneManagerRequestHandler.java:231) ~[ozone-manager-1.3.0-SNAPSHOT.jar:?]
	at org.apache.hadoop.ozone.protocolPB.OzoneManagerProtocolServerSideTranslatorPB.submitRequestDirectlyToOM(OzoneManagerProtocolServerSideTranslatorPB.java:276) ~[ozone-manager-1.3.0-SNAPSHOT.jar:?]
	at org.apache.hadoop.ozone.protocolPB.OzoneManagerProtocolServerSideTranslatorPB.processRequest(OzoneManagerProtocolServerSideTranslatorPB.java:205) ~[ozone-manager-1.3.0-SNAPSHOT.jar:?]
	at org.apache.hadoop.hdds.server.OzoneProtocolMessageDispatcher.processRequest(OzoneProtocolMessageDispatcher.java:87) [hdds-server-framework-1.3.0-SNAPSHOT.jar:?]
	at org.apache.hadoop.ozone.protocolPB.OzoneManagerProtocolServerSideTranslatorPB.submitRequest(OzoneManagerProtocolServerSideTranslatorPB.java:147) [ozone-manager-1.3.0-SNAPSHOT.jar:?]
	at org.apache.hadoop.ozone.protocol.proto.OzoneManagerProtocolProtos$OzoneManagerService$2.callBlockingMethod(OzoneManagerProtocolProtos.java) [ozone-interface-client-1.3.0-SNAPSHOT.jar:?]
	at org.apache.hadoop.ipc.ProtobufRpcEngine$Server.processCall(ProtobufRpcEngine.java:466) [hadoop-common-3.3.1.jar:?]
	at org.apache.hadoop.ipc.ProtobufRpcEngine2$Server$ProtoBufRpcInvoker.call(ProtobufRpcEngine2.java:574) [hadoop-common-3.3.1.jar:?]
	at org.apache.hadoop.ipc.ProtobufRpcEngine2$Server$ProtoBufRpcInvoker.call(ProtobufRpcEngine2.java:552) [hadoop-common-3.3.1.jar:?]
	at org.apache.hadoop.ipc.RPC$Server.call(RPC.java:1093) [hadoop-common-3.3.1.jar:?]
	at org.apache.hadoop.ipc.Server$RpcCall.run(Server.java:1035) [hadoop-common-3.3.1.jar:?]
	at org.apache.hadoop.ipc.Server$RpcCall.run(Server.java:963) [hadoop-common-3.3.1.jar:?]
	at java.security.AccessController.doPrivileged(Native Method) ~[?:1.8.0_345]
	at javax.security.auth.Subject.doAs(Subject.java:422) [?:1.8.0_345]
	at org.apache.hadoop.security.UserGroupInformation.doAs(UserGroupInformation.java:1878) [hadoop-common-3.3.1.jar:?]
	at org.apache.hadoop.ipc.Server$Handler.run(Server.java:2966) [hadoop-common-3.3.1.jar:?]
2022-10-11 08:14:27,782 [Time-limited test] WARN  ozone.BasicOzoneFileSystem (BasicOzoneFileSystem.java:getFileStatus(765)) - GetFileStatus failed for path /gdir1/dir6/child
java.io.FileNotFoundException: gdir1/dir6/child: No such file or directory!
	at org.apache.hadoop.fs.ozone.BasicOzoneClientAdapterImpl.getFileStatus(BasicOzoneClientAdapterImpl.java:369)
	at org.apache.hadoop.fs.ozone.BasicOzoneFileSystem.getFileStatus(BasicOzoneFileSystem.java:757)
	at org.apache.hadoop.fs.ozone.TestOzoneFileSystem.checkPath(TestOzoneFileSystem.java:502)
	at org.apache.hadoop.fs.ozone.TestOzoneFileSystem.testRecursiveDelete(TestOzoneFileSystem.java:458)
	at sun.reflect.NativeMethodAccessorImpl.invoke0(Native Method)
	at sun.reflect.NativeMethodAccessorImpl.invoke(NativeMethodAccessorImpl.java:62)
	at sun.reflect.DelegatingMethodAccessorImpl.invoke(DelegatingMethodAccessorImpl.java:43)
	at java.lang.reflect.Method.invoke(Method.java:498)
	at org.junit.runners.model.FrameworkMethod$1.runReflectiveCall(FrameworkMethod.java:59)
	at org.junit.internal.runners.model.ReflectiveCallable.run(ReflectiveCallable.java:12)
	at org.junit.runners.model.FrameworkMethod.invokeExplosively(FrameworkMethod.java:56)
	at org.junit.internal.runners.statements.InvokeMethod.evaluate(InvokeMethod.java:17)
	at org.junit.internal.runners.statements.RunAfters.evaluate(RunAfters.java:27)
	at org.junit.internal.runners.statements.FailOnTimeout$CallableStatement.call(FailOnTimeout.java:288)
	at org.junit.internal.runners.statements.FailOnTimeout$CallableStatement.call(FailOnTimeout.java:282)
	at java.util.concurrent.FutureTask.run(FutureTask.java:266)
	at java.lang.Thread.run(Thread.java:750)
08:14:27.782 [IPC Server handler 18 on default port 40309] ERROR OMAudit - user=runner | ip=127.0.0.1 | op=GET_FILE_STATUS {volume=volume86011, bucket=bucket73886, key=gdir1/dir7, dataSize=0, replicationConfig=null} | ret=FAILURE
org.apache.hadoop.ozone.om.exceptions.OMException: Unable to get file status: volume: volume86011 bucket: bucket73886 key: gdir1/dir7
	at org.apache.hadoop.ozone.om.KeyManagerImpl.getOzoneFileStatusFSO(KeyManagerImpl.java:1336) ~[ozone-manager-1.3.0-SNAPSHOT.jar:?]
	at org.apache.hadoop.ozone.om.KeyManagerImpl.getFileStatus(KeyManagerImpl.java:1199) ~[ozone-manager-1.3.0-SNAPSHOT.jar:?]
	at org.apache.hadoop.ozone.om.OzoneManager.getFileStatus(OzoneManager.java:3570) ~[ozone-manager-1.3.0-SNAPSHOT.jar:?]
	at org.apache.hadoop.ozone.protocolPB.OzoneManagerRequestHandler.getOzoneFileStatus(OzoneManagerRequestHandler.java:907) ~[ozone-manager-1.3.0-SNAPSHOT.jar:?]
	at org.apache.hadoop.ozone.protocolPB.OzoneManagerRequestHandler.handleReadRequest(OzoneManagerRequestHandler.java:231) ~[ozone-manager-1.3.0-SNAPSHOT.jar:?]
	at org.apache.hadoop.ozone.protocolPB.OzoneManagerProtocolServerSideTranslatorPB.submitRequestDirectlyToOM(OzoneManagerProtocolServerSideTranslatorPB.java:276) ~[ozone-manager-1.3.0-SNAPSHOT.jar:?]
	at org.apache.hadoop.ozone.protocolPB.OzoneManagerProtocolServerSideTranslatorPB.processRequest(OzoneManagerProtocolServerSideTranslatorPB.java:205) ~[ozone-manager-1.3.0-SNAPSHOT.jar:?]
	at org.apache.hadoop.hdds.server.OzoneProtocolMessageDispatcher.processRequest(OzoneProtocolMessageDispatcher.java:87) [hdds-server-framework-1.3.0-SNAPSHOT.jar:?]
	at org.apache.hadoop.ozone.protocolPB.OzoneManagerProtocolServerSideTranslatorPB.submitRequest(OzoneManagerProtocolServerSideTranslatorPB.java:147) [ozone-manager-1.3.0-SNAPSHOT.jar:?]
	at org.apache.hadoop.ozone.protocol.proto.OzoneManagerProtocolProtos$OzoneManagerService$2.callBlockingMethod(OzoneManagerProtocolProtos.java) [ozone-interface-client-1.3.0-SNAPSHOT.jar:?]
	at org.apache.hadoop.ipc.ProtobufRpcEngine$Server.processCall(ProtobufRpcEngine.java:466) [hadoop-common-3.3.1.jar:?]
	at org.apache.hadoop.ipc.ProtobufRpcEngine2$Server$ProtoBufRpcInvoker.call(ProtobufRpcEngine2.java:574) [hadoop-common-3.3.1.jar:?]
	at org.apache.hadoop.ipc.ProtobufRpcEngine2$Server$ProtoBufRpcInvoker.call(ProtobufRpcEngine2.java:552) [hadoop-common-3.3.1.jar:?]
	at org.apache.hadoop.ipc.RPC$Server.call(RPC.java:1093) [hadoop-common-3.3.1.jar:?]
	at org.apache.hadoop.ipc.Server$RpcCall.run(Server.java:1035) [hadoop-common-3.3.1.jar:?]
	at org.apache.hadoop.ipc.Server$RpcCall.run(Server.java:963) [hadoop-common-3.3.1.jar:?]
	at java.security.AccessController.doPrivileged(Native Method) ~[?:1.8.0_345]
	at javax.security.auth.Subject.doAs(Subject.java:422) [?:1.8.0_345]
	at org.apache.hadoop.security.UserGroupInformation.doAs(UserGroupInformation.java:1878) [hadoop-common-3.3.1.jar:?]
	at org.apache.hadoop.ipc.Server$Handler.run(Server.java:2966) [hadoop-common-3.3.1.jar:?]
2022-10-11 08:14:27,782 [Time-limited test] WARN  ozone.BasicOzoneFileSystem (BasicOzoneFileSystem.java:getFileStatus(765)) - GetFileStatus failed for path /gdir1/dir7
java.io.FileNotFoundException: gdir1/dir7: No such file or directory!
	at org.apache.hadoop.fs.ozone.BasicOzoneClientAdapterImpl.getFileStatus(BasicOzoneClientAdapterImpl.java:369)
	at org.apache.hadoop.fs.ozone.BasicOzoneFileSystem.getFileStatus(BasicOzoneFileSystem.java:757)
	at org.apache.hadoop.fs.ozone.TestOzoneFileSystem.checkPath(TestOzoneFileSystem.java:502)
	at org.apache.hadoop.fs.ozone.TestOzoneFileSystem.testRecursiveDelete(TestOzoneFileSystem.java:457)
	at sun.reflect.NativeMethodAccessorImpl.invoke0(Native Method)
	at sun.reflect.NativeMethodAccessorImpl.invoke(NativeMethodAccessorImpl.java:62)
	at sun.reflect.DelegatingMethodAccessorImpl.invoke(DelegatingMethodAccessorImpl.java:43)
	at java.lang.reflect.Method.invoke(Method.java:498)
	at org.junit.runners.model.FrameworkMethod$1.runReflectiveCall(FrameworkMethod.java:59)
	at org.junit.internal.runners.model.ReflectiveCallable.run(ReflectiveCallable.java:12)
	at org.junit.runners.model.FrameworkMethod.invokeExplosively(FrameworkMethod.java:56)
	at org.junit.internal.runners.statements.InvokeMethod.evaluate(InvokeMethod.java:17)
	at org.junit.internal.runners.statements.RunAfters.evaluate(RunAfters.java:27)
	at org.junit.internal.runners.statements.FailOnTimeout$CallableStatement.call(FailOnTimeout.java:288)
	at org.junit.internal.runners.statements.FailOnTimeout$CallableStatement.call(FailOnTimeout.java:282)
	at java.util.concurrent.FutureTask.run(FutureTask.java:266)
	at java.lang.Thread.run(Thread.java:750)
08:14:27.783 [IPC Server handler 19 on default port 40309] ERROR OMAudit - user=runner | ip=127.0.0.1 | op=GET_FILE_STATUS {volume=volume86011, bucket=bucket73886, key=gdir1/dir7/child, dataSize=0, replicationConfig=null} | ret=FAILURE
org.apache.hadoop.ozone.om.exceptions.OMException: Unable to get file status: volume: volume86011 bucket: bucket73886 key: gdir1/dir7/child
	at org.apache.hadoop.ozone.om.KeyManagerImpl.getOzoneFileStatusFSO(KeyManagerImpl.java:1336) ~[ozone-manager-1.3.0-SNAPSHOT.jar:?]
	at org.apache.hadoop.ozone.om.KeyManagerImpl.getFileStatus(KeyManagerImpl.java:1199) ~[ozone-manager-1.3.0-SNAPSHOT.jar:?]
	at org.apache.hadoop.ozone.om.OzoneManager.getFileStatus(OzoneManager.java:3570) ~[ozone-manager-1.3.0-SNAPSHOT.jar:?]
	at org.apache.hadoop.ozone.protocolPB.OzoneManagerRequestHandler.getOzoneFileStatus(OzoneManagerRequestHandler.java:907) ~[ozone-manager-1.3.0-SNAPSHOT.jar:?]
	at org.apache.hadoop.ozone.protocolPB.OzoneManagerRequestHandler.handleReadRequest(OzoneManagerRequestHandler.java:231) ~[ozone-manager-1.3.0-SNAPSHOT.jar:?]
	at org.apache.hadoop.ozone.protocolPB.OzoneManagerProtocolServerSideTranslatorPB.submitRequestDirectlyToOM(OzoneManagerProtocolServerSideTranslatorPB.java:276) ~[ozone-manager-1.3.0-SNAPSHOT.jar:?]
	at org.apache.hadoop.ozone.protocolPB.OzoneManagerProtocolServerSideTranslatorPB.processRequest(OzoneManagerProtocolServerSideTranslatorPB.java:205) ~[ozone-manager-1.3.0-SNAPSHOT.jar:?]
	at org.apache.hadoop.hdds.server.OzoneProtocolMessageDispatcher.processRequest(OzoneProtocolMessageDispatcher.java:87) [hdds-server-framework-1.3.0-SNAPSHOT.jar:?]
	at org.apache.hadoop.ozone.protocolPB.OzoneManagerProtocolServerSideTranslatorPB.submitRequest(OzoneManagerProtocolServerSideTranslatorPB.java:147) [ozone-manager-1.3.0-SNAPSHOT.jar:?]
	at org.apache.hadoop.ozone.protocol.proto.OzoneManagerProtocolProtos$OzoneManagerService$2.callBlockingMethod(OzoneManagerProtocolProtos.java) [ozone-interface-client-1.3.0-SNAPSHOT.jar:?]
	at org.apache.hadoop.ipc.ProtobufRpcEngine$Server.processCall(ProtobufRpcEngine.java:466) [hadoop-common-3.3.1.jar:?]
	at org.apache.hadoop.ipc.ProtobufRpcEngine2$Server$ProtoBufRpcInvoker.call(ProtobufRpcEngine2.java:574) [hadoop-common-3.3.1.jar:?]
	at org.apache.hadoop.ipc.ProtobufRpcEngine2$Server$ProtoBufRpcInvoker.call(ProtobufRpcEngine2.java:552) [hadoop-common-3.3.1.jar:?]
	at org.apache.hadoop.ipc.RPC$Server.call(RPC.java:1093) [hadoop-common-3.3.1.jar:?]
	at org.apache.hadoop.ipc.Server$RpcCall.run(Server.java:1035) [hadoop-common-3.3.1.jar:?]
	at org.apache.hadoop.ipc.Server$RpcCall.run(Server.java:963) [hadoop-common-3.3.1.jar:?]
	at java.security.AccessController.doPrivileged(Native Method) ~[?:1.8.0_345]
	at javax.security.auth.Subject.doAs(Subject.java:422) [?:1.8.0_345]
	at org.apache.hadoop.security.UserGroupInformation.doAs(UserGroupInformation.java:1878) [hadoop-common-3.3.1.jar:?]
	at org.apache.hadoop.ipc.Server$Handler.run(Server.java:2966) [hadoop-common-3.3.1.jar:?]
2022-10-11 08:14:27,783 [Time-limited test] WARN  ozone.BasicOzoneFileSystem (BasicOzoneFileSystem.java:getFileStatus(765)) - GetFileStatus failed for path /gdir1/dir7/child
java.io.FileNotFoundException: gdir1/dir7/child: No such file or directory!
	at org.apache.hadoop.fs.ozone.BasicOzoneClientAdapterImpl.getFileStatus(BasicOzoneClientAdapterImpl.java:369)
	at org.apache.hadoop.fs.ozone.BasicOzoneFileSystem.getFileStatus(BasicOzoneFileSystem.java:757)
	at org.apache.hadoop.fs.ozone.TestOzoneFileSystem.checkPath(TestOzoneFileSystem.java:502)
	at org.apache.hadoop.fs.ozone.TestOzoneFileSystem.testRecursiveDelete(TestOzoneFileSystem.java:458)
	at sun.reflect.NativeMethodAccessorImpl.invoke0(Native Method)
	at sun.reflect.NativeMethodAccessorImpl.invoke(NativeMethodAccessorImpl.java:62)
	at sun.reflect.DelegatingMethodAccessorImpl.invoke(DelegatingMethodAccessorImpl.java:43)
	at java.lang.reflect.Method.invoke(Method.java:498)
	at org.junit.runners.model.FrameworkMethod$1.runReflectiveCall(FrameworkMethod.java:59)
	at org.junit.internal.runners.model.ReflectiveCallable.run(ReflectiveCallable.java:12)
	at org.junit.runners.model.FrameworkMethod.invokeExplosively(FrameworkMethod.java:56)
	at org.junit.internal.runners.statements.InvokeMethod.evaluate(InvokeMethod.java:17)
	at org.junit.internal.runners.statements.RunAfters.evaluate(RunAfters.java:27)
	at org.junit.internal.runners.statements.FailOnTimeout$CallableStatement.call(FailOnTimeout.java:288)
	at org.junit.internal.runners.statements.FailOnTimeout$CallableStatement.call(FailOnTimeout.java:282)
	at java.util.concurrent.FutureTask.run(FutureTask.java:266)
	at java.lang.Thread.run(Thread.java:750)
08:14:27.784 [IPC Server handler 1 on default port 40309] ERROR OMAudit - user=runner | ip=127.0.0.1 | op=GET_FILE_STATUS {volume=volume86011, bucket=bucket73886, key=gdir1/dir8, dataSize=0, replicationConfig=null} | ret=FAILURE
org.apache.hadoop.ozone.om.exceptions.OMException: Unable to get file status: volume: volume86011 bucket: bucket73886 key: gdir1/dir8
	at org.apache.hadoop.ozone.om.KeyManagerImpl.getOzoneFileStatusFSO(KeyManagerImpl.java:1336) ~[ozone-manager-1.3.0-SNAPSHOT.jar:?]
	at org.apache.hadoop.ozone.om.KeyManagerImpl.getFileStatus(KeyManagerImpl.java:1199) ~[ozone-manager-1.3.0-SNAPSHOT.jar:?]
	at org.apache.hadoop.ozone.om.OzoneManager.getFileStatus(OzoneManager.java:3570) ~[ozone-manager-1.3.0-SNAPSHOT.jar:?]
	at org.apache.hadoop.ozone.protocolPB.OzoneManagerRequestHandler.getOzoneFileStatus(OzoneManagerRequestHandler.java:907) ~[ozone-manager-1.3.0-SNAPSHOT.jar:?]
	at org.apache.hadoop.ozone.protocolPB.OzoneManagerRequestHandler.handleReadRequest(OzoneManagerRequestHandler.java:231) ~[ozone-manager-1.3.0-SNAPSHOT.jar:?]
	at org.apache.hadoop.ozone.protocolPB.OzoneManagerProtocolServerSideTranslatorPB.submitRequestDirectlyToOM(OzoneManagerProtocolServerSideTranslatorPB.java:276) ~[ozone-manager-1.3.0-SNAPSHOT.jar:?]
	at org.apache.hadoop.ozone.protocolPB.OzoneManagerProtocolServerSideTranslatorPB.processRequest(OzoneManagerProtocolServerSideTranslatorPB.java:205) ~[ozone-manager-1.3.0-SNAPSHOT.jar:?]
	at org.apache.hadoop.hdds.server.OzoneProtocolMessageDispatcher.processRequest(OzoneProtocolMessageDispatcher.java:87) [hdds-server-framework-1.3.0-SNAPSHOT.jar:?]
	at org.apache.hadoop.ozone.protocolPB.OzoneManagerProtocolServerSideTranslatorPB.submitRequest(OzoneManagerProtocolServerSideTranslatorPB.java:147) [ozone-manager-1.3.0-SNAPSHOT.jar:?]
	at org.apache.hadoop.ozone.protocol.proto.OzoneManagerProtocolProtos$OzoneManagerService$2.callBlockingMethod(OzoneManagerProtocolProtos.java) [ozone-interface-client-1.3.0-SNAPSHOT.jar:?]
	at org.apache.hadoop.ipc.ProtobufRpcEngine$Server.processCall(ProtobufRpcEngine.java:466) [hadoop-common-3.3.1.jar:?]
	at org.apache.hadoop.ipc.ProtobufRpcEngine2$Server$ProtoBufRpcInvoker.call(ProtobufRpcEngine2.java:574) [hadoop-common-3.3.1.jar:?]
	at org.apache.hadoop.ipc.ProtobufRpcEngine2$Server$ProtoBufRpcInvoker.call(ProtobufRpcEngine2.java:552) [hadoop-common-3.3.1.jar:?]
	at org.apache.hadoop.ipc.RPC$Server.call(RPC.java:1093) [hadoop-common-3.3.1.jar:?]
	at org.apache.hadoop.ipc.Server$RpcCall.run(Server.java:1035) [hadoop-common-3.3.1.jar:?]
	at org.apache.hadoop.ipc.Server$RpcCall.run(Server.java:963) [hadoop-common-3.3.1.jar:?]
	at java.security.AccessController.doPrivileged(Native Method) ~[?:1.8.0_345]
	at javax.security.auth.Subject.doAs(Subject.java:422) [?:1.8.0_345]
	at org.apache.hadoop.security.UserGroupInformation.doAs(UserGroupInformation.java:1878) [hadoop-common-3.3.1.jar:?]
	at org.apache.hadoop.ipc.Server$Handler.run(Server.java:2966) [hadoop-common-3.3.1.jar:?]
2022-10-11 08:14:27,784 [Time-limited test] WARN  ozone.BasicOzoneFileSystem (BasicOzoneFileSystem.java:getFileStatus(765)) - GetFileStatus failed for path /gdir1/dir8
java.io.FileNotFoundException: gdir1/dir8: No such file or directory!
	at org.apache.hadoop.fs.ozone.BasicOzoneClientAdapterImpl.getFileStatus(BasicOzoneClientAdapterImpl.java:369)
	at org.apache.hadoop.fs.ozone.BasicOzoneFileSystem.getFileStatus(BasicOzoneFileSystem.java:757)
	at org.apache.hadoop.fs.ozone.TestOzoneFileSystem.checkPath(TestOzoneFileSystem.java:502)
	at org.apache.hadoop.fs.ozone.TestOzoneFileSystem.testRecursiveDelete(TestOzoneFileSystem.java:457)
	at sun.reflect.NativeMethodAccessorImpl.invoke0(Native Method)
	at sun.reflect.NativeMethodAccessorImpl.invoke(NativeMethodAccessorImpl.java:62)
	at sun.reflect.DelegatingMethodAccessorImpl.invoke(DelegatingMethodAccessorImpl.java:43)
	at java.lang.reflect.Method.invoke(Method.java:498)
	at org.junit.runners.model.FrameworkMethod$1.runReflectiveCall(FrameworkMethod.java:59)
	at org.junit.internal.runners.model.ReflectiveCallable.run(ReflectiveCallable.java:12)
	at org.junit.runners.model.FrameworkMethod.invokeExplosively(FrameworkMethod.java:56)
	at org.junit.internal.runners.statements.InvokeMethod.evaluate(InvokeMethod.java:17)
	at org.junit.internal.runners.statements.RunAfters.evaluate(RunAfters.java:27)
	at org.junit.internal.runners.statements.FailOnTimeout$CallableStatement.call(FailOnTimeout.java:288)
	at org.junit.internal.runners.statements.FailOnTimeout$CallableStatement.call(FailOnTimeout.java:282)
	at java.util.concurrent.FutureTask.run(FutureTask.java:266)
	at java.lang.Thread.run(Thread.java:750)
08:14:27.784 [IPC Server handler 2 on default port 40309] ERROR OMAudit - user=runner | ip=127.0.0.1 | op=GET_FILE_STATUS {volume=volume86011, bucket=bucket73886, key=gdir1/dir8/child, dataSize=0, replicationConfig=null} | ret=FAILURE
org.apache.hadoop.ozone.om.exceptions.OMException: Unable to get file status: volume: volume86011 bucket: bucket73886 key: gdir1/dir8/child
	at org.apache.hadoop.ozone.om.KeyManagerImpl.getOzoneFileStatusFSO(KeyManagerImpl.java:1336) ~[ozone-manager-1.3.0-SNAPSHOT.jar:?]
	at org.apache.hadoop.ozone.om.KeyManagerImpl.getFileStatus(KeyManagerImpl.java:1199) ~[ozone-manager-1.3.0-SNAPSHOT.jar:?]
	at org.apache.hadoop.ozone.om.OzoneManager.getFileStatus(OzoneManager.java:3570) ~[ozone-manager-1.3.0-SNAPSHOT.jar:?]
	at org.apache.hadoop.ozone.protocolPB.OzoneManagerRequestHandler.getOzoneFileStatus(OzoneManagerRequestHandler.java:907) ~[ozone-manager-1.3.0-SNAPSHOT.jar:?]
	at org.apache.hadoop.ozone.protocolPB.OzoneManagerRequestHandler.handleReadRequest(OzoneManagerRequestHandler.java:231) ~[ozone-manager-1.3.0-SNAPSHOT.jar:?]
	at org.apache.hadoop.ozone.protocolPB.OzoneManagerProtocolServerSideTranslatorPB.submitRequestDirectlyToOM(OzoneManagerProtocolServerSideTranslatorPB.java:276) ~[ozone-manager-1.3.0-SNAPSHOT.jar:?]
	at org.apache.hadoop.ozone.protocolPB.OzoneManagerProtocolServerSideTranslatorPB.processRequest(OzoneManagerProtocolServerSideTranslatorPB.java:205) ~[ozone-manager-1.3.0-SNAPSHOT.jar:?]
	at org.apache.hadoop.hdds.server.OzoneProtocolMessageDispatcher.processRequest(OzoneProtocolMessageDispatcher.java:87) [hdds-server-framework-1.3.0-SNAPSHOT.jar:?]
	at org.apache.hadoop.ozone.protocolPB.OzoneManagerProtocolServerSideTranslatorPB.submitRequest(OzoneManagerProtocolServerSideTranslatorPB.java:147) [ozone-manager-1.3.0-SNAPSHOT.jar:?]
	at org.apache.hadoop.ozone.protocol.proto.OzoneManagerProtocolProtos$OzoneManagerService$2.callBlockingMethod(OzoneManagerProtocolProtos.java) [ozone-interface-client-1.3.0-SNAPSHOT.jar:?]
	at org.apache.hadoop.ipc.ProtobufRpcEngine$Server.processCall(ProtobufRpcEngine.java:466) [hadoop-common-3.3.1.jar:?]
	at org.apache.hadoop.ipc.ProtobufRpcEngine2$Server$ProtoBufRpcInvoker.call(ProtobufRpcEngine2.java:574) [hadoop-common-3.3.1.jar:?]
	at org.apache.hadoop.ipc.ProtobufRpcEngine2$Server$ProtoBufRpcInvoker.call(ProtobufRpcEngine2.java:552) [hadoop-common-3.3.1.jar:?]
	at org.apache.hadoop.ipc.RPC$Server.call(RPC.java:1093) [hadoop-common-3.3.1.jar:?]
	at org.apache.hadoop.ipc.Server$RpcCall.run(Server.java:1035) [hadoop-common-3.3.1.jar:?]
	at org.apache.hadoop.ipc.Server$RpcCall.run(Server.java:963) [hadoop-common-3.3.1.jar:?]
	at java.security.AccessController.doPrivileged(Native Method) ~[?:1.8.0_345]
	at javax.security.auth.Subject.doAs(Subject.java:422) [?:1.8.0_345]
	at org.apache.hadoop.security.UserGroupInformation.doAs(UserGroupInformation.java:1878) [hadoop-common-3.3.1.jar:?]
	at org.apache.hadoop.ipc.Server$Handler.run(Server.java:2966) [hadoop-common-3.3.1.jar:?]
2022-10-11 08:14:27,785 [Time-limited test] WARN  ozone.BasicOzoneFileSystem (BasicOzoneFileSystem.java:getFileStatus(765)) - GetFileStatus failed for path /gdir1/dir8/child
java.io.FileNotFoundException: gdir1/dir8/child: No such file or directory!
	at org.apache.hadoop.fs.ozone.BasicOzoneClientAdapterImpl.getFileStatus(BasicOzoneClientAdapterImpl.java:369)
	at org.apache.hadoop.fs.ozone.BasicOzoneFileSystem.getFileStatus(BasicOzoneFileSystem.java:757)
	at org.apache.hadoop.fs.ozone.TestOzoneFileSystem.checkPath(TestOzoneFileSystem.java:502)
	at org.apache.hadoop.fs.ozone.TestOzoneFileSystem.testRecursiveDelete(TestOzoneFileSystem.java:458)
	at sun.reflect.NativeMethodAccessorImpl.invoke0(Native Method)
	at sun.reflect.NativeMethodAccessorImpl.invoke(NativeMethodAccessorImpl.java:62)
	at sun.reflect.DelegatingMethodAccessorImpl.invoke(DelegatingMethodAccessorImpl.java:43)
	at java.lang.reflect.Method.invoke(Method.java:498)
	at org.junit.runners.model.FrameworkMethod$1.runReflectiveCall(FrameworkMethod.java:59)
	at org.junit.internal.runners.model.ReflectiveCallable.run(ReflectiveCallable.java:12)
	at org.junit.runners.model.FrameworkMethod.invokeExplosively(FrameworkMethod.java:56)
	at org.junit.internal.runners.statements.InvokeMethod.evaluate(InvokeMethod.java:17)
	at org.junit.internal.runners.statements.RunAfters.evaluate(RunAfters.java:27)
	at org.junit.internal.runners.statements.FailOnTimeout$CallableStatement.call(FailOnTimeout.java:288)
	at org.junit.internal.runners.statements.FailOnTimeout$CallableStatement.call(FailOnTimeout.java:282)
	at java.util.concurrent.FutureTask.run(FutureTask.java:266)
	at java.lang.Thread.run(Thread.java:750)
08:14:27.786 [IPC Server handler 3 on default port 40309] ERROR OMAudit - user=runner | ip=127.0.0.1 | op=GET_FILE_STATUS {volume=volume86011, bucket=bucket73886, key=gdir1/dir9, dataSize=0, replicationConfig=null} | ret=FAILURE
org.apache.hadoop.ozone.om.exceptions.OMException: Unable to get file status: volume: volume86011 bucket: bucket73886 key: gdir1/dir9
	at org.apache.hadoop.ozone.om.KeyManagerImpl.getOzoneFileStatusFSO(KeyManagerImpl.java:1336) ~[ozone-manager-1.3.0-SNAPSHOT.jar:?]
	at org.apache.hadoop.ozone.om.KeyManagerImpl.getFileStatus(KeyManagerImpl.java:1199) ~[ozone-manager-1.3.0-SNAPSHOT.jar:?]
	at org.apache.hadoop.ozone.om.OzoneManager.getFileStatus(OzoneManager.java:3570) ~[ozone-manager-1.3.0-SNAPSHOT.jar:?]
	at org.apache.hadoop.ozone.protocolPB.OzoneManagerRequestHandler.getOzoneFileStatus(OzoneManagerRequestHandler.java:907) ~[ozone-manager-1.3.0-SNAPSHOT.jar:?]
	at org.apache.hadoop.ozone.protocolPB.OzoneManagerRequestHandler.handleReadRequest(OzoneManagerRequestHandler.java:231) ~[ozone-manager-1.3.0-SNAPSHOT.jar:?]
	at org.apache.hadoop.ozone.protocolPB.OzoneManagerProtocolServerSideTranslatorPB.submitRequestDirectlyToOM(OzoneManagerProtocolServerSideTranslatorPB.java:276) ~[ozone-manager-1.3.0-SNAPSHOT.jar:?]
	at org.apache.hadoop.ozone.protocolPB.OzoneManagerProtocolServerSideTranslatorPB.processRequest(OzoneManagerProtocolServerSideTranslatorPB.java:205) ~[ozone-manager-1.3.0-SNAPSHOT.jar:?]
	at org.apache.hadoop.hdds.server.OzoneProtocolMessageDispatcher.processRequest(OzoneProtocolMessageDispatcher.java:87) [hdds-server-framework-1.3.0-SNAPSHOT.jar:?]
	at org.apache.hadoop.ozone.protocolPB.OzoneManagerProtocolServerSideTranslatorPB.submitRequest(OzoneManagerProtocolServerSideTranslatorPB.java:147) [ozone-manager-1.3.0-SNAPSHOT.jar:?]
	at org.apache.hadoop.ozone.protocol.proto.OzoneManagerProtocolProtos$OzoneManagerService$2.callBlockingMethod(OzoneManagerProtocolProtos.java) [ozone-interface-client-1.3.0-SNAPSHOT.jar:?]
	at org.apache.hadoop.ipc.ProtobufRpcEngine$Server.processCall(ProtobufRpcEngine.java:466) [hadoop-common-3.3.1.jar:?]
	at org.apache.hadoop.ipc.ProtobufRpcEngine2$Server$ProtoBufRpcInvoker.call(ProtobufRpcEngine2.java:574) [hadoop-common-3.3.1.jar:?]
	at org.apache.hadoop.ipc.ProtobufRpcEngine2$Server$ProtoBufRpcInvoker.call(ProtobufRpcEngine2.java:552) [hadoop-common-3.3.1.jar:?]
	at org.apache.hadoop.ipc.RPC$Server.call(RPC.java:1093) [hadoop-common-3.3.1.jar:?]
	at org.apache.hadoop.ipc.Server$RpcCall.run(Server.java:1035) [hadoop-common-3.3.1.jar:?]
	at org.apache.hadoop.ipc.Server$RpcCall.run(Server.java:963) [hadoop-common-3.3.1.jar:?]
	at java.security.AccessController.doPrivileged(Native Method) ~[?:1.8.0_345]
	at javax.security.auth.Subject.doAs(Subject.java:422) [?:1.8.0_345]
	at org.apache.hadoop.security.UserGroupInformation.doAs(UserGroupInformation.java:1878) [hadoop-common-3.3.1.jar:?]
	at org.apache.hadoop.ipc.Server$Handler.run(Server.java:2966) [hadoop-common-3.3.1.jar:?]
2022-10-11 08:14:27,786 [Time-limited test] WARN  ozone.BasicOzoneFileSystem (BasicOzoneFileSystem.java:getFileStatus(765)) - GetFileStatus failed for path /gdir1/dir9
java.io.FileNotFoundException: gdir1/dir9: No such file or directory!
	at org.apache.hadoop.fs.ozone.BasicOzoneClientAdapterImpl.getFileStatus(BasicOzoneClientAdapterImpl.java:369)
	at org.apache.hadoop.fs.ozone.BasicOzoneFileSystem.getFileStatus(BasicOzoneFileSystem.java:757)
	at org.apache.hadoop.fs.ozone.TestOzoneFileSystem.checkPath(TestOzoneFileSystem.java:502)
	at org.apache.hadoop.fs.ozone.TestOzoneFileSystem.testRecursiveDelete(TestOzoneFileSystem.java:457)
	at sun.reflect.NativeMethodAccessorImpl.invoke0(Native Method)
	at sun.reflect.NativeMethodAccessorImpl.invoke(NativeMethodAccessorImpl.java:62)
	at sun.reflect.DelegatingMethodAccessorImpl.invoke(DelegatingMethodAccessorImpl.java:43)
	at java.lang.reflect.Method.invoke(Method.java:498)
	at org.junit.runners.model.FrameworkMethod$1.runReflectiveCall(FrameworkMethod.java:59)
	at org.junit.internal.runners.model.ReflectiveCallable.run(ReflectiveCallable.java:12)
	at org.junit.runners.model.FrameworkMethod.invokeExplosively(FrameworkMethod.java:56)
	at org.junit.internal.runners.statements.InvokeMethod.evaluate(InvokeMethod.java:17)
	at org.junit.internal.runners.statements.RunAfters.evaluate(RunAfters.java:27)
	at org.junit.internal.runners.statements.FailOnTimeout$CallableStatement.call(FailOnTimeout.java:288)
	at org.junit.internal.runners.statements.FailOnTimeout$CallableStatement.call(FailOnTimeout.java:282)
	at java.util.concurrent.FutureTask.run(FutureTask.java:266)
	at java.lang.Thread.run(Thread.java:750)
08:14:27.788 [IPC Server handler 0 on default port 40309] ERROR OMAudit - user=runner | ip=127.0.0.1 | op=GET_FILE_STATUS {volume=volume86011, bucket=bucket73886, key=gdir1/dir9/child, dataSize=0, replicationConfig=null} | ret=FAILURE
org.apache.hadoop.ozone.om.exceptions.OMException: Unable to get file status: volume: volume86011 bucket: bucket73886 key: gdir1/dir9/child
	at org.apache.hadoop.ozone.om.KeyManagerImpl.getOzoneFileStatusFSO(KeyManagerImpl.java:1336) ~[ozone-manager-1.3.0-SNAPSHOT.jar:?]
	at org.apache.hadoop.ozone.om.KeyManagerImpl.getFileStatus(KeyManagerImpl.java:1199) ~[ozone-manager-1.3.0-SNAPSHOT.jar:?]
	at org.apache.hadoop.ozone.om.OzoneManager.getFileStatus(OzoneManager.java:3570) ~[ozone-manager-1.3.0-SNAPSHOT.jar:?]
	at org.apache.hadoop.ozone.protocolPB.OzoneManagerRequestHandler.getOzoneFileStatus(OzoneManagerRequestHandler.java:907) ~[ozone-manager-1.3.0-SNAPSHOT.jar:?]
	at org.apache.hadoop.ozone.protocolPB.OzoneManagerRequestHandler.handleReadRequest(OzoneManagerRequestHandler.java:231) ~[ozone-manager-1.3.0-SNAPSHOT.jar:?]
	at org.apache.hadoop.ozone.protocolPB.OzoneManagerProtocolServerSideTranslatorPB.submitRequestDirectlyToOM(OzoneManagerProtocolServerSideTranslatorPB.java:276) ~[ozone-manager-1.3.0-SNAPSHOT.jar:?]
	at org.apache.hadoop.ozone.protocolPB.OzoneManagerProtocolServerSideTranslatorPB.processRequest(OzoneManagerProtocolServerSideTranslatorPB.java:205) ~[ozone-manager-1.3.0-SNAPSHOT.jar:?]
	at org.apache.hadoop.hdds.server.OzoneProtocolMessageDispatcher.processRequest(OzoneProtocolMessageDispatcher.java:87) [hdds-server-framework-1.3.0-SNAPSHOT.jar:?]
	at org.apache.hadoop.ozone.protocolPB.OzoneManagerProtocolServerSideTranslatorPB.submitRequest(OzoneManagerProtocolServerSideTranslatorPB.java:147) [ozone-manager-1.3.0-SNAPSHOT.jar:?]
	at org.apache.hadoop.ozone.protocol.proto.OzoneManagerProtocolProtos$OzoneManagerService$2.callBlockingMethod(OzoneManagerProtocolProtos.java) [ozone-interface-client-1.3.0-SNAPSHOT.jar:?]
	at org.apache.hadoop.ipc.ProtobufRpcEngine$Server.processCall(ProtobufRpcEngine.java:466) [hadoop-common-3.3.1.jar:?]
	at org.apache.hadoop.ipc.ProtobufRpcEngine2$Server$ProtoBufRpcInvoker.call(ProtobufRpcEngine2.java:574) [hadoop-common-3.3.1.jar:?]
	at org.apache.hadoop.ipc.ProtobufRpcEngine2$Server$ProtoBufRpcInvoker.call(ProtobufRpcEngine2.java:552) [hadoop-common-3.3.1.jar:?]
	at org.apache.hadoop.ipc.RPC$Server.call(RPC.java:1093) [hadoop-common-3.3.1.jar:?]
	at org.apache.hadoop.ipc.Server$RpcCall.run(Server.java:1035) [hadoop-common-3.3.1.jar:?]
	at org.apache.hadoop.ipc.Server$RpcCall.run(Server.java:963) [hadoop-common-3.3.1.jar:?]
	at java.security.AccessController.doPrivileged(Native Method) ~[?:1.8.0_345]
	at javax.security.auth.Subject.doAs(Subject.java:422) [?:1.8.0_345]
	at org.apache.hadoop.security.UserGroupInformation.doAs(UserGroupInformation.java:1878) [hadoop-common-3.3.1.jar:?]
	at org.apache.hadoop.ipc.Server$Handler.run(Server.java:2966) [hadoop-common-3.3.1.jar:?]
2022-10-11 08:14:27,790 [Time-limited test] WARN  ozone.BasicOzoneFileSystem (BasicOzoneFileSystem.java:getFileStatus(765)) - GetFileStatus failed for path /gdir1/dir9/child
java.io.FileNotFoundException: gdir1/dir9/child: No such file or directory!
	at org.apache.hadoop.fs.ozone.BasicOzoneClientAdapterImpl.getFileStatus(BasicOzoneClientAdapterImpl.java:369)
	at org.apache.hadoop.fs.ozone.BasicOzoneFileSystem.getFileStatus(BasicOzoneFileSystem.java:757)
	at org.apache.hadoop.fs.ozone.TestOzoneFileSystem.checkPath(TestOzoneFileSystem.java:502)
	at org.apache.hadoop.fs.ozone.TestOzoneFileSystem.testRecursiveDelete(TestOzoneFileSystem.java:458)
	at sun.reflect.NativeMethodAccessorImpl.invoke0(Native Method)
	at sun.reflect.NativeMethodAccessorImpl.invoke(NativeMethodAccessorImpl.java:62)
	at sun.reflect.DelegatingMethodAccessorImpl.invoke(DelegatingMethodAccessorImpl.java:43)
	at java.lang.reflect.Method.invoke(Method.java:498)
	at org.junit.runners.model.FrameworkMethod$1.runReflectiveCall(FrameworkMethod.java:59)
	at org.junit.internal.runners.model.ReflectiveCallable.run(ReflectiveCallable.java:12)
	at org.junit.runners.model.FrameworkMethod.invokeExplosively(FrameworkMethod.java:56)
	at org.junit.internal.runners.statements.InvokeMethod.evaluate(InvokeMethod.java:17)
	at org.junit.internal.runners.statements.RunAfters.evaluate(RunAfters.java:27)
	at org.junit.internal.runners.statements.FailOnTimeout$CallableStatement.call(FailOnTimeout.java:288)
	at org.junit.internal.runners.statements.FailOnTimeout$CallableStatement.call(FailOnTimeout.java:282)
	at java.util.concurrent.FutureTask.run(FutureTask.java:266)
	at java.lang.Thread.run(Thread.java:750)
08:14:27.791 [IPC Server handler 4 on default port 40309] ERROR OMAudit - user=runner | ip=127.0.0.1 | op=GET_FILE_STATUS {volume=volume86011, bucket=bucket73886, key=gdir1/dir10, dataSize=0, replicationConfig=null} | ret=FAILURE
org.apache.hadoop.ozone.om.exceptions.OMException: Unable to get file status: volume: volume86011 bucket: bucket73886 key: gdir1/dir10
	at org.apache.hadoop.ozone.om.KeyManagerImpl.getOzoneFileStatusFSO(KeyManagerImpl.java:1336) ~[ozone-manager-1.3.0-SNAPSHOT.jar:?]
	at org.apache.hadoop.ozone.om.KeyManagerImpl.getFileStatus(KeyManagerImpl.java:1199) ~[ozone-manager-1.3.0-SNAPSHOT.jar:?]
	at org.apache.hadoop.ozone.om.OzoneManager.getFileStatus(OzoneManager.java:3570) ~[ozone-manager-1.3.0-SNAPSHOT.jar:?]
	at org.apache.hadoop.ozone.protocolPB.OzoneManagerRequestHandler.getOzoneFileStatus(OzoneManagerRequestHandler.java:907) ~[ozone-manager-1.3.0-SNAPSHOT.jar:?]
	at org.apache.hadoop.ozone.protocolPB.OzoneManagerRequestHandler.handleReadRequest(OzoneManagerRequestHandler.java:231) ~[ozone-manager-1.3.0-SNAPSHOT.jar:?]
	at org.apache.hadoop.ozone.protocolPB.OzoneManagerProtocolServerSideTranslatorPB.submitRequestDirectlyToOM(OzoneManagerProtocolServerSideTranslatorPB.java:276) ~[ozone-manager-1.3.0-SNAPSHOT.jar:?]
	at org.apache.hadoop.ozone.protocolPB.OzoneManagerProtocolServerSideTranslatorPB.processRequest(OzoneManagerProtocolServerSideTranslatorPB.java:205) ~[ozone-manager-1.3.0-SNAPSHOT.jar:?]
	at org.apache.hadoop.hdds.server.OzoneProtocolMessageDispatcher.processRequest(OzoneProtocolMessageDispatcher.java:87) [hdds-server-framework-1.3.0-SNAPSHOT.jar:?]
	at org.apache.hadoop.ozone.protocolPB.OzoneManagerProtocolServerSideTranslatorPB.submitRequest(OzoneManagerProtocolServerSideTranslatorPB.java:147) [ozone-manager-1.3.0-SNAPSHOT.jar:?]
	at org.apache.hadoop.ozone.protocol.proto.OzoneManagerProtocolProtos$OzoneManagerService$2.callBlockingMethod(OzoneManagerProtocolProtos.java) [ozone-interface-client-1.3.0-SNAPSHOT.jar:?]
	at org.apache.hadoop.ipc.ProtobufRpcEngine$Server.processCall(ProtobufRpcEngine.java:466) [hadoop-common-3.3.1.jar:?]
	at org.apache.hadoop.ipc.ProtobufRpcEngine2$Server$ProtoBufRpcInvoker.call(ProtobufRpcEngine2.java:574) [hadoop-common-3.3.1.jar:?]
	at org.apache.hadoop.ipc.ProtobufRpcEngine2$Server$ProtoBufRpcInvoker.call(ProtobufRpcEngine2.java:552) [hadoop-common-3.3.1.jar:?]
	at org.apache.hadoop.ipc.RPC$Server.call(RPC.java:1093) [hadoop-common-3.3.1.jar:?]
	at org.apache.hadoop.ipc.Server$RpcCall.run(Server.java:1035) [hadoop-common-3.3.1.jar:?]
	at org.apache.hadoop.ipc.Server$RpcCall.run(Server.java:963) [hadoop-common-3.3.1.jar:?]
	at java.security.AccessController.doPrivileged(Native Method) ~[?:1.8.0_345]
	at javax.security.auth.Subject.doAs(Subject.java:422) [?:1.8.0_345]
	at org.apache.hadoop.security.UserGroupInformation.doAs(UserGroupInformation.java:1878) [hadoop-common-3.3.1.jar:?]
	at org.apache.hadoop.ipc.Server$Handler.run(Server.java:2966) [hadoop-common-3.3.1.jar:?]
2022-10-11 08:14:27,791 [Time-limited test] WARN  ozone.BasicOzoneFileSystem (BasicOzoneFileSystem.java:getFileStatus(765)) - GetFileStatus failed for path /gdir1/dir10
java.io.FileNotFoundException: gdir1/dir10: No such file or directory!
	at org.apache.hadoop.fs.ozone.BasicOzoneClientAdapterImpl.getFileStatus(BasicOzoneClientAdapterImpl.java:369)
	at org.apache.hadoop.fs.ozone.BasicOzoneFileSystem.getFileStatus(BasicOzoneFileSystem.java:757)
	at org.apache.hadoop.fs.ozone.TestOzoneFileSystem.checkPath(TestOzoneFileSystem.java:502)
	at org.apache.hadoop.fs.ozone.TestOzoneFileSystem.testRecursiveDelete(TestOzoneFileSystem.java:457)
	at sun.reflect.NativeMethodAccessorImpl.invoke0(Native Method)
	at sun.reflect.NativeMethodAccessorImpl.invoke(NativeMethodAccessorImpl.java:62)
	at sun.reflect.DelegatingMethodAccessorImpl.invoke(DelegatingMethodAccessorImpl.java:43)
	at java.lang.reflect.Method.invoke(Method.java:498)
	at org.junit.runners.model.FrameworkMethod$1.runReflectiveCall(FrameworkMethod.java:59)
	at org.junit.internal.runners.model.ReflectiveCallable.run(ReflectiveCallable.java:12)
	at org.junit.runners.model.FrameworkMethod.invokeExplosively(FrameworkMethod.java:56)
	at org.junit.internal.runners.statements.InvokeMethod.evaluate(InvokeMethod.java:17)
	at org.junit.internal.runners.statements.RunAfters.evaluate(RunAfters.java:27)
	at org.junit.internal.runners.statements.FailOnTimeout$CallableStatement.call(FailOnTimeout.java:288)
	at org.junit.internal.runners.statements.FailOnTimeout$CallableStatement.call(FailOnTimeout.java:282)
	at java.util.concurrent.FutureTask.run(FutureTask.java:266)
	at java.lang.Thread.run(Thread.java:750)
08:14:27.792 [IPC Server handler 6 on default port 40309] ERROR OMAudit - user=runner | ip=127.0.0.1 | op=GET_FILE_STATUS {volume=volume86011, bucket=bucket73886, key=gdir1/dir10/child, dataSize=0, replicationConfig=null} | ret=FAILURE
org.apache.hadoop.ozone.om.exceptions.OMException: Unable to get file status: volume: volume86011 bucket: bucket73886 key: gdir1/dir10/child
	at org.apache.hadoop.ozone.om.KeyManagerImpl.getOzoneFileStatusFSO(KeyManagerImpl.java:1336) ~[ozone-manager-1.3.0-SNAPSHOT.jar:?]
	at org.apache.hadoop.ozone.om.KeyManagerImpl.getFileStatus(KeyManagerImpl.java:1199) ~[ozone-manager-1.3.0-SNAPSHOT.jar:?]
	at org.apache.hadoop.ozone.om.OzoneManager.getFileStatus(OzoneManager.java:3570) ~[ozone-manager-1.3.0-SNAPSHOT.jar:?]
	at org.apache.hadoop.ozone.protocolPB.OzoneManagerRequestHandler.getOzoneFileStatus(OzoneManagerRequestHandler.java:907) ~[ozone-manager-1.3.0-SNAPSHOT.jar:?]
	at org.apache.hadoop.ozone.protocolPB.OzoneManagerRequestHandler.handleReadRequest(OzoneManagerRequestHandler.java:231) ~[ozone-manager-1.3.0-SNAPSHOT.jar:?]
	at org.apache.hadoop.ozone.protocolPB.OzoneManagerProtocolServerSideTranslatorPB.submitRequestDirectlyToOM(OzoneManagerProtocolServerSideTranslatorPB.java:276) ~[ozone-manager-1.3.0-SNAPSHOT.jar:?]
	at org.apache.hadoop.ozone.protocolPB.OzoneManagerProtocolServerSideTranslatorPB.processRequest(OzoneManagerProtocolServerSideTranslatorPB.java:205) ~[ozone-manager-1.3.0-SNAPSHOT.jar:?]
	at org.apache.hadoop.hdds.server.OzoneProtocolMessageDispatcher.processRequest(OzoneProtocolMessageDispatcher.java:87) [hdds-server-framework-1.3.0-SNAPSHOT.jar:?]
	at org.apache.hadoop.ozone.protocolPB.OzoneManagerProtocolServerSideTranslatorPB.submitRequest(OzoneManagerProtocolServerSideTranslatorPB.java:147) [ozone-manager-1.3.0-SNAPSHOT.jar:?]
	at org.apache.hadoop.ozone.protocol.proto.OzoneManagerProtocolProtos$OzoneManagerService$2.callBlockingMethod(OzoneManagerProtocolProtos.java) [ozone-interface-client-1.3.0-SNAPSHOT.jar:?]
	at org.apache.hadoop.ipc.ProtobufRpcEngine$Server.processCall(ProtobufRpcEngine.java:466) [hadoop-common-3.3.1.jar:?]
	at org.apache.hadoop.ipc.ProtobufRpcEngine2$Server$ProtoBufRpcInvoker.call(ProtobufRpcEngine2.java:574) [hadoop-common-3.3.1.jar:?]
	at org.apache.hadoop.ipc.ProtobufRpcEngine2$Server$ProtoBufRpcInvoker.call(ProtobufRpcEngine2.java:552) [hadoop-common-3.3.1.jar:?]
	at org.apache.hadoop.ipc.RPC$Server.call(RPC.java:1093) [hadoop-common-3.3.1.jar:?]
	at org.apache.hadoop.ipc.Server$RpcCall.run(Server.java:1035) [hadoop-common-3.3.1.jar:?]
	at org.apache.hadoop.ipc.Server$RpcCall.run(Server.java:963) [hadoop-common-3.3.1.jar:?]
	at java.security.AccessController.doPrivileged(Native Method) ~[?:1.8.0_345]
	at javax.security.auth.Subject.doAs(Subject.java:422) [?:1.8.0_345]
	at org.apache.hadoop.security.UserGroupInformation.doAs(UserGroupInformation.java:1878) [hadoop-common-3.3.1.jar:?]
	at org.apache.hadoop.ipc.Server$Handler.run(Server.java:2966) [hadoop-common-3.3.1.jar:?]
2022-10-11 08:14:27,792 [Time-limited test] WARN  ozone.BasicOzoneFileSystem (BasicOzoneFileSystem.java:getFileStatus(765)) - GetFileStatus failed for path /gdir1/dir10/child
java.io.FileNotFoundException: gdir1/dir10/child: No such file or directory!
	at org.apache.hadoop.fs.ozone.BasicOzoneClientAdapterImpl.getFileStatus(BasicOzoneClientAdapterImpl.java:369)
	at org.apache.hadoop.fs.ozone.BasicOzoneFileSystem.getFileStatus(BasicOzoneFileSystem.java:757)
	at org.apache.hadoop.fs.ozone.TestOzoneFileSystem.checkPath(TestOzoneFileSystem.java:502)
	at org.apache.hadoop.fs.ozone.TestOzoneFileSystem.testRecursiveDelete(TestOzoneFileSystem.java:458)
	at sun.reflect.NativeMethodAccessorImpl.invoke0(Native Method)
	at sun.reflect.NativeMethodAccessorImpl.invoke(NativeMethodAccessorImpl.java:62)
	at sun.reflect.DelegatingMethodAccessorImpl.invoke(DelegatingMethodAccessorImpl.java:43)
	at java.lang.reflect.Method.invoke(Method.java:498)
	at org.junit.runners.model.FrameworkMethod$1.runReflectiveCall(FrameworkMethod.java:59)
	at org.junit.internal.runners.model.ReflectiveCallable.run(ReflectiveCallable.java:12)
	at org.junit.runners.model.FrameworkMethod.invokeExplosively(FrameworkMethod.java:56)
	at org.junit.internal.runners.statements.InvokeMethod.evaluate(InvokeMethod.java:17)
	at org.junit.internal.runners.statements.RunAfters.evaluate(RunAfters.java:27)
	at org.junit.internal.runners.statements.FailOnTimeout$CallableStatement.call(FailOnTimeout.java:288)
	at org.junit.internal.runners.statements.FailOnTimeout$CallableStatement.call(FailOnTimeout.java:282)
	at java.util.concurrent.FutureTask.run(FutureTask.java:266)
	at java.lang.Thread.run(Thread.java:750)
08:14:27.817 [IPC Server handler 6 on default port 40309] ERROR OMAudit - user=runner | ip=127.0.0.1 | op=GET_FILE_STATUS {volume=volume86011, bucket=bucket73886, key=level0, dataSize=0, replicationConfig=null} | ret=FAILURE
org.apache.hadoop.ozone.om.exceptions.OMException: Unable to get file status: volume: volume86011 bucket: bucket73886 key: level0
	at org.apache.hadoop.ozone.om.KeyManagerImpl.getOzoneFileStatusFSO(KeyManagerImpl.java:1336) ~[ozone-manager-1.3.0-SNAPSHOT.jar:?]
	at org.apache.hadoop.ozone.om.KeyManagerImpl.getFileStatus(KeyManagerImpl.java:1199) ~[ozone-manager-1.3.0-SNAPSHOT.jar:?]
	at org.apache.hadoop.ozone.om.OzoneManager.getFileStatus(OzoneManager.java:3570) ~[ozone-manager-1.3.0-SNAPSHOT.jar:?]
	at org.apache.hadoop.ozone.protocolPB.OzoneManagerRequestHandler.getOzoneFileStatus(OzoneManagerRequestHandler.java:907) ~[ozone-manager-1.3.0-SNAPSHOT.jar:?]
	at org.apache.hadoop.ozone.protocolPB.OzoneManagerRequestHandler.handleReadRequest(OzoneManagerRequestHandler.java:231) ~[ozone-manager-1.3.0-SNAPSHOT.jar:?]
	at org.apache.hadoop.ozone.protocolPB.OzoneManagerProtocolServerSideTranslatorPB.submitRequestDirectlyToOM(OzoneManagerProtocolServerSideTranslatorPB.java:276) ~[ozone-manager-1.3.0-SNAPSHOT.jar:?]
	at org.apache.hadoop.ozone.protocolPB.OzoneManagerProtocolServerSideTranslatorPB.processRequest(OzoneManagerProtocolServerSideTranslatorPB.java:205) ~[ozone-manager-1.3.0-SNAPSHOT.jar:?]
	at org.apache.hadoop.hdds.server.OzoneProtocolMessageDispatcher.processRequest(OzoneProtocolMessageDispatcher.java:87) [hdds-server-framework-1.3.0-SNAPSHOT.jar:?]
	at org.apache.hadoop.ozone.protocolPB.OzoneManagerProtocolServerSideTranslatorPB.submitRequest(OzoneManagerProtocolServerSideTranslatorPB.java:147) [ozone-manager-1.3.0-SNAPSHOT.jar:?]
	at org.apache.hadoop.ozone.protocol.proto.OzoneManagerProtocolProtos$OzoneManagerService$2.callBlockingMethod(OzoneManagerProtocolProtos.java) [ozone-interface-client-1.3.0-SNAPSHOT.jar:?]
	at org.apache.hadoop.ipc.ProtobufRpcEngine$Server.processCall(ProtobufRpcEngine.java:466) [hadoop-common-3.3.1.jar:?]
	at org.apache.hadoop.ipc.ProtobufRpcEngine2$Server$ProtoBufRpcInvoker.call(ProtobufRpcEngine2.java:574) [hadoop-common-3.3.1.jar:?]
	at org.apache.hadoop.ipc.ProtobufRpcEngine2$Server$ProtoBufRpcInvoker.call(ProtobufRpcEngine2.java:552) [hadoop-common-3.3.1.jar:?]
	at org.apache.hadoop.ipc.RPC$Server.call(RPC.java:1093) [hadoop-common-3.3.1.jar:?]
	at org.apache.hadoop.ipc.Server$RpcCall.run(Server.java:1035) [hadoop-common-3.3.1.jar:?]
	at org.apache.hadoop.ipc.Server$RpcCall.run(Server.java:963) [hadoop-common-3.3.1.jar:?]
	at java.security.AccessController.doPrivileged(Native Method) ~[?:1.8.0_345]
	at javax.security.auth.Subject.doAs(Subject.java:422) [?:1.8.0_345]
	at org.apache.hadoop.security.UserGroupInformation.doAs(UserGroupInformation.java:1878) [hadoop-common-3.3.1.jar:?]
	at org.apache.hadoop.ipc.Server$Handler.run(Server.java:2966) [hadoop-common-3.3.1.jar:?]
2022-10-11 08:14:27,818 [Time-limited test] WARN  ozone.BasicOzoneFileSystem (BasicOzoneFileSystem.java:getFileStatus(765)) - GetFileStatus failed for path /level0
java.io.FileNotFoundException: level0: No such file or directory!
	at org.apache.hadoop.fs.ozone.BasicOzoneClientAdapterImpl.getFileStatus(BasicOzoneClientAdapterImpl.java:369)
	at org.apache.hadoop.fs.ozone.BasicOzoneFileSystem.getFileStatus(BasicOzoneFileSystem.java:757)
	at org.apache.hadoop.fs.ozone.TestOzoneFileSystem.checkPath(TestOzoneFileSystem.java:502)
	at org.apache.hadoop.fs.ozone.TestOzoneFileSystem.testRecursiveDelete(TestOzoneFileSystem.java:486)
	at sun.reflect.NativeMethodAccessorImpl.invoke0(Native Method)
	at sun.reflect.NativeMethodAccessorImpl.invoke(NativeMethodAccessorImpl.java:62)
	at sun.reflect.DelegatingMethodAccessorImpl.invoke(DelegatingMethodAccessorImpl.java:43)
	at java.lang.reflect.Method.invoke(Method.java:498)
	at org.junit.runners.model.FrameworkMethod$1.runReflectiveCall(FrameworkMethod.java:59)
	at org.junit.internal.runners.model.ReflectiveCallable.run(ReflectiveCallable.java:12)
	at org.junit.runners.model.FrameworkMethod.invokeExplosively(FrameworkMethod.java:56)
	at org.junit.internal.runners.statements.InvokeMethod.evaluate(InvokeMethod.java:17)
	at org.junit.internal.runners.statements.RunAfters.evaluate(RunAfters.java:27)
	at org.junit.internal.runners.statements.FailOnTimeout$CallableStatement.call(FailOnTimeout.java:288)
	at org.junit.internal.runners.statements.FailOnTimeout$CallableStatement.call(FailOnTimeout.java:282)
	at java.util.concurrent.FutureTask.run(FutureTask.java:266)
	at java.lang.Thread.run(Thread.java:750)
08:14:27.818 [IPC Server handler 5 on default port 40309] ERROR OMAudit - user=runner | ip=127.0.0.1 | op=GET_FILE_STATUS {volume=volume86011, bucket=bucket73886, key=level0/level1, dataSize=0, replicationConfig=null} | ret=FAILURE
org.apache.hadoop.ozone.om.exceptions.OMException: Unable to get file status: volume: volume86011 bucket: bucket73886 key: level0/level1
	at org.apache.hadoop.ozone.om.KeyManagerImpl.getOzoneFileStatusFSO(KeyManagerImpl.java:1336) ~[ozone-manager-1.3.0-SNAPSHOT.jar:?]
	at org.apache.hadoop.ozone.om.KeyManagerImpl.getFileStatus(KeyManagerImpl.java:1199) ~[ozone-manager-1.3.0-SNAPSHOT.jar:?]
	at org.apache.hadoop.ozone.om.OzoneManager.getFileStatus(OzoneManager.java:3570) ~[ozone-manager-1.3.0-SNAPSHOT.jar:?]
	at org.apache.hadoop.ozone.protocolPB.OzoneManagerRequestHandler.getOzoneFileStatus(OzoneManagerRequestHandler.java:907) ~[ozone-manager-1.3.0-SNAPSHOT.jar:?]
	at org.apache.hadoop.ozone.protocolPB.OzoneManagerRequestHandler.handleReadRequest(OzoneManagerRequestHandler.java:231) ~[ozone-manager-1.3.0-SNAPSHOT.jar:?]
	at org.apache.hadoop.ozone.protocolPB.OzoneManagerProtocolServerSideTranslatorPB.submitRequestDirectlyToOM(OzoneManagerProtocolServerSideTranslatorPB.java:276) ~[ozone-manager-1.3.0-SNAPSHOT.jar:?]
	at org.apache.hadoop.ozone.protocolPB.OzoneManagerProtocolServerSideTranslatorPB.processRequest(OzoneManagerProtocolServerSideTranslatorPB.java:205) ~[ozone-manager-1.3.0-SNAPSHOT.jar:?]
	at org.apache.hadoop.hdds.server.OzoneProtocolMessageDispatcher.processRequest(OzoneProtocolMessageDispatcher.java:87) [hdds-server-framework-1.3.0-SNAPSHOT.jar:?]
	at org.apache.hadoop.ozone.protocolPB.OzoneManagerProtocolServerSideTranslatorPB.submitRequest(OzoneManagerProtocolServerSideTranslatorPB.java:147) [ozone-manager-1.3.0-SNAPSHOT.jar:?]
	at org.apache.hadoop.ozone.protocol.proto.OzoneManagerProtocolProtos$OzoneManagerService$2.callBlockingMethod(OzoneManagerProtocolProtos.java) [ozone-interface-client-1.3.0-SNAPSHOT.jar:?]
	at org.apache.hadoop.ipc.ProtobufRpcEngine$Server.processCall(ProtobufRpcEngine.java:466) [hadoop-common-3.3.1.jar:?]
	at org.apache.hadoop.ipc.ProtobufRpcEngine2$Server$ProtoBufRpcInvoker.call(ProtobufRpcEngine2.java:574) [hadoop-common-3.3.1.jar:?]
	at org.apache.hadoop.ipc.ProtobufRpcEngine2$Server$ProtoBufRpcInvoker.call(ProtobufRpcEngine2.java:552) [hadoop-common-3.3.1.jar:?]
	at org.apache.hadoop.ipc.RPC$Server.call(RPC.java:1093) [hadoop-common-3.3.1.jar:?]
	at org.apache.hadoop.ipc.Server$RpcCall.run(Server.java:1035) [hadoop-common-3.3.1.jar:?]
	at org.apache.hadoop.ipc.Server$RpcCall.run(Server.java:963) [hadoop-common-3.3.1.jar:?]
	at java.security.AccessController.doPrivileged(Native Method) ~[?:1.8.0_345]
	at javax.security.auth.Subject.doAs(Subject.java:422) [?:1.8.0_345]
	at org.apache.hadoop.security.UserGroupInformation.doAs(UserGroupInformation.java:1878) [hadoop-common-3.3.1.jar:?]
	at org.apache.hadoop.ipc.Server$Handler.run(Server.java:2966) [hadoop-common-3.3.1.jar:?]
2022-10-11 08:14:27,819 [Time-limited test] WARN  ozone.BasicOzoneFileSystem (BasicOzoneFileSystem.java:getFileStatus(765)) - GetFileStatus failed for path /level0/level1
java.io.FileNotFoundException: level0/level1: No such file or directory!
	at org.apache.hadoop.fs.ozone.BasicOzoneClientAdapterImpl.getFileStatus(BasicOzoneClientAdapterImpl.java:369)
	at org.apache.hadoop.fs.ozone.BasicOzoneFileSystem.getFileStatus(BasicOzoneFileSystem.java:757)
	at org.apache.hadoop.fs.ozone.TestOzoneFileSystem.checkPath(TestOzoneFileSystem.java:502)
	at org.apache.hadoop.fs.ozone.TestOzoneFileSystem.testRecursiveDelete(TestOzoneFileSystem.java:493)
	at sun.reflect.NativeMethodAccessorImpl.invoke0(Native Method)
	at sun.reflect.NativeMethodAccessorImpl.invoke(NativeMethodAccessorImpl.java:62)
	at sun.reflect.DelegatingMethodAccessorImpl.invoke(DelegatingMethodAccessorImpl.java:43)
	at java.lang.reflect.Method.invoke(Method.java:498)
	at org.junit.runners.model.FrameworkMethod$1.runReflectiveCall(FrameworkMethod.java:59)
	at org.junit.internal.runners.model.ReflectiveCallable.run(ReflectiveCallable.java:12)
	at org.junit.runners.model.FrameworkMethod.invokeExplosively(FrameworkMethod.java:56)
	at org.junit.internal.runners.statements.InvokeMethod.evaluate(InvokeMethod.java:17)
	at org.junit.internal.runners.statements.RunAfters.evaluate(RunAfters.java:27)
	at org.junit.internal.runners.statements.FailOnTimeout$CallableStatement.call(FailOnTimeout.java:288)
	at org.junit.internal.runners.statements.FailOnTimeout$CallableStatement.call(FailOnTimeout.java:282)
	at java.util.concurrent.FutureTask.run(FutureTask.java:266)
	at java.lang.Thread.run(Thread.java:750)
08:14:27.819 [IPC Server handler 7 on default port 40309] ERROR OMAudit - user=runner | ip=127.0.0.1 | op=GET_FILE_STATUS {volume=volume86011, bucket=bucket73886, key=level0/level1/level1, dataSize=0, replicationConfig=null} | ret=FAILURE
org.apache.hadoop.ozone.om.exceptions.OMException: Unable to get file status: volume: volume86011 bucket: bucket73886 key: level0/level1/level1
	at org.apache.hadoop.ozone.om.KeyManagerImpl.getOzoneFileStatusFSO(KeyManagerImpl.java:1336) ~[ozone-manager-1.3.0-SNAPSHOT.jar:?]
	at org.apache.hadoop.ozone.om.KeyManagerImpl.getFileStatus(KeyManagerImpl.java:1199) ~[ozone-manager-1.3.0-SNAPSHOT.jar:?]
	at org.apache.hadoop.ozone.om.OzoneManager.getFileStatus(OzoneManager.java:3570) ~[ozone-manager-1.3.0-SNAPSHOT.jar:?]
	at org.apache.hadoop.ozone.protocolPB.OzoneManagerRequestHandler.getOzoneFileStatus(OzoneManagerRequestHandler.java:907) ~[ozone-manager-1.3.0-SNAPSHOT.jar:?]
	at org.apache.hadoop.ozone.protocolPB.OzoneManagerRequestHandler.handleReadRequest(OzoneManagerRequestHandler.java:231) ~[ozone-manager-1.3.0-SNAPSHOT.jar:?]
	at org.apache.hadoop.ozone.protocolPB.OzoneManagerProtocolServerSideTranslatorPB.submitRequestDirectlyToOM(OzoneManagerProtocolServerSideTranslatorPB.java:276) ~[ozone-manager-1.3.0-SNAPSHOT.jar:?]
	at org.apache.hadoop.ozone.protocolPB.OzoneManagerProtocolServerSideTranslatorPB.processRequest(OzoneManagerProtocolServerSideTranslatorPB.java:205) ~[ozone-manager-1.3.0-SNAPSHOT.jar:?]
	at org.apache.hadoop.hdds.server.OzoneProtocolMessageDispatcher.processRequest(OzoneProtocolMessageDispatcher.java:87) [hdds-server-framework-1.3.0-SNAPSHOT.jar:?]
	at org.apache.hadoop.ozone.protocolPB.OzoneManagerProtocolServerSideTranslatorPB.submitRequest(OzoneManagerProtocolServerSideTranslatorPB.java:147) [ozone-manager-1.3.0-SNAPSHOT.jar:?]
	at org.apache.hadoop.ozone.protocol.proto.OzoneManagerProtocolProtos$OzoneManagerService$2.callBlockingMethod(OzoneManagerProtocolProtos.java) [ozone-interface-client-1.3.0-SNAPSHOT.jar:?]
	at org.apache.hadoop.ipc.ProtobufRpcEngine$Server.processCall(ProtobufRpcEngine.java:466) [hadoop-common-3.3.1.jar:?]
	at org.apache.hadoop.ipc.ProtobufRpcEngine2$Server$ProtoBufRpcInvoker.call(ProtobufRpcEngine2.java:574) [hadoop-common-3.3.1.jar:?]
	at org.apache.hadoop.ipc.ProtobufRpcEngine2$Server$ProtoBufRpcInvoker.call(ProtobufRpcEngine2.java:552) [hadoop-common-3.3.1.jar:?]
	at org.apache.hadoop.ipc.RPC$Server.call(RPC.java:1093) [hadoop-common-3.3.1.jar:?]
	at org.apache.hadoop.ipc.Server$RpcCall.run(Server.java:1035) [hadoop-common-3.3.1.jar:?]
	at org.apache.hadoop.ipc.Server$RpcCall.run(Server.java:963) [hadoop-common-3.3.1.jar:?]
	at java.security.AccessController.doPrivileged(Native Method) ~[?:1.8.0_345]
	at javax.security.auth.Subject.doAs(Subject.java:422) [?:1.8.0_345]
	at org.apache.hadoop.security.UserGroupInformation.doAs(UserGroupInformation.java:1878) [hadoop-common-3.3.1.jar:?]
	at org.apache.hadoop.ipc.Server$Handler.run(Server.java:2966) [hadoop-common-3.3.1.jar:?]
2022-10-11 08:14:27,820 [Time-limited test] WARN  ozone.BasicOzoneFileSystem (BasicOzoneFileSystem.java:getFileStatus(765)) - GetFileStatus failed for path /level0/level1/level1
java.io.FileNotFoundException: level0/level1/level1: No such file or directory!
	at org.apache.hadoop.fs.ozone.BasicOzoneClientAdapterImpl.getFileStatus(BasicOzoneClientAdapterImpl.java:369)
	at org.apache.hadoop.fs.ozone.BasicOzoneFileSystem.getFileStatus(BasicOzoneFileSystem.java:757)
	at org.apache.hadoop.fs.ozone.TestOzoneFileSystem.checkPath(TestOzoneFileSystem.java:502)
	at org.apache.hadoop.fs.ozone.TestOzoneFileSystem.testRecursiveDelete(TestOzoneFileSystem.java:494)
	at sun.reflect.NativeMethodAccessorImpl.invoke0(Native Method)
	at sun.reflect.NativeMethodAccessorImpl.invoke(NativeMethodAccessorImpl.java:62)
	at sun.reflect.DelegatingMethodAccessorImpl.invoke(DelegatingMethodAccessorImpl.java:43)
	at java.lang.reflect.Method.invoke(Method.java:498)
	at org.junit.runners.model.FrameworkMethod$1.runReflectiveCall(FrameworkMethod.java:59)
	at org.junit.internal.runners.model.ReflectiveCallable.run(ReflectiveCallable.java:12)
	at org.junit.runners.model.FrameworkMethod.invokeExplosively(FrameworkMethod.java:56)
	at org.junit.internal.runners.statements.InvokeMethod.evaluate(InvokeMethod.java:17)
	at org.junit.internal.runners.statements.RunAfters.evaluate(RunAfters.java:27)
	at org.junit.internal.runners.statements.FailOnTimeout$CallableStatement.call(FailOnTimeout.java:288)
	at org.junit.internal.runners.statements.FailOnTimeout$CallableStatement.call(FailOnTimeout.java:282)
	at java.util.concurrent.FutureTask.run(FutureTask.java:266)
	at java.lang.Thread.run(Thread.java:750)
08:14:27.823 [IPC Server handler 9 on default port 40309] ERROR OMAudit - user=runner | ip=127.0.0.1 | op=GET_FILE_STATUS {volume=volume86011, bucket=bucket73886, key=level0/level1/file1, dataSize=0, replicationConfig=null} | ret=FAILURE
org.apache.hadoop.ozone.om.exceptions.OMException: Unable to get file status: volume: volume86011 bucket: bucket73886 key: level0/level1/file1
	at org.apache.hadoop.ozone.om.KeyManagerImpl.getOzoneFileStatusFSO(KeyManagerImpl.java:1336) ~[ozone-manager-1.3.0-SNAPSHOT.jar:?]
	at org.apache.hadoop.ozone.om.KeyManagerImpl.getFileStatus(KeyManagerImpl.java:1199) ~[ozone-manager-1.3.0-SNAPSHOT.jar:?]
	at org.apache.hadoop.ozone.om.OzoneManager.getFileStatus(OzoneManager.java:3570) ~[ozone-manager-1.3.0-SNAPSHOT.jar:?]
	at org.apache.hadoop.ozone.protocolPB.OzoneManagerRequestHandler.getOzoneFileStatus(OzoneManagerRequestHandler.java:907) ~[ozone-manager-1.3.0-SNAPSHOT.jar:?]
	at org.apache.hadoop.ozone.protocolPB.OzoneManagerRequestHandler.handleReadRequest(OzoneManagerRequestHandler.java:231) ~[ozone-manager-1.3.0-SNAPSHOT.jar:?]
	at org.apache.hadoop.ozone.protocolPB.OzoneManagerProtocolServerSideTranslatorPB.submitRequestDirectlyToOM(OzoneManagerProtocolServerSideTranslatorPB.java:276) ~[ozone-manager-1.3.0-SNAPSHOT.jar:?]
	at org.apache.hadoop.ozone.protocolPB.OzoneManagerProtocolServerSideTranslatorPB.processRequest(OzoneManagerProtocolServerSideTranslatorPB.java:205) ~[ozone-manager-1.3.0-SNAPSHOT.jar:?]
	at org.apache.hadoop.hdds.server.OzoneProtocolMessageDispatcher.processRequest(OzoneProtocolMessageDispatcher.java:87) [hdds-server-framework-1.3.0-SNAPSHOT.jar:?]
	at org.apache.hadoop.ozone.protocolPB.OzoneManagerProtocolServerSideTranslatorPB.submitRequest(OzoneManagerProtocolServerSideTranslatorPB.java:147) [ozone-manager-1.3.0-SNAPSHOT.jar:?]
	at org.apache.hadoop.ozone.protocol.proto.OzoneManagerProtocolProtos$OzoneManagerService$2.callBlockingMethod(OzoneManagerProtocolProtos.java) [ozone-interface-client-1.3.0-SNAPSHOT.jar:?]
	at org.apache.hadoop.ipc.ProtobufRpcEngine$Server.processCall(ProtobufRpcEngine.java:466) [hadoop-common-3.3.1.jar:?]
	at org.apache.hadoop.ipc.ProtobufRpcEngine2$Server$ProtoBufRpcInvoker.call(ProtobufRpcEngine2.java:574) [hadoop-common-3.3.1.jar:?]
	at org.apache.hadoop.ipc.ProtobufRpcEngine2$Server$ProtoBufRpcInvoker.call(ProtobufRpcEngine2.java:552) [hadoop-common-3.3.1.jar:?]
	at org.apache.hadoop.ipc.RPC$Server.call(RPC.java:1093) [hadoop-common-3.3.1.jar:?]
	at org.apache.hadoop.ipc.Server$RpcCall.run(Server.java:1035) [hadoop-common-3.3.1.jar:?]
	at org.apache.hadoop.ipc.Server$RpcCall.run(Server.java:963) [hadoop-common-3.3.1.jar:?]
	at java.security.AccessController.doPrivileged(Native Method) ~[?:1.8.0_345]
	at javax.security.auth.Subject.doAs(Subject.java:422) [?:1.8.0_345]
	at org.apache.hadoop.security.UserGroupInformation.doAs(UserGroupInformation.java:1878) [hadoop-common-3.3.1.jar:?]
	at org.apache.hadoop.ipc.Server$Handler.run(Server.java:2966) [hadoop-common-3.3.1.jar:?]
2022-10-11 08:14:27,824 [Time-limited test] WARN  ozone.BasicOzoneFileSystem (BasicOzoneFileSystem.java:getFileStatus(765)) - GetFileStatus failed for path /level0/level1/file1
java.io.FileNotFoundException: level0/level1/file1: No such file or directory!
	at org.apache.hadoop.fs.ozone.BasicOzoneClientAdapterImpl.getFileStatus(BasicOzoneClientAdapterImpl.java:369)
	at org.apache.hadoop.fs.ozone.BasicOzoneFileSystem.getFileStatus(BasicOzoneFileSystem.java:757)
	at org.apache.hadoop.fs.ozone.TestOzoneFileSystem.checkPath(TestOzoneFileSystem.java:502)
	at org.apache.hadoop.fs.ozone.TestOzoneFileSystem.testRecursiveDelete(TestOzoneFileSystem.java:495)
	at sun.reflect.NativeMethodAccessorImpl.invoke0(Native Method)
	at sun.reflect.NativeMethodAccessorImpl.invoke(NativeMethodAccessorImpl.java:62)
	at sun.reflect.DelegatingMethodAccessorImpl.invoke(DelegatingMethodAccessorImpl.java:43)
	at java.lang.reflect.Method.invoke(Method.java:498)
	at org.junit.runners.model.FrameworkMethod$1.runReflectiveCall(FrameworkMethod.java:59)
	at org.junit.internal.runners.model.ReflectiveCallable.run(ReflectiveCallable.java:12)
	at org.junit.runners.model.FrameworkMethod.invokeExplosively(FrameworkMethod.java:56)
	at org.junit.internal.runners.statements.InvokeMethod.evaluate(InvokeMethod.java:17)
	at org.junit.internal.runners.statements.RunAfters.evaluate(RunAfters.java:27)
	at org.junit.internal.runners.statements.FailOnTimeout$CallableStatement.call(FailOnTimeout.java:288)
	at org.junit.internal.runners.statements.FailOnTimeout$CallableStatement.call(FailOnTimeout.java:282)
	at java.util.concurrent.FutureTask.run(FutureTask.java:266)
	at java.lang.Thread.run(Thread.java:750)
08:14:27.824 [IPC Server handler 8 on default port 40309] ERROR OMAudit - user=runner | ip=127.0.0.1 | op=GET_FILE_STATUS {volume=volume86011, bucket=bucket73886, key=level0/level1/level1/file1, dataSize=0, replicationConfig=null} | ret=FAILURE
org.apache.hadoop.ozone.om.exceptions.OMException: Unable to get file status: volume: volume86011 bucket: bucket73886 key: level0/level1/level1/file1
	at org.apache.hadoop.ozone.om.KeyManagerImpl.getOzoneFileStatusFSO(KeyManagerImpl.java:1336) ~[ozone-manager-1.3.0-SNAPSHOT.jar:?]
	at org.apache.hadoop.ozone.om.KeyManagerImpl.getFileStatus(KeyManagerImpl.java:1199) ~[ozone-manager-1.3.0-SNAPSHOT.jar:?]
	at org.apache.hadoop.ozone.om.OzoneManager.getFileStatus(OzoneManager.java:3570) ~[ozone-manager-1.3.0-SNAPSHOT.jar:?]
	at org.apache.hadoop.ozone.protocolPB.OzoneManagerRequestHandler.getOzoneFileStatus(OzoneManagerRequestHandler.java:907) ~[ozone-manager-1.3.0-SNAPSHOT.jar:?]
	at org.apache.hadoop.ozone.protocolPB.OzoneManagerRequestHandler.handleReadRequest(OzoneManagerRequestHandler.java:231) ~[ozone-manager-1.3.0-SNAPSHOT.jar:?]
	at org.apache.hadoop.ozone.protocolPB.OzoneManagerProtocolServerSideTranslatorPB.submitRequestDirectlyToOM(OzoneManagerProtocolServerSideTranslatorPB.java:276) ~[ozone-manager-1.3.0-SNAPSHOT.jar:?]
	at org.apache.hadoop.ozone.protocolPB.OzoneManagerProtocolServerSideTranslatorPB.processRequest(OzoneManagerProtocolServerSideTranslatorPB.java:205) ~[ozone-manager-1.3.0-SNAPSHOT.jar:?]
	at org.apache.hadoop.hdds.server.OzoneProtocolMessageDispatcher.processRequest(OzoneProtocolMessageDispatcher.java:87) [hdds-server-framework-1.3.0-SNAPSHOT.jar:?]
	at org.apache.hadoop.ozone.protocolPB.OzoneManagerProtocolServerSideTranslatorPB.submitRequest(OzoneManagerProtocolServerSideTranslatorPB.java:147) [ozone-manager-1.3.0-SNAPSHOT.jar:?]
	at org.apache.hadoop.ozone.protocol.proto.OzoneManagerProtocolProtos$OzoneManagerService$2.callBlockingMethod(OzoneManagerProtocolProtos.java) [ozone-interface-client-1.3.0-SNAPSHOT.jar:?]
	at org.apache.hadoop.ipc.ProtobufRpcEngine$Server.processCall(ProtobufRpcEngine.java:466) [hadoop-common-3.3.1.jar:?]
	at org.apache.hadoop.ipc.ProtobufRpcEngine2$Server$ProtoBufRpcInvoker.call(ProtobufRpcEngine2.java:574) [hadoop-common-3.3.1.jar:?]
	at org.apache.hadoop.ipc.ProtobufRpcEngine2$Server$ProtoBufRpcInvoker.call(ProtobufRpcEngine2.java:552) [hadoop-common-3.3.1.jar:?]
	at org.apache.hadoop.ipc.RPC$Server.call(RPC.java:1093) [hadoop-common-3.3.1.jar:?]
	at org.apache.hadoop.ipc.Server$RpcCall.run(Server.java:1035) [hadoop-common-3.3.1.jar:?]
	at org.apache.hadoop.ipc.Server$RpcCall.run(Server.java:963) [hadoop-common-3.3.1.jar:?]
	at java.security.AccessController.doPrivileged(Native Method) ~[?:1.8.0_345]
	at javax.security.auth.Subject.doAs(Subject.java:422) [?:1.8.0_345]
	at org.apache.hadoop.security.UserGroupInformation.doAs(UserGroupInformation.java:1878) [hadoop-common-3.3.1.jar:?]
	at org.apache.hadoop.ipc.Server$Handler.run(Server.java:2966) [hadoop-common-3.3.1.jar:?]
2022-10-11 08:14:27,825 [Time-limited test] WARN  ozone.BasicOzoneFileSystem (BasicOzoneFileSystem.java:getFileStatus(765)) - GetFileStatus failed for path /level0/level1/level1/file1
java.io.FileNotFoundException: level0/level1/level1/file1: No such file or directory!
	at org.apache.hadoop.fs.ozone.BasicOzoneClientAdapterImpl.getFileStatus(BasicOzoneClientAdapterImpl.java:369)
	at org.apache.hadoop.fs.ozone.BasicOzoneFileSystem.getFileStatus(BasicOzoneFileSystem.java:757)
	at org.apache.hadoop.fs.ozone.TestOzoneFileSystem.checkPath(TestOzoneFileSystem.java:502)
	at org.apache.hadoop.fs.ozone.TestOzoneFileSystem.testRecursiveDelete(TestOzoneFileSystem.java:496)
	at sun.reflect.NativeMethodAccessorImpl.invoke0(Native Method)
	at sun.reflect.NativeMethodAccessorImpl.invoke(NativeMethodAccessorImpl.java:62)
	at sun.reflect.DelegatingMethodAccessorImpl.invoke(DelegatingMethodAccessorImpl.java:43)
	at java.lang.reflect.Method.invoke(Method.java:498)
	at org.junit.runners.model.FrameworkMethod$1.runReflectiveCall(FrameworkMethod.java:59)
	at org.junit.internal.runners.model.ReflectiveCallable.run(ReflectiveCallable.java:12)
	at org.junit.runners.model.FrameworkMethod.invokeExplosively(FrameworkMethod.java:56)
	at org.junit.internal.runners.statements.InvokeMethod.evaluate(InvokeMethod.java:17)
	at org.junit.internal.runners.statements.RunAfters.evaluate(RunAfters.java:27)
	at org.junit.internal.runners.statements.FailOnTimeout$CallableStatement.call(FailOnTimeout.java:288)
	at org.junit.internal.runners.statements.FailOnTimeout$CallableStatement.call(FailOnTimeout.java:282)
	at java.util.concurrent.FutureTask.run(FutureTask.java:266)
	at java.lang.Thread.run(Thread.java:750)
08:14:27.825 [IPC Server handler 10 on default port 40309] ERROR OMAudit - user=runner | ip=127.0.0.1 | op=GET_FILE_STATUS {volume=volume86011, bucket=bucket73886, key=level0/level2, dataSize=0, replicationConfig=null} | ret=FAILURE
org.apache.hadoop.ozone.om.exceptions.OMException: Unable to get file status: volume: volume86011 bucket: bucket73886 key: level0/level2
	at org.apache.hadoop.ozone.om.KeyManagerImpl.getOzoneFileStatusFSO(KeyManagerImpl.java:1336) ~[ozone-manager-1.3.0-SNAPSHOT.jar:?]
	at org.apache.hadoop.ozone.om.KeyManagerImpl.getFileStatus(KeyManagerImpl.java:1199) ~[ozone-manager-1.3.0-SNAPSHOT.jar:?]
	at org.apache.hadoop.ozone.om.OzoneManager.getFileStatus(OzoneManager.java:3570) ~[ozone-manager-1.3.0-SNAPSHOT.jar:?]
	at org.apache.hadoop.ozone.protocolPB.OzoneManagerRequestHandler.getOzoneFileStatus(OzoneManagerRequestHandler.java:907) ~[ozone-manager-1.3.0-SNAPSHOT.jar:?]
	at org.apache.hadoop.ozone.protocolPB.OzoneManagerRequestHandler.handleReadRequest(OzoneManagerRequestHandler.java:231) ~[ozone-manager-1.3.0-SNAPSHOT.jar:?]
	at org.apache.hadoop.ozone.protocolPB.OzoneManagerProtocolServerSideTranslatorPB.submitRequestDirectlyToOM(OzoneManagerProtocolServerSideTranslatorPB.java:276) ~[ozone-manager-1.3.0-SNAPSHOT.jar:?]
	at org.apache.hadoop.ozone.protocolPB.OzoneManagerProtocolServerSideTranslatorPB.processRequest(OzoneManagerProtocolServerSideTranslatorPB.java:205) ~[ozone-manager-1.3.0-SNAPSHOT.jar:?]
	at org.apache.hadoop.hdds.server.OzoneProtocolMessageDispatcher.processRequest(OzoneProtocolMessageDispatcher.java:87) [hdds-server-framework-1.3.0-SNAPSHOT.jar:?]
	at org.apache.hadoop.ozone.protocolPB.OzoneManagerProtocolServerSideTranslatorPB.submitRequest(OzoneManagerProtocolServerSideTranslatorPB.java:147) [ozone-manager-1.3.0-SNAPSHOT.jar:?]
	at org.apache.hadoop.ozone.protocol.proto.OzoneManagerProtocolProtos$OzoneManagerService$2.callBlockingMethod(OzoneManagerProtocolProtos.java) [ozone-interface-client-1.3.0-SNAPSHOT.jar:?]
	at org.apache.hadoop.ipc.ProtobufRpcEngine$Server.processCall(ProtobufRpcEngine.java:466) [hadoop-common-3.3.1.jar:?]
	at org.apache.hadoop.ipc.ProtobufRpcEngine2$Server$ProtoBufRpcInvoker.call(ProtobufRpcEngine2.java:574) [hadoop-common-3.3.1.jar:?]
	at org.apache.hadoop.ipc.ProtobufRpcEngine2$Server$ProtoBufRpcInvoker.call(ProtobufRpcEngine2.java:552) [hadoop-common-3.3.1.jar:?]
	at org.apache.hadoop.ipc.RPC$Server.call(RPC.java:1093) [hadoop-common-3.3.1.jar:?]
	at org.apache.hadoop.ipc.Server$RpcCall.run(Server.java:1035) [hadoop-common-3.3.1.jar:?]
	at org.apache.hadoop.ipc.Server$RpcCall.run(Server.java:963) [hadoop-common-3.3.1.jar:?]
	at java.security.AccessController.doPrivileged(Native Method) ~[?:1.8.0_345]
	at javax.security.auth.Subject.doAs(Subject.java:422) [?:1.8.0_345]
	at org.apache.hadoop.security.UserGroupInformation.doAs(UserGroupInformation.java:1878) [hadoop-common-3.3.1.jar:?]
	at org.apache.hadoop.ipc.Server$Handler.run(Server.java:2966) [hadoop-common-3.3.1.jar:?]
2022-10-11 08:14:27,825 [Time-limited test] WARN  ozone.BasicOzoneFileSystem (BasicOzoneFileSystem.java:getFileStatus(765)) - GetFileStatus failed for path /level0/level2
java.io.FileNotFoundException: level0/level2: No such file or directory!
	at org.apache.hadoop.fs.ozone.BasicOzoneClientAdapterImpl.getFileStatus(BasicOzoneClientAdapterImpl.java:369)
	at org.apache.hadoop.fs.ozone.BasicOzoneFileSystem.getFileStatus(BasicOzoneFileSystem.java:757)
	at org.apache.hadoop.fs.ozone.TestOzoneFileSystem.checkPath(TestOzoneFileSystem.java:502)
	at org.apache.hadoop.fs.ozone.TestOzoneFileSystem.testRecursiveDelete(TestOzoneFileSystem.java:493)
	at sun.reflect.NativeMethodAccessorImpl.invoke0(Native Method)
	at sun.reflect.NativeMethodAccessorImpl.invoke(NativeMethodAccessorImpl.java:62)
	at sun.reflect.DelegatingMethodAccessorImpl.invoke(DelegatingMethodAccessorImpl.java:43)
	at java.lang.reflect.Method.invoke(Method.java:498)
	at org.junit.runners.model.FrameworkMethod$1.runReflectiveCall(FrameworkMethod.java:59)
	at org.junit.internal.runners.model.ReflectiveCallable.run(ReflectiveCallable.java:12)
	at org.junit.runners.model.FrameworkMethod.invokeExplosively(FrameworkMethod.java:56)
	at org.junit.internal.runners.statements.InvokeMethod.evaluate(InvokeMethod.java:17)
	at org.junit.internal.runners.statements.RunAfters.evaluate(RunAfters.java:27)
	at org.junit.internal.runners.statements.FailOnTimeout$CallableStatement.call(FailOnTimeout.java:288)
	at org.junit.internal.runners.statements.FailOnTimeout$CallableStatement.call(FailOnTimeout.java:282)
	at java.util.concurrent.FutureTask.run(FutureTask.java:266)
	at java.lang.Thread.run(Thread.java:750)
08:14:27.826 [IPC Server handler 11 on default port 40309] ERROR OMAudit - user=runner | ip=127.0.0.1 | op=GET_FILE_STATUS {volume=volume86011, bucket=bucket73886, key=level0/level2/level2, dataSize=0, replicationConfig=null} | ret=FAILURE
org.apache.hadoop.ozone.om.exceptions.OMException: Unable to get file status: volume: volume86011 bucket: bucket73886 key: level0/level2/level2
	at org.apache.hadoop.ozone.om.KeyManagerImpl.getOzoneFileStatusFSO(KeyManagerImpl.java:1336) ~[ozone-manager-1.3.0-SNAPSHOT.jar:?]
	at org.apache.hadoop.ozone.om.KeyManagerImpl.getFileStatus(KeyManagerImpl.java:1199) ~[ozone-manager-1.3.0-SNAPSHOT.jar:?]
	at org.apache.hadoop.ozone.om.OzoneManager.getFileStatus(OzoneManager.java:3570) ~[ozone-manager-1.3.0-SNAPSHOT.jar:?]
	at org.apache.hadoop.ozone.protocolPB.OzoneManagerRequestHandler.getOzoneFileStatus(OzoneManagerRequestHandler.java:907) ~[ozone-manager-1.3.0-SNAPSHOT.jar:?]
	at org.apache.hadoop.ozone.protocolPB.OzoneManagerRequestHandler.handleReadRequest(OzoneManagerRequestHandler.java:231) ~[ozone-manager-1.3.0-SNAPSHOT.jar:?]
	at org.apache.hadoop.ozone.protocolPB.OzoneManagerProtocolServerSideTranslatorPB.submitRequestDirectlyToOM(OzoneManagerProtocolServerSideTranslatorPB.java:276) ~[ozone-manager-1.3.0-SNAPSHOT.jar:?]
	at org.apache.hadoop.ozone.protocolPB.OzoneManagerProtocolServerSideTranslatorPB.processRequest(OzoneManagerProtocolServerSideTranslatorPB.java:205) ~[ozone-manager-1.3.0-SNAPSHOT.jar:?]
	at org.apache.hadoop.hdds.server.OzoneProtocolMessageDispatcher.processRequest(OzoneProtocolMessageDispatcher.java:87) [hdds-server-framework-1.3.0-SNAPSHOT.jar:?]
	at org.apache.hadoop.ozone.protocolPB.OzoneManagerProtocolServerSideTranslatorPB.submitRequest(OzoneManagerProtocolServerSideTranslatorPB.java:147) [ozone-manager-1.3.0-SNAPSHOT.jar:?]
	at org.apache.hadoop.ozone.protocol.proto.OzoneManagerProtocolProtos$OzoneManagerService$2.callBlockingMethod(OzoneManagerProtocolProtos.java) [ozone-interface-client-1.3.0-SNAPSHOT.jar:?]
	at org.apache.hadoop.ipc.ProtobufRpcEngine$Server.processCall(ProtobufRpcEngine.java:466) [hadoop-common-3.3.1.jar:?]
	at org.apache.hadoop.ipc.ProtobufRpcEngine2$Server$ProtoBufRpcInvoker.call(ProtobufRpcEngine2.java:574) [hadoop-common-3.3.1.jar:?]
	at org.apache.hadoop.ipc.ProtobufRpcEngine2$Server$ProtoBufRpcInvoker.call(ProtobufRpcEngine2.java:552) [hadoop-common-3.3.1.jar:?]
	at org.apache.hadoop.ipc.RPC$Server.call(RPC.java:1093) [hadoop-common-3.3.1.jar:?]
	at org.apache.hadoop.ipc.Server$RpcCall.run(Server.java:1035) [hadoop-common-3.3.1.jar:?]
	at org.apache.hadoop.ipc.Server$RpcCall.run(Server.java:963) [hadoop-common-3.3.1.jar:?]
	at java.security.AccessController.doPrivileged(Native Method) ~[?:1.8.0_345]
	at javax.security.auth.Subject.doAs(Subject.java:422) [?:1.8.0_345]
	at org.apache.hadoop.security.UserGroupInformation.doAs(UserGroupInformation.java:1878) [hadoop-common-3.3.1.jar:?]
	at org.apache.hadoop.ipc.Server$Handler.run(Server.java:2966) [hadoop-common-3.3.1.jar:?]
2022-10-11 08:14:27,826 [Time-limited test] WARN  ozone.BasicOzoneFileSystem (BasicOzoneFileSystem.java:getFileStatus(765)) - GetFileStatus failed for path /level0/level2/level2
java.io.FileNotFoundException: level0/level2/level2: No such file or directory!
	at org.apache.hadoop.fs.ozone.BasicOzoneClientAdapterImpl.getFileStatus(BasicOzoneClientAdapterImpl.java:369)
	at org.apache.hadoop.fs.ozone.BasicOzoneFileSystem.getFileStatus(BasicOzoneFileSystem.java:757)
	at org.apache.hadoop.fs.ozone.TestOzoneFileSystem.checkPath(TestOzoneFileSystem.java:502)
	at org.apache.hadoop.fs.ozone.TestOzoneFileSystem.testRecursiveDelete(TestOzoneFileSystem.java:494)
	at sun.reflect.NativeMethodAccessorImpl.invoke0(Native Method)
	at sun.reflect.NativeMethodAccessorImpl.invoke(NativeMethodAccessorImpl.java:62)
	at sun.reflect.DelegatingMethodAccessorImpl.invoke(DelegatingMethodAccessorImpl.java:43)
	at java.lang.reflect.Method.invoke(Method.java:498)
	at org.junit.runners.model.FrameworkMethod$1.runReflectiveCall(FrameworkMethod.java:59)
	at org.junit.internal.runners.model.ReflectiveCallable.run(ReflectiveCallable.java:12)
	at org.junit.runners.model.FrameworkMethod.invokeExplosively(FrameworkMethod.java:56)
	at org.junit.internal.runners.statements.InvokeMethod.evaluate(InvokeMethod.java:17)
	at org.junit.internal.runners.statements.RunAfters.evaluate(RunAfters.java:27)
	at org.junit.internal.runners.statements.FailOnTimeout$CallableStatement.call(FailOnTimeout.java:288)
	at org.junit.internal.runners.statements.FailOnTimeout$CallableStatement.call(FailOnTimeout.java:282)
	at java.util.concurrent.FutureTask.run(FutureTask.java:266)
	at java.lang.Thread.run(Thread.java:750)
08:14:27.827 [IPC Server handler 12 on default port 40309] ERROR OMAudit - user=runner | ip=127.0.0.1 | op=GET_FILE_STATUS {volume=volume86011, bucket=bucket73886, key=level0/level2/file1, dataSize=0, replicationConfig=null} | ret=FAILURE
org.apache.hadoop.ozone.om.exceptions.OMException: Unable to get file status: volume: volume86011 bucket: bucket73886 key: level0/level2/file1
	at org.apache.hadoop.ozone.om.KeyManagerImpl.getOzoneFileStatusFSO(KeyManagerImpl.java:1336) ~[ozone-manager-1.3.0-SNAPSHOT.jar:?]
	at org.apache.hadoop.ozone.om.KeyManagerImpl.getFileStatus(KeyManagerImpl.java:1199) ~[ozone-manager-1.3.0-SNAPSHOT.jar:?]
	at org.apache.hadoop.ozone.om.OzoneManager.getFileStatus(OzoneManager.java:3570) ~[ozone-manager-1.3.0-SNAPSHOT.jar:?]
	at org.apache.hadoop.ozone.protocolPB.OzoneManagerRequestHandler.getOzoneFileStatus(OzoneManagerRequestHandler.java:907) ~[ozone-manager-1.3.0-SNAPSHOT.jar:?]
	at org.apache.hadoop.ozone.protocolPB.OzoneManagerRequestHandler.handleReadRequest(OzoneManagerRequestHandler.java:231) ~[ozone-manager-1.3.0-SNAPSHOT.jar:?]
	at org.apache.hadoop.ozone.protocolPB.OzoneManagerProtocolServerSideTranslatorPB.submitRequestDirectlyToOM(OzoneManagerProtocolServerSideTranslatorPB.java:276) ~[ozone-manager-1.3.0-SNAPSHOT.jar:?]
	at org.apache.hadoop.ozone.protocolPB.OzoneManagerProtocolServerSideTranslatorPB.processRequest(OzoneManagerProtocolServerSideTranslatorPB.java:205) ~[ozone-manager-1.3.0-SNAPSHOT.jar:?]
	at org.apache.hadoop.hdds.server.OzoneProtocolMessageDispatcher.processRequest(OzoneProtocolMessageDispatcher.java:87) [hdds-server-framework-1.3.0-SNAPSHOT.jar:?]
	at org.apache.hadoop.ozone.protocolPB.OzoneManagerProtocolServerSideTranslatorPB.submitRequest(OzoneManagerProtocolServerSideTranslatorPB.java:147) [ozone-manager-1.3.0-SNAPSHOT.jar:?]
	at org.apache.hadoop.ozone.protocol.proto.OzoneManagerProtocolProtos$OzoneManagerService$2.callBlockingMethod(OzoneManagerProtocolProtos.java) [ozone-interface-client-1.3.0-SNAPSHOT.jar:?]
	at org.apache.hadoop.ipc.ProtobufRpcEngine$Server.processCall(ProtobufRpcEngine.java:466) [hadoop-common-3.3.1.jar:?]
	at org.apache.hadoop.ipc.ProtobufRpcEngine2$Server$ProtoBufRpcInvoker.call(ProtobufRpcEngine2.java:574) [hadoop-common-3.3.1.jar:?]
	at org.apache.hadoop.ipc.ProtobufRpcEngine2$Server$ProtoBufRpcInvoker.call(ProtobufRpcEngine2.java:552) [hadoop-common-3.3.1.jar:?]
	at org.apache.hadoop.ipc.RPC$Server.call(RPC.java:1093) [hadoop-common-3.3.1.jar:?]
	at org.apache.hadoop.ipc.Server$RpcCall.run(Server.java:1035) [hadoop-common-3.3.1.jar:?]
	at org.apache.hadoop.ipc.Server$RpcCall.run(Server.java:963) [hadoop-common-3.3.1.jar:?]
	at java.security.AccessController.doPrivileged(Native Method) ~[?:1.8.0_345]
	at javax.security.auth.Subject.doAs(Subject.java:422) [?:1.8.0_345]
	at org.apache.hadoop.security.UserGroupInformation.doAs(UserGroupInformation.java:1878) [hadoop-common-3.3.1.jar:?]
	at org.apache.hadoop.ipc.Server$Handler.run(Server.java:2966) [hadoop-common-3.3.1.jar:?]
2022-10-11 08:14:27,829 [Time-limited test] WARN  ozone.BasicOzoneFileSystem (BasicOzoneFileSystem.java:getFileStatus(765)) - GetFileStatus failed for path /level0/level2/file1
java.io.FileNotFoundException: level0/level2/file1: No such file or directory!
	at org.apache.hadoop.fs.ozone.BasicOzoneClientAdapterImpl.getFileStatus(BasicOzoneClientAdapterImpl.java:369)
	at org.apache.hadoop.fs.ozone.BasicOzoneFileSystem.getFileStatus(BasicOzoneFileSystem.java:757)
	at org.apache.hadoop.fs.ozone.TestOzoneFileSystem.checkPath(TestOzoneFileSystem.java:502)
	at org.apache.hadoop.fs.ozone.TestOzoneFileSystem.testRecursiveDelete(TestOzoneFileSystem.java:495)
	at sun.reflect.NativeMethodAccessorImpl.invoke0(Native Method)
	at sun.reflect.NativeMethodAccessorImpl.invoke(NativeMethodAccessorImpl.java:62)
	at sun.reflect.DelegatingMethodAccessorImpl.invoke(DelegatingMethodAccessorImpl.java:43)
	at java.lang.reflect.Method.invoke(Method.java:498)
	at org.junit.runners.model.FrameworkMethod$1.runReflectiveCall(FrameworkMethod.java:59)
	at org.junit.internal.runners.model.ReflectiveCallable.run(ReflectiveCallable.java:12)
	at org.junit.runners.model.FrameworkMethod.invokeExplosively(FrameworkMethod.java:56)
	at org.junit.internal.runners.statements.InvokeMethod.evaluate(InvokeMethod.java:17)
	at org.junit.internal.runners.statements.RunAfters.evaluate(RunAfters.java:27)
	at org.junit.internal.runners.statements.FailOnTimeout$CallableStatement.call(FailOnTimeout.java:288)
	at org.junit.internal.runners.statements.FailOnTimeout$CallableStatement.call(FailOnTimeout.java:282)
	at java.util.concurrent.FutureTask.run(FutureTask.java:266)
	at java.lang.Thread.run(Thread.java:750)
08:14:27.829 [IPC Server handler 13 on default port 40309] ERROR OMAudit - user=runner | ip=127.0.0.1 | op=GET_FILE_STATUS {volume=volume86011, bucket=bucket73886, key=level0/level2/level2/file1, dataSize=0, replicationConfig=null} | ret=FAILURE
org.apache.hadoop.ozone.om.exceptions.OMException: Unable to get file status: volume: volume86011 bucket: bucket73886 key: level0/level2/level2/file1
	at org.apache.hadoop.ozone.om.KeyManagerImpl.getOzoneFileStatusFSO(KeyManagerImpl.java:1336) ~[ozone-manager-1.3.0-SNAPSHOT.jar:?]
	at org.apache.hadoop.ozone.om.KeyManagerImpl.getFileStatus(KeyManagerImpl.java:1199) ~[ozone-manager-1.3.0-SNAPSHOT.jar:?]
	at org.apache.hadoop.ozone.om.OzoneManager.getFileStatus(OzoneManager.java:3570) ~[ozone-manager-1.3.0-SNAPSHOT.jar:?]
	at org.apache.hadoop.ozone.protocolPB.OzoneManagerRequestHandler.getOzoneFileStatus(OzoneManagerRequestHandler.java:907) ~[ozone-manager-1.3.0-SNAPSHOT.jar:?]
	at org.apache.hadoop.ozone.protocolPB.OzoneManagerRequestHandler.handleReadRequest(OzoneManagerRequestHandler.java:231) ~[ozone-manager-1.3.0-SNAPSHOT.jar:?]
	at org.apache.hadoop.ozone.protocolPB.OzoneManagerProtocolServerSideTranslatorPB.submitRequestDirectlyToOM(OzoneManagerProtocolServerSideTranslatorPB.java:276) ~[ozone-manager-1.3.0-SNAPSHOT.jar:?]
	at org.apache.hadoop.ozone.protocolPB.OzoneManagerProtocolServerSideTranslatorPB.processRequest(OzoneManagerProtocolServerSideTranslatorPB.java:205) ~[ozone-manager-1.3.0-SNAPSHOT.jar:?]
	at org.apache.hadoop.hdds.server.OzoneProtocolMessageDispatcher.processRequest(OzoneProtocolMessageDispatcher.java:87) [hdds-server-framework-1.3.0-SNAPSHOT.jar:?]
	at org.apache.hadoop.ozone.protocolPB.OzoneManagerProtocolServerSideTranslatorPB.submitRequest(OzoneManagerProtocolServerSideTranslatorPB.java:147) [ozone-manager-1.3.0-SNAPSHOT.jar:?]
	at org.apache.hadoop.ozone.protocol.proto.OzoneManagerProtocolProtos$OzoneManagerService$2.callBlockingMethod(OzoneManagerProtocolProtos.java) [ozone-interface-client-1.3.0-SNAPSHOT.jar:?]
	at org.apache.hadoop.ipc.ProtobufRpcEngine$Server.processCall(ProtobufRpcEngine.java:466) [hadoop-common-3.3.1.jar:?]
	at org.apache.hadoop.ipc.ProtobufRpcEngine2$Server$ProtoBufRpcInvoker.call(ProtobufRpcEngine2.java:574) [hadoop-common-3.3.1.jar:?]
	at org.apache.hadoop.ipc.ProtobufRpcEngine2$Server$ProtoBufRpcInvoker.call(ProtobufRpcEngine2.java:552) [hadoop-common-3.3.1.jar:?]
	at org.apache.hadoop.ipc.RPC$Server.call(RPC.java:1093) [hadoop-common-3.3.1.jar:?]
	at org.apache.hadoop.ipc.Server$RpcCall.run(Server.java:1035) [hadoop-common-3.3.1.jar:?]
	at org.apache.hadoop.ipc.Server$RpcCall.run(Server.java:963) [hadoop-common-3.3.1.jar:?]
	at java.security.AccessController.doPrivileged(Native Method) ~[?:1.8.0_345]
	at javax.security.auth.Subject.doAs(Subject.java:422) [?:1.8.0_345]
	at org.apache.hadoop.security.UserGroupInformation.doAs(UserGroupInformation.java:1878) [hadoop-common-3.3.1.jar:?]
	at org.apache.hadoop.ipc.Server$Handler.run(Server.java:2966) [hadoop-common-3.3.1.jar:?]
2022-10-11 08:14:27,830 [Time-limited test] WARN  ozone.BasicOzoneFileSystem (BasicOzoneFileSystem.java:getFileStatus(765)) - GetFileStatus failed for path /level0/level2/level2/file1
java.io.FileNotFoundException: level0/level2/level2/file1: No such file or directory!
	at org.apache.hadoop.fs.ozone.BasicOzoneClientAdapterImpl.getFileStatus(BasicOzoneClientAdapterImpl.java:369)
	at org.apache.hadoop.fs.ozone.BasicOzoneFileSystem.getFileStatus(BasicOzoneFileSystem.java:757)
	at org.apache.hadoop.fs.ozone.TestOzoneFileSystem.checkPath(TestOzoneFileSystem.java:502)
	at org.apache.hadoop.fs.ozone.TestOzoneFileSystem.testRecursiveDelete(TestOzoneFileSystem.java:496)
	at sun.reflect.NativeMethodAccessorImpl.invoke0(Native Method)
	at sun.reflect.NativeMethodAccessorImpl.invoke(NativeMethodAccessorImpl.java:62)
	at sun.reflect.DelegatingMethodAccessorImpl.invoke(DelegatingMethodAccessorImpl.java:43)
	at java.lang.reflect.Method.invoke(Method.java:498)
	at org.junit.runners.model.FrameworkMethod$1.runReflectiveCall(FrameworkMethod.java:59)
	at org.junit.internal.runners.model.ReflectiveCallable.run(ReflectiveCallable.java:12)
	at org.junit.runners.model.FrameworkMethod.invokeExplosively(FrameworkMethod.java:56)
	at org.junit.internal.runners.statements.InvokeMethod.evaluate(InvokeMethod.java:17)
	at org.junit.internal.runners.statements.RunAfters.evaluate(RunAfters.java:27)
	at org.junit.internal.runners.statements.FailOnTimeout$CallableStatement.call(FailOnTimeout.java:288)
	at org.junit.internal.runners.statements.FailOnTimeout$CallableStatement.call(FailOnTimeout.java:282)
	at java.util.concurrent.FutureTask.run(FutureTask.java:266)
	at java.lang.Thread.run(Thread.java:750)
08:14:27.831 [IPC Server handler 14 on default port 40309] ERROR OMAudit - user=runner | ip=127.0.0.1 | op=GET_FILE_STATUS {volume=volume86011, bucket=bucket73886, key=level0/level3, dataSize=0, replicationConfig=null} | ret=FAILURE
org.apache.hadoop.ozone.om.exceptions.OMException: Unable to get file status: volume: volume86011 bucket: bucket73886 key: level0/level3
	at org.apache.hadoop.ozone.om.KeyManagerImpl.getOzoneFileStatusFSO(KeyManagerImpl.java:1336) ~[ozone-manager-1.3.0-SNAPSHOT.jar:?]
	at org.apache.hadoop.ozone.om.KeyManagerImpl.getFileStatus(KeyManagerImpl.java:1199) ~[ozone-manager-1.3.0-SNAPSHOT.jar:?]
	at org.apache.hadoop.ozone.om.OzoneManager.getFileStatus(OzoneManager.java:3570) ~[ozone-manager-1.3.0-SNAPSHOT.jar:?]
	at org.apache.hadoop.ozone.protocolPB.OzoneManagerRequestHandler.getOzoneFileStatus(OzoneManagerRequestHandler.java:907) ~[ozone-manager-1.3.0-SNAPSHOT.jar:?]
	at org.apache.hadoop.ozone.protocolPB.OzoneManagerRequestHandler.handleReadRequest(OzoneManagerRequestHandler.java:231) ~[ozone-manager-1.3.0-SNAPSHOT.jar:?]
	at org.apache.hadoop.ozone.protocolPB.OzoneManagerProtocolServerSideTranslatorPB.submitRequestDirectlyToOM(OzoneManagerProtocolServerSideTranslatorPB.java:276) ~[ozone-manager-1.3.0-SNAPSHOT.jar:?]
	at org.apache.hadoop.ozone.protocolPB.OzoneManagerProtocolServerSideTranslatorPB.processRequest(OzoneManagerProtocolServerSideTranslatorPB.java:205) ~[ozone-manager-1.3.0-SNAPSHOT.jar:?]
	at org.apache.hadoop.hdds.server.OzoneProtocolMessageDispatcher.processRequest(OzoneProtocolMessageDispatcher.java:87) [hdds-server-framework-1.3.0-SNAPSHOT.jar:?]
	at org.apache.hadoop.ozone.protocolPB.OzoneManagerProtocolServerSideTranslatorPB.submitRequest(OzoneManagerProtocolServerSideTranslatorPB.java:147) [ozone-manager-1.3.0-SNAPSHOT.jar:?]
	at org.apache.hadoop.ozone.protocol.proto.OzoneManagerProtocolProtos$OzoneManagerService$2.callBlockingMethod(OzoneManagerProtocolProtos.java) [ozone-interface-client-1.3.0-SNAPSHOT.jar:?]
	at org.apache.hadoop.ipc.ProtobufRpcEngine$Server.processCall(ProtobufRpcEngine.java:466) [hadoop-common-3.3.1.jar:?]
	at org.apache.hadoop.ipc.ProtobufRpcEngine2$Server$ProtoBufRpcInvoker.call(ProtobufRpcEngine2.java:574) [hadoop-common-3.3.1.jar:?]
	at org.apache.hadoop.ipc.ProtobufRpcEngine2$Server$ProtoBufRpcInvoker.call(ProtobufRpcEngine2.java:552) [hadoop-common-3.3.1.jar:?]
	at org.apache.hadoop.ipc.RPC$Server.call(RPC.java:1093) [hadoop-common-3.3.1.jar:?]
	at org.apache.hadoop.ipc.Server$RpcCall.run(Server.java:1035) [hadoop-common-3.3.1.jar:?]
	at org.apache.hadoop.ipc.Server$RpcCall.run(Server.java:963) [hadoop-common-3.3.1.jar:?]
	at java.security.AccessController.doPrivileged(Native Method) ~[?:1.8.0_345]
	at javax.security.auth.Subject.doAs(Subject.java:422) [?:1.8.0_345]
	at org.apache.hadoop.security.UserGroupInformation.doAs(UserGroupInformation.java:1878) [hadoop-common-3.3.1.jar:?]
	at org.apache.hadoop.ipc.Server$Handler.run(Server.java:2966) [hadoop-common-3.3.1.jar:?]
2022-10-11 08:14:27,832 [Time-limited test] WARN  ozone.BasicOzoneFileSystem (BasicOzoneFileSystem.java:getFileStatus(765)) - GetFileStatus failed for path /level0/level3
java.io.FileNotFoundException: level0/level3: No such file or directory!
	at org.apache.hadoop.fs.ozone.BasicOzoneClientAdapterImpl.getFileStatus(BasicOzoneClientAdapterImpl.java:369)
	at org.apache.hadoop.fs.ozone.BasicOzoneFileSystem.getFileStatus(BasicOzoneFileSystem.java:757)
	at org.apache.hadoop.fs.ozone.TestOzoneFileSystem.checkPath(TestOzoneFileSystem.java:502)
	at org.apache.hadoop.fs.ozone.TestOzoneFileSystem.testRecursiveDelete(TestOzoneFileSystem.java:493)
	at sun.reflect.NativeMethodAccessorImpl.invoke0(Native Method)
	at sun.reflect.NativeMethodAccessorImpl.invoke(NativeMethodAccessorImpl.java:62)
	at sun.reflect.DelegatingMethodAccessorImpl.invoke(DelegatingMethodAccessorImpl.java:43)
	at java.lang.reflect.Method.invoke(Method.java:498)
	at org.junit.runners.model.FrameworkMethod$1.runReflectiveCall(FrameworkMethod.java:59)
	at org.junit.internal.runners.model.ReflectiveCallable.run(ReflectiveCallable.java:12)
	at org.junit.runners.model.FrameworkMethod.invokeExplosively(FrameworkMethod.java:56)
	at org.junit.internal.runners.statements.InvokeMethod.evaluate(InvokeMethod.java:17)
	at org.junit.internal.runners.statements.RunAfters.evaluate(RunAfters.java:27)
	at org.junit.internal.runners.statements.FailOnTimeout$CallableStatement.call(FailOnTimeout.java:288)
	at org.junit.internal.runners.statements.FailOnTimeout$CallableStatement.call(FailOnTimeout.java:282)
	at java.util.concurrent.FutureTask.run(FutureTask.java:266)
	at java.lang.Thread.run(Thread.java:750)
08:14:27.832 [IPC Server handler 15 on default port 40309] ERROR OMAudit - user=runner | ip=127.0.0.1 | op=GET_FILE_STATUS {volume=volume86011, bucket=bucket73886, key=level0/level3/level3, dataSize=0, replicationConfig=null} | ret=FAILURE
org.apache.hadoop.ozone.om.exceptions.OMException: Unable to get file status: volume: volume86011 bucket: bucket73886 key: level0/level3/level3
	at org.apache.hadoop.ozone.om.KeyManagerImpl.getOzoneFileStatusFSO(KeyManagerImpl.java:1336) ~[ozone-manager-1.3.0-SNAPSHOT.jar:?]
	at org.apache.hadoop.ozone.om.KeyManagerImpl.getFileStatus(KeyManagerImpl.java:1199) ~[ozone-manager-1.3.0-SNAPSHOT.jar:?]
	at org.apache.hadoop.ozone.om.OzoneManager.getFileStatus(OzoneManager.java:3570) ~[ozone-manager-1.3.0-SNAPSHOT.jar:?]
	at org.apache.hadoop.ozone.protocolPB.OzoneManagerRequestHandler.getOzoneFileStatus(OzoneManagerRequestHandler.java:907) ~[ozone-manager-1.3.0-SNAPSHOT.jar:?]
	at org.apache.hadoop.ozone.protocolPB.OzoneManagerRequestHandler.handleReadRequest(OzoneManagerRequestHandler.java:231) ~[ozone-manager-1.3.0-SNAPSHOT.jar:?]
	at org.apache.hadoop.ozone.protocolPB.OzoneManagerProtocolServerSideTranslatorPB.submitRequestDirectlyToOM(OzoneManagerProtocolServerSideTranslatorPB.java:276) ~[ozone-manager-1.3.0-SNAPSHOT.jar:?]
	at org.apache.hadoop.ozone.protocolPB.OzoneManagerProtocolServerSideTranslatorPB.processRequest(OzoneManagerProtocolServerSideTranslatorPB.java:205) ~[ozone-manager-1.3.0-SNAPSHOT.jar:?]
	at org.apache.hadoop.hdds.server.OzoneProtocolMessageDispatcher.processRequest(OzoneProtocolMessageDispatcher.java:87) [hdds-server-framework-1.3.0-SNAPSHOT.jar:?]
	at org.apache.hadoop.ozone.protocolPB.OzoneManagerProtocolServerSideTranslatorPB.submitRequest(OzoneManagerProtocolServerSideTranslatorPB.java:147) [ozone-manager-1.3.0-SNAPSHOT.jar:?]
	at org.apache.hadoop.ozone.protocol.proto.OzoneManagerProtocolProtos$OzoneManagerService$2.callBlockingMethod(OzoneManagerProtocolProtos.java) [ozone-interface-client-1.3.0-SNAPSHOT.jar:?]
	at org.apache.hadoop.ipc.ProtobufRpcEngine$Server.processCall(ProtobufRpcEngine.java:466) [hadoop-common-3.3.1.jar:?]
	at org.apache.hadoop.ipc.ProtobufRpcEngine2$Server$ProtoBufRpcInvoker.call(ProtobufRpcEngine2.java:574) [hadoop-common-3.3.1.jar:?]
	at org.apache.hadoop.ipc.ProtobufRpcEngine2$Server$ProtoBufRpcInvoker.call(ProtobufRpcEngine2.java:552) [hadoop-common-3.3.1.jar:?]
	at org.apache.hadoop.ipc.RPC$Server.call(RPC.java:1093) [hadoop-common-3.3.1.jar:?]
	at org.apache.hadoop.ipc.Server$RpcCall.run(Server.java:1035) [hadoop-common-3.3.1.jar:?]
	at org.apache.hadoop.ipc.Server$RpcCall.run(Server.java:963) [hadoop-common-3.3.1.jar:?]
	at java.security.AccessController.doPrivileged(Native Method) ~[?:1.8.0_345]
	at javax.security.auth.Subject.doAs(Subject.java:422) [?:1.8.0_345]
	at org.apache.hadoop.security.UserGroupInformation.doAs(UserGroupInformation.java:1878) [hadoop-common-3.3.1.jar:?]
	at org.apache.hadoop.ipc.Server$Handler.run(Server.java:2966) [hadoop-common-3.3.1.jar:?]
2022-10-11 08:14:27,832 [Time-limited test] WARN  ozone.BasicOzoneFileSystem (BasicOzoneFileSystem.java:getFileStatus(765)) - GetFileStatus failed for path /level0/level3/level3
java.io.FileNotFoundException: level0/level3/level3: No such file or directory!
	at org.apache.hadoop.fs.ozone.BasicOzoneClientAdapterImpl.getFileStatus(BasicOzoneClientAdapterImpl.java:369)
	at org.apache.hadoop.fs.ozone.BasicOzoneFileSystem.getFileStatus(BasicOzoneFileSystem.java:757)
	at org.apache.hadoop.fs.ozone.TestOzoneFileSystem.checkPath(TestOzoneFileSystem.java:502)
	at org.apache.hadoop.fs.ozone.TestOzoneFileSystem.testRecursiveDelete(TestOzoneFileSystem.java:494)
	at sun.reflect.NativeMethodAccessorImpl.invoke0(Native Method)
	at sun.reflect.NativeMethodAccessorImpl.invoke(NativeMethodAccessorImpl.java:62)
	at sun.reflect.DelegatingMethodAccessorImpl.invoke(DelegatingMethodAccessorImpl.java:43)
	at java.lang.reflect.Method.invoke(Method.java:498)
	at org.junit.runners.model.FrameworkMethod$1.runReflectiveCall(FrameworkMethod.java:59)
	at org.junit.internal.runners.model.ReflectiveCallable.run(ReflectiveCallable.java:12)
	at org.junit.runners.model.FrameworkMethod.invokeExplosively(FrameworkMethod.java:56)
	at org.junit.internal.runners.statements.InvokeMethod.evaluate(InvokeMethod.java:17)
	at org.junit.internal.runners.statements.RunAfters.evaluate(RunAfters.java:27)
	at org.junit.internal.runners.statements.FailOnTimeout$CallableStatement.call(FailOnTimeout.java:288)
	at org.junit.internal.runners.statements.FailOnTimeout$CallableStatement.call(FailOnTimeout.java:282)
	at java.util.concurrent.FutureTask.run(FutureTask.java:266)
	at java.lang.Thread.run(Thread.java:750)
08:14:27.833 [IPC Server handler 16 on default port 40309] ERROR OMAudit - user=runner | ip=127.0.0.1 | op=GET_FILE_STATUS {volume=volume86011, bucket=bucket73886, key=level0/level3/file1, dataSize=0, replicationConfig=null} | ret=FAILURE
org.apache.hadoop.ozone.om.exceptions.OMException: Unable to get file status: volume: volume86011 bucket: bucket73886 key: level0/level3/file1
	at org.apache.hadoop.ozone.om.KeyManagerImpl.getOzoneFileStatusFSO(KeyManagerImpl.java:1336) ~[ozone-manager-1.3.0-SNAPSHOT.jar:?]
	at org.apache.hadoop.ozone.om.KeyManagerImpl.getFileStatus(KeyManagerImpl.java:1199) ~[ozone-manager-1.3.0-SNAPSHOT.jar:?]
	at org.apache.hadoop.ozone.om.OzoneManager.getFileStatus(OzoneManager.java:3570) ~[ozone-manager-1.3.0-SNAPSHOT.jar:?]
	at org.apache.hadoop.ozone.protocolPB.OzoneManagerRequestHandler.getOzoneFileStatus(OzoneManagerRequestHandler.java:907) ~[ozone-manager-1.3.0-SNAPSHOT.jar:?]
	at org.apache.hadoop.ozone.protocolPB.OzoneManagerRequestHandler.handleReadRequest(OzoneManagerRequestHandler.java:231) ~[ozone-manager-1.3.0-SNAPSHOT.jar:?]
	at org.apache.hadoop.ozone.protocolPB.OzoneManagerProtocolServerSideTranslatorPB.submitRequestDirectlyToOM(OzoneManagerProtocolServerSideTranslatorPB.java:276) ~[ozone-manager-1.3.0-SNAPSHOT.jar:?]
	at org.apache.hadoop.ozone.protocolPB.OzoneManagerProtocolServerSideTranslatorPB.processRequest(OzoneManagerProtocolServerSideTranslatorPB.java:205) ~[ozone-manager-1.3.0-SNAPSHOT.jar:?]
	at org.apache.hadoop.hdds.server.OzoneProtocolMessageDispatcher.processRequest(OzoneProtocolMessageDispatcher.java:87) [hdds-server-framework-1.3.0-SNAPSHOT.jar:?]
	at org.apache.hadoop.ozone.protocolPB.OzoneManagerProtocolServerSideTranslatorPB.submitRequest(OzoneManagerProtocolServerSideTranslatorPB.java:147) [ozone-manager-1.3.0-SNAPSHOT.jar:?]
	at org.apache.hadoop.ozone.protocol.proto.OzoneManagerProtocolProtos$OzoneManagerService$2.callBlockingMethod(OzoneManagerProtocolProtos.java) [ozone-interface-client-1.3.0-SNAPSHOT.jar:?]
	at org.apache.hadoop.ipc.ProtobufRpcEngine$Server.processCall(ProtobufRpcEngine.java:466) [hadoop-common-3.3.1.jar:?]
	at org.apache.hadoop.ipc.ProtobufRpcEngine2$Server$ProtoBufRpcInvoker.call(ProtobufRpcEngine2.java:574) [hadoop-common-3.3.1.jar:?]
	at org.apache.hadoop.ipc.ProtobufRpcEngine2$Server$ProtoBufRpcInvoker.call(ProtobufRpcEngine2.java:552) [hadoop-common-3.3.1.jar:?]
	at org.apache.hadoop.ipc.RPC$Server.call(RPC.java:1093) [hadoop-common-3.3.1.jar:?]
	at org.apache.hadoop.ipc.Server$RpcCall.run(Server.java:1035) [hadoop-common-3.3.1.jar:?]
	at org.apache.hadoop.ipc.Server$RpcCall.run(Server.java:963) [hadoop-common-3.3.1.jar:?]
	at java.security.AccessController.doPrivileged(Native Method) ~[?:1.8.0_345]
	at javax.security.auth.Subject.doAs(Subject.java:422) [?:1.8.0_345]
	at org.apache.hadoop.security.UserGroupInformation.doAs(UserGroupInformation.java:1878) [hadoop-common-3.3.1.jar:?]
	at org.apache.hadoop.ipc.Server$Handler.run(Server.java:2966) [hadoop-common-3.3.1.jar:?]
2022-10-11 08:14:27,833 [Time-limited test] WARN  ozone.BasicOzoneFileSystem (BasicOzoneFileSystem.java:getFileStatus(765)) - GetFileStatus failed for path /level0/level3/file1
java.io.FileNotFoundException: level0/level3/file1: No such file or directory!
	at org.apache.hadoop.fs.ozone.BasicOzoneClientAdapterImpl.getFileStatus(BasicOzoneClientAdapterImpl.java:369)
	at org.apache.hadoop.fs.ozone.BasicOzoneFileSystem.getFileStatus(BasicOzoneFileSystem.java:757)
	at org.apache.hadoop.fs.ozone.TestOzoneFileSystem.checkPath(TestOzoneFileSystem.java:502)
	at org.apache.hadoop.fs.ozone.TestOzoneFileSystem.testRecursiveDelete(TestOzoneFileSystem.java:495)
	at sun.reflect.NativeMethodAccessorImpl.invoke0(Native Method)
	at sun.reflect.NativeMethodAccessorImpl.invoke(NativeMethodAccessorImpl.java:62)
	at sun.reflect.DelegatingMethodAccessorImpl.invoke(DelegatingMethodAccessorImpl.java:43)
	at java.lang.reflect.Method.invoke(Method.java:498)
	at org.junit.runners.model.FrameworkMethod$1.runReflectiveCall(FrameworkMethod.java:59)
	at org.junit.internal.runners.model.ReflectiveCallable.run(ReflectiveCallable.java:12)
	at org.junit.runners.model.FrameworkMethod.invokeExplosively(FrameworkMethod.java:56)
	at org.junit.internal.runners.statements.InvokeMethod.evaluate(InvokeMethod.java:17)
	at org.junit.internal.runners.statements.RunAfters.evaluate(RunAfters.java:27)
	at org.junit.internal.runners.statements.FailOnTimeout$CallableStatement.call(FailOnTimeout.java:288)
	at org.junit.internal.runners.statements.FailOnTimeout$CallableStatement.call(FailOnTimeout.java:282)
	at java.util.concurrent.FutureTask.run(FutureTask.java:266)
	at java.lang.Thread.run(Thread.java:750)
08:14:27.834 [IPC Server handler 17 on default port 40309] ERROR OMAudit - user=runner | ip=127.0.0.1 | op=GET_FILE_STATUS {volume=volume86011, bucket=bucket73886, key=level0/level3/level3/file1, dataSize=0, replicationConfig=null} | ret=FAILURE
org.apache.hadoop.ozone.om.exceptions.OMException: Unable to get file status: volume: volume86011 bucket: bucket73886 key: level0/level3/level3/file1
	at org.apache.hadoop.ozone.om.KeyManagerImpl.getOzoneFileStatusFSO(KeyManagerImpl.java:1336) ~[ozone-manager-1.3.0-SNAPSHOT.jar:?]
	at org.apache.hadoop.ozone.om.KeyManagerImpl.getFileStatus(KeyManagerImpl.java:1199) ~[ozone-manager-1.3.0-SNAPSHOT.jar:?]
	at org.apache.hadoop.ozone.om.OzoneManager.getFileStatus(OzoneManager.java:3570) ~[ozone-manager-1.3.0-SNAPSHOT.jar:?]
	at org.apache.hadoop.ozone.protocolPB.OzoneManagerRequestHandler.getOzoneFileStatus(OzoneManagerRequestHandler.java:907) ~[ozone-manager-1.3.0-SNAPSHOT.jar:?]
	at org.apache.hadoop.ozone.protocolPB.OzoneManagerRequestHandler.handleReadRequest(OzoneManagerRequestHandler.java:231) ~[ozone-manager-1.3.0-SNAPSHOT.jar:?]
	at org.apache.hadoop.ozone.protocolPB.OzoneManagerProtocolServerSideTranslatorPB.submitRequestDirectlyToOM(OzoneManagerProtocolServerSideTranslatorPB.java:276) ~[ozone-manager-1.3.0-SNAPSHOT.jar:?]
	at org.apache.hadoop.ozone.protocolPB.OzoneManagerProtocolServerSideTranslatorPB.processRequest(OzoneManagerProtocolServerSideTranslatorPB.java:205) ~[ozone-manager-1.3.0-SNAPSHOT.jar:?]
	at org.apache.hadoop.hdds.server.OzoneProtocolMessageDispatcher.processRequest(OzoneProtocolMessageDispatcher.java:87) [hdds-server-framework-1.3.0-SNAPSHOT.jar:?]
	at org.apache.hadoop.ozone.protocolPB.OzoneManagerProtocolServerSideTranslatorPB.submitRequest(OzoneManagerProtocolServerSideTranslatorPB.java:147) [ozone-manager-1.3.0-SNAPSHOT.jar:?]
	at org.apache.hadoop.ozone.protocol.proto.OzoneManagerProtocolProtos$OzoneManagerService$2.callBlockingMethod(OzoneManagerProtocolProtos.java) [ozone-interface-client-1.3.0-SNAPSHOT.jar:?]
	at org.apache.hadoop.ipc.ProtobufRpcEngine$Server.processCall(ProtobufRpcEngine.java:466) [hadoop-common-3.3.1.jar:?]
	at org.apache.hadoop.ipc.ProtobufRpcEngine2$Server$ProtoBufRpcInvoker.call(ProtobufRpcEngine2.java:574) [hadoop-common-3.3.1.jar:?]
	at org.apache.hadoop.ipc.ProtobufRpcEngine2$Server$ProtoBufRpcInvoker.call(ProtobufRpcEngine2.java:552) [hadoop-common-3.3.1.jar:?]
	at org.apache.hadoop.ipc.RPC$Server.call(RPC.java:1093) [hadoop-common-3.3.1.jar:?]
	at org.apache.hadoop.ipc.Server$RpcCall.run(Server.java:1035) [hadoop-common-3.3.1.jar:?]
	at org.apache.hadoop.ipc.Server$RpcCall.run(Server.java:963) [hadoop-common-3.3.1.jar:?]
	at java.security.AccessController.doPrivileged(Native Method) ~[?:1.8.0_345]
	at javax.security.auth.Subject.doAs(Subject.java:422) [?:1.8.0_345]
	at org.apache.hadoop.security.UserGroupInformation.doAs(UserGroupInformation.java:1878) [hadoop-common-3.3.1.jar:?]
	at org.apache.hadoop.ipc.Server$Handler.run(Server.java:2966) [hadoop-common-3.3.1.jar:?]
2022-10-11 08:14:27,834 [Time-limited test] WARN  ozone.BasicOzoneFileSystem (BasicOzoneFileSystem.java:getFileStatus(765)) - GetFileStatus failed for path /level0/level3/level3/file1
java.io.FileNotFoundException: level0/level3/level3/file1: No such file or directory!
	at org.apache.hadoop.fs.ozone.BasicOzoneClientAdapterImpl.getFileStatus(BasicOzoneClientAdapterImpl.java:369)
	at org.apache.hadoop.fs.ozone.BasicOzoneFileSystem.getFileStatus(BasicOzoneFileSystem.java:757)
	at org.apache.hadoop.fs.ozone.TestOzoneFileSystem.checkPath(TestOzoneFileSystem.java:502)
	at org.apache.hadoop.fs.ozone.TestOzoneFileSystem.testRecursiveDelete(TestOzoneFileSystem.java:496)
	at sun.reflect.NativeMethodAccessorImpl.invoke0(Native Method)
	at sun.reflect.NativeMethodAccessorImpl.invoke(NativeMethodAccessorImpl.java:62)
	at sun.reflect.DelegatingMethodAccessorImpl.invoke(DelegatingMethodAccessorImpl.java:43)
	at java.lang.reflect.Method.invoke(Method.java:498)
	at org.junit.runners.model.FrameworkMethod$1.runReflectiveCall(FrameworkMethod.java:59)
	at org.junit.internal.runners.model.ReflectiveCallable.run(ReflectiveCallable.java:12)
	at org.junit.runners.model.FrameworkMethod.invokeExplosively(FrameworkMethod.java:56)
	at org.junit.internal.runners.statements.InvokeMethod.evaluate(InvokeMethod.java:17)
	at org.junit.internal.runners.statements.RunAfters.evaluate(RunAfters.java:27)
	at org.junit.internal.runners.statements.FailOnTimeout$CallableStatement.call(FailOnTimeout.java:288)
	at org.junit.internal.runners.statements.FailOnTimeout$CallableStatement.call(FailOnTimeout.java:282)
	at java.util.concurrent.FutureTask.run(FutureTask.java:266)
	at java.lang.Thread.run(Thread.java:750)
]]></system-out>
  </testcase>
  <testcase name="testGetTrashRoots" classname="TestOzoneFileSystemWithFSO" time="0.056">
    <system-out><![CDATA[08:13:00.560 [IPC Server handler 14 on default port 39113] ERROR OMAudit - user=runner | ip=127.0.0.1 | op=GET_FILE_STATUS {volume=volume56107, bucket=bucket11984, key=.Trash/runner, dataSize=0, replicationConfig=null} | ret=FAILURE
org.apache.hadoop.ozone.om.exceptions.OMException: Unable to get file status: volume: volume56107 bucket: bucket11984 key: .Trash/runner
	at org.apache.hadoop.ozone.om.KeyManagerImpl.getOzoneFileStatusFSO(KeyManagerImpl.java:1336) ~[ozone-manager-1.3.0-SNAPSHOT.jar:?]
	at org.apache.hadoop.ozone.om.KeyManagerImpl.getFileStatus(KeyManagerImpl.java:1199) ~[ozone-manager-1.3.0-SNAPSHOT.jar:?]
	at org.apache.hadoop.ozone.om.OzoneManager.getFileStatus(OzoneManager.java:3570) ~[ozone-manager-1.3.0-SNAPSHOT.jar:?]
	at org.apache.hadoop.ozone.protocolPB.OzoneManagerRequestHandler.getOzoneFileStatus(OzoneManagerRequestHandler.java:907) ~[ozone-manager-1.3.0-SNAPSHOT.jar:?]
	at org.apache.hadoop.ozone.protocolPB.OzoneManagerRequestHandler.handleReadRequest(OzoneManagerRequestHandler.java:231) ~[ozone-manager-1.3.0-SNAPSHOT.jar:?]
	at org.apache.hadoop.ozone.protocolPB.OzoneManagerProtocolServerSideTranslatorPB.submitReadRequestToOM(OzoneManagerProtocolServerSideTranslatorPB.java:226) ~[ozone-manager-1.3.0-SNAPSHOT.jar:?]
	at org.apache.hadoop.ozone.protocolPB.OzoneManagerProtocolServerSideTranslatorPB.processRequest(OzoneManagerProtocolServerSideTranslatorPB.java:175) ~[ozone-manager-1.3.0-SNAPSHOT.jar:?]
	at org.apache.hadoop.hdds.server.OzoneProtocolMessageDispatcher.processRequest(OzoneProtocolMessageDispatcher.java:87) [hdds-server-framework-1.3.0-SNAPSHOT.jar:?]
	at org.apache.hadoop.ozone.protocolPB.OzoneManagerProtocolServerSideTranslatorPB.submitRequest(OzoneManagerProtocolServerSideTranslatorPB.java:147) [ozone-manager-1.3.0-SNAPSHOT.jar:?]
	at org.apache.hadoop.ozone.protocol.proto.OzoneManagerProtocolProtos$OzoneManagerService$2.callBlockingMethod(OzoneManagerProtocolProtos.java) [ozone-interface-client-1.3.0-SNAPSHOT.jar:?]
	at org.apache.hadoop.ipc.ProtobufRpcEngine$Server.processCall(ProtobufRpcEngine.java:466) [hadoop-common-3.3.1.jar:?]
	at org.apache.hadoop.ipc.ProtobufRpcEngine2$Server$ProtoBufRpcInvoker.call(ProtobufRpcEngine2.java:574) [hadoop-common-3.3.1.jar:?]
	at org.apache.hadoop.ipc.ProtobufRpcEngine2$Server$ProtoBufRpcInvoker.call(ProtobufRpcEngine2.java:552) [hadoop-common-3.3.1.jar:?]
	at org.apache.hadoop.ipc.RPC$Server.call(RPC.java:1093) [hadoop-common-3.3.1.jar:?]
	at org.apache.hadoop.ipc.Server$RpcCall.run(Server.java:1035) [hadoop-common-3.3.1.jar:?]
	at org.apache.hadoop.ipc.Server$RpcCall.run(Server.java:963) [hadoop-common-3.3.1.jar:?]
	at java.security.AccessController.doPrivileged(Native Method) ~[?:1.8.0_345]
	at javax.security.auth.Subject.doAs(Subject.java:422) [?:1.8.0_345]
	at org.apache.hadoop.security.UserGroupInformation.doAs(UserGroupInformation.java:1878) [hadoop-common-3.3.1.jar:?]
	at org.apache.hadoop.ipc.Server$Handler.run(Server.java:2966) [hadoop-common-3.3.1.jar:?]
2022-10-11 08:13:00,561 [Time-limited test] WARN  ozone.BasicOzoneFileSystem (BasicOzoneFileSystem.java:getFileStatus(765)) - GetFileStatus failed for path /.Trash/runner
java.io.FileNotFoundException: .Trash/runner: No such file or directory!
	at org.apache.hadoop.fs.ozone.BasicOzoneClientAdapterImpl.getFileStatus(BasicOzoneClientAdapterImpl.java:369)
	at org.apache.hadoop.fs.ozone.BasicOzoneFileSystem.getFileStatus(BasicOzoneFileSystem.java:757)
	at org.apache.hadoop.fs.FileSystem.exists(FileSystem.java:1760)
	at org.apache.hadoop.fs.ozone.BasicOzoneFileSystem.exists(BasicOzoneFileSystem.java:804)
	at org.apache.hadoop.fs.ozone.BasicOzoneFileSystem.getTrashRoots(BasicOzoneFileSystem.java:700)
	at org.apache.hadoop.fs.ozone.TestOzoneFileSystem.testGetTrashRoots(TestOzoneFileSystem.java:1503)
	at sun.reflect.NativeMethodAccessorImpl.invoke0(Native Method)
	at sun.reflect.NativeMethodAccessorImpl.invoke(NativeMethodAccessorImpl.java:62)
	at sun.reflect.DelegatingMethodAccessorImpl.invoke(DelegatingMethodAccessorImpl.java:43)
	at java.lang.reflect.Method.invoke(Method.java:498)
	at org.junit.runners.model.FrameworkMethod$1.runReflectiveCall(FrameworkMethod.java:59)
	at org.junit.internal.runners.model.ReflectiveCallable.run(ReflectiveCallable.java:12)
	at org.junit.runners.model.FrameworkMethod.invokeExplosively(FrameworkMethod.java:56)
	at org.junit.internal.runners.statements.InvokeMethod.evaluate(InvokeMethod.java:17)
	at org.junit.internal.runners.statements.RunAfters.evaluate(RunAfters.java:27)
	at org.junit.internal.runners.statements.FailOnTimeout$CallableStatement.call(FailOnTimeout.java:288)
	at org.junit.internal.runners.statements.FailOnTimeout$CallableStatement.call(FailOnTimeout.java:282)
	at java.util.concurrent.FutureTask.run(FutureTask.java:266)
	at java.lang.Thread.run(Thread.java:750)
]]></system-out>
  </testcase>
  <testcase name="testGetTrashRoots" classname="TestOzoneFileSystemWithFSO" time="0.045">
    <system-out><![CDATA[08:14:27.847 [IPC Server handler 2 on default port 40309] ERROR OMAudit - user=runner | ip=127.0.0.1 | op=GET_FILE_STATUS {volume=volume86011, bucket=bucket73886, key=.Trash/runner, dataSize=0, replicationConfig=null} | ret=FAILURE
org.apache.hadoop.ozone.om.exceptions.OMException: Unable to get file status: volume: volume86011 bucket: bucket73886 key: .Trash/runner
	at org.apache.hadoop.ozone.om.KeyManagerImpl.getOzoneFileStatusFSO(KeyManagerImpl.java:1336) ~[ozone-manager-1.3.0-SNAPSHOT.jar:?]
	at org.apache.hadoop.ozone.om.KeyManagerImpl.getFileStatus(KeyManagerImpl.java:1199) ~[ozone-manager-1.3.0-SNAPSHOT.jar:?]
	at org.apache.hadoop.ozone.om.OzoneManager.getFileStatus(OzoneManager.java:3570) ~[ozone-manager-1.3.0-SNAPSHOT.jar:?]
	at org.apache.hadoop.ozone.protocolPB.OzoneManagerRequestHandler.getOzoneFileStatus(OzoneManagerRequestHandler.java:907) ~[ozone-manager-1.3.0-SNAPSHOT.jar:?]
	at org.apache.hadoop.ozone.protocolPB.OzoneManagerRequestHandler.handleReadRequest(OzoneManagerRequestHandler.java:231) ~[ozone-manager-1.3.0-SNAPSHOT.jar:?]
	at org.apache.hadoop.ozone.protocolPB.OzoneManagerProtocolServerSideTranslatorPB.submitRequestDirectlyToOM(OzoneManagerProtocolServerSideTranslatorPB.java:276) ~[ozone-manager-1.3.0-SNAPSHOT.jar:?]
	at org.apache.hadoop.ozone.protocolPB.OzoneManagerProtocolServerSideTranslatorPB.processRequest(OzoneManagerProtocolServerSideTranslatorPB.java:205) ~[ozone-manager-1.3.0-SNAPSHOT.jar:?]
	at org.apache.hadoop.hdds.server.OzoneProtocolMessageDispatcher.processRequest(OzoneProtocolMessageDispatcher.java:87) [hdds-server-framework-1.3.0-SNAPSHOT.jar:?]
	at org.apache.hadoop.ozone.protocolPB.OzoneManagerProtocolServerSideTranslatorPB.submitRequest(OzoneManagerProtocolServerSideTranslatorPB.java:147) [ozone-manager-1.3.0-SNAPSHOT.jar:?]
	at org.apache.hadoop.ozone.protocol.proto.OzoneManagerProtocolProtos$OzoneManagerService$2.callBlockingMethod(OzoneManagerProtocolProtos.java) [ozone-interface-client-1.3.0-SNAPSHOT.jar:?]
	at org.apache.hadoop.ipc.ProtobufRpcEngine$Server.processCall(ProtobufRpcEngine.java:466) [hadoop-common-3.3.1.jar:?]
	at org.apache.hadoop.ipc.ProtobufRpcEngine2$Server$ProtoBufRpcInvoker.call(ProtobufRpcEngine2.java:574) [hadoop-common-3.3.1.jar:?]
	at org.apache.hadoop.ipc.ProtobufRpcEngine2$Server$ProtoBufRpcInvoker.call(ProtobufRpcEngine2.java:552) [hadoop-common-3.3.1.jar:?]
	at org.apache.hadoop.ipc.RPC$Server.call(RPC.java:1093) [hadoop-common-3.3.1.jar:?]
	at org.apache.hadoop.ipc.Server$RpcCall.run(Server.java:1035) [hadoop-common-3.3.1.jar:?]
	at org.apache.hadoop.ipc.Server$RpcCall.run(Server.java:963) [hadoop-common-3.3.1.jar:?]
	at java.security.AccessController.doPrivileged(Native Method) ~[?:1.8.0_345]
	at javax.security.auth.Subject.doAs(Subject.java:422) [?:1.8.0_345]
	at org.apache.hadoop.security.UserGroupInformation.doAs(UserGroupInformation.java:1878) [hadoop-common-3.3.1.jar:?]
	at org.apache.hadoop.ipc.Server$Handler.run(Server.java:2966) [hadoop-common-3.3.1.jar:?]
2022-10-11 08:14:27,847 [Time-limited test] WARN  ozone.BasicOzoneFileSystem (BasicOzoneFileSystem.java:getFileStatus(765)) - GetFileStatus failed for path /.Trash/runner
java.io.FileNotFoundException: .Trash/runner: No such file or directory!
	at org.apache.hadoop.fs.ozone.BasicOzoneClientAdapterImpl.getFileStatus(BasicOzoneClientAdapterImpl.java:369)
	at org.apache.hadoop.fs.ozone.BasicOzoneFileSystem.getFileStatus(BasicOzoneFileSystem.java:757)
	at org.apache.hadoop.fs.FileSystem.exists(FileSystem.java:1760)
	at org.apache.hadoop.fs.ozone.BasicOzoneFileSystem.exists(BasicOzoneFileSystem.java:804)
	at org.apache.hadoop.fs.ozone.BasicOzoneFileSystem.getTrashRoots(BasicOzoneFileSystem.java:700)
	at org.apache.hadoop.fs.ozone.TestOzoneFileSystem.testGetTrashRoots(TestOzoneFileSystem.java:1503)
	at sun.reflect.NativeMethodAccessorImpl.invoke0(Native Method)
	at sun.reflect.NativeMethodAccessorImpl.invoke(NativeMethodAccessorImpl.java:62)
	at sun.reflect.DelegatingMethodAccessorImpl.invoke(DelegatingMethodAccessorImpl.java:43)
	at java.lang.reflect.Method.invoke(Method.java:498)
	at org.junit.runners.model.FrameworkMethod$1.runReflectiveCall(FrameworkMethod.java:59)
	at org.junit.internal.runners.model.ReflectiveCallable.run(ReflectiveCallable.java:12)
	at org.junit.runners.model.FrameworkMethod.invokeExplosively(FrameworkMethod.java:56)
	at org.junit.internal.runners.statements.InvokeMethod.evaluate(InvokeMethod.java:17)
	at org.junit.internal.runners.statements.RunAfters.evaluate(RunAfters.java:27)
	at org.junit.internal.runners.statements.FailOnTimeout$CallableStatement.call(FailOnTimeout.java:288)
	at org.junit.internal.runners.statements.FailOnTimeout$CallableStatement.call(FailOnTimeout.java:282)
	at java.util.concurrent.FutureTask.run(FutureTask.java:266)
	at java.lang.Thread.run(Thread.java:750)
]]></system-out>
  </testcase>
  <testcase name="testCreateDoesNotAddParentDirKeys" classname="TestOzoneFileSystemWithFSO" time="0.068"/>
  <testcase name="testCreateDoesNotAddParentDirKeys" classname="TestOzoneFileSystemWithFSO" time="0.127"/>
  <testcase name="testDeleteCreatesFakeParentDir" classname="TestOzoneFileSystemWithFSO" time="0.042"/>
  <testcase name="testDeleteCreatesFakeParentDir" classname="TestOzoneFileSystemWithFSO" time="0.086"/>
  <testcase name="testNonExplicitlyCreatedPathExistsAfterItsLeafsWereRemoved" classname="TestOzoneFileSystemWithFSO" time="0.03"/>
  <testcase name="testNonExplicitlyCreatedPathExistsAfterItsLeafsWereRemoved" classname="TestOzoneFileSystemWithFSO" time="0.023"/>
  <testcase name="testCreateFileShouldCheckExistenceOfDirWithSameName" classname="TestOzoneFileSystemWithFSO" time="0.058">
    <system-out><![CDATA[08:13:00.778 [OM StateMachine ApplyTransaction Thread - 0] ERROR OMAudit - user=runner | ip=127.0.0.1 | op=CREATE_FILE {volume=volume56107, bucket=bucket11984, key=d1/d2/d3/d4/key2, dataSize=4194304, replicationType=RATIS, replicationFactor=THREE} | ret=FAILURE
org.apache.hadoop.ozone.om.exceptions.OMException: Can not write to directory: d1/d2/d3/d4/key2
	at org.apache.hadoop.ozone.om.request.file.OMFileCreateRequest.checkDirectoryResult(OMFileCreateRequest.java:364) ~[ozone-manager-1.3.0-SNAPSHOT.jar:?]
	at org.apache.hadoop.ozone.om.request.file.OMFileCreateRequestWithFSO.validateAndUpdateCache(OMFileCreateRequestWithFSO.java:153) ~[ozone-manager-1.3.0-SNAPSHOT.jar:?]
	at org.apache.hadoop.ozone.protocolPB.OzoneManagerRequestHandler.handleWriteRequest(OzoneManagerRequestHandler.java:311) ~[ozone-manager-1.3.0-SNAPSHOT.jar:?]
	at org.apache.hadoop.ozone.om.ratis.OzoneManagerStateMachine.runCommand(OzoneManagerStateMachine.java:529) ~[ozone-manager-1.3.0-SNAPSHOT.jar:?]
	at org.apache.hadoop.ozone.om.ratis.OzoneManagerStateMachine.lambda$1(OzoneManagerStateMachine.java:324) ~[ozone-manager-1.3.0-SNAPSHOT.jar:?]
	at java.util.concurrent.CompletableFuture$AsyncSupply.run(CompletableFuture.java:1604) [?:1.8.0_345]
	at java.util.concurrent.ThreadPoolExecutor.runWorker(ThreadPoolExecutor.java:1149) [?:1.8.0_345]
	at java.util.concurrent.ThreadPoolExecutor$Worker.run(ThreadPoolExecutor.java:624) [?:1.8.0_345]
	at java.lang.Thread.run(Thread.java:750) [?:1.8.0_345]
2022-10-11 08:13:00,778 [OM StateMachine ApplyTransaction Thread - 0] ERROR file.OMFileCreateRequestWithFSO (OMFileCreateRequestWithFSO.java:validateAndUpdateCache(260)) - File create failed. Volume:volume56107, Bucket:bucket11984, Key:d1/d2/d3/d4/key2.
NOT_A_FILE org.apache.hadoop.ozone.om.exceptions.OMException: Can not write to directory: d1/d2/d3/d4/key2
	at org.apache.hadoop.ozone.om.request.file.OMFileCreateRequest.checkDirectoryResult(OMFileCreateRequest.java:364)
	at org.apache.hadoop.ozone.om.request.file.OMFileCreateRequestWithFSO.validateAndUpdateCache(OMFileCreateRequestWithFSO.java:153)
	at org.apache.hadoop.ozone.protocolPB.OzoneManagerRequestHandler.handleWriteRequest(OzoneManagerRequestHandler.java:311)
	at org.apache.hadoop.ozone.om.ratis.OzoneManagerStateMachine.runCommand(OzoneManagerStateMachine.java:529)
	at org.apache.hadoop.ozone.om.ratis.OzoneManagerStateMachine.lambda$1(OzoneManagerStateMachine.java:324)
	at java.util.concurrent.CompletableFuture$AsyncSupply.run(CompletableFuture.java:1604)
	at java.util.concurrent.ThreadPoolExecutor.runWorker(ThreadPoolExecutor.java:1149)
	at java.util.concurrent.ThreadPoolExecutor$Worker.run(ThreadPoolExecutor.java:624)
	at java.lang.Thread.run(Thread.java:750)
08:13:00.794 [OM StateMachine ApplyTransaction Thread - 0] ERROR OMAudit - user=runner | ip=127.0.0.1 | op=CREATE_DIRECTORY {volume=volume56107, bucket=bucket11984, key=d1/d2/d3/d4/key3, dataSize=0, replicationType=NONE, replicationFactor=ZERO} | ret=FAILURE
org.apache.hadoop.ozone.om.exceptions.OMException: Unable to create directory: d1/d2/d3/d4/key3 in volume/bucket: volume56107/bucket11984 as file:/volume56107/bucket11984/d1/d2/d3/d4/key3 already exists
	at org.apache.hadoop.ozone.om.request.file.OMDirectoryCreateRequestWithFSO.validateAndUpdateCache(OMDirectoryCreateRequestWithFSO.java:147) ~[ozone-manager-1.3.0-SNAPSHOT.jar:?]
	at org.apache.hadoop.ozone.protocolPB.OzoneManagerRequestHandler.handleWriteRequest(OzoneManagerRequestHandler.java:311) ~[ozone-manager-1.3.0-SNAPSHOT.jar:?]
	at org.apache.hadoop.ozone.om.ratis.OzoneManagerStateMachine.runCommand(OzoneManagerStateMachine.java:529) ~[ozone-manager-1.3.0-SNAPSHOT.jar:?]
	at org.apache.hadoop.ozone.om.ratis.OzoneManagerStateMachine.lambda$1(OzoneManagerStateMachine.java:324) ~[ozone-manager-1.3.0-SNAPSHOT.jar:?]
	at java.util.concurrent.CompletableFuture$AsyncSupply.run(CompletableFuture.java:1604) [?:1.8.0_345]
	at java.util.concurrent.ThreadPoolExecutor.runWorker(ThreadPoolExecutor.java:1149) [?:1.8.0_345]
	at java.util.concurrent.ThreadPoolExecutor$Worker.run(ThreadPoolExecutor.java:624) [?:1.8.0_345]
	at java.lang.Thread.run(Thread.java:750) [?:1.8.0_345]
2022-10-11 08:13:00,795 [OM StateMachine ApplyTransaction Thread - 0] ERROR file.OMDirectoryCreateRequestWithFSO (OMDirectoryCreateRequestWithFSO.java:logResult(234)) - Directory creation failed. Volume:volume56107, Bucket:bucket11984, Keyd1/d2/d3/d4/key3. Exception:{}
FILE_ALREADY_EXISTS org.apache.hadoop.ozone.om.exceptions.OMException: Unable to create directory: d1/d2/d3/d4/key3 in volume/bucket: volume56107/bucket11984 as file:/volume56107/bucket11984/d1/d2/d3/d4/key3 already exists
	at org.apache.hadoop.ozone.om.request.file.OMDirectoryCreateRequestWithFSO.validateAndUpdateCache(OMDirectoryCreateRequestWithFSO.java:147)
	at org.apache.hadoop.ozone.protocolPB.OzoneManagerRequestHandler.handleWriteRequest(OzoneManagerRequestHandler.java:311)
	at org.apache.hadoop.ozone.om.ratis.OzoneManagerStateMachine.runCommand(OzoneManagerStateMachine.java:529)
	at org.apache.hadoop.ozone.om.ratis.OzoneManagerStateMachine.lambda$1(OzoneManagerStateMachine.java:324)
	at java.util.concurrent.CompletableFuture$AsyncSupply.run(CompletableFuture.java:1604)
	at java.util.concurrent.ThreadPoolExecutor.runWorker(ThreadPoolExecutor.java:1149)
	at java.util.concurrent.ThreadPoolExecutor$Worker.run(ThreadPoolExecutor.java:624)
	at java.lang.Thread.run(Thread.java:750)
08:13:00.799 [OM StateMachine ApplyTransaction Thread - 0] ERROR OMAudit - user=runner | ip=127.0.0.1 | op=CREATE_FILE {volume=volume56107, bucket=bucket11984, key=d1/d2/d3, dataSize=4194304, replicationType=RATIS, replicationFactor=THREE} | ret=FAILURE
org.apache.hadoop.ozone.om.exceptions.OMException: Can not write to directory: d1/d2/d3
	at org.apache.hadoop.ozone.om.request.file.OMFileCreateRequest.checkDirectoryResult(OMFileCreateRequest.java:364) ~[ozone-manager-1.3.0-SNAPSHOT.jar:?]
	at org.apache.hadoop.ozone.om.request.file.OMFileCreateRequestWithFSO.validateAndUpdateCache(OMFileCreateRequestWithFSO.java:153) ~[ozone-manager-1.3.0-SNAPSHOT.jar:?]
	at org.apache.hadoop.ozone.protocolPB.OzoneManagerRequestHandler.handleWriteRequest(OzoneManagerRequestHandler.java:311) ~[ozone-manager-1.3.0-SNAPSHOT.jar:?]
	at org.apache.hadoop.ozone.om.ratis.OzoneManagerStateMachine.runCommand(OzoneManagerStateMachine.java:529) ~[ozone-manager-1.3.0-SNAPSHOT.jar:?]
	at org.apache.hadoop.ozone.om.ratis.OzoneManagerStateMachine.lambda$1(OzoneManagerStateMachine.java:324) ~[ozone-manager-1.3.0-SNAPSHOT.jar:?]
	at java.util.concurrent.CompletableFuture$AsyncSupply.run(CompletableFuture.java:1604) [?:1.8.0_345]
	at java.util.concurrent.ThreadPoolExecutor.runWorker(ThreadPoolExecutor.java:1149) [?:1.8.0_345]
	at java.util.concurrent.ThreadPoolExecutor$Worker.run(ThreadPoolExecutor.java:624) [?:1.8.0_345]
	at java.lang.Thread.run(Thread.java:750) [?:1.8.0_345]
2022-10-11 08:13:00,799 [OM StateMachine ApplyTransaction Thread - 0] ERROR file.OMFileCreateRequestWithFSO (OMFileCreateRequestWithFSO.java:validateAndUpdateCache(260)) - File create failed. Volume:volume56107, Bucket:bucket11984, Key:d1/d2/d3.
NOT_A_FILE org.apache.hadoop.ozone.om.exceptions.OMException: Can not write to directory: d1/d2/d3
	at org.apache.hadoop.ozone.om.request.file.OMFileCreateRequest.checkDirectoryResult(OMFileCreateRequest.java:364)
	at org.apache.hadoop.ozone.om.request.file.OMFileCreateRequestWithFSO.validateAndUpdateCache(OMFileCreateRequestWithFSO.java:153)
	at org.apache.hadoop.ozone.protocolPB.OzoneManagerRequestHandler.handleWriteRequest(OzoneManagerRequestHandler.java:311)
	at org.apache.hadoop.ozone.om.ratis.OzoneManagerStateMachine.runCommand(OzoneManagerStateMachine.java:529)
	at org.apache.hadoop.ozone.om.ratis.OzoneManagerStateMachine.lambda$1(OzoneManagerStateMachine.java:324)
	at java.util.concurrent.CompletableFuture$AsyncSupply.run(CompletableFuture.java:1604)
	at java.util.concurrent.ThreadPoolExecutor.runWorker(ThreadPoolExecutor.java:1149)
	at java.util.concurrent.ThreadPoolExecutor$Worker.run(ThreadPoolExecutor.java:624)
	at java.lang.Thread.run(Thread.java:750)
08:13:00.802 [IPC Server handler 19 on default port 39113] ERROR OMAudit - user=runner | ip=127.0.0.1 | op=GET_FILE_STATUS {volume=volume56107, bucket=bucket11984, key=d1/d2/d3/d4/key3/invalid, dataSize=0, replicationConfig=null} | ret=FAILURE
org.apache.hadoop.ozone.om.exceptions.OMException: Unable to get file status: volume: volume56107 bucket: bucket11984 key: d1/d2/d3/d4/key3/invalid
	at org.apache.hadoop.ozone.om.KeyManagerImpl.getOzoneFileStatusFSO(KeyManagerImpl.java:1336) ~[ozone-manager-1.3.0-SNAPSHOT.jar:?]
	at org.apache.hadoop.ozone.om.KeyManagerImpl.getFileStatus(KeyManagerImpl.java:1199) ~[ozone-manager-1.3.0-SNAPSHOT.jar:?]
	at org.apache.hadoop.ozone.om.OzoneManager.getFileStatus(OzoneManager.java:3570) ~[ozone-manager-1.3.0-SNAPSHOT.jar:?]
	at org.apache.hadoop.ozone.protocolPB.OzoneManagerRequestHandler.getOzoneFileStatus(OzoneManagerRequestHandler.java:907) ~[ozone-manager-1.3.0-SNAPSHOT.jar:?]
	at org.apache.hadoop.ozone.protocolPB.OzoneManagerRequestHandler.handleReadRequest(OzoneManagerRequestHandler.java:231) ~[ozone-manager-1.3.0-SNAPSHOT.jar:?]
	at org.apache.hadoop.ozone.protocolPB.OzoneManagerProtocolServerSideTranslatorPB.submitReadRequestToOM(OzoneManagerProtocolServerSideTranslatorPB.java:226) ~[ozone-manager-1.3.0-SNAPSHOT.jar:?]
	at org.apache.hadoop.ozone.protocolPB.OzoneManagerProtocolServerSideTranslatorPB.processRequest(OzoneManagerProtocolServerSideTranslatorPB.java:175) ~[ozone-manager-1.3.0-SNAPSHOT.jar:?]
	at org.apache.hadoop.hdds.server.OzoneProtocolMessageDispatcher.processRequest(OzoneProtocolMessageDispatcher.java:87) [hdds-server-framework-1.3.0-SNAPSHOT.jar:?]
	at org.apache.hadoop.ozone.protocolPB.OzoneManagerProtocolServerSideTranslatorPB.submitRequest(OzoneManagerProtocolServerSideTranslatorPB.java:147) [ozone-manager-1.3.0-SNAPSHOT.jar:?]
	at org.apache.hadoop.ozone.protocol.proto.OzoneManagerProtocolProtos$OzoneManagerService$2.callBlockingMethod(OzoneManagerProtocolProtos.java) [ozone-interface-client-1.3.0-SNAPSHOT.jar:?]
	at org.apache.hadoop.ipc.ProtobufRpcEngine$Server.processCall(ProtobufRpcEngine.java:466) [hadoop-common-3.3.1.jar:?]
	at org.apache.hadoop.ipc.ProtobufRpcEngine2$Server$ProtoBufRpcInvoker.call(ProtobufRpcEngine2.java:574) [hadoop-common-3.3.1.jar:?]
	at org.apache.hadoop.ipc.ProtobufRpcEngine2$Server$ProtoBufRpcInvoker.call(ProtobufRpcEngine2.java:552) [hadoop-common-3.3.1.jar:?]
	at org.apache.hadoop.ipc.RPC$Server.call(RPC.java:1093) [hadoop-common-3.3.1.jar:?]
	at org.apache.hadoop.ipc.Server$RpcCall.run(Server.java:1035) [hadoop-common-3.3.1.jar:?]
	at org.apache.hadoop.ipc.Server$RpcCall.run(Server.java:963) [hadoop-common-3.3.1.jar:?]
	at java.security.AccessController.doPrivileged(Native Method) ~[?:1.8.0_345]
	at javax.security.auth.Subject.doAs(Subject.java:422) [?:1.8.0_345]
	at org.apache.hadoop.security.UserGroupInformation.doAs(UserGroupInformation.java:1878) [hadoop-common-3.3.1.jar:?]
	at org.apache.hadoop.ipc.Server$Handler.run(Server.java:2966) [hadoop-common-3.3.1.jar:?]
2022-10-11 08:13:00,803 [Time-limited test] WARN  ozone.BasicOzoneFileSystem (BasicOzoneFileSystem.java:getFileStatus(765)) - GetFileStatus failed for path /d1/d2/d3/d4/key3/invalid
java.io.FileNotFoundException: d1/d2/d3/d4/key3/invalid: No such file or directory!
	at org.apache.hadoop.fs.ozone.BasicOzoneClientAdapterImpl.getFileStatus(BasicOzoneClientAdapterImpl.java:369)
	at org.apache.hadoop.fs.ozone.BasicOzoneFileSystem.getFileStatus(BasicOzoneFileSystem.java:757)
	at org.apache.hadoop.fs.ozone.TestOzoneFileSystem.testCreateFileShouldCheckExistenceOfDirWithSameName(TestOzoneFileSystem.java:301)
	at sun.reflect.NativeMethodAccessorImpl.invoke0(Native Method)
	at sun.reflect.NativeMethodAccessorImpl.invoke(NativeMethodAccessorImpl.java:62)
	at sun.reflect.DelegatingMethodAccessorImpl.invoke(DelegatingMethodAccessorImpl.java:43)
	at java.lang.reflect.Method.invoke(Method.java:498)
	at org.junit.runners.model.FrameworkMethod$1.runReflectiveCall(FrameworkMethod.java:59)
	at org.junit.internal.runners.model.ReflectiveCallable.run(ReflectiveCallable.java:12)
	at org.junit.runners.model.FrameworkMethod.invokeExplosively(FrameworkMethod.java:56)
	at org.junit.internal.runners.statements.InvokeMethod.evaluate(InvokeMethod.java:17)
	at org.junit.internal.runners.statements.RunAfters.evaluate(RunAfters.java:27)
	at org.junit.internal.runners.statements.FailOnTimeout$CallableStatement.call(FailOnTimeout.java:288)
	at org.junit.internal.runners.statements.FailOnTimeout$CallableStatement.call(FailOnTimeout.java:282)
	at java.util.concurrent.FutureTask.run(FutureTask.java:266)
	at java.lang.Thread.run(Thread.java:750)
08:13:00.804 [IPC Server handler 0 on default port 39113] ERROR OMAudit - user=runner | ip=127.0.0.1 | op=GET_FILE_STATUS {volume=volume56107, bucket=bucket11984, key=d1/d2/d3/d4/invalidkey, dataSize=0, replicationConfig=null} | ret=FAILURE
org.apache.hadoop.ozone.om.exceptions.OMException: Unable to get file status: volume: volume56107 bucket: bucket11984 key: d1/d2/d3/d4/invalidkey
	at org.apache.hadoop.ozone.om.KeyManagerImpl.getOzoneFileStatusFSO(KeyManagerImpl.java:1336) ~[ozone-manager-1.3.0-SNAPSHOT.jar:?]
	at org.apache.hadoop.ozone.om.KeyManagerImpl.getFileStatus(KeyManagerImpl.java:1199) ~[ozone-manager-1.3.0-SNAPSHOT.jar:?]
	at org.apache.hadoop.ozone.om.OzoneManager.getFileStatus(OzoneManager.java:3570) ~[ozone-manager-1.3.0-SNAPSHOT.jar:?]
	at org.apache.hadoop.ozone.protocolPB.OzoneManagerRequestHandler.getOzoneFileStatus(OzoneManagerRequestHandler.java:907) ~[ozone-manager-1.3.0-SNAPSHOT.jar:?]
	at org.apache.hadoop.ozone.protocolPB.OzoneManagerRequestHandler.handleReadRequest(OzoneManagerRequestHandler.java:231) ~[ozone-manager-1.3.0-SNAPSHOT.jar:?]
	at org.apache.hadoop.ozone.protocolPB.OzoneManagerProtocolServerSideTranslatorPB.submitReadRequestToOM(OzoneManagerProtocolServerSideTranslatorPB.java:226) ~[ozone-manager-1.3.0-SNAPSHOT.jar:?]
	at org.apache.hadoop.ozone.protocolPB.OzoneManagerProtocolServerSideTranslatorPB.processRequest(OzoneManagerProtocolServerSideTranslatorPB.java:175) ~[ozone-manager-1.3.0-SNAPSHOT.jar:?]
	at org.apache.hadoop.hdds.server.OzoneProtocolMessageDispatcher.processRequest(OzoneProtocolMessageDispatcher.java:87) [hdds-server-framework-1.3.0-SNAPSHOT.jar:?]
	at org.apache.hadoop.ozone.protocolPB.OzoneManagerProtocolServerSideTranslatorPB.submitRequest(OzoneManagerProtocolServerSideTranslatorPB.java:147) [ozone-manager-1.3.0-SNAPSHOT.jar:?]
	at org.apache.hadoop.ozone.protocol.proto.OzoneManagerProtocolProtos$OzoneManagerService$2.callBlockingMethod(OzoneManagerProtocolProtos.java) [ozone-interface-client-1.3.0-SNAPSHOT.jar:?]
	at org.apache.hadoop.ipc.ProtobufRpcEngine$Server.processCall(ProtobufRpcEngine.java:466) [hadoop-common-3.3.1.jar:?]
	at org.apache.hadoop.ipc.ProtobufRpcEngine2$Server$ProtoBufRpcInvoker.call(ProtobufRpcEngine2.java:574) [hadoop-common-3.3.1.jar:?]
	at org.apache.hadoop.ipc.ProtobufRpcEngine2$Server$ProtoBufRpcInvoker.call(ProtobufRpcEngine2.java:552) [hadoop-common-3.3.1.jar:?]
	at org.apache.hadoop.ipc.RPC$Server.call(RPC.java:1093) [hadoop-common-3.3.1.jar:?]
	at org.apache.hadoop.ipc.Server$RpcCall.run(Server.java:1035) [hadoop-common-3.3.1.jar:?]
	at org.apache.hadoop.ipc.Server$RpcCall.run(Server.java:963) [hadoop-common-3.3.1.jar:?]
	at java.security.AccessController.doPrivileged(Native Method) ~[?:1.8.0_345]
	at javax.security.auth.Subject.doAs(Subject.java:422) [?:1.8.0_345]
	at org.apache.hadoop.security.UserGroupInformation.doAs(UserGroupInformation.java:1878) [hadoop-common-3.3.1.jar:?]
	at org.apache.hadoop.ipc.Server$Handler.run(Server.java:2966) [hadoop-common-3.3.1.jar:?]
2022-10-11 08:13:00,804 [Time-limited test] WARN  ozone.BasicOzoneFileSystem (BasicOzoneFileSystem.java:getFileStatus(765)) - GetFileStatus failed for path /d1/d2/d3/d4/invalidkey
java.io.FileNotFoundException: d1/d2/d3/d4/invalidkey: No such file or directory!
	at org.apache.hadoop.fs.ozone.BasicOzoneClientAdapterImpl.getFileStatus(BasicOzoneClientAdapterImpl.java:369)
	at org.apache.hadoop.fs.ozone.BasicOzoneFileSystem.getFileStatus(BasicOzoneFileSystem.java:757)
	at org.apache.hadoop.fs.ozone.TestOzoneFileSystem.testCreateFileShouldCheckExistenceOfDirWithSameName(TestOzoneFileSystem.java:308)
	at sun.reflect.NativeMethodAccessorImpl.invoke0(Native Method)
	at sun.reflect.NativeMethodAccessorImpl.invoke(NativeMethodAccessorImpl.java:62)
	at sun.reflect.DelegatingMethodAccessorImpl.invoke(DelegatingMethodAccessorImpl.java:43)
	at java.lang.reflect.Method.invoke(Method.java:498)
	at org.junit.runners.model.FrameworkMethod$1.runReflectiveCall(FrameworkMethod.java:59)
	at org.junit.internal.runners.model.ReflectiveCallable.run(ReflectiveCallable.java:12)
	at org.junit.runners.model.FrameworkMethod.invokeExplosively(FrameworkMethod.java:56)
	at org.junit.internal.runners.statements.InvokeMethod.evaluate(InvokeMethod.java:17)
	at org.junit.internal.runners.statements.RunAfters.evaluate(RunAfters.java:27)
	at org.junit.internal.runners.statements.FailOnTimeout$CallableStatement.call(FailOnTimeout.java:288)
	at org.junit.internal.runners.statements.FailOnTimeout$CallableStatement.call(FailOnTimeout.java:282)
	at java.util.concurrent.FutureTask.run(FutureTask.java:266)
	at java.lang.Thread.run(Thread.java:750)
]]></system-out>
  </testcase>
  <testcase name="testCreateFileShouldCheckExistenceOfDirWithSameName" classname="TestOzoneFileSystemWithFSO" time="0.057">
    <system-out><![CDATA[08:14:28.148 [IPC Server handler 6 on default port 40309] ERROR OMAudit - user=runner | ip=127.0.0.1 | op=CREATE_FILE {volume=volume86011, bucket=bucket73886, key=d1/d2/d3/d4/key2, dataSize=4194304, replicationType=RATIS, replicationFactor=THREE} | ret=FAILURE
org.apache.hadoop.ozone.om.exceptions.OMException: Can not write to directory: d1/d2/d3/d4/key2
	at org.apache.hadoop.ozone.om.request.file.OMFileCreateRequest.checkDirectoryResult(OMFileCreateRequest.java:364) ~[ozone-manager-1.3.0-SNAPSHOT.jar:?]
	at org.apache.hadoop.ozone.om.request.file.OMFileCreateRequestWithFSO.validateAndUpdateCache(OMFileCreateRequestWithFSO.java:153) ~[ozone-manager-1.3.0-SNAPSHOT.jar:?]
	at org.apache.hadoop.ozone.protocolPB.OzoneManagerRequestHandler.handleWriteRequest(OzoneManagerRequestHandler.java:311) ~[ozone-manager-1.3.0-SNAPSHOT.jar:?]
	at org.apache.hadoop.ozone.protocolPB.OzoneManagerProtocolServerSideTranslatorPB.submitRequestDirectlyToOM(OzoneManagerProtocolServerSideTranslatorPB.java:282) ~[ozone-manager-1.3.0-SNAPSHOT.jar:?]
	at org.apache.hadoop.ozone.protocolPB.OzoneManagerProtocolServerSideTranslatorPB.processRequest(OzoneManagerProtocolServerSideTranslatorPB.java:205) ~[ozone-manager-1.3.0-SNAPSHOT.jar:?]
	at org.apache.hadoop.hdds.server.OzoneProtocolMessageDispatcher.processRequest(OzoneProtocolMessageDispatcher.java:87) [hdds-server-framework-1.3.0-SNAPSHOT.jar:?]
	at org.apache.hadoop.ozone.protocolPB.OzoneManagerProtocolServerSideTranslatorPB.submitRequest(OzoneManagerProtocolServerSideTranslatorPB.java:147) [ozone-manager-1.3.0-SNAPSHOT.jar:?]
	at org.apache.hadoop.ozone.protocol.proto.OzoneManagerProtocolProtos$OzoneManagerService$2.callBlockingMethod(OzoneManagerProtocolProtos.java) [ozone-interface-client-1.3.0-SNAPSHOT.jar:?]
	at org.apache.hadoop.ipc.ProtobufRpcEngine$Server.processCall(ProtobufRpcEngine.java:466) [hadoop-common-3.3.1.jar:?]
	at org.apache.hadoop.ipc.ProtobufRpcEngine2$Server$ProtoBufRpcInvoker.call(ProtobufRpcEngine2.java:574) [hadoop-common-3.3.1.jar:?]
	at org.apache.hadoop.ipc.ProtobufRpcEngine2$Server$ProtoBufRpcInvoker.call(ProtobufRpcEngine2.java:552) [hadoop-common-3.3.1.jar:?]
	at org.apache.hadoop.ipc.RPC$Server.call(RPC.java:1093) [hadoop-common-3.3.1.jar:?]
	at org.apache.hadoop.ipc.Server$RpcCall.run(Server.java:1035) [hadoop-common-3.3.1.jar:?]
	at org.apache.hadoop.ipc.Server$RpcCall.run(Server.java:963) [hadoop-common-3.3.1.jar:?]
	at java.security.AccessController.doPrivileged(Native Method) ~[?:1.8.0_345]
	at javax.security.auth.Subject.doAs(Subject.java:422) [?:1.8.0_345]
	at org.apache.hadoop.security.UserGroupInformation.doAs(UserGroupInformation.java:1878) [hadoop-common-3.3.1.jar:?]
	at org.apache.hadoop.ipc.Server$Handler.run(Server.java:2966) [hadoop-common-3.3.1.jar:?]
2022-10-11 08:14:28,148 [IPC Server handler 6 on default port 40309] ERROR file.OMFileCreateRequestWithFSO (OMFileCreateRequestWithFSO.java:validateAndUpdateCache(260)) - File create failed. Volume:volume86011, Bucket:bucket73886, Key:d1/d2/d3/d4/key2.
NOT_A_FILE org.apache.hadoop.ozone.om.exceptions.OMException: Can not write to directory: d1/d2/d3/d4/key2
	at org.apache.hadoop.ozone.om.request.file.OMFileCreateRequest.checkDirectoryResult(OMFileCreateRequest.java:364)
	at org.apache.hadoop.ozone.om.request.file.OMFileCreateRequestWithFSO.validateAndUpdateCache(OMFileCreateRequestWithFSO.java:153)
	at org.apache.hadoop.ozone.protocolPB.OzoneManagerRequestHandler.handleWriteRequest(OzoneManagerRequestHandler.java:311)
	at org.apache.hadoop.ozone.protocolPB.OzoneManagerProtocolServerSideTranslatorPB.submitRequestDirectlyToOM(OzoneManagerProtocolServerSideTranslatorPB.java:282)
	at org.apache.hadoop.ozone.protocolPB.OzoneManagerProtocolServerSideTranslatorPB.processRequest(OzoneManagerProtocolServerSideTranslatorPB.java:205)
	at org.apache.hadoop.hdds.server.OzoneProtocolMessageDispatcher.processRequest(OzoneProtocolMessageDispatcher.java:87)
	at org.apache.hadoop.ozone.protocolPB.OzoneManagerProtocolServerSideTranslatorPB.submitRequest(OzoneManagerProtocolServerSideTranslatorPB.java:147)
	at org.apache.hadoop.ozone.protocol.proto.OzoneManagerProtocolProtos$OzoneManagerService$2.callBlockingMethod(OzoneManagerProtocolProtos.java)
	at org.apache.hadoop.ipc.ProtobufRpcEngine$Server.processCall(ProtobufRpcEngine.java:466)
	at org.apache.hadoop.ipc.ProtobufRpcEngine2$Server$ProtoBufRpcInvoker.call(ProtobufRpcEngine2.java:574)
	at org.apache.hadoop.ipc.ProtobufRpcEngine2$Server$ProtoBufRpcInvoker.call(ProtobufRpcEngine2.java:552)
	at org.apache.hadoop.ipc.RPC$Server.call(RPC.java:1093)
	at org.apache.hadoop.ipc.Server$RpcCall.run(Server.java:1035)
	at org.apache.hadoop.ipc.Server$RpcCall.run(Server.java:963)
	at java.security.AccessController.doPrivileged(Native Method)
	at javax.security.auth.Subject.doAs(Subject.java:422)
	at org.apache.hadoop.security.UserGroupInformation.doAs(UserGroupInformation.java:1878)
	at org.apache.hadoop.ipc.Server$Handler.run(Server.java:2966)
08:14:28.167 [IPC Server handler 9 on default port 40309] ERROR OMAudit - user=runner | ip=127.0.0.1 | op=CREATE_DIRECTORY {volume=volume86011, bucket=bucket73886, key=d1/d2/d3/d4/key3, dataSize=0, replicationType=NONE, replicationFactor=ZERO} | ret=FAILURE
org.apache.hadoop.ozone.om.exceptions.OMException: Unable to create directory: d1/d2/d3/d4/key3 in volume/bucket: volume86011/bucket73886 as file:/volume86011/bucket73886/d1/d2/d3/d4/key3 already exists
	at org.apache.hadoop.ozone.om.request.file.OMDirectoryCreateRequestWithFSO.validateAndUpdateCache(OMDirectoryCreateRequestWithFSO.java:147) ~[ozone-manager-1.3.0-SNAPSHOT.jar:?]
	at org.apache.hadoop.ozone.protocolPB.OzoneManagerRequestHandler.handleWriteRequest(OzoneManagerRequestHandler.java:311) ~[ozone-manager-1.3.0-SNAPSHOT.jar:?]
	at org.apache.hadoop.ozone.protocolPB.OzoneManagerProtocolServerSideTranslatorPB.submitRequestDirectlyToOM(OzoneManagerProtocolServerSideTranslatorPB.java:282) ~[ozone-manager-1.3.0-SNAPSHOT.jar:?]
	at org.apache.hadoop.ozone.protocolPB.OzoneManagerProtocolServerSideTranslatorPB.processRequest(OzoneManagerProtocolServerSideTranslatorPB.java:205) ~[ozone-manager-1.3.0-SNAPSHOT.jar:?]
	at org.apache.hadoop.hdds.server.OzoneProtocolMessageDispatcher.processRequest(OzoneProtocolMessageDispatcher.java:87) [hdds-server-framework-1.3.0-SNAPSHOT.jar:?]
	at org.apache.hadoop.ozone.protocolPB.OzoneManagerProtocolServerSideTranslatorPB.submitRequest(OzoneManagerProtocolServerSideTranslatorPB.java:147) [ozone-manager-1.3.0-SNAPSHOT.jar:?]
	at org.apache.hadoop.ozone.protocol.proto.OzoneManagerProtocolProtos$OzoneManagerService$2.callBlockingMethod(OzoneManagerProtocolProtos.java) [ozone-interface-client-1.3.0-SNAPSHOT.jar:?]
	at org.apache.hadoop.ipc.ProtobufRpcEngine$Server.processCall(ProtobufRpcEngine.java:466) [hadoop-common-3.3.1.jar:?]
	at org.apache.hadoop.ipc.ProtobufRpcEngine2$Server$ProtoBufRpcInvoker.call(ProtobufRpcEngine2.java:574) [hadoop-common-3.3.1.jar:?]
	at org.apache.hadoop.ipc.ProtobufRpcEngine2$Server$ProtoBufRpcInvoker.call(ProtobufRpcEngine2.java:552) [hadoop-common-3.3.1.jar:?]
	at org.apache.hadoop.ipc.RPC$Server.call(RPC.java:1093) [hadoop-common-3.3.1.jar:?]
	at org.apache.hadoop.ipc.Server$RpcCall.run(Server.java:1035) [hadoop-common-3.3.1.jar:?]
	at org.apache.hadoop.ipc.Server$RpcCall.run(Server.java:963) [hadoop-common-3.3.1.jar:?]
	at java.security.AccessController.doPrivileged(Native Method) ~[?:1.8.0_345]
	at javax.security.auth.Subject.doAs(Subject.java:422) [?:1.8.0_345]
	at org.apache.hadoop.security.UserGroupInformation.doAs(UserGroupInformation.java:1878) [hadoop-common-3.3.1.jar:?]
	at org.apache.hadoop.ipc.Server$Handler.run(Server.java:2966) [hadoop-common-3.3.1.jar:?]
2022-10-11 08:14:28,167 [IPC Server handler 9 on default port 40309] ERROR file.OMDirectoryCreateRequestWithFSO (OMDirectoryCreateRequestWithFSO.java:logResult(234)) - Directory creation failed. Volume:volume86011, Bucket:bucket73886, Keyd1/d2/d3/d4/key3. Exception:{}
FILE_ALREADY_EXISTS org.apache.hadoop.ozone.om.exceptions.OMException: Unable to create directory: d1/d2/d3/d4/key3 in volume/bucket: volume86011/bucket73886 as file:/volume86011/bucket73886/d1/d2/d3/d4/key3 already exists
	at org.apache.hadoop.ozone.om.request.file.OMDirectoryCreateRequestWithFSO.validateAndUpdateCache(OMDirectoryCreateRequestWithFSO.java:147)
	at org.apache.hadoop.ozone.protocolPB.OzoneManagerRequestHandler.handleWriteRequest(OzoneManagerRequestHandler.java:311)
	at org.apache.hadoop.ozone.protocolPB.OzoneManagerProtocolServerSideTranslatorPB.submitRequestDirectlyToOM(OzoneManagerProtocolServerSideTranslatorPB.java:282)
	at org.apache.hadoop.ozone.protocolPB.OzoneManagerProtocolServerSideTranslatorPB.processRequest(OzoneManagerProtocolServerSideTranslatorPB.java:205)
	at org.apache.hadoop.hdds.server.OzoneProtocolMessageDispatcher.processRequest(OzoneProtocolMessageDispatcher.java:87)
	at org.apache.hadoop.ozone.protocolPB.OzoneManagerProtocolServerSideTranslatorPB.submitRequest(OzoneManagerProtocolServerSideTranslatorPB.java:147)
	at org.apache.hadoop.ozone.protocol.proto.OzoneManagerProtocolProtos$OzoneManagerService$2.callBlockingMethod(OzoneManagerProtocolProtos.java)
	at org.apache.hadoop.ipc.ProtobufRpcEngine$Server.processCall(ProtobufRpcEngine.java:466)
	at org.apache.hadoop.ipc.ProtobufRpcEngine2$Server$ProtoBufRpcInvoker.call(ProtobufRpcEngine2.java:574)
	at org.apache.hadoop.ipc.ProtobufRpcEngine2$Server$ProtoBufRpcInvoker.call(ProtobufRpcEngine2.java:552)
	at org.apache.hadoop.ipc.RPC$Server.call(RPC.java:1093)
	at org.apache.hadoop.ipc.Server$RpcCall.run(Server.java:1035)
	at org.apache.hadoop.ipc.Server$RpcCall.run(Server.java:963)
	at java.security.AccessController.doPrivileged(Native Method)
	at javax.security.auth.Subject.doAs(Subject.java:422)
	at org.apache.hadoop.security.UserGroupInformation.doAs(UserGroupInformation.java:1878)
	at org.apache.hadoop.ipc.Server$Handler.run(Server.java:2966)
08:14:28.172 [IPC Server handler 8 on default port 40309] ERROR OMAudit - user=runner | ip=127.0.0.1 | op=CREATE_FILE {volume=volume86011, bucket=bucket73886, key=d1/d2/d3, dataSize=4194304, replicationType=RATIS, replicationFactor=THREE} | ret=FAILURE
org.apache.hadoop.ozone.om.exceptions.OMException: Can not write to directory: d1/d2/d3
	at org.apache.hadoop.ozone.om.request.file.OMFileCreateRequest.checkDirectoryResult(OMFileCreateRequest.java:364) ~[ozone-manager-1.3.0-SNAPSHOT.jar:?]
	at org.apache.hadoop.ozone.om.request.file.OMFileCreateRequestWithFSO.validateAndUpdateCache(OMFileCreateRequestWithFSO.java:153) ~[ozone-manager-1.3.0-SNAPSHOT.jar:?]
	at org.apache.hadoop.ozone.protocolPB.OzoneManagerRequestHandler.handleWriteRequest(OzoneManagerRequestHandler.java:311) ~[ozone-manager-1.3.0-SNAPSHOT.jar:?]
	at org.apache.hadoop.ozone.protocolPB.OzoneManagerProtocolServerSideTranslatorPB.submitRequestDirectlyToOM(OzoneManagerProtocolServerSideTranslatorPB.java:282) ~[ozone-manager-1.3.0-SNAPSHOT.jar:?]
	at org.apache.hadoop.ozone.protocolPB.OzoneManagerProtocolServerSideTranslatorPB.processRequest(OzoneManagerProtocolServerSideTranslatorPB.java:205) ~[ozone-manager-1.3.0-SNAPSHOT.jar:?]
	at org.apache.hadoop.hdds.server.OzoneProtocolMessageDispatcher.processRequest(OzoneProtocolMessageDispatcher.java:87) [hdds-server-framework-1.3.0-SNAPSHOT.jar:?]
	at org.apache.hadoop.ozone.protocolPB.OzoneManagerProtocolServerSideTranslatorPB.submitRequest(OzoneManagerProtocolServerSideTranslatorPB.java:147) [ozone-manager-1.3.0-SNAPSHOT.jar:?]
	at org.apache.hadoop.ozone.protocol.proto.OzoneManagerProtocolProtos$OzoneManagerService$2.callBlockingMethod(OzoneManagerProtocolProtos.java) [ozone-interface-client-1.3.0-SNAPSHOT.jar:?]
	at org.apache.hadoop.ipc.ProtobufRpcEngine$Server.processCall(ProtobufRpcEngine.java:466) [hadoop-common-3.3.1.jar:?]
	at org.apache.hadoop.ipc.ProtobufRpcEngine2$Server$ProtoBufRpcInvoker.call(ProtobufRpcEngine2.java:574) [hadoop-common-3.3.1.jar:?]
	at org.apache.hadoop.ipc.ProtobufRpcEngine2$Server$ProtoBufRpcInvoker.call(ProtobufRpcEngine2.java:552) [hadoop-common-3.3.1.jar:?]
	at org.apache.hadoop.ipc.RPC$Server.call(RPC.java:1093) [hadoop-common-3.3.1.jar:?]
	at org.apache.hadoop.ipc.Server$RpcCall.run(Server.java:1035) [hadoop-common-3.3.1.jar:?]
	at org.apache.hadoop.ipc.Server$RpcCall.run(Server.java:963) [hadoop-common-3.3.1.jar:?]
	at java.security.AccessController.doPrivileged(Native Method) ~[?:1.8.0_345]
	at javax.security.auth.Subject.doAs(Subject.java:422) [?:1.8.0_345]
	at org.apache.hadoop.security.UserGroupInformation.doAs(UserGroupInformation.java:1878) [hadoop-common-3.3.1.jar:?]
	at org.apache.hadoop.ipc.Server$Handler.run(Server.java:2966) [hadoop-common-3.3.1.jar:?]
2022-10-11 08:14:28,172 [IPC Server handler 8 on default port 40309] ERROR file.OMFileCreateRequestWithFSO (OMFileCreateRequestWithFSO.java:validateAndUpdateCache(260)) - File create failed. Volume:volume86011, Bucket:bucket73886, Key:d1/d2/d3.
NOT_A_FILE org.apache.hadoop.ozone.om.exceptions.OMException: Can not write to directory: d1/d2/d3
	at org.apache.hadoop.ozone.om.request.file.OMFileCreateRequest.checkDirectoryResult(OMFileCreateRequest.java:364)
	at org.apache.hadoop.ozone.om.request.file.OMFileCreateRequestWithFSO.validateAndUpdateCache(OMFileCreateRequestWithFSO.java:153)
	at org.apache.hadoop.ozone.protocolPB.OzoneManagerRequestHandler.handleWriteRequest(OzoneManagerRequestHandler.java:311)
	at org.apache.hadoop.ozone.protocolPB.OzoneManagerProtocolServerSideTranslatorPB.submitRequestDirectlyToOM(OzoneManagerProtocolServerSideTranslatorPB.java:282)
	at org.apache.hadoop.ozone.protocolPB.OzoneManagerProtocolServerSideTranslatorPB.processRequest(OzoneManagerProtocolServerSideTranslatorPB.java:205)
	at org.apache.hadoop.hdds.server.OzoneProtocolMessageDispatcher.processRequest(OzoneProtocolMessageDispatcher.java:87)
	at org.apache.hadoop.ozone.protocolPB.OzoneManagerProtocolServerSideTranslatorPB.submitRequest(OzoneManagerProtocolServerSideTranslatorPB.java:147)
	at org.apache.hadoop.ozone.protocol.proto.OzoneManagerProtocolProtos$OzoneManagerService$2.callBlockingMethod(OzoneManagerProtocolProtos.java)
	at org.apache.hadoop.ipc.ProtobufRpcEngine$Server.processCall(ProtobufRpcEngine.java:466)
	at org.apache.hadoop.ipc.ProtobufRpcEngine2$Server$ProtoBufRpcInvoker.call(ProtobufRpcEngine2.java:574)
	at org.apache.hadoop.ipc.ProtobufRpcEngine2$Server$ProtoBufRpcInvoker.call(ProtobufRpcEngine2.java:552)
	at org.apache.hadoop.ipc.RPC$Server.call(RPC.java:1093)
	at org.apache.hadoop.ipc.Server$RpcCall.run(Server.java:1035)
	at org.apache.hadoop.ipc.Server$RpcCall.run(Server.java:963)
	at java.security.AccessController.doPrivileged(Native Method)
	at javax.security.auth.Subject.doAs(Subject.java:422)
	at org.apache.hadoop.security.UserGroupInformation.doAs(UserGroupInformation.java:1878)
	at org.apache.hadoop.ipc.Server$Handler.run(Server.java:2966)
08:14:28.174 [IPC Server handler 11 on default port 40309] ERROR OMAudit - user=runner | ip=127.0.0.1 | op=GET_FILE_STATUS {volume=volume86011, bucket=bucket73886, key=d1/d2/d3/d4/key3/invalid, dataSize=0, replicationConfig=null} | ret=FAILURE
org.apache.hadoop.ozone.om.exceptions.OMException: Unable to get file status: volume: volume86011 bucket: bucket73886 key: d1/d2/d3/d4/key3/invalid
	at org.apache.hadoop.ozone.om.KeyManagerImpl.getOzoneFileStatusFSO(KeyManagerImpl.java:1336) ~[ozone-manager-1.3.0-SNAPSHOT.jar:?]
	at org.apache.hadoop.ozone.om.KeyManagerImpl.getFileStatus(KeyManagerImpl.java:1199) ~[ozone-manager-1.3.0-SNAPSHOT.jar:?]
	at org.apache.hadoop.ozone.om.OzoneManager.getFileStatus(OzoneManager.java:3570) ~[ozone-manager-1.3.0-SNAPSHOT.jar:?]
	at org.apache.hadoop.ozone.protocolPB.OzoneManagerRequestHandler.getOzoneFileStatus(OzoneManagerRequestHandler.java:907) ~[ozone-manager-1.3.0-SNAPSHOT.jar:?]
	at org.apache.hadoop.ozone.protocolPB.OzoneManagerRequestHandler.handleReadRequest(OzoneManagerRequestHandler.java:231) ~[ozone-manager-1.3.0-SNAPSHOT.jar:?]
	at org.apache.hadoop.ozone.protocolPB.OzoneManagerProtocolServerSideTranslatorPB.submitRequestDirectlyToOM(OzoneManagerProtocolServerSideTranslatorPB.java:276) ~[ozone-manager-1.3.0-SNAPSHOT.jar:?]
	at org.apache.hadoop.ozone.protocolPB.OzoneManagerProtocolServerSideTranslatorPB.processRequest(OzoneManagerProtocolServerSideTranslatorPB.java:205) ~[ozone-manager-1.3.0-SNAPSHOT.jar:?]
	at org.apache.hadoop.hdds.server.OzoneProtocolMessageDispatcher.processRequest(OzoneProtocolMessageDispatcher.java:87) [hdds-server-framework-1.3.0-SNAPSHOT.jar:?]
	at org.apache.hadoop.ozone.protocolPB.OzoneManagerProtocolServerSideTranslatorPB.submitRequest(OzoneManagerProtocolServerSideTranslatorPB.java:147) [ozone-manager-1.3.0-SNAPSHOT.jar:?]
	at org.apache.hadoop.ozone.protocol.proto.OzoneManagerProtocolProtos$OzoneManagerService$2.callBlockingMethod(OzoneManagerProtocolProtos.java) [ozone-interface-client-1.3.0-SNAPSHOT.jar:?]
	at org.apache.hadoop.ipc.ProtobufRpcEngine$Server.processCall(ProtobufRpcEngine.java:466) [hadoop-common-3.3.1.jar:?]
	at org.apache.hadoop.ipc.ProtobufRpcEngine2$Server$ProtoBufRpcInvoker.call(ProtobufRpcEngine2.java:574) [hadoop-common-3.3.1.jar:?]
	at org.apache.hadoop.ipc.ProtobufRpcEngine2$Server$ProtoBufRpcInvoker.call(ProtobufRpcEngine2.java:552) [hadoop-common-3.3.1.jar:?]
	at org.apache.hadoop.ipc.RPC$Server.call(RPC.java:1093) [hadoop-common-3.3.1.jar:?]
	at org.apache.hadoop.ipc.Server$RpcCall.run(Server.java:1035) [hadoop-common-3.3.1.jar:?]
	at org.apache.hadoop.ipc.Server$RpcCall.run(Server.java:963) [hadoop-common-3.3.1.jar:?]
	at java.security.AccessController.doPrivileged(Native Method) ~[?:1.8.0_345]
	at javax.security.auth.Subject.doAs(Subject.java:422) [?:1.8.0_345]
	at org.apache.hadoop.security.UserGroupInformation.doAs(UserGroupInformation.java:1878) [hadoop-common-3.3.1.jar:?]
	at org.apache.hadoop.ipc.Server$Handler.run(Server.java:2966) [hadoop-common-3.3.1.jar:?]
2022-10-11 08:14:28,174 [Time-limited test] WARN  ozone.BasicOzoneFileSystem (BasicOzoneFileSystem.java:getFileStatus(765)) - GetFileStatus failed for path /d1/d2/d3/d4/key3/invalid
java.io.FileNotFoundException: d1/d2/d3/d4/key3/invalid: No such file or directory!
	at org.apache.hadoop.fs.ozone.BasicOzoneClientAdapterImpl.getFileStatus(BasicOzoneClientAdapterImpl.java:369)
	at org.apache.hadoop.fs.ozone.BasicOzoneFileSystem.getFileStatus(BasicOzoneFileSystem.java:757)
	at org.apache.hadoop.fs.ozone.TestOzoneFileSystem.testCreateFileShouldCheckExistenceOfDirWithSameName(TestOzoneFileSystem.java:301)
	at sun.reflect.NativeMethodAccessorImpl.invoke0(Native Method)
	at sun.reflect.NativeMethodAccessorImpl.invoke(NativeMethodAccessorImpl.java:62)
	at sun.reflect.DelegatingMethodAccessorImpl.invoke(DelegatingMethodAccessorImpl.java:43)
	at java.lang.reflect.Method.invoke(Method.java:498)
	at org.junit.runners.model.FrameworkMethod$1.runReflectiveCall(FrameworkMethod.java:59)
	at org.junit.internal.runners.model.ReflectiveCallable.run(ReflectiveCallable.java:12)
	at org.junit.runners.model.FrameworkMethod.invokeExplosively(FrameworkMethod.java:56)
	at org.junit.internal.runners.statements.InvokeMethod.evaluate(InvokeMethod.java:17)
	at org.junit.internal.runners.statements.RunAfters.evaluate(RunAfters.java:27)
	at org.junit.internal.runners.statements.FailOnTimeout$CallableStatement.call(FailOnTimeout.java:288)
	at org.junit.internal.runners.statements.FailOnTimeout$CallableStatement.call(FailOnTimeout.java:282)
	at java.util.concurrent.FutureTask.run(FutureTask.java:266)
	at java.lang.Thread.run(Thread.java:750)
08:14:28.175 [IPC Server handler 12 on default port 40309] ERROR OMAudit - user=runner | ip=127.0.0.1 | op=GET_FILE_STATUS {volume=volume86011, bucket=bucket73886, key=d1/d2/d3/d4/invalidkey, dataSize=0, replicationConfig=null} | ret=FAILURE
org.apache.hadoop.ozone.om.exceptions.OMException: Unable to get file status: volume: volume86011 bucket: bucket73886 key: d1/d2/d3/d4/invalidkey
	at org.apache.hadoop.ozone.om.KeyManagerImpl.getOzoneFileStatusFSO(KeyManagerImpl.java:1336) ~[ozone-manager-1.3.0-SNAPSHOT.jar:?]
	at org.apache.hadoop.ozone.om.KeyManagerImpl.getFileStatus(KeyManagerImpl.java:1199) ~[ozone-manager-1.3.0-SNAPSHOT.jar:?]
	at org.apache.hadoop.ozone.om.OzoneManager.getFileStatus(OzoneManager.java:3570) ~[ozone-manager-1.3.0-SNAPSHOT.jar:?]
	at org.apache.hadoop.ozone.protocolPB.OzoneManagerRequestHandler.getOzoneFileStatus(OzoneManagerRequestHandler.java:907) ~[ozone-manager-1.3.0-SNAPSHOT.jar:?]
	at org.apache.hadoop.ozone.protocolPB.OzoneManagerRequestHandler.handleReadRequest(OzoneManagerRequestHandler.java:231) ~[ozone-manager-1.3.0-SNAPSHOT.jar:?]
	at org.apache.hadoop.ozone.protocolPB.OzoneManagerProtocolServerSideTranslatorPB.submitRequestDirectlyToOM(OzoneManagerProtocolServerSideTranslatorPB.java:276) ~[ozone-manager-1.3.0-SNAPSHOT.jar:?]
	at org.apache.hadoop.ozone.protocolPB.OzoneManagerProtocolServerSideTranslatorPB.processRequest(OzoneManagerProtocolServerSideTranslatorPB.java:205) ~[ozone-manager-1.3.0-SNAPSHOT.jar:?]
	at org.apache.hadoop.hdds.server.OzoneProtocolMessageDispatcher.processRequest(OzoneProtocolMessageDispatcher.java:87) [hdds-server-framework-1.3.0-SNAPSHOT.jar:?]
	at org.apache.hadoop.ozone.protocolPB.OzoneManagerProtocolServerSideTranslatorPB.submitRequest(OzoneManagerProtocolServerSideTranslatorPB.java:147) [ozone-manager-1.3.0-SNAPSHOT.jar:?]
	at org.apache.hadoop.ozone.protocol.proto.OzoneManagerProtocolProtos$OzoneManagerService$2.callBlockingMethod(OzoneManagerProtocolProtos.java) [ozone-interface-client-1.3.0-SNAPSHOT.jar:?]
	at org.apache.hadoop.ipc.ProtobufRpcEngine$Server.processCall(ProtobufRpcEngine.java:466) [hadoop-common-3.3.1.jar:?]
	at org.apache.hadoop.ipc.ProtobufRpcEngine2$Server$ProtoBufRpcInvoker.call(ProtobufRpcEngine2.java:574) [hadoop-common-3.3.1.jar:?]
	at org.apache.hadoop.ipc.ProtobufRpcEngine2$Server$ProtoBufRpcInvoker.call(ProtobufRpcEngine2.java:552) [hadoop-common-3.3.1.jar:?]
	at org.apache.hadoop.ipc.RPC$Server.call(RPC.java:1093) [hadoop-common-3.3.1.jar:?]
	at org.apache.hadoop.ipc.Server$RpcCall.run(Server.java:1035) [hadoop-common-3.3.1.jar:?]
	at org.apache.hadoop.ipc.Server$RpcCall.run(Server.java:963) [hadoop-common-3.3.1.jar:?]
	at java.security.AccessController.doPrivileged(Native Method) ~[?:1.8.0_345]
	at javax.security.auth.Subject.doAs(Subject.java:422) [?:1.8.0_345]
	at org.apache.hadoop.security.UserGroupInformation.doAs(UserGroupInformation.java:1878) [hadoop-common-3.3.1.jar:?]
	at org.apache.hadoop.ipc.Server$Handler.run(Server.java:2966) [hadoop-common-3.3.1.jar:?]
2022-10-11 08:14:28,175 [Time-limited test] WARN  ozone.BasicOzoneFileSystem (BasicOzoneFileSystem.java:getFileStatus(765)) - GetFileStatus failed for path /d1/d2/d3/d4/invalidkey
java.io.FileNotFoundException: d1/d2/d3/d4/invalidkey: No such file or directory!
	at org.apache.hadoop.fs.ozone.BasicOzoneClientAdapterImpl.getFileStatus(BasicOzoneClientAdapterImpl.java:369)
	at org.apache.hadoop.fs.ozone.BasicOzoneFileSystem.getFileStatus(BasicOzoneFileSystem.java:757)
	at org.apache.hadoop.fs.ozone.TestOzoneFileSystem.testCreateFileShouldCheckExistenceOfDirWithSameName(TestOzoneFileSystem.java:308)
	at sun.reflect.NativeMethodAccessorImpl.invoke0(Native Method)
	at sun.reflect.NativeMethodAccessorImpl.invoke(NativeMethodAccessorImpl.java:62)
	at sun.reflect.DelegatingMethodAccessorImpl.invoke(DelegatingMethodAccessorImpl.java:43)
	at java.lang.reflect.Method.invoke(Method.java:498)
	at org.junit.runners.model.FrameworkMethod$1.runReflectiveCall(FrameworkMethod.java:59)
	at org.junit.internal.runners.model.ReflectiveCallable.run(ReflectiveCallable.java:12)
	at org.junit.runners.model.FrameworkMethod.invokeExplosively(FrameworkMethod.java:56)
	at org.junit.internal.runners.statements.InvokeMethod.evaluate(InvokeMethod.java:17)
	at org.junit.internal.runners.statements.RunAfters.evaluate(RunAfters.java:27)
	at org.junit.internal.runners.statements.FailOnTimeout$CallableStatement.call(FailOnTimeout.java:288)
	at org.junit.internal.runners.statements.FailOnTimeout$CallableStatement.call(FailOnTimeout.java:282)
	at java.util.concurrent.FutureTask.run(FutureTask.java:266)
	at java.lang.Thread.run(Thread.java:750)
]]></system-out>
  </testcase>
  <testcase name="testFileDelete" classname="TestOzoneFileSystemWithFSO" time="0.179">
    <system-out><![CDATA[08:13:00.955 [IPC Server handler 1 on default port 39113] ERROR OMAudit - user=runner | ip=127.0.0.1 | op=GET_FILE_STATUS {volume=volume56107, bucket=bucket11984, key=testBatchDelete, dataSize=0, replicationConfig=null} | ret=FAILURE
org.apache.hadoop.ozone.om.exceptions.OMException: Unable to get file status: volume: volume56107 bucket: bucket11984 key: testBatchDelete
	at org.apache.hadoop.ozone.om.KeyManagerImpl.getOzoneFileStatusFSO(KeyManagerImpl.java:1336) ~[ozone-manager-1.3.0-SNAPSHOT.jar:?]
	at org.apache.hadoop.ozone.om.KeyManagerImpl.getFileStatus(KeyManagerImpl.java:1199) ~[ozone-manager-1.3.0-SNAPSHOT.jar:?]
	at org.apache.hadoop.ozone.om.OzoneManager.getFileStatus(OzoneManager.java:3570) ~[ozone-manager-1.3.0-SNAPSHOT.jar:?]
	at org.apache.hadoop.ozone.protocolPB.OzoneManagerRequestHandler.getOzoneFileStatus(OzoneManagerRequestHandler.java:907) ~[ozone-manager-1.3.0-SNAPSHOT.jar:?]
	at org.apache.hadoop.ozone.protocolPB.OzoneManagerRequestHandler.handleReadRequest(OzoneManagerRequestHandler.java:231) ~[ozone-manager-1.3.0-SNAPSHOT.jar:?]
	at org.apache.hadoop.ozone.protocolPB.OzoneManagerProtocolServerSideTranslatorPB.submitReadRequestToOM(OzoneManagerProtocolServerSideTranslatorPB.java:226) ~[ozone-manager-1.3.0-SNAPSHOT.jar:?]
	at org.apache.hadoop.ozone.protocolPB.OzoneManagerProtocolServerSideTranslatorPB.processRequest(OzoneManagerProtocolServerSideTranslatorPB.java:175) ~[ozone-manager-1.3.0-SNAPSHOT.jar:?]
	at org.apache.hadoop.hdds.server.OzoneProtocolMessageDispatcher.processRequest(OzoneProtocolMessageDispatcher.java:87) [hdds-server-framework-1.3.0-SNAPSHOT.jar:?]
	at org.apache.hadoop.ozone.protocolPB.OzoneManagerProtocolServerSideTranslatorPB.submitRequest(OzoneManagerProtocolServerSideTranslatorPB.java:147) [ozone-manager-1.3.0-SNAPSHOT.jar:?]
	at org.apache.hadoop.ozone.protocol.proto.OzoneManagerProtocolProtos$OzoneManagerService$2.callBlockingMethod(OzoneManagerProtocolProtos.java) [ozone-interface-client-1.3.0-SNAPSHOT.jar:?]
	at org.apache.hadoop.ipc.ProtobufRpcEngine$Server.processCall(ProtobufRpcEngine.java:466) [hadoop-common-3.3.1.jar:?]
	at org.apache.hadoop.ipc.ProtobufRpcEngine2$Server$ProtoBufRpcInvoker.call(ProtobufRpcEngine2.java:574) [hadoop-common-3.3.1.jar:?]
	at org.apache.hadoop.ipc.ProtobufRpcEngine2$Server$ProtoBufRpcInvoker.call(ProtobufRpcEngine2.java:552) [hadoop-common-3.3.1.jar:?]
	at org.apache.hadoop.ipc.RPC$Server.call(RPC.java:1093) [hadoop-common-3.3.1.jar:?]
	at org.apache.hadoop.ipc.Server$RpcCall.run(Server.java:1035) [hadoop-common-3.3.1.jar:?]
	at org.apache.hadoop.ipc.Server$RpcCall.run(Server.java:963) [hadoop-common-3.3.1.jar:?]
	at java.security.AccessController.doPrivileged(Native Method) ~[?:1.8.0_345]
	at javax.security.auth.Subject.doAs(Subject.java:422) [?:1.8.0_345]
	at org.apache.hadoop.security.UserGroupInformation.doAs(UserGroupInformation.java:1878) [hadoop-common-3.3.1.jar:?]
	at org.apache.hadoop.ipc.Server$Handler.run(Server.java:2966) [hadoop-common-3.3.1.jar:?]
2022-10-11 08:13:00,956 [Time-limited test] WARN  ozone.BasicOzoneFileSystem (BasicOzoneFileSystem.java:getFileStatus(765)) - GetFileStatus failed for path /testBatchDelete
java.io.FileNotFoundException: testBatchDelete: No such file or directory!
	at org.apache.hadoop.fs.ozone.BasicOzoneClientAdapterImpl.getFileStatus(BasicOzoneClientAdapterImpl.java:369)
	at org.apache.hadoop.fs.ozone.BasicOzoneFileSystem.getFileStatus(BasicOzoneFileSystem.java:757)
	at org.apache.hadoop.fs.FileSystem.exists(FileSystem.java:1760)
	at org.apache.hadoop.fs.ozone.BasicOzoneFileSystem.exists(BasicOzoneFileSystem.java:804)
	at org.apache.hadoop.fs.ozone.TestOzoneFileSystem.testFileDelete(TestOzoneFileSystem.java:530)
	at sun.reflect.NativeMethodAccessorImpl.invoke0(Native Method)
	at sun.reflect.NativeMethodAccessorImpl.invoke(NativeMethodAccessorImpl.java:62)
	at sun.reflect.DelegatingMethodAccessorImpl.invoke(DelegatingMethodAccessorImpl.java:43)
	at java.lang.reflect.Method.invoke(Method.java:498)
	at org.junit.runners.model.FrameworkMethod$1.runReflectiveCall(FrameworkMethod.java:59)
	at org.junit.internal.runners.model.ReflectiveCallable.run(ReflectiveCallable.java:12)
	at org.junit.runners.model.FrameworkMethod.invokeExplosively(FrameworkMethod.java:56)
	at org.junit.internal.runners.statements.InvokeMethod.evaluate(InvokeMethod.java:17)
	at org.junit.internal.runners.statements.RunAfters.evaluate(RunAfters.java:27)
	at org.junit.internal.runners.statements.FailOnTimeout$CallableStatement.call(FailOnTimeout.java:288)
	at org.junit.internal.runners.statements.FailOnTimeout$CallableStatement.call(FailOnTimeout.java:282)
	at java.util.concurrent.FutureTask.run(FutureTask.java:266)
	at java.lang.Thread.run(Thread.java:750)
08:13:00.959 [IPC Server handler 3 on default port 39113] ERROR OMAudit - user=runner | ip=127.0.0.1 | op=GET_FILE_STATUS {volume=volume56107, bucket=bucket11984, key=testBatchDelete/parent/child0, dataSize=0, replicationConfig=null} | ret=FAILURE
org.apache.hadoop.ozone.om.exceptions.OMException: Unable to get file status: volume: volume56107 bucket: bucket11984 key: testBatchDelete/parent/child0
	at org.apache.hadoop.ozone.om.KeyManagerImpl.getOzoneFileStatusFSO(KeyManagerImpl.java:1336) ~[ozone-manager-1.3.0-SNAPSHOT.jar:?]
	at org.apache.hadoop.ozone.om.KeyManagerImpl.getFileStatus(KeyManagerImpl.java:1199) ~[ozone-manager-1.3.0-SNAPSHOT.jar:?]
	at org.apache.hadoop.ozone.om.OzoneManager.getFileStatus(OzoneManager.java:3570) ~[ozone-manager-1.3.0-SNAPSHOT.jar:?]
	at org.apache.hadoop.ozone.protocolPB.OzoneManagerRequestHandler.getOzoneFileStatus(OzoneManagerRequestHandler.java:907) ~[ozone-manager-1.3.0-SNAPSHOT.jar:?]
	at org.apache.hadoop.ozone.protocolPB.OzoneManagerRequestHandler.handleReadRequest(OzoneManagerRequestHandler.java:231) ~[ozone-manager-1.3.0-SNAPSHOT.jar:?]
	at org.apache.hadoop.ozone.protocolPB.OzoneManagerProtocolServerSideTranslatorPB.submitReadRequestToOM(OzoneManagerProtocolServerSideTranslatorPB.java:226) ~[ozone-manager-1.3.0-SNAPSHOT.jar:?]
	at org.apache.hadoop.ozone.protocolPB.OzoneManagerProtocolServerSideTranslatorPB.processRequest(OzoneManagerProtocolServerSideTranslatorPB.java:175) ~[ozone-manager-1.3.0-SNAPSHOT.jar:?]
	at org.apache.hadoop.hdds.server.OzoneProtocolMessageDispatcher.processRequest(OzoneProtocolMessageDispatcher.java:87) [hdds-server-framework-1.3.0-SNAPSHOT.jar:?]
	at org.apache.hadoop.ozone.protocolPB.OzoneManagerProtocolServerSideTranslatorPB.submitRequest(OzoneManagerProtocolServerSideTranslatorPB.java:147) [ozone-manager-1.3.0-SNAPSHOT.jar:?]
	at org.apache.hadoop.ozone.protocol.proto.OzoneManagerProtocolProtos$OzoneManagerService$2.callBlockingMethod(OzoneManagerProtocolProtos.java) [ozone-interface-client-1.3.0-SNAPSHOT.jar:?]
	at org.apache.hadoop.ipc.ProtobufRpcEngine$Server.processCall(ProtobufRpcEngine.java:466) [hadoop-common-3.3.1.jar:?]
	at org.apache.hadoop.ipc.ProtobufRpcEngine2$Server$ProtoBufRpcInvoker.call(ProtobufRpcEngine2.java:574) [hadoop-common-3.3.1.jar:?]
	at org.apache.hadoop.ipc.ProtobufRpcEngine2$Server$ProtoBufRpcInvoker.call(ProtobufRpcEngine2.java:552) [hadoop-common-3.3.1.jar:?]
	at org.apache.hadoop.ipc.RPC$Server.call(RPC.java:1093) [hadoop-common-3.3.1.jar:?]
	at org.apache.hadoop.ipc.Server$RpcCall.run(Server.java:1035) [hadoop-common-3.3.1.jar:?]
	at org.apache.hadoop.ipc.Server$RpcCall.run(Server.java:963) [hadoop-common-3.3.1.jar:?]
	at java.security.AccessController.doPrivileged(Native Method) ~[?:1.8.0_345]
	at javax.security.auth.Subject.doAs(Subject.java:422) [?:1.8.0_345]
	at org.apache.hadoop.security.UserGroupInformation.doAs(UserGroupInformation.java:1878) [hadoop-common-3.3.1.jar:?]
	at org.apache.hadoop.ipc.Server$Handler.run(Server.java:2966) [hadoop-common-3.3.1.jar:?]
2022-10-11 08:13:00,960 [Time-limited test] WARN  ozone.BasicOzoneFileSystem (BasicOzoneFileSystem.java:getFileStatus(765)) - GetFileStatus failed for path /testBatchDelete/parent/child0
java.io.FileNotFoundException: testBatchDelete/parent/child0: No such file or directory!
	at org.apache.hadoop.fs.ozone.BasicOzoneClientAdapterImpl.getFileStatus(BasicOzoneClientAdapterImpl.java:369)
	at org.apache.hadoop.fs.ozone.BasicOzoneFileSystem.getFileStatus(BasicOzoneFileSystem.java:757)
	at org.apache.hadoop.fs.FileSystem.exists(FileSystem.java:1760)
	at org.apache.hadoop.fs.ozone.BasicOzoneFileSystem.exists(BasicOzoneFileSystem.java:804)
	at org.apache.hadoop.fs.ozone.TestOzoneFileSystem.testFileDelete(TestOzoneFileSystem.java:534)
	at sun.reflect.NativeMethodAccessorImpl.invoke0(Native Method)
	at sun.reflect.NativeMethodAccessorImpl.invoke(NativeMethodAccessorImpl.java:62)
	at sun.reflect.DelegatingMethodAccessorImpl.invoke(DelegatingMethodAccessorImpl.java:43)
	at java.lang.reflect.Method.invoke(Method.java:498)
	at org.junit.runners.model.FrameworkMethod$1.runReflectiveCall(FrameworkMethod.java:59)
	at org.junit.internal.runners.model.ReflectiveCallable.run(ReflectiveCallable.java:12)
	at org.junit.runners.model.FrameworkMethod.invokeExplosively(FrameworkMethod.java:56)
	at org.junit.internal.runners.statements.InvokeMethod.evaluate(InvokeMethod.java:17)
	at org.junit.internal.runners.statements.RunAfters.evaluate(RunAfters.java:27)
	at org.junit.internal.runners.statements.FailOnTimeout$CallableStatement.call(FailOnTimeout.java:288)
	at org.junit.internal.runners.statements.FailOnTimeout$CallableStatement.call(FailOnTimeout.java:282)
	at java.util.concurrent.FutureTask.run(FutureTask.java:266)
	at java.lang.Thread.run(Thread.java:750)
08:13:00.961 [IPC Server handler 5 on default port 39113] ERROR OMAudit - user=runner | ip=127.0.0.1 | op=GET_FILE_STATUS {volume=volume56107, bucket=bucket11984, key=testBatchDelete/parent/childFolder/child0, dataSize=0, replicationConfig=null} | ret=FAILURE
org.apache.hadoop.ozone.om.exceptions.OMException: Unable to get file status: volume: volume56107 bucket: bucket11984 key: testBatchDelete/parent/childFolder/child0
	at org.apache.hadoop.ozone.om.KeyManagerImpl.getOzoneFileStatusFSO(KeyManagerImpl.java:1336) ~[ozone-manager-1.3.0-SNAPSHOT.jar:?]
	at org.apache.hadoop.ozone.om.KeyManagerImpl.getFileStatus(KeyManagerImpl.java:1199) ~[ozone-manager-1.3.0-SNAPSHOT.jar:?]
	at org.apache.hadoop.ozone.om.OzoneManager.getFileStatus(OzoneManager.java:3570) ~[ozone-manager-1.3.0-SNAPSHOT.jar:?]
	at org.apache.hadoop.ozone.protocolPB.OzoneManagerRequestHandler.getOzoneFileStatus(OzoneManagerRequestHandler.java:907) ~[ozone-manager-1.3.0-SNAPSHOT.jar:?]
	at org.apache.hadoop.ozone.protocolPB.OzoneManagerRequestHandler.handleReadRequest(OzoneManagerRequestHandler.java:231) ~[ozone-manager-1.3.0-SNAPSHOT.jar:?]
	at org.apache.hadoop.ozone.protocolPB.OzoneManagerProtocolServerSideTranslatorPB.submitReadRequestToOM(OzoneManagerProtocolServerSideTranslatorPB.java:226) ~[ozone-manager-1.3.0-SNAPSHOT.jar:?]
	at org.apache.hadoop.ozone.protocolPB.OzoneManagerProtocolServerSideTranslatorPB.processRequest(OzoneManagerProtocolServerSideTranslatorPB.java:175) ~[ozone-manager-1.3.0-SNAPSHOT.jar:?]
	at org.apache.hadoop.hdds.server.OzoneProtocolMessageDispatcher.processRequest(OzoneProtocolMessageDispatcher.java:87) [hdds-server-framework-1.3.0-SNAPSHOT.jar:?]
	at org.apache.hadoop.ozone.protocolPB.OzoneManagerProtocolServerSideTranslatorPB.submitRequest(OzoneManagerProtocolServerSideTranslatorPB.java:147) [ozone-manager-1.3.0-SNAPSHOT.jar:?]
	at org.apache.hadoop.ozone.protocol.proto.OzoneManagerProtocolProtos$OzoneManagerService$2.callBlockingMethod(OzoneManagerProtocolProtos.java) [ozone-interface-client-1.3.0-SNAPSHOT.jar:?]
	at org.apache.hadoop.ipc.ProtobufRpcEngine$Server.processCall(ProtobufRpcEngine.java:466) [hadoop-common-3.3.1.jar:?]
	at org.apache.hadoop.ipc.ProtobufRpcEngine2$Server$ProtoBufRpcInvoker.call(ProtobufRpcEngine2.java:574) [hadoop-common-3.3.1.jar:?]
	at org.apache.hadoop.ipc.ProtobufRpcEngine2$Server$ProtoBufRpcInvoker.call(ProtobufRpcEngine2.java:552) [hadoop-common-3.3.1.jar:?]
	at org.apache.hadoop.ipc.RPC$Server.call(RPC.java:1093) [hadoop-common-3.3.1.jar:?]
	at org.apache.hadoop.ipc.Server$RpcCall.run(Server.java:1035) [hadoop-common-3.3.1.jar:?]
	at org.apache.hadoop.ipc.Server$RpcCall.run(Server.java:963) [hadoop-common-3.3.1.jar:?]
	at java.security.AccessController.doPrivileged(Native Method) ~[?:1.8.0_345]
	at javax.security.auth.Subject.doAs(Subject.java:422) [?:1.8.0_345]
	at org.apache.hadoop.security.UserGroupInformation.doAs(UserGroupInformation.java:1878) [hadoop-common-3.3.1.jar:?]
	at org.apache.hadoop.ipc.Server$Handler.run(Server.java:2966) [hadoop-common-3.3.1.jar:?]
2022-10-11 08:13:00,961 [Time-limited test] WARN  ozone.BasicOzoneFileSystem (BasicOzoneFileSystem.java:getFileStatus(765)) - GetFileStatus failed for path /testBatchDelete/parent/childFolder/child0
java.io.FileNotFoundException: testBatchDelete/parent/childFolder/child0: No such file or directory!
	at org.apache.hadoop.fs.ozone.BasicOzoneClientAdapterImpl.getFileStatus(BasicOzoneClientAdapterImpl.java:369)
	at org.apache.hadoop.fs.ozone.BasicOzoneFileSystem.getFileStatus(BasicOzoneFileSystem.java:757)
	at org.apache.hadoop.fs.FileSystem.exists(FileSystem.java:1760)
	at org.apache.hadoop.fs.ozone.BasicOzoneFileSystem.exists(BasicOzoneFileSystem.java:804)
	at org.apache.hadoop.fs.ozone.TestOzoneFileSystem.testFileDelete(TestOzoneFileSystem.java:539)
	at sun.reflect.NativeMethodAccessorImpl.invoke0(Native Method)
	at sun.reflect.NativeMethodAccessorImpl.invoke(NativeMethodAccessorImpl.java:62)
	at sun.reflect.DelegatingMethodAccessorImpl.invoke(DelegatingMethodAccessorImpl.java:43)
	at java.lang.reflect.Method.invoke(Method.java:498)
	at org.junit.runners.model.FrameworkMethod$1.runReflectiveCall(FrameworkMethod.java:59)
	at org.junit.internal.runners.model.ReflectiveCallable.run(ReflectiveCallable.java:12)
	at org.junit.runners.model.FrameworkMethod.invokeExplosively(FrameworkMethod.java:56)
	at org.junit.internal.runners.statements.InvokeMethod.evaluate(InvokeMethod.java:17)
	at org.junit.internal.runners.statements.RunAfters.evaluate(RunAfters.java:27)
	at org.junit.internal.runners.statements.FailOnTimeout$CallableStatement.call(FailOnTimeout.java:288)
	at org.junit.internal.runners.statements.FailOnTimeout$CallableStatement.call(FailOnTimeout.java:282)
	at java.util.concurrent.FutureTask.run(FutureTask.java:266)
	at java.lang.Thread.run(Thread.java:750)
08:13:00.962 [IPC Server handler 4 on default port 39113] ERROR OMAudit - user=runner | ip=127.0.0.1 | op=GET_FILE_STATUS {volume=volume56107, bucket=bucket11984, key=testBatchDelete/parent/child1, dataSize=0, replicationConfig=null} | ret=FAILURE
org.apache.hadoop.ozone.om.exceptions.OMException: Unable to get file status: volume: volume56107 bucket: bucket11984 key: testBatchDelete/parent/child1
	at org.apache.hadoop.ozone.om.KeyManagerImpl.getOzoneFileStatusFSO(KeyManagerImpl.java:1336) ~[ozone-manager-1.3.0-SNAPSHOT.jar:?]
	at org.apache.hadoop.ozone.om.KeyManagerImpl.getFileStatus(KeyManagerImpl.java:1199) ~[ozone-manager-1.3.0-SNAPSHOT.jar:?]
	at org.apache.hadoop.ozone.om.OzoneManager.getFileStatus(OzoneManager.java:3570) ~[ozone-manager-1.3.0-SNAPSHOT.jar:?]
	at org.apache.hadoop.ozone.protocolPB.OzoneManagerRequestHandler.getOzoneFileStatus(OzoneManagerRequestHandler.java:907) ~[ozone-manager-1.3.0-SNAPSHOT.jar:?]
	at org.apache.hadoop.ozone.protocolPB.OzoneManagerRequestHandler.handleReadRequest(OzoneManagerRequestHandler.java:231) ~[ozone-manager-1.3.0-SNAPSHOT.jar:?]
	at org.apache.hadoop.ozone.protocolPB.OzoneManagerProtocolServerSideTranslatorPB.submitReadRequestToOM(OzoneManagerProtocolServerSideTranslatorPB.java:226) ~[ozone-manager-1.3.0-SNAPSHOT.jar:?]
	at org.apache.hadoop.ozone.protocolPB.OzoneManagerProtocolServerSideTranslatorPB.processRequest(OzoneManagerProtocolServerSideTranslatorPB.java:175) ~[ozone-manager-1.3.0-SNAPSHOT.jar:?]
	at org.apache.hadoop.hdds.server.OzoneProtocolMessageDispatcher.processRequest(OzoneProtocolMessageDispatcher.java:87) [hdds-server-framework-1.3.0-SNAPSHOT.jar:?]
	at org.apache.hadoop.ozone.protocolPB.OzoneManagerProtocolServerSideTranslatorPB.submitRequest(OzoneManagerProtocolServerSideTranslatorPB.java:147) [ozone-manager-1.3.0-SNAPSHOT.jar:?]
	at org.apache.hadoop.ozone.protocol.proto.OzoneManagerProtocolProtos$OzoneManagerService$2.callBlockingMethod(OzoneManagerProtocolProtos.java) [ozone-interface-client-1.3.0-SNAPSHOT.jar:?]
	at org.apache.hadoop.ipc.ProtobufRpcEngine$Server.processCall(ProtobufRpcEngine.java:466) [hadoop-common-3.3.1.jar:?]
	at org.apache.hadoop.ipc.ProtobufRpcEngine2$Server$ProtoBufRpcInvoker.call(ProtobufRpcEngine2.java:574) [hadoop-common-3.3.1.jar:?]
	at org.apache.hadoop.ipc.ProtobufRpcEngine2$Server$ProtoBufRpcInvoker.call(ProtobufRpcEngine2.java:552) [hadoop-common-3.3.1.jar:?]
	at org.apache.hadoop.ipc.RPC$Server.call(RPC.java:1093) [hadoop-common-3.3.1.jar:?]
	at org.apache.hadoop.ipc.Server$RpcCall.run(Server.java:1035) [hadoop-common-3.3.1.jar:?]
	at org.apache.hadoop.ipc.Server$RpcCall.run(Server.java:963) [hadoop-common-3.3.1.jar:?]
	at java.security.AccessController.doPrivileged(Native Method) ~[?:1.8.0_345]
	at javax.security.auth.Subject.doAs(Subject.java:422) [?:1.8.0_345]
	at org.apache.hadoop.security.UserGroupInformation.doAs(UserGroupInformation.java:1878) [hadoop-common-3.3.1.jar:?]
	at org.apache.hadoop.ipc.Server$Handler.run(Server.java:2966) [hadoop-common-3.3.1.jar:?]
2022-10-11 08:13:00,963 [Time-limited test] WARN  ozone.BasicOzoneFileSystem (BasicOzoneFileSystem.java:getFileStatus(765)) - GetFileStatus failed for path /testBatchDelete/parent/child1
java.io.FileNotFoundException: testBatchDelete/parent/child1: No such file or directory!
	at org.apache.hadoop.fs.ozone.BasicOzoneClientAdapterImpl.getFileStatus(BasicOzoneClientAdapterImpl.java:369)
	at org.apache.hadoop.fs.ozone.BasicOzoneFileSystem.getFileStatus(BasicOzoneFileSystem.java:757)
	at org.apache.hadoop.fs.FileSystem.exists(FileSystem.java:1760)
	at org.apache.hadoop.fs.ozone.BasicOzoneFileSystem.exists(BasicOzoneFileSystem.java:804)
	at org.apache.hadoop.fs.ozone.TestOzoneFileSystem.testFileDelete(TestOzoneFileSystem.java:534)
	at sun.reflect.NativeMethodAccessorImpl.invoke0(Native Method)
	at sun.reflect.NativeMethodAccessorImpl.invoke(NativeMethodAccessorImpl.java:62)
	at sun.reflect.DelegatingMethodAccessorImpl.invoke(DelegatingMethodAccessorImpl.java:43)
	at java.lang.reflect.Method.invoke(Method.java:498)
	at org.junit.runners.model.FrameworkMethod$1.runReflectiveCall(FrameworkMethod.java:59)
	at org.junit.internal.runners.model.ReflectiveCallable.run(ReflectiveCallable.java:12)
	at org.junit.runners.model.FrameworkMethod.invokeExplosively(FrameworkMethod.java:56)
	at org.junit.internal.runners.statements.InvokeMethod.evaluate(InvokeMethod.java:17)
	at org.junit.internal.runners.statements.RunAfters.evaluate(RunAfters.java:27)
	at org.junit.internal.runners.statements.FailOnTimeout$CallableStatement.call(FailOnTimeout.java:288)
	at org.junit.internal.runners.statements.FailOnTimeout$CallableStatement.call(FailOnTimeout.java:282)
	at java.util.concurrent.FutureTask.run(FutureTask.java:266)
	at java.lang.Thread.run(Thread.java:750)
08:13:00.963 [IPC Server handler 2 on default port 39113] ERROR OMAudit - user=runner | ip=127.0.0.1 | op=GET_FILE_STATUS {volume=volume56107, bucket=bucket11984, key=testBatchDelete/parent/childFolder/child1, dataSize=0, replicationConfig=null} | ret=FAILURE
org.apache.hadoop.ozone.om.exceptions.OMException: Unable to get file status: volume: volume56107 bucket: bucket11984 key: testBatchDelete/parent/childFolder/child1
	at org.apache.hadoop.ozone.om.KeyManagerImpl.getOzoneFileStatusFSO(KeyManagerImpl.java:1336) ~[ozone-manager-1.3.0-SNAPSHOT.jar:?]
	at org.apache.hadoop.ozone.om.KeyManagerImpl.getFileStatus(KeyManagerImpl.java:1199) ~[ozone-manager-1.3.0-SNAPSHOT.jar:?]
	at org.apache.hadoop.ozone.om.OzoneManager.getFileStatus(OzoneManager.java:3570) ~[ozone-manager-1.3.0-SNAPSHOT.jar:?]
	at org.apache.hadoop.ozone.protocolPB.OzoneManagerRequestHandler.getOzoneFileStatus(OzoneManagerRequestHandler.java:907) ~[ozone-manager-1.3.0-SNAPSHOT.jar:?]
	at org.apache.hadoop.ozone.protocolPB.OzoneManagerRequestHandler.handleReadRequest(OzoneManagerRequestHandler.java:231) ~[ozone-manager-1.3.0-SNAPSHOT.jar:?]
	at org.apache.hadoop.ozone.protocolPB.OzoneManagerProtocolServerSideTranslatorPB.submitReadRequestToOM(OzoneManagerProtocolServerSideTranslatorPB.java:226) ~[ozone-manager-1.3.0-SNAPSHOT.jar:?]
	at org.apache.hadoop.ozone.protocolPB.OzoneManagerProtocolServerSideTranslatorPB.processRequest(OzoneManagerProtocolServerSideTranslatorPB.java:175) ~[ozone-manager-1.3.0-SNAPSHOT.jar:?]
	at org.apache.hadoop.hdds.server.OzoneProtocolMessageDispatcher.processRequest(OzoneProtocolMessageDispatcher.java:87) [hdds-server-framework-1.3.0-SNAPSHOT.jar:?]
	at org.apache.hadoop.ozone.protocolPB.OzoneManagerProtocolServerSideTranslatorPB.submitRequest(OzoneManagerProtocolServerSideTranslatorPB.java:147) [ozone-manager-1.3.0-SNAPSHOT.jar:?]
	at org.apache.hadoop.ozone.protocol.proto.OzoneManagerProtocolProtos$OzoneManagerService$2.callBlockingMethod(OzoneManagerProtocolProtos.java) [ozone-interface-client-1.3.0-SNAPSHOT.jar:?]
	at org.apache.hadoop.ipc.ProtobufRpcEngine$Server.processCall(ProtobufRpcEngine.java:466) [hadoop-common-3.3.1.jar:?]
	at org.apache.hadoop.ipc.ProtobufRpcEngine2$Server$ProtoBufRpcInvoker.call(ProtobufRpcEngine2.java:574) [hadoop-common-3.3.1.jar:?]
	at org.apache.hadoop.ipc.ProtobufRpcEngine2$Server$ProtoBufRpcInvoker.call(ProtobufRpcEngine2.java:552) [hadoop-common-3.3.1.jar:?]
	at org.apache.hadoop.ipc.RPC$Server.call(RPC.java:1093) [hadoop-common-3.3.1.jar:?]
	at org.apache.hadoop.ipc.Server$RpcCall.run(Server.java:1035) [hadoop-common-3.3.1.jar:?]
	at org.apache.hadoop.ipc.Server$RpcCall.run(Server.java:963) [hadoop-common-3.3.1.jar:?]
	at java.security.AccessController.doPrivileged(Native Method) ~[?:1.8.0_345]
	at javax.security.auth.Subject.doAs(Subject.java:422) [?:1.8.0_345]
	at org.apache.hadoop.security.UserGroupInformation.doAs(UserGroupInformation.java:1878) [hadoop-common-3.3.1.jar:?]
	at org.apache.hadoop.ipc.Server$Handler.run(Server.java:2966) [hadoop-common-3.3.1.jar:?]
2022-10-11 08:13:00,964 [Time-limited test] WARN  ozone.BasicOzoneFileSystem (BasicOzoneFileSystem.java:getFileStatus(765)) - GetFileStatus failed for path /testBatchDelete/parent/childFolder/child1
java.io.FileNotFoundException: testBatchDelete/parent/childFolder/child1: No such file or directory!
	at org.apache.hadoop.fs.ozone.BasicOzoneClientAdapterImpl.getFileStatus(BasicOzoneClientAdapterImpl.java:369)
	at org.apache.hadoop.fs.ozone.BasicOzoneFileSystem.getFileStatus(BasicOzoneFileSystem.java:757)
	at org.apache.hadoop.fs.FileSystem.exists(FileSystem.java:1760)
	at org.apache.hadoop.fs.ozone.BasicOzoneFileSystem.exists(BasicOzoneFileSystem.java:804)
	at org.apache.hadoop.fs.ozone.TestOzoneFileSystem.testFileDelete(TestOzoneFileSystem.java:539)
	at sun.reflect.NativeMethodAccessorImpl.invoke0(Native Method)
	at sun.reflect.NativeMethodAccessorImpl.invoke(NativeMethodAccessorImpl.java:62)
	at sun.reflect.DelegatingMethodAccessorImpl.invoke(DelegatingMethodAccessorImpl.java:43)
	at java.lang.reflect.Method.invoke(Method.java:498)
	at org.junit.runners.model.FrameworkMethod$1.runReflectiveCall(FrameworkMethod.java:59)
	at org.junit.internal.runners.model.ReflectiveCallable.run(ReflectiveCallable.java:12)
	at org.junit.runners.model.FrameworkMethod.invokeExplosively(FrameworkMethod.java:56)
	at org.junit.internal.runners.statements.InvokeMethod.evaluate(InvokeMethod.java:17)
	at org.junit.internal.runners.statements.RunAfters.evaluate(RunAfters.java:27)
	at org.junit.internal.runners.statements.FailOnTimeout$CallableStatement.call(FailOnTimeout.java:288)
	at org.junit.internal.runners.statements.FailOnTimeout$CallableStatement.call(FailOnTimeout.java:282)
	at java.util.concurrent.FutureTask.run(FutureTask.java:266)
	at java.lang.Thread.run(Thread.java:750)
08:13:00.965 [IPC Server handler 7 on default port 39113] ERROR OMAudit - user=runner | ip=127.0.0.1 | op=GET_FILE_STATUS {volume=volume56107, bucket=bucket11984, key=testBatchDelete/parent/child2, dataSize=0, replicationConfig=null} | ret=FAILURE
org.apache.hadoop.ozone.om.exceptions.OMException: Unable to get file status: volume: volume56107 bucket: bucket11984 key: testBatchDelete/parent/child2
	at org.apache.hadoop.ozone.om.KeyManagerImpl.getOzoneFileStatusFSO(KeyManagerImpl.java:1336) ~[ozone-manager-1.3.0-SNAPSHOT.jar:?]
	at org.apache.hadoop.ozone.om.KeyManagerImpl.getFileStatus(KeyManagerImpl.java:1199) ~[ozone-manager-1.3.0-SNAPSHOT.jar:?]
	at org.apache.hadoop.ozone.om.OzoneManager.getFileStatus(OzoneManager.java:3570) ~[ozone-manager-1.3.0-SNAPSHOT.jar:?]
	at org.apache.hadoop.ozone.protocolPB.OzoneManagerRequestHandler.getOzoneFileStatus(OzoneManagerRequestHandler.java:907) ~[ozone-manager-1.3.0-SNAPSHOT.jar:?]
	at org.apache.hadoop.ozone.protocolPB.OzoneManagerRequestHandler.handleReadRequest(OzoneManagerRequestHandler.java:231) ~[ozone-manager-1.3.0-SNAPSHOT.jar:?]
	at org.apache.hadoop.ozone.protocolPB.OzoneManagerProtocolServerSideTranslatorPB.submitReadRequestToOM(OzoneManagerProtocolServerSideTranslatorPB.java:226) ~[ozone-manager-1.3.0-SNAPSHOT.jar:?]
	at org.apache.hadoop.ozone.protocolPB.OzoneManagerProtocolServerSideTranslatorPB.processRequest(OzoneManagerProtocolServerSideTranslatorPB.java:175) ~[ozone-manager-1.3.0-SNAPSHOT.jar:?]
	at org.apache.hadoop.hdds.server.OzoneProtocolMessageDispatcher.processRequest(OzoneProtocolMessageDispatcher.java:87) [hdds-server-framework-1.3.0-SNAPSHOT.jar:?]
	at org.apache.hadoop.ozone.protocolPB.OzoneManagerProtocolServerSideTranslatorPB.submitRequest(OzoneManagerProtocolServerSideTranslatorPB.java:147) [ozone-manager-1.3.0-SNAPSHOT.jar:?]
	at org.apache.hadoop.ozone.protocol.proto.OzoneManagerProtocolProtos$OzoneManagerService$2.callBlockingMethod(OzoneManagerProtocolProtos.java) [ozone-interface-client-1.3.0-SNAPSHOT.jar:?]
	at org.apache.hadoop.ipc.ProtobufRpcEngine$Server.processCall(ProtobufRpcEngine.java:466) [hadoop-common-3.3.1.jar:?]
	at org.apache.hadoop.ipc.ProtobufRpcEngine2$Server$ProtoBufRpcInvoker.call(ProtobufRpcEngine2.java:574) [hadoop-common-3.3.1.jar:?]
	at org.apache.hadoop.ipc.ProtobufRpcEngine2$Server$ProtoBufRpcInvoker.call(ProtobufRpcEngine2.java:552) [hadoop-common-3.3.1.jar:?]
	at org.apache.hadoop.ipc.RPC$Server.call(RPC.java:1093) [hadoop-common-3.3.1.jar:?]
	at org.apache.hadoop.ipc.Server$RpcCall.run(Server.java:1035) [hadoop-common-3.3.1.jar:?]
	at org.apache.hadoop.ipc.Server$RpcCall.run(Server.java:963) [hadoop-common-3.3.1.jar:?]
	at java.security.AccessController.doPrivileged(Native Method) ~[?:1.8.0_345]
	at javax.security.auth.Subject.doAs(Subject.java:422) [?:1.8.0_345]
	at org.apache.hadoop.security.UserGroupInformation.doAs(UserGroupInformation.java:1878) [hadoop-common-3.3.1.jar:?]
	at org.apache.hadoop.ipc.Server$Handler.run(Server.java:2966) [hadoop-common-3.3.1.jar:?]
2022-10-11 08:13:00,965 [Time-limited test] WARN  ozone.BasicOzoneFileSystem (BasicOzoneFileSystem.java:getFileStatus(765)) - GetFileStatus failed for path /testBatchDelete/parent/child2
java.io.FileNotFoundException: testBatchDelete/parent/child2: No such file or directory!
	at org.apache.hadoop.fs.ozone.BasicOzoneClientAdapterImpl.getFileStatus(BasicOzoneClientAdapterImpl.java:369)
	at org.apache.hadoop.fs.ozone.BasicOzoneFileSystem.getFileStatus(BasicOzoneFileSystem.java:757)
	at org.apache.hadoop.fs.FileSystem.exists(FileSystem.java:1760)
	at org.apache.hadoop.fs.ozone.BasicOzoneFileSystem.exists(BasicOzoneFileSystem.java:804)
	at org.apache.hadoop.fs.ozone.TestOzoneFileSystem.testFileDelete(TestOzoneFileSystem.java:534)
	at sun.reflect.NativeMethodAccessorImpl.invoke0(Native Method)
	at sun.reflect.NativeMethodAccessorImpl.invoke(NativeMethodAccessorImpl.java:62)
	at sun.reflect.DelegatingMethodAccessorImpl.invoke(DelegatingMethodAccessorImpl.java:43)
	at java.lang.reflect.Method.invoke(Method.java:498)
	at org.junit.runners.model.FrameworkMethod$1.runReflectiveCall(FrameworkMethod.java:59)
	at org.junit.internal.runners.model.ReflectiveCallable.run(ReflectiveCallable.java:12)
	at org.junit.runners.model.FrameworkMethod.invokeExplosively(FrameworkMethod.java:56)
	at org.junit.internal.runners.statements.InvokeMethod.evaluate(InvokeMethod.java:17)
	at org.junit.internal.runners.statements.RunAfters.evaluate(RunAfters.java:27)
	at org.junit.internal.runners.statements.FailOnTimeout$CallableStatement.call(FailOnTimeout.java:288)
	at org.junit.internal.runners.statements.FailOnTimeout$CallableStatement.call(FailOnTimeout.java:282)
	at java.util.concurrent.FutureTask.run(FutureTask.java:266)
	at java.lang.Thread.run(Thread.java:750)
08:13:00.966 [IPC Server handler 6 on default port 39113] ERROR OMAudit - user=runner | ip=127.0.0.1 | op=GET_FILE_STATUS {volume=volume56107, bucket=bucket11984, key=testBatchDelete/parent/childFolder/child2, dataSize=0, replicationConfig=null} | ret=FAILURE
org.apache.hadoop.ozone.om.exceptions.OMException: Unable to get file status: volume: volume56107 bucket: bucket11984 key: testBatchDelete/parent/childFolder/child2
	at org.apache.hadoop.ozone.om.KeyManagerImpl.getOzoneFileStatusFSO(KeyManagerImpl.java:1336) ~[ozone-manager-1.3.0-SNAPSHOT.jar:?]
	at org.apache.hadoop.ozone.om.KeyManagerImpl.getFileStatus(KeyManagerImpl.java:1199) ~[ozone-manager-1.3.0-SNAPSHOT.jar:?]
	at org.apache.hadoop.ozone.om.OzoneManager.getFileStatus(OzoneManager.java:3570) ~[ozone-manager-1.3.0-SNAPSHOT.jar:?]
	at org.apache.hadoop.ozone.protocolPB.OzoneManagerRequestHandler.getOzoneFileStatus(OzoneManagerRequestHandler.java:907) ~[ozone-manager-1.3.0-SNAPSHOT.jar:?]
	at org.apache.hadoop.ozone.protocolPB.OzoneManagerRequestHandler.handleReadRequest(OzoneManagerRequestHandler.java:231) ~[ozone-manager-1.3.0-SNAPSHOT.jar:?]
	at org.apache.hadoop.ozone.protocolPB.OzoneManagerProtocolServerSideTranslatorPB.submitReadRequestToOM(OzoneManagerProtocolServerSideTranslatorPB.java:226) ~[ozone-manager-1.3.0-SNAPSHOT.jar:?]
	at org.apache.hadoop.ozone.protocolPB.OzoneManagerProtocolServerSideTranslatorPB.processRequest(OzoneManagerProtocolServerSideTranslatorPB.java:175) ~[ozone-manager-1.3.0-SNAPSHOT.jar:?]
	at org.apache.hadoop.hdds.server.OzoneProtocolMessageDispatcher.processRequest(OzoneProtocolMessageDispatcher.java:87) [hdds-server-framework-1.3.0-SNAPSHOT.jar:?]
	at org.apache.hadoop.ozone.protocolPB.OzoneManagerProtocolServerSideTranslatorPB.submitRequest(OzoneManagerProtocolServerSideTranslatorPB.java:147) [ozone-manager-1.3.0-SNAPSHOT.jar:?]
	at org.apache.hadoop.ozone.protocol.proto.OzoneManagerProtocolProtos$OzoneManagerService$2.callBlockingMethod(OzoneManagerProtocolProtos.java) [ozone-interface-client-1.3.0-SNAPSHOT.jar:?]
	at org.apache.hadoop.ipc.ProtobufRpcEngine$Server.processCall(ProtobufRpcEngine.java:466) [hadoop-common-3.3.1.jar:?]
	at org.apache.hadoop.ipc.ProtobufRpcEngine2$Server$ProtoBufRpcInvoker.call(ProtobufRpcEngine2.java:574) [hadoop-common-3.3.1.jar:?]
	at org.apache.hadoop.ipc.ProtobufRpcEngine2$Server$ProtoBufRpcInvoker.call(ProtobufRpcEngine2.java:552) [hadoop-common-3.3.1.jar:?]
	at org.apache.hadoop.ipc.RPC$Server.call(RPC.java:1093) [hadoop-common-3.3.1.jar:?]
	at org.apache.hadoop.ipc.Server$RpcCall.run(Server.java:1035) [hadoop-common-3.3.1.jar:?]
	at org.apache.hadoop.ipc.Server$RpcCall.run(Server.java:963) [hadoop-common-3.3.1.jar:?]
	at java.security.AccessController.doPrivileged(Native Method) ~[?:1.8.0_345]
	at javax.security.auth.Subject.doAs(Subject.java:422) [?:1.8.0_345]
	at org.apache.hadoop.security.UserGroupInformation.doAs(UserGroupInformation.java:1878) [hadoop-common-3.3.1.jar:?]
	at org.apache.hadoop.ipc.Server$Handler.run(Server.java:2966) [hadoop-common-3.3.1.jar:?]
2022-10-11 08:13:00,966 [Time-limited test] WARN  ozone.BasicOzoneFileSystem (BasicOzoneFileSystem.java:getFileStatus(765)) - GetFileStatus failed for path /testBatchDelete/parent/childFolder/child2
java.io.FileNotFoundException: testBatchDelete/parent/childFolder/child2: No such file or directory!
	at org.apache.hadoop.fs.ozone.BasicOzoneClientAdapterImpl.getFileStatus(BasicOzoneClientAdapterImpl.java:369)
	at org.apache.hadoop.fs.ozone.BasicOzoneFileSystem.getFileStatus(BasicOzoneFileSystem.java:757)
	at org.apache.hadoop.fs.FileSystem.exists(FileSystem.java:1760)
	at org.apache.hadoop.fs.ozone.BasicOzoneFileSystem.exists(BasicOzoneFileSystem.java:804)
	at org.apache.hadoop.fs.ozone.TestOzoneFileSystem.testFileDelete(TestOzoneFileSystem.java:539)
	at sun.reflect.NativeMethodAccessorImpl.invoke0(Native Method)
	at sun.reflect.NativeMethodAccessorImpl.invoke(NativeMethodAccessorImpl.java:62)
	at sun.reflect.DelegatingMethodAccessorImpl.invoke(DelegatingMethodAccessorImpl.java:43)
	at java.lang.reflect.Method.invoke(Method.java:498)
	at org.junit.runners.model.FrameworkMethod$1.runReflectiveCall(FrameworkMethod.java:59)
	at org.junit.internal.runners.model.ReflectiveCallable.run(ReflectiveCallable.java:12)
	at org.junit.runners.model.FrameworkMethod.invokeExplosively(FrameworkMethod.java:56)
	at org.junit.internal.runners.statements.InvokeMethod.evaluate(InvokeMethod.java:17)
	at org.junit.internal.runners.statements.RunAfters.evaluate(RunAfters.java:27)
	at org.junit.internal.runners.statements.FailOnTimeout$CallableStatement.call(FailOnTimeout.java:288)
	at org.junit.internal.runners.statements.FailOnTimeout$CallableStatement.call(FailOnTimeout.java:282)
	at java.util.concurrent.FutureTask.run(FutureTask.java:266)
	at java.lang.Thread.run(Thread.java:750)
08:13:00.967 [IPC Server handler 13 on default port 39113] ERROR OMAudit - user=runner | ip=127.0.0.1 | op=GET_FILE_STATUS {volume=volume56107, bucket=bucket11984, key=testBatchDelete/parent/child3, dataSize=0, replicationConfig=null} | ret=FAILURE
org.apache.hadoop.ozone.om.exceptions.OMException: Unable to get file status: volume: volume56107 bucket: bucket11984 key: testBatchDelete/parent/child3
	at org.apache.hadoop.ozone.om.KeyManagerImpl.getOzoneFileStatusFSO(KeyManagerImpl.java:1336) ~[ozone-manager-1.3.0-SNAPSHOT.jar:?]
	at org.apache.hadoop.ozone.om.KeyManagerImpl.getFileStatus(KeyManagerImpl.java:1199) ~[ozone-manager-1.3.0-SNAPSHOT.jar:?]
	at org.apache.hadoop.ozone.om.OzoneManager.getFileStatus(OzoneManager.java:3570) ~[ozone-manager-1.3.0-SNAPSHOT.jar:?]
	at org.apache.hadoop.ozone.protocolPB.OzoneManagerRequestHandler.getOzoneFileStatus(OzoneManagerRequestHandler.java:907) ~[ozone-manager-1.3.0-SNAPSHOT.jar:?]
	at org.apache.hadoop.ozone.protocolPB.OzoneManagerRequestHandler.handleReadRequest(OzoneManagerRequestHandler.java:231) ~[ozone-manager-1.3.0-SNAPSHOT.jar:?]
	at org.apache.hadoop.ozone.protocolPB.OzoneManagerProtocolServerSideTranslatorPB.submitReadRequestToOM(OzoneManagerProtocolServerSideTranslatorPB.java:226) ~[ozone-manager-1.3.0-SNAPSHOT.jar:?]
	at org.apache.hadoop.ozone.protocolPB.OzoneManagerProtocolServerSideTranslatorPB.processRequest(OzoneManagerProtocolServerSideTranslatorPB.java:175) ~[ozone-manager-1.3.0-SNAPSHOT.jar:?]
	at org.apache.hadoop.hdds.server.OzoneProtocolMessageDispatcher.processRequest(OzoneProtocolMessageDispatcher.java:87) [hdds-server-framework-1.3.0-SNAPSHOT.jar:?]
	at org.apache.hadoop.ozone.protocolPB.OzoneManagerProtocolServerSideTranslatorPB.submitRequest(OzoneManagerProtocolServerSideTranslatorPB.java:147) [ozone-manager-1.3.0-SNAPSHOT.jar:?]
	at org.apache.hadoop.ozone.protocol.proto.OzoneManagerProtocolProtos$OzoneManagerService$2.callBlockingMethod(OzoneManagerProtocolProtos.java) [ozone-interface-client-1.3.0-SNAPSHOT.jar:?]
	at org.apache.hadoop.ipc.ProtobufRpcEngine$Server.processCall(ProtobufRpcEngine.java:466) [hadoop-common-3.3.1.jar:?]
	at org.apache.hadoop.ipc.ProtobufRpcEngine2$Server$ProtoBufRpcInvoker.call(ProtobufRpcEngine2.java:574) [hadoop-common-3.3.1.jar:?]
	at org.apache.hadoop.ipc.ProtobufRpcEngine2$Server$ProtoBufRpcInvoker.call(ProtobufRpcEngine2.java:552) [hadoop-common-3.3.1.jar:?]
	at org.apache.hadoop.ipc.RPC$Server.call(RPC.java:1093) [hadoop-common-3.3.1.jar:?]
	at org.apache.hadoop.ipc.Server$RpcCall.run(Server.java:1035) [hadoop-common-3.3.1.jar:?]
	at org.apache.hadoop.ipc.Server$RpcCall.run(Server.java:963) [hadoop-common-3.3.1.jar:?]
	at java.security.AccessController.doPrivileged(Native Method) ~[?:1.8.0_345]
	at javax.security.auth.Subject.doAs(Subject.java:422) [?:1.8.0_345]
	at org.apache.hadoop.security.UserGroupInformation.doAs(UserGroupInformation.java:1878) [hadoop-common-3.3.1.jar:?]
	at org.apache.hadoop.ipc.Server$Handler.run(Server.java:2966) [hadoop-common-3.3.1.jar:?]
2022-10-11 08:13:00,968 [Time-limited test] WARN  ozone.BasicOzoneFileSystem (BasicOzoneFileSystem.java:getFileStatus(765)) - GetFileStatus failed for path /testBatchDelete/parent/child3
java.io.FileNotFoundException: testBatchDelete/parent/child3: No such file or directory!
	at org.apache.hadoop.fs.ozone.BasicOzoneClientAdapterImpl.getFileStatus(BasicOzoneClientAdapterImpl.java:369)
	at org.apache.hadoop.fs.ozone.BasicOzoneFileSystem.getFileStatus(BasicOzoneFileSystem.java:757)
	at org.apache.hadoop.fs.FileSystem.exists(FileSystem.java:1760)
	at org.apache.hadoop.fs.ozone.BasicOzoneFileSystem.exists(BasicOzoneFileSystem.java:804)
	at org.apache.hadoop.fs.ozone.TestOzoneFileSystem.testFileDelete(TestOzoneFileSystem.java:534)
	at sun.reflect.NativeMethodAccessorImpl.invoke0(Native Method)
	at sun.reflect.NativeMethodAccessorImpl.invoke(NativeMethodAccessorImpl.java:62)
	at sun.reflect.DelegatingMethodAccessorImpl.invoke(DelegatingMethodAccessorImpl.java:43)
	at java.lang.reflect.Method.invoke(Method.java:498)
	at org.junit.runners.model.FrameworkMethod$1.runReflectiveCall(FrameworkMethod.java:59)
	at org.junit.internal.runners.model.ReflectiveCallable.run(ReflectiveCallable.java:12)
	at org.junit.runners.model.FrameworkMethod.invokeExplosively(FrameworkMethod.java:56)
	at org.junit.internal.runners.statements.InvokeMethod.evaluate(InvokeMethod.java:17)
	at org.junit.internal.runners.statements.RunAfters.evaluate(RunAfters.java:27)
	at org.junit.internal.runners.statements.FailOnTimeout$CallableStatement.call(FailOnTimeout.java:288)
	at org.junit.internal.runners.statements.FailOnTimeout$CallableStatement.call(FailOnTimeout.java:282)
	at java.util.concurrent.FutureTask.run(FutureTask.java:266)
	at java.lang.Thread.run(Thread.java:750)
08:13:00.969 [IPC Server handler 14 on default port 39113] ERROR OMAudit - user=runner | ip=127.0.0.1 | op=GET_FILE_STATUS {volume=volume56107, bucket=bucket11984, key=testBatchDelete/parent/childFolder/child3, dataSize=0, replicationConfig=null} | ret=FAILURE
org.apache.hadoop.ozone.om.exceptions.OMException: Unable to get file status: volume: volume56107 bucket: bucket11984 key: testBatchDelete/parent/childFolder/child3
	at org.apache.hadoop.ozone.om.KeyManagerImpl.getOzoneFileStatusFSO(KeyManagerImpl.java:1336) ~[ozone-manager-1.3.0-SNAPSHOT.jar:?]
	at org.apache.hadoop.ozone.om.KeyManagerImpl.getFileStatus(KeyManagerImpl.java:1199) ~[ozone-manager-1.3.0-SNAPSHOT.jar:?]
	at org.apache.hadoop.ozone.om.OzoneManager.getFileStatus(OzoneManager.java:3570) ~[ozone-manager-1.3.0-SNAPSHOT.jar:?]
	at org.apache.hadoop.ozone.protocolPB.OzoneManagerRequestHandler.getOzoneFileStatus(OzoneManagerRequestHandler.java:907) ~[ozone-manager-1.3.0-SNAPSHOT.jar:?]
	at org.apache.hadoop.ozone.protocolPB.OzoneManagerRequestHandler.handleReadRequest(OzoneManagerRequestHandler.java:231) ~[ozone-manager-1.3.0-SNAPSHOT.jar:?]
	at org.apache.hadoop.ozone.protocolPB.OzoneManagerProtocolServerSideTranslatorPB.submitReadRequestToOM(OzoneManagerProtocolServerSideTranslatorPB.java:226) ~[ozone-manager-1.3.0-SNAPSHOT.jar:?]
	at org.apache.hadoop.ozone.protocolPB.OzoneManagerProtocolServerSideTranslatorPB.processRequest(OzoneManagerProtocolServerSideTranslatorPB.java:175) ~[ozone-manager-1.3.0-SNAPSHOT.jar:?]
	at org.apache.hadoop.hdds.server.OzoneProtocolMessageDispatcher.processRequest(OzoneProtocolMessageDispatcher.java:87) [hdds-server-framework-1.3.0-SNAPSHOT.jar:?]
	at org.apache.hadoop.ozone.protocolPB.OzoneManagerProtocolServerSideTranslatorPB.submitRequest(OzoneManagerProtocolServerSideTranslatorPB.java:147) [ozone-manager-1.3.0-SNAPSHOT.jar:?]
	at org.apache.hadoop.ozone.protocol.proto.OzoneManagerProtocolProtos$OzoneManagerService$2.callBlockingMethod(OzoneManagerProtocolProtos.java) [ozone-interface-client-1.3.0-SNAPSHOT.jar:?]
	at org.apache.hadoop.ipc.ProtobufRpcEngine$Server.processCall(ProtobufRpcEngine.java:466) [hadoop-common-3.3.1.jar:?]
	at org.apache.hadoop.ipc.ProtobufRpcEngine2$Server$ProtoBufRpcInvoker.call(ProtobufRpcEngine2.java:574) [hadoop-common-3.3.1.jar:?]
	at org.apache.hadoop.ipc.ProtobufRpcEngine2$Server$ProtoBufRpcInvoker.call(ProtobufRpcEngine2.java:552) [hadoop-common-3.3.1.jar:?]
	at org.apache.hadoop.ipc.RPC$Server.call(RPC.java:1093) [hadoop-common-3.3.1.jar:?]
	at org.apache.hadoop.ipc.Server$RpcCall.run(Server.java:1035) [hadoop-common-3.3.1.jar:?]
	at org.apache.hadoop.ipc.Server$RpcCall.run(Server.java:963) [hadoop-common-3.3.1.jar:?]
	at java.security.AccessController.doPrivileged(Native Method) ~[?:1.8.0_345]
	at javax.security.auth.Subject.doAs(Subject.java:422) [?:1.8.0_345]
	at org.apache.hadoop.security.UserGroupInformation.doAs(UserGroupInformation.java:1878) [hadoop-common-3.3.1.jar:?]
	at org.apache.hadoop.ipc.Server$Handler.run(Server.java:2966) [hadoop-common-3.3.1.jar:?]
2022-10-11 08:13:00,969 [Time-limited test] WARN  ozone.BasicOzoneFileSystem (BasicOzoneFileSystem.java:getFileStatus(765)) - GetFileStatus failed for path /testBatchDelete/parent/childFolder/child3
java.io.FileNotFoundException: testBatchDelete/parent/childFolder/child3: No such file or directory!
	at org.apache.hadoop.fs.ozone.BasicOzoneClientAdapterImpl.getFileStatus(BasicOzoneClientAdapterImpl.java:369)
	at org.apache.hadoop.fs.ozone.BasicOzoneFileSystem.getFileStatus(BasicOzoneFileSystem.java:757)
	at org.apache.hadoop.fs.FileSystem.exists(FileSystem.java:1760)
	at org.apache.hadoop.fs.ozone.BasicOzoneFileSystem.exists(BasicOzoneFileSystem.java:804)
	at org.apache.hadoop.fs.ozone.TestOzoneFileSystem.testFileDelete(TestOzoneFileSystem.java:539)
	at sun.reflect.NativeMethodAccessorImpl.invoke0(Native Method)
	at sun.reflect.NativeMethodAccessorImpl.invoke(NativeMethodAccessorImpl.java:62)
	at sun.reflect.DelegatingMethodAccessorImpl.invoke(DelegatingMethodAccessorImpl.java:43)
	at java.lang.reflect.Method.invoke(Method.java:498)
	at org.junit.runners.model.FrameworkMethod$1.runReflectiveCall(FrameworkMethod.java:59)
	at org.junit.internal.runners.model.ReflectiveCallable.run(ReflectiveCallable.java:12)
	at org.junit.runners.model.FrameworkMethod.invokeExplosively(FrameworkMethod.java:56)
	at org.junit.internal.runners.statements.InvokeMethod.evaluate(InvokeMethod.java:17)
	at org.junit.internal.runners.statements.RunAfters.evaluate(RunAfters.java:27)
	at org.junit.internal.runners.statements.FailOnTimeout$CallableStatement.call(FailOnTimeout.java:288)
	at org.junit.internal.runners.statements.FailOnTimeout$CallableStatement.call(FailOnTimeout.java:282)
	at java.util.concurrent.FutureTask.run(FutureTask.java:266)
	at java.lang.Thread.run(Thread.java:750)
08:13:00.970 [IPC Server handler 15 on default port 39113] ERROR OMAudit - user=runner | ip=127.0.0.1 | op=GET_FILE_STATUS {volume=volume56107, bucket=bucket11984, key=testBatchDelete/parent/child4, dataSize=0, replicationConfig=null} | ret=FAILURE
org.apache.hadoop.ozone.om.exceptions.OMException: Unable to get file status: volume: volume56107 bucket: bucket11984 key: testBatchDelete/parent/child4
	at org.apache.hadoop.ozone.om.KeyManagerImpl.getOzoneFileStatusFSO(KeyManagerImpl.java:1336) ~[ozone-manager-1.3.0-SNAPSHOT.jar:?]
	at org.apache.hadoop.ozone.om.KeyManagerImpl.getFileStatus(KeyManagerImpl.java:1199) ~[ozone-manager-1.3.0-SNAPSHOT.jar:?]
	at org.apache.hadoop.ozone.om.OzoneManager.getFileStatus(OzoneManager.java:3570) ~[ozone-manager-1.3.0-SNAPSHOT.jar:?]
	at org.apache.hadoop.ozone.protocolPB.OzoneManagerRequestHandler.getOzoneFileStatus(OzoneManagerRequestHandler.java:907) ~[ozone-manager-1.3.0-SNAPSHOT.jar:?]
	at org.apache.hadoop.ozone.protocolPB.OzoneManagerRequestHandler.handleReadRequest(OzoneManagerRequestHandler.java:231) ~[ozone-manager-1.3.0-SNAPSHOT.jar:?]
	at org.apache.hadoop.ozone.protocolPB.OzoneManagerProtocolServerSideTranslatorPB.submitReadRequestToOM(OzoneManagerProtocolServerSideTranslatorPB.java:226) ~[ozone-manager-1.3.0-SNAPSHOT.jar:?]
	at org.apache.hadoop.ozone.protocolPB.OzoneManagerProtocolServerSideTranslatorPB.processRequest(OzoneManagerProtocolServerSideTranslatorPB.java:175) ~[ozone-manager-1.3.0-SNAPSHOT.jar:?]
	at org.apache.hadoop.hdds.server.OzoneProtocolMessageDispatcher.processRequest(OzoneProtocolMessageDispatcher.java:87) [hdds-server-framework-1.3.0-SNAPSHOT.jar:?]
	at org.apache.hadoop.ozone.protocolPB.OzoneManagerProtocolServerSideTranslatorPB.submitRequest(OzoneManagerProtocolServerSideTranslatorPB.java:147) [ozone-manager-1.3.0-SNAPSHOT.jar:?]
	at org.apache.hadoop.ozone.protocol.proto.OzoneManagerProtocolProtos$OzoneManagerService$2.callBlockingMethod(OzoneManagerProtocolProtos.java) [ozone-interface-client-1.3.0-SNAPSHOT.jar:?]
	at org.apache.hadoop.ipc.ProtobufRpcEngine$Server.processCall(ProtobufRpcEngine.java:466) [hadoop-common-3.3.1.jar:?]
	at org.apache.hadoop.ipc.ProtobufRpcEngine2$Server$ProtoBufRpcInvoker.call(ProtobufRpcEngine2.java:574) [hadoop-common-3.3.1.jar:?]
	at org.apache.hadoop.ipc.ProtobufRpcEngine2$Server$ProtoBufRpcInvoker.call(ProtobufRpcEngine2.java:552) [hadoop-common-3.3.1.jar:?]
	at org.apache.hadoop.ipc.RPC$Server.call(RPC.java:1093) [hadoop-common-3.3.1.jar:?]
	at org.apache.hadoop.ipc.Server$RpcCall.run(Server.java:1035) [hadoop-common-3.3.1.jar:?]
	at org.apache.hadoop.ipc.Server$RpcCall.run(Server.java:963) [hadoop-common-3.3.1.jar:?]
	at java.security.AccessController.doPrivileged(Native Method) ~[?:1.8.0_345]
	at javax.security.auth.Subject.doAs(Subject.java:422) [?:1.8.0_345]
	at org.apache.hadoop.security.UserGroupInformation.doAs(UserGroupInformation.java:1878) [hadoop-common-3.3.1.jar:?]
	at org.apache.hadoop.ipc.Server$Handler.run(Server.java:2966) [hadoop-common-3.3.1.jar:?]
2022-10-11 08:13:00,970 [Time-limited test] WARN  ozone.BasicOzoneFileSystem (BasicOzoneFileSystem.java:getFileStatus(765)) - GetFileStatus failed for path /testBatchDelete/parent/child4
java.io.FileNotFoundException: testBatchDelete/parent/child4: No such file or directory!
	at org.apache.hadoop.fs.ozone.BasicOzoneClientAdapterImpl.getFileStatus(BasicOzoneClientAdapterImpl.java:369)
	at org.apache.hadoop.fs.ozone.BasicOzoneFileSystem.getFileStatus(BasicOzoneFileSystem.java:757)
	at org.apache.hadoop.fs.FileSystem.exists(FileSystem.java:1760)
	at org.apache.hadoop.fs.ozone.BasicOzoneFileSystem.exists(BasicOzoneFileSystem.java:804)
	at org.apache.hadoop.fs.ozone.TestOzoneFileSystem.testFileDelete(TestOzoneFileSystem.java:534)
	at sun.reflect.NativeMethodAccessorImpl.invoke0(Native Method)
	at sun.reflect.NativeMethodAccessorImpl.invoke(NativeMethodAccessorImpl.java:62)
	at sun.reflect.DelegatingMethodAccessorImpl.invoke(DelegatingMethodAccessorImpl.java:43)
	at java.lang.reflect.Method.invoke(Method.java:498)
	at org.junit.runners.model.FrameworkMethod$1.runReflectiveCall(FrameworkMethod.java:59)
	at org.junit.internal.runners.model.ReflectiveCallable.run(ReflectiveCallable.java:12)
	at org.junit.runners.model.FrameworkMethod.invokeExplosively(FrameworkMethod.java:56)
	at org.junit.internal.runners.statements.InvokeMethod.evaluate(InvokeMethod.java:17)
	at org.junit.internal.runners.statements.RunAfters.evaluate(RunAfters.java:27)
	at org.junit.internal.runners.statements.FailOnTimeout$CallableStatement.call(FailOnTimeout.java:288)
	at org.junit.internal.runners.statements.FailOnTimeout$CallableStatement.call(FailOnTimeout.java:282)
	at java.util.concurrent.FutureTask.run(FutureTask.java:266)
	at java.lang.Thread.run(Thread.java:750)
08:13:00.972 [IPC Server handler 10 on default port 39113] ERROR OMAudit - user=runner | ip=127.0.0.1 | op=GET_FILE_STATUS {volume=volume56107, bucket=bucket11984, key=testBatchDelete/parent/childFolder/child4, dataSize=0, replicationConfig=null} | ret=FAILURE
org.apache.hadoop.ozone.om.exceptions.OMException: Unable to get file status: volume: volume56107 bucket: bucket11984 key: testBatchDelete/parent/childFolder/child4
	at org.apache.hadoop.ozone.om.KeyManagerImpl.getOzoneFileStatusFSO(KeyManagerImpl.java:1336) ~[ozone-manager-1.3.0-SNAPSHOT.jar:?]
	at org.apache.hadoop.ozone.om.KeyManagerImpl.getFileStatus(KeyManagerImpl.java:1199) ~[ozone-manager-1.3.0-SNAPSHOT.jar:?]
	at org.apache.hadoop.ozone.om.OzoneManager.getFileStatus(OzoneManager.java:3570) ~[ozone-manager-1.3.0-SNAPSHOT.jar:?]
	at org.apache.hadoop.ozone.protocolPB.OzoneManagerRequestHandler.getOzoneFileStatus(OzoneManagerRequestHandler.java:907) ~[ozone-manager-1.3.0-SNAPSHOT.jar:?]
	at org.apache.hadoop.ozone.protocolPB.OzoneManagerRequestHandler.handleReadRequest(OzoneManagerRequestHandler.java:231) ~[ozone-manager-1.3.0-SNAPSHOT.jar:?]
	at org.apache.hadoop.ozone.protocolPB.OzoneManagerProtocolServerSideTranslatorPB.submitReadRequestToOM(OzoneManagerProtocolServerSideTranslatorPB.java:226) ~[ozone-manager-1.3.0-SNAPSHOT.jar:?]
	at org.apache.hadoop.ozone.protocolPB.OzoneManagerProtocolServerSideTranslatorPB.processRequest(OzoneManagerProtocolServerSideTranslatorPB.java:175) ~[ozone-manager-1.3.0-SNAPSHOT.jar:?]
	at org.apache.hadoop.hdds.server.OzoneProtocolMessageDispatcher.processRequest(OzoneProtocolMessageDispatcher.java:87) [hdds-server-framework-1.3.0-SNAPSHOT.jar:?]
	at org.apache.hadoop.ozone.protocolPB.OzoneManagerProtocolServerSideTranslatorPB.submitRequest(OzoneManagerProtocolServerSideTranslatorPB.java:147) [ozone-manager-1.3.0-SNAPSHOT.jar:?]
	at org.apache.hadoop.ozone.protocol.proto.OzoneManagerProtocolProtos$OzoneManagerService$2.callBlockingMethod(OzoneManagerProtocolProtos.java) [ozone-interface-client-1.3.0-SNAPSHOT.jar:?]
	at org.apache.hadoop.ipc.ProtobufRpcEngine$Server.processCall(ProtobufRpcEngine.java:466) [hadoop-common-3.3.1.jar:?]
	at org.apache.hadoop.ipc.ProtobufRpcEngine2$Server$ProtoBufRpcInvoker.call(ProtobufRpcEngine2.java:574) [hadoop-common-3.3.1.jar:?]
	at org.apache.hadoop.ipc.ProtobufRpcEngine2$Server$ProtoBufRpcInvoker.call(ProtobufRpcEngine2.java:552) [hadoop-common-3.3.1.jar:?]
	at org.apache.hadoop.ipc.RPC$Server.call(RPC.java:1093) [hadoop-common-3.3.1.jar:?]
	at org.apache.hadoop.ipc.Server$RpcCall.run(Server.java:1035) [hadoop-common-3.3.1.jar:?]
	at org.apache.hadoop.ipc.Server$RpcCall.run(Server.java:963) [hadoop-common-3.3.1.jar:?]
	at java.security.AccessController.doPrivileged(Native Method) ~[?:1.8.0_345]
	at javax.security.auth.Subject.doAs(Subject.java:422) [?:1.8.0_345]
	at org.apache.hadoop.security.UserGroupInformation.doAs(UserGroupInformation.java:1878) [hadoop-common-3.3.1.jar:?]
	at org.apache.hadoop.ipc.Server$Handler.run(Server.java:2966) [hadoop-common-3.3.1.jar:?]
2022-10-11 08:13:00,974 [Time-limited test] WARN  ozone.BasicOzoneFileSystem (BasicOzoneFileSystem.java:getFileStatus(765)) - GetFileStatus failed for path /testBatchDelete/parent/childFolder/child4
java.io.FileNotFoundException: testBatchDelete/parent/childFolder/child4: No such file or directory!
	at org.apache.hadoop.fs.ozone.BasicOzoneClientAdapterImpl.getFileStatus(BasicOzoneClientAdapterImpl.java:369)
	at org.apache.hadoop.fs.ozone.BasicOzoneFileSystem.getFileStatus(BasicOzoneFileSystem.java:757)
	at org.apache.hadoop.fs.FileSystem.exists(FileSystem.java:1760)
	at org.apache.hadoop.fs.ozone.BasicOzoneFileSystem.exists(BasicOzoneFileSystem.java:804)
	at org.apache.hadoop.fs.ozone.TestOzoneFileSystem.testFileDelete(TestOzoneFileSystem.java:539)
	at sun.reflect.NativeMethodAccessorImpl.invoke0(Native Method)
	at sun.reflect.NativeMethodAccessorImpl.invoke(NativeMethodAccessorImpl.java:62)
	at sun.reflect.DelegatingMethodAccessorImpl.invoke(DelegatingMethodAccessorImpl.java:43)
	at java.lang.reflect.Method.invoke(Method.java:498)
	at org.junit.runners.model.FrameworkMethod$1.runReflectiveCall(FrameworkMethod.java:59)
	at org.junit.internal.runners.model.ReflectiveCallable.run(ReflectiveCallable.java:12)
	at org.junit.runners.model.FrameworkMethod.invokeExplosively(FrameworkMethod.java:56)
	at org.junit.internal.runners.statements.InvokeMethod.evaluate(InvokeMethod.java:17)
	at org.junit.internal.runners.statements.RunAfters.evaluate(RunAfters.java:27)
	at org.junit.internal.runners.statements.FailOnTimeout$CallableStatement.call(FailOnTimeout.java:288)
	at org.junit.internal.runners.statements.FailOnTimeout$CallableStatement.call(FailOnTimeout.java:282)
	at java.util.concurrent.FutureTask.run(FutureTask.java:266)
	at java.lang.Thread.run(Thread.java:750)
08:13:00.975 [IPC Server handler 16 on default port 39113] ERROR OMAudit - user=runner | ip=127.0.0.1 | op=GET_FILE_STATUS {volume=volume56107, bucket=bucket11984, key=testBatchDelete/parent/child5, dataSize=0, replicationConfig=null} | ret=FAILURE
org.apache.hadoop.ozone.om.exceptions.OMException: Unable to get file status: volume: volume56107 bucket: bucket11984 key: testBatchDelete/parent/child5
	at org.apache.hadoop.ozone.om.KeyManagerImpl.getOzoneFileStatusFSO(KeyManagerImpl.java:1336) ~[ozone-manager-1.3.0-SNAPSHOT.jar:?]
	at org.apache.hadoop.ozone.om.KeyManagerImpl.getFileStatus(KeyManagerImpl.java:1199) ~[ozone-manager-1.3.0-SNAPSHOT.jar:?]
	at org.apache.hadoop.ozone.om.OzoneManager.getFileStatus(OzoneManager.java:3570) ~[ozone-manager-1.3.0-SNAPSHOT.jar:?]
	at org.apache.hadoop.ozone.protocolPB.OzoneManagerRequestHandler.getOzoneFileStatus(OzoneManagerRequestHandler.java:907) ~[ozone-manager-1.3.0-SNAPSHOT.jar:?]
	at org.apache.hadoop.ozone.protocolPB.OzoneManagerRequestHandler.handleReadRequest(OzoneManagerRequestHandler.java:231) ~[ozone-manager-1.3.0-SNAPSHOT.jar:?]
	at org.apache.hadoop.ozone.protocolPB.OzoneManagerProtocolServerSideTranslatorPB.submitReadRequestToOM(OzoneManagerProtocolServerSideTranslatorPB.java:226) ~[ozone-manager-1.3.0-SNAPSHOT.jar:?]
	at org.apache.hadoop.ozone.protocolPB.OzoneManagerProtocolServerSideTranslatorPB.processRequest(OzoneManagerProtocolServerSideTranslatorPB.java:175) ~[ozone-manager-1.3.0-SNAPSHOT.jar:?]
	at org.apache.hadoop.hdds.server.OzoneProtocolMessageDispatcher.processRequest(OzoneProtocolMessageDispatcher.java:87) [hdds-server-framework-1.3.0-SNAPSHOT.jar:?]
	at org.apache.hadoop.ozone.protocolPB.OzoneManagerProtocolServerSideTranslatorPB.submitRequest(OzoneManagerProtocolServerSideTranslatorPB.java:147) [ozone-manager-1.3.0-SNAPSHOT.jar:?]
	at org.apache.hadoop.ozone.protocol.proto.OzoneManagerProtocolProtos$OzoneManagerService$2.callBlockingMethod(OzoneManagerProtocolProtos.java) [ozone-interface-client-1.3.0-SNAPSHOT.jar:?]
	at org.apache.hadoop.ipc.ProtobufRpcEngine$Server.processCall(ProtobufRpcEngine.java:466) [hadoop-common-3.3.1.jar:?]
	at org.apache.hadoop.ipc.ProtobufRpcEngine2$Server$ProtoBufRpcInvoker.call(ProtobufRpcEngine2.java:574) [hadoop-common-3.3.1.jar:?]
	at org.apache.hadoop.ipc.ProtobufRpcEngine2$Server$ProtoBufRpcInvoker.call(ProtobufRpcEngine2.java:552) [hadoop-common-3.3.1.jar:?]
	at org.apache.hadoop.ipc.RPC$Server.call(RPC.java:1093) [hadoop-common-3.3.1.jar:?]
	at org.apache.hadoop.ipc.Server$RpcCall.run(Server.java:1035) [hadoop-common-3.3.1.jar:?]
	at org.apache.hadoop.ipc.Server$RpcCall.run(Server.java:963) [hadoop-common-3.3.1.jar:?]
	at java.security.AccessController.doPrivileged(Native Method) ~[?:1.8.0_345]
	at javax.security.auth.Subject.doAs(Subject.java:422) [?:1.8.0_345]
	at org.apache.hadoop.security.UserGroupInformation.doAs(UserGroupInformation.java:1878) [hadoop-common-3.3.1.jar:?]
	at org.apache.hadoop.ipc.Server$Handler.run(Server.java:2966) [hadoop-common-3.3.1.jar:?]
2022-10-11 08:13:00,975 [Time-limited test] WARN  ozone.BasicOzoneFileSystem (BasicOzoneFileSystem.java:getFileStatus(765)) - GetFileStatus failed for path /testBatchDelete/parent/child5
java.io.FileNotFoundException: testBatchDelete/parent/child5: No such file or directory!
	at org.apache.hadoop.fs.ozone.BasicOzoneClientAdapterImpl.getFileStatus(BasicOzoneClientAdapterImpl.java:369)
	at org.apache.hadoop.fs.ozone.BasicOzoneFileSystem.getFileStatus(BasicOzoneFileSystem.java:757)
	at org.apache.hadoop.fs.FileSystem.exists(FileSystem.java:1760)
	at org.apache.hadoop.fs.ozone.BasicOzoneFileSystem.exists(BasicOzoneFileSystem.java:804)
	at org.apache.hadoop.fs.ozone.TestOzoneFileSystem.testFileDelete(TestOzoneFileSystem.java:534)
	at sun.reflect.NativeMethodAccessorImpl.invoke0(Native Method)
	at sun.reflect.NativeMethodAccessorImpl.invoke(NativeMethodAccessorImpl.java:62)
	at sun.reflect.DelegatingMethodAccessorImpl.invoke(DelegatingMethodAccessorImpl.java:43)
	at java.lang.reflect.Method.invoke(Method.java:498)
	at org.junit.runners.model.FrameworkMethod$1.runReflectiveCall(FrameworkMethod.java:59)
	at org.junit.internal.runners.model.ReflectiveCallable.run(ReflectiveCallable.java:12)
	at org.junit.runners.model.FrameworkMethod.invokeExplosively(FrameworkMethod.java:56)
	at org.junit.internal.runners.statements.InvokeMethod.evaluate(InvokeMethod.java:17)
	at org.junit.internal.runners.statements.RunAfters.evaluate(RunAfters.java:27)
	at org.junit.internal.runners.statements.FailOnTimeout$CallableStatement.call(FailOnTimeout.java:288)
	at org.junit.internal.runners.statements.FailOnTimeout$CallableStatement.call(FailOnTimeout.java:282)
	at java.util.concurrent.FutureTask.run(FutureTask.java:266)
	at java.lang.Thread.run(Thread.java:750)
08:13:00.976 [IPC Server handler 8 on default port 39113] ERROR OMAudit - user=runner | ip=127.0.0.1 | op=GET_FILE_STATUS {volume=volume56107, bucket=bucket11984, key=testBatchDelete/parent/childFolder/child5, dataSize=0, replicationConfig=null} | ret=FAILURE
org.apache.hadoop.ozone.om.exceptions.OMException: Unable to get file status: volume: volume56107 bucket: bucket11984 key: testBatchDelete/parent/childFolder/child5
	at org.apache.hadoop.ozone.om.KeyManagerImpl.getOzoneFileStatusFSO(KeyManagerImpl.java:1336) ~[ozone-manager-1.3.0-SNAPSHOT.jar:?]
	at org.apache.hadoop.ozone.om.KeyManagerImpl.getFileStatus(KeyManagerImpl.java:1199) ~[ozone-manager-1.3.0-SNAPSHOT.jar:?]
	at org.apache.hadoop.ozone.om.OzoneManager.getFileStatus(OzoneManager.java:3570) ~[ozone-manager-1.3.0-SNAPSHOT.jar:?]
	at org.apache.hadoop.ozone.protocolPB.OzoneManagerRequestHandler.getOzoneFileStatus(OzoneManagerRequestHandler.java:907) ~[ozone-manager-1.3.0-SNAPSHOT.jar:?]
	at org.apache.hadoop.ozone.protocolPB.OzoneManagerRequestHandler.handleReadRequest(OzoneManagerRequestHandler.java:231) ~[ozone-manager-1.3.0-SNAPSHOT.jar:?]
	at org.apache.hadoop.ozone.protocolPB.OzoneManagerProtocolServerSideTranslatorPB.submitReadRequestToOM(OzoneManagerProtocolServerSideTranslatorPB.java:226) ~[ozone-manager-1.3.0-SNAPSHOT.jar:?]
	at org.apache.hadoop.ozone.protocolPB.OzoneManagerProtocolServerSideTranslatorPB.processRequest(OzoneManagerProtocolServerSideTranslatorPB.java:175) ~[ozone-manager-1.3.0-SNAPSHOT.jar:?]
	at org.apache.hadoop.hdds.server.OzoneProtocolMessageDispatcher.processRequest(OzoneProtocolMessageDispatcher.java:87) [hdds-server-framework-1.3.0-SNAPSHOT.jar:?]
	at org.apache.hadoop.ozone.protocolPB.OzoneManagerProtocolServerSideTranslatorPB.submitRequest(OzoneManagerProtocolServerSideTranslatorPB.java:147) [ozone-manager-1.3.0-SNAPSHOT.jar:?]
	at org.apache.hadoop.ozone.protocol.proto.OzoneManagerProtocolProtos$OzoneManagerService$2.callBlockingMethod(OzoneManagerProtocolProtos.java) [ozone-interface-client-1.3.0-SNAPSHOT.jar:?]
	at org.apache.hadoop.ipc.ProtobufRpcEngine$Server.processCall(ProtobufRpcEngine.java:466) [hadoop-common-3.3.1.jar:?]
	at org.apache.hadoop.ipc.ProtobufRpcEngine2$Server$ProtoBufRpcInvoker.call(ProtobufRpcEngine2.java:574) [hadoop-common-3.3.1.jar:?]
	at org.apache.hadoop.ipc.ProtobufRpcEngine2$Server$ProtoBufRpcInvoker.call(ProtobufRpcEngine2.java:552) [hadoop-common-3.3.1.jar:?]
	at org.apache.hadoop.ipc.RPC$Server.call(RPC.java:1093) [hadoop-common-3.3.1.jar:?]
	at org.apache.hadoop.ipc.Server$RpcCall.run(Server.java:1035) [hadoop-common-3.3.1.jar:?]
	at org.apache.hadoop.ipc.Server$RpcCall.run(Server.java:963) [hadoop-common-3.3.1.jar:?]
	at java.security.AccessController.doPrivileged(Native Method) ~[?:1.8.0_345]
	at javax.security.auth.Subject.doAs(Subject.java:422) [?:1.8.0_345]
	at org.apache.hadoop.security.UserGroupInformation.doAs(UserGroupInformation.java:1878) [hadoop-common-3.3.1.jar:?]
	at org.apache.hadoop.ipc.Server$Handler.run(Server.java:2966) [hadoop-common-3.3.1.jar:?]
2022-10-11 08:13:00,977 [Time-limited test] WARN  ozone.BasicOzoneFileSystem (BasicOzoneFileSystem.java:getFileStatus(765)) - GetFileStatus failed for path /testBatchDelete/parent/childFolder/child5
java.io.FileNotFoundException: testBatchDelete/parent/childFolder/child5: No such file or directory!
	at org.apache.hadoop.fs.ozone.BasicOzoneClientAdapterImpl.getFileStatus(BasicOzoneClientAdapterImpl.java:369)
	at org.apache.hadoop.fs.ozone.BasicOzoneFileSystem.getFileStatus(BasicOzoneFileSystem.java:757)
	at org.apache.hadoop.fs.FileSystem.exists(FileSystem.java:1760)
	at org.apache.hadoop.fs.ozone.BasicOzoneFileSystem.exists(BasicOzoneFileSystem.java:804)
	at org.apache.hadoop.fs.ozone.TestOzoneFileSystem.testFileDelete(TestOzoneFileSystem.java:539)
	at sun.reflect.NativeMethodAccessorImpl.invoke0(Native Method)
	at sun.reflect.NativeMethodAccessorImpl.invoke(NativeMethodAccessorImpl.java:62)
	at sun.reflect.DelegatingMethodAccessorImpl.invoke(DelegatingMethodAccessorImpl.java:43)
	at java.lang.reflect.Method.invoke(Method.java:498)
	at org.junit.runners.model.FrameworkMethod$1.runReflectiveCall(FrameworkMethod.java:59)
	at org.junit.internal.runners.model.ReflectiveCallable.run(ReflectiveCallable.java:12)
	at org.junit.runners.model.FrameworkMethod.invokeExplosively(FrameworkMethod.java:56)
	at org.junit.internal.runners.statements.InvokeMethod.evaluate(InvokeMethod.java:17)
	at org.junit.internal.runners.statements.RunAfters.evaluate(RunAfters.java:27)
	at org.junit.internal.runners.statements.FailOnTimeout$CallableStatement.call(FailOnTimeout.java:288)
	at org.junit.internal.runners.statements.FailOnTimeout$CallableStatement.call(FailOnTimeout.java:282)
	at java.util.concurrent.FutureTask.run(FutureTask.java:266)
	at java.lang.Thread.run(Thread.java:750)
08:13:00.978 [IPC Server handler 18 on default port 39113] ERROR OMAudit - user=runner | ip=127.0.0.1 | op=GET_FILE_STATUS {volume=volume56107, bucket=bucket11984, key=testBatchDelete/parent/child6, dataSize=0, replicationConfig=null} | ret=FAILURE
org.apache.hadoop.ozone.om.exceptions.OMException: Unable to get file status: volume: volume56107 bucket: bucket11984 key: testBatchDelete/parent/child6
	at org.apache.hadoop.ozone.om.KeyManagerImpl.getOzoneFileStatusFSO(KeyManagerImpl.java:1336) ~[ozone-manager-1.3.0-SNAPSHOT.jar:?]
	at org.apache.hadoop.ozone.om.KeyManagerImpl.getFileStatus(KeyManagerImpl.java:1199) ~[ozone-manager-1.3.0-SNAPSHOT.jar:?]
	at org.apache.hadoop.ozone.om.OzoneManager.getFileStatus(OzoneManager.java:3570) ~[ozone-manager-1.3.0-SNAPSHOT.jar:?]
	at org.apache.hadoop.ozone.protocolPB.OzoneManagerRequestHandler.getOzoneFileStatus(OzoneManagerRequestHandler.java:907) ~[ozone-manager-1.3.0-SNAPSHOT.jar:?]
	at org.apache.hadoop.ozone.protocolPB.OzoneManagerRequestHandler.handleReadRequest(OzoneManagerRequestHandler.java:231) ~[ozone-manager-1.3.0-SNAPSHOT.jar:?]
	at org.apache.hadoop.ozone.protocolPB.OzoneManagerProtocolServerSideTranslatorPB.submitReadRequestToOM(OzoneManagerProtocolServerSideTranslatorPB.java:226) ~[ozone-manager-1.3.0-SNAPSHOT.jar:?]
	at org.apache.hadoop.ozone.protocolPB.OzoneManagerProtocolServerSideTranslatorPB.processRequest(OzoneManagerProtocolServerSideTranslatorPB.java:175) ~[ozone-manager-1.3.0-SNAPSHOT.jar:?]
	at org.apache.hadoop.hdds.server.OzoneProtocolMessageDispatcher.processRequest(OzoneProtocolMessageDispatcher.java:87) [hdds-server-framework-1.3.0-SNAPSHOT.jar:?]
	at org.apache.hadoop.ozone.protocolPB.OzoneManagerProtocolServerSideTranslatorPB.submitRequest(OzoneManagerProtocolServerSideTranslatorPB.java:147) [ozone-manager-1.3.0-SNAPSHOT.jar:?]
	at org.apache.hadoop.ozone.protocol.proto.OzoneManagerProtocolProtos$OzoneManagerService$2.callBlockingMethod(OzoneManagerProtocolProtos.java) [ozone-interface-client-1.3.0-SNAPSHOT.jar:?]
	at org.apache.hadoop.ipc.ProtobufRpcEngine$Server.processCall(ProtobufRpcEngine.java:466) [hadoop-common-3.3.1.jar:?]
	at org.apache.hadoop.ipc.ProtobufRpcEngine2$Server$ProtoBufRpcInvoker.call(ProtobufRpcEngine2.java:574) [hadoop-common-3.3.1.jar:?]
	at org.apache.hadoop.ipc.ProtobufRpcEngine2$Server$ProtoBufRpcInvoker.call(ProtobufRpcEngine2.java:552) [hadoop-common-3.3.1.jar:?]
	at org.apache.hadoop.ipc.RPC$Server.call(RPC.java:1093) [hadoop-common-3.3.1.jar:?]
	at org.apache.hadoop.ipc.Server$RpcCall.run(Server.java:1035) [hadoop-common-3.3.1.jar:?]
	at org.apache.hadoop.ipc.Server$RpcCall.run(Server.java:963) [hadoop-common-3.3.1.jar:?]
	at java.security.AccessController.doPrivileged(Native Method) ~[?:1.8.0_345]
	at javax.security.auth.Subject.doAs(Subject.java:422) [?:1.8.0_345]
	at org.apache.hadoop.security.UserGroupInformation.doAs(UserGroupInformation.java:1878) [hadoop-common-3.3.1.jar:?]
	at org.apache.hadoop.ipc.Server$Handler.run(Server.java:2966) [hadoop-common-3.3.1.jar:?]
2022-10-11 08:13:00,978 [Time-limited test] WARN  ozone.BasicOzoneFileSystem (BasicOzoneFileSystem.java:getFileStatus(765)) - GetFileStatus failed for path /testBatchDelete/parent/child6
java.io.FileNotFoundException: testBatchDelete/parent/child6: No such file or directory!
	at org.apache.hadoop.fs.ozone.BasicOzoneClientAdapterImpl.getFileStatus(BasicOzoneClientAdapterImpl.java:369)
	at org.apache.hadoop.fs.ozone.BasicOzoneFileSystem.getFileStatus(BasicOzoneFileSystem.java:757)
	at org.apache.hadoop.fs.FileSystem.exists(FileSystem.java:1760)
	at org.apache.hadoop.fs.ozone.BasicOzoneFileSystem.exists(BasicOzoneFileSystem.java:804)
	at org.apache.hadoop.fs.ozone.TestOzoneFileSystem.testFileDelete(TestOzoneFileSystem.java:534)
	at sun.reflect.NativeMethodAccessorImpl.invoke0(Native Method)
	at sun.reflect.NativeMethodAccessorImpl.invoke(NativeMethodAccessorImpl.java:62)
	at sun.reflect.DelegatingMethodAccessorImpl.invoke(DelegatingMethodAccessorImpl.java:43)
	at java.lang.reflect.Method.invoke(Method.java:498)
	at org.junit.runners.model.FrameworkMethod$1.runReflectiveCall(FrameworkMethod.java:59)
	at org.junit.internal.runners.model.ReflectiveCallable.run(ReflectiveCallable.java:12)
	at org.junit.runners.model.FrameworkMethod.invokeExplosively(FrameworkMethod.java:56)
	at org.junit.internal.runners.statements.InvokeMethod.evaluate(InvokeMethod.java:17)
	at org.junit.internal.runners.statements.RunAfters.evaluate(RunAfters.java:27)
	at org.junit.internal.runners.statements.FailOnTimeout$CallableStatement.call(FailOnTimeout.java:288)
	at org.junit.internal.runners.statements.FailOnTimeout$CallableStatement.call(FailOnTimeout.java:282)
	at java.util.concurrent.FutureTask.run(FutureTask.java:266)
	at java.lang.Thread.run(Thread.java:750)
08:13:00.979 [IPC Server handler 17 on default port 39113] ERROR OMAudit - user=runner | ip=127.0.0.1 | op=GET_FILE_STATUS {volume=volume56107, bucket=bucket11984, key=testBatchDelete/parent/childFolder/child6, dataSize=0, replicationConfig=null} | ret=FAILURE
org.apache.hadoop.ozone.om.exceptions.OMException: Unable to get file status: volume: volume56107 bucket: bucket11984 key: testBatchDelete/parent/childFolder/child6
	at org.apache.hadoop.ozone.om.KeyManagerImpl.getOzoneFileStatusFSO(KeyManagerImpl.java:1336) ~[ozone-manager-1.3.0-SNAPSHOT.jar:?]
	at org.apache.hadoop.ozone.om.KeyManagerImpl.getFileStatus(KeyManagerImpl.java:1199) ~[ozone-manager-1.3.0-SNAPSHOT.jar:?]
	at org.apache.hadoop.ozone.om.OzoneManager.getFileStatus(OzoneManager.java:3570) ~[ozone-manager-1.3.0-SNAPSHOT.jar:?]
	at org.apache.hadoop.ozone.protocolPB.OzoneManagerRequestHandler.getOzoneFileStatus(OzoneManagerRequestHandler.java:907) ~[ozone-manager-1.3.0-SNAPSHOT.jar:?]
	at org.apache.hadoop.ozone.protocolPB.OzoneManagerRequestHandler.handleReadRequest(OzoneManagerRequestHandler.java:231) ~[ozone-manager-1.3.0-SNAPSHOT.jar:?]
	at org.apache.hadoop.ozone.protocolPB.OzoneManagerProtocolServerSideTranslatorPB.submitReadRequestToOM(OzoneManagerProtocolServerSideTranslatorPB.java:226) ~[ozone-manager-1.3.0-SNAPSHOT.jar:?]
	at org.apache.hadoop.ozone.protocolPB.OzoneManagerProtocolServerSideTranslatorPB.processRequest(OzoneManagerProtocolServerSideTranslatorPB.java:175) ~[ozone-manager-1.3.0-SNAPSHOT.jar:?]
	at org.apache.hadoop.hdds.server.OzoneProtocolMessageDispatcher.processRequest(OzoneProtocolMessageDispatcher.java:87) [hdds-server-framework-1.3.0-SNAPSHOT.jar:?]
	at org.apache.hadoop.ozone.protocolPB.OzoneManagerProtocolServerSideTranslatorPB.submitRequest(OzoneManagerProtocolServerSideTranslatorPB.java:147) [ozone-manager-1.3.0-SNAPSHOT.jar:?]
	at org.apache.hadoop.ozone.protocol.proto.OzoneManagerProtocolProtos$OzoneManagerService$2.callBlockingMethod(OzoneManagerProtocolProtos.java) [ozone-interface-client-1.3.0-SNAPSHOT.jar:?]
	at org.apache.hadoop.ipc.ProtobufRpcEngine$Server.processCall(ProtobufRpcEngine.java:466) [hadoop-common-3.3.1.jar:?]
	at org.apache.hadoop.ipc.ProtobufRpcEngine2$Server$ProtoBufRpcInvoker.call(ProtobufRpcEngine2.java:574) [hadoop-common-3.3.1.jar:?]
	at org.apache.hadoop.ipc.ProtobufRpcEngine2$Server$ProtoBufRpcInvoker.call(ProtobufRpcEngine2.java:552) [hadoop-common-3.3.1.jar:?]
	at org.apache.hadoop.ipc.RPC$Server.call(RPC.java:1093) [hadoop-common-3.3.1.jar:?]
	at org.apache.hadoop.ipc.Server$RpcCall.run(Server.java:1035) [hadoop-common-3.3.1.jar:?]
	at org.apache.hadoop.ipc.Server$RpcCall.run(Server.java:963) [hadoop-common-3.3.1.jar:?]
	at java.security.AccessController.doPrivileged(Native Method) ~[?:1.8.0_345]
	at javax.security.auth.Subject.doAs(Subject.java:422) [?:1.8.0_345]
	at org.apache.hadoop.security.UserGroupInformation.doAs(UserGroupInformation.java:1878) [hadoop-common-3.3.1.jar:?]
	at org.apache.hadoop.ipc.Server$Handler.run(Server.java:2966) [hadoop-common-3.3.1.jar:?]
2022-10-11 08:13:00,980 [Time-limited test] WARN  ozone.BasicOzoneFileSystem (BasicOzoneFileSystem.java:getFileStatus(765)) - GetFileStatus failed for path /testBatchDelete/parent/childFolder/child6
java.io.FileNotFoundException: testBatchDelete/parent/childFolder/child6: No such file or directory!
	at org.apache.hadoop.fs.ozone.BasicOzoneClientAdapterImpl.getFileStatus(BasicOzoneClientAdapterImpl.java:369)
	at org.apache.hadoop.fs.ozone.BasicOzoneFileSystem.getFileStatus(BasicOzoneFileSystem.java:757)
	at org.apache.hadoop.fs.FileSystem.exists(FileSystem.java:1760)
	at org.apache.hadoop.fs.ozone.BasicOzoneFileSystem.exists(BasicOzoneFileSystem.java:804)
	at org.apache.hadoop.fs.ozone.TestOzoneFileSystem.testFileDelete(TestOzoneFileSystem.java:539)
	at sun.reflect.NativeMethodAccessorImpl.invoke0(Native Method)
	at sun.reflect.NativeMethodAccessorImpl.invoke(NativeMethodAccessorImpl.java:62)
	at sun.reflect.DelegatingMethodAccessorImpl.invoke(DelegatingMethodAccessorImpl.java:43)
	at java.lang.reflect.Method.invoke(Method.java:498)
	at org.junit.runners.model.FrameworkMethod$1.runReflectiveCall(FrameworkMethod.java:59)
	at org.junit.internal.runners.model.ReflectiveCallable.run(ReflectiveCallable.java:12)
	at org.junit.runners.model.FrameworkMethod.invokeExplosively(FrameworkMethod.java:56)
	at org.junit.internal.runners.statements.InvokeMethod.evaluate(InvokeMethod.java:17)
	at org.junit.internal.runners.statements.RunAfters.evaluate(RunAfters.java:27)
	at org.junit.internal.runners.statements.FailOnTimeout$CallableStatement.call(FailOnTimeout.java:288)
	at org.junit.internal.runners.statements.FailOnTimeout$CallableStatement.call(FailOnTimeout.java:282)
	at java.util.concurrent.FutureTask.run(FutureTask.java:266)
	at java.lang.Thread.run(Thread.java:750)
08:13:00.980 [IPC Server handler 11 on default port 39113] ERROR OMAudit - user=runner | ip=127.0.0.1 | op=GET_FILE_STATUS {volume=volume56107, bucket=bucket11984, key=testBatchDelete/parent/child7, dataSize=0, replicationConfig=null} | ret=FAILURE
org.apache.hadoop.ozone.om.exceptions.OMException: Unable to get file status: volume: volume56107 bucket: bucket11984 key: testBatchDelete/parent/child7
	at org.apache.hadoop.ozone.om.KeyManagerImpl.getOzoneFileStatusFSO(KeyManagerImpl.java:1336) ~[ozone-manager-1.3.0-SNAPSHOT.jar:?]
	at org.apache.hadoop.ozone.om.KeyManagerImpl.getFileStatus(KeyManagerImpl.java:1199) ~[ozone-manager-1.3.0-SNAPSHOT.jar:?]
	at org.apache.hadoop.ozone.om.OzoneManager.getFileStatus(OzoneManager.java:3570) ~[ozone-manager-1.3.0-SNAPSHOT.jar:?]
	at org.apache.hadoop.ozone.protocolPB.OzoneManagerRequestHandler.getOzoneFileStatus(OzoneManagerRequestHandler.java:907) ~[ozone-manager-1.3.0-SNAPSHOT.jar:?]
	at org.apache.hadoop.ozone.protocolPB.OzoneManagerRequestHandler.handleReadRequest(OzoneManagerRequestHandler.java:231) ~[ozone-manager-1.3.0-SNAPSHOT.jar:?]
	at org.apache.hadoop.ozone.protocolPB.OzoneManagerProtocolServerSideTranslatorPB.submitReadRequestToOM(OzoneManagerProtocolServerSideTranslatorPB.java:226) ~[ozone-manager-1.3.0-SNAPSHOT.jar:?]
	at org.apache.hadoop.ozone.protocolPB.OzoneManagerProtocolServerSideTranslatorPB.processRequest(OzoneManagerProtocolServerSideTranslatorPB.java:175) ~[ozone-manager-1.3.0-SNAPSHOT.jar:?]
	at org.apache.hadoop.hdds.server.OzoneProtocolMessageDispatcher.processRequest(OzoneProtocolMessageDispatcher.java:87) [hdds-server-framework-1.3.0-SNAPSHOT.jar:?]
	at org.apache.hadoop.ozone.protocolPB.OzoneManagerProtocolServerSideTranslatorPB.submitRequest(OzoneManagerProtocolServerSideTranslatorPB.java:147) [ozone-manager-1.3.0-SNAPSHOT.jar:?]
	at org.apache.hadoop.ozone.protocol.proto.OzoneManagerProtocolProtos$OzoneManagerService$2.callBlockingMethod(OzoneManagerProtocolProtos.java) [ozone-interface-client-1.3.0-SNAPSHOT.jar:?]
	at org.apache.hadoop.ipc.ProtobufRpcEngine$Server.processCall(ProtobufRpcEngine.java:466) [hadoop-common-3.3.1.jar:?]
	at org.apache.hadoop.ipc.ProtobufRpcEngine2$Server$ProtoBufRpcInvoker.call(ProtobufRpcEngine2.java:574) [hadoop-common-3.3.1.jar:?]
	at org.apache.hadoop.ipc.ProtobufRpcEngine2$Server$ProtoBufRpcInvoker.call(ProtobufRpcEngine2.java:552) [hadoop-common-3.3.1.jar:?]
	at org.apache.hadoop.ipc.RPC$Server.call(RPC.java:1093) [hadoop-common-3.3.1.jar:?]
	at org.apache.hadoop.ipc.Server$RpcCall.run(Server.java:1035) [hadoop-common-3.3.1.jar:?]
	at org.apache.hadoop.ipc.Server$RpcCall.run(Server.java:963) [hadoop-common-3.3.1.jar:?]
	at java.security.AccessController.doPrivileged(Native Method) ~[?:1.8.0_345]
	at javax.security.auth.Subject.doAs(Subject.java:422) [?:1.8.0_345]
	at org.apache.hadoop.security.UserGroupInformation.doAs(UserGroupInformation.java:1878) [hadoop-common-3.3.1.jar:?]
	at org.apache.hadoop.ipc.Server$Handler.run(Server.java:2966) [hadoop-common-3.3.1.jar:?]
2022-10-11 08:13:00,981 [Time-limited test] WARN  ozone.BasicOzoneFileSystem (BasicOzoneFileSystem.java:getFileStatus(765)) - GetFileStatus failed for path /testBatchDelete/parent/child7
java.io.FileNotFoundException: testBatchDelete/parent/child7: No such file or directory!
	at org.apache.hadoop.fs.ozone.BasicOzoneClientAdapterImpl.getFileStatus(BasicOzoneClientAdapterImpl.java:369)
	at org.apache.hadoop.fs.ozone.BasicOzoneFileSystem.getFileStatus(BasicOzoneFileSystem.java:757)
	at org.apache.hadoop.fs.FileSystem.exists(FileSystem.java:1760)
	at org.apache.hadoop.fs.ozone.BasicOzoneFileSystem.exists(BasicOzoneFileSystem.java:804)
	at org.apache.hadoop.fs.ozone.TestOzoneFileSystem.testFileDelete(TestOzoneFileSystem.java:534)
	at sun.reflect.NativeMethodAccessorImpl.invoke0(Native Method)
	at sun.reflect.NativeMethodAccessorImpl.invoke(NativeMethodAccessorImpl.java:62)
	at sun.reflect.DelegatingMethodAccessorImpl.invoke(DelegatingMethodAccessorImpl.java:43)
	at java.lang.reflect.Method.invoke(Method.java:498)
	at org.junit.runners.model.FrameworkMethod$1.runReflectiveCall(FrameworkMethod.java:59)
	at org.junit.internal.runners.model.ReflectiveCallable.run(ReflectiveCallable.java:12)
	at org.junit.runners.model.FrameworkMethod.invokeExplosively(FrameworkMethod.java:56)
	at org.junit.internal.runners.statements.InvokeMethod.evaluate(InvokeMethod.java:17)
	at org.junit.internal.runners.statements.RunAfters.evaluate(RunAfters.java:27)
	at org.junit.internal.runners.statements.FailOnTimeout$CallableStatement.call(FailOnTimeout.java:288)
	at org.junit.internal.runners.statements.FailOnTimeout$CallableStatement.call(FailOnTimeout.java:282)
	at java.util.concurrent.FutureTask.run(FutureTask.java:266)
	at java.lang.Thread.run(Thread.java:750)
08:13:00.982 [IPC Server handler 12 on default port 39113] ERROR OMAudit - user=runner | ip=127.0.0.1 | op=GET_FILE_STATUS {volume=volume56107, bucket=bucket11984, key=testBatchDelete/parent/childFolder/child7, dataSize=0, replicationConfig=null} | ret=FAILURE
org.apache.hadoop.ozone.om.exceptions.OMException: Unable to get file status: volume: volume56107 bucket: bucket11984 key: testBatchDelete/parent/childFolder/child7
	at org.apache.hadoop.ozone.om.KeyManagerImpl.getOzoneFileStatusFSO(KeyManagerImpl.java:1336) ~[ozone-manager-1.3.0-SNAPSHOT.jar:?]
	at org.apache.hadoop.ozone.om.KeyManagerImpl.getFileStatus(KeyManagerImpl.java:1199) ~[ozone-manager-1.3.0-SNAPSHOT.jar:?]
	at org.apache.hadoop.ozone.om.OzoneManager.getFileStatus(OzoneManager.java:3570) ~[ozone-manager-1.3.0-SNAPSHOT.jar:?]
	at org.apache.hadoop.ozone.protocolPB.OzoneManagerRequestHandler.getOzoneFileStatus(OzoneManagerRequestHandler.java:907) ~[ozone-manager-1.3.0-SNAPSHOT.jar:?]
	at org.apache.hadoop.ozone.protocolPB.OzoneManagerRequestHandler.handleReadRequest(OzoneManagerRequestHandler.java:231) ~[ozone-manager-1.3.0-SNAPSHOT.jar:?]
	at org.apache.hadoop.ozone.protocolPB.OzoneManagerProtocolServerSideTranslatorPB.submitReadRequestToOM(OzoneManagerProtocolServerSideTranslatorPB.java:226) ~[ozone-manager-1.3.0-SNAPSHOT.jar:?]
	at org.apache.hadoop.ozone.protocolPB.OzoneManagerProtocolServerSideTranslatorPB.processRequest(OzoneManagerProtocolServerSideTranslatorPB.java:175) ~[ozone-manager-1.3.0-SNAPSHOT.jar:?]
	at org.apache.hadoop.hdds.server.OzoneProtocolMessageDispatcher.processRequest(OzoneProtocolMessageDispatcher.java:87) [hdds-server-framework-1.3.0-SNAPSHOT.jar:?]
	at org.apache.hadoop.ozone.protocolPB.OzoneManagerProtocolServerSideTranslatorPB.submitRequest(OzoneManagerProtocolServerSideTranslatorPB.java:147) [ozone-manager-1.3.0-SNAPSHOT.jar:?]
	at org.apache.hadoop.ozone.protocol.proto.OzoneManagerProtocolProtos$OzoneManagerService$2.callBlockingMethod(OzoneManagerProtocolProtos.java) [ozone-interface-client-1.3.0-SNAPSHOT.jar:?]
	at org.apache.hadoop.ipc.ProtobufRpcEngine$Server.processCall(ProtobufRpcEngine.java:466) [hadoop-common-3.3.1.jar:?]
	at org.apache.hadoop.ipc.ProtobufRpcEngine2$Server$ProtoBufRpcInvoker.call(ProtobufRpcEngine2.java:574) [hadoop-common-3.3.1.jar:?]
	at org.apache.hadoop.ipc.ProtobufRpcEngine2$Server$ProtoBufRpcInvoker.call(ProtobufRpcEngine2.java:552) [hadoop-common-3.3.1.jar:?]
	at org.apache.hadoop.ipc.RPC$Server.call(RPC.java:1093) [hadoop-common-3.3.1.jar:?]
	at org.apache.hadoop.ipc.Server$RpcCall.run(Server.java:1035) [hadoop-common-3.3.1.jar:?]
	at org.apache.hadoop.ipc.Server$RpcCall.run(Server.java:963) [hadoop-common-3.3.1.jar:?]
	at java.security.AccessController.doPrivileged(Native Method) ~[?:1.8.0_345]
	at javax.security.auth.Subject.doAs(Subject.java:422) [?:1.8.0_345]
	at org.apache.hadoop.security.UserGroupInformation.doAs(UserGroupInformation.java:1878) [hadoop-common-3.3.1.jar:?]
	at org.apache.hadoop.ipc.Server$Handler.run(Server.java:2966) [hadoop-common-3.3.1.jar:?]
2022-10-11 08:13:00,982 [Time-limited test] WARN  ozone.BasicOzoneFileSystem (BasicOzoneFileSystem.java:getFileStatus(765)) - GetFileStatus failed for path /testBatchDelete/parent/childFolder/child7
java.io.FileNotFoundException: testBatchDelete/parent/childFolder/child7: No such file or directory!
	at org.apache.hadoop.fs.ozone.BasicOzoneClientAdapterImpl.getFileStatus(BasicOzoneClientAdapterImpl.java:369)
	at org.apache.hadoop.fs.ozone.BasicOzoneFileSystem.getFileStatus(BasicOzoneFileSystem.java:757)
	at org.apache.hadoop.fs.FileSystem.exists(FileSystem.java:1760)
	at org.apache.hadoop.fs.ozone.BasicOzoneFileSystem.exists(BasicOzoneFileSystem.java:804)
	at org.apache.hadoop.fs.ozone.TestOzoneFileSystem.testFileDelete(TestOzoneFileSystem.java:539)
	at sun.reflect.NativeMethodAccessorImpl.invoke0(Native Method)
	at sun.reflect.NativeMethodAccessorImpl.invoke(NativeMethodAccessorImpl.java:62)
	at sun.reflect.DelegatingMethodAccessorImpl.invoke(DelegatingMethodAccessorImpl.java:43)
	at java.lang.reflect.Method.invoke(Method.java:498)
	at org.junit.runners.model.FrameworkMethod$1.runReflectiveCall(FrameworkMethod.java:59)
	at org.junit.internal.runners.model.ReflectiveCallable.run(ReflectiveCallable.java:12)
	at org.junit.runners.model.FrameworkMethod.invokeExplosively(FrameworkMethod.java:56)
	at org.junit.internal.runners.statements.InvokeMethod.evaluate(InvokeMethod.java:17)
	at org.junit.internal.runners.statements.RunAfters.evaluate(RunAfters.java:27)
	at org.junit.internal.runners.statements.FailOnTimeout$CallableStatement.call(FailOnTimeout.java:288)
	at org.junit.internal.runners.statements.FailOnTimeout$CallableStatement.call(FailOnTimeout.java:282)
	at java.util.concurrent.FutureTask.run(FutureTask.java:266)
	at java.lang.Thread.run(Thread.java:750)
08:13:00.984 [OM StateMachine ApplyTransaction Thread - 0] ERROR OMAudit - user=runner | ip=127.0.0.1 | op=DELETE_KEY {volume=volume56107, bucket=bucket11984, key=testBatchDelete/parent, dataSize=0, replicationType=NONE, replicationFactor=ZERO} | ret=FAILURE
org.apache.hadoop.ozone.om.exceptions.OMException: Unable to get file status: volume: volume56107 bucket: bucket11984 key: testBatchDelete/parent
	at org.apache.hadoop.ozone.om.OzonePrefixPathImpl.<init>(OzonePrefixPathImpl.java:67) ~[ozone-manager-1.3.0-SNAPSHOT.jar:?]
	at org.apache.hadoop.ozone.om.request.OMClientRequest.checkACLsWithFSO(OMClientRequest.java:236) ~[ozone-manager-1.3.0-SNAPSHOT.jar:?]
	at org.apache.hadoop.ozone.om.request.key.OMKeyDeleteRequestWithFSO.validateAndUpdateCache(OMKeyDeleteRequestWithFSO.java:103) ~[ozone-manager-1.3.0-SNAPSHOT.jar:?]
	at org.apache.hadoop.ozone.protocolPB.OzoneManagerRequestHandler.handleWriteRequest(OzoneManagerRequestHandler.java:311) ~[ozone-manager-1.3.0-SNAPSHOT.jar:?]
	at org.apache.hadoop.ozone.om.ratis.OzoneManagerStateMachine.runCommand(OzoneManagerStateMachine.java:529) ~[ozone-manager-1.3.0-SNAPSHOT.jar:?]
	at org.apache.hadoop.ozone.om.ratis.OzoneManagerStateMachine.lambda$1(OzoneManagerStateMachine.java:324) ~[ozone-manager-1.3.0-SNAPSHOT.jar:?]
	at java.util.concurrent.CompletableFuture$AsyncSupply.run(CompletableFuture.java:1604) [?:1.8.0_345]
	at java.util.concurrent.ThreadPoolExecutor.runWorker(ThreadPoolExecutor.java:1149) [?:1.8.0_345]
	at java.util.concurrent.ThreadPoolExecutor$Worker.run(ThreadPoolExecutor.java:624) [?:1.8.0_345]
	at java.lang.Thread.run(Thread.java:750) [?:1.8.0_345]
2022-10-11 08:13:00,985 [OM StateMachine ApplyTransaction Thread - 0] ERROR key.OMKeyDeleteRequestWithFSO (OMKeyDeleteRequestWithFSO.java:validateAndUpdateCache(201)) - Key delete failed. Volume:volume56107, Bucket:bucket11984, Key:testBatchDelete/parent.
KEY_NOT_FOUND org.apache.hadoop.ozone.om.exceptions.OMException: Unable to get file status: volume: volume56107 bucket: bucket11984 key: testBatchDelete/parent
	at org.apache.hadoop.ozone.om.OzonePrefixPathImpl.<init>(OzonePrefixPathImpl.java:67)
	at org.apache.hadoop.ozone.om.request.OMClientRequest.checkACLsWithFSO(OMClientRequest.java:236)
	at org.apache.hadoop.ozone.om.request.key.OMKeyDeleteRequestWithFSO.validateAndUpdateCache(OMKeyDeleteRequestWithFSO.java:103)
	at org.apache.hadoop.ozone.protocolPB.OzoneManagerRequestHandler.handleWriteRequest(OzoneManagerRequestHandler.java:311)
	at org.apache.hadoop.ozone.om.ratis.OzoneManagerStateMachine.runCommand(OzoneManagerStateMachine.java:529)
	at org.apache.hadoop.ozone.om.ratis.OzoneManagerStateMachine.lambda$1(OzoneManagerStateMachine.java:324)
	at java.util.concurrent.CompletableFuture$AsyncSupply.run(CompletableFuture.java:1604)
	at java.util.concurrent.ThreadPoolExecutor.runWorker(ThreadPoolExecutor.java:1149)
	at java.util.concurrent.ThreadPoolExecutor$Worker.run(ThreadPoolExecutor.java:624)
	at java.lang.Thread.run(Thread.java:750)
2022-10-11 08:13:00,985 [Time-limited test] ERROR ozone.BasicOzoneClientAdapterImpl (BasicOzoneClientAdapterImpl.java:deleteObject(329)) - delete key failed Unable to get file status: volume: volume56107 bucket: bucket11984 key: testBatchDelete/parent
]]></system-out>
  </testcase>
  <testcase name="testFileDelete" classname="TestOzoneFileSystemWithFSO" time="0.129">
    <system-out><![CDATA[08:14:28.276 [IPC Server handler 13 on default port 40309] ERROR OMAudit - user=runner | ip=127.0.0.1 | op=GET_FILE_STATUS {volume=volume86011, bucket=bucket73886, key=testBatchDelete, dataSize=0, replicationConfig=null} | ret=FAILURE
org.apache.hadoop.ozone.om.exceptions.OMException: Unable to get file status: volume: volume86011 bucket: bucket73886 key: testBatchDelete
	at org.apache.hadoop.ozone.om.KeyManagerImpl.getOzoneFileStatusFSO(KeyManagerImpl.java:1336) ~[ozone-manager-1.3.0-SNAPSHOT.jar:?]
	at org.apache.hadoop.ozone.om.KeyManagerImpl.getFileStatus(KeyManagerImpl.java:1199) ~[ozone-manager-1.3.0-SNAPSHOT.jar:?]
	at org.apache.hadoop.ozone.om.OzoneManager.getFileStatus(OzoneManager.java:3570) ~[ozone-manager-1.3.0-SNAPSHOT.jar:?]
	at org.apache.hadoop.ozone.protocolPB.OzoneManagerRequestHandler.getOzoneFileStatus(OzoneManagerRequestHandler.java:907) ~[ozone-manager-1.3.0-SNAPSHOT.jar:?]
	at org.apache.hadoop.ozone.protocolPB.OzoneManagerRequestHandler.handleReadRequest(OzoneManagerRequestHandler.java:231) ~[ozone-manager-1.3.0-SNAPSHOT.jar:?]
	at org.apache.hadoop.ozone.protocolPB.OzoneManagerProtocolServerSideTranslatorPB.submitRequestDirectlyToOM(OzoneManagerProtocolServerSideTranslatorPB.java:276) ~[ozone-manager-1.3.0-SNAPSHOT.jar:?]
	at org.apache.hadoop.ozone.protocolPB.OzoneManagerProtocolServerSideTranslatorPB.processRequest(OzoneManagerProtocolServerSideTranslatorPB.java:205) ~[ozone-manager-1.3.0-SNAPSHOT.jar:?]
	at org.apache.hadoop.hdds.server.OzoneProtocolMessageDispatcher.processRequest(OzoneProtocolMessageDispatcher.java:87) [hdds-server-framework-1.3.0-SNAPSHOT.jar:?]
	at org.apache.hadoop.ozone.protocolPB.OzoneManagerProtocolServerSideTranslatorPB.submitRequest(OzoneManagerProtocolServerSideTranslatorPB.java:147) [ozone-manager-1.3.0-SNAPSHOT.jar:?]
	at org.apache.hadoop.ozone.protocol.proto.OzoneManagerProtocolProtos$OzoneManagerService$2.callBlockingMethod(OzoneManagerProtocolProtos.java) [ozone-interface-client-1.3.0-SNAPSHOT.jar:?]
	at org.apache.hadoop.ipc.ProtobufRpcEngine$Server.processCall(ProtobufRpcEngine.java:466) [hadoop-common-3.3.1.jar:?]
	at org.apache.hadoop.ipc.ProtobufRpcEngine2$Server$ProtoBufRpcInvoker.call(ProtobufRpcEngine2.java:574) [hadoop-common-3.3.1.jar:?]
	at org.apache.hadoop.ipc.ProtobufRpcEngine2$Server$ProtoBufRpcInvoker.call(ProtobufRpcEngine2.java:552) [hadoop-common-3.3.1.jar:?]
	at org.apache.hadoop.ipc.RPC$Server.call(RPC.java:1093) [hadoop-common-3.3.1.jar:?]
	at org.apache.hadoop.ipc.Server$RpcCall.run(Server.java:1035) [hadoop-common-3.3.1.jar:?]
	at org.apache.hadoop.ipc.Server$RpcCall.run(Server.java:963) [hadoop-common-3.3.1.jar:?]
	at java.security.AccessController.doPrivileged(Native Method) ~[?:1.8.0_345]
	at javax.security.auth.Subject.doAs(Subject.java:422) [?:1.8.0_345]
	at org.apache.hadoop.security.UserGroupInformation.doAs(UserGroupInformation.java:1878) [hadoop-common-3.3.1.jar:?]
	at org.apache.hadoop.ipc.Server$Handler.run(Server.java:2966) [hadoop-common-3.3.1.jar:?]
2022-10-11 08:14:28,276 [Time-limited test] WARN  ozone.BasicOzoneFileSystem (BasicOzoneFileSystem.java:getFileStatus(765)) - GetFileStatus failed for path /testBatchDelete
java.io.FileNotFoundException: testBatchDelete: No such file or directory!
	at org.apache.hadoop.fs.ozone.BasicOzoneClientAdapterImpl.getFileStatus(BasicOzoneClientAdapterImpl.java:369)
	at org.apache.hadoop.fs.ozone.BasicOzoneFileSystem.getFileStatus(BasicOzoneFileSystem.java:757)
	at org.apache.hadoop.fs.FileSystem.exists(FileSystem.java:1760)
	at org.apache.hadoop.fs.ozone.BasicOzoneFileSystem.exists(BasicOzoneFileSystem.java:804)
	at org.apache.hadoop.fs.ozone.TestOzoneFileSystem.testFileDelete(TestOzoneFileSystem.java:530)
	at sun.reflect.NativeMethodAccessorImpl.invoke0(Native Method)
	at sun.reflect.NativeMethodAccessorImpl.invoke(NativeMethodAccessorImpl.java:62)
	at sun.reflect.DelegatingMethodAccessorImpl.invoke(DelegatingMethodAccessorImpl.java:43)
	at java.lang.reflect.Method.invoke(Method.java:498)
	at org.junit.runners.model.FrameworkMethod$1.runReflectiveCall(FrameworkMethod.java:59)
	at org.junit.internal.runners.model.ReflectiveCallable.run(ReflectiveCallable.java:12)
	at org.junit.runners.model.FrameworkMethod.invokeExplosively(FrameworkMethod.java:56)
	at org.junit.internal.runners.statements.InvokeMethod.evaluate(InvokeMethod.java:17)
	at org.junit.internal.runners.statements.RunAfters.evaluate(RunAfters.java:27)
	at org.junit.internal.runners.statements.FailOnTimeout$CallableStatement.call(FailOnTimeout.java:288)
	at org.junit.internal.runners.statements.FailOnTimeout$CallableStatement.call(FailOnTimeout.java:282)
	at java.util.concurrent.FutureTask.run(FutureTask.java:266)
	at java.lang.Thread.run(Thread.java:750)
08:14:28.277 [IPC Server handler 14 on default port 40309] ERROR OMAudit - user=runner | ip=127.0.0.1 | op=GET_FILE_STATUS {volume=volume86011, bucket=bucket73886, key=testBatchDelete/parent/child0, dataSize=0, replicationConfig=null} | ret=FAILURE
org.apache.hadoop.ozone.om.exceptions.OMException: Unable to get file status: volume: volume86011 bucket: bucket73886 key: testBatchDelete/parent/child0
	at org.apache.hadoop.ozone.om.KeyManagerImpl.getOzoneFileStatusFSO(KeyManagerImpl.java:1336) ~[ozone-manager-1.3.0-SNAPSHOT.jar:?]
	at org.apache.hadoop.ozone.om.KeyManagerImpl.getFileStatus(KeyManagerImpl.java:1199) ~[ozone-manager-1.3.0-SNAPSHOT.jar:?]
	at org.apache.hadoop.ozone.om.OzoneManager.getFileStatus(OzoneManager.java:3570) ~[ozone-manager-1.3.0-SNAPSHOT.jar:?]
	at org.apache.hadoop.ozone.protocolPB.OzoneManagerRequestHandler.getOzoneFileStatus(OzoneManagerRequestHandler.java:907) ~[ozone-manager-1.3.0-SNAPSHOT.jar:?]
	at org.apache.hadoop.ozone.protocolPB.OzoneManagerRequestHandler.handleReadRequest(OzoneManagerRequestHandler.java:231) ~[ozone-manager-1.3.0-SNAPSHOT.jar:?]
	at org.apache.hadoop.ozone.protocolPB.OzoneManagerProtocolServerSideTranslatorPB.submitRequestDirectlyToOM(OzoneManagerProtocolServerSideTranslatorPB.java:276) ~[ozone-manager-1.3.0-SNAPSHOT.jar:?]
	at org.apache.hadoop.ozone.protocolPB.OzoneManagerProtocolServerSideTranslatorPB.processRequest(OzoneManagerProtocolServerSideTranslatorPB.java:205) ~[ozone-manager-1.3.0-SNAPSHOT.jar:?]
	at org.apache.hadoop.hdds.server.OzoneProtocolMessageDispatcher.processRequest(OzoneProtocolMessageDispatcher.java:87) [hdds-server-framework-1.3.0-SNAPSHOT.jar:?]
	at org.apache.hadoop.ozone.protocolPB.OzoneManagerProtocolServerSideTranslatorPB.submitRequest(OzoneManagerProtocolServerSideTranslatorPB.java:147) [ozone-manager-1.3.0-SNAPSHOT.jar:?]
	at org.apache.hadoop.ozone.protocol.proto.OzoneManagerProtocolProtos$OzoneManagerService$2.callBlockingMethod(OzoneManagerProtocolProtos.java) [ozone-interface-client-1.3.0-SNAPSHOT.jar:?]
	at org.apache.hadoop.ipc.ProtobufRpcEngine$Server.processCall(ProtobufRpcEngine.java:466) [hadoop-common-3.3.1.jar:?]
	at org.apache.hadoop.ipc.ProtobufRpcEngine2$Server$ProtoBufRpcInvoker.call(ProtobufRpcEngine2.java:574) [hadoop-common-3.3.1.jar:?]
	at org.apache.hadoop.ipc.ProtobufRpcEngine2$Server$ProtoBufRpcInvoker.call(ProtobufRpcEngine2.java:552) [hadoop-common-3.3.1.jar:?]
	at org.apache.hadoop.ipc.RPC$Server.call(RPC.java:1093) [hadoop-common-3.3.1.jar:?]
	at org.apache.hadoop.ipc.Server$RpcCall.run(Server.java:1035) [hadoop-common-3.3.1.jar:?]
	at org.apache.hadoop.ipc.Server$RpcCall.run(Server.java:963) [hadoop-common-3.3.1.jar:?]
	at java.security.AccessController.doPrivileged(Native Method) ~[?:1.8.0_345]
	at javax.security.auth.Subject.doAs(Subject.java:422) [?:1.8.0_345]
	at org.apache.hadoop.security.UserGroupInformation.doAs(UserGroupInformation.java:1878) [hadoop-common-3.3.1.jar:?]
	at org.apache.hadoop.ipc.Server$Handler.run(Server.java:2966) [hadoop-common-3.3.1.jar:?]
2022-10-11 08:14:28,278 [Time-limited test] WARN  ozone.BasicOzoneFileSystem (BasicOzoneFileSystem.java:getFileStatus(765)) - GetFileStatus failed for path /testBatchDelete/parent/child0
java.io.FileNotFoundException: testBatchDelete/parent/child0: No such file or directory!
	at org.apache.hadoop.fs.ozone.BasicOzoneClientAdapterImpl.getFileStatus(BasicOzoneClientAdapterImpl.java:369)
	at org.apache.hadoop.fs.ozone.BasicOzoneFileSystem.getFileStatus(BasicOzoneFileSystem.java:757)
	at org.apache.hadoop.fs.FileSystem.exists(FileSystem.java:1760)
	at org.apache.hadoop.fs.ozone.BasicOzoneFileSystem.exists(BasicOzoneFileSystem.java:804)
	at org.apache.hadoop.fs.ozone.TestOzoneFileSystem.testFileDelete(TestOzoneFileSystem.java:534)
	at sun.reflect.NativeMethodAccessorImpl.invoke0(Native Method)
	at sun.reflect.NativeMethodAccessorImpl.invoke(NativeMethodAccessorImpl.java:62)
	at sun.reflect.DelegatingMethodAccessorImpl.invoke(DelegatingMethodAccessorImpl.java:43)
	at java.lang.reflect.Method.invoke(Method.java:498)
	at org.junit.runners.model.FrameworkMethod$1.runReflectiveCall(FrameworkMethod.java:59)
	at org.junit.internal.runners.model.ReflectiveCallable.run(ReflectiveCallable.java:12)
	at org.junit.runners.model.FrameworkMethod.invokeExplosively(FrameworkMethod.java:56)
	at org.junit.internal.runners.statements.InvokeMethod.evaluate(InvokeMethod.java:17)
	at org.junit.internal.runners.statements.RunAfters.evaluate(RunAfters.java:27)
	at org.junit.internal.runners.statements.FailOnTimeout$CallableStatement.call(FailOnTimeout.java:288)
	at org.junit.internal.runners.statements.FailOnTimeout$CallableStatement.call(FailOnTimeout.java:282)
	at java.util.concurrent.FutureTask.run(FutureTask.java:266)
	at java.lang.Thread.run(Thread.java:750)
08:14:28.278 [IPC Server handler 15 on default port 40309] ERROR OMAudit - user=runner | ip=127.0.0.1 | op=GET_FILE_STATUS {volume=volume86011, bucket=bucket73886, key=testBatchDelete/parent/childFolder/child0, dataSize=0, replicationConfig=null} | ret=FAILURE
org.apache.hadoop.ozone.om.exceptions.OMException: Unable to get file status: volume: volume86011 bucket: bucket73886 key: testBatchDelete/parent/childFolder/child0
	at org.apache.hadoop.ozone.om.KeyManagerImpl.getOzoneFileStatusFSO(KeyManagerImpl.java:1336) ~[ozone-manager-1.3.0-SNAPSHOT.jar:?]
	at org.apache.hadoop.ozone.om.KeyManagerImpl.getFileStatus(KeyManagerImpl.java:1199) ~[ozone-manager-1.3.0-SNAPSHOT.jar:?]
	at org.apache.hadoop.ozone.om.OzoneManager.getFileStatus(OzoneManager.java:3570) ~[ozone-manager-1.3.0-SNAPSHOT.jar:?]
	at org.apache.hadoop.ozone.protocolPB.OzoneManagerRequestHandler.getOzoneFileStatus(OzoneManagerRequestHandler.java:907) ~[ozone-manager-1.3.0-SNAPSHOT.jar:?]
	at org.apache.hadoop.ozone.protocolPB.OzoneManagerRequestHandler.handleReadRequest(OzoneManagerRequestHandler.java:231) ~[ozone-manager-1.3.0-SNAPSHOT.jar:?]
	at org.apache.hadoop.ozone.protocolPB.OzoneManagerProtocolServerSideTranslatorPB.submitRequestDirectlyToOM(OzoneManagerProtocolServerSideTranslatorPB.java:276) ~[ozone-manager-1.3.0-SNAPSHOT.jar:?]
	at org.apache.hadoop.ozone.protocolPB.OzoneManagerProtocolServerSideTranslatorPB.processRequest(OzoneManagerProtocolServerSideTranslatorPB.java:205) ~[ozone-manager-1.3.0-SNAPSHOT.jar:?]
	at org.apache.hadoop.hdds.server.OzoneProtocolMessageDispatcher.processRequest(OzoneProtocolMessageDispatcher.java:87) [hdds-server-framework-1.3.0-SNAPSHOT.jar:?]
	at org.apache.hadoop.ozone.protocolPB.OzoneManagerProtocolServerSideTranslatorPB.submitRequest(OzoneManagerProtocolServerSideTranslatorPB.java:147) [ozone-manager-1.3.0-SNAPSHOT.jar:?]
	at org.apache.hadoop.ozone.protocol.proto.OzoneManagerProtocolProtos$OzoneManagerService$2.callBlockingMethod(OzoneManagerProtocolProtos.java) [ozone-interface-client-1.3.0-SNAPSHOT.jar:?]
	at org.apache.hadoop.ipc.ProtobufRpcEngine$Server.processCall(ProtobufRpcEngine.java:466) [hadoop-common-3.3.1.jar:?]
	at org.apache.hadoop.ipc.ProtobufRpcEngine2$Server$ProtoBufRpcInvoker.call(ProtobufRpcEngine2.java:574) [hadoop-common-3.3.1.jar:?]
	at org.apache.hadoop.ipc.ProtobufRpcEngine2$Server$ProtoBufRpcInvoker.call(ProtobufRpcEngine2.java:552) [hadoop-common-3.3.1.jar:?]
	at org.apache.hadoop.ipc.RPC$Server.call(RPC.java:1093) [hadoop-common-3.3.1.jar:?]
	at org.apache.hadoop.ipc.Server$RpcCall.run(Server.java:1035) [hadoop-common-3.3.1.jar:?]
	at org.apache.hadoop.ipc.Server$RpcCall.run(Server.java:963) [hadoop-common-3.3.1.jar:?]
	at java.security.AccessController.doPrivileged(Native Method) ~[?:1.8.0_345]
	at javax.security.auth.Subject.doAs(Subject.java:422) [?:1.8.0_345]
	at org.apache.hadoop.security.UserGroupInformation.doAs(UserGroupInformation.java:1878) [hadoop-common-3.3.1.jar:?]
	at org.apache.hadoop.ipc.Server$Handler.run(Server.java:2966) [hadoop-common-3.3.1.jar:?]
2022-10-11 08:14:28,278 [Time-limited test] WARN  ozone.BasicOzoneFileSystem (BasicOzoneFileSystem.java:getFileStatus(765)) - GetFileStatus failed for path /testBatchDelete/parent/childFolder/child0
java.io.FileNotFoundException: testBatchDelete/parent/childFolder/child0: No such file or directory!
	at org.apache.hadoop.fs.ozone.BasicOzoneClientAdapterImpl.getFileStatus(BasicOzoneClientAdapterImpl.java:369)
	at org.apache.hadoop.fs.ozone.BasicOzoneFileSystem.getFileStatus(BasicOzoneFileSystem.java:757)
	at org.apache.hadoop.fs.FileSystem.exists(FileSystem.java:1760)
	at org.apache.hadoop.fs.ozone.BasicOzoneFileSystem.exists(BasicOzoneFileSystem.java:804)
	at org.apache.hadoop.fs.ozone.TestOzoneFileSystem.testFileDelete(TestOzoneFileSystem.java:539)
	at sun.reflect.NativeMethodAccessorImpl.invoke0(Native Method)
	at sun.reflect.NativeMethodAccessorImpl.invoke(NativeMethodAccessorImpl.java:62)
	at sun.reflect.DelegatingMethodAccessorImpl.invoke(DelegatingMethodAccessorImpl.java:43)
	at java.lang.reflect.Method.invoke(Method.java:498)
	at org.junit.runners.model.FrameworkMethod$1.runReflectiveCall(FrameworkMethod.java:59)
	at org.junit.internal.runners.model.ReflectiveCallable.run(ReflectiveCallable.java:12)
	at org.junit.runners.model.FrameworkMethod.invokeExplosively(FrameworkMethod.java:56)
	at org.junit.internal.runners.statements.InvokeMethod.evaluate(InvokeMethod.java:17)
	at org.junit.internal.runners.statements.RunAfters.evaluate(RunAfters.java:27)
	at org.junit.internal.runners.statements.FailOnTimeout$CallableStatement.call(FailOnTimeout.java:288)
	at org.junit.internal.runners.statements.FailOnTimeout$CallableStatement.call(FailOnTimeout.java:282)
	at java.util.concurrent.FutureTask.run(FutureTask.java:266)
	at java.lang.Thread.run(Thread.java:750)
08:14:28.279 [IPC Server handler 16 on default port 40309] ERROR OMAudit - user=runner | ip=127.0.0.1 | op=GET_FILE_STATUS {volume=volume86011, bucket=bucket73886, key=testBatchDelete/parent/child1, dataSize=0, replicationConfig=null} | ret=FAILURE
org.apache.hadoop.ozone.om.exceptions.OMException: Unable to get file status: volume: volume86011 bucket: bucket73886 key: testBatchDelete/parent/child1
	at org.apache.hadoop.ozone.om.KeyManagerImpl.getOzoneFileStatusFSO(KeyManagerImpl.java:1336) ~[ozone-manager-1.3.0-SNAPSHOT.jar:?]
	at org.apache.hadoop.ozone.om.KeyManagerImpl.getFileStatus(KeyManagerImpl.java:1199) ~[ozone-manager-1.3.0-SNAPSHOT.jar:?]
	at org.apache.hadoop.ozone.om.OzoneManager.getFileStatus(OzoneManager.java:3570) ~[ozone-manager-1.3.0-SNAPSHOT.jar:?]
	at org.apache.hadoop.ozone.protocolPB.OzoneManagerRequestHandler.getOzoneFileStatus(OzoneManagerRequestHandler.java:907) ~[ozone-manager-1.3.0-SNAPSHOT.jar:?]
	at org.apache.hadoop.ozone.protocolPB.OzoneManagerRequestHandler.handleReadRequest(OzoneManagerRequestHandler.java:231) ~[ozone-manager-1.3.0-SNAPSHOT.jar:?]
	at org.apache.hadoop.ozone.protocolPB.OzoneManagerProtocolServerSideTranslatorPB.submitRequestDirectlyToOM(OzoneManagerProtocolServerSideTranslatorPB.java:276) ~[ozone-manager-1.3.0-SNAPSHOT.jar:?]
	at org.apache.hadoop.ozone.protocolPB.OzoneManagerProtocolServerSideTranslatorPB.processRequest(OzoneManagerProtocolServerSideTranslatorPB.java:205) ~[ozone-manager-1.3.0-SNAPSHOT.jar:?]
	at org.apache.hadoop.hdds.server.OzoneProtocolMessageDispatcher.processRequest(OzoneProtocolMessageDispatcher.java:87) [hdds-server-framework-1.3.0-SNAPSHOT.jar:?]
	at org.apache.hadoop.ozone.protocolPB.OzoneManagerProtocolServerSideTranslatorPB.submitRequest(OzoneManagerProtocolServerSideTranslatorPB.java:147) [ozone-manager-1.3.0-SNAPSHOT.jar:?]
	at org.apache.hadoop.ozone.protocol.proto.OzoneManagerProtocolProtos$OzoneManagerService$2.callBlockingMethod(OzoneManagerProtocolProtos.java) [ozone-interface-client-1.3.0-SNAPSHOT.jar:?]
	at org.apache.hadoop.ipc.ProtobufRpcEngine$Server.processCall(ProtobufRpcEngine.java:466) [hadoop-common-3.3.1.jar:?]
	at org.apache.hadoop.ipc.ProtobufRpcEngine2$Server$ProtoBufRpcInvoker.call(ProtobufRpcEngine2.java:574) [hadoop-common-3.3.1.jar:?]
	at org.apache.hadoop.ipc.ProtobufRpcEngine2$Server$ProtoBufRpcInvoker.call(ProtobufRpcEngine2.java:552) [hadoop-common-3.3.1.jar:?]
	at org.apache.hadoop.ipc.RPC$Server.call(RPC.java:1093) [hadoop-common-3.3.1.jar:?]
	at org.apache.hadoop.ipc.Server$RpcCall.run(Server.java:1035) [hadoop-common-3.3.1.jar:?]
	at org.apache.hadoop.ipc.Server$RpcCall.run(Server.java:963) [hadoop-common-3.3.1.jar:?]
	at java.security.AccessController.doPrivileged(Native Method) ~[?:1.8.0_345]
	at javax.security.auth.Subject.doAs(Subject.java:422) [?:1.8.0_345]
	at org.apache.hadoop.security.UserGroupInformation.doAs(UserGroupInformation.java:1878) [hadoop-common-3.3.1.jar:?]
	at org.apache.hadoop.ipc.Server$Handler.run(Server.java:2966) [hadoop-common-3.3.1.jar:?]
2022-10-11 08:14:28,279 [Time-limited test] WARN  ozone.BasicOzoneFileSystem (BasicOzoneFileSystem.java:getFileStatus(765)) - GetFileStatus failed for path /testBatchDelete/parent/child1
java.io.FileNotFoundException: testBatchDelete/parent/child1: No such file or directory!
	at org.apache.hadoop.fs.ozone.BasicOzoneClientAdapterImpl.getFileStatus(BasicOzoneClientAdapterImpl.java:369)
	at org.apache.hadoop.fs.ozone.BasicOzoneFileSystem.getFileStatus(BasicOzoneFileSystem.java:757)
	at org.apache.hadoop.fs.FileSystem.exists(FileSystem.java:1760)
	at org.apache.hadoop.fs.ozone.BasicOzoneFileSystem.exists(BasicOzoneFileSystem.java:804)
	at org.apache.hadoop.fs.ozone.TestOzoneFileSystem.testFileDelete(TestOzoneFileSystem.java:534)
	at sun.reflect.NativeMethodAccessorImpl.invoke0(Native Method)
	at sun.reflect.NativeMethodAccessorImpl.invoke(NativeMethodAccessorImpl.java:62)
	at sun.reflect.DelegatingMethodAccessorImpl.invoke(DelegatingMethodAccessorImpl.java:43)
	at java.lang.reflect.Method.invoke(Method.java:498)
	at org.junit.runners.model.FrameworkMethod$1.runReflectiveCall(FrameworkMethod.java:59)
	at org.junit.internal.runners.model.ReflectiveCallable.run(ReflectiveCallable.java:12)
	at org.junit.runners.model.FrameworkMethod.invokeExplosively(FrameworkMethod.java:56)
	at org.junit.internal.runners.statements.InvokeMethod.evaluate(InvokeMethod.java:17)
	at org.junit.internal.runners.statements.RunAfters.evaluate(RunAfters.java:27)
	at org.junit.internal.runners.statements.FailOnTimeout$CallableStatement.call(FailOnTimeout.java:288)
	at org.junit.internal.runners.statements.FailOnTimeout$CallableStatement.call(FailOnTimeout.java:282)
	at java.util.concurrent.FutureTask.run(FutureTask.java:266)
	at java.lang.Thread.run(Thread.java:750)
08:14:28.280 [IPC Server handler 17 on default port 40309] ERROR OMAudit - user=runner | ip=127.0.0.1 | op=GET_FILE_STATUS {volume=volume86011, bucket=bucket73886, key=testBatchDelete/parent/childFolder/child1, dataSize=0, replicationConfig=null} | ret=FAILURE
org.apache.hadoop.ozone.om.exceptions.OMException: Unable to get file status: volume: volume86011 bucket: bucket73886 key: testBatchDelete/parent/childFolder/child1
	at org.apache.hadoop.ozone.om.KeyManagerImpl.getOzoneFileStatusFSO(KeyManagerImpl.java:1336) ~[ozone-manager-1.3.0-SNAPSHOT.jar:?]
	at org.apache.hadoop.ozone.om.KeyManagerImpl.getFileStatus(KeyManagerImpl.java:1199) ~[ozone-manager-1.3.0-SNAPSHOT.jar:?]
	at org.apache.hadoop.ozone.om.OzoneManager.getFileStatus(OzoneManager.java:3570) ~[ozone-manager-1.3.0-SNAPSHOT.jar:?]
	at org.apache.hadoop.ozone.protocolPB.OzoneManagerRequestHandler.getOzoneFileStatus(OzoneManagerRequestHandler.java:907) ~[ozone-manager-1.3.0-SNAPSHOT.jar:?]
	at org.apache.hadoop.ozone.protocolPB.OzoneManagerRequestHandler.handleReadRequest(OzoneManagerRequestHandler.java:231) ~[ozone-manager-1.3.0-SNAPSHOT.jar:?]
	at org.apache.hadoop.ozone.protocolPB.OzoneManagerProtocolServerSideTranslatorPB.submitRequestDirectlyToOM(OzoneManagerProtocolServerSideTranslatorPB.java:276) ~[ozone-manager-1.3.0-SNAPSHOT.jar:?]
	at org.apache.hadoop.ozone.protocolPB.OzoneManagerProtocolServerSideTranslatorPB.processRequest(OzoneManagerProtocolServerSideTranslatorPB.java:205) ~[ozone-manager-1.3.0-SNAPSHOT.jar:?]
	at org.apache.hadoop.hdds.server.OzoneProtocolMessageDispatcher.processRequest(OzoneProtocolMessageDispatcher.java:87) [hdds-server-framework-1.3.0-SNAPSHOT.jar:?]
	at org.apache.hadoop.ozone.protocolPB.OzoneManagerProtocolServerSideTranslatorPB.submitRequest(OzoneManagerProtocolServerSideTranslatorPB.java:147) [ozone-manager-1.3.0-SNAPSHOT.jar:?]
	at org.apache.hadoop.ozone.protocol.proto.OzoneManagerProtocolProtos$OzoneManagerService$2.callBlockingMethod(OzoneManagerProtocolProtos.java) [ozone-interface-client-1.3.0-SNAPSHOT.jar:?]
	at org.apache.hadoop.ipc.ProtobufRpcEngine$Server.processCall(ProtobufRpcEngine.java:466) [hadoop-common-3.3.1.jar:?]
	at org.apache.hadoop.ipc.ProtobufRpcEngine2$Server$ProtoBufRpcInvoker.call(ProtobufRpcEngine2.java:574) [hadoop-common-3.3.1.jar:?]
	at org.apache.hadoop.ipc.ProtobufRpcEngine2$Server$ProtoBufRpcInvoker.call(ProtobufRpcEngine2.java:552) [hadoop-common-3.3.1.jar:?]
	at org.apache.hadoop.ipc.RPC$Server.call(RPC.java:1093) [hadoop-common-3.3.1.jar:?]
	at org.apache.hadoop.ipc.Server$RpcCall.run(Server.java:1035) [hadoop-common-3.3.1.jar:?]
	at org.apache.hadoop.ipc.Server$RpcCall.run(Server.java:963) [hadoop-common-3.3.1.jar:?]
	at java.security.AccessController.doPrivileged(Native Method) ~[?:1.8.0_345]
	at javax.security.auth.Subject.doAs(Subject.java:422) [?:1.8.0_345]
	at org.apache.hadoop.security.UserGroupInformation.doAs(UserGroupInformation.java:1878) [hadoop-common-3.3.1.jar:?]
	at org.apache.hadoop.ipc.Server$Handler.run(Server.java:2966) [hadoop-common-3.3.1.jar:?]
2022-10-11 08:14:28,280 [Time-limited test] WARN  ozone.BasicOzoneFileSystem (BasicOzoneFileSystem.java:getFileStatus(765)) - GetFileStatus failed for path /testBatchDelete/parent/childFolder/child1
java.io.FileNotFoundException: testBatchDelete/parent/childFolder/child1: No such file or directory!
	at org.apache.hadoop.fs.ozone.BasicOzoneClientAdapterImpl.getFileStatus(BasicOzoneClientAdapterImpl.java:369)
	at org.apache.hadoop.fs.ozone.BasicOzoneFileSystem.getFileStatus(BasicOzoneFileSystem.java:757)
	at org.apache.hadoop.fs.FileSystem.exists(FileSystem.java:1760)
	at org.apache.hadoop.fs.ozone.BasicOzoneFileSystem.exists(BasicOzoneFileSystem.java:804)
	at org.apache.hadoop.fs.ozone.TestOzoneFileSystem.testFileDelete(TestOzoneFileSystem.java:539)
	at sun.reflect.NativeMethodAccessorImpl.invoke0(Native Method)
	at sun.reflect.NativeMethodAccessorImpl.invoke(NativeMethodAccessorImpl.java:62)
	at sun.reflect.DelegatingMethodAccessorImpl.invoke(DelegatingMethodAccessorImpl.java:43)
	at java.lang.reflect.Method.invoke(Method.java:498)
	at org.junit.runners.model.FrameworkMethod$1.runReflectiveCall(FrameworkMethod.java:59)
	at org.junit.internal.runners.model.ReflectiveCallable.run(ReflectiveCallable.java:12)
	at org.junit.runners.model.FrameworkMethod.invokeExplosively(FrameworkMethod.java:56)
	at org.junit.internal.runners.statements.InvokeMethod.evaluate(InvokeMethod.java:17)
	at org.junit.internal.runners.statements.RunAfters.evaluate(RunAfters.java:27)
	at org.junit.internal.runners.statements.FailOnTimeout$CallableStatement.call(FailOnTimeout.java:288)
	at org.junit.internal.runners.statements.FailOnTimeout$CallableStatement.call(FailOnTimeout.java:282)
	at java.util.concurrent.FutureTask.run(FutureTask.java:266)
	at java.lang.Thread.run(Thread.java:750)
08:14:28.281 [IPC Server handler 18 on default port 40309] ERROR OMAudit - user=runner | ip=127.0.0.1 | op=GET_FILE_STATUS {volume=volume86011, bucket=bucket73886, key=testBatchDelete/parent/child2, dataSize=0, replicationConfig=null} | ret=FAILURE
org.apache.hadoop.ozone.om.exceptions.OMException: Unable to get file status: volume: volume86011 bucket: bucket73886 key: testBatchDelete/parent/child2
	at org.apache.hadoop.ozone.om.KeyManagerImpl.getOzoneFileStatusFSO(KeyManagerImpl.java:1336) ~[ozone-manager-1.3.0-SNAPSHOT.jar:?]
	at org.apache.hadoop.ozone.om.KeyManagerImpl.getFileStatus(KeyManagerImpl.java:1199) ~[ozone-manager-1.3.0-SNAPSHOT.jar:?]
	at org.apache.hadoop.ozone.om.OzoneManager.getFileStatus(OzoneManager.java:3570) ~[ozone-manager-1.3.0-SNAPSHOT.jar:?]
	at org.apache.hadoop.ozone.protocolPB.OzoneManagerRequestHandler.getOzoneFileStatus(OzoneManagerRequestHandler.java:907) ~[ozone-manager-1.3.0-SNAPSHOT.jar:?]
	at org.apache.hadoop.ozone.protocolPB.OzoneManagerRequestHandler.handleReadRequest(OzoneManagerRequestHandler.java:231) ~[ozone-manager-1.3.0-SNAPSHOT.jar:?]
	at org.apache.hadoop.ozone.protocolPB.OzoneManagerProtocolServerSideTranslatorPB.submitRequestDirectlyToOM(OzoneManagerProtocolServerSideTranslatorPB.java:276) ~[ozone-manager-1.3.0-SNAPSHOT.jar:?]
	at org.apache.hadoop.ozone.protocolPB.OzoneManagerProtocolServerSideTranslatorPB.processRequest(OzoneManagerProtocolServerSideTranslatorPB.java:205) ~[ozone-manager-1.3.0-SNAPSHOT.jar:?]
	at org.apache.hadoop.hdds.server.OzoneProtocolMessageDispatcher.processRequest(OzoneProtocolMessageDispatcher.java:87) [hdds-server-framework-1.3.0-SNAPSHOT.jar:?]
	at org.apache.hadoop.ozone.protocolPB.OzoneManagerProtocolServerSideTranslatorPB.submitRequest(OzoneManagerProtocolServerSideTranslatorPB.java:147) [ozone-manager-1.3.0-SNAPSHOT.jar:?]
	at org.apache.hadoop.ozone.protocol.proto.OzoneManagerProtocolProtos$OzoneManagerService$2.callBlockingMethod(OzoneManagerProtocolProtos.java) [ozone-interface-client-1.3.0-SNAPSHOT.jar:?]
	at org.apache.hadoop.ipc.ProtobufRpcEngine$Server.processCall(ProtobufRpcEngine.java:466) [hadoop-common-3.3.1.jar:?]
	at org.apache.hadoop.ipc.ProtobufRpcEngine2$Server$ProtoBufRpcInvoker.call(ProtobufRpcEngine2.java:574) [hadoop-common-3.3.1.jar:?]
	at org.apache.hadoop.ipc.ProtobufRpcEngine2$Server$ProtoBufRpcInvoker.call(ProtobufRpcEngine2.java:552) [hadoop-common-3.3.1.jar:?]
	at org.apache.hadoop.ipc.RPC$Server.call(RPC.java:1093) [hadoop-common-3.3.1.jar:?]
	at org.apache.hadoop.ipc.Server$RpcCall.run(Server.java:1035) [hadoop-common-3.3.1.jar:?]
	at org.apache.hadoop.ipc.Server$RpcCall.run(Server.java:963) [hadoop-common-3.3.1.jar:?]
	at java.security.AccessController.doPrivileged(Native Method) ~[?:1.8.0_345]
	at javax.security.auth.Subject.doAs(Subject.java:422) [?:1.8.0_345]
	at org.apache.hadoop.security.UserGroupInformation.doAs(UserGroupInformation.java:1878) [hadoop-common-3.3.1.jar:?]
	at org.apache.hadoop.ipc.Server$Handler.run(Server.java:2966) [hadoop-common-3.3.1.jar:?]
2022-10-11 08:14:28,282 [Time-limited test] WARN  ozone.BasicOzoneFileSystem (BasicOzoneFileSystem.java:getFileStatus(765)) - GetFileStatus failed for path /testBatchDelete/parent/child2
java.io.FileNotFoundException: testBatchDelete/parent/child2: No such file or directory!
	at org.apache.hadoop.fs.ozone.BasicOzoneClientAdapterImpl.getFileStatus(BasicOzoneClientAdapterImpl.java:369)
	at org.apache.hadoop.fs.ozone.BasicOzoneFileSystem.getFileStatus(BasicOzoneFileSystem.java:757)
	at org.apache.hadoop.fs.FileSystem.exists(FileSystem.java:1760)
	at org.apache.hadoop.fs.ozone.BasicOzoneFileSystem.exists(BasicOzoneFileSystem.java:804)
	at org.apache.hadoop.fs.ozone.TestOzoneFileSystem.testFileDelete(TestOzoneFileSystem.java:534)
	at sun.reflect.NativeMethodAccessorImpl.invoke0(Native Method)
	at sun.reflect.NativeMethodAccessorImpl.invoke(NativeMethodAccessorImpl.java:62)
	at sun.reflect.DelegatingMethodAccessorImpl.invoke(DelegatingMethodAccessorImpl.java:43)
	at java.lang.reflect.Method.invoke(Method.java:498)
	at org.junit.runners.model.FrameworkMethod$1.runReflectiveCall(FrameworkMethod.java:59)
	at org.junit.internal.runners.model.ReflectiveCallable.run(ReflectiveCallable.java:12)
	at org.junit.runners.model.FrameworkMethod.invokeExplosively(FrameworkMethod.java:56)
	at org.junit.internal.runners.statements.InvokeMethod.evaluate(InvokeMethod.java:17)
	at org.junit.internal.runners.statements.RunAfters.evaluate(RunAfters.java:27)
	at org.junit.internal.runners.statements.FailOnTimeout$CallableStatement.call(FailOnTimeout.java:288)
	at org.junit.internal.runners.statements.FailOnTimeout$CallableStatement.call(FailOnTimeout.java:282)
	at java.util.concurrent.FutureTask.run(FutureTask.java:266)
	at java.lang.Thread.run(Thread.java:750)
08:14:28.283 [IPC Server handler 19 on default port 40309] ERROR OMAudit - user=runner | ip=127.0.0.1 | op=GET_FILE_STATUS {volume=volume86011, bucket=bucket73886, key=testBatchDelete/parent/childFolder/child2, dataSize=0, replicationConfig=null} | ret=FAILURE
org.apache.hadoop.ozone.om.exceptions.OMException: Unable to get file status: volume: volume86011 bucket: bucket73886 key: testBatchDelete/parent/childFolder/child2
	at org.apache.hadoop.ozone.om.KeyManagerImpl.getOzoneFileStatusFSO(KeyManagerImpl.java:1336) ~[ozone-manager-1.3.0-SNAPSHOT.jar:?]
	at org.apache.hadoop.ozone.om.KeyManagerImpl.getFileStatus(KeyManagerImpl.java:1199) ~[ozone-manager-1.3.0-SNAPSHOT.jar:?]
	at org.apache.hadoop.ozone.om.OzoneManager.getFileStatus(OzoneManager.java:3570) ~[ozone-manager-1.3.0-SNAPSHOT.jar:?]
	at org.apache.hadoop.ozone.protocolPB.OzoneManagerRequestHandler.getOzoneFileStatus(OzoneManagerRequestHandler.java:907) ~[ozone-manager-1.3.0-SNAPSHOT.jar:?]
	at org.apache.hadoop.ozone.protocolPB.OzoneManagerRequestHandler.handleReadRequest(OzoneManagerRequestHandler.java:231) ~[ozone-manager-1.3.0-SNAPSHOT.jar:?]
	at org.apache.hadoop.ozone.protocolPB.OzoneManagerProtocolServerSideTranslatorPB.submitRequestDirectlyToOM(OzoneManagerProtocolServerSideTranslatorPB.java:276) ~[ozone-manager-1.3.0-SNAPSHOT.jar:?]
	at org.apache.hadoop.ozone.protocolPB.OzoneManagerProtocolServerSideTranslatorPB.processRequest(OzoneManagerProtocolServerSideTranslatorPB.java:205) ~[ozone-manager-1.3.0-SNAPSHOT.jar:?]
	at org.apache.hadoop.hdds.server.OzoneProtocolMessageDispatcher.processRequest(OzoneProtocolMessageDispatcher.java:87) [hdds-server-framework-1.3.0-SNAPSHOT.jar:?]
	at org.apache.hadoop.ozone.protocolPB.OzoneManagerProtocolServerSideTranslatorPB.submitRequest(OzoneManagerProtocolServerSideTranslatorPB.java:147) [ozone-manager-1.3.0-SNAPSHOT.jar:?]
	at org.apache.hadoop.ozone.protocol.proto.OzoneManagerProtocolProtos$OzoneManagerService$2.callBlockingMethod(OzoneManagerProtocolProtos.java) [ozone-interface-client-1.3.0-SNAPSHOT.jar:?]
	at org.apache.hadoop.ipc.ProtobufRpcEngine$Server.processCall(ProtobufRpcEngine.java:466) [hadoop-common-3.3.1.jar:?]
	at org.apache.hadoop.ipc.ProtobufRpcEngine2$Server$ProtoBufRpcInvoker.call(ProtobufRpcEngine2.java:574) [hadoop-common-3.3.1.jar:?]
	at org.apache.hadoop.ipc.ProtobufRpcEngine2$Server$ProtoBufRpcInvoker.call(ProtobufRpcEngine2.java:552) [hadoop-common-3.3.1.jar:?]
	at org.apache.hadoop.ipc.RPC$Server.call(RPC.java:1093) [hadoop-common-3.3.1.jar:?]
	at org.apache.hadoop.ipc.Server$RpcCall.run(Server.java:1035) [hadoop-common-3.3.1.jar:?]
	at org.apache.hadoop.ipc.Server$RpcCall.run(Server.java:963) [hadoop-common-3.3.1.jar:?]
	at java.security.AccessController.doPrivileged(Native Method) ~[?:1.8.0_345]
	at javax.security.auth.Subject.doAs(Subject.java:422) [?:1.8.0_345]
	at org.apache.hadoop.security.UserGroupInformation.doAs(UserGroupInformation.java:1878) [hadoop-common-3.3.1.jar:?]
	at org.apache.hadoop.ipc.Server$Handler.run(Server.java:2966) [hadoop-common-3.3.1.jar:?]
2022-10-11 08:14:28,283 [Time-limited test] WARN  ozone.BasicOzoneFileSystem (BasicOzoneFileSystem.java:getFileStatus(765)) - GetFileStatus failed for path /testBatchDelete/parent/childFolder/child2
java.io.FileNotFoundException: testBatchDelete/parent/childFolder/child2: No such file or directory!
	at org.apache.hadoop.fs.ozone.BasicOzoneClientAdapterImpl.getFileStatus(BasicOzoneClientAdapterImpl.java:369)
	at org.apache.hadoop.fs.ozone.BasicOzoneFileSystem.getFileStatus(BasicOzoneFileSystem.java:757)
	at org.apache.hadoop.fs.FileSystem.exists(FileSystem.java:1760)
	at org.apache.hadoop.fs.ozone.BasicOzoneFileSystem.exists(BasicOzoneFileSystem.java:804)
	at org.apache.hadoop.fs.ozone.TestOzoneFileSystem.testFileDelete(TestOzoneFileSystem.java:539)
	at sun.reflect.NativeMethodAccessorImpl.invoke0(Native Method)
	at sun.reflect.NativeMethodAccessorImpl.invoke(NativeMethodAccessorImpl.java:62)
	at sun.reflect.DelegatingMethodAccessorImpl.invoke(DelegatingMethodAccessorImpl.java:43)
	at java.lang.reflect.Method.invoke(Method.java:498)
	at org.junit.runners.model.FrameworkMethod$1.runReflectiveCall(FrameworkMethod.java:59)
	at org.junit.internal.runners.model.ReflectiveCallable.run(ReflectiveCallable.java:12)
	at org.junit.runners.model.FrameworkMethod.invokeExplosively(FrameworkMethod.java:56)
	at org.junit.internal.runners.statements.InvokeMethod.evaluate(InvokeMethod.java:17)
	at org.junit.internal.runners.statements.RunAfters.evaluate(RunAfters.java:27)
	at org.junit.internal.runners.statements.FailOnTimeout$CallableStatement.call(FailOnTimeout.java:288)
	at org.junit.internal.runners.statements.FailOnTimeout$CallableStatement.call(FailOnTimeout.java:282)
	at java.util.concurrent.FutureTask.run(FutureTask.java:266)
	at java.lang.Thread.run(Thread.java:750)
08:14:28.284 [IPC Server handler 1 on default port 40309] ERROR OMAudit - user=runner | ip=127.0.0.1 | op=GET_FILE_STATUS {volume=volume86011, bucket=bucket73886, key=testBatchDelete/parent/child3, dataSize=0, replicationConfig=null} | ret=FAILURE
org.apache.hadoop.ozone.om.exceptions.OMException: Unable to get file status: volume: volume86011 bucket: bucket73886 key: testBatchDelete/parent/child3
	at org.apache.hadoop.ozone.om.KeyManagerImpl.getOzoneFileStatusFSO(KeyManagerImpl.java:1336) ~[ozone-manager-1.3.0-SNAPSHOT.jar:?]
	at org.apache.hadoop.ozone.om.KeyManagerImpl.getFileStatus(KeyManagerImpl.java:1199) ~[ozone-manager-1.3.0-SNAPSHOT.jar:?]
	at org.apache.hadoop.ozone.om.OzoneManager.getFileStatus(OzoneManager.java:3570) ~[ozone-manager-1.3.0-SNAPSHOT.jar:?]
	at org.apache.hadoop.ozone.protocolPB.OzoneManagerRequestHandler.getOzoneFileStatus(OzoneManagerRequestHandler.java:907) ~[ozone-manager-1.3.0-SNAPSHOT.jar:?]
	at org.apache.hadoop.ozone.protocolPB.OzoneManagerRequestHandler.handleReadRequest(OzoneManagerRequestHandler.java:231) ~[ozone-manager-1.3.0-SNAPSHOT.jar:?]
	at org.apache.hadoop.ozone.protocolPB.OzoneManagerProtocolServerSideTranslatorPB.submitRequestDirectlyToOM(OzoneManagerProtocolServerSideTranslatorPB.java:276) ~[ozone-manager-1.3.0-SNAPSHOT.jar:?]
	at org.apache.hadoop.ozone.protocolPB.OzoneManagerProtocolServerSideTranslatorPB.processRequest(OzoneManagerProtocolServerSideTranslatorPB.java:205) ~[ozone-manager-1.3.0-SNAPSHOT.jar:?]
	at org.apache.hadoop.hdds.server.OzoneProtocolMessageDispatcher.processRequest(OzoneProtocolMessageDispatcher.java:87) [hdds-server-framework-1.3.0-SNAPSHOT.jar:?]
	at org.apache.hadoop.ozone.protocolPB.OzoneManagerProtocolServerSideTranslatorPB.submitRequest(OzoneManagerProtocolServerSideTranslatorPB.java:147) [ozone-manager-1.3.0-SNAPSHOT.jar:?]
	at org.apache.hadoop.ozone.protocol.proto.OzoneManagerProtocolProtos$OzoneManagerService$2.callBlockingMethod(OzoneManagerProtocolProtos.java) [ozone-interface-client-1.3.0-SNAPSHOT.jar:?]
	at org.apache.hadoop.ipc.ProtobufRpcEngine$Server.processCall(ProtobufRpcEngine.java:466) [hadoop-common-3.3.1.jar:?]
	at org.apache.hadoop.ipc.ProtobufRpcEngine2$Server$ProtoBufRpcInvoker.call(ProtobufRpcEngine2.java:574) [hadoop-common-3.3.1.jar:?]
	at org.apache.hadoop.ipc.ProtobufRpcEngine2$Server$ProtoBufRpcInvoker.call(ProtobufRpcEngine2.java:552) [hadoop-common-3.3.1.jar:?]
	at org.apache.hadoop.ipc.RPC$Server.call(RPC.java:1093) [hadoop-common-3.3.1.jar:?]
	at org.apache.hadoop.ipc.Server$RpcCall.run(Server.java:1035) [hadoop-common-3.3.1.jar:?]
	at org.apache.hadoop.ipc.Server$RpcCall.run(Server.java:963) [hadoop-common-3.3.1.jar:?]
	at java.security.AccessController.doPrivileged(Native Method) ~[?:1.8.0_345]
	at javax.security.auth.Subject.doAs(Subject.java:422) [?:1.8.0_345]
	at org.apache.hadoop.security.UserGroupInformation.doAs(UserGroupInformation.java:1878) [hadoop-common-3.3.1.jar:?]
	at org.apache.hadoop.ipc.Server$Handler.run(Server.java:2966) [hadoop-common-3.3.1.jar:?]
2022-10-11 08:14:28,284 [Time-limited test] WARN  ozone.BasicOzoneFileSystem (BasicOzoneFileSystem.java:getFileStatus(765)) - GetFileStatus failed for path /testBatchDelete/parent/child3
java.io.FileNotFoundException: testBatchDelete/parent/child3: No such file or directory!
	at org.apache.hadoop.fs.ozone.BasicOzoneClientAdapterImpl.getFileStatus(BasicOzoneClientAdapterImpl.java:369)
	at org.apache.hadoop.fs.ozone.BasicOzoneFileSystem.getFileStatus(BasicOzoneFileSystem.java:757)
	at org.apache.hadoop.fs.FileSystem.exists(FileSystem.java:1760)
	at org.apache.hadoop.fs.ozone.BasicOzoneFileSystem.exists(BasicOzoneFileSystem.java:804)
	at org.apache.hadoop.fs.ozone.TestOzoneFileSystem.testFileDelete(TestOzoneFileSystem.java:534)
	at sun.reflect.NativeMethodAccessorImpl.invoke0(Native Method)
	at sun.reflect.NativeMethodAccessorImpl.invoke(NativeMethodAccessorImpl.java:62)
	at sun.reflect.DelegatingMethodAccessorImpl.invoke(DelegatingMethodAccessorImpl.java:43)
	at java.lang.reflect.Method.invoke(Method.java:498)
	at org.junit.runners.model.FrameworkMethod$1.runReflectiveCall(FrameworkMethod.java:59)
	at org.junit.internal.runners.model.ReflectiveCallable.run(ReflectiveCallable.java:12)
	at org.junit.runners.model.FrameworkMethod.invokeExplosively(FrameworkMethod.java:56)
	at org.junit.internal.runners.statements.InvokeMethod.evaluate(InvokeMethod.java:17)
	at org.junit.internal.runners.statements.RunAfters.evaluate(RunAfters.java:27)
	at org.junit.internal.runners.statements.FailOnTimeout$CallableStatement.call(FailOnTimeout.java:288)
	at org.junit.internal.runners.statements.FailOnTimeout$CallableStatement.call(FailOnTimeout.java:282)
	at java.util.concurrent.FutureTask.run(FutureTask.java:266)
	at java.lang.Thread.run(Thread.java:750)
08:14:28.284 [IPC Server handler 2 on default port 40309] ERROR OMAudit - user=runner | ip=127.0.0.1 | op=GET_FILE_STATUS {volume=volume86011, bucket=bucket73886, key=testBatchDelete/parent/childFolder/child3, dataSize=0, replicationConfig=null} | ret=FAILURE
org.apache.hadoop.ozone.om.exceptions.OMException: Unable to get file status: volume: volume86011 bucket: bucket73886 key: testBatchDelete/parent/childFolder/child3
	at org.apache.hadoop.ozone.om.KeyManagerImpl.getOzoneFileStatusFSO(KeyManagerImpl.java:1336) ~[ozone-manager-1.3.0-SNAPSHOT.jar:?]
	at org.apache.hadoop.ozone.om.KeyManagerImpl.getFileStatus(KeyManagerImpl.java:1199) ~[ozone-manager-1.3.0-SNAPSHOT.jar:?]
	at org.apache.hadoop.ozone.om.OzoneManager.getFileStatus(OzoneManager.java:3570) ~[ozone-manager-1.3.0-SNAPSHOT.jar:?]
	at org.apache.hadoop.ozone.protocolPB.OzoneManagerRequestHandler.getOzoneFileStatus(OzoneManagerRequestHandler.java:907) ~[ozone-manager-1.3.0-SNAPSHOT.jar:?]
	at org.apache.hadoop.ozone.protocolPB.OzoneManagerRequestHandler.handleReadRequest(OzoneManagerRequestHandler.java:231) ~[ozone-manager-1.3.0-SNAPSHOT.jar:?]
	at org.apache.hadoop.ozone.protocolPB.OzoneManagerProtocolServerSideTranslatorPB.submitRequestDirectlyToOM(OzoneManagerProtocolServerSideTranslatorPB.java:276) ~[ozone-manager-1.3.0-SNAPSHOT.jar:?]
	at org.apache.hadoop.ozone.protocolPB.OzoneManagerProtocolServerSideTranslatorPB.processRequest(OzoneManagerProtocolServerSideTranslatorPB.java:205) ~[ozone-manager-1.3.0-SNAPSHOT.jar:?]
	at org.apache.hadoop.hdds.server.OzoneProtocolMessageDispatcher.processRequest(OzoneProtocolMessageDispatcher.java:87) [hdds-server-framework-1.3.0-SNAPSHOT.jar:?]
	at org.apache.hadoop.ozone.protocolPB.OzoneManagerProtocolServerSideTranslatorPB.submitRequest(OzoneManagerProtocolServerSideTranslatorPB.java:147) [ozone-manager-1.3.0-SNAPSHOT.jar:?]
	at org.apache.hadoop.ozone.protocol.proto.OzoneManagerProtocolProtos$OzoneManagerService$2.callBlockingMethod(OzoneManagerProtocolProtos.java) [ozone-interface-client-1.3.0-SNAPSHOT.jar:?]
	at org.apache.hadoop.ipc.ProtobufRpcEngine$Server.processCall(ProtobufRpcEngine.java:466) [hadoop-common-3.3.1.jar:?]
	at org.apache.hadoop.ipc.ProtobufRpcEngine2$Server$ProtoBufRpcInvoker.call(ProtobufRpcEngine2.java:574) [hadoop-common-3.3.1.jar:?]
	at org.apache.hadoop.ipc.ProtobufRpcEngine2$Server$ProtoBufRpcInvoker.call(ProtobufRpcEngine2.java:552) [hadoop-common-3.3.1.jar:?]
	at org.apache.hadoop.ipc.RPC$Server.call(RPC.java:1093) [hadoop-common-3.3.1.jar:?]
	at org.apache.hadoop.ipc.Server$RpcCall.run(Server.java:1035) [hadoop-common-3.3.1.jar:?]
	at org.apache.hadoop.ipc.Server$RpcCall.run(Server.java:963) [hadoop-common-3.3.1.jar:?]
	at java.security.AccessController.doPrivileged(Native Method) ~[?:1.8.0_345]
	at javax.security.auth.Subject.doAs(Subject.java:422) [?:1.8.0_345]
	at org.apache.hadoop.security.UserGroupInformation.doAs(UserGroupInformation.java:1878) [hadoop-common-3.3.1.jar:?]
	at org.apache.hadoop.ipc.Server$Handler.run(Server.java:2966) [hadoop-common-3.3.1.jar:?]
2022-10-11 08:14:28,285 [Time-limited test] WARN  ozone.BasicOzoneFileSystem (BasicOzoneFileSystem.java:getFileStatus(765)) - GetFileStatus failed for path /testBatchDelete/parent/childFolder/child3
java.io.FileNotFoundException: testBatchDelete/parent/childFolder/child3: No such file or directory!
	at org.apache.hadoop.fs.ozone.BasicOzoneClientAdapterImpl.getFileStatus(BasicOzoneClientAdapterImpl.java:369)
	at org.apache.hadoop.fs.ozone.BasicOzoneFileSystem.getFileStatus(BasicOzoneFileSystem.java:757)
	at org.apache.hadoop.fs.FileSystem.exists(FileSystem.java:1760)
	at org.apache.hadoop.fs.ozone.BasicOzoneFileSystem.exists(BasicOzoneFileSystem.java:804)
	at org.apache.hadoop.fs.ozone.TestOzoneFileSystem.testFileDelete(TestOzoneFileSystem.java:539)
	at sun.reflect.NativeMethodAccessorImpl.invoke0(Native Method)
	at sun.reflect.NativeMethodAccessorImpl.invoke(NativeMethodAccessorImpl.java:62)
	at sun.reflect.DelegatingMethodAccessorImpl.invoke(DelegatingMethodAccessorImpl.java:43)
	at java.lang.reflect.Method.invoke(Method.java:498)
	at org.junit.runners.model.FrameworkMethod$1.runReflectiveCall(FrameworkMethod.java:59)
	at org.junit.internal.runners.model.ReflectiveCallable.run(ReflectiveCallable.java:12)
	at org.junit.runners.model.FrameworkMethod.invokeExplosively(FrameworkMethod.java:56)
	at org.junit.internal.runners.statements.InvokeMethod.evaluate(InvokeMethod.java:17)
	at org.junit.internal.runners.statements.RunAfters.evaluate(RunAfters.java:27)
	at org.junit.internal.runners.statements.FailOnTimeout$CallableStatement.call(FailOnTimeout.java:288)
	at org.junit.internal.runners.statements.FailOnTimeout$CallableStatement.call(FailOnTimeout.java:282)
	at java.util.concurrent.FutureTask.run(FutureTask.java:266)
	at java.lang.Thread.run(Thread.java:750)
08:14:28.285 [IPC Server handler 3 on default port 40309] ERROR OMAudit - user=runner | ip=127.0.0.1 | op=GET_FILE_STATUS {volume=volume86011, bucket=bucket73886, key=testBatchDelete/parent/child4, dataSize=0, replicationConfig=null} | ret=FAILURE
org.apache.hadoop.ozone.om.exceptions.OMException: Unable to get file status: volume: volume86011 bucket: bucket73886 key: testBatchDelete/parent/child4
	at org.apache.hadoop.ozone.om.KeyManagerImpl.getOzoneFileStatusFSO(KeyManagerImpl.java:1336) ~[ozone-manager-1.3.0-SNAPSHOT.jar:?]
	at org.apache.hadoop.ozone.om.KeyManagerImpl.getFileStatus(KeyManagerImpl.java:1199) ~[ozone-manager-1.3.0-SNAPSHOT.jar:?]
	at org.apache.hadoop.ozone.om.OzoneManager.getFileStatus(OzoneManager.java:3570) ~[ozone-manager-1.3.0-SNAPSHOT.jar:?]
	at org.apache.hadoop.ozone.protocolPB.OzoneManagerRequestHandler.getOzoneFileStatus(OzoneManagerRequestHandler.java:907) ~[ozone-manager-1.3.0-SNAPSHOT.jar:?]
	at org.apache.hadoop.ozone.protocolPB.OzoneManagerRequestHandler.handleReadRequest(OzoneManagerRequestHandler.java:231) ~[ozone-manager-1.3.0-SNAPSHOT.jar:?]
	at org.apache.hadoop.ozone.protocolPB.OzoneManagerProtocolServerSideTranslatorPB.submitRequestDirectlyToOM(OzoneManagerProtocolServerSideTranslatorPB.java:276) ~[ozone-manager-1.3.0-SNAPSHOT.jar:?]
	at org.apache.hadoop.ozone.protocolPB.OzoneManagerProtocolServerSideTranslatorPB.processRequest(OzoneManagerProtocolServerSideTranslatorPB.java:205) ~[ozone-manager-1.3.0-SNAPSHOT.jar:?]
	at org.apache.hadoop.hdds.server.OzoneProtocolMessageDispatcher.processRequest(OzoneProtocolMessageDispatcher.java:87) [hdds-server-framework-1.3.0-SNAPSHOT.jar:?]
	at org.apache.hadoop.ozone.protocolPB.OzoneManagerProtocolServerSideTranslatorPB.submitRequest(OzoneManagerProtocolServerSideTranslatorPB.java:147) [ozone-manager-1.3.0-SNAPSHOT.jar:?]
	at org.apache.hadoop.ozone.protocol.proto.OzoneManagerProtocolProtos$OzoneManagerService$2.callBlockingMethod(OzoneManagerProtocolProtos.java) [ozone-interface-client-1.3.0-SNAPSHOT.jar:?]
	at org.apache.hadoop.ipc.ProtobufRpcEngine$Server.processCall(ProtobufRpcEngine.java:466) [hadoop-common-3.3.1.jar:?]
	at org.apache.hadoop.ipc.ProtobufRpcEngine2$Server$ProtoBufRpcInvoker.call(ProtobufRpcEngine2.java:574) [hadoop-common-3.3.1.jar:?]
	at org.apache.hadoop.ipc.ProtobufRpcEngine2$Server$ProtoBufRpcInvoker.call(ProtobufRpcEngine2.java:552) [hadoop-common-3.3.1.jar:?]
	at org.apache.hadoop.ipc.RPC$Server.call(RPC.java:1093) [hadoop-common-3.3.1.jar:?]
	at org.apache.hadoop.ipc.Server$RpcCall.run(Server.java:1035) [hadoop-common-3.3.1.jar:?]
	at org.apache.hadoop.ipc.Server$RpcCall.run(Server.java:963) [hadoop-common-3.3.1.jar:?]
	at java.security.AccessController.doPrivileged(Native Method) ~[?:1.8.0_345]
	at javax.security.auth.Subject.doAs(Subject.java:422) [?:1.8.0_345]
	at org.apache.hadoop.security.UserGroupInformation.doAs(UserGroupInformation.java:1878) [hadoop-common-3.3.1.jar:?]
	at org.apache.hadoop.ipc.Server$Handler.run(Server.java:2966) [hadoop-common-3.3.1.jar:?]
2022-10-11 08:14:28,286 [Time-limited test] WARN  ozone.BasicOzoneFileSystem (BasicOzoneFileSystem.java:getFileStatus(765)) - GetFileStatus failed for path /testBatchDelete/parent/child4
java.io.FileNotFoundException: testBatchDelete/parent/child4: No such file or directory!
	at org.apache.hadoop.fs.ozone.BasicOzoneClientAdapterImpl.getFileStatus(BasicOzoneClientAdapterImpl.java:369)
	at org.apache.hadoop.fs.ozone.BasicOzoneFileSystem.getFileStatus(BasicOzoneFileSystem.java:757)
	at org.apache.hadoop.fs.FileSystem.exists(FileSystem.java:1760)
	at org.apache.hadoop.fs.ozone.BasicOzoneFileSystem.exists(BasicOzoneFileSystem.java:804)
	at org.apache.hadoop.fs.ozone.TestOzoneFileSystem.testFileDelete(TestOzoneFileSystem.java:534)
	at sun.reflect.NativeMethodAccessorImpl.invoke0(Native Method)
	at sun.reflect.NativeMethodAccessorImpl.invoke(NativeMethodAccessorImpl.java:62)
	at sun.reflect.DelegatingMethodAccessorImpl.invoke(DelegatingMethodAccessorImpl.java:43)
	at java.lang.reflect.Method.invoke(Method.java:498)
	at org.junit.runners.model.FrameworkMethod$1.runReflectiveCall(FrameworkMethod.java:59)
	at org.junit.internal.runners.model.ReflectiveCallable.run(ReflectiveCallable.java:12)
	at org.junit.runners.model.FrameworkMethod.invokeExplosively(FrameworkMethod.java:56)
	at org.junit.internal.runners.statements.InvokeMethod.evaluate(InvokeMethod.java:17)
	at org.junit.internal.runners.statements.RunAfters.evaluate(RunAfters.java:27)
	at org.junit.internal.runners.statements.FailOnTimeout$CallableStatement.call(FailOnTimeout.java:288)
	at org.junit.internal.runners.statements.FailOnTimeout$CallableStatement.call(FailOnTimeout.java:282)
	at java.util.concurrent.FutureTask.run(FutureTask.java:266)
	at java.lang.Thread.run(Thread.java:750)
08:14:28.286 [IPC Server handler 0 on default port 40309] ERROR OMAudit - user=runner | ip=127.0.0.1 | op=GET_FILE_STATUS {volume=volume86011, bucket=bucket73886, key=testBatchDelete/parent/childFolder/child4, dataSize=0, replicationConfig=null} | ret=FAILURE
org.apache.hadoop.ozone.om.exceptions.OMException: Unable to get file status: volume: volume86011 bucket: bucket73886 key: testBatchDelete/parent/childFolder/child4
	at org.apache.hadoop.ozone.om.KeyManagerImpl.getOzoneFileStatusFSO(KeyManagerImpl.java:1336) ~[ozone-manager-1.3.0-SNAPSHOT.jar:?]
	at org.apache.hadoop.ozone.om.KeyManagerImpl.getFileStatus(KeyManagerImpl.java:1199) ~[ozone-manager-1.3.0-SNAPSHOT.jar:?]
	at org.apache.hadoop.ozone.om.OzoneManager.getFileStatus(OzoneManager.java:3570) ~[ozone-manager-1.3.0-SNAPSHOT.jar:?]
	at org.apache.hadoop.ozone.protocolPB.OzoneManagerRequestHandler.getOzoneFileStatus(OzoneManagerRequestHandler.java:907) ~[ozone-manager-1.3.0-SNAPSHOT.jar:?]
	at org.apache.hadoop.ozone.protocolPB.OzoneManagerRequestHandler.handleReadRequest(OzoneManagerRequestHandler.java:231) ~[ozone-manager-1.3.0-SNAPSHOT.jar:?]
	at org.apache.hadoop.ozone.protocolPB.OzoneManagerProtocolServerSideTranslatorPB.submitRequestDirectlyToOM(OzoneManagerProtocolServerSideTranslatorPB.java:276) ~[ozone-manager-1.3.0-SNAPSHOT.jar:?]
	at org.apache.hadoop.ozone.protocolPB.OzoneManagerProtocolServerSideTranslatorPB.processRequest(OzoneManagerProtocolServerSideTranslatorPB.java:205) ~[ozone-manager-1.3.0-SNAPSHOT.jar:?]
	at org.apache.hadoop.hdds.server.OzoneProtocolMessageDispatcher.processRequest(OzoneProtocolMessageDispatcher.java:87) [hdds-server-framework-1.3.0-SNAPSHOT.jar:?]
	at org.apache.hadoop.ozone.protocolPB.OzoneManagerProtocolServerSideTranslatorPB.submitRequest(OzoneManagerProtocolServerSideTranslatorPB.java:147) [ozone-manager-1.3.0-SNAPSHOT.jar:?]
	at org.apache.hadoop.ozone.protocol.proto.OzoneManagerProtocolProtos$OzoneManagerService$2.callBlockingMethod(OzoneManagerProtocolProtos.java) [ozone-interface-client-1.3.0-SNAPSHOT.jar:?]
	at org.apache.hadoop.ipc.ProtobufRpcEngine$Server.processCall(ProtobufRpcEngine.java:466) [hadoop-common-3.3.1.jar:?]
	at org.apache.hadoop.ipc.ProtobufRpcEngine2$Server$ProtoBufRpcInvoker.call(ProtobufRpcEngine2.java:574) [hadoop-common-3.3.1.jar:?]
	at org.apache.hadoop.ipc.ProtobufRpcEngine2$Server$ProtoBufRpcInvoker.call(ProtobufRpcEngine2.java:552) [hadoop-common-3.3.1.jar:?]
	at org.apache.hadoop.ipc.RPC$Server.call(RPC.java:1093) [hadoop-common-3.3.1.jar:?]
	at org.apache.hadoop.ipc.Server$RpcCall.run(Server.java:1035) [hadoop-common-3.3.1.jar:?]
	at org.apache.hadoop.ipc.Server$RpcCall.run(Server.java:963) [hadoop-common-3.3.1.jar:?]
	at java.security.AccessController.doPrivileged(Native Method) ~[?:1.8.0_345]
	at javax.security.auth.Subject.doAs(Subject.java:422) [?:1.8.0_345]
	at org.apache.hadoop.security.UserGroupInformation.doAs(UserGroupInformation.java:1878) [hadoop-common-3.3.1.jar:?]
	at org.apache.hadoop.ipc.Server$Handler.run(Server.java:2966) [hadoop-common-3.3.1.jar:?]
2022-10-11 08:14:28,289 [Time-limited test] WARN  ozone.BasicOzoneFileSystem (BasicOzoneFileSystem.java:getFileStatus(765)) - GetFileStatus failed for path /testBatchDelete/parent/childFolder/child4
java.io.FileNotFoundException: testBatchDelete/parent/childFolder/child4: No such file or directory!
	at org.apache.hadoop.fs.ozone.BasicOzoneClientAdapterImpl.getFileStatus(BasicOzoneClientAdapterImpl.java:369)
	at org.apache.hadoop.fs.ozone.BasicOzoneFileSystem.getFileStatus(BasicOzoneFileSystem.java:757)
	at org.apache.hadoop.fs.FileSystem.exists(FileSystem.java:1760)
	at org.apache.hadoop.fs.ozone.BasicOzoneFileSystem.exists(BasicOzoneFileSystem.java:804)
	at org.apache.hadoop.fs.ozone.TestOzoneFileSystem.testFileDelete(TestOzoneFileSystem.java:539)
	at sun.reflect.NativeMethodAccessorImpl.invoke0(Native Method)
	at sun.reflect.NativeMethodAccessorImpl.invoke(NativeMethodAccessorImpl.java:62)
	at sun.reflect.DelegatingMethodAccessorImpl.invoke(DelegatingMethodAccessorImpl.java:43)
	at java.lang.reflect.Method.invoke(Method.java:498)
	at org.junit.runners.model.FrameworkMethod$1.runReflectiveCall(FrameworkMethod.java:59)
	at org.junit.internal.runners.model.ReflectiveCallable.run(ReflectiveCallable.java:12)
	at org.junit.runners.model.FrameworkMethod.invokeExplosively(FrameworkMethod.java:56)
	at org.junit.internal.runners.statements.InvokeMethod.evaluate(InvokeMethod.java:17)
	at org.junit.internal.runners.statements.RunAfters.evaluate(RunAfters.java:27)
	at org.junit.internal.runners.statements.FailOnTimeout$CallableStatement.call(FailOnTimeout.java:288)
	at org.junit.internal.runners.statements.FailOnTimeout$CallableStatement.call(FailOnTimeout.java:282)
	at java.util.concurrent.FutureTask.run(FutureTask.java:266)
	at java.lang.Thread.run(Thread.java:750)
08:14:28.289 [IPC Server handler 4 on default port 40309] ERROR OMAudit - user=runner | ip=127.0.0.1 | op=GET_FILE_STATUS {volume=volume86011, bucket=bucket73886, key=testBatchDelete/parent/child5, dataSize=0, replicationConfig=null} | ret=FAILURE
org.apache.hadoop.ozone.om.exceptions.OMException: Unable to get file status: volume: volume86011 bucket: bucket73886 key: testBatchDelete/parent/child5
	at org.apache.hadoop.ozone.om.KeyManagerImpl.getOzoneFileStatusFSO(KeyManagerImpl.java:1336) ~[ozone-manager-1.3.0-SNAPSHOT.jar:?]
	at org.apache.hadoop.ozone.om.KeyManagerImpl.getFileStatus(KeyManagerImpl.java:1199) ~[ozone-manager-1.3.0-SNAPSHOT.jar:?]
	at org.apache.hadoop.ozone.om.OzoneManager.getFileStatus(OzoneManager.java:3570) ~[ozone-manager-1.3.0-SNAPSHOT.jar:?]
	at org.apache.hadoop.ozone.protocolPB.OzoneManagerRequestHandler.getOzoneFileStatus(OzoneManagerRequestHandler.java:907) ~[ozone-manager-1.3.0-SNAPSHOT.jar:?]
	at org.apache.hadoop.ozone.protocolPB.OzoneManagerRequestHandler.handleReadRequest(OzoneManagerRequestHandler.java:231) ~[ozone-manager-1.3.0-SNAPSHOT.jar:?]
	at org.apache.hadoop.ozone.protocolPB.OzoneManagerProtocolServerSideTranslatorPB.submitRequestDirectlyToOM(OzoneManagerProtocolServerSideTranslatorPB.java:276) ~[ozone-manager-1.3.0-SNAPSHOT.jar:?]
	at org.apache.hadoop.ozone.protocolPB.OzoneManagerProtocolServerSideTranslatorPB.processRequest(OzoneManagerProtocolServerSideTranslatorPB.java:205) ~[ozone-manager-1.3.0-SNAPSHOT.jar:?]
	at org.apache.hadoop.hdds.server.OzoneProtocolMessageDispatcher.processRequest(OzoneProtocolMessageDispatcher.java:87) [hdds-server-framework-1.3.0-SNAPSHOT.jar:?]
	at org.apache.hadoop.ozone.protocolPB.OzoneManagerProtocolServerSideTranslatorPB.submitRequest(OzoneManagerProtocolServerSideTranslatorPB.java:147) [ozone-manager-1.3.0-SNAPSHOT.jar:?]
	at org.apache.hadoop.ozone.protocol.proto.OzoneManagerProtocolProtos$OzoneManagerService$2.callBlockingMethod(OzoneManagerProtocolProtos.java) [ozone-interface-client-1.3.0-SNAPSHOT.jar:?]
	at org.apache.hadoop.ipc.ProtobufRpcEngine$Server.processCall(ProtobufRpcEngine.java:466) [hadoop-common-3.3.1.jar:?]
	at org.apache.hadoop.ipc.ProtobufRpcEngine2$Server$ProtoBufRpcInvoker.call(ProtobufRpcEngine2.java:574) [hadoop-common-3.3.1.jar:?]
	at org.apache.hadoop.ipc.ProtobufRpcEngine2$Server$ProtoBufRpcInvoker.call(ProtobufRpcEngine2.java:552) [hadoop-common-3.3.1.jar:?]
	at org.apache.hadoop.ipc.RPC$Server.call(RPC.java:1093) [hadoop-common-3.3.1.jar:?]
	at org.apache.hadoop.ipc.Server$RpcCall.run(Server.java:1035) [hadoop-common-3.3.1.jar:?]
	at org.apache.hadoop.ipc.Server$RpcCall.run(Server.java:963) [hadoop-common-3.3.1.jar:?]
	at java.security.AccessController.doPrivileged(Native Method) ~[?:1.8.0_345]
	at javax.security.auth.Subject.doAs(Subject.java:422) [?:1.8.0_345]
	at org.apache.hadoop.security.UserGroupInformation.doAs(UserGroupInformation.java:1878) [hadoop-common-3.3.1.jar:?]
	at org.apache.hadoop.ipc.Server$Handler.run(Server.java:2966) [hadoop-common-3.3.1.jar:?]
2022-10-11 08:14:28,290 [Time-limited test] WARN  ozone.BasicOzoneFileSystem (BasicOzoneFileSystem.java:getFileStatus(765)) - GetFileStatus failed for path /testBatchDelete/parent/child5
java.io.FileNotFoundException: testBatchDelete/parent/child5: No such file or directory!
	at org.apache.hadoop.fs.ozone.BasicOzoneClientAdapterImpl.getFileStatus(BasicOzoneClientAdapterImpl.java:369)
	at org.apache.hadoop.fs.ozone.BasicOzoneFileSystem.getFileStatus(BasicOzoneFileSystem.java:757)
	at org.apache.hadoop.fs.FileSystem.exists(FileSystem.java:1760)
	at org.apache.hadoop.fs.ozone.BasicOzoneFileSystem.exists(BasicOzoneFileSystem.java:804)
	at org.apache.hadoop.fs.ozone.TestOzoneFileSystem.testFileDelete(TestOzoneFileSystem.java:534)
	at sun.reflect.NativeMethodAccessorImpl.invoke0(Native Method)
	at sun.reflect.NativeMethodAccessorImpl.invoke(NativeMethodAccessorImpl.java:62)
	at sun.reflect.DelegatingMethodAccessorImpl.invoke(DelegatingMethodAccessorImpl.java:43)
	at java.lang.reflect.Method.invoke(Method.java:498)
	at org.junit.runners.model.FrameworkMethod$1.runReflectiveCall(FrameworkMethod.java:59)
	at org.junit.internal.runners.model.ReflectiveCallable.run(ReflectiveCallable.java:12)
	at org.junit.runners.model.FrameworkMethod.invokeExplosively(FrameworkMethod.java:56)
	at org.junit.internal.runners.statements.InvokeMethod.evaluate(InvokeMethod.java:17)
	at org.junit.internal.runners.statements.RunAfters.evaluate(RunAfters.java:27)
	at org.junit.internal.runners.statements.FailOnTimeout$CallableStatement.call(FailOnTimeout.java:288)
	at org.junit.internal.runners.statements.FailOnTimeout$CallableStatement.call(FailOnTimeout.java:282)
	at java.util.concurrent.FutureTask.run(FutureTask.java:266)
	at java.lang.Thread.run(Thread.java:750)
08:14:28.290 [IPC Server handler 6 on default port 40309] ERROR OMAudit - user=runner | ip=127.0.0.1 | op=GET_FILE_STATUS {volume=volume86011, bucket=bucket73886, key=testBatchDelete/parent/childFolder/child5, dataSize=0, replicationConfig=null} | ret=FAILURE
org.apache.hadoop.ozone.om.exceptions.OMException: Unable to get file status: volume: volume86011 bucket: bucket73886 key: testBatchDelete/parent/childFolder/child5
	at org.apache.hadoop.ozone.om.KeyManagerImpl.getOzoneFileStatusFSO(KeyManagerImpl.java:1336) ~[ozone-manager-1.3.0-SNAPSHOT.jar:?]
	at org.apache.hadoop.ozone.om.KeyManagerImpl.getFileStatus(KeyManagerImpl.java:1199) ~[ozone-manager-1.3.0-SNAPSHOT.jar:?]
	at org.apache.hadoop.ozone.om.OzoneManager.getFileStatus(OzoneManager.java:3570) ~[ozone-manager-1.3.0-SNAPSHOT.jar:?]
	at org.apache.hadoop.ozone.protocolPB.OzoneManagerRequestHandler.getOzoneFileStatus(OzoneManagerRequestHandler.java:907) ~[ozone-manager-1.3.0-SNAPSHOT.jar:?]
	at org.apache.hadoop.ozone.protocolPB.OzoneManagerRequestHandler.handleReadRequest(OzoneManagerRequestHandler.java:231) ~[ozone-manager-1.3.0-SNAPSHOT.jar:?]
	at org.apache.hadoop.ozone.protocolPB.OzoneManagerProtocolServerSideTranslatorPB.submitRequestDirectlyToOM(OzoneManagerProtocolServerSideTranslatorPB.java:276) ~[ozone-manager-1.3.0-SNAPSHOT.jar:?]
	at org.apache.hadoop.ozone.protocolPB.OzoneManagerProtocolServerSideTranslatorPB.processRequest(OzoneManagerProtocolServerSideTranslatorPB.java:205) ~[ozone-manager-1.3.0-SNAPSHOT.jar:?]
	at org.apache.hadoop.hdds.server.OzoneProtocolMessageDispatcher.processRequest(OzoneProtocolMessageDispatcher.java:87) [hdds-server-framework-1.3.0-SNAPSHOT.jar:?]
	at org.apache.hadoop.ozone.protocolPB.OzoneManagerProtocolServerSideTranslatorPB.submitRequest(OzoneManagerProtocolServerSideTranslatorPB.java:147) [ozone-manager-1.3.0-SNAPSHOT.jar:?]
	at org.apache.hadoop.ozone.protocol.proto.OzoneManagerProtocolProtos$OzoneManagerService$2.callBlockingMethod(OzoneManagerProtocolProtos.java) [ozone-interface-client-1.3.0-SNAPSHOT.jar:?]
	at org.apache.hadoop.ipc.ProtobufRpcEngine$Server.processCall(ProtobufRpcEngine.java:466) [hadoop-common-3.3.1.jar:?]
	at org.apache.hadoop.ipc.ProtobufRpcEngine2$Server$ProtoBufRpcInvoker.call(ProtobufRpcEngine2.java:574) [hadoop-common-3.3.1.jar:?]
	at org.apache.hadoop.ipc.ProtobufRpcEngine2$Server$ProtoBufRpcInvoker.call(ProtobufRpcEngine2.java:552) [hadoop-common-3.3.1.jar:?]
	at org.apache.hadoop.ipc.RPC$Server.call(RPC.java:1093) [hadoop-common-3.3.1.jar:?]
	at org.apache.hadoop.ipc.Server$RpcCall.run(Server.java:1035) [hadoop-common-3.3.1.jar:?]
	at org.apache.hadoop.ipc.Server$RpcCall.run(Server.java:963) [hadoop-common-3.3.1.jar:?]
	at java.security.AccessController.doPrivileged(Native Method) ~[?:1.8.0_345]
	at javax.security.auth.Subject.doAs(Subject.java:422) [?:1.8.0_345]
	at org.apache.hadoop.security.UserGroupInformation.doAs(UserGroupInformation.java:1878) [hadoop-common-3.3.1.jar:?]
	at org.apache.hadoop.ipc.Server$Handler.run(Server.java:2966) [hadoop-common-3.3.1.jar:?]
2022-10-11 08:14:28,291 [Time-limited test] WARN  ozone.BasicOzoneFileSystem (BasicOzoneFileSystem.java:getFileStatus(765)) - GetFileStatus failed for path /testBatchDelete/parent/childFolder/child5
java.io.FileNotFoundException: testBatchDelete/parent/childFolder/child5: No such file or directory!
	at org.apache.hadoop.fs.ozone.BasicOzoneClientAdapterImpl.getFileStatus(BasicOzoneClientAdapterImpl.java:369)
	at org.apache.hadoop.fs.ozone.BasicOzoneFileSystem.getFileStatus(BasicOzoneFileSystem.java:757)
	at org.apache.hadoop.fs.FileSystem.exists(FileSystem.java:1760)
	at org.apache.hadoop.fs.ozone.BasicOzoneFileSystem.exists(BasicOzoneFileSystem.java:804)
	at org.apache.hadoop.fs.ozone.TestOzoneFileSystem.testFileDelete(TestOzoneFileSystem.java:539)
	at sun.reflect.NativeMethodAccessorImpl.invoke0(Native Method)
	at sun.reflect.NativeMethodAccessorImpl.invoke(NativeMethodAccessorImpl.java:62)
	at sun.reflect.DelegatingMethodAccessorImpl.invoke(DelegatingMethodAccessorImpl.java:43)
	at java.lang.reflect.Method.invoke(Method.java:498)
	at org.junit.runners.model.FrameworkMethod$1.runReflectiveCall(FrameworkMethod.java:59)
	at org.junit.internal.runners.model.ReflectiveCallable.run(ReflectiveCallable.java:12)
	at org.junit.runners.model.FrameworkMethod.invokeExplosively(FrameworkMethod.java:56)
	at org.junit.internal.runners.statements.InvokeMethod.evaluate(InvokeMethod.java:17)
	at org.junit.internal.runners.statements.RunAfters.evaluate(RunAfters.java:27)
	at org.junit.internal.runners.statements.FailOnTimeout$CallableStatement.call(FailOnTimeout.java:288)
	at org.junit.internal.runners.statements.FailOnTimeout$CallableStatement.call(FailOnTimeout.java:282)
	at java.util.concurrent.FutureTask.run(FutureTask.java:266)
	at java.lang.Thread.run(Thread.java:750)
08:14:28.291 [IPC Server handler 5 on default port 40309] ERROR OMAudit - user=runner | ip=127.0.0.1 | op=GET_FILE_STATUS {volume=volume86011, bucket=bucket73886, key=testBatchDelete/parent/child6, dataSize=0, replicationConfig=null} | ret=FAILURE
org.apache.hadoop.ozone.om.exceptions.OMException: Unable to get file status: volume: volume86011 bucket: bucket73886 key: testBatchDelete/parent/child6
	at org.apache.hadoop.ozone.om.KeyManagerImpl.getOzoneFileStatusFSO(KeyManagerImpl.java:1336) ~[ozone-manager-1.3.0-SNAPSHOT.jar:?]
	at org.apache.hadoop.ozone.om.KeyManagerImpl.getFileStatus(KeyManagerImpl.java:1199) ~[ozone-manager-1.3.0-SNAPSHOT.jar:?]
	at org.apache.hadoop.ozone.om.OzoneManager.getFileStatus(OzoneManager.java:3570) ~[ozone-manager-1.3.0-SNAPSHOT.jar:?]
	at org.apache.hadoop.ozone.protocolPB.OzoneManagerRequestHandler.getOzoneFileStatus(OzoneManagerRequestHandler.java:907) ~[ozone-manager-1.3.0-SNAPSHOT.jar:?]
	at org.apache.hadoop.ozone.protocolPB.OzoneManagerRequestHandler.handleReadRequest(OzoneManagerRequestHandler.java:231) ~[ozone-manager-1.3.0-SNAPSHOT.jar:?]
	at org.apache.hadoop.ozone.protocolPB.OzoneManagerProtocolServerSideTranslatorPB.submitRequestDirectlyToOM(OzoneManagerProtocolServerSideTranslatorPB.java:276) ~[ozone-manager-1.3.0-SNAPSHOT.jar:?]
	at org.apache.hadoop.ozone.protocolPB.OzoneManagerProtocolServerSideTranslatorPB.processRequest(OzoneManagerProtocolServerSideTranslatorPB.java:205) ~[ozone-manager-1.3.0-SNAPSHOT.jar:?]
	at org.apache.hadoop.hdds.server.OzoneProtocolMessageDispatcher.processRequest(OzoneProtocolMessageDispatcher.java:87) [hdds-server-framework-1.3.0-SNAPSHOT.jar:?]
	at org.apache.hadoop.ozone.protocolPB.OzoneManagerProtocolServerSideTranslatorPB.submitRequest(OzoneManagerProtocolServerSideTranslatorPB.java:147) [ozone-manager-1.3.0-SNAPSHOT.jar:?]
	at org.apache.hadoop.ozone.protocol.proto.OzoneManagerProtocolProtos$OzoneManagerService$2.callBlockingMethod(OzoneManagerProtocolProtos.java) [ozone-interface-client-1.3.0-SNAPSHOT.jar:?]
	at org.apache.hadoop.ipc.ProtobufRpcEngine$Server.processCall(ProtobufRpcEngine.java:466) [hadoop-common-3.3.1.jar:?]
	at org.apache.hadoop.ipc.ProtobufRpcEngine2$Server$ProtoBufRpcInvoker.call(ProtobufRpcEngine2.java:574) [hadoop-common-3.3.1.jar:?]
	at org.apache.hadoop.ipc.ProtobufRpcEngine2$Server$ProtoBufRpcInvoker.call(ProtobufRpcEngine2.java:552) [hadoop-common-3.3.1.jar:?]
	at org.apache.hadoop.ipc.RPC$Server.call(RPC.java:1093) [hadoop-common-3.3.1.jar:?]
	at org.apache.hadoop.ipc.Server$RpcCall.run(Server.java:1035) [hadoop-common-3.3.1.jar:?]
	at org.apache.hadoop.ipc.Server$RpcCall.run(Server.java:963) [hadoop-common-3.3.1.jar:?]
	at java.security.AccessController.doPrivileged(Native Method) ~[?:1.8.0_345]
	at javax.security.auth.Subject.doAs(Subject.java:422) [?:1.8.0_345]
	at org.apache.hadoop.security.UserGroupInformation.doAs(UserGroupInformation.java:1878) [hadoop-common-3.3.1.jar:?]
	at org.apache.hadoop.ipc.Server$Handler.run(Server.java:2966) [hadoop-common-3.3.1.jar:?]
2022-10-11 08:14:28,291 [Time-limited test] WARN  ozone.BasicOzoneFileSystem (BasicOzoneFileSystem.java:getFileStatus(765)) - GetFileStatus failed for path /testBatchDelete/parent/child6
java.io.FileNotFoundException: testBatchDelete/parent/child6: No such file or directory!
	at org.apache.hadoop.fs.ozone.BasicOzoneClientAdapterImpl.getFileStatus(BasicOzoneClientAdapterImpl.java:369)
	at org.apache.hadoop.fs.ozone.BasicOzoneFileSystem.getFileStatus(BasicOzoneFileSystem.java:757)
	at org.apache.hadoop.fs.FileSystem.exists(FileSystem.java:1760)
	at org.apache.hadoop.fs.ozone.BasicOzoneFileSystem.exists(BasicOzoneFileSystem.java:804)
	at org.apache.hadoop.fs.ozone.TestOzoneFileSystem.testFileDelete(TestOzoneFileSystem.java:534)
	at sun.reflect.NativeMethodAccessorImpl.invoke0(Native Method)
	at sun.reflect.NativeMethodAccessorImpl.invoke(NativeMethodAccessorImpl.java:62)
	at sun.reflect.DelegatingMethodAccessorImpl.invoke(DelegatingMethodAccessorImpl.java:43)
	at java.lang.reflect.Method.invoke(Method.java:498)
	at org.junit.runners.model.FrameworkMethod$1.runReflectiveCall(FrameworkMethod.java:59)
	at org.junit.internal.runners.model.ReflectiveCallable.run(ReflectiveCallable.java:12)
	at org.junit.runners.model.FrameworkMethod.invokeExplosively(FrameworkMethod.java:56)
	at org.junit.internal.runners.statements.InvokeMethod.evaluate(InvokeMethod.java:17)
	at org.junit.internal.runners.statements.RunAfters.evaluate(RunAfters.java:27)
	at org.junit.internal.runners.statements.FailOnTimeout$CallableStatement.call(FailOnTimeout.java:288)
	at org.junit.internal.runners.statements.FailOnTimeout$CallableStatement.call(FailOnTimeout.java:282)
	at java.util.concurrent.FutureTask.run(FutureTask.java:266)
	at java.lang.Thread.run(Thread.java:750)
08:14:28.292 [IPC Server handler 7 on default port 40309] ERROR OMAudit - user=runner | ip=127.0.0.1 | op=GET_FILE_STATUS {volume=volume86011, bucket=bucket73886, key=testBatchDelete/parent/childFolder/child6, dataSize=0, replicationConfig=null} | ret=FAILURE
org.apache.hadoop.ozone.om.exceptions.OMException: Unable to get file status: volume: volume86011 bucket: bucket73886 key: testBatchDelete/parent/childFolder/child6
	at org.apache.hadoop.ozone.om.KeyManagerImpl.getOzoneFileStatusFSO(KeyManagerImpl.java:1336) ~[ozone-manager-1.3.0-SNAPSHOT.jar:?]
	at org.apache.hadoop.ozone.om.KeyManagerImpl.getFileStatus(KeyManagerImpl.java:1199) ~[ozone-manager-1.3.0-SNAPSHOT.jar:?]
	at org.apache.hadoop.ozone.om.OzoneManager.getFileStatus(OzoneManager.java:3570) ~[ozone-manager-1.3.0-SNAPSHOT.jar:?]
	at org.apache.hadoop.ozone.protocolPB.OzoneManagerRequestHandler.getOzoneFileStatus(OzoneManagerRequestHandler.java:907) ~[ozone-manager-1.3.0-SNAPSHOT.jar:?]
	at org.apache.hadoop.ozone.protocolPB.OzoneManagerRequestHandler.handleReadRequest(OzoneManagerRequestHandler.java:231) ~[ozone-manager-1.3.0-SNAPSHOT.jar:?]
	at org.apache.hadoop.ozone.protocolPB.OzoneManagerProtocolServerSideTranslatorPB.submitRequestDirectlyToOM(OzoneManagerProtocolServerSideTranslatorPB.java:276) ~[ozone-manager-1.3.0-SNAPSHOT.jar:?]
	at org.apache.hadoop.ozone.protocolPB.OzoneManagerProtocolServerSideTranslatorPB.processRequest(OzoneManagerProtocolServerSideTranslatorPB.java:205) ~[ozone-manager-1.3.0-SNAPSHOT.jar:?]
	at org.apache.hadoop.hdds.server.OzoneProtocolMessageDispatcher.processRequest(OzoneProtocolMessageDispatcher.java:87) [hdds-server-framework-1.3.0-SNAPSHOT.jar:?]
	at org.apache.hadoop.ozone.protocolPB.OzoneManagerProtocolServerSideTranslatorPB.submitRequest(OzoneManagerProtocolServerSideTranslatorPB.java:147) [ozone-manager-1.3.0-SNAPSHOT.jar:?]
	at org.apache.hadoop.ozone.protocol.proto.OzoneManagerProtocolProtos$OzoneManagerService$2.callBlockingMethod(OzoneManagerProtocolProtos.java) [ozone-interface-client-1.3.0-SNAPSHOT.jar:?]
	at org.apache.hadoop.ipc.ProtobufRpcEngine$Server.processCall(ProtobufRpcEngine.java:466) [hadoop-common-3.3.1.jar:?]
	at org.apache.hadoop.ipc.ProtobufRpcEngine2$Server$ProtoBufRpcInvoker.call(ProtobufRpcEngine2.java:574) [hadoop-common-3.3.1.jar:?]
	at org.apache.hadoop.ipc.ProtobufRpcEngine2$Server$ProtoBufRpcInvoker.call(ProtobufRpcEngine2.java:552) [hadoop-common-3.3.1.jar:?]
	at org.apache.hadoop.ipc.RPC$Server.call(RPC.java:1093) [hadoop-common-3.3.1.jar:?]
	at org.apache.hadoop.ipc.Server$RpcCall.run(Server.java:1035) [hadoop-common-3.3.1.jar:?]
	at org.apache.hadoop.ipc.Server$RpcCall.run(Server.java:963) [hadoop-common-3.3.1.jar:?]
	at java.security.AccessController.doPrivileged(Native Method) ~[?:1.8.0_345]
	at javax.security.auth.Subject.doAs(Subject.java:422) [?:1.8.0_345]
	at org.apache.hadoop.security.UserGroupInformation.doAs(UserGroupInformation.java:1878) [hadoop-common-3.3.1.jar:?]
	at org.apache.hadoop.ipc.Server$Handler.run(Server.java:2966) [hadoop-common-3.3.1.jar:?]
2022-10-11 08:14:28,292 [Time-limited test] WARN  ozone.BasicOzoneFileSystem (BasicOzoneFileSystem.java:getFileStatus(765)) - GetFileStatus failed for path /testBatchDelete/parent/childFolder/child6
java.io.FileNotFoundException: testBatchDelete/parent/childFolder/child6: No such file or directory!
	at org.apache.hadoop.fs.ozone.BasicOzoneClientAdapterImpl.getFileStatus(BasicOzoneClientAdapterImpl.java:369)
	at org.apache.hadoop.fs.ozone.BasicOzoneFileSystem.getFileStatus(BasicOzoneFileSystem.java:757)
	at org.apache.hadoop.fs.FileSystem.exists(FileSystem.java:1760)
	at org.apache.hadoop.fs.ozone.BasicOzoneFileSystem.exists(BasicOzoneFileSystem.java:804)
	at org.apache.hadoop.fs.ozone.TestOzoneFileSystem.testFileDelete(TestOzoneFileSystem.java:539)
	at sun.reflect.NativeMethodAccessorImpl.invoke0(Native Method)
	at sun.reflect.NativeMethodAccessorImpl.invoke(NativeMethodAccessorImpl.java:62)
	at sun.reflect.DelegatingMethodAccessorImpl.invoke(DelegatingMethodAccessorImpl.java:43)
	at java.lang.reflect.Method.invoke(Method.java:498)
	at org.junit.runners.model.FrameworkMethod$1.runReflectiveCall(FrameworkMethod.java:59)
	at org.junit.internal.runners.model.ReflectiveCallable.run(ReflectiveCallable.java:12)
	at org.junit.runners.model.FrameworkMethod.invokeExplosively(FrameworkMethod.java:56)
	at org.junit.internal.runners.statements.InvokeMethod.evaluate(InvokeMethod.java:17)
	at org.junit.internal.runners.statements.RunAfters.evaluate(RunAfters.java:27)
	at org.junit.internal.runners.statements.FailOnTimeout$CallableStatement.call(FailOnTimeout.java:288)
	at org.junit.internal.runners.statements.FailOnTimeout$CallableStatement.call(FailOnTimeout.java:282)
	at java.util.concurrent.FutureTask.run(FutureTask.java:266)
	at java.lang.Thread.run(Thread.java:750)
08:14:28.293 [IPC Server handler 9 on default port 40309] ERROR OMAudit - user=runner | ip=127.0.0.1 | op=GET_FILE_STATUS {volume=volume86011, bucket=bucket73886, key=testBatchDelete/parent/child7, dataSize=0, replicationConfig=null} | ret=FAILURE
org.apache.hadoop.ozone.om.exceptions.OMException: Unable to get file status: volume: volume86011 bucket: bucket73886 key: testBatchDelete/parent/child7
	at org.apache.hadoop.ozone.om.KeyManagerImpl.getOzoneFileStatusFSO(KeyManagerImpl.java:1336) ~[ozone-manager-1.3.0-SNAPSHOT.jar:?]
	at org.apache.hadoop.ozone.om.KeyManagerImpl.getFileStatus(KeyManagerImpl.java:1199) ~[ozone-manager-1.3.0-SNAPSHOT.jar:?]
	at org.apache.hadoop.ozone.om.OzoneManager.getFileStatus(OzoneManager.java:3570) ~[ozone-manager-1.3.0-SNAPSHOT.jar:?]
	at org.apache.hadoop.ozone.protocolPB.OzoneManagerRequestHandler.getOzoneFileStatus(OzoneManagerRequestHandler.java:907) ~[ozone-manager-1.3.0-SNAPSHOT.jar:?]
	at org.apache.hadoop.ozone.protocolPB.OzoneManagerRequestHandler.handleReadRequest(OzoneManagerRequestHandler.java:231) ~[ozone-manager-1.3.0-SNAPSHOT.jar:?]
	at org.apache.hadoop.ozone.protocolPB.OzoneManagerProtocolServerSideTranslatorPB.submitRequestDirectlyToOM(OzoneManagerProtocolServerSideTranslatorPB.java:276) ~[ozone-manager-1.3.0-SNAPSHOT.jar:?]
	at org.apache.hadoop.ozone.protocolPB.OzoneManagerProtocolServerSideTranslatorPB.processRequest(OzoneManagerProtocolServerSideTranslatorPB.java:205) ~[ozone-manager-1.3.0-SNAPSHOT.jar:?]
	at org.apache.hadoop.hdds.server.OzoneProtocolMessageDispatcher.processRequest(OzoneProtocolMessageDispatcher.java:87) [hdds-server-framework-1.3.0-SNAPSHOT.jar:?]
	at org.apache.hadoop.ozone.protocolPB.OzoneManagerProtocolServerSideTranslatorPB.submitRequest(OzoneManagerProtocolServerSideTranslatorPB.java:147) [ozone-manager-1.3.0-SNAPSHOT.jar:?]
	at org.apache.hadoop.ozone.protocol.proto.OzoneManagerProtocolProtos$OzoneManagerService$2.callBlockingMethod(OzoneManagerProtocolProtos.java) [ozone-interface-client-1.3.0-SNAPSHOT.jar:?]
	at org.apache.hadoop.ipc.ProtobufRpcEngine$Server.processCall(ProtobufRpcEngine.java:466) [hadoop-common-3.3.1.jar:?]
	at org.apache.hadoop.ipc.ProtobufRpcEngine2$Server$ProtoBufRpcInvoker.call(ProtobufRpcEngine2.java:574) [hadoop-common-3.3.1.jar:?]
	at org.apache.hadoop.ipc.ProtobufRpcEngine2$Server$ProtoBufRpcInvoker.call(ProtobufRpcEngine2.java:552) [hadoop-common-3.3.1.jar:?]
	at org.apache.hadoop.ipc.RPC$Server.call(RPC.java:1093) [hadoop-common-3.3.1.jar:?]
	at org.apache.hadoop.ipc.Server$RpcCall.run(Server.java:1035) [hadoop-common-3.3.1.jar:?]
	at org.apache.hadoop.ipc.Server$RpcCall.run(Server.java:963) [hadoop-common-3.3.1.jar:?]
	at java.security.AccessController.doPrivileged(Native Method) ~[?:1.8.0_345]
	at javax.security.auth.Subject.doAs(Subject.java:422) [?:1.8.0_345]
	at org.apache.hadoop.security.UserGroupInformation.doAs(UserGroupInformation.java:1878) [hadoop-common-3.3.1.jar:?]
	at org.apache.hadoop.ipc.Server$Handler.run(Server.java:2966) [hadoop-common-3.3.1.jar:?]
2022-10-11 08:14:28,293 [Time-limited test] WARN  ozone.BasicOzoneFileSystem (BasicOzoneFileSystem.java:getFileStatus(765)) - GetFileStatus failed for path /testBatchDelete/parent/child7
java.io.FileNotFoundException: testBatchDelete/parent/child7: No such file or directory!
	at org.apache.hadoop.fs.ozone.BasicOzoneClientAdapterImpl.getFileStatus(BasicOzoneClientAdapterImpl.java:369)
	at org.apache.hadoop.fs.ozone.BasicOzoneFileSystem.getFileStatus(BasicOzoneFileSystem.java:757)
	at org.apache.hadoop.fs.FileSystem.exists(FileSystem.java:1760)
	at org.apache.hadoop.fs.ozone.BasicOzoneFileSystem.exists(BasicOzoneFileSystem.java:804)
	at org.apache.hadoop.fs.ozone.TestOzoneFileSystem.testFileDelete(TestOzoneFileSystem.java:534)
	at sun.reflect.NativeMethodAccessorImpl.invoke0(Native Method)
	at sun.reflect.NativeMethodAccessorImpl.invoke(NativeMethodAccessorImpl.java:62)
	at sun.reflect.DelegatingMethodAccessorImpl.invoke(DelegatingMethodAccessorImpl.java:43)
	at java.lang.reflect.Method.invoke(Method.java:498)
	at org.junit.runners.model.FrameworkMethod$1.runReflectiveCall(FrameworkMethod.java:59)
	at org.junit.internal.runners.model.ReflectiveCallable.run(ReflectiveCallable.java:12)
	at org.junit.runners.model.FrameworkMethod.invokeExplosively(FrameworkMethod.java:56)
	at org.junit.internal.runners.statements.InvokeMethod.evaluate(InvokeMethod.java:17)
	at org.junit.internal.runners.statements.RunAfters.evaluate(RunAfters.java:27)
	at org.junit.internal.runners.statements.FailOnTimeout$CallableStatement.call(FailOnTimeout.java:288)
	at org.junit.internal.runners.statements.FailOnTimeout$CallableStatement.call(FailOnTimeout.java:282)
	at java.util.concurrent.FutureTask.run(FutureTask.java:266)
	at java.lang.Thread.run(Thread.java:750)
08:14:28.294 [IPC Server handler 8 on default port 40309] ERROR OMAudit - user=runner | ip=127.0.0.1 | op=GET_FILE_STATUS {volume=volume86011, bucket=bucket73886, key=testBatchDelete/parent/childFolder/child7, dataSize=0, replicationConfig=null} | ret=FAILURE
org.apache.hadoop.ozone.om.exceptions.OMException: Unable to get file status: volume: volume86011 bucket: bucket73886 key: testBatchDelete/parent/childFolder/child7
	at org.apache.hadoop.ozone.om.KeyManagerImpl.getOzoneFileStatusFSO(KeyManagerImpl.java:1336) ~[ozone-manager-1.3.0-SNAPSHOT.jar:?]
	at org.apache.hadoop.ozone.om.KeyManagerImpl.getFileStatus(KeyManagerImpl.java:1199) ~[ozone-manager-1.3.0-SNAPSHOT.jar:?]
	at org.apache.hadoop.ozone.om.OzoneManager.getFileStatus(OzoneManager.java:3570) ~[ozone-manager-1.3.0-SNAPSHOT.jar:?]
	at org.apache.hadoop.ozone.protocolPB.OzoneManagerRequestHandler.getOzoneFileStatus(OzoneManagerRequestHandler.java:907) ~[ozone-manager-1.3.0-SNAPSHOT.jar:?]
	at org.apache.hadoop.ozone.protocolPB.OzoneManagerRequestHandler.handleReadRequest(OzoneManagerRequestHandler.java:231) ~[ozone-manager-1.3.0-SNAPSHOT.jar:?]
	at org.apache.hadoop.ozone.protocolPB.OzoneManagerProtocolServerSideTranslatorPB.submitRequestDirectlyToOM(OzoneManagerProtocolServerSideTranslatorPB.java:276) ~[ozone-manager-1.3.0-SNAPSHOT.jar:?]
	at org.apache.hadoop.ozone.protocolPB.OzoneManagerProtocolServerSideTranslatorPB.processRequest(OzoneManagerProtocolServerSideTranslatorPB.java:205) ~[ozone-manager-1.3.0-SNAPSHOT.jar:?]
	at org.apache.hadoop.hdds.server.OzoneProtocolMessageDispatcher.processRequest(OzoneProtocolMessageDispatcher.java:87) [hdds-server-framework-1.3.0-SNAPSHOT.jar:?]
	at org.apache.hadoop.ozone.protocolPB.OzoneManagerProtocolServerSideTranslatorPB.submitRequest(OzoneManagerProtocolServerSideTranslatorPB.java:147) [ozone-manager-1.3.0-SNAPSHOT.jar:?]
	at org.apache.hadoop.ozone.protocol.proto.OzoneManagerProtocolProtos$OzoneManagerService$2.callBlockingMethod(OzoneManagerProtocolProtos.java) [ozone-interface-client-1.3.0-SNAPSHOT.jar:?]
	at org.apache.hadoop.ipc.ProtobufRpcEngine$Server.processCall(ProtobufRpcEngine.java:466) [hadoop-common-3.3.1.jar:?]
	at org.apache.hadoop.ipc.ProtobufRpcEngine2$Server$ProtoBufRpcInvoker.call(ProtobufRpcEngine2.java:574) [hadoop-common-3.3.1.jar:?]
	at org.apache.hadoop.ipc.ProtobufRpcEngine2$Server$ProtoBufRpcInvoker.call(ProtobufRpcEngine2.java:552) [hadoop-common-3.3.1.jar:?]
	at org.apache.hadoop.ipc.RPC$Server.call(RPC.java:1093) [hadoop-common-3.3.1.jar:?]
	at org.apache.hadoop.ipc.Server$RpcCall.run(Server.java:1035) [hadoop-common-3.3.1.jar:?]
	at org.apache.hadoop.ipc.Server$RpcCall.run(Server.java:963) [hadoop-common-3.3.1.jar:?]
	at java.security.AccessController.doPrivileged(Native Method) ~[?:1.8.0_345]
	at javax.security.auth.Subject.doAs(Subject.java:422) [?:1.8.0_345]
	at org.apache.hadoop.security.UserGroupInformation.doAs(UserGroupInformation.java:1878) [hadoop-common-3.3.1.jar:?]
	at org.apache.hadoop.ipc.Server$Handler.run(Server.java:2966) [hadoop-common-3.3.1.jar:?]
2022-10-11 08:14:28,294 [Time-limited test] WARN  ozone.BasicOzoneFileSystem (BasicOzoneFileSystem.java:getFileStatus(765)) - GetFileStatus failed for path /testBatchDelete/parent/childFolder/child7
java.io.FileNotFoundException: testBatchDelete/parent/childFolder/child7: No such file or directory!
	at org.apache.hadoop.fs.ozone.BasicOzoneClientAdapterImpl.getFileStatus(BasicOzoneClientAdapterImpl.java:369)
	at org.apache.hadoop.fs.ozone.BasicOzoneFileSystem.getFileStatus(BasicOzoneFileSystem.java:757)
	at org.apache.hadoop.fs.FileSystem.exists(FileSystem.java:1760)
	at org.apache.hadoop.fs.ozone.BasicOzoneFileSystem.exists(BasicOzoneFileSystem.java:804)
	at org.apache.hadoop.fs.ozone.TestOzoneFileSystem.testFileDelete(TestOzoneFileSystem.java:539)
	at sun.reflect.NativeMethodAccessorImpl.invoke0(Native Method)
	at sun.reflect.NativeMethodAccessorImpl.invoke(NativeMethodAccessorImpl.java:62)
	at sun.reflect.DelegatingMethodAccessorImpl.invoke(DelegatingMethodAccessorImpl.java:43)
	at java.lang.reflect.Method.invoke(Method.java:498)
	at org.junit.runners.model.FrameworkMethod$1.runReflectiveCall(FrameworkMethod.java:59)
	at org.junit.internal.runners.model.ReflectiveCallable.run(ReflectiveCallable.java:12)
	at org.junit.runners.model.FrameworkMethod.invokeExplosively(FrameworkMethod.java:56)
	at org.junit.internal.runners.statements.InvokeMethod.evaluate(InvokeMethod.java:17)
	at org.junit.internal.runners.statements.RunAfters.evaluate(RunAfters.java:27)
	at org.junit.internal.runners.statements.FailOnTimeout$CallableStatement.call(FailOnTimeout.java:288)
	at org.junit.internal.runners.statements.FailOnTimeout$CallableStatement.call(FailOnTimeout.java:282)
	at java.util.concurrent.FutureTask.run(FutureTask.java:266)
	at java.lang.Thread.run(Thread.java:750)
08:14:28.299 [IPC Server handler 10 on default port 40309] ERROR OMAudit - user=runner | ip=127.0.0.1 | op=DELETE_KEY {volume=volume86011, bucket=bucket73886, key=testBatchDelete/parent, dataSize=0, replicationType=NONE, replicationFactor=ZERO} | ret=FAILURE
org.apache.hadoop.ozone.om.exceptions.OMException: Unable to get file status: volume: volume86011 bucket: bucket73886 key: testBatchDelete/parent
	at org.apache.hadoop.ozone.om.OzonePrefixPathImpl.<init>(OzonePrefixPathImpl.java:67) ~[ozone-manager-1.3.0-SNAPSHOT.jar:?]
	at org.apache.hadoop.ozone.om.request.OMClientRequest.checkACLsWithFSO(OMClientRequest.java:236) ~[ozone-manager-1.3.0-SNAPSHOT.jar:?]
	at org.apache.hadoop.ozone.om.request.key.OMKeyDeleteRequestWithFSO.validateAndUpdateCache(OMKeyDeleteRequestWithFSO.java:103) ~[ozone-manager-1.3.0-SNAPSHOT.jar:?]
	at org.apache.hadoop.ozone.protocolPB.OzoneManagerRequestHandler.handleWriteRequest(OzoneManagerRequestHandler.java:311) ~[ozone-manager-1.3.0-SNAPSHOT.jar:?]
	at org.apache.hadoop.ozone.protocolPB.OzoneManagerProtocolServerSideTranslatorPB.submitRequestDirectlyToOM(OzoneManagerProtocolServerSideTranslatorPB.java:282) ~[ozone-manager-1.3.0-SNAPSHOT.jar:?]
	at org.apache.hadoop.ozone.protocolPB.OzoneManagerProtocolServerSideTranslatorPB.processRequest(OzoneManagerProtocolServerSideTranslatorPB.java:205) ~[ozone-manager-1.3.0-SNAPSHOT.jar:?]
	at org.apache.hadoop.hdds.server.OzoneProtocolMessageDispatcher.processRequest(OzoneProtocolMessageDispatcher.java:87) [hdds-server-framework-1.3.0-SNAPSHOT.jar:?]
	at org.apache.hadoop.ozone.protocolPB.OzoneManagerProtocolServerSideTranslatorPB.submitRequest(OzoneManagerProtocolServerSideTranslatorPB.java:147) [ozone-manager-1.3.0-SNAPSHOT.jar:?]
	at org.apache.hadoop.ozone.protocol.proto.OzoneManagerProtocolProtos$OzoneManagerService$2.callBlockingMethod(OzoneManagerProtocolProtos.java) [ozone-interface-client-1.3.0-SNAPSHOT.jar:?]
	at org.apache.hadoop.ipc.ProtobufRpcEngine$Server.processCall(ProtobufRpcEngine.java:466) [hadoop-common-3.3.1.jar:?]
	at org.apache.hadoop.ipc.ProtobufRpcEngine2$Server$ProtoBufRpcInvoker.call(ProtobufRpcEngine2.java:574) [hadoop-common-3.3.1.jar:?]
	at org.apache.hadoop.ipc.ProtobufRpcEngine2$Server$ProtoBufRpcInvoker.call(ProtobufRpcEngine2.java:552) [hadoop-common-3.3.1.jar:?]
	at org.apache.hadoop.ipc.RPC$Server.call(RPC.java:1093) [hadoop-common-3.3.1.jar:?]
	at org.apache.hadoop.ipc.Server$RpcCall.run(Server.java:1035) [hadoop-common-3.3.1.jar:?]
	at org.apache.hadoop.ipc.Server$RpcCall.run(Server.java:963) [hadoop-common-3.3.1.jar:?]
	at java.security.AccessController.doPrivileged(Native Method) ~[?:1.8.0_345]
	at javax.security.auth.Subject.doAs(Subject.java:422) [?:1.8.0_345]
	at org.apache.hadoop.security.UserGroupInformation.doAs(UserGroupInformation.java:1878) [hadoop-common-3.3.1.jar:?]
	at org.apache.hadoop.ipc.Server$Handler.run(Server.java:2966) [hadoop-common-3.3.1.jar:?]
2022-10-11 08:14:28,299 [IPC Server handler 10 on default port 40309] ERROR key.OMKeyDeleteRequestWithFSO (OMKeyDeleteRequestWithFSO.java:validateAndUpdateCache(201)) - Key delete failed. Volume:volume86011, Bucket:bucket73886, Key:testBatchDelete/parent.
KEY_NOT_FOUND org.apache.hadoop.ozone.om.exceptions.OMException: Unable to get file status: volume: volume86011 bucket: bucket73886 key: testBatchDelete/parent
	at org.apache.hadoop.ozone.om.OzonePrefixPathImpl.<init>(OzonePrefixPathImpl.java:67)
	at org.apache.hadoop.ozone.om.request.OMClientRequest.checkACLsWithFSO(OMClientRequest.java:236)
	at org.apache.hadoop.ozone.om.request.key.OMKeyDeleteRequestWithFSO.validateAndUpdateCache(OMKeyDeleteRequestWithFSO.java:103)
	at org.apache.hadoop.ozone.protocolPB.OzoneManagerRequestHandler.handleWriteRequest(OzoneManagerRequestHandler.java:311)
	at org.apache.hadoop.ozone.protocolPB.OzoneManagerProtocolServerSideTranslatorPB.submitRequestDirectlyToOM(OzoneManagerProtocolServerSideTranslatorPB.java:282)
	at org.apache.hadoop.ozone.protocolPB.OzoneManagerProtocolServerSideTranslatorPB.processRequest(OzoneManagerProtocolServerSideTranslatorPB.java:205)
	at org.apache.hadoop.hdds.server.OzoneProtocolMessageDispatcher.processRequest(OzoneProtocolMessageDispatcher.java:87)
	at org.apache.hadoop.ozone.protocolPB.OzoneManagerProtocolServerSideTranslatorPB.submitRequest(OzoneManagerProtocolServerSideTranslatorPB.java:147)
	at org.apache.hadoop.ozone.protocol.proto.OzoneManagerProtocolProtos$OzoneManagerService$2.callBlockingMethod(OzoneManagerProtocolProtos.java)
	at org.apache.hadoop.ipc.ProtobufRpcEngine$Server.processCall(ProtobufRpcEngine.java:466)
	at org.apache.hadoop.ipc.ProtobufRpcEngine2$Server$ProtoBufRpcInvoker.call(ProtobufRpcEngine2.java:574)
	at org.apache.hadoop.ipc.ProtobufRpcEngine2$Server$ProtoBufRpcInvoker.call(ProtobufRpcEngine2.java:552)
	at org.apache.hadoop.ipc.RPC$Server.call(RPC.java:1093)
	at org.apache.hadoop.ipc.Server$RpcCall.run(Server.java:1035)
	at org.apache.hadoop.ipc.Server$RpcCall.run(Server.java:963)
	at java.security.AccessController.doPrivileged(Native Method)
	at javax.security.auth.Subject.doAs(Subject.java:422)
	at org.apache.hadoop.security.UserGroupInformation.doAs(UserGroupInformation.java:1878)
	at org.apache.hadoop.ipc.Server$Handler.run(Server.java:2966)
2022-10-11 08:14:28,300 [Time-limited test] ERROR ozone.BasicOzoneClientAdapterImpl (BasicOzoneClientAdapterImpl.java:deleteObject(329)) - delete key failed Unable to get file status: volume: volume86011 bucket: bucket73886 key: testBatchDelete/parent
]]></system-out>
  </testcase>
  <testcase name="testListStatusIteratorOnPageSize" classname="TestOzoneFileSystemWithFSO" time="20.019">
    <failure type="java.lang.AssertionError"><![CDATA[java.lang.AssertionError: Delete root failed! expected:<0> but was:<1>
	at org.junit.Assert.fail(Assert.java:89)
	at org.junit.Assert.failNotEquals(Assert.java:835)
	at org.junit.Assert.assertEquals(Assert.java:647)
	at org.apache.hadoop.fs.ozone.TestOzoneFileSystem.deleteRootDir(TestOzoneFileSystem.java:749)
	at org.apache.hadoop.fs.ozone.TestOzoneFileSystemWithFSO.cleanup(TestOzoneFileSystemWithFSO.java:84)
	at sun.reflect.GeneratedMethodAccessor44.invoke(Unknown Source)
	at sun.reflect.DelegatingMethodAccessorImpl.invoke(DelegatingMethodAccessorImpl.java:43)
	at java.lang.reflect.Method.invoke(Method.java:498)
	at org.junit.runners.model.FrameworkMethod$1.runReflectiveCall(FrameworkMethod.java:59)
	at org.junit.internal.runners.model.ReflectiveCallable.run(ReflectiveCallable.java:12)
	at org.junit.runners.model.FrameworkMethod.invokeExplosively(FrameworkMethod.java:56)
	at org.junit.internal.runners.statements.RunAfters.invokeMethod(RunAfters.java:46)
	at org.junit.internal.runners.statements.RunAfters.evaluate(RunAfters.java:33)
	at org.junit.internal.runners.statements.FailOnTimeout$CallableStatement.call(FailOnTimeout.java:288)
	at org.junit.internal.runners.statements.FailOnTimeout$CallableStatement.call(FailOnTimeout.java:282)
	at java.util.concurrent.FutureTask.run(FutureTask.java:266)
	at java.lang.Thread.run(Thread.java:750)
]]></failure>
    <system-out><![CDATA[2022-10-11 08:13:05,987 [Under Replicated Processor] INFO  replication.UnderReplicatedProcessor (UnderReplicatedProcessor.java:processAll(92)) - Processed 0 under replicated containers, failed processing 0
2022-10-11 08:13:05,999 [Over Replicated Processor] INFO  replication.OverReplicatedProcessor (OverReplicatedProcessor.java:processAll(90)) - Processed 0 over replicated containers, failed processing 0
]]></system-out>
  </testcase>
  <testcase name="testListStatusIteratorOnPageSize" classname="TestOzoneFileSystemWithFSO" time="11.263"/>
  <testcase name="testRenameToTrashEnabled" classname="TestOzoneFileSystemWithFSO" time="0.135">
    <system-out><![CDATA[08:13:21.139 [IPC Server handler 11 on default port 39113] ERROR OMAudit - user=runner | ip=127.0.0.1 | op=GET_FILE_STATUS {volume=volume56107, bucket=bucket11984, key=.Trash/runner/Current/testKey1, dataSize=0, replicationConfig=null} | ret=FAILURE
org.apache.hadoop.ozone.om.exceptions.OMException: Unable to get file status: volume: volume56107 bucket: bucket11984 key: .Trash/runner/Current/testKey1
	at org.apache.hadoop.ozone.om.KeyManagerImpl.getOzoneFileStatusFSO(KeyManagerImpl.java:1336) ~[ozone-manager-1.3.0-SNAPSHOT.jar:?]
	at org.apache.hadoop.ozone.om.KeyManagerImpl.getFileStatus(KeyManagerImpl.java:1199) ~[ozone-manager-1.3.0-SNAPSHOT.jar:?]
	at org.apache.hadoop.ozone.om.OzoneManager.getFileStatus(OzoneManager.java:3570) ~[ozone-manager-1.3.0-SNAPSHOT.jar:?]
	at org.apache.hadoop.ozone.protocolPB.OzoneManagerRequestHandler.getOzoneFileStatus(OzoneManagerRequestHandler.java:907) ~[ozone-manager-1.3.0-SNAPSHOT.jar:?]
	at org.apache.hadoop.ozone.protocolPB.OzoneManagerRequestHandler.handleReadRequest(OzoneManagerRequestHandler.java:231) ~[ozone-manager-1.3.0-SNAPSHOT.jar:?]
	at org.apache.hadoop.ozone.protocolPB.OzoneManagerProtocolServerSideTranslatorPB.submitReadRequestToOM(OzoneManagerProtocolServerSideTranslatorPB.java:226) ~[ozone-manager-1.3.0-SNAPSHOT.jar:?]
	at org.apache.hadoop.ozone.protocolPB.OzoneManagerProtocolServerSideTranslatorPB.processRequest(OzoneManagerProtocolServerSideTranslatorPB.java:175) ~[ozone-manager-1.3.0-SNAPSHOT.jar:?]
	at org.apache.hadoop.hdds.server.OzoneProtocolMessageDispatcher.processRequest(OzoneProtocolMessageDispatcher.java:87) [hdds-server-framework-1.3.0-SNAPSHOT.jar:?]
	at org.apache.hadoop.ozone.protocolPB.OzoneManagerProtocolServerSideTranslatorPB.submitRequest(OzoneManagerProtocolServerSideTranslatorPB.java:147) [ozone-manager-1.3.0-SNAPSHOT.jar:?]
	at org.apache.hadoop.ozone.protocol.proto.OzoneManagerProtocolProtos$OzoneManagerService$2.callBlockingMethod(OzoneManagerProtocolProtos.java) [ozone-interface-client-1.3.0-SNAPSHOT.jar:?]
	at org.apache.hadoop.ipc.ProtobufRpcEngine$Server.processCall(ProtobufRpcEngine.java:466) [hadoop-common-3.3.1.jar:?]
	at org.apache.hadoop.ipc.ProtobufRpcEngine2$Server$ProtoBufRpcInvoker.call(ProtobufRpcEngine2.java:574) [hadoop-common-3.3.1.jar:?]
	at org.apache.hadoop.ipc.ProtobufRpcEngine2$Server$ProtoBufRpcInvoker.call(ProtobufRpcEngine2.java:552) [hadoop-common-3.3.1.jar:?]
	at org.apache.hadoop.ipc.RPC$Server.call(RPC.java:1093) [hadoop-common-3.3.1.jar:?]
	at org.apache.hadoop.ipc.Server$RpcCall.run(Server.java:1035) [hadoop-common-3.3.1.jar:?]
	at org.apache.hadoop.ipc.Server$RpcCall.run(Server.java:963) [hadoop-common-3.3.1.jar:?]
	at java.security.AccessController.doPrivileged(Native Method) ~[?:1.8.0_345]
	at javax.security.auth.Subject.doAs(Subject.java:422) [?:1.8.0_345]
	at org.apache.hadoop.security.UserGroupInformation.doAs(UserGroupInformation.java:1878) [hadoop-common-3.3.1.jar:?]
	at org.apache.hadoop.ipc.Server$Handler.run(Server.java:2966) [hadoop-common-3.3.1.jar:?]
2022-10-11 08:13:21,140 [Time-limited test] WARN  ozone.BasicOzoneFileSystem (BasicOzoneFileSystem.java:getFileStatus(765)) - GetFileStatus failed for path /.Trash/runner/Current/testKey1
java.io.FileNotFoundException: .Trash/runner/Current/testKey1: No such file or directory!
	at org.apache.hadoop.fs.ozone.BasicOzoneClientAdapterImpl.getFileStatus(BasicOzoneClientAdapterImpl.java:369)
	at org.apache.hadoop.fs.ozone.BasicOzoneFileSystem.getFileStatus(BasicOzoneFileSystem.java:757)
	at org.apache.hadoop.fs.FileSystem.exists(FileSystem.java:1760)
	at org.apache.hadoop.fs.ozone.BasicOzoneFileSystem.exists(BasicOzoneFileSystem.java:804)
	at org.apache.hadoop.fs.TrashPolicyDefault.moveToTrash(TrashPolicyDefault.java:181)
	at org.apache.hadoop.fs.Trash.moveToTrash(Trash.java:110)
	at org.apache.hadoop.fs.ozone.TestOzoneFileSystem.testRenameToTrashEnabled(TestOzoneFileSystem.java:1549)
	at sun.reflect.NativeMethodAccessorImpl.invoke0(Native Method)
	at sun.reflect.NativeMethodAccessorImpl.invoke(NativeMethodAccessorImpl.java:62)
	at sun.reflect.DelegatingMethodAccessorImpl.invoke(DelegatingMethodAccessorImpl.java:43)
	at java.lang.reflect.Method.invoke(Method.java:498)
	at org.junit.runners.model.FrameworkMethod$1.runReflectiveCall(FrameworkMethod.java:59)
	at org.junit.internal.runners.model.ReflectiveCallable.run(ReflectiveCallable.java:12)
	at org.junit.runners.model.FrameworkMethod.invokeExplosively(FrameworkMethod.java:56)
	at org.junit.internal.runners.statements.InvokeMethod.evaluate(InvokeMethod.java:17)
	at org.junit.internal.runners.statements.RunAfters.evaluate(RunAfters.java:27)
	at org.junit.internal.runners.statements.FailOnTimeout$CallableStatement.call(FailOnTimeout.java:288)
	at org.junit.internal.runners.statements.FailOnTimeout$CallableStatement.call(FailOnTimeout.java:282)
	at java.util.concurrent.FutureTask.run(FutureTask.java:266)
	at java.lang.Thread.run(Thread.java:750)
2022-10-11 08:13:21,142 [Time-limited test] INFO  fs.TrashPolicyDefault (TrashPolicyDefault.java:moveToTrash(188)) - Moved: '/testKey1' to trash at: /.Trash/runner/Current/testKey1
]]></system-out>
  </testcase>
  <testcase name="testRenameToTrashEnabled" classname="TestOzoneFileSystemWithFSO" time="0.331">
    <system-out><![CDATA[08:14:39.872 [IPC Server handler 9 on default port 40309] ERROR OMAudit - user=runner | ip=127.0.0.1 | op=GET_FILE_STATUS {volume=volume86011, bucket=bucket73886, key=.Trash/runner/Current/testKey1, dataSize=0, replicationConfig=null} | ret=FAILURE
org.apache.hadoop.ozone.om.exceptions.OMException: Unable to get file status: volume: volume86011 bucket: bucket73886 key: .Trash/runner/Current/testKey1
	at org.apache.hadoop.ozone.om.KeyManagerImpl.getOzoneFileStatusFSO(KeyManagerImpl.java:1336) ~[ozone-manager-1.3.0-SNAPSHOT.jar:?]
	at org.apache.hadoop.ozone.om.KeyManagerImpl.getFileStatus(KeyManagerImpl.java:1199) ~[ozone-manager-1.3.0-SNAPSHOT.jar:?]
	at org.apache.hadoop.ozone.om.OzoneManager.getFileStatus(OzoneManager.java:3570) ~[ozone-manager-1.3.0-SNAPSHOT.jar:?]
	at org.apache.hadoop.ozone.protocolPB.OzoneManagerRequestHandler.getOzoneFileStatus(OzoneManagerRequestHandler.java:907) ~[ozone-manager-1.3.0-SNAPSHOT.jar:?]
	at org.apache.hadoop.ozone.protocolPB.OzoneManagerRequestHandler.handleReadRequest(OzoneManagerRequestHandler.java:231) ~[ozone-manager-1.3.0-SNAPSHOT.jar:?]
	at org.apache.hadoop.ozone.protocolPB.OzoneManagerProtocolServerSideTranslatorPB.submitRequestDirectlyToOM(OzoneManagerProtocolServerSideTranslatorPB.java:276) ~[ozone-manager-1.3.0-SNAPSHOT.jar:?]
	at org.apache.hadoop.ozone.protocolPB.OzoneManagerProtocolServerSideTranslatorPB.processRequest(OzoneManagerProtocolServerSideTranslatorPB.java:205) ~[ozone-manager-1.3.0-SNAPSHOT.jar:?]
	at org.apache.hadoop.hdds.server.OzoneProtocolMessageDispatcher.processRequest(OzoneProtocolMessageDispatcher.java:87) [hdds-server-framework-1.3.0-SNAPSHOT.jar:?]
	at org.apache.hadoop.ozone.protocolPB.OzoneManagerProtocolServerSideTranslatorPB.submitRequest(OzoneManagerProtocolServerSideTranslatorPB.java:147) [ozone-manager-1.3.0-SNAPSHOT.jar:?]
	at org.apache.hadoop.ozone.protocol.proto.OzoneManagerProtocolProtos$OzoneManagerService$2.callBlockingMethod(OzoneManagerProtocolProtos.java) [ozone-interface-client-1.3.0-SNAPSHOT.jar:?]
	at org.apache.hadoop.ipc.ProtobufRpcEngine$Server.processCall(ProtobufRpcEngine.java:466) [hadoop-common-3.3.1.jar:?]
	at org.apache.hadoop.ipc.ProtobufRpcEngine2$Server$ProtoBufRpcInvoker.call(ProtobufRpcEngine2.java:574) [hadoop-common-3.3.1.jar:?]
	at org.apache.hadoop.ipc.ProtobufRpcEngine2$Server$ProtoBufRpcInvoker.call(ProtobufRpcEngine2.java:552) [hadoop-common-3.3.1.jar:?]
	at org.apache.hadoop.ipc.RPC$Server.call(RPC.java:1093) [hadoop-common-3.3.1.jar:?]
	at org.apache.hadoop.ipc.Server$RpcCall.run(Server.java:1035) [hadoop-common-3.3.1.jar:?]
	at org.apache.hadoop.ipc.Server$RpcCall.run(Server.java:963) [hadoop-common-3.3.1.jar:?]
	at java.security.AccessController.doPrivileged(Native Method) ~[?:1.8.0_345]
	at javax.security.auth.Subject.doAs(Subject.java:422) [?:1.8.0_345]
	at org.apache.hadoop.security.UserGroupInformation.doAs(UserGroupInformation.java:1878) [hadoop-common-3.3.1.jar:?]
	at org.apache.hadoop.ipc.Server$Handler.run(Server.java:2966) [hadoop-common-3.3.1.jar:?]
2022-10-11 08:14:39,872 [Time-limited test] WARN  ozone.BasicOzoneFileSystem (BasicOzoneFileSystem.java:getFileStatus(765)) - GetFileStatus failed for path /.Trash/runner/Current/testKey1
java.io.FileNotFoundException: .Trash/runner/Current/testKey1: No such file or directory!
	at org.apache.hadoop.fs.ozone.BasicOzoneClientAdapterImpl.getFileStatus(BasicOzoneClientAdapterImpl.java:369)
	at org.apache.hadoop.fs.ozone.BasicOzoneFileSystem.getFileStatus(BasicOzoneFileSystem.java:757)
	at org.apache.hadoop.fs.FileSystem.exists(FileSystem.java:1760)
	at org.apache.hadoop.fs.ozone.BasicOzoneFileSystem.exists(BasicOzoneFileSystem.java:804)
	at org.apache.hadoop.fs.TrashPolicyDefault.moveToTrash(TrashPolicyDefault.java:181)
	at org.apache.hadoop.fs.Trash.moveToTrash(Trash.java:110)
	at org.apache.hadoop.fs.ozone.TestOzoneFileSystem.testRenameToTrashEnabled(TestOzoneFileSystem.java:1549)
	at sun.reflect.NativeMethodAccessorImpl.invoke0(Native Method)
	at sun.reflect.NativeMethodAccessorImpl.invoke(NativeMethodAccessorImpl.java:62)
	at sun.reflect.DelegatingMethodAccessorImpl.invoke(DelegatingMethodAccessorImpl.java:43)
	at java.lang.reflect.Method.invoke(Method.java:498)
	at org.junit.runners.model.FrameworkMethod$1.runReflectiveCall(FrameworkMethod.java:59)
	at org.junit.internal.runners.model.ReflectiveCallable.run(ReflectiveCallable.java:12)
	at org.junit.runners.model.FrameworkMethod.invokeExplosively(FrameworkMethod.java:56)
	at org.junit.internal.runners.statements.InvokeMethod.evaluate(InvokeMethod.java:17)
	at org.junit.internal.runners.statements.RunAfters.evaluate(RunAfters.java:27)
	at org.junit.internal.runners.statements.FailOnTimeout$CallableStatement.call(FailOnTimeout.java:288)
	at org.junit.internal.runners.statements.FailOnTimeout$CallableStatement.call(FailOnTimeout.java:282)
	at java.util.concurrent.FutureTask.run(FutureTask.java:266)
	at java.lang.Thread.run(Thread.java:750)
2022-10-11 08:14:39,886 [Time-limited test] INFO  fs.TrashPolicyDefault (TrashPolicyDefault.java:moveToTrash(188)) - Moved: '/testKey1' to trash at: /.Trash/runner/Current/testKey1
]]></system-out>
  </testcase>
  <testcase name="testRenameSourceAndDestinAreSame" classname="TestOzoneFileSystemWithFSO" time="0.015"/>
  <testcase name="testRenameSourceAndDestinAreSame" classname="TestOzoneFileSystemWithFSO" time="0.036"/>
  <testcase name="testListStatusIteratorWithDir" classname="TestOzoneFileSystemWithFSO" time="0.029"/>
  <testcase name="testListStatusIteratorWithDir" classname="TestOzoneFileSystemWithFSO" time="0.028"/>
  <testcase name="testCreateKeyShouldUseRefreshedBucketReplicationConfig" classname="TestOzoneFileSystemWithFSO" time="0.286">
    <system-out><![CDATA[2022-10-11 08:13:21,224 [Time-limited test] INFO  rpc.RpcClient (RpcClient.java:createVolume(471)) - Creating Volume: volume93901, with user70997 as owner and space quota set to -1 bytes, counts quota set to -1
2022-10-11 08:13:21,227 [OM StateMachine ApplyTransaction Thread - 0] INFO  volume.OMVolumeCreateRequest (OMVolumeCreateRequest.java:validateAndUpdateCache(195)) - created volume:volume93901 for user:user70997
2022-10-11 08:13:21,229 [Time-limited test] INFO  rpc.RpcClient (RpcClient.java:createBucket(674)) - Creating Bucket: volume93901/bucket21273, with bucket layout FILE_SYSTEM_OPTIMIZED, runner as owner, Versioning false, Storage Type set to DISK and Encryption set to false 
2022-10-11 08:13:21,231 [OM StateMachine ApplyTransaction Thread - 0] INFO  bucket.OMBucketCreateRequest (OMBucketCreateRequest.java:validateAndUpdateCache(260)) - created bucket: bucket21273 of layout FILE_SYSTEM_OPTIMIZED in volume: volume93901
2022-10-11 08:13:21,287 [IPC Server handler 15 on default port 38229] INFO  pipeline.PipelineStateManagerImpl (PipelineStateManagerImpl.java:addPipeline(103)) - Created pipeline Pipeline[ Id: ab5f6a4a-7cfb-4f77-ab7d-9bfcbc751ec3, Nodes: 14b70a86-5100-4ed6-950c-f7248b89b6df{ip: 10.1.0.76, host: fv-az208-128.kmgg0fu2myoezeajip4j0sfi3d.cx.internal.cloudapp.net, ports: [REPLICATION=41539, RATIS=40211, RATIS_ADMIN=40211, RATIS_SERVER=40211, STANDALONE=45221], networkLocation: /default-rack, certSerialId: null, persistedOpState: null, persistedOpStateExpiryEpochSec: 0}c63b842e-4a18-4309-8e5f-a8e0aaa5a343{ip: 10.1.0.76, host: fv-az208-128.kmgg0fu2myoezeajip4j0sfi3d.cx.internal.cloudapp.net, ports: [REPLICATION=35169, RATIS=38751, RATIS_ADMIN=38751, RATIS_SERVER=38751, STANDALONE=46681], networkLocation: /default-rack, certSerialId: null, persistedOpState: null, persistedOpStateExpiryEpochSec: 0}d1cf34d5-c92a-430e-aa0c-9bc6323d5bcc{ip: 10.1.0.76, host: fv-az208-128.kmgg0fu2myoezeajip4j0sfi3d.cx.internal.cloudapp.net, ports: [REPLICATION=39895, RATIS=35681, RATIS_ADMIN=35681, RATIS_SERVER=35681, STANDALONE=43135], networkLocation: /default-rack, certSerialId: null, persistedOpState: null, persistedOpStateExpiryEpochSec: 0}dfd1ace6-5921-4c65-82d6-ac571288ab09{ip: 10.1.0.76, host: fv-az208-128.kmgg0fu2myoezeajip4j0sfi3d.cx.internal.cloudapp.net, ports: [REPLICATION=40621, RATIS=40081, RATIS_ADMIN=40081, RATIS_SERVER=40081, STANDALONE=45441], networkLocation: /default-rack, certSerialId: null, persistedOpState: null, persistedOpStateExpiryEpochSec: 0}fa8aad91-dc65-4636-ad1d-3225222ce3fd{ip: 10.1.0.76, host: fv-az208-128.kmgg0fu2myoezeajip4j0sfi3d.cx.internal.cloudapp.net, ports: [REPLICATION=35313, RATIS=41289, RATIS_ADMIN=41289, RATIS_SERVER=41289, STANDALONE=43933], networkLocation: /default-rack, certSerialId: null, persistedOpState: null, persistedOpStateExpiryEpochSec: 0}, ReplicationConfig: EC/ECReplicationConfig{data=3, parity=2, ecChunkSize=1048576, codec=rs}, State:ALLOCATED, leaderId:, CreationTimestamp2022-10-11T08:13:21.286Z[Etc/UTC]].
2022-10-11 08:13:21,287 [IPC Server handler 15 on default port 38229] INFO  pipeline.PipelineManagerImpl (PipelineManagerImpl.java:openPipeline(367)) - Pipeline Pipeline[ Id: ab5f6a4a-7cfb-4f77-ab7d-9bfcbc751ec3, Nodes: 14b70a86-5100-4ed6-950c-f7248b89b6df{ip: 10.1.0.76, host: fv-az208-128.kmgg0fu2myoezeajip4j0sfi3d.cx.internal.cloudapp.net, ports: [REPLICATION=41539, RATIS=40211, RATIS_ADMIN=40211, RATIS_SERVER=40211, STANDALONE=45221], networkLocation: /default-rack, certSerialId: null, persistedOpState: null, persistedOpStateExpiryEpochSec: 0}c63b842e-4a18-4309-8e5f-a8e0aaa5a343{ip: 10.1.0.76, host: fv-az208-128.kmgg0fu2myoezeajip4j0sfi3d.cx.internal.cloudapp.net, ports: [REPLICATION=35169, RATIS=38751, RATIS_ADMIN=38751, RATIS_SERVER=38751, STANDALONE=46681], networkLocation: /default-rack, certSerialId: null, persistedOpState: null, persistedOpStateExpiryEpochSec: 0}d1cf34d5-c92a-430e-aa0c-9bc6323d5bcc{ip: 10.1.0.76, host: fv-az208-128.kmgg0fu2myoezeajip4j0sfi3d.cx.internal.cloudapp.net, ports: [REPLICATION=39895, RATIS=35681, RATIS_ADMIN=35681, RATIS_SERVER=35681, STANDALONE=43135], networkLocation: /default-rack, certSerialId: null, persistedOpState: null, persistedOpStateExpiryEpochSec: 0}dfd1ace6-5921-4c65-82d6-ac571288ab09{ip: 10.1.0.76, host: fv-az208-128.kmgg0fu2myoezeajip4j0sfi3d.cx.internal.cloudapp.net, ports: [REPLICATION=40621, RATIS=40081, RATIS_ADMIN=40081, RATIS_SERVER=40081, STANDALONE=45441], networkLocation: /default-rack, certSerialId: null, persistedOpState: null, persistedOpStateExpiryEpochSec: 0}fa8aad91-dc65-4636-ad1d-3225222ce3fd{ip: 10.1.0.76, host: fv-az208-128.kmgg0fu2myoezeajip4j0sfi3d.cx.internal.cloudapp.net, ports: [REPLICATION=35313, RATIS=41289, RATIS_ADMIN=41289, RATIS_SERVER=41289, STANDALONE=43933], networkLocation: /default-rack, certSerialId: null, persistedOpState: null, persistedOpStateExpiryEpochSec: 0}, ReplicationConfig: EC/ECReplicationConfig{data=3, parity=2, ecChunkSize=1048576, codec=rs}, State:ALLOCATED, leaderId:, CreationTimestamp2022-10-11T08:13:21.286Z[Etc/UTC]] moved to OPEN state
2022-10-11 08:13:21,328 [Time-limited test] WARN  erasurecode.ErasureCodeNative (ErasureCodeNative.java:<clinit>(55)) - ISA-L support is not available in your platform... using builtin-java codec where applicable
2022-10-11 08:13:21,434 [IPC Server handler 13 on default port 38229] INFO  pipeline.PipelineStateManagerImpl (PipelineStateManagerImpl.java:addPipeline(103)) - Created pipeline Pipeline[ Id: 1a9634a5-aad5-4e3f-99bf-94569f4a6709, Nodes: 14b70a86-5100-4ed6-950c-f7248b89b6df{ip: 10.1.0.76, host: fv-az208-128.kmgg0fu2myoezeajip4j0sfi3d.cx.internal.cloudapp.net, ports: [REPLICATION=41539, RATIS=40211, RATIS_ADMIN=40211, RATIS_SERVER=40211, STANDALONE=45221], networkLocation: /default-rack, certSerialId: null, persistedOpState: null, persistedOpStateExpiryEpochSec: 0}fa8aad91-dc65-4636-ad1d-3225222ce3fd{ip: 10.1.0.76, host: fv-az208-128.kmgg0fu2myoezeajip4j0sfi3d.cx.internal.cloudapp.net, ports: [REPLICATION=35313, RATIS=41289, RATIS_ADMIN=41289, RATIS_SERVER=41289, STANDALONE=43933], networkLocation: /default-rack, certSerialId: null, persistedOpState: null, persistedOpStateExpiryEpochSec: 0}d1cf34d5-c92a-430e-aa0c-9bc6323d5bcc{ip: 10.1.0.76, host: fv-az208-128.kmgg0fu2myoezeajip4j0sfi3d.cx.internal.cloudapp.net, ports: [REPLICATION=39895, RATIS=35681, RATIS_ADMIN=35681, RATIS_SERVER=35681, STANDALONE=43135], networkLocation: /default-rack, certSerialId: null, persistedOpState: null, persistedOpStateExpiryEpochSec: 0}dfd1ace6-5921-4c65-82d6-ac571288ab09{ip: 10.1.0.76, host: fv-az208-128.kmgg0fu2myoezeajip4j0sfi3d.cx.internal.cloudapp.net, ports: [REPLICATION=40621, RATIS=40081, RATIS_ADMIN=40081, RATIS_SERVER=40081, STANDALONE=45441], networkLocation: /default-rack, certSerialId: null, persistedOpState: null, persistedOpStateExpiryEpochSec: 0}c63b842e-4a18-4309-8e5f-a8e0aaa5a343{ip: 10.1.0.76, host: fv-az208-128.kmgg0fu2myoezeajip4j0sfi3d.cx.internal.cloudapp.net, ports: [REPLICATION=35169, RATIS=38751, RATIS_ADMIN=38751, RATIS_SERVER=38751, STANDALONE=46681], networkLocation: /default-rack, certSerialId: null, persistedOpState: null, persistedOpStateExpiryEpochSec: 0}, ReplicationConfig: EC/ECReplicationConfig{data=3, parity=2, ecChunkSize=1048576, codec=rs}, State:ALLOCATED, leaderId:, CreationTimestamp2022-10-11T08:13:21.434Z[Etc/UTC]].
2022-10-11 08:13:21,436 [IPC Server handler 13 on default port 38229] INFO  pipeline.PipelineManagerImpl (PipelineManagerImpl.java:openPipeline(367)) - Pipeline Pipeline[ Id: 1a9634a5-aad5-4e3f-99bf-94569f4a6709, Nodes: 14b70a86-5100-4ed6-950c-f7248b89b6df{ip: 10.1.0.76, host: fv-az208-128.kmgg0fu2myoezeajip4j0sfi3d.cx.internal.cloudapp.net, ports: [REPLICATION=41539, RATIS=40211, RATIS_ADMIN=40211, RATIS_SERVER=40211, STANDALONE=45221], networkLocation: /default-rack, certSerialId: null, persistedOpState: null, persistedOpStateExpiryEpochSec: 0}fa8aad91-dc65-4636-ad1d-3225222ce3fd{ip: 10.1.0.76, host: fv-az208-128.kmgg0fu2myoezeajip4j0sfi3d.cx.internal.cloudapp.net, ports: [REPLICATION=35313, RATIS=41289, RATIS_ADMIN=41289, RATIS_SERVER=41289, STANDALONE=43933], networkLocation: /default-rack, certSerialId: null, persistedOpState: null, persistedOpStateExpiryEpochSec: 0}d1cf34d5-c92a-430e-aa0c-9bc6323d5bcc{ip: 10.1.0.76, host: fv-az208-128.kmgg0fu2myoezeajip4j0sfi3d.cx.internal.cloudapp.net, ports: [REPLICATION=39895, RATIS=35681, RATIS_ADMIN=35681, RATIS_SERVER=35681, STANDALONE=43135], networkLocation: /default-rack, certSerialId: null, persistedOpState: null, persistedOpStateExpiryEpochSec: 0}dfd1ace6-5921-4c65-82d6-ac571288ab09{ip: 10.1.0.76, host: fv-az208-128.kmgg0fu2myoezeajip4j0sfi3d.cx.internal.cloudapp.net, ports: [REPLICATION=40621, RATIS=40081, RATIS_ADMIN=40081, RATIS_SERVER=40081, STANDALONE=45441], networkLocation: /default-rack, certSerialId: null, persistedOpState: null, persistedOpStateExpiryEpochSec: 0}c63b842e-4a18-4309-8e5f-a8e0aaa5a343{ip: 10.1.0.76, host: fv-az208-128.kmgg0fu2myoezeajip4j0sfi3d.cx.internal.cloudapp.net, ports: [REPLICATION=35169, RATIS=38751, RATIS_ADMIN=38751, RATIS_SERVER=38751, STANDALONE=46681], networkLocation: /default-rack, certSerialId: null, persistedOpState: null, persistedOpStateExpiryEpochSec: 0}, ReplicationConfig: EC/ECReplicationConfig{data=3, parity=2, ecChunkSize=1048576, codec=rs}, State:ALLOCATED, leaderId:, CreationTimestamp2022-10-11T08:13:21.434Z[Etc/UTC]] moved to OPEN state
]]></system-out>
  </testcase>
  <testcase name="testCreateKeyShouldUseRefreshedBucketReplicationConfig" classname="TestOzoneFileSystemWithFSO" time="0.272">
    <system-out><![CDATA[2022-10-11 08:14:40,056 [Time-limited test] INFO  rpc.RpcClient (RpcClient.java:createVolume(471)) - Creating Volume: volume53290, with user33282 as owner and space quota set to -1 bytes, counts quota set to -1
2022-10-11 08:14:40,057 [IPC Server handler 1 on default port 40309] INFO  volume.OMVolumeCreateRequest (OMVolumeCreateRequest.java:validateAndUpdateCache(195)) - created volume:volume53290 for user:user33282
2022-10-11 08:14:40,058 [Time-limited test] INFO  rpc.RpcClient (RpcClient.java:createBucket(674)) - Creating Bucket: volume53290/bucket48022, with bucket layout FILE_SYSTEM_OPTIMIZED, runner as owner, Versioning false, Storage Type set to DISK and Encryption set to false 
2022-10-11 08:14:40,059 [IPC Server handler 3 on default port 40309] INFO  bucket.OMBucketCreateRequest (OMBucketCreateRequest.java:validateAndUpdateCache(260)) - created bucket: bucket48022 of layout FILE_SYSTEM_OPTIMIZED in volume: volume53290
2022-10-11 08:14:40,101 [IPC Server handler 17 on default port 43875] INFO  pipeline.PipelineStateManagerImpl (PipelineStateManagerImpl.java:addPipeline(103)) - Created pipeline Pipeline[ Id: cd6ddefa-2694-4702-93e4-f4703fae4a6c, Nodes: 372aae33-6f7c-4d6f-ba4c-eadde7effafb{ip: 10.1.0.76, host: fv-az208-128.kmgg0fu2myoezeajip4j0sfi3d.cx.internal.cloudapp.net, ports: [REPLICATION=37379, RATIS=35509, RATIS_ADMIN=35509, RATIS_SERVER=35509, STANDALONE=37875], networkLocation: /default-rack, certSerialId: null, persistedOpState: null, persistedOpStateExpiryEpochSec: 0}ee19ba41-361b-4acc-833e-c4e477a5e66e{ip: 10.1.0.76, host: fv-az208-128.kmgg0fu2myoezeajip4j0sfi3d.cx.internal.cloudapp.net, ports: [REPLICATION=46179, RATIS=33325, RATIS_ADMIN=33325, RATIS_SERVER=33325, STANDALONE=41691], networkLocation: /default-rack, certSerialId: null, persistedOpState: null, persistedOpStateExpiryEpochSec: 0}1c211b8c-3572-4703-83f3-43ac8370d372{ip: 10.1.0.76, host: fv-az208-128.kmgg0fu2myoezeajip4j0sfi3d.cx.internal.cloudapp.net, ports: [REPLICATION=35729, RATIS=38781, RATIS_ADMIN=38781, RATIS_SERVER=38781, STANDALONE=37865], networkLocation: /default-rack, certSerialId: null, persistedOpState: null, persistedOpStateExpiryEpochSec: 0}9a84da48-1a2f-45a5-8375-d5813bb76e7a{ip: 10.1.0.76, host: fv-az208-128.kmgg0fu2myoezeajip4j0sfi3d.cx.internal.cloudapp.net, ports: [REPLICATION=36735, RATIS=45449, RATIS_ADMIN=45449, RATIS_SERVER=45449, STANDALONE=46775], networkLocation: /default-rack, certSerialId: null, persistedOpState: null, persistedOpStateExpiryEpochSec: 0}f7d1a98c-0d33-4cfc-a34e-9915b3815335{ip: 10.1.0.76, host: fv-az208-128.kmgg0fu2myoezeajip4j0sfi3d.cx.internal.cloudapp.net, ports: [REPLICATION=35597, RATIS=40629, RATIS_ADMIN=40629, RATIS_SERVER=40629, STANDALONE=35101], networkLocation: /default-rack, certSerialId: null, persistedOpState: null, persistedOpStateExpiryEpochSec: 0}, ReplicationConfig: EC/ECReplicationConfig{data=3, parity=2, ecChunkSize=1048576, codec=rs}, State:ALLOCATED, leaderId:, CreationTimestamp2022-10-11T08:14:40.100Z[Etc/UTC]].
2022-10-11 08:14:40,102 [IPC Server handler 17 on default port 43875] INFO  pipeline.PipelineManagerImpl (PipelineManagerImpl.java:openPipeline(367)) - Pipeline Pipeline[ Id: cd6ddefa-2694-4702-93e4-f4703fae4a6c, Nodes: 372aae33-6f7c-4d6f-ba4c-eadde7effafb{ip: 10.1.0.76, host: fv-az208-128.kmgg0fu2myoezeajip4j0sfi3d.cx.internal.cloudapp.net, ports: [REPLICATION=37379, RATIS=35509, RATIS_ADMIN=35509, RATIS_SERVER=35509, STANDALONE=37875], networkLocation: /default-rack, certSerialId: null, persistedOpState: null, persistedOpStateExpiryEpochSec: 0}ee19ba41-361b-4acc-833e-c4e477a5e66e{ip: 10.1.0.76, host: fv-az208-128.kmgg0fu2myoezeajip4j0sfi3d.cx.internal.cloudapp.net, ports: [REPLICATION=46179, RATIS=33325, RATIS_ADMIN=33325, RATIS_SERVER=33325, STANDALONE=41691], networkLocation: /default-rack, certSerialId: null, persistedOpState: null, persistedOpStateExpiryEpochSec: 0}1c211b8c-3572-4703-83f3-43ac8370d372{ip: 10.1.0.76, host: fv-az208-128.kmgg0fu2myoezeajip4j0sfi3d.cx.internal.cloudapp.net, ports: [REPLICATION=35729, RATIS=38781, RATIS_ADMIN=38781, RATIS_SERVER=38781, STANDALONE=37865], networkLocation: /default-rack, certSerialId: null, persistedOpState: null, persistedOpStateExpiryEpochSec: 0}9a84da48-1a2f-45a5-8375-d5813bb76e7a{ip: 10.1.0.76, host: fv-az208-128.kmgg0fu2myoezeajip4j0sfi3d.cx.internal.cloudapp.net, ports: [REPLICATION=36735, RATIS=45449, RATIS_ADMIN=45449, RATIS_SERVER=45449, STANDALONE=46775], networkLocation: /default-rack, certSerialId: null, persistedOpState: null, persistedOpStateExpiryEpochSec: 0}f7d1a98c-0d33-4cfc-a34e-9915b3815335{ip: 10.1.0.76, host: fv-az208-128.kmgg0fu2myoezeajip4j0sfi3d.cx.internal.cloudapp.net, ports: [REPLICATION=35597, RATIS=40629, RATIS_ADMIN=40629, RATIS_SERVER=40629, STANDALONE=35101], networkLocation: /default-rack, certSerialId: null, persistedOpState: null, persistedOpStateExpiryEpochSec: 0}, ReplicationConfig: EC/ECReplicationConfig{data=3, parity=2, ecChunkSize=1048576, codec=rs}, State:ALLOCATED, leaderId:, CreationTimestamp2022-10-11T08:14:40.100Z[Etc/UTC]] moved to OPEN state
2022-10-11 08:14:40,176 [IPC Server handler 18 on default port 43875] INFO  pipeline.PipelineStateManagerImpl (PipelineStateManagerImpl.java:addPipeline(103)) - Created pipeline Pipeline[ Id: fe30a249-d634-4595-b346-9c6579f823eb, Nodes: ee19ba41-361b-4acc-833e-c4e477a5e66e{ip: 10.1.0.76, host: fv-az208-128.kmgg0fu2myoezeajip4j0sfi3d.cx.internal.cloudapp.net, ports: [REPLICATION=46179, RATIS=33325, RATIS_ADMIN=33325, RATIS_SERVER=33325, STANDALONE=41691], networkLocation: /default-rack, certSerialId: null, persistedOpState: null, persistedOpStateExpiryEpochSec: 0}1c211b8c-3572-4703-83f3-43ac8370d372{ip: 10.1.0.76, host: fv-az208-128.kmgg0fu2myoezeajip4j0sfi3d.cx.internal.cloudapp.net, ports: [REPLICATION=35729, RATIS=38781, RATIS_ADMIN=38781, RATIS_SERVER=38781, STANDALONE=37865], networkLocation: /default-rack, certSerialId: null, persistedOpState: null, persistedOpStateExpiryEpochSec: 0}372aae33-6f7c-4d6f-ba4c-eadde7effafb{ip: 10.1.0.76, host: fv-az208-128.kmgg0fu2myoezeajip4j0sfi3d.cx.internal.cloudapp.net, ports: [REPLICATION=37379, RATIS=35509, RATIS_ADMIN=35509, RATIS_SERVER=35509, STANDALONE=37875], networkLocation: /default-rack, certSerialId: null, persistedOpState: null, persistedOpStateExpiryEpochSec: 0}f7d1a98c-0d33-4cfc-a34e-9915b3815335{ip: 10.1.0.76, host: fv-az208-128.kmgg0fu2myoezeajip4j0sfi3d.cx.internal.cloudapp.net, ports: [REPLICATION=35597, RATIS=40629, RATIS_ADMIN=40629, RATIS_SERVER=40629, STANDALONE=35101], networkLocation: /default-rack, certSerialId: null, persistedOpState: null, persistedOpStateExpiryEpochSec: 0}9a84da48-1a2f-45a5-8375-d5813bb76e7a{ip: 10.1.0.76, host: fv-az208-128.kmgg0fu2myoezeajip4j0sfi3d.cx.internal.cloudapp.net, ports: [REPLICATION=36735, RATIS=45449, RATIS_ADMIN=45449, RATIS_SERVER=45449, STANDALONE=46775], networkLocation: /default-rack, certSerialId: null, persistedOpState: null, persistedOpStateExpiryEpochSec: 0}, ReplicationConfig: EC/ECReplicationConfig{data=3, parity=2, ecChunkSize=1048576, codec=rs}, State:ALLOCATED, leaderId:, CreationTimestamp2022-10-11T08:14:40.175Z[Etc/UTC]].
2022-10-11 08:14:40,176 [IPC Server handler 18 on default port 43875] INFO  pipeline.PipelineManagerImpl (PipelineManagerImpl.java:openPipeline(367)) - Pipeline Pipeline[ Id: fe30a249-d634-4595-b346-9c6579f823eb, Nodes: ee19ba41-361b-4acc-833e-c4e477a5e66e{ip: 10.1.0.76, host: fv-az208-128.kmgg0fu2myoezeajip4j0sfi3d.cx.internal.cloudapp.net, ports: [REPLICATION=46179, RATIS=33325, RATIS_ADMIN=33325, RATIS_SERVER=33325, STANDALONE=41691], networkLocation: /default-rack, certSerialId: null, persistedOpState: null, persistedOpStateExpiryEpochSec: 0}1c211b8c-3572-4703-83f3-43ac8370d372{ip: 10.1.0.76, host: fv-az208-128.kmgg0fu2myoezeajip4j0sfi3d.cx.internal.cloudapp.net, ports: [REPLICATION=35729, RATIS=38781, RATIS_ADMIN=38781, RATIS_SERVER=38781, STANDALONE=37865], networkLocation: /default-rack, certSerialId: null, persistedOpState: null, persistedOpStateExpiryEpochSec: 0}372aae33-6f7c-4d6f-ba4c-eadde7effafb{ip: 10.1.0.76, host: fv-az208-128.kmgg0fu2myoezeajip4j0sfi3d.cx.internal.cloudapp.net, ports: [REPLICATION=37379, RATIS=35509, RATIS_ADMIN=35509, RATIS_SERVER=35509, STANDALONE=37875], networkLocation: /default-rack, certSerialId: null, persistedOpState: null, persistedOpStateExpiryEpochSec: 0}f7d1a98c-0d33-4cfc-a34e-9915b3815335{ip: 10.1.0.76, host: fv-az208-128.kmgg0fu2myoezeajip4j0sfi3d.cx.internal.cloudapp.net, ports: [REPLICATION=35597, RATIS=40629, RATIS_ADMIN=40629, RATIS_SERVER=40629, STANDALONE=35101], networkLocation: /default-rack, certSerialId: null, persistedOpState: null, persistedOpStateExpiryEpochSec: 0}9a84da48-1a2f-45a5-8375-d5813bb76e7a{ip: 10.1.0.76, host: fv-az208-128.kmgg0fu2myoezeajip4j0sfi3d.cx.internal.cloudapp.net, ports: [REPLICATION=36735, RATIS=45449, RATIS_ADMIN=45449, RATIS_SERVER=45449, STANDALONE=46775], networkLocation: /default-rack, certSerialId: null, persistedOpState: null, persistedOpStateExpiryEpochSec: 0}, ReplicationConfig: EC/ECReplicationConfig{data=3, parity=2, ecChunkSize=1048576, codec=rs}, State:ALLOCATED, leaderId:, CreationTimestamp2022-10-11T08:14:40.175Z[Etc/UTC]] moved to OPEN state
]]></system-out>
  </testcase>
  <testcase name="testListStatusIteratorOnRoot" classname="TestOzoneFileSystemWithFSO" time="0.016"/>
  <testcase name="testListStatusIteratorOnRoot" classname="TestOzoneFileSystemWithFSO" time="0.017"/>
  <testcase name="testRenameDirToFile" classname="TestOzoneFileSystemWithFSO" time="0.023">
    <system-out><![CDATA[08:13:21.514 [OM StateMachine ApplyTransaction Thread - 0] ERROR OMAudit - user=runner | ip=127.0.0.1 | op=RENAME_KEY {volume=volume56107, bucket=bucket11984, dataSize=0, replicationType=NONE, replicationFactor=ZERO, srcKey=a/b/c, dstKey=root/file1} | ret=FAILURE
org.apache.hadoop.ozone.om.exceptions.OMException: Failed to rename, key already exists root/file1
	at org.apache.hadoop.ozone.om.request.key.OMKeyRenameRequestWithFSO.validateAndUpdateCache(OMKeyRenameRequestWithFSO.java:192) ~[ozone-manager-1.3.0-SNAPSHOT.jar:?]
	at org.apache.hadoop.ozone.protocolPB.OzoneManagerRequestHandler.handleWriteRequest(OzoneManagerRequestHandler.java:311) ~[ozone-manager-1.3.0-SNAPSHOT.jar:?]
	at org.apache.hadoop.ozone.om.ratis.OzoneManagerStateMachine.runCommand(OzoneManagerStateMachine.java:529) ~[ozone-manager-1.3.0-SNAPSHOT.jar:?]
	at org.apache.hadoop.ozone.om.ratis.OzoneManagerStateMachine.lambda$1(OzoneManagerStateMachine.java:324) ~[ozone-manager-1.3.0-SNAPSHOT.jar:?]
	at java.util.concurrent.CompletableFuture$AsyncSupply.run(CompletableFuture.java:1604) [?:1.8.0_345]
	at java.util.concurrent.ThreadPoolExecutor.runWorker(ThreadPoolExecutor.java:1149) [?:1.8.0_345]
	at java.util.concurrent.ThreadPoolExecutor$Worker.run(ThreadPoolExecutor.java:624) [?:1.8.0_345]
	at java.lang.Thread.run(Thread.java:750) [?:1.8.0_345]
2022-10-11 08:13:21,514 [OM StateMachine ApplyTransaction Thread - 0] ERROR key.OMKeyRenameRequestWithFSO (OMKeyRenameRequestWithFSO.java:validateAndUpdateCache(234)) - Rename key failed for volume:volume56107 bucket:bucket11984 fromKey:a/b/c toKey:root/file1. Key: a/b/c not found.
2022-10-11 08:13:21,516 [Time-limited test] ERROR ozone.BasicOzoneFileSystem (BasicOzoneFileSystem.java:renameFSO(421)) - rename key failed: Failed to rename, key already exists root/file1. Error code: KEY_ALREADY_EXISTS source:a/b/c, destin:root/file1
]]></system-out>
  </testcase>
  <testcase name="testRenameDirToFile" classname="TestOzoneFileSystemWithFSO" time="0.013">
    <system-out><![CDATA[08:14:40.267 [IPC Server handler 3 on default port 40309] ERROR OMAudit - user=runner | ip=127.0.0.1 | op=RENAME_KEY {volume=volume86011, bucket=bucket73886, dataSize=0, replicationType=NONE, replicationFactor=ZERO, srcKey=a/b/c, dstKey=root/file1} | ret=FAILURE
org.apache.hadoop.ozone.om.exceptions.OMException: Failed to rename, key already exists root/file1
	at org.apache.hadoop.ozone.om.request.key.OMKeyRenameRequestWithFSO.validateAndUpdateCache(OMKeyRenameRequestWithFSO.java:192) ~[ozone-manager-1.3.0-SNAPSHOT.jar:?]
	at org.apache.hadoop.ozone.protocolPB.OzoneManagerRequestHandler.handleWriteRequest(OzoneManagerRequestHandler.java:311) ~[ozone-manager-1.3.0-SNAPSHOT.jar:?]
	at org.apache.hadoop.ozone.protocolPB.OzoneManagerProtocolServerSideTranslatorPB.submitRequestDirectlyToOM(OzoneManagerProtocolServerSideTranslatorPB.java:282) ~[ozone-manager-1.3.0-SNAPSHOT.jar:?]
	at org.apache.hadoop.ozone.protocolPB.OzoneManagerProtocolServerSideTranslatorPB.processRequest(OzoneManagerProtocolServerSideTranslatorPB.java:205) ~[ozone-manager-1.3.0-SNAPSHOT.jar:?]
	at org.apache.hadoop.hdds.server.OzoneProtocolMessageDispatcher.processRequest(OzoneProtocolMessageDispatcher.java:87) [hdds-server-framework-1.3.0-SNAPSHOT.jar:?]
	at org.apache.hadoop.ozone.protocolPB.OzoneManagerProtocolServerSideTranslatorPB.submitRequest(OzoneManagerProtocolServerSideTranslatorPB.java:147) [ozone-manager-1.3.0-SNAPSHOT.jar:?]
	at org.apache.hadoop.ozone.protocol.proto.OzoneManagerProtocolProtos$OzoneManagerService$2.callBlockingMethod(OzoneManagerProtocolProtos.java) [ozone-interface-client-1.3.0-SNAPSHOT.jar:?]
	at org.apache.hadoop.ipc.ProtobufRpcEngine$Server.processCall(ProtobufRpcEngine.java:466) [hadoop-common-3.3.1.jar:?]
	at org.apache.hadoop.ipc.ProtobufRpcEngine2$Server$ProtoBufRpcInvoker.call(ProtobufRpcEngine2.java:574) [hadoop-common-3.3.1.jar:?]
	at org.apache.hadoop.ipc.ProtobufRpcEngine2$Server$ProtoBufRpcInvoker.call(ProtobufRpcEngine2.java:552) [hadoop-common-3.3.1.jar:?]
	at org.apache.hadoop.ipc.RPC$Server.call(RPC.java:1093) [hadoop-common-3.3.1.jar:?]
	at org.apache.hadoop.ipc.Server$RpcCall.run(Server.java:1035) [hadoop-common-3.3.1.jar:?]
	at org.apache.hadoop.ipc.Server$RpcCall.run(Server.java:963) [hadoop-common-3.3.1.jar:?]
	at java.security.AccessController.doPrivileged(Native Method) ~[?:1.8.0_345]
	at javax.security.auth.Subject.doAs(Subject.java:422) [?:1.8.0_345]
	at org.apache.hadoop.security.UserGroupInformation.doAs(UserGroupInformation.java:1878) [hadoop-common-3.3.1.jar:?]
	at org.apache.hadoop.ipc.Server$Handler.run(Server.java:2966) [hadoop-common-3.3.1.jar:?]
2022-10-11 08:14:40,267 [IPC Server handler 3 on default port 40309] ERROR key.OMKeyRenameRequestWithFSO (OMKeyRenameRequestWithFSO.java:validateAndUpdateCache(234)) - Rename key failed for volume:volume86011 bucket:bucket73886 fromKey:a/b/c toKey:root/file1. Key: a/b/c not found.
2022-10-11 08:14:40,267 [Time-limited test] ERROR ozone.BasicOzoneFileSystem (BasicOzoneFileSystem.java:renameFSO(421)) - rename key failed: Failed to rename, key already exists root/file1. Error code: KEY_ALREADY_EXISTS source:a/b/c, destin:root/file1
]]></system-out>
  </testcase>
  <testcase name="testRenameToNewSubDirShouldNotExist" classname="TestOzoneFileSystemWithFSO" time="0.033">
    <system-out><![CDATA[08:13:21.533 [OM StateMachine ApplyTransaction Thread - 0] ERROR OMAudit - user=runner | ip=127.0.0.1 | op=RENAME_KEY {volume=volume56107, bucket=bucket11984, dataSize=0, replicationType=NONE, replicationFactor=ZERO, srcKey=a, dstKey=b} | ret=FAILURE
org.apache.hadoop.ozone.om.exceptions.OMException: Failed to rename a to b/a, file already exists or not empty!
	at org.apache.hadoop.ozone.om.request.key.OMKeyRenameRequestWithFSO.validateAndUpdateCache(OMKeyRenameRequestWithFSO.java:179) ~[ozone-manager-1.3.0-SNAPSHOT.jar:?]
	at org.apache.hadoop.ozone.protocolPB.OzoneManagerRequestHandler.handleWriteRequest(OzoneManagerRequestHandler.java:311) ~[ozone-manager-1.3.0-SNAPSHOT.jar:?]
	at org.apache.hadoop.ozone.om.ratis.OzoneManagerStateMachine.runCommand(OzoneManagerStateMachine.java:529) ~[ozone-manager-1.3.0-SNAPSHOT.jar:?]
	at org.apache.hadoop.ozone.om.ratis.OzoneManagerStateMachine.lambda$1(OzoneManagerStateMachine.java:324) ~[ozone-manager-1.3.0-SNAPSHOT.jar:?]
	at java.util.concurrent.CompletableFuture$AsyncSupply.run(CompletableFuture.java:1604) [?:1.8.0_345]
	at java.util.concurrent.ThreadPoolExecutor.runWorker(ThreadPoolExecutor.java:1149) [?:1.8.0_345]
	at java.util.concurrent.ThreadPoolExecutor$Worker.run(ThreadPoolExecutor.java:624) [?:1.8.0_345]
	at java.lang.Thread.run(Thread.java:750) [?:1.8.0_345]
2022-10-11 08:13:21,533 [OM StateMachine ApplyTransaction Thread - 0] ERROR key.OMKeyRenameRequestWithFSO (OMKeyRenameRequestWithFSO.java:validateAndUpdateCache(234)) - Rename key failed for volume:volume56107 bucket:bucket11984 fromKey:a toKey:b. Key: a not found.
2022-10-11 08:13:21,533 [Time-limited test] ERROR ozone.BasicOzoneFileSystem (BasicOzoneFileSystem.java:renameFSO(421)) - rename key failed: Failed to rename a to b/a, file already exists or not empty!. Error code: KEY_ALREADY_EXISTS source:a, destin:b
08:13:21.548 [OM StateMachine ApplyTransaction Thread - 0] ERROR OMAudit - user=runner | ip=127.0.0.1 | op=RENAME_KEY {volume=volume56107, bucket=bucket11984, dataSize=0, replicationType=NONE, replicationFactor=ZERO, srcKey=file1, dstKey=a} | ret=FAILURE
org.apache.hadoop.ozone.om.exceptions.OMException: Failed to rename file1 to a/file1, file already exists or not empty!
	at org.apache.hadoop.ozone.om.request.key.OMKeyRenameRequestWithFSO.validateAndUpdateCache(OMKeyRenameRequestWithFSO.java:179) ~[ozone-manager-1.3.0-SNAPSHOT.jar:?]
	at org.apache.hadoop.ozone.protocolPB.OzoneManagerRequestHandler.handleWriteRequest(OzoneManagerRequestHandler.java:311) ~[ozone-manager-1.3.0-SNAPSHOT.jar:?]
	at org.apache.hadoop.ozone.om.ratis.OzoneManagerStateMachine.runCommand(OzoneManagerStateMachine.java:529) ~[ozone-manager-1.3.0-SNAPSHOT.jar:?]
	at org.apache.hadoop.ozone.om.ratis.OzoneManagerStateMachine.lambda$1(OzoneManagerStateMachine.java:324) ~[ozone-manager-1.3.0-SNAPSHOT.jar:?]
	at java.util.concurrent.CompletableFuture$AsyncSupply.run(CompletableFuture.java:1604) [?:1.8.0_345]
	at java.util.concurrent.ThreadPoolExecutor.runWorker(ThreadPoolExecutor.java:1149) [?:1.8.0_345]
	at java.util.concurrent.ThreadPoolExecutor$Worker.run(ThreadPoolExecutor.java:624) [?:1.8.0_345]
	at java.lang.Thread.run(Thread.java:750) [?:1.8.0_345]
2022-10-11 08:13:21,548 [OM StateMachine ApplyTransaction Thread - 0] ERROR key.OMKeyRenameRequestWithFSO (OMKeyRenameRequestWithFSO.java:validateAndUpdateCache(234)) - Rename key failed for volume:volume56107 bucket:bucket11984 fromKey:file1 toKey:a. Key: file1 not found.
2022-10-11 08:13:21,549 [Time-limited test] ERROR ozone.BasicOzoneFileSystem (BasicOzoneFileSystem.java:renameFSO(421)) - rename key failed: Failed to rename file1 to a/file1, file already exists or not empty!. Error code: KEY_ALREADY_EXISTS source:file1, destin:a
]]></system-out>
  </testcase>
  <testcase name="testRenameToNewSubDirShouldNotExist" classname="TestOzoneFileSystemWithFSO" time="0.035">
    <system-out><![CDATA[08:14:40.296 [IPC Server handler 11 on default port 40309] ERROR OMAudit - user=runner | ip=127.0.0.1 | op=RENAME_KEY {volume=volume86011, bucket=bucket73886, dataSize=0, replicationType=NONE, replicationFactor=ZERO, srcKey=a, dstKey=b} | ret=FAILURE
org.apache.hadoop.ozone.om.exceptions.OMException: Failed to rename a to b/a, file already exists or not empty!
	at org.apache.hadoop.ozone.om.request.key.OMKeyRenameRequestWithFSO.validateAndUpdateCache(OMKeyRenameRequestWithFSO.java:179) ~[ozone-manager-1.3.0-SNAPSHOT.jar:?]
	at org.apache.hadoop.ozone.protocolPB.OzoneManagerRequestHandler.handleWriteRequest(OzoneManagerRequestHandler.java:311) ~[ozone-manager-1.3.0-SNAPSHOT.jar:?]
	at org.apache.hadoop.ozone.protocolPB.OzoneManagerProtocolServerSideTranslatorPB.submitRequestDirectlyToOM(OzoneManagerProtocolServerSideTranslatorPB.java:282) ~[ozone-manager-1.3.0-SNAPSHOT.jar:?]
	at org.apache.hadoop.ozone.protocolPB.OzoneManagerProtocolServerSideTranslatorPB.processRequest(OzoneManagerProtocolServerSideTranslatorPB.java:205) ~[ozone-manager-1.3.0-SNAPSHOT.jar:?]
	at org.apache.hadoop.hdds.server.OzoneProtocolMessageDispatcher.processRequest(OzoneProtocolMessageDispatcher.java:87) [hdds-server-framework-1.3.0-SNAPSHOT.jar:?]
	at org.apache.hadoop.ozone.protocolPB.OzoneManagerProtocolServerSideTranslatorPB.submitRequest(OzoneManagerProtocolServerSideTranslatorPB.java:147) [ozone-manager-1.3.0-SNAPSHOT.jar:?]
	at org.apache.hadoop.ozone.protocol.proto.OzoneManagerProtocolProtos$OzoneManagerService$2.callBlockingMethod(OzoneManagerProtocolProtos.java) [ozone-interface-client-1.3.0-SNAPSHOT.jar:?]
	at org.apache.hadoop.ipc.ProtobufRpcEngine$Server.processCall(ProtobufRpcEngine.java:466) [hadoop-common-3.3.1.jar:?]
	at org.apache.hadoop.ipc.ProtobufRpcEngine2$Server$ProtoBufRpcInvoker.call(ProtobufRpcEngine2.java:574) [hadoop-common-3.3.1.jar:?]
	at org.apache.hadoop.ipc.ProtobufRpcEngine2$Server$ProtoBufRpcInvoker.call(ProtobufRpcEngine2.java:552) [hadoop-common-3.3.1.jar:?]
	at org.apache.hadoop.ipc.RPC$Server.call(RPC.java:1093) [hadoop-common-3.3.1.jar:?]
	at org.apache.hadoop.ipc.Server$RpcCall.run(Server.java:1035) [hadoop-common-3.3.1.jar:?]
	at org.apache.hadoop.ipc.Server$RpcCall.run(Server.java:963) [hadoop-common-3.3.1.jar:?]
	at java.security.AccessController.doPrivileged(Native Method) ~[?:1.8.0_345]
	at javax.security.auth.Subject.doAs(Subject.java:422) [?:1.8.0_345]
	at org.apache.hadoop.security.UserGroupInformation.doAs(UserGroupInformation.java:1878) [hadoop-common-3.3.1.jar:?]
	at org.apache.hadoop.ipc.Server$Handler.run(Server.java:2966) [hadoop-common-3.3.1.jar:?]
2022-10-11 08:14:40,296 [IPC Server handler 11 on default port 40309] ERROR key.OMKeyRenameRequestWithFSO (OMKeyRenameRequestWithFSO.java:validateAndUpdateCache(234)) - Rename key failed for volume:volume86011 bucket:bucket73886 fromKey:a toKey:b. Key: a not found.
2022-10-11 08:14:40,296 [Time-limited test] ERROR ozone.BasicOzoneFileSystem (BasicOzoneFileSystem.java:renameFSO(421)) - rename key failed: Failed to rename a to b/a, file already exists or not empty!. Error code: KEY_ALREADY_EXISTS source:a, destin:b
08:14:40.302 [IPC Server handler 17 on default port 40309] ERROR OMAudit - user=runner | ip=127.0.0.1 | op=RENAME_KEY {volume=volume86011, bucket=bucket73886, dataSize=0, replicationType=NONE, replicationFactor=ZERO, srcKey=file1, dstKey=a} | ret=FAILURE
org.apache.hadoop.ozone.om.exceptions.OMException: Failed to rename file1 to a/file1, file already exists or not empty!
	at org.apache.hadoop.ozone.om.request.key.OMKeyRenameRequestWithFSO.validateAndUpdateCache(OMKeyRenameRequestWithFSO.java:179) ~[ozone-manager-1.3.0-SNAPSHOT.jar:?]
	at org.apache.hadoop.ozone.protocolPB.OzoneManagerRequestHandler.handleWriteRequest(OzoneManagerRequestHandler.java:311) ~[ozone-manager-1.3.0-SNAPSHOT.jar:?]
	at org.apache.hadoop.ozone.protocolPB.OzoneManagerProtocolServerSideTranslatorPB.submitRequestDirectlyToOM(OzoneManagerProtocolServerSideTranslatorPB.java:282) ~[ozone-manager-1.3.0-SNAPSHOT.jar:?]
	at org.apache.hadoop.ozone.protocolPB.OzoneManagerProtocolServerSideTranslatorPB.processRequest(OzoneManagerProtocolServerSideTranslatorPB.java:205) ~[ozone-manager-1.3.0-SNAPSHOT.jar:?]
	at org.apache.hadoop.hdds.server.OzoneProtocolMessageDispatcher.processRequest(OzoneProtocolMessageDispatcher.java:87) [hdds-server-framework-1.3.0-SNAPSHOT.jar:?]
	at org.apache.hadoop.ozone.protocolPB.OzoneManagerProtocolServerSideTranslatorPB.submitRequest(OzoneManagerProtocolServerSideTranslatorPB.java:147) [ozone-manager-1.3.0-SNAPSHOT.jar:?]
	at org.apache.hadoop.ozone.protocol.proto.OzoneManagerProtocolProtos$OzoneManagerService$2.callBlockingMethod(OzoneManagerProtocolProtos.java) [ozone-interface-client-1.3.0-SNAPSHOT.jar:?]
	at org.apache.hadoop.ipc.ProtobufRpcEngine$Server.processCall(ProtobufRpcEngine.java:466) [hadoop-common-3.3.1.jar:?]
	at org.apache.hadoop.ipc.ProtobufRpcEngine2$Server$ProtoBufRpcInvoker.call(ProtobufRpcEngine2.java:574) [hadoop-common-3.3.1.jar:?]
	at org.apache.hadoop.ipc.ProtobufRpcEngine2$Server$ProtoBufRpcInvoker.call(ProtobufRpcEngine2.java:552) [hadoop-common-3.3.1.jar:?]
	at org.apache.hadoop.ipc.RPC$Server.call(RPC.java:1093) [hadoop-common-3.3.1.jar:?]
	at org.apache.hadoop.ipc.Server$RpcCall.run(Server.java:1035) [hadoop-common-3.3.1.jar:?]
	at org.apache.hadoop.ipc.Server$RpcCall.run(Server.java:963) [hadoop-common-3.3.1.jar:?]
	at java.security.AccessController.doPrivileged(Native Method) ~[?:1.8.0_345]
	at javax.security.auth.Subject.doAs(Subject.java:422) [?:1.8.0_345]
	at org.apache.hadoop.security.UserGroupInformation.doAs(UserGroupInformation.java:1878) [hadoop-common-3.3.1.jar:?]
	at org.apache.hadoop.ipc.Server$Handler.run(Server.java:2966) [hadoop-common-3.3.1.jar:?]
2022-10-11 08:14:40,302 [IPC Server handler 17 on default port 40309] ERROR key.OMKeyRenameRequestWithFSO (OMKeyRenameRequestWithFSO.java:validateAndUpdateCache(234)) - Rename key failed for volume:volume86011 bucket:bucket73886 fromKey:file1 toKey:a. Key: file1 not found.
2022-10-11 08:14:40,302 [Time-limited test] ERROR ozone.BasicOzoneFileSystem (BasicOzoneFileSystem.java:renameFSO(421)) - rename key failed: Failed to rename file1 to a/file1, file already exists or not empty!. Error code: KEY_ALREADY_EXISTS source:file1, destin:a
]]></system-out>
  </testcase>
  <testcase name="testListStatusOnLargeDirectoryForACLCheck" classname="TestOzoneFileSystemWithFSO" time="1.809"/>
  <testcase name="testListStatusOnLargeDirectoryForACLCheck" classname="TestOzoneFileSystemWithFSO" time="1.21"/>
  <testcase name="testRenameFileToDir" classname="TestOzoneFileSystemWithFSO" time="0.015"/>
  <testcase name="testRenameFileToDir" classname="TestOzoneFileSystemWithFSO" time="0.032"/>
  <testcase name="testListStatusWithIntermediateDirWithECEnabled" classname="TestOzoneFileSystemWithFSO" time="0.025">
    <system-out><![CDATA[2022-10-11 08:13:23,389 [IPC Server handler 0 on default port 38229] INFO  pipeline.PipelineStateManagerImpl (PipelineStateManagerImpl.java:addPipeline(103)) - Created pipeline Pipeline[ Id: 1e7a090f-2023-4879-b269-d73450bbcabd, Nodes: c63b842e-4a18-4309-8e5f-a8e0aaa5a343{ip: 10.1.0.76, host: fv-az208-128.kmgg0fu2myoezeajip4j0sfi3d.cx.internal.cloudapp.net, ports: [REPLICATION=35169, RATIS=38751, RATIS_ADMIN=38751, RATIS_SERVER=38751, STANDALONE=46681], networkLocation: /default-rack, certSerialId: null, persistedOpState: null, persistedOpStateExpiryEpochSec: 0}d1cf34d5-c92a-430e-aa0c-9bc6323d5bcc{ip: 10.1.0.76, host: fv-az208-128.kmgg0fu2myoezeajip4j0sfi3d.cx.internal.cloudapp.net, ports: [REPLICATION=39895, RATIS=35681, RATIS_ADMIN=35681, RATIS_SERVER=35681, STANDALONE=43135], networkLocation: /default-rack, certSerialId: null, persistedOpState: null, persistedOpStateExpiryEpochSec: 0}dfd1ace6-5921-4c65-82d6-ac571288ab09{ip: 10.1.0.76, host: fv-az208-128.kmgg0fu2myoezeajip4j0sfi3d.cx.internal.cloudapp.net, ports: [REPLICATION=40621, RATIS=40081, RATIS_ADMIN=40081, RATIS_SERVER=40081, STANDALONE=45441], networkLocation: /default-rack, certSerialId: null, persistedOpState: null, persistedOpStateExpiryEpochSec: 0}fa8aad91-dc65-4636-ad1d-3225222ce3fd{ip: 10.1.0.76, host: fv-az208-128.kmgg0fu2myoezeajip4j0sfi3d.cx.internal.cloudapp.net, ports: [REPLICATION=35313, RATIS=41289, RATIS_ADMIN=41289, RATIS_SERVER=41289, STANDALONE=43933], networkLocation: /default-rack, certSerialId: null, persistedOpState: null, persistedOpStateExpiryEpochSec: 0}14b70a86-5100-4ed6-950c-f7248b89b6df{ip: 10.1.0.76, host: fv-az208-128.kmgg0fu2myoezeajip4j0sfi3d.cx.internal.cloudapp.net, ports: [REPLICATION=41539, RATIS=40211, RATIS_ADMIN=40211, RATIS_SERVER=40211, STANDALONE=45221], networkLocation: /default-rack, certSerialId: null, persistedOpState: null, persistedOpStateExpiryEpochSec: 0}, ReplicationConfig: EC/ECReplicationConfig{data=3, parity=2, ecChunkSize=1048576, codec=rs}, State:ALLOCATED, leaderId:, CreationTimestamp2022-10-11T08:13:23.389Z[Etc/UTC]].
2022-10-11 08:13:23,390 [IPC Server handler 0 on default port 38229] INFO  pipeline.PipelineManagerImpl (PipelineManagerImpl.java:openPipeline(367)) - Pipeline Pipeline[ Id: 1e7a090f-2023-4879-b269-d73450bbcabd, Nodes: c63b842e-4a18-4309-8e5f-a8e0aaa5a343{ip: 10.1.0.76, host: fv-az208-128.kmgg0fu2myoezeajip4j0sfi3d.cx.internal.cloudapp.net, ports: [REPLICATION=35169, RATIS=38751, RATIS_ADMIN=38751, RATIS_SERVER=38751, STANDALONE=46681], networkLocation: /default-rack, certSerialId: null, persistedOpState: null, persistedOpStateExpiryEpochSec: 0}d1cf34d5-c92a-430e-aa0c-9bc6323d5bcc{ip: 10.1.0.76, host: fv-az208-128.kmgg0fu2myoezeajip4j0sfi3d.cx.internal.cloudapp.net, ports: [REPLICATION=39895, RATIS=35681, RATIS_ADMIN=35681, RATIS_SERVER=35681, STANDALONE=43135], networkLocation: /default-rack, certSerialId: null, persistedOpState: null, persistedOpStateExpiryEpochSec: 0}dfd1ace6-5921-4c65-82d6-ac571288ab09{ip: 10.1.0.76, host: fv-az208-128.kmgg0fu2myoezeajip4j0sfi3d.cx.internal.cloudapp.net, ports: [REPLICATION=40621, RATIS=40081, RATIS_ADMIN=40081, RATIS_SERVER=40081, STANDALONE=45441], networkLocation: /default-rack, certSerialId: null, persistedOpState: null, persistedOpStateExpiryEpochSec: 0}fa8aad91-dc65-4636-ad1d-3225222ce3fd{ip: 10.1.0.76, host: fv-az208-128.kmgg0fu2myoezeajip4j0sfi3d.cx.internal.cloudapp.net, ports: [REPLICATION=35313, RATIS=41289, RATIS_ADMIN=41289, RATIS_SERVER=41289, STANDALONE=43933], networkLocation: /default-rack, certSerialId: null, persistedOpState: null, persistedOpStateExpiryEpochSec: 0}14b70a86-5100-4ed6-950c-f7248b89b6df{ip: 10.1.0.76, host: fv-az208-128.kmgg0fu2myoezeajip4j0sfi3d.cx.internal.cloudapp.net, ports: [REPLICATION=41539, RATIS=40211, RATIS_ADMIN=40211, RATIS_SERVER=40211, STANDALONE=45221], networkLocation: /default-rack, certSerialId: null, persistedOpState: null, persistedOpStateExpiryEpochSec: 0}, ReplicationConfig: EC/ECReplicationConfig{data=3, parity=2, ecChunkSize=1048576, codec=rs}, State:ALLOCATED, leaderId:, CreationTimestamp2022-10-11T08:13:23.389Z[Etc/UTC]] moved to OPEN state
]]></system-out>
  </testcase>
  <testcase name="testListStatusWithIntermediateDirWithECEnabled" classname="TestOzoneFileSystemWithFSO" time="0.046">
    <system-out><![CDATA[2022-10-11 08:14:41,568 [IPC Server handler 11 on default port 43875] INFO  pipeline.PipelineStateManagerImpl (PipelineStateManagerImpl.java:addPipeline(103)) - Created pipeline Pipeline[ Id: e3ee7a75-b36a-449b-9fc2-c236f6add773, Nodes: ee19ba41-361b-4acc-833e-c4e477a5e66e{ip: 10.1.0.76, host: fv-az208-128.kmgg0fu2myoezeajip4j0sfi3d.cx.internal.cloudapp.net, ports: [REPLICATION=46179, RATIS=33325, RATIS_ADMIN=33325, RATIS_SERVER=33325, STANDALONE=41691], networkLocation: /default-rack, certSerialId: null, persistedOpState: null, persistedOpStateExpiryEpochSec: 0}9a84da48-1a2f-45a5-8375-d5813bb76e7a{ip: 10.1.0.76, host: fv-az208-128.kmgg0fu2myoezeajip4j0sfi3d.cx.internal.cloudapp.net, ports: [REPLICATION=36735, RATIS=45449, RATIS_ADMIN=45449, RATIS_SERVER=45449, STANDALONE=46775], networkLocation: /default-rack, certSerialId: null, persistedOpState: null, persistedOpStateExpiryEpochSec: 0}372aae33-6f7c-4d6f-ba4c-eadde7effafb{ip: 10.1.0.76, host: fv-az208-128.kmgg0fu2myoezeajip4j0sfi3d.cx.internal.cloudapp.net, ports: [REPLICATION=37379, RATIS=35509, RATIS_ADMIN=35509, RATIS_SERVER=35509, STANDALONE=37875], networkLocation: /default-rack, certSerialId: null, persistedOpState: null, persistedOpStateExpiryEpochSec: 0}f7d1a98c-0d33-4cfc-a34e-9915b3815335{ip: 10.1.0.76, host: fv-az208-128.kmgg0fu2myoezeajip4j0sfi3d.cx.internal.cloudapp.net, ports: [REPLICATION=35597, RATIS=40629, RATIS_ADMIN=40629, RATIS_SERVER=40629, STANDALONE=35101], networkLocation: /default-rack, certSerialId: null, persistedOpState: null, persistedOpStateExpiryEpochSec: 0}1c211b8c-3572-4703-83f3-43ac8370d372{ip: 10.1.0.76, host: fv-az208-128.kmgg0fu2myoezeajip4j0sfi3d.cx.internal.cloudapp.net, ports: [REPLICATION=35729, RATIS=38781, RATIS_ADMIN=38781, RATIS_SERVER=38781, STANDALONE=37865], networkLocation: /default-rack, certSerialId: null, persistedOpState: null, persistedOpStateExpiryEpochSec: 0}, ReplicationConfig: EC/ECReplicationConfig{data=3, parity=2, ecChunkSize=1048576, codec=rs}, State:ALLOCATED, leaderId:, CreationTimestamp2022-10-11T08:14:41.568Z[Etc/UTC]].
2022-10-11 08:14:41,569 [IPC Server handler 11 on default port 43875] INFO  pipeline.PipelineManagerImpl (PipelineManagerImpl.java:openPipeline(367)) - Pipeline Pipeline[ Id: e3ee7a75-b36a-449b-9fc2-c236f6add773, Nodes: ee19ba41-361b-4acc-833e-c4e477a5e66e{ip: 10.1.0.76, host: fv-az208-128.kmgg0fu2myoezeajip4j0sfi3d.cx.internal.cloudapp.net, ports: [REPLICATION=46179, RATIS=33325, RATIS_ADMIN=33325, RATIS_SERVER=33325, STANDALONE=41691], networkLocation: /default-rack, certSerialId: null, persistedOpState: null, persistedOpStateExpiryEpochSec: 0}9a84da48-1a2f-45a5-8375-d5813bb76e7a{ip: 10.1.0.76, host: fv-az208-128.kmgg0fu2myoezeajip4j0sfi3d.cx.internal.cloudapp.net, ports: [REPLICATION=36735, RATIS=45449, RATIS_ADMIN=45449, RATIS_SERVER=45449, STANDALONE=46775], networkLocation: /default-rack, certSerialId: null, persistedOpState: null, persistedOpStateExpiryEpochSec: 0}372aae33-6f7c-4d6f-ba4c-eadde7effafb{ip: 10.1.0.76, host: fv-az208-128.kmgg0fu2myoezeajip4j0sfi3d.cx.internal.cloudapp.net, ports: [REPLICATION=37379, RATIS=35509, RATIS_ADMIN=35509, RATIS_SERVER=35509, STANDALONE=37875], networkLocation: /default-rack, certSerialId: null, persistedOpState: null, persistedOpStateExpiryEpochSec: 0}f7d1a98c-0d33-4cfc-a34e-9915b3815335{ip: 10.1.0.76, host: fv-az208-128.kmgg0fu2myoezeajip4j0sfi3d.cx.internal.cloudapp.net, ports: [REPLICATION=35597, RATIS=40629, RATIS_ADMIN=40629, RATIS_SERVER=40629, STANDALONE=35101], networkLocation: /default-rack, certSerialId: null, persistedOpState: null, persistedOpStateExpiryEpochSec: 0}1c211b8c-3572-4703-83f3-43ac8370d372{ip: 10.1.0.76, host: fv-az208-128.kmgg0fu2myoezeajip4j0sfi3d.cx.internal.cloudapp.net, ports: [REPLICATION=35729, RATIS=38781, RATIS_ADMIN=38781, RATIS_SERVER=38781, STANDALONE=37865], networkLocation: /default-rack, certSerialId: null, persistedOpState: null, persistedOpStateExpiryEpochSec: 0}, ReplicationConfig: EC/ECReplicationConfig{data=3, parity=2, ecChunkSize=1048576, codec=rs}, State:ALLOCATED, leaderId:, CreationTimestamp2022-10-11T08:14:41.568Z[Etc/UTC]] moved to OPEN state
]]></system-out>
  </testcase>
  <testcase name="testMakeDirsWithAnExistingDirectoryPath" classname="TestOzoneFileSystemWithFSO" time="0.01"/>
  <testcase name="testMakeDirsWithAnExistingDirectoryPath" classname="TestOzoneFileSystemWithFSO" time="0.024"/>
</testsuite>