<?xml version="1.0" encoding="UTF-8"?>
<testsuite xmlns:xsi="http://www.w3.org/2001/XMLSchema-instance" xsi:noNamespaceSchemaLocation="https://maven.apache.org/surefire/maven-surefire-plugin/xsd/surefire-test-report-3.0.xsd" version="3.0" name="org.apache.hadoop.ozone.container.TestECContainerRecovery" time="455.802" tests="1" errors="1" skipped="0" failures="0">
  <properties>
    <property name="awt.toolkit" value="sun.awt.X11.XToolkit"/>
    <property name="file.encoding.pkg" value="sun.io"/>
    <property name="java.specification.version" value="1.8"/>
    <property name="sun.cpu.isalist" value=""/>
    <property name="sun.jnu.encoding" value="UTF-8"/>
    <property name="java.class.path" value="/home/runner/work/ozone/ozone/hadoop-ozone/integration-test/target/test-classes:/home/runner/work/ozone/ozone/hadoop-ozone/integration-test/target/classes:/home/runner/.m2/repository/org/apache/ozone/ozone-common/1.3.0-SNAPSHOT/ozone-common-1.3.0-SNAPSHOT.jar:/home/runner/.m2/repository/io/grpc/grpc-netty/1.48.1/grpc-netty-1.48.1.jar:/home/runner/.m2/repository/io/grpc/grpc-core/1.48.1/grpc-core-1.48.1.jar:/home/runner/.m2/repository/com/google/android/annotations/4.1.1.4/annotations-4.1.1.4.jar:/home/runner/.m2/repository/org/codehaus/mojo/animal-sniffer-annotations/1.21/animal-sniffer-annotations-1.21.jar:/home/runner/.m2/repository/com/google/errorprone/error_prone_annotations/2.2.0/error_prone_annotations-2.2.0.jar:/home/runner/.m2/repository/io/perfmark/perfmark-api/0.25.0/perfmark-api-0.25.0.jar:/home/runner/.m2/repository/io/netty/netty-codec-http2/4.1.79.Final/netty-codec-http2-4.1.79.Final.jar:/home/runner/.m2/repository/io/netty/netty-common/4.1.79.Final/netty-common-4.1.79.Final.jar:/home/runner/.m2/repository/io/netty/netty-buffer/4.1.79.Final/netty-buffer-4.1.79.Final.jar:/home/runner/.m2/repository/io/netty/netty-codec-http/4.1.79.Final/netty-codec-http-4.1.79.Final.jar:/home/runner/.m2/repository/io/netty/netty-handler-proxy/4.1.79.Final/netty-handler-proxy-4.1.79.Final.jar:/home/runner/.m2/repository/io/netty/netty-codec-socks/4.1.79.Final/netty-codec-socks-4.1.79.Final.jar:/home/runner/.m2/repository/io/netty/netty-tcnative-boringssl-static/2.0.53.Final/netty-tcnative-boringssl-static-2.0.53.Final.jar:/home/runner/.m2/repository/io/netty/netty-tcnative-classes/2.0.53.Final/netty-tcnative-classes-2.0.53.Final.jar:/home/runner/.m2/repository/io/netty/netty-tcnative-boringssl-static/2.0.53.Final/netty-tcnative-boringssl-static-2.0.53.Final-linux-x86_64.jar:/home/runner/.m2/repository/io/netty/netty-tcnative-boringssl-static/2.0.53.Final/netty-tcnative-boringssl-static-2.0.53.Final-linux-aarch_64.jar:/home/runner/.m2/repository/io/netty/netty-tcnative-boringssl-static/2.0.53.Final/netty-tcnative-boringssl-static-2.0.53.Final-osx-x86_64.jar:/home/runner/.m2/repository/io/netty/netty-tcnative-boringssl-static/2.0.53.Final/netty-tcnative-boringssl-static-2.0.53.Final-osx-aarch_64.jar:/home/runner/.m2/repository/io/netty/netty-tcnative-boringssl-static/2.0.53.Final/netty-tcnative-boringssl-static-2.0.53.Final-windows-x86_64.jar:/home/runner/.m2/repository/org/apache/commons/commons-compress/1.21/commons-compress-1.21.jar:/home/runner/.m2/repository/org/apache/ozone/hdds-common/1.3.0-SNAPSHOT/hdds-common-1.3.0-SNAPSHOT.jar:/home/runner/.m2/repository/org/apache/ozone/hdds-client/1.3.0-SNAPSHOT/hdds-client-1.3.0-SNAPSHOT.jar:/home/runner/.m2/repository/org/apache/ozone/ozone-interface-client/1.3.0-SNAPSHOT/ozone-interface-client-1.3.0-SNAPSHOT.jar:/home/runner/.m2/repository/org/apache/ozone/hdds-test-utils/1.3.0-SNAPSHOT/hdds-test-utils-1.3.0-SNAPSHOT.jar:/home/runner/.m2/repository/com/google/guava/guava/31.1-jre/guava-31.1-jre.jar:/home/runner/.m2/repository/com/google/guava/failureaccess/1.0.1/failureaccess-1.0.1.jar:/home/runner/.m2/repository/com/google/guava/listenablefuture/9999.0-empty-to-avoid-conflict-with-guava/listenablefuture-9999.0-empty-to-avoid-conflict-with-guava.jar:/home/runner/.m2/repository/com/google/code/findbugs/jsr305/3.0.0/jsr305-3.0.0.jar:/home/runner/.m2/repository/org/checkerframework/checker-qual/3.12.0/checker-qual-3.12.0.jar:/home/runner/.m2/repository/com/google/j2objc/j2objc-annotations/1.3/j2objc-annotations-1.3.jar:/home/runner/.m2/repository/commons-io/commons-io/2.11.0/commons-io-2.11.0.jar:/home/runner/.m2/repository/commons-logging/commons-logging/1.2/commons-logging-1.2.jar:/home/runner/.m2/repository/ch/qos/reload4j/reload4j/1.2.22/reload4j-1.2.22.jar:/home/runner/.m2/repository/org/slf4j/slf4j-api/1.7.36/slf4j-api-1.7.36.jar:/home/runner/.m2/repository/org/apache/ozone/hdds-server-scm/1.3.0-SNAPSHOT/hdds-server-scm-1.3.0-SNAPSHOT.jar:/home/runner/.m2/repository/org/apache/ozone/hdds-container-service/1.3.0-SNAPSHOT/hdds-container-service-1.3.0-SNAPSHOT.jar:/home/runner/.m2/repository/org/apache/ozone/hdds-hadoop-dependency-server/1.3.0-SNAPSHOT/hdds-hadoop-dependency-server-1.3.0-SNAPSHOT.jar:/home/runner/.m2/repository/org/apache/hadoop/hadoop-hdfs/3.3.4/hadoop-hdfs-3.3.4.jar:/home/runner/.m2/repository/org/eclipse/jetty/jetty-util-ajax/9.4.43.v20210629/jetty-util-ajax-9.4.43.v20210629.jar:/home/runner/.m2/repository/commons-daemon/commons-daemon/1.0.13/commons-daemon-1.0.13.jar:/home/runner/.m2/repository/org/apache/ozone/hdds-server-framework/1.3.0-SNAPSHOT/hdds-server-framework-1.3.0-SNAPSHOT.jar:/home/runner/.m2/repository/org/apache/ozone/hdds-interface-server/1.3.0-SNAPSHOT/hdds-interface-server-1.3.0-SNAPSHOT.jar:/home/runner/.m2/repository/org/apache/commons/commons-configuration2/2.1.1/commons-configuration2-2.1.1.jar:/home/runner/.m2/repository/org/apache/logging/log4j/log4j-core/2.17.1/log4j-core-2.17.1.jar:/home/runner/.m2/repository/com/lmax/disruptor/3.4.2/disruptor-3.4.2.jar:/home/runner/.m2/repository/org/eclipse/jetty/jetty-servlet/9.4.43.v20210629/jetty-servlet-9.4.43.v20210629.jar:/home/runner/.m2/repository/org/eclipse/jetty/jetty-security/9.4.43.v20210629/jetty-security-9.4.43.v20210629.jar:/home/runner/.m2/repository/org/rocksdb/rocksdbjni/7.4.5/rocksdbjni-7.4.5.jar:/home/runner/.m2/repository/io/prometheus/simpleclient_dropwizard/0.7.0/simpleclient_dropwizard-0.7.0.jar:/home/runner/.m2/repository/io/prometheus/simpleclient/0.7.0/simpleclient-0.7.0.jar:/home/runner/.m2/repository/io/prometheus/simpleclient_common/0.7.0/simpleclient_common-0.7.0.jar:/home/runner/.m2/repository/io/dropwizard/metrics/metrics-core/3.2.4/metrics-core-3.2.4.jar:/home/runner/.m2/repository/org/apache/commons/commons-text/1.4/commons-text-1.4.jar:/home/runner/.m2/repository/org/apache/hadoop/hadoop-hdfs-client/3.3.4/hadoop-hdfs-client-3.3.4.jar:/home/runner/.m2/repository/com/squareup/okhttp3/okhttp/4.9.3/okhttp-4.9.3.jar:/home/runner/.m2/repository/com/squareup/okio/okio/2.8.0/okio-2.8.0.jar:/home/runner/.m2/repository/org/jetbrains/kotlin/kotlin-stdlib-common/1.4.10/kotlin-stdlib-common-1.4.10.jar:/home/runner/.m2/repository/org/bouncycastle/bcprov-jdk15on/1.67/bcprov-jdk15on-1.67.jar:/home/runner/.m2/repository/com/google/protobuf/protobuf-java/2.5.0/protobuf-java-2.5.0.jar:/home/runner/.m2/repository/org/apache/ozone/ozone-manager/1.3.0-SNAPSHOT/ozone-manager-1.3.0-SNAPSHOT.jar:/home/runner/.m2/repository/org/aspectj/aspectjrt/1.9.7/aspectjrt-1.9.7.jar:/home/runner/.m2/repository/org/aspectj/aspectjweaver/1.9.7/aspectjweaver-1.9.7.jar:/home/runner/.m2/repository/org/apache/ozone/hdds-interface-client/1.3.0-SNAPSHOT/hdds-interface-client-1.3.0-SNAPSHOT.jar:/home/runner/.m2/repository/org/apache/hadoop/thirdparty/hadoop-shaded-protobuf_3_7/1.1.1/hadoop-shaded-protobuf_3_7-1.1.1.jar:/home/runner/.m2/repository/org/apache/ozone/ozone-interface-storage/1.3.0-SNAPSHOT/ozone-interface-storage-1.3.0-SNAPSHOT.jar:/home/runner/.m2/repository/org/reflections/reflections/0.9.11/reflections-0.9.11.jar:/home/runner/.m2/repository/com/sun/jersey/jersey-client/1.19/jersey-client-1.19.jar:/home/runner/.m2/repository/org/apache/ranger/ranger-intg/2.3.0/ranger-intg-2.3.0.jar:/home/runner/.m2/repository/org/apache/ranger/ranger-plugins-common/2.3.0/ranger-plugins-common-2.3.0.jar:/home/runner/.m2/repository/commons-lang/commons-lang/2.6/commons-lang-2.6.jar:/home/runner/.m2/repository/org/codehaus/jackson/jackson-jaxrs/1.9.13/jackson-jaxrs-1.9.13.jar:/home/runner/.m2/repository/org/apache/ranger/ranger-plugins-cred/2.3.0/ranger-plugins-cred-2.3.0.jar:/home/runner/.m2/repository/org/apache/ranger/ranger-plugins-audit/2.3.0/ranger-plugins-audit-2.3.0.jar:/home/runner/.m2/repository/org/eclipse/jetty/jetty-client/9.4.31.v20200723/jetty-client-9.4.31.v20200723.jar:/home/runner/.m2/repository/org/apache/httpcomponents/httpmime/4.5.6/httpmime-4.5.6.jar:/home/runner/.m2/repository/org/apache/httpcomponents/httpcore-nio/4.4.6/httpcore-nio-4.4.6.jar:/home/runner/.m2/repository/org/apache/httpcomponents/httpasyncclient/4.1.3/httpasyncclient-4.1.3.jar:/home/runner/.m2/repository/com/carrotsearch/hppc/0.8.0/hppc-0.8.0.jar:/home/runner/.m2/repository/org/apache/orc/orc-core/1.5.8/orc-core-1.5.8.jar:/home/runner/.m2/repository/net/java/dev/jna/jna/5.2.0/jna-5.2.0.jar:/home/runner/.m2/repository/net/java/dev/jna/jna-platform/5.2.0/jna-platform-5.2.0.jar:/home/runner/.m2/repository/com/kstruct/gethostname4j/0.0.2/gethostname4j-0.0.2.jar:/home/runner/.m2/repository/org/apache/ranger/ranger-plugin-classloader/2.3.0/ranger-plugin-classloader-2.3.0.jar:/home/runner/.m2/repository/org/apache/hadoop/hadoop-minikdc/3.3.4/hadoop-minikdc-3.3.4.jar:/home/runner/.m2/repository/org/apache/kerby/kerb-simplekdc/1.0.1/kerb-simplekdc-1.0.1.jar:/home/runner/.m2/repository/org/apache/kerby/kerb-client/1.0.1/kerb-client-1.0.1.jar:/home/runner/.m2/repository/org/apache/kerby/kerby-config/1.0.1/kerby-config-1.0.1.jar:/home/runner/.m2/repository/org/apache/kerby/kerb-common/1.0.1/kerb-common-1.0.1.jar:/home/runner/.m2/repository/org/apache/kerby/kerb-crypto/1.0.1/kerb-crypto-1.0.1.jar:/home/runner/.m2/repository/org/apache/kerby/kerb-util/1.0.1/kerb-util-1.0.1.jar:/home/runner/.m2/repository/org/apache/kerby/token-provider/1.0.1/token-provider-1.0.1.jar:/home/runner/.m2/repository/org/apache/kerby/kerb-admin/1.0.1/kerb-admin-1.0.1.jar:/home/runner/.m2/repository/org/apache/kerby/kerb-server/1.0.1/kerb-server-1.0.1.jar:/home/runner/.m2/repository/org/apache/kerby/kerb-identity/1.0.1/kerb-identity-1.0.1.jar:/home/runner/.m2/repository/org/apache/kerby/kerby-xdr/1.0.1/kerby-xdr-1.0.1.jar:/home/runner/.m2/repository/org/apache/ozone/ozone-s3gateway/1.3.0-SNAPSHOT/ozone-s3gateway-1.3.0-SNAPSHOT.jar:/home/runner/.m2/repository/org/javassist/javassist/3.21.0-GA/javassist-3.21.0-GA.jar:/home/runner/.m2/repository/org/jboss/weld/servlet/weld-servlet/2.4.7.Final/weld-servlet-2.4.7.Final.jar:/home/runner/.m2/repository/org/glassfish/jersey/containers/jersey-container-servlet-core/2.34/jersey-container-servlet-core-2.34.jar:/home/runner/.m2/repository/org/glassfish/hk2/external/jakarta.inject/2.6.1/jakarta.inject-2.6.1.jar:/home/runner/.m2/repository/org/glassfish/jersey/core/jersey-common/2.34/jersey-common-2.34.jar:/home/runner/.m2/repository/jakarta/ws/rs/jakarta.ws.rs-api/2.1.6/jakarta.ws.rs-api-2.1.6.jar:/home/runner/.m2/repository/org/glassfish/jersey/ext/cdi/jersey-cdi1x/2.34/jersey-cdi1x-2.34.jar:/home/runner/.m2/repository/org/glassfish/jersey/inject/jersey-hk2/2.34/jersey-hk2-2.34.jar:/home/runner/.m2/repository/org/glassfish/hk2/hk2-locator/2.6.1/hk2-locator-2.6.1.jar:/home/runner/.m2/repository/org/glassfish/jersey/media/jersey-media-jaxb/2.34/jersey-media-jaxb-2.34.jar:/home/runner/.m2/repository/org/glassfish/hk2/osgi-resource-locator/1.0.3/osgi-resource-locator-1.0.3.jar:/home/runner/.m2/repository/org/glassfish/hk2/hk2-api/2.5.0/hk2-api-2.5.0.jar:/home/runner/.m2/repository/org/glassfish/hk2/hk2-utils/2.5.0/hk2-utils-2.5.0.jar:/home/runner/.m2/repository/org/glassfish/hk2/external/aopalliance-repackaged/2.5.0/aopalliance-repackaged-2.5.0.jar:/home/runner/.m2/repository/com/fasterxml/jackson/dataformat/jackson-dataformat-xml/2.13.4/jackson-dataformat-xml-2.13.4.jar:/home/runner/.m2/repository/com/fasterxml/jackson/core/jackson-core/2.13.4/jackson-core-2.13.4.jar:/home/runner/.m2/repository/org/codehaus/woodstox/stax2-api/3.1.4/stax2-api-3.1.4.jar:/home/runner/.m2/repository/com/fasterxml/woodstox/woodstox-core/5.0.3/woodstox-core-5.0.3.jar:/home/runner/.m2/repository/com/fasterxml/jackson/module/jackson-module-jaxb-annotations/2.13.4/jackson-module-jaxb-annotations-2.13.4.jar:/home/runner/.m2/repository/jakarta/xml/bind/jakarta.xml.bind-api/2.3.3/jakarta.xml.bind-api-2.3.3.jar:/home/runner/.m2/repository/jakarta/activation/jakarta.activation-api/1.2.1/jakarta.activation-api-1.2.1.jar:/home/runner/.m2/repository/javax/enterprise/cdi-api/1.2/cdi-api-1.2.jar:/home/runner/.m2/repository/javax/el/javax.el-api/3.0.0/javax.el-api-3.0.0.jar:/home/runner/.m2/repository/javax/interceptor/javax.interceptor-api/1.2/javax.interceptor-api-1.2.jar:/home/runner/.m2/repository/javax/inject/javax.inject/1/javax.inject-1.jar:/home/runner/.m2/repository/javax/xml/bind/jaxb-api/2.3.0/jaxb-api-2.3.0.jar:/home/runner/.m2/repository/org/glassfish/jaxb/jaxb-runtime/2.3.0.1/jaxb-runtime-2.3.0.1.jar:/home/runner/.m2/repository/org/glassfish/jaxb/jaxb-core/2.3.0.1/jaxb-core-2.3.0.1.jar:/home/runner/.m2/repository/org/glassfish/jaxb/txw2/2.3.0.1/txw2-2.3.0.1.jar:/home/runner/.m2/repository/com/sun/istack/istack-commons-runtime/3.0.5/istack-commons-runtime-3.0.5.jar:/home/runner/.m2/repository/org/jvnet/staxex/stax-ex/1.7.8/stax-ex-1.7.8.jar:/home/runner/.m2/repository/com/sun/xml/fastinfoset/FastInfoset/1.2.13/FastInfoset-1.2.13.jar:/home/runner/.m2/repository/javax/activation/activation/1.1.1/activation-1.1.1.jar:/home/runner/.m2/repository/io/grpc/grpc-protobuf/1.48.1/grpc-protobuf-1.48.1.jar:/home/runner/.m2/repository/io/grpc/grpc-api/1.48.1/grpc-api-1.48.1.jar:/home/runner/.m2/repository/io/grpc/grpc-context/1.48.1/grpc-context-1.48.1.jar:/home/runner/.m2/repository/com/google/api/grpc/proto-google-common-protos/2.9.0/proto-google-common-protos-2.9.0.jar:/home/runner/.m2/repository/io/grpc/grpc-protobuf-lite/1.48.1/grpc-protobuf-lite-1.48.1.jar:/home/runner/.m2/repository/io/grpc/grpc-stub/1.48.1/grpc-stub-1.48.1.jar:/home/runner/.m2/repository/io/netty/netty-transport/4.1.79.Final/netty-transport-4.1.79.Final.jar:/home/runner/.m2/repository/io/netty/netty-resolver/4.1.79.Final/netty-resolver-4.1.79.Final.jar:/home/runner/.m2/repository/org/apache/ozone/ozone-csi/1.3.0-SNAPSHOT/ozone-csi-1.3.0-SNAPSHOT.jar:/home/runner/.m2/repository/com/google/protobuf/protobuf-java-util/3.19.2/protobuf-java-util-3.19.2.jar:/home/runner/.m2/repository/com/google/code/gson/gson/2.9.0/gson-2.9.0.jar:/home/runner/.m2/repository/org/apache/ozone/hdds-config/1.3.0-SNAPSHOT/hdds-config-1.3.0-SNAPSHOT.jar:/home/runner/.m2/repository/io/netty/netty-transport-native-epoll/4.1.79.Final/netty-transport-native-epoll-4.1.79.Final-linux-x86_64.jar:/home/runner/.m2/repository/io/netty/netty-transport-classes-epoll/4.1.79.Final/netty-transport-classes-epoll-4.1.79.Final.jar:/home/runner/.m2/repository/io/netty/netty-transport-native-unix-common/4.1.79.Final/netty-transport-native-unix-common-4.1.79.Final.jar:/home/runner/.m2/repository/org/slf4j/slf4j-reload4j/1.7.36/slf4j-reload4j-1.7.36.jar:/home/runner/.m2/repository/org/apache/ozone/ozone-recon/1.3.0-SNAPSHOT/ozone-recon-1.3.0-SNAPSHOT.jar:/home/runner/.m2/repository/org/apache/ozone/ozone-reconcodegen/1.3.0-SNAPSHOT/ozone-reconcodegen-1.3.0-SNAPSHOT.jar:/home/runner/.m2/repository/com/google/inject/extensions/guice-multibindings/4.0/guice-multibindings-4.0.jar:/home/runner/.m2/repository/com/google/inject/guice/4.0/guice-4.0.jar:/home/runner/.m2/repository/aopalliance/aopalliance/1.0/aopalliance-1.0.jar:/home/runner/.m2/repository/com/google/inject/extensions/guice-assistedinject/4.0/guice-assistedinject-4.0.jar:/home/runner/.m2/repository/com/google/inject/extensions/guice-servlet/4.0/guice-servlet-4.0.jar:/home/runner/.m2/repository/org/glassfish/jersey/containers/jersey-container-servlet/2.34/jersey-container-servlet-2.34.jar:/home/runner/.m2/repository/org/glassfish/hk2/guice-bridge/2.5.0/guice-bridge-2.5.0.jar:/home/runner/.m2/repository/org/glassfish/jersey/core/jersey-server/2.34/jersey-server-2.34.jar:/home/runner/.m2/repository/org/glassfish/jersey/core/jersey-client/2.34/jersey-client-2.34.jar:/home/runner/.m2/repository/jakarta/annotation/jakarta.annotation-api/1.3.5/jakarta.annotation-api-1.3.5.jar:/home/runner/.m2/repository/jakarta/validation/jakarta.validation-api/2.0.2/jakarta.validation-api-2.0.2.jar:/home/runner/.m2/repository/org/glassfish/jersey/media/jersey-media-json-jackson/2.34/jersey-media-json-jackson-2.34.jar:/home/runner/.m2/repository/org/glassfish/jersey/ext/jersey-entity-filtering/2.34/jersey-entity-filtering-2.34.jar:/home/runner/.m2/repository/org/jooq/jooq/3.11.10/jooq-3.11.10.jar:/home/runner/.m2/repository/org/jooq/jooq-meta/3.11.10/jooq-meta-3.11.10.jar:/home/runner/.m2/repository/org/jooq/jooq-codegen/3.11.10/jooq-codegen-3.11.10.jar:/home/runner/.m2/repository/com/jolbox/bonecp/0.8.0.RELEASE/bonecp-0.8.0.RELEASE.jar:/home/runner/.m2/repository/org/apache/derby/derby/10.14.2.0/derby-10.14.2.0.jar:/home/runner/.m2/repository/org/xerial/sqlite-jdbc/3.25.2/sqlite-jdbc-3.25.2.jar:/home/runner/.m2/repository/org/springframework/spring-jdbc/5.2.20.RELEASE/spring-jdbc-5.2.20.RELEASE.jar:/home/runner/.m2/repository/org/springframework/spring-beans/5.2.20.RELEASE/spring-beans-5.2.20.RELEASE.jar:/home/runner/.m2/repository/org/springframework/spring-core/5.2.20.RELEASE/spring-core-5.2.20.RELEASE.jar:/home/runner/.m2/repository/org/springframework/spring-jcl/5.2.20.RELEASE/spring-jcl-5.2.20.RELEASE.jar:/home/runner/.m2/repository/org/springframework/spring-tx/5.2.20.RELEASE/spring-tx-5.2.20.RELEASE.jar:/home/runner/.m2/repository/org/apache/ozone/ozone-client/1.3.0-SNAPSHOT/ozone-client-1.3.0-SNAPSHOT.jar:/home/runner/.m2/repository/org/apache/ozone/hdds-erasurecode/1.3.0-SNAPSHOT/hdds-erasurecode-1.3.0-SNAPSHOT.jar:/home/runner/.m2/repository/com/github/spotbugs/spotbugs-annotations/3.1.12/spotbugs-annotations-3.1.12.jar:/home/runner/.m2/repository/org/apache/ozone/ozone-filesystem/1.3.0-SNAPSHOT/ozone-filesystem-1.3.0-SNAPSHOT.jar:/home/runner/.m2/repository/org/apache/ozone/ozone-filesystem-common/1.3.0-SNAPSHOT/ozone-filesystem-common-1.3.0-SNAPSHOT.jar:/home/runner/.m2/repository/org/apache/ozone/ozone-tools/1.3.0-SNAPSHOT/ozone-tools-1.3.0-SNAPSHOT.jar:/home/runner/.m2/repository/org/apache/ratis/ratis-tools/2.4.0/ratis-tools-2.4.0.jar:/home/runner/.m2/repository/com/amazonaws/aws-java-sdk-core/1.12.261/aws-java-sdk-core-1.12.261.jar:/home/runner/.m2/repository/org/apache/httpcomponents/httpclient/4.5.13/httpclient-4.5.13.jar:/home/runner/.m2/repository/org/apache/httpcomponents/httpcore/4.4.13/httpcore-4.4.13.jar:/home/runner/.m2/repository/software/amazon/ion/ion-java/1.0.2/ion-java-1.0.2.jar:/home/runner/.m2/repository/com/fasterxml/jackson/dataformat/jackson-dataformat-cbor/2.13.4/jackson-dataformat-cbor-2.13.4.jar:/home/runner/.m2/repository/joda-time/joda-time/2.8.1/joda-time-2.8.1.jar:/home/runner/.m2/repository/com/amazonaws/aws-java-sdk-s3/1.12.261/aws-java-sdk-s3-1.12.261.jar:/home/runner/.m2/repository/com/amazonaws/aws-java-sdk-kms/1.12.261/aws-java-sdk-kms-1.12.261.jar:/home/runner/.m2/repository/com/amazonaws/jmespath-java/1.12.261/jmespath-java-1.12.261.jar:/home/runner/.m2/repository/org/kohsuke/metainf-services/metainf-services/1.8/metainf-services-1.8.jar:/home/runner/.m2/repository/org/apache/ozone/hdds-tools/1.3.0-SNAPSHOT/hdds-tools-1.3.0-SNAPSHOT.jar:/home/runner/.m2/repository/commons-cli/commons-cli/1.2/commons-cli-1.2.jar:/home/runner/.m2/repository/org/apache/commons/commons-lang3/3.7/commons-lang3-3.7.jar:/home/runner/.m2/repository/org/apache/ozone/ozone-manager/1.3.0-SNAPSHOT/ozone-manager-1.3.0-SNAPSHOT-tests.jar:/home/runner/.m2/repository/org/apache/ozone/hdds-common/1.3.0-SNAPSHOT/hdds-common-1.3.0-SNAPSHOT-tests.jar:/home/runner/.m2/repository/org/apache/ozone/hdds-hadoop-dependency-client/1.3.0-SNAPSHOT/hdds-hadoop-dependency-client-1.3.0-SNAPSHOT.jar:/home/runner/.m2/repository/info/picocli/picocli/4.6.1/picocli-4.6.1.jar:/home/runner/.m2/repository/com/fasterxml/jackson/core/jackson-annotations/2.13.4/jackson-annotations-2.13.4.jar:/home/runner/.m2/repository/com/fasterxml/jackson/datatype/jackson-datatype-jsr310/2.13.4/jackson-datatype-jsr310-2.13.4.jar:/home/runner/.m2/repository/org/apache/ozone/hdds-annotation-processing/1.3.0-SNAPSHOT/hdds-annotation-processing-1.3.0-SNAPSHOT.jar:/home/runner/.m2/repository/javax/annotation/javax.annotation-api/1.2/javax.annotation-api-1.2.jar:/home/runner/.m2/repository/org/apache/ratis/ratis-server/2.4.0/ratis-server-2.4.0.jar:/home/runner/.m2/repository/org/apache/ratis/ratis-client/2.4.0/ratis-client-2.4.0.jar:/home/runner/.m2/repository/org/apache/ratis/ratis-server-api/2.4.0/ratis-server-api-2.4.0.jar:/home/runner/.m2/repository/org/apache/ratis/ratis-metrics/2.4.0/ratis-metrics-2.4.0.jar:/home/runner/.m2/repository/org/apache/ratis/ratis-netty/2.4.0/ratis-netty-2.4.0.jar:/home/runner/.m2/repository/org/apache/ratis/ratis-grpc/2.4.0/ratis-grpc-2.4.0.jar:/home/runner/.m2/repository/org/apache/logging/log4j/log4j-api/2.17.1/log4j-api-2.17.1.jar:/home/runner/.m2/repository/org/apache/commons/commons-pool2/2.6.0/commons-pool2-2.6.0.jar:/home/runner/.m2/repository/org/bouncycastle/bcpkix-jdk15on/1.67/bcpkix-jdk15on-1.67.jar:/home/runner/.m2/repository/commons-validator/commons-validator/1.6/commons-validator-1.6.jar:/home/runner/.m2/repository/commons-beanutils/commons-beanutils/1.9.4/commons-beanutils-1.9.4.jar:/home/runner/.m2/repository/commons-digester/commons-digester/1.8.1/commons-digester-1.8.1.jar:/home/runner/.m2/repository/commons-collections/commons-collections/3.2.2/commons-collections-3.2.2.jar:/home/runner/.m2/repository/io/jaegertracing/jaeger-client/1.6.0/jaeger-client-1.6.0.jar:/home/runner/.m2/repository/io/jaegertracing/jaeger-thrift/1.6.0/jaeger-thrift-1.6.0.jar:/home/runner/.m2/repository/org/apache/thrift/libthrift/0.14.1/libthrift-0.14.1.jar:/home/runner/.m2/repository/io/jaegertracing/jaeger-core/1.6.0/jaeger-core-1.6.0.jar:/home/runner/.m2/repository/io/jaegertracing/jaeger-tracerresolver/1.6.0/jaeger-tracerresolver-1.6.0.jar:/home/runner/.m2/repository/io/opentracing/contrib/opentracing-tracerresolver/0.1.8/opentracing-tracerresolver-0.1.8.jar:/home/runner/.m2/repository/org/jetbrains/kotlin/kotlin-stdlib/1.6.21/kotlin-stdlib-1.6.21.jar:/home/runner/.m2/repository/org/jetbrains/annotations/13.0/annotations-13.0.jar:/home/runner/.m2/repository/io/opentracing/opentracing-util/0.33.0/opentracing-util-0.33.0.jar:/home/runner/.m2/repository/io/opentracing/opentracing-api/0.33.0/opentracing-api-0.33.0.jar:/home/runner/.m2/repository/io/opentracing/opentracing-noop/0.33.0/opentracing-noop-0.33.0.jar:/home/runner/.m2/repository/org/yaml/snakeyaml/1.32/snakeyaml-1.32.jar:/home/runner/.m2/repository/org/apache/ozone/hdds-interface-admin/1.3.0-SNAPSHOT/hdds-interface-admin-1.3.0-SNAPSHOT.jar:/home/runner/.m2/repository/junit/junit/4.13.1/junit-4.13.1.jar:/home/runner/.m2/repository/org/hamcrest/hamcrest-core/1.3/hamcrest-core-1.3.jar:/home/runner/.m2/repository/org/junit/jupiter/junit-jupiter-api/5.8.2/junit-jupiter-api-5.8.2.jar:/home/runner/.m2/repository/org/opentest4j/opentest4j/1.2.0/opentest4j-1.2.0.jar:/home/runner/.m2/repository/org/junit/platform/junit-platform-commons/1.8.2/junit-platform-commons-1.8.2.jar:/home/runner/.m2/repository/org/apiguardian/apiguardian-api/1.1.2/apiguardian-api-1.1.2.jar:/home/runner/.m2/repository/org/junit/jupiter/junit-jupiter-params/5.8.2/junit-jupiter-params-5.8.2.jar:/home/runner/.m2/repository/org/junit/jupiter/junit-jupiter-migrationsupport/5.8.2/junit-jupiter-migrationsupport-5.8.2.jar:/home/runner/.m2/repository/org/junit/jupiter/junit-jupiter-engine/5.8.2/junit-jupiter-engine-5.8.2.jar:/home/runner/.m2/repository/org/junit/platform/junit-platform-engine/1.8.2/junit-platform-engine-1.8.2.jar:/home/runner/.m2/repository/org/junit/vintage/junit-vintage-engine/5.8.2/junit-vintage-engine-5.8.2.jar:/home/runner/.m2/repository/org/junit/platform/junit-platform-launcher/1.8.2/junit-platform-launcher-1.8.2.jar:/home/runner/.m2/repository/org/mockito/mockito-core/2.28.2/mockito-core-2.28.2.jar:/home/runner/.m2/repository/net/bytebuddy/byte-buddy/1.9.10/byte-buddy-1.9.10.jar:/home/runner/.m2/repository/net/bytebuddy/byte-buddy-agent/1.9.10/byte-buddy-agent-1.9.10.jar:/home/runner/.m2/repository/org/objenesis/objenesis/1.0/objenesis-1.0.jar:/home/runner/.m2/repository/org/apache/hadoop/hadoop-kms/3.3.4/hadoop-kms-3.3.4.jar:/home/runner/.m2/repository/org/apache/hadoop/hadoop-auth/3.3.4/hadoop-auth-3.3.4.jar:/home/runner/.m2/repository/com/nimbusds/nimbus-jose-jwt/7.9/nimbus-jose-jwt-7.9.jar:/home/runner/.m2/repository/com/github/stephenc/jcip/jcip-annotations/1.0-1/jcip-annotations-1.0-1.jar:/home/runner/.m2/repository/net/minidev/json-smart/2.4.7/json-smart-2.4.7.jar:/home/runner/.m2/repository/net/minidev/accessors-smart/2.4.7/accessors-smart-2.4.7.jar:/home/runner/.m2/repository/org/ow2/asm/asm/5.0.4/asm-5.0.4.jar:/home/runner/.m2/repository/org/apache/zookeeper/zookeeper/3.5.6/zookeeper-3.5.6.jar:/home/runner/.m2/repository/org/apache/zookeeper/zookeeper-jute/3.5.6/zookeeper-jute-3.5.6.jar:/home/runner/.m2/repository/org/apache/yetus/audience-annotations/0.5.0/audience-annotations-0.5.0.jar:/home/runner/.m2/repository/org/apache/curator/curator-framework/4.2.0/curator-framework-4.2.0.jar:/home/runner/.m2/repository/org/apache/hadoop/thirdparty/hadoop-shaded-guava/1.1.1/hadoop-shaded-guava-1.1.1.jar:/home/runner/.m2/repository/com/sun/jersey/jersey-core/1.19/jersey-core-1.19.jar:/home/runner/.m2/repository/javax/ws/rs/jsr311-api/1.1.1/jsr311-api-1.1.1.jar:/home/runner/.m2/repository/com/sun/jersey/jersey-server/1.19/jersey-server-1.19.jar:/home/runner/.m2/repository/javax/servlet/javax.servlet-api/3.1.0/javax.servlet-api-3.1.0.jar:/home/runner/.m2/repository/org/eclipse/jetty/jetty-server/9.4.43.v20210629/jetty-server-9.4.43.v20210629.jar:/home/runner/.m2/repository/org/eclipse/jetty/jetty-http/9.4.43.v20210629/jetty-http-9.4.43.v20210629.jar:/home/runner/.m2/repository/org/eclipse/jetty/jetty-io/9.4.43.v20210629/jetty-io-9.4.43.v20210629.jar:/home/runner/.m2/repository/org/eclipse/jetty/jetty-webapp/9.4.43.v20210629/jetty-webapp-9.4.43.v20210629.jar:/home/runner/.m2/repository/org/eclipse/jetty/jetty-xml/9.4.43.v20210629/jetty-xml-9.4.43.v20210629.jar:/home/runner/.m2/repository/org/apache/hadoop/hadoop-common/3.3.4/hadoop-common-3.3.4.jar:/home/runner/.m2/repository/org/apache/commons/commons-math3/3.1.1/commons-math3-3.1.1.jar:/home/runner/.m2/repository/commons-net/commons-net/3.6/commons-net-3.6.jar:/home/runner/.m2/repository/com/sun/jersey/jersey-servlet/1.19/jersey-servlet-1.19.jar:/home/runner/.m2/repository/com/sun/jersey/jersey-json/1.19/jersey-json-1.19.jar:/home/runner/.m2/repository/org/codehaus/jettison/jettison/1.1/jettison-1.1.jar:/home/runner/.m2/repository/com/sun/xml/bind/jaxb-impl/2.2.3-1/jaxb-impl-2.2.3-1.jar:/home/runner/.m2/repository/org/codehaus/jackson/jackson-xc/1.9.2/jackson-xc-1.9.2.jar:/home/runner/.m2/repository/com/google/re2j/re2j/1.1/re2j-1.1.jar:/home/runner/.m2/repository/com/jcraft/jsch/0.1.54/jsch-0.1.54.jar:/home/runner/.m2/repository/org/apache/curator/curator-client/4.2.0/curator-client-4.2.0.jar:/home/runner/.m2/repository/org/apache/curator/curator-recipes/4.2.0/curator-recipes-4.2.0.jar:/home/runner/.m2/repository/org/apache/kerby/kerb-core/1.0.1/kerb-core-1.0.1.jar:/home/runner/.m2/repository/org/apache/kerby/kerby-pkix/1.0.1/kerby-pkix-1.0.1.jar:/home/runner/.m2/repository/org/apache/kerby/kerby-asn1/1.0.1/kerby-asn1-1.0.1.jar:/home/runner/.m2/repository/org/apache/kerby/kerby-util/1.0.1/kerby-util-1.0.1.jar:/home/runner/.m2/repository/dnsjava/dnsjava/2.1.7/dnsjava-2.1.7.jar:/home/runner/.m2/repository/org/xerial/snappy/snappy-java/1.1.8.2/snappy-java-1.1.8.2.jar:/home/runner/.m2/repository/org/eclipse/jetty/jetty-util/9.4.43.v20210629/jetty-util-9.4.43.v20210629.jar:/home/runner/.m2/repository/com/fasterxml/jackson/core/jackson-databind/2.13.4.2/jackson-databind-2.13.4.2.jar:/home/runner/.m2/repository/org/apache/hadoop/hadoop-kms/3.3.4/hadoop-kms-3.3.4-tests.jar:/home/runner/.m2/repository/org/apache/ozone/hdds-server-scm/1.3.0-SNAPSHOT/hdds-server-scm-1.3.0-SNAPSHOT-tests.jar:/home/runner/.m2/repository/org/apache/ozone/hdds-container-service/1.3.0-SNAPSHOT/hdds-container-service-1.3.0-SNAPSHOT-tests.jar:/home/runner/.m2/repository/commons-codec/commons-codec/1.11/commons-codec-1.11.jar:/home/runner/.m2/repository/io/netty/netty-codec/4.1.79.Final/netty-codec-4.1.79.Final.jar:/home/runner/.m2/repository/io/netty/netty-handler/4.1.79.Final/netty-handler-4.1.79.Final.jar:/home/runner/.m2/repository/org/apache/ozone/hdds-hadoop-dependency-test/1.3.0-SNAPSHOT/hdds-hadoop-dependency-test-1.3.0-SNAPSHOT.jar:/home/runner/.m2/repository/org/apache/hadoop/hadoop-common/3.3.4/hadoop-common-3.3.4-tests.jar:/home/runner/.m2/repository/org/apache/hadoop/hadoop-hdfs/3.3.4/hadoop-hdfs-3.3.4-tests.jar:/home/runner/.m2/repository/org/assertj/assertj-core/3.12.2/assertj-core-3.12.2.jar:/home/runner/.m2/repository/org/apache/hadoop/hadoop-distcp/3.3.4/hadoop-distcp-3.3.4.jar:/home/runner/.m2/repository/org/apache/hadoop/hadoop-mapreduce-client-jobclient/3.3.4/hadoop-mapreduce-client-jobclient-3.3.4.jar:/home/runner/.m2/repository/org/apache/hadoop/hadoop-mapreduce-client-common/3.3.4/hadoop-mapreduce-client-common-3.3.4.jar:/home/runner/.m2/repository/org/apache/hadoop/hadoop-yarn-common/3.3.4/hadoop-yarn-common-3.3.4.jar:/home/runner/.m2/repository/org/apache/hadoop/hadoop-yarn-api/3.3.4/hadoop-yarn-api-3.3.4.jar:/home/runner/.m2/repository/com/sun/jersey/contribs/jersey-guice/1.19/jersey-guice-1.19.jar:/home/runner/.m2/repository/com/fasterxml/jackson/jaxrs/jackson-jaxrs-json-provider/2.13.4/jackson-jaxrs-json-provider-2.13.4.jar:/home/runner/.m2/repository/com/fasterxml/jackson/jaxrs/jackson-jaxrs-base/2.13.4/jackson-jaxrs-base-2.13.4.jar:/home/runner/.m2/repository/org/apache/hadoop/hadoop-yarn-client/3.3.4/hadoop-yarn-client-3.3.4.jar:/home/runner/.m2/repository/org/eclipse/jetty/websocket/websocket-client/9.4.43.v20210629/websocket-client-9.4.43.v20210629.jar:/home/runner/.m2/repository/org/eclipse/jetty/websocket/websocket-common/9.4.43.v20210629/websocket-common-9.4.43.v20210629.jar:/home/runner/.m2/repository/org/eclipse/jetty/websocket/websocket-api/9.4.43.v20210629/websocket-api-9.4.43.v20210629.jar:/home/runner/.m2/repository/org/jline/jline/3.9.0/jline-3.9.0.jar:/home/runner/.m2/repository/org/apache/hadoop/hadoop-mapreduce-client-core/3.3.4/hadoop-mapreduce-client-core-3.3.4.jar:/home/runner/.m2/repository/org/apache/avro/avro/1.7.7/avro-1.7.7.jar:/home/runner/.m2/repository/org/codehaus/jackson/jackson-core-asl/1.9.13/jackson-core-asl-1.9.13.jar:/home/runner/.m2/repository/org/codehaus/jackson/jackson-mapper-asl/1.9.13/jackson-mapper-asl-1.9.13.jar:/home/runner/.m2/repository/com/thoughtworks/paranamer/paranamer/2.3/paranamer-2.3.jar:/home/runner/.m2/repository/org/apache/hadoop/hadoop-annotations/3.3.4/hadoop-annotations-3.3.4.jar:/usr/lib/jvm/temurin-8-jdk-amd64/jre/../lib/tools.jar:/home/runner/.m2/repository/io/netty/netty/3.10.6.Final/netty-3.10.6.Final.jar:/home/runner/.m2/repository/org/apache/hadoop/hadoop-distcp/3.3.4/hadoop-distcp-3.3.4-tests.jar:/home/runner/.m2/repository/org/slf4j/jul-to-slf4j/1.7.36/jul-to-slf4j-1.7.36.jar:/home/runner/.m2/repository/org/apache/ratis/ratis-common/2.4.0/ratis-common-2.4.0.jar:/home/runner/.m2/repository/org/apache/ratis/ratis-thirdparty-misc/1.0.2/ratis-thirdparty-misc-1.0.2.jar:/home/runner/.m2/repository/org/apache/ratis/ratis-proto/2.4.0/ratis-proto-2.4.0.jar:"/>
    <property name="java.vm.vendor" value="Temurin"/>
    <property name="sun.arch.data.model" value="64"/>
    <property name="test.build.dir" value="/home/runner/work/ozone/ozone/hadoop-ozone/integration-test/target/test-dir"/>
    <property name="test.cache.data" value=""/>
    <property name="java.vendor.url" value="https://adoptium.net/"/>
    <property name="user.timezone" value="Etc/UTC"/>
    <property name="java.vm.specification.version" value="1.8"/>
    <property name="os.name" value="Linux"/>
    <property name="test.build.data" value="/home/runner/work/ozone/ozone/hadoop-ozone/integration-test/target/test-dir"/>
    <property name="sun.java.launcher" value="SUN_STANDARD"/>
    <property name="sun.boot.library.path" value="/usr/lib/jvm/temurin-8-jdk-amd64/jre/lib/amd64"/>
    <property name="sun.java.command" value="/home/runner/work/ozone/ozone/hadoop-ozone/integration-test/target/surefire/surefirebooter5337181010647224017.jar /home/runner/work/ozone/ozone/hadoop-ozone/integration-test/target/surefire 2022-10-22T00-56-15_441-jvmRun1 surefire1098340298490690808tmp surefire_124933130245669589218tmp"/>
    <property name="surefire.test.class.path" value="/home/runner/work/ozone/ozone/hadoop-ozone/integration-test/target/test-classes:/home/runner/work/ozone/ozone/hadoop-ozone/integration-test/target/classes:/home/runner/.m2/repository/org/apache/ozone/ozone-common/1.3.0-SNAPSHOT/ozone-common-1.3.0-SNAPSHOT.jar:/home/runner/.m2/repository/io/grpc/grpc-netty/1.48.1/grpc-netty-1.48.1.jar:/home/runner/.m2/repository/io/grpc/grpc-core/1.48.1/grpc-core-1.48.1.jar:/home/runner/.m2/repository/com/google/android/annotations/4.1.1.4/annotations-4.1.1.4.jar:/home/runner/.m2/repository/org/codehaus/mojo/animal-sniffer-annotations/1.21/animal-sniffer-annotations-1.21.jar:/home/runner/.m2/repository/com/google/errorprone/error_prone_annotations/2.2.0/error_prone_annotations-2.2.0.jar:/home/runner/.m2/repository/io/perfmark/perfmark-api/0.25.0/perfmark-api-0.25.0.jar:/home/runner/.m2/repository/io/netty/netty-codec-http2/4.1.79.Final/netty-codec-http2-4.1.79.Final.jar:/home/runner/.m2/repository/io/netty/netty-common/4.1.79.Final/netty-common-4.1.79.Final.jar:/home/runner/.m2/repository/io/netty/netty-buffer/4.1.79.Final/netty-buffer-4.1.79.Final.jar:/home/runner/.m2/repository/io/netty/netty-codec-http/4.1.79.Final/netty-codec-http-4.1.79.Final.jar:/home/runner/.m2/repository/io/netty/netty-handler-proxy/4.1.79.Final/netty-handler-proxy-4.1.79.Final.jar:/home/runner/.m2/repository/io/netty/netty-codec-socks/4.1.79.Final/netty-codec-socks-4.1.79.Final.jar:/home/runner/.m2/repository/io/netty/netty-tcnative-boringssl-static/2.0.53.Final/netty-tcnative-boringssl-static-2.0.53.Final.jar:/home/runner/.m2/repository/io/netty/netty-tcnative-classes/2.0.53.Final/netty-tcnative-classes-2.0.53.Final.jar:/home/runner/.m2/repository/io/netty/netty-tcnative-boringssl-static/2.0.53.Final/netty-tcnative-boringssl-static-2.0.53.Final-linux-x86_64.jar:/home/runner/.m2/repository/io/netty/netty-tcnative-boringssl-static/2.0.53.Final/netty-tcnative-boringssl-static-2.0.53.Final-linux-aarch_64.jar:/home/runner/.m2/repository/io/netty/netty-tcnative-boringssl-static/2.0.53.Final/netty-tcnative-boringssl-static-2.0.53.Final-osx-x86_64.jar:/home/runner/.m2/repository/io/netty/netty-tcnative-boringssl-static/2.0.53.Final/netty-tcnative-boringssl-static-2.0.53.Final-osx-aarch_64.jar:/home/runner/.m2/repository/io/netty/netty-tcnative-boringssl-static/2.0.53.Final/netty-tcnative-boringssl-static-2.0.53.Final-windows-x86_64.jar:/home/runner/.m2/repository/org/apache/commons/commons-compress/1.21/commons-compress-1.21.jar:/home/runner/.m2/repository/org/apache/ozone/hdds-common/1.3.0-SNAPSHOT/hdds-common-1.3.0-SNAPSHOT.jar:/home/runner/.m2/repository/org/apache/ozone/hdds-client/1.3.0-SNAPSHOT/hdds-client-1.3.0-SNAPSHOT.jar:/home/runner/.m2/repository/org/apache/ozone/ozone-interface-client/1.3.0-SNAPSHOT/ozone-interface-client-1.3.0-SNAPSHOT.jar:/home/runner/.m2/repository/org/apache/ozone/hdds-test-utils/1.3.0-SNAPSHOT/hdds-test-utils-1.3.0-SNAPSHOT.jar:/home/runner/.m2/repository/com/google/guava/guava/31.1-jre/guava-31.1-jre.jar:/home/runner/.m2/repository/com/google/guava/failureaccess/1.0.1/failureaccess-1.0.1.jar:/home/runner/.m2/repository/com/google/guava/listenablefuture/9999.0-empty-to-avoid-conflict-with-guava/listenablefuture-9999.0-empty-to-avoid-conflict-with-guava.jar:/home/runner/.m2/repository/com/google/code/findbugs/jsr305/3.0.0/jsr305-3.0.0.jar:/home/runner/.m2/repository/org/checkerframework/checker-qual/3.12.0/checker-qual-3.12.0.jar:/home/runner/.m2/repository/com/google/j2objc/j2objc-annotations/1.3/j2objc-annotations-1.3.jar:/home/runner/.m2/repository/commons-io/commons-io/2.11.0/commons-io-2.11.0.jar:/home/runner/.m2/repository/commons-logging/commons-logging/1.2/commons-logging-1.2.jar:/home/runner/.m2/repository/ch/qos/reload4j/reload4j/1.2.22/reload4j-1.2.22.jar:/home/runner/.m2/repository/org/slf4j/slf4j-api/1.7.36/slf4j-api-1.7.36.jar:/home/runner/.m2/repository/org/apache/ozone/hdds-server-scm/1.3.0-SNAPSHOT/hdds-server-scm-1.3.0-SNAPSHOT.jar:/home/runner/.m2/repository/org/apache/ozone/hdds-container-service/1.3.0-SNAPSHOT/hdds-container-service-1.3.0-SNAPSHOT.jar:/home/runner/.m2/repository/org/apache/ozone/hdds-hadoop-dependency-server/1.3.0-SNAPSHOT/hdds-hadoop-dependency-server-1.3.0-SNAPSHOT.jar:/home/runner/.m2/repository/org/apache/hadoop/hadoop-hdfs/3.3.4/hadoop-hdfs-3.3.4.jar:/home/runner/.m2/repository/org/eclipse/jetty/jetty-util-ajax/9.4.43.v20210629/jetty-util-ajax-9.4.43.v20210629.jar:/home/runner/.m2/repository/commons-daemon/commons-daemon/1.0.13/commons-daemon-1.0.13.jar:/home/runner/.m2/repository/org/apache/ozone/hdds-server-framework/1.3.0-SNAPSHOT/hdds-server-framework-1.3.0-SNAPSHOT.jar:/home/runner/.m2/repository/org/apache/ozone/hdds-interface-server/1.3.0-SNAPSHOT/hdds-interface-server-1.3.0-SNAPSHOT.jar:/home/runner/.m2/repository/org/apache/commons/commons-configuration2/2.1.1/commons-configuration2-2.1.1.jar:/home/runner/.m2/repository/org/apache/logging/log4j/log4j-core/2.17.1/log4j-core-2.17.1.jar:/home/runner/.m2/repository/com/lmax/disruptor/3.4.2/disruptor-3.4.2.jar:/home/runner/.m2/repository/org/eclipse/jetty/jetty-servlet/9.4.43.v20210629/jetty-servlet-9.4.43.v20210629.jar:/home/runner/.m2/repository/org/eclipse/jetty/jetty-security/9.4.43.v20210629/jetty-security-9.4.43.v20210629.jar:/home/runner/.m2/repository/org/rocksdb/rocksdbjni/7.4.5/rocksdbjni-7.4.5.jar:/home/runner/.m2/repository/io/prometheus/simpleclient_dropwizard/0.7.0/simpleclient_dropwizard-0.7.0.jar:/home/runner/.m2/repository/io/prometheus/simpleclient/0.7.0/simpleclient-0.7.0.jar:/home/runner/.m2/repository/io/prometheus/simpleclient_common/0.7.0/simpleclient_common-0.7.0.jar:/home/runner/.m2/repository/io/dropwizard/metrics/metrics-core/3.2.4/metrics-core-3.2.4.jar:/home/runner/.m2/repository/org/apache/commons/commons-text/1.4/commons-text-1.4.jar:/home/runner/.m2/repository/org/apache/hadoop/hadoop-hdfs-client/3.3.4/hadoop-hdfs-client-3.3.4.jar:/home/runner/.m2/repository/com/squareup/okhttp3/okhttp/4.9.3/okhttp-4.9.3.jar:/home/runner/.m2/repository/com/squareup/okio/okio/2.8.0/okio-2.8.0.jar:/home/runner/.m2/repository/org/jetbrains/kotlin/kotlin-stdlib-common/1.4.10/kotlin-stdlib-common-1.4.10.jar:/home/runner/.m2/repository/org/bouncycastle/bcprov-jdk15on/1.67/bcprov-jdk15on-1.67.jar:/home/runner/.m2/repository/com/google/protobuf/protobuf-java/2.5.0/protobuf-java-2.5.0.jar:/home/runner/.m2/repository/org/apache/ozone/ozone-manager/1.3.0-SNAPSHOT/ozone-manager-1.3.0-SNAPSHOT.jar:/home/runner/.m2/repository/org/aspectj/aspectjrt/1.9.7/aspectjrt-1.9.7.jar:/home/runner/.m2/repository/org/aspectj/aspectjweaver/1.9.7/aspectjweaver-1.9.7.jar:/home/runner/.m2/repository/org/apache/ozone/hdds-interface-client/1.3.0-SNAPSHOT/hdds-interface-client-1.3.0-SNAPSHOT.jar:/home/runner/.m2/repository/org/apache/hadoop/thirdparty/hadoop-shaded-protobuf_3_7/1.1.1/hadoop-shaded-protobuf_3_7-1.1.1.jar:/home/runner/.m2/repository/org/apache/ozone/ozone-interface-storage/1.3.0-SNAPSHOT/ozone-interface-storage-1.3.0-SNAPSHOT.jar:/home/runner/.m2/repository/org/reflections/reflections/0.9.11/reflections-0.9.11.jar:/home/runner/.m2/repository/com/sun/jersey/jersey-client/1.19/jersey-client-1.19.jar:/home/runner/.m2/repository/org/apache/ranger/ranger-intg/2.3.0/ranger-intg-2.3.0.jar:/home/runner/.m2/repository/org/apache/ranger/ranger-plugins-common/2.3.0/ranger-plugins-common-2.3.0.jar:/home/runner/.m2/repository/commons-lang/commons-lang/2.6/commons-lang-2.6.jar:/home/runner/.m2/repository/org/codehaus/jackson/jackson-jaxrs/1.9.13/jackson-jaxrs-1.9.13.jar:/home/runner/.m2/repository/org/apache/ranger/ranger-plugins-cred/2.3.0/ranger-plugins-cred-2.3.0.jar:/home/runner/.m2/repository/org/apache/ranger/ranger-plugins-audit/2.3.0/ranger-plugins-audit-2.3.0.jar:/home/runner/.m2/repository/org/eclipse/jetty/jetty-client/9.4.31.v20200723/jetty-client-9.4.31.v20200723.jar:/home/runner/.m2/repository/org/apache/httpcomponents/httpmime/4.5.6/httpmime-4.5.6.jar:/home/runner/.m2/repository/org/apache/httpcomponents/httpcore-nio/4.4.6/httpcore-nio-4.4.6.jar:/home/runner/.m2/repository/org/apache/httpcomponents/httpasyncclient/4.1.3/httpasyncclient-4.1.3.jar:/home/runner/.m2/repository/com/carrotsearch/hppc/0.8.0/hppc-0.8.0.jar:/home/runner/.m2/repository/org/apache/orc/orc-core/1.5.8/orc-core-1.5.8.jar:/home/runner/.m2/repository/net/java/dev/jna/jna/5.2.0/jna-5.2.0.jar:/home/runner/.m2/repository/net/java/dev/jna/jna-platform/5.2.0/jna-platform-5.2.0.jar:/home/runner/.m2/repository/com/kstruct/gethostname4j/0.0.2/gethostname4j-0.0.2.jar:/home/runner/.m2/repository/org/apache/ranger/ranger-plugin-classloader/2.3.0/ranger-plugin-classloader-2.3.0.jar:/home/runner/.m2/repository/org/apache/hadoop/hadoop-minikdc/3.3.4/hadoop-minikdc-3.3.4.jar:/home/runner/.m2/repository/org/apache/kerby/kerb-simplekdc/1.0.1/kerb-simplekdc-1.0.1.jar:/home/runner/.m2/repository/org/apache/kerby/kerb-client/1.0.1/kerb-client-1.0.1.jar:/home/runner/.m2/repository/org/apache/kerby/kerby-config/1.0.1/kerby-config-1.0.1.jar:/home/runner/.m2/repository/org/apache/kerby/kerb-common/1.0.1/kerb-common-1.0.1.jar:/home/runner/.m2/repository/org/apache/kerby/kerb-crypto/1.0.1/kerb-crypto-1.0.1.jar:/home/runner/.m2/repository/org/apache/kerby/kerb-util/1.0.1/kerb-util-1.0.1.jar:/home/runner/.m2/repository/org/apache/kerby/token-provider/1.0.1/token-provider-1.0.1.jar:/home/runner/.m2/repository/org/apache/kerby/kerb-admin/1.0.1/kerb-admin-1.0.1.jar:/home/runner/.m2/repository/org/apache/kerby/kerb-server/1.0.1/kerb-server-1.0.1.jar:/home/runner/.m2/repository/org/apache/kerby/kerb-identity/1.0.1/kerb-identity-1.0.1.jar:/home/runner/.m2/repository/org/apache/kerby/kerby-xdr/1.0.1/kerby-xdr-1.0.1.jar:/home/runner/.m2/repository/org/apache/ozone/ozone-s3gateway/1.3.0-SNAPSHOT/ozone-s3gateway-1.3.0-SNAPSHOT.jar:/home/runner/.m2/repository/org/javassist/javassist/3.21.0-GA/javassist-3.21.0-GA.jar:/home/runner/.m2/repository/org/jboss/weld/servlet/weld-servlet/2.4.7.Final/weld-servlet-2.4.7.Final.jar:/home/runner/.m2/repository/org/glassfish/jersey/containers/jersey-container-servlet-core/2.34/jersey-container-servlet-core-2.34.jar:/home/runner/.m2/repository/org/glassfish/hk2/external/jakarta.inject/2.6.1/jakarta.inject-2.6.1.jar:/home/runner/.m2/repository/org/glassfish/jersey/core/jersey-common/2.34/jersey-common-2.34.jar:/home/runner/.m2/repository/jakarta/ws/rs/jakarta.ws.rs-api/2.1.6/jakarta.ws.rs-api-2.1.6.jar:/home/runner/.m2/repository/org/glassfish/jersey/ext/cdi/jersey-cdi1x/2.34/jersey-cdi1x-2.34.jar:/home/runner/.m2/repository/org/glassfish/jersey/inject/jersey-hk2/2.34/jersey-hk2-2.34.jar:/home/runner/.m2/repository/org/glassfish/hk2/hk2-locator/2.6.1/hk2-locator-2.6.1.jar:/home/runner/.m2/repository/org/glassfish/jersey/media/jersey-media-jaxb/2.34/jersey-media-jaxb-2.34.jar:/home/runner/.m2/repository/org/glassfish/hk2/osgi-resource-locator/1.0.3/osgi-resource-locator-1.0.3.jar:/home/runner/.m2/repository/org/glassfish/hk2/hk2-api/2.5.0/hk2-api-2.5.0.jar:/home/runner/.m2/repository/org/glassfish/hk2/hk2-utils/2.5.0/hk2-utils-2.5.0.jar:/home/runner/.m2/repository/org/glassfish/hk2/external/aopalliance-repackaged/2.5.0/aopalliance-repackaged-2.5.0.jar:/home/runner/.m2/repository/com/fasterxml/jackson/dataformat/jackson-dataformat-xml/2.13.4/jackson-dataformat-xml-2.13.4.jar:/home/runner/.m2/repository/com/fasterxml/jackson/core/jackson-core/2.13.4/jackson-core-2.13.4.jar:/home/runner/.m2/repository/org/codehaus/woodstox/stax2-api/3.1.4/stax2-api-3.1.4.jar:/home/runner/.m2/repository/com/fasterxml/woodstox/woodstox-core/5.0.3/woodstox-core-5.0.3.jar:/home/runner/.m2/repository/com/fasterxml/jackson/module/jackson-module-jaxb-annotations/2.13.4/jackson-module-jaxb-annotations-2.13.4.jar:/home/runner/.m2/repository/jakarta/xml/bind/jakarta.xml.bind-api/2.3.3/jakarta.xml.bind-api-2.3.3.jar:/home/runner/.m2/repository/jakarta/activation/jakarta.activation-api/1.2.1/jakarta.activation-api-1.2.1.jar:/home/runner/.m2/repository/javax/enterprise/cdi-api/1.2/cdi-api-1.2.jar:/home/runner/.m2/repository/javax/el/javax.el-api/3.0.0/javax.el-api-3.0.0.jar:/home/runner/.m2/repository/javax/interceptor/javax.interceptor-api/1.2/javax.interceptor-api-1.2.jar:/home/runner/.m2/repository/javax/inject/javax.inject/1/javax.inject-1.jar:/home/runner/.m2/repository/javax/xml/bind/jaxb-api/2.3.0/jaxb-api-2.3.0.jar:/home/runner/.m2/repository/org/glassfish/jaxb/jaxb-runtime/2.3.0.1/jaxb-runtime-2.3.0.1.jar:/home/runner/.m2/repository/org/glassfish/jaxb/jaxb-core/2.3.0.1/jaxb-core-2.3.0.1.jar:/home/runner/.m2/repository/org/glassfish/jaxb/txw2/2.3.0.1/txw2-2.3.0.1.jar:/home/runner/.m2/repository/com/sun/istack/istack-commons-runtime/3.0.5/istack-commons-runtime-3.0.5.jar:/home/runner/.m2/repository/org/jvnet/staxex/stax-ex/1.7.8/stax-ex-1.7.8.jar:/home/runner/.m2/repository/com/sun/xml/fastinfoset/FastInfoset/1.2.13/FastInfoset-1.2.13.jar:/home/runner/.m2/repository/javax/activation/activation/1.1.1/activation-1.1.1.jar:/home/runner/.m2/repository/io/grpc/grpc-protobuf/1.48.1/grpc-protobuf-1.48.1.jar:/home/runner/.m2/repository/io/grpc/grpc-api/1.48.1/grpc-api-1.48.1.jar:/home/runner/.m2/repository/io/grpc/grpc-context/1.48.1/grpc-context-1.48.1.jar:/home/runner/.m2/repository/com/google/api/grpc/proto-google-common-protos/2.9.0/proto-google-common-protos-2.9.0.jar:/home/runner/.m2/repository/io/grpc/grpc-protobuf-lite/1.48.1/grpc-protobuf-lite-1.48.1.jar:/home/runner/.m2/repository/io/grpc/grpc-stub/1.48.1/grpc-stub-1.48.1.jar:/home/runner/.m2/repository/io/netty/netty-transport/4.1.79.Final/netty-transport-4.1.79.Final.jar:/home/runner/.m2/repository/io/netty/netty-resolver/4.1.79.Final/netty-resolver-4.1.79.Final.jar:/home/runner/.m2/repository/org/apache/ozone/ozone-csi/1.3.0-SNAPSHOT/ozone-csi-1.3.0-SNAPSHOT.jar:/home/runner/.m2/repository/com/google/protobuf/protobuf-java-util/3.19.2/protobuf-java-util-3.19.2.jar:/home/runner/.m2/repository/com/google/code/gson/gson/2.9.0/gson-2.9.0.jar:/home/runner/.m2/repository/org/apache/ozone/hdds-config/1.3.0-SNAPSHOT/hdds-config-1.3.0-SNAPSHOT.jar:/home/runner/.m2/repository/io/netty/netty-transport-native-epoll/4.1.79.Final/netty-transport-native-epoll-4.1.79.Final-linux-x86_64.jar:/home/runner/.m2/repository/io/netty/netty-transport-classes-epoll/4.1.79.Final/netty-transport-classes-epoll-4.1.79.Final.jar:/home/runner/.m2/repository/io/netty/netty-transport-native-unix-common/4.1.79.Final/netty-transport-native-unix-common-4.1.79.Final.jar:/home/runner/.m2/repository/org/slf4j/slf4j-reload4j/1.7.36/slf4j-reload4j-1.7.36.jar:/home/runner/.m2/repository/org/apache/ozone/ozone-recon/1.3.0-SNAPSHOT/ozone-recon-1.3.0-SNAPSHOT.jar:/home/runner/.m2/repository/org/apache/ozone/ozone-reconcodegen/1.3.0-SNAPSHOT/ozone-reconcodegen-1.3.0-SNAPSHOT.jar:/home/runner/.m2/repository/com/google/inject/extensions/guice-multibindings/4.0/guice-multibindings-4.0.jar:/home/runner/.m2/repository/com/google/inject/guice/4.0/guice-4.0.jar:/home/runner/.m2/repository/aopalliance/aopalliance/1.0/aopalliance-1.0.jar:/home/runner/.m2/repository/com/google/inject/extensions/guice-assistedinject/4.0/guice-assistedinject-4.0.jar:/home/runner/.m2/repository/com/google/inject/extensions/guice-servlet/4.0/guice-servlet-4.0.jar:/home/runner/.m2/repository/org/glassfish/jersey/containers/jersey-container-servlet/2.34/jersey-container-servlet-2.34.jar:/home/runner/.m2/repository/org/glassfish/hk2/guice-bridge/2.5.0/guice-bridge-2.5.0.jar:/home/runner/.m2/repository/org/glassfish/jersey/core/jersey-server/2.34/jersey-server-2.34.jar:/home/runner/.m2/repository/org/glassfish/jersey/core/jersey-client/2.34/jersey-client-2.34.jar:/home/runner/.m2/repository/jakarta/annotation/jakarta.annotation-api/1.3.5/jakarta.annotation-api-1.3.5.jar:/home/runner/.m2/repository/jakarta/validation/jakarta.validation-api/2.0.2/jakarta.validation-api-2.0.2.jar:/home/runner/.m2/repository/org/glassfish/jersey/media/jersey-media-json-jackson/2.34/jersey-media-json-jackson-2.34.jar:/home/runner/.m2/repository/org/glassfish/jersey/ext/jersey-entity-filtering/2.34/jersey-entity-filtering-2.34.jar:/home/runner/.m2/repository/org/jooq/jooq/3.11.10/jooq-3.11.10.jar:/home/runner/.m2/repository/org/jooq/jooq-meta/3.11.10/jooq-meta-3.11.10.jar:/home/runner/.m2/repository/org/jooq/jooq-codegen/3.11.10/jooq-codegen-3.11.10.jar:/home/runner/.m2/repository/com/jolbox/bonecp/0.8.0.RELEASE/bonecp-0.8.0.RELEASE.jar:/home/runner/.m2/repository/org/apache/derby/derby/10.14.2.0/derby-10.14.2.0.jar:/home/runner/.m2/repository/org/xerial/sqlite-jdbc/3.25.2/sqlite-jdbc-3.25.2.jar:/home/runner/.m2/repository/org/springframework/spring-jdbc/5.2.20.RELEASE/spring-jdbc-5.2.20.RELEASE.jar:/home/runner/.m2/repository/org/springframework/spring-beans/5.2.20.RELEASE/spring-beans-5.2.20.RELEASE.jar:/home/runner/.m2/repository/org/springframework/spring-core/5.2.20.RELEASE/spring-core-5.2.20.RELEASE.jar:/home/runner/.m2/repository/org/springframework/spring-jcl/5.2.20.RELEASE/spring-jcl-5.2.20.RELEASE.jar:/home/runner/.m2/repository/org/springframework/spring-tx/5.2.20.RELEASE/spring-tx-5.2.20.RELEASE.jar:/home/runner/.m2/repository/org/apache/ozone/ozone-client/1.3.0-SNAPSHOT/ozone-client-1.3.0-SNAPSHOT.jar:/home/runner/.m2/repository/org/apache/ozone/hdds-erasurecode/1.3.0-SNAPSHOT/hdds-erasurecode-1.3.0-SNAPSHOT.jar:/home/runner/.m2/repository/com/github/spotbugs/spotbugs-annotations/3.1.12/spotbugs-annotations-3.1.12.jar:/home/runner/.m2/repository/org/apache/ozone/ozone-filesystem/1.3.0-SNAPSHOT/ozone-filesystem-1.3.0-SNAPSHOT.jar:/home/runner/.m2/repository/org/apache/ozone/ozone-filesystem-common/1.3.0-SNAPSHOT/ozone-filesystem-common-1.3.0-SNAPSHOT.jar:/home/runner/.m2/repository/org/apache/ozone/ozone-tools/1.3.0-SNAPSHOT/ozone-tools-1.3.0-SNAPSHOT.jar:/home/runner/.m2/repository/org/apache/ratis/ratis-tools/2.4.0/ratis-tools-2.4.0.jar:/home/runner/.m2/repository/com/amazonaws/aws-java-sdk-core/1.12.261/aws-java-sdk-core-1.12.261.jar:/home/runner/.m2/repository/org/apache/httpcomponents/httpclient/4.5.13/httpclient-4.5.13.jar:/home/runner/.m2/repository/org/apache/httpcomponents/httpcore/4.4.13/httpcore-4.4.13.jar:/home/runner/.m2/repository/software/amazon/ion/ion-java/1.0.2/ion-java-1.0.2.jar:/home/runner/.m2/repository/com/fasterxml/jackson/dataformat/jackson-dataformat-cbor/2.13.4/jackson-dataformat-cbor-2.13.4.jar:/home/runner/.m2/repository/joda-time/joda-time/2.8.1/joda-time-2.8.1.jar:/home/runner/.m2/repository/com/amazonaws/aws-java-sdk-s3/1.12.261/aws-java-sdk-s3-1.12.261.jar:/home/runner/.m2/repository/com/amazonaws/aws-java-sdk-kms/1.12.261/aws-java-sdk-kms-1.12.261.jar:/home/runner/.m2/repository/com/amazonaws/jmespath-java/1.12.261/jmespath-java-1.12.261.jar:/home/runner/.m2/repository/org/kohsuke/metainf-services/metainf-services/1.8/metainf-services-1.8.jar:/home/runner/.m2/repository/org/apache/ozone/hdds-tools/1.3.0-SNAPSHOT/hdds-tools-1.3.0-SNAPSHOT.jar:/home/runner/.m2/repository/commons-cli/commons-cli/1.2/commons-cli-1.2.jar:/home/runner/.m2/repository/org/apache/commons/commons-lang3/3.7/commons-lang3-3.7.jar:/home/runner/.m2/repository/org/apache/ozone/ozone-manager/1.3.0-SNAPSHOT/ozone-manager-1.3.0-SNAPSHOT-tests.jar:/home/runner/.m2/repository/org/apache/ozone/hdds-common/1.3.0-SNAPSHOT/hdds-common-1.3.0-SNAPSHOT-tests.jar:/home/runner/.m2/repository/org/apache/ozone/hdds-hadoop-dependency-client/1.3.0-SNAPSHOT/hdds-hadoop-dependency-client-1.3.0-SNAPSHOT.jar:/home/runner/.m2/repository/info/picocli/picocli/4.6.1/picocli-4.6.1.jar:/home/runner/.m2/repository/com/fasterxml/jackson/core/jackson-annotations/2.13.4/jackson-annotations-2.13.4.jar:/home/runner/.m2/repository/com/fasterxml/jackson/datatype/jackson-datatype-jsr310/2.13.4/jackson-datatype-jsr310-2.13.4.jar:/home/runner/.m2/repository/org/apache/ozone/hdds-annotation-processing/1.3.0-SNAPSHOT/hdds-annotation-processing-1.3.0-SNAPSHOT.jar:/home/runner/.m2/repository/javax/annotation/javax.annotation-api/1.2/javax.annotation-api-1.2.jar:/home/runner/.m2/repository/org/apache/ratis/ratis-server/2.4.0/ratis-server-2.4.0.jar:/home/runner/.m2/repository/org/apache/ratis/ratis-client/2.4.0/ratis-client-2.4.0.jar:/home/runner/.m2/repository/org/apache/ratis/ratis-server-api/2.4.0/ratis-server-api-2.4.0.jar:/home/runner/.m2/repository/org/apache/ratis/ratis-metrics/2.4.0/ratis-metrics-2.4.0.jar:/home/runner/.m2/repository/org/apache/ratis/ratis-netty/2.4.0/ratis-netty-2.4.0.jar:/home/runner/.m2/repository/org/apache/ratis/ratis-grpc/2.4.0/ratis-grpc-2.4.0.jar:/home/runner/.m2/repository/org/apache/logging/log4j/log4j-api/2.17.1/log4j-api-2.17.1.jar:/home/runner/.m2/repository/org/apache/commons/commons-pool2/2.6.0/commons-pool2-2.6.0.jar:/home/runner/.m2/repository/org/bouncycastle/bcpkix-jdk15on/1.67/bcpkix-jdk15on-1.67.jar:/home/runner/.m2/repository/commons-validator/commons-validator/1.6/commons-validator-1.6.jar:/home/runner/.m2/repository/commons-beanutils/commons-beanutils/1.9.4/commons-beanutils-1.9.4.jar:/home/runner/.m2/repository/commons-digester/commons-digester/1.8.1/commons-digester-1.8.1.jar:/home/runner/.m2/repository/commons-collections/commons-collections/3.2.2/commons-collections-3.2.2.jar:/home/runner/.m2/repository/io/jaegertracing/jaeger-client/1.6.0/jaeger-client-1.6.0.jar:/home/runner/.m2/repository/io/jaegertracing/jaeger-thrift/1.6.0/jaeger-thrift-1.6.0.jar:/home/runner/.m2/repository/org/apache/thrift/libthrift/0.14.1/libthrift-0.14.1.jar:/home/runner/.m2/repository/io/jaegertracing/jaeger-core/1.6.0/jaeger-core-1.6.0.jar:/home/runner/.m2/repository/io/jaegertracing/jaeger-tracerresolver/1.6.0/jaeger-tracerresolver-1.6.0.jar:/home/runner/.m2/repository/io/opentracing/contrib/opentracing-tracerresolver/0.1.8/opentracing-tracerresolver-0.1.8.jar:/home/runner/.m2/repository/org/jetbrains/kotlin/kotlin-stdlib/1.6.21/kotlin-stdlib-1.6.21.jar:/home/runner/.m2/repository/org/jetbrains/annotations/13.0/annotations-13.0.jar:/home/runner/.m2/repository/io/opentracing/opentracing-util/0.33.0/opentracing-util-0.33.0.jar:/home/runner/.m2/repository/io/opentracing/opentracing-api/0.33.0/opentracing-api-0.33.0.jar:/home/runner/.m2/repository/io/opentracing/opentracing-noop/0.33.0/opentracing-noop-0.33.0.jar:/home/runner/.m2/repository/org/yaml/snakeyaml/1.32/snakeyaml-1.32.jar:/home/runner/.m2/repository/org/apache/ozone/hdds-interface-admin/1.3.0-SNAPSHOT/hdds-interface-admin-1.3.0-SNAPSHOT.jar:/home/runner/.m2/repository/junit/junit/4.13.1/junit-4.13.1.jar:/home/runner/.m2/repository/org/hamcrest/hamcrest-core/1.3/hamcrest-core-1.3.jar:/home/runner/.m2/repository/org/junit/jupiter/junit-jupiter-api/5.8.2/junit-jupiter-api-5.8.2.jar:/home/runner/.m2/repository/org/opentest4j/opentest4j/1.2.0/opentest4j-1.2.0.jar:/home/runner/.m2/repository/org/junit/platform/junit-platform-commons/1.8.2/junit-platform-commons-1.8.2.jar:/home/runner/.m2/repository/org/apiguardian/apiguardian-api/1.1.2/apiguardian-api-1.1.2.jar:/home/runner/.m2/repository/org/junit/jupiter/junit-jupiter-params/5.8.2/junit-jupiter-params-5.8.2.jar:/home/runner/.m2/repository/org/junit/jupiter/junit-jupiter-migrationsupport/5.8.2/junit-jupiter-migrationsupport-5.8.2.jar:/home/runner/.m2/repository/org/junit/jupiter/junit-jupiter-engine/5.8.2/junit-jupiter-engine-5.8.2.jar:/home/runner/.m2/repository/org/junit/platform/junit-platform-engine/1.8.2/junit-platform-engine-1.8.2.jar:/home/runner/.m2/repository/org/junit/vintage/junit-vintage-engine/5.8.2/junit-vintage-engine-5.8.2.jar:/home/runner/.m2/repository/org/junit/platform/junit-platform-launcher/1.8.2/junit-platform-launcher-1.8.2.jar:/home/runner/.m2/repository/org/mockito/mockito-core/2.28.2/mockito-core-2.28.2.jar:/home/runner/.m2/repository/net/bytebuddy/byte-buddy/1.9.10/byte-buddy-1.9.10.jar:/home/runner/.m2/repository/net/bytebuddy/byte-buddy-agent/1.9.10/byte-buddy-agent-1.9.10.jar:/home/runner/.m2/repository/org/objenesis/objenesis/1.0/objenesis-1.0.jar:/home/runner/.m2/repository/org/apache/hadoop/hadoop-kms/3.3.4/hadoop-kms-3.3.4.jar:/home/runner/.m2/repository/org/apache/hadoop/hadoop-auth/3.3.4/hadoop-auth-3.3.4.jar:/home/runner/.m2/repository/com/nimbusds/nimbus-jose-jwt/7.9/nimbus-jose-jwt-7.9.jar:/home/runner/.m2/repository/com/github/stephenc/jcip/jcip-annotations/1.0-1/jcip-annotations-1.0-1.jar:/home/runner/.m2/repository/net/minidev/json-smart/2.4.7/json-smart-2.4.7.jar:/home/runner/.m2/repository/net/minidev/accessors-smart/2.4.7/accessors-smart-2.4.7.jar:/home/runner/.m2/repository/org/ow2/asm/asm/5.0.4/asm-5.0.4.jar:/home/runner/.m2/repository/org/apache/zookeeper/zookeeper/3.5.6/zookeeper-3.5.6.jar:/home/runner/.m2/repository/org/apache/zookeeper/zookeeper-jute/3.5.6/zookeeper-jute-3.5.6.jar:/home/runner/.m2/repository/org/apache/yetus/audience-annotations/0.5.0/audience-annotations-0.5.0.jar:/home/runner/.m2/repository/org/apache/curator/curator-framework/4.2.0/curator-framework-4.2.0.jar:/home/runner/.m2/repository/org/apache/hadoop/thirdparty/hadoop-shaded-guava/1.1.1/hadoop-shaded-guava-1.1.1.jar:/home/runner/.m2/repository/com/sun/jersey/jersey-core/1.19/jersey-core-1.19.jar:/home/runner/.m2/repository/javax/ws/rs/jsr311-api/1.1.1/jsr311-api-1.1.1.jar:/home/runner/.m2/repository/com/sun/jersey/jersey-server/1.19/jersey-server-1.19.jar:/home/runner/.m2/repository/javax/servlet/javax.servlet-api/3.1.0/javax.servlet-api-3.1.0.jar:/home/runner/.m2/repository/org/eclipse/jetty/jetty-server/9.4.43.v20210629/jetty-server-9.4.43.v20210629.jar:/home/runner/.m2/repository/org/eclipse/jetty/jetty-http/9.4.43.v20210629/jetty-http-9.4.43.v20210629.jar:/home/runner/.m2/repository/org/eclipse/jetty/jetty-io/9.4.43.v20210629/jetty-io-9.4.43.v20210629.jar:/home/runner/.m2/repository/org/eclipse/jetty/jetty-webapp/9.4.43.v20210629/jetty-webapp-9.4.43.v20210629.jar:/home/runner/.m2/repository/org/eclipse/jetty/jetty-xml/9.4.43.v20210629/jetty-xml-9.4.43.v20210629.jar:/home/runner/.m2/repository/org/apache/hadoop/hadoop-common/3.3.4/hadoop-common-3.3.4.jar:/home/runner/.m2/repository/org/apache/commons/commons-math3/3.1.1/commons-math3-3.1.1.jar:/home/runner/.m2/repository/commons-net/commons-net/3.6/commons-net-3.6.jar:/home/runner/.m2/repository/com/sun/jersey/jersey-servlet/1.19/jersey-servlet-1.19.jar:/home/runner/.m2/repository/com/sun/jersey/jersey-json/1.19/jersey-json-1.19.jar:/home/runner/.m2/repository/org/codehaus/jettison/jettison/1.1/jettison-1.1.jar:/home/runner/.m2/repository/com/sun/xml/bind/jaxb-impl/2.2.3-1/jaxb-impl-2.2.3-1.jar:/home/runner/.m2/repository/org/codehaus/jackson/jackson-xc/1.9.2/jackson-xc-1.9.2.jar:/home/runner/.m2/repository/com/google/re2j/re2j/1.1/re2j-1.1.jar:/home/runner/.m2/repository/com/jcraft/jsch/0.1.54/jsch-0.1.54.jar:/home/runner/.m2/repository/org/apache/curator/curator-client/4.2.0/curator-client-4.2.0.jar:/home/runner/.m2/repository/org/apache/curator/curator-recipes/4.2.0/curator-recipes-4.2.0.jar:/home/runner/.m2/repository/org/apache/kerby/kerb-core/1.0.1/kerb-core-1.0.1.jar:/home/runner/.m2/repository/org/apache/kerby/kerby-pkix/1.0.1/kerby-pkix-1.0.1.jar:/home/runner/.m2/repository/org/apache/kerby/kerby-asn1/1.0.1/kerby-asn1-1.0.1.jar:/home/runner/.m2/repository/org/apache/kerby/kerby-util/1.0.1/kerby-util-1.0.1.jar:/home/runner/.m2/repository/dnsjava/dnsjava/2.1.7/dnsjava-2.1.7.jar:/home/runner/.m2/repository/org/xerial/snappy/snappy-java/1.1.8.2/snappy-java-1.1.8.2.jar:/home/runner/.m2/repository/org/eclipse/jetty/jetty-util/9.4.43.v20210629/jetty-util-9.4.43.v20210629.jar:/home/runner/.m2/repository/com/fasterxml/jackson/core/jackson-databind/2.13.4.2/jackson-databind-2.13.4.2.jar:/home/runner/.m2/repository/org/apache/hadoop/hadoop-kms/3.3.4/hadoop-kms-3.3.4-tests.jar:/home/runner/.m2/repository/org/apache/ozone/hdds-server-scm/1.3.0-SNAPSHOT/hdds-server-scm-1.3.0-SNAPSHOT-tests.jar:/home/runner/.m2/repository/org/apache/ozone/hdds-container-service/1.3.0-SNAPSHOT/hdds-container-service-1.3.0-SNAPSHOT-tests.jar:/home/runner/.m2/repository/commons-codec/commons-codec/1.11/commons-codec-1.11.jar:/home/runner/.m2/repository/io/netty/netty-codec/4.1.79.Final/netty-codec-4.1.79.Final.jar:/home/runner/.m2/repository/io/netty/netty-handler/4.1.79.Final/netty-handler-4.1.79.Final.jar:/home/runner/.m2/repository/org/apache/ozone/hdds-hadoop-dependency-test/1.3.0-SNAPSHOT/hdds-hadoop-dependency-test-1.3.0-SNAPSHOT.jar:/home/runner/.m2/repository/org/apache/hadoop/hadoop-common/3.3.4/hadoop-common-3.3.4-tests.jar:/home/runner/.m2/repository/org/apache/hadoop/hadoop-hdfs/3.3.4/hadoop-hdfs-3.3.4-tests.jar:/home/runner/.m2/repository/org/assertj/assertj-core/3.12.2/assertj-core-3.12.2.jar:/home/runner/.m2/repository/org/apache/hadoop/hadoop-distcp/3.3.4/hadoop-distcp-3.3.4.jar:/home/runner/.m2/repository/org/apache/hadoop/hadoop-mapreduce-client-jobclient/3.3.4/hadoop-mapreduce-client-jobclient-3.3.4.jar:/home/runner/.m2/repository/org/apache/hadoop/hadoop-mapreduce-client-common/3.3.4/hadoop-mapreduce-client-common-3.3.4.jar:/home/runner/.m2/repository/org/apache/hadoop/hadoop-yarn-common/3.3.4/hadoop-yarn-common-3.3.4.jar:/home/runner/.m2/repository/org/apache/hadoop/hadoop-yarn-api/3.3.4/hadoop-yarn-api-3.3.4.jar:/home/runner/.m2/repository/com/sun/jersey/contribs/jersey-guice/1.19/jersey-guice-1.19.jar:/home/runner/.m2/repository/com/fasterxml/jackson/jaxrs/jackson-jaxrs-json-provider/2.13.4/jackson-jaxrs-json-provider-2.13.4.jar:/home/runner/.m2/repository/com/fasterxml/jackson/jaxrs/jackson-jaxrs-base/2.13.4/jackson-jaxrs-base-2.13.4.jar:/home/runner/.m2/repository/org/apache/hadoop/hadoop-yarn-client/3.3.4/hadoop-yarn-client-3.3.4.jar:/home/runner/.m2/repository/org/eclipse/jetty/websocket/websocket-client/9.4.43.v20210629/websocket-client-9.4.43.v20210629.jar:/home/runner/.m2/repository/org/eclipse/jetty/websocket/websocket-common/9.4.43.v20210629/websocket-common-9.4.43.v20210629.jar:/home/runner/.m2/repository/org/eclipse/jetty/websocket/websocket-api/9.4.43.v20210629/websocket-api-9.4.43.v20210629.jar:/home/runner/.m2/repository/org/jline/jline/3.9.0/jline-3.9.0.jar:/home/runner/.m2/repository/org/apache/hadoop/hadoop-mapreduce-client-core/3.3.4/hadoop-mapreduce-client-core-3.3.4.jar:/home/runner/.m2/repository/org/apache/avro/avro/1.7.7/avro-1.7.7.jar:/home/runner/.m2/repository/org/codehaus/jackson/jackson-core-asl/1.9.13/jackson-core-asl-1.9.13.jar:/home/runner/.m2/repository/org/codehaus/jackson/jackson-mapper-asl/1.9.13/jackson-mapper-asl-1.9.13.jar:/home/runner/.m2/repository/com/thoughtworks/paranamer/paranamer/2.3/paranamer-2.3.jar:/home/runner/.m2/repository/org/apache/hadoop/hadoop-annotations/3.3.4/hadoop-annotations-3.3.4.jar:/usr/lib/jvm/temurin-8-jdk-amd64/jre/../lib/tools.jar:/home/runner/.m2/repository/io/netty/netty/3.10.6.Final/netty-3.10.6.Final.jar:/home/runner/.m2/repository/org/apache/hadoop/hadoop-distcp/3.3.4/hadoop-distcp-3.3.4-tests.jar:/home/runner/.m2/repository/org/slf4j/jul-to-slf4j/1.7.36/jul-to-slf4j-1.7.36.jar:/home/runner/.m2/repository/org/apache/ratis/ratis-common/2.4.0/ratis-common-2.4.0.jar:/home/runner/.m2/repository/org/apache/ratis/ratis-thirdparty-misc/1.0.2/ratis-thirdparty-misc-1.0.2.jar:/home/runner/.m2/repository/org/apache/ratis/ratis-proto/2.4.0/ratis-proto-2.4.0.jar:"/>
    <property name="sun.cpu.endian" value="little"/>
    <property name="user.home" value="/home/runner"/>
    <property name="user.language" value="en"/>
    <property name="java.specification.vendor" value="Oracle Corporation"/>
    <property name="java.home" value="/usr/lib/jvm/temurin-8-jdk-amd64/jre"/>
    <property name="java.security.krb5.conf" value="/home/runner/work/ozone/ozone/hadoop-ozone/integration-test/target/test-classes/krb5.conf"/>
    <property name="basedir" value="/home/runner/work/ozone/ozone/hadoop-ozone/integration-test"/>
    <property name="file.separator" value="/"/>
    <property name="line.separator" value="&#10;"/>
    <property name="java.vm.specification.vendor" value="Oracle Corporation"/>
    <property name="java.specification.name" value="Java Platform API Specification"/>
    <property name="java.awt.graphicsenv" value="sun.awt.X11GraphicsEnvironment"/>
    <property name="skip.installnpx" value="true"/>
    <property name="surefire.real.class.path" value="/home/runner/work/ozone/ozone/hadoop-ozone/integration-test/target/surefire/surefirebooter5337181010647224017.jar:/home/runner/.m2/repository/org/jacoco/org.jacoco.agent/0.8.5/org.jacoco.agent-0.8.5-runtime.jar"/>
    <property name="hadoop.log.dir" value="/home/runner/work/ozone/ozone/hadoop-ozone/integration-test/target/log"/>
    <property name="sun.boot.class.path" value="/usr/lib/jvm/temurin-8-jdk-amd64/jre/lib/resources.jar:/usr/lib/jvm/temurin-8-jdk-amd64/jre/lib/rt.jar:/usr/lib/jvm/temurin-8-jdk-amd64/jre/lib/sunrsasign.jar:/usr/lib/jvm/temurin-8-jdk-amd64/jre/lib/jsse.jar:/usr/lib/jvm/temurin-8-jdk-amd64/jre/lib/jce.jar:/usr/lib/jvm/temurin-8-jdk-amd64/jre/lib/charsets.jar:/usr/lib/jvm/temurin-8-jdk-amd64/jre/lib/jfr.jar:/usr/lib/jvm/temurin-8-jdk-amd64/jre/classes"/>
    <property name="sun.management.compiler" value="HotSpot 64-Bit Tiered Compilers"/>
    <property name="skip.npx" value="true"/>
    <property name="java.runtime.version" value="1.8.0_345-b01"/>
    <property name="java.net.preferIPv4Stack" value="true"/>
    <property name="user.name" value="runner"/>
    <property name="path.separator" value=":"/>
    <property name="java.security.egd" value="file:///dev/urandom"/>
    <property name="os.version" value="5.15.0-1022-azure"/>
    <property name="java.endorsed.dirs" value="/usr/lib/jvm/temurin-8-jdk-amd64/jre/lib/endorsed"/>
    <property name="java.runtime.name" value="OpenJDK Runtime Environment"/>
    <property name="file.encoding" value="UTF-8"/>
    <property name="java.vm.name" value="OpenJDK 64-Bit Server VM"/>
    <property name="test.build.webapps" value=""/>
    <property name="localRepository" value="/home/runner/.m2/repository"/>
    <property name="jetty.git.hash" value="526006ecfa3af7f1a27ef3a288e2bef7ea9dd7e8"/>
    <property name="java.vendor.url.bug" value="https://github.com/adoptium/adoptium-support/issues"/>
    <property name="java.io.tmpdir" value="/tmp"/>
    <property name="require.test.libhadoop" value=""/>
    <property name="java.version" value="1.8.0_345"/>
    <property name="user.dir" value="/home/runner/work/ozone/ozone/hadoop-ozone/integration-test"/>
    <property name="os.arch" value="amd64"/>
    <property name="java.vm.specification.name" value="Java Virtual Machine Specification"/>
    <property name="test.build.classes" value="/home/runner/work/ozone/ozone/hadoop-ozone/integration-test/target/test-classes"/>
    <property name="java.awt.printerjob" value="sun.print.PSPrinterJob"/>
    <property name="sun.os.patch.level" value="unknown"/>
    <property name="org.apache.ratis.thirdparty.io.netty.allocator.useCacheForAllThreads" value="false"/>
    <property name="hadoop.tmp.dir" value="/home/runner/work/ozone/ozone/hadoop-ozone/integration-test/target/tmp"/>
    <property name="java.library.path" value="/usr/java/packages/lib/amd64:/usr/lib64:/lib64:/lib:/usr/lib"/>
    <property name="java.vm.info" value="mixed mode"/>
    <property name="java.vendor" value="Temurin"/>
    <property name="java.vm.version" value="25.345-b01"/>
    <property name="java.ext.dirs" value="/usr/lib/jvm/temurin-8-jdk-amd64/jre/lib/ext:/usr/java/packages/lib/ext"/>
    <property name="sun.io.unicode.encoding" value="UnicodeLittle"/>
    <property name="java.class.version" value="52.0"/>
  </properties>
  <testcase name="testContainerRecoveryOverReplicationProcessing" classname="org.apache.hadoop.ozone.container.TestECContainerRecovery" time="106.622">
    <error type="java.util.concurrent.TimeoutException"><![CDATA[java.util.concurrent.TimeoutException: 
Timed out waiting for condition. Thread diagnostics:
Timestamp: 2022-10-22 01:08:01,462

"BlockDeletingService#0" daemon prio=5 tid=497 in Object.wait()
java.lang.Thread.State: WAITING (on object monitor)
        at sun.misc.Unsafe.park(Native Method)
        at java.util.concurrent.locks.LockSupport.park(LockSupport.java:175)
        at java.util.concurrent.locks.AbstractQueuedSynchronizer$ConditionObject.await(AbstractQueuedSynchronizer.java:2039)
        at java.util.concurrent.ScheduledThreadPoolExecutor$DelayedWorkQueue.take(ScheduledThreadPoolExecutor.java:1088)
        at java.util.concurrent.ScheduledThreadPoolExecutor$DelayedWorkQueue.take(ScheduledThreadPoolExecutor.java:809)
        at java.util.concurrent.ThreadPoolExecutor.getTask(ThreadPoolExecutor.java:1074)
        at java.util.concurrent.ThreadPoolExecutor.runWorker(ThreadPoolExecutor.java:1134)
        at java.util.concurrent.ThreadPoolExecutor$Worker.run(ThreadPoolExecutor.java:624)
        at java.lang.Thread.run(Thread.java:750)
"Datanode State Machine Task Thread - 1"  prio=5 tid=341 in Object.wait()
java.lang.Thread.State: WAITING (on object monitor)
        at sun.misc.Unsafe.park(Native Method)
        at java.util.concurrent.locks.LockSupport.park(LockSupport.java:175)
        at java.util.concurrent.locks.AbstractQueuedSynchronizer$ConditionObject.await(AbstractQueuedSynchronizer.java:2039)
        at java.util.concurrent.LinkedBlockingQueue.take(LinkedBlockingQueue.java:442)
        at java.util.concurrent.ThreadPoolExecutor.getTask(ThreadPoolExecutor.java:1074)
        at java.util.concurrent.ThreadPoolExecutor.runWorker(ThreadPoolExecutor.java:1134)
        at java.util.concurrent.ThreadPoolExecutor$Worker.run(ThreadPoolExecutor.java:624)
        at java.lang.Thread.run(Thread.java:750)
"Datanode ReportManager Thread - 2" daemon prio=5 tid=347 timed_waiting
java.lang.Thread.State: TIMED_WAITING
        at sun.misc.Unsafe.park(Native Method)
        at java.util.concurrent.locks.LockSupport.parkNanos(LockSupport.java:215)
        at java.util.concurrent.locks.AbstractQueuedSynchronizer$ConditionObject.awaitNanos(AbstractQueuedSynchronizer.java:2078)
        at java.util.concurrent.ScheduledThreadPoolExecutor$DelayedWorkQueue.take(ScheduledThreadPoolExecutor.java:1093)
        at java.util.concurrent.ScheduledThreadPoolExecutor$DelayedWorkQueue.take(ScheduledThreadPoolExecutor.java:809)
        at java.util.concurrent.ThreadPoolExecutor.getTask(ThreadPoolExecutor.java:1074)
        at java.util.concurrent.ThreadPoolExecutor.runWorker(ThreadPoolExecutor.java:1134)
        at java.util.concurrent.ThreadPoolExecutor$Worker.run(ThreadPoolExecutor.java:624)
        at java.lang.Thread.run(Thread.java:750)
"pool-219-thread-1"  prio=5 tid=331 timed_waiting
java.lang.Thread.State: TIMED_WAITING
        at sun.misc.Unsafe.park(Native Method)
        at java.util.concurrent.locks.LockSupport.parkNanos(LockSupport.java:215)
        at java.util.concurrent.locks.AbstractQueuedSynchronizer$ConditionObject.awaitNanos(AbstractQueuedSynchronizer.java:2078)
        at java.util.concurrent.ScheduledThreadPoolExecutor$DelayedWorkQueue.take(ScheduledThreadPoolExecutor.java:1093)
        at java.util.concurrent.ScheduledThreadPoolExecutor$DelayedWorkQueue.take(ScheduledThreadPoolExecutor.java:809)
        at java.util.concurrent.ThreadPoolExecutor.getTask(ThreadPoolExecutor.java:1074)
        at java.util.concurrent.ThreadPoolExecutor.runWorker(ThreadPoolExecutor.java:1134)
        at java.util.concurrent.ThreadPoolExecutor$Worker.run(ThreadPoolExecutor.java:624)
        at java.lang.Thread.run(Thread.java:750)
"Periodic HDDS volume checker" daemon prio=5 tid=392 timed_waiting
java.lang.Thread.State: TIMED_WAITING
        at sun.misc.Unsafe.park(Native Method)
        at java.util.concurrent.locks.LockSupport.parkNanos(LockSupport.java:215)
        at java.util.concurrent.locks.AbstractQueuedSynchronizer$ConditionObject.awaitNanos(AbstractQueuedSynchronizer.java:2078)
        at java.util.concurrent.ScheduledThreadPoolExecutor$DelayedWorkQueue.take(ScheduledThreadPoolExecutor.java:1093)
        at java.util.concurrent.ScheduledThreadPoolExecutor$DelayedWorkQueue.take(ScheduledThreadPoolExecutor.java:809)
        at java.util.concurrent.ThreadPoolExecutor.getTask(ThreadPoolExecutor.java:1074)
        at java.util.concurrent.ThreadPoolExecutor.runWorker(ThreadPoolExecutor.java:1134)
        at java.util.concurrent.ThreadPoolExecutor$Worker.run(ThreadPoolExecutor.java:624)
        at java.lang.Thread.run(Thread.java:750)
"qtp715406126-337" daemon prio=5 tid=337 timed_waiting
java.lang.Thread.State: TIMED_WAITING
        at sun.misc.Unsafe.park(Native Method)
        at java.util.concurrent.locks.LockSupport.parkNanos(LockSupport.java:215)
        at java.util.concurrent.locks.AbstractQueuedSynchronizer$ConditionObject.awaitNanos(AbstractQueuedSynchronizer.java:2078)
        at org.eclipse.jetty.util.BlockingArrayQueue.poll(BlockingArrayQueue.java:382)
        at org.eclipse.jetty.util.thread.QueuedThreadPool$Runner.idleJobPoll(QueuedThreadPool.java:974)
        at org.eclipse.jetty.util.thread.QueuedThreadPool$Runner.run(QueuedThreadPool.java:1018)
        at java.lang.Thread.run(Thread.java:750)
"JvmPauseMonitor1" daemon prio=5 tid=357 timed_waiting
java.lang.Thread.State: TIMED_WAITING
        at java.lang.Thread.sleep(Native Method)
        at java.lang.Thread.sleep(Thread.java:342)
        at java.util.concurrent.TimeUnit.sleep(TimeUnit.java:386)
        at org.apache.ratis.util.TimeDuration.sleep(TimeDuration.java:325)
        at org.apache.ratis.util.TimeDuration.sleep(TimeDuration.java:310)
        at org.apache.ratis.util.JvmPauseMonitor.detectPause(JvmPauseMonitor.java:119)
        at org.apache.ratis.util.JvmPauseMonitor.run(JvmPauseMonitor.java:108)
        at org.apache.ratis.util.JvmPauseMonitor$$Lambda$702/1444742025.run(Unknown Source)
        at java.lang.Thread.run(Thread.java:750)
"IPC Server handler 17 on default port 34145" daemon prio=5 tid=161 timed_waiting
java.lang.Thread.State: TIMED_WAITING
        at sun.misc.Unsafe.park(Native Method)
        at java.util.concurrent.locks.LockSupport.parkNanos(LockSupport.java:215)
        at java.util.concurrent.locks.AbstractQueuedSynchronizer$ConditionObject.awaitNanos(AbstractQueuedSynchronizer.java:2078)
        at java.util.concurrent.LinkedBlockingQueue.poll(LinkedBlockingQueue.java:467)
        at org.apache.hadoop.ipc.CallQueueManager.take(CallQueueManager.java:317)
        at org.apache.hadoop.ipc.Server$Handler.run(Server.java:2942)
"eb081a82-3196-45ae-99e9-89c991687437@group-9B766A163DE0-SegmentedRaftLogWorker"  prio=5 tid=672 timed_waiting
java.lang.Thread.State: TIMED_WAITING
        at sun.misc.Unsafe.park(Native Method)
        at java.util.concurrent.locks.LockSupport.parkNanos(LockSupport.java:215)
        at java.util.concurrent.locks.AbstractQueuedSynchronizer$ConditionObject.awaitNanos(AbstractQueuedSynchronizer.java:2078)
        at org.apache.ratis.util.DataBlockingQueue.poll(DataBlockingQueue.java:148)
        at org.apache.ratis.server.raftlog.segmented.SegmentedRaftLogWorker.run(SegmentedRaftLogWorker.java:310)
        at org.apache.ratis.server.raftlog.segmented.SegmentedRaftLogWorker$$Lambda$661/1174177291.run(Unknown Source)
        at java.lang.Thread.run(Thread.java:750)
"EventQueue-NodeRegistrationContainerReportForContainerSafeModeRule" daemon prio=5 tid=504 in Object.wait()
java.lang.Thread.State: WAITING (on object monitor)
        at sun.misc.Unsafe.park(Native Method)
        at java.util.concurrent.locks.LockSupport.park(LockSupport.java:175)
        at java.util.concurrent.locks.AbstractQueuedSynchronizer$ConditionObject.await(AbstractQueuedSynchronizer.java:2039)
        at java.util.concurrent.LinkedBlockingQueue.take(LinkedBlockingQueue.java:442)
        at java.util.concurrent.ThreadPoolExecutor.getTask(ThreadPoolExecutor.java:1074)
        at java.util.concurrent.ThreadPoolExecutor.runWorker(ThreadPoolExecutor.java:1134)
        at java.util.concurrent.ThreadPoolExecutor$Worker.run(ThreadPoolExecutor.java:624)
        at java.lang.Thread.run(Thread.java:750)
"075aeae4-9dac-4c28-be7c-8f8b2eb5b04f@group-5DBD8395D328-StateMachineUpdater" daemon prio=5 tid=652 timed_waiting
java.lang.Thread.State: TIMED_WAITING
        at sun.misc.Unsafe.park(Native Method)
        at java.util.concurrent.locks.LockSupport.parkNanos(LockSupport.java:215)
        at java.util.concurrent.CompletableFuture$Signaller.block(CompletableFuture.java:1709)
        at java.util.concurrent.ForkJoinPool.managedBlock(ForkJoinPool.java:3323)
        at java.util.concurrent.CompletableFuture.timedGet(CompletableFuture.java:1788)
        at java.util.concurrent.CompletableFuture.get(CompletableFuture.java:1928)
        at org.apache.ratis.util.AwaitForSignal.await(AwaitForSignal.java:56)
        at org.apache.ratis.server.impl.StateMachineUpdater.waitForCommit(StateMachineUpdater.java:207)
        at org.apache.ratis.server.impl.StateMachineUpdater.run(StateMachineUpdater.java:176)
        at java.lang.Thread.run(Thread.java:750)
"JvmPauseMonitor3" daemon prio=5 tid=450 timed_waiting
java.lang.Thread.State: TIMED_WAITING
        at java.lang.Thread.sleep(Native Method)
        at java.lang.Thread.sleep(Thread.java:342)
        at java.util.concurrent.TimeUnit.sleep(TimeUnit.java:386)
        at org.apache.ratis.util.TimeDuration.sleep(TimeDuration.java:325)
        at org.apache.ratis.util.TimeDuration.sleep(TimeDuration.java:310)
        at org.apache.ratis.util.JvmPauseMonitor.detectPause(JvmPauseMonitor.java:119)
        at org.apache.ratis.util.JvmPauseMonitor.run(JvmPauseMonitor.java:108)
        at org.apache.ratis.util.JvmPauseMonitor$$Lambda$702/1444742025.run(Unknown Source)
        at java.lang.Thread.run(Thread.java:750)
"qtp1139195831-410-acceptor-0@1ab663d1-ServerConnector@277a0b1e{HTTP/1.1, (http/1.1)}{0.0.0.0:33583}" daemon prio=3 tid=410 runnable
java.lang.Thread.State: RUNNABLE
        at sun.nio.ch.ServerSocketChannelImpl.accept0(Native Method)
        at sun.nio.ch.ServerSocketChannelImpl.accept(ServerSocketChannelImpl.java:421)
        at sun.nio.ch.ServerSocketChannelImpl.accept(ServerSocketChannelImpl.java:249)
        at org.eclipse.jetty.server.ServerConnector.accept(ServerConnector.java:388)
        at org.eclipse.jetty.server.AbstractConnector$Acceptor.run(AbstractConnector.java:702)
        at org.eclipse.jetty.util.thread.QueuedThreadPool.runJob(QueuedThreadPool.java:883)
        at org.eclipse.jetty.util.thread.QueuedThreadPool$Runner.run(QueuedThreadPool.java:1034)
        at java.lang.Thread.run(Thread.java:750)
"ChunkReader-ELG-0" daemon prio=5 tid=484 runnable
java.lang.Thread.State: RUNNABLE
        at org.apache.ratis.thirdparty.io.netty.channel.epoll.Native.epollWait(Native Method)
        at org.apache.ratis.thirdparty.io.netty.channel.epoll.Native.epollWait(Native.java:209)
        at org.apache.ratis.thirdparty.io.netty.channel.epoll.Native.epollWait(Native.java:202)
        at org.apache.ratis.thirdparty.io.netty.channel.epoll.EpollEventLoop.epollWaitNoTimerChange(EpollEventLoop.java:294)
        at org.apache.ratis.thirdparty.io.netty.channel.epoll.EpollEventLoop.run(EpollEventLoop.java:351)
        at org.apache.ratis.thirdparty.io.netty.util.concurrent.SingleThreadEventExecutor$4.run(SingleThreadEventExecutor.java:995)
        at org.apache.ratis.thirdparty.io.netty.util.internal.ThreadExecutorMap$2.run(ThreadExecutorMap.java:74)
        at java.lang.Thread.run(Thread.java:750)
"qtp1661816191-306" daemon prio=5 tid=306 runnable
java.lang.Thread.State: RUNNABLE
        at sun.nio.ch.EPollArrayWrapper.epollWait(Native Method)
        at sun.nio.ch.EPollArrayWrapper.poll(EPollArrayWrapper.java:269)
        at sun.nio.ch.EPollSelectorImpl.doSelect(EPollSelectorImpl.java:93)
        at sun.nio.ch.SelectorImpl.lockAndDoSelect(SelectorImpl.java:86)
        at sun.nio.ch.SelectorImpl.select(SelectorImpl.java:97)
        at sun.nio.ch.SelectorImpl.select(SelectorImpl.java:101)
        at org.eclipse.jetty.io.ManagedSelector.nioSelect(ManagedSelector.java:183)
        at org.eclipse.jetty.io.ManagedSelector.select(ManagedSelector.java:190)
        at org.eclipse.jetty.io.ManagedSelector$SelectorProducer.select(ManagedSelector.java:606)
        at org.eclipse.jetty.io.ManagedSelector$SelectorProducer.produce(ManagedSelector.java:543)
        at org.eclipse.jetty.util.thread.strategy.EatWhatYouKill.produceTask(EatWhatYouKill.java:362)
        at org.eclipse.jetty.util.thread.strategy.EatWhatYouKill.doProduce(EatWhatYouKill.java:186)
        at org.eclipse.jetty.util.thread.strategy.EatWhatYouKill.tryProduce(EatWhatYouKill.java:173)
        at org.eclipse.jetty.util.thread.strategy.EatWhatYouKill.produce(EatWhatYouKill.java:137)
        at org.eclipse.jetty.io.ManagedSelector$$Lambda$443/1703412736.run(Unknown Source)
        at org.eclipse.jetty.util.thread.QueuedThreadPool.runJob(QueuedThreadPool.java:883)
        at org.eclipse.jetty.util.thread.QueuedThreadPool$Runner.run(QueuedThreadPool.java:1034)
        at java.lang.Thread.run(Thread.java:750)
"EventQueue-NodeReportForNodeReportHandler" daemon prio=5 tid=864 in Object.wait()
java.lang.Thread.State: WAITING (on object monitor)
        at sun.misc.Unsafe.park(Native Method)
        at java.util.concurrent.locks.LockSupport.park(LockSupport.java:175)
        at java.util.concurrent.locks.AbstractQueuedSynchronizer$ConditionObject.await(AbstractQueuedSynchronizer.java:2039)
        at java.util.concurrent.LinkedBlockingQueue.take(LinkedBlockingQueue.java:442)
        at java.util.concurrent.ThreadPoolExecutor.getTask(ThreadPoolExecutor.java:1074)
        at java.util.concurrent.ThreadPoolExecutor.runWorker(ThreadPoolExecutor.java:1134)
        at java.util.concurrent.ThreadPoolExecutor$Worker.run(ThreadPoolExecutor.java:624)
        at java.lang.Thread.run(Thread.java:750)
"Datanode State Machine Task Thread - 0"  prio=5 tid=464 in Object.wait()
java.lang.Thread.State: WAITING (on object monitor)
        at sun.misc.Unsafe.park(Native Method)
        at java.util.concurrent.locks.LockSupport.park(LockSupport.java:175)
        at java.util.concurrent.locks.AbstractQueuedSynchronizer$ConditionObject.await(AbstractQueuedSynchronizer.java:2039)
        at java.util.concurrent.LinkedBlockingQueue.take(LinkedBlockingQueue.java:442)
        at java.util.concurrent.ThreadPoolExecutor.getTask(ThreadPoolExecutor.java:1074)
        at java.util.concurrent.ThreadPoolExecutor.runWorker(ThreadPoolExecutor.java:1134)
        at java.util.concurrent.ThreadPoolExecutor$Worker.run(ThreadPoolExecutor.java:624)
        at java.lang.Thread.run(Thread.java:750)
"IPC Server handler 14 on default port 34145" daemon prio=5 tid=158 timed_waiting
java.lang.Thread.State: TIMED_WAITING
        at sun.misc.Unsafe.park(Native Method)
        at java.util.concurrent.locks.LockSupport.parkNanos(LockSupport.java:215)
        at java.util.concurrent.locks.AbstractQueuedSynchronizer$ConditionObject.awaitNanos(AbstractQueuedSynchronizer.java:2078)
        at java.util.concurrent.LinkedBlockingQueue.poll(LinkedBlockingQueue.java:467)
        at org.apache.hadoop.ipc.CallQueueManager.take(CallQueueManager.java:317)
        at org.apache.hadoop.ipc.Server$Handler.run(Server.java:2942)
"7c8777a1-edfb-4633-85a4-b901f2ed1d17@group-5F9C72BD7F3F-SegmentedRaftLogWorker"  prio=5 tid=638 timed_waiting
java.lang.Thread.State: TIMED_WAITING
        at sun.misc.Unsafe.park(Native Method)
        at java.util.concurrent.locks.LockSupport.parkNanos(LockSupport.java:215)
        at java.util.concurrent.locks.AbstractQueuedSynchronizer$ConditionObject.awaitNanos(AbstractQueuedSynchronizer.java:2078)
        at org.apache.ratis.util.DataBlockingQueue.poll(DataBlockingQueue.java:148)
        at org.apache.ratis.server.raftlog.segmented.SegmentedRaftLogWorker.run(SegmentedRaftLogWorker.java:310)
        at org.apache.ratis.server.raftlog.segmented.SegmentedRaftLogWorker$$Lambda$661/1174177291.run(Unknown Source)
        at java.lang.Thread.run(Thread.java:750)
"Datanode ReportManager Thread - 4" daemon prio=5 tid=349 timed_waiting
java.lang.Thread.State: TIMED_WAITING
        at sun.misc.Unsafe.park(Native Method)
        at java.util.concurrent.locks.LockSupport.parkNanos(LockSupport.java:215)
        at java.util.concurrent.locks.AbstractQueuedSynchronizer$ConditionObject.awaitNanos(AbstractQueuedSynchronizer.java:2078)
        at java.util.concurrent.ScheduledThreadPoolExecutor$DelayedWorkQueue.take(ScheduledThreadPoolExecutor.java:1093)
        at java.util.concurrent.ScheduledThreadPoolExecutor$DelayedWorkQueue.take(ScheduledThreadPoolExecutor.java:809)
        at java.util.concurrent.ThreadPoolExecutor.getTask(ThreadPoolExecutor.java:1074)
        at java.util.concurrent.ThreadPoolExecutor.runWorker(ThreadPoolExecutor.java:1134)
        at java.util.concurrent.ThreadPoolExecutor$Worker.run(ThreadPoolExecutor.java:624)
        at java.lang.Thread.run(Thread.java:750)
"IPC Server handler 11 on default port 45703" daemon prio=5 tid=48 timed_waiting
java.lang.Thread.State: TIMED_WAITING
        at sun.misc.Unsafe.park(Native Method)
        at java.util.concurrent.locks.LockSupport.parkNanos(LockSupport.java:215)
        at java.util.concurrent.locks.AbstractQueuedSynchronizer$ConditionObject.awaitNanos(AbstractQueuedSynchronizer.java:2078)
        at java.util.concurrent.LinkedBlockingQueue.poll(LinkedBlockingQueue.java:467)
        at org.apache.hadoop.ipc.CallQueueManager.take(CallQueueManager.java:317)
        at org.apache.hadoop.ipc.Server$Handler.run(Server.java:2942)
"9befe131-ee01-45a3-b6b9-b3ceb7636d7b@group-541EFBBE7205-LeaderStateImpl" daemon prio=5 tid=812 timed_waiting
java.lang.Thread.State: TIMED_WAITING
        at sun.misc.Unsafe.park(Native Method)
        at java.util.concurrent.locks.LockSupport.parkNanos(LockSupport.java:215)
        at java.util.concurrent.locks.AbstractQueuedSynchronizer$ConditionObject.awaitNanos(AbstractQueuedSynchronizer.java:2078)
        at java.util.concurrent.ArrayBlockingQueue.poll(ArrayBlockingQueue.java:418)
        at org.apache.ratis.server.impl.LeaderStateImpl$EventQueue.poll(LeaderStateImpl.java:159)
        at org.apache.ratis.server.impl.LeaderStateImpl$EventProcessor.run(LeaderStateImpl.java:630)
"grpc-default-boss-ELG-1-1" daemon prio=5 tid=128 runnable
java.lang.Thread.State: RUNNABLE
        at org.apache.ratis.thirdparty.io.netty.channel.epoll.Native.epollWait(Native Method)
        at org.apache.ratis.thirdparty.io.netty.channel.epoll.Native.epollWait(Native.java:209)
        at org.apache.ratis.thirdparty.io.netty.channel.epoll.Native.epollWait(Native.java:202)
        at org.apache.ratis.thirdparty.io.netty.channel.epoll.EpollEventLoop.epollWaitNoTimerChange(EpollEventLoop.java:294)
        at org.apache.ratis.thirdparty.io.netty.channel.epoll.EpollEventLoop.run(EpollEventLoop.java:351)
        at org.apache.ratis.thirdparty.io.netty.util.concurrent.SingleThreadEventExecutor$4.run(SingleThreadEventExecutor.java:995)
        at org.apache.ratis.thirdparty.io.netty.util.internal.ThreadExecutorMap$2.run(ThreadExecutorMap.java:74)
        at org.apache.ratis.thirdparty.io.netty.util.concurrent.FastThreadLocalRunnable.run(FastThreadLocalRunnable.java:30)
        at java.lang.Thread.run(Thread.java:750)
"7c8777a1-edfb-4633-85a4-b901f2ed1d17@group-AF50F2D84CC3-StateMachineUpdater" daemon prio=5 tid=656 timed_waiting
java.lang.Thread.State: TIMED_WAITING
        at sun.misc.Unsafe.park(Native Method)
        at java.util.concurrent.locks.LockSupport.parkNanos(LockSupport.java:215)
        at java.util.concurrent.CompletableFuture$Signaller.block(CompletableFuture.java:1709)
        at java.util.concurrent.ForkJoinPool.managedBlock(ForkJoinPool.java:3323)
        at java.util.concurrent.CompletableFuture.timedGet(CompletableFuture.java:1788)
        at java.util.concurrent.CompletableFuture.get(CompletableFuture.java:1928)
        at org.apache.ratis.util.AwaitForSignal.await(AwaitForSignal.java:56)
        at org.apache.ratis.server.impl.StateMachineUpdater.waitForCommit(StateMachineUpdater.java:207)
        at org.apache.ratis.server.impl.StateMachineUpdater.run(StateMachineUpdater.java:176)
        at java.lang.Thread.run(Thread.java:750)
"qtp143044035-258" daemon prio=5 tid=258 timed_waiting
java.lang.Thread.State: TIMED_WAITING
        at sun.misc.Unsafe.park(Native Method)
        at java.util.concurrent.locks.LockSupport.parkNanos(LockSupport.java:215)
        at java.util.concurrent.locks.AbstractQueuedSynchronizer$ConditionObject.awaitNanos(AbstractQueuedSynchronizer.java:2078)
        at org.eclipse.jetty.util.BlockingArrayQueue.poll(BlockingArrayQueue.java:382)
        at org.eclipse.jetty.util.thread.QueuedThreadPool$Runner.idleJobPoll(QueuedThreadPool.java:974)
        at org.eclipse.jetty.util.thread.QueuedThreadPool$Runner.run(QueuedThreadPool.java:1018)
        at java.lang.Thread.run(Thread.java:750)
"BlockDeletingService#2" daemon prio=5 tid=875 in Object.wait()
java.lang.Thread.State: WAITING (on object monitor)
        at sun.misc.Unsafe.park(Native Method)
        at java.util.concurrent.locks.LockSupport.park(LockSupport.java:175)
        at java.util.concurrent.locks.AbstractQueuedSynchronizer$ConditionObject.await(AbstractQueuedSynchronizer.java:2039)
        at java.util.concurrent.ScheduledThreadPoolExecutor$DelayedWorkQueue.take(ScheduledThreadPoolExecutor.java:1088)
        at java.util.concurrent.ScheduledThreadPoolExecutor$DelayedWorkQueue.take(ScheduledThreadPoolExecutor.java:809)
        at java.util.concurrent.ThreadPoolExecutor.getTask(ThreadPoolExecutor.java:1074)
        at java.util.concurrent.ThreadPoolExecutor.runWorker(ThreadPoolExecutor.java:1134)
        at java.util.concurrent.ThreadPoolExecutor$Worker.run(ThreadPoolExecutor.java:624)
        at java.lang.Thread.run(Thread.java:750)
"ChunkWriter-2-0" daemon prio=5 tid=538 in Object.wait()
java.lang.Thread.State: WAITING (on object monitor)
        at sun.misc.Unsafe.park(Native Method)
        at java.util.concurrent.locks.LockSupport.park(LockSupport.java:175)
        at java.util.concurrent.locks.AbstractQueuedSynchronizer$ConditionObject.await(AbstractQueuedSynchronizer.java:2039)
        at java.util.concurrent.LinkedBlockingDeque.takeFirst(LinkedBlockingDeque.java:492)
        at java.util.concurrent.LinkedBlockingDeque.take(LinkedBlockingDeque.java:680)
        at java.util.concurrent.ThreadPoolExecutor.getTask(ThreadPoolExecutor.java:1074)
        at java.util.concurrent.ThreadPoolExecutor.runWorker(ThreadPoolExecutor.java:1134)
        at java.util.concurrent.ThreadPoolExecutor$Worker.run(ThreadPoolExecutor.java:624)
        at java.lang.Thread.run(Thread.java:750)
"pool-64-thread-1" daemon prio=5 tid=168 timed_waiting
java.lang.Thread.State: TIMED_WAITING
        at sun.misc.Unsafe.park(Native Method)
        at java.util.concurrent.locks.LockSupport.parkNanos(LockSupport.java:215)
        at java.util.concurrent.locks.AbstractQueuedSynchronizer$ConditionObject.awaitNanos(AbstractQueuedSynchronizer.java:2078)
        at java.util.concurrent.ScheduledThreadPoolExecutor$DelayedWorkQueue.take(ScheduledThreadPoolExecutor.java:1093)
        at java.util.concurrent.ScheduledThreadPoolExecutor$DelayedWorkQueue.take(ScheduledThreadPoolExecutor.java:809)
        at java.util.concurrent.ThreadPoolExecutor.getTask(ThreadPoolExecutor.java:1074)
        at java.util.concurrent.ThreadPoolExecutor.runWorker(ThreadPoolExecutor.java:1134)
        at java.util.concurrent.ThreadPoolExecutor$Worker.run(ThreadPoolExecutor.java:624)
        at java.lang.Thread.run(Thread.java:750)
"BlockDeletingService#1" daemon prio=5 tid=556 timed_waiting
java.lang.Thread.State: TIMED_WAITING
        at sun.misc.Unsafe.park(Native Method)
        at java.util.concurrent.locks.LockSupport.parkNanos(LockSupport.java:215)
        at java.util.concurrent.locks.AbstractQueuedSynchronizer$ConditionObject.awaitNanos(AbstractQueuedSynchronizer.java:2078)
        at java.util.concurrent.ScheduledThreadPoolExecutor$DelayedWorkQueue.take(ScheduledThreadPoolExecutor.java:1093)
        at java.util.concurrent.ScheduledThreadPoolExecutor$DelayedWorkQueue.take(ScheduledThreadPoolExecutor.java:809)
        at java.util.concurrent.ThreadPoolExecutor.getTask(ThreadPoolExecutor.java:1074)
        at java.util.concurrent.ThreadPoolExecutor.runWorker(ThreadPoolExecutor.java:1134)
        at java.util.concurrent.ThreadPoolExecutor$Worker.run(ThreadPoolExecutor.java:624)
        at java.lang.Thread.run(Thread.java:750)
"63ee6728-2597-4353-a315-509fdfe6db5e@group-D99577696E18-StateMachineUpdater" daemon prio=5 tid=625 timed_waiting
java.lang.Thread.State: TIMED_WAITING
        at sun.misc.Unsafe.park(Native Method)
        at java.util.concurrent.locks.LockSupport.parkNanos(LockSupport.java:215)
        at java.util.concurrent.CompletableFuture$Signaller.block(CompletableFuture.java:1709)
        at java.util.concurrent.ForkJoinPool.managedBlock(ForkJoinPool.java:3323)
        at java.util.concurrent.CompletableFuture.timedGet(CompletableFuture.java:1788)
        at java.util.concurrent.CompletableFuture.get(CompletableFuture.java:1928)
        at org.apache.ratis.util.AwaitForSignal.await(AwaitForSignal.java:56)
        at org.apache.ratis.server.impl.StateMachineUpdater.waitForCommit(StateMachineUpdater.java:207)
        at org.apache.ratis.server.impl.StateMachineUpdater.run(StateMachineUpdater.java:176)
        at java.lang.Thread.run(Thread.java:750)
"Datanode State Machine Daemon Thread" daemon prio=5 tid=456 timed_waiting
java.lang.Thread.State: TIMED_WAITING
        at java.lang.Thread.sleep(Native Method)
        at org.apache.hadoop.ozone.container.common.statemachine.DatanodeStateMachine.startStateMachineThread(DatanodeStateMachine.java:318)
        at org.apache.hadoop.ozone.container.common.statemachine.DatanodeStateMachine.lambda$startDaemon$0(DatanodeStateMachine.java:499)
        at org.apache.hadoop.ozone.container.common.statemachine.DatanodeStateMachine$$Lambda$745/1685415106.run(Unknown Source)
        at java.lang.Thread.run(Thread.java:750)
"Datanode State Machine Daemon Thread" daemon prio=5 tid=263 timed_waiting
java.lang.Thread.State: TIMED_WAITING
        at java.lang.Thread.sleep(Native Method)
        at org.apache.hadoop.ozone.container.common.statemachine.DatanodeStateMachine.startStateMachineThread(DatanodeStateMachine.java:318)
        at org.apache.hadoop.ozone.container.common.statemachine.DatanodeStateMachine.lambda$startDaemon$0(DatanodeStateMachine.java:499)
        at org.apache.hadoop.ozone.container.common.statemachine.DatanodeStateMachine$$Lambda$745/1685415106.run(Unknown Source)
        at java.lang.Thread.run(Thread.java:750)
"IPC Server handler 6 on default port 45015" daemon prio=5 tid=63 timed_waiting
java.lang.Thread.State: TIMED_WAITING
        at sun.misc.Unsafe.park(Native Method)
        at java.util.concurrent.locks.LockSupport.parkNanos(LockSupport.java:215)
        at java.util.concurrent.locks.AbstractQueuedSynchronizer$ConditionObject.awaitNanos(AbstractQueuedSynchronizer.java:2078)
        at java.util.concurrent.LinkedBlockingQueue.poll(LinkedBlockingQueue.java:467)
        at org.apache.hadoop.ipc.CallQueueManager.take(CallQueueManager.java:317)
        at org.apache.hadoop.ipc.Server$Handler.run(Server.java:2942)
"9befe131-ee01-45a3-b6b9-b3ceb7636d7b@group-541EFBBE7205-StateMachineUpdater" daemon prio=5 tid=670 timed_waiting
java.lang.Thread.State: TIMED_WAITING
        at sun.misc.Unsafe.park(Native Method)
        at java.util.concurrent.locks.LockSupport.parkNanos(LockSupport.java:215)
        at java.util.concurrent.CompletableFuture$Signaller.block(CompletableFuture.java:1709)
        at java.util.concurrent.ForkJoinPool.managedBlock(ForkJoinPool.java:3323)
        at java.util.concurrent.CompletableFuture.timedGet(CompletableFuture.java:1788)
        at java.util.concurrent.CompletableFuture.get(CompletableFuture.java:1928)
        at org.apache.ratis.util.AwaitForSignal.await(AwaitForSignal.java:56)
        at org.apache.ratis.server.impl.StateMachineUpdater.waitForCommit(StateMachineUpdater.java:207)
        at org.apache.ratis.server.impl.StateMachineUpdater.run(StateMachineUpdater.java:176)
        at java.lang.Thread.run(Thread.java:750)
"Session-HouseKeeper-4c8ad614-1"  prio=5 tid=262 timed_waiting
java.lang.Thread.State: TIMED_WAITING
        at sun.misc.Unsafe.park(Native Method)
        at java.util.concurrent.locks.LockSupport.parkNanos(LockSupport.java:215)
        at java.util.concurrent.locks.AbstractQueuedSynchronizer$ConditionObject.awaitNanos(AbstractQueuedSynchronizer.java:2078)
        at java.util.concurrent.ScheduledThreadPoolExecutor$DelayedWorkQueue.take(ScheduledThreadPoolExecutor.java:1093)
        at java.util.concurrent.ScheduledThreadPoolExecutor$DelayedWorkQueue.take(ScheduledThreadPoolExecutor.java:809)
        at java.util.concurrent.ThreadPoolExecutor.getTask(ThreadPoolExecutor.java:1074)
        at java.util.concurrent.ThreadPoolExecutor.runWorker(ThreadPoolExecutor.java:1134)
        at java.util.concurrent.ThreadPoolExecutor$Worker.run(ThreadPoolExecutor.java:624)
        at java.lang.Thread.run(Thread.java:750)
"qtp1405887855-177" daemon prio=5 tid=177 timed_waiting
java.lang.Thread.State: TIMED_WAITING
        at sun.misc.Unsafe.park(Native Method)
        at java.util.concurrent.locks.LockSupport.parkNanos(LockSupport.java:215)
        at java.util.concurrent.locks.AbstractQueuedSynchronizer$ConditionObject.awaitNanos(AbstractQueuedSynchronizer.java:2078)
        at org.eclipse.jetty.util.BlockingArrayQueue.poll(BlockingArrayQueue.java:382)
        at org.eclipse.jetty.util.thread.QueuedThreadPool$Runner.idleJobPoll(QueuedThreadPool.java:974)
        at org.eclipse.jetty.util.thread.QueuedThreadPool$Runner.run(QueuedThreadPool.java:1018)
        at java.lang.Thread.run(Thread.java:750)
"om1@group-C5BA1605619E-StateMachineUpdater" daemon prio=5 tid=127 timed_waiting
java.lang.Thread.State: TIMED_WAITING
        at sun.misc.Unsafe.park(Native Method)
        at java.util.concurrent.locks.LockSupport.parkNanos(LockSupport.java:215)
        at java.util.concurrent.CompletableFuture$Signaller.block(CompletableFuture.java:1709)
        at java.util.concurrent.ForkJoinPool.managedBlock(ForkJoinPool.java:3323)
        at java.util.concurrent.CompletableFuture.timedGet(CompletableFuture.java:1788)
        at java.util.concurrent.CompletableFuture.get(CompletableFuture.java:1928)
        at org.apache.ratis.util.AwaitForSignal.await(AwaitForSignal.java:56)
        at org.apache.ratis.server.impl.StateMachineUpdater.waitForCommit(StateMachineUpdater.java:207)
        at org.apache.ratis.server.impl.StateMachineUpdater.run(StateMachineUpdater.java:176)
        at java.lang.Thread.run(Thread.java:750)
"Socket Reader #1 for port 0"  prio=5 tid=24 runnable
java.lang.Thread.State: RUNNABLE
        at sun.nio.ch.EPollArrayWrapper.epollWait(Native Method)
        at sun.nio.ch.EPollArrayWrapper.poll(EPollArrayWrapper.java:269)
        at sun.nio.ch.EPollSelectorImpl.doSelect(EPollSelectorImpl.java:93)
        at sun.nio.ch.SelectorImpl.lockAndDoSelect(SelectorImpl.java:86)
        at sun.nio.ch.SelectorImpl.select(SelectorImpl.java:97)
        at sun.nio.ch.SelectorImpl.select(SelectorImpl.java:101)
        at org.apache.hadoop.ipc.Server$Listener$Reader.doRunLoop(Server.java:1296)
        at org.apache.hadoop.ipc.Server$Listener$Reader.run(Server.java:1275)
"qtp143044035-261" daemon prio=5 tid=261 timed_waiting
java.lang.Thread.State: TIMED_WAITING
        at sun.misc.Unsafe.park(Native Method)
        at java.util.concurrent.locks.LockSupport.parkNanos(LockSupport.java:215)
        at java.util.concurrent.locks.AbstractQueuedSynchronizer$ConditionObject.awaitNanos(AbstractQueuedSynchronizer.java:2078)
        at org.eclipse.jetty.util.BlockingArrayQueue.poll(BlockingArrayQueue.java:382)
        at org.eclipse.jetty.util.thread.QueuedThreadPool$Runner.idleJobPoll(QueuedThreadPool.java:974)
        at org.eclipse.jetty.util.thread.QueuedThreadPool$Runner.run(QueuedThreadPool.java:1018)
        at java.lang.Thread.run(Thread.java:750)
"StaleRecoveringContainerScrubbingService#0" daemon prio=5 tid=517 in Object.wait()
java.lang.Thread.State: WAITING (on object monitor)
        at sun.misc.Unsafe.park(Native Method)
        at java.util.concurrent.locks.LockSupport.park(LockSupport.java:175)
        at java.util.concurrent.locks.AbstractQueuedSynchronizer$ConditionObject.await(AbstractQueuedSynchronizer.java:2039)
        at java.util.concurrent.ScheduledThreadPoolExecutor$DelayedWorkQueue.take(ScheduledThreadPoolExecutor.java:1088)
        at java.util.concurrent.ScheduledThreadPoolExecutor$DelayedWorkQueue.take(ScheduledThreadPoolExecutor.java:809)
        at java.util.concurrent.ThreadPoolExecutor.getTask(ThreadPoolExecutor.java:1074)
        at java.util.concurrent.ThreadPoolExecutor.runWorker(ThreadPoolExecutor.java:1134)
        at java.util.concurrent.ThreadPoolExecutor$Worker.run(ThreadPoolExecutor.java:624)
        at java.lang.Thread.run(Thread.java:750)
"Datanode ReportManager Thread - 0" daemon prio=5 tid=316 in Object.wait()
java.lang.Thread.State: WAITING (on object monitor)
        at sun.misc.Unsafe.park(Native Method)
        at java.util.concurrent.locks.LockSupport.park(LockSupport.java:175)
        at java.util.concurrent.locks.AbstractQueuedSynchronizer$ConditionObject.await(AbstractQueuedSynchronizer.java:2039)
        at java.util.concurrent.ScheduledThreadPoolExecutor$DelayedWorkQueue.take(ScheduledThreadPoolExecutor.java:1088)
        at java.util.concurrent.ScheduledThreadPoolExecutor$DelayedWorkQueue.take(ScheduledThreadPoolExecutor.java:809)
        at java.util.concurrent.ThreadPoolExecutor.getTask(ThreadPoolExecutor.java:1074)
        at java.util.concurrent.ThreadPoolExecutor.runWorker(ThreadPoolExecutor.java:1134)
        at java.util.concurrent.ThreadPoolExecutor$Worker.run(ThreadPoolExecutor.java:624)
        at java.lang.Thread.run(Thread.java:750)
"7c8777a1-edfb-4633-85a4-b901f2ed1d17@group-AF50F2D84CC3-SegmentedRaftLogWorker"  prio=5 tid=654 timed_waiting
java.lang.Thread.State: TIMED_WAITING
        at sun.misc.Unsafe.park(Native Method)
        at java.util.concurrent.locks.LockSupport.parkNanos(LockSupport.java:215)
        at java.util.concurrent.locks.AbstractQueuedSynchronizer$ConditionObject.awaitNanos(AbstractQueuedSynchronizer.java:2078)
        at org.apache.ratis.util.DataBlockingQueue.poll(DataBlockingQueue.java:148)
        at org.apache.ratis.server.raftlog.segmented.SegmentedRaftLogWorker.run(SegmentedRaftLogWorker.java:310)
        at org.apache.ratis.server.raftlog.segmented.SegmentedRaftLogWorker$$Lambda$661/1174177291.run(Unknown Source)
        at java.lang.Thread.run(Thread.java:750)
"Command processor thread" daemon prio=5 tid=295 timed_waiting
java.lang.Thread.State: TIMED_WAITING
        at java.lang.Thread.sleep(Native Method)
        at org.apache.hadoop.ozone.container.common.statemachine.DatanodeStateMachine.lambda$initCommandHandlerThread$3(DatanodeStateMachine.java:634)
        at org.apache.hadoop.ozone.container.common.statemachine.DatanodeStateMachine$$Lambda$747/814733902.run(Unknown Source)
        at java.lang.Thread.run(Thread.java:750)
"StaleRecoveringContainerScrubbingService#1" daemon prio=5 tid=519 timed_waiting
java.lang.Thread.State: TIMED_WAITING
        at sun.misc.Unsafe.park(Native Method)
        at java.util.concurrent.locks.LockSupport.parkNanos(LockSupport.java:215)
        at java.util.concurrent.locks.AbstractQueuedSynchronizer$ConditionObject.awaitNanos(AbstractQueuedSynchronizer.java:2078)
        at java.util.concurrent.ScheduledThreadPoolExecutor$DelayedWorkQueue.take(ScheduledThreadPoolExecutor.java:1093)
        at java.util.concurrent.ScheduledThreadPoolExecutor$DelayedWorkQueue.take(ScheduledThreadPoolExecutor.java:809)
        at java.util.concurrent.ThreadPoolExecutor.getTask(ThreadPoolExecutor.java:1074)
        at java.util.concurrent.ThreadPoolExecutor.runWorker(ThreadPoolExecutor.java:1134)
        at java.util.concurrent.ThreadPoolExecutor$Worker.run(ThreadPoolExecutor.java:624)
        at java.lang.Thread.run(Thread.java:750)
"e349f11f-4d2d-4584-922f-e3c208c9e657@group-D99577696E18-SegmentedRaftLogWorker"  prio=5 tid=627 timed_waiting
java.lang.Thread.State: TIMED_WAITING
        at sun.misc.Unsafe.park(Native Method)
        at java.util.concurrent.locks.LockSupport.parkNanos(LockSupport.java:215)
        at java.util.concurrent.locks.AbstractQueuedSynchronizer$ConditionObject.awaitNanos(AbstractQueuedSynchronizer.java:2078)
        at org.apache.ratis.util.DataBlockingQueue.poll(DataBlockingQueue.java:148)
        at org.apache.ratis.server.raftlog.segmented.SegmentedRaftLogWorker.run(SegmentedRaftLogWorker.java:310)
        at org.apache.ratis.server.raftlog.segmented.SegmentedRaftLogWorker$$Lambda$661/1174177291.run(Unknown Source)
        at java.lang.Thread.run(Thread.java:750)
"org.apache.hadoop.util.JvmPauseMonitor$Monitor@7c176a1c" daemon prio=5 tid=270 timed_waiting
java.lang.Thread.State: TIMED_WAITING
        at java.lang.Thread.sleep(Native Method)
        at org.apache.hadoop.util.JvmPauseMonitor$Monitor.run(JvmPauseMonitor.java:192)
        at java.lang.Thread.run(Thread.java:750)
"StaleRecoveringContainerScrubbingService#1" daemon prio=5 tid=454 timed_waiting
java.lang.Thread.State: TIMED_WAITING
        at sun.misc.Unsafe.park(Native Method)
        at java.util.concurrent.locks.LockSupport.parkNanos(LockSupport.java:215)
        at java.util.concurrent.locks.AbstractQueuedSynchronizer$ConditionObject.awaitNanos(AbstractQueuedSynchronizer.java:2078)
        at java.util.concurrent.ScheduledThreadPoolExecutor$DelayedWorkQueue.take(ScheduledThreadPoolExecutor.java:1093)
        at java.util.concurrent.ScheduledThreadPoolExecutor$DelayedWorkQueue.take(ScheduledThreadPoolExecutor.java:809)
        at java.util.concurrent.ThreadPoolExecutor.getTask(ThreadPoolExecutor.java:1074)
        at java.util.concurrent.ThreadPoolExecutor.runWorker(ThreadPoolExecutor.java:1134)
        at java.util.concurrent.ThreadPoolExecutor$Worker.run(ThreadPoolExecutor.java:624)
        at java.lang.Thread.run(Thread.java:750)
"org.apache.hadoop.ozone.container.common.statemachine.commandhandler.DeleteBlocksCommandHandler$DeleteCmdWorker@b513df1" daemon prio=5 tid=278 timed_waiting
java.lang.Thread.State: TIMED_WAITING
        at java.lang.Thread.sleep(Native Method)
        at org.apache.hadoop.ozone.container.common.statemachine.commandhandler.DeleteBlocksCommandHandler$DeleteCmdWorker.run(DeleteBlocksCommandHandler.java:183)
        at java.lang.Thread.run(Thread.java:750)
"timer0" daemon prio=5 tid=738 timed_waiting
java.lang.Thread.State: TIMED_WAITING
        at java.lang.Object.wait(Native Method)
        at java.util.TimerThread.mainLoop(Timer.java:552)
        at java.util.TimerThread.run(Timer.java:505)
"ChunkWriter-2-0" daemon prio=5 tid=481 in Object.wait()
java.lang.Thread.State: WAITING (on object monitor)
        at sun.misc.Unsafe.park(Native Method)
        at java.util.concurrent.locks.LockSupport.park(LockSupport.java:175)
        at java.util.concurrent.locks.AbstractQueuedSynchronizer$ConditionObject.await(AbstractQueuedSynchronizer.java:2039)
        at java.util.concurrent.LinkedBlockingDeque.takeFirst(LinkedBlockingDeque.java:492)
        at java.util.concurrent.LinkedBlockingDeque.take(LinkedBlockingDeque.java:680)
        at java.util.concurrent.ThreadPoolExecutor.getTask(ThreadPoolExecutor.java:1074)
        at java.util.concurrent.ThreadPoolExecutor.runWorker(ThreadPoolExecutor.java:1134)
        at java.util.concurrent.ThreadPoolExecutor$Worker.run(ThreadPoolExecutor.java:624)
        at java.lang.Thread.run(Thread.java:750)
"ChunkWriter-3-0" daemon prio=5 tid=551 in Object.wait()
java.lang.Thread.State: WAITING (on object monitor)
        at sun.misc.Unsafe.park(Native Method)
        at java.util.concurrent.locks.LockSupport.park(LockSupport.java:175)
        at java.util.concurrent.locks.AbstractQueuedSynchronizer$ConditionObject.await(AbstractQueuedSynchronizer.java:2039)
        at java.util.concurrent.LinkedBlockingDeque.takeFirst(LinkedBlockingDeque.java:492)
        at java.util.concurrent.LinkedBlockingDeque.take(LinkedBlockingDeque.java:680)
        at java.util.concurrent.ThreadPoolExecutor.getTask(ThreadPoolExecutor.java:1074)
        at java.util.concurrent.ThreadPoolExecutor.runWorker(ThreadPoolExecutor.java:1134)
        at java.util.concurrent.ThreadPoolExecutor$Worker.run(ThreadPoolExecutor.java:624)
        at java.lang.Thread.run(Thread.java:750)
"pool-273-thread-1"  prio=5 tid=406 timed_waiting
java.lang.Thread.State: TIMED_WAITING
        at sun.misc.Unsafe.park(Native Method)
        at java.util.concurrent.locks.LockSupport.parkNanos(LockSupport.java:215)
        at java.util.concurrent.locks.AbstractQueuedSynchronizer$ConditionObject.awaitNanos(AbstractQueuedSynchronizer.java:2078)
        at java.util.concurrent.ScheduledThreadPoolExecutor$DelayedWorkQueue.take(ScheduledThreadPoolExecutor.java:1093)
        at java.util.concurrent.ScheduledThreadPoolExecutor$DelayedWorkQueue.take(ScheduledThreadPoolExecutor.java:809)
        at java.util.concurrent.ThreadPoolExecutor.getTask(ThreadPoolExecutor.java:1074)
        at java.util.concurrent.ThreadPoolExecutor.runWorker(ThreadPoolExecutor.java:1134)
        at java.util.concurrent.ThreadPoolExecutor$Worker.run(ThreadPoolExecutor.java:624)
        at java.lang.Thread.run(Thread.java:750)
"ChunkReader-0" daemon prio=5 tid=756 in Object.wait()
java.lang.Thread.State: WAITING (on object monitor)
        at sun.misc.Unsafe.park(Native Method)
        at java.util.concurrent.locks.LockSupport.park(LockSupport.java:175)
        at java.util.concurrent.locks.AbstractQueuedSynchronizer$ConditionObject.await(AbstractQueuedSynchronizer.java:2039)
        at java.util.concurrent.LinkedBlockingQueue.take(LinkedBlockingQueue.java:442)
        at java.util.concurrent.ThreadPoolExecutor.getTask(ThreadPoolExecutor.java:1074)
        at java.util.concurrent.ThreadPoolExecutor.runWorker(ThreadPoolExecutor.java:1134)
        at java.util.concurrent.ThreadPoolExecutor$Worker.run(ThreadPoolExecutor.java:624)
        at java.lang.Thread.run(Thread.java:750)
"qtp1069632960-102" daemon prio=5 tid=102 timed_waiting
java.lang.Thread.State: TIMED_WAITING
        at sun.misc.Unsafe.park(Native Method)
        at java.util.concurrent.locks.LockSupport.parkNanos(LockSupport.java:215)
        at java.util.concurrent.locks.AbstractQueuedSynchronizer$ConditionObject.awaitNanos(AbstractQueuedSynchronizer.java:2078)
        at org.eclipse.jetty.util.BlockingArrayQueue.poll(BlockingArrayQueue.java:382)
        at org.eclipse.jetty.util.thread.QueuedThreadPool$Runner.idleJobPoll(QueuedThreadPool.java:974)
        at org.eclipse.jetty.util.thread.QueuedThreadPool$Runner.run(QueuedThreadPool.java:1018)
        at java.lang.Thread.run(Thread.java:750)
"qtp1069632960-107" daemon prio=5 tid=107 timed_waiting
java.lang.Thread.State: TIMED_WAITING
        at sun.misc.Unsafe.park(Native Method)
        at java.util.concurrent.locks.LockSupport.parkNanos(LockSupport.java:215)
        at java.util.concurrent.locks.AbstractQueuedSynchronizer$ConditionObject.awaitNanos(AbstractQueuedSynchronizer.java:2078)
        at org.eclipse.jetty.util.BlockingArrayQueue.poll(BlockingArrayQueue.java:382)
        at org.eclipse.jetty.util.thread.QueuedThreadPool$Runner.idleJobPoll(QueuedThreadPool.java:974)
        at org.eclipse.jetty.util.thread.QueuedThreadPool$Runner.run(QueuedThreadPool.java:1018)
        at java.lang.Thread.run(Thread.java:750)
"qtp1405887855-181" daemon prio=5 tid=181 timed_waiting
java.lang.Thread.State: TIMED_WAITING
        at sun.misc.Unsafe.park(Native Method)
        at java.util.concurrent.locks.LockSupport.parkNanos(LockSupport.java:215)
        at java.util.concurrent.locks.AbstractQueuedSynchronizer$ConditionObject.awaitNanos(AbstractQueuedSynchronizer.java:2078)
        at org.eclipse.jetty.util.BlockingArrayQueue.poll(BlockingArrayQueue.java:382)
        at org.eclipse.jetty.util.thread.QueuedThreadPool$Runner.idleJobPoll(QueuedThreadPool.java:974)
        at org.eclipse.jetty.util.thread.QueuedThreadPool$Runner.run(QueuedThreadPool.java:1018)
        at java.lang.Thread.run(Thread.java:750)
"075aeae4-9dac-4c28-be7c-8f8b2eb5b04f-server-thread3" daemon prio=5 tid=847 timed_waiting
java.lang.Thread.State: TIMED_WAITING
        at sun.misc.Unsafe.park(Native Method)
        at java.util.concurrent.locks.LockSupport.parkNanos(LockSupport.java:215)
        at java.util.concurrent.SynchronousQueue$TransferStack.awaitFulfill(SynchronousQueue.java:460)
        at java.util.concurrent.SynchronousQueue$TransferStack.transfer(SynchronousQueue.java:362)
        at java.util.concurrent.SynchronousQueue.poll(SynchronousQueue.java:941)
        at java.util.concurrent.ThreadPoolExecutor.getTask(ThreadPoolExecutor.java:1073)
        at java.util.concurrent.ThreadPoolExecutor.runWorker(ThreadPoolExecutor.java:1134)
        at java.util.concurrent.ThreadPoolExecutor$Worker.run(ThreadPoolExecutor.java:624)
        at java.lang.Thread.run(Thread.java:750)
"075aeae4-9dac-4c28-be7c-8f8b2eb5b04f@group-AF50F2D84CC3-FollowerState" daemon prio=5 tid=838 timed_waiting
java.lang.Thread.State: TIMED_WAITING
        at java.lang.Thread.sleep(Native Method)
        at java.lang.Thread.sleep(Thread.java:342)
        at java.util.concurrent.TimeUnit.sleep(TimeUnit.java:386)
        at org.apache.ratis.util.TimeDuration.sleep(TimeDuration.java:325)
        at org.apache.ratis.util.TimeDuration.sleep(TimeDuration.java:310)
        at org.apache.ratis.server.impl.FollowerState.run(FollowerState.java:128)
"BlockDeletingService#0" daemon prio=5 tid=542 in Object.wait()
java.lang.Thread.State: WAITING (on object monitor)
        at sun.misc.Unsafe.park(Native Method)
        at java.util.concurrent.locks.LockSupport.park(LockSupport.java:175)
        at java.util.concurrent.locks.AbstractQueuedSynchronizer$ConditionObject.await(AbstractQueuedSynchronizer.java:2039)
        at java.util.concurrent.ScheduledThreadPoolExecutor$DelayedWorkQueue.take(ScheduledThreadPoolExecutor.java:1088)
        at java.util.concurrent.ScheduledThreadPoolExecutor$DelayedWorkQueue.take(ScheduledThreadPoolExecutor.java:809)
        at java.util.concurrent.ThreadPoolExecutor.getTask(ThreadPoolExecutor.java:1074)
        at java.util.concurrent.ThreadPoolExecutor.runWorker(ThreadPoolExecutor.java:1134)
        at java.util.concurrent.ThreadPoolExecutor$Worker.run(ThreadPoolExecutor.java:624)
        at java.lang.Thread.run(Thread.java:750)
"Datanode ReportManager Thread - 1" daemon prio=5 tid=382 in Object.wait()
java.lang.Thread.State: WAITING (on object monitor)
        at sun.misc.Unsafe.park(Native Method)
        at java.util.concurrent.locks.LockSupport.park(LockSupport.java:175)
        at java.util.concurrent.locks.AbstractQueuedSynchronizer$ConditionObject.await(AbstractQueuedSynchronizer.java:2039)
        at java.util.concurrent.ScheduledThreadPoolExecutor$DelayedWorkQueue.take(ScheduledThreadPoolExecutor.java:1088)
        at java.util.concurrent.ScheduledThreadPoolExecutor$DelayedWorkQueue.take(ScheduledThreadPoolExecutor.java:809)
        at java.util.concurrent.ThreadPoolExecutor.getTask(ThreadPoolExecutor.java:1074)
        at java.util.concurrent.ThreadPoolExecutor.runWorker(ThreadPoolExecutor.java:1134)
        at java.util.concurrent.ThreadPoolExecutor$Worker.run(ThreadPoolExecutor.java:624)
        at java.lang.Thread.run(Thread.java:750)
"pool-55-thread-1"  prio=5 tid=117 in Object.wait()
java.lang.Thread.State: WAITING (on object monitor)
        at sun.misc.Unsafe.park(Native Method)
        at java.util.concurrent.locks.LockSupport.park(LockSupport.java:175)
        at java.util.concurrent.locks.AbstractQueuedSynchronizer$ConditionObject.await(AbstractQueuedSynchronizer.java:2039)
        at java.util.concurrent.LinkedBlockingQueue.take(LinkedBlockingQueue.java:442)
        at java.util.concurrent.ThreadPoolExecutor.getTask(ThreadPoolExecutor.java:1074)
        at java.util.concurrent.ThreadPoolExecutor.runWorker(ThreadPoolExecutor.java:1134)
        at java.util.concurrent.ThreadPoolExecutor$Worker.run(ThreadPoolExecutor.java:624)
        at java.lang.Thread.run(Thread.java:750)
"qtp1405887855-180" daemon prio=5 tid=180 timed_waiting
java.lang.Thread.State: TIMED_WAITING
        at sun.misc.Unsafe.park(Native Method)
        at java.util.concurrent.locks.LockSupport.parkNanos(LockSupport.java:215)
        at java.util.concurrent.locks.AbstractQueuedSynchronizer$ConditionObject.awaitNanos(AbstractQueuedSynchronizer.java:2078)
        at org.eclipse.jetty.util.BlockingArrayQueue.poll(BlockingArrayQueue.java:382)
        at org.eclipse.jetty.util.thread.QueuedThreadPool$Runner.idleJobPoll(QueuedThreadPool.java:974)
        at org.eclipse.jetty.util.thread.QueuedThreadPool$Runner.run(QueuedThreadPool.java:1018)
        at java.lang.Thread.run(Thread.java:750)
"IPC Server handler 16 on default port 34145" daemon prio=5 tid=160 timed_waiting
java.lang.Thread.State: TIMED_WAITING
        at sun.misc.Unsafe.park(Native Method)
        at java.util.concurrent.locks.LockSupport.parkNanos(LockSupport.java:215)
        at java.util.concurrent.locks.AbstractQueuedSynchronizer$ConditionObject.awaitNanos(AbstractQueuedSynchronizer.java:2078)
        at java.util.concurrent.LinkedBlockingQueue.poll(LinkedBlockingQueue.java:467)
        at org.apache.hadoop.ipc.CallQueueManager.take(CallQueueManager.java:317)
        at org.apache.hadoop.ipc.Server$Handler.run(Server.java:2942)
"FullTableCache Cleanup Thread - 0" daemon prio=5 tid=749 in Object.wait()
java.lang.Thread.State: WAITING (on object monitor)
        at sun.misc.Unsafe.park(Native Method)
        at java.util.concurrent.locks.LockSupport.park(LockSupport.java:175)
        at java.util.concurrent.locks.AbstractQueuedSynchronizer$ConditionObject.await(AbstractQueuedSynchronizer.java:2039)
        at java.util.concurrent.LinkedBlockingQueue.take(LinkedBlockingQueue.java:442)
        at java.util.concurrent.ThreadPoolExecutor.getTask(ThreadPoolExecutor.java:1074)
        at java.util.concurrent.ThreadPoolExecutor.runWorker(ThreadPoolExecutor.java:1134)
        at java.util.concurrent.ThreadPoolExecutor$Worker.run(ThreadPoolExecutor.java:624)
        at java.lang.Thread.run(Thread.java:750)
"075aeae4-9dac-4c28-be7c-8f8b2eb5b04f@group-AF50F2D84CC3-StateMachineUpdater" daemon prio=5 tid=659 timed_waiting
java.lang.Thread.State: TIMED_WAITING
        at sun.misc.Unsafe.park(Native Method)
        at java.util.concurrent.locks.LockSupport.parkNanos(LockSupport.java:215)
        at java.util.concurrent.CompletableFuture$Signaller.block(CompletableFuture.java:1709)
        at java.util.concurrent.ForkJoinPool.managedBlock(ForkJoinPool.java:3323)
        at java.util.concurrent.CompletableFuture.timedGet(CompletableFuture.java:1788)
        at java.util.concurrent.CompletableFuture.get(CompletableFuture.java:1928)
        at org.apache.ratis.util.AwaitForSignal.await(AwaitForSignal.java:56)
        at org.apache.ratis.server.impl.StateMachineUpdater.waitForCommit(StateMachineUpdater.java:207)
        at org.apache.ratis.server.impl.StateMachineUpdater.run(StateMachineUpdater.java:176)
        at java.lang.Thread.run(Thread.java:750)
"EventQueue-DeadNodeForDeadNodeHandler" daemon prio=5 tid=848 in Object.wait()
java.lang.Thread.State: WAITING (on object monitor)
        at sun.misc.Unsafe.park(Native Method)
        at java.util.concurrent.locks.LockSupport.park(LockSupport.java:175)
        at java.util.concurrent.locks.AbstractQueuedSynchronizer$ConditionObject.await(AbstractQueuedSynchronizer.java:2039)
        at java.util.concurrent.LinkedBlockingQueue.take(LinkedBlockingQueue.java:442)
        at java.util.concurrent.ThreadPoolExecutor.getTask(ThreadPoolExecutor.java:1074)
        at java.util.concurrent.ThreadPoolExecutor.runWorker(ThreadPoolExecutor.java:1134)
        at java.util.concurrent.ThreadPoolExecutor$Worker.run(ThreadPoolExecutor.java:624)
        at java.lang.Thread.run(Thread.java:750)
"BlockDeletingService#0" daemon prio=5 tid=473 in Object.wait()
java.lang.Thread.State: WAITING (on object monitor)
        at sun.misc.Unsafe.park(Native Method)
        at java.util.concurrent.locks.LockSupport.park(LockSupport.java:175)
        at java.util.concurrent.locks.AbstractQueuedSynchronizer$ConditionObject.await(AbstractQueuedSynchronizer.java:2039)
        at java.util.concurrent.ScheduledThreadPoolExecutor$DelayedWorkQueue.take(ScheduledThreadPoolExecutor.java:1088)
        at java.util.concurrent.ScheduledThreadPoolExecutor$DelayedWorkQueue.take(ScheduledThreadPoolExecutor.java:809)
        at java.util.concurrent.ThreadPoolExecutor.getTask(ThreadPoolExecutor.java:1074)
        at java.util.concurrent.ThreadPoolExecutor.runWorker(ThreadPoolExecutor.java:1134)
        at java.util.concurrent.ThreadPoolExecutor$Worker.run(ThreadPoolExecutor.java:624)
        at java.lang.Thread.run(Thread.java:750)
"JvmPauseMonitor10" daemon prio=5 tid=552 timed_waiting
java.lang.Thread.State: TIMED_WAITING
        at java.lang.Thread.sleep(Native Method)
        at java.lang.Thread.sleep(Thread.java:342)
        at java.util.concurrent.TimeUnit.sleep(TimeUnit.java:386)
        at org.apache.ratis.util.TimeDuration.sleep(TimeDuration.java:325)
        at org.apache.ratis.util.TimeDuration.sleep(TimeDuration.java:310)
        at org.apache.ratis.util.JvmPauseMonitor.detectPause(JvmPauseMonitor.java:119)
        at org.apache.ratis.util.JvmPauseMonitor.run(JvmPauseMonitor.java:108)
        at org.apache.ratis.util.JvmPauseMonitor$$Lambda$702/1444742025.run(Unknown Source)
        at java.lang.Thread.run(Thread.java:750)
"FixedThreadPoolWithAffinityExecutor-8-0" daemon prio=5 tid=532 in Object.wait()
java.lang.Thread.State: WAITING (on object monitor)
        at sun.misc.Unsafe.park(Native Method)
        at java.util.concurrent.locks.LockSupport.park(LockSupport.java:175)
        at java.util.concurrent.locks.AbstractQueuedSynchronizer$ConditionObject.await(AbstractQueuedSynchronizer.java:2039)
        at java.util.concurrent.LinkedBlockingDeque.takeFirst(LinkedBlockingDeque.java:492)
        at java.util.concurrent.LinkedBlockingDeque.take(LinkedBlockingDeque.java:680)
        at java.util.concurrent.ThreadPoolExecutor.getTask(ThreadPoolExecutor.java:1074)
        at java.util.concurrent.ThreadPoolExecutor.runWorker(ThreadPoolExecutor.java:1134)
        at java.util.concurrent.ThreadPoolExecutor$Worker.run(ThreadPoolExecutor.java:624)
        at java.lang.Thread.run(Thread.java:750)
"Command processor thread" daemon prio=5 tid=321 timed_waiting
java.lang.Thread.State: TIMED_WAITING
        at java.lang.Thread.sleep(Native Method)
        at org.apache.hadoop.ozone.container.common.statemachine.DatanodeStateMachine.lambda$initCommandHandlerThread$3(DatanodeStateMachine.java:634)
        at org.apache.hadoop.ozone.container.common.statemachine.DatanodeStateMachine$$Lambda$747/814733902.run(Unknown Source)
        at java.lang.Thread.run(Thread.java:750)
"9befe131-ee01-45a3-b6b9-b3ceb7636d7b@group-5DBD8395D328-FollowerState" daemon prio=5 tid=772 timed_waiting
java.lang.Thread.State: TIMED_WAITING
        at java.lang.Thread.sleep(Native Method)
        at java.lang.Thread.sleep(Thread.java:342)
        at java.util.concurrent.TimeUnit.sleep(TimeUnit.java:386)
        at org.apache.ratis.util.TimeDuration.sleep(TimeDuration.java:325)
        at org.apache.ratis.util.TimeDuration.sleep(TimeDuration.java:310)
        at org.apache.ratis.server.impl.FollowerState.run(FollowerState.java:128)
"qtp1139195831-414" daemon prio=5 tid=414 timed_waiting
java.lang.Thread.State: TIMED_WAITING
        at sun.misc.Unsafe.park(Native Method)
        at java.util.concurrent.locks.LockSupport.parkNanos(LockSupport.java:215)
        at java.util.concurrent.locks.AbstractQueuedSynchronizer$ConditionObject.awaitNanos(AbstractQueuedSynchronizer.java:2078)
        at org.eclipse.jetty.util.BlockingArrayQueue.poll(BlockingArrayQueue.java:382)
        at org.eclipse.jetty.util.thread.QueuedThreadPool$Runner.idleJobPoll(QueuedThreadPool.java:974)
        at org.eclipse.jetty.util.thread.QueuedThreadPool$Runner.run(QueuedThreadPool.java:1018)
        at java.lang.Thread.run(Thread.java:750)
"Datanode ReportManager Thread - 0" daemon prio=5 tid=457 in Object.wait()
java.lang.Thread.State: WAITING (on object monitor)
        at sun.misc.Unsafe.park(Native Method)
        at java.util.concurrent.locks.LockSupport.park(LockSupport.java:175)
        at java.util.concurrent.locks.AbstractQueuedSynchronizer$ConditionObject.await(AbstractQueuedSynchronizer.java:2039)
        at java.util.concurrent.ScheduledThreadPoolExecutor$DelayedWorkQueue.take(ScheduledThreadPoolExecutor.java:1088)
        at java.util.concurrent.ScheduledThreadPoolExecutor$DelayedWorkQueue.take(ScheduledThreadPoolExecutor.java:809)
        at java.util.concurrent.ThreadPoolExecutor.getTask(ThreadPoolExecutor.java:1074)
        at java.util.concurrent.ThreadPoolExecutor.runWorker(ThreadPoolExecutor.java:1134)
        at java.util.concurrent.ThreadPoolExecutor$Worker.run(ThreadPoolExecutor.java:624)
        at java.lang.Thread.run(Thread.java:750)
"BlockDeletingService#0" daemon prio=5 tid=359 in Object.wait()
java.lang.Thread.State: WAITING (on object monitor)
        at sun.misc.Unsafe.park(Native Method)
        at java.util.concurrent.locks.LockSupport.park(LockSupport.java:175)
        at java.util.concurrent.locks.AbstractQueuedSynchronizer$ConditionObject.await(AbstractQueuedSynchronizer.java:2039)
        at java.util.concurrent.ScheduledThreadPoolExecutor$DelayedWorkQueue.take(ScheduledThreadPoolExecutor.java:1088)
        at java.util.concurrent.ScheduledThreadPoolExecutor$DelayedWorkQueue.take(ScheduledThreadPoolExecutor.java:809)
        at java.util.concurrent.ThreadPoolExecutor.getTask(ThreadPoolExecutor.java:1074)
        at java.util.concurrent.ThreadPoolExecutor.runWorker(ThreadPoolExecutor.java:1134)
        at java.util.concurrent.ThreadPoolExecutor$Worker.run(ThreadPoolExecutor.java:624)
        at java.lang.Thread.run(Thread.java:750)
"Periodic HDDS volume checker" daemon prio=5 tid=364 timed_waiting
java.lang.Thread.State: TIMED_WAITING
        at sun.misc.Unsafe.park(Native Method)
        at java.util.concurrent.locks.LockSupport.parkNanos(LockSupport.java:215)
        at java.util.concurrent.locks.AbstractQueuedSynchronizer$ConditionObject.awaitNanos(AbstractQueuedSynchronizer.java:2078)
        at java.util.concurrent.ScheduledThreadPoolExecutor$DelayedWorkQueue.take(ScheduledThreadPoolExecutor.java:1093)
        at java.util.concurrent.ScheduledThreadPoolExecutor$DelayedWorkQueue.take(ScheduledThreadPoolExecutor.java:809)
        at java.util.concurrent.ThreadPoolExecutor.getTask(ThreadPoolExecutor.java:1074)
        at java.util.concurrent.ThreadPoolExecutor.runWorker(ThreadPoolExecutor.java:1134)
        at java.util.concurrent.ThreadPoolExecutor$Worker.run(ThreadPoolExecutor.java:624)
        at java.lang.Thread.run(Thread.java:750)
"IPC Server handler 0 on default port 34145" daemon prio=5 tid=144 timed_waiting
java.lang.Thread.State: TIMED_WAITING
        at sun.misc.Unsafe.park(Native Method)
        at java.util.concurrent.locks.LockSupport.parkNanos(LockSupport.java:215)
        at java.util.concurrent.locks.AbstractQueuedSynchronizer$ConditionObject.awaitNanos(AbstractQueuedSynchronizer.java:2078)
        at java.util.concurrent.LinkedBlockingQueue.poll(LinkedBlockingQueue.java:467)
        at org.apache.hadoop.ipc.CallQueueManager.take(CallQueueManager.java:317)
        at org.apache.hadoop.ipc.Server$Handler.run(Server.java:2942)
"pool-280-thread-1" daemon prio=5 tid=430 timed_waiting
java.lang.Thread.State: TIMED_WAITING
        at sun.misc.Unsafe.park(Native Method)
        at java.util.concurrent.locks.LockSupport.parkNanos(LockSupport.java:215)
        at java.util.concurrent.locks.AbstractQueuedSynchronizer$ConditionObject.awaitNanos(AbstractQueuedSynchronizer.java:2078)
        at java.util.concurrent.ScheduledThreadPoolExecutor$DelayedWorkQueue.take(ScheduledThreadPoolExecutor.java:1093)
        at java.util.concurrent.ScheduledThreadPoolExecutor$DelayedWorkQueue.take(ScheduledThreadPoolExecutor.java:809)
        at java.util.concurrent.ThreadPoolExecutor.getTask(ThreadPoolExecutor.java:1074)
        at java.util.concurrent.ThreadPoolExecutor.runWorker(ThreadPoolExecutor.java:1134)
        at java.util.concurrent.ThreadPoolExecutor$Worker.run(ThreadPoolExecutor.java:624)
        at java.lang.Thread.run(Thread.java:750)
"qtp651614956-285" daemon prio=5 tid=285 timed_waiting
java.lang.Thread.State: TIMED_WAITING
        at sun.misc.Unsafe.park(Native Method)
        at java.util.concurrent.locks.LockSupport.parkNanos(LockSupport.java:215)
        at java.util.concurrent.locks.AbstractQueuedSynchronizer$ConditionObject.awaitNanos(AbstractQueuedSynchronizer.java:2078)
        at org.eclipse.jetty.util.BlockingArrayQueue.poll(BlockingArrayQueue.java:382)
        at org.eclipse.jetty.util.thread.QueuedThreadPool$Runner.idleJobPoll(QueuedThreadPool.java:974)
        at org.eclipse.jetty.util.thread.QueuedThreadPool$Runner.run(QueuedThreadPool.java:1018)
        at java.lang.Thread.run(Thread.java:750)
"Session-HouseKeeper-101ada63-1"  prio=5 tid=417 timed_waiting
java.lang.Thread.State: TIMED_WAITING
        at sun.misc.Unsafe.park(Native Method)
        at java.util.concurrent.locks.LockSupport.parkNanos(LockSupport.java:215)
        at java.util.concurrent.locks.AbstractQueuedSynchronizer$ConditionObject.awaitNanos(AbstractQueuedSynchronizer.java:2078)
        at java.util.concurrent.ScheduledThreadPoolExecutor$DelayedWorkQueue.take(ScheduledThreadPoolExecutor.java:1093)
        at java.util.concurrent.ScheduledThreadPoolExecutor$DelayedWorkQueue.take(ScheduledThreadPoolExecutor.java:809)
        at java.util.concurrent.ThreadPoolExecutor.getTask(ThreadPoolExecutor.java:1074)
        at java.util.concurrent.ThreadPoolExecutor.runWorker(ThreadPoolExecutor.java:1134)
        at java.util.concurrent.ThreadPoolExecutor$Worker.run(ThreadPoolExecutor.java:624)
        at java.lang.Thread.run(Thread.java:750)
"6e54690b-befe-42c2-a4b7-a861f73b2b3f@group-D99577696E18->e349f11f-4d2d-4584-922f-e3c208c9e657-GrpcLogAppender-LogAppenderDaemon" daemon prio=5 tid=733 timed_waiting
java.lang.Thread.State: TIMED_WAITING
        at sun.misc.Unsafe.park(Native Method)
        at java.util.concurrent.locks.LockSupport.parkNanos(LockSupport.java:215)
        at java.util.concurrent.CompletableFuture$Signaller.block(CompletableFuture.java:1709)
        at java.util.concurrent.ForkJoinPool.managedBlock(ForkJoinPool.java:3323)
        at java.util.concurrent.CompletableFuture.timedGet(CompletableFuture.java:1788)
        at java.util.concurrent.CompletableFuture.get(CompletableFuture.java:1928)
        at org.apache.ratis.util.AwaitForSignal.await(AwaitForSignal.java:56)
        at org.apache.ratis.grpc.server.GrpcLogAppender.mayWait(GrpcLogAppender.java:198)
        at org.apache.ratis.grpc.server.GrpcLogAppender.run(GrpcLogAppender.java:148)
        at org.apache.ratis.server.leader.LogAppenderDaemon.run(LogAppenderDaemon.java:78)
        at org.apache.ratis.server.leader.LogAppenderDaemon$$Lambda$1029/1859749780.run(Unknown Source)
        at java.lang.Thread.run(Thread.java:750)
"StaleRecoveringContainerScrubbingService#0" daemon prio=5 tid=360 in Object.wait()
java.lang.Thread.State: WAITING (on object monitor)
        at sun.misc.Unsafe.park(Native Method)
        at java.util.concurrent.locks.LockSupport.park(LockSupport.java:175)
        at java.util.concurrent.locks.AbstractQueuedSynchronizer$ConditionObject.await(AbstractQueuedSynchronizer.java:2039)
        at java.util.concurrent.ScheduledThreadPoolExecutor$DelayedWorkQueue.take(ScheduledThreadPoolExecutor.java:1088)
        at java.util.concurrent.ScheduledThreadPoolExecutor$DelayedWorkQueue.take(ScheduledThreadPoolExecutor.java:809)
        at java.util.concurrent.ThreadPoolExecutor.getTask(ThreadPoolExecutor.java:1074)
        at java.util.concurrent.ThreadPoolExecutor.runWorker(ThreadPoolExecutor.java:1134)
        at java.util.concurrent.ThreadPoolExecutor$Worker.run(ThreadPoolExecutor.java:624)
        at java.lang.Thread.run(Thread.java:750)
"org.apache.hadoop.util.JvmPauseMonitor$Monitor@3040fba9" daemon prio=5 tid=164 timed_waiting
java.lang.Thread.State: TIMED_WAITING
        at java.lang.Thread.sleep(Native Method)
        at org.apache.hadoop.util.JvmPauseMonitor$Monitor.run(JvmPauseMonitor.java:192)
        at java.lang.Thread.run(Thread.java:750)
"IPC Server handler 15 on default port 34145" daemon prio=5 tid=159 timed_waiting
java.lang.Thread.State: TIMED_WAITING
        at sun.misc.Unsafe.park(Native Method)
        at java.util.concurrent.locks.LockSupport.parkNanos(LockSupport.java:215)
        at java.util.concurrent.locks.AbstractQueuedSynchronizer$ConditionObject.awaitNanos(AbstractQueuedSynchronizer.java:2078)
        at java.util.concurrent.LinkedBlockingQueue.poll(LinkedBlockingQueue.java:467)
        at org.apache.hadoop.ipc.CallQueueManager.take(CallQueueManager.java:317)
        at org.apache.hadoop.ipc.Server$Handler.run(Server.java:2942)
"StaleRecoveringContainerScrubbingService#2" daemon prio=5 tid=870 in Object.wait()
java.lang.Thread.State: WAITING (on object monitor)
        at sun.misc.Unsafe.park(Native Method)
        at java.util.concurrent.locks.LockSupport.park(LockSupport.java:175)
        at java.util.concurrent.locks.AbstractQueuedSynchronizer$ConditionObject.await(AbstractQueuedSynchronizer.java:2039)
        at java.util.concurrent.ScheduledThreadPoolExecutor$DelayedWorkQueue.take(ScheduledThreadPoolExecutor.java:1088)
        at java.util.concurrent.ScheduledThreadPoolExecutor$DelayedWorkQueue.take(ScheduledThreadPoolExecutor.java:809)
        at java.util.concurrent.ThreadPoolExecutor.getTask(ThreadPoolExecutor.java:1074)
        at java.util.concurrent.ThreadPoolExecutor.runWorker(ThreadPoolExecutor.java:1134)
        at java.util.concurrent.ThreadPoolExecutor$Worker.run(ThreadPoolExecutor.java:624)
        at java.lang.Thread.run(Thread.java:750)
"Datanode State Machine Daemon Thread" daemon prio=5 tid=380 timed_waiting
java.lang.Thread.State: TIMED_WAITING
        at java.lang.Thread.sleep(Native Method)
        at org.apache.hadoop.ozone.container.common.statemachine.DatanodeStateMachine.startStateMachineThread(DatanodeStateMachine.java:318)
        at org.apache.hadoop.ozone.container.common.statemachine.DatanodeStateMachine.lambda$startDaemon$0(DatanodeStateMachine.java:499)
        at org.apache.hadoop.ozone.container.common.statemachine.DatanodeStateMachine$$Lambda$745/1685415106.run(Unknown Source)
        at java.lang.Thread.run(Thread.java:750)
"IPC Server handler 7 on default port 45633" daemon prio=5 tid=84 timed_waiting
java.lang.Thread.State: TIMED_WAITING
        at sun.misc.Unsafe.park(Native Method)
        at java.util.concurrent.locks.LockSupport.parkNanos(LockSupport.java:215)
        at java.util.concurrent.locks.AbstractQueuedSynchronizer$ConditionObject.awaitNanos(AbstractQueuedSynchronizer.java:2078)
        at java.util.concurrent.LinkedBlockingQueue.poll(LinkedBlockingQueue.java:467)
        at org.apache.hadoop.ipc.CallQueueManager.take(CallQueueManager.java:317)
        at org.apache.hadoop.ipc.Server$Handler.run(Server.java:2942)
"Datanode ReportManager Thread - 0" daemon prio=5 tid=345 in Object.wait()
java.lang.Thread.State: WAITING (on object monitor)
        at sun.misc.Unsafe.park(Native Method)
        at java.util.concurrent.locks.LockSupport.park(LockSupport.java:175)
        at java.util.concurrent.locks.AbstractQueuedSynchronizer$ConditionObject.await(AbstractQueuedSynchronizer.java:2039)
        at java.util.concurrent.ScheduledThreadPoolExecutor$DelayedWorkQueue.take(ScheduledThreadPoolExecutor.java:1088)
        at java.util.concurrent.ScheduledThreadPoolExecutor$DelayedWorkQueue.take(ScheduledThreadPoolExecutor.java:809)
        at java.util.concurrent.ThreadPoolExecutor.getTask(ThreadPoolExecutor.java:1074)
        at java.util.concurrent.ThreadPoolExecutor.runWorker(ThreadPoolExecutor.java:1134)
        at java.util.concurrent.ThreadPoolExecutor$Worker.run(ThreadPoolExecutor.java:624)
        at java.lang.Thread.run(Thread.java:750)
"IPC Server handler 5 on default port 45015" daemon prio=5 tid=62 timed_waiting
java.lang.Thread.State: TIMED_WAITING
        at sun.misc.Unsafe.park(Native Method)
        at java.util.concurrent.locks.LockSupport.parkNanos(LockSupport.java:215)
        at java.util.concurrent.locks.AbstractQueuedSynchronizer$ConditionObject.awaitNanos(AbstractQueuedSynchronizer.java:2078)
        at java.util.concurrent.LinkedBlockingQueue.poll(LinkedBlockingQueue.java:467)
        at org.apache.hadoop.ipc.CallQueueManager.take(CallQueueManager.java:317)
        at org.apache.hadoop.ipc.Server$Handler.run(Server.java:2942)
"IPC Server listener on 0" daemon prio=5 tid=31 runnable
java.lang.Thread.State: RUNNABLE
        at sun.nio.ch.EPollArrayWrapper.epollWait(Native Method)
        at sun.nio.ch.EPollArrayWrapper.poll(EPollArrayWrapper.java:269)
        at sun.nio.ch.EPollSelectorImpl.doSelect(EPollSelectorImpl.java:93)
        at sun.nio.ch.SelectorImpl.lockAndDoSelect(SelectorImpl.java:86)
        at sun.nio.ch.SelectorImpl.select(SelectorImpl.java:97)
        at sun.nio.ch.SelectorImpl.select(SelectorImpl.java:101)
        at org.apache.hadoop.ipc.Server$Listener.run(Server.java:1358)
"e349f11f-4d2d-4584-922f-e3c208c9e657@group-D99577696E18-FollowerState" daemon prio=5 tid=729 timed_waiting
java.lang.Thread.State: TIMED_WAITING
        at java.lang.Thread.sleep(Native Method)
        at java.lang.Thread.sleep(Thread.java:342)
        at java.util.concurrent.TimeUnit.sleep(TimeUnit.java:386)
        at org.apache.ratis.util.TimeDuration.sleep(TimeDuration.java:325)
        at org.apache.ratis.util.TimeDuration.sleep(TimeDuration.java:310)
        at org.apache.ratis.server.impl.FollowerState.run(FollowerState.java:128)
"e349f11f-4d2d-4584-922f-e3c208c9e657@group-D35B2F518A55-StateMachineUpdater" daemon prio=5 tid=633 timed_waiting
java.lang.Thread.State: TIMED_WAITING
        at sun.misc.Unsafe.park(Native Method)
        at java.util.concurrent.locks.LockSupport.parkNanos(LockSupport.java:215)
        at java.util.concurrent.CompletableFuture$Signaller.block(CompletableFuture.java:1709)
        at java.util.concurrent.ForkJoinPool.managedBlock(ForkJoinPool.java:3323)
        at java.util.concurrent.CompletableFuture.timedGet(CompletableFuture.java:1788)
        at java.util.concurrent.CompletableFuture.get(CompletableFuture.java:1928)
        at org.apache.ratis.util.AwaitForSignal.await(AwaitForSignal.java:56)
        at org.apache.ratis.server.impl.StateMachineUpdater.waitForCommit(StateMachineUpdater.java:207)
        at org.apache.ratis.server.impl.StateMachineUpdater.run(StateMachineUpdater.java:176)
        at java.lang.Thread.run(Thread.java:750)
"qtp715406126-335" daemon prio=5 tid=335 timed_waiting
java.lang.Thread.State: TIMED_WAITING
        at sun.misc.Unsafe.park(Native Method)
        at java.util.concurrent.locks.LockSupport.parkNanos(LockSupport.java:215)
        at java.util.concurrent.locks.AbstractQueuedSynchronizer$ConditionObject.awaitNanos(AbstractQueuedSynchronizer.java:2078)
        at org.eclipse.jetty.util.BlockingArrayQueue.poll(BlockingArrayQueue.java:382)
        at org.eclipse.jetty.util.thread.QueuedThreadPool$Runner.idleJobPoll(QueuedThreadPool.java:974)
        at org.eclipse.jetty.util.thread.QueuedThreadPool$Runner.run(QueuedThreadPool.java:1018)
        at java.lang.Thread.run(Thread.java:750)
"OMDoubleBufferFlushThread" daemon prio=5 tid=115 timed_waiting
java.lang.Thread.State: TIMED_WAITING
        at java.lang.Object.wait(Native Method)
        at org.apache.hadoop.ozone.om.ratis.OzoneManagerDoubleBuffer.canFlush(OzoneManagerDoubleBuffer.java:538)
        at org.apache.hadoop.ozone.om.ratis.OzoneManagerDoubleBuffer.flushTransactions(OzoneManagerDoubleBuffer.java:268)
        at org.apache.hadoop.ozone.om.ratis.OzoneManagerDoubleBuffer$$Lambda$500/399674397.run(Unknown Source)
        at java.lang.Thread.run(Thread.java:750)
"IPC Server handler 2 on default port 45633" daemon prio=5 tid=79 timed_waiting
java.lang.Thread.State: TIMED_WAITING
        at sun.misc.Unsafe.park(Native Method)
        at java.util.concurrent.locks.LockSupport.parkNanos(LockSupport.java:215)
        at java.util.concurrent.locks.AbstractQueuedSynchronizer$ConditionObject.awaitNanos(AbstractQueuedSynchronizer.java:2078)
        at java.util.concurrent.LinkedBlockingQueue.poll(LinkedBlockingQueue.java:467)
        at org.apache.hadoop.ipc.CallQueueManager.take(CallQueueManager.java:317)
        at org.apache.hadoop.ipc.Server$Handler.run(Server.java:2942)
"StaleRecoveringContainerScrubbingService#2" daemon prio=5 tid=874 in Object.wait()
java.lang.Thread.State: WAITING (on object monitor)
        at sun.misc.Unsafe.park(Native Method)
        at java.util.concurrent.locks.LockSupport.park(LockSupport.java:175)
        at java.util.concurrent.locks.AbstractQueuedSynchronizer$ConditionObject.await(AbstractQueuedSynchronizer.java:2039)
        at java.util.concurrent.ScheduledThreadPoolExecutor$DelayedWorkQueue.take(ScheduledThreadPoolExecutor.java:1088)
        at java.util.concurrent.ScheduledThreadPoolExecutor$DelayedWorkQueue.take(ScheduledThreadPoolExecutor.java:809)
        at java.util.concurrent.ThreadPoolExecutor.getTask(ThreadPoolExecutor.java:1074)
        at java.util.concurrent.ThreadPoolExecutor.runWorker(ThreadPoolExecutor.java:1134)
        at java.util.concurrent.ThreadPoolExecutor$Worker.run(ThreadPoolExecutor.java:624)
        at java.lang.Thread.run(Thread.java:750)
"Session-HouseKeeper-18237d3b-1"  prio=5 tid=445 timed_waiting
java.lang.Thread.State: TIMED_WAITING
        at sun.misc.Unsafe.park(Native Method)
        at java.util.concurrent.locks.LockSupport.parkNanos(LockSupport.java:215)
        at java.util.concurrent.locks.AbstractQueuedSynchronizer$ConditionObject.awaitNanos(AbstractQueuedSynchronizer.java:2078)
        at java.util.concurrent.ScheduledThreadPoolExecutor$DelayedWorkQueue.take(ScheduledThreadPoolExecutor.java:1093)
        at java.util.concurrent.ScheduledThreadPoolExecutor$DelayedWorkQueue.take(ScheduledThreadPoolExecutor.java:809)
        at java.util.concurrent.ThreadPoolExecutor.getTask(ThreadPoolExecutor.java:1074)
        at java.util.concurrent.ThreadPoolExecutor.runWorker(ThreadPoolExecutor.java:1134)
        at java.util.concurrent.ThreadPoolExecutor$Worker.run(ThreadPoolExecutor.java:624)
        at java.lang.Thread.run(Thread.java:750)
"ChunkReader-ELG-0" daemon prio=5 tid=451 runnable
java.lang.Thread.State: RUNNABLE
        at org.apache.ratis.thirdparty.io.netty.channel.epoll.Native.epollWait0(Native Method)
        at org.apache.ratis.thirdparty.io.netty.channel.epoll.Native.epollWait(Native.java:182)
        at org.apache.ratis.thirdparty.io.netty.channel.epoll.EpollEventLoop.epollWait(EpollEventLoop.java:290)
        at org.apache.ratis.thirdparty.io.netty.channel.epoll.EpollEventLoop.run(EpollEventLoop.java:354)
        at org.apache.ratis.thirdparty.io.netty.util.concurrent.SingleThreadEventExecutor$4.run(SingleThreadEventExecutor.java:995)
        at org.apache.ratis.thirdparty.io.netty.util.internal.ThreadExecutorMap$2.run(ThreadExecutorMap.java:74)
        at java.lang.Thread.run(Thread.java:750)
"e349f11f-4d2d-4584-922f-e3c208c9e657-server-thread1" daemon prio=5 tid=862 timed_waiting
java.lang.Thread.State: TIMED_WAITING
        at sun.misc.Unsafe.park(Native Method)
        at java.util.concurrent.locks.LockSupport.parkNanos(LockSupport.java:215)
        at java.util.concurrent.SynchronousQueue$TransferStack.awaitFulfill(SynchronousQueue.java:460)
        at java.util.concurrent.SynchronousQueue$TransferStack.transfer(SynchronousQueue.java:362)
        at java.util.concurrent.SynchronousQueue.poll(SynchronousQueue.java:941)
        at java.util.concurrent.ThreadPoolExecutor.getTask(ThreadPoolExecutor.java:1073)
        at java.util.concurrent.ThreadPoolExecutor.runWorker(ThreadPoolExecutor.java:1134)
        at java.util.concurrent.ThreadPoolExecutor$Worker.run(ThreadPoolExecutor.java:624)
        at java.lang.Thread.run(Thread.java:750)
"IPC Server handler 2 on default port 34145" daemon prio=5 tid=146 timed_waiting
java.lang.Thread.State: TIMED_WAITING
        at sun.misc.Unsafe.park(Native Method)
        at java.util.concurrent.locks.LockSupport.parkNanos(LockSupport.java:215)
        at java.util.concurrent.locks.AbstractQueuedSynchronizer$ConditionObject.awaitNanos(AbstractQueuedSynchronizer.java:2078)
        at java.util.concurrent.LinkedBlockingQueue.poll(LinkedBlockingQueue.java:467)
        at org.apache.hadoop.ipc.CallQueueManager.take(CallQueueManager.java:317)
        at org.apache.hadoop.ipc.Server$Handler.run(Server.java:2942)
"OpenKeyCleanupService#0" daemon prio=5 tid=133 timed_waiting
java.lang.Thread.State: TIMED_WAITING
        at sun.misc.Unsafe.park(Native Method)
        at java.util.concurrent.locks.LockSupport.parkNanos(LockSupport.java:215)
        at java.util.concurrent.locks.AbstractQueuedSynchronizer$ConditionObject.awaitNanos(AbstractQueuedSynchronizer.java:2078)
        at java.util.concurrent.ScheduledThreadPoolExecutor$DelayedWorkQueue.take(ScheduledThreadPoolExecutor.java:1093)
        at java.util.concurrent.ScheduledThreadPoolExecutor$DelayedWorkQueue.take(ScheduledThreadPoolExecutor.java:809)
        at java.util.concurrent.ThreadPoolExecutor.getTask(ThreadPoolExecutor.java:1074)
        at java.util.concurrent.ThreadPoolExecutor.runWorker(ThreadPoolExecutor.java:1134)
        at java.util.concurrent.ThreadPoolExecutor$Worker.run(ThreadPoolExecutor.java:624)
        at java.lang.Thread.run(Thread.java:750)
"IPC Server handler 13 on default port 34145" daemon prio=5 tid=157 timed_waiting
java.lang.Thread.State: TIMED_WAITING
        at sun.misc.Unsafe.park(Native Method)
        at java.util.concurrent.locks.LockSupport.parkNanos(LockSupport.java:215)
        at java.util.concurrent.locks.AbstractQueuedSynchronizer$ConditionObject.awaitNanos(AbstractQueuedSynchronizer.java:2078)
        at java.util.concurrent.LinkedBlockingQueue.poll(LinkedBlockingQueue.java:467)
        at org.apache.hadoop.ipc.CallQueueManager.take(CallQueueManager.java:317)
        at org.apache.hadoop.ipc.Server$Handler.run(Server.java:2942)
"CommandWatcher-LeaseManager#LeaseMonitor" daemon prio=5 tid=36 timed_waiting
java.lang.Thread.State: TIMED_WAITING
        at java.lang.Object.wait(Native Method)
        at org.apache.hadoop.ozone.lease.LeaseManager$LeaseMonitor.run(LeaseManager.java:238)
        at java.lang.Thread.run(Thread.java:750)
"qtp1069632960-106" daemon prio=5 tid=106 timed_waiting
java.lang.Thread.State: TIMED_WAITING
        at sun.misc.Unsafe.park(Native Method)
        at java.util.concurrent.locks.LockSupport.parkNanos(LockSupport.java:215)
        at java.util.concurrent.locks.AbstractQueuedSynchronizer$ConditionObject.awaitNanos(AbstractQueuedSynchronizer.java:2078)
        at org.eclipse.jetty.util.BlockingArrayQueue.poll(BlockingArrayQueue.java:382)
        at org.eclipse.jetty.util.thread.QueuedThreadPool$Runner.idleJobPoll(QueuedThreadPool.java:974)
        at org.eclipse.jetty.util.thread.QueuedThreadPool$Runner.run(QueuedThreadPool.java:1018)
        at java.lang.Thread.run(Thread.java:750)
"Datanode ReportManager Thread - 2" daemon prio=5 tid=266 timed_waiting
java.lang.Thread.State: TIMED_WAITING
        at sun.misc.Unsafe.park(Native Method)
        at java.util.concurrent.locks.LockSupport.parkNanos(LockSupport.java:215)
        at java.util.concurrent.locks.AbstractQueuedSynchronizer$ConditionObject.awaitNanos(AbstractQueuedSynchronizer.java:2078)
        at java.util.concurrent.ScheduledThreadPoolExecutor$DelayedWorkQueue.take(ScheduledThreadPoolExecutor.java:1093)
        at java.util.concurrent.ScheduledThreadPoolExecutor$DelayedWorkQueue.take(ScheduledThreadPoolExecutor.java:809)
        at java.util.concurrent.ThreadPoolExecutor.getTask(ThreadPoolExecutor.java:1074)
        at java.util.concurrent.ThreadPoolExecutor.runWorker(ThreadPoolExecutor.java:1134)
        at java.util.concurrent.ThreadPoolExecutor$Worker.run(ThreadPoolExecutor.java:624)
        at java.lang.Thread.run(Thread.java:750)
"Session-HouseKeeper-3a4a86a9-1"  prio=5 tid=314 timed_waiting
java.lang.Thread.State: TIMED_WAITING
        at sun.misc.Unsafe.park(Native Method)
        at java.util.concurrent.locks.LockSupport.parkNanos(LockSupport.java:215)
        at java.util.concurrent.locks.AbstractQueuedSynchronizer$ConditionObject.awaitNanos(AbstractQueuedSynchronizer.java:2078)
        at java.util.concurrent.ScheduledThreadPoolExecutor$DelayedWorkQueue.take(ScheduledThreadPoolExecutor.java:1093)
        at java.util.concurrent.ScheduledThreadPoolExecutor$DelayedWorkQueue.take(ScheduledThreadPoolExecutor.java:809)
        at java.util.concurrent.ThreadPoolExecutor.getTask(ThreadPoolExecutor.java:1074)
        at java.util.concurrent.ThreadPoolExecutor.runWorker(ThreadPoolExecutor.java:1134)
        at java.util.concurrent.ThreadPoolExecutor$Worker.run(ThreadPoolExecutor.java:624)
        at java.lang.Thread.run(Thread.java:750)
"IPC Server handler 18 on default port 45015" daemon prio=5 tid=75 timed_waiting
java.lang.Thread.State: TIMED_WAITING
        at sun.misc.Unsafe.park(Native Method)
        at java.util.concurrent.locks.LockSupport.parkNanos(LockSupport.java:215)
        at java.util.concurrent.locks.AbstractQueuedSynchronizer$ConditionObject.awaitNanos(AbstractQueuedSynchronizer.java:2078)
        at java.util.concurrent.LinkedBlockingQueue.poll(LinkedBlockingQueue.java:467)
        at org.apache.hadoop.ipc.CallQueueManager.take(CallQueueManager.java:317)
        at org.apache.hadoop.ipc.Server$Handler.run(Server.java:2942)
"ChunkWriter-1-0" daemon prio=5 tid=480 in Object.wait()
java.lang.Thread.State: WAITING (on object monitor)
        at sun.misc.Unsafe.park(Native Method)
        at java.util.concurrent.locks.LockSupport.park(LockSupport.java:175)
        at java.util.concurrent.locks.AbstractQueuedSynchronizer$ConditionObject.await(AbstractQueuedSynchronizer.java:2039)
        at java.util.concurrent.LinkedBlockingDeque.takeFirst(LinkedBlockingDeque.java:492)
        at java.util.concurrent.LinkedBlockingDeque.take(LinkedBlockingDeque.java:680)
        at java.util.concurrent.ThreadPoolExecutor.getTask(ThreadPoolExecutor.java:1074)
        at java.util.concurrent.ThreadPoolExecutor.runWorker(ThreadPoolExecutor.java:1134)
        at java.util.concurrent.ThreadPoolExecutor$Worker.run(ThreadPoolExecutor.java:624)
        at java.lang.Thread.run(Thread.java:750)
"pool-111-thread-1" daemon prio=5 tid=223 timed_waiting
java.lang.Thread.State: TIMED_WAITING
        at sun.misc.Unsafe.park(Native Method)
        at java.util.concurrent.locks.LockSupport.parkNanos(LockSupport.java:215)
        at java.util.concurrent.locks.AbstractQueuedSynchronizer$ConditionObject.awaitNanos(AbstractQueuedSynchronizer.java:2078)
        at java.util.concurrent.ScheduledThreadPoolExecutor$DelayedWorkQueue.take(ScheduledThreadPoolExecutor.java:1093)
        at java.util.concurrent.ScheduledThreadPoolExecutor$DelayedWorkQueue.take(ScheduledThreadPoolExecutor.java:809)
        at java.util.concurrent.ThreadPoolExecutor.getTask(ThreadPoolExecutor.java:1074)
        at java.util.concurrent.ThreadPoolExecutor.runWorker(ThreadPoolExecutor.java:1134)
        at java.util.concurrent.ThreadPoolExecutor$Worker.run(ThreadPoolExecutor.java:624)
        at java.lang.Thread.run(Thread.java:750)
"Datanode State Machine Daemon Thread" daemon prio=5 tid=315 timed_waiting
java.lang.Thread.State: TIMED_WAITING
        at java.lang.Thread.sleep(Native Method)
        at org.apache.hadoop.ozone.container.common.statemachine.DatanodeStateMachine.startStateMachineThread(DatanodeStateMachine.java:318)
        at org.apache.hadoop.ozone.container.common.statemachine.DatanodeStateMachine.lambda$startDaemon$0(DatanodeStateMachine.java:499)
        at org.apache.hadoop.ozone.container.common.statemachine.DatanodeStateMachine$$Lambda$745/1685415106.run(Unknown Source)
        at java.lang.Thread.run(Thread.java:750)
"pool-157-thread-1" daemon prio=5 tid=275 timed_waiting
java.lang.Thread.State: TIMED_WAITING
        at sun.misc.Unsafe.park(Native Method)
        at java.util.concurrent.locks.LockSupport.parkNanos(LockSupport.java:215)
        at java.util.concurrent.locks.AbstractQueuedSynchronizer$ConditionObject.awaitNanos(AbstractQueuedSynchronizer.java:2078)
        at java.util.concurrent.ScheduledThreadPoolExecutor$DelayedWorkQueue.take(ScheduledThreadPoolExecutor.java:1093)
        at java.util.concurrent.ScheduledThreadPoolExecutor$DelayedWorkQueue.take(ScheduledThreadPoolExecutor.java:809)
        at java.util.concurrent.ThreadPoolExecutor.getTask(ThreadPoolExecutor.java:1074)
        at java.util.concurrent.ThreadPoolExecutor.runWorker(ThreadPoolExecutor.java:1134)
        at java.util.concurrent.ThreadPoolExecutor$Worker.run(ThreadPoolExecutor.java:624)
        at java.lang.Thread.run(Thread.java:750)
"ExpiredContainerReplicaOpScrubberThread" daemon prio=5 tid=17 timed_waiting
java.lang.Thread.State: TIMED_WAITING
        at java.lang.Object.wait(Native Method)
        at org.apache.hadoop.hdds.scm.ha.BackgroundSCMService.run(BackgroundSCMService.java:110)
        at org.apache.hadoop.hdds.scm.ha.BackgroundSCMService$$Lambda$374/192264336.run(Unknown Source)
        at java.lang.Thread.run(Thread.java:750)
"63ee6728-2597-4353-a315-509fdfe6db5e@group-9278B7B813B0-LeaderStateImpl" daemon prio=5 tid=857 timed_waiting
java.lang.Thread.State: TIMED_WAITING
        at sun.misc.Unsafe.park(Native Method)
        at java.util.concurrent.locks.LockSupport.parkNanos(LockSupport.java:215)
        at java.util.concurrent.locks.AbstractQueuedSynchronizer$ConditionObject.awaitNanos(AbstractQueuedSynchronizer.java:2078)
        at java.util.concurrent.ArrayBlockingQueue.poll(ArrayBlockingQueue.java:418)
        at org.apache.ratis.server.impl.LeaderStateImpl$EventQueue.poll(LeaderStateImpl.java:159)
        at org.apache.ratis.server.impl.LeaderStateImpl$EventProcessor.run(LeaderStateImpl.java:630)
"DatanodeAdminManager-0" daemon prio=5 tid=21 timed_waiting
java.lang.Thread.State: TIMED_WAITING
        at sun.misc.Unsafe.park(Native Method)
        at java.util.concurrent.locks.LockSupport.parkNanos(LockSupport.java:215)
        at java.util.concurrent.locks.AbstractQueuedSynchronizer$ConditionObject.awaitNanos(AbstractQueuedSynchronizer.java:2078)
        at java.util.concurrent.ScheduledThreadPoolExecutor$DelayedWorkQueue.take(ScheduledThreadPoolExecutor.java:1093)
        at java.util.concurrent.ScheduledThreadPoolExecutor$DelayedWorkQueue.take(ScheduledThreadPoolExecutor.java:809)
        at java.util.concurrent.ThreadPoolExecutor.getTask(ThreadPoolExecutor.java:1074)
        at java.util.concurrent.ThreadPoolExecutor.runWorker(ThreadPoolExecutor.java:1134)
        at java.util.concurrent.ThreadPoolExecutor$Worker.run(ThreadPoolExecutor.java:624)
        at java.lang.Thread.run(Thread.java:750)
"7c8777a1-edfb-4633-85a4-b901f2ed1d17@group-5F9C72BD7F3F-LeaderStateImpl" daemon prio=5 tid=774 timed_waiting
java.lang.Thread.State: TIMED_WAITING
        at sun.misc.Unsafe.park(Native Method)
        at java.util.concurrent.locks.LockSupport.parkNanos(LockSupport.java:215)
        at java.util.concurrent.locks.AbstractQueuedSynchronizer$ConditionObject.awaitNanos(AbstractQueuedSynchronizer.java:2078)
        at java.util.concurrent.ArrayBlockingQueue.poll(ArrayBlockingQueue.java:418)
        at org.apache.ratis.server.impl.LeaderStateImpl$EventQueue.poll(LeaderStateImpl.java:159)
        at org.apache.ratis.server.impl.LeaderStateImpl$EventProcessor.run(LeaderStateImpl.java:630)
"63ee6728-2597-4353-a315-509fdfe6db5e@group-D99577696E18-SegmentedRaftLogWorker"  prio=5 tid=623 timed_waiting
java.lang.Thread.State: TIMED_WAITING
        at sun.misc.Unsafe.park(Native Method)
        at java.util.concurrent.locks.LockSupport.parkNanos(LockSupport.java:215)
        at java.util.concurrent.locks.AbstractQueuedSynchronizer$ConditionObject.awaitNanos(AbstractQueuedSynchronizer.java:2078)
        at org.apache.ratis.util.DataBlockingQueue.poll(DataBlockingQueue.java:148)
        at org.apache.ratis.server.raftlog.segmented.SegmentedRaftLogWorker.run(SegmentedRaftLogWorker.java:310)
        at org.apache.ratis.server.raftlog.segmented.SegmentedRaftLogWorker$$Lambda$661/1174177291.run(Unknown Source)
        at java.lang.Thread.run(Thread.java:750)
"JvmPauseMonitor6" daemon prio=5 tid=495 timed_waiting
java.lang.Thread.State: TIMED_WAITING
        at java.lang.Thread.sleep(Native Method)
        at java.lang.Thread.sleep(Thread.java:342)
        at java.util.concurrent.TimeUnit.sleep(TimeUnit.java:386)
        at org.apache.ratis.util.TimeDuration.sleep(TimeDuration.java:325)
        at org.apache.ratis.util.TimeDuration.sleep(TimeDuration.java:310)
        at org.apache.ratis.util.JvmPauseMonitor.detectPause(JvmPauseMonitor.java:119)
        at org.apache.ratis.util.JvmPauseMonitor.run(JvmPauseMonitor.java:108)
        at org.apache.ratis.util.JvmPauseMonitor$$Lambda$702/1444742025.run(Unknown Source)
        at java.lang.Thread.run(Thread.java:750)
"ChunkWriter-0-0" daemon prio=5 tid=353 in Object.wait()
java.lang.Thread.State: WAITING (on object monitor)
        at sun.misc.Unsafe.park(Native Method)
        at java.util.concurrent.locks.LockSupport.park(LockSupport.java:175)
        at java.util.concurrent.locks.AbstractQueuedSynchronizer$ConditionObject.await(AbstractQueuedSynchronizer.java:2039)
        at java.util.concurrent.LinkedBlockingDeque.takeFirst(LinkedBlockingDeque.java:492)
        at java.util.concurrent.LinkedBlockingDeque.take(LinkedBlockingDeque.java:680)
        at java.util.concurrent.ThreadPoolExecutor.getTask(ThreadPoolExecutor.java:1074)
        at java.util.concurrent.ThreadPoolExecutor.runWorker(ThreadPoolExecutor.java:1134)
        at java.util.concurrent.ThreadPoolExecutor$Worker.run(ThreadPoolExecutor.java:624)
        at java.lang.Thread.run(Thread.java:750)
"Listener at 127.0.0.1/34145"  prio=5 tid=1 runnable
java.lang.Thread.State: RUNNABLE
        at java.lang.Thread.dumpThreads(Native Method)
        at java.lang.Thread.getAllStackTraces(Thread.java:1615)
        at org.apache.ozone.test.TimedOutTestsListener.buildThreadDump(TimedOutTestsListener.java:93)
        at org.apache.ozone.test.TimedOutTestsListener.buildThreadDiagnosticString(TimedOutTestsListener.java:79)
        at org.apache.ozone.test.GenericTestUtils.waitFor(GenericTestUtils.java:224)
        at org.apache.hadoop.ozone.container.TestECContainerRecovery.waitForContainerCount(TestECContainerRecovery.java:265)
        at org.apache.hadoop.ozone.container.TestECContainerRecovery.testContainerRecoveryOverReplicationProcessing(TestECContainerRecovery.java:209)
        at sun.reflect.NativeMethodAccessorImpl.invoke0(Native Method)
        at sun.reflect.NativeMethodAccessorImpl.invoke(NativeMethodAccessorImpl.java:62)
        at sun.reflect.DelegatingMethodAccessorImpl.invoke(DelegatingMethodAccessorImpl.java:43)
        at java.lang.reflect.Method.invoke(Method.java:498)
        at org.junit.platform.commons.util.ReflectionUtils.invokeMethod(ReflectionUtils.java:725)
        at org.junit.jupiter.engine.execution.MethodInvocation.proceed(MethodInvocation.java:60)
        at org.junit.jupiter.engine.execution.InvocationInterceptorChain$ValidatingInvocation.proceed(InvocationInterceptorChain.java:131)
        at org.junit.jupiter.engine.extension.TimeoutExtension.intercept(TimeoutExtension.java:149)
        at org.junit.jupiter.engine.extension.TimeoutExtension.interceptTestableMethod(TimeoutExtension.java:140)
        at org.junit.jupiter.engine.extension.TimeoutExtension.interceptTestMethod(TimeoutExtension.java:84)
        at org.junit.jupiter.engine.descriptor.TestMethodTestDescriptor$$Lambda$158/977552154.apply(Unknown Source)
        at org.junit.jupiter.engine.execution.ExecutableInvoker$ReflectiveInterceptorCall.lambda$ofVoidMethod$0(ExecutableInvoker.java:115)
        at org.junit.jupiter.engine.execution.ExecutableInvoker$ReflectiveInterceptorCall$$Lambda$159/1208203046.apply(Unknown Source)
        at org.junit.jupiter.engine.execution.ExecutableInvoker.lambda$invoke$0(ExecutableInvoker.java:105)
        at org.junit.jupiter.engine.execution.ExecutableInvoker$$Lambda$314/41489123.apply(Unknown Source)
        at org.junit.jupiter.engine.execution.InvocationInterceptorChain$InterceptedInvocation.proceed(InvocationInterceptorChain.java:106)
        at org.junit.jupiter.engine.execution.InvocationInterceptorChain.proceed(InvocationInterceptorChain.java:64)
        at org.junit.jupiter.engine.execution.InvocationInterceptorChain.chainAndInvoke(InvocationInterceptorChain.java:45)
        at org.junit.jupiter.engine.execution.InvocationInterceptorChain.invoke(InvocationInterceptorChain.java:37)
        at org.junit.jupiter.engine.execution.ExecutableInvoker.invoke(ExecutableInvoker.java:104)
        at org.junit.jupiter.engine.execution.ExecutableInvoker.invoke(ExecutableInvoker.java:98)
        at org.junit.jupiter.engine.descriptor.TestMethodTestDescriptor.lambda$invokeTestMethod$7(TestMethodTestDescriptor.java:214)
        at org.junit.jupiter.engine.descriptor.TestMethodTestDescriptor$$Lambda$1161/1654246331.execute(Unknown Source)
        at org.junit.platform.engine.support.hierarchical.ThrowableCollector.execute(ThrowableCollector.java:73)
        at org.junit.jupiter.engine.descriptor.TestMethodTestDescriptor.invokeTestMethod(TestMethodTestDescriptor.java:210)
        at org.junit.jupiter.engine.descriptor.TestMethodTestDescriptor.execute(TestMethodTestDescriptor.java:135)
        at org.junit.jupiter.engine.descriptor.TestMethodTestDescriptor.execute(TestMethodTestDescriptor.java:66)
        at org.junit.platform.engine.support.hierarchical.NodeTestTask.lambda$executeRecursively$6(NodeTestTask.java:151)
        at org.junit.platform.engine.support.hierarchical.NodeTestTask$$Lambda$258/352367347.execute(Unknown Source)
        at org.junit.platform.engine.support.hierarchical.ThrowableCollector.execute(ThrowableCollector.java:73)
        at org.junit.platform.engine.support.hierarchical.NodeTestTask.lambda$executeRecursively$8(NodeTestTask.java:141)
        at org.junit.platform.engine.support.hierarchical.NodeTestTask$$Lambda$257/684566052.invoke(Unknown Source)
        at org.junit.platform.engine.support.hierarchical.Node.around(Node.java:137)
        at org.junit.platform.engine.support.hierarchical.NodeTestTask.lambda$executeRecursively$9(NodeTestTask.java:139)
        at org.junit.platform.engine.support.hierarchical.NodeTestTask$$Lambda$256/1396721535.execute(Unknown Source)
        at org.junit.platform.engine.support.hierarchical.ThrowableCollector.execute(ThrowableCollector.java:73)
        at org.junit.platform.engine.support.hierarchical.NodeTestTask.executeRecursively(NodeTestTask.java:138)
        at org.junit.platform.engine.support.hierarchical.NodeTestTask.execute(NodeTestTask.java:95)
        at org.junit.platform.engine.support.hierarchical.SameThreadHierarchicalTestExecutorService$$Lambda$262/1383519982.accept(Unknown Source)
        at java.util.ArrayList.forEach(ArrayList.java:1259)
        at org.junit.platform.engine.support.hierarchical.SameThreadHierarchicalTestExecutorService.invokeAll(SameThreadHierarchicalTestExecutorService.java:41)
        at org.junit.platform.engine.support.hierarchical.NodeTestTask.lambda$executeRecursively$6(NodeTestTask.java:155)
        at org.junit.platform.engine.support.hierarchical.NodeTestTask$$Lambda$258/352367347.execute(Unknown Source)
        at org.junit.platform.engine.support.hierarchical.ThrowableCollector.execute(ThrowableCollector.java:73)
        at org.junit.platform.engine.support.hierarchical.NodeTestTask.lambda$executeRecursively$8(NodeTestTask.java:141)
        at org.junit.platform.engine.support.hierarchical.NodeTestTask$$Lambda$257/684566052.invoke(Unknown Source)
        at org.junit.platform.engine.support.hierarchical.Node.around(Node.java:137)
        at org.junit.platform.engine.support.hierarchical.NodeTestTask.lambda$executeRecursively$9(NodeTestTask.java:139)
        at org.junit.platform.engine.support.hierarchical.NodeTestTask$$Lambda$256/1396721535.execute(Unknown Source)
        at org.junit.platform.engine.support.hierarchical.ThrowableCollector.execute(ThrowableCollector.java:73)
        at org.junit.platform.engine.support.hierarchical.NodeTestTask.executeRecursively(NodeTestTask.java:138)
        at org.junit.platform.engine.support.hierarchical.NodeTestTask.execute(NodeTestTask.java:95)
        at org.junit.platform.engine.support.hierarchical.SameThreadHierarchicalTestExecutorService$$Lambda$262/1383519982.accept(Unknown Source)
        at java.util.ArrayList.forEach(ArrayList.java:1259)
        at org.junit.platform.engine.support.hierarchical.SameThreadHierarchicalTestExecutorService.invokeAll(SameThreadHierarchicalTestExecutorService.java:41)
        at org.junit.platform.engine.support.hierarchical.NodeTestTask.lambda$executeRecursively$6(NodeTestTask.java:155)
        at org.junit.platform.engine.support.hierarchical.NodeTestTask$$Lambda$258/352367347.execute(Unknown Source)
        at org.junit.platform.engine.support.hierarchical.ThrowableCollector.execute(ThrowableCollector.java:73)
        at org.junit.platform.engine.support.hierarchical.NodeTestTask.lambda$executeRecursively$8(NodeTestTask.java:141)
        at org.junit.platform.engine.support.hierarchical.NodeTestTask$$Lambda$257/684566052.invoke(Unknown Source)
        at org.junit.platform.engine.support.hierarchical.Node.around(Node.java:137)
        at org.junit.platform.engine.support.hierarchical.NodeTestTask.lambda$executeRecursively$9(NodeTestTask.java:139)
        at org.junit.platform.engine.support.hierarchical.NodeTestTask$$Lambda$256/1396721535.execute(Unknown Source)
        at org.junit.platform.engine.support.hierarchical.ThrowableCollector.execute(ThrowableCollector.java:73)
        at org.junit.platform.engine.support.hierarchical.NodeTestTask.executeRecursively(NodeTestTask.java:138)
        at org.junit.platform.engine.support.hierarchical.NodeTestTask.execute(NodeTestTask.java:95)
        at org.junit.platform.engine.support.hierarchical.SameThreadHierarchicalTestExecutorService.submit(SameThreadHierarchicalTestExecutorService.java:35)
        at org.junit.platform.engine.support.hierarchical.HierarchicalTestExecutor.execute(HierarchicalTestExecutor.java:57)
        at org.junit.platform.engine.support.hierarchical.HierarchicalTestEngine.execute(HierarchicalTestEngine.java:54)
        at org.junit.platform.launcher.core.EngineExecutionOrchestrator.execute(EngineExecutionOrchestrator.java:107)
        at org.junit.platform.launcher.core.EngineExecutionOrchestrator.execute(EngineExecutionOrchestrator.java:88)
        at org.junit.platform.launcher.core.EngineExecutionOrchestrator.lambda$execute$0(EngineExecutionOrchestrator.java:54)
        at org.junit.platform.launcher.core.EngineExecutionOrchestrator$$Lambda$214/1208442275.accept(Unknown Source)
        at org.junit.platform.launcher.core.EngineExecutionOrchestrator.withInterceptedStreams(EngineExecutionOrchestrator.java:67)
        at org.junit.platform.launcher.core.EngineExecutionOrchestrator.execute(EngineExecutionOrchestrator.java:52)
        at org.junit.platform.launcher.core.DefaultLauncher.execute(DefaultLauncher.java:114)
        at org.junit.platform.launcher.core.DefaultLauncher.execute(DefaultLauncher.java:86)
        at org.junit.platform.launcher.core.DefaultLauncherSession$DelegatingLauncher.execute(DefaultLauncherSession.java:86)
        at org.junit.platform.launcher.core.SessionPerRequestLauncher.execute(SessionPerRequestLauncher.java:53)
        at org.apache.maven.surefire.junitplatform.JUnitPlatformProvider.execute(JUnitPlatformProvider.java:188)
        at org.apache.maven.surefire.junitplatform.JUnitPlatformProvider.invokeAllTests(JUnitPlatformProvider.java:154)
        at org.apache.maven.surefire.junitplatform.JUnitPlatformProvider.invoke(JUnitPlatformProvider.java:124)
        at org.apache.maven.surefire.booter.ForkedBooter.runSuitesInProcess(ForkedBooter.java:428)
        at org.apache.maven.surefire.booter.ForkedBooter.execute(ForkedBooter.java:162)
        at org.apache.maven.surefire.booter.ForkedBooter.run(ForkedBooter.java:562)
        at org.apache.maven.surefire.booter.ForkedBooter.main(ForkedBooter.java:548)
"IPC Server handler 1 on default port 45015" daemon prio=5 tid=58 timed_waiting
java.lang.Thread.State: TIMED_WAITING
        at sun.misc.Unsafe.park(Native Method)
        at java.util.concurrent.locks.LockSupport.parkNanos(LockSupport.java:215)
        at java.util.concurrent.locks.AbstractQueuedSynchronizer$ConditionObject.awaitNanos(AbstractQueuedSynchronizer.java:2078)
        at java.util.concurrent.LinkedBlockingQueue.poll(LinkedBlockingQueue.java:467)
        at org.apache.hadoop.ipc.CallQueueManager.take(CallQueueManager.java:317)
        at org.apache.hadoop.ipc.Server$Handler.run(Server.java:2942)
"Datanode State Machine Task Thread - 1"  prio=5 tid=465 in Object.wait()
java.lang.Thread.State: WAITING (on object monitor)
        at sun.misc.Unsafe.park(Native Method)
        at java.util.concurrent.locks.LockSupport.park(LockSupport.java:175)
        at java.util.concurrent.locks.AbstractQueuedSynchronizer$ConditionObject.await(AbstractQueuedSynchronizer.java:2039)
        at java.util.concurrent.LinkedBlockingQueue.take(LinkedBlockingQueue.java:442)
        at java.util.concurrent.ThreadPoolExecutor.getTask(ThreadPoolExecutor.java:1074)
        at java.util.concurrent.ThreadPoolExecutor.runWorker(ThreadPoolExecutor.java:1134)
        at java.util.concurrent.ThreadPoolExecutor$Worker.run(ThreadPoolExecutor.java:624)
        at java.lang.Thread.run(Thread.java:750)
"Datanode State Machine Daemon Thread" daemon prio=5 tid=289 timed_waiting
java.lang.Thread.State: TIMED_WAITING
        at java.lang.Thread.sleep(Native Method)
        at org.apache.hadoop.ozone.container.common.statemachine.DatanodeStateMachine.startStateMachineThread(DatanodeStateMachine.java:318)
        at org.apache.hadoop.ozone.container.common.statemachine.DatanodeStateMachine.lambda$startDaemon$0(DatanodeStateMachine.java:499)
        at org.apache.hadoop.ozone.container.common.statemachine.DatanodeStateMachine$$Lambda$745/1685415106.run(Unknown Source)
        at java.lang.Thread.run(Thread.java:750)
"IPC Server handler 18 on default port 45633" daemon prio=5 tid=95 timed_waiting
java.lang.Thread.State: TIMED_WAITING
        at sun.misc.Unsafe.park(Native Method)
        at java.util.concurrent.locks.LockSupport.parkNanos(LockSupport.java:215)
        at java.util.concurrent.locks.AbstractQueuedSynchronizer$ConditionObject.awaitNanos(AbstractQueuedSynchronizer.java:2078)
        at java.util.concurrent.LinkedBlockingQueue.poll(LinkedBlockingQueue.java:467)
        at org.apache.hadoop.ipc.CallQueueManager.take(CallQueueManager.java:317)
        at org.apache.hadoop.ipc.Server$Handler.run(Server.java:2942)
"IPC Server handler 17 on default port 45703" daemon prio=5 tid=54 timed_waiting
java.lang.Thread.State: TIMED_WAITING
        at sun.misc.Unsafe.park(Native Method)
        at java.util.concurrent.locks.LockSupport.parkNanos(LockSupport.java:215)
        at java.util.concurrent.locks.AbstractQueuedSynchronizer$ConditionObject.awaitNanos(AbstractQueuedSynchronizer.java:2078)
        at java.util.concurrent.LinkedBlockingQueue.poll(LinkedBlockingQueue.java:467)
        at org.apache.hadoop.ipc.CallQueueManager.take(CallQueueManager.java:317)
        at org.apache.hadoop.ipc.Server$Handler.run(Server.java:2942)
"timer2" daemon prio=5 tid=689 timed_waiting
java.lang.Thread.State: TIMED_WAITING
        at java.lang.Object.wait(Native Method)
        at java.util.TimerThread.mainLoop(Timer.java:552)
        at java.util.TimerThread.run(Timer.java:505)
"EndpointStateMachine task thread for /0.0.0.0:45633 - 0 "  prio=5 tid=547 in Object.wait()
java.lang.Thread.State: WAITING (on object monitor)
        at sun.misc.Unsafe.park(Native Method)
        at java.util.concurrent.locks.LockSupport.park(LockSupport.java:175)
        at java.util.concurrent.locks.AbstractQueuedSynchronizer$ConditionObject.await(AbstractQueuedSynchronizer.java:2039)
        at java.util.concurrent.LinkedBlockingQueue.take(LinkedBlockingQueue.java:442)
        at java.util.concurrent.ThreadPoolExecutor.getTask(ThreadPoolExecutor.java:1074)
        at java.util.concurrent.ThreadPoolExecutor.runWorker(ThreadPoolExecutor.java:1134)
        at java.util.concurrent.ThreadPoolExecutor$Worker.run(ThreadPoolExecutor.java:624)
        at java.lang.Thread.run(Thread.java:750)
"qtp662442178-376" daemon prio=5 tid=376 timed_waiting
java.lang.Thread.State: TIMED_WAITING
        at sun.misc.Unsafe.park(Native Method)
        at java.util.concurrent.locks.LockSupport.parkNanos(LockSupport.java:215)
        at java.util.concurrent.locks.AbstractQueuedSynchronizer$ConditionObject.awaitNanos(AbstractQueuedSynchronizer.java:2078)
        at org.eclipse.jetty.util.BlockingArrayQueue.poll(BlockingArrayQueue.java:382)
        at org.eclipse.jetty.util.thread.QueuedThreadPool$Runner.idleJobPoll(QueuedThreadPool.java:974)
        at org.eclipse.jetty.util.thread.QueuedThreadPool$Runner.run(QueuedThreadPool.java:1018)
        at java.lang.Thread.run(Thread.java:750)
"IPC Server handler 19 on default port 45015" daemon prio=5 tid=76 timed_waiting
java.lang.Thread.State: TIMED_WAITING
        at sun.misc.Unsafe.park(Native Method)
        at java.util.concurrent.locks.LockSupport.parkNanos(LockSupport.java:215)
        at java.util.concurrent.locks.AbstractQueuedSynchronizer$ConditionObject.awaitNanos(AbstractQueuedSynchronizer.java:2078)
        at java.util.concurrent.LinkedBlockingQueue.poll(LinkedBlockingQueue.java:467)
        at org.apache.hadoop.ipc.CallQueueManager.take(CallQueueManager.java:317)
        at org.apache.hadoop.ipc.Server$Handler.run(Server.java:2942)
"075aeae4-9dac-4c28-be7c-8f8b2eb5b04f-server-thread4" daemon prio=5 tid=780 timed_waiting
java.lang.Thread.State: TIMED_WAITING
        at sun.misc.Unsafe.park(Native Method)
        at java.util.concurrent.locks.LockSupport.parkNanos(LockSupport.java:215)
        at java.util.concurrent.SynchronousQueue$TransferStack.awaitFulfill(SynchronousQueue.java:460)
        at java.util.concurrent.SynchronousQueue$TransferStack.transfer(SynchronousQueue.java:362)
        at java.util.concurrent.SynchronousQueue.poll(SynchronousQueue.java:941)
        at java.util.concurrent.ThreadPoolExecutor.getTask(ThreadPoolExecutor.java:1073)
        at java.util.concurrent.ThreadPoolExecutor.runWorker(ThreadPoolExecutor.java:1134)
        at java.util.concurrent.ThreadPoolExecutor$Worker.run(ThreadPoolExecutor.java:624)
        at java.lang.Thread.run(Thread.java:750)
"BlockDeletingService#0" daemon prio=5 tid=554 in Object.wait()
java.lang.Thread.State: WAITING (on object monitor)
        at sun.misc.Unsafe.park(Native Method)
        at java.util.concurrent.locks.LockSupport.park(LockSupport.java:175)
        at java.util.concurrent.locks.AbstractQueuedSynchronizer$ConditionObject.await(AbstractQueuedSynchronizer.java:2039)
        at java.util.concurrent.ScheduledThreadPoolExecutor$DelayedWorkQueue.take(ScheduledThreadPoolExecutor.java:1088)
        at java.util.concurrent.ScheduledThreadPoolExecutor$DelayedWorkQueue.take(ScheduledThreadPoolExecutor.java:809)
        at java.util.concurrent.ThreadPoolExecutor.getTask(ThreadPoolExecutor.java:1074)
        at java.util.concurrent.ThreadPoolExecutor.runWorker(ThreadPoolExecutor.java:1134)
        at java.util.concurrent.ThreadPoolExecutor$Worker.run(ThreadPoolExecutor.java:624)
        at java.lang.Thread.run(Thread.java:750)
"Datanode State Machine Daemon Thread" daemon prio=5 tid=418 timed_waiting
java.lang.Thread.State: TIMED_WAITING
        at java.lang.Thread.sleep(Native Method)
        at org.apache.hadoop.ozone.container.common.statemachine.DatanodeStateMachine.startStateMachineThread(DatanodeStateMachine.java:318)
        at org.apache.hadoop.ozone.container.common.statemachine.DatanodeStateMachine.lambda$startDaemon$0(DatanodeStateMachine.java:499)
        at org.apache.hadoop.ozone.container.common.statemachine.DatanodeStateMachine$$Lambda$745/1685415106.run(Unknown Source)
        at java.lang.Thread.run(Thread.java:750)
"Datanode ReportManager Thread - 1" daemon prio=5 tid=239 in Object.wait()
java.lang.Thread.State: WAITING (on object monitor)
        at sun.misc.Unsafe.park(Native Method)
        at java.util.concurrent.locks.LockSupport.park(LockSupport.java:175)
        at java.util.concurrent.locks.AbstractQueuedSynchronizer$ConditionObject.await(AbstractQueuedSynchronizer.java:2039)
        at java.util.concurrent.ScheduledThreadPoolExecutor$DelayedWorkQueue.take(ScheduledThreadPoolExecutor.java:1088)
        at java.util.concurrent.ScheduledThreadPoolExecutor$DelayedWorkQueue.take(ScheduledThreadPoolExecutor.java:809)
        at java.util.concurrent.ThreadPoolExecutor.getTask(ThreadPoolExecutor.java:1074)
        at java.util.concurrent.ThreadPoolExecutor.runWorker(ThreadPoolExecutor.java:1134)
        at java.util.concurrent.ThreadPoolExecutor$Worker.run(ThreadPoolExecutor.java:624)
        at java.lang.Thread.run(Thread.java:750)
"JvmPauseMonitor5" daemon prio=5 tid=483 timed_waiting
java.lang.Thread.State: TIMED_WAITING
        at java.lang.Thread.sleep(Native Method)
        at java.lang.Thread.sleep(Thread.java:342)
        at java.util.concurrent.TimeUnit.sleep(TimeUnit.java:386)
        at org.apache.ratis.util.TimeDuration.sleep(TimeDuration.java:325)
        at org.apache.ratis.util.TimeDuration.sleep(TimeDuration.java:310)
        at org.apache.ratis.util.JvmPauseMonitor.detectPause(JvmPauseMonitor.java:119)
        at org.apache.ratis.util.JvmPauseMonitor.run(JvmPauseMonitor.java:108)
        at org.apache.ratis.util.JvmPauseMonitor$$Lambda$702/1444742025.run(Unknown Source)
        at java.lang.Thread.run(Thread.java:750)
"IPC Server handler 8 on default port 45633" daemon prio=5 tid=85 timed_waiting
java.lang.Thread.State: TIMED_WAITING
        at sun.misc.Unsafe.park(Native Method)
        at java.util.concurrent.locks.LockSupport.parkNanos(LockSupport.java:215)
        at java.util.concurrent.locks.AbstractQueuedSynchronizer$ConditionObject.awaitNanos(AbstractQueuedSynchronizer.java:2078)
        at java.util.concurrent.LinkedBlockingQueue.poll(LinkedBlockingQueue.java:467)
        at org.apache.hadoop.ipc.CallQueueManager.take(CallQueueManager.java:317)
        at org.apache.hadoop.ipc.Server$Handler.run(Server.java:2942)
"63ee6728-2597-4353-a315-509fdfe6db5e-server-thread1" daemon prio=5 tid=737 timed_waiting
java.lang.Thread.State: TIMED_WAITING
        at sun.misc.Unsafe.park(Native Method)
        at java.util.concurrent.locks.LockSupport.parkNanos(LockSupport.java:215)
        at java.util.concurrent.SynchronousQueue$TransferStack.awaitFulfill(SynchronousQueue.java:460)
        at java.util.concurrent.SynchronousQueue$TransferStack.transfer(SynchronousQueue.java:362)
        at java.util.concurrent.SynchronousQueue.poll(SynchronousQueue.java:941)
        at java.util.concurrent.ThreadPoolExecutor.getTask(ThreadPoolExecutor.java:1073)
        at java.util.concurrent.ThreadPoolExecutor.runWorker(ThreadPoolExecutor.java:1134)
        at java.util.concurrent.ThreadPoolExecutor$Worker.run(ThreadPoolExecutor.java:624)
        at java.lang.Thread.run(Thread.java:750)
"StaleRecoveringContainerScrubbingService#2" daemon prio=5 tid=880 in Object.wait()
java.lang.Thread.State: WAITING (on object monitor)
        at sun.misc.Unsafe.park(Native Method)
        at java.util.concurrent.locks.LockSupport.park(LockSupport.java:175)
        at java.util.concurrent.locks.AbstractQueuedSynchronizer$ConditionObject.await(AbstractQueuedSynchronizer.java:2039)
        at java.util.concurrent.ScheduledThreadPoolExecutor$DelayedWorkQueue.take(ScheduledThreadPoolExecutor.java:1088)
        at java.util.concurrent.ScheduledThreadPoolExecutor$DelayedWorkQueue.take(ScheduledThreadPoolExecutor.java:809)
        at java.util.concurrent.ThreadPoolExecutor.getTask(ThreadPoolExecutor.java:1074)
        at java.util.concurrent.ThreadPoolExecutor.runWorker(ThreadPoolExecutor.java:1134)
        at java.util.concurrent.ThreadPoolExecutor$Worker.run(ThreadPoolExecutor.java:624)
        at java.lang.Thread.run(Thread.java:750)
"ChunkWriter-0-0" daemon prio=5 tid=510 in Object.wait()
java.lang.Thread.State: WAITING (on object monitor)
        at sun.misc.Unsafe.park(Native Method)
        at java.util.concurrent.locks.LockSupport.park(LockSupport.java:175)
        at java.util.concurrent.locks.AbstractQueuedSynchronizer$ConditionObject.await(AbstractQueuedSynchronizer.java:2039)
        at java.util.concurrent.LinkedBlockingDeque.takeFirst(LinkedBlockingDeque.java:492)
        at java.util.concurrent.LinkedBlockingDeque.take(LinkedBlockingDeque.java:680)
        at java.util.concurrent.ThreadPoolExecutor.getTask(ThreadPoolExecutor.java:1074)
        at java.util.concurrent.ThreadPoolExecutor.runWorker(ThreadPoolExecutor.java:1134)
        at java.util.concurrent.ThreadPoolExecutor$Worker.run(ThreadPoolExecutor.java:624)
        at java.lang.Thread.run(Thread.java:750)
"IPC Server handler 19 on default port 34145" daemon prio=5 tid=163 timed_waiting
java.lang.Thread.State: TIMED_WAITING
        at sun.misc.Unsafe.park(Native Method)
        at java.util.concurrent.locks.LockSupport.parkNanos(LockSupport.java:215)
        at java.util.concurrent.locks.AbstractQueuedSynchronizer$ConditionObject.awaitNanos(AbstractQueuedSynchronizer.java:2078)
        at java.util.concurrent.LinkedBlockingQueue.poll(LinkedBlockingQueue.java:467)
        at org.apache.hadoop.ipc.CallQueueManager.take(CallQueueManager.java:317)
        at org.apache.hadoop.ipc.Server$Handler.run(Server.java:2942)
"StaleRecoveringContainerScrubbingService#0" daemon prio=5 tid=543 in Object.wait()
java.lang.Thread.State: WAITING (on object monitor)
        at sun.misc.Unsafe.park(Native Method)
        at java.util.concurrent.locks.LockSupport.park(LockSupport.java:175)
        at java.util.concurrent.locks.AbstractQueuedSynchronizer$ConditionObject.await(AbstractQueuedSynchronizer.java:2039)
        at java.util.concurrent.ScheduledThreadPoolExecutor$DelayedWorkQueue.take(ScheduledThreadPoolExecutor.java:1088)
        at java.util.concurrent.ScheduledThreadPoolExecutor$DelayedWorkQueue.take(ScheduledThreadPoolExecutor.java:809)
        at java.util.concurrent.ThreadPoolExecutor.getTask(ThreadPoolExecutor.java:1074)
        at java.util.concurrent.ThreadPoolExecutor.runWorker(ThreadPoolExecutor.java:1134)
        at java.util.concurrent.ThreadPoolExecutor$Worker.run(ThreadPoolExecutor.java:624)
        at java.lang.Thread.run(Thread.java:750)
"EndpointStateMachine task thread for /0.0.0.0:45633 - 0 "  prio=5 tid=521 in Object.wait()
java.lang.Thread.State: WAITING (on object monitor)
        at sun.misc.Unsafe.park(Native Method)
        at java.util.concurrent.locks.LockSupport.park(LockSupport.java:175)
        at java.util.concurrent.locks.AbstractQueuedSynchronizer$ConditionObject.await(AbstractQueuedSynchronizer.java:2039)
        at java.util.concurrent.LinkedBlockingQueue.take(LinkedBlockingQueue.java:442)
        at java.util.concurrent.ThreadPoolExecutor.getTask(ThreadPoolExecutor.java:1074)
        at java.util.concurrent.ThreadPoolExecutor.runWorker(ThreadPoolExecutor.java:1134)
        at java.util.concurrent.ThreadPoolExecutor$Worker.run(ThreadPoolExecutor.java:624)
        at java.lang.Thread.run(Thread.java:750)
"pool-134-thread-1" daemon prio=5 tid=249 timed_waiting
java.lang.Thread.State: TIMED_WAITING
        at sun.misc.Unsafe.park(Native Method)
        at java.util.concurrent.locks.LockSupport.parkNanos(LockSupport.java:215)
        at java.util.concurrent.locks.AbstractQueuedSynchronizer$ConditionObject.awaitNanos(AbstractQueuedSynchronizer.java:2078)
        at java.util.concurrent.ScheduledThreadPoolExecutor$DelayedWorkQueue.take(ScheduledThreadPoolExecutor.java:1093)
        at java.util.concurrent.ScheduledThreadPoolExecutor$DelayedWorkQueue.take(ScheduledThreadPoolExecutor.java:809)
        at java.util.concurrent.ThreadPoolExecutor.getTask(ThreadPoolExecutor.java:1074)
        at java.util.concurrent.ThreadPoolExecutor.runWorker(ThreadPoolExecutor.java:1134)
        at java.util.concurrent.ThreadPoolExecutor$Worker.run(ThreadPoolExecutor.java:624)
        at java.lang.Thread.run(Thread.java:750)
"qtp1661816191-308" daemon prio=5 tid=308 timed_waiting
java.lang.Thread.State: TIMED_WAITING
        at sun.misc.Unsafe.park(Native Method)
        at java.util.concurrent.locks.LockSupport.parkNanos(LockSupport.java:215)
        at java.util.concurrent.locks.AbstractQueuedSynchronizer$ConditionObject.awaitNanos(AbstractQueuedSynchronizer.java:2078)
        at org.eclipse.jetty.util.BlockingArrayQueue.poll(BlockingArrayQueue.java:382)
        at org.eclipse.jetty.util.thread.QueuedThreadPool$Runner.idleJobPoll(QueuedThreadPool.java:974)
        at org.eclipse.jetty.util.thread.QueuedThreadPool$Runner.run(QueuedThreadPool.java:1018)
        at java.lang.Thread.run(Thread.java:750)
"ChunkWriter-3-0" daemon prio=5 tid=494 in Object.wait()
java.lang.Thread.State: WAITING (on object monitor)
        at sun.misc.Unsafe.park(Native Method)
        at java.util.concurrent.locks.LockSupport.park(LockSupport.java:175)
        at java.util.concurrent.locks.AbstractQueuedSynchronizer$ConditionObject.await(AbstractQueuedSynchronizer.java:2039)
        at java.util.concurrent.LinkedBlockingDeque.takeFirst(LinkedBlockingDeque.java:492)
        at java.util.concurrent.LinkedBlockingDeque.take(LinkedBlockingDeque.java:680)
        at java.util.concurrent.ThreadPoolExecutor.getTask(ThreadPoolExecutor.java:1074)
        at java.util.concurrent.ThreadPoolExecutor.runWorker(ThreadPoolExecutor.java:1134)
        at java.util.concurrent.ThreadPoolExecutor$Worker.run(ThreadPoolExecutor.java:624)
        at java.lang.Thread.run(Thread.java:750)
"qtp1661816191-307-acceptor-0@2279c388-ServerConnector@28839977{HTTP/1.1, (http/1.1)}{0.0.0.0:33035}" daemon prio=3 tid=307 runnable
java.lang.Thread.State: RUNNABLE
        at sun.nio.ch.ServerSocketChannelImpl.accept0(Native Method)
        at sun.nio.ch.ServerSocketChannelImpl.accept(ServerSocketChannelImpl.java:421)
        at sun.nio.ch.ServerSocketChannelImpl.accept(ServerSocketChannelImpl.java:249)
        at org.eclipse.jetty.server.ServerConnector.accept(ServerConnector.java:388)
        at org.eclipse.jetty.server.AbstractConnector$Acceptor.run(AbstractConnector.java:702)
        at org.eclipse.jetty.util.thread.QueuedThreadPool.runJob(QueuedThreadPool.java:883)
        at org.eclipse.jetty.util.thread.QueuedThreadPool$Runner.run(QueuedThreadPool.java:1034)
        at java.lang.Thread.run(Thread.java:750)
"IPC Server handler 13 on default port 45703" daemon prio=5 tid=50 timed_waiting
java.lang.Thread.State: TIMED_WAITING
        at sun.misc.Unsafe.park(Native Method)
        at java.util.concurrent.locks.LockSupport.parkNanos(LockSupport.java:215)
        at java.util.concurrent.locks.AbstractQueuedSynchronizer$ConditionObject.awaitNanos(AbstractQueuedSynchronizer.java:2078)
        at java.util.concurrent.LinkedBlockingQueue.poll(LinkedBlockingQueue.java:467)
        at org.apache.hadoop.ipc.CallQueueManager.take(CallQueueManager.java:317)
        at org.apache.hadoop.ipc.Server$Handler.run(Server.java:2942)
"PartialTableCache Cleanup Thread - 0" daemon prio=5 tid=752 in Object.wait()
java.lang.Thread.State: WAITING (on object monitor)
        at sun.misc.Unsafe.park(Native Method)
        at java.util.concurrent.locks.LockSupport.park(LockSupport.java:175)
        at java.util.concurrent.locks.AbstractQueuedSynchronizer$ConditionObject.await(AbstractQueuedSynchronizer.java:2039)
        at java.util.concurrent.LinkedBlockingQueue.take(LinkedBlockingQueue.java:442)
        at java.util.concurrent.ThreadPoolExecutor.getTask(ThreadPoolExecutor.java:1074)
        at java.util.concurrent.ThreadPoolExecutor.runWorker(ThreadPoolExecutor.java:1134)
        at java.util.concurrent.ThreadPoolExecutor$Worker.run(ThreadPoolExecutor.java:624)
        at java.lang.Thread.run(Thread.java:750)
"Over Replicated Processor" daemon prio=5 tid=851 timed_waiting
java.lang.Thread.State: TIMED_WAITING
        at java.lang.Object.wait(Native Method)
        at org.apache.hadoop.hdds.scm.container.replication.OverReplicatedProcessor.run(OverReplicatedProcessor.java:131)
        at java.lang.Thread.run(Thread.java:750)
"qtp662442178-375" daemon prio=5 tid=375 timed_waiting
java.lang.Thread.State: TIMED_WAITING
        at sun.misc.Unsafe.park(Native Method)
        at java.util.concurrent.locks.LockSupport.parkNanos(LockSupport.java:215)
        at java.util.concurrent.locks.AbstractQueuedSynchronizer$ConditionObject.awaitNanos(AbstractQueuedSynchronizer.java:2078)
        at org.eclipse.jetty.util.BlockingArrayQueue.poll(BlockingArrayQueue.java:382)
        at org.eclipse.jetty.util.thread.QueuedThreadPool$Runner.idleJobPoll(QueuedThreadPool.java:974)
        at org.eclipse.jetty.util.thread.QueuedThreadPool$Runner.run(QueuedThreadPool.java:1018)
        at java.lang.Thread.run(Thread.java:750)
"9befe131-ee01-45a3-b6b9-b3ceb7636d7b@group-5DBD8395D328-SegmentedRaftLogWorker"  prio=5 tid=645 timed_waiting
java.lang.Thread.State: TIMED_WAITING
        at sun.misc.Unsafe.park(Native Method)
        at java.util.concurrent.locks.LockSupport.parkNanos(LockSupport.java:215)
        at java.util.concurrent.locks.AbstractQueuedSynchronizer$ConditionObject.awaitNanos(AbstractQueuedSynchronizer.java:2078)
        at org.apache.ratis.util.DataBlockingQueue.poll(DataBlockingQueue.java:148)
        at org.apache.ratis.server.raftlog.segmented.SegmentedRaftLogWorker.run(SegmentedRaftLogWorker.java:310)
        at org.apache.ratis.server.raftlog.segmented.SegmentedRaftLogWorker$$Lambda$661/1174177291.run(Unknown Source)
        at java.lang.Thread.run(Thread.java:750)
"ChunkWriter-0-0" daemon prio=5 tid=548 in Object.wait()
java.lang.Thread.State: WAITING (on object monitor)
        at sun.misc.Unsafe.park(Native Method)
        at java.util.concurrent.locks.LockSupport.park(LockSupport.java:175)
        at java.util.concurrent.locks.AbstractQueuedSynchronizer$ConditionObject.await(AbstractQueuedSynchronizer.java:2039)
        at java.util.concurrent.LinkedBlockingDeque.takeFirst(LinkedBlockingDeque.java:492)
        at java.util.concurrent.LinkedBlockingDeque.take(LinkedBlockingDeque.java:680)
        at java.util.concurrent.ThreadPoolExecutor.getTask(ThreadPoolExecutor.java:1074)
        at java.util.concurrent.ThreadPoolExecutor.runWorker(ThreadPoolExecutor.java:1134)
        at java.util.concurrent.ThreadPoolExecutor$Worker.run(ThreadPoolExecutor.java:624)
        at java.lang.Thread.run(Thread.java:750)
"ReplicationMonitor" daemon prio=5 tid=849 timed_waiting
java.lang.Thread.State: TIMED_WAITING
        at java.lang.Object.wait(Native Method)
        at org.apache.hadoop.hdds.scm.container.replication.ReplicationManager.run(ReplicationManager.java:553)
        at org.apache.hadoop.hdds.scm.container.replication.ReplicationManager$$Lambda$381/1253691744.run(Unknown Source)
        at java.lang.Thread.run(Thread.java:750)
"EventQueue-PipelineReportForOneReplicaPipelineSafeModeRule" daemon prio=5 tid=505 in Object.wait()
java.lang.Thread.State: WAITING (on object monitor)
        at sun.misc.Unsafe.park(Native Method)
        at java.util.concurrent.locks.LockSupport.park(LockSupport.java:175)
        at java.util.concurrent.locks.AbstractQueuedSynchronizer$ConditionObject.await(AbstractQueuedSynchronizer.java:2039)
        at java.util.concurrent.LinkedBlockingQueue.take(LinkedBlockingQueue.java:442)
        at java.util.concurrent.ThreadPoolExecutor.getTask(ThreadPoolExecutor.java:1074)
        at java.util.concurrent.ThreadPoolExecutor.runWorker(ThreadPoolExecutor.java:1134)
        at java.util.concurrent.ThreadPoolExecutor$Worker.run(ThreadPoolExecutor.java:624)
        at java.lang.Thread.run(Thread.java:750)
"timer4" daemon prio=5 tid=691 timed_waiting
java.lang.Thread.State: TIMED_WAITING
        at java.lang.Object.wait(Native Method)
        at java.util.TimerThread.mainLoop(Timer.java:552)
        at java.util.TimerThread.run(Timer.java:505)
"BlockDeletingService#0" daemon prio=5 tid=485 in Object.wait()
java.lang.Thread.State: WAITING (on object monitor)
        at sun.misc.Unsafe.park(Native Method)
        at java.util.concurrent.locks.LockSupport.park(LockSupport.java:175)
        at java.util.concurrent.locks.AbstractQueuedSynchronizer$ConditionObject.await(AbstractQueuedSynchronizer.java:2039)
        at java.util.concurrent.ScheduledThreadPoolExecutor$DelayedWorkQueue.take(ScheduledThreadPoolExecutor.java:1088)
        at java.util.concurrent.ScheduledThreadPoolExecutor$DelayedWorkQueue.take(ScheduledThreadPoolExecutor.java:809)
        at java.util.concurrent.ThreadPoolExecutor.getTask(ThreadPoolExecutor.java:1074)
        at java.util.concurrent.ThreadPoolExecutor.runWorker(ThreadPoolExecutor.java:1134)
        at java.util.concurrent.ThreadPoolExecutor$Worker.run(ThreadPoolExecutor.java:624)
        at java.lang.Thread.run(Thread.java:750)
"SCMBlockDeletingService#0" daemon prio=5 tid=97 timed_waiting
java.lang.Thread.State: TIMED_WAITING
        at sun.misc.Unsafe.park(Native Method)
        at java.util.concurrent.locks.LockSupport.parkNanos(LockSupport.java:215)
        at java.util.concurrent.locks.AbstractQueuedSynchronizer$ConditionObject.awaitNanos(AbstractQueuedSynchronizer.java:2078)
        at java.util.concurrent.ScheduledThreadPoolExecutor$DelayedWorkQueue.take(ScheduledThreadPoolExecutor.java:1093)
        at java.util.concurrent.ScheduledThreadPoolExecutor$DelayedWorkQueue.take(ScheduledThreadPoolExecutor.java:809)
        at java.util.concurrent.ThreadPoolExecutor.getTask(ThreadPoolExecutor.java:1074)
        at java.util.concurrent.ThreadPoolExecutor.runWorker(ThreadPoolExecutor.java:1134)
        at java.util.concurrent.ThreadPoolExecutor$Worker.run(ThreadPoolExecutor.java:624)
        at java.lang.Thread.run(Thread.java:750)
"IPC Server handler 8 on default port 45703" daemon prio=5 tid=45 timed_waiting
java.lang.Thread.State: TIMED_WAITING
        at sun.misc.Unsafe.park(Native Method)
        at java.util.concurrent.locks.LockSupport.parkNanos(LockSupport.java:215)
        at java.util.concurrent.locks.AbstractQueuedSynchronizer$ConditionObject.awaitNanos(AbstractQueuedSynchronizer.java:2078)
        at java.util.concurrent.LinkedBlockingQueue.poll(LinkedBlockingQueue.java:467)
        at org.apache.hadoop.ipc.CallQueueManager.take(CallQueueManager.java:317)
        at org.apache.hadoop.ipc.Server$Handler.run(Server.java:2942)
"grpc-default-executor-6" daemon prio=5 tid=883 timed_waiting
java.lang.Thread.State: TIMED_WAITING
        at sun.misc.Unsafe.park(Native Method)
        at java.util.concurrent.locks.LockSupport.parkNanos(LockSupport.java:215)
        at java.util.concurrent.SynchronousQueue$TransferStack.awaitFulfill(SynchronousQueue.java:460)
        at java.util.concurrent.SynchronousQueue$TransferStack.transfer(SynchronousQueue.java:362)
        at java.util.concurrent.SynchronousQueue.poll(SynchronousQueue.java:941)
        at java.util.concurrent.ThreadPoolExecutor.getTask(ThreadPoolExecutor.java:1073)
        at java.util.concurrent.ThreadPoolExecutor.runWorker(ThreadPoolExecutor.java:1134)
        at java.util.concurrent.ThreadPoolExecutor$Worker.run(ThreadPoolExecutor.java:624)
        at java.lang.Thread.run(Thread.java:750)
"StaleRecoveringContainerScrubbingService#1" daemon prio=5 tid=545 timed_waiting
java.lang.Thread.State: TIMED_WAITING
        at sun.misc.Unsafe.park(Native Method)
        at java.util.concurrent.locks.LockSupport.parkNanos(LockSupport.java:215)
        at java.util.concurrent.locks.AbstractQueuedSynchronizer$ConditionObject.awaitNanos(AbstractQueuedSynchronizer.java:2078)
        at java.util.concurrent.ScheduledThreadPoolExecutor$DelayedWorkQueue.take(ScheduledThreadPoolExecutor.java:1093)
        at java.util.concurrent.ScheduledThreadPoolExecutor$DelayedWorkQueue.take(ScheduledThreadPoolExecutor.java:809)
        at java.util.concurrent.ThreadPoolExecutor.getTask(ThreadPoolExecutor.java:1074)
        at java.util.concurrent.ThreadPoolExecutor.runWorker(ThreadPoolExecutor.java:1134)
        at java.util.concurrent.ThreadPoolExecutor$Worker.run(ThreadPoolExecutor.java:624)
        at java.lang.Thread.run(Thread.java:750)
"Datanode ReportManager Thread - 1" daemon prio=5 tid=265 timed_waiting
java.lang.Thread.State: TIMED_WAITING
        at sun.misc.Unsafe.park(Native Method)
        at java.util.concurrent.locks.LockSupport.parkNanos(LockSupport.java:215)
        at java.util.concurrent.locks.AbstractQueuedSynchronizer$ConditionObject.awaitNanos(AbstractQueuedSynchronizer.java:2078)
        at java.util.concurrent.ScheduledThreadPoolExecutor$DelayedWorkQueue.take(ScheduledThreadPoolExecutor.java:1093)
        at java.util.concurrent.ScheduledThreadPoolExecutor$DelayedWorkQueue.take(ScheduledThreadPoolExecutor.java:809)
        at java.util.concurrent.ThreadPoolExecutor.getTask(ThreadPoolExecutor.java:1074)
        at java.util.concurrent.ThreadPoolExecutor.runWorker(ThreadPoolExecutor.java:1134)
        at java.util.concurrent.ThreadPoolExecutor$Worker.run(ThreadPoolExecutor.java:624)
        at java.lang.Thread.run(Thread.java:750)
"StaleRecoveringContainerScrubbingService#0" daemon prio=5 tid=555 in Object.wait()
java.lang.Thread.State: WAITING (on object monitor)
        at sun.misc.Unsafe.park(Native Method)
        at java.util.concurrent.locks.LockSupport.park(LockSupport.java:175)
        at java.util.concurrent.locks.AbstractQueuedSynchronizer$ConditionObject.await(AbstractQueuedSynchronizer.java:2039)
        at java.util.concurrent.ScheduledThreadPoolExecutor$DelayedWorkQueue.take(ScheduledThreadPoolExecutor.java:1088)
        at java.util.concurrent.ScheduledThreadPoolExecutor$DelayedWorkQueue.take(ScheduledThreadPoolExecutor.java:809)
        at java.util.concurrent.ThreadPoolExecutor.getTask(ThreadPoolExecutor.java:1074)
        at java.util.concurrent.ThreadPoolExecutor.runWorker(ThreadPoolExecutor.java:1134)
        at java.util.concurrent.ThreadPoolExecutor$Worker.run(ThreadPoolExecutor.java:624)
        at java.lang.Thread.run(Thread.java:750)
"qtp1069632960-104" daemon prio=5 tid=104 timed_waiting
java.lang.Thread.State: TIMED_WAITING
        at sun.misc.Unsafe.park(Native Method)
        at java.util.concurrent.locks.LockSupport.parkNanos(LockSupport.java:215)
        at java.util.concurrent.locks.AbstractQueuedSynchronizer$ConditionObject.awaitNanos(AbstractQueuedSynchronizer.java:2078)
        at org.eclipse.jetty.util.BlockingArrayQueue.poll(BlockingArrayQueue.java:382)
        at org.eclipse.jetty.util.thread.QueuedThreadPool$Runner.idleJobPoll(QueuedThreadPool.java:974)
        at org.eclipse.jetty.util.thread.QueuedThreadPool$Runner.run(QueuedThreadPool.java:1018)
        at java.lang.Thread.run(Thread.java:750)
"JvmPauseMonitor8" daemon prio=5 tid=526 timed_waiting
java.lang.Thread.State: TIMED_WAITING
        at java.lang.Thread.sleep(Native Method)
        at java.lang.Thread.sleep(Thread.java:342)
        at java.util.concurrent.TimeUnit.sleep(TimeUnit.java:386)
        at org.apache.ratis.util.TimeDuration.sleep(TimeDuration.java:325)
        at org.apache.ratis.util.TimeDuration.sleep(TimeDuration.java:310)
        at org.apache.ratis.util.JvmPauseMonitor.detectPause(JvmPauseMonitor.java:119)
        at org.apache.ratis.util.JvmPauseMonitor.run(JvmPauseMonitor.java:108)
        at org.apache.ratis.util.JvmPauseMonitor$$Lambda$702/1444742025.run(Unknown Source)
        at java.lang.Thread.run(Thread.java:750)
"Datanode State Machine Task Thread - 0"  prio=5 tid=323 in Object.wait()
java.lang.Thread.State: WAITING (on object monitor)
        at sun.misc.Unsafe.park(Native Method)
        at java.util.concurrent.locks.LockSupport.park(LockSupport.java:175)
        at java.util.concurrent.locks.AbstractQueuedSynchronizer$ConditionObject.await(AbstractQueuedSynchronizer.java:2039)
        at java.util.concurrent.LinkedBlockingQueue.take(LinkedBlockingQueue.java:442)
        at java.util.concurrent.ThreadPoolExecutor.getTask(ThreadPoolExecutor.java:1074)
        at java.util.concurrent.ThreadPoolExecutor.runWorker(ThreadPoolExecutor.java:1134)
        at java.util.concurrent.ThreadPoolExecutor$Worker.run(ThreadPoolExecutor.java:624)
        at java.lang.Thread.run(Thread.java:750)
"IPC Server handler 6 on default port 45633" daemon prio=5 tid=83 timed_waiting
java.lang.Thread.State: TIMED_WAITING
        at sun.misc.Unsafe.park(Native Method)
        at java.util.concurrent.locks.LockSupport.parkNanos(LockSupport.java:215)
        at java.util.concurrent.locks.AbstractQueuedSynchronizer$ConditionObject.awaitNanos(AbstractQueuedSynchronizer.java:2078)
        at java.util.concurrent.LinkedBlockingQueue.poll(LinkedBlockingQueue.java:467)
        at org.apache.hadoop.ipc.CallQueueManager.take(CallQueueManager.java:317)
        at org.apache.hadoop.ipc.Server$Handler.run(Server.java:2942)
"Command processor thread" daemon prio=5 tid=243 timed_waiting
java.lang.Thread.State: TIMED_WAITING
        at java.lang.Thread.sleep(Native Method)
        at org.apache.hadoop.ozone.container.common.statemachine.DatanodeStateMachine.lambda$initCommandHandlerThread$3(DatanodeStateMachine.java:634)
        at org.apache.hadoop.ozone.container.common.statemachine.DatanodeStateMachine$$Lambda$747/814733902.run(Unknown Source)
        at java.lang.Thread.run(Thread.java:750)
"OM StateMachine ApplyTransaction Thread - 0" daemon prio=5 tid=747 in Object.wait()
java.lang.Thread.State: WAITING (on object monitor)
        at sun.misc.Unsafe.park(Native Method)
        at java.util.concurrent.locks.LockSupport.park(LockSupport.java:175)
        at java.util.concurrent.locks.AbstractQueuedSynchronizer$ConditionObject.await(AbstractQueuedSynchronizer.java:2039)
        at java.util.concurrent.LinkedBlockingQueue.take(LinkedBlockingQueue.java:442)
        at java.util.concurrent.ThreadPoolExecutor.getTask(ThreadPoolExecutor.java:1074)
        at java.util.concurrent.ThreadPoolExecutor.runWorker(ThreadPoolExecutor.java:1134)
        at java.util.concurrent.ThreadPoolExecutor$Worker.run(ThreadPoolExecutor.java:624)
        at java.lang.Thread.run(Thread.java:750)
"org.apache.hadoop.util.JvmPauseMonitor$Monitor@1f159360" daemon prio=5 tid=387 timed_waiting
java.lang.Thread.State: TIMED_WAITING
        at java.lang.Thread.sleep(Native Method)
        at org.apache.hadoop.util.JvmPauseMonitor$Monitor.run(JvmPauseMonitor.java:192)
        at java.lang.Thread.run(Thread.java:750)
"org.apache.hadoop.util.JvmPauseMonitor$Monitor@23d340e5" daemon prio=5 tid=244 timed_waiting
java.lang.Thread.State: TIMED_WAITING
        at java.lang.Thread.sleep(Native Method)
        at org.apache.hadoop.util.JvmPauseMonitor$Monitor.run(JvmPauseMonitor.java:192)
        at java.lang.Thread.run(Thread.java:750)
"Datanode ReportManager Thread - 0" daemon prio=5 tid=238 in Object.wait()
java.lang.Thread.State: WAITING (on object monitor)
        at sun.misc.Unsafe.park(Native Method)
        at java.util.concurrent.locks.LockSupport.park(LockSupport.java:175)
        at java.util.concurrent.locks.AbstractQueuedSynchronizer$ConditionObject.await(AbstractQueuedSynchronizer.java:2039)
        at java.util.concurrent.ScheduledThreadPoolExecutor$DelayedWorkQueue.take(ScheduledThreadPoolExecutor.java:1088)
        at java.util.concurrent.ScheduledThreadPoolExecutor$DelayedWorkQueue.take(ScheduledThreadPoolExecutor.java:809)
        at java.util.concurrent.ThreadPoolExecutor.getTask(ThreadPoolExecutor.java:1074)
        at java.util.concurrent.ThreadPoolExecutor.runWorker(ThreadPoolExecutor.java:1134)
        at java.util.concurrent.ThreadPoolExecutor$Worker.run(ThreadPoolExecutor.java:624)
        at java.lang.Thread.run(Thread.java:750)
"IPC Server handler 15 on default port 45015" daemon prio=5 tid=72 timed_waiting
java.lang.Thread.State: TIMED_WAITING
        at sun.misc.Unsafe.park(Native Method)
        at java.util.concurrent.locks.LockSupport.parkNanos(LockSupport.java:215)
        at java.util.concurrent.locks.AbstractQueuedSynchronizer$ConditionObject.awaitNanos(AbstractQueuedSynchronizer.java:2078)
        at java.util.concurrent.LinkedBlockingQueue.poll(LinkedBlockingQueue.java:467)
        at org.apache.hadoop.ipc.CallQueueManager.take(CallQueueManager.java:317)
        at org.apache.hadoop.ipc.Server$Handler.run(Server.java:2942)
"6e54690b-befe-42c2-a4b7-a861f73b2b3f@group-D15EFCC0BBCA-StateMachineUpdater" daemon prio=5 tid=606 timed_waiting
java.lang.Thread.State: TIMED_WAITING
        at sun.misc.Unsafe.park(Native Method)
        at java.util.concurrent.locks.LockSupport.parkNanos(LockSupport.java:215)
        at java.util.concurrent.CompletableFuture$Signaller.block(CompletableFuture.java:1709)
        at java.util.concurrent.ForkJoinPool.managedBlock(ForkJoinPool.java:3323)
        at java.util.concurrent.CompletableFuture.timedGet(CompletableFuture.java:1788)
        at java.util.concurrent.CompletableFuture.get(CompletableFuture.java:1928)
        at org.apache.ratis.util.AwaitForSignal.await(AwaitForSignal.java:56)
        at org.apache.ratis.server.impl.StateMachineUpdater.waitForCommit(StateMachineUpdater.java:207)
        at org.apache.ratis.server.impl.StateMachineUpdater.run(StateMachineUpdater.java:176)
        at java.lang.Thread.run(Thread.java:750)
"Session-HouseKeeper-716ccf44-1"  prio=5 tid=340 timed_waiting
java.lang.Thread.State: TIMED_WAITING
        at sun.misc.Unsafe.park(Native Method)
        at java.util.concurrent.locks.LockSupport.parkNanos(LockSupport.java:215)
        at java.util.concurrent.locks.AbstractQueuedSynchronizer$ConditionObject.awaitNanos(AbstractQueuedSynchronizer.java:2078)
        at java.util.concurrent.ScheduledThreadPoolExecutor$DelayedWorkQueue.take(ScheduledThreadPoolExecutor.java:1093)
        at java.util.concurrent.ScheduledThreadPoolExecutor$DelayedWorkQueue.take(ScheduledThreadPoolExecutor.java:809)
        at java.util.concurrent.ThreadPoolExecutor.getTask(ThreadPoolExecutor.java:1074)
        at java.util.concurrent.ThreadPoolExecutor.runWorker(ThreadPoolExecutor.java:1134)
        at java.util.concurrent.ThreadPoolExecutor$Worker.run(ThreadPoolExecutor.java:624)
        at java.lang.Thread.run(Thread.java:750)
"ChunkWriter-2-0" daemon prio=5 tid=493 in Object.wait()
java.lang.Thread.State: WAITING (on object monitor)
        at sun.misc.Unsafe.park(Native Method)
        at java.util.concurrent.locks.LockSupport.park(LockSupport.java:175)
        at java.util.concurrent.locks.AbstractQueuedSynchronizer$ConditionObject.await(AbstractQueuedSynchronizer.java:2039)
        at java.util.concurrent.LinkedBlockingDeque.takeFirst(LinkedBlockingDeque.java:492)
        at java.util.concurrent.LinkedBlockingDeque.take(LinkedBlockingDeque.java:680)
        at java.util.concurrent.ThreadPoolExecutor.getTask(ThreadPoolExecutor.java:1074)
        at java.util.concurrent.ThreadPoolExecutor.runWorker(ThreadPoolExecutor.java:1134)
        at java.util.concurrent.ThreadPoolExecutor$Worker.run(ThreadPoolExecutor.java:624)
        at java.lang.Thread.run(Thread.java:750)
"qtp1139195831-409" daemon prio=5 tid=409 runnable
java.lang.Thread.State: RUNNABLE
        at sun.nio.ch.EPollArrayWrapper.epollWait(Native Method)
        at sun.nio.ch.EPollArrayWrapper.poll(EPollArrayWrapper.java:269)
        at sun.nio.ch.EPollSelectorImpl.doSelect(EPollSelectorImpl.java:93)
        at sun.nio.ch.SelectorImpl.lockAndDoSelect(SelectorImpl.java:86)
        at sun.nio.ch.SelectorImpl.select(SelectorImpl.java:97)
        at sun.nio.ch.SelectorImpl.select(SelectorImpl.java:101)
        at org.eclipse.jetty.io.ManagedSelector.nioSelect(ManagedSelector.java:183)
        at org.eclipse.jetty.io.ManagedSelector.select(ManagedSelector.java:190)
        at org.eclipse.jetty.io.ManagedSelector$SelectorProducer.select(ManagedSelector.java:606)
        at org.eclipse.jetty.io.ManagedSelector$SelectorProducer.produce(ManagedSelector.java:543)
        at org.eclipse.jetty.util.thread.strategy.EatWhatYouKill.produceTask(EatWhatYouKill.java:362)
        at org.eclipse.jetty.util.thread.strategy.EatWhatYouKill.doProduce(EatWhatYouKill.java:186)
        at org.eclipse.jetty.util.thread.strategy.EatWhatYouKill.tryProduce(EatWhatYouKill.java:173)
        at org.eclipse.jetty.util.thread.strategy.EatWhatYouKill.produce(EatWhatYouKill.java:137)
        at org.eclipse.jetty.io.ManagedSelector$$Lambda$443/1703412736.run(Unknown Source)
        at org.eclipse.jetty.util.thread.QueuedThreadPool.runJob(QueuedThreadPool.java:883)
        at org.eclipse.jetty.util.thread.QueuedThreadPool$Runner.run(QueuedThreadPool.java:1034)
        at java.lang.Thread.run(Thread.java:750)
"ChunkWriter-3-0" daemon prio=5 tid=513 in Object.wait()
java.lang.Thread.State: WAITING (on object monitor)
        at sun.misc.Unsafe.park(Native Method)
        at java.util.concurrent.locks.LockSupport.park(LockSupport.java:175)
        at java.util.concurrent.locks.AbstractQueuedSynchronizer$ConditionObject.await(AbstractQueuedSynchronizer.java:2039)
        at java.util.concurrent.LinkedBlockingDeque.takeFirst(LinkedBlockingDeque.java:492)
        at java.util.concurrent.LinkedBlockingDeque.take(LinkedBlockingDeque.java:680)
        at java.util.concurrent.ThreadPoolExecutor.getTask(ThreadPoolExecutor.java:1074)
        at java.util.concurrent.ThreadPoolExecutor.runWorker(ThreadPoolExecutor.java:1134)
        at java.util.concurrent.ThreadPoolExecutor$Worker.run(ThreadPoolExecutor.java:624)
        at java.lang.Thread.run(Thread.java:750)
"IPC Server handler 3 on default port 45633" daemon prio=5 tid=80 timed_waiting
java.lang.Thread.State: TIMED_WAITING
        at sun.misc.Unsafe.park(Native Method)
        at java.util.concurrent.locks.LockSupport.parkNanos(LockSupport.java:215)
        at java.util.concurrent.locks.AbstractQueuedSynchronizer$ConditionObject.awaitNanos(AbstractQueuedSynchronizer.java:2078)
        at java.util.concurrent.LinkedBlockingQueue.poll(LinkedBlockingQueue.java:467)
        at org.apache.hadoop.ipc.CallQueueManager.take(CallQueueManager.java:317)
        at org.apache.hadoop.ipc.Server$Handler.run(Server.java:2942)
"ChunkReader-ELG-0" daemon prio=5 tid=553 runnable
java.lang.Thread.State: RUNNABLE
        at org.apache.ratis.thirdparty.io.netty.channel.epoll.Native.epollWait(Native Method)
        at org.apache.ratis.thirdparty.io.netty.channel.epoll.Native.epollWait(Native.java:209)
        at org.apache.ratis.thirdparty.io.netty.channel.epoll.Native.epollWait(Native.java:202)
        at org.apache.ratis.thirdparty.io.netty.channel.epoll.EpollEventLoop.epollWaitNoTimerChange(EpollEventLoop.java:294)
        at org.apache.ratis.thirdparty.io.netty.channel.epoll.EpollEventLoop.run(EpollEventLoop.java:351)
        at org.apache.ratis.thirdparty.io.netty.util.concurrent.SingleThreadEventExecutor$4.run(SingleThreadEventExecutor.java:995)
        at org.apache.ratis.thirdparty.io.netty.util.internal.ThreadExecutorMap$2.run(ThreadExecutorMap.java:74)
        at java.lang.Thread.run(Thread.java:750)
"qtp1139195831-413" daemon prio=5 tid=413 timed_waiting
java.lang.Thread.State: TIMED_WAITING
        at sun.misc.Unsafe.park(Native Method)
        at java.util.concurrent.locks.LockSupport.parkNanos(LockSupport.java:215)
        at java.util.concurrent.locks.AbstractQueuedSynchronizer$ConditionObject.awaitNanos(AbstractQueuedSynchronizer.java:2078)
        at org.eclipse.jetty.util.BlockingArrayQueue.poll(BlockingArrayQueue.java:382)
        at org.eclipse.jetty.util.thread.QueuedThreadPool$Runner.idleJobPoll(QueuedThreadPool.java:974)
        at org.eclipse.jetty.util.thread.QueuedThreadPool$Runner.run(QueuedThreadPool.java:1018)
        at java.lang.Thread.run(Thread.java:750)
"StaleRecoveringContainerScrubbingService#0" daemon prio=5 tid=474 in Object.wait()
java.lang.Thread.State: WAITING (on object monitor)
        at sun.misc.Unsafe.park(Native Method)
        at java.util.concurrent.locks.LockSupport.park(LockSupport.java:175)
        at java.util.concurrent.locks.AbstractQueuedSynchronizer$ConditionObject.await(AbstractQueuedSynchronizer.java:2039)
        at java.util.concurrent.ScheduledThreadPoolExecutor$DelayedWorkQueue.take(ScheduledThreadPoolExecutor.java:1088)
        at java.util.concurrent.ScheduledThreadPoolExecutor$DelayedWorkQueue.take(ScheduledThreadPoolExecutor.java:809)
        at java.util.concurrent.ThreadPoolExecutor.getTask(ThreadPoolExecutor.java:1074)
        at java.util.concurrent.ThreadPoolExecutor.runWorker(ThreadPoolExecutor.java:1134)
        at java.util.concurrent.ThreadPoolExecutor$Worker.run(ThreadPoolExecutor.java:624)
        at java.lang.Thread.run(Thread.java:750)
"e349f11f-4d2d-4584-922f-e3c208c9e657-server-thread2" daemon prio=5 tid=863 timed_waiting
java.lang.Thread.State: TIMED_WAITING
        at sun.misc.Unsafe.park(Native Method)
        at java.util.concurrent.locks.LockSupport.parkNanos(LockSupport.java:215)
        at java.util.concurrent.SynchronousQueue$TransferStack.awaitFulfill(SynchronousQueue.java:460)
        at java.util.concurrent.SynchronousQueue$TransferStack.transfer(SynchronousQueue.java:362)
        at java.util.concurrent.SynchronousQueue.poll(SynchronousQueue.java:941)
        at java.util.concurrent.ThreadPoolExecutor.getTask(ThreadPoolExecutor.java:1073)
        at java.util.concurrent.ThreadPoolExecutor.runWorker(ThreadPoolExecutor.java:1134)
        at java.util.concurrent.ThreadPoolExecutor$Worker.run(ThreadPoolExecutor.java:624)
        at java.lang.Thread.run(Thread.java:750)
"ChunkWriter-1-0" daemon prio=5 tid=549 in Object.wait()
java.lang.Thread.State: WAITING (on object monitor)
        at sun.misc.Unsafe.park(Native Method)
        at java.util.concurrent.locks.LockSupport.park(LockSupport.java:175)
        at java.util.concurrent.locks.AbstractQueuedSynchronizer$ConditionObject.await(AbstractQueuedSynchronizer.java:2039)
        at java.util.concurrent.LinkedBlockingDeque.takeFirst(LinkedBlockingDeque.java:492)
        at java.util.concurrent.LinkedBlockingDeque.take(LinkedBlockingDeque.java:680)
        at java.util.concurrent.ThreadPoolExecutor.getTask(ThreadPoolExecutor.java:1074)
        at java.util.concurrent.ThreadPoolExecutor.runWorker(ThreadPoolExecutor.java:1134)
        at java.util.concurrent.ThreadPoolExecutor$Worker.run(ThreadPoolExecutor.java:624)
        at java.lang.Thread.run(Thread.java:750)
"IPC Server handler 18 on default port 45703" daemon prio=5 tid=55 timed_waiting
java.lang.Thread.State: TIMED_WAITING
        at sun.misc.Unsafe.park(Native Method)
        at java.util.concurrent.locks.LockSupport.parkNanos(LockSupport.java:215)
        at java.util.concurrent.locks.AbstractQueuedSynchronizer$ConditionObject.awaitNanos(AbstractQueuedSynchronizer.java:2078)
        at java.util.concurrent.LinkedBlockingQueue.poll(LinkedBlockingQueue.java:467)
        at org.apache.hadoop.ipc.CallQueueManager.take(CallQueueManager.java:317)
        at org.apache.hadoop.ipc.Server$Handler.run(Server.java:2942)
"IPC Server handler 4 on default port 45015" daemon prio=5 tid=61 timed_waiting
java.lang.Thread.State: TIMED_WAITING
        at sun.misc.Unsafe.park(Native Method)
        at java.util.concurrent.locks.LockSupport.parkNanos(LockSupport.java:215)
        at java.util.concurrent.locks.AbstractQueuedSynchronizer$ConditionObject.awaitNanos(AbstractQueuedSynchronizer.java:2078)
        at java.util.concurrent.LinkedBlockingQueue.poll(LinkedBlockingQueue.java:467)
        at org.apache.hadoop.ipc.CallQueueManager.take(CallQueueManager.java:317)
        at org.apache.hadoop.ipc.Server$Handler.run(Server.java:2942)
"ChunkWriter-1-0" daemon prio=5 tid=511 in Object.wait()
java.lang.Thread.State: WAITING (on object monitor)
        at sun.misc.Unsafe.park(Native Method)
        at java.util.concurrent.locks.LockSupport.park(LockSupport.java:175)
        at java.util.concurrent.locks.AbstractQueuedSynchronizer$ConditionObject.await(AbstractQueuedSynchronizer.java:2039)
        at java.util.concurrent.LinkedBlockingDeque.takeFirst(LinkedBlockingDeque.java:492)
        at java.util.concurrent.LinkedBlockingDeque.take(LinkedBlockingDeque.java:680)
        at java.util.concurrent.ThreadPoolExecutor.getTask(ThreadPoolExecutor.java:1074)
        at java.util.concurrent.ThreadPoolExecutor.runWorker(ThreadPoolExecutor.java:1134)
        at java.util.concurrent.ThreadPoolExecutor$Worker.run(ThreadPoolExecutor.java:624)
        at java.lang.Thread.run(Thread.java:750)
"Datanode ReportManager Thread - 3" daemon prio=5 tid=460 in Object.wait()
java.lang.Thread.State: WAITING (on object monitor)
        at sun.misc.Unsafe.park(Native Method)
        at java.util.concurrent.locks.LockSupport.park(LockSupport.java:175)
        at java.util.concurrent.locks.AbstractQueuedSynchronizer$ConditionObject.await(AbstractQueuedSynchronizer.java:2039)
        at java.util.concurrent.ScheduledThreadPoolExecutor$DelayedWorkQueue.take(ScheduledThreadPoolExecutor.java:1088)
        at java.util.concurrent.ScheduledThreadPoolExecutor$DelayedWorkQueue.take(ScheduledThreadPoolExecutor.java:809)
        at java.util.concurrent.ThreadPoolExecutor.getTask(ThreadPoolExecutor.java:1074)
        at java.util.concurrent.ThreadPoolExecutor.runWorker(ThreadPoolExecutor.java:1134)
        at java.util.concurrent.ThreadPoolExecutor$Worker.run(ThreadPoolExecutor.java:624)
        at java.lang.Thread.run(Thread.java:750)
"qtp662442178-374" daemon prio=5 tid=374 timed_waiting
java.lang.Thread.State: TIMED_WAITING
        at sun.misc.Unsafe.park(Native Method)
        at java.util.concurrent.locks.LockSupport.parkNanos(LockSupport.java:215)
        at java.util.concurrent.locks.AbstractQueuedSynchronizer$ConditionObject.awaitNanos(AbstractQueuedSynchronizer.java:2078)
        at org.eclipse.jetty.util.BlockingArrayQueue.poll(BlockingArrayQueue.java:382)
        at org.eclipse.jetty.util.thread.QueuedThreadPool$Runner.idleJobPoll(QueuedThreadPool.java:974)
        at org.eclipse.jetty.util.thread.QueuedThreadPool$Runner.run(QueuedThreadPool.java:1018)
        at java.lang.Thread.run(Thread.java:750)
"qtp1473080868-440" daemon prio=5 tid=440 timed_waiting
java.lang.Thread.State: TIMED_WAITING
        at sun.misc.Unsafe.park(Native Method)
        at java.util.concurrent.locks.LockSupport.parkNanos(LockSupport.java:215)
        at java.util.concurrent.locks.AbstractQueuedSynchronizer$ConditionObject.awaitNanos(AbstractQueuedSynchronizer.java:2078)
        at org.eclipse.jetty.util.BlockingArrayQueue.poll(BlockingArrayQueue.java:382)
        at org.eclipse.jetty.util.thread.QueuedThreadPool$Runner.idleJobPoll(QueuedThreadPool.java:974)
        at org.eclipse.jetty.util.thread.QueuedThreadPool$Runner.run(QueuedThreadPool.java:1018)
        at java.lang.Thread.run(Thread.java:750)
"qtp662442178-371" daemon prio=5 tid=371 runnable
java.lang.Thread.State: RUNNABLE
        at sun.nio.ch.EPollArrayWrapper.epollWait(Native Method)
        at sun.nio.ch.EPollArrayWrapper.poll(EPollArrayWrapper.java:269)
        at sun.nio.ch.EPollSelectorImpl.doSelect(EPollSelectorImpl.java:93)
        at sun.nio.ch.SelectorImpl.lockAndDoSelect(SelectorImpl.java:86)
        at sun.nio.ch.SelectorImpl.select(SelectorImpl.java:97)
        at sun.nio.ch.SelectorImpl.select(SelectorImpl.java:101)
        at org.eclipse.jetty.io.ManagedSelector.nioSelect(ManagedSelector.java:183)
        at org.eclipse.jetty.io.ManagedSelector.select(ManagedSelector.java:190)
        at org.eclipse.jetty.io.ManagedSelector$SelectorProducer.select(ManagedSelector.java:606)
        at org.eclipse.jetty.io.ManagedSelector$SelectorProducer.produce(ManagedSelector.java:543)
        at org.eclipse.jetty.util.thread.strategy.EatWhatYouKill.produceTask(EatWhatYouKill.java:362)
        at org.eclipse.jetty.util.thread.strategy.EatWhatYouKill.doProduce(EatWhatYouKill.java:186)
        at org.eclipse.jetty.util.thread.strategy.EatWhatYouKill.tryProduce(EatWhatYouKill.java:173)
        at org.eclipse.jetty.util.thread.strategy.EatWhatYouKill.produce(EatWhatYouKill.java:137)
        at org.eclipse.jetty.io.ManagedSelector$$Lambda$443/1703412736.run(Unknown Source)
        at org.eclipse.jetty.util.thread.QueuedThreadPool.runJob(QueuedThreadPool.java:883)
        at org.eclipse.jetty.util.thread.QueuedThreadPool$Runner.run(QueuedThreadPool.java:1034)
        at java.lang.Thread.run(Thread.java:750)
"IPC Parameter Sending Thread #0" daemon prio=5 tid=113 timed_waiting
java.lang.Thread.State: TIMED_WAITING
        at sun.misc.Unsafe.park(Native Method)
        at java.util.concurrent.locks.LockSupport.parkNanos(LockSupport.java:215)
        at java.util.concurrent.SynchronousQueue$TransferStack.awaitFulfill(SynchronousQueue.java:460)
        at java.util.concurrent.SynchronousQueue$TransferStack.transfer(SynchronousQueue.java:362)
        at java.util.concurrent.SynchronousQueue.poll(SynchronousQueue.java:941)
        at java.util.concurrent.ThreadPoolExecutor.getTask(ThreadPoolExecutor.java:1073)
        at java.util.concurrent.ThreadPoolExecutor.runWorker(ThreadPoolExecutor.java:1134)
        at java.util.concurrent.ThreadPoolExecutor$Worker.run(ThreadPoolExecutor.java:624)
        at java.lang.Thread.run(Thread.java:750)
"org.apache.hadoop.util.JvmPauseMonitor$Monitor@173bfb17" daemon prio=5 tid=351 timed_waiting
java.lang.Thread.State: TIMED_WAITING
        at java.lang.Thread.sleep(Native Method)
        at org.apache.hadoop.util.JvmPauseMonitor$Monitor.run(JvmPauseMonitor.java:192)
        at java.lang.Thread.run(Thread.java:750)
"Datanode ReportManager Thread - 3" daemon prio=5 tid=348 in Object.wait()
java.lang.Thread.State: WAITING (on object monitor)
        at sun.misc.Unsafe.park(Native Method)
        at java.util.concurrent.locks.LockSupport.park(LockSupport.java:175)
        at java.util.concurrent.locks.AbstractQueuedSynchronizer$ConditionObject.await(AbstractQueuedSynchronizer.java:2039)
        at java.util.concurrent.ScheduledThreadPoolExecutor$DelayedWorkQueue.take(ScheduledThreadPoolExecutor.java:1088)
        at java.util.concurrent.ScheduledThreadPoolExecutor$DelayedWorkQueue.take(ScheduledThreadPoolExecutor.java:809)
        at java.util.concurrent.ThreadPoolExecutor.getTask(ThreadPoolExecutor.java:1074)
        at java.util.concurrent.ThreadPoolExecutor.runWorker(ThreadPoolExecutor.java:1134)
        at java.util.concurrent.ThreadPoolExecutor$Worker.run(ThreadPoolExecutor.java:624)
        at java.lang.Thread.run(Thread.java:750)
"d1d68c68-fcd1-40a2-8bd4-08293fe543e0@group-171754D57B70-LeaderStateImpl" daemon prio=5 tid=676 timed_waiting
java.lang.Thread.State: TIMED_WAITING
        at sun.misc.Unsafe.park(Native Method)
        at java.util.concurrent.locks.LockSupport.parkNanos(LockSupport.java:215)
        at java.util.concurrent.locks.AbstractQueuedSynchronizer$ConditionObject.awaitNanos(AbstractQueuedSynchronizer.java:2078)
        at java.util.concurrent.ArrayBlockingQueue.poll(ArrayBlockingQueue.java:418)
        at org.apache.ratis.server.impl.LeaderStateImpl$EventQueue.poll(LeaderStateImpl.java:159)
        at org.apache.ratis.server.impl.LeaderStateImpl$EventProcessor.run(LeaderStateImpl.java:630)
"timer7" daemon prio=5 tid=736 timed_waiting
java.lang.Thread.State: TIMED_WAITING
        at java.lang.Object.wait(Native Method)
        at java.util.TimerThread.mainLoop(Timer.java:552)
        at java.util.TimerThread.run(Timer.java:505)
"Finalizer" daemon prio=8 tid=3 in Object.wait()
java.lang.Thread.State: WAITING (on object monitor)
        at java.lang.Object.wait(Native Method)
        at java.lang.ref.ReferenceQueue.remove(ReferenceQueue.java:144)
        at java.lang.ref.ReferenceQueue.remove(ReferenceQueue.java:165)
        at java.lang.ref.Finalizer$FinalizerThread.run(Finalizer.java:216)
"pool-187-thread-1"  prio=5 tid=615 in Object.wait()
java.lang.Thread.State: WAITING (on object monitor)
        at sun.misc.Unsafe.park(Native Method)
        at java.util.concurrent.locks.LockSupport.park(LockSupport.java:175)
        at java.util.concurrent.locks.AbstractQueuedSynchronizer$ConditionObject.await(AbstractQueuedSynchronizer.java:2039)
        at java.util.concurrent.LinkedBlockingQueue.take(LinkedBlockingQueue.java:442)
        at java.util.concurrent.ThreadPoolExecutor.getTask(ThreadPoolExecutor.java:1074)
        at java.util.concurrent.ThreadPoolExecutor.runWorker(ThreadPoolExecutor.java:1134)
        at java.util.concurrent.ThreadPoolExecutor$Worker.run(ThreadPoolExecutor.java:624)
        at java.lang.Thread.run(Thread.java:750)
"StaleRecoveringContainerScrubbingService#2" daemon prio=5 tid=867 in Object.wait()
java.lang.Thread.State: WAITING (on object monitor)
        at sun.misc.Unsafe.park(Native Method)
        at java.util.concurrent.locks.LockSupport.park(LockSupport.java:175)
        at java.util.concurrent.locks.AbstractQueuedSynchronizer$ConditionObject.await(AbstractQueuedSynchronizer.java:2039)
        at java.util.concurrent.ScheduledThreadPoolExecutor$DelayedWorkQueue.take(ScheduledThreadPoolExecutor.java:1088)
        at java.util.concurrent.ScheduledThreadPoolExecutor$DelayedWorkQueue.take(ScheduledThreadPoolExecutor.java:809)
        at java.util.concurrent.ThreadPoolExecutor.getTask(ThreadPoolExecutor.java:1074)
        at java.util.concurrent.ThreadPoolExecutor.runWorker(ThreadPoolExecutor.java:1134)
        at java.util.concurrent.ThreadPoolExecutor$Worker.run(ThreadPoolExecutor.java:624)
        at java.lang.Thread.run(Thread.java:750)
"IPC Server handler 8 on default port 45015" daemon prio=5 tid=65 timed_waiting
java.lang.Thread.State: TIMED_WAITING
        at sun.misc.Unsafe.park(Native Method)
        at java.util.concurrent.locks.LockSupport.parkNanos(LockSupport.java:215)
        at java.util.concurrent.locks.AbstractQueuedSynchronizer$ConditionObject.awaitNanos(AbstractQueuedSynchronizer.java:2078)
        at java.util.concurrent.LinkedBlockingQueue.poll(LinkedBlockingQueue.java:467)
        at org.apache.hadoop.ipc.CallQueueManager.take(CallQueueManager.java:317)
        at org.apache.hadoop.ipc.Server$Handler.run(Server.java:2942)
"ChunkReader-1" daemon prio=5 tid=759 in Object.wait()
java.lang.Thread.State: WAITING (on object monitor)
        at sun.misc.Unsafe.park(Native Method)
        at java.util.concurrent.locks.LockSupport.park(LockSupport.java:175)
        at java.util.concurrent.locks.AbstractQueuedSynchronizer$ConditionObject.await(AbstractQueuedSynchronizer.java:2039)
        at java.util.concurrent.LinkedBlockingQueue.take(LinkedBlockingQueue.java:442)
        at java.util.concurrent.ThreadPoolExecutor.getTask(ThreadPoolExecutor.java:1074)
        at java.util.concurrent.ThreadPoolExecutor.runWorker(ThreadPoolExecutor.java:1134)
        at java.util.concurrent.ThreadPoolExecutor$Worker.run(ThreadPoolExecutor.java:624)
        at java.lang.Thread.run(Thread.java:750)
"Session-HouseKeeper-44d6f9cf-1"  prio=5 tid=108 timed_waiting
java.lang.Thread.State: TIMED_WAITING
        at sun.misc.Unsafe.park(Native Method)
        at java.util.concurrent.locks.LockSupport.parkNanos(LockSupport.java:215)
        at java.util.concurrent.locks.AbstractQueuedSynchronizer$ConditionObject.awaitNanos(AbstractQueuedSynchronizer.java:2078)
        at java.util.concurrent.ScheduledThreadPoolExecutor$DelayedWorkQueue.take(ScheduledThreadPoolExecutor.java:1093)
        at java.util.concurrent.ScheduledThreadPoolExecutor$DelayedWorkQueue.take(ScheduledThreadPoolExecutor.java:809)
        at java.util.concurrent.ThreadPoolExecutor.getTask(ThreadPoolExecutor.java:1074)
        at java.util.concurrent.ThreadPoolExecutor.runWorker(ThreadPoolExecutor.java:1134)
        at java.util.concurrent.ThreadPoolExecutor$Worker.run(ThreadPoolExecutor.java:624)
        at java.lang.Thread.run(Thread.java:750)
"Datanode State Machine Task Thread - 1"  prio=5 tid=534 in Object.wait()
java.lang.Thread.State: WAITING (on object monitor)
        at sun.misc.Unsafe.park(Native Method)
        at java.util.concurrent.locks.LockSupport.park(LockSupport.java:175)
        at java.util.concurrent.locks.AbstractQueuedSynchronizer$ConditionObject.await(AbstractQueuedSynchronizer.java:2039)
        at java.util.concurrent.LinkedBlockingQueue.take(LinkedBlockingQueue.java:442)
        at java.util.concurrent.ThreadPoolExecutor.getTask(ThreadPoolExecutor.java:1074)
        at java.util.concurrent.ThreadPoolExecutor.runWorker(ThreadPoolExecutor.java:1134)
        at java.util.concurrent.ThreadPoolExecutor$Worker.run(ThreadPoolExecutor.java:624)
        at java.lang.Thread.run(Thread.java:750)
"StaleRecoveringContainerScrubbingService#0" daemon prio=5 tid=529 in Object.wait()
java.lang.Thread.State: WAITING (on object monitor)
        at sun.misc.Unsafe.park(Native Method)
        at java.util.concurrent.locks.LockSupport.park(LockSupport.java:175)
        at java.util.concurrent.locks.AbstractQueuedSynchronizer$ConditionObject.await(AbstractQueuedSynchronizer.java:2039)
        at java.util.concurrent.ScheduledThreadPoolExecutor$DelayedWorkQueue.take(ScheduledThreadPoolExecutor.java:1088)
        at java.util.concurrent.ScheduledThreadPoolExecutor$DelayedWorkQueue.take(ScheduledThreadPoolExecutor.java:809)
        at java.util.concurrent.ThreadPoolExecutor.getTask(ThreadPoolExecutor.java:1074)
        at java.util.concurrent.ThreadPoolExecutor.runWorker(ThreadPoolExecutor.java:1134)
        at java.util.concurrent.ThreadPoolExecutor$Worker.run(ThreadPoolExecutor.java:624)
        at java.lang.Thread.run(Thread.java:750)
"Session-HouseKeeper-25c7c446-1"  prio=5 tid=236 timed_waiting
java.lang.Thread.State: TIMED_WAITING
        at sun.misc.Unsafe.park(Native Method)
        at java.util.concurrent.locks.LockSupport.parkNanos(LockSupport.java:215)
        at java.util.concurrent.locks.AbstractQueuedSynchronizer$ConditionObject.awaitNanos(AbstractQueuedSynchronizer.java:2078)
        at java.util.concurrent.ScheduledThreadPoolExecutor$DelayedWorkQueue.take(ScheduledThreadPoolExecutor.java:1093)
        at java.util.concurrent.ScheduledThreadPoolExecutor$DelayedWorkQueue.take(ScheduledThreadPoolExecutor.java:809)
        at java.util.concurrent.ThreadPoolExecutor.getTask(ThreadPoolExecutor.java:1074)
        at java.util.concurrent.ThreadPoolExecutor.runWorker(ThreadPoolExecutor.java:1134)
        at java.util.concurrent.ThreadPoolExecutor$Worker.run(ThreadPoolExecutor.java:624)
        at java.lang.Thread.run(Thread.java:750)
"6e54690b-befe-42c2-a4b7-a861f73b2b3f-server-thread1" daemon prio=5 tid=860 timed_waiting
java.lang.Thread.State: TIMED_WAITING
        at sun.misc.Unsafe.park(Native Method)
        at java.util.concurrent.locks.LockSupport.parkNanos(LockSupport.java:215)
        at java.util.concurrent.SynchronousQueue$TransferStack.awaitFulfill(SynchronousQueue.java:460)
        at java.util.concurrent.SynchronousQueue$TransferStack.transfer(SynchronousQueue.java:362)
        at java.util.concurrent.SynchronousQueue.poll(SynchronousQueue.java:941)
        at java.util.concurrent.ThreadPoolExecutor.getTask(ThreadPoolExecutor.java:1073)
        at java.util.concurrent.ThreadPoolExecutor.runWorker(ThreadPoolExecutor.java:1134)
        at java.util.concurrent.ThreadPoolExecutor$Worker.run(ThreadPoolExecutor.java:624)
        at java.lang.Thread.run(Thread.java:750)
"qtp715406126-334" daemon prio=5 tid=334 timed_waiting
java.lang.Thread.State: TIMED_WAITING
        at sun.misc.Unsafe.park(Native Method)
        at java.util.concurrent.locks.LockSupport.parkNanos(LockSupport.java:215)
        at java.util.concurrent.locks.AbstractQueuedSynchronizer$ConditionObject.awaitNanos(AbstractQueuedSynchronizer.java:2078)
        at org.eclipse.jetty.util.BlockingArrayQueue.poll(BlockingArrayQueue.java:382)
        at org.eclipse.jetty.util.thread.QueuedThreadPool$Runner.idleJobPoll(QueuedThreadPool.java:974)
        at org.eclipse.jetty.util.thread.QueuedThreadPool$Runner.run(QueuedThreadPool.java:1018)
        at java.lang.Thread.run(Thread.java:750)
"qtp1057102665-233" daemon prio=5 tid=233 timed_waiting
java.lang.Thread.State: TIMED_WAITING
        at sun.misc.Unsafe.park(Native Method)
        at java.util.concurrent.locks.LockSupport.parkNanos(LockSupport.java:215)
        at java.util.concurrent.locks.AbstractQueuedSynchronizer$ConditionObject.awaitNanos(AbstractQueuedSynchronizer.java:2078)
        at org.eclipse.jetty.util.BlockingArrayQueue.poll(BlockingArrayQueue.java:382)
        at org.eclipse.jetty.util.thread.QueuedThreadPool$Runner.idleJobPoll(QueuedThreadPool.java:974)
        at org.eclipse.jetty.util.thread.QueuedThreadPool$Runner.run(QueuedThreadPool.java:1018)
        at java.lang.Thread.run(Thread.java:750)
"Datanode ReportManager Thread - 1" daemon prio=5 tid=291 timed_waiting
java.lang.Thread.State: TIMED_WAITING
        at sun.misc.Unsafe.park(Native Method)
        at java.util.concurrent.locks.LockSupport.parkNanos(LockSupport.java:215)
        at java.util.concurrent.locks.AbstractQueuedSynchronizer$ConditionObject.awaitNanos(AbstractQueuedSynchronizer.java:2078)
        at java.util.concurrent.ScheduledThreadPoolExecutor$DelayedWorkQueue.take(ScheduledThreadPoolExecutor.java:1093)
        at java.util.concurrent.ScheduledThreadPoolExecutor$DelayedWorkQueue.take(ScheduledThreadPoolExecutor.java:809)
        at java.util.concurrent.ThreadPoolExecutor.getTask(ThreadPoolExecutor.java:1074)
        at java.util.concurrent.ThreadPoolExecutor.runWorker(ThreadPoolExecutor.java:1134)
        at java.util.concurrent.ThreadPoolExecutor$Worker.run(ThreadPoolExecutor.java:624)
        at java.lang.Thread.run(Thread.java:750)
"qtp143044035-257" daemon prio=5 tid=257 timed_waiting
java.lang.Thread.State: TIMED_WAITING
        at sun.misc.Unsafe.park(Native Method)
        at java.util.concurrent.locks.LockSupport.parkNanos(LockSupport.java:215)
        at java.util.concurrent.locks.AbstractQueuedSynchronizer$ConditionObject.awaitNanos(AbstractQueuedSynchronizer.java:2078)
        at org.eclipse.jetty.util.BlockingArrayQueue.poll(BlockingArrayQueue.java:382)
        at org.eclipse.jetty.util.thread.QueuedThreadPool$Runner.idleJobPoll(QueuedThreadPool.java:974)
        at org.eclipse.jetty.util.thread.QueuedThreadPool$Runner.run(QueuedThreadPool.java:1018)
        at java.lang.Thread.run(Thread.java:750)
"BlockDeletingService#1" daemon prio=5 tid=544 timed_waiting
java.lang.Thread.State: TIMED_WAITING
        at sun.misc.Unsafe.park(Native Method)
        at java.util.concurrent.locks.LockSupport.parkNanos(LockSupport.java:215)
        at java.util.concurrent.locks.AbstractQueuedSynchronizer$ConditionObject.awaitNanos(AbstractQueuedSynchronizer.java:2078)
        at java.util.concurrent.ScheduledThreadPoolExecutor$DelayedWorkQueue.take(ScheduledThreadPoolExecutor.java:1093)
        at java.util.concurrent.ScheduledThreadPoolExecutor$DelayedWorkQueue.take(ScheduledThreadPoolExecutor.java:809)
        at java.util.concurrent.ThreadPoolExecutor.getTask(ThreadPoolExecutor.java:1074)
        at java.util.concurrent.ThreadPoolExecutor.runWorker(ThreadPoolExecutor.java:1134)
        at java.util.concurrent.ThreadPoolExecutor$Worker.run(ThreadPoolExecutor.java:624)
        at java.lang.Thread.run(Thread.java:750)
"BlockDeletingService#2" daemon prio=5 tid=868 in Object.wait()
java.lang.Thread.State: WAITING (on object monitor)
        at sun.misc.Unsafe.park(Native Method)
        at java.util.concurrent.locks.LockSupport.park(LockSupport.java:175)
        at java.util.concurrent.locks.AbstractQueuedSynchronizer$ConditionObject.await(AbstractQueuedSynchronizer.java:2039)
        at java.util.concurrent.ScheduledThreadPoolExecutor$DelayedWorkQueue.take(ScheduledThreadPoolExecutor.java:1088)
        at java.util.concurrent.ScheduledThreadPoolExecutor$DelayedWorkQueue.take(ScheduledThreadPoolExecutor.java:809)
        at java.util.concurrent.ThreadPoolExecutor.getTask(ThreadPoolExecutor.java:1074)
        at java.util.concurrent.ThreadPoolExecutor.runWorker(ThreadPoolExecutor.java:1134)
        at java.util.concurrent.ThreadPoolExecutor$Worker.run(ThreadPoolExecutor.java:624)
        at java.lang.Thread.run(Thread.java:750)
"pool-173-thread-1"  prio=5 tid=279 timed_waiting
java.lang.Thread.State: TIMED_WAITING
        at sun.misc.Unsafe.park(Native Method)
        at java.util.concurrent.locks.LockSupport.parkNanos(LockSupport.java:215)
        at java.util.concurrent.locks.AbstractQueuedSynchronizer$ConditionObject.awaitNanos(AbstractQueuedSynchronizer.java:2078)
        at java.util.concurrent.ScheduledThreadPoolExecutor$DelayedWorkQueue.take(ScheduledThreadPoolExecutor.java:1093)
        at java.util.concurrent.ScheduledThreadPoolExecutor$DelayedWorkQueue.take(ScheduledThreadPoolExecutor.java:809)
        at java.util.concurrent.ThreadPoolExecutor.getTask(ThreadPoolExecutor.java:1074)
        at java.util.concurrent.ThreadPoolExecutor.runWorker(ThreadPoolExecutor.java:1134)
        at java.util.concurrent.ThreadPoolExecutor$Worker.run(ThreadPoolExecutor.java:624)
        at java.lang.Thread.run(Thread.java:750)
"Datanode ReportManager Thread - 2" daemon prio=5 tid=186 in Object.wait()
java.lang.Thread.State: WAITING (on object monitor)
        at sun.misc.Unsafe.park(Native Method)
        at java.util.concurrent.locks.LockSupport.park(LockSupport.java:175)
        at java.util.concurrent.locks.AbstractQueuedSynchronizer$ConditionObject.await(AbstractQueuedSynchronizer.java:2039)
        at java.util.concurrent.ScheduledThreadPoolExecutor$DelayedWorkQueue.take(ScheduledThreadPoolExecutor.java:1088)
        at java.util.concurrent.ScheduledThreadPoolExecutor$DelayedWorkQueue.take(ScheduledThreadPoolExecutor.java:809)
        at java.util.concurrent.ThreadPoolExecutor.getTask(ThreadPoolExecutor.java:1074)
        at java.util.concurrent.ThreadPoolExecutor.runWorker(ThreadPoolExecutor.java:1134)
        at java.util.concurrent.ThreadPoolExecutor$Worker.run(ThreadPoolExecutor.java:624)
        at java.lang.Thread.run(Thread.java:750)
"Datanode ReportManager Thread - 4" daemon prio=5 tid=461 timed_waiting
java.lang.Thread.State: TIMED_WAITING
        at sun.misc.Unsafe.park(Native Method)
        at java.util.concurrent.locks.LockSupport.parkNanos(LockSupport.java:215)
        at java.util.concurrent.locks.AbstractQueuedSynchronizer$ConditionObject.awaitNanos(AbstractQueuedSynchronizer.java:2078)
        at java.util.concurrent.ScheduledThreadPoolExecutor$DelayedWorkQueue.take(ScheduledThreadPoolExecutor.java:1093)
        at java.util.concurrent.ScheduledThreadPoolExecutor$DelayedWorkQueue.take(ScheduledThreadPoolExecutor.java:809)
        at java.util.concurrent.ThreadPoolExecutor.getTask(ThreadPoolExecutor.java:1074)
        at java.util.concurrent.ThreadPoolExecutor.runWorker(ThreadPoolExecutor.java:1134)
        at java.util.concurrent.ThreadPoolExecutor$Worker.run(ThreadPoolExecutor.java:624)
        at java.lang.Thread.run(Thread.java:750)
"EndpointStateMachine task thread for /0.0.0.0:45633 - 0 "  prio=5 tid=490 in Object.wait()
java.lang.Thread.State: WAITING (on object monitor)
        at sun.misc.Unsafe.park(Native Method)
        at java.util.concurrent.locks.LockSupport.park(LockSupport.java:175)
        at java.util.concurrent.locks.AbstractQueuedSynchronizer$ConditionObject.await(AbstractQueuedSynchronizer.java:2039)
        at java.util.concurrent.LinkedBlockingQueue.take(LinkedBlockingQueue.java:442)
        at java.util.concurrent.ThreadPoolExecutor.getTask(ThreadPoolExecutor.java:1074)
        at java.util.concurrent.ThreadPoolExecutor.runWorker(ThreadPoolExecutor.java:1134)
        at java.util.concurrent.ThreadPoolExecutor$Worker.run(ThreadPoolExecutor.java:624)
        at java.lang.Thread.run(Thread.java:750)
"SCM Heartbeat Processing Thread - 0" daemon prio=5 tid=14 timed_waiting
java.lang.Thread.State: TIMED_WAITING
        at sun.misc.Unsafe.park(Native Method)
        at java.util.concurrent.locks.LockSupport.parkNanos(LockSupport.java:215)
        at java.util.concurrent.locks.AbstractQueuedSynchronizer$ConditionObject.awaitNanos(AbstractQueuedSynchronizer.java:2078)
        at java.util.concurrent.ScheduledThreadPoolExecutor$DelayedWorkQueue.take(ScheduledThreadPoolExecutor.java:1093)
        at java.util.concurrent.ScheduledThreadPoolExecutor$DelayedWorkQueue.take(ScheduledThreadPoolExecutor.java:809)
        at java.util.concurrent.ThreadPoolExecutor.getTask(ThreadPoolExecutor.java:1074)
        at java.util.concurrent.ThreadPoolExecutor.runWorker(ThreadPoolExecutor.java:1134)
        at java.util.concurrent.ThreadPoolExecutor$Worker.run(ThreadPoolExecutor.java:624)
        at java.lang.Thread.run(Thread.java:750)
"IPC Server handler 4 on default port 45633" daemon prio=5 tid=81 timed_waiting
java.lang.Thread.State: TIMED_WAITING
        at sun.misc.Unsafe.park(Native Method)
        at java.util.concurrent.locks.LockSupport.parkNanos(LockSupport.java:215)
        at java.util.concurrent.locks.AbstractQueuedSynchronizer$ConditionObject.awaitNanos(AbstractQueuedSynchronizer.java:2078)
        at java.util.concurrent.LinkedBlockingQueue.poll(LinkedBlockingQueue.java:467)
        at org.apache.hadoop.ipc.CallQueueManager.take(CallQueueManager.java:317)
        at org.apache.hadoop.ipc.Server$Handler.run(Server.java:2942)
"9befe131-ee01-45a3-b6b9-b3ceb7636d7b@group-AF50F2D84CC3-StateMachineUpdater" daemon prio=5 tid=663 timed_waiting
java.lang.Thread.State: TIMED_WAITING
        at sun.misc.Unsafe.park(Native Method)
        at java.util.concurrent.locks.LockSupport.parkNanos(LockSupport.java:215)
        at java.util.concurrent.CompletableFuture$Signaller.block(CompletableFuture.java:1709)
        at java.util.concurrent.ForkJoinPool.managedBlock(ForkJoinPool.java:3323)
        at java.util.concurrent.CompletableFuture.timedGet(CompletableFuture.java:1788)
        at java.util.concurrent.CompletableFuture.get(CompletableFuture.java:1928)
        at org.apache.ratis.util.AwaitForSignal.await(AwaitForSignal.java:56)
        at org.apache.ratis.server.impl.StateMachineUpdater.waitForCommit(StateMachineUpdater.java:207)
        at org.apache.ratis.server.impl.StateMachineUpdater.run(StateMachineUpdater.java:176)
        at java.lang.Thread.run(Thread.java:750)
"ChunkWriter-3-0" daemon prio=5 tid=356 in Object.wait()
java.lang.Thread.State: WAITING (on object monitor)
        at sun.misc.Unsafe.park(Native Method)
        at java.util.concurrent.locks.LockSupport.park(LockSupport.java:175)
        at java.util.concurrent.locks.AbstractQueuedSynchronizer$ConditionObject.await(AbstractQueuedSynchronizer.java:2039)
        at java.util.concurrent.LinkedBlockingDeque.takeFirst(LinkedBlockingDeque.java:492)
        at java.util.concurrent.LinkedBlockingDeque.take(LinkedBlockingDeque.java:680)
        at java.util.concurrent.ThreadPoolExecutor.getTask(ThreadPoolExecutor.java:1074)
        at java.util.concurrent.ThreadPoolExecutor.runWorker(ThreadPoolExecutor.java:1134)
        at java.util.concurrent.ThreadPoolExecutor$Worker.run(ThreadPoolExecutor.java:624)
        at java.lang.Thread.run(Thread.java:750)
"BlockDeletingService#2" daemon prio=5 tid=873 in Object.wait()
java.lang.Thread.State: WAITING (on object monitor)
        at sun.misc.Unsafe.park(Native Method)
        at java.util.concurrent.locks.LockSupport.park(LockSupport.java:175)
        at java.util.concurrent.locks.AbstractQueuedSynchronizer$ConditionObject.await(AbstractQueuedSynchronizer.java:2039)
        at java.util.concurrent.ScheduledThreadPoolExecutor$DelayedWorkQueue.take(ScheduledThreadPoolExecutor.java:1088)
        at java.util.concurrent.ScheduledThreadPoolExecutor$DelayedWorkQueue.take(ScheduledThreadPoolExecutor.java:809)
        at java.util.concurrent.ThreadPoolExecutor.getTask(ThreadPoolExecutor.java:1074)
        at java.util.concurrent.ThreadPoolExecutor.runWorker(ThreadPoolExecutor.java:1134)
        at java.util.concurrent.ThreadPoolExecutor$Worker.run(ThreadPoolExecutor.java:624)
        at java.lang.Thread.run(Thread.java:750)
"BlockDeletingService#1" daemon prio=5 tid=518 timed_waiting
java.lang.Thread.State: TIMED_WAITING
        at sun.misc.Unsafe.park(Native Method)
        at java.util.concurrent.locks.LockSupport.parkNanos(LockSupport.java:215)
        at java.util.concurrent.locks.AbstractQueuedSynchronizer$ConditionObject.awaitNanos(AbstractQueuedSynchronizer.java:2078)
        at java.util.concurrent.ScheduledThreadPoolExecutor$DelayedWorkQueue.take(ScheduledThreadPoolExecutor.java:1093)
        at java.util.concurrent.ScheduledThreadPoolExecutor$DelayedWorkQueue.take(ScheduledThreadPoolExecutor.java:809)
        at java.util.concurrent.ThreadPoolExecutor.getTask(ThreadPoolExecutor.java:1074)
        at java.util.concurrent.ThreadPoolExecutor.runWorker(ThreadPoolExecutor.java:1134)
        at java.util.concurrent.ThreadPoolExecutor$Worker.run(ThreadPoolExecutor.java:624)
        at java.lang.Thread.run(Thread.java:750)
"IPC Server handler 19 on default port 45633" daemon prio=5 tid=96 timed_waiting
java.lang.Thread.State: TIMED_WAITING
        at sun.misc.Unsafe.park(Native Method)
        at java.util.concurrent.locks.LockSupport.parkNanos(LockSupport.java:215)
        at java.util.concurrent.locks.AbstractQueuedSynchronizer$ConditionObject.awaitNanos(AbstractQueuedSynchronizer.java:2078)
        at java.util.concurrent.LinkedBlockingQueue.poll(LinkedBlockingQueue.java:467)
        at org.apache.hadoop.ipc.CallQueueManager.take(CallQueueManager.java:317)
        at org.apache.hadoop.ipc.Server$Handler.run(Server.java:2942)
"grpc-default-executor-4" daemon prio=5 tid=688 timed_waiting
java.lang.Thread.State: TIMED_WAITING
        at sun.misc.Unsafe.park(Native Method)
        at java.util.concurrent.locks.LockSupport.parkNanos(LockSupport.java:215)
        at java.util.concurrent.SynchronousQueue$TransferStack.awaitFulfill(SynchronousQueue.java:460)
        at java.util.concurrent.SynchronousQueue$TransferStack.transfer(SynchronousQueue.java:362)
        at java.util.concurrent.SynchronousQueue.poll(SynchronousQueue.java:941)
        at java.util.concurrent.ThreadPoolExecutor.getTask(ThreadPoolExecutor.java:1073)
        at java.util.concurrent.ThreadPoolExecutor.runWorker(ThreadPoolExecutor.java:1134)
        at java.util.concurrent.ThreadPoolExecutor$Worker.run(ThreadPoolExecutor.java:624)
        at java.lang.Thread.run(Thread.java:750)
"StaleRecoveringContainerScrubbingService#1" daemon prio=5 tid=361 timed_waiting
java.lang.Thread.State: TIMED_WAITING
        at sun.misc.Unsafe.park(Native Method)
        at java.util.concurrent.locks.LockSupport.parkNanos(LockSupport.java:215)
        at java.util.concurrent.locks.AbstractQueuedSynchronizer$ConditionObject.awaitNanos(AbstractQueuedSynchronizer.java:2078)
        at java.util.concurrent.ScheduledThreadPoolExecutor$DelayedWorkQueue.take(ScheduledThreadPoolExecutor.java:1093)
        at java.util.concurrent.ScheduledThreadPoolExecutor$DelayedWorkQueue.take(ScheduledThreadPoolExecutor.java:809)
        at java.util.concurrent.ThreadPoolExecutor.getTask(ThreadPoolExecutor.java:1074)
        at java.util.concurrent.ThreadPoolExecutor.runWorker(ThreadPoolExecutor.java:1134)
        at java.util.concurrent.ThreadPoolExecutor$Worker.run(ThreadPoolExecutor.java:624)
        at java.lang.Thread.run(Thread.java:750)
"Command processor thread" daemon prio=5 tid=350 timed_waiting
java.lang.Thread.State: TIMED_WAITING
        at java.lang.Thread.sleep(Native Method)
        at org.apache.hadoop.ozone.container.common.statemachine.DatanodeStateMachine.lambda$initCommandHandlerThread$3(DatanodeStateMachine.java:634)
        at org.apache.hadoop.ozone.container.common.statemachine.DatanodeStateMachine$$Lambda$747/814733902.run(Unknown Source)
        at java.lang.Thread.run(Thread.java:750)
"org.apache.hadoop.ozone.container.common.statemachine.commandhandler.DeleteBlocksCommandHandler$DeleteCmdWorker@20c1fede" daemon prio=5 tid=369 timed_waiting
java.lang.Thread.State: TIMED_WAITING
        at java.lang.Thread.sleep(Native Method)
        at org.apache.hadoop.ozone.container.common.statemachine.commandhandler.DeleteBlocksCommandHandler$DeleteCmdWorker.run(DeleteBlocksCommandHandler.java:183)
        at java.lang.Thread.run(Thread.java:750)
"Datanode State Machine Task Thread - 0"  prio=5 tid=191 in Object.wait()
java.lang.Thread.State: WAITING (on object monitor)
        at sun.misc.Unsafe.park(Native Method)
        at java.util.concurrent.locks.LockSupport.park(LockSupport.java:175)
        at java.util.concurrent.locks.AbstractQueuedSynchronizer$ConditionObject.await(AbstractQueuedSynchronizer.java:2039)
        at java.util.concurrent.LinkedBlockingQueue.take(LinkedBlockingQueue.java:442)
        at java.util.concurrent.ThreadPoolExecutor.getTask(ThreadPoolExecutor.java:1074)
        at java.util.concurrent.ThreadPoolExecutor.runWorker(ThreadPoolExecutor.java:1134)
        at java.util.concurrent.ThreadPoolExecutor$Worker.run(ThreadPoolExecutor.java:624)
        at java.lang.Thread.run(Thread.java:750)
"Reference Handler" daemon prio=10 tid=2 in Object.wait()
java.lang.Thread.State: WAITING (on object monitor)
        at java.lang.Object.wait(Native Method)
        at java.lang.Object.wait(Object.java:502)
        at java.lang.ref.Reference.tryHandlePending(Reference.java:191)
        at java.lang.ref.Reference$ReferenceHandler.run(Reference.java:153)
"ChunkReader-5" daemon prio=5 tid=799 in Object.wait()
java.lang.Thread.State: WAITING (on object monitor)
        at sun.misc.Unsafe.park(Native Method)
        at java.util.concurrent.locks.LockSupport.park(LockSupport.java:175)
        at java.util.concurrent.locks.AbstractQueuedSynchronizer$ConditionObject.await(AbstractQueuedSynchronizer.java:2039)
        at java.util.concurrent.LinkedBlockingQueue.take(LinkedBlockingQueue.java:442)
        at java.util.concurrent.ThreadPoolExecutor.getTask(ThreadPoolExecutor.java:1074)
        at java.util.concurrent.ThreadPoolExecutor.runWorker(ThreadPoolExecutor.java:1134)
        at java.util.concurrent.ThreadPoolExecutor$Worker.run(ThreadPoolExecutor.java:624)
        at java.lang.Thread.run(Thread.java:750)
"ChunkWriter-0-0" daemon prio=5 tid=467 in Object.wait()
java.lang.Thread.State: WAITING (on object monitor)
        at sun.misc.Unsafe.park(Native Method)
        at java.util.concurrent.locks.LockSupport.park(LockSupport.java:175)
        at java.util.concurrent.locks.AbstractQueuedSynchronizer$ConditionObject.await(AbstractQueuedSynchronizer.java:2039)
        at java.util.concurrent.LinkedBlockingDeque.takeFirst(LinkedBlockingDeque.java:492)
        at java.util.concurrent.LinkedBlockingDeque.take(LinkedBlockingDeque.java:680)
        at java.util.concurrent.ThreadPoolExecutor.getTask(ThreadPoolExecutor.java:1074)
        at java.util.concurrent.ThreadPoolExecutor.runWorker(ThreadPoolExecutor.java:1134)
        at java.util.concurrent.ThreadPoolExecutor$Worker.run(ThreadPoolExecutor.java:624)
        at java.lang.Thread.run(Thread.java:750)
"IPC Server handler 7 on default port 34145" daemon prio=5 tid=151 timed_waiting
java.lang.Thread.State: TIMED_WAITING
        at sun.misc.Unsafe.park(Native Method)
        at java.util.concurrent.locks.LockSupport.parkNanos(LockSupport.java:215)
        at java.util.concurrent.locks.AbstractQueuedSynchronizer$ConditionObject.awaitNanos(AbstractQueuedSynchronizer.java:2078)
        at java.util.concurrent.LinkedBlockingQueue.poll(LinkedBlockingQueue.java:467)
        at org.apache.hadoop.ipc.CallQueueManager.take(CallQueueManager.java:317)
        at org.apache.hadoop.ipc.Server$Handler.run(Server.java:2942)
"075aeae4-9dac-4c28-be7c-8f8b2eb5b04f@group-5DBD8395D328-SegmentedRaftLogWorker"  prio=5 tid=650 timed_waiting
java.lang.Thread.State: TIMED_WAITING
        at sun.misc.Unsafe.park(Native Method)
        at java.util.concurrent.locks.LockSupport.parkNanos(LockSupport.java:215)
        at java.util.concurrent.locks.AbstractQueuedSynchronizer$ConditionObject.awaitNanos(AbstractQueuedSynchronizer.java:2078)
        at org.apache.ratis.util.DataBlockingQueue.poll(DataBlockingQueue.java:148)
        at org.apache.ratis.server.raftlog.segmented.SegmentedRaftLogWorker.run(SegmentedRaftLogWorker.java:310)
        at org.apache.ratis.server.raftlog.segmented.SegmentedRaftLogWorker$$Lambda$661/1174177291.run(Unknown Source)
        at java.lang.Thread.run(Thread.java:750)
"075aeae4-9dac-4c28-be7c-8f8b2eb5b04f-server-thread2" daemon prio=5 tid=846 timed_waiting
java.lang.Thread.State: TIMED_WAITING
        at sun.misc.Unsafe.park(Native Method)
        at java.util.concurrent.locks.LockSupport.parkNanos(LockSupport.java:215)
        at java.util.concurrent.SynchronousQueue$TransferStack.awaitFulfill(SynchronousQueue.java:460)
        at java.util.concurrent.SynchronousQueue$TransferStack.transfer(SynchronousQueue.java:362)
        at java.util.concurrent.SynchronousQueue.poll(SynchronousQueue.java:941)
        at java.util.concurrent.ThreadPoolExecutor.getTask(ThreadPoolExecutor.java:1073)
        at java.util.concurrent.ThreadPoolExecutor.runWorker(ThreadPoolExecutor.java:1134)
        at java.util.concurrent.ThreadPoolExecutor$Worker.run(ThreadPoolExecutor.java:624)
        at java.lang.Thread.run(Thread.java:750)
"Datanode ReportManager Thread - 4" daemon prio=5 tid=188 in Object.wait()
java.lang.Thread.State: WAITING (on object monitor)
        at sun.misc.Unsafe.park(Native Method)
        at java.util.concurrent.locks.LockSupport.park(LockSupport.java:175)
        at java.util.concurrent.locks.AbstractQueuedSynchronizer$ConditionObject.await(AbstractQueuedSynchronizer.java:2039)
        at java.util.concurrent.ScheduledThreadPoolExecutor$DelayedWorkQueue.take(ScheduledThreadPoolExecutor.java:1088)
        at java.util.concurrent.ScheduledThreadPoolExecutor$DelayedWorkQueue.take(ScheduledThreadPoolExecutor.java:809)
        at java.util.concurrent.ThreadPoolExecutor.getTask(ThreadPoolExecutor.java:1074)
        at java.util.concurrent.ThreadPoolExecutor.runWorker(ThreadPoolExecutor.java:1134)
        at java.util.concurrent.ThreadPoolExecutor$Worker.run(ThreadPoolExecutor.java:624)
        at java.lang.Thread.run(Thread.java:750)
"eb081a82-3196-45ae-99e9-89c991687437@group-9B766A163DE0-StateMachineUpdater" daemon prio=5 tid=674 timed_waiting
java.lang.Thread.State: TIMED_WAITING
        at sun.misc.Unsafe.park(Native Method)
        at java.util.concurrent.locks.LockSupport.parkNanos(LockSupport.java:215)
        at java.util.concurrent.CompletableFuture$Signaller.block(CompletableFuture.java:1709)
        at java.util.concurrent.ForkJoinPool.managedBlock(ForkJoinPool.java:3323)
        at java.util.concurrent.CompletableFuture.timedGet(CompletableFuture.java:1788)
        at java.util.concurrent.CompletableFuture.get(CompletableFuture.java:1928)
        at org.apache.ratis.util.AwaitForSignal.await(AwaitForSignal.java:56)
        at org.apache.ratis.server.impl.StateMachineUpdater.waitForCommit(StateMachineUpdater.java:207)
        at org.apache.ratis.server.impl.StateMachineUpdater.run(StateMachineUpdater.java:176)
        at java.lang.Thread.run(Thread.java:750)
"6e54690b-befe-42c2-a4b7-a861f73b2b3f@group-D15EFCC0BBCA-SegmentedRaftLogWorker"  prio=5 tid=604 timed_waiting
java.lang.Thread.State: TIMED_WAITING
        at sun.misc.Unsafe.park(Native Method)
        at java.util.concurrent.locks.LockSupport.parkNanos(LockSupport.java:215)
        at java.util.concurrent.locks.AbstractQueuedSynchronizer$ConditionObject.awaitNanos(AbstractQueuedSynchronizer.java:2078)
        at org.apache.ratis.util.DataBlockingQueue.poll(DataBlockingQueue.java:148)
        at org.apache.ratis.server.raftlog.segmented.SegmentedRaftLogWorker.run(SegmentedRaftLogWorker.java:310)
        at org.apache.ratis.server.raftlog.segmented.SegmentedRaftLogWorker$$Lambda$661/1174177291.run(Unknown Source)
        at java.lang.Thread.run(Thread.java:750)
"BlockDeletingService#1" daemon prio=5 tid=499 timed_waiting
java.lang.Thread.State: TIMED_WAITING
        at sun.misc.Unsafe.park(Native Method)
        at java.util.concurrent.locks.LockSupport.parkNanos(LockSupport.java:215)
        at java.util.concurrent.locks.AbstractQueuedSynchronizer$ConditionObject.awaitNanos(AbstractQueuedSynchronizer.java:2078)
        at java.util.concurrent.ScheduledThreadPoolExecutor$DelayedWorkQueue.take(ScheduledThreadPoolExecutor.java:1093)
        at java.util.concurrent.ScheduledThreadPoolExecutor$DelayedWorkQueue.take(ScheduledThreadPoolExecutor.java:809)
        at java.util.concurrent.ThreadPoolExecutor.getTask(ThreadPoolExecutor.java:1074)
        at java.util.concurrent.ThreadPoolExecutor.runWorker(ThreadPoolExecutor.java:1134)
        at java.util.concurrent.ThreadPoolExecutor$Worker.run(ThreadPoolExecutor.java:624)
        at java.lang.Thread.run(Thread.java:750)
"StaleRecoveringContainerScrubbingService#2" daemon prio=5 tid=876 in Object.wait()
java.lang.Thread.State: WAITING (on object monitor)
        at sun.misc.Unsafe.park(Native Method)
        at java.util.concurrent.locks.LockSupport.park(LockSupport.java:175)
        at java.util.concurrent.locks.AbstractQueuedSynchronizer$ConditionObject.await(AbstractQueuedSynchronizer.java:2039)
        at java.util.concurrent.ScheduledThreadPoolExecutor$DelayedWorkQueue.take(ScheduledThreadPoolExecutor.java:1088)
        at java.util.concurrent.ScheduledThreadPoolExecutor$DelayedWorkQueue.take(ScheduledThreadPoolExecutor.java:809)
        at java.util.concurrent.ThreadPoolExecutor.getTask(ThreadPoolExecutor.java:1074)
        at java.util.concurrent.ThreadPoolExecutor.runWorker(ThreadPoolExecutor.java:1134)
        at java.util.concurrent.ThreadPoolExecutor$Worker.run(ThreadPoolExecutor.java:624)
        at java.lang.Thread.run(Thread.java:750)
"Datanode ReportManager Thread - 4" daemon prio=5 tid=268 in Object.wait()
java.lang.Thread.State: WAITING (on object monitor)
        at sun.misc.Unsafe.park(Native Method)
        at java.util.concurrent.locks.LockSupport.park(LockSupport.java:175)
        at java.util.concurrent.locks.AbstractQueuedSynchronizer$ConditionObject.await(AbstractQueuedSynchronizer.java:2039)
        at java.util.concurrent.ScheduledThreadPoolExecutor$DelayedWorkQueue.take(ScheduledThreadPoolExecutor.java:1088)
        at java.util.concurrent.ScheduledThreadPoolExecutor$DelayedWorkQueue.take(ScheduledThreadPoolExecutor.java:809)
        at java.util.concurrent.ThreadPoolExecutor.getTask(ThreadPoolExecutor.java:1074)
        at java.util.concurrent.ThreadPoolExecutor.runWorker(ThreadPoolExecutor.java:1134)
        at java.util.concurrent.ThreadPoolExecutor$Worker.run(ThreadPoolExecutor.java:624)
        at java.lang.Thread.run(Thread.java:750)
"qtp1473080868-437" daemon prio=5 tid=437 runnable
java.lang.Thread.State: RUNNABLE
        at sun.nio.ch.EPollArrayWrapper.epollWait(Native Method)
        at sun.nio.ch.EPollArrayWrapper.poll(EPollArrayWrapper.java:269)
        at sun.nio.ch.EPollSelectorImpl.doSelect(EPollSelectorImpl.java:93)
        at sun.nio.ch.SelectorImpl.lockAndDoSelect(SelectorImpl.java:86)
        at sun.nio.ch.SelectorImpl.select(SelectorImpl.java:97)
        at sun.nio.ch.SelectorImpl.select(SelectorImpl.java:101)
        at org.eclipse.jetty.io.ManagedSelector.nioSelect(ManagedSelector.java:183)
        at org.eclipse.jetty.io.ManagedSelector.select(ManagedSelector.java:190)
        at org.eclipse.jetty.io.ManagedSelector$SelectorProducer.select(ManagedSelector.java:606)
        at org.eclipse.jetty.io.ManagedSelector$SelectorProducer.produce(ManagedSelector.java:543)
        at org.eclipse.jetty.util.thread.strategy.EatWhatYouKill.produceTask(EatWhatYouKill.java:362)
        at org.eclipse.jetty.util.thread.strategy.EatWhatYouKill.doProduce(EatWhatYouKill.java:186)
        at org.eclipse.jetty.util.thread.strategy.EatWhatYouKill.tryProduce(EatWhatYouKill.java:173)
        at org.eclipse.jetty.util.thread.strategy.EatWhatYouKill.produce(EatWhatYouKill.java:137)
        at org.eclipse.jetty.io.ManagedSelector$$Lambda$443/1703412736.run(Unknown Source)
        at org.eclipse.jetty.util.thread.QueuedThreadPool.runJob(QueuedThreadPool.java:883)
        at org.eclipse.jetty.util.thread.QueuedThreadPool$Runner.run(QueuedThreadPool.java:1034)
        at java.lang.Thread.run(Thread.java:750)
"DirectoryDeletingService#0" daemon prio=5 tid=132 timed_waiting
java.lang.Thread.State: TIMED_WAITING
        at sun.misc.Unsafe.park(Native Method)
        at java.util.concurrent.locks.LockSupport.parkNanos(LockSupport.java:215)
        at java.util.concurrent.locks.AbstractQueuedSynchronizer$ConditionObject.awaitNanos(AbstractQueuedSynchronizer.java:2078)
        at java.util.concurrent.ScheduledThreadPoolExecutor$DelayedWorkQueue.take(ScheduledThreadPoolExecutor.java:1093)
        at java.util.concurrent.ScheduledThreadPoolExecutor$DelayedWorkQueue.take(ScheduledThreadPoolExecutor.java:809)
        at java.util.concurrent.ThreadPoolExecutor.getTask(ThreadPoolExecutor.java:1074)
        at java.util.concurrent.ThreadPoolExecutor.runWorker(ThreadPoolExecutor.java:1134)
        at java.util.concurrent.ThreadPoolExecutor$Worker.run(ThreadPoolExecutor.java:624)
        at java.lang.Thread.run(Thread.java:750)
"IPC Server handler 2 on default port 45703" daemon prio=5 tid=39 timed_waiting
java.lang.Thread.State: TIMED_WAITING
        at sun.misc.Unsafe.park(Native Method)
        at java.util.concurrent.locks.LockSupport.parkNanos(LockSupport.java:215)
        at java.util.concurrent.locks.AbstractQueuedSynchronizer$ConditionObject.awaitNanos(AbstractQueuedSynchronizer.java:2078)
        at java.util.concurrent.LinkedBlockingQueue.poll(LinkedBlockingQueue.java:467)
        at org.apache.hadoop.ipc.CallQueueManager.take(CallQueueManager.java:317)
        at org.apache.hadoop.ipc.Server$Handler.run(Server.java:2942)
"9befe131-ee01-45a3-b6b9-b3ceb7636d7b@group-AF50F2D84CC3->075aeae4-9dac-4c28-be7c-8f8b2eb5b04f-GrpcLogAppender-LogAppenderDaemon" daemon prio=5 tid=841 timed_waiting
java.lang.Thread.State: TIMED_WAITING
        at sun.misc.Unsafe.park(Native Method)
        at java.util.concurrent.locks.LockSupport.parkNanos(LockSupport.java:215)
        at java.util.concurrent.CompletableFuture$Signaller.block(CompletableFuture.java:1709)
        at java.util.concurrent.ForkJoinPool.managedBlock(ForkJoinPool.java:3323)
        at java.util.concurrent.CompletableFuture.timedGet(CompletableFuture.java:1788)
        at java.util.concurrent.CompletableFuture.get(CompletableFuture.java:1928)
        at org.apache.ratis.util.AwaitForSignal.await(AwaitForSignal.java:56)
        at org.apache.ratis.grpc.server.GrpcLogAppender.mayWait(GrpcLogAppender.java:198)
        at org.apache.ratis.grpc.server.GrpcLogAppender.run(GrpcLogAppender.java:148)
        at org.apache.ratis.server.leader.LogAppenderDaemon.run(LogAppenderDaemon.java:78)
        at org.apache.ratis.server.leader.LogAppenderDaemon$$Lambda$1029/1859749780.run(Unknown Source)
        at java.lang.Thread.run(Thread.java:750)
"StaleRecoveringContainerScrubbingService#1" daemon prio=5 tid=531 timed_waiting
java.lang.Thread.State: TIMED_WAITING
        at sun.misc.Unsafe.park(Native Method)
        at java.util.concurrent.locks.LockSupport.parkNanos(LockSupport.java:215)
        at java.util.concurrent.locks.AbstractQueuedSynchronizer$ConditionObject.awaitNanos(AbstractQueuedSynchronizer.java:2078)
        at java.util.concurrent.ScheduledThreadPoolExecutor$DelayedWorkQueue.take(ScheduledThreadPoolExecutor.java:1093)
        at java.util.concurrent.ScheduledThreadPoolExecutor$DelayedWorkQueue.take(ScheduledThreadPoolExecutor.java:809)
        at java.util.concurrent.ThreadPoolExecutor.getTask(ThreadPoolExecutor.java:1074)
        at java.util.concurrent.ThreadPoolExecutor.runWorker(ThreadPoolExecutor.java:1134)
        at java.util.concurrent.ThreadPoolExecutor$Worker.run(ThreadPoolExecutor.java:624)
        at java.lang.Thread.run(Thread.java:750)
"63ee6728-2597-4353-a315-509fdfe6db5e@group-9278B7B813B0->e349f11f-4d2d-4584-922f-e3c208c9e657-GrpcLogAppender-LogAppenderDaemon" daemon prio=5 tid=859 timed_waiting
java.lang.Thread.State: TIMED_WAITING
        at sun.misc.Unsafe.park(Native Method)
        at java.util.concurrent.locks.LockSupport.parkNanos(LockSupport.java:215)
        at java.util.concurrent.CompletableFuture$Signaller.block(CompletableFuture.java:1709)
        at java.util.concurrent.ForkJoinPool.managedBlock(ForkJoinPool.java:3323)
        at java.util.concurrent.CompletableFuture.timedGet(CompletableFuture.java:1788)
        at java.util.concurrent.CompletableFuture.get(CompletableFuture.java:1928)
        at org.apache.ratis.util.AwaitForSignal.await(AwaitForSignal.java:56)
        at org.apache.ratis.grpc.server.GrpcLogAppender.mayWait(GrpcLogAppender.java:198)
        at org.apache.ratis.grpc.server.GrpcLogAppender.run(GrpcLogAppender.java:148)
        at org.apache.ratis.server.leader.LogAppenderDaemon.run(LogAppenderDaemon.java:78)
        at org.apache.ratis.server.leader.LogAppenderDaemon$$Lambda$1029/1859749780.run(Unknown Source)
        at java.lang.Thread.run(Thread.java:750)
"pool-296-thread-1"  prio=5 tid=436 timed_waiting
java.lang.Thread.State: TIMED_WAITING
        at sun.misc.Unsafe.park(Native Method)
        at java.util.concurrent.locks.LockSupport.parkNanos(LockSupport.java:215)
        at java.util.concurrent.locks.AbstractQueuedSynchronizer$ConditionObject.awaitNanos(AbstractQueuedSynchronizer.java:2078)
        at java.util.concurrent.ScheduledThreadPoolExecutor$DelayedWorkQueue.take(ScheduledThreadPoolExecutor.java:1093)
        at java.util.concurrent.ScheduledThreadPoolExecutor$DelayedWorkQueue.take(ScheduledThreadPoolExecutor.java:809)
        at java.util.concurrent.ThreadPoolExecutor.getTask(ThreadPoolExecutor.java:1074)
        at java.util.concurrent.ThreadPoolExecutor.runWorker(ThreadPoolExecutor.java:1134)
        at java.util.concurrent.ThreadPoolExecutor$Worker.run(ThreadPoolExecutor.java:624)
        at java.lang.Thread.run(Thread.java:750)
"IPC Server handler 19 on default port 45703" daemon prio=5 tid=56 timed_waiting
java.lang.Thread.State: TIMED_WAITING
        at sun.misc.Unsafe.park(Native Method)
        at java.util.concurrent.locks.LockSupport.parkNanos(LockSupport.java:215)
        at java.util.concurrent.locks.AbstractQueuedSynchronizer$ConditionObject.awaitNanos(AbstractQueuedSynchronizer.java:2078)
        at java.util.concurrent.LinkedBlockingQueue.poll(LinkedBlockingQueue.java:467)
        at org.apache.hadoop.ipc.CallQueueManager.take(CallQueueManager.java:317)
        at org.apache.hadoop.ipc.Server$Handler.run(Server.java:2942)
"ChunkReader-4" daemon prio=5 tid=796 in Object.wait()
java.lang.Thread.State: WAITING (on object monitor)
        at sun.misc.Unsafe.park(Native Method)
        at java.util.concurrent.locks.LockSupport.park(LockSupport.java:175)
        at java.util.concurrent.locks.AbstractQueuedSynchronizer$ConditionObject.await(AbstractQueuedSynchronizer.java:2039)
        at java.util.concurrent.LinkedBlockingQueue.take(LinkedBlockingQueue.java:442)
        at java.util.concurrent.ThreadPoolExecutor.getTask(ThreadPoolExecutor.java:1074)
        at java.util.concurrent.ThreadPoolExecutor.runWorker(ThreadPoolExecutor.java:1134)
        at java.util.concurrent.ThreadPoolExecutor$Worker.run(ThreadPoolExecutor.java:624)
        at java.lang.Thread.run(Thread.java:750)
"d1d68c68-fcd1-40a2-8bd4-08293fe543e0@group-171754D57B70-StateMachineUpdater" daemon prio=5 tid=564 timed_waiting
java.lang.Thread.State: TIMED_WAITING
        at sun.misc.Unsafe.park(Native Method)
        at java.util.concurrent.locks.LockSupport.parkNanos(LockSupport.java:215)
        at java.util.concurrent.CompletableFuture$Signaller.block(CompletableFuture.java:1709)
        at java.util.concurrent.ForkJoinPool.managedBlock(ForkJoinPool.java:3323)
        at java.util.concurrent.CompletableFuture.timedGet(CompletableFuture.java:1788)
        at java.util.concurrent.CompletableFuture.get(CompletableFuture.java:1928)
        at org.apache.ratis.util.AwaitForSignal.await(AwaitForSignal.java:56)
        at org.apache.ratis.server.impl.StateMachineUpdater.waitForCommit(StateMachineUpdater.java:207)
        at org.apache.ratis.server.impl.StateMachineUpdater.run(StateMachineUpdater.java:176)
        at java.lang.Thread.run(Thread.java:750)
"IPC Server handler 12 on default port 45015" daemon prio=5 tid=69 timed_waiting
java.lang.Thread.State: TIMED_WAITING
        at sun.misc.Unsafe.park(Native Method)
        at java.util.concurrent.locks.LockSupport.parkNanos(LockSupport.java:215)
        at java.util.concurrent.locks.AbstractQueuedSynchronizer$ConditionObject.awaitNanos(AbstractQueuedSynchronizer.java:2078)
        at java.util.concurrent.LinkedBlockingQueue.poll(LinkedBlockingQueue.java:467)
        at org.apache.hadoop.ipc.CallQueueManager.take(CallQueueManager.java:317)
        at org.apache.hadoop.ipc.Server$Handler.run(Server.java:2942)
"EndpointStateMachine task thread for /0.0.0.0:45633 - 0 "  prio=5 tid=509 in Object.wait()
java.lang.Thread.State: WAITING (on object monitor)
        at sun.misc.Unsafe.park(Native Method)
        at java.util.concurrent.locks.LockSupport.park(LockSupport.java:175)
        at java.util.concurrent.locks.AbstractQueuedSynchronizer$ConditionObject.await(AbstractQueuedSynchronizer.java:2039)
        at java.util.concurrent.LinkedBlockingQueue.take(LinkedBlockingQueue.java:442)
        at java.util.concurrent.ThreadPoolExecutor.getTask(ThreadPoolExecutor.java:1074)
        at java.util.concurrent.ThreadPoolExecutor.runWorker(ThreadPoolExecutor.java:1134)
        at java.util.concurrent.ThreadPoolExecutor$Worker.run(ThreadPoolExecutor.java:624)
        at java.lang.Thread.run(Thread.java:750)
"IPC Server handler 0 on default port 45015" daemon prio=5 tid=57 timed_waiting
java.lang.Thread.State: TIMED_WAITING
        at sun.misc.Unsafe.park(Native Method)
        at java.util.concurrent.locks.LockSupport.parkNanos(LockSupport.java:215)
        at java.util.concurrent.locks.AbstractQueuedSynchronizer$ConditionObject.awaitNanos(AbstractQueuedSynchronizer.java:2078)
        at java.util.concurrent.LinkedBlockingQueue.poll(LinkedBlockingQueue.java:467)
        at org.apache.hadoop.ipc.CallQueueManager.take(CallQueueManager.java:317)
        at org.apache.hadoop.ipc.Server$Handler.run(Server.java:2942)
"075aeae4-9dac-4c28-be7c-8f8b2eb5b04f@group-AF50F2D84CC3-SegmentedRaftLogWorker"  prio=5 tid=657 timed_waiting
java.lang.Thread.State: TIMED_WAITING
        at sun.misc.Unsafe.park(Native Method)
        at java.util.concurrent.locks.LockSupport.parkNanos(LockSupport.java:215)
        at java.util.concurrent.locks.AbstractQueuedSynchronizer$ConditionObject.awaitNanos(AbstractQueuedSynchronizer.java:2078)
        at org.apache.ratis.util.DataBlockingQueue.poll(DataBlockingQueue.java:148)
        at org.apache.ratis.server.raftlog.segmented.SegmentedRaftLogWorker.run(SegmentedRaftLogWorker.java:310)
        at org.apache.ratis.server.raftlog.segmented.SegmentedRaftLogWorker$$Lambda$661/1174177291.run(Unknown Source)
        at java.lang.Thread.run(Thread.java:750)
"Session-HouseKeeper-7d06a187-1"  prio=5 tid=379 timed_waiting
java.lang.Thread.State: TIMED_WAITING
        at sun.misc.Unsafe.park(Native Method)
        at java.util.concurrent.locks.LockSupport.parkNanos(LockSupport.java:215)
        at java.util.concurrent.locks.AbstractQueuedSynchronizer$ConditionObject.awaitNanos(AbstractQueuedSynchronizer.java:2078)
        at java.util.concurrent.ScheduledThreadPoolExecutor$DelayedWorkQueue.take(ScheduledThreadPoolExecutor.java:1093)
        at java.util.concurrent.ScheduledThreadPoolExecutor$DelayedWorkQueue.take(ScheduledThreadPoolExecutor.java:809)
        at java.util.concurrent.ThreadPoolExecutor.getTask(ThreadPoolExecutor.java:1074)
        at java.util.concurrent.ThreadPoolExecutor.runWorker(ThreadPoolExecutor.java:1134)
        at java.util.concurrent.ThreadPoolExecutor$Worker.run(ThreadPoolExecutor.java:624)
        at java.lang.Thread.run(Thread.java:750)
"qtp1661816191-311" daemon prio=5 tid=311 timed_waiting
java.lang.Thread.State: TIMED_WAITING
        at sun.misc.Unsafe.park(Native Method)
        at java.util.concurrent.locks.LockSupport.parkNanos(LockSupport.java:215)
        at java.util.concurrent.locks.AbstractQueuedSynchronizer$ConditionObject.awaitNanos(AbstractQueuedSynchronizer.java:2078)
        at org.eclipse.jetty.util.BlockingArrayQueue.poll(BlockingArrayQueue.java:382)
        at org.eclipse.jetty.util.thread.QueuedThreadPool$Runner.idleJobPoll(QueuedThreadPool.java:974)
        at org.eclipse.jetty.util.thread.QueuedThreadPool$Runner.run(QueuedThreadPool.java:1018)
        at java.lang.Thread.run(Thread.java:750)
"e349f11f-4d2d-4584-922f-e3c208c9e657@group-D35B2F518A55-SegmentedRaftLogWorker"  prio=5 tid=631 timed_waiting
java.lang.Thread.State: TIMED_WAITING
        at sun.misc.Unsafe.park(Native Method)
        at java.util.concurrent.locks.LockSupport.parkNanos(LockSupport.java:215)
        at java.util.concurrent.locks.AbstractQueuedSynchronizer$ConditionObject.awaitNanos(AbstractQueuedSynchronizer.java:2078)
        at org.apache.ratis.util.DataBlockingQueue.poll(DataBlockingQueue.java:148)
        at org.apache.ratis.server.raftlog.segmented.SegmentedRaftLogWorker.run(SegmentedRaftLogWorker.java:310)
        at org.apache.ratis.server.raftlog.segmented.SegmentedRaftLogWorker$$Lambda$661/1174177291.run(Unknown Source)
        at java.lang.Thread.run(Thread.java:750)
"ChunkWriter-3-0" daemon prio=5 tid=525 in Object.wait()
java.lang.Thread.State: WAITING (on object monitor)
        at sun.misc.Unsafe.park(Native Method)
        at java.util.concurrent.locks.LockSupport.park(LockSupport.java:175)
        at java.util.concurrent.locks.AbstractQueuedSynchronizer$ConditionObject.await(AbstractQueuedSynchronizer.java:2039)
        at java.util.concurrent.LinkedBlockingDeque.takeFirst(LinkedBlockingDeque.java:492)
        at java.util.concurrent.LinkedBlockingDeque.take(LinkedBlockingDeque.java:680)
        at java.util.concurrent.ThreadPoolExecutor.getTask(ThreadPoolExecutor.java:1074)
        at java.util.concurrent.ThreadPoolExecutor.runWorker(ThreadPoolExecutor.java:1134)
        at java.util.concurrent.ThreadPoolExecutor$Worker.run(ThreadPoolExecutor.java:624)
        at java.lang.Thread.run(Thread.java:750)
"org.apache.hadoop.ozone.container.common.statemachine.commandhandler.DeleteBlocksCommandHandler$DeleteCmdWorker@7e33c4b3" daemon prio=5 tid=403 timed_waiting
java.lang.Thread.State: TIMED_WAITING
        at java.lang.Thread.sleep(Native Method)
        at org.apache.hadoop.ozone.container.common.statemachine.commandhandler.DeleteBlocksCommandHandler$DeleteCmdWorker.run(DeleteBlocksCommandHandler.java:183)
        at java.lang.Thread.run(Thread.java:750)
"7c8777a1-edfb-4633-85a4-b901f2ed1d17@group-5F9C72BD7F3F-StateMachineUpdater" daemon prio=5 tid=640 timed_waiting
java.lang.Thread.State: TIMED_WAITING
        at sun.misc.Unsafe.park(Native Method)
        at java.util.concurrent.locks.LockSupport.parkNanos(LockSupport.java:215)
        at java.util.concurrent.CompletableFuture$Signaller.block(CompletableFuture.java:1709)
        at java.util.concurrent.ForkJoinPool.managedBlock(ForkJoinPool.java:3323)
        at java.util.concurrent.CompletableFuture.timedGet(CompletableFuture.java:1788)
        at java.util.concurrent.CompletableFuture.get(CompletableFuture.java:1928)
        at org.apache.ratis.util.AwaitForSignal.await(AwaitForSignal.java:56)
        at org.apache.ratis.server.impl.StateMachineUpdater.waitForCommit(StateMachineUpdater.java:207)
        at org.apache.ratis.server.impl.StateMachineUpdater.run(StateMachineUpdater.java:176)
        at java.lang.Thread.run(Thread.java:750)
"StaleRecoveringContainerScrubbingService#1" daemon prio=5 tid=476 timed_waiting
java.lang.Thread.State: TIMED_WAITING
        at sun.misc.Unsafe.park(Native Method)
        at java.util.concurrent.locks.LockSupport.parkNanos(LockSupport.java:215)
        at java.util.concurrent.locks.AbstractQueuedSynchronizer$ConditionObject.awaitNanos(AbstractQueuedSynchronizer.java:2078)
        at java.util.concurrent.ScheduledThreadPoolExecutor$DelayedWorkQueue.take(ScheduledThreadPoolExecutor.java:1093)
        at java.util.concurrent.ScheduledThreadPoolExecutor$DelayedWorkQueue.take(ScheduledThreadPoolExecutor.java:809)
        at java.util.concurrent.ThreadPoolExecutor.getTask(ThreadPoolExecutor.java:1074)
        at java.util.concurrent.ThreadPoolExecutor.runWorker(ThreadPoolExecutor.java:1134)
        at java.util.concurrent.ThreadPoolExecutor$Worker.run(ThreadPoolExecutor.java:624)
        at java.lang.Thread.run(Thread.java:750)
"IPC Server handler 7 on default port 45015" daemon prio=5 tid=64 timed_waiting
java.lang.Thread.State: TIMED_WAITING
        at sun.misc.Unsafe.park(Native Method)
        at java.util.concurrent.locks.LockSupport.parkNanos(LockSupport.java:215)
        at java.util.concurrent.locks.AbstractQueuedSynchronizer$ConditionObject.awaitNanos(AbstractQueuedSynchronizer.java:2078)
        at java.util.concurrent.LinkedBlockingQueue.poll(LinkedBlockingQueue.java:467)
        at org.apache.hadoop.ipc.CallQueueManager.take(CallQueueManager.java:317)
        at org.apache.hadoop.ipc.Server$Handler.run(Server.java:2942)
"IPC Server handler 0 on default port 45703" daemon prio=5 tid=37 timed_waiting
java.lang.Thread.State: TIMED_WAITING
        at sun.misc.Unsafe.park(Native Method)
        at java.util.concurrent.locks.LockSupport.parkNanos(LockSupport.java:215)
        at java.util.concurrent.locks.AbstractQueuedSynchronizer$ConditionObject.awaitNanos(AbstractQueuedSynchronizer.java:2078)
        at java.util.concurrent.LinkedBlockingQueue.poll(LinkedBlockingQueue.java:467)
        at org.apache.hadoop.ipc.CallQueueManager.take(CallQueueManager.java:317)
        at org.apache.hadoop.ipc.Server$Handler.run(Server.java:2942)
"9befe131-ee01-45a3-b6b9-b3ceb7636d7b@group-5DBD8395D328-StateMachineUpdater" daemon prio=5 tid=647 timed_waiting
java.lang.Thread.State: TIMED_WAITING
        at sun.misc.Unsafe.park(Native Method)
        at java.util.concurrent.locks.LockSupport.parkNanos(LockSupport.java:215)
        at java.util.concurrent.CompletableFuture$Signaller.block(CompletableFuture.java:1709)
        at java.util.concurrent.ForkJoinPool.managedBlock(ForkJoinPool.java:3323)
        at java.util.concurrent.CompletableFuture.timedGet(CompletableFuture.java:1788)
        at java.util.concurrent.CompletableFuture.get(CompletableFuture.java:1928)
        at org.apache.ratis.util.AwaitForSignal.await(AwaitForSignal.java:56)
        at org.apache.ratis.server.impl.StateMachineUpdater.waitForCommit(StateMachineUpdater.java:207)
        at org.apache.ratis.server.impl.StateMachineUpdater.run(StateMachineUpdater.java:176)
        at java.lang.Thread.run(Thread.java:750)
"Datanode ReportManager Thread - 2" daemon prio=5 tid=459 in Object.wait()
java.lang.Thread.State: WAITING (on object monitor)
        at sun.misc.Unsafe.park(Native Method)
        at java.util.concurrent.locks.LockSupport.park(LockSupport.java:175)
        at java.util.concurrent.locks.AbstractQueuedSynchronizer$ConditionObject.await(AbstractQueuedSynchronizer.java:2039)
        at java.util.concurrent.ScheduledThreadPoolExecutor$DelayedWorkQueue.take(ScheduledThreadPoolExecutor.java:1088)
        at java.util.concurrent.ScheduledThreadPoolExecutor$DelayedWorkQueue.take(ScheduledThreadPoolExecutor.java:809)
        at java.util.concurrent.ThreadPoolExecutor.getTask(ThreadPoolExecutor.java:1074)
        at java.util.concurrent.ThreadPoolExecutor.runWorker(ThreadPoolExecutor.java:1134)
        at java.util.concurrent.ThreadPoolExecutor$Worker.run(ThreadPoolExecutor.java:624)
        at java.lang.Thread.run(Thread.java:750)
"IPC Server handler 1 on default port 45703" daemon prio=5 tid=38 timed_waiting
java.lang.Thread.State: TIMED_WAITING
        at sun.misc.Unsafe.park(Native Method)
        at java.util.concurrent.locks.LockSupport.parkNanos(LockSupport.java:215)
        at java.util.concurrent.locks.AbstractQueuedSynchronizer$ConditionObject.awaitNanos(AbstractQueuedSynchronizer.java:2078)
        at java.util.concurrent.LinkedBlockingQueue.poll(LinkedBlockingQueue.java:467)
        at org.apache.hadoop.ipc.CallQueueManager.take(CallQueueManager.java:317)
        at org.apache.hadoop.ipc.Server$Handler.run(Server.java:2942)
"qtp143044035-260" daemon prio=5 tid=260 timed_waiting
java.lang.Thread.State: TIMED_WAITING
        at sun.misc.Unsafe.park(Native Method)
        at java.util.concurrent.locks.LockSupport.parkNanos(LockSupport.java:215)
        at java.util.concurrent.locks.AbstractQueuedSynchronizer$ConditionObject.awaitNanos(AbstractQueuedSynchronizer.java:2078)
        at org.eclipse.jetty.util.BlockingArrayQueue.poll(BlockingArrayQueue.java:382)
        at org.eclipse.jetty.util.thread.QueuedThreadPool$Runner.idleJobPoll(QueuedThreadPool.java:974)
        at org.eclipse.jetty.util.thread.QueuedThreadPool$Runner.run(QueuedThreadPool.java:1018)
        at java.lang.Thread.run(Thread.java:750)
"om1@group-C5BA1605619E-SegmentedRaftLogWorker"  prio=5 tid=125 timed_waiting
java.lang.Thread.State: TIMED_WAITING
        at sun.misc.Unsafe.park(Native Method)
        at java.util.concurrent.locks.LockSupport.parkNanos(LockSupport.java:215)
        at java.util.concurrent.locks.AbstractQueuedSynchronizer$ConditionObject.awaitNanos(AbstractQueuedSynchronizer.java:2078)
        at org.apache.ratis.util.DataBlockingQueue.poll(DataBlockingQueue.java:148)
        at org.apache.ratis.server.raftlog.segmented.SegmentedRaftLogWorker.run(SegmentedRaftLogWorker.java:310)
        at org.apache.ratis.server.raftlog.segmented.SegmentedRaftLogWorker$$Lambda$661/1174177291.run(Unknown Source)
        at java.lang.Thread.run(Thread.java:750)
"qtp1057102665-232" daemon prio=5 tid=232 timed_waiting
java.lang.Thread.State: TIMED_WAITING
        at sun.misc.Unsafe.park(Native Method)
        at java.util.concurrent.locks.LockSupport.parkNanos(LockSupport.java:215)
        at java.util.concurrent.locks.AbstractQueuedSynchronizer$ConditionObject.awaitNanos(AbstractQueuedSynchronizer.java:2078)
        at org.eclipse.jetty.util.BlockingArrayQueue.poll(BlockingArrayQueue.java:382)
        at org.eclipse.jetty.util.thread.QueuedThreadPool$Runner.idleJobPoll(QueuedThreadPool.java:974)
        at org.eclipse.jetty.util.thread.QueuedThreadPool$Runner.run(QueuedThreadPool.java:1018)
        at java.lang.Thread.run(Thread.java:750)
"StaleRecoveringContainerScrubbingService#2" daemon prio=5 tid=865 in Object.wait()
java.lang.Thread.State: WAITING (on object monitor)
        at sun.misc.Unsafe.park(Native Method)
        at java.util.concurrent.locks.LockSupport.park(LockSupport.java:175)
        at java.util.concurrent.locks.AbstractQueuedSynchronizer$ConditionObject.await(AbstractQueuedSynchronizer.java:2039)
        at java.util.concurrent.ScheduledThreadPoolExecutor$DelayedWorkQueue.take(ScheduledThreadPoolExecutor.java:1088)
        at java.util.concurrent.ScheduledThreadPoolExecutor$DelayedWorkQueue.take(ScheduledThreadPoolExecutor.java:809)
        at java.util.concurrent.ThreadPoolExecutor.getTask(ThreadPoolExecutor.java:1074)
        at java.util.concurrent.ThreadPoolExecutor.runWorker(ThreadPoolExecutor.java:1134)
        at java.util.concurrent.ThreadPoolExecutor$Worker.run(ThreadPoolExecutor.java:624)
        at java.lang.Thread.run(Thread.java:750)
"pool-141-thread-1"  prio=5 tid=603 in Object.wait()
java.lang.Thread.State: WAITING (on object monitor)
        at sun.misc.Unsafe.park(Native Method)
        at java.util.concurrent.locks.LockSupport.park(LockSupport.java:175)
        at java.util.concurrent.locks.AbstractQueuedSynchronizer$ConditionObject.await(AbstractQueuedSynchronizer.java:2039)
        at java.util.concurrent.LinkedBlockingQueue.take(LinkedBlockingQueue.java:442)
        at java.util.concurrent.ThreadPoolExecutor.getTask(ThreadPoolExecutor.java:1074)
        at java.util.concurrent.ThreadPoolExecutor.runWorker(ThreadPoolExecutor.java:1134)
        at java.util.concurrent.ThreadPoolExecutor$Worker.run(ThreadPoolExecutor.java:624)
        at java.lang.Thread.run(Thread.java:750)
"Datanode ReportManager Thread - 3" daemon prio=5 tid=319 timed_waiting
java.lang.Thread.State: TIMED_WAITING
        at sun.misc.Unsafe.park(Native Method)
        at java.util.concurrent.locks.LockSupport.parkNanos(LockSupport.java:215)
        at java.util.concurrent.locks.AbstractQueuedSynchronizer$ConditionObject.awaitNanos(AbstractQueuedSynchronizer.java:2078)
        at java.util.concurrent.ScheduledThreadPoolExecutor$DelayedWorkQueue.take(ScheduledThreadPoolExecutor.java:1093)
        at java.util.concurrent.ScheduledThreadPoolExecutor$DelayedWorkQueue.take(ScheduledThreadPoolExecutor.java:809)
        at java.util.concurrent.ThreadPoolExecutor.getTask(ThreadPoolExecutor.java:1074)
        at java.util.concurrent.ThreadPoolExecutor.runWorker(ThreadPoolExecutor.java:1134)
        at java.util.concurrent.ThreadPoolExecutor$Worker.run(ThreadPoolExecutor.java:624)
        at java.lang.Thread.run(Thread.java:750)
"Datanode ReportManager Thread - 1" daemon prio=5 tid=185 in Object.wait()
java.lang.Thread.State: WAITING (on object monitor)
        at sun.misc.Unsafe.park(Native Method)
        at java.util.concurrent.locks.LockSupport.park(LockSupport.java:175)
        at java.util.concurrent.locks.AbstractQueuedSynchronizer$ConditionObject.await(AbstractQueuedSynchronizer.java:2039)
        at java.util.concurrent.ScheduledThreadPoolExecutor$DelayedWorkQueue.take(ScheduledThreadPoolExecutor.java:1088)
        at java.util.concurrent.ScheduledThreadPoolExecutor$DelayedWorkQueue.take(ScheduledThreadPoolExecutor.java:809)
        at java.util.concurrent.ThreadPoolExecutor.getTask(ThreadPoolExecutor.java:1074)
        at java.util.concurrent.ThreadPoolExecutor.runWorker(ThreadPoolExecutor.java:1134)
        at java.util.concurrent.ThreadPoolExecutor$Worker.run(ThreadPoolExecutor.java:624)
        at java.lang.Thread.run(Thread.java:750)
"qtp1405887855-179" daemon prio=5 tid=179 timed_waiting
java.lang.Thread.State: TIMED_WAITING
        at sun.misc.Unsafe.park(Native Method)
        at java.util.concurrent.locks.LockSupport.parkNanos(LockSupport.java:215)
        at java.util.concurrent.locks.AbstractQueuedSynchronizer$ConditionObject.awaitNanos(AbstractQueuedSynchronizer.java:2078)
        at org.eclipse.jetty.util.BlockingArrayQueue.poll(BlockingArrayQueue.java:382)
        at org.eclipse.jetty.util.thread.QueuedThreadPool$Runner.idleJobPoll(QueuedThreadPool.java:974)
        at org.eclipse.jetty.util.thread.QueuedThreadPool$Runner.run(QueuedThreadPool.java:1018)
        at java.lang.Thread.run(Thread.java:750)
"StaleRecoveringContainerScrubbingService#1" daemon prio=5 tid=488 timed_waiting
java.lang.Thread.State: TIMED_WAITING
        at sun.misc.Unsafe.park(Native Method)
        at java.util.concurrent.locks.LockSupport.parkNanos(LockSupport.java:215)
        at java.util.concurrent.locks.AbstractQueuedSynchronizer$ConditionObject.awaitNanos(AbstractQueuedSynchronizer.java:2078)
        at java.util.concurrent.ScheduledThreadPoolExecutor$DelayedWorkQueue.take(ScheduledThreadPoolExecutor.java:1093)
        at java.util.concurrent.ScheduledThreadPoolExecutor$DelayedWorkQueue.take(ScheduledThreadPoolExecutor.java:809)
        at java.util.concurrent.ThreadPoolExecutor.getTask(ThreadPoolExecutor.java:1074)
        at java.util.concurrent.ThreadPoolExecutor.runWorker(ThreadPoolExecutor.java:1134)
        at java.util.concurrent.ThreadPoolExecutor$Worker.run(ThreadPoolExecutor.java:624)
        at java.lang.Thread.run(Thread.java:750)
"Periodic HDDS volume checker" daemon prio=5 tid=325 timed_waiting
java.lang.Thread.State: TIMED_WAITING
        at sun.misc.Unsafe.park(Native Method)
        at java.util.concurrent.locks.LockSupport.parkNanos(LockSupport.java:215)
        at java.util.concurrent.locks.AbstractQueuedSynchronizer$ConditionObject.awaitNanos(AbstractQueuedSynchronizer.java:2078)
        at java.util.concurrent.ScheduledThreadPoolExecutor$DelayedWorkQueue.take(ScheduledThreadPoolExecutor.java:1093)
        at java.util.concurrent.ScheduledThreadPoolExecutor$DelayedWorkQueue.take(ScheduledThreadPoolExecutor.java:809)
        at java.util.concurrent.ThreadPoolExecutor.getTask(ThreadPoolExecutor.java:1074)
        at java.util.concurrent.ThreadPoolExecutor.runWorker(ThreadPoolExecutor.java:1134)
        at java.util.concurrent.ThreadPoolExecutor$Worker.run(ThreadPoolExecutor.java:624)
        at java.lang.Thread.run(Thread.java:750)
"IPC Server handler 17 on default port 45633" daemon prio=5 tid=94 timed_waiting
java.lang.Thread.State: TIMED_WAITING
        at sun.misc.Unsafe.park(Native Method)
        at java.util.concurrent.locks.LockSupport.parkNanos(LockSupport.java:215)
        at java.util.concurrent.locks.AbstractQueuedSynchronizer$ConditionObject.awaitNanos(AbstractQueuedSynchronizer.java:2078)
        at java.util.concurrent.LinkedBlockingQueue.poll(LinkedBlockingQueue.java:467)
        at org.apache.hadoop.ipc.CallQueueManager.take(CallQueueManager.java:317)
        at org.apache.hadoop.ipc.Server$Handler.run(Server.java:2942)
"qtp651614956-282" daemon prio=5 tid=282 timed_waiting
java.lang.Thread.State: TIMED_WAITING
        at sun.misc.Unsafe.park(Native Method)
        at java.util.concurrent.locks.LockSupport.parkNanos(LockSupport.java:215)
        at java.util.concurrent.locks.AbstractQueuedSynchronizer$ConditionObject.awaitNanos(AbstractQueuedSynchronizer.java:2078)
        at org.eclipse.jetty.util.BlockingArrayQueue.poll(BlockingArrayQueue.java:382)
        at org.eclipse.jetty.util.thread.QueuedThreadPool$Runner.idleJobPoll(QueuedThreadPool.java:974)
        at org.eclipse.jetty.util.thread.QueuedThreadPool$Runner.run(QueuedThreadPool.java:1018)
        at java.lang.Thread.run(Thread.java:750)
"BlockDeletingService#2" daemon prio=5 tid=879 in Object.wait()
java.lang.Thread.State: WAITING (on object monitor)
        at sun.misc.Unsafe.park(Native Method)
        at java.util.concurrent.locks.LockSupport.park(LockSupport.java:175)
        at java.util.concurrent.locks.AbstractQueuedSynchronizer$ConditionObject.await(AbstractQueuedSynchronizer.java:2039)
        at java.util.concurrent.ScheduledThreadPoolExecutor$DelayedWorkQueue.take(ScheduledThreadPoolExecutor.java:1088)
        at java.util.concurrent.ScheduledThreadPoolExecutor$DelayedWorkQueue.take(ScheduledThreadPoolExecutor.java:809)
        at java.util.concurrent.ThreadPoolExecutor.getTask(ThreadPoolExecutor.java:1074)
        at java.util.concurrent.ThreadPoolExecutor.runWorker(ThreadPoolExecutor.java:1134)
        at java.util.concurrent.ThreadPoolExecutor$Worker.run(ThreadPoolExecutor.java:624)
        at java.lang.Thread.run(Thread.java:750)
"IPC Server handler 13 on default port 45015" daemon prio=5 tid=70 timed_waiting
java.lang.Thread.State: TIMED_WAITING
        at sun.misc.Unsafe.park(Native Method)
        at java.util.concurrent.locks.LockSupport.parkNanos(LockSupport.java:215)
        at java.util.concurrent.locks.AbstractQueuedSynchronizer$ConditionObject.awaitNanos(AbstractQueuedSynchronizer.java:2078)
        at java.util.concurrent.LinkedBlockingQueue.poll(LinkedBlockingQueue.java:467)
        at org.apache.hadoop.ipc.CallQueueManager.take(CallQueueManager.java:317)
        at org.apache.hadoop.ipc.Server$Handler.run(Server.java:2942)
"IPC Server handler 11 on default port 45015" daemon prio=5 tid=68 timed_waiting
java.lang.Thread.State: TIMED_WAITING
        at sun.misc.Unsafe.park(Native Method)
        at java.util.concurrent.locks.LockSupport.parkNanos(LockSupport.java:215)
        at java.util.concurrent.locks.AbstractQueuedSynchronizer$ConditionObject.awaitNanos(AbstractQueuedSynchronizer.java:2078)
        at java.util.concurrent.LinkedBlockingQueue.poll(LinkedBlockingQueue.java:467)
        at org.apache.hadoop.ipc.CallQueueManager.take(CallQueueManager.java:317)
        at org.apache.hadoop.ipc.Server$Handler.run(Server.java:2942)
"qtp662442178-378" daemon prio=5 tid=378 timed_waiting
java.lang.Thread.State: TIMED_WAITING
        at sun.misc.Unsafe.park(Native Method)
        at java.util.concurrent.locks.LockSupport.parkNanos(LockSupport.java:215)
        at java.util.concurrent.locks.AbstractQueuedSynchronizer$ConditionObject.awaitNanos(AbstractQueuedSynchronizer.java:2078)
        at org.eclipse.jetty.util.BlockingArrayQueue.poll(BlockingArrayQueue.java:382)
        at org.eclipse.jetty.util.thread.QueuedThreadPool$Runner.idleJobPoll(QueuedThreadPool.java:974)
        at org.eclipse.jetty.util.thread.QueuedThreadPool$Runner.run(QueuedThreadPool.java:1018)
        at java.lang.Thread.run(Thread.java:750)
"Datanode ReportManager Thread - 4" daemon prio=5 tid=385 timed_waiting
java.lang.Thread.State: TIMED_WAITING
        at sun.misc.Unsafe.park(Native Method)
        at java.util.concurrent.locks.LockSupport.parkNanos(LockSupport.java:215)
        at java.util.concurrent.locks.AbstractQueuedSynchronizer$ConditionObject.awaitNanos(AbstractQueuedSynchronizer.java:2078)
        at java.util.concurrent.ScheduledThreadPoolExecutor$DelayedWorkQueue.take(ScheduledThreadPoolExecutor.java:1093)
        at java.util.concurrent.ScheduledThreadPoolExecutor$DelayedWorkQueue.take(ScheduledThreadPoolExecutor.java:809)
        at java.util.concurrent.ThreadPoolExecutor.getTask(ThreadPoolExecutor.java:1074)
        at java.util.concurrent.ThreadPoolExecutor.runWorker(ThreadPoolExecutor.java:1134)
        at java.util.concurrent.ThreadPoolExecutor$Worker.run(ThreadPoolExecutor.java:624)
        at java.lang.Thread.run(Thread.java:750)
"BlockDeletingService#2" daemon prio=5 tid=869 in Object.wait()
java.lang.Thread.State: WAITING (on object monitor)
        at sun.misc.Unsafe.park(Native Method)
        at java.util.concurrent.locks.LockSupport.park(LockSupport.java:175)
        at java.util.concurrent.locks.AbstractQueuedSynchronizer$ConditionObject.await(AbstractQueuedSynchronizer.java:2039)
        at java.util.concurrent.ScheduledThreadPoolExecutor$DelayedWorkQueue.take(ScheduledThreadPoolExecutor.java:1088)
        at java.util.concurrent.ScheduledThreadPoolExecutor$DelayedWorkQueue.take(ScheduledThreadPoolExecutor.java:809)
        at java.util.concurrent.ThreadPoolExecutor.getTask(ThreadPoolExecutor.java:1074)
        at java.util.concurrent.ThreadPoolExecutor.runWorker(ThreadPoolExecutor.java:1134)
        at java.util.concurrent.ThreadPoolExecutor$Worker.run(ThreadPoolExecutor.java:624)
        at java.lang.Thread.run(Thread.java:750)
"ChunkReader-1" daemon prio=5 tid=784 in Object.wait()
java.lang.Thread.State: WAITING (on object monitor)
        at sun.misc.Unsafe.park(Native Method)
        at java.util.concurrent.locks.LockSupport.park(LockSupport.java:175)
        at java.util.concurrent.locks.AbstractQueuedSynchronizer$ConditionObject.await(AbstractQueuedSynchronizer.java:2039)
        at java.util.concurrent.LinkedBlockingQueue.take(LinkedBlockingQueue.java:442)
        at java.util.concurrent.ThreadPoolExecutor.getTask(ThreadPoolExecutor.java:1074)
        at java.util.concurrent.ThreadPoolExecutor.runWorker(ThreadPoolExecutor.java:1134)
        at java.util.concurrent.ThreadPoolExecutor$Worker.run(ThreadPoolExecutor.java:624)
        at java.lang.Thread.run(Thread.java:750)
"Timer-0"  prio=5 tid=130 timed_waiting
java.lang.Thread.State: TIMED_WAITING
        at java.lang.Object.wait(Native Method)
        at java.util.TimerThread.mainLoop(Timer.java:552)
        at java.util.TimerThread.run(Timer.java:505)
"IPC Server idle connection scanner for port 45633" daemon prio=5 tid=25 timed_waiting
java.lang.Thread.State: TIMED_WAITING
        at java.lang.Object.wait(Native Method)
        at java.util.TimerThread.mainLoop(Timer.java:552)
        at java.util.TimerThread.run(Timer.java:505)
"IPC Server handler 16 on default port 45633" daemon prio=5 tid=93 timed_waiting
java.lang.Thread.State: TIMED_WAITING
        at sun.misc.Unsafe.park(Native Method)
        at java.util.concurrent.locks.LockSupport.parkNanos(LockSupport.java:215)
        at java.util.concurrent.locks.AbstractQueuedSynchronizer$ConditionObject.awaitNanos(AbstractQueuedSynchronizer.java:2078)
        at java.util.concurrent.LinkedBlockingQueue.poll(LinkedBlockingQueue.java:467)
        at org.apache.hadoop.ipc.CallQueueManager.take(CallQueueManager.java:317)
        at org.apache.hadoop.ipc.Server$Handler.run(Server.java:2942)
"IPC Server handler 10 on default port 45633" daemon prio=5 tid=87 timed_waiting
java.lang.Thread.State: TIMED_WAITING
        at sun.misc.Unsafe.park(Native Method)
        at java.util.concurrent.locks.LockSupport.parkNanos(LockSupport.java:215)
        at java.util.concurrent.locks.AbstractQueuedSynchronizer$ConditionObject.awaitNanos(AbstractQueuedSynchronizer.java:2078)
        at java.util.concurrent.LinkedBlockingQueue.poll(LinkedBlockingQueue.java:467)
        at org.apache.hadoop.ipc.CallQueueManager.take(CallQueueManager.java:317)
        at org.apache.hadoop.ipc.Server$Handler.run(Server.java:2942)
"EventQueue-PipelineReportForPipelineReportHandler" daemon prio=5 tid=506 in Object.wait()
java.lang.Thread.State: WAITING (on object monitor)
        at sun.misc.Unsafe.park(Native Method)
        at java.util.concurrent.locks.LockSupport.park(LockSupport.java:175)
        at java.util.concurrent.locks.AbstractQueuedSynchronizer$ConditionObject.await(AbstractQueuedSynchronizer.java:2039)
        at java.util.concurrent.LinkedBlockingQueue.take(LinkedBlockingQueue.java:442)
        at java.util.concurrent.ThreadPoolExecutor.getTask(ThreadPoolExecutor.java:1074)
        at java.util.concurrent.ThreadPoolExecutor.runWorker(ThreadPoolExecutor.java:1134)
        at java.util.concurrent.ThreadPoolExecutor$Worker.run(ThreadPoolExecutor.java:624)
        at java.lang.Thread.run(Thread.java:750)
"e349f11f-4d2d-4584-922f-e3c208c9e657@group-D35B2F518A55-LeaderStateImpl" daemon prio=5 tid=746 timed_waiting
java.lang.Thread.State: TIMED_WAITING
        at sun.misc.Unsafe.park(Native Method)
        at java.util.concurrent.locks.LockSupport.parkNanos(LockSupport.java:215)
        at java.util.concurrent.locks.AbstractQueuedSynchronizer$ConditionObject.awaitNanos(AbstractQueuedSynchronizer.java:2078)
        at java.util.concurrent.ArrayBlockingQueue.poll(ArrayBlockingQueue.java:418)
        at org.apache.ratis.server.impl.LeaderStateImpl$EventQueue.poll(LeaderStateImpl.java:159)
        at org.apache.ratis.server.impl.LeaderStateImpl$EventProcessor.run(LeaderStateImpl.java:630)
"qtp1473080868-439" daemon prio=5 tid=439 timed_waiting
java.lang.Thread.State: TIMED_WAITING
        at sun.misc.Unsafe.park(Native Method)
        at java.util.concurrent.locks.LockSupport.parkNanos(LockSupport.java:215)
        at java.util.concurrent.locks.AbstractQueuedSynchronizer$ConditionObject.awaitNanos(AbstractQueuedSynchronizer.java:2078)
        at org.eclipse.jetty.util.BlockingArrayQueue.poll(BlockingArrayQueue.java:382)
        at org.eclipse.jetty.util.thread.QueuedThreadPool$Runner.idleJobPoll(QueuedThreadPool.java:974)
        at org.eclipse.jetty.util.thread.QueuedThreadPool$Runner.run(QueuedThreadPool.java:1018)
        at java.lang.Thread.run(Thread.java:750)
"Datanode State Machine Task Thread - 0"  prio=5 tid=426 in Object.wait()
java.lang.Thread.State: WAITING (on object monitor)
        at sun.misc.Unsafe.park(Native Method)
        at java.util.concurrent.locks.LockSupport.park(LockSupport.java:175)
        at java.util.concurrent.locks.AbstractQueuedSynchronizer$ConditionObject.await(AbstractQueuedSynchronizer.java:2039)
        at java.util.concurrent.LinkedBlockingQueue.take(LinkedBlockingQueue.java:442)
        at java.util.concurrent.ThreadPoolExecutor.getTask(ThreadPoolExecutor.java:1074)
        at java.util.concurrent.ThreadPoolExecutor.runWorker(ThreadPoolExecutor.java:1134)
        at java.util.concurrent.ThreadPoolExecutor$Worker.run(ThreadPoolExecutor.java:624)
        at java.lang.Thread.run(Thread.java:750)
"ChunkReader-1" daemon prio=5 tid=761 in Object.wait()
java.lang.Thread.State: WAITING (on object monitor)
        at sun.misc.Unsafe.park(Native Method)
        at java.util.concurrent.locks.LockSupport.park(LockSupport.java:175)
        at java.util.concurrent.locks.AbstractQueuedSynchronizer$ConditionObject.await(AbstractQueuedSynchronizer.java:2039)
        at java.util.concurrent.LinkedBlockingQueue.take(LinkedBlockingQueue.java:442)
        at java.util.concurrent.ThreadPoolExecutor.getTask(ThreadPoolExecutor.java:1074)
        at java.util.concurrent.ThreadPoolExecutor.runWorker(ThreadPoolExecutor.java:1134)
        at java.util.concurrent.ThreadPoolExecutor$Worker.run(ThreadPoolExecutor.java:624)
        at java.lang.Thread.run(Thread.java:750)
"qtp715406126-338" daemon prio=5 tid=338 timed_waiting
java.lang.Thread.State: TIMED_WAITING
        at sun.misc.Unsafe.park(Native Method)
        at java.util.concurrent.locks.LockSupport.parkNanos(LockSupport.java:215)
        at java.util.concurrent.locks.AbstractQueuedSynchronizer$ConditionObject.awaitNanos(AbstractQueuedSynchronizer.java:2078)
        at org.eclipse.jetty.util.BlockingArrayQueue.poll(BlockingArrayQueue.java:382)
        at org.eclipse.jetty.util.thread.QueuedThreadPool$Runner.idleJobPoll(QueuedThreadPool.java:974)
        at org.eclipse.jetty.util.thread.QueuedThreadPool$Runner.run(QueuedThreadPool.java:1018)
        at java.lang.Thread.run(Thread.java:750)
"qtp715406126-336" daemon prio=5 tid=336 timed_waiting
java.lang.Thread.State: TIMED_WAITING
        at sun.misc.Unsafe.park(Native Method)
        at java.util.concurrent.locks.LockSupport.parkNanos(LockSupport.java:215)
        at java.util.concurrent.locks.AbstractQueuedSynchronizer$ConditionObject.awaitNanos(AbstractQueuedSynchronizer.java:2078)
        at org.eclipse.jetty.util.BlockingArrayQueue.poll(BlockingArrayQueue.java:382)
        at org.eclipse.jetty.util.thread.QueuedThreadPool$Runner.idleJobPoll(QueuedThreadPool.java:974)
        at org.eclipse.jetty.util.thread.QueuedThreadPool$Runner.run(QueuedThreadPool.java:1018)
        at java.lang.Thread.run(Thread.java:750)
"IPC Server idle connection scanner for port 34145" daemon prio=5 tid=122 timed_waiting
java.lang.Thread.State: TIMED_WAITING
        at java.lang.Object.wait(Native Method)
        at java.util.TimerThread.mainLoop(Timer.java:552)
        at java.util.TimerThread.run(Timer.java:505)
"ChunkReader-3" daemon prio=5 tid=794 in Object.wait()
java.lang.Thread.State: WAITING (on object monitor)
        at sun.misc.Unsafe.park(Native Method)
        at java.util.concurrent.locks.LockSupport.park(LockSupport.java:175)
        at java.util.concurrent.locks.AbstractQueuedSynchronizer$ConditionObject.await(AbstractQueuedSynchronizer.java:2039)
        at java.util.concurrent.LinkedBlockingQueue.take(LinkedBlockingQueue.java:442)
        at java.util.concurrent.ThreadPoolExecutor.getTask(ThreadPoolExecutor.java:1074)
        at java.util.concurrent.ThreadPoolExecutor.runWorker(ThreadPoolExecutor.java:1134)
        at java.util.concurrent.ThreadPoolExecutor$Worker.run(ThreadPoolExecutor.java:624)
        at java.lang.Thread.run(Thread.java:750)
"IPC Server handler 9 on default port 45015" daemon prio=5 tid=66 timed_waiting
java.lang.Thread.State: TIMED_WAITING
        at sun.misc.Unsafe.park(Native Method)
        at java.util.concurrent.locks.LockSupport.parkNanos(LockSupport.java:215)
        at java.util.concurrent.locks.AbstractQueuedSynchronizer$ConditionObject.awaitNanos(AbstractQueuedSynchronizer.java:2078)
        at java.util.concurrent.LinkedBlockingQueue.poll(LinkedBlockingQueue.java:467)
        at org.apache.hadoop.ipc.CallQueueManager.take(CallQueueManager.java:317)
        at org.apache.hadoop.ipc.Server$Handler.run(Server.java:2942)
"JvmPauseMonitor0" daemon prio=5 tid=129 timed_waiting
java.lang.Thread.State: TIMED_WAITING
        at java.lang.Thread.sleep(Native Method)
        at java.lang.Thread.sleep(Thread.java:342)
        at java.util.concurrent.TimeUnit.sleep(TimeUnit.java:386)
        at org.apache.ratis.util.TimeDuration.sleep(TimeDuration.java:325)
        at org.apache.ratis.util.TimeDuration.sleep(TimeDuration.java:310)
        at org.apache.ratis.util.JvmPauseMonitor.detectPause(JvmPauseMonitor.java:119)
        at org.apache.ratis.util.JvmPauseMonitor.run(JvmPauseMonitor.java:108)
        at org.apache.ratis.util.JvmPauseMonitor$$Lambda$702/1444742025.run(Unknown Source)
        at java.lang.Thread.run(Thread.java:750)
"IPC Server Responder" daemon prio=5 tid=30 runnable
java.lang.Thread.State: RUNNABLE
        at sun.nio.ch.EPollArrayWrapper.epollWait(Native Method)
        at sun.nio.ch.EPollArrayWrapper.poll(EPollArrayWrapper.java:269)
        at sun.nio.ch.EPollSelectorImpl.doSelect(EPollSelectorImpl.java:93)
        at sun.nio.ch.SelectorImpl.lockAndDoSelect(SelectorImpl.java:86)
        at sun.nio.ch.SelectorImpl.select(SelectorImpl.java:97)
        at org.apache.hadoop.ipc.Server$Responder.doRunLoop(Server.java:1532)
        at org.apache.hadoop.ipc.Server$Responder.run(Server.java:1515)
"ChunkReader-2" daemon prio=5 tid=793 in Object.wait()
java.lang.Thread.State: WAITING (on object monitor)
        at sun.misc.Unsafe.park(Native Method)
        at java.util.concurrent.locks.LockSupport.park(LockSupport.java:175)
        at java.util.concurrent.locks.AbstractQueuedSynchronizer$ConditionObject.await(AbstractQueuedSynchronizer.java:2039)
        at java.util.concurrent.LinkedBlockingQueue.take(LinkedBlockingQueue.java:442)
        at java.util.concurrent.ThreadPoolExecutor.getTask(ThreadPoolExecutor.java:1074)
        at java.util.concurrent.ThreadPoolExecutor.runWorker(ThreadPoolExecutor.java:1134)
        at java.util.concurrent.ThreadPoolExecutor$Worker.run(ThreadPoolExecutor.java:624)
        at java.lang.Thread.run(Thread.java:750)
"9befe131-ee01-45a3-b6b9-b3ceb7636d7b@group-AF50F2D84CC3-SegmentedRaftLogWorker"  prio=5 tid=661 timed_waiting
java.lang.Thread.State: TIMED_WAITING
        at sun.misc.Unsafe.park(Native Method)
        at java.util.concurrent.locks.LockSupport.parkNanos(LockSupport.java:215)
        at java.util.concurrent.locks.AbstractQueuedSynchronizer$ConditionObject.awaitNanos(AbstractQueuedSynchronizer.java:2078)
        at org.apache.ratis.util.DataBlockingQueue.poll(DataBlockingQueue.java:148)
        at org.apache.ratis.server.raftlog.segmented.SegmentedRaftLogWorker.run(SegmentedRaftLogWorker.java:310)
        at org.apache.ratis.server.raftlog.segmented.SegmentedRaftLogWorker$$Lambda$661/1174177291.run(Unknown Source)
        at java.lang.Thread.run(Thread.java:750)
"ChunkReader-ELG-0" daemon prio=5 tid=472 runnable
java.lang.Thread.State: RUNNABLE
        at org.apache.ratis.thirdparty.io.netty.channel.epoll.Native.epollWait(Native Method)
        at org.apache.ratis.thirdparty.io.netty.channel.epoll.Native.epollWait(Native.java:209)
        at org.apache.ratis.thirdparty.io.netty.channel.epoll.Native.epollWait(Native.java:202)
        at org.apache.ratis.thirdparty.io.netty.channel.epoll.EpollEventLoop.epollWaitNoTimerChange(EpollEventLoop.java:294)
        at org.apache.ratis.thirdparty.io.netty.channel.epoll.EpollEventLoop.run(EpollEventLoop.java:351)
        at org.apache.ratis.thirdparty.io.netty.util.concurrent.SingleThreadEventExecutor$4.run(SingleThreadEventExecutor.java:995)
        at org.apache.ratis.thirdparty.io.netty.util.internal.ThreadExecutorMap$2.run(ThreadExecutorMap.java:74)
        at java.lang.Thread.run(Thread.java:750)
"EventQueue-CommandQueueReportForCommandQueueReportHandler" daemon prio=5 tid=558 in Object.wait()
java.lang.Thread.State: WAITING (on object monitor)
        at sun.misc.Unsafe.park(Native Method)
        at java.util.concurrent.locks.LockSupport.park(LockSupport.java:175)
        at java.util.concurrent.locks.AbstractQueuedSynchronizer$ConditionObject.await(AbstractQueuedSynchronizer.java:2039)
        at java.util.concurrent.LinkedBlockingQueue.take(LinkedBlockingQueue.java:442)
        at java.util.concurrent.ThreadPoolExecutor.getTask(ThreadPoolExecutor.java:1074)
        at java.util.concurrent.ThreadPoolExecutor.runWorker(ThreadPoolExecutor.java:1134)
        at java.util.concurrent.ThreadPoolExecutor$Worker.run(ThreadPoolExecutor.java:624)
        at java.lang.Thread.run(Thread.java:750)
"qtp662442178-373" daemon prio=5 tid=373 timed_waiting
java.lang.Thread.State: TIMED_WAITING
        at sun.misc.Unsafe.park(Native Method)
        at java.util.concurrent.locks.LockSupport.parkNanos(LockSupport.java:215)
        at java.util.concurrent.locks.AbstractQueuedSynchronizer$ConditionObject.awaitNanos(AbstractQueuedSynchronizer.java:2078)
        at org.eclipse.jetty.util.BlockingArrayQueue.poll(BlockingArrayQueue.java:382)
        at org.eclipse.jetty.util.thread.QueuedThreadPool$Runner.idleJobPoll(QueuedThreadPool.java:974)
        at org.eclipse.jetty.util.thread.QueuedThreadPool$Runner.run(QueuedThreadPool.java:1018)
        at java.lang.Thread.run(Thread.java:750)
"ChunkReader-ELG-0" daemon prio=5 tid=515 runnable
java.lang.Thread.State: RUNNABLE
        at org.apache.ratis.thirdparty.io.netty.channel.epoll.Native.epollWait(Native Method)
        at org.apache.ratis.thirdparty.io.netty.channel.epoll.Native.epollWait(Native.java:209)
        at org.apache.ratis.thirdparty.io.netty.channel.epoll.Native.epollWait(Native.java:202)
        at org.apache.ratis.thirdparty.io.netty.channel.epoll.EpollEventLoop.epollWaitNoTimerChange(EpollEventLoop.java:294)
        at org.apache.ratis.thirdparty.io.netty.channel.epoll.EpollEventLoop.run(EpollEventLoop.java:351)
        at org.apache.ratis.thirdparty.io.netty.util.concurrent.SingleThreadEventExecutor$4.run(SingleThreadEventExecutor.java:995)
        at org.apache.ratis.thirdparty.io.netty.util.internal.ThreadExecutorMap$2.run(ThreadExecutorMap.java:74)
        at java.lang.Thread.run(Thread.java:750)
"7c8777a1-edfb-4633-85a4-b901f2ed1d17-server-thread2" daemon prio=5 tid=843 timed_waiting
java.lang.Thread.State: TIMED_WAITING
        at sun.misc.Unsafe.park(Native Method)
        at java.util.concurrent.locks.LockSupport.parkNanos(LockSupport.java:215)
        at java.util.concurrent.SynchronousQueue$TransferStack.awaitFulfill(SynchronousQueue.java:460)
        at java.util.concurrent.SynchronousQueue$TransferStack.transfer(SynchronousQueue.java:362)
        at java.util.concurrent.SynchronousQueue.poll(SynchronousQueue.java:941)
        at java.util.concurrent.ThreadPoolExecutor.getTask(ThreadPoolExecutor.java:1073)
        at java.util.concurrent.ThreadPoolExecutor.runWorker(ThreadPoolExecutor.java:1134)
        at java.util.concurrent.ThreadPoolExecutor$Worker.run(ThreadPoolExecutor.java:624)
        at java.lang.Thread.run(Thread.java:750)
"StaleRecoveringContainerScrubbingService#0" daemon prio=5 tid=486 in Object.wait()
java.lang.Thread.State: WAITING (on object monitor)
        at sun.misc.Unsafe.park(Native Method)
        at java.util.concurrent.locks.LockSupport.park(LockSupport.java:175)
        at java.util.concurrent.locks.AbstractQueuedSynchronizer$ConditionObject.await(AbstractQueuedSynchronizer.java:2039)
        at java.util.concurrent.ScheduledThreadPoolExecutor$DelayedWorkQueue.take(ScheduledThreadPoolExecutor.java:1088)
        at java.util.concurrent.ScheduledThreadPoolExecutor$DelayedWorkQueue.take(ScheduledThreadPoolExecutor.java:809)
        at java.util.concurrent.ThreadPoolExecutor.getTask(ThreadPoolExecutor.java:1074)
        at java.util.concurrent.ThreadPoolExecutor.runWorker(ThreadPoolExecutor.java:1134)
        at java.util.concurrent.ThreadPoolExecutor$Worker.run(ThreadPoolExecutor.java:624)
        at java.lang.Thread.run(Thread.java:750)
"om1@group-C5BA1605619E-LeaderStateImpl" daemon prio=5 tid=210 timed_waiting
java.lang.Thread.State: TIMED_WAITING
        at sun.misc.Unsafe.park(Native Method)
        at java.util.concurrent.locks.LockSupport.parkNanos(LockSupport.java:215)
        at java.util.concurrent.locks.AbstractQueuedSynchronizer$ConditionObject.awaitNanos(AbstractQueuedSynchronizer.java:2078)
        at java.util.concurrent.ArrayBlockingQueue.poll(ArrayBlockingQueue.java:418)
        at org.apache.ratis.server.impl.LeaderStateImpl$EventQueue.poll(LeaderStateImpl.java:159)
        at org.apache.ratis.server.impl.LeaderStateImpl$EventProcessor.run(LeaderStateImpl.java:630)
"Timer for 'StorageContainerManager' metrics system" daemon prio=5 tid=35 timed_waiting
java.lang.Thread.State: TIMED_WAITING
        at java.lang.Object.wait(Native Method)
        at java.util.TimerThread.mainLoop(Timer.java:552)
        at java.util.TimerThread.run(Timer.java:505)
"qtp1473080868-443" daemon prio=5 tid=443 timed_waiting
java.lang.Thread.State: TIMED_WAITING
        at sun.misc.Unsafe.park(Native Method)
        at java.util.concurrent.locks.LockSupport.parkNanos(LockSupport.java:215)
        at java.util.concurrent.locks.AbstractQueuedSynchronizer$ConditionObject.awaitNanos(AbstractQueuedSynchronizer.java:2078)
        at org.eclipse.jetty.util.BlockingArrayQueue.poll(BlockingArrayQueue.java:382)
        at org.eclipse.jetty.util.thread.QueuedThreadPool$Runner.idleJobPoll(QueuedThreadPool.java:974)
        at org.eclipse.jetty.util.thread.QueuedThreadPool$Runner.run(QueuedThreadPool.java:1018)
        at java.lang.Thread.run(Thread.java:750)
"e349f11f-4d2d-4584-922f-e3c208c9e657@group-9278B7B813B0-FollowerState" daemon prio=5 tid=856 timed_waiting
java.lang.Thread.State: TIMED_WAITING
        at java.lang.Thread.sleep(Native Method)
        at java.lang.Thread.sleep(Thread.java:342)
        at java.util.concurrent.TimeUnit.sleep(TimeUnit.java:386)
        at org.apache.ratis.util.TimeDuration.sleep(TimeDuration.java:325)
        at org.apache.ratis.util.TimeDuration.sleep(TimeDuration.java:310)
        at org.apache.ratis.server.impl.FollowerState.run(FollowerState.java:128)
"EndpointStateMachine task thread for /0.0.0.0:45633 - 0 "  prio=5 tid=535 in Object.wait()
java.lang.Thread.State: WAITING (on object monitor)
        at sun.misc.Unsafe.park(Native Method)
        at java.util.concurrent.locks.LockSupport.park(LockSupport.java:175)
        at java.util.concurrent.locks.AbstractQueuedSynchronizer$ConditionObject.await(AbstractQueuedSynchronizer.java:2039)
        at java.util.concurrent.LinkedBlockingQueue.take(LinkedBlockingQueue.java:442)
        at java.util.concurrent.ThreadPoolExecutor.getTask(ThreadPoolExecutor.java:1074)
        at java.util.concurrent.ThreadPoolExecutor.runWorker(ThreadPoolExecutor.java:1134)
        at java.util.concurrent.ThreadPoolExecutor$Worker.run(ThreadPoolExecutor.java:624)
        at java.lang.Thread.run(Thread.java:750)
"pool-253-thread-1" daemon prio=5 tid=394 timed_waiting
java.lang.Thread.State: TIMED_WAITING
        at sun.misc.Unsafe.park(Native Method)
        at java.util.concurrent.locks.LockSupport.parkNanos(LockSupport.java:215)
        at java.util.concurrent.locks.AbstractQueuedSynchronizer$ConditionObject.awaitNanos(AbstractQueuedSynchronizer.java:2078)
        at java.util.concurrent.ScheduledThreadPoolExecutor$DelayedWorkQueue.take(ScheduledThreadPoolExecutor.java:1093)
        at java.util.concurrent.ScheduledThreadPoolExecutor$DelayedWorkQueue.take(ScheduledThreadPoolExecutor.java:809)
        at java.util.concurrent.ThreadPoolExecutor.getTask(ThreadPoolExecutor.java:1074)
        at java.util.concurrent.ThreadPoolExecutor.runWorker(ThreadPoolExecutor.java:1134)
        at java.util.concurrent.ThreadPoolExecutor$Worker.run(ThreadPoolExecutor.java:624)
        at java.lang.Thread.run(Thread.java:750)
"EndpointStateMachine task thread for /0.0.0.0:45633 - 0 "  prio=5 tid=342 in Object.wait()
java.lang.Thread.State: WAITING (on object monitor)
        at sun.misc.Unsafe.park(Native Method)
        at java.util.concurrent.locks.LockSupport.park(LockSupport.java:175)
        at java.util.concurrent.locks.AbstractQueuedSynchronizer$ConditionObject.await(AbstractQueuedSynchronizer.java:2039)
        at java.util.concurrent.LinkedBlockingQueue.take(LinkedBlockingQueue.java:442)
        at java.util.concurrent.ThreadPoolExecutor.getTask(ThreadPoolExecutor.java:1074)
        at java.util.concurrent.ThreadPoolExecutor.runWorker(ThreadPoolExecutor.java:1134)
        at java.util.concurrent.ThreadPoolExecutor$Worker.run(ThreadPoolExecutor.java:624)
        at java.lang.Thread.run(Thread.java:750)
"IPC Server Responder" daemon prio=5 tid=26 runnable
java.lang.Thread.State: RUNNABLE
        at sun.nio.ch.EPollArrayWrapper.epollWait(Native Method)
        at sun.nio.ch.EPollArrayWrapper.poll(EPollArrayWrapper.java:269)
        at sun.nio.ch.EPollSelectorImpl.doSelect(EPollSelectorImpl.java:93)
        at sun.nio.ch.SelectorImpl.lockAndDoSelect(SelectorImpl.java:86)
        at sun.nio.ch.SelectorImpl.select(SelectorImpl.java:97)
        at org.apache.hadoop.ipc.Server$Responder.doRunLoop(Server.java:1532)
        at org.apache.hadoop.ipc.Server$Responder.run(Server.java:1515)
"qtp662442178-372-acceptor-0@13597cc3-ServerConnector@25061517{HTTP/1.1, (http/1.1)}{0.0.0.0:36009}" daemon prio=3 tid=372 runnable
java.lang.Thread.State: RUNNABLE
        at sun.nio.ch.ServerSocketChannelImpl.accept0(Native Method)
        at sun.nio.ch.ServerSocketChannelImpl.accept(ServerSocketChannelImpl.java:421)
        at sun.nio.ch.ServerSocketChannelImpl.accept(ServerSocketChannelImpl.java:249)
        at org.eclipse.jetty.server.ServerConnector.accept(ServerConnector.java:388)
        at org.eclipse.jetty.server.AbstractConnector$Acceptor.run(AbstractConnector.java:702)
        at org.eclipse.jetty.util.thread.QueuedThreadPool.runJob(QueuedThreadPool.java:883)
        at org.eclipse.jetty.util.thread.QueuedThreadPool$Runner.run(QueuedThreadPool.java:1034)
        at java.lang.Thread.run(Thread.java:750)
"IPC Server listener on 0" daemon prio=5 tid=120 runnable
java.lang.Thread.State: RUNNABLE
        at sun.nio.ch.EPollArrayWrapper.epollWait(Native Method)
        at sun.nio.ch.EPollArrayWrapper.poll(EPollArrayWrapper.java:269)
        at sun.nio.ch.EPollSelectorImpl.doSelect(EPollSelectorImpl.java:93)
        at sun.nio.ch.SelectorImpl.lockAndDoSelect(SelectorImpl.java:86)
        at sun.nio.ch.SelectorImpl.select(SelectorImpl.java:97)
        at sun.nio.ch.SelectorImpl.select(SelectorImpl.java:101)
        at org.apache.hadoop.ipc.Server$Listener.run(Server.java:1358)
"Datanode ReportManager Thread - 0" daemon prio=5 tid=264 in Object.wait()
java.lang.Thread.State: WAITING (on object monitor)
        at sun.misc.Unsafe.park(Native Method)
        at java.util.concurrent.locks.LockSupport.park(LockSupport.java:175)
        at java.util.concurrent.locks.AbstractQueuedSynchronizer$ConditionObject.await(AbstractQueuedSynchronizer.java:2039)
        at java.util.concurrent.ScheduledThreadPoolExecutor$DelayedWorkQueue.take(ScheduledThreadPoolExecutor.java:1088)
        at java.util.concurrent.ScheduledThreadPoolExecutor$DelayedWorkQueue.take(ScheduledThreadPoolExecutor.java:809)
        at java.util.concurrent.ThreadPoolExecutor.getTask(ThreadPoolExecutor.java:1074)
        at java.util.concurrent.ThreadPoolExecutor.runWorker(ThreadPoolExecutor.java:1134)
        at java.util.concurrent.ThreadPoolExecutor$Worker.run(ThreadPoolExecutor.java:624)
        at java.lang.Thread.run(Thread.java:750)
"pool-264-thread-1"  prio=5 tid=644 in Object.wait()
java.lang.Thread.State: WAITING (on object monitor)
        at sun.misc.Unsafe.park(Native Method)
        at java.util.concurrent.locks.LockSupport.park(LockSupport.java:175)
        at java.util.concurrent.locks.AbstractQueuedSynchronizer$ConditionObject.await(AbstractQueuedSynchronizer.java:2039)
        at java.util.concurrent.LinkedBlockingQueue.take(LinkedBlockingQueue.java:442)
        at java.util.concurrent.ThreadPoolExecutor.getTask(ThreadPoolExecutor.java:1074)
        at java.util.concurrent.ThreadPoolExecutor.runWorker(ThreadPoolExecutor.java:1134)
        at java.util.concurrent.ThreadPoolExecutor$Worker.run(ThreadPoolExecutor.java:624)
        at java.lang.Thread.run(Thread.java:750)
"pool-31-thread-1"  prio=5 tid=99 timed_waiting
java.lang.Thread.State: TIMED_WAITING
        at sun.misc.Unsafe.park(Native Method)
        at java.util.concurrent.locks.LockSupport.parkNanos(LockSupport.java:215)
        at java.util.concurrent.locks.AbstractQueuedSynchronizer$ConditionObject.awaitNanos(AbstractQueuedSynchronizer.java:2078)
        at java.util.concurrent.ScheduledThreadPoolExecutor$DelayedWorkQueue.take(ScheduledThreadPoolExecutor.java:1093)
        at java.util.concurrent.ScheduledThreadPoolExecutor$DelayedWorkQueue.take(ScheduledThreadPoolExecutor.java:809)
        at java.util.concurrent.ThreadPoolExecutor.getTask(ThreadPoolExecutor.java:1074)
        at java.util.concurrent.ThreadPoolExecutor.runWorker(ThreadPoolExecutor.java:1134)
        at java.util.concurrent.ThreadPoolExecutor$Worker.run(ThreadPoolExecutor.java:624)
        at java.lang.Thread.run(Thread.java:750)
"IPC Client (1573832937) connection to /0.0.0.0:45633 from runner" daemon prio=5 tid=343 timed_waiting
java.lang.Thread.State: TIMED_WAITING
        at java.lang.Object.wait(Native Method)
        at org.apache.hadoop.ipc.Client$Connection.waitForWork(Client.java:1086)
        at org.apache.hadoop.ipc.Client$Connection.run(Client.java:1133)
"PartialTableCache Cleanup Thread - 0" daemon prio=5 tid=804 in Object.wait()
java.lang.Thread.State: WAITING (on object monitor)
        at sun.misc.Unsafe.park(Native Method)
        at java.util.concurrent.locks.LockSupport.park(LockSupport.java:175)
        at java.util.concurrent.locks.AbstractQueuedSynchronizer$ConditionObject.await(AbstractQueuedSynchronizer.java:2039)
        at java.util.concurrent.LinkedBlockingQueue.take(LinkedBlockingQueue.java:442)
        at java.util.concurrent.ThreadPoolExecutor.getTask(ThreadPoolExecutor.java:1074)
        at java.util.concurrent.ThreadPoolExecutor.runWorker(ThreadPoolExecutor.java:1134)
        at java.util.concurrent.ThreadPoolExecutor$Worker.run(ThreadPoolExecutor.java:624)
        at java.lang.Thread.run(Thread.java:750)
"ChunkReader-1" daemon prio=5 tid=760 in Object.wait()
java.lang.Thread.State: WAITING (on object monitor)
        at sun.misc.Unsafe.park(Native Method)
        at java.util.concurrent.locks.LockSupport.park(LockSupport.java:175)
        at java.util.concurrent.locks.AbstractQueuedSynchronizer$ConditionObject.await(AbstractQueuedSynchronizer.java:2039)
        at java.util.concurrent.LinkedBlockingQueue.take(LinkedBlockingQueue.java:442)
        at java.util.concurrent.ThreadPoolExecutor.getTask(ThreadPoolExecutor.java:1074)
        at java.util.concurrent.ThreadPoolExecutor.runWorker(ThreadPoolExecutor.java:1134)
        at java.util.concurrent.ThreadPoolExecutor$Worker.run(ThreadPoolExecutor.java:624)
        at java.lang.Thread.run(Thread.java:750)
"IPC Server handler 9 on default port 34145" daemon prio=5 tid=153 timed_waiting
java.lang.Thread.State: TIMED_WAITING
        at sun.misc.Unsafe.park(Native Method)
        at java.util.concurrent.locks.LockSupport.parkNanos(LockSupport.java:215)
        at java.util.concurrent.locks.AbstractQueuedSynchronizer$ConditionObject.awaitNanos(AbstractQueuedSynchronizer.java:2078)
        at java.util.concurrent.LinkedBlockingQueue.poll(LinkedBlockingQueue.java:467)
        at org.apache.hadoop.ipc.CallQueueManager.take(CallQueueManager.java:317)
        at org.apache.hadoop.ipc.Server$Handler.run(Server.java:2942)
"pool-237-thread-1"  prio=5 tid=649 in Object.wait()
java.lang.Thread.State: WAITING (on object monitor)
        at sun.misc.Unsafe.park(Native Method)
        at java.util.concurrent.locks.LockSupport.park(LockSupport.java:175)
        at java.util.concurrent.locks.AbstractQueuedSynchronizer$ConditionObject.await(AbstractQueuedSynchronizer.java:2039)
        at java.util.concurrent.LinkedBlockingQueue.take(LinkedBlockingQueue.java:442)
        at java.util.concurrent.ThreadPoolExecutor.getTask(ThreadPoolExecutor.java:1074)
        at java.util.concurrent.ThreadPoolExecutor.runWorker(ThreadPoolExecutor.java:1134)
        at java.util.concurrent.ThreadPoolExecutor$Worker.run(ThreadPoolExecutor.java:624)
        at java.lang.Thread.run(Thread.java:750)
"ChunkReader-2" daemon prio=5 tid=785 in Object.wait()
java.lang.Thread.State: WAITING (on object monitor)
        at sun.misc.Unsafe.park(Native Method)
        at java.util.concurrent.locks.LockSupport.park(LockSupport.java:175)
        at java.util.concurrent.locks.AbstractQueuedSynchronizer$ConditionObject.await(AbstractQueuedSynchronizer.java:2039)
        at java.util.concurrent.LinkedBlockingQueue.take(LinkedBlockingQueue.java:442)
        at java.util.concurrent.ThreadPoolExecutor.getTask(ThreadPoolExecutor.java:1074)
        at java.util.concurrent.ThreadPoolExecutor.runWorker(ThreadPoolExecutor.java:1134)
        at java.util.concurrent.ThreadPoolExecutor$Worker.run(ThreadPoolExecutor.java:624)
        at java.lang.Thread.run(Thread.java:750)
"Datanode State Machine Task Thread - 1"  prio=5 tid=520 in Object.wait()
java.lang.Thread.State: WAITING (on object monitor)
        at sun.misc.Unsafe.park(Native Method)
        at java.util.concurrent.locks.LockSupport.park(LockSupport.java:175)
        at java.util.concurrent.locks.AbstractQueuedSynchronizer$ConditionObject.await(AbstractQueuedSynchronizer.java:2039)
        at java.util.concurrent.LinkedBlockingQueue.take(LinkedBlockingQueue.java:442)
        at java.util.concurrent.ThreadPoolExecutor.getTask(ThreadPoolExecutor.java:1074)
        at java.util.concurrent.ThreadPoolExecutor.runWorker(ThreadPoolExecutor.java:1134)
        at java.util.concurrent.ThreadPoolExecutor$Worker.run(ThreadPoolExecutor.java:624)
        at java.lang.Thread.run(Thread.java:750)
"Datanode ReportManager Thread - 0" daemon prio=5 tid=184 timed_waiting
java.lang.Thread.State: TIMED_WAITING
        at sun.misc.Unsafe.park(Native Method)
        at java.util.concurrent.locks.LockSupport.parkNanos(LockSupport.java:215)
        at java.util.concurrent.locks.AbstractQueuedSynchronizer$ConditionObject.awaitNanos(AbstractQueuedSynchronizer.java:2078)
        at java.util.concurrent.ScheduledThreadPoolExecutor$DelayedWorkQueue.take(ScheduledThreadPoolExecutor.java:1093)
        at java.util.concurrent.ScheduledThreadPoolExecutor$DelayedWorkQueue.take(ScheduledThreadPoolExecutor.java:809)
        at java.util.concurrent.ThreadPoolExecutor.getTask(ThreadPoolExecutor.java:1074)
        at java.util.concurrent.ThreadPoolExecutor.runWorker(ThreadPoolExecutor.java:1134)
        at java.util.concurrent.ThreadPoolExecutor$Worker.run(ThreadPoolExecutor.java:624)
        at java.lang.Thread.run(Thread.java:750)
"9befe131-ee01-45a3-b6b9-b3ceb7636d7b@group-AF50F2D84CC3->7c8777a1-edfb-4633-85a4-b901f2ed1d17-GrpcLogAppender-LogAppenderDaemon" daemon prio=5 tid=840 timed_waiting
java.lang.Thread.State: TIMED_WAITING
        at sun.misc.Unsafe.park(Native Method)
        at java.util.concurrent.locks.LockSupport.parkNanos(LockSupport.java:215)
        at java.util.concurrent.CompletableFuture$Signaller.block(CompletableFuture.java:1709)
        at java.util.concurrent.ForkJoinPool.managedBlock(ForkJoinPool.java:3323)
        at java.util.concurrent.CompletableFuture.timedGet(CompletableFuture.java:1788)
        at java.util.concurrent.CompletableFuture.get(CompletableFuture.java:1928)
        at org.apache.ratis.util.AwaitForSignal.await(AwaitForSignal.java:56)
        at org.apache.ratis.grpc.server.GrpcLogAppender.mayWait(GrpcLogAppender.java:198)
        at org.apache.ratis.grpc.server.GrpcLogAppender.run(GrpcLogAppender.java:148)
        at org.apache.ratis.server.leader.LogAppenderDaemon.run(LogAppenderDaemon.java:78)
        at org.apache.ratis.server.leader.LogAppenderDaemon$$Lambda$1029/1859749780.run(Unknown Source)
        at java.lang.Thread.run(Thread.java:750)
"ChunkWriter-2-0" daemon prio=5 tid=355 in Object.wait()
java.lang.Thread.State: WAITING (on object monitor)
        at sun.misc.Unsafe.park(Native Method)
        at java.util.concurrent.locks.LockSupport.park(LockSupport.java:175)
        at java.util.concurrent.locks.AbstractQueuedSynchronizer$ConditionObject.await(AbstractQueuedSynchronizer.java:2039)
        at java.util.concurrent.LinkedBlockingDeque.takeFirst(LinkedBlockingDeque.java:492)
        at java.util.concurrent.LinkedBlockingDeque.take(LinkedBlockingDeque.java:680)
        at java.util.concurrent.ThreadPoolExecutor.getTask(ThreadPoolExecutor.java:1074)
        at java.util.concurrent.ThreadPoolExecutor.runWorker(ThreadPoolExecutor.java:1134)
        at java.util.concurrent.ThreadPoolExecutor$Worker.run(ThreadPoolExecutor.java:624)
        at java.lang.Thread.run(Thread.java:750)
"pool-180-thread-1" daemon prio=5 tid=301 timed_waiting
java.lang.Thread.State: TIMED_WAITING
        at sun.misc.Unsafe.park(Native Method)
        at java.util.concurrent.locks.LockSupport.parkNanos(LockSupport.java:215)
        at java.util.concurrent.locks.AbstractQueuedSynchronizer$ConditionObject.awaitNanos(AbstractQueuedSynchronizer.java:2078)
        at java.util.concurrent.ScheduledThreadPoolExecutor$DelayedWorkQueue.take(ScheduledThreadPoolExecutor.java:1093)
        at java.util.concurrent.ScheduledThreadPoolExecutor$DelayedWorkQueue.take(ScheduledThreadPoolExecutor.java:809)
        at java.util.concurrent.ThreadPoolExecutor.getTask(ThreadPoolExecutor.java:1074)
        at java.util.concurrent.ThreadPoolExecutor.runWorker(ThreadPoolExecutor.java:1134)
        at java.util.concurrent.ThreadPoolExecutor$Worker.run(ThreadPoolExecutor.java:624)
        at java.lang.Thread.run(Thread.java:750)
"IPC Server handler 12 on default port 34145" daemon prio=5 tid=156 timed_waiting
java.lang.Thread.State: TIMED_WAITING
        at sun.misc.Unsafe.park(Native Method)
        at java.util.concurrent.locks.LockSupport.parkNanos(LockSupport.java:215)
        at java.util.concurrent.locks.AbstractQueuedSynchronizer$ConditionObject.awaitNanos(AbstractQueuedSynchronizer.java:2078)
        at java.util.concurrent.LinkedBlockingQueue.poll(LinkedBlockingQueue.java:467)
        at org.apache.hadoop.ipc.CallQueueManager.take(CallQueueManager.java:317)
        at org.apache.hadoop.ipc.Server$Handler.run(Server.java:2942)
"Periodic HDDS volume checker" daemon prio=5 tid=428 timed_waiting
java.lang.Thread.State: TIMED_WAITING
        at sun.misc.Unsafe.park(Native Method)
        at java.util.concurrent.locks.LockSupport.parkNanos(LockSupport.java:215)
        at java.util.concurrent.locks.AbstractQueuedSynchronizer$ConditionObject.awaitNanos(AbstractQueuedSynchronizer.java:2078)
        at java.util.concurrent.ScheduledThreadPoolExecutor$DelayedWorkQueue.take(ScheduledThreadPoolExecutor.java:1093)
        at java.util.concurrent.ScheduledThreadPoolExecutor$DelayedWorkQueue.take(ScheduledThreadPoolExecutor.java:809)
        at java.util.concurrent.ThreadPoolExecutor.getTask(ThreadPoolExecutor.java:1074)
        at java.util.concurrent.ThreadPoolExecutor.runWorker(ThreadPoolExecutor.java:1134)
        at java.util.concurrent.ThreadPoolExecutor$Worker.run(ThreadPoolExecutor.java:624)
        at java.lang.Thread.run(Thread.java:750)
"timer3" daemon prio=5 tid=690 timed_waiting
java.lang.Thread.State: TIMED_WAITING
        at java.lang.Object.wait(Native Method)
        at java.util.TimerThread.mainLoop(Timer.java:552)
        at java.util.TimerThread.run(Timer.java:505)
"qtp1057102665-228" daemon prio=5 tid=228 runnable
java.lang.Thread.State: RUNNABLE
        at sun.nio.ch.EPollArrayWrapper.epollWait(Native Method)
        at sun.nio.ch.EPollArrayWrapper.poll(EPollArrayWrapper.java:269)
        at sun.nio.ch.EPollSelectorImpl.doSelect(EPollSelectorImpl.java:93)
        at sun.nio.ch.SelectorImpl.lockAndDoSelect(SelectorImpl.java:86)
        at sun.nio.ch.SelectorImpl.select(SelectorImpl.java:97)
        at sun.nio.ch.SelectorImpl.select(SelectorImpl.java:101)
        at org.eclipse.jetty.io.ManagedSelector.nioSelect(ManagedSelector.java:183)
        at org.eclipse.jetty.io.ManagedSelector.select(ManagedSelector.java:190)
        at org.eclipse.jetty.io.ManagedSelector$SelectorProducer.select(ManagedSelector.java:606)
        at org.eclipse.jetty.io.ManagedSelector$SelectorProducer.produce(ManagedSelector.java:543)
        at org.eclipse.jetty.util.thread.strategy.EatWhatYouKill.produceTask(EatWhatYouKill.java:362)
        at org.eclipse.jetty.util.thread.strategy.EatWhatYouKill.doProduce(EatWhatYouKill.java:186)
        at org.eclipse.jetty.util.thread.strategy.EatWhatYouKill.tryProduce(EatWhatYouKill.java:173)
        at org.eclipse.jetty.util.thread.strategy.EatWhatYouKill.produce(EatWhatYouKill.java:137)
        at org.eclipse.jetty.io.ManagedSelector$$Lambda$443/1703412736.run(Unknown Source)
        at org.eclipse.jetty.util.thread.QueuedThreadPool.runJob(QueuedThreadPool.java:883)
        at org.eclipse.jetty.util.thread.QueuedThreadPool$Runner.run(QueuedThreadPool.java:1034)
        at java.lang.Thread.run(Thread.java:750)
"IPC Server handler 18 on default port 34145" daemon prio=5 tid=162 timed_waiting
java.lang.Thread.State: TIMED_WAITING
        at sun.misc.Unsafe.park(Native Method)
        at java.util.concurrent.locks.LockSupport.parkNanos(LockSupport.java:215)
        at java.util.concurrent.locks.AbstractQueuedSynchronizer$ConditionObject.awaitNanos(AbstractQueuedSynchronizer.java:2078)
        at java.util.concurrent.LinkedBlockingQueue.poll(LinkedBlockingQueue.java:467)
        at org.apache.hadoop.ipc.CallQueueManager.take(CallQueueManager.java:317)
        at org.apache.hadoop.ipc.Server$Handler.run(Server.java:2942)
"qtp662442178-377" daemon prio=5 tid=377 timed_waiting
java.lang.Thread.State: TIMED_WAITING
        at sun.misc.Unsafe.park(Native Method)
        at java.util.concurrent.locks.LockSupport.parkNanos(LockSupport.java:215)
        at java.util.concurrent.locks.AbstractQueuedSynchronizer$ConditionObject.awaitNanos(AbstractQueuedSynchronizer.java:2078)
        at org.eclipse.jetty.util.BlockingArrayQueue.poll(BlockingArrayQueue.java:382)
        at org.eclipse.jetty.util.thread.QueuedThreadPool$Runner.idleJobPoll(QueuedThreadPool.java:974)
        at org.eclipse.jetty.util.thread.QueuedThreadPool$Runner.run(QueuedThreadPool.java:1018)
        at java.lang.Thread.run(Thread.java:750)
"ChunkWriter-2-0" daemon prio=5 tid=524 in Object.wait()
java.lang.Thread.State: WAITING (on object monitor)
        at sun.misc.Unsafe.park(Native Method)
        at java.util.concurrent.locks.LockSupport.park(LockSupport.java:175)
        at java.util.concurrent.locks.AbstractQueuedSynchronizer$ConditionObject.await(AbstractQueuedSynchronizer.java:2039)
        at java.util.concurrent.LinkedBlockingDeque.takeFirst(LinkedBlockingDeque.java:492)
        at java.util.concurrent.LinkedBlockingDeque.take(LinkedBlockingDeque.java:680)
        at java.util.concurrent.ThreadPoolExecutor.getTask(ThreadPoolExecutor.java:1074)
        at java.util.concurrent.ThreadPoolExecutor.runWorker(ThreadPoolExecutor.java:1134)
        at java.util.concurrent.ThreadPoolExecutor$Worker.run(ThreadPoolExecutor.java:624)
        at java.lang.Thread.run(Thread.java:750)
"qtp1069632960-101-acceptor-0@7b02740-ServerConnector@1bfb60b7{HTTP/1.1, (http/1.1)}{0.0.0.0:38693}" daemon prio=3 tid=101 runnable
java.lang.Thread.State: RUNNABLE
        at sun.nio.ch.ServerSocketChannelImpl.accept0(Native Method)
        at sun.nio.ch.ServerSocketChannelImpl.accept(ServerSocketChannelImpl.java:421)
        at sun.nio.ch.ServerSocketChannelImpl.accept(ServerSocketChannelImpl.java:249)
        at org.eclipse.jetty.server.ServerConnector.accept(ServerConnector.java:388)
        at org.eclipse.jetty.server.AbstractConnector$Acceptor.run(AbstractConnector.java:702)
        at org.eclipse.jetty.util.thread.QueuedThreadPool.runJob(QueuedThreadPool.java:883)
        at org.eclipse.jetty.util.thread.QueuedThreadPool$Runner.run(QueuedThreadPool.java:1034)
        at java.lang.Thread.run(Thread.java:750)
"org.apache.hadoop.util.JvmPauseMonitor$Monitor@10461bee" daemon prio=5 tid=296 timed_waiting
java.lang.Thread.State: TIMED_WAITING
        at java.lang.Thread.sleep(Native Method)
        at org.apache.hadoop.util.JvmPauseMonitor$Monitor.run(JvmPauseMonitor.java:192)
        at java.lang.Thread.run(Thread.java:750)
"Datanode ReportManager Thread - 3" daemon prio=5 tid=241 timed_waiting
java.lang.Thread.State: TIMED_WAITING
        at sun.misc.Unsafe.park(Native Method)
        at java.util.concurrent.locks.LockSupport.parkNanos(LockSupport.java:215)
        at java.util.concurrent.locks.AbstractQueuedSynchronizer$ConditionObject.awaitNanos(AbstractQueuedSynchronizer.java:2078)
        at java.util.concurrent.ScheduledThreadPoolExecutor$DelayedWorkQueue.take(ScheduledThreadPoolExecutor.java:1093)
        at java.util.concurrent.ScheduledThreadPoolExecutor$DelayedWorkQueue.take(ScheduledThreadPoolExecutor.java:809)
        at java.util.concurrent.ThreadPoolExecutor.getTask(ThreadPoolExecutor.java:1074)
        at java.util.concurrent.ThreadPoolExecutor.runWorker(ThreadPoolExecutor.java:1134)
        at java.util.concurrent.ThreadPoolExecutor$Worker.run(ThreadPoolExecutor.java:624)
        at java.lang.Thread.run(Thread.java:750)
"9befe131-ee01-45a3-b6b9-b3ceb7636d7b-server-thread3" daemon prio=5 tid=778 timed_waiting
java.lang.Thread.State: TIMED_WAITING
        at sun.misc.Unsafe.park(Native Method)
        at java.util.concurrent.locks.LockSupport.parkNanos(LockSupport.java:215)
        at java.util.concurrent.SynchronousQueue$TransferStack.awaitFulfill(SynchronousQueue.java:460)
        at java.util.concurrent.SynchronousQueue$TransferStack.transfer(SynchronousQueue.java:362)
        at java.util.concurrent.SynchronousQueue.poll(SynchronousQueue.java:941)
        at java.util.concurrent.ThreadPoolExecutor.getTask(ThreadPoolExecutor.java:1073)
        at java.util.concurrent.ThreadPoolExecutor.runWorker(ThreadPoolExecutor.java:1134)
        at java.util.concurrent.ThreadPoolExecutor$Worker.run(ThreadPoolExecutor.java:624)
        at java.lang.Thread.run(Thread.java:750)
"ChunkReader-3" daemon prio=5 tid=795 in Object.wait()
java.lang.Thread.State: WAITING (on object monitor)
        at sun.misc.Unsafe.park(Native Method)
        at java.util.concurrent.locks.LockSupport.park(LockSupport.java:175)
        at java.util.concurrent.locks.AbstractQueuedSynchronizer$ConditionObject.await(AbstractQueuedSynchronizer.java:2039)
        at java.util.concurrent.LinkedBlockingQueue.take(LinkedBlockingQueue.java:442)
        at java.util.concurrent.ThreadPoolExecutor.getTask(ThreadPoolExecutor.java:1074)
        at java.util.concurrent.ThreadPoolExecutor.runWorker(ThreadPoolExecutor.java:1134)
        at java.util.concurrent.ThreadPoolExecutor$Worker.run(ThreadPoolExecutor.java:624)
        at java.lang.Thread.run(Thread.java:750)
"org.apache.hadoop.ozone.container.common.statemachine.commandhandler.DeleteBlocksCommandHandler$DeleteCmdWorker@4f123e4e" daemon prio=5 tid=252 timed_waiting
java.lang.Thread.State: TIMED_WAITING
        at java.lang.Thread.sleep(Native Method)
        at org.apache.hadoop.ozone.container.common.statemachine.commandhandler.DeleteBlocksCommandHandler$DeleteCmdWorker.run(DeleteBlocksCommandHandler.java:183)
        at java.lang.Thread.run(Thread.java:750)
"Datanode State Machine Task Thread - 0"  prio=5 tid=245 in Object.wait()
java.lang.Thread.State: WAITING (on object monitor)
        at sun.misc.Unsafe.park(Native Method)
        at java.util.concurrent.locks.LockSupport.park(LockSupport.java:175)
        at java.util.concurrent.locks.AbstractQueuedSynchronizer$ConditionObject.await(AbstractQueuedSynchronizer.java:2039)
        at java.util.concurrent.LinkedBlockingQueue.take(LinkedBlockingQueue.java:442)
        at java.util.concurrent.ThreadPoolExecutor.getTask(ThreadPoolExecutor.java:1074)
        at java.util.concurrent.ThreadPoolExecutor.runWorker(ThreadPoolExecutor.java:1134)
        at java.util.concurrent.ThreadPoolExecutor$Worker.run(ThreadPoolExecutor.java:624)
        at java.lang.Thread.run(Thread.java:750)
"qtp536636072-138" daemon prio=5 tid=138 timed_waiting
java.lang.Thread.State: TIMED_WAITING
        at sun.misc.Unsafe.park(Native Method)
        at java.util.concurrent.locks.LockSupport.parkNanos(LockSupport.java:215)
        at java.util.concurrent.locks.AbstractQueuedSynchronizer$ConditionObject.awaitNanos(AbstractQueuedSynchronizer.java:2078)
        at org.eclipse.jetty.util.BlockingArrayQueue.poll(BlockingArrayQueue.java:382)
        at org.eclipse.jetty.util.thread.QueuedThreadPool$Runner.idleJobPoll(QueuedThreadPool.java:974)
        at org.eclipse.jetty.util.thread.QueuedThreadPool$Runner.run(QueuedThreadPool.java:1018)
        at java.lang.Thread.run(Thread.java:750)
"Datanode ReportManager Thread - 4" daemon prio=5 tid=423 timed_waiting
java.lang.Thread.State: TIMED_WAITING
        at sun.misc.Unsafe.park(Native Method)
        at java.util.concurrent.locks.LockSupport.parkNanos(LockSupport.java:215)
        at java.util.concurrent.locks.AbstractQueuedSynchronizer$ConditionObject.awaitNanos(AbstractQueuedSynchronizer.java:2078)
        at java.util.concurrent.ScheduledThreadPoolExecutor$DelayedWorkQueue.take(ScheduledThreadPoolExecutor.java:1093)
        at java.util.concurrent.ScheduledThreadPoolExecutor$DelayedWorkQueue.take(ScheduledThreadPoolExecutor.java:809)
        at java.util.concurrent.ThreadPoolExecutor.getTask(ThreadPoolExecutor.java:1074)
        at java.util.concurrent.ThreadPoolExecutor.runWorker(ThreadPoolExecutor.java:1134)
        at java.util.concurrent.ThreadPoolExecutor$Worker.run(ThreadPoolExecutor.java:624)
        at java.lang.Thread.run(Thread.java:750)
"Datanode State Machine Task Thread - 1"  prio=5 tid=508 in Object.wait()
java.lang.Thread.State: WAITING (on object monitor)
        at sun.misc.Unsafe.park(Native Method)
        at java.util.concurrent.locks.LockSupport.park(LockSupport.java:175)
        at java.util.concurrent.locks.AbstractQueuedSynchronizer$ConditionObject.await(AbstractQueuedSynchronizer.java:2039)
        at java.util.concurrent.LinkedBlockingQueue.take(LinkedBlockingQueue.java:442)
        at java.util.concurrent.ThreadPoolExecutor.getTask(ThreadPoolExecutor.java:1074)
        at java.util.concurrent.ThreadPoolExecutor.runWorker(ThreadPoolExecutor.java:1134)
        at java.util.concurrent.ThreadPoolExecutor$Worker.run(ThreadPoolExecutor.java:624)
        at java.lang.Thread.run(Thread.java:750)
"KeyDeletingService#0" daemon prio=5 tid=131 timed_waiting
java.lang.Thread.State: TIMED_WAITING
        at sun.misc.Unsafe.park(Native Method)
        at java.util.concurrent.locks.LockSupport.parkNanos(LockSupport.java:215)
        at java.util.concurrent.locks.AbstractQueuedSynchronizer$ConditionObject.awaitNanos(AbstractQueuedSynchronizer.java:2078)
        at java.util.concurrent.ScheduledThreadPoolExecutor$DelayedWorkQueue.take(ScheduledThreadPoolExecutor.java:1093)
        at java.util.concurrent.ScheduledThreadPoolExecutor$DelayedWorkQueue.take(ScheduledThreadPoolExecutor.java:809)
        at java.util.concurrent.ThreadPoolExecutor.getTask(ThreadPoolExecutor.java:1074)
        at java.util.concurrent.ThreadPoolExecutor.runWorker(ThreadPoolExecutor.java:1134)
        at java.util.concurrent.ThreadPoolExecutor$Worker.run(ThreadPoolExecutor.java:624)
        at java.lang.Thread.run(Thread.java:750)
"Datanode ReportManager Thread - 4" daemon prio=5 tid=242 in Object.wait()
java.lang.Thread.State: WAITING (on object monitor)
        at sun.misc.Unsafe.park(Native Method)
        at java.util.concurrent.locks.LockSupport.park(LockSupport.java:175)
        at java.util.concurrent.locks.AbstractQueuedSynchronizer$ConditionObject.await(AbstractQueuedSynchronizer.java:2039)
        at java.util.concurrent.ScheduledThreadPoolExecutor$DelayedWorkQueue.take(ScheduledThreadPoolExecutor.java:1088)
        at java.util.concurrent.ScheduledThreadPoolExecutor$DelayedWorkQueue.take(ScheduledThreadPoolExecutor.java:809)
        at java.util.concurrent.ThreadPoolExecutor.getTask(ThreadPoolExecutor.java:1074)
        at java.util.concurrent.ThreadPoolExecutor.runWorker(ThreadPoolExecutor.java:1134)
        at java.util.concurrent.ThreadPoolExecutor$Worker.run(ThreadPoolExecutor.java:624)
        at java.lang.Thread.run(Thread.java:750)
"qtp1057102665-229-acceptor-0@5464e577-ServerConnector@55ea7b4d{HTTP/1.1, (http/1.1)}{0.0.0.0:32859}" daemon prio=3 tid=229 runnable
java.lang.Thread.State: RUNNABLE
        at sun.nio.ch.ServerSocketChannelImpl.accept0(Native Method)
        at sun.nio.ch.ServerSocketChannelImpl.accept(ServerSocketChannelImpl.java:421)
        at sun.nio.ch.ServerSocketChannelImpl.accept(ServerSocketChannelImpl.java:249)
        at org.eclipse.jetty.server.ServerConnector.accept(ServerConnector.java:388)
        at org.eclipse.jetty.server.AbstractConnector$Acceptor.run(AbstractConnector.java:702)
        at org.eclipse.jetty.util.thread.QueuedThreadPool.runJob(QueuedThreadPool.java:883)
        at org.eclipse.jetty.util.thread.QueuedThreadPool$Runner.run(QueuedThreadPool.java:1034)
        at java.lang.Thread.run(Thread.java:750)
"qtp143044035-254" daemon prio=5 tid=254 runnable
java.lang.Thread.State: RUNNABLE
        at sun.nio.ch.EPollArrayWrapper.epollWait(Native Method)
        at sun.nio.ch.EPollArrayWrapper.poll(EPollArrayWrapper.java:269)
        at sun.nio.ch.EPollSelectorImpl.doSelect(EPollSelectorImpl.java:93)
        at sun.nio.ch.SelectorImpl.lockAndDoSelect(SelectorImpl.java:86)
        at sun.nio.ch.SelectorImpl.select(SelectorImpl.java:97)
        at sun.nio.ch.SelectorImpl.select(SelectorImpl.java:101)
        at org.eclipse.jetty.io.ManagedSelector.nioSelect(ManagedSelector.java:183)
        at org.eclipse.jetty.io.ManagedSelector.select(ManagedSelector.java:190)
        at org.eclipse.jetty.io.ManagedSelector$SelectorProducer.select(ManagedSelector.java:606)
        at org.eclipse.jetty.io.ManagedSelector$SelectorProducer.produce(ManagedSelector.java:543)
        at org.eclipse.jetty.util.thread.strategy.EatWhatYouKill.produceTask(EatWhatYouKill.java:362)
        at org.eclipse.jetty.util.thread.strategy.EatWhatYouKill.doProduce(EatWhatYouKill.java:186)
        at org.eclipse.jetty.util.thread.strategy.EatWhatYouKill.tryProduce(EatWhatYouKill.java:173)
        at org.eclipse.jetty.util.thread.strategy.EatWhatYouKill.produce(EatWhatYouKill.java:137)
        at org.eclipse.jetty.io.ManagedSelector$$Lambda$443/1703412736.run(Unknown Source)
        at org.eclipse.jetty.util.thread.QueuedThreadPool.runJob(QueuedThreadPool.java:883)
        at org.eclipse.jetty.util.thread.QueuedThreadPool$Runner.run(QueuedThreadPool.java:1034)
        at java.lang.Thread.run(Thread.java:750)
"IPC Server handler 5 on default port 45633" daemon prio=5 tid=82 timed_waiting
java.lang.Thread.State: TIMED_WAITING
        at sun.misc.Unsafe.park(Native Method)
        at java.util.concurrent.locks.LockSupport.parkNanos(LockSupport.java:215)
        at java.util.concurrent.locks.AbstractQueuedSynchronizer$ConditionObject.awaitNanos(AbstractQueuedSynchronizer.java:2078)
        at java.util.concurrent.LinkedBlockingQueue.poll(LinkedBlockingQueue.java:467)
        at org.apache.hadoop.ipc.CallQueueManager.take(CallQueueManager.java:317)
        at org.apache.hadoop.ipc.Server$Handler.run(Server.java:2942)
"63ee6728-2597-4353-a315-509fdfe6db5e@group-D99577696E18-FollowerState" daemon prio=5 tid=730 timed_waiting
java.lang.Thread.State: TIMED_WAITING
        at java.lang.Thread.sleep(Native Method)
        at java.lang.Thread.sleep(Thread.java:342)
        at java.util.concurrent.TimeUnit.sleep(TimeUnit.java:386)
        at org.apache.ratis.util.TimeDuration.sleep(TimeDuration.java:325)
        at org.apache.ratis.util.TimeDuration.sleep(TimeDuration.java:310)
        at org.apache.ratis.server.impl.FollowerState.run(FollowerState.java:128)
"StaleRecoveringContainerScrubbingService#2" daemon prio=5 tid=882 in Object.wait()
java.lang.Thread.State: WAITING (on object monitor)
        at sun.misc.Unsafe.park(Native Method)
        at java.util.concurrent.locks.LockSupport.park(LockSupport.java:175)
        at java.util.concurrent.locks.AbstractQueuedSynchronizer$ConditionObject.await(AbstractQueuedSynchronizer.java:2039)
        at java.util.concurrent.ScheduledThreadPoolExecutor$DelayedWorkQueue.take(ScheduledThreadPoolExecutor.java:1088)
        at java.util.concurrent.ScheduledThreadPoolExecutor$DelayedWorkQueue.take(ScheduledThreadPoolExecutor.java:809)
        at java.util.concurrent.ThreadPoolExecutor.getTask(ThreadPoolExecutor.java:1074)
        at java.util.concurrent.ThreadPoolExecutor.runWorker(ThreadPoolExecutor.java:1134)
        at java.util.concurrent.ThreadPoolExecutor$Worker.run(ThreadPoolExecutor.java:624)
        at java.lang.Thread.run(Thread.java:750)
"BlockDeletingService#0" daemon prio=5 tid=528 in Object.wait()
java.lang.Thread.State: WAITING (on object monitor)
        at sun.misc.Unsafe.park(Native Method)
        at java.util.concurrent.locks.LockSupport.park(LockSupport.java:175)
        at java.util.concurrent.locks.AbstractQueuedSynchronizer$ConditionObject.await(AbstractQueuedSynchronizer.java:2039)
        at java.util.concurrent.ScheduledThreadPoolExecutor$DelayedWorkQueue.take(ScheduledThreadPoolExecutor.java:1088)
        at java.util.concurrent.ScheduledThreadPoolExecutor$DelayedWorkQueue.take(ScheduledThreadPoolExecutor.java:809)
        at java.util.concurrent.ThreadPoolExecutor.getTask(ThreadPoolExecutor.java:1074)
        at java.util.concurrent.ThreadPoolExecutor.runWorker(ThreadPoolExecutor.java:1134)
        at java.util.concurrent.ThreadPoolExecutor$Worker.run(ThreadPoolExecutor.java:624)
        at java.lang.Thread.run(Thread.java:750)
"Datanode ReportManager Thread - 2" daemon prio=5 tid=240 in Object.wait()
java.lang.Thread.State: WAITING (on object monitor)
        at sun.misc.Unsafe.park(Native Method)
        at java.util.concurrent.locks.LockSupport.park(LockSupport.java:175)
        at java.util.concurrent.locks.AbstractQueuedSynchronizer$ConditionObject.await(AbstractQueuedSynchronizer.java:2039)
        at java.util.concurrent.ScheduledThreadPoolExecutor$DelayedWorkQueue.take(ScheduledThreadPoolExecutor.java:1088)
        at java.util.concurrent.ScheduledThreadPoolExecutor$DelayedWorkQueue.take(ScheduledThreadPoolExecutor.java:809)
        at java.util.concurrent.ThreadPoolExecutor.getTask(ThreadPoolExecutor.java:1074)
        at java.util.concurrent.ThreadPoolExecutor.runWorker(ThreadPoolExecutor.java:1134)
        at java.util.concurrent.ThreadPoolExecutor$Worker.run(ThreadPoolExecutor.java:624)
        at java.lang.Thread.run(Thread.java:750)
"qtp143044035-256" daemon prio=5 tid=256 timed_waiting
java.lang.Thread.State: TIMED_WAITING
        at sun.misc.Unsafe.park(Native Method)
        at java.util.concurrent.locks.LockSupport.parkNanos(LockSupport.java:215)
        at java.util.concurrent.locks.AbstractQueuedSynchronizer$ConditionObject.awaitNanos(AbstractQueuedSynchronizer.java:2078)
        at org.eclipse.jetty.util.BlockingArrayQueue.poll(BlockingArrayQueue.java:382)
        at org.eclipse.jetty.util.thread.QueuedThreadPool$Runner.idleJobPoll(QueuedThreadPool.java:974)
        at org.eclipse.jetty.util.thread.QueuedThreadPool$Runner.run(QueuedThreadPool.java:1018)
        at java.lang.Thread.run(Thread.java:750)
"63ee6728-2597-4353-a315-509fdfe6db5e@group-9278B7B813B0-StateMachineUpdater" daemon prio=5 tid=618 timed_waiting
java.lang.Thread.State: TIMED_WAITING
        at sun.misc.Unsafe.park(Native Method)
        at java.util.concurrent.locks.LockSupport.parkNanos(LockSupport.java:215)
        at java.util.concurrent.CompletableFuture$Signaller.block(CompletableFuture.java:1709)
        at java.util.concurrent.ForkJoinPool.managedBlock(ForkJoinPool.java:3323)
        at java.util.concurrent.CompletableFuture.timedGet(CompletableFuture.java:1788)
        at java.util.concurrent.CompletableFuture.get(CompletableFuture.java:1928)
        at org.apache.ratis.util.AwaitForSignal.await(AwaitForSignal.java:56)
        at org.apache.ratis.server.impl.StateMachineUpdater.waitForCommit(StateMachineUpdater.java:207)
        at org.apache.ratis.server.impl.StateMachineUpdater.run(StateMachineUpdater.java:176)
        at java.lang.Thread.run(Thread.java:750)
"timer1" daemon prio=5 tid=687 timed_waiting
java.lang.Thread.State: TIMED_WAITING
        at java.lang.Object.wait(Native Method)
        at java.util.TimerThread.mainLoop(Timer.java:552)
        at java.util.TimerThread.run(Timer.java:505)
"Socket Reader #1 for port 0"  prio=5 tid=121 runnable
java.lang.Thread.State: RUNNABLE
        at sun.nio.ch.EPollArrayWrapper.epollWait(Native Method)
        at sun.nio.ch.EPollArrayWrapper.poll(EPollArrayWrapper.java:269)
        at sun.nio.ch.EPollSelectorImpl.doSelect(EPollSelectorImpl.java:93)
        at sun.nio.ch.SelectorImpl.lockAndDoSelect(SelectorImpl.java:86)
        at sun.nio.ch.SelectorImpl.select(SelectorImpl.java:97)
        at sun.nio.ch.SelectorImpl.select(SelectorImpl.java:101)
        at org.apache.hadoop.ipc.Server$Listener$Reader.doRunLoop(Server.java:1296)
        at org.apache.hadoop.ipc.Server$Listener$Reader.run(Server.java:1275)
"qtp651614956-284" daemon prio=5 tid=284 timed_waiting
java.lang.Thread.State: TIMED_WAITING
        at sun.misc.Unsafe.park(Native Method)
        at java.util.concurrent.locks.LockSupport.parkNanos(LockSupport.java:215)
        at java.util.concurrent.locks.AbstractQueuedSynchronizer$ConditionObject.awaitNanos(AbstractQueuedSynchronizer.java:2078)
        at org.eclipse.jetty.util.BlockingArrayQueue.poll(BlockingArrayQueue.java:382)
        at org.eclipse.jetty.util.thread.QueuedThreadPool$Runner.idleJobPoll(QueuedThreadPool.java:974)
        at org.eclipse.jetty.util.thread.QueuedThreadPool$Runner.run(QueuedThreadPool.java:1018)
        at java.lang.Thread.run(Thread.java:750)
"Datanode ReportManager Thread - 1" daemon prio=5 tid=458 in Object.wait()
java.lang.Thread.State: WAITING (on object monitor)
        at sun.misc.Unsafe.park(Native Method)
        at java.util.concurrent.locks.LockSupport.park(LockSupport.java:175)
        at java.util.concurrent.locks.AbstractQueuedSynchronizer$ConditionObject.await(AbstractQueuedSynchronizer.java:2039)
        at java.util.concurrent.ScheduledThreadPoolExecutor$DelayedWorkQueue.take(ScheduledThreadPoolExecutor.java:1088)
        at java.util.concurrent.ScheduledThreadPoolExecutor$DelayedWorkQueue.take(ScheduledThreadPoolExecutor.java:809)
        at java.util.concurrent.ThreadPoolExecutor.getTask(ThreadPoolExecutor.java:1074)
        at java.util.concurrent.ThreadPoolExecutor.runWorker(ThreadPoolExecutor.java:1134)
        at java.util.concurrent.ThreadPoolExecutor$Worker.run(ThreadPoolExecutor.java:624)
        at java.lang.Thread.run(Thread.java:750)
"org.apache.hadoop.util.JvmPauseMonitor$Monitor@34c18678" daemon prio=5 tid=190 timed_waiting
java.lang.Thread.State: TIMED_WAITING
        at java.lang.Thread.sleep(Native Method)
        at org.apache.hadoop.util.JvmPauseMonitor$Monitor.run(JvmPauseMonitor.java:192)
        at java.lang.Thread.run(Thread.java:750)
"9befe131-ee01-45a3-b6b9-b3ceb7636d7b@group-541EFBBE7205-SegmentedRaftLogWorker"  prio=5 tid=668 timed_waiting
java.lang.Thread.State: TIMED_WAITING
        at sun.misc.Unsafe.park(Native Method)
        at java.util.concurrent.locks.LockSupport.parkNanos(LockSupport.java:215)
        at java.util.concurrent.locks.AbstractQueuedSynchronizer$ConditionObject.awaitNanos(AbstractQueuedSynchronizer.java:2078)
        at org.apache.ratis.util.DataBlockingQueue.poll(DataBlockingQueue.java:148)
        at org.apache.ratis.server.raftlog.segmented.SegmentedRaftLogWorker.run(SegmentedRaftLogWorker.java:310)
        at org.apache.ratis.server.raftlog.segmented.SegmentedRaftLogWorker$$Lambda$661/1174177291.run(Unknown Source)
        at java.lang.Thread.run(Thread.java:750)
"6e54690b-befe-42c2-a4b7-a861f73b2b3f@group-D99577696E18-StateMachineUpdater" daemon prio=5 tid=622 timed_waiting
java.lang.Thread.State: TIMED_WAITING
        at sun.misc.Unsafe.park(Native Method)
        at java.util.concurrent.locks.LockSupport.parkNanos(LockSupport.java:215)
        at java.util.concurrent.CompletableFuture$Signaller.block(CompletableFuture.java:1709)
        at java.util.concurrent.ForkJoinPool.managedBlock(ForkJoinPool.java:3323)
        at java.util.concurrent.CompletableFuture.timedGet(CompletableFuture.java:1788)
        at java.util.concurrent.CompletableFuture.get(CompletableFuture.java:1928)
        at org.apache.ratis.util.AwaitForSignal.await(AwaitForSignal.java:56)
        at org.apache.ratis.server.impl.StateMachineUpdater.waitForCommit(StateMachineUpdater.java:207)
        at org.apache.ratis.server.impl.StateMachineUpdater.run(StateMachineUpdater.java:176)
        at java.lang.Thread.run(Thread.java:750)
"StaleRecoveringContainerScrubbingService#1" daemon prio=5 tid=500 timed_waiting
java.lang.Thread.State: TIMED_WAITING
        at sun.misc.Unsafe.park(Native Method)
        at java.util.concurrent.locks.LockSupport.parkNanos(LockSupport.java:215)
        at java.util.concurrent.locks.AbstractQueuedSynchronizer$ConditionObject.awaitNanos(AbstractQueuedSynchronizer.java:2078)
        at java.util.concurrent.ScheduledThreadPoolExecutor$DelayedWorkQueue.take(ScheduledThreadPoolExecutor.java:1093)
        at java.util.concurrent.ScheduledThreadPoolExecutor$DelayedWorkQueue.take(ScheduledThreadPoolExecutor.java:809)
        at java.util.concurrent.ThreadPoolExecutor.getTask(ThreadPoolExecutor.java:1074)
        at java.util.concurrent.ThreadPoolExecutor.runWorker(ThreadPoolExecutor.java:1134)
        at java.util.concurrent.ThreadPoolExecutor$Worker.run(ThreadPoolExecutor.java:624)
        at java.lang.Thread.run(Thread.java:750)
"Command processor thread" daemon prio=5 tid=386 timed_waiting
java.lang.Thread.State: TIMED_WAITING
        at java.lang.Thread.sleep(Native Method)
        at org.apache.hadoop.ozone.container.common.statemachine.DatanodeStateMachine.lambda$initCommandHandlerThread$3(DatanodeStateMachine.java:634)
        at org.apache.hadoop.ozone.container.common.statemachine.DatanodeStateMachine$$Lambda$747/814733902.run(Unknown Source)
        at java.lang.Thread.run(Thread.java:750)
"IPC Server handler 6 on default port 45703" daemon prio=5 tid=43 timed_waiting
java.lang.Thread.State: TIMED_WAITING
        at sun.misc.Unsafe.park(Native Method)
        at java.util.concurrent.locks.LockSupport.parkNanos(LockSupport.java:215)
        at java.util.concurrent.locks.AbstractQueuedSynchronizer$ConditionObject.awaitNanos(AbstractQueuedSynchronizer.java:2078)
        at java.util.concurrent.LinkedBlockingQueue.poll(LinkedBlockingQueue.java:467)
        at org.apache.hadoop.ipc.CallQueueManager.take(CallQueueManager.java:317)
        at org.apache.hadoop.ipc.Server$Handler.run(Server.java:2942)
"075aeae4-9dac-4c28-be7c-8f8b2eb5b04f@group-5DBD8395D328-FollowerState" daemon prio=5 tid=766 timed_waiting
java.lang.Thread.State: TIMED_WAITING
        at java.lang.Thread.sleep(Native Method)
        at java.lang.Thread.sleep(Thread.java:342)
        at java.util.concurrent.TimeUnit.sleep(TimeUnit.java:386)
        at org.apache.ratis.util.TimeDuration.sleep(TimeDuration.java:325)
        at org.apache.ratis.util.TimeDuration.sleep(TimeDuration.java:310)
        at org.apache.ratis.server.impl.FollowerState.run(FollowerState.java:128)
"Datanode ReportManager Thread - 3" daemon prio=5 tid=267 in Object.wait()
java.lang.Thread.State: WAITING (on object monitor)
        at sun.misc.Unsafe.park(Native Method)
        at java.util.concurrent.locks.LockSupport.park(LockSupport.java:175)
        at java.util.concurrent.locks.AbstractQueuedSynchronizer$ConditionObject.await(AbstractQueuedSynchronizer.java:2039)
        at java.util.concurrent.ScheduledThreadPoolExecutor$DelayedWorkQueue.take(ScheduledThreadPoolExecutor.java:1088)
        at java.util.concurrent.ScheduledThreadPoolExecutor$DelayedWorkQueue.take(ScheduledThreadPoolExecutor.java:809)
        at java.util.concurrent.ThreadPoolExecutor.getTask(ThreadPoolExecutor.java:1074)
        at java.util.concurrent.ThreadPoolExecutor.runWorker(ThreadPoolExecutor.java:1134)
        at java.util.concurrent.ThreadPoolExecutor$Worker.run(ThreadPoolExecutor.java:624)
        at java.lang.Thread.run(Thread.java:750)
"IPC Server handler 6 on default port 34145" daemon prio=5 tid=150 timed_waiting
java.lang.Thread.State: TIMED_WAITING
        at sun.misc.Unsafe.park(Native Method)
        at java.util.concurrent.locks.LockSupport.parkNanos(LockSupport.java:215)
        at java.util.concurrent.locks.AbstractQueuedSynchronizer$ConditionObject.awaitNanos(AbstractQueuedSynchronizer.java:2078)
        at java.util.concurrent.LinkedBlockingQueue.poll(LinkedBlockingQueue.java:467)
        at org.apache.hadoop.ipc.CallQueueManager.take(CallQueueManager.java:317)
        at org.apache.hadoop.ipc.Server$Handler.run(Server.java:2942)
"pool-72-thread-1"  prio=5 tid=560 in Object.wait()
java.lang.Thread.State: WAITING (on object monitor)
        at sun.misc.Unsafe.park(Native Method)
        at java.util.concurrent.locks.LockSupport.park(LockSupport.java:175)
        at java.util.concurrent.locks.AbstractQueuedSynchronizer$ConditionObject.await(AbstractQueuedSynchronizer.java:2039)
        at java.util.concurrent.LinkedBlockingQueue.take(LinkedBlockingQueue.java:442)
        at java.util.concurrent.ThreadPoolExecutor.getTask(ThreadPoolExecutor.java:1074)
        at java.util.concurrent.ThreadPoolExecutor.runWorker(ThreadPoolExecutor.java:1134)
        at java.util.concurrent.ThreadPoolExecutor$Worker.run(ThreadPoolExecutor.java:624)
        at java.lang.Thread.run(Thread.java:750)
"qtp1405887855-174" daemon prio=5 tid=174 runnable
java.lang.Thread.State: RUNNABLE
        at sun.nio.ch.EPollArrayWrapper.epollWait(Native Method)
        at sun.nio.ch.EPollArrayWrapper.poll(EPollArrayWrapper.java:269)
        at sun.nio.ch.EPollSelectorImpl.doSelect(EPollSelectorImpl.java:93)
        at sun.nio.ch.SelectorImpl.lockAndDoSelect(SelectorImpl.java:86)
        at sun.nio.ch.SelectorImpl.select(SelectorImpl.java:97)
        at sun.nio.ch.SelectorImpl.select(SelectorImpl.java:101)
        at org.eclipse.jetty.io.ManagedSelector.nioSelect(ManagedSelector.java:183)
        at org.eclipse.jetty.io.ManagedSelector.select(ManagedSelector.java:190)
        at org.eclipse.jetty.io.ManagedSelector$SelectorProducer.select(ManagedSelector.java:606)
        at org.eclipse.jetty.io.ManagedSelector$SelectorProducer.produce(ManagedSelector.java:543)
        at org.eclipse.jetty.util.thread.strategy.EatWhatYouKill.produceTask(EatWhatYouKill.java:362)
        at org.eclipse.jetty.util.thread.strategy.EatWhatYouKill.doProduce(EatWhatYouKill.java:186)
        at org.eclipse.jetty.util.thread.strategy.EatWhatYouKill.tryProduce(EatWhatYouKill.java:173)
        at org.eclipse.jetty.util.thread.strategy.EatWhatYouKill.produce(EatWhatYouKill.java:137)
        at org.eclipse.jetty.io.ManagedSelector$$Lambda$443/1703412736.run(Unknown Source)
        at org.eclipse.jetty.util.thread.QueuedThreadPool.runJob(QueuedThreadPool.java:883)
        at org.eclipse.jetty.util.thread.QueuedThreadPool$Runner.run(QueuedThreadPool.java:1034)
        at java.lang.Thread.run(Thread.java:750)
"PartialTableCache Cleanup Thread - 0" daemon prio=5 tid=751 in Object.wait()
java.lang.Thread.State: WAITING (on object monitor)
        at sun.misc.Unsafe.park(Native Method)
        at java.util.concurrent.locks.LockSupport.park(LockSupport.java:175)
        at java.util.concurrent.locks.AbstractQueuedSynchronizer$ConditionObject.await(AbstractQueuedSynchronizer.java:2039)
        at java.util.concurrent.LinkedBlockingQueue.take(LinkedBlockingQueue.java:442)
        at java.util.concurrent.ThreadPoolExecutor.getTask(ThreadPoolExecutor.java:1074)
        at java.util.concurrent.ThreadPoolExecutor.runWorker(ThreadPoolExecutor.java:1134)
        at java.util.concurrent.ThreadPoolExecutor$Worker.run(ThreadPoolExecutor.java:624)
        at java.lang.Thread.run(Thread.java:750)
"IPC Server handler 16 on default port 45703" daemon prio=5 tid=53 timed_waiting
java.lang.Thread.State: TIMED_WAITING
        at sun.misc.Unsafe.park(Native Method)
        at java.util.concurrent.locks.LockSupport.parkNanos(LockSupport.java:215)
        at java.util.concurrent.locks.AbstractQueuedSynchronizer$ConditionObject.awaitNanos(AbstractQueuedSynchronizer.java:2078)
        at java.util.concurrent.LinkedBlockingQueue.poll(LinkedBlockingQueue.java:467)
        at org.apache.hadoop.ipc.CallQueueManager.take(CallQueueManager.java:317)
        at org.apache.hadoop.ipc.Server$Handler.run(Server.java:2942)
"Signal Dispatcher" daemon prio=9 tid=4 runnable
java.lang.Thread.State: RUNNABLE
"JvmPauseMonitor7" daemon prio=5 tid=514 timed_waiting
java.lang.Thread.State: TIMED_WAITING
        at java.lang.Thread.sleep(Native Method)
        at java.lang.Thread.sleep(Thread.java:342)
        at java.util.concurrent.TimeUnit.sleep(TimeUnit.java:386)
        at org.apache.ratis.util.TimeDuration.sleep(TimeDuration.java:325)
        at org.apache.ratis.util.TimeDuration.sleep(TimeDuration.java:310)
        at org.apache.ratis.util.JvmPauseMonitor.detectPause(JvmPauseMonitor.java:119)
        at org.apache.ratis.util.JvmPauseMonitor.run(JvmPauseMonitor.java:108)
        at org.apache.ratis.util.JvmPauseMonitor$$Lambda$702/1444742025.run(Unknown Source)
        at java.lang.Thread.run(Thread.java:750)
"d1d68c68-fcd1-40a2-8bd4-08293fe543e0@group-171754D57B70-SegmentedRaftLogWorker"  prio=5 tid=562 timed_waiting
java.lang.Thread.State: TIMED_WAITING
        at sun.misc.Unsafe.park(Native Method)
        at java.util.concurrent.locks.LockSupport.parkNanos(LockSupport.java:215)
        at java.util.concurrent.locks.AbstractQueuedSynchronizer$ConditionObject.awaitNanos(AbstractQueuedSynchronizer.java:2078)
        at org.apache.ratis.util.DataBlockingQueue.poll(DataBlockingQueue.java:148)
        at org.apache.ratis.server.raftlog.segmented.SegmentedRaftLogWorker.run(SegmentedRaftLogWorker.java:310)
        at org.apache.ratis.server.raftlog.segmented.SegmentedRaftLogWorker$$Lambda$661/1174177291.run(Unknown Source)
        at java.lang.Thread.run(Thread.java:750)
"63ee6728-2597-4353-a315-509fdfe6db5e-server-thread3" daemon prio=5 tid=742 timed_waiting
java.lang.Thread.State: TIMED_WAITING
        at sun.misc.Unsafe.park(Native Method)
        at java.util.concurrent.locks.LockSupport.parkNanos(LockSupport.java:215)
        at java.util.concurrent.SynchronousQueue$TransferStack.awaitFulfill(SynchronousQueue.java:460)
        at java.util.concurrent.SynchronousQueue$TransferStack.transfer(SynchronousQueue.java:362)
        at java.util.concurrent.SynchronousQueue.poll(SynchronousQueue.java:941)
        at java.util.concurrent.ThreadPoolExecutor.getTask(ThreadPoolExecutor.java:1073)
        at java.util.concurrent.ThreadPoolExecutor.runWorker(ThreadPoolExecutor.java:1134)
        at java.util.concurrent.ThreadPoolExecutor$Worker.run(ThreadPoolExecutor.java:624)
        at java.lang.Thread.run(Thread.java:750)
"qtp1661816191-309" daemon prio=5 tid=309 timed_waiting
java.lang.Thread.State: TIMED_WAITING
        at sun.misc.Unsafe.park(Native Method)
        at java.util.concurrent.locks.LockSupport.parkNanos(LockSupport.java:215)
        at java.util.concurrent.locks.AbstractQueuedSynchronizer$ConditionObject.awaitNanos(AbstractQueuedSynchronizer.java:2078)
        at org.eclipse.jetty.util.BlockingArrayQueue.poll(BlockingArrayQueue.java:382)
        at org.eclipse.jetty.util.thread.QueuedThreadPool$Runner.idleJobPoll(QueuedThreadPool.java:974)
        at org.eclipse.jetty.util.thread.QueuedThreadPool$Runner.run(QueuedThreadPool.java:1018)
        at java.lang.Thread.run(Thread.java:750)
"pool-210-thread-1"  prio=5 tid=637 in Object.wait()
java.lang.Thread.State: WAITING (on object monitor)
        at sun.misc.Unsafe.park(Native Method)
        at java.util.concurrent.locks.LockSupport.park(LockSupport.java:175)
        at java.util.concurrent.locks.AbstractQueuedSynchronizer$ConditionObject.await(AbstractQueuedSynchronizer.java:2039)
        at java.util.concurrent.LinkedBlockingQueue.take(LinkedBlockingQueue.java:442)
        at java.util.concurrent.ThreadPoolExecutor.getTask(ThreadPoolExecutor.java:1074)
        at java.util.concurrent.ThreadPoolExecutor.runWorker(ThreadPoolExecutor.java:1134)
        at java.util.concurrent.ThreadPoolExecutor$Worker.run(ThreadPoolExecutor.java:624)
        at java.lang.Thread.run(Thread.java:750)
"ChunkWriter-1-0" daemon prio=5 tid=447 in Object.wait()
java.lang.Thread.State: WAITING (on object monitor)
        at sun.misc.Unsafe.park(Native Method)
        at java.util.concurrent.locks.LockSupport.park(LockSupport.java:175)
        at java.util.concurrent.locks.AbstractQueuedSynchronizer$ConditionObject.await(AbstractQueuedSynchronizer.java:2039)
        at java.util.concurrent.LinkedBlockingDeque.takeFirst(LinkedBlockingDeque.java:492)
        at java.util.concurrent.LinkedBlockingDeque.take(LinkedBlockingDeque.java:680)
        at java.util.concurrent.ThreadPoolExecutor.getTask(ThreadPoolExecutor.java:1074)
        at java.util.concurrent.ThreadPoolExecutor.runWorker(ThreadPoolExecutor.java:1134)
        at java.util.concurrent.ThreadPoolExecutor$Worker.run(ThreadPoolExecutor.java:624)
        at java.lang.Thread.run(Thread.java:750)
"IPC Server Responder" daemon prio=5 tid=123 runnable
java.lang.Thread.State: RUNNABLE
        at sun.nio.ch.EPollArrayWrapper.epollWait(Native Method)
        at sun.nio.ch.EPollArrayWrapper.poll(EPollArrayWrapper.java:269)
        at sun.nio.ch.EPollSelectorImpl.doSelect(EPollSelectorImpl.java:93)
        at sun.nio.ch.SelectorImpl.lockAndDoSelect(SelectorImpl.java:86)
        at sun.nio.ch.SelectorImpl.select(SelectorImpl.java:97)
        at org.apache.hadoop.ipc.Server$Responder.doRunLoop(Server.java:1532)
        at org.apache.hadoop.ipc.Server$Responder.run(Server.java:1515)
"ChunkWriter-0-0" daemon prio=5 tid=522 in Object.wait()
java.lang.Thread.State: WAITING (on object monitor)
        at sun.misc.Unsafe.park(Native Method)
        at java.util.concurrent.locks.LockSupport.park(LockSupport.java:175)
        at java.util.concurrent.locks.AbstractQueuedSynchronizer$ConditionObject.await(AbstractQueuedSynchronizer.java:2039)
        at java.util.concurrent.LinkedBlockingDeque.takeFirst(LinkedBlockingDeque.java:492)
        at java.util.concurrent.LinkedBlockingDeque.take(LinkedBlockingDeque.java:680)
        at java.util.concurrent.ThreadPoolExecutor.getTask(ThreadPoolExecutor.java:1074)
        at java.util.concurrent.ThreadPoolExecutor.runWorker(ThreadPoolExecutor.java:1134)
        at java.util.concurrent.ThreadPoolExecutor$Worker.run(ThreadPoolExecutor.java:624)
        at java.lang.Thread.run(Thread.java:750)
"Datanode State Machine Daemon Thread" daemon prio=5 tid=237 timed_waiting
java.lang.Thread.State: TIMED_WAITING
        at java.lang.Thread.sleep(Native Method)
        at org.apache.hadoop.ozone.container.common.statemachine.DatanodeStateMachine.startStateMachineThread(DatanodeStateMachine.java:318)
        at org.apache.hadoop.ozone.container.common.statemachine.DatanodeStateMachine.lambda$startDaemon$0(DatanodeStateMachine.java:499)
        at org.apache.hadoop.ozone.container.common.statemachine.DatanodeStateMachine$$Lambda$745/1685415106.run(Unknown Source)
        at java.lang.Thread.run(Thread.java:750)
"IPC Server handler 13 on default port 45633" daemon prio=5 tid=90 timed_waiting
java.lang.Thread.State: TIMED_WAITING
        at sun.misc.Unsafe.park(Native Method)
        at java.util.concurrent.locks.LockSupport.parkNanos(LockSupport.java:215)
        at java.util.concurrent.locks.AbstractQueuedSynchronizer$ConditionObject.awaitNanos(AbstractQueuedSynchronizer.java:2078)
        at java.util.concurrent.LinkedBlockingQueue.poll(LinkedBlockingQueue.java:467)
        at org.apache.hadoop.ipc.CallQueueManager.take(CallQueueManager.java:317)
        at org.apache.hadoop.ipc.Server$Handler.run(Server.java:2942)
"Datanode State Machine Task Thread - 1"  prio=5 tid=546 in Object.wait()
java.lang.Thread.State: WAITING (on object monitor)
        at sun.misc.Unsafe.park(Native Method)
        at java.util.concurrent.locks.LockSupport.park(LockSupport.java:175)
        at java.util.concurrent.locks.AbstractQueuedSynchronizer$ConditionObject.await(AbstractQueuedSynchronizer.java:2039)
        at java.util.concurrent.LinkedBlockingQueue.take(LinkedBlockingQueue.java:442)
        at java.util.concurrent.ThreadPoolExecutor.getTask(ThreadPoolExecutor.java:1074)
        at java.util.concurrent.ThreadPoolExecutor.runWorker(ThreadPoolExecutor.java:1134)
        at java.util.concurrent.ThreadPoolExecutor$Worker.run(ThreadPoolExecutor.java:624)
        at java.lang.Thread.run(Thread.java:750)
"qtp1057102665-230" daemon prio=5 tid=230 timed_waiting
java.lang.Thread.State: TIMED_WAITING
        at sun.misc.Unsafe.park(Native Method)
        at java.util.concurrent.locks.LockSupport.parkNanos(LockSupport.java:215)
        at java.util.concurrent.locks.AbstractQueuedSynchronizer$ConditionObject.awaitNanos(AbstractQueuedSynchronizer.java:2078)
        at org.eclipse.jetty.util.BlockingArrayQueue.poll(BlockingArrayQueue.java:382)
        at org.eclipse.jetty.util.thread.QueuedThreadPool$Runner.idleJobPoll(QueuedThreadPool.java:974)
        at org.eclipse.jetty.util.thread.QueuedThreadPool$Runner.run(QueuedThreadPool.java:1018)
        at java.lang.Thread.run(Thread.java:750)
"qtp1473080868-441" daemon prio=5 tid=441 timed_waiting
java.lang.Thread.State: TIMED_WAITING
        at sun.misc.Unsafe.park(Native Method)
        at java.util.concurrent.locks.LockSupport.parkNanos(LockSupport.java:215)
        at java.util.concurrent.locks.AbstractQueuedSynchronizer$ConditionObject.awaitNanos(AbstractQueuedSynchronizer.java:2078)
        at org.eclipse.jetty.util.BlockingArrayQueue.poll(BlockingArrayQueue.java:382)
        at org.eclipse.jetty.util.thread.QueuedThreadPool$Runner.idleJobPoll(QueuedThreadPool.java:974)
        at org.eclipse.jetty.util.thread.QueuedThreadPool$Runner.run(QueuedThreadPool.java:1018)
        at java.lang.Thread.run(Thread.java:750)
"Session-HouseKeeper-5a405492-1"  prio=5 tid=143 timed_waiting
java.lang.Thread.State: TIMED_WAITING
        at sun.misc.Unsafe.park(Native Method)
        at java.util.concurrent.locks.LockSupport.parkNanos(LockSupport.java:215)
        at java.util.concurrent.locks.AbstractQueuedSynchronizer$ConditionObject.awaitNanos(AbstractQueuedSynchronizer.java:2078)
        at java.util.concurrent.ScheduledThreadPoolExecutor$DelayedWorkQueue.take(ScheduledThreadPoolExecutor.java:1093)
        at java.util.concurrent.ScheduledThreadPoolExecutor$DelayedWorkQueue.take(ScheduledThreadPoolExecutor.java:809)
        at java.util.concurrent.ThreadPoolExecutor.getTask(ThreadPoolExecutor.java:1074)
        at java.util.concurrent.ThreadPoolExecutor.runWorker(ThreadPoolExecutor.java:1134)
        at java.util.concurrent.ThreadPoolExecutor$Worker.run(ThreadPoolExecutor.java:624)
        at java.lang.Thread.run(Thread.java:750)
"IPC Server handler 11 on default port 34145" daemon prio=5 tid=155 timed_waiting
java.lang.Thread.State: TIMED_WAITING
        at sun.misc.Unsafe.park(Native Method)
        at java.util.concurrent.locks.LockSupport.parkNanos(LockSupport.java:215)
        at java.util.concurrent.locks.AbstractQueuedSynchronizer$ConditionObject.awaitNanos(AbstractQueuedSynchronizer.java:2078)
        at java.util.concurrent.LinkedBlockingQueue.poll(LinkedBlockingQueue.java:467)
        at org.apache.hadoop.ipc.CallQueueManager.take(CallQueueManager.java:317)
        at org.apache.hadoop.ipc.Server$Handler.run(Server.java:2942)
"qtp1069632960-105" daemon prio=5 tid=105 timed_waiting
java.lang.Thread.State: TIMED_WAITING
        at sun.misc.Unsafe.park(Native Method)
        at java.util.concurrent.locks.LockSupport.parkNanos(LockSupport.java:215)
        at java.util.concurrent.locks.AbstractQueuedSynchronizer$ConditionObject.awaitNanos(AbstractQueuedSynchronizer.java:2078)
        at org.eclipse.jetty.util.BlockingArrayQueue.poll(BlockingArrayQueue.java:382)
        at org.eclipse.jetty.util.thread.QueuedThreadPool$Runner.idleJobPoll(QueuedThreadPool.java:974)
        at org.eclipse.jetty.util.thread.QueuedThreadPool$Runner.run(QueuedThreadPool.java:1018)
        at java.lang.Thread.run(Thread.java:750)
"Datanode ReportManager Thread - 1" daemon prio=5 tid=317 timed_waiting
java.lang.Thread.State: TIMED_WAITING
        at sun.misc.Unsafe.park(Native Method)
        at java.util.concurrent.locks.LockSupport.parkNanos(LockSupport.java:215)
        at java.util.concurrent.locks.AbstractQueuedSynchronizer$ConditionObject.awaitNanos(AbstractQueuedSynchronizer.java:2078)
        at java.util.concurrent.ScheduledThreadPoolExecutor$DelayedWorkQueue.take(ScheduledThreadPoolExecutor.java:1093)
        at java.util.concurrent.ScheduledThreadPoolExecutor$DelayedWorkQueue.take(ScheduledThreadPoolExecutor.java:809)
        at java.util.concurrent.ThreadPoolExecutor.getTask(ThreadPoolExecutor.java:1074)
        at java.util.concurrent.ThreadPoolExecutor.runWorker(ThreadPoolExecutor.java:1134)
        at java.util.concurrent.ThreadPoolExecutor$Worker.run(ThreadPoolExecutor.java:624)
        at java.lang.Thread.run(Thread.java:750)
"BlockDeletingService#1" daemon prio=5 tid=530 timed_waiting
java.lang.Thread.State: TIMED_WAITING
        at sun.misc.Unsafe.park(Native Method)
        at java.util.concurrent.locks.LockSupport.parkNanos(LockSupport.java:215)
        at java.util.concurrent.locks.AbstractQueuedSynchronizer$ConditionObject.awaitNanos(AbstractQueuedSynchronizer.java:2078)
        at java.util.concurrent.ScheduledThreadPoolExecutor$DelayedWorkQueue.take(ScheduledThreadPoolExecutor.java:1093)
        at java.util.concurrent.ScheduledThreadPoolExecutor$DelayedWorkQueue.take(ScheduledThreadPoolExecutor.java:809)
        at java.util.concurrent.ThreadPoolExecutor.getTask(ThreadPoolExecutor.java:1074)
        at java.util.concurrent.ThreadPoolExecutor.runWorker(ThreadPoolExecutor.java:1134)
        at java.util.concurrent.ThreadPoolExecutor$Worker.run(ThreadPoolExecutor.java:624)
        at java.lang.Thread.run(Thread.java:750)
"pool-287-thread-1"  prio=5 tid=671 in Object.wait()
java.lang.Thread.State: WAITING (on object monitor)
        at sun.misc.Unsafe.park(Native Method)
        at java.util.concurrent.locks.LockSupport.park(LockSupport.java:175)
        at java.util.concurrent.locks.AbstractQueuedSynchronizer$ConditionObject.await(AbstractQueuedSynchronizer.java:2039)
        at java.util.concurrent.LinkedBlockingQueue.take(LinkedBlockingQueue.java:442)
        at java.util.concurrent.ThreadPoolExecutor.getTask(ThreadPoolExecutor.java:1074)
        at java.util.concurrent.ThreadPoolExecutor.runWorker(ThreadPoolExecutor.java:1134)
        at java.util.concurrent.ThreadPoolExecutor$Worker.run(ThreadPoolExecutor.java:624)
        at java.lang.Thread.run(Thread.java:750)
"ChunkReader-ELG-0" daemon prio=5 tid=496 runnable
java.lang.Thread.State: RUNNABLE
        at org.apache.ratis.thirdparty.io.netty.channel.epoll.Native.epollWait0(Native Method)
        at org.apache.ratis.thirdparty.io.netty.channel.epoll.Native.epollWait(Native.java:182)
        at org.apache.ratis.thirdparty.io.netty.channel.epoll.EpollEventLoop.epollWait(EpollEventLoop.java:290)
        at org.apache.ratis.thirdparty.io.netty.channel.epoll.EpollEventLoop.run(EpollEventLoop.java:354)
        at org.apache.ratis.thirdparty.io.netty.util.concurrent.SingleThreadEventExecutor$4.run(SingleThreadEventExecutor.java:995)
        at org.apache.ratis.thirdparty.io.netty.util.internal.ThreadExecutorMap$2.run(ThreadExecutorMap.java:74)
        at java.lang.Thread.run(Thread.java:750)
"Datanode ReportManager Thread - 2" daemon prio=5 tid=383 timed_waiting
java.lang.Thread.State: TIMED_WAITING
        at sun.misc.Unsafe.park(Native Method)
        at java.util.concurrent.locks.LockSupport.parkNanos(LockSupport.java:215)
        at java.util.concurrent.locks.AbstractQueuedSynchronizer$ConditionObject.awaitNanos(AbstractQueuedSynchronizer.java:2078)
        at java.util.concurrent.ScheduledThreadPoolExecutor$DelayedWorkQueue.take(ScheduledThreadPoolExecutor.java:1093)
        at java.util.concurrent.ScheduledThreadPoolExecutor$DelayedWorkQueue.take(ScheduledThreadPoolExecutor.java:809)
        at java.util.concurrent.ThreadPoolExecutor.getTask(ThreadPoolExecutor.java:1074)
        at java.util.concurrent.ThreadPoolExecutor.runWorker(ThreadPoolExecutor.java:1134)
        at java.util.concurrent.ThreadPoolExecutor$Worker.run(ThreadPoolExecutor.java:624)
        at java.lang.Thread.run(Thread.java:750)
"Datanode ReportManager Thread - 4" daemon prio=5 tid=320 timed_waiting
java.lang.Thread.State: TIMED_WAITING
        at sun.misc.Unsafe.park(Native Method)
        at java.util.concurrent.locks.LockSupport.parkNanos(LockSupport.java:215)
        at java.util.concurrent.locks.AbstractQueuedSynchronizer$ConditionObject.awaitNanos(AbstractQueuedSynchronizer.java:2078)
        at java.util.concurrent.ScheduledThreadPoolExecutor$DelayedWorkQueue.take(ScheduledThreadPoolExecutor.java:1093)
        at java.util.concurrent.ScheduledThreadPoolExecutor$DelayedWorkQueue.take(ScheduledThreadPoolExecutor.java:809)
        at java.util.concurrent.ThreadPoolExecutor.getTask(ThreadPoolExecutor.java:1074)
        at java.util.concurrent.ThreadPoolExecutor.runWorker(ThreadPoolExecutor.java:1134)
        at java.util.concurrent.ThreadPoolExecutor$Worker.run(ThreadPoolExecutor.java:624)
        at java.lang.Thread.run(Thread.java:750)
"qtp143044035-259" daemon prio=5 tid=259 timed_waiting
java.lang.Thread.State: TIMED_WAITING
        at sun.misc.Unsafe.park(Native Method)
        at java.util.concurrent.locks.LockSupport.parkNanos(LockSupport.java:215)
        at java.util.concurrent.locks.AbstractQueuedSynchronizer$ConditionObject.awaitNanos(AbstractQueuedSynchronizer.java:2078)
        at org.eclipse.jetty.util.BlockingArrayQueue.poll(BlockingArrayQueue.java:382)
        at org.eclipse.jetty.util.thread.QueuedThreadPool$Runner.idleJobPoll(QueuedThreadPool.java:974)
        at org.eclipse.jetty.util.thread.QueuedThreadPool$Runner.run(QueuedThreadPool.java:1018)
        at java.lang.Thread.run(Thread.java:750)
"IPC Server idle connection scanner for port 45703" daemon prio=5 tid=33 timed_waiting
java.lang.Thread.State: TIMED_WAITING
        at java.lang.Object.wait(Native Method)
        at java.util.TimerThread.mainLoop(Timer.java:552)
        at java.util.TimerThread.run(Timer.java:505)
"IPC Server handler 16 on default port 45015" daemon prio=5 tid=73 timed_waiting
java.lang.Thread.State: TIMED_WAITING
        at sun.misc.Unsafe.park(Native Method)
        at java.util.concurrent.locks.LockSupport.parkNanos(LockSupport.java:215)
        at java.util.concurrent.locks.AbstractQueuedSynchronizer$ConditionObject.awaitNanos(AbstractQueuedSynchronizer.java:2078)
        at java.util.concurrent.LinkedBlockingQueue.poll(LinkedBlockingQueue.java:467)
        at org.apache.hadoop.ipc.CallQueueManager.take(CallQueueManager.java:317)
        at org.apache.hadoop.ipc.Server$Handler.run(Server.java:2942)
"IPC Server handler 7 on default port 45703" daemon prio=5 tid=44 timed_waiting
java.lang.Thread.State: TIMED_WAITING
        at sun.misc.Unsafe.park(Native Method)
        at java.util.concurrent.locks.LockSupport.parkNanos(LockSupport.java:215)
        at java.util.concurrent.locks.AbstractQueuedSynchronizer$ConditionObject.awaitNanos(AbstractQueuedSynchronizer.java:2078)
        at java.util.concurrent.LinkedBlockingQueue.poll(LinkedBlockingQueue.java:467)
        at org.apache.hadoop.ipc.CallQueueManager.take(CallQueueManager.java:317)
        at org.apache.hadoop.ipc.Server$Handler.run(Server.java:2942)
"ChunkWriter-2-0" daemon prio=5 tid=550 in Object.wait()
java.lang.Thread.State: WAITING (on object monitor)
        at sun.misc.Unsafe.park(Native Method)
        at java.util.concurrent.locks.LockSupport.park(LockSupport.java:175)
        at java.util.concurrent.locks.AbstractQueuedSynchronizer$ConditionObject.await(AbstractQueuedSynchronizer.java:2039)
        at java.util.concurrent.LinkedBlockingDeque.takeFirst(LinkedBlockingDeque.java:492)
        at java.util.concurrent.LinkedBlockingDeque.take(LinkedBlockingDeque.java:680)
        at java.util.concurrent.ThreadPoolExecutor.getTask(ThreadPoolExecutor.java:1074)
        at java.util.concurrent.ThreadPoolExecutor.runWorker(ThreadPoolExecutor.java:1134)
        at java.util.concurrent.ThreadPoolExecutor$Worker.run(ThreadPoolExecutor.java:624)
        at java.lang.Thread.run(Thread.java:750)
"pool-118-thread-1"  prio=5 tid=579 in Object.wait()
java.lang.Thread.State: WAITING (on object monitor)
        at sun.misc.Unsafe.park(Native Method)
        at java.util.concurrent.locks.LockSupport.park(LockSupport.java:175)
        at java.util.concurrent.locks.AbstractQueuedSynchronizer$ConditionObject.await(AbstractQueuedSynchronizer.java:2039)
        at java.util.concurrent.LinkedBlockingQueue.take(LinkedBlockingQueue.java:442)
        at java.util.concurrent.ThreadPoolExecutor.getTask(ThreadPoolExecutor.java:1074)
        at java.util.concurrent.ThreadPoolExecutor.runWorker(ThreadPoolExecutor.java:1134)
        at java.util.concurrent.ThreadPoolExecutor$Worker.run(ThreadPoolExecutor.java:624)
        at java.lang.Thread.run(Thread.java:750)
"pool-230-thread-1" daemon prio=5 tid=366 timed_waiting
java.lang.Thread.State: TIMED_WAITING
        at sun.misc.Unsafe.park(Native Method)
        at java.util.concurrent.locks.LockSupport.parkNanos(LockSupport.java:215)
        at java.util.concurrent.locks.AbstractQueuedSynchronizer$ConditionObject.awaitNanos(AbstractQueuedSynchronizer.java:2078)
        at java.util.concurrent.ScheduledThreadPoolExecutor$DelayedWorkQueue.take(ScheduledThreadPoolExecutor.java:1093)
        at java.util.concurrent.ScheduledThreadPoolExecutor$DelayedWorkQueue.take(ScheduledThreadPoolExecutor.java:809)
        at java.util.concurrent.ThreadPoolExecutor.getTask(ThreadPoolExecutor.java:1074)
        at java.util.concurrent.ThreadPoolExecutor.runWorker(ThreadPoolExecutor.java:1134)
        at java.util.concurrent.ThreadPoolExecutor$Worker.run(ThreadPoolExecutor.java:624)
        at java.lang.Thread.run(Thread.java:750)
"ChunkWriter-3-0" daemon prio=5 tid=539 in Object.wait()
java.lang.Thread.State: WAITING (on object monitor)
        at sun.misc.Unsafe.park(Native Method)
        at java.util.concurrent.locks.LockSupport.park(LockSupport.java:175)
        at java.util.concurrent.locks.AbstractQueuedSynchronizer$ConditionObject.await(AbstractQueuedSynchronizer.java:2039)
        at java.util.concurrent.LinkedBlockingDeque.takeFirst(LinkedBlockingDeque.java:492)
        at java.util.concurrent.LinkedBlockingDeque.take(LinkedBlockingDeque.java:680)
        at java.util.concurrent.ThreadPoolExecutor.getTask(ThreadPoolExecutor.java:1074)
        at java.util.concurrent.ThreadPoolExecutor.runWorker(ThreadPoolExecutor.java:1134)
        at java.util.concurrent.ThreadPoolExecutor$Worker.run(ThreadPoolExecutor.java:624)
        at java.lang.Thread.run(Thread.java:750)
"ChunkWriter-1-0" daemon prio=5 tid=468 in Object.wait()
java.lang.Thread.State: WAITING (on object monitor)
        at sun.misc.Unsafe.park(Native Method)
        at java.util.concurrent.locks.LockSupport.park(LockSupport.java:175)
        at java.util.concurrent.locks.AbstractQueuedSynchronizer$ConditionObject.await(AbstractQueuedSynchronizer.java:2039)
        at java.util.concurrent.LinkedBlockingDeque.takeFirst(LinkedBlockingDeque.java:492)
        at java.util.concurrent.LinkedBlockingDeque.take(LinkedBlockingDeque.java:680)
        at java.util.concurrent.ThreadPoolExecutor.getTask(ThreadPoolExecutor.java:1074)
        at java.util.concurrent.ThreadPoolExecutor.runWorker(ThreadPoolExecutor.java:1134)
        at java.util.concurrent.ThreadPoolExecutor$Worker.run(ThreadPoolExecutor.java:624)
        at java.lang.Thread.run(Thread.java:750)
"grpc-default-executor-7" daemon prio=5 tid=884 timed_waiting
java.lang.Thread.State: TIMED_WAITING
        at sun.misc.Unsafe.park(Native Method)
        at java.util.concurrent.locks.LockSupport.parkNanos(LockSupport.java:215)
        at java.util.concurrent.SynchronousQueue$TransferStack.awaitFulfill(SynchronousQueue.java:460)
        at java.util.concurrent.SynchronousQueue$TransferStack.transfer(SynchronousQueue.java:362)
        at java.util.concurrent.SynchronousQueue.poll(SynchronousQueue.java:941)
        at java.util.concurrent.ThreadPoolExecutor.getTask(ThreadPoolExecutor.java:1073)
        at java.util.concurrent.ThreadPoolExecutor.runWorker(ThreadPoolExecutor.java:1134)
        at java.util.concurrent.ThreadPoolExecutor$Worker.run(ThreadPoolExecutor.java:624)
        at java.lang.Thread.run(Thread.java:750)
"Socket Reader #1 for port 0"  prio=5 tid=32 runnable
java.lang.Thread.State: RUNNABLE
        at sun.nio.ch.EPollArrayWrapper.epollWait(Native Method)
        at sun.nio.ch.EPollArrayWrapper.poll(EPollArrayWrapper.java:269)
        at sun.nio.ch.EPollSelectorImpl.doSelect(EPollSelectorImpl.java:93)
        at sun.nio.ch.SelectorImpl.lockAndDoSelect(SelectorImpl.java:86)
        at sun.nio.ch.SelectorImpl.select(SelectorImpl.java:97)
        at sun.nio.ch.SelectorImpl.select(SelectorImpl.java:101)
        at org.apache.hadoop.ipc.Server$Listener$Reader.doRunLoop(Server.java:1296)
        at org.apache.hadoop.ipc.Server$Listener$Reader.run(Server.java:1275)
"IPC Server handler 3 on default port 34145" daemon prio=5 tid=147 timed_waiting
java.lang.Thread.State: TIMED_WAITING
        at sun.misc.Unsafe.park(Native Method)
        at java.util.concurrent.locks.LockSupport.parkNanos(LockSupport.java:215)
        at java.util.concurrent.locks.AbstractQueuedSynchronizer$ConditionObject.awaitNanos(AbstractQueuedSynchronizer.java:2078)
        at java.util.concurrent.LinkedBlockingQueue.poll(LinkedBlockingQueue.java:467)
        at org.apache.hadoop.ipc.CallQueueManager.take(CallQueueManager.java:317)
        at org.apache.hadoop.ipc.Server$Handler.run(Server.java:2942)
"pool-150-thread-1"  prio=5 tid=253 timed_waiting
java.lang.Thread.State: TIMED_WAITING
        at sun.misc.Unsafe.park(Native Method)
        at java.util.concurrent.locks.LockSupport.parkNanos(LockSupport.java:215)
        at java.util.concurrent.locks.AbstractQueuedSynchronizer$ConditionObject.awaitNanos(AbstractQueuedSynchronizer.java:2078)
        at java.util.concurrent.ScheduledThreadPoolExecutor$DelayedWorkQueue.take(ScheduledThreadPoolExecutor.java:1093)
        at java.util.concurrent.ScheduledThreadPoolExecutor$DelayedWorkQueue.take(ScheduledThreadPoolExecutor.java:809)
        at java.util.concurrent.ThreadPoolExecutor.getTask(ThreadPoolExecutor.java:1074)
        at java.util.concurrent.ThreadPoolExecutor.runWorker(ThreadPoolExecutor.java:1134)
        at java.util.concurrent.ThreadPoolExecutor$Worker.run(ThreadPoolExecutor.java:624)
        at java.lang.Thread.run(Thread.java:750)
"6e54690b-befe-42c2-a4b7-a861f73b2b3f@group-9278B7B813B0-FollowerState" daemon prio=5 tid=855 timed_waiting
java.lang.Thread.State: TIMED_WAITING
        at java.lang.Thread.sleep(Native Method)
        at java.lang.Thread.sleep(Thread.java:342)
        at java.util.concurrent.TimeUnit.sleep(TimeUnit.java:386)
        at org.apache.ratis.util.TimeDuration.sleep(TimeDuration.java:325)
        at org.apache.ratis.util.TimeDuration.sleep(TimeDuration.java:310)
        at org.apache.ratis.server.impl.FollowerState.run(FollowerState.java:128)
"org.apache.hadoop.util.JvmPauseMonitor$Monitor@3fb4f938" daemon prio=5 tid=463 timed_waiting
java.lang.Thread.State: TIMED_WAITING
        at java.lang.Thread.sleep(Native Method)
        at org.apache.hadoop.util.JvmPauseMonitor$Monitor.run(JvmPauseMonitor.java:192)
        at java.lang.Thread.run(Thread.java:750)
"BlockDeletingService#2" daemon prio=5 tid=871 in Object.wait()
java.lang.Thread.State: WAITING (on object monitor)
        at sun.misc.Unsafe.park(Native Method)
        at java.util.concurrent.locks.LockSupport.park(LockSupport.java:175)
        at java.util.concurrent.locks.AbstractQueuedSynchronizer$ConditionObject.await(AbstractQueuedSynchronizer.java:2039)
        at java.util.concurrent.ScheduledThreadPoolExecutor$DelayedWorkQueue.take(ScheduledThreadPoolExecutor.java:1088)
        at java.util.concurrent.ScheduledThreadPoolExecutor$DelayedWorkQueue.take(ScheduledThreadPoolExecutor.java:809)
        at java.util.concurrent.ThreadPoolExecutor.getTask(ThreadPoolExecutor.java:1074)
        at java.util.concurrent.ThreadPoolExecutor.runWorker(ThreadPoolExecutor.java:1134)
        at java.util.concurrent.ThreadPoolExecutor$Worker.run(ThreadPoolExecutor.java:624)
        at java.lang.Thread.run(Thread.java:750)
"org.apache.hadoop.util.JvmPauseMonitor$Monitor@3f838072" daemon prio=5 tid=98 timed_waiting
java.lang.Thread.State: TIMED_WAITING
        at java.lang.Thread.sleep(Native Method)
        at org.apache.hadoop.util.JvmPauseMonitor$Monitor.run(JvmPauseMonitor.java:192)
        at java.lang.Thread.run(Thread.java:750)
"EndpointStateMachine task thread for /0.0.0.0:45633 - 0 "  prio=5 tid=466 in Object.wait()
java.lang.Thread.State: WAITING (on object monitor)
        at sun.misc.Unsafe.park(Native Method)
        at java.util.concurrent.locks.LockSupport.park(LockSupport.java:175)
        at java.util.concurrent.locks.AbstractQueuedSynchronizer$ConditionObject.await(AbstractQueuedSynchronizer.java:2039)
        at java.util.concurrent.LinkedBlockingQueue.take(LinkedBlockingQueue.java:442)
        at java.util.concurrent.ThreadPoolExecutor.getTask(ThreadPoolExecutor.java:1074)
        at java.util.concurrent.ThreadPoolExecutor.runWorker(ThreadPoolExecutor.java:1134)
        at java.util.concurrent.ThreadPoolExecutor$Worker.run(ThreadPoolExecutor.java:624)
        at java.lang.Thread.run(Thread.java:750)
"IPC Server handler 12 on default port 45633" daemon prio=5 tid=89 timed_waiting
java.lang.Thread.State: TIMED_WAITING
        at sun.misc.Unsafe.park(Native Method)
        at java.util.concurrent.locks.LockSupport.parkNanos(LockSupport.java:215)
        at java.util.concurrent.locks.AbstractQueuedSynchronizer$ConditionObject.awaitNanos(AbstractQueuedSynchronizer.java:2078)
        at java.util.concurrent.LinkedBlockingQueue.poll(LinkedBlockingQueue.java:467)
        at org.apache.hadoop.ipc.CallQueueManager.take(CallQueueManager.java:317)
        at org.apache.hadoop.ipc.Server$Handler.run(Server.java:2942)
"EventQueue-NewNodeForNewNodeHandler" daemon prio=5 tid=501 in Object.wait()
java.lang.Thread.State: WAITING (on object monitor)
        at sun.misc.Unsafe.park(Native Method)
        at java.util.concurrent.locks.LockSupport.park(LockSupport.java:175)
        at java.util.concurrent.locks.AbstractQueuedSynchronizer$ConditionObject.await(AbstractQueuedSynchronizer.java:2039)
        at java.util.concurrent.LinkedBlockingQueue.take(LinkedBlockingQueue.java:442)
        at java.util.concurrent.ThreadPoolExecutor.getTask(ThreadPoolExecutor.java:1074)
        at java.util.concurrent.ThreadPoolExecutor.runWorker(ThreadPoolExecutor.java:1134)
        at java.util.concurrent.ThreadPoolExecutor$Worker.run(ThreadPoolExecutor.java:624)
        at java.lang.Thread.run(Thread.java:750)
"qtp1057102665-231" daemon prio=5 tid=231 timed_waiting
java.lang.Thread.State: TIMED_WAITING
        at sun.misc.Unsafe.park(Native Method)
        at java.util.concurrent.locks.LockSupport.parkNanos(LockSupport.java:215)
        at java.util.concurrent.locks.AbstractQueuedSynchronizer$ConditionObject.awaitNanos(AbstractQueuedSynchronizer.java:2078)
        at org.eclipse.jetty.util.BlockingArrayQueue.poll(BlockingArrayQueue.java:382)
        at org.eclipse.jetty.util.thread.QueuedThreadPool$Runner.idleJobPoll(QueuedThreadPool.java:974)
        at org.eclipse.jetty.util.thread.QueuedThreadPool$Runner.run(QueuedThreadPool.java:1018)
        at java.lang.Thread.run(Thread.java:750)
"63ee6728-2597-4353-a315-509fdfe6db5e@group-060300A70C6B-StateMachineUpdater" daemon prio=5 tid=636 timed_waiting
java.lang.Thread.State: TIMED_WAITING
        at sun.misc.Unsafe.park(Native Method)
        at java.util.concurrent.locks.LockSupport.parkNanos(LockSupport.java:215)
        at java.util.concurrent.CompletableFuture$Signaller.block(CompletableFuture.java:1709)
        at java.util.concurrent.ForkJoinPool.managedBlock(ForkJoinPool.java:3323)
        at java.util.concurrent.CompletableFuture.timedGet(CompletableFuture.java:1788)
        at java.util.concurrent.CompletableFuture.get(CompletableFuture.java:1928)
        at org.apache.ratis.util.AwaitForSignal.await(AwaitForSignal.java:56)
        at org.apache.ratis.server.impl.StateMachineUpdater.waitForCommit(StateMachineUpdater.java:207)
        at org.apache.ratis.server.impl.StateMachineUpdater.run(StateMachineUpdater.java:176)
        at java.lang.Thread.run(Thread.java:750)
"qtp651614956-286" daemon prio=5 tid=286 timed_waiting
java.lang.Thread.State: TIMED_WAITING
        at sun.misc.Unsafe.park(Native Method)
        at java.util.concurrent.locks.LockSupport.parkNanos(LockSupport.java:215)
        at java.util.concurrent.locks.AbstractQueuedSynchronizer$ConditionObject.awaitNanos(AbstractQueuedSynchronizer.java:2078)
        at org.eclipse.jetty.util.BlockingArrayQueue.poll(BlockingArrayQueue.java:382)
        at org.eclipse.jetty.util.thread.QueuedThreadPool$Runner.idleJobPoll(QueuedThreadPool.java:974)
        at org.eclipse.jetty.util.thread.QueuedThreadPool$Runner.run(QueuedThreadPool.java:1018)
        at java.lang.Thread.run(Thread.java:750)
"Datanode ReportManager Thread - 4" daemon prio=5 tid=294 timed_waiting
java.lang.Thread.State: TIMED_WAITING
        at sun.misc.Unsafe.park(Native Method)
        at java.util.concurrent.locks.LockSupport.parkNanos(LockSupport.java:215)
        at java.util.concurrent.locks.AbstractQueuedSynchronizer$ConditionObject.awaitNanos(AbstractQueuedSynchronizer.java:2078)
        at java.util.concurrent.ScheduledThreadPoolExecutor$DelayedWorkQueue.take(ScheduledThreadPoolExecutor.java:1093)
        at java.util.concurrent.ScheduledThreadPoolExecutor$DelayedWorkQueue.take(ScheduledThreadPoolExecutor.java:809)
        at java.util.concurrent.ThreadPoolExecutor.getTask(ThreadPoolExecutor.java:1074)
        at java.util.concurrent.ThreadPoolExecutor.runWorker(ThreadPoolExecutor.java:1134)
        at java.util.concurrent.ThreadPoolExecutor$Worker.run(ThreadPoolExecutor.java:624)
        at java.lang.Thread.run(Thread.java:750)
"prometheus" daemon prio=5 tid=109 in Object.wait()
java.lang.Thread.State: WAITING (on object monitor)
        at java.lang.Object.wait(Native Method)
        at java.lang.Object.wait(Object.java:502)
        at org.apache.hadoop.metrics2.impl.SinkQueue.waitForData(SinkQueue.java:114)
        at org.apache.hadoop.metrics2.impl.SinkQueue.consumeAll(SinkQueue.java:83)
        at org.apache.hadoop.metrics2.impl.MetricsSinkAdapter.publishMetricsFromQueue(MetricsSinkAdapter.java:135)
        at org.apache.hadoop.metrics2.impl.MetricsSinkAdapter$1.run(MetricsSinkAdapter.java:89)
"IPC Server handler 8 on default port 34145" daemon prio=5 tid=152 timed_waiting
java.lang.Thread.State: TIMED_WAITING
        at sun.misc.Unsafe.park(Native Method)
        at java.util.concurrent.locks.LockSupport.parkNanos(LockSupport.java:215)
        at java.util.concurrent.locks.AbstractQueuedSynchronizer$ConditionObject.awaitNanos(AbstractQueuedSynchronizer.java:2078)
        at java.util.concurrent.LinkedBlockingQueue.poll(LinkedBlockingQueue.java:467)
        at org.apache.hadoop.ipc.CallQueueManager.take(CallQueueManager.java:317)
        at org.apache.hadoop.ipc.Server$Handler.run(Server.java:2942)
"6e54690b-befe-42c2-a4b7-a861f73b2b3f-server-thread2" daemon prio=5 tid=861 timed_waiting
java.lang.Thread.State: TIMED_WAITING
        at sun.misc.Unsafe.park(Native Method)
        at java.util.concurrent.locks.LockSupport.parkNanos(LockSupport.java:215)
        at java.util.concurrent.SynchronousQueue$TransferStack.awaitFulfill(SynchronousQueue.java:460)
        at java.util.concurrent.SynchronousQueue$TransferStack.transfer(SynchronousQueue.java:362)
        at java.util.concurrent.SynchronousQueue.poll(SynchronousQueue.java:941)
        at java.util.concurrent.ThreadPoolExecutor.getTask(ThreadPoolExecutor.java:1073)
        at java.util.concurrent.ThreadPoolExecutor.runWorker(ThreadPoolExecutor.java:1134)
        at java.util.concurrent.ThreadPoolExecutor$Worker.run(ThreadPoolExecutor.java:624)
        at java.lang.Thread.run(Thread.java:750)
"qtp1139195831-415" daemon prio=5 tid=415 timed_waiting
java.lang.Thread.State: TIMED_WAITING
        at sun.misc.Unsafe.park(Native Method)
        at java.util.concurrent.locks.LockSupport.parkNanos(LockSupport.java:215)
        at java.util.concurrent.locks.AbstractQueuedSynchronizer$ConditionObject.awaitNanos(AbstractQueuedSynchronizer.java:2078)
        at org.eclipse.jetty.util.BlockingArrayQueue.poll(BlockingArrayQueue.java:382)
        at org.eclipse.jetty.util.thread.QueuedThreadPool$Runner.idleJobPoll(QueuedThreadPool.java:974)
        at org.eclipse.jetty.util.thread.QueuedThreadPool$Runner.run(QueuedThreadPool.java:1018)
        at java.lang.Thread.run(Thread.java:750)
"qtp1069632960-103" daemon prio=5 tid=103 timed_waiting
java.lang.Thread.State: TIMED_WAITING
        at sun.misc.Unsafe.park(Native Method)
        at java.util.concurrent.locks.LockSupport.parkNanos(LockSupport.java:215)
        at java.util.concurrent.locks.AbstractQueuedSynchronizer$ConditionObject.awaitNanos(AbstractQueuedSynchronizer.java:2078)
        at org.eclipse.jetty.util.BlockingArrayQueue.poll(BlockingArrayQueue.java:382)
        at org.eclipse.jetty.util.thread.QueuedThreadPool$Runner.idleJobPoll(QueuedThreadPool.java:974)
        at org.eclipse.jetty.util.thread.QueuedThreadPool$Runner.run(QueuedThreadPool.java:1018)
        at java.lang.Thread.run(Thread.java:750)
"EventQueue-StaleNodeForStaleNodeHandler" daemon prio=5 tid=816 in Object.wait()
java.lang.Thread.State: WAITING (on object monitor)
        at sun.misc.Unsafe.park(Native Method)
        at java.util.concurrent.locks.LockSupport.park(LockSupport.java:175)
        at java.util.concurrent.locks.AbstractQueuedSynchronizer$ConditionObject.await(AbstractQueuedSynchronizer.java:2039)
        at java.util.concurrent.LinkedBlockingQueue.take(LinkedBlockingQueue.java:442)
        at java.util.concurrent.ThreadPoolExecutor.getTask(ThreadPoolExecutor.java:1074)
        at java.util.concurrent.ThreadPoolExecutor.runWorker(ThreadPoolExecutor.java:1134)
        at java.util.concurrent.ThreadPoolExecutor$Worker.run(ThreadPoolExecutor.java:624)
        at java.lang.Thread.run(Thread.java:750)
"IPC Server handler 3 on default port 45015" daemon prio=5 tid=60 timed_waiting
java.lang.Thread.State: TIMED_WAITING
        at sun.misc.Unsafe.park(Native Method)
        at java.util.concurrent.locks.LockSupport.parkNanos(LockSupport.java:215)
        at java.util.concurrent.locks.AbstractQueuedSynchronizer$ConditionObject.awaitNanos(AbstractQueuedSynchronizer.java:2078)
        at java.util.concurrent.LinkedBlockingQueue.poll(LinkedBlockingQueue.java:467)
        at org.apache.hadoop.ipc.CallQueueManager.take(CallQueueManager.java:317)
        at org.apache.hadoop.ipc.Server$Handler.run(Server.java:2942)
"e349f11f-4d2d-4584-922f-e3c208c9e657@group-D99577696E18-StateMachineUpdater" daemon prio=5 tid=629 timed_waiting
java.lang.Thread.State: TIMED_WAITING
        at sun.misc.Unsafe.park(Native Method)
        at java.util.concurrent.locks.LockSupport.parkNanos(LockSupport.java:215)
        at java.util.concurrent.CompletableFuture$Signaller.block(CompletableFuture.java:1709)
        at java.util.concurrent.ForkJoinPool.managedBlock(ForkJoinPool.java:3323)
        at java.util.concurrent.CompletableFuture.timedGet(CompletableFuture.java:1788)
        at java.util.concurrent.CompletableFuture.get(CompletableFuture.java:1928)
        at org.apache.ratis.util.AwaitForSignal.await(AwaitForSignal.java:56)
        at org.apache.ratis.server.impl.StateMachineUpdater.waitForCommit(StateMachineUpdater.java:207)
        at org.apache.ratis.server.impl.StateMachineUpdater.run(StateMachineUpdater.java:176)
        at java.lang.Thread.run(Thread.java:750)
"FixedThreadPoolWithAffinityExecutor-1-0" daemon prio=5 tid=502 in Object.wait()
java.lang.Thread.State: WAITING (on object monitor)
        at sun.misc.Unsafe.park(Native Method)
        at java.util.concurrent.locks.LockSupport.park(LockSupport.java:175)
        at java.util.concurrent.locks.AbstractQueuedSynchronizer$ConditionObject.await(AbstractQueuedSynchronizer.java:2039)
        at java.util.concurrent.LinkedBlockingDeque.takeFirst(LinkedBlockingDeque.java:492)
        at java.util.concurrent.LinkedBlockingDeque.take(LinkedBlockingDeque.java:680)
        at java.util.concurrent.ThreadPoolExecutor.getTask(ThreadPoolExecutor.java:1074)
        at java.util.concurrent.ThreadPoolExecutor.runWorker(ThreadPoolExecutor.java:1134)
        at java.util.concurrent.ThreadPoolExecutor$Worker.run(ThreadPoolExecutor.java:624)
        at java.lang.Thread.run(Thread.java:750)
"Datanode ReportManager Thread - 3" daemon prio=5 tid=384 in Object.wait()
java.lang.Thread.State: WAITING (on object monitor)
        at sun.misc.Unsafe.park(Native Method)
        at java.util.concurrent.locks.LockSupport.park(LockSupport.java:175)
        at java.util.concurrent.locks.AbstractQueuedSynchronizer$ConditionObject.await(AbstractQueuedSynchronizer.java:2039)
        at java.util.concurrent.ScheduledThreadPoolExecutor$DelayedWorkQueue.take(ScheduledThreadPoolExecutor.java:1088)
        at java.util.concurrent.ScheduledThreadPoolExecutor$DelayedWorkQueue.take(ScheduledThreadPoolExecutor.java:809)
        at java.util.concurrent.ThreadPoolExecutor.getTask(ThreadPoolExecutor.java:1074)
        at java.util.concurrent.ThreadPoolExecutor.runWorker(ThreadPoolExecutor.java:1134)
        at java.util.concurrent.ThreadPoolExecutor$Worker.run(ThreadPoolExecutor.java:624)
        at java.lang.Thread.run(Thread.java:750)
"surefire-forkedjvm-command-thread" daemon prio=5 tid=10 runnable
java.lang.Thread.State: RUNNABLE
        at java.io.FileInputStream.readBytes(Native Method)
        at java.io.FileInputStream.read(FileInputStream.java:255)
        at java.io.BufferedInputStream.read1(BufferedInputStream.java:284)
        at java.io.BufferedInputStream.read(BufferedInputStream.java:345)
        at java.io.BufferedInputStream.fill(BufferedInputStream.java:246)
        at java.io.BufferedInputStream.read1(BufferedInputStream.java:286)
        at java.io.BufferedInputStream.read(BufferedInputStream.java:345)
        at org.apache.maven.surefire.api.util.internal.Channels$3.readImpl(Channels.java:214)
        at org.apache.maven.surefire.api.util.internal.AbstractNoninterruptibleReadableChannel.read(AbstractNoninterruptibleReadableChannel.java:54)
        at org.apache.maven.surefire.booter.spi.LegacyMasterProcessChannelDecoder.decode(LegacyMasterProcessChannelDecoder.java:80)
        at org.apache.maven.surefire.booter.CommandReader$CommandRunnable.run(CommandReader.java:343)
        at java.lang.Thread.run(Thread.java:750)
"qtp1405887855-175-acceptor-0@3028de44-ServerConnector@56c4bb46{HTTP/1.1, (http/1.1)}{0.0.0.0:39049}" daemon prio=3 tid=175 runnable
java.lang.Thread.State: RUNNABLE
        at sun.nio.ch.ServerSocketChannelImpl.accept0(Native Method)
        at sun.nio.ch.ServerSocketChannelImpl.accept(ServerSocketChannelImpl.java:421)
        at sun.nio.ch.ServerSocketChannelImpl.accept(ServerSocketChannelImpl.java:249)
        at org.eclipse.jetty.server.ServerConnector.accept(ServerConnector.java:388)
        at org.eclipse.jetty.server.AbstractConnector$Acceptor.run(AbstractConnector.java:702)
        at org.eclipse.jetty.util.thread.QueuedThreadPool.runJob(QueuedThreadPool.java:883)
        at org.eclipse.jetty.util.thread.QueuedThreadPool$Runner.run(QueuedThreadPool.java:1034)
        at java.lang.Thread.run(Thread.java:750)
"ChunkReader-ELG-0" daemon prio=5 tid=541 runnable
java.lang.Thread.State: RUNNABLE
        at org.apache.ratis.thirdparty.io.netty.channel.epoll.Native.epollWait0(Native Method)
        at org.apache.ratis.thirdparty.io.netty.channel.epoll.Native.epollWait(Native.java:182)
        at org.apache.ratis.thirdparty.io.netty.channel.epoll.EpollEventLoop.epollWait(EpollEventLoop.java:290)
        at org.apache.ratis.thirdparty.io.netty.channel.epoll.EpollEventLoop.run(EpollEventLoop.java:354)
        at org.apache.ratis.thirdparty.io.netty.util.concurrent.SingleThreadEventExecutor$4.run(SingleThreadEventExecutor.java:995)
        at org.apache.ratis.thirdparty.io.netty.util.internal.ThreadExecutorMap$2.run(ThreadExecutorMap.java:74)
        at java.lang.Thread.run(Thread.java:750)
"IPC Server listener on 0" daemon prio=5 tid=23 runnable
java.lang.Thread.State: RUNNABLE
        at sun.nio.ch.EPollArrayWrapper.epollWait(Native Method)
        at sun.nio.ch.EPollArrayWrapper.poll(EPollArrayWrapper.java:269)
        at sun.nio.ch.EPollSelectorImpl.doSelect(EPollSelectorImpl.java:93)
        at sun.nio.ch.SelectorImpl.lockAndDoSelect(SelectorImpl.java:86)
        at sun.nio.ch.SelectorImpl.select(SelectorImpl.java:97)
        at sun.nio.ch.SelectorImpl.select(SelectorImpl.java:101)
        at org.apache.hadoop.ipc.Server$Listener.run(Server.java:1358)
"Command processor thread" daemon prio=5 tid=189 timed_waiting
java.lang.Thread.State: TIMED_WAITING
        at java.lang.Thread.sleep(Native Method)
        at org.apache.hadoop.ozone.container.common.statemachine.DatanodeStateMachine.lambda$initCommandHandlerThread$3(DatanodeStateMachine.java:634)
        at org.apache.hadoop.ozone.container.common.statemachine.DatanodeStateMachine$$Lambda$747/814733902.run(Unknown Source)
        at java.lang.Thread.run(Thread.java:750)
"Periodic HDDS volume checker" daemon prio=5 tid=273 timed_waiting
java.lang.Thread.State: TIMED_WAITING
        at sun.misc.Unsafe.park(Native Method)
        at java.util.concurrent.locks.LockSupport.parkNanos(LockSupport.java:215)
        at java.util.concurrent.locks.AbstractQueuedSynchronizer$ConditionObject.awaitNanos(AbstractQueuedSynchronizer.java:2078)
        at java.util.concurrent.ScheduledThreadPoolExecutor$DelayedWorkQueue.take(ScheduledThreadPoolExecutor.java:1093)
        at java.util.concurrent.ScheduledThreadPoolExecutor$DelayedWorkQueue.take(ScheduledThreadPoolExecutor.java:809)
        at java.util.concurrent.ThreadPoolExecutor.getTask(ThreadPoolExecutor.java:1074)
        at java.util.concurrent.ThreadPoolExecutor.runWorker(ThreadPoolExecutor.java:1134)
        at java.util.concurrent.ThreadPoolExecutor$Worker.run(ThreadPoolExecutor.java:624)
        at java.lang.Thread.run(Thread.java:750)
"StaleRecoveringContainerScrubbingService#2" daemon prio=5 tid=872 in Object.wait()
java.lang.Thread.State: WAITING (on object monitor)
        at sun.misc.Unsafe.park(Native Method)
        at java.util.concurrent.locks.LockSupport.park(LockSupport.java:175)
        at java.util.concurrent.locks.AbstractQueuedSynchronizer$ConditionObject.await(AbstractQueuedSynchronizer.java:2039)
        at java.util.concurrent.ScheduledThreadPoolExecutor$DelayedWorkQueue.take(ScheduledThreadPoolExecutor.java:1088)
        at java.util.concurrent.ScheduledThreadPoolExecutor$DelayedWorkQueue.take(ScheduledThreadPoolExecutor.java:809)
        at java.util.concurrent.ThreadPoolExecutor.getTask(ThreadPoolExecutor.java:1074)
        at java.util.concurrent.ThreadPoolExecutor.runWorker(ThreadPoolExecutor.java:1134)
        at java.util.concurrent.ThreadPoolExecutor$Worker.run(ThreadPoolExecutor.java:624)
        at java.lang.Thread.run(Thread.java:750)
"eb081a82-3196-45ae-99e9-89c991687437@group-9B766A163DE0-LeaderStateImpl" daemon prio=5 tid=814 timed_waiting
java.lang.Thread.State: TIMED_WAITING
        at sun.misc.Unsafe.park(Native Method)
        at java.util.concurrent.locks.LockSupport.parkNanos(LockSupport.java:215)
        at java.util.concurrent.locks.AbstractQueuedSynchronizer$ConditionObject.awaitNanos(AbstractQueuedSynchronizer.java:2078)
        at java.util.concurrent.ArrayBlockingQueue.poll(ArrayBlockingQueue.java:418)
        at org.apache.ratis.server.impl.LeaderStateImpl$EventQueue.poll(LeaderStateImpl.java:159)
        at org.apache.ratis.server.impl.LeaderStateImpl$EventProcessor.run(LeaderStateImpl.java:630)
"Datanode State Machine Task Thread - 1"  prio=5 tid=431 in Object.wait()
java.lang.Thread.State: WAITING (on object monitor)
        at sun.misc.Unsafe.park(Native Method)
        at java.util.concurrent.locks.LockSupport.park(LockSupport.java:175)
        at java.util.concurrent.locks.AbstractQueuedSynchronizer$ConditionObject.await(AbstractQueuedSynchronizer.java:2039)
        at java.util.concurrent.LinkedBlockingQueue.take(LinkedBlockingQueue.java:442)
        at java.util.concurrent.ThreadPoolExecutor.getTask(ThreadPoolExecutor.java:1074)
        at java.util.concurrent.ThreadPoolExecutor.runWorker(ThreadPoolExecutor.java:1134)
        at java.util.concurrent.ThreadPoolExecutor$Worker.run(ThreadPoolExecutor.java:624)
        at java.lang.Thread.run(Thread.java:750)
"IPC Server handler 2 on default port 45015" daemon prio=5 tid=59 timed_waiting
java.lang.Thread.State: TIMED_WAITING
        at sun.misc.Unsafe.park(Native Method)
        at java.util.concurrent.locks.LockSupport.parkNanos(LockSupport.java:215)
        at java.util.concurrent.locks.AbstractQueuedSynchronizer$ConditionObject.awaitNanos(AbstractQueuedSynchronizer.java:2078)
        at java.util.concurrent.LinkedBlockingQueue.poll(LinkedBlockingQueue.java:467)
        at org.apache.hadoop.ipc.CallQueueManager.take(CallQueueManager.java:317)
        at org.apache.hadoop.ipc.Server$Handler.run(Server.java:2942)
"ChunkWriter-0-0" daemon prio=5 tid=479 in Object.wait()
java.lang.Thread.State: WAITING (on object monitor)
        at sun.misc.Unsafe.park(Native Method)
        at java.util.concurrent.locks.LockSupport.park(LockSupport.java:175)
        at java.util.concurrent.locks.AbstractQueuedSynchronizer$ConditionObject.await(AbstractQueuedSynchronizer.java:2039)
        at java.util.concurrent.LinkedBlockingDeque.takeFirst(LinkedBlockingDeque.java:492)
        at java.util.concurrent.LinkedBlockingDeque.take(LinkedBlockingDeque.java:680)
        at java.util.concurrent.ThreadPoolExecutor.getTask(ThreadPoolExecutor.java:1074)
        at java.util.concurrent.ThreadPoolExecutor.runWorker(ThreadPoolExecutor.java:1134)
        at java.util.concurrent.ThreadPoolExecutor$Worker.run(ThreadPoolExecutor.java:624)
        at java.lang.Thread.run(Thread.java:750)
"grpc-default-executor-1" daemon prio=5 tid=578 timed_waiting
java.lang.Thread.State: TIMED_WAITING
        at sun.misc.Unsafe.park(Native Method)
        at java.util.concurrent.locks.LockSupport.parkNanos(LockSupport.java:215)
        at java.util.concurrent.SynchronousQueue$TransferStack.awaitFulfill(SynchronousQueue.java:460)
        at java.util.concurrent.SynchronousQueue$TransferStack.transfer(SynchronousQueue.java:362)
        at java.util.concurrent.SynchronousQueue.poll(SynchronousQueue.java:941)
        at java.util.concurrent.ThreadPoolExecutor.getTask(ThreadPoolExecutor.java:1073)
        at java.util.concurrent.ThreadPoolExecutor.runWorker(ThreadPoolExecutor.java:1134)
        at java.util.concurrent.ThreadPoolExecutor$Worker.run(ThreadPoolExecutor.java:624)
        at java.lang.Thread.run(Thread.java:750)
"e349f11f-4d2d-4584-922f-e3c208c9e657@group-9278B7B813B0-SegmentedRaftLogWorker"  prio=5 tid=611 timed_waiting
java.lang.Thread.State: TIMED_WAITING
        at sun.misc.Unsafe.park(Native Method)
        at java.util.concurrent.locks.LockSupport.parkNanos(LockSupport.java:215)
        at java.util.concurrent.locks.AbstractQueuedSynchronizer$ConditionObject.awaitNanos(AbstractQueuedSynchronizer.java:2078)
        at org.apache.ratis.util.DataBlockingQueue.poll(DataBlockingQueue.java:148)
        at org.apache.ratis.server.raftlog.segmented.SegmentedRaftLogWorker.run(SegmentedRaftLogWorker.java:310)
        at org.apache.ratis.server.raftlog.segmented.SegmentedRaftLogWorker$$Lambda$661/1174177291.run(Unknown Source)
        at java.lang.Thread.run(Thread.java:750)
"IPC Server handler 10 on default port 45015" daemon prio=5 tid=67 timed_waiting
java.lang.Thread.State: TIMED_WAITING
        at sun.misc.Unsafe.park(Native Method)
        at java.util.concurrent.locks.LockSupport.parkNanos(LockSupport.java:215)
        at java.util.concurrent.locks.AbstractQueuedSynchronizer$ConditionObject.awaitNanos(AbstractQueuedSynchronizer.java:2078)
        at java.util.concurrent.LinkedBlockingQueue.poll(LinkedBlockingQueue.java:467)
        at org.apache.hadoop.ipc.CallQueueManager.take(CallQueueManager.java:317)
        at org.apache.hadoop.ipc.Server$Handler.run(Server.java:2942)
"ChunkReader-3" daemon prio=5 tid=792 in Object.wait()
java.lang.Thread.State: WAITING (on object monitor)
        at sun.misc.Unsafe.park(Native Method)
        at java.util.concurrent.locks.LockSupport.park(LockSupport.java:175)
        at java.util.concurrent.locks.AbstractQueuedSynchronizer$ConditionObject.await(AbstractQueuedSynchronizer.java:2039)
        at java.util.concurrent.LinkedBlockingQueue.take(LinkedBlockingQueue.java:442)
        at java.util.concurrent.ThreadPoolExecutor.getTask(ThreadPoolExecutor.java:1074)
        at java.util.concurrent.ThreadPoolExecutor.runWorker(ThreadPoolExecutor.java:1134)
        at java.util.concurrent.ThreadPoolExecutor$Worker.run(ThreadPoolExecutor.java:624)
        at java.lang.Thread.run(Thread.java:750)
"6e54690b-befe-42c2-a4b7-a861f73b2b3f@group-D99577696E18-LeaderStateImpl" daemon prio=5 tid=731 timed_waiting
java.lang.Thread.State: TIMED_WAITING
        at sun.misc.Unsafe.park(Native Method)
        at java.util.concurrent.locks.LockSupport.parkNanos(LockSupport.java:215)
        at java.util.concurrent.locks.AbstractQueuedSynchronizer$ConditionObject.awaitNanos(AbstractQueuedSynchronizer.java:2078)
        at java.util.concurrent.ArrayBlockingQueue.poll(ArrayBlockingQueue.java:418)
        at org.apache.ratis.server.impl.LeaderStateImpl$EventQueue.poll(LeaderStateImpl.java:159)
        at org.apache.ratis.server.impl.LeaderStateImpl$EventProcessor.run(LeaderStateImpl.java:630)
"Datanode ReportManager Thread - 2" daemon prio=5 tid=318 in Object.wait()
java.lang.Thread.State: WAITING (on object monitor)
        at sun.misc.Unsafe.park(Native Method)
        at java.util.concurrent.locks.LockSupport.park(LockSupport.java:175)
        at java.util.concurrent.locks.AbstractQueuedSynchronizer$ConditionObject.await(AbstractQueuedSynchronizer.java:2039)
        at java.util.concurrent.ScheduledThreadPoolExecutor$DelayedWorkQueue.take(ScheduledThreadPoolExecutor.java:1088)
        at java.util.concurrent.ScheduledThreadPoolExecutor$DelayedWorkQueue.take(ScheduledThreadPoolExecutor.java:809)
        at java.util.concurrent.ThreadPoolExecutor.getTask(ThreadPoolExecutor.java:1074)
        at java.util.concurrent.ThreadPoolExecutor.runWorker(ThreadPoolExecutor.java:1134)
        at java.util.concurrent.ThreadPoolExecutor$Worker.run(ThreadPoolExecutor.java:624)
        at java.lang.Thread.run(Thread.java:750)
"pool-196-thread-1"  prio=5 tid=305 timed_waiting
java.lang.Thread.State: TIMED_WAITING
        at sun.misc.Unsafe.park(Native Method)
        at java.util.concurrent.locks.LockSupport.parkNanos(LockSupport.java:215)
        at java.util.concurrent.locks.AbstractQueuedSynchronizer$ConditionObject.awaitNanos(AbstractQueuedSynchronizer.java:2078)
        at java.util.concurrent.ScheduledThreadPoolExecutor$DelayedWorkQueue.take(ScheduledThreadPoolExecutor.java:1093)
        at java.util.concurrent.ScheduledThreadPoolExecutor$DelayedWorkQueue.take(ScheduledThreadPoolExecutor.java:809)
        at java.util.concurrent.ThreadPoolExecutor.getTask(ThreadPoolExecutor.java:1074)
        at java.util.concurrent.ThreadPoolExecutor.runWorker(ThreadPoolExecutor.java:1134)
        at java.util.concurrent.ThreadPoolExecutor$Worker.run(ThreadPoolExecutor.java:624)
        at java.lang.Thread.run(Thread.java:750)
"2e87c3a1-a023-462f-882b-ea1ca04c8a98@group-49CF8CCC8F99-SegmentedRaftLogWorker"  prio=5 tid=598 timed_waiting
java.lang.Thread.State: TIMED_WAITING
        at sun.misc.Unsafe.park(Native Method)
        at java.util.concurrent.locks.LockSupport.parkNanos(LockSupport.java:215)
        at java.util.concurrent.locks.AbstractQueuedSynchronizer$ConditionObject.awaitNanos(AbstractQueuedSynchronizer.java:2078)
        at org.apache.ratis.util.DataBlockingQueue.poll(DataBlockingQueue.java:148)
        at org.apache.ratis.server.raftlog.segmented.SegmentedRaftLogWorker.run(SegmentedRaftLogWorker.java:310)
        at org.apache.ratis.server.raftlog.segmented.SegmentedRaftLogWorker$$Lambda$661/1174177291.run(Unknown Source)
        at java.lang.Thread.run(Thread.java:750)
"BlockDeletingService#1" daemon prio=5 tid=362 timed_waiting
java.lang.Thread.State: TIMED_WAITING
        at sun.misc.Unsafe.park(Native Method)
        at java.util.concurrent.locks.LockSupport.parkNanos(LockSupport.java:215)
        at java.util.concurrent.locks.AbstractQueuedSynchronizer$ConditionObject.awaitNanos(AbstractQueuedSynchronizer.java:2078)
        at java.util.concurrent.ScheduledThreadPoolExecutor$DelayedWorkQueue.take(ScheduledThreadPoolExecutor.java:1093)
        at java.util.concurrent.ScheduledThreadPoolExecutor$DelayedWorkQueue.take(ScheduledThreadPoolExecutor.java:809)
        at java.util.concurrent.ThreadPoolExecutor.getTask(ThreadPoolExecutor.java:1074)
        at java.util.concurrent.ThreadPoolExecutor.runWorker(ThreadPoolExecutor.java:1134)
        at java.util.concurrent.ThreadPoolExecutor$Worker.run(ThreadPoolExecutor.java:624)
        at java.lang.Thread.run(Thread.java:750)
"9befe131-ee01-45a3-b6b9-b3ceb7636d7b@group-AF50F2D84CC3-LeaderStateImpl" daemon prio=5 tid=839 timed_waiting
java.lang.Thread.State: TIMED_WAITING
        at sun.misc.Unsafe.park(Native Method)
        at java.util.concurrent.locks.LockSupport.parkNanos(LockSupport.java:215)
        at java.util.concurrent.locks.AbstractQueuedSynchronizer$ConditionObject.awaitNanos(AbstractQueuedSynchronizer.java:2078)
        at java.util.concurrent.ArrayBlockingQueue.poll(ArrayBlockingQueue.java:418)
        at org.apache.ratis.server.impl.LeaderStateImpl$EventQueue.poll(LeaderStateImpl.java:159)
        at org.apache.ratis.server.impl.LeaderStateImpl$EventProcessor.run(LeaderStateImpl.java:630)
"EventQueue-OpenPipelineForHealthyPipelineSafeModeRule" daemon prio=5 tid=561 in Object.wait()
java.lang.Thread.State: WAITING (on object monitor)
        at sun.misc.Unsafe.park(Native Method)
        at java.util.concurrent.locks.LockSupport.park(LockSupport.java:175)
        at java.util.concurrent.locks.AbstractQueuedSynchronizer$ConditionObject.await(AbstractQueuedSynchronizer.java:2039)
        at java.util.concurrent.LinkedBlockingQueue.take(LinkedBlockingQueue.java:442)
        at java.util.concurrent.ThreadPoolExecutor.getTask(ThreadPoolExecutor.java:1074)
        at java.util.concurrent.ThreadPoolExecutor.runWorker(ThreadPoolExecutor.java:1134)
        at java.util.concurrent.ThreadPoolExecutor$Worker.run(ThreadPoolExecutor.java:624)
        at java.lang.Thread.run(Thread.java:750)
"7c8777a1-edfb-4633-85a4-b901f2ed1d17@group-AF50F2D84CC3-FollowerState" daemon prio=5 tid=837 timed_waiting
java.lang.Thread.State: TIMED_WAITING
        at java.lang.Thread.sleep(Native Method)
        at java.lang.Thread.sleep(Thread.java:342)
        at java.util.concurrent.TimeUnit.sleep(TimeUnit.java:386)
        at org.apache.ratis.util.TimeDuration.sleep(TimeDuration.java:325)
        at org.apache.ratis.util.TimeDuration.sleep(TimeDuration.java:310)
        at org.apache.ratis.server.impl.FollowerState.run(FollowerState.java:128)
"ChunkWriter-3-0" daemon prio=5 tid=449 in Object.wait()
java.lang.Thread.State: WAITING (on object monitor)
        at sun.misc.Unsafe.park(Native Method)
        at java.util.concurrent.locks.LockSupport.park(LockSupport.java:175)
        at java.util.concurrent.locks.AbstractQueuedSynchronizer$ConditionObject.await(AbstractQueuedSynchronizer.java:2039)
        at java.util.concurrent.LinkedBlockingDeque.takeFirst(LinkedBlockingDeque.java:492)
        at java.util.concurrent.LinkedBlockingDeque.take(LinkedBlockingDeque.java:680)
        at java.util.concurrent.ThreadPoolExecutor.getTask(ThreadPoolExecutor.java:1074)
        at java.util.concurrent.ThreadPoolExecutor.runWorker(ThreadPoolExecutor.java:1134)
        at java.util.concurrent.ThreadPoolExecutor$Worker.run(ThreadPoolExecutor.java:624)
        at java.lang.Thread.run(Thread.java:750)
"Datanode State Machine Task Thread - 0"  prio=5 tid=271 in Object.wait()
java.lang.Thread.State: WAITING (on object monitor)
        at sun.misc.Unsafe.park(Native Method)
        at java.util.concurrent.locks.LockSupport.park(LockSupport.java:175)
        at java.util.concurrent.locks.AbstractQueuedSynchronizer$ConditionObject.await(AbstractQueuedSynchronizer.java:2039)
        at java.util.concurrent.LinkedBlockingQueue.take(LinkedBlockingQueue.java:442)
        at java.util.concurrent.ThreadPoolExecutor.getTask(ThreadPoolExecutor.java:1074)
        at java.util.concurrent.ThreadPoolExecutor.runWorker(ThreadPoolExecutor.java:1134)
        at java.util.concurrent.ThreadPoolExecutor$Worker.run(ThreadPoolExecutor.java:624)
        at java.lang.Thread.run(Thread.java:750)
"IPC Server handler 12 on default port 45703" daemon prio=5 tid=49 timed_waiting
java.lang.Thread.State: TIMED_WAITING
        at sun.misc.Unsafe.park(Native Method)
        at java.util.concurrent.locks.LockSupport.parkNanos(LockSupport.java:215)
        at java.util.concurrent.locks.AbstractQueuedSynchronizer$ConditionObject.awaitNanos(AbstractQueuedSynchronizer.java:2078)
        at java.util.concurrent.LinkedBlockingQueue.poll(LinkedBlockingQueue.java:467)
        at org.apache.hadoop.ipc.CallQueueManager.take(CallQueueManager.java:317)
        at org.apache.hadoop.ipc.Server$Handler.run(Server.java:2942)
"JvmPauseMonitor9" daemon prio=5 tid=540 timed_waiting
java.lang.Thread.State: TIMED_WAITING
        at java.lang.Thread.sleep(Native Method)
        at java.lang.Thread.sleep(Thread.java:342)
        at java.util.concurrent.TimeUnit.sleep(TimeUnit.java:386)
        at org.apache.ratis.util.TimeDuration.sleep(TimeDuration.java:325)
        at org.apache.ratis.util.TimeDuration.sleep(TimeDuration.java:310)
        at org.apache.ratis.util.JvmPauseMonitor.detectPause(JvmPauseMonitor.java:119)
        at org.apache.ratis.util.JvmPauseMonitor.run(JvmPauseMonitor.java:108)
        at org.apache.ratis.util.JvmPauseMonitor$$Lambda$702/1444742025.run(Unknown Source)
        at java.lang.Thread.run(Thread.java:750)
"Datanode State Machine Daemon Thread" daemon prio=5 tid=183 timed_waiting
java.lang.Thread.State: TIMED_WAITING
        at java.lang.Thread.sleep(Native Method)
        at org.apache.hadoop.ozone.container.common.statemachine.DatanodeStateMachine.startStateMachineThread(DatanodeStateMachine.java:318)
        at org.apache.hadoop.ozone.container.common.statemachine.DatanodeStateMachine.lambda$startDaemon$0(DatanodeStateMachine.java:499)
        at org.apache.hadoop.ozone.container.common.statemachine.DatanodeStateMachine$$Lambda$745/1685415106.run(Unknown Source)
        at java.lang.Thread.run(Thread.java:750)
"pool-164-thread-1"  prio=5 tid=610 in Object.wait()
java.lang.Thread.State: WAITING (on object monitor)
        at sun.misc.Unsafe.park(Native Method)
        at java.util.concurrent.locks.LockSupport.park(LockSupport.java:175)
        at java.util.concurrent.locks.AbstractQueuedSynchronizer$ConditionObject.await(AbstractQueuedSynchronizer.java:2039)
        at java.util.concurrent.LinkedBlockingQueue.take(LinkedBlockingQueue.java:442)
        at java.util.concurrent.ThreadPoolExecutor.getTask(ThreadPoolExecutor.java:1074)
        at java.util.concurrent.ThreadPoolExecutor.runWorker(ThreadPoolExecutor.java:1134)
        at java.util.concurrent.ThreadPoolExecutor$Worker.run(ThreadPoolExecutor.java:624)
        at java.lang.Thread.run(Thread.java:750)
"7c8777a1-edfb-4633-85a4-b901f2ed1d17@group-5DBD8395D328->9befe131-ee01-45a3-b6b9-b3ceb7636d7b-GrpcLogAppender-LogAppenderDaemon" daemon prio=5 tid=770 timed_waiting
java.lang.Thread.State: TIMED_WAITING
        at sun.misc.Unsafe.park(Native Method)
        at java.util.concurrent.locks.LockSupport.parkNanos(LockSupport.java:215)
        at java.util.concurrent.CompletableFuture$Signaller.block(CompletableFuture.java:1709)
        at java.util.concurrent.ForkJoinPool.managedBlock(ForkJoinPool.java:3323)
        at java.util.concurrent.CompletableFuture.timedGet(CompletableFuture.java:1788)
        at java.util.concurrent.CompletableFuture.get(CompletableFuture.java:1928)
        at org.apache.ratis.util.AwaitForSignal.await(AwaitForSignal.java:56)
        at org.apache.ratis.grpc.server.GrpcLogAppender.mayWait(GrpcLogAppender.java:198)
        at org.apache.ratis.grpc.server.GrpcLogAppender.run(GrpcLogAppender.java:148)
        at org.apache.ratis.server.leader.LogAppenderDaemon.run(LogAppenderDaemon.java:78)
        at org.apache.ratis.server.leader.LogAppenderDaemon$$Lambda$1029/1859749780.run(Unknown Source)
        at java.lang.Thread.run(Thread.java:750)
"IPC Server handler 14 on default port 45703" daemon prio=5 tid=51 timed_waiting
java.lang.Thread.State: TIMED_WAITING
        at sun.misc.Unsafe.park(Native Method)
        at java.util.concurrent.locks.LockSupport.parkNanos(LockSupport.java:215)
        at java.util.concurrent.locks.AbstractQueuedSynchronizer$ConditionObject.awaitNanos(AbstractQueuedSynchronizer.java:2078)
        at java.util.concurrent.LinkedBlockingQueue.poll(LinkedBlockingQueue.java:467)
        at org.apache.hadoop.ipc.CallQueueManager.take(CallQueueManager.java:317)
        at org.apache.hadoop.ipc.Server$Handler.run(Server.java:2942)
"IPC Server handler 4 on default port 34145" daemon prio=5 tid=148 timed_waiting
java.lang.Thread.State: TIMED_WAITING
        at sun.misc.Unsafe.park(Native Method)
        at java.util.concurrent.locks.LockSupport.parkNanos(LockSupport.java:215)
        at java.util.concurrent.locks.AbstractQueuedSynchronizer$ConditionObject.awaitNanos(AbstractQueuedSynchronizer.java:2078)
        at java.util.concurrent.LinkedBlockingQueue.poll(LinkedBlockingQueue.java:467)
        at org.apache.hadoop.ipc.CallQueueManager.take(CallQueueManager.java:317)
        at org.apache.hadoop.ipc.Server$Handler.run(Server.java:2942)
"qtp651614956-283" daemon prio=5 tid=283 timed_waiting
java.lang.Thread.State: TIMED_WAITING
        at sun.misc.Unsafe.park(Native Method)
        at java.util.concurrent.locks.LockSupport.parkNanos(LockSupport.java:215)
        at java.util.concurrent.locks.AbstractQueuedSynchronizer$ConditionObject.awaitNanos(AbstractQueuedSynchronizer.java:2078)
        at org.eclipse.jetty.util.BlockingArrayQueue.poll(BlockingArrayQueue.java:382)
        at org.eclipse.jetty.util.thread.QueuedThreadPool$Runner.idleJobPoll(QueuedThreadPool.java:974)
        at org.eclipse.jetty.util.thread.QueuedThreadPool$Runner.run(QueuedThreadPool.java:1018)
        at java.lang.Thread.run(Thread.java:750)
"Datanode ReportManager Thread - 0" daemon prio=5 tid=381 timed_waiting
java.lang.Thread.State: TIMED_WAITING
        at sun.misc.Unsafe.park(Native Method)
        at java.util.concurrent.locks.LockSupport.parkNanos(LockSupport.java:215)
        at java.util.concurrent.locks.AbstractQueuedSynchronizer$ConditionObject.awaitNanos(AbstractQueuedSynchronizer.java:2078)
        at java.util.concurrent.ScheduledThreadPoolExecutor$DelayedWorkQueue.take(ScheduledThreadPoolExecutor.java:1093)
        at java.util.concurrent.ScheduledThreadPoolExecutor$DelayedWorkQueue.take(ScheduledThreadPoolExecutor.java:809)
        at java.util.concurrent.ThreadPoolExecutor.getTask(ThreadPoolExecutor.java:1074)
        at java.util.concurrent.ThreadPoolExecutor.runWorker(ThreadPoolExecutor.java:1134)
        at java.util.concurrent.ThreadPoolExecutor$Worker.run(ThreadPoolExecutor.java:624)
        at java.lang.Thread.run(Thread.java:750)
"pool-59-thread-1"  prio=5 tid=134 timed_waiting
java.lang.Thread.State: TIMED_WAITING
        at sun.misc.Unsafe.park(Native Method)
        at java.util.concurrent.locks.LockSupport.parkNanos(LockSupport.java:215)
        at java.util.concurrent.locks.AbstractQueuedSynchronizer$ConditionObject.awaitNanos(AbstractQueuedSynchronizer.java:2078)
        at java.util.concurrent.ScheduledThreadPoolExecutor$DelayedWorkQueue.take(ScheduledThreadPoolExecutor.java:1093)
        at java.util.concurrent.ScheduledThreadPoolExecutor$DelayedWorkQueue.take(ScheduledThreadPoolExecutor.java:809)
        at java.util.concurrent.ThreadPoolExecutor.getTask(ThreadPoolExecutor.java:1074)
        at java.util.concurrent.ThreadPoolExecutor.runWorker(ThreadPoolExecutor.java:1134)
        at java.util.concurrent.ThreadPoolExecutor$Worker.run(ThreadPoolExecutor.java:624)
        at java.lang.Thread.run(Thread.java:750)
"075aeae4-9dac-4c28-be7c-8f8b2eb5b04f@group-0DB650E5D1BF-StateMachineUpdater" daemon prio=5 tid=667 timed_waiting
java.lang.Thread.State: TIMED_WAITING
        at sun.misc.Unsafe.park(Native Method)
        at java.util.concurrent.locks.LockSupport.parkNanos(LockSupport.java:215)
        at java.util.concurrent.CompletableFuture$Signaller.block(CompletableFuture.java:1709)
        at java.util.concurrent.ForkJoinPool.managedBlock(ForkJoinPool.java:3323)
        at java.util.concurrent.CompletableFuture.timedGet(CompletableFuture.java:1788)
        at java.util.concurrent.CompletableFuture.get(CompletableFuture.java:1928)
        at org.apache.ratis.util.AwaitForSignal.await(AwaitForSignal.java:56)
        at org.apache.ratis.server.impl.StateMachineUpdater.waitForCommit(StateMachineUpdater.java:207)
        at org.apache.ratis.server.impl.StateMachineUpdater.run(StateMachineUpdater.java:176)
        at java.lang.Thread.run(Thread.java:750)
"FullTableCache Cleanup Thread - 0" daemon prio=5 tid=748 in Object.wait()
java.lang.Thread.State: WAITING (on object monitor)
        at sun.misc.Unsafe.park(Native Method)
        at java.util.concurrent.locks.LockSupport.park(LockSupport.java:175)
        at java.util.concurrent.locks.AbstractQueuedSynchronizer$ConditionObject.await(AbstractQueuedSynchronizer.java:2039)
        at java.util.concurrent.LinkedBlockingQueue.take(LinkedBlockingQueue.java:442)
        at java.util.concurrent.ThreadPoolExecutor.getTask(ThreadPoolExecutor.java:1074)
        at java.util.concurrent.ThreadPoolExecutor.runWorker(ThreadPoolExecutor.java:1134)
        at java.util.concurrent.ThreadPoolExecutor$Worker.run(ThreadPoolExecutor.java:624)
        at java.lang.Thread.run(Thread.java:750)
"ChunkReader-0" daemon prio=5 tid=762 in Object.wait()
java.lang.Thread.State: WAITING (on object monitor)
        at sun.misc.Unsafe.park(Native Method)
        at java.util.concurrent.locks.LockSupport.park(LockSupport.java:175)
        at java.util.concurrent.locks.AbstractQueuedSynchronizer$ConditionObject.await(AbstractQueuedSynchronizer.java:2039)
        at java.util.concurrent.LinkedBlockingQueue.take(LinkedBlockingQueue.java:442)
        at java.util.concurrent.ThreadPoolExecutor.getTask(ThreadPoolExecutor.java:1074)
        at java.util.concurrent.ThreadPoolExecutor.runWorker(ThreadPoolExecutor.java:1134)
        at java.util.concurrent.ThreadPoolExecutor$Worker.run(ThreadPoolExecutor.java:624)
        at java.lang.Thread.run(Thread.java:750)
"BlockDeletingService#0" daemon prio=5 tid=516 in Object.wait()
java.lang.Thread.State: WAITING (on object monitor)
        at sun.misc.Unsafe.park(Native Method)
        at java.util.concurrent.locks.LockSupport.park(LockSupport.java:175)
        at java.util.concurrent.locks.AbstractQueuedSynchronizer$ConditionObject.await(AbstractQueuedSynchronizer.java:2039)
        at java.util.concurrent.ScheduledThreadPoolExecutor$DelayedWorkQueue.take(ScheduledThreadPoolExecutor.java:1088)
        at java.util.concurrent.ScheduledThreadPoolExecutor$DelayedWorkQueue.take(ScheduledThreadPoolExecutor.java:809)
        at java.util.concurrent.ThreadPoolExecutor.getTask(ThreadPoolExecutor.java:1074)
        at java.util.concurrent.ThreadPoolExecutor.runWorker(ThreadPoolExecutor.java:1134)
        at java.util.concurrent.ThreadPoolExecutor$Worker.run(ThreadPoolExecutor.java:624)
        at java.lang.Thread.run(Thread.java:750)
"pool-203-thread-1" daemon prio=5 tid=327 timed_waiting
java.lang.Thread.State: TIMED_WAITING
        at sun.misc.Unsafe.park(Native Method)
        at java.util.concurrent.locks.LockSupport.parkNanos(LockSupport.java:215)
        at java.util.concurrent.locks.AbstractQueuedSynchronizer$ConditionObject.awaitNanos(AbstractQueuedSynchronizer.java:2078)
        at java.util.concurrent.ScheduledThreadPoolExecutor$DelayedWorkQueue.take(ScheduledThreadPoolExecutor.java:1093)
        at java.util.concurrent.ScheduledThreadPoolExecutor$DelayedWorkQueue.take(ScheduledThreadPoolExecutor.java:809)
        at java.util.concurrent.ThreadPoolExecutor.getTask(ThreadPoolExecutor.java:1074)
        at java.util.concurrent.ThreadPoolExecutor.runWorker(ThreadPoolExecutor.java:1134)
        at java.util.concurrent.ThreadPoolExecutor$Worker.run(ThreadPoolExecutor.java:624)
        at java.lang.Thread.run(Thread.java:750)
"qtp715406126-332" daemon prio=5 tid=332 runnable
java.lang.Thread.State: RUNNABLE
        at sun.nio.ch.EPollArrayWrapper.epollWait(Native Method)
        at sun.nio.ch.EPollArrayWrapper.poll(EPollArrayWrapper.java:269)
        at sun.nio.ch.EPollSelectorImpl.doSelect(EPollSelectorImpl.java:93)
        at sun.nio.ch.SelectorImpl.lockAndDoSelect(SelectorImpl.java:86)
        at sun.nio.ch.SelectorImpl.select(SelectorImpl.java:97)
        at sun.nio.ch.SelectorImpl.select(SelectorImpl.java:101)
        at org.eclipse.jetty.io.ManagedSelector.nioSelect(ManagedSelector.java:183)
        at org.eclipse.jetty.io.ManagedSelector.select(ManagedSelector.java:190)
        at org.eclipse.jetty.io.ManagedSelector$SelectorProducer.select(ManagedSelector.java:606)
        at org.eclipse.jetty.io.ManagedSelector$SelectorProducer.produce(ManagedSelector.java:543)
        at org.eclipse.jetty.util.thread.strategy.EatWhatYouKill.produceTask(EatWhatYouKill.java:362)
        at org.eclipse.jetty.util.thread.strategy.EatWhatYouKill.doProduce(EatWhatYouKill.java:186)
        at org.eclipse.jetty.util.thread.strategy.EatWhatYouKill.tryProduce(EatWhatYouKill.java:173)
        at org.eclipse.jetty.util.thread.strategy.EatWhatYouKill.produce(EatWhatYouKill.java:137)
        at org.eclipse.jetty.io.ManagedSelector$$Lambda$443/1703412736.run(Unknown Source)
        at org.eclipse.jetty.util.thread.QueuedThreadPool.runJob(QueuedThreadPool.java:883)
        at org.eclipse.jetty.util.thread.QueuedThreadPool$Runner.run(QueuedThreadPool.java:1034)
        at java.lang.Thread.run(Thread.java:750)
"BlockDeletingService#0" daemon prio=5 tid=452 in Object.wait()
java.lang.Thread.State: WAITING (on object monitor)
        at sun.misc.Unsafe.park(Native Method)
        at java.util.concurrent.locks.LockSupport.park(LockSupport.java:175)
        at java.util.concurrent.locks.AbstractQueuedSynchronizer$ConditionObject.await(AbstractQueuedSynchronizer.java:2039)
        at java.util.concurrent.ScheduledThreadPoolExecutor$DelayedWorkQueue.take(ScheduledThreadPoolExecutor.java:1088)
        at java.util.concurrent.ScheduledThreadPoolExecutor$DelayedWorkQueue.take(ScheduledThreadPoolExecutor.java:809)
        at java.util.concurrent.ThreadPoolExecutor.getTask(ThreadPoolExecutor.java:1074)
        at java.util.concurrent.ThreadPoolExecutor.runWorker(ThreadPoolExecutor.java:1134)
        at java.util.concurrent.ThreadPoolExecutor$Worker.run(ThreadPoolExecutor.java:624)
        at java.lang.Thread.run(Thread.java:750)
"IPC Server handler 15 on default port 45703" daemon prio=5 tid=52 timed_waiting
java.lang.Thread.State: TIMED_WAITING
        at sun.misc.Unsafe.park(Native Method)
        at java.util.concurrent.locks.LockSupport.parkNanos(LockSupport.java:215)
        at java.util.concurrent.locks.AbstractQueuedSynchronizer$ConditionObject.awaitNanos(AbstractQueuedSynchronizer.java:2078)
        at java.util.concurrent.LinkedBlockingQueue.poll(LinkedBlockingQueue.java:467)
        at org.apache.hadoop.ipc.CallQueueManager.take(CallQueueManager.java:317)
        at org.apache.hadoop.ipc.Server$Handler.run(Server.java:2942)
"qtp651614956-287" daemon prio=5 tid=287 timed_waiting
java.lang.Thread.State: TIMED_WAITING
        at sun.misc.Unsafe.park(Native Method)
        at java.util.concurrent.locks.LockSupport.parkNanos(LockSupport.java:215)
        at java.util.concurrent.locks.AbstractQueuedSynchronizer$ConditionObject.awaitNanos(AbstractQueuedSynchronizer.java:2078)
        at org.eclipse.jetty.util.BlockingArrayQueue.poll(BlockingArrayQueue.java:382)
        at org.eclipse.jetty.util.thread.QueuedThreadPool$Runner.idleJobPoll(QueuedThreadPool.java:974)
        at org.eclipse.jetty.util.thread.QueuedThreadPool$Runner.run(QueuedThreadPool.java:1018)
        at java.lang.Thread.run(Thread.java:750)
"grpc-default-worker-ELG-3-2" daemon prio=5 tid=570 runnable
java.lang.Thread.State: RUNNABLE
        at org.apache.ratis.thirdparty.io.netty.channel.epoll.Native.epollWait0(Native Method)
        at org.apache.ratis.thirdparty.io.netty.channel.epoll.Native.epollWait(Native.java:182)
        at org.apache.ratis.thirdparty.io.netty.channel.epoll.EpollEventLoop.epollWait(EpollEventLoop.java:290)
        at org.apache.ratis.thirdparty.io.netty.channel.epoll.EpollEventLoop.run(EpollEventLoop.java:354)
        at org.apache.ratis.thirdparty.io.netty.util.concurrent.SingleThreadEventExecutor$4.run(SingleThreadEventExecutor.java:995)
        at org.apache.ratis.thirdparty.io.netty.util.internal.ThreadExecutorMap$2.run(ThreadExecutorMap.java:74)
        at org.apache.ratis.thirdparty.io.netty.util.concurrent.FastThreadLocalRunnable.run(FastThreadLocalRunnable.java:30)
        at java.lang.Thread.run(Thread.java:750)
"ChunkWriter-2-0" daemon prio=5 tid=448 in Object.wait()
java.lang.Thread.State: WAITING (on object monitor)
        at sun.misc.Unsafe.park(Native Method)
        at java.util.concurrent.locks.LockSupport.park(LockSupport.java:175)
        at java.util.concurrent.locks.AbstractQueuedSynchronizer$ConditionObject.await(AbstractQueuedSynchronizer.java:2039)
        at java.util.concurrent.LinkedBlockingDeque.takeFirst(LinkedBlockingDeque.java:492)
        at java.util.concurrent.LinkedBlockingDeque.take(LinkedBlockingDeque.java:680)
        at java.util.concurrent.ThreadPoolExecutor.getTask(ThreadPoolExecutor.java:1074)
        at java.util.concurrent.ThreadPoolExecutor.runWorker(ThreadPoolExecutor.java:1134)
        at java.util.concurrent.ThreadPoolExecutor$Worker.run(ThreadPoolExecutor.java:624)
        at java.lang.Thread.run(Thread.java:750)
"qtp536636072-142" daemon prio=5 tid=142 timed_waiting
java.lang.Thread.State: TIMED_WAITING
        at sun.misc.Unsafe.park(Native Method)
        at java.util.concurrent.locks.LockSupport.parkNanos(LockSupport.java:215)
        at java.util.concurrent.locks.AbstractQueuedSynchronizer$ConditionObject.awaitNanos(AbstractQueuedSynchronizer.java:2078)
        at org.eclipse.jetty.util.BlockingArrayQueue.poll(BlockingArrayQueue.java:382)
        at org.eclipse.jetty.util.thread.QueuedThreadPool$Runner.idleJobPoll(QueuedThreadPool.java:974)
        at org.eclipse.jetty.util.thread.QueuedThreadPool$Runner.run(QueuedThreadPool.java:1018)
        at java.lang.Thread.run(Thread.java:750)
"IPC Server handler 4 on default port 45703" daemon prio=5 tid=41 timed_waiting
java.lang.Thread.State: TIMED_WAITING
        at sun.misc.Unsafe.park(Native Method)
        at java.util.concurrent.locks.LockSupport.parkNanos(LockSupport.java:215)
        at java.util.concurrent.locks.AbstractQueuedSynchronizer$ConditionObject.awaitNanos(AbstractQueuedSynchronizer.java:2078)
        at java.util.concurrent.LinkedBlockingQueue.poll(LinkedBlockingQueue.java:467)
        at org.apache.hadoop.ipc.CallQueueManager.take(CallQueueManager.java:317)
        at org.apache.hadoop.ipc.Server$Handler.run(Server.java:2942)
"Datanode ReportManager Thread - 3" daemon prio=5 tid=187 in Object.wait()
java.lang.Thread.State: WAITING (on object monitor)
        at sun.misc.Unsafe.park(Native Method)
        at java.util.concurrent.locks.LockSupport.park(LockSupport.java:175)
        at java.util.concurrent.locks.AbstractQueuedSynchronizer$ConditionObject.await(AbstractQueuedSynchronizer.java:2039)
        at java.util.concurrent.ScheduledThreadPoolExecutor$DelayedWorkQueue.take(ScheduledThreadPoolExecutor.java:1088)
        at java.util.concurrent.ScheduledThreadPoolExecutor$DelayedWorkQueue.take(ScheduledThreadPoolExecutor.java:809)
        at java.util.concurrent.ThreadPoolExecutor.getTask(ThreadPoolExecutor.java:1074)
        at java.util.concurrent.ThreadPoolExecutor.runWorker(ThreadPoolExecutor.java:1134)
        at java.util.concurrent.ThreadPoolExecutor$Worker.run(ThreadPoolExecutor.java:624)
        at java.lang.Thread.run(Thread.java:750)
"ChunkWriter-1-0" daemon prio=5 tid=492 in Object.wait()
java.lang.Thread.State: WAITING (on object monitor)
        at sun.misc.Unsafe.park(Native Method)
        at java.util.concurrent.locks.LockSupport.park(LockSupport.java:175)
        at java.util.concurrent.locks.AbstractQueuedSynchronizer$ConditionObject.await(AbstractQueuedSynchronizer.java:2039)
        at java.util.concurrent.LinkedBlockingDeque.takeFirst(LinkedBlockingDeque.java:492)
        at java.util.concurrent.LinkedBlockingDeque.take(LinkedBlockingDeque.java:680)
        at java.util.concurrent.ThreadPoolExecutor.getTask(ThreadPoolExecutor.java:1074)
        at java.util.concurrent.ThreadPoolExecutor.runWorker(ThreadPoolExecutor.java:1134)
        at java.util.concurrent.ThreadPoolExecutor$Worker.run(ThreadPoolExecutor.java:624)
        at java.lang.Thread.run(Thread.java:750)
"IPC Server Responder" daemon prio=5 tid=34 runnable
java.lang.Thread.State: RUNNABLE
        at sun.nio.ch.EPollArrayWrapper.epollWait(Native Method)
        at sun.nio.ch.EPollArrayWrapper.poll(EPollArrayWrapper.java:269)
        at sun.nio.ch.EPollSelectorImpl.doSelect(EPollSelectorImpl.java:93)
        at sun.nio.ch.SelectorImpl.lockAndDoSelect(SelectorImpl.java:86)
        at sun.nio.ch.SelectorImpl.select(SelectorImpl.java:97)
        at org.apache.hadoop.ipc.Server$Responder.doRunLoop(Server.java:1532)
        at org.apache.hadoop.ipc.Server$Responder.run(Server.java:1515)
"ChunkWriter-2-0" daemon prio=5 tid=469 in Object.wait()
java.lang.Thread.State: WAITING (on object monitor)
        at sun.misc.Unsafe.park(Native Method)
        at java.util.concurrent.locks.LockSupport.park(LockSupport.java:175)
        at java.util.concurrent.locks.AbstractQueuedSynchronizer$ConditionObject.await(AbstractQueuedSynchronizer.java:2039)
        at java.util.concurrent.LinkedBlockingDeque.takeFirst(LinkedBlockingDeque.java:492)
        at java.util.concurrent.LinkedBlockingDeque.take(LinkedBlockingDeque.java:680)
        at java.util.concurrent.ThreadPoolExecutor.getTask(ThreadPoolExecutor.java:1074)
        at java.util.concurrent.ThreadPoolExecutor.runWorker(ThreadPoolExecutor.java:1134)
        at java.util.concurrent.ThreadPoolExecutor$Worker.run(ThreadPoolExecutor.java:624)
        at java.lang.Thread.run(Thread.java:750)
"RatisPipelineUtilsThread - 0"  prio=5 tid=15 timed_waiting
java.lang.Thread.State: TIMED_WAITING
        at java.lang.Object.wait(Native Method)
        at org.apache.hadoop.hdds.scm.pipeline.BackgroundPipelineCreator.run(BackgroundPipelineCreator.java:176)
        at org.apache.hadoop.hdds.scm.pipeline.BackgroundPipelineCreator$$Lambda$371/2125274496.run(Unknown Source)
        at java.lang.Thread.run(Thread.java:750)
"ChunkReader-ELG-0" daemon prio=5 tid=358 runnable
java.lang.Thread.State: RUNNABLE
        at org.apache.ratis.thirdparty.io.netty.channel.epoll.Native.epollWait(Native Method)
        at org.apache.ratis.thirdparty.io.netty.channel.epoll.Native.epollWait(Native.java:209)
        at org.apache.ratis.thirdparty.io.netty.channel.epoll.Native.epollWait(Native.java:202)
        at org.apache.ratis.thirdparty.io.netty.channel.epoll.EpollEventLoop.epollWaitNoTimerChange(EpollEventLoop.java:294)
        at org.apache.ratis.thirdparty.io.netty.channel.epoll.EpollEventLoop.run(EpollEventLoop.java:351)
        at org.apache.ratis.thirdparty.io.netty.util.concurrent.SingleThreadEventExecutor$4.run(SingleThreadEventExecutor.java:995)
        at org.apache.ratis.thirdparty.io.netty.util.internal.ThreadExecutorMap$2.run(ThreadExecutorMap.java:74)
        at java.lang.Thread.run(Thread.java:750)
"Datanode ReportManager Thread - 1" daemon prio=5 tid=420 timed_waiting
java.lang.Thread.State: TIMED_WAITING
        at sun.misc.Unsafe.park(Native Method)
        at java.util.concurrent.locks.LockSupport.parkNanos(LockSupport.java:215)
        at java.util.concurrent.locks.AbstractQueuedSynchronizer$ConditionObject.awaitNanos(AbstractQueuedSynchronizer.java:2078)
        at java.util.concurrent.ScheduledThreadPoolExecutor$DelayedWorkQueue.take(ScheduledThreadPoolExecutor.java:1093)
        at java.util.concurrent.ScheduledThreadPoolExecutor$DelayedWorkQueue.take(ScheduledThreadPoolExecutor.java:809)
        at java.util.concurrent.ThreadPoolExecutor.getTask(ThreadPoolExecutor.java:1074)
        at java.util.concurrent.ThreadPoolExecutor.runWorker(ThreadPoolExecutor.java:1134)
        at java.util.concurrent.ThreadPoolExecutor$Worker.run(ThreadPoolExecutor.java:624)
        at java.lang.Thread.run(Thread.java:750)
"qtp536636072-136-acceptor-0@11a5dc60-ServerConnector@2421fd62{HTTP/1.1, (http/1.1)}{0.0.0.0:34609}" daemon prio=3 tid=136 runnable
java.lang.Thread.State: RUNNABLE
        at sun.nio.ch.ServerSocketChannelImpl.accept0(Native Method)
        at sun.nio.ch.ServerSocketChannelImpl.accept(ServerSocketChannelImpl.java:421)
        at sun.nio.ch.ServerSocketChannelImpl.accept(ServerSocketChannelImpl.java:249)
        at org.eclipse.jetty.server.ServerConnector.accept(ServerConnector.java:388)
        at org.eclipse.jetty.server.AbstractConnector$Acceptor.run(AbstractConnector.java:702)
        at org.eclipse.jetty.util.thread.QueuedThreadPool.runJob(QueuedThreadPool.java:883)
        at org.eclipse.jetty.util.thread.QueuedThreadPool$Runner.run(QueuedThreadPool.java:1034)
        at java.lang.Thread.run(Thread.java:750)
"org.apache.hadoop.util.JvmPauseMonitor$Monitor@1f5860c" daemon prio=5 tid=322 timed_waiting
java.lang.Thread.State: TIMED_WAITING
        at java.lang.Thread.sleep(Native Method)
        at org.apache.hadoop.util.JvmPauseMonitor$Monitor.run(JvmPauseMonitor.java:192)
        at java.lang.Thread.run(Thread.java:750)
"qtp1139195831-412" daemon prio=5 tid=412 timed_waiting
java.lang.Thread.State: TIMED_WAITING
        at sun.misc.Unsafe.park(Native Method)
        at java.util.concurrent.locks.LockSupport.parkNanos(LockSupport.java:215)
        at java.util.concurrent.locks.AbstractQueuedSynchronizer$ConditionObject.awaitNanos(AbstractQueuedSynchronizer.java:2078)
        at org.eclipse.jetty.util.BlockingArrayQueue.poll(BlockingArrayQueue.java:382)
        at org.eclipse.jetty.util.thread.QueuedThreadPool$Runner.idleJobPoll(QueuedThreadPool.java:974)
        at org.eclipse.jetty.util.thread.QueuedThreadPool$Runner.run(QueuedThreadPool.java:1018)
        at java.lang.Thread.run(Thread.java:750)
"IPC Server handler 10 on default port 45703" daemon prio=5 tid=47 timed_waiting
java.lang.Thread.State: TIMED_WAITING
        at sun.misc.Unsafe.park(Native Method)
        at java.util.concurrent.locks.LockSupport.parkNanos(LockSupport.java:215)
        at java.util.concurrent.locks.AbstractQueuedSynchronizer$ConditionObject.awaitNanos(AbstractQueuedSynchronizer.java:2078)
        at java.util.concurrent.LinkedBlockingQueue.poll(LinkedBlockingQueue.java:467)
        at org.apache.hadoop.ipc.CallQueueManager.take(CallQueueManager.java:317)
        at org.apache.hadoop.ipc.Server$Handler.run(Server.java:2942)
"EventQueue-CloseContainerForCloseContainerEventHandler" daemon prio=5 tid=817 in Object.wait()
java.lang.Thread.State: WAITING (on object monitor)
        at sun.misc.Unsafe.park(Native Method)
        at java.util.concurrent.locks.LockSupport.park(LockSupport.java:175)
        at java.util.concurrent.locks.AbstractQueuedSynchronizer$ConditionObject.await(AbstractQueuedSynchronizer.java:2039)
        at java.util.concurrent.LinkedBlockingQueue.take(LinkedBlockingQueue.java:442)
        at java.util.concurrent.ThreadPoolExecutor.getTask(ThreadPoolExecutor.java:1074)
        at java.util.concurrent.ThreadPoolExecutor.runWorker(ThreadPoolExecutor.java:1134)
        at java.util.concurrent.ThreadPoolExecutor$Worker.run(ThreadPoolExecutor.java:624)
        at java.lang.Thread.run(Thread.java:750)
"Datanode State Machine Task Thread - 1"  prio=5 tid=477 in Object.wait()
java.lang.Thread.State: WAITING (on object monitor)
        at sun.misc.Unsafe.park(Native Method)
        at java.util.concurrent.locks.LockSupport.park(LockSupport.java:175)
        at java.util.concurrent.locks.AbstractQueuedSynchronizer$ConditionObject.await(AbstractQueuedSynchronizer.java:2039)
        at java.util.concurrent.LinkedBlockingQueue.take(LinkedBlockingQueue.java:442)
        at java.util.concurrent.ThreadPoolExecutor.getTask(ThreadPoolExecutor.java:1074)
        at java.util.concurrent.ThreadPoolExecutor.runWorker(ThreadPoolExecutor.java:1134)
        at java.util.concurrent.ThreadPoolExecutor$Worker.run(ThreadPoolExecutor.java:624)
        at java.lang.Thread.run(Thread.java:750)
"Datanode State Machine Task Thread - 0"  prio=5 tid=352 in Object.wait()
java.lang.Thread.State: WAITING (on object monitor)
        at sun.misc.Unsafe.park(Native Method)
        at java.util.concurrent.locks.LockSupport.park(LockSupport.java:175)
        at java.util.concurrent.locks.AbstractQueuedSynchronizer$ConditionObject.await(AbstractQueuedSynchronizer.java:2039)
        at java.util.concurrent.LinkedBlockingQueue.take(LinkedBlockingQueue.java:442)
        at java.util.concurrent.ThreadPoolExecutor.getTask(ThreadPoolExecutor.java:1074)
        at java.util.concurrent.ThreadPoolExecutor.runWorker(ThreadPoolExecutor.java:1134)
        at java.util.concurrent.ThreadPoolExecutor$Worker.run(ThreadPoolExecutor.java:624)
        at java.lang.Thread.run(Thread.java:750)
"BlockDeletingService#1" daemon prio=5 tid=487 timed_waiting
java.lang.Thread.State: TIMED_WAITING
        at sun.misc.Unsafe.park(Native Method)
        at java.util.concurrent.locks.LockSupport.parkNanos(LockSupport.java:215)
        at java.util.concurrent.locks.AbstractQueuedSynchronizer$ConditionObject.awaitNanos(AbstractQueuedSynchronizer.java:2078)
        at java.util.concurrent.ScheduledThreadPoolExecutor$DelayedWorkQueue.take(ScheduledThreadPoolExecutor.java:1093)
        at java.util.concurrent.ScheduledThreadPoolExecutor$DelayedWorkQueue.take(ScheduledThreadPoolExecutor.java:809)
        at java.util.concurrent.ThreadPoolExecutor.getTask(ThreadPoolExecutor.java:1074)
        at java.util.concurrent.ThreadPoolExecutor.runWorker(ThreadPoolExecutor.java:1134)
        at java.util.concurrent.ThreadPoolExecutor$Worker.run(ThreadPoolExecutor.java:624)
        at java.lang.Thread.run(Thread.java:750)
"StaleRecoveringContainerScrubbingService#0" daemon prio=5 tid=453 in Object.wait()
java.lang.Thread.State: WAITING (on object monitor)
        at sun.misc.Unsafe.park(Native Method)
        at java.util.concurrent.locks.LockSupport.park(LockSupport.java:175)
        at java.util.concurrent.locks.AbstractQueuedSynchronizer$ConditionObject.await(AbstractQueuedSynchronizer.java:2039)
        at java.util.concurrent.ScheduledThreadPoolExecutor$DelayedWorkQueue.take(ScheduledThreadPoolExecutor.java:1088)
        at java.util.concurrent.ScheduledThreadPoolExecutor$DelayedWorkQueue.take(ScheduledThreadPoolExecutor.java:809)
        at java.util.concurrent.ThreadPoolExecutor.getTask(ThreadPoolExecutor.java:1074)
        at java.util.concurrent.ThreadPoolExecutor.runWorker(ThreadPoolExecutor.java:1134)
        at java.util.concurrent.ThreadPoolExecutor$Worker.run(ThreadPoolExecutor.java:624)
        at java.lang.Thread.run(Thread.java:750)
"qtp536636072-139" daemon prio=5 tid=139 timed_waiting
java.lang.Thread.State: TIMED_WAITING
        at sun.misc.Unsafe.park(Native Method)
        at java.util.concurrent.locks.LockSupport.parkNanos(LockSupport.java:215)
        at java.util.concurrent.locks.AbstractQueuedSynchronizer$ConditionObject.awaitNanos(AbstractQueuedSynchronizer.java:2078)
        at org.eclipse.jetty.util.BlockingArrayQueue.poll(BlockingArrayQueue.java:382)
        at org.eclipse.jetty.util.thread.QueuedThreadPool$Runner.idleJobPoll(QueuedThreadPool.java:974)
        at org.eclipse.jetty.util.thread.QueuedThreadPool$Runner.run(QueuedThreadPool.java:1018)
        at java.lang.Thread.run(Thread.java:750)
"qtp1661816191-313" daemon prio=5 tid=313 timed_waiting
java.lang.Thread.State: TIMED_WAITING
        at sun.misc.Unsafe.park(Native Method)
        at java.util.concurrent.locks.LockSupport.parkNanos(LockSupport.java:215)
        at java.util.concurrent.locks.AbstractQueuedSynchronizer$ConditionObject.awaitNanos(AbstractQueuedSynchronizer.java:2078)
        at org.eclipse.jetty.util.BlockingArrayQueue.poll(BlockingArrayQueue.java:382)
        at org.eclipse.jetty.util.thread.QueuedThreadPool$Runner.idleJobPoll(QueuedThreadPool.java:974)
        at org.eclipse.jetty.util.thread.QueuedThreadPool$Runner.run(QueuedThreadPool.java:1018)
        at java.lang.Thread.run(Thread.java:750)
"IPC Server handler 11 on default port 45633" daemon prio=5 tid=88 timed_waiting
java.lang.Thread.State: TIMED_WAITING
        at sun.misc.Unsafe.park(Native Method)
        at java.util.concurrent.locks.LockSupport.parkNanos(LockSupport.java:215)
        at java.util.concurrent.locks.AbstractQueuedSynchronizer$ConditionObject.awaitNanos(AbstractQueuedSynchronizer.java:2078)
        at java.util.concurrent.LinkedBlockingQueue.poll(LinkedBlockingQueue.java:467)
        at org.apache.hadoop.ipc.CallQueueManager.take(CallQueueManager.java:317)
        at org.apache.hadoop.ipc.Server$Handler.run(Server.java:2942)
"ChunkWriter-1-0" daemon prio=5 tid=537 in Object.wait()
java.lang.Thread.State: WAITING (on object monitor)
        at sun.misc.Unsafe.park(Native Method)
        at java.util.concurrent.locks.LockSupport.park(LockSupport.java:175)
        at java.util.concurrent.locks.AbstractQueuedSynchronizer$ConditionObject.await(AbstractQueuedSynchronizer.java:2039)
        at java.util.concurrent.LinkedBlockingDeque.takeFirst(LinkedBlockingDeque.java:492)
        at java.util.concurrent.LinkedBlockingDeque.take(LinkedBlockingDeque.java:680)
        at java.util.concurrent.ThreadPoolExecutor.getTask(ThreadPoolExecutor.java:1074)
        at java.util.concurrent.ThreadPoolExecutor.runWorker(ThreadPoolExecutor.java:1134)
        at java.util.concurrent.ThreadPoolExecutor$Worker.run(ThreadPoolExecutor.java:624)
        at java.lang.Thread.run(Thread.java:750)
"EventQueue-DatanodeCommandForSCMNodeManager"  prio=5 tid=507 in Object.wait()
java.lang.Thread.State: WAITING (on object monitor)
        at sun.misc.Unsafe.park(Native Method)
        at java.util.concurrent.locks.LockSupport.park(LockSupport.java:175)
        at java.util.concurrent.locks.AbstractQueuedSynchronizer$ConditionObject.await(AbstractQueuedSynchronizer.java:2039)
        at java.util.concurrent.LinkedBlockingQueue.take(LinkedBlockingQueue.java:442)
        at java.util.concurrent.ThreadPoolExecutor.getTask(ThreadPoolExecutor.java:1074)
        at java.util.concurrent.ThreadPoolExecutor.runWorker(ThreadPoolExecutor.java:1134)
        at java.util.concurrent.ThreadPoolExecutor$Worker.run(ThreadPoolExecutor.java:624)
        at java.lang.Thread.run(Thread.java:750)
"Datanode State Machine Task Thread - 1"  prio=5 tid=489 in Object.wait()
java.lang.Thread.State: WAITING (on object monitor)
        at sun.misc.Unsafe.park(Native Method)
        at java.util.concurrent.locks.LockSupport.park(LockSupport.java:175)
        at java.util.concurrent.locks.AbstractQueuedSynchronizer$ConditionObject.await(AbstractQueuedSynchronizer.java:2039)
        at java.util.concurrent.LinkedBlockingQueue.take(LinkedBlockingQueue.java:442)
        at java.util.concurrent.ThreadPoolExecutor.getTask(ThreadPoolExecutor.java:1074)
        at java.util.concurrent.ThreadPoolExecutor.runWorker(ThreadPoolExecutor.java:1134)
        at java.util.concurrent.ThreadPoolExecutor$Worker.run(ThreadPoolExecutor.java:624)
        at java.lang.Thread.run(Thread.java:750)
"075aeae4-9dac-4c28-be7c-8f8b2eb5b04f@group-0DB650E5D1BF-LeaderStateImpl" daemon prio=5 tid=810 timed_waiting
java.lang.Thread.State: TIMED_WAITING
        at sun.misc.Unsafe.park(Native Method)
        at java.util.concurrent.locks.LockSupport.parkNanos(LockSupport.java:215)
        at java.util.concurrent.locks.AbstractQueuedSynchronizer$ConditionObject.awaitNanos(AbstractQueuedSynchronizer.java:2078)
        at java.util.concurrent.ArrayBlockingQueue.poll(ArrayBlockingQueue.java:418)
        at org.apache.ratis.server.impl.LeaderStateImpl$EventQueue.poll(LeaderStateImpl.java:159)
        at org.apache.ratis.server.impl.LeaderStateImpl$EventProcessor.run(LeaderStateImpl.java:630)
"2e87c3a1-a023-462f-882b-ea1ca04c8a98@group-49CF8CCC8F99-StateMachineUpdater" daemon prio=5 tid=600 timed_waiting
java.lang.Thread.State: TIMED_WAITING
        at sun.misc.Unsafe.park(Native Method)
        at java.util.concurrent.locks.LockSupport.parkNanos(LockSupport.java:215)
        at java.util.concurrent.CompletableFuture$Signaller.block(CompletableFuture.java:1709)
        at java.util.concurrent.ForkJoinPool.managedBlock(ForkJoinPool.java:3323)
        at java.util.concurrent.CompletableFuture.timedGet(CompletableFuture.java:1788)
        at java.util.concurrent.CompletableFuture.get(CompletableFuture.java:1928)
        at org.apache.ratis.util.AwaitForSignal.await(AwaitForSignal.java:56)
        at org.apache.ratis.server.impl.StateMachineUpdater.waitForCommit(StateMachineUpdater.java:207)
        at org.apache.ratis.server.impl.StateMachineUpdater.run(StateMachineUpdater.java:176)
        at java.lang.Thread.run(Thread.java:750)
"ChunkWriter-1-0" daemon prio=5 tid=354 in Object.wait()
java.lang.Thread.State: WAITING (on object monitor)
        at sun.misc.Unsafe.park(Native Method)
        at java.util.concurrent.locks.LockSupport.park(LockSupport.java:175)
        at java.util.concurrent.locks.AbstractQueuedSynchronizer$ConditionObject.await(AbstractQueuedSynchronizer.java:2039)
        at java.util.concurrent.LinkedBlockingDeque.takeFirst(LinkedBlockingDeque.java:492)
        at java.util.concurrent.LinkedBlockingDeque.take(LinkedBlockingDeque.java:680)
        at java.util.concurrent.ThreadPoolExecutor.getTask(ThreadPoolExecutor.java:1074)
        at java.util.concurrent.ThreadPoolExecutor.runWorker(ThreadPoolExecutor.java:1134)
        at java.util.concurrent.ThreadPoolExecutor$Worker.run(ThreadPoolExecutor.java:624)
        at java.lang.Thread.run(Thread.java:750)
"qtp536636072-135" daemon prio=5 tid=135 runnable
java.lang.Thread.State: RUNNABLE
        at sun.nio.ch.EPollArrayWrapper.epollWait(Native Method)
        at sun.nio.ch.EPollArrayWrapper.poll(EPollArrayWrapper.java:269)
        at sun.nio.ch.EPollSelectorImpl.doSelect(EPollSelectorImpl.java:93)
        at sun.nio.ch.SelectorImpl.lockAndDoSelect(SelectorImpl.java:86)
        at sun.nio.ch.SelectorImpl.select(SelectorImpl.java:97)
        at sun.nio.ch.SelectorImpl.select(SelectorImpl.java:101)
        at org.eclipse.jetty.io.ManagedSelector.nioSelect(ManagedSelector.java:183)
        at org.eclipse.jetty.io.ManagedSelector.select(ManagedSelector.java:190)
        at org.eclipse.jetty.io.ManagedSelector$SelectorProducer.select(ManagedSelector.java:606)
        at org.eclipse.jetty.io.ManagedSelector$SelectorProducer.produce(ManagedSelector.java:543)
        at org.eclipse.jetty.util.thread.strategy.EatWhatYouKill.produceTask(EatWhatYouKill.java:362)
        at org.eclipse.jetty.util.thread.strategy.EatWhatYouKill.doProduce(EatWhatYouKill.java:186)
        at org.eclipse.jetty.util.thread.strategy.EatWhatYouKill.tryProduce(EatWhatYouKill.java:173)
        at org.eclipse.jetty.util.thread.strategy.EatWhatYouKill.produce(EatWhatYouKill.java:137)
        at org.eclipse.jetty.io.ManagedSelector$$Lambda$443/1703412736.run(Unknown Source)
        at org.eclipse.jetty.util.thread.QueuedThreadPool.runJob(QueuedThreadPool.java:883)
        at org.eclipse.jetty.util.thread.QueuedThreadPool$Runner.run(QueuedThreadPool.java:1034)
        at java.lang.Thread.run(Thread.java:750)
"org.apache.hadoop.util.JvmPauseMonitor$Monitor@283f5193" daemon prio=5 tid=425 timed_waiting
java.lang.Thread.State: TIMED_WAITING
        at java.lang.Thread.sleep(Native Method)
        at org.apache.hadoop.util.JvmPauseMonitor$Monitor.run(JvmPauseMonitor.java:192)
        at java.lang.Thread.run(Thread.java:750)
"63ee6728-2597-4353-a315-509fdfe6db5e@group-060300A70C6B-SegmentedRaftLogWorker"  prio=5 tid=634 timed_waiting
java.lang.Thread.State: TIMED_WAITING
        at sun.misc.Unsafe.park(Native Method)
        at java.util.concurrent.locks.LockSupport.parkNanos(LockSupport.java:215)
        at java.util.concurrent.locks.AbstractQueuedSynchronizer$ConditionObject.awaitNanos(AbstractQueuedSynchronizer.java:2078)
        at org.apache.ratis.util.DataBlockingQueue.poll(DataBlockingQueue.java:148)
        at org.apache.ratis.server.raftlog.segmented.SegmentedRaftLogWorker.run(SegmentedRaftLogWorker.java:310)
        at org.apache.ratis.server.raftlog.segmented.SegmentedRaftLogWorker$$Lambda$661/1174177291.run(Unknown Source)
        at java.lang.Thread.run(Thread.java:750)
"EndpointStateMachine task thread for /0.0.0.0:45633 - 0 "  prio=5 tid=432 in Object.wait()
java.lang.Thread.State: WAITING (on object monitor)
        at sun.misc.Unsafe.park(Native Method)
        at java.util.concurrent.locks.LockSupport.park(LockSupport.java:175)
        at java.util.concurrent.locks.AbstractQueuedSynchronizer$ConditionObject.await(AbstractQueuedSynchronizer.java:2039)
        at java.util.concurrent.LinkedBlockingQueue.take(LinkedBlockingQueue.java:442)
        at java.util.concurrent.ThreadPoolExecutor.getTask(ThreadPoolExecutor.java:1074)
        at java.util.concurrent.ThreadPoolExecutor.runWorker(ThreadPoolExecutor.java:1134)
        at java.util.concurrent.ThreadPoolExecutor$Worker.run(ThreadPoolExecutor.java:624)
        at java.lang.Thread.run(Thread.java:750)
"org.apache.hadoop.ozone.container.common.statemachine.commandhandler.DeleteBlocksCommandHandler$DeleteCmdWorker@233cd973" daemon prio=5 tid=304 timed_waiting
java.lang.Thread.State: TIMED_WAITING
        at java.lang.Thread.sleep(Native Method)
        at org.apache.hadoop.ozone.container.common.statemachine.commandhandler.DeleteBlocksCommandHandler$DeleteCmdWorker.run(DeleteBlocksCommandHandler.java:183)
        at java.lang.Thread.run(Thread.java:750)
"IPC Server handler 0 on default port 45633" daemon prio=5 tid=77 timed_waiting
java.lang.Thread.State: TIMED_WAITING
        at sun.misc.Unsafe.park(Native Method)
        at java.util.concurrent.locks.LockSupport.parkNanos(LockSupport.java:215)
        at java.util.concurrent.locks.AbstractQueuedSynchronizer$ConditionObject.awaitNanos(AbstractQueuedSynchronizer.java:2078)
        at java.util.concurrent.LinkedBlockingQueue.poll(LinkedBlockingQueue.java:467)
        at org.apache.hadoop.ipc.CallQueueManager.take(CallQueueManager.java:317)
        at org.apache.hadoop.ipc.Server$Handler.run(Server.java:2942)
"grpc-default-worker-ELG-3-1" daemon prio=5 tid=568 runnable
java.lang.Thread.State: RUNNABLE
        at org.apache.ratis.thirdparty.io.netty.channel.epoll.Native.epollWait0(Native Method)
        at org.apache.ratis.thirdparty.io.netty.channel.epoll.Native.epollWait(Native.java:182)
        at org.apache.ratis.thirdparty.io.netty.channel.epoll.EpollEventLoop.epollWait(EpollEventLoop.java:290)
        at org.apache.ratis.thirdparty.io.netty.channel.epoll.EpollEventLoop.run(EpollEventLoop.java:354)
        at org.apache.ratis.thirdparty.io.netty.util.concurrent.SingleThreadEventExecutor$4.run(SingleThreadEventExecutor.java:995)
        at org.apache.ratis.thirdparty.io.netty.util.internal.ThreadExecutorMap$2.run(ThreadExecutorMap.java:74)
        at org.apache.ratis.thirdparty.io.netty.util.concurrent.FastThreadLocalRunnable.run(FastThreadLocalRunnable.java:30)
        at java.lang.Thread.run(Thread.java:750)
"ChunkReader-2" daemon prio=5 tid=783 in Object.wait()
java.lang.Thread.State: WAITING (on object monitor)
        at sun.misc.Unsafe.park(Native Method)
        at java.util.concurrent.locks.LockSupport.park(LockSupport.java:175)
        at java.util.concurrent.locks.AbstractQueuedSynchronizer$ConditionObject.await(AbstractQueuedSynchronizer.java:2039)
        at java.util.concurrent.LinkedBlockingQueue.take(LinkedBlockingQueue.java:442)
        at java.util.concurrent.ThreadPoolExecutor.getTask(ThreadPoolExecutor.java:1074)
        at java.util.concurrent.ThreadPoolExecutor.runWorker(ThreadPoolExecutor.java:1134)
        at java.util.concurrent.ThreadPoolExecutor$Worker.run(ThreadPoolExecutor.java:624)
        at java.lang.Thread.run(Thread.java:750)
"ChunkWriter-0-0" daemon prio=5 tid=536 in Object.wait()
java.lang.Thread.State: WAITING (on object monitor)
        at sun.misc.Unsafe.park(Native Method)
        at java.util.concurrent.locks.LockSupport.park(LockSupport.java:175)
        at java.util.concurrent.locks.AbstractQueuedSynchronizer$ConditionObject.await(AbstractQueuedSynchronizer.java:2039)
        at java.util.concurrent.LinkedBlockingDeque.takeFirst(LinkedBlockingDeque.java:492)
        at java.util.concurrent.LinkedBlockingDeque.take(LinkedBlockingDeque.java:680)
        at java.util.concurrent.ThreadPoolExecutor.getTask(ThreadPoolExecutor.java:1074)
        at java.util.concurrent.ThreadPoolExecutor.runWorker(ThreadPoolExecutor.java:1134)
        at java.util.concurrent.ThreadPoolExecutor$Worker.run(ThreadPoolExecutor.java:624)
        at java.lang.Thread.run(Thread.java:750)
"6e54690b-befe-42c2-a4b7-a861f73b2b3f@group-9278B7B813B0-StateMachineUpdater" daemon prio=5 tid=609 timed_waiting
java.lang.Thread.State: TIMED_WAITING
        at sun.misc.Unsafe.park(Native Method)
        at java.util.concurrent.locks.LockSupport.parkNanos(LockSupport.java:215)
        at java.util.concurrent.CompletableFuture$Signaller.block(CompletableFuture.java:1709)
        at java.util.concurrent.ForkJoinPool.managedBlock(ForkJoinPool.java:3323)
        at java.util.concurrent.CompletableFuture.timedGet(CompletableFuture.java:1788)
        at java.util.concurrent.CompletableFuture.get(CompletableFuture.java:1928)
        at org.apache.ratis.util.AwaitForSignal.await(AwaitForSignal.java:56)
        at org.apache.ratis.server.impl.StateMachineUpdater.waitForCommit(StateMachineUpdater.java:207)
        at org.apache.ratis.server.impl.StateMachineUpdater.run(StateMachineUpdater.java:176)
        at java.lang.Thread.run(Thread.java:750)
"7c8777a1-edfb-4633-85a4-b901f2ed1d17@group-5DBD8395D328->075aeae4-9dac-4c28-be7c-8f8b2eb5b04f-GrpcLogAppender-LogAppenderDaemon" daemon prio=5 tid=769 timed_waiting
java.lang.Thread.State: TIMED_WAITING
        at sun.misc.Unsafe.park(Native Method)
        at java.util.concurrent.locks.LockSupport.parkNanos(LockSupport.java:215)
        at java.util.concurrent.CompletableFuture$Signaller.block(CompletableFuture.java:1709)
        at java.util.concurrent.ForkJoinPool.managedBlock(ForkJoinPool.java:3323)
        at java.util.concurrent.CompletableFuture.timedGet(CompletableFuture.java:1788)
        at java.util.concurrent.CompletableFuture.get(CompletableFuture.java:1928)
        at org.apache.ratis.util.AwaitForSignal.await(AwaitForSignal.java:56)
        at org.apache.ratis.grpc.server.GrpcLogAppender.mayWait(GrpcLogAppender.java:198)
        at org.apache.ratis.grpc.server.GrpcLogAppender.run(GrpcLogAppender.java:148)
        at org.apache.ratis.server.leader.LogAppenderDaemon.run(LogAppenderDaemon.java:78)
        at org.apache.ratis.server.leader.LogAppenderDaemon$$Lambda$1029/1859749780.run(Unknown Source)
        at java.lang.Thread.run(Thread.java:750)
"EndpointStateMachine task thread for /0.0.0.0:45633 - 0 "  prio=5 tid=478 in Object.wait()
java.lang.Thread.State: WAITING (on object monitor)
        at sun.misc.Unsafe.park(Native Method)
        at java.util.concurrent.locks.LockSupport.park(LockSupport.java:175)
        at java.util.concurrent.locks.AbstractQueuedSynchronizer$ConditionObject.await(AbstractQueuedSynchronizer.java:2039)
        at java.util.concurrent.LinkedBlockingQueue.take(LinkedBlockingQueue.java:442)
        at java.util.concurrent.ThreadPoolExecutor.getTask(ThreadPoolExecutor.java:1074)
        at java.util.concurrent.ThreadPoolExecutor.runWorker(ThreadPoolExecutor.java:1134)
        at java.util.concurrent.ThreadPoolExecutor$Worker.run(ThreadPoolExecutor.java:624)
        at java.lang.Thread.run(Thread.java:750)
"qtp1139195831-411" daemon prio=5 tid=411 timed_waiting
java.lang.Thread.State: TIMED_WAITING
        at sun.misc.Unsafe.park(Native Method)
        at java.util.concurrent.locks.LockSupport.parkNanos(LockSupport.java:215)
        at java.util.concurrent.locks.AbstractQueuedSynchronizer$ConditionObject.awaitNanos(AbstractQueuedSynchronizer.java:2078)
        at org.eclipse.jetty.util.BlockingArrayQueue.poll(BlockingArrayQueue.java:382)
        at org.eclipse.jetty.util.thread.QueuedThreadPool$Runner.idleJobPoll(QueuedThreadPool.java:974)
        at org.eclipse.jetty.util.thread.QueuedThreadPool$Runner.run(QueuedThreadPool.java:1018)
        at java.lang.Thread.run(Thread.java:750)
"63ee6728-2597-4353-a315-509fdfe6db5e@group-9278B7B813B0-SegmentedRaftLogWorker"  prio=5 tid=616 timed_waiting
java.lang.Thread.State: TIMED_WAITING
        at sun.misc.Unsafe.park(Native Method)
        at java.util.concurrent.locks.LockSupport.parkNanos(LockSupport.java:215)
        at java.util.concurrent.locks.AbstractQueuedSynchronizer$ConditionObject.awaitNanos(AbstractQueuedSynchronizer.java:2078)
        at org.apache.ratis.util.DataBlockingQueue.poll(DataBlockingQueue.java:148)
        at org.apache.ratis.server.raftlog.segmented.SegmentedRaftLogWorker.run(SegmentedRaftLogWorker.java:310)
        at org.apache.ratis.server.raftlog.segmented.SegmentedRaftLogWorker$$Lambda$661/1174177291.run(Unknown Source)
        at java.lang.Thread.run(Thread.java:750)
"Datanode ReportManager Thread - 3" daemon prio=5 tid=422 timed_waiting
java.lang.Thread.State: TIMED_WAITING
        at sun.misc.Unsafe.park(Native Method)
        at java.util.concurrent.locks.LockSupport.parkNanos(LockSupport.java:215)
        at java.util.concurrent.locks.AbstractQueuedSynchronizer$ConditionObject.awaitNanos(AbstractQueuedSynchronizer.java:2078)
        at java.util.concurrent.ScheduledThreadPoolExecutor$DelayedWorkQueue.take(ScheduledThreadPoolExecutor.java:1093)
        at java.util.concurrent.ScheduledThreadPoolExecutor$DelayedWorkQueue.take(ScheduledThreadPoolExecutor.java:809)
        at java.util.concurrent.ThreadPoolExecutor.getTask(ThreadPoolExecutor.java:1074)
        at java.util.concurrent.ThreadPoolExecutor.runWorker(ThreadPoolExecutor.java:1134)
        at java.util.concurrent.ThreadPoolExecutor$Worker.run(ThreadPoolExecutor.java:624)
        at java.lang.Thread.run(Thread.java:750)
"Under Replicated Processor" daemon prio=5 tid=850 timed_waiting
java.lang.Thread.State: TIMED_WAITING
        at java.lang.Object.wait(Native Method)
        at org.apache.hadoop.hdds.scm.container.replication.UnderReplicatedProcessor.run(UnderReplicatedProcessor.java:142)
        at java.lang.Thread.run(Thread.java:750)
"e349f11f-4d2d-4584-922f-e3c208c9e657-server-thread3" daemon prio=5 tid=743 timed_waiting
java.lang.Thread.State: TIMED_WAITING
        at sun.misc.Unsafe.park(Native Method)
        at java.util.concurrent.locks.LockSupport.parkNanos(LockSupport.java:215)
        at java.util.concurrent.SynchronousQueue$TransferStack.awaitFulfill(SynchronousQueue.java:460)
        at java.util.concurrent.SynchronousQueue$TransferStack.transfer(SynchronousQueue.java:362)
        at java.util.concurrent.SynchronousQueue.poll(SynchronousQueue.java:941)
        at java.util.concurrent.ThreadPoolExecutor.getTask(ThreadPoolExecutor.java:1073)
        at java.util.concurrent.ThreadPoolExecutor.runWorker(ThreadPoolExecutor.java:1134)
        at java.util.concurrent.ThreadPoolExecutor$Worker.run(ThreadPoolExecutor.java:624)
        at java.lang.Thread.run(Thread.java:750)
"ChunkWriter-0-0" daemon prio=5 tid=446 in Object.wait()
java.lang.Thread.State: WAITING (on object monitor)
        at sun.misc.Unsafe.park(Native Method)
        at java.util.concurrent.locks.LockSupport.park(LockSupport.java:175)
        at java.util.concurrent.locks.AbstractQueuedSynchronizer$ConditionObject.await(AbstractQueuedSynchronizer.java:2039)
        at java.util.concurrent.LinkedBlockingDeque.takeFirst(LinkedBlockingDeque.java:492)
        at java.util.concurrent.LinkedBlockingDeque.take(LinkedBlockingDeque.java:680)
        at java.util.concurrent.ThreadPoolExecutor.getTask(ThreadPoolExecutor.java:1074)
        at java.util.concurrent.ThreadPoolExecutor.runWorker(ThreadPoolExecutor.java:1134)
        at java.util.concurrent.ThreadPoolExecutor$Worker.run(ThreadPoolExecutor.java:624)
        at java.lang.Thread.run(Thread.java:750)
"StaleRecoveringContainerScrubbingService#2" daemon prio=5 tid=878 in Object.wait()
java.lang.Thread.State: WAITING (on object monitor)
        at sun.misc.Unsafe.park(Native Method)
        at java.util.concurrent.locks.LockSupport.park(LockSupport.java:175)
        at java.util.concurrent.locks.AbstractQueuedSynchronizer$ConditionObject.await(AbstractQueuedSynchronizer.java:2039)
        at java.util.concurrent.ScheduledThreadPoolExecutor$DelayedWorkQueue.take(ScheduledThreadPoolExecutor.java:1088)
        at java.util.concurrent.ScheduledThreadPoolExecutor$DelayedWorkQueue.take(ScheduledThreadPoolExecutor.java:809)
        at java.util.concurrent.ThreadPoolExecutor.getTask(ThreadPoolExecutor.java:1074)
        at java.util.concurrent.ThreadPoolExecutor.runWorker(ThreadPoolExecutor.java:1134)
        at java.util.concurrent.ThreadPoolExecutor$Worker.run(ThreadPoolExecutor.java:624)
        at java.lang.Thread.run(Thread.java:750)
"Datanode State Machine Task Thread - 0"  prio=5 tid=388 in Object.wait()
java.lang.Thread.State: WAITING (on object monitor)
        at sun.misc.Unsafe.park(Native Method)
        at java.util.concurrent.locks.LockSupport.park(LockSupport.java:175)
        at java.util.concurrent.locks.AbstractQueuedSynchronizer$ConditionObject.await(AbstractQueuedSynchronizer.java:2039)
        at java.util.concurrent.LinkedBlockingQueue.take(LinkedBlockingQueue.java:442)
        at java.util.concurrent.ThreadPoolExecutor.getTask(ThreadPoolExecutor.java:1074)
        at java.util.concurrent.ThreadPoolExecutor.runWorker(ThreadPoolExecutor.java:1134)
        at java.util.concurrent.ThreadPoolExecutor$Worker.run(ThreadPoolExecutor.java:624)
        at java.lang.Thread.run(Thread.java:750)
"Datanode ReportManager Thread - 0" daemon prio=5 tid=290 timed_waiting
java.lang.Thread.State: TIMED_WAITING
        at sun.misc.Unsafe.park(Native Method)
        at java.util.concurrent.locks.LockSupport.parkNanos(LockSupport.java:215)
        at java.util.concurrent.locks.AbstractQueuedSynchronizer$ConditionObject.awaitNanos(AbstractQueuedSynchronizer.java:2078)
        at java.util.concurrent.ScheduledThreadPoolExecutor$DelayedWorkQueue.take(ScheduledThreadPoolExecutor.java:1093)
        at java.util.concurrent.ScheduledThreadPoolExecutor$DelayedWorkQueue.take(ScheduledThreadPoolExecutor.java:809)
        at java.util.concurrent.ThreadPoolExecutor.getTask(ThreadPoolExecutor.java:1074)
        at java.util.concurrent.ThreadPoolExecutor.runWorker(ThreadPoolExecutor.java:1134)
        at java.util.concurrent.ThreadPoolExecutor$Worker.run(ThreadPoolExecutor.java:624)
        at java.lang.Thread.run(Thread.java:750)
"JvmPauseMonitor4" daemon prio=5 tid=471 timed_waiting
java.lang.Thread.State: TIMED_WAITING
        at java.lang.Thread.sleep(Native Method)
        at java.lang.Thread.sleep(Thread.java:342)
        at java.util.concurrent.TimeUnit.sleep(TimeUnit.java:386)
        at org.apache.ratis.util.TimeDuration.sleep(TimeDuration.java:325)
        at org.apache.ratis.util.TimeDuration.sleep(TimeDuration.java:310)
        at org.apache.ratis.util.JvmPauseMonitor.detectPause(JvmPauseMonitor.java:119)
        at org.apache.ratis.util.JvmPauseMonitor.run(JvmPauseMonitor.java:108)
        at org.apache.ratis.util.JvmPauseMonitor$$Lambda$702/1444742025.run(Unknown Source)
        at java.lang.Thread.run(Thread.java:750)
"pool-81-thread-1"  prio=5 tid=173 timed_waiting
java.lang.Thread.State: TIMED_WAITING
        at sun.misc.Unsafe.park(Native Method)
        at java.util.concurrent.locks.LockSupport.parkNanos(LockSupport.java:215)
        at java.util.concurrent.locks.AbstractQueuedSynchronizer$ConditionObject.awaitNanos(AbstractQueuedSynchronizer.java:2078)
        at java.util.concurrent.ScheduledThreadPoolExecutor$DelayedWorkQueue.take(ScheduledThreadPoolExecutor.java:1093)
        at java.util.concurrent.ScheduledThreadPoolExecutor$DelayedWorkQueue.take(ScheduledThreadPoolExecutor.java:809)
        at java.util.concurrent.ThreadPoolExecutor.getTask(ThreadPoolExecutor.java:1074)
        at java.util.concurrent.ThreadPoolExecutor.runWorker(ThreadPoolExecutor.java:1134)
        at java.util.concurrent.ThreadPoolExecutor$Worker.run(ThreadPoolExecutor.java:624)
        at java.lang.Thread.run(Thread.java:750)
"e349f11f-4d2d-4584-922f-e3c208c9e657@group-9278B7B813B0-StateMachineUpdater" daemon prio=5 tid=613 timed_waiting
java.lang.Thread.State: TIMED_WAITING
        at sun.misc.Unsafe.park(Native Method)
        at java.util.concurrent.locks.LockSupport.parkNanos(LockSupport.java:215)
        at java.util.concurrent.CompletableFuture$Signaller.block(CompletableFuture.java:1709)
        at java.util.concurrent.ForkJoinPool.managedBlock(ForkJoinPool.java:3323)
        at java.util.concurrent.CompletableFuture.timedGet(CompletableFuture.java:1788)
        at java.util.concurrent.CompletableFuture.get(CompletableFuture.java:1928)
        at org.apache.ratis.util.AwaitForSignal.await(AwaitForSignal.java:56)
        at org.apache.ratis.server.impl.StateMachineUpdater.waitForCommit(StateMachineUpdater.java:207)
        at org.apache.ratis.server.impl.StateMachineUpdater.run(StateMachineUpdater.java:176)
        at java.lang.Thread.run(Thread.java:750)
"Periodic HDDS volume checker" daemon prio=5 tid=166 timed_waiting
java.lang.Thread.State: TIMED_WAITING
        at sun.misc.Unsafe.park(Native Method)
        at java.util.concurrent.locks.LockSupport.parkNanos(LockSupport.java:215)
        at java.util.concurrent.locks.AbstractQueuedSynchronizer$ConditionObject.awaitNanos(AbstractQueuedSynchronizer.java:2078)
        at java.util.concurrent.ScheduledThreadPoolExecutor$DelayedWorkQueue.take(ScheduledThreadPoolExecutor.java:1093)
        at java.util.concurrent.ScheduledThreadPoolExecutor$DelayedWorkQueue.take(ScheduledThreadPoolExecutor.java:809)
        at java.util.concurrent.ThreadPoolExecutor.getTask(ThreadPoolExecutor.java:1074)
        at java.util.concurrent.ThreadPoolExecutor.runWorker(ThreadPoolExecutor.java:1134)
        at java.util.concurrent.ThreadPoolExecutor$Worker.run(ThreadPoolExecutor.java:624)
        at java.lang.Thread.run(Thread.java:750)
"IPC Server listener on 0" daemon prio=5 tid=27 runnable
java.lang.Thread.State: RUNNABLE
        at sun.nio.ch.EPollArrayWrapper.epollWait(Native Method)
        at sun.nio.ch.EPollArrayWrapper.poll(EPollArrayWrapper.java:269)
        at sun.nio.ch.EPollSelectorImpl.doSelect(EPollSelectorImpl.java:93)
        at sun.nio.ch.SelectorImpl.lockAndDoSelect(SelectorImpl.java:86)
        at sun.nio.ch.SelectorImpl.select(SelectorImpl.java:97)
        at sun.nio.ch.SelectorImpl.select(SelectorImpl.java:101)
        at org.apache.hadoop.ipc.Server$Listener.run(Server.java:1358)
"075aeae4-9dac-4c28-be7c-8f8b2eb5b04f-server-thread3" daemon prio=5 tid=777 timed_waiting
java.lang.Thread.State: TIMED_WAITING
        at sun.misc.Unsafe.park(Native Method)
        at java.util.concurrent.locks.LockSupport.parkNanos(LockSupport.java:215)
        at java.util.concurrent.SynchronousQueue$TransferStack.awaitFulfill(SynchronousQueue.java:460)
        at java.util.concurrent.SynchronousQueue$TransferStack.transfer(SynchronousQueue.java:362)
        at java.util.concurrent.SynchronousQueue.poll(SynchronousQueue.java:941)
        at java.util.concurrent.ThreadPoolExecutor.getTask(ThreadPoolExecutor.java:1073)
        at java.util.concurrent.ThreadPoolExecutor.runWorker(ThreadPoolExecutor.java:1134)
        at java.util.concurrent.ThreadPoolExecutor$Worker.run(ThreadPoolExecutor.java:624)
        at java.lang.Thread.run(Thread.java:750)
"org.apache.hadoop.ozone.container.common.statemachine.commandhandler.DeleteBlocksCommandHandler$DeleteCmdWorker@2212c346" daemon prio=5 tid=172 timed_waiting
java.lang.Thread.State: TIMED_WAITING
        at java.lang.Thread.sleep(Native Method)
        at org.apache.hadoop.ozone.container.common.statemachine.commandhandler.DeleteBlocksCommandHandler$DeleteCmdWorker.run(DeleteBlocksCommandHandler.java:183)
        at java.lang.Thread.run(Thread.java:750)
"BlockDeletingService#2" daemon prio=5 tid=877 in Object.wait()
java.lang.Thread.State: WAITING (on object monitor)
        at sun.misc.Unsafe.park(Native Method)
        at java.util.concurrent.locks.LockSupport.park(LockSupport.java:175)
        at java.util.concurrent.locks.AbstractQueuedSynchronizer$ConditionObject.await(AbstractQueuedSynchronizer.java:2039)
        at java.util.concurrent.ScheduledThreadPoolExecutor$DelayedWorkQueue.take(ScheduledThreadPoolExecutor.java:1088)
        at java.util.concurrent.ScheduledThreadPoolExecutor$DelayedWorkQueue.take(ScheduledThreadPoolExecutor.java:809)
        at java.util.concurrent.ThreadPoolExecutor.getTask(ThreadPoolExecutor.java:1074)
        at java.util.concurrent.ThreadPoolExecutor.runWorker(ThreadPoolExecutor.java:1134)
        at java.util.concurrent.ThreadPoolExecutor$Worker.run(ThreadPoolExecutor.java:624)
        at java.lang.Thread.run(Thread.java:750)
"Datanode ReportManager Thread - 2" daemon prio=5 tid=292 in Object.wait()
java.lang.Thread.State: WAITING (on object monitor)
        at sun.misc.Unsafe.park(Native Method)
        at java.util.concurrent.locks.LockSupport.park(LockSupport.java:175)
        at java.util.concurrent.locks.AbstractQueuedSynchronizer$ConditionObject.await(AbstractQueuedSynchronizer.java:2039)
        at java.util.concurrent.ScheduledThreadPoolExecutor$DelayedWorkQueue.take(ScheduledThreadPoolExecutor.java:1088)
        at java.util.concurrent.ScheduledThreadPoolExecutor$DelayedWorkQueue.take(ScheduledThreadPoolExecutor.java:809)
        at java.util.concurrent.ThreadPoolExecutor.getTask(ThreadPoolExecutor.java:1074)
        at java.util.concurrent.ThreadPoolExecutor.runWorker(ThreadPoolExecutor.java:1134)
        at java.util.concurrent.ThreadPoolExecutor$Worker.run(ThreadPoolExecutor.java:624)
        at java.lang.Thread.run(Thread.java:750)
"6e54690b-befe-42c2-a4b7-a861f73b2b3f@group-9278B7B813B0-SegmentedRaftLogWorker"  prio=5 tid=607 timed_waiting
java.lang.Thread.State: TIMED_WAITING
        at sun.misc.Unsafe.park(Native Method)
        at java.util.concurrent.locks.LockSupport.parkNanos(LockSupport.java:215)
        at java.util.concurrent.locks.AbstractQueuedSynchronizer$ConditionObject.awaitNanos(AbstractQueuedSynchronizer.java:2078)
        at org.apache.ratis.util.DataBlockingQueue.poll(DataBlockingQueue.java:148)
        at org.apache.ratis.server.raftlog.segmented.SegmentedRaftLogWorker.run(SegmentedRaftLogWorker.java:310)
        at org.apache.ratis.server.raftlog.segmented.SegmentedRaftLogWorker$$Lambda$661/1174177291.run(Unknown Source)
        at java.lang.Thread.run(Thread.java:750)
"qtp1069632960-100" daemon prio=5 tid=100 runnable
java.lang.Thread.State: RUNNABLE
        at sun.nio.ch.EPollArrayWrapper.epollWait(Native Method)
        at sun.nio.ch.EPollArrayWrapper.poll(EPollArrayWrapper.java:269)
        at sun.nio.ch.EPollSelectorImpl.doSelect(EPollSelectorImpl.java:93)
        at sun.nio.ch.SelectorImpl.lockAndDoSelect(SelectorImpl.java:86)
        at sun.nio.ch.SelectorImpl.select(SelectorImpl.java:97)
        at sun.nio.ch.SelectorImpl.select(SelectorImpl.java:101)
        at org.eclipse.jetty.io.ManagedSelector.nioSelect(ManagedSelector.java:183)
        at org.eclipse.jetty.io.ManagedSelector.select(ManagedSelector.java:190)
        at org.eclipse.jetty.io.ManagedSelector$SelectorProducer.select(ManagedSelector.java:606)
        at org.eclipse.jetty.io.ManagedSelector$SelectorProducer.produce(ManagedSelector.java:543)
        at org.eclipse.jetty.util.thread.strategy.EatWhatYouKill.produceTask(EatWhatYouKill.java:362)
        at org.eclipse.jetty.util.thread.strategy.EatWhatYouKill.doProduce(EatWhatYouKill.java:186)
        at org.eclipse.jetty.util.thread.strategy.EatWhatYouKill.tryProduce(EatWhatYouKill.java:173)
        at org.eclipse.jetty.util.thread.strategy.EatWhatYouKill.produce(EatWhatYouKill.java:137)
        at org.eclipse.jetty.io.ManagedSelector$$Lambda$443/1703412736.run(Unknown Source)
        at org.eclipse.jetty.util.thread.QueuedThreadPool.runJob(QueuedThreadPool.java:883)
        at org.eclipse.jetty.util.thread.QueuedThreadPool$Runner.run(QueuedThreadPool.java:1034)
        at java.lang.Thread.run(Thread.java:750)
"6e54690b-befe-42c2-a4b7-a861f73b2b3f@group-D99577696E18->63ee6728-2597-4353-a315-509fdfe6db5e-GrpcLogAppender-LogAppenderDaemon" daemon prio=5 tid=732 timed_waiting
java.lang.Thread.State: TIMED_WAITING
        at sun.misc.Unsafe.park(Native Method)
        at java.util.concurrent.locks.LockSupport.parkNanos(LockSupport.java:215)
        at java.util.concurrent.CompletableFuture$Signaller.block(CompletableFuture.java:1709)
        at java.util.concurrent.ForkJoinPool.managedBlock(ForkJoinPool.java:3323)
        at java.util.concurrent.CompletableFuture.timedGet(CompletableFuture.java:1788)
        at java.util.concurrent.CompletableFuture.get(CompletableFuture.java:1928)
        at org.apache.ratis.util.AwaitForSignal.await(AwaitForSignal.java:56)
        at org.apache.ratis.grpc.server.GrpcLogAppender.mayWait(GrpcLogAppender.java:198)
        at org.apache.ratis.grpc.server.GrpcLogAppender.run(GrpcLogAppender.java:148)
        at org.apache.ratis.server.leader.LogAppenderDaemon.run(LogAppenderDaemon.java:78)
        at org.apache.ratis.server.leader.LogAppenderDaemon$$Lambda$1029/1859749780.run(Unknown Source)
        at java.lang.Thread.run(Thread.java:750)
"ChunkReader-4" daemon prio=5 tid=798 in Object.wait()
java.lang.Thread.State: WAITING (on object monitor)
        at sun.misc.Unsafe.park(Native Method)
        at java.util.concurrent.locks.LockSupport.park(LockSupport.java:175)
        at java.util.concurrent.locks.AbstractQueuedSynchronizer$ConditionObject.await(AbstractQueuedSynchronizer.java:2039)
        at java.util.concurrent.LinkedBlockingQueue.take(LinkedBlockingQueue.java:442)
        at java.util.concurrent.ThreadPoolExecutor.getTask(ThreadPoolExecutor.java:1074)
        at java.util.concurrent.ThreadPoolExecutor.runWorker(ThreadPoolExecutor.java:1134)
        at java.util.concurrent.ThreadPoolExecutor$Worker.run(ThreadPoolExecutor.java:624)
        at java.lang.Thread.run(Thread.java:750)
"IPC Server handler 5 on default port 34145" daemon prio=5 tid=149 timed_waiting
java.lang.Thread.State: TIMED_WAITING
        at sun.misc.Unsafe.park(Native Method)
        at java.util.concurrent.locks.LockSupport.parkNanos(LockSupport.java:215)
        at java.util.concurrent.locks.AbstractQueuedSynchronizer$ConditionObject.awaitNanos(AbstractQueuedSynchronizer.java:2078)
        at java.util.concurrent.LinkedBlockingQueue.poll(LinkedBlockingQueue.java:467)
        at org.apache.hadoop.ipc.CallQueueManager.take(CallQueueManager.java:317)
        at org.apache.hadoop.ipc.Server$Handler.run(Server.java:2942)
"Command processor thread" daemon prio=5 tid=424 timed_waiting
java.lang.Thread.State: TIMED_WAITING
        at java.lang.Thread.sleep(Native Method)
        at org.apache.hadoop.ozone.container.common.statemachine.DatanodeStateMachine.lambda$initCommandHandlerThread$3(DatanodeStateMachine.java:634)
        at org.apache.hadoop.ozone.container.common.statemachine.DatanodeStateMachine$$Lambda$747/814733902.run(Unknown Source)
        at java.lang.Thread.run(Thread.java:750)
"IPC Server handler 9 on default port 45633" daemon prio=5 tid=86 timed_waiting
java.lang.Thread.State: TIMED_WAITING
        at sun.misc.Unsafe.park(Native Method)
        at java.util.concurrent.locks.LockSupport.parkNanos(LockSupport.java:215)
        at java.util.concurrent.locks.AbstractQueuedSynchronizer$ConditionObject.awaitNanos(AbstractQueuedSynchronizer.java:2078)
        at java.util.concurrent.LinkedBlockingQueue.poll(LinkedBlockingQueue.java:467)
        at org.apache.hadoop.ipc.CallQueueManager.take(CallQueueManager.java:317)
        at org.apache.hadoop.ipc.Server$Handler.run(Server.java:2942)
"ChunkReader-ELG-0" daemon prio=5 tid=527 runnable
java.lang.Thread.State: RUNNABLE
        at org.apache.ratis.thirdparty.io.netty.channel.epoll.Native.epollWait0(Native Method)
        at org.apache.ratis.thirdparty.io.netty.channel.epoll.Native.epollWait(Native.java:182)
        at org.apache.ratis.thirdparty.io.netty.channel.epoll.EpollEventLoop.epollWait(EpollEventLoop.java:290)
        at org.apache.ratis.thirdparty.io.netty.channel.epoll.EpollEventLoop.run(EpollEventLoop.java:354)
        at org.apache.ratis.thirdparty.io.netty.util.concurrent.SingleThreadEventExecutor$4.run(SingleThreadEventExecutor.java:995)
        at org.apache.ratis.thirdparty.io.netty.util.internal.ThreadExecutorMap$2.run(ThreadExecutorMap.java:74)
        at java.lang.Thread.run(Thread.java:750)
"qtp536636072-141" daemon prio=5 tid=141 timed_waiting
java.lang.Thread.State: TIMED_WAITING
        at sun.misc.Unsafe.park(Native Method)
        at java.util.concurrent.locks.LockSupport.parkNanos(LockSupport.java:215)
        at java.util.concurrent.locks.AbstractQueuedSynchronizer$ConditionObject.awaitNanos(AbstractQueuedSynchronizer.java:2078)
        at org.eclipse.jetty.util.BlockingArrayQueue.poll(BlockingArrayQueue.java:382)
        at org.eclipse.jetty.util.thread.QueuedThreadPool$Runner.idleJobPoll(QueuedThreadPool.java:974)
        at org.eclipse.jetty.util.thread.QueuedThreadPool$Runner.run(QueuedThreadPool.java:1018)
        at java.lang.Thread.run(Thread.java:750)
"ChunkReader-0" daemon prio=5 tid=758 in Object.wait()
java.lang.Thread.State: WAITING (on object monitor)
        at sun.misc.Unsafe.park(Native Method)
        at java.util.concurrent.locks.LockSupport.park(LockSupport.java:175)
        at java.util.concurrent.locks.AbstractQueuedSynchronizer$ConditionObject.await(AbstractQueuedSynchronizer.java:2039)
        at java.util.concurrent.LinkedBlockingQueue.take(LinkedBlockingQueue.java:442)
        at java.util.concurrent.ThreadPoolExecutor.getTask(ThreadPoolExecutor.java:1074)
        at java.util.concurrent.ThreadPoolExecutor.runWorker(ThreadPoolExecutor.java:1134)
        at java.util.concurrent.ThreadPoolExecutor$Worker.run(ThreadPoolExecutor.java:624)
        at java.lang.Thread.run(Thread.java:750)
"Command processor thread" daemon prio=5 tid=462 timed_waiting
java.lang.Thread.State: TIMED_WAITING
        at java.lang.Thread.sleep(Native Method)
        at org.apache.hadoop.ozone.container.common.statemachine.DatanodeStateMachine.lambda$initCommandHandlerThread$3(DatanodeStateMachine.java:634)
        at org.apache.hadoop.ozone.container.common.statemachine.DatanodeStateMachine$$Lambda$747/814733902.run(Unknown Source)
        at java.lang.Thread.run(Thread.java:750)
"qtp143044035-255-acceptor-0@1fcbff4e-ServerConnector@11fe2600{HTTP/1.1, (http/1.1)}{0.0.0.0:37613}" daemon prio=3 tid=255 runnable
java.lang.Thread.State: RUNNABLE
        at sun.nio.ch.ServerSocketChannelImpl.accept0(Native Method)
        at sun.nio.ch.ServerSocketChannelImpl.accept(ServerSocketChannelImpl.java:421)
        at sun.nio.ch.ServerSocketChannelImpl.accept(ServerSocketChannelImpl.java:249)
        at org.eclipse.jetty.server.ServerConnector.accept(ServerConnector.java:388)
        at org.eclipse.jetty.server.AbstractConnector$Acceptor.run(AbstractConnector.java:702)
        at org.eclipse.jetty.util.thread.QueuedThreadPool.runJob(QueuedThreadPool.java:883)
        at org.eclipse.jetty.util.thread.QueuedThreadPool$Runner.run(QueuedThreadPool.java:1034)
        at java.lang.Thread.run(Thread.java:750)
"9befe131-ee01-45a3-b6b9-b3ceb7636d7b-server-thread2" daemon prio=5 tid=779 timed_waiting
java.lang.Thread.State: TIMED_WAITING
        at sun.misc.Unsafe.park(Native Method)
        at java.util.concurrent.locks.LockSupport.parkNanos(LockSupport.java:215)
        at java.util.concurrent.SynchronousQueue$TransferStack.awaitFulfill(SynchronousQueue.java:460)
        at java.util.concurrent.SynchronousQueue$TransferStack.transfer(SynchronousQueue.java:362)
        at java.util.concurrent.SynchronousQueue.poll(SynchronousQueue.java:941)
        at java.util.concurrent.ThreadPoolExecutor.getTask(ThreadPoolExecutor.java:1073)
        at java.util.concurrent.ThreadPoolExecutor.runWorker(ThreadPoolExecutor.java:1134)
        at java.util.concurrent.ThreadPoolExecutor$Worker.run(ThreadPoolExecutor.java:624)
        at java.lang.Thread.run(Thread.java:750)
"Periodic HDDS volume checker" daemon prio=5 tid=247 timed_waiting
java.lang.Thread.State: TIMED_WAITING
        at sun.misc.Unsafe.park(Native Method)
        at java.util.concurrent.locks.LockSupport.parkNanos(LockSupport.java:215)
        at java.util.concurrent.locks.AbstractQueuedSynchronizer$ConditionObject.awaitNanos(AbstractQueuedSynchronizer.java:2078)
        at java.util.concurrent.ScheduledThreadPoolExecutor$DelayedWorkQueue.take(ScheduledThreadPoolExecutor.java:1093)
        at java.util.concurrent.ScheduledThreadPoolExecutor$DelayedWorkQueue.take(ScheduledThreadPoolExecutor.java:809)
        at java.util.concurrent.ThreadPoolExecutor.getTask(ThreadPoolExecutor.java:1074)
        at java.util.concurrent.ThreadPoolExecutor.runWorker(ThreadPoolExecutor.java:1134)
        at java.util.concurrent.ThreadPoolExecutor$Worker.run(ThreadPoolExecutor.java:624)
        at java.lang.Thread.run(Thread.java:750)
"qtp1661816191-310" daemon prio=5 tid=310 timed_waiting
java.lang.Thread.State: TIMED_WAITING
        at sun.misc.Unsafe.park(Native Method)
        at java.util.concurrent.locks.LockSupport.parkNanos(LockSupport.java:215)
        at java.util.concurrent.locks.AbstractQueuedSynchronizer$ConditionObject.awaitNanos(AbstractQueuedSynchronizer.java:2078)
        at org.eclipse.jetty.util.BlockingArrayQueue.poll(BlockingArrayQueue.java:382)
        at org.eclipse.jetty.util.thread.QueuedThreadPool$Runner.idleJobPoll(QueuedThreadPool.java:974)
        at org.eclipse.jetty.util.thread.QueuedThreadPool$Runner.run(QueuedThreadPool.java:1018)
        at java.lang.Thread.run(Thread.java:750)
"Datanode State Machine Task Thread - 0"  prio=5 tid=297 in Object.wait()
java.lang.Thread.State: WAITING (on object monitor)
        at sun.misc.Unsafe.park(Native Method)
        at java.util.concurrent.locks.LockSupport.park(LockSupport.java:175)
        at java.util.concurrent.locks.AbstractQueuedSynchronizer$ConditionObject.await(AbstractQueuedSynchronizer.java:2039)
        at java.util.concurrent.LinkedBlockingQueue.take(LinkedBlockingQueue.java:442)
        at java.util.concurrent.ThreadPoolExecutor.getTask(ThreadPoolExecutor.java:1074)
        at java.util.concurrent.ThreadPoolExecutor.runWorker(ThreadPoolExecutor.java:1134)
        at java.util.concurrent.ThreadPoolExecutor$Worker.run(ThreadPoolExecutor.java:624)
        at java.lang.Thread.run(Thread.java:750)
"ChunkWriter-2-0" daemon prio=5 tid=512 in Object.wait()
java.lang.Thread.State: WAITING (on object monitor)
        at sun.misc.Unsafe.park(Native Method)
        at java.util.concurrent.locks.LockSupport.park(LockSupport.java:175)
        at java.util.concurrent.locks.AbstractQueuedSynchronizer$ConditionObject.await(AbstractQueuedSynchronizer.java:2039)
        at java.util.concurrent.LinkedBlockingDeque.takeFirst(LinkedBlockingDeque.java:492)
        at java.util.concurrent.LinkedBlockingDeque.take(LinkedBlockingDeque.java:680)
        at java.util.concurrent.ThreadPoolExecutor.getTask(ThreadPoolExecutor.java:1074)
        at java.util.concurrent.ThreadPoolExecutor.runWorker(ThreadPoolExecutor.java:1134)
        at java.util.concurrent.ThreadPoolExecutor$Worker.run(ThreadPoolExecutor.java:624)
        at java.lang.Thread.run(Thread.java:750)
"BackgroundPipelineScrubberThread" daemon prio=5 tid=16 timed_waiting
java.lang.Thread.State: TIMED_WAITING
        at java.lang.Object.wait(Native Method)
        at org.apache.hadoop.hdds.scm.ha.BackgroundSCMService.run(BackgroundSCMService.java:110)
        at org.apache.hadoop.hdds.scm.ha.BackgroundSCMService$$Lambda$374/192264336.run(Unknown Source)
        at java.lang.Thread.run(Thread.java:750)
"Periodic HDDS volume checker" daemon prio=5 tid=221 timed_waiting
java.lang.Thread.State: TIMED_WAITING
        at sun.misc.Unsafe.park(Native Method)
        at java.util.concurrent.locks.LockSupport.parkNanos(LockSupport.java:215)
        at java.util.concurrent.locks.AbstractQueuedSynchronizer$ConditionObject.awaitNanos(AbstractQueuedSynchronizer.java:2078)
        at java.util.concurrent.ScheduledThreadPoolExecutor$DelayedWorkQueue.take(ScheduledThreadPoolExecutor.java:1093)
        at java.util.concurrent.ScheduledThreadPoolExecutor$DelayedWorkQueue.take(ScheduledThreadPoolExecutor.java:809)
        at java.util.concurrent.ThreadPoolExecutor.getTask(ThreadPoolExecutor.java:1074)
        at java.util.concurrent.ThreadPoolExecutor.runWorker(ThreadPoolExecutor.java:1134)
        at java.util.concurrent.ThreadPoolExecutor$Worker.run(ThreadPoolExecutor.java:624)
        at java.lang.Thread.run(Thread.java:750)
"qtp536636072-137" daemon prio=5 tid=137 timed_waiting
java.lang.Thread.State: TIMED_WAITING
        at sun.misc.Unsafe.park(Native Method)
        at java.util.concurrent.locks.LockSupport.parkNanos(LockSupport.java:215)
        at java.util.concurrent.locks.AbstractQueuedSynchronizer$ConditionObject.awaitNanos(AbstractQueuedSynchronizer.java:2078)
        at org.eclipse.jetty.util.BlockingArrayQueue.poll(BlockingArrayQueue.java:382)
        at org.eclipse.jetty.util.thread.QueuedThreadPool$Runner.idleJobPoll(QueuedThreadPool.java:974)
        at org.eclipse.jetty.util.thread.QueuedThreadPool$Runner.run(QueuedThreadPool.java:1018)
        at java.lang.Thread.run(Thread.java:750)
"Datanode ReportManager Thread - 1" daemon prio=5 tid=346 in Object.wait()
java.lang.Thread.State: WAITING (on object monitor)
        at sun.misc.Unsafe.park(Native Method)
        at java.util.concurrent.locks.LockSupport.park(LockSupport.java:175)
        at java.util.concurrent.locks.AbstractQueuedSynchronizer$ConditionObject.await(AbstractQueuedSynchronizer.java:2039)
        at java.util.concurrent.ScheduledThreadPoolExecutor$DelayedWorkQueue.take(ScheduledThreadPoolExecutor.java:1088)
        at java.util.concurrent.ScheduledThreadPoolExecutor$DelayedWorkQueue.take(ScheduledThreadPoolExecutor.java:809)
        at java.util.concurrent.ThreadPoolExecutor.getTask(ThreadPoolExecutor.java:1074)
        at java.util.concurrent.ThreadPoolExecutor.runWorker(ThreadPoolExecutor.java:1134)
        at java.util.concurrent.ThreadPoolExecutor$Worker.run(ThreadPoolExecutor.java:624)
        at java.lang.Thread.run(Thread.java:750)
"qtp1139195831-416" daemon prio=5 tid=416 timed_waiting
java.lang.Thread.State: TIMED_WAITING
        at sun.misc.Unsafe.park(Native Method)
        at java.util.concurrent.locks.LockSupport.parkNanos(LockSupport.java:215)
        at java.util.concurrent.locks.AbstractQueuedSynchronizer$ConditionObject.awaitNanos(AbstractQueuedSynchronizer.java:2078)
        at org.eclipse.jetty.util.BlockingArrayQueue.poll(BlockingArrayQueue.java:382)
        at org.eclipse.jetty.util.thread.QueuedThreadPool$Runner.idleJobPoll(QueuedThreadPool.java:974)
        at org.eclipse.jetty.util.thread.QueuedThreadPool$Runner.run(QueuedThreadPool.java:1018)
        at java.lang.Thread.run(Thread.java:750)
"FixedThreadPoolWithAffinityExecutor-0-0" daemon prio=5 tid=559 in Object.wait()
java.lang.Thread.State: WAITING (on object monitor)
        at sun.misc.Unsafe.park(Native Method)
        at java.util.concurrent.locks.LockSupport.park(LockSupport.java:175)
        at java.util.concurrent.locks.AbstractQueuedSynchronizer$ConditionObject.await(AbstractQueuedSynchronizer.java:2039)
        at java.util.concurrent.LinkedBlockingDeque.takeFirst(LinkedBlockingDeque.java:492)
        at java.util.concurrent.LinkedBlockingDeque.take(LinkedBlockingDeque.java:680)
        at java.util.concurrent.ThreadPoolExecutor.getTask(ThreadPoolExecutor.java:1074)
        at java.util.concurrent.ThreadPoolExecutor.runWorker(ThreadPoolExecutor.java:1134)
        at java.util.concurrent.ThreadPoolExecutor$Worker.run(ThreadPoolExecutor.java:624)
        at java.lang.Thread.run(Thread.java:750)
"IPC Server handler 14 on default port 45633" daemon prio=5 tid=91 timed_waiting
java.lang.Thread.State: TIMED_WAITING
        at sun.misc.Unsafe.park(Native Method)
        at java.util.concurrent.locks.LockSupport.parkNanos(LockSupport.java:215)
        at java.util.concurrent.locks.AbstractQueuedSynchronizer$ConditionObject.awaitNanos(AbstractQueuedSynchronizer.java:2078)
        at java.util.concurrent.LinkedBlockingQueue.poll(LinkedBlockingQueue.java:467)
        at org.apache.hadoop.ipc.CallQueueManager.take(CallQueueManager.java:317)
        at org.apache.hadoop.ipc.Server$Handler.run(Server.java:2942)
"7c8777a1-edfb-4633-85a4-b901f2ed1d17@group-5DBD8395D328-StateMachineUpdater" daemon prio=5 tid=643 timed_waiting
java.lang.Thread.State: TIMED_WAITING
        at sun.misc.Unsafe.park(Native Method)
        at java.util.concurrent.locks.LockSupport.parkNanos(LockSupport.java:215)
        at java.util.concurrent.CompletableFuture$Signaller.block(CompletableFuture.java:1709)
        at java.util.concurrent.ForkJoinPool.managedBlock(ForkJoinPool.java:3323)
        at java.util.concurrent.CompletableFuture.timedGet(CompletableFuture.java:1788)
        at java.util.concurrent.CompletableFuture.get(CompletableFuture.java:1928)
        at org.apache.ratis.util.AwaitForSignal.await(AwaitForSignal.java:56)
        at org.apache.ratis.server.impl.StateMachineUpdater.waitForCommit(StateMachineUpdater.java:207)
        at org.apache.ratis.server.impl.StateMachineUpdater.run(StateMachineUpdater.java:176)
        at java.lang.Thread.run(Thread.java:750)
"ChunkWriter-0-0" daemon prio=5 tid=491 in Object.wait()
java.lang.Thread.State: WAITING (on object monitor)
        at sun.misc.Unsafe.park(Native Method)
        at java.util.concurrent.locks.LockSupport.park(LockSupport.java:175)
        at java.util.concurrent.locks.AbstractQueuedSynchronizer$ConditionObject.await(AbstractQueuedSynchronizer.java:2039)
        at java.util.concurrent.LinkedBlockingDeque.takeFirst(LinkedBlockingDeque.java:492)
        at java.util.concurrent.LinkedBlockingDeque.take(LinkedBlockingDeque.java:680)
        at java.util.concurrent.ThreadPoolExecutor.getTask(ThreadPoolExecutor.java:1074)
        at java.util.concurrent.ThreadPoolExecutor.runWorker(ThreadPoolExecutor.java:1134)
        at java.util.concurrent.ThreadPoolExecutor$Worker.run(ThreadPoolExecutor.java:624)
        at java.lang.Thread.run(Thread.java:750)
"qtp1057102665-235" daemon prio=5 tid=235 timed_waiting
java.lang.Thread.State: TIMED_WAITING
        at sun.misc.Unsafe.park(Native Method)
        at java.util.concurrent.locks.LockSupport.parkNanos(LockSupport.java:215)
        at java.util.concurrent.locks.AbstractQueuedSynchronizer$ConditionObject.awaitNanos(AbstractQueuedSynchronizer.java:2078)
        at org.eclipse.jetty.util.BlockingArrayQueue.poll(BlockingArrayQueue.java:382)
        at org.eclipse.jetty.util.thread.QueuedThreadPool$Runner.idleJobPoll(QueuedThreadPool.java:974)
        at org.eclipse.jetty.util.thread.QueuedThreadPool$Runner.run(QueuedThreadPool.java:1018)
        at java.lang.Thread.run(Thread.java:750)
"Datanode ReportManager Thread - 2" daemon prio=5 tid=421 in Object.wait()
java.lang.Thread.State: WAITING (on object monitor)
        at sun.misc.Unsafe.park(Native Method)
        at java.util.concurrent.locks.LockSupport.park(LockSupport.java:175)
        at java.util.concurrent.locks.AbstractQueuedSynchronizer$ConditionObject.await(AbstractQueuedSynchronizer.java:2039)
        at java.util.concurrent.ScheduledThreadPoolExecutor$DelayedWorkQueue.take(ScheduledThreadPoolExecutor.java:1088)
        at java.util.concurrent.ScheduledThreadPoolExecutor$DelayedWorkQueue.take(ScheduledThreadPoolExecutor.java:809)
        at java.util.concurrent.ThreadPoolExecutor.getTask(ThreadPoolExecutor.java:1074)
        at java.util.concurrent.ThreadPoolExecutor.runWorker(ThreadPoolExecutor.java:1134)
        at java.util.concurrent.ThreadPoolExecutor$Worker.run(ThreadPoolExecutor.java:624)
        at java.lang.Thread.run(Thread.java:750)
"org.apache.hadoop.ozone.container.common.statemachine.commandhandler.DeleteBlocksCommandHandler$DeleteCmdWorker@7eecccfb" daemon prio=5 tid=330 timed_waiting
java.lang.Thread.State: TIMED_WAITING
        at java.lang.Thread.sleep(Native Method)
        at org.apache.hadoop.ozone.container.common.statemachine.commandhandler.DeleteBlocksCommandHandler$DeleteCmdWorker.run(DeleteBlocksCommandHandler.java:183)
        at java.lang.Thread.run(Thread.java:750)
"63ee6728-2597-4353-a315-509fdfe6db5e@group-9278B7B813B0->6e54690b-befe-42c2-a4b7-a861f73b2b3f-GrpcLogAppender-LogAppenderDaemon" daemon prio=5 tid=858 timed_waiting
java.lang.Thread.State: TIMED_WAITING
        at sun.misc.Unsafe.park(Native Method)
        at java.util.concurrent.locks.LockSupport.parkNanos(LockSupport.java:215)
        at java.util.concurrent.CompletableFuture$Signaller.block(CompletableFuture.java:1709)
        at java.util.concurrent.ForkJoinPool.managedBlock(ForkJoinPool.java:3323)
        at java.util.concurrent.CompletableFuture.timedGet(CompletableFuture.java:1788)
        at java.util.concurrent.CompletableFuture.get(CompletableFuture.java:1928)
        at org.apache.ratis.util.AwaitForSignal.await(AwaitForSignal.java:56)
        at org.apache.ratis.grpc.server.GrpcLogAppender.mayWait(GrpcLogAppender.java:198)
        at org.apache.ratis.grpc.server.GrpcLogAppender.run(GrpcLogAppender.java:148)
        at org.apache.ratis.server.leader.LogAppenderDaemon.run(LogAppenderDaemon.java:78)
        at org.apache.ratis.server.leader.LogAppenderDaemon$$Lambda$1029/1859749780.run(Unknown Source)
        at java.lang.Thread.run(Thread.java:750)
"qtp1473080868-444" daemon prio=5 tid=444 timed_waiting
java.lang.Thread.State: TIMED_WAITING
        at sun.misc.Unsafe.park(Native Method)
        at java.util.concurrent.locks.LockSupport.parkNanos(LockSupport.java:215)
        at java.util.concurrent.locks.AbstractQueuedSynchronizer$ConditionObject.awaitNanos(AbstractQueuedSynchronizer.java:2078)
        at org.eclipse.jetty.util.BlockingArrayQueue.poll(BlockingArrayQueue.java:382)
        at org.eclipse.jetty.util.thread.QueuedThreadPool$Runner.idleJobPoll(QueuedThreadPool.java:974)
        at org.eclipse.jetty.util.thread.QueuedThreadPool$Runner.run(QueuedThreadPool.java:1018)
        at java.lang.Thread.run(Thread.java:750)
"IPC Server idle connection scanner for port 45015" daemon prio=5 tid=29 timed_waiting
java.lang.Thread.State: TIMED_WAITING
        at java.lang.Object.wait(Native Method)
        at java.util.TimerThread.mainLoop(Timer.java:552)
        at java.util.TimerThread.run(Timer.java:505)
"EventQueue-NodeRegistrationContainerReportForDataNodeSafeModeRule" daemon prio=5 tid=503 in Object.wait()
java.lang.Thread.State: WAITING (on object monitor)
        at sun.misc.Unsafe.park(Native Method)
        at java.util.concurrent.locks.LockSupport.park(LockSupport.java:175)
        at java.util.concurrent.locks.AbstractQueuedSynchronizer$ConditionObject.await(AbstractQueuedSynchronizer.java:2039)
        at java.util.concurrent.LinkedBlockingQueue.take(LinkedBlockingQueue.java:442)
        at java.util.concurrent.ThreadPoolExecutor.getTask(ThreadPoolExecutor.java:1074)
        at java.util.concurrent.ThreadPoolExecutor.runWorker(ThreadPoolExecutor.java:1134)
        at java.util.concurrent.ThreadPoolExecutor$Worker.run(ThreadPoolExecutor.java:624)
        at java.lang.Thread.run(Thread.java:750)
"qtp1473080868-442" daemon prio=5 tid=442 timed_waiting
java.lang.Thread.State: TIMED_WAITING
        at sun.misc.Unsafe.park(Native Method)
        at java.util.concurrent.locks.LockSupport.parkNanos(LockSupport.java:215)
        at java.util.concurrent.locks.AbstractQueuedSynchronizer$ConditionObject.awaitNanos(AbstractQueuedSynchronizer.java:2078)
        at org.eclipse.jetty.util.BlockingArrayQueue.poll(BlockingArrayQueue.java:382)
        at org.eclipse.jetty.util.thread.QueuedThreadPool$Runner.idleJobPoll(QueuedThreadPool.java:974)
        at org.eclipse.jetty.util.thread.QueuedThreadPool$Runner.run(QueuedThreadPool.java:1018)
        at java.lang.Thread.run(Thread.java:750)
"org.apache.hadoop.ozone.container.common.statemachine.commandhandler.DeleteBlocksCommandHandler$DeleteCmdWorker@230d305e" daemon prio=5 tid=435 timed_waiting
java.lang.Thread.State: TIMED_WAITING
        at java.lang.Thread.sleep(Native Method)
        at org.apache.hadoop.ozone.container.common.statemachine.commandhandler.DeleteBlocksCommandHandler$DeleteCmdWorker.run(DeleteBlocksCommandHandler.java:183)
        at java.lang.Thread.run(Thread.java:750)
"qtp1057102665-234" daemon prio=5 tid=234 timed_waiting
java.lang.Thread.State: TIMED_WAITING
        at sun.misc.Unsafe.park(Native Method)
        at java.util.concurrent.locks.LockSupport.parkNanos(LockSupport.java:215)
        at java.util.concurrent.locks.AbstractQueuedSynchronizer$ConditionObject.awaitNanos(AbstractQueuedSynchronizer.java:2078)
        at org.eclipse.jetty.util.BlockingArrayQueue.poll(BlockingArrayQueue.java:382)
        at org.eclipse.jetty.util.thread.QueuedThreadPool$Runner.idleJobPoll(QueuedThreadPool.java:974)
        at org.eclipse.jetty.util.thread.QueuedThreadPool$Runner.run(QueuedThreadPool.java:1018)
        at java.lang.Thread.run(Thread.java:750)
"IPC Server handler 15 on default port 45633" daemon prio=5 tid=92 timed_waiting
java.lang.Thread.State: TIMED_WAITING
        at sun.misc.Unsafe.park(Native Method)
        at java.util.concurrent.locks.LockSupport.parkNanos(LockSupport.java:215)
        at java.util.concurrent.locks.AbstractQueuedSynchronizer$ConditionObject.awaitNanos(AbstractQueuedSynchronizer.java:2078)
        at java.util.concurrent.LinkedBlockingQueue.poll(LinkedBlockingQueue.java:467)
        at org.apache.hadoop.ipc.CallQueueManager.take(CallQueueManager.java:317)
        at org.apache.hadoop.ipc.Server$Handler.run(Server.java:2942)
"BlockDeletingService#2" daemon prio=5 tid=881 in Object.wait()
java.lang.Thread.State: WAITING (on object monitor)
        at sun.misc.Unsafe.park(Native Method)
        at java.util.concurrent.locks.LockSupport.park(LockSupport.java:175)
        at java.util.concurrent.locks.AbstractQueuedSynchronizer$ConditionObject.await(AbstractQueuedSynchronizer.java:2039)
        at java.util.concurrent.ScheduledThreadPoolExecutor$DelayedWorkQueue.take(ScheduledThreadPoolExecutor.java:1088)
        at java.util.concurrent.ScheduledThreadPoolExecutor$DelayedWorkQueue.take(ScheduledThreadPoolExecutor.java:809)
        at java.util.concurrent.ThreadPoolExecutor.getTask(ThreadPoolExecutor.java:1074)
        at java.util.concurrent.ThreadPoolExecutor.runWorker(ThreadPoolExecutor.java:1134)
        at java.util.concurrent.ThreadPoolExecutor$Worker.run(ThreadPoolExecutor.java:624)
        at java.lang.Thread.run(Thread.java:750)
"pool-246-thread-1"  prio=5 tid=370 timed_waiting
java.lang.Thread.State: TIMED_WAITING
        at sun.misc.Unsafe.park(Native Method)
        at java.util.concurrent.locks.LockSupport.parkNanos(LockSupport.java:215)
        at java.util.concurrent.locks.AbstractQueuedSynchronizer$ConditionObject.awaitNanos(AbstractQueuedSynchronizer.java:2078)
        at java.util.concurrent.ScheduledThreadPoolExecutor$DelayedWorkQueue.take(ScheduledThreadPoolExecutor.java:1093)
        at java.util.concurrent.ScheduledThreadPoolExecutor$DelayedWorkQueue.take(ScheduledThreadPoolExecutor.java:809)
        at java.util.concurrent.ThreadPoolExecutor.getTask(ThreadPoolExecutor.java:1074)
        at java.util.concurrent.ThreadPoolExecutor.runWorker(ThreadPoolExecutor.java:1134)
        at java.util.concurrent.ThreadPoolExecutor$Worker.run(ThreadPoolExecutor.java:624)
        at java.lang.Thread.run(Thread.java:750)
"6e54690b-befe-42c2-a4b7-a861f73b2b3f@group-D15EFCC0BBCA-LeaderStateImpl" daemon prio=5 tid=716 timed_waiting
java.lang.Thread.State: TIMED_WAITING
        at sun.misc.Unsafe.park(Native Method)
        at java.util.concurrent.locks.LockSupport.parkNanos(LockSupport.java:215)
        at java.util.concurrent.locks.AbstractQueuedSynchronizer$ConditionObject.awaitNanos(AbstractQueuedSynchronizer.java:2078)
        at java.util.concurrent.ArrayBlockingQueue.poll(ArrayBlockingQueue.java:418)
        at org.apache.ratis.server.impl.LeaderStateImpl$EventQueue.poll(LeaderStateImpl.java:159)
        at org.apache.ratis.server.impl.LeaderStateImpl$EventProcessor.run(LeaderStateImpl.java:630)
"org.apache.hadoop.ozone.container.common.statemachine.commandhandler.DeleteBlocksCommandHandler$DeleteCmdWorker@29c8a177" daemon prio=5 tid=226 timed_waiting
java.lang.Thread.State: TIMED_WAITING
        at java.lang.Thread.sleep(Native Method)
        at org.apache.hadoop.ozone.container.common.statemachine.commandhandler.DeleteBlocksCommandHandler$DeleteCmdWorker.run(DeleteBlocksCommandHandler.java:183)
        at java.lang.Thread.run(Thread.java:750)
"timer6" daemon prio=5 tid=735 timed_waiting
java.lang.Thread.State: TIMED_WAITING
        at java.lang.Object.wait(Native Method)
        at java.util.TimerThread.mainLoop(Timer.java:552)
        at java.util.TimerThread.run(Timer.java:505)
"ChunkWriter-1-0" daemon prio=5 tid=523 in Object.wait()
java.lang.Thread.State: WAITING (on object monitor)
        at sun.misc.Unsafe.park(Native Method)
        at java.util.concurrent.locks.LockSupport.park(LockSupport.java:175)
        at java.util.concurrent.locks.AbstractQueuedSynchronizer$ConditionObject.await(AbstractQueuedSynchronizer.java:2039)
        at java.util.concurrent.LinkedBlockingDeque.takeFirst(LinkedBlockingDeque.java:492)
        at java.util.concurrent.LinkedBlockingDeque.take(LinkedBlockingDeque.java:680)
        at java.util.concurrent.ThreadPoolExecutor.getTask(ThreadPoolExecutor.java:1074)
        at java.util.concurrent.ThreadPoolExecutor.runWorker(ThreadPoolExecutor.java:1134)
        at java.util.concurrent.ThreadPoolExecutor$Worker.run(ThreadPoolExecutor.java:624)
        at java.lang.Thread.run(Thread.java:750)
"Session-HouseKeeper-58703290-1"  prio=5 tid=182 timed_waiting
java.lang.Thread.State: TIMED_WAITING
        at sun.misc.Unsafe.park(Native Method)
        at java.util.concurrent.locks.LockSupport.parkNanos(LockSupport.java:215)
        at java.util.concurrent.locks.AbstractQueuedSynchronizer$ConditionObject.awaitNanos(AbstractQueuedSynchronizer.java:2078)
        at java.util.concurrent.ScheduledThreadPoolExecutor$DelayedWorkQueue.take(ScheduledThreadPoolExecutor.java:1093)
        at java.util.concurrent.ScheduledThreadPoolExecutor$DelayedWorkQueue.take(ScheduledThreadPoolExecutor.java:809)
        at java.util.concurrent.ThreadPoolExecutor.getTask(ThreadPoolExecutor.java:1074)
        at java.util.concurrent.ThreadPoolExecutor.runWorker(ThreadPoolExecutor.java:1134)
        at java.util.concurrent.ThreadPoolExecutor$Worker.run(ThreadPoolExecutor.java:624)
        at java.lang.Thread.run(Thread.java:750)
"IPC Server handler 9 on default port 45703" daemon prio=5 tid=46 timed_waiting
java.lang.Thread.State: TIMED_WAITING
        at sun.misc.Unsafe.park(Native Method)
        at java.util.concurrent.locks.LockSupport.parkNanos(LockSupport.java:215)
        at java.util.concurrent.locks.AbstractQueuedSynchronizer$ConditionObject.awaitNanos(AbstractQueuedSynchronizer.java:2078)
        at java.util.concurrent.LinkedBlockingQueue.poll(LinkedBlockingQueue.java:467)
        at org.apache.hadoop.ipc.CallQueueManager.take(CallQueueManager.java:317)
        at org.apache.hadoop.ipc.Server$Handler.run(Server.java:2942)
"Periodic HDDS volume checker" daemon prio=5 tid=299 timed_waiting
java.lang.Thread.State: TIMED_WAITING
        at sun.misc.Unsafe.park(Native Method)
        at java.util.concurrent.locks.LockSupport.parkNanos(LockSupport.java:215)
        at java.util.concurrent.locks.AbstractQueuedSynchronizer$ConditionObject.awaitNanos(AbstractQueuedSynchronizer.java:2078)
        at java.util.concurrent.ScheduledThreadPoolExecutor$DelayedWorkQueue.take(ScheduledThreadPoolExecutor.java:1093)
        at java.util.concurrent.ScheduledThreadPoolExecutor$DelayedWorkQueue.take(ScheduledThreadPoolExecutor.java:809)
        at java.util.concurrent.ThreadPoolExecutor.getTask(ThreadPoolExecutor.java:1074)
        at java.util.concurrent.ThreadPoolExecutor.runWorker(ThreadPoolExecutor.java:1134)
        at java.util.concurrent.ThreadPoolExecutor$Worker.run(ThreadPoolExecutor.java:624)
        at java.lang.Thread.run(Thread.java:750)
"63ee6728-2597-4353-a315-509fdfe6db5e@group-060300A70C6B-LeaderStateImpl" daemon prio=5 tid=754 timed_waiting
java.lang.Thread.State: TIMED_WAITING
        at sun.misc.Unsafe.park(Native Method)
        at java.util.concurrent.locks.LockSupport.parkNanos(LockSupport.java:215)
        at java.util.concurrent.locks.AbstractQueuedSynchronizer$ConditionObject.awaitNanos(AbstractQueuedSynchronizer.java:2078)
        at java.util.concurrent.ArrayBlockingQueue.poll(ArrayBlockingQueue.java:418)
        at org.apache.ratis.server.impl.LeaderStateImpl$EventQueue.poll(LeaderStateImpl.java:159)
        at org.apache.ratis.server.impl.LeaderStateImpl$EventProcessor.run(LeaderStateImpl.java:630)
"ChunkWriter-3-0" daemon prio=5 tid=482 in Object.wait()
java.lang.Thread.State: WAITING (on object monitor)
        at sun.misc.Unsafe.park(Native Method)
        at java.util.concurrent.locks.LockSupport.park(LockSupport.java:175)
        at java.util.concurrent.locks.AbstractQueuedSynchronizer$ConditionObject.await(AbstractQueuedSynchronizer.java:2039)
        at java.util.concurrent.LinkedBlockingDeque.takeFirst(LinkedBlockingDeque.java:492)
        at java.util.concurrent.LinkedBlockingDeque.take(LinkedBlockingDeque.java:680)
        at java.util.concurrent.ThreadPoolExecutor.getTask(ThreadPoolExecutor.java:1074)
        at java.util.concurrent.ThreadPoolExecutor.runWorker(ThreadPoolExecutor.java:1134)
        at java.util.concurrent.ThreadPoolExecutor$Worker.run(ThreadPoolExecutor.java:624)
        at java.lang.Thread.run(Thread.java:750)
"7c8777a1-edfb-4633-85a4-b901f2ed1d17@group-5DBD8395D328-LeaderStateImpl" daemon prio=5 tid=768 timed_waiting
java.lang.Thread.State: TIMED_WAITING
        at sun.misc.Unsafe.park(Native Method)
        at java.util.concurrent.locks.LockSupport.parkNanos(LockSupport.java:215)
        at java.util.concurrent.locks.AbstractQueuedSynchronizer$ConditionObject.awaitNanos(AbstractQueuedSynchronizer.java:2078)
        at java.util.concurrent.ArrayBlockingQueue.poll(ArrayBlockingQueue.java:418)
        at org.apache.ratis.server.impl.LeaderStateImpl$EventQueue.poll(LeaderStateImpl.java:159)
        at org.apache.ratis.server.impl.LeaderStateImpl$EventProcessor.run(LeaderStateImpl.java:630)
"Socket Reader #1 for port 0"  prio=5 tid=28 runnable
java.lang.Thread.State: RUNNABLE
        at sun.nio.ch.EPollArrayWrapper.epollWait(Native Method)
        at sun.nio.ch.EPollArrayWrapper.poll(EPollArrayWrapper.java:269)
        at sun.nio.ch.EPollSelectorImpl.doSelect(EPollSelectorImpl.java:93)
        at sun.nio.ch.SelectorImpl.lockAndDoSelect(SelectorImpl.java:86)
        at sun.nio.ch.SelectorImpl.select(SelectorImpl.java:97)
        at sun.nio.ch.SelectorImpl.select(SelectorImpl.java:101)
        at org.apache.hadoop.ipc.Server$Listener$Reader.doRunLoop(Server.java:1296)
        at org.apache.hadoop.ipc.Server$Listener$Reader.run(Server.java:1275)
"qtp715406126-339" daemon prio=5 tid=339 timed_waiting
java.lang.Thread.State: TIMED_WAITING
        at sun.misc.Unsafe.park(Native Method)
        at java.util.concurrent.locks.LockSupport.parkNanos(LockSupport.java:215)
        at java.util.concurrent.locks.AbstractQueuedSynchronizer$ConditionObject.awaitNanos(AbstractQueuedSynchronizer.java:2078)
        at org.eclipse.jetty.util.BlockingArrayQueue.poll(BlockingArrayQueue.java:382)
        at org.eclipse.jetty.util.thread.QueuedThreadPool$Runner.idleJobPoll(QueuedThreadPool.java:974)
        at org.eclipse.jetty.util.thread.QueuedThreadPool$Runner.run(QueuedThreadPool.java:1018)
        at java.lang.Thread.run(Thread.java:750)
"IPC Server handler 1 on default port 34145" daemon prio=5 tid=145 timed_waiting
java.lang.Thread.State: TIMED_WAITING
        at sun.misc.Unsafe.park(Native Method)
        at java.util.concurrent.locks.LockSupport.parkNanos(LockSupport.java:215)
        at java.util.concurrent.locks.AbstractQueuedSynchronizer$ConditionObject.awaitNanos(AbstractQueuedSynchronizer.java:2078)
        at java.util.concurrent.LinkedBlockingQueue.poll(LinkedBlockingQueue.java:467)
        at org.apache.hadoop.ipc.CallQueueManager.take(CallQueueManager.java:317)
        at org.apache.hadoop.ipc.Server$Handler.run(Server.java:2942)
"qtp536636072-140" daemon prio=5 tid=140 timed_waiting
java.lang.Thread.State: TIMED_WAITING
        at sun.misc.Unsafe.park(Native Method)
        at java.util.concurrent.locks.LockSupport.parkNanos(LockSupport.java:215)
        at java.util.concurrent.locks.AbstractQueuedSynchronizer$ConditionObject.awaitNanos(AbstractQueuedSynchronizer.java:2078)
        at org.eclipse.jetty.util.BlockingArrayQueue.poll(BlockingArrayQueue.java:382)
        at org.eclipse.jetty.util.thread.QueuedThreadPool$Runner.idleJobPoll(QueuedThreadPool.java:974)
        at org.eclipse.jetty.util.thread.QueuedThreadPool$Runner.run(QueuedThreadPool.java:1018)
        at java.lang.Thread.run(Thread.java:750)
"075aeae4-9dac-4c28-be7c-8f8b2eb5b04f@group-0DB650E5D1BF-SegmentedRaftLogWorker"  prio=5 tid=665 timed_waiting
java.lang.Thread.State: TIMED_WAITING
        at sun.misc.Unsafe.park(Native Method)
        at java.util.concurrent.locks.LockSupport.parkNanos(LockSupport.java:215)
        at java.util.concurrent.locks.AbstractQueuedSynchronizer$ConditionObject.awaitNanos(AbstractQueuedSynchronizer.java:2078)
        at org.apache.ratis.util.DataBlockingQueue.poll(DataBlockingQueue.java:148)
        at org.apache.ratis.server.raftlog.segmented.SegmentedRaftLogWorker.run(SegmentedRaftLogWorker.java:310)
        at org.apache.ratis.server.raftlog.segmented.SegmentedRaftLogWorker$$Lambda$661/1174177291.run(Unknown Source)
        at java.lang.Thread.run(Thread.java:750)
"Datanode ReportManager Thread - 3" daemon prio=5 tid=293 in Object.wait()
java.lang.Thread.State: WAITING (on object monitor)
        at sun.misc.Unsafe.park(Native Method)
        at java.util.concurrent.locks.LockSupport.park(LockSupport.java:175)
        at java.util.concurrent.locks.AbstractQueuedSynchronizer$ConditionObject.await(AbstractQueuedSynchronizer.java:2039)
        at java.util.concurrent.ScheduledThreadPoolExecutor$DelayedWorkQueue.take(ScheduledThreadPoolExecutor.java:1088)
        at java.util.concurrent.ScheduledThreadPoolExecutor$DelayedWorkQueue.take(ScheduledThreadPoolExecutor.java:809)
        at java.util.concurrent.ThreadPoolExecutor.getTask(ThreadPoolExecutor.java:1074)
        at java.util.concurrent.ThreadPoolExecutor.runWorker(ThreadPoolExecutor.java:1134)
        at java.util.concurrent.ThreadPoolExecutor$Worker.run(ThreadPoolExecutor.java:624)
        at java.lang.Thread.run(Thread.java:750)
"qtp651614956-280" daemon prio=5 tid=280 runnable
java.lang.Thread.State: RUNNABLE
        at sun.nio.ch.EPollArrayWrapper.epollWait(Native Method)
        at sun.nio.ch.EPollArrayWrapper.poll(EPollArrayWrapper.java:269)
        at sun.nio.ch.EPollSelectorImpl.doSelect(EPollSelectorImpl.java:93)
        at sun.nio.ch.SelectorImpl.lockAndDoSelect(SelectorImpl.java:86)
        at sun.nio.ch.SelectorImpl.select(SelectorImpl.java:97)
        at sun.nio.ch.SelectorImpl.select(SelectorImpl.java:101)
        at org.eclipse.jetty.io.ManagedSelector.nioSelect(ManagedSelector.java:183)
        at org.eclipse.jetty.io.ManagedSelector.select(ManagedSelector.java:190)
        at org.eclipse.jetty.io.ManagedSelector$SelectorProducer.select(ManagedSelector.java:606)
        at org.eclipse.jetty.io.ManagedSelector$SelectorProducer.produce(ManagedSelector.java:543)
        at org.eclipse.jetty.util.thread.strategy.EatWhatYouKill.produceTask(EatWhatYouKill.java:362)
        at org.eclipse.jetty.util.thread.strategy.EatWhatYouKill.doProduce(EatWhatYouKill.java:186)
        at org.eclipse.jetty.util.thread.strategy.EatWhatYouKill.tryProduce(EatWhatYouKill.java:173)
        at org.eclipse.jetty.util.thread.strategy.EatWhatYouKill.produce(EatWhatYouKill.java:137)
        at org.eclipse.jetty.io.ManagedSelector$$Lambda$443/1703412736.run(Unknown Source)
        at org.eclipse.jetty.util.thread.QueuedThreadPool.runJob(QueuedThreadPool.java:883)
        at org.eclipse.jetty.util.thread.QueuedThreadPool$Runner.run(QueuedThreadPool.java:1034)
        at java.lang.Thread.run(Thread.java:750)
"IPC Server handler 17 on default port 45015" daemon prio=5 tid=74 timed_waiting
java.lang.Thread.State: TIMED_WAITING
        at sun.misc.Unsafe.park(Native Method)
        at java.util.concurrent.locks.LockSupport.parkNanos(LockSupport.java:215)
        at java.util.concurrent.locks.AbstractQueuedSynchronizer$ConditionObject.awaitNanos(AbstractQueuedSynchronizer.java:2078)
        at java.util.concurrent.LinkedBlockingQueue.poll(LinkedBlockingQueue.java:467)
        at org.apache.hadoop.ipc.CallQueueManager.take(CallQueueManager.java:317)
        at org.apache.hadoop.ipc.Server$Handler.run(Server.java:2942)
"7c8777a1-edfb-4633-85a4-b901f2ed1d17-server-thread3" daemon prio=5 tid=844 timed_waiting
java.lang.Thread.State: TIMED_WAITING
        at sun.misc.Unsafe.park(Native Method)
        at java.util.concurrent.locks.LockSupport.parkNanos(LockSupport.java:215)
        at java.util.concurrent.SynchronousQueue$TransferStack.awaitFulfill(SynchronousQueue.java:460)
        at java.util.concurrent.SynchronousQueue$TransferStack.transfer(SynchronousQueue.java:362)
        at java.util.concurrent.SynchronousQueue.poll(SynchronousQueue.java:941)
        at java.util.concurrent.ThreadPoolExecutor.getTask(ThreadPoolExecutor.java:1073)
        at java.util.concurrent.ThreadPoolExecutor.runWorker(ThreadPoolExecutor.java:1134)
        at java.util.concurrent.ThreadPoolExecutor$Worker.run(ThreadPoolExecutor.java:624)
        at java.lang.Thread.run(Thread.java:750)
"qtp1405887855-176" daemon prio=5 tid=176 timed_waiting
java.lang.Thread.State: TIMED_WAITING
        at sun.misc.Unsafe.park(Native Method)
        at java.util.concurrent.locks.LockSupport.parkNanos(LockSupport.java:215)
        at java.util.concurrent.locks.AbstractQueuedSynchronizer$ConditionObject.awaitNanos(AbstractQueuedSynchronizer.java:2078)
        at org.eclipse.jetty.util.BlockingArrayQueue.poll(BlockingArrayQueue.java:382)
        at org.eclipse.jetty.util.thread.QueuedThreadPool$Runner.idleJobPoll(QueuedThreadPool.java:974)
        at org.eclipse.jetty.util.thread.QueuedThreadPool$Runner.run(QueuedThreadPool.java:1018)
        at java.lang.Thread.run(Thread.java:750)
"Datanode ReportManager Thread - 0" daemon prio=5 tid=419 in Object.wait()
java.lang.Thread.State: WAITING (on object monitor)
        at sun.misc.Unsafe.park(Native Method)
        at java.util.concurrent.locks.LockSupport.park(LockSupport.java:175)
        at java.util.concurrent.locks.AbstractQueuedSynchronizer$ConditionObject.await(AbstractQueuedSynchronizer.java:2039)
        at java.util.concurrent.ScheduledThreadPoolExecutor$DelayedWorkQueue.take(ScheduledThreadPoolExecutor.java:1088)
        at java.util.concurrent.ScheduledThreadPoolExecutor$DelayedWorkQueue.take(ScheduledThreadPoolExecutor.java:809)
        at java.util.concurrent.ThreadPoolExecutor.getTask(ThreadPoolExecutor.java:1074)
        at java.util.concurrent.ThreadPoolExecutor.runWorker(ThreadPoolExecutor.java:1134)
        at java.util.concurrent.ThreadPoolExecutor$Worker.run(ThreadPoolExecutor.java:624)
        at java.lang.Thread.run(Thread.java:750)
"IPC Server handler 14 on default port 45015" daemon prio=5 tid=71 timed_waiting
java.lang.Thread.State: TIMED_WAITING
        at sun.misc.Unsafe.park(Native Method)
        at java.util.concurrent.locks.LockSupport.parkNanos(LockSupport.java:215)
        at java.util.concurrent.locks.AbstractQueuedSynchronizer$ConditionObject.awaitNanos(AbstractQueuedSynchronizer.java:2078)
        at java.util.concurrent.LinkedBlockingQueue.poll(LinkedBlockingQueue.java:467)
        at org.apache.hadoop.ipc.CallQueueManager.take(CallQueueManager.java:317)
        at org.apache.hadoop.ipc.Server$Handler.run(Server.java:2942)
"ChunkReader-0" daemon prio=5 tid=757 in Object.wait()
java.lang.Thread.State: WAITING (on object monitor)
        at sun.misc.Unsafe.park(Native Method)
        at java.util.concurrent.locks.LockSupport.park(LockSupport.java:175)
        at java.util.concurrent.locks.AbstractQueuedSynchronizer$ConditionObject.await(AbstractQueuedSynchronizer.java:2039)
        at java.util.concurrent.LinkedBlockingQueue.take(LinkedBlockingQueue.java:442)
        at java.util.concurrent.ThreadPoolExecutor.getTask(ThreadPoolExecutor.java:1074)
        at java.util.concurrent.ThreadPoolExecutor.runWorker(ThreadPoolExecutor.java:1134)
        at java.util.concurrent.ThreadPoolExecutor$Worker.run(ThreadPoolExecutor.java:624)
        at java.lang.Thread.run(Thread.java:750)
"qtp651614956-281-acceptor-0@720214c2-ServerConnector@18210306{HTTP/1.1, (http/1.1)}{0.0.0.0:42939}" daemon prio=3 tid=281 runnable
java.lang.Thread.State: RUNNABLE
        at sun.nio.ch.ServerSocketChannelImpl.accept0(Native Method)
        at sun.nio.ch.ServerSocketChannelImpl.accept(ServerSocketChannelImpl.java:421)
        at sun.nio.ch.ServerSocketChannelImpl.accept(ServerSocketChannelImpl.java:249)
        at org.eclipse.jetty.server.ServerConnector.accept(ServerConnector.java:388)
        at org.eclipse.jetty.server.AbstractConnector$Acceptor.run(AbstractConnector.java:702)
        at org.eclipse.jetty.util.thread.QueuedThreadPool.runJob(QueuedThreadPool.java:883)
        at org.eclipse.jetty.util.thread.QueuedThreadPool$Runner.run(QueuedThreadPool.java:1034)
        at java.lang.Thread.run(Thread.java:750)
"2e87c3a1-a023-462f-882b-ea1ca04c8a98@group-49CF8CCC8F99-LeaderStateImpl" daemon prio=5 tid=706 timed_waiting
java.lang.Thread.State: TIMED_WAITING
        at sun.misc.Unsafe.park(Native Method)
        at java.util.concurrent.locks.LockSupport.parkNanos(LockSupport.java:215)
        at java.util.concurrent.locks.AbstractQueuedSynchronizer$ConditionObject.awaitNanos(AbstractQueuedSynchronizer.java:2078)
        at java.util.concurrent.ArrayBlockingQueue.poll(ArrayBlockingQueue.java:418)
        at org.apache.ratis.server.impl.LeaderStateImpl$EventQueue.poll(LeaderStateImpl.java:159)
        at org.apache.ratis.server.impl.LeaderStateImpl$EventProcessor.run(LeaderStateImpl.java:630)
"BlockDeletingService#1" daemon prio=5 tid=475 timed_waiting
java.lang.Thread.State: TIMED_WAITING
        at sun.misc.Unsafe.park(Native Method)
        at java.util.concurrent.locks.LockSupport.parkNanos(LockSupport.java:215)
        at java.util.concurrent.locks.AbstractQueuedSynchronizer$ConditionObject.awaitNanos(AbstractQueuedSynchronizer.java:2078)
        at java.util.concurrent.ScheduledThreadPoolExecutor$DelayedWorkQueue.take(ScheduledThreadPoolExecutor.java:1093)
        at java.util.concurrent.ScheduledThreadPoolExecutor$DelayedWorkQueue.take(ScheduledThreadPoolExecutor.java:809)
        at java.util.concurrent.ThreadPoolExecutor.getTask(ThreadPoolExecutor.java:1074)
        at java.util.concurrent.ThreadPoolExecutor.runWorker(ThreadPoolExecutor.java:1134)
        at java.util.concurrent.ThreadPoolExecutor$Worker.run(ThreadPoolExecutor.java:624)
        at java.lang.Thread.run(Thread.java:750)
"IPC Server handler 5 on default port 45703" daemon prio=5 tid=42 timed_waiting
java.lang.Thread.State: TIMED_WAITING
        at sun.misc.Unsafe.park(Native Method)
        at java.util.concurrent.locks.LockSupport.parkNanos(LockSupport.java:215)
        at java.util.concurrent.locks.AbstractQueuedSynchronizer$ConditionObject.awaitNanos(AbstractQueuedSynchronizer.java:2078)
        at java.util.concurrent.LinkedBlockingQueue.poll(LinkedBlockingQueue.java:467)
        at org.apache.hadoop.ipc.CallQueueManager.take(CallQueueManager.java:317)
        at org.apache.hadoop.ipc.Server$Handler.run(Server.java:2942)
"e349f11f-4d2d-4584-922f-e3c208c9e657-server-thread2" daemon prio=5 tid=741 timed_waiting
java.lang.Thread.State: TIMED_WAITING
        at sun.misc.Unsafe.park(Native Method)
        at java.util.concurrent.locks.LockSupport.parkNanos(LockSupport.java:215)
        at java.util.concurrent.SynchronousQueue$TransferStack.awaitFulfill(SynchronousQueue.java:460)
        at java.util.concurrent.SynchronousQueue$TransferStack.transfer(SynchronousQueue.java:362)
        at java.util.concurrent.SynchronousQueue.poll(SynchronousQueue.java:941)
        at java.util.concurrent.ThreadPoolExecutor.getTask(ThreadPoolExecutor.java:1073)
        at java.util.concurrent.ThreadPoolExecutor.runWorker(ThreadPoolExecutor.java:1134)
        at java.util.concurrent.ThreadPoolExecutor$Worker.run(ThreadPoolExecutor.java:624)
        at java.lang.Thread.run(Thread.java:750)
"qtp1661816191-312" daemon prio=5 tid=312 timed_waiting
java.lang.Thread.State: TIMED_WAITING
        at sun.misc.Unsafe.park(Native Method)
        at java.util.concurrent.locks.LockSupport.parkNanos(LockSupport.java:215)
        at java.util.concurrent.locks.AbstractQueuedSynchronizer$ConditionObject.awaitNanos(AbstractQueuedSynchronizer.java:2078)
        at org.eclipse.jetty.util.BlockingArrayQueue.poll(BlockingArrayQueue.java:382)
        at org.eclipse.jetty.util.thread.QueuedThreadPool$Runner.idleJobPoll(QueuedThreadPool.java:974)
        at org.eclipse.jetty.util.thread.QueuedThreadPool$Runner.run(QueuedThreadPool.java:1018)
        at java.lang.Thread.run(Thread.java:750)
"qtp1405887855-178" daemon prio=5 tid=178 timed_waiting
java.lang.Thread.State: TIMED_WAITING
        at sun.misc.Unsafe.park(Native Method)
        at java.util.concurrent.locks.LockSupport.parkNanos(LockSupport.java:215)
        at java.util.concurrent.locks.AbstractQueuedSynchronizer$ConditionObject.awaitNanos(AbstractQueuedSynchronizer.java:2078)
        at org.eclipse.jetty.util.BlockingArrayQueue.poll(BlockingArrayQueue.java:382)
        at org.eclipse.jetty.util.thread.QueuedThreadPool$Runner.idleJobPoll(QueuedThreadPool.java:974)
        at org.eclipse.jetty.util.thread.QueuedThreadPool$Runner.run(QueuedThreadPool.java:1018)
        at java.lang.Thread.run(Thread.java:750)
"6e54690b-befe-42c2-a4b7-a861f73b2b3f@group-D99577696E18-SegmentedRaftLogWorker"  prio=5 tid=620 timed_waiting
java.lang.Thread.State: TIMED_WAITING
        at sun.misc.Unsafe.park(Native Method)
        at java.util.concurrent.locks.LockSupport.parkNanos(LockSupport.java:215)
        at java.util.concurrent.locks.AbstractQueuedSynchronizer$ConditionObject.awaitNanos(AbstractQueuedSynchronizer.java:2078)
        at org.apache.ratis.util.DataBlockingQueue.poll(DataBlockingQueue.java:148)
        at org.apache.ratis.server.raftlog.segmented.SegmentedRaftLogWorker.run(SegmentedRaftLogWorker.java:310)
        at org.apache.ratis.server.raftlog.segmented.SegmentedRaftLogWorker$$Lambda$661/1174177291.run(Unknown Source)
        at java.lang.Thread.run(Thread.java:750)
"Command processor thread" daemon prio=5 tid=269 timed_waiting
java.lang.Thread.State: TIMED_WAITING
        at java.lang.Thread.sleep(Native Method)
        at org.apache.hadoop.ozone.container.common.statemachine.DatanodeStateMachine.lambda$initCommandHandlerThread$3(DatanodeStateMachine.java:634)
        at org.apache.hadoop.ozone.container.common.statemachine.DatanodeStateMachine$$Lambda$747/814733902.run(Unknown Source)
        at java.lang.Thread.run(Thread.java:750)
"timer5" daemon prio=5 tid=734 timed_waiting
java.lang.Thread.State: TIMED_WAITING
        at java.lang.Object.wait(Native Method)
        at java.util.TimerThread.mainLoop(Timer.java:552)
        at java.util.TimerThread.run(Timer.java:505)
"pool-127-thread-1"  prio=5 tid=227 timed_waiting
java.lang.Thread.State: TIMED_WAITING
        at sun.misc.Unsafe.park(Native Method)
        at java.util.concurrent.locks.LockSupport.parkNanos(LockSupport.java:215)
        at java.util.concurrent.locks.AbstractQueuedSynchronizer$ConditionObject.awaitNanos(AbstractQueuedSynchronizer.java:2078)
        at java.util.concurrent.ScheduledThreadPoolExecutor$DelayedWorkQueue.take(ScheduledThreadPoolExecutor.java:1093)
        at java.util.concurrent.ScheduledThreadPoolExecutor$DelayedWorkQueue.take(ScheduledThreadPoolExecutor.java:809)
        at java.util.concurrent.ThreadPoolExecutor.getTask(ThreadPoolExecutor.java:1074)
        at java.util.concurrent.ThreadPoolExecutor.runWorker(ThreadPoolExecutor.java:1134)
        at java.util.concurrent.ThreadPoolExecutor$Worker.run(ThreadPoolExecutor.java:624)
        at java.lang.Thread.run(Thread.java:750)
"IPC Server handler 10 on default port 34145" daemon prio=5 tid=154 timed_waiting
java.lang.Thread.State: TIMED_WAITING
        at sun.misc.Unsafe.park(Native Method)
        at java.util.concurrent.locks.LockSupport.parkNanos(LockSupport.java:215)
        at java.util.concurrent.locks.AbstractQueuedSynchronizer$ConditionObject.awaitNanos(AbstractQueuedSynchronizer.java:2078)
        at java.util.concurrent.LinkedBlockingQueue.poll(LinkedBlockingQueue.java:467)
        at org.apache.hadoop.ipc.CallQueueManager.take(CallQueueManager.java:317)
        at org.apache.hadoop.ipc.Server$Handler.run(Server.java:2942)
"Session-HouseKeeper-4d29421c-1"  prio=5 tid=288 timed_waiting
java.lang.Thread.State: TIMED_WAITING
        at sun.misc.Unsafe.park(Native Method)
        at java.util.concurrent.locks.LockSupport.parkNanos(LockSupport.java:215)
        at java.util.concurrent.locks.AbstractQueuedSynchronizer$ConditionObject.awaitNanos(AbstractQueuedSynchronizer.java:2078)
        at java.util.concurrent.ScheduledThreadPoolExecutor$DelayedWorkQueue.take(ScheduledThreadPoolExecutor.java:1093)
        at java.util.concurrent.ScheduledThreadPoolExecutor$DelayedWorkQueue.take(ScheduledThreadPoolExecutor.java:809)
        at java.util.concurrent.ThreadPoolExecutor.getTask(ThreadPoolExecutor.java:1074)
        at java.util.concurrent.ThreadPoolExecutor.runWorker(ThreadPoolExecutor.java:1134)
        at java.util.concurrent.ThreadPoolExecutor$Worker.run(ThreadPoolExecutor.java:624)
        at java.lang.Thread.run(Thread.java:750)
"IPC Server handler 3 on default port 45703" daemon prio=5 tid=40 timed_waiting
java.lang.Thread.State: TIMED_WAITING
        at sun.misc.Unsafe.park(Native Method)
        at java.util.concurrent.locks.LockSupport.parkNanos(LockSupport.java:215)
        at java.util.concurrent.locks.AbstractQueuedSynchronizer$ConditionObject.awaitNanos(AbstractQueuedSynchronizer.java:2078)
        at java.util.concurrent.LinkedBlockingQueue.poll(LinkedBlockingQueue.java:467)
        at org.apache.hadoop.ipc.CallQueueManager.take(CallQueueManager.java:317)
        at org.apache.hadoop.ipc.Server$Handler.run(Server.java:2942)
"Datanode State Machine Daemon Thread" daemon prio=5 tid=344 timed_waiting
java.lang.Thread.State: TIMED_WAITING
        at java.lang.Thread.sleep(Native Method)
        at org.apache.hadoop.ozone.container.common.statemachine.DatanodeStateMachine.startStateMachineThread(DatanodeStateMachine.java:318)
        at org.apache.hadoop.ozone.container.common.statemachine.DatanodeStateMachine.lambda$startDaemon$0(DatanodeStateMachine.java:499)
        at org.apache.hadoop.ozone.container.common.statemachine.DatanodeStateMachine$$Lambda$745/1685415106.run(Unknown Source)
        at java.lang.Thread.run(Thread.java:750)
"qtp715406126-333-acceptor-0@54bb600b-ServerConnector@56a2f49d{HTTP/1.1, (http/1.1)}{0.0.0.0:41503}" daemon prio=3 tid=333 runnable
java.lang.Thread.State: RUNNABLE
        at sun.nio.ch.ServerSocketChannelImpl.accept0(Native Method)
        at sun.nio.ch.ServerSocketChannelImpl.accept(ServerSocketChannelImpl.java:421)
        at sun.nio.ch.ServerSocketChannelImpl.accept(ServerSocketChannelImpl.java:249)
        at org.eclipse.jetty.server.ServerConnector.accept(ServerConnector.java:388)
        at org.eclipse.jetty.server.AbstractConnector$Acceptor.run(AbstractConnector.java:702)
        at org.eclipse.jetty.util.thread.QueuedThreadPool.runJob(QueuedThreadPool.java:883)
        at org.eclipse.jetty.util.thread.QueuedThreadPool$Runner.run(QueuedThreadPool.java:1034)
        at java.lang.Thread.run(Thread.java:750)
"ChunkReader-2" daemon prio=5 tid=781 in Object.wait()
java.lang.Thread.State: WAITING (on object monitor)
        at sun.misc.Unsafe.park(Native Method)
        at java.util.concurrent.locks.LockSupport.park(LockSupport.java:175)
        at java.util.concurrent.locks.AbstractQueuedSynchronizer$ConditionObject.await(AbstractQueuedSynchronizer.java:2039)
        at java.util.concurrent.LinkedBlockingQueue.take(LinkedBlockingQueue.java:442)
        at java.util.concurrent.ThreadPoolExecutor.getTask(ThreadPoolExecutor.java:1074)
        at java.util.concurrent.ThreadPoolExecutor.runWorker(ThreadPoolExecutor.java:1134)
        at java.util.concurrent.ThreadPoolExecutor$Worker.run(ThreadPoolExecutor.java:624)
        at java.lang.Thread.run(Thread.java:750)
"IPC Server handler 1 on default port 45633" daemon prio=5 tid=78 timed_waiting
java.lang.Thread.State: TIMED_WAITING
        at sun.misc.Unsafe.park(Native Method)
        at java.util.concurrent.locks.LockSupport.parkNanos(LockSupport.java:215)
        at java.util.concurrent.locks.AbstractQueuedSynchronizer$ConditionObject.awaitNanos(AbstractQueuedSynchronizer.java:2078)
        at java.util.concurrent.LinkedBlockingQueue.poll(LinkedBlockingQueue.java:467)
        at org.apache.hadoop.ipc.CallQueueManager.take(CallQueueManager.java:317)
        at org.apache.hadoop.ipc.Server$Handler.run(Server.java:2942)
"7c8777a1-edfb-4633-85a4-b901f2ed1d17@group-5DBD8395D328-SegmentedRaftLogWorker"  prio=5 tid=641 timed_waiting
java.lang.Thread.State: TIMED_WAITING
        at sun.misc.Unsafe.park(Native Method)
        at java.util.concurrent.locks.LockSupport.parkNanos(LockSupport.java:215)
        at java.util.concurrent.locks.AbstractQueuedSynchronizer$ConditionObject.awaitNanos(AbstractQueuedSynchronizer.java:2078)
        at org.apache.ratis.util.DataBlockingQueue.poll(DataBlockingQueue.java:148)
        at org.apache.ratis.server.raftlog.segmented.SegmentedRaftLogWorker.run(SegmentedRaftLogWorker.java:310)
        at org.apache.ratis.server.raftlog.segmented.SegmentedRaftLogWorker$$Lambda$661/1174177291.run(Unknown Source)
        at java.lang.Thread.run(Thread.java:750)
"StaleRecoveringContainerScrubbingService#0" daemon prio=5 tid=498 in Object.wait()
java.lang.Thread.State: WAITING (on object monitor)
        at sun.misc.Unsafe.park(Native Method)
        at java.util.concurrent.locks.LockSupport.park(LockSupport.java:175)
        at java.util.concurrent.locks.AbstractQueuedSynchronizer$ConditionObject.await(AbstractQueuedSynchronizer.java:2039)
        at java.util.concurrent.ScheduledThreadPoolExecutor$DelayedWorkQueue.take(ScheduledThreadPoolExecutor.java:1088)
        at java.util.concurrent.ScheduledThreadPoolExecutor$DelayedWorkQueue.take(ScheduledThreadPoolExecutor.java:809)
        at java.util.concurrent.ThreadPoolExecutor.getTask(ThreadPoolExecutor.java:1074)
        at java.util.concurrent.ThreadPoolExecutor.runWorker(ThreadPoolExecutor.java:1134)
        at java.util.concurrent.ThreadPoolExecutor$Worker.run(ThreadPoolExecutor.java:624)
        at java.lang.Thread.run(Thread.java:750)
"ChunkWriter-3-0" daemon prio=5 tid=470 in Object.wait()
java.lang.Thread.State: WAITING (on object monitor)
        at sun.misc.Unsafe.park(Native Method)
        at java.util.concurrent.locks.LockSupport.park(LockSupport.java:175)
        at java.util.concurrent.locks.AbstractQueuedSynchronizer$ConditionObject.await(AbstractQueuedSynchronizer.java:2039)
        at java.util.concurrent.LinkedBlockingDeque.takeFirst(LinkedBlockingDeque.java:492)
        at java.util.concurrent.LinkedBlockingDeque.take(LinkedBlockingDeque.java:680)
        at java.util.concurrent.ThreadPoolExecutor.getTask(ThreadPoolExecutor.java:1074)
        at java.util.concurrent.ThreadPoolExecutor.runWorker(ThreadPoolExecutor.java:1134)
        at java.util.concurrent.ThreadPoolExecutor$Worker.run(ThreadPoolExecutor.java:624)
        at java.lang.Thread.run(Thread.java:750)
"qtp1473080868-438-acceptor-0@4f4345d0-ServerConnector@1564d5de{HTTP/1.1, (http/1.1)}{0.0.0.0:45711}" daemon prio=3 tid=438 runnable
java.lang.Thread.State: RUNNABLE
        at sun.nio.ch.ServerSocketChannelImpl.accept0(Native Method)
        at sun.nio.ch.ServerSocketChannelImpl.accept(ServerSocketChannelImpl.java:421)
        at sun.nio.ch.ServerSocketChannelImpl.accept(ServerSocketChannelImpl.java:249)
        at org.eclipse.jetty.server.ServerConnector.accept(ServerConnector.java:388)
        at org.eclipse.jetty.server.AbstractConnector$Acceptor.run(AbstractConnector.java:702)
        at org.eclipse.jetty.util.thread.QueuedThreadPool.runJob(QueuedThreadPool.java:883)
        at org.eclipse.jetty.util.thread.QueuedThreadPool$Runner.run(QueuedThreadPool.java:1034)
        at java.lang.Thread.run(Thread.java:750)
"StaleRecoveringContainerScrubbingService#1" daemon prio=5 tid=557 timed_waiting
java.lang.Thread.State: TIMED_WAITING
        at sun.misc.Unsafe.park(Native Method)
        at java.util.concurrent.locks.LockSupport.parkNanos(LockSupport.java:215)
        at java.util.concurrent.locks.AbstractQueuedSynchronizer$ConditionObject.awaitNanos(AbstractQueuedSynchronizer.java:2078)
        at java.util.concurrent.ScheduledThreadPoolExecutor$DelayedWorkQueue.take(ScheduledThreadPoolExecutor.java:1093)
        at java.util.concurrent.ScheduledThreadPoolExecutor$DelayedWorkQueue.take(ScheduledThreadPoolExecutor.java:809)
        at java.util.concurrent.ThreadPoolExecutor.getTask(ThreadPoolExecutor.java:1074)
        at java.util.concurrent.ThreadPoolExecutor.runWorker(ThreadPoolExecutor.java:1134)
        at java.util.concurrent.ThreadPoolExecutor$Worker.run(ThreadPoolExecutor.java:624)
        at java.lang.Thread.run(Thread.java:750)
"BlockDeletingService#1" daemon prio=5 tid=455 timed_waiting
java.lang.Thread.State: TIMED_WAITING
        at sun.misc.Unsafe.park(Native Method)
        at java.util.concurrent.locks.LockSupport.parkNanos(LockSupport.java:215)
        at java.util.concurrent.locks.AbstractQueuedSynchronizer$ConditionObject.awaitNanos(AbstractQueuedSynchronizer.java:2078)
        at java.util.concurrent.ScheduledThreadPoolExecutor$DelayedWorkQueue.take(ScheduledThreadPoolExecutor.java:1093)
        at java.util.concurrent.ScheduledThreadPoolExecutor$DelayedWorkQueue.take(ScheduledThreadPoolExecutor.java:809)
        at java.util.concurrent.ThreadPoolExecutor.getTask(ThreadPoolExecutor.java:1074)
        at java.util.concurrent.ThreadPoolExecutor.runWorker(ThreadPoolExecutor.java:1134)
        at java.util.concurrent.ThreadPoolExecutor$Worker.run(ThreadPoolExecutor.java:624)
        at java.lang.Thread.run(Thread.java:750)
"BlockDeletingService#2" daemon prio=5 tid=866 in Object.wait()
java.lang.Thread.State: WAITING (on object monitor)
        at sun.misc.Unsafe.park(Native Method)
        at java.util.concurrent.locks.LockSupport.park(LockSupport.java:175)
        at java.util.concurrent.locks.AbstractQueuedSynchronizer$ConditionObject.await(AbstractQueuedSynchronizer.java:2039)
        at java.util.concurrent.ScheduledThreadPoolExecutor$DelayedWorkQueue.take(ScheduledThreadPoolExecutor.java:1088)
        at java.util.concurrent.ScheduledThreadPoolExecutor$DelayedWorkQueue.take(ScheduledThreadPoolExecutor.java:809)
        at java.util.concurrent.ThreadPoolExecutor.getTask(ThreadPoolExecutor.java:1074)
        at java.util.concurrent.ThreadPoolExecutor.runWorker(ThreadPoolExecutor.java:1134)
        at java.util.concurrent.ThreadPoolExecutor$Worker.run(ThreadPoolExecutor.java:624)
        at java.lang.Thread.run(Thread.java:750)


	at org.apache.ozone.test.GenericTestUtils.waitFor(GenericTestUtils.java:224)
	at org.apache.hadoop.ozone.container.TestECContainerRecovery.waitForContainerCount(TestECContainerRecovery.java:265)
	at org.apache.hadoop.ozone.container.TestECContainerRecovery.testContainerRecoveryOverReplicationProcessing(TestECContainerRecovery.java:209)
	at sun.reflect.NativeMethodAccessorImpl.invoke0(Native Method)
	at sun.reflect.NativeMethodAccessorImpl.invoke(NativeMethodAccessorImpl.java:62)
	at sun.reflect.DelegatingMethodAccessorImpl.invoke(DelegatingMethodAccessorImpl.java:43)
	at java.lang.reflect.Method.invoke(Method.java:498)
	at org.junit.platform.commons.util.ReflectionUtils.invokeMethod(ReflectionUtils.java:725)
	at org.junit.jupiter.engine.execution.MethodInvocation.proceed(MethodInvocation.java:60)
	at org.junit.jupiter.engine.execution.InvocationInterceptorChain$ValidatingInvocation.proceed(InvocationInterceptorChain.java:131)
	at org.junit.jupiter.engine.extension.TimeoutExtension.intercept(TimeoutExtension.java:149)
	at org.junit.jupiter.engine.extension.TimeoutExtension.interceptTestableMethod(TimeoutExtension.java:140)
	at org.junit.jupiter.engine.extension.TimeoutExtension.interceptTestMethod(TimeoutExtension.java:84)
	at org.junit.jupiter.engine.execution.ExecutableInvoker$ReflectiveInterceptorCall.lambda$ofVoidMethod$0(ExecutableInvoker.java:115)
	at org.junit.jupiter.engine.execution.ExecutableInvoker.lambda$invoke$0(ExecutableInvoker.java:105)
	at org.junit.jupiter.engine.execution.InvocationInterceptorChain$InterceptedInvocation.proceed(InvocationInterceptorChain.java:106)
	at org.junit.jupiter.engine.execution.InvocationInterceptorChain.proceed(InvocationInterceptorChain.java:64)
	at org.junit.jupiter.engine.execution.InvocationInterceptorChain.chainAndInvoke(InvocationInterceptorChain.java:45)
	at org.junit.jupiter.engine.execution.InvocationInterceptorChain.invoke(InvocationInterceptorChain.java:37)
	at org.junit.jupiter.engine.execution.ExecutableInvoker.invoke(ExecutableInvoker.java:104)
	at org.junit.jupiter.engine.execution.ExecutableInvoker.invoke(ExecutableInvoker.java:98)
	at org.junit.jupiter.engine.descriptor.TestMethodTestDescriptor.lambda$invokeTestMethod$7(TestMethodTestDescriptor.java:214)
	at org.junit.platform.engine.support.hierarchical.ThrowableCollector.execute(ThrowableCollector.java:73)
	at org.junit.jupiter.engine.descriptor.TestMethodTestDescriptor.invokeTestMethod(TestMethodTestDescriptor.java:210)
	at org.junit.jupiter.engine.descriptor.TestMethodTestDescriptor.execute(TestMethodTestDescriptor.java:135)
	at org.junit.jupiter.engine.descriptor.TestMethodTestDescriptor.execute(TestMethodTestDescriptor.java:66)
	at org.junit.platform.engine.support.hierarchical.NodeTestTask.lambda$executeRecursively$6(NodeTestTask.java:151)
	at org.junit.platform.engine.support.hierarchical.ThrowableCollector.execute(ThrowableCollector.java:73)
	at org.junit.platform.engine.support.hierarchical.NodeTestTask.lambda$executeRecursively$8(NodeTestTask.java:141)
	at org.junit.platform.engine.support.hierarchical.Node.around(Node.java:137)
	at org.junit.platform.engine.support.hierarchical.NodeTestTask.lambda$executeRecursively$9(NodeTestTask.java:139)
	at org.junit.platform.engine.support.hierarchical.ThrowableCollector.execute(ThrowableCollector.java:73)
	at org.junit.platform.engine.support.hierarchical.NodeTestTask.executeRecursively(NodeTestTask.java:138)
	at org.junit.platform.engine.support.hierarchical.NodeTestTask.execute(NodeTestTask.java:95)
	at java.util.ArrayList.forEach(ArrayList.java:1259)
	at org.junit.platform.engine.support.hierarchical.SameThreadHierarchicalTestExecutorService.invokeAll(SameThreadHierarchicalTestExecutorService.java:41)
	at org.junit.platform.engine.support.hierarchical.NodeTestTask.lambda$executeRecursively$6(NodeTestTask.java:155)
	at org.junit.platform.engine.support.hierarchical.ThrowableCollector.execute(ThrowableCollector.java:73)
	at org.junit.platform.engine.support.hierarchical.NodeTestTask.lambda$executeRecursively$8(NodeTestTask.java:141)
	at org.junit.platform.engine.support.hierarchical.Node.around(Node.java:137)
	at org.junit.platform.engine.support.hierarchical.NodeTestTask.lambda$executeRecursively$9(NodeTestTask.java:139)
	at org.junit.platform.engine.support.hierarchical.ThrowableCollector.execute(ThrowableCollector.java:73)
	at org.junit.platform.engine.support.hierarchical.NodeTestTask.executeRecursively(NodeTestTask.java:138)
	at org.junit.platform.engine.support.hierarchical.NodeTestTask.execute(NodeTestTask.java:95)
	at java.util.ArrayList.forEach(ArrayList.java:1259)
	at org.junit.platform.engine.support.hierarchical.SameThreadHierarchicalTestExecutorService.invokeAll(SameThreadHierarchicalTestExecutorService.java:41)
	at org.junit.platform.engine.support.hierarchical.NodeTestTask.lambda$executeRecursively$6(NodeTestTask.java:155)
	at org.junit.platform.engine.support.hierarchical.ThrowableCollector.execute(ThrowableCollector.java:73)
	at org.junit.platform.engine.support.hierarchical.NodeTestTask.lambda$executeRecursively$8(NodeTestTask.java:141)
	at org.junit.platform.engine.support.hierarchical.Node.around(Node.java:137)
	at org.junit.platform.engine.support.hierarchical.NodeTestTask.lambda$executeRecursively$9(NodeTestTask.java:139)
	at org.junit.platform.engine.support.hierarchical.ThrowableCollector.execute(ThrowableCollector.java:73)
	at org.junit.platform.engine.support.hierarchical.NodeTestTask.executeRecursively(NodeTestTask.java:138)
	at org.junit.platform.engine.support.hierarchical.NodeTestTask.execute(NodeTestTask.java:95)
	at org.junit.platform.engine.support.hierarchical.SameThreadHierarchicalTestExecutorService.submit(SameThreadHierarchicalTestExecutorService.java:35)
	at org.junit.platform.engine.support.hierarchical.HierarchicalTestExecutor.execute(HierarchicalTestExecutor.java:57)
	at org.junit.platform.engine.support.hierarchical.HierarchicalTestEngine.execute(HierarchicalTestEngine.java:54)
	at org.junit.platform.launcher.core.EngineExecutionOrchestrator.execute(EngineExecutionOrchestrator.java:107)
	at org.junit.platform.launcher.core.EngineExecutionOrchestrator.execute(EngineExecutionOrchestrator.java:88)
	at org.junit.platform.launcher.core.EngineExecutionOrchestrator.lambda$execute$0(EngineExecutionOrchestrator.java:54)
	at org.junit.platform.launcher.core.EngineExecutionOrchestrator.withInterceptedStreams(EngineExecutionOrchestrator.java:67)
	at org.junit.platform.launcher.core.EngineExecutionOrchestrator.execute(EngineExecutionOrchestrator.java:52)
	at org.junit.platform.launcher.core.DefaultLauncher.execute(DefaultLauncher.java:114)
	at org.junit.platform.launcher.core.DefaultLauncher.execute(DefaultLauncher.java:86)
	at org.junit.platform.launcher.core.DefaultLauncherSession$DelegatingLauncher.execute(DefaultLauncherSession.java:86)
	at org.junit.platform.launcher.core.SessionPerRequestLauncher.execute(SessionPerRequestLauncher.java:53)
	at org.apache.maven.surefire.junitplatform.JUnitPlatformProvider.execute(JUnitPlatformProvider.java:188)
	at org.apache.maven.surefire.junitplatform.JUnitPlatformProvider.invokeAllTests(JUnitPlatformProvider.java:154)
	at org.apache.maven.surefire.junitplatform.JUnitPlatformProvider.invoke(JUnitPlatformProvider.java:124)
	at org.apache.maven.surefire.booter.ForkedBooter.runSuitesInProcess(ForkedBooter.java:428)
	at org.apache.maven.surefire.booter.ForkedBooter.execute(ForkedBooter.java:162)
	at org.apache.maven.surefire.booter.ForkedBooter.run(ForkedBooter.java:562)
	at org.apache.maven.surefire.booter.ForkedBooter.main(ForkedBooter.java:548)
]]></error>
    <system-out><![CDATA[2022-10-22 01:05:55,360 [main] WARN  server.ServerUtils (ServerUtils.java:getScmDbDir(148)) - ozone.scm.db.dirs is not configured. We recommend adding this setting. Falling back to ozone.metadata.dirs instead.
2022-10-22 01:05:55,443 [main] WARN  server.ServerUtils (ServerUtils.java:getScmDbDir(148)) - ozone.scm.db.dirs is not configured. We recommend adding this setting. Falling back to ozone.metadata.dirs instead.
2022-10-22 01:05:55,446 [main] INFO  ha.SCMHANodeDetails (SCMHANodeDetails.java:loadSCMHAConfig(209)) - ServiceID for StorageContainerManager is null
2022-10-22 01:05:55,457 [main] WARN  ha.SCMHANodeDetails (SCMHANodeDetails.java:validateSCMHAConfig(182)) - Invalid config ozone.scm.ratis.enable. The config was not specified, but the default value true conflicts with the expected config value false. Falling back to the expected value. Current State of SCM: SCM is running in Non-HA without Ratis Ratis SCM -> Non Ratis SCM or Non HA SCM -> HA SCM is not supported
2022-10-22 01:05:55,457 [main] INFO  ha.SCMHANodeDetails (SCMHANodeDetails.java:loadSCMHAConfig(214)) - ozone.scm.default.service.id is not defined, falling back to ozone.scm.service.ids to find serviceID for StorageContainerManager if it is HA enabled cluster
2022-10-22 01:05:55,998 [main] WARN  utils.HAUtils (HAUtils.java:getMetaDir(342)) - ozone.scm.db.dirs is not configured. We recommend adding this setting. Falling back to ozone.metadata.dirs instead.
2022-10-22 01:05:56,134 [main] WARN  db.DBStoreBuilder (DBStoreBuilder.java:applyDBDefinition(144)) - ozone.scm.db.dirs is not configured. We recommend adding this setting. Falling back to ozone.metadata.dirs instead.
2022-10-22 01:05:56,369 [main] INFO  net.NodeSchemaLoader (NodeSchemaLoader.java:loadSchemaFromFile(129)) - Loading schema from [jar:file:/home/runner/.m2/repository/org/apache/ozone/hdds-common/1.3.0-SNAPSHOT/hdds-common-1.3.0-SNAPSHOT.jar!/network-topology-default.xml]
2022-10-22 01:05:56,371 [main] INFO  net.NodeSchemaLoader (NodeSchemaLoader.java:loadSchema(176)) - Loading network topology layer schema file
2022-10-22 01:05:56,405 [main] INFO  metrics.MetricRegistries (MetricRegistriesLoader.java:load(64)) - Loaded MetricRegistries class org.apache.ratis.metrics.impl.MetricRegistriesImpl
2022-10-22 01:05:56,410 [main] INFO  upgrade.AbstractLayoutVersionManager (AbstractLayoutVersionManager.java:init(83)) - Initializing Layout version manager with metadata layout = DATANODE_SCHEMA_V3 (version = 4), software layout = DATANODE_SCHEMA_V3 (version = 4)
2022-10-22 01:05:56,574 [main] INFO  reflections.Reflections (Reflections.java:scan(232)) - Reflections took 109 ms to scan 7 urls, producing 137 keys and 330 values 
2022-10-22 01:05:56,657 [main] INFO  ha.SequenceIdGenerator (SequenceIdGenerator.java:upgradeToSequenceId(349)) - upgrade localId to 109611004723200000
2022-10-22 01:05:56,658 [main] INFO  ha.SequenceIdGenerator (SequenceIdGenerator.java:upgradeToSequenceId(359)) - upgrade delTxnId to 0
2022-10-22 01:05:56,661 [main] INFO  ha.SequenceIdGenerator (SequenceIdGenerator.java:upgradeToSequenceId(376)) - upgrade containerId to 0
2022-10-22 01:05:56,663 [main] INFO  ha.SequenceIdGenerator (SequenceIdGenerator.java:<init>(220)) - Init the HA SequenceIdGenerator.
2022-10-22 01:05:56,696 [main] WARN  server.ServerUtils (ServerUtils.java:sanitizeUserArgs(67)) - ozone.scm.stale.node.interval value = 1000 is smaller than min = 3000 based on the key value of hdds.heartbeat.interval, reset to the min value 3000.
2022-10-22 01:05:56,697 [main] WARN  server.ServerUtils (ServerUtils.java:sanitizeUserArgs(67)) - ozone.scm.stale.node.interval value = 1000 is smaller than min = 3000 based on the key value of hdds.heartbeat.interval, reset to the min value 3000.
2022-10-22 01:05:56,697 [main] WARN  server.ServerUtils (ServerUtils.java:sanitizeUserArgs(67)) - ozone.scm.dead.node.interval value = 1000 is smaller than min = 6000 based on the key value of ozone.scm.stale.node.interval, reset to the min value 6000.
2022-10-22 01:05:56,702 [main] INFO  node.SCMNodeManager (SCMNodeManager.java:<init>(149)) - Entering startup safe mode.
2022-10-22 01:05:56,756 [main] INFO  algorithms.ContainerPlacementPolicyFactory (ContainerPlacementPolicyFactory.java:getPolicyInternal(86)) - Create container placement policy of type org.apache.hadoop.hdds.scm.container.placement.algorithms.SCMContainerPlacementRandom
2022-10-22 01:05:56,758 [main] INFO  algorithms.ContainerPlacementPolicyFactory (ContainerPlacementPolicyFactory.java:getPolicyInternal(86)) - Create container placement policy of type org.apache.hadoop.hdds.scm.container.placement.algorithms.SCMContainerPlacementRackScatter
2022-10-22 01:05:56,781 [main] INFO  pipeline.PipelineStateManagerImpl (PipelineStateManagerImpl.java:initialize(78)) - No pipeline exists in current db
2022-10-22 01:05:56,817 [main] INFO  algorithms.LeaderChoosePolicyFactory (LeaderChoosePolicyFactory.java:getPolicy(57)) - Create leader choose policy of type org.apache.hadoop.hdds.scm.pipeline.leader.choose.algorithms.MinLeaderCountChoosePolicy
2022-10-22 01:05:56,817 [main] INFO  algorithms.ContainerPlacementPolicyFactory (ContainerPlacementPolicyFactory.java:getPolicyInternal(86)) - Create container placement policy of type org.apache.hadoop.hdds.scm.container.placement.algorithms.SCMContainerPlacementRackScatter
2022-10-22 01:05:56,824 [main] INFO  ha.SCMServiceManager (SCMServiceManager.java:register(42)) - Registering service BackgroundPipelineCreator.
2022-10-22 01:05:56,824 [main] INFO  pipeline.BackgroundPipelineCreator (BackgroundPipelineCreator.java:start(124)) - Starting RatisPipelineUtilsThread.
2022-10-22 01:05:56,828 [main] INFO  BackgroundPipelineScrubber (BackgroundSCMService.java:start(68)) - Starting BackgroundPipelineScrubber Service.
2022-10-22 01:05:56,828 [main] INFO  ha.SCMServiceManager (SCMServiceManager.java:register(42)) - Registering service BackgroundPipelineScrubber.
2022-10-22 01:05:56,834 [main] INFO  ExpiredContainerReplicaOpScrubber (BackgroundSCMService.java:start(68)) - Starting ExpiredContainerReplicaOpScrubber Service.
2022-10-22 01:05:56,836 [main] INFO  ha.SCMServiceManager (SCMServiceManager.java:register(42)) - Registering service ExpiredContainerReplicaOpScrubber.
2022-10-22 01:05:56,880 [main] INFO  algorithms.PipelineChoosePolicyFactory (PipelineChoosePolicyFactory.java:createPipelineChoosePolicyFromClass(73)) - Create pipeline choose policy of type org.apache.hadoop.hdds.scm.pipeline.choose.algorithms.RandomPipelineChoosePolicy
2022-10-22 01:05:56,902 [main] INFO  ha.SCMServiceManager (SCMServiceManager.java:register(42)) - Registering service SCMBlockDeletingService.
2022-10-22 01:05:56,955 [main] INFO  replication.ReplicationManager (ReplicationManager.java:start(234)) - Starting Replication Monitor Thread.
2022-10-22 01:05:56,963 [main] INFO  ha.SCMServiceManager (SCMServiceManager.java:register(42)) - Registering service ReplicationManager.
2022-10-22 01:05:56,967 [ReplicationMonitor] INFO  replication.ReplicationManager (ReplicationManager.java:processAll(302)) - Replication Manager is not ready to run until 3000ms after safemode exit
2022-10-22 01:05:56,970 [main] INFO  safemode.ContainerSafeModeRule (ContainerSafeModeRule.java:<init>(89)) - containers with one replica threshold count 0
2022-10-22 01:05:56,973 [main] INFO  safemode.HealthyPipelineSafeModeRule (HealthyPipelineSafeModeRule.java:initializeRule(169)) - Total pipeline count is 0, healthy pipeline threshold count is 1
2022-10-22 01:05:56,975 [main] INFO  safemode.OneReplicaPipelineSafeModeRule (OneReplicaPipelineSafeModeRule.java:initializeRule(180)) - Total pipeline count is 0, pipeline's with at least one datanode reported threshold count is 0
2022-10-22 01:05:57,209 [main] INFO  audit.AuditLogger (AuditLogger.java:refreshDebugCmdSet(126)) - Refresh DebugCmdSet for SCMAudit to [].
2022-10-22 01:05:57,233 [main] INFO  ipc.CallQueueManager (CallQueueManager.java:<init>(90)) - Using callQueue: class java.util.concurrent.LinkedBlockingQueue, queueCapacity: 2000, scheduler: class org.apache.hadoop.ipc.DefaultRpcScheduler, ipcBackoff: false.
2022-10-22 01:05:57,264 [Socket Reader #1 for port 0] INFO  ipc.Server (Server.java:run(1273)) - Starting Socket Reader #1 for port 0
2022-10-22 01:05:57,316 [Listener at 0.0.0.0/45633] INFO  audit.AuditLogger (AuditLogger.java:refreshDebugCmdSet(126)) - Refresh DebugCmdSet for SCMAudit to [].
2022-10-22 01:05:57,321 [Listener at 0.0.0.0/45633] INFO  ipc.CallQueueManager (CallQueueManager.java:<init>(90)) - Using callQueue: class java.util.concurrent.LinkedBlockingQueue, queueCapacity: 2000, scheduler: class org.apache.hadoop.ipc.DefaultRpcScheduler, ipcBackoff: false.
2022-10-22 01:05:57,322 [Socket Reader #1 for port 0] INFO  ipc.Server (Server.java:run(1273)) - Starting Socket Reader #1 for port 0
2022-10-22 01:05:57,350 [Listener at 0.0.0.0/45015] INFO  audit.AuditLogger (AuditLogger.java:refreshDebugCmdSet(126)) - Refresh DebugCmdSet for SCMAudit to [].
2022-10-22 01:05:57,359 [Listener at 0.0.0.0/45015] INFO  ipc.CallQueueManager (CallQueueManager.java:<init>(90)) - Using callQueue: class java.util.concurrent.LinkedBlockingQueue, queueCapacity: 2000, scheduler: class org.apache.hadoop.ipc.DefaultRpcScheduler, ipcBackoff: false.
2022-10-22 01:05:57,360 [Socket Reader #1 for port 0] INFO  ipc.Server (Server.java:run(1273)) - Starting Socket Reader #1 for port 0
2022-10-22 01:05:57,404 [Listener at 0.0.0.0/45703] INFO  ha.SCMServiceManager (SCMServiceManager.java:register(42)) - Registering service ContainerBalancer.
2022-10-22 01:05:57,404 [Listener at 0.0.0.0/45703] INFO  server.StorageContainerManager (StorageContainerManager.java:<init>(410)) - 
Container Balancer status:
Key                            Value
Running                        true
Container Balancer Configuration values:
Key                                                Value
Threshold                                          10
Max Datanodes to Involve per Iteration(percent)    20
Max Size to Move per Iteration                     500GB
Max Size Entering Target per Iteration             26GB
Max Size Leaving Source per Iteration              26GB

2022-10-22 01:05:57,405 [Listener at 0.0.0.0/45703] WARN  events.EventQueue (EventQueue.java:fireEvent(216)) - No event handler registered for event TypedEvent{payloadType=SafeModeStatus, name='Safe mode status'}
2022-10-22 01:05:57,405 [Listener at 0.0.0.0/45703] INFO  ha.SCMContext (SCMContext.java:updateSafeModeStatus(228)) - Update SafeModeStatus from SafeModeStatus{safeModeStatus=true, preCheckPassed=false} to SafeModeStatus{safeModeStatus=true, preCheckPassed=false}.
2022-10-22 01:05:57,407 [Listener at 0.0.0.0/45703] INFO  server.StorageContainerManager (StorageContainerManager.java:start(1439)) - StorageContainerLocationProtocol RPC server is listening at /0.0.0.0:45703
2022-10-22 01:05:57,466 [Listener at 0.0.0.0/45703] WARN  impl.MetricsConfig (MetricsConfig.java:loadFirst(136)) - Cannot locate configuration: tried hadoop-metrics2-storagecontainermanager.properties,hadoop-metrics2.properties
2022-10-22 01:05:57,476 [Listener at 0.0.0.0/45703] INFO  impl.MetricsSystemImpl (MetricsSystemImpl.java:startTimer(378)) - Scheduled Metric snapshot period at 10 second(s).
2022-10-22 01:05:57,476 [Listener at 0.0.0.0/45703] INFO  impl.MetricsSystemImpl (MetricsSystemImpl.java:start(191)) - StorageContainerManager metrics system started
2022-10-22 01:05:57,735 [Listener at 0.0.0.0/45703] INFO  server.SCMClientProtocolServer (SCMClientProtocolServer.java:start(170)) - RPC server for Client  is listening at /0.0.0.0:45703
2022-10-22 01:05:57,736 [IPC Server Responder] INFO  ipc.Server (Server.java:run(1512)) - IPC Server Responder: starting
2022-10-22 01:05:57,737 [IPC Server listener on 0] INFO  ipc.Server (Server.java:run(1352)) - IPC Server listener on 0: starting
2022-10-22 01:05:57,739 [Listener at 0.0.0.0/45703] INFO  server.StorageContainerManager (StorageContainerManager.java:start(1454)) - ScmBlockLocationProtocol RPC server is listening at /0.0.0.0:45015
2022-10-22 01:05:57,740 [Listener at 0.0.0.0/45703] INFO  server.SCMBlockProtocolServer (SCMBlockProtocolServer.java:start(152)) - RPC server for Block Protocol is listening at /0.0.0.0:45015
2022-10-22 01:05:57,740 [IPC Server Responder] INFO  ipc.Server (Server.java:run(1512)) - IPC Server Responder: starting
2022-10-22 01:05:57,741 [IPC Server listener on 0] INFO  ipc.Server (Server.java:run(1352)) - IPC Server listener on 0: starting
2022-10-22 01:05:57,743 [Listener at 0.0.0.0/45703] INFO  server.SCMDatanodeProtocolServer (SCMDatanodeProtocolServer.java:start(186)) - ScmDatanodeProtocol RPC server for DataNodes is listening at /0.0.0.0:45633
2022-10-22 01:05:57,744 [IPC Server Responder] INFO  ipc.Server (Server.java:run(1512)) - IPC Server Responder: starting
2022-10-22 01:05:57,744 [IPC Server listener on 0] INFO  ipc.Server (Server.java:run(1352)) - IPC Server listener on 0: starting
2022-10-22 01:05:57,763 [org.apache.hadoop.util.JvmPauseMonitor$Monitor@3f838072] INFO  util.JvmPauseMonitor (JvmPauseMonitor.java:run(188)) - Starting JVM pause monitor
2022-10-22 01:05:57,772 [Listener at 0.0.0.0/45703] INFO  http.BaseHttpServer (BaseHttpServer.java:newHttpServer2BuilderForOzone(213)) - Starting Web-server for scm at: http://0.0.0.0:0
2022-10-22 01:05:57,772 [Listener at 0.0.0.0/45703] INFO  http.BaseHttpServer (BaseHttpServer.java:<init>(108)) - Hadoop Security Enabled: false Ozone Security Enabled: false Ozone HTTP Security Enabled: false 
2022-10-22 01:05:57,796 [Listener at 0.0.0.0/45703] INFO  util.log (Log.java:initialized(170)) - Logging initialized @3667ms to org.eclipse.jetty.util.log.Slf4jLog
2022-10-22 01:05:57,883 [Listener at 0.0.0.0/45703] WARN  server.AuthenticationFilter (AuthenticationFilter.java:constructSecretProvider(240)) - Unable to initialize FileSignerSecretProvider, falling back to use random secrets. Reason: Could not read signature secret file: /home/runner/hadoop-http-auth-signature-secret
2022-10-22 01:05:57,889 [Listener at 0.0.0.0/45703] WARN  http.HttpRequestLog (HttpRequestLog.java:getRequestLog(103)) - Jetty request log can only be enabled using Log4j
2022-10-22 01:05:57,895 [Listener at 0.0.0.0/45703] INFO  http.HttpServer2 (HttpServer2.java:addGlobalFilter(1031)) - Added global filter 'safety' (class=org.apache.hadoop.hdds.server.http.HttpServer2$QuotingInputFilter)
2022-10-22 01:05:57,897 [Listener at 0.0.0.0/45703] INFO  http.HttpServer2 (HttpServer2.java:addFilter(1007)) - Added filter static_user_filter (class=org.apache.hadoop.http.lib.StaticUserWebFilter$StaticUserFilter) to context scm
2022-10-22 01:05:57,897 [Listener at 0.0.0.0/45703] INFO  http.HttpServer2 (HttpServer2.java:addFilter(1015)) - Added filter static_user_filter (class=org.apache.hadoop.http.lib.StaticUserWebFilter$StaticUserFilter) to context logs
2022-10-22 01:05:57,897 [Listener at 0.0.0.0/45703] INFO  http.HttpServer2 (HttpServer2.java:addFilter(1015)) - Added filter static_user_filter (class=org.apache.hadoop.http.lib.StaticUserWebFilter$StaticUserFilter) to context static
2022-10-22 01:05:57,931 [Listener at 0.0.0.0/45703] INFO  http.HttpServer2 (HttpServer2.java:bindListener(1250)) - Jetty bound to port 38693
2022-10-22 01:05:57,932 [Listener at 0.0.0.0/45703] INFO  server.Server (Server.java:doStart(375)) - jetty-9.4.43.v20210629; built: 2021-06-30T11:07:22.254Z; git: 526006ecfa3af7f1a27ef3a288e2bef7ea9dd7e8; jvm 1.8.0_345-b01
2022-10-22 01:05:57,965 [Listener at 0.0.0.0/45703] INFO  server.session (DefaultSessionIdManager.java:doStart(334)) - DefaultSessionIdManager workerName=node0
2022-10-22 01:05:57,965 [Listener at 0.0.0.0/45703] INFO  server.session (DefaultSessionIdManager.java:doStart(339)) - No SessionScavenger set, using defaults
2022-10-22 01:05:57,967 [Listener at 0.0.0.0/45703] INFO  server.session (HouseKeeper.java:startScavenging(132)) - node0 Scavenging every 660000ms
2022-10-22 01:05:57,977 [Listener at 0.0.0.0/45703] INFO  handler.ContextHandler (ContextHandler.java:doStart(915)) - Started o.e.j.s.ServletContextHandler@9a16af1{logs,/logs,file:///home/runner/work/ozone/ozone/hadoop-ozone/integration-test/target/log,AVAILABLE}
2022-10-22 01:05:57,978 [Listener at 0.0.0.0/45703] INFO  handler.ContextHandler (ContextHandler.java:doStart(915)) - Started o.e.j.s.ServletContextHandler@3c468360{static,/static,file:///home/runner/work/ozone/ozone/hadoop-ozone/integration-test/target/test-classes/webapps/static,AVAILABLE}
2022-10-22 01:05:58,015 [Listener at 0.0.0.0/45703] INFO  handler.ContextHandler (ContextHandler.java:doStart(915)) - Started o.e.j.w.WebAppContext@2bf45b7c{scm,/,file:///home/runner/work/ozone/ozone/hadoop-ozone/integration-test/target/test-classes/webapps/scm/,AVAILABLE}{file:/home/runner/work/ozone/ozone/hadoop-ozone/integration-test/target/test-classes/webapps/scm}
2022-10-22 01:05:58,023 [Listener at 0.0.0.0/45703] INFO  server.AbstractConnector (AbstractConnector.java:doStart(331)) - Started ServerConnector@1bfb60b7{HTTP/1.1, (http/1.1)}{0.0.0.0:38693}
2022-10-22 01:05:58,023 [Listener at 0.0.0.0/45703] INFO  server.Server (Server.java:doStart(415)) - Started @3894ms
2022-10-22 01:05:58,025 [Listener at 0.0.0.0/45703] INFO  impl.MetricsSinkAdapter (MetricsSinkAdapter.java:start(204)) - Sink prometheus started
2022-10-22 01:05:58,025 [Listener at 0.0.0.0/45703] INFO  impl.MetricsSystemImpl (MetricsSystemImpl.java:registerSink(305)) - Registered sink prometheus
2022-10-22 01:05:58,026 [Listener at 0.0.0.0/45703] INFO  http.BaseHttpServer (BaseHttpServer.java:updateConnectorAddress(333)) - HTTP server of scm listening at http://0.0.0.0:38693
2022-10-22 01:05:58,027 [Listener at 0.0.0.0/45703] WARN  server.ServerUtils (ServerUtils.java:getDBPath(225)) - ozone.om.db.dirs is not configured. We recommend adding this setting. Falling back to ozone.metadata.dirs instead.
2022-10-22 01:05:58,082 [Listener at 0.0.0.0/45703] INFO  audit.AuditLogger (AuditLogger.java:refreshDebugCmdSet(126)) - Refresh DebugCmdSet for OMAudit to [].
2022-10-22 01:05:58,155 [Listener at 0.0.0.0/45703] INFO  ha.OMHANodeDetails (OMHANodeDetails.java:loadOMHAConfig(115)) - ozone.om.internal.service.id is not defined, falling back to ozone.om.service.ids to find serviceID for OzoneManager if it is HA enabled cluster
2022-10-22 01:05:58,158 [Listener at 0.0.0.0/45703] INFO  ha.OMHANodeDetails (OMHANodeDetails.java:loadOMHAConfig(226)) - Configuration does not have ozone.om.address set. Falling back to the default OM address /127.0.0.1:0
2022-10-22 01:05:58,158 [Listener at 0.0.0.0/45703] INFO  ha.OMHANodeDetails (OMHANodeDetails.java:getOMNodeDetailsForNonHA(254)) - OM Service ID is not set. Setting it to the default ID: omServiceIdDefault
2022-10-22 01:05:58,158 [Listener at 0.0.0.0/45703] INFO  ha.OMHANodeDetails (OMHANodeDetails.java:getOMNodeDetailsForNonHA(261)) - OM Node ID is not set. Setting it to the default ID: om1
2022-10-22 01:05:58,161 [Listener at 0.0.0.0/45703] WARN  server.ServerUtils (ServerUtils.java:getDBPath(225)) - ozone.om.db.dirs is not configured. We recommend adding this setting. Falling back to ozone.metadata.dirs instead.
2022-10-22 01:05:58,163 [Listener at 0.0.0.0/45703] INFO  upgrade.AbstractLayoutVersionManager (AbstractLayoutVersionManager.java:init(83)) - Initializing Layout version manager with metadata layout = MULTITENANCY_SCHEMA (version = 3), software layout = MULTITENANCY_SCHEMA (version = 3)
2022-10-22 01:05:58,252 [Listener at 0.0.0.0/45703] INFO  reflections.Reflections (Reflections.java:scan(232)) - Reflections took 85 ms to scan 2 urls, producing 154 keys and 428 values [using 2 cores]
2022-10-22 01:05:58,256 [Listener at 0.0.0.0/45703] INFO  upgrade.OMLayoutVersionManager (OMLayoutVersionManager.java:lambda$0(115)) - Skipping Upgrade Action MockOmUpgradeAction since it has been finalized.
2022-10-22 01:05:58,257 [Listener at 0.0.0.0/45703] WARN  server.ServerUtils (ServerUtils.java:getDBPath(225)) - ozone.om.db.dirs is not configured. We recommend adding this setting. Falling back to ozone.metadata.dirs instead.
2022-10-22 01:05:58,394 [Listener at 0.0.0.0/45703] INFO  proxy.SCMBlockLocationFailoverProxyProvider (SCMBlockLocationFailoverProxyProvider.java:<init>(114)) - Created block location fail-over proxy with 1 nodes: [nodeId=scmNodeId,nodeAddress=/0.0.0.0:45015]
2022-10-22 01:05:58,422 [Listener at 0.0.0.0/45703] INFO  proxy.SCMBlockLocationFailoverProxyProvider (SCMBlockLocationFailoverProxyProvider.java:<init>(114)) - Created block location fail-over proxy with 1 nodes: [nodeId=scmNodeId,nodeAddress=/0.0.0.0:45015]
2022-10-22 01:05:58,583 [Listener at 0.0.0.0/45703] WARN  server.ServerUtils (ServerUtils.java:getDBPath(225)) - ozone.om.db.dirs is not configured. We recommend adding this setting. Falling back to ozone.metadata.dirs instead.
2022-10-22 01:05:58,589 [Listener at 0.0.0.0/45703] INFO  codec.OmKeyInfoCodec (OmKeyInfoCodec.java:<init>(49)) - OmKeyInfoCodec ignorePipeline = true
2022-10-22 01:05:58,590 [Listener at 0.0.0.0/45703] INFO  codec.RepeatedOmKeyInfoCodec (RepeatedOmKeyInfoCodec.java:<init>(41)) - RepeatedOmKeyInfoCodec ignorePipeline = true
2022-10-22 01:05:58,731 [Listener at 0.0.0.0/45703] INFO  om.OzoneManager (OzoneManager.java:instantiateServices(712)) - S3 Multi-Tenancy is disabled
2022-10-22 01:05:58,802 [Listener at 0.0.0.0/45703] INFO  om.OzoneManager (OzoneManager.java:addS3GVolumeToDB(4386)) - Created Volume s3v With Owner runner required for S3Gateway operations.
2022-10-22 01:05:58,866 [Listener at 0.0.0.0/45703] WARN  server.ServerUtils (ServerUtils.java:getDefaultRatisDirectory(237)) - Storage directory for Ratis is not configured. It is a good idea to map this to an SSD disk. Falling back to ozone.metadata.dirs
2022-10-22 01:05:58,867 [Listener at 0.0.0.0/45703] WARN  utils.OzoneManagerRatisUtils (OzoneManagerRatisUtils.java:getOMRatisSnapshotDirectory(434)) - ozone.om.ratis.snapshot.dir is not configured. Falling back to ozone.metadata.dirs config
2022-10-22 01:05:58,885 [Listener at 0.0.0.0/45703] WARN  server.ServerUtils (ServerUtils.java:getDefaultRatisDirectory(237)) - Storage directory for Ratis is not configured. It is a good idea to map this to an SSD disk. Falling back to ozone.metadata.dirs
2022-10-22 01:05:58,909 [Listener at 0.0.0.0/45703] INFO  ratis.OzoneManagerRatisServer (OzoneManagerRatisServer.java:<init>(160)) - Instantiating OM Ratis server with groupID: omServiceIdDefault and peers: localhost:9872
2022-10-22 01:05:58,916 [Listener at 0.0.0.0/45703] INFO  ratis.OzoneManagerStateMachine (OzoneManagerStateMachine.java:loadSnapshotInfoFromDB(636)) - LastAppliedIndex is set from TransactionInfo from OM DB as (t:0, i:~)
2022-10-22 01:05:58,961 [Listener at 0.0.0.0/45703] INFO  server.RaftServer (ConfUtils.java:logGet(46)) - raft.rpc.type = GRPC (default)
2022-10-22 01:05:59,045 [Listener at 0.0.0.0/45703] INFO  grpc.GrpcConfigKeys (ConfUtils.java:logFallback(53)) - raft.grpc.admin.host = null (fallback to raft.grpc.server.host)
2022-10-22 01:05:59,047 [Listener at 0.0.0.0/45703] INFO  grpc.GrpcConfigKeys (ConfUtils.java:logFallback(53)) - raft.grpc.admin.port = 9872 (fallback to raft.grpc.server.port)
2022-10-22 01:05:59,047 [Listener at 0.0.0.0/45703] INFO  grpc.GrpcConfigKeys (ConfUtils.java:logFallback(53)) - raft.grpc.client.host = null (fallback to raft.grpc.server.host)
2022-10-22 01:05:59,047 [Listener at 0.0.0.0/45703] INFO  grpc.GrpcConfigKeys (ConfUtils.java:logFallback(53)) - raft.grpc.client.port = 9872 (fallback to raft.grpc.server.port)
2022-10-22 01:05:59,048 [Listener at 0.0.0.0/45703] INFO  grpc.GrpcConfigKeys (ConfUtils.java:logGet(46)) - raft.grpc.server.host = null (default)
2022-10-22 01:05:59,048 [Listener at 0.0.0.0/45703] INFO  grpc.GrpcConfigKeys (ConfUtils.java:logGet(46)) - raft.grpc.server.port = 9872 (custom)
2022-10-22 01:05:59,048 [Listener at 0.0.0.0/45703] INFO  server.GrpcService (ConfUtils.java:logGet(46)) - raft.grpc.message.size.max = 33554432 (custom)
2022-10-22 01:05:59,049 [Listener at 0.0.0.0/45703] INFO  server.RaftServerConfigKeys (ConfUtils.java:logGet(46)) - raft.server.log.appender.buffer.byte-limit = 33554432 (custom)
2022-10-22 01:05:59,050 [Listener at 0.0.0.0/45703] INFO  server.GrpcService (ConfUtils.java:logGet(46)) - raft.grpc.flow.control.window = 1MB (=1048576) (default)
2022-10-22 01:05:59,050 [Listener at 0.0.0.0/45703] INFO  server.RaftServerConfigKeys (ConfUtils.java:logGet(46)) - raft.server.rpc.request.timeout = 3000ms (default)
2022-10-22 01:05:59,063 [Listener at 0.0.0.0/45703] INFO  grpc.GrpcConfigKeys (ConfUtils.java:logGet(46)) - raft.grpc.server.heartbeat.channel = true (default)
2022-10-22 01:05:59,065 [Listener at 0.0.0.0/45703] INFO  grpc.GrpcConfigKeys (ConfUtils.java:logGet(46)) - raft.grpc.server.async.request.thread.pool.cached = true (default)
2022-10-22 01:05:59,066 [Listener at 0.0.0.0/45703] INFO  grpc.GrpcConfigKeys (ConfUtils.java:logGet(46)) - raft.grpc.server.async.request.thread.pool.size = 32 (default)
2022-10-22 01:05:59,307 [Listener at 0.0.0.0/45703] INFO  impl.DataStreamServerImpl (ConfUtils.java:logGet(46)) - raft.datastream.type = DISABLED (default)
2022-10-22 01:05:59,310 [Listener at 0.0.0.0/45703] INFO  server.RaftServerConfigKeys (ConfUtils.java:logGet(46)) - raft.server.threadpool.proxy.cached = true (default)
2022-10-22 01:05:59,311 [Listener at 0.0.0.0/45703] INFO  server.RaftServerConfigKeys (ConfUtils.java:logGet(46)) - raft.server.threadpool.proxy.size = 0 (default)
2022-10-22 01:05:59,311 [Listener at 0.0.0.0/45703] INFO  server.RaftServerConfigKeys (ConfUtils.java:logGet(46)) - raft.server.rpc.slowness.timeout = 120s (custom)
2022-10-22 01:05:59,311 [Listener at 0.0.0.0/45703] INFO  server.RaftServerConfigKeys (ConfUtils.java:logGet(46)) - raft.server.leaderelection.leader.step-down.wait-time = 10s (default)
2022-10-22 01:05:59,314 [Listener at 0.0.0.0/45703] INFO  server.RaftServerConfigKeys (ConfUtils.java:logGet(46)) - raft.server.storage.dir = [/home/runner/work/ozone/ozone/hadoop-ozone/integration-test/target/test-dir/MiniOzoneClusterImpl-a988f88d-4efe-430b-bf3c-a1e83706c790/ozone-meta/ratis] (custom)
2022-10-22 01:05:59,320 [Listener at 0.0.0.0/45703] INFO  server.RaftServer (RaftServerProxy.java:addNew(96)) - om1: addNew group-C5BA1605619E:[om1|rpc:localhost:9872|priority:0|startupRole:FOLLOWER] returns group-C5BA1605619E:java.util.concurrent.CompletableFuture@6e737ae4[Not completed]
2022-10-22 01:05:59,320 [Listener at 0.0.0.0/45703] INFO  om.OzoneManager (OzoneManager.java:initializeRatisServer(1975)) - OzoneManager Ratis server initialized at port 9872
2022-10-22 01:05:59,329 [Listener at 0.0.0.0/45703] INFO  om.OzoneManager (OzoneManager.java:getRpcServer(1101)) - Creating RPC Server
2022-10-22 01:05:59,352 [pool-55-thread-1] INFO  server.RaftServer$Division (RaftServerImpl.java:<init>(195)) - om1: new RaftServerImpl for group-C5BA1605619E:[om1|rpc:localhost:9872|priority:0|startupRole:FOLLOWER] with OzoneManagerStateMachine:uninitialized
2022-10-22 01:05:59,369 [pool-55-thread-1] INFO  server.RaftServerConfigKeys (ConfUtils.java:logGet(46)) - raft.server.rpc.timeout.min = 1s (custom)
2022-10-22 01:05:59,370 [pool-55-thread-1] INFO  server.RaftServerConfigKeys (ConfUtils.java:logGet(46)) - raft.server.rpc.timeout.max = 1200ms (custom)
2022-10-22 01:05:59,370 [pool-55-thread-1] INFO  server.RaftServerConfigKeys (ConfUtils.java:logGet(46)) - raft.server.rpc.sleep.time = 25ms (default)
2022-10-22 01:05:59,370 [pool-55-thread-1] INFO  server.RaftServerConfigKeys (ConfUtils.java:logGet(46)) - raft.server.rpc.slowness.timeout = 120s (custom)
2022-10-22 01:05:59,370 [pool-55-thread-1] INFO  server.RaftServerConfigKeys (ConfUtils.java:logGet(46)) - raft.server.leaderelection.leader.step-down.wait-time = 10s (default)
2022-10-22 01:05:59,370 [pool-55-thread-1] INFO  server.RaftServerConfigKeys (ConfUtils.java:logGet(46)) - raft.server.sleep.deviation.threshold = 300ms (default)
2022-10-22 01:05:59,384 [pool-55-thread-1] INFO  server.RaftServer$Division (ServerState.java:<init>(118)) - om1@group-C5BA1605619E: ConfigurationManager, init=-1: peers:[om1|rpc:localhost:9872|priority:0|startupRole:FOLLOWER]|listeners:[], old=null, confs=<EMPTY_MAP>
2022-10-22 01:05:59,384 [pool-55-thread-1] INFO  server.RaftServerConfigKeys (ConfUtils.java:logGet(46)) - raft.server.storage.dir = [/home/runner/work/ozone/ozone/hadoop-ozone/integration-test/target/test-dir/MiniOzoneClusterImpl-a988f88d-4efe-430b-bf3c-a1e83706c790/ozone-meta/ratis] (custom)
2022-10-22 01:05:59,391 [pool-55-thread-1] INFO  server.RaftServerConfigKeys (ConfUtils.java:logGet(46)) - raft.server.log.corruption.policy = EXCEPTION (default)
2022-10-22 01:05:59,396 [pool-55-thread-1] INFO  server.RaftServerConfigKeys (ConfUtils.java:logGet(46)) - raft.server.storage.free-space.min = 0MB (=0) (default)
2022-10-22 01:05:59,400 [pool-55-thread-1] INFO  server.RaftServerConfigKeys (ConfUtils.java:logGet(46)) - raft.server.notification.no-leader.timeout = 120s (custom)
2022-10-22 01:05:59,403 [pool-55-thread-1] INFO  server.RaftServerConfigKeys (ConfUtils.java:logGet(46)) - raft.server.retrycache.expirytime = 300s (custom)
2022-10-22 01:05:59,403 [pool-55-thread-1] INFO  server.RaftServerConfigKeys (ConfUtils.java:logGet(46)) - raft.server.retrycache.statistics.expirytime = 100μs (default)
2022-10-22 01:05:59,571 [pool-55-thread-1] INFO  server.RaftServerConfigKeys (ConfUtils.java:logGet(46)) - raft.server.log.appender.install.snapshot.enabled = false (custom)
2022-10-22 01:05:59,571 [pool-55-thread-1] INFO  server.RaftServerConfigKeys (ConfUtils.java:logGet(46)) - raft.server.threadpool.server.cached = true (default)
2022-10-22 01:05:59,572 [pool-55-thread-1] INFO  server.RaftServerConfigKeys (ConfUtils.java:logGet(46)) - raft.server.threadpool.server.size = 0 (default)
2022-10-22 01:05:59,572 [pool-55-thread-1] INFO  server.RaftServerConfigKeys (ConfUtils.java:logGet(46)) - raft.server.threadpool.client.cached = true (default)
2022-10-22 01:05:59,572 [pool-55-thread-1] INFO  server.RaftServerConfigKeys (ConfUtils.java:logGet(46)) - raft.server.threadpool.client.size = 0 (default)
2022-10-22 01:06:00,104 [Listener at 0.0.0.0/45703] INFO  reflections.Reflections (Reflections.java:scan(232)) - Reflections took 709 ms to scan 19 urls, producing 67 keys and 4267 values [using 2 cores]
2022-10-22 01:06:00,252 [Listener at 0.0.0.0/45703] INFO  ipc.CallQueueManager (CallQueueManager.java:<init>(90)) - Using callQueue: class java.util.concurrent.LinkedBlockingQueue, queueCapacity: 2000, scheduler: class org.apache.hadoop.ipc.DefaultRpcScheduler, ipcBackoff: false.
2022-10-22 01:06:00,253 [Socket Reader #1 for port 0] INFO  ipc.Server (Server.java:run(1273)) - Starting Socket Reader #1 for port 0
2022-10-22 01:06:00,287 [Listener at 127.0.0.1/34145] INFO  impl.MetricsSystemImpl (MetricsSystemImpl.java:init(158)) - OzoneManager metrics system started (again)
2022-10-22 01:06:00,299 [Listener at 127.0.0.1/34145] INFO  om.OzoneManager (OzoneManager.java:start(1482)) - OzoneManager RPC server is listening at localhost/127.0.0.1:34145
2022-10-22 01:06:00,300 [Listener at 127.0.0.1/34145] INFO  ratis.OzoneManagerRatisServer (OzoneManagerRatisServer.java:start(555)) - Starting OzoneManagerRatisServer om1 at port 9872
2022-10-22 01:06:00,302 [om1-impl-thread1] INFO  storage.RaftStorageDirectory (RaftStorageDirectoryImpl.java:analyzeStorage(137)) - The storage directory /home/runner/work/ozone/ozone/hadoop-ozone/integration-test/target/test-dir/MiniOzoneClusterImpl-a988f88d-4efe-430b-bf3c-a1e83706c790/ozone-meta/ratis/bf265839-605b-3f16-9796-c5ba1605619e does not exist. Creating ...
2022-10-22 01:06:00,306 [om1-impl-thread1] INFO  storage.RaftStorageDirectory (RaftStorageDirectoryImpl.java:tryLock(231)) - Lock on /home/runner/work/ozone/ozone/hadoop-ozone/integration-test/target/test-dir/MiniOzoneClusterImpl-a988f88d-4efe-430b-bf3c-a1e83706c790/ozone-meta/ratis/bf265839-605b-3f16-9796-c5ba1605619e/in_use.lock acquired by nodename 13814@fv-az334-928
2022-10-22 01:06:00,312 [om1-impl-thread1] INFO  storage.RaftStorage (RaftStorageImpl.java:format(96)) - Storage directory /home/runner/work/ozone/ozone/hadoop-ozone/integration-test/target/test-dir/MiniOzoneClusterImpl-a988f88d-4efe-430b-bf3c-a1e83706c790/ozone-meta/ratis/bf265839-605b-3f16-9796-c5ba1605619e has been successfully formatted.
2022-10-22 01:06:00,315 [om1-impl-thread1] INFO  server.RaftServerConfigKeys (ConfUtils.java:logGet(46)) - raft.server.log.use.memory = false (default)
2022-10-22 01:06:00,326 [om1-impl-thread1] INFO  server.RaftServerConfigKeys (ConfUtils.java:logGet(46)) - raft.server.log.purge.gap = 1000000 (custom)
2022-10-22 01:06:00,326 [om1-impl-thread1] INFO  server.RaftServerConfigKeys (ConfUtils.java:logGet(46)) - raft.server.log.appender.buffer.byte-limit = 33554432 (custom)
2022-10-22 01:06:00,328 [om1-impl-thread1] INFO  server.RaftServerConfigKeys (ConfUtils.java:logGet(46)) - raft.server.log.statemachine.data.read.timeout = 1000ms (default)
2022-10-22 01:06:00,329 [om1-impl-thread1] INFO  server.RaftServerConfigKeys (ConfUtils.java:logGet(46)) - raft.server.log.purge.preservation.log.num = 0 (default)
2022-10-22 01:06:00,333 [om1-impl-thread1] INFO  server.RaftServerConfigKeys (ConfUtils.java:logGet(46)) - raft.server.log.segment.size.max = 4194304 (custom)
2022-10-22 01:06:00,338 [om1-impl-thread1] INFO  server.RaftServerConfigKeys (ConfUtils.java:logGet(46)) - raft.server.log.segment.cache.num.max = 2 (custom)
2022-10-22 01:06:00,339 [om1-impl-thread1] INFO  server.RaftServerConfigKeys (ConfUtils.java:logGet(46)) - raft.server.log.segment.cache.size.max = 200MB (=209715200) (default)
2022-10-22 01:06:00,344 [om1-impl-thread1] INFO  segmented.SegmentedRaftLogWorker (SegmentedRaftLogWorker.java:<init>(191)) - new om1@group-C5BA1605619E-SegmentedRaftLogWorker for RaftStorageImpl:Storage Directory /home/runner/work/ozone/ozone/hadoop-ozone/integration-test/target/test-dir/MiniOzoneClusterImpl-a988f88d-4efe-430b-bf3c-a1e83706c790/ozone-meta/ratis/bf265839-605b-3f16-9796-c5ba1605619e
2022-10-22 01:06:00,345 [om1-impl-thread1] INFO  server.RaftServerConfigKeys (ConfUtils.java:logGet(46)) - raft.server.log.queue.byte-limit = 64MB (=67108864) (default)
2022-10-22 01:06:00,345 [om1-impl-thread1] INFO  server.RaftServerConfigKeys (ConfUtils.java:logGet(46)) - raft.server.log.queue.element-limit = 4096 (default)
2022-10-22 01:06:00,346 [om1-impl-thread1] INFO  server.RaftServerConfigKeys (ConfUtils.java:logGet(46)) - raft.server.log.segment.size.max = 4194304 (custom)
2022-10-22 01:06:00,346 [om1-impl-thread1] INFO  server.RaftServerConfigKeys (ConfUtils.java:logGet(46)) - raft.server.log.preallocated.size = 4194304 (custom)
2022-10-22 01:06:00,347 [om1-impl-thread1] INFO  server.RaftServerConfigKeys (ConfUtils.java:logGet(46)) - raft.server.log.force.sync.num = 128 (default)
2022-10-22 01:06:00,348 [om1-impl-thread1] INFO  server.RaftServerConfigKeys (ConfUtils.java:logGet(46)) - raft.server.log.statemachine.data.sync = true (default)
2022-10-22 01:06:00,348 [om1-impl-thread1] INFO  server.RaftServerConfigKeys (ConfUtils.java:logGet(46)) - raft.server.log.statemachine.data.sync.timeout = 10s (default)
2022-10-22 01:06:00,348 [om1-impl-thread1] INFO  server.RaftServerConfigKeys (ConfUtils.java:logGet(46)) - raft.server.log.statemachine.data.sync.timeout.retry = -1 (default)
2022-10-22 01:06:00,356 [om1-impl-thread1] INFO  server.RaftServerConfigKeys (ConfUtils.java:logGet(46)) - raft.server.log.write.buffer.size = 64KB (=65536) (default)
2022-10-22 01:06:00,357 [om1-impl-thread1] INFO  server.RaftServerConfigKeys (ConfUtils.java:logGet(46)) - raft.server.log.unsafe-flush.enabled = false (default)
2022-10-22 01:06:00,357 [om1-impl-thread1] INFO  server.RaftServerConfigKeys (ConfUtils.java:logGet(46)) - raft.server.log.async-flush.enabled = false (default)
2022-10-22 01:06:00,358 [om1-impl-thread1] INFO  server.RaftServerConfigKeys (ConfUtils.java:logGet(46)) - raft.server.log.statemachine.data.caching.enabled = false (default)
2022-10-22 01:06:00,363 [om1-impl-thread1] INFO  segmented.SegmentedRaftLogWorker (SegmentedRaftLogWorker.java:lambda$new$0(136)) - om1@group-C5BA1605619E-SegmentedRaftLogWorker: flushIndex: setUnconditionally 0 -> -1
2022-10-22 01:06:00,363 [om1-impl-thread1] INFO  segmented.SegmentedRaftLogWorker (SegmentedRaftLogWorker.java:lambda$new$0(136)) - om1@group-C5BA1605619E-SegmentedRaftLogWorker: safeCacheEvictIndex: setUnconditionally 0 -> -1
2022-10-22 01:06:00,364 [om1-impl-thread1] INFO  server.RaftServer$Division (RaftServerImpl.java:start(334)) - om1@group-C5BA1605619E: start as a follower, conf=-1: peers:[om1|rpc:localhost:9872|priority:0|startupRole:FOLLOWER]|listeners:[], old=null
2022-10-22 01:06:00,365 [om1-impl-thread1] INFO  server.RaftServer$Division (RaftServerImpl.java:setRole(321)) - om1@group-C5BA1605619E: changes role from      null to FOLLOWER at term 0 for startAsFollower
2022-10-22 01:06:00,366 [om1-impl-thread1] INFO  impl.RoleInfo (RoleInfo.java:updateAndGet(139)) - om1: start om1@group-C5BA1605619E-FollowerState
2022-10-22 01:06:00,371 [om1-impl-thread1] INFO  util.JmxRegister (JmxRegister.java:tryRegister(44)) - Successfully registered JMX Bean with object name Ratis:service=RaftServer,group=group-C5BA1605619E,id=om1
2022-10-22 01:06:00,373 [om1-impl-thread1] INFO  server.RaftServerConfigKeys (ConfUtils.java:logGet(46)) - raft.server.snapshot.auto.trigger.enabled = true (custom)
2022-10-22 01:06:00,373 [om1@group-C5BA1605619E-FollowerState] INFO  server.RaftServerConfigKeys (ConfUtils.java:logFallback(53)) - raft.server.rpc.first-election.timeout.min = 1s (fallback to raft.server.rpc.timeout.min)
2022-10-22 01:06:00,374 [om1@group-C5BA1605619E-FollowerState] INFO  server.RaftServerConfigKeys (ConfUtils.java:logFallback(53)) - raft.server.rpc.first-election.timeout.max = 1200ms (fallback to raft.server.rpc.timeout.max)
2022-10-22 01:06:00,374 [om1-impl-thread1] INFO  server.RaftServerConfigKeys (ConfUtils.java:logGet(46)) - raft.server.snapshot.auto.trigger.threshold = 400000 (default)
2022-10-22 01:06:00,374 [om1-impl-thread1] INFO  server.RaftServerConfigKeys (ConfUtils.java:logGet(46)) - raft.server.snapshot.retention.file.num = -1 (default)
2022-10-22 01:06:00,375 [om1-impl-thread1] INFO  server.RaftServerConfigKeys (ConfUtils.java:logGet(46)) - raft.server.log.purge.upto.snapshot.index = true (custom)
2022-10-22 01:06:00,377 [Listener at 127.0.0.1/34145] INFO  server.RaftServer (RaftServerProxy.java:startImpl(393)) - om1: start RPC server
2022-10-22 01:06:00,430 [Listener at 127.0.0.1/34145] INFO  server.GrpcService (GrpcService.java:startImpl(270)) - om1: GrpcService started, listening on 9872
2022-10-22 01:06:00,432 [JvmPauseMonitor0] INFO  util.JvmPauseMonitor (JvmPauseMonitor.java:run(105)) - JvmPauseMonitor-om1: Started
2022-10-22 01:06:00,433 [Listener at 127.0.0.1/34145] INFO  om.OzoneManager (OzoneManager.java:start(1498)) - Version File has different layout version (3) than OM DB (null). That is expected if this OM has never been finalized to a newer layout version.
2022-10-22 01:06:00,455 [Listener at 127.0.0.1/34145] INFO  http.BaseHttpServer (BaseHttpServer.java:newHttpServer2BuilderForOzone(213)) - Starting Web-server for ozoneManager at: http://0.0.0.0:0
2022-10-22 01:06:00,456 [Listener at 127.0.0.1/34145] INFO  http.BaseHttpServer (BaseHttpServer.java:<init>(108)) - Hadoop Security Enabled: false Ozone Security Enabled: false Ozone HTTP Security Enabled: false 
2022-10-22 01:06:00,457 [Listener at 127.0.0.1/34145] WARN  server.AuthenticationFilter (AuthenticationFilter.java:constructSecretProvider(240)) - Unable to initialize FileSignerSecretProvider, falling back to use random secrets. Reason: Could not read signature secret file: /home/runner/hadoop-http-auth-signature-secret
2022-10-22 01:06:00,459 [Listener at 127.0.0.1/34145] WARN  http.HttpRequestLog (HttpRequestLog.java:getRequestLog(103)) - Jetty request log can only be enabled using Log4j
2022-10-22 01:06:00,461 [Listener at 127.0.0.1/34145] INFO  http.HttpServer2 (HttpServer2.java:addGlobalFilter(1031)) - Added global filter 'safety' (class=org.apache.hadoop.hdds.server.http.HttpServer2$QuotingInputFilter)
2022-10-22 01:06:00,462 [Listener at 127.0.0.1/34145] INFO  http.HttpServer2 (HttpServer2.java:addFilter(1007)) - Added filter static_user_filter (class=org.apache.hadoop.http.lib.StaticUserWebFilter$StaticUserFilter) to context ozoneManager
2022-10-22 01:06:00,462 [Listener at 127.0.0.1/34145] INFO  http.HttpServer2 (HttpServer2.java:addFilter(1015)) - Added filter static_user_filter (class=org.apache.hadoop.http.lib.StaticUserWebFilter$StaticUserFilter) to context logs
2022-10-22 01:06:00,462 [Listener at 127.0.0.1/34145] INFO  http.HttpServer2 (HttpServer2.java:addFilter(1015)) - Added filter static_user_filter (class=org.apache.hadoop.http.lib.StaticUserWebFilter$StaticUserFilter) to context static
2022-10-22 01:06:00,466 [Listener at 127.0.0.1/34145] INFO  http.HttpServer2 (HttpServer2.java:bindListener(1250)) - Jetty bound to port 34609
2022-10-22 01:06:00,466 [Listener at 127.0.0.1/34145] INFO  server.Server (Server.java:doStart(375)) - jetty-9.4.43.v20210629; built: 2021-06-30T11:07:22.254Z; git: 526006ecfa3af7f1a27ef3a288e2bef7ea9dd7e8; jvm 1.8.0_345-b01
2022-10-22 01:06:00,469 [Listener at 127.0.0.1/34145] INFO  server.session (DefaultSessionIdManager.java:doStart(334)) - DefaultSessionIdManager workerName=node0
2022-10-22 01:06:00,469 [Listener at 127.0.0.1/34145] INFO  server.session (DefaultSessionIdManager.java:doStart(339)) - No SessionScavenger set, using defaults
2022-10-22 01:06:00,469 [Listener at 127.0.0.1/34145] INFO  server.session (HouseKeeper.java:startScavenging(132)) - node0 Scavenging every 600000ms
2022-10-22 01:06:00,470 [Listener at 127.0.0.1/34145] INFO  handler.ContextHandler (ContextHandler.java:doStart(915)) - Started o.e.j.s.ServletContextHandler@5b02d7a7{logs,/logs,file:///home/runner/work/ozone/ozone/hadoop-ozone/integration-test/target/log,AVAILABLE}
2022-10-22 01:06:00,470 [Listener at 127.0.0.1/34145] INFO  handler.ContextHandler (ContextHandler.java:doStart(915)) - Started o.e.j.s.ServletContextHandler@16716806{static,/static,file:///home/runner/work/ozone/ozone/hadoop-ozone/integration-test/target/test-classes/webapps/static,AVAILABLE}
2022-10-22 01:06:00,474 [Listener at 127.0.0.1/34145] INFO  handler.ContextHandler (ContextHandler.java:doStart(915)) - Started o.e.j.w.WebAppContext@492565e3{ozoneManager,/,file:///home/runner/work/ozone/ozone/hadoop-ozone/integration-test/target/test-classes/webapps/ozoneManager/,AVAILABLE}{file:/home/runner/work/ozone/ozone/hadoop-ozone/integration-test/target/test-classes/webapps/ozoneManager}
2022-10-22 01:06:00,475 [Listener at 127.0.0.1/34145] INFO  server.AbstractConnector (AbstractConnector.java:doStart(331)) - Started ServerConnector@2421fd62{HTTP/1.1, (http/1.1)}{0.0.0.0:34609}
2022-10-22 01:06:00,476 [Listener at 127.0.0.1/34145] INFO  server.Server (Server.java:doStart(415)) - Started @6347ms
2022-10-22 01:06:00,476 [Listener at 127.0.0.1/34145] WARN  impl.MetricsSystemImpl (MetricsSystemImpl.java:register(279)) - Sink prometheus already exists!
2022-10-22 01:06:00,477 [Listener at 127.0.0.1/34145] INFO  http.BaseHttpServer (BaseHttpServer.java:updateConnectorAddress(333)) - HTTP server of ozoneManager listening at http://0.0.0.0:34609
2022-10-22 01:06:00,477 [IPC Server Responder] INFO  ipc.Server (Server.java:run(1512)) - IPC Server Responder: starting
2022-10-22 01:06:00,477 [IPC Server listener on 0] INFO  ipc.Server (Server.java:run(1352)) - IPC Server listener on 0: starting
2022-10-22 01:06:00,483 [Listener at 127.0.0.1/34145] INFO  om.OzoneManager (OzoneManager.java:startTrashEmptier(1919)) - Trash Interval set to 0. Files deleted won't move to trash
2022-10-22 01:06:00,491 [org.apache.hadoop.util.JvmPauseMonitor$Monitor@3040fba9] INFO  util.JvmPauseMonitor (JvmPauseMonitor.java:run(188)) - Starting JVM pause monitor
2022-10-22 01:06:00,627 [Listener at 127.0.0.1/34145] WARN  impl.MetricRegistriesImpl (MetricRegistriesImpl.java:addReporterRegistration(111)) - New reporters are added after registries were created. Some metrics will be missing from the reporter. Please add reporter before adding any new registry.
2022-10-22 01:06:00,627 [Listener at 127.0.0.1/34145] WARN  impl.MetricRegistriesImpl (MetricRegistriesImpl.java:addReporterRegistration(111)) - New reporters are added after registries were created. Some metrics will be missing from the reporter. Please add reporter before adding any new registry.
2022-10-22 01:06:00,627 [Listener at 127.0.0.1/34145] INFO  impl.MetricsSystemImpl (MetricsSystemImpl.java:init(158)) - HddsDatanode metrics system started (again)
2022-10-22 01:06:00,642 [Listener at 127.0.0.1/34145] INFO  ozone.HddsDatanodeService (HddsDatanodeService.java:start(236)) - HddsDatanodeService host:fv-az334-928.zg0gw54pbdoexfhqlmz30d51na.gx.internal.cloudapp.net ip:10.1.0.62
2022-10-22 01:06:00,667 [Listener at 127.0.0.1/34145] INFO  upgrade.AbstractLayoutVersionManager (AbstractLayoutVersionManager.java:init(83)) - Initializing Layout version manager with metadata layout = DATANODE_SCHEMA_V3 (version = 4), software layout = DATANODE_SCHEMA_V3 (version = 4)
2022-10-22 01:06:00,710 [Listener at 127.0.0.1/34145] INFO  reflections.Reflections (Reflections.java:scan(232)) - Reflections took 42 ms to scan 7 urls, producing 137 keys and 330 values 
2022-10-22 01:06:00,713 [Listener at 127.0.0.1/34145] INFO  statemachine.DatanodeStateMachine (DatanodeStateMachine.java:getEndPointTaskThreadPoolSize(242)) - Datanode State Machine Task Thread Pool size 2
2022-10-22 01:06:00,761 [Listener at 127.0.0.1/34145] INFO  volume.HddsVolume (HddsVolume.java:<init>(117)) - Creating HddsVolume: /home/runner/work/ozone/ozone/hadoop-ozone/integration-test/target/test-dir/MiniOzoneClusterImpl-a988f88d-4efe-430b-bf3c-a1e83706c790/datanode-0/data-0/containers/hdds of storage type : DISK capacity : 9223372036854775807
2022-10-22 01:06:00,763 [Listener at 127.0.0.1/34145] INFO  volume.MutableVolumeSet (MutableVolumeSet.java:initializeVolumeSet(174)) - Added Volume : /home/runner/work/ozone/ozone/hadoop-ozone/integration-test/target/test-dir/MiniOzoneClusterImpl-a988f88d-4efe-430b-bf3c-a1e83706c790/datanode-0/data-0/containers/hdds to VolumeSet
2022-10-22 01:06:00,764 [Listener at 127.0.0.1/34145] INFO  volume.ThrottledAsyncChecker (ThrottledAsyncChecker.java:schedule(141)) - Scheduling a check for /home/runner/work/ozone/ozone/hadoop-ozone/integration-test/target/test-dir/MiniOzoneClusterImpl-a988f88d-4efe-430b-bf3c-a1e83706c790/datanode-0/data-0/containers/hdds
2022-10-22 01:06:00,781 [Listener at 127.0.0.1/34145] INFO  volume.StorageVolumeChecker (StorageVolumeChecker.java:checkAllVolumes(202)) - Scheduled health check for volume /home/runner/work/ozone/ozone/hadoop-ozone/integration-test/target/test-dir/MiniOzoneClusterImpl-a988f88d-4efe-430b-bf3c-a1e83706c790/datanode-0/data-0/containers/hdds
2022-10-22 01:06:00,797 [Listener at 127.0.0.1/34145] INFO  volume.MutableVolumeSet (MutableVolumeSet.java:initializeVolumeSet(174)) - Added Volume : /home/runner/work/ozone/ozone/hadoop-ozone/integration-test/target/test-dir/MiniOzoneClusterImpl-a988f88d-4efe-430b-bf3c-a1e83706c790/datanode-0/data/ratis to VolumeSet
2022-10-22 01:06:00,797 [Listener at 127.0.0.1/34145] INFO  volume.ThrottledAsyncChecker (ThrottledAsyncChecker.java:schedule(141)) - Scheduling a check for /home/runner/work/ozone/ozone/hadoop-ozone/integration-test/target/test-dir/MiniOzoneClusterImpl-a988f88d-4efe-430b-bf3c-a1e83706c790/datanode-0/data/ratis
2022-10-22 01:06:00,797 [Listener at 127.0.0.1/34145] INFO  volume.StorageVolumeChecker (StorageVolumeChecker.java:checkAllVolumes(202)) - Scheduled health check for volume /home/runner/work/ozone/ozone/hadoop-ozone/integration-test/target/test-dir/MiniOzoneClusterImpl-a988f88d-4efe-430b-bf3c-a1e83706c790/datanode-0/data/ratis
2022-10-22 01:06:00,817 [Thread-136] INFO  ozoneimpl.ContainerReader (ContainerReader.java:readVolume(175)) - Finish verifying containers on volume /home/runner/work/ozone/ozone/hadoop-ozone/integration-test/target/test-dir/MiniOzoneClusterImpl-a988f88d-4efe-430b-bf3c-a1e83706c790/datanode-0/data-0/containers/hdds
2022-10-22 01:06:00,818 [Listener at 127.0.0.1/34145] INFO  ozoneimpl.OzoneContainer (OzoneContainer.java:buildContainerSet(300)) - Build ContainerSet costs 0s
2022-10-22 01:06:00,861 [Listener at 127.0.0.1/34145] INFO  audit.AuditLogger (AuditLogger.java:refreshDebugCmdSet(126)) - Refresh DebugCmdSet for DNAudit to [].
2022-10-22 01:06:00,887 [Listener at 127.0.0.1/34145] INFO  server.RaftServer (ConfUtils.java:logGet(46)) - raft.rpc.type = GRPC (default)
2022-10-22 01:06:00,887 [Listener at 127.0.0.1/34145] INFO  grpc.GrpcConfigKeys (ConfUtils.java:logFallback(53)) - raft.grpc.admin.host = null (fallback to raft.grpc.server.host)
2022-10-22 01:06:00,887 [Listener at 127.0.0.1/34145] INFO  grpc.GrpcConfigKeys (ConfUtils.java:logGet(46)) - raft.grpc.admin.port = 0 (custom)
2022-10-22 01:06:00,887 [Listener at 127.0.0.1/34145] INFO  grpc.GrpcConfigKeys (ConfUtils.java:logFallback(53)) - raft.grpc.client.host = null (fallback to raft.grpc.server.host)
2022-10-22 01:06:00,888 [Listener at 127.0.0.1/34145] INFO  grpc.GrpcConfigKeys (ConfUtils.java:logGet(46)) - raft.grpc.client.port = 0 (custom)
2022-10-22 01:06:00,888 [Listener at 127.0.0.1/34145] INFO  grpc.GrpcConfigKeys (ConfUtils.java:logGet(46)) - raft.grpc.server.host = null (default)
2022-10-22 01:06:00,888 [Listener at 127.0.0.1/34145] INFO  grpc.GrpcConfigKeys (ConfUtils.java:logGet(46)) - raft.grpc.server.port = 0 (default)
2022-10-22 01:06:00,888 [Listener at 127.0.0.1/34145] INFO  server.GrpcService (ConfUtils.java:logGet(46)) - raft.grpc.message.size.max = 32MB (=33554432) (custom)
2022-10-22 01:06:00,888 [Listener at 127.0.0.1/34145] INFO  server.RaftServerConfigKeys (ConfUtils.java:logGet(46)) - raft.server.log.appender.buffer.byte-limit = 33554432 (custom)
2022-10-22 01:06:00,888 [Listener at 127.0.0.1/34145] INFO  server.GrpcService (ConfUtils.java:logGet(46)) - raft.grpc.flow.control.window = 5MB (=5242880) (custom)
2022-10-22 01:06:00,888 [Listener at 127.0.0.1/34145] INFO  server.RaftServerConfigKeys (ConfUtils.java:logGet(46)) - raft.server.rpc.request.timeout = 60s (custom)
2022-10-22 01:06:00,889 [Listener at 127.0.0.1/34145] INFO  grpc.GrpcConfigKeys (ConfUtils.java:logGet(46)) - raft.grpc.server.heartbeat.channel = true (default)
2022-10-22 01:06:00,889 [Listener at 127.0.0.1/34145] INFO  grpc.GrpcConfigKeys (ConfUtils.java:logGet(46)) - raft.grpc.server.async.request.thread.pool.cached = true (default)
2022-10-22 01:06:00,889 [Listener at 127.0.0.1/34145] INFO  grpc.GrpcConfigKeys (ConfUtils.java:logGet(46)) - raft.grpc.server.async.request.thread.pool.size = 32 (default)
2022-10-22 01:06:00,890 [Listener at 127.0.0.1/34145] INFO  impl.DataStreamServerImpl (ConfUtils.java:logGet(46)) - raft.datastream.type = DISABLED (default)
2022-10-22 01:06:00,890 [Listener at 127.0.0.1/34145] INFO  server.RaftServerConfigKeys (ConfUtils.java:logGet(46)) - raft.server.threadpool.proxy.cached = true (default)
2022-10-22 01:06:00,890 [Listener at 127.0.0.1/34145] INFO  server.RaftServerConfigKeys (ConfUtils.java:logGet(46)) - raft.server.threadpool.proxy.size = 0 (default)
2022-10-22 01:06:00,890 [Listener at 127.0.0.1/34145] INFO  server.RaftServerConfigKeys (ConfUtils.java:logGet(46)) - raft.server.rpc.slowness.timeout = 300s (custom)
2022-10-22 01:06:00,891 [Listener at 127.0.0.1/34145] INFO  server.RaftServerConfigKeys (ConfUtils.java:logGet(46)) - raft.server.leaderelection.leader.step-down.wait-time = 10s (default)
2022-10-22 01:06:00,891 [Listener at 127.0.0.1/34145] INFO  server.RaftServerConfigKeys (ConfUtils.java:logGet(46)) - raft.server.storage.dir = [/home/runner/work/ozone/ozone/hadoop-ozone/integration-test/target/test-dir/MiniOzoneClusterImpl-a988f88d-4efe-430b-bf3c-a1e83706c790/datanode-0/data/ratis] (custom)
2022-10-22 01:06:00,907 [Listener at 127.0.0.1/34145] INFO  server.XceiverServerGrpc (XceiverServerGrpc.java:<init>(132)) - GrpcServer channel type EpollServerSocketChannel
2022-10-22 01:06:00,999 [Listener at 127.0.0.1/34145] INFO  http.BaseHttpServer (BaseHttpServer.java:newHttpServer2BuilderForOzone(213)) - Starting Web-server for hddsDatanode at: http://0.0.0.0:0
2022-10-22 01:06:01,000 [Listener at 127.0.0.1/34145] INFO  http.BaseHttpServer (BaseHttpServer.java:<init>(108)) - Hadoop Security Enabled: false Ozone Security Enabled: false Ozone HTTP Security Enabled: false 
2022-10-22 01:06:01,002 [Listener at 127.0.0.1/34145] WARN  server.AuthenticationFilter (AuthenticationFilter.java:constructSecretProvider(240)) - Unable to initialize FileSignerSecretProvider, falling back to use random secrets. Reason: Could not read signature secret file: /home/runner/hadoop-http-auth-signature-secret
2022-10-22 01:06:01,003 [Listener at 127.0.0.1/34145] WARN  http.HttpRequestLog (HttpRequestLog.java:getRequestLog(103)) - Jetty request log can only be enabled using Log4j
2022-10-22 01:06:01,004 [Listener at 127.0.0.1/34145] INFO  http.HttpServer2 (HttpServer2.java:addGlobalFilter(1031)) - Added global filter 'safety' (class=org.apache.hadoop.hdds.server.http.HttpServer2$QuotingInputFilter)
2022-10-22 01:06:01,005 [Listener at 127.0.0.1/34145] INFO  http.HttpServer2 (HttpServer2.java:addFilter(1007)) - Added filter static_user_filter (class=org.apache.hadoop.http.lib.StaticUserWebFilter$StaticUserFilter) to context hddsDatanode
2022-10-22 01:06:01,005 [Listener at 127.0.0.1/34145] INFO  http.HttpServer2 (HttpServer2.java:addFilter(1015)) - Added filter static_user_filter (class=org.apache.hadoop.http.lib.StaticUserWebFilter$StaticUserFilter) to context logs
2022-10-22 01:06:01,005 [Listener at 127.0.0.1/34145] INFO  http.HttpServer2 (HttpServer2.java:addFilter(1015)) - Added filter static_user_filter (class=org.apache.hadoop.http.lib.StaticUserWebFilter$StaticUserFilter) to context static
2022-10-22 01:06:01,006 [Listener at 127.0.0.1/34145] INFO  http.HttpServer2 (HttpServer2.java:bindListener(1250)) - Jetty bound to port 39049
2022-10-22 01:06:01,006 [Listener at 127.0.0.1/34145] INFO  server.Server (Server.java:doStart(375)) - jetty-9.4.43.v20210629; built: 2021-06-30T11:07:22.254Z; git: 526006ecfa3af7f1a27ef3a288e2bef7ea9dd7e8; jvm 1.8.0_345-b01
2022-10-22 01:06:01,018 [Listener at 127.0.0.1/34145] INFO  server.session (DefaultSessionIdManager.java:doStart(334)) - DefaultSessionIdManager workerName=node0
2022-10-22 01:06:01,018 [Listener at 127.0.0.1/34145] INFO  server.session (DefaultSessionIdManager.java:doStart(339)) - No SessionScavenger set, using defaults
2022-10-22 01:06:01,019 [Listener at 127.0.0.1/34145] INFO  server.session (HouseKeeper.java:startScavenging(132)) - node0 Scavenging every 600000ms
2022-10-22 01:06:01,019 [Listener at 127.0.0.1/34145] INFO  handler.ContextHandler (ContextHandler.java:doStart(915)) - Started o.e.j.s.ServletContextHandler@3f7e77ee{logs,/logs,file:///home/runner/work/ozone/ozone/hadoop-ozone/integration-test/target/log,AVAILABLE}
2022-10-22 01:06:01,020 [Listener at 127.0.0.1/34145] INFO  handler.ContextHandler (ContextHandler.java:doStart(915)) - Started o.e.j.s.ServletContextHandler@1343b038{static,/static,jar:file:/home/runner/.m2/repository/org/apache/ozone/hdds-container-service/1.3.0-SNAPSHOT/hdds-container-service-1.3.0-SNAPSHOT.jar!/webapps/static,AVAILABLE}
2022-10-22 01:06:01,216 [Listener at 127.0.0.1/34145] INFO  handler.ContextHandler (ContextHandler.java:doStart(915)) - Started o.e.j.w.WebAppContext@3b94d98d{hddsDatanode,/,file:///tmp/jetty-0_0_0_0-39049-hdds-container-service-1_3_0-SNAPSHOT_jar-_-any-1594213086006747867/webapp/,AVAILABLE}{jar:file:/home/runner/.m2/repository/org/apache/ozone/hdds-container-service/1.3.0-SNAPSHOT/hdds-container-service-1.3.0-SNAPSHOT.jar!/webapps/hddsDatanode}
2022-10-22 01:06:01,217 [Listener at 127.0.0.1/34145] INFO  server.AbstractConnector (AbstractConnector.java:doStart(331)) - Started ServerConnector@56c4bb46{HTTP/1.1, (http/1.1)}{0.0.0.0:39049}
2022-10-22 01:06:01,217 [Listener at 127.0.0.1/34145] INFO  server.Server (Server.java:doStart(415)) - Started @7088ms
2022-10-22 01:06:01,217 [Listener at 127.0.0.1/34145] WARN  impl.MetricsSystemImpl (MetricsSystemImpl.java:register(279)) - Sink prometheus already exists!
2022-10-22 01:06:01,218 [Listener at 127.0.0.1/34145] INFO  http.BaseHttpServer (BaseHttpServer.java:updateConnectorAddress(333)) - HTTP server of hddsDatanode listening at http://0.0.0.0:39049
2022-10-22 01:06:01,219 [Listener at 127.0.0.1/34145] WARN  impl.MetricRegistriesImpl (MetricRegistriesImpl.java:addReporterRegistration(111)) - New reporters are added after registries were created. Some metrics will be missing from the reporter. Please add reporter before adding any new registry.
2022-10-22 01:06:01,219 [Listener at 127.0.0.1/34145] WARN  impl.MetricRegistriesImpl (MetricRegistriesImpl.java:addReporterRegistration(111)) - New reporters are added after registries were created. Some metrics will be missing from the reporter. Please add reporter before adding any new registry.
2022-10-22 01:06:01,219 [Listener at 127.0.0.1/34145] INFO  impl.MetricsSystemImpl (MetricsSystemImpl.java:init(158)) - HddsDatanode metrics system started (again)
2022-10-22 01:06:01,223 [Datanode State Machine Daemon Thread] INFO  statemachine.DatanodeStateMachine (DatanodeStateMachine.java:lambda$startDaemon$0(498)) - Ozone container server started.
2022-10-22 01:06:01,235 [Listener at 127.0.0.1/34145] INFO  ozone.HddsDatanodeService (HddsDatanodeService.java:start(236)) - HddsDatanodeService host:fv-az334-928.zg0gw54pbdoexfhqlmz30d51na.gx.internal.cloudapp.net ip:10.1.0.62
2022-10-22 01:06:01,259 [Listener at 127.0.0.1/34145] INFO  upgrade.AbstractLayoutVersionManager (AbstractLayoutVersionManager.java:init(83)) - Initializing Layout version manager with metadata layout = DATANODE_SCHEMA_V3 (version = 4), software layout = DATANODE_SCHEMA_V3 (version = 4)
2022-10-22 01:06:01,282 [org.apache.hadoop.util.JvmPauseMonitor$Monitor@34c18678] INFO  util.JvmPauseMonitor (JvmPauseMonitor.java:run(188)) - Starting JVM pause monitor
2022-10-22 01:06:01,306 [Listener at 127.0.0.1/34145] INFO  reflections.Reflections (Reflections.java:scan(232)) - Reflections took 46 ms to scan 7 urls, producing 137 keys and 330 values 
2022-10-22 01:06:01,308 [Listener at 127.0.0.1/34145] INFO  statemachine.DatanodeStateMachine (DatanodeStateMachine.java:getEndPointTaskThreadPoolSize(242)) - Datanode State Machine Task Thread Pool size 2
2022-10-22 01:06:01,310 [Listener at 127.0.0.1/34145] INFO  volume.HddsVolume (HddsVolume.java:<init>(117)) - Creating HddsVolume: /home/runner/work/ozone/ozone/hadoop-ozone/integration-test/target/test-dir/MiniOzoneClusterImpl-a988f88d-4efe-430b-bf3c-a1e83706c790/datanode-1/data-0/containers/hdds of storage type : DISK capacity : 9223372036854775807
2022-10-22 01:06:01,310 [Listener at 127.0.0.1/34145] INFO  volume.MutableVolumeSet (MutableVolumeSet.java:initializeVolumeSet(174)) - Added Volume : /home/runner/work/ozone/ozone/hadoop-ozone/integration-test/target/test-dir/MiniOzoneClusterImpl-a988f88d-4efe-430b-bf3c-a1e83706c790/datanode-1/data-0/containers/hdds to VolumeSet
2022-10-22 01:06:01,310 [Listener at 127.0.0.1/34145] INFO  volume.ThrottledAsyncChecker (ThrottledAsyncChecker.java:schedule(141)) - Scheduling a check for /home/runner/work/ozone/ozone/hadoop-ozone/integration-test/target/test-dir/MiniOzoneClusterImpl-a988f88d-4efe-430b-bf3c-a1e83706c790/datanode-1/data-0/containers/hdds
2022-10-22 01:06:01,311 [Listener at 127.0.0.1/34145] INFO  volume.StorageVolumeChecker (StorageVolumeChecker.java:checkAllVolumes(202)) - Scheduled health check for volume /home/runner/work/ozone/ozone/hadoop-ozone/integration-test/target/test-dir/MiniOzoneClusterImpl-a988f88d-4efe-430b-bf3c-a1e83706c790/datanode-1/data-0/containers/hdds
2022-10-22 01:06:01,322 [Listener at 127.0.0.1/34145] INFO  volume.MutableVolumeSet (MutableVolumeSet.java:initializeVolumeSet(174)) - Added Volume : /home/runner/work/ozone/ozone/hadoop-ozone/integration-test/target/test-dir/MiniOzoneClusterImpl-a988f88d-4efe-430b-bf3c-a1e83706c790/datanode-1/data/ratis to VolumeSet
2022-10-22 01:06:01,322 [Listener at 127.0.0.1/34145] INFO  volume.ThrottledAsyncChecker (ThrottledAsyncChecker.java:schedule(141)) - Scheduling a check for /home/runner/work/ozone/ozone/hadoop-ozone/integration-test/target/test-dir/MiniOzoneClusterImpl-a988f88d-4efe-430b-bf3c-a1e83706c790/datanode-1/data/ratis
2022-10-22 01:06:01,322 [Listener at 127.0.0.1/34145] INFO  volume.StorageVolumeChecker (StorageVolumeChecker.java:checkAllVolumes(202)) - Scheduled health check for volume /home/runner/work/ozone/ozone/hadoop-ozone/integration-test/target/test-dir/MiniOzoneClusterImpl-a988f88d-4efe-430b-bf3c-a1e83706c790/datanode-1/data/ratis
2022-10-22 01:06:01,333 [Thread-149] INFO  ozoneimpl.ContainerReader (ContainerReader.java:readVolume(175)) - Finish verifying containers on volume /home/runner/work/ozone/ozone/hadoop-ozone/integration-test/target/test-dir/MiniOzoneClusterImpl-a988f88d-4efe-430b-bf3c-a1e83706c790/datanode-1/data-0/containers/hdds
2022-10-22 01:06:01,335 [Listener at 127.0.0.1/34145] INFO  ozoneimpl.OzoneContainer (OzoneContainer.java:buildContainerSet(300)) - Build ContainerSet costs 0s
2022-10-22 01:06:01,338 [Listener at 127.0.0.1/34145] INFO  server.RaftServer (ConfUtils.java:logGet(46)) - raft.rpc.type = GRPC (default)
2022-10-22 01:06:01,338 [Listener at 127.0.0.1/34145] INFO  grpc.GrpcConfigKeys (ConfUtils.java:logFallback(53)) - raft.grpc.admin.host = null (fallback to raft.grpc.server.host)
2022-10-22 01:06:01,339 [Listener at 127.0.0.1/34145] INFO  grpc.GrpcConfigKeys (ConfUtils.java:logGet(46)) - raft.grpc.admin.port = 0 (custom)
2022-10-22 01:06:01,339 [Listener at 127.0.0.1/34145] INFO  grpc.GrpcConfigKeys (ConfUtils.java:logFallback(53)) - raft.grpc.client.host = null (fallback to raft.grpc.server.host)
2022-10-22 01:06:01,339 [Listener at 127.0.0.1/34145] INFO  grpc.GrpcConfigKeys (ConfUtils.java:logGet(46)) - raft.grpc.client.port = 0 (custom)
2022-10-22 01:06:01,340 [Listener at 127.0.0.1/34145] INFO  grpc.GrpcConfigKeys (ConfUtils.java:logGet(46)) - raft.grpc.server.host = null (default)
2022-10-22 01:06:01,340 [Listener at 127.0.0.1/34145] INFO  grpc.GrpcConfigKeys (ConfUtils.java:logGet(46)) - raft.grpc.server.port = 0 (default)
2022-10-22 01:06:01,340 [Listener at 127.0.0.1/34145] INFO  server.GrpcService (ConfUtils.java:logGet(46)) - raft.grpc.message.size.max = 32MB (=33554432) (custom)
2022-10-22 01:06:01,340 [Listener at 127.0.0.1/34145] INFO  server.RaftServerConfigKeys (ConfUtils.java:logGet(46)) - raft.server.log.appender.buffer.byte-limit = 33554432 (custom)
2022-10-22 01:06:01,340 [Listener at 127.0.0.1/34145] INFO  server.GrpcService (ConfUtils.java:logGet(46)) - raft.grpc.flow.control.window = 5MB (=5242880) (custom)
2022-10-22 01:06:01,341 [Listener at 127.0.0.1/34145] INFO  server.RaftServerConfigKeys (ConfUtils.java:logGet(46)) - raft.server.rpc.request.timeout = 60s (custom)
2022-10-22 01:06:01,341 [Listener at 127.0.0.1/34145] INFO  grpc.GrpcConfigKeys (ConfUtils.java:logGet(46)) - raft.grpc.server.heartbeat.channel = true (default)
2022-10-22 01:06:01,341 [Listener at 127.0.0.1/34145] INFO  grpc.GrpcConfigKeys (ConfUtils.java:logGet(46)) - raft.grpc.server.async.request.thread.pool.cached = true (default)
2022-10-22 01:06:01,342 [Listener at 127.0.0.1/34145] INFO  grpc.GrpcConfigKeys (ConfUtils.java:logGet(46)) - raft.grpc.server.async.request.thread.pool.size = 32 (default)
2022-10-22 01:06:01,344 [Listener at 127.0.0.1/34145] INFO  impl.DataStreamServerImpl (ConfUtils.java:logGet(46)) - raft.datastream.type = DISABLED (default)
2022-10-22 01:06:01,344 [Listener at 127.0.0.1/34145] INFO  server.RaftServerConfigKeys (ConfUtils.java:logGet(46)) - raft.server.threadpool.proxy.cached = true (default)
2022-10-22 01:06:01,344 [Listener at 127.0.0.1/34145] INFO  server.RaftServerConfigKeys (ConfUtils.java:logGet(46)) - raft.server.threadpool.proxy.size = 0 (default)
2022-10-22 01:06:01,344 [Listener at 127.0.0.1/34145] INFO  server.RaftServerConfigKeys (ConfUtils.java:logGet(46)) - raft.server.rpc.slowness.timeout = 300s (custom)
2022-10-22 01:06:01,344 [Listener at 127.0.0.1/34145] INFO  server.RaftServerConfigKeys (ConfUtils.java:logGet(46)) - raft.server.leaderelection.leader.step-down.wait-time = 10s (default)
2022-10-22 01:06:01,345 [Listener at 127.0.0.1/34145] INFO  server.RaftServerConfigKeys (ConfUtils.java:logGet(46)) - raft.server.storage.dir = [/home/runner/work/ozone/ozone/hadoop-ozone/integration-test/target/test-dir/MiniOzoneClusterImpl-a988f88d-4efe-430b-bf3c-a1e83706c790/datanode-1/data/ratis] (custom)
2022-10-22 01:06:01,360 [Listener at 127.0.0.1/34145] INFO  server.XceiverServerGrpc (XceiverServerGrpc.java:<init>(132)) - GrpcServer channel type EpollServerSocketChannel
2022-10-22 01:06:01,366 [Listener at 127.0.0.1/34145] INFO  http.BaseHttpServer (BaseHttpServer.java:newHttpServer2BuilderForOzone(213)) - Starting Web-server for hddsDatanode at: http://0.0.0.0:0
2022-10-22 01:06:01,367 [Listener at 127.0.0.1/34145] INFO  http.BaseHttpServer (BaseHttpServer.java:<init>(108)) - Hadoop Security Enabled: false Ozone Security Enabled: false Ozone HTTP Security Enabled: false 
2022-10-22 01:06:01,368 [Listener at 127.0.0.1/34145] WARN  server.AuthenticationFilter (AuthenticationFilter.java:constructSecretProvider(240)) - Unable to initialize FileSignerSecretProvider, falling back to use random secrets. Reason: Could not read signature secret file: /home/runner/hadoop-http-auth-signature-secret
2022-10-22 01:06:01,374 [Listener at 127.0.0.1/34145] WARN  http.HttpRequestLog (HttpRequestLog.java:getRequestLog(103)) - Jetty request log can only be enabled using Log4j
2022-10-22 01:06:01,375 [Listener at 127.0.0.1/34145] INFO  http.HttpServer2 (HttpServer2.java:addGlobalFilter(1031)) - Added global filter 'safety' (class=org.apache.hadoop.hdds.server.http.HttpServer2$QuotingInputFilter)
2022-10-22 01:06:01,376 [Listener at 127.0.0.1/34145] INFO  http.HttpServer2 (HttpServer2.java:addFilter(1007)) - Added filter static_user_filter (class=org.apache.hadoop.http.lib.StaticUserWebFilter$StaticUserFilter) to context hddsDatanode
2022-10-22 01:06:01,376 [Listener at 127.0.0.1/34145] INFO  http.HttpServer2 (HttpServer2.java:addFilter(1015)) - Added filter static_user_filter (class=org.apache.hadoop.http.lib.StaticUserWebFilter$StaticUserFilter) to context static
2022-10-22 01:06:01,377 [Listener at 127.0.0.1/34145] INFO  http.HttpServer2 (HttpServer2.java:addFilter(1015)) - Added filter static_user_filter (class=org.apache.hadoop.http.lib.StaticUserWebFilter$StaticUserFilter) to context logs
2022-10-22 01:06:01,377 [Listener at 127.0.0.1/34145] INFO  http.HttpServer2 (HttpServer2.java:bindListener(1250)) - Jetty bound to port 43405
2022-10-22 01:06:01,377 [Listener at 127.0.0.1/34145] INFO  server.Server (Server.java:doStart(375)) - jetty-9.4.43.v20210629; built: 2021-06-30T11:07:22.254Z; git: 526006ecfa3af7f1a27ef3a288e2bef7ea9dd7e8; jvm 1.8.0_345-b01
2022-10-22 01:06:01,417 [Datanode State Machine Task Thread - 0] INFO  datanode.InitDatanodeState (InitDatanodeState.java:persistContainerDatanodeDetails(138)) - DatanodeDetails is persisted to /home/runner/work/ozone/ozone/hadoop-ozone/integration-test/target/test-dir/MiniOzoneClusterImpl-a988f88d-4efe-430b-bf3c-a1e83706c790/datanode-0/meta/datanode.id
2022-10-22 01:06:01,419 [Listener at 127.0.0.1/34145] INFO  server.session (DefaultSessionIdManager.java:doStart(334)) - DefaultSessionIdManager workerName=node0
2022-10-22 01:06:01,419 [Listener at 127.0.0.1/34145] INFO  server.session (DefaultSessionIdManager.java:doStart(339)) - No SessionScavenger set, using defaults
2022-10-22 01:06:01,419 [Listener at 127.0.0.1/34145] INFO  server.session (HouseKeeper.java:startScavenging(132)) - node0 Scavenging every 600000ms
2022-10-22 01:06:01,420 [Listener at 127.0.0.1/34145] INFO  handler.ContextHandler (ContextHandler.java:doStart(915)) - Started o.e.j.s.ServletContextHandler@446544fb{logs,/logs,file:///home/runner/work/ozone/ozone/hadoop-ozone/integration-test/target/log,AVAILABLE}
2022-10-22 01:06:01,420 [Listener at 127.0.0.1/34145] INFO  handler.ContextHandler (ContextHandler.java:doStart(915)) - Started o.e.j.s.ServletContextHandler@384f8455{static,/static,jar:file:/home/runner/.m2/repository/org/apache/ozone/hdds-container-service/1.3.0-SNAPSHOT/hdds-container-service-1.3.0-SNAPSHOT.jar!/webapps/static,AVAILABLE}
2022-10-22 01:06:01,545 [om1@group-C5BA1605619E-FollowerState] INFO  impl.FollowerState (FollowerState.java:run(143)) - om1@group-C5BA1605619E-FollowerState: change to CANDIDATE, lastRpcElapsedTime:1178566422ns, electionTimeout:1170ms
2022-10-22 01:06:01,546 [om1@group-C5BA1605619E-FollowerState] INFO  impl.RoleInfo (RoleInfo.java:shutdownFollowerState(110)) - om1: shutdown om1@group-C5BA1605619E-FollowerState
2022-10-22 01:06:01,546 [om1@group-C5BA1605619E-FollowerState] INFO  server.RaftServer$Division (RaftServerImpl.java:setRole(321)) - om1@group-C5BA1605619E: changes role from  FOLLOWER to CANDIDATE at term 0 for changeToCandidate
2022-10-22 01:06:01,549 [om1@group-C5BA1605619E-FollowerState] INFO  server.RaftServerConfigKeys (ConfUtils.java:logGet(46)) - raft.server.leaderelection.pre-vote = false (custom)
2022-10-22 01:06:01,549 [om1@group-C5BA1605619E-FollowerState] INFO  impl.RoleInfo (RoleInfo.java:updateAndGet(139)) - om1: start om1@group-C5BA1605619E-LeaderElection1
2022-10-22 01:06:01,557 [om1@group-C5BA1605619E-LeaderElection1] INFO  impl.LeaderElection (LeaderElection.java:askForVotes(312)) - om1@group-C5BA1605619E-LeaderElection1 ELECTION round 0: submit vote requests at term 1 for -1: peers:[om1|rpc:localhost:9872|priority:0|startupRole:FOLLOWER]|listeners:[], old=null
2022-10-22 01:06:01,557 [om1@group-C5BA1605619E-LeaderElection1] INFO  impl.LeaderElection (LeaderElection.java:askForVotes(314)) - om1@group-C5BA1605619E-LeaderElection1 ELECTION round 0: result PASSED (term=1)
2022-10-22 01:06:01,558 [om1@group-C5BA1605619E-LeaderElection1] INFO  impl.RoleInfo (RoleInfo.java:shutdownLeaderElection(130)) - om1: shutdown om1@group-C5BA1605619E-LeaderElection1
2022-10-22 01:06:01,558 [om1@group-C5BA1605619E-LeaderElection1] INFO  server.RaftServer$Division (RaftServerImpl.java:setRole(321)) - om1@group-C5BA1605619E: changes role from CANDIDATE to LEADER at term 1 for changeToLeader
2022-10-22 01:06:01,558 [om1@group-C5BA1605619E-LeaderElection1] INFO  server.RaftServer$Division (ServerState.java:setLeader(313)) - om1@group-C5BA1605619E: change Leader from null to om1 at term 1 for becomeLeader, leader elected after 2157ms
2022-10-22 01:06:01,565 [om1@group-C5BA1605619E-LeaderElection1] INFO  server.RaftServerConfigKeys (ConfUtils.java:logGet(46)) - raft.server.staging.catchup.gap = 1000 (default)
2022-10-22 01:06:01,569 [om1@group-C5BA1605619E-LeaderElection1] INFO  server.RaftServerConfigKeys (ConfUtils.java:logGet(46)) - raft.server.write.element-limit = 4096 (default)
2022-10-22 01:06:01,569 [om1@group-C5BA1605619E-LeaderElection1] INFO  server.RaftServerConfigKeys (ConfUtils.java:logGet(46)) - raft.server.write.byte-limit = 64MB (=67108864) (default)
2022-10-22 01:06:01,574 [om1@group-C5BA1605619E-LeaderElection1] INFO  server.RaftServerConfigKeys (ConfUtils.java:logGet(46)) - raft.server.watch.timeout = 10s (default)
2022-10-22 01:06:01,574 [om1@group-C5BA1605619E-LeaderElection1] INFO  server.RaftServerConfigKeys (ConfUtils.java:logGet(46)) - raft.server.watch.timeout.denomination = 1s (default)
2022-10-22 01:06:01,574 [om1@group-C5BA1605619E-LeaderElection1] INFO  server.RaftServerConfigKeys (ConfUtils.java:logGet(46)) - raft.server.watch.element-limit = 65536 (default)
2022-10-22 01:06:01,578 [om1@group-C5BA1605619E-LeaderElection1] INFO  server.RaftServerConfigKeys (ConfUtils.java:logGet(46)) - raft.server.write.element-limit = 4096 (default)
2022-10-22 01:06:01,583 [om1@group-C5BA1605619E-LeaderElection1] INFO  server.RaftServerConfigKeys (ConfUtils.java:logGet(46)) - raft.server.write.follower.gap.ratio.max = -1.0 (default)
2022-10-22 01:06:01,585 [om1@group-C5BA1605619E-LeaderElection1] INFO  impl.RoleInfo (RoleInfo.java:updateAndGet(139)) - om1: start om1@group-C5BA1605619E-LeaderStateImpl
2022-10-22 01:06:01,616 [om1@group-C5BA1605619E-LeaderElection1] INFO  segmented.SegmentedRaftLogWorker (SegmentedRaftLogWorker.java:startLogSegment(452)) - om1@group-C5BA1605619E-SegmentedRaftLogWorker: Starting segment from index:0
2022-10-22 01:06:01,623 [Listener at 127.0.0.1/34145] INFO  handler.ContextHandler (ContextHandler.java:doStart(915)) - Started o.e.j.w.WebAppContext@165742b1{hddsDatanode,/,file:///tmp/jetty-0_0_0_0-43405-hdds-container-service-1_3_0-SNAPSHOT_jar-_-any-6495590145493597736/webapp/,AVAILABLE}{jar:file:/home/runner/.m2/repository/org/apache/ozone/hdds-container-service/1.3.0-SNAPSHOT/hdds-container-service-1.3.0-SNAPSHOT.jar!/webapps/hddsDatanode}
2022-10-22 01:06:01,624 [Listener at 127.0.0.1/34145] INFO  server.AbstractConnector (AbstractConnector.java:doStart(331)) - Started ServerConnector@1f980706{HTTP/1.1, (http/1.1)}{0.0.0.0:43405}
2022-10-22 01:06:01,624 [Listener at 127.0.0.1/34145] INFO  server.Server (Server.java:doStart(415)) - Started @7496ms
2022-10-22 01:06:01,625 [Listener at 127.0.0.1/34145] WARN  impl.MetricsSystemImpl (MetricsSystemImpl.java:register(279)) - Sink prometheus already exists!
2022-10-22 01:06:01,625 [Listener at 127.0.0.1/34145] INFO  http.BaseHttpServer (BaseHttpServer.java:updateConnectorAddress(333)) - HTTP server of hddsDatanode listening at http://0.0.0.0:43405
2022-10-22 01:06:01,639 [Datanode State Machine Daemon Thread] INFO  statemachine.DatanodeStateMachine (DatanodeStateMachine.java:lambda$startDaemon$0(498)) - Ozone container server started.
2022-10-22 01:06:01,639 [Listener at 127.0.0.1/34145] WARN  impl.MetricRegistriesImpl (MetricRegistriesImpl.java:addReporterRegistration(111)) - New reporters are added after registries were created. Some metrics will be missing from the reporter. Please add reporter before adding any new registry.
2022-10-22 01:06:01,639 [Listener at 127.0.0.1/34145] WARN  impl.MetricRegistriesImpl (MetricRegistriesImpl.java:addReporterRegistration(111)) - New reporters are added after registries were created. Some metrics will be missing from the reporter. Please add reporter before adding any new registry.
2022-10-22 01:06:01,639 [Listener at 127.0.0.1/34145] INFO  impl.MetricsSystemImpl (MetricsSystemImpl.java:init(158)) - HddsDatanode metrics system started (again)
2022-10-22 01:06:01,658 [Listener at 127.0.0.1/34145] INFO  ozone.HddsDatanodeService (HddsDatanodeService.java:start(236)) - HddsDatanodeService host:fv-az334-928.zg0gw54pbdoexfhqlmz30d51na.gx.internal.cloudapp.net ip:10.1.0.62
2022-10-22 01:06:01,675 [om1@group-C5BA1605619E-LeaderElection1] INFO  server.RaftServer$Division (ServerState.java:setRaftConf(430)) - om1@group-C5BA1605619E: set configuration 0: peers:[om1|rpc:localhost:9872|admin:|client:|dataStream:|priority:0|startupRole:FOLLOWER]|listeners:[], old=null
2022-10-22 01:06:01,687 [Listener at 127.0.0.1/34145] INFO  upgrade.AbstractLayoutVersionManager (AbstractLayoutVersionManager.java:init(83)) - Initializing Layout version manager with metadata layout = DATANODE_SCHEMA_V3 (version = 4), software layout = DATANODE_SCHEMA_V3 (version = 4)
2022-10-22 01:06:01,698 [org.apache.hadoop.util.JvmPauseMonitor$Monitor@5ca89c23] INFO  util.JvmPauseMonitor (JvmPauseMonitor.java:run(188)) - Starting JVM pause monitor
2022-10-22 01:06:01,728 [Datanode State Machine Task Thread - 0] INFO  datanode.InitDatanodeState (InitDatanodeState.java:persistContainerDatanodeDetails(138)) - DatanodeDetails is persisted to /home/runner/work/ozone/ozone/hadoop-ozone/integration-test/target/test-dir/MiniOzoneClusterImpl-a988f88d-4efe-430b-bf3c-a1e83706c790/datanode-1/meta/datanode.id
2022-10-22 01:06:01,785 [Listener at 127.0.0.1/34145] INFO  reflections.Reflections (Reflections.java:scan(232)) - Reflections took 97 ms to scan 7 urls, producing 137 keys and 330 values 
2022-10-22 01:06:01,796 [Listener at 127.0.0.1/34145] INFO  statemachine.DatanodeStateMachine (DatanodeStateMachine.java:getEndPointTaskThreadPoolSize(242)) - Datanode State Machine Task Thread Pool size 2
2022-10-22 01:06:01,798 [Listener at 127.0.0.1/34145] INFO  volume.HddsVolume (HddsVolume.java:<init>(117)) - Creating HddsVolume: /home/runner/work/ozone/ozone/hadoop-ozone/integration-test/target/test-dir/MiniOzoneClusterImpl-a988f88d-4efe-430b-bf3c-a1e83706c790/datanode-2/data-0/containers/hdds of storage type : DISK capacity : 9223372036854775807
2022-10-22 01:06:01,798 [om1@group-C5BA1605619E-SegmentedRaftLogWorker] INFO  segmented.SegmentedRaftLogWorker (SegmentedRaftLogWorker.java:execute(656)) - om1@group-C5BA1605619E-SegmentedRaftLogWorker: created new log segment /home/runner/work/ozone/ozone/hadoop-ozone/integration-test/target/test-dir/MiniOzoneClusterImpl-a988f88d-4efe-430b-bf3c-a1e83706c790/ozone-meta/ratis/bf265839-605b-3f16-9796-c5ba1605619e/current/log_inprogress_0
2022-10-22 01:06:01,799 [Listener at 127.0.0.1/34145] INFO  volume.MutableVolumeSet (MutableVolumeSet.java:initializeVolumeSet(174)) - Added Volume : /home/runner/work/ozone/ozone/hadoop-ozone/integration-test/target/test-dir/MiniOzoneClusterImpl-a988f88d-4efe-430b-bf3c-a1e83706c790/datanode-2/data-0/containers/hdds to VolumeSet
2022-10-22 01:06:01,799 [Listener at 127.0.0.1/34145] INFO  volume.ThrottledAsyncChecker (ThrottledAsyncChecker.java:schedule(141)) - Scheduling a check for /home/runner/work/ozone/ozone/hadoop-ozone/integration-test/target/test-dir/MiniOzoneClusterImpl-a988f88d-4efe-430b-bf3c-a1e83706c790/datanode-2/data-0/containers/hdds
2022-10-22 01:06:01,800 [Listener at 127.0.0.1/34145] INFO  volume.StorageVolumeChecker (StorageVolumeChecker.java:checkAllVolumes(202)) - Scheduled health check for volume /home/runner/work/ozone/ozone/hadoop-ozone/integration-test/target/test-dir/MiniOzoneClusterImpl-a988f88d-4efe-430b-bf3c-a1e83706c790/datanode-2/data-0/containers/hdds
2022-10-22 01:06:01,828 [Listener at 127.0.0.1/34145] INFO  volume.MutableVolumeSet (MutableVolumeSet.java:initializeVolumeSet(174)) - Added Volume : /home/runner/work/ozone/ozone/hadoop-ozone/integration-test/target/test-dir/MiniOzoneClusterImpl-a988f88d-4efe-430b-bf3c-a1e83706c790/datanode-2/data/ratis to VolumeSet
2022-10-22 01:06:01,829 [Listener at 127.0.0.1/34145] INFO  volume.ThrottledAsyncChecker (ThrottledAsyncChecker.java:schedule(141)) - Scheduling a check for /home/runner/work/ozone/ozone/hadoop-ozone/integration-test/target/test-dir/MiniOzoneClusterImpl-a988f88d-4efe-430b-bf3c-a1e83706c790/datanode-2/data/ratis
2022-10-22 01:06:01,829 [Listener at 127.0.0.1/34145] INFO  volume.StorageVolumeChecker (StorageVolumeChecker.java:checkAllVolumes(202)) - Scheduled health check for volume /home/runner/work/ozone/ozone/hadoop-ozone/integration-test/target/test-dir/MiniOzoneClusterImpl-a988f88d-4efe-430b-bf3c-a1e83706c790/datanode-2/data/ratis
2022-10-22 01:06:01,843 [Thread-164] INFO  ozoneimpl.ContainerReader (ContainerReader.java:readVolume(175)) - Finish verifying containers on volume /home/runner/work/ozone/ozone/hadoop-ozone/integration-test/target/test-dir/MiniOzoneClusterImpl-a988f88d-4efe-430b-bf3c-a1e83706c790/datanode-2/data-0/containers/hdds
2022-10-22 01:06:01,844 [Listener at 127.0.0.1/34145] INFO  ozoneimpl.OzoneContainer (OzoneContainer.java:buildContainerSet(300)) - Build ContainerSet costs 0s
2022-10-22 01:06:01,846 [Listener at 127.0.0.1/34145] INFO  server.RaftServer (ConfUtils.java:logGet(46)) - raft.rpc.type = GRPC (default)
2022-10-22 01:06:01,847 [Listener at 127.0.0.1/34145] INFO  grpc.GrpcConfigKeys (ConfUtils.java:logFallback(53)) - raft.grpc.admin.host = null (fallback to raft.grpc.server.host)
2022-10-22 01:06:01,847 [Listener at 127.0.0.1/34145] INFO  grpc.GrpcConfigKeys (ConfUtils.java:logGet(46)) - raft.grpc.admin.port = 0 (custom)
2022-10-22 01:06:01,847 [Listener at 127.0.0.1/34145] INFO  grpc.GrpcConfigKeys (ConfUtils.java:logFallback(53)) - raft.grpc.client.host = null (fallback to raft.grpc.server.host)
2022-10-22 01:06:01,847 [Listener at 127.0.0.1/34145] INFO  grpc.GrpcConfigKeys (ConfUtils.java:logGet(46)) - raft.grpc.client.port = 0 (custom)
2022-10-22 01:06:01,847 [Listener at 127.0.0.1/34145] INFO  grpc.GrpcConfigKeys (ConfUtils.java:logGet(46)) - raft.grpc.server.host = null (default)
2022-10-22 01:06:01,847 [Listener at 127.0.0.1/34145] INFO  grpc.GrpcConfigKeys (ConfUtils.java:logGet(46)) - raft.grpc.server.port = 0 (default)
2022-10-22 01:06:01,847 [Listener at 127.0.0.1/34145] INFO  server.GrpcService (ConfUtils.java:logGet(46)) - raft.grpc.message.size.max = 32MB (=33554432) (custom)
2022-10-22 01:06:01,847 [Listener at 127.0.0.1/34145] INFO  server.RaftServerConfigKeys (ConfUtils.java:logGet(46)) - raft.server.log.appender.buffer.byte-limit = 33554432 (custom)
2022-10-22 01:06:01,848 [Listener at 127.0.0.1/34145] INFO  server.GrpcService (ConfUtils.java:logGet(46)) - raft.grpc.flow.control.window = 5MB (=5242880) (custom)
2022-10-22 01:06:01,855 [Listener at 127.0.0.1/34145] INFO  server.RaftServerConfigKeys (ConfUtils.java:logGet(46)) - raft.server.rpc.request.timeout = 60s (custom)
2022-10-22 01:06:01,856 [Listener at 127.0.0.1/34145] INFO  grpc.GrpcConfigKeys (ConfUtils.java:logGet(46)) - raft.grpc.server.heartbeat.channel = true (default)
2022-10-22 01:06:01,856 [Listener at 127.0.0.1/34145] INFO  grpc.GrpcConfigKeys (ConfUtils.java:logGet(46)) - raft.grpc.server.async.request.thread.pool.cached = true (default)
2022-10-22 01:06:01,856 [Listener at 127.0.0.1/34145] INFO  grpc.GrpcConfigKeys (ConfUtils.java:logGet(46)) - raft.grpc.server.async.request.thread.pool.size = 32 (default)
2022-10-22 01:06:01,859 [Listener at 127.0.0.1/34145] INFO  impl.DataStreamServerImpl (ConfUtils.java:logGet(46)) - raft.datastream.type = DISABLED (default)
2022-10-22 01:06:01,859 [Listener at 127.0.0.1/34145] INFO  server.RaftServerConfigKeys (ConfUtils.java:logGet(46)) - raft.server.threadpool.proxy.cached = true (default)
2022-10-22 01:06:01,859 [Listener at 127.0.0.1/34145] INFO  server.RaftServerConfigKeys (ConfUtils.java:logGet(46)) - raft.server.threadpool.proxy.size = 0 (default)
2022-10-22 01:06:01,859 [Listener at 127.0.0.1/34145] INFO  server.RaftServerConfigKeys (ConfUtils.java:logGet(46)) - raft.server.rpc.slowness.timeout = 300s (custom)
2022-10-22 01:06:01,860 [Listener at 127.0.0.1/34145] INFO  server.RaftServerConfigKeys (ConfUtils.java:logGet(46)) - raft.server.leaderelection.leader.step-down.wait-time = 10s (default)
2022-10-22 01:06:01,860 [Listener at 127.0.0.1/34145] INFO  server.RaftServerConfigKeys (ConfUtils.java:logGet(46)) - raft.server.storage.dir = [/home/runner/work/ozone/ozone/hadoop-ozone/integration-test/target/test-dir/MiniOzoneClusterImpl-a988f88d-4efe-430b-bf3c-a1e83706c790/datanode-2/data/ratis] (custom)
2022-10-22 01:06:01,862 [Listener at 127.0.0.1/34145] INFO  server.XceiverServerGrpc (XceiverServerGrpc.java:<init>(132)) - GrpcServer channel type EpollServerSocketChannel
2022-10-22 01:06:01,866 [Listener at 127.0.0.1/34145] INFO  http.BaseHttpServer (BaseHttpServer.java:newHttpServer2BuilderForOzone(213)) - Starting Web-server for hddsDatanode at: http://0.0.0.0:0
2022-10-22 01:06:01,867 [Listener at 127.0.0.1/34145] INFO  http.BaseHttpServer (BaseHttpServer.java:<init>(108)) - Hadoop Security Enabled: false Ozone Security Enabled: false Ozone HTTP Security Enabled: false 
2022-10-22 01:06:01,869 [Listener at 127.0.0.1/34145] WARN  server.AuthenticationFilter (AuthenticationFilter.java:constructSecretProvider(240)) - Unable to initialize FileSignerSecretProvider, falling back to use random secrets. Reason: Could not read signature secret file: /home/runner/hadoop-http-auth-signature-secret
2022-10-22 01:06:01,869 [Listener at 127.0.0.1/34145] WARN  http.HttpRequestLog (HttpRequestLog.java:getRequestLog(103)) - Jetty request log can only be enabled using Log4j
2022-10-22 01:06:01,870 [Listener at 127.0.0.1/34145] INFO  http.HttpServer2 (HttpServer2.java:addGlobalFilter(1031)) - Added global filter 'safety' (class=org.apache.hadoop.hdds.server.http.HttpServer2$QuotingInputFilter)
2022-10-22 01:06:01,871 [Listener at 127.0.0.1/34145] INFO  http.HttpServer2 (HttpServer2.java:addFilter(1007)) - Added filter static_user_filter (class=org.apache.hadoop.http.lib.StaticUserWebFilter$StaticUserFilter) to context hddsDatanode
2022-10-22 01:06:01,871 [Listener at 127.0.0.1/34145] INFO  http.HttpServer2 (HttpServer2.java:addFilter(1015)) - Added filter static_user_filter (class=org.apache.hadoop.http.lib.StaticUserWebFilter$StaticUserFilter) to context logs
2022-10-22 01:06:01,871 [Listener at 127.0.0.1/34145] INFO  http.HttpServer2 (HttpServer2.java:addFilter(1015)) - Added filter static_user_filter (class=org.apache.hadoop.http.lib.StaticUserWebFilter$StaticUserFilter) to context static
2022-10-22 01:06:01,872 [Listener at 127.0.0.1/34145] INFO  http.HttpServer2 (HttpServer2.java:bindListener(1250)) - Jetty bound to port 32859
2022-10-22 01:06:01,872 [Listener at 127.0.0.1/34145] INFO  server.Server (Server.java:doStart(375)) - jetty-9.4.43.v20210629; built: 2021-06-30T11:07:22.254Z; git: 526006ecfa3af7f1a27ef3a288e2bef7ea9dd7e8; jvm 1.8.0_345-b01
2022-10-22 01:06:01,874 [Listener at 127.0.0.1/34145] INFO  server.session (DefaultSessionIdManager.java:doStart(334)) - DefaultSessionIdManager workerName=node0
2022-10-22 01:06:01,875 [Listener at 127.0.0.1/34145] INFO  server.session (DefaultSessionIdManager.java:doStart(339)) - No SessionScavenger set, using defaults
2022-10-22 01:06:01,875 [Listener at 127.0.0.1/34145] INFO  server.session (HouseKeeper.java:startScavenging(132)) - node0 Scavenging every 600000ms
2022-10-22 01:06:01,878 [Listener at 127.0.0.1/34145] INFO  handler.ContextHandler (ContextHandler.java:doStart(915)) - Started o.e.j.s.ServletContextHandler@18be35cb{logs,/logs,file:///home/runner/work/ozone/ozone/hadoop-ozone/integration-test/target/log,AVAILABLE}
2022-10-22 01:06:01,879 [Listener at 127.0.0.1/34145] INFO  handler.ContextHandler (ContextHandler.java:doStart(915)) - Started o.e.j.s.ServletContextHandler@3dbf8b26{static,/static,jar:file:/home/runner/.m2/repository/org/apache/ozone/hdds-container-service/1.3.0-SNAPSHOT/hdds-container-service-1.3.0-SNAPSHOT.jar!/webapps/static,AVAILABLE}
2022-10-22 01:06:01,945 [om1@group-C5BA1605619E-StateMachineUpdater] INFO  ratis.OzoneManagerStateMachine (OzoneManagerStateMachine.java:notifyConfigurationChanged(192)) - Received Configuration change notification from Ratis. New Peer list:
[id: "om1"
address: "localhost:9872"
startupRole: FOLLOWER
]
2022-10-22 01:06:02,049 [Listener at 127.0.0.1/34145] INFO  handler.ContextHandler (ContextHandler.java:doStart(915)) - Started o.e.j.w.WebAppContext@15d713d{hddsDatanode,/,file:///tmp/jetty-0_0_0_0-32859-hdds-container-service-1_3_0-SNAPSHOT_jar-_-any-4569608347636987615/webapp/,AVAILABLE}{jar:file:/home/runner/.m2/repository/org/apache/ozone/hdds-container-service/1.3.0-SNAPSHOT/hdds-container-service-1.3.0-SNAPSHOT.jar!/webapps/hddsDatanode}
2022-10-22 01:06:02,050 [Listener at 127.0.0.1/34145] INFO  server.AbstractConnector (AbstractConnector.java:doStart(331)) - Started ServerConnector@55ea7b4d{HTTP/1.1, (http/1.1)}{0.0.0.0:32859}
2022-10-22 01:06:02,050 [Listener at 127.0.0.1/34145] INFO  server.Server (Server.java:doStart(415)) - Started @7921ms
2022-10-22 01:06:02,050 [Listener at 127.0.0.1/34145] WARN  impl.MetricsSystemImpl (MetricsSystemImpl.java:register(279)) - Sink prometheus already exists!
2022-10-22 01:06:02,051 [Listener at 127.0.0.1/34145] INFO  http.BaseHttpServer (BaseHttpServer.java:updateConnectorAddress(333)) - HTTP server of hddsDatanode listening at http://0.0.0.0:32859
2022-10-22 01:06:02,055 [Listener at 127.0.0.1/34145] WARN  impl.MetricRegistriesImpl (MetricRegistriesImpl.java:addReporterRegistration(111)) - New reporters are added after registries were created. Some metrics will be missing from the reporter. Please add reporter before adding any new registry.
2022-10-22 01:06:02,055 [Listener at 127.0.0.1/34145] WARN  impl.MetricRegistriesImpl (MetricRegistriesImpl.java:addReporterRegistration(111)) - New reporters are added after registries were created. Some metrics will be missing from the reporter. Please add reporter before adding any new registry.
2022-10-22 01:06:02,055 [Listener at 127.0.0.1/34145] INFO  impl.MetricsSystemImpl (MetricsSystemImpl.java:init(158)) - HddsDatanode metrics system started (again)
2022-10-22 01:06:02,058 [Datanode State Machine Daemon Thread] INFO  statemachine.DatanodeStateMachine (DatanodeStateMachine.java:lambda$startDaemon$0(498)) - Ozone container server started.
2022-10-22 01:06:02,071 [Listener at 127.0.0.1/34145] INFO  ozone.HddsDatanodeService (HddsDatanodeService.java:start(236)) - HddsDatanodeService host:fv-az334-928.zg0gw54pbdoexfhqlmz30d51na.gx.internal.cloudapp.net ip:10.1.0.62
2022-10-22 01:06:02,079 [org.apache.hadoop.util.JvmPauseMonitor$Monitor@23d340e5] INFO  util.JvmPauseMonitor (JvmPauseMonitor.java:run(188)) - Starting JVM pause monitor
2022-10-22 01:06:02,097 [Datanode State Machine Task Thread - 0] INFO  datanode.InitDatanodeState (InitDatanodeState.java:persistContainerDatanodeDetails(138)) - DatanodeDetails is persisted to /home/runner/work/ozone/ozone/hadoop-ozone/integration-test/target/test-dir/MiniOzoneClusterImpl-a988f88d-4efe-430b-bf3c-a1e83706c790/datanode-2/meta/datanode.id
2022-10-22 01:06:02,107 [Listener at 127.0.0.1/34145] INFO  upgrade.AbstractLayoutVersionManager (AbstractLayoutVersionManager.java:init(83)) - Initializing Layout version manager with metadata layout = DATANODE_SCHEMA_V3 (version = 4), software layout = DATANODE_SCHEMA_V3 (version = 4)
2022-10-22 01:06:02,150 [Listener at 127.0.0.1/34145] INFO  reflections.Reflections (Reflections.java:scan(232)) - Reflections took 42 ms to scan 7 urls, producing 137 keys and 330 values 
2022-10-22 01:06:02,151 [Listener at 127.0.0.1/34145] INFO  statemachine.DatanodeStateMachine (DatanodeStateMachine.java:getEndPointTaskThreadPoolSize(242)) - Datanode State Machine Task Thread Pool size 2
2022-10-22 01:06:02,153 [Listener at 127.0.0.1/34145] INFO  volume.HddsVolume (HddsVolume.java:<init>(117)) - Creating HddsVolume: /home/runner/work/ozone/ozone/hadoop-ozone/integration-test/target/test-dir/MiniOzoneClusterImpl-a988f88d-4efe-430b-bf3c-a1e83706c790/datanode-3/data-0/containers/hdds of storage type : DISK capacity : 9223372036854775807
2022-10-22 01:06:02,153 [Listener at 127.0.0.1/34145] INFO  volume.MutableVolumeSet (MutableVolumeSet.java:initializeVolumeSet(174)) - Added Volume : /home/runner/work/ozone/ozone/hadoop-ozone/integration-test/target/test-dir/MiniOzoneClusterImpl-a988f88d-4efe-430b-bf3c-a1e83706c790/datanode-3/data-0/containers/hdds to VolumeSet
2022-10-22 01:06:02,154 [Listener at 127.0.0.1/34145] INFO  volume.ThrottledAsyncChecker (ThrottledAsyncChecker.java:schedule(141)) - Scheduling a check for /home/runner/work/ozone/ozone/hadoop-ozone/integration-test/target/test-dir/MiniOzoneClusterImpl-a988f88d-4efe-430b-bf3c-a1e83706c790/datanode-3/data-0/containers/hdds
2022-10-22 01:06:02,156 [Listener at 127.0.0.1/34145] INFO  volume.StorageVolumeChecker (StorageVolumeChecker.java:checkAllVolumes(202)) - Scheduled health check for volume /home/runner/work/ozone/ozone/hadoop-ozone/integration-test/target/test-dir/MiniOzoneClusterImpl-a988f88d-4efe-430b-bf3c-a1e83706c790/datanode-3/data-0/containers/hdds
2022-10-22 01:06:02,168 [Listener at 127.0.0.1/34145] INFO  volume.MutableVolumeSet (MutableVolumeSet.java:initializeVolumeSet(174)) - Added Volume : /home/runner/work/ozone/ozone/hadoop-ozone/integration-test/target/test-dir/MiniOzoneClusterImpl-a988f88d-4efe-430b-bf3c-a1e83706c790/datanode-3/data/ratis to VolumeSet
2022-10-22 01:06:02,168 [Listener at 127.0.0.1/34145] INFO  volume.ThrottledAsyncChecker (ThrottledAsyncChecker.java:schedule(141)) - Scheduling a check for /home/runner/work/ozone/ozone/hadoop-ozone/integration-test/target/test-dir/MiniOzoneClusterImpl-a988f88d-4efe-430b-bf3c-a1e83706c790/datanode-3/data/ratis
2022-10-22 01:06:02,168 [Listener at 127.0.0.1/34145] INFO  volume.StorageVolumeChecker (StorageVolumeChecker.java:checkAllVolumes(202)) - Scheduled health check for volume /home/runner/work/ozone/ozone/hadoop-ozone/integration-test/target/test-dir/MiniOzoneClusterImpl-a988f88d-4efe-430b-bf3c-a1e83706c790/datanode-3/data/ratis
2022-10-22 01:06:02,182 [Thread-177] INFO  ozoneimpl.ContainerReader (ContainerReader.java:readVolume(175)) - Finish verifying containers on volume /home/runner/work/ozone/ozone/hadoop-ozone/integration-test/target/test-dir/MiniOzoneClusterImpl-a988f88d-4efe-430b-bf3c-a1e83706c790/datanode-3/data-0/containers/hdds
2022-10-22 01:06:02,182 [Listener at 127.0.0.1/34145] INFO  ozoneimpl.OzoneContainer (OzoneContainer.java:buildContainerSet(300)) - Build ContainerSet costs 0s
2022-10-22 01:06:02,185 [Listener at 127.0.0.1/34145] INFO  server.RaftServer (ConfUtils.java:logGet(46)) - raft.rpc.type = GRPC (default)
2022-10-22 01:06:02,185 [Listener at 127.0.0.1/34145] INFO  grpc.GrpcConfigKeys (ConfUtils.java:logFallback(53)) - raft.grpc.admin.host = null (fallback to raft.grpc.server.host)
2022-10-22 01:06:02,185 [Listener at 127.0.0.1/34145] INFO  grpc.GrpcConfigKeys (ConfUtils.java:logGet(46)) - raft.grpc.admin.port = 0 (custom)
2022-10-22 01:06:02,185 [Listener at 127.0.0.1/34145] INFO  grpc.GrpcConfigKeys (ConfUtils.java:logFallback(53)) - raft.grpc.client.host = null (fallback to raft.grpc.server.host)
2022-10-22 01:06:02,185 [Listener at 127.0.0.1/34145] INFO  grpc.GrpcConfigKeys (ConfUtils.java:logGet(46)) - raft.grpc.client.port = 0 (custom)
2022-10-22 01:06:02,185 [Listener at 127.0.0.1/34145] INFO  grpc.GrpcConfigKeys (ConfUtils.java:logGet(46)) - raft.grpc.server.host = null (default)
2022-10-22 01:06:02,187 [Listener at 127.0.0.1/34145] INFO  grpc.GrpcConfigKeys (ConfUtils.java:logGet(46)) - raft.grpc.server.port = 0 (default)
2022-10-22 01:06:02,187 [Listener at 127.0.0.1/34145] INFO  server.GrpcService (ConfUtils.java:logGet(46)) - raft.grpc.message.size.max = 32MB (=33554432) (custom)
2022-10-22 01:06:02,187 [Listener at 127.0.0.1/34145] INFO  server.RaftServerConfigKeys (ConfUtils.java:logGet(46)) - raft.server.log.appender.buffer.byte-limit = 33554432 (custom)
2022-10-22 01:06:02,187 [Listener at 127.0.0.1/34145] INFO  server.GrpcService (ConfUtils.java:logGet(46)) - raft.grpc.flow.control.window = 5MB (=5242880) (custom)
2022-10-22 01:06:02,188 [Listener at 127.0.0.1/34145] INFO  server.RaftServerConfigKeys (ConfUtils.java:logGet(46)) - raft.server.rpc.request.timeout = 60s (custom)
2022-10-22 01:06:02,188 [Listener at 127.0.0.1/34145] INFO  grpc.GrpcConfigKeys (ConfUtils.java:logGet(46)) - raft.grpc.server.heartbeat.channel = true (default)
2022-10-22 01:06:02,188 [Listener at 127.0.0.1/34145] INFO  grpc.GrpcConfigKeys (ConfUtils.java:logGet(46)) - raft.grpc.server.async.request.thread.pool.cached = true (default)
2022-10-22 01:06:02,188 [Listener at 127.0.0.1/34145] INFO  grpc.GrpcConfigKeys (ConfUtils.java:logGet(46)) - raft.grpc.server.async.request.thread.pool.size = 32 (default)
2022-10-22 01:06:02,189 [Listener at 127.0.0.1/34145] INFO  impl.DataStreamServerImpl (ConfUtils.java:logGet(46)) - raft.datastream.type = DISABLED (default)
2022-10-22 01:06:02,189 [Listener at 127.0.0.1/34145] INFO  server.RaftServerConfigKeys (ConfUtils.java:logGet(46)) - raft.server.threadpool.proxy.cached = true (default)
2022-10-22 01:06:02,189 [Listener at 127.0.0.1/34145] INFO  server.RaftServerConfigKeys (ConfUtils.java:logGet(46)) - raft.server.threadpool.proxy.size = 0 (default)
2022-10-22 01:06:02,189 [Listener at 127.0.0.1/34145] INFO  server.RaftServerConfigKeys (ConfUtils.java:logGet(46)) - raft.server.rpc.slowness.timeout = 300s (custom)
2022-10-22 01:06:02,189 [Listener at 127.0.0.1/34145] INFO  server.RaftServerConfigKeys (ConfUtils.java:logGet(46)) - raft.server.leaderelection.leader.step-down.wait-time = 10s (default)
2022-10-22 01:06:02,190 [Listener at 127.0.0.1/34145] INFO  server.RaftServerConfigKeys (ConfUtils.java:logGet(46)) - raft.server.storage.dir = [/home/runner/work/ozone/ozone/hadoop-ozone/integration-test/target/test-dir/MiniOzoneClusterImpl-a988f88d-4efe-430b-bf3c-a1e83706c790/datanode-3/data/ratis] (custom)
2022-10-22 01:06:02,191 [Listener at 127.0.0.1/34145] INFO  server.XceiverServerGrpc (XceiverServerGrpc.java:<init>(132)) - GrpcServer channel type EpollServerSocketChannel
2022-10-22 01:06:02,195 [Listener at 127.0.0.1/34145] INFO  http.BaseHttpServer (BaseHttpServer.java:newHttpServer2BuilderForOzone(213)) - Starting Web-server for hddsDatanode at: http://0.0.0.0:0
2022-10-22 01:06:02,195 [Listener at 127.0.0.1/34145] INFO  http.BaseHttpServer (BaseHttpServer.java:<init>(108)) - Hadoop Security Enabled: false Ozone Security Enabled: false Ozone HTTP Security Enabled: false 
2022-10-22 01:06:02,197 [Listener at 127.0.0.1/34145] WARN  server.AuthenticationFilter (AuthenticationFilter.java:constructSecretProvider(240)) - Unable to initialize FileSignerSecretProvider, falling back to use random secrets. Reason: Could not read signature secret file: /home/runner/hadoop-http-auth-signature-secret
2022-10-22 01:06:02,197 [Listener at 127.0.0.1/34145] WARN  http.HttpRequestLog (HttpRequestLog.java:getRequestLog(103)) - Jetty request log can only be enabled using Log4j
2022-10-22 01:06:02,199 [Listener at 127.0.0.1/34145] INFO  http.HttpServer2 (HttpServer2.java:addGlobalFilter(1031)) - Added global filter 'safety' (class=org.apache.hadoop.hdds.server.http.HttpServer2$QuotingInputFilter)
2022-10-22 01:06:02,199 [Listener at 127.0.0.1/34145] INFO  http.HttpServer2 (HttpServer2.java:addFilter(1007)) - Added filter static_user_filter (class=org.apache.hadoop.http.lib.StaticUserWebFilter$StaticUserFilter) to context hddsDatanode
2022-10-22 01:06:02,199 [Listener at 127.0.0.1/34145] INFO  http.HttpServer2 (HttpServer2.java:addFilter(1015)) - Added filter static_user_filter (class=org.apache.hadoop.http.lib.StaticUserWebFilter$StaticUserFilter) to context static
2022-10-22 01:06:02,200 [Listener at 127.0.0.1/34145] INFO  http.HttpServer2 (HttpServer2.java:addFilter(1015)) - Added filter static_user_filter (class=org.apache.hadoop.http.lib.StaticUserWebFilter$StaticUserFilter) to context logs
2022-10-22 01:06:02,200 [Listener at 127.0.0.1/34145] INFO  http.HttpServer2 (HttpServer2.java:bindListener(1250)) - Jetty bound to port 37613
2022-10-22 01:06:02,200 [Listener at 127.0.0.1/34145] INFO  server.Server (Server.java:doStart(375)) - jetty-9.4.43.v20210629; built: 2021-06-30T11:07:22.254Z; git: 526006ecfa3af7f1a27ef3a288e2bef7ea9dd7e8; jvm 1.8.0_345-b01
2022-10-22 01:06:02,202 [Listener at 127.0.0.1/34145] INFO  server.session (DefaultSessionIdManager.java:doStart(334)) - DefaultSessionIdManager workerName=node0
2022-10-22 01:06:02,202 [Listener at 127.0.0.1/34145] INFO  server.session (DefaultSessionIdManager.java:doStart(339)) - No SessionScavenger set, using defaults
2022-10-22 01:06:02,202 [Listener at 127.0.0.1/34145] INFO  server.session (HouseKeeper.java:startScavenging(132)) - node0 Scavenging every 660000ms
2022-10-22 01:06:02,207 [Listener at 127.0.0.1/34145] INFO  handler.ContextHandler (ContextHandler.java:doStart(915)) - Started o.e.j.s.ServletContextHandler@741f1e49{logs,/logs,file:///home/runner/work/ozone/ozone/hadoop-ozone/integration-test/target/log,AVAILABLE}
2022-10-22 01:06:02,207 [Listener at 127.0.0.1/34145] INFO  handler.ContextHandler (ContextHandler.java:doStart(915)) - Started o.e.j.s.ServletContextHandler@6ab1e8f4{static,/static,jar:file:/home/runner/.m2/repository/org/apache/ozone/hdds-container-service/1.3.0-SNAPSHOT/hdds-container-service-1.3.0-SNAPSHOT.jar!/webapps/static,AVAILABLE}
2022-10-22 01:06:02,378 [Listener at 127.0.0.1/34145] INFO  handler.ContextHandler (ContextHandler.java:doStart(915)) - Started o.e.j.w.WebAppContext@44eb4740{hddsDatanode,/,file:///tmp/jetty-0_0_0_0-37613-hdds-container-service-1_3_0-SNAPSHOT_jar-_-any-2869846503564064352/webapp/,AVAILABLE}{jar:file:/home/runner/.m2/repository/org/apache/ozone/hdds-container-service/1.3.0-SNAPSHOT/hdds-container-service-1.3.0-SNAPSHOT.jar!/webapps/hddsDatanode}
2022-10-22 01:06:02,380 [Listener at 127.0.0.1/34145] INFO  server.AbstractConnector (AbstractConnector.java:doStart(331)) - Started ServerConnector@11fe2600{HTTP/1.1, (http/1.1)}{0.0.0.0:37613}
2022-10-22 01:06:02,380 [Listener at 127.0.0.1/34145] INFO  server.Server (Server.java:doStart(415)) - Started @8252ms
2022-10-22 01:06:02,380 [Listener at 127.0.0.1/34145] WARN  impl.MetricsSystemImpl (MetricsSystemImpl.java:register(279)) - Sink prometheus already exists!
2022-10-22 01:06:02,381 [Listener at 127.0.0.1/34145] INFO  http.BaseHttpServer (BaseHttpServer.java:updateConnectorAddress(333)) - HTTP server of hddsDatanode listening at http://0.0.0.0:37613
2022-10-22 01:06:02,382 [Listener at 127.0.0.1/34145] WARN  impl.MetricRegistriesImpl (MetricRegistriesImpl.java:addReporterRegistration(111)) - New reporters are added after registries were created. Some metrics will be missing from the reporter. Please add reporter before adding any new registry.
2022-10-22 01:06:02,382 [Listener at 127.0.0.1/34145] WARN  impl.MetricRegistriesImpl (MetricRegistriesImpl.java:addReporterRegistration(111)) - New reporters are added after registries were created. Some metrics will be missing from the reporter. Please add reporter before adding any new registry.
2022-10-22 01:06:02,382 [Listener at 127.0.0.1/34145] INFO  impl.MetricsSystemImpl (MetricsSystemImpl.java:init(158)) - HddsDatanode metrics system started (again)
2022-10-22 01:06:02,393 [Listener at 127.0.0.1/34145] INFO  ozone.HddsDatanodeService (HddsDatanodeService.java:start(236)) - HddsDatanodeService host:fv-az334-928.zg0gw54pbdoexfhqlmz30d51na.gx.internal.cloudapp.net ip:10.1.0.62
2022-10-22 01:06:02,393 [Datanode State Machine Daemon Thread] INFO  statemachine.DatanodeStateMachine (DatanodeStateMachine.java:lambda$startDaemon$0(498)) - Ozone container server started.
2022-10-22 01:06:02,400 [org.apache.hadoop.util.JvmPauseMonitor$Monitor@7c176a1c] INFO  util.JvmPauseMonitor (JvmPauseMonitor.java:run(188)) - Starting JVM pause monitor
2022-10-22 01:06:02,405 [Datanode State Machine Task Thread - 0] INFO  datanode.InitDatanodeState (InitDatanodeState.java:persistContainerDatanodeDetails(138)) - DatanodeDetails is persisted to /home/runner/work/ozone/ozone/hadoop-ozone/integration-test/target/test-dir/MiniOzoneClusterImpl-a988f88d-4efe-430b-bf3c-a1e83706c790/datanode-3/meta/datanode.id
2022-10-22 01:06:02,414 [Listener at 127.0.0.1/34145] INFO  upgrade.AbstractLayoutVersionManager (AbstractLayoutVersionManager.java:init(83)) - Initializing Layout version manager with metadata layout = DATANODE_SCHEMA_V3 (version = 4), software layout = DATANODE_SCHEMA_V3 (version = 4)
2022-10-22 01:06:02,480 [Listener at 127.0.0.1/34145] INFO  reflections.Reflections (Reflections.java:scan(232)) - Reflections took 65 ms to scan 7 urls, producing 137 keys and 330 values 
2022-10-22 01:06:02,481 [Listener at 127.0.0.1/34145] INFO  statemachine.DatanodeStateMachine (DatanodeStateMachine.java:getEndPointTaskThreadPoolSize(242)) - Datanode State Machine Task Thread Pool size 2
2022-10-22 01:06:02,483 [Listener at 127.0.0.1/34145] INFO  volume.HddsVolume (HddsVolume.java:<init>(117)) - Creating HddsVolume: /home/runner/work/ozone/ozone/hadoop-ozone/integration-test/target/test-dir/MiniOzoneClusterImpl-a988f88d-4efe-430b-bf3c-a1e83706c790/datanode-4/data-0/containers/hdds of storage type : DISK capacity : 9223372036854775807
2022-10-22 01:06:02,484 [Listener at 127.0.0.1/34145] INFO  volume.MutableVolumeSet (MutableVolumeSet.java:initializeVolumeSet(174)) - Added Volume : /home/runner/work/ozone/ozone/hadoop-ozone/integration-test/target/test-dir/MiniOzoneClusterImpl-a988f88d-4efe-430b-bf3c-a1e83706c790/datanode-4/data-0/containers/hdds to VolumeSet
2022-10-22 01:06:02,484 [Listener at 127.0.0.1/34145] INFO  volume.ThrottledAsyncChecker (ThrottledAsyncChecker.java:schedule(141)) - Scheduling a check for /home/runner/work/ozone/ozone/hadoop-ozone/integration-test/target/test-dir/MiniOzoneClusterImpl-a988f88d-4efe-430b-bf3c-a1e83706c790/datanode-4/data-0/containers/hdds
2022-10-22 01:06:02,486 [Listener at 127.0.0.1/34145] INFO  volume.StorageVolumeChecker (StorageVolumeChecker.java:checkAllVolumes(202)) - Scheduled health check for volume /home/runner/work/ozone/ozone/hadoop-ozone/integration-test/target/test-dir/MiniOzoneClusterImpl-a988f88d-4efe-430b-bf3c-a1e83706c790/datanode-4/data-0/containers/hdds
2022-10-22 01:06:02,496 [Listener at 127.0.0.1/34145] INFO  volume.MutableVolumeSet (MutableVolumeSet.java:initializeVolumeSet(174)) - Added Volume : /home/runner/work/ozone/ozone/hadoop-ozone/integration-test/target/test-dir/MiniOzoneClusterImpl-a988f88d-4efe-430b-bf3c-a1e83706c790/datanode-4/data/ratis to VolumeSet
2022-10-22 01:06:02,496 [Listener at 127.0.0.1/34145] INFO  volume.ThrottledAsyncChecker (ThrottledAsyncChecker.java:schedule(141)) - Scheduling a check for /home/runner/work/ozone/ozone/hadoop-ozone/integration-test/target/test-dir/MiniOzoneClusterImpl-a988f88d-4efe-430b-bf3c-a1e83706c790/datanode-4/data/ratis
2022-10-22 01:06:02,497 [Listener at 127.0.0.1/34145] INFO  volume.StorageVolumeChecker (StorageVolumeChecker.java:checkAllVolumes(202)) - Scheduled health check for volume /home/runner/work/ozone/ozone/hadoop-ozone/integration-test/target/test-dir/MiniOzoneClusterImpl-a988f88d-4efe-430b-bf3c-a1e83706c790/datanode-4/data/ratis
2022-10-22 01:06:02,507 [Thread-190] INFO  ozoneimpl.ContainerReader (ContainerReader.java:readVolume(175)) - Finish verifying containers on volume /home/runner/work/ozone/ozone/hadoop-ozone/integration-test/target/test-dir/MiniOzoneClusterImpl-a988f88d-4efe-430b-bf3c-a1e83706c790/datanode-4/data-0/containers/hdds
2022-10-22 01:06:02,507 [Listener at 127.0.0.1/34145] INFO  ozoneimpl.OzoneContainer (OzoneContainer.java:buildContainerSet(300)) - Build ContainerSet costs 0s
2022-10-22 01:06:02,510 [Listener at 127.0.0.1/34145] INFO  server.RaftServer (ConfUtils.java:logGet(46)) - raft.rpc.type = GRPC (default)
2022-10-22 01:06:02,511 [Listener at 127.0.0.1/34145] INFO  grpc.GrpcConfigKeys (ConfUtils.java:logFallback(53)) - raft.grpc.admin.host = null (fallback to raft.grpc.server.host)
2022-10-22 01:06:02,511 [Listener at 127.0.0.1/34145] INFO  grpc.GrpcConfigKeys (ConfUtils.java:logGet(46)) - raft.grpc.admin.port = 0 (custom)
2022-10-22 01:06:02,511 [Listener at 127.0.0.1/34145] INFO  grpc.GrpcConfigKeys (ConfUtils.java:logFallback(53)) - raft.grpc.client.host = null (fallback to raft.grpc.server.host)
2022-10-22 01:06:02,511 [Listener at 127.0.0.1/34145] INFO  grpc.GrpcConfigKeys (ConfUtils.java:logGet(46)) - raft.grpc.client.port = 0 (custom)
2022-10-22 01:06:02,511 [Listener at 127.0.0.1/34145] INFO  grpc.GrpcConfigKeys (ConfUtils.java:logGet(46)) - raft.grpc.server.host = null (default)
2022-10-22 01:06:02,511 [Listener at 127.0.0.1/34145] INFO  grpc.GrpcConfigKeys (ConfUtils.java:logGet(46)) - raft.grpc.server.port = 0 (default)
2022-10-22 01:06:02,511 [Listener at 127.0.0.1/34145] INFO  server.GrpcService (ConfUtils.java:logGet(46)) - raft.grpc.message.size.max = 32MB (=33554432) (custom)
2022-10-22 01:06:02,511 [Listener at 127.0.0.1/34145] INFO  server.RaftServerConfigKeys (ConfUtils.java:logGet(46)) - raft.server.log.appender.buffer.byte-limit = 33554432 (custom)
2022-10-22 01:06:02,512 [Listener at 127.0.0.1/34145] INFO  server.GrpcService (ConfUtils.java:logGet(46)) - raft.grpc.flow.control.window = 5MB (=5242880) (custom)
2022-10-22 01:06:02,512 [Listener at 127.0.0.1/34145] INFO  server.RaftServerConfigKeys (ConfUtils.java:logGet(46)) - raft.server.rpc.request.timeout = 60s (custom)
2022-10-22 01:06:02,512 [Listener at 127.0.0.1/34145] INFO  grpc.GrpcConfigKeys (ConfUtils.java:logGet(46)) - raft.grpc.server.heartbeat.channel = true (default)
2022-10-22 01:06:02,512 [Listener at 127.0.0.1/34145] INFO  grpc.GrpcConfigKeys (ConfUtils.java:logGet(46)) - raft.grpc.server.async.request.thread.pool.cached = true (default)
2022-10-22 01:06:02,512 [Listener at 127.0.0.1/34145] INFO  grpc.GrpcConfigKeys (ConfUtils.java:logGet(46)) - raft.grpc.server.async.request.thread.pool.size = 32 (default)
2022-10-22 01:06:02,513 [Listener at 127.0.0.1/34145] INFO  impl.DataStreamServerImpl (ConfUtils.java:logGet(46)) - raft.datastream.type = DISABLED (default)
2022-10-22 01:06:02,513 [Listener at 127.0.0.1/34145] INFO  server.RaftServerConfigKeys (ConfUtils.java:logGet(46)) - raft.server.threadpool.proxy.cached = true (default)
2022-10-22 01:06:02,513 [Listener at 127.0.0.1/34145] INFO  server.RaftServerConfigKeys (ConfUtils.java:logGet(46)) - raft.server.threadpool.proxy.size = 0 (default)
2022-10-22 01:06:02,513 [Listener at 127.0.0.1/34145] INFO  server.RaftServerConfigKeys (ConfUtils.java:logGet(46)) - raft.server.rpc.slowness.timeout = 300s (custom)
2022-10-22 01:06:02,513 [Listener at 127.0.0.1/34145] INFO  server.RaftServerConfigKeys (ConfUtils.java:logGet(46)) - raft.server.leaderelection.leader.step-down.wait-time = 10s (default)
2022-10-22 01:06:02,514 [Listener at 127.0.0.1/34145] INFO  server.RaftServerConfigKeys (ConfUtils.java:logGet(46)) - raft.server.storage.dir = [/home/runner/work/ozone/ozone/hadoop-ozone/integration-test/target/test-dir/MiniOzoneClusterImpl-a988f88d-4efe-430b-bf3c-a1e83706c790/datanode-4/data/ratis] (custom)
2022-10-22 01:06:02,517 [Listener at 127.0.0.1/34145] INFO  server.XceiverServerGrpc (XceiverServerGrpc.java:<init>(132)) - GrpcServer channel type EpollServerSocketChannel
2022-10-22 01:06:02,525 [Listener at 127.0.0.1/34145] INFO  http.BaseHttpServer (BaseHttpServer.java:newHttpServer2BuilderForOzone(213)) - Starting Web-server for hddsDatanode at: http://0.0.0.0:0
2022-10-22 01:06:02,525 [Listener at 127.0.0.1/34145] INFO  http.BaseHttpServer (BaseHttpServer.java:<init>(108)) - Hadoop Security Enabled: false Ozone Security Enabled: false Ozone HTTP Security Enabled: false 
2022-10-22 01:06:02,526 [Listener at 127.0.0.1/34145] WARN  server.AuthenticationFilter (AuthenticationFilter.java:constructSecretProvider(240)) - Unable to initialize FileSignerSecretProvider, falling back to use random secrets. Reason: Could not read signature secret file: /home/runner/hadoop-http-auth-signature-secret
2022-10-22 01:06:02,528 [Listener at 127.0.0.1/34145] WARN  http.HttpRequestLog (HttpRequestLog.java:getRequestLog(103)) - Jetty request log can only be enabled using Log4j
2022-10-22 01:06:02,529 [Listener at 127.0.0.1/34145] INFO  http.HttpServer2 (HttpServer2.java:addGlobalFilter(1031)) - Added global filter 'safety' (class=org.apache.hadoop.hdds.server.http.HttpServer2$QuotingInputFilter)
2022-10-22 01:06:02,530 [Listener at 127.0.0.1/34145] INFO  http.HttpServer2 (HttpServer2.java:addFilter(1007)) - Added filter static_user_filter (class=org.apache.hadoop.http.lib.StaticUserWebFilter$StaticUserFilter) to context hddsDatanode
2022-10-22 01:06:02,530 [Listener at 127.0.0.1/34145] INFO  http.HttpServer2 (HttpServer2.java:addFilter(1015)) - Added filter static_user_filter (class=org.apache.hadoop.http.lib.StaticUserWebFilter$StaticUserFilter) to context logs
2022-10-22 01:06:02,530 [Listener at 127.0.0.1/34145] INFO  http.HttpServer2 (HttpServer2.java:addFilter(1015)) - Added filter static_user_filter (class=org.apache.hadoop.http.lib.StaticUserWebFilter$StaticUserFilter) to context static
2022-10-22 01:06:02,530 [Listener at 127.0.0.1/34145] INFO  http.HttpServer2 (HttpServer2.java:bindListener(1250)) - Jetty bound to port 42939
2022-10-22 01:06:02,531 [Listener at 127.0.0.1/34145] INFO  server.Server (Server.java:doStart(375)) - jetty-9.4.43.v20210629; built: 2021-06-30T11:07:22.254Z; git: 526006ecfa3af7f1a27ef3a288e2bef7ea9dd7e8; jvm 1.8.0_345-b01
2022-10-22 01:06:02,532 [Listener at 127.0.0.1/34145] INFO  server.session (DefaultSessionIdManager.java:doStart(334)) - DefaultSessionIdManager workerName=node0
2022-10-22 01:06:02,532 [Listener at 127.0.0.1/34145] INFO  server.session (DefaultSessionIdManager.java:doStart(339)) - No SessionScavenger set, using defaults
2022-10-22 01:06:02,532 [Listener at 127.0.0.1/34145] INFO  server.session (HouseKeeper.java:startScavenging(132)) - node0 Scavenging every 660000ms
2022-10-22 01:06:02,533 [Listener at 127.0.0.1/34145] INFO  handler.ContextHandler (ContextHandler.java:doStart(915)) - Started o.e.j.s.ServletContextHandler@58f6de19{logs,/logs,file:///home/runner/work/ozone/ozone/hadoop-ozone/integration-test/target/log,AVAILABLE}
2022-10-22 01:06:02,533 [Listener at 127.0.0.1/34145] INFO  handler.ContextHandler (ContextHandler.java:doStart(915)) - Started o.e.j.s.ServletContextHandler@1b83579c{static,/static,jar:file:/home/runner/.m2/repository/org/apache/ozone/hdds-container-service/1.3.0-SNAPSHOT/hdds-container-service-1.3.0-SNAPSHOT.jar!/webapps/static,AVAILABLE}
2022-10-22 01:06:02,704 [Listener at 127.0.0.1/34145] INFO  handler.ContextHandler (ContextHandler.java:doStart(915)) - Started o.e.j.w.WebAppContext@68a83d76{hddsDatanode,/,file:///tmp/jetty-0_0_0_0-42939-hdds-container-service-1_3_0-SNAPSHOT_jar-_-any-776737292063456269/webapp/,AVAILABLE}{jar:file:/home/runner/.m2/repository/org/apache/ozone/hdds-container-service/1.3.0-SNAPSHOT/hdds-container-service-1.3.0-SNAPSHOT.jar!/webapps/hddsDatanode}
2022-10-22 01:06:02,706 [Listener at 127.0.0.1/34145] INFO  server.AbstractConnector (AbstractConnector.java:doStart(331)) - Started ServerConnector@18210306{HTTP/1.1, (http/1.1)}{0.0.0.0:42939}
2022-10-22 01:06:02,706 [Listener at 127.0.0.1/34145] INFO  server.Server (Server.java:doStart(415)) - Started @8577ms
2022-10-22 01:06:02,706 [Listener at 127.0.0.1/34145] WARN  impl.MetricsSystemImpl (MetricsSystemImpl.java:register(279)) - Sink prometheus already exists!
2022-10-22 01:06:02,707 [Listener at 127.0.0.1/34145] INFO  http.BaseHttpServer (BaseHttpServer.java:updateConnectorAddress(333)) - HTTP server of hddsDatanode listening at http://0.0.0.0:42939
2022-10-22 01:06:02,708 [Listener at 127.0.0.1/34145] WARN  impl.MetricRegistriesImpl (MetricRegistriesImpl.java:addReporterRegistration(111)) - New reporters are added after registries were created. Some metrics will be missing from the reporter. Please add reporter before adding any new registry.
2022-10-22 01:06:02,708 [Listener at 127.0.0.1/34145] WARN  impl.MetricRegistriesImpl (MetricRegistriesImpl.java:addReporterRegistration(111)) - New reporters are added after registries were created. Some metrics will be missing from the reporter. Please add reporter before adding any new registry.
2022-10-22 01:06:02,708 [Datanode State Machine Daemon Thread] INFO  statemachine.DatanodeStateMachine (DatanodeStateMachine.java:lambda$startDaemon$0(498)) - Ozone container server started.
2022-10-22 01:06:02,708 [Listener at 127.0.0.1/34145] INFO  impl.MetricsSystemImpl (MetricsSystemImpl.java:init(158)) - HddsDatanode metrics system started (again)
2022-10-22 01:06:02,719 [Listener at 127.0.0.1/34145] INFO  ozone.HddsDatanodeService (HddsDatanodeService.java:start(236)) - HddsDatanodeService host:fv-az334-928.zg0gw54pbdoexfhqlmz30d51na.gx.internal.cloudapp.net ip:10.1.0.62
2022-10-22 01:06:02,720 [org.apache.hadoop.util.JvmPauseMonitor$Monitor@10461bee] INFO  util.JvmPauseMonitor (JvmPauseMonitor.java:run(188)) - Starting JVM pause monitor
2022-10-22 01:06:02,724 [Datanode State Machine Task Thread - 0] INFO  datanode.InitDatanodeState (InitDatanodeState.java:persistContainerDatanodeDetails(138)) - DatanodeDetails is persisted to /home/runner/work/ozone/ozone/hadoop-ozone/integration-test/target/test-dir/MiniOzoneClusterImpl-a988f88d-4efe-430b-bf3c-a1e83706c790/datanode-4/meta/datanode.id
2022-10-22 01:06:02,736 [Listener at 127.0.0.1/34145] INFO  upgrade.AbstractLayoutVersionManager (AbstractLayoutVersionManager.java:init(83)) - Initializing Layout version manager with metadata layout = DATANODE_SCHEMA_V3 (version = 4), software layout = DATANODE_SCHEMA_V3 (version = 4)
2022-10-22 01:06:02,778 [Listener at 127.0.0.1/34145] INFO  reflections.Reflections (Reflections.java:scan(232)) - Reflections took 41 ms to scan 7 urls, producing 137 keys and 330 values 
2022-10-22 01:06:02,779 [Listener at 127.0.0.1/34145] INFO  statemachine.DatanodeStateMachine (DatanodeStateMachine.java:getEndPointTaskThreadPoolSize(242)) - Datanode State Machine Task Thread Pool size 2
2022-10-22 01:06:02,784 [Listener at 127.0.0.1/34145] INFO  volume.HddsVolume (HddsVolume.java:<init>(117)) - Creating HddsVolume: /home/runner/work/ozone/ozone/hadoop-ozone/integration-test/target/test-dir/MiniOzoneClusterImpl-a988f88d-4efe-430b-bf3c-a1e83706c790/datanode-5/data-0/containers/hdds of storage type : DISK capacity : 9223372036854775807
2022-10-22 01:06:02,784 [Listener at 127.0.0.1/34145] INFO  volume.MutableVolumeSet (MutableVolumeSet.java:initializeVolumeSet(174)) - Added Volume : /home/runner/work/ozone/ozone/hadoop-ozone/integration-test/target/test-dir/MiniOzoneClusterImpl-a988f88d-4efe-430b-bf3c-a1e83706c790/datanode-5/data-0/containers/hdds to VolumeSet
2022-10-22 01:06:02,784 [Listener at 127.0.0.1/34145] INFO  volume.ThrottledAsyncChecker (ThrottledAsyncChecker.java:schedule(141)) - Scheduling a check for /home/runner/work/ozone/ozone/hadoop-ozone/integration-test/target/test-dir/MiniOzoneClusterImpl-a988f88d-4efe-430b-bf3c-a1e83706c790/datanode-5/data-0/containers/hdds
2022-10-22 01:06:02,787 [Listener at 127.0.0.1/34145] INFO  volume.StorageVolumeChecker (StorageVolumeChecker.java:checkAllVolumes(202)) - Scheduled health check for volume /home/runner/work/ozone/ozone/hadoop-ozone/integration-test/target/test-dir/MiniOzoneClusterImpl-a988f88d-4efe-430b-bf3c-a1e83706c790/datanode-5/data-0/containers/hdds
2022-10-22 01:06:02,798 [Listener at 127.0.0.1/34145] INFO  volume.MutableVolumeSet (MutableVolumeSet.java:initializeVolumeSet(174)) - Added Volume : /home/runner/work/ozone/ozone/hadoop-ozone/integration-test/target/test-dir/MiniOzoneClusterImpl-a988f88d-4efe-430b-bf3c-a1e83706c790/datanode-5/data/ratis to VolumeSet
2022-10-22 01:06:02,798 [Listener at 127.0.0.1/34145] INFO  volume.ThrottledAsyncChecker (ThrottledAsyncChecker.java:schedule(141)) - Scheduling a check for /home/runner/work/ozone/ozone/hadoop-ozone/integration-test/target/test-dir/MiniOzoneClusterImpl-a988f88d-4efe-430b-bf3c-a1e83706c790/datanode-5/data/ratis
2022-10-22 01:06:02,798 [Listener at 127.0.0.1/34145] INFO  volume.StorageVolumeChecker (StorageVolumeChecker.java:checkAllVolumes(202)) - Scheduled health check for volume /home/runner/work/ozone/ozone/hadoop-ozone/integration-test/target/test-dir/MiniOzoneClusterImpl-a988f88d-4efe-430b-bf3c-a1e83706c790/datanode-5/data/ratis
2022-10-22 01:06:02,808 [Thread-203] INFO  ozoneimpl.ContainerReader (ContainerReader.java:readVolume(175)) - Finish verifying containers on volume /home/runner/work/ozone/ozone/hadoop-ozone/integration-test/target/test-dir/MiniOzoneClusterImpl-a988f88d-4efe-430b-bf3c-a1e83706c790/datanode-5/data-0/containers/hdds
2022-10-22 01:06:02,808 [Listener at 127.0.0.1/34145] INFO  ozoneimpl.OzoneContainer (OzoneContainer.java:buildContainerSet(300)) - Build ContainerSet costs 0s
2022-10-22 01:06:02,811 [Listener at 127.0.0.1/34145] INFO  server.RaftServer (ConfUtils.java:logGet(46)) - raft.rpc.type = GRPC (default)
2022-10-22 01:06:02,811 [Listener at 127.0.0.1/34145] INFO  grpc.GrpcConfigKeys (ConfUtils.java:logFallback(53)) - raft.grpc.admin.host = null (fallback to raft.grpc.server.host)
2022-10-22 01:06:02,811 [Listener at 127.0.0.1/34145] INFO  grpc.GrpcConfigKeys (ConfUtils.java:logGet(46)) - raft.grpc.admin.port = 0 (custom)
2022-10-22 01:06:02,812 [Listener at 127.0.0.1/34145] INFO  grpc.GrpcConfigKeys (ConfUtils.java:logFallback(53)) - raft.grpc.client.host = null (fallback to raft.grpc.server.host)
2022-10-22 01:06:02,812 [Listener at 127.0.0.1/34145] INFO  grpc.GrpcConfigKeys (ConfUtils.java:logGet(46)) - raft.grpc.client.port = 0 (custom)
2022-10-22 01:06:02,812 [Listener at 127.0.0.1/34145] INFO  grpc.GrpcConfigKeys (ConfUtils.java:logGet(46)) - raft.grpc.server.host = null (default)
2022-10-22 01:06:02,812 [Listener at 127.0.0.1/34145] INFO  grpc.GrpcConfigKeys (ConfUtils.java:logGet(46)) - raft.grpc.server.port = 0 (default)
2022-10-22 01:06:02,812 [Listener at 127.0.0.1/34145] INFO  server.GrpcService (ConfUtils.java:logGet(46)) - raft.grpc.message.size.max = 32MB (=33554432) (custom)
2022-10-22 01:06:02,812 [Listener at 127.0.0.1/34145] INFO  server.RaftServerConfigKeys (ConfUtils.java:logGet(46)) - raft.server.log.appender.buffer.byte-limit = 33554432 (custom)
2022-10-22 01:06:02,812 [Listener at 127.0.0.1/34145] INFO  server.GrpcService (ConfUtils.java:logGet(46)) - raft.grpc.flow.control.window = 5MB (=5242880) (custom)
2022-10-22 01:06:02,812 [Listener at 127.0.0.1/34145] INFO  server.RaftServerConfigKeys (ConfUtils.java:logGet(46)) - raft.server.rpc.request.timeout = 60s (custom)
2022-10-22 01:06:02,812 [Listener at 127.0.0.1/34145] INFO  grpc.GrpcConfigKeys (ConfUtils.java:logGet(46)) - raft.grpc.server.heartbeat.channel = true (default)
2022-10-22 01:06:02,813 [Listener at 127.0.0.1/34145] INFO  grpc.GrpcConfigKeys (ConfUtils.java:logGet(46)) - raft.grpc.server.async.request.thread.pool.cached = true (default)
2022-10-22 01:06:02,813 [Listener at 127.0.0.1/34145] INFO  grpc.GrpcConfigKeys (ConfUtils.java:logGet(46)) - raft.grpc.server.async.request.thread.pool.size = 32 (default)
2022-10-22 01:06:02,814 [Listener at 127.0.0.1/34145] INFO  impl.DataStreamServerImpl (ConfUtils.java:logGet(46)) - raft.datastream.type = DISABLED (default)
2022-10-22 01:06:02,814 [Listener at 127.0.0.1/34145] INFO  server.RaftServerConfigKeys (ConfUtils.java:logGet(46)) - raft.server.threadpool.proxy.cached = true (default)
2022-10-22 01:06:02,814 [Listener at 127.0.0.1/34145] INFO  server.RaftServerConfigKeys (ConfUtils.java:logGet(46)) - raft.server.threadpool.proxy.size = 0 (default)
2022-10-22 01:06:02,814 [Listener at 127.0.0.1/34145] INFO  server.RaftServerConfigKeys (ConfUtils.java:logGet(46)) - raft.server.rpc.slowness.timeout = 300s (custom)
2022-10-22 01:06:02,816 [Listener at 127.0.0.1/34145] INFO  server.RaftServerConfigKeys (ConfUtils.java:logGet(46)) - raft.server.leaderelection.leader.step-down.wait-time = 10s (default)
2022-10-22 01:06:02,816 [Listener at 127.0.0.1/34145] INFO  server.RaftServerConfigKeys (ConfUtils.java:logGet(46)) - raft.server.storage.dir = [/home/runner/work/ozone/ozone/hadoop-ozone/integration-test/target/test-dir/MiniOzoneClusterImpl-a988f88d-4efe-430b-bf3c-a1e83706c790/datanode-5/data/ratis] (custom)
2022-10-22 01:06:02,818 [Listener at 127.0.0.1/34145] INFO  server.XceiverServerGrpc (XceiverServerGrpc.java:<init>(132)) - GrpcServer channel type EpollServerSocketChannel
2022-10-22 01:06:02,820 [Listener at 127.0.0.1/34145] INFO  http.BaseHttpServer (BaseHttpServer.java:newHttpServer2BuilderForOzone(213)) - Starting Web-server for hddsDatanode at: http://0.0.0.0:0
2022-10-22 01:06:02,820 [Listener at 127.0.0.1/34145] INFO  http.BaseHttpServer (BaseHttpServer.java:<init>(108)) - Hadoop Security Enabled: false Ozone Security Enabled: false Ozone HTTP Security Enabled: false 
2022-10-22 01:06:02,822 [Listener at 127.0.0.1/34145] WARN  server.AuthenticationFilter (AuthenticationFilter.java:constructSecretProvider(240)) - Unable to initialize FileSignerSecretProvider, falling back to use random secrets. Reason: Could not read signature secret file: /home/runner/hadoop-http-auth-signature-secret
2022-10-22 01:06:02,822 [Listener at 127.0.0.1/34145] WARN  http.HttpRequestLog (HttpRequestLog.java:getRequestLog(103)) - Jetty request log can only be enabled using Log4j
2022-10-22 01:06:02,824 [Listener at 127.0.0.1/34145] INFO  http.HttpServer2 (HttpServer2.java:addGlobalFilter(1031)) - Added global filter 'safety' (class=org.apache.hadoop.hdds.server.http.HttpServer2$QuotingInputFilter)
2022-10-22 01:06:02,824 [Listener at 127.0.0.1/34145] INFO  http.HttpServer2 (HttpServer2.java:addFilter(1007)) - Added filter static_user_filter (class=org.apache.hadoop.http.lib.StaticUserWebFilter$StaticUserFilter) to context hddsDatanode
2022-10-22 01:06:02,824 [Listener at 127.0.0.1/34145] INFO  http.HttpServer2 (HttpServer2.java:addFilter(1015)) - Added filter static_user_filter (class=org.apache.hadoop.http.lib.StaticUserWebFilter$StaticUserFilter) to context static
2022-10-22 01:06:02,825 [Listener at 127.0.0.1/34145] INFO  http.HttpServer2 (HttpServer2.java:addFilter(1015)) - Added filter static_user_filter (class=org.apache.hadoop.http.lib.StaticUserWebFilter$StaticUserFilter) to context logs
2022-10-22 01:06:02,825 [Listener at 127.0.0.1/34145] INFO  http.HttpServer2 (HttpServer2.java:bindListener(1250)) - Jetty bound to port 33035
2022-10-22 01:06:02,825 [Listener at 127.0.0.1/34145] INFO  server.Server (Server.java:doStart(375)) - jetty-9.4.43.v20210629; built: 2021-06-30T11:07:22.254Z; git: 526006ecfa3af7f1a27ef3a288e2bef7ea9dd7e8; jvm 1.8.0_345-b01
2022-10-22 01:06:02,827 [Listener at 127.0.0.1/34145] INFO  server.session (DefaultSessionIdManager.java:doStart(334)) - DefaultSessionIdManager workerName=node0
2022-10-22 01:06:02,827 [Listener at 127.0.0.1/34145] INFO  server.session (DefaultSessionIdManager.java:doStart(339)) - No SessionScavenger set, using defaults
2022-10-22 01:06:02,827 [Listener at 127.0.0.1/34145] INFO  server.session (HouseKeeper.java:startScavenging(132)) - node0 Scavenging every 600000ms
2022-10-22 01:06:02,828 [Listener at 127.0.0.1/34145] INFO  handler.ContextHandler (ContextHandler.java:doStart(915)) - Started o.e.j.s.ServletContextHandler@47a75bc{logs,/logs,file:///home/runner/work/ozone/ozone/hadoop-ozone/integration-test/target/log,AVAILABLE}
2022-10-22 01:06:02,828 [Listener at 127.0.0.1/34145] INFO  handler.ContextHandler (ContextHandler.java:doStart(915)) - Started o.e.j.s.ServletContextHandler@29efc19e{static,/static,jar:file:/home/runner/.m2/repository/org/apache/ozone/hdds-container-service/1.3.0-SNAPSHOT/hdds-container-service-1.3.0-SNAPSHOT.jar!/webapps/static,AVAILABLE}
2022-10-22 01:06:03,003 [Listener at 127.0.0.1/34145] INFO  handler.ContextHandler (ContextHandler.java:doStart(915)) - Started o.e.j.w.WebAppContext@49accb92{hddsDatanode,/,file:///tmp/jetty-0_0_0_0-33035-hdds-container-service-1_3_0-SNAPSHOT_jar-_-any-4046378131656446808/webapp/,AVAILABLE}{jar:file:/home/runner/.m2/repository/org/apache/ozone/hdds-container-service/1.3.0-SNAPSHOT/hdds-container-service-1.3.0-SNAPSHOT.jar!/webapps/hddsDatanode}
2022-10-22 01:06:03,004 [Listener at 127.0.0.1/34145] INFO  server.AbstractConnector (AbstractConnector.java:doStart(331)) - Started ServerConnector@28839977{HTTP/1.1, (http/1.1)}{0.0.0.0:33035}
2022-10-22 01:06:03,004 [Listener at 127.0.0.1/34145] INFO  server.Server (Server.java:doStart(415)) - Started @8876ms
2022-10-22 01:06:03,005 [Listener at 127.0.0.1/34145] WARN  impl.MetricsSystemImpl (MetricsSystemImpl.java:register(279)) - Sink prometheus already exists!
2022-10-22 01:06:03,005 [Listener at 127.0.0.1/34145] INFO  http.BaseHttpServer (BaseHttpServer.java:updateConnectorAddress(333)) - HTTP server of hddsDatanode listening at http://0.0.0.0:33035
2022-10-22 01:06:03,006 [Listener at 127.0.0.1/34145] WARN  impl.MetricRegistriesImpl (MetricRegistriesImpl.java:addReporterRegistration(111)) - New reporters are added after registries were created. Some metrics will be missing from the reporter. Please add reporter before adding any new registry.
2022-10-22 01:06:03,006 [Listener at 127.0.0.1/34145] WARN  impl.MetricRegistriesImpl (MetricRegistriesImpl.java:addReporterRegistration(111)) - New reporters are added after registries were created. Some metrics will be missing from the reporter. Please add reporter before adding any new registry.
2022-10-22 01:06:03,006 [Listener at 127.0.0.1/34145] INFO  impl.MetricsSystemImpl (MetricsSystemImpl.java:init(158)) - HddsDatanode metrics system started (again)
2022-10-22 01:06:03,007 [Datanode State Machine Daemon Thread] INFO  statemachine.DatanodeStateMachine (DatanodeStateMachine.java:lambda$startDaemon$0(498)) - Ozone container server started.
2022-10-22 01:06:03,015 [org.apache.hadoop.util.JvmPauseMonitor$Monitor@1f5860c] INFO  util.JvmPauseMonitor (JvmPauseMonitor.java:run(188)) - Starting JVM pause monitor
2022-10-22 01:06:03,017 [Listener at 127.0.0.1/34145] INFO  ozone.HddsDatanodeService (HddsDatanodeService.java:start(236)) - HddsDatanodeService host:fv-az334-928.zg0gw54pbdoexfhqlmz30d51na.gx.internal.cloudapp.net ip:10.1.0.62
2022-10-22 01:06:03,020 [Datanode State Machine Task Thread - 0] INFO  datanode.InitDatanodeState (InitDatanodeState.java:persistContainerDatanodeDetails(138)) - DatanodeDetails is persisted to /home/runner/work/ozone/ozone/hadoop-ozone/integration-test/target/test-dir/MiniOzoneClusterImpl-a988f88d-4efe-430b-bf3c-a1e83706c790/datanode-5/meta/datanode.id
2022-10-22 01:06:03,042 [Listener at 127.0.0.1/34145] INFO  upgrade.AbstractLayoutVersionManager (AbstractLayoutVersionManager.java:init(83)) - Initializing Layout version manager with metadata layout = DATANODE_SCHEMA_V3 (version = 4), software layout = DATANODE_SCHEMA_V3 (version = 4)
2022-10-22 01:06:03,083 [Listener at 127.0.0.1/34145] INFO  reflections.Reflections (Reflections.java:scan(232)) - Reflections took 40 ms to scan 7 urls, producing 137 keys and 330 values 
2022-10-22 01:06:03,084 [Listener at 127.0.0.1/34145] INFO  statemachine.DatanodeStateMachine (DatanodeStateMachine.java:getEndPointTaskThreadPoolSize(242)) - Datanode State Machine Task Thread Pool size 2
2022-10-22 01:06:03,088 [Listener at 127.0.0.1/34145] INFO  volume.HddsVolume (HddsVolume.java:<init>(117)) - Creating HddsVolume: /home/runner/work/ozone/ozone/hadoop-ozone/integration-test/target/test-dir/MiniOzoneClusterImpl-a988f88d-4efe-430b-bf3c-a1e83706c790/datanode-6/data-0/containers/hdds of storage type : DISK capacity : 9223372036854775807
2022-10-22 01:06:03,088 [Listener at 127.0.0.1/34145] INFO  volume.MutableVolumeSet (MutableVolumeSet.java:initializeVolumeSet(174)) - Added Volume : /home/runner/work/ozone/ozone/hadoop-ozone/integration-test/target/test-dir/MiniOzoneClusterImpl-a988f88d-4efe-430b-bf3c-a1e83706c790/datanode-6/data-0/containers/hdds to VolumeSet
2022-10-22 01:06:03,088 [Listener at 127.0.0.1/34145] INFO  volume.ThrottledAsyncChecker (ThrottledAsyncChecker.java:schedule(141)) - Scheduling a check for /home/runner/work/ozone/ozone/hadoop-ozone/integration-test/target/test-dir/MiniOzoneClusterImpl-a988f88d-4efe-430b-bf3c-a1e83706c790/datanode-6/data-0/containers/hdds
2022-10-22 01:06:03,091 [Listener at 127.0.0.1/34145] INFO  volume.StorageVolumeChecker (StorageVolumeChecker.java:checkAllVolumes(202)) - Scheduled health check for volume /home/runner/work/ozone/ozone/hadoop-ozone/integration-test/target/test-dir/MiniOzoneClusterImpl-a988f88d-4efe-430b-bf3c-a1e83706c790/datanode-6/data-0/containers/hdds
2022-10-22 01:06:03,101 [Listener at 127.0.0.1/34145] INFO  volume.MutableVolumeSet (MutableVolumeSet.java:initializeVolumeSet(174)) - Added Volume : /home/runner/work/ozone/ozone/hadoop-ozone/integration-test/target/test-dir/MiniOzoneClusterImpl-a988f88d-4efe-430b-bf3c-a1e83706c790/datanode-6/data/ratis to VolumeSet
2022-10-22 01:06:03,102 [Listener at 127.0.0.1/34145] INFO  volume.ThrottledAsyncChecker (ThrottledAsyncChecker.java:schedule(141)) - Scheduling a check for /home/runner/work/ozone/ozone/hadoop-ozone/integration-test/target/test-dir/MiniOzoneClusterImpl-a988f88d-4efe-430b-bf3c-a1e83706c790/datanode-6/data/ratis
2022-10-22 01:06:03,102 [Listener at 127.0.0.1/34145] INFO  volume.StorageVolumeChecker (StorageVolumeChecker.java:checkAllVolumes(202)) - Scheduled health check for volume /home/runner/work/ozone/ozone/hadoop-ozone/integration-test/target/test-dir/MiniOzoneClusterImpl-a988f88d-4efe-430b-bf3c-a1e83706c790/datanode-6/data/ratis
2022-10-22 01:06:03,112 [Thread-216] INFO  ozoneimpl.ContainerReader (ContainerReader.java:readVolume(175)) - Finish verifying containers on volume /home/runner/work/ozone/ozone/hadoop-ozone/integration-test/target/test-dir/MiniOzoneClusterImpl-a988f88d-4efe-430b-bf3c-a1e83706c790/datanode-6/data-0/containers/hdds
2022-10-22 01:06:03,112 [Listener at 127.0.0.1/34145] INFO  ozoneimpl.OzoneContainer (OzoneContainer.java:buildContainerSet(300)) - Build ContainerSet costs 0s
2022-10-22 01:06:03,114 [Listener at 127.0.0.1/34145] INFO  server.RaftServer (ConfUtils.java:logGet(46)) - raft.rpc.type = GRPC (default)
2022-10-22 01:06:03,114 [Listener at 127.0.0.1/34145] INFO  grpc.GrpcConfigKeys (ConfUtils.java:logFallback(53)) - raft.grpc.admin.host = null (fallback to raft.grpc.server.host)
2022-10-22 01:06:03,114 [Listener at 127.0.0.1/34145] INFO  grpc.GrpcConfigKeys (ConfUtils.java:logGet(46)) - raft.grpc.admin.port = 0 (custom)
2022-10-22 01:06:03,114 [Listener at 127.0.0.1/34145] INFO  grpc.GrpcConfigKeys (ConfUtils.java:logFallback(53)) - raft.grpc.client.host = null (fallback to raft.grpc.server.host)
2022-10-22 01:06:03,115 [Listener at 127.0.0.1/34145] INFO  grpc.GrpcConfigKeys (ConfUtils.java:logGet(46)) - raft.grpc.client.port = 0 (custom)
2022-10-22 01:06:03,115 [Listener at 127.0.0.1/34145] INFO  grpc.GrpcConfigKeys (ConfUtils.java:logGet(46)) - raft.grpc.server.host = null (default)
2022-10-22 01:06:03,115 [Listener at 127.0.0.1/34145] INFO  grpc.GrpcConfigKeys (ConfUtils.java:logGet(46)) - raft.grpc.server.port = 0 (default)
2022-10-22 01:06:03,115 [Listener at 127.0.0.1/34145] INFO  server.GrpcService (ConfUtils.java:logGet(46)) - raft.grpc.message.size.max = 32MB (=33554432) (custom)
2022-10-22 01:06:03,115 [Listener at 127.0.0.1/34145] INFO  server.RaftServerConfigKeys (ConfUtils.java:logGet(46)) - raft.server.log.appender.buffer.byte-limit = 33554432 (custom)
2022-10-22 01:06:03,115 [Listener at 127.0.0.1/34145] INFO  server.GrpcService (ConfUtils.java:logGet(46)) - raft.grpc.flow.control.window = 5MB (=5242880) (custom)
2022-10-22 01:06:03,115 [Listener at 127.0.0.1/34145] INFO  server.RaftServerConfigKeys (ConfUtils.java:logGet(46)) - raft.server.rpc.request.timeout = 60s (custom)
2022-10-22 01:06:03,115 [Listener at 127.0.0.1/34145] INFO  grpc.GrpcConfigKeys (ConfUtils.java:logGet(46)) - raft.grpc.server.heartbeat.channel = true (default)
2022-10-22 01:06:03,115 [Listener at 127.0.0.1/34145] INFO  grpc.GrpcConfigKeys (ConfUtils.java:logGet(46)) - raft.grpc.server.async.request.thread.pool.cached = true (default)
2022-10-22 01:06:03,116 [Listener at 127.0.0.1/34145] INFO  grpc.GrpcConfigKeys (ConfUtils.java:logGet(46)) - raft.grpc.server.async.request.thread.pool.size = 32 (default)
2022-10-22 01:06:03,116 [Listener at 127.0.0.1/34145] INFO  impl.DataStreamServerImpl (ConfUtils.java:logGet(46)) - raft.datastream.type = DISABLED (default)
2022-10-22 01:06:03,117 [Listener at 127.0.0.1/34145] INFO  server.RaftServerConfigKeys (ConfUtils.java:logGet(46)) - raft.server.threadpool.proxy.cached = true (default)
2022-10-22 01:06:03,117 [Listener at 127.0.0.1/34145] INFO  server.RaftServerConfigKeys (ConfUtils.java:logGet(46)) - raft.server.threadpool.proxy.size = 0 (default)
2022-10-22 01:06:03,117 [Listener at 127.0.0.1/34145] INFO  server.RaftServerConfigKeys (ConfUtils.java:logGet(46)) - raft.server.rpc.slowness.timeout = 300s (custom)
2022-10-22 01:06:03,117 [Listener at 127.0.0.1/34145] INFO  server.RaftServerConfigKeys (ConfUtils.java:logGet(46)) - raft.server.leaderelection.leader.step-down.wait-time = 10s (default)
2022-10-22 01:06:03,117 [Listener at 127.0.0.1/34145] INFO  server.RaftServerConfigKeys (ConfUtils.java:logGet(46)) - raft.server.storage.dir = [/home/runner/work/ozone/ozone/hadoop-ozone/integration-test/target/test-dir/MiniOzoneClusterImpl-a988f88d-4efe-430b-bf3c-a1e83706c790/datanode-6/data/ratis] (custom)
2022-10-22 01:06:03,125 [Listener at 127.0.0.1/34145] INFO  server.XceiverServerGrpc (XceiverServerGrpc.java:<init>(132)) - GrpcServer channel type EpollServerSocketChannel
2022-10-22 01:06:03,129 [Listener at 127.0.0.1/34145] INFO  http.BaseHttpServer (BaseHttpServer.java:newHttpServer2BuilderForOzone(213)) - Starting Web-server for hddsDatanode at: http://0.0.0.0:0
2022-10-22 01:06:03,129 [Listener at 127.0.0.1/34145] INFO  http.BaseHttpServer (BaseHttpServer.java:<init>(108)) - Hadoop Security Enabled: false Ozone Security Enabled: false Ozone HTTP Security Enabled: false 
2022-10-22 01:06:03,130 [Listener at 127.0.0.1/34145] WARN  server.AuthenticationFilter (AuthenticationFilter.java:constructSecretProvider(240)) - Unable to initialize FileSignerSecretProvider, falling back to use random secrets. Reason: Could not read signature secret file: /home/runner/hadoop-http-auth-signature-secret
2022-10-22 01:06:03,131 [Listener at 127.0.0.1/34145] WARN  http.HttpRequestLog (HttpRequestLog.java:getRequestLog(103)) - Jetty request log can only be enabled using Log4j
2022-10-22 01:06:03,132 [Listener at 127.0.0.1/34145] INFO  http.HttpServer2 (HttpServer2.java:addGlobalFilter(1031)) - Added global filter 'safety' (class=org.apache.hadoop.hdds.server.http.HttpServer2$QuotingInputFilter)
2022-10-22 01:06:03,132 [Listener at 127.0.0.1/34145] INFO  http.HttpServer2 (HttpServer2.java:addFilter(1007)) - Added filter static_user_filter (class=org.apache.hadoop.http.lib.StaticUserWebFilter$StaticUserFilter) to context hddsDatanode
2022-10-22 01:06:03,133 [Listener at 127.0.0.1/34145] INFO  http.HttpServer2 (HttpServer2.java:addFilter(1015)) - Added filter static_user_filter (class=org.apache.hadoop.http.lib.StaticUserWebFilter$StaticUserFilter) to context logs
2022-10-22 01:06:03,133 [Listener at 127.0.0.1/34145] INFO  http.HttpServer2 (HttpServer2.java:addFilter(1015)) - Added filter static_user_filter (class=org.apache.hadoop.http.lib.StaticUserWebFilter$StaticUserFilter) to context static
2022-10-22 01:06:03,133 [Listener at 127.0.0.1/34145] INFO  http.HttpServer2 (HttpServer2.java:bindListener(1250)) - Jetty bound to port 41503
2022-10-22 01:06:03,133 [Listener at 127.0.0.1/34145] INFO  server.Server (Server.java:doStart(375)) - jetty-9.4.43.v20210629; built: 2021-06-30T11:07:22.254Z; git: 526006ecfa3af7f1a27ef3a288e2bef7ea9dd7e8; jvm 1.8.0_345-b01
2022-10-22 01:06:03,134 [Listener at 127.0.0.1/34145] INFO  server.session (DefaultSessionIdManager.java:doStart(334)) - DefaultSessionIdManager workerName=node0
2022-10-22 01:06:03,134 [Listener at 127.0.0.1/34145] INFO  server.session (DefaultSessionIdManager.java:doStart(339)) - No SessionScavenger set, using defaults
2022-10-22 01:06:03,135 [Listener at 127.0.0.1/34145] INFO  server.session (HouseKeeper.java:startScavenging(132)) - node0 Scavenging every 600000ms
2022-10-22 01:06:03,135 [Listener at 127.0.0.1/34145] INFO  handler.ContextHandler (ContextHandler.java:doStart(915)) - Started o.e.j.s.ServletContextHandler@28cf351b{logs,/logs,file:///home/runner/work/ozone/ozone/hadoop-ozone/integration-test/target/log,AVAILABLE}
2022-10-22 01:06:03,135 [Listener at 127.0.0.1/34145] INFO  handler.ContextHandler (ContextHandler.java:doStart(915)) - Started o.e.j.s.ServletContextHandler@a5491ab{static,/static,jar:file:/home/runner/.m2/repository/org/apache/ozone/hdds-container-service/1.3.0-SNAPSHOT/hdds-container-service-1.3.0-SNAPSHOT.jar!/webapps/static,AVAILABLE}
2022-10-22 01:06:03,312 [Listener at 127.0.0.1/34145] INFO  handler.ContextHandler (ContextHandler.java:doStart(915)) - Started o.e.j.w.WebAppContext@13defad1{hddsDatanode,/,file:///tmp/jetty-0_0_0_0-41503-hdds-container-service-1_3_0-SNAPSHOT_jar-_-any-2596211908768263775/webapp/,AVAILABLE}{jar:file:/home/runner/.m2/repository/org/apache/ozone/hdds-container-service/1.3.0-SNAPSHOT/hdds-container-service-1.3.0-SNAPSHOT.jar!/webapps/hddsDatanode}
2022-10-22 01:06:03,313 [Listener at 127.0.0.1/34145] INFO  server.AbstractConnector (AbstractConnector.java:doStart(331)) - Started ServerConnector@56a2f49d{HTTP/1.1, (http/1.1)}{0.0.0.0:41503}
2022-10-22 01:06:03,313 [Listener at 127.0.0.1/34145] INFO  server.Server (Server.java:doStart(415)) - Started @9184ms
2022-10-22 01:06:03,313 [Listener at 127.0.0.1/34145] WARN  impl.MetricsSystemImpl (MetricsSystemImpl.java:register(279)) - Sink prometheus already exists!
2022-10-22 01:06:03,323 [Listener at 127.0.0.1/34145] INFO  http.BaseHttpServer (BaseHttpServer.java:updateConnectorAddress(333)) - HTTP server of hddsDatanode listening at http://0.0.0.0:41503
2022-10-22 01:06:03,326 [Listener at 127.0.0.1/34145] WARN  impl.MetricRegistriesImpl (MetricRegistriesImpl.java:addReporterRegistration(111)) - New reporters are added after registries were created. Some metrics will be missing from the reporter. Please add reporter before adding any new registry.
2022-10-22 01:06:03,326 [Listener at 127.0.0.1/34145] WARN  impl.MetricRegistriesImpl (MetricRegistriesImpl.java:addReporterRegistration(111)) - New reporters are added after registries were created. Some metrics will be missing from the reporter. Please add reporter before adding any new registry.
2022-10-22 01:06:03,326 [Listener at 127.0.0.1/34145] INFO  impl.MetricsSystemImpl (MetricsSystemImpl.java:init(158)) - HddsDatanode metrics system started (again)
2022-10-22 01:06:03,329 [Datanode State Machine Daemon Thread] INFO  statemachine.DatanodeStateMachine (DatanodeStateMachine.java:lambda$startDaemon$0(498)) - Ozone container server started.
2022-10-22 01:06:03,337 [Listener at 127.0.0.1/34145] INFO  ozone.HddsDatanodeService (HddsDatanodeService.java:start(236)) - HddsDatanodeService host:fv-az334-928.zg0gw54pbdoexfhqlmz30d51na.gx.internal.cloudapp.net ip:10.1.0.62
2022-10-22 01:06:03,348 [org.apache.hadoop.util.JvmPauseMonitor$Monitor@173bfb17] INFO  util.JvmPauseMonitor (JvmPauseMonitor.java:run(188)) - Starting JVM pause monitor
2022-10-22 01:06:03,351 [Datanode State Machine Task Thread - 0] INFO  datanode.InitDatanodeState (InitDatanodeState.java:persistContainerDatanodeDetails(138)) - DatanodeDetails is persisted to /home/runner/work/ozone/ozone/hadoop-ozone/integration-test/target/test-dir/MiniOzoneClusterImpl-a988f88d-4efe-430b-bf3c-a1e83706c790/datanode-6/meta/datanode.id
2022-10-22 01:06:03,362 [Listener at 127.0.0.1/34145] INFO  upgrade.AbstractLayoutVersionManager (AbstractLayoutVersionManager.java:init(83)) - Initializing Layout version manager with metadata layout = DATANODE_SCHEMA_V3 (version = 4), software layout = DATANODE_SCHEMA_V3 (version = 4)
2022-10-22 01:06:03,378 [EndpointStateMachine task thread for /0.0.0.0:45633 - 0 ] INFO  volume.HddsVolume (HddsVolume.java:createDbStore(307)) - SchemaV3 db is created and loaded at /home/runner/work/ozone/ozone/hadoop-ozone/integration-test/target/test-dir/MiniOzoneClusterImpl-a988f88d-4efe-430b-bf3c-a1e83706c790/datanode-0/data-0/containers/hdds/a988f88d-4efe-430b-bf3c-a1e83706c790/DS-4c29a6d6-6d3a-468f-b24f-325f2047f6b8/container.db for volume DS-4c29a6d6-6d3a-468f-b24f-325f2047f6b8
2022-10-22 01:06:03,381 [EndpointStateMachine task thread for /0.0.0.0:45633 - 0 ] INFO  volume.HddsVolume (HddsVolume.java:closeDbStore(338)) - SchemaV3 db is stopped at /home/runner/work/ozone/ozone/hadoop-ozone/integration-test/target/test-dir/MiniOzoneClusterImpl-a988f88d-4efe-430b-bf3c-a1e83706c790/datanode-0/data-0/containers/hdds/a988f88d-4efe-430b-bf3c-a1e83706c790/DS-4c29a6d6-6d3a-468f-b24f-325f2047f6b8/container.db for volume DS-4c29a6d6-6d3a-468f-b24f-325f2047f6b8
2022-10-22 01:06:03,382 [EndpointStateMachine task thread for /0.0.0.0:45633 - 0 ] INFO  ozoneimpl.OzoneContainer (OzoneContainer.java:start(378)) - Attempting to start container services.
2022-10-22 01:06:03,392 [EndpointStateMachine task thread for /0.0.0.0:45633 - 0 ] INFO  ozoneimpl.OzoneContainer (OzoneContainer.java:startContainerScrub(313)) - Background container scanner has been disabled.
2022-10-22 01:06:03,393 [EndpointStateMachine task thread for /0.0.0.0:45633 - 0 ] INFO  replication.ReplicationServer (ReplicationServer.java:start(111)) - ReplicationServer is started using port 45669
2022-10-22 01:06:03,397 [EndpointStateMachine task thread for /0.0.0.0:45633 - 0 ] INFO  ratis.XceiverServerRatis (XceiverServerRatis.java:start(481)) - Starting XceiverServerRatis d1d68c68-fcd1-40a2-8bd4-08293fe543e0
2022-10-22 01:06:03,405 [EndpointStateMachine task thread for /0.0.0.0:45633 - 0 ] INFO  server.RaftServer (RaftServerProxy.java:startImpl(393)) - d1d68c68-fcd1-40a2-8bd4-08293fe543e0: start RPC server
2022-10-22 01:06:03,413 [EndpointStateMachine task thread for /0.0.0.0:45633 - 0 ] INFO  server.GrpcService (GrpcService.java:startImpl(270)) - d1d68c68-fcd1-40a2-8bd4-08293fe543e0: GrpcService started, listening on 34369
2022-10-22 01:06:03,413 [EndpointStateMachine task thread for /0.0.0.0:45633 - 0 ] INFO  ratis.XceiverServerRatis (XceiverServerRatis.java:getRealPort(502)) - XceiverServerRatis d1d68c68-fcd1-40a2-8bd4-08293fe543e0 is started using port 34369 for RATIS
2022-10-22 01:06:03,413 [EndpointStateMachine task thread for /0.0.0.0:45633 - 0 ] INFO  ratis.XceiverServerRatis (XceiverServerRatis.java:getRealPort(502)) - XceiverServerRatis d1d68c68-fcd1-40a2-8bd4-08293fe543e0 is started using port 34369 for RATIS_ADMIN
2022-10-22 01:06:03,413 [EndpointStateMachine task thread for /0.0.0.0:45633 - 0 ] INFO  ratis.XceiverServerRatis (XceiverServerRatis.java:getRealPort(502)) - XceiverServerRatis d1d68c68-fcd1-40a2-8bd4-08293fe543e0 is started using port 34369 for RATIS_SERVER
2022-10-22 01:06:03,413 [JvmPauseMonitor1] INFO  util.JvmPauseMonitor (JvmPauseMonitor.java:run(105)) - JvmPauseMonitor-d1d68c68-fcd1-40a2-8bd4-08293fe543e0: Started
2022-10-22 01:06:03,428 [EndpointStateMachine task thread for /0.0.0.0:45633 - 0 ] INFO  server.XceiverServerGrpc (XceiverServerGrpc.java:start(180)) - XceiverServerGrpc d1d68c68-fcd1-40a2-8bd4-08293fe543e0 is started using port 44553
2022-10-22 01:06:03,433 [Listener at 127.0.0.1/34145] INFO  reflections.Reflections (Reflections.java:scan(232)) - Reflections took 70 ms to scan 7 urls, producing 137 keys and 330 values 
2022-10-22 01:06:03,436 [Listener at 127.0.0.1/34145] INFO  statemachine.DatanodeStateMachine (DatanodeStateMachine.java:getEndPointTaskThreadPoolSize(242)) - Datanode State Machine Task Thread Pool size 2
2022-10-22 01:06:03,438 [Listener at 127.0.0.1/34145] INFO  volume.HddsVolume (HddsVolume.java:<init>(117)) - Creating HddsVolume: /home/runner/work/ozone/ozone/hadoop-ozone/integration-test/target/test-dir/MiniOzoneClusterImpl-a988f88d-4efe-430b-bf3c-a1e83706c790/datanode-7/data-0/containers/hdds of storage type : DISK capacity : 9223372036854775807
2022-10-22 01:06:03,438 [Listener at 127.0.0.1/34145] INFO  volume.MutableVolumeSet (MutableVolumeSet.java:initializeVolumeSet(174)) - Added Volume : /home/runner/work/ozone/ozone/hadoop-ozone/integration-test/target/test-dir/MiniOzoneClusterImpl-a988f88d-4efe-430b-bf3c-a1e83706c790/datanode-7/data-0/containers/hdds to VolumeSet
2022-10-22 01:06:03,438 [Listener at 127.0.0.1/34145] INFO  volume.ThrottledAsyncChecker (ThrottledAsyncChecker.java:schedule(141)) - Scheduling a check for /home/runner/work/ozone/ozone/hadoop-ozone/integration-test/target/test-dir/MiniOzoneClusterImpl-a988f88d-4efe-430b-bf3c-a1e83706c790/datanode-7/data-0/containers/hdds
2022-10-22 01:06:03,438 [Listener at 127.0.0.1/34145] INFO  volume.StorageVolumeChecker (StorageVolumeChecker.java:checkAllVolumes(202)) - Scheduled health check for volume /home/runner/work/ozone/ozone/hadoop-ozone/integration-test/target/test-dir/MiniOzoneClusterImpl-a988f88d-4efe-430b-bf3c-a1e83706c790/datanode-7/data-0/containers/hdds
2022-10-22 01:06:03,450 [Listener at 127.0.0.1/34145] INFO  volume.MutableVolumeSet (MutableVolumeSet.java:initializeVolumeSet(174)) - Added Volume : /home/runner/work/ozone/ozone/hadoop-ozone/integration-test/target/test-dir/MiniOzoneClusterImpl-a988f88d-4efe-430b-bf3c-a1e83706c790/datanode-7/data/ratis to VolumeSet
2022-10-22 01:06:03,450 [Listener at 127.0.0.1/34145] INFO  volume.ThrottledAsyncChecker (ThrottledAsyncChecker.java:schedule(141)) - Scheduling a check for /home/runner/work/ozone/ozone/hadoop-ozone/integration-test/target/test-dir/MiniOzoneClusterImpl-a988f88d-4efe-430b-bf3c-a1e83706c790/datanode-7/data/ratis
2022-10-22 01:06:03,450 [Listener at 127.0.0.1/34145] INFO  volume.StorageVolumeChecker (StorageVolumeChecker.java:checkAllVolumes(202)) - Scheduled health check for volume /home/runner/work/ozone/ozone/hadoop-ozone/integration-test/target/test-dir/MiniOzoneClusterImpl-a988f88d-4efe-430b-bf3c-a1e83706c790/datanode-7/data/ratis
2022-10-22 01:06:03,460 [Thread-235] INFO  ozoneimpl.ContainerReader (ContainerReader.java:readVolume(175)) - Finish verifying containers on volume /home/runner/work/ozone/ozone/hadoop-ozone/integration-test/target/test-dir/MiniOzoneClusterImpl-a988f88d-4efe-430b-bf3c-a1e83706c790/datanode-7/data-0/containers/hdds
2022-10-22 01:06:03,460 [Listener at 127.0.0.1/34145] INFO  ozoneimpl.OzoneContainer (OzoneContainer.java:buildContainerSet(300)) - Build ContainerSet costs 0s
2022-10-22 01:06:03,462 [Listener at 127.0.0.1/34145] INFO  server.RaftServer (ConfUtils.java:logGet(46)) - raft.rpc.type = GRPC (default)
2022-10-22 01:06:03,463 [Listener at 127.0.0.1/34145] INFO  grpc.GrpcConfigKeys (ConfUtils.java:logFallback(53)) - raft.grpc.admin.host = null (fallback to raft.grpc.server.host)
2022-10-22 01:06:03,463 [Listener at 127.0.0.1/34145] INFO  grpc.GrpcConfigKeys (ConfUtils.java:logGet(46)) - raft.grpc.admin.port = 0 (custom)
2022-10-22 01:06:03,463 [Listener at 127.0.0.1/34145] INFO  grpc.GrpcConfigKeys (ConfUtils.java:logFallback(53)) - raft.grpc.client.host = null (fallback to raft.grpc.server.host)
2022-10-22 01:06:03,463 [Listener at 127.0.0.1/34145] INFO  grpc.GrpcConfigKeys (ConfUtils.java:logGet(46)) - raft.grpc.client.port = 0 (custom)
2022-10-22 01:06:03,463 [Listener at 127.0.0.1/34145] INFO  grpc.GrpcConfigKeys (ConfUtils.java:logGet(46)) - raft.grpc.server.host = null (default)
2022-10-22 01:06:03,463 [Listener at 127.0.0.1/34145] INFO  grpc.GrpcConfigKeys (ConfUtils.java:logGet(46)) - raft.grpc.server.port = 0 (default)
2022-10-22 01:06:03,463 [Listener at 127.0.0.1/34145] INFO  server.GrpcService (ConfUtils.java:logGet(46)) - raft.grpc.message.size.max = 32MB (=33554432) (custom)
2022-10-22 01:06:03,463 [Listener at 127.0.0.1/34145] INFO  server.RaftServerConfigKeys (ConfUtils.java:logGet(46)) - raft.server.log.appender.buffer.byte-limit = 33554432 (custom)
2022-10-22 01:06:03,463 [Listener at 127.0.0.1/34145] INFO  server.GrpcService (ConfUtils.java:logGet(46)) - raft.grpc.flow.control.window = 5MB (=5242880) (custom)
2022-10-22 01:06:03,464 [Listener at 127.0.0.1/34145] INFO  server.RaftServerConfigKeys (ConfUtils.java:logGet(46)) - raft.server.rpc.request.timeout = 60s (custom)
2022-10-22 01:06:03,464 [Listener at 127.0.0.1/34145] INFO  grpc.GrpcConfigKeys (ConfUtils.java:logGet(46)) - raft.grpc.server.heartbeat.channel = true (default)
2022-10-22 01:06:03,464 [Listener at 127.0.0.1/34145] INFO  grpc.GrpcConfigKeys (ConfUtils.java:logGet(46)) - raft.grpc.server.async.request.thread.pool.cached = true (default)
2022-10-22 01:06:03,464 [Listener at 127.0.0.1/34145] INFO  grpc.GrpcConfigKeys (ConfUtils.java:logGet(46)) - raft.grpc.server.async.request.thread.pool.size = 32 (default)
2022-10-22 01:06:03,465 [Listener at 127.0.0.1/34145] INFO  impl.DataStreamServerImpl (ConfUtils.java:logGet(46)) - raft.datastream.type = DISABLED (default)
2022-10-22 01:06:03,465 [Listener at 127.0.0.1/34145] INFO  server.RaftServerConfigKeys (ConfUtils.java:logGet(46)) - raft.server.threadpool.proxy.cached = true (default)
2022-10-22 01:06:03,465 [Listener at 127.0.0.1/34145] INFO  server.RaftServerConfigKeys (ConfUtils.java:logGet(46)) - raft.server.threadpool.proxy.size = 0 (default)
2022-10-22 01:06:03,465 [Listener at 127.0.0.1/34145] INFO  server.RaftServerConfigKeys (ConfUtils.java:logGet(46)) - raft.server.rpc.slowness.timeout = 300s (custom)
2022-10-22 01:06:03,465 [Listener at 127.0.0.1/34145] INFO  server.RaftServerConfigKeys (ConfUtils.java:logGet(46)) - raft.server.leaderelection.leader.step-down.wait-time = 10s (default)
2022-10-22 01:06:03,465 [Listener at 127.0.0.1/34145] INFO  server.RaftServerConfigKeys (ConfUtils.java:logGet(46)) - raft.server.storage.dir = [/home/runner/work/ozone/ozone/hadoop-ozone/integration-test/target/test-dir/MiniOzoneClusterImpl-a988f88d-4efe-430b-bf3c-a1e83706c790/datanode-7/data/ratis] (custom)
2022-10-22 01:06:03,467 [Listener at 127.0.0.1/34145] INFO  server.XceiverServerGrpc (XceiverServerGrpc.java:<init>(132)) - GrpcServer channel type EpollServerSocketChannel
2022-10-22 01:06:03,471 [Listener at 127.0.0.1/34145] INFO  http.BaseHttpServer (BaseHttpServer.java:newHttpServer2BuilderForOzone(213)) - Starting Web-server for hddsDatanode at: http://0.0.0.0:0
2022-10-22 01:06:03,471 [Listener at 127.0.0.1/34145] INFO  http.BaseHttpServer (BaseHttpServer.java:<init>(108)) - Hadoop Security Enabled: false Ozone Security Enabled: false Ozone HTTP Security Enabled: false 
2022-10-22 01:06:03,472 [Listener at 127.0.0.1/34145] WARN  server.AuthenticationFilter (AuthenticationFilter.java:constructSecretProvider(240)) - Unable to initialize FileSignerSecretProvider, falling back to use random secrets. Reason: Could not read signature secret file: /home/runner/hadoop-http-auth-signature-secret
2022-10-22 01:06:03,473 [Listener at 127.0.0.1/34145] WARN  http.HttpRequestLog (HttpRequestLog.java:getRequestLog(103)) - Jetty request log can only be enabled using Log4j
2022-10-22 01:06:03,474 [Listener at 127.0.0.1/34145] INFO  http.HttpServer2 (HttpServer2.java:addGlobalFilter(1031)) - Added global filter 'safety' (class=org.apache.hadoop.hdds.server.http.HttpServer2$QuotingInputFilter)
2022-10-22 01:06:03,475 [Listener at 127.0.0.1/34145] INFO  http.HttpServer2 (HttpServer2.java:addFilter(1007)) - Added filter static_user_filter (class=org.apache.hadoop.http.lib.StaticUserWebFilter$StaticUserFilter) to context hddsDatanode
2022-10-22 01:06:03,475 [Listener at 127.0.0.1/34145] INFO  http.HttpServer2 (HttpServer2.java:addFilter(1015)) - Added filter static_user_filter (class=org.apache.hadoop.http.lib.StaticUserWebFilter$StaticUserFilter) to context static
2022-10-22 01:06:03,475 [Listener at 127.0.0.1/34145] INFO  http.HttpServer2 (HttpServer2.java:addFilter(1015)) - Added filter static_user_filter (class=org.apache.hadoop.http.lib.StaticUserWebFilter$StaticUserFilter) to context logs
2022-10-22 01:06:03,476 [Listener at 127.0.0.1/34145] INFO  http.HttpServer2 (HttpServer2.java:bindListener(1250)) - Jetty bound to port 36009
2022-10-22 01:06:03,476 [Listener at 127.0.0.1/34145] INFO  server.Server (Server.java:doStart(375)) - jetty-9.4.43.v20210629; built: 2021-06-30T11:07:22.254Z; git: 526006ecfa3af7f1a27ef3a288e2bef7ea9dd7e8; jvm 1.8.0_345-b01
2022-10-22 01:06:03,479 [Listener at 127.0.0.1/34145] INFO  server.session (DefaultSessionIdManager.java:doStart(334)) - DefaultSessionIdManager workerName=node0
2022-10-22 01:06:03,480 [Listener at 127.0.0.1/34145] INFO  server.session (DefaultSessionIdManager.java:doStart(339)) - No SessionScavenger set, using defaults
2022-10-22 01:06:03,480 [Listener at 127.0.0.1/34145] INFO  server.session (HouseKeeper.java:startScavenging(132)) - node0 Scavenging every 660000ms
2022-10-22 01:06:03,480 [Listener at 127.0.0.1/34145] INFO  handler.ContextHandler (ContextHandler.java:doStart(915)) - Started o.e.j.s.ServletContextHandler@7a250d1f{logs,/logs,file:///home/runner/work/ozone/ozone/hadoop-ozone/integration-test/target/log,AVAILABLE}
2022-10-22 01:06:03,481 [Listener at 127.0.0.1/34145] INFO  handler.ContextHandler (ContextHandler.java:doStart(915)) - Started o.e.j.s.ServletContextHandler@5774c2dd{static,/static,jar:file:/home/runner/.m2/repository/org/apache/ozone/hdds-container-service/1.3.0-SNAPSHOT/hdds-container-service-1.3.0-SNAPSHOT.jar!/webapps/static,AVAILABLE}
2022-10-22 01:06:03,650 [Listener at 127.0.0.1/34145] INFO  handler.ContextHandler (ContextHandler.java:doStart(915)) - Started o.e.j.w.WebAppContext@12997ff6{hddsDatanode,/,file:///tmp/jetty-0_0_0_0-36009-hdds-container-service-1_3_0-SNAPSHOT_jar-_-any-3954276554643784644/webapp/,AVAILABLE}{jar:file:/home/runner/.m2/repository/org/apache/ozone/hdds-container-service/1.3.0-SNAPSHOT/hdds-container-service-1.3.0-SNAPSHOT.jar!/webapps/hddsDatanode}
2022-10-22 01:06:03,651 [Listener at 127.0.0.1/34145] INFO  server.AbstractConnector (AbstractConnector.java:doStart(331)) - Started ServerConnector@25061517{HTTP/1.1, (http/1.1)}{0.0.0.0:36009}
2022-10-22 01:06:03,651 [Listener at 127.0.0.1/34145] INFO  server.Server (Server.java:doStart(415)) - Started @9522ms
2022-10-22 01:06:03,651 [Listener at 127.0.0.1/34145] WARN  impl.MetricsSystemImpl (MetricsSystemImpl.java:register(279)) - Sink prometheus already exists!
2022-10-22 01:06:03,652 [Listener at 127.0.0.1/34145] INFO  http.BaseHttpServer (BaseHttpServer.java:updateConnectorAddress(333)) - HTTP server of hddsDatanode listening at http://0.0.0.0:36009
2022-10-22 01:06:03,653 [Listener at 127.0.0.1/34145] WARN  impl.MetricRegistriesImpl (MetricRegistriesImpl.java:addReporterRegistration(111)) - New reporters are added after registries were created. Some metrics will be missing from the reporter. Please add reporter before adding any new registry.
2022-10-22 01:06:03,653 [Listener at 127.0.0.1/34145] WARN  impl.MetricRegistriesImpl (MetricRegistriesImpl.java:addReporterRegistration(111)) - New reporters are added after registries were created. Some metrics will be missing from the reporter. Please add reporter before adding any new registry.
2022-10-22 01:06:03,653 [Listener at 127.0.0.1/34145] INFO  impl.MetricsSystemImpl (MetricsSystemImpl.java:init(158)) - HddsDatanode metrics system started (again)
2022-10-22 01:06:03,654 [Datanode State Machine Daemon Thread] INFO  statemachine.DatanodeStateMachine (DatanodeStateMachine.java:lambda$startDaemon$0(498)) - Ozone container server started.
2022-10-22 01:06:03,665 [Listener at 127.0.0.1/34145] INFO  ozone.HddsDatanodeService (HddsDatanodeService.java:start(236)) - HddsDatanodeService host:fv-az334-928.zg0gw54pbdoexfhqlmz30d51na.gx.internal.cloudapp.net ip:10.1.0.62
2022-10-22 01:06:03,665 [org.apache.hadoop.util.JvmPauseMonitor$Monitor@1f159360] INFO  util.JvmPauseMonitor (JvmPauseMonitor.java:run(188)) - Starting JVM pause monitor
2022-10-22 01:06:03,669 [Datanode State Machine Task Thread - 0] INFO  datanode.InitDatanodeState (InitDatanodeState.java:persistContainerDatanodeDetails(138)) - DatanodeDetails is persisted to /home/runner/work/ozone/ozone/hadoop-ozone/integration-test/target/test-dir/MiniOzoneClusterImpl-a988f88d-4efe-430b-bf3c-a1e83706c790/datanode-7/meta/datanode.id
2022-10-22 01:06:03,682 [Listener at 127.0.0.1/34145] INFO  upgrade.AbstractLayoutVersionManager (AbstractLayoutVersionManager.java:init(83)) - Initializing Layout version manager with metadata layout = DATANODE_SCHEMA_V3 (version = 4), software layout = DATANODE_SCHEMA_V3 (version = 4)
2022-10-22 01:06:03,731 [Listener at 127.0.0.1/34145] INFO  reflections.Reflections (Reflections.java:scan(232)) - Reflections took 48 ms to scan 7 urls, producing 137 keys and 330 values 
2022-10-22 01:06:03,732 [Listener at 127.0.0.1/34145] INFO  statemachine.DatanodeStateMachine (DatanodeStateMachine.java:getEndPointTaskThreadPoolSize(242)) - Datanode State Machine Task Thread Pool size 2
2022-10-22 01:06:03,734 [Listener at 127.0.0.1/34145] INFO  volume.HddsVolume (HddsVolume.java:<init>(117)) - Creating HddsVolume: /home/runner/work/ozone/ozone/hadoop-ozone/integration-test/target/test-dir/MiniOzoneClusterImpl-a988f88d-4efe-430b-bf3c-a1e83706c790/datanode-8/data-0/containers/hdds of storage type : DISK capacity : 9223372036854775807
2022-10-22 01:06:03,734 [Listener at 127.0.0.1/34145] INFO  volume.MutableVolumeSet (MutableVolumeSet.java:initializeVolumeSet(174)) - Added Volume : /home/runner/work/ozone/ozone/hadoop-ozone/integration-test/target/test-dir/MiniOzoneClusterImpl-a988f88d-4efe-430b-bf3c-a1e83706c790/datanode-8/data-0/containers/hdds to VolumeSet
2022-10-22 01:06:03,734 [Listener at 127.0.0.1/34145] INFO  volume.ThrottledAsyncChecker (ThrottledAsyncChecker.java:schedule(141)) - Scheduling a check for /home/runner/work/ozone/ozone/hadoop-ozone/integration-test/target/test-dir/MiniOzoneClusterImpl-a988f88d-4efe-430b-bf3c-a1e83706c790/datanode-8/data-0/containers/hdds
2022-10-22 01:06:03,735 [Listener at 127.0.0.1/34145] INFO  volume.StorageVolumeChecker (StorageVolumeChecker.java:checkAllVolumes(202)) - Scheduled health check for volume /home/runner/work/ozone/ozone/hadoop-ozone/integration-test/target/test-dir/MiniOzoneClusterImpl-a988f88d-4efe-430b-bf3c-a1e83706c790/datanode-8/data-0/containers/hdds
2022-10-22 01:06:03,746 [Listener at 127.0.0.1/34145] INFO  volume.MutableVolumeSet (MutableVolumeSet.java:initializeVolumeSet(174)) - Added Volume : /home/runner/work/ozone/ozone/hadoop-ozone/integration-test/target/test-dir/MiniOzoneClusterImpl-a988f88d-4efe-430b-bf3c-a1e83706c790/datanode-8/data/ratis to VolumeSet
2022-10-22 01:06:03,746 [Listener at 127.0.0.1/34145] INFO  volume.ThrottledAsyncChecker (ThrottledAsyncChecker.java:schedule(141)) - Scheduling a check for /home/runner/work/ozone/ozone/hadoop-ozone/integration-test/target/test-dir/MiniOzoneClusterImpl-a988f88d-4efe-430b-bf3c-a1e83706c790/datanode-8/data/ratis
2022-10-22 01:06:03,746 [Listener at 127.0.0.1/34145] INFO  volume.StorageVolumeChecker (StorageVolumeChecker.java:checkAllVolumes(202)) - Scheduled health check for volume /home/runner/work/ozone/ozone/hadoop-ozone/integration-test/target/test-dir/MiniOzoneClusterImpl-a988f88d-4efe-430b-bf3c-a1e83706c790/datanode-8/data/ratis
2022-10-22 01:06:03,762 [EndpointStateMachine task thread for /0.0.0.0:45633 - 0 ] INFO  volume.HddsVolume (HddsVolume.java:createDbStore(307)) - SchemaV3 db is created and loaded at /home/runner/work/ozone/ozone/hadoop-ozone/integration-test/target/test-dir/MiniOzoneClusterImpl-a988f88d-4efe-430b-bf3c-a1e83706c790/datanode-1/data-0/containers/hdds/a988f88d-4efe-430b-bf3c-a1e83706c790/DS-9b2fec4a-dcb3-45fa-914e-44d551bfe8e0/container.db for volume DS-9b2fec4a-dcb3-45fa-914e-44d551bfe8e0
2022-10-22 01:06:03,771 [EndpointStateMachine task thread for /0.0.0.0:45633 - 0 ] INFO  volume.HddsVolume (HddsVolume.java:closeDbStore(338)) - SchemaV3 db is stopped at /home/runner/work/ozone/ozone/hadoop-ozone/integration-test/target/test-dir/MiniOzoneClusterImpl-a988f88d-4efe-430b-bf3c-a1e83706c790/datanode-1/data-0/containers/hdds/a988f88d-4efe-430b-bf3c-a1e83706c790/DS-9b2fec4a-dcb3-45fa-914e-44d551bfe8e0/container.db for volume DS-9b2fec4a-dcb3-45fa-914e-44d551bfe8e0
2022-10-22 01:06:03,771 [Thread-248] INFO  ozoneimpl.ContainerReader (ContainerReader.java:readVolume(175)) - Finish verifying containers on volume /home/runner/work/ozone/ozone/hadoop-ozone/integration-test/target/test-dir/MiniOzoneClusterImpl-a988f88d-4efe-430b-bf3c-a1e83706c790/datanode-8/data-0/containers/hdds
2022-10-22 01:06:03,771 [Listener at 127.0.0.1/34145] INFO  ozoneimpl.OzoneContainer (OzoneContainer.java:buildContainerSet(300)) - Build ContainerSet costs 0s
2022-10-22 01:06:03,773 [Listener at 127.0.0.1/34145] INFO  server.RaftServer (ConfUtils.java:logGet(46)) - raft.rpc.type = GRPC (default)
2022-10-22 01:06:03,771 [EndpointStateMachine task thread for /0.0.0.0:45633 - 0 ] INFO  ozoneimpl.OzoneContainer (OzoneContainer.java:start(378)) - Attempting to start container services.
2022-10-22 01:06:03,775 [Listener at 127.0.0.1/34145] INFO  grpc.GrpcConfigKeys (ConfUtils.java:logFallback(53)) - raft.grpc.admin.host = null (fallback to raft.grpc.server.host)
2022-10-22 01:06:03,775 [EndpointStateMachine task thread for /0.0.0.0:45633 - 0 ] INFO  ozoneimpl.OzoneContainer (OzoneContainer.java:startContainerScrub(313)) - Background container scanner has been disabled.
2022-10-22 01:06:03,775 [Listener at 127.0.0.1/34145] INFO  grpc.GrpcConfigKeys (ConfUtils.java:logGet(46)) - raft.grpc.admin.port = 0 (custom)
2022-10-22 01:06:03,775 [Listener at 127.0.0.1/34145] INFO  grpc.GrpcConfigKeys (ConfUtils.java:logFallback(53)) - raft.grpc.client.host = null (fallback to raft.grpc.server.host)
2022-10-22 01:06:03,775 [Listener at 127.0.0.1/34145] INFO  grpc.GrpcConfigKeys (ConfUtils.java:logGet(46)) - raft.grpc.client.port = 0 (custom)
2022-10-22 01:06:03,776 [Listener at 127.0.0.1/34145] INFO  grpc.GrpcConfigKeys (ConfUtils.java:logGet(46)) - raft.grpc.server.host = null (default)
2022-10-22 01:06:03,776 [Listener at 127.0.0.1/34145] INFO  grpc.GrpcConfigKeys (ConfUtils.java:logGet(46)) - raft.grpc.server.port = 0 (default)
2022-10-22 01:06:03,776 [Listener at 127.0.0.1/34145] INFO  server.GrpcService (ConfUtils.java:logGet(46)) - raft.grpc.message.size.max = 32MB (=33554432) (custom)
2022-10-22 01:06:03,776 [Listener at 127.0.0.1/34145] INFO  server.RaftServerConfigKeys (ConfUtils.java:logGet(46)) - raft.server.log.appender.buffer.byte-limit = 33554432 (custom)
2022-10-22 01:06:03,776 [Listener at 127.0.0.1/34145] INFO  server.GrpcService (ConfUtils.java:logGet(46)) - raft.grpc.flow.control.window = 5MB (=5242880) (custom)
2022-10-22 01:06:03,776 [Listener at 127.0.0.1/34145] INFO  server.RaftServerConfigKeys (ConfUtils.java:logGet(46)) - raft.server.rpc.request.timeout = 60s (custom)
2022-10-22 01:06:03,776 [Listener at 127.0.0.1/34145] INFO  grpc.GrpcConfigKeys (ConfUtils.java:logGet(46)) - raft.grpc.server.heartbeat.channel = true (default)
2022-10-22 01:06:03,776 [Listener at 127.0.0.1/34145] INFO  grpc.GrpcConfigKeys (ConfUtils.java:logGet(46)) - raft.grpc.server.async.request.thread.pool.cached = true (default)
2022-10-22 01:06:03,776 [Listener at 127.0.0.1/34145] INFO  grpc.GrpcConfigKeys (ConfUtils.java:logGet(46)) - raft.grpc.server.async.request.thread.pool.size = 32 (default)
2022-10-22 01:06:03,777 [Listener at 127.0.0.1/34145] INFO  impl.DataStreamServerImpl (ConfUtils.java:logGet(46)) - raft.datastream.type = DISABLED (default)
2022-10-22 01:06:03,779 [EndpointStateMachine task thread for /0.0.0.0:45633 - 0 ] INFO  replication.ReplicationServer (ReplicationServer.java:start(111)) - ReplicationServer is started using port 33357
2022-10-22 01:06:03,780 [Listener at 127.0.0.1/34145] INFO  server.RaftServerConfigKeys (ConfUtils.java:logGet(46)) - raft.server.threadpool.proxy.cached = true (default)
2022-10-22 01:06:03,780 [EndpointStateMachine task thread for /0.0.0.0:45633 - 0 ] INFO  ratis.XceiverServerRatis (XceiverServerRatis.java:start(481)) - Starting XceiverServerRatis 9705cc67-48fc-46f6-b325-a713191a975c
2022-10-22 01:06:03,780 [Listener at 127.0.0.1/34145] INFO  server.RaftServerConfigKeys (ConfUtils.java:logGet(46)) - raft.server.threadpool.proxy.size = 0 (default)
2022-10-22 01:06:03,781 [Listener at 127.0.0.1/34145] INFO  server.RaftServerConfigKeys (ConfUtils.java:logGet(46)) - raft.server.rpc.slowness.timeout = 300s (custom)
2022-10-22 01:06:03,781 [Listener at 127.0.0.1/34145] INFO  server.RaftServerConfigKeys (ConfUtils.java:logGet(46)) - raft.server.leaderelection.leader.step-down.wait-time = 10s (default)
2022-10-22 01:06:03,781 [Listener at 127.0.0.1/34145] INFO  server.RaftServerConfigKeys (ConfUtils.java:logGet(46)) - raft.server.storage.dir = [/home/runner/work/ozone/ozone/hadoop-ozone/integration-test/target/test-dir/MiniOzoneClusterImpl-a988f88d-4efe-430b-bf3c-a1e83706c790/datanode-8/data/ratis] (custom)
2022-10-22 01:06:03,781 [EndpointStateMachine task thread for /0.0.0.0:45633 - 0 ] INFO  server.RaftServer (RaftServerProxy.java:startImpl(393)) - 9705cc67-48fc-46f6-b325-a713191a975c: start RPC server
2022-10-22 01:06:03,784 [EndpointStateMachine task thread for /0.0.0.0:45633 - 0 ] INFO  server.GrpcService (GrpcService.java:startImpl(270)) - 9705cc67-48fc-46f6-b325-a713191a975c: GrpcService started, listening on 35497
2022-10-22 01:06:03,784 [EndpointStateMachine task thread for /0.0.0.0:45633 - 0 ] INFO  ratis.XceiverServerRatis (XceiverServerRatis.java:getRealPort(502)) - XceiverServerRatis 9705cc67-48fc-46f6-b325-a713191a975c is started using port 35497 for RATIS
2022-10-22 01:06:03,784 [EndpointStateMachine task thread for /0.0.0.0:45633 - 0 ] INFO  ratis.XceiverServerRatis (XceiverServerRatis.java:getRealPort(502)) - XceiverServerRatis 9705cc67-48fc-46f6-b325-a713191a975c is started using port 35497 for RATIS_ADMIN
2022-10-22 01:06:03,784 [EndpointStateMachine task thread for /0.0.0.0:45633 - 0 ] INFO  ratis.XceiverServerRatis (XceiverServerRatis.java:getRealPort(502)) - XceiverServerRatis 9705cc67-48fc-46f6-b325-a713191a975c is started using port 35497 for RATIS_SERVER
2022-10-22 01:06:03,786 [JvmPauseMonitor2] INFO  util.JvmPauseMonitor (JvmPauseMonitor.java:run(105)) - JvmPauseMonitor-9705cc67-48fc-46f6-b325-a713191a975c: Started
2022-10-22 01:06:03,787 [Listener at 127.0.0.1/34145] INFO  server.XceiverServerGrpc (XceiverServerGrpc.java:<init>(132)) - GrpcServer channel type EpollServerSocketChannel
2022-10-22 01:06:03,795 [EndpointStateMachine task thread for /0.0.0.0:45633 - 0 ] INFO  server.XceiverServerGrpc (XceiverServerGrpc.java:start(180)) - XceiverServerGrpc 9705cc67-48fc-46f6-b325-a713191a975c is started using port 45673
2022-10-22 01:06:03,799 [Listener at 127.0.0.1/34145] INFO  http.BaseHttpServer (BaseHttpServer.java:newHttpServer2BuilderForOzone(213)) - Starting Web-server for hddsDatanode at: http://0.0.0.0:0
2022-10-22 01:06:03,799 [Listener at 127.0.0.1/34145] INFO  http.BaseHttpServer (BaseHttpServer.java:<init>(108)) - Hadoop Security Enabled: false Ozone Security Enabled: false Ozone HTTP Security Enabled: false 
2022-10-22 01:06:03,800 [Listener at 127.0.0.1/34145] WARN  server.AuthenticationFilter (AuthenticationFilter.java:constructSecretProvider(240)) - Unable to initialize FileSignerSecretProvider, falling back to use random secrets. Reason: Could not read signature secret file: /home/runner/hadoop-http-auth-signature-secret
2022-10-22 01:06:03,803 [Listener at 127.0.0.1/34145] WARN  http.HttpRequestLog (HttpRequestLog.java:getRequestLog(103)) - Jetty request log can only be enabled using Log4j
2022-10-22 01:06:03,805 [Listener at 127.0.0.1/34145] INFO  http.HttpServer2 (HttpServer2.java:addGlobalFilter(1031)) - Added global filter 'safety' (class=org.apache.hadoop.hdds.server.http.HttpServer2$QuotingInputFilter)
2022-10-22 01:06:03,805 [Listener at 127.0.0.1/34145] INFO  http.HttpServer2 (HttpServer2.java:addFilter(1007)) - Added filter static_user_filter (class=org.apache.hadoop.http.lib.StaticUserWebFilter$StaticUserFilter) to context hddsDatanode
2022-10-22 01:06:03,805 [Listener at 127.0.0.1/34145] INFO  http.HttpServer2 (HttpServer2.java:addFilter(1015)) - Added filter static_user_filter (class=org.apache.hadoop.http.lib.StaticUserWebFilter$StaticUserFilter) to context logs
2022-10-22 01:06:03,806 [Listener at 127.0.0.1/34145] INFO  http.HttpServer2 (HttpServer2.java:addFilter(1015)) - Added filter static_user_filter (class=org.apache.hadoop.http.lib.StaticUserWebFilter$StaticUserFilter) to context static
2022-10-22 01:06:03,806 [Listener at 127.0.0.1/34145] INFO  http.HttpServer2 (HttpServer2.java:bindListener(1250)) - Jetty bound to port 33583
2022-10-22 01:06:03,806 [Listener at 127.0.0.1/34145] INFO  server.Server (Server.java:doStart(375)) - jetty-9.4.43.v20210629; built: 2021-06-30T11:07:22.254Z; git: 526006ecfa3af7f1a27ef3a288e2bef7ea9dd7e8; jvm 1.8.0_345-b01
2022-10-22 01:06:03,808 [Listener at 127.0.0.1/34145] INFO  server.session (DefaultSessionIdManager.java:doStart(334)) - DefaultSessionIdManager workerName=node0
2022-10-22 01:06:03,808 [Listener at 127.0.0.1/34145] INFO  server.session (DefaultSessionIdManager.java:doStart(339)) - No SessionScavenger set, using defaults
2022-10-22 01:06:03,808 [Listener at 127.0.0.1/34145] INFO  server.session (HouseKeeper.java:startScavenging(132)) - node0 Scavenging every 660000ms
2022-10-22 01:06:03,809 [Listener at 127.0.0.1/34145] INFO  handler.ContextHandler (ContextHandler.java:doStart(915)) - Started o.e.j.s.ServletContextHandler@702bb00f{logs,/logs,file:///home/runner/work/ozone/ozone/hadoop-ozone/integration-test/target/log,AVAILABLE}
2022-10-22 01:06:03,809 [Listener at 127.0.0.1/34145] INFO  handler.ContextHandler (ContextHandler.java:doStart(915)) - Started o.e.j.s.ServletContextHandler@6a3323fb{static,/static,jar:file:/home/runner/.m2/repository/org/apache/ozone/hdds-container-service/1.3.0-SNAPSHOT/hdds-container-service-1.3.0-SNAPSHOT.jar!/webapps/static,AVAILABLE}
2022-10-22 01:06:03,977 [Listener at 127.0.0.1/34145] INFO  handler.ContextHandler (ContextHandler.java:doStart(915)) - Started o.e.j.w.WebAppContext@2e310896{hddsDatanode,/,file:///tmp/jetty-0_0_0_0-33583-hdds-container-service-1_3_0-SNAPSHOT_jar-_-any-7398395579843075334/webapp/,AVAILABLE}{jar:file:/home/runner/.m2/repository/org/apache/ozone/hdds-container-service/1.3.0-SNAPSHOT/hdds-container-service-1.3.0-SNAPSHOT.jar!/webapps/hddsDatanode}
2022-10-22 01:06:03,979 [Listener at 127.0.0.1/34145] INFO  server.AbstractConnector (AbstractConnector.java:doStart(331)) - Started ServerConnector@277a0b1e{HTTP/1.1, (http/1.1)}{0.0.0.0:33583}
2022-10-22 01:06:03,979 [Listener at 127.0.0.1/34145] INFO  server.Server (Server.java:doStart(415)) - Started @9850ms
2022-10-22 01:06:03,979 [Listener at 127.0.0.1/34145] WARN  impl.MetricsSystemImpl (MetricsSystemImpl.java:register(279)) - Sink prometheus already exists!
2022-10-22 01:06:03,980 [Listener at 127.0.0.1/34145] INFO  http.BaseHttpServer (BaseHttpServer.java:updateConnectorAddress(333)) - HTTP server of hddsDatanode listening at http://0.0.0.0:33583
2022-10-22 01:06:03,980 [Datanode State Machine Daemon Thread] INFO  statemachine.DatanodeStateMachine (DatanodeStateMachine.java:lambda$startDaemon$0(498)) - Ozone container server started.
2022-10-22 01:06:03,980 [Listener at 127.0.0.1/34145] WARN  impl.MetricRegistriesImpl (MetricRegistriesImpl.java:addReporterRegistration(111)) - New reporters are added after registries were created. Some metrics will be missing from the reporter. Please add reporter before adding any new registry.
2022-10-22 01:06:03,981 [Listener at 127.0.0.1/34145] WARN  impl.MetricRegistriesImpl (MetricRegistriesImpl.java:addReporterRegistration(111)) - New reporters are added after registries were created. Some metrics will be missing from the reporter. Please add reporter before adding any new registry.
2022-10-22 01:06:03,981 [Listener at 127.0.0.1/34145] INFO  impl.MetricsSystemImpl (MetricsSystemImpl.java:init(158)) - HddsDatanode metrics system started (again)
2022-10-22 01:06:03,991 [Listener at 127.0.0.1/34145] INFO  ozone.HddsDatanodeService (HddsDatanodeService.java:start(236)) - HddsDatanodeService host:fv-az334-928.zg0gw54pbdoexfhqlmz30d51na.gx.internal.cloudapp.net ip:10.1.0.62
2022-10-22 01:06:03,992 [org.apache.hadoop.util.JvmPauseMonitor$Monitor@283f5193] INFO  util.JvmPauseMonitor (JvmPauseMonitor.java:run(188)) - Starting JVM pause monitor
2022-10-22 01:06:03,994 [Datanode State Machine Task Thread - 0] INFO  datanode.InitDatanodeState (InitDatanodeState.java:persistContainerDatanodeDetails(138)) - DatanodeDetails is persisted to /home/runner/work/ozone/ozone/hadoop-ozone/integration-test/target/test-dir/MiniOzoneClusterImpl-a988f88d-4efe-430b-bf3c-a1e83706c790/datanode-8/meta/datanode.id
2022-10-22 01:06:04,010 [Listener at 127.0.0.1/34145] INFO  upgrade.AbstractLayoutVersionManager (AbstractLayoutVersionManager.java:init(83)) - Initializing Layout version manager with metadata layout = DATANODE_SCHEMA_V3 (version = 4), software layout = DATANODE_SCHEMA_V3 (version = 4)
2022-10-22 01:06:04,054 [Listener at 127.0.0.1/34145] INFO  reflections.Reflections (Reflections.java:scan(232)) - Reflections took 43 ms to scan 7 urls, producing 137 keys and 330 values 
2022-10-22 01:06:04,055 [Listener at 127.0.0.1/34145] INFO  statemachine.DatanodeStateMachine (DatanodeStateMachine.java:getEndPointTaskThreadPoolSize(242)) - Datanode State Machine Task Thread Pool size 2
2022-10-22 01:06:04,060 [Listener at 127.0.0.1/34145] INFO  volume.HddsVolume (HddsVolume.java:<init>(117)) - Creating HddsVolume: /home/runner/work/ozone/ozone/hadoop-ozone/integration-test/target/test-dir/MiniOzoneClusterImpl-a988f88d-4efe-430b-bf3c-a1e83706c790/datanode-9/data-0/containers/hdds of storage type : DISK capacity : 9223372036854775807
2022-10-22 01:06:04,061 [Listener at 127.0.0.1/34145] INFO  volume.MutableVolumeSet (MutableVolumeSet.java:initializeVolumeSet(174)) - Added Volume : /home/runner/work/ozone/ozone/hadoop-ozone/integration-test/target/test-dir/MiniOzoneClusterImpl-a988f88d-4efe-430b-bf3c-a1e83706c790/datanode-9/data-0/containers/hdds to VolumeSet
2022-10-22 01:06:04,061 [Listener at 127.0.0.1/34145] INFO  volume.ThrottledAsyncChecker (ThrottledAsyncChecker.java:schedule(141)) - Scheduling a check for /home/runner/work/ozone/ozone/hadoop-ozone/integration-test/target/test-dir/MiniOzoneClusterImpl-a988f88d-4efe-430b-bf3c-a1e83706c790/datanode-9/data-0/containers/hdds
2022-10-22 01:06:04,062 [Listener at 127.0.0.1/34145] INFO  volume.StorageVolumeChecker (StorageVolumeChecker.java:checkAllVolumes(202)) - Scheduled health check for volume /home/runner/work/ozone/ozone/hadoop-ozone/integration-test/target/test-dir/MiniOzoneClusterImpl-a988f88d-4efe-430b-bf3c-a1e83706c790/datanode-9/data-0/containers/hdds
2022-10-22 01:06:04,074 [Listener at 127.0.0.1/34145] INFO  volume.MutableVolumeSet (MutableVolumeSet.java:initializeVolumeSet(174)) - Added Volume : /home/runner/work/ozone/ozone/hadoop-ozone/integration-test/target/test-dir/MiniOzoneClusterImpl-a988f88d-4efe-430b-bf3c-a1e83706c790/datanode-9/data/ratis to VolumeSet
2022-10-22 01:06:04,075 [Listener at 127.0.0.1/34145] INFO  volume.ThrottledAsyncChecker (ThrottledAsyncChecker.java:schedule(141)) - Scheduling a check for /home/runner/work/ozone/ozone/hadoop-ozone/integration-test/target/test-dir/MiniOzoneClusterImpl-a988f88d-4efe-430b-bf3c-a1e83706c790/datanode-9/data/ratis
2022-10-22 01:06:04,075 [Listener at 127.0.0.1/34145] INFO  volume.StorageVolumeChecker (StorageVolumeChecker.java:checkAllVolumes(202)) - Scheduled health check for volume /home/runner/work/ozone/ozone/hadoop-ozone/integration-test/target/test-dir/MiniOzoneClusterImpl-a988f88d-4efe-430b-bf3c-a1e83706c790/datanode-9/data/ratis
2022-10-22 01:06:04,088 [Thread-266] INFO  ozoneimpl.ContainerReader (ContainerReader.java:readVolume(175)) - Finish verifying containers on volume /home/runner/work/ozone/ozone/hadoop-ozone/integration-test/target/test-dir/MiniOzoneClusterImpl-a988f88d-4efe-430b-bf3c-a1e83706c790/datanode-9/data-0/containers/hdds
2022-10-22 01:06:04,088 [Listener at 127.0.0.1/34145] INFO  ozoneimpl.OzoneContainer (OzoneContainer.java:buildContainerSet(300)) - Build ContainerSet costs 0s
2022-10-22 01:06:04,093 [Listener at 127.0.0.1/34145] INFO  server.RaftServer (ConfUtils.java:logGet(46)) - raft.rpc.type = GRPC (default)
2022-10-22 01:06:04,093 [Listener at 127.0.0.1/34145] INFO  grpc.GrpcConfigKeys (ConfUtils.java:logFallback(53)) - raft.grpc.admin.host = null (fallback to raft.grpc.server.host)
2022-10-22 01:06:04,093 [Listener at 127.0.0.1/34145] INFO  grpc.GrpcConfigKeys (ConfUtils.java:logGet(46)) - raft.grpc.admin.port = 0 (custom)
2022-10-22 01:06:04,093 [Listener at 127.0.0.1/34145] INFO  grpc.GrpcConfigKeys (ConfUtils.java:logFallback(53)) - raft.grpc.client.host = null (fallback to raft.grpc.server.host)
2022-10-22 01:06:04,093 [Listener at 127.0.0.1/34145] INFO  grpc.GrpcConfigKeys (ConfUtils.java:logGet(46)) - raft.grpc.client.port = 0 (custom)
2022-10-22 01:06:04,093 [Listener at 127.0.0.1/34145] INFO  grpc.GrpcConfigKeys (ConfUtils.java:logGet(46)) - raft.grpc.server.host = null (default)
2022-10-22 01:06:04,094 [Listener at 127.0.0.1/34145] INFO  grpc.GrpcConfigKeys (ConfUtils.java:logGet(46)) - raft.grpc.server.port = 0 (default)
2022-10-22 01:06:04,094 [Listener at 127.0.0.1/34145] INFO  server.GrpcService (ConfUtils.java:logGet(46)) - raft.grpc.message.size.max = 32MB (=33554432) (custom)
2022-10-22 01:06:04,094 [Listener at 127.0.0.1/34145] INFO  server.RaftServerConfigKeys (ConfUtils.java:logGet(46)) - raft.server.log.appender.buffer.byte-limit = 33554432 (custom)
2022-10-22 01:06:04,094 [Listener at 127.0.0.1/34145] INFO  server.GrpcService (ConfUtils.java:logGet(46)) - raft.grpc.flow.control.window = 5MB (=5242880) (custom)
2022-10-22 01:06:04,094 [Listener at 127.0.0.1/34145] INFO  server.RaftServerConfigKeys (ConfUtils.java:logGet(46)) - raft.server.rpc.request.timeout = 60s (custom)
2022-10-22 01:06:04,094 [Listener at 127.0.0.1/34145] INFO  grpc.GrpcConfigKeys (ConfUtils.java:logGet(46)) - raft.grpc.server.heartbeat.channel = true (default)
2022-10-22 01:06:04,094 [Listener at 127.0.0.1/34145] INFO  grpc.GrpcConfigKeys (ConfUtils.java:logGet(46)) - raft.grpc.server.async.request.thread.pool.cached = true (default)
2022-10-22 01:06:04,094 [Listener at 127.0.0.1/34145] INFO  grpc.GrpcConfigKeys (ConfUtils.java:logGet(46)) - raft.grpc.server.async.request.thread.pool.size = 32 (default)
2022-10-22 01:06:04,095 [Listener at 127.0.0.1/34145] INFO  impl.DataStreamServerImpl (ConfUtils.java:logGet(46)) - raft.datastream.type = DISABLED (default)
2022-10-22 01:06:04,095 [Listener at 127.0.0.1/34145] INFO  server.RaftServerConfigKeys (ConfUtils.java:logGet(46)) - raft.server.threadpool.proxy.cached = true (default)
2022-10-22 01:06:04,095 [Listener at 127.0.0.1/34145] INFO  server.RaftServerConfigKeys (ConfUtils.java:logGet(46)) - raft.server.threadpool.proxy.size = 0 (default)
2022-10-22 01:06:04,096 [Listener at 127.0.0.1/34145] INFO  server.RaftServerConfigKeys (ConfUtils.java:logGet(46)) - raft.server.rpc.slowness.timeout = 300s (custom)
2022-10-22 01:06:04,096 [Listener at 127.0.0.1/34145] INFO  server.RaftServerConfigKeys (ConfUtils.java:logGet(46)) - raft.server.leaderelection.leader.step-down.wait-time = 10s (default)
2022-10-22 01:06:04,096 [Listener at 127.0.0.1/34145] INFO  server.RaftServerConfigKeys (ConfUtils.java:logGet(46)) - raft.server.storage.dir = [/home/runner/work/ozone/ozone/hadoop-ozone/integration-test/target/test-dir/MiniOzoneClusterImpl-a988f88d-4efe-430b-bf3c-a1e83706c790/datanode-9/data/ratis] (custom)
2022-10-22 01:06:04,097 [Listener at 127.0.0.1/34145] INFO  server.XceiverServerGrpc (XceiverServerGrpc.java:<init>(132)) - GrpcServer channel type EpollServerSocketChannel
2022-10-22 01:06:04,103 [Listener at 127.0.0.1/34145] INFO  http.BaseHttpServer (BaseHttpServer.java:newHttpServer2BuilderForOzone(213)) - Starting Web-server for hddsDatanode at: http://0.0.0.0:0
2022-10-22 01:06:04,103 [Listener at 127.0.0.1/34145] INFO  http.BaseHttpServer (BaseHttpServer.java:<init>(108)) - Hadoop Security Enabled: false Ozone Security Enabled: false Ozone HTTP Security Enabled: false 
2022-10-22 01:06:04,104 [Listener at 127.0.0.1/34145] WARN  server.AuthenticationFilter (AuthenticationFilter.java:constructSecretProvider(240)) - Unable to initialize FileSignerSecretProvider, falling back to use random secrets. Reason: Could not read signature secret file: /home/runner/hadoop-http-auth-signature-secret
2022-10-22 01:06:04,107 [Listener at 127.0.0.1/34145] WARN  http.HttpRequestLog (HttpRequestLog.java:getRequestLog(103)) - Jetty request log can only be enabled using Log4j
2022-10-22 01:06:04,108 [Listener at 127.0.0.1/34145] INFO  http.HttpServer2 (HttpServer2.java:addGlobalFilter(1031)) - Added global filter 'safety' (class=org.apache.hadoop.hdds.server.http.HttpServer2$QuotingInputFilter)
2022-10-22 01:06:04,109 [Listener at 127.0.0.1/34145] INFO  http.HttpServer2 (HttpServer2.java:addFilter(1007)) - Added filter static_user_filter (class=org.apache.hadoop.http.lib.StaticUserWebFilter$StaticUserFilter) to context hddsDatanode
2022-10-22 01:06:04,109 [Listener at 127.0.0.1/34145] INFO  http.HttpServer2 (HttpServer2.java:addFilter(1015)) - Added filter static_user_filter (class=org.apache.hadoop.http.lib.StaticUserWebFilter$StaticUserFilter) to context logs
2022-10-22 01:06:04,109 [Listener at 127.0.0.1/34145] INFO  http.HttpServer2 (HttpServer2.java:addFilter(1015)) - Added filter static_user_filter (class=org.apache.hadoop.http.lib.StaticUserWebFilter$StaticUserFilter) to context static
2022-10-22 01:06:04,109 [Listener at 127.0.0.1/34145] INFO  http.HttpServer2 (HttpServer2.java:bindListener(1250)) - Jetty bound to port 45711
2022-10-22 01:06:04,110 [Listener at 127.0.0.1/34145] INFO  server.Server (Server.java:doStart(375)) - jetty-9.4.43.v20210629; built: 2021-06-30T11:07:22.254Z; git: 526006ecfa3af7f1a27ef3a288e2bef7ea9dd7e8; jvm 1.8.0_345-b01
2022-10-22 01:06:04,116 [Listener at 127.0.0.1/34145] INFO  server.session (DefaultSessionIdManager.java:doStart(334)) - DefaultSessionIdManager workerName=node0
2022-10-22 01:06:04,116 [Listener at 127.0.0.1/34145] INFO  server.session (DefaultSessionIdManager.java:doStart(339)) - No SessionScavenger set, using defaults
2022-10-22 01:06:04,116 [Listener at 127.0.0.1/34145] INFO  server.session (HouseKeeper.java:startScavenging(132)) - node0 Scavenging every 660000ms
2022-10-22 01:06:04,120 [Listener at 127.0.0.1/34145] INFO  handler.ContextHandler (ContextHandler.java:doStart(915)) - Started o.e.j.s.ServletContextHandler@5536c56d{logs,/logs,file:///home/runner/work/ozone/ozone/hadoop-ozone/integration-test/target/log,AVAILABLE}
2022-10-22 01:06:04,120 [Listener at 127.0.0.1/34145] INFO  handler.ContextHandler (ContextHandler.java:doStart(915)) - Started o.e.j.s.ServletContextHandler@2dc39a7c{static,/static,jar:file:/home/runner/.m2/repository/org/apache/ozone/hdds-container-service/1.3.0-SNAPSHOT/hdds-container-service-1.3.0-SNAPSHOT.jar!/webapps/static,AVAILABLE}
2022-10-22 01:06:04,135 [EndpointStateMachine task thread for /0.0.0.0:45633 - 0 ] INFO  volume.HddsVolume (HddsVolume.java:createDbStore(307)) - SchemaV3 db is created and loaded at /home/runner/work/ozone/ozone/hadoop-ozone/integration-test/target/test-dir/MiniOzoneClusterImpl-a988f88d-4efe-430b-bf3c-a1e83706c790/datanode-2/data-0/containers/hdds/a988f88d-4efe-430b-bf3c-a1e83706c790/DS-0982385f-3bb8-4d09-9f62-52afb6808d5b/container.db for volume DS-0982385f-3bb8-4d09-9f62-52afb6808d5b
2022-10-22 01:06:04,137 [EndpointStateMachine task thread for /0.0.0.0:45633 - 0 ] INFO  volume.HddsVolume (HddsVolume.java:closeDbStore(338)) - SchemaV3 db is stopped at /home/runner/work/ozone/ozone/hadoop-ozone/integration-test/target/test-dir/MiniOzoneClusterImpl-a988f88d-4efe-430b-bf3c-a1e83706c790/datanode-2/data-0/containers/hdds/a988f88d-4efe-430b-bf3c-a1e83706c790/DS-0982385f-3bb8-4d09-9f62-52afb6808d5b/container.db for volume DS-0982385f-3bb8-4d09-9f62-52afb6808d5b
2022-10-22 01:06:04,137 [EndpointStateMachine task thread for /0.0.0.0:45633 - 0 ] INFO  ozoneimpl.OzoneContainer (OzoneContainer.java:start(378)) - Attempting to start container services.
2022-10-22 01:06:04,137 [EndpointStateMachine task thread for /0.0.0.0:45633 - 0 ] INFO  ozoneimpl.OzoneContainer (OzoneContainer.java:startContainerScrub(313)) - Background container scanner has been disabled.
2022-10-22 01:06:04,139 [EndpointStateMachine task thread for /0.0.0.0:45633 - 0 ] INFO  replication.ReplicationServer (ReplicationServer.java:start(111)) - ReplicationServer is started using port 42711
2022-10-22 01:06:04,139 [EndpointStateMachine task thread for /0.0.0.0:45633 - 0 ] INFO  ratis.XceiverServerRatis (XceiverServerRatis.java:start(481)) - Starting XceiverServerRatis 2e87c3a1-a023-462f-882b-ea1ca04c8a98
2022-10-22 01:06:04,161 [EndpointStateMachine task thread for /0.0.0.0:45633 - 0 ] INFO  server.RaftServer (RaftServerProxy.java:startImpl(393)) - 2e87c3a1-a023-462f-882b-ea1ca04c8a98: start RPC server
2022-10-22 01:06:04,163 [EndpointStateMachine task thread for /0.0.0.0:45633 - 0 ] INFO  server.GrpcService (GrpcService.java:startImpl(270)) - 2e87c3a1-a023-462f-882b-ea1ca04c8a98: GrpcService started, listening on 33759
2022-10-22 01:06:04,164 [EndpointStateMachine task thread for /0.0.0.0:45633 - 0 ] INFO  ratis.XceiverServerRatis (XceiverServerRatis.java:getRealPort(502)) - XceiverServerRatis 2e87c3a1-a023-462f-882b-ea1ca04c8a98 is started using port 33759 for RATIS
2022-10-22 01:06:04,164 [EndpointStateMachine task thread for /0.0.0.0:45633 - 0 ] INFO  ratis.XceiverServerRatis (XceiverServerRatis.java:getRealPort(502)) - XceiverServerRatis 2e87c3a1-a023-462f-882b-ea1ca04c8a98 is started using port 33759 for RATIS_ADMIN
2022-10-22 01:06:04,164 [EndpointStateMachine task thread for /0.0.0.0:45633 - 0 ] INFO  ratis.XceiverServerRatis (XceiverServerRatis.java:getRealPort(502)) - XceiverServerRatis 2e87c3a1-a023-462f-882b-ea1ca04c8a98 is started using port 33759 for RATIS_SERVER
2022-10-22 01:06:04,164 [JvmPauseMonitor3] INFO  util.JvmPauseMonitor (JvmPauseMonitor.java:run(105)) - JvmPauseMonitor-2e87c3a1-a023-462f-882b-ea1ca04c8a98: Started
2022-10-22 01:06:04,168 [EndpointStateMachine task thread for /0.0.0.0:45633 - 0 ] INFO  server.XceiverServerGrpc (XceiverServerGrpc.java:start(180)) - XceiverServerGrpc 2e87c3a1-a023-462f-882b-ea1ca04c8a98 is started using port 44761
2022-10-22 01:06:04,315 [Listener at 127.0.0.1/34145] INFO  handler.ContextHandler (ContextHandler.java:doStart(915)) - Started o.e.j.w.WebAppContext@9155b2d{hddsDatanode,/,file:///tmp/jetty-0_0_0_0-45711-hdds-container-service-1_3_0-SNAPSHOT_jar-_-any-5333191524057281442/webapp/,AVAILABLE}{jar:file:/home/runner/.m2/repository/org/apache/ozone/hdds-container-service/1.3.0-SNAPSHOT/hdds-container-service-1.3.0-SNAPSHOT.jar!/webapps/hddsDatanode}
2022-10-22 01:06:04,316 [Listener at 127.0.0.1/34145] INFO  server.AbstractConnector (AbstractConnector.java:doStart(331)) - Started ServerConnector@1564d5de{HTTP/1.1, (http/1.1)}{0.0.0.0:45711}
2022-10-22 01:06:04,316 [Listener at 127.0.0.1/34145] INFO  server.Server (Server.java:doStart(415)) - Started @10187ms
2022-10-22 01:06:04,316 [Listener at 127.0.0.1/34145] WARN  impl.MetricsSystemImpl (MetricsSystemImpl.java:register(279)) - Sink prometheus already exists!
2022-10-22 01:06:04,317 [Listener at 127.0.0.1/34145] INFO  http.BaseHttpServer (BaseHttpServer.java:updateConnectorAddress(333)) - HTTP server of hddsDatanode listening at http://0.0.0.0:45711
2022-10-22 01:06:04,320 [Listener at 127.0.0.1/34145] INFO  ozone.MiniOzoneClusterImpl (MiniOzoneClusterImpl.java:lambda$waitForClusterToBeReady$0(216)) - Waiting for nodes to be ready. Got 0 of 10 DN Heartbeats.
2022-10-22 01:06:04,320 [Listener at 127.0.0.1/34145] INFO  ozone.MiniOzoneClusterImpl (MiniOzoneClusterImpl.java:lambda$waitForClusterToBeReady$0(219)) - Waiting for cluster to exit safe mode
2022-10-22 01:06:04,320 [Listener at 127.0.0.1/34145] INFO  ozone.MiniOzoneClusterImpl (MiniOzoneClusterImpl.java:lambda$waitForClusterToBeReady$0(221)) - SCM became leader
2022-10-22 01:06:04,320 [Datanode State Machine Daemon Thread] INFO  statemachine.DatanodeStateMachine (DatanodeStateMachine.java:lambda$startDaemon$0(498)) - Ozone container server started.
2022-10-22 01:06:04,335 [org.apache.hadoop.util.JvmPauseMonitor$Monitor@3fb4f938] INFO  util.JvmPauseMonitor (JvmPauseMonitor.java:run(188)) - Starting JVM pause monitor
2022-10-22 01:06:04,339 [Datanode State Machine Task Thread - 0] INFO  datanode.InitDatanodeState (InitDatanodeState.java:persistContainerDatanodeDetails(138)) - DatanodeDetails is persisted to /home/runner/work/ozone/ozone/hadoop-ozone/integration-test/target/test-dir/MiniOzoneClusterImpl-a988f88d-4efe-430b-bf3c-a1e83706c790/datanode-9/meta/datanode.id
2022-10-22 01:06:04,443 [EndpointStateMachine task thread for /0.0.0.0:45633 - 0 ] INFO  volume.HddsVolume (HddsVolume.java:createDbStore(307)) - SchemaV3 db is created and loaded at /home/runner/work/ozone/ozone/hadoop-ozone/integration-test/target/test-dir/MiniOzoneClusterImpl-a988f88d-4efe-430b-bf3c-a1e83706c790/datanode-3/data-0/containers/hdds/a988f88d-4efe-430b-bf3c-a1e83706c790/DS-0f595117-05c4-42c4-a9fc-0397369ac30a/container.db for volume DS-0f595117-05c4-42c4-a9fc-0397369ac30a
2022-10-22 01:06:04,443 [EndpointStateMachine task thread for /0.0.0.0:45633 - 0 ] INFO  volume.HddsVolume (HddsVolume.java:closeDbStore(338)) - SchemaV3 db is stopped at /home/runner/work/ozone/ozone/hadoop-ozone/integration-test/target/test-dir/MiniOzoneClusterImpl-a988f88d-4efe-430b-bf3c-a1e83706c790/datanode-3/data-0/containers/hdds/a988f88d-4efe-430b-bf3c-a1e83706c790/DS-0f595117-05c4-42c4-a9fc-0397369ac30a/container.db for volume DS-0f595117-05c4-42c4-a9fc-0397369ac30a
2022-10-22 01:06:04,444 [EndpointStateMachine task thread for /0.0.0.0:45633 - 0 ] INFO  ozoneimpl.OzoneContainer (OzoneContainer.java:start(378)) - Attempting to start container services.
2022-10-22 01:06:04,444 [EndpointStateMachine task thread for /0.0.0.0:45633 - 0 ] INFO  ozoneimpl.OzoneContainer (OzoneContainer.java:startContainerScrub(313)) - Background container scanner has been disabled.
2022-10-22 01:06:04,446 [EndpointStateMachine task thread for /0.0.0.0:45633 - 0 ] INFO  replication.ReplicationServer (ReplicationServer.java:start(111)) - ReplicationServer is started using port 38893
2022-10-22 01:06:04,446 [EndpointStateMachine task thread for /0.0.0.0:45633 - 0 ] INFO  ratis.XceiverServerRatis (XceiverServerRatis.java:start(481)) - Starting XceiverServerRatis 6e54690b-befe-42c2-a4b7-a861f73b2b3f
2022-10-22 01:06:04,448 [EndpointStateMachine task thread for /0.0.0.0:45633 - 0 ] INFO  server.RaftServer (RaftServerProxy.java:startImpl(393)) - 6e54690b-befe-42c2-a4b7-a861f73b2b3f: start RPC server
2022-10-22 01:06:04,449 [EndpointStateMachine task thread for /0.0.0.0:45633 - 0 ] INFO  server.GrpcService (GrpcService.java:startImpl(270)) - 6e54690b-befe-42c2-a4b7-a861f73b2b3f: GrpcService started, listening on 35347
2022-10-22 01:06:04,450 [EndpointStateMachine task thread for /0.0.0.0:45633 - 0 ] INFO  ratis.XceiverServerRatis (XceiverServerRatis.java:getRealPort(502)) - XceiverServerRatis 6e54690b-befe-42c2-a4b7-a861f73b2b3f is started using port 35347 for RATIS
2022-10-22 01:06:04,450 [EndpointStateMachine task thread for /0.0.0.0:45633 - 0 ] INFO  ratis.XceiverServerRatis (XceiverServerRatis.java:getRealPort(502)) - XceiverServerRatis 6e54690b-befe-42c2-a4b7-a861f73b2b3f is started using port 35347 for RATIS_ADMIN
2022-10-22 01:06:04,450 [EndpointStateMachine task thread for /0.0.0.0:45633 - 0 ] INFO  ratis.XceiverServerRatis (XceiverServerRatis.java:getRealPort(502)) - XceiverServerRatis 6e54690b-befe-42c2-a4b7-a861f73b2b3f is started using port 35347 for RATIS_SERVER
2022-10-22 01:06:04,453 [JvmPauseMonitor4] INFO  util.JvmPauseMonitor (JvmPauseMonitor.java:run(105)) - JvmPauseMonitor-6e54690b-befe-42c2-a4b7-a861f73b2b3f: Started
2022-10-22 01:06:04,455 [EndpointStateMachine task thread for /0.0.0.0:45633 - 0 ] INFO  server.XceiverServerGrpc (XceiverServerGrpc.java:start(180)) - XceiverServerGrpc 6e54690b-befe-42c2-a4b7-a861f73b2b3f is started using port 41475
2022-10-22 01:06:04,755 [EndpointStateMachine task thread for /0.0.0.0:45633 - 0 ] INFO  volume.HddsVolume (HddsVolume.java:createDbStore(307)) - SchemaV3 db is created and loaded at /home/runner/work/ozone/ozone/hadoop-ozone/integration-test/target/test-dir/MiniOzoneClusterImpl-a988f88d-4efe-430b-bf3c-a1e83706c790/datanode-4/data-0/containers/hdds/a988f88d-4efe-430b-bf3c-a1e83706c790/DS-a11b75d0-c0da-49fd-8bb4-4a936a4a9a21/container.db for volume DS-a11b75d0-c0da-49fd-8bb4-4a936a4a9a21
2022-10-22 01:06:04,756 [EndpointStateMachine task thread for /0.0.0.0:45633 - 0 ] INFO  volume.HddsVolume (HddsVolume.java:closeDbStore(338)) - SchemaV3 db is stopped at /home/runner/work/ozone/ozone/hadoop-ozone/integration-test/target/test-dir/MiniOzoneClusterImpl-a988f88d-4efe-430b-bf3c-a1e83706c790/datanode-4/data-0/containers/hdds/a988f88d-4efe-430b-bf3c-a1e83706c790/DS-a11b75d0-c0da-49fd-8bb4-4a936a4a9a21/container.db for volume DS-a11b75d0-c0da-49fd-8bb4-4a936a4a9a21
2022-10-22 01:06:04,756 [EndpointStateMachine task thread for /0.0.0.0:45633 - 0 ] INFO  ozoneimpl.OzoneContainer (OzoneContainer.java:start(378)) - Attempting to start container services.
2022-10-22 01:06:04,756 [EndpointStateMachine task thread for /0.0.0.0:45633 - 0 ] INFO  ozoneimpl.OzoneContainer (OzoneContainer.java:startContainerScrub(313)) - Background container scanner has been disabled.
2022-10-22 01:06:04,758 [EndpointStateMachine task thread for /0.0.0.0:45633 - 0 ] INFO  replication.ReplicationServer (ReplicationServer.java:start(111)) - ReplicationServer is started using port 32941
2022-10-22 01:06:04,758 [EndpointStateMachine task thread for /0.0.0.0:45633 - 0 ] INFO  ratis.XceiverServerRatis (XceiverServerRatis.java:start(481)) - Starting XceiverServerRatis e349f11f-4d2d-4584-922f-e3c208c9e657
2022-10-22 01:06:04,759 [EndpointStateMachine task thread for /0.0.0.0:45633 - 0 ] INFO  server.RaftServer (RaftServerProxy.java:startImpl(393)) - e349f11f-4d2d-4584-922f-e3c208c9e657: start RPC server
2022-10-22 01:06:04,763 [EndpointStateMachine task thread for /0.0.0.0:45633 - 0 ] INFO  server.GrpcService (GrpcService.java:startImpl(270)) - e349f11f-4d2d-4584-922f-e3c208c9e657: GrpcService started, listening on 34143
2022-10-22 01:06:04,763 [EndpointStateMachine task thread for /0.0.0.0:45633 - 0 ] INFO  ratis.XceiverServerRatis (XceiverServerRatis.java:getRealPort(502)) - XceiverServerRatis e349f11f-4d2d-4584-922f-e3c208c9e657 is started using port 34143 for RATIS
2022-10-22 01:06:04,763 [EndpointStateMachine task thread for /0.0.0.0:45633 - 0 ] INFO  ratis.XceiverServerRatis (XceiverServerRatis.java:getRealPort(502)) - XceiverServerRatis e349f11f-4d2d-4584-922f-e3c208c9e657 is started using port 34143 for RATIS_ADMIN
2022-10-22 01:06:04,763 [EndpointStateMachine task thread for /0.0.0.0:45633 - 0 ] INFO  ratis.XceiverServerRatis (XceiverServerRatis.java:getRealPort(502)) - XceiverServerRatis e349f11f-4d2d-4584-922f-e3c208c9e657 is started using port 34143 for RATIS_SERVER
2022-10-22 01:06:04,763 [JvmPauseMonitor5] INFO  util.JvmPauseMonitor (JvmPauseMonitor.java:run(105)) - JvmPauseMonitor-e349f11f-4d2d-4584-922f-e3c208c9e657: Started
2022-10-22 01:06:04,766 [EndpointStateMachine task thread for /0.0.0.0:45633 - 0 ] INFO  server.XceiverServerGrpc (XceiverServerGrpc.java:start(180)) - XceiverServerGrpc e349f11f-4d2d-4584-922f-e3c208c9e657 is started using port 34963
2022-10-22 01:06:05,039 [EndpointStateMachine task thread for /0.0.0.0:45633 - 0 ] INFO  volume.HddsVolume (HddsVolume.java:createDbStore(307)) - SchemaV3 db is created and loaded at /home/runner/work/ozone/ozone/hadoop-ozone/integration-test/target/test-dir/MiniOzoneClusterImpl-a988f88d-4efe-430b-bf3c-a1e83706c790/datanode-5/data-0/containers/hdds/a988f88d-4efe-430b-bf3c-a1e83706c790/DS-5aa100ec-278d-429d-a1ca-60d483b983a5/container.db for volume DS-5aa100ec-278d-429d-a1ca-60d483b983a5
2022-10-22 01:06:05,041 [EndpointStateMachine task thread for /0.0.0.0:45633 - 0 ] INFO  volume.HddsVolume (HddsVolume.java:closeDbStore(338)) - SchemaV3 db is stopped at /home/runner/work/ozone/ozone/hadoop-ozone/integration-test/target/test-dir/MiniOzoneClusterImpl-a988f88d-4efe-430b-bf3c-a1e83706c790/datanode-5/data-0/containers/hdds/a988f88d-4efe-430b-bf3c-a1e83706c790/DS-5aa100ec-278d-429d-a1ca-60d483b983a5/container.db for volume DS-5aa100ec-278d-429d-a1ca-60d483b983a5
2022-10-22 01:06:05,041 [EndpointStateMachine task thread for /0.0.0.0:45633 - 0 ] INFO  ozoneimpl.OzoneContainer (OzoneContainer.java:start(378)) - Attempting to start container services.
2022-10-22 01:06:05,041 [EndpointStateMachine task thread for /0.0.0.0:45633 - 0 ] INFO  ozoneimpl.OzoneContainer (OzoneContainer.java:startContainerScrub(313)) - Background container scanner has been disabled.
2022-10-22 01:06:05,044 [EndpointStateMachine task thread for /0.0.0.0:45633 - 0 ] INFO  replication.ReplicationServer (ReplicationServer.java:start(111)) - ReplicationServer is started using port 42825
2022-10-22 01:06:05,044 [EndpointStateMachine task thread for /0.0.0.0:45633 - 0 ] INFO  ratis.XceiverServerRatis (XceiverServerRatis.java:start(481)) - Starting XceiverServerRatis 63ee6728-2597-4353-a315-509fdfe6db5e
2022-10-22 01:06:05,045 [EndpointStateMachine task thread for /0.0.0.0:45633 - 0 ] INFO  server.RaftServer (RaftServerProxy.java:startImpl(393)) - 63ee6728-2597-4353-a315-509fdfe6db5e: start RPC server
2022-10-22 01:06:05,046 [EndpointStateMachine task thread for /0.0.0.0:45633 - 0 ] INFO  server.GrpcService (GrpcService.java:startImpl(270)) - 63ee6728-2597-4353-a315-509fdfe6db5e: GrpcService started, listening on 42903
2022-10-22 01:06:05,046 [EndpointStateMachine task thread for /0.0.0.0:45633 - 0 ] INFO  ratis.XceiverServerRatis (XceiverServerRatis.java:getRealPort(502)) - XceiverServerRatis 63ee6728-2597-4353-a315-509fdfe6db5e is started using port 42903 for RATIS
2022-10-22 01:06:05,046 [EndpointStateMachine task thread for /0.0.0.0:45633 - 0 ] INFO  ratis.XceiverServerRatis (XceiverServerRatis.java:getRealPort(502)) - XceiverServerRatis 63ee6728-2597-4353-a315-509fdfe6db5e is started using port 42903 for RATIS_ADMIN
2022-10-22 01:06:05,046 [JvmPauseMonitor6] INFO  util.JvmPauseMonitor (JvmPauseMonitor.java:run(105)) - JvmPauseMonitor-63ee6728-2597-4353-a315-509fdfe6db5e: Started
2022-10-22 01:06:05,046 [EndpointStateMachine task thread for /0.0.0.0:45633 - 0 ] INFO  ratis.XceiverServerRatis (XceiverServerRatis.java:getRealPort(502)) - XceiverServerRatis 63ee6728-2597-4353-a315-509fdfe6db5e is started using port 42903 for RATIS_SERVER
2022-10-22 01:06:05,048 [EndpointStateMachine task thread for /0.0.0.0:45633 - 0 ] INFO  server.XceiverServerGrpc (XceiverServerGrpc.java:start(180)) - XceiverServerGrpc 63ee6728-2597-4353-a315-509fdfe6db5e is started using port 33359
2022-10-22 01:06:05,319 [IPC Server handler 1 on default port 45633] INFO  net.NetworkTopologyImpl (NetworkTopologyImpl.java:add(112)) - Added a new node: /default-rack/d1d68c68-fcd1-40a2-8bd4-08293fe543e0
2022-10-22 01:06:05,323 [Listener at 127.0.0.1/34145] INFO  ozone.MiniOzoneClusterImpl (MiniOzoneClusterImpl.java:lambda$waitForClusterToBeReady$0(216)) - Waiting for nodes to be ready. Got 1 of 10 DN Heartbeats.
2022-10-22 01:06:05,323 [Listener at 127.0.0.1/34145] INFO  ozone.MiniOzoneClusterImpl (MiniOzoneClusterImpl.java:lambda$waitForClusterToBeReady$0(219)) - Waiting for cluster to exit safe mode
2022-10-22 01:06:05,323 [Listener at 127.0.0.1/34145] INFO  ozone.MiniOzoneClusterImpl (MiniOzoneClusterImpl.java:lambda$waitForClusterToBeReady$0(221)) - SCM became leader
2022-10-22 01:06:05,323 [IPC Server handler 1 on default port 45633] INFO  node.SCMNodeManager (SCMNodeManager.java:register(397)) - Registered Data node : d1d68c68-fcd1-40a2-8bd4-08293fe543e0{ip: 10.1.0.62, host: fv-az334-928.zg0gw54pbdoexfhqlmz30d51na.gx.internal.cloudapp.net, ports: [REPLICATION=45669, RATIS=34369, RATIS_ADMIN=34369, RATIS_SERVER=34369, STANDALONE=44553], networkLocation: /default-rack, certSerialId: null, persistedOpState: null, persistedOpStateExpiryEpochSec: 0}
2022-10-22 01:06:05,326 [EventQueue-NewNodeForNewNodeHandler] INFO  pipeline.BackgroundPipelineCreator (BackgroundPipelineCreator.java:notifyEventTriggered(276)) - trigger a one-shot run on RatisPipelineUtilsThread.
2022-10-22 01:06:05,327 [EventQueue-NodeRegistrationContainerReportForDataNodeSafeModeRule] INFO  safemode.SCMSafeModeManager (DataNodeSafeModeRule.java:process(71)) - SCM in safe mode. 1 DataNodes registered, 3 required.
2022-10-22 01:06:05,327 [EventQueue-NodeRegistrationContainerReportForContainerSafeModeRule] INFO  safemode.SCMSafeModeManager (SCMSafeModeManager.java:validateSafeModeExitRules(204)) - ContainerSafeModeRule rule is successfully validated
2022-10-22 01:06:05,327 [EventQueue-PipelineReportForOneReplicaPipelineSafeModeRule] INFO  safemode.SCMSafeModeManager (SCMSafeModeManager.java:validateSafeModeExitRules(204)) - AtleastOneDatanodeReportedRule rule is successfully validated
2022-10-22 01:06:05,333 [RatisPipelineUtilsThread - 0] INFO  pipeline.RatisPipelineProvider (RatisPipelineProvider.java:lambda$create$0(195)) - Sending CreatePipelineCommand for pipeline:PipelineID=a4228449-f6cb-40b7-93cb-171754d57b70 to datanode:d1d68c68-fcd1-40a2-8bd4-08293fe543e0
2022-10-22 01:06:05,343 [RatisPipelineUtilsThread - 0] INFO  pipeline.PipelineStateManagerImpl (PipelineStateManagerImpl.java:addPipeline(103)) - Created pipeline Pipeline[ Id: a4228449-f6cb-40b7-93cb-171754d57b70, Nodes: d1d68c68-fcd1-40a2-8bd4-08293fe543e0{ip: 10.1.0.62, host: fv-az334-928.zg0gw54pbdoexfhqlmz30d51na.gx.internal.cloudapp.net, ports: [REPLICATION=45669, RATIS=34369, RATIS_ADMIN=34369, RATIS_SERVER=34369, STANDALONE=44553], networkLocation: /default-rack, certSerialId: null, persistedOpState: IN_SERVICE, persistedOpStateExpiryEpochSec: 0}, ReplicationConfig: RATIS/ONE, State:ALLOCATED, leaderId:, CreationTimestamp2022-10-22T01:06:05.332Z[Etc/UTC]].
2022-10-22 01:06:05,379 [EndpointStateMachine task thread for /0.0.0.0:45633 - 0 ] INFO  volume.HddsVolume (HddsVolume.java:createDbStore(307)) - SchemaV3 db is created and loaded at /home/runner/work/ozone/ozone/hadoop-ozone/integration-test/target/test-dir/MiniOzoneClusterImpl-a988f88d-4efe-430b-bf3c-a1e83706c790/datanode-6/data-0/containers/hdds/a988f88d-4efe-430b-bf3c-a1e83706c790/DS-8b19cbb1-b968-4964-837d-4a4e4cc2aa36/container.db for volume DS-8b19cbb1-b968-4964-837d-4a4e4cc2aa36
2022-10-22 01:06:05,380 [EndpointStateMachine task thread for /0.0.0.0:45633 - 0 ] INFO  volume.HddsVolume (HddsVolume.java:closeDbStore(338)) - SchemaV3 db is stopped at /home/runner/work/ozone/ozone/hadoop-ozone/integration-test/target/test-dir/MiniOzoneClusterImpl-a988f88d-4efe-430b-bf3c-a1e83706c790/datanode-6/data-0/containers/hdds/a988f88d-4efe-430b-bf3c-a1e83706c790/DS-8b19cbb1-b968-4964-837d-4a4e4cc2aa36/container.db for volume DS-8b19cbb1-b968-4964-837d-4a4e4cc2aa36
2022-10-22 01:06:05,380 [EndpointStateMachine task thread for /0.0.0.0:45633 - 0 ] INFO  ozoneimpl.OzoneContainer (OzoneContainer.java:start(378)) - Attempting to start container services.
2022-10-22 01:06:05,380 [EndpointStateMachine task thread for /0.0.0.0:45633 - 0 ] INFO  ozoneimpl.OzoneContainer (OzoneContainer.java:startContainerScrub(313)) - Background container scanner has been disabled.
2022-10-22 01:06:05,384 [EndpointStateMachine task thread for /0.0.0.0:45633 - 0 ] INFO  replication.ReplicationServer (ReplicationServer.java:start(111)) - ReplicationServer is started using port 43851
2022-10-22 01:06:05,384 [EndpointStateMachine task thread for /0.0.0.0:45633 - 0 ] INFO  ratis.XceiverServerRatis (XceiverServerRatis.java:start(481)) - Starting XceiverServerRatis 7c8777a1-edfb-4633-85a4-b901f2ed1d17
2022-10-22 01:06:05,391 [EndpointStateMachine task thread for /0.0.0.0:45633 - 0 ] INFO  server.RaftServer (RaftServerProxy.java:startImpl(393)) - 7c8777a1-edfb-4633-85a4-b901f2ed1d17: start RPC server
2022-10-22 01:06:05,396 [EndpointStateMachine task thread for /0.0.0.0:45633 - 0 ] INFO  server.GrpcService (GrpcService.java:startImpl(270)) - 7c8777a1-edfb-4633-85a4-b901f2ed1d17: GrpcService started, listening on 42991
2022-10-22 01:06:05,396 [EndpointStateMachine task thread for /0.0.0.0:45633 - 0 ] INFO  ratis.XceiverServerRatis (XceiverServerRatis.java:getRealPort(502)) - XceiverServerRatis 7c8777a1-edfb-4633-85a4-b901f2ed1d17 is started using port 42991 for RATIS
2022-10-22 01:06:05,396 [EndpointStateMachine task thread for /0.0.0.0:45633 - 0 ] INFO  ratis.XceiverServerRatis (XceiverServerRatis.java:getRealPort(502)) - XceiverServerRatis 7c8777a1-edfb-4633-85a4-b901f2ed1d17 is started using port 42991 for RATIS_ADMIN
2022-10-22 01:06:05,396 [EndpointStateMachine task thread for /0.0.0.0:45633 - 0 ] INFO  ratis.XceiverServerRatis (XceiverServerRatis.java:getRealPort(502)) - XceiverServerRatis 7c8777a1-edfb-4633-85a4-b901f2ed1d17 is started using port 42991 for RATIS_SERVER
2022-10-22 01:06:05,396 [JvmPauseMonitor7] INFO  util.JvmPauseMonitor (JvmPauseMonitor.java:run(105)) - JvmPauseMonitor-7c8777a1-edfb-4633-85a4-b901f2ed1d17: Started
2022-10-22 01:06:05,402 [EndpointStateMachine task thread for /0.0.0.0:45633 - 0 ] INFO  server.XceiverServerGrpc (XceiverServerGrpc.java:start(180)) - XceiverServerGrpc 7c8777a1-edfb-4633-85a4-b901f2ed1d17 is started using port 34039
2022-10-22 01:06:05,689 [EndpointStateMachine task thread for /0.0.0.0:45633 - 0 ] INFO  volume.HddsVolume (HddsVolume.java:createDbStore(307)) - SchemaV3 db is created and loaded at /home/runner/work/ozone/ozone/hadoop-ozone/integration-test/target/test-dir/MiniOzoneClusterImpl-a988f88d-4efe-430b-bf3c-a1e83706c790/datanode-7/data-0/containers/hdds/a988f88d-4efe-430b-bf3c-a1e83706c790/DS-89578137-01e8-4236-a185-8ad4b1190e5e/container.db for volume DS-89578137-01e8-4236-a185-8ad4b1190e5e
2022-10-22 01:06:05,689 [EndpointStateMachine task thread for /0.0.0.0:45633 - 0 ] INFO  volume.HddsVolume (HddsVolume.java:closeDbStore(338)) - SchemaV3 db is stopped at /home/runner/work/ozone/ozone/hadoop-ozone/integration-test/target/test-dir/MiniOzoneClusterImpl-a988f88d-4efe-430b-bf3c-a1e83706c790/datanode-7/data-0/containers/hdds/a988f88d-4efe-430b-bf3c-a1e83706c790/DS-89578137-01e8-4236-a185-8ad4b1190e5e/container.db for volume DS-89578137-01e8-4236-a185-8ad4b1190e5e
2022-10-22 01:06:05,689 [EndpointStateMachine task thread for /0.0.0.0:45633 - 0 ] INFO  ozoneimpl.OzoneContainer (OzoneContainer.java:start(378)) - Attempting to start container services.
2022-10-22 01:06:05,689 [EndpointStateMachine task thread for /0.0.0.0:45633 - 0 ] INFO  ozoneimpl.OzoneContainer (OzoneContainer.java:startContainerScrub(313)) - Background container scanner has been disabled.
2022-10-22 01:06:05,690 [EndpointStateMachine task thread for /0.0.0.0:45633 - 0 ] INFO  replication.ReplicationServer (ReplicationServer.java:start(111)) - ReplicationServer is started using port 42861
2022-10-22 01:06:05,691 [EndpointStateMachine task thread for /0.0.0.0:45633 - 0 ] INFO  ratis.XceiverServerRatis (XceiverServerRatis.java:start(481)) - Starting XceiverServerRatis 075aeae4-9dac-4c28-be7c-8f8b2eb5b04f
2022-10-22 01:06:05,692 [EndpointStateMachine task thread for /0.0.0.0:45633 - 0 ] INFO  server.RaftServer (RaftServerProxy.java:startImpl(393)) - 075aeae4-9dac-4c28-be7c-8f8b2eb5b04f: start RPC server
2022-10-22 01:06:05,692 [EndpointStateMachine task thread for /0.0.0.0:45633 - 0 ] INFO  server.GrpcService (GrpcService.java:startImpl(270)) - 075aeae4-9dac-4c28-be7c-8f8b2eb5b04f: GrpcService started, listening on 36955
2022-10-22 01:06:05,693 [EndpointStateMachine task thread for /0.0.0.0:45633 - 0 ] INFO  ratis.XceiverServerRatis (XceiverServerRatis.java:getRealPort(502)) - XceiverServerRatis 075aeae4-9dac-4c28-be7c-8f8b2eb5b04f is started using port 36955 for RATIS
2022-10-22 01:06:05,693 [EndpointStateMachine task thread for /0.0.0.0:45633 - 0 ] INFO  ratis.XceiverServerRatis (XceiverServerRatis.java:getRealPort(502)) - XceiverServerRatis 075aeae4-9dac-4c28-be7c-8f8b2eb5b04f is started using port 36955 for RATIS_ADMIN
2022-10-22 01:06:05,693 [EndpointStateMachine task thread for /0.0.0.0:45633 - 0 ] INFO  ratis.XceiverServerRatis (XceiverServerRatis.java:getRealPort(502)) - XceiverServerRatis 075aeae4-9dac-4c28-be7c-8f8b2eb5b04f is started using port 36955 for RATIS_SERVER
2022-10-22 01:06:05,693 [JvmPauseMonitor8] INFO  util.JvmPauseMonitor (JvmPauseMonitor.java:run(105)) - JvmPauseMonitor-075aeae4-9dac-4c28-be7c-8f8b2eb5b04f: Started
2022-10-22 01:06:05,694 [EndpointStateMachine task thread for /0.0.0.0:45633 - 0 ] INFO  server.XceiverServerGrpc (XceiverServerGrpc.java:start(180)) - XceiverServerGrpc 075aeae4-9dac-4c28-be7c-8f8b2eb5b04f is started using port 37983
2022-10-22 01:06:05,706 [IPC Server handler 4 on default port 45633] INFO  net.NetworkTopologyImpl (NetworkTopologyImpl.java:add(112)) - Added a new node: /default-rack/9705cc67-48fc-46f6-b325-a713191a975c
2022-10-22 01:06:05,706 [IPC Server handler 4 on default port 45633] INFO  node.SCMNodeManager (SCMNodeManager.java:register(397)) - Registered Data node : 9705cc67-48fc-46f6-b325-a713191a975c{ip: 10.1.0.62, host: fv-az334-928.zg0gw54pbdoexfhqlmz30d51na.gx.internal.cloudapp.net, ports: [REPLICATION=33357, RATIS=35497, RATIS_ADMIN=35497, RATIS_SERVER=35497, STANDALONE=45673], networkLocation: /default-rack, certSerialId: null, persistedOpState: null, persistedOpStateExpiryEpochSec: 0}
2022-10-22 01:06:05,707 [EventQueue-NewNodeForNewNodeHandler] INFO  pipeline.BackgroundPipelineCreator (BackgroundPipelineCreator.java:notifyEventTriggered(276)) - trigger a one-shot run on RatisPipelineUtilsThread.
2022-10-22 01:06:05,707 [EventQueue-NodeRegistrationContainerReportForDataNodeSafeModeRule] INFO  safemode.SCMSafeModeManager (DataNodeSafeModeRule.java:process(71)) - SCM in safe mode. 2 DataNodes registered, 3 required.
2022-10-22 01:06:05,708 [RatisPipelineUtilsThread - 0] INFO  pipeline.RatisPipelineProvider (RatisPipelineProvider.java:lambda$create$0(195)) - Sending CreatePipelineCommand for pipeline:PipelineID=55d45bd3-816d-4763-9721-2523c6b62b1d to datanode:9705cc67-48fc-46f6-b325-a713191a975c
2022-10-22 01:06:05,709 [RatisPipelineUtilsThread - 0] INFO  pipeline.PipelineStateManagerImpl (PipelineStateManagerImpl.java:addPipeline(103)) - Created pipeline Pipeline[ Id: 55d45bd3-816d-4763-9721-2523c6b62b1d, Nodes: 9705cc67-48fc-46f6-b325-a713191a975c{ip: 10.1.0.62, host: fv-az334-928.zg0gw54pbdoexfhqlmz30d51na.gx.internal.cloudapp.net, ports: [REPLICATION=33357, RATIS=35497, RATIS_ADMIN=35497, RATIS_SERVER=35497, STANDALONE=45673], networkLocation: /default-rack, certSerialId: null, persistedOpState: IN_SERVICE, persistedOpStateExpiryEpochSec: 0}, ReplicationConfig: RATIS/ONE, State:ALLOCATED, leaderId:, CreationTimestamp2022-10-22T01:06:05.708Z[Etc/UTC]].
2022-10-22 01:06:06,015 [EndpointStateMachine task thread for /0.0.0.0:45633 - 0 ] INFO  volume.HddsVolume (HddsVolume.java:createDbStore(307)) - SchemaV3 db is created and loaded at /home/runner/work/ozone/ozone/hadoop-ozone/integration-test/target/test-dir/MiniOzoneClusterImpl-a988f88d-4efe-430b-bf3c-a1e83706c790/datanode-8/data-0/containers/hdds/a988f88d-4efe-430b-bf3c-a1e83706c790/DS-731ced8d-0f5e-4360-8444-0e9ee827498b/container.db for volume DS-731ced8d-0f5e-4360-8444-0e9ee827498b
2022-10-22 01:06:06,016 [EndpointStateMachine task thread for /0.0.0.0:45633 - 0 ] INFO  volume.HddsVolume (HddsVolume.java:closeDbStore(338)) - SchemaV3 db is stopped at /home/runner/work/ozone/ozone/hadoop-ozone/integration-test/target/test-dir/MiniOzoneClusterImpl-a988f88d-4efe-430b-bf3c-a1e83706c790/datanode-8/data-0/containers/hdds/a988f88d-4efe-430b-bf3c-a1e83706c790/DS-731ced8d-0f5e-4360-8444-0e9ee827498b/container.db for volume DS-731ced8d-0f5e-4360-8444-0e9ee827498b
2022-10-22 01:06:06,016 [EndpointStateMachine task thread for /0.0.0.0:45633 - 0 ] INFO  ozoneimpl.OzoneContainer (OzoneContainer.java:start(378)) - Attempting to start container services.
2022-10-22 01:06:06,016 [EndpointStateMachine task thread for /0.0.0.0:45633 - 0 ] INFO  ozoneimpl.OzoneContainer (OzoneContainer.java:startContainerScrub(313)) - Background container scanner has been disabled.
2022-10-22 01:06:06,017 [EndpointStateMachine task thread for /0.0.0.0:45633 - 0 ] INFO  replication.ReplicationServer (ReplicationServer.java:start(111)) - ReplicationServer is started using port 35173
2022-10-22 01:06:06,018 [EndpointStateMachine task thread for /0.0.0.0:45633 - 0 ] INFO  ratis.XceiverServerRatis (XceiverServerRatis.java:start(481)) - Starting XceiverServerRatis 9befe131-ee01-45a3-b6b9-b3ceb7636d7b
2022-10-22 01:06:06,018 [EndpointStateMachine task thread for /0.0.0.0:45633 - 0 ] INFO  server.RaftServer (RaftServerProxy.java:startImpl(393)) - 9befe131-ee01-45a3-b6b9-b3ceb7636d7b: start RPC server
2022-10-22 01:06:06,019 [EndpointStateMachine task thread for /0.0.0.0:45633 - 0 ] INFO  server.GrpcService (GrpcService.java:startImpl(270)) - 9befe131-ee01-45a3-b6b9-b3ceb7636d7b: GrpcService started, listening on 36783
2022-10-22 01:06:06,020 [EndpointStateMachine task thread for /0.0.0.0:45633 - 0 ] INFO  ratis.XceiverServerRatis (XceiverServerRatis.java:getRealPort(502)) - XceiverServerRatis 9befe131-ee01-45a3-b6b9-b3ceb7636d7b is started using port 36783 for RATIS
2022-10-22 01:06:06,020 [EndpointStateMachine task thread for /0.0.0.0:45633 - 0 ] INFO  ratis.XceiverServerRatis (XceiverServerRatis.java:getRealPort(502)) - XceiverServerRatis 9befe131-ee01-45a3-b6b9-b3ceb7636d7b is started using port 36783 for RATIS_ADMIN
2022-10-22 01:06:06,020 [EndpointStateMachine task thread for /0.0.0.0:45633 - 0 ] INFO  ratis.XceiverServerRatis (XceiverServerRatis.java:getRealPort(502)) - XceiverServerRatis 9befe131-ee01-45a3-b6b9-b3ceb7636d7b is started using port 36783 for RATIS_SERVER
2022-10-22 01:06:06,020 [JvmPauseMonitor9] INFO  util.JvmPauseMonitor (JvmPauseMonitor.java:run(105)) - JvmPauseMonitor-9befe131-ee01-45a3-b6b9-b3ceb7636d7b: Started
2022-10-22 01:06:06,025 [EndpointStateMachine task thread for /0.0.0.0:45633 - 0 ] INFO  server.XceiverServerGrpc (XceiverServerGrpc.java:start(180)) - XceiverServerGrpc 9befe131-ee01-45a3-b6b9-b3ceb7636d7b is started using port 45701
2022-10-22 01:06:06,081 [IPC Server handler 1 on default port 45633] INFO  net.NetworkTopologyImpl (NetworkTopologyImpl.java:add(112)) - Added a new node: /default-rack/2e87c3a1-a023-462f-882b-ea1ca04c8a98
2022-10-22 01:06:06,081 [IPC Server handler 1 on default port 45633] INFO  node.SCMNodeManager (SCMNodeManager.java:register(397)) - Registered Data node : 2e87c3a1-a023-462f-882b-ea1ca04c8a98{ip: 10.1.0.62, host: fv-az334-928.zg0gw54pbdoexfhqlmz30d51na.gx.internal.cloudapp.net, ports: [REPLICATION=42711, RATIS=33759, RATIS_ADMIN=33759, RATIS_SERVER=33759, STANDALONE=44761], networkLocation: /default-rack, certSerialId: null, persistedOpState: null, persistedOpStateExpiryEpochSec: 0}
2022-10-22 01:06:06,082 [EventQueue-NewNodeForNewNodeHandler] INFO  pipeline.BackgroundPipelineCreator (BackgroundPipelineCreator.java:notifyEventTriggered(276)) - trigger a one-shot run on RatisPipelineUtilsThread.
2022-10-22 01:06:06,082 [EventQueue-NodeRegistrationContainerReportForDataNodeSafeModeRule] INFO  safemode.SCMSafeModeManager (DataNodeSafeModeRule.java:process(71)) - SCM in safe mode. 3 DataNodes registered, 3 required.
2022-10-22 01:06:06,082 [EventQueue-NodeRegistrationContainerReportForDataNodeSafeModeRule] INFO  safemode.SCMSafeModeManager (SCMSafeModeManager.java:validateSafeModeExitRules(204)) - DataNodeSafeModeRule rule is successfully validated
2022-10-22 01:06:06,082 [EventQueue-NodeRegistrationContainerReportForDataNodeSafeModeRule] INFO  safemode.SCMSafeModeManager (SCMSafeModeManager.java:completePreCheck(233)) - All SCM safe mode pre check rules have passed
2022-10-22 01:06:06,082 [EventQueue-NodeRegistrationContainerReportForDataNodeSafeModeRule] WARN  events.EventQueue (EventQueue.java:fireEvent(216)) - No event handler registered for event TypedEvent{payloadType=SafeModeStatus, name='Safe mode status'}
2022-10-22 01:06:06,082 [EventQueue-NodeRegistrationContainerReportForDataNodeSafeModeRule] INFO  ha.SCMContext (SCMContext.java:updateSafeModeStatus(228)) - Update SafeModeStatus from SafeModeStatus{safeModeStatus=true, preCheckPassed=false} to SafeModeStatus{safeModeStatus=true, preCheckPassed=true}.
2022-10-22 01:06:06,082 [EventQueue-NodeRegistrationContainerReportForDataNodeSafeModeRule] INFO  pipeline.BackgroundPipelineCreator (BackgroundPipelineCreator.java:notifyEventTriggered(276)) - trigger a one-shot run on RatisPipelineUtilsThread.
2022-10-22 01:06:06,083 [RatisPipelineUtilsThread - 0] INFO  pipeline.RatisPipelineProvider (RatisPipelineProvider.java:lambda$create$0(195)) - Sending CreatePipelineCommand for pipeline:PipelineID=2f1e19a8-9154-4640-8f39-49cf8ccc8f99 to datanode:2e87c3a1-a023-462f-882b-ea1ca04c8a98
2022-10-22 01:06:06,083 [RatisPipelineUtilsThread - 0] INFO  pipeline.PipelineStateManagerImpl (PipelineStateManagerImpl.java:addPipeline(103)) - Created pipeline Pipeline[ Id: 2f1e19a8-9154-4640-8f39-49cf8ccc8f99, Nodes: 2e87c3a1-a023-462f-882b-ea1ca04c8a98{ip: 10.1.0.62, host: fv-az334-928.zg0gw54pbdoexfhqlmz30d51na.gx.internal.cloudapp.net, ports: [REPLICATION=42711, RATIS=33759, RATIS_ADMIN=33759, RATIS_SERVER=33759, STANDALONE=44761], networkLocation: /default-rack, certSerialId: null, persistedOpState: IN_SERVICE, persistedOpStateExpiryEpochSec: 0}, ReplicationConfig: RATIS/ONE, State:ALLOCATED, leaderId:, CreationTimestamp2022-10-22T01:06:06.083Z[Etc/UTC]].
2022-10-22 01:06:06,086 [RatisPipelineUtilsThread - 0] INFO  pipeline.RatisPipelineProvider (RatisPipelineProvider.java:lambda$create$0(195)) - Sending CreatePipelineCommand for pipeline:PipelineID=8a15013d-bb32-4cdf-804b-7cac11e68dad to datanode:2e87c3a1-a023-462f-882b-ea1ca04c8a98
2022-10-22 01:06:06,086 [RatisPipelineUtilsThread - 0] INFO  pipeline.RatisPipelineProvider (RatisPipelineProvider.java:lambda$create$0(195)) - Sending CreatePipelineCommand for pipeline:PipelineID=8a15013d-bb32-4cdf-804b-7cac11e68dad to datanode:9705cc67-48fc-46f6-b325-a713191a975c
2022-10-22 01:06:06,086 [RatisPipelineUtilsThread - 0] INFO  pipeline.RatisPipelineProvider (RatisPipelineProvider.java:lambda$create$0(195)) - Sending CreatePipelineCommand for pipeline:PipelineID=8a15013d-bb32-4cdf-804b-7cac11e68dad to datanode:d1d68c68-fcd1-40a2-8bd4-08293fe543e0
2022-10-22 01:06:06,087 [RatisPipelineUtilsThread - 0] INFO  pipeline.PipelineStateManagerImpl (PipelineStateManagerImpl.java:addPipeline(103)) - Created pipeline Pipeline[ Id: 8a15013d-bb32-4cdf-804b-7cac11e68dad, Nodes: 2e87c3a1-a023-462f-882b-ea1ca04c8a98{ip: 10.1.0.62, host: fv-az334-928.zg0gw54pbdoexfhqlmz30d51na.gx.internal.cloudapp.net, ports: [REPLICATION=42711, RATIS=33759, RATIS_ADMIN=33759, RATIS_SERVER=33759, STANDALONE=44761], networkLocation: /default-rack, certSerialId: null, persistedOpState: IN_SERVICE, persistedOpStateExpiryEpochSec: 0}9705cc67-48fc-46f6-b325-a713191a975c{ip: 10.1.0.62, host: fv-az334-928.zg0gw54pbdoexfhqlmz30d51na.gx.internal.cloudapp.net, ports: [REPLICATION=33357, RATIS=35497, RATIS_ADMIN=35497, RATIS_SERVER=35497, STANDALONE=45673], networkLocation: /default-rack, certSerialId: null, persistedOpState: IN_SERVICE, persistedOpStateExpiryEpochSec: 0}d1d68c68-fcd1-40a2-8bd4-08293fe543e0{ip: 10.1.0.62, host: fv-az334-928.zg0gw54pbdoexfhqlmz30d51na.gx.internal.cloudapp.net, ports: [REPLICATION=45669, RATIS=34369, RATIS_ADMIN=34369, RATIS_SERVER=34369, STANDALONE=44553], networkLocation: /default-rack, certSerialId: null, persistedOpState: IN_SERVICE, persistedOpStateExpiryEpochSec: 0}, ReplicationConfig: RATIS/THREE, State:ALLOCATED, leaderId:, CreationTimestamp2022-10-22T01:06:06.086Z[Etc/UTC]].
2022-10-22 01:06:06,088 [RatisPipelineUtilsThread - 0] INFO  pipeline.RatisPipelineProvider (RatisPipelineProvider.java:lambda$create$0(195)) - Sending CreatePipelineCommand for pipeline:PipelineID=9785cce1-d2ba-45de-8ea8-028e8aac4aa9 to datanode:2e87c3a1-a023-462f-882b-ea1ca04c8a98
2022-10-22 01:06:06,088 [RatisPipelineUtilsThread - 0] INFO  pipeline.RatisPipelineProvider (RatisPipelineProvider.java:lambda$create$0(195)) - Sending CreatePipelineCommand for pipeline:PipelineID=9785cce1-d2ba-45de-8ea8-028e8aac4aa9 to datanode:9705cc67-48fc-46f6-b325-a713191a975c
2022-10-22 01:06:06,088 [RatisPipelineUtilsThread - 0] INFO  pipeline.RatisPipelineProvider (RatisPipelineProvider.java:lambda$create$0(195)) - Sending CreatePipelineCommand for pipeline:PipelineID=9785cce1-d2ba-45de-8ea8-028e8aac4aa9 to datanode:d1d68c68-fcd1-40a2-8bd4-08293fe543e0
2022-10-22 01:06:06,089 [RatisPipelineUtilsThread - 0] INFO  pipeline.PipelineStateManagerImpl (PipelineStateManagerImpl.java:addPipeline(103)) - Created pipeline Pipeline[ Id: 9785cce1-d2ba-45de-8ea8-028e8aac4aa9, Nodes: 2e87c3a1-a023-462f-882b-ea1ca04c8a98{ip: 10.1.0.62, host: fv-az334-928.zg0gw54pbdoexfhqlmz30d51na.gx.internal.cloudapp.net, ports: [REPLICATION=42711, RATIS=33759, RATIS_ADMIN=33759, RATIS_SERVER=33759, STANDALONE=44761], networkLocation: /default-rack, certSerialId: null, persistedOpState: IN_SERVICE, persistedOpStateExpiryEpochSec: 0}9705cc67-48fc-46f6-b325-a713191a975c{ip: 10.1.0.62, host: fv-az334-928.zg0gw54pbdoexfhqlmz30d51na.gx.internal.cloudapp.net, ports: [REPLICATION=33357, RATIS=35497, RATIS_ADMIN=35497, RATIS_SERVER=35497, STANDALONE=45673], networkLocation: /default-rack, certSerialId: null, persistedOpState: IN_SERVICE, persistedOpStateExpiryEpochSec: 0}d1d68c68-fcd1-40a2-8bd4-08293fe543e0{ip: 10.1.0.62, host: fv-az334-928.zg0gw54pbdoexfhqlmz30d51na.gx.internal.cloudapp.net, ports: [REPLICATION=45669, RATIS=34369, RATIS_ADMIN=34369, RATIS_SERVER=34369, STANDALONE=44553], networkLocation: /default-rack, certSerialId: null, persistedOpState: IN_SERVICE, persistedOpStateExpiryEpochSec: 0}, ReplicationConfig: RATIS/THREE, State:ALLOCATED, leaderId:, CreationTimestamp2022-10-22T01:06:06.088Z[Etc/UTC]].
2022-10-22 01:06:06,089 [RatisPipelineUtilsThread - 0] INFO  pipeline.PipelineManagerImpl (PipelineManagerImpl.java:recordMetricsForPipeline(826)) - Pipeline: PipelineID=9785cce1-d2ba-45de-8ea8-028e8aac4aa9 contains same datanodes as previous pipelines: PipelineID=8a15013d-bb32-4cdf-804b-7cac11e68dad nodeIds: 2e87c3a1-a023-462f-882b-ea1ca04c8a98, 9705cc67-48fc-46f6-b325-a713191a975c, d1d68c68-fcd1-40a2-8bd4-08293fe543e0
2022-10-22 01:06:06,323 [Listener at 127.0.0.1/34145] INFO  ozone.MiniOzoneClusterImpl (MiniOzoneClusterImpl.java:lambda$waitForClusterToBeReady$0(216)) - Waiting for nodes to be ready. Got 3 of 10 DN Heartbeats.
2022-10-22 01:06:06,324 [Listener at 127.0.0.1/34145] INFO  ozone.MiniOzoneClusterImpl (MiniOzoneClusterImpl.java:lambda$waitForClusterToBeReady$0(219)) - Waiting for cluster to exit safe mode
2022-10-22 01:06:06,324 [Listener at 127.0.0.1/34145] INFO  ozone.MiniOzoneClusterImpl (MiniOzoneClusterImpl.java:lambda$waitForClusterToBeReady$0(221)) - SCM became leader
2022-10-22 01:06:06,354 [EndpointStateMachine task thread for /0.0.0.0:45633 - 0 ] INFO  volume.HddsVolume (HddsVolume.java:createDbStore(307)) - SchemaV3 db is created and loaded at /home/runner/work/ozone/ozone/hadoop-ozone/integration-test/target/test-dir/MiniOzoneClusterImpl-a988f88d-4efe-430b-bf3c-a1e83706c790/datanode-9/data-0/containers/hdds/a988f88d-4efe-430b-bf3c-a1e83706c790/DS-f991ee07-fdd3-4e84-8872-2f724f4162ee/container.db for volume DS-f991ee07-fdd3-4e84-8872-2f724f4162ee
2022-10-22 01:06:06,354 [EndpointStateMachine task thread for /0.0.0.0:45633 - 0 ] INFO  volume.HddsVolume (HddsVolume.java:closeDbStore(338)) - SchemaV3 db is stopped at /home/runner/work/ozone/ozone/hadoop-ozone/integration-test/target/test-dir/MiniOzoneClusterImpl-a988f88d-4efe-430b-bf3c-a1e83706c790/datanode-9/data-0/containers/hdds/a988f88d-4efe-430b-bf3c-a1e83706c790/DS-f991ee07-fdd3-4e84-8872-2f724f4162ee/container.db for volume DS-f991ee07-fdd3-4e84-8872-2f724f4162ee
2022-10-22 01:06:06,354 [EndpointStateMachine task thread for /0.0.0.0:45633 - 0 ] INFO  ozoneimpl.OzoneContainer (OzoneContainer.java:start(378)) - Attempting to start container services.
2022-10-22 01:06:06,355 [EndpointStateMachine task thread for /0.0.0.0:45633 - 0 ] INFO  ozoneimpl.OzoneContainer (OzoneContainer.java:startContainerScrub(313)) - Background container scanner has been disabled.
2022-10-22 01:06:06,355 [EndpointStateMachine task thread for /0.0.0.0:45633 - 0 ] INFO  replication.ReplicationServer (ReplicationServer.java:start(111)) - ReplicationServer is started using port 40303
2022-10-22 01:06:06,356 [EndpointStateMachine task thread for /0.0.0.0:45633 - 0 ] INFO  ratis.XceiverServerRatis (XceiverServerRatis.java:start(481)) - Starting XceiverServerRatis eb081a82-3196-45ae-99e9-89c991687437
2022-10-22 01:06:06,356 [EndpointStateMachine task thread for /0.0.0.0:45633 - 0 ] INFO  server.RaftServer (RaftServerProxy.java:startImpl(393)) - eb081a82-3196-45ae-99e9-89c991687437: start RPC server
2022-10-22 01:06:06,357 [EndpointStateMachine task thread for /0.0.0.0:45633 - 0 ] INFO  server.GrpcService (GrpcService.java:startImpl(270)) - eb081a82-3196-45ae-99e9-89c991687437: GrpcService started, listening on 45551
2022-10-22 01:06:06,357 [EndpointStateMachine task thread for /0.0.0.0:45633 - 0 ] INFO  ratis.XceiverServerRatis (XceiverServerRatis.java:getRealPort(502)) - XceiverServerRatis eb081a82-3196-45ae-99e9-89c991687437 is started using port 45551 for RATIS
2022-10-22 01:06:06,357 [EndpointStateMachine task thread for /0.0.0.0:45633 - 0 ] INFO  ratis.XceiverServerRatis (XceiverServerRatis.java:getRealPort(502)) - XceiverServerRatis eb081a82-3196-45ae-99e9-89c991687437 is started using port 45551 for RATIS_ADMIN
2022-10-22 01:06:06,357 [JvmPauseMonitor10] INFO  util.JvmPauseMonitor (JvmPauseMonitor.java:run(105)) - JvmPauseMonitor-eb081a82-3196-45ae-99e9-89c991687437: Started
2022-10-22 01:06:06,357 [EndpointStateMachine task thread for /0.0.0.0:45633 - 0 ] INFO  ratis.XceiverServerRatis (XceiverServerRatis.java:getRealPort(502)) - XceiverServerRatis eb081a82-3196-45ae-99e9-89c991687437 is started using port 45551 for RATIS_SERVER
2022-10-22 01:06:06,358 [EndpointStateMachine task thread for /0.0.0.0:45633 - 0 ] INFO  server.XceiverServerGrpc (XceiverServerGrpc.java:start(180)) - XceiverServerGrpc eb081a82-3196-45ae-99e9-89c991687437 is started using port 33705
2022-10-22 01:06:06,403 [IPC Server handler 3 on default port 45633] INFO  net.NetworkTopologyImpl (NetworkTopologyImpl.java:add(112)) - Added a new node: /default-rack/6e54690b-befe-42c2-a4b7-a861f73b2b3f
2022-10-22 01:06:06,403 [IPC Server handler 3 on default port 45633] INFO  node.SCMNodeManager (SCMNodeManager.java:register(397)) - Registered Data node : 6e54690b-befe-42c2-a4b7-a861f73b2b3f{ip: 10.1.0.62, host: fv-az334-928.zg0gw54pbdoexfhqlmz30d51na.gx.internal.cloudapp.net, ports: [REPLICATION=38893, RATIS=35347, RATIS_ADMIN=35347, RATIS_SERVER=35347, STANDALONE=41475], networkLocation: /default-rack, certSerialId: null, persistedOpState: null, persistedOpStateExpiryEpochSec: 0}
2022-10-22 01:06:06,404 [EventQueue-NewNodeForNewNodeHandler] INFO  pipeline.BackgroundPipelineCreator (BackgroundPipelineCreator.java:notifyEventTriggered(276)) - trigger a one-shot run on RatisPipelineUtilsThread.
2022-10-22 01:06:06,404 [RatisPipelineUtilsThread - 0] INFO  pipeline.RatisPipelineProvider (RatisPipelineProvider.java:lambda$create$0(195)) - Sending CreatePipelineCommand for pipeline:PipelineID=dc02e3be-0dcc-4fb9-b133-d15efcc0bbca to datanode:6e54690b-befe-42c2-a4b7-a861f73b2b3f
2022-10-22 01:06:06,405 [RatisPipelineUtilsThread - 0] INFO  pipeline.PipelineStateManagerImpl (PipelineStateManagerImpl.java:addPipeline(103)) - Created pipeline Pipeline[ Id: dc02e3be-0dcc-4fb9-b133-d15efcc0bbca, Nodes: 6e54690b-befe-42c2-a4b7-a861f73b2b3f{ip: 10.1.0.62, host: fv-az334-928.zg0gw54pbdoexfhqlmz30d51na.gx.internal.cloudapp.net, ports: [REPLICATION=38893, RATIS=35347, RATIS_ADMIN=35347, RATIS_SERVER=35347, STANDALONE=41475], networkLocation: /default-rack, certSerialId: null, persistedOpState: IN_SERVICE, persistedOpStateExpiryEpochSec: 0}, ReplicationConfig: RATIS/ONE, State:ALLOCATED, leaderId:, CreationTimestamp2022-10-22T01:06:06.404Z[Etc/UTC]].
2022-10-22 01:06:06,723 [IPC Server handler 5 on default port 45633] INFO  net.NetworkTopologyImpl (NetworkTopologyImpl.java:add(112)) - Added a new node: /default-rack/e349f11f-4d2d-4584-922f-e3c208c9e657
2022-10-22 01:06:06,723 [IPC Server handler 5 on default port 45633] INFO  node.SCMNodeManager (SCMNodeManager.java:register(397)) - Registered Data node : e349f11f-4d2d-4584-922f-e3c208c9e657{ip: 10.1.0.62, host: fv-az334-928.zg0gw54pbdoexfhqlmz30d51na.gx.internal.cloudapp.net, ports: [REPLICATION=32941, RATIS=34143, RATIS_ADMIN=34143, RATIS_SERVER=34143, STANDALONE=34963], networkLocation: /default-rack, certSerialId: null, persistedOpState: null, persistedOpStateExpiryEpochSec: 0}
2022-10-22 01:06:06,723 [EventQueue-NewNodeForNewNodeHandler] INFO  pipeline.BackgroundPipelineCreator (BackgroundPipelineCreator.java:notifyEventTriggered(276)) - trigger a one-shot run on RatisPipelineUtilsThread.
2022-10-22 01:06:06,724 [RatisPipelineUtilsThread - 0] INFO  pipeline.RatisPipelineProvider (RatisPipelineProvider.java:lambda$create$0(195)) - Sending CreatePipelineCommand for pipeline:PipelineID=708c8019-147a-41d9-8bd8-d35b2f518a55 to datanode:e349f11f-4d2d-4584-922f-e3c208c9e657
2022-10-22 01:06:06,725 [RatisPipelineUtilsThread - 0] INFO  pipeline.PipelineStateManagerImpl (PipelineStateManagerImpl.java:addPipeline(103)) - Created pipeline Pipeline[ Id: 708c8019-147a-41d9-8bd8-d35b2f518a55, Nodes: e349f11f-4d2d-4584-922f-e3c208c9e657{ip: 10.1.0.62, host: fv-az334-928.zg0gw54pbdoexfhqlmz30d51na.gx.internal.cloudapp.net, ports: [REPLICATION=32941, RATIS=34143, RATIS_ADMIN=34143, RATIS_SERVER=34143, STANDALONE=34963], networkLocation: /default-rack, certSerialId: null, persistedOpState: IN_SERVICE, persistedOpStateExpiryEpochSec: 0}, ReplicationConfig: RATIS/ONE, State:ALLOCATED, leaderId:, CreationTimestamp2022-10-22T01:06:06.724Z[Etc/UTC]].
2022-10-22 01:06:07,019 [IPC Server handler 1 on default port 45633] INFO  net.NetworkTopologyImpl (NetworkTopologyImpl.java:add(112)) - Added a new node: /default-rack/63ee6728-2597-4353-a315-509fdfe6db5e
2022-10-22 01:06:07,019 [IPC Server handler 1 on default port 45633] INFO  node.SCMNodeManager (SCMNodeManager.java:register(397)) - Registered Data node : 63ee6728-2597-4353-a315-509fdfe6db5e{ip: 10.1.0.62, host: fv-az334-928.zg0gw54pbdoexfhqlmz30d51na.gx.internal.cloudapp.net, ports: [REPLICATION=42825, RATIS=42903, RATIS_ADMIN=42903, RATIS_SERVER=42903, STANDALONE=33359], networkLocation: /default-rack, certSerialId: null, persistedOpState: null, persistedOpStateExpiryEpochSec: 0}
2022-10-22 01:06:07,019 [EventQueue-NewNodeForNewNodeHandler] INFO  pipeline.BackgroundPipelineCreator (BackgroundPipelineCreator.java:notifyEventTriggered(276)) - trigger a one-shot run on RatisPipelineUtilsThread.
2022-10-22 01:06:07,020 [RatisPipelineUtilsThread - 0] INFO  pipeline.RatisPipelineProvider (RatisPipelineProvider.java:lambda$create$0(195)) - Sending CreatePipelineCommand for pipeline:PipelineID=8ac406f0-57f5-4e51-a238-060300a70c6b to datanode:63ee6728-2597-4353-a315-509fdfe6db5e
2022-10-22 01:06:07,020 [RatisPipelineUtilsThread - 0] INFO  pipeline.PipelineStateManagerImpl (PipelineStateManagerImpl.java:addPipeline(103)) - Created pipeline Pipeline[ Id: 8ac406f0-57f5-4e51-a238-060300a70c6b, Nodes: 63ee6728-2597-4353-a315-509fdfe6db5e{ip: 10.1.0.62, host: fv-az334-928.zg0gw54pbdoexfhqlmz30d51na.gx.internal.cloudapp.net, ports: [REPLICATION=42825, RATIS=42903, RATIS_ADMIN=42903, RATIS_SERVER=42903, STANDALONE=33359], networkLocation: /default-rack, certSerialId: null, persistedOpState: IN_SERVICE, persistedOpStateExpiryEpochSec: 0}, ReplicationConfig: RATIS/ONE, State:ALLOCATED, leaderId:, CreationTimestamp2022-10-22T01:06:07.020Z[Etc/UTC]].
2022-10-22 01:06:07,021 [RatisPipelineUtilsThread - 0] INFO  pipeline.RatisPipelineProvider (RatisPipelineProvider.java:lambda$create$0(195)) - Sending CreatePipelineCommand for pipeline:PipelineID=feee9a74-9677-4a42-930b-9278b7b813b0 to datanode:e349f11f-4d2d-4584-922f-e3c208c9e657
2022-10-22 01:06:07,021 [RatisPipelineUtilsThread - 0] INFO  pipeline.RatisPipelineProvider (RatisPipelineProvider.java:lambda$create$0(195)) - Sending CreatePipelineCommand for pipeline:PipelineID=feee9a74-9677-4a42-930b-9278b7b813b0 to datanode:6e54690b-befe-42c2-a4b7-a861f73b2b3f
2022-10-22 01:06:07,021 [RatisPipelineUtilsThread - 0] INFO  pipeline.RatisPipelineProvider (RatisPipelineProvider.java:lambda$create$0(195)) - Sending CreatePipelineCommand for pipeline:PipelineID=feee9a74-9677-4a42-930b-9278b7b813b0 to datanode:63ee6728-2597-4353-a315-509fdfe6db5e
2022-10-22 01:06:07,022 [RatisPipelineUtilsThread - 0] INFO  pipeline.PipelineStateManagerImpl (PipelineStateManagerImpl.java:addPipeline(103)) - Created pipeline Pipeline[ Id: feee9a74-9677-4a42-930b-9278b7b813b0, Nodes: e349f11f-4d2d-4584-922f-e3c208c9e657{ip: 10.1.0.62, host: fv-az334-928.zg0gw54pbdoexfhqlmz30d51na.gx.internal.cloudapp.net, ports: [REPLICATION=32941, RATIS=34143, RATIS_ADMIN=34143, RATIS_SERVER=34143, STANDALONE=34963], networkLocation: /default-rack, certSerialId: null, persistedOpState: IN_SERVICE, persistedOpStateExpiryEpochSec: 0}6e54690b-befe-42c2-a4b7-a861f73b2b3f{ip: 10.1.0.62, host: fv-az334-928.zg0gw54pbdoexfhqlmz30d51na.gx.internal.cloudapp.net, ports: [REPLICATION=38893, RATIS=35347, RATIS_ADMIN=35347, RATIS_SERVER=35347, STANDALONE=41475], networkLocation: /default-rack, certSerialId: null, persistedOpState: IN_SERVICE, persistedOpStateExpiryEpochSec: 0}63ee6728-2597-4353-a315-509fdfe6db5e{ip: 10.1.0.62, host: fv-az334-928.zg0gw54pbdoexfhqlmz30d51na.gx.internal.cloudapp.net, ports: [REPLICATION=42825, RATIS=42903, RATIS_ADMIN=42903, RATIS_SERVER=42903, STANDALONE=33359], networkLocation: /default-rack, certSerialId: null, persistedOpState: IN_SERVICE, persistedOpStateExpiryEpochSec: 0}, ReplicationConfig: RATIS/THREE, State:ALLOCATED, leaderId:, CreationTimestamp2022-10-22T01:06:07.021Z[Etc/UTC]].
2022-10-22 01:06:07,023 [RatisPipelineUtilsThread - 0] INFO  pipeline.RatisPipelineProvider (RatisPipelineProvider.java:lambda$create$0(195)) - Sending CreatePipelineCommand for pipeline:PipelineID=37aa45de-48ff-4b09-999e-d99577696e18 to datanode:63ee6728-2597-4353-a315-509fdfe6db5e
2022-10-22 01:06:07,023 [RatisPipelineUtilsThread - 0] INFO  pipeline.RatisPipelineProvider (RatisPipelineProvider.java:lambda$create$0(195)) - Sending CreatePipelineCommand for pipeline:PipelineID=37aa45de-48ff-4b09-999e-d99577696e18 to datanode:6e54690b-befe-42c2-a4b7-a861f73b2b3f
2022-10-22 01:06:07,023 [RatisPipelineUtilsThread - 0] INFO  pipeline.RatisPipelineProvider (RatisPipelineProvider.java:lambda$create$0(195)) - Sending CreatePipelineCommand for pipeline:PipelineID=37aa45de-48ff-4b09-999e-d99577696e18 to datanode:e349f11f-4d2d-4584-922f-e3c208c9e657
2022-10-22 01:06:07,023 [RatisPipelineUtilsThread - 0] INFO  pipeline.PipelineStateManagerImpl (PipelineStateManagerImpl.java:addPipeline(103)) - Created pipeline Pipeline[ Id: 37aa45de-48ff-4b09-999e-d99577696e18, Nodes: 63ee6728-2597-4353-a315-509fdfe6db5e{ip: 10.1.0.62, host: fv-az334-928.zg0gw54pbdoexfhqlmz30d51na.gx.internal.cloudapp.net, ports: [REPLICATION=42825, RATIS=42903, RATIS_ADMIN=42903, RATIS_SERVER=42903, STANDALONE=33359], networkLocation: /default-rack, certSerialId: null, persistedOpState: IN_SERVICE, persistedOpStateExpiryEpochSec: 0}6e54690b-befe-42c2-a4b7-a861f73b2b3f{ip: 10.1.0.62, host: fv-az334-928.zg0gw54pbdoexfhqlmz30d51na.gx.internal.cloudapp.net, ports: [REPLICATION=38893, RATIS=35347, RATIS_ADMIN=35347, RATIS_SERVER=35347, STANDALONE=41475], networkLocation: /default-rack, certSerialId: null, persistedOpState: IN_SERVICE, persistedOpStateExpiryEpochSec: 0}e349f11f-4d2d-4584-922f-e3c208c9e657{ip: 10.1.0.62, host: fv-az334-928.zg0gw54pbdoexfhqlmz30d51na.gx.internal.cloudapp.net, ports: [REPLICATION=32941, RATIS=34143, RATIS_ADMIN=34143, RATIS_SERVER=34143, STANDALONE=34963], networkLocation: /default-rack, certSerialId: null, persistedOpState: IN_SERVICE, persistedOpStateExpiryEpochSec: 0}, ReplicationConfig: RATIS/THREE, State:ALLOCATED, leaderId:, CreationTimestamp2022-10-22T01:06:07.023Z[Etc/UTC]].
2022-10-22 01:06:07,024 [RatisPipelineUtilsThread - 0] INFO  pipeline.PipelineManagerImpl (PipelineManagerImpl.java:recordMetricsForPipeline(826)) - Pipeline: PipelineID=37aa45de-48ff-4b09-999e-d99577696e18 contains same datanodes as previous pipelines: PipelineID=feee9a74-9677-4a42-930b-9278b7b813b0 nodeIds: 63ee6728-2597-4353-a315-509fdfe6db5e, 6e54690b-befe-42c2-a4b7-a861f73b2b3f, e349f11f-4d2d-4584-922f-e3c208c9e657
2022-10-22 01:06:07,325 [Listener at 127.0.0.1/34145] INFO  ozone.MiniOzoneClusterImpl (MiniOzoneClusterImpl.java:lambda$waitForClusterToBeReady$0(216)) - Waiting for nodes to be ready. Got 6 of 10 DN Heartbeats.
2022-10-22 01:06:07,326 [Listener at 127.0.0.1/34145] INFO  ozone.MiniOzoneClusterImpl (MiniOzoneClusterImpl.java:lambda$waitForClusterToBeReady$0(219)) - Waiting for cluster to exit safe mode
2022-10-22 01:06:07,326 [Listener at 127.0.0.1/34145] INFO  ozone.MiniOzoneClusterImpl (MiniOzoneClusterImpl.java:lambda$waitForClusterToBeReady$0(221)) - SCM became leader
2022-10-22 01:06:07,355 [IPC Server handler 3 on default port 45633] INFO  net.NetworkTopologyImpl (NetworkTopologyImpl.java:add(112)) - Added a new node: /default-rack/7c8777a1-edfb-4633-85a4-b901f2ed1d17
2022-10-22 01:06:07,355 [IPC Server handler 3 on default port 45633] INFO  node.SCMNodeManager (SCMNodeManager.java:register(397)) - Registered Data node : 7c8777a1-edfb-4633-85a4-b901f2ed1d17{ip: 10.1.0.62, host: fv-az334-928.zg0gw54pbdoexfhqlmz30d51na.gx.internal.cloudapp.net, ports: [REPLICATION=43851, RATIS=42991, RATIS_ADMIN=42991, RATIS_SERVER=42991, STANDALONE=34039], networkLocation: /default-rack, certSerialId: null, persistedOpState: null, persistedOpStateExpiryEpochSec: 0}
2022-10-22 01:06:07,356 [EventQueue-NewNodeForNewNodeHandler] INFO  pipeline.BackgroundPipelineCreator (BackgroundPipelineCreator.java:notifyEventTriggered(276)) - trigger a one-shot run on RatisPipelineUtilsThread.
2022-10-22 01:06:07,356 [RatisPipelineUtilsThread - 0] INFO  pipeline.RatisPipelineProvider (RatisPipelineProvider.java:lambda$create$0(195)) - Sending CreatePipelineCommand for pipeline:PipelineID=9f425770-0212-44fa-ac03-5f9c72bd7f3f to datanode:7c8777a1-edfb-4633-85a4-b901f2ed1d17
2022-10-22 01:06:07,357 [RatisPipelineUtilsThread - 0] INFO  pipeline.PipelineStateManagerImpl (PipelineStateManagerImpl.java:addPipeline(103)) - Created pipeline Pipeline[ Id: 9f425770-0212-44fa-ac03-5f9c72bd7f3f, Nodes: 7c8777a1-edfb-4633-85a4-b901f2ed1d17{ip: 10.1.0.62, host: fv-az334-928.zg0gw54pbdoexfhqlmz30d51na.gx.internal.cloudapp.net, ports: [REPLICATION=43851, RATIS=42991, RATIS_ADMIN=42991, RATIS_SERVER=42991, STANDALONE=34039], networkLocation: /default-rack, certSerialId: null, persistedOpState: IN_SERVICE, persistedOpStateExpiryEpochSec: 0}, ReplicationConfig: RATIS/ONE, State:ALLOCATED, leaderId:, CreationTimestamp2022-10-22T01:06:07.356Z[Etc/UTC]].
2022-10-22 01:06:07,669 [IPC Server handler 4 on default port 45633] INFO  net.NetworkTopologyImpl (NetworkTopologyImpl.java:add(112)) - Added a new node: /default-rack/075aeae4-9dac-4c28-be7c-8f8b2eb5b04f
2022-10-22 01:06:07,669 [IPC Server handler 4 on default port 45633] INFO  node.SCMNodeManager (SCMNodeManager.java:register(397)) - Registered Data node : 075aeae4-9dac-4c28-be7c-8f8b2eb5b04f{ip: 10.1.0.62, host: fv-az334-928.zg0gw54pbdoexfhqlmz30d51na.gx.internal.cloudapp.net, ports: [REPLICATION=42861, RATIS=36955, RATIS_ADMIN=36955, RATIS_SERVER=36955, STANDALONE=37983], networkLocation: /default-rack, certSerialId: null, persistedOpState: null, persistedOpStateExpiryEpochSec: 0}
2022-10-22 01:06:07,669 [EventQueue-NewNodeForNewNodeHandler] INFO  pipeline.BackgroundPipelineCreator (BackgroundPipelineCreator.java:notifyEventTriggered(276)) - trigger a one-shot run on RatisPipelineUtilsThread.
2022-10-22 01:06:07,670 [RatisPipelineUtilsThread - 0] INFO  pipeline.RatisPipelineProvider (RatisPipelineProvider.java:lambda$create$0(195)) - Sending CreatePipelineCommand for pipeline:PipelineID=bec17ebf-ab8d-4886-9597-0db650e5d1bf to datanode:075aeae4-9dac-4c28-be7c-8f8b2eb5b04f
2022-10-22 01:06:07,670 [RatisPipelineUtilsThread - 0] INFO  pipeline.PipelineStateManagerImpl (PipelineStateManagerImpl.java:addPipeline(103)) - Created pipeline Pipeline[ Id: bec17ebf-ab8d-4886-9597-0db650e5d1bf, Nodes: 075aeae4-9dac-4c28-be7c-8f8b2eb5b04f{ip: 10.1.0.62, host: fv-az334-928.zg0gw54pbdoexfhqlmz30d51na.gx.internal.cloudapp.net, ports: [REPLICATION=42861, RATIS=36955, RATIS_ADMIN=36955, RATIS_SERVER=36955, STANDALONE=37983], networkLocation: /default-rack, certSerialId: null, persistedOpState: IN_SERVICE, persistedOpStateExpiryEpochSec: 0}, ReplicationConfig: RATIS/ONE, State:ALLOCATED, leaderId:, CreationTimestamp2022-10-22T01:06:07.670Z[Etc/UTC]].
2022-10-22 01:06:07,995 [IPC Server handler 1 on default port 45633] INFO  net.NetworkTopologyImpl (NetworkTopologyImpl.java:add(112)) - Added a new node: /default-rack/9befe131-ee01-45a3-b6b9-b3ceb7636d7b
2022-10-22 01:06:07,995 [IPC Server handler 1 on default port 45633] INFO  node.SCMNodeManager (SCMNodeManager.java:register(397)) - Registered Data node : 9befe131-ee01-45a3-b6b9-b3ceb7636d7b{ip: 10.1.0.62, host: fv-az334-928.zg0gw54pbdoexfhqlmz30d51na.gx.internal.cloudapp.net, ports: [REPLICATION=35173, RATIS=36783, RATIS_ADMIN=36783, RATIS_SERVER=36783, STANDALONE=45701], networkLocation: /default-rack, certSerialId: null, persistedOpState: null, persistedOpStateExpiryEpochSec: 0}
2022-10-22 01:06:07,996 [EventQueue-NewNodeForNewNodeHandler] INFO  pipeline.BackgroundPipelineCreator (BackgroundPipelineCreator.java:notifyEventTriggered(276)) - trigger a one-shot run on RatisPipelineUtilsThread.
2022-10-22 01:06:07,997 [RatisPipelineUtilsThread - 0] INFO  pipeline.RatisPipelineProvider (RatisPipelineProvider.java:lambda$create$0(195)) - Sending CreatePipelineCommand for pipeline:PipelineID=f12cc427-415b-4152-baf9-541efbbe7205 to datanode:9befe131-ee01-45a3-b6b9-b3ceb7636d7b
2022-10-22 01:06:07,997 [RatisPipelineUtilsThread - 0] INFO  pipeline.PipelineStateManagerImpl (PipelineStateManagerImpl.java:addPipeline(103)) - Created pipeline Pipeline[ Id: f12cc427-415b-4152-baf9-541efbbe7205, Nodes: 9befe131-ee01-45a3-b6b9-b3ceb7636d7b{ip: 10.1.0.62, host: fv-az334-928.zg0gw54pbdoexfhqlmz30d51na.gx.internal.cloudapp.net, ports: [REPLICATION=35173, RATIS=36783, RATIS_ADMIN=36783, RATIS_SERVER=36783, STANDALONE=45701], networkLocation: /default-rack, certSerialId: null, persistedOpState: IN_SERVICE, persistedOpStateExpiryEpochSec: 0}, ReplicationConfig: RATIS/ONE, State:ALLOCATED, leaderId:, CreationTimestamp2022-10-22T01:06:07.997Z[Etc/UTC]].
2022-10-22 01:06:07,998 [RatisPipelineUtilsThread - 0] INFO  pipeline.RatisPipelineProvider (RatisPipelineProvider.java:lambda$create$0(195)) - Sending CreatePipelineCommand for pipeline:PipelineID=68b86139-436e-42e7-a67e-5dbd8395d328 to datanode:9befe131-ee01-45a3-b6b9-b3ceb7636d7b
2022-10-22 01:06:07,998 [RatisPipelineUtilsThread - 0] INFO  pipeline.RatisPipelineProvider (RatisPipelineProvider.java:lambda$create$0(195)) - Sending CreatePipelineCommand for pipeline:PipelineID=68b86139-436e-42e7-a67e-5dbd8395d328 to datanode:7c8777a1-edfb-4633-85a4-b901f2ed1d17
2022-10-22 01:06:07,998 [RatisPipelineUtilsThread - 0] INFO  pipeline.RatisPipelineProvider (RatisPipelineProvider.java:lambda$create$0(195)) - Sending CreatePipelineCommand for pipeline:PipelineID=68b86139-436e-42e7-a67e-5dbd8395d328 to datanode:075aeae4-9dac-4c28-be7c-8f8b2eb5b04f
2022-10-22 01:06:07,999 [RatisPipelineUtilsThread - 0] INFO  pipeline.PipelineStateManagerImpl (PipelineStateManagerImpl.java:addPipeline(103)) - Created pipeline Pipeline[ Id: 68b86139-436e-42e7-a67e-5dbd8395d328, Nodes: 9befe131-ee01-45a3-b6b9-b3ceb7636d7b{ip: 10.1.0.62, host: fv-az334-928.zg0gw54pbdoexfhqlmz30d51na.gx.internal.cloudapp.net, ports: [REPLICATION=35173, RATIS=36783, RATIS_ADMIN=36783, RATIS_SERVER=36783, STANDALONE=45701], networkLocation: /default-rack, certSerialId: null, persistedOpState: IN_SERVICE, persistedOpStateExpiryEpochSec: 0}7c8777a1-edfb-4633-85a4-b901f2ed1d17{ip: 10.1.0.62, host: fv-az334-928.zg0gw54pbdoexfhqlmz30d51na.gx.internal.cloudapp.net, ports: [REPLICATION=43851, RATIS=42991, RATIS_ADMIN=42991, RATIS_SERVER=42991, STANDALONE=34039], networkLocation: /default-rack, certSerialId: null, persistedOpState: IN_SERVICE, persistedOpStateExpiryEpochSec: 0}075aeae4-9dac-4c28-be7c-8f8b2eb5b04f{ip: 10.1.0.62, host: fv-az334-928.zg0gw54pbdoexfhqlmz30d51na.gx.internal.cloudapp.net, ports: [REPLICATION=42861, RATIS=36955, RATIS_ADMIN=36955, RATIS_SERVER=36955, STANDALONE=37983], networkLocation: /default-rack, certSerialId: null, persistedOpState: IN_SERVICE, persistedOpStateExpiryEpochSec: 0}, ReplicationConfig: RATIS/THREE, State:ALLOCATED, leaderId:, CreationTimestamp2022-10-22T01:06:07.998Z[Etc/UTC]].
2022-10-22 01:06:08,001 [RatisPipelineUtilsThread - 0] INFO  pipeline.RatisPipelineProvider (RatisPipelineProvider.java:lambda$create$0(195)) - Sending CreatePipelineCommand for pipeline:PipelineID=a8225ffc-c567-4592-8e17-af50f2d84cc3 to datanode:075aeae4-9dac-4c28-be7c-8f8b2eb5b04f
2022-10-22 01:06:08,001 [RatisPipelineUtilsThread - 0] INFO  pipeline.RatisPipelineProvider (RatisPipelineProvider.java:lambda$create$0(195)) - Sending CreatePipelineCommand for pipeline:PipelineID=a8225ffc-c567-4592-8e17-af50f2d84cc3 to datanode:9befe131-ee01-45a3-b6b9-b3ceb7636d7b
2022-10-22 01:06:08,001 [RatisPipelineUtilsThread - 0] INFO  pipeline.RatisPipelineProvider (RatisPipelineProvider.java:lambda$create$0(195)) - Sending CreatePipelineCommand for pipeline:PipelineID=a8225ffc-c567-4592-8e17-af50f2d84cc3 to datanode:7c8777a1-edfb-4633-85a4-b901f2ed1d17
2022-10-22 01:06:08,002 [RatisPipelineUtilsThread - 0] INFO  pipeline.PipelineStateManagerImpl (PipelineStateManagerImpl.java:addPipeline(103)) - Created pipeline Pipeline[ Id: a8225ffc-c567-4592-8e17-af50f2d84cc3, Nodes: 075aeae4-9dac-4c28-be7c-8f8b2eb5b04f{ip: 10.1.0.62, host: fv-az334-928.zg0gw54pbdoexfhqlmz30d51na.gx.internal.cloudapp.net, ports: [REPLICATION=42861, RATIS=36955, RATIS_ADMIN=36955, RATIS_SERVER=36955, STANDALONE=37983], networkLocation: /default-rack, certSerialId: null, persistedOpState: IN_SERVICE, persistedOpStateExpiryEpochSec: 0}9befe131-ee01-45a3-b6b9-b3ceb7636d7b{ip: 10.1.0.62, host: fv-az334-928.zg0gw54pbdoexfhqlmz30d51na.gx.internal.cloudapp.net, ports: [REPLICATION=35173, RATIS=36783, RATIS_ADMIN=36783, RATIS_SERVER=36783, STANDALONE=45701], networkLocation: /default-rack, certSerialId: null, persistedOpState: IN_SERVICE, persistedOpStateExpiryEpochSec: 0}7c8777a1-edfb-4633-85a4-b901f2ed1d17{ip: 10.1.0.62, host: fv-az334-928.zg0gw54pbdoexfhqlmz30d51na.gx.internal.cloudapp.net, ports: [REPLICATION=43851, RATIS=42991, RATIS_ADMIN=42991, RATIS_SERVER=42991, STANDALONE=34039], networkLocation: /default-rack, certSerialId: null, persistedOpState: IN_SERVICE, persistedOpStateExpiryEpochSec: 0}, ReplicationConfig: RATIS/THREE, State:ALLOCATED, leaderId:, CreationTimestamp2022-10-22T01:06:08.001Z[Etc/UTC]].
2022-10-22 01:06:08,002 [RatisPipelineUtilsThread - 0] INFO  pipeline.PipelineManagerImpl (PipelineManagerImpl.java:recordMetricsForPipeline(826)) - Pipeline: PipelineID=a8225ffc-c567-4592-8e17-af50f2d84cc3 contains same datanodes as previous pipelines: PipelineID=68b86139-436e-42e7-a67e-5dbd8395d328 nodeIds: 075aeae4-9dac-4c28-be7c-8f8b2eb5b04f, 9befe131-ee01-45a3-b6b9-b3ceb7636d7b, 7c8777a1-edfb-4633-85a4-b901f2ed1d17
2022-10-22 01:06:08,295 [Command processor thread] INFO  server.RaftServer (RaftServerProxy.java:addNew(96)) - d1d68c68-fcd1-40a2-8bd4-08293fe543e0: addNew group-171754D57B70:[d1d68c68-fcd1-40a2-8bd4-08293fe543e0|rpc:10.1.0.62:34369|priority:1|startupRole:FOLLOWER] returns group-171754D57B70:java.util.concurrent.CompletableFuture@38572a3d[Not completed]
2022-10-22 01:06:08,309 [pool-72-thread-1] INFO  server.RaftServer$Division (RaftServerImpl.java:<init>(195)) - d1d68c68-fcd1-40a2-8bd4-08293fe543e0: new RaftServerImpl for group-171754D57B70:[d1d68c68-fcd1-40a2-8bd4-08293fe543e0|rpc:10.1.0.62:34369|priority:1|startupRole:FOLLOWER] with ContainerStateMachine:uninitialized
2022-10-22 01:06:08,309 [pool-72-thread-1] INFO  server.RaftServerConfigKeys (ConfUtils.java:logGet(46)) - raft.server.rpc.timeout.min = 5s (custom)
2022-10-22 01:06:08,309 [pool-72-thread-1] INFO  server.RaftServerConfigKeys (ConfUtils.java:logGet(46)) - raft.server.rpc.timeout.max = 5200ms (custom)
2022-10-22 01:06:08,309 [pool-72-thread-1] INFO  server.RaftServerConfigKeys (ConfUtils.java:logGet(46)) - raft.server.rpc.sleep.time = 25ms (default)
2022-10-22 01:06:08,310 [pool-72-thread-1] INFO  server.RaftServerConfigKeys (ConfUtils.java:logGet(46)) - raft.server.rpc.slowness.timeout = 300s (custom)
2022-10-22 01:06:08,310 [pool-72-thread-1] INFO  server.RaftServerConfigKeys (ConfUtils.java:logGet(46)) - raft.server.leaderelection.leader.step-down.wait-time = 10s (default)
2022-10-22 01:06:08,310 [pool-72-thread-1] INFO  server.RaftServerConfigKeys (ConfUtils.java:logGet(46)) - raft.server.sleep.deviation.threshold = 300ms (default)
2022-10-22 01:06:08,310 [pool-72-thread-1] INFO  server.RaftServer$Division (ServerState.java:<init>(118)) - d1d68c68-fcd1-40a2-8bd4-08293fe543e0@group-171754D57B70: ConfigurationManager, init=-1: peers:[d1d68c68-fcd1-40a2-8bd4-08293fe543e0|rpc:10.1.0.62:34369|priority:1|startupRole:FOLLOWER]|listeners:[], old=null, confs=<EMPTY_MAP>
2022-10-22 01:06:08,310 [pool-72-thread-1] INFO  server.RaftServerConfigKeys (ConfUtils.java:logGet(46)) - raft.server.storage.dir = [/home/runner/work/ozone/ozone/hadoop-ozone/integration-test/target/test-dir/MiniOzoneClusterImpl-a988f88d-4efe-430b-bf3c-a1e83706c790/datanode-0/data/ratis] (custom)
2022-10-22 01:06:08,310 [pool-72-thread-1] INFO  server.RaftServerConfigKeys (ConfUtils.java:logGet(46)) - raft.server.log.corruption.policy = EXCEPTION (default)
2022-10-22 01:06:08,310 [pool-72-thread-1] INFO  server.RaftServerConfigKeys (ConfUtils.java:logGet(46)) - raft.server.storage.free-space.min = 0MB (=0) (default)
2022-10-22 01:06:08,310 [pool-72-thread-1] INFO  server.RaftServerConfigKeys (ConfUtils.java:logGet(46)) - raft.server.notification.no-leader.timeout = 300s (custom)
2022-10-22 01:06:08,310 [pool-72-thread-1] INFO  server.RaftServerConfigKeys (ConfUtils.java:logGet(46)) - raft.server.retrycache.expirytime = 600000ms (custom)
2022-10-22 01:06:08,310 [pool-72-thread-1] INFO  server.RaftServerConfigKeys (ConfUtils.java:logGet(46)) - raft.server.retrycache.statistics.expirytime = 100μs (default)
2022-10-22 01:06:08,319 [pool-72-thread-1] INFO  server.RaftServerConfigKeys (ConfUtils.java:logGet(46)) - raft.server.log.appender.install.snapshot.enabled = false (custom)
2022-10-22 01:06:08,319 [pool-72-thread-1] INFO  server.RaftServerConfigKeys (ConfUtils.java:logGet(46)) - raft.server.threadpool.server.cached = true (default)
2022-10-22 01:06:08,320 [pool-72-thread-1] INFO  server.RaftServerConfigKeys (ConfUtils.java:logGet(46)) - raft.server.threadpool.server.size = 0 (default)
2022-10-22 01:06:08,320 [pool-72-thread-1] INFO  server.RaftServerConfigKeys (ConfUtils.java:logGet(46)) - raft.server.threadpool.client.cached = true (default)
2022-10-22 01:06:08,320 [pool-72-thread-1] INFO  server.RaftServerConfigKeys (ConfUtils.java:logGet(46)) - raft.server.threadpool.client.size = 0 (default)
2022-10-22 01:06:08,320 [pool-72-thread-1] INFO  storage.RaftStorageDirectory (RaftStorageDirectoryImpl.java:analyzeStorage(137)) - The storage directory /home/runner/work/ozone/ozone/hadoop-ozone/integration-test/target/test-dir/MiniOzoneClusterImpl-a988f88d-4efe-430b-bf3c-a1e83706c790/datanode-0/data/ratis/a4228449-f6cb-40b7-93cb-171754d57b70 does not exist. Creating ...
2022-10-22 01:06:08,322 [pool-72-thread-1] INFO  storage.RaftStorageDirectory (RaftStorageDirectoryImpl.java:tryLock(231)) - Lock on /home/runner/work/ozone/ozone/hadoop-ozone/integration-test/target/test-dir/MiniOzoneClusterImpl-a988f88d-4efe-430b-bf3c-a1e83706c790/datanode-0/data/ratis/a4228449-f6cb-40b7-93cb-171754d57b70/in_use.lock acquired by nodename 13814@fv-az334-928
2022-10-22 01:06:08,323 [pool-72-thread-1] INFO  storage.RaftStorage (RaftStorageImpl.java:format(96)) - Storage directory /home/runner/work/ozone/ozone/hadoop-ozone/integration-test/target/test-dir/MiniOzoneClusterImpl-a988f88d-4efe-430b-bf3c-a1e83706c790/datanode-0/data/ratis/a4228449-f6cb-40b7-93cb-171754d57b70 has been successfully formatted.
2022-10-22 01:06:08,326 [Listener at 127.0.0.1/34145] INFO  ozone.MiniOzoneClusterImpl (MiniOzoneClusterImpl.java:lambda$waitForClusterToBeReady$0(216)) - Waiting for nodes to be ready. Got 9 of 10 DN Heartbeats.
2022-10-22 01:06:08,326 [Listener at 127.0.0.1/34145] INFO  ozone.MiniOzoneClusterImpl (MiniOzoneClusterImpl.java:lambda$waitForClusterToBeReady$0(219)) - Waiting for cluster to exit safe mode
2022-10-22 01:06:08,326 [Listener at 127.0.0.1/34145] INFO  ozone.MiniOzoneClusterImpl (MiniOzoneClusterImpl.java:lambda$waitForClusterToBeReady$0(221)) - SCM became leader
2022-10-22 01:06:08,328 [pool-72-thread-1] INFO  ratis.ContainerStateMachine (ContainerStateMachine.java:loadSnapshot(236)) - group-171754D57B70: The snapshot info is null. Setting the last applied indexto:(t:0, i:~)
2022-10-22 01:06:08,329 [EventQueue-PipelineReportForPipelineReportHandler] INFO  pipeline.PipelineManagerImpl (PipelineManagerImpl.java:openPipeline(367)) - Pipeline Pipeline[ Id: a4228449-f6cb-40b7-93cb-171754d57b70, Nodes: d1d68c68-fcd1-40a2-8bd4-08293fe543e0{ip: 10.1.0.62, host: fv-az334-928.zg0gw54pbdoexfhqlmz30d51na.gx.internal.cloudapp.net, ports: [REPLICATION=45669, RATIS=34369, RATIS_ADMIN=34369, RATIS_SERVER=34369, STANDALONE=44553], networkLocation: /default-rack, certSerialId: null, persistedOpState: IN_SERVICE, persistedOpStateExpiryEpochSec: 0}, ReplicationConfig: RATIS/ONE, State:ALLOCATED, leaderId:d1d68c68-fcd1-40a2-8bd4-08293fe543e0, CreationTimestamp2022-10-22T01:06:05.332Z[Etc/UTC]] moved to OPEN state
2022-10-22 01:06:08,329 [pool-72-thread-1] INFO  server.RaftServerConfigKeys (ConfUtils.java:logGet(46)) - raft.server.log.use.memory = false (default)
2022-10-22 01:06:08,330 [pool-72-thread-1] INFO  server.RaftServerConfigKeys (ConfUtils.java:logGet(46)) - raft.server.log.purge.gap = 1000000 (custom)
2022-10-22 01:06:08,330 [pool-72-thread-1] INFO  server.RaftServerConfigKeys (ConfUtils.java:logGet(46)) - raft.server.log.appender.buffer.byte-limit = 33554432 (custom)
2022-10-22 01:06:08,330 [pool-72-thread-1] INFO  server.RaftServerConfigKeys (ConfUtils.java:logGet(46)) - raft.server.log.statemachine.data.read.timeout = 1000ms (default)
2022-10-22 01:06:08,330 [pool-72-thread-1] INFO  server.RaftServerConfigKeys (ConfUtils.java:logGet(46)) - raft.server.log.purge.preservation.log.num = 0 (default)
2022-10-22 01:06:08,330 [pool-72-thread-1] INFO  server.RaftServerConfigKeys (ConfUtils.java:logGet(46)) - raft.server.log.segment.size.max = 1048576 (custom)
2022-10-22 01:06:08,344 [pool-72-thread-1] INFO  server.RaftServerConfigKeys (ConfUtils.java:logGet(46)) - raft.server.log.segment.cache.num.max = 2 (custom)
2022-10-22 01:06:08,344 [pool-72-thread-1] INFO  server.RaftServerConfigKeys (ConfUtils.java:logGet(46)) - raft.server.log.segment.cache.size.max = 200MB (=209715200) (default)
2022-10-22 01:06:08,344 [pool-72-thread-1] INFO  segmented.SegmentedRaftLogWorker (SegmentedRaftLogWorker.java:<init>(191)) - new d1d68c68-fcd1-40a2-8bd4-08293fe543e0@group-171754D57B70-SegmentedRaftLogWorker for RaftStorageImpl:Storage Directory /home/runner/work/ozone/ozone/hadoop-ozone/integration-test/target/test-dir/MiniOzoneClusterImpl-a988f88d-4efe-430b-bf3c-a1e83706c790/datanode-0/data/ratis/a4228449-f6cb-40b7-93cb-171754d57b70
2022-10-22 01:06:08,344 [pool-72-thread-1] INFO  server.RaftServerConfigKeys (ConfUtils.java:logGet(46)) - raft.server.log.queue.byte-limit = 4294967296 (custom)
2022-10-22 01:06:08,344 [pool-72-thread-1] INFO  server.RaftServerConfigKeys (ConfUtils.java:logGet(46)) - raft.server.log.queue.element-limit = 1024 (custom)
2022-10-22 01:06:08,344 [pool-72-thread-1] INFO  server.RaftServerConfigKeys (ConfUtils.java:logGet(46)) - raft.server.log.segment.size.max = 1048576 (custom)
2022-10-22 01:06:08,344 [pool-72-thread-1] INFO  server.RaftServerConfigKeys (ConfUtils.java:logGet(46)) - raft.server.log.preallocated.size = 16384 (custom)
2022-10-22 01:06:08,344 [pool-72-thread-1] INFO  server.RaftServerConfigKeys (ConfUtils.java:logGet(46)) - raft.server.log.force.sync.num = 128 (default)
2022-10-22 01:06:08,344 [pool-72-thread-1] INFO  server.RaftServerConfigKeys (ConfUtils.java:logGet(46)) - raft.server.log.statemachine.data.sync = true (default)
2022-10-22 01:06:08,344 [pool-72-thread-1] INFO  server.RaftServerConfigKeys (ConfUtils.java:logGet(46)) - raft.server.log.statemachine.data.sync.timeout = 10s (default)
2022-10-22 01:06:08,345 [pool-72-thread-1] INFO  server.RaftServerConfigKeys (ConfUtils.java:logGet(46)) - raft.server.log.statemachine.data.sync.timeout.retry = -1 (default)
2022-10-22 01:06:08,347 [pool-72-thread-1] INFO  server.RaftServerConfigKeys (ConfUtils.java:logGet(46)) - raft.server.log.write.buffer.size = 1048576 (custom)
2022-10-22 01:06:08,348 [pool-72-thread-1] INFO  server.RaftServerConfigKeys (ConfUtils.java:logGet(46)) - raft.server.log.unsafe-flush.enabled = false (default)
2022-10-22 01:06:08,348 [pool-72-thread-1] INFO  server.RaftServerConfigKeys (ConfUtils.java:logGet(46)) - raft.server.log.async-flush.enabled = false (default)
2022-10-22 01:06:08,348 [pool-72-thread-1] INFO  server.RaftServerConfigKeys (ConfUtils.java:logGet(46)) - raft.server.log.statemachine.data.caching.enabled = true (custom)
2022-10-22 01:06:08,348 [pool-72-thread-1] INFO  segmented.SegmentedRaftLogWorker (SegmentedRaftLogWorker.java:lambda$new$0(136)) - d1d68c68-fcd1-40a2-8bd4-08293fe543e0@group-171754D57B70-SegmentedRaftLogWorker: flushIndex: setUnconditionally 0 -> -1
2022-10-22 01:06:08,348 [pool-72-thread-1] INFO  segmented.SegmentedRaftLogWorker (SegmentedRaftLogWorker.java:lambda$new$0(136)) - d1d68c68-fcd1-40a2-8bd4-08293fe543e0@group-171754D57B70-SegmentedRaftLogWorker: safeCacheEvictIndex: setUnconditionally 0 -> -1
2022-10-22 01:06:08,348 [pool-72-thread-1] INFO  server.RaftServer$Division (RaftServerImpl.java:start(334)) - d1d68c68-fcd1-40a2-8bd4-08293fe543e0@group-171754D57B70: start as a follower, conf=-1: peers:[d1d68c68-fcd1-40a2-8bd4-08293fe543e0|rpc:10.1.0.62:34369|priority:1|startupRole:FOLLOWER]|listeners:[], old=null
2022-10-22 01:06:08,348 [pool-72-thread-1] INFO  server.RaftServer$Division (RaftServerImpl.java:setRole(321)) - d1d68c68-fcd1-40a2-8bd4-08293fe543e0@group-171754D57B70: changes role from      null to FOLLOWER at term 0 for startAsFollower
2022-10-22 01:06:08,348 [pool-72-thread-1] INFO  impl.RoleInfo (RoleInfo.java:updateAndGet(139)) - d1d68c68-fcd1-40a2-8bd4-08293fe543e0: start d1d68c68-fcd1-40a2-8bd4-08293fe543e0@group-171754D57B70-FollowerState
2022-10-22 01:06:08,349 [EventQueue-OpenPipelineForHealthyPipelineSafeModeRule] INFO  safemode.SCMSafeModeManager (HealthyPipelineSafeModeRule.java:process(137)) - SCM in safe mode. Healthy pipelines reported count is 0, required healthy pipeline reported count is 1
2022-10-22 01:06:08,358 [IPC Server handler 5 on default port 45633] INFO  net.NetworkTopologyImpl (NetworkTopologyImpl.java:add(112)) - Added a new node: /default-rack/eb081a82-3196-45ae-99e9-89c991687437
2022-10-22 01:06:08,348 [pool-72-thread-1] INFO  util.JmxRegister (JmxRegister.java:tryRegister(44)) - Successfully registered JMX Bean with object name Ratis:service=RaftServer,group=group-171754D57B70,id=d1d68c68-fcd1-40a2-8bd4-08293fe543e0
2022-10-22 01:06:08,358 [pool-72-thread-1] INFO  server.RaftServerConfigKeys (ConfUtils.java:logGet(46)) - raft.server.snapshot.auto.trigger.enabled = true (custom)
2022-10-22 01:06:08,358 [pool-72-thread-1] INFO  server.RaftServerConfigKeys (ConfUtils.java:logGet(46)) - raft.server.snapshot.auto.trigger.threshold = 10000 (custom)
2022-10-22 01:06:08,358 [pool-72-thread-1] INFO  server.RaftServerConfigKeys (ConfUtils.java:logGet(46)) - raft.server.snapshot.retention.file.num = 5 (custom)
2022-10-22 01:06:08,358 [pool-72-thread-1] INFO  server.RaftServerConfigKeys (ConfUtils.java:logGet(46)) - raft.server.log.purge.upto.snapshot.index = false (default)
2022-10-22 01:06:08,359 [d1d68c68-fcd1-40a2-8bd4-08293fe543e0@group-171754D57B70-FollowerState] INFO  server.RaftServerConfigKeys (ConfUtils.java:logFallback(53)) - raft.server.rpc.first-election.timeout.min = 5s (fallback to raft.server.rpc.timeout.min)
2022-10-22 01:06:08,359 [d1d68c68-fcd1-40a2-8bd4-08293fe543e0@group-171754D57B70-FollowerState] INFO  server.RaftServerConfigKeys (ConfUtils.java:logFallback(53)) - raft.server.rpc.first-election.timeout.max = 5200ms (fallback to raft.server.rpc.timeout.max)
2022-10-22 01:06:08,359 [IPC Server handler 5 on default port 45633] INFO  node.SCMNodeManager (SCMNodeManager.java:register(397)) - Registered Data node : eb081a82-3196-45ae-99e9-89c991687437{ip: 10.1.0.62, host: fv-az334-928.zg0gw54pbdoexfhqlmz30d51na.gx.internal.cloudapp.net, ports: [REPLICATION=40303, RATIS=45551, RATIS_ADMIN=45551, RATIS_SERVER=45551, STANDALONE=33705], networkLocation: /default-rack, certSerialId: null, persistedOpState: null, persistedOpStateExpiryEpochSec: 0}
2022-10-22 01:06:08,359 [EventQueue-NewNodeForNewNodeHandler] INFO  pipeline.BackgroundPipelineCreator (BackgroundPipelineCreator.java:notifyEventTriggered(276)) - trigger a one-shot run on RatisPipelineUtilsThread.
2022-10-22 01:06:08,359 [RatisPipelineUtilsThread - 0] INFO  pipeline.RatisPipelineProvider (RatisPipelineProvider.java:lambda$create$0(195)) - Sending CreatePipelineCommand for pipeline:PipelineID=cdcaaef4-c08e-41ab-8721-9b766a163de0 to datanode:eb081a82-3196-45ae-99e9-89c991687437
2022-10-22 01:06:08,360 [RatisPipelineUtilsThread - 0] INFO  pipeline.PipelineStateManagerImpl (PipelineStateManagerImpl.java:addPipeline(103)) - Created pipeline Pipeline[ Id: cdcaaef4-c08e-41ab-8721-9b766a163de0, Nodes: eb081a82-3196-45ae-99e9-89c991687437{ip: 10.1.0.62, host: fv-az334-928.zg0gw54pbdoexfhqlmz30d51na.gx.internal.cloudapp.net, ports: [REPLICATION=40303, RATIS=45551, RATIS_ADMIN=45551, RATIS_SERVER=45551, STANDALONE=33705], networkLocation: /default-rack, certSerialId: null, persistedOpState: IN_SERVICE, persistedOpStateExpiryEpochSec: 0}, ReplicationConfig: RATIS/ONE, State:ALLOCATED, leaderId:, CreationTimestamp2022-10-22T01:06:08.359Z[Etc/UTC]].
2022-10-22 01:06:08,369 [Command processor thread] INFO  ratis.XceiverServerRatis (XceiverServerRatis.java:addGroup(765)) - Created group PipelineID=a4228449-f6cb-40b7-93cb-171754d57b70
2022-10-22 01:06:08,369 [Command processor thread] INFO  commandhandler.CreatePipelineCommandHandler (CreatePipelineCommandHandler.java:handle(113)) - Created Pipeline RATIS ONE PipelineID=a4228449-f6cb-40b7-93cb-171754d57b70.
2022-10-22 01:06:08,370 [Command processor thread] INFO  server.RaftServer (RaftServerProxy.java:addNew(96)) - d1d68c68-fcd1-40a2-8bd4-08293fe543e0: addNew group-7CAC11E68DAD:[2e87c3a1-a023-462f-882b-ea1ca04c8a98|rpc:10.1.0.62:33759|priority:0|startupRole:FOLLOWER, 9705cc67-48fc-46f6-b325-a713191a975c|rpc:10.1.0.62:35497|priority:0|startupRole:FOLLOWER, d1d68c68-fcd1-40a2-8bd4-08293fe543e0|rpc:10.1.0.62:34369|priority:1|startupRole:FOLLOWER] returns group-7CAC11E68DAD:java.util.concurrent.CompletableFuture@974bca7[Not completed]
2022-10-22 01:06:08,371 [pool-72-thread-1] INFO  server.RaftServer$Division (RaftServerImpl.java:<init>(195)) - d1d68c68-fcd1-40a2-8bd4-08293fe543e0: new RaftServerImpl for group-7CAC11E68DAD:[2e87c3a1-a023-462f-882b-ea1ca04c8a98|rpc:10.1.0.62:33759|priority:0|startupRole:FOLLOWER, 9705cc67-48fc-46f6-b325-a713191a975c|rpc:10.1.0.62:35497|priority:0|startupRole:FOLLOWER, d1d68c68-fcd1-40a2-8bd4-08293fe543e0|rpc:10.1.0.62:34369|priority:1|startupRole:FOLLOWER] with ContainerStateMachine:uninitialized
2022-10-22 01:06:08,371 [pool-72-thread-1] INFO  server.RaftServerConfigKeys (ConfUtils.java:logGet(46)) - raft.server.rpc.timeout.min = 5s (custom)
2022-10-22 01:06:08,371 [pool-72-thread-1] INFO  server.RaftServerConfigKeys (ConfUtils.java:logGet(46)) - raft.server.rpc.timeout.max = 5200ms (custom)
2022-10-22 01:06:08,371 [pool-72-thread-1] INFO  server.RaftServerConfigKeys (ConfUtils.java:logGet(46)) - raft.server.rpc.sleep.time = 25ms (default)
2022-10-22 01:06:08,371 [pool-72-thread-1] INFO  server.RaftServerConfigKeys (ConfUtils.java:logGet(46)) - raft.server.rpc.slowness.timeout = 300s (custom)
2022-10-22 01:06:08,372 [pool-72-thread-1] INFO  server.RaftServerConfigKeys (ConfUtils.java:logGet(46)) - raft.server.leaderelection.leader.step-down.wait-time = 10s (default)
2022-10-22 01:06:08,372 [pool-72-thread-1] INFO  server.RaftServerConfigKeys (ConfUtils.java:logGet(46)) - raft.server.sleep.deviation.threshold = 300ms (default)
2022-10-22 01:06:08,372 [pool-72-thread-1] INFO  server.RaftServer$Division (ServerState.java:<init>(118)) - d1d68c68-fcd1-40a2-8bd4-08293fe543e0@group-7CAC11E68DAD: ConfigurationManager, init=-1: peers:[2e87c3a1-a023-462f-882b-ea1ca04c8a98|rpc:10.1.0.62:33759|priority:0|startupRole:FOLLOWER, 9705cc67-48fc-46f6-b325-a713191a975c|rpc:10.1.0.62:35497|priority:0|startupRole:FOLLOWER, d1d68c68-fcd1-40a2-8bd4-08293fe543e0|rpc:10.1.0.62:34369|priority:1|startupRole:FOLLOWER]|listeners:[], old=null, confs=<EMPTY_MAP>
2022-10-22 01:06:08,372 [pool-72-thread-1] INFO  server.RaftServerConfigKeys (ConfUtils.java:logGet(46)) - raft.server.storage.dir = [/home/runner/work/ozone/ozone/hadoop-ozone/integration-test/target/test-dir/MiniOzoneClusterImpl-a988f88d-4efe-430b-bf3c-a1e83706c790/datanode-0/data/ratis] (custom)
2022-10-22 01:06:08,372 [pool-72-thread-1] INFO  server.RaftServerConfigKeys (ConfUtils.java:logGet(46)) - raft.server.log.corruption.policy = EXCEPTION (default)
2022-10-22 01:06:08,372 [pool-72-thread-1] INFO  server.RaftServerConfigKeys (ConfUtils.java:logGet(46)) - raft.server.storage.free-space.min = 0MB (=0) (default)
2022-10-22 01:06:08,372 [pool-72-thread-1] INFO  server.RaftServerConfigKeys (ConfUtils.java:logGet(46)) - raft.server.notification.no-leader.timeout = 300s (custom)
2022-10-22 01:06:08,372 [pool-72-thread-1] INFO  server.RaftServerConfigKeys (ConfUtils.java:logGet(46)) - raft.server.retrycache.expirytime = 600000ms (custom)
2022-10-22 01:06:08,372 [pool-72-thread-1] INFO  server.RaftServerConfigKeys (ConfUtils.java:logGet(46)) - raft.server.retrycache.statistics.expirytime = 100μs (default)
2022-10-22 01:06:08,374 [pool-72-thread-1] INFO  server.RaftServerConfigKeys (ConfUtils.java:logGet(46)) - raft.server.log.appender.install.snapshot.enabled = false (custom)
2022-10-22 01:06:08,374 [pool-72-thread-1] INFO  server.RaftServerConfigKeys (ConfUtils.java:logGet(46)) - raft.server.threadpool.server.cached = true (default)
2022-10-22 01:06:08,375 [pool-72-thread-1] INFO  server.RaftServerConfigKeys (ConfUtils.java:logGet(46)) - raft.server.threadpool.server.size = 0 (default)
2022-10-22 01:06:08,375 [pool-72-thread-1] INFO  server.RaftServerConfigKeys (ConfUtils.java:logGet(46)) - raft.server.threadpool.client.cached = true (default)
2022-10-22 01:06:08,375 [pool-72-thread-1] INFO  server.RaftServerConfigKeys (ConfUtils.java:logGet(46)) - raft.server.threadpool.client.size = 0 (default)
2022-10-22 01:06:08,375 [pool-72-thread-1] INFO  storage.RaftStorageDirectory (RaftStorageDirectoryImpl.java:analyzeStorage(137)) - The storage directory /home/runner/work/ozone/ozone/hadoop-ozone/integration-test/target/test-dir/MiniOzoneClusterImpl-a988f88d-4efe-430b-bf3c-a1e83706c790/datanode-0/data/ratis/8a15013d-bb32-4cdf-804b-7cac11e68dad does not exist. Creating ...
2022-10-22 01:06:08,376 [pool-72-thread-1] INFO  storage.RaftStorageDirectory (RaftStorageDirectoryImpl.java:tryLock(231)) - Lock on /home/runner/work/ozone/ozone/hadoop-ozone/integration-test/target/test-dir/MiniOzoneClusterImpl-a988f88d-4efe-430b-bf3c-a1e83706c790/datanode-0/data/ratis/8a15013d-bb32-4cdf-804b-7cac11e68dad/in_use.lock acquired by nodename 13814@fv-az334-928
2022-10-22 01:06:08,376 [pool-72-thread-1] INFO  storage.RaftStorage (RaftStorageImpl.java:format(96)) - Storage directory /home/runner/work/ozone/ozone/hadoop-ozone/integration-test/target/test-dir/MiniOzoneClusterImpl-a988f88d-4efe-430b-bf3c-a1e83706c790/datanode-0/data/ratis/8a15013d-bb32-4cdf-804b-7cac11e68dad has been successfully formatted.
2022-10-22 01:06:08,377 [pool-72-thread-1] INFO  ratis.ContainerStateMachine (ContainerStateMachine.java:loadSnapshot(236)) - group-7CAC11E68DAD: The snapshot info is null. Setting the last applied indexto:(t:0, i:~)
2022-10-22 01:06:08,377 [pool-72-thread-1] INFO  server.RaftServerConfigKeys (ConfUtils.java:logGet(46)) - raft.server.log.use.memory = false (default)
2022-10-22 01:06:08,377 [pool-72-thread-1] INFO  server.RaftServerConfigKeys (ConfUtils.java:logGet(46)) - raft.server.log.purge.gap = 1000000 (custom)
2022-10-22 01:06:08,377 [pool-72-thread-1] INFO  server.RaftServerConfigKeys (ConfUtils.java:logGet(46)) - raft.server.log.appender.buffer.byte-limit = 33554432 (custom)
2022-10-22 01:06:08,377 [pool-72-thread-1] INFO  server.RaftServerConfigKeys (ConfUtils.java:logGet(46)) - raft.server.log.statemachine.data.read.timeout = 1000ms (default)
2022-10-22 01:06:08,377 [pool-72-thread-1] INFO  server.RaftServerConfigKeys (ConfUtils.java:logGet(46)) - raft.server.log.purge.preservation.log.num = 0 (default)
2022-10-22 01:06:08,377 [pool-72-thread-1] INFO  server.RaftServerConfigKeys (ConfUtils.java:logGet(46)) - raft.server.log.segment.size.max = 1048576 (custom)
2022-10-22 01:06:08,388 [pool-72-thread-1] INFO  server.RaftServerConfigKeys (ConfUtils.java:logGet(46)) - raft.server.log.segment.cache.num.max = 2 (custom)
2022-10-22 01:06:08,388 [pool-72-thread-1] INFO  server.RaftServerConfigKeys (ConfUtils.java:logGet(46)) - raft.server.log.segment.cache.size.max = 200MB (=209715200) (default)
2022-10-22 01:06:08,388 [pool-72-thread-1] INFO  segmented.SegmentedRaftLogWorker (SegmentedRaftLogWorker.java:<init>(191)) - new d1d68c68-fcd1-40a2-8bd4-08293fe543e0@group-7CAC11E68DAD-SegmentedRaftLogWorker for RaftStorageImpl:Storage Directory /home/runner/work/ozone/ozone/hadoop-ozone/integration-test/target/test-dir/MiniOzoneClusterImpl-a988f88d-4efe-430b-bf3c-a1e83706c790/datanode-0/data/ratis/8a15013d-bb32-4cdf-804b-7cac11e68dad
2022-10-22 01:06:08,388 [pool-72-thread-1] INFO  server.RaftServerConfigKeys (ConfUtils.java:logGet(46)) - raft.server.log.queue.byte-limit = 4294967296 (custom)
2022-10-22 01:06:08,388 [pool-72-thread-1] INFO  server.RaftServerConfigKeys (ConfUtils.java:logGet(46)) - raft.server.log.queue.element-limit = 1024 (custom)
2022-10-22 01:06:08,388 [pool-72-thread-1] INFO  server.RaftServerConfigKeys (ConfUtils.java:logGet(46)) - raft.server.log.segment.size.max = 1048576 (custom)
2022-10-22 01:06:08,388 [pool-72-thread-1] INFO  server.RaftServerConfigKeys (ConfUtils.java:logGet(46)) - raft.server.log.preallocated.size = 16384 (custom)
2022-10-22 01:06:08,388 [pool-72-thread-1] INFO  server.RaftServerConfigKeys (ConfUtils.java:logGet(46)) - raft.server.log.force.sync.num = 128 (default)
2022-10-22 01:06:08,388 [pool-72-thread-1] INFO  server.RaftServerConfigKeys (ConfUtils.java:logGet(46)) - raft.server.log.statemachine.data.sync = true (default)
2022-10-22 01:06:08,388 [pool-72-thread-1] INFO  server.RaftServerConfigKeys (ConfUtils.java:logGet(46)) - raft.server.log.statemachine.data.sync.timeout = 10s (default)
2022-10-22 01:06:08,388 [pool-72-thread-1] INFO  server.RaftServerConfigKeys (ConfUtils.java:logGet(46)) - raft.server.log.statemachine.data.sync.timeout.retry = -1 (default)
2022-10-22 01:06:08,390 [pool-72-thread-1] INFO  server.RaftServerConfigKeys (ConfUtils.java:logGet(46)) - raft.server.log.write.buffer.size = 1048576 (custom)
2022-10-22 01:06:08,391 [EventQueue-OpenPipelineForHealthyPipelineSafeModeRule] INFO  safemode.SCMSafeModeManager (HealthyPipelineSafeModeRule.java:process(137)) - SCM in safe mode. Healthy pipelines reported count is 0, required healthy pipeline reported count is 1
2022-10-22 01:06:08,392 [pool-72-thread-1] INFO  server.RaftServerConfigKeys (ConfUtils.java:logGet(46)) - raft.server.log.unsafe-flush.enabled = false (default)
2022-10-22 01:06:08,392 [pool-72-thread-1] INFO  server.RaftServerConfigKeys (ConfUtils.java:logGet(46)) - raft.server.log.async-flush.enabled = false (default)
2022-10-22 01:06:08,392 [pool-72-thread-1] INFO  server.RaftServerConfigKeys (ConfUtils.java:logGet(46)) - raft.server.log.statemachine.data.caching.enabled = true (custom)
2022-10-22 01:06:08,392 [pool-72-thread-1] INFO  segmented.SegmentedRaftLogWorker (SegmentedRaftLogWorker.java:lambda$new$0(136)) - d1d68c68-fcd1-40a2-8bd4-08293fe543e0@group-7CAC11E68DAD-SegmentedRaftLogWorker: flushIndex: setUnconditionally 0 -> -1
2022-10-22 01:06:08,392 [pool-72-thread-1] INFO  segmented.SegmentedRaftLogWorker (SegmentedRaftLogWorker.java:lambda$new$0(136)) - d1d68c68-fcd1-40a2-8bd4-08293fe543e0@group-7CAC11E68DAD-SegmentedRaftLogWorker: safeCacheEvictIndex: setUnconditionally 0 -> -1
2022-10-22 01:06:08,400 [pool-72-thread-1] INFO  server.RaftServer$Division (RaftServerImpl.java:start(334)) - d1d68c68-fcd1-40a2-8bd4-08293fe543e0@group-7CAC11E68DAD: start as a follower, conf=-1: peers:[2e87c3a1-a023-462f-882b-ea1ca04c8a98|rpc:10.1.0.62:33759|priority:0|startupRole:FOLLOWER, 9705cc67-48fc-46f6-b325-a713191a975c|rpc:10.1.0.62:35497|priority:0|startupRole:FOLLOWER, d1d68c68-fcd1-40a2-8bd4-08293fe543e0|rpc:10.1.0.62:34369|priority:1|startupRole:FOLLOWER]|listeners:[], old=null
2022-10-22 01:06:08,400 [pool-72-thread-1] INFO  server.RaftServer$Division (RaftServerImpl.java:setRole(321)) - d1d68c68-fcd1-40a2-8bd4-08293fe543e0@group-7CAC11E68DAD: changes role from      null to FOLLOWER at term 0 for startAsFollower
2022-10-22 01:06:08,400 [pool-72-thread-1] INFO  impl.RoleInfo (RoleInfo.java:updateAndGet(139)) - d1d68c68-fcd1-40a2-8bd4-08293fe543e0: start d1d68c68-fcd1-40a2-8bd4-08293fe543e0@group-7CAC11E68DAD-FollowerState
2022-10-22 01:06:08,400 [d1d68c68-fcd1-40a2-8bd4-08293fe543e0@group-7CAC11E68DAD-FollowerState] INFO  server.RaftServerConfigKeys (ConfUtils.java:logFallback(53)) - raft.server.rpc.first-election.timeout.min = 5s (fallback to raft.server.rpc.timeout.min)
2022-10-22 01:06:08,400 [pool-72-thread-1] INFO  util.JmxRegister (JmxRegister.java:tryRegister(44)) - Successfully registered JMX Bean with object name Ratis:service=RaftServer,group=group-7CAC11E68DAD,id=d1d68c68-fcd1-40a2-8bd4-08293fe543e0
2022-10-22 01:06:08,400 [d1d68c68-fcd1-40a2-8bd4-08293fe543e0@group-7CAC11E68DAD-FollowerState] INFO  server.RaftServerConfigKeys (ConfUtils.java:logFallback(53)) - raft.server.rpc.first-election.timeout.max = 5200ms (fallback to raft.server.rpc.timeout.max)
2022-10-22 01:06:08,400 [pool-72-thread-1] INFO  server.RaftServerConfigKeys (ConfUtils.java:logGet(46)) - raft.server.snapshot.auto.trigger.enabled = true (custom)
2022-10-22 01:06:08,400 [pool-72-thread-1] INFO  server.RaftServerConfigKeys (ConfUtils.java:logGet(46)) - raft.server.snapshot.auto.trigger.threshold = 10000 (custom)
2022-10-22 01:06:08,400 [pool-72-thread-1] INFO  server.RaftServerConfigKeys (ConfUtils.java:logGet(46)) - raft.server.snapshot.retention.file.num = 5 (custom)
2022-10-22 01:06:08,401 [pool-72-thread-1] INFO  server.RaftServerConfigKeys (ConfUtils.java:logGet(46)) - raft.server.log.purge.upto.snapshot.index = false (default)
2022-10-22 01:06:08,410 [Command processor thread] INFO  ratis.XceiverServerRatis (XceiverServerRatis.java:addGroup(765)) - Created group PipelineID=8a15013d-bb32-4cdf-804b-7cac11e68dad
2022-10-22 01:06:08,700 [Command processor thread] INFO  server.RaftServer (RaftServerProxy.java:addNew(96)) - 9705cc67-48fc-46f6-b325-a713191a975c: addNew group-2523C6B62B1D:[9705cc67-48fc-46f6-b325-a713191a975c|rpc:10.1.0.62:35497|priority:1|startupRole:FOLLOWER] returns group-2523C6B62B1D:java.util.concurrent.CompletableFuture@4f1f1ade[Not completed]
2022-10-22 01:06:08,707 [pool-94-thread-1] INFO  server.RaftServer$Division (RaftServerImpl.java:<init>(195)) - 9705cc67-48fc-46f6-b325-a713191a975c: new RaftServerImpl for group-2523C6B62B1D:[9705cc67-48fc-46f6-b325-a713191a975c|rpc:10.1.0.62:35497|priority:1|startupRole:FOLLOWER] with ContainerStateMachine:uninitialized
2022-10-22 01:06:08,707 [pool-94-thread-1] INFO  server.RaftServerConfigKeys (ConfUtils.java:logGet(46)) - raft.server.rpc.timeout.min = 5s (custom)
2022-10-22 01:06:08,707 [pool-94-thread-1] INFO  server.RaftServerConfigKeys (ConfUtils.java:logGet(46)) - raft.server.rpc.timeout.max = 5200ms (custom)
2022-10-22 01:06:08,707 [pool-94-thread-1] INFO  server.RaftServerConfigKeys (ConfUtils.java:logGet(46)) - raft.server.rpc.sleep.time = 25ms (default)
2022-10-22 01:06:08,707 [pool-94-thread-1] INFO  server.RaftServerConfigKeys (ConfUtils.java:logGet(46)) - raft.server.rpc.slowness.timeout = 300s (custom)
2022-10-22 01:06:08,707 [pool-94-thread-1] INFO  server.RaftServerConfigKeys (ConfUtils.java:logGet(46)) - raft.server.leaderelection.leader.step-down.wait-time = 10s (default)
2022-10-22 01:06:08,707 [pool-94-thread-1] INFO  server.RaftServerConfigKeys (ConfUtils.java:logGet(46)) - raft.server.sleep.deviation.threshold = 300ms (default)
2022-10-22 01:06:08,707 [pool-94-thread-1] INFO  server.RaftServer$Division (ServerState.java:<init>(118)) - 9705cc67-48fc-46f6-b325-a713191a975c@group-2523C6B62B1D: ConfigurationManager, init=-1: peers:[9705cc67-48fc-46f6-b325-a713191a975c|rpc:10.1.0.62:35497|priority:1|startupRole:FOLLOWER]|listeners:[], old=null, confs=<EMPTY_MAP>
2022-10-22 01:06:08,707 [pool-94-thread-1] INFO  server.RaftServerConfigKeys (ConfUtils.java:logGet(46)) - raft.server.storage.dir = [/home/runner/work/ozone/ozone/hadoop-ozone/integration-test/target/test-dir/MiniOzoneClusterImpl-a988f88d-4efe-430b-bf3c-a1e83706c790/datanode-1/data/ratis] (custom)
2022-10-22 01:06:08,708 [pool-94-thread-1] INFO  server.RaftServerConfigKeys (ConfUtils.java:logGet(46)) - raft.server.log.corruption.policy = EXCEPTION (default)
2022-10-22 01:06:08,708 [pool-94-thread-1] INFO  server.RaftServerConfigKeys (ConfUtils.java:logGet(46)) - raft.server.storage.free-space.min = 0MB (=0) (default)
2022-10-22 01:06:08,708 [pool-94-thread-1] INFO  server.RaftServerConfigKeys (ConfUtils.java:logGet(46)) - raft.server.notification.no-leader.timeout = 300s (custom)
2022-10-22 01:06:08,708 [pool-94-thread-1] INFO  server.RaftServerConfigKeys (ConfUtils.java:logGet(46)) - raft.server.retrycache.expirytime = 600000ms (custom)
2022-10-22 01:06:08,708 [pool-94-thread-1] INFO  server.RaftServerConfigKeys (ConfUtils.java:logGet(46)) - raft.server.retrycache.statistics.expirytime = 100μs (default)
2022-10-22 01:06:08,731 [pool-94-thread-1] INFO  server.RaftServerConfigKeys (ConfUtils.java:logGet(46)) - raft.server.log.appender.install.snapshot.enabled = false (custom)
2022-10-22 01:06:08,731 [pool-94-thread-1] INFO  server.RaftServerConfigKeys (ConfUtils.java:logGet(46)) - raft.server.threadpool.server.cached = true (default)
2022-10-22 01:06:08,731 [pool-94-thread-1] INFO  server.RaftServerConfigKeys (ConfUtils.java:logGet(46)) - raft.server.threadpool.server.size = 0 (default)
2022-10-22 01:06:08,731 [pool-94-thread-1] INFO  server.RaftServerConfigKeys (ConfUtils.java:logGet(46)) - raft.server.threadpool.client.cached = true (default)
2022-10-22 01:06:08,732 [pool-94-thread-1] INFO  server.RaftServerConfigKeys (ConfUtils.java:logGet(46)) - raft.server.threadpool.client.size = 0 (default)
2022-10-22 01:06:08,732 [pool-94-thread-1] INFO  storage.RaftStorageDirectory (RaftStorageDirectoryImpl.java:analyzeStorage(137)) - The storage directory /home/runner/work/ozone/ozone/hadoop-ozone/integration-test/target/test-dir/MiniOzoneClusterImpl-a988f88d-4efe-430b-bf3c-a1e83706c790/datanode-1/data/ratis/55d45bd3-816d-4763-9721-2523c6b62b1d does not exist. Creating ...
2022-10-22 01:06:08,733 [pool-94-thread-1] INFO  storage.RaftStorageDirectory (RaftStorageDirectoryImpl.java:tryLock(231)) - Lock on /home/runner/work/ozone/ozone/hadoop-ozone/integration-test/target/test-dir/MiniOzoneClusterImpl-a988f88d-4efe-430b-bf3c-a1e83706c790/datanode-1/data/ratis/55d45bd3-816d-4763-9721-2523c6b62b1d/in_use.lock acquired by nodename 13814@fv-az334-928
2022-10-22 01:06:08,734 [pool-94-thread-1] INFO  storage.RaftStorage (RaftStorageImpl.java:format(96)) - Storage directory /home/runner/work/ozone/ozone/hadoop-ozone/integration-test/target/test-dir/MiniOzoneClusterImpl-a988f88d-4efe-430b-bf3c-a1e83706c790/datanode-1/data/ratis/55d45bd3-816d-4763-9721-2523c6b62b1d has been successfully formatted.
2022-10-22 01:06:08,735 [pool-94-thread-1] INFO  ratis.ContainerStateMachine (ContainerStateMachine.java:loadSnapshot(236)) - group-2523C6B62B1D: The snapshot info is null. Setting the last applied indexto:(t:0, i:~)
2022-10-22 01:06:08,737 [pool-94-thread-1] INFO  server.RaftServerConfigKeys (ConfUtils.java:logGet(46)) - raft.server.log.use.memory = false (default)
2022-10-22 01:06:08,737 [pool-94-thread-1] INFO  server.RaftServerConfigKeys (ConfUtils.java:logGet(46)) - raft.server.log.purge.gap = 1000000 (custom)
2022-10-22 01:06:08,737 [pool-94-thread-1] INFO  server.RaftServerConfigKeys (ConfUtils.java:logGet(46)) - raft.server.log.appender.buffer.byte-limit = 33554432 (custom)
2022-10-22 01:06:08,737 [pool-94-thread-1] INFO  server.RaftServerConfigKeys (ConfUtils.java:logGet(46)) - raft.server.log.statemachine.data.read.timeout = 1000ms (default)
2022-10-22 01:06:08,737 [pool-94-thread-1] INFO  server.RaftServerConfigKeys (ConfUtils.java:logGet(46)) - raft.server.log.purge.preservation.log.num = 0 (default)
2022-10-22 01:06:08,737 [pool-94-thread-1] INFO  server.RaftServerConfigKeys (ConfUtils.java:logGet(46)) - raft.server.log.segment.size.max = 1048576 (custom)
2022-10-22 01:06:08,738 [pool-94-thread-1] INFO  server.RaftServerConfigKeys (ConfUtils.java:logGet(46)) - raft.server.log.segment.cache.num.max = 2 (custom)
2022-10-22 01:06:08,738 [pool-94-thread-1] INFO  server.RaftServerConfigKeys (ConfUtils.java:logGet(46)) - raft.server.log.segment.cache.size.max = 200MB (=209715200) (default)
2022-10-22 01:06:08,738 [pool-94-thread-1] INFO  segmented.SegmentedRaftLogWorker (SegmentedRaftLogWorker.java:<init>(191)) - new 9705cc67-48fc-46f6-b325-a713191a975c@group-2523C6B62B1D-SegmentedRaftLogWorker for RaftStorageImpl:Storage Directory /home/runner/work/ozone/ozone/hadoop-ozone/integration-test/target/test-dir/MiniOzoneClusterImpl-a988f88d-4efe-430b-bf3c-a1e83706c790/datanode-1/data/ratis/55d45bd3-816d-4763-9721-2523c6b62b1d
2022-10-22 01:06:08,738 [pool-94-thread-1] INFO  server.RaftServerConfigKeys (ConfUtils.java:logGet(46)) - raft.server.log.queue.byte-limit = 4294967296 (custom)
2022-10-22 01:06:08,738 [pool-94-thread-1] INFO  server.RaftServerConfigKeys (ConfUtils.java:logGet(46)) - raft.server.log.queue.element-limit = 1024 (custom)
2022-10-22 01:06:08,740 [pool-94-thread-1] INFO  server.RaftServerConfigKeys (ConfUtils.java:logGet(46)) - raft.server.log.segment.size.max = 1048576 (custom)
2022-10-22 01:06:08,740 [pool-94-thread-1] INFO  server.RaftServerConfigKeys (ConfUtils.java:logGet(46)) - raft.server.log.preallocated.size = 16384 (custom)
2022-10-22 01:06:08,740 [pool-94-thread-1] INFO  server.RaftServerConfigKeys (ConfUtils.java:logGet(46)) - raft.server.log.force.sync.num = 128 (default)
2022-10-22 01:06:08,740 [pool-94-thread-1] INFO  server.RaftServerConfigKeys (ConfUtils.java:logGet(46)) - raft.server.log.statemachine.data.sync = true (default)
2022-10-22 01:06:08,740 [pool-94-thread-1] INFO  server.RaftServerConfigKeys (ConfUtils.java:logGet(46)) - raft.server.log.statemachine.data.sync.timeout = 10s (default)
2022-10-22 01:06:08,740 [pool-94-thread-1] INFO  server.RaftServerConfigKeys (ConfUtils.java:logGet(46)) - raft.server.log.statemachine.data.sync.timeout.retry = -1 (default)
2022-10-22 01:06:08,741 [pool-94-thread-1] INFO  server.RaftServerConfigKeys (ConfUtils.java:logGet(46)) - raft.server.log.write.buffer.size = 1048576 (custom)
2022-10-22 01:06:08,742 [EventQueue-PipelineReportForPipelineReportHandler] INFO  pipeline.PipelineManagerImpl (PipelineManagerImpl.java:openPipeline(367)) - Pipeline Pipeline[ Id: 55d45bd3-816d-4763-9721-2523c6b62b1d, Nodes: 9705cc67-48fc-46f6-b325-a713191a975c{ip: 10.1.0.62, host: fv-az334-928.zg0gw54pbdoexfhqlmz30d51na.gx.internal.cloudapp.net, ports: [REPLICATION=33357, RATIS=35497, RATIS_ADMIN=35497, RATIS_SERVER=35497, STANDALONE=45673], networkLocation: /default-rack, certSerialId: null, persistedOpState: IN_SERVICE, persistedOpStateExpiryEpochSec: 0}, ReplicationConfig: RATIS/ONE, State:ALLOCATED, leaderId:9705cc67-48fc-46f6-b325-a713191a975c, CreationTimestamp2022-10-22T01:06:05.708Z[Etc/UTC]] moved to OPEN state
2022-10-22 01:06:08,742 [pool-94-thread-1] INFO  server.RaftServerConfigKeys (ConfUtils.java:logGet(46)) - raft.server.log.unsafe-flush.enabled = false (default)
2022-10-22 01:06:08,742 [EventQueue-OpenPipelineForHealthyPipelineSafeModeRule] INFO  safemode.SCMSafeModeManager (HealthyPipelineSafeModeRule.java:process(137)) - SCM in safe mode. Healthy pipelines reported count is 0, required healthy pipeline reported count is 1
2022-10-22 01:06:08,744 [pool-94-thread-1] INFO  server.RaftServerConfigKeys (ConfUtils.java:logGet(46)) - raft.server.log.async-flush.enabled = false (default)
2022-10-22 01:06:08,748 [pool-94-thread-1] INFO  server.RaftServerConfigKeys (ConfUtils.java:logGet(46)) - raft.server.log.statemachine.data.caching.enabled = true (custom)
2022-10-22 01:06:08,748 [pool-94-thread-1] INFO  segmented.SegmentedRaftLogWorker (SegmentedRaftLogWorker.java:lambda$new$0(136)) - 9705cc67-48fc-46f6-b325-a713191a975c@group-2523C6B62B1D-SegmentedRaftLogWorker: flushIndex: setUnconditionally 0 -> -1
2022-10-22 01:06:08,748 [pool-94-thread-1] INFO  segmented.SegmentedRaftLogWorker (SegmentedRaftLogWorker.java:lambda$new$0(136)) - 9705cc67-48fc-46f6-b325-a713191a975c@group-2523C6B62B1D-SegmentedRaftLogWorker: safeCacheEvictIndex: setUnconditionally 0 -> -1
2022-10-22 01:06:08,759 [pool-94-thread-1] INFO  server.RaftServer$Division (RaftServerImpl.java:start(334)) - 9705cc67-48fc-46f6-b325-a713191a975c@group-2523C6B62B1D: start as a follower, conf=-1: peers:[9705cc67-48fc-46f6-b325-a713191a975c|rpc:10.1.0.62:35497|priority:1|startupRole:FOLLOWER]|listeners:[], old=null
2022-10-22 01:06:08,759 [pool-94-thread-1] INFO  server.RaftServer$Division (RaftServerImpl.java:setRole(321)) - 9705cc67-48fc-46f6-b325-a713191a975c@group-2523C6B62B1D: changes role from      null to FOLLOWER at term 0 for startAsFollower
2022-10-22 01:06:08,759 [pool-94-thread-1] INFO  impl.RoleInfo (RoleInfo.java:updateAndGet(139)) - 9705cc67-48fc-46f6-b325-a713191a975c: start 9705cc67-48fc-46f6-b325-a713191a975c@group-2523C6B62B1D-FollowerState
2022-10-22 01:06:08,764 [pool-94-thread-1] INFO  util.JmxRegister (JmxRegister.java:tryRegister(44)) - Successfully registered JMX Bean with object name Ratis:service=RaftServer,group=group-2523C6B62B1D,id=9705cc67-48fc-46f6-b325-a713191a975c
2022-10-22 01:06:08,764 [pool-94-thread-1] INFO  server.RaftServerConfigKeys (ConfUtils.java:logGet(46)) - raft.server.snapshot.auto.trigger.enabled = true (custom)
2022-10-22 01:06:08,764 [pool-94-thread-1] INFO  server.RaftServerConfigKeys (ConfUtils.java:logGet(46)) - raft.server.snapshot.auto.trigger.threshold = 10000 (custom)
2022-10-22 01:06:08,764 [pool-94-thread-1] INFO  server.RaftServerConfigKeys (ConfUtils.java:logGet(46)) - raft.server.snapshot.retention.file.num = 5 (custom)
2022-10-22 01:06:08,764 [pool-94-thread-1] INFO  server.RaftServerConfigKeys (ConfUtils.java:logGet(46)) - raft.server.log.purge.upto.snapshot.index = false (default)
2022-10-22 01:06:08,765 [9705cc67-48fc-46f6-b325-a713191a975c@group-2523C6B62B1D-FollowerState] INFO  server.RaftServerConfigKeys (ConfUtils.java:logFallback(53)) - raft.server.rpc.first-election.timeout.min = 5s (fallback to raft.server.rpc.timeout.min)
2022-10-22 01:06:08,765 [9705cc67-48fc-46f6-b325-a713191a975c@group-2523C6B62B1D-FollowerState] INFO  server.RaftServerConfigKeys (ConfUtils.java:logFallback(53)) - raft.server.rpc.first-election.timeout.max = 5200ms (fallback to raft.server.rpc.timeout.max)
2022-10-22 01:06:08,765 [Command processor thread] INFO  ratis.XceiverServerRatis (XceiverServerRatis.java:addGroup(765)) - Created group PipelineID=55d45bd3-816d-4763-9721-2523c6b62b1d
2022-10-22 01:06:08,765 [Command processor thread] INFO  commandhandler.CreatePipelineCommandHandler (CreatePipelineCommandHandler.java:handle(113)) - Created Pipeline RATIS ONE PipelineID=55d45bd3-816d-4763-9721-2523c6b62b1d.
2022-10-22 01:06:08,765 [Command processor thread] INFO  server.RaftServer (RaftServerProxy.java:addNew(96)) - 9705cc67-48fc-46f6-b325-a713191a975c: addNew group-7CAC11E68DAD:[2e87c3a1-a023-462f-882b-ea1ca04c8a98|rpc:10.1.0.62:33759|priority:0|startupRole:FOLLOWER, 9705cc67-48fc-46f6-b325-a713191a975c|rpc:10.1.0.62:35497|priority:0|startupRole:FOLLOWER, d1d68c68-fcd1-40a2-8bd4-08293fe543e0|rpc:10.1.0.62:34369|priority:1|startupRole:FOLLOWER] returns group-7CAC11E68DAD:java.util.concurrent.CompletableFuture@4b2087e5[Not completed]
2022-10-22 01:06:08,766 [pool-94-thread-1] INFO  server.RaftServer$Division (RaftServerImpl.java:<init>(195)) - 9705cc67-48fc-46f6-b325-a713191a975c: new RaftServerImpl for group-7CAC11E68DAD:[2e87c3a1-a023-462f-882b-ea1ca04c8a98|rpc:10.1.0.62:33759|priority:0|startupRole:FOLLOWER, 9705cc67-48fc-46f6-b325-a713191a975c|rpc:10.1.0.62:35497|priority:0|startupRole:FOLLOWER, d1d68c68-fcd1-40a2-8bd4-08293fe543e0|rpc:10.1.0.62:34369|priority:1|startupRole:FOLLOWER] with ContainerStateMachine:uninitialized
2022-10-22 01:06:08,766 [pool-94-thread-1] INFO  server.RaftServerConfigKeys (ConfUtils.java:logGet(46)) - raft.server.rpc.timeout.min = 5s (custom)
2022-10-22 01:06:08,767 [pool-94-thread-1] INFO  server.RaftServerConfigKeys (ConfUtils.java:logGet(46)) - raft.server.rpc.timeout.max = 5200ms (custom)
2022-10-22 01:06:08,767 [pool-94-thread-1] INFO  server.RaftServerConfigKeys (ConfUtils.java:logGet(46)) - raft.server.rpc.sleep.time = 25ms (default)
2022-10-22 01:06:08,767 [pool-94-thread-1] INFO  server.RaftServerConfigKeys (ConfUtils.java:logGet(46)) - raft.server.rpc.slowness.timeout = 300s (custom)
2022-10-22 01:06:08,767 [pool-94-thread-1] INFO  server.RaftServerConfigKeys (ConfUtils.java:logGet(46)) - raft.server.leaderelection.leader.step-down.wait-time = 10s (default)
2022-10-22 01:06:08,767 [pool-94-thread-1] INFO  server.RaftServerConfigKeys (ConfUtils.java:logGet(46)) - raft.server.sleep.deviation.threshold = 300ms (default)
2022-10-22 01:06:08,767 [pool-94-thread-1] INFO  server.RaftServer$Division (ServerState.java:<init>(118)) - 9705cc67-48fc-46f6-b325-a713191a975c@group-7CAC11E68DAD: ConfigurationManager, init=-1: peers:[2e87c3a1-a023-462f-882b-ea1ca04c8a98|rpc:10.1.0.62:33759|priority:0|startupRole:FOLLOWER, 9705cc67-48fc-46f6-b325-a713191a975c|rpc:10.1.0.62:35497|priority:0|startupRole:FOLLOWER, d1d68c68-fcd1-40a2-8bd4-08293fe543e0|rpc:10.1.0.62:34369|priority:1|startupRole:FOLLOWER]|listeners:[], old=null, confs=<EMPTY_MAP>
2022-10-22 01:06:08,767 [pool-94-thread-1] INFO  server.RaftServerConfigKeys (ConfUtils.java:logGet(46)) - raft.server.storage.dir = [/home/runner/work/ozone/ozone/hadoop-ozone/integration-test/target/test-dir/MiniOzoneClusterImpl-a988f88d-4efe-430b-bf3c-a1e83706c790/datanode-1/data/ratis] (custom)
2022-10-22 01:06:08,767 [pool-94-thread-1] INFO  server.RaftServerConfigKeys (ConfUtils.java:logGet(46)) - raft.server.log.corruption.policy = EXCEPTION (default)
2022-10-22 01:06:08,767 [pool-94-thread-1] INFO  server.RaftServerConfigKeys (ConfUtils.java:logGet(46)) - raft.server.storage.free-space.min = 0MB (=0) (default)
2022-10-22 01:06:08,767 [pool-94-thread-1] INFO  server.RaftServerConfigKeys (ConfUtils.java:logGet(46)) - raft.server.notification.no-leader.timeout = 300s (custom)
2022-10-22 01:06:08,767 [pool-94-thread-1] INFO  server.RaftServerConfigKeys (ConfUtils.java:logGet(46)) - raft.server.retrycache.expirytime = 600000ms (custom)
2022-10-22 01:06:08,767 [pool-94-thread-1] INFO  server.RaftServerConfigKeys (ConfUtils.java:logGet(46)) - raft.server.retrycache.statistics.expirytime = 100μs (default)
2022-10-22 01:06:08,769 [pool-94-thread-1] INFO  server.RaftServerConfigKeys (ConfUtils.java:logGet(46)) - raft.server.log.appender.install.snapshot.enabled = false (custom)
2022-10-22 01:06:08,769 [pool-94-thread-1] INFO  server.RaftServerConfigKeys (ConfUtils.java:logGet(46)) - raft.server.threadpool.server.cached = true (default)
2022-10-22 01:06:08,769 [pool-94-thread-1] INFO  server.RaftServerConfigKeys (ConfUtils.java:logGet(46)) - raft.server.threadpool.server.size = 0 (default)
2022-10-22 01:06:08,769 [pool-94-thread-1] INFO  server.RaftServerConfigKeys (ConfUtils.java:logGet(46)) - raft.server.threadpool.client.cached = true (default)
2022-10-22 01:06:08,769 [pool-94-thread-1] INFO  server.RaftServerConfigKeys (ConfUtils.java:logGet(46)) - raft.server.threadpool.client.size = 0 (default)
2022-10-22 01:06:08,769 [pool-94-thread-1] INFO  storage.RaftStorageDirectory (RaftStorageDirectoryImpl.java:analyzeStorage(137)) - The storage directory /home/runner/work/ozone/ozone/hadoop-ozone/integration-test/target/test-dir/MiniOzoneClusterImpl-a988f88d-4efe-430b-bf3c-a1e83706c790/datanode-1/data/ratis/8a15013d-bb32-4cdf-804b-7cac11e68dad does not exist. Creating ...
2022-10-22 01:06:08,772 [pool-94-thread-1] INFO  storage.RaftStorageDirectory (RaftStorageDirectoryImpl.java:tryLock(231)) - Lock on /home/runner/work/ozone/ozone/hadoop-ozone/integration-test/target/test-dir/MiniOzoneClusterImpl-a988f88d-4efe-430b-bf3c-a1e83706c790/datanode-1/data/ratis/8a15013d-bb32-4cdf-804b-7cac11e68dad/in_use.lock acquired by nodename 13814@fv-az334-928
2022-10-22 01:06:08,774 [pool-94-thread-1] INFO  storage.RaftStorage (RaftStorageImpl.java:format(96)) - Storage directory /home/runner/work/ozone/ozone/hadoop-ozone/integration-test/target/test-dir/MiniOzoneClusterImpl-a988f88d-4efe-430b-bf3c-a1e83706c790/datanode-1/data/ratis/8a15013d-bb32-4cdf-804b-7cac11e68dad has been successfully formatted.
2022-10-22 01:06:08,775 [pool-94-thread-1] INFO  ratis.ContainerStateMachine (ContainerStateMachine.java:loadSnapshot(236)) - group-7CAC11E68DAD: The snapshot info is null. Setting the last applied indexto:(t:0, i:~)
2022-10-22 01:06:08,775 [pool-94-thread-1] INFO  server.RaftServerConfigKeys (ConfUtils.java:logGet(46)) - raft.server.log.use.memory = false (default)
2022-10-22 01:06:08,775 [pool-94-thread-1] INFO  server.RaftServerConfigKeys (ConfUtils.java:logGet(46)) - raft.server.log.purge.gap = 1000000 (custom)
2022-10-22 01:06:08,783 [pool-94-thread-1] INFO  server.RaftServerConfigKeys (ConfUtils.java:logGet(46)) - raft.server.log.appender.buffer.byte-limit = 33554432 (custom)
2022-10-22 01:06:08,783 [pool-94-thread-1] INFO  server.RaftServerConfigKeys (ConfUtils.java:logGet(46)) - raft.server.log.statemachine.data.read.timeout = 1000ms (default)
2022-10-22 01:06:08,783 [pool-94-thread-1] INFO  server.RaftServerConfigKeys (ConfUtils.java:logGet(46)) - raft.server.log.purge.preservation.log.num = 0 (default)
2022-10-22 01:06:08,783 [pool-94-thread-1] INFO  server.RaftServerConfigKeys (ConfUtils.java:logGet(46)) - raft.server.log.segment.size.max = 1048576 (custom)
2022-10-22 01:06:08,784 [pool-94-thread-1] INFO  server.RaftServerConfigKeys (ConfUtils.java:logGet(46)) - raft.server.log.segment.cache.num.max = 2 (custom)
2022-10-22 01:06:08,784 [pool-94-thread-1] INFO  server.RaftServerConfigKeys (ConfUtils.java:logGet(46)) - raft.server.log.segment.cache.size.max = 200MB (=209715200) (default)
2022-10-22 01:06:08,784 [pool-94-thread-1] INFO  segmented.SegmentedRaftLogWorker (SegmentedRaftLogWorker.java:<init>(191)) - new 9705cc67-48fc-46f6-b325-a713191a975c@group-7CAC11E68DAD-SegmentedRaftLogWorker for RaftStorageImpl:Storage Directory /home/runner/work/ozone/ozone/hadoop-ozone/integration-test/target/test-dir/MiniOzoneClusterImpl-a988f88d-4efe-430b-bf3c-a1e83706c790/datanode-1/data/ratis/8a15013d-bb32-4cdf-804b-7cac11e68dad
2022-10-22 01:06:08,784 [pool-94-thread-1] INFO  server.RaftServerConfigKeys (ConfUtils.java:logGet(46)) - raft.server.log.queue.byte-limit = 4294967296 (custom)
2022-10-22 01:06:08,784 [pool-94-thread-1] INFO  server.RaftServerConfigKeys (ConfUtils.java:logGet(46)) - raft.server.log.queue.element-limit = 1024 (custom)
2022-10-22 01:06:08,784 [pool-94-thread-1] INFO  server.RaftServerConfigKeys (ConfUtils.java:logGet(46)) - raft.server.log.segment.size.max = 1048576 (custom)
2022-10-22 01:06:08,784 [pool-94-thread-1] INFO  server.RaftServerConfigKeys (ConfUtils.java:logGet(46)) - raft.server.log.preallocated.size = 16384 (custom)
2022-10-22 01:06:08,784 [pool-94-thread-1] INFO  server.RaftServerConfigKeys (ConfUtils.java:logGet(46)) - raft.server.log.force.sync.num = 128 (default)
2022-10-22 01:06:08,784 [pool-94-thread-1] INFO  server.RaftServerConfigKeys (ConfUtils.java:logGet(46)) - raft.server.log.statemachine.data.sync = true (default)
2022-10-22 01:06:08,784 [pool-94-thread-1] INFO  server.RaftServerConfigKeys (ConfUtils.java:logGet(46)) - raft.server.log.statemachine.data.sync.timeout = 10s (default)
2022-10-22 01:06:08,784 [pool-94-thread-1] INFO  server.RaftServerConfigKeys (ConfUtils.java:logGet(46)) - raft.server.log.statemachine.data.sync.timeout.retry = -1 (default)
2022-10-22 01:06:08,785 [pool-94-thread-1] INFO  server.RaftServerConfigKeys (ConfUtils.java:logGet(46)) - raft.server.log.write.buffer.size = 1048576 (custom)
2022-10-22 01:06:08,786 [pool-94-thread-1] INFO  server.RaftServerConfigKeys (ConfUtils.java:logGet(46)) - raft.server.log.unsafe-flush.enabled = false (default)
2022-10-22 01:06:08,786 [pool-94-thread-1] INFO  server.RaftServerConfigKeys (ConfUtils.java:logGet(46)) - raft.server.log.async-flush.enabled = false (default)
2022-10-22 01:06:08,786 [pool-94-thread-1] INFO  server.RaftServerConfigKeys (ConfUtils.java:logGet(46)) - raft.server.log.statemachine.data.caching.enabled = true (custom)
2022-10-22 01:06:08,786 [pool-94-thread-1] INFO  segmented.SegmentedRaftLogWorker (SegmentedRaftLogWorker.java:lambda$new$0(136)) - 9705cc67-48fc-46f6-b325-a713191a975c@group-7CAC11E68DAD-SegmentedRaftLogWorker: flushIndex: setUnconditionally 0 -> -1
2022-10-22 01:06:08,786 [pool-94-thread-1] INFO  segmented.SegmentedRaftLogWorker (SegmentedRaftLogWorker.java:lambda$new$0(136)) - 9705cc67-48fc-46f6-b325-a713191a975c@group-7CAC11E68DAD-SegmentedRaftLogWorker: safeCacheEvictIndex: setUnconditionally 0 -> -1
2022-10-22 01:06:08,788 [EventQueue-OpenPipelineForHealthyPipelineSafeModeRule] INFO  safemode.SCMSafeModeManager (HealthyPipelineSafeModeRule.java:process(137)) - SCM in safe mode. Healthy pipelines reported count is 0, required healthy pipeline reported count is 1
2022-10-22 01:06:08,795 [pool-94-thread-1] INFO  server.RaftServer$Division (RaftServerImpl.java:start(334)) - 9705cc67-48fc-46f6-b325-a713191a975c@group-7CAC11E68DAD: start as a follower, conf=-1: peers:[2e87c3a1-a023-462f-882b-ea1ca04c8a98|rpc:10.1.0.62:33759|priority:0|startupRole:FOLLOWER, 9705cc67-48fc-46f6-b325-a713191a975c|rpc:10.1.0.62:35497|priority:0|startupRole:FOLLOWER, d1d68c68-fcd1-40a2-8bd4-08293fe543e0|rpc:10.1.0.62:34369|priority:1|startupRole:FOLLOWER]|listeners:[], old=null
2022-10-22 01:06:08,795 [pool-94-thread-1] INFO  server.RaftServer$Division (RaftServerImpl.java:setRole(321)) - 9705cc67-48fc-46f6-b325-a713191a975c@group-7CAC11E68DAD: changes role from      null to FOLLOWER at term 0 for startAsFollower
2022-10-22 01:06:08,795 [pool-94-thread-1] INFO  impl.RoleInfo (RoleInfo.java:updateAndGet(139)) - 9705cc67-48fc-46f6-b325-a713191a975c: start 9705cc67-48fc-46f6-b325-a713191a975c@group-7CAC11E68DAD-FollowerState
2022-10-22 01:06:08,795 [pool-94-thread-1] INFO  util.JmxRegister (JmxRegister.java:tryRegister(44)) - Successfully registered JMX Bean with object name Ratis:service=RaftServer,group=group-7CAC11E68DAD,id=9705cc67-48fc-46f6-b325-a713191a975c
2022-10-22 01:06:08,795 [pool-94-thread-1] INFO  server.RaftServerConfigKeys (ConfUtils.java:logGet(46)) - raft.server.snapshot.auto.trigger.enabled = true (custom)
2022-10-22 01:06:08,796 [pool-94-thread-1] INFO  server.RaftServerConfigKeys (ConfUtils.java:logGet(46)) - raft.server.snapshot.auto.trigger.threshold = 10000 (custom)
2022-10-22 01:06:08,796 [pool-94-thread-1] INFO  server.RaftServerConfigKeys (ConfUtils.java:logGet(46)) - raft.server.snapshot.retention.file.num = 5 (custom)
2022-10-22 01:06:08,796 [pool-94-thread-1] INFO  server.RaftServerConfigKeys (ConfUtils.java:logGet(46)) - raft.server.log.purge.upto.snapshot.index = false (default)
2022-10-22 01:06:08,796 [Command processor thread] INFO  ratis.XceiverServerRatis (XceiverServerRatis.java:addGroup(765)) - Created group PipelineID=8a15013d-bb32-4cdf-804b-7cac11e68dad
2022-10-22 01:06:08,803 [9705cc67-48fc-46f6-b325-a713191a975c@group-7CAC11E68DAD-FollowerState] INFO  server.RaftServerConfigKeys (ConfUtils.java:logFallback(53)) - raft.server.rpc.first-election.timeout.min = 5s (fallback to raft.server.rpc.timeout.min)
2022-10-22 01:06:08,803 [9705cc67-48fc-46f6-b325-a713191a975c@group-7CAC11E68DAD-FollowerState] INFO  server.RaftServerConfigKeys (ConfUtils.java:logFallback(53)) - raft.server.rpc.first-election.timeout.max = 5200ms (fallback to raft.server.rpc.timeout.max)
2022-10-22 01:06:08,887 [grpc-default-executor-1] INFO  server.RaftServer (RaftServerProxy.java:addNew(96)) - 2e87c3a1-a023-462f-882b-ea1ca04c8a98: addNew group-7CAC11E68DAD:[2e87c3a1-a023-462f-882b-ea1ca04c8a98|rpc:10.1.0.62:33759|dataStream:|priority:0|startupRole:FOLLOWER, 9705cc67-48fc-46f6-b325-a713191a975c|rpc:10.1.0.62:35497|dataStream:|priority:0|startupRole:FOLLOWER, d1d68c68-fcd1-40a2-8bd4-08293fe543e0|rpc:10.1.0.62:34369|dataStream:|priority:1|startupRole:FOLLOWER] returns group-7CAC11E68DAD:java.util.concurrent.CompletableFuture@6ca41496[Not completed]
2022-10-22 01:06:08,890 [pool-118-thread-1] INFO  server.RaftServer$Division (RaftServerImpl.java:<init>(195)) - 2e87c3a1-a023-462f-882b-ea1ca04c8a98: new RaftServerImpl for group-7CAC11E68DAD:[2e87c3a1-a023-462f-882b-ea1ca04c8a98|rpc:10.1.0.62:33759|dataStream:|priority:0|startupRole:FOLLOWER, 9705cc67-48fc-46f6-b325-a713191a975c|rpc:10.1.0.62:35497|dataStream:|priority:0|startupRole:FOLLOWER, d1d68c68-fcd1-40a2-8bd4-08293fe543e0|rpc:10.1.0.62:34369|dataStream:|priority:1|startupRole:FOLLOWER] with ContainerStateMachine:uninitialized
2022-10-22 01:06:08,890 [pool-118-thread-1] INFO  server.RaftServerConfigKeys (ConfUtils.java:logGet(46)) - raft.server.rpc.timeout.min = 5s (custom)
2022-10-22 01:06:08,890 [pool-118-thread-1] INFO  server.RaftServerConfigKeys (ConfUtils.java:logGet(46)) - raft.server.rpc.timeout.max = 5200ms (custom)
2022-10-22 01:06:08,890 [pool-118-thread-1] INFO  server.RaftServerConfigKeys (ConfUtils.java:logGet(46)) - raft.server.rpc.sleep.time = 25ms (default)
2022-10-22 01:06:08,890 [pool-118-thread-1] INFO  server.RaftServerConfigKeys (ConfUtils.java:logGet(46)) - raft.server.rpc.slowness.timeout = 300s (custom)
2022-10-22 01:06:08,890 [pool-118-thread-1] INFO  server.RaftServerConfigKeys (ConfUtils.java:logGet(46)) - raft.server.leaderelection.leader.step-down.wait-time = 10s (default)
2022-10-22 01:06:08,890 [pool-118-thread-1] INFO  server.RaftServerConfigKeys (ConfUtils.java:logGet(46)) - raft.server.sleep.deviation.threshold = 300ms (default)
2022-10-22 01:06:08,890 [pool-118-thread-1] INFO  server.RaftServer$Division (ServerState.java:<init>(118)) - 2e87c3a1-a023-462f-882b-ea1ca04c8a98@group-7CAC11E68DAD: ConfigurationManager, init=-1: peers:[2e87c3a1-a023-462f-882b-ea1ca04c8a98|rpc:10.1.0.62:33759|dataStream:|priority:0|startupRole:FOLLOWER, 9705cc67-48fc-46f6-b325-a713191a975c|rpc:10.1.0.62:35497|dataStream:|priority:0|startupRole:FOLLOWER, d1d68c68-fcd1-40a2-8bd4-08293fe543e0|rpc:10.1.0.62:34369|dataStream:|priority:1|startupRole:FOLLOWER]|listeners:[], old=null, confs=<EMPTY_MAP>
2022-10-22 01:06:08,890 [pool-118-thread-1] INFO  server.RaftServerConfigKeys (ConfUtils.java:logGet(46)) - raft.server.storage.dir = [/home/runner/work/ozone/ozone/hadoop-ozone/integration-test/target/test-dir/MiniOzoneClusterImpl-a988f88d-4efe-430b-bf3c-a1e83706c790/datanode-2/data/ratis] (custom)
2022-10-22 01:06:08,892 [pool-118-thread-1] INFO  server.RaftServerConfigKeys (ConfUtils.java:logGet(46)) - raft.server.log.corruption.policy = EXCEPTION (default)
2022-10-22 01:06:08,893 [pool-118-thread-1] INFO  server.RaftServerConfigKeys (ConfUtils.java:logGet(46)) - raft.server.storage.free-space.min = 0MB (=0) (default)
2022-10-22 01:06:08,893 [pool-118-thread-1] INFO  server.RaftServerConfigKeys (ConfUtils.java:logGet(46)) - raft.server.notification.no-leader.timeout = 300s (custom)
2022-10-22 01:06:08,893 [pool-118-thread-1] INFO  server.RaftServerConfigKeys (ConfUtils.java:logGet(46)) - raft.server.retrycache.expirytime = 600000ms (custom)
2022-10-22 01:06:08,893 [pool-118-thread-1] INFO  server.RaftServerConfigKeys (ConfUtils.java:logGet(46)) - raft.server.retrycache.statistics.expirytime = 100μs (default)
2022-10-22 01:06:08,895 [pool-118-thread-1] INFO  server.RaftServerConfigKeys (ConfUtils.java:logGet(46)) - raft.server.log.appender.install.snapshot.enabled = false (custom)
2022-10-22 01:06:08,895 [pool-118-thread-1] INFO  server.RaftServerConfigKeys (ConfUtils.java:logGet(46)) - raft.server.threadpool.server.cached = true (default)
2022-10-22 01:06:08,895 [pool-118-thread-1] INFO  server.RaftServerConfigKeys (ConfUtils.java:logGet(46)) - raft.server.threadpool.server.size = 0 (default)
2022-10-22 01:06:08,895 [pool-118-thread-1] INFO  server.RaftServerConfigKeys (ConfUtils.java:logGet(46)) - raft.server.threadpool.client.cached = true (default)
2022-10-22 01:06:08,895 [pool-118-thread-1] INFO  server.RaftServerConfigKeys (ConfUtils.java:logGet(46)) - raft.server.threadpool.client.size = 0 (default)
2022-10-22 01:06:08,896 [pool-118-thread-1] INFO  storage.RaftStorageDirectory (RaftStorageDirectoryImpl.java:analyzeStorage(137)) - The storage directory /home/runner/work/ozone/ozone/hadoop-ozone/integration-test/target/test-dir/MiniOzoneClusterImpl-a988f88d-4efe-430b-bf3c-a1e83706c790/datanode-2/data/ratis/8a15013d-bb32-4cdf-804b-7cac11e68dad does not exist. Creating ...
2022-10-22 01:06:08,898 [pool-118-thread-1] INFO  storage.RaftStorageDirectory (RaftStorageDirectoryImpl.java:tryLock(231)) - Lock on /home/runner/work/ozone/ozone/hadoop-ozone/integration-test/target/test-dir/MiniOzoneClusterImpl-a988f88d-4efe-430b-bf3c-a1e83706c790/datanode-2/data/ratis/8a15013d-bb32-4cdf-804b-7cac11e68dad/in_use.lock acquired by nodename 13814@fv-az334-928
2022-10-22 01:06:08,899 [pool-118-thread-1] INFO  storage.RaftStorage (RaftStorageImpl.java:format(96)) - Storage directory /home/runner/work/ozone/ozone/hadoop-ozone/integration-test/target/test-dir/MiniOzoneClusterImpl-a988f88d-4efe-430b-bf3c-a1e83706c790/datanode-2/data/ratis/8a15013d-bb32-4cdf-804b-7cac11e68dad has been successfully formatted.
2022-10-22 01:06:08,902 [pool-118-thread-1] INFO  ratis.ContainerStateMachine (ContainerStateMachine.java:loadSnapshot(236)) - group-7CAC11E68DAD: The snapshot info is null. Setting the last applied indexto:(t:0, i:~)
2022-10-22 01:06:08,904 [pool-118-thread-1] INFO  server.RaftServerConfigKeys (ConfUtils.java:logGet(46)) - raft.server.log.use.memory = false (default)
2022-10-22 01:06:08,904 [pool-118-thread-1] INFO  server.RaftServerConfigKeys (ConfUtils.java:logGet(46)) - raft.server.log.purge.gap = 1000000 (custom)
2022-10-22 01:06:08,904 [pool-118-thread-1] INFO  server.RaftServerConfigKeys (ConfUtils.java:logGet(46)) - raft.server.log.appender.buffer.byte-limit = 33554432 (custom)
2022-10-22 01:06:08,904 [pool-118-thread-1] INFO  server.RaftServerConfigKeys (ConfUtils.java:logGet(46)) - raft.server.log.statemachine.data.read.timeout = 1000ms (default)
2022-10-22 01:06:08,904 [pool-118-thread-1] INFO  server.RaftServerConfigKeys (ConfUtils.java:logGet(46)) - raft.server.log.purge.preservation.log.num = 0 (default)
2022-10-22 01:06:08,904 [pool-118-thread-1] INFO  server.RaftServerConfigKeys (ConfUtils.java:logGet(46)) - raft.server.log.segment.size.max = 1048576 (custom)
2022-10-22 01:06:08,905 [pool-118-thread-1] INFO  server.RaftServerConfigKeys (ConfUtils.java:logGet(46)) - raft.server.log.segment.cache.num.max = 2 (custom)
2022-10-22 01:06:08,905 [pool-118-thread-1] INFO  server.RaftServerConfigKeys (ConfUtils.java:logGet(46)) - raft.server.log.segment.cache.size.max = 200MB (=209715200) (default)
2022-10-22 01:06:08,905 [pool-118-thread-1] INFO  segmented.SegmentedRaftLogWorker (SegmentedRaftLogWorker.java:<init>(191)) - new 2e87c3a1-a023-462f-882b-ea1ca04c8a98@group-7CAC11E68DAD-SegmentedRaftLogWorker for RaftStorageImpl:Storage Directory /home/runner/work/ozone/ozone/hadoop-ozone/integration-test/target/test-dir/MiniOzoneClusterImpl-a988f88d-4efe-430b-bf3c-a1e83706c790/datanode-2/data/ratis/8a15013d-bb32-4cdf-804b-7cac11e68dad
2022-10-22 01:06:08,905 [pool-118-thread-1] INFO  server.RaftServerConfigKeys (ConfUtils.java:logGet(46)) - raft.server.log.queue.byte-limit = 4294967296 (custom)
2022-10-22 01:06:08,905 [pool-118-thread-1] INFO  server.RaftServerConfigKeys (ConfUtils.java:logGet(46)) - raft.server.log.queue.element-limit = 1024 (custom)
2022-10-22 01:06:08,905 [pool-118-thread-1] INFO  server.RaftServerConfigKeys (ConfUtils.java:logGet(46)) - raft.server.log.segment.size.max = 1048576 (custom)
2022-10-22 01:06:08,905 [pool-118-thread-1] INFO  server.RaftServerConfigKeys (ConfUtils.java:logGet(46)) - raft.server.log.preallocated.size = 16384 (custom)
2022-10-22 01:06:08,905 [pool-118-thread-1] INFO  server.RaftServerConfigKeys (ConfUtils.java:logGet(46)) - raft.server.log.force.sync.num = 128 (default)
2022-10-22 01:06:08,905 [pool-118-thread-1] INFO  server.RaftServerConfigKeys (ConfUtils.java:logGet(46)) - raft.server.log.statemachine.data.sync = true (default)
2022-10-22 01:06:08,905 [pool-118-thread-1] INFO  server.RaftServerConfigKeys (ConfUtils.java:logGet(46)) - raft.server.log.statemachine.data.sync.timeout = 10s (default)
2022-10-22 01:06:08,905 [pool-118-thread-1] INFO  server.RaftServerConfigKeys (ConfUtils.java:logGet(46)) - raft.server.log.statemachine.data.sync.timeout.retry = -1 (default)
2022-10-22 01:06:08,906 [pool-118-thread-1] INFO  server.RaftServerConfigKeys (ConfUtils.java:logGet(46)) - raft.server.log.write.buffer.size = 1048576 (custom)
2022-10-22 01:06:08,907 [pool-118-thread-1] INFO  server.RaftServerConfigKeys (ConfUtils.java:logGet(46)) - raft.server.log.unsafe-flush.enabled = false (default)
2022-10-22 01:06:08,907 [pool-118-thread-1] INFO  server.RaftServerConfigKeys (ConfUtils.java:logGet(46)) - raft.server.log.async-flush.enabled = false (default)
2022-10-22 01:06:08,907 [pool-118-thread-1] INFO  server.RaftServerConfigKeys (ConfUtils.java:logGet(46)) - raft.server.log.statemachine.data.caching.enabled = true (custom)
2022-10-22 01:06:08,907 [pool-118-thread-1] INFO  segmented.SegmentedRaftLogWorker (SegmentedRaftLogWorker.java:lambda$new$0(136)) - 2e87c3a1-a023-462f-882b-ea1ca04c8a98@group-7CAC11E68DAD-SegmentedRaftLogWorker: flushIndex: setUnconditionally 0 -> -1
2022-10-22 01:06:08,907 [pool-118-thread-1] INFO  segmented.SegmentedRaftLogWorker (SegmentedRaftLogWorker.java:lambda$new$0(136)) - 2e87c3a1-a023-462f-882b-ea1ca04c8a98@group-7CAC11E68DAD-SegmentedRaftLogWorker: safeCacheEvictIndex: setUnconditionally 0 -> -1
2022-10-22 01:06:08,915 [pool-118-thread-1] INFO  server.RaftServer$Division (RaftServerImpl.java:start(334)) - 2e87c3a1-a023-462f-882b-ea1ca04c8a98@group-7CAC11E68DAD: start as a follower, conf=-1: peers:[2e87c3a1-a023-462f-882b-ea1ca04c8a98|rpc:10.1.0.62:33759|dataStream:|priority:0|startupRole:FOLLOWER, 9705cc67-48fc-46f6-b325-a713191a975c|rpc:10.1.0.62:35497|dataStream:|priority:0|startupRole:FOLLOWER, d1d68c68-fcd1-40a2-8bd4-08293fe543e0|rpc:10.1.0.62:34369|dataStream:|priority:1|startupRole:FOLLOWER]|listeners:[], old=null
2022-10-22 01:06:08,915 [pool-118-thread-1] INFO  server.RaftServer$Division (RaftServerImpl.java:setRole(321)) - 2e87c3a1-a023-462f-882b-ea1ca04c8a98@group-7CAC11E68DAD: changes role from      null to FOLLOWER at term 0 for startAsFollower
2022-10-22 01:06:08,915 [pool-118-thread-1] INFO  impl.RoleInfo (RoleInfo.java:updateAndGet(139)) - 2e87c3a1-a023-462f-882b-ea1ca04c8a98: start 2e87c3a1-a023-462f-882b-ea1ca04c8a98@group-7CAC11E68DAD-FollowerState
2022-10-22 01:06:08,916 [pool-118-thread-1] INFO  util.JmxRegister (JmxRegister.java:tryRegister(44)) - Successfully registered JMX Bean with object name Ratis:service=RaftServer,group=group-7CAC11E68DAD,id=2e87c3a1-a023-462f-882b-ea1ca04c8a98
2022-10-22 01:06:08,916 [pool-118-thread-1] INFO  server.RaftServerConfigKeys (ConfUtils.java:logGet(46)) - raft.server.snapshot.auto.trigger.enabled = true (custom)
2022-10-22 01:06:08,916 [pool-118-thread-1] INFO  server.RaftServerConfigKeys (ConfUtils.java:logGet(46)) - raft.server.snapshot.auto.trigger.threshold = 10000 (custom)
2022-10-22 01:06:08,916 [pool-118-thread-1] INFO  server.RaftServerConfigKeys (ConfUtils.java:logGet(46)) - raft.server.snapshot.retention.file.num = 5 (custom)
2022-10-22 01:06:08,916 [pool-118-thread-1] INFO  server.RaftServerConfigKeys (ConfUtils.java:logGet(46)) - raft.server.log.purge.upto.snapshot.index = false (default)
2022-10-22 01:06:08,917 [2e87c3a1-a023-462f-882b-ea1ca04c8a98@group-7CAC11E68DAD-FollowerState] INFO  server.RaftServerConfigKeys (ConfUtils.java:logFallback(53)) - raft.server.rpc.first-election.timeout.min = 5s (fallback to raft.server.rpc.timeout.min)
2022-10-22 01:06:08,927 [2e87c3a1-a023-462f-882b-ea1ca04c8a98@group-7CAC11E68DAD-FollowerState] INFO  server.RaftServerConfigKeys (ConfUtils.java:logFallback(53)) - raft.server.rpc.first-election.timeout.max = 5200ms (fallback to raft.server.rpc.timeout.max)
2022-10-22 01:06:09,016 [Command processor thread] INFO  commandhandler.CreatePipelineCommandHandler (CreatePipelineCommandHandler.java:handle(113)) - Created Pipeline RATIS THREE PipelineID=8a15013d-bb32-4cdf-804b-7cac11e68dad.
2022-10-22 01:06:09,017 [Command processor thread] INFO  server.RaftServer (RaftServerProxy.java:addNew(96)) - 9705cc67-48fc-46f6-b325-a713191a975c: addNew group-028E8AAC4AA9:[2e87c3a1-a023-462f-882b-ea1ca04c8a98|rpc:10.1.0.62:33759|priority:0|startupRole:FOLLOWER, 9705cc67-48fc-46f6-b325-a713191a975c|rpc:10.1.0.62:35497|priority:1|startupRole:FOLLOWER, d1d68c68-fcd1-40a2-8bd4-08293fe543e0|rpc:10.1.0.62:34369|priority:0|startupRole:FOLLOWER] returns group-028E8AAC4AA9:java.util.concurrent.CompletableFuture@33ae7f0e[Not completed]
2022-10-22 01:06:09,018 [pool-94-thread-1] INFO  server.RaftServer$Division (RaftServerImpl.java:<init>(195)) - 9705cc67-48fc-46f6-b325-a713191a975c: new RaftServerImpl for group-028E8AAC4AA9:[2e87c3a1-a023-462f-882b-ea1ca04c8a98|rpc:10.1.0.62:33759|priority:0|startupRole:FOLLOWER, 9705cc67-48fc-46f6-b325-a713191a975c|rpc:10.1.0.62:35497|priority:1|startupRole:FOLLOWER, d1d68c68-fcd1-40a2-8bd4-08293fe543e0|rpc:10.1.0.62:34369|priority:0|startupRole:FOLLOWER] with ContainerStateMachine:uninitialized
2022-10-22 01:06:09,018 [pool-94-thread-1] INFO  server.RaftServerConfigKeys (ConfUtils.java:logGet(46)) - raft.server.rpc.timeout.min = 5s (custom)
2022-10-22 01:06:09,018 [pool-94-thread-1] INFO  server.RaftServerConfigKeys (ConfUtils.java:logGet(46)) - raft.server.rpc.timeout.max = 5200ms (custom)
2022-10-22 01:06:09,018 [pool-94-thread-1] INFO  server.RaftServerConfigKeys (ConfUtils.java:logGet(46)) - raft.server.rpc.sleep.time = 25ms (default)
2022-10-22 01:06:09,018 [pool-94-thread-1] INFO  server.RaftServerConfigKeys (ConfUtils.java:logGet(46)) - raft.server.rpc.slowness.timeout = 300s (custom)
2022-10-22 01:06:09,018 [pool-94-thread-1] INFO  server.RaftServerConfigKeys (ConfUtils.java:logGet(46)) - raft.server.leaderelection.leader.step-down.wait-time = 10s (default)
2022-10-22 01:06:09,018 [pool-94-thread-1] INFO  server.RaftServerConfigKeys (ConfUtils.java:logGet(46)) - raft.server.sleep.deviation.threshold = 300ms (default)
2022-10-22 01:06:09,018 [pool-94-thread-1] INFO  server.RaftServer$Division (ServerState.java:<init>(118)) - 9705cc67-48fc-46f6-b325-a713191a975c@group-028E8AAC4AA9: ConfigurationManager, init=-1: peers:[2e87c3a1-a023-462f-882b-ea1ca04c8a98|rpc:10.1.0.62:33759|priority:0|startupRole:FOLLOWER, 9705cc67-48fc-46f6-b325-a713191a975c|rpc:10.1.0.62:35497|priority:1|startupRole:FOLLOWER, d1d68c68-fcd1-40a2-8bd4-08293fe543e0|rpc:10.1.0.62:34369|priority:0|startupRole:FOLLOWER]|listeners:[], old=null, confs=<EMPTY_MAP>
2022-10-22 01:06:09,018 [pool-94-thread-1] INFO  server.RaftServerConfigKeys (ConfUtils.java:logGet(46)) - raft.server.storage.dir = [/home/runner/work/ozone/ozone/hadoop-ozone/integration-test/target/test-dir/MiniOzoneClusterImpl-a988f88d-4efe-430b-bf3c-a1e83706c790/datanode-1/data/ratis] (custom)
2022-10-22 01:06:09,018 [pool-94-thread-1] INFO  server.RaftServerConfigKeys (ConfUtils.java:logGet(46)) - raft.server.log.corruption.policy = EXCEPTION (default)
2022-10-22 01:06:09,018 [pool-94-thread-1] INFO  server.RaftServerConfigKeys (ConfUtils.java:logGet(46)) - raft.server.storage.free-space.min = 0MB (=0) (default)
2022-10-22 01:06:09,018 [pool-94-thread-1] INFO  server.RaftServerConfigKeys (ConfUtils.java:logGet(46)) - raft.server.notification.no-leader.timeout = 300s (custom)
2022-10-22 01:06:09,018 [pool-94-thread-1] INFO  server.RaftServerConfigKeys (ConfUtils.java:logGet(46)) - raft.server.retrycache.expirytime = 600000ms (custom)
2022-10-22 01:06:09,019 [pool-94-thread-1] INFO  server.RaftServerConfigKeys (ConfUtils.java:logGet(46)) - raft.server.retrycache.statistics.expirytime = 100μs (default)
2022-10-22 01:06:09,022 [pool-94-thread-1] INFO  server.RaftServerConfigKeys (ConfUtils.java:logGet(46)) - raft.server.log.appender.install.snapshot.enabled = false (custom)
2022-10-22 01:06:09,022 [pool-94-thread-1] INFO  server.RaftServerConfigKeys (ConfUtils.java:logGet(46)) - raft.server.threadpool.server.cached = true (default)
2022-10-22 01:06:09,022 [pool-94-thread-1] INFO  server.RaftServerConfigKeys (ConfUtils.java:logGet(46)) - raft.server.threadpool.server.size = 0 (default)
2022-10-22 01:06:09,023 [pool-94-thread-1] INFO  server.RaftServerConfigKeys (ConfUtils.java:logGet(46)) - raft.server.threadpool.client.cached = true (default)
2022-10-22 01:06:09,023 [pool-94-thread-1] INFO  server.RaftServerConfigKeys (ConfUtils.java:logGet(46)) - raft.server.threadpool.client.size = 0 (default)
2022-10-22 01:06:09,023 [pool-94-thread-1] INFO  storage.RaftStorageDirectory (RaftStorageDirectoryImpl.java:analyzeStorage(137)) - The storage directory /home/runner/work/ozone/ozone/hadoop-ozone/integration-test/target/test-dir/MiniOzoneClusterImpl-a988f88d-4efe-430b-bf3c-a1e83706c790/datanode-1/data/ratis/9785cce1-d2ba-45de-8ea8-028e8aac4aa9 does not exist. Creating ...
2022-10-22 01:06:09,027 [pool-94-thread-1] INFO  storage.RaftStorageDirectory (RaftStorageDirectoryImpl.java:tryLock(231)) - Lock on /home/runner/work/ozone/ozone/hadoop-ozone/integration-test/target/test-dir/MiniOzoneClusterImpl-a988f88d-4efe-430b-bf3c-a1e83706c790/datanode-1/data/ratis/9785cce1-d2ba-45de-8ea8-028e8aac4aa9/in_use.lock acquired by nodename 13814@fv-az334-928
2022-10-22 01:06:09,029 [pool-94-thread-1] INFO  storage.RaftStorage (RaftStorageImpl.java:format(96)) - Storage directory /home/runner/work/ozone/ozone/hadoop-ozone/integration-test/target/test-dir/MiniOzoneClusterImpl-a988f88d-4efe-430b-bf3c-a1e83706c790/datanode-1/data/ratis/9785cce1-d2ba-45de-8ea8-028e8aac4aa9 has been successfully formatted.
2022-10-22 01:06:09,030 [pool-94-thread-1] INFO  ratis.ContainerStateMachine (ContainerStateMachine.java:loadSnapshot(236)) - group-028E8AAC4AA9: The snapshot info is null. Setting the last applied indexto:(t:0, i:~)
2022-10-22 01:06:09,030 [pool-94-thread-1] INFO  server.RaftServerConfigKeys (ConfUtils.java:logGet(46)) - raft.server.log.use.memory = false (default)
2022-10-22 01:06:09,030 [pool-94-thread-1] INFO  server.RaftServerConfigKeys (ConfUtils.java:logGet(46)) - raft.server.log.purge.gap = 1000000 (custom)
2022-10-22 01:06:09,030 [pool-94-thread-1] INFO  server.RaftServerConfigKeys (ConfUtils.java:logGet(46)) - raft.server.log.appender.buffer.byte-limit = 33554432 (custom)
2022-10-22 01:06:09,030 [pool-94-thread-1] INFO  server.RaftServerConfigKeys (ConfUtils.java:logGet(46)) - raft.server.log.statemachine.data.read.timeout = 1000ms (default)
2022-10-22 01:06:09,030 [pool-94-thread-1] INFO  server.RaftServerConfigKeys (ConfUtils.java:logGet(46)) - raft.server.log.purge.preservation.log.num = 0 (default)
2022-10-22 01:06:09,033 [Command processor thread] INFO  commandhandler.CreatePipelineCommandHandler (CreatePipelineCommandHandler.java:handle(113)) - Created Pipeline RATIS THREE PipelineID=8a15013d-bb32-4cdf-804b-7cac11e68dad.
2022-10-22 01:06:09,035 [Command processor thread] INFO  server.RaftServer (RaftServerProxy.java:addNew(96)) - d1d68c68-fcd1-40a2-8bd4-08293fe543e0: addNew group-028E8AAC4AA9:[2e87c3a1-a023-462f-882b-ea1ca04c8a98|rpc:10.1.0.62:33759|priority:0|startupRole:FOLLOWER, 9705cc67-48fc-46f6-b325-a713191a975c|rpc:10.1.0.62:35497|priority:1|startupRole:FOLLOWER, d1d68c68-fcd1-40a2-8bd4-08293fe543e0|rpc:10.1.0.62:34369|priority:0|startupRole:FOLLOWER] returns group-028E8AAC4AA9:java.util.concurrent.CompletableFuture@149dfa2[Not completed]
2022-10-22 01:06:09,035 [EventQueue-OpenPipelineForHealthyPipelineSafeModeRule] INFO  safemode.SCMSafeModeManager (HealthyPipelineSafeModeRule.java:process(137)) - SCM in safe mode. Healthy pipelines reported count is 0, required healthy pipeline reported count is 1
2022-10-22 01:06:09,035 [pool-72-thread-1] INFO  server.RaftServer$Division (RaftServerImpl.java:<init>(195)) - d1d68c68-fcd1-40a2-8bd4-08293fe543e0: new RaftServerImpl for group-028E8AAC4AA9:[2e87c3a1-a023-462f-882b-ea1ca04c8a98|rpc:10.1.0.62:33759|priority:0|startupRole:FOLLOWER, 9705cc67-48fc-46f6-b325-a713191a975c|rpc:10.1.0.62:35497|priority:1|startupRole:FOLLOWER, d1d68c68-fcd1-40a2-8bd4-08293fe543e0|rpc:10.1.0.62:34369|priority:0|startupRole:FOLLOWER] with ContainerStateMachine:uninitialized
2022-10-22 01:06:09,036 [pool-72-thread-1] INFO  server.RaftServerConfigKeys (ConfUtils.java:logGet(46)) - raft.server.rpc.timeout.min = 5s (custom)
2022-10-22 01:06:09,036 [pool-72-thread-1] INFO  server.RaftServerConfigKeys (ConfUtils.java:logGet(46)) - raft.server.rpc.timeout.max = 5200ms (custom)
2022-10-22 01:06:09,036 [pool-72-thread-1] INFO  server.RaftServerConfigKeys (ConfUtils.java:logGet(46)) - raft.server.rpc.sleep.time = 25ms (default)
2022-10-22 01:06:09,036 [pool-72-thread-1] INFO  server.RaftServerConfigKeys (ConfUtils.java:logGet(46)) - raft.server.rpc.slowness.timeout = 300s (custom)
2022-10-22 01:06:09,036 [pool-72-thread-1] INFO  server.RaftServerConfigKeys (ConfUtils.java:logGet(46)) - raft.server.leaderelection.leader.step-down.wait-time = 10s (default)
2022-10-22 01:06:09,036 [pool-72-thread-1] INFO  server.RaftServerConfigKeys (ConfUtils.java:logGet(46)) - raft.server.sleep.deviation.threshold = 300ms (default)
2022-10-22 01:06:09,036 [pool-72-thread-1] INFO  server.RaftServer$Division (ServerState.java:<init>(118)) - d1d68c68-fcd1-40a2-8bd4-08293fe543e0@group-028E8AAC4AA9: ConfigurationManager, init=-1: peers:[2e87c3a1-a023-462f-882b-ea1ca04c8a98|rpc:10.1.0.62:33759|priority:0|startupRole:FOLLOWER, 9705cc67-48fc-46f6-b325-a713191a975c|rpc:10.1.0.62:35497|priority:1|startupRole:FOLLOWER, d1d68c68-fcd1-40a2-8bd4-08293fe543e0|rpc:10.1.0.62:34369|priority:0|startupRole:FOLLOWER]|listeners:[], old=null, confs=<EMPTY_MAP>
2022-10-22 01:06:09,036 [pool-72-thread-1] INFO  server.RaftServerConfigKeys (ConfUtils.java:logGet(46)) - raft.server.storage.dir = [/home/runner/work/ozone/ozone/hadoop-ozone/integration-test/target/test-dir/MiniOzoneClusterImpl-a988f88d-4efe-430b-bf3c-a1e83706c790/datanode-0/data/ratis] (custom)
2022-10-22 01:06:09,037 [pool-72-thread-1] INFO  server.RaftServerConfigKeys (ConfUtils.java:logGet(46)) - raft.server.log.corruption.policy = EXCEPTION (default)
2022-10-22 01:06:09,037 [pool-72-thread-1] INFO  server.RaftServerConfigKeys (ConfUtils.java:logGet(46)) - raft.server.storage.free-space.min = 0MB (=0) (default)
2022-10-22 01:06:09,037 [pool-72-thread-1] INFO  server.RaftServerConfigKeys (ConfUtils.java:logGet(46)) - raft.server.notification.no-leader.timeout = 300s (custom)
2022-10-22 01:06:09,037 [pool-72-thread-1] INFO  server.RaftServerConfigKeys (ConfUtils.java:logGet(46)) - raft.server.retrycache.expirytime = 600000ms (custom)
2022-10-22 01:06:09,037 [pool-72-thread-1] INFO  server.RaftServerConfigKeys (ConfUtils.java:logGet(46)) - raft.server.retrycache.statistics.expirytime = 100μs (default)
2022-10-22 01:06:09,038 [pool-72-thread-1] INFO  server.RaftServerConfigKeys (ConfUtils.java:logGet(46)) - raft.server.log.appender.install.snapshot.enabled = false (custom)
2022-10-22 01:06:09,038 [pool-72-thread-1] INFO  server.RaftServerConfigKeys (ConfUtils.java:logGet(46)) - raft.server.threadpool.server.cached = true (default)
2022-10-22 01:06:09,038 [pool-72-thread-1] INFO  server.RaftServerConfigKeys (ConfUtils.java:logGet(46)) - raft.server.threadpool.server.size = 0 (default)
2022-10-22 01:06:09,038 [pool-72-thread-1] INFO  server.RaftServerConfigKeys (ConfUtils.java:logGet(46)) - raft.server.threadpool.client.cached = true (default)
2022-10-22 01:06:09,038 [pool-72-thread-1] INFO  server.RaftServerConfigKeys (ConfUtils.java:logGet(46)) - raft.server.threadpool.client.size = 0 (default)
2022-10-22 01:06:09,038 [pool-72-thread-1] INFO  storage.RaftStorageDirectory (RaftStorageDirectoryImpl.java:analyzeStorage(137)) - The storage directory /home/runner/work/ozone/ozone/hadoop-ozone/integration-test/target/test-dir/MiniOzoneClusterImpl-a988f88d-4efe-430b-bf3c-a1e83706c790/datanode-0/data/ratis/9785cce1-d2ba-45de-8ea8-028e8aac4aa9 does not exist. Creating ...
2022-10-22 01:06:09,036 [pool-94-thread-1] INFO  server.RaftServerConfigKeys (ConfUtils.java:logGet(46)) - raft.server.log.segment.size.max = 1048576 (custom)
2022-10-22 01:06:09,041 [pool-72-thread-1] INFO  storage.RaftStorageDirectory (RaftStorageDirectoryImpl.java:tryLock(231)) - Lock on /home/runner/work/ozone/ozone/hadoop-ozone/integration-test/target/test-dir/MiniOzoneClusterImpl-a988f88d-4efe-430b-bf3c-a1e83706c790/datanode-0/data/ratis/9785cce1-d2ba-45de-8ea8-028e8aac4aa9/in_use.lock acquired by nodename 13814@fv-az334-928
2022-10-22 01:06:09,041 [pool-94-thread-1] INFO  server.RaftServerConfigKeys (ConfUtils.java:logGet(46)) - raft.server.log.segment.cache.num.max = 2 (custom)
2022-10-22 01:06:09,041 [pool-94-thread-1] INFO  server.RaftServerConfigKeys (ConfUtils.java:logGet(46)) - raft.server.log.segment.cache.size.max = 200MB (=209715200) (default)
2022-10-22 01:06:09,041 [pool-94-thread-1] INFO  segmented.SegmentedRaftLogWorker (SegmentedRaftLogWorker.java:<init>(191)) - new 9705cc67-48fc-46f6-b325-a713191a975c@group-028E8AAC4AA9-SegmentedRaftLogWorker for RaftStorageImpl:Storage Directory /home/runner/work/ozone/ozone/hadoop-ozone/integration-test/target/test-dir/MiniOzoneClusterImpl-a988f88d-4efe-430b-bf3c-a1e83706c790/datanode-1/data/ratis/9785cce1-d2ba-45de-8ea8-028e8aac4aa9
2022-10-22 01:06:09,041 [pool-94-thread-1] INFO  server.RaftServerConfigKeys (ConfUtils.java:logGet(46)) - raft.server.log.queue.byte-limit = 4294967296 (custom)
2022-10-22 01:06:09,041 [pool-94-thread-1] INFO  server.RaftServerConfigKeys (ConfUtils.java:logGet(46)) - raft.server.log.queue.element-limit = 1024 (custom)
2022-10-22 01:06:09,041 [pool-94-thread-1] INFO  server.RaftServerConfigKeys (ConfUtils.java:logGet(46)) - raft.server.log.segment.size.max = 1048576 (custom)
2022-10-22 01:06:09,041 [pool-94-thread-1] INFO  server.RaftServerConfigKeys (ConfUtils.java:logGet(46)) - raft.server.log.preallocated.size = 16384 (custom)
2022-10-22 01:06:09,041 [pool-94-thread-1] INFO  server.RaftServerConfigKeys (ConfUtils.java:logGet(46)) - raft.server.log.force.sync.num = 128 (default)
2022-10-22 01:06:09,041 [pool-94-thread-1] INFO  server.RaftServerConfigKeys (ConfUtils.java:logGet(46)) - raft.server.log.statemachine.data.sync = true (default)
2022-10-22 01:06:09,041 [pool-94-thread-1] INFO  server.RaftServerConfigKeys (ConfUtils.java:logGet(46)) - raft.server.log.statemachine.data.sync.timeout = 10s (default)
2022-10-22 01:06:09,041 [pool-94-thread-1] INFO  server.RaftServerConfigKeys (ConfUtils.java:logGet(46)) - raft.server.log.statemachine.data.sync.timeout.retry = -1 (default)
2022-10-22 01:06:09,042 [pool-72-thread-1] INFO  storage.RaftStorage (RaftStorageImpl.java:format(96)) - Storage directory /home/runner/work/ozone/ozone/hadoop-ozone/integration-test/target/test-dir/MiniOzoneClusterImpl-a988f88d-4efe-430b-bf3c-a1e83706c790/datanode-0/data/ratis/9785cce1-d2ba-45de-8ea8-028e8aac4aa9 has been successfully formatted.
2022-10-22 01:06:09,042 [pool-72-thread-1] INFO  ratis.ContainerStateMachine (ContainerStateMachine.java:loadSnapshot(236)) - group-028E8AAC4AA9: The snapshot info is null. Setting the last applied indexto:(t:0, i:~)
2022-10-22 01:06:09,042 [pool-72-thread-1] INFO  server.RaftServerConfigKeys (ConfUtils.java:logGet(46)) - raft.server.log.use.memory = false (default)
2022-10-22 01:06:09,042 [pool-94-thread-1] INFO  server.RaftServerConfigKeys (ConfUtils.java:logGet(46)) - raft.server.log.write.buffer.size = 1048576 (custom)
2022-10-22 01:06:09,042 [pool-72-thread-1] INFO  server.RaftServerConfigKeys (ConfUtils.java:logGet(46)) - raft.server.log.purge.gap = 1000000 (custom)
2022-10-22 01:06:09,043 [pool-94-thread-1] INFO  server.RaftServerConfigKeys (ConfUtils.java:logGet(46)) - raft.server.log.unsafe-flush.enabled = false (default)
2022-10-22 01:06:09,043 [pool-72-thread-1] INFO  server.RaftServerConfigKeys (ConfUtils.java:logGet(46)) - raft.server.log.appender.buffer.byte-limit = 33554432 (custom)
2022-10-22 01:06:09,043 [pool-94-thread-1] INFO  server.RaftServerConfigKeys (ConfUtils.java:logGet(46)) - raft.server.log.async-flush.enabled = false (default)
2022-10-22 01:06:09,044 [pool-94-thread-1] INFO  server.RaftServerConfigKeys (ConfUtils.java:logGet(46)) - raft.server.log.statemachine.data.caching.enabled = true (custom)
2022-10-22 01:06:09,044 [pool-94-thread-1] INFO  segmented.SegmentedRaftLogWorker (SegmentedRaftLogWorker.java:lambda$new$0(136)) - 9705cc67-48fc-46f6-b325-a713191a975c@group-028E8AAC4AA9-SegmentedRaftLogWorker: flushIndex: setUnconditionally 0 -> -1
2022-10-22 01:06:09,044 [pool-94-thread-1] INFO  segmented.SegmentedRaftLogWorker (SegmentedRaftLogWorker.java:lambda$new$0(136)) - 9705cc67-48fc-46f6-b325-a713191a975c@group-028E8AAC4AA9-SegmentedRaftLogWorker: safeCacheEvictIndex: setUnconditionally 0 -> -1
2022-10-22 01:06:09,044 [EventQueue-OpenPipelineForHealthyPipelineSafeModeRule] INFO  safemode.SCMSafeModeManager (HealthyPipelineSafeModeRule.java:process(137)) - SCM in safe mode. Healthy pipelines reported count is 0, required healthy pipeline reported count is 1
2022-10-22 01:06:09,045 [pool-72-thread-1] INFO  server.RaftServerConfigKeys (ConfUtils.java:logGet(46)) - raft.server.log.statemachine.data.read.timeout = 1000ms (default)
2022-10-22 01:06:09,045 [pool-94-thread-1] INFO  server.RaftServer$Division (RaftServerImpl.java:start(334)) - 9705cc67-48fc-46f6-b325-a713191a975c@group-028E8AAC4AA9: start as a follower, conf=-1: peers:[2e87c3a1-a023-462f-882b-ea1ca04c8a98|rpc:10.1.0.62:33759|priority:0|startupRole:FOLLOWER, 9705cc67-48fc-46f6-b325-a713191a975c|rpc:10.1.0.62:35497|priority:1|startupRole:FOLLOWER, d1d68c68-fcd1-40a2-8bd4-08293fe543e0|rpc:10.1.0.62:34369|priority:0|startupRole:FOLLOWER]|listeners:[], old=null
2022-10-22 01:06:09,045 [pool-72-thread-1] INFO  server.RaftServerConfigKeys (ConfUtils.java:logGet(46)) - raft.server.log.purge.preservation.log.num = 0 (default)
2022-10-22 01:06:09,045 [pool-94-thread-1] INFO  server.RaftServer$Division (RaftServerImpl.java:setRole(321)) - 9705cc67-48fc-46f6-b325-a713191a975c@group-028E8AAC4AA9: changes role from      null to FOLLOWER at term 0 for startAsFollower
2022-10-22 01:06:09,045 [pool-94-thread-1] INFO  impl.RoleInfo (RoleInfo.java:updateAndGet(139)) - 9705cc67-48fc-46f6-b325-a713191a975c: start 9705cc67-48fc-46f6-b325-a713191a975c@group-028E8AAC4AA9-FollowerState
2022-10-22 01:06:09,045 [pool-72-thread-1] INFO  server.RaftServerConfigKeys (ConfUtils.java:logGet(46)) - raft.server.log.segment.size.max = 1048576 (custom)
2022-10-22 01:06:09,045 [pool-72-thread-1] INFO  server.RaftServerConfigKeys (ConfUtils.java:logGet(46)) - raft.server.log.segment.cache.num.max = 2 (custom)
2022-10-22 01:06:09,045 [pool-72-thread-1] INFO  server.RaftServerConfigKeys (ConfUtils.java:logGet(46)) - raft.server.log.segment.cache.size.max = 200MB (=209715200) (default)
2022-10-22 01:06:09,045 [pool-72-thread-1] INFO  segmented.SegmentedRaftLogWorker (SegmentedRaftLogWorker.java:<init>(191)) - new d1d68c68-fcd1-40a2-8bd4-08293fe543e0@group-028E8AAC4AA9-SegmentedRaftLogWorker for RaftStorageImpl:Storage Directory /home/runner/work/ozone/ozone/hadoop-ozone/integration-test/target/test-dir/MiniOzoneClusterImpl-a988f88d-4efe-430b-bf3c-a1e83706c790/datanode-0/data/ratis/9785cce1-d2ba-45de-8ea8-028e8aac4aa9
2022-10-22 01:06:09,045 [pool-72-thread-1] INFO  server.RaftServerConfigKeys (ConfUtils.java:logGet(46)) - raft.server.log.queue.byte-limit = 4294967296 (custom)
2022-10-22 01:06:09,046 [pool-72-thread-1] INFO  server.RaftServerConfigKeys (ConfUtils.java:logGet(46)) - raft.server.log.queue.element-limit = 1024 (custom)
2022-10-22 01:06:09,046 [pool-72-thread-1] INFO  server.RaftServerConfigKeys (ConfUtils.java:logGet(46)) - raft.server.log.segment.size.max = 1048576 (custom)
2022-10-22 01:06:09,046 [pool-72-thread-1] INFO  server.RaftServerConfigKeys (ConfUtils.java:logGet(46)) - raft.server.log.preallocated.size = 16384 (custom)
2022-10-22 01:06:09,046 [pool-72-thread-1] INFO  server.RaftServerConfigKeys (ConfUtils.java:logGet(46)) - raft.server.log.force.sync.num = 128 (default)
2022-10-22 01:06:09,046 [pool-72-thread-1] INFO  server.RaftServerConfigKeys (ConfUtils.java:logGet(46)) - raft.server.log.statemachine.data.sync = true (default)
2022-10-22 01:06:09,046 [pool-72-thread-1] INFO  server.RaftServerConfigKeys (ConfUtils.java:logGet(46)) - raft.server.log.statemachine.data.sync.timeout = 10s (default)
2022-10-22 01:06:09,046 [pool-72-thread-1] INFO  server.RaftServerConfigKeys (ConfUtils.java:logGet(46)) - raft.server.log.statemachine.data.sync.timeout.retry = -1 (default)
2022-10-22 01:06:09,050 [pool-94-thread-1] INFO  util.JmxRegister (JmxRegister.java:tryRegister(44)) - Successfully registered JMX Bean with object name Ratis:service=RaftServer,group=group-028E8AAC4AA9,id=9705cc67-48fc-46f6-b325-a713191a975c
2022-10-22 01:06:09,050 [pool-94-thread-1] INFO  server.RaftServerConfigKeys (ConfUtils.java:logGet(46)) - raft.server.snapshot.auto.trigger.enabled = true (custom)
2022-10-22 01:06:09,050 [pool-94-thread-1] INFO  server.RaftServerConfigKeys (ConfUtils.java:logGet(46)) - raft.server.snapshot.auto.trigger.threshold = 10000 (custom)
2022-10-22 01:06:09,050 [pool-94-thread-1] INFO  server.RaftServerConfigKeys (ConfUtils.java:logGet(46)) - raft.server.snapshot.retention.file.num = 5 (custom)
2022-10-22 01:06:09,050 [pool-94-thread-1] INFO  server.RaftServerConfigKeys (ConfUtils.java:logGet(46)) - raft.server.log.purge.upto.snapshot.index = false (default)
2022-10-22 01:06:09,051 [9705cc67-48fc-46f6-b325-a713191a975c@group-028E8AAC4AA9-FollowerState] INFO  server.RaftServerConfigKeys (ConfUtils.java:logFallback(53)) - raft.server.rpc.first-election.timeout.min = 5s (fallback to raft.server.rpc.timeout.min)
2022-10-22 01:06:09,051 [9705cc67-48fc-46f6-b325-a713191a975c@group-028E8AAC4AA9-FollowerState] INFO  server.RaftServerConfigKeys (ConfUtils.java:logFallback(53)) - raft.server.rpc.first-election.timeout.max = 5200ms (fallback to raft.server.rpc.timeout.max)
2022-10-22 01:06:09,055 [pool-72-thread-1] INFO  server.RaftServerConfigKeys (ConfUtils.java:logGet(46)) - raft.server.log.write.buffer.size = 1048576 (custom)
2022-10-22 01:06:09,056 [pool-72-thread-1] INFO  server.RaftServerConfigKeys (ConfUtils.java:logGet(46)) - raft.server.log.unsafe-flush.enabled = false (default)
2022-10-22 01:06:09,056 [pool-72-thread-1] INFO  server.RaftServerConfigKeys (ConfUtils.java:logGet(46)) - raft.server.log.async-flush.enabled = false (default)
2022-10-22 01:06:09,056 [pool-72-thread-1] INFO  server.RaftServerConfigKeys (ConfUtils.java:logGet(46)) - raft.server.log.statemachine.data.caching.enabled = true (custom)
2022-10-22 01:06:09,056 [pool-72-thread-1] INFO  segmented.SegmentedRaftLogWorker (SegmentedRaftLogWorker.java:lambda$new$0(136)) - d1d68c68-fcd1-40a2-8bd4-08293fe543e0@group-028E8AAC4AA9-SegmentedRaftLogWorker: flushIndex: setUnconditionally 0 -> -1
2022-10-22 01:06:09,056 [pool-72-thread-1] INFO  segmented.SegmentedRaftLogWorker (SegmentedRaftLogWorker.java:lambda$new$0(136)) - d1d68c68-fcd1-40a2-8bd4-08293fe543e0@group-028E8AAC4AA9-SegmentedRaftLogWorker: safeCacheEvictIndex: setUnconditionally 0 -> -1
2022-10-22 01:06:09,056 [Command processor thread] INFO  ratis.XceiverServerRatis (XceiverServerRatis.java:addGroup(765)) - Created group PipelineID=9785cce1-d2ba-45de-8ea8-028e8aac4aa9
2022-10-22 01:06:09,059 [pool-72-thread-1] INFO  server.RaftServer$Division (RaftServerImpl.java:start(334)) - d1d68c68-fcd1-40a2-8bd4-08293fe543e0@group-028E8AAC4AA9: start as a follower, conf=-1: peers:[2e87c3a1-a023-462f-882b-ea1ca04c8a98|rpc:10.1.0.62:33759|priority:0|startupRole:FOLLOWER, 9705cc67-48fc-46f6-b325-a713191a975c|rpc:10.1.0.62:35497|priority:1|startupRole:FOLLOWER, d1d68c68-fcd1-40a2-8bd4-08293fe543e0|rpc:10.1.0.62:34369|priority:0|startupRole:FOLLOWER]|listeners:[], old=null
2022-10-22 01:06:09,059 [pool-72-thread-1] INFO  server.RaftServer$Division (RaftServerImpl.java:setRole(321)) - d1d68c68-fcd1-40a2-8bd4-08293fe543e0@group-028E8AAC4AA9: changes role from      null to FOLLOWER at term 0 for startAsFollower
2022-10-22 01:06:09,059 [pool-72-thread-1] INFO  impl.RoleInfo (RoleInfo.java:updateAndGet(139)) - d1d68c68-fcd1-40a2-8bd4-08293fe543e0: start d1d68c68-fcd1-40a2-8bd4-08293fe543e0@group-028E8AAC4AA9-FollowerState
2022-10-22 01:06:09,060 [pool-72-thread-1] INFO  util.JmxRegister (JmxRegister.java:tryRegister(44)) - Successfully registered JMX Bean with object name Ratis:service=RaftServer,group=group-028E8AAC4AA9,id=d1d68c68-fcd1-40a2-8bd4-08293fe543e0
2022-10-22 01:06:09,060 [d1d68c68-fcd1-40a2-8bd4-08293fe543e0@group-028E8AAC4AA9-FollowerState] INFO  server.RaftServerConfigKeys (ConfUtils.java:logFallback(53)) - raft.server.rpc.first-election.timeout.min = 5s (fallback to raft.server.rpc.timeout.min)
2022-10-22 01:06:09,060 [pool-72-thread-1] INFO  server.RaftServerConfigKeys (ConfUtils.java:logGet(46)) - raft.server.snapshot.auto.trigger.enabled = true (custom)
2022-10-22 01:06:09,060 [d1d68c68-fcd1-40a2-8bd4-08293fe543e0@group-028E8AAC4AA9-FollowerState] INFO  server.RaftServerConfigKeys (ConfUtils.java:logFallback(53)) - raft.server.rpc.first-election.timeout.max = 5200ms (fallback to raft.server.rpc.timeout.max)
2022-10-22 01:06:09,060 [pool-72-thread-1] INFO  server.RaftServerConfigKeys (ConfUtils.java:logGet(46)) - raft.server.snapshot.auto.trigger.threshold = 10000 (custom)
2022-10-22 01:06:09,060 [pool-72-thread-1] INFO  server.RaftServerConfigKeys (ConfUtils.java:logGet(46)) - raft.server.snapshot.retention.file.num = 5 (custom)
2022-10-22 01:06:09,060 [pool-72-thread-1] INFO  server.RaftServerConfigKeys (ConfUtils.java:logGet(46)) - raft.server.log.purge.upto.snapshot.index = false (default)
2022-10-22 01:06:09,062 [Command processor thread] INFO  ratis.XceiverServerRatis (XceiverServerRatis.java:addGroup(765)) - Created group PipelineID=9785cce1-d2ba-45de-8ea8-028e8aac4aa9
2022-10-22 01:06:09,076 [grpc-default-executor-0] INFO  server.RaftServer (RaftServerProxy.java:addNew(96)) - 2e87c3a1-a023-462f-882b-ea1ca04c8a98: addNew group-028E8AAC4AA9:[2e87c3a1-a023-462f-882b-ea1ca04c8a98|rpc:10.1.0.62:33759|dataStream:|priority:0|startupRole:FOLLOWER, 9705cc67-48fc-46f6-b325-a713191a975c|rpc:10.1.0.62:35497|dataStream:|priority:1|startupRole:FOLLOWER, d1d68c68-fcd1-40a2-8bd4-08293fe543e0|rpc:10.1.0.62:34369|dataStream:|priority:0|startupRole:FOLLOWER] returns group-028E8AAC4AA9:java.util.concurrent.CompletableFuture@530ee814[Not completed]
2022-10-22 01:06:09,077 [pool-118-thread-1] INFO  server.RaftServer$Division (RaftServerImpl.java:<init>(195)) - 2e87c3a1-a023-462f-882b-ea1ca04c8a98: new RaftServerImpl for group-028E8AAC4AA9:[2e87c3a1-a023-462f-882b-ea1ca04c8a98|rpc:10.1.0.62:33759|dataStream:|priority:0|startupRole:FOLLOWER, 9705cc67-48fc-46f6-b325-a713191a975c|rpc:10.1.0.62:35497|dataStream:|priority:1|startupRole:FOLLOWER, d1d68c68-fcd1-40a2-8bd4-08293fe543e0|rpc:10.1.0.62:34369|dataStream:|priority:0|startupRole:FOLLOWER] with ContainerStateMachine:uninitialized
2022-10-22 01:06:09,077 [pool-118-thread-1] INFO  server.RaftServerConfigKeys (ConfUtils.java:logGet(46)) - raft.server.rpc.timeout.min = 5s (custom)
2022-10-22 01:06:09,077 [pool-118-thread-1] INFO  server.RaftServerConfigKeys (ConfUtils.java:logGet(46)) - raft.server.rpc.timeout.max = 5200ms (custom)
2022-10-22 01:06:09,077 [pool-118-thread-1] INFO  server.RaftServerConfigKeys (ConfUtils.java:logGet(46)) - raft.server.rpc.sleep.time = 25ms (default)
2022-10-22 01:06:09,077 [pool-118-thread-1] INFO  server.RaftServerConfigKeys (ConfUtils.java:logGet(46)) - raft.server.rpc.slowness.timeout = 300s (custom)
2022-10-22 01:06:09,077 [pool-118-thread-1] INFO  server.RaftServerConfigKeys (ConfUtils.java:logGet(46)) - raft.server.leaderelection.leader.step-down.wait-time = 10s (default)
2022-10-22 01:06:09,077 [pool-118-thread-1] INFO  server.RaftServerConfigKeys (ConfUtils.java:logGet(46)) - raft.server.sleep.deviation.threshold = 300ms (default)
2022-10-22 01:06:09,078 [pool-118-thread-1] INFO  server.RaftServer$Division (ServerState.java:<init>(118)) - 2e87c3a1-a023-462f-882b-ea1ca04c8a98@group-028E8AAC4AA9: ConfigurationManager, init=-1: peers:[2e87c3a1-a023-462f-882b-ea1ca04c8a98|rpc:10.1.0.62:33759|dataStream:|priority:0|startupRole:FOLLOWER, 9705cc67-48fc-46f6-b325-a713191a975c|rpc:10.1.0.62:35497|dataStream:|priority:1|startupRole:FOLLOWER, d1d68c68-fcd1-40a2-8bd4-08293fe543e0|rpc:10.1.0.62:34369|dataStream:|priority:0|startupRole:FOLLOWER]|listeners:[], old=null, confs=<EMPTY_MAP>
2022-10-22 01:06:09,078 [pool-118-thread-1] INFO  server.RaftServerConfigKeys (ConfUtils.java:logGet(46)) - raft.server.storage.dir = [/home/runner/work/ozone/ozone/hadoop-ozone/integration-test/target/test-dir/MiniOzoneClusterImpl-a988f88d-4efe-430b-bf3c-a1e83706c790/datanode-2/data/ratis] (custom)
2022-10-22 01:06:09,078 [pool-118-thread-1] INFO  server.RaftServerConfigKeys (ConfUtils.java:logGet(46)) - raft.server.log.corruption.policy = EXCEPTION (default)
2022-10-22 01:06:09,078 [pool-118-thread-1] INFO  server.RaftServerConfigKeys (ConfUtils.java:logGet(46)) - raft.server.storage.free-space.min = 0MB (=0) (default)
2022-10-22 01:06:09,078 [pool-118-thread-1] INFO  server.RaftServerConfigKeys (ConfUtils.java:logGet(46)) - raft.server.notification.no-leader.timeout = 300s (custom)
2022-10-22 01:06:09,078 [pool-118-thread-1] INFO  server.RaftServerConfigKeys (ConfUtils.java:logGet(46)) - raft.server.retrycache.expirytime = 600000ms (custom)
2022-10-22 01:06:09,078 [pool-118-thread-1] INFO  server.RaftServerConfigKeys (ConfUtils.java:logGet(46)) - raft.server.retrycache.statistics.expirytime = 100μs (default)
2022-10-22 01:06:09,079 [Command processor thread] INFO  server.RaftServer (RaftServerProxy.java:addNew(96)) - 2e87c3a1-a023-462f-882b-ea1ca04c8a98: addNew group-49CF8CCC8F99:[2e87c3a1-a023-462f-882b-ea1ca04c8a98|rpc:10.1.0.62:33759|priority:1|startupRole:FOLLOWER] returns group-49CF8CCC8F99:java.util.concurrent.CompletableFuture@65804d0b[Not completed]
2022-10-22 01:06:09,079 [pool-118-thread-1] INFO  server.RaftServerConfigKeys (ConfUtils.java:logGet(46)) - raft.server.log.appender.install.snapshot.enabled = false (custom)
2022-10-22 01:06:09,080 [pool-118-thread-1] INFO  server.RaftServerConfigKeys (ConfUtils.java:logGet(46)) - raft.server.threadpool.server.cached = true (default)
2022-10-22 01:06:09,080 [pool-118-thread-1] INFO  server.RaftServerConfigKeys (ConfUtils.java:logGet(46)) - raft.server.threadpool.server.size = 0 (default)
2022-10-22 01:06:09,080 [pool-118-thread-1] INFO  server.RaftServerConfigKeys (ConfUtils.java:logGet(46)) - raft.server.threadpool.client.cached = true (default)
2022-10-22 01:06:09,080 [pool-118-thread-1] INFO  server.RaftServerConfigKeys (ConfUtils.java:logGet(46)) - raft.server.threadpool.client.size = 0 (default)
2022-10-22 01:06:09,081 [pool-118-thread-1] INFO  server.RaftServer$Division (RaftServerImpl.java:<init>(195)) - 2e87c3a1-a023-462f-882b-ea1ca04c8a98: new RaftServerImpl for group-49CF8CCC8F99:[2e87c3a1-a023-462f-882b-ea1ca04c8a98|rpc:10.1.0.62:33759|priority:1|startupRole:FOLLOWER] with ContainerStateMachine:uninitialized
2022-10-22 01:06:09,081 [pool-118-thread-1] INFO  server.RaftServerConfigKeys (ConfUtils.java:logGet(46)) - raft.server.rpc.timeout.min = 5s (custom)
2022-10-22 01:06:09,081 [pool-118-thread-1] INFO  server.RaftServerConfigKeys (ConfUtils.java:logGet(46)) - raft.server.rpc.timeout.max = 5200ms (custom)
2022-10-22 01:06:09,081 [pool-118-thread-1] INFO  server.RaftServerConfigKeys (ConfUtils.java:logGet(46)) - raft.server.rpc.sleep.time = 25ms (default)
2022-10-22 01:06:09,081 [pool-118-thread-1] INFO  server.RaftServerConfigKeys (ConfUtils.java:logGet(46)) - raft.server.rpc.slowness.timeout = 300s (custom)
2022-10-22 01:06:09,082 [pool-118-thread-1] INFO  server.RaftServerConfigKeys (ConfUtils.java:logGet(46)) - raft.server.leaderelection.leader.step-down.wait-time = 10s (default)
2022-10-22 01:06:09,082 [pool-118-thread-1] INFO  server.RaftServerConfigKeys (ConfUtils.java:logGet(46)) - raft.server.sleep.deviation.threshold = 300ms (default)
2022-10-22 01:06:09,082 [pool-118-thread-1] INFO  server.RaftServer$Division (ServerState.java:<init>(118)) - 2e87c3a1-a023-462f-882b-ea1ca04c8a98@group-49CF8CCC8F99: ConfigurationManager, init=-1: peers:[2e87c3a1-a023-462f-882b-ea1ca04c8a98|rpc:10.1.0.62:33759|priority:1|startupRole:FOLLOWER]|listeners:[], old=null, confs=<EMPTY_MAP>
2022-10-22 01:06:09,082 [pool-118-thread-1] INFO  server.RaftServerConfigKeys (ConfUtils.java:logGet(46)) - raft.server.storage.dir = [/home/runner/work/ozone/ozone/hadoop-ozone/integration-test/target/test-dir/MiniOzoneClusterImpl-a988f88d-4efe-430b-bf3c-a1e83706c790/datanode-2/data/ratis] (custom)
2022-10-22 01:06:09,082 [pool-118-thread-1] INFO  server.RaftServerConfigKeys (ConfUtils.java:logGet(46)) - raft.server.log.corruption.policy = EXCEPTION (default)
2022-10-22 01:06:09,082 [pool-118-thread-1] INFO  server.RaftServerConfigKeys (ConfUtils.java:logGet(46)) - raft.server.storage.free-space.min = 0MB (=0) (default)
2022-10-22 01:06:09,082 [pool-118-thread-1] INFO  server.RaftServerConfigKeys (ConfUtils.java:logGet(46)) - raft.server.notification.no-leader.timeout = 300s (custom)
2022-10-22 01:06:09,082 [pool-118-thread-1] INFO  server.RaftServerConfigKeys (ConfUtils.java:logGet(46)) - raft.server.retrycache.expirytime = 600000ms (custom)
2022-10-22 01:06:09,082 [pool-118-thread-1] INFO  server.RaftServerConfigKeys (ConfUtils.java:logGet(46)) - raft.server.retrycache.statistics.expirytime = 100μs (default)
2022-10-22 01:06:09,085 [pool-118-thread-1] INFO  server.RaftServerConfigKeys (ConfUtils.java:logGet(46)) - raft.server.log.appender.install.snapshot.enabled = false (custom)
2022-10-22 01:06:09,085 [pool-118-thread-1] INFO  server.RaftServerConfigKeys (ConfUtils.java:logGet(46)) - raft.server.threadpool.server.cached = true (default)
2022-10-22 01:06:09,085 [pool-118-thread-1] INFO  server.RaftServerConfigKeys (ConfUtils.java:logGet(46)) - raft.server.threadpool.server.size = 0 (default)
2022-10-22 01:06:09,085 [pool-118-thread-1] INFO  server.RaftServerConfigKeys (ConfUtils.java:logGet(46)) - raft.server.threadpool.client.cached = true (default)
2022-10-22 01:06:09,085 [pool-118-thread-1] INFO  server.RaftServerConfigKeys (ConfUtils.java:logGet(46)) - raft.server.threadpool.client.size = 0 (default)
2022-10-22 01:06:09,085 [pool-118-thread-1] INFO  storage.RaftStorageDirectory (RaftStorageDirectoryImpl.java:analyzeStorage(137)) - The storage directory /home/runner/work/ozone/ozone/hadoop-ozone/integration-test/target/test-dir/MiniOzoneClusterImpl-a988f88d-4efe-430b-bf3c-a1e83706c790/datanode-2/data/ratis/9785cce1-d2ba-45de-8ea8-028e8aac4aa9 does not exist. Creating ...
2022-10-22 01:06:09,086 [pool-118-thread-1] INFO  storage.RaftStorageDirectory (RaftStorageDirectoryImpl.java:tryLock(231)) - Lock on /home/runner/work/ozone/ozone/hadoop-ozone/integration-test/target/test-dir/MiniOzoneClusterImpl-a988f88d-4efe-430b-bf3c-a1e83706c790/datanode-2/data/ratis/9785cce1-d2ba-45de-8ea8-028e8aac4aa9/in_use.lock acquired by nodename 13814@fv-az334-928
2022-10-22 01:06:09,089 [pool-118-thread-1] INFO  storage.RaftStorage (RaftStorageImpl.java:format(96)) - Storage directory /home/runner/work/ozone/ozone/hadoop-ozone/integration-test/target/test-dir/MiniOzoneClusterImpl-a988f88d-4efe-430b-bf3c-a1e83706c790/datanode-2/data/ratis/9785cce1-d2ba-45de-8ea8-028e8aac4aa9 has been successfully formatted.
2022-10-22 01:06:09,094 [pool-118-thread-1] INFO  ratis.ContainerStateMachine (ContainerStateMachine.java:loadSnapshot(236)) - group-028E8AAC4AA9: The snapshot info is null. Setting the last applied indexto:(t:0, i:~)
2022-10-22 01:06:09,094 [pool-118-thread-1] INFO  server.RaftServerConfigKeys (ConfUtils.java:logGet(46)) - raft.server.log.use.memory = false (default)
2022-10-22 01:06:09,094 [pool-118-thread-1] INFO  server.RaftServerConfigKeys (ConfUtils.java:logGet(46)) - raft.server.log.purge.gap = 1000000 (custom)
2022-10-22 01:06:09,094 [pool-118-thread-1] INFO  server.RaftServerConfigKeys (ConfUtils.java:logGet(46)) - raft.server.log.appender.buffer.byte-limit = 33554432 (custom)
2022-10-22 01:06:09,094 [pool-118-thread-1] INFO  server.RaftServerConfigKeys (ConfUtils.java:logGet(46)) - raft.server.log.statemachine.data.read.timeout = 1000ms (default)
2022-10-22 01:06:09,094 [pool-118-thread-1] INFO  server.RaftServerConfigKeys (ConfUtils.java:logGet(46)) - raft.server.log.purge.preservation.log.num = 0 (default)
2022-10-22 01:06:09,094 [pool-118-thread-1] INFO  server.RaftServerConfigKeys (ConfUtils.java:logGet(46)) - raft.server.log.segment.size.max = 1048576 (custom)
2022-10-22 01:06:09,095 [EventQueue-PipelineReportForPipelineReportHandler] INFO  pipeline.PipelineManagerImpl (PipelineManagerImpl.java:openPipeline(367)) - Pipeline Pipeline[ Id: 2f1e19a8-9154-4640-8f39-49cf8ccc8f99, Nodes: 2e87c3a1-a023-462f-882b-ea1ca04c8a98{ip: 10.1.0.62, host: fv-az334-928.zg0gw54pbdoexfhqlmz30d51na.gx.internal.cloudapp.net, ports: [REPLICATION=42711, RATIS=33759, RATIS_ADMIN=33759, RATIS_SERVER=33759, STANDALONE=44761], networkLocation: /default-rack, certSerialId: null, persistedOpState: IN_SERVICE, persistedOpStateExpiryEpochSec: 0}, ReplicationConfig: RATIS/ONE, State:ALLOCATED, leaderId:2e87c3a1-a023-462f-882b-ea1ca04c8a98, CreationTimestamp2022-10-22T01:06:06.083Z[Etc/UTC]] moved to OPEN state
2022-10-22 01:06:09,096 [pool-118-thread-1] INFO  server.RaftServerConfigKeys (ConfUtils.java:logGet(46)) - raft.server.log.segment.cache.num.max = 2 (custom)
2022-10-22 01:06:09,096 [pool-118-thread-1] INFO  server.RaftServerConfigKeys (ConfUtils.java:logGet(46)) - raft.server.log.segment.cache.size.max = 200MB (=209715200) (default)
2022-10-22 01:06:09,096 [pool-118-thread-1] INFO  segmented.SegmentedRaftLogWorker (SegmentedRaftLogWorker.java:<init>(191)) - new 2e87c3a1-a023-462f-882b-ea1ca04c8a98@group-028E8AAC4AA9-SegmentedRaftLogWorker for RaftStorageImpl:Storage Directory /home/runner/work/ozone/ozone/hadoop-ozone/integration-test/target/test-dir/MiniOzoneClusterImpl-a988f88d-4efe-430b-bf3c-a1e83706c790/datanode-2/data/ratis/9785cce1-d2ba-45de-8ea8-028e8aac4aa9
2022-10-22 01:06:09,096 [pool-118-thread-1] INFO  server.RaftServerConfigKeys (ConfUtils.java:logGet(46)) - raft.server.log.queue.byte-limit = 4294967296 (custom)
2022-10-22 01:06:09,097 [pool-118-thread-1] INFO  server.RaftServerConfigKeys (ConfUtils.java:logGet(46)) - raft.server.log.queue.element-limit = 1024 (custom)
2022-10-22 01:06:09,097 [pool-118-thread-1] INFO  server.RaftServerConfigKeys (ConfUtils.java:logGet(46)) - raft.server.log.segment.size.max = 1048576 (custom)
2022-10-22 01:06:09,097 [pool-118-thread-1] INFO  server.RaftServerConfigKeys (ConfUtils.java:logGet(46)) - raft.server.log.preallocated.size = 16384 (custom)
2022-10-22 01:06:09,097 [pool-118-thread-1] INFO  server.RaftServerConfigKeys (ConfUtils.java:logGet(46)) - raft.server.log.force.sync.num = 128 (default)
2022-10-22 01:06:09,097 [pool-118-thread-1] INFO  server.RaftServerConfigKeys (ConfUtils.java:logGet(46)) - raft.server.log.statemachine.data.sync = true (default)
2022-10-22 01:06:09,097 [pool-118-thread-1] INFO  server.RaftServerConfigKeys (ConfUtils.java:logGet(46)) - raft.server.log.statemachine.data.sync.timeout = 10s (default)
2022-10-22 01:06:09,097 [pool-118-thread-1] INFO  server.RaftServerConfigKeys (ConfUtils.java:logGet(46)) - raft.server.log.statemachine.data.sync.timeout.retry = -1 (default)
2022-10-22 01:06:09,098 [pool-118-thread-1] INFO  server.RaftServerConfigKeys (ConfUtils.java:logGet(46)) - raft.server.log.write.buffer.size = 1048576 (custom)
2022-10-22 01:06:09,098 [pool-118-thread-1] INFO  server.RaftServerConfigKeys (ConfUtils.java:logGet(46)) - raft.server.log.unsafe-flush.enabled = false (default)
2022-10-22 01:06:09,098 [pool-118-thread-1] INFO  server.RaftServerConfigKeys (ConfUtils.java:logGet(46)) - raft.server.log.async-flush.enabled = false (default)
2022-10-22 01:06:09,098 [pool-118-thread-1] INFO  server.RaftServerConfigKeys (ConfUtils.java:logGet(46)) - raft.server.log.statemachine.data.caching.enabled = true (custom)
2022-10-22 01:06:09,099 [EventQueue-OpenPipelineForHealthyPipelineSafeModeRule] INFO  safemode.SCMSafeModeManager (HealthyPipelineSafeModeRule.java:process(137)) - SCM in safe mode. Healthy pipelines reported count is 0, required healthy pipeline reported count is 1
2022-10-22 01:06:09,100 [pool-118-thread-1] INFO  segmented.SegmentedRaftLogWorker (SegmentedRaftLogWorker.java:lambda$new$0(136)) - 2e87c3a1-a023-462f-882b-ea1ca04c8a98@group-028E8AAC4AA9-SegmentedRaftLogWorker: flushIndex: setUnconditionally 0 -> -1
2022-10-22 01:06:09,104 [pool-118-thread-1] INFO  segmented.SegmentedRaftLogWorker (SegmentedRaftLogWorker.java:lambda$new$0(136)) - 2e87c3a1-a023-462f-882b-ea1ca04c8a98@group-028E8AAC4AA9-SegmentedRaftLogWorker: safeCacheEvictIndex: setUnconditionally 0 -> -1
2022-10-22 01:06:09,105 [pool-118-thread-1] INFO  server.RaftServer$Division (RaftServerImpl.java:start(334)) - 2e87c3a1-a023-462f-882b-ea1ca04c8a98@group-028E8AAC4AA9: start as a follower, conf=-1: peers:[2e87c3a1-a023-462f-882b-ea1ca04c8a98|rpc:10.1.0.62:33759|dataStream:|priority:0|startupRole:FOLLOWER, 9705cc67-48fc-46f6-b325-a713191a975c|rpc:10.1.0.62:35497|dataStream:|priority:1|startupRole:FOLLOWER, d1d68c68-fcd1-40a2-8bd4-08293fe543e0|rpc:10.1.0.62:34369|dataStream:|priority:0|startupRole:FOLLOWER]|listeners:[], old=null
2022-10-22 01:06:09,105 [pool-118-thread-1] INFO  server.RaftServer$Division (RaftServerImpl.java:setRole(321)) - 2e87c3a1-a023-462f-882b-ea1ca04c8a98@group-028E8AAC4AA9: changes role from      null to FOLLOWER at term 0 for startAsFollower
2022-10-22 01:06:09,105 [pool-118-thread-1] INFO  impl.RoleInfo (RoleInfo.java:updateAndGet(139)) - 2e87c3a1-a023-462f-882b-ea1ca04c8a98: start 2e87c3a1-a023-462f-882b-ea1ca04c8a98@group-028E8AAC4AA9-FollowerState
2022-10-22 01:06:09,105 [pool-118-thread-1] INFO  util.JmxRegister (JmxRegister.java:tryRegister(44)) - Successfully registered JMX Bean with object name Ratis:service=RaftServer,group=group-028E8AAC4AA9,id=2e87c3a1-a023-462f-882b-ea1ca04c8a98
2022-10-22 01:06:09,105 [pool-118-thread-1] INFO  server.RaftServerConfigKeys (ConfUtils.java:logGet(46)) - raft.server.snapshot.auto.trigger.enabled = true (custom)
2022-10-22 01:06:09,105 [pool-118-thread-1] INFO  server.RaftServerConfigKeys (ConfUtils.java:logGet(46)) - raft.server.snapshot.auto.trigger.threshold = 10000 (custom)
2022-10-22 01:06:09,105 [pool-118-thread-1] INFO  server.RaftServerConfigKeys (ConfUtils.java:logGet(46)) - raft.server.snapshot.retention.file.num = 5 (custom)
2022-10-22 01:06:09,105 [pool-118-thread-1] INFO  server.RaftServerConfigKeys (ConfUtils.java:logGet(46)) - raft.server.log.purge.upto.snapshot.index = false (default)
2022-10-22 01:06:09,106 [2e87c3a1-a023-462f-882b-ea1ca04c8a98@group-028E8AAC4AA9-FollowerState] INFO  server.RaftServerConfigKeys (ConfUtils.java:logFallback(53)) - raft.server.rpc.first-election.timeout.min = 5s (fallback to raft.server.rpc.timeout.min)
2022-10-22 01:06:09,111 [pool-118-thread-1] INFO  storage.RaftStorageDirectory (RaftStorageDirectoryImpl.java:analyzeStorage(137)) - The storage directory /home/runner/work/ozone/ozone/hadoop-ozone/integration-test/target/test-dir/MiniOzoneClusterImpl-a988f88d-4efe-430b-bf3c-a1e83706c790/datanode-2/data/ratis/2f1e19a8-9154-4640-8f39-49cf8ccc8f99 does not exist. Creating ...
2022-10-22 01:06:09,111 [2e87c3a1-a023-462f-882b-ea1ca04c8a98@group-028E8AAC4AA9-FollowerState] INFO  server.RaftServerConfigKeys (ConfUtils.java:logFallback(53)) - raft.server.rpc.first-election.timeout.max = 5200ms (fallback to raft.server.rpc.timeout.max)
2022-10-22 01:06:09,112 [pool-118-thread-1] INFO  storage.RaftStorageDirectory (RaftStorageDirectoryImpl.java:tryLock(231)) - Lock on /home/runner/work/ozone/ozone/hadoop-ozone/integration-test/target/test-dir/MiniOzoneClusterImpl-a988f88d-4efe-430b-bf3c-a1e83706c790/datanode-2/data/ratis/2f1e19a8-9154-4640-8f39-49cf8ccc8f99/in_use.lock acquired by nodename 13814@fv-az334-928
2022-10-22 01:06:09,113 [pool-118-thread-1] INFO  storage.RaftStorage (RaftStorageImpl.java:format(96)) - Storage directory /home/runner/work/ozone/ozone/hadoop-ozone/integration-test/target/test-dir/MiniOzoneClusterImpl-a988f88d-4efe-430b-bf3c-a1e83706c790/datanode-2/data/ratis/2f1e19a8-9154-4640-8f39-49cf8ccc8f99 has been successfully formatted.
2022-10-22 01:06:09,113 [pool-118-thread-1] INFO  ratis.ContainerStateMachine (ContainerStateMachine.java:loadSnapshot(236)) - group-49CF8CCC8F99: The snapshot info is null. Setting the last applied indexto:(t:0, i:~)
2022-10-22 01:06:09,113 [pool-118-thread-1] INFO  server.RaftServerConfigKeys (ConfUtils.java:logGet(46)) - raft.server.log.use.memory = false (default)
2022-10-22 01:06:09,114 [pool-118-thread-1] INFO  server.RaftServerConfigKeys (ConfUtils.java:logGet(46)) - raft.server.log.purge.gap = 1000000 (custom)
2022-10-22 01:06:09,114 [pool-118-thread-1] INFO  server.RaftServerConfigKeys (ConfUtils.java:logGet(46)) - raft.server.log.appender.buffer.byte-limit = 33554432 (custom)
2022-10-22 01:06:09,114 [pool-118-thread-1] INFO  server.RaftServerConfigKeys (ConfUtils.java:logGet(46)) - raft.server.log.statemachine.data.read.timeout = 1000ms (default)
2022-10-22 01:06:09,114 [pool-118-thread-1] INFO  server.RaftServerConfigKeys (ConfUtils.java:logGet(46)) - raft.server.log.purge.preservation.log.num = 0 (default)
2022-10-22 01:06:09,114 [pool-118-thread-1] INFO  server.RaftServerConfigKeys (ConfUtils.java:logGet(46)) - raft.server.log.segment.size.max = 1048576 (custom)
2022-10-22 01:06:09,114 [pool-118-thread-1] INFO  server.RaftServerConfigKeys (ConfUtils.java:logGet(46)) - raft.server.log.segment.cache.num.max = 2 (custom)
2022-10-22 01:06:09,114 [pool-118-thread-1] INFO  server.RaftServerConfigKeys (ConfUtils.java:logGet(46)) - raft.server.log.segment.cache.size.max = 200MB (=209715200) (default)
2022-10-22 01:06:09,114 [pool-118-thread-1] INFO  segmented.SegmentedRaftLogWorker (SegmentedRaftLogWorker.java:<init>(191)) - new 2e87c3a1-a023-462f-882b-ea1ca04c8a98@group-49CF8CCC8F99-SegmentedRaftLogWorker for RaftStorageImpl:Storage Directory /home/runner/work/ozone/ozone/hadoop-ozone/integration-test/target/test-dir/MiniOzoneClusterImpl-a988f88d-4efe-430b-bf3c-a1e83706c790/datanode-2/data/ratis/2f1e19a8-9154-4640-8f39-49cf8ccc8f99
2022-10-22 01:06:09,114 [pool-118-thread-1] INFO  server.RaftServerConfigKeys (ConfUtils.java:logGet(46)) - raft.server.log.queue.byte-limit = 4294967296 (custom)
2022-10-22 01:06:09,114 [pool-118-thread-1] INFO  server.RaftServerConfigKeys (ConfUtils.java:logGet(46)) - raft.server.log.queue.element-limit = 1024 (custom)
2022-10-22 01:06:09,115 [pool-118-thread-1] INFO  server.RaftServerConfigKeys (ConfUtils.java:logGet(46)) - raft.server.log.segment.size.max = 1048576 (custom)
2022-10-22 01:06:09,115 [pool-118-thread-1] INFO  server.RaftServerConfigKeys (ConfUtils.java:logGet(46)) - raft.server.log.preallocated.size = 16384 (custom)
2022-10-22 01:06:09,115 [pool-118-thread-1] INFO  server.RaftServerConfigKeys (ConfUtils.java:logGet(46)) - raft.server.log.force.sync.num = 128 (default)
2022-10-22 01:06:09,115 [pool-118-thread-1] INFO  server.RaftServerConfigKeys (ConfUtils.java:logGet(46)) - raft.server.log.statemachine.data.sync = true (default)
2022-10-22 01:06:09,115 [pool-118-thread-1] INFO  server.RaftServerConfigKeys (ConfUtils.java:logGet(46)) - raft.server.log.statemachine.data.sync.timeout = 10s (default)
2022-10-22 01:06:09,115 [pool-118-thread-1] INFO  server.RaftServerConfigKeys (ConfUtils.java:logGet(46)) - raft.server.log.statemachine.data.sync.timeout.retry = -1 (default)
2022-10-22 01:06:09,116 [pool-118-thread-1] INFO  server.RaftServerConfigKeys (ConfUtils.java:logGet(46)) - raft.server.log.write.buffer.size = 1048576 (custom)
2022-10-22 01:06:09,117 [EventQueue-OpenPipelineForHealthyPipelineSafeModeRule] INFO  safemode.SCMSafeModeManager (HealthyPipelineSafeModeRule.java:process(137)) - SCM in safe mode. Healthy pipelines reported count is 0, required healthy pipeline reported count is 1
2022-10-22 01:06:09,117 [pool-118-thread-1] INFO  server.RaftServerConfigKeys (ConfUtils.java:logGet(46)) - raft.server.log.unsafe-flush.enabled = false (default)
2022-10-22 01:06:09,117 [pool-118-thread-1] INFO  server.RaftServerConfigKeys (ConfUtils.java:logGet(46)) - raft.server.log.async-flush.enabled = false (default)
2022-10-22 01:06:09,117 [pool-118-thread-1] INFO  server.RaftServerConfigKeys (ConfUtils.java:logGet(46)) - raft.server.log.statemachine.data.caching.enabled = true (custom)
2022-10-22 01:06:09,117 [pool-118-thread-1] INFO  segmented.SegmentedRaftLogWorker (SegmentedRaftLogWorker.java:lambda$new$0(136)) - 2e87c3a1-a023-462f-882b-ea1ca04c8a98@group-49CF8CCC8F99-SegmentedRaftLogWorker: flushIndex: setUnconditionally 0 -> -1
2022-10-22 01:06:09,117 [pool-118-thread-1] INFO  segmented.SegmentedRaftLogWorker (SegmentedRaftLogWorker.java:lambda$new$0(136)) - 2e87c3a1-a023-462f-882b-ea1ca04c8a98@group-49CF8CCC8F99-SegmentedRaftLogWorker: safeCacheEvictIndex: setUnconditionally 0 -> -1
2022-10-22 01:06:09,118 [pool-118-thread-1] INFO  server.RaftServer$Division (RaftServerImpl.java:start(334)) - 2e87c3a1-a023-462f-882b-ea1ca04c8a98@group-49CF8CCC8F99: start as a follower, conf=-1: peers:[2e87c3a1-a023-462f-882b-ea1ca04c8a98|rpc:10.1.0.62:33759|priority:1|startupRole:FOLLOWER]|listeners:[], old=null
2022-10-22 01:06:09,118 [pool-118-thread-1] INFO  server.RaftServer$Division (RaftServerImpl.java:setRole(321)) - 2e87c3a1-a023-462f-882b-ea1ca04c8a98@group-49CF8CCC8F99: changes role from      null to FOLLOWER at term 0 for startAsFollower
2022-10-22 01:06:09,118 [pool-118-thread-1] INFO  impl.RoleInfo (RoleInfo.java:updateAndGet(139)) - 2e87c3a1-a023-462f-882b-ea1ca04c8a98: start 2e87c3a1-a023-462f-882b-ea1ca04c8a98@group-49CF8CCC8F99-FollowerState
2022-10-22 01:06:09,118 [pool-118-thread-1] INFO  util.JmxRegister (JmxRegister.java:tryRegister(44)) - Successfully registered JMX Bean with object name Ratis:service=RaftServer,group=group-49CF8CCC8F99,id=2e87c3a1-a023-462f-882b-ea1ca04c8a98
2022-10-22 01:06:09,118 [pool-118-thread-1] INFO  server.RaftServerConfigKeys (ConfUtils.java:logGet(46)) - raft.server.snapshot.auto.trigger.enabled = true (custom)
2022-10-22 01:06:09,118 [pool-118-thread-1] INFO  server.RaftServerConfigKeys (ConfUtils.java:logGet(46)) - raft.server.snapshot.auto.trigger.threshold = 10000 (custom)
2022-10-22 01:06:09,119 [pool-118-thread-1] INFO  server.RaftServerConfigKeys (ConfUtils.java:logGet(46)) - raft.server.snapshot.retention.file.num = 5 (custom)
2022-10-22 01:06:09,119 [pool-118-thread-1] INFO  server.RaftServerConfigKeys (ConfUtils.java:logGet(46)) - raft.server.log.purge.upto.snapshot.index = false (default)
2022-10-22 01:06:09,119 [Command processor thread] INFO  ratis.XceiverServerRatis (XceiverServerRatis.java:addGroup(765)) - Created group PipelineID=2f1e19a8-9154-4640-8f39-49cf8ccc8f99
2022-10-22 01:06:09,119 [Command processor thread] INFO  commandhandler.CreatePipelineCommandHandler (CreatePipelineCommandHandler.java:handle(113)) - Created Pipeline RATIS ONE PipelineID=2f1e19a8-9154-4640-8f39-49cf8ccc8f99.
2022-10-22 01:06:09,123 [2e87c3a1-a023-462f-882b-ea1ca04c8a98@group-49CF8CCC8F99-FollowerState] INFO  server.RaftServerConfigKeys (ConfUtils.java:logFallback(53)) - raft.server.rpc.first-election.timeout.min = 5s (fallback to raft.server.rpc.timeout.min)
2022-10-22 01:06:09,123 [2e87c3a1-a023-462f-882b-ea1ca04c8a98@group-49CF8CCC8F99-FollowerState] INFO  server.RaftServerConfigKeys (ConfUtils.java:logFallback(53)) - raft.server.rpc.first-election.timeout.max = 5200ms (fallback to raft.server.rpc.timeout.max)
2022-10-22 01:06:09,140 [Command processor thread] INFO  commandhandler.CreatePipelineCommandHandler (CreatePipelineCommandHandler.java:handle(113)) - Created Pipeline RATIS THREE PipelineID=9785cce1-d2ba-45de-8ea8-028e8aac4aa9.
2022-10-22 01:06:09,154 [Command processor thread] INFO  commandhandler.CreatePipelineCommandHandler (CreatePipelineCommandHandler.java:handle(113)) - Created Pipeline RATIS THREE PipelineID=9785cce1-d2ba-45de-8ea8-028e8aac4aa9.
2022-10-22 01:06:09,327 [Listener at 127.0.0.1/34145] INFO  ozone.MiniOzoneClusterImpl (MiniOzoneClusterImpl.java:lambda$waitForClusterToBeReady$0(216)) - Nodes are ready. Got 10 of 10 DN Heartbeats.
2022-10-22 01:06:09,327 [Listener at 127.0.0.1/34145] INFO  ozone.MiniOzoneClusterImpl (MiniOzoneClusterImpl.java:lambda$waitForClusterToBeReady$0(219)) - Waiting for cluster to exit safe mode
2022-10-22 01:06:09,327 [Listener at 127.0.0.1/34145] INFO  ozone.MiniOzoneClusterImpl (MiniOzoneClusterImpl.java:lambda$waitForClusterToBeReady$0(221)) - SCM became leader
2022-10-22 01:06:09,402 [Command processor thread] INFO  server.RaftServer (RaftServerProxy.java:addNew(96)) - 6e54690b-befe-42c2-a4b7-a861f73b2b3f: addNew group-D15EFCC0BBCA:[6e54690b-befe-42c2-a4b7-a861f73b2b3f|rpc:10.1.0.62:35347|priority:1|startupRole:FOLLOWER] returns group-D15EFCC0BBCA:java.util.concurrent.CompletableFuture@4365edb8[Not completed]
2022-10-22 01:06:09,407 [pool-141-thread-1] INFO  server.RaftServer$Division (RaftServerImpl.java:<init>(195)) - 6e54690b-befe-42c2-a4b7-a861f73b2b3f: new RaftServerImpl for group-D15EFCC0BBCA:[6e54690b-befe-42c2-a4b7-a861f73b2b3f|rpc:10.1.0.62:35347|priority:1|startupRole:FOLLOWER] with ContainerStateMachine:uninitialized
2022-10-22 01:06:09,407 [pool-141-thread-1] INFO  server.RaftServerConfigKeys (ConfUtils.java:logGet(46)) - raft.server.rpc.timeout.min = 5s (custom)
2022-10-22 01:06:09,407 [pool-141-thread-1] INFO  server.RaftServerConfigKeys (ConfUtils.java:logGet(46)) - raft.server.rpc.timeout.max = 5200ms (custom)
2022-10-22 01:06:09,407 [pool-141-thread-1] INFO  server.RaftServerConfigKeys (ConfUtils.java:logGet(46)) - raft.server.rpc.sleep.time = 25ms (default)
2022-10-22 01:06:09,407 [pool-141-thread-1] INFO  server.RaftServerConfigKeys (ConfUtils.java:logGet(46)) - raft.server.rpc.slowness.timeout = 300s (custom)
2022-10-22 01:06:09,407 [pool-141-thread-1] INFO  server.RaftServerConfigKeys (ConfUtils.java:logGet(46)) - raft.server.leaderelection.leader.step-down.wait-time = 10s (default)
2022-10-22 01:06:09,407 [pool-141-thread-1] INFO  server.RaftServerConfigKeys (ConfUtils.java:logGet(46)) - raft.server.sleep.deviation.threshold = 300ms (default)
2022-10-22 01:06:09,407 [pool-141-thread-1] INFO  server.RaftServer$Division (ServerState.java:<init>(118)) - 6e54690b-befe-42c2-a4b7-a861f73b2b3f@group-D15EFCC0BBCA: ConfigurationManager, init=-1: peers:[6e54690b-befe-42c2-a4b7-a861f73b2b3f|rpc:10.1.0.62:35347|priority:1|startupRole:FOLLOWER]|listeners:[], old=null, confs=<EMPTY_MAP>
2022-10-22 01:06:09,408 [pool-141-thread-1] INFO  server.RaftServerConfigKeys (ConfUtils.java:logGet(46)) - raft.server.storage.dir = [/home/runner/work/ozone/ozone/hadoop-ozone/integration-test/target/test-dir/MiniOzoneClusterImpl-a988f88d-4efe-430b-bf3c-a1e83706c790/datanode-3/data/ratis] (custom)
2022-10-22 01:06:09,408 [pool-141-thread-1] INFO  server.RaftServerConfigKeys (ConfUtils.java:logGet(46)) - raft.server.log.corruption.policy = EXCEPTION (default)
2022-10-22 01:06:09,408 [pool-141-thread-1] INFO  server.RaftServerConfigKeys (ConfUtils.java:logGet(46)) - raft.server.storage.free-space.min = 0MB (=0) (default)
2022-10-22 01:06:09,408 [pool-141-thread-1] INFO  server.RaftServerConfigKeys (ConfUtils.java:logGet(46)) - raft.server.notification.no-leader.timeout = 300s (custom)
2022-10-22 01:06:09,408 [pool-141-thread-1] INFO  server.RaftServerConfigKeys (ConfUtils.java:logGet(46)) - raft.server.retrycache.expirytime = 600000ms (custom)
2022-10-22 01:06:09,408 [pool-141-thread-1] INFO  server.RaftServerConfigKeys (ConfUtils.java:logGet(46)) - raft.server.retrycache.statistics.expirytime = 100μs (default)
2022-10-22 01:06:09,410 [pool-141-thread-1] INFO  server.RaftServerConfigKeys (ConfUtils.java:logGet(46)) - raft.server.log.appender.install.snapshot.enabled = false (custom)
2022-10-22 01:06:09,410 [pool-141-thread-1] INFO  server.RaftServerConfigKeys (ConfUtils.java:logGet(46)) - raft.server.threadpool.server.cached = true (default)
2022-10-22 01:06:09,410 [pool-141-thread-1] INFO  server.RaftServerConfigKeys (ConfUtils.java:logGet(46)) - raft.server.threadpool.server.size = 0 (default)
2022-10-22 01:06:09,410 [pool-141-thread-1] INFO  server.RaftServerConfigKeys (ConfUtils.java:logGet(46)) - raft.server.threadpool.client.cached = true (default)
2022-10-22 01:06:09,410 [pool-141-thread-1] INFO  server.RaftServerConfigKeys (ConfUtils.java:logGet(46)) - raft.server.threadpool.client.size = 0 (default)
2022-10-22 01:06:09,410 [pool-141-thread-1] INFO  storage.RaftStorageDirectory (RaftStorageDirectoryImpl.java:analyzeStorage(137)) - The storage directory /home/runner/work/ozone/ozone/hadoop-ozone/integration-test/target/test-dir/MiniOzoneClusterImpl-a988f88d-4efe-430b-bf3c-a1e83706c790/datanode-3/data/ratis/dc02e3be-0dcc-4fb9-b133-d15efcc0bbca does not exist. Creating ...
2022-10-22 01:06:09,412 [pool-141-thread-1] INFO  storage.RaftStorageDirectory (RaftStorageDirectoryImpl.java:tryLock(231)) - Lock on /home/runner/work/ozone/ozone/hadoop-ozone/integration-test/target/test-dir/MiniOzoneClusterImpl-a988f88d-4efe-430b-bf3c-a1e83706c790/datanode-3/data/ratis/dc02e3be-0dcc-4fb9-b133-d15efcc0bbca/in_use.lock acquired by nodename 13814@fv-az334-928
2022-10-22 01:06:09,413 [pool-141-thread-1] INFO  storage.RaftStorage (RaftStorageImpl.java:format(96)) - Storage directory /home/runner/work/ozone/ozone/hadoop-ozone/integration-test/target/test-dir/MiniOzoneClusterImpl-a988f88d-4efe-430b-bf3c-a1e83706c790/datanode-3/data/ratis/dc02e3be-0dcc-4fb9-b133-d15efcc0bbca has been successfully formatted.
2022-10-22 01:06:09,413 [pool-141-thread-1] INFO  ratis.ContainerStateMachine (ContainerStateMachine.java:loadSnapshot(236)) - group-D15EFCC0BBCA: The snapshot info is null. Setting the last applied indexto:(t:0, i:~)
2022-10-22 01:06:09,413 [pool-141-thread-1] INFO  server.RaftServerConfigKeys (ConfUtils.java:logGet(46)) - raft.server.log.use.memory = false (default)
2022-10-22 01:06:09,414 [pool-141-thread-1] INFO  server.RaftServerConfigKeys (ConfUtils.java:logGet(46)) - raft.server.log.purge.gap = 1000000 (custom)
2022-10-22 01:06:09,414 [pool-141-thread-1] INFO  server.RaftServerConfigKeys (ConfUtils.java:logGet(46)) - raft.server.log.appender.buffer.byte-limit = 33554432 (custom)
2022-10-22 01:06:09,414 [pool-141-thread-1] INFO  server.RaftServerConfigKeys (ConfUtils.java:logGet(46)) - raft.server.log.statemachine.data.read.timeout = 1000ms (default)
2022-10-22 01:06:09,414 [pool-141-thread-1] INFO  server.RaftServerConfigKeys (ConfUtils.java:logGet(46)) - raft.server.log.purge.preservation.log.num = 0 (default)
2022-10-22 01:06:09,414 [pool-141-thread-1] INFO  server.RaftServerConfigKeys (ConfUtils.java:logGet(46)) - raft.server.log.segment.size.max = 1048576 (custom)
2022-10-22 01:06:09,416 [EventQueue-PipelineReportForPipelineReportHandler] INFO  pipeline.PipelineManagerImpl (PipelineManagerImpl.java:openPipeline(367)) - Pipeline Pipeline[ Id: dc02e3be-0dcc-4fb9-b133-d15efcc0bbca, Nodes: 6e54690b-befe-42c2-a4b7-a861f73b2b3f{ip: 10.1.0.62, host: fv-az334-928.zg0gw54pbdoexfhqlmz30d51na.gx.internal.cloudapp.net, ports: [REPLICATION=38893, RATIS=35347, RATIS_ADMIN=35347, RATIS_SERVER=35347, STANDALONE=41475], networkLocation: /default-rack, certSerialId: null, persistedOpState: IN_SERVICE, persistedOpStateExpiryEpochSec: 0}, ReplicationConfig: RATIS/ONE, State:ALLOCATED, leaderId:6e54690b-befe-42c2-a4b7-a861f73b2b3f, CreationTimestamp2022-10-22T01:06:06.404Z[Etc/UTC]] moved to OPEN state
2022-10-22 01:06:09,416 [pool-141-thread-1] INFO  server.RaftServerConfigKeys (ConfUtils.java:logGet(46)) - raft.server.log.segment.cache.num.max = 2 (custom)
2022-10-22 01:06:09,417 [pool-141-thread-1] INFO  server.RaftServerConfigKeys (ConfUtils.java:logGet(46)) - raft.server.log.segment.cache.size.max = 200MB (=209715200) (default)
2022-10-22 01:06:09,417 [pool-141-thread-1] INFO  segmented.SegmentedRaftLogWorker (SegmentedRaftLogWorker.java:<init>(191)) - new 6e54690b-befe-42c2-a4b7-a861f73b2b3f@group-D15EFCC0BBCA-SegmentedRaftLogWorker for RaftStorageImpl:Storage Directory /home/runner/work/ozone/ozone/hadoop-ozone/integration-test/target/test-dir/MiniOzoneClusterImpl-a988f88d-4efe-430b-bf3c-a1e83706c790/datanode-3/data/ratis/dc02e3be-0dcc-4fb9-b133-d15efcc0bbca
2022-10-22 01:06:09,417 [pool-141-thread-1] INFO  server.RaftServerConfigKeys (ConfUtils.java:logGet(46)) - raft.server.log.queue.byte-limit = 4294967296 (custom)
2022-10-22 01:06:09,417 [pool-141-thread-1] INFO  server.RaftServerConfigKeys (ConfUtils.java:logGet(46)) - raft.server.log.queue.element-limit = 1024 (custom)
2022-10-22 01:06:09,417 [pool-141-thread-1] INFO  server.RaftServerConfigKeys (ConfUtils.java:logGet(46)) - raft.server.log.segment.size.max = 1048576 (custom)
2022-10-22 01:06:09,417 [pool-141-thread-1] INFO  server.RaftServerConfigKeys (ConfUtils.java:logGet(46)) - raft.server.log.preallocated.size = 16384 (custom)
2022-10-22 01:06:09,417 [pool-141-thread-1] INFO  server.RaftServerConfigKeys (ConfUtils.java:logGet(46)) - raft.server.log.force.sync.num = 128 (default)
2022-10-22 01:06:09,417 [EventQueue-OpenPipelineForHealthyPipelineSafeModeRule] INFO  safemode.SCMSafeModeManager (HealthyPipelineSafeModeRule.java:process(137)) - SCM in safe mode. Healthy pipelines reported count is 0, required healthy pipeline reported count is 1
2022-10-22 01:06:09,420 [pool-141-thread-1] INFO  server.RaftServerConfigKeys (ConfUtils.java:logGet(46)) - raft.server.log.statemachine.data.sync = true (default)
2022-10-22 01:06:09,420 [pool-141-thread-1] INFO  server.RaftServerConfigKeys (ConfUtils.java:logGet(46)) - raft.server.log.statemachine.data.sync.timeout = 10s (default)
2022-10-22 01:06:09,420 [pool-141-thread-1] INFO  server.RaftServerConfigKeys (ConfUtils.java:logGet(46)) - raft.server.log.statemachine.data.sync.timeout.retry = -1 (default)
2022-10-22 01:06:09,421 [pool-141-thread-1] INFO  server.RaftServerConfigKeys (ConfUtils.java:logGet(46)) - raft.server.log.write.buffer.size = 1048576 (custom)
2022-10-22 01:06:09,422 [pool-141-thread-1] INFO  server.RaftServerConfigKeys (ConfUtils.java:logGet(46)) - raft.server.log.unsafe-flush.enabled = false (default)
2022-10-22 01:06:09,422 [pool-141-thread-1] INFO  server.RaftServerConfigKeys (ConfUtils.java:logGet(46)) - raft.server.log.async-flush.enabled = false (default)
2022-10-22 01:06:09,422 [pool-141-thread-1] INFO  server.RaftServerConfigKeys (ConfUtils.java:logGet(46)) - raft.server.log.statemachine.data.caching.enabled = true (custom)
2022-10-22 01:06:09,422 [pool-141-thread-1] INFO  segmented.SegmentedRaftLogWorker (SegmentedRaftLogWorker.java:lambda$new$0(136)) - 6e54690b-befe-42c2-a4b7-a861f73b2b3f@group-D15EFCC0BBCA-SegmentedRaftLogWorker: flushIndex: setUnconditionally 0 -> -1
2022-10-22 01:06:09,422 [pool-141-thread-1] INFO  segmented.SegmentedRaftLogWorker (SegmentedRaftLogWorker.java:lambda$new$0(136)) - 6e54690b-befe-42c2-a4b7-a861f73b2b3f@group-D15EFCC0BBCA-SegmentedRaftLogWorker: safeCacheEvictIndex: setUnconditionally 0 -> -1
2022-10-22 01:06:09,427 [pool-141-thread-1] INFO  server.RaftServer$Division (RaftServerImpl.java:start(334)) - 6e54690b-befe-42c2-a4b7-a861f73b2b3f@group-D15EFCC0BBCA: start as a follower, conf=-1: peers:[6e54690b-befe-42c2-a4b7-a861f73b2b3f|rpc:10.1.0.62:35347|priority:1|startupRole:FOLLOWER]|listeners:[], old=null
2022-10-22 01:06:09,427 [pool-141-thread-1] INFO  server.RaftServer$Division (RaftServerImpl.java:setRole(321)) - 6e54690b-befe-42c2-a4b7-a861f73b2b3f@group-D15EFCC0BBCA: changes role from      null to FOLLOWER at term 0 for startAsFollower
2022-10-22 01:06:09,427 [pool-141-thread-1] INFO  impl.RoleInfo (RoleInfo.java:updateAndGet(139)) - 6e54690b-befe-42c2-a4b7-a861f73b2b3f: start 6e54690b-befe-42c2-a4b7-a861f73b2b3f@group-D15EFCC0BBCA-FollowerState
2022-10-22 01:06:09,427 [pool-141-thread-1] INFO  util.JmxRegister (JmxRegister.java:tryRegister(44)) - Successfully registered JMX Bean with object name Ratis:service=RaftServer,group=group-D15EFCC0BBCA,id=6e54690b-befe-42c2-a4b7-a861f73b2b3f
2022-10-22 01:06:09,427 [6e54690b-befe-42c2-a4b7-a861f73b2b3f@group-D15EFCC0BBCA-FollowerState] INFO  server.RaftServerConfigKeys (ConfUtils.java:logFallback(53)) - raft.server.rpc.first-election.timeout.min = 5s (fallback to raft.server.rpc.timeout.min)
2022-10-22 01:06:09,427 [pool-141-thread-1] INFO  server.RaftServerConfigKeys (ConfUtils.java:logGet(46)) - raft.server.snapshot.auto.trigger.enabled = true (custom)
2022-10-22 01:06:09,427 [6e54690b-befe-42c2-a4b7-a861f73b2b3f@group-D15EFCC0BBCA-FollowerState] INFO  server.RaftServerConfigKeys (ConfUtils.java:logFallback(53)) - raft.server.rpc.first-election.timeout.max = 5200ms (fallback to raft.server.rpc.timeout.max)
2022-10-22 01:06:09,427 [pool-141-thread-1] INFO  server.RaftServerConfigKeys (ConfUtils.java:logGet(46)) - raft.server.snapshot.auto.trigger.threshold = 10000 (custom)
2022-10-22 01:06:09,427 [pool-141-thread-1] INFO  server.RaftServerConfigKeys (ConfUtils.java:logGet(46)) - raft.server.snapshot.retention.file.num = 5 (custom)
2022-10-22 01:06:09,427 [pool-141-thread-1] INFO  server.RaftServerConfigKeys (ConfUtils.java:logGet(46)) - raft.server.log.purge.upto.snapshot.index = false (default)
2022-10-22 01:06:09,430 [Command processor thread] INFO  ratis.XceiverServerRatis (XceiverServerRatis.java:addGroup(765)) - Created group PipelineID=dc02e3be-0dcc-4fb9-b133-d15efcc0bbca
2022-10-22 01:06:09,430 [Command processor thread] INFO  commandhandler.CreatePipelineCommandHandler (CreatePipelineCommandHandler.java:handle(113)) - Created Pipeline RATIS ONE PipelineID=dc02e3be-0dcc-4fb9-b133-d15efcc0bbca.
2022-10-22 01:06:09,431 [Command processor thread] INFO  server.RaftServer (RaftServerProxy.java:addNew(96)) - 6e54690b-befe-42c2-a4b7-a861f73b2b3f: addNew group-9278B7B813B0:[63ee6728-2597-4353-a315-509fdfe6db5e|rpc:10.1.0.62:42903|priority:1|startupRole:FOLLOWER, 6e54690b-befe-42c2-a4b7-a861f73b2b3f|rpc:10.1.0.62:35347|priority:0|startupRole:FOLLOWER, e349f11f-4d2d-4584-922f-e3c208c9e657|rpc:10.1.0.62:34143|priority:0|startupRole:FOLLOWER] returns group-9278B7B813B0:java.util.concurrent.CompletableFuture@475a610c[Not completed]
2022-10-22 01:06:09,431 [pool-141-thread-1] INFO  server.RaftServer$Division (RaftServerImpl.java:<init>(195)) - 6e54690b-befe-42c2-a4b7-a861f73b2b3f: new RaftServerImpl for group-9278B7B813B0:[63ee6728-2597-4353-a315-509fdfe6db5e|rpc:10.1.0.62:42903|priority:1|startupRole:FOLLOWER, 6e54690b-befe-42c2-a4b7-a861f73b2b3f|rpc:10.1.0.62:35347|priority:0|startupRole:FOLLOWER, e349f11f-4d2d-4584-922f-e3c208c9e657|rpc:10.1.0.62:34143|priority:0|startupRole:FOLLOWER] with ContainerStateMachine:uninitialized
2022-10-22 01:06:09,431 [pool-141-thread-1] INFO  server.RaftServerConfigKeys (ConfUtils.java:logGet(46)) - raft.server.rpc.timeout.min = 5s (custom)
2022-10-22 01:06:09,431 [pool-141-thread-1] INFO  server.RaftServerConfigKeys (ConfUtils.java:logGet(46)) - raft.server.rpc.timeout.max = 5200ms (custom)
2022-10-22 01:06:09,431 [pool-141-thread-1] INFO  server.RaftServerConfigKeys (ConfUtils.java:logGet(46)) - raft.server.rpc.sleep.time = 25ms (default)
2022-10-22 01:06:09,432 [pool-141-thread-1] INFO  server.RaftServerConfigKeys (ConfUtils.java:logGet(46)) - raft.server.rpc.slowness.timeout = 300s (custom)
2022-10-22 01:06:09,432 [pool-141-thread-1] INFO  server.RaftServerConfigKeys (ConfUtils.java:logGet(46)) - raft.server.leaderelection.leader.step-down.wait-time = 10s (default)
2022-10-22 01:06:09,432 [pool-141-thread-1] INFO  server.RaftServerConfigKeys (ConfUtils.java:logGet(46)) - raft.server.sleep.deviation.threshold = 300ms (default)
2022-10-22 01:06:09,432 [pool-141-thread-1] INFO  server.RaftServer$Division (ServerState.java:<init>(118)) - 6e54690b-befe-42c2-a4b7-a861f73b2b3f@group-9278B7B813B0: ConfigurationManager, init=-1: peers:[63ee6728-2597-4353-a315-509fdfe6db5e|rpc:10.1.0.62:42903|priority:1|startupRole:FOLLOWER, 6e54690b-befe-42c2-a4b7-a861f73b2b3f|rpc:10.1.0.62:35347|priority:0|startupRole:FOLLOWER, e349f11f-4d2d-4584-922f-e3c208c9e657|rpc:10.1.0.62:34143|priority:0|startupRole:FOLLOWER]|listeners:[], old=null, confs=<EMPTY_MAP>
2022-10-22 01:06:09,432 [pool-141-thread-1] INFO  server.RaftServerConfigKeys (ConfUtils.java:logGet(46)) - raft.server.storage.dir = [/home/runner/work/ozone/ozone/hadoop-ozone/integration-test/target/test-dir/MiniOzoneClusterImpl-a988f88d-4efe-430b-bf3c-a1e83706c790/datanode-3/data/ratis] (custom)
2022-10-22 01:06:09,432 [pool-141-thread-1] INFO  server.RaftServerConfigKeys (ConfUtils.java:logGet(46)) - raft.server.log.corruption.policy = EXCEPTION (default)
2022-10-22 01:06:09,432 [pool-141-thread-1] INFO  server.RaftServerConfigKeys (ConfUtils.java:logGet(46)) - raft.server.storage.free-space.min = 0MB (=0) (default)
2022-10-22 01:06:09,432 [pool-141-thread-1] INFO  server.RaftServerConfigKeys (ConfUtils.java:logGet(46)) - raft.server.notification.no-leader.timeout = 300s (custom)
2022-10-22 01:06:09,432 [pool-141-thread-1] INFO  server.RaftServerConfigKeys (ConfUtils.java:logGet(46)) - raft.server.retrycache.expirytime = 600000ms (custom)
2022-10-22 01:06:09,432 [pool-141-thread-1] INFO  server.RaftServerConfigKeys (ConfUtils.java:logGet(46)) - raft.server.retrycache.statistics.expirytime = 100μs (default)
2022-10-22 01:06:09,433 [pool-141-thread-1] INFO  server.RaftServerConfigKeys (ConfUtils.java:logGet(46)) - raft.server.log.appender.install.snapshot.enabled = false (custom)
2022-10-22 01:06:09,433 [pool-141-thread-1] INFO  server.RaftServerConfigKeys (ConfUtils.java:logGet(46)) - raft.server.threadpool.server.cached = true (default)
2022-10-22 01:06:09,433 [pool-141-thread-1] INFO  server.RaftServerConfigKeys (ConfUtils.java:logGet(46)) - raft.server.threadpool.server.size = 0 (default)
2022-10-22 01:06:09,433 [pool-141-thread-1] INFO  server.RaftServerConfigKeys (ConfUtils.java:logGet(46)) - raft.server.threadpool.client.cached = true (default)
2022-10-22 01:06:09,433 [pool-141-thread-1] INFO  server.RaftServerConfigKeys (ConfUtils.java:logGet(46)) - raft.server.threadpool.client.size = 0 (default)
2022-10-22 01:06:09,433 [pool-141-thread-1] INFO  storage.RaftStorageDirectory (RaftStorageDirectoryImpl.java:analyzeStorage(137)) - The storage directory /home/runner/work/ozone/ozone/hadoop-ozone/integration-test/target/test-dir/MiniOzoneClusterImpl-a988f88d-4efe-430b-bf3c-a1e83706c790/datanode-3/data/ratis/feee9a74-9677-4a42-930b-9278b7b813b0 does not exist. Creating ...
2022-10-22 01:06:09,435 [pool-141-thread-1] INFO  storage.RaftStorageDirectory (RaftStorageDirectoryImpl.java:tryLock(231)) - Lock on /home/runner/work/ozone/ozone/hadoop-ozone/integration-test/target/test-dir/MiniOzoneClusterImpl-a988f88d-4efe-430b-bf3c-a1e83706c790/datanode-3/data/ratis/feee9a74-9677-4a42-930b-9278b7b813b0/in_use.lock acquired by nodename 13814@fv-az334-928
2022-10-22 01:06:09,439 [pool-141-thread-1] INFO  storage.RaftStorage (RaftStorageImpl.java:format(96)) - Storage directory /home/runner/work/ozone/ozone/hadoop-ozone/integration-test/target/test-dir/MiniOzoneClusterImpl-a988f88d-4efe-430b-bf3c-a1e83706c790/datanode-3/data/ratis/feee9a74-9677-4a42-930b-9278b7b813b0 has been successfully formatted.
2022-10-22 01:06:09,439 [pool-141-thread-1] INFO  ratis.ContainerStateMachine (ContainerStateMachine.java:loadSnapshot(236)) - group-9278B7B813B0: The snapshot info is null. Setting the last applied indexto:(t:0, i:~)
2022-10-22 01:06:09,439 [pool-141-thread-1] INFO  server.RaftServerConfigKeys (ConfUtils.java:logGet(46)) - raft.server.log.use.memory = false (default)
2022-10-22 01:06:09,439 [pool-141-thread-1] INFO  server.RaftServerConfigKeys (ConfUtils.java:logGet(46)) - raft.server.log.purge.gap = 1000000 (custom)
2022-10-22 01:06:09,439 [pool-141-thread-1] INFO  server.RaftServerConfigKeys (ConfUtils.java:logGet(46)) - raft.server.log.appender.buffer.byte-limit = 33554432 (custom)
2022-10-22 01:06:09,439 [pool-141-thread-1] INFO  server.RaftServerConfigKeys (ConfUtils.java:logGet(46)) - raft.server.log.statemachine.data.read.timeout = 1000ms (default)
2022-10-22 01:06:09,439 [pool-141-thread-1] INFO  server.RaftServerConfigKeys (ConfUtils.java:logGet(46)) - raft.server.log.purge.preservation.log.num = 0 (default)
2022-10-22 01:06:09,440 [pool-141-thread-1] INFO  server.RaftServerConfigKeys (ConfUtils.java:logGet(46)) - raft.server.log.segment.size.max = 1048576 (custom)
2022-10-22 01:06:09,440 [EventQueue-OpenPipelineForHealthyPipelineSafeModeRule] INFO  safemode.SCMSafeModeManager (HealthyPipelineSafeModeRule.java:process(137)) - SCM in safe mode. Healthy pipelines reported count is 0, required healthy pipeline reported count is 1
2022-10-22 01:06:09,441 [pool-141-thread-1] INFO  server.RaftServerConfigKeys (ConfUtils.java:logGet(46)) - raft.server.log.segment.cache.num.max = 2 (custom)
2022-10-22 01:06:09,441 [pool-141-thread-1] INFO  server.RaftServerConfigKeys (ConfUtils.java:logGet(46)) - raft.server.log.segment.cache.size.max = 200MB (=209715200) (default)
2022-10-22 01:06:09,441 [pool-141-thread-1] INFO  segmented.SegmentedRaftLogWorker (SegmentedRaftLogWorker.java:<init>(191)) - new 6e54690b-befe-42c2-a4b7-a861f73b2b3f@group-9278B7B813B0-SegmentedRaftLogWorker for RaftStorageImpl:Storage Directory /home/runner/work/ozone/ozone/hadoop-ozone/integration-test/target/test-dir/MiniOzoneClusterImpl-a988f88d-4efe-430b-bf3c-a1e83706c790/datanode-3/data/ratis/feee9a74-9677-4a42-930b-9278b7b813b0
2022-10-22 01:06:09,441 [pool-141-thread-1] INFO  server.RaftServerConfigKeys (ConfUtils.java:logGet(46)) - raft.server.log.queue.byte-limit = 4294967296 (custom)
2022-10-22 01:06:09,441 [pool-141-thread-1] INFO  server.RaftServerConfigKeys (ConfUtils.java:logGet(46)) - raft.server.log.queue.element-limit = 1024 (custom)
2022-10-22 01:06:09,441 [pool-141-thread-1] INFO  server.RaftServerConfigKeys (ConfUtils.java:logGet(46)) - raft.server.log.segment.size.max = 1048576 (custom)
2022-10-22 01:06:09,441 [pool-141-thread-1] INFO  server.RaftServerConfigKeys (ConfUtils.java:logGet(46)) - raft.server.log.preallocated.size = 16384 (custom)
2022-10-22 01:06:09,441 [pool-141-thread-1] INFO  server.RaftServerConfigKeys (ConfUtils.java:logGet(46)) - raft.server.log.force.sync.num = 128 (default)
2022-10-22 01:06:09,441 [pool-141-thread-1] INFO  server.RaftServerConfigKeys (ConfUtils.java:logGet(46)) - raft.server.log.statemachine.data.sync = true (default)
2022-10-22 01:06:09,441 [pool-141-thread-1] INFO  server.RaftServerConfigKeys (ConfUtils.java:logGet(46)) - raft.server.log.statemachine.data.sync.timeout = 10s (default)
2022-10-22 01:06:09,441 [pool-141-thread-1] INFO  server.RaftServerConfigKeys (ConfUtils.java:logGet(46)) - raft.server.log.statemachine.data.sync.timeout.retry = -1 (default)
2022-10-22 01:06:09,443 [pool-141-thread-1] INFO  server.RaftServerConfigKeys (ConfUtils.java:logGet(46)) - raft.server.log.write.buffer.size = 1048576 (custom)
2022-10-22 01:06:09,443 [pool-141-thread-1] INFO  server.RaftServerConfigKeys (ConfUtils.java:logGet(46)) - raft.server.log.unsafe-flush.enabled = false (default)
2022-10-22 01:06:09,443 [pool-141-thread-1] INFO  server.RaftServerConfigKeys (ConfUtils.java:logGet(46)) - raft.server.log.async-flush.enabled = false (default)
2022-10-22 01:06:09,444 [pool-141-thread-1] INFO  server.RaftServerConfigKeys (ConfUtils.java:logGet(46)) - raft.server.log.statemachine.data.caching.enabled = true (custom)
2022-10-22 01:06:09,444 [pool-141-thread-1] INFO  segmented.SegmentedRaftLogWorker (SegmentedRaftLogWorker.java:lambda$new$0(136)) - 6e54690b-befe-42c2-a4b7-a861f73b2b3f@group-9278B7B813B0-SegmentedRaftLogWorker: flushIndex: setUnconditionally 0 -> -1
2022-10-22 01:06:09,444 [pool-141-thread-1] INFO  segmented.SegmentedRaftLogWorker (SegmentedRaftLogWorker.java:lambda$new$0(136)) - 6e54690b-befe-42c2-a4b7-a861f73b2b3f@group-9278B7B813B0-SegmentedRaftLogWorker: safeCacheEvictIndex: setUnconditionally 0 -> -1
2022-10-22 01:06:09,445 [pool-141-thread-1] INFO  server.RaftServer$Division (RaftServerImpl.java:start(334)) - 6e54690b-befe-42c2-a4b7-a861f73b2b3f@group-9278B7B813B0: start as a follower, conf=-1: peers:[63ee6728-2597-4353-a315-509fdfe6db5e|rpc:10.1.0.62:42903|priority:1|startupRole:FOLLOWER, 6e54690b-befe-42c2-a4b7-a861f73b2b3f|rpc:10.1.0.62:35347|priority:0|startupRole:FOLLOWER, e349f11f-4d2d-4584-922f-e3c208c9e657|rpc:10.1.0.62:34143|priority:0|startupRole:FOLLOWER]|listeners:[], old=null
2022-10-22 01:06:09,445 [pool-141-thread-1] INFO  server.RaftServer$Division (RaftServerImpl.java:setRole(321)) - 6e54690b-befe-42c2-a4b7-a861f73b2b3f@group-9278B7B813B0: changes role from      null to FOLLOWER at term 0 for startAsFollower
2022-10-22 01:06:09,445 [pool-141-thread-1] INFO  impl.RoleInfo (RoleInfo.java:updateAndGet(139)) - 6e54690b-befe-42c2-a4b7-a861f73b2b3f: start 6e54690b-befe-42c2-a4b7-a861f73b2b3f@group-9278B7B813B0-FollowerState
2022-10-22 01:06:09,445 [pool-141-thread-1] INFO  util.JmxRegister (JmxRegister.java:tryRegister(44)) - Successfully registered JMX Bean with object name Ratis:service=RaftServer,group=group-9278B7B813B0,id=6e54690b-befe-42c2-a4b7-a861f73b2b3f
2022-10-22 01:06:09,445 [pool-141-thread-1] INFO  server.RaftServerConfigKeys (ConfUtils.java:logGet(46)) - raft.server.snapshot.auto.trigger.enabled = true (custom)
2022-10-22 01:06:09,445 [pool-141-thread-1] INFO  server.RaftServerConfigKeys (ConfUtils.java:logGet(46)) - raft.server.snapshot.auto.trigger.threshold = 10000 (custom)
2022-10-22 01:06:09,445 [pool-141-thread-1] INFO  server.RaftServerConfigKeys (ConfUtils.java:logGet(46)) - raft.server.snapshot.retention.file.num = 5 (custom)
2022-10-22 01:06:09,445 [pool-141-thread-1] INFO  server.RaftServerConfigKeys (ConfUtils.java:logGet(46)) - raft.server.log.purge.upto.snapshot.index = false (default)
2022-10-22 01:06:09,446 [6e54690b-befe-42c2-a4b7-a861f73b2b3f@group-9278B7B813B0-FollowerState] INFO  server.RaftServerConfigKeys (ConfUtils.java:logFallback(53)) - raft.server.rpc.first-election.timeout.min = 5s (fallback to raft.server.rpc.timeout.min)
2022-10-22 01:06:09,446 [6e54690b-befe-42c2-a4b7-a861f73b2b3f@group-9278B7B813B0-FollowerState] INFO  server.RaftServerConfigKeys (ConfUtils.java:logFallback(53)) - raft.server.rpc.first-election.timeout.max = 5200ms (fallback to raft.server.rpc.timeout.max)
2022-10-22 01:06:09,446 [Command processor thread] INFO  ratis.XceiverServerRatis (XceiverServerRatis.java:addGroup(765)) - Created group PipelineID=feee9a74-9677-4a42-930b-9278b7b813b0
2022-10-22 01:06:09,457 [grpc-default-executor-1] INFO  server.RaftServer (RaftServerProxy.java:addNew(96)) - e349f11f-4d2d-4584-922f-e3c208c9e657: addNew group-9278B7B813B0:[63ee6728-2597-4353-a315-509fdfe6db5e|rpc:10.1.0.62:42903|dataStream:|priority:1|startupRole:FOLLOWER, 6e54690b-befe-42c2-a4b7-a861f73b2b3f|rpc:10.1.0.62:35347|dataStream:|priority:0|startupRole:FOLLOWER, e349f11f-4d2d-4584-922f-e3c208c9e657|rpc:10.1.0.62:34143|dataStream:|priority:0|startupRole:FOLLOWER] returns group-9278B7B813B0:java.util.concurrent.CompletableFuture@2a0ad2f[Not completed]
2022-10-22 01:06:09,458 [pool-164-thread-1] INFO  server.RaftServer$Division (RaftServerImpl.java:<init>(195)) - e349f11f-4d2d-4584-922f-e3c208c9e657: new RaftServerImpl for group-9278B7B813B0:[63ee6728-2597-4353-a315-509fdfe6db5e|rpc:10.1.0.62:42903|dataStream:|priority:1|startupRole:FOLLOWER, 6e54690b-befe-42c2-a4b7-a861f73b2b3f|rpc:10.1.0.62:35347|dataStream:|priority:0|startupRole:FOLLOWER, e349f11f-4d2d-4584-922f-e3c208c9e657|rpc:10.1.0.62:34143|dataStream:|priority:0|startupRole:FOLLOWER] with ContainerStateMachine:uninitialized
2022-10-22 01:06:09,458 [pool-164-thread-1] INFO  server.RaftServerConfigKeys (ConfUtils.java:logGet(46)) - raft.server.rpc.timeout.min = 5s (custom)
2022-10-22 01:06:09,458 [pool-164-thread-1] INFO  server.RaftServerConfigKeys (ConfUtils.java:logGet(46)) - raft.server.rpc.timeout.max = 5200ms (custom)
2022-10-22 01:06:09,458 [pool-164-thread-1] INFO  server.RaftServerConfigKeys (ConfUtils.java:logGet(46)) - raft.server.rpc.sleep.time = 25ms (default)
2022-10-22 01:06:09,459 [pool-164-thread-1] INFO  server.RaftServerConfigKeys (ConfUtils.java:logGet(46)) - raft.server.rpc.slowness.timeout = 300s (custom)
2022-10-22 01:06:09,459 [pool-164-thread-1] INFO  server.RaftServerConfigKeys (ConfUtils.java:logGet(46)) - raft.server.leaderelection.leader.step-down.wait-time = 10s (default)
2022-10-22 01:06:09,459 [pool-164-thread-1] INFO  server.RaftServerConfigKeys (ConfUtils.java:logGet(46)) - raft.server.sleep.deviation.threshold = 300ms (default)
2022-10-22 01:06:09,459 [pool-164-thread-1] INFO  server.RaftServer$Division (ServerState.java:<init>(118)) - e349f11f-4d2d-4584-922f-e3c208c9e657@group-9278B7B813B0: ConfigurationManager, init=-1: peers:[63ee6728-2597-4353-a315-509fdfe6db5e|rpc:10.1.0.62:42903|dataStream:|priority:1|startupRole:FOLLOWER, 6e54690b-befe-42c2-a4b7-a861f73b2b3f|rpc:10.1.0.62:35347|dataStream:|priority:0|startupRole:FOLLOWER, e349f11f-4d2d-4584-922f-e3c208c9e657|rpc:10.1.0.62:34143|dataStream:|priority:0|startupRole:FOLLOWER]|listeners:[], old=null, confs=<EMPTY_MAP>
2022-10-22 01:06:09,459 [pool-164-thread-1] INFO  server.RaftServerConfigKeys (ConfUtils.java:logGet(46)) - raft.server.storage.dir = [/home/runner/work/ozone/ozone/hadoop-ozone/integration-test/target/test-dir/MiniOzoneClusterImpl-a988f88d-4efe-430b-bf3c-a1e83706c790/datanode-4/data/ratis] (custom)
2022-10-22 01:06:09,459 [pool-164-thread-1] INFO  server.RaftServerConfigKeys (ConfUtils.java:logGet(46)) - raft.server.log.corruption.policy = EXCEPTION (default)
2022-10-22 01:06:09,459 [pool-164-thread-1] INFO  server.RaftServerConfigKeys (ConfUtils.java:logGet(46)) - raft.server.storage.free-space.min = 0MB (=0) (default)
2022-10-22 01:06:09,459 [pool-164-thread-1] INFO  server.RaftServerConfigKeys (ConfUtils.java:logGet(46)) - raft.server.notification.no-leader.timeout = 300s (custom)
2022-10-22 01:06:09,459 [pool-164-thread-1] INFO  server.RaftServerConfigKeys (ConfUtils.java:logGet(46)) - raft.server.retrycache.expirytime = 600000ms (custom)
2022-10-22 01:06:09,459 [pool-164-thread-1] INFO  server.RaftServerConfigKeys (ConfUtils.java:logGet(46)) - raft.server.retrycache.statistics.expirytime = 100μs (default)
2022-10-22 01:06:09,463 [pool-164-thread-1] INFO  server.RaftServerConfigKeys (ConfUtils.java:logGet(46)) - raft.server.log.appender.install.snapshot.enabled = false (custom)
2022-10-22 01:06:09,463 [pool-164-thread-1] INFO  server.RaftServerConfigKeys (ConfUtils.java:logGet(46)) - raft.server.threadpool.server.cached = true (default)
2022-10-22 01:06:09,463 [pool-164-thread-1] INFO  server.RaftServerConfigKeys (ConfUtils.java:logGet(46)) - raft.server.threadpool.server.size = 0 (default)
2022-10-22 01:06:09,463 [pool-164-thread-1] INFO  server.RaftServerConfigKeys (ConfUtils.java:logGet(46)) - raft.server.threadpool.client.cached = true (default)
2022-10-22 01:06:09,463 [pool-164-thread-1] INFO  server.RaftServerConfigKeys (ConfUtils.java:logGet(46)) - raft.server.threadpool.client.size = 0 (default)
2022-10-22 01:06:09,463 [pool-164-thread-1] INFO  storage.RaftStorageDirectory (RaftStorageDirectoryImpl.java:analyzeStorage(137)) - The storage directory /home/runner/work/ozone/ozone/hadoop-ozone/integration-test/target/test-dir/MiniOzoneClusterImpl-a988f88d-4efe-430b-bf3c-a1e83706c790/datanode-4/data/ratis/feee9a74-9677-4a42-930b-9278b7b813b0 does not exist. Creating ...
2022-10-22 01:06:09,464 [pool-164-thread-1] INFO  storage.RaftStorageDirectory (RaftStorageDirectoryImpl.java:tryLock(231)) - Lock on /home/runner/work/ozone/ozone/hadoop-ozone/integration-test/target/test-dir/MiniOzoneClusterImpl-a988f88d-4efe-430b-bf3c-a1e83706c790/datanode-4/data/ratis/feee9a74-9677-4a42-930b-9278b7b813b0/in_use.lock acquired by nodename 13814@fv-az334-928
2022-10-22 01:06:09,465 [pool-164-thread-1] INFO  storage.RaftStorage (RaftStorageImpl.java:format(96)) - Storage directory /home/runner/work/ozone/ozone/hadoop-ozone/integration-test/target/test-dir/MiniOzoneClusterImpl-a988f88d-4efe-430b-bf3c-a1e83706c790/datanode-4/data/ratis/feee9a74-9677-4a42-930b-9278b7b813b0 has been successfully formatted.
2022-10-22 01:06:09,465 [pool-164-thread-1] INFO  ratis.ContainerStateMachine (ContainerStateMachine.java:loadSnapshot(236)) - group-9278B7B813B0: The snapshot info is null. Setting the last applied indexto:(t:0, i:~)
2022-10-22 01:06:09,465 [pool-164-thread-1] INFO  server.RaftServerConfigKeys (ConfUtils.java:logGet(46)) - raft.server.log.use.memory = false (default)
2022-10-22 01:06:09,467 [pool-164-thread-1] INFO  server.RaftServerConfigKeys (ConfUtils.java:logGet(46)) - raft.server.log.purge.gap = 1000000 (custom)
2022-10-22 01:06:09,467 [pool-164-thread-1] INFO  server.RaftServerConfigKeys (ConfUtils.java:logGet(46)) - raft.server.log.appender.buffer.byte-limit = 33554432 (custom)
2022-10-22 01:06:09,467 [pool-164-thread-1] INFO  server.RaftServerConfigKeys (ConfUtils.java:logGet(46)) - raft.server.log.statemachine.data.read.timeout = 1000ms (default)
2022-10-22 01:06:09,467 [pool-164-thread-1] INFO  server.RaftServerConfigKeys (ConfUtils.java:logGet(46)) - raft.server.log.purge.preservation.log.num = 0 (default)
2022-10-22 01:06:09,467 [pool-164-thread-1] INFO  server.RaftServerConfigKeys (ConfUtils.java:logGet(46)) - raft.server.log.segment.size.max = 1048576 (custom)
2022-10-22 01:06:09,468 [pool-164-thread-1] INFO  server.RaftServerConfigKeys (ConfUtils.java:logGet(46)) - raft.server.log.segment.cache.num.max = 2 (custom)
2022-10-22 01:06:09,468 [pool-164-thread-1] INFO  server.RaftServerConfigKeys (ConfUtils.java:logGet(46)) - raft.server.log.segment.cache.size.max = 200MB (=209715200) (default)
2022-10-22 01:06:09,468 [pool-164-thread-1] INFO  segmented.SegmentedRaftLogWorker (SegmentedRaftLogWorker.java:<init>(191)) - new e349f11f-4d2d-4584-922f-e3c208c9e657@group-9278B7B813B0-SegmentedRaftLogWorker for RaftStorageImpl:Storage Directory /home/runner/work/ozone/ozone/hadoop-ozone/integration-test/target/test-dir/MiniOzoneClusterImpl-a988f88d-4efe-430b-bf3c-a1e83706c790/datanode-4/data/ratis/feee9a74-9677-4a42-930b-9278b7b813b0
2022-10-22 01:06:09,468 [pool-164-thread-1] INFO  server.RaftServerConfigKeys (ConfUtils.java:logGet(46)) - raft.server.log.queue.byte-limit = 4294967296 (custom)
2022-10-22 01:06:09,468 [pool-164-thread-1] INFO  server.RaftServerConfigKeys (ConfUtils.java:logGet(46)) - raft.server.log.queue.element-limit = 1024 (custom)
2022-10-22 01:06:09,468 [pool-164-thread-1] INFO  server.RaftServerConfigKeys (ConfUtils.java:logGet(46)) - raft.server.log.segment.size.max = 1048576 (custom)
2022-10-22 01:06:09,468 [pool-164-thread-1] INFO  server.RaftServerConfigKeys (ConfUtils.java:logGet(46)) - raft.server.log.preallocated.size = 16384 (custom)
2022-10-22 01:06:09,468 [pool-164-thread-1] INFO  server.RaftServerConfigKeys (ConfUtils.java:logGet(46)) - raft.server.log.force.sync.num = 128 (default)
2022-10-22 01:06:09,468 [pool-164-thread-1] INFO  server.RaftServerConfigKeys (ConfUtils.java:logGet(46)) - raft.server.log.statemachine.data.sync = true (default)
2022-10-22 01:06:09,468 [pool-164-thread-1] INFO  server.RaftServerConfigKeys (ConfUtils.java:logGet(46)) - raft.server.log.statemachine.data.sync.timeout = 10s (default)
2022-10-22 01:06:09,468 [pool-164-thread-1] INFO  server.RaftServerConfigKeys (ConfUtils.java:logGet(46)) - raft.server.log.statemachine.data.sync.timeout.retry = -1 (default)
2022-10-22 01:06:09,469 [pool-164-thread-1] INFO  server.RaftServerConfigKeys (ConfUtils.java:logGet(46)) - raft.server.log.write.buffer.size = 1048576 (custom)
2022-10-22 01:06:09,470 [pool-164-thread-1] INFO  server.RaftServerConfigKeys (ConfUtils.java:logGet(46)) - raft.server.log.unsafe-flush.enabled = false (default)
2022-10-22 01:06:09,471 [pool-164-thread-1] INFO  server.RaftServerConfigKeys (ConfUtils.java:logGet(46)) - raft.server.log.async-flush.enabled = false (default)
2022-10-22 01:06:09,471 [pool-164-thread-1] INFO  server.RaftServerConfigKeys (ConfUtils.java:logGet(46)) - raft.server.log.statemachine.data.caching.enabled = true (custom)
2022-10-22 01:06:09,472 [pool-164-thread-1] INFO  segmented.SegmentedRaftLogWorker (SegmentedRaftLogWorker.java:lambda$new$0(136)) - e349f11f-4d2d-4584-922f-e3c208c9e657@group-9278B7B813B0-SegmentedRaftLogWorker: flushIndex: setUnconditionally 0 -> -1
2022-10-22 01:06:09,472 [pool-164-thread-1] INFO  segmented.SegmentedRaftLogWorker (SegmentedRaftLogWorker.java:lambda$new$0(136)) - e349f11f-4d2d-4584-922f-e3c208c9e657@group-9278B7B813B0-SegmentedRaftLogWorker: safeCacheEvictIndex: setUnconditionally 0 -> -1
2022-10-22 01:06:09,472 [pool-164-thread-1] INFO  server.RaftServer$Division (RaftServerImpl.java:start(334)) - e349f11f-4d2d-4584-922f-e3c208c9e657@group-9278B7B813B0: start as a follower, conf=-1: peers:[63ee6728-2597-4353-a315-509fdfe6db5e|rpc:10.1.0.62:42903|dataStream:|priority:1|startupRole:FOLLOWER, 6e54690b-befe-42c2-a4b7-a861f73b2b3f|rpc:10.1.0.62:35347|dataStream:|priority:0|startupRole:FOLLOWER, e349f11f-4d2d-4584-922f-e3c208c9e657|rpc:10.1.0.62:34143|dataStream:|priority:0|startupRole:FOLLOWER]|listeners:[], old=null
2022-10-22 01:06:09,472 [pool-164-thread-1] INFO  server.RaftServer$Division (RaftServerImpl.java:setRole(321)) - e349f11f-4d2d-4584-922f-e3c208c9e657@group-9278B7B813B0: changes role from      null to FOLLOWER at term 0 for startAsFollower
2022-10-22 01:06:09,472 [pool-164-thread-1] INFO  impl.RoleInfo (RoleInfo.java:updateAndGet(139)) - e349f11f-4d2d-4584-922f-e3c208c9e657: start e349f11f-4d2d-4584-922f-e3c208c9e657@group-9278B7B813B0-FollowerState
2022-10-22 01:06:09,476 [pool-164-thread-1] INFO  util.JmxRegister (JmxRegister.java:tryRegister(44)) - Successfully registered JMX Bean with object name Ratis:service=RaftServer,group=group-9278B7B813B0,id=e349f11f-4d2d-4584-922f-e3c208c9e657
2022-10-22 01:06:09,476 [pool-164-thread-1] INFO  server.RaftServerConfigKeys (ConfUtils.java:logGet(46)) - raft.server.snapshot.auto.trigger.enabled = true (custom)
2022-10-22 01:06:09,476 [e349f11f-4d2d-4584-922f-e3c208c9e657@group-9278B7B813B0-FollowerState] INFO  server.RaftServerConfigKeys (ConfUtils.java:logFallback(53)) - raft.server.rpc.first-election.timeout.min = 5s (fallback to raft.server.rpc.timeout.min)
2022-10-22 01:06:09,476 [pool-164-thread-1] INFO  server.RaftServerConfigKeys (ConfUtils.java:logGet(46)) - raft.server.snapshot.auto.trigger.threshold = 10000 (custom)
2022-10-22 01:06:09,477 [pool-164-thread-1] INFO  server.RaftServerConfigKeys (ConfUtils.java:logGet(46)) - raft.server.snapshot.retention.file.num = 5 (custom)
2022-10-22 01:06:09,477 [pool-164-thread-1] INFO  server.RaftServerConfigKeys (ConfUtils.java:logGet(46)) - raft.server.log.purge.upto.snapshot.index = false (default)
2022-10-22 01:06:09,478 [e349f11f-4d2d-4584-922f-e3c208c9e657@group-9278B7B813B0-FollowerState] INFO  server.RaftServerConfigKeys (ConfUtils.java:logFallback(53)) - raft.server.rpc.first-election.timeout.max = 5200ms (fallback to raft.server.rpc.timeout.max)
2022-10-22 01:06:09,495 [grpc-default-executor-1] INFO  server.RaftServer (RaftServerProxy.java:addNew(96)) - 63ee6728-2597-4353-a315-509fdfe6db5e: addNew group-9278B7B813B0:[63ee6728-2597-4353-a315-509fdfe6db5e|rpc:10.1.0.62:42903|dataStream:|priority:1|startupRole:FOLLOWER, 6e54690b-befe-42c2-a4b7-a861f73b2b3f|rpc:10.1.0.62:35347|dataStream:|priority:0|startupRole:FOLLOWER, e349f11f-4d2d-4584-922f-e3c208c9e657|rpc:10.1.0.62:34143|dataStream:|priority:0|startupRole:FOLLOWER] returns group-9278B7B813B0:java.util.concurrent.CompletableFuture@47b1b52c[Not completed]
2022-10-22 01:06:09,496 [pool-187-thread-1] INFO  server.RaftServer$Division (RaftServerImpl.java:<init>(195)) - 63ee6728-2597-4353-a315-509fdfe6db5e: new RaftServerImpl for group-9278B7B813B0:[63ee6728-2597-4353-a315-509fdfe6db5e|rpc:10.1.0.62:42903|dataStream:|priority:1|startupRole:FOLLOWER, 6e54690b-befe-42c2-a4b7-a861f73b2b3f|rpc:10.1.0.62:35347|dataStream:|priority:0|startupRole:FOLLOWER, e349f11f-4d2d-4584-922f-e3c208c9e657|rpc:10.1.0.62:34143|dataStream:|priority:0|startupRole:FOLLOWER] with ContainerStateMachine:uninitialized
2022-10-22 01:06:09,496 [pool-187-thread-1] INFO  server.RaftServerConfigKeys (ConfUtils.java:logGet(46)) - raft.server.rpc.timeout.min = 5s (custom)
2022-10-22 01:06:09,496 [pool-187-thread-1] INFO  server.RaftServerConfigKeys (ConfUtils.java:logGet(46)) - raft.server.rpc.timeout.max = 5200ms (custom)
2022-10-22 01:06:09,496 [pool-187-thread-1] INFO  server.RaftServerConfigKeys (ConfUtils.java:logGet(46)) - raft.server.rpc.sleep.time = 25ms (default)
2022-10-22 01:06:09,496 [pool-187-thread-1] INFO  server.RaftServerConfigKeys (ConfUtils.java:logGet(46)) - raft.server.rpc.slowness.timeout = 300s (custom)
2022-10-22 01:06:09,496 [pool-187-thread-1] INFO  server.RaftServerConfigKeys (ConfUtils.java:logGet(46)) - raft.server.leaderelection.leader.step-down.wait-time = 10s (default)
2022-10-22 01:06:09,496 [pool-187-thread-1] INFO  server.RaftServerConfigKeys (ConfUtils.java:logGet(46)) - raft.server.sleep.deviation.threshold = 300ms (default)
2022-10-22 01:06:09,496 [pool-187-thread-1] INFO  server.RaftServer$Division (ServerState.java:<init>(118)) - 63ee6728-2597-4353-a315-509fdfe6db5e@group-9278B7B813B0: ConfigurationManager, init=-1: peers:[63ee6728-2597-4353-a315-509fdfe6db5e|rpc:10.1.0.62:42903|dataStream:|priority:1|startupRole:FOLLOWER, 6e54690b-befe-42c2-a4b7-a861f73b2b3f|rpc:10.1.0.62:35347|dataStream:|priority:0|startupRole:FOLLOWER, e349f11f-4d2d-4584-922f-e3c208c9e657|rpc:10.1.0.62:34143|dataStream:|priority:0|startupRole:FOLLOWER]|listeners:[], old=null, confs=<EMPTY_MAP>
2022-10-22 01:06:09,498 [pool-187-thread-1] INFO  server.RaftServerConfigKeys (ConfUtils.java:logGet(46)) - raft.server.storage.dir = [/home/runner/work/ozone/ozone/hadoop-ozone/integration-test/target/test-dir/MiniOzoneClusterImpl-a988f88d-4efe-430b-bf3c-a1e83706c790/datanode-5/data/ratis] (custom)
2022-10-22 01:06:09,498 [pool-187-thread-1] INFO  server.RaftServerConfigKeys (ConfUtils.java:logGet(46)) - raft.server.log.corruption.policy = EXCEPTION (default)
2022-10-22 01:06:09,498 [pool-187-thread-1] INFO  server.RaftServerConfigKeys (ConfUtils.java:logGet(46)) - raft.server.storage.free-space.min = 0MB (=0) (default)
2022-10-22 01:06:09,498 [pool-187-thread-1] INFO  server.RaftServerConfigKeys (ConfUtils.java:logGet(46)) - raft.server.notification.no-leader.timeout = 300s (custom)
2022-10-22 01:06:09,498 [pool-187-thread-1] INFO  server.RaftServerConfigKeys (ConfUtils.java:logGet(46)) - raft.server.retrycache.expirytime = 600000ms (custom)
2022-10-22 01:06:09,499 [pool-187-thread-1] INFO  server.RaftServerConfigKeys (ConfUtils.java:logGet(46)) - raft.server.retrycache.statistics.expirytime = 100μs (default)
2022-10-22 01:06:09,500 [pool-187-thread-1] INFO  server.RaftServerConfigKeys (ConfUtils.java:logGet(46)) - raft.server.log.appender.install.snapshot.enabled = false (custom)
2022-10-22 01:06:09,500 [pool-187-thread-1] INFO  server.RaftServerConfigKeys (ConfUtils.java:logGet(46)) - raft.server.threadpool.server.cached = true (default)
2022-10-22 01:06:09,500 [pool-187-thread-1] INFO  server.RaftServerConfigKeys (ConfUtils.java:logGet(46)) - raft.server.threadpool.server.size = 0 (default)
2022-10-22 01:06:09,500 [pool-187-thread-1] INFO  server.RaftServerConfigKeys (ConfUtils.java:logGet(46)) - raft.server.threadpool.client.cached = true (default)
2022-10-22 01:06:09,500 [pool-187-thread-1] INFO  server.RaftServerConfigKeys (ConfUtils.java:logGet(46)) - raft.server.threadpool.client.size = 0 (default)
2022-10-22 01:06:09,500 [pool-187-thread-1] INFO  storage.RaftStorageDirectory (RaftStorageDirectoryImpl.java:analyzeStorage(137)) - The storage directory /home/runner/work/ozone/ozone/hadoop-ozone/integration-test/target/test-dir/MiniOzoneClusterImpl-a988f88d-4efe-430b-bf3c-a1e83706c790/datanode-5/data/ratis/feee9a74-9677-4a42-930b-9278b7b813b0 does not exist. Creating ...
2022-10-22 01:06:09,501 [pool-187-thread-1] INFO  storage.RaftStorageDirectory (RaftStorageDirectoryImpl.java:tryLock(231)) - Lock on /home/runner/work/ozone/ozone/hadoop-ozone/integration-test/target/test-dir/MiniOzoneClusterImpl-a988f88d-4efe-430b-bf3c-a1e83706c790/datanode-5/data/ratis/feee9a74-9677-4a42-930b-9278b7b813b0/in_use.lock acquired by nodename 13814@fv-az334-928
2022-10-22 01:06:09,502 [pool-187-thread-1] INFO  storage.RaftStorage (RaftStorageImpl.java:format(96)) - Storage directory /home/runner/work/ozone/ozone/hadoop-ozone/integration-test/target/test-dir/MiniOzoneClusterImpl-a988f88d-4efe-430b-bf3c-a1e83706c790/datanode-5/data/ratis/feee9a74-9677-4a42-930b-9278b7b813b0 has been successfully formatted.
2022-10-22 01:06:09,502 [pool-187-thread-1] INFO  ratis.ContainerStateMachine (ContainerStateMachine.java:loadSnapshot(236)) - group-9278B7B813B0: The snapshot info is null. Setting the last applied indexto:(t:0, i:~)
2022-10-22 01:06:09,502 [pool-187-thread-1] INFO  server.RaftServerConfigKeys (ConfUtils.java:logGet(46)) - raft.server.log.use.memory = false (default)
2022-10-22 01:06:09,503 [pool-187-thread-1] INFO  server.RaftServerConfigKeys (ConfUtils.java:logGet(46)) - raft.server.log.purge.gap = 1000000 (custom)
2022-10-22 01:06:09,503 [pool-187-thread-1] INFO  server.RaftServerConfigKeys (ConfUtils.java:logGet(46)) - raft.server.log.appender.buffer.byte-limit = 33554432 (custom)
2022-10-22 01:06:09,503 [pool-187-thread-1] INFO  server.RaftServerConfigKeys (ConfUtils.java:logGet(46)) - raft.server.log.statemachine.data.read.timeout = 1000ms (default)
2022-10-22 01:06:09,503 [pool-187-thread-1] INFO  server.RaftServerConfigKeys (ConfUtils.java:logGet(46)) - raft.server.log.purge.preservation.log.num = 0 (default)
2022-10-22 01:06:09,506 [pool-187-thread-1] INFO  server.RaftServerConfigKeys (ConfUtils.java:logGet(46)) - raft.server.log.segment.size.max = 1048576 (custom)
2022-10-22 01:06:09,507 [pool-187-thread-1] INFO  server.RaftServerConfigKeys (ConfUtils.java:logGet(46)) - raft.server.log.segment.cache.num.max = 2 (custom)
2022-10-22 01:06:09,507 [pool-187-thread-1] INFO  server.RaftServerConfigKeys (ConfUtils.java:logGet(46)) - raft.server.log.segment.cache.size.max = 200MB (=209715200) (default)
2022-10-22 01:06:09,507 [pool-187-thread-1] INFO  segmented.SegmentedRaftLogWorker (SegmentedRaftLogWorker.java:<init>(191)) - new 63ee6728-2597-4353-a315-509fdfe6db5e@group-9278B7B813B0-SegmentedRaftLogWorker for RaftStorageImpl:Storage Directory /home/runner/work/ozone/ozone/hadoop-ozone/integration-test/target/test-dir/MiniOzoneClusterImpl-a988f88d-4efe-430b-bf3c-a1e83706c790/datanode-5/data/ratis/feee9a74-9677-4a42-930b-9278b7b813b0
2022-10-22 01:06:09,507 [pool-187-thread-1] INFO  server.RaftServerConfigKeys (ConfUtils.java:logGet(46)) - raft.server.log.queue.byte-limit = 4294967296 (custom)
2022-10-22 01:06:09,507 [pool-187-thread-1] INFO  server.RaftServerConfigKeys (ConfUtils.java:logGet(46)) - raft.server.log.queue.element-limit = 1024 (custom)
2022-10-22 01:06:09,507 [pool-187-thread-1] INFO  server.RaftServerConfigKeys (ConfUtils.java:logGet(46)) - raft.server.log.segment.size.max = 1048576 (custom)
2022-10-22 01:06:09,507 [pool-187-thread-1] INFO  server.RaftServerConfigKeys (ConfUtils.java:logGet(46)) - raft.server.log.preallocated.size = 16384 (custom)
2022-10-22 01:06:09,507 [pool-187-thread-1] INFO  server.RaftServerConfigKeys (ConfUtils.java:logGet(46)) - raft.server.log.force.sync.num = 128 (default)
2022-10-22 01:06:09,507 [pool-187-thread-1] INFO  server.RaftServerConfigKeys (ConfUtils.java:logGet(46)) - raft.server.log.statemachine.data.sync = true (default)
2022-10-22 01:06:09,507 [pool-187-thread-1] INFO  server.RaftServerConfigKeys (ConfUtils.java:logGet(46)) - raft.server.log.statemachine.data.sync.timeout = 10s (default)
2022-10-22 01:06:09,507 [pool-187-thread-1] INFO  server.RaftServerConfigKeys (ConfUtils.java:logGet(46)) - raft.server.log.statemachine.data.sync.timeout.retry = -1 (default)
2022-10-22 01:06:09,508 [pool-187-thread-1] INFO  server.RaftServerConfigKeys (ConfUtils.java:logGet(46)) - raft.server.log.write.buffer.size = 1048576 (custom)
2022-10-22 01:06:09,509 [pool-187-thread-1] INFO  server.RaftServerConfigKeys (ConfUtils.java:logGet(46)) - raft.server.log.unsafe-flush.enabled = false (default)
2022-10-22 01:06:09,509 [pool-187-thread-1] INFO  server.RaftServerConfigKeys (ConfUtils.java:logGet(46)) - raft.server.log.async-flush.enabled = false (default)
2022-10-22 01:06:09,509 [pool-187-thread-1] INFO  server.RaftServerConfigKeys (ConfUtils.java:logGet(46)) - raft.server.log.statemachine.data.caching.enabled = true (custom)
2022-10-22 01:06:09,509 [pool-187-thread-1] INFO  segmented.SegmentedRaftLogWorker (SegmentedRaftLogWorker.java:lambda$new$0(136)) - 63ee6728-2597-4353-a315-509fdfe6db5e@group-9278B7B813B0-SegmentedRaftLogWorker: flushIndex: setUnconditionally 0 -> -1
2022-10-22 01:06:09,509 [pool-187-thread-1] INFO  segmented.SegmentedRaftLogWorker (SegmentedRaftLogWorker.java:lambda$new$0(136)) - 63ee6728-2597-4353-a315-509fdfe6db5e@group-9278B7B813B0-SegmentedRaftLogWorker: safeCacheEvictIndex: setUnconditionally 0 -> -1
2022-10-22 01:06:09,509 [pool-187-thread-1] INFO  server.RaftServer$Division (RaftServerImpl.java:start(334)) - 63ee6728-2597-4353-a315-509fdfe6db5e@group-9278B7B813B0: start as a follower, conf=-1: peers:[63ee6728-2597-4353-a315-509fdfe6db5e|rpc:10.1.0.62:42903|dataStream:|priority:1|startupRole:FOLLOWER, 6e54690b-befe-42c2-a4b7-a861f73b2b3f|rpc:10.1.0.62:35347|dataStream:|priority:0|startupRole:FOLLOWER, e349f11f-4d2d-4584-922f-e3c208c9e657|rpc:10.1.0.62:34143|dataStream:|priority:0|startupRole:FOLLOWER]|listeners:[], old=null
2022-10-22 01:06:09,509 [pool-187-thread-1] INFO  server.RaftServer$Division (RaftServerImpl.java:setRole(321)) - 63ee6728-2597-4353-a315-509fdfe6db5e@group-9278B7B813B0: changes role from      null to FOLLOWER at term 0 for startAsFollower
2022-10-22 01:06:09,509 [pool-187-thread-1] INFO  impl.RoleInfo (RoleInfo.java:updateAndGet(139)) - 63ee6728-2597-4353-a315-509fdfe6db5e: start 63ee6728-2597-4353-a315-509fdfe6db5e@group-9278B7B813B0-FollowerState
2022-10-22 01:06:09,509 [pool-187-thread-1] INFO  util.JmxRegister (JmxRegister.java:tryRegister(44)) - Successfully registered JMX Bean with object name Ratis:service=RaftServer,group=group-9278B7B813B0,id=63ee6728-2597-4353-a315-509fdfe6db5e
2022-10-22 01:06:09,509 [pool-187-thread-1] INFO  server.RaftServerConfigKeys (ConfUtils.java:logGet(46)) - raft.server.snapshot.auto.trigger.enabled = true (custom)
2022-10-22 01:06:09,509 [pool-187-thread-1] INFO  server.RaftServerConfigKeys (ConfUtils.java:logGet(46)) - raft.server.snapshot.auto.trigger.threshold = 10000 (custom)
2022-10-22 01:06:09,510 [pool-187-thread-1] INFO  server.RaftServerConfigKeys (ConfUtils.java:logGet(46)) - raft.server.snapshot.retention.file.num = 5 (custom)
2022-10-22 01:06:09,510 [pool-187-thread-1] INFO  server.RaftServerConfigKeys (ConfUtils.java:logGet(46)) - raft.server.log.purge.upto.snapshot.index = false (default)
2022-10-22 01:06:09,510 [63ee6728-2597-4353-a315-509fdfe6db5e@group-9278B7B813B0-FollowerState] INFO  server.RaftServerConfigKeys (ConfUtils.java:logFallback(53)) - raft.server.rpc.first-election.timeout.min = 5s (fallback to raft.server.rpc.timeout.min)
2022-10-22 01:06:09,515 [63ee6728-2597-4353-a315-509fdfe6db5e@group-9278B7B813B0-FollowerState] INFO  server.RaftServerConfigKeys (ConfUtils.java:logFallback(53)) - raft.server.rpc.first-election.timeout.max = 5200ms (fallback to raft.server.rpc.timeout.max)
2022-10-22 01:06:09,520 [Command processor thread] INFO  commandhandler.CreatePipelineCommandHandler (CreatePipelineCommandHandler.java:handle(113)) - Created Pipeline RATIS THREE PipelineID=feee9a74-9677-4a42-930b-9278b7b813b0.
2022-10-22 01:06:09,521 [Command processor thread] INFO  server.RaftServer (RaftServerProxy.java:addNew(96)) - 6e54690b-befe-42c2-a4b7-a861f73b2b3f: addNew group-D99577696E18:[63ee6728-2597-4353-a315-509fdfe6db5e|rpc:10.1.0.62:42903|priority:0|startupRole:FOLLOWER, 6e54690b-befe-42c2-a4b7-a861f73b2b3f|rpc:10.1.0.62:35347|priority:1|startupRole:FOLLOWER, e349f11f-4d2d-4584-922f-e3c208c9e657|rpc:10.1.0.62:34143|priority:0|startupRole:FOLLOWER] returns group-D99577696E18:java.util.concurrent.CompletableFuture@16bc1d78[Not completed]
2022-10-22 01:06:09,521 [pool-141-thread-1] INFO  server.RaftServer$Division (RaftServerImpl.java:<init>(195)) - 6e54690b-befe-42c2-a4b7-a861f73b2b3f: new RaftServerImpl for group-D99577696E18:[63ee6728-2597-4353-a315-509fdfe6db5e|rpc:10.1.0.62:42903|priority:0|startupRole:FOLLOWER, 6e54690b-befe-42c2-a4b7-a861f73b2b3f|rpc:10.1.0.62:35347|priority:1|startupRole:FOLLOWER, e349f11f-4d2d-4584-922f-e3c208c9e657|rpc:10.1.0.62:34143|priority:0|startupRole:FOLLOWER] with ContainerStateMachine:uninitialized
2022-10-22 01:06:09,521 [pool-141-thread-1] INFO  server.RaftServerConfigKeys (ConfUtils.java:logGet(46)) - raft.server.rpc.timeout.min = 5s (custom)
2022-10-22 01:06:09,521 [pool-141-thread-1] INFO  server.RaftServerConfigKeys (ConfUtils.java:logGet(46)) - raft.server.rpc.timeout.max = 5200ms (custom)
2022-10-22 01:06:09,521 [pool-141-thread-1] INFO  server.RaftServerConfigKeys (ConfUtils.java:logGet(46)) - raft.server.rpc.sleep.time = 25ms (default)
2022-10-22 01:06:09,522 [pool-141-thread-1] INFO  server.RaftServerConfigKeys (ConfUtils.java:logGet(46)) - raft.server.rpc.slowness.timeout = 300s (custom)
2022-10-22 01:06:09,522 [pool-141-thread-1] INFO  server.RaftServerConfigKeys (ConfUtils.java:logGet(46)) - raft.server.leaderelection.leader.step-down.wait-time = 10s (default)
2022-10-22 01:06:09,522 [pool-141-thread-1] INFO  server.RaftServerConfigKeys (ConfUtils.java:logGet(46)) - raft.server.sleep.deviation.threshold = 300ms (default)
2022-10-22 01:06:09,522 [pool-141-thread-1] INFO  server.RaftServer$Division (ServerState.java:<init>(118)) - 6e54690b-befe-42c2-a4b7-a861f73b2b3f@group-D99577696E18: ConfigurationManager, init=-1: peers:[63ee6728-2597-4353-a315-509fdfe6db5e|rpc:10.1.0.62:42903|priority:0|startupRole:FOLLOWER, 6e54690b-befe-42c2-a4b7-a861f73b2b3f|rpc:10.1.0.62:35347|priority:1|startupRole:FOLLOWER, e349f11f-4d2d-4584-922f-e3c208c9e657|rpc:10.1.0.62:34143|priority:0|startupRole:FOLLOWER]|listeners:[], old=null, confs=<EMPTY_MAP>
2022-10-22 01:06:09,522 [pool-141-thread-1] INFO  server.RaftServerConfigKeys (ConfUtils.java:logGet(46)) - raft.server.storage.dir = [/home/runner/work/ozone/ozone/hadoop-ozone/integration-test/target/test-dir/MiniOzoneClusterImpl-a988f88d-4efe-430b-bf3c-a1e83706c790/datanode-3/data/ratis] (custom)
2022-10-22 01:06:09,522 [pool-141-thread-1] INFO  server.RaftServerConfigKeys (ConfUtils.java:logGet(46)) - raft.server.log.corruption.policy = EXCEPTION (default)
2022-10-22 01:06:09,522 [pool-141-thread-1] INFO  server.RaftServerConfigKeys (ConfUtils.java:logGet(46)) - raft.server.storage.free-space.min = 0MB (=0) (default)
2022-10-22 01:06:09,522 [pool-141-thread-1] INFO  server.RaftServerConfigKeys (ConfUtils.java:logGet(46)) - raft.server.notification.no-leader.timeout = 300s (custom)
2022-10-22 01:06:09,522 [pool-141-thread-1] INFO  server.RaftServerConfigKeys (ConfUtils.java:logGet(46)) - raft.server.retrycache.expirytime = 600000ms (custom)
2022-10-22 01:06:09,522 [pool-141-thread-1] INFO  server.RaftServerConfigKeys (ConfUtils.java:logGet(46)) - raft.server.retrycache.statistics.expirytime = 100μs (default)
2022-10-22 01:06:09,523 [pool-141-thread-1] INFO  server.RaftServerConfigKeys (ConfUtils.java:logGet(46)) - raft.server.log.appender.install.snapshot.enabled = false (custom)
2022-10-22 01:06:09,523 [pool-141-thread-1] INFO  server.RaftServerConfigKeys (ConfUtils.java:logGet(46)) - raft.server.threadpool.server.cached = true (default)
2022-10-22 01:06:09,523 [pool-141-thread-1] INFO  server.RaftServerConfigKeys (ConfUtils.java:logGet(46)) - raft.server.threadpool.server.size = 0 (default)
2022-10-22 01:06:09,523 [pool-141-thread-1] INFO  server.RaftServerConfigKeys (ConfUtils.java:logGet(46)) - raft.server.threadpool.client.cached = true (default)
2022-10-22 01:06:09,523 [pool-141-thread-1] INFO  server.RaftServerConfigKeys (ConfUtils.java:logGet(46)) - raft.server.threadpool.client.size = 0 (default)
2022-10-22 01:06:09,523 [pool-141-thread-1] INFO  storage.RaftStorageDirectory (RaftStorageDirectoryImpl.java:analyzeStorage(137)) - The storage directory /home/runner/work/ozone/ozone/hadoop-ozone/integration-test/target/test-dir/MiniOzoneClusterImpl-a988f88d-4efe-430b-bf3c-a1e83706c790/datanode-3/data/ratis/37aa45de-48ff-4b09-999e-d99577696e18 does not exist. Creating ...
2022-10-22 01:06:09,525 [pool-141-thread-1] INFO  storage.RaftStorageDirectory (RaftStorageDirectoryImpl.java:tryLock(231)) - Lock on /home/runner/work/ozone/ozone/hadoop-ozone/integration-test/target/test-dir/MiniOzoneClusterImpl-a988f88d-4efe-430b-bf3c-a1e83706c790/datanode-3/data/ratis/37aa45de-48ff-4b09-999e-d99577696e18/in_use.lock acquired by nodename 13814@fv-az334-928
2022-10-22 01:06:09,526 [pool-141-thread-1] INFO  storage.RaftStorage (RaftStorageImpl.java:format(96)) - Storage directory /home/runner/work/ozone/ozone/hadoop-ozone/integration-test/target/test-dir/MiniOzoneClusterImpl-a988f88d-4efe-430b-bf3c-a1e83706c790/datanode-3/data/ratis/37aa45de-48ff-4b09-999e-d99577696e18 has been successfully formatted.
2022-10-22 01:06:09,527 [pool-141-thread-1] INFO  ratis.ContainerStateMachine (ContainerStateMachine.java:loadSnapshot(236)) - group-D99577696E18: The snapshot info is null. Setting the last applied indexto:(t:0, i:~)
2022-10-22 01:06:09,527 [pool-141-thread-1] INFO  server.RaftServerConfigKeys (ConfUtils.java:logGet(46)) - raft.server.log.use.memory = false (default)
2022-10-22 01:06:09,527 [pool-141-thread-1] INFO  server.RaftServerConfigKeys (ConfUtils.java:logGet(46)) - raft.server.log.purge.gap = 1000000 (custom)
2022-10-22 01:06:09,527 [pool-141-thread-1] INFO  server.RaftServerConfigKeys (ConfUtils.java:logGet(46)) - raft.server.log.appender.buffer.byte-limit = 33554432 (custom)
2022-10-22 01:06:09,527 [pool-141-thread-1] INFO  server.RaftServerConfigKeys (ConfUtils.java:logGet(46)) - raft.server.log.statemachine.data.read.timeout = 1000ms (default)
2022-10-22 01:06:09,527 [pool-141-thread-1] INFO  server.RaftServerConfigKeys (ConfUtils.java:logGet(46)) - raft.server.log.purge.preservation.log.num = 0 (default)
2022-10-22 01:06:09,527 [pool-141-thread-1] INFO  server.RaftServerConfigKeys (ConfUtils.java:logGet(46)) - raft.server.log.segment.size.max = 1048576 (custom)
2022-10-22 01:06:09,528 [EventQueue-OpenPipelineForHealthyPipelineSafeModeRule] INFO  safemode.SCMSafeModeManager (HealthyPipelineSafeModeRule.java:process(137)) - SCM in safe mode. Healthy pipelines reported count is 0, required healthy pipeline reported count is 1
2022-10-22 01:06:09,528 [pool-141-thread-1] INFO  server.RaftServerConfigKeys (ConfUtils.java:logGet(46)) - raft.server.log.segment.cache.num.max = 2 (custom)
2022-10-22 01:06:09,529 [pool-141-thread-1] INFO  server.RaftServerConfigKeys (ConfUtils.java:logGet(46)) - raft.server.log.segment.cache.size.max = 200MB (=209715200) (default)
2022-10-22 01:06:09,529 [pool-141-thread-1] INFO  segmented.SegmentedRaftLogWorker (SegmentedRaftLogWorker.java:<init>(191)) - new 6e54690b-befe-42c2-a4b7-a861f73b2b3f@group-D99577696E18-SegmentedRaftLogWorker for RaftStorageImpl:Storage Directory /home/runner/work/ozone/ozone/hadoop-ozone/integration-test/target/test-dir/MiniOzoneClusterImpl-a988f88d-4efe-430b-bf3c-a1e83706c790/datanode-3/data/ratis/37aa45de-48ff-4b09-999e-d99577696e18
2022-10-22 01:06:09,530 [pool-141-thread-1] INFO  server.RaftServerConfigKeys (ConfUtils.java:logGet(46)) - raft.server.log.queue.byte-limit = 4294967296 (custom)
2022-10-22 01:06:09,530 [pool-141-thread-1] INFO  server.RaftServerConfigKeys (ConfUtils.java:logGet(46)) - raft.server.log.queue.element-limit = 1024 (custom)
2022-10-22 01:06:09,530 [pool-141-thread-1] INFO  server.RaftServerConfigKeys (ConfUtils.java:logGet(46)) - raft.server.log.segment.size.max = 1048576 (custom)
2022-10-22 01:06:09,530 [pool-141-thread-1] INFO  server.RaftServerConfigKeys (ConfUtils.java:logGet(46)) - raft.server.log.preallocated.size = 16384 (custom)
2022-10-22 01:06:09,530 [pool-141-thread-1] INFO  server.RaftServerConfigKeys (ConfUtils.java:logGet(46)) - raft.server.log.force.sync.num = 128 (default)
2022-10-22 01:06:09,530 [pool-141-thread-1] INFO  server.RaftServerConfigKeys (ConfUtils.java:logGet(46)) - raft.server.log.statemachine.data.sync = true (default)
2022-10-22 01:06:09,530 [pool-141-thread-1] INFO  server.RaftServerConfigKeys (ConfUtils.java:logGet(46)) - raft.server.log.statemachine.data.sync.timeout = 10s (default)
2022-10-22 01:06:09,530 [pool-141-thread-1] INFO  server.RaftServerConfigKeys (ConfUtils.java:logGet(46)) - raft.server.log.statemachine.data.sync.timeout.retry = -1 (default)
2022-10-22 01:06:09,531 [pool-141-thread-1] INFO  server.RaftServerConfigKeys (ConfUtils.java:logGet(46)) - raft.server.log.write.buffer.size = 1048576 (custom)
2022-10-22 01:06:09,531 [pool-141-thread-1] INFO  server.RaftServerConfigKeys (ConfUtils.java:logGet(46)) - raft.server.log.unsafe-flush.enabled = false (default)
2022-10-22 01:06:09,532 [pool-141-thread-1] INFO  server.RaftServerConfigKeys (ConfUtils.java:logGet(46)) - raft.server.log.async-flush.enabled = false (default)
2022-10-22 01:06:09,532 [pool-141-thread-1] INFO  server.RaftServerConfigKeys (ConfUtils.java:logGet(46)) - raft.server.log.statemachine.data.caching.enabled = true (custom)
2022-10-22 01:06:09,532 [pool-141-thread-1] INFO  segmented.SegmentedRaftLogWorker (SegmentedRaftLogWorker.java:lambda$new$0(136)) - 6e54690b-befe-42c2-a4b7-a861f73b2b3f@group-D99577696E18-SegmentedRaftLogWorker: flushIndex: setUnconditionally 0 -> -1
2022-10-22 01:06:09,532 [pool-141-thread-1] INFO  segmented.SegmentedRaftLogWorker (SegmentedRaftLogWorker.java:lambda$new$0(136)) - 6e54690b-befe-42c2-a4b7-a861f73b2b3f@group-D99577696E18-SegmentedRaftLogWorker: safeCacheEvictIndex: setUnconditionally 0 -> -1
2022-10-22 01:06:09,532 [pool-141-thread-1] INFO  server.RaftServer$Division (RaftServerImpl.java:start(334)) - 6e54690b-befe-42c2-a4b7-a861f73b2b3f@group-D99577696E18: start as a follower, conf=-1: peers:[63ee6728-2597-4353-a315-509fdfe6db5e|rpc:10.1.0.62:42903|priority:0|startupRole:FOLLOWER, 6e54690b-befe-42c2-a4b7-a861f73b2b3f|rpc:10.1.0.62:35347|priority:1|startupRole:FOLLOWER, e349f11f-4d2d-4584-922f-e3c208c9e657|rpc:10.1.0.62:34143|priority:0|startupRole:FOLLOWER]|listeners:[], old=null
2022-10-22 01:06:09,532 [pool-141-thread-1] INFO  server.RaftServer$Division (RaftServerImpl.java:setRole(321)) - 6e54690b-befe-42c2-a4b7-a861f73b2b3f@group-D99577696E18: changes role from      null to FOLLOWER at term 0 for startAsFollower
2022-10-22 01:06:09,532 [pool-141-thread-1] INFO  impl.RoleInfo (RoleInfo.java:updateAndGet(139)) - 6e54690b-befe-42c2-a4b7-a861f73b2b3f: start 6e54690b-befe-42c2-a4b7-a861f73b2b3f@group-D99577696E18-FollowerState
2022-10-22 01:06:09,534 [pool-141-thread-1] INFO  util.JmxRegister (JmxRegister.java:tryRegister(44)) - Successfully registered JMX Bean with object name Ratis:service=RaftServer,group=group-D99577696E18,id=6e54690b-befe-42c2-a4b7-a861f73b2b3f
2022-10-22 01:06:09,534 [pool-141-thread-1] INFO  server.RaftServerConfigKeys (ConfUtils.java:logGet(46)) - raft.server.snapshot.auto.trigger.enabled = true (custom)
2022-10-22 01:06:09,534 [pool-141-thread-1] INFO  server.RaftServerConfigKeys (ConfUtils.java:logGet(46)) - raft.server.snapshot.auto.trigger.threshold = 10000 (custom)
2022-10-22 01:06:09,534 [pool-141-thread-1] INFO  server.RaftServerConfigKeys (ConfUtils.java:logGet(46)) - raft.server.snapshot.retention.file.num = 5 (custom)
2022-10-22 01:06:09,535 [pool-141-thread-1] INFO  server.RaftServerConfigKeys (ConfUtils.java:logGet(46)) - raft.server.log.purge.upto.snapshot.index = false (default)
2022-10-22 01:06:09,537 [Command processor thread] INFO  ratis.XceiverServerRatis (XceiverServerRatis.java:addGroup(765)) - Created group PipelineID=37aa45de-48ff-4b09-999e-d99577696e18
2022-10-22 01:06:09,543 [6e54690b-befe-42c2-a4b7-a861f73b2b3f@group-D99577696E18-FollowerState] INFO  server.RaftServerConfigKeys (ConfUtils.java:logFallback(53)) - raft.server.rpc.first-election.timeout.min = 5s (fallback to raft.server.rpc.timeout.min)
2022-10-22 01:06:09,543 [6e54690b-befe-42c2-a4b7-a861f73b2b3f@group-D99577696E18-FollowerState] INFO  server.RaftServerConfigKeys (ConfUtils.java:logFallback(53)) - raft.server.rpc.first-election.timeout.max = 5200ms (fallback to raft.server.rpc.timeout.max)
2022-10-22 01:06:09,552 [grpc-default-executor-1] INFO  server.RaftServer (RaftServerProxy.java:addNew(96)) - 63ee6728-2597-4353-a315-509fdfe6db5e: addNew group-D99577696E18:[63ee6728-2597-4353-a315-509fdfe6db5e|rpc:10.1.0.62:42903|dataStream:|priority:0|startupRole:FOLLOWER, 6e54690b-befe-42c2-a4b7-a861f73b2b3f|rpc:10.1.0.62:35347|dataStream:|priority:1|startupRole:FOLLOWER, e349f11f-4d2d-4584-922f-e3c208c9e657|rpc:10.1.0.62:34143|dataStream:|priority:0|startupRole:FOLLOWER] returns group-D99577696E18:java.util.concurrent.CompletableFuture@271ed4f9[Not completed]
2022-10-22 01:06:09,553 [pool-187-thread-1] INFO  server.RaftServer$Division (RaftServerImpl.java:<init>(195)) - 63ee6728-2597-4353-a315-509fdfe6db5e: new RaftServerImpl for group-D99577696E18:[63ee6728-2597-4353-a315-509fdfe6db5e|rpc:10.1.0.62:42903|dataStream:|priority:0|startupRole:FOLLOWER, 6e54690b-befe-42c2-a4b7-a861f73b2b3f|rpc:10.1.0.62:35347|dataStream:|priority:1|startupRole:FOLLOWER, e349f11f-4d2d-4584-922f-e3c208c9e657|rpc:10.1.0.62:34143|dataStream:|priority:0|startupRole:FOLLOWER] with ContainerStateMachine:uninitialized
2022-10-22 01:06:09,553 [pool-187-thread-1] INFO  server.RaftServerConfigKeys (ConfUtils.java:logGet(46)) - raft.server.rpc.timeout.min = 5s (custom)
2022-10-22 01:06:09,553 [pool-187-thread-1] INFO  server.RaftServerConfigKeys (ConfUtils.java:logGet(46)) - raft.server.rpc.timeout.max = 5200ms (custom)
2022-10-22 01:06:09,553 [pool-187-thread-1] INFO  server.RaftServerConfigKeys (ConfUtils.java:logGet(46)) - raft.server.rpc.sleep.time = 25ms (default)
2022-10-22 01:06:09,553 [pool-187-thread-1] INFO  server.RaftServerConfigKeys (ConfUtils.java:logGet(46)) - raft.server.rpc.slowness.timeout = 300s (custom)
2022-10-22 01:06:09,553 [pool-187-thread-1] INFO  server.RaftServerConfigKeys (ConfUtils.java:logGet(46)) - raft.server.leaderelection.leader.step-down.wait-time = 10s (default)
2022-10-22 01:06:09,553 [pool-187-thread-1] INFO  server.RaftServerConfigKeys (ConfUtils.java:logGet(46)) - raft.server.sleep.deviation.threshold = 300ms (default)
2022-10-22 01:06:09,553 [pool-187-thread-1] INFO  server.RaftServer$Division (ServerState.java:<init>(118)) - 63ee6728-2597-4353-a315-509fdfe6db5e@group-D99577696E18: ConfigurationManager, init=-1: peers:[63ee6728-2597-4353-a315-509fdfe6db5e|rpc:10.1.0.62:42903|dataStream:|priority:0|startupRole:FOLLOWER, 6e54690b-befe-42c2-a4b7-a861f73b2b3f|rpc:10.1.0.62:35347|dataStream:|priority:1|startupRole:FOLLOWER, e349f11f-4d2d-4584-922f-e3c208c9e657|rpc:10.1.0.62:34143|dataStream:|priority:0|startupRole:FOLLOWER]|listeners:[], old=null, confs=<EMPTY_MAP>
2022-10-22 01:06:09,553 [pool-187-thread-1] INFO  server.RaftServerConfigKeys (ConfUtils.java:logGet(46)) - raft.server.storage.dir = [/home/runner/work/ozone/ozone/hadoop-ozone/integration-test/target/test-dir/MiniOzoneClusterImpl-a988f88d-4efe-430b-bf3c-a1e83706c790/datanode-5/data/ratis] (custom)
2022-10-22 01:06:09,553 [pool-187-thread-1] INFO  server.RaftServerConfigKeys (ConfUtils.java:logGet(46)) - raft.server.log.corruption.policy = EXCEPTION (default)
2022-10-22 01:06:09,554 [pool-187-thread-1] INFO  server.RaftServerConfigKeys (ConfUtils.java:logGet(46)) - raft.server.storage.free-space.min = 0MB (=0) (default)
2022-10-22 01:06:09,554 [pool-187-thread-1] INFO  server.RaftServerConfigKeys (ConfUtils.java:logGet(46)) - raft.server.notification.no-leader.timeout = 300s (custom)
2022-10-22 01:06:09,554 [pool-187-thread-1] INFO  server.RaftServerConfigKeys (ConfUtils.java:logGet(46)) - raft.server.retrycache.expirytime = 600000ms (custom)
2022-10-22 01:06:09,554 [pool-187-thread-1] INFO  server.RaftServerConfigKeys (ConfUtils.java:logGet(46)) - raft.server.retrycache.statistics.expirytime = 100μs (default)
2022-10-22 01:06:09,555 [pool-187-thread-1] INFO  server.RaftServerConfigKeys (ConfUtils.java:logGet(46)) - raft.server.log.appender.install.snapshot.enabled = false (custom)
2022-10-22 01:06:09,555 [pool-187-thread-1] INFO  server.RaftServerConfigKeys (ConfUtils.java:logGet(46)) - raft.server.threadpool.server.cached = true (default)
2022-10-22 01:06:09,555 [pool-187-thread-1] INFO  server.RaftServerConfigKeys (ConfUtils.java:logGet(46)) - raft.server.threadpool.server.size = 0 (default)
2022-10-22 01:06:09,555 [pool-187-thread-1] INFO  server.RaftServerConfigKeys (ConfUtils.java:logGet(46)) - raft.server.threadpool.client.cached = true (default)
2022-10-22 01:06:09,555 [pool-187-thread-1] INFO  server.RaftServerConfigKeys (ConfUtils.java:logGet(46)) - raft.server.threadpool.client.size = 0 (default)
2022-10-22 01:06:09,555 [pool-187-thread-1] INFO  storage.RaftStorageDirectory (RaftStorageDirectoryImpl.java:analyzeStorage(137)) - The storage directory /home/runner/work/ozone/ozone/hadoop-ozone/integration-test/target/test-dir/MiniOzoneClusterImpl-a988f88d-4efe-430b-bf3c-a1e83706c790/datanode-5/data/ratis/37aa45de-48ff-4b09-999e-d99577696e18 does not exist. Creating ...
2022-10-22 01:06:09,556 [pool-187-thread-1] INFO  storage.RaftStorageDirectory (RaftStorageDirectoryImpl.java:tryLock(231)) - Lock on /home/runner/work/ozone/ozone/hadoop-ozone/integration-test/target/test-dir/MiniOzoneClusterImpl-a988f88d-4efe-430b-bf3c-a1e83706c790/datanode-5/data/ratis/37aa45de-48ff-4b09-999e-d99577696e18/in_use.lock acquired by nodename 13814@fv-az334-928
2022-10-22 01:06:09,557 [pool-187-thread-1] INFO  storage.RaftStorage (RaftStorageImpl.java:format(96)) - Storage directory /home/runner/work/ozone/ozone/hadoop-ozone/integration-test/target/test-dir/MiniOzoneClusterImpl-a988f88d-4efe-430b-bf3c-a1e83706c790/datanode-5/data/ratis/37aa45de-48ff-4b09-999e-d99577696e18 has been successfully formatted.
2022-10-22 01:06:09,559 [pool-187-thread-1] INFO  ratis.ContainerStateMachine (ContainerStateMachine.java:loadSnapshot(236)) - group-D99577696E18: The snapshot info is null. Setting the last applied indexto:(t:0, i:~)
2022-10-22 01:06:09,559 [pool-187-thread-1] INFO  server.RaftServerConfigKeys (ConfUtils.java:logGet(46)) - raft.server.log.use.memory = false (default)
2022-10-22 01:06:09,559 [pool-187-thread-1] INFO  server.RaftServerConfigKeys (ConfUtils.java:logGet(46)) - raft.server.log.purge.gap = 1000000 (custom)
2022-10-22 01:06:09,559 [pool-187-thread-1] INFO  server.RaftServerConfigKeys (ConfUtils.java:logGet(46)) - raft.server.log.appender.buffer.byte-limit = 33554432 (custom)
2022-10-22 01:06:09,559 [pool-187-thread-1] INFO  server.RaftServerConfigKeys (ConfUtils.java:logGet(46)) - raft.server.log.statemachine.data.read.timeout = 1000ms (default)
2022-10-22 01:06:09,559 [pool-187-thread-1] INFO  server.RaftServerConfigKeys (ConfUtils.java:logGet(46)) - raft.server.log.purge.preservation.log.num = 0 (default)
2022-10-22 01:06:09,559 [pool-187-thread-1] INFO  server.RaftServerConfigKeys (ConfUtils.java:logGet(46)) - raft.server.log.segment.size.max = 1048576 (custom)
2022-10-22 01:06:09,560 [pool-187-thread-1] INFO  server.RaftServerConfigKeys (ConfUtils.java:logGet(46)) - raft.server.log.segment.cache.num.max = 2 (custom)
2022-10-22 01:06:09,560 [pool-187-thread-1] INFO  server.RaftServerConfigKeys (ConfUtils.java:logGet(46)) - raft.server.log.segment.cache.size.max = 200MB (=209715200) (default)
2022-10-22 01:06:09,560 [pool-187-thread-1] INFO  segmented.SegmentedRaftLogWorker (SegmentedRaftLogWorker.java:<init>(191)) - new 63ee6728-2597-4353-a315-509fdfe6db5e@group-D99577696E18-SegmentedRaftLogWorker for RaftStorageImpl:Storage Directory /home/runner/work/ozone/ozone/hadoop-ozone/integration-test/target/test-dir/MiniOzoneClusterImpl-a988f88d-4efe-430b-bf3c-a1e83706c790/datanode-5/data/ratis/37aa45de-48ff-4b09-999e-d99577696e18
2022-10-22 01:06:09,560 [pool-187-thread-1] INFO  server.RaftServerConfigKeys (ConfUtils.java:logGet(46)) - raft.server.log.queue.byte-limit = 4294967296 (custom)
2022-10-22 01:06:09,560 [pool-187-thread-1] INFO  server.RaftServerConfigKeys (ConfUtils.java:logGet(46)) - raft.server.log.queue.element-limit = 1024 (custom)
2022-10-22 01:06:09,560 [pool-187-thread-1] INFO  server.RaftServerConfigKeys (ConfUtils.java:logGet(46)) - raft.server.log.segment.size.max = 1048576 (custom)
2022-10-22 01:06:09,560 [pool-187-thread-1] INFO  server.RaftServerConfigKeys (ConfUtils.java:logGet(46)) - raft.server.log.preallocated.size = 16384 (custom)
2022-10-22 01:06:09,560 [pool-187-thread-1] INFO  server.RaftServerConfigKeys (ConfUtils.java:logGet(46)) - raft.server.log.force.sync.num = 128 (default)
2022-10-22 01:06:09,560 [pool-187-thread-1] INFO  server.RaftServerConfigKeys (ConfUtils.java:logGet(46)) - raft.server.log.statemachine.data.sync = true (default)
2022-10-22 01:06:09,560 [pool-187-thread-1] INFO  server.RaftServerConfigKeys (ConfUtils.java:logGet(46)) - raft.server.log.statemachine.data.sync.timeout = 10s (default)
2022-10-22 01:06:09,560 [pool-187-thread-1] INFO  server.RaftServerConfigKeys (ConfUtils.java:logGet(46)) - raft.server.log.statemachine.data.sync.timeout.retry = -1 (default)
2022-10-22 01:06:09,561 [pool-187-thread-1] INFO  server.RaftServerConfigKeys (ConfUtils.java:logGet(46)) - raft.server.log.write.buffer.size = 1048576 (custom)
2022-10-22 01:06:09,561 [pool-187-thread-1] INFO  server.RaftServerConfigKeys (ConfUtils.java:logGet(46)) - raft.server.log.unsafe-flush.enabled = false (default)
2022-10-22 01:06:09,561 [pool-187-thread-1] INFO  server.RaftServerConfigKeys (ConfUtils.java:logGet(46)) - raft.server.log.async-flush.enabled = false (default)
2022-10-22 01:06:09,561 [pool-187-thread-1] INFO  server.RaftServerConfigKeys (ConfUtils.java:logGet(46)) - raft.server.log.statemachine.data.caching.enabled = true (custom)
2022-10-22 01:06:09,562 [pool-187-thread-1] INFO  segmented.SegmentedRaftLogWorker (SegmentedRaftLogWorker.java:lambda$new$0(136)) - 63ee6728-2597-4353-a315-509fdfe6db5e@group-D99577696E18-SegmentedRaftLogWorker: flushIndex: setUnconditionally 0 -> -1
2022-10-22 01:06:09,562 [pool-187-thread-1] INFO  segmented.SegmentedRaftLogWorker (SegmentedRaftLogWorker.java:lambda$new$0(136)) - 63ee6728-2597-4353-a315-509fdfe6db5e@group-D99577696E18-SegmentedRaftLogWorker: safeCacheEvictIndex: setUnconditionally 0 -> -1
2022-10-22 01:06:09,563 [pool-187-thread-1] INFO  server.RaftServer$Division (RaftServerImpl.java:start(334)) - 63ee6728-2597-4353-a315-509fdfe6db5e@group-D99577696E18: start as a follower, conf=-1: peers:[63ee6728-2597-4353-a315-509fdfe6db5e|rpc:10.1.0.62:42903|dataStream:|priority:0|startupRole:FOLLOWER, 6e54690b-befe-42c2-a4b7-a861f73b2b3f|rpc:10.1.0.62:35347|dataStream:|priority:1|startupRole:FOLLOWER, e349f11f-4d2d-4584-922f-e3c208c9e657|rpc:10.1.0.62:34143|dataStream:|priority:0|startupRole:FOLLOWER]|listeners:[], old=null
2022-10-22 01:06:09,563 [pool-187-thread-1] INFO  server.RaftServer$Division (RaftServerImpl.java:setRole(321)) - 63ee6728-2597-4353-a315-509fdfe6db5e@group-D99577696E18: changes role from      null to FOLLOWER at term 0 for startAsFollower
2022-10-22 01:06:09,563 [pool-187-thread-1] INFO  impl.RoleInfo (RoleInfo.java:updateAndGet(139)) - 63ee6728-2597-4353-a315-509fdfe6db5e: start 63ee6728-2597-4353-a315-509fdfe6db5e@group-D99577696E18-FollowerState
2022-10-22 01:06:09,563 [63ee6728-2597-4353-a315-509fdfe6db5e@group-D99577696E18-FollowerState] INFO  server.RaftServerConfigKeys (ConfUtils.java:logFallback(53)) - raft.server.rpc.first-election.timeout.min = 5s (fallback to raft.server.rpc.timeout.min)
2022-10-22 01:06:09,563 [pool-187-thread-1] INFO  util.JmxRegister (JmxRegister.java:tryRegister(44)) - Successfully registered JMX Bean with object name Ratis:service=RaftServer,group=group-D99577696E18,id=63ee6728-2597-4353-a315-509fdfe6db5e
2022-10-22 01:06:09,564 [63ee6728-2597-4353-a315-509fdfe6db5e@group-D99577696E18-FollowerState] INFO  server.RaftServerConfigKeys (ConfUtils.java:logFallback(53)) - raft.server.rpc.first-election.timeout.max = 5200ms (fallback to raft.server.rpc.timeout.max)
2022-10-22 01:06:09,564 [pool-187-thread-1] INFO  server.RaftServerConfigKeys (ConfUtils.java:logGet(46)) - raft.server.snapshot.auto.trigger.enabled = true (custom)
2022-10-22 01:06:09,564 [pool-187-thread-1] INFO  server.RaftServerConfigKeys (ConfUtils.java:logGet(46)) - raft.server.snapshot.auto.trigger.threshold = 10000 (custom)
2022-10-22 01:06:09,564 [pool-187-thread-1] INFO  server.RaftServerConfigKeys (ConfUtils.java:logGet(46)) - raft.server.snapshot.retention.file.num = 5 (custom)
2022-10-22 01:06:09,564 [pool-187-thread-1] INFO  server.RaftServerConfigKeys (ConfUtils.java:logGet(46)) - raft.server.log.purge.upto.snapshot.index = false (default)
2022-10-22 01:06:09,576 [grpc-default-executor-1] INFO  server.RaftServer (RaftServerProxy.java:addNew(96)) - e349f11f-4d2d-4584-922f-e3c208c9e657: addNew group-D99577696E18:[63ee6728-2597-4353-a315-509fdfe6db5e|rpc:10.1.0.62:42903|dataStream:|priority:0|startupRole:FOLLOWER, 6e54690b-befe-42c2-a4b7-a861f73b2b3f|rpc:10.1.0.62:35347|dataStream:|priority:1|startupRole:FOLLOWER, e349f11f-4d2d-4584-922f-e3c208c9e657|rpc:10.1.0.62:34143|dataStream:|priority:0|startupRole:FOLLOWER] returns group-D99577696E18:java.util.concurrent.CompletableFuture@615ccbd8[Not completed]
2022-10-22 01:06:09,577 [pool-164-thread-1] INFO  server.RaftServer$Division (RaftServerImpl.java:<init>(195)) - e349f11f-4d2d-4584-922f-e3c208c9e657: new RaftServerImpl for group-D99577696E18:[63ee6728-2597-4353-a315-509fdfe6db5e|rpc:10.1.0.62:42903|dataStream:|priority:0|startupRole:FOLLOWER, 6e54690b-befe-42c2-a4b7-a861f73b2b3f|rpc:10.1.0.62:35347|dataStream:|priority:1|startupRole:FOLLOWER, e349f11f-4d2d-4584-922f-e3c208c9e657|rpc:10.1.0.62:34143|dataStream:|priority:0|startupRole:FOLLOWER] with ContainerStateMachine:uninitialized
2022-10-22 01:06:09,577 [pool-164-thread-1] INFO  server.RaftServerConfigKeys (ConfUtils.java:logGet(46)) - raft.server.rpc.timeout.min = 5s (custom)
2022-10-22 01:06:09,577 [pool-164-thread-1] INFO  server.RaftServerConfigKeys (ConfUtils.java:logGet(46)) - raft.server.rpc.timeout.max = 5200ms (custom)
2022-10-22 01:06:09,577 [pool-164-thread-1] INFO  server.RaftServerConfigKeys (ConfUtils.java:logGet(46)) - raft.server.rpc.sleep.time = 25ms (default)
2022-10-22 01:06:09,577 [pool-164-thread-1] INFO  server.RaftServerConfigKeys (ConfUtils.java:logGet(46)) - raft.server.rpc.slowness.timeout = 300s (custom)
2022-10-22 01:06:09,577 [pool-164-thread-1] INFO  server.RaftServerConfigKeys (ConfUtils.java:logGet(46)) - raft.server.leaderelection.leader.step-down.wait-time = 10s (default)
2022-10-22 01:06:09,577 [pool-164-thread-1] INFO  server.RaftServerConfigKeys (ConfUtils.java:logGet(46)) - raft.server.sleep.deviation.threshold = 300ms (default)
2022-10-22 01:06:09,578 [pool-164-thread-1] INFO  server.RaftServer$Division (ServerState.java:<init>(118)) - e349f11f-4d2d-4584-922f-e3c208c9e657@group-D99577696E18: ConfigurationManager, init=-1: peers:[63ee6728-2597-4353-a315-509fdfe6db5e|rpc:10.1.0.62:42903|dataStream:|priority:0|startupRole:FOLLOWER, 6e54690b-befe-42c2-a4b7-a861f73b2b3f|rpc:10.1.0.62:35347|dataStream:|priority:1|startupRole:FOLLOWER, e349f11f-4d2d-4584-922f-e3c208c9e657|rpc:10.1.0.62:34143|dataStream:|priority:0|startupRole:FOLLOWER]|listeners:[], old=null, confs=<EMPTY_MAP>
2022-10-22 01:06:09,578 [pool-164-thread-1] INFO  server.RaftServerConfigKeys (ConfUtils.java:logGet(46)) - raft.server.storage.dir = [/home/runner/work/ozone/ozone/hadoop-ozone/integration-test/target/test-dir/MiniOzoneClusterImpl-a988f88d-4efe-430b-bf3c-a1e83706c790/datanode-4/data/ratis] (custom)
2022-10-22 01:06:09,578 [pool-164-thread-1] INFO  server.RaftServerConfigKeys (ConfUtils.java:logGet(46)) - raft.server.log.corruption.policy = EXCEPTION (default)
2022-10-22 01:06:09,578 [pool-164-thread-1] INFO  server.RaftServerConfigKeys (ConfUtils.java:logGet(46)) - raft.server.storage.free-space.min = 0MB (=0) (default)
2022-10-22 01:06:09,578 [pool-164-thread-1] INFO  server.RaftServerConfigKeys (ConfUtils.java:logGet(46)) - raft.server.notification.no-leader.timeout = 300s (custom)
2022-10-22 01:06:09,578 [pool-164-thread-1] INFO  server.RaftServerConfigKeys (ConfUtils.java:logGet(46)) - raft.server.retrycache.expirytime = 600000ms (custom)
2022-10-22 01:06:09,578 [pool-164-thread-1] INFO  server.RaftServerConfigKeys (ConfUtils.java:logGet(46)) - raft.server.retrycache.statistics.expirytime = 100μs (default)
2022-10-22 01:06:09,579 [pool-164-thread-1] INFO  server.RaftServerConfigKeys (ConfUtils.java:logGet(46)) - raft.server.log.appender.install.snapshot.enabled = false (custom)
2022-10-22 01:06:09,579 [pool-164-thread-1] INFO  server.RaftServerConfigKeys (ConfUtils.java:logGet(46)) - raft.server.threadpool.server.cached = true (default)
2022-10-22 01:06:09,579 [pool-164-thread-1] INFO  server.RaftServerConfigKeys (ConfUtils.java:logGet(46)) - raft.server.threadpool.server.size = 0 (default)
2022-10-22 01:06:09,579 [pool-164-thread-1] INFO  server.RaftServerConfigKeys (ConfUtils.java:logGet(46)) - raft.server.threadpool.client.cached = true (default)
2022-10-22 01:06:09,579 [pool-164-thread-1] INFO  server.RaftServerConfigKeys (ConfUtils.java:logGet(46)) - raft.server.threadpool.client.size = 0 (default)
2022-10-22 01:06:09,579 [pool-164-thread-1] INFO  storage.RaftStorageDirectory (RaftStorageDirectoryImpl.java:analyzeStorage(137)) - The storage directory /home/runner/work/ozone/ozone/hadoop-ozone/integration-test/target/test-dir/MiniOzoneClusterImpl-a988f88d-4efe-430b-bf3c-a1e83706c790/datanode-4/data/ratis/37aa45de-48ff-4b09-999e-d99577696e18 does not exist. Creating ...
2022-10-22 01:06:09,580 [pool-164-thread-1] INFO  storage.RaftStorageDirectory (RaftStorageDirectoryImpl.java:tryLock(231)) - Lock on /home/runner/work/ozone/ozone/hadoop-ozone/integration-test/target/test-dir/MiniOzoneClusterImpl-a988f88d-4efe-430b-bf3c-a1e83706c790/datanode-4/data/ratis/37aa45de-48ff-4b09-999e-d99577696e18/in_use.lock acquired by nodename 13814@fv-az334-928
2022-10-22 01:06:09,582 [pool-164-thread-1] INFO  storage.RaftStorage (RaftStorageImpl.java:format(96)) - Storage directory /home/runner/work/ozone/ozone/hadoop-ozone/integration-test/target/test-dir/MiniOzoneClusterImpl-a988f88d-4efe-430b-bf3c-a1e83706c790/datanode-4/data/ratis/37aa45de-48ff-4b09-999e-d99577696e18 has been successfully formatted.
2022-10-22 01:06:09,583 [pool-164-thread-1] INFO  ratis.ContainerStateMachine (ContainerStateMachine.java:loadSnapshot(236)) - group-D99577696E18: The snapshot info is null. Setting the last applied indexto:(t:0, i:~)
2022-10-22 01:06:09,583 [pool-164-thread-1] INFO  server.RaftServerConfigKeys (ConfUtils.java:logGet(46)) - raft.server.log.use.memory = false (default)
2022-10-22 01:06:09,583 [pool-164-thread-1] INFO  server.RaftServerConfigKeys (ConfUtils.java:logGet(46)) - raft.server.log.purge.gap = 1000000 (custom)
2022-10-22 01:06:09,583 [pool-164-thread-1] INFO  server.RaftServerConfigKeys (ConfUtils.java:logGet(46)) - raft.server.log.appender.buffer.byte-limit = 33554432 (custom)
2022-10-22 01:06:09,583 [pool-164-thread-1] INFO  server.RaftServerConfigKeys (ConfUtils.java:logGet(46)) - raft.server.log.statemachine.data.read.timeout = 1000ms (default)
2022-10-22 01:06:09,583 [pool-164-thread-1] INFO  server.RaftServerConfigKeys (ConfUtils.java:logGet(46)) - raft.server.log.purge.preservation.log.num = 0 (default)
2022-10-22 01:06:09,583 [pool-164-thread-1] INFO  server.RaftServerConfigKeys (ConfUtils.java:logGet(46)) - raft.server.log.segment.size.max = 1048576 (custom)
2022-10-22 01:06:09,584 [pool-164-thread-1] INFO  server.RaftServerConfigKeys (ConfUtils.java:logGet(46)) - raft.server.log.segment.cache.num.max = 2 (custom)
2022-10-22 01:06:09,584 [pool-164-thread-1] INFO  server.RaftServerConfigKeys (ConfUtils.java:logGet(46)) - raft.server.log.segment.cache.size.max = 200MB (=209715200) (default)
2022-10-22 01:06:09,584 [pool-164-thread-1] INFO  segmented.SegmentedRaftLogWorker (SegmentedRaftLogWorker.java:<init>(191)) - new e349f11f-4d2d-4584-922f-e3c208c9e657@group-D99577696E18-SegmentedRaftLogWorker for RaftStorageImpl:Storage Directory /home/runner/work/ozone/ozone/hadoop-ozone/integration-test/target/test-dir/MiniOzoneClusterImpl-a988f88d-4efe-430b-bf3c-a1e83706c790/datanode-4/data/ratis/37aa45de-48ff-4b09-999e-d99577696e18
2022-10-22 01:06:09,584 [pool-164-thread-1] INFO  server.RaftServerConfigKeys (ConfUtils.java:logGet(46)) - raft.server.log.queue.byte-limit = 4294967296 (custom)
2022-10-22 01:06:09,584 [pool-164-thread-1] INFO  server.RaftServerConfigKeys (ConfUtils.java:logGet(46)) - raft.server.log.queue.element-limit = 1024 (custom)
2022-10-22 01:06:09,584 [pool-164-thread-1] INFO  server.RaftServerConfigKeys (ConfUtils.java:logGet(46)) - raft.server.log.segment.size.max = 1048576 (custom)
2022-10-22 01:06:09,584 [pool-164-thread-1] INFO  server.RaftServerConfigKeys (ConfUtils.java:logGet(46)) - raft.server.log.preallocated.size = 16384 (custom)
2022-10-22 01:06:09,584 [pool-164-thread-1] INFO  server.RaftServerConfigKeys (ConfUtils.java:logGet(46)) - raft.server.log.force.sync.num = 128 (default)
2022-10-22 01:06:09,584 [pool-164-thread-1] INFO  server.RaftServerConfigKeys (ConfUtils.java:logGet(46)) - raft.server.log.statemachine.data.sync = true (default)
2022-10-22 01:06:09,584 [pool-164-thread-1] INFO  server.RaftServerConfigKeys (ConfUtils.java:logGet(46)) - raft.server.log.statemachine.data.sync.timeout = 10s (default)
2022-10-22 01:06:09,584 [pool-164-thread-1] INFO  server.RaftServerConfigKeys (ConfUtils.java:logGet(46)) - raft.server.log.statemachine.data.sync.timeout.retry = -1 (default)
2022-10-22 01:06:09,586 [pool-164-thread-1] INFO  server.RaftServerConfigKeys (ConfUtils.java:logGet(46)) - raft.server.log.write.buffer.size = 1048576 (custom)
2022-10-22 01:06:09,586 [pool-164-thread-1] INFO  server.RaftServerConfigKeys (ConfUtils.java:logGet(46)) - raft.server.log.unsafe-flush.enabled = false (default)
2022-10-22 01:06:09,586 [pool-164-thread-1] INFO  server.RaftServerConfigKeys (ConfUtils.java:logGet(46)) - raft.server.log.async-flush.enabled = false (default)
2022-10-22 01:06:09,586 [pool-164-thread-1] INFO  server.RaftServerConfigKeys (ConfUtils.java:logGet(46)) - raft.server.log.statemachine.data.caching.enabled = true (custom)
2022-10-22 01:06:09,587 [pool-164-thread-1] INFO  segmented.SegmentedRaftLogWorker (SegmentedRaftLogWorker.java:lambda$new$0(136)) - e349f11f-4d2d-4584-922f-e3c208c9e657@group-D99577696E18-SegmentedRaftLogWorker: flushIndex: setUnconditionally 0 -> -1
2022-10-22 01:06:09,587 [pool-164-thread-1] INFO  segmented.SegmentedRaftLogWorker (SegmentedRaftLogWorker.java:lambda$new$0(136)) - e349f11f-4d2d-4584-922f-e3c208c9e657@group-D99577696E18-SegmentedRaftLogWorker: safeCacheEvictIndex: setUnconditionally 0 -> -1
2022-10-22 01:06:09,587 [pool-164-thread-1] INFO  server.RaftServer$Division (RaftServerImpl.java:start(334)) - e349f11f-4d2d-4584-922f-e3c208c9e657@group-D99577696E18: start as a follower, conf=-1: peers:[63ee6728-2597-4353-a315-509fdfe6db5e|rpc:10.1.0.62:42903|dataStream:|priority:0|startupRole:FOLLOWER, 6e54690b-befe-42c2-a4b7-a861f73b2b3f|rpc:10.1.0.62:35347|dataStream:|priority:1|startupRole:FOLLOWER, e349f11f-4d2d-4584-922f-e3c208c9e657|rpc:10.1.0.62:34143|dataStream:|priority:0|startupRole:FOLLOWER]|listeners:[], old=null
2022-10-22 01:06:09,587 [pool-164-thread-1] INFO  server.RaftServer$Division (RaftServerImpl.java:setRole(321)) - e349f11f-4d2d-4584-922f-e3c208c9e657@group-D99577696E18: changes role from      null to FOLLOWER at term 0 for startAsFollower
2022-10-22 01:06:09,587 [pool-164-thread-1] INFO  impl.RoleInfo (RoleInfo.java:updateAndGet(139)) - e349f11f-4d2d-4584-922f-e3c208c9e657: start e349f11f-4d2d-4584-922f-e3c208c9e657@group-D99577696E18-FollowerState
2022-10-22 01:06:09,587 [pool-164-thread-1] INFO  util.JmxRegister (JmxRegister.java:tryRegister(44)) - Successfully registered JMX Bean with object name Ratis:service=RaftServer,group=group-D99577696E18,id=e349f11f-4d2d-4584-922f-e3c208c9e657
2022-10-22 01:06:09,587 [pool-164-thread-1] INFO  server.RaftServerConfigKeys (ConfUtils.java:logGet(46)) - raft.server.snapshot.auto.trigger.enabled = true (custom)
2022-10-22 01:06:09,587 [pool-164-thread-1] INFO  server.RaftServerConfigKeys (ConfUtils.java:logGet(46)) - raft.server.snapshot.auto.trigger.threshold = 10000 (custom)
2022-10-22 01:06:09,587 [pool-164-thread-1] INFO  server.RaftServerConfigKeys (ConfUtils.java:logGet(46)) - raft.server.snapshot.retention.file.num = 5 (custom)
2022-10-22 01:06:09,587 [pool-164-thread-1] INFO  server.RaftServerConfigKeys (ConfUtils.java:logGet(46)) - raft.server.log.purge.upto.snapshot.index = false (default)
2022-10-22 01:06:09,588 [e349f11f-4d2d-4584-922f-e3c208c9e657@group-D99577696E18-FollowerState] INFO  server.RaftServerConfigKeys (ConfUtils.java:logFallback(53)) - raft.server.rpc.first-election.timeout.min = 5s (fallback to raft.server.rpc.timeout.min)
2022-10-22 01:06:09,589 [e349f11f-4d2d-4584-922f-e3c208c9e657@group-D99577696E18-FollowerState] INFO  server.RaftServerConfigKeys (ConfUtils.java:logFallback(53)) - raft.server.rpc.first-election.timeout.max = 5200ms (fallback to raft.server.rpc.timeout.max)
2022-10-22 01:06:09,596 [Command processor thread] INFO  commandhandler.CreatePipelineCommandHandler (CreatePipelineCommandHandler.java:handle(113)) - Created Pipeline RATIS THREE PipelineID=37aa45de-48ff-4b09-999e-d99577696e18.
2022-10-22 01:06:09,720 [Command processor thread] INFO  server.RaftServer (RaftServerProxy.java:addNew(96)) - e349f11f-4d2d-4584-922f-e3c208c9e657: addNew group-D35B2F518A55:[e349f11f-4d2d-4584-922f-e3c208c9e657|rpc:10.1.0.62:34143|priority:1|startupRole:FOLLOWER] returns group-D35B2F518A55:java.util.concurrent.CompletableFuture@14193b77[Not completed]
2022-10-22 01:06:09,721 [pool-164-thread-1] INFO  server.RaftServer$Division (RaftServerImpl.java:<init>(195)) - e349f11f-4d2d-4584-922f-e3c208c9e657: new RaftServerImpl for group-D35B2F518A55:[e349f11f-4d2d-4584-922f-e3c208c9e657|rpc:10.1.0.62:34143|priority:1|startupRole:FOLLOWER] with ContainerStateMachine:uninitialized
2022-10-22 01:06:09,721 [pool-164-thread-1] INFO  server.RaftServerConfigKeys (ConfUtils.java:logGet(46)) - raft.server.rpc.timeout.min = 5s (custom)
2022-10-22 01:06:09,721 [pool-164-thread-1] INFO  server.RaftServerConfigKeys (ConfUtils.java:logGet(46)) - raft.server.rpc.timeout.max = 5200ms (custom)
2022-10-22 01:06:09,721 [pool-164-thread-1] INFO  server.RaftServerConfigKeys (ConfUtils.java:logGet(46)) - raft.server.rpc.sleep.time = 25ms (default)
2022-10-22 01:06:09,721 [pool-164-thread-1] INFO  server.RaftServerConfigKeys (ConfUtils.java:logGet(46)) - raft.server.rpc.slowness.timeout = 300s (custom)
2022-10-22 01:06:09,721 [pool-164-thread-1] INFO  server.RaftServerConfigKeys (ConfUtils.java:logGet(46)) - raft.server.leaderelection.leader.step-down.wait-time = 10s (default)
2022-10-22 01:06:09,721 [pool-164-thread-1] INFO  server.RaftServerConfigKeys (ConfUtils.java:logGet(46)) - raft.server.sleep.deviation.threshold = 300ms (default)
2022-10-22 01:06:09,721 [pool-164-thread-1] INFO  server.RaftServer$Division (ServerState.java:<init>(118)) - e349f11f-4d2d-4584-922f-e3c208c9e657@group-D35B2F518A55: ConfigurationManager, init=-1: peers:[e349f11f-4d2d-4584-922f-e3c208c9e657|rpc:10.1.0.62:34143|priority:1|startupRole:FOLLOWER]|listeners:[], old=null, confs=<EMPTY_MAP>
2022-10-22 01:06:09,721 [pool-164-thread-1] INFO  server.RaftServerConfigKeys (ConfUtils.java:logGet(46)) - raft.server.storage.dir = [/home/runner/work/ozone/ozone/hadoop-ozone/integration-test/target/test-dir/MiniOzoneClusterImpl-a988f88d-4efe-430b-bf3c-a1e83706c790/datanode-4/data/ratis] (custom)
2022-10-22 01:06:09,721 [pool-164-thread-1] INFO  server.RaftServerConfigKeys (ConfUtils.java:logGet(46)) - raft.server.log.corruption.policy = EXCEPTION (default)
2022-10-22 01:06:09,721 [pool-164-thread-1] INFO  server.RaftServerConfigKeys (ConfUtils.java:logGet(46)) - raft.server.storage.free-space.min = 0MB (=0) (default)
2022-10-22 01:06:09,722 [pool-164-thread-1] INFO  server.RaftServerConfigKeys (ConfUtils.java:logGet(46)) - raft.server.notification.no-leader.timeout = 300s (custom)
2022-10-22 01:06:09,722 [pool-164-thread-1] INFO  server.RaftServerConfigKeys (ConfUtils.java:logGet(46)) - raft.server.retrycache.expirytime = 600000ms (custom)
2022-10-22 01:06:09,722 [pool-164-thread-1] INFO  server.RaftServerConfigKeys (ConfUtils.java:logGet(46)) - raft.server.retrycache.statistics.expirytime = 100μs (default)
2022-10-22 01:06:09,723 [pool-164-thread-1] INFO  server.RaftServerConfigKeys (ConfUtils.java:logGet(46)) - raft.server.log.appender.install.snapshot.enabled = false (custom)
2022-10-22 01:06:09,723 [pool-164-thread-1] INFO  server.RaftServerConfigKeys (ConfUtils.java:logGet(46)) - raft.server.threadpool.server.cached = true (default)
2022-10-22 01:06:09,723 [pool-164-thread-1] INFO  server.RaftServerConfigKeys (ConfUtils.java:logGet(46)) - raft.server.threadpool.server.size = 0 (default)
2022-10-22 01:06:09,723 [pool-164-thread-1] INFO  server.RaftServerConfigKeys (ConfUtils.java:logGet(46)) - raft.server.threadpool.client.cached = true (default)
2022-10-22 01:06:09,723 [pool-164-thread-1] INFO  server.RaftServerConfigKeys (ConfUtils.java:logGet(46)) - raft.server.threadpool.client.size = 0 (default)
2022-10-22 01:06:09,723 [pool-164-thread-1] INFO  storage.RaftStorageDirectory (RaftStorageDirectoryImpl.java:analyzeStorage(137)) - The storage directory /home/runner/work/ozone/ozone/hadoop-ozone/integration-test/target/test-dir/MiniOzoneClusterImpl-a988f88d-4efe-430b-bf3c-a1e83706c790/datanode-4/data/ratis/708c8019-147a-41d9-8bd8-d35b2f518a55 does not exist. Creating ...
2022-10-22 01:06:09,724 [pool-164-thread-1] INFO  storage.RaftStorageDirectory (RaftStorageDirectoryImpl.java:tryLock(231)) - Lock on /home/runner/work/ozone/ozone/hadoop-ozone/integration-test/target/test-dir/MiniOzoneClusterImpl-a988f88d-4efe-430b-bf3c-a1e83706c790/datanode-4/data/ratis/708c8019-147a-41d9-8bd8-d35b2f518a55/in_use.lock acquired by nodename 13814@fv-az334-928
2022-10-22 01:06:09,725 [pool-164-thread-1] INFO  storage.RaftStorage (RaftStorageImpl.java:format(96)) - Storage directory /home/runner/work/ozone/ozone/hadoop-ozone/integration-test/target/test-dir/MiniOzoneClusterImpl-a988f88d-4efe-430b-bf3c-a1e83706c790/datanode-4/data/ratis/708c8019-147a-41d9-8bd8-d35b2f518a55 has been successfully formatted.
2022-10-22 01:06:09,725 [pool-164-thread-1] INFO  ratis.ContainerStateMachine (ContainerStateMachine.java:loadSnapshot(236)) - group-D35B2F518A55: The snapshot info is null. Setting the last applied indexto:(t:0, i:~)
2022-10-22 01:06:09,725 [pool-164-thread-1] INFO  server.RaftServerConfigKeys (ConfUtils.java:logGet(46)) - raft.server.log.use.memory = false (default)
2022-10-22 01:06:09,725 [pool-164-thread-1] INFO  server.RaftServerConfigKeys (ConfUtils.java:logGet(46)) - raft.server.log.purge.gap = 1000000 (custom)
2022-10-22 01:06:09,725 [pool-164-thread-1] INFO  server.RaftServerConfigKeys (ConfUtils.java:logGet(46)) - raft.server.log.appender.buffer.byte-limit = 33554432 (custom)
2022-10-22 01:06:09,725 [pool-164-thread-1] INFO  server.RaftServerConfigKeys (ConfUtils.java:logGet(46)) - raft.server.log.statemachine.data.read.timeout = 1000ms (default)
2022-10-22 01:06:09,726 [pool-164-thread-1] INFO  server.RaftServerConfigKeys (ConfUtils.java:logGet(46)) - raft.server.log.purge.preservation.log.num = 0 (default)
2022-10-22 01:06:09,726 [pool-164-thread-1] INFO  server.RaftServerConfigKeys (ConfUtils.java:logGet(46)) - raft.server.log.segment.size.max = 1048576 (custom)
2022-10-22 01:06:09,727 [EventQueue-PipelineReportForPipelineReportHandler] INFO  pipeline.PipelineManagerImpl (PipelineManagerImpl.java:openPipeline(367)) - Pipeline Pipeline[ Id: 708c8019-147a-41d9-8bd8-d35b2f518a55, Nodes: e349f11f-4d2d-4584-922f-e3c208c9e657{ip: 10.1.0.62, host: fv-az334-928.zg0gw54pbdoexfhqlmz30d51na.gx.internal.cloudapp.net, ports: [REPLICATION=32941, RATIS=34143, RATIS_ADMIN=34143, RATIS_SERVER=34143, STANDALONE=34963], networkLocation: /default-rack, certSerialId: null, persistedOpState: IN_SERVICE, persistedOpStateExpiryEpochSec: 0}, ReplicationConfig: RATIS/ONE, State:ALLOCATED, leaderId:e349f11f-4d2d-4584-922f-e3c208c9e657, CreationTimestamp2022-10-22T01:06:06.724Z[Etc/UTC]] moved to OPEN state
2022-10-22 01:06:09,727 [EventQueue-OpenPipelineForHealthyPipelineSafeModeRule] INFO  safemode.SCMSafeModeManager (HealthyPipelineSafeModeRule.java:process(137)) - SCM in safe mode. Healthy pipelines reported count is 0, required healthy pipeline reported count is 1
2022-10-22 01:06:09,727 [pool-164-thread-1] INFO  server.RaftServerConfigKeys (ConfUtils.java:logGet(46)) - raft.server.log.segment.cache.num.max = 2 (custom)
2022-10-22 01:06:09,728 [pool-164-thread-1] INFO  server.RaftServerConfigKeys (ConfUtils.java:logGet(46)) - raft.server.log.segment.cache.size.max = 200MB (=209715200) (default)
2022-10-22 01:06:09,728 [pool-164-thread-1] INFO  segmented.SegmentedRaftLogWorker (SegmentedRaftLogWorker.java:<init>(191)) - new e349f11f-4d2d-4584-922f-e3c208c9e657@group-D35B2F518A55-SegmentedRaftLogWorker for RaftStorageImpl:Storage Directory /home/runner/work/ozone/ozone/hadoop-ozone/integration-test/target/test-dir/MiniOzoneClusterImpl-a988f88d-4efe-430b-bf3c-a1e83706c790/datanode-4/data/ratis/708c8019-147a-41d9-8bd8-d35b2f518a55
2022-10-22 01:06:09,728 [pool-164-thread-1] INFO  server.RaftServerConfigKeys (ConfUtils.java:logGet(46)) - raft.server.log.queue.byte-limit = 4294967296 (custom)
2022-10-22 01:06:09,728 [pool-164-thread-1] INFO  server.RaftServerConfigKeys (ConfUtils.java:logGet(46)) - raft.server.log.queue.element-limit = 1024 (custom)
2022-10-22 01:06:09,728 [pool-164-thread-1] INFO  server.RaftServerConfigKeys (ConfUtils.java:logGet(46)) - raft.server.log.segment.size.max = 1048576 (custom)
2022-10-22 01:06:09,728 [pool-164-thread-1] INFO  server.RaftServerConfigKeys (ConfUtils.java:logGet(46)) - raft.server.log.preallocated.size = 16384 (custom)
2022-10-22 01:06:09,728 [pool-164-thread-1] INFO  server.RaftServerConfigKeys (ConfUtils.java:logGet(46)) - raft.server.log.force.sync.num = 128 (default)
2022-10-22 01:06:09,728 [pool-164-thread-1] INFO  server.RaftServerConfigKeys (ConfUtils.java:logGet(46)) - raft.server.log.statemachine.data.sync = true (default)
2022-10-22 01:06:09,728 [pool-164-thread-1] INFO  server.RaftServerConfigKeys (ConfUtils.java:logGet(46)) - raft.server.log.statemachine.data.sync.timeout = 10s (default)
2022-10-22 01:06:09,728 [pool-164-thread-1] INFO  server.RaftServerConfigKeys (ConfUtils.java:logGet(46)) - raft.server.log.statemachine.data.sync.timeout.retry = -1 (default)
2022-10-22 01:06:09,729 [pool-164-thread-1] INFO  server.RaftServerConfigKeys (ConfUtils.java:logGet(46)) - raft.server.log.write.buffer.size = 1048576 (custom)
2022-10-22 01:06:09,730 [pool-164-thread-1] INFO  server.RaftServerConfigKeys (ConfUtils.java:logGet(46)) - raft.server.log.unsafe-flush.enabled = false (default)
2022-10-22 01:06:09,730 [pool-164-thread-1] INFO  server.RaftServerConfigKeys (ConfUtils.java:logGet(46)) - raft.server.log.async-flush.enabled = false (default)
2022-10-22 01:06:09,730 [pool-164-thread-1] INFO  server.RaftServerConfigKeys (ConfUtils.java:logGet(46)) - raft.server.log.statemachine.data.caching.enabled = true (custom)
2022-10-22 01:06:09,730 [pool-164-thread-1] INFO  segmented.SegmentedRaftLogWorker (SegmentedRaftLogWorker.java:lambda$new$0(136)) - e349f11f-4d2d-4584-922f-e3c208c9e657@group-D35B2F518A55-SegmentedRaftLogWorker: flushIndex: setUnconditionally 0 -> -1
2022-10-22 01:06:09,730 [pool-164-thread-1] INFO  segmented.SegmentedRaftLogWorker (SegmentedRaftLogWorker.java:lambda$new$0(136)) - e349f11f-4d2d-4584-922f-e3c208c9e657@group-D35B2F518A55-SegmentedRaftLogWorker: safeCacheEvictIndex: setUnconditionally 0 -> -1
2022-10-22 01:06:09,731 [pool-164-thread-1] INFO  server.RaftServer$Division (RaftServerImpl.java:start(334)) - e349f11f-4d2d-4584-922f-e3c208c9e657@group-D35B2F518A55: start as a follower, conf=-1: peers:[e349f11f-4d2d-4584-922f-e3c208c9e657|rpc:10.1.0.62:34143|priority:1|startupRole:FOLLOWER]|listeners:[], old=null
2022-10-22 01:06:09,731 [pool-164-thread-1] INFO  server.RaftServer$Division (RaftServerImpl.java:setRole(321)) - e349f11f-4d2d-4584-922f-e3c208c9e657@group-D35B2F518A55: changes role from      null to FOLLOWER at term 0 for startAsFollower
2022-10-22 01:06:09,731 [pool-164-thread-1] INFO  impl.RoleInfo (RoleInfo.java:updateAndGet(139)) - e349f11f-4d2d-4584-922f-e3c208c9e657: start e349f11f-4d2d-4584-922f-e3c208c9e657@group-D35B2F518A55-FollowerState
2022-10-22 01:06:09,731 [pool-164-thread-1] INFO  util.JmxRegister (JmxRegister.java:tryRegister(44)) - Successfully registered JMX Bean with object name Ratis:service=RaftServer,group=group-D35B2F518A55,id=e349f11f-4d2d-4584-922f-e3c208c9e657
2022-10-22 01:06:09,731 [pool-164-thread-1] INFO  server.RaftServerConfigKeys (ConfUtils.java:logGet(46)) - raft.server.snapshot.auto.trigger.enabled = true (custom)
2022-10-22 01:06:09,731 [pool-164-thread-1] INFO  server.RaftServerConfigKeys (ConfUtils.java:logGet(46)) - raft.server.snapshot.auto.trigger.threshold = 10000 (custom)
2022-10-22 01:06:09,731 [pool-164-thread-1] INFO  server.RaftServerConfigKeys (ConfUtils.java:logGet(46)) - raft.server.snapshot.retention.file.num = 5 (custom)
2022-10-22 01:06:09,731 [pool-164-thread-1] INFO  server.RaftServerConfigKeys (ConfUtils.java:logGet(46)) - raft.server.log.purge.upto.snapshot.index = false (default)
2022-10-22 01:06:09,732 [e349f11f-4d2d-4584-922f-e3c208c9e657@group-D35B2F518A55-FollowerState] INFO  server.RaftServerConfigKeys (ConfUtils.java:logFallback(53)) - raft.server.rpc.first-election.timeout.min = 5s (fallback to raft.server.rpc.timeout.min)
2022-10-22 01:06:09,732 [e349f11f-4d2d-4584-922f-e3c208c9e657@group-D35B2F518A55-FollowerState] INFO  server.RaftServerConfigKeys (ConfUtils.java:logFallback(53)) - raft.server.rpc.first-election.timeout.max = 5200ms (fallback to raft.server.rpc.timeout.max)
2022-10-22 01:06:09,732 [Command processor thread] INFO  ratis.XceiverServerRatis (XceiverServerRatis.java:addGroup(765)) - Created group PipelineID=708c8019-147a-41d9-8bd8-d35b2f518a55
2022-10-22 01:06:09,733 [Command processor thread] INFO  commandhandler.CreatePipelineCommandHandler (CreatePipelineCommandHandler.java:handle(113)) - Created Pipeline RATIS ONE PipelineID=708c8019-147a-41d9-8bd8-d35b2f518a55.
2022-10-22 01:06:10,015 [Command processor thread] INFO  server.RaftServer (RaftServerProxy.java:addNew(96)) - 63ee6728-2597-4353-a315-509fdfe6db5e: addNew group-060300A70C6B:[63ee6728-2597-4353-a315-509fdfe6db5e|rpc:10.1.0.62:42903|priority:1|startupRole:FOLLOWER] returns group-060300A70C6B:java.util.concurrent.CompletableFuture@79702c27[Not completed]
2022-10-22 01:06:10,016 [pool-187-thread-1] INFO  server.RaftServer$Division (RaftServerImpl.java:<init>(195)) - 63ee6728-2597-4353-a315-509fdfe6db5e: new RaftServerImpl for group-060300A70C6B:[63ee6728-2597-4353-a315-509fdfe6db5e|rpc:10.1.0.62:42903|priority:1|startupRole:FOLLOWER] with ContainerStateMachine:uninitialized
2022-10-22 01:06:10,016 [pool-187-thread-1] INFO  server.RaftServerConfigKeys (ConfUtils.java:logGet(46)) - raft.server.rpc.timeout.min = 5s (custom)
2022-10-22 01:06:10,016 [pool-187-thread-1] INFO  server.RaftServerConfigKeys (ConfUtils.java:logGet(46)) - raft.server.rpc.timeout.max = 5200ms (custom)
2022-10-22 01:06:10,016 [pool-187-thread-1] INFO  server.RaftServerConfigKeys (ConfUtils.java:logGet(46)) - raft.server.rpc.sleep.time = 25ms (default)
2022-10-22 01:06:10,016 [pool-187-thread-1] INFO  server.RaftServerConfigKeys (ConfUtils.java:logGet(46)) - raft.server.rpc.slowness.timeout = 300s (custom)
2022-10-22 01:06:10,016 [pool-187-thread-1] INFO  server.RaftServerConfigKeys (ConfUtils.java:logGet(46)) - raft.server.leaderelection.leader.step-down.wait-time = 10s (default)
2022-10-22 01:06:10,016 [pool-187-thread-1] INFO  server.RaftServerConfigKeys (ConfUtils.java:logGet(46)) - raft.server.sleep.deviation.threshold = 300ms (default)
2022-10-22 01:06:10,016 [pool-187-thread-1] INFO  server.RaftServer$Division (ServerState.java:<init>(118)) - 63ee6728-2597-4353-a315-509fdfe6db5e@group-060300A70C6B: ConfigurationManager, init=-1: peers:[63ee6728-2597-4353-a315-509fdfe6db5e|rpc:10.1.0.62:42903|priority:1|startupRole:FOLLOWER]|listeners:[], old=null, confs=<EMPTY_MAP>
2022-10-22 01:06:10,016 [pool-187-thread-1] INFO  server.RaftServerConfigKeys (ConfUtils.java:logGet(46)) - raft.server.storage.dir = [/home/runner/work/ozone/ozone/hadoop-ozone/integration-test/target/test-dir/MiniOzoneClusterImpl-a988f88d-4efe-430b-bf3c-a1e83706c790/datanode-5/data/ratis] (custom)
2022-10-22 01:06:10,016 [pool-187-thread-1] INFO  server.RaftServerConfigKeys (ConfUtils.java:logGet(46)) - raft.server.log.corruption.policy = EXCEPTION (default)
2022-10-22 01:06:10,016 [pool-187-thread-1] INFO  server.RaftServerConfigKeys (ConfUtils.java:logGet(46)) - raft.server.storage.free-space.min = 0MB (=0) (default)
2022-10-22 01:06:10,016 [pool-187-thread-1] INFO  server.RaftServerConfigKeys (ConfUtils.java:logGet(46)) - raft.server.notification.no-leader.timeout = 300s (custom)
2022-10-22 01:06:10,017 [pool-187-thread-1] INFO  server.RaftServerConfigKeys (ConfUtils.java:logGet(46)) - raft.server.retrycache.expirytime = 600000ms (custom)
2022-10-22 01:06:10,017 [pool-187-thread-1] INFO  server.RaftServerConfigKeys (ConfUtils.java:logGet(46)) - raft.server.retrycache.statistics.expirytime = 100μs (default)
2022-10-22 01:06:10,018 [pool-187-thread-1] INFO  server.RaftServerConfigKeys (ConfUtils.java:logGet(46)) - raft.server.log.appender.install.snapshot.enabled = false (custom)
2022-10-22 01:06:10,018 [pool-187-thread-1] INFO  server.RaftServerConfigKeys (ConfUtils.java:logGet(46)) - raft.server.threadpool.server.cached = true (default)
2022-10-22 01:06:10,018 [pool-187-thread-1] INFO  server.RaftServerConfigKeys (ConfUtils.java:logGet(46)) - raft.server.threadpool.server.size = 0 (default)
2022-10-22 01:06:10,018 [pool-187-thread-1] INFO  server.RaftServerConfigKeys (ConfUtils.java:logGet(46)) - raft.server.threadpool.client.cached = true (default)
2022-10-22 01:06:10,018 [pool-187-thread-1] INFO  server.RaftServerConfigKeys (ConfUtils.java:logGet(46)) - raft.server.threadpool.client.size = 0 (default)
2022-10-22 01:06:10,018 [pool-187-thread-1] INFO  storage.RaftStorageDirectory (RaftStorageDirectoryImpl.java:analyzeStorage(137)) - The storage directory /home/runner/work/ozone/ozone/hadoop-ozone/integration-test/target/test-dir/MiniOzoneClusterImpl-a988f88d-4efe-430b-bf3c-a1e83706c790/datanode-5/data/ratis/8ac406f0-57f5-4e51-a238-060300a70c6b does not exist. Creating ...
2022-10-22 01:06:10,019 [pool-187-thread-1] INFO  storage.RaftStorageDirectory (RaftStorageDirectoryImpl.java:tryLock(231)) - Lock on /home/runner/work/ozone/ozone/hadoop-ozone/integration-test/target/test-dir/MiniOzoneClusterImpl-a988f88d-4efe-430b-bf3c-a1e83706c790/datanode-5/data/ratis/8ac406f0-57f5-4e51-a238-060300a70c6b/in_use.lock acquired by nodename 13814@fv-az334-928
2022-10-22 01:06:10,020 [pool-187-thread-1] INFO  storage.RaftStorage (RaftStorageImpl.java:format(96)) - Storage directory /home/runner/work/ozone/ozone/hadoop-ozone/integration-test/target/test-dir/MiniOzoneClusterImpl-a988f88d-4efe-430b-bf3c-a1e83706c790/datanode-5/data/ratis/8ac406f0-57f5-4e51-a238-060300a70c6b has been successfully formatted.
2022-10-22 01:06:10,021 [pool-187-thread-1] INFO  ratis.ContainerStateMachine (ContainerStateMachine.java:loadSnapshot(236)) - group-060300A70C6B: The snapshot info is null. Setting the last applied indexto:(t:0, i:~)
2022-10-22 01:06:10,021 [pool-187-thread-1] INFO  server.RaftServerConfigKeys (ConfUtils.java:logGet(46)) - raft.server.log.use.memory = false (default)
2022-10-22 01:06:10,021 [pool-187-thread-1] INFO  server.RaftServerConfigKeys (ConfUtils.java:logGet(46)) - raft.server.log.purge.gap = 1000000 (custom)
2022-10-22 01:06:10,021 [pool-187-thread-1] INFO  server.RaftServerConfigKeys (ConfUtils.java:logGet(46)) - raft.server.log.appender.buffer.byte-limit = 33554432 (custom)
2022-10-22 01:06:10,021 [pool-187-thread-1] INFO  server.RaftServerConfigKeys (ConfUtils.java:logGet(46)) - raft.server.log.statemachine.data.read.timeout = 1000ms (default)
2022-10-22 01:06:10,021 [pool-187-thread-1] INFO  server.RaftServerConfigKeys (ConfUtils.java:logGet(46)) - raft.server.log.purge.preservation.log.num = 0 (default)
2022-10-22 01:06:10,021 [pool-187-thread-1] INFO  server.RaftServerConfigKeys (ConfUtils.java:logGet(46)) - raft.server.log.segment.size.max = 1048576 (custom)
2022-10-22 01:06:10,022 [pool-187-thread-1] INFO  server.RaftServerConfigKeys (ConfUtils.java:logGet(46)) - raft.server.log.segment.cache.num.max = 2 (custom)
2022-10-22 01:06:10,022 [pool-187-thread-1] INFO  server.RaftServerConfigKeys (ConfUtils.java:logGet(46)) - raft.server.log.segment.cache.size.max = 200MB (=209715200) (default)
2022-10-22 01:06:10,022 [pool-187-thread-1] INFO  segmented.SegmentedRaftLogWorker (SegmentedRaftLogWorker.java:<init>(191)) - new 63ee6728-2597-4353-a315-509fdfe6db5e@group-060300A70C6B-SegmentedRaftLogWorker for RaftStorageImpl:Storage Directory /home/runner/work/ozone/ozone/hadoop-ozone/integration-test/target/test-dir/MiniOzoneClusterImpl-a988f88d-4efe-430b-bf3c-a1e83706c790/datanode-5/data/ratis/8ac406f0-57f5-4e51-a238-060300a70c6b
2022-10-22 01:06:10,022 [EventQueue-PipelineReportForPipelineReportHandler] INFO  pipeline.PipelineManagerImpl (PipelineManagerImpl.java:openPipeline(367)) - Pipeline Pipeline[ Id: 8ac406f0-57f5-4e51-a238-060300a70c6b, Nodes: 63ee6728-2597-4353-a315-509fdfe6db5e{ip: 10.1.0.62, host: fv-az334-928.zg0gw54pbdoexfhqlmz30d51na.gx.internal.cloudapp.net, ports: [REPLICATION=42825, RATIS=42903, RATIS_ADMIN=42903, RATIS_SERVER=42903, STANDALONE=33359], networkLocation: /default-rack, certSerialId: null, persistedOpState: IN_SERVICE, persistedOpStateExpiryEpochSec: 0}, ReplicationConfig: RATIS/ONE, State:ALLOCATED, leaderId:63ee6728-2597-4353-a315-509fdfe6db5e, CreationTimestamp2022-10-22T01:06:07.020Z[Etc/UTC]] moved to OPEN state
2022-10-22 01:06:10,022 [EventQueue-OpenPipelineForHealthyPipelineSafeModeRule] INFO  safemode.SCMSafeModeManager (HealthyPipelineSafeModeRule.java:process(137)) - SCM in safe mode. Healthy pipelines reported count is 0, required healthy pipeline reported count is 1
2022-10-22 01:06:10,022 [pool-187-thread-1] INFO  server.RaftServerConfigKeys (ConfUtils.java:logGet(46)) - raft.server.log.queue.byte-limit = 4294967296 (custom)
2022-10-22 01:06:10,023 [pool-187-thread-1] INFO  server.RaftServerConfigKeys (ConfUtils.java:logGet(46)) - raft.server.log.queue.element-limit = 1024 (custom)
2022-10-22 01:06:10,023 [pool-187-thread-1] INFO  server.RaftServerConfigKeys (ConfUtils.java:logGet(46)) - raft.server.log.segment.size.max = 1048576 (custom)
2022-10-22 01:06:10,023 [pool-187-thread-1] INFO  server.RaftServerConfigKeys (ConfUtils.java:logGet(46)) - raft.server.log.preallocated.size = 16384 (custom)
2022-10-22 01:06:10,023 [pool-187-thread-1] INFO  server.RaftServerConfigKeys (ConfUtils.java:logGet(46)) - raft.server.log.force.sync.num = 128 (default)
2022-10-22 01:06:10,023 [pool-187-thread-1] INFO  server.RaftServerConfigKeys (ConfUtils.java:logGet(46)) - raft.server.log.statemachine.data.sync = true (default)
2022-10-22 01:06:10,023 [pool-187-thread-1] INFO  server.RaftServerConfigKeys (ConfUtils.java:logGet(46)) - raft.server.log.statemachine.data.sync.timeout = 10s (default)
2022-10-22 01:06:10,024 [pool-187-thread-1] INFO  server.RaftServerConfigKeys (ConfUtils.java:logGet(46)) - raft.server.log.statemachine.data.sync.timeout.retry = -1 (default)
2022-10-22 01:06:10,024 [pool-187-thread-1] INFO  server.RaftServerConfigKeys (ConfUtils.java:logGet(46)) - raft.server.log.write.buffer.size = 1048576 (custom)
2022-10-22 01:06:10,025 [pool-187-thread-1] INFO  server.RaftServerConfigKeys (ConfUtils.java:logGet(46)) - raft.server.log.unsafe-flush.enabled = false (default)
2022-10-22 01:06:10,025 [pool-187-thread-1] INFO  server.RaftServerConfigKeys (ConfUtils.java:logGet(46)) - raft.server.log.async-flush.enabled = false (default)
2022-10-22 01:06:10,025 [pool-187-thread-1] INFO  server.RaftServerConfigKeys (ConfUtils.java:logGet(46)) - raft.server.log.statemachine.data.caching.enabled = true (custom)
2022-10-22 01:06:10,025 [pool-187-thread-1] INFO  segmented.SegmentedRaftLogWorker (SegmentedRaftLogWorker.java:lambda$new$0(136)) - 63ee6728-2597-4353-a315-509fdfe6db5e@group-060300A70C6B-SegmentedRaftLogWorker: flushIndex: setUnconditionally 0 -> -1
2022-10-22 01:06:10,025 [pool-187-thread-1] INFO  segmented.SegmentedRaftLogWorker (SegmentedRaftLogWorker.java:lambda$new$0(136)) - 63ee6728-2597-4353-a315-509fdfe6db5e@group-060300A70C6B-SegmentedRaftLogWorker: safeCacheEvictIndex: setUnconditionally 0 -> -1
2022-10-22 01:06:10,025 [pool-187-thread-1] INFO  server.RaftServer$Division (RaftServerImpl.java:start(334)) - 63ee6728-2597-4353-a315-509fdfe6db5e@group-060300A70C6B: start as a follower, conf=-1: peers:[63ee6728-2597-4353-a315-509fdfe6db5e|rpc:10.1.0.62:42903|priority:1|startupRole:FOLLOWER]|listeners:[], old=null
2022-10-22 01:06:10,025 [pool-187-thread-1] INFO  server.RaftServer$Division (RaftServerImpl.java:setRole(321)) - 63ee6728-2597-4353-a315-509fdfe6db5e@group-060300A70C6B: changes role from      null to FOLLOWER at term 0 for startAsFollower
2022-10-22 01:06:10,025 [pool-187-thread-1] INFO  impl.RoleInfo (RoleInfo.java:updateAndGet(139)) - 63ee6728-2597-4353-a315-509fdfe6db5e: start 63ee6728-2597-4353-a315-509fdfe6db5e@group-060300A70C6B-FollowerState
2022-10-22 01:06:10,026 [pool-187-thread-1] INFO  util.JmxRegister (JmxRegister.java:tryRegister(44)) - Successfully registered JMX Bean with object name Ratis:service=RaftServer,group=group-060300A70C6B,id=63ee6728-2597-4353-a315-509fdfe6db5e
2022-10-22 01:06:10,026 [pool-187-thread-1] INFO  server.RaftServerConfigKeys (ConfUtils.java:logGet(46)) - raft.server.snapshot.auto.trigger.enabled = true (custom)
2022-10-22 01:06:10,026 [pool-187-thread-1] INFO  server.RaftServerConfigKeys (ConfUtils.java:logGet(46)) - raft.server.snapshot.auto.trigger.threshold = 10000 (custom)
2022-10-22 01:06:10,026 [pool-187-thread-1] INFO  server.RaftServerConfigKeys (ConfUtils.java:logGet(46)) - raft.server.snapshot.retention.file.num = 5 (custom)
2022-10-22 01:06:10,026 [pool-187-thread-1] INFO  server.RaftServerConfigKeys (ConfUtils.java:logGet(46)) - raft.server.log.purge.upto.snapshot.index = false (default)
2022-10-22 01:06:10,026 [63ee6728-2597-4353-a315-509fdfe6db5e@group-060300A70C6B-FollowerState] INFO  server.RaftServerConfigKeys (ConfUtils.java:logFallback(53)) - raft.server.rpc.first-election.timeout.min = 5s (fallback to raft.server.rpc.timeout.min)
2022-10-22 01:06:10,026 [63ee6728-2597-4353-a315-509fdfe6db5e@group-060300A70C6B-FollowerState] INFO  server.RaftServerConfigKeys (ConfUtils.java:logFallback(53)) - raft.server.rpc.first-election.timeout.max = 5200ms (fallback to raft.server.rpc.timeout.max)
2022-10-22 01:06:10,027 [Command processor thread] INFO  ratis.XceiverServerRatis (XceiverServerRatis.java:addGroup(765)) - Created group PipelineID=8ac406f0-57f5-4e51-a238-060300a70c6b
2022-10-22 01:06:10,027 [Command processor thread] INFO  commandhandler.CreatePipelineCommandHandler (CreatePipelineCommandHandler.java:handle(113)) - Created Pipeline RATIS ONE PipelineID=8ac406f0-57f5-4e51-a238-060300a70c6b.
2022-10-22 01:06:10,327 [Listener at 127.0.0.1/34145] INFO  ozone.MiniOzoneClusterImpl (MiniOzoneClusterImpl.java:lambda$waitForClusterToBeReady$0(216)) - Nodes are ready. Got 10 of 10 DN Heartbeats.
2022-10-22 01:06:10,327 [Listener at 127.0.0.1/34145] INFO  ozone.MiniOzoneClusterImpl (MiniOzoneClusterImpl.java:lambda$waitForClusterToBeReady$0(219)) - Waiting for cluster to exit safe mode
2022-10-22 01:06:10,327 [Listener at 127.0.0.1/34145] INFO  ozone.MiniOzoneClusterImpl (MiniOzoneClusterImpl.java:lambda$waitForClusterToBeReady$0(221)) - SCM became leader
2022-10-22 01:06:10,344 [Command processor thread] INFO  server.RaftServer (RaftServerProxy.java:addNew(96)) - 7c8777a1-edfb-4633-85a4-b901f2ed1d17: addNew group-5F9C72BD7F3F:[7c8777a1-edfb-4633-85a4-b901f2ed1d17|rpc:10.1.0.62:42991|priority:1|startupRole:FOLLOWER] returns group-5F9C72BD7F3F:java.util.concurrent.CompletableFuture@43e33b19[Not completed]
2022-10-22 01:06:10,347 [pool-210-thread-1] INFO  server.RaftServer$Division (RaftServerImpl.java:<init>(195)) - 7c8777a1-edfb-4633-85a4-b901f2ed1d17: new RaftServerImpl for group-5F9C72BD7F3F:[7c8777a1-edfb-4633-85a4-b901f2ed1d17|rpc:10.1.0.62:42991|priority:1|startupRole:FOLLOWER] with ContainerStateMachine:uninitialized
2022-10-22 01:06:10,347 [pool-210-thread-1] INFO  server.RaftServerConfigKeys (ConfUtils.java:logGet(46)) - raft.server.rpc.timeout.min = 5s (custom)
2022-10-22 01:06:10,347 [pool-210-thread-1] INFO  server.RaftServerConfigKeys (ConfUtils.java:logGet(46)) - raft.server.rpc.timeout.max = 5200ms (custom)
2022-10-22 01:06:10,347 [pool-210-thread-1] INFO  server.RaftServerConfigKeys (ConfUtils.java:logGet(46)) - raft.server.rpc.sleep.time = 25ms (default)
2022-10-22 01:06:10,347 [pool-210-thread-1] INFO  server.RaftServerConfigKeys (ConfUtils.java:logGet(46)) - raft.server.rpc.slowness.timeout = 300s (custom)
2022-10-22 01:06:10,347 [pool-210-thread-1] INFO  server.RaftServerConfigKeys (ConfUtils.java:logGet(46)) - raft.server.leaderelection.leader.step-down.wait-time = 10s (default)
2022-10-22 01:06:10,347 [pool-210-thread-1] INFO  server.RaftServerConfigKeys (ConfUtils.java:logGet(46)) - raft.server.sleep.deviation.threshold = 300ms (default)
2022-10-22 01:06:10,347 [pool-210-thread-1] INFO  server.RaftServer$Division (ServerState.java:<init>(118)) - 7c8777a1-edfb-4633-85a4-b901f2ed1d17@group-5F9C72BD7F3F: ConfigurationManager, init=-1: peers:[7c8777a1-edfb-4633-85a4-b901f2ed1d17|rpc:10.1.0.62:42991|priority:1|startupRole:FOLLOWER]|listeners:[], old=null, confs=<EMPTY_MAP>
2022-10-22 01:06:10,347 [pool-210-thread-1] INFO  server.RaftServerConfigKeys (ConfUtils.java:logGet(46)) - raft.server.storage.dir = [/home/runner/work/ozone/ozone/hadoop-ozone/integration-test/target/test-dir/MiniOzoneClusterImpl-a988f88d-4efe-430b-bf3c-a1e83706c790/datanode-6/data/ratis] (custom)
2022-10-22 01:06:10,347 [pool-210-thread-1] INFO  server.RaftServerConfigKeys (ConfUtils.java:logGet(46)) - raft.server.log.corruption.policy = EXCEPTION (default)
2022-10-22 01:06:10,347 [pool-210-thread-1] INFO  server.RaftServerConfigKeys (ConfUtils.java:logGet(46)) - raft.server.storage.free-space.min = 0MB (=0) (default)
2022-10-22 01:06:10,347 [pool-210-thread-1] INFO  server.RaftServerConfigKeys (ConfUtils.java:logGet(46)) - raft.server.notification.no-leader.timeout = 300s (custom)
2022-10-22 01:06:10,347 [pool-210-thread-1] INFO  server.RaftServerConfigKeys (ConfUtils.java:logGet(46)) - raft.server.retrycache.expirytime = 600000ms (custom)
2022-10-22 01:06:10,347 [pool-210-thread-1] INFO  server.RaftServerConfigKeys (ConfUtils.java:logGet(46)) - raft.server.retrycache.statistics.expirytime = 100μs (default)
2022-10-22 01:06:10,349 [pool-210-thread-1] INFO  server.RaftServerConfigKeys (ConfUtils.java:logGet(46)) - raft.server.log.appender.install.snapshot.enabled = false (custom)
2022-10-22 01:06:10,349 [pool-210-thread-1] INFO  server.RaftServerConfigKeys (ConfUtils.java:logGet(46)) - raft.server.threadpool.server.cached = true (default)
2022-10-22 01:06:10,349 [pool-210-thread-1] INFO  server.RaftServerConfigKeys (ConfUtils.java:logGet(46)) - raft.server.threadpool.server.size = 0 (default)
2022-10-22 01:06:10,349 [pool-210-thread-1] INFO  server.RaftServerConfigKeys (ConfUtils.java:logGet(46)) - raft.server.threadpool.client.cached = true (default)
2022-10-22 01:06:10,349 [pool-210-thread-1] INFO  server.RaftServerConfigKeys (ConfUtils.java:logGet(46)) - raft.server.threadpool.client.size = 0 (default)
2022-10-22 01:06:10,349 [pool-210-thread-1] INFO  storage.RaftStorageDirectory (RaftStorageDirectoryImpl.java:analyzeStorage(137)) - The storage directory /home/runner/work/ozone/ozone/hadoop-ozone/integration-test/target/test-dir/MiniOzoneClusterImpl-a988f88d-4efe-430b-bf3c-a1e83706c790/datanode-6/data/ratis/9f425770-0212-44fa-ac03-5f9c72bd7f3f does not exist. Creating ...
2022-10-22 01:06:10,350 [pool-210-thread-1] INFO  storage.RaftStorageDirectory (RaftStorageDirectoryImpl.java:tryLock(231)) - Lock on /home/runner/work/ozone/ozone/hadoop-ozone/integration-test/target/test-dir/MiniOzoneClusterImpl-a988f88d-4efe-430b-bf3c-a1e83706c790/datanode-6/data/ratis/9f425770-0212-44fa-ac03-5f9c72bd7f3f/in_use.lock acquired by nodename 13814@fv-az334-928
2022-10-22 01:06:10,351 [pool-210-thread-1] INFO  storage.RaftStorage (RaftStorageImpl.java:format(96)) - Storage directory /home/runner/work/ozone/ozone/hadoop-ozone/integration-test/target/test-dir/MiniOzoneClusterImpl-a988f88d-4efe-430b-bf3c-a1e83706c790/datanode-6/data/ratis/9f425770-0212-44fa-ac03-5f9c72bd7f3f has been successfully formatted.
2022-10-22 01:06:10,352 [pool-210-thread-1] INFO  ratis.ContainerStateMachine (ContainerStateMachine.java:loadSnapshot(236)) - group-5F9C72BD7F3F: The snapshot info is null. Setting the last applied indexto:(t:0, i:~)
2022-10-22 01:06:10,352 [pool-210-thread-1] INFO  server.RaftServerConfigKeys (ConfUtils.java:logGet(46)) - raft.server.log.use.memory = false (default)
2022-10-22 01:06:10,352 [pool-210-thread-1] INFO  server.RaftServerConfigKeys (ConfUtils.java:logGet(46)) - raft.server.log.purge.gap = 1000000 (custom)
2022-10-22 01:06:10,352 [pool-210-thread-1] INFO  server.RaftServerConfigKeys (ConfUtils.java:logGet(46)) - raft.server.log.appender.buffer.byte-limit = 33554432 (custom)
2022-10-22 01:06:10,352 [pool-210-thread-1] INFO  server.RaftServerConfigKeys (ConfUtils.java:logGet(46)) - raft.server.log.statemachine.data.read.timeout = 1000ms (default)
2022-10-22 01:06:10,352 [pool-210-thread-1] INFO  server.RaftServerConfigKeys (ConfUtils.java:logGet(46)) - raft.server.log.purge.preservation.log.num = 0 (default)
2022-10-22 01:06:10,352 [pool-210-thread-1] INFO  server.RaftServerConfigKeys (ConfUtils.java:logGet(46)) - raft.server.log.segment.size.max = 1048576 (custom)
2022-10-22 01:06:10,353 [pool-210-thread-1] INFO  server.RaftServerConfigKeys (ConfUtils.java:logGet(46)) - raft.server.log.segment.cache.num.max = 2 (custom)
2022-10-22 01:06:10,353 [pool-210-thread-1] INFO  server.RaftServerConfigKeys (ConfUtils.java:logGet(46)) - raft.server.log.segment.cache.size.max = 200MB (=209715200) (default)
2022-10-22 01:06:10,353 [EventQueue-PipelineReportForPipelineReportHandler] INFO  pipeline.PipelineManagerImpl (PipelineManagerImpl.java:openPipeline(367)) - Pipeline Pipeline[ Id: 9f425770-0212-44fa-ac03-5f9c72bd7f3f, Nodes: 7c8777a1-edfb-4633-85a4-b901f2ed1d17{ip: 10.1.0.62, host: fv-az334-928.zg0gw54pbdoexfhqlmz30d51na.gx.internal.cloudapp.net, ports: [REPLICATION=43851, RATIS=42991, RATIS_ADMIN=42991, RATIS_SERVER=42991, STANDALONE=34039], networkLocation: /default-rack, certSerialId: null, persistedOpState: IN_SERVICE, persistedOpStateExpiryEpochSec: 0}, ReplicationConfig: RATIS/ONE, State:ALLOCATED, leaderId:7c8777a1-edfb-4633-85a4-b901f2ed1d17, CreationTimestamp2022-10-22T01:06:07.356Z[Etc/UTC]] moved to OPEN state
2022-10-22 01:06:10,353 [pool-210-thread-1] INFO  segmented.SegmentedRaftLogWorker (SegmentedRaftLogWorker.java:<init>(191)) - new 7c8777a1-edfb-4633-85a4-b901f2ed1d17@group-5F9C72BD7F3F-SegmentedRaftLogWorker for RaftStorageImpl:Storage Directory /home/runner/work/ozone/ozone/hadoop-ozone/integration-test/target/test-dir/MiniOzoneClusterImpl-a988f88d-4efe-430b-bf3c-a1e83706c790/datanode-6/data/ratis/9f425770-0212-44fa-ac03-5f9c72bd7f3f
2022-10-22 01:06:10,353 [pool-210-thread-1] INFO  server.RaftServerConfigKeys (ConfUtils.java:logGet(46)) - raft.server.log.queue.byte-limit = 4294967296 (custom)
2022-10-22 01:06:10,353 [pool-210-thread-1] INFO  server.RaftServerConfigKeys (ConfUtils.java:logGet(46)) - raft.server.log.queue.element-limit = 1024 (custom)
2022-10-22 01:06:10,353 [pool-210-thread-1] INFO  server.RaftServerConfigKeys (ConfUtils.java:logGet(46)) - raft.server.log.segment.size.max = 1048576 (custom)
2022-10-22 01:06:10,353 [pool-210-thread-1] INFO  server.RaftServerConfigKeys (ConfUtils.java:logGet(46)) - raft.server.log.preallocated.size = 16384 (custom)
2022-10-22 01:06:10,353 [pool-210-thread-1] INFO  server.RaftServerConfigKeys (ConfUtils.java:logGet(46)) - raft.server.log.force.sync.num = 128 (default)
2022-10-22 01:06:10,353 [pool-210-thread-1] INFO  server.RaftServerConfigKeys (ConfUtils.java:logGet(46)) - raft.server.log.statemachine.data.sync = true (default)
2022-10-22 01:06:10,353 [pool-210-thread-1] INFO  server.RaftServerConfigKeys (ConfUtils.java:logGet(46)) - raft.server.log.statemachine.data.sync.timeout = 10s (default)
2022-10-22 01:06:10,353 [pool-210-thread-1] INFO  server.RaftServerConfigKeys (ConfUtils.java:logGet(46)) - raft.server.log.statemachine.data.sync.timeout.retry = -1 (default)
2022-10-22 01:06:10,355 [EventQueue-OpenPipelineForHealthyPipelineSafeModeRule] INFO  safemode.SCMSafeModeManager (HealthyPipelineSafeModeRule.java:process(137)) - SCM in safe mode. Healthy pipelines reported count is 0, required healthy pipeline reported count is 1
2022-10-22 01:06:10,360 [pool-210-thread-1] INFO  server.RaftServerConfigKeys (ConfUtils.java:logGet(46)) - raft.server.log.write.buffer.size = 1048576 (custom)
2022-10-22 01:06:10,360 [pool-210-thread-1] INFO  server.RaftServerConfigKeys (ConfUtils.java:logGet(46)) - raft.server.log.unsafe-flush.enabled = false (default)
2022-10-22 01:06:10,360 [pool-210-thread-1] INFO  server.RaftServerConfigKeys (ConfUtils.java:logGet(46)) - raft.server.log.async-flush.enabled = false (default)
2022-10-22 01:06:10,360 [pool-210-thread-1] INFO  server.RaftServerConfigKeys (ConfUtils.java:logGet(46)) - raft.server.log.statemachine.data.caching.enabled = true (custom)
2022-10-22 01:06:10,360 [pool-210-thread-1] INFO  segmented.SegmentedRaftLogWorker (SegmentedRaftLogWorker.java:lambda$new$0(136)) - 7c8777a1-edfb-4633-85a4-b901f2ed1d17@group-5F9C72BD7F3F-SegmentedRaftLogWorker: flushIndex: setUnconditionally 0 -> -1
2022-10-22 01:06:10,360 [pool-210-thread-1] INFO  segmented.SegmentedRaftLogWorker (SegmentedRaftLogWorker.java:lambda$new$0(136)) - 7c8777a1-edfb-4633-85a4-b901f2ed1d17@group-5F9C72BD7F3F-SegmentedRaftLogWorker: safeCacheEvictIndex: setUnconditionally 0 -> -1
2022-10-22 01:06:10,360 [pool-210-thread-1] INFO  server.RaftServer$Division (RaftServerImpl.java:start(334)) - 7c8777a1-edfb-4633-85a4-b901f2ed1d17@group-5F9C72BD7F3F: start as a follower, conf=-1: peers:[7c8777a1-edfb-4633-85a4-b901f2ed1d17|rpc:10.1.0.62:42991|priority:1|startupRole:FOLLOWER]|listeners:[], old=null
2022-10-22 01:06:10,360 [pool-210-thread-1] INFO  server.RaftServer$Division (RaftServerImpl.java:setRole(321)) - 7c8777a1-edfb-4633-85a4-b901f2ed1d17@group-5F9C72BD7F3F: changes role from      null to FOLLOWER at term 0 for startAsFollower
2022-10-22 01:06:10,360 [pool-210-thread-1] INFO  impl.RoleInfo (RoleInfo.java:updateAndGet(139)) - 7c8777a1-edfb-4633-85a4-b901f2ed1d17: start 7c8777a1-edfb-4633-85a4-b901f2ed1d17@group-5F9C72BD7F3F-FollowerState
2022-10-22 01:06:10,364 [pool-210-thread-1] INFO  util.JmxRegister (JmxRegister.java:tryRegister(44)) - Successfully registered JMX Bean with object name Ratis:service=RaftServer,group=group-5F9C72BD7F3F,id=7c8777a1-edfb-4633-85a4-b901f2ed1d17
2022-10-22 01:06:10,364 [pool-210-thread-1] INFO  server.RaftServerConfigKeys (ConfUtils.java:logGet(46)) - raft.server.snapshot.auto.trigger.enabled = true (custom)
2022-10-22 01:06:10,364 [pool-210-thread-1] INFO  server.RaftServerConfigKeys (ConfUtils.java:logGet(46)) - raft.server.snapshot.auto.trigger.threshold = 10000 (custom)
2022-10-22 01:06:10,364 [pool-210-thread-1] INFO  server.RaftServerConfigKeys (ConfUtils.java:logGet(46)) - raft.server.snapshot.retention.file.num = 5 (custom)
2022-10-22 01:06:10,364 [pool-210-thread-1] INFO  server.RaftServerConfigKeys (ConfUtils.java:logGet(46)) - raft.server.log.purge.upto.snapshot.index = false (default)
2022-10-22 01:06:10,367 [Command processor thread] INFO  ratis.XceiverServerRatis (XceiverServerRatis.java:addGroup(765)) - Created group PipelineID=9f425770-0212-44fa-ac03-5f9c72bd7f3f
2022-10-22 01:06:10,367 [Command processor thread] INFO  commandhandler.CreatePipelineCommandHandler (CreatePipelineCommandHandler.java:handle(113)) - Created Pipeline RATIS ONE PipelineID=9f425770-0212-44fa-ac03-5f9c72bd7f3f.
2022-10-22 01:06:10,367 [Command processor thread] INFO  server.RaftServer (RaftServerProxy.java:addNew(96)) - 7c8777a1-edfb-4633-85a4-b901f2ed1d17: addNew group-5DBD8395D328:[7c8777a1-edfb-4633-85a4-b901f2ed1d17|rpc:10.1.0.62:42991|priority:1|startupRole:FOLLOWER, 075aeae4-9dac-4c28-be7c-8f8b2eb5b04f|rpc:10.1.0.62:36955|priority:0|startupRole:FOLLOWER, 9befe131-ee01-45a3-b6b9-b3ceb7636d7b|rpc:10.1.0.62:36783|priority:0|startupRole:FOLLOWER] returns group-5DBD8395D328:java.util.concurrent.CompletableFuture@47dcb7bd[Not completed]
2022-10-22 01:06:10,368 [pool-210-thread-1] INFO  server.RaftServer$Division (RaftServerImpl.java:<init>(195)) - 7c8777a1-edfb-4633-85a4-b901f2ed1d17: new RaftServerImpl for group-5DBD8395D328:[7c8777a1-edfb-4633-85a4-b901f2ed1d17|rpc:10.1.0.62:42991|priority:1|startupRole:FOLLOWER, 075aeae4-9dac-4c28-be7c-8f8b2eb5b04f|rpc:10.1.0.62:36955|priority:0|startupRole:FOLLOWER, 9befe131-ee01-45a3-b6b9-b3ceb7636d7b|rpc:10.1.0.62:36783|priority:0|startupRole:FOLLOWER] with ContainerStateMachine:uninitialized
2022-10-22 01:06:10,368 [pool-210-thread-1] INFO  server.RaftServerConfigKeys (ConfUtils.java:logGet(46)) - raft.server.rpc.timeout.min = 5s (custom)
2022-10-22 01:06:10,368 [pool-210-thread-1] INFO  server.RaftServerConfigKeys (ConfUtils.java:logGet(46)) - raft.server.rpc.timeout.max = 5200ms (custom)
2022-10-22 01:06:10,368 [pool-210-thread-1] INFO  server.RaftServerConfigKeys (ConfUtils.java:logGet(46)) - raft.server.rpc.sleep.time = 25ms (default)
2022-10-22 01:06:10,368 [pool-210-thread-1] INFO  server.RaftServerConfigKeys (ConfUtils.java:logGet(46)) - raft.server.rpc.slowness.timeout = 300s (custom)
2022-10-22 01:06:10,368 [pool-210-thread-1] INFO  server.RaftServerConfigKeys (ConfUtils.java:logGet(46)) - raft.server.leaderelection.leader.step-down.wait-time = 10s (default)
2022-10-22 01:06:10,368 [pool-210-thread-1] INFO  server.RaftServerConfigKeys (ConfUtils.java:logGet(46)) - raft.server.sleep.deviation.threshold = 300ms (default)
2022-10-22 01:06:10,368 [pool-210-thread-1] INFO  server.RaftServer$Division (ServerState.java:<init>(118)) - 7c8777a1-edfb-4633-85a4-b901f2ed1d17@group-5DBD8395D328: ConfigurationManager, init=-1: peers:[7c8777a1-edfb-4633-85a4-b901f2ed1d17|rpc:10.1.0.62:42991|priority:1|startupRole:FOLLOWER, 075aeae4-9dac-4c28-be7c-8f8b2eb5b04f|rpc:10.1.0.62:36955|priority:0|startupRole:FOLLOWER, 9befe131-ee01-45a3-b6b9-b3ceb7636d7b|rpc:10.1.0.62:36783|priority:0|startupRole:FOLLOWER]|listeners:[], old=null, confs=<EMPTY_MAP>
2022-10-22 01:06:10,368 [pool-210-thread-1] INFO  server.RaftServerConfigKeys (ConfUtils.java:logGet(46)) - raft.server.storage.dir = [/home/runner/work/ozone/ozone/hadoop-ozone/integration-test/target/test-dir/MiniOzoneClusterImpl-a988f88d-4efe-430b-bf3c-a1e83706c790/datanode-6/data/ratis] (custom)
2022-10-22 01:06:10,368 [pool-210-thread-1] INFO  server.RaftServerConfigKeys (ConfUtils.java:logGet(46)) - raft.server.log.corruption.policy = EXCEPTION (default)
2022-10-22 01:06:10,368 [pool-210-thread-1] INFO  server.RaftServerConfigKeys (ConfUtils.java:logGet(46)) - raft.server.storage.free-space.min = 0MB (=0) (default)
2022-10-22 01:06:10,368 [pool-210-thread-1] INFO  server.RaftServerConfigKeys (ConfUtils.java:logGet(46)) - raft.server.notification.no-leader.timeout = 300s (custom)
2022-10-22 01:06:10,368 [pool-210-thread-1] INFO  server.RaftServerConfigKeys (ConfUtils.java:logGet(46)) - raft.server.retrycache.expirytime = 600000ms (custom)
2022-10-22 01:06:10,368 [pool-210-thread-1] INFO  server.RaftServerConfigKeys (ConfUtils.java:logGet(46)) - raft.server.retrycache.statistics.expirytime = 100μs (default)
2022-10-22 01:06:10,369 [pool-210-thread-1] INFO  server.RaftServerConfigKeys (ConfUtils.java:logGet(46)) - raft.server.log.appender.install.snapshot.enabled = false (custom)
2022-10-22 01:06:10,369 [pool-210-thread-1] INFO  server.RaftServerConfigKeys (ConfUtils.java:logGet(46)) - raft.server.threadpool.server.cached = true (default)
2022-10-22 01:06:10,369 [pool-210-thread-1] INFO  server.RaftServerConfigKeys (ConfUtils.java:logGet(46)) - raft.server.threadpool.server.size = 0 (default)
2022-10-22 01:06:10,369 [pool-210-thread-1] INFO  server.RaftServerConfigKeys (ConfUtils.java:logGet(46)) - raft.server.threadpool.client.cached = true (default)
2022-10-22 01:06:10,369 [pool-210-thread-1] INFO  server.RaftServerConfigKeys (ConfUtils.java:logGet(46)) - raft.server.threadpool.client.size = 0 (default)
2022-10-22 01:06:10,370 [pool-210-thread-1] INFO  storage.RaftStorageDirectory (RaftStorageDirectoryImpl.java:analyzeStorage(137)) - The storage directory /home/runner/work/ozone/ozone/hadoop-ozone/integration-test/target/test-dir/MiniOzoneClusterImpl-a988f88d-4efe-430b-bf3c-a1e83706c790/datanode-6/data/ratis/68b86139-436e-42e7-a67e-5dbd8395d328 does not exist. Creating ...
2022-10-22 01:06:10,371 [7c8777a1-edfb-4633-85a4-b901f2ed1d17@group-5F9C72BD7F3F-FollowerState] INFO  server.RaftServerConfigKeys (ConfUtils.java:logFallback(53)) - raft.server.rpc.first-election.timeout.min = 5s (fallback to raft.server.rpc.timeout.min)
2022-10-22 01:06:10,379 [7c8777a1-edfb-4633-85a4-b901f2ed1d17@group-5F9C72BD7F3F-FollowerState] INFO  server.RaftServerConfigKeys (ConfUtils.java:logFallback(53)) - raft.server.rpc.first-election.timeout.max = 5200ms (fallback to raft.server.rpc.timeout.max)
2022-10-22 01:06:10,372 [pool-210-thread-1] INFO  storage.RaftStorageDirectory (RaftStorageDirectoryImpl.java:tryLock(231)) - Lock on /home/runner/work/ozone/ozone/hadoop-ozone/integration-test/target/test-dir/MiniOzoneClusterImpl-a988f88d-4efe-430b-bf3c-a1e83706c790/datanode-6/data/ratis/68b86139-436e-42e7-a67e-5dbd8395d328/in_use.lock acquired by nodename 13814@fv-az334-928
2022-10-22 01:06:10,380 [pool-210-thread-1] INFO  storage.RaftStorage (RaftStorageImpl.java:format(96)) - Storage directory /home/runner/work/ozone/ozone/hadoop-ozone/integration-test/target/test-dir/MiniOzoneClusterImpl-a988f88d-4efe-430b-bf3c-a1e83706c790/datanode-6/data/ratis/68b86139-436e-42e7-a67e-5dbd8395d328 has been successfully formatted.
2022-10-22 01:06:10,380 [pool-210-thread-1] INFO  ratis.ContainerStateMachine (ContainerStateMachine.java:loadSnapshot(236)) - group-5DBD8395D328: The snapshot info is null. Setting the last applied indexto:(t:0, i:~)
2022-10-22 01:06:10,380 [pool-210-thread-1] INFO  server.RaftServerConfigKeys (ConfUtils.java:logGet(46)) - raft.server.log.use.memory = false (default)
2022-10-22 01:06:10,381 [pool-210-thread-1] INFO  server.RaftServerConfigKeys (ConfUtils.java:logGet(46)) - raft.server.log.purge.gap = 1000000 (custom)
2022-10-22 01:06:10,381 [pool-210-thread-1] INFO  server.RaftServerConfigKeys (ConfUtils.java:logGet(46)) - raft.server.log.appender.buffer.byte-limit = 33554432 (custom)
2022-10-22 01:06:10,381 [pool-210-thread-1] INFO  server.RaftServerConfigKeys (ConfUtils.java:logGet(46)) - raft.server.log.statemachine.data.read.timeout = 1000ms (default)
2022-10-22 01:06:10,381 [pool-210-thread-1] INFO  server.RaftServerConfigKeys (ConfUtils.java:logGet(46)) - raft.server.log.purge.preservation.log.num = 0 (default)
2022-10-22 01:06:10,381 [pool-210-thread-1] INFO  server.RaftServerConfigKeys (ConfUtils.java:logGet(46)) - raft.server.log.segment.size.max = 1048576 (custom)
2022-10-22 01:06:10,381 [pool-210-thread-1] INFO  server.RaftServerConfigKeys (ConfUtils.java:logGet(46)) - raft.server.log.segment.cache.num.max = 2 (custom)
2022-10-22 01:06:10,381 [pool-210-thread-1] INFO  server.RaftServerConfigKeys (ConfUtils.java:logGet(46)) - raft.server.log.segment.cache.size.max = 200MB (=209715200) (default)
2022-10-22 01:06:10,381 [pool-210-thread-1] INFO  segmented.SegmentedRaftLogWorker (SegmentedRaftLogWorker.java:<init>(191)) - new 7c8777a1-edfb-4633-85a4-b901f2ed1d17@group-5DBD8395D328-SegmentedRaftLogWorker for RaftStorageImpl:Storage Directory /home/runner/work/ozone/ozone/hadoop-ozone/integration-test/target/test-dir/MiniOzoneClusterImpl-a988f88d-4efe-430b-bf3c-a1e83706c790/datanode-6/data/ratis/68b86139-436e-42e7-a67e-5dbd8395d328
2022-10-22 01:06:10,381 [pool-210-thread-1] INFO  server.RaftServerConfigKeys (ConfUtils.java:logGet(46)) - raft.server.log.queue.byte-limit = 4294967296 (custom)
2022-10-22 01:06:10,381 [pool-210-thread-1] INFO  server.RaftServerConfigKeys (ConfUtils.java:logGet(46)) - raft.server.log.queue.element-limit = 1024 (custom)
2022-10-22 01:06:10,381 [pool-210-thread-1] INFO  server.RaftServerConfigKeys (ConfUtils.java:logGet(46)) - raft.server.log.segment.size.max = 1048576 (custom)
2022-10-22 01:06:10,381 [pool-210-thread-1] INFO  server.RaftServerConfigKeys (ConfUtils.java:logGet(46)) - raft.server.log.preallocated.size = 16384 (custom)
2022-10-22 01:06:10,381 [pool-210-thread-1] INFO  server.RaftServerConfigKeys (ConfUtils.java:logGet(46)) - raft.server.log.force.sync.num = 128 (default)
2022-10-22 01:06:10,381 [pool-210-thread-1] INFO  server.RaftServerConfigKeys (ConfUtils.java:logGet(46)) - raft.server.log.statemachine.data.sync = true (default)
2022-10-22 01:06:10,381 [pool-210-thread-1] INFO  server.RaftServerConfigKeys (ConfUtils.java:logGet(46)) - raft.server.log.statemachine.data.sync.timeout = 10s (default)
2022-10-22 01:06:10,381 [pool-210-thread-1] INFO  server.RaftServerConfigKeys (ConfUtils.java:logGet(46)) - raft.server.log.statemachine.data.sync.timeout.retry = -1 (default)
2022-10-22 01:06:10,382 [pool-210-thread-1] INFO  server.RaftServerConfigKeys (ConfUtils.java:logGet(46)) - raft.server.log.write.buffer.size = 1048576 (custom)
2022-10-22 01:06:10,382 [pool-210-thread-1] INFO  server.RaftServerConfigKeys (ConfUtils.java:logGet(46)) - raft.server.log.unsafe-flush.enabled = false (default)
2022-10-22 01:06:10,382 [pool-210-thread-1] INFO  server.RaftServerConfigKeys (ConfUtils.java:logGet(46)) - raft.server.log.async-flush.enabled = false (default)
2022-10-22 01:06:10,382 [pool-210-thread-1] INFO  server.RaftServerConfigKeys (ConfUtils.java:logGet(46)) - raft.server.log.statemachine.data.caching.enabled = true (custom)
2022-10-22 01:06:10,383 [pool-210-thread-1] INFO  segmented.SegmentedRaftLogWorker (SegmentedRaftLogWorker.java:lambda$new$0(136)) - 7c8777a1-edfb-4633-85a4-b901f2ed1d17@group-5DBD8395D328-SegmentedRaftLogWorker: flushIndex: setUnconditionally 0 -> -1
2022-10-22 01:06:10,383 [pool-210-thread-1] INFO  segmented.SegmentedRaftLogWorker (SegmentedRaftLogWorker.java:lambda$new$0(136)) - 7c8777a1-edfb-4633-85a4-b901f2ed1d17@group-5DBD8395D328-SegmentedRaftLogWorker: safeCacheEvictIndex: setUnconditionally 0 -> -1
2022-10-22 01:06:10,385 [EventQueue-OpenPipelineForHealthyPipelineSafeModeRule] INFO  safemode.SCMSafeModeManager (HealthyPipelineSafeModeRule.java:process(137)) - SCM in safe mode. Healthy pipelines reported count is 0, required healthy pipeline reported count is 1
2022-10-22 01:06:10,387 [pool-210-thread-1] INFO  server.RaftServer$Division (RaftServerImpl.java:start(334)) - 7c8777a1-edfb-4633-85a4-b901f2ed1d17@group-5DBD8395D328: start as a follower, conf=-1: peers:[7c8777a1-edfb-4633-85a4-b901f2ed1d17|rpc:10.1.0.62:42991|priority:1|startupRole:FOLLOWER, 075aeae4-9dac-4c28-be7c-8f8b2eb5b04f|rpc:10.1.0.62:36955|priority:0|startupRole:FOLLOWER, 9befe131-ee01-45a3-b6b9-b3ceb7636d7b|rpc:10.1.0.62:36783|priority:0|startupRole:FOLLOWER]|listeners:[], old=null
2022-10-22 01:06:10,387 [pool-210-thread-1] INFO  server.RaftServer$Division (RaftServerImpl.java:setRole(321)) - 7c8777a1-edfb-4633-85a4-b901f2ed1d17@group-5DBD8395D328: changes role from      null to FOLLOWER at term 0 for startAsFollower
2022-10-22 01:06:10,387 [pool-210-thread-1] INFO  impl.RoleInfo (RoleInfo.java:updateAndGet(139)) - 7c8777a1-edfb-4633-85a4-b901f2ed1d17: start 7c8777a1-edfb-4633-85a4-b901f2ed1d17@group-5DBD8395D328-FollowerState
2022-10-22 01:06:10,390 [pool-210-thread-1] INFO  util.JmxRegister (JmxRegister.java:tryRegister(44)) - Successfully registered JMX Bean with object name Ratis:service=RaftServer,group=group-5DBD8395D328,id=7c8777a1-edfb-4633-85a4-b901f2ed1d17
2022-10-22 01:06:10,390 [pool-210-thread-1] INFO  server.RaftServerConfigKeys (ConfUtils.java:logGet(46)) - raft.server.snapshot.auto.trigger.enabled = true (custom)
2022-10-22 01:06:10,390 [pool-210-thread-1] INFO  server.RaftServerConfigKeys (ConfUtils.java:logGet(46)) - raft.server.snapshot.auto.trigger.threshold = 10000 (custom)
2022-10-22 01:06:10,390 [pool-210-thread-1] INFO  server.RaftServerConfigKeys (ConfUtils.java:logGet(46)) - raft.server.snapshot.retention.file.num = 5 (custom)
2022-10-22 01:06:10,390 [pool-210-thread-1] INFO  server.RaftServerConfigKeys (ConfUtils.java:logGet(46)) - raft.server.log.purge.upto.snapshot.index = false (default)
2022-10-22 01:06:10,391 [7c8777a1-edfb-4633-85a4-b901f2ed1d17@group-5DBD8395D328-FollowerState] INFO  server.RaftServerConfigKeys (ConfUtils.java:logFallback(53)) - raft.server.rpc.first-election.timeout.min = 5s (fallback to raft.server.rpc.timeout.min)
2022-10-22 01:06:10,391 [7c8777a1-edfb-4633-85a4-b901f2ed1d17@group-5DBD8395D328-FollowerState] INFO  server.RaftServerConfigKeys (ConfUtils.java:logFallback(53)) - raft.server.rpc.first-election.timeout.max = 5200ms (fallback to raft.server.rpc.timeout.max)
2022-10-22 01:06:10,391 [Command processor thread] INFO  ratis.XceiverServerRatis (XceiverServerRatis.java:addGroup(765)) - Created group PipelineID=68b86139-436e-42e7-a67e-5dbd8395d328
2022-10-22 01:06:10,404 [grpc-default-executor-1] INFO  server.RaftServer (RaftServerProxy.java:addNew(96)) - 9befe131-ee01-45a3-b6b9-b3ceb7636d7b: addNew group-5DBD8395D328:[7c8777a1-edfb-4633-85a4-b901f2ed1d17|rpc:10.1.0.62:42991|dataStream:|priority:1|startupRole:FOLLOWER, 075aeae4-9dac-4c28-be7c-8f8b2eb5b04f|rpc:10.1.0.62:36955|dataStream:|priority:0|startupRole:FOLLOWER, 9befe131-ee01-45a3-b6b9-b3ceb7636d7b|rpc:10.1.0.62:36783|dataStream:|priority:0|startupRole:FOLLOWER] returns group-5DBD8395D328:java.util.concurrent.CompletableFuture@1363785d[Not completed]
2022-10-22 01:06:10,406 [pool-264-thread-1] INFO  server.RaftServer$Division (RaftServerImpl.java:<init>(195)) - 9befe131-ee01-45a3-b6b9-b3ceb7636d7b: new RaftServerImpl for group-5DBD8395D328:[7c8777a1-edfb-4633-85a4-b901f2ed1d17|rpc:10.1.0.62:42991|dataStream:|priority:1|startupRole:FOLLOWER, 075aeae4-9dac-4c28-be7c-8f8b2eb5b04f|rpc:10.1.0.62:36955|dataStream:|priority:0|startupRole:FOLLOWER, 9befe131-ee01-45a3-b6b9-b3ceb7636d7b|rpc:10.1.0.62:36783|dataStream:|priority:0|startupRole:FOLLOWER] with ContainerStateMachine:uninitialized
2022-10-22 01:06:10,406 [pool-264-thread-1] INFO  server.RaftServerConfigKeys (ConfUtils.java:logGet(46)) - raft.server.rpc.timeout.min = 5s (custom)
2022-10-22 01:06:10,406 [pool-264-thread-1] INFO  server.RaftServerConfigKeys (ConfUtils.java:logGet(46)) - raft.server.rpc.timeout.max = 5200ms (custom)
2022-10-22 01:06:10,406 [pool-264-thread-1] INFO  server.RaftServerConfigKeys (ConfUtils.java:logGet(46)) - raft.server.rpc.sleep.time = 25ms (default)
2022-10-22 01:06:10,406 [pool-264-thread-1] INFO  server.RaftServerConfigKeys (ConfUtils.java:logGet(46)) - raft.server.rpc.slowness.timeout = 300s (custom)
2022-10-22 01:06:10,406 [pool-264-thread-1] INFO  server.RaftServerConfigKeys (ConfUtils.java:logGet(46)) - raft.server.leaderelection.leader.step-down.wait-time = 10s (default)
2022-10-22 01:06:10,406 [pool-264-thread-1] INFO  server.RaftServerConfigKeys (ConfUtils.java:logGet(46)) - raft.server.sleep.deviation.threshold = 300ms (default)
2022-10-22 01:06:10,406 [pool-264-thread-1] INFO  server.RaftServer$Division (ServerState.java:<init>(118)) - 9befe131-ee01-45a3-b6b9-b3ceb7636d7b@group-5DBD8395D328: ConfigurationManager, init=-1: peers:[7c8777a1-edfb-4633-85a4-b901f2ed1d17|rpc:10.1.0.62:42991|dataStream:|priority:1|startupRole:FOLLOWER, 075aeae4-9dac-4c28-be7c-8f8b2eb5b04f|rpc:10.1.0.62:36955|dataStream:|priority:0|startupRole:FOLLOWER, 9befe131-ee01-45a3-b6b9-b3ceb7636d7b|rpc:10.1.0.62:36783|dataStream:|priority:0|startupRole:FOLLOWER]|listeners:[], old=null, confs=<EMPTY_MAP>
2022-10-22 01:06:10,406 [pool-264-thread-1] INFO  server.RaftServerConfigKeys (ConfUtils.java:logGet(46)) - raft.server.storage.dir = [/home/runner/work/ozone/ozone/hadoop-ozone/integration-test/target/test-dir/MiniOzoneClusterImpl-a988f88d-4efe-430b-bf3c-a1e83706c790/datanode-8/data/ratis] (custom)
2022-10-22 01:06:10,406 [pool-264-thread-1] INFO  server.RaftServerConfigKeys (ConfUtils.java:logGet(46)) - raft.server.log.corruption.policy = EXCEPTION (default)
2022-10-22 01:06:10,406 [pool-264-thread-1] INFO  server.RaftServerConfigKeys (ConfUtils.java:logGet(46)) - raft.server.storage.free-space.min = 0MB (=0) (default)
2022-10-22 01:06:10,406 [pool-264-thread-1] INFO  server.RaftServerConfigKeys (ConfUtils.java:logGet(46)) - raft.server.notification.no-leader.timeout = 300s (custom)
2022-10-22 01:06:10,406 [pool-264-thread-1] INFO  server.RaftServerConfigKeys (ConfUtils.java:logGet(46)) - raft.server.retrycache.expirytime = 600000ms (custom)
2022-10-22 01:06:10,406 [pool-264-thread-1] INFO  server.RaftServerConfigKeys (ConfUtils.java:logGet(46)) - raft.server.retrycache.statistics.expirytime = 100μs (default)
2022-10-22 01:06:10,411 [pool-264-thread-1] INFO  server.RaftServerConfigKeys (ConfUtils.java:logGet(46)) - raft.server.log.appender.install.snapshot.enabled = false (custom)
2022-10-22 01:06:10,411 [pool-264-thread-1] INFO  server.RaftServerConfigKeys (ConfUtils.java:logGet(46)) - raft.server.threadpool.server.cached = true (default)
2022-10-22 01:06:10,411 [pool-264-thread-1] INFO  server.RaftServerConfigKeys (ConfUtils.java:logGet(46)) - raft.server.threadpool.server.size = 0 (default)
2022-10-22 01:06:10,411 [pool-264-thread-1] INFO  server.RaftServerConfigKeys (ConfUtils.java:logGet(46)) - raft.server.threadpool.client.cached = true (default)
2022-10-22 01:06:10,411 [pool-264-thread-1] INFO  server.RaftServerConfigKeys (ConfUtils.java:logGet(46)) - raft.server.threadpool.client.size = 0 (default)
2022-10-22 01:06:10,411 [pool-264-thread-1] INFO  storage.RaftStorageDirectory (RaftStorageDirectoryImpl.java:analyzeStorage(137)) - The storage directory /home/runner/work/ozone/ozone/hadoop-ozone/integration-test/target/test-dir/MiniOzoneClusterImpl-a988f88d-4efe-430b-bf3c-a1e83706c790/datanode-8/data/ratis/68b86139-436e-42e7-a67e-5dbd8395d328 does not exist. Creating ...
2022-10-22 01:06:10,412 [pool-264-thread-1] INFO  storage.RaftStorageDirectory (RaftStorageDirectoryImpl.java:tryLock(231)) - Lock on /home/runner/work/ozone/ozone/hadoop-ozone/integration-test/target/test-dir/MiniOzoneClusterImpl-a988f88d-4efe-430b-bf3c-a1e83706c790/datanode-8/data/ratis/68b86139-436e-42e7-a67e-5dbd8395d328/in_use.lock acquired by nodename 13814@fv-az334-928
2022-10-22 01:06:10,413 [pool-264-thread-1] INFO  storage.RaftStorage (RaftStorageImpl.java:format(96)) - Storage directory /home/runner/work/ozone/ozone/hadoop-ozone/integration-test/target/test-dir/MiniOzoneClusterImpl-a988f88d-4efe-430b-bf3c-a1e83706c790/datanode-8/data/ratis/68b86139-436e-42e7-a67e-5dbd8395d328 has been successfully formatted.
2022-10-22 01:06:10,414 [pool-264-thread-1] INFO  ratis.ContainerStateMachine (ContainerStateMachine.java:loadSnapshot(236)) - group-5DBD8395D328: The snapshot info is null. Setting the last applied indexto:(t:0, i:~)
2022-10-22 01:06:10,414 [pool-264-thread-1] INFO  server.RaftServerConfigKeys (ConfUtils.java:logGet(46)) - raft.server.log.use.memory = false (default)
2022-10-22 01:06:10,414 [pool-264-thread-1] INFO  server.RaftServerConfigKeys (ConfUtils.java:logGet(46)) - raft.server.log.purge.gap = 1000000 (custom)
2022-10-22 01:06:10,414 [pool-264-thread-1] INFO  server.RaftServerConfigKeys (ConfUtils.java:logGet(46)) - raft.server.log.appender.buffer.byte-limit = 33554432 (custom)
2022-10-22 01:06:10,414 [pool-264-thread-1] INFO  server.RaftServerConfigKeys (ConfUtils.java:logGet(46)) - raft.server.log.statemachine.data.read.timeout = 1000ms (default)
2022-10-22 01:06:10,414 [pool-264-thread-1] INFO  server.RaftServerConfigKeys (ConfUtils.java:logGet(46)) - raft.server.log.purge.preservation.log.num = 0 (default)
2022-10-22 01:06:10,414 [pool-264-thread-1] INFO  server.RaftServerConfigKeys (ConfUtils.java:logGet(46)) - raft.server.log.segment.size.max = 1048576 (custom)
2022-10-22 01:06:10,414 [pool-264-thread-1] INFO  server.RaftServerConfigKeys (ConfUtils.java:logGet(46)) - raft.server.log.segment.cache.num.max = 2 (custom)
2022-10-22 01:06:10,415 [pool-264-thread-1] INFO  server.RaftServerConfigKeys (ConfUtils.java:logGet(46)) - raft.server.log.segment.cache.size.max = 200MB (=209715200) (default)
2022-10-22 01:06:10,415 [pool-264-thread-1] INFO  segmented.SegmentedRaftLogWorker (SegmentedRaftLogWorker.java:<init>(191)) - new 9befe131-ee01-45a3-b6b9-b3ceb7636d7b@group-5DBD8395D328-SegmentedRaftLogWorker for RaftStorageImpl:Storage Directory /home/runner/work/ozone/ozone/hadoop-ozone/integration-test/target/test-dir/MiniOzoneClusterImpl-a988f88d-4efe-430b-bf3c-a1e83706c790/datanode-8/data/ratis/68b86139-436e-42e7-a67e-5dbd8395d328
2022-10-22 01:06:10,415 [pool-264-thread-1] INFO  server.RaftServerConfigKeys (ConfUtils.java:logGet(46)) - raft.server.log.queue.byte-limit = 4294967296 (custom)
2022-10-22 01:06:10,415 [pool-264-thread-1] INFO  server.RaftServerConfigKeys (ConfUtils.java:logGet(46)) - raft.server.log.queue.element-limit = 1024 (custom)
2022-10-22 01:06:10,415 [pool-264-thread-1] INFO  server.RaftServerConfigKeys (ConfUtils.java:logGet(46)) - raft.server.log.segment.size.max = 1048576 (custom)
2022-10-22 01:06:10,415 [pool-264-thread-1] INFO  server.RaftServerConfigKeys (ConfUtils.java:logGet(46)) - raft.server.log.preallocated.size = 16384 (custom)
2022-10-22 01:06:10,415 [pool-264-thread-1] INFO  server.RaftServerConfigKeys (ConfUtils.java:logGet(46)) - raft.server.log.force.sync.num = 128 (default)
2022-10-22 01:06:10,415 [pool-264-thread-1] INFO  server.RaftServerConfigKeys (ConfUtils.java:logGet(46)) - raft.server.log.statemachine.data.sync = true (default)
2022-10-22 01:06:10,415 [pool-264-thread-1] INFO  server.RaftServerConfigKeys (ConfUtils.java:logGet(46)) - raft.server.log.statemachine.data.sync.timeout = 10s (default)
2022-10-22 01:06:10,415 [pool-264-thread-1] INFO  server.RaftServerConfigKeys (ConfUtils.java:logGet(46)) - raft.server.log.statemachine.data.sync.timeout.retry = -1 (default)
2022-10-22 01:06:10,416 [pool-264-thread-1] INFO  server.RaftServerConfigKeys (ConfUtils.java:logGet(46)) - raft.server.log.write.buffer.size = 1048576 (custom)
2022-10-22 01:06:10,416 [pool-264-thread-1] INFO  server.RaftServerConfigKeys (ConfUtils.java:logGet(46)) - raft.server.log.unsafe-flush.enabled = false (default)
2022-10-22 01:06:10,416 [pool-264-thread-1] INFO  server.RaftServerConfigKeys (ConfUtils.java:logGet(46)) - raft.server.log.async-flush.enabled = false (default)
2022-10-22 01:06:10,416 [pool-264-thread-1] INFO  server.RaftServerConfigKeys (ConfUtils.java:logGet(46)) - raft.server.log.statemachine.data.caching.enabled = true (custom)
2022-10-22 01:06:10,416 [pool-264-thread-1] INFO  segmented.SegmentedRaftLogWorker (SegmentedRaftLogWorker.java:lambda$new$0(136)) - 9befe131-ee01-45a3-b6b9-b3ceb7636d7b@group-5DBD8395D328-SegmentedRaftLogWorker: flushIndex: setUnconditionally 0 -> -1
2022-10-22 01:06:10,416 [pool-264-thread-1] INFO  segmented.SegmentedRaftLogWorker (SegmentedRaftLogWorker.java:lambda$new$0(136)) - 9befe131-ee01-45a3-b6b9-b3ceb7636d7b@group-5DBD8395D328-SegmentedRaftLogWorker: safeCacheEvictIndex: setUnconditionally 0 -> -1
2022-10-22 01:06:10,417 [pool-264-thread-1] INFO  server.RaftServer$Division (RaftServerImpl.java:start(334)) - 9befe131-ee01-45a3-b6b9-b3ceb7636d7b@group-5DBD8395D328: start as a follower, conf=-1: peers:[7c8777a1-edfb-4633-85a4-b901f2ed1d17|rpc:10.1.0.62:42991|dataStream:|priority:1|startupRole:FOLLOWER, 075aeae4-9dac-4c28-be7c-8f8b2eb5b04f|rpc:10.1.0.62:36955|dataStream:|priority:0|startupRole:FOLLOWER, 9befe131-ee01-45a3-b6b9-b3ceb7636d7b|rpc:10.1.0.62:36783|dataStream:|priority:0|startupRole:FOLLOWER]|listeners:[], old=null
2022-10-22 01:06:10,417 [pool-264-thread-1] INFO  server.RaftServer$Division (RaftServerImpl.java:setRole(321)) - 9befe131-ee01-45a3-b6b9-b3ceb7636d7b@group-5DBD8395D328: changes role from      null to FOLLOWER at term 0 for startAsFollower
2022-10-22 01:06:10,417 [pool-264-thread-1] INFO  impl.RoleInfo (RoleInfo.java:updateAndGet(139)) - 9befe131-ee01-45a3-b6b9-b3ceb7636d7b: start 9befe131-ee01-45a3-b6b9-b3ceb7636d7b@group-5DBD8395D328-FollowerState
2022-10-22 01:06:10,417 [pool-264-thread-1] INFO  util.JmxRegister (JmxRegister.java:tryRegister(44)) - Successfully registered JMX Bean with object name Ratis:service=RaftServer,group=group-5DBD8395D328,id=9befe131-ee01-45a3-b6b9-b3ceb7636d7b
2022-10-22 01:06:10,417 [pool-264-thread-1] INFO  server.RaftServerConfigKeys (ConfUtils.java:logGet(46)) - raft.server.snapshot.auto.trigger.enabled = true (custom)
2022-10-22 01:06:10,417 [pool-264-thread-1] INFO  server.RaftServerConfigKeys (ConfUtils.java:logGet(46)) - raft.server.snapshot.auto.trigger.threshold = 10000 (custom)
2022-10-22 01:06:10,417 [pool-264-thread-1] INFO  server.RaftServerConfigKeys (ConfUtils.java:logGet(46)) - raft.server.snapshot.retention.file.num = 5 (custom)
2022-10-22 01:06:10,417 [pool-264-thread-1] INFO  server.RaftServerConfigKeys (ConfUtils.java:logGet(46)) - raft.server.log.purge.upto.snapshot.index = false (default)
2022-10-22 01:06:10,418 [9befe131-ee01-45a3-b6b9-b3ceb7636d7b@group-5DBD8395D328-FollowerState] INFO  server.RaftServerConfigKeys (ConfUtils.java:logFallback(53)) - raft.server.rpc.first-election.timeout.min = 5s (fallback to raft.server.rpc.timeout.min)
2022-10-22 01:06:10,427 [9befe131-ee01-45a3-b6b9-b3ceb7636d7b@group-5DBD8395D328-FollowerState] INFO  server.RaftServerConfigKeys (ConfUtils.java:logFallback(53)) - raft.server.rpc.first-election.timeout.max = 5200ms (fallback to raft.server.rpc.timeout.max)
2022-10-22 01:06:10,451 [grpc-default-executor-1] INFO  server.RaftServer (RaftServerProxy.java:addNew(96)) - 075aeae4-9dac-4c28-be7c-8f8b2eb5b04f: addNew group-5DBD8395D328:[7c8777a1-edfb-4633-85a4-b901f2ed1d17|rpc:10.1.0.62:42991|dataStream:|priority:1|startupRole:FOLLOWER, 075aeae4-9dac-4c28-be7c-8f8b2eb5b04f|rpc:10.1.0.62:36955|dataStream:|priority:0|startupRole:FOLLOWER, 9befe131-ee01-45a3-b6b9-b3ceb7636d7b|rpc:10.1.0.62:36783|dataStream:|priority:0|startupRole:FOLLOWER] returns group-5DBD8395D328:java.util.concurrent.CompletableFuture@4682b169[Not completed]
2022-10-22 01:06:10,452 [pool-237-thread-1] INFO  server.RaftServer$Division (RaftServerImpl.java:<init>(195)) - 075aeae4-9dac-4c28-be7c-8f8b2eb5b04f: new RaftServerImpl for group-5DBD8395D328:[7c8777a1-edfb-4633-85a4-b901f2ed1d17|rpc:10.1.0.62:42991|dataStream:|priority:1|startupRole:FOLLOWER, 075aeae4-9dac-4c28-be7c-8f8b2eb5b04f|rpc:10.1.0.62:36955|dataStream:|priority:0|startupRole:FOLLOWER, 9befe131-ee01-45a3-b6b9-b3ceb7636d7b|rpc:10.1.0.62:36783|dataStream:|priority:0|startupRole:FOLLOWER] with ContainerStateMachine:uninitialized
2022-10-22 01:06:10,452 [pool-237-thread-1] INFO  server.RaftServerConfigKeys (ConfUtils.java:logGet(46)) - raft.server.rpc.timeout.min = 5s (custom)
2022-10-22 01:06:10,452 [pool-237-thread-1] INFO  server.RaftServerConfigKeys (ConfUtils.java:logGet(46)) - raft.server.rpc.timeout.max = 5200ms (custom)
2022-10-22 01:06:10,452 [pool-237-thread-1] INFO  server.RaftServerConfigKeys (ConfUtils.java:logGet(46)) - raft.server.rpc.sleep.time = 25ms (default)
2022-10-22 01:06:10,452 [pool-237-thread-1] INFO  server.RaftServerConfigKeys (ConfUtils.java:logGet(46)) - raft.server.rpc.slowness.timeout = 300s (custom)
2022-10-22 01:06:10,452 [pool-237-thread-1] INFO  server.RaftServerConfigKeys (ConfUtils.java:logGet(46)) - raft.server.leaderelection.leader.step-down.wait-time = 10s (default)
2022-10-22 01:06:10,452 [pool-237-thread-1] INFO  server.RaftServerConfigKeys (ConfUtils.java:logGet(46)) - raft.server.sleep.deviation.threshold = 300ms (default)
2022-10-22 01:06:10,452 [pool-237-thread-1] INFO  server.RaftServer$Division (ServerState.java:<init>(118)) - 075aeae4-9dac-4c28-be7c-8f8b2eb5b04f@group-5DBD8395D328: ConfigurationManager, init=-1: peers:[7c8777a1-edfb-4633-85a4-b901f2ed1d17|rpc:10.1.0.62:42991|dataStream:|priority:1|startupRole:FOLLOWER, 075aeae4-9dac-4c28-be7c-8f8b2eb5b04f|rpc:10.1.0.62:36955|dataStream:|priority:0|startupRole:FOLLOWER, 9befe131-ee01-45a3-b6b9-b3ceb7636d7b|rpc:10.1.0.62:36783|dataStream:|priority:0|startupRole:FOLLOWER]|listeners:[], old=null, confs=<EMPTY_MAP>
2022-10-22 01:06:10,452 [pool-237-thread-1] INFO  server.RaftServerConfigKeys (ConfUtils.java:logGet(46)) - raft.server.storage.dir = [/home/runner/work/ozone/ozone/hadoop-ozone/integration-test/target/test-dir/MiniOzoneClusterImpl-a988f88d-4efe-430b-bf3c-a1e83706c790/datanode-7/data/ratis] (custom)
2022-10-22 01:06:10,452 [pool-237-thread-1] INFO  server.RaftServerConfigKeys (ConfUtils.java:logGet(46)) - raft.server.log.corruption.policy = EXCEPTION (default)
2022-10-22 01:06:10,452 [pool-237-thread-1] INFO  server.RaftServerConfigKeys (ConfUtils.java:logGet(46)) - raft.server.storage.free-space.min = 0MB (=0) (default)
2022-10-22 01:06:10,452 [pool-237-thread-1] INFO  server.RaftServerConfigKeys (ConfUtils.java:logGet(46)) - raft.server.notification.no-leader.timeout = 300s (custom)
2022-10-22 01:06:10,452 [pool-237-thread-1] INFO  server.RaftServerConfigKeys (ConfUtils.java:logGet(46)) - raft.server.retrycache.expirytime = 600000ms (custom)
2022-10-22 01:06:10,452 [pool-237-thread-1] INFO  server.RaftServerConfigKeys (ConfUtils.java:logGet(46)) - raft.server.retrycache.statistics.expirytime = 100μs (default)
2022-10-22 01:06:10,455 [pool-237-thread-1] INFO  server.RaftServerConfigKeys (ConfUtils.java:logGet(46)) - raft.server.log.appender.install.snapshot.enabled = false (custom)
2022-10-22 01:06:10,455 [pool-237-thread-1] INFO  server.RaftServerConfigKeys (ConfUtils.java:logGet(46)) - raft.server.threadpool.server.cached = true (default)
2022-10-22 01:06:10,455 [pool-237-thread-1] INFO  server.RaftServerConfigKeys (ConfUtils.java:logGet(46)) - raft.server.threadpool.server.size = 0 (default)
2022-10-22 01:06:10,455 [pool-237-thread-1] INFO  server.RaftServerConfigKeys (ConfUtils.java:logGet(46)) - raft.server.threadpool.client.cached = true (default)
2022-10-22 01:06:10,455 [pool-237-thread-1] INFO  server.RaftServerConfigKeys (ConfUtils.java:logGet(46)) - raft.server.threadpool.client.size = 0 (default)
2022-10-22 01:06:10,455 [pool-237-thread-1] INFO  storage.RaftStorageDirectory (RaftStorageDirectoryImpl.java:analyzeStorage(137)) - The storage directory /home/runner/work/ozone/ozone/hadoop-ozone/integration-test/target/test-dir/MiniOzoneClusterImpl-a988f88d-4efe-430b-bf3c-a1e83706c790/datanode-7/data/ratis/68b86139-436e-42e7-a67e-5dbd8395d328 does not exist. Creating ...
2022-10-22 01:06:10,456 [pool-237-thread-1] INFO  storage.RaftStorageDirectory (RaftStorageDirectoryImpl.java:tryLock(231)) - Lock on /home/runner/work/ozone/ozone/hadoop-ozone/integration-test/target/test-dir/MiniOzoneClusterImpl-a988f88d-4efe-430b-bf3c-a1e83706c790/datanode-7/data/ratis/68b86139-436e-42e7-a67e-5dbd8395d328/in_use.lock acquired by nodename 13814@fv-az334-928
2022-10-22 01:06:10,457 [pool-237-thread-1] INFO  storage.RaftStorage (RaftStorageImpl.java:format(96)) - Storage directory /home/runner/work/ozone/ozone/hadoop-ozone/integration-test/target/test-dir/MiniOzoneClusterImpl-a988f88d-4efe-430b-bf3c-a1e83706c790/datanode-7/data/ratis/68b86139-436e-42e7-a67e-5dbd8395d328 has been successfully formatted.
2022-10-22 01:06:10,461 [pool-237-thread-1] INFO  ratis.ContainerStateMachine (ContainerStateMachine.java:loadSnapshot(236)) - group-5DBD8395D328: The snapshot info is null. Setting the last applied indexto:(t:0, i:~)
2022-10-22 01:06:10,461 [pool-237-thread-1] INFO  server.RaftServerConfigKeys (ConfUtils.java:logGet(46)) - raft.server.log.use.memory = false (default)
2022-10-22 01:06:10,461 [pool-237-thread-1] INFO  server.RaftServerConfigKeys (ConfUtils.java:logGet(46)) - raft.server.log.purge.gap = 1000000 (custom)
2022-10-22 01:06:10,461 [pool-237-thread-1] INFO  server.RaftServerConfigKeys (ConfUtils.java:logGet(46)) - raft.server.log.appender.buffer.byte-limit = 33554432 (custom)
2022-10-22 01:06:10,461 [pool-237-thread-1] INFO  server.RaftServerConfigKeys (ConfUtils.java:logGet(46)) - raft.server.log.statemachine.data.read.timeout = 1000ms (default)
2022-10-22 01:06:10,461 [pool-237-thread-1] INFO  server.RaftServerConfigKeys (ConfUtils.java:logGet(46)) - raft.server.log.purge.preservation.log.num = 0 (default)
2022-10-22 01:06:10,462 [pool-237-thread-1] INFO  server.RaftServerConfigKeys (ConfUtils.java:logGet(46)) - raft.server.log.segment.size.max = 1048576 (custom)
2022-10-22 01:06:10,462 [pool-237-thread-1] INFO  server.RaftServerConfigKeys (ConfUtils.java:logGet(46)) - raft.server.log.segment.cache.num.max = 2 (custom)
2022-10-22 01:06:10,462 [pool-237-thread-1] INFO  server.RaftServerConfigKeys (ConfUtils.java:logGet(46)) - raft.server.log.segment.cache.size.max = 200MB (=209715200) (default)
2022-10-22 01:06:10,462 [pool-237-thread-1] INFO  segmented.SegmentedRaftLogWorker (SegmentedRaftLogWorker.java:<init>(191)) - new 075aeae4-9dac-4c28-be7c-8f8b2eb5b04f@group-5DBD8395D328-SegmentedRaftLogWorker for RaftStorageImpl:Storage Directory /home/runner/work/ozone/ozone/hadoop-ozone/integration-test/target/test-dir/MiniOzoneClusterImpl-a988f88d-4efe-430b-bf3c-a1e83706c790/datanode-7/data/ratis/68b86139-436e-42e7-a67e-5dbd8395d328
2022-10-22 01:06:10,462 [pool-237-thread-1] INFO  server.RaftServerConfigKeys (ConfUtils.java:logGet(46)) - raft.server.log.queue.byte-limit = 4294967296 (custom)
2022-10-22 01:06:10,462 [pool-237-thread-1] INFO  server.RaftServerConfigKeys (ConfUtils.java:logGet(46)) - raft.server.log.queue.element-limit = 1024 (custom)
2022-10-22 01:06:10,462 [pool-237-thread-1] INFO  server.RaftServerConfigKeys (ConfUtils.java:logGet(46)) - raft.server.log.segment.size.max = 1048576 (custom)
2022-10-22 01:06:10,462 [pool-237-thread-1] INFO  server.RaftServerConfigKeys (ConfUtils.java:logGet(46)) - raft.server.log.preallocated.size = 16384 (custom)
2022-10-22 01:06:10,462 [pool-237-thread-1] INFO  server.RaftServerConfigKeys (ConfUtils.java:logGet(46)) - raft.server.log.force.sync.num = 128 (default)
2022-10-22 01:06:10,462 [pool-237-thread-1] INFO  server.RaftServerConfigKeys (ConfUtils.java:logGet(46)) - raft.server.log.statemachine.data.sync = true (default)
2022-10-22 01:06:10,462 [pool-237-thread-1] INFO  server.RaftServerConfigKeys (ConfUtils.java:logGet(46)) - raft.server.log.statemachine.data.sync.timeout = 10s (default)
2022-10-22 01:06:10,462 [pool-237-thread-1] INFO  server.RaftServerConfigKeys (ConfUtils.java:logGet(46)) - raft.server.log.statemachine.data.sync.timeout.retry = -1 (default)
2022-10-22 01:06:10,466 [pool-237-thread-1] INFO  server.RaftServerConfigKeys (ConfUtils.java:logGet(46)) - raft.server.log.write.buffer.size = 1048576 (custom)
2022-10-22 01:06:10,466 [pool-237-thread-1] INFO  server.RaftServerConfigKeys (ConfUtils.java:logGet(46)) - raft.server.log.unsafe-flush.enabled = false (default)
2022-10-22 01:06:10,466 [pool-237-thread-1] INFO  server.RaftServerConfigKeys (ConfUtils.java:logGet(46)) - raft.server.log.async-flush.enabled = false (default)
2022-10-22 01:06:10,466 [pool-237-thread-1] INFO  server.RaftServerConfigKeys (ConfUtils.java:logGet(46)) - raft.server.log.statemachine.data.caching.enabled = true (custom)
2022-10-22 01:06:10,466 [pool-237-thread-1] INFO  segmented.SegmentedRaftLogWorker (SegmentedRaftLogWorker.java:lambda$new$0(136)) - 075aeae4-9dac-4c28-be7c-8f8b2eb5b04f@group-5DBD8395D328-SegmentedRaftLogWorker: flushIndex: setUnconditionally 0 -> -1
2022-10-22 01:06:10,466 [pool-237-thread-1] INFO  segmented.SegmentedRaftLogWorker (SegmentedRaftLogWorker.java:lambda$new$0(136)) - 075aeae4-9dac-4c28-be7c-8f8b2eb5b04f@group-5DBD8395D328-SegmentedRaftLogWorker: safeCacheEvictIndex: setUnconditionally 0 -> -1
2022-10-22 01:06:10,469 [pool-237-thread-1] INFO  server.RaftServer$Division (RaftServerImpl.java:start(334)) - 075aeae4-9dac-4c28-be7c-8f8b2eb5b04f@group-5DBD8395D328: start as a follower, conf=-1: peers:[7c8777a1-edfb-4633-85a4-b901f2ed1d17|rpc:10.1.0.62:42991|dataStream:|priority:1|startupRole:FOLLOWER, 075aeae4-9dac-4c28-be7c-8f8b2eb5b04f|rpc:10.1.0.62:36955|dataStream:|priority:0|startupRole:FOLLOWER, 9befe131-ee01-45a3-b6b9-b3ceb7636d7b|rpc:10.1.0.62:36783|dataStream:|priority:0|startupRole:FOLLOWER]|listeners:[], old=null
2022-10-22 01:06:10,469 [pool-237-thread-1] INFO  server.RaftServer$Division (RaftServerImpl.java:setRole(321)) - 075aeae4-9dac-4c28-be7c-8f8b2eb5b04f@group-5DBD8395D328: changes role from      null to FOLLOWER at term 0 for startAsFollower
2022-10-22 01:06:10,469 [pool-237-thread-1] INFO  impl.RoleInfo (RoleInfo.java:updateAndGet(139)) - 075aeae4-9dac-4c28-be7c-8f8b2eb5b04f: start 075aeae4-9dac-4c28-be7c-8f8b2eb5b04f@group-5DBD8395D328-FollowerState
2022-10-22 01:06:10,470 [pool-237-thread-1] INFO  util.JmxRegister (JmxRegister.java:tryRegister(44)) - Successfully registered JMX Bean with object name Ratis:service=RaftServer,group=group-5DBD8395D328,id=075aeae4-9dac-4c28-be7c-8f8b2eb5b04f
2022-10-22 01:06:10,470 [pool-237-thread-1] INFO  server.RaftServerConfigKeys (ConfUtils.java:logGet(46)) - raft.server.snapshot.auto.trigger.enabled = true (custom)
2022-10-22 01:06:10,470 [pool-237-thread-1] INFO  server.RaftServerConfigKeys (ConfUtils.java:logGet(46)) - raft.server.snapshot.auto.trigger.threshold = 10000 (custom)
2022-10-22 01:06:10,470 [pool-237-thread-1] INFO  server.RaftServerConfigKeys (ConfUtils.java:logGet(46)) - raft.server.snapshot.retention.file.num = 5 (custom)
2022-10-22 01:06:10,470 [pool-237-thread-1] INFO  server.RaftServerConfigKeys (ConfUtils.java:logGet(46)) - raft.server.log.purge.upto.snapshot.index = false (default)
2022-10-22 01:06:10,475 [075aeae4-9dac-4c28-be7c-8f8b2eb5b04f@group-5DBD8395D328-FollowerState] INFO  server.RaftServerConfigKeys (ConfUtils.java:logFallback(53)) - raft.server.rpc.first-election.timeout.min = 5s (fallback to raft.server.rpc.timeout.min)
2022-10-22 01:06:10,477 [075aeae4-9dac-4c28-be7c-8f8b2eb5b04f@group-5DBD8395D328-FollowerState] INFO  server.RaftServerConfigKeys (ConfUtils.java:logFallback(53)) - raft.server.rpc.first-election.timeout.max = 5200ms (fallback to raft.server.rpc.timeout.max)
2022-10-22 01:06:10,479 [Command processor thread] INFO  commandhandler.CreatePipelineCommandHandler (CreatePipelineCommandHandler.java:handle(113)) - Created Pipeline RATIS THREE PipelineID=68b86139-436e-42e7-a67e-5dbd8395d328.
2022-10-22 01:06:10,479 [Command processor thread] INFO  server.RaftServer (RaftServerProxy.java:addNew(96)) - 7c8777a1-edfb-4633-85a4-b901f2ed1d17: addNew group-AF50F2D84CC3:[7c8777a1-edfb-4633-85a4-b901f2ed1d17|rpc:10.1.0.62:42991|priority:0|startupRole:FOLLOWER, 075aeae4-9dac-4c28-be7c-8f8b2eb5b04f|rpc:10.1.0.62:36955|priority:0|startupRole:FOLLOWER, 9befe131-ee01-45a3-b6b9-b3ceb7636d7b|rpc:10.1.0.62:36783|priority:1|startupRole:FOLLOWER] returns group-AF50F2D84CC3:java.util.concurrent.CompletableFuture@57280e9e[Not completed]
2022-10-22 01:06:10,480 [pool-210-thread-1] INFO  server.RaftServer$Division (RaftServerImpl.java:<init>(195)) - 7c8777a1-edfb-4633-85a4-b901f2ed1d17: new RaftServerImpl for group-AF50F2D84CC3:[7c8777a1-edfb-4633-85a4-b901f2ed1d17|rpc:10.1.0.62:42991|priority:0|startupRole:FOLLOWER, 075aeae4-9dac-4c28-be7c-8f8b2eb5b04f|rpc:10.1.0.62:36955|priority:0|startupRole:FOLLOWER, 9befe131-ee01-45a3-b6b9-b3ceb7636d7b|rpc:10.1.0.62:36783|priority:1|startupRole:FOLLOWER] with ContainerStateMachine:uninitialized
2022-10-22 01:06:10,480 [pool-210-thread-1] INFO  server.RaftServerConfigKeys (ConfUtils.java:logGet(46)) - raft.server.rpc.timeout.min = 5s (custom)
2022-10-22 01:06:10,480 [pool-210-thread-1] INFO  server.RaftServerConfigKeys (ConfUtils.java:logGet(46)) - raft.server.rpc.timeout.max = 5200ms (custom)
2022-10-22 01:06:10,480 [pool-210-thread-1] INFO  server.RaftServerConfigKeys (ConfUtils.java:logGet(46)) - raft.server.rpc.sleep.time = 25ms (default)
2022-10-22 01:06:10,480 [pool-210-thread-1] INFO  server.RaftServerConfigKeys (ConfUtils.java:logGet(46)) - raft.server.rpc.slowness.timeout = 300s (custom)
2022-10-22 01:06:10,480 [pool-210-thread-1] INFO  server.RaftServerConfigKeys (ConfUtils.java:logGet(46)) - raft.server.leaderelection.leader.step-down.wait-time = 10s (default)
2022-10-22 01:06:10,480 [pool-210-thread-1] INFO  server.RaftServerConfigKeys (ConfUtils.java:logGet(46)) - raft.server.sleep.deviation.threshold = 300ms (default)
2022-10-22 01:06:10,480 [pool-210-thread-1] INFO  server.RaftServer$Division (ServerState.java:<init>(118)) - 7c8777a1-edfb-4633-85a4-b901f2ed1d17@group-AF50F2D84CC3: ConfigurationManager, init=-1: peers:[7c8777a1-edfb-4633-85a4-b901f2ed1d17|rpc:10.1.0.62:42991|priority:0|startupRole:FOLLOWER, 075aeae4-9dac-4c28-be7c-8f8b2eb5b04f|rpc:10.1.0.62:36955|priority:0|startupRole:FOLLOWER, 9befe131-ee01-45a3-b6b9-b3ceb7636d7b|rpc:10.1.0.62:36783|priority:1|startupRole:FOLLOWER]|listeners:[], old=null, confs=<EMPTY_MAP>
2022-10-22 01:06:10,480 [pool-210-thread-1] INFO  server.RaftServerConfigKeys (ConfUtils.java:logGet(46)) - raft.server.storage.dir = [/home/runner/work/ozone/ozone/hadoop-ozone/integration-test/target/test-dir/MiniOzoneClusterImpl-a988f88d-4efe-430b-bf3c-a1e83706c790/datanode-6/data/ratis] (custom)
2022-10-22 01:06:10,480 [pool-210-thread-1] INFO  server.RaftServerConfigKeys (ConfUtils.java:logGet(46)) - raft.server.log.corruption.policy = EXCEPTION (default)
2022-10-22 01:06:10,480 [pool-210-thread-1] INFO  server.RaftServerConfigKeys (ConfUtils.java:logGet(46)) - raft.server.storage.free-space.min = 0MB (=0) (default)
2022-10-22 01:06:10,480 [pool-210-thread-1] INFO  server.RaftServerConfigKeys (ConfUtils.java:logGet(46)) - raft.server.notification.no-leader.timeout = 300s (custom)
2022-10-22 01:06:10,480 [pool-210-thread-1] INFO  server.RaftServerConfigKeys (ConfUtils.java:logGet(46)) - raft.server.retrycache.expirytime = 600000ms (custom)
2022-10-22 01:06:10,480 [pool-210-thread-1] INFO  server.RaftServerConfigKeys (ConfUtils.java:logGet(46)) - raft.server.retrycache.statistics.expirytime = 100μs (default)
2022-10-22 01:06:10,481 [pool-210-thread-1] INFO  server.RaftServerConfigKeys (ConfUtils.java:logGet(46)) - raft.server.log.appender.install.snapshot.enabled = false (custom)
2022-10-22 01:06:10,481 [pool-210-thread-1] INFO  server.RaftServerConfigKeys (ConfUtils.java:logGet(46)) - raft.server.threadpool.server.cached = true (default)
2022-10-22 01:06:10,481 [pool-210-thread-1] INFO  server.RaftServerConfigKeys (ConfUtils.java:logGet(46)) - raft.server.threadpool.server.size = 0 (default)
2022-10-22 01:06:10,481 [pool-210-thread-1] INFO  server.RaftServerConfigKeys (ConfUtils.java:logGet(46)) - raft.server.threadpool.client.cached = true (default)
2022-10-22 01:06:10,481 [pool-210-thread-1] INFO  server.RaftServerConfigKeys (ConfUtils.java:logGet(46)) - raft.server.threadpool.client.size = 0 (default)
2022-10-22 01:06:10,481 [pool-210-thread-1] INFO  storage.RaftStorageDirectory (RaftStorageDirectoryImpl.java:analyzeStorage(137)) - The storage directory /home/runner/work/ozone/ozone/hadoop-ozone/integration-test/target/test-dir/MiniOzoneClusterImpl-a988f88d-4efe-430b-bf3c-a1e83706c790/datanode-6/data/ratis/a8225ffc-c567-4592-8e17-af50f2d84cc3 does not exist. Creating ...
2022-10-22 01:06:10,484 [pool-210-thread-1] INFO  storage.RaftStorageDirectory (RaftStorageDirectoryImpl.java:tryLock(231)) - Lock on /home/runner/work/ozone/ozone/hadoop-ozone/integration-test/target/test-dir/MiniOzoneClusterImpl-a988f88d-4efe-430b-bf3c-a1e83706c790/datanode-6/data/ratis/a8225ffc-c567-4592-8e17-af50f2d84cc3/in_use.lock acquired by nodename 13814@fv-az334-928
2022-10-22 01:06:10,487 [pool-210-thread-1] INFO  storage.RaftStorage (RaftStorageImpl.java:format(96)) - Storage directory /home/runner/work/ozone/ozone/hadoop-ozone/integration-test/target/test-dir/MiniOzoneClusterImpl-a988f88d-4efe-430b-bf3c-a1e83706c790/datanode-6/data/ratis/a8225ffc-c567-4592-8e17-af50f2d84cc3 has been successfully formatted.
2022-10-22 01:06:10,487 [pool-210-thread-1] INFO  ratis.ContainerStateMachine (ContainerStateMachine.java:loadSnapshot(236)) - group-AF50F2D84CC3: The snapshot info is null. Setting the last applied indexto:(t:0, i:~)
2022-10-22 01:06:10,487 [pool-210-thread-1] INFO  server.RaftServerConfigKeys (ConfUtils.java:logGet(46)) - raft.server.log.use.memory = false (default)
2022-10-22 01:06:10,487 [pool-210-thread-1] INFO  server.RaftServerConfigKeys (ConfUtils.java:logGet(46)) - raft.server.log.purge.gap = 1000000 (custom)
2022-10-22 01:06:10,487 [pool-210-thread-1] INFO  server.RaftServerConfigKeys (ConfUtils.java:logGet(46)) - raft.server.log.appender.buffer.byte-limit = 33554432 (custom)
2022-10-22 01:06:10,487 [pool-210-thread-1] INFO  server.RaftServerConfigKeys (ConfUtils.java:logGet(46)) - raft.server.log.statemachine.data.read.timeout = 1000ms (default)
2022-10-22 01:06:10,487 [pool-210-thread-1] INFO  server.RaftServerConfigKeys (ConfUtils.java:logGet(46)) - raft.server.log.purge.preservation.log.num = 0 (default)
2022-10-22 01:06:10,487 [pool-210-thread-1] INFO  server.RaftServerConfigKeys (ConfUtils.java:logGet(46)) - raft.server.log.segment.size.max = 1048576 (custom)
2022-10-22 01:06:10,488 [pool-210-thread-1] INFO  server.RaftServerConfigKeys (ConfUtils.java:logGet(46)) - raft.server.log.segment.cache.num.max = 2 (custom)
2022-10-22 01:06:10,488 [pool-210-thread-1] INFO  server.RaftServerConfigKeys (ConfUtils.java:logGet(46)) - raft.server.log.segment.cache.size.max = 200MB (=209715200) (default)
2022-10-22 01:06:10,488 [EventQueue-OpenPipelineForHealthyPipelineSafeModeRule] INFO  safemode.SCMSafeModeManager (HealthyPipelineSafeModeRule.java:process(137)) - SCM in safe mode. Healthy pipelines reported count is 0, required healthy pipeline reported count is 1
2022-10-22 01:06:10,493 [pool-210-thread-1] INFO  segmented.SegmentedRaftLogWorker (SegmentedRaftLogWorker.java:<init>(191)) - new 7c8777a1-edfb-4633-85a4-b901f2ed1d17@group-AF50F2D84CC3-SegmentedRaftLogWorker for RaftStorageImpl:Storage Directory /home/runner/work/ozone/ozone/hadoop-ozone/integration-test/target/test-dir/MiniOzoneClusterImpl-a988f88d-4efe-430b-bf3c-a1e83706c790/datanode-6/data/ratis/a8225ffc-c567-4592-8e17-af50f2d84cc3
2022-10-22 01:06:10,493 [pool-210-thread-1] INFO  server.RaftServerConfigKeys (ConfUtils.java:logGet(46)) - raft.server.log.queue.byte-limit = 4294967296 (custom)
2022-10-22 01:06:10,493 [pool-210-thread-1] INFO  server.RaftServerConfigKeys (ConfUtils.java:logGet(46)) - raft.server.log.queue.element-limit = 1024 (custom)
2022-10-22 01:06:10,493 [pool-210-thread-1] INFO  server.RaftServerConfigKeys (ConfUtils.java:logGet(46)) - raft.server.log.segment.size.max = 1048576 (custom)
2022-10-22 01:06:10,493 [pool-210-thread-1] INFO  server.RaftServerConfigKeys (ConfUtils.java:logGet(46)) - raft.server.log.preallocated.size = 16384 (custom)
2022-10-22 01:06:10,493 [pool-210-thread-1] INFO  server.RaftServerConfigKeys (ConfUtils.java:logGet(46)) - raft.server.log.force.sync.num = 128 (default)
2022-10-22 01:06:10,493 [pool-210-thread-1] INFO  server.RaftServerConfigKeys (ConfUtils.java:logGet(46)) - raft.server.log.statemachine.data.sync = true (default)
2022-10-22 01:06:10,493 [pool-210-thread-1] INFO  server.RaftServerConfigKeys (ConfUtils.java:logGet(46)) - raft.server.log.statemachine.data.sync.timeout = 10s (default)
2022-10-22 01:06:10,493 [pool-210-thread-1] INFO  server.RaftServerConfigKeys (ConfUtils.java:logGet(46)) - raft.server.log.statemachine.data.sync.timeout.retry = -1 (default)
2022-10-22 01:06:10,494 [pool-210-thread-1] INFO  server.RaftServerConfigKeys (ConfUtils.java:logGet(46)) - raft.server.log.write.buffer.size = 1048576 (custom)
2022-10-22 01:06:10,494 [pool-210-thread-1] INFO  server.RaftServerConfigKeys (ConfUtils.java:logGet(46)) - raft.server.log.unsafe-flush.enabled = false (default)
2022-10-22 01:06:10,494 [pool-210-thread-1] INFO  server.RaftServerConfigKeys (ConfUtils.java:logGet(46)) - raft.server.log.async-flush.enabled = false (default)
2022-10-22 01:06:10,494 [pool-210-thread-1] INFO  server.RaftServerConfigKeys (ConfUtils.java:logGet(46)) - raft.server.log.statemachine.data.caching.enabled = true (custom)
2022-10-22 01:06:10,494 [pool-210-thread-1] INFO  segmented.SegmentedRaftLogWorker (SegmentedRaftLogWorker.java:lambda$new$0(136)) - 7c8777a1-edfb-4633-85a4-b901f2ed1d17@group-AF50F2D84CC3-SegmentedRaftLogWorker: flushIndex: setUnconditionally 0 -> -1
2022-10-22 01:06:10,494 [pool-210-thread-1] INFO  segmented.SegmentedRaftLogWorker (SegmentedRaftLogWorker.java:lambda$new$0(136)) - 7c8777a1-edfb-4633-85a4-b901f2ed1d17@group-AF50F2D84CC3-SegmentedRaftLogWorker: safeCacheEvictIndex: setUnconditionally 0 -> -1
2022-10-22 01:06:10,495 [pool-210-thread-1] INFO  server.RaftServer$Division (RaftServerImpl.java:start(334)) - 7c8777a1-edfb-4633-85a4-b901f2ed1d17@group-AF50F2D84CC3: start as a follower, conf=-1: peers:[7c8777a1-edfb-4633-85a4-b901f2ed1d17|rpc:10.1.0.62:42991|priority:0|startupRole:FOLLOWER, 075aeae4-9dac-4c28-be7c-8f8b2eb5b04f|rpc:10.1.0.62:36955|priority:0|startupRole:FOLLOWER, 9befe131-ee01-45a3-b6b9-b3ceb7636d7b|rpc:10.1.0.62:36783|priority:1|startupRole:FOLLOWER]|listeners:[], old=null
2022-10-22 01:06:10,495 [pool-210-thread-1] INFO  server.RaftServer$Division (RaftServerImpl.java:setRole(321)) - 7c8777a1-edfb-4633-85a4-b901f2ed1d17@group-AF50F2D84CC3: changes role from      null to FOLLOWER at term 0 for startAsFollower
2022-10-22 01:06:10,495 [pool-210-thread-1] INFO  impl.RoleInfo (RoleInfo.java:updateAndGet(139)) - 7c8777a1-edfb-4633-85a4-b901f2ed1d17: start 7c8777a1-edfb-4633-85a4-b901f2ed1d17@group-AF50F2D84CC3-FollowerState
2022-10-22 01:06:10,498 [pool-210-thread-1] INFO  util.JmxRegister (JmxRegister.java:tryRegister(44)) - Successfully registered JMX Bean with object name Ratis:service=RaftServer,group=group-AF50F2D84CC3,id=7c8777a1-edfb-4633-85a4-b901f2ed1d17
2022-10-22 01:06:10,498 [pool-210-thread-1] INFO  server.RaftServerConfigKeys (ConfUtils.java:logGet(46)) - raft.server.snapshot.auto.trigger.enabled = true (custom)
2022-10-22 01:06:10,498 [pool-210-thread-1] INFO  server.RaftServerConfigKeys (ConfUtils.java:logGet(46)) - raft.server.snapshot.auto.trigger.threshold = 10000 (custom)
2022-10-22 01:06:10,498 [7c8777a1-edfb-4633-85a4-b901f2ed1d17@group-AF50F2D84CC3-FollowerState] INFO  server.RaftServerConfigKeys (ConfUtils.java:logFallback(53)) - raft.server.rpc.first-election.timeout.min = 5s (fallback to raft.server.rpc.timeout.min)
2022-10-22 01:06:10,498 [7c8777a1-edfb-4633-85a4-b901f2ed1d17@group-AF50F2D84CC3-FollowerState] INFO  server.RaftServerConfigKeys (ConfUtils.java:logFallback(53)) - raft.server.rpc.first-election.timeout.max = 5200ms (fallback to raft.server.rpc.timeout.max)
2022-10-22 01:06:10,498 [pool-210-thread-1] INFO  server.RaftServerConfigKeys (ConfUtils.java:logGet(46)) - raft.server.snapshot.retention.file.num = 5 (custom)
2022-10-22 01:06:10,502 [pool-210-thread-1] INFO  server.RaftServerConfigKeys (ConfUtils.java:logGet(46)) - raft.server.log.purge.upto.snapshot.index = false (default)
2022-10-22 01:06:10,502 [Command processor thread] INFO  ratis.XceiverServerRatis (XceiverServerRatis.java:addGroup(765)) - Created group PipelineID=a8225ffc-c567-4592-8e17-af50f2d84cc3
2022-10-22 01:06:10,519 [grpc-default-executor-1] INFO  server.RaftServer (RaftServerProxy.java:addNew(96)) - 075aeae4-9dac-4c28-be7c-8f8b2eb5b04f: addNew group-AF50F2D84CC3:[7c8777a1-edfb-4633-85a4-b901f2ed1d17|rpc:10.1.0.62:42991|dataStream:|priority:0|startupRole:FOLLOWER, 075aeae4-9dac-4c28-be7c-8f8b2eb5b04f|rpc:10.1.0.62:36955|dataStream:|priority:0|startupRole:FOLLOWER, 9befe131-ee01-45a3-b6b9-b3ceb7636d7b|rpc:10.1.0.62:36783|dataStream:|priority:1|startupRole:FOLLOWER] returns group-AF50F2D84CC3:java.util.concurrent.CompletableFuture@71adc407[Not completed]
2022-10-22 01:06:10,520 [pool-237-thread-1] INFO  server.RaftServer$Division (RaftServerImpl.java:<init>(195)) - 075aeae4-9dac-4c28-be7c-8f8b2eb5b04f: new RaftServerImpl for group-AF50F2D84CC3:[7c8777a1-edfb-4633-85a4-b901f2ed1d17|rpc:10.1.0.62:42991|dataStream:|priority:0|startupRole:FOLLOWER, 075aeae4-9dac-4c28-be7c-8f8b2eb5b04f|rpc:10.1.0.62:36955|dataStream:|priority:0|startupRole:FOLLOWER, 9befe131-ee01-45a3-b6b9-b3ceb7636d7b|rpc:10.1.0.62:36783|dataStream:|priority:1|startupRole:FOLLOWER] with ContainerStateMachine:uninitialized
2022-10-22 01:06:10,520 [pool-237-thread-1] INFO  server.RaftServerConfigKeys (ConfUtils.java:logGet(46)) - raft.server.rpc.timeout.min = 5s (custom)
2022-10-22 01:06:10,520 [pool-237-thread-1] INFO  server.RaftServerConfigKeys (ConfUtils.java:logGet(46)) - raft.server.rpc.timeout.max = 5200ms (custom)
2022-10-22 01:06:10,520 [pool-237-thread-1] INFO  server.RaftServerConfigKeys (ConfUtils.java:logGet(46)) - raft.server.rpc.sleep.time = 25ms (default)
2022-10-22 01:06:10,520 [pool-237-thread-1] INFO  server.RaftServerConfigKeys (ConfUtils.java:logGet(46)) - raft.server.rpc.slowness.timeout = 300s (custom)
2022-10-22 01:06:10,521 [pool-237-thread-1] INFO  server.RaftServerConfigKeys (ConfUtils.java:logGet(46)) - raft.server.leaderelection.leader.step-down.wait-time = 10s (default)
2022-10-22 01:06:10,521 [pool-237-thread-1] INFO  server.RaftServerConfigKeys (ConfUtils.java:logGet(46)) - raft.server.sleep.deviation.threshold = 300ms (default)
2022-10-22 01:06:10,521 [pool-237-thread-1] INFO  server.RaftServer$Division (ServerState.java:<init>(118)) - 075aeae4-9dac-4c28-be7c-8f8b2eb5b04f@group-AF50F2D84CC3: ConfigurationManager, init=-1: peers:[7c8777a1-edfb-4633-85a4-b901f2ed1d17|rpc:10.1.0.62:42991|dataStream:|priority:0|startupRole:FOLLOWER, 075aeae4-9dac-4c28-be7c-8f8b2eb5b04f|rpc:10.1.0.62:36955|dataStream:|priority:0|startupRole:FOLLOWER, 9befe131-ee01-45a3-b6b9-b3ceb7636d7b|rpc:10.1.0.62:36783|dataStream:|priority:1|startupRole:FOLLOWER]|listeners:[], old=null, confs=<EMPTY_MAP>
2022-10-22 01:06:10,521 [pool-237-thread-1] INFO  server.RaftServerConfigKeys (ConfUtils.java:logGet(46)) - raft.server.storage.dir = [/home/runner/work/ozone/ozone/hadoop-ozone/integration-test/target/test-dir/MiniOzoneClusterImpl-a988f88d-4efe-430b-bf3c-a1e83706c790/datanode-7/data/ratis] (custom)
2022-10-22 01:06:10,521 [pool-237-thread-1] INFO  server.RaftServerConfigKeys (ConfUtils.java:logGet(46)) - raft.server.log.corruption.policy = EXCEPTION (default)
2022-10-22 01:06:10,521 [pool-237-thread-1] INFO  server.RaftServerConfigKeys (ConfUtils.java:logGet(46)) - raft.server.storage.free-space.min = 0MB (=0) (default)
2022-10-22 01:06:10,521 [pool-237-thread-1] INFO  server.RaftServerConfigKeys (ConfUtils.java:logGet(46)) - raft.server.notification.no-leader.timeout = 300s (custom)
2022-10-22 01:06:10,521 [pool-237-thread-1] INFO  server.RaftServerConfigKeys (ConfUtils.java:logGet(46)) - raft.server.retrycache.expirytime = 600000ms (custom)
2022-10-22 01:06:10,521 [pool-237-thread-1] INFO  server.RaftServerConfigKeys (ConfUtils.java:logGet(46)) - raft.server.retrycache.statistics.expirytime = 100μs (default)
2022-10-22 01:06:10,522 [pool-237-thread-1] INFO  server.RaftServerConfigKeys (ConfUtils.java:logGet(46)) - raft.server.log.appender.install.snapshot.enabled = false (custom)
2022-10-22 01:06:10,522 [pool-237-thread-1] INFO  server.RaftServerConfigKeys (ConfUtils.java:logGet(46)) - raft.server.threadpool.server.cached = true (default)
2022-10-22 01:06:10,522 [pool-237-thread-1] INFO  server.RaftServerConfigKeys (ConfUtils.java:logGet(46)) - raft.server.threadpool.server.size = 0 (default)
2022-10-22 01:06:10,522 [pool-237-thread-1] INFO  server.RaftServerConfigKeys (ConfUtils.java:logGet(46)) - raft.server.threadpool.client.cached = true (default)
2022-10-22 01:06:10,522 [pool-237-thread-1] INFO  server.RaftServerConfigKeys (ConfUtils.java:logGet(46)) - raft.server.threadpool.client.size = 0 (default)
2022-10-22 01:06:10,522 [pool-237-thread-1] INFO  storage.RaftStorageDirectory (RaftStorageDirectoryImpl.java:analyzeStorage(137)) - The storage directory /home/runner/work/ozone/ozone/hadoop-ozone/integration-test/target/test-dir/MiniOzoneClusterImpl-a988f88d-4efe-430b-bf3c-a1e83706c790/datanode-7/data/ratis/a8225ffc-c567-4592-8e17-af50f2d84cc3 does not exist. Creating ...
2022-10-22 01:06:10,523 [pool-237-thread-1] INFO  storage.RaftStorageDirectory (RaftStorageDirectoryImpl.java:tryLock(231)) - Lock on /home/runner/work/ozone/ozone/hadoop-ozone/integration-test/target/test-dir/MiniOzoneClusterImpl-a988f88d-4efe-430b-bf3c-a1e83706c790/datanode-7/data/ratis/a8225ffc-c567-4592-8e17-af50f2d84cc3/in_use.lock acquired by nodename 13814@fv-az334-928
2022-10-22 01:06:10,524 [pool-237-thread-1] INFO  storage.RaftStorage (RaftStorageImpl.java:format(96)) - Storage directory /home/runner/work/ozone/ozone/hadoop-ozone/integration-test/target/test-dir/MiniOzoneClusterImpl-a988f88d-4efe-430b-bf3c-a1e83706c790/datanode-7/data/ratis/a8225ffc-c567-4592-8e17-af50f2d84cc3 has been successfully formatted.
2022-10-22 01:06:10,525 [pool-237-thread-1] INFO  ratis.ContainerStateMachine (ContainerStateMachine.java:loadSnapshot(236)) - group-AF50F2D84CC3: The snapshot info is null. Setting the last applied indexto:(t:0, i:~)
2022-10-22 01:06:10,525 [pool-237-thread-1] INFO  server.RaftServerConfigKeys (ConfUtils.java:logGet(46)) - raft.server.log.use.memory = false (default)
2022-10-22 01:06:10,525 [pool-237-thread-1] INFO  server.RaftServerConfigKeys (ConfUtils.java:logGet(46)) - raft.server.log.purge.gap = 1000000 (custom)
2022-10-22 01:06:10,525 [pool-237-thread-1] INFO  server.RaftServerConfigKeys (ConfUtils.java:logGet(46)) - raft.server.log.appender.buffer.byte-limit = 33554432 (custom)
2022-10-22 01:06:10,525 [pool-237-thread-1] INFO  server.RaftServerConfigKeys (ConfUtils.java:logGet(46)) - raft.server.log.statemachine.data.read.timeout = 1000ms (default)
2022-10-22 01:06:10,525 [pool-237-thread-1] INFO  server.RaftServerConfigKeys (ConfUtils.java:logGet(46)) - raft.server.log.purge.preservation.log.num = 0 (default)
2022-10-22 01:06:10,525 [pool-237-thread-1] INFO  server.RaftServerConfigKeys (ConfUtils.java:logGet(46)) - raft.server.log.segment.size.max = 1048576 (custom)
2022-10-22 01:06:10,526 [pool-237-thread-1] INFO  server.RaftServerConfigKeys (ConfUtils.java:logGet(46)) - raft.server.log.segment.cache.num.max = 2 (custom)
2022-10-22 01:06:10,527 [pool-237-thread-1] INFO  server.RaftServerConfigKeys (ConfUtils.java:logGet(46)) - raft.server.log.segment.cache.size.max = 200MB (=209715200) (default)
2022-10-22 01:06:10,527 [pool-237-thread-1] INFO  segmented.SegmentedRaftLogWorker (SegmentedRaftLogWorker.java:<init>(191)) - new 075aeae4-9dac-4c28-be7c-8f8b2eb5b04f@group-AF50F2D84CC3-SegmentedRaftLogWorker for RaftStorageImpl:Storage Directory /home/runner/work/ozone/ozone/hadoop-ozone/integration-test/target/test-dir/MiniOzoneClusterImpl-a988f88d-4efe-430b-bf3c-a1e83706c790/datanode-7/data/ratis/a8225ffc-c567-4592-8e17-af50f2d84cc3
2022-10-22 01:06:10,527 [pool-237-thread-1] INFO  server.RaftServerConfigKeys (ConfUtils.java:logGet(46)) - raft.server.log.queue.byte-limit = 4294967296 (custom)
2022-10-22 01:06:10,527 [pool-237-thread-1] INFO  server.RaftServerConfigKeys (ConfUtils.java:logGet(46)) - raft.server.log.queue.element-limit = 1024 (custom)
2022-10-22 01:06:10,527 [pool-237-thread-1] INFO  server.RaftServerConfigKeys (ConfUtils.java:logGet(46)) - raft.server.log.segment.size.max = 1048576 (custom)
2022-10-22 01:06:10,527 [pool-237-thread-1] INFO  server.RaftServerConfigKeys (ConfUtils.java:logGet(46)) - raft.server.log.preallocated.size = 16384 (custom)
2022-10-22 01:06:10,527 [pool-237-thread-1] INFO  server.RaftServerConfigKeys (ConfUtils.java:logGet(46)) - raft.server.log.force.sync.num = 128 (default)
2022-10-22 01:06:10,527 [pool-237-thread-1] INFO  server.RaftServerConfigKeys (ConfUtils.java:logGet(46)) - raft.server.log.statemachine.data.sync = true (default)
2022-10-22 01:06:10,527 [pool-237-thread-1] INFO  server.RaftServerConfigKeys (ConfUtils.java:logGet(46)) - raft.server.log.statemachine.data.sync.timeout = 10s (default)
2022-10-22 01:06:10,527 [pool-237-thread-1] INFO  server.RaftServerConfigKeys (ConfUtils.java:logGet(46)) - raft.server.log.statemachine.data.sync.timeout.retry = -1 (default)
2022-10-22 01:06:10,528 [pool-237-thread-1] INFO  server.RaftServerConfigKeys (ConfUtils.java:logGet(46)) - raft.server.log.write.buffer.size = 1048576 (custom)
2022-10-22 01:06:10,528 [pool-237-thread-1] INFO  server.RaftServerConfigKeys (ConfUtils.java:logGet(46)) - raft.server.log.unsafe-flush.enabled = false (default)
2022-10-22 01:06:10,528 [pool-237-thread-1] INFO  server.RaftServerConfigKeys (ConfUtils.java:logGet(46)) - raft.server.log.async-flush.enabled = false (default)
2022-10-22 01:06:10,528 [pool-237-thread-1] INFO  server.RaftServerConfigKeys (ConfUtils.java:logGet(46)) - raft.server.log.statemachine.data.caching.enabled = true (custom)
2022-10-22 01:06:10,528 [pool-237-thread-1] INFO  segmented.SegmentedRaftLogWorker (SegmentedRaftLogWorker.java:lambda$new$0(136)) - 075aeae4-9dac-4c28-be7c-8f8b2eb5b04f@group-AF50F2D84CC3-SegmentedRaftLogWorker: flushIndex: setUnconditionally 0 -> -1
2022-10-22 01:06:10,528 [pool-237-thread-1] INFO  segmented.SegmentedRaftLogWorker (SegmentedRaftLogWorker.java:lambda$new$0(136)) - 075aeae4-9dac-4c28-be7c-8f8b2eb5b04f@group-AF50F2D84CC3-SegmentedRaftLogWorker: safeCacheEvictIndex: setUnconditionally 0 -> -1
2022-10-22 01:06:10,535 [pool-237-thread-1] INFO  server.RaftServer$Division (RaftServerImpl.java:start(334)) - 075aeae4-9dac-4c28-be7c-8f8b2eb5b04f@group-AF50F2D84CC3: start as a follower, conf=-1: peers:[7c8777a1-edfb-4633-85a4-b901f2ed1d17|rpc:10.1.0.62:42991|dataStream:|priority:0|startupRole:FOLLOWER, 075aeae4-9dac-4c28-be7c-8f8b2eb5b04f|rpc:10.1.0.62:36955|dataStream:|priority:0|startupRole:FOLLOWER, 9befe131-ee01-45a3-b6b9-b3ceb7636d7b|rpc:10.1.0.62:36783|dataStream:|priority:1|startupRole:FOLLOWER]|listeners:[], old=null
2022-10-22 01:06:10,535 [pool-237-thread-1] INFO  server.RaftServer$Division (RaftServerImpl.java:setRole(321)) - 075aeae4-9dac-4c28-be7c-8f8b2eb5b04f@group-AF50F2D84CC3: changes role from      null to FOLLOWER at term 0 for startAsFollower
2022-10-22 01:06:10,535 [pool-237-thread-1] INFO  impl.RoleInfo (RoleInfo.java:updateAndGet(139)) - 075aeae4-9dac-4c28-be7c-8f8b2eb5b04f: start 075aeae4-9dac-4c28-be7c-8f8b2eb5b04f@group-AF50F2D84CC3-FollowerState
2022-10-22 01:06:10,539 [pool-237-thread-1] INFO  util.JmxRegister (JmxRegister.java:tryRegister(44)) - Successfully registered JMX Bean with object name Ratis:service=RaftServer,group=group-AF50F2D84CC3,id=075aeae4-9dac-4c28-be7c-8f8b2eb5b04f
2022-10-22 01:06:10,539 [pool-237-thread-1] INFO  server.RaftServerConfigKeys (ConfUtils.java:logGet(46)) - raft.server.snapshot.auto.trigger.enabled = true (custom)
2022-10-22 01:06:10,539 [pool-237-thread-1] INFO  server.RaftServerConfigKeys (ConfUtils.java:logGet(46)) - raft.server.snapshot.auto.trigger.threshold = 10000 (custom)
2022-10-22 01:06:10,539 [pool-237-thread-1] INFO  server.RaftServerConfigKeys (ConfUtils.java:logGet(46)) - raft.server.snapshot.retention.file.num = 5 (custom)
2022-10-22 01:06:10,539 [pool-237-thread-1] INFO  server.RaftServerConfigKeys (ConfUtils.java:logGet(46)) - raft.server.log.purge.upto.snapshot.index = false (default)
2022-10-22 01:06:10,571 [075aeae4-9dac-4c28-be7c-8f8b2eb5b04f@group-AF50F2D84CC3-FollowerState] INFO  server.RaftServerConfigKeys (ConfUtils.java:logFallback(53)) - raft.server.rpc.first-election.timeout.min = 5s (fallback to raft.server.rpc.timeout.min)
2022-10-22 01:06:10,572 [075aeae4-9dac-4c28-be7c-8f8b2eb5b04f@group-AF50F2D84CC3-FollowerState] INFO  server.RaftServerConfigKeys (ConfUtils.java:logFallback(53)) - raft.server.rpc.first-election.timeout.max = 5200ms (fallback to raft.server.rpc.timeout.max)
2022-10-22 01:06:10,591 [grpc-default-executor-1] INFO  server.RaftServer (RaftServerProxy.java:addNew(96)) - 9befe131-ee01-45a3-b6b9-b3ceb7636d7b: addNew group-AF50F2D84CC3:[7c8777a1-edfb-4633-85a4-b901f2ed1d17|rpc:10.1.0.62:42991|dataStream:|priority:0|startupRole:FOLLOWER, 075aeae4-9dac-4c28-be7c-8f8b2eb5b04f|rpc:10.1.0.62:36955|dataStream:|priority:0|startupRole:FOLLOWER, 9befe131-ee01-45a3-b6b9-b3ceb7636d7b|rpc:10.1.0.62:36783|dataStream:|priority:1|startupRole:FOLLOWER] returns group-AF50F2D84CC3:java.util.concurrent.CompletableFuture@18d23fbf[Not completed]
2022-10-22 01:06:10,592 [pool-264-thread-1] INFO  server.RaftServer$Division (RaftServerImpl.java:<init>(195)) - 9befe131-ee01-45a3-b6b9-b3ceb7636d7b: new RaftServerImpl for group-AF50F2D84CC3:[7c8777a1-edfb-4633-85a4-b901f2ed1d17|rpc:10.1.0.62:42991|dataStream:|priority:0|startupRole:FOLLOWER, 075aeae4-9dac-4c28-be7c-8f8b2eb5b04f|rpc:10.1.0.62:36955|dataStream:|priority:0|startupRole:FOLLOWER, 9befe131-ee01-45a3-b6b9-b3ceb7636d7b|rpc:10.1.0.62:36783|dataStream:|priority:1|startupRole:FOLLOWER] with ContainerStateMachine:uninitialized
2022-10-22 01:06:10,592 [pool-264-thread-1] INFO  server.RaftServerConfigKeys (ConfUtils.java:logGet(46)) - raft.server.rpc.timeout.min = 5s (custom)
2022-10-22 01:06:10,592 [pool-264-thread-1] INFO  server.RaftServerConfigKeys (ConfUtils.java:logGet(46)) - raft.server.rpc.timeout.max = 5200ms (custom)
2022-10-22 01:06:10,592 [pool-264-thread-1] INFO  server.RaftServerConfigKeys (ConfUtils.java:logGet(46)) - raft.server.rpc.sleep.time = 25ms (default)
2022-10-22 01:06:10,592 [pool-264-thread-1] INFO  server.RaftServerConfigKeys (ConfUtils.java:logGet(46)) - raft.server.rpc.slowness.timeout = 300s (custom)
2022-10-22 01:06:10,592 [pool-264-thread-1] INFO  server.RaftServerConfigKeys (ConfUtils.java:logGet(46)) - raft.server.leaderelection.leader.step-down.wait-time = 10s (default)
2022-10-22 01:06:10,592 [pool-264-thread-1] INFO  server.RaftServerConfigKeys (ConfUtils.java:logGet(46)) - raft.server.sleep.deviation.threshold = 300ms (default)
2022-10-22 01:06:10,592 [pool-264-thread-1] INFO  server.RaftServer$Division (ServerState.java:<init>(118)) - 9befe131-ee01-45a3-b6b9-b3ceb7636d7b@group-AF50F2D84CC3: ConfigurationManager, init=-1: peers:[7c8777a1-edfb-4633-85a4-b901f2ed1d17|rpc:10.1.0.62:42991|dataStream:|priority:0|startupRole:FOLLOWER, 075aeae4-9dac-4c28-be7c-8f8b2eb5b04f|rpc:10.1.0.62:36955|dataStream:|priority:0|startupRole:FOLLOWER, 9befe131-ee01-45a3-b6b9-b3ceb7636d7b|rpc:10.1.0.62:36783|dataStream:|priority:1|startupRole:FOLLOWER]|listeners:[], old=null, confs=<EMPTY_MAP>
2022-10-22 01:06:10,593 [pool-264-thread-1] INFO  server.RaftServerConfigKeys (ConfUtils.java:logGet(46)) - raft.server.storage.dir = [/home/runner/work/ozone/ozone/hadoop-ozone/integration-test/target/test-dir/MiniOzoneClusterImpl-a988f88d-4efe-430b-bf3c-a1e83706c790/datanode-8/data/ratis] (custom)
2022-10-22 01:06:10,593 [pool-264-thread-1] INFO  server.RaftServerConfigKeys (ConfUtils.java:logGet(46)) - raft.server.log.corruption.policy = EXCEPTION (default)
2022-10-22 01:06:10,593 [pool-264-thread-1] INFO  server.RaftServerConfigKeys (ConfUtils.java:logGet(46)) - raft.server.storage.free-space.min = 0MB (=0) (default)
2022-10-22 01:06:10,593 [pool-264-thread-1] INFO  server.RaftServerConfigKeys (ConfUtils.java:logGet(46)) - raft.server.notification.no-leader.timeout = 300s (custom)
2022-10-22 01:06:10,593 [pool-264-thread-1] INFO  server.RaftServerConfigKeys (ConfUtils.java:logGet(46)) - raft.server.retrycache.expirytime = 600000ms (custom)
2022-10-22 01:06:10,593 [pool-264-thread-1] INFO  server.RaftServerConfigKeys (ConfUtils.java:logGet(46)) - raft.server.retrycache.statistics.expirytime = 100μs (default)
2022-10-22 01:06:10,594 [pool-264-thread-1] INFO  server.RaftServerConfigKeys (ConfUtils.java:logGet(46)) - raft.server.log.appender.install.snapshot.enabled = false (custom)
2022-10-22 01:06:10,594 [pool-264-thread-1] INFO  server.RaftServerConfigKeys (ConfUtils.java:logGet(46)) - raft.server.threadpool.server.cached = true (default)
2022-10-22 01:06:10,594 [pool-264-thread-1] INFO  server.RaftServerConfigKeys (ConfUtils.java:logGet(46)) - raft.server.threadpool.server.size = 0 (default)
2022-10-22 01:06:10,594 [pool-264-thread-1] INFO  server.RaftServerConfigKeys (ConfUtils.java:logGet(46)) - raft.server.threadpool.client.cached = true (default)
2022-10-22 01:06:10,594 [pool-264-thread-1] INFO  server.RaftServerConfigKeys (ConfUtils.java:logGet(46)) - raft.server.threadpool.client.size = 0 (default)
2022-10-22 01:06:10,594 [pool-264-thread-1] INFO  storage.RaftStorageDirectory (RaftStorageDirectoryImpl.java:analyzeStorage(137)) - The storage directory /home/runner/work/ozone/ozone/hadoop-ozone/integration-test/target/test-dir/MiniOzoneClusterImpl-a988f88d-4efe-430b-bf3c-a1e83706c790/datanode-8/data/ratis/a8225ffc-c567-4592-8e17-af50f2d84cc3 does not exist. Creating ...
2022-10-22 01:06:10,595 [pool-264-thread-1] INFO  storage.RaftStorageDirectory (RaftStorageDirectoryImpl.java:tryLock(231)) - Lock on /home/runner/work/ozone/ozone/hadoop-ozone/integration-test/target/test-dir/MiniOzoneClusterImpl-a988f88d-4efe-430b-bf3c-a1e83706c790/datanode-8/data/ratis/a8225ffc-c567-4592-8e17-af50f2d84cc3/in_use.lock acquired by nodename 13814@fv-az334-928
2022-10-22 01:06:10,596 [pool-264-thread-1] INFO  storage.RaftStorage (RaftStorageImpl.java:format(96)) - Storage directory /home/runner/work/ozone/ozone/hadoop-ozone/integration-test/target/test-dir/MiniOzoneClusterImpl-a988f88d-4efe-430b-bf3c-a1e83706c790/datanode-8/data/ratis/a8225ffc-c567-4592-8e17-af50f2d84cc3 has been successfully formatted.
2022-10-22 01:06:10,597 [pool-264-thread-1] INFO  ratis.ContainerStateMachine (ContainerStateMachine.java:loadSnapshot(236)) - group-AF50F2D84CC3: The snapshot info is null. Setting the last applied indexto:(t:0, i:~)
2022-10-22 01:06:10,597 [pool-264-thread-1] INFO  server.RaftServerConfigKeys (ConfUtils.java:logGet(46)) - raft.server.log.use.memory = false (default)
2022-10-22 01:06:10,597 [pool-264-thread-1] INFO  server.RaftServerConfigKeys (ConfUtils.java:logGet(46)) - raft.server.log.purge.gap = 1000000 (custom)
2022-10-22 01:06:10,598 [pool-264-thread-1] INFO  server.RaftServerConfigKeys (ConfUtils.java:logGet(46)) - raft.server.log.appender.buffer.byte-limit = 33554432 (custom)
2022-10-22 01:06:10,599 [pool-264-thread-1] INFO  server.RaftServerConfigKeys (ConfUtils.java:logGet(46)) - raft.server.log.statemachine.data.read.timeout = 1000ms (default)
2022-10-22 01:06:10,599 [pool-264-thread-1] INFO  server.RaftServerConfigKeys (ConfUtils.java:logGet(46)) - raft.server.log.purge.preservation.log.num = 0 (default)
2022-10-22 01:06:10,600 [pool-264-thread-1] INFO  server.RaftServerConfigKeys (ConfUtils.java:logGet(46)) - raft.server.log.segment.size.max = 1048576 (custom)
2022-10-22 01:06:10,600 [pool-264-thread-1] INFO  server.RaftServerConfigKeys (ConfUtils.java:logGet(46)) - raft.server.log.segment.cache.num.max = 2 (custom)
2022-10-22 01:06:10,600 [pool-264-thread-1] INFO  server.RaftServerConfigKeys (ConfUtils.java:logGet(46)) - raft.server.log.segment.cache.size.max = 200MB (=209715200) (default)
2022-10-22 01:06:10,600 [pool-264-thread-1] INFO  segmented.SegmentedRaftLogWorker (SegmentedRaftLogWorker.java:<init>(191)) - new 9befe131-ee01-45a3-b6b9-b3ceb7636d7b@group-AF50F2D84CC3-SegmentedRaftLogWorker for RaftStorageImpl:Storage Directory /home/runner/work/ozone/ozone/hadoop-ozone/integration-test/target/test-dir/MiniOzoneClusterImpl-a988f88d-4efe-430b-bf3c-a1e83706c790/datanode-8/data/ratis/a8225ffc-c567-4592-8e17-af50f2d84cc3
2022-10-22 01:06:10,600 [pool-264-thread-1] INFO  server.RaftServerConfigKeys (ConfUtils.java:logGet(46)) - raft.server.log.queue.byte-limit = 4294967296 (custom)
2022-10-22 01:06:10,600 [pool-264-thread-1] INFO  server.RaftServerConfigKeys (ConfUtils.java:logGet(46)) - raft.server.log.queue.element-limit = 1024 (custom)
2022-10-22 01:06:10,600 [pool-264-thread-1] INFO  server.RaftServerConfigKeys (ConfUtils.java:logGet(46)) - raft.server.log.segment.size.max = 1048576 (custom)
2022-10-22 01:06:10,600 [pool-264-thread-1] INFO  server.RaftServerConfigKeys (ConfUtils.java:logGet(46)) - raft.server.log.preallocated.size = 16384 (custom)
2022-10-22 01:06:10,600 [pool-264-thread-1] INFO  server.RaftServerConfigKeys (ConfUtils.java:logGet(46)) - raft.server.log.force.sync.num = 128 (default)
2022-10-22 01:06:10,600 [pool-264-thread-1] INFO  server.RaftServerConfigKeys (ConfUtils.java:logGet(46)) - raft.server.log.statemachine.data.sync = true (default)
2022-10-22 01:06:10,600 [pool-264-thread-1] INFO  server.RaftServerConfigKeys (ConfUtils.java:logGet(46)) - raft.server.log.statemachine.data.sync.timeout = 10s (default)
2022-10-22 01:06:10,600 [pool-264-thread-1] INFO  server.RaftServerConfigKeys (ConfUtils.java:logGet(46)) - raft.server.log.statemachine.data.sync.timeout.retry = -1 (default)
2022-10-22 01:06:10,601 [pool-264-thread-1] INFO  server.RaftServerConfigKeys (ConfUtils.java:logGet(46)) - raft.server.log.write.buffer.size = 1048576 (custom)
2022-10-22 01:06:10,602 [pool-264-thread-1] INFO  server.RaftServerConfigKeys (ConfUtils.java:logGet(46)) - raft.server.log.unsafe-flush.enabled = false (default)
2022-10-22 01:06:10,602 [pool-264-thread-1] INFO  server.RaftServerConfigKeys (ConfUtils.java:logGet(46)) - raft.server.log.async-flush.enabled = false (default)
2022-10-22 01:06:10,604 [pool-264-thread-1] INFO  server.RaftServerConfigKeys (ConfUtils.java:logGet(46)) - raft.server.log.statemachine.data.caching.enabled = true (custom)
2022-10-22 01:06:10,604 [pool-264-thread-1] INFO  segmented.SegmentedRaftLogWorker (SegmentedRaftLogWorker.java:lambda$new$0(136)) - 9befe131-ee01-45a3-b6b9-b3ceb7636d7b@group-AF50F2D84CC3-SegmentedRaftLogWorker: flushIndex: setUnconditionally 0 -> -1
2022-10-22 01:06:10,604 [pool-264-thread-1] INFO  segmented.SegmentedRaftLogWorker (SegmentedRaftLogWorker.java:lambda$new$0(136)) - 9befe131-ee01-45a3-b6b9-b3ceb7636d7b@group-AF50F2D84CC3-SegmentedRaftLogWorker: safeCacheEvictIndex: setUnconditionally 0 -> -1
2022-10-22 01:06:10,610 [pool-264-thread-1] INFO  server.RaftServer$Division (RaftServerImpl.java:start(334)) - 9befe131-ee01-45a3-b6b9-b3ceb7636d7b@group-AF50F2D84CC3: start as a follower, conf=-1: peers:[7c8777a1-edfb-4633-85a4-b901f2ed1d17|rpc:10.1.0.62:42991|dataStream:|priority:0|startupRole:FOLLOWER, 075aeae4-9dac-4c28-be7c-8f8b2eb5b04f|rpc:10.1.0.62:36955|dataStream:|priority:0|startupRole:FOLLOWER, 9befe131-ee01-45a3-b6b9-b3ceb7636d7b|rpc:10.1.0.62:36783|dataStream:|priority:1|startupRole:FOLLOWER]|listeners:[], old=null
2022-10-22 01:06:10,610 [pool-264-thread-1] INFO  server.RaftServer$Division (RaftServerImpl.java:setRole(321)) - 9befe131-ee01-45a3-b6b9-b3ceb7636d7b@group-AF50F2D84CC3: changes role from      null to FOLLOWER at term 0 for startAsFollower
2022-10-22 01:06:10,610 [pool-264-thread-1] INFO  impl.RoleInfo (RoleInfo.java:updateAndGet(139)) - 9befe131-ee01-45a3-b6b9-b3ceb7636d7b: start 9befe131-ee01-45a3-b6b9-b3ceb7636d7b@group-AF50F2D84CC3-FollowerState
2022-10-22 01:06:10,611 [pool-264-thread-1] INFO  util.JmxRegister (JmxRegister.java:tryRegister(44)) - Successfully registered JMX Bean with object name Ratis:service=RaftServer,group=group-AF50F2D84CC3,id=9befe131-ee01-45a3-b6b9-b3ceb7636d7b
2022-10-22 01:06:10,611 [pool-264-thread-1] INFO  server.RaftServerConfigKeys (ConfUtils.java:logGet(46)) - raft.server.snapshot.auto.trigger.enabled = true (custom)
2022-10-22 01:06:10,611 [pool-264-thread-1] INFO  server.RaftServerConfigKeys (ConfUtils.java:logGet(46)) - raft.server.snapshot.auto.trigger.threshold = 10000 (custom)
2022-10-22 01:06:10,611 [pool-264-thread-1] INFO  server.RaftServerConfigKeys (ConfUtils.java:logGet(46)) - raft.server.snapshot.retention.file.num = 5 (custom)
2022-10-22 01:06:10,611 [pool-264-thread-1] INFO  server.RaftServerConfigKeys (ConfUtils.java:logGet(46)) - raft.server.log.purge.upto.snapshot.index = false (default)
2022-10-22 01:06:10,611 [9befe131-ee01-45a3-b6b9-b3ceb7636d7b@group-AF50F2D84CC3-FollowerState] INFO  server.RaftServerConfigKeys (ConfUtils.java:logFallback(53)) - raft.server.rpc.first-election.timeout.min = 5s (fallback to raft.server.rpc.timeout.min)
2022-10-22 01:06:10,615 [9befe131-ee01-45a3-b6b9-b3ceb7636d7b@group-AF50F2D84CC3-FollowerState] INFO  server.RaftServerConfigKeys (ConfUtils.java:logFallback(53)) - raft.server.rpc.first-election.timeout.max = 5200ms (fallback to raft.server.rpc.timeout.max)
2022-10-22 01:06:10,621 [Command processor thread] INFO  commandhandler.CreatePipelineCommandHandler (CreatePipelineCommandHandler.java:handle(113)) - Created Pipeline RATIS THREE PipelineID=a8225ffc-c567-4592-8e17-af50f2d84cc3.
2022-10-22 01:06:10,665 [Command processor thread] INFO  server.RaftServer (RaftServerProxy.java:addNew(96)) - 075aeae4-9dac-4c28-be7c-8f8b2eb5b04f: addNew group-0DB650E5D1BF:[075aeae4-9dac-4c28-be7c-8f8b2eb5b04f|rpc:10.1.0.62:36955|priority:1|startupRole:FOLLOWER] returns group-0DB650E5D1BF:java.util.concurrent.CompletableFuture@539aa170[Not completed]
2022-10-22 01:06:10,666 [pool-237-thread-1] INFO  server.RaftServer$Division (RaftServerImpl.java:<init>(195)) - 075aeae4-9dac-4c28-be7c-8f8b2eb5b04f: new RaftServerImpl for group-0DB650E5D1BF:[075aeae4-9dac-4c28-be7c-8f8b2eb5b04f|rpc:10.1.0.62:36955|priority:1|startupRole:FOLLOWER] with ContainerStateMachine:uninitialized
2022-10-22 01:06:10,666 [pool-237-thread-1] INFO  server.RaftServerConfigKeys (ConfUtils.java:logGet(46)) - raft.server.rpc.timeout.min = 5s (custom)
2022-10-22 01:06:10,666 [pool-237-thread-1] INFO  server.RaftServerConfigKeys (ConfUtils.java:logGet(46)) - raft.server.rpc.timeout.max = 5200ms (custom)
2022-10-22 01:06:10,666 [pool-237-thread-1] INFO  server.RaftServerConfigKeys (ConfUtils.java:logGet(46)) - raft.server.rpc.sleep.time = 25ms (default)
2022-10-22 01:06:10,666 [pool-237-thread-1] INFO  server.RaftServerConfigKeys (ConfUtils.java:logGet(46)) - raft.server.rpc.slowness.timeout = 300s (custom)
2022-10-22 01:06:10,666 [pool-237-thread-1] INFO  server.RaftServerConfigKeys (ConfUtils.java:logGet(46)) - raft.server.leaderelection.leader.step-down.wait-time = 10s (default)
2022-10-22 01:06:10,666 [pool-237-thread-1] INFO  server.RaftServerConfigKeys (ConfUtils.java:logGet(46)) - raft.server.sleep.deviation.threshold = 300ms (default)
2022-10-22 01:06:10,666 [pool-237-thread-1] INFO  server.RaftServer$Division (ServerState.java:<init>(118)) - 075aeae4-9dac-4c28-be7c-8f8b2eb5b04f@group-0DB650E5D1BF: ConfigurationManager, init=-1: peers:[075aeae4-9dac-4c28-be7c-8f8b2eb5b04f|rpc:10.1.0.62:36955|priority:1|startupRole:FOLLOWER]|listeners:[], old=null, confs=<EMPTY_MAP>
2022-10-22 01:06:10,666 [pool-237-thread-1] INFO  server.RaftServerConfigKeys (ConfUtils.java:logGet(46)) - raft.server.storage.dir = [/home/runner/work/ozone/ozone/hadoop-ozone/integration-test/target/test-dir/MiniOzoneClusterImpl-a988f88d-4efe-430b-bf3c-a1e83706c790/datanode-7/data/ratis] (custom)
2022-10-22 01:06:10,666 [pool-237-thread-1] INFO  server.RaftServerConfigKeys (ConfUtils.java:logGet(46)) - raft.server.log.corruption.policy = EXCEPTION (default)
2022-10-22 01:06:10,666 [pool-237-thread-1] INFO  server.RaftServerConfigKeys (ConfUtils.java:logGet(46)) - raft.server.storage.free-space.min = 0MB (=0) (default)
2022-10-22 01:06:10,666 [pool-237-thread-1] INFO  server.RaftServerConfigKeys (ConfUtils.java:logGet(46)) - raft.server.notification.no-leader.timeout = 300s (custom)
2022-10-22 01:06:10,666 [pool-237-thread-1] INFO  server.RaftServerConfigKeys (ConfUtils.java:logGet(46)) - raft.server.retrycache.expirytime = 600000ms (custom)
2022-10-22 01:06:10,666 [pool-237-thread-1] INFO  server.RaftServerConfigKeys (ConfUtils.java:logGet(46)) - raft.server.retrycache.statistics.expirytime = 100μs (default)
2022-10-22 01:06:10,667 [pool-237-thread-1] INFO  server.RaftServerConfigKeys (ConfUtils.java:logGet(46)) - raft.server.log.appender.install.snapshot.enabled = false (custom)
2022-10-22 01:06:10,667 [pool-237-thread-1] INFO  server.RaftServerConfigKeys (ConfUtils.java:logGet(46)) - raft.server.threadpool.server.cached = true (default)
2022-10-22 01:06:10,668 [pool-237-thread-1] INFO  server.RaftServerConfigKeys (ConfUtils.java:logGet(46)) - raft.server.threadpool.server.size = 0 (default)
2022-10-22 01:06:10,668 [pool-237-thread-1] INFO  server.RaftServerConfigKeys (ConfUtils.java:logGet(46)) - raft.server.threadpool.client.cached = true (default)
2022-10-22 01:06:10,668 [pool-237-thread-1] INFO  server.RaftServerConfigKeys (ConfUtils.java:logGet(46)) - raft.server.threadpool.client.size = 0 (default)
2022-10-22 01:06:10,668 [pool-237-thread-1] INFO  storage.RaftStorageDirectory (RaftStorageDirectoryImpl.java:analyzeStorage(137)) - The storage directory /home/runner/work/ozone/ozone/hadoop-ozone/integration-test/target/test-dir/MiniOzoneClusterImpl-a988f88d-4efe-430b-bf3c-a1e83706c790/datanode-7/data/ratis/bec17ebf-ab8d-4886-9597-0db650e5d1bf does not exist. Creating ...
2022-10-22 01:06:10,668 [pool-237-thread-1] INFO  storage.RaftStorageDirectory (RaftStorageDirectoryImpl.java:tryLock(231)) - Lock on /home/runner/work/ozone/ozone/hadoop-ozone/integration-test/target/test-dir/MiniOzoneClusterImpl-a988f88d-4efe-430b-bf3c-a1e83706c790/datanode-7/data/ratis/bec17ebf-ab8d-4886-9597-0db650e5d1bf/in_use.lock acquired by nodename 13814@fv-az334-928
2022-10-22 01:06:10,669 [pool-237-thread-1] INFO  storage.RaftStorage (RaftStorageImpl.java:format(96)) - Storage directory /home/runner/work/ozone/ozone/hadoop-ozone/integration-test/target/test-dir/MiniOzoneClusterImpl-a988f88d-4efe-430b-bf3c-a1e83706c790/datanode-7/data/ratis/bec17ebf-ab8d-4886-9597-0db650e5d1bf has been successfully formatted.
2022-10-22 01:06:10,670 [pool-237-thread-1] INFO  ratis.ContainerStateMachine (ContainerStateMachine.java:loadSnapshot(236)) - group-0DB650E5D1BF: The snapshot info is null. Setting the last applied indexto:(t:0, i:~)
2022-10-22 01:06:10,670 [pool-237-thread-1] INFO  server.RaftServerConfigKeys (ConfUtils.java:logGet(46)) - raft.server.log.use.memory = false (default)
2022-10-22 01:06:10,670 [pool-237-thread-1] INFO  server.RaftServerConfigKeys (ConfUtils.java:logGet(46)) - raft.server.log.purge.gap = 1000000 (custom)
2022-10-22 01:06:10,670 [pool-237-thread-1] INFO  server.RaftServerConfigKeys (ConfUtils.java:logGet(46)) - raft.server.log.appender.buffer.byte-limit = 33554432 (custom)
2022-10-22 01:06:10,670 [pool-237-thread-1] INFO  server.RaftServerConfigKeys (ConfUtils.java:logGet(46)) - raft.server.log.statemachine.data.read.timeout = 1000ms (default)
2022-10-22 01:06:10,670 [pool-237-thread-1] INFO  server.RaftServerConfigKeys (ConfUtils.java:logGet(46)) - raft.server.log.purge.preservation.log.num = 0 (default)
2022-10-22 01:06:10,670 [pool-237-thread-1] INFO  server.RaftServerConfigKeys (ConfUtils.java:logGet(46)) - raft.server.log.segment.size.max = 1048576 (custom)
2022-10-22 01:06:10,671 [EventQueue-PipelineReportForPipelineReportHandler] INFO  pipeline.PipelineManagerImpl (PipelineManagerImpl.java:openPipeline(367)) - Pipeline Pipeline[ Id: bec17ebf-ab8d-4886-9597-0db650e5d1bf, Nodes: 075aeae4-9dac-4c28-be7c-8f8b2eb5b04f{ip: 10.1.0.62, host: fv-az334-928.zg0gw54pbdoexfhqlmz30d51na.gx.internal.cloudapp.net, ports: [REPLICATION=42861, RATIS=36955, RATIS_ADMIN=36955, RATIS_SERVER=36955, STANDALONE=37983], networkLocation: /default-rack, certSerialId: null, persistedOpState: IN_SERVICE, persistedOpStateExpiryEpochSec: 0}, ReplicationConfig: RATIS/ONE, State:ALLOCATED, leaderId:075aeae4-9dac-4c28-be7c-8f8b2eb5b04f, CreationTimestamp2022-10-22T01:06:07.670Z[Etc/UTC]] moved to OPEN state
2022-10-22 01:06:10,672 [EventQueue-OpenPipelineForHealthyPipelineSafeModeRule] INFO  safemode.SCMSafeModeManager (HealthyPipelineSafeModeRule.java:process(137)) - SCM in safe mode. Healthy pipelines reported count is 0, required healthy pipeline reported count is 1
2022-10-22 01:06:10,672 [pool-237-thread-1] INFO  server.RaftServerConfigKeys (ConfUtils.java:logGet(46)) - raft.server.log.segment.cache.num.max = 2 (custom)
2022-10-22 01:06:10,673 [pool-237-thread-1] INFO  server.RaftServerConfigKeys (ConfUtils.java:logGet(46)) - raft.server.log.segment.cache.size.max = 200MB (=209715200) (default)
2022-10-22 01:06:10,673 [pool-237-thread-1] INFO  segmented.SegmentedRaftLogWorker (SegmentedRaftLogWorker.java:<init>(191)) - new 075aeae4-9dac-4c28-be7c-8f8b2eb5b04f@group-0DB650E5D1BF-SegmentedRaftLogWorker for RaftStorageImpl:Storage Directory /home/runner/work/ozone/ozone/hadoop-ozone/integration-test/target/test-dir/MiniOzoneClusterImpl-a988f88d-4efe-430b-bf3c-a1e83706c790/datanode-7/data/ratis/bec17ebf-ab8d-4886-9597-0db650e5d1bf
2022-10-22 01:06:10,673 [pool-237-thread-1] INFO  server.RaftServerConfigKeys (ConfUtils.java:logGet(46)) - raft.server.log.queue.byte-limit = 4294967296 (custom)
2022-10-22 01:06:10,673 [pool-237-thread-1] INFO  server.RaftServerConfigKeys (ConfUtils.java:logGet(46)) - raft.server.log.queue.element-limit = 1024 (custom)
2022-10-22 01:06:10,673 [pool-237-thread-1] INFO  server.RaftServerConfigKeys (ConfUtils.java:logGet(46)) - raft.server.log.segment.size.max = 1048576 (custom)
2022-10-22 01:06:10,673 [pool-237-thread-1] INFO  server.RaftServerConfigKeys (ConfUtils.java:logGet(46)) - raft.server.log.preallocated.size = 16384 (custom)
2022-10-22 01:06:10,673 [pool-237-thread-1] INFO  server.RaftServerConfigKeys (ConfUtils.java:logGet(46)) - raft.server.log.force.sync.num = 128 (default)
2022-10-22 01:06:10,673 [pool-237-thread-1] INFO  server.RaftServerConfigKeys (ConfUtils.java:logGet(46)) - raft.server.log.statemachine.data.sync = true (default)
2022-10-22 01:06:10,673 [pool-237-thread-1] INFO  server.RaftServerConfigKeys (ConfUtils.java:logGet(46)) - raft.server.log.statemachine.data.sync.timeout = 10s (default)
2022-10-22 01:06:10,673 [pool-237-thread-1] INFO  server.RaftServerConfigKeys (ConfUtils.java:logGet(46)) - raft.server.log.statemachine.data.sync.timeout.retry = -1 (default)
2022-10-22 01:06:10,674 [pool-237-thread-1] INFO  server.RaftServerConfigKeys (ConfUtils.java:logGet(46)) - raft.server.log.write.buffer.size = 1048576 (custom)
2022-10-22 01:06:10,674 [pool-237-thread-1] INFO  server.RaftServerConfigKeys (ConfUtils.java:logGet(46)) - raft.server.log.unsafe-flush.enabled = false (default)
2022-10-22 01:06:10,674 [pool-237-thread-1] INFO  server.RaftServerConfigKeys (ConfUtils.java:logGet(46)) - raft.server.log.async-flush.enabled = false (default)
2022-10-22 01:06:10,674 [pool-237-thread-1] INFO  server.RaftServerConfigKeys (ConfUtils.java:logGet(46)) - raft.server.log.statemachine.data.caching.enabled = true (custom)
2022-10-22 01:06:10,674 [pool-237-thread-1] INFO  segmented.SegmentedRaftLogWorker (SegmentedRaftLogWorker.java:lambda$new$0(136)) - 075aeae4-9dac-4c28-be7c-8f8b2eb5b04f@group-0DB650E5D1BF-SegmentedRaftLogWorker: flushIndex: setUnconditionally 0 -> -1
2022-10-22 01:06:10,674 [pool-237-thread-1] INFO  segmented.SegmentedRaftLogWorker (SegmentedRaftLogWorker.java:lambda$new$0(136)) - 075aeae4-9dac-4c28-be7c-8f8b2eb5b04f@group-0DB650E5D1BF-SegmentedRaftLogWorker: safeCacheEvictIndex: setUnconditionally 0 -> -1
2022-10-22 01:06:10,674 [pool-237-thread-1] INFO  server.RaftServer$Division (RaftServerImpl.java:start(334)) - 075aeae4-9dac-4c28-be7c-8f8b2eb5b04f@group-0DB650E5D1BF: start as a follower, conf=-1: peers:[075aeae4-9dac-4c28-be7c-8f8b2eb5b04f|rpc:10.1.0.62:36955|priority:1|startupRole:FOLLOWER]|listeners:[], old=null
2022-10-22 01:06:10,674 [pool-237-thread-1] INFO  server.RaftServer$Division (RaftServerImpl.java:setRole(321)) - 075aeae4-9dac-4c28-be7c-8f8b2eb5b04f@group-0DB650E5D1BF: changes role from      null to FOLLOWER at term 0 for startAsFollower
2022-10-22 01:06:10,674 [pool-237-thread-1] INFO  impl.RoleInfo (RoleInfo.java:updateAndGet(139)) - 075aeae4-9dac-4c28-be7c-8f8b2eb5b04f: start 075aeae4-9dac-4c28-be7c-8f8b2eb5b04f@group-0DB650E5D1BF-FollowerState
2022-10-22 01:06:10,675 [pool-237-thread-1] INFO  util.JmxRegister (JmxRegister.java:tryRegister(44)) - Successfully registered JMX Bean with object name Ratis:service=RaftServer,group=group-0DB650E5D1BF,id=075aeae4-9dac-4c28-be7c-8f8b2eb5b04f
2022-10-22 01:06:10,675 [pool-237-thread-1] INFO  server.RaftServerConfigKeys (ConfUtils.java:logGet(46)) - raft.server.snapshot.auto.trigger.enabled = true (custom)
2022-10-22 01:06:10,675 [pool-237-thread-1] INFO  server.RaftServerConfigKeys (ConfUtils.java:logGet(46)) - raft.server.snapshot.auto.trigger.threshold = 10000 (custom)
2022-10-22 01:06:10,675 [pool-237-thread-1] INFO  server.RaftServerConfigKeys (ConfUtils.java:logGet(46)) - raft.server.snapshot.retention.file.num = 5 (custom)
2022-10-22 01:06:10,675 [pool-237-thread-1] INFO  server.RaftServerConfigKeys (ConfUtils.java:logGet(46)) - raft.server.log.purge.upto.snapshot.index = false (default)
2022-10-22 01:06:10,675 [075aeae4-9dac-4c28-be7c-8f8b2eb5b04f@group-0DB650E5D1BF-FollowerState] INFO  server.RaftServerConfigKeys (ConfUtils.java:logFallback(53)) - raft.server.rpc.first-election.timeout.min = 5s (fallback to raft.server.rpc.timeout.min)
2022-10-22 01:06:10,675 [075aeae4-9dac-4c28-be7c-8f8b2eb5b04f@group-0DB650E5D1BF-FollowerState] INFO  server.RaftServerConfigKeys (ConfUtils.java:logFallback(53)) - raft.server.rpc.first-election.timeout.max = 5200ms (fallback to raft.server.rpc.timeout.max)
2022-10-22 01:06:10,675 [Command processor thread] INFO  ratis.XceiverServerRatis (XceiverServerRatis.java:addGroup(765)) - Created group PipelineID=bec17ebf-ab8d-4886-9597-0db650e5d1bf
2022-10-22 01:06:10,676 [Command processor thread] INFO  commandhandler.CreatePipelineCommandHandler (CreatePipelineCommandHandler.java:handle(113)) - Created Pipeline RATIS ONE PipelineID=bec17ebf-ab8d-4886-9597-0db650e5d1bf.
2022-10-22 01:06:10,993 [Command processor thread] INFO  server.RaftServer (RaftServerProxy.java:addNew(96)) - 9befe131-ee01-45a3-b6b9-b3ceb7636d7b: addNew group-541EFBBE7205:[9befe131-ee01-45a3-b6b9-b3ceb7636d7b|rpc:10.1.0.62:36783|priority:1|startupRole:FOLLOWER] returns group-541EFBBE7205:java.util.concurrent.CompletableFuture@7ed8c302[Not completed]
2022-10-22 01:06:10,994 [pool-264-thread-1] INFO  server.RaftServer$Division (RaftServerImpl.java:<init>(195)) - 9befe131-ee01-45a3-b6b9-b3ceb7636d7b: new RaftServerImpl for group-541EFBBE7205:[9befe131-ee01-45a3-b6b9-b3ceb7636d7b|rpc:10.1.0.62:36783|priority:1|startupRole:FOLLOWER] with ContainerStateMachine:uninitialized
2022-10-22 01:06:10,994 [pool-264-thread-1] INFO  server.RaftServerConfigKeys (ConfUtils.java:logGet(46)) - raft.server.rpc.timeout.min = 5s (custom)
2022-10-22 01:06:10,994 [pool-264-thread-1] INFO  server.RaftServerConfigKeys (ConfUtils.java:logGet(46)) - raft.server.rpc.timeout.max = 5200ms (custom)
2022-10-22 01:06:10,994 [pool-264-thread-1] INFO  server.RaftServerConfigKeys (ConfUtils.java:logGet(46)) - raft.server.rpc.sleep.time = 25ms (default)
2022-10-22 01:06:10,994 [pool-264-thread-1] INFO  server.RaftServerConfigKeys (ConfUtils.java:logGet(46)) - raft.server.rpc.slowness.timeout = 300s (custom)
2022-10-22 01:06:10,994 [pool-264-thread-1] INFO  server.RaftServerConfigKeys (ConfUtils.java:logGet(46)) - raft.server.leaderelection.leader.step-down.wait-time = 10s (default)
2022-10-22 01:06:10,994 [pool-264-thread-1] INFO  server.RaftServerConfigKeys (ConfUtils.java:logGet(46)) - raft.server.sleep.deviation.threshold = 300ms (default)
2022-10-22 01:06:10,994 [pool-264-thread-1] INFO  server.RaftServer$Division (ServerState.java:<init>(118)) - 9befe131-ee01-45a3-b6b9-b3ceb7636d7b@group-541EFBBE7205: ConfigurationManager, init=-1: peers:[9befe131-ee01-45a3-b6b9-b3ceb7636d7b|rpc:10.1.0.62:36783|priority:1|startupRole:FOLLOWER]|listeners:[], old=null, confs=<EMPTY_MAP>
2022-10-22 01:06:10,994 [pool-264-thread-1] INFO  server.RaftServerConfigKeys (ConfUtils.java:logGet(46)) - raft.server.storage.dir = [/home/runner/work/ozone/ozone/hadoop-ozone/integration-test/target/test-dir/MiniOzoneClusterImpl-a988f88d-4efe-430b-bf3c-a1e83706c790/datanode-8/data/ratis] (custom)
2022-10-22 01:06:10,994 [pool-264-thread-1] INFO  server.RaftServerConfigKeys (ConfUtils.java:logGet(46)) - raft.server.log.corruption.policy = EXCEPTION (default)
2022-10-22 01:06:10,994 [pool-264-thread-1] INFO  server.RaftServerConfigKeys (ConfUtils.java:logGet(46)) - raft.server.storage.free-space.min = 0MB (=0) (default)
2022-10-22 01:06:10,994 [pool-264-thread-1] INFO  server.RaftServerConfigKeys (ConfUtils.java:logGet(46)) - raft.server.notification.no-leader.timeout = 300s (custom)
2022-10-22 01:06:10,994 [pool-264-thread-1] INFO  server.RaftServerConfigKeys (ConfUtils.java:logGet(46)) - raft.server.retrycache.expirytime = 600000ms (custom)
2022-10-22 01:06:10,994 [pool-264-thread-1] INFO  server.RaftServerConfigKeys (ConfUtils.java:logGet(46)) - raft.server.retrycache.statistics.expirytime = 100μs (default)
2022-10-22 01:06:10,995 [pool-264-thread-1] INFO  server.RaftServerConfigKeys (ConfUtils.java:logGet(46)) - raft.server.log.appender.install.snapshot.enabled = false (custom)
2022-10-22 01:06:10,996 [pool-264-thread-1] INFO  server.RaftServerConfigKeys (ConfUtils.java:logGet(46)) - raft.server.threadpool.server.cached = true (default)
2022-10-22 01:06:10,996 [pool-264-thread-1] INFO  server.RaftServerConfigKeys (ConfUtils.java:logGet(46)) - raft.server.threadpool.server.size = 0 (default)
2022-10-22 01:06:10,996 [pool-264-thread-1] INFO  server.RaftServerConfigKeys (ConfUtils.java:logGet(46)) - raft.server.threadpool.client.cached = true (default)
2022-10-22 01:06:10,996 [pool-264-thread-1] INFO  server.RaftServerConfigKeys (ConfUtils.java:logGet(46)) - raft.server.threadpool.client.size = 0 (default)
2022-10-22 01:06:10,996 [pool-264-thread-1] INFO  storage.RaftStorageDirectory (RaftStorageDirectoryImpl.java:analyzeStorage(137)) - The storage directory /home/runner/work/ozone/ozone/hadoop-ozone/integration-test/target/test-dir/MiniOzoneClusterImpl-a988f88d-4efe-430b-bf3c-a1e83706c790/datanode-8/data/ratis/f12cc427-415b-4152-baf9-541efbbe7205 does not exist. Creating ...
2022-10-22 01:06:10,996 [pool-264-thread-1] INFO  storage.RaftStorageDirectory (RaftStorageDirectoryImpl.java:tryLock(231)) - Lock on /home/runner/work/ozone/ozone/hadoop-ozone/integration-test/target/test-dir/MiniOzoneClusterImpl-a988f88d-4efe-430b-bf3c-a1e83706c790/datanode-8/data/ratis/f12cc427-415b-4152-baf9-541efbbe7205/in_use.lock acquired by nodename 13814@fv-az334-928
2022-10-22 01:06:10,997 [pool-264-thread-1] INFO  storage.RaftStorage (RaftStorageImpl.java:format(96)) - Storage directory /home/runner/work/ozone/ozone/hadoop-ozone/integration-test/target/test-dir/MiniOzoneClusterImpl-a988f88d-4efe-430b-bf3c-a1e83706c790/datanode-8/data/ratis/f12cc427-415b-4152-baf9-541efbbe7205 has been successfully formatted.
2022-10-22 01:06:10,998 [pool-264-thread-1] INFO  ratis.ContainerStateMachine (ContainerStateMachine.java:loadSnapshot(236)) - group-541EFBBE7205: The snapshot info is null. Setting the last applied indexto:(t:0, i:~)
2022-10-22 01:06:10,999 [EventQueue-PipelineReportForPipelineReportHandler] INFO  pipeline.PipelineManagerImpl (PipelineManagerImpl.java:openPipeline(367)) - Pipeline Pipeline[ Id: f12cc427-415b-4152-baf9-541efbbe7205, Nodes: 9befe131-ee01-45a3-b6b9-b3ceb7636d7b{ip: 10.1.0.62, host: fv-az334-928.zg0gw54pbdoexfhqlmz30d51na.gx.internal.cloudapp.net, ports: [REPLICATION=35173, RATIS=36783, RATIS_ADMIN=36783, RATIS_SERVER=36783, STANDALONE=45701], networkLocation: /default-rack, certSerialId: null, persistedOpState: IN_SERVICE, persistedOpStateExpiryEpochSec: 0}, ReplicationConfig: RATIS/ONE, State:ALLOCATED, leaderId:9befe131-ee01-45a3-b6b9-b3ceb7636d7b, CreationTimestamp2022-10-22T01:06:07.997Z[Etc/UTC]] moved to OPEN state
2022-10-22 01:06:11,000 [EventQueue-OpenPipelineForHealthyPipelineSafeModeRule] INFO  safemode.SCMSafeModeManager (HealthyPipelineSafeModeRule.java:process(137)) - SCM in safe mode. Healthy pipelines reported count is 0, required healthy pipeline reported count is 1
2022-10-22 01:06:11,000 [pool-264-thread-1] INFO  server.RaftServerConfigKeys (ConfUtils.java:logGet(46)) - raft.server.log.use.memory = false (default)
2022-10-22 01:06:11,003 [pool-264-thread-1] INFO  server.RaftServerConfigKeys (ConfUtils.java:logGet(46)) - raft.server.log.purge.gap = 1000000 (custom)
2022-10-22 01:06:11,003 [pool-264-thread-1] INFO  server.RaftServerConfigKeys (ConfUtils.java:logGet(46)) - raft.server.log.appender.buffer.byte-limit = 33554432 (custom)
2022-10-22 01:06:11,003 [pool-264-thread-1] INFO  server.RaftServerConfigKeys (ConfUtils.java:logGet(46)) - raft.server.log.statemachine.data.read.timeout = 1000ms (default)
2022-10-22 01:06:11,003 [pool-264-thread-1] INFO  server.RaftServerConfigKeys (ConfUtils.java:logGet(46)) - raft.server.log.purge.preservation.log.num = 0 (default)
2022-10-22 01:06:11,003 [pool-264-thread-1] INFO  server.RaftServerConfigKeys (ConfUtils.java:logGet(46)) - raft.server.log.segment.size.max = 1048576 (custom)
2022-10-22 01:06:11,003 [pool-264-thread-1] INFO  server.RaftServerConfigKeys (ConfUtils.java:logGet(46)) - raft.server.log.segment.cache.num.max = 2 (custom)
2022-10-22 01:06:11,003 [pool-264-thread-1] INFO  server.RaftServerConfigKeys (ConfUtils.java:logGet(46)) - raft.server.log.segment.cache.size.max = 200MB (=209715200) (default)
2022-10-22 01:06:11,003 [pool-264-thread-1] INFO  segmented.SegmentedRaftLogWorker (SegmentedRaftLogWorker.java:<init>(191)) - new 9befe131-ee01-45a3-b6b9-b3ceb7636d7b@group-541EFBBE7205-SegmentedRaftLogWorker for RaftStorageImpl:Storage Directory /home/runner/work/ozone/ozone/hadoop-ozone/integration-test/target/test-dir/MiniOzoneClusterImpl-a988f88d-4efe-430b-bf3c-a1e83706c790/datanode-8/data/ratis/f12cc427-415b-4152-baf9-541efbbe7205
2022-10-22 01:06:11,003 [pool-264-thread-1] INFO  server.RaftServerConfigKeys (ConfUtils.java:logGet(46)) - raft.server.log.queue.byte-limit = 4294967296 (custom)
2022-10-22 01:06:11,003 [pool-264-thread-1] INFO  server.RaftServerConfigKeys (ConfUtils.java:logGet(46)) - raft.server.log.queue.element-limit = 1024 (custom)
2022-10-22 01:06:11,004 [pool-264-thread-1] INFO  server.RaftServerConfigKeys (ConfUtils.java:logGet(46)) - raft.server.log.segment.size.max = 1048576 (custom)
2022-10-22 01:06:11,004 [pool-264-thread-1] INFO  server.RaftServerConfigKeys (ConfUtils.java:logGet(46)) - raft.server.log.preallocated.size = 16384 (custom)
2022-10-22 01:06:11,004 [pool-264-thread-1] INFO  server.RaftServerConfigKeys (ConfUtils.java:logGet(46)) - raft.server.log.force.sync.num = 128 (default)
2022-10-22 01:06:11,004 [pool-264-thread-1] INFO  server.RaftServerConfigKeys (ConfUtils.java:logGet(46)) - raft.server.log.statemachine.data.sync = true (default)
2022-10-22 01:06:11,004 [pool-264-thread-1] INFO  server.RaftServerConfigKeys (ConfUtils.java:logGet(46)) - raft.server.log.statemachine.data.sync.timeout = 10s (default)
2022-10-22 01:06:11,004 [pool-264-thread-1] INFO  server.RaftServerConfigKeys (ConfUtils.java:logGet(46)) - raft.server.log.statemachine.data.sync.timeout.retry = -1 (default)
2022-10-22 01:06:11,004 [pool-264-thread-1] INFO  server.RaftServerConfigKeys (ConfUtils.java:logGet(46)) - raft.server.log.write.buffer.size = 1048576 (custom)
2022-10-22 01:06:11,005 [pool-264-thread-1] INFO  server.RaftServerConfigKeys (ConfUtils.java:logGet(46)) - raft.server.log.unsafe-flush.enabled = false (default)
2022-10-22 01:06:11,005 [pool-264-thread-1] INFO  server.RaftServerConfigKeys (ConfUtils.java:logGet(46)) - raft.server.log.async-flush.enabled = false (default)
2022-10-22 01:06:11,005 [pool-264-thread-1] INFO  server.RaftServerConfigKeys (ConfUtils.java:logGet(46)) - raft.server.log.statemachine.data.caching.enabled = true (custom)
2022-10-22 01:06:11,005 [pool-264-thread-1] INFO  segmented.SegmentedRaftLogWorker (SegmentedRaftLogWorker.java:lambda$new$0(136)) - 9befe131-ee01-45a3-b6b9-b3ceb7636d7b@group-541EFBBE7205-SegmentedRaftLogWorker: flushIndex: setUnconditionally 0 -> -1
2022-10-22 01:06:11,005 [pool-264-thread-1] INFO  segmented.SegmentedRaftLogWorker (SegmentedRaftLogWorker.java:lambda$new$0(136)) - 9befe131-ee01-45a3-b6b9-b3ceb7636d7b@group-541EFBBE7205-SegmentedRaftLogWorker: safeCacheEvictIndex: setUnconditionally 0 -> -1
2022-10-22 01:06:11,005 [pool-264-thread-1] INFO  server.RaftServer$Division (RaftServerImpl.java:start(334)) - 9befe131-ee01-45a3-b6b9-b3ceb7636d7b@group-541EFBBE7205: start as a follower, conf=-1: peers:[9befe131-ee01-45a3-b6b9-b3ceb7636d7b|rpc:10.1.0.62:36783|priority:1|startupRole:FOLLOWER]|listeners:[], old=null
2022-10-22 01:06:11,005 [pool-264-thread-1] INFO  server.RaftServer$Division (RaftServerImpl.java:setRole(321)) - 9befe131-ee01-45a3-b6b9-b3ceb7636d7b@group-541EFBBE7205: changes role from      null to FOLLOWER at term 0 for startAsFollower
2022-10-22 01:06:11,005 [pool-264-thread-1] INFO  impl.RoleInfo (RoleInfo.java:updateAndGet(139)) - 9befe131-ee01-45a3-b6b9-b3ceb7636d7b: start 9befe131-ee01-45a3-b6b9-b3ceb7636d7b@group-541EFBBE7205-FollowerState
2022-10-22 01:06:11,006 [pool-264-thread-1] INFO  util.JmxRegister (JmxRegister.java:tryRegister(44)) - Successfully registered JMX Bean with object name Ratis:service=RaftServer,group=group-541EFBBE7205,id=9befe131-ee01-45a3-b6b9-b3ceb7636d7b
2022-10-22 01:06:11,006 [pool-264-thread-1] INFO  server.RaftServerConfigKeys (ConfUtils.java:logGet(46)) - raft.server.snapshot.auto.trigger.enabled = true (custom)
2022-10-22 01:06:11,006 [pool-264-thread-1] INFO  server.RaftServerConfigKeys (ConfUtils.java:logGet(46)) - raft.server.snapshot.auto.trigger.threshold = 10000 (custom)
2022-10-22 01:06:11,006 [pool-264-thread-1] INFO  server.RaftServerConfigKeys (ConfUtils.java:logGet(46)) - raft.server.snapshot.retention.file.num = 5 (custom)
2022-10-22 01:06:11,006 [pool-264-thread-1] INFO  server.RaftServerConfigKeys (ConfUtils.java:logGet(46)) - raft.server.log.purge.upto.snapshot.index = false (default)
2022-10-22 01:06:11,006 [9befe131-ee01-45a3-b6b9-b3ceb7636d7b@group-541EFBBE7205-FollowerState] INFO  server.RaftServerConfigKeys (ConfUtils.java:logFallback(53)) - raft.server.rpc.first-election.timeout.min = 5s (fallback to raft.server.rpc.timeout.min)
2022-10-22 01:06:11,007 [9befe131-ee01-45a3-b6b9-b3ceb7636d7b@group-541EFBBE7205-FollowerState] INFO  server.RaftServerConfigKeys (ConfUtils.java:logFallback(53)) - raft.server.rpc.first-election.timeout.max = 5200ms (fallback to raft.server.rpc.timeout.max)
2022-10-22 01:06:11,007 [Command processor thread] INFO  ratis.XceiverServerRatis (XceiverServerRatis.java:addGroup(765)) - Created group PipelineID=f12cc427-415b-4152-baf9-541efbbe7205
2022-10-22 01:06:11,007 [Command processor thread] INFO  commandhandler.CreatePipelineCommandHandler (CreatePipelineCommandHandler.java:handle(113)) - Created Pipeline RATIS ONE PipelineID=f12cc427-415b-4152-baf9-541efbbe7205.
2022-10-22 01:06:11,328 [Listener at 127.0.0.1/34145] INFO  ozone.MiniOzoneClusterImpl (MiniOzoneClusterImpl.java:lambda$waitForClusterToBeReady$0(216)) - Nodes are ready. Got 10 of 10 DN Heartbeats.
2022-10-22 01:06:11,328 [Listener at 127.0.0.1/34145] INFO  ozone.MiniOzoneClusterImpl (MiniOzoneClusterImpl.java:lambda$waitForClusterToBeReady$0(219)) - Waiting for cluster to exit safe mode
2022-10-22 01:06:11,328 [Listener at 127.0.0.1/34145] INFO  ozone.MiniOzoneClusterImpl (MiniOzoneClusterImpl.java:lambda$waitForClusterToBeReady$0(221)) - SCM became leader
2022-10-22 01:06:11,336 [Command processor thread] INFO  server.RaftServer (RaftServerProxy.java:addNew(96)) - eb081a82-3196-45ae-99e9-89c991687437: addNew group-9B766A163DE0:[eb081a82-3196-45ae-99e9-89c991687437|rpc:10.1.0.62:45551|priority:1|startupRole:FOLLOWER] returns group-9B766A163DE0:java.util.concurrent.CompletableFuture@415f1aa6[Not completed]
2022-10-22 01:06:11,337 [pool-287-thread-1] INFO  server.RaftServer$Division (RaftServerImpl.java:<init>(195)) - eb081a82-3196-45ae-99e9-89c991687437: new RaftServerImpl for group-9B766A163DE0:[eb081a82-3196-45ae-99e9-89c991687437|rpc:10.1.0.62:45551|priority:1|startupRole:FOLLOWER] with ContainerStateMachine:uninitialized
2022-10-22 01:06:11,338 [pool-287-thread-1] INFO  server.RaftServerConfigKeys (ConfUtils.java:logGet(46)) - raft.server.rpc.timeout.min = 5s (custom)
2022-10-22 01:06:11,338 [pool-287-thread-1] INFO  server.RaftServerConfigKeys (ConfUtils.java:logGet(46)) - raft.server.rpc.timeout.max = 5200ms (custom)
2022-10-22 01:06:11,338 [pool-287-thread-1] INFO  server.RaftServerConfigKeys (ConfUtils.java:logGet(46)) - raft.server.rpc.sleep.time = 25ms (default)
2022-10-22 01:06:11,338 [pool-287-thread-1] INFO  server.RaftServerConfigKeys (ConfUtils.java:logGet(46)) - raft.server.rpc.slowness.timeout = 300s (custom)
2022-10-22 01:06:11,338 [pool-287-thread-1] INFO  server.RaftServerConfigKeys (ConfUtils.java:logGet(46)) - raft.server.leaderelection.leader.step-down.wait-time = 10s (default)
2022-10-22 01:06:11,338 [pool-287-thread-1] INFO  server.RaftServerConfigKeys (ConfUtils.java:logGet(46)) - raft.server.sleep.deviation.threshold = 300ms (default)
2022-10-22 01:06:11,338 [pool-287-thread-1] INFO  server.RaftServer$Division (ServerState.java:<init>(118)) - eb081a82-3196-45ae-99e9-89c991687437@group-9B766A163DE0: ConfigurationManager, init=-1: peers:[eb081a82-3196-45ae-99e9-89c991687437|rpc:10.1.0.62:45551|priority:1|startupRole:FOLLOWER]|listeners:[], old=null, confs=<EMPTY_MAP>
2022-10-22 01:06:11,338 [pool-287-thread-1] INFO  server.RaftServerConfigKeys (ConfUtils.java:logGet(46)) - raft.server.storage.dir = [/home/runner/work/ozone/ozone/hadoop-ozone/integration-test/target/test-dir/MiniOzoneClusterImpl-a988f88d-4efe-430b-bf3c-a1e83706c790/datanode-9/data/ratis] (custom)
2022-10-22 01:06:11,338 [pool-287-thread-1] INFO  server.RaftServerConfigKeys (ConfUtils.java:logGet(46)) - raft.server.log.corruption.policy = EXCEPTION (default)
2022-10-22 01:06:11,338 [pool-287-thread-1] INFO  server.RaftServerConfigKeys (ConfUtils.java:logGet(46)) - raft.server.storage.free-space.min = 0MB (=0) (default)
2022-10-22 01:06:11,338 [pool-287-thread-1] INFO  server.RaftServerConfigKeys (ConfUtils.java:logGet(46)) - raft.server.notification.no-leader.timeout = 300s (custom)
2022-10-22 01:06:11,338 [pool-287-thread-1] INFO  server.RaftServerConfigKeys (ConfUtils.java:logGet(46)) - raft.server.retrycache.expirytime = 600000ms (custom)
2022-10-22 01:06:11,338 [pool-287-thread-1] INFO  server.RaftServerConfigKeys (ConfUtils.java:logGet(46)) - raft.server.retrycache.statistics.expirytime = 100μs (default)
2022-10-22 01:06:11,340 [pool-287-thread-1] INFO  server.RaftServerConfigKeys (ConfUtils.java:logGet(46)) - raft.server.log.appender.install.snapshot.enabled = false (custom)
2022-10-22 01:06:11,340 [pool-287-thread-1] INFO  server.RaftServerConfigKeys (ConfUtils.java:logGet(46)) - raft.server.threadpool.server.cached = true (default)
2022-10-22 01:06:11,340 [pool-287-thread-1] INFO  server.RaftServerConfigKeys (ConfUtils.java:logGet(46)) - raft.server.threadpool.server.size = 0 (default)
2022-10-22 01:06:11,340 [pool-287-thread-1] INFO  server.RaftServerConfigKeys (ConfUtils.java:logGet(46)) - raft.server.threadpool.client.cached = true (default)
2022-10-22 01:06:11,340 [pool-287-thread-1] INFO  server.RaftServerConfigKeys (ConfUtils.java:logGet(46)) - raft.server.threadpool.client.size = 0 (default)
2022-10-22 01:06:11,340 [pool-287-thread-1] INFO  storage.RaftStorageDirectory (RaftStorageDirectoryImpl.java:analyzeStorage(137)) - The storage directory /home/runner/work/ozone/ozone/hadoop-ozone/integration-test/target/test-dir/MiniOzoneClusterImpl-a988f88d-4efe-430b-bf3c-a1e83706c790/datanode-9/data/ratis/cdcaaef4-c08e-41ab-8721-9b766a163de0 does not exist. Creating ...
2022-10-22 01:06:11,341 [pool-287-thread-1] INFO  storage.RaftStorageDirectory (RaftStorageDirectoryImpl.java:tryLock(231)) - Lock on /home/runner/work/ozone/ozone/hadoop-ozone/integration-test/target/test-dir/MiniOzoneClusterImpl-a988f88d-4efe-430b-bf3c-a1e83706c790/datanode-9/data/ratis/cdcaaef4-c08e-41ab-8721-9b766a163de0/in_use.lock acquired by nodename 13814@fv-az334-928
2022-10-22 01:06:11,342 [pool-287-thread-1] INFO  storage.RaftStorage (RaftStorageImpl.java:format(96)) - Storage directory /home/runner/work/ozone/ozone/hadoop-ozone/integration-test/target/test-dir/MiniOzoneClusterImpl-a988f88d-4efe-430b-bf3c-a1e83706c790/datanode-9/data/ratis/cdcaaef4-c08e-41ab-8721-9b766a163de0 has been successfully formatted.
2022-10-22 01:06:11,342 [pool-287-thread-1] INFO  ratis.ContainerStateMachine (ContainerStateMachine.java:loadSnapshot(236)) - group-9B766A163DE0: The snapshot info is null. Setting the last applied indexto:(t:0, i:~)
2022-10-22 01:06:11,342 [pool-287-thread-1] INFO  server.RaftServerConfigKeys (ConfUtils.java:logGet(46)) - raft.server.log.use.memory = false (default)
2022-10-22 01:06:11,342 [pool-287-thread-1] INFO  server.RaftServerConfigKeys (ConfUtils.java:logGet(46)) - raft.server.log.purge.gap = 1000000 (custom)
2022-10-22 01:06:11,342 [pool-287-thread-1] INFO  server.RaftServerConfigKeys (ConfUtils.java:logGet(46)) - raft.server.log.appender.buffer.byte-limit = 33554432 (custom)
2022-10-22 01:06:11,342 [pool-287-thread-1] INFO  server.RaftServerConfigKeys (ConfUtils.java:logGet(46)) - raft.server.log.statemachine.data.read.timeout = 1000ms (default)
2022-10-22 01:06:11,342 [pool-287-thread-1] INFO  server.RaftServerConfigKeys (ConfUtils.java:logGet(46)) - raft.server.log.purge.preservation.log.num = 0 (default)
2022-10-22 01:06:11,342 [pool-287-thread-1] INFO  server.RaftServerConfigKeys (ConfUtils.java:logGet(46)) - raft.server.log.segment.size.max = 1048576 (custom)
2022-10-22 01:06:11,343 [pool-287-thread-1] INFO  server.RaftServerConfigKeys (ConfUtils.java:logGet(46)) - raft.server.log.segment.cache.num.max = 2 (custom)
2022-10-22 01:06:11,343 [EventQueue-PipelineReportForPipelineReportHandler] INFO  pipeline.PipelineManagerImpl (PipelineManagerImpl.java:openPipeline(367)) - Pipeline Pipeline[ Id: cdcaaef4-c08e-41ab-8721-9b766a163de0, Nodes: eb081a82-3196-45ae-99e9-89c991687437{ip: 10.1.0.62, host: fv-az334-928.zg0gw54pbdoexfhqlmz30d51na.gx.internal.cloudapp.net, ports: [REPLICATION=40303, RATIS=45551, RATIS_ADMIN=45551, RATIS_SERVER=45551, STANDALONE=33705], networkLocation: /default-rack, certSerialId: null, persistedOpState: IN_SERVICE, persistedOpStateExpiryEpochSec: 0}, ReplicationConfig: RATIS/ONE, State:ALLOCATED, leaderId:eb081a82-3196-45ae-99e9-89c991687437, CreationTimestamp2022-10-22T01:06:08.359Z[Etc/UTC]] moved to OPEN state
2022-10-22 01:06:11,343 [EventQueue-OpenPipelineForHealthyPipelineSafeModeRule] INFO  safemode.SCMSafeModeManager (HealthyPipelineSafeModeRule.java:process(137)) - SCM in safe mode. Healthy pipelines reported count is 0, required healthy pipeline reported count is 1
2022-10-22 01:06:11,344 [pool-287-thread-1] INFO  server.RaftServerConfigKeys (ConfUtils.java:logGet(46)) - raft.server.log.segment.cache.size.max = 200MB (=209715200) (default)
2022-10-22 01:06:11,344 [pool-287-thread-1] INFO  segmented.SegmentedRaftLogWorker (SegmentedRaftLogWorker.java:<init>(191)) - new eb081a82-3196-45ae-99e9-89c991687437@group-9B766A163DE0-SegmentedRaftLogWorker for RaftStorageImpl:Storage Directory /home/runner/work/ozone/ozone/hadoop-ozone/integration-test/target/test-dir/MiniOzoneClusterImpl-a988f88d-4efe-430b-bf3c-a1e83706c790/datanode-9/data/ratis/cdcaaef4-c08e-41ab-8721-9b766a163de0
2022-10-22 01:06:11,344 [pool-287-thread-1] INFO  server.RaftServerConfigKeys (ConfUtils.java:logGet(46)) - raft.server.log.queue.byte-limit = 4294967296 (custom)
2022-10-22 01:06:11,344 [pool-287-thread-1] INFO  server.RaftServerConfigKeys (ConfUtils.java:logGet(46)) - raft.server.log.queue.element-limit = 1024 (custom)
2022-10-22 01:06:11,344 [pool-287-thread-1] INFO  server.RaftServerConfigKeys (ConfUtils.java:logGet(46)) - raft.server.log.segment.size.max = 1048576 (custom)
2022-10-22 01:06:11,344 [pool-287-thread-1] INFO  server.RaftServerConfigKeys (ConfUtils.java:logGet(46)) - raft.server.log.preallocated.size = 16384 (custom)
2022-10-22 01:06:11,344 [pool-287-thread-1] INFO  server.RaftServerConfigKeys (ConfUtils.java:logGet(46)) - raft.server.log.force.sync.num = 128 (default)
2022-10-22 01:06:11,344 [pool-287-thread-1] INFO  server.RaftServerConfigKeys (ConfUtils.java:logGet(46)) - raft.server.log.statemachine.data.sync = true (default)
2022-10-22 01:06:11,344 [pool-287-thread-1] INFO  server.RaftServerConfigKeys (ConfUtils.java:logGet(46)) - raft.server.log.statemachine.data.sync.timeout = 10s (default)
2022-10-22 01:06:11,344 [pool-287-thread-1] INFO  server.RaftServerConfigKeys (ConfUtils.java:logGet(46)) - raft.server.log.statemachine.data.sync.timeout.retry = -1 (default)
2022-10-22 01:06:11,345 [pool-287-thread-1] INFO  server.RaftServerConfigKeys (ConfUtils.java:logGet(46)) - raft.server.log.write.buffer.size = 1048576 (custom)
2022-10-22 01:06:11,345 [pool-287-thread-1] INFO  server.RaftServerConfigKeys (ConfUtils.java:logGet(46)) - raft.server.log.unsafe-flush.enabled = false (default)
2022-10-22 01:06:11,345 [pool-287-thread-1] INFO  server.RaftServerConfigKeys (ConfUtils.java:logGet(46)) - raft.server.log.async-flush.enabled = false (default)
2022-10-22 01:06:11,345 [pool-287-thread-1] INFO  server.RaftServerConfigKeys (ConfUtils.java:logGet(46)) - raft.server.log.statemachine.data.caching.enabled = true (custom)
2022-10-22 01:06:11,345 [pool-287-thread-1] INFO  segmented.SegmentedRaftLogWorker (SegmentedRaftLogWorker.java:lambda$new$0(136)) - eb081a82-3196-45ae-99e9-89c991687437@group-9B766A163DE0-SegmentedRaftLogWorker: flushIndex: setUnconditionally 0 -> -1
2022-10-22 01:06:11,346 [pool-287-thread-1] INFO  segmented.SegmentedRaftLogWorker (SegmentedRaftLogWorker.java:lambda$new$0(136)) - eb081a82-3196-45ae-99e9-89c991687437@group-9B766A163DE0-SegmentedRaftLogWorker: safeCacheEvictIndex: setUnconditionally 0 -> -1
2022-10-22 01:06:11,346 [pool-287-thread-1] INFO  server.RaftServer$Division (RaftServerImpl.java:start(334)) - eb081a82-3196-45ae-99e9-89c991687437@group-9B766A163DE0: start as a follower, conf=-1: peers:[eb081a82-3196-45ae-99e9-89c991687437|rpc:10.1.0.62:45551|priority:1|startupRole:FOLLOWER]|listeners:[], old=null
2022-10-22 01:06:11,346 [pool-287-thread-1] INFO  server.RaftServer$Division (RaftServerImpl.java:setRole(321)) - eb081a82-3196-45ae-99e9-89c991687437@group-9B766A163DE0: changes role from      null to FOLLOWER at term 0 for startAsFollower
2022-10-22 01:06:11,346 [pool-287-thread-1] INFO  impl.RoleInfo (RoleInfo.java:updateAndGet(139)) - eb081a82-3196-45ae-99e9-89c991687437: start eb081a82-3196-45ae-99e9-89c991687437@group-9B766A163DE0-FollowerState
2022-10-22 01:06:11,346 [pool-287-thread-1] INFO  util.JmxRegister (JmxRegister.java:tryRegister(44)) - Successfully registered JMX Bean with object name Ratis:service=RaftServer,group=group-9B766A163DE0,id=eb081a82-3196-45ae-99e9-89c991687437
2022-10-22 01:06:11,346 [pool-287-thread-1] INFO  server.RaftServerConfigKeys (ConfUtils.java:logGet(46)) - raft.server.snapshot.auto.trigger.enabled = true (custom)
2022-10-22 01:06:11,346 [pool-287-thread-1] INFO  server.RaftServerConfigKeys (ConfUtils.java:logGet(46)) - raft.server.snapshot.auto.trigger.threshold = 10000 (custom)
2022-10-22 01:06:11,346 [pool-287-thread-1] INFO  server.RaftServerConfigKeys (ConfUtils.java:logGet(46)) - raft.server.snapshot.retention.file.num = 5 (custom)
2022-10-22 01:06:11,346 [pool-287-thread-1] INFO  server.RaftServerConfigKeys (ConfUtils.java:logGet(46)) - raft.server.log.purge.upto.snapshot.index = false (default)
2022-10-22 01:06:11,347 [Command processor thread] INFO  ratis.XceiverServerRatis (XceiverServerRatis.java:addGroup(765)) - Created group PipelineID=cdcaaef4-c08e-41ab-8721-9b766a163de0
2022-10-22 01:06:11,347 [Command processor thread] INFO  commandhandler.CreatePipelineCommandHandler (CreatePipelineCommandHandler.java:handle(113)) - Created Pipeline RATIS ONE PipelineID=cdcaaef4-c08e-41ab-8721-9b766a163de0.
2022-10-22 01:06:11,351 [eb081a82-3196-45ae-99e9-89c991687437@group-9B766A163DE0-FollowerState] INFO  server.RaftServerConfigKeys (ConfUtils.java:logFallback(53)) - raft.server.rpc.first-election.timeout.min = 5s (fallback to raft.server.rpc.timeout.min)
2022-10-22 01:06:11,351 [eb081a82-3196-45ae-99e9-89c991687437@group-9B766A163DE0-FollowerState] INFO  server.RaftServerConfigKeys (ConfUtils.java:logFallback(53)) - raft.server.rpc.first-election.timeout.max = 5200ms (fallback to raft.server.rpc.timeout.max)
2022-10-22 01:06:12,328 [Listener at 127.0.0.1/34145] INFO  ozone.MiniOzoneClusterImpl (MiniOzoneClusterImpl.java:lambda$waitForClusterToBeReady$0(216)) - Nodes are ready. Got 10 of 10 DN Heartbeats.
2022-10-22 01:06:12,328 [Listener at 127.0.0.1/34145] INFO  ozone.MiniOzoneClusterImpl (MiniOzoneClusterImpl.java:lambda$waitForClusterToBeReady$0(219)) - Waiting for cluster to exit safe mode
2022-10-22 01:06:12,328 [Listener at 127.0.0.1/34145] INFO  ozone.MiniOzoneClusterImpl (MiniOzoneClusterImpl.java:lambda$waitForClusterToBeReady$0(221)) - SCM became leader
2022-10-22 01:06:13,329 [Listener at 127.0.0.1/34145] INFO  ozone.MiniOzoneClusterImpl (MiniOzoneClusterImpl.java:lambda$waitForClusterToBeReady$0(216)) - Nodes are ready. Got 10 of 10 DN Heartbeats.
2022-10-22 01:06:13,329 [Listener at 127.0.0.1/34145] INFO  ozone.MiniOzoneClusterImpl (MiniOzoneClusterImpl.java:lambda$waitForClusterToBeReady$0(219)) - Waiting for cluster to exit safe mode
2022-10-22 01:06:13,329 [Listener at 127.0.0.1/34145] INFO  ozone.MiniOzoneClusterImpl (MiniOzoneClusterImpl.java:lambda$waitForClusterToBeReady$0(221)) - SCM became leader
2022-10-22 01:06:13,431 [d1d68c68-fcd1-40a2-8bd4-08293fe543e0@group-171754D57B70-FollowerState] INFO  impl.FollowerState (FollowerState.java:run(143)) - d1d68c68-fcd1-40a2-8bd4-08293fe543e0@group-171754D57B70-FollowerState: change to CANDIDATE, lastRpcElapsedTime:5082683849ns, electionTimeout:5072ms
2022-10-22 01:06:13,431 [d1d68c68-fcd1-40a2-8bd4-08293fe543e0@group-171754D57B70-FollowerState] INFO  impl.RoleInfo (RoleInfo.java:shutdownFollowerState(110)) - d1d68c68-fcd1-40a2-8bd4-08293fe543e0: shutdown d1d68c68-fcd1-40a2-8bd4-08293fe543e0@group-171754D57B70-FollowerState
2022-10-22 01:06:13,431 [d1d68c68-fcd1-40a2-8bd4-08293fe543e0@group-171754D57B70-FollowerState] INFO  server.RaftServer$Division (RaftServerImpl.java:setRole(321)) - d1d68c68-fcd1-40a2-8bd4-08293fe543e0@group-171754D57B70: changes role from  FOLLOWER to CANDIDATE at term 0 for changeToCandidate
2022-10-22 01:06:13,432 [d1d68c68-fcd1-40a2-8bd4-08293fe543e0@group-171754D57B70-FollowerState] INFO  server.RaftServerConfigKeys (ConfUtils.java:logGet(46)) - raft.server.leaderelection.pre-vote = false (custom)
2022-10-22 01:06:13,432 [d1d68c68-fcd1-40a2-8bd4-08293fe543e0@group-171754D57B70-FollowerState] INFO  impl.RoleInfo (RoleInfo.java:updateAndGet(139)) - d1d68c68-fcd1-40a2-8bd4-08293fe543e0: start d1d68c68-fcd1-40a2-8bd4-08293fe543e0@group-171754D57B70-LeaderElection2
2022-10-22 01:06:13,436 [d1d68c68-fcd1-40a2-8bd4-08293fe543e0@group-171754D57B70-LeaderElection2] INFO  impl.LeaderElection (LeaderElection.java:askForVotes(312)) - d1d68c68-fcd1-40a2-8bd4-08293fe543e0@group-171754D57B70-LeaderElection2 ELECTION round 0: submit vote requests at term 1 for -1: peers:[d1d68c68-fcd1-40a2-8bd4-08293fe543e0|rpc:10.1.0.62:34369|priority:1|startupRole:FOLLOWER]|listeners:[], old=null
2022-10-22 01:06:13,436 [d1d68c68-fcd1-40a2-8bd4-08293fe543e0@group-171754D57B70-LeaderElection2] INFO  impl.LeaderElection (LeaderElection.java:askForVotes(314)) - d1d68c68-fcd1-40a2-8bd4-08293fe543e0@group-171754D57B70-LeaderElection2 ELECTION round 0: result PASSED (term=1)
2022-10-22 01:06:13,436 [d1d68c68-fcd1-40a2-8bd4-08293fe543e0@group-171754D57B70-LeaderElection2] INFO  impl.RoleInfo (RoleInfo.java:shutdownLeaderElection(130)) - d1d68c68-fcd1-40a2-8bd4-08293fe543e0: shutdown d1d68c68-fcd1-40a2-8bd4-08293fe543e0@group-171754D57B70-LeaderElection2
2022-10-22 01:06:13,436 [d1d68c68-fcd1-40a2-8bd4-08293fe543e0@group-171754D57B70-LeaderElection2] INFO  server.RaftServer$Division (RaftServerImpl.java:setRole(321)) - d1d68c68-fcd1-40a2-8bd4-08293fe543e0@group-171754D57B70: changes role from CANDIDATE to LEADER at term 1 for changeToLeader
2022-10-22 01:06:13,436 [d1d68c68-fcd1-40a2-8bd4-08293fe543e0@group-171754D57B70-LeaderElection2] INFO  ratis.XceiverServerRatis (XceiverServerRatis.java:handleLeaderChangedNotification(863)) - Leader change notification received for group: group-171754D57B70 with new leaderId: d1d68c68-fcd1-40a2-8bd4-08293fe543e0
2022-10-22 01:06:13,437 [d1d68c68-fcd1-40a2-8bd4-08293fe543e0@group-171754D57B70-LeaderElection2] INFO  server.RaftServer$Division (ServerState.java:setLeader(313)) - d1d68c68-fcd1-40a2-8bd4-08293fe543e0@group-171754D57B70: change Leader from null to d1d68c68-fcd1-40a2-8bd4-08293fe543e0 at term 1 for becomeLeader, leader elected after 5126ms
2022-10-22 01:06:13,437 [d1d68c68-fcd1-40a2-8bd4-08293fe543e0@group-171754D57B70-LeaderElection2] INFO  server.RaftServerConfigKeys (ConfUtils.java:logGet(46)) - raft.server.staging.catchup.gap = 1000 (default)
2022-10-22 01:06:13,438 [EventQueue-OpenPipelineForHealthyPipelineSafeModeRule] INFO  safemode.SCMSafeModeManager (HealthyPipelineSafeModeRule.java:process(137)) - SCM in safe mode. Healthy pipelines reported count is 0, required healthy pipeline reported count is 1
2022-10-22 01:06:13,439 [d1d68c68-fcd1-40a2-8bd4-08293fe543e0@group-171754D57B70-LeaderElection2] INFO  server.RaftServerConfigKeys (ConfUtils.java:logGet(46)) - raft.server.write.element-limit = 1024 (custom)
2022-10-22 01:06:13,439 [d1d68c68-fcd1-40a2-8bd4-08293fe543e0@group-171754D57B70-LeaderElection2] INFO  server.RaftServerConfigKeys (ConfUtils.java:logGet(46)) - raft.server.write.byte-limit = 1024 M (=1073741824) (custom)
2022-10-22 01:06:13,439 [d1d68c68-fcd1-40a2-8bd4-08293fe543e0@group-171754D57B70-LeaderElection2] INFO  server.RaftServerConfigKeys (ConfUtils.java:logGet(46)) - raft.server.watch.timeout = 180s (custom)
2022-10-22 01:06:13,439 [d1d68c68-fcd1-40a2-8bd4-08293fe543e0@group-171754D57B70-LeaderElection2] INFO  server.RaftServerConfigKeys (ConfUtils.java:logGet(46)) - raft.server.watch.timeout.denomination = 1s (default)
2022-10-22 01:06:13,439 [d1d68c68-fcd1-40a2-8bd4-08293fe543e0@group-171754D57B70-LeaderElection2] INFO  server.RaftServerConfigKeys (ConfUtils.java:logGet(46)) - raft.server.watch.element-limit = 65536 (default)
2022-10-22 01:06:13,439 [d1d68c68-fcd1-40a2-8bd4-08293fe543e0@group-171754D57B70-LeaderElection2] INFO  server.RaftServerConfigKeys (ConfUtils.java:logGet(46)) - raft.server.write.element-limit = 1024 (custom)
2022-10-22 01:06:13,439 [d1d68c68-fcd1-40a2-8bd4-08293fe543e0@group-171754D57B70-LeaderElection2] INFO  server.RaftServerConfigKeys (ConfUtils.java:logGet(46)) - raft.server.write.follower.gap.ratio.max = -1.0 (default)
2022-10-22 01:06:13,439 [d1d68c68-fcd1-40a2-8bd4-08293fe543e0@group-171754D57B70-LeaderElection2] INFO  impl.RoleInfo (RoleInfo.java:updateAndGet(139)) - d1d68c68-fcd1-40a2-8bd4-08293fe543e0: start d1d68c68-fcd1-40a2-8bd4-08293fe543e0@group-171754D57B70-LeaderStateImpl
2022-10-22 01:06:13,440 [d1d68c68-fcd1-40a2-8bd4-08293fe543e0@group-171754D57B70-LeaderElection2] INFO  segmented.SegmentedRaftLogWorker (SegmentedRaftLogWorker.java:startLogSegment(452)) - d1d68c68-fcd1-40a2-8bd4-08293fe543e0@group-171754D57B70-SegmentedRaftLogWorker: Starting segment from index:0
2022-10-22 01:06:13,441 [d1d68c68-fcd1-40a2-8bd4-08293fe543e0@group-171754D57B70-SegmentedRaftLogWorker] INFO  segmented.SegmentedRaftLogWorker (SegmentedRaftLogWorker.java:execute(656)) - d1d68c68-fcd1-40a2-8bd4-08293fe543e0@group-171754D57B70-SegmentedRaftLogWorker: created new log segment /home/runner/work/ozone/ozone/hadoop-ozone/integration-test/target/test-dir/MiniOzoneClusterImpl-a988f88d-4efe-430b-bf3c-a1e83706c790/datanode-0/data/ratis/a4228449-f6cb-40b7-93cb-171754d57b70/current/log_inprogress_0
2022-10-22 01:06:13,446 [d1d68c68-fcd1-40a2-8bd4-08293fe543e0@group-171754D57B70-LeaderElection2] INFO  server.RaftServer$Division (ServerState.java:setRaftConf(430)) - d1d68c68-fcd1-40a2-8bd4-08293fe543e0@group-171754D57B70: set configuration 0: peers:[d1d68c68-fcd1-40a2-8bd4-08293fe543e0|rpc:10.1.0.62:34369|dataStream:|priority:1|startupRole:FOLLOWER]|listeners:[], old=null
2022-10-22 01:06:13,482 [d1d68c68-fcd1-40a2-8bd4-08293fe543e0@group-7CAC11E68DAD-FollowerState] INFO  impl.FollowerState (FollowerState.java:run(143)) - d1d68c68-fcd1-40a2-8bd4-08293fe543e0@group-7CAC11E68DAD-FollowerState: change to CANDIDATE, lastRpcElapsedTime:5082580251ns, electionTimeout:5082ms
2022-10-22 01:06:13,483 [d1d68c68-fcd1-40a2-8bd4-08293fe543e0@group-7CAC11E68DAD-FollowerState] INFO  impl.RoleInfo (RoleInfo.java:shutdownFollowerState(110)) - d1d68c68-fcd1-40a2-8bd4-08293fe543e0: shutdown d1d68c68-fcd1-40a2-8bd4-08293fe543e0@group-7CAC11E68DAD-FollowerState
2022-10-22 01:06:13,483 [d1d68c68-fcd1-40a2-8bd4-08293fe543e0@group-7CAC11E68DAD-FollowerState] INFO  server.RaftServer$Division (RaftServerImpl.java:setRole(321)) - d1d68c68-fcd1-40a2-8bd4-08293fe543e0@group-7CAC11E68DAD: changes role from  FOLLOWER to CANDIDATE at term 0 for changeToCandidate
2022-10-22 01:06:13,484 [d1d68c68-fcd1-40a2-8bd4-08293fe543e0@group-7CAC11E68DAD-FollowerState] INFO  server.RaftServerConfigKeys (ConfUtils.java:logGet(46)) - raft.server.leaderelection.pre-vote = false (custom)
2022-10-22 01:06:13,484 [d1d68c68-fcd1-40a2-8bd4-08293fe543e0@group-7CAC11E68DAD-FollowerState] INFO  impl.RoleInfo (RoleInfo.java:updateAndGet(139)) - d1d68c68-fcd1-40a2-8bd4-08293fe543e0: start d1d68c68-fcd1-40a2-8bd4-08293fe543e0@group-7CAC11E68DAD-LeaderElection3
2022-10-22 01:06:13,487 [d1d68c68-fcd1-40a2-8bd4-08293fe543e0@group-7CAC11E68DAD-LeaderElection3] INFO  impl.LeaderElection (LeaderElection.java:askForVotes(312)) - d1d68c68-fcd1-40a2-8bd4-08293fe543e0@group-7CAC11E68DAD-LeaderElection3 ELECTION round 0: submit vote requests at term 1 for -1: peers:[2e87c3a1-a023-462f-882b-ea1ca04c8a98|rpc:10.1.0.62:33759|priority:0|startupRole:FOLLOWER, 9705cc67-48fc-46f6-b325-a713191a975c|rpc:10.1.0.62:35497|priority:0|startupRole:FOLLOWER, d1d68c68-fcd1-40a2-8bd4-08293fe543e0|rpc:10.1.0.62:34369|priority:1|startupRole:FOLLOWER]|listeners:[], old=null
2022-10-22 01:06:13,492 [d1d68c68-fcd1-40a2-8bd4-08293fe543e0@group-7CAC11E68DAD-LeaderElection3] INFO  server.RaftServerConfigKeys (ConfUtils.java:logFallback(53)) - raft.server.rpc.first-election.timeout.min = 5s (fallback to raft.server.rpc.timeout.min)
2022-10-22 01:06:13,492 [d1d68c68-fcd1-40a2-8bd4-08293fe543e0@group-7CAC11E68DAD-LeaderElection3] INFO  server.RaftServerConfigKeys (ConfUtils.java:logFallback(53)) - raft.server.rpc.first-election.timeout.max = 5200ms (fallback to raft.server.rpc.timeout.max)
2022-10-22 01:06:13,492 [d1d68c68-fcd1-40a2-8bd4-08293fe543e0@group-7CAC11E68DAD-LeaderElection3-1] INFO  server.GrpcServerProtocolClient (GrpcServerProtocolClient.java:<init>(63)) - Build channel for 2e87c3a1-a023-462f-882b-ea1ca04c8a98
2022-10-22 01:06:13,506 [grpc-default-executor-1] INFO  server.RaftServer$Division (RaftServerImpl.java:requestVote(1218)) - 2e87c3a1-a023-462f-882b-ea1ca04c8a98@group-7CAC11E68DAD: receive requestVote(ELECTION, d1d68c68-fcd1-40a2-8bd4-08293fe543e0, group-7CAC11E68DAD, 1, (t:0, i:0))
2022-10-22 01:06:13,507 [d1d68c68-fcd1-40a2-8bd4-08293fe543e0@group-7CAC11E68DAD-LeaderElection3-2] INFO  server.GrpcServerProtocolClient (GrpcServerProtocolClient.java:<init>(63)) - Build channel for 9705cc67-48fc-46f6-b325-a713191a975c
2022-10-22 01:06:13,509 [grpc-default-executor-1] INFO  impl.VoteContext (VoteContext.java:log(48)) - 2e87c3a1-a023-462f-882b-ea1ca04c8a98@group-7CAC11E68DAD-FOLLOWER: accept ELECTION from d1d68c68-fcd1-40a2-8bd4-08293fe543e0: our priority 0 <= candidate's priority 1
2022-10-22 01:06:13,509 [grpc-default-executor-1] INFO  server.RaftServer$Division (RaftServerImpl.java:setRole(321)) - 2e87c3a1-a023-462f-882b-ea1ca04c8a98@group-7CAC11E68DAD: changes role from  FOLLOWER to FOLLOWER at term 1 for candidate:d1d68c68-fcd1-40a2-8bd4-08293fe543e0
2022-10-22 01:06:13,509 [grpc-default-executor-1] INFO  impl.RoleInfo (RoleInfo.java:shutdownFollowerState(110)) - 2e87c3a1-a023-462f-882b-ea1ca04c8a98: shutdown 2e87c3a1-a023-462f-882b-ea1ca04c8a98@group-7CAC11E68DAD-FollowerState
2022-10-22 01:06:13,509 [2e87c3a1-a023-462f-882b-ea1ca04c8a98@group-7CAC11E68DAD-FollowerState] INFO  impl.FollowerState (FollowerState.java:run(152)) - 2e87c3a1-a023-462f-882b-ea1ca04c8a98@group-7CAC11E68DAD-FollowerState was interrupted
2022-10-22 01:06:13,511 [grpc-default-executor-1] INFO  impl.RoleInfo (RoleInfo.java:updateAndGet(139)) - 2e87c3a1-a023-462f-882b-ea1ca04c8a98: start 2e87c3a1-a023-462f-882b-ea1ca04c8a98@group-7CAC11E68DAD-FollowerState
2022-10-22 01:06:13,516 [2e87c3a1-a023-462f-882b-ea1ca04c8a98@group-7CAC11E68DAD-FollowerState] INFO  server.RaftServerConfigKeys (ConfUtils.java:logFallback(53)) - raft.server.rpc.first-election.timeout.min = 5s (fallback to raft.server.rpc.timeout.min)
2022-10-22 01:06:13,516 [2e87c3a1-a023-462f-882b-ea1ca04c8a98@group-7CAC11E68DAD-FollowerState] INFO  server.RaftServerConfigKeys (ConfUtils.java:logFallback(53)) - raft.server.rpc.first-election.timeout.max = 5200ms (fallback to raft.server.rpc.timeout.max)
2022-10-22 01:06:13,518 [grpc-default-executor-0] INFO  server.RaftServer$Division (RaftServerImpl.java:requestVote(1218)) - 9705cc67-48fc-46f6-b325-a713191a975c@group-7CAC11E68DAD: receive requestVote(ELECTION, d1d68c68-fcd1-40a2-8bd4-08293fe543e0, group-7CAC11E68DAD, 1, (t:0, i:0))
2022-10-22 01:06:13,518 [grpc-default-executor-0] INFO  impl.VoteContext (VoteContext.java:log(48)) - 9705cc67-48fc-46f6-b325-a713191a975c@group-7CAC11E68DAD-FOLLOWER: accept ELECTION from d1d68c68-fcd1-40a2-8bd4-08293fe543e0: our priority 0 <= candidate's priority 1
2022-10-22 01:06:13,519 [grpc-default-executor-0] INFO  server.RaftServer$Division (RaftServerImpl.java:setRole(321)) - 9705cc67-48fc-46f6-b325-a713191a975c@group-7CAC11E68DAD: changes role from  FOLLOWER to FOLLOWER at term 1 for candidate:d1d68c68-fcd1-40a2-8bd4-08293fe543e0
2022-10-22 01:06:13,519 [grpc-default-executor-0] INFO  impl.RoleInfo (RoleInfo.java:shutdownFollowerState(110)) - 9705cc67-48fc-46f6-b325-a713191a975c: shutdown 9705cc67-48fc-46f6-b325-a713191a975c@group-7CAC11E68DAD-FollowerState
2022-10-22 01:06:13,519 [9705cc67-48fc-46f6-b325-a713191a975c@group-7CAC11E68DAD-FollowerState] INFO  impl.FollowerState (FollowerState.java:run(152)) - 9705cc67-48fc-46f6-b325-a713191a975c@group-7CAC11E68DAD-FollowerState was interrupted
2022-10-22 01:06:13,522 [grpc-default-executor-0] INFO  impl.RoleInfo (RoleInfo.java:updateAndGet(139)) - 9705cc67-48fc-46f6-b325-a713191a975c: start 9705cc67-48fc-46f6-b325-a713191a975c@group-7CAC11E68DAD-FollowerState
2022-10-22 01:06:13,523 [grpc-default-executor-1] INFO  server.RaftServer$Division (RaftServerImpl.java:requestVote(1251)) - 2e87c3a1-a023-462f-882b-ea1ca04c8a98@group-7CAC11E68DAD replies to ELECTION vote request: d1d68c68-fcd1-40a2-8bd4-08293fe543e0<-2e87c3a1-a023-462f-882b-ea1ca04c8a98#0:OK-t1. Peer's state: 2e87c3a1-a023-462f-882b-ea1ca04c8a98@group-7CAC11E68DAD:t1, leader=null, voted=d1d68c68-fcd1-40a2-8bd4-08293fe543e0, raftlog=Memoized:2e87c3a1-a023-462f-882b-ea1ca04c8a98@group-7CAC11E68DAD-SegmentedRaftLog:OPENED:c-1, conf=-1: peers:[2e87c3a1-a023-462f-882b-ea1ca04c8a98|rpc:10.1.0.62:33759|dataStream:|priority:0|startupRole:FOLLOWER, 9705cc67-48fc-46f6-b325-a713191a975c|rpc:10.1.0.62:35497|dataStream:|priority:0|startupRole:FOLLOWER, d1d68c68-fcd1-40a2-8bd4-08293fe543e0|rpc:10.1.0.62:34369|dataStream:|priority:1|startupRole:FOLLOWER]|listeners:[], old=null
2022-10-22 01:06:13,523 [grpc-default-executor-0] INFO  server.RaftServer$Division (RaftServerImpl.java:requestVote(1251)) - 9705cc67-48fc-46f6-b325-a713191a975c@group-7CAC11E68DAD replies to ELECTION vote request: d1d68c68-fcd1-40a2-8bd4-08293fe543e0<-9705cc67-48fc-46f6-b325-a713191a975c#0:OK-t1. Peer's state: 9705cc67-48fc-46f6-b325-a713191a975c@group-7CAC11E68DAD:t1, leader=null, voted=d1d68c68-fcd1-40a2-8bd4-08293fe543e0, raftlog=Memoized:9705cc67-48fc-46f6-b325-a713191a975c@group-7CAC11E68DAD-SegmentedRaftLog:OPENED:c-1, conf=-1: peers:[2e87c3a1-a023-462f-882b-ea1ca04c8a98|rpc:10.1.0.62:33759|priority:0|startupRole:FOLLOWER, 9705cc67-48fc-46f6-b325-a713191a975c|rpc:10.1.0.62:35497|priority:0|startupRole:FOLLOWER, d1d68c68-fcd1-40a2-8bd4-08293fe543e0|rpc:10.1.0.62:34369|priority:1|startupRole:FOLLOWER]|listeners:[], old=null
2022-10-22 01:06:13,531 [d1d68c68-fcd1-40a2-8bd4-08293fe543e0@group-7CAC11E68DAD-LeaderElection3] INFO  impl.LeaderElection (LeaderElection.java:logAndReturn(90)) - d1d68c68-fcd1-40a2-8bd4-08293fe543e0@group-7CAC11E68DAD-LeaderElection3: ELECTION PASSED received 1 response(s) and 0 exception(s):
2022-10-22 01:06:13,531 [d1d68c68-fcd1-40a2-8bd4-08293fe543e0@group-7CAC11E68DAD-LeaderElection3] INFO  impl.LeaderElection (LeaderElection.java:logAndReturn(94)) -   Response 0: d1d68c68-fcd1-40a2-8bd4-08293fe543e0<-9705cc67-48fc-46f6-b325-a713191a975c#0:OK-t1
2022-10-22 01:06:13,531 [d1d68c68-fcd1-40a2-8bd4-08293fe543e0@group-7CAC11E68DAD-LeaderElection3] INFO  impl.LeaderElection (LeaderElection.java:askForVotes(314)) - d1d68c68-fcd1-40a2-8bd4-08293fe543e0@group-7CAC11E68DAD-LeaderElection3 ELECTION round 0: result PASSED
2022-10-22 01:06:13,531 [d1d68c68-fcd1-40a2-8bd4-08293fe543e0@group-7CAC11E68DAD-LeaderElection3] INFO  impl.RoleInfo (RoleInfo.java:shutdownLeaderElection(130)) - d1d68c68-fcd1-40a2-8bd4-08293fe543e0: shutdown d1d68c68-fcd1-40a2-8bd4-08293fe543e0@group-7CAC11E68DAD-LeaderElection3
2022-10-22 01:06:13,531 [d1d68c68-fcd1-40a2-8bd4-08293fe543e0@group-7CAC11E68DAD-LeaderElection3] INFO  server.RaftServer$Division (RaftServerImpl.java:setRole(321)) - d1d68c68-fcd1-40a2-8bd4-08293fe543e0@group-7CAC11E68DAD: changes role from CANDIDATE to LEADER at term 1 for changeToLeader
2022-10-22 01:06:13,531 [d1d68c68-fcd1-40a2-8bd4-08293fe543e0@group-7CAC11E68DAD-LeaderElection3] INFO  ratis.XceiverServerRatis (XceiverServerRatis.java:handleLeaderChangedNotification(863)) - Leader change notification received for group: group-7CAC11E68DAD with new leaderId: d1d68c68-fcd1-40a2-8bd4-08293fe543e0
2022-10-22 01:06:13,531 [d1d68c68-fcd1-40a2-8bd4-08293fe543e0@group-7CAC11E68DAD-LeaderElection3] INFO  server.RaftServer$Division (ServerState.java:setLeader(313)) - d1d68c68-fcd1-40a2-8bd4-08293fe543e0@group-7CAC11E68DAD: change Leader from null to d1d68c68-fcd1-40a2-8bd4-08293fe543e0 at term 1 for becomeLeader, leader elected after 5158ms
2022-10-22 01:06:13,531 [d1d68c68-fcd1-40a2-8bd4-08293fe543e0@group-7CAC11E68DAD-LeaderElection3] INFO  server.RaftServerConfigKeys (ConfUtils.java:logGet(46)) - raft.server.staging.catchup.gap = 1000 (default)
2022-10-22 01:06:13,531 [d1d68c68-fcd1-40a2-8bd4-08293fe543e0@group-7CAC11E68DAD-LeaderElection3] INFO  server.RaftServerConfigKeys (ConfUtils.java:logGet(46)) - raft.server.write.element-limit = 1024 (custom)
2022-10-22 01:06:13,531 [d1d68c68-fcd1-40a2-8bd4-08293fe543e0@group-7CAC11E68DAD-LeaderElection3] INFO  server.RaftServerConfigKeys (ConfUtils.java:logGet(46)) - raft.server.write.byte-limit = 1024 M (=1073741824) (custom)
2022-10-22 01:06:13,532 [d1d68c68-fcd1-40a2-8bd4-08293fe543e0@group-7CAC11E68DAD-LeaderElection3] INFO  server.RaftServerConfigKeys (ConfUtils.java:logGet(46)) - raft.server.watch.timeout = 180s (custom)
2022-10-22 01:06:13,532 [d1d68c68-fcd1-40a2-8bd4-08293fe543e0@group-7CAC11E68DAD-LeaderElection3] INFO  server.RaftServerConfigKeys (ConfUtils.java:logGet(46)) - raft.server.watch.timeout.denomination = 1s (default)
2022-10-22 01:06:13,532 [d1d68c68-fcd1-40a2-8bd4-08293fe543e0@group-7CAC11E68DAD-LeaderElection3] INFO  server.RaftServerConfigKeys (ConfUtils.java:logGet(46)) - raft.server.watch.element-limit = 65536 (default)
2022-10-22 01:06:13,532 [d1d68c68-fcd1-40a2-8bd4-08293fe543e0@group-7CAC11E68DAD-LeaderElection3] INFO  server.RaftServerConfigKeys (ConfUtils.java:logGet(46)) - raft.server.write.element-limit = 1024 (custom)
2022-10-22 01:06:13,532 [d1d68c68-fcd1-40a2-8bd4-08293fe543e0@group-7CAC11E68DAD-LeaderElection3] INFO  server.RaftServerConfigKeys (ConfUtils.java:logGet(46)) - raft.server.write.follower.gap.ratio.max = -1.0 (default)
2022-10-22 01:06:13,532 [9705cc67-48fc-46f6-b325-a713191a975c@group-7CAC11E68DAD-FollowerState] INFO  server.RaftServerConfigKeys (ConfUtils.java:logFallback(53)) - raft.server.rpc.first-election.timeout.min = 5s (fallback to raft.server.rpc.timeout.min)
2022-10-22 01:06:13,532 [9705cc67-48fc-46f6-b325-a713191a975c@group-7CAC11E68DAD-FollowerState] INFO  server.RaftServerConfigKeys (ConfUtils.java:logFallback(53)) - raft.server.rpc.first-election.timeout.max = 5200ms (fallback to raft.server.rpc.timeout.max)
2022-10-22 01:06:13,534 [EventQueue-PipelineReportForPipelineReportHandler] INFO  pipeline.PipelineManagerImpl (PipelineManagerImpl.java:openPipeline(367)) - Pipeline Pipeline[ Id: 8a15013d-bb32-4cdf-804b-7cac11e68dad, Nodes: 2e87c3a1-a023-462f-882b-ea1ca04c8a98{ip: 10.1.0.62, host: fv-az334-928.zg0gw54pbdoexfhqlmz30d51na.gx.internal.cloudapp.net, ports: [REPLICATION=42711, RATIS=33759, RATIS_ADMIN=33759, RATIS_SERVER=33759, STANDALONE=44761], networkLocation: /default-rack, certSerialId: null, persistedOpState: IN_SERVICE, persistedOpStateExpiryEpochSec: 0}9705cc67-48fc-46f6-b325-a713191a975c{ip: 10.1.0.62, host: fv-az334-928.zg0gw54pbdoexfhqlmz30d51na.gx.internal.cloudapp.net, ports: [REPLICATION=33357, RATIS=35497, RATIS_ADMIN=35497, RATIS_SERVER=35497, STANDALONE=45673], networkLocation: /default-rack, certSerialId: null, persistedOpState: IN_SERVICE, persistedOpStateExpiryEpochSec: 0}d1d68c68-fcd1-40a2-8bd4-08293fe543e0{ip: 10.1.0.62, host: fv-az334-928.zg0gw54pbdoexfhqlmz30d51na.gx.internal.cloudapp.net, ports: [REPLICATION=45669, RATIS=34369, RATIS_ADMIN=34369, RATIS_SERVER=34369, STANDALONE=44553], networkLocation: /default-rack, certSerialId: null, persistedOpState: IN_SERVICE, persistedOpStateExpiryEpochSec: 0}, ReplicationConfig: RATIS/THREE, State:ALLOCATED, leaderId:d1d68c68-fcd1-40a2-8bd4-08293fe543e0, CreationTimestamp2022-10-22T01:06:06.086Z[Etc/UTC]] moved to OPEN state
2022-10-22 01:06:13,534 [EventQueue-OpenPipelineForHealthyPipelineSafeModeRule] INFO  safemode.SCMSafeModeManager (HealthyPipelineSafeModeRule.java:process(137)) - SCM in safe mode. Healthy pipelines reported count is 1, required healthy pipeline reported count is 1
2022-10-22 01:06:13,535 [EventQueue-OpenPipelineForHealthyPipelineSafeModeRule] INFO  safemode.SCMSafeModeManager (SCMSafeModeManager.java:validateSafeModeExitRules(204)) - HealthyPipelineSafeModeRule rule is successfully validated
2022-10-22 01:06:13,535 [EventQueue-OpenPipelineForHealthyPipelineSafeModeRule] INFO  safemode.SCMSafeModeManager (SCMSafeModeManager.java:validateSafeModeExitRules(219)) - ScmSafeModeManager, all rules are successfully validated
2022-10-22 01:06:13,535 [EventQueue-OpenPipelineForHealthyPipelineSafeModeRule] INFO  safemode.SCMSafeModeManager (SCMSafeModeManager.java:exitSafeMode(248)) - SCM exiting safe mode.
2022-10-22 01:06:13,535 [EventQueue-OpenPipelineForHealthyPipelineSafeModeRule] WARN  events.EventQueue (EventQueue.java:fireEvent(216)) - No event handler registered for event TypedEvent{payloadType=SafeModeStatus, name='Safe mode status'}
2022-10-22 01:06:13,535 [EventQueue-OpenPipelineForHealthyPipelineSafeModeRule] INFO  ha.SCMContext (SCMContext.java:updateSafeModeStatus(228)) - Update SafeModeStatus from SafeModeStatus{safeModeStatus=true, preCheckPassed=true} to SafeModeStatus{safeModeStatus=false, preCheckPassed=true}.
2022-10-22 01:06:13,535 [EventQueue-OpenPipelineForHealthyPipelineSafeModeRule] INFO  pipeline.BackgroundPipelineCreator (BackgroundPipelineCreator.java:notifyStatusChanged(254)) - Service BackgroundPipelineCreator transitions to RUNNING.
2022-10-22 01:06:13,535 [EventQueue-OpenPipelineForHealthyPipelineSafeModeRule] INFO  BackgroundPipelineScrubber (BackgroundSCMService.java:notifyStatusChanged(82)) - Service BackgroundPipelineScrubber transitions to RUNNING.
2022-10-22 01:06:13,535 [EventQueue-OpenPipelineForHealthyPipelineSafeModeRule] INFO  ExpiredContainerReplicaOpScrubber (BackgroundSCMService.java:notifyStatusChanged(82)) - Service ExpiredContainerReplicaOpScrubber transitions to RUNNING.
2022-10-22 01:06:13,535 [EventQueue-OpenPipelineForHealthyPipelineSafeModeRule] INFO  replication.ReplicationManager (ReplicationManager.java:notifyStatusChanged(776)) - Service ReplicationManager transitions to RUNNING.
2022-10-22 01:06:13,549 [d1d68c68-fcd1-40a2-8bd4-08293fe543e0@group-7CAC11E68DAD-LeaderElection3] INFO  server.RaftServerConfigKeys (ConfUtils.java:logGet(46)) - raft.server.log.appender.snapshot.chunk.size.max = 16MB (=16777216) (default)
2022-10-22 01:06:13,549 [d1d68c68-fcd1-40a2-8bd4-08293fe543e0@group-7CAC11E68DAD-LeaderElection3] INFO  server.RaftServerConfigKeys (ConfUtils.java:logGet(46)) - raft.server.log.appender.buffer.byte-limit = 33554432 (custom)
2022-10-22 01:06:13,549 [d1d68c68-fcd1-40a2-8bd4-08293fe543e0@group-7CAC11E68DAD-LeaderElection3] INFO  server.RaftServerConfigKeys (ConfUtils.java:logGet(46)) - raft.server.log.appender.buffer.element-limit = 1 (custom)
2022-10-22 01:06:13,552 [EventQueue-OpenPipelineForHealthyPipelineSafeModeRule] WARN  balancer.ContainerBalancer (ContainerBalancer.java:shouldRun(131)) - Could not find persisted configuration for ContainerBalancer when checking if ContainerBalancer should run. ContainerBalancer should not run now.
2022-10-22 01:06:13,553 [d1d68c68-fcd1-40a2-8bd4-08293fe543e0@group-7CAC11E68DAD-LeaderElection3] INFO  grpc.GrpcConfigKeys (ConfUtils.java:logGet(46)) - raft.grpc.server.leader.outstanding.appends.max = 128 (default)
2022-10-22 01:06:13,554 [d1d68c68-fcd1-40a2-8bd4-08293fe543e0@group-7CAC11E68DAD-LeaderElection3] INFO  server.RaftServerConfigKeys (ConfUtils.java:logGet(46)) - raft.server.rpc.request.timeout = 60s (custom)
2022-10-22 01:06:13,554 [d1d68c68-fcd1-40a2-8bd4-08293fe543e0@group-7CAC11E68DAD-LeaderElection3] INFO  server.RaftServerConfigKeys (ConfUtils.java:logGet(46)) - raft.server.log.appender.install.snapshot.enabled = false (custom)
2022-10-22 01:06:13,554 [d1d68c68-fcd1-40a2-8bd4-08293fe543e0@group-7CAC11E68DAD-LeaderElection3] INFO  grpc.GrpcConfigKeys (ConfUtils.java:logGet(46)) - raft.grpc.server.heartbeat.channel = true (default)
2022-10-22 01:06:13,554 [d1d68c68-fcd1-40a2-8bd4-08293fe543e0@group-7CAC11E68DAD-LeaderElection3] INFO  server.RaftServerConfigKeys (ConfUtils.java:logGet(46)) - raft.server.log.appender.wait-time.min = 10ms (default)
2022-10-22 01:06:13,555 [d1d68c68-fcd1-40a2-8bd4-08293fe543e0@group-7CAC11E68DAD-LeaderElection3] INFO  server.RaftServerConfigKeys (ConfUtils.java:logGet(46)) - raft.server.log.appender.snapshot.chunk.size.max = 16MB (=16777216) (default)
2022-10-22 01:06:13,556 [d1d68c68-fcd1-40a2-8bd4-08293fe543e0@group-7CAC11E68DAD-LeaderElection3] INFO  server.RaftServerConfigKeys (ConfUtils.java:logGet(46)) - raft.server.log.appender.buffer.byte-limit = 33554432 (custom)
2022-10-22 01:06:13,556 [d1d68c68-fcd1-40a2-8bd4-08293fe543e0@group-7CAC11E68DAD-LeaderElection3] INFO  server.RaftServerConfigKeys (ConfUtils.java:logGet(46)) - raft.server.log.appender.buffer.element-limit = 1 (custom)
2022-10-22 01:06:13,556 [d1d68c68-fcd1-40a2-8bd4-08293fe543e0@group-7CAC11E68DAD-LeaderElection3] INFO  grpc.GrpcConfigKeys (ConfUtils.java:logGet(46)) - raft.grpc.server.leader.outstanding.appends.max = 128 (default)
2022-10-22 01:06:13,556 [d1d68c68-fcd1-40a2-8bd4-08293fe543e0@group-7CAC11E68DAD-LeaderElection3] INFO  server.RaftServerConfigKeys (ConfUtils.java:logGet(46)) - raft.server.rpc.request.timeout = 60s (custom)
2022-10-22 01:06:13,556 [d1d68c68-fcd1-40a2-8bd4-08293fe543e0@group-7CAC11E68DAD-LeaderElection3] INFO  server.RaftServerConfigKeys (ConfUtils.java:logGet(46)) - raft.server.log.appender.install.snapshot.enabled = false (custom)
2022-10-22 01:06:13,556 [d1d68c68-fcd1-40a2-8bd4-08293fe543e0@group-7CAC11E68DAD-LeaderElection3] INFO  grpc.GrpcConfigKeys (ConfUtils.java:logGet(46)) - raft.grpc.server.heartbeat.channel = true (default)
2022-10-22 01:06:13,556 [d1d68c68-fcd1-40a2-8bd4-08293fe543e0@group-7CAC11E68DAD-LeaderElection3] INFO  server.RaftServerConfigKeys (ConfUtils.java:logGet(46)) - raft.server.log.appender.wait-time.min = 10ms (default)
2022-10-22 01:06:13,557 [d1d68c68-fcd1-40a2-8bd4-08293fe543e0@group-7CAC11E68DAD-LeaderElection3] INFO  impl.RoleInfo (RoleInfo.java:updateAndGet(139)) - d1d68c68-fcd1-40a2-8bd4-08293fe543e0: start d1d68c68-fcd1-40a2-8bd4-08293fe543e0@group-7CAC11E68DAD-LeaderStateImpl
2022-10-22 01:06:13,557 [d1d68c68-fcd1-40a2-8bd4-08293fe543e0@group-7CAC11E68DAD-LeaderElection3] INFO  segmented.SegmentedRaftLogWorker (SegmentedRaftLogWorker.java:startLogSegment(452)) - d1d68c68-fcd1-40a2-8bd4-08293fe543e0@group-7CAC11E68DAD-SegmentedRaftLogWorker: Starting segment from index:0
2022-10-22 01:06:13,558 [d1d68c68-fcd1-40a2-8bd4-08293fe543e0@group-7CAC11E68DAD-SegmentedRaftLogWorker] INFO  segmented.SegmentedRaftLogWorker (SegmentedRaftLogWorker.java:execute(656)) - d1d68c68-fcd1-40a2-8bd4-08293fe543e0@group-7CAC11E68DAD-SegmentedRaftLogWorker: created new log segment /home/runner/work/ozone/ozone/hadoop-ozone/integration-test/target/test-dir/MiniOzoneClusterImpl-a988f88d-4efe-430b-bf3c-a1e83706c790/datanode-0/data/ratis/8a15013d-bb32-4cdf-804b-7cac11e68dad/current/log_inprogress_0
2022-10-22 01:06:13,573 [d1d68c68-fcd1-40a2-8bd4-08293fe543e0@group-7CAC11E68DAD-LeaderElection3] INFO  server.RaftServer$Division (ServerState.java:setRaftConf(430)) - d1d68c68-fcd1-40a2-8bd4-08293fe543e0@group-7CAC11E68DAD: set configuration 0: peers:[2e87c3a1-a023-462f-882b-ea1ca04c8a98|rpc:10.1.0.62:33759|dataStream:|priority:0|startupRole:FOLLOWER, 9705cc67-48fc-46f6-b325-a713191a975c|rpc:10.1.0.62:35497|dataStream:|priority:0|startupRole:FOLLOWER, d1d68c68-fcd1-40a2-8bd4-08293fe543e0|rpc:10.1.0.62:34369|dataStream:|priority:1|startupRole:FOLLOWER]|listeners:[], old=null
2022-10-22 01:06:13,601 [2e87c3a1-a023-462f-882b-ea1ca04c8a98-server-thread1] INFO  ratis.XceiverServerRatis (XceiverServerRatis.java:handleLeaderChangedNotification(863)) - Leader change notification received for group: group-7CAC11E68DAD with new leaderId: d1d68c68-fcd1-40a2-8bd4-08293fe543e0
2022-10-22 01:06:13,601 [2e87c3a1-a023-462f-882b-ea1ca04c8a98-server-thread1] INFO  server.RaftServer$Division (ServerState.java:setLeader(313)) - 2e87c3a1-a023-462f-882b-ea1ca04c8a98@group-7CAC11E68DAD: change Leader from null to d1d68c68-fcd1-40a2-8bd4-08293fe543e0 at term 1 for appendEntries, leader elected after 4707ms
2022-10-22 01:06:13,601 [9705cc67-48fc-46f6-b325-a713191a975c-server-thread1] INFO  ratis.XceiverServerRatis (XceiverServerRatis.java:handleLeaderChangedNotification(863)) - Leader change notification received for group: group-7CAC11E68DAD with new leaderId: d1d68c68-fcd1-40a2-8bd4-08293fe543e0
2022-10-22 01:06:13,601 [9705cc67-48fc-46f6-b325-a713191a975c-server-thread1] INFO  server.RaftServer$Division (ServerState.java:setLeader(313)) - 9705cc67-48fc-46f6-b325-a713191a975c@group-7CAC11E68DAD: change Leader from null to d1d68c68-fcd1-40a2-8bd4-08293fe543e0 at term 1 for appendEntries, leader elected after 4834ms
2022-10-22 01:06:13,603 [2e87c3a1-a023-462f-882b-ea1ca04c8a98-server-thread1] INFO  server.RaftServer$Division (ServerState.java:setRaftConf(430)) - 2e87c3a1-a023-462f-882b-ea1ca04c8a98@group-7CAC11E68DAD: set configuration 0: peers:[2e87c3a1-a023-462f-882b-ea1ca04c8a98|rpc:10.1.0.62:33759|dataStream:|priority:0|startupRole:FOLLOWER, 9705cc67-48fc-46f6-b325-a713191a975c|rpc:10.1.0.62:35497|dataStream:|priority:0|startupRole:FOLLOWER, d1d68c68-fcd1-40a2-8bd4-08293fe543e0|rpc:10.1.0.62:34369|dataStream:|priority:1|startupRole:FOLLOWER]|listeners:[], old=null
2022-10-22 01:06:13,603 [2e87c3a1-a023-462f-882b-ea1ca04c8a98-server-thread1] INFO  segmented.SegmentedRaftLogWorker (SegmentedRaftLogWorker.java:startLogSegment(452)) - 2e87c3a1-a023-462f-882b-ea1ca04c8a98@group-7CAC11E68DAD-SegmentedRaftLogWorker: Starting segment from index:0
2022-10-22 01:06:13,606 [9705cc67-48fc-46f6-b325-a713191a975c-server-thread1] INFO  server.RaftServer$Division (ServerState.java:setRaftConf(430)) - 9705cc67-48fc-46f6-b325-a713191a975c@group-7CAC11E68DAD: set configuration 0: peers:[2e87c3a1-a023-462f-882b-ea1ca04c8a98|rpc:10.1.0.62:33759|dataStream:|priority:0|startupRole:FOLLOWER, 9705cc67-48fc-46f6-b325-a713191a975c|rpc:10.1.0.62:35497|dataStream:|priority:0|startupRole:FOLLOWER, d1d68c68-fcd1-40a2-8bd4-08293fe543e0|rpc:10.1.0.62:34369|dataStream:|priority:1|startupRole:FOLLOWER]|listeners:[], old=null
2022-10-22 01:06:13,606 [9705cc67-48fc-46f6-b325-a713191a975c-server-thread1] INFO  segmented.SegmentedRaftLogWorker (SegmentedRaftLogWorker.java:startLogSegment(452)) - 9705cc67-48fc-46f6-b325-a713191a975c@group-7CAC11E68DAD-SegmentedRaftLogWorker: Starting segment from index:0
2022-10-22 01:06:13,607 [2e87c3a1-a023-462f-882b-ea1ca04c8a98@group-7CAC11E68DAD-SegmentedRaftLogWorker] INFO  segmented.SegmentedRaftLogWorker (SegmentedRaftLogWorker.java:execute(656)) - 2e87c3a1-a023-462f-882b-ea1ca04c8a98@group-7CAC11E68DAD-SegmentedRaftLogWorker: created new log segment /home/runner/work/ozone/ozone/hadoop-ozone/integration-test/target/test-dir/MiniOzoneClusterImpl-a988f88d-4efe-430b-bf3c-a1e83706c790/datanode-2/data/ratis/8a15013d-bb32-4cdf-804b-7cac11e68dad/current/log_inprogress_0
2022-10-22 01:06:13,612 [9705cc67-48fc-46f6-b325-a713191a975c@group-7CAC11E68DAD-SegmentedRaftLogWorker] INFO  segmented.SegmentedRaftLogWorker (SegmentedRaftLogWorker.java:execute(656)) - 9705cc67-48fc-46f6-b325-a713191a975c@group-7CAC11E68DAD-SegmentedRaftLogWorker: created new log segment /home/runner/work/ozone/ozone/hadoop-ozone/integration-test/target/test-dir/MiniOzoneClusterImpl-a988f88d-4efe-430b-bf3c-a1e83706c790/datanode-1/data/ratis/8a15013d-bb32-4cdf-804b-7cac11e68dad/current/log_inprogress_0
2022-10-22 01:06:13,870 [9705cc67-48fc-46f6-b325-a713191a975c@group-2523C6B62B1D-FollowerState] INFO  impl.FollowerState (FollowerState.java:run(143)) - 9705cc67-48fc-46f6-b325-a713191a975c@group-2523C6B62B1D-FollowerState: change to CANDIDATE, lastRpcElapsedTime:5110825636ns, electionTimeout:5105ms
2022-10-22 01:06:13,870 [9705cc67-48fc-46f6-b325-a713191a975c@group-2523C6B62B1D-FollowerState] INFO  impl.RoleInfo (RoleInfo.java:shutdownFollowerState(110)) - 9705cc67-48fc-46f6-b325-a713191a975c: shutdown 9705cc67-48fc-46f6-b325-a713191a975c@group-2523C6B62B1D-FollowerState
2022-10-22 01:06:13,871 [9705cc67-48fc-46f6-b325-a713191a975c@group-2523C6B62B1D-FollowerState] INFO  server.RaftServer$Division (RaftServerImpl.java:setRole(321)) - 9705cc67-48fc-46f6-b325-a713191a975c@group-2523C6B62B1D: changes role from  FOLLOWER to CANDIDATE at term 0 for changeToCandidate
2022-10-22 01:06:13,873 [9705cc67-48fc-46f6-b325-a713191a975c@group-2523C6B62B1D-FollowerState] INFO  server.RaftServerConfigKeys (ConfUtils.java:logGet(46)) - raft.server.leaderelection.pre-vote = false (custom)
2022-10-22 01:06:13,873 [9705cc67-48fc-46f6-b325-a713191a975c@group-2523C6B62B1D-FollowerState] INFO  impl.RoleInfo (RoleInfo.java:updateAndGet(139)) - 9705cc67-48fc-46f6-b325-a713191a975c: start 9705cc67-48fc-46f6-b325-a713191a975c@group-2523C6B62B1D-LeaderElection4
2022-10-22 01:06:13,876 [9705cc67-48fc-46f6-b325-a713191a975c@group-2523C6B62B1D-LeaderElection4] INFO  impl.LeaderElection (LeaderElection.java:askForVotes(312)) - 9705cc67-48fc-46f6-b325-a713191a975c@group-2523C6B62B1D-LeaderElection4 ELECTION round 0: submit vote requests at term 1 for -1: peers:[9705cc67-48fc-46f6-b325-a713191a975c|rpc:10.1.0.62:35497|priority:1|startupRole:FOLLOWER]|listeners:[], old=null
2022-10-22 01:06:13,876 [9705cc67-48fc-46f6-b325-a713191a975c@group-2523C6B62B1D-LeaderElection4] INFO  impl.LeaderElection (LeaderElection.java:askForVotes(314)) - 9705cc67-48fc-46f6-b325-a713191a975c@group-2523C6B62B1D-LeaderElection4 ELECTION round 0: result PASSED (term=1)
2022-10-22 01:06:13,876 [9705cc67-48fc-46f6-b325-a713191a975c@group-2523C6B62B1D-LeaderElection4] INFO  impl.RoleInfo (RoleInfo.java:shutdownLeaderElection(130)) - 9705cc67-48fc-46f6-b325-a713191a975c: shutdown 9705cc67-48fc-46f6-b325-a713191a975c@group-2523C6B62B1D-LeaderElection4
2022-10-22 01:06:13,876 [9705cc67-48fc-46f6-b325-a713191a975c@group-2523C6B62B1D-LeaderElection4] INFO  server.RaftServer$Division (RaftServerImpl.java:setRole(321)) - 9705cc67-48fc-46f6-b325-a713191a975c@group-2523C6B62B1D: changes role from CANDIDATE to LEADER at term 1 for changeToLeader
2022-10-22 01:06:13,876 [9705cc67-48fc-46f6-b325-a713191a975c@group-2523C6B62B1D-LeaderElection4] INFO  ratis.XceiverServerRatis (XceiverServerRatis.java:handleLeaderChangedNotification(863)) - Leader change notification received for group: group-2523C6B62B1D with new leaderId: 9705cc67-48fc-46f6-b325-a713191a975c
2022-10-22 01:06:13,876 [9705cc67-48fc-46f6-b325-a713191a975c@group-2523C6B62B1D-LeaderElection4] INFO  server.RaftServer$Division (ServerState.java:setLeader(313)) - 9705cc67-48fc-46f6-b325-a713191a975c@group-2523C6B62B1D: change Leader from null to 9705cc67-48fc-46f6-b325-a713191a975c at term 1 for becomeLeader, leader elected after 5168ms
2022-10-22 01:06:13,876 [9705cc67-48fc-46f6-b325-a713191a975c@group-2523C6B62B1D-LeaderElection4] INFO  server.RaftServerConfigKeys (ConfUtils.java:logGet(46)) - raft.server.staging.catchup.gap = 1000 (default)
2022-10-22 01:06:13,876 [9705cc67-48fc-46f6-b325-a713191a975c@group-2523C6B62B1D-LeaderElection4] INFO  server.RaftServerConfigKeys (ConfUtils.java:logGet(46)) - raft.server.write.element-limit = 1024 (custom)
2022-10-22 01:06:13,876 [9705cc67-48fc-46f6-b325-a713191a975c@group-2523C6B62B1D-LeaderElection4] INFO  server.RaftServerConfigKeys (ConfUtils.java:logGet(46)) - raft.server.write.byte-limit = 1024 M (=1073741824) (custom)
2022-10-22 01:06:13,876 [9705cc67-48fc-46f6-b325-a713191a975c@group-2523C6B62B1D-LeaderElection4] INFO  server.RaftServerConfigKeys (ConfUtils.java:logGet(46)) - raft.server.watch.timeout = 180s (custom)
2022-10-22 01:06:13,877 [9705cc67-48fc-46f6-b325-a713191a975c@group-2523C6B62B1D-LeaderElection4] INFO  server.RaftServerConfigKeys (ConfUtils.java:logGet(46)) - raft.server.watch.timeout.denomination = 1s (default)
2022-10-22 01:06:13,877 [9705cc67-48fc-46f6-b325-a713191a975c@group-2523C6B62B1D-LeaderElection4] INFO  server.RaftServerConfigKeys (ConfUtils.java:logGet(46)) - raft.server.watch.element-limit = 65536 (default)
2022-10-22 01:06:13,877 [9705cc67-48fc-46f6-b325-a713191a975c@group-2523C6B62B1D-LeaderElection4] INFO  server.RaftServerConfigKeys (ConfUtils.java:logGet(46)) - raft.server.write.element-limit = 1024 (custom)
2022-10-22 01:06:13,877 [9705cc67-48fc-46f6-b325-a713191a975c@group-2523C6B62B1D-LeaderElection4] INFO  server.RaftServerConfigKeys (ConfUtils.java:logGet(46)) - raft.server.write.follower.gap.ratio.max = -1.0 (default)
2022-10-22 01:06:13,877 [9705cc67-48fc-46f6-b325-a713191a975c@group-2523C6B62B1D-LeaderElection4] INFO  impl.RoleInfo (RoleInfo.java:updateAndGet(139)) - 9705cc67-48fc-46f6-b325-a713191a975c: start 9705cc67-48fc-46f6-b325-a713191a975c@group-2523C6B62B1D-LeaderStateImpl
2022-10-22 01:06:13,877 [9705cc67-48fc-46f6-b325-a713191a975c@group-2523C6B62B1D-LeaderElection4] INFO  segmented.SegmentedRaftLogWorker (SegmentedRaftLogWorker.java:startLogSegment(452)) - 9705cc67-48fc-46f6-b325-a713191a975c@group-2523C6B62B1D-SegmentedRaftLogWorker: Starting segment from index:0
2022-10-22 01:06:13,878 [9705cc67-48fc-46f6-b325-a713191a975c@group-2523C6B62B1D-LeaderElection4] INFO  server.RaftServer$Division (ServerState.java:setRaftConf(430)) - 9705cc67-48fc-46f6-b325-a713191a975c@group-2523C6B62B1D: set configuration 0: peers:[9705cc67-48fc-46f6-b325-a713191a975c|rpc:10.1.0.62:35497|dataStream:|priority:1|startupRole:FOLLOWER]|listeners:[], old=null
2022-10-22 01:06:13,879 [9705cc67-48fc-46f6-b325-a713191a975c@group-2523C6B62B1D-SegmentedRaftLogWorker] INFO  segmented.SegmentedRaftLogWorker (SegmentedRaftLogWorker.java:execute(656)) - 9705cc67-48fc-46f6-b325-a713191a975c@group-2523C6B62B1D-SegmentedRaftLogWorker: created new log segment /home/runner/work/ozone/ozone/hadoop-ozone/integration-test/target/test-dir/MiniOzoneClusterImpl-a988f88d-4efe-430b-bf3c-a1e83706c790/datanode-1/data/ratis/55d45bd3-816d-4763-9721-2523c6b62b1d/current/log_inprogress_0
2022-10-22 01:06:14,127 [2e87c3a1-a023-462f-882b-ea1ca04c8a98@group-028E8AAC4AA9-FollowerState] INFO  impl.FollowerState (FollowerState.java:run(143)) - 2e87c3a1-a023-462f-882b-ea1ca04c8a98@group-028E8AAC4AA9-FollowerState: change to CANDIDATE, lastRpcElapsedTime:5022723541ns, electionTimeout:5016ms
2022-10-22 01:06:14,128 [2e87c3a1-a023-462f-882b-ea1ca04c8a98@group-028E8AAC4AA9-FollowerState] INFO  impl.RoleInfo (RoleInfo.java:shutdownFollowerState(110)) - 2e87c3a1-a023-462f-882b-ea1ca04c8a98: shutdown 2e87c3a1-a023-462f-882b-ea1ca04c8a98@group-028E8AAC4AA9-FollowerState
2022-10-22 01:06:14,128 [2e87c3a1-a023-462f-882b-ea1ca04c8a98@group-028E8AAC4AA9-FollowerState] INFO  server.RaftServer$Division (RaftServerImpl.java:setRole(321)) - 2e87c3a1-a023-462f-882b-ea1ca04c8a98@group-028E8AAC4AA9: changes role from  FOLLOWER to CANDIDATE at term 0 for changeToCandidate
2022-10-22 01:06:14,128 [2e87c3a1-a023-462f-882b-ea1ca04c8a98@group-028E8AAC4AA9-FollowerState] INFO  server.RaftServerConfigKeys (ConfUtils.java:logGet(46)) - raft.server.leaderelection.pre-vote = false (custom)
2022-10-22 01:06:14,128 [2e87c3a1-a023-462f-882b-ea1ca04c8a98@group-028E8AAC4AA9-FollowerState] INFO  impl.RoleInfo (RoleInfo.java:updateAndGet(139)) - 2e87c3a1-a023-462f-882b-ea1ca04c8a98: start 2e87c3a1-a023-462f-882b-ea1ca04c8a98@group-028E8AAC4AA9-LeaderElection5
2022-10-22 01:06:14,131 [2e87c3a1-a023-462f-882b-ea1ca04c8a98@group-028E8AAC4AA9-LeaderElection5] INFO  impl.LeaderElection (LeaderElection.java:askForVotes(312)) - 2e87c3a1-a023-462f-882b-ea1ca04c8a98@group-028E8AAC4AA9-LeaderElection5 ELECTION round 0: submit vote requests at term 1 for -1: peers:[2e87c3a1-a023-462f-882b-ea1ca04c8a98|rpc:10.1.0.62:33759|dataStream:|priority:0|startupRole:FOLLOWER, 9705cc67-48fc-46f6-b325-a713191a975c|rpc:10.1.0.62:35497|dataStream:|priority:1|startupRole:FOLLOWER, d1d68c68-fcd1-40a2-8bd4-08293fe543e0|rpc:10.1.0.62:34369|dataStream:|priority:0|startupRole:FOLLOWER]|listeners:[], old=null
2022-10-22 01:06:14,131 [2e87c3a1-a023-462f-882b-ea1ca04c8a98@group-028E8AAC4AA9-LeaderElection5] INFO  server.RaftServerConfigKeys (ConfUtils.java:logFallback(53)) - raft.server.rpc.first-election.timeout.min = 5s (fallback to raft.server.rpc.timeout.min)
2022-10-22 01:06:14,131 [2e87c3a1-a023-462f-882b-ea1ca04c8a98@group-028E8AAC4AA9-LeaderElection5-1] INFO  server.GrpcServerProtocolClient (GrpcServerProtocolClient.java:<init>(63)) - Build channel for 9705cc67-48fc-46f6-b325-a713191a975c
2022-10-22 01:06:14,131 [2e87c3a1-a023-462f-882b-ea1ca04c8a98@group-028E8AAC4AA9-LeaderElection5] INFO  server.RaftServerConfigKeys (ConfUtils.java:logFallback(53)) - raft.server.rpc.first-election.timeout.max = 5200ms (fallback to raft.server.rpc.timeout.max)
2022-10-22 01:06:14,132 [2e87c3a1-a023-462f-882b-ea1ca04c8a98@group-028E8AAC4AA9-LeaderElection5-2] INFO  server.GrpcServerProtocolClient (GrpcServerProtocolClient.java:<init>(63)) - Build channel for d1d68c68-fcd1-40a2-8bd4-08293fe543e0
2022-10-22 01:06:14,136 [2e87c3a1-a023-462f-882b-ea1ca04c8a98@group-49CF8CCC8F99-FollowerState] INFO  impl.FollowerState (FollowerState.java:run(143)) - 2e87c3a1-a023-462f-882b-ea1ca04c8a98@group-49CF8CCC8F99-FollowerState: change to CANDIDATE, lastRpcElapsedTime:5018573403ns, electionTimeout:5013ms
2022-10-22 01:06:14,136 [2e87c3a1-a023-462f-882b-ea1ca04c8a98@group-49CF8CCC8F99-FollowerState] INFO  impl.RoleInfo (RoleInfo.java:shutdownFollowerState(110)) - 2e87c3a1-a023-462f-882b-ea1ca04c8a98: shutdown 2e87c3a1-a023-462f-882b-ea1ca04c8a98@group-49CF8CCC8F99-FollowerState
2022-10-22 01:06:14,136 [2e87c3a1-a023-462f-882b-ea1ca04c8a98@group-49CF8CCC8F99-FollowerState] INFO  server.RaftServer$Division (RaftServerImpl.java:setRole(321)) - 2e87c3a1-a023-462f-882b-ea1ca04c8a98@group-49CF8CCC8F99: changes role from  FOLLOWER to CANDIDATE at term 0 for changeToCandidate
2022-10-22 01:06:14,137 [2e87c3a1-a023-462f-882b-ea1ca04c8a98@group-49CF8CCC8F99-FollowerState] INFO  server.RaftServerConfigKeys (ConfUtils.java:logGet(46)) - raft.server.leaderelection.pre-vote = false (custom)
2022-10-22 01:06:14,137 [2e87c3a1-a023-462f-882b-ea1ca04c8a98@group-49CF8CCC8F99-FollowerState] INFO  impl.RoleInfo (RoleInfo.java:updateAndGet(139)) - 2e87c3a1-a023-462f-882b-ea1ca04c8a98: start 2e87c3a1-a023-462f-882b-ea1ca04c8a98@group-49CF8CCC8F99-LeaderElection6
2022-10-22 01:06:14,147 [2e87c3a1-a023-462f-882b-ea1ca04c8a98@group-49CF8CCC8F99-LeaderElection6] INFO  impl.LeaderElection (LeaderElection.java:askForVotes(312)) - 2e87c3a1-a023-462f-882b-ea1ca04c8a98@group-49CF8CCC8F99-LeaderElection6 ELECTION round 0: submit vote requests at term 1 for -1: peers:[2e87c3a1-a023-462f-882b-ea1ca04c8a98|rpc:10.1.0.62:33759|priority:1|startupRole:FOLLOWER]|listeners:[], old=null
2022-10-22 01:06:14,147 [2e87c3a1-a023-462f-882b-ea1ca04c8a98@group-49CF8CCC8F99-LeaderElection6] INFO  impl.LeaderElection (LeaderElection.java:askForVotes(314)) - 2e87c3a1-a023-462f-882b-ea1ca04c8a98@group-49CF8CCC8F99-LeaderElection6 ELECTION round 0: result PASSED (term=1)
2022-10-22 01:06:14,147 [2e87c3a1-a023-462f-882b-ea1ca04c8a98@group-49CF8CCC8F99-LeaderElection6] INFO  impl.RoleInfo (RoleInfo.java:shutdownLeaderElection(130)) - 2e87c3a1-a023-462f-882b-ea1ca04c8a98: shutdown 2e87c3a1-a023-462f-882b-ea1ca04c8a98@group-49CF8CCC8F99-LeaderElection6
2022-10-22 01:06:14,147 [2e87c3a1-a023-462f-882b-ea1ca04c8a98@group-49CF8CCC8F99-LeaderElection6] INFO  server.RaftServer$Division (RaftServerImpl.java:setRole(321)) - 2e87c3a1-a023-462f-882b-ea1ca04c8a98@group-49CF8CCC8F99: changes role from CANDIDATE to LEADER at term 1 for changeToLeader
2022-10-22 01:06:14,147 [2e87c3a1-a023-462f-882b-ea1ca04c8a98@group-49CF8CCC8F99-LeaderElection6] INFO  ratis.XceiverServerRatis (XceiverServerRatis.java:handleLeaderChangedNotification(863)) - Leader change notification received for group: group-49CF8CCC8F99 with new leaderId: 2e87c3a1-a023-462f-882b-ea1ca04c8a98
2022-10-22 01:06:14,147 [2e87c3a1-a023-462f-882b-ea1ca04c8a98@group-49CF8CCC8F99-LeaderElection6] INFO  server.RaftServer$Division (ServerState.java:setLeader(313)) - 2e87c3a1-a023-462f-882b-ea1ca04c8a98@group-49CF8CCC8F99: change Leader from null to 2e87c3a1-a023-462f-882b-ea1ca04c8a98 at term 1 for becomeLeader, leader elected after 5064ms
2022-10-22 01:06:14,147 [2e87c3a1-a023-462f-882b-ea1ca04c8a98@group-49CF8CCC8F99-LeaderElection6] INFO  server.RaftServerConfigKeys (ConfUtils.java:logGet(46)) - raft.server.staging.catchup.gap = 1000 (default)
2022-10-22 01:06:14,147 [2e87c3a1-a023-462f-882b-ea1ca04c8a98@group-49CF8CCC8F99-LeaderElection6] INFO  server.RaftServerConfigKeys (ConfUtils.java:logGet(46)) - raft.server.write.element-limit = 1024 (custom)
2022-10-22 01:06:14,147 [2e87c3a1-a023-462f-882b-ea1ca04c8a98@group-49CF8CCC8F99-LeaderElection6] INFO  server.RaftServerConfigKeys (ConfUtils.java:logGet(46)) - raft.server.write.byte-limit = 1024 M (=1073741824) (custom)
2022-10-22 01:06:14,148 [2e87c3a1-a023-462f-882b-ea1ca04c8a98@group-49CF8CCC8F99-LeaderElection6] INFO  server.RaftServerConfigKeys (ConfUtils.java:logGet(46)) - raft.server.watch.timeout = 180s (custom)
2022-10-22 01:06:14,148 [2e87c3a1-a023-462f-882b-ea1ca04c8a98@group-49CF8CCC8F99-LeaderElection6] INFO  server.RaftServerConfigKeys (ConfUtils.java:logGet(46)) - raft.server.watch.timeout.denomination = 1s (default)
2022-10-22 01:06:14,148 [2e87c3a1-a023-462f-882b-ea1ca04c8a98@group-49CF8CCC8F99-LeaderElection6] INFO  server.RaftServerConfigKeys (ConfUtils.java:logGet(46)) - raft.server.watch.element-limit = 65536 (default)
2022-10-22 01:06:14,148 [2e87c3a1-a023-462f-882b-ea1ca04c8a98@group-49CF8CCC8F99-LeaderElection6] INFO  server.RaftServerConfigKeys (ConfUtils.java:logGet(46)) - raft.server.write.element-limit = 1024 (custom)
2022-10-22 01:06:14,148 [2e87c3a1-a023-462f-882b-ea1ca04c8a98@group-49CF8CCC8F99-LeaderElection6] INFO  server.RaftServerConfigKeys (ConfUtils.java:logGet(46)) - raft.server.write.follower.gap.ratio.max = -1.0 (default)
2022-10-22 01:06:14,148 [2e87c3a1-a023-462f-882b-ea1ca04c8a98@group-49CF8CCC8F99-LeaderElection6] INFO  impl.RoleInfo (RoleInfo.java:updateAndGet(139)) - 2e87c3a1-a023-462f-882b-ea1ca04c8a98: start 2e87c3a1-a023-462f-882b-ea1ca04c8a98@group-49CF8CCC8F99-LeaderStateImpl
2022-10-22 01:06:14,148 [2e87c3a1-a023-462f-882b-ea1ca04c8a98@group-49CF8CCC8F99-LeaderElection6] INFO  segmented.SegmentedRaftLogWorker (SegmentedRaftLogWorker.java:startLogSegment(452)) - 2e87c3a1-a023-462f-882b-ea1ca04c8a98@group-49CF8CCC8F99-SegmentedRaftLogWorker: Starting segment from index:0
2022-10-22 01:06:14,150 [2e87c3a1-a023-462f-882b-ea1ca04c8a98@group-49CF8CCC8F99-SegmentedRaftLogWorker] INFO  segmented.SegmentedRaftLogWorker (SegmentedRaftLogWorker.java:execute(656)) - 2e87c3a1-a023-462f-882b-ea1ca04c8a98@group-49CF8CCC8F99-SegmentedRaftLogWorker: created new log segment /home/runner/work/ozone/ozone/hadoop-ozone/integration-test/target/test-dir/MiniOzoneClusterImpl-a988f88d-4efe-430b-bf3c-a1e83706c790/datanode-2/data/ratis/2f1e19a8-9154-4640-8f39-49cf8ccc8f99/current/log_inprogress_0
2022-10-22 01:06:14,152 [d1d68c68-fcd1-40a2-8bd4-08293fe543e0@group-028E8AAC4AA9-FollowerState] INFO  impl.FollowerState (FollowerState.java:run(143)) - d1d68c68-fcd1-40a2-8bd4-08293fe543e0@group-028E8AAC4AA9-FollowerState: change to CANDIDATE, lastRpcElapsedTime:5092560108ns, electionTimeout:5092ms
2022-10-22 01:06:14,152 [d1d68c68-fcd1-40a2-8bd4-08293fe543e0@group-028E8AAC4AA9-FollowerState] INFO  impl.RoleInfo (RoleInfo.java:shutdownFollowerState(110)) - d1d68c68-fcd1-40a2-8bd4-08293fe543e0: shutdown d1d68c68-fcd1-40a2-8bd4-08293fe543e0@group-028E8AAC4AA9-FollowerState
2022-10-22 01:06:14,152 [d1d68c68-fcd1-40a2-8bd4-08293fe543e0@group-028E8AAC4AA9-FollowerState] INFO  server.RaftServer$Division (RaftServerImpl.java:setRole(321)) - d1d68c68-fcd1-40a2-8bd4-08293fe543e0@group-028E8AAC4AA9: changes role from  FOLLOWER to CANDIDATE at term 0 for changeToCandidate
2022-10-22 01:06:14,155 [d1d68c68-fcd1-40a2-8bd4-08293fe543e0@group-028E8AAC4AA9-FollowerState] INFO  server.RaftServerConfigKeys (ConfUtils.java:logGet(46)) - raft.server.leaderelection.pre-vote = false (custom)
2022-10-22 01:06:14,155 [d1d68c68-fcd1-40a2-8bd4-08293fe543e0@group-028E8AAC4AA9-FollowerState] INFO  impl.RoleInfo (RoleInfo.java:updateAndGet(139)) - d1d68c68-fcd1-40a2-8bd4-08293fe543e0: start d1d68c68-fcd1-40a2-8bd4-08293fe543e0@group-028E8AAC4AA9-LeaderElection7
2022-10-22 01:06:14,160 [grpc-default-executor-3] INFO  server.RaftServer$Division (RaftServerImpl.java:requestVote(1218)) - d1d68c68-fcd1-40a2-8bd4-08293fe543e0@group-028E8AAC4AA9: receive requestVote(ELECTION, 2e87c3a1-a023-462f-882b-ea1ca04c8a98, group-028E8AAC4AA9, 1, (t:0, i:0))
2022-10-22 01:06:14,160 [9705cc67-48fc-46f6-b325-a713191a975c@group-028E8AAC4AA9-FollowerState] INFO  impl.FollowerState (FollowerState.java:run(143)) - 9705cc67-48fc-46f6-b325-a713191a975c@group-028E8AAC4AA9-FollowerState: change to CANDIDATE, lastRpcElapsedTime:5115172574ns, electionTimeout:5107ms
2022-10-22 01:06:14,160 [2e87c3a1-a023-462f-882b-ea1ca04c8a98@group-49CF8CCC8F99-LeaderElection6] INFO  server.RaftServer$Division (ServerState.java:setRaftConf(430)) - 2e87c3a1-a023-462f-882b-ea1ca04c8a98@group-49CF8CCC8F99: set configuration 0: peers:[2e87c3a1-a023-462f-882b-ea1ca04c8a98|rpc:10.1.0.62:33759|dataStream:|priority:1|startupRole:FOLLOWER]|listeners:[], old=null
2022-10-22 01:06:14,160 [9705cc67-48fc-46f6-b325-a713191a975c@group-028E8AAC4AA9-FollowerState] INFO  impl.RoleInfo (RoleInfo.java:shutdownFollowerState(110)) - 9705cc67-48fc-46f6-b325-a713191a975c: shutdown 9705cc67-48fc-46f6-b325-a713191a975c@group-028E8AAC4AA9-FollowerState
2022-10-22 01:06:14,160 [9705cc67-48fc-46f6-b325-a713191a975c@group-028E8AAC4AA9-FollowerState] INFO  server.RaftServer$Division (RaftServerImpl.java:setRole(321)) - 9705cc67-48fc-46f6-b325-a713191a975c@group-028E8AAC4AA9: changes role from  FOLLOWER to CANDIDATE at term 0 for changeToCandidate
2022-10-22 01:06:14,161 [grpc-default-executor-1] INFO  server.RaftServer$Division (RaftServerImpl.java:requestVote(1218)) - 9705cc67-48fc-46f6-b325-a713191a975c@group-028E8AAC4AA9: receive requestVote(ELECTION, 2e87c3a1-a023-462f-882b-ea1ca04c8a98, group-028E8AAC4AA9, 1, (t:0, i:0))
2022-10-22 01:06:14,161 [9705cc67-48fc-46f6-b325-a713191a975c@group-028E8AAC4AA9-FollowerState] INFO  server.RaftServerConfigKeys (ConfUtils.java:logGet(46)) - raft.server.leaderelection.pre-vote = false (custom)
2022-10-22 01:06:14,161 [9705cc67-48fc-46f6-b325-a713191a975c@group-028E8AAC4AA9-FollowerState] INFO  impl.RoleInfo (RoleInfo.java:updateAndGet(139)) - 9705cc67-48fc-46f6-b325-a713191a975c: start 9705cc67-48fc-46f6-b325-a713191a975c@group-028E8AAC4AA9-LeaderElection8
2022-10-22 01:06:14,162 [grpc-default-executor-1] INFO  impl.VoteContext (VoteContext.java:log(48)) - 9705cc67-48fc-46f6-b325-a713191a975c@group-028E8AAC4AA9-CANDIDATE: reject ELECTION from 2e87c3a1-a023-462f-882b-ea1ca04c8a98: our priority 1 > candidate's priority 0
2022-10-22 01:06:14,162 [d1d68c68-fcd1-40a2-8bd4-08293fe543e0@group-028E8AAC4AA9-LeaderElection7] INFO  impl.LeaderElection (LeaderElection.java:askForVotes(312)) - d1d68c68-fcd1-40a2-8bd4-08293fe543e0@group-028E8AAC4AA9-LeaderElection7 ELECTION round 0: submit vote requests at term 1 for -1: peers:[2e87c3a1-a023-462f-882b-ea1ca04c8a98|rpc:10.1.0.62:33759|priority:0|startupRole:FOLLOWER, 9705cc67-48fc-46f6-b325-a713191a975c|rpc:10.1.0.62:35497|priority:1|startupRole:FOLLOWER, d1d68c68-fcd1-40a2-8bd4-08293fe543e0|rpc:10.1.0.62:34369|priority:0|startupRole:FOLLOWER]|listeners:[], old=null
2022-10-22 01:06:14,162 [grpc-default-executor-1] INFO  server.RaftServer$Division (RaftServerImpl.java:setRole(321)) - 9705cc67-48fc-46f6-b325-a713191a975c@group-028E8AAC4AA9: changes role from CANDIDATE to FOLLOWER at term 1 for candidate:2e87c3a1-a023-462f-882b-ea1ca04c8a98
2022-10-22 01:06:14,162 [grpc-default-executor-1] INFO  impl.RoleInfo (RoleInfo.java:shutdownLeaderElection(130)) - 9705cc67-48fc-46f6-b325-a713191a975c: shutdown 9705cc67-48fc-46f6-b325-a713191a975c@group-028E8AAC4AA9-LeaderElection8
2022-10-22 01:06:14,163 [grpc-default-executor-3] INFO  impl.VoteContext (VoteContext.java:log(48)) - d1d68c68-fcd1-40a2-8bd4-08293fe543e0@group-028E8AAC4AA9-CANDIDATE: reject ELECTION from 2e87c3a1-a023-462f-882b-ea1ca04c8a98: already has voted for d1d68c68-fcd1-40a2-8bd4-08293fe543e0 at current term 1
2022-10-22 01:06:14,163 [grpc-default-executor-3] INFO  server.RaftServer$Division (RaftServerImpl.java:requestVote(1251)) - d1d68c68-fcd1-40a2-8bd4-08293fe543e0@group-028E8AAC4AA9 replies to ELECTION vote request: 2e87c3a1-a023-462f-882b-ea1ca04c8a98<-d1d68c68-fcd1-40a2-8bd4-08293fe543e0#0:FAIL-t1. Peer's state: d1d68c68-fcd1-40a2-8bd4-08293fe543e0@group-028E8AAC4AA9:t1, leader=null, voted=d1d68c68-fcd1-40a2-8bd4-08293fe543e0, raftlog=Memoized:d1d68c68-fcd1-40a2-8bd4-08293fe543e0@group-028E8AAC4AA9-SegmentedRaftLog:OPENED:c-1, conf=-1: peers:[2e87c3a1-a023-462f-882b-ea1ca04c8a98|rpc:10.1.0.62:33759|priority:0|startupRole:FOLLOWER, 9705cc67-48fc-46f6-b325-a713191a975c|rpc:10.1.0.62:35497|priority:1|startupRole:FOLLOWER, d1d68c68-fcd1-40a2-8bd4-08293fe543e0|rpc:10.1.0.62:34369|priority:0|startupRole:FOLLOWER]|listeners:[], old=null
2022-10-22 01:06:14,167 [grpc-default-executor-1] INFO  impl.RoleInfo (RoleInfo.java:updateAndGet(139)) - 9705cc67-48fc-46f6-b325-a713191a975c: start 9705cc67-48fc-46f6-b325-a713191a975c@group-028E8AAC4AA9-FollowerState
2022-10-22 01:06:14,174 [d1d68c68-fcd1-40a2-8bd4-08293fe543e0@group-028E8AAC4AA9-LeaderElection7] INFO  server.RaftServerConfigKeys (ConfUtils.java:logFallback(53)) - raft.server.rpc.first-election.timeout.min = 5s (fallback to raft.server.rpc.timeout.min)
2022-10-22 01:06:14,174 [d1d68c68-fcd1-40a2-8bd4-08293fe543e0@group-028E8AAC4AA9-LeaderElection7] INFO  server.RaftServerConfigKeys (ConfUtils.java:logFallback(53)) - raft.server.rpc.first-election.timeout.max = 5200ms (fallback to raft.server.rpc.timeout.max)
2022-10-22 01:06:14,178 [grpc-default-executor-1] INFO  server.RaftServer$Division (RaftServerImpl.java:requestVote(1251)) - 9705cc67-48fc-46f6-b325-a713191a975c@group-028E8AAC4AA9 replies to ELECTION vote request: 2e87c3a1-a023-462f-882b-ea1ca04c8a98<-9705cc67-48fc-46f6-b325-a713191a975c#0:FAIL-t1. Peer's state: 9705cc67-48fc-46f6-b325-a713191a975c@group-028E8AAC4AA9:t1, leader=null, voted=null, raftlog=Memoized:9705cc67-48fc-46f6-b325-a713191a975c@group-028E8AAC4AA9-SegmentedRaftLog:OPENED:c-1, conf=-1: peers:[2e87c3a1-a023-462f-882b-ea1ca04c8a98|rpc:10.1.0.62:33759|priority:0|startupRole:FOLLOWER, 9705cc67-48fc-46f6-b325-a713191a975c|rpc:10.1.0.62:35497|priority:1|startupRole:FOLLOWER, d1d68c68-fcd1-40a2-8bd4-08293fe543e0|rpc:10.1.0.62:34369|priority:0|startupRole:FOLLOWER]|listeners:[], old=null
2022-10-22 01:06:14,178 [grpc-default-executor-0] INFO  server.RaftServer$Division (RaftServerImpl.java:requestVote(1218)) - 2e87c3a1-a023-462f-882b-ea1ca04c8a98@group-028E8AAC4AA9: receive requestVote(ELECTION, d1d68c68-fcd1-40a2-8bd4-08293fe543e0, group-028E8AAC4AA9, 1, (t:0, i:0))
2022-10-22 01:06:14,178 [grpc-default-executor-0] INFO  impl.VoteContext (VoteContext.java:log(48)) - 2e87c3a1-a023-462f-882b-ea1ca04c8a98@group-028E8AAC4AA9-CANDIDATE: reject ELECTION from d1d68c68-fcd1-40a2-8bd4-08293fe543e0: already has voted for 2e87c3a1-a023-462f-882b-ea1ca04c8a98 at current term 1
2022-10-22 01:06:14,178 [grpc-default-executor-0] INFO  server.RaftServer$Division (RaftServerImpl.java:requestVote(1251)) - 2e87c3a1-a023-462f-882b-ea1ca04c8a98@group-028E8AAC4AA9 replies to ELECTION vote request: d1d68c68-fcd1-40a2-8bd4-08293fe543e0<-2e87c3a1-a023-462f-882b-ea1ca04c8a98#0:FAIL-t1. Peer's state: 2e87c3a1-a023-462f-882b-ea1ca04c8a98@group-028E8AAC4AA9:t1, leader=null, voted=2e87c3a1-a023-462f-882b-ea1ca04c8a98, raftlog=Memoized:2e87c3a1-a023-462f-882b-ea1ca04c8a98@group-028E8AAC4AA9-SegmentedRaftLog:OPENED:c-1, conf=-1: peers:[2e87c3a1-a023-462f-882b-ea1ca04c8a98|rpc:10.1.0.62:33759|dataStream:|priority:0|startupRole:FOLLOWER, 9705cc67-48fc-46f6-b325-a713191a975c|rpc:10.1.0.62:35497|dataStream:|priority:1|startupRole:FOLLOWER, d1d68c68-fcd1-40a2-8bd4-08293fe543e0|rpc:10.1.0.62:34369|dataStream:|priority:0|startupRole:FOLLOWER]|listeners:[], old=null
2022-10-22 01:06:14,178 [grpc-default-executor-3] INFO  server.RaftServer$Division (RaftServerImpl.java:requestVote(1218)) - 9705cc67-48fc-46f6-b325-a713191a975c@group-028E8AAC4AA9: receive requestVote(ELECTION, d1d68c68-fcd1-40a2-8bd4-08293fe543e0, group-028E8AAC4AA9, 1, (t:0, i:0))
2022-10-22 01:06:14,178 [grpc-default-executor-3] INFO  impl.VoteContext (VoteContext.java:log(48)) - 9705cc67-48fc-46f6-b325-a713191a975c@group-028E8AAC4AA9-FOLLOWER: reject ELECTION from d1d68c68-fcd1-40a2-8bd4-08293fe543e0: our priority 1 > candidate's priority 0
2022-10-22 01:06:14,178 [grpc-default-executor-3] INFO  server.RaftServer$Division (RaftServerImpl.java:setRole(321)) - 9705cc67-48fc-46f6-b325-a713191a975c@group-028E8AAC4AA9: changes role from  FOLLOWER to FOLLOWER at term 1 for candidate:d1d68c68-fcd1-40a2-8bd4-08293fe543e0
2022-10-22 01:06:14,178 [grpc-default-executor-3] INFO  impl.RoleInfo (RoleInfo.java:shutdownFollowerState(110)) - 9705cc67-48fc-46f6-b325-a713191a975c: shutdown 9705cc67-48fc-46f6-b325-a713191a975c@group-028E8AAC4AA9-FollowerState
2022-10-22 01:06:14,178 [grpc-default-executor-3] INFO  impl.RoleInfo (RoleInfo.java:updateAndGet(139)) - 9705cc67-48fc-46f6-b325-a713191a975c: start 9705cc67-48fc-46f6-b325-a713191a975c@group-028E8AAC4AA9-FollowerState
2022-10-22 01:06:14,179 [grpc-default-executor-3] INFO  server.RaftServer$Division (RaftServerImpl.java:requestVote(1251)) - 9705cc67-48fc-46f6-b325-a713191a975c@group-028E8AAC4AA9 replies to ELECTION vote request: d1d68c68-fcd1-40a2-8bd4-08293fe543e0<-9705cc67-48fc-46f6-b325-a713191a975c#0:FAIL-t1. Peer's state: 9705cc67-48fc-46f6-b325-a713191a975c@group-028E8AAC4AA9:t1, leader=null, voted=null, raftlog=Memoized:9705cc67-48fc-46f6-b325-a713191a975c@group-028E8AAC4AA9-SegmentedRaftLog:OPENED:c-1, conf=-1: peers:[2e87c3a1-a023-462f-882b-ea1ca04c8a98|rpc:10.1.0.62:33759|priority:0|startupRole:FOLLOWER, 9705cc67-48fc-46f6-b325-a713191a975c|rpc:10.1.0.62:35497|priority:1|startupRole:FOLLOWER, d1d68c68-fcd1-40a2-8bd4-08293fe543e0|rpc:10.1.0.62:34369|priority:0|startupRole:FOLLOWER]|listeners:[], old=null
2022-10-22 01:06:14,180 [d1d68c68-fcd1-40a2-8bd4-08293fe543e0@group-028E8AAC4AA9-LeaderElection7] INFO  impl.LeaderElection (LeaderElection.java:logAndReturn(90)) - d1d68c68-fcd1-40a2-8bd4-08293fe543e0@group-028E8AAC4AA9-LeaderElection7: ELECTION REJECTED received 1 response(s) and 0 exception(s):
2022-10-22 01:06:14,180 [d1d68c68-fcd1-40a2-8bd4-08293fe543e0@group-028E8AAC4AA9-LeaderElection7] INFO  impl.LeaderElection (LeaderElection.java:logAndReturn(94)) -   Response 0: d1d68c68-fcd1-40a2-8bd4-08293fe543e0<-9705cc67-48fc-46f6-b325-a713191a975c#0:FAIL-t1
2022-10-22 01:06:14,180 [d1d68c68-fcd1-40a2-8bd4-08293fe543e0@group-028E8AAC4AA9-LeaderElection7] INFO  impl.LeaderElection (LeaderElection.java:askForVotes(314)) - d1d68c68-fcd1-40a2-8bd4-08293fe543e0@group-028E8AAC4AA9-LeaderElection7 ELECTION round 0: result REJECTED
2022-10-22 01:06:14,180 [d1d68c68-fcd1-40a2-8bd4-08293fe543e0@group-028E8AAC4AA9-LeaderElection7] INFO  server.RaftServer$Division (RaftServerImpl.java:setRole(321)) - d1d68c68-fcd1-40a2-8bd4-08293fe543e0@group-028E8AAC4AA9: changes role from CANDIDATE to FOLLOWER at term 1 for REJECTED
2022-10-22 01:06:14,180 [d1d68c68-fcd1-40a2-8bd4-08293fe543e0@group-028E8AAC4AA9-LeaderElection7] INFO  impl.RoleInfo (RoleInfo.java:shutdownLeaderElection(130)) - d1d68c68-fcd1-40a2-8bd4-08293fe543e0: shutdown d1d68c68-fcd1-40a2-8bd4-08293fe543e0@group-028E8AAC4AA9-LeaderElection7
2022-10-22 01:06:14,183 [d1d68c68-fcd1-40a2-8bd4-08293fe543e0@group-028E8AAC4AA9-LeaderElection7] INFO  impl.RoleInfo (RoleInfo.java:updateAndGet(139)) - d1d68c68-fcd1-40a2-8bd4-08293fe543e0: start d1d68c68-fcd1-40a2-8bd4-08293fe543e0@group-028E8AAC4AA9-FollowerState
2022-10-22 01:06:14,183 [9705cc67-48fc-46f6-b325-a713191a975c@group-028E8AAC4AA9-FollowerState] INFO  impl.FollowerState (FollowerState.java:shouldRun(117)) - 9705cc67-48fc-46f6-b325-a713191a975c@group-028E8AAC4AA9-FollowerState: Stopping now (isRunning? false, role = FOLLOWER)
2022-10-22 01:06:14,183 [2e87c3a1-a023-462f-882b-ea1ca04c8a98@group-028E8AAC4AA9-LeaderElection5] INFO  impl.LeaderElection (LeaderElection.java:logAndReturn(90)) - 2e87c3a1-a023-462f-882b-ea1ca04c8a98@group-028E8AAC4AA9-LeaderElection5: ELECTION REJECTED received 2 response(s) and 0 exception(s):
2022-10-22 01:06:14,183 [2e87c3a1-a023-462f-882b-ea1ca04c8a98@group-028E8AAC4AA9-LeaderElection5] INFO  impl.LeaderElection (LeaderElection.java:logAndReturn(94)) -   Response 0: 2e87c3a1-a023-462f-882b-ea1ca04c8a98<-9705cc67-48fc-46f6-b325-a713191a975c#0:FAIL-t1
2022-10-22 01:06:14,183 [2e87c3a1-a023-462f-882b-ea1ca04c8a98@group-028E8AAC4AA9-LeaderElection5] INFO  impl.LeaderElection (LeaderElection.java:logAndReturn(94)) -   Response 1: 2e87c3a1-a023-462f-882b-ea1ca04c8a98<-d1d68c68-fcd1-40a2-8bd4-08293fe543e0#0:FAIL-t1
2022-10-22 01:06:14,184 [d1d68c68-fcd1-40a2-8bd4-08293fe543e0@group-028E8AAC4AA9-FollowerState] INFO  server.RaftServerConfigKeys (ConfUtils.java:logFallback(53)) - raft.server.rpc.first-election.timeout.min = 5s (fallback to raft.server.rpc.timeout.min)
2022-10-22 01:06:14,184 [d1d68c68-fcd1-40a2-8bd4-08293fe543e0@group-028E8AAC4AA9-FollowerState] INFO  server.RaftServerConfigKeys (ConfUtils.java:logFallback(53)) - raft.server.rpc.first-election.timeout.max = 5200ms (fallback to raft.server.rpc.timeout.max)
2022-10-22 01:06:14,184 [9705cc67-48fc-46f6-b325-a713191a975c@group-028E8AAC4AA9-FollowerState] INFO  server.RaftServerConfigKeys (ConfUtils.java:logFallback(53)) - raft.server.rpc.first-election.timeout.min = 5s (fallback to raft.server.rpc.timeout.min)
2022-10-22 01:06:14,184 [9705cc67-48fc-46f6-b325-a713191a975c@group-028E8AAC4AA9-FollowerState] INFO  server.RaftServerConfigKeys (ConfUtils.java:logFallback(53)) - raft.server.rpc.first-election.timeout.max = 5200ms (fallback to raft.server.rpc.timeout.max)
2022-10-22 01:06:14,185 [2e87c3a1-a023-462f-882b-ea1ca04c8a98@group-028E8AAC4AA9-LeaderElection5] INFO  impl.LeaderElection (LeaderElection.java:askForVotes(314)) - 2e87c3a1-a023-462f-882b-ea1ca04c8a98@group-028E8AAC4AA9-LeaderElection5 ELECTION round 0: result REJECTED
2022-10-22 01:06:14,185 [2e87c3a1-a023-462f-882b-ea1ca04c8a98@group-028E8AAC4AA9-LeaderElection5] INFO  server.RaftServer$Division (RaftServerImpl.java:setRole(321)) - 2e87c3a1-a023-462f-882b-ea1ca04c8a98@group-028E8AAC4AA9: changes role from CANDIDATE to FOLLOWER at term 1 for REJECTED
2022-10-22 01:06:14,185 [2e87c3a1-a023-462f-882b-ea1ca04c8a98@group-028E8AAC4AA9-LeaderElection5] INFO  impl.RoleInfo (RoleInfo.java:shutdownLeaderElection(130)) - 2e87c3a1-a023-462f-882b-ea1ca04c8a98: shutdown 2e87c3a1-a023-462f-882b-ea1ca04c8a98@group-028E8AAC4AA9-LeaderElection5
2022-10-22 01:06:14,185 [2e87c3a1-a023-462f-882b-ea1ca04c8a98@group-028E8AAC4AA9-LeaderElection5] INFO  impl.RoleInfo (RoleInfo.java:updateAndGet(139)) - 2e87c3a1-a023-462f-882b-ea1ca04c8a98: start 2e87c3a1-a023-462f-882b-ea1ca04c8a98@group-028E8AAC4AA9-FollowerState
2022-10-22 01:06:14,186 [2e87c3a1-a023-462f-882b-ea1ca04c8a98@group-028E8AAC4AA9-FollowerState] INFO  server.RaftServerConfigKeys (ConfUtils.java:logFallback(53)) - raft.server.rpc.first-election.timeout.min = 5s (fallback to raft.server.rpc.timeout.min)
2022-10-22 01:06:14,189 [2e87c3a1-a023-462f-882b-ea1ca04c8a98@group-028E8AAC4AA9-FollowerState] INFO  server.RaftServerConfigKeys (ConfUtils.java:logFallback(53)) - raft.server.rpc.first-election.timeout.max = 5200ms (fallback to raft.server.rpc.timeout.max)
2022-10-22 01:06:14,329 [Listener at 127.0.0.1/34145] INFO  ozone.MiniOzoneClusterImpl (MiniOzoneClusterImpl.java:lambda$waitForClusterToBeReady$0(216)) - Nodes are ready. Got 10 of 10 DN Heartbeats.
2022-10-22 01:06:14,329 [Listener at 127.0.0.1/34145] INFO  ozone.MiniOzoneClusterImpl (MiniOzoneClusterImpl.java:lambda$waitForClusterToBeReady$0(219)) - Cluster exits safe mode
2022-10-22 01:06:14,329 [Listener at 127.0.0.1/34145] INFO  ozone.MiniOzoneClusterImpl (MiniOzoneClusterImpl.java:lambda$waitForClusterToBeReady$0(221)) - SCM became leader
2022-10-22 01:06:14,458 [6e54690b-befe-42c2-a4b7-a861f73b2b3f@group-D15EFCC0BBCA-FollowerState] INFO  impl.FollowerState (FollowerState.java:run(143)) - 6e54690b-befe-42c2-a4b7-a861f73b2b3f@group-D15EFCC0BBCA-FollowerState: change to CANDIDATE, lastRpcElapsedTime:5031500713ns, electionTimeout:5031ms
2022-10-22 01:06:14,458 [6e54690b-befe-42c2-a4b7-a861f73b2b3f@group-D15EFCC0BBCA-FollowerState] INFO  impl.RoleInfo (RoleInfo.java:shutdownFollowerState(110)) - 6e54690b-befe-42c2-a4b7-a861f73b2b3f: shutdown 6e54690b-befe-42c2-a4b7-a861f73b2b3f@group-D15EFCC0BBCA-FollowerState
2022-10-22 01:06:14,459 [6e54690b-befe-42c2-a4b7-a861f73b2b3f@group-D15EFCC0BBCA-FollowerState] INFO  server.RaftServer$Division (RaftServerImpl.java:setRole(321)) - 6e54690b-befe-42c2-a4b7-a861f73b2b3f@group-D15EFCC0BBCA: changes role from  FOLLOWER to CANDIDATE at term 0 for changeToCandidate
2022-10-22 01:06:14,459 [6e54690b-befe-42c2-a4b7-a861f73b2b3f@group-D15EFCC0BBCA-FollowerState] INFO  server.RaftServerConfigKeys (ConfUtils.java:logGet(46)) - raft.server.leaderelection.pre-vote = false (custom)
2022-10-22 01:06:14,459 [6e54690b-befe-42c2-a4b7-a861f73b2b3f@group-D15EFCC0BBCA-FollowerState] INFO  impl.RoleInfo (RoleInfo.java:updateAndGet(139)) - 6e54690b-befe-42c2-a4b7-a861f73b2b3f: start 6e54690b-befe-42c2-a4b7-a861f73b2b3f@group-D15EFCC0BBCA-LeaderElection9
2022-10-22 01:06:14,468 [6e54690b-befe-42c2-a4b7-a861f73b2b3f@group-D15EFCC0BBCA-LeaderElection9] INFO  impl.LeaderElection (LeaderElection.java:askForVotes(312)) - 6e54690b-befe-42c2-a4b7-a861f73b2b3f@group-D15EFCC0BBCA-LeaderElection9 ELECTION round 0: submit vote requests at term 1 for -1: peers:[6e54690b-befe-42c2-a4b7-a861f73b2b3f|rpc:10.1.0.62:35347|priority:1|startupRole:FOLLOWER]|listeners:[], old=null
2022-10-22 01:06:14,468 [6e54690b-befe-42c2-a4b7-a861f73b2b3f@group-D15EFCC0BBCA-LeaderElection9] INFO  impl.LeaderElection (LeaderElection.java:askForVotes(314)) - 6e54690b-befe-42c2-a4b7-a861f73b2b3f@group-D15EFCC0BBCA-LeaderElection9 ELECTION round 0: result PASSED (term=1)
2022-10-22 01:06:14,468 [6e54690b-befe-42c2-a4b7-a861f73b2b3f@group-D15EFCC0BBCA-LeaderElection9] INFO  impl.RoleInfo (RoleInfo.java:shutdownLeaderElection(130)) - 6e54690b-befe-42c2-a4b7-a861f73b2b3f: shutdown 6e54690b-befe-42c2-a4b7-a861f73b2b3f@group-D15EFCC0BBCA-LeaderElection9
2022-10-22 01:06:14,468 [6e54690b-befe-42c2-a4b7-a861f73b2b3f@group-D15EFCC0BBCA-LeaderElection9] INFO  server.RaftServer$Division (RaftServerImpl.java:setRole(321)) - 6e54690b-befe-42c2-a4b7-a861f73b2b3f@group-D15EFCC0BBCA: changes role from CANDIDATE to LEADER at term 1 for changeToLeader
2022-10-22 01:06:14,469 [6e54690b-befe-42c2-a4b7-a861f73b2b3f@group-D15EFCC0BBCA-LeaderElection9] INFO  ratis.XceiverServerRatis (XceiverServerRatis.java:handleLeaderChangedNotification(863)) - Leader change notification received for group: group-D15EFCC0BBCA with new leaderId: 6e54690b-befe-42c2-a4b7-a861f73b2b3f
2022-10-22 01:06:14,469 [6e54690b-befe-42c2-a4b7-a861f73b2b3f@group-D15EFCC0BBCA-LeaderElection9] INFO  server.RaftServer$Division (ServerState.java:setLeader(313)) - 6e54690b-befe-42c2-a4b7-a861f73b2b3f@group-D15EFCC0BBCA: change Leader from null to 6e54690b-befe-42c2-a4b7-a861f73b2b3f at term 1 for becomeLeader, leader elected after 5060ms
2022-10-22 01:06:14,469 [6e54690b-befe-42c2-a4b7-a861f73b2b3f@group-D15EFCC0BBCA-LeaderElection9] INFO  server.RaftServerConfigKeys (ConfUtils.java:logGet(46)) - raft.server.staging.catchup.gap = 1000 (default)
2022-10-22 01:06:14,469 [6e54690b-befe-42c2-a4b7-a861f73b2b3f@group-D15EFCC0BBCA-LeaderElection9] INFO  server.RaftServerConfigKeys (ConfUtils.java:logGet(46)) - raft.server.write.element-limit = 1024 (custom)
2022-10-22 01:06:14,469 [6e54690b-befe-42c2-a4b7-a861f73b2b3f@group-D15EFCC0BBCA-LeaderElection9] INFO  server.RaftServerConfigKeys (ConfUtils.java:logGet(46)) - raft.server.write.byte-limit = 1024 M (=1073741824) (custom)
2022-10-22 01:06:14,471 [6e54690b-befe-42c2-a4b7-a861f73b2b3f@group-D15EFCC0BBCA-LeaderElection9] INFO  server.RaftServerConfigKeys (ConfUtils.java:logGet(46)) - raft.server.watch.timeout = 180s (custom)
2022-10-22 01:06:14,471 [6e54690b-befe-42c2-a4b7-a861f73b2b3f@group-D15EFCC0BBCA-LeaderElection9] INFO  server.RaftServerConfigKeys (ConfUtils.java:logGet(46)) - raft.server.watch.timeout.denomination = 1s (default)
2022-10-22 01:06:14,471 [6e54690b-befe-42c2-a4b7-a861f73b2b3f@group-D15EFCC0BBCA-LeaderElection9] INFO  server.RaftServerConfigKeys (ConfUtils.java:logGet(46)) - raft.server.watch.element-limit = 65536 (default)
2022-10-22 01:06:14,471 [6e54690b-befe-42c2-a4b7-a861f73b2b3f@group-D15EFCC0BBCA-LeaderElection9] INFO  server.RaftServerConfigKeys (ConfUtils.java:logGet(46)) - raft.server.write.element-limit = 1024 (custom)
2022-10-22 01:06:14,471 [6e54690b-befe-42c2-a4b7-a861f73b2b3f@group-D15EFCC0BBCA-LeaderElection9] INFO  server.RaftServerConfigKeys (ConfUtils.java:logGet(46)) - raft.server.write.follower.gap.ratio.max = -1.0 (default)
2022-10-22 01:06:14,471 [6e54690b-befe-42c2-a4b7-a861f73b2b3f@group-D15EFCC0BBCA-LeaderElection9] INFO  impl.RoleInfo (RoleInfo.java:updateAndGet(139)) - 6e54690b-befe-42c2-a4b7-a861f73b2b3f: start 6e54690b-befe-42c2-a4b7-a861f73b2b3f@group-D15EFCC0BBCA-LeaderStateImpl
2022-10-22 01:06:14,471 [6e54690b-befe-42c2-a4b7-a861f73b2b3f@group-D15EFCC0BBCA-LeaderElection9] INFO  segmented.SegmentedRaftLogWorker (SegmentedRaftLogWorker.java:startLogSegment(452)) - 6e54690b-befe-42c2-a4b7-a861f73b2b3f@group-D15EFCC0BBCA-SegmentedRaftLogWorker: Starting segment from index:0
2022-10-22 01:06:14,473 [6e54690b-befe-42c2-a4b7-a861f73b2b3f@group-D15EFCC0BBCA-SegmentedRaftLogWorker] INFO  segmented.SegmentedRaftLogWorker (SegmentedRaftLogWorker.java:execute(656)) - 6e54690b-befe-42c2-a4b7-a861f73b2b3f@group-D15EFCC0BBCA-SegmentedRaftLogWorker: created new log segment /home/runner/work/ozone/ozone/hadoop-ozone/integration-test/target/test-dir/MiniOzoneClusterImpl-a988f88d-4efe-430b-bf3c-a1e83706c790/datanode-3/data/ratis/dc02e3be-0dcc-4fb9-b133-d15efcc0bbca/current/log_inprogress_0
2022-10-22 01:06:14,473 [6e54690b-befe-42c2-a4b7-a861f73b2b3f@group-D15EFCC0BBCA-LeaderElection9] INFO  server.RaftServer$Division (ServerState.java:setRaftConf(430)) - 6e54690b-befe-42c2-a4b7-a861f73b2b3f@group-D15EFCC0BBCA: set configuration 0: peers:[6e54690b-befe-42c2-a4b7-a861f73b2b3f|rpc:10.1.0.62:35347|dataStream:|priority:1|startupRole:FOLLOWER]|listeners:[], old=null
2022-10-22 01:06:14,538 [6e54690b-befe-42c2-a4b7-a861f73b2b3f@group-9278B7B813B0-FollowerState] INFO  impl.FollowerState (FollowerState.java:run(143)) - 6e54690b-befe-42c2-a4b7-a861f73b2b3f@group-9278B7B813B0-FollowerState: change to CANDIDATE, lastRpcElapsedTime:5093185802ns, electionTimeout:5092ms
2022-10-22 01:06:14,538 [6e54690b-befe-42c2-a4b7-a861f73b2b3f@group-9278B7B813B0-FollowerState] INFO  impl.RoleInfo (RoleInfo.java:shutdownFollowerState(110)) - 6e54690b-befe-42c2-a4b7-a861f73b2b3f: shutdown 6e54690b-befe-42c2-a4b7-a861f73b2b3f@group-9278B7B813B0-FollowerState
2022-10-22 01:06:14,538 [6e54690b-befe-42c2-a4b7-a861f73b2b3f@group-9278B7B813B0-FollowerState] INFO  server.RaftServer$Division (RaftServerImpl.java:setRole(321)) - 6e54690b-befe-42c2-a4b7-a861f73b2b3f@group-9278B7B813B0: changes role from  FOLLOWER to CANDIDATE at term 0 for changeToCandidate
2022-10-22 01:06:14,538 [6e54690b-befe-42c2-a4b7-a861f73b2b3f@group-9278B7B813B0-FollowerState] INFO  server.RaftServerConfigKeys (ConfUtils.java:logGet(46)) - raft.server.leaderelection.pre-vote = false (custom)
2022-10-22 01:06:14,538 [6e54690b-befe-42c2-a4b7-a861f73b2b3f@group-9278B7B813B0-FollowerState] INFO  impl.RoleInfo (RoleInfo.java:updateAndGet(139)) - 6e54690b-befe-42c2-a4b7-a861f73b2b3f: start 6e54690b-befe-42c2-a4b7-a861f73b2b3f@group-9278B7B813B0-LeaderElection10
2022-10-22 01:06:14,552 [6e54690b-befe-42c2-a4b7-a861f73b2b3f@group-9278B7B813B0-LeaderElection10] INFO  impl.LeaderElection (LeaderElection.java:askForVotes(312)) - 6e54690b-befe-42c2-a4b7-a861f73b2b3f@group-9278B7B813B0-LeaderElection10 ELECTION round 0: submit vote requests at term 1 for -1: peers:[63ee6728-2597-4353-a315-509fdfe6db5e|rpc:10.1.0.62:42903|priority:1|startupRole:FOLLOWER, 6e54690b-befe-42c2-a4b7-a861f73b2b3f|rpc:10.1.0.62:35347|priority:0|startupRole:FOLLOWER, e349f11f-4d2d-4584-922f-e3c208c9e657|rpc:10.1.0.62:34143|priority:0|startupRole:FOLLOWER]|listeners:[], old=null
2022-10-22 01:06:14,567 [6e54690b-befe-42c2-a4b7-a861f73b2b3f@group-9278B7B813B0-LeaderElection10-1] INFO  server.GrpcServerProtocolClient (GrpcServerProtocolClient.java:<init>(63)) - Build channel for 63ee6728-2597-4353-a315-509fdfe6db5e
2022-10-22 01:06:14,574 [6e54690b-befe-42c2-a4b7-a861f73b2b3f@group-9278B7B813B0-LeaderElection10] INFO  server.RaftServerConfigKeys (ConfUtils.java:logFallback(53)) - raft.server.rpc.first-election.timeout.min = 5s (fallback to raft.server.rpc.timeout.min)
2022-10-22 01:06:14,574 [6e54690b-befe-42c2-a4b7-a861f73b2b3f@group-9278B7B813B0-LeaderElection10] INFO  server.RaftServerConfigKeys (ConfUtils.java:logFallback(53)) - raft.server.rpc.first-election.timeout.max = 5200ms (fallback to raft.server.rpc.timeout.max)
2022-10-22 01:06:14,574 [6e54690b-befe-42c2-a4b7-a861f73b2b3f@group-9278B7B813B0-LeaderElection10-2] INFO  server.GrpcServerProtocolClient (GrpcServerProtocolClient.java:<init>(63)) - Build channel for e349f11f-4d2d-4584-922f-e3c208c9e657
2022-10-22 01:06:14,582 [63ee6728-2597-4353-a315-509fdfe6db5e@group-9278B7B813B0-FollowerState] INFO  impl.FollowerState (FollowerState.java:run(143)) - 63ee6728-2597-4353-a315-509fdfe6db5e@group-9278B7B813B0-FollowerState: change to CANDIDATE, lastRpcElapsedTime:5073091499ns, electionTimeout:5065ms
2022-10-22 01:06:14,588 [63ee6728-2597-4353-a315-509fdfe6db5e@group-9278B7B813B0-FollowerState] INFO  impl.RoleInfo (RoleInfo.java:shutdownFollowerState(110)) - 63ee6728-2597-4353-a315-509fdfe6db5e: shutdown 63ee6728-2597-4353-a315-509fdfe6db5e@group-9278B7B813B0-FollowerState
2022-10-22 01:06:14,588 [63ee6728-2597-4353-a315-509fdfe6db5e@group-9278B7B813B0-FollowerState] INFO  server.RaftServer$Division (RaftServerImpl.java:setRole(321)) - 63ee6728-2597-4353-a315-509fdfe6db5e@group-9278B7B813B0: changes role from  FOLLOWER to CANDIDATE at term 0 for changeToCandidate
2022-10-22 01:06:14,588 [63ee6728-2597-4353-a315-509fdfe6db5e@group-9278B7B813B0-FollowerState] INFO  server.RaftServerConfigKeys (ConfUtils.java:logGet(46)) - raft.server.leaderelection.pre-vote = false (custom)
2022-10-22 01:06:14,588 [63ee6728-2597-4353-a315-509fdfe6db5e@group-9278B7B813B0-FollowerState] INFO  impl.RoleInfo (RoleInfo.java:updateAndGet(139)) - 63ee6728-2597-4353-a315-509fdfe6db5e: start 63ee6728-2597-4353-a315-509fdfe6db5e@group-9278B7B813B0-LeaderElection11
2022-10-22 01:06:14,594 [grpc-default-executor-0] INFO  server.RaftServer$Division (RaftServerImpl.java:requestVote(1218)) - 63ee6728-2597-4353-a315-509fdfe6db5e@group-9278B7B813B0: receive requestVote(ELECTION, 6e54690b-befe-42c2-a4b7-a861f73b2b3f, group-9278B7B813B0, 1, (t:0, i:0))
2022-10-22 01:06:14,594 [grpc-default-executor-0] INFO  impl.VoteContext (VoteContext.java:log(48)) - 63ee6728-2597-4353-a315-509fdfe6db5e@group-9278B7B813B0-CANDIDATE: reject ELECTION from 6e54690b-befe-42c2-a4b7-a861f73b2b3f: our priority 1 > candidate's priority 0
2022-10-22 01:06:14,594 [grpc-default-executor-0] INFO  server.RaftServer$Division (RaftServerImpl.java:setRole(321)) - 63ee6728-2597-4353-a315-509fdfe6db5e@group-9278B7B813B0: changes role from CANDIDATE to FOLLOWER at term 1 for candidate:6e54690b-befe-42c2-a4b7-a861f73b2b3f
2022-10-22 01:06:14,594 [grpc-default-executor-0] INFO  impl.RoleInfo (RoleInfo.java:shutdownLeaderElection(130)) - 63ee6728-2597-4353-a315-509fdfe6db5e: shutdown 63ee6728-2597-4353-a315-509fdfe6db5e@group-9278B7B813B0-LeaderElection11
2022-10-22 01:06:14,594 [grpc-default-executor-0] INFO  impl.RoleInfo (RoleInfo.java:updateAndGet(139)) - 63ee6728-2597-4353-a315-509fdfe6db5e: start 63ee6728-2597-4353-a315-509fdfe6db5e@group-9278B7B813B0-FollowerState
2022-10-22 01:06:14,595 [63ee6728-2597-4353-a315-509fdfe6db5e@group-9278B7B813B0-LeaderElection11] INFO  impl.LeaderElection (LeaderElection.java:run(233)) - 63ee6728-2597-4353-a315-509fdfe6db5e@group-9278B7B813B0-LeaderElection11: skip running since this is already CLOSING
2022-10-22 01:06:14,596 [grpc-default-executor-0] INFO  server.RaftServer$Division (RaftServerImpl.java:requestVote(1251)) - 63ee6728-2597-4353-a315-509fdfe6db5e@group-9278B7B813B0 replies to ELECTION vote request: 6e54690b-befe-42c2-a4b7-a861f73b2b3f<-63ee6728-2597-4353-a315-509fdfe6db5e#0:FAIL-t1. Peer's state: 63ee6728-2597-4353-a315-509fdfe6db5e@group-9278B7B813B0:t1, leader=null, voted=null, raftlog=Memoized:63ee6728-2597-4353-a315-509fdfe6db5e@group-9278B7B813B0-SegmentedRaftLog:OPENED:c-1, conf=-1: peers:[63ee6728-2597-4353-a315-509fdfe6db5e|rpc:10.1.0.62:42903|dataStream:|priority:1|startupRole:FOLLOWER, 6e54690b-befe-42c2-a4b7-a861f73b2b3f|rpc:10.1.0.62:35347|dataStream:|priority:0|startupRole:FOLLOWER, e349f11f-4d2d-4584-922f-e3c208c9e657|rpc:10.1.0.62:34143|dataStream:|priority:0|startupRole:FOLLOWER]|listeners:[], old=null
2022-10-22 01:06:14,604 [6e54690b-befe-42c2-a4b7-a861f73b2b3f@group-9278B7B813B0-LeaderElection10] INFO  impl.LeaderElection (LeaderElection.java:logAndReturn(90)) - 6e54690b-befe-42c2-a4b7-a861f73b2b3f@group-9278B7B813B0-LeaderElection10: ELECTION REJECTED received 1 response(s) and 0 exception(s):
2022-10-22 01:06:14,604 [6e54690b-befe-42c2-a4b7-a861f73b2b3f@group-9278B7B813B0-LeaderElection10] INFO  impl.LeaderElection (LeaderElection.java:logAndReturn(94)) -   Response 0: 6e54690b-befe-42c2-a4b7-a861f73b2b3f<-63ee6728-2597-4353-a315-509fdfe6db5e#0:FAIL-t1
2022-10-22 01:06:14,604 [6e54690b-befe-42c2-a4b7-a861f73b2b3f@group-9278B7B813B0-LeaderElection10] INFO  impl.LeaderElection (LeaderElection.java:askForVotes(314)) - 6e54690b-befe-42c2-a4b7-a861f73b2b3f@group-9278B7B813B0-LeaderElection10 ELECTION round 0: result REJECTED
2022-10-22 01:06:14,604 [6e54690b-befe-42c2-a4b7-a861f73b2b3f@group-9278B7B813B0-LeaderElection10] INFO  server.RaftServer$Division (RaftServerImpl.java:setRole(321)) - 6e54690b-befe-42c2-a4b7-a861f73b2b3f@group-9278B7B813B0: changes role from CANDIDATE to FOLLOWER at term 1 for REJECTED
2022-10-22 01:06:14,604 [6e54690b-befe-42c2-a4b7-a861f73b2b3f@group-9278B7B813B0-LeaderElection10] INFO  impl.RoleInfo (RoleInfo.java:shutdownLeaderElection(130)) - 6e54690b-befe-42c2-a4b7-a861f73b2b3f: shutdown 6e54690b-befe-42c2-a4b7-a861f73b2b3f@group-9278B7B813B0-LeaderElection10
2022-10-22 01:06:14,604 [6e54690b-befe-42c2-a4b7-a861f73b2b3f@group-9278B7B813B0-LeaderElection10] INFO  impl.RoleInfo (RoleInfo.java:updateAndGet(139)) - 6e54690b-befe-42c2-a4b7-a861f73b2b3f: start 6e54690b-befe-42c2-a4b7-a861f73b2b3f@group-9278B7B813B0-FollowerState
2022-10-22 01:06:14,604 [63ee6728-2597-4353-a315-509fdfe6db5e@group-9278B7B813B0-FollowerState] INFO  server.RaftServerConfigKeys (ConfUtils.java:logFallback(53)) - raft.server.rpc.first-election.timeout.min = 5s (fallback to raft.server.rpc.timeout.min)
2022-10-22 01:06:14,604 [63ee6728-2597-4353-a315-509fdfe6db5e@group-9278B7B813B0-FollowerState] INFO  server.RaftServerConfigKeys (ConfUtils.java:logFallback(53)) - raft.server.rpc.first-election.timeout.max = 5200ms (fallback to raft.server.rpc.timeout.max)
2022-10-22 01:06:14,605 [grpc-default-executor-0] INFO  server.RaftServer$Division (RaftServerImpl.java:requestVote(1218)) - e349f11f-4d2d-4584-922f-e3c208c9e657@group-9278B7B813B0: receive requestVote(ELECTION, 6e54690b-befe-42c2-a4b7-a861f73b2b3f, group-9278B7B813B0, 1, (t:0, i:0))
2022-10-22 01:06:14,605 [grpc-default-executor-0] INFO  impl.VoteContext (VoteContext.java:log(48)) - e349f11f-4d2d-4584-922f-e3c208c9e657@group-9278B7B813B0-FOLLOWER: accept ELECTION from 6e54690b-befe-42c2-a4b7-a861f73b2b3f: our priority 0 <= candidate's priority 0
2022-10-22 01:06:14,605 [grpc-default-executor-0] INFO  server.RaftServer$Division (RaftServerImpl.java:setRole(321)) - e349f11f-4d2d-4584-922f-e3c208c9e657@group-9278B7B813B0: changes role from  FOLLOWER to FOLLOWER at term 1 for candidate:6e54690b-befe-42c2-a4b7-a861f73b2b3f
2022-10-22 01:06:14,605 [grpc-default-executor-0] INFO  impl.RoleInfo (RoleInfo.java:shutdownFollowerState(110)) - e349f11f-4d2d-4584-922f-e3c208c9e657: shutdown e349f11f-4d2d-4584-922f-e3c208c9e657@group-9278B7B813B0-FollowerState
2022-10-22 01:06:14,605 [grpc-default-executor-0] INFO  impl.RoleInfo (RoleInfo.java:updateAndGet(139)) - e349f11f-4d2d-4584-922f-e3c208c9e657: start e349f11f-4d2d-4584-922f-e3c208c9e657@group-9278B7B813B0-FollowerState
2022-10-22 01:06:14,605 [e349f11f-4d2d-4584-922f-e3c208c9e657@group-9278B7B813B0-FollowerState] INFO  impl.FollowerState (FollowerState.java:run(152)) - e349f11f-4d2d-4584-922f-e3c208c9e657@group-9278B7B813B0-FollowerState was interrupted
2022-10-22 01:06:14,607 [6e54690b-befe-42c2-a4b7-a861f73b2b3f@group-9278B7B813B0-FollowerState] INFO  server.RaftServerConfigKeys (ConfUtils.java:logFallback(53)) - raft.server.rpc.first-election.timeout.min = 5s (fallback to raft.server.rpc.timeout.min)
2022-10-22 01:06:14,607 [6e54690b-befe-42c2-a4b7-a861f73b2b3f@group-9278B7B813B0-FollowerState] INFO  server.RaftServerConfigKeys (ConfUtils.java:logFallback(53)) - raft.server.rpc.first-election.timeout.max = 5200ms (fallback to raft.server.rpc.timeout.max)
2022-10-22 01:06:14,611 [e349f11f-4d2d-4584-922f-e3c208c9e657@group-9278B7B813B0-FollowerState] INFO  server.RaftServerConfigKeys (ConfUtils.java:logFallback(53)) - raft.server.rpc.first-election.timeout.min = 5s (fallback to raft.server.rpc.timeout.min)
2022-10-22 01:06:14,611 [e349f11f-4d2d-4584-922f-e3c208c9e657@group-9278B7B813B0-FollowerState] INFO  server.RaftServerConfigKeys (ConfUtils.java:logFallback(53)) - raft.server.rpc.first-election.timeout.max = 5200ms (fallback to raft.server.rpc.timeout.max)
2022-10-22 01:06:14,612 [grpc-default-executor-0] INFO  server.RaftServer$Division (RaftServerImpl.java:requestVote(1251)) - e349f11f-4d2d-4584-922f-e3c208c9e657@group-9278B7B813B0 replies to ELECTION vote request: 6e54690b-befe-42c2-a4b7-a861f73b2b3f<-e349f11f-4d2d-4584-922f-e3c208c9e657#0:OK-t1. Peer's state: e349f11f-4d2d-4584-922f-e3c208c9e657@group-9278B7B813B0:t1, leader=null, voted=6e54690b-befe-42c2-a4b7-a861f73b2b3f, raftlog=Memoized:e349f11f-4d2d-4584-922f-e3c208c9e657@group-9278B7B813B0-SegmentedRaftLog:OPENED:c-1, conf=-1: peers:[63ee6728-2597-4353-a315-509fdfe6db5e|rpc:10.1.0.62:42903|dataStream:|priority:1|startupRole:FOLLOWER, 6e54690b-befe-42c2-a4b7-a861f73b2b3f|rpc:10.1.0.62:35347|dataStream:|priority:0|startupRole:FOLLOWER, e349f11f-4d2d-4584-922f-e3c208c9e657|rpc:10.1.0.62:34143|dataStream:|priority:0|startupRole:FOLLOWER]|listeners:[], old=null
2022-10-22 01:06:14,644 [6e54690b-befe-42c2-a4b7-a861f73b2b3f@group-D99577696E18-FollowerState] INFO  impl.FollowerState (FollowerState.java:run(143)) - 6e54690b-befe-42c2-a4b7-a861f73b2b3f@group-D99577696E18-FollowerState: change to CANDIDATE, lastRpcElapsedTime:5112304519ns, electionTimeout:5101ms
2022-10-22 01:06:14,644 [6e54690b-befe-42c2-a4b7-a861f73b2b3f@group-D99577696E18-FollowerState] INFO  impl.RoleInfo (RoleInfo.java:shutdownFollowerState(110)) - 6e54690b-befe-42c2-a4b7-a861f73b2b3f: shutdown 6e54690b-befe-42c2-a4b7-a861f73b2b3f@group-D99577696E18-FollowerState
2022-10-22 01:06:14,645 [6e54690b-befe-42c2-a4b7-a861f73b2b3f@group-D99577696E18-FollowerState] INFO  server.RaftServer$Division (RaftServerImpl.java:setRole(321)) - 6e54690b-befe-42c2-a4b7-a861f73b2b3f@group-D99577696E18: changes role from  FOLLOWER to CANDIDATE at term 0 for changeToCandidate
2022-10-22 01:06:14,645 [6e54690b-befe-42c2-a4b7-a861f73b2b3f@group-D99577696E18-FollowerState] INFO  server.RaftServerConfigKeys (ConfUtils.java:logGet(46)) - raft.server.leaderelection.pre-vote = false (custom)
2022-10-22 01:06:14,645 [6e54690b-befe-42c2-a4b7-a861f73b2b3f@group-D99577696E18-FollowerState] INFO  impl.RoleInfo (RoleInfo.java:updateAndGet(139)) - 6e54690b-befe-42c2-a4b7-a861f73b2b3f: start 6e54690b-befe-42c2-a4b7-a861f73b2b3f@group-D99577696E18-LeaderElection12
2022-10-22 01:06:14,661 [6e54690b-befe-42c2-a4b7-a861f73b2b3f@group-D99577696E18-LeaderElection12] INFO  impl.LeaderElection (LeaderElection.java:askForVotes(312)) - 6e54690b-befe-42c2-a4b7-a861f73b2b3f@group-D99577696E18-LeaderElection12 ELECTION round 0: submit vote requests at term 1 for -1: peers:[63ee6728-2597-4353-a315-509fdfe6db5e|rpc:10.1.0.62:42903|priority:0|startupRole:FOLLOWER, 6e54690b-befe-42c2-a4b7-a861f73b2b3f|rpc:10.1.0.62:35347|priority:1|startupRole:FOLLOWER, e349f11f-4d2d-4584-922f-e3c208c9e657|rpc:10.1.0.62:34143|priority:0|startupRole:FOLLOWER]|listeners:[], old=null
2022-10-22 01:06:14,667 [63ee6728-2597-4353-a315-509fdfe6db5e@group-D99577696E18-FollowerState] INFO  impl.FollowerState (FollowerState.java:run(143)) - 63ee6728-2597-4353-a315-509fdfe6db5e@group-D99577696E18-FollowerState: change to CANDIDATE, lastRpcElapsedTime:5103989342ns, electionTimeout:5103ms
2022-10-22 01:06:14,667 [63ee6728-2597-4353-a315-509fdfe6db5e@group-D99577696E18-FollowerState] INFO  impl.RoleInfo (RoleInfo.java:shutdownFollowerState(110)) - 63ee6728-2597-4353-a315-509fdfe6db5e: shutdown 63ee6728-2597-4353-a315-509fdfe6db5e@group-D99577696E18-FollowerState
2022-10-22 01:06:14,667 [63ee6728-2597-4353-a315-509fdfe6db5e@group-D99577696E18-FollowerState] INFO  server.RaftServer$Division (RaftServerImpl.java:setRole(321)) - 63ee6728-2597-4353-a315-509fdfe6db5e@group-D99577696E18: changes role from  FOLLOWER to CANDIDATE at term 0 for changeToCandidate
2022-10-22 01:06:14,672 [6e54690b-befe-42c2-a4b7-a861f73b2b3f@group-D99577696E18-LeaderElection12] INFO  server.RaftServerConfigKeys (ConfUtils.java:logFallback(53)) - raft.server.rpc.first-election.timeout.min = 5s (fallback to raft.server.rpc.timeout.min)
2022-10-22 01:06:14,672 [6e54690b-befe-42c2-a4b7-a861f73b2b3f@group-D99577696E18-LeaderElection12] INFO  server.RaftServerConfigKeys (ConfUtils.java:logFallback(53)) - raft.server.rpc.first-election.timeout.max = 5200ms (fallback to raft.server.rpc.timeout.max)
2022-10-22 01:06:14,672 [63ee6728-2597-4353-a315-509fdfe6db5e@group-D99577696E18-FollowerState] INFO  server.RaftServerConfigKeys (ConfUtils.java:logGet(46)) - raft.server.leaderelection.pre-vote = false (custom)
2022-10-22 01:06:14,672 [63ee6728-2597-4353-a315-509fdfe6db5e@group-D99577696E18-FollowerState] INFO  impl.RoleInfo (RoleInfo.java:updateAndGet(139)) - 63ee6728-2597-4353-a315-509fdfe6db5e: start 63ee6728-2597-4353-a315-509fdfe6db5e@group-D99577696E18-LeaderElection13
2022-10-22 01:06:14,680 [grpc-default-executor-0] INFO  server.RaftServer$Division (RaftServerImpl.java:requestVote(1218)) - 63ee6728-2597-4353-a315-509fdfe6db5e@group-D99577696E18: receive requestVote(ELECTION, 6e54690b-befe-42c2-a4b7-a861f73b2b3f, group-D99577696E18, 1, (t:0, i:0))
2022-10-22 01:06:14,680 [grpc-default-executor-3] INFO  server.RaftServer$Division (RaftServerImpl.java:requestVote(1218)) - e349f11f-4d2d-4584-922f-e3c208c9e657@group-D99577696E18: receive requestVote(ELECTION, 6e54690b-befe-42c2-a4b7-a861f73b2b3f, group-D99577696E18, 1, (t:0, i:0))
2022-10-22 01:06:14,681 [grpc-default-executor-3] INFO  impl.VoteContext (VoteContext.java:log(48)) - e349f11f-4d2d-4584-922f-e3c208c9e657@group-D99577696E18-FOLLOWER: accept ELECTION from 6e54690b-befe-42c2-a4b7-a861f73b2b3f: our priority 0 <= candidate's priority 1
2022-10-22 01:06:14,681 [grpc-default-executor-3] INFO  server.RaftServer$Division (RaftServerImpl.java:setRole(321)) - e349f11f-4d2d-4584-922f-e3c208c9e657@group-D99577696E18: changes role from  FOLLOWER to FOLLOWER at term 1 for candidate:6e54690b-befe-42c2-a4b7-a861f73b2b3f
2022-10-22 01:06:14,681 [grpc-default-executor-3] INFO  impl.RoleInfo (RoleInfo.java:shutdownFollowerState(110)) - e349f11f-4d2d-4584-922f-e3c208c9e657: shutdown e349f11f-4d2d-4584-922f-e3c208c9e657@group-D99577696E18-FollowerState
2022-10-22 01:06:14,681 [grpc-default-executor-3] INFO  impl.RoleInfo (RoleInfo.java:updateAndGet(139)) - e349f11f-4d2d-4584-922f-e3c208c9e657: start e349f11f-4d2d-4584-922f-e3c208c9e657@group-D99577696E18-FollowerState
2022-10-22 01:06:14,681 [e349f11f-4d2d-4584-922f-e3c208c9e657@group-D99577696E18-FollowerState] INFO  impl.FollowerState (FollowerState.java:run(152)) - e349f11f-4d2d-4584-922f-e3c208c9e657@group-D99577696E18-FollowerState was interrupted
2022-10-22 01:06:14,688 [grpc-default-executor-0] INFO  impl.VoteContext (VoteContext.java:log(48)) - 63ee6728-2597-4353-a315-509fdfe6db5e@group-D99577696E18-CANDIDATE: accept ELECTION from 6e54690b-befe-42c2-a4b7-a861f73b2b3f: our priority 0 <= candidate's priority 1
2022-10-22 01:06:14,688 [grpc-default-executor-0] INFO  server.RaftServer$Division (RaftServerImpl.java:setRole(321)) - 63ee6728-2597-4353-a315-509fdfe6db5e@group-D99577696E18: changes role from CANDIDATE to FOLLOWER at term 1 for candidate:6e54690b-befe-42c2-a4b7-a861f73b2b3f
2022-10-22 01:06:14,688 [grpc-default-executor-0] INFO  impl.RoleInfo (RoleInfo.java:shutdownLeaderElection(130)) - 63ee6728-2597-4353-a315-509fdfe6db5e: shutdown 63ee6728-2597-4353-a315-509fdfe6db5e@group-D99577696E18-LeaderElection13
2022-10-22 01:06:14,688 [grpc-default-executor-0] INFO  impl.RoleInfo (RoleInfo.java:updateAndGet(139)) - 63ee6728-2597-4353-a315-509fdfe6db5e: start 63ee6728-2597-4353-a315-509fdfe6db5e@group-D99577696E18-FollowerState
2022-10-22 01:06:14,691 [63ee6728-2597-4353-a315-509fdfe6db5e@group-D99577696E18-FollowerState] INFO  server.RaftServerConfigKeys (ConfUtils.java:logFallback(53)) - raft.server.rpc.first-election.timeout.min = 5s (fallback to raft.server.rpc.timeout.min)
2022-10-22 01:06:14,691 [63ee6728-2597-4353-a315-509fdfe6db5e@group-D99577696E18-FollowerState] INFO  server.RaftServerConfigKeys (ConfUtils.java:logFallback(53)) - raft.server.rpc.first-election.timeout.max = 5200ms (fallback to raft.server.rpc.timeout.max)
2022-10-22 01:06:14,692 [grpc-default-executor-0] INFO  server.RaftServer$Division (RaftServerImpl.java:requestVote(1251)) - 63ee6728-2597-4353-a315-509fdfe6db5e@group-D99577696E18 replies to ELECTION vote request: 6e54690b-befe-42c2-a4b7-a861f73b2b3f<-63ee6728-2597-4353-a315-509fdfe6db5e#0:OK-t1. Peer's state: 63ee6728-2597-4353-a315-509fdfe6db5e@group-D99577696E18:t1, leader=null, voted=6e54690b-befe-42c2-a4b7-a861f73b2b3f, raftlog=Memoized:63ee6728-2597-4353-a315-509fdfe6db5e@group-D99577696E18-SegmentedRaftLog:OPENED:c-1, conf=-1: peers:[63ee6728-2597-4353-a315-509fdfe6db5e|rpc:10.1.0.62:42903|dataStream:|priority:0|startupRole:FOLLOWER, 6e54690b-befe-42c2-a4b7-a861f73b2b3f|rpc:10.1.0.62:35347|dataStream:|priority:1|startupRole:FOLLOWER, e349f11f-4d2d-4584-922f-e3c208c9e657|rpc:10.1.0.62:34143|dataStream:|priority:0|startupRole:FOLLOWER]|listeners:[], old=null
2022-10-22 01:06:14,693 [6e54690b-befe-42c2-a4b7-a861f73b2b3f@group-D99577696E18-LeaderElection12] INFO  impl.LeaderElection (LeaderElection.java:logAndReturn(90)) - 6e54690b-befe-42c2-a4b7-a861f73b2b3f@group-D99577696E18-LeaderElection12: ELECTION PASSED received 1 response(s) and 0 exception(s):
2022-10-22 01:06:14,693 [6e54690b-befe-42c2-a4b7-a861f73b2b3f@group-D99577696E18-LeaderElection12] INFO  impl.LeaderElection (LeaderElection.java:logAndReturn(94)) -   Response 0: 6e54690b-befe-42c2-a4b7-a861f73b2b3f<-63ee6728-2597-4353-a315-509fdfe6db5e#0:OK-t1
2022-10-22 01:06:14,693 [6e54690b-befe-42c2-a4b7-a861f73b2b3f@group-D99577696E18-LeaderElection12] INFO  impl.LeaderElection (LeaderElection.java:askForVotes(314)) - 6e54690b-befe-42c2-a4b7-a861f73b2b3f@group-D99577696E18-LeaderElection12 ELECTION round 0: result PASSED
2022-10-22 01:06:14,693 [6e54690b-befe-42c2-a4b7-a861f73b2b3f@group-D99577696E18-LeaderElection12] INFO  impl.RoleInfo (RoleInfo.java:shutdownLeaderElection(130)) - 6e54690b-befe-42c2-a4b7-a861f73b2b3f: shutdown 6e54690b-befe-42c2-a4b7-a861f73b2b3f@group-D99577696E18-LeaderElection12
2022-10-22 01:06:14,693 [6e54690b-befe-42c2-a4b7-a861f73b2b3f@group-D99577696E18-LeaderElection12] INFO  server.RaftServer$Division (RaftServerImpl.java:setRole(321)) - 6e54690b-befe-42c2-a4b7-a861f73b2b3f@group-D99577696E18: changes role from CANDIDATE to LEADER at term 1 for changeToLeader
2022-10-22 01:06:14,693 [6e54690b-befe-42c2-a4b7-a861f73b2b3f@group-D99577696E18-LeaderElection12] INFO  ratis.XceiverServerRatis (XceiverServerRatis.java:handleLeaderChangedNotification(863)) - Leader change notification received for group: group-D99577696E18 with new leaderId: 6e54690b-befe-42c2-a4b7-a861f73b2b3f
2022-10-22 01:06:14,693 [6e54690b-befe-42c2-a4b7-a861f73b2b3f@group-D99577696E18-LeaderElection12] INFO  server.RaftServer$Division (ServerState.java:setLeader(313)) - 6e54690b-befe-42c2-a4b7-a861f73b2b3f@group-D99577696E18: change Leader from null to 6e54690b-befe-42c2-a4b7-a861f73b2b3f at term 1 for becomeLeader, leader elected after 5170ms
2022-10-22 01:06:14,693 [6e54690b-befe-42c2-a4b7-a861f73b2b3f@group-D99577696E18-LeaderElection12] INFO  server.RaftServerConfigKeys (ConfUtils.java:logGet(46)) - raft.server.staging.catchup.gap = 1000 (default)
2022-10-22 01:06:14,693 [6e54690b-befe-42c2-a4b7-a861f73b2b3f@group-D99577696E18-LeaderElection12] INFO  server.RaftServerConfigKeys (ConfUtils.java:logGet(46)) - raft.server.write.element-limit = 1024 (custom)
2022-10-22 01:06:14,693 [6e54690b-befe-42c2-a4b7-a861f73b2b3f@group-D99577696E18-LeaderElection12] INFO  server.RaftServerConfigKeys (ConfUtils.java:logGet(46)) - raft.server.write.byte-limit = 1024 M (=1073741824) (custom)
2022-10-22 01:06:14,693 [6e54690b-befe-42c2-a4b7-a861f73b2b3f@group-D99577696E18-LeaderElection12] INFO  server.RaftServerConfigKeys (ConfUtils.java:logGet(46)) - raft.server.watch.timeout = 180s (custom)
2022-10-22 01:06:14,693 [6e54690b-befe-42c2-a4b7-a861f73b2b3f@group-D99577696E18-LeaderElection12] INFO  server.RaftServerConfigKeys (ConfUtils.java:logGet(46)) - raft.server.watch.timeout.denomination = 1s (default)
2022-10-22 01:06:14,694 [6e54690b-befe-42c2-a4b7-a861f73b2b3f@group-D99577696E18-LeaderElection12] INFO  server.RaftServerConfigKeys (ConfUtils.java:logGet(46)) - raft.server.watch.element-limit = 65536 (default)
2022-10-22 01:06:14,694 [6e54690b-befe-42c2-a4b7-a861f73b2b3f@group-D99577696E18-LeaderElection12] INFO  server.RaftServerConfigKeys (ConfUtils.java:logGet(46)) - raft.server.write.element-limit = 1024 (custom)
2022-10-22 01:06:14,694 [6e54690b-befe-42c2-a4b7-a861f73b2b3f@group-D99577696E18-LeaderElection12] INFO  server.RaftServerConfigKeys (ConfUtils.java:logGet(46)) - raft.server.write.follower.gap.ratio.max = -1.0 (default)
2022-10-22 01:06:14,694 [6e54690b-befe-42c2-a4b7-a861f73b2b3f@group-D99577696E18-LeaderElection12] INFO  server.RaftServerConfigKeys (ConfUtils.java:logGet(46)) - raft.server.log.appender.snapshot.chunk.size.max = 16MB (=16777216) (default)
2022-10-22 01:06:14,694 [6e54690b-befe-42c2-a4b7-a861f73b2b3f@group-D99577696E18-LeaderElection12] INFO  server.RaftServerConfigKeys (ConfUtils.java:logGet(46)) - raft.server.log.appender.buffer.byte-limit = 33554432 (custom)
2022-10-22 01:06:14,694 [6e54690b-befe-42c2-a4b7-a861f73b2b3f@group-D99577696E18-LeaderElection12] INFO  server.RaftServerConfigKeys (ConfUtils.java:logGet(46)) - raft.server.log.appender.buffer.element-limit = 1 (custom)
2022-10-22 01:06:14,696 [EventQueue-PipelineReportForPipelineReportHandler] INFO  pipeline.PipelineManagerImpl (PipelineManagerImpl.java:openPipeline(367)) - Pipeline Pipeline[ Id: 37aa45de-48ff-4b09-999e-d99577696e18, Nodes: 63ee6728-2597-4353-a315-509fdfe6db5e{ip: 10.1.0.62, host: fv-az334-928.zg0gw54pbdoexfhqlmz30d51na.gx.internal.cloudapp.net, ports: [REPLICATION=42825, RATIS=42903, RATIS_ADMIN=42903, RATIS_SERVER=42903, STANDALONE=33359], networkLocation: /default-rack, certSerialId: null, persistedOpState: IN_SERVICE, persistedOpStateExpiryEpochSec: 0}6e54690b-befe-42c2-a4b7-a861f73b2b3f{ip: 10.1.0.62, host: fv-az334-928.zg0gw54pbdoexfhqlmz30d51na.gx.internal.cloudapp.net, ports: [REPLICATION=38893, RATIS=35347, RATIS_ADMIN=35347, RATIS_SERVER=35347, STANDALONE=41475], networkLocation: /default-rack, certSerialId: null, persistedOpState: IN_SERVICE, persistedOpStateExpiryEpochSec: 0}e349f11f-4d2d-4584-922f-e3c208c9e657{ip: 10.1.0.62, host: fv-az334-928.zg0gw54pbdoexfhqlmz30d51na.gx.internal.cloudapp.net, ports: [REPLICATION=32941, RATIS=34143, RATIS_ADMIN=34143, RATIS_SERVER=34143, STANDALONE=34963], networkLocation: /default-rack, certSerialId: null, persistedOpState: IN_SERVICE, persistedOpStateExpiryEpochSec: 0}, ReplicationConfig: RATIS/THREE, State:ALLOCATED, leaderId:6e54690b-befe-42c2-a4b7-a861f73b2b3f, CreationTimestamp2022-10-22T01:06:07.023Z[Etc/UTC]] moved to OPEN state
2022-10-22 01:06:14,701 [grpc-default-executor-3] INFO  server.RaftServer$Division (RaftServerImpl.java:requestVote(1251)) - e349f11f-4d2d-4584-922f-e3c208c9e657@group-D99577696E18 replies to ELECTION vote request: 6e54690b-befe-42c2-a4b7-a861f73b2b3f<-e349f11f-4d2d-4584-922f-e3c208c9e657#0:OK-t1. Peer's state: e349f11f-4d2d-4584-922f-e3c208c9e657@group-D99577696E18:t1, leader=null, voted=6e54690b-befe-42c2-a4b7-a861f73b2b3f, raftlog=Memoized:e349f11f-4d2d-4584-922f-e3c208c9e657@group-D99577696E18-SegmentedRaftLog:OPENED:c-1, conf=-1: peers:[63ee6728-2597-4353-a315-509fdfe6db5e|rpc:10.1.0.62:42903|dataStream:|priority:0|startupRole:FOLLOWER, 6e54690b-befe-42c2-a4b7-a861f73b2b3f|rpc:10.1.0.62:35347|dataStream:|priority:1|startupRole:FOLLOWER, e349f11f-4d2d-4584-922f-e3c208c9e657|rpc:10.1.0.62:34143|dataStream:|priority:0|startupRole:FOLLOWER]|listeners:[], old=null
2022-10-22 01:06:14,702 [e349f11f-4d2d-4584-922f-e3c208c9e657@group-D99577696E18-FollowerState] INFO  server.RaftServerConfigKeys (ConfUtils.java:logFallback(53)) - raft.server.rpc.first-election.timeout.min = 5s (fallback to raft.server.rpc.timeout.min)
2022-10-22 01:06:14,702 [e349f11f-4d2d-4584-922f-e3c208c9e657@group-D99577696E18-FollowerState] INFO  server.RaftServerConfigKeys (ConfUtils.java:logFallback(53)) - raft.server.rpc.first-election.timeout.max = 5200ms (fallback to raft.server.rpc.timeout.max)
2022-10-22 01:06:14,694 [6e54690b-befe-42c2-a4b7-a861f73b2b3f@group-D99577696E18-LeaderElection12] INFO  grpc.GrpcConfigKeys (ConfUtils.java:logGet(46)) - raft.grpc.server.leader.outstanding.appends.max = 128 (default)
2022-10-22 01:06:14,705 [6e54690b-befe-42c2-a4b7-a861f73b2b3f@group-D99577696E18-LeaderElection12] INFO  server.RaftServerConfigKeys (ConfUtils.java:logGet(46)) - raft.server.rpc.request.timeout = 60s (custom)
2022-10-22 01:06:14,705 [6e54690b-befe-42c2-a4b7-a861f73b2b3f@group-D99577696E18-LeaderElection12] INFO  server.RaftServerConfigKeys (ConfUtils.java:logGet(46)) - raft.server.log.appender.install.snapshot.enabled = false (custom)
2022-10-22 01:06:14,705 [6e54690b-befe-42c2-a4b7-a861f73b2b3f@group-D99577696E18-LeaderElection12] INFO  grpc.GrpcConfigKeys (ConfUtils.java:logGet(46)) - raft.grpc.server.heartbeat.channel = true (default)
2022-10-22 01:06:14,705 [6e54690b-befe-42c2-a4b7-a861f73b2b3f@group-D99577696E18-LeaderElection12] INFO  server.RaftServerConfigKeys (ConfUtils.java:logGet(46)) - raft.server.log.appender.wait-time.min = 10ms (default)
2022-10-22 01:06:14,705 [6e54690b-befe-42c2-a4b7-a861f73b2b3f@group-D99577696E18-LeaderElection12] INFO  server.RaftServerConfigKeys (ConfUtils.java:logGet(46)) - raft.server.log.appender.snapshot.chunk.size.max = 16MB (=16777216) (default)
2022-10-22 01:06:14,706 [6e54690b-befe-42c2-a4b7-a861f73b2b3f@group-D99577696E18-LeaderElection12] INFO  server.RaftServerConfigKeys (ConfUtils.java:logGet(46)) - raft.server.log.appender.buffer.byte-limit = 33554432 (custom)
2022-10-22 01:06:14,706 [6e54690b-befe-42c2-a4b7-a861f73b2b3f@group-D99577696E18-LeaderElection12] INFO  server.RaftServerConfigKeys (ConfUtils.java:logGet(46)) - raft.server.log.appender.buffer.element-limit = 1 (custom)
2022-10-22 01:06:14,706 [6e54690b-befe-42c2-a4b7-a861f73b2b3f@group-D99577696E18-LeaderElection12] INFO  grpc.GrpcConfigKeys (ConfUtils.java:logGet(46)) - raft.grpc.server.leader.outstanding.appends.max = 128 (default)
2022-10-22 01:06:14,706 [6e54690b-befe-42c2-a4b7-a861f73b2b3f@group-D99577696E18-LeaderElection12] INFO  server.RaftServerConfigKeys (ConfUtils.java:logGet(46)) - raft.server.rpc.request.timeout = 60s (custom)
2022-10-22 01:06:14,706 [6e54690b-befe-42c2-a4b7-a861f73b2b3f@group-D99577696E18-LeaderElection12] INFO  server.RaftServerConfigKeys (ConfUtils.java:logGet(46)) - raft.server.log.appender.install.snapshot.enabled = false (custom)
2022-10-22 01:06:14,706 [6e54690b-befe-42c2-a4b7-a861f73b2b3f@group-D99577696E18-LeaderElection12] INFO  grpc.GrpcConfigKeys (ConfUtils.java:logGet(46)) - raft.grpc.server.heartbeat.channel = true (default)
2022-10-22 01:06:14,706 [6e54690b-befe-42c2-a4b7-a861f73b2b3f@group-D99577696E18-LeaderElection12] INFO  server.RaftServerConfigKeys (ConfUtils.java:logGet(46)) - raft.server.log.appender.wait-time.min = 10ms (default)
2022-10-22 01:06:14,706 [6e54690b-befe-42c2-a4b7-a861f73b2b3f@group-D99577696E18-LeaderElection12] INFO  impl.RoleInfo (RoleInfo.java:updateAndGet(139)) - 6e54690b-befe-42c2-a4b7-a861f73b2b3f: start 6e54690b-befe-42c2-a4b7-a861f73b2b3f@group-D99577696E18-LeaderStateImpl
2022-10-22 01:06:14,706 [6e54690b-befe-42c2-a4b7-a861f73b2b3f@group-D99577696E18-LeaderElection12] INFO  segmented.SegmentedRaftLogWorker (SegmentedRaftLogWorker.java:startLogSegment(452)) - 6e54690b-befe-42c2-a4b7-a861f73b2b3f@group-D99577696E18-SegmentedRaftLogWorker: Starting segment from index:0
2022-10-22 01:06:14,707 [6e54690b-befe-42c2-a4b7-a861f73b2b3f@group-D99577696E18-SegmentedRaftLogWorker] INFO  segmented.SegmentedRaftLogWorker (SegmentedRaftLogWorker.java:execute(656)) - 6e54690b-befe-42c2-a4b7-a861f73b2b3f@group-D99577696E18-SegmentedRaftLogWorker: created new log segment /home/runner/work/ozone/ozone/hadoop-ozone/integration-test/target/test-dir/MiniOzoneClusterImpl-a988f88d-4efe-430b-bf3c-a1e83706c790/datanode-3/data/ratis/37aa45de-48ff-4b09-999e-d99577696e18/current/log_inprogress_0
2022-10-22 01:06:14,717 [6e54690b-befe-42c2-a4b7-a861f73b2b3f@group-D99577696E18-LeaderElection12] INFO  server.RaftServer$Division (ServerState.java:setRaftConf(430)) - 6e54690b-befe-42c2-a4b7-a861f73b2b3f@group-D99577696E18: set configuration 0: peers:[63ee6728-2597-4353-a315-509fdfe6db5e|rpc:10.1.0.62:42903|dataStream:|priority:0|startupRole:FOLLOWER, 6e54690b-befe-42c2-a4b7-a861f73b2b3f|rpc:10.1.0.62:35347|dataStream:|priority:1|startupRole:FOLLOWER, e349f11f-4d2d-4584-922f-e3c208c9e657|rpc:10.1.0.62:34143|dataStream:|priority:0|startupRole:FOLLOWER]|listeners:[], old=null
2022-10-22 01:06:14,743 [63ee6728-2597-4353-a315-509fdfe6db5e-server-thread2] INFO  ratis.XceiverServerRatis (XceiverServerRatis.java:handleLeaderChangedNotification(863)) - Leader change notification received for group: group-D99577696E18 with new leaderId: 6e54690b-befe-42c2-a4b7-a861f73b2b3f
2022-10-22 01:06:14,744 [63ee6728-2597-4353-a315-509fdfe6db5e-server-thread2] INFO  server.RaftServer$Division (ServerState.java:setLeader(313)) - 63ee6728-2597-4353-a315-509fdfe6db5e@group-D99577696E18: change Leader from null to 6e54690b-befe-42c2-a4b7-a861f73b2b3f at term 1 for appendEntries, leader elected after 5189ms
2022-10-22 01:06:14,749 [e349f11f-4d2d-4584-922f-e3c208c9e657-server-thread1] INFO  ratis.XceiverServerRatis (XceiverServerRatis.java:handleLeaderChangedNotification(863)) - Leader change notification received for group: group-D99577696E18 with new leaderId: 6e54690b-befe-42c2-a4b7-a861f73b2b3f
2022-10-22 01:06:14,749 [e349f11f-4d2d-4584-922f-e3c208c9e657-server-thread1] INFO  server.RaftServer$Division (ServerState.java:setLeader(313)) - e349f11f-4d2d-4584-922f-e3c208c9e657@group-D99577696E18: change Leader from null to 6e54690b-befe-42c2-a4b7-a861f73b2b3f at term 1 for appendEntries, leader elected after 5171ms
2022-10-22 01:06:14,749 [63ee6728-2597-4353-a315-509fdfe6db5e-server-thread1] INFO  server.RaftServer$Division (ServerState.java:setRaftConf(430)) - 63ee6728-2597-4353-a315-509fdfe6db5e@group-D99577696E18: set configuration 0: peers:[63ee6728-2597-4353-a315-509fdfe6db5e|rpc:10.1.0.62:42903|dataStream:|priority:0|startupRole:FOLLOWER, 6e54690b-befe-42c2-a4b7-a861f73b2b3f|rpc:10.1.0.62:35347|dataStream:|priority:1|startupRole:FOLLOWER, e349f11f-4d2d-4584-922f-e3c208c9e657|rpc:10.1.0.62:34143|dataStream:|priority:0|startupRole:FOLLOWER]|listeners:[], old=null
2022-10-22 01:06:14,749 [63ee6728-2597-4353-a315-509fdfe6db5e-server-thread1] INFO  segmented.SegmentedRaftLogWorker (SegmentedRaftLogWorker.java:startLogSegment(452)) - 63ee6728-2597-4353-a315-509fdfe6db5e@group-D99577696E18-SegmentedRaftLogWorker: Starting segment from index:0
2022-10-22 01:06:14,751 [63ee6728-2597-4353-a315-509fdfe6db5e@group-D99577696E18-SegmentedRaftLogWorker] INFO  segmented.SegmentedRaftLogWorker (SegmentedRaftLogWorker.java:execute(656)) - 63ee6728-2597-4353-a315-509fdfe6db5e@group-D99577696E18-SegmentedRaftLogWorker: created new log segment /home/runner/work/ozone/ozone/hadoop-ozone/integration-test/target/test-dir/MiniOzoneClusterImpl-a988f88d-4efe-430b-bf3c-a1e83706c790/datanode-5/data/ratis/37aa45de-48ff-4b09-999e-d99577696e18/current/log_inprogress_0
2022-10-22 01:06:14,751 [e349f11f-4d2d-4584-922f-e3c208c9e657-server-thread2] INFO  server.RaftServer$Division (ServerState.java:setRaftConf(430)) - e349f11f-4d2d-4584-922f-e3c208c9e657@group-D99577696E18: set configuration 0: peers:[63ee6728-2597-4353-a315-509fdfe6db5e|rpc:10.1.0.62:42903|dataStream:|priority:0|startupRole:FOLLOWER, 6e54690b-befe-42c2-a4b7-a861f73b2b3f|rpc:10.1.0.62:35347|dataStream:|priority:1|startupRole:FOLLOWER, e349f11f-4d2d-4584-922f-e3c208c9e657|rpc:10.1.0.62:34143|dataStream:|priority:0|startupRole:FOLLOWER]|listeners:[], old=null
2022-10-22 01:06:14,751 [e349f11f-4d2d-4584-922f-e3c208c9e657-server-thread2] INFO  segmented.SegmentedRaftLogWorker (SegmentedRaftLogWorker.java:startLogSegment(452)) - e349f11f-4d2d-4584-922f-e3c208c9e657@group-D99577696E18-SegmentedRaftLogWorker: Starting segment from index:0
2022-10-22 01:06:14,757 [e349f11f-4d2d-4584-922f-e3c208c9e657@group-D99577696E18-SegmentedRaftLogWorker] INFO  segmented.SegmentedRaftLogWorker (SegmentedRaftLogWorker.java:execute(656)) - e349f11f-4d2d-4584-922f-e3c208c9e657@group-D99577696E18-SegmentedRaftLogWorker: created new log segment /home/runner/work/ozone/ozone/hadoop-ozone/integration-test/target/test-dir/MiniOzoneClusterImpl-a988f88d-4efe-430b-bf3c-a1e83706c790/datanode-4/data/ratis/37aa45de-48ff-4b09-999e-d99577696e18/current/log_inprogress_0
2022-10-22 01:06:14,803 [Listener at 127.0.0.1/34145] INFO  rpc.RpcClient (RpcClient.java:createVolume(471)) - Creating Volume: a540ab67-f828-4b80-8594-e7fed4391082, with runner as owner and space quota set to -1 bytes, counts quota set to -1
2022-10-22 01:06:14,821 [e349f11f-4d2d-4584-922f-e3c208c9e657@group-D35B2F518A55-FollowerState] INFO  impl.FollowerState (FollowerState.java:run(143)) - e349f11f-4d2d-4584-922f-e3c208c9e657@group-D35B2F518A55-FollowerState: change to CANDIDATE, lastRpcElapsedTime:5090080648ns, electionTimeout:5089ms
2022-10-22 01:06:14,821 [e349f11f-4d2d-4584-922f-e3c208c9e657@group-D35B2F518A55-FollowerState] INFO  impl.RoleInfo (RoleInfo.java:shutdownFollowerState(110)) - e349f11f-4d2d-4584-922f-e3c208c9e657: shutdown e349f11f-4d2d-4584-922f-e3c208c9e657@group-D35B2F518A55-FollowerState
2022-10-22 01:06:14,821 [e349f11f-4d2d-4584-922f-e3c208c9e657@group-D35B2F518A55-FollowerState] INFO  server.RaftServer$Division (RaftServerImpl.java:setRole(321)) - e349f11f-4d2d-4584-922f-e3c208c9e657@group-D35B2F518A55: changes role from  FOLLOWER to CANDIDATE at term 0 for changeToCandidate
2022-10-22 01:06:14,821 [e349f11f-4d2d-4584-922f-e3c208c9e657@group-D35B2F518A55-FollowerState] INFO  server.RaftServerConfigKeys (ConfUtils.java:logGet(46)) - raft.server.leaderelection.pre-vote = false (custom)
2022-10-22 01:06:14,821 [e349f11f-4d2d-4584-922f-e3c208c9e657@group-D35B2F518A55-FollowerState] INFO  impl.RoleInfo (RoleInfo.java:updateAndGet(139)) - e349f11f-4d2d-4584-922f-e3c208c9e657: start e349f11f-4d2d-4584-922f-e3c208c9e657@group-D35B2F518A55-LeaderElection14
2022-10-22 01:06:14,828 [e349f11f-4d2d-4584-922f-e3c208c9e657@group-D35B2F518A55-LeaderElection14] INFO  impl.LeaderElection (LeaderElection.java:askForVotes(312)) - e349f11f-4d2d-4584-922f-e3c208c9e657@group-D35B2F518A55-LeaderElection14 ELECTION round 0: submit vote requests at term 1 for -1: peers:[e349f11f-4d2d-4584-922f-e3c208c9e657|rpc:10.1.0.62:34143|priority:1|startupRole:FOLLOWER]|listeners:[], old=null
2022-10-22 01:06:14,828 [e349f11f-4d2d-4584-922f-e3c208c9e657@group-D35B2F518A55-LeaderElection14] INFO  impl.LeaderElection (LeaderElection.java:askForVotes(314)) - e349f11f-4d2d-4584-922f-e3c208c9e657@group-D35B2F518A55-LeaderElection14 ELECTION round 0: result PASSED (term=1)
2022-10-22 01:06:14,828 [e349f11f-4d2d-4584-922f-e3c208c9e657@group-D35B2F518A55-LeaderElection14] INFO  impl.RoleInfo (RoleInfo.java:shutdownLeaderElection(130)) - e349f11f-4d2d-4584-922f-e3c208c9e657: shutdown e349f11f-4d2d-4584-922f-e3c208c9e657@group-D35B2F518A55-LeaderElection14
2022-10-22 01:06:14,828 [e349f11f-4d2d-4584-922f-e3c208c9e657@group-D35B2F518A55-LeaderElection14] INFO  server.RaftServer$Division (RaftServerImpl.java:setRole(321)) - e349f11f-4d2d-4584-922f-e3c208c9e657@group-D35B2F518A55: changes role from CANDIDATE to LEADER at term 1 for changeToLeader
2022-10-22 01:06:14,828 [e349f11f-4d2d-4584-922f-e3c208c9e657@group-D35B2F518A55-LeaderElection14] INFO  ratis.XceiverServerRatis (XceiverServerRatis.java:handleLeaderChangedNotification(863)) - Leader change notification received for group: group-D35B2F518A55 with new leaderId: e349f11f-4d2d-4584-922f-e3c208c9e657
2022-10-22 01:06:14,828 [e349f11f-4d2d-4584-922f-e3c208c9e657@group-D35B2F518A55-LeaderElection14] INFO  server.RaftServer$Division (ServerState.java:setLeader(313)) - e349f11f-4d2d-4584-922f-e3c208c9e657@group-D35B2F518A55: change Leader from null to e349f11f-4d2d-4584-922f-e3c208c9e657 at term 1 for becomeLeader, leader elected after 5106ms
2022-10-22 01:06:14,828 [e349f11f-4d2d-4584-922f-e3c208c9e657@group-D35B2F518A55-LeaderElection14] INFO  server.RaftServerConfigKeys (ConfUtils.java:logGet(46)) - raft.server.staging.catchup.gap = 1000 (default)
2022-10-22 01:06:14,828 [e349f11f-4d2d-4584-922f-e3c208c9e657@group-D35B2F518A55-LeaderElection14] INFO  server.RaftServerConfigKeys (ConfUtils.java:logGet(46)) - raft.server.write.element-limit = 1024 (custom)
2022-10-22 01:06:14,829 [e349f11f-4d2d-4584-922f-e3c208c9e657@group-D35B2F518A55-LeaderElection14] INFO  server.RaftServerConfigKeys (ConfUtils.java:logGet(46)) - raft.server.write.byte-limit = 1024 M (=1073741824) (custom)
2022-10-22 01:06:14,829 [e349f11f-4d2d-4584-922f-e3c208c9e657@group-D35B2F518A55-LeaderElection14] INFO  server.RaftServerConfigKeys (ConfUtils.java:logGet(46)) - raft.server.watch.timeout = 180s (custom)
2022-10-22 01:06:14,829 [e349f11f-4d2d-4584-922f-e3c208c9e657@group-D35B2F518A55-LeaderElection14] INFO  server.RaftServerConfigKeys (ConfUtils.java:logGet(46)) - raft.server.watch.timeout.denomination = 1s (default)
2022-10-22 01:06:14,829 [e349f11f-4d2d-4584-922f-e3c208c9e657@group-D35B2F518A55-LeaderElection14] INFO  server.RaftServerConfigKeys (ConfUtils.java:logGet(46)) - raft.server.watch.element-limit = 65536 (default)
2022-10-22 01:06:14,830 [e349f11f-4d2d-4584-922f-e3c208c9e657@group-D35B2F518A55-LeaderElection14] INFO  server.RaftServerConfigKeys (ConfUtils.java:logGet(46)) - raft.server.write.element-limit = 1024 (custom)
2022-10-22 01:06:14,830 [e349f11f-4d2d-4584-922f-e3c208c9e657@group-D35B2F518A55-LeaderElection14] INFO  server.RaftServerConfigKeys (ConfUtils.java:logGet(46)) - raft.server.write.follower.gap.ratio.max = -1.0 (default)
2022-10-22 01:06:14,830 [e349f11f-4d2d-4584-922f-e3c208c9e657@group-D35B2F518A55-LeaderElection14] INFO  impl.RoleInfo (RoleInfo.java:updateAndGet(139)) - e349f11f-4d2d-4584-922f-e3c208c9e657: start e349f11f-4d2d-4584-922f-e3c208c9e657@group-D35B2F518A55-LeaderStateImpl
2022-10-22 01:06:14,830 [e349f11f-4d2d-4584-922f-e3c208c9e657@group-D35B2F518A55-LeaderElection14] INFO  segmented.SegmentedRaftLogWorker (SegmentedRaftLogWorker.java:startLogSegment(452)) - e349f11f-4d2d-4584-922f-e3c208c9e657@group-D35B2F518A55-SegmentedRaftLogWorker: Starting segment from index:0
2022-10-22 01:06:14,835 [e349f11f-4d2d-4584-922f-e3c208c9e657@group-D35B2F518A55-SegmentedRaftLogWorker] INFO  segmented.SegmentedRaftLogWorker (SegmentedRaftLogWorker.java:execute(656)) - e349f11f-4d2d-4584-922f-e3c208c9e657@group-D35B2F518A55-SegmentedRaftLogWorker: created new log segment /home/runner/work/ozone/ozone/hadoop-ozone/integration-test/target/test-dir/MiniOzoneClusterImpl-a988f88d-4efe-430b-bf3c-a1e83706c790/datanode-4/data/ratis/708c8019-147a-41d9-8bd8-d35b2f518a55/current/log_inprogress_0
2022-10-22 01:06:14,836 [e349f11f-4d2d-4584-922f-e3c208c9e657@group-D35B2F518A55-LeaderElection14] INFO  server.RaftServer$Division (ServerState.java:setRaftConf(430)) - e349f11f-4d2d-4584-922f-e3c208c9e657@group-D35B2F518A55: set configuration 0: peers:[e349f11f-4d2d-4584-922f-e3c208c9e657|rpc:10.1.0.62:34143|dataStream:|priority:1|startupRole:FOLLOWER]|listeners:[], old=null
2022-10-22 01:06:14,850 [OM StateMachine ApplyTransaction Thread - 0] INFO  volume.OMVolumeCreateRequest (OMVolumeCreateRequest.java:validateAndUpdateCache(195)) - created volume:a540ab67-f828-4b80-8594-e7fed4391082 for user:runner
2022-10-22 01:06:14,873 [Listener at 127.0.0.1/34145] INFO  rpc.RpcClient (RpcClient.java:createBucket(674)) - Creating Bucket: a540ab67-f828-4b80-8594-e7fed4391082/a540ab67-f828-4b80-8594-e7fed4391082, with server-side default bucket layout, runner as owner, Versioning false, Storage Type set to DISK and Encryption set to false 
2022-10-22 01:06:14,888 [OM StateMachine ApplyTransaction Thread - 0] INFO  bucket.OMBucketCreateRequest (OMBucketCreateRequest.java:validateAndUpdateCache(260)) - created bucket: a540ab67-f828-4b80-8594-e7fed4391082 of layout LEGACY in volume: a540ab67-f828-4b80-8594-e7fed4391082
2022-10-22 01:06:14,906 [Listener at 127.0.0.1/34145] INFO  rpc.RpcClient (RpcClient.java:createBucket(674)) - Creating Bucket: a540ab67-f828-4b80-8594-e7fed4391082/5cc9f097-1495-4f06-9336-16ed1a324146, with server-side default bucket layout, runner as owner, Versioning false, Storage Type set to DISK and Encryption set to false 
2022-10-22 01:06:14,914 [OM StateMachine ApplyTransaction Thread - 0] INFO  bucket.OMBucketCreateRequest (OMBucketCreateRequest.java:validateAndUpdateCache(260)) - created bucket: 5cc9f097-1495-4f06-9336-16ed1a324146 of layout LEGACY in volume: a540ab67-f828-4b80-8594-e7fed4391082
2022-10-22 01:06:14,961 [IPC Server handler 0 on default port 45015] INFO  pipeline.PipelineStateManagerImpl (PipelineStateManagerImpl.java:addPipeline(103)) - Created pipeline Pipeline[ Id: 23a08cf2-390d-4e3d-84f4-2a0fba0e4ac9, Nodes: 9705cc67-48fc-46f6-b325-a713191a975c{ip: 10.1.0.62, host: fv-az334-928.zg0gw54pbdoexfhqlmz30d51na.gx.internal.cloudapp.net, ports: [REPLICATION=33357, RATIS=35497, RATIS_ADMIN=35497, RATIS_SERVER=35497, STANDALONE=45673], networkLocation: /default-rack, certSerialId: null, persistedOpState: null, persistedOpStateExpiryEpochSec: 0}63ee6728-2597-4353-a315-509fdfe6db5e{ip: 10.1.0.62, host: fv-az334-928.zg0gw54pbdoexfhqlmz30d51na.gx.internal.cloudapp.net, ports: [REPLICATION=42825, RATIS=42903, RATIS_ADMIN=42903, RATIS_SERVER=42903, STANDALONE=33359], networkLocation: /default-rack, certSerialId: null, persistedOpState: null, persistedOpStateExpiryEpochSec: 0}2e87c3a1-a023-462f-882b-ea1ca04c8a98{ip: 10.1.0.62, host: fv-az334-928.zg0gw54pbdoexfhqlmz30d51na.gx.internal.cloudapp.net, ports: [REPLICATION=42711, RATIS=33759, RATIS_ADMIN=33759, RATIS_SERVER=33759, STANDALONE=44761], networkLocation: /default-rack, certSerialId: null, persistedOpState: null, persistedOpStateExpiryEpochSec: 0}075aeae4-9dac-4c28-be7c-8f8b2eb5b04f{ip: 10.1.0.62, host: fv-az334-928.zg0gw54pbdoexfhqlmz30d51na.gx.internal.cloudapp.net, ports: [REPLICATION=42861, RATIS=36955, RATIS_ADMIN=36955, RATIS_SERVER=36955, STANDALONE=37983], networkLocation: /default-rack, certSerialId: null, persistedOpState: null, persistedOpStateExpiryEpochSec: 0}9befe131-ee01-45a3-b6b9-b3ceb7636d7b{ip: 10.1.0.62, host: fv-az334-928.zg0gw54pbdoexfhqlmz30d51na.gx.internal.cloudapp.net, ports: [REPLICATION=35173, RATIS=36783, RATIS_ADMIN=36783, RATIS_SERVER=36783, STANDALONE=45701], networkLocation: /default-rack, certSerialId: null, persistedOpState: null, persistedOpStateExpiryEpochSec: 0}, ReplicationConfig: EC/ECReplicationConfig{data=3, parity=2, ecChunkSize=1024, codec=rs}, State:ALLOCATED, leaderId:, CreationTimestamp2022-10-22T01:06:14.960Z[Etc/UTC]].
2022-10-22 01:06:14,962 [IPC Server handler 0 on default port 45015] INFO  ha.SequenceIdGenerator (SequenceIdGenerator.java:getNextId(128)) - Allocate a batch for containerId, change lastId from 0 to 1000.
2022-10-22 01:06:14,971 [IPC Server handler 0 on default port 45015] INFO  pipeline.PipelineManagerImpl (PipelineManagerImpl.java:openPipeline(367)) - Pipeline Pipeline[ Id: 23a08cf2-390d-4e3d-84f4-2a0fba0e4ac9, Nodes: 9705cc67-48fc-46f6-b325-a713191a975c{ip: 10.1.0.62, host: fv-az334-928.zg0gw54pbdoexfhqlmz30d51na.gx.internal.cloudapp.net, ports: [REPLICATION=33357, RATIS=35497, RATIS_ADMIN=35497, RATIS_SERVER=35497, STANDALONE=45673], networkLocation: /default-rack, certSerialId: null, persistedOpState: null, persistedOpStateExpiryEpochSec: 0}63ee6728-2597-4353-a315-509fdfe6db5e{ip: 10.1.0.62, host: fv-az334-928.zg0gw54pbdoexfhqlmz30d51na.gx.internal.cloudapp.net, ports: [REPLICATION=42825, RATIS=42903, RATIS_ADMIN=42903, RATIS_SERVER=42903, STANDALONE=33359], networkLocation: /default-rack, certSerialId: null, persistedOpState: null, persistedOpStateExpiryEpochSec: 0}2e87c3a1-a023-462f-882b-ea1ca04c8a98{ip: 10.1.0.62, host: fv-az334-928.zg0gw54pbdoexfhqlmz30d51na.gx.internal.cloudapp.net, ports: [REPLICATION=42711, RATIS=33759, RATIS_ADMIN=33759, RATIS_SERVER=33759, STANDALONE=44761], networkLocation: /default-rack, certSerialId: null, persistedOpState: null, persistedOpStateExpiryEpochSec: 0}075aeae4-9dac-4c28-be7c-8f8b2eb5b04f{ip: 10.1.0.62, host: fv-az334-928.zg0gw54pbdoexfhqlmz30d51na.gx.internal.cloudapp.net, ports: [REPLICATION=42861, RATIS=36955, RATIS_ADMIN=36955, RATIS_SERVER=36955, STANDALONE=37983], networkLocation: /default-rack, certSerialId: null, persistedOpState: null, persistedOpStateExpiryEpochSec: 0}9befe131-ee01-45a3-b6b9-b3ceb7636d7b{ip: 10.1.0.62, host: fv-az334-928.zg0gw54pbdoexfhqlmz30d51na.gx.internal.cloudapp.net, ports: [REPLICATION=35173, RATIS=36783, RATIS_ADMIN=36783, RATIS_SERVER=36783, STANDALONE=45701], networkLocation: /default-rack, certSerialId: null, persistedOpState: null, persistedOpStateExpiryEpochSec: 0}, ReplicationConfig: EC/ECReplicationConfig{data=3, parity=2, ecChunkSize=1024, codec=rs}, State:ALLOCATED, leaderId:, CreationTimestamp2022-10-22T01:06:14.960Z[Etc/UTC]] moved to OPEN state
2022-10-22 01:06:14,971 [IPC Server handler 0 on default port 45015] WARN  ha.SequenceIdGenerator (SequenceIdGenerator.java:allocateBatch(237)) - Failed to allocate a batch for localId, expected lastId is 0, actual lastId is 109611004723200000.
2022-10-22 01:06:14,972 [IPC Server handler 0 on default port 45015] INFO  ha.SequenceIdGenerator (SequenceIdGenerator.java:getNextId(128)) - Allocate a batch for localId, change lastId from 109611004723200000 to 109611004723201000.
2022-10-22 01:06:15,055 [Listener at 127.0.0.1/34145] WARN  erasurecode.ErasureCodeNative (ErasureCodeNative.java:<clinit>(55)) - ISA-L support is not available in your platform... using builtin-java codec where applicable
2022-10-22 01:06:15,165 [63ee6728-2597-4353-a315-509fdfe6db5e@group-060300A70C6B-FollowerState] INFO  impl.FollowerState (FollowerState.java:run(143)) - 63ee6728-2597-4353-a315-509fdfe6db5e@group-060300A70C6B-FollowerState: change to CANDIDATE, lastRpcElapsedTime:5139066623ns, electionTimeout:5138ms
2022-10-22 01:06:15,165 [63ee6728-2597-4353-a315-509fdfe6db5e@group-060300A70C6B-FollowerState] INFO  impl.RoleInfo (RoleInfo.java:shutdownFollowerState(110)) - 63ee6728-2597-4353-a315-509fdfe6db5e: shutdown 63ee6728-2597-4353-a315-509fdfe6db5e@group-060300A70C6B-FollowerState
2022-10-22 01:06:15,165 [63ee6728-2597-4353-a315-509fdfe6db5e@group-060300A70C6B-FollowerState] INFO  server.RaftServer$Division (RaftServerImpl.java:setRole(321)) - 63ee6728-2597-4353-a315-509fdfe6db5e@group-060300A70C6B: changes role from  FOLLOWER to CANDIDATE at term 0 for changeToCandidate
2022-10-22 01:06:15,165 [63ee6728-2597-4353-a315-509fdfe6db5e@group-060300A70C6B-FollowerState] INFO  server.RaftServerConfigKeys (ConfUtils.java:logGet(46)) - raft.server.leaderelection.pre-vote = false (custom)
2022-10-22 01:06:15,165 [63ee6728-2597-4353-a315-509fdfe6db5e@group-060300A70C6B-FollowerState] INFO  impl.RoleInfo (RoleInfo.java:updateAndGet(139)) - 63ee6728-2597-4353-a315-509fdfe6db5e: start 63ee6728-2597-4353-a315-509fdfe6db5e@group-060300A70C6B-LeaderElection15
2022-10-22 01:06:15,174 [Listener at 127.0.0.1/34145] INFO  impl.MetricsSystemImpl (MetricsSystemImpl.java:init(158)) - XceiverClientMetrics metrics system started (again)
2022-10-22 01:06:15,176 [63ee6728-2597-4353-a315-509fdfe6db5e@group-060300A70C6B-LeaderElection15] INFO  impl.LeaderElection (LeaderElection.java:askForVotes(312)) - 63ee6728-2597-4353-a315-509fdfe6db5e@group-060300A70C6B-LeaderElection15 ELECTION round 0: submit vote requests at term 1 for -1: peers:[63ee6728-2597-4353-a315-509fdfe6db5e|rpc:10.1.0.62:42903|priority:1|startupRole:FOLLOWER]|listeners:[], old=null
2022-10-22 01:06:15,176 [63ee6728-2597-4353-a315-509fdfe6db5e@group-060300A70C6B-LeaderElection15] INFO  impl.LeaderElection (LeaderElection.java:askForVotes(314)) - 63ee6728-2597-4353-a315-509fdfe6db5e@group-060300A70C6B-LeaderElection15 ELECTION round 0: result PASSED (term=1)
2022-10-22 01:06:15,176 [63ee6728-2597-4353-a315-509fdfe6db5e@group-060300A70C6B-LeaderElection15] INFO  impl.RoleInfo (RoleInfo.java:shutdownLeaderElection(130)) - 63ee6728-2597-4353-a315-509fdfe6db5e: shutdown 63ee6728-2597-4353-a315-509fdfe6db5e@group-060300A70C6B-LeaderElection15
2022-10-22 01:06:15,176 [63ee6728-2597-4353-a315-509fdfe6db5e@group-060300A70C6B-LeaderElection15] INFO  server.RaftServer$Division (RaftServerImpl.java:setRole(321)) - 63ee6728-2597-4353-a315-509fdfe6db5e@group-060300A70C6B: changes role from CANDIDATE to LEADER at term 1 for changeToLeader
2022-10-22 01:06:15,176 [63ee6728-2597-4353-a315-509fdfe6db5e@group-060300A70C6B-LeaderElection15] INFO  ratis.XceiverServerRatis (XceiverServerRatis.java:handleLeaderChangedNotification(863)) - Leader change notification received for group: group-060300A70C6B with new leaderId: 63ee6728-2597-4353-a315-509fdfe6db5e
2022-10-22 01:06:15,176 [63ee6728-2597-4353-a315-509fdfe6db5e@group-060300A70C6B-LeaderElection15] INFO  server.RaftServer$Division (ServerState.java:setLeader(313)) - 63ee6728-2597-4353-a315-509fdfe6db5e@group-060300A70C6B: change Leader from null to 63ee6728-2597-4353-a315-509fdfe6db5e at term 1 for becomeLeader, leader elected after 5159ms
2022-10-22 01:06:15,177 [63ee6728-2597-4353-a315-509fdfe6db5e@group-060300A70C6B-LeaderElection15] INFO  server.RaftServerConfigKeys (ConfUtils.java:logGet(46)) - raft.server.staging.catchup.gap = 1000 (default)
2022-10-22 01:06:15,177 [63ee6728-2597-4353-a315-509fdfe6db5e@group-060300A70C6B-LeaderElection15] INFO  server.RaftServerConfigKeys (ConfUtils.java:logGet(46)) - raft.server.write.element-limit = 1024 (custom)
2022-10-22 01:06:15,177 [63ee6728-2597-4353-a315-509fdfe6db5e@group-060300A70C6B-LeaderElection15] INFO  server.RaftServerConfigKeys (ConfUtils.java:logGet(46)) - raft.server.write.byte-limit = 1024 M (=1073741824) (custom)
2022-10-22 01:06:15,177 [63ee6728-2597-4353-a315-509fdfe6db5e@group-060300A70C6B-LeaderElection15] INFO  server.RaftServerConfigKeys (ConfUtils.java:logGet(46)) - raft.server.watch.timeout = 180s (custom)
2022-10-22 01:06:15,177 [63ee6728-2597-4353-a315-509fdfe6db5e@group-060300A70C6B-LeaderElection15] INFO  server.RaftServerConfigKeys (ConfUtils.java:logGet(46)) - raft.server.watch.timeout.denomination = 1s (default)
2022-10-22 01:06:15,177 [63ee6728-2597-4353-a315-509fdfe6db5e@group-060300A70C6B-LeaderElection15] INFO  server.RaftServerConfigKeys (ConfUtils.java:logGet(46)) - raft.server.watch.element-limit = 65536 (default)
2022-10-22 01:06:15,177 [63ee6728-2597-4353-a315-509fdfe6db5e@group-060300A70C6B-LeaderElection15] INFO  server.RaftServerConfigKeys (ConfUtils.java:logGet(46)) - raft.server.write.element-limit = 1024 (custom)
2022-10-22 01:06:15,177 [63ee6728-2597-4353-a315-509fdfe6db5e@group-060300A70C6B-LeaderElection15] INFO  server.RaftServerConfigKeys (ConfUtils.java:logGet(46)) - raft.server.write.follower.gap.ratio.max = -1.0 (default)
2022-10-22 01:06:15,177 [63ee6728-2597-4353-a315-509fdfe6db5e@group-060300A70C6B-LeaderElection15] INFO  impl.RoleInfo (RoleInfo.java:updateAndGet(139)) - 63ee6728-2597-4353-a315-509fdfe6db5e: start 63ee6728-2597-4353-a315-509fdfe6db5e@group-060300A70C6B-LeaderStateImpl
2022-10-22 01:06:15,177 [63ee6728-2597-4353-a315-509fdfe6db5e@group-060300A70C6B-LeaderElection15] INFO  segmented.SegmentedRaftLogWorker (SegmentedRaftLogWorker.java:startLogSegment(452)) - 63ee6728-2597-4353-a315-509fdfe6db5e@group-060300A70C6B-SegmentedRaftLogWorker: Starting segment from index:0
2022-10-22 01:06:15,180 [63ee6728-2597-4353-a315-509fdfe6db5e@group-060300A70C6B-SegmentedRaftLogWorker] INFO  segmented.SegmentedRaftLogWorker (SegmentedRaftLogWorker.java:execute(656)) - 63ee6728-2597-4353-a315-509fdfe6db5e@group-060300A70C6B-SegmentedRaftLogWorker: created new log segment /home/runner/work/ozone/ozone/hadoop-ozone/integration-test/target/test-dir/MiniOzoneClusterImpl-a988f88d-4efe-430b-bf3c-a1e83706c790/datanode-5/data/ratis/8ac406f0-57f5-4e51-a238-060300a70c6b/current/log_inprogress_0
2022-10-22 01:06:15,191 [63ee6728-2597-4353-a315-509fdfe6db5e@group-060300A70C6B-LeaderElection15] INFO  server.RaftServer$Division (ServerState.java:setRaftConf(430)) - 63ee6728-2597-4353-a315-509fdfe6db5e@group-060300A70C6B: set configuration 0: peers:[63ee6728-2597-4353-a315-509fdfe6db5e|rpc:10.1.0.62:42903|dataStream:|priority:1|startupRole:FOLLOWER]|listeners:[], old=null
2022-10-22 01:06:15,411 [7c8777a1-edfb-4633-85a4-b901f2ed1d17@group-5DBD8395D328-FollowerState] INFO  impl.FollowerState (FollowerState.java:run(143)) - 7c8777a1-edfb-4633-85a4-b901f2ed1d17@group-5DBD8395D328-FollowerState: change to CANDIDATE, lastRpcElapsedTime:5024531116ns, electionTimeout:5020ms
2022-10-22 01:06:15,411 [7c8777a1-edfb-4633-85a4-b901f2ed1d17@group-5DBD8395D328-FollowerState] INFO  impl.RoleInfo (RoleInfo.java:shutdownFollowerState(110)) - 7c8777a1-edfb-4633-85a4-b901f2ed1d17: shutdown 7c8777a1-edfb-4633-85a4-b901f2ed1d17@group-5DBD8395D328-FollowerState
2022-10-22 01:06:15,411 [7c8777a1-edfb-4633-85a4-b901f2ed1d17@group-5DBD8395D328-FollowerState] INFO  server.RaftServer$Division (RaftServerImpl.java:setRole(321)) - 7c8777a1-edfb-4633-85a4-b901f2ed1d17@group-5DBD8395D328: changes role from  FOLLOWER to CANDIDATE at term 0 for changeToCandidate
2022-10-22 01:06:15,412 [7c8777a1-edfb-4633-85a4-b901f2ed1d17@group-5DBD8395D328-FollowerState] INFO  server.RaftServerConfigKeys (ConfUtils.java:logGet(46)) - raft.server.leaderelection.pre-vote = false (custom)
2022-10-22 01:06:15,412 [7c8777a1-edfb-4633-85a4-b901f2ed1d17@group-5DBD8395D328-FollowerState] INFO  impl.RoleInfo (RoleInfo.java:updateAndGet(139)) - 7c8777a1-edfb-4633-85a4-b901f2ed1d17: start 7c8777a1-edfb-4633-85a4-b901f2ed1d17@group-5DBD8395D328-LeaderElection16
2022-10-22 01:06:15,414 [7c8777a1-edfb-4633-85a4-b901f2ed1d17@group-5DBD8395D328-LeaderElection16] INFO  impl.LeaderElection (LeaderElection.java:askForVotes(312)) - 7c8777a1-edfb-4633-85a4-b901f2ed1d17@group-5DBD8395D328-LeaderElection16 ELECTION round 0: submit vote requests at term 1 for -1: peers:[7c8777a1-edfb-4633-85a4-b901f2ed1d17|rpc:10.1.0.62:42991|priority:1|startupRole:FOLLOWER, 075aeae4-9dac-4c28-be7c-8f8b2eb5b04f|rpc:10.1.0.62:36955|priority:0|startupRole:FOLLOWER, 9befe131-ee01-45a3-b6b9-b3ceb7636d7b|rpc:10.1.0.62:36783|priority:0|startupRole:FOLLOWER]|listeners:[], old=null
2022-10-22 01:06:15,415 [7c8777a1-edfb-4633-85a4-b901f2ed1d17@group-5DBD8395D328-LeaderElection16-1] INFO  server.GrpcServerProtocolClient (GrpcServerProtocolClient.java:<init>(63)) - Build channel for 075aeae4-9dac-4c28-be7c-8f8b2eb5b04f
2022-10-22 01:06:15,423 [7c8777a1-edfb-4633-85a4-b901f2ed1d17@group-5DBD8395D328-LeaderElection16] INFO  server.RaftServerConfigKeys (ConfUtils.java:logFallback(53)) - raft.server.rpc.first-election.timeout.min = 5s (fallback to raft.server.rpc.timeout.min)
2022-10-22 01:06:15,423 [7c8777a1-edfb-4633-85a4-b901f2ed1d17@group-5DBD8395D328-LeaderElection16] INFO  server.RaftServerConfigKeys (ConfUtils.java:logFallback(53)) - raft.server.rpc.first-election.timeout.max = 5200ms (fallback to raft.server.rpc.timeout.max)
2022-10-22 01:06:15,426 [grpc-default-executor-0] INFO  server.RaftServer$Division (RaftServerImpl.java:requestVote(1218)) - 075aeae4-9dac-4c28-be7c-8f8b2eb5b04f@group-5DBD8395D328: receive requestVote(ELECTION, 7c8777a1-edfb-4633-85a4-b901f2ed1d17, group-5DBD8395D328, 1, (t:0, i:0))
2022-10-22 01:06:15,426 [grpc-default-executor-0] INFO  impl.VoteContext (VoteContext.java:log(48)) - 075aeae4-9dac-4c28-be7c-8f8b2eb5b04f@group-5DBD8395D328-FOLLOWER: accept ELECTION from 7c8777a1-edfb-4633-85a4-b901f2ed1d17: our priority 0 <= candidate's priority 1
2022-10-22 01:06:15,426 [grpc-default-executor-0] INFO  server.RaftServer$Division (RaftServerImpl.java:setRole(321)) - 075aeae4-9dac-4c28-be7c-8f8b2eb5b04f@group-5DBD8395D328: changes role from  FOLLOWER to FOLLOWER at term 1 for candidate:7c8777a1-edfb-4633-85a4-b901f2ed1d17
2022-10-22 01:06:15,426 [grpc-default-executor-0] INFO  impl.RoleInfo (RoleInfo.java:shutdownFollowerState(110)) - 075aeae4-9dac-4c28-be7c-8f8b2eb5b04f: shutdown 075aeae4-9dac-4c28-be7c-8f8b2eb5b04f@group-5DBD8395D328-FollowerState
2022-10-22 01:06:15,427 [grpc-default-executor-0] INFO  impl.RoleInfo (RoleInfo.java:updateAndGet(139)) - 075aeae4-9dac-4c28-be7c-8f8b2eb5b04f: start 075aeae4-9dac-4c28-be7c-8f8b2eb5b04f@group-5DBD8395D328-FollowerState
2022-10-22 01:06:15,427 [075aeae4-9dac-4c28-be7c-8f8b2eb5b04f@group-5DBD8395D328-FollowerState] INFO  impl.FollowerState (FollowerState.java:run(152)) - 075aeae4-9dac-4c28-be7c-8f8b2eb5b04f@group-5DBD8395D328-FollowerState was interrupted
2022-10-22 01:06:15,427 [7c8777a1-edfb-4633-85a4-b901f2ed1d17@group-5DBD8395D328-LeaderElection16-2] INFO  server.GrpcServerProtocolClient (GrpcServerProtocolClient.java:<init>(63)) - Build channel for 9befe131-ee01-45a3-b6b9-b3ceb7636d7b
2022-10-22 01:06:15,427 [075aeae4-9dac-4c28-be7c-8f8b2eb5b04f@group-5DBD8395D328-FollowerState] INFO  server.RaftServerConfigKeys (ConfUtils.java:logFallback(53)) - raft.server.rpc.first-election.timeout.min = 5s (fallback to raft.server.rpc.timeout.min)
2022-10-22 01:06:15,427 [7c8777a1-edfb-4633-85a4-b901f2ed1d17@group-5F9C72BD7F3F-FollowerState] INFO  impl.FollowerState (FollowerState.java:run(143)) - 7c8777a1-edfb-4633-85a4-b901f2ed1d17@group-5F9C72BD7F3F-FollowerState: change to CANDIDATE, lastRpcElapsedTime:5066704494ns, electionTimeout:5048ms
2022-10-22 01:06:15,427 [7c8777a1-edfb-4633-85a4-b901f2ed1d17@group-5F9C72BD7F3F-FollowerState] INFO  impl.RoleInfo (RoleInfo.java:shutdownFollowerState(110)) - 7c8777a1-edfb-4633-85a4-b901f2ed1d17: shutdown 7c8777a1-edfb-4633-85a4-b901f2ed1d17@group-5F9C72BD7F3F-FollowerState
2022-10-22 01:06:15,427 [7c8777a1-edfb-4633-85a4-b901f2ed1d17@group-5F9C72BD7F3F-FollowerState] INFO  server.RaftServer$Division (RaftServerImpl.java:setRole(321)) - 7c8777a1-edfb-4633-85a4-b901f2ed1d17@group-5F9C72BD7F3F: changes role from  FOLLOWER to CANDIDATE at term 0 for changeToCandidate
2022-10-22 01:06:15,427 [7c8777a1-edfb-4633-85a4-b901f2ed1d17@group-5F9C72BD7F3F-FollowerState] INFO  server.RaftServerConfigKeys (ConfUtils.java:logGet(46)) - raft.server.leaderelection.pre-vote = false (custom)
2022-10-22 01:06:15,427 [7c8777a1-edfb-4633-85a4-b901f2ed1d17@group-5F9C72BD7F3F-FollowerState] INFO  impl.RoleInfo (RoleInfo.java:updateAndGet(139)) - 7c8777a1-edfb-4633-85a4-b901f2ed1d17: start 7c8777a1-edfb-4633-85a4-b901f2ed1d17@group-5F9C72BD7F3F-LeaderElection17
2022-10-22 01:06:15,428 [075aeae4-9dac-4c28-be7c-8f8b2eb5b04f@group-5DBD8395D328-FollowerState] INFO  server.RaftServerConfigKeys (ConfUtils.java:logFallback(53)) - raft.server.rpc.first-election.timeout.max = 5200ms (fallback to raft.server.rpc.timeout.max)
2022-10-22 01:06:15,428 [grpc-default-executor-0] INFO  server.RaftServer$Division (RaftServerImpl.java:requestVote(1251)) - 075aeae4-9dac-4c28-be7c-8f8b2eb5b04f@group-5DBD8395D328 replies to ELECTION vote request: 7c8777a1-edfb-4633-85a4-b901f2ed1d17<-075aeae4-9dac-4c28-be7c-8f8b2eb5b04f#0:OK-t1. Peer's state: 075aeae4-9dac-4c28-be7c-8f8b2eb5b04f@group-5DBD8395D328:t1, leader=null, voted=7c8777a1-edfb-4633-85a4-b901f2ed1d17, raftlog=Memoized:075aeae4-9dac-4c28-be7c-8f8b2eb5b04f@group-5DBD8395D328-SegmentedRaftLog:OPENED:c-1, conf=-1: peers:[7c8777a1-edfb-4633-85a4-b901f2ed1d17|rpc:10.1.0.62:42991|dataStream:|priority:1|startupRole:FOLLOWER, 075aeae4-9dac-4c28-be7c-8f8b2eb5b04f|rpc:10.1.0.62:36955|dataStream:|priority:0|startupRole:FOLLOWER, 9befe131-ee01-45a3-b6b9-b3ceb7636d7b|rpc:10.1.0.62:36783|dataStream:|priority:0|startupRole:FOLLOWER]|listeners:[], old=null
2022-10-22 01:06:15,430 [7c8777a1-edfb-4633-85a4-b901f2ed1d17@group-5DBD8395D328-LeaderElection16] INFO  impl.LeaderElection (LeaderElection.java:logAndReturn(90)) - 7c8777a1-edfb-4633-85a4-b901f2ed1d17@group-5DBD8395D328-LeaderElection16: ELECTION PASSED received 1 response(s) and 0 exception(s):
2022-10-22 01:06:15,430 [7c8777a1-edfb-4633-85a4-b901f2ed1d17@group-5DBD8395D328-LeaderElection16] INFO  impl.LeaderElection (LeaderElection.java:logAndReturn(94)) -   Response 0: 7c8777a1-edfb-4633-85a4-b901f2ed1d17<-075aeae4-9dac-4c28-be7c-8f8b2eb5b04f#0:OK-t1
2022-10-22 01:06:15,430 [7c8777a1-edfb-4633-85a4-b901f2ed1d17@group-5DBD8395D328-LeaderElection16] INFO  impl.LeaderElection (LeaderElection.java:askForVotes(314)) - 7c8777a1-edfb-4633-85a4-b901f2ed1d17@group-5DBD8395D328-LeaderElection16 ELECTION round 0: result PASSED
2022-10-22 01:06:15,430 [7c8777a1-edfb-4633-85a4-b901f2ed1d17@group-5DBD8395D328-LeaderElection16] INFO  impl.RoleInfo (RoleInfo.java:shutdownLeaderElection(130)) - 7c8777a1-edfb-4633-85a4-b901f2ed1d17: shutdown 7c8777a1-edfb-4633-85a4-b901f2ed1d17@group-5DBD8395D328-LeaderElection16
2022-10-22 01:06:15,430 [7c8777a1-edfb-4633-85a4-b901f2ed1d17@group-5DBD8395D328-LeaderElection16] INFO  server.RaftServer$Division (RaftServerImpl.java:setRole(321)) - 7c8777a1-edfb-4633-85a4-b901f2ed1d17@group-5DBD8395D328: changes role from CANDIDATE to LEADER at term 1 for changeToLeader
2022-10-22 01:06:15,430 [7c8777a1-edfb-4633-85a4-b901f2ed1d17@group-5DBD8395D328-LeaderElection16] INFO  ratis.XceiverServerRatis (XceiverServerRatis.java:handleLeaderChangedNotification(863)) - Leader change notification received for group: group-5DBD8395D328 with new leaderId: 7c8777a1-edfb-4633-85a4-b901f2ed1d17
2022-10-22 01:06:15,430 [7c8777a1-edfb-4633-85a4-b901f2ed1d17@group-5DBD8395D328-LeaderElection16] INFO  server.RaftServer$Division (ServerState.java:setLeader(313)) - 7c8777a1-edfb-4633-85a4-b901f2ed1d17@group-5DBD8395D328: change Leader from null to 7c8777a1-edfb-4633-85a4-b901f2ed1d17 at term 1 for becomeLeader, leader elected after 5061ms
2022-10-22 01:06:15,430 [7c8777a1-edfb-4633-85a4-b901f2ed1d17@group-5DBD8395D328-LeaderElection16] INFO  server.RaftServerConfigKeys (ConfUtils.java:logGet(46)) - raft.server.staging.catchup.gap = 1000 (default)
2022-10-22 01:06:15,430 [7c8777a1-edfb-4633-85a4-b901f2ed1d17@group-5DBD8395D328-LeaderElection16] INFO  server.RaftServerConfigKeys (ConfUtils.java:logGet(46)) - raft.server.write.element-limit = 1024 (custom)
2022-10-22 01:06:15,430 [7c8777a1-edfb-4633-85a4-b901f2ed1d17@group-5DBD8395D328-LeaderElection16] INFO  server.RaftServerConfigKeys (ConfUtils.java:logGet(46)) - raft.server.write.byte-limit = 1024 M (=1073741824) (custom)
2022-10-22 01:06:15,430 [7c8777a1-edfb-4633-85a4-b901f2ed1d17@group-5DBD8395D328-LeaderElection16] INFO  server.RaftServerConfigKeys (ConfUtils.java:logGet(46)) - raft.server.watch.timeout = 180s (custom)
2022-10-22 01:06:15,430 [7c8777a1-edfb-4633-85a4-b901f2ed1d17@group-5DBD8395D328-LeaderElection16] INFO  server.RaftServerConfigKeys (ConfUtils.java:logGet(46)) - raft.server.watch.timeout.denomination = 1s (default)
2022-10-22 01:06:15,431 [7c8777a1-edfb-4633-85a4-b901f2ed1d17@group-5DBD8395D328-LeaderElection16] INFO  server.RaftServerConfigKeys (ConfUtils.java:logGet(46)) - raft.server.watch.element-limit = 65536 (default)
2022-10-22 01:06:15,431 [7c8777a1-edfb-4633-85a4-b901f2ed1d17@group-5DBD8395D328-LeaderElection16] INFO  server.RaftServerConfigKeys (ConfUtils.java:logGet(46)) - raft.server.write.element-limit = 1024 (custom)
2022-10-22 01:06:15,431 [7c8777a1-edfb-4633-85a4-b901f2ed1d17@group-5DBD8395D328-LeaderElection16] INFO  server.RaftServerConfigKeys (ConfUtils.java:logGet(46)) - raft.server.write.follower.gap.ratio.max = -1.0 (default)
2022-10-22 01:06:15,431 [7c8777a1-edfb-4633-85a4-b901f2ed1d17@group-5DBD8395D328-LeaderElection16] INFO  server.RaftServerConfigKeys (ConfUtils.java:logGet(46)) - raft.server.log.appender.snapshot.chunk.size.max = 16MB (=16777216) (default)
2022-10-22 01:06:15,431 [7c8777a1-edfb-4633-85a4-b901f2ed1d17@group-5DBD8395D328-LeaderElection16] INFO  server.RaftServerConfigKeys (ConfUtils.java:logGet(46)) - raft.server.log.appender.buffer.byte-limit = 33554432 (custom)
2022-10-22 01:06:15,431 [7c8777a1-edfb-4633-85a4-b901f2ed1d17@group-5DBD8395D328-LeaderElection16] INFO  server.RaftServerConfigKeys (ConfUtils.java:logGet(46)) - raft.server.log.appender.buffer.element-limit = 1 (custom)
2022-10-22 01:06:15,431 [7c8777a1-edfb-4633-85a4-b901f2ed1d17@group-5DBD8395D328-LeaderElection16] INFO  grpc.GrpcConfigKeys (ConfUtils.java:logGet(46)) - raft.grpc.server.leader.outstanding.appends.max = 128 (default)
2022-10-22 01:06:15,431 [7c8777a1-edfb-4633-85a4-b901f2ed1d17@group-5DBD8395D328-LeaderElection16] INFO  server.RaftServerConfigKeys (ConfUtils.java:logGet(46)) - raft.server.rpc.request.timeout = 60s (custom)
2022-10-22 01:06:15,431 [7c8777a1-edfb-4633-85a4-b901f2ed1d17@group-5DBD8395D328-LeaderElection16] INFO  server.RaftServerConfigKeys (ConfUtils.java:logGet(46)) - raft.server.log.appender.install.snapshot.enabled = false (custom)
2022-10-22 01:06:15,431 [7c8777a1-edfb-4633-85a4-b901f2ed1d17@group-5DBD8395D328-LeaderElection16] INFO  grpc.GrpcConfigKeys (ConfUtils.java:logGet(46)) - raft.grpc.server.heartbeat.channel = true (default)
2022-10-22 01:06:15,431 [7c8777a1-edfb-4633-85a4-b901f2ed1d17@group-5DBD8395D328-LeaderElection16] INFO  server.RaftServerConfigKeys (ConfUtils.java:logGet(46)) - raft.server.log.appender.wait-time.min = 10ms (default)
2022-10-22 01:06:15,432 [7c8777a1-edfb-4633-85a4-b901f2ed1d17@group-5DBD8395D328-LeaderElection16] INFO  server.RaftServerConfigKeys (ConfUtils.java:logGet(46)) - raft.server.log.appender.snapshot.chunk.size.max = 16MB (=16777216) (default)
2022-10-22 01:06:15,432 [7c8777a1-edfb-4633-85a4-b901f2ed1d17@group-5DBD8395D328-LeaderElection16] INFO  server.RaftServerConfigKeys (ConfUtils.java:logGet(46)) - raft.server.log.appender.buffer.byte-limit = 33554432 (custom)
2022-10-22 01:06:15,432 [7c8777a1-edfb-4633-85a4-b901f2ed1d17@group-5DBD8395D328-LeaderElection16] INFO  server.RaftServerConfigKeys (ConfUtils.java:logGet(46)) - raft.server.log.appender.buffer.element-limit = 1 (custom)
2022-10-22 01:06:15,443 [EventQueue-PipelineReportForPipelineReportHandler] INFO  pipeline.PipelineManagerImpl (PipelineManagerImpl.java:openPipeline(367)) - Pipeline Pipeline[ Id: 68b86139-436e-42e7-a67e-5dbd8395d328, Nodes: 9befe131-ee01-45a3-b6b9-b3ceb7636d7b{ip: 10.1.0.62, host: fv-az334-928.zg0gw54pbdoexfhqlmz30d51na.gx.internal.cloudapp.net, ports: [REPLICATION=35173, RATIS=36783, RATIS_ADMIN=36783, RATIS_SERVER=36783, STANDALONE=45701], networkLocation: /default-rack, certSerialId: null, persistedOpState: IN_SERVICE, persistedOpStateExpiryEpochSec: 0}7c8777a1-edfb-4633-85a4-b901f2ed1d17{ip: 10.1.0.62, host: fv-az334-928.zg0gw54pbdoexfhqlmz30d51na.gx.internal.cloudapp.net, ports: [REPLICATION=43851, RATIS=42991, RATIS_ADMIN=42991, RATIS_SERVER=42991, STANDALONE=34039], networkLocation: /default-rack, certSerialId: null, persistedOpState: IN_SERVICE, persistedOpStateExpiryEpochSec: 0}075aeae4-9dac-4c28-be7c-8f8b2eb5b04f{ip: 10.1.0.62, host: fv-az334-928.zg0gw54pbdoexfhqlmz30d51na.gx.internal.cloudapp.net, ports: [REPLICATION=42861, RATIS=36955, RATIS_ADMIN=36955, RATIS_SERVER=36955, STANDALONE=37983], networkLocation: /default-rack, certSerialId: null, persistedOpState: IN_SERVICE, persistedOpStateExpiryEpochSec: 0}, ReplicationConfig: RATIS/THREE, State:ALLOCATED, leaderId:7c8777a1-edfb-4633-85a4-b901f2ed1d17, CreationTimestamp2022-10-22T01:06:07.998Z[Etc/UTC]] moved to OPEN state
2022-10-22 01:06:15,444 [9befe131-ee01-45a3-b6b9-b3ceb7636d7b@group-5DBD8395D328-FollowerState] INFO  impl.FollowerState (FollowerState.java:run(143)) - 9befe131-ee01-45a3-b6b9-b3ceb7636d7b@group-5DBD8395D328-FollowerState: change to CANDIDATE, lastRpcElapsedTime:5027291776ns, electionTimeout:5007ms
2022-10-22 01:06:15,444 [9befe131-ee01-45a3-b6b9-b3ceb7636d7b@group-5DBD8395D328-FollowerState] INFO  impl.RoleInfo (RoleInfo.java:shutdownFollowerState(110)) - 9befe131-ee01-45a3-b6b9-b3ceb7636d7b: shutdown 9befe131-ee01-45a3-b6b9-b3ceb7636d7b@group-5DBD8395D328-FollowerState
2022-10-22 01:06:15,444 [9befe131-ee01-45a3-b6b9-b3ceb7636d7b@group-5DBD8395D328-FollowerState] INFO  server.RaftServer$Division (RaftServerImpl.java:setRole(321)) - 9befe131-ee01-45a3-b6b9-b3ceb7636d7b@group-5DBD8395D328: changes role from  FOLLOWER to CANDIDATE at term 0 for changeToCandidate
2022-10-22 01:06:15,444 [9befe131-ee01-45a3-b6b9-b3ceb7636d7b@group-5DBD8395D328-FollowerState] INFO  server.RaftServerConfigKeys (ConfUtils.java:logGet(46)) - raft.server.leaderelection.pre-vote = false (custom)
2022-10-22 01:06:15,444 [9befe131-ee01-45a3-b6b9-b3ceb7636d7b@group-5DBD8395D328-FollowerState] INFO  impl.RoleInfo (RoleInfo.java:updateAndGet(139)) - 9befe131-ee01-45a3-b6b9-b3ceb7636d7b: start 9befe131-ee01-45a3-b6b9-b3ceb7636d7b@group-5DBD8395D328-LeaderElection18
2022-10-22 01:06:15,451 [7c8777a1-edfb-4633-85a4-b901f2ed1d17@group-5DBD8395D328-LeaderElection16] INFO  grpc.GrpcConfigKeys (ConfUtils.java:logGet(46)) - raft.grpc.server.leader.outstanding.appends.max = 128 (default)
2022-10-22 01:06:15,451 [7c8777a1-edfb-4633-85a4-b901f2ed1d17@group-5DBD8395D328-LeaderElection16] INFO  server.RaftServerConfigKeys (ConfUtils.java:logGet(46)) - raft.server.rpc.request.timeout = 60s (custom)
2022-10-22 01:06:15,452 [7c8777a1-edfb-4633-85a4-b901f2ed1d17@group-5DBD8395D328-LeaderElection16] INFO  server.RaftServerConfigKeys (ConfUtils.java:logGet(46)) - raft.server.log.appender.install.snapshot.enabled = false (custom)
2022-10-22 01:06:15,452 [7c8777a1-edfb-4633-85a4-b901f2ed1d17@group-5DBD8395D328-LeaderElection16] INFO  grpc.GrpcConfigKeys (ConfUtils.java:logGet(46)) - raft.grpc.server.heartbeat.channel = true (default)
2022-10-22 01:06:15,452 [7c8777a1-edfb-4633-85a4-b901f2ed1d17@group-5DBD8395D328-LeaderElection16] INFO  server.RaftServerConfigKeys (ConfUtils.java:logGet(46)) - raft.server.log.appender.wait-time.min = 10ms (default)
2022-10-22 01:06:15,452 [grpc-default-executor-0] INFO  server.RaftServer$Division (RaftServerImpl.java:requestVote(1218)) - 9befe131-ee01-45a3-b6b9-b3ceb7636d7b@group-5DBD8395D328: receive requestVote(ELECTION, 7c8777a1-edfb-4633-85a4-b901f2ed1d17, group-5DBD8395D328, 1, (t:0, i:0))
2022-10-22 01:06:15,452 [grpc-default-executor-0] INFO  impl.VoteContext (VoteContext.java:log(48)) - 9befe131-ee01-45a3-b6b9-b3ceb7636d7b@group-5DBD8395D328-CANDIDATE: accept ELECTION from 7c8777a1-edfb-4633-85a4-b901f2ed1d17: our priority 0 <= candidate's priority 1
2022-10-22 01:06:15,452 [grpc-default-executor-0] INFO  server.RaftServer$Division (RaftServerImpl.java:setRole(321)) - 9befe131-ee01-45a3-b6b9-b3ceb7636d7b@group-5DBD8395D328: changes role from CANDIDATE to FOLLOWER at term 1 for candidate:7c8777a1-edfb-4633-85a4-b901f2ed1d17
2022-10-22 01:06:15,452 [grpc-default-executor-0] INFO  impl.RoleInfo (RoleInfo.java:shutdownLeaderElection(130)) - 9befe131-ee01-45a3-b6b9-b3ceb7636d7b: shutdown 9befe131-ee01-45a3-b6b9-b3ceb7636d7b@group-5DBD8395D328-LeaderElection18
2022-10-22 01:06:15,452 [grpc-default-executor-0] INFO  impl.RoleInfo (RoleInfo.java:updateAndGet(139)) - 9befe131-ee01-45a3-b6b9-b3ceb7636d7b: start 9befe131-ee01-45a3-b6b9-b3ceb7636d7b@group-5DBD8395D328-FollowerState
2022-10-22 01:06:15,452 [7c8777a1-edfb-4633-85a4-b901f2ed1d17@group-5DBD8395D328-LeaderElection16] INFO  impl.RoleInfo (RoleInfo.java:updateAndGet(139)) - 7c8777a1-edfb-4633-85a4-b901f2ed1d17: start 7c8777a1-edfb-4633-85a4-b901f2ed1d17@group-5DBD8395D328-LeaderStateImpl
2022-10-22 01:06:15,453 [7c8777a1-edfb-4633-85a4-b901f2ed1d17@group-5DBD8395D328-LeaderElection16] INFO  segmented.SegmentedRaftLogWorker (SegmentedRaftLogWorker.java:startLogSegment(452)) - 7c8777a1-edfb-4633-85a4-b901f2ed1d17@group-5DBD8395D328-SegmentedRaftLogWorker: Starting segment from index:0
2022-10-22 01:06:15,454 [7c8777a1-edfb-4633-85a4-b901f2ed1d17@group-5F9C72BD7F3F-LeaderElection17] INFO  impl.LeaderElection (LeaderElection.java:askForVotes(312)) - 7c8777a1-edfb-4633-85a4-b901f2ed1d17@group-5F9C72BD7F3F-LeaderElection17 ELECTION round 0: submit vote requests at term 1 for -1: peers:[7c8777a1-edfb-4633-85a4-b901f2ed1d17|rpc:10.1.0.62:42991|priority:1|startupRole:FOLLOWER]|listeners:[], old=null
2022-10-22 01:06:15,454 [7c8777a1-edfb-4633-85a4-b901f2ed1d17@group-5F9C72BD7F3F-LeaderElection17] INFO  impl.LeaderElection (LeaderElection.java:askForVotes(314)) - 7c8777a1-edfb-4633-85a4-b901f2ed1d17@group-5F9C72BD7F3F-LeaderElection17 ELECTION round 0: result PASSED (term=1)
2022-10-22 01:06:15,454 [7c8777a1-edfb-4633-85a4-b901f2ed1d17@group-5F9C72BD7F3F-LeaderElection17] INFO  impl.RoleInfo (RoleInfo.java:shutdownLeaderElection(130)) - 7c8777a1-edfb-4633-85a4-b901f2ed1d17: shutdown 7c8777a1-edfb-4633-85a4-b901f2ed1d17@group-5F9C72BD7F3F-LeaderElection17
2022-10-22 01:06:15,454 [7c8777a1-edfb-4633-85a4-b901f2ed1d17@group-5F9C72BD7F3F-LeaderElection17] INFO  server.RaftServer$Division (RaftServerImpl.java:setRole(321)) - 7c8777a1-edfb-4633-85a4-b901f2ed1d17@group-5F9C72BD7F3F: changes role from CANDIDATE to LEADER at term 1 for changeToLeader
2022-10-22 01:06:15,454 [7c8777a1-edfb-4633-85a4-b901f2ed1d17@group-5F9C72BD7F3F-LeaderElection17] INFO  ratis.XceiverServerRatis (XceiverServerRatis.java:handleLeaderChangedNotification(863)) - Leader change notification received for group: group-5F9C72BD7F3F with new leaderId: 7c8777a1-edfb-4633-85a4-b901f2ed1d17
2022-10-22 01:06:15,454 [9befe131-ee01-45a3-b6b9-b3ceb7636d7b@group-5DBD8395D328-FollowerState] INFO  server.RaftServerConfigKeys (ConfUtils.java:logFallback(53)) - raft.server.rpc.first-election.timeout.min = 5s (fallback to raft.server.rpc.timeout.min)
2022-10-22 01:06:15,454 [9befe131-ee01-45a3-b6b9-b3ceb7636d7b@group-5DBD8395D328-FollowerState] INFO  server.RaftServerConfigKeys (ConfUtils.java:logFallback(53)) - raft.server.rpc.first-election.timeout.max = 5200ms (fallback to raft.server.rpc.timeout.max)
2022-10-22 01:06:15,454 [7c8777a1-edfb-4633-85a4-b901f2ed1d17@group-5DBD8395D328-SegmentedRaftLogWorker] INFO  segmented.SegmentedRaftLogWorker (SegmentedRaftLogWorker.java:execute(656)) - 7c8777a1-edfb-4633-85a4-b901f2ed1d17@group-5DBD8395D328-SegmentedRaftLogWorker: created new log segment /home/runner/work/ozone/ozone/hadoop-ozone/integration-test/target/test-dir/MiniOzoneClusterImpl-a988f88d-4efe-430b-bf3c-a1e83706c790/datanode-6/data/ratis/68b86139-436e-42e7-a67e-5dbd8395d328/current/log_inprogress_0
2022-10-22 01:06:15,455 [grpc-default-executor-0] INFO  server.RaftServer$Division (RaftServerImpl.java:requestVote(1251)) - 9befe131-ee01-45a3-b6b9-b3ceb7636d7b@group-5DBD8395D328 replies to ELECTION vote request: 7c8777a1-edfb-4633-85a4-b901f2ed1d17<-9befe131-ee01-45a3-b6b9-b3ceb7636d7b#0:OK-t1. Peer's state: 9befe131-ee01-45a3-b6b9-b3ceb7636d7b@group-5DBD8395D328:t1, leader=null, voted=7c8777a1-edfb-4633-85a4-b901f2ed1d17, raftlog=Memoized:9befe131-ee01-45a3-b6b9-b3ceb7636d7b@group-5DBD8395D328-SegmentedRaftLog:OPENED:c-1, conf=-1: peers:[7c8777a1-edfb-4633-85a4-b901f2ed1d17|rpc:10.1.0.62:42991|dataStream:|priority:1|startupRole:FOLLOWER, 075aeae4-9dac-4c28-be7c-8f8b2eb5b04f|rpc:10.1.0.62:36955|dataStream:|priority:0|startupRole:FOLLOWER, 9befe131-ee01-45a3-b6b9-b3ceb7636d7b|rpc:10.1.0.62:36783|dataStream:|priority:0|startupRole:FOLLOWER]|listeners:[], old=null
2022-10-22 01:06:15,458 [7c8777a1-edfb-4633-85a4-b901f2ed1d17@group-5F9C72BD7F3F-LeaderElection17] INFO  server.RaftServer$Division (ServerState.java:setLeader(313)) - 7c8777a1-edfb-4633-85a4-b901f2ed1d17@group-5F9C72BD7F3F: change Leader from null to 7c8777a1-edfb-4633-85a4-b901f2ed1d17 at term 1 for becomeLeader, leader elected after 5106ms
2022-10-22 01:06:15,467 [7c8777a1-edfb-4633-85a4-b901f2ed1d17@group-5F9C72BD7F3F-LeaderElection17] INFO  server.RaftServerConfigKeys (ConfUtils.java:logGet(46)) - raft.server.staging.catchup.gap = 1000 (default)
2022-10-22 01:06:15,467 [7c8777a1-edfb-4633-85a4-b901f2ed1d17@group-5F9C72BD7F3F-LeaderElection17] INFO  server.RaftServerConfigKeys (ConfUtils.java:logGet(46)) - raft.server.write.element-limit = 1024 (custom)
2022-10-22 01:06:15,467 [7c8777a1-edfb-4633-85a4-b901f2ed1d17@group-5F9C72BD7F3F-LeaderElection17] INFO  server.RaftServerConfigKeys (ConfUtils.java:logGet(46)) - raft.server.write.byte-limit = 1024 M (=1073741824) (custom)
2022-10-22 01:06:15,467 [7c8777a1-edfb-4633-85a4-b901f2ed1d17@group-5F9C72BD7F3F-LeaderElection17] INFO  server.RaftServerConfigKeys (ConfUtils.java:logGet(46)) - raft.server.watch.timeout = 180s (custom)
2022-10-22 01:06:15,467 [7c8777a1-edfb-4633-85a4-b901f2ed1d17@group-5F9C72BD7F3F-LeaderElection17] INFO  server.RaftServerConfigKeys (ConfUtils.java:logGet(46)) - raft.server.watch.timeout.denomination = 1s (default)
2022-10-22 01:06:15,467 [7c8777a1-edfb-4633-85a4-b901f2ed1d17@group-5F9C72BD7F3F-LeaderElection17] INFO  server.RaftServerConfigKeys (ConfUtils.java:logGet(46)) - raft.server.watch.element-limit = 65536 (default)
2022-10-22 01:06:15,467 [7c8777a1-edfb-4633-85a4-b901f2ed1d17@group-5F9C72BD7F3F-LeaderElection17] INFO  server.RaftServerConfigKeys (ConfUtils.java:logGet(46)) - raft.server.write.element-limit = 1024 (custom)
2022-10-22 01:06:15,467 [7c8777a1-edfb-4633-85a4-b901f2ed1d17@group-5F9C72BD7F3F-LeaderElection17] INFO  server.RaftServerConfigKeys (ConfUtils.java:logGet(46)) - raft.server.write.follower.gap.ratio.max = -1.0 (default)
2022-10-22 01:06:15,467 [7c8777a1-edfb-4633-85a4-b901f2ed1d17@group-5F9C72BD7F3F-LeaderElection17] INFO  impl.RoleInfo (RoleInfo.java:updateAndGet(139)) - 7c8777a1-edfb-4633-85a4-b901f2ed1d17: start 7c8777a1-edfb-4633-85a4-b901f2ed1d17@group-5F9C72BD7F3F-LeaderStateImpl
2022-10-22 01:06:15,468 [7c8777a1-edfb-4633-85a4-b901f2ed1d17@group-5F9C72BD7F3F-LeaderElection17] INFO  segmented.SegmentedRaftLogWorker (SegmentedRaftLogWorker.java:startLogSegment(452)) - 7c8777a1-edfb-4633-85a4-b901f2ed1d17@group-5F9C72BD7F3F-SegmentedRaftLogWorker: Starting segment from index:0
2022-10-22 01:06:15,461 [7c8777a1-edfb-4633-85a4-b901f2ed1d17@group-5DBD8395D328-LeaderElection16] INFO  server.RaftServer$Division (ServerState.java:setRaftConf(430)) - 7c8777a1-edfb-4633-85a4-b901f2ed1d17@group-5DBD8395D328: set configuration 0: peers:[7c8777a1-edfb-4633-85a4-b901f2ed1d17|rpc:10.1.0.62:42991|dataStream:|priority:1|startupRole:FOLLOWER, 075aeae4-9dac-4c28-be7c-8f8b2eb5b04f|rpc:10.1.0.62:36955|dataStream:|priority:0|startupRole:FOLLOWER, 9befe131-ee01-45a3-b6b9-b3ceb7636d7b|rpc:10.1.0.62:36783|dataStream:|priority:0|startupRole:FOLLOWER]|listeners:[], old=null
2022-10-22 01:06:15,469 [7c8777a1-edfb-4633-85a4-b901f2ed1d17@group-5F9C72BD7F3F-SegmentedRaftLogWorker] INFO  segmented.SegmentedRaftLogWorker (SegmentedRaftLogWorker.java:execute(656)) - 7c8777a1-edfb-4633-85a4-b901f2ed1d17@group-5F9C72BD7F3F-SegmentedRaftLogWorker: created new log segment /home/runner/work/ozone/ozone/hadoop-ozone/integration-test/target/test-dir/MiniOzoneClusterImpl-a988f88d-4efe-430b-bf3c-a1e83706c790/datanode-6/data/ratis/9f425770-0212-44fa-ac03-5f9c72bd7f3f/current/log_inprogress_0
2022-10-22 01:06:15,482 [075aeae4-9dac-4c28-be7c-8f8b2eb5b04f-server-thread1] INFO  ratis.XceiverServerRatis (XceiverServerRatis.java:handleLeaderChangedNotification(863)) - Leader change notification received for group: group-5DBD8395D328 with new leaderId: 7c8777a1-edfb-4633-85a4-b901f2ed1d17
2022-10-22 01:06:15,482 [075aeae4-9dac-4c28-be7c-8f8b2eb5b04f-server-thread1] INFO  server.RaftServer$Division (ServerState.java:setLeader(313)) - 075aeae4-9dac-4c28-be7c-8f8b2eb5b04f@group-5DBD8395D328: change Leader from null to 7c8777a1-edfb-4633-85a4-b901f2ed1d17 at term 1 for appendEntries, leader elected after 5029ms
2022-10-22 01:06:15,482 [7c8777a1-edfb-4633-85a4-b901f2ed1d17@group-5F9C72BD7F3F-LeaderElection17] INFO  server.RaftServer$Division (ServerState.java:setRaftConf(430)) - 7c8777a1-edfb-4633-85a4-b901f2ed1d17@group-5F9C72BD7F3F: set configuration 0: peers:[7c8777a1-edfb-4633-85a4-b901f2ed1d17|rpc:10.1.0.62:42991|dataStream:|priority:1|startupRole:FOLLOWER]|listeners:[], old=null
2022-10-22 01:06:15,483 [9befe131-ee01-45a3-b6b9-b3ceb7636d7b-server-thread1] INFO  ratis.XceiverServerRatis (XceiverServerRatis.java:handleLeaderChangedNotification(863)) - Leader change notification received for group: group-5DBD8395D328 with new leaderId: 7c8777a1-edfb-4633-85a4-b901f2ed1d17
2022-10-22 01:06:15,483 [9befe131-ee01-45a3-b6b9-b3ceb7636d7b-server-thread1] INFO  server.RaftServer$Division (ServerState.java:setLeader(313)) - 9befe131-ee01-45a3-b6b9-b3ceb7636d7b@group-5DBD8395D328: change Leader from null to 7c8777a1-edfb-4633-85a4-b901f2ed1d17 at term 1 for appendEntries, leader elected after 5076ms
2022-10-22 01:06:15,487 [075aeae4-9dac-4c28-be7c-8f8b2eb5b04f-server-thread2] INFO  server.RaftServer$Division (ServerState.java:setRaftConf(430)) - 075aeae4-9dac-4c28-be7c-8f8b2eb5b04f@group-5DBD8395D328: set configuration 0: peers:[7c8777a1-edfb-4633-85a4-b901f2ed1d17|rpc:10.1.0.62:42991|dataStream:|priority:1|startupRole:FOLLOWER, 075aeae4-9dac-4c28-be7c-8f8b2eb5b04f|rpc:10.1.0.62:36955|dataStream:|priority:0|startupRole:FOLLOWER, 9befe131-ee01-45a3-b6b9-b3ceb7636d7b|rpc:10.1.0.62:36783|dataStream:|priority:0|startupRole:FOLLOWER]|listeners:[], old=null
2022-10-22 01:06:15,487 [075aeae4-9dac-4c28-be7c-8f8b2eb5b04f-server-thread2] INFO  segmented.SegmentedRaftLogWorker (SegmentedRaftLogWorker.java:startLogSegment(452)) - 075aeae4-9dac-4c28-be7c-8f8b2eb5b04f@group-5DBD8395D328-SegmentedRaftLogWorker: Starting segment from index:0
2022-10-22 01:06:15,491 [9befe131-ee01-45a3-b6b9-b3ceb7636d7b-server-thread2] INFO  server.RaftServer$Division (ServerState.java:setRaftConf(430)) - 9befe131-ee01-45a3-b6b9-b3ceb7636d7b@group-5DBD8395D328: set configuration 0: peers:[7c8777a1-edfb-4633-85a4-b901f2ed1d17|rpc:10.1.0.62:42991|dataStream:|priority:1|startupRole:FOLLOWER, 075aeae4-9dac-4c28-be7c-8f8b2eb5b04f|rpc:10.1.0.62:36955|dataStream:|priority:0|startupRole:FOLLOWER, 9befe131-ee01-45a3-b6b9-b3ceb7636d7b|rpc:10.1.0.62:36783|dataStream:|priority:0|startupRole:FOLLOWER]|listeners:[], old=null
2022-10-22 01:06:15,491 [075aeae4-9dac-4c28-be7c-8f8b2eb5b04f@group-5DBD8395D328-SegmentedRaftLogWorker] INFO  segmented.SegmentedRaftLogWorker (SegmentedRaftLogWorker.java:execute(656)) - 075aeae4-9dac-4c28-be7c-8f8b2eb5b04f@group-5DBD8395D328-SegmentedRaftLogWorker: created new log segment /home/runner/work/ozone/ozone/hadoop-ozone/integration-test/target/test-dir/MiniOzoneClusterImpl-a988f88d-4efe-430b-bf3c-a1e83706c790/datanode-7/data/ratis/68b86139-436e-42e7-a67e-5dbd8395d328/current/log_inprogress_0
2022-10-22 01:06:15,491 [9befe131-ee01-45a3-b6b9-b3ceb7636d7b-server-thread2] INFO  segmented.SegmentedRaftLogWorker (SegmentedRaftLogWorker.java:startLogSegment(452)) - 9befe131-ee01-45a3-b6b9-b3ceb7636d7b@group-5DBD8395D328-SegmentedRaftLogWorker: Starting segment from index:0
2022-10-22 01:06:15,502 [9befe131-ee01-45a3-b6b9-b3ceb7636d7b@group-5DBD8395D328-SegmentedRaftLogWorker] INFO  segmented.SegmentedRaftLogWorker (SegmentedRaftLogWorker.java:execute(656)) - 9befe131-ee01-45a3-b6b9-b3ceb7636d7b@group-5DBD8395D328-SegmentedRaftLogWorker: created new log segment /home/runner/work/ozone/ozone/hadoop-ozone/integration-test/target/test-dir/MiniOzoneClusterImpl-a988f88d-4efe-430b-bf3c-a1e83706c790/datanode-8/data/ratis/68b86139-436e-42e7-a67e-5dbd8395d328/current/log_inprogress_0
2022-10-22 01:06:15,543 [7c8777a1-edfb-4633-85a4-b901f2ed1d17@group-AF50F2D84CC3-FollowerState] INFO  impl.FollowerState (FollowerState.java:run(143)) - 7c8777a1-edfb-4633-85a4-b901f2ed1d17@group-AF50F2D84CC3-FollowerState: change to CANDIDATE, lastRpcElapsedTime:5048588161ns, electionTimeout:5045ms
2022-10-22 01:06:15,543 [7c8777a1-edfb-4633-85a4-b901f2ed1d17@group-AF50F2D84CC3-FollowerState] INFO  impl.RoleInfo (RoleInfo.java:shutdownFollowerState(110)) - 7c8777a1-edfb-4633-85a4-b901f2ed1d17: shutdown 7c8777a1-edfb-4633-85a4-b901f2ed1d17@group-AF50F2D84CC3-FollowerState
2022-10-22 01:06:15,543 [7c8777a1-edfb-4633-85a4-b901f2ed1d17@group-AF50F2D84CC3-FollowerState] INFO  server.RaftServer$Division (RaftServerImpl.java:setRole(321)) - 7c8777a1-edfb-4633-85a4-b901f2ed1d17@group-AF50F2D84CC3: changes role from  FOLLOWER to CANDIDATE at term 0 for changeToCandidate
2022-10-22 01:06:15,544 [7c8777a1-edfb-4633-85a4-b901f2ed1d17@group-AF50F2D84CC3-FollowerState] INFO  server.RaftServerConfigKeys (ConfUtils.java:logGet(46)) - raft.server.leaderelection.pre-vote = false (custom)
2022-10-22 01:06:15,544 [7c8777a1-edfb-4633-85a4-b901f2ed1d17@group-AF50F2D84CC3-FollowerState] INFO  impl.RoleInfo (RoleInfo.java:updateAndGet(139)) - 7c8777a1-edfb-4633-85a4-b901f2ed1d17: start 7c8777a1-edfb-4633-85a4-b901f2ed1d17@group-AF50F2D84CC3-LeaderElection19
2022-10-22 01:06:15,575 [7c8777a1-edfb-4633-85a4-b901f2ed1d17@group-AF50F2D84CC3-LeaderElection19] INFO  impl.LeaderElection (LeaderElection.java:askForVotes(312)) - 7c8777a1-edfb-4633-85a4-b901f2ed1d17@group-AF50F2D84CC3-LeaderElection19 ELECTION round 0: submit vote requests at term 1 for -1: peers:[7c8777a1-edfb-4633-85a4-b901f2ed1d17|rpc:10.1.0.62:42991|priority:0|startupRole:FOLLOWER, 075aeae4-9dac-4c28-be7c-8f8b2eb5b04f|rpc:10.1.0.62:36955|priority:0|startupRole:FOLLOWER, 9befe131-ee01-45a3-b6b9-b3ceb7636d7b|rpc:10.1.0.62:36783|priority:1|startupRole:FOLLOWER]|listeners:[], old=null
2022-10-22 01:06:15,578 [7c8777a1-edfb-4633-85a4-b901f2ed1d17@group-AF50F2D84CC3-LeaderElection19] INFO  server.RaftServerConfigKeys (ConfUtils.java:logFallback(53)) - raft.server.rpc.first-election.timeout.min = 5s (fallback to raft.server.rpc.timeout.min)
2022-10-22 01:06:15,578 [7c8777a1-edfb-4633-85a4-b901f2ed1d17@group-AF50F2D84CC3-LeaderElection19] INFO  server.RaftServerConfigKeys (ConfUtils.java:logFallback(53)) - raft.server.rpc.first-election.timeout.max = 5200ms (fallback to raft.server.rpc.timeout.max)
2022-10-22 01:06:15,583 [grpc-default-executor-5] INFO  server.RaftServer$Division (RaftServerImpl.java:requestVote(1218)) - 075aeae4-9dac-4c28-be7c-8f8b2eb5b04f@group-AF50F2D84CC3: receive requestVote(ELECTION, 7c8777a1-edfb-4633-85a4-b901f2ed1d17, group-AF50F2D84CC3, 1, (t:0, i:0))
2022-10-22 01:06:15,583 [grpc-default-executor-5] INFO  impl.VoteContext (VoteContext.java:log(48)) - 075aeae4-9dac-4c28-be7c-8f8b2eb5b04f@group-AF50F2D84CC3-FOLLOWER: accept ELECTION from 7c8777a1-edfb-4633-85a4-b901f2ed1d17: our priority 0 <= candidate's priority 0
2022-10-22 01:06:15,583 [grpc-default-executor-5] INFO  server.RaftServer$Division (RaftServerImpl.java:setRole(321)) - 075aeae4-9dac-4c28-be7c-8f8b2eb5b04f@group-AF50F2D84CC3: changes role from  FOLLOWER to FOLLOWER at term 1 for candidate:7c8777a1-edfb-4633-85a4-b901f2ed1d17
2022-10-22 01:06:15,583 [grpc-default-executor-5] INFO  impl.RoleInfo (RoleInfo.java:shutdownFollowerState(110)) - 075aeae4-9dac-4c28-be7c-8f8b2eb5b04f: shutdown 075aeae4-9dac-4c28-be7c-8f8b2eb5b04f@group-AF50F2D84CC3-FollowerState
2022-10-22 01:06:15,583 [grpc-default-executor-5] INFO  impl.RoleInfo (RoleInfo.java:updateAndGet(139)) - 075aeae4-9dac-4c28-be7c-8f8b2eb5b04f: start 075aeae4-9dac-4c28-be7c-8f8b2eb5b04f@group-AF50F2D84CC3-FollowerState
2022-10-22 01:06:15,583 [075aeae4-9dac-4c28-be7c-8f8b2eb5b04f@group-AF50F2D84CC3-FollowerState] INFO  impl.FollowerState (FollowerState.java:run(152)) - 075aeae4-9dac-4c28-be7c-8f8b2eb5b04f@group-AF50F2D84CC3-FollowerState was interrupted
2022-10-22 01:06:15,583 [grpc-default-executor-0] INFO  server.RaftServer$Division (RaftServerImpl.java:requestVote(1218)) - 9befe131-ee01-45a3-b6b9-b3ceb7636d7b@group-AF50F2D84CC3: receive requestVote(ELECTION, 7c8777a1-edfb-4633-85a4-b901f2ed1d17, group-AF50F2D84CC3, 1, (t:0, i:0))
2022-10-22 01:06:15,583 [grpc-default-executor-0] INFO  impl.VoteContext (VoteContext.java:log(48)) - 9befe131-ee01-45a3-b6b9-b3ceb7636d7b@group-AF50F2D84CC3-FOLLOWER: reject ELECTION from 7c8777a1-edfb-4633-85a4-b901f2ed1d17: our priority 1 > candidate's priority 0
2022-10-22 01:06:15,583 [grpc-default-executor-0] INFO  server.RaftServer$Division (RaftServerImpl.java:setRole(321)) - 9befe131-ee01-45a3-b6b9-b3ceb7636d7b@group-AF50F2D84CC3: changes role from  FOLLOWER to FOLLOWER at term 1 for candidate:7c8777a1-edfb-4633-85a4-b901f2ed1d17
2022-10-22 01:06:15,583 [grpc-default-executor-0] INFO  impl.RoleInfo (RoleInfo.java:shutdownFollowerState(110)) - 9befe131-ee01-45a3-b6b9-b3ceb7636d7b: shutdown 9befe131-ee01-45a3-b6b9-b3ceb7636d7b@group-AF50F2D84CC3-FollowerState
2022-10-22 01:06:15,584 [grpc-default-executor-0] INFO  impl.RoleInfo (RoleInfo.java:updateAndGet(139)) - 9befe131-ee01-45a3-b6b9-b3ceb7636d7b: start 9befe131-ee01-45a3-b6b9-b3ceb7636d7b@group-AF50F2D84CC3-FollowerState
2022-10-22 01:06:15,584 [9befe131-ee01-45a3-b6b9-b3ceb7636d7b@group-AF50F2D84CC3-FollowerState] INFO  impl.FollowerState (FollowerState.java:run(152)) - 9befe131-ee01-45a3-b6b9-b3ceb7636d7b@group-AF50F2D84CC3-FollowerState was interrupted
2022-10-22 01:06:15,584 [9befe131-ee01-45a3-b6b9-b3ceb7636d7b@group-AF50F2D84CC3-FollowerState] INFO  server.RaftServerConfigKeys (ConfUtils.java:logFallback(53)) - raft.server.rpc.first-election.timeout.min = 5s (fallback to raft.server.rpc.timeout.min)
2022-10-22 01:06:15,584 [9befe131-ee01-45a3-b6b9-b3ceb7636d7b@group-AF50F2D84CC3-FollowerState] INFO  server.RaftServerConfigKeys (ConfUtils.java:logFallback(53)) - raft.server.rpc.first-election.timeout.max = 5200ms (fallback to raft.server.rpc.timeout.max)
2022-10-22 01:06:15,585 [grpc-default-executor-5] INFO  server.RaftServer$Division (RaftServerImpl.java:requestVote(1251)) - 075aeae4-9dac-4c28-be7c-8f8b2eb5b04f@group-AF50F2D84CC3 replies to ELECTION vote request: 7c8777a1-edfb-4633-85a4-b901f2ed1d17<-075aeae4-9dac-4c28-be7c-8f8b2eb5b04f#0:OK-t1. Peer's state: 075aeae4-9dac-4c28-be7c-8f8b2eb5b04f@group-AF50F2D84CC3:t1, leader=null, voted=7c8777a1-edfb-4633-85a4-b901f2ed1d17, raftlog=Memoized:075aeae4-9dac-4c28-be7c-8f8b2eb5b04f@group-AF50F2D84CC3-SegmentedRaftLog:OPENED:c-1, conf=-1: peers:[7c8777a1-edfb-4633-85a4-b901f2ed1d17|rpc:10.1.0.62:42991|dataStream:|priority:0|startupRole:FOLLOWER, 075aeae4-9dac-4c28-be7c-8f8b2eb5b04f|rpc:10.1.0.62:36955|dataStream:|priority:0|startupRole:FOLLOWER, 9befe131-ee01-45a3-b6b9-b3ceb7636d7b|rpc:10.1.0.62:36783|dataStream:|priority:1|startupRole:FOLLOWER]|listeners:[], old=null
2022-10-22 01:06:15,587 [grpc-default-executor-0] INFO  server.RaftServer$Division (RaftServerImpl.java:requestVote(1251)) - 9befe131-ee01-45a3-b6b9-b3ceb7636d7b@group-AF50F2D84CC3 replies to ELECTION vote request: 7c8777a1-edfb-4633-85a4-b901f2ed1d17<-9befe131-ee01-45a3-b6b9-b3ceb7636d7b#0:FAIL-t1. Peer's state: 9befe131-ee01-45a3-b6b9-b3ceb7636d7b@group-AF50F2D84CC3:t1, leader=null, voted=null, raftlog=Memoized:9befe131-ee01-45a3-b6b9-b3ceb7636d7b@group-AF50F2D84CC3-SegmentedRaftLog:OPENED:c-1, conf=-1: peers:[7c8777a1-edfb-4633-85a4-b901f2ed1d17|rpc:10.1.0.62:42991|dataStream:|priority:0|startupRole:FOLLOWER, 075aeae4-9dac-4c28-be7c-8f8b2eb5b04f|rpc:10.1.0.62:36955|dataStream:|priority:0|startupRole:FOLLOWER, 9befe131-ee01-45a3-b6b9-b3ceb7636d7b|rpc:10.1.0.62:36783|dataStream:|priority:1|startupRole:FOLLOWER]|listeners:[], old=null
2022-10-22 01:06:15,588 [7c8777a1-edfb-4633-85a4-b901f2ed1d17@group-AF50F2D84CC3-LeaderElection19] INFO  impl.LeaderElection (LeaderElection.java:logAndReturn(90)) - 7c8777a1-edfb-4633-85a4-b901f2ed1d17@group-AF50F2D84CC3-LeaderElection19: ELECTION REJECTED received 2 response(s) and 0 exception(s):
2022-10-22 01:06:15,588 [7c8777a1-edfb-4633-85a4-b901f2ed1d17@group-AF50F2D84CC3-LeaderElection19] INFO  impl.LeaderElection (LeaderElection.java:logAndReturn(94)) -   Response 0: 7c8777a1-edfb-4633-85a4-b901f2ed1d17<-075aeae4-9dac-4c28-be7c-8f8b2eb5b04f#0:OK-t1
2022-10-22 01:06:15,588 [7c8777a1-edfb-4633-85a4-b901f2ed1d17@group-AF50F2D84CC3-LeaderElection19] INFO  impl.LeaderElection (LeaderElection.java:logAndReturn(94)) -   Response 1: 7c8777a1-edfb-4633-85a4-b901f2ed1d17<-9befe131-ee01-45a3-b6b9-b3ceb7636d7b#0:FAIL-t1
2022-10-22 01:06:15,589 [7c8777a1-edfb-4633-85a4-b901f2ed1d17@group-AF50F2D84CC3-LeaderElection19] INFO  impl.LeaderElection (LeaderElection.java:askForVotes(314)) - 7c8777a1-edfb-4633-85a4-b901f2ed1d17@group-AF50F2D84CC3-LeaderElection19 ELECTION round 0: result REJECTED
2022-10-22 01:06:15,589 [7c8777a1-edfb-4633-85a4-b901f2ed1d17@group-AF50F2D84CC3-LeaderElection19] INFO  server.RaftServer$Division (RaftServerImpl.java:setRole(321)) - 7c8777a1-edfb-4633-85a4-b901f2ed1d17@group-AF50F2D84CC3: changes role from CANDIDATE to FOLLOWER at term 1 for REJECTED
2022-10-22 01:06:15,589 [7c8777a1-edfb-4633-85a4-b901f2ed1d17@group-AF50F2D84CC3-LeaderElection19] INFO  impl.RoleInfo (RoleInfo.java:shutdownLeaderElection(130)) - 7c8777a1-edfb-4633-85a4-b901f2ed1d17: shutdown 7c8777a1-edfb-4633-85a4-b901f2ed1d17@group-AF50F2D84CC3-LeaderElection19
2022-10-22 01:06:15,589 [7c8777a1-edfb-4633-85a4-b901f2ed1d17@group-AF50F2D84CC3-LeaderElection19] INFO  impl.RoleInfo (RoleInfo.java:updateAndGet(139)) - 7c8777a1-edfb-4633-85a4-b901f2ed1d17: start 7c8777a1-edfb-4633-85a4-b901f2ed1d17@group-AF50F2D84CC3-FollowerState
2022-10-22 01:06:15,595 [075aeae4-9dac-4c28-be7c-8f8b2eb5b04f@group-AF50F2D84CC3-FollowerState] INFO  server.RaftServerConfigKeys (ConfUtils.java:logFallback(53)) - raft.server.rpc.first-election.timeout.min = 5s (fallback to raft.server.rpc.timeout.min)
2022-10-22 01:06:15,595 [075aeae4-9dac-4c28-be7c-8f8b2eb5b04f@group-AF50F2D84CC3-FollowerState] INFO  server.RaftServerConfigKeys (ConfUtils.java:logFallback(53)) - raft.server.rpc.first-election.timeout.max = 5200ms (fallback to raft.server.rpc.timeout.max)
2022-10-22 01:06:15,600 [7c8777a1-edfb-4633-85a4-b901f2ed1d17@group-AF50F2D84CC3-FollowerState] INFO  server.RaftServerConfigKeys (ConfUtils.java:logFallback(53)) - raft.server.rpc.first-election.timeout.min = 5s (fallback to raft.server.rpc.timeout.min)
2022-10-22 01:06:15,600 [7c8777a1-edfb-4633-85a4-b901f2ed1d17@group-AF50F2D84CC3-FollowerState] INFO  server.RaftServerConfigKeys (ConfUtils.java:logFallback(53)) - raft.server.rpc.first-election.timeout.max = 5200ms (fallback to raft.server.rpc.timeout.max)
2022-10-22 01:06:15,601 [Listener at 127.0.0.1/34145] INFO  ozoneimpl.OzoneContainer (OzoneContainer.java:stop(400)) - Attempting to stop container services.
2022-10-22 01:06:15,607 [Listener at 127.0.0.1/34145] INFO  server.RaftServer (RaftServerProxy.java:lambda$close$6(409)) - 9705cc67-48fc-46f6-b325-a713191a975c: close
2022-10-22 01:06:15,608 [9705cc67-48fc-46f6-b325-a713191a975c-impl-thread1] INFO  server.RaftServer$Division (RaftServerImpl.java:lambda$close$4(458)) - 9705cc67-48fc-46f6-b325-a713191a975c@group-2523C6B62B1D: shutdown
2022-10-22 01:06:15,608 [9705cc67-48fc-46f6-b325-a713191a975c-impl-thread1] INFO  util.JmxRegister (JmxRegister.java:unregister(73)) - Successfully un-registered JMX Bean with object name Ratis:service=RaftServer,group=group-2523C6B62B1D,id=9705cc67-48fc-46f6-b325-a713191a975c
2022-10-22 01:06:15,608 [9705cc67-48fc-46f6-b325-a713191a975c-impl-thread1] INFO  impl.RoleInfo (RoleInfo.java:shutdownLeaderState(93)) - 9705cc67-48fc-46f6-b325-a713191a975c: shutdown 9705cc67-48fc-46f6-b325-a713191a975c@group-2523C6B62B1D-LeaderStateImpl
2022-10-22 01:06:15,608 [9705cc67-48fc-46f6-b325-a713191a975c-impl-thread1] INFO  impl.PendingRequests (PendingRequests.java:sendNotLeaderResponses(282)) - 9705cc67-48fc-46f6-b325-a713191a975c@group-2523C6B62B1D-PendingRequests: sendNotLeaderResponses
2022-10-22 01:06:15,609 [9705cc67-48fc-46f6-b325-a713191a975c-impl-thread1] INFO  impl.StateMachineUpdater (StateMachineUpdater.java:stopAndJoin(153)) - 9705cc67-48fc-46f6-b325-a713191a975c@group-2523C6B62B1D-StateMachineUpdater: set stopIndex = 0
2022-10-22 01:06:15,609 [9705cc67-48fc-46f6-b325-a713191a975c@group-2523C6B62B1D-StateMachineUpdater] INFO  ratis.ContainerStateMachine (ContainerStateMachine.java:takeSnapshot(304)) - group-2523C6B62B1D: Taking a snapshot at:(t:1, i:0) file /home/runner/work/ozone/ozone/hadoop-ozone/integration-test/target/test-dir/MiniOzoneClusterImpl-a988f88d-4efe-430b-bf3c-a1e83706c790/datanode-1/data/ratis/55d45bd3-816d-4763-9721-2523c6b62b1d/sm/snapshot.1_0
2022-10-22 01:06:15,609 [9705cc67-48fc-46f6-b325-a713191a975c-impl-thread2] INFO  server.RaftServer$Division (RaftServerImpl.java:lambda$close$4(458)) - 9705cc67-48fc-46f6-b325-a713191a975c@group-028E8AAC4AA9: shutdown
2022-10-22 01:06:15,609 [9705cc67-48fc-46f6-b325-a713191a975c-impl-thread2] INFO  util.JmxRegister (JmxRegister.java:unregister(73)) - Successfully un-registered JMX Bean with object name Ratis:service=RaftServer,group=group-028E8AAC4AA9,id=9705cc67-48fc-46f6-b325-a713191a975c
2022-10-22 01:06:15,609 [9705cc67-48fc-46f6-b325-a713191a975c-impl-thread2] INFO  impl.RoleInfo (RoleInfo.java:shutdownFollowerState(110)) - 9705cc67-48fc-46f6-b325-a713191a975c: shutdown 9705cc67-48fc-46f6-b325-a713191a975c@group-028E8AAC4AA9-FollowerState
2022-10-22 01:06:15,610 [Listener at 127.0.0.1/34145] INFO  server.GrpcService (GrpcService.java:closeImpl(279)) - 9705cc67-48fc-46f6-b325-a713191a975c: shutdown server GrpcServerProtocolService now
2022-10-22 01:06:15,610 [9705cc67-48fc-46f6-b325-a713191a975c@group-028E8AAC4AA9-FollowerState] INFO  impl.FollowerState (FollowerState.java:run(152)) - 9705cc67-48fc-46f6-b325-a713191a975c@group-028E8AAC4AA9-FollowerState was interrupted
2022-10-22 01:06:15,610 [9705cc67-48fc-46f6-b325-a713191a975c-impl-thread2] INFO  impl.StateMachineUpdater (StateMachineUpdater.java:stopAndJoin(153)) - 9705cc67-48fc-46f6-b325-a713191a975c@group-028E8AAC4AA9-StateMachineUpdater: set stopIndex = -1
2022-10-22 01:06:15,627 [9705cc67-48fc-46f6-b325-a713191a975c-impl-thread2] INFO  server.RaftServer$Division (ServerState.java:close(466)) - 9705cc67-48fc-46f6-b325-a713191a975c@group-028E8AAC4AA9: closes. applyIndex: -1
2022-10-22 01:06:15,627 [grpc-default-executor-0] WARN  server.GrpcServerProtocolService (LogUtils.java:warn(122)) - 9705cc67-48fc-46f6-b325-a713191a975c: installSnapshot onError, lastRequest: d1d68c68-fcd1-40a2-8bd4-08293fe543e0->9705cc67-48fc-46f6-b325-a713191a975c#1-t1,previous=(t:0, i:0),leaderCommit=0,initializing? true,entries: size=1, first=(t:1, i:0), CONFIGURATIONENTRY(current:id: "2e87c3a1-a023-462f-882b-ea1ca04c8a98"
address: "10.1.0.62:33759"
clientAddress: "10.1.0.62:33759"
adminAddress: "10.1.0.62:33759"
startupRole: FOLLOWER
,id: "9705cc67-48fc-46f6-b325-a713191a975c"
address: "10.1.0.62:35497"
clientAddress: "10.1.0.62:35497"
adminAddress: "10.1.0.62:35497"
startupRole: FOLLOWER
,id: "d1d68c68-fcd1-40a2-8bd4-08293fe543e0"
address: "10.1.0.62:34369"
priority: 1
clientAddress: "10.1.0.62:34369"
adminAddress: "10.1.0.62:34369"
startupRole: FOLLOWER
, old:): org.apache.ratis.thirdparty.io.grpc.StatusRuntimeException: CANCELLED: client cancelled
2022-10-22 01:06:15,628 [9705cc67-48fc-46f6-b325-a713191a975c@group-028E8AAC4AA9-SegmentedRaftLogWorker] INFO  segmented.SegmentedRaftLogWorker (SegmentedRaftLogWorker.java:run(345)) - 9705cc67-48fc-46f6-b325-a713191a975c@group-028E8AAC4AA9-SegmentedRaftLogWorker was interrupted, exiting. There are 0 tasks remaining in the queue.
2022-10-22 01:06:15,628 [9705cc67-48fc-46f6-b325-a713191a975c-impl-thread2] INFO  segmented.SegmentedRaftLogWorker (SegmentedRaftLogWorker.java:close(255)) - 9705cc67-48fc-46f6-b325-a713191a975c@group-028E8AAC4AA9-SegmentedRaftLogWorker close()
2022-10-22 01:06:15,620 [9705cc67-48fc-46f6-b325-a713191a975c-impl-thread3] INFO  server.RaftServer$Division (RaftServerImpl.java:lambda$close$4(458)) - 9705cc67-48fc-46f6-b325-a713191a975c@group-7CAC11E68DAD: shutdown
2022-10-22 01:06:15,636 [9705cc67-48fc-46f6-b325-a713191a975c-impl-thread3] INFO  util.JmxRegister (JmxRegister.java:unregister(73)) - Successfully un-registered JMX Bean with object name Ratis:service=RaftServer,group=group-7CAC11E68DAD,id=9705cc67-48fc-46f6-b325-a713191a975c
2022-10-22 01:06:15,636 [9705cc67-48fc-46f6-b325-a713191a975c-impl-thread3] INFO  impl.RoleInfo (RoleInfo.java:shutdownFollowerState(110)) - 9705cc67-48fc-46f6-b325-a713191a975c: shutdown 9705cc67-48fc-46f6-b325-a713191a975c@group-7CAC11E68DAD-FollowerState
2022-10-22 01:06:15,636 [9705cc67-48fc-46f6-b325-a713191a975c@group-7CAC11E68DAD-FollowerState] INFO  impl.FollowerState (FollowerState.java:run(152)) - 9705cc67-48fc-46f6-b325-a713191a975c@group-7CAC11E68DAD-FollowerState was interrupted
2022-10-22 01:06:15,636 [9705cc67-48fc-46f6-b325-a713191a975c-impl-thread3] INFO  impl.StateMachineUpdater (StateMachineUpdater.java:stopAndJoin(153)) - 9705cc67-48fc-46f6-b325-a713191a975c@group-7CAC11E68DAD-StateMachineUpdater: set stopIndex = 0
2022-10-22 01:06:15,635 [Listener at 127.0.0.1/34145] INFO  server.GrpcService (GrpcService.java:closeImpl(288)) - 9705cc67-48fc-46f6-b325-a713191a975c: shutdown server GrpcServerProtocolService successfully
2022-10-22 01:06:15,638 [9705cc67-48fc-46f6-b325-a713191a975c@group-7CAC11E68DAD-StateMachineUpdater] INFO  ratis.ContainerStateMachine (ContainerStateMachine.java:takeSnapshot(304)) - group-7CAC11E68DAD: Taking a snapshot at:(t:1, i:0) file /home/runner/work/ozone/ozone/hadoop-ozone/integration-test/target/test-dir/MiniOzoneClusterImpl-a988f88d-4efe-430b-bf3c-a1e83706c790/datanode-1/data/ratis/8a15013d-bb32-4cdf-804b-7cac11e68dad/sm/snapshot.1_0
2022-10-22 01:06:15,637 [grpc-default-executor-0] WARN  server.GrpcLogAppender (LogUtils.java:warn(122)) - d1d68c68-fcd1-40a2-8bd4-08293fe543e0@group-7CAC11E68DAD->9705cc67-48fc-46f6-b325-a713191a975c-AppendLogResponseHandler: Failed appendEntries: org.apache.ratis.thirdparty.io.grpc.StatusRuntimeException: CANCELLED: RST_STREAM closed stream. HTTP/2 error code: CANCEL
2022-10-22 01:06:15,641 [grpc-default-executor-0] WARN  server.GrpcLogAppender (GrpcLogAppender.java:resetClient(131)) - d1d68c68-fcd1-40a2-8bd4-08293fe543e0@group-7CAC11E68DAD->9705cc67-48fc-46f6-b325-a713191a975c-GrpcLogAppender: Leader has not got in touch with Follower d1d68c68-fcd1-40a2-8bd4-08293fe543e0@group-7CAC11E68DAD->9705cc67-48fc-46f6-b325-a713191a975c(c0,m0,n1, attendVote=true, lastRpcSendTime=2054, lastRpcResponseTime=2018) yet, just keep nextIndex unchanged and retry.
2022-10-22 01:06:15,635 [grpc-default-executor-5] WARN  server.GrpcServerProtocolService (LogUtils.java:warn(122)) - 9705cc67-48fc-46f6-b325-a713191a975c: installSnapshot onError, lastRequest: null: org.apache.ratis.thirdparty.io.grpc.StatusRuntimeException: CANCELLED: client cancelled
2022-10-22 01:06:15,652 [9705cc67-48fc-46f6-b325-a713191a975c@group-7CAC11E68DAD-StateMachineUpdater] INFO  ratis.ContainerStateMachine (ContainerStateMachine.java:takeSnapshot(315)) - group-7CAC11E68DAD: Finished taking a snapshot at:(t:1, i:0) file:/home/runner/work/ozone/ozone/hadoop-ozone/integration-test/target/test-dir/MiniOzoneClusterImpl-a988f88d-4efe-430b-bf3c-a1e83706c790/datanode-1/data/ratis/8a15013d-bb32-4cdf-804b-7cac11e68dad/sm/snapshot.1_0 took: 14 ms
2022-10-22 01:06:15,652 [9705cc67-48fc-46f6-b325-a713191a975c@group-2523C6B62B1D-StateMachineUpdater] INFO  ratis.ContainerStateMachine (ContainerStateMachine.java:takeSnapshot(315)) - group-2523C6B62B1D: Finished taking a snapshot at:(t:1, i:0) file:/home/runner/work/ozone/ozone/hadoop-ozone/integration-test/target/test-dir/MiniOzoneClusterImpl-a988f88d-4efe-430b-bf3c-a1e83706c790/datanode-1/data/ratis/55d45bd3-816d-4763-9721-2523c6b62b1d/sm/snapshot.1_0 took: 43 ms
2022-10-22 01:06:15,654 [9705cc67-48fc-46f6-b325-a713191a975c@group-2523C6B62B1D-StateMachineUpdater] INFO  impl.StateMachineUpdater (StateMachineUpdater.java:takeSnapshot(287)) - 9705cc67-48fc-46f6-b325-a713191a975c@group-2523C6B62B1D-StateMachineUpdater: Took a snapshot at index 0
2022-10-22 01:06:15,654 [9705cc67-48fc-46f6-b325-a713191a975c@group-7CAC11E68DAD-StateMachineUpdater] INFO  impl.StateMachineUpdater (StateMachineUpdater.java:takeSnapshot(287)) - 9705cc67-48fc-46f6-b325-a713191a975c@group-7CAC11E68DAD-StateMachineUpdater: Took a snapshot at index 0
2022-10-22 01:06:15,654 [9705cc67-48fc-46f6-b325-a713191a975c@group-2523C6B62B1D-StateMachineUpdater] INFO  impl.StateMachineUpdater (StateMachineUpdater.java:lambda$new$0(92)) - 9705cc67-48fc-46f6-b325-a713191a975c@group-2523C6B62B1D-StateMachineUpdater: snapshotIndex: updateIncreasingly -1 -> 0
2022-10-22 01:06:15,654 [9705cc67-48fc-46f6-b325-a713191a975c@group-7CAC11E68DAD-StateMachineUpdater] INFO  impl.StateMachineUpdater (StateMachineUpdater.java:lambda$new$0(92)) - 9705cc67-48fc-46f6-b325-a713191a975c@group-7CAC11E68DAD-StateMachineUpdater: snapshotIndex: updateIncreasingly -1 -> 0
2022-10-22 01:06:15,638 [grpc-default-executor-3] WARN  server.GrpcLogAppender (LogUtils.java:warn(122)) - d1d68c68-fcd1-40a2-8bd4-08293fe543e0@group-7CAC11E68DAD->9705cc67-48fc-46f6-b325-a713191a975c-AppendLogResponseHandler: Failed appendEntries: org.apache.ratis.thirdparty.io.grpc.StatusRuntimeException: CANCELLED: RST_STREAM closed stream. HTTP/2 error code: CANCEL
2022-10-22 01:06:15,657 [grpc-default-executor-3] WARN  server.GrpcLogAppender (GrpcLogAppender.java:resetClient(131)) - d1d68c68-fcd1-40a2-8bd4-08293fe543e0@group-7CAC11E68DAD->9705cc67-48fc-46f6-b325-a713191a975c-GrpcLogAppender: Leader has not got in touch with Follower d1d68c68-fcd1-40a2-8bd4-08293fe543e0@group-7CAC11E68DAD->9705cc67-48fc-46f6-b325-a713191a975c(c0,m0,n1, attendVote=true, lastRpcSendTime=2070, lastRpcResponseTime=2034) yet, just keep nextIndex unchanged and retry.
2022-10-22 01:06:15,658 [9705cc67-48fc-46f6-b325-a713191a975c-impl-thread1] INFO  server.RaftServer$Division (ServerState.java:close(466)) - 9705cc67-48fc-46f6-b325-a713191a975c@group-2523C6B62B1D: closes. applyIndex: 0
2022-10-22 01:06:15,658 [9705cc67-48fc-46f6-b325-a713191a975c@group-2523C6B62B1D-SegmentedRaftLogWorker] INFO  segmented.SegmentedRaftLogWorker (SegmentedRaftLogWorker.java:run(345)) - 9705cc67-48fc-46f6-b325-a713191a975c@group-2523C6B62B1D-SegmentedRaftLogWorker was interrupted, exiting. There are 0 tasks remaining in the queue.
2022-10-22 01:06:15,659 [9705cc67-48fc-46f6-b325-a713191a975c-impl-thread3] INFO  server.RaftServer$Division (ServerState.java:close(466)) - 9705cc67-48fc-46f6-b325-a713191a975c@group-7CAC11E68DAD: closes. applyIndex: 0
2022-10-22 01:06:15,659 [9705cc67-48fc-46f6-b325-a713191a975c@group-7CAC11E68DAD-SegmentedRaftLogWorker] INFO  segmented.SegmentedRaftLogWorker (SegmentedRaftLogWorker.java:run(345)) - 9705cc67-48fc-46f6-b325-a713191a975c@group-7CAC11E68DAD-SegmentedRaftLogWorker was interrupted, exiting. There are 0 tasks remaining in the queue.
2022-10-22 01:06:15,675 [9705cc67-48fc-46f6-b325-a713191a975c-impl-thread1] INFO  segmented.SegmentedRaftLogWorker (SegmentedRaftLogWorker.java:close(255)) - 9705cc67-48fc-46f6-b325-a713191a975c@group-2523C6B62B1D-SegmentedRaftLogWorker close()
2022-10-22 01:06:15,675 [9705cc67-48fc-46f6-b325-a713191a975c-impl-thread3] INFO  segmented.SegmentedRaftLogWorker (SegmentedRaftLogWorker.java:close(255)) - 9705cc67-48fc-46f6-b325-a713191a975c@group-7CAC11E68DAD-SegmentedRaftLogWorker close()
2022-10-22 01:06:15,680 [JvmPauseMonitor2] INFO  util.JvmPauseMonitor (JvmPauseMonitor.java:run(111)) - JvmPauseMonitor-9705cc67-48fc-46f6-b325-a713191a975c: Stopped
2022-10-22 01:06:15,727 [075aeae4-9dac-4c28-be7c-8f8b2eb5b04f@group-0DB650E5D1BF-FollowerState] INFO  impl.FollowerState (FollowerState.java:run(143)) - 075aeae4-9dac-4c28-be7c-8f8b2eb5b04f@group-0DB650E5D1BF-FollowerState: change to CANDIDATE, lastRpcElapsedTime:5053102794ns, electionTimeout:5052ms
2022-10-22 01:06:15,728 [075aeae4-9dac-4c28-be7c-8f8b2eb5b04f@group-0DB650E5D1BF-FollowerState] INFO  impl.RoleInfo (RoleInfo.java:shutdownFollowerState(110)) - 075aeae4-9dac-4c28-be7c-8f8b2eb5b04f: shutdown 075aeae4-9dac-4c28-be7c-8f8b2eb5b04f@group-0DB650E5D1BF-FollowerState
2022-10-22 01:06:15,728 [075aeae4-9dac-4c28-be7c-8f8b2eb5b04f@group-0DB650E5D1BF-FollowerState] INFO  server.RaftServer$Division (RaftServerImpl.java:setRole(321)) - 075aeae4-9dac-4c28-be7c-8f8b2eb5b04f@group-0DB650E5D1BF: changes role from  FOLLOWER to CANDIDATE at term 0 for changeToCandidate
2022-10-22 01:06:15,728 [075aeae4-9dac-4c28-be7c-8f8b2eb5b04f@group-0DB650E5D1BF-FollowerState] INFO  server.RaftServerConfigKeys (ConfUtils.java:logGet(46)) - raft.server.leaderelection.pre-vote = false (custom)
2022-10-22 01:06:15,728 [075aeae4-9dac-4c28-be7c-8f8b2eb5b04f@group-0DB650E5D1BF-FollowerState] INFO  impl.RoleInfo (RoleInfo.java:updateAndGet(139)) - 075aeae4-9dac-4c28-be7c-8f8b2eb5b04f: start 075aeae4-9dac-4c28-be7c-8f8b2eb5b04f@group-0DB650E5D1BF-LeaderElection20
2022-10-22 01:06:15,737 [075aeae4-9dac-4c28-be7c-8f8b2eb5b04f@group-0DB650E5D1BF-LeaderElection20] INFO  impl.LeaderElection (LeaderElection.java:askForVotes(312)) - 075aeae4-9dac-4c28-be7c-8f8b2eb5b04f@group-0DB650E5D1BF-LeaderElection20 ELECTION round 0: submit vote requests at term 1 for -1: peers:[075aeae4-9dac-4c28-be7c-8f8b2eb5b04f|rpc:10.1.0.62:36955|priority:1|startupRole:FOLLOWER]|listeners:[], old=null
2022-10-22 01:06:15,737 [075aeae4-9dac-4c28-be7c-8f8b2eb5b04f@group-0DB650E5D1BF-LeaderElection20] INFO  impl.LeaderElection (LeaderElection.java:askForVotes(314)) - 075aeae4-9dac-4c28-be7c-8f8b2eb5b04f@group-0DB650E5D1BF-LeaderElection20 ELECTION round 0: result PASSED (term=1)
2022-10-22 01:06:15,737 [075aeae4-9dac-4c28-be7c-8f8b2eb5b04f@group-0DB650E5D1BF-LeaderElection20] INFO  impl.RoleInfo (RoleInfo.java:shutdownLeaderElection(130)) - 075aeae4-9dac-4c28-be7c-8f8b2eb5b04f: shutdown 075aeae4-9dac-4c28-be7c-8f8b2eb5b04f@group-0DB650E5D1BF-LeaderElection20
2022-10-22 01:06:15,737 [075aeae4-9dac-4c28-be7c-8f8b2eb5b04f@group-0DB650E5D1BF-LeaderElection20] INFO  server.RaftServer$Division (RaftServerImpl.java:setRole(321)) - 075aeae4-9dac-4c28-be7c-8f8b2eb5b04f@group-0DB650E5D1BF: changes role from CANDIDATE to LEADER at term 1 for changeToLeader
2022-10-22 01:06:15,737 [075aeae4-9dac-4c28-be7c-8f8b2eb5b04f@group-0DB650E5D1BF-LeaderElection20] INFO  ratis.XceiverServerRatis (XceiverServerRatis.java:handleLeaderChangedNotification(863)) - Leader change notification received for group: group-0DB650E5D1BF with new leaderId: 075aeae4-9dac-4c28-be7c-8f8b2eb5b04f
2022-10-22 01:06:15,737 [075aeae4-9dac-4c28-be7c-8f8b2eb5b04f@group-0DB650E5D1BF-LeaderElection20] INFO  server.RaftServer$Division (ServerState.java:setLeader(313)) - 075aeae4-9dac-4c28-be7c-8f8b2eb5b04f@group-0DB650E5D1BF: change Leader from null to 075aeae4-9dac-4c28-be7c-8f8b2eb5b04f at term 1 for becomeLeader, leader elected after 5070ms
2022-10-22 01:06:15,737 [075aeae4-9dac-4c28-be7c-8f8b2eb5b04f@group-0DB650E5D1BF-LeaderElection20] INFO  server.RaftServerConfigKeys (ConfUtils.java:logGet(46)) - raft.server.staging.catchup.gap = 1000 (default)
2022-10-22 01:06:15,738 [075aeae4-9dac-4c28-be7c-8f8b2eb5b04f@group-0DB650E5D1BF-LeaderElection20] INFO  server.RaftServerConfigKeys (ConfUtils.java:logGet(46)) - raft.server.write.element-limit = 1024 (custom)
2022-10-22 01:06:15,738 [075aeae4-9dac-4c28-be7c-8f8b2eb5b04f@group-0DB650E5D1BF-LeaderElection20] INFO  server.RaftServerConfigKeys (ConfUtils.java:logGet(46)) - raft.server.write.byte-limit = 1024 M (=1073741824) (custom)
2022-10-22 01:06:15,738 [075aeae4-9dac-4c28-be7c-8f8b2eb5b04f@group-0DB650E5D1BF-LeaderElection20] INFO  server.RaftServerConfigKeys (ConfUtils.java:logGet(46)) - raft.server.watch.timeout = 180s (custom)
2022-10-22 01:06:15,738 [075aeae4-9dac-4c28-be7c-8f8b2eb5b04f@group-0DB650E5D1BF-LeaderElection20] INFO  server.RaftServerConfigKeys (ConfUtils.java:logGet(46)) - raft.server.watch.timeout.denomination = 1s (default)
2022-10-22 01:06:15,738 [075aeae4-9dac-4c28-be7c-8f8b2eb5b04f@group-0DB650E5D1BF-LeaderElection20] INFO  server.RaftServerConfigKeys (ConfUtils.java:logGet(46)) - raft.server.watch.element-limit = 65536 (default)
2022-10-22 01:06:15,738 [075aeae4-9dac-4c28-be7c-8f8b2eb5b04f@group-0DB650E5D1BF-LeaderElection20] INFO  server.RaftServerConfigKeys (ConfUtils.java:logGet(46)) - raft.server.write.element-limit = 1024 (custom)
2022-10-22 01:06:15,738 [075aeae4-9dac-4c28-be7c-8f8b2eb5b04f@group-0DB650E5D1BF-LeaderElection20] INFO  server.RaftServerConfigKeys (ConfUtils.java:logGet(46)) - raft.server.write.follower.gap.ratio.max = -1.0 (default)
2022-10-22 01:06:15,738 [075aeae4-9dac-4c28-be7c-8f8b2eb5b04f@group-0DB650E5D1BF-LeaderElection20] INFO  impl.RoleInfo (RoleInfo.java:updateAndGet(139)) - 075aeae4-9dac-4c28-be7c-8f8b2eb5b04f: start 075aeae4-9dac-4c28-be7c-8f8b2eb5b04f@group-0DB650E5D1BF-LeaderStateImpl
2022-10-22 01:06:15,739 [075aeae4-9dac-4c28-be7c-8f8b2eb5b04f@group-0DB650E5D1BF-LeaderElection20] INFO  segmented.SegmentedRaftLogWorker (SegmentedRaftLogWorker.java:startLogSegment(452)) - 075aeae4-9dac-4c28-be7c-8f8b2eb5b04f@group-0DB650E5D1BF-SegmentedRaftLogWorker: Starting segment from index:0
2022-10-22 01:06:15,740 [075aeae4-9dac-4c28-be7c-8f8b2eb5b04f@group-0DB650E5D1BF-SegmentedRaftLogWorker] INFO  segmented.SegmentedRaftLogWorker (SegmentedRaftLogWorker.java:execute(656)) - 075aeae4-9dac-4c28-be7c-8f8b2eb5b04f@group-0DB650E5D1BF-SegmentedRaftLogWorker: created new log segment /home/runner/work/ozone/ozone/hadoop-ozone/integration-test/target/test-dir/MiniOzoneClusterImpl-a988f88d-4efe-430b-bf3c-a1e83706c790/datanode-7/data/ratis/bec17ebf-ab8d-4886-9597-0db650e5d1bf/current/log_inprogress_0
2022-10-22 01:06:15,750 [075aeae4-9dac-4c28-be7c-8f8b2eb5b04f@group-0DB650E5D1BF-LeaderElection20] INFO  server.RaftServer$Division (ServerState.java:setRaftConf(430)) - 075aeae4-9dac-4c28-be7c-8f8b2eb5b04f@group-0DB650E5D1BF: set configuration 0: peers:[075aeae4-9dac-4c28-be7c-8f8b2eb5b04f|rpc:10.1.0.62:36955|dataStream:|priority:1|startupRole:FOLLOWER]|listeners:[], old=null
2022-10-22 01:06:16,031 [9befe131-ee01-45a3-b6b9-b3ceb7636d7b@group-541EFBBE7205-FollowerState] INFO  impl.FollowerState (FollowerState.java:run(143)) - 9befe131-ee01-45a3-b6b9-b3ceb7636d7b@group-541EFBBE7205-FollowerState: change to CANDIDATE, lastRpcElapsedTime:5025176607ns, electionTimeout:5024ms
2022-10-22 01:06:16,031 [9befe131-ee01-45a3-b6b9-b3ceb7636d7b@group-541EFBBE7205-FollowerState] INFO  impl.RoleInfo (RoleInfo.java:shutdownFollowerState(110)) - 9befe131-ee01-45a3-b6b9-b3ceb7636d7b: shutdown 9befe131-ee01-45a3-b6b9-b3ceb7636d7b@group-541EFBBE7205-FollowerState
2022-10-22 01:06:16,031 [9befe131-ee01-45a3-b6b9-b3ceb7636d7b@group-541EFBBE7205-FollowerState] INFO  server.RaftServer$Division (RaftServerImpl.java:setRole(321)) - 9befe131-ee01-45a3-b6b9-b3ceb7636d7b@group-541EFBBE7205: changes role from  FOLLOWER to CANDIDATE at term 0 for changeToCandidate
2022-10-22 01:06:16,031 [9befe131-ee01-45a3-b6b9-b3ceb7636d7b@group-541EFBBE7205-FollowerState] INFO  server.RaftServerConfigKeys (ConfUtils.java:logGet(46)) - raft.server.leaderelection.pre-vote = false (custom)
2022-10-22 01:06:16,031 [9befe131-ee01-45a3-b6b9-b3ceb7636d7b@group-541EFBBE7205-FollowerState] INFO  impl.RoleInfo (RoleInfo.java:updateAndGet(139)) - 9befe131-ee01-45a3-b6b9-b3ceb7636d7b: start 9befe131-ee01-45a3-b6b9-b3ceb7636d7b@group-541EFBBE7205-LeaderElection21
2022-10-22 01:06:16,034 [9befe131-ee01-45a3-b6b9-b3ceb7636d7b@group-541EFBBE7205-LeaderElection21] INFO  impl.LeaderElection (LeaderElection.java:askForVotes(312)) - 9befe131-ee01-45a3-b6b9-b3ceb7636d7b@group-541EFBBE7205-LeaderElection21 ELECTION round 0: submit vote requests at term 1 for -1: peers:[9befe131-ee01-45a3-b6b9-b3ceb7636d7b|rpc:10.1.0.62:36783|priority:1|startupRole:FOLLOWER]|listeners:[], old=null
2022-10-22 01:06:16,035 [9befe131-ee01-45a3-b6b9-b3ceb7636d7b@group-541EFBBE7205-LeaderElection21] INFO  impl.LeaderElection (LeaderElection.java:askForVotes(314)) - 9befe131-ee01-45a3-b6b9-b3ceb7636d7b@group-541EFBBE7205-LeaderElection21 ELECTION round 0: result PASSED (term=1)
2022-10-22 01:06:16,035 [9befe131-ee01-45a3-b6b9-b3ceb7636d7b@group-541EFBBE7205-LeaderElection21] INFO  impl.RoleInfo (RoleInfo.java:shutdownLeaderElection(130)) - 9befe131-ee01-45a3-b6b9-b3ceb7636d7b: shutdown 9befe131-ee01-45a3-b6b9-b3ceb7636d7b@group-541EFBBE7205-LeaderElection21
2022-10-22 01:06:16,035 [9befe131-ee01-45a3-b6b9-b3ceb7636d7b@group-541EFBBE7205-LeaderElection21] INFO  server.RaftServer$Division (RaftServerImpl.java:setRole(321)) - 9befe131-ee01-45a3-b6b9-b3ceb7636d7b@group-541EFBBE7205: changes role from CANDIDATE to LEADER at term 1 for changeToLeader
2022-10-22 01:06:16,035 [9befe131-ee01-45a3-b6b9-b3ceb7636d7b@group-541EFBBE7205-LeaderElection21] INFO  ratis.XceiverServerRatis (XceiverServerRatis.java:handleLeaderChangedNotification(863)) - Leader change notification received for group: group-541EFBBE7205 with new leaderId: 9befe131-ee01-45a3-b6b9-b3ceb7636d7b
2022-10-22 01:06:16,035 [9befe131-ee01-45a3-b6b9-b3ceb7636d7b@group-541EFBBE7205-LeaderElection21] INFO  server.RaftServer$Division (ServerState.java:setLeader(313)) - 9befe131-ee01-45a3-b6b9-b3ceb7636d7b@group-541EFBBE7205: change Leader from null to 9befe131-ee01-45a3-b6b9-b3ceb7636d7b at term 1 for becomeLeader, leader elected after 5040ms
2022-10-22 01:06:16,035 [9befe131-ee01-45a3-b6b9-b3ceb7636d7b@group-541EFBBE7205-LeaderElection21] INFO  server.RaftServerConfigKeys (ConfUtils.java:logGet(46)) - raft.server.staging.catchup.gap = 1000 (default)
2022-10-22 01:06:16,038 [9befe131-ee01-45a3-b6b9-b3ceb7636d7b@group-541EFBBE7205-LeaderElection21] INFO  server.RaftServerConfigKeys (ConfUtils.java:logGet(46)) - raft.server.write.element-limit = 1024 (custom)
2022-10-22 01:06:16,038 [9befe131-ee01-45a3-b6b9-b3ceb7636d7b@group-541EFBBE7205-LeaderElection21] INFO  server.RaftServerConfigKeys (ConfUtils.java:logGet(46)) - raft.server.write.byte-limit = 1024 M (=1073741824) (custom)
2022-10-22 01:06:16,038 [9befe131-ee01-45a3-b6b9-b3ceb7636d7b@group-541EFBBE7205-LeaderElection21] INFO  server.RaftServerConfigKeys (ConfUtils.java:logGet(46)) - raft.server.watch.timeout = 180s (custom)
2022-10-22 01:06:16,038 [9befe131-ee01-45a3-b6b9-b3ceb7636d7b@group-541EFBBE7205-LeaderElection21] INFO  server.RaftServerConfigKeys (ConfUtils.java:logGet(46)) - raft.server.watch.timeout.denomination = 1s (default)
2022-10-22 01:06:16,038 [9befe131-ee01-45a3-b6b9-b3ceb7636d7b@group-541EFBBE7205-LeaderElection21] INFO  server.RaftServerConfigKeys (ConfUtils.java:logGet(46)) - raft.server.watch.element-limit = 65536 (default)
2022-10-22 01:06:16,039 [9befe131-ee01-45a3-b6b9-b3ceb7636d7b@group-541EFBBE7205-LeaderElection21] INFO  server.RaftServerConfigKeys (ConfUtils.java:logGet(46)) - raft.server.write.element-limit = 1024 (custom)
2022-10-22 01:06:16,039 [9befe131-ee01-45a3-b6b9-b3ceb7636d7b@group-541EFBBE7205-LeaderElection21] INFO  server.RaftServerConfigKeys (ConfUtils.java:logGet(46)) - raft.server.write.follower.gap.ratio.max = -1.0 (default)
2022-10-22 01:06:16,039 [9befe131-ee01-45a3-b6b9-b3ceb7636d7b@group-541EFBBE7205-LeaderElection21] INFO  impl.RoleInfo (RoleInfo.java:updateAndGet(139)) - 9befe131-ee01-45a3-b6b9-b3ceb7636d7b: start 9befe131-ee01-45a3-b6b9-b3ceb7636d7b@group-541EFBBE7205-LeaderStateImpl
2022-10-22 01:06:16,040 [9befe131-ee01-45a3-b6b9-b3ceb7636d7b@group-541EFBBE7205-LeaderElection21] INFO  segmented.SegmentedRaftLogWorker (SegmentedRaftLogWorker.java:startLogSegment(452)) - 9befe131-ee01-45a3-b6b9-b3ceb7636d7b@group-541EFBBE7205-SegmentedRaftLogWorker: Starting segment from index:0
2022-10-22 01:06:16,043 [9befe131-ee01-45a3-b6b9-b3ceb7636d7b@group-541EFBBE7205-LeaderElection21] INFO  server.RaftServer$Division (ServerState.java:setRaftConf(430)) - 9befe131-ee01-45a3-b6b9-b3ceb7636d7b@group-541EFBBE7205: set configuration 0: peers:[9befe131-ee01-45a3-b6b9-b3ceb7636d7b|rpc:10.1.0.62:36783|dataStream:|priority:1|startupRole:FOLLOWER]|listeners:[], old=null
2022-10-22 01:06:16,044 [9befe131-ee01-45a3-b6b9-b3ceb7636d7b@group-541EFBBE7205-SegmentedRaftLogWorker] INFO  segmented.SegmentedRaftLogWorker (SegmentedRaftLogWorker.java:execute(656)) - 9befe131-ee01-45a3-b6b9-b3ceb7636d7b@group-541EFBBE7205-SegmentedRaftLogWorker: created new log segment /home/runner/work/ozone/ozone/hadoop-ozone/integration-test/target/test-dir/MiniOzoneClusterImpl-a988f88d-4efe-430b-bf3c-a1e83706c790/datanode-8/data/ratis/f12cc427-415b-4152-baf9-541efbbe7205/current/log_inprogress_0
2022-10-22 01:06:16,132 [grpc-default-executor-5] WARN  server.GrpcLogAppender (LogUtils.java:warn(122)) - d1d68c68-fcd1-40a2-8bd4-08293fe543e0@group-7CAC11E68DAD->9705cc67-48fc-46f6-b325-a713191a975c-AppendLogResponseHandler: Failed appendEntries: org.apache.ratis.thirdparty.io.grpc.StatusRuntimeException: UNAVAILABLE: io exception
2022-10-22 01:06:16,133 [grpc-default-executor-5] WARN  server.GrpcLogAppender (GrpcLogAppender.java:resetClient(131)) - d1d68c68-fcd1-40a2-8bd4-08293fe543e0@group-7CAC11E68DAD->9705cc67-48fc-46f6-b325-a713191a975c-GrpcLogAppender: Leader has not got in touch with Follower d1d68c68-fcd1-40a2-8bd4-08293fe543e0@group-7CAC11E68DAD->9705cc67-48fc-46f6-b325-a713191a975c(c0,m0,n1, attendVote=true, lastRpcSendTime=7, lastRpcResponseTime=2510) yet, just keep nextIndex unchanged and retry.
2022-10-22 01:06:16,138 [grpc-default-executor-0] WARN  server.GrpcLogAppender (LogUtils.java:warn(122)) - d1d68c68-fcd1-40a2-8bd4-08293fe543e0@group-7CAC11E68DAD->9705cc67-48fc-46f6-b325-a713191a975c-AppendLogResponseHandler: Failed appendEntries: org.apache.ratis.thirdparty.io.grpc.StatusRuntimeException: UNAVAILABLE: io exception
2022-10-22 01:06:16,138 [grpc-default-executor-0] WARN  server.GrpcLogAppender (GrpcLogAppender.java:resetClient(131)) - d1d68c68-fcd1-40a2-8bd4-08293fe543e0@group-7CAC11E68DAD->9705cc67-48fc-46f6-b325-a713191a975c-GrpcLogAppender: Leader has not got in touch with Follower d1d68c68-fcd1-40a2-8bd4-08293fe543e0@group-7CAC11E68DAD->9705cc67-48fc-46f6-b325-a713191a975c(c0,m0,n1, attendVote=true, lastRpcSendTime=12, lastRpcResponseTime=2515) yet, just keep nextIndex unchanged and retry.
2022-10-22 01:06:16,445 [eb081a82-3196-45ae-99e9-89c991687437@group-9B766A163DE0-FollowerState] INFO  impl.FollowerState (FollowerState.java:run(143)) - eb081a82-3196-45ae-99e9-89c991687437@group-9B766A163DE0-FollowerState: change to CANDIDATE, lastRpcElapsedTime:5098987716ns, electionTimeout:5094ms
2022-10-22 01:06:16,445 [eb081a82-3196-45ae-99e9-89c991687437@group-9B766A163DE0-FollowerState] INFO  impl.RoleInfo (RoleInfo.java:shutdownFollowerState(110)) - eb081a82-3196-45ae-99e9-89c991687437: shutdown eb081a82-3196-45ae-99e9-89c991687437@group-9B766A163DE0-FollowerState
2022-10-22 01:06:16,445 [eb081a82-3196-45ae-99e9-89c991687437@group-9B766A163DE0-FollowerState] INFO  server.RaftServer$Division (RaftServerImpl.java:setRole(321)) - eb081a82-3196-45ae-99e9-89c991687437@group-9B766A163DE0: changes role from  FOLLOWER to CANDIDATE at term 0 for changeToCandidate
2022-10-22 01:06:16,445 [eb081a82-3196-45ae-99e9-89c991687437@group-9B766A163DE0-FollowerState] INFO  server.RaftServerConfigKeys (ConfUtils.java:logGet(46)) - raft.server.leaderelection.pre-vote = false (custom)
2022-10-22 01:06:16,445 [eb081a82-3196-45ae-99e9-89c991687437@group-9B766A163DE0-FollowerState] INFO  impl.RoleInfo (RoleInfo.java:updateAndGet(139)) - eb081a82-3196-45ae-99e9-89c991687437: start eb081a82-3196-45ae-99e9-89c991687437@group-9B766A163DE0-LeaderElection22
2022-10-22 01:06:16,451 [eb081a82-3196-45ae-99e9-89c991687437@group-9B766A163DE0-LeaderElection22] INFO  impl.LeaderElection (LeaderElection.java:askForVotes(312)) - eb081a82-3196-45ae-99e9-89c991687437@group-9B766A163DE0-LeaderElection22 ELECTION round 0: submit vote requests at term 1 for -1: peers:[eb081a82-3196-45ae-99e9-89c991687437|rpc:10.1.0.62:45551|priority:1|startupRole:FOLLOWER]|listeners:[], old=null
2022-10-22 01:06:16,451 [eb081a82-3196-45ae-99e9-89c991687437@group-9B766A163DE0-LeaderElection22] INFO  impl.LeaderElection (LeaderElection.java:askForVotes(314)) - eb081a82-3196-45ae-99e9-89c991687437@group-9B766A163DE0-LeaderElection22 ELECTION round 0: result PASSED (term=1)
2022-10-22 01:06:16,451 [eb081a82-3196-45ae-99e9-89c991687437@group-9B766A163DE0-LeaderElection22] INFO  impl.RoleInfo (RoleInfo.java:shutdownLeaderElection(130)) - eb081a82-3196-45ae-99e9-89c991687437: shutdown eb081a82-3196-45ae-99e9-89c991687437@group-9B766A163DE0-LeaderElection22
2022-10-22 01:06:16,452 [eb081a82-3196-45ae-99e9-89c991687437@group-9B766A163DE0-LeaderElection22] INFO  server.RaftServer$Division (RaftServerImpl.java:setRole(321)) - eb081a82-3196-45ae-99e9-89c991687437@group-9B766A163DE0: changes role from CANDIDATE to LEADER at term 1 for changeToLeader
2022-10-22 01:06:16,452 [eb081a82-3196-45ae-99e9-89c991687437@group-9B766A163DE0-LeaderElection22] INFO  ratis.XceiverServerRatis (XceiverServerRatis.java:handleLeaderChangedNotification(863)) - Leader change notification received for group: group-9B766A163DE0 with new leaderId: eb081a82-3196-45ae-99e9-89c991687437
2022-10-22 01:06:16,452 [eb081a82-3196-45ae-99e9-89c991687437@group-9B766A163DE0-LeaderElection22] INFO  server.RaftServer$Division (ServerState.java:setLeader(313)) - eb081a82-3196-45ae-99e9-89c991687437@group-9B766A163DE0: change Leader from null to eb081a82-3196-45ae-99e9-89c991687437 at term 1 for becomeLeader, leader elected after 5113ms
2022-10-22 01:06:16,452 [eb081a82-3196-45ae-99e9-89c991687437@group-9B766A163DE0-LeaderElection22] INFO  server.RaftServerConfigKeys (ConfUtils.java:logGet(46)) - raft.server.staging.catchup.gap = 1000 (default)
2022-10-22 01:06:16,452 [eb081a82-3196-45ae-99e9-89c991687437@group-9B766A163DE0-LeaderElection22] INFO  server.RaftServerConfigKeys (ConfUtils.java:logGet(46)) - raft.server.write.element-limit = 1024 (custom)
2022-10-22 01:06:16,452 [eb081a82-3196-45ae-99e9-89c991687437@group-9B766A163DE0-LeaderElection22] INFO  server.RaftServerConfigKeys (ConfUtils.java:logGet(46)) - raft.server.write.byte-limit = 1024 M (=1073741824) (custom)
2022-10-22 01:06:16,452 [eb081a82-3196-45ae-99e9-89c991687437@group-9B766A163DE0-LeaderElection22] INFO  server.RaftServerConfigKeys (ConfUtils.java:logGet(46)) - raft.server.watch.timeout = 180s (custom)
2022-10-22 01:06:16,452 [eb081a82-3196-45ae-99e9-89c991687437@group-9B766A163DE0-LeaderElection22] INFO  server.RaftServerConfigKeys (ConfUtils.java:logGet(46)) - raft.server.watch.timeout.denomination = 1s (default)
2022-10-22 01:06:16,452 [eb081a82-3196-45ae-99e9-89c991687437@group-9B766A163DE0-LeaderElection22] INFO  server.RaftServerConfigKeys (ConfUtils.java:logGet(46)) - raft.server.watch.element-limit = 65536 (default)
2022-10-22 01:06:16,452 [eb081a82-3196-45ae-99e9-89c991687437@group-9B766A163DE0-LeaderElection22] INFO  server.RaftServerConfigKeys (ConfUtils.java:logGet(46)) - raft.server.write.element-limit = 1024 (custom)
2022-10-22 01:06:16,452 [eb081a82-3196-45ae-99e9-89c991687437@group-9B766A163DE0-LeaderElection22] INFO  server.RaftServerConfigKeys (ConfUtils.java:logGet(46)) - raft.server.write.follower.gap.ratio.max = -1.0 (default)
2022-10-22 01:06:16,454 [eb081a82-3196-45ae-99e9-89c991687437@group-9B766A163DE0-LeaderElection22] INFO  impl.RoleInfo (RoleInfo.java:updateAndGet(139)) - eb081a82-3196-45ae-99e9-89c991687437: start eb081a82-3196-45ae-99e9-89c991687437@group-9B766A163DE0-LeaderStateImpl
2022-10-22 01:06:16,455 [eb081a82-3196-45ae-99e9-89c991687437@group-9B766A163DE0-LeaderElection22] INFO  segmented.SegmentedRaftLogWorker (SegmentedRaftLogWorker.java:startLogSegment(452)) - eb081a82-3196-45ae-99e9-89c991687437@group-9B766A163DE0-SegmentedRaftLogWorker: Starting segment from index:0
2022-10-22 01:06:16,456 [eb081a82-3196-45ae-99e9-89c991687437@group-9B766A163DE0-SegmentedRaftLogWorker] INFO  segmented.SegmentedRaftLogWorker (SegmentedRaftLogWorker.java:execute(656)) - eb081a82-3196-45ae-99e9-89c991687437@group-9B766A163DE0-SegmentedRaftLogWorker: created new log segment /home/runner/work/ozone/ozone/hadoop-ozone/integration-test/target/test-dir/MiniOzoneClusterImpl-a988f88d-4efe-430b-bf3c-a1e83706c790/datanode-9/data/ratis/cdcaaef4-c08e-41ab-8721-9b766a163de0/current/log_inprogress_0
2022-10-22 01:06:16,462 [eb081a82-3196-45ae-99e9-89c991687437@group-9B766A163DE0-LeaderElection22] INFO  server.RaftServer$Division (ServerState.java:setRaftConf(430)) - eb081a82-3196-45ae-99e9-89c991687437@group-9B766A163DE0: set configuration 0: peers:[eb081a82-3196-45ae-99e9-89c991687437|rpc:10.1.0.62:45551|dataStream:|priority:1|startupRole:FOLLOWER]|listeners:[], old=null
2022-10-22 01:06:17,376 [grpc-default-executor-0] WARN  server.GrpcLogAppender (LogUtils.java:warn(122)) - d1d68c68-fcd1-40a2-8bd4-08293fe543e0@group-7CAC11E68DAD->9705cc67-48fc-46f6-b325-a713191a975c-AppendLogResponseHandler: Failed appendEntries: org.apache.ratis.thirdparty.io.grpc.StatusRuntimeException: UNAVAILABLE: io exception
2022-10-22 01:06:17,377 [grpc-default-executor-0] WARN  server.GrpcLogAppender (GrpcLogAppender.java:resetClient(131)) - d1d68c68-fcd1-40a2-8bd4-08293fe543e0@group-7CAC11E68DAD->9705cc67-48fc-46f6-b325-a713191a975c-GrpcLogAppender: Leader has not got in touch with Follower d1d68c68-fcd1-40a2-8bd4-08293fe543e0@group-7CAC11E68DAD->9705cc67-48fc-46f6-b325-a713191a975c(c0,m0,n1, attendVote=true, lastRpcSendTime=0, lastRpcResponseTime=3754) yet, just keep nextIndex unchanged and retry.
2022-10-22 01:06:17,376 [grpc-default-executor-3] WARN  server.GrpcLogAppender (LogUtils.java:warn(122)) - d1d68c68-fcd1-40a2-8bd4-08293fe543e0@group-7CAC11E68DAD->9705cc67-48fc-46f6-b325-a713191a975c-AppendLogResponseHandler: Failed appendEntries: org.apache.ratis.thirdparty.io.grpc.StatusRuntimeException: UNAVAILABLE: io exception
2022-10-22 01:06:17,378 [grpc-default-executor-3] WARN  server.GrpcLogAppender (GrpcLogAppender.java:resetClient(131)) - d1d68c68-fcd1-40a2-8bd4-08293fe543e0@group-7CAC11E68DAD->9705cc67-48fc-46f6-b325-a713191a975c-GrpcLogAppender: Leader has not got in touch with Follower d1d68c68-fcd1-40a2-8bd4-08293fe543e0@group-7CAC11E68DAD->9705cc67-48fc-46f6-b325-a713191a975c(c0,m0,n1, attendVote=true, lastRpcSendTime=2, lastRpcResponseTime=3756) yet, just keep nextIndex unchanged and retry.
2022-10-22 01:06:17,706 [Listener at 127.0.0.1/34145] INFO  utils.BackgroundService (BackgroundService.java:shutdown(141)) - Shutting down service BlockDeletingService
2022-10-22 01:06:17,707 [Listener at 127.0.0.1/34145] INFO  utils.BackgroundService (BackgroundService.java:shutdown(141)) - Shutting down service StaleRecoveringContainerScrubbingService
2022-10-22 01:06:17,710 [Listener at 127.0.0.1/34145] INFO  statemachine.DatanodeStateMachine (DatanodeStateMachine.java:stopDaemon(586)) - Ozone container server stopped.
2022-10-22 01:06:17,718 [Listener at 127.0.0.1/34145] INFO  handler.ContextHandler (ContextHandler.java:doStop(1153)) - Stopped o.e.j.w.WebAppContext@165742b1{hddsDatanode,/,null,STOPPED}{jar:file:/home/runner/.m2/repository/org/apache/ozone/hdds-container-service/1.3.0-SNAPSHOT/hdds-container-service-1.3.0-SNAPSHOT.jar!/webapps/hddsDatanode}
2022-10-22 01:06:17,722 [Listener at 127.0.0.1/34145] INFO  server.AbstractConnector (AbstractConnector.java:doStop(381)) - Stopped ServerConnector@1f980706{HTTP/1.1, (http/1.1)}{0.0.0.0:0}
2022-10-22 01:06:17,722 [Listener at 127.0.0.1/34145] INFO  server.session (HouseKeeper.java:stopScavenging(149)) - node0 Stopped scavenging
2022-10-22 01:06:17,722 [Listener at 127.0.0.1/34145] INFO  handler.ContextHandler (ContextHandler.java:doStop(1153)) - Stopped o.e.j.s.ServletContextHandler@384f8455{static,/static,jar:file:/home/runner/.m2/repository/org/apache/ozone/hdds-container-service/1.3.0-SNAPSHOT/hdds-container-service-1.3.0-SNAPSHOT.jar!/webapps/static,STOPPED}
2022-10-22 01:06:17,723 [Listener at 127.0.0.1/34145] INFO  handler.ContextHandler (ContextHandler.java:doStop(1153)) - Stopped o.e.j.s.ServletContextHandler@446544fb{logs,/logs,file:///home/runner/work/ozone/ozone/hadoop-ozone/integration-test/target/log,STOPPED}
2022-10-22 01:06:18,490 [EventQueue-StaleNodeForStaleNodeHandler] INFO  node.StaleNodeHandler (StaleNodeHandler.java:onMessage(59)) - Datanode 9705cc67-48fc-46f6-b325-a713191a975c{ip: 10.1.0.62, host: fv-az334-928.zg0gw54pbdoexfhqlmz30d51na.gx.internal.cloudapp.net, ports: [REPLICATION=33357, RATIS=35497, RATIS_ADMIN=35497, RATIS_SERVER=35497, STANDALONE=45673], networkLocation: /default-rack, certSerialId: null, persistedOpState: IN_SERVICE, persistedOpStateExpiryEpochSec: 0} moved to stale state. Finalizing its pipelines [PipelineID=55d45bd3-816d-4763-9721-2523c6b62b1d, PipelineID=9785cce1-d2ba-45de-8ea8-028e8aac4aa9, PipelineID=8a15013d-bb32-4cdf-804b-7cac11e68dad, PipelineID=23a08cf2-390d-4e3d-84f4-2a0fba0e4ac9]
2022-10-22 01:06:18,491 [EventQueue-StaleNodeForStaleNodeHandler] INFO  pipeline.PipelineManagerImpl (PipelineManagerImpl.java:closePipeline(442)) - Pipeline Pipeline[ Id: 55d45bd3-816d-4763-9721-2523c6b62b1d, Nodes: 9705cc67-48fc-46f6-b325-a713191a975c{ip: 10.1.0.62, host: fv-az334-928.zg0gw54pbdoexfhqlmz30d51na.gx.internal.cloudapp.net, ports: [REPLICATION=33357, RATIS=35497, RATIS_ADMIN=35497, RATIS_SERVER=35497, STANDALONE=45673], networkLocation: /default-rack, certSerialId: null, persistedOpState: IN_SERVICE, persistedOpStateExpiryEpochSec: 0}, ReplicationConfig: RATIS/ONE, State:OPEN, leaderId:9705cc67-48fc-46f6-b325-a713191a975c, CreationTimestamp2022-10-22T01:06:05.708Z[Etc/UTC]] moved to CLOSED state
2022-10-22 01:06:18,492 [EventQueue-StaleNodeForStaleNodeHandler] INFO  pipeline.PipelineManagerImpl (PipelineManagerImpl.java:closePipeline(442)) - Pipeline Pipeline[ Id: 9785cce1-d2ba-45de-8ea8-028e8aac4aa9, Nodes: 2e87c3a1-a023-462f-882b-ea1ca04c8a98{ip: 10.1.0.62, host: fv-az334-928.zg0gw54pbdoexfhqlmz30d51na.gx.internal.cloudapp.net, ports: [REPLICATION=42711, RATIS=33759, RATIS_ADMIN=33759, RATIS_SERVER=33759, STANDALONE=44761], networkLocation: /default-rack, certSerialId: null, persistedOpState: IN_SERVICE, persistedOpStateExpiryEpochSec: 0}9705cc67-48fc-46f6-b325-a713191a975c{ip: 10.1.0.62, host: fv-az334-928.zg0gw54pbdoexfhqlmz30d51na.gx.internal.cloudapp.net, ports: [REPLICATION=33357, RATIS=35497, RATIS_ADMIN=35497, RATIS_SERVER=35497, STANDALONE=45673], networkLocation: /default-rack, certSerialId: null, persistedOpState: IN_SERVICE, persistedOpStateExpiryEpochSec: 0}d1d68c68-fcd1-40a2-8bd4-08293fe543e0{ip: 10.1.0.62, host: fv-az334-928.zg0gw54pbdoexfhqlmz30d51na.gx.internal.cloudapp.net, ports: [REPLICATION=45669, RATIS=34369, RATIS_ADMIN=34369, RATIS_SERVER=34369, STANDALONE=44553], networkLocation: /default-rack, certSerialId: null, persistedOpState: IN_SERVICE, persistedOpStateExpiryEpochSec: 0}, ReplicationConfig: RATIS/THREE, State:ALLOCATED, leaderId:, CreationTimestamp2022-10-22T01:06:06.088Z[Etc/UTC]] moved to CLOSED state
2022-10-22 01:06:18,494 [EventQueue-StaleNodeForStaleNodeHandler] INFO  pipeline.PipelineManagerImpl (PipelineManagerImpl.java:closePipeline(442)) - Pipeline Pipeline[ Id: 8a15013d-bb32-4cdf-804b-7cac11e68dad, Nodes: 2e87c3a1-a023-462f-882b-ea1ca04c8a98{ip: 10.1.0.62, host: fv-az334-928.zg0gw54pbdoexfhqlmz30d51na.gx.internal.cloudapp.net, ports: [REPLICATION=42711, RATIS=33759, RATIS_ADMIN=33759, RATIS_SERVER=33759, STANDALONE=44761], networkLocation: /default-rack, certSerialId: null, persistedOpState: IN_SERVICE, persistedOpStateExpiryEpochSec: 0}9705cc67-48fc-46f6-b325-a713191a975c{ip: 10.1.0.62, host: fv-az334-928.zg0gw54pbdoexfhqlmz30d51na.gx.internal.cloudapp.net, ports: [REPLICATION=33357, RATIS=35497, RATIS_ADMIN=35497, RATIS_SERVER=35497, STANDALONE=45673], networkLocation: /default-rack, certSerialId: null, persistedOpState: IN_SERVICE, persistedOpStateExpiryEpochSec: 0}d1d68c68-fcd1-40a2-8bd4-08293fe543e0{ip: 10.1.0.62, host: fv-az334-928.zg0gw54pbdoexfhqlmz30d51na.gx.internal.cloudapp.net, ports: [REPLICATION=45669, RATIS=34369, RATIS_ADMIN=34369, RATIS_SERVER=34369, STANDALONE=44553], networkLocation: /default-rack, certSerialId: null, persistedOpState: IN_SERVICE, persistedOpStateExpiryEpochSec: 0}, ReplicationConfig: RATIS/THREE, State:OPEN, leaderId:d1d68c68-fcd1-40a2-8bd4-08293fe543e0, CreationTimestamp2022-10-22T01:06:06.086Z[Etc/UTC]] moved to CLOSED state
2022-10-22 01:06:18,497 [EventQueue-StaleNodeForStaleNodeHandler] INFO  pipeline.PipelineManagerImpl (PipelineManagerImpl.java:closeContainersForPipeline(421)) - Container #1 closed for pipeline=PipelineID=23a08cf2-390d-4e3d-84f4-2a0fba0e4ac9
2022-10-22 01:06:18,497 [EventQueue-StaleNodeForStaleNodeHandler] INFO  pipeline.PipelineManagerImpl (PipelineManagerImpl.java:closePipeline(442)) - Pipeline Pipeline[ Id: 23a08cf2-390d-4e3d-84f4-2a0fba0e4ac9, Nodes: 9705cc67-48fc-46f6-b325-a713191a975c{ip: 10.1.0.62, host: fv-az334-928.zg0gw54pbdoexfhqlmz30d51na.gx.internal.cloudapp.net, ports: [REPLICATION=33357, RATIS=35497, RATIS_ADMIN=35497, RATIS_SERVER=35497, STANDALONE=45673], networkLocation: /default-rack, certSerialId: null, persistedOpState: null, persistedOpStateExpiryEpochSec: 0}63ee6728-2597-4353-a315-509fdfe6db5e{ip: 10.1.0.62, host: fv-az334-928.zg0gw54pbdoexfhqlmz30d51na.gx.internal.cloudapp.net, ports: [REPLICATION=42825, RATIS=42903, RATIS_ADMIN=42903, RATIS_SERVER=42903, STANDALONE=33359], networkLocation: /default-rack, certSerialId: null, persistedOpState: null, persistedOpStateExpiryEpochSec: 0}2e87c3a1-a023-462f-882b-ea1ca04c8a98{ip: 10.1.0.62, host: fv-az334-928.zg0gw54pbdoexfhqlmz30d51na.gx.internal.cloudapp.net, ports: [REPLICATION=42711, RATIS=33759, RATIS_ADMIN=33759, RATIS_SERVER=33759, STANDALONE=44761], networkLocation: /default-rack, certSerialId: null, persistedOpState: null, persistedOpStateExpiryEpochSec: 0}075aeae4-9dac-4c28-be7c-8f8b2eb5b04f{ip: 10.1.0.62, host: fv-az334-928.zg0gw54pbdoexfhqlmz30d51na.gx.internal.cloudapp.net, ports: [REPLICATION=42861, RATIS=36955, RATIS_ADMIN=36955, RATIS_SERVER=36955, STANDALONE=37983], networkLocation: /default-rack, certSerialId: null, persistedOpState: null, persistedOpStateExpiryEpochSec: 0}9befe131-ee01-45a3-b6b9-b3ceb7636d7b{ip: 10.1.0.62, host: fv-az334-928.zg0gw54pbdoexfhqlmz30d51na.gx.internal.cloudapp.net, ports: [REPLICATION=35173, RATIS=36783, RATIS_ADMIN=36783, RATIS_SERVER=36783, STANDALONE=45701], networkLocation: /default-rack, certSerialId: null, persistedOpState: null, persistedOpStateExpiryEpochSec: 0}, ReplicationConfig: EC/ECReplicationConfig{data=3, parity=2, ecChunkSize=1024, codec=rs}, State:OPEN, leaderId:, CreationTimestamp2022-10-22T01:06:14.960Z[Etc/UTC]] moved to CLOSED state
2022-10-22 01:06:18,497 [EventQueue-CloseContainerForCloseContainerEventHandler] INFO  container.CloseContainerEventHandler (CloseContainerEventHandler.java:onMessage(71)) - Close container Event triggered for container : #1
2022-10-22 01:06:18,628 [grpc-default-executor-3] WARN  server.GrpcLogAppender (LogUtils.java:warn(122)) - d1d68c68-fcd1-40a2-8bd4-08293fe543e0@group-7CAC11E68DAD->9705cc67-48fc-46f6-b325-a713191a975c-AppendLogResponseHandler: Failed appendEntries: org.apache.ratis.thirdparty.io.grpc.StatusRuntimeException: UNAVAILABLE: io exception
2022-10-22 01:06:18,629 [grpc-default-executor-0] WARN  server.GrpcLogAppender (LogUtils.java:warn(122)) - d1d68c68-fcd1-40a2-8bd4-08293fe543e0@group-7CAC11E68DAD->9705cc67-48fc-46f6-b325-a713191a975c-AppendLogResponseHandler: Failed appendEntries: org.apache.ratis.thirdparty.io.grpc.StatusRuntimeException: UNAVAILABLE: io exception
2022-10-22 01:06:18,629 [grpc-default-executor-3] WARN  server.GrpcLogAppender (GrpcLogAppender.java:resetClient(131)) - d1d68c68-fcd1-40a2-8bd4-08293fe543e0@group-7CAC11E68DAD->9705cc67-48fc-46f6-b325-a713191a975c-GrpcLogAppender: Leader has not got in touch with Follower d1d68c68-fcd1-40a2-8bd4-08293fe543e0@group-7CAC11E68DAD->9705cc67-48fc-46f6-b325-a713191a975c(c0,m0,n1, attendVote=true, lastRpcSendTime=0, lastRpcResponseTime=5007) yet, just keep nextIndex unchanged and retry.
2022-10-22 01:06:18,630 [grpc-default-executor-0] WARN  server.GrpcLogAppender (GrpcLogAppender.java:resetClient(131)) - d1d68c68-fcd1-40a2-8bd4-08293fe543e0@group-7CAC11E68DAD->9705cc67-48fc-46f6-b325-a713191a975c-GrpcLogAppender: Leader has not got in touch with Follower d1d68c68-fcd1-40a2-8bd4-08293fe543e0@group-7CAC11E68DAD->9705cc67-48fc-46f6-b325-a713191a975c(c0,m0,n1, attendVote=true, lastRpcSendTime=1, lastRpcResponseTime=5008) yet, just keep nextIndex unchanged and retry.
2022-10-22 01:06:19,235 [2e87c3a1-a023-462f-882b-ea1ca04c8a98@group-028E8AAC4AA9-FollowerState] INFO  impl.FollowerState (FollowerState.java:run(143)) - 2e87c3a1-a023-462f-882b-ea1ca04c8a98@group-028E8AAC4AA9-FollowerState: change to CANDIDATE, lastRpcElapsedTime:5050656437ns, electionTimeout:5046ms
2022-10-22 01:06:19,236 [2e87c3a1-a023-462f-882b-ea1ca04c8a98@group-028E8AAC4AA9-FollowerState] INFO  impl.RoleInfo (RoleInfo.java:shutdownFollowerState(110)) - 2e87c3a1-a023-462f-882b-ea1ca04c8a98: shutdown 2e87c3a1-a023-462f-882b-ea1ca04c8a98@group-028E8AAC4AA9-FollowerState
2022-10-22 01:06:19,236 [2e87c3a1-a023-462f-882b-ea1ca04c8a98@group-028E8AAC4AA9-FollowerState] INFO  server.RaftServer$Division (RaftServerImpl.java:setRole(321)) - 2e87c3a1-a023-462f-882b-ea1ca04c8a98@group-028E8AAC4AA9: changes role from  FOLLOWER to CANDIDATE at term 1 for changeToCandidate
2022-10-22 01:06:19,236 [2e87c3a1-a023-462f-882b-ea1ca04c8a98@group-028E8AAC4AA9-FollowerState] INFO  server.RaftServerConfigKeys (ConfUtils.java:logGet(46)) - raft.server.leaderelection.pre-vote = false (custom)
2022-10-22 01:06:19,236 [2e87c3a1-a023-462f-882b-ea1ca04c8a98@group-028E8AAC4AA9-FollowerState] INFO  impl.RoleInfo (RoleInfo.java:updateAndGet(139)) - 2e87c3a1-a023-462f-882b-ea1ca04c8a98: start 2e87c3a1-a023-462f-882b-ea1ca04c8a98@group-028E8AAC4AA9-LeaderElection23
2022-10-22 01:06:19,237 [2e87c3a1-a023-462f-882b-ea1ca04c8a98@group-028E8AAC4AA9-LeaderElection23] INFO  impl.LeaderElection (LeaderElection.java:askForVotes(312)) - 2e87c3a1-a023-462f-882b-ea1ca04c8a98@group-028E8AAC4AA9-LeaderElection23 ELECTION round 0: submit vote requests at term 2 for -1: peers:[2e87c3a1-a023-462f-882b-ea1ca04c8a98|rpc:10.1.0.62:33759|dataStream:|priority:0|startupRole:FOLLOWER, 9705cc67-48fc-46f6-b325-a713191a975c|rpc:10.1.0.62:35497|dataStream:|priority:1|startupRole:FOLLOWER, d1d68c68-fcd1-40a2-8bd4-08293fe543e0|rpc:10.1.0.62:34369|dataStream:|priority:0|startupRole:FOLLOWER]|listeners:[], old=null
2022-10-22 01:06:19,240 [2e87c3a1-a023-462f-882b-ea1ca04c8a98@group-028E8AAC4AA9-LeaderElection23] INFO  server.RaftServerConfigKeys (ConfUtils.java:logFallback(53)) - raft.server.rpc.first-election.timeout.min = 5s (fallback to raft.server.rpc.timeout.min)
2022-10-22 01:06:19,240 [2e87c3a1-a023-462f-882b-ea1ca04c8a98@group-028E8AAC4AA9-LeaderElection23] INFO  server.RaftServerConfigKeys (ConfUtils.java:logFallback(53)) - raft.server.rpc.first-election.timeout.max = 5200ms (fallback to raft.server.rpc.timeout.max)
2022-10-22 01:06:19,243 [2e87c3a1-a023-462f-882b-ea1ca04c8a98@group-028E8AAC4AA9-LeaderElection23] INFO  impl.LeaderElection (LogUtils.java:infoOrTrace(137)) - 2e87c3a1-a023-462f-882b-ea1ca04c8a98@group-028E8AAC4AA9-LeaderElection23 got exception when requesting votes: java.util.concurrent.ExecutionException: org.apache.ratis.thirdparty.io.grpc.StatusRuntimeException: UNAVAILABLE: io exception
2022-10-22 01:06:19,245 [grpc-default-executor-0] INFO  server.RaftServer$Division (RaftServerImpl.java:requestVote(1218)) - d1d68c68-fcd1-40a2-8bd4-08293fe543e0@group-028E8AAC4AA9: receive requestVote(ELECTION, 2e87c3a1-a023-462f-882b-ea1ca04c8a98, group-028E8AAC4AA9, 2, (t:0, i:0))
2022-10-22 01:06:19,245 [grpc-default-executor-0] INFO  impl.VoteContext (VoteContext.java:log(48)) - d1d68c68-fcd1-40a2-8bd4-08293fe543e0@group-028E8AAC4AA9-FOLLOWER: accept ELECTION from 2e87c3a1-a023-462f-882b-ea1ca04c8a98: our priority 0 <= candidate's priority 0
2022-10-22 01:06:19,245 [grpc-default-executor-0] INFO  server.RaftServer$Division (RaftServerImpl.java:setRole(321)) - d1d68c68-fcd1-40a2-8bd4-08293fe543e0@group-028E8AAC4AA9: changes role from  FOLLOWER to FOLLOWER at term 2 for candidate:2e87c3a1-a023-462f-882b-ea1ca04c8a98
2022-10-22 01:06:19,245 [grpc-default-executor-0] INFO  impl.RoleInfo (RoleInfo.java:shutdownFollowerState(110)) - d1d68c68-fcd1-40a2-8bd4-08293fe543e0: shutdown d1d68c68-fcd1-40a2-8bd4-08293fe543e0@group-028E8AAC4AA9-FollowerState
2022-10-22 01:06:19,245 [grpc-default-executor-0] INFO  impl.RoleInfo (RoleInfo.java:updateAndGet(139)) - d1d68c68-fcd1-40a2-8bd4-08293fe543e0: start d1d68c68-fcd1-40a2-8bd4-08293fe543e0@group-028E8AAC4AA9-FollowerState
2022-10-22 01:06:19,245 [d1d68c68-fcd1-40a2-8bd4-08293fe543e0@group-028E8AAC4AA9-FollowerState] INFO  server.RaftServerConfigKeys (ConfUtils.java:logFallback(53)) - raft.server.rpc.first-election.timeout.min = 5s (fallback to raft.server.rpc.timeout.min)
2022-10-22 01:06:19,245 [d1d68c68-fcd1-40a2-8bd4-08293fe543e0@group-028E8AAC4AA9-FollowerState] INFO  server.RaftServerConfigKeys (ConfUtils.java:logFallback(53)) - raft.server.rpc.first-election.timeout.max = 5200ms (fallback to raft.server.rpc.timeout.max)
2022-10-22 01:06:19,246 [d1d68c68-fcd1-40a2-8bd4-08293fe543e0@group-028E8AAC4AA9-FollowerState] INFO  impl.FollowerState (FollowerState.java:run(152)) - d1d68c68-fcd1-40a2-8bd4-08293fe543e0@group-028E8AAC4AA9-FollowerState was interrupted
2022-10-22 01:06:19,246 [grpc-default-executor-0] INFO  server.RaftServer$Division (RaftServerImpl.java:requestVote(1251)) - d1d68c68-fcd1-40a2-8bd4-08293fe543e0@group-028E8AAC4AA9 replies to ELECTION vote request: 2e87c3a1-a023-462f-882b-ea1ca04c8a98<-d1d68c68-fcd1-40a2-8bd4-08293fe543e0#0:OK-t2. Peer's state: d1d68c68-fcd1-40a2-8bd4-08293fe543e0@group-028E8AAC4AA9:t2, leader=null, voted=2e87c3a1-a023-462f-882b-ea1ca04c8a98, raftlog=Memoized:d1d68c68-fcd1-40a2-8bd4-08293fe543e0@group-028E8AAC4AA9-SegmentedRaftLog:OPENED:c-1, conf=-1: peers:[2e87c3a1-a023-462f-882b-ea1ca04c8a98|rpc:10.1.0.62:33759|priority:0|startupRole:FOLLOWER, 9705cc67-48fc-46f6-b325-a713191a975c|rpc:10.1.0.62:35497|priority:1|startupRole:FOLLOWER, d1d68c68-fcd1-40a2-8bd4-08293fe543e0|rpc:10.1.0.62:34369|priority:0|startupRole:FOLLOWER]|listeners:[], old=null
2022-10-22 01:06:19,247 [2e87c3a1-a023-462f-882b-ea1ca04c8a98@group-028E8AAC4AA9-LeaderElection23] INFO  impl.LeaderElection (LeaderElection.java:logAndReturn(90)) - 2e87c3a1-a023-462f-882b-ea1ca04c8a98@group-028E8AAC4AA9-LeaderElection23: ELECTION PASSED received 1 response(s) and 1 exception(s):
2022-10-22 01:06:19,247 [2e87c3a1-a023-462f-882b-ea1ca04c8a98@group-028E8AAC4AA9-LeaderElection23] INFO  impl.LeaderElection (LeaderElection.java:logAndReturn(94)) -   Response 0: 2e87c3a1-a023-462f-882b-ea1ca04c8a98<-d1d68c68-fcd1-40a2-8bd4-08293fe543e0#0:OK-t2
2022-10-22 01:06:19,248 [2e87c3a1-a023-462f-882b-ea1ca04c8a98@group-028E8AAC4AA9-LeaderElection23] INFO  impl.LeaderElection (LogUtils.java:infoOrTrace(137)) -   Exception 1: java.util.concurrent.ExecutionException: org.apache.ratis.thirdparty.io.grpc.StatusRuntimeException: UNAVAILABLE: io exception
2022-10-22 01:06:19,248 [2e87c3a1-a023-462f-882b-ea1ca04c8a98@group-028E8AAC4AA9-LeaderElection23] INFO  impl.LeaderElection (LeaderElection.java:askForVotes(314)) - 2e87c3a1-a023-462f-882b-ea1ca04c8a98@group-028E8AAC4AA9-LeaderElection23 ELECTION round 0: result PASSED
2022-10-22 01:06:19,248 [2e87c3a1-a023-462f-882b-ea1ca04c8a98@group-028E8AAC4AA9-LeaderElection23] INFO  impl.RoleInfo (RoleInfo.java:shutdownLeaderElection(130)) - 2e87c3a1-a023-462f-882b-ea1ca04c8a98: shutdown 2e87c3a1-a023-462f-882b-ea1ca04c8a98@group-028E8AAC4AA9-LeaderElection23
2022-10-22 01:06:19,248 [2e87c3a1-a023-462f-882b-ea1ca04c8a98@group-028E8AAC4AA9-LeaderElection23] INFO  server.RaftServer$Division (RaftServerImpl.java:setRole(321)) - 2e87c3a1-a023-462f-882b-ea1ca04c8a98@group-028E8AAC4AA9: changes role from CANDIDATE to LEADER at term 2 for changeToLeader
2022-10-22 01:06:19,248 [2e87c3a1-a023-462f-882b-ea1ca04c8a98@group-028E8AAC4AA9-LeaderElection23] INFO  ratis.XceiverServerRatis (XceiverServerRatis.java:handleLeaderChangedNotification(863)) - Leader change notification received for group: group-028E8AAC4AA9 with new leaderId: 2e87c3a1-a023-462f-882b-ea1ca04c8a98
2022-10-22 01:06:19,248 [2e87c3a1-a023-462f-882b-ea1ca04c8a98@group-028E8AAC4AA9-LeaderElection23] INFO  server.RaftServer$Division (ServerState.java:setLeader(313)) - 2e87c3a1-a023-462f-882b-ea1ca04c8a98@group-028E8AAC4AA9: change Leader from null to 2e87c3a1-a023-462f-882b-ea1ca04c8a98 at term 2 for becomeLeader, leader elected after 10169ms
2022-10-22 01:06:19,248 [2e87c3a1-a023-462f-882b-ea1ca04c8a98@group-028E8AAC4AA9-LeaderElection23] INFO  server.RaftServerConfigKeys (ConfUtils.java:logGet(46)) - raft.server.staging.catchup.gap = 1000 (default)
2022-10-22 01:06:19,248 [2e87c3a1-a023-462f-882b-ea1ca04c8a98@group-028E8AAC4AA9-LeaderElection23] INFO  server.RaftServerConfigKeys (ConfUtils.java:logGet(46)) - raft.server.write.element-limit = 1024 (custom)
2022-10-22 01:06:19,248 [2e87c3a1-a023-462f-882b-ea1ca04c8a98@group-028E8AAC4AA9-LeaderElection23] INFO  server.RaftServerConfigKeys (ConfUtils.java:logGet(46)) - raft.server.write.byte-limit = 1024 M (=1073741824) (custom)
2022-10-22 01:06:19,248 [2e87c3a1-a023-462f-882b-ea1ca04c8a98@group-028E8AAC4AA9-LeaderElection23] INFO  server.RaftServerConfigKeys (ConfUtils.java:logGet(46)) - raft.server.watch.timeout = 180s (custom)
2022-10-22 01:06:19,248 [2e87c3a1-a023-462f-882b-ea1ca04c8a98@group-028E8AAC4AA9-LeaderElection23] INFO  server.RaftServerConfigKeys (ConfUtils.java:logGet(46)) - raft.server.watch.timeout.denomination = 1s (default)
2022-10-22 01:06:19,248 [2e87c3a1-a023-462f-882b-ea1ca04c8a98@group-028E8AAC4AA9-LeaderElection23] INFO  server.RaftServerConfigKeys (ConfUtils.java:logGet(46)) - raft.server.watch.element-limit = 65536 (default)
2022-10-22 01:06:19,249 [2e87c3a1-a023-462f-882b-ea1ca04c8a98@group-028E8AAC4AA9-LeaderElection23] INFO  server.RaftServerConfigKeys (ConfUtils.java:logGet(46)) - raft.server.write.element-limit = 1024 (custom)
2022-10-22 01:06:19,249 [2e87c3a1-a023-462f-882b-ea1ca04c8a98@group-028E8AAC4AA9-LeaderElection23] INFO  server.RaftServerConfigKeys (ConfUtils.java:logGet(46)) - raft.server.write.follower.gap.ratio.max = -1.0 (default)
2022-10-22 01:06:19,249 [2e87c3a1-a023-462f-882b-ea1ca04c8a98@group-028E8AAC4AA9-LeaderElection23] INFO  server.RaftServerConfigKeys (ConfUtils.java:logGet(46)) - raft.server.log.appender.snapshot.chunk.size.max = 16MB (=16777216) (default)
2022-10-22 01:06:19,249 [2e87c3a1-a023-462f-882b-ea1ca04c8a98@group-028E8AAC4AA9-LeaderElection23] INFO  server.RaftServerConfigKeys (ConfUtils.java:logGet(46)) - raft.server.log.appender.buffer.byte-limit = 33554432 (custom)
2022-10-22 01:06:19,249 [2e87c3a1-a023-462f-882b-ea1ca04c8a98@group-028E8AAC4AA9-LeaderElection23] INFO  server.RaftServerConfigKeys (ConfUtils.java:logGet(46)) - raft.server.log.appender.buffer.element-limit = 1 (custom)
2022-10-22 01:06:19,249 [2e87c3a1-a023-462f-882b-ea1ca04c8a98@group-028E8AAC4AA9-LeaderElection23] INFO  grpc.GrpcConfigKeys (ConfUtils.java:logGet(46)) - raft.grpc.server.leader.outstanding.appends.max = 128 (default)
2022-10-22 01:06:19,249 [2e87c3a1-a023-462f-882b-ea1ca04c8a98@group-028E8AAC4AA9-LeaderElection23] INFO  server.RaftServerConfigKeys (ConfUtils.java:logGet(46)) - raft.server.rpc.request.timeout = 60s (custom)
2022-10-22 01:06:19,249 [2e87c3a1-a023-462f-882b-ea1ca04c8a98@group-028E8AAC4AA9-LeaderElection23] INFO  server.RaftServerConfigKeys (ConfUtils.java:logGet(46)) - raft.server.log.appender.install.snapshot.enabled = false (custom)
2022-10-22 01:06:19,249 [2e87c3a1-a023-462f-882b-ea1ca04c8a98@group-028E8AAC4AA9-LeaderElection23] INFO  grpc.GrpcConfigKeys (ConfUtils.java:logGet(46)) - raft.grpc.server.heartbeat.channel = true (default)
2022-10-22 01:06:19,249 [2e87c3a1-a023-462f-882b-ea1ca04c8a98@group-028E8AAC4AA9-LeaderElection23] INFO  server.RaftServerConfigKeys (ConfUtils.java:logGet(46)) - raft.server.log.appender.wait-time.min = 10ms (default)
2022-10-22 01:06:19,250 [2e87c3a1-a023-462f-882b-ea1ca04c8a98@group-028E8AAC4AA9-LeaderElection23] INFO  server.RaftServerConfigKeys (ConfUtils.java:logGet(46)) - raft.server.log.appender.snapshot.chunk.size.max = 16MB (=16777216) (default)
2022-10-22 01:06:19,250 [2e87c3a1-a023-462f-882b-ea1ca04c8a98@group-028E8AAC4AA9-LeaderElection23] INFO  server.RaftServerConfigKeys (ConfUtils.java:logGet(46)) - raft.server.log.appender.buffer.byte-limit = 33554432 (custom)
2022-10-22 01:06:19,250 [2e87c3a1-a023-462f-882b-ea1ca04c8a98@group-028E8AAC4AA9-LeaderElection23] INFO  server.RaftServerConfigKeys (ConfUtils.java:logGet(46)) - raft.server.log.appender.buffer.element-limit = 1 (custom)
2022-10-22 01:06:19,250 [2e87c3a1-a023-462f-882b-ea1ca04c8a98@group-028E8AAC4AA9-LeaderElection23] INFO  grpc.GrpcConfigKeys (ConfUtils.java:logGet(46)) - raft.grpc.server.leader.outstanding.appends.max = 128 (default)
2022-10-22 01:06:19,250 [2e87c3a1-a023-462f-882b-ea1ca04c8a98@group-028E8AAC4AA9-LeaderElection23] INFO  server.RaftServerConfigKeys (ConfUtils.java:logGet(46)) - raft.server.rpc.request.timeout = 60s (custom)
2022-10-22 01:06:19,250 [2e87c3a1-a023-462f-882b-ea1ca04c8a98@group-028E8AAC4AA9-LeaderElection23] INFO  server.RaftServerConfigKeys (ConfUtils.java:logGet(46)) - raft.server.log.appender.install.snapshot.enabled = false (custom)
2022-10-22 01:06:19,250 [2e87c3a1-a023-462f-882b-ea1ca04c8a98@group-028E8AAC4AA9-LeaderElection23] INFO  grpc.GrpcConfigKeys (ConfUtils.java:logGet(46)) - raft.grpc.server.heartbeat.channel = true (default)
2022-10-22 01:06:19,250 [2e87c3a1-a023-462f-882b-ea1ca04c8a98@group-028E8AAC4AA9-LeaderElection23] INFO  server.RaftServerConfigKeys (ConfUtils.java:logGet(46)) - raft.server.log.appender.wait-time.min = 10ms (default)
2022-10-22 01:06:19,250 [2e87c3a1-a023-462f-882b-ea1ca04c8a98@group-028E8AAC4AA9-LeaderElection23] INFO  impl.RoleInfo (RoleInfo.java:updateAndGet(139)) - 2e87c3a1-a023-462f-882b-ea1ca04c8a98: start 2e87c3a1-a023-462f-882b-ea1ca04c8a98@group-028E8AAC4AA9-LeaderStateImpl
2022-10-22 01:06:19,254 [2e87c3a1-a023-462f-882b-ea1ca04c8a98@group-028E8AAC4AA9-LeaderElection23] INFO  segmented.SegmentedRaftLogWorker (SegmentedRaftLogWorker.java:startLogSegment(452)) - 2e87c3a1-a023-462f-882b-ea1ca04c8a98@group-028E8AAC4AA9-SegmentedRaftLogWorker: Starting segment from index:0
2022-10-22 01:06:19,267 [grpc-default-executor-0] WARN  server.GrpcLogAppender (LogUtils.java:warn(122)) - 2e87c3a1-a023-462f-882b-ea1ca04c8a98@group-028E8AAC4AA9->9705cc67-48fc-46f6-b325-a713191a975c-AppendLogResponseHandler: Failed appendEntries: org.apache.ratis.thirdparty.io.grpc.StatusRuntimeException: UNAVAILABLE: io exception
2022-10-22 01:06:19,267 [2e87c3a1-a023-462f-882b-ea1ca04c8a98@group-028E8AAC4AA9-SegmentedRaftLogWorker] INFO  segmented.SegmentedRaftLogWorker (SegmentedRaftLogWorker.java:execute(656)) - 2e87c3a1-a023-462f-882b-ea1ca04c8a98@group-028E8AAC4AA9-SegmentedRaftLogWorker: created new log segment /home/runner/work/ozone/ozone/hadoop-ozone/integration-test/target/test-dir/MiniOzoneClusterImpl-a988f88d-4efe-430b-bf3c-a1e83706c790/datanode-2/data/ratis/9785cce1-d2ba-45de-8ea8-028e8aac4aa9/current/log_inprogress_0
2022-10-22 01:06:19,273 [grpc-default-executor-0] WARN  server.GrpcLogAppender (GrpcLogAppender.java:resetClient(131)) - 2e87c3a1-a023-462f-882b-ea1ca04c8a98@group-028E8AAC4AA9->9705cc67-48fc-46f6-b325-a713191a975c-GrpcLogAppender: Leader has not got in touch with Follower 2e87c3a1-a023-462f-882b-ea1ca04c8a98@group-028E8AAC4AA9->9705cc67-48fc-46f6-b325-a713191a975c(c-1,m0,n0, attendVote=true, lastRpcSendTime=5, lastRpcResponseTime=5223) yet, just keep nextIndex unchanged and retry.
2022-10-22 01:06:19,275 [grpc-default-executor-2] WARN  server.GrpcLogAppender (LogUtils.java:warn(122)) - 2e87c3a1-a023-462f-882b-ea1ca04c8a98@group-028E8AAC4AA9->9705cc67-48fc-46f6-b325-a713191a975c-AppendLogResponseHandler: Failed appendEntries: org.apache.ratis.thirdparty.io.grpc.StatusRuntimeException: UNAVAILABLE: io exception
2022-10-22 01:06:19,273 [2e87c3a1-a023-462f-882b-ea1ca04c8a98@group-028E8AAC4AA9-LeaderElection23] INFO  server.RaftServer$Division (ServerState.java:setRaftConf(430)) - 2e87c3a1-a023-462f-882b-ea1ca04c8a98@group-028E8AAC4AA9: set configuration 0: peers:[2e87c3a1-a023-462f-882b-ea1ca04c8a98|rpc:10.1.0.62:33759|dataStream:|priority:0|startupRole:FOLLOWER, 9705cc67-48fc-46f6-b325-a713191a975c|rpc:10.1.0.62:35497|dataStream:|priority:1|startupRole:FOLLOWER, d1d68c68-fcd1-40a2-8bd4-08293fe543e0|rpc:10.1.0.62:34369|dataStream:|priority:0|startupRole:FOLLOWER]|listeners:[], old=null
2022-10-22 01:06:19,276 [grpc-default-executor-2] WARN  server.GrpcLogAppender (GrpcLogAppender.java:resetClient(131)) - 2e87c3a1-a023-462f-882b-ea1ca04c8a98@group-028E8AAC4AA9->9705cc67-48fc-46f6-b325-a713191a975c-GrpcLogAppender: Leader has not got in touch with Follower 2e87c3a1-a023-462f-882b-ea1ca04c8a98@group-028E8AAC4AA9->9705cc67-48fc-46f6-b325-a713191a975c(c-1,m0,n0, attendVote=true, lastRpcSendTime=8, lastRpcResponseTime=5227) yet, just keep nextIndex unchanged and retry.
2022-10-22 01:06:19,277 [grpc-default-executor-0] WARN  server.GrpcLogAppender (LogUtils.java:warn(122)) - 2e87c3a1-a023-462f-882b-ea1ca04c8a98@group-028E8AAC4AA9->9705cc67-48fc-46f6-b325-a713191a975c-AppendLogResponseHandler: Failed appendEntries: org.apache.ratis.thirdparty.io.grpc.StatusRuntimeException: UNAVAILABLE: io exception
2022-10-22 01:06:19,277 [grpc-default-executor-0] WARN  server.GrpcLogAppender (GrpcLogAppender.java:resetClient(131)) - 2e87c3a1-a023-462f-882b-ea1ca04c8a98@group-028E8AAC4AA9->9705cc67-48fc-46f6-b325-a713191a975c-GrpcLogAppender: Leader has not got in touch with Follower 2e87c3a1-a023-462f-882b-ea1ca04c8a98@group-028E8AAC4AA9->9705cc67-48fc-46f6-b325-a713191a975c(c-1,m0,n1, attendVote=true, lastRpcSendTime=0, lastRpcResponseTime=5228) yet, just keep nextIndex unchanged and retry.
2022-10-22 01:06:19,288 [grpc-default-executor-0] WARN  server.GrpcLogAppender (LogUtils.java:warn(122)) - 2e87c3a1-a023-462f-882b-ea1ca04c8a98@group-028E8AAC4AA9->9705cc67-48fc-46f6-b325-a713191a975c-AppendLogResponseHandler: Failed appendEntries: org.apache.ratis.thirdparty.io.grpc.StatusRuntimeException: UNAVAILABLE: io exception
2022-10-22 01:06:19,289 [grpc-default-executor-0] WARN  server.GrpcLogAppender (GrpcLogAppender.java:resetClient(131)) - 2e87c3a1-a023-462f-882b-ea1ca04c8a98@group-028E8AAC4AA9->9705cc67-48fc-46f6-b325-a713191a975c-GrpcLogAppender: Leader has not got in touch with Follower 2e87c3a1-a023-462f-882b-ea1ca04c8a98@group-028E8AAC4AA9->9705cc67-48fc-46f6-b325-a713191a975c(c-1,m0,n1, attendVote=true, lastRpcSendTime=12, lastRpcResponseTime=5240) yet, just keep nextIndex unchanged and retry.
2022-10-22 01:06:19,301 [d1d68c68-fcd1-40a2-8bd4-08293fe543e0-server-thread1] INFO  ratis.XceiverServerRatis (XceiverServerRatis.java:handleLeaderChangedNotification(863)) - Leader change notification received for group: group-028E8AAC4AA9 with new leaderId: 2e87c3a1-a023-462f-882b-ea1ca04c8a98
2022-10-22 01:06:19,301 [d1d68c68-fcd1-40a2-8bd4-08293fe543e0-server-thread1] INFO  server.RaftServer$Division (ServerState.java:setLeader(313)) - d1d68c68-fcd1-40a2-8bd4-08293fe543e0@group-028E8AAC4AA9: change Leader from null to 2e87c3a1-a023-462f-882b-ea1ca04c8a98 at term 2 for appendEntries, leader elected after 10264ms
2022-10-22 01:06:19,301 [d1d68c68-fcd1-40a2-8bd4-08293fe543e0-server-thread1] INFO  server.RaftServer$Division (ServerState.java:setRaftConf(430)) - d1d68c68-fcd1-40a2-8bd4-08293fe543e0@group-028E8AAC4AA9: set configuration 0: peers:[2e87c3a1-a023-462f-882b-ea1ca04c8a98|rpc:10.1.0.62:33759|dataStream:|priority:0|startupRole:FOLLOWER, 9705cc67-48fc-46f6-b325-a713191a975c|rpc:10.1.0.62:35497|dataStream:|priority:1|startupRole:FOLLOWER, d1d68c68-fcd1-40a2-8bd4-08293fe543e0|rpc:10.1.0.62:34369|dataStream:|priority:0|startupRole:FOLLOWER]|listeners:[], old=null
2022-10-22 01:06:19,301 [d1d68c68-fcd1-40a2-8bd4-08293fe543e0-server-thread1] INFO  segmented.SegmentedRaftLogWorker (SegmentedRaftLogWorker.java:startLogSegment(452)) - d1d68c68-fcd1-40a2-8bd4-08293fe543e0@group-028E8AAC4AA9-SegmentedRaftLogWorker: Starting segment from index:0
2022-10-22 01:06:19,306 [d1d68c68-fcd1-40a2-8bd4-08293fe543e0@group-028E8AAC4AA9-SegmentedRaftLogWorker] INFO  segmented.SegmentedRaftLogWorker (SegmentedRaftLogWorker.java:execute(656)) - d1d68c68-fcd1-40a2-8bd4-08293fe543e0@group-028E8AAC4AA9-SegmentedRaftLogWorker: created new log segment /home/runner/work/ozone/ozone/hadoop-ozone/integration-test/target/test-dir/MiniOzoneClusterImpl-a988f88d-4efe-430b-bf3c-a1e83706c790/datanode-0/data/ratis/9785cce1-d2ba-45de-8ea8-028e8aac4aa9/current/log_inprogress_0
2022-10-22 01:06:19,705 [6e54690b-befe-42c2-a4b7-a861f73b2b3f@group-9278B7B813B0-FollowerState] INFO  impl.FollowerState (FollowerState.java:run(143)) - 6e54690b-befe-42c2-a4b7-a861f73b2b3f@group-9278B7B813B0-FollowerState: change to CANDIDATE, lastRpcElapsedTime:5101141665ns, electionTimeout:5098ms
2022-10-22 01:06:19,705 [6e54690b-befe-42c2-a4b7-a861f73b2b3f@group-9278B7B813B0-FollowerState] INFO  impl.RoleInfo (RoleInfo.java:shutdownFollowerState(110)) - 6e54690b-befe-42c2-a4b7-a861f73b2b3f: shutdown 6e54690b-befe-42c2-a4b7-a861f73b2b3f@group-9278B7B813B0-FollowerState
2022-10-22 01:06:19,705 [6e54690b-befe-42c2-a4b7-a861f73b2b3f@group-9278B7B813B0-FollowerState] INFO  server.RaftServer$Division (RaftServerImpl.java:setRole(321)) - 6e54690b-befe-42c2-a4b7-a861f73b2b3f@group-9278B7B813B0: changes role from  FOLLOWER to CANDIDATE at term 1 for changeToCandidate
2022-10-22 01:06:19,705 [6e54690b-befe-42c2-a4b7-a861f73b2b3f@group-9278B7B813B0-FollowerState] INFO  server.RaftServerConfigKeys (ConfUtils.java:logGet(46)) - raft.server.leaderelection.pre-vote = false (custom)
2022-10-22 01:06:19,706 [6e54690b-befe-42c2-a4b7-a861f73b2b3f@group-9278B7B813B0-FollowerState] INFO  impl.RoleInfo (RoleInfo.java:updateAndGet(139)) - 6e54690b-befe-42c2-a4b7-a861f73b2b3f: start 6e54690b-befe-42c2-a4b7-a861f73b2b3f@group-9278B7B813B0-LeaderElection24
2022-10-22 01:06:19,712 [6e54690b-befe-42c2-a4b7-a861f73b2b3f@group-9278B7B813B0-LeaderElection24] INFO  impl.LeaderElection (LeaderElection.java:askForVotes(312)) - 6e54690b-befe-42c2-a4b7-a861f73b2b3f@group-9278B7B813B0-LeaderElection24 ELECTION round 0: submit vote requests at term 2 for -1: peers:[63ee6728-2597-4353-a315-509fdfe6db5e|rpc:10.1.0.62:42903|priority:1|startupRole:FOLLOWER, 6e54690b-befe-42c2-a4b7-a861f73b2b3f|rpc:10.1.0.62:35347|priority:0|startupRole:FOLLOWER, e349f11f-4d2d-4584-922f-e3c208c9e657|rpc:10.1.0.62:34143|priority:0|startupRole:FOLLOWER]|listeners:[], old=null
2022-10-22 01:06:19,724 [grpc-default-executor-0] INFO  server.RaftServer$Division (RaftServerImpl.java:requestVote(1218)) - 63ee6728-2597-4353-a315-509fdfe6db5e@group-9278B7B813B0: receive requestVote(ELECTION, 6e54690b-befe-42c2-a4b7-a861f73b2b3f, group-9278B7B813B0, 2, (t:0, i:0))
2022-10-22 01:06:19,724 [grpc-default-executor-0] INFO  impl.VoteContext (VoteContext.java:log(48)) - 63ee6728-2597-4353-a315-509fdfe6db5e@group-9278B7B813B0-FOLLOWER: reject ELECTION from 6e54690b-befe-42c2-a4b7-a861f73b2b3f: our priority 1 > candidate's priority 0
2022-10-22 01:06:19,724 [grpc-default-executor-0] INFO  server.RaftServer$Division (RaftServerImpl.java:setRole(321)) - 63ee6728-2597-4353-a315-509fdfe6db5e@group-9278B7B813B0: changes role from  FOLLOWER to FOLLOWER at term 2 for candidate:6e54690b-befe-42c2-a4b7-a861f73b2b3f
2022-10-22 01:06:19,724 [grpc-default-executor-0] INFO  impl.RoleInfo (RoleInfo.java:shutdownFollowerState(110)) - 63ee6728-2597-4353-a315-509fdfe6db5e: shutdown 63ee6728-2597-4353-a315-509fdfe6db5e@group-9278B7B813B0-FollowerState
2022-10-22 01:06:19,729 [6e54690b-befe-42c2-a4b7-a861f73b2b3f@group-9278B7B813B0-LeaderElection24] INFO  server.RaftServerConfigKeys (ConfUtils.java:logFallback(53)) - raft.server.rpc.first-election.timeout.min = 5s (fallback to raft.server.rpc.timeout.min)
2022-10-22 01:06:19,729 [6e54690b-befe-42c2-a4b7-a861f73b2b3f@group-9278B7B813B0-LeaderElection24] INFO  server.RaftServerConfigKeys (ConfUtils.java:logFallback(53)) - raft.server.rpc.first-election.timeout.max = 5200ms (fallback to raft.server.rpc.timeout.max)
2022-10-22 01:06:19,729 [grpc-default-executor-0] INFO  impl.RoleInfo (RoleInfo.java:updateAndGet(139)) - 63ee6728-2597-4353-a315-509fdfe6db5e: start 63ee6728-2597-4353-a315-509fdfe6db5e@group-9278B7B813B0-FollowerState
2022-10-22 01:06:19,729 [63ee6728-2597-4353-a315-509fdfe6db5e@group-9278B7B813B0-FollowerState] INFO  impl.FollowerState (FollowerState.java:run(152)) - 63ee6728-2597-4353-a315-509fdfe6db5e@group-9278B7B813B0-FollowerState was interrupted
2022-10-22 01:06:19,730 [grpc-default-executor-2] INFO  server.RaftServer$Division (RaftServerImpl.java:requestVote(1218)) - e349f11f-4d2d-4584-922f-e3c208c9e657@group-9278B7B813B0: receive requestVote(ELECTION, 6e54690b-befe-42c2-a4b7-a861f73b2b3f, group-9278B7B813B0, 2, (t:0, i:0))
2022-10-22 01:06:19,731 [grpc-default-executor-2] INFO  impl.VoteContext (VoteContext.java:log(48)) - e349f11f-4d2d-4584-922f-e3c208c9e657@group-9278B7B813B0-FOLLOWER: accept ELECTION from 6e54690b-befe-42c2-a4b7-a861f73b2b3f: our priority 0 <= candidate's priority 0
2022-10-22 01:06:19,731 [grpc-default-executor-2] INFO  server.RaftServer$Division (RaftServerImpl.java:setRole(321)) - e349f11f-4d2d-4584-922f-e3c208c9e657@group-9278B7B813B0: changes role from  FOLLOWER to FOLLOWER at term 2 for candidate:6e54690b-befe-42c2-a4b7-a861f73b2b3f
2022-10-22 01:06:19,731 [grpc-default-executor-2] INFO  impl.RoleInfo (RoleInfo.java:shutdownFollowerState(110)) - e349f11f-4d2d-4584-922f-e3c208c9e657: shutdown e349f11f-4d2d-4584-922f-e3c208c9e657@group-9278B7B813B0-FollowerState
2022-10-22 01:06:19,735 [grpc-default-executor-2] INFO  impl.RoleInfo (RoleInfo.java:updateAndGet(139)) - e349f11f-4d2d-4584-922f-e3c208c9e657: start e349f11f-4d2d-4584-922f-e3c208c9e657@group-9278B7B813B0-FollowerState
2022-10-22 01:06:19,735 [63ee6728-2597-4353-a315-509fdfe6db5e@group-9278B7B813B0-FollowerState] INFO  server.RaftServerConfigKeys (ConfUtils.java:logFallback(53)) - raft.server.rpc.first-election.timeout.min = 5s (fallback to raft.server.rpc.timeout.min)
2022-10-22 01:06:19,735 [grpc-default-executor-0] INFO  server.RaftServer$Division (RaftServerImpl.java:requestVote(1251)) - 63ee6728-2597-4353-a315-509fdfe6db5e@group-9278B7B813B0 replies to ELECTION vote request: 6e54690b-befe-42c2-a4b7-a861f73b2b3f<-63ee6728-2597-4353-a315-509fdfe6db5e#0:FAIL-t2. Peer's state: 63ee6728-2597-4353-a315-509fdfe6db5e@group-9278B7B813B0:t2, leader=null, voted=null, raftlog=Memoized:63ee6728-2597-4353-a315-509fdfe6db5e@group-9278B7B813B0-SegmentedRaftLog:OPENED:c-1, conf=-1: peers:[63ee6728-2597-4353-a315-509fdfe6db5e|rpc:10.1.0.62:42903|dataStream:|priority:1|startupRole:FOLLOWER, 6e54690b-befe-42c2-a4b7-a861f73b2b3f|rpc:10.1.0.62:35347|dataStream:|priority:0|startupRole:FOLLOWER, e349f11f-4d2d-4584-922f-e3c208c9e657|rpc:10.1.0.62:34143|dataStream:|priority:0|startupRole:FOLLOWER]|listeners:[], old=null
2022-10-22 01:06:19,735 [e349f11f-4d2d-4584-922f-e3c208c9e657@group-9278B7B813B0-FollowerState] INFO  impl.FollowerState (FollowerState.java:run(152)) - e349f11f-4d2d-4584-922f-e3c208c9e657@group-9278B7B813B0-FollowerState was interrupted
2022-10-22 01:06:19,736 [63ee6728-2597-4353-a315-509fdfe6db5e@group-9278B7B813B0-FollowerState] INFO  server.RaftServerConfigKeys (ConfUtils.java:logFallback(53)) - raft.server.rpc.first-election.timeout.max = 5200ms (fallback to raft.server.rpc.timeout.max)
2022-10-22 01:06:19,742 [e349f11f-4d2d-4584-922f-e3c208c9e657@group-9278B7B813B0-FollowerState] INFO  server.RaftServerConfigKeys (ConfUtils.java:logFallback(53)) - raft.server.rpc.first-election.timeout.min = 5s (fallback to raft.server.rpc.timeout.min)
2022-10-22 01:06:19,742 [e349f11f-4d2d-4584-922f-e3c208c9e657@group-9278B7B813B0-FollowerState] INFO  server.RaftServerConfigKeys (ConfUtils.java:logFallback(53)) - raft.server.rpc.first-election.timeout.max = 5200ms (fallback to raft.server.rpc.timeout.max)
2022-10-22 01:06:19,742 [6e54690b-befe-42c2-a4b7-a861f73b2b3f@group-9278B7B813B0-LeaderElection24] INFO  impl.LeaderElection (LeaderElection.java:logAndReturn(90)) - 6e54690b-befe-42c2-a4b7-a861f73b2b3f@group-9278B7B813B0-LeaderElection24: ELECTION REJECTED received 1 response(s) and 0 exception(s):
2022-10-22 01:06:19,743 [6e54690b-befe-42c2-a4b7-a861f73b2b3f@group-9278B7B813B0-LeaderElection24] INFO  impl.LeaderElection (LeaderElection.java:logAndReturn(94)) -   Response 0: 6e54690b-befe-42c2-a4b7-a861f73b2b3f<-63ee6728-2597-4353-a315-509fdfe6db5e#0:FAIL-t2
2022-10-22 01:06:19,743 [6e54690b-befe-42c2-a4b7-a861f73b2b3f@group-9278B7B813B0-LeaderElection24] INFO  impl.LeaderElection (LeaderElection.java:askForVotes(314)) - 6e54690b-befe-42c2-a4b7-a861f73b2b3f@group-9278B7B813B0-LeaderElection24 ELECTION round 0: result REJECTED
2022-10-22 01:06:19,743 [6e54690b-befe-42c2-a4b7-a861f73b2b3f@group-9278B7B813B0-LeaderElection24] INFO  server.RaftServer$Division (RaftServerImpl.java:setRole(321)) - 6e54690b-befe-42c2-a4b7-a861f73b2b3f@group-9278B7B813B0: changes role from CANDIDATE to FOLLOWER at term 2 for REJECTED
2022-10-22 01:06:19,743 [6e54690b-befe-42c2-a4b7-a861f73b2b3f@group-9278B7B813B0-LeaderElection24] INFO  impl.RoleInfo (RoleInfo.java:shutdownLeaderElection(130)) - 6e54690b-befe-42c2-a4b7-a861f73b2b3f: shutdown 6e54690b-befe-42c2-a4b7-a861f73b2b3f@group-9278B7B813B0-LeaderElection24
2022-10-22 01:06:19,743 [6e54690b-befe-42c2-a4b7-a861f73b2b3f@group-9278B7B813B0-LeaderElection24] INFO  impl.RoleInfo (RoleInfo.java:updateAndGet(139)) - 6e54690b-befe-42c2-a4b7-a861f73b2b3f: start 6e54690b-befe-42c2-a4b7-a861f73b2b3f@group-9278B7B813B0-FollowerState
2022-10-22 01:06:19,743 [grpc-default-executor-2] INFO  server.RaftServer$Division (RaftServerImpl.java:requestVote(1251)) - e349f11f-4d2d-4584-922f-e3c208c9e657@group-9278B7B813B0 replies to ELECTION vote request: 6e54690b-befe-42c2-a4b7-a861f73b2b3f<-e349f11f-4d2d-4584-922f-e3c208c9e657#0:OK-t2. Peer's state: e349f11f-4d2d-4584-922f-e3c208c9e657@group-9278B7B813B0:t2, leader=null, voted=6e54690b-befe-42c2-a4b7-a861f73b2b3f, raftlog=Memoized:e349f11f-4d2d-4584-922f-e3c208c9e657@group-9278B7B813B0-SegmentedRaftLog:OPENED:c-1, conf=-1: peers:[63ee6728-2597-4353-a315-509fdfe6db5e|rpc:10.1.0.62:42903|dataStream:|priority:1|startupRole:FOLLOWER, 6e54690b-befe-42c2-a4b7-a861f73b2b3f|rpc:10.1.0.62:35347|dataStream:|priority:0|startupRole:FOLLOWER, e349f11f-4d2d-4584-922f-e3c208c9e657|rpc:10.1.0.62:34143|dataStream:|priority:0|startupRole:FOLLOWER]|listeners:[], old=null
2022-10-22 01:06:19,749 [6e54690b-befe-42c2-a4b7-a861f73b2b3f@group-9278B7B813B0-FollowerState] INFO  server.RaftServerConfigKeys (ConfUtils.java:logFallback(53)) - raft.server.rpc.first-election.timeout.min = 5s (fallback to raft.server.rpc.timeout.min)
2022-10-22 01:06:19,749 [6e54690b-befe-42c2-a4b7-a861f73b2b3f@group-9278B7B813B0-FollowerState] INFO  server.RaftServerConfigKeys (ConfUtils.java:logFallback(53)) - raft.server.rpc.first-election.timeout.max = 5200ms (fallback to raft.server.rpc.timeout.max)
2022-10-22 01:06:19,799 [Command processor thread] INFO  keyvalue.KeyValueContainer (KeyValueContainer.java:flushAndSyncDB(436)) - Container 1 is synced with bcsId 0.
2022-10-22 01:06:19,800 [Command processor thread] INFO  keyvalue.KeyValueContainer (KeyValueContainer.java:flushAndSyncDB(436)) - Container 1 is synced with bcsId 0.
2022-10-22 01:06:19,802 [Command processor thread] INFO  keyvalue.KeyValueContainer (KeyValueContainer.java:close(351)) - Container 1 is closed with bcsId 0.
2022-10-22 01:06:19,804 [FixedThreadPoolWithAffinityExecutor-0-0] INFO  container.IncrementalContainerReportHandler (AbstractContainerReportHandler.java:updateContainerState(292)) - Moving container #1 to CLOSED state, datanode 075aeae4-9dac-4c28-be7c-8f8b2eb5b04f{ip: 10.1.0.62, host: fv-az334-928.zg0gw54pbdoexfhqlmz30d51na.gx.internal.cloudapp.net, ports: [REPLICATION=42861, RATIS=36955, RATIS_ADMIN=36955, RATIS_SERVER=36955, STANDALONE=37983], networkLocation: /default-rack, certSerialId: null, persistedOpState: IN_SERVICE, persistedOpStateExpiryEpochSec: 0} reported CLOSED replica.
2022-10-22 01:06:19,833 [Listener at 127.0.0.1/34145] INFO  replication.ReplicationManager (ReplicationManager.java:stop(268)) - Stopping Replication Monitor Thread.
2022-10-22 01:06:19,833 [Under Replicated Processor] WARN  replication.UnderReplicatedProcessor (UnderReplicatedProcessor.java:run(148)) - Under Replicated Processor interrupted. Exiting...
2022-10-22 01:06:19,833 [ReplicationMonitor] INFO  replication.ReplicationManager (ReplicationManager.java:run(557)) - Replication Monitor Thread is stopped
2022-10-22 01:06:19,834 [Over Replicated Processor] WARN  replication.OverReplicatedProcessor (OverReplicatedProcessor.java:run(137)) - Over Replicated Processor interrupted. Exiting...
2022-10-22 01:06:19,894 [grpc-default-executor-2] WARN  server.GrpcLogAppender (LogUtils.java:warn(122)) - d1d68c68-fcd1-40a2-8bd4-08293fe543e0@group-7CAC11E68DAD->9705cc67-48fc-46f6-b325-a713191a975c-AppendLogResponseHandler: Failed appendEntries: org.apache.ratis.thirdparty.io.grpc.StatusRuntimeException: UNAVAILABLE: io exception
2022-10-22 01:06:19,895 [grpc-default-executor-2] WARN  server.GrpcLogAppender (GrpcLogAppender.java:resetClient(131)) - d1d68c68-fcd1-40a2-8bd4-08293fe543e0@group-7CAC11E68DAD->9705cc67-48fc-46f6-b325-a713191a975c-GrpcLogAppender: Leader has not got in touch with Follower d1d68c68-fcd1-40a2-8bd4-08293fe543e0@group-7CAC11E68DAD->9705cc67-48fc-46f6-b325-a713191a975c(c0,m0,n1, attendVote=true, lastRpcSendTime=0, lastRpcResponseTime=6272) yet, just keep nextIndex unchanged and retry.
2022-10-22 01:06:19,895 [grpc-default-executor-0] WARN  server.GrpcLogAppender (LogUtils.java:warn(122)) - d1d68c68-fcd1-40a2-8bd4-08293fe543e0@group-7CAC11E68DAD->9705cc67-48fc-46f6-b325-a713191a975c-AppendLogResponseHandler: Failed appendEntries: org.apache.ratis.thirdparty.io.grpc.StatusRuntimeException: UNAVAILABLE: io exception
2022-10-22 01:06:19,895 [grpc-default-executor-0] WARN  server.GrpcLogAppender (GrpcLogAppender.java:resetClient(131)) - d1d68c68-fcd1-40a2-8bd4-08293fe543e0@group-7CAC11E68DAD->9705cc67-48fc-46f6-b325-a713191a975c-GrpcLogAppender: Leader has not got in touch with Follower d1d68c68-fcd1-40a2-8bd4-08293fe543e0@group-7CAC11E68DAD->9705cc67-48fc-46f6-b325-a713191a975c(c0,m0,n1, attendVote=true, lastRpcSendTime=1, lastRpcResponseTime=6273) yet, just keep nextIndex unchanged and retry.
2022-10-22 01:06:20,089 [Command processor thread] INFO  keyvalue.KeyValueContainer (KeyValueContainer.java:flushAndSyncDB(436)) - Container 1 is synced with bcsId 0.
2022-10-22 01:06:20,091 [Command processor thread] INFO  keyvalue.KeyValueContainer (KeyValueContainer.java:flushAndSyncDB(436)) - Container 1 is synced with bcsId 0.
2022-10-22 01:06:20,098 [Command processor thread] INFO  keyvalue.KeyValueContainer (KeyValueContainer.java:close(351)) - Container 1 is closed with bcsId 0.
2022-10-22 01:06:20,458 [Command processor thread] INFO  keyvalue.KeyValueContainer (KeyValueContainer.java:flushAndSyncDB(436)) - Container 1 is synced with bcsId 0.
2022-10-22 01:06:20,459 [Command processor thread] INFO  keyvalue.KeyValueContainer (KeyValueContainer.java:flushAndSyncDB(436)) - Container 1 is synced with bcsId 0.
2022-10-22 01:06:20,463 [Command processor thread] INFO  keyvalue.KeyValueContainer (KeyValueContainer.java:close(351)) - Container 1 is closed with bcsId 0.
2022-10-22 01:06:20,517 [grpc-default-executor-0] WARN  server.GrpcLogAppender (LogUtils.java:warn(122)) - 2e87c3a1-a023-462f-882b-ea1ca04c8a98@group-028E8AAC4AA9->9705cc67-48fc-46f6-b325-a713191a975c-AppendLogResponseHandler: Failed appendEntries: org.apache.ratis.thirdparty.io.grpc.StatusRuntimeException: UNAVAILABLE: io exception
2022-10-22 01:06:20,518 [grpc-default-executor-2] WARN  server.GrpcLogAppender (LogUtils.java:warn(122)) - 2e87c3a1-a023-462f-882b-ea1ca04c8a98@group-028E8AAC4AA9->9705cc67-48fc-46f6-b325-a713191a975c-AppendLogResponseHandler: Failed appendEntries: org.apache.ratis.thirdparty.io.grpc.StatusRuntimeException: UNAVAILABLE: io exception
2022-10-22 01:06:20,518 [grpc-default-executor-0] WARN  server.GrpcLogAppender (GrpcLogAppender.java:resetClient(131)) - 2e87c3a1-a023-462f-882b-ea1ca04c8a98@group-028E8AAC4AA9->9705cc67-48fc-46f6-b325-a713191a975c-GrpcLogAppender: Leader has not got in touch with Follower 2e87c3a1-a023-462f-882b-ea1ca04c8a98@group-028E8AAC4AA9->9705cc67-48fc-46f6-b325-a713191a975c(c-1,m0,n1, attendVote=true, lastRpcSendTime=1241, lastRpcResponseTime=6469) yet, just keep nextIndex unchanged and retry.
2022-10-22 01:06:20,520 [grpc-default-executor-2] WARN  server.GrpcLogAppender (GrpcLogAppender.java:resetClient(131)) - 2e87c3a1-a023-462f-882b-ea1ca04c8a98@group-028E8AAC4AA9->9705cc67-48fc-46f6-b325-a713191a975c-GrpcLogAppender: Leader has not got in touch with Follower 2e87c3a1-a023-462f-882b-ea1ca04c8a98@group-028E8AAC4AA9->9705cc67-48fc-46f6-b325-a713191a975c(c-1,m0,n1, attendVote=true, lastRpcSendTime=1242, lastRpcResponseTime=6470) yet, just keep nextIndex unchanged and retry.
2022-10-22 01:06:20,521 [grpc-default-executor-2] WARN  server.GrpcLogAppender (LogUtils.java:warn(122)) - 2e87c3a1-a023-462f-882b-ea1ca04c8a98@group-028E8AAC4AA9->9705cc67-48fc-46f6-b325-a713191a975c-AppendLogResponseHandler: Failed appendEntries: org.apache.ratis.thirdparty.io.grpc.StatusRuntimeException: UNAVAILABLE: io exception
2022-10-22 01:06:20,521 [grpc-default-executor-0] WARN  server.GrpcLogAppender (LogUtils.java:warn(122)) - 2e87c3a1-a023-462f-882b-ea1ca04c8a98@group-028E8AAC4AA9->9705cc67-48fc-46f6-b325-a713191a975c-AppendLogResponseHandler: Failed appendEntries: org.apache.ratis.thirdparty.io.grpc.StatusRuntimeException: UNAVAILABLE: io exception
2022-10-22 01:06:20,521 [grpc-default-executor-2] WARN  server.GrpcLogAppender (GrpcLogAppender.java:resetClient(131)) - 2e87c3a1-a023-462f-882b-ea1ca04c8a98@group-028E8AAC4AA9->9705cc67-48fc-46f6-b325-a713191a975c-GrpcLogAppender: Leader has not got in touch with Follower 2e87c3a1-a023-462f-882b-ea1ca04c8a98@group-028E8AAC4AA9->9705cc67-48fc-46f6-b325-a713191a975c(c-1,m0,n1, attendVote=true, lastRpcSendTime=1244, lastRpcResponseTime=6472) yet, just keep nextIndex unchanged and retry.
2022-10-22 01:06:20,522 [grpc-default-executor-0] WARN  server.GrpcLogAppender (GrpcLogAppender.java:resetClient(131)) - 2e87c3a1-a023-462f-882b-ea1ca04c8a98@group-028E8AAC4AA9->9705cc67-48fc-46f6-b325-a713191a975c-GrpcLogAppender: Leader has not got in touch with Follower 2e87c3a1-a023-462f-882b-ea1ca04c8a98@group-028E8AAC4AA9->9705cc67-48fc-46f6-b325-a713191a975c(c-1,m0,n1, attendVote=true, lastRpcSendTime=1245, lastRpcResponseTime=6473) yet, just keep nextIndex unchanged and retry.
2022-10-22 01:06:20,529 [grpc-default-executor-0] WARN  server.GrpcLogAppender (LogUtils.java:warn(122)) - 2e87c3a1-a023-462f-882b-ea1ca04c8a98@group-028E8AAC4AA9->9705cc67-48fc-46f6-b325-a713191a975c-AppendLogResponseHandler: Failed appendEntries: org.apache.ratis.thirdparty.io.grpc.StatusRuntimeException: UNAVAILABLE: io exception
2022-10-22 01:06:20,530 [grpc-default-executor-0] WARN  server.GrpcLogAppender (GrpcLogAppender.java:resetClient(131)) - 2e87c3a1-a023-462f-882b-ea1ca04c8a98@group-028E8AAC4AA9->9705cc67-48fc-46f6-b325-a713191a975c-GrpcLogAppender: Leader has not got in touch with Follower 2e87c3a1-a023-462f-882b-ea1ca04c8a98@group-028E8AAC4AA9->9705cc67-48fc-46f6-b325-a713191a975c(c-1,m0,n1, attendVote=true, lastRpcSendTime=0, lastRpcResponseTime=6480) yet, just keep nextIndex unchanged and retry.
2022-10-22 01:06:20,530 [grpc-default-executor-2] WARN  server.GrpcLogAppender (LogUtils.java:warn(122)) - 2e87c3a1-a023-462f-882b-ea1ca04c8a98@group-028E8AAC4AA9->9705cc67-48fc-46f6-b325-a713191a975c-AppendLogResponseHandler: Failed appendEntries: org.apache.ratis.thirdparty.io.grpc.StatusRuntimeException: UNAVAILABLE: io exception
2022-10-22 01:06:20,530 [grpc-default-executor-2] WARN  server.GrpcLogAppender (GrpcLogAppender.java:resetClient(131)) - 2e87c3a1-a023-462f-882b-ea1ca04c8a98@group-028E8AAC4AA9->9705cc67-48fc-46f6-b325-a713191a975c-GrpcLogAppender: Leader has not got in touch with Follower 2e87c3a1-a023-462f-882b-ea1ca04c8a98@group-028E8AAC4AA9->9705cc67-48fc-46f6-b325-a713191a975c(c-1,m0,n1, attendVote=true, lastRpcSendTime=0, lastRpcResponseTime=6481) yet, just keep nextIndex unchanged and retry.
2022-10-22 01:06:20,634 [9befe131-ee01-45a3-b6b9-b3ceb7636d7b@group-AF50F2D84CC3-FollowerState] INFO  impl.FollowerState (FollowerState.java:run(143)) - 9befe131-ee01-45a3-b6b9-b3ceb7636d7b@group-AF50F2D84CC3-FollowerState: change to CANDIDATE, lastRpcElapsedTime:5050397066ns, electionTimeout:5047ms
2022-10-22 01:06:20,634 [9befe131-ee01-45a3-b6b9-b3ceb7636d7b@group-AF50F2D84CC3-FollowerState] INFO  impl.RoleInfo (RoleInfo.java:shutdownFollowerState(110)) - 9befe131-ee01-45a3-b6b9-b3ceb7636d7b: shutdown 9befe131-ee01-45a3-b6b9-b3ceb7636d7b@group-AF50F2D84CC3-FollowerState
2022-10-22 01:06:20,634 [9befe131-ee01-45a3-b6b9-b3ceb7636d7b@group-AF50F2D84CC3-FollowerState] INFO  server.RaftServer$Division (RaftServerImpl.java:setRole(321)) - 9befe131-ee01-45a3-b6b9-b3ceb7636d7b@group-AF50F2D84CC3: changes role from  FOLLOWER to CANDIDATE at term 1 for changeToCandidate
2022-10-22 01:06:20,634 [9befe131-ee01-45a3-b6b9-b3ceb7636d7b@group-AF50F2D84CC3-FollowerState] INFO  server.RaftServerConfigKeys (ConfUtils.java:logGet(46)) - raft.server.leaderelection.pre-vote = false (custom)
2022-10-22 01:06:20,634 [9befe131-ee01-45a3-b6b9-b3ceb7636d7b@group-AF50F2D84CC3-FollowerState] INFO  impl.RoleInfo (RoleInfo.java:updateAndGet(139)) - 9befe131-ee01-45a3-b6b9-b3ceb7636d7b: start 9befe131-ee01-45a3-b6b9-b3ceb7636d7b@group-AF50F2D84CC3-LeaderElection25
2022-10-22 01:06:20,644 [9befe131-ee01-45a3-b6b9-b3ceb7636d7b@group-AF50F2D84CC3-LeaderElection25] INFO  impl.LeaderElection (LeaderElection.java:askForVotes(312)) - 9befe131-ee01-45a3-b6b9-b3ceb7636d7b@group-AF50F2D84CC3-LeaderElection25 ELECTION round 0: submit vote requests at term 2 for -1: peers:[7c8777a1-edfb-4633-85a4-b901f2ed1d17|rpc:10.1.0.62:42991|dataStream:|priority:0|startupRole:FOLLOWER, 075aeae4-9dac-4c28-be7c-8f8b2eb5b04f|rpc:10.1.0.62:36955|dataStream:|priority:0|startupRole:FOLLOWER, 9befe131-ee01-45a3-b6b9-b3ceb7636d7b|rpc:10.1.0.62:36783|dataStream:|priority:1|startupRole:FOLLOWER]|listeners:[], old=null
2022-10-22 01:06:20,651 [9befe131-ee01-45a3-b6b9-b3ceb7636d7b@group-AF50F2D84CC3-LeaderElection25-1] INFO  server.GrpcServerProtocolClient (GrpcServerProtocolClient.java:<init>(63)) - Build channel for 7c8777a1-edfb-4633-85a4-b901f2ed1d17
2022-10-22 01:06:20,654 [9befe131-ee01-45a3-b6b9-b3ceb7636d7b@group-AF50F2D84CC3-LeaderElection25] INFO  server.RaftServerConfigKeys (ConfUtils.java:logFallback(53)) - raft.server.rpc.first-election.timeout.min = 5s (fallback to raft.server.rpc.timeout.min)
2022-10-22 01:06:20,654 [9befe131-ee01-45a3-b6b9-b3ceb7636d7b@group-AF50F2D84CC3-LeaderElection25] INFO  server.RaftServerConfigKeys (ConfUtils.java:logFallback(53)) - raft.server.rpc.first-election.timeout.max = 5200ms (fallback to raft.server.rpc.timeout.max)
2022-10-22 01:06:20,654 [9befe131-ee01-45a3-b6b9-b3ceb7636d7b@group-AF50F2D84CC3-LeaderElection25-2] INFO  server.GrpcServerProtocolClient (GrpcServerProtocolClient.java:<init>(63)) - Build channel for 075aeae4-9dac-4c28-be7c-8f8b2eb5b04f
2022-10-22 01:06:20,665 [grpc-default-executor-2] INFO  server.RaftServer$Division (RaftServerImpl.java:requestVote(1218)) - 7c8777a1-edfb-4633-85a4-b901f2ed1d17@group-AF50F2D84CC3: receive requestVote(ELECTION, 9befe131-ee01-45a3-b6b9-b3ceb7636d7b, group-AF50F2D84CC3, 2, (t:0, i:0))
2022-10-22 01:06:20,666 [grpc-default-executor-2] INFO  impl.VoteContext (VoteContext.java:log(48)) - 7c8777a1-edfb-4633-85a4-b901f2ed1d17@group-AF50F2D84CC3-FOLLOWER: accept ELECTION from 9befe131-ee01-45a3-b6b9-b3ceb7636d7b: our priority 0 <= candidate's priority 1
2022-10-22 01:06:20,666 [grpc-default-executor-2] INFO  server.RaftServer$Division (RaftServerImpl.java:setRole(321)) - 7c8777a1-edfb-4633-85a4-b901f2ed1d17@group-AF50F2D84CC3: changes role from  FOLLOWER to FOLLOWER at term 2 for candidate:9befe131-ee01-45a3-b6b9-b3ceb7636d7b
2022-10-22 01:06:20,666 [grpc-default-executor-2] INFO  impl.RoleInfo (RoleInfo.java:shutdownFollowerState(110)) - 7c8777a1-edfb-4633-85a4-b901f2ed1d17: shutdown 7c8777a1-edfb-4633-85a4-b901f2ed1d17@group-AF50F2D84CC3-FollowerState
2022-10-22 01:06:20,666 [grpc-default-executor-2] INFO  impl.RoleInfo (RoleInfo.java:updateAndGet(139)) - 7c8777a1-edfb-4633-85a4-b901f2ed1d17: start 7c8777a1-edfb-4633-85a4-b901f2ed1d17@group-AF50F2D84CC3-FollowerState
2022-10-22 01:06:20,666 [7c8777a1-edfb-4633-85a4-b901f2ed1d17@group-AF50F2D84CC3-FollowerState] INFO  impl.FollowerState (FollowerState.java:run(152)) - 7c8777a1-edfb-4633-85a4-b901f2ed1d17@group-AF50F2D84CC3-FollowerState was interrupted
2022-10-22 01:06:20,667 [grpc-default-executor-0] INFO  server.RaftServer$Division (RaftServerImpl.java:requestVote(1218)) - 075aeae4-9dac-4c28-be7c-8f8b2eb5b04f@group-AF50F2D84CC3: receive requestVote(ELECTION, 9befe131-ee01-45a3-b6b9-b3ceb7636d7b, group-AF50F2D84CC3, 2, (t:0, i:0))
2022-10-22 01:06:20,675 [grpc-default-executor-0] INFO  impl.VoteContext (VoteContext.java:log(48)) - 075aeae4-9dac-4c28-be7c-8f8b2eb5b04f@group-AF50F2D84CC3-FOLLOWER: accept ELECTION from 9befe131-ee01-45a3-b6b9-b3ceb7636d7b: our priority 0 <= candidate's priority 1
2022-10-22 01:06:20,676 [grpc-default-executor-0] INFO  server.RaftServer$Division (RaftServerImpl.java:setRole(321)) - 075aeae4-9dac-4c28-be7c-8f8b2eb5b04f@group-AF50F2D84CC3: changes role from  FOLLOWER to FOLLOWER at term 2 for candidate:9befe131-ee01-45a3-b6b9-b3ceb7636d7b
2022-10-22 01:06:20,676 [grpc-default-executor-0] INFO  impl.RoleInfo (RoleInfo.java:shutdownFollowerState(110)) - 075aeae4-9dac-4c28-be7c-8f8b2eb5b04f: shutdown 075aeae4-9dac-4c28-be7c-8f8b2eb5b04f@group-AF50F2D84CC3-FollowerState
2022-10-22 01:06:20,676 [grpc-default-executor-0] INFO  impl.RoleInfo (RoleInfo.java:updateAndGet(139)) - 075aeae4-9dac-4c28-be7c-8f8b2eb5b04f: start 075aeae4-9dac-4c28-be7c-8f8b2eb5b04f@group-AF50F2D84CC3-FollowerState
2022-10-22 01:06:20,676 [075aeae4-9dac-4c28-be7c-8f8b2eb5b04f@group-AF50F2D84CC3-FollowerState] INFO  impl.FollowerState (FollowerState.java:run(152)) - 075aeae4-9dac-4c28-be7c-8f8b2eb5b04f@group-AF50F2D84CC3-FollowerState was interrupted
2022-10-22 01:06:20,683 [7c8777a1-edfb-4633-85a4-b901f2ed1d17@group-AF50F2D84CC3-FollowerState] INFO  server.RaftServerConfigKeys (ConfUtils.java:logFallback(53)) - raft.server.rpc.first-election.timeout.min = 5s (fallback to raft.server.rpc.timeout.min)
2022-10-22 01:06:20,683 [7c8777a1-edfb-4633-85a4-b901f2ed1d17@group-AF50F2D84CC3-FollowerState] INFO  server.RaftServerConfigKeys (ConfUtils.java:logFallback(53)) - raft.server.rpc.first-election.timeout.max = 5200ms (fallback to raft.server.rpc.timeout.max)
2022-10-22 01:06:20,683 [075aeae4-9dac-4c28-be7c-8f8b2eb5b04f@group-AF50F2D84CC3-FollowerState] INFO  server.RaftServerConfigKeys (ConfUtils.java:logFallback(53)) - raft.server.rpc.first-election.timeout.min = 5s (fallback to raft.server.rpc.timeout.min)
2022-10-22 01:06:20,683 [075aeae4-9dac-4c28-be7c-8f8b2eb5b04f@group-AF50F2D84CC3-FollowerState] INFO  server.RaftServerConfigKeys (ConfUtils.java:logFallback(53)) - raft.server.rpc.first-election.timeout.max = 5200ms (fallback to raft.server.rpc.timeout.max)
2022-10-22 01:06:20,684 [grpc-default-executor-2] INFO  server.RaftServer$Division (RaftServerImpl.java:requestVote(1251)) - 7c8777a1-edfb-4633-85a4-b901f2ed1d17@group-AF50F2D84CC3 replies to ELECTION vote request: 9befe131-ee01-45a3-b6b9-b3ceb7636d7b<-7c8777a1-edfb-4633-85a4-b901f2ed1d17#0:OK-t2. Peer's state: 7c8777a1-edfb-4633-85a4-b901f2ed1d17@group-AF50F2D84CC3:t2, leader=null, voted=9befe131-ee01-45a3-b6b9-b3ceb7636d7b, raftlog=Memoized:7c8777a1-edfb-4633-85a4-b901f2ed1d17@group-AF50F2D84CC3-SegmentedRaftLog:OPENED:c-1, conf=-1: peers:[7c8777a1-edfb-4633-85a4-b901f2ed1d17|rpc:10.1.0.62:42991|priority:0|startupRole:FOLLOWER, 075aeae4-9dac-4c28-be7c-8f8b2eb5b04f|rpc:10.1.0.62:36955|priority:0|startupRole:FOLLOWER, 9befe131-ee01-45a3-b6b9-b3ceb7636d7b|rpc:10.1.0.62:36783|priority:1|startupRole:FOLLOWER]|listeners:[], old=null
2022-10-22 01:06:20,684 [grpc-default-executor-0] INFO  server.RaftServer$Division (RaftServerImpl.java:requestVote(1251)) - 075aeae4-9dac-4c28-be7c-8f8b2eb5b04f@group-AF50F2D84CC3 replies to ELECTION vote request: 9befe131-ee01-45a3-b6b9-b3ceb7636d7b<-075aeae4-9dac-4c28-be7c-8f8b2eb5b04f#0:OK-t2. Peer's state: 075aeae4-9dac-4c28-be7c-8f8b2eb5b04f@group-AF50F2D84CC3:t2, leader=null, voted=9befe131-ee01-45a3-b6b9-b3ceb7636d7b, raftlog=Memoized:075aeae4-9dac-4c28-be7c-8f8b2eb5b04f@group-AF50F2D84CC3-SegmentedRaftLog:OPENED:c-1, conf=-1: peers:[7c8777a1-edfb-4633-85a4-b901f2ed1d17|rpc:10.1.0.62:42991|dataStream:|priority:0|startupRole:FOLLOWER, 075aeae4-9dac-4c28-be7c-8f8b2eb5b04f|rpc:10.1.0.62:36955|dataStream:|priority:0|startupRole:FOLLOWER, 9befe131-ee01-45a3-b6b9-b3ceb7636d7b|rpc:10.1.0.62:36783|dataStream:|priority:1|startupRole:FOLLOWER]|listeners:[], old=null
2022-10-22 01:06:20,685 [9befe131-ee01-45a3-b6b9-b3ceb7636d7b@group-AF50F2D84CC3-LeaderElection25] INFO  impl.LeaderElection (LeaderElection.java:logAndReturn(90)) - 9befe131-ee01-45a3-b6b9-b3ceb7636d7b@group-AF50F2D84CC3-LeaderElection25: ELECTION PASSED received 1 response(s) and 0 exception(s):
2022-10-22 01:06:20,685 [9befe131-ee01-45a3-b6b9-b3ceb7636d7b@group-AF50F2D84CC3-LeaderElection25] INFO  impl.LeaderElection (LeaderElection.java:logAndReturn(94)) -   Response 0: 9befe131-ee01-45a3-b6b9-b3ceb7636d7b<-075aeae4-9dac-4c28-be7c-8f8b2eb5b04f#0:OK-t2
2022-10-22 01:06:20,685 [9befe131-ee01-45a3-b6b9-b3ceb7636d7b@group-AF50F2D84CC3-LeaderElection25] INFO  impl.LeaderElection (LeaderElection.java:askForVotes(314)) - 9befe131-ee01-45a3-b6b9-b3ceb7636d7b@group-AF50F2D84CC3-LeaderElection25 ELECTION round 0: result PASSED
2022-10-22 01:06:20,685 [9befe131-ee01-45a3-b6b9-b3ceb7636d7b@group-AF50F2D84CC3-LeaderElection25] INFO  impl.RoleInfo (RoleInfo.java:shutdownLeaderElection(130)) - 9befe131-ee01-45a3-b6b9-b3ceb7636d7b: shutdown 9befe131-ee01-45a3-b6b9-b3ceb7636d7b@group-AF50F2D84CC3-LeaderElection25
2022-10-22 01:06:20,685 [9befe131-ee01-45a3-b6b9-b3ceb7636d7b@group-AF50F2D84CC3-LeaderElection25] INFO  server.RaftServer$Division (RaftServerImpl.java:setRole(321)) - 9befe131-ee01-45a3-b6b9-b3ceb7636d7b@group-AF50F2D84CC3: changes role from CANDIDATE to LEADER at term 2 for changeToLeader
2022-10-22 01:06:20,685 [9befe131-ee01-45a3-b6b9-b3ceb7636d7b@group-AF50F2D84CC3-LeaderElection25] INFO  ratis.XceiverServerRatis (XceiverServerRatis.java:handleLeaderChangedNotification(863)) - Leader change notification received for group: group-AF50F2D84CC3 with new leaderId: 9befe131-ee01-45a3-b6b9-b3ceb7636d7b
2022-10-22 01:06:20,685 [9befe131-ee01-45a3-b6b9-b3ceb7636d7b@group-AF50F2D84CC3-LeaderElection25] INFO  server.RaftServer$Division (ServerState.java:setLeader(313)) - 9befe131-ee01-45a3-b6b9-b3ceb7636d7b@group-AF50F2D84CC3: change Leader from null to 9befe131-ee01-45a3-b6b9-b3ceb7636d7b at term 2 for becomeLeader, leader elected after 10092ms
2022-10-22 01:06:20,685 [9befe131-ee01-45a3-b6b9-b3ceb7636d7b@group-AF50F2D84CC3-LeaderElection25] INFO  server.RaftServerConfigKeys (ConfUtils.java:logGet(46)) - raft.server.staging.catchup.gap = 1000 (default)
2022-10-22 01:06:20,685 [9befe131-ee01-45a3-b6b9-b3ceb7636d7b@group-AF50F2D84CC3-LeaderElection25] INFO  server.RaftServerConfigKeys (ConfUtils.java:logGet(46)) - raft.server.write.element-limit = 1024 (custom)
2022-10-22 01:06:20,685 [9befe131-ee01-45a3-b6b9-b3ceb7636d7b@group-AF50F2D84CC3-LeaderElection25] INFO  server.RaftServerConfigKeys (ConfUtils.java:logGet(46)) - raft.server.write.byte-limit = 1024 M (=1073741824) (custom)
2022-10-22 01:06:20,686 [9befe131-ee01-45a3-b6b9-b3ceb7636d7b@group-AF50F2D84CC3-LeaderElection25] INFO  server.RaftServerConfigKeys (ConfUtils.java:logGet(46)) - raft.server.watch.timeout = 180s (custom)
2022-10-22 01:06:20,686 [9befe131-ee01-45a3-b6b9-b3ceb7636d7b@group-AF50F2D84CC3-LeaderElection25] INFO  server.RaftServerConfigKeys (ConfUtils.java:logGet(46)) - raft.server.watch.timeout.denomination = 1s (default)
2022-10-22 01:06:20,686 [9befe131-ee01-45a3-b6b9-b3ceb7636d7b@group-AF50F2D84CC3-LeaderElection25] INFO  server.RaftServerConfigKeys (ConfUtils.java:logGet(46)) - raft.server.watch.element-limit = 65536 (default)
2022-10-22 01:06:20,686 [9befe131-ee01-45a3-b6b9-b3ceb7636d7b@group-AF50F2D84CC3-LeaderElection25] INFO  server.RaftServerConfigKeys (ConfUtils.java:logGet(46)) - raft.server.write.element-limit = 1024 (custom)
2022-10-22 01:06:20,686 [9befe131-ee01-45a3-b6b9-b3ceb7636d7b@group-AF50F2D84CC3-LeaderElection25] INFO  server.RaftServerConfigKeys (ConfUtils.java:logGet(46)) - raft.server.write.follower.gap.ratio.max = -1.0 (default)
2022-10-22 01:06:20,686 [9befe131-ee01-45a3-b6b9-b3ceb7636d7b@group-AF50F2D84CC3-LeaderElection25] INFO  server.RaftServerConfigKeys (ConfUtils.java:logGet(46)) - raft.server.log.appender.snapshot.chunk.size.max = 16MB (=16777216) (default)
2022-10-22 01:06:20,686 [9befe131-ee01-45a3-b6b9-b3ceb7636d7b@group-AF50F2D84CC3-LeaderElection25] INFO  server.RaftServerConfigKeys (ConfUtils.java:logGet(46)) - raft.server.log.appender.buffer.byte-limit = 33554432 (custom)
2022-10-22 01:06:20,686 [9befe131-ee01-45a3-b6b9-b3ceb7636d7b@group-AF50F2D84CC3-LeaderElection25] INFO  server.RaftServerConfigKeys (ConfUtils.java:logGet(46)) - raft.server.log.appender.buffer.element-limit = 1 (custom)
2022-10-22 01:06:20,686 [9befe131-ee01-45a3-b6b9-b3ceb7636d7b@group-AF50F2D84CC3-LeaderElection25] INFO  grpc.GrpcConfigKeys (ConfUtils.java:logGet(46)) - raft.grpc.server.leader.outstanding.appends.max = 128 (default)
2022-10-22 01:06:20,686 [9befe131-ee01-45a3-b6b9-b3ceb7636d7b@group-AF50F2D84CC3-LeaderElection25] INFO  server.RaftServerConfigKeys (ConfUtils.java:logGet(46)) - raft.server.rpc.request.timeout = 60s (custom)
2022-10-22 01:06:20,687 [9befe131-ee01-45a3-b6b9-b3ceb7636d7b@group-AF50F2D84CC3-LeaderElection25] INFO  server.RaftServerConfigKeys (ConfUtils.java:logGet(46)) - raft.server.log.appender.install.snapshot.enabled = false (custom)
2022-10-22 01:06:20,687 [9befe131-ee01-45a3-b6b9-b3ceb7636d7b@group-AF50F2D84CC3-LeaderElection25] INFO  grpc.GrpcConfigKeys (ConfUtils.java:logGet(46)) - raft.grpc.server.heartbeat.channel = true (default)
2022-10-22 01:06:20,687 [9befe131-ee01-45a3-b6b9-b3ceb7636d7b@group-AF50F2D84CC3-LeaderElection25] INFO  server.RaftServerConfigKeys (ConfUtils.java:logGet(46)) - raft.server.log.appender.wait-time.min = 10ms (default)
2022-10-22 01:06:20,687 [9befe131-ee01-45a3-b6b9-b3ceb7636d7b@group-AF50F2D84CC3-LeaderElection25] INFO  server.RaftServerConfigKeys (ConfUtils.java:logGet(46)) - raft.server.log.appender.snapshot.chunk.size.max = 16MB (=16777216) (default)
2022-10-22 01:06:20,687 [9befe131-ee01-45a3-b6b9-b3ceb7636d7b@group-AF50F2D84CC3-LeaderElection25] INFO  server.RaftServerConfigKeys (ConfUtils.java:logGet(46)) - raft.server.log.appender.buffer.byte-limit = 33554432 (custom)
2022-10-22 01:06:20,687 [9befe131-ee01-45a3-b6b9-b3ceb7636d7b@group-AF50F2D84CC3-LeaderElection25] INFO  server.RaftServerConfigKeys (ConfUtils.java:logGet(46)) - raft.server.log.appender.buffer.element-limit = 1 (custom)
2022-10-22 01:06:20,687 [9befe131-ee01-45a3-b6b9-b3ceb7636d7b@group-AF50F2D84CC3-LeaderElection25] INFO  grpc.GrpcConfigKeys (ConfUtils.java:logGet(46)) - raft.grpc.server.leader.outstanding.appends.max = 128 (default)
2022-10-22 01:06:20,687 [9befe131-ee01-45a3-b6b9-b3ceb7636d7b@group-AF50F2D84CC3-LeaderElection25] INFO  server.RaftServerConfigKeys (ConfUtils.java:logGet(46)) - raft.server.rpc.request.timeout = 60s (custom)
2022-10-22 01:06:20,687 [9befe131-ee01-45a3-b6b9-b3ceb7636d7b@group-AF50F2D84CC3-LeaderElection25] INFO  server.RaftServerConfigKeys (ConfUtils.java:logGet(46)) - raft.server.log.appender.install.snapshot.enabled = false (custom)
2022-10-22 01:06:20,687 [9befe131-ee01-45a3-b6b9-b3ceb7636d7b@group-AF50F2D84CC3-LeaderElection25] INFO  grpc.GrpcConfigKeys (ConfUtils.java:logGet(46)) - raft.grpc.server.heartbeat.channel = true (default)
2022-10-22 01:06:20,687 [9befe131-ee01-45a3-b6b9-b3ceb7636d7b@group-AF50F2D84CC3-LeaderElection25] INFO  server.RaftServerConfigKeys (ConfUtils.java:logGet(46)) - raft.server.log.appender.wait-time.min = 10ms (default)
2022-10-22 01:06:20,688 [9befe131-ee01-45a3-b6b9-b3ceb7636d7b@group-AF50F2D84CC3-LeaderElection25] INFO  impl.RoleInfo (RoleInfo.java:updateAndGet(139)) - 9befe131-ee01-45a3-b6b9-b3ceb7636d7b: start 9befe131-ee01-45a3-b6b9-b3ceb7636d7b@group-AF50F2D84CC3-LeaderStateImpl
2022-10-22 01:06:20,688 [9befe131-ee01-45a3-b6b9-b3ceb7636d7b@group-AF50F2D84CC3-LeaderElection25] INFO  segmented.SegmentedRaftLogWorker (SegmentedRaftLogWorker.java:startLogSegment(452)) - 9befe131-ee01-45a3-b6b9-b3ceb7636d7b@group-AF50F2D84CC3-SegmentedRaftLogWorker: Starting segment from index:0
2022-10-22 01:06:20,689 [EventQueue-PipelineReportForPipelineReportHandler] INFO  pipeline.PipelineManagerImpl (PipelineManagerImpl.java:openPipeline(367)) - Pipeline Pipeline[ Id: a8225ffc-c567-4592-8e17-af50f2d84cc3, Nodes: 075aeae4-9dac-4c28-be7c-8f8b2eb5b04f{ip: 10.1.0.62, host: fv-az334-928.zg0gw54pbdoexfhqlmz30d51na.gx.internal.cloudapp.net, ports: [REPLICATION=42861, RATIS=36955, RATIS_ADMIN=36955, RATIS_SERVER=36955, STANDALONE=37983], networkLocation: /default-rack, certSerialId: null, persistedOpState: IN_SERVICE, persistedOpStateExpiryEpochSec: 0}9befe131-ee01-45a3-b6b9-b3ceb7636d7b{ip: 10.1.0.62, host: fv-az334-928.zg0gw54pbdoexfhqlmz30d51na.gx.internal.cloudapp.net, ports: [REPLICATION=35173, RATIS=36783, RATIS_ADMIN=36783, RATIS_SERVER=36783, STANDALONE=45701], networkLocation: /default-rack, certSerialId: null, persistedOpState: IN_SERVICE, persistedOpStateExpiryEpochSec: 0}7c8777a1-edfb-4633-85a4-b901f2ed1d17{ip: 10.1.0.62, host: fv-az334-928.zg0gw54pbdoexfhqlmz30d51na.gx.internal.cloudapp.net, ports: [REPLICATION=43851, RATIS=42991, RATIS_ADMIN=42991, RATIS_SERVER=42991, STANDALONE=34039], networkLocation: /default-rack, certSerialId: null, persistedOpState: IN_SERVICE, persistedOpStateExpiryEpochSec: 0}, ReplicationConfig: RATIS/THREE, State:ALLOCATED, leaderId:9befe131-ee01-45a3-b6b9-b3ceb7636d7b, CreationTimestamp2022-10-22T01:06:08.001Z[Etc/UTC]] moved to OPEN state
2022-10-22 01:06:20,690 [9befe131-ee01-45a3-b6b9-b3ceb7636d7b@group-AF50F2D84CC3-SegmentedRaftLogWorker] INFO  segmented.SegmentedRaftLogWorker (SegmentedRaftLogWorker.java:execute(656)) - 9befe131-ee01-45a3-b6b9-b3ceb7636d7b@group-AF50F2D84CC3-SegmentedRaftLogWorker: created new log segment /home/runner/work/ozone/ozone/hadoop-ozone/integration-test/target/test-dir/MiniOzoneClusterImpl-a988f88d-4efe-430b-bf3c-a1e83706c790/datanode-8/data/ratis/a8225ffc-c567-4592-8e17-af50f2d84cc3/current/log_inprogress_0
2022-10-22 01:06:20,707 [9befe131-ee01-45a3-b6b9-b3ceb7636d7b@group-AF50F2D84CC3-LeaderElection25] INFO  server.RaftServer$Division (ServerState.java:setRaftConf(430)) - 9befe131-ee01-45a3-b6b9-b3ceb7636d7b@group-AF50F2D84CC3: set configuration 0: peers:[7c8777a1-edfb-4633-85a4-b901f2ed1d17|rpc:10.1.0.62:42991|dataStream:|priority:0|startupRole:FOLLOWER, 075aeae4-9dac-4c28-be7c-8f8b2eb5b04f|rpc:10.1.0.62:36955|dataStream:|priority:0|startupRole:FOLLOWER, 9befe131-ee01-45a3-b6b9-b3ceb7636d7b|rpc:10.1.0.62:36783|dataStream:|priority:1|startupRole:FOLLOWER]|listeners:[], old=null
2022-10-22 01:06:20,725 [7c8777a1-edfb-4633-85a4-b901f2ed1d17-server-thread1] INFO  ratis.XceiverServerRatis (XceiverServerRatis.java:handleLeaderChangedNotification(863)) - Leader change notification received for group: group-AF50F2D84CC3 with new leaderId: 9befe131-ee01-45a3-b6b9-b3ceb7636d7b
2022-10-22 01:06:20,725 [7c8777a1-edfb-4633-85a4-b901f2ed1d17-server-thread1] INFO  server.RaftServer$Division (ServerState.java:setLeader(313)) - 7c8777a1-edfb-4633-85a4-b901f2ed1d17@group-AF50F2D84CC3: change Leader from null to 9befe131-ee01-45a3-b6b9-b3ceb7636d7b at term 2 for appendEntries, leader elected after 10244ms
2022-10-22 01:06:20,725 [7c8777a1-edfb-4633-85a4-b901f2ed1d17-server-thread1] INFO  server.RaftServer$Division (ServerState.java:setRaftConf(430)) - 7c8777a1-edfb-4633-85a4-b901f2ed1d17@group-AF50F2D84CC3: set configuration 0: peers:[7c8777a1-edfb-4633-85a4-b901f2ed1d17|rpc:10.1.0.62:42991|dataStream:|priority:0|startupRole:FOLLOWER, 075aeae4-9dac-4c28-be7c-8f8b2eb5b04f|rpc:10.1.0.62:36955|dataStream:|priority:0|startupRole:FOLLOWER, 9befe131-ee01-45a3-b6b9-b3ceb7636d7b|rpc:10.1.0.62:36783|dataStream:|priority:1|startupRole:FOLLOWER]|listeners:[], old=null
2022-10-22 01:06:20,725 [7c8777a1-edfb-4633-85a4-b901f2ed1d17-server-thread1] INFO  segmented.SegmentedRaftLogWorker (SegmentedRaftLogWorker.java:startLogSegment(452)) - 7c8777a1-edfb-4633-85a4-b901f2ed1d17@group-AF50F2D84CC3-SegmentedRaftLogWorker: Starting segment from index:0
2022-10-22 01:06:20,731 [7c8777a1-edfb-4633-85a4-b901f2ed1d17@group-AF50F2D84CC3-SegmentedRaftLogWorker] INFO  segmented.SegmentedRaftLogWorker (SegmentedRaftLogWorker.java:execute(656)) - 7c8777a1-edfb-4633-85a4-b901f2ed1d17@group-AF50F2D84CC3-SegmentedRaftLogWorker: created new log segment /home/runner/work/ozone/ozone/hadoop-ozone/integration-test/target/test-dir/MiniOzoneClusterImpl-a988f88d-4efe-430b-bf3c-a1e83706c790/datanode-6/data/ratis/a8225ffc-c567-4592-8e17-af50f2d84cc3/current/log_inprogress_0
2022-10-22 01:06:20,745 [075aeae4-9dac-4c28-be7c-8f8b2eb5b04f-server-thread1] INFO  ratis.XceiverServerRatis (XceiverServerRatis.java:handleLeaderChangedNotification(863)) - Leader change notification received for group: group-AF50F2D84CC3 with new leaderId: 9befe131-ee01-45a3-b6b9-b3ceb7636d7b
2022-10-22 01:06:20,748 [075aeae4-9dac-4c28-be7c-8f8b2eb5b04f-server-thread1] INFO  server.RaftServer$Division (ServerState.java:setLeader(313)) - 075aeae4-9dac-4c28-be7c-8f8b2eb5b04f@group-AF50F2D84CC3: change Leader from null to 9befe131-ee01-45a3-b6b9-b3ceb7636d7b at term 2 for appendEntries, leader elected after 10223ms
2022-10-22 01:06:20,761 [075aeae4-9dac-4c28-be7c-8f8b2eb5b04f-server-thread2] INFO  server.RaftServer$Division (ServerState.java:setRaftConf(430)) - 075aeae4-9dac-4c28-be7c-8f8b2eb5b04f@group-AF50F2D84CC3: set configuration 0: peers:[7c8777a1-edfb-4633-85a4-b901f2ed1d17|rpc:10.1.0.62:42991|dataStream:|priority:0|startupRole:FOLLOWER, 075aeae4-9dac-4c28-be7c-8f8b2eb5b04f|rpc:10.1.0.62:36955|dataStream:|priority:0|startupRole:FOLLOWER, 9befe131-ee01-45a3-b6b9-b3ceb7636d7b|rpc:10.1.0.62:36783|dataStream:|priority:1|startupRole:FOLLOWER]|listeners:[], old=null
2022-10-22 01:06:20,761 [075aeae4-9dac-4c28-be7c-8f8b2eb5b04f-server-thread2] INFO  segmented.SegmentedRaftLogWorker (SegmentedRaftLogWorker.java:startLogSegment(452)) - 075aeae4-9dac-4c28-be7c-8f8b2eb5b04f@group-AF50F2D84CC3-SegmentedRaftLogWorker: Starting segment from index:0
2022-10-22 01:06:20,768 [075aeae4-9dac-4c28-be7c-8f8b2eb5b04f@group-AF50F2D84CC3-SegmentedRaftLogWorker] INFO  segmented.SegmentedRaftLogWorker (SegmentedRaftLogWorker.java:execute(656)) - 075aeae4-9dac-4c28-be7c-8f8b2eb5b04f@group-AF50F2D84CC3-SegmentedRaftLogWorker: created new log segment /home/runner/work/ozone/ozone/hadoop-ozone/integration-test/target/test-dir/MiniOzoneClusterImpl-a988f88d-4efe-430b-bf3c-a1e83706c790/datanode-7/data/ratis/a8225ffc-c567-4592-8e17-af50f2d84cc3/current/log_inprogress_0
2022-10-22 01:06:21,144 [grpc-default-executor-2] WARN  server.GrpcLogAppender (LogUtils.java:warn(122)) - d1d68c68-fcd1-40a2-8bd4-08293fe543e0@group-7CAC11E68DAD->9705cc67-48fc-46f6-b325-a713191a975c-AppendLogResponseHandler: Failed appendEntries: org.apache.ratis.thirdparty.io.grpc.StatusRuntimeException: UNAVAILABLE: io exception
2022-10-22 01:06:21,145 [grpc-default-executor-3] WARN  server.GrpcLogAppender (LogUtils.java:warn(122)) - d1d68c68-fcd1-40a2-8bd4-08293fe543e0@group-7CAC11E68DAD->9705cc67-48fc-46f6-b325-a713191a975c-AppendLogResponseHandler: Failed appendEntries: org.apache.ratis.thirdparty.io.grpc.StatusRuntimeException: UNAVAILABLE: io exception
2022-10-22 01:06:21,145 [grpc-default-executor-2] WARN  server.GrpcLogAppender (GrpcLogAppender.java:resetClient(131)) - d1d68c68-fcd1-40a2-8bd4-08293fe543e0@group-7CAC11E68DAD->9705cc67-48fc-46f6-b325-a713191a975c-GrpcLogAppender: Leader has not got in touch with Follower d1d68c68-fcd1-40a2-8bd4-08293fe543e0@group-7CAC11E68DAD->9705cc67-48fc-46f6-b325-a713191a975c(c0,m0,n1, attendVote=true, lastRpcSendTime=1251, lastRpcResponseTime=7523) yet, just keep nextIndex unchanged and retry.
2022-10-22 01:06:21,145 [grpc-default-executor-3] WARN  server.GrpcLogAppender (GrpcLogAppender.java:resetClient(131)) - d1d68c68-fcd1-40a2-8bd4-08293fe543e0@group-7CAC11E68DAD->9705cc67-48fc-46f6-b325-a713191a975c-GrpcLogAppender: Leader has not got in touch with Follower d1d68c68-fcd1-40a2-8bd4-08293fe543e0@group-7CAC11E68DAD->9705cc67-48fc-46f6-b325-a713191a975c(c0,m0,n1, attendVote=true, lastRpcSendTime=1251, lastRpcResponseTime=7523) yet, just keep nextIndex unchanged and retry.
2022-10-22 01:06:21,151 [grpc-default-executor-3] WARN  server.GrpcLogAppender (LogUtils.java:warn(122)) - d1d68c68-fcd1-40a2-8bd4-08293fe543e0@group-7CAC11E68DAD->9705cc67-48fc-46f6-b325-a713191a975c-AppendLogResponseHandler: Failed appendEntries: org.apache.ratis.thirdparty.io.grpc.StatusRuntimeException: UNAVAILABLE: io exception
2022-10-22 01:06:21,151 [grpc-default-executor-2] WARN  server.GrpcLogAppender (LogUtils.java:warn(122)) - d1d68c68-fcd1-40a2-8bd4-08293fe543e0@group-7CAC11E68DAD->9705cc67-48fc-46f6-b325-a713191a975c-AppendLogResponseHandler: Failed appendEntries: org.apache.ratis.thirdparty.io.grpc.StatusRuntimeException: UNAVAILABLE: io exception
2022-10-22 01:06:21,152 [grpc-default-executor-3] WARN  server.GrpcLogAppender (GrpcLogAppender.java:resetClient(131)) - d1d68c68-fcd1-40a2-8bd4-08293fe543e0@group-7CAC11E68DAD->9705cc67-48fc-46f6-b325-a713191a975c-GrpcLogAppender: Leader has not got in touch with Follower d1d68c68-fcd1-40a2-8bd4-08293fe543e0@group-7CAC11E68DAD->9705cc67-48fc-46f6-b325-a713191a975c(c0,m0,n1, attendVote=true, lastRpcSendTime=0, lastRpcResponseTime=7529) yet, just keep nextIndex unchanged and retry.
2022-10-22 01:06:21,153 [grpc-default-executor-2] WARN  server.GrpcLogAppender (GrpcLogAppender.java:resetClient(131)) - d1d68c68-fcd1-40a2-8bd4-08293fe543e0@group-7CAC11E68DAD->9705cc67-48fc-46f6-b325-a713191a975c-GrpcLogAppender: Leader has not got in touch with Follower d1d68c68-fcd1-40a2-8bd4-08293fe543e0@group-7CAC11E68DAD->9705cc67-48fc-46f6-b325-a713191a975c(c0,m0,n1, attendVote=true, lastRpcSendTime=1, lastRpcResponseTime=7530) yet, just keep nextIndex unchanged and retry.
2022-10-22 01:06:21,431 [EventQueue-DeadNodeForDeadNodeHandler] INFO  node.DeadNodeHandler (DeadNodeHandler.java:onMessage(81)) - A dead datanode is detected. 9705cc67-48fc-46f6-b325-a713191a975c{ip: 10.1.0.62, host: fv-az334-928.zg0gw54pbdoexfhqlmz30d51na.gx.internal.cloudapp.net, ports: [REPLICATION=33357, RATIS=35497, RATIS_ADMIN=35497, RATIS_SERVER=35497, STANDALONE=45673], networkLocation: /default-rack, certSerialId: null, persistedOpState: IN_SERVICE, persistedOpStateExpiryEpochSec: 0}
2022-10-22 01:06:21,433 [EventQueue-DeadNodeForDeadNodeHandler] INFO  pipeline.RatisPipelineProvider (RatisPipelineProvider.java:lambda$close$1(244)) - Send pipeline:PipelineID=55d45bd3-816d-4763-9721-2523c6b62b1d close command to datanode 9705cc67-48fc-46f6-b325-a713191a975c
2022-10-22 01:06:21,433 [EventQueue-DeadNodeForDeadNodeHandler] INFO  pipeline.PipelineStateManagerImpl (PipelineStateManagerImpl.java:removePipeline(245)) - Pipeline Pipeline[ Id: 55d45bd3-816d-4763-9721-2523c6b62b1d, Nodes: 9705cc67-48fc-46f6-b325-a713191a975c{ip: 10.1.0.62, host: fv-az334-928.zg0gw54pbdoexfhqlmz30d51na.gx.internal.cloudapp.net, ports: [REPLICATION=33357, RATIS=35497, RATIS_ADMIN=35497, RATIS_SERVER=35497, STANDALONE=45673], networkLocation: /default-rack, certSerialId: null, persistedOpState: IN_SERVICE, persistedOpStateExpiryEpochSec: 0}, ReplicationConfig: RATIS/ONE, State:CLOSED, leaderId:9705cc67-48fc-46f6-b325-a713191a975c, CreationTimestamp2022-10-22T01:06:05.708Z[Etc/UTC]] removed.
2022-10-22 01:06:21,433 [EventQueue-DeadNodeForDeadNodeHandler] INFO  pipeline.RatisPipelineProvider (RatisPipelineProvider.java:lambda$close$1(244)) - Send pipeline:PipelineID=9785cce1-d2ba-45de-8ea8-028e8aac4aa9 close command to datanode 2e87c3a1-a023-462f-882b-ea1ca04c8a98
2022-10-22 01:06:21,433 [EventQueue-DeadNodeForDeadNodeHandler] INFO  pipeline.RatisPipelineProvider (RatisPipelineProvider.java:lambda$close$1(244)) - Send pipeline:PipelineID=9785cce1-d2ba-45de-8ea8-028e8aac4aa9 close command to datanode 9705cc67-48fc-46f6-b325-a713191a975c
2022-10-22 01:06:21,433 [EventQueue-DeadNodeForDeadNodeHandler] INFO  pipeline.RatisPipelineProvider (RatisPipelineProvider.java:lambda$close$1(244)) - Send pipeline:PipelineID=9785cce1-d2ba-45de-8ea8-028e8aac4aa9 close command to datanode d1d68c68-fcd1-40a2-8bd4-08293fe543e0
2022-10-22 01:06:21,434 [EventQueue-DeadNodeForDeadNodeHandler] INFO  pipeline.PipelineStateManagerImpl (PipelineStateManagerImpl.java:removePipeline(245)) - Pipeline Pipeline[ Id: 9785cce1-d2ba-45de-8ea8-028e8aac4aa9, Nodes: 2e87c3a1-a023-462f-882b-ea1ca04c8a98{ip: 10.1.0.62, host: fv-az334-928.zg0gw54pbdoexfhqlmz30d51na.gx.internal.cloudapp.net, ports: [REPLICATION=42711, RATIS=33759, RATIS_ADMIN=33759, RATIS_SERVER=33759, STANDALONE=44761], networkLocation: /default-rack, certSerialId: null, persistedOpState: IN_SERVICE, persistedOpStateExpiryEpochSec: 0}9705cc67-48fc-46f6-b325-a713191a975c{ip: 10.1.0.62, host: fv-az334-928.zg0gw54pbdoexfhqlmz30d51na.gx.internal.cloudapp.net, ports: [REPLICATION=33357, RATIS=35497, RATIS_ADMIN=35497, RATIS_SERVER=35497, STANDALONE=45673], networkLocation: /default-rack, certSerialId: null, persistedOpState: IN_SERVICE, persistedOpStateExpiryEpochSec: 0}d1d68c68-fcd1-40a2-8bd4-08293fe543e0{ip: 10.1.0.62, host: fv-az334-928.zg0gw54pbdoexfhqlmz30d51na.gx.internal.cloudapp.net, ports: [REPLICATION=45669, RATIS=34369, RATIS_ADMIN=34369, RATIS_SERVER=34369, STANDALONE=44553], networkLocation: /default-rack, certSerialId: null, persistedOpState: IN_SERVICE, persistedOpStateExpiryEpochSec: 0}, ReplicationConfig: RATIS/THREE, State:CLOSED, leaderId:2e87c3a1-a023-462f-882b-ea1ca04c8a98, CreationTimestamp2022-10-22T01:06:06.088Z[Etc/UTC]] removed.
2022-10-22 01:06:21,434 [EventQueue-DeadNodeForDeadNodeHandler] INFO  pipeline.RatisPipelineProvider (RatisPipelineProvider.java:lambda$close$1(244)) - Send pipeline:PipelineID=8a15013d-bb32-4cdf-804b-7cac11e68dad close command to datanode 2e87c3a1-a023-462f-882b-ea1ca04c8a98
2022-10-22 01:06:21,434 [EventQueue-DeadNodeForDeadNodeHandler] INFO  pipeline.RatisPipelineProvider (RatisPipelineProvider.java:lambda$close$1(244)) - Send pipeline:PipelineID=8a15013d-bb32-4cdf-804b-7cac11e68dad close command to datanode 9705cc67-48fc-46f6-b325-a713191a975c
2022-10-22 01:06:21,434 [EventQueue-DeadNodeForDeadNodeHandler] INFO  pipeline.RatisPipelineProvider (RatisPipelineProvider.java:lambda$close$1(244)) - Send pipeline:PipelineID=8a15013d-bb32-4cdf-804b-7cac11e68dad close command to datanode d1d68c68-fcd1-40a2-8bd4-08293fe543e0
2022-10-22 01:06:21,434 [EventQueue-DeadNodeForDeadNodeHandler] INFO  pipeline.PipelineStateManagerImpl (PipelineStateManagerImpl.java:removePipeline(245)) - Pipeline Pipeline[ Id: 8a15013d-bb32-4cdf-804b-7cac11e68dad, Nodes: 2e87c3a1-a023-462f-882b-ea1ca04c8a98{ip: 10.1.0.62, host: fv-az334-928.zg0gw54pbdoexfhqlmz30d51na.gx.internal.cloudapp.net, ports: [REPLICATION=42711, RATIS=33759, RATIS_ADMIN=33759, RATIS_SERVER=33759, STANDALONE=44761], networkLocation: /default-rack, certSerialId: null, persistedOpState: IN_SERVICE, persistedOpStateExpiryEpochSec: 0}9705cc67-48fc-46f6-b325-a713191a975c{ip: 10.1.0.62, host: fv-az334-928.zg0gw54pbdoexfhqlmz30d51na.gx.internal.cloudapp.net, ports: [REPLICATION=33357, RATIS=35497, RATIS_ADMIN=35497, RATIS_SERVER=35497, STANDALONE=45673], networkLocation: /default-rack, certSerialId: null, persistedOpState: IN_SERVICE, persistedOpStateExpiryEpochSec: 0}d1d68c68-fcd1-40a2-8bd4-08293fe543e0{ip: 10.1.0.62, host: fv-az334-928.zg0gw54pbdoexfhqlmz30d51na.gx.internal.cloudapp.net, ports: [REPLICATION=45669, RATIS=34369, RATIS_ADMIN=34369, RATIS_SERVER=34369, STANDALONE=44553], networkLocation: /default-rack, certSerialId: null, persistedOpState: IN_SERVICE, persistedOpStateExpiryEpochSec: 0}, ReplicationConfig: RATIS/THREE, State:CLOSED, leaderId:d1d68c68-fcd1-40a2-8bd4-08293fe543e0, CreationTimestamp2022-10-22T01:06:06.086Z[Etc/UTC]] removed.
2022-10-22 01:06:21,434 [EventQueue-DeadNodeForDeadNodeHandler] INFO  pipeline.PipelineStateManagerImpl (PipelineStateManagerImpl.java:removePipeline(245)) - Pipeline Pipeline[ Id: 23a08cf2-390d-4e3d-84f4-2a0fba0e4ac9, Nodes: 9705cc67-48fc-46f6-b325-a713191a975c{ip: 10.1.0.62, host: fv-az334-928.zg0gw54pbdoexfhqlmz30d51na.gx.internal.cloudapp.net, ports: [REPLICATION=33357, RATIS=35497, RATIS_ADMIN=35497, RATIS_SERVER=35497, STANDALONE=45673], networkLocation: /default-rack, certSerialId: null, persistedOpState: null, persistedOpStateExpiryEpochSec: 0}63ee6728-2597-4353-a315-509fdfe6db5e{ip: 10.1.0.62, host: fv-az334-928.zg0gw54pbdoexfhqlmz30d51na.gx.internal.cloudapp.net, ports: [REPLICATION=42825, RATIS=42903, RATIS_ADMIN=42903, RATIS_SERVER=42903, STANDALONE=33359], networkLocation: /default-rack, certSerialId: null, persistedOpState: null, persistedOpStateExpiryEpochSec: 0}2e87c3a1-a023-462f-882b-ea1ca04c8a98{ip: 10.1.0.62, host: fv-az334-928.zg0gw54pbdoexfhqlmz30d51na.gx.internal.cloudapp.net, ports: [REPLICATION=42711, RATIS=33759, RATIS_ADMIN=33759, RATIS_SERVER=33759, STANDALONE=44761], networkLocation: /default-rack, certSerialId: null, persistedOpState: null, persistedOpStateExpiryEpochSec: 0}075aeae4-9dac-4c28-be7c-8f8b2eb5b04f{ip: 10.1.0.62, host: fv-az334-928.zg0gw54pbdoexfhqlmz30d51na.gx.internal.cloudapp.net, ports: [REPLICATION=42861, RATIS=36955, RATIS_ADMIN=36955, RATIS_SERVER=36955, STANDALONE=37983], networkLocation: /default-rack, certSerialId: null, persistedOpState: null, persistedOpStateExpiryEpochSec: 0}9befe131-ee01-45a3-b6b9-b3ceb7636d7b{ip: 10.1.0.62, host: fv-az334-928.zg0gw54pbdoexfhqlmz30d51na.gx.internal.cloudapp.net, ports: [REPLICATION=35173, RATIS=36783, RATIS_ADMIN=36783, RATIS_SERVER=36783, STANDALONE=45701], networkLocation: /default-rack, certSerialId: null, persistedOpState: null, persistedOpStateExpiryEpochSec: 0}, ReplicationConfig: EC/ECReplicationConfig{data=3, parity=2, ecChunkSize=1024, codec=rs}, State:CLOSED, leaderId:, CreationTimestamp2022-10-22T01:06:14.960Z[Etc/UTC]] removed.
2022-10-22 01:06:21,437 [EventQueue-DeadNodeForDeadNodeHandler] INFO  net.NetworkTopologyImpl (NetworkTopologyImpl.java:remove(190)) - Removed a node: /default-rack/9705cc67-48fc-46f6-b325-a713191a975c
2022-10-22 01:06:21,438 [Listener at 127.0.0.1/34145] INFO  replication.ReplicationManager (ReplicationManager.java:start(234)) - Starting Replication Monitor Thread.
2022-10-22 01:06:21,444 [Under Replicated Processor] INFO  replication.UnderReplicatedProcessor (UnderReplicatedProcessor.java:processAll(92)) - Processed 0 under replicated containers, failed processing 0
2022-10-22 01:06:21,452 [ReplicationMonitor] INFO  replication.ReplicationManager (ReplicationManager.java:sendCloseContainerReplicaCommand(515)) - Sending close container command for container #1 to datanode 63ee6728-2597-4353-a315-509fdfe6db5e{ip: 10.1.0.62, host: fv-az334-928.zg0gw54pbdoexfhqlmz30d51na.gx.internal.cloudapp.net, ports: [REPLICATION=42825, RATIS=42903, RATIS_ADMIN=42903, RATIS_SERVER=42903, STANDALONE=33359], networkLocation: /default-rack, certSerialId: null, persistedOpState: IN_SERVICE, persistedOpStateExpiryEpochSec: 0}.
2022-10-22 01:06:21,453 [ReplicationMonitor] INFO  replication.ReplicationManager (ReplicationManager.java:processAll(335)) - Replication Monitor Thread took 2 milliseconds for processing 1 containers.
2022-10-22 01:06:21,453 [Over Replicated Processor] INFO  replication.OverReplicatedProcessor (OverReplicatedProcessor.java:processAll(90)) - Processed 0 over replicated containers, failed processing 0
2022-10-22 01:06:21,482 [Command processor thread] INFO  keyvalue.KeyValueContainer (KeyValueContainer.java:flushAndSyncDB(436)) - Container 1 is synced with bcsId 0.
2022-10-22 01:06:21,482 [Command processor thread] INFO  keyvalue.KeyValueContainer (KeyValueContainer.java:flushAndSyncDB(436)) - Container 1 is synced with bcsId 0.
2022-10-22 01:06:21,484 [Command processor thread] INFO  keyvalue.KeyValueContainer (KeyValueContainer.java:close(351)) - Container 1 is closed with bcsId 0.
2022-10-22 01:06:21,779 [grpc-default-executor-2] WARN  server.GrpcLogAppender (LogUtils.java:warn(122)) - 2e87c3a1-a023-462f-882b-ea1ca04c8a98@group-028E8AAC4AA9->9705cc67-48fc-46f6-b325-a713191a975c-AppendLogResponseHandler: Failed appendEntries: org.apache.ratis.thirdparty.io.grpc.StatusRuntimeException: UNAVAILABLE: io exception
2022-10-22 01:06:21,779 [grpc-default-executor-3] WARN  server.GrpcLogAppender (LogUtils.java:warn(122)) - 2e87c3a1-a023-462f-882b-ea1ca04c8a98@group-028E8AAC4AA9->9705cc67-48fc-46f6-b325-a713191a975c-AppendLogResponseHandler: Failed appendEntries: org.apache.ratis.thirdparty.io.grpc.StatusRuntimeException: UNAVAILABLE: io exception
2022-10-22 01:06:21,780 [grpc-default-executor-2] WARN  server.GrpcLogAppender (GrpcLogAppender.java:resetClient(131)) - 2e87c3a1-a023-462f-882b-ea1ca04c8a98@group-028E8AAC4AA9->9705cc67-48fc-46f6-b325-a713191a975c-GrpcLogAppender: Leader has not got in touch with Follower 2e87c3a1-a023-462f-882b-ea1ca04c8a98@group-028E8AAC4AA9->9705cc67-48fc-46f6-b325-a713191a975c(c-1,m0,n1, attendVote=true, lastRpcSendTime=0, lastRpcResponseTime=7731) yet, just keep nextIndex unchanged and retry.
2022-10-22 01:06:21,781 [grpc-default-executor-3] WARN  server.GrpcLogAppender (GrpcLogAppender.java:resetClient(131)) - 2e87c3a1-a023-462f-882b-ea1ca04c8a98@group-028E8AAC4AA9->9705cc67-48fc-46f6-b325-a713191a975c-GrpcLogAppender: Leader has not got in touch with Follower 2e87c3a1-a023-462f-882b-ea1ca04c8a98@group-028E8AAC4AA9->9705cc67-48fc-46f6-b325-a713191a975c(c-1,m0,n1, attendVote=true, lastRpcSendTime=1, lastRpcResponseTime=7732) yet, just keep nextIndex unchanged and retry.
2022-10-22 01:06:22,401 [grpc-default-executor-3] WARN  server.GrpcLogAppender (LogUtils.java:warn(122)) - d1d68c68-fcd1-40a2-8bd4-08293fe543e0@group-7CAC11E68DAD->9705cc67-48fc-46f6-b325-a713191a975c-AppendLogResponseHandler: Failed appendEntries: org.apache.ratis.thirdparty.io.grpc.StatusRuntimeException: UNAVAILABLE: io exception
2022-10-22 01:06:22,402 [grpc-default-executor-2] WARN  server.GrpcLogAppender (LogUtils.java:warn(122)) - d1d68c68-fcd1-40a2-8bd4-08293fe543e0@group-7CAC11E68DAD->9705cc67-48fc-46f6-b325-a713191a975c-AppendLogResponseHandler: Failed appendEntries: org.apache.ratis.thirdparty.io.grpc.StatusRuntimeException: UNAVAILABLE: io exception
2022-10-22 01:06:22,402 [grpc-default-executor-3] WARN  server.GrpcLogAppender (GrpcLogAppender.java:resetClient(131)) - d1d68c68-fcd1-40a2-8bd4-08293fe543e0@group-7CAC11E68DAD->9705cc67-48fc-46f6-b325-a713191a975c-GrpcLogAppender: Leader has not got in touch with Follower d1d68c68-fcd1-40a2-8bd4-08293fe543e0@group-7CAC11E68DAD->9705cc67-48fc-46f6-b325-a713191a975c(c0,m0,n1, attendVote=true, lastRpcSendTime=0, lastRpcResponseTime=8780) yet, just keep nextIndex unchanged and retry.
2022-10-22 01:06:22,403 [grpc-default-executor-2] WARN  server.GrpcLogAppender (GrpcLogAppender.java:resetClient(131)) - d1d68c68-fcd1-40a2-8bd4-08293fe543e0@group-7CAC11E68DAD->9705cc67-48fc-46f6-b325-a713191a975c-GrpcLogAppender: Leader has not got in touch with Follower d1d68c68-fcd1-40a2-8bd4-08293fe543e0@group-7CAC11E68DAD->9705cc67-48fc-46f6-b325-a713191a975c(c0,m0,n1, attendVote=true, lastRpcSendTime=1, lastRpcResponseTime=8781) yet, just keep nextIndex unchanged and retry.
2022-10-22 01:06:22,464 [Command processor thread] INFO  server.RaftServer (RaftServerProxy.java:remove(107)) - 2e87c3a1-a023-462f-882b-ea1ca04c8a98: remove    LEADER 2e87c3a1-a023-462f-882b-ea1ca04c8a98@group-028E8AAC4AA9:t2, leader=2e87c3a1-a023-462f-882b-ea1ca04c8a98, voted=2e87c3a1-a023-462f-882b-ea1ca04c8a98, raftlog=Memoized:2e87c3a1-a023-462f-882b-ea1ca04c8a98@group-028E8AAC4AA9-SegmentedRaftLog:OPENED:c0, conf=0: peers:[2e87c3a1-a023-462f-882b-ea1ca04c8a98|rpc:10.1.0.62:33759|dataStream:|priority:0|startupRole:FOLLOWER, 9705cc67-48fc-46f6-b325-a713191a975c|rpc:10.1.0.62:35497|dataStream:|priority:1|startupRole:FOLLOWER, d1d68c68-fcd1-40a2-8bd4-08293fe543e0|rpc:10.1.0.62:34369|dataStream:|priority:0|startupRole:FOLLOWER]|listeners:[], old=null RUNNING
2022-10-22 01:06:22,465 [Command processor thread] INFO  server.RaftServer$Division (RaftServerImpl.java:lambda$close$4(458)) - 2e87c3a1-a023-462f-882b-ea1ca04c8a98@group-028E8AAC4AA9: shutdown
2022-10-22 01:06:22,465 [Command processor thread] INFO  util.JmxRegister (JmxRegister.java:unregister(73)) - Successfully un-registered JMX Bean with object name Ratis:service=RaftServer,group=group-028E8AAC4AA9,id=2e87c3a1-a023-462f-882b-ea1ca04c8a98
2022-10-22 01:06:22,465 [Command processor thread] INFO  impl.RoleInfo (RoleInfo.java:shutdownLeaderState(93)) - 2e87c3a1-a023-462f-882b-ea1ca04c8a98: shutdown 2e87c3a1-a023-462f-882b-ea1ca04c8a98@group-028E8AAC4AA9-LeaderStateImpl
2022-10-22 01:06:22,466 [Command processor thread] INFO  impl.PendingRequests (PendingRequests.java:sendNotLeaderResponses(282)) - 2e87c3a1-a023-462f-882b-ea1ca04c8a98@group-028E8AAC4AA9-PendingRequests: sendNotLeaderResponses
2022-10-22 01:06:22,471 [2e87c3a1-a023-462f-882b-ea1ca04c8a98@group-028E8AAC4AA9->d1d68c68-fcd1-40a2-8bd4-08293fe543e0-GrpcLogAppender-LogAppenderDaemon] WARN  server.GrpcLogAppender (GrpcLogAppender.java:mayWait(200)) - 2e87c3a1-a023-462f-882b-ea1ca04c8a98@group-028E8AAC4AA9->d1d68c68-fcd1-40a2-8bd4-08293fe543e0-GrpcLogAppender: Wait interrupted by java.lang.InterruptedException
2022-10-22 01:06:22,473 [grpc-default-executor-2] INFO  server.GrpcServerProtocolService (GrpcServerProtocolService.java:onCompleted(145)) - d1d68c68-fcd1-40a2-8bd4-08293fe543e0: Completed APPEND_ENTRIES, lastRequest: 2e87c3a1-a023-462f-882b-ea1ca04c8a98->d1d68c68-fcd1-40a2-8bd4-08293fe543e0#1-t2,previous=(t:0, i:0),leaderCommit=0,initializing? true,entries: size=1, first=(t:2, i:0), CONFIGURATIONENTRY(current:id: "2e87c3a1-a023-462f-882b-ea1ca04c8a98"
address: "10.1.0.62:33759"
clientAddress: "10.1.0.62:33759"
adminAddress: "10.1.0.62:33759"
startupRole: FOLLOWER
,id: "9705cc67-48fc-46f6-b325-a713191a975c"
address: "10.1.0.62:35497"
priority: 1
clientAddress: "10.1.0.62:35497"
adminAddress: "10.1.0.62:35497"
startupRole: FOLLOWER
,id: "d1d68c68-fcd1-40a2-8bd4-08293fe543e0"
address: "10.1.0.62:34369"
clientAddress: "10.1.0.62:34369"
adminAddress: "10.1.0.62:34369"
startupRole: FOLLOWER
, old:)
2022-10-22 01:06:22,474 [grpc-default-executor-3] INFO  server.GrpcServerProtocolService (GrpcServerProtocolService.java:onCompleted(145)) - d1d68c68-fcd1-40a2-8bd4-08293fe543e0: Completed APPEND_ENTRIES, lastRequest: null
2022-10-22 01:06:22,474 [Command processor thread] INFO  impl.StateMachineUpdater (StateMachineUpdater.java:stopAndJoin(153)) - 2e87c3a1-a023-462f-882b-ea1ca04c8a98@group-028E8AAC4AA9-StateMachineUpdater: set stopIndex = 0
2022-10-22 01:06:22,475 [2e87c3a1-a023-462f-882b-ea1ca04c8a98@group-028E8AAC4AA9-StateMachineUpdater] INFO  ratis.ContainerStateMachine (ContainerStateMachine.java:takeSnapshot(304)) - group-028E8AAC4AA9: Taking a snapshot at:(t:2, i:0) file /home/runner/work/ozone/ozone/hadoop-ozone/integration-test/target/test-dir/MiniOzoneClusterImpl-a988f88d-4efe-430b-bf3c-a1e83706c790/datanode-2/data/ratis/9785cce1-d2ba-45de-8ea8-028e8aac4aa9/sm/snapshot.2_0
2022-10-22 01:06:22,476 [2e87c3a1-a023-462f-882b-ea1ca04c8a98@group-028E8AAC4AA9-StateMachineUpdater] INFO  ratis.ContainerStateMachine (ContainerStateMachine.java:takeSnapshot(315)) - group-028E8AAC4AA9: Finished taking a snapshot at:(t:2, i:0) file:/home/runner/work/ozone/ozone/hadoop-ozone/integration-test/target/test-dir/MiniOzoneClusterImpl-a988f88d-4efe-430b-bf3c-a1e83706c790/datanode-2/data/ratis/9785cce1-d2ba-45de-8ea8-028e8aac4aa9/sm/snapshot.2_0 took: 1 ms
2022-10-22 01:06:22,476 [2e87c3a1-a023-462f-882b-ea1ca04c8a98@group-028E8AAC4AA9-StateMachineUpdater] INFO  impl.StateMachineUpdater (StateMachineUpdater.java:takeSnapshot(287)) - 2e87c3a1-a023-462f-882b-ea1ca04c8a98@group-028E8AAC4AA9-StateMachineUpdater: Took a snapshot at index 0
2022-10-22 01:06:22,476 [2e87c3a1-a023-462f-882b-ea1ca04c8a98@group-028E8AAC4AA9-StateMachineUpdater] INFO  impl.StateMachineUpdater (StateMachineUpdater.java:lambda$new$0(92)) - 2e87c3a1-a023-462f-882b-ea1ca04c8a98@group-028E8AAC4AA9-StateMachineUpdater: snapshotIndex: updateIncreasingly -1 -> 0
2022-10-22 01:06:22,476 [Command processor thread] INFO  server.RaftServer$Division (ServerState.java:close(466)) - 2e87c3a1-a023-462f-882b-ea1ca04c8a98@group-028E8AAC4AA9: closes. applyIndex: 0
2022-10-22 01:06:22,477 [2e87c3a1-a023-462f-882b-ea1ca04c8a98@group-028E8AAC4AA9-SegmentedRaftLogWorker] INFO  segmented.SegmentedRaftLogWorker (SegmentedRaftLogWorker.java:run(345)) - 2e87c3a1-a023-462f-882b-ea1ca04c8a98@group-028E8AAC4AA9-SegmentedRaftLogWorker was interrupted, exiting. There are 0 tasks remaining in the queue.
2022-10-22 01:06:22,477 [grpc-default-executor-5] INFO  server.GrpcLogAppender (GrpcLogAppender.java:onCompleted(415)) - 2e87c3a1-a023-462f-882b-ea1ca04c8a98@group-028E8AAC4AA9->d1d68c68-fcd1-40a2-8bd4-08293fe543e0-AppendLogResponseHandler: follower responses appendEntries COMPLETED
2022-10-22 01:06:22,477 [grpc-default-executor-4] INFO  server.GrpcLogAppender (GrpcLogAppender.java:onCompleted(415)) - 2e87c3a1-a023-462f-882b-ea1ca04c8a98@group-028E8AAC4AA9->d1d68c68-fcd1-40a2-8bd4-08293fe543e0-AppendLogResponseHandler: follower responses appendEntries COMPLETED
2022-10-22 01:06:22,480 [grpc-default-executor-5] INFO  leader.FollowerInfo (FollowerInfoImpl.java:lambda$new$0(48)) - 2e87c3a1-a023-462f-882b-ea1ca04c8a98@group-028E8AAC4AA9->d1d68c68-fcd1-40a2-8bd4-08293fe543e0: nextIndex: updateUnconditionally 1 -> 0
2022-10-22 01:06:22,480 [grpc-default-executor-4] INFO  leader.FollowerInfo (FollowerInfoImpl.java:lambda$new$0(48)) - 2e87c3a1-a023-462f-882b-ea1ca04c8a98@group-028E8AAC4AA9->d1d68c68-fcd1-40a2-8bd4-08293fe543e0: nextIndex: updateUnconditionally 0 -> 0
2022-10-22 01:06:22,486 [Command processor thread] INFO  segmented.SegmentedRaftLogWorker (SegmentedRaftLogWorker.java:close(255)) - 2e87c3a1-a023-462f-882b-ea1ca04c8a98@group-028E8AAC4AA9-SegmentedRaftLogWorker close()
2022-10-22 01:06:22,494 [Command processor thread] INFO  server.RaftServer$Division (RaftServerImpl.java:groupRemove(428)) - 2e87c3a1-a023-462f-882b-ea1ca04c8a98@group-028E8AAC4AA9: Succeed to remove RaftStorageDirectory Storage Directory /home/runner/work/ozone/ozone/hadoop-ozone/integration-test/target/test-dir/MiniOzoneClusterImpl-a988f88d-4efe-430b-bf3c-a1e83706c790/datanode-2/data/ratis/9785cce1-d2ba-45de-8ea8-028e8aac4aa9
2022-10-22 01:06:22,494 [Command processor thread] INFO  commandhandler.ClosePipelineCommandHandler (ClosePipelineCommandHandler.java:handle(78)) - Close Pipeline PipelineID=9785cce1-d2ba-45de-8ea8-028e8aac4aa9 command on datanode 2e87c3a1-a023-462f-882b-ea1ca04c8a98.
2022-10-22 01:06:22,494 [Command processor thread] INFO  server.RaftServer (RaftServerProxy.java:remove(107)) - 2e87c3a1-a023-462f-882b-ea1ca04c8a98: remove  FOLLOWER 2e87c3a1-a023-462f-882b-ea1ca04c8a98@group-7CAC11E68DAD:t1, leader=d1d68c68-fcd1-40a2-8bd4-08293fe543e0, voted=d1d68c68-fcd1-40a2-8bd4-08293fe543e0, raftlog=Memoized:2e87c3a1-a023-462f-882b-ea1ca04c8a98@group-7CAC11E68DAD-SegmentedRaftLog:OPENED:c0, conf=0: peers:[2e87c3a1-a023-462f-882b-ea1ca04c8a98|rpc:10.1.0.62:33759|dataStream:|priority:0|startupRole:FOLLOWER, 9705cc67-48fc-46f6-b325-a713191a975c|rpc:10.1.0.62:35497|dataStream:|priority:0|startupRole:FOLLOWER, d1d68c68-fcd1-40a2-8bd4-08293fe543e0|rpc:10.1.0.62:34369|dataStream:|priority:1|startupRole:FOLLOWER]|listeners:[], old=null RUNNING
2022-10-22 01:06:22,494 [Command processor thread] INFO  server.RaftServer$Division (RaftServerImpl.java:lambda$close$4(458)) - 2e87c3a1-a023-462f-882b-ea1ca04c8a98@group-7CAC11E68DAD: shutdown
2022-10-22 01:06:22,495 [Command processor thread] INFO  util.JmxRegister (JmxRegister.java:unregister(73)) - Successfully un-registered JMX Bean with object name Ratis:service=RaftServer,group=group-7CAC11E68DAD,id=2e87c3a1-a023-462f-882b-ea1ca04c8a98
2022-10-22 01:06:22,495 [Command processor thread] INFO  impl.RoleInfo (RoleInfo.java:shutdownFollowerState(110)) - 2e87c3a1-a023-462f-882b-ea1ca04c8a98: shutdown 2e87c3a1-a023-462f-882b-ea1ca04c8a98@group-7CAC11E68DAD-FollowerState
2022-10-22 01:06:22,495 [2e87c3a1-a023-462f-882b-ea1ca04c8a98@group-7CAC11E68DAD-FollowerState] INFO  impl.FollowerState (FollowerState.java:run(152)) - 2e87c3a1-a023-462f-882b-ea1ca04c8a98@group-7CAC11E68DAD-FollowerState was interrupted
2022-10-22 01:06:22,495 [Command processor thread] INFO  impl.StateMachineUpdater (StateMachineUpdater.java:stopAndJoin(153)) - 2e87c3a1-a023-462f-882b-ea1ca04c8a98@group-7CAC11E68DAD-StateMachineUpdater: set stopIndex = 0
2022-10-22 01:06:22,495 [2e87c3a1-a023-462f-882b-ea1ca04c8a98@group-7CAC11E68DAD-StateMachineUpdater] INFO  ratis.ContainerStateMachine (ContainerStateMachine.java:takeSnapshot(304)) - group-7CAC11E68DAD: Taking a snapshot at:(t:1, i:0) file /home/runner/work/ozone/ozone/hadoop-ozone/integration-test/target/test-dir/MiniOzoneClusterImpl-a988f88d-4efe-430b-bf3c-a1e83706c790/datanode-2/data/ratis/8a15013d-bb32-4cdf-804b-7cac11e68dad/sm/snapshot.1_0
2022-10-22 01:06:22,496 [2e87c3a1-a023-462f-882b-ea1ca04c8a98@group-7CAC11E68DAD-StateMachineUpdater] INFO  ratis.ContainerStateMachine (ContainerStateMachine.java:takeSnapshot(315)) - group-7CAC11E68DAD: Finished taking a snapshot at:(t:1, i:0) file:/home/runner/work/ozone/ozone/hadoop-ozone/integration-test/target/test-dir/MiniOzoneClusterImpl-a988f88d-4efe-430b-bf3c-a1e83706c790/datanode-2/data/ratis/8a15013d-bb32-4cdf-804b-7cac11e68dad/sm/snapshot.1_0 took: 1 ms
2022-10-22 01:06:22,496 [2e87c3a1-a023-462f-882b-ea1ca04c8a98@group-7CAC11E68DAD-StateMachineUpdater] INFO  impl.StateMachineUpdater (StateMachineUpdater.java:takeSnapshot(287)) - 2e87c3a1-a023-462f-882b-ea1ca04c8a98@group-7CAC11E68DAD-StateMachineUpdater: Took a snapshot at index 0
2022-10-22 01:06:22,496 [2e87c3a1-a023-462f-882b-ea1ca04c8a98@group-7CAC11E68DAD-StateMachineUpdater] INFO  impl.StateMachineUpdater (StateMachineUpdater.java:lambda$new$0(92)) - 2e87c3a1-a023-462f-882b-ea1ca04c8a98@group-7CAC11E68DAD-StateMachineUpdater: snapshotIndex: updateIncreasingly -1 -> 0
2022-10-22 01:06:22,496 [Command processor thread] INFO  server.RaftServer$Division (ServerState.java:close(466)) - 2e87c3a1-a023-462f-882b-ea1ca04c8a98@group-7CAC11E68DAD: closes. applyIndex: 0
2022-10-22 01:06:22,496 [2e87c3a1-a023-462f-882b-ea1ca04c8a98@group-7CAC11E68DAD-SegmentedRaftLogWorker] INFO  segmented.SegmentedRaftLogWorker (SegmentedRaftLogWorker.java:run(345)) - 2e87c3a1-a023-462f-882b-ea1ca04c8a98@group-7CAC11E68DAD-SegmentedRaftLogWorker was interrupted, exiting. There are 0 tasks remaining in the queue.
2022-10-22 01:06:22,503 [Command processor thread] INFO  segmented.SegmentedRaftLogWorker (SegmentedRaftLogWorker.java:close(255)) - 2e87c3a1-a023-462f-882b-ea1ca04c8a98@group-7CAC11E68DAD-SegmentedRaftLogWorker close()
2022-10-22 01:06:22,505 [Command processor thread] INFO  server.RaftServer$Division (RaftServerImpl.java:groupRemove(428)) - 2e87c3a1-a023-462f-882b-ea1ca04c8a98@group-7CAC11E68DAD: Succeed to remove RaftStorageDirectory Storage Directory /home/runner/work/ozone/ozone/hadoop-ozone/integration-test/target/test-dir/MiniOzoneClusterImpl-a988f88d-4efe-430b-bf3c-a1e83706c790/datanode-2/data/ratis/8a15013d-bb32-4cdf-804b-7cac11e68dad
2022-10-22 01:06:22,505 [Command processor thread] INFO  commandhandler.ClosePipelineCommandHandler (ClosePipelineCommandHandler.java:handle(78)) - Close Pipeline PipelineID=8a15013d-bb32-4cdf-804b-7cac11e68dad command on datanode 2e87c3a1-a023-462f-882b-ea1ca04c8a98.
2022-10-22 01:06:22,533 [Command processor thread] INFO  server.RaftServer (RaftServerProxy.java:remove(107)) - d1d68c68-fcd1-40a2-8bd4-08293fe543e0: remove  FOLLOWER d1d68c68-fcd1-40a2-8bd4-08293fe543e0@group-028E8AAC4AA9:t2, leader=2e87c3a1-a023-462f-882b-ea1ca04c8a98, voted=2e87c3a1-a023-462f-882b-ea1ca04c8a98, raftlog=Memoized:d1d68c68-fcd1-40a2-8bd4-08293fe543e0@group-028E8AAC4AA9-SegmentedRaftLog:OPENED:c0, conf=0: peers:[2e87c3a1-a023-462f-882b-ea1ca04c8a98|rpc:10.1.0.62:33759|dataStream:|priority:0|startupRole:FOLLOWER, 9705cc67-48fc-46f6-b325-a713191a975c|rpc:10.1.0.62:35497|dataStream:|priority:1|startupRole:FOLLOWER, d1d68c68-fcd1-40a2-8bd4-08293fe543e0|rpc:10.1.0.62:34369|dataStream:|priority:0|startupRole:FOLLOWER]|listeners:[], old=null RUNNING
2022-10-22 01:06:22,533 [Command processor thread] INFO  server.RaftServer$Division (RaftServerImpl.java:lambda$close$4(458)) - d1d68c68-fcd1-40a2-8bd4-08293fe543e0@group-028E8AAC4AA9: shutdown
2022-10-22 01:06:22,533 [Command processor thread] INFO  util.JmxRegister (JmxRegister.java:unregister(73)) - Successfully un-registered JMX Bean with object name Ratis:service=RaftServer,group=group-028E8AAC4AA9,id=d1d68c68-fcd1-40a2-8bd4-08293fe543e0
2022-10-22 01:06:22,533 [Command processor thread] INFO  impl.RoleInfo (RoleInfo.java:shutdownFollowerState(110)) - d1d68c68-fcd1-40a2-8bd4-08293fe543e0: shutdown d1d68c68-fcd1-40a2-8bd4-08293fe543e0@group-028E8AAC4AA9-FollowerState
2022-10-22 01:06:22,533 [Command processor thread] INFO  impl.StateMachineUpdater (StateMachineUpdater.java:stopAndJoin(153)) - d1d68c68-fcd1-40a2-8bd4-08293fe543e0@group-028E8AAC4AA9-StateMachineUpdater: set stopIndex = 0
2022-10-22 01:06:22,533 [d1d68c68-fcd1-40a2-8bd4-08293fe543e0@group-028E8AAC4AA9-StateMachineUpdater] INFO  ratis.ContainerStateMachine (ContainerStateMachine.java:takeSnapshot(304)) - group-028E8AAC4AA9: Taking a snapshot at:(t:2, i:0) file /home/runner/work/ozone/ozone/hadoop-ozone/integration-test/target/test-dir/MiniOzoneClusterImpl-a988f88d-4efe-430b-bf3c-a1e83706c790/datanode-0/data/ratis/9785cce1-d2ba-45de-8ea8-028e8aac4aa9/sm/snapshot.2_0
2022-10-22 01:06:22,533 [d1d68c68-fcd1-40a2-8bd4-08293fe543e0@group-028E8AAC4AA9-FollowerState] INFO  impl.FollowerState (FollowerState.java:run(152)) - d1d68c68-fcd1-40a2-8bd4-08293fe543e0@group-028E8AAC4AA9-FollowerState was interrupted
2022-10-22 01:06:22,534 [d1d68c68-fcd1-40a2-8bd4-08293fe543e0@group-028E8AAC4AA9-StateMachineUpdater] INFO  ratis.ContainerStateMachine (ContainerStateMachine.java:takeSnapshot(315)) - group-028E8AAC4AA9: Finished taking a snapshot at:(t:2, i:0) file:/home/runner/work/ozone/ozone/hadoop-ozone/integration-test/target/test-dir/MiniOzoneClusterImpl-a988f88d-4efe-430b-bf3c-a1e83706c790/datanode-0/data/ratis/9785cce1-d2ba-45de-8ea8-028e8aac4aa9/sm/snapshot.2_0 took: 1 ms
2022-10-22 01:06:22,534 [d1d68c68-fcd1-40a2-8bd4-08293fe543e0@group-028E8AAC4AA9-StateMachineUpdater] INFO  impl.StateMachineUpdater (StateMachineUpdater.java:takeSnapshot(287)) - d1d68c68-fcd1-40a2-8bd4-08293fe543e0@group-028E8AAC4AA9-StateMachineUpdater: Took a snapshot at index 0
2022-10-22 01:06:22,535 [d1d68c68-fcd1-40a2-8bd4-08293fe543e0@group-028E8AAC4AA9-StateMachineUpdater] INFO  impl.StateMachineUpdater (StateMachineUpdater.java:lambda$new$0(92)) - d1d68c68-fcd1-40a2-8bd4-08293fe543e0@group-028E8AAC4AA9-StateMachineUpdater: snapshotIndex: updateIncreasingly -1 -> 0
2022-10-22 01:06:22,535 [Command processor thread] INFO  server.RaftServer$Division (ServerState.java:close(466)) - d1d68c68-fcd1-40a2-8bd4-08293fe543e0@group-028E8AAC4AA9: closes. applyIndex: 0
2022-10-22 01:06:22,535 [d1d68c68-fcd1-40a2-8bd4-08293fe543e0@group-028E8AAC4AA9-SegmentedRaftLogWorker] INFO  segmented.SegmentedRaftLogWorker (SegmentedRaftLogWorker.java:run(345)) - d1d68c68-fcd1-40a2-8bd4-08293fe543e0@group-028E8AAC4AA9-SegmentedRaftLogWorker was interrupted, exiting. There are 0 tasks remaining in the queue.
2022-10-22 01:06:22,540 [Command processor thread] INFO  segmented.SegmentedRaftLogWorker (SegmentedRaftLogWorker.java:close(255)) - d1d68c68-fcd1-40a2-8bd4-08293fe543e0@group-028E8AAC4AA9-SegmentedRaftLogWorker close()
2022-10-22 01:06:22,541 [Command processor thread] INFO  server.RaftServer$Division (RaftServerImpl.java:groupRemove(428)) - d1d68c68-fcd1-40a2-8bd4-08293fe543e0@group-028E8AAC4AA9: Succeed to remove RaftStorageDirectory Storage Directory /home/runner/work/ozone/ozone/hadoop-ozone/integration-test/target/test-dir/MiniOzoneClusterImpl-a988f88d-4efe-430b-bf3c-a1e83706c790/datanode-0/data/ratis/9785cce1-d2ba-45de-8ea8-028e8aac4aa9
2022-10-22 01:06:22,541 [Command processor thread] INFO  commandhandler.ClosePipelineCommandHandler (ClosePipelineCommandHandler.java:handle(78)) - Close Pipeline PipelineID=9785cce1-d2ba-45de-8ea8-028e8aac4aa9 command on datanode d1d68c68-fcd1-40a2-8bd4-08293fe543e0.
2022-10-22 01:06:22,542 [Command processor thread] INFO  server.RaftServer (RaftServerProxy.java:remove(107)) - d1d68c68-fcd1-40a2-8bd4-08293fe543e0: remove    LEADER d1d68c68-fcd1-40a2-8bd4-08293fe543e0@group-7CAC11E68DAD:t1, leader=d1d68c68-fcd1-40a2-8bd4-08293fe543e0, voted=d1d68c68-fcd1-40a2-8bd4-08293fe543e0, raftlog=Memoized:d1d68c68-fcd1-40a2-8bd4-08293fe543e0@group-7CAC11E68DAD-SegmentedRaftLog:OPENED:c0, conf=0: peers:[2e87c3a1-a023-462f-882b-ea1ca04c8a98|rpc:10.1.0.62:33759|dataStream:|priority:0|startupRole:FOLLOWER, 9705cc67-48fc-46f6-b325-a713191a975c|rpc:10.1.0.62:35497|dataStream:|priority:0|startupRole:FOLLOWER, d1d68c68-fcd1-40a2-8bd4-08293fe543e0|rpc:10.1.0.62:34369|dataStream:|priority:1|startupRole:FOLLOWER]|listeners:[], old=null RUNNING
2022-10-22 01:06:22,542 [Command processor thread] INFO  server.RaftServer$Division (RaftServerImpl.java:lambda$close$4(458)) - d1d68c68-fcd1-40a2-8bd4-08293fe543e0@group-7CAC11E68DAD: shutdown
2022-10-22 01:06:22,542 [Command processor thread] INFO  util.JmxRegister (JmxRegister.java:unregister(73)) - Successfully un-registered JMX Bean with object name Ratis:service=RaftServer,group=group-7CAC11E68DAD,id=d1d68c68-fcd1-40a2-8bd4-08293fe543e0
2022-10-22 01:06:22,542 [Command processor thread] INFO  impl.RoleInfo (RoleInfo.java:shutdownLeaderState(93)) - d1d68c68-fcd1-40a2-8bd4-08293fe543e0: shutdown d1d68c68-fcd1-40a2-8bd4-08293fe543e0@group-7CAC11E68DAD-LeaderStateImpl
2022-10-22 01:06:22,542 [Command processor thread] INFO  impl.PendingRequests (PendingRequests.java:sendNotLeaderResponses(282)) - d1d68c68-fcd1-40a2-8bd4-08293fe543e0@group-7CAC11E68DAD-PendingRequests: sendNotLeaderResponses
2022-10-22 01:06:22,543 [d1d68c68-fcd1-40a2-8bd4-08293fe543e0@group-7CAC11E68DAD->2e87c3a1-a023-462f-882b-ea1ca04c8a98-GrpcLogAppender-LogAppenderDaemon] WARN  server.GrpcLogAppender (GrpcLogAppender.java:mayWait(200)) - d1d68c68-fcd1-40a2-8bd4-08293fe543e0@group-7CAC11E68DAD->2e87c3a1-a023-462f-882b-ea1ca04c8a98-GrpcLogAppender: Wait interrupted by java.lang.InterruptedException
2022-10-22 01:06:22,543 [grpc-default-executor-4] INFO  server.GrpcServerProtocolService (GrpcServerProtocolService.java:onCompleted(145)) - 2e87c3a1-a023-462f-882b-ea1ca04c8a98: Completed APPEND_ENTRIES, lastRequest: null
2022-10-22 01:06:22,543 [Command processor thread] INFO  impl.StateMachineUpdater (StateMachineUpdater.java:stopAndJoin(153)) - d1d68c68-fcd1-40a2-8bd4-08293fe543e0@group-7CAC11E68DAD-StateMachineUpdater: set stopIndex = 0
2022-10-22 01:06:22,545 [grpc-default-executor-2] INFO  server.GrpcServerProtocolService (GrpcServerProtocolService.java:onCompleted(145)) - 2e87c3a1-a023-462f-882b-ea1ca04c8a98: Completed APPEND_ENTRIES, lastRequest: d1d68c68-fcd1-40a2-8bd4-08293fe543e0->2e87c3a1-a023-462f-882b-ea1ca04c8a98#1-t1,previous=(t:0, i:0),leaderCommit=0,initializing? true,entries: size=1, first=(t:1, i:0), CONFIGURATIONENTRY(current:id: "2e87c3a1-a023-462f-882b-ea1ca04c8a98"
address: "10.1.0.62:33759"
clientAddress: "10.1.0.62:33759"
adminAddress: "10.1.0.62:33759"
startupRole: FOLLOWER
,id: "9705cc67-48fc-46f6-b325-a713191a975c"
address: "10.1.0.62:35497"
clientAddress: "10.1.0.62:35497"
adminAddress: "10.1.0.62:35497"
startupRole: FOLLOWER
,id: "d1d68c68-fcd1-40a2-8bd4-08293fe543e0"
address: "10.1.0.62:34369"
priority: 1
clientAddress: "10.1.0.62:34369"
adminAddress: "10.1.0.62:34369"
startupRole: FOLLOWER
, old:)
2022-10-22 01:06:22,545 [d1d68c68-fcd1-40a2-8bd4-08293fe543e0@group-7CAC11E68DAD-StateMachineUpdater] INFO  ratis.ContainerStateMachine (ContainerStateMachine.java:takeSnapshot(304)) - group-7CAC11E68DAD: Taking a snapshot at:(t:1, i:0) file /home/runner/work/ozone/ozone/hadoop-ozone/integration-test/target/test-dir/MiniOzoneClusterImpl-a988f88d-4efe-430b-bf3c-a1e83706c790/datanode-0/data/ratis/8a15013d-bb32-4cdf-804b-7cac11e68dad/sm/snapshot.1_0
2022-10-22 01:06:22,546 [grpc-default-executor-5] INFO  server.GrpcLogAppender (GrpcLogAppender.java:onCompleted(415)) - d1d68c68-fcd1-40a2-8bd4-08293fe543e0@group-7CAC11E68DAD->2e87c3a1-a023-462f-882b-ea1ca04c8a98-AppendLogResponseHandler: follower responses appendEntries COMPLETED
2022-10-22 01:06:22,546 [grpc-default-executor-5] INFO  leader.FollowerInfo (FollowerInfoImpl.java:lambda$new$0(48)) - d1d68c68-fcd1-40a2-8bd4-08293fe543e0@group-7CAC11E68DAD->2e87c3a1-a023-462f-882b-ea1ca04c8a98: nextIndex: updateUnconditionally 1 -> 0
2022-10-22 01:06:22,546 [d1d68c68-fcd1-40a2-8bd4-08293fe543e0@group-7CAC11E68DAD-StateMachineUpdater] INFO  ratis.ContainerStateMachine (ContainerStateMachine.java:takeSnapshot(315)) - group-7CAC11E68DAD: Finished taking a snapshot at:(t:1, i:0) file:/home/runner/work/ozone/ozone/hadoop-ozone/integration-test/target/test-dir/MiniOzoneClusterImpl-a988f88d-4efe-430b-bf3c-a1e83706c790/datanode-0/data/ratis/8a15013d-bb32-4cdf-804b-7cac11e68dad/sm/snapshot.1_0 took: 1 ms
2022-10-22 01:06:22,546 [d1d68c68-fcd1-40a2-8bd4-08293fe543e0@group-7CAC11E68DAD-StateMachineUpdater] INFO  impl.StateMachineUpdater (StateMachineUpdater.java:takeSnapshot(287)) - d1d68c68-fcd1-40a2-8bd4-08293fe543e0@group-7CAC11E68DAD-StateMachineUpdater: Took a snapshot at index 0
2022-10-22 01:06:22,546 [d1d68c68-fcd1-40a2-8bd4-08293fe543e0@group-7CAC11E68DAD-StateMachineUpdater] INFO  impl.StateMachineUpdater (StateMachineUpdater.java:lambda$new$0(92)) - d1d68c68-fcd1-40a2-8bd4-08293fe543e0@group-7CAC11E68DAD-StateMachineUpdater: snapshotIndex: updateIncreasingly -1 -> 0
2022-10-22 01:06:22,546 [Command processor thread] INFO  server.RaftServer$Division (ServerState.java:close(466)) - d1d68c68-fcd1-40a2-8bd4-08293fe543e0@group-7CAC11E68DAD: closes. applyIndex: 0
2022-10-22 01:06:22,547 [d1d68c68-fcd1-40a2-8bd4-08293fe543e0@group-7CAC11E68DAD-SegmentedRaftLogWorker] INFO  segmented.SegmentedRaftLogWorker (SegmentedRaftLogWorker.java:run(345)) - d1d68c68-fcd1-40a2-8bd4-08293fe543e0@group-7CAC11E68DAD-SegmentedRaftLogWorker was interrupted, exiting. There are 0 tasks remaining in the queue.
2022-10-22 01:06:22,552 [grpc-default-executor-5] INFO  server.GrpcLogAppender (GrpcLogAppender.java:onCompleted(415)) - d1d68c68-fcd1-40a2-8bd4-08293fe543e0@group-7CAC11E68DAD->2e87c3a1-a023-462f-882b-ea1ca04c8a98-AppendLogResponseHandler: follower responses appendEntries COMPLETED
2022-10-22 01:06:22,552 [Command processor thread] INFO  segmented.SegmentedRaftLogWorker (SegmentedRaftLogWorker.java:close(255)) - d1d68c68-fcd1-40a2-8bd4-08293fe543e0@group-7CAC11E68DAD-SegmentedRaftLogWorker close()
2022-10-22 01:06:22,553 [grpc-default-executor-5] INFO  leader.FollowerInfo (FollowerInfoImpl.java:lambda$new$0(48)) - d1d68c68-fcd1-40a2-8bd4-08293fe543e0@group-7CAC11E68DAD->2e87c3a1-a023-462f-882b-ea1ca04c8a98: nextIndex: updateUnconditionally 0 -> 0
2022-10-22 01:06:22,554 [Command processor thread] INFO  server.RaftServer$Division (RaftServerImpl.java:groupRemove(428)) - d1d68c68-fcd1-40a2-8bd4-08293fe543e0@group-7CAC11E68DAD: Succeed to remove RaftStorageDirectory Storage Directory /home/runner/work/ozone/ozone/hadoop-ozone/integration-test/target/test-dir/MiniOzoneClusterImpl-a988f88d-4efe-430b-bf3c-a1e83706c790/datanode-0/data/ratis/8a15013d-bb32-4cdf-804b-7cac11e68dad
2022-10-22 01:06:22,554 [Command processor thread] INFO  commandhandler.ClosePipelineCommandHandler (ClosePipelineCommandHandler.java:handle(78)) - Close Pipeline PipelineID=8a15013d-bb32-4cdf-804b-7cac11e68dad command on datanode d1d68c68-fcd1-40a2-8bd4-08293fe543e0.
2022-10-22 01:06:24,737 [63ee6728-2597-4353-a315-509fdfe6db5e@group-9278B7B813B0-FollowerState] INFO  impl.FollowerState (FollowerState.java:run(143)) - 63ee6728-2597-4353-a315-509fdfe6db5e@group-9278B7B813B0-FollowerState: change to CANDIDATE, lastRpcElapsedTime:5007657702ns, electionTimeout:5001ms
2022-10-22 01:06:24,737 [63ee6728-2597-4353-a315-509fdfe6db5e@group-9278B7B813B0-FollowerState] INFO  impl.RoleInfo (RoleInfo.java:shutdownFollowerState(110)) - 63ee6728-2597-4353-a315-509fdfe6db5e: shutdown 63ee6728-2597-4353-a315-509fdfe6db5e@group-9278B7B813B0-FollowerState
2022-10-22 01:06:24,737 [63ee6728-2597-4353-a315-509fdfe6db5e@group-9278B7B813B0-FollowerState] INFO  server.RaftServer$Division (RaftServerImpl.java:setRole(321)) - 63ee6728-2597-4353-a315-509fdfe6db5e@group-9278B7B813B0: changes role from  FOLLOWER to CANDIDATE at term 2 for changeToCandidate
2022-10-22 01:06:24,737 [63ee6728-2597-4353-a315-509fdfe6db5e@group-9278B7B813B0-FollowerState] INFO  server.RaftServerConfigKeys (ConfUtils.java:logGet(46)) - raft.server.leaderelection.pre-vote = false (custom)
2022-10-22 01:06:24,737 [63ee6728-2597-4353-a315-509fdfe6db5e@group-9278B7B813B0-FollowerState] INFO  impl.RoleInfo (RoleInfo.java:updateAndGet(139)) - 63ee6728-2597-4353-a315-509fdfe6db5e: start 63ee6728-2597-4353-a315-509fdfe6db5e@group-9278B7B813B0-LeaderElection26
2022-10-22 01:06:24,740 [63ee6728-2597-4353-a315-509fdfe6db5e@group-9278B7B813B0-LeaderElection26] INFO  impl.LeaderElection (LeaderElection.java:askForVotes(312)) - 63ee6728-2597-4353-a315-509fdfe6db5e@group-9278B7B813B0-LeaderElection26 ELECTION round 0: submit vote requests at term 3 for -1: peers:[63ee6728-2597-4353-a315-509fdfe6db5e|rpc:10.1.0.62:42903|dataStream:|priority:1|startupRole:FOLLOWER, 6e54690b-befe-42c2-a4b7-a861f73b2b3f|rpc:10.1.0.62:35347|dataStream:|priority:0|startupRole:FOLLOWER, e349f11f-4d2d-4584-922f-e3c208c9e657|rpc:10.1.0.62:34143|dataStream:|priority:0|startupRole:FOLLOWER]|listeners:[], old=null
2022-10-22 01:06:24,740 [63ee6728-2597-4353-a315-509fdfe6db5e@group-9278B7B813B0-LeaderElection26] INFO  server.RaftServerConfigKeys (ConfUtils.java:logFallback(53)) - raft.server.rpc.first-election.timeout.min = 5s (fallback to raft.server.rpc.timeout.min)
2022-10-22 01:06:24,740 [63ee6728-2597-4353-a315-509fdfe6db5e@group-9278B7B813B0-LeaderElection26-1] INFO  server.GrpcServerProtocolClient (GrpcServerProtocolClient.java:<init>(63)) - Build channel for 6e54690b-befe-42c2-a4b7-a861f73b2b3f
2022-10-22 01:06:24,740 [63ee6728-2597-4353-a315-509fdfe6db5e@group-9278B7B813B0-LeaderElection26] INFO  server.RaftServerConfigKeys (ConfUtils.java:logFallback(53)) - raft.server.rpc.first-election.timeout.max = 5200ms (fallback to raft.server.rpc.timeout.max)
2022-10-22 01:06:24,741 [63ee6728-2597-4353-a315-509fdfe6db5e@group-9278B7B813B0-LeaderElection26-2] INFO  server.GrpcServerProtocolClient (GrpcServerProtocolClient.java:<init>(63)) - Build channel for e349f11f-4d2d-4584-922f-e3c208c9e657
2022-10-22 01:06:24,748 [grpc-default-executor-5] INFO  server.RaftServer$Division (RaftServerImpl.java:requestVote(1218)) - 6e54690b-befe-42c2-a4b7-a861f73b2b3f@group-9278B7B813B0: receive requestVote(ELECTION, 63ee6728-2597-4353-a315-509fdfe6db5e, group-9278B7B813B0, 3, (t:0, i:0))
2022-10-22 01:06:24,748 [grpc-default-executor-2] INFO  server.RaftServer$Division (RaftServerImpl.java:requestVote(1218)) - e349f11f-4d2d-4584-922f-e3c208c9e657@group-9278B7B813B0: receive requestVote(ELECTION, 63ee6728-2597-4353-a315-509fdfe6db5e, group-9278B7B813B0, 3, (t:0, i:0))
2022-10-22 01:06:24,748 [grpc-default-executor-5] INFO  impl.VoteContext (VoteContext.java:log(48)) - 6e54690b-befe-42c2-a4b7-a861f73b2b3f@group-9278B7B813B0-FOLLOWER: accept ELECTION from 63ee6728-2597-4353-a315-509fdfe6db5e: our priority 0 <= candidate's priority 1
2022-10-22 01:06:24,748 [grpc-default-executor-2] INFO  impl.VoteContext (VoteContext.java:log(48)) - e349f11f-4d2d-4584-922f-e3c208c9e657@group-9278B7B813B0-FOLLOWER: accept ELECTION from 63ee6728-2597-4353-a315-509fdfe6db5e: our priority 0 <= candidate's priority 1
2022-10-22 01:06:24,748 [grpc-default-executor-5] INFO  server.RaftServer$Division (RaftServerImpl.java:setRole(321)) - 6e54690b-befe-42c2-a4b7-a861f73b2b3f@group-9278B7B813B0: changes role from  FOLLOWER to FOLLOWER at term 3 for candidate:63ee6728-2597-4353-a315-509fdfe6db5e
2022-10-22 01:06:24,748 [grpc-default-executor-2] INFO  server.RaftServer$Division (RaftServerImpl.java:setRole(321)) - e349f11f-4d2d-4584-922f-e3c208c9e657@group-9278B7B813B0: changes role from  FOLLOWER to FOLLOWER at term 3 for candidate:63ee6728-2597-4353-a315-509fdfe6db5e
2022-10-22 01:06:24,748 [grpc-default-executor-5] INFO  impl.RoleInfo (RoleInfo.java:shutdownFollowerState(110)) - 6e54690b-befe-42c2-a4b7-a861f73b2b3f: shutdown 6e54690b-befe-42c2-a4b7-a861f73b2b3f@group-9278B7B813B0-FollowerState
2022-10-22 01:06:24,748 [grpc-default-executor-2] INFO  impl.RoleInfo (RoleInfo.java:shutdownFollowerState(110)) - e349f11f-4d2d-4584-922f-e3c208c9e657: shutdown e349f11f-4d2d-4584-922f-e3c208c9e657@group-9278B7B813B0-FollowerState
2022-10-22 01:06:24,748 [grpc-default-executor-5] INFO  impl.RoleInfo (RoleInfo.java:updateAndGet(139)) - 6e54690b-befe-42c2-a4b7-a861f73b2b3f: start 6e54690b-befe-42c2-a4b7-a861f73b2b3f@group-9278B7B813B0-FollowerState
2022-10-22 01:06:24,748 [grpc-default-executor-2] INFO  impl.RoleInfo (RoleInfo.java:updateAndGet(139)) - e349f11f-4d2d-4584-922f-e3c208c9e657: start e349f11f-4d2d-4584-922f-e3c208c9e657@group-9278B7B813B0-FollowerState
2022-10-22 01:06:24,748 [6e54690b-befe-42c2-a4b7-a861f73b2b3f@group-9278B7B813B0-FollowerState] INFO  impl.FollowerState (FollowerState.java:run(152)) - 6e54690b-befe-42c2-a4b7-a861f73b2b3f@group-9278B7B813B0-FollowerState was interrupted
2022-10-22 01:06:24,748 [e349f11f-4d2d-4584-922f-e3c208c9e657@group-9278B7B813B0-FollowerState] INFO  impl.FollowerState (FollowerState.java:run(152)) - e349f11f-4d2d-4584-922f-e3c208c9e657@group-9278B7B813B0-FollowerState was interrupted
2022-10-22 01:06:24,752 [e349f11f-4d2d-4584-922f-e3c208c9e657@group-9278B7B813B0-FollowerState] INFO  server.RaftServerConfigKeys (ConfUtils.java:logFallback(53)) - raft.server.rpc.first-election.timeout.min = 5s (fallback to raft.server.rpc.timeout.min)
2022-10-22 01:06:24,752 [e349f11f-4d2d-4584-922f-e3c208c9e657@group-9278B7B813B0-FollowerState] INFO  server.RaftServerConfigKeys (ConfUtils.java:logFallback(53)) - raft.server.rpc.first-election.timeout.max = 5200ms (fallback to raft.server.rpc.timeout.max)
2022-10-22 01:06:24,752 [grpc-default-executor-5] INFO  server.RaftServer$Division (RaftServerImpl.java:requestVote(1251)) - 6e54690b-befe-42c2-a4b7-a861f73b2b3f@group-9278B7B813B0 replies to ELECTION vote request: 63ee6728-2597-4353-a315-509fdfe6db5e<-6e54690b-befe-42c2-a4b7-a861f73b2b3f#0:OK-t3. Peer's state: 6e54690b-befe-42c2-a4b7-a861f73b2b3f@group-9278B7B813B0:t3, leader=null, voted=63ee6728-2597-4353-a315-509fdfe6db5e, raftlog=Memoized:6e54690b-befe-42c2-a4b7-a861f73b2b3f@group-9278B7B813B0-SegmentedRaftLog:OPENED:c-1, conf=-1: peers:[63ee6728-2597-4353-a315-509fdfe6db5e|rpc:10.1.0.62:42903|priority:1|startupRole:FOLLOWER, 6e54690b-befe-42c2-a4b7-a861f73b2b3f|rpc:10.1.0.62:35347|priority:0|startupRole:FOLLOWER, e349f11f-4d2d-4584-922f-e3c208c9e657|rpc:10.1.0.62:34143|priority:0|startupRole:FOLLOWER]|listeners:[], old=null
2022-10-22 01:06:24,753 [grpc-default-executor-2] INFO  server.RaftServer$Division (RaftServerImpl.java:requestVote(1251)) - e349f11f-4d2d-4584-922f-e3c208c9e657@group-9278B7B813B0 replies to ELECTION vote request: 63ee6728-2597-4353-a315-509fdfe6db5e<-e349f11f-4d2d-4584-922f-e3c208c9e657#0:OK-t3. Peer's state: e349f11f-4d2d-4584-922f-e3c208c9e657@group-9278B7B813B0:t3, leader=null, voted=63ee6728-2597-4353-a315-509fdfe6db5e, raftlog=Memoized:e349f11f-4d2d-4584-922f-e3c208c9e657@group-9278B7B813B0-SegmentedRaftLog:OPENED:c-1, conf=-1: peers:[63ee6728-2597-4353-a315-509fdfe6db5e|rpc:10.1.0.62:42903|dataStream:|priority:1|startupRole:FOLLOWER, 6e54690b-befe-42c2-a4b7-a861f73b2b3f|rpc:10.1.0.62:35347|dataStream:|priority:0|startupRole:FOLLOWER, e349f11f-4d2d-4584-922f-e3c208c9e657|rpc:10.1.0.62:34143|dataStream:|priority:0|startupRole:FOLLOWER]|listeners:[], old=null
2022-10-22 01:06:24,755 [63ee6728-2597-4353-a315-509fdfe6db5e@group-9278B7B813B0-LeaderElection26] INFO  impl.LeaderElection (LeaderElection.java:logAndReturn(90)) - 63ee6728-2597-4353-a315-509fdfe6db5e@group-9278B7B813B0-LeaderElection26: ELECTION PASSED received 1 response(s) and 0 exception(s):
2022-10-22 01:06:24,755 [63ee6728-2597-4353-a315-509fdfe6db5e@group-9278B7B813B0-LeaderElection26] INFO  impl.LeaderElection (LeaderElection.java:logAndReturn(94)) -   Response 0: 63ee6728-2597-4353-a315-509fdfe6db5e<-e349f11f-4d2d-4584-922f-e3c208c9e657#0:OK-t3
2022-10-22 01:06:24,755 [63ee6728-2597-4353-a315-509fdfe6db5e@group-9278B7B813B0-LeaderElection26] INFO  impl.LeaderElection (LeaderElection.java:askForVotes(314)) - 63ee6728-2597-4353-a315-509fdfe6db5e@group-9278B7B813B0-LeaderElection26 ELECTION round 0: result PASSED
2022-10-22 01:06:24,755 [63ee6728-2597-4353-a315-509fdfe6db5e@group-9278B7B813B0-LeaderElection26] INFO  impl.RoleInfo (RoleInfo.java:shutdownLeaderElection(130)) - 63ee6728-2597-4353-a315-509fdfe6db5e: shutdown 63ee6728-2597-4353-a315-509fdfe6db5e@group-9278B7B813B0-LeaderElection26
2022-10-22 01:06:24,755 [63ee6728-2597-4353-a315-509fdfe6db5e@group-9278B7B813B0-LeaderElection26] INFO  server.RaftServer$Division (RaftServerImpl.java:setRole(321)) - 63ee6728-2597-4353-a315-509fdfe6db5e@group-9278B7B813B0: changes role from CANDIDATE to LEADER at term 3 for changeToLeader
2022-10-22 01:06:24,755 [63ee6728-2597-4353-a315-509fdfe6db5e@group-9278B7B813B0-LeaderElection26] INFO  ratis.XceiverServerRatis (XceiverServerRatis.java:handleLeaderChangedNotification(863)) - Leader change notification received for group: group-9278B7B813B0 with new leaderId: 63ee6728-2597-4353-a315-509fdfe6db5e
2022-10-22 01:06:24,755 [63ee6728-2597-4353-a315-509fdfe6db5e@group-9278B7B813B0-LeaderElection26] INFO  server.RaftServer$Division (ServerState.java:setLeader(313)) - 63ee6728-2597-4353-a315-509fdfe6db5e@group-9278B7B813B0: change Leader from null to 63ee6728-2597-4353-a315-509fdfe6db5e at term 3 for becomeLeader, leader elected after 15256ms
2022-10-22 01:06:24,755 [63ee6728-2597-4353-a315-509fdfe6db5e@group-9278B7B813B0-LeaderElection26] INFO  server.RaftServerConfigKeys (ConfUtils.java:logGet(46)) - raft.server.staging.catchup.gap = 1000 (default)
2022-10-22 01:06:24,755 [63ee6728-2597-4353-a315-509fdfe6db5e@group-9278B7B813B0-LeaderElection26] INFO  server.RaftServerConfigKeys (ConfUtils.java:logGet(46)) - raft.server.write.element-limit = 1024 (custom)
2022-10-22 01:06:24,755 [63ee6728-2597-4353-a315-509fdfe6db5e@group-9278B7B813B0-LeaderElection26] INFO  server.RaftServerConfigKeys (ConfUtils.java:logGet(46)) - raft.server.write.byte-limit = 1024 M (=1073741824) (custom)
2022-10-22 01:06:24,755 [63ee6728-2597-4353-a315-509fdfe6db5e@group-9278B7B813B0-LeaderElection26] INFO  server.RaftServerConfigKeys (ConfUtils.java:logGet(46)) - raft.server.watch.timeout = 180s (custom)
2022-10-22 01:06:24,755 [63ee6728-2597-4353-a315-509fdfe6db5e@group-9278B7B813B0-LeaderElection26] INFO  server.RaftServerConfigKeys (ConfUtils.java:logGet(46)) - raft.server.watch.timeout.denomination = 1s (default)
2022-10-22 01:06:24,755 [63ee6728-2597-4353-a315-509fdfe6db5e@group-9278B7B813B0-LeaderElection26] INFO  server.RaftServerConfigKeys (ConfUtils.java:logGet(46)) - raft.server.watch.element-limit = 65536 (default)
2022-10-22 01:06:24,756 [63ee6728-2597-4353-a315-509fdfe6db5e@group-9278B7B813B0-LeaderElection26] INFO  server.RaftServerConfigKeys (ConfUtils.java:logGet(46)) - raft.server.write.element-limit = 1024 (custom)
2022-10-22 01:06:24,756 [63ee6728-2597-4353-a315-509fdfe6db5e@group-9278B7B813B0-LeaderElection26] INFO  server.RaftServerConfigKeys (ConfUtils.java:logGet(46)) - raft.server.write.follower.gap.ratio.max = -1.0 (default)
2022-10-22 01:06:24,756 [6e54690b-befe-42c2-a4b7-a861f73b2b3f@group-9278B7B813B0-FollowerState] INFO  server.RaftServerConfigKeys (ConfUtils.java:logFallback(53)) - raft.server.rpc.first-election.timeout.min = 5s (fallback to raft.server.rpc.timeout.min)
2022-10-22 01:06:24,756 [63ee6728-2597-4353-a315-509fdfe6db5e@group-9278B7B813B0-LeaderElection26] INFO  server.RaftServerConfigKeys (ConfUtils.java:logGet(46)) - raft.server.log.appender.snapshot.chunk.size.max = 16MB (=16777216) (default)
2022-10-22 01:06:24,756 [63ee6728-2597-4353-a315-509fdfe6db5e@group-9278B7B813B0-LeaderElection26] INFO  server.RaftServerConfigKeys (ConfUtils.java:logGet(46)) - raft.server.log.appender.buffer.byte-limit = 33554432 (custom)
2022-10-22 01:06:24,756 [63ee6728-2597-4353-a315-509fdfe6db5e@group-9278B7B813B0-LeaderElection26] INFO  server.RaftServerConfigKeys (ConfUtils.java:logGet(46)) - raft.server.log.appender.buffer.element-limit = 1 (custom)
2022-10-22 01:06:24,756 [6e54690b-befe-42c2-a4b7-a861f73b2b3f@group-9278B7B813B0-FollowerState] INFO  server.RaftServerConfigKeys (ConfUtils.java:logFallback(53)) - raft.server.rpc.first-election.timeout.max = 5200ms (fallback to raft.server.rpc.timeout.max)
2022-10-22 01:06:24,756 [63ee6728-2597-4353-a315-509fdfe6db5e@group-9278B7B813B0-LeaderElection26] INFO  grpc.GrpcConfigKeys (ConfUtils.java:logGet(46)) - raft.grpc.server.leader.outstanding.appends.max = 128 (default)
2022-10-22 01:06:24,756 [63ee6728-2597-4353-a315-509fdfe6db5e@group-9278B7B813B0-LeaderElection26] INFO  server.RaftServerConfigKeys (ConfUtils.java:logGet(46)) - raft.server.rpc.request.timeout = 60s (custom)
2022-10-22 01:06:24,756 [63ee6728-2597-4353-a315-509fdfe6db5e@group-9278B7B813B0-LeaderElection26] INFO  server.RaftServerConfigKeys (ConfUtils.java:logGet(46)) - raft.server.log.appender.install.snapshot.enabled = false (custom)
2022-10-22 01:06:24,756 [63ee6728-2597-4353-a315-509fdfe6db5e@group-9278B7B813B0-LeaderElection26] INFO  grpc.GrpcConfigKeys (ConfUtils.java:logGet(46)) - raft.grpc.server.heartbeat.channel = true (default)
2022-10-22 01:06:24,756 [63ee6728-2597-4353-a315-509fdfe6db5e@group-9278B7B813B0-LeaderElection26] INFO  server.RaftServerConfigKeys (ConfUtils.java:logGet(46)) - raft.server.log.appender.wait-time.min = 10ms (default)
2022-10-22 01:06:24,757 [63ee6728-2597-4353-a315-509fdfe6db5e@group-9278B7B813B0-LeaderElection26] INFO  server.RaftServerConfigKeys (ConfUtils.java:logGet(46)) - raft.server.log.appender.snapshot.chunk.size.max = 16MB (=16777216) (default)
2022-10-22 01:06:24,757 [63ee6728-2597-4353-a315-509fdfe6db5e@group-9278B7B813B0-LeaderElection26] INFO  server.RaftServerConfigKeys (ConfUtils.java:logGet(46)) - raft.server.log.appender.buffer.byte-limit = 33554432 (custom)
2022-10-22 01:06:24,757 [63ee6728-2597-4353-a315-509fdfe6db5e@group-9278B7B813B0-LeaderElection26] INFO  server.RaftServerConfigKeys (ConfUtils.java:logGet(46)) - raft.server.log.appender.buffer.element-limit = 1 (custom)
2022-10-22 01:06:24,757 [63ee6728-2597-4353-a315-509fdfe6db5e@group-9278B7B813B0-LeaderElection26] INFO  grpc.GrpcConfigKeys (ConfUtils.java:logGet(46)) - raft.grpc.server.leader.outstanding.appends.max = 128 (default)
2022-10-22 01:06:24,757 [63ee6728-2597-4353-a315-509fdfe6db5e@group-9278B7B813B0-LeaderElection26] INFO  server.RaftServerConfigKeys (ConfUtils.java:logGet(46)) - raft.server.rpc.request.timeout = 60s (custom)
2022-10-22 01:06:24,757 [63ee6728-2597-4353-a315-509fdfe6db5e@group-9278B7B813B0-LeaderElection26] INFO  server.RaftServerConfigKeys (ConfUtils.java:logGet(46)) - raft.server.log.appender.install.snapshot.enabled = false (custom)
2022-10-22 01:06:24,757 [63ee6728-2597-4353-a315-509fdfe6db5e@group-9278B7B813B0-LeaderElection26] INFO  grpc.GrpcConfigKeys (ConfUtils.java:logGet(46)) - raft.grpc.server.heartbeat.channel = true (default)
2022-10-22 01:06:24,757 [63ee6728-2597-4353-a315-509fdfe6db5e@group-9278B7B813B0-LeaderElection26] INFO  server.RaftServerConfigKeys (ConfUtils.java:logGet(46)) - raft.server.log.appender.wait-time.min = 10ms (default)
2022-10-22 01:06:24,758 [63ee6728-2597-4353-a315-509fdfe6db5e@group-9278B7B813B0-LeaderElection26] INFO  impl.RoleInfo (RoleInfo.java:updateAndGet(139)) - 63ee6728-2597-4353-a315-509fdfe6db5e: start 63ee6728-2597-4353-a315-509fdfe6db5e@group-9278B7B813B0-LeaderStateImpl
2022-10-22 01:06:24,758 [63ee6728-2597-4353-a315-509fdfe6db5e@group-9278B7B813B0-LeaderElection26] INFO  segmented.SegmentedRaftLogWorker (SegmentedRaftLogWorker.java:startLogSegment(452)) - 63ee6728-2597-4353-a315-509fdfe6db5e@group-9278B7B813B0-SegmentedRaftLogWorker: Starting segment from index:0
2022-10-22 01:06:24,759 [EventQueue-PipelineReportForPipelineReportHandler] INFO  pipeline.PipelineManagerImpl (PipelineManagerImpl.java:openPipeline(367)) - Pipeline Pipeline[ Id: feee9a74-9677-4a42-930b-9278b7b813b0, Nodes: e349f11f-4d2d-4584-922f-e3c208c9e657{ip: 10.1.0.62, host: fv-az334-928.zg0gw54pbdoexfhqlmz30d51na.gx.internal.cloudapp.net, ports: [REPLICATION=32941, RATIS=34143, RATIS_ADMIN=34143, RATIS_SERVER=34143, STANDALONE=34963], networkLocation: /default-rack, certSerialId: null, persistedOpState: IN_SERVICE, persistedOpStateExpiryEpochSec: 0}6e54690b-befe-42c2-a4b7-a861f73b2b3f{ip: 10.1.0.62, host: fv-az334-928.zg0gw54pbdoexfhqlmz30d51na.gx.internal.cloudapp.net, ports: [REPLICATION=38893, RATIS=35347, RATIS_ADMIN=35347, RATIS_SERVER=35347, STANDALONE=41475], networkLocation: /default-rack, certSerialId: null, persistedOpState: IN_SERVICE, persistedOpStateExpiryEpochSec: 0}63ee6728-2597-4353-a315-509fdfe6db5e{ip: 10.1.0.62, host: fv-az334-928.zg0gw54pbdoexfhqlmz30d51na.gx.internal.cloudapp.net, ports: [REPLICATION=42825, RATIS=42903, RATIS_ADMIN=42903, RATIS_SERVER=42903, STANDALONE=33359], networkLocation: /default-rack, certSerialId: null, persistedOpState: IN_SERVICE, persistedOpStateExpiryEpochSec: 0}, ReplicationConfig: RATIS/THREE, State:ALLOCATED, leaderId:63ee6728-2597-4353-a315-509fdfe6db5e, CreationTimestamp2022-10-22T01:06:07.021Z[Etc/UTC]] moved to OPEN state
2022-10-22 01:06:24,761 [63ee6728-2597-4353-a315-509fdfe6db5e@group-9278B7B813B0-SegmentedRaftLogWorker] INFO  segmented.SegmentedRaftLogWorker (SegmentedRaftLogWorker.java:execute(656)) - 63ee6728-2597-4353-a315-509fdfe6db5e@group-9278B7B813B0-SegmentedRaftLogWorker: created new log segment /home/runner/work/ozone/ozone/hadoop-ozone/integration-test/target/test-dir/MiniOzoneClusterImpl-a988f88d-4efe-430b-bf3c-a1e83706c790/datanode-5/data/ratis/feee9a74-9677-4a42-930b-9278b7b813b0/current/log_inprogress_0
2022-10-22 01:06:24,767 [63ee6728-2597-4353-a315-509fdfe6db5e@group-9278B7B813B0-LeaderElection26] INFO  server.RaftServer$Division (ServerState.java:setRaftConf(430)) - 63ee6728-2597-4353-a315-509fdfe6db5e@group-9278B7B813B0: set configuration 0: peers:[63ee6728-2597-4353-a315-509fdfe6db5e|rpc:10.1.0.62:42903|dataStream:|priority:1|startupRole:FOLLOWER, 6e54690b-befe-42c2-a4b7-a861f73b2b3f|rpc:10.1.0.62:35347|dataStream:|priority:0|startupRole:FOLLOWER, e349f11f-4d2d-4584-922f-e3c208c9e657|rpc:10.1.0.62:34143|dataStream:|priority:0|startupRole:FOLLOWER]|listeners:[], old=null
2022-10-22 01:06:24,770 [6e54690b-befe-42c2-a4b7-a861f73b2b3f-server-thread1] INFO  ratis.XceiverServerRatis (XceiverServerRatis.java:handleLeaderChangedNotification(863)) - Leader change notification received for group: group-9278B7B813B0 with new leaderId: 63ee6728-2597-4353-a315-509fdfe6db5e
2022-10-22 01:06:24,770 [6e54690b-befe-42c2-a4b7-a861f73b2b3f-server-thread1] INFO  server.RaftServer$Division (ServerState.java:setLeader(313)) - 6e54690b-befe-42c2-a4b7-a861f73b2b3f@group-9278B7B813B0: change Leader from null to 63ee6728-2597-4353-a315-509fdfe6db5e at term 3 for appendEntries, leader elected after 15337ms
2022-10-22 01:06:24,770 [6e54690b-befe-42c2-a4b7-a861f73b2b3f-server-thread1] INFO  server.RaftServer$Division (ServerState.java:setRaftConf(430)) - 6e54690b-befe-42c2-a4b7-a861f73b2b3f@group-9278B7B813B0: set configuration 0: peers:[63ee6728-2597-4353-a315-509fdfe6db5e|rpc:10.1.0.62:42903|dataStream:|priority:1|startupRole:FOLLOWER, 6e54690b-befe-42c2-a4b7-a861f73b2b3f|rpc:10.1.0.62:35347|dataStream:|priority:0|startupRole:FOLLOWER, e349f11f-4d2d-4584-922f-e3c208c9e657|rpc:10.1.0.62:34143|dataStream:|priority:0|startupRole:FOLLOWER]|listeners:[], old=null
2022-10-22 01:06:24,770 [6e54690b-befe-42c2-a4b7-a861f73b2b3f-server-thread1] INFO  segmented.SegmentedRaftLogWorker (SegmentedRaftLogWorker.java:startLogSegment(452)) - 6e54690b-befe-42c2-a4b7-a861f73b2b3f@group-9278B7B813B0-SegmentedRaftLogWorker: Starting segment from index:0
2022-10-22 01:06:24,772 [6e54690b-befe-42c2-a4b7-a861f73b2b3f@group-9278B7B813B0-SegmentedRaftLogWorker] INFO  segmented.SegmentedRaftLogWorker (SegmentedRaftLogWorker.java:execute(656)) - 6e54690b-befe-42c2-a4b7-a861f73b2b3f@group-9278B7B813B0-SegmentedRaftLogWorker: created new log segment /home/runner/work/ozone/ozone/hadoop-ozone/integration-test/target/test-dir/MiniOzoneClusterImpl-a988f88d-4efe-430b-bf3c-a1e83706c790/datanode-3/data/ratis/feee9a74-9677-4a42-930b-9278b7b813b0/current/log_inprogress_0
2022-10-22 01:06:24,783 [e349f11f-4d2d-4584-922f-e3c208c9e657-server-thread2] INFO  ratis.XceiverServerRatis (XceiverServerRatis.java:handleLeaderChangedNotification(863)) - Leader change notification received for group: group-9278B7B813B0 with new leaderId: 63ee6728-2597-4353-a315-509fdfe6db5e
2022-10-22 01:06:24,783 [e349f11f-4d2d-4584-922f-e3c208c9e657-server-thread2] INFO  server.RaftServer$Division (ServerState.java:setLeader(313)) - e349f11f-4d2d-4584-922f-e3c208c9e657@group-9278B7B813B0: change Leader from null to 63ee6728-2597-4353-a315-509fdfe6db5e at term 3 for appendEntries, leader elected after 15323ms
2022-10-22 01:06:24,783 [e349f11f-4d2d-4584-922f-e3c208c9e657-server-thread2] INFO  server.RaftServer$Division (ServerState.java:setRaftConf(430)) - e349f11f-4d2d-4584-922f-e3c208c9e657@group-9278B7B813B0: set configuration 0: peers:[63ee6728-2597-4353-a315-509fdfe6db5e|rpc:10.1.0.62:42903|dataStream:|priority:1|startupRole:FOLLOWER, 6e54690b-befe-42c2-a4b7-a861f73b2b3f|rpc:10.1.0.62:35347|dataStream:|priority:0|startupRole:FOLLOWER, e349f11f-4d2d-4584-922f-e3c208c9e657|rpc:10.1.0.62:34143|dataStream:|priority:0|startupRole:FOLLOWER]|listeners:[], old=null
2022-10-22 01:06:24,783 [e349f11f-4d2d-4584-922f-e3c208c9e657-server-thread2] INFO  segmented.SegmentedRaftLogWorker (SegmentedRaftLogWorker.java:startLogSegment(452)) - e349f11f-4d2d-4584-922f-e3c208c9e657@group-9278B7B813B0-SegmentedRaftLogWorker: Starting segment from index:0
2022-10-22 01:06:24,785 [e349f11f-4d2d-4584-922f-e3c208c9e657@group-9278B7B813B0-SegmentedRaftLogWorker] INFO  segmented.SegmentedRaftLogWorker (SegmentedRaftLogWorker.java:execute(656)) - e349f11f-4d2d-4584-922f-e3c208c9e657@group-9278B7B813B0-SegmentedRaftLogWorker: created new log segment /home/runner/work/ozone/ozone/hadoop-ozone/integration-test/target/test-dir/MiniOzoneClusterImpl-a988f88d-4efe-430b-bf3c-a1e83706c790/datanode-4/data/ratis/feee9a74-9677-4a42-930b-9278b7b813b0/current/log_inprogress_0
2022-10-22 01:06:51,444 [Under Replicated Processor] INFO  replication.UnderReplicatedProcessor (UnderReplicatedProcessor.java:processAll(92)) - Processed 0 under replicated containers, failed processing 0
2022-10-22 01:06:51,453 [Over Replicated Processor] INFO  replication.OverReplicatedProcessor (OverReplicatedProcessor.java:processAll(90)) - Processed 0 over replicated containers, failed processing 0
2022-10-22 01:07:21,444 [Under Replicated Processor] INFO  replication.UnderReplicatedProcessor (UnderReplicatedProcessor.java:processAll(92)) - Processed 0 under replicated containers, failed processing 0
2022-10-22 01:07:21,453 [Over Replicated Processor] INFO  replication.OverReplicatedProcessor (OverReplicatedProcessor.java:processAll(90)) - Processed 0 over replicated containers, failed processing 0
2022-10-22 01:07:51,445 [Under Replicated Processor] INFO  replication.UnderReplicatedProcessor (UnderReplicatedProcessor.java:processAll(92)) - Processed 0 under replicated containers, failed processing 0
2022-10-22 01:07:51,453 [Over Replicated Processor] INFO  replication.OverReplicatedProcessor (OverReplicatedProcessor.java:processAll(90)) - Processed 0 over replicated containers, failed processing 0
]]></system-out>
  </testcase>
</testsuite>