<?xml version="1.0" encoding="UTF-8"?>
<testsuite xmlns:xsi="http://www.w3.org/2001/XMLSchema-instance" xsi:noNamespaceSchemaLocation="https://maven.apache.org/surefire/maven-surefire-plugin/xsd/surefire-test-report-3.0.xsd" version="3.0" name="org.apache.hadoop.ozone.security.acl.TestParentAcl" time="14.771" tests="2" errors="0" skipped="0" failures="1">
  <properties>
    <property name="awt.toolkit" value="sun.awt.X11.XToolkit"/>
    <property name="file.encoding.pkg" value="sun.io"/>
    <property name="java.specification.version" value="1.8"/>
    <property name="sun.cpu.isalist" value=""/>
    <property name="sun.jnu.encoding" value="UTF-8"/>
    <property name="java.class.path" value="/home/runner/work/ozone/ozone/hadoop-ozone/ozone-manager/target/test-classes:/home/runner/work/ozone/ozone/hadoop-ozone/ozone-manager/target/classes:/home/runner/.m2/repository/org/aspectj/aspectjrt/1.9.7/aspectjrt-1.9.7.jar:/home/runner/.m2/repository/org/aspectj/aspectjweaver/1.9.7/aspectjweaver-1.9.7.jar:/home/runner/work/ozone/ozone/hadoop-ozone/common/target/classes:/home/runner/.m2/repository/io/grpc/grpc-netty/1.38.0/grpc-netty-1.38.0.jar:/home/runner/.m2/repository/io/grpc/grpc-core/1.38.0/grpc-core-1.38.0.jar:/home/runner/.m2/repository/io/grpc/grpc-api/1.38.0/grpc-api-1.38.0.jar:/home/runner/.m2/repository/io/grpc/grpc-context/1.38.0/grpc-context-1.38.0.jar:/home/runner/.m2/repository/com/google/android/annotations/4.1.1.4/annotations-4.1.1.4.jar:/home/runner/.m2/repository/com/google/errorprone/error_prone_annotations/2.2.0/error_prone_annotations-2.2.0.jar:/home/runner/.m2/repository/io/perfmark/perfmark-api/0.23.0/perfmark-api-0.23.0.jar:/home/runner/.m2/repository/org/codehaus/mojo/animal-sniffer-annotations/1.19/animal-sniffer-annotations-1.19.jar:/home/runner/.m2/repository/io/netty/netty-codec-http2/4.1.63.Final/netty-codec-http2-4.1.63.Final.jar:/home/runner/.m2/repository/io/netty/netty-common/4.1.63.Final/netty-common-4.1.63.Final.jar:/home/runner/.m2/repository/io/netty/netty-buffer/4.1.63.Final/netty-buffer-4.1.63.Final.jar:/home/runner/.m2/repository/io/netty/netty-transport/4.1.63.Final/netty-transport-4.1.63.Final.jar:/home/runner/.m2/repository/io/netty/netty-resolver/4.1.63.Final/netty-resolver-4.1.63.Final.jar:/home/runner/.m2/repository/io/netty/netty-codec/4.1.63.Final/netty-codec-4.1.63.Final.jar:/home/runner/.m2/repository/io/netty/netty-handler/4.1.63.Final/netty-handler-4.1.63.Final.jar:/home/runner/.m2/repository/io/netty/netty-codec-http/4.1.63.Final/netty-codec-http-4.1.63.Final.jar:/home/runner/.m2/repository/io/netty/netty-handler-proxy/4.1.63.Final/netty-handler-proxy-4.1.63.Final.jar:/home/runner/.m2/repository/io/netty/netty-codec-socks/4.1.63.Final/netty-codec-socks-4.1.63.Final.jar:/home/runner/.m2/repository/org/apache/commons/commons-compress/1.21/commons-compress-1.21.jar:/home/runner/work/ozone/ozone/hadoop-hdds/common/target/classes:/home/runner/work/ozone/ozone/hadoop-hdds/client/target/classes:/home/runner/work/ozone/ozone/hadoop-ozone/interface-client/target/classes:/home/runner/.m2/repository/io/grpc/grpc-protobuf/1.38.0/grpc-protobuf-1.38.0.jar:/home/runner/.m2/repository/com/google/api/grpc/proto-google-common-protos/2.0.1/proto-google-common-protos-2.0.1.jar:/home/runner/.m2/repository/io/grpc/grpc-protobuf-lite/1.38.0/grpc-protobuf-lite-1.38.0.jar:/home/runner/.m2/repository/io/grpc/grpc-stub/1.38.0/grpc-stub-1.38.0.jar:/home/runner/work/ozone/ozone/hadoop-ozone/client/target/classes:/home/runner/work/ozone/ozone/hadoop-hdds/erasurecode/target/classes:/home/runner/work/ozone/ozone/hadoop-hdds/docs/target/classes:/home/runner/work/ozone/ozone/hadoop-hdds/interface-client/target/classes:/home/runner/.m2/repository/com/google/protobuf/protobuf-java/2.5.0/protobuf-java-2.5.0.jar:/home/runner/.m2/repository/org/apache/hadoop/thirdparty/hadoop-shaded-protobuf_3_7/1.1.1/hadoop-shaded-protobuf_3_7-1.1.1.jar:/home/runner/.m2/repository/org/apache/ratis/ratis-thirdparty-misc/0.7.0/ratis-thirdparty-misc-0.7.0.jar:/home/runner/.m2/repository/javax/annotation/javax.annotation-api/1.2/javax.annotation-api-1.2.jar:/home/runner/.m2/repository/com/google/code/findbugs/jsr305/3.0.0/jsr305-3.0.0.jar:/home/runner/work/ozone/ozone/hadoop-ozone/interface-storage/target/classes:/home/runner/work/ozone/ozone/hadoop-hdds/test-utils/target/classes:/home/runner/.m2/repository/com/google/guava/guava/30.1.1-jre/guava-30.1.1-jre.jar:/home/runner/.m2/repository/com/google/guava/failureaccess/1.0.1/failureaccess-1.0.1.jar:/home/runner/.m2/repository/com/google/guava/listenablefuture/9999.0-empty-to-avoid-conflict-with-guava/listenablefuture-9999.0-empty-to-avoid-conflict-with-guava.jar:/home/runner/.m2/repository/org/checkerframework/checker-qual/3.8.0/checker-qual-3.8.0.jar:/home/runner/.m2/repository/com/google/j2objc/j2objc-annotations/1.3/j2objc-annotations-1.3.jar:/home/runner/.m2/repository/commons-io/commons-io/2.11.0/commons-io-2.11.0.jar:/home/runner/.m2/repository/commons-logging/commons-logging/1.2/commons-logging-1.2.jar:/home/runner/.m2/repository/org/junit/jupiter/junit-jupiter-api/5.7.0/junit-jupiter-api-5.7.0.jar:/home/runner/.m2/repository/org/apiguardian/apiguardian-api/1.1.0/apiguardian-api-1.1.0.jar:/home/runner/.m2/repository/org/opentest4j/opentest4j/1.2.0/opentest4j-1.2.0.jar:/home/runner/.m2/repository/org/junit/platform/junit-platform-commons/1.7.0/junit-platform-commons-1.7.0.jar:/home/runner/.m2/repository/log4j/log4j/1.2.17/log4j-1.2.17.jar:/home/runner/.m2/repository/org/apache/commons/commons-lang3/3.7/commons-lang3-3.7.jar:/home/runner/.m2/repository/org/slf4j/slf4j-api/1.7.30/slf4j-api-1.7.30.jar:/home/runner/work/ozone/ozone/hadoop-hdds/framework/target/classes:/home/runner/work/ozone/ozone/hadoop-hdds/interface-server/target/classes:/home/runner/work/ozone/ozone/hadoop-hdds/interface-admin/target/classes:/home/runner/.m2/repository/org/apache/logging/log4j/log4j-core/2.17.1/log4j-core-2.17.1.jar:/home/runner/.m2/repository/com/lmax/disruptor/3.4.2/disruptor-3.4.2.jar:/home/runner/.m2/repository/org/eclipse/jetty/jetty-util/9.4.43.v20210629/jetty-util-9.4.43.v20210629.jar:/home/runner/.m2/repository/org/eclipse/jetty/jetty-server/9.4.43.v20210629/jetty-server-9.4.43.v20210629.jar:/home/runner/.m2/repository/javax/servlet/javax.servlet-api/3.1.0/javax.servlet-api-3.1.0.jar:/home/runner/.m2/repository/org/eclipse/jetty/jetty-http/9.4.43.v20210629/jetty-http-9.4.43.v20210629.jar:/home/runner/.m2/repository/org/eclipse/jetty/jetty-io/9.4.43.v20210629/jetty-io-9.4.43.v20210629.jar:/home/runner/.m2/repository/org/eclipse/jetty/jetty-servlet/9.4.43.v20210629/jetty-servlet-9.4.43.v20210629.jar:/home/runner/.m2/repository/org/eclipse/jetty/jetty-security/9.4.43.v20210629/jetty-security-9.4.43.v20210629.jar:/home/runner/.m2/repository/org/eclipse/jetty/jetty-util-ajax/9.4.43.v20210629/jetty-util-ajax-9.4.43.v20210629.jar:/home/runner/.m2/repository/org/eclipse/jetty/jetty-webapp/9.4.43.v20210629/jetty-webapp-9.4.43.v20210629.jar:/home/runner/.m2/repository/org/eclipse/jetty/jetty-xml/9.4.43.v20210629/jetty-xml-9.4.43.v20210629.jar:/home/runner/.m2/repository/org/apache/ratis/ratis-server/2.2.0/ratis-server-2.2.0.jar:/home/runner/.m2/repository/org/apache/ratis/ratis-proto/2.2.0/ratis-proto-2.2.0.jar:/home/runner/.m2/repository/org/apache/ratis/ratis-common/2.2.0/ratis-common-2.2.0.jar:/home/runner/.m2/repository/org/apache/ratis/ratis-client/2.2.0/ratis-client-2.2.0.jar:/home/runner/.m2/repository/org/apache/ratis/ratis-server-api/2.2.0/ratis-server-api-2.2.0.jar:/home/runner/.m2/repository/org/apache/ratis/ratis-metrics/2.2.0/ratis-metrics-2.2.0.jar:/home/runner/.m2/repository/org/rocksdb/rocksdbjni/7.0.4/rocksdbjni-7.0.4.jar:/home/runner/.m2/repository/io/prometheus/simpleclient_dropwizard/0.7.0/simpleclient_dropwizard-0.7.0.jar:/home/runner/.m2/repository/io/prometheus/simpleclient/0.7.0/simpleclient-0.7.0.jar:/home/runner/.m2/repository/io/prometheus/simpleclient_common/0.7.0/simpleclient_common-0.7.0.jar:/home/runner/.m2/repository/com/fasterxml/jackson/datatype/jackson-datatype-jsr310/2.13.2/jackson-datatype-jsr310-2.13.2.jar:/home/runner/.m2/repository/com/fasterxml/jackson/core/jackson-core/2.13.2/jackson-core-2.13.2.jar:/home/runner/.m2/repository/com/fasterxml/jackson/core/jackson-databind/2.13.2.2/jackson-databind-2.13.2.2.jar:/home/runner/.m2/repository/org/apache/hadoop/hadoop-hdfs-client/3.3.1/hadoop-hdfs-client-3.3.1.jar:/home/runner/work/ozone/ozone/hadoop-hdds/hadoop-dependency-server/target/classes:/home/runner/.m2/repository/org/apache/hadoop/hadoop-annotations/3.3.1/hadoop-annotations-3.3.1.jar:/usr/lib/jvm/temurin-8-jdk-amd64/jre/../lib/tools.jar:/home/runner/.m2/repository/org/apache/hadoop/hadoop-common/3.3.1/hadoop-common-3.3.1.jar:/home/runner/.m2/repository/org/apache/hadoop/thirdparty/hadoop-shaded-guava/1.1.1/hadoop-shaded-guava-1.1.1.jar:/home/runner/.m2/repository/org/apache/commons/commons-math3/3.1.1/commons-math3-3.1.1.jar:/home/runner/.m2/repository/org/apache/httpcomponents/httpclient/4.5.13/httpclient-4.5.13.jar:/home/runner/.m2/repository/org/apache/httpcomponents/httpcore/4.4.13/httpcore-4.4.13.jar:/home/runner/.m2/repository/commons-codec/commons-codec/1.11/commons-codec-1.11.jar:/home/runner/.m2/repository/commons-net/commons-net/3.6/commons-net-3.6.jar:/home/runner/.m2/repository/commons-collections/commons-collections/3.2.2/commons-collections-3.2.2.jar:/home/runner/.m2/repository/jakarta/activation/jakarta.activation-api/1.2.1/jakarta.activation-api-1.2.1.jar:/home/runner/.m2/repository/javax/servlet/jsp/jsp-api/2.1/jsp-api-2.1.jar:/home/runner/.m2/repository/com/sun/jersey/jersey-core/1.19/jersey-core-1.19.jar:/home/runner/.m2/repository/javax/ws/rs/jsr311-api/1.1.1/jsr311-api-1.1.1.jar:/home/runner/.m2/repository/com/sun/jersey/jersey-servlet/1.19/jersey-servlet-1.19.jar:/home/runner/.m2/repository/com/sun/jersey/jersey-server/1.19/jersey-server-1.19.jar:/home/runner/.m2/repository/commons-beanutils/commons-beanutils/1.9.4/commons-beanutils-1.9.4.jar:/home/runner/.m2/repository/org/apache/commons/commons-configuration2/2.1.1/commons-configuration2-2.1.1.jar:/home/runner/.m2/repository/org/apache/commons/commons-text/1.4/commons-text-1.4.jar:/home/runner/.m2/repository/org/slf4j/slf4j-log4j12/1.7.30/slf4j-log4j12-1.7.30.jar:/home/runner/.m2/repository/com/google/re2j/re2j/1.1/re2j-1.1.jar:/home/runner/.m2/repository/com/google/code/gson/gson/2.2.4/gson-2.2.4.jar:/home/runner/.m2/repository/org/apache/hadoop/hadoop-auth/3.3.1/hadoop-auth-3.3.1.jar:/home/runner/.m2/repository/com/nimbusds/nimbus-jose-jwt/7.9/nimbus-jose-jwt-7.9.jar:/home/runner/.m2/repository/com/github/stephenc/jcip/jcip-annotations/1.0-1/jcip-annotations-1.0-1.jar:/home/runner/.m2/repository/net/minidev/json-smart/2.4.7/json-smart-2.4.7.jar:/home/runner/.m2/repository/net/minidev/accessors-smart/2.4.7/accessors-smart-2.4.7.jar:/home/runner/.m2/repository/org/apache/kerby/kerb-simplekdc/1.0.1/kerb-simplekdc-1.0.1.jar:/home/runner/.m2/repository/org/apache/kerby/kerb-client/1.0.1/kerb-client-1.0.1.jar:/home/runner/.m2/repository/org/apache/kerby/kerby-config/1.0.1/kerby-config-1.0.1.jar:/home/runner/.m2/repository/org/apache/kerby/kerb-common/1.0.1/kerb-common-1.0.1.jar:/home/runner/.m2/repository/org/apache/kerby/kerb-crypto/1.0.1/kerb-crypto-1.0.1.jar:/home/runner/.m2/repository/org/apache/kerby/kerb-util/1.0.1/kerb-util-1.0.1.jar:/home/runner/.m2/repository/org/apache/kerby/token-provider/1.0.1/token-provider-1.0.1.jar:/home/runner/.m2/repository/org/apache/kerby/kerb-admin/1.0.1/kerb-admin-1.0.1.jar:/home/runner/.m2/repository/org/apache/kerby/kerb-server/1.0.1/kerb-server-1.0.1.jar:/home/runner/.m2/repository/org/apache/kerby/kerb-identity/1.0.1/kerb-identity-1.0.1.jar:/home/runner/.m2/repository/org/apache/kerby/kerby-xdr/1.0.1/kerby-xdr-1.0.1.jar:/home/runner/.m2/repository/com/jcraft/jsch/0.1.54/jsch-0.1.54.jar:/home/runner/.m2/repository/org/apache/htrace/htrace-core4/4.1.0-incubating/htrace-core4-4.1.0-incubating.jar:/home/runner/.m2/repository/org/apache/kerby/kerb-core/1.0.1/kerb-core-1.0.1.jar:/home/runner/.m2/repository/org/apache/kerby/kerby-pkix/1.0.1/kerby-pkix-1.0.1.jar:/home/runner/.m2/repository/org/apache/kerby/kerby-asn1/1.0.1/kerby-asn1-1.0.1.jar:/home/runner/.m2/repository/org/apache/kerby/kerby-util/1.0.1/kerby-util-1.0.1.jar:/home/runner/.m2/repository/org/codehaus/woodstox/stax2-api/3.1.4/stax2-api-3.1.4.jar:/home/runner/.m2/repository/com/fasterxml/woodstox/woodstox-core/5.0.3/woodstox-core-5.0.3.jar:/home/runner/.m2/repository/dnsjava/dnsjava/2.1.7/dnsjava-2.1.7.jar:/home/runner/.m2/repository/org/xerial/snappy/snappy-java/1.1.8.2/snappy-java-1.1.8.2.jar:/home/runner/.m2/repository/commons-cli/commons-cli/1.2/commons-cli-1.2.jar:/home/runner/.m2/repository/org/apache/hadoop/hadoop-hdfs/3.3.1/hadoop-hdfs-3.3.1.jar:/home/runner/.m2/repository/commons-daemon/commons-daemon/1.0.13/commons-daemon-1.0.13.jar:/home/runner/.m2/repository/org/bouncycastle/bcprov-jdk15on/1.67/bcprov-jdk15on-1.67.jar:/home/runner/.m2/repository/io/netty/netty-tcnative/2.0.38.Final/netty-tcnative-2.0.38.Final.jar:/home/runner/.m2/repository/io/netty/netty-tcnative-boringssl-static/2.0.38.Final/netty-tcnative-boringssl-static-2.0.38.Final.jar:/home/runner/.m2/repository/org/mockito/mockito-core/2.28.2/mockito-core-2.28.2.jar:/home/runner/.m2/repository/net/bytebuddy/byte-buddy/1.9.10/byte-buddy-1.9.10.jar:/home/runner/.m2/repository/net/bytebuddy/byte-buddy-agent/1.9.10/byte-buddy-agent-1.9.10.jar:/home/runner/.m2/repository/org/objenesis/objenesis/1.0/objenesis-1.0.jar:/home/runner/.m2/repository/com/github/spotbugs/spotbugs-annotations/3.1.12/spotbugs-annotations-3.1.12.jar:/home/runner/work/ozone/ozone/hadoop-hdds/common/target/test-classes:/home/runner/work/ozone/ozone/hadoop-hdds/hadoop-dependency-client/target/classes:/home/runner/.m2/repository/info/picocli/picocli/4.6.1/picocli-4.6.1.jar:/home/runner/.m2/repository/com/fasterxml/jackson/core/jackson-annotations/2.13.2/jackson-annotations-2.13.2.jar:/home/runner/work/ozone/ozone/hadoop-hdds/config/target/classes:/home/runner/.m2/repository/io/dropwizard/metrics/metrics-core/3.2.4/metrics-core-3.2.4.jar:/home/runner/.m2/repository/org/apache/ratis/ratis-netty/2.2.0/ratis-netty-2.2.0.jar:/home/runner/.m2/repository/org/apache/ratis/ratis-grpc/2.2.0/ratis-grpc-2.2.0.jar:/home/runner/.m2/repository/org/apache/logging/log4j/log4j-api/2.17.1/log4j-api-2.17.1.jar:/home/runner/.m2/repository/org/apache/commons/commons-pool2/2.6.0/commons-pool2-2.6.0.jar:/home/runner/.m2/repository/org/bouncycastle/bcpkix-jdk15on/1.67/bcpkix-jdk15on-1.67.jar:/home/runner/.m2/repository/commons-validator/commons-validator/1.6/commons-validator-1.6.jar:/home/runner/.m2/repository/commons-digester/commons-digester/1.8.1/commons-digester-1.8.1.jar:/home/runner/.m2/repository/io/jaegertracing/jaeger-client/1.6.0/jaeger-client-1.6.0.jar:/home/runner/.m2/repository/io/jaegertracing/jaeger-thrift/1.6.0/jaeger-thrift-1.6.0.jar:/home/runner/.m2/repository/org/apache/thrift/libthrift/0.14.1/libthrift-0.14.1.jar:/home/runner/.m2/repository/com/squareup/okhttp3/okhttp/4.9.0/okhttp-4.9.0.jar:/home/runner/.m2/repository/com/squareup/okio/okio/2.8.0/okio-2.8.0.jar:/home/runner/.m2/repository/io/jaegertracing/jaeger-core/1.6.0/jaeger-core-1.6.0.jar:/home/runner/.m2/repository/io/jaegertracing/jaeger-tracerresolver/1.6.0/jaeger-tracerresolver-1.6.0.jar:/home/runner/.m2/repository/io/opentracing/contrib/opentracing-tracerresolver/0.1.8/opentracing-tracerresolver-0.1.8.jar:/home/runner/.m2/repository/org/jetbrains/kotlin/kotlin-stdlib/1.4.31/kotlin-stdlib-1.4.31.jar:/home/runner/.m2/repository/org/jetbrains/kotlin/kotlin-stdlib-common/1.4.31/kotlin-stdlib-common-1.4.31.jar:/home/runner/.m2/repository/org/jetbrains/annotations/13.0/annotations-13.0.jar:/home/runner/.m2/repository/io/opentracing/opentracing-util/0.33.0/opentracing-util-0.33.0.jar:/home/runner/.m2/repository/io/opentracing/opentracing-api/0.33.0/opentracing-api-0.33.0.jar:/home/runner/.m2/repository/io/opentracing/opentracing-noop/0.33.0/opentracing-noop-0.33.0.jar:/home/runner/.m2/repository/org/yaml/snakeyaml/1.26/snakeyaml-1.26.jar:/home/runner/work/ozone/ozone/hadoop-hdds/hadoop-dependency-test/target/classes:/home/runner/.m2/repository/org/apache/hadoop/hadoop-common/3.3.1/hadoop-common-3.3.1-tests.jar:/home/runner/.m2/repository/org/apache/hadoop/hadoop-hdfs/3.3.1/hadoop-hdfs-3.3.1-tests.jar:/home/runner/.m2/repository/org/assertj/assertj-core/3.12.2/assertj-core-3.12.2.jar:/home/runner/work/ozone/ozone/hadoop-hdds/server-scm/target/test-classes:/home/runner/work/ozone/ozone/hadoop-hdds/container-service/target/classes:/home/runner/.m2/repository/javax/xml/bind/jaxb-api/2.3.0/jaxb-api-2.3.0.jar:/home/runner/.m2/repository/org/glassfish/jaxb/jaxb-runtime/2.3.0.1/jaxb-runtime-2.3.0.1.jar:/home/runner/.m2/repository/org/glassfish/jaxb/jaxb-core/2.3.0.1/jaxb-core-2.3.0.1.jar:/home/runner/.m2/repository/org/glassfish/jaxb/txw2/2.3.0.1/txw2-2.3.0.1.jar:/home/runner/.m2/repository/com/sun/istack/istack-commons-runtime/3.0.5/istack-commons-runtime-3.0.5.jar:/home/runner/.m2/repository/org/jvnet/staxex/stax-ex/1.7.8/stax-ex-1.7.8.jar:/home/runner/.m2/repository/com/sun/xml/fastinfoset/FastInfoset/1.2.13/FastInfoset-1.2.13.jar:/home/runner/.m2/repository/junit/junit/4.13.1/junit-4.13.1.jar:/home/runner/.m2/repository/org/hamcrest/hamcrest-core/1.3/hamcrest-core-1.3.jar:/home/runner/.m2/repository/org/jmockit/jmockit/1.24/jmockit-1.24.jar:/home/runner/.m2/repository/org/hamcrest/hamcrest-all/1.3/hamcrest-all-1.3.jar:/home/runner/.m2/repository/com/google/testing/compile/compile-testing/0.19/compile-testing-0.19.jar:/home/runner/.m2/repository/com/google/truth/truth/1.1/truth-1.1.jar:/home/runner/.m2/repository/com/google/auto/value/auto-value-annotations/1.7.4/auto-value-annotations-1.7.4.jar:/home/runner/.m2/repository/org/ow2/asm/asm/5.0.4/asm-5.0.4.jar:/home/runner/.m2/repository/com/google/auto/value/auto-value/1.7.4/auto-value-1.7.4.jar:/home/runner/.m2/repository/com/google/auto/auto-common/0.11/auto-common-0.11.jar:/usr/lib/jvm/temurin-8-jdk-amd64/jre/../lib/tools.jar:/home/runner/.m2/repository/org/reflections/reflections/0.9.11/reflections-0.9.11.jar:/home/runner/.m2/repository/org/javassist/javassist/3.21.0-GA/javassist-3.21.0-GA.jar:/home/runner/work/ozone/ozone/dev-support/annotations/target/classes:"/>
    <property name="java.vm.vendor" value="Temurin"/>
    <property name="sun.arch.data.model" value="64"/>
    <property name="test.build.dir" value="/home/runner/work/ozone/ozone/hadoop-ozone/ozone-manager/target/test-dir"/>
    <property name="test.cache.data" value=""/>
    <property name="java.vendor.url" value="https://adoptium.net/"/>
    <property name="user.timezone" value="Etc/UTC"/>
    <property name="java.vm.specification.version" value="1.8"/>
    <property name="os.name" value="Linux"/>
    <property name="test.build.data" value="/home/runner/work/ozone/ozone/hadoop-ozone/ozone-manager/target/test-dir"/>
    <property name="sun.java.launcher" value="SUN_STANDARD"/>
    <property name="sun.boot.library.path" value="/usr/lib/jvm/temurin-8-jdk-amd64/jre/lib/amd64"/>
    <property name="sun.java.command" value="/home/runner/work/ozone/ozone/hadoop-ozone/ozone-manager/target/surefire/surefirebooter1071312449289583998.jar /home/runner/work/ozone/ozone/hadoop-ozone/ozone-manager/target/surefire 2022-05-10T23-15-45_367-jvmRun1 surefire3240121371759908627tmp surefire_291561075176640181030tmp"/>
    <property name="surefire.test.class.path" value="/home/runner/work/ozone/ozone/hadoop-ozone/ozone-manager/target/test-classes:/home/runner/work/ozone/ozone/hadoop-ozone/ozone-manager/target/classes:/home/runner/.m2/repository/org/aspectj/aspectjrt/1.9.7/aspectjrt-1.9.7.jar:/home/runner/.m2/repository/org/aspectj/aspectjweaver/1.9.7/aspectjweaver-1.9.7.jar:/home/runner/work/ozone/ozone/hadoop-ozone/common/target/classes:/home/runner/.m2/repository/io/grpc/grpc-netty/1.38.0/grpc-netty-1.38.0.jar:/home/runner/.m2/repository/io/grpc/grpc-core/1.38.0/grpc-core-1.38.0.jar:/home/runner/.m2/repository/io/grpc/grpc-api/1.38.0/grpc-api-1.38.0.jar:/home/runner/.m2/repository/io/grpc/grpc-context/1.38.0/grpc-context-1.38.0.jar:/home/runner/.m2/repository/com/google/android/annotations/4.1.1.4/annotations-4.1.1.4.jar:/home/runner/.m2/repository/com/google/errorprone/error_prone_annotations/2.2.0/error_prone_annotations-2.2.0.jar:/home/runner/.m2/repository/io/perfmark/perfmark-api/0.23.0/perfmark-api-0.23.0.jar:/home/runner/.m2/repository/org/codehaus/mojo/animal-sniffer-annotations/1.19/animal-sniffer-annotations-1.19.jar:/home/runner/.m2/repository/io/netty/netty-codec-http2/4.1.63.Final/netty-codec-http2-4.1.63.Final.jar:/home/runner/.m2/repository/io/netty/netty-common/4.1.63.Final/netty-common-4.1.63.Final.jar:/home/runner/.m2/repository/io/netty/netty-buffer/4.1.63.Final/netty-buffer-4.1.63.Final.jar:/home/runner/.m2/repository/io/netty/netty-transport/4.1.63.Final/netty-transport-4.1.63.Final.jar:/home/runner/.m2/repository/io/netty/netty-resolver/4.1.63.Final/netty-resolver-4.1.63.Final.jar:/home/runner/.m2/repository/io/netty/netty-codec/4.1.63.Final/netty-codec-4.1.63.Final.jar:/home/runner/.m2/repository/io/netty/netty-handler/4.1.63.Final/netty-handler-4.1.63.Final.jar:/home/runner/.m2/repository/io/netty/netty-codec-http/4.1.63.Final/netty-codec-http-4.1.63.Final.jar:/home/runner/.m2/repository/io/netty/netty-handler-proxy/4.1.63.Final/netty-handler-proxy-4.1.63.Final.jar:/home/runner/.m2/repository/io/netty/netty-codec-socks/4.1.63.Final/netty-codec-socks-4.1.63.Final.jar:/home/runner/.m2/repository/org/apache/commons/commons-compress/1.21/commons-compress-1.21.jar:/home/runner/work/ozone/ozone/hadoop-hdds/common/target/classes:/home/runner/work/ozone/ozone/hadoop-hdds/client/target/classes:/home/runner/work/ozone/ozone/hadoop-ozone/interface-client/target/classes:/home/runner/.m2/repository/io/grpc/grpc-protobuf/1.38.0/grpc-protobuf-1.38.0.jar:/home/runner/.m2/repository/com/google/api/grpc/proto-google-common-protos/2.0.1/proto-google-common-protos-2.0.1.jar:/home/runner/.m2/repository/io/grpc/grpc-protobuf-lite/1.38.0/grpc-protobuf-lite-1.38.0.jar:/home/runner/.m2/repository/io/grpc/grpc-stub/1.38.0/grpc-stub-1.38.0.jar:/home/runner/work/ozone/ozone/hadoop-ozone/client/target/classes:/home/runner/work/ozone/ozone/hadoop-hdds/erasurecode/target/classes:/home/runner/work/ozone/ozone/hadoop-hdds/docs/target/classes:/home/runner/work/ozone/ozone/hadoop-hdds/interface-client/target/classes:/home/runner/.m2/repository/com/google/protobuf/protobuf-java/2.5.0/protobuf-java-2.5.0.jar:/home/runner/.m2/repository/org/apache/hadoop/thirdparty/hadoop-shaded-protobuf_3_7/1.1.1/hadoop-shaded-protobuf_3_7-1.1.1.jar:/home/runner/.m2/repository/org/apache/ratis/ratis-thirdparty-misc/0.7.0/ratis-thirdparty-misc-0.7.0.jar:/home/runner/.m2/repository/javax/annotation/javax.annotation-api/1.2/javax.annotation-api-1.2.jar:/home/runner/.m2/repository/com/google/code/findbugs/jsr305/3.0.0/jsr305-3.0.0.jar:/home/runner/work/ozone/ozone/hadoop-ozone/interface-storage/target/classes:/home/runner/work/ozone/ozone/hadoop-hdds/test-utils/target/classes:/home/runner/.m2/repository/com/google/guava/guava/30.1.1-jre/guava-30.1.1-jre.jar:/home/runner/.m2/repository/com/google/guava/failureaccess/1.0.1/failureaccess-1.0.1.jar:/home/runner/.m2/repository/com/google/guava/listenablefuture/9999.0-empty-to-avoid-conflict-with-guava/listenablefuture-9999.0-empty-to-avoid-conflict-with-guava.jar:/home/runner/.m2/repository/org/checkerframework/checker-qual/3.8.0/checker-qual-3.8.0.jar:/home/runner/.m2/repository/com/google/j2objc/j2objc-annotations/1.3/j2objc-annotations-1.3.jar:/home/runner/.m2/repository/commons-io/commons-io/2.11.0/commons-io-2.11.0.jar:/home/runner/.m2/repository/commons-logging/commons-logging/1.2/commons-logging-1.2.jar:/home/runner/.m2/repository/org/junit/jupiter/junit-jupiter-api/5.7.0/junit-jupiter-api-5.7.0.jar:/home/runner/.m2/repository/org/apiguardian/apiguardian-api/1.1.0/apiguardian-api-1.1.0.jar:/home/runner/.m2/repository/org/opentest4j/opentest4j/1.2.0/opentest4j-1.2.0.jar:/home/runner/.m2/repository/org/junit/platform/junit-platform-commons/1.7.0/junit-platform-commons-1.7.0.jar:/home/runner/.m2/repository/log4j/log4j/1.2.17/log4j-1.2.17.jar:/home/runner/.m2/repository/org/apache/commons/commons-lang3/3.7/commons-lang3-3.7.jar:/home/runner/.m2/repository/org/slf4j/slf4j-api/1.7.30/slf4j-api-1.7.30.jar:/home/runner/work/ozone/ozone/hadoop-hdds/framework/target/classes:/home/runner/work/ozone/ozone/hadoop-hdds/interface-server/target/classes:/home/runner/work/ozone/ozone/hadoop-hdds/interface-admin/target/classes:/home/runner/.m2/repository/org/apache/logging/log4j/log4j-core/2.17.1/log4j-core-2.17.1.jar:/home/runner/.m2/repository/com/lmax/disruptor/3.4.2/disruptor-3.4.2.jar:/home/runner/.m2/repository/org/eclipse/jetty/jetty-util/9.4.43.v20210629/jetty-util-9.4.43.v20210629.jar:/home/runner/.m2/repository/org/eclipse/jetty/jetty-server/9.4.43.v20210629/jetty-server-9.4.43.v20210629.jar:/home/runner/.m2/repository/javax/servlet/javax.servlet-api/3.1.0/javax.servlet-api-3.1.0.jar:/home/runner/.m2/repository/org/eclipse/jetty/jetty-http/9.4.43.v20210629/jetty-http-9.4.43.v20210629.jar:/home/runner/.m2/repository/org/eclipse/jetty/jetty-io/9.4.43.v20210629/jetty-io-9.4.43.v20210629.jar:/home/runner/.m2/repository/org/eclipse/jetty/jetty-servlet/9.4.43.v20210629/jetty-servlet-9.4.43.v20210629.jar:/home/runner/.m2/repository/org/eclipse/jetty/jetty-security/9.4.43.v20210629/jetty-security-9.4.43.v20210629.jar:/home/runner/.m2/repository/org/eclipse/jetty/jetty-util-ajax/9.4.43.v20210629/jetty-util-ajax-9.4.43.v20210629.jar:/home/runner/.m2/repository/org/eclipse/jetty/jetty-webapp/9.4.43.v20210629/jetty-webapp-9.4.43.v20210629.jar:/home/runner/.m2/repository/org/eclipse/jetty/jetty-xml/9.4.43.v20210629/jetty-xml-9.4.43.v20210629.jar:/home/runner/.m2/repository/org/apache/ratis/ratis-server/2.2.0/ratis-server-2.2.0.jar:/home/runner/.m2/repository/org/apache/ratis/ratis-proto/2.2.0/ratis-proto-2.2.0.jar:/home/runner/.m2/repository/org/apache/ratis/ratis-common/2.2.0/ratis-common-2.2.0.jar:/home/runner/.m2/repository/org/apache/ratis/ratis-client/2.2.0/ratis-client-2.2.0.jar:/home/runner/.m2/repository/org/apache/ratis/ratis-server-api/2.2.0/ratis-server-api-2.2.0.jar:/home/runner/.m2/repository/org/apache/ratis/ratis-metrics/2.2.0/ratis-metrics-2.2.0.jar:/home/runner/.m2/repository/org/rocksdb/rocksdbjni/7.0.4/rocksdbjni-7.0.4.jar:/home/runner/.m2/repository/io/prometheus/simpleclient_dropwizard/0.7.0/simpleclient_dropwizard-0.7.0.jar:/home/runner/.m2/repository/io/prometheus/simpleclient/0.7.0/simpleclient-0.7.0.jar:/home/runner/.m2/repository/io/prometheus/simpleclient_common/0.7.0/simpleclient_common-0.7.0.jar:/home/runner/.m2/repository/com/fasterxml/jackson/datatype/jackson-datatype-jsr310/2.13.2/jackson-datatype-jsr310-2.13.2.jar:/home/runner/.m2/repository/com/fasterxml/jackson/core/jackson-core/2.13.2/jackson-core-2.13.2.jar:/home/runner/.m2/repository/com/fasterxml/jackson/core/jackson-databind/2.13.2.2/jackson-databind-2.13.2.2.jar:/home/runner/.m2/repository/org/apache/hadoop/hadoop-hdfs-client/3.3.1/hadoop-hdfs-client-3.3.1.jar:/home/runner/work/ozone/ozone/hadoop-hdds/hadoop-dependency-server/target/classes:/home/runner/.m2/repository/org/apache/hadoop/hadoop-annotations/3.3.1/hadoop-annotations-3.3.1.jar:/usr/lib/jvm/temurin-8-jdk-amd64/jre/../lib/tools.jar:/home/runner/.m2/repository/org/apache/hadoop/hadoop-common/3.3.1/hadoop-common-3.3.1.jar:/home/runner/.m2/repository/org/apache/hadoop/thirdparty/hadoop-shaded-guava/1.1.1/hadoop-shaded-guava-1.1.1.jar:/home/runner/.m2/repository/org/apache/commons/commons-math3/3.1.1/commons-math3-3.1.1.jar:/home/runner/.m2/repository/org/apache/httpcomponents/httpclient/4.5.13/httpclient-4.5.13.jar:/home/runner/.m2/repository/org/apache/httpcomponents/httpcore/4.4.13/httpcore-4.4.13.jar:/home/runner/.m2/repository/commons-codec/commons-codec/1.11/commons-codec-1.11.jar:/home/runner/.m2/repository/commons-net/commons-net/3.6/commons-net-3.6.jar:/home/runner/.m2/repository/commons-collections/commons-collections/3.2.2/commons-collections-3.2.2.jar:/home/runner/.m2/repository/jakarta/activation/jakarta.activation-api/1.2.1/jakarta.activation-api-1.2.1.jar:/home/runner/.m2/repository/javax/servlet/jsp/jsp-api/2.1/jsp-api-2.1.jar:/home/runner/.m2/repository/com/sun/jersey/jersey-core/1.19/jersey-core-1.19.jar:/home/runner/.m2/repository/javax/ws/rs/jsr311-api/1.1.1/jsr311-api-1.1.1.jar:/home/runner/.m2/repository/com/sun/jersey/jersey-servlet/1.19/jersey-servlet-1.19.jar:/home/runner/.m2/repository/com/sun/jersey/jersey-server/1.19/jersey-server-1.19.jar:/home/runner/.m2/repository/commons-beanutils/commons-beanutils/1.9.4/commons-beanutils-1.9.4.jar:/home/runner/.m2/repository/org/apache/commons/commons-configuration2/2.1.1/commons-configuration2-2.1.1.jar:/home/runner/.m2/repository/org/apache/commons/commons-text/1.4/commons-text-1.4.jar:/home/runner/.m2/repository/org/slf4j/slf4j-log4j12/1.7.30/slf4j-log4j12-1.7.30.jar:/home/runner/.m2/repository/com/google/re2j/re2j/1.1/re2j-1.1.jar:/home/runner/.m2/repository/com/google/code/gson/gson/2.2.4/gson-2.2.4.jar:/home/runner/.m2/repository/org/apache/hadoop/hadoop-auth/3.3.1/hadoop-auth-3.3.1.jar:/home/runner/.m2/repository/com/nimbusds/nimbus-jose-jwt/7.9/nimbus-jose-jwt-7.9.jar:/home/runner/.m2/repository/com/github/stephenc/jcip/jcip-annotations/1.0-1/jcip-annotations-1.0-1.jar:/home/runner/.m2/repository/net/minidev/json-smart/2.4.7/json-smart-2.4.7.jar:/home/runner/.m2/repository/net/minidev/accessors-smart/2.4.7/accessors-smart-2.4.7.jar:/home/runner/.m2/repository/org/apache/kerby/kerb-simplekdc/1.0.1/kerb-simplekdc-1.0.1.jar:/home/runner/.m2/repository/org/apache/kerby/kerb-client/1.0.1/kerb-client-1.0.1.jar:/home/runner/.m2/repository/org/apache/kerby/kerby-config/1.0.1/kerby-config-1.0.1.jar:/home/runner/.m2/repository/org/apache/kerby/kerb-common/1.0.1/kerb-common-1.0.1.jar:/home/runner/.m2/repository/org/apache/kerby/kerb-crypto/1.0.1/kerb-crypto-1.0.1.jar:/home/runner/.m2/repository/org/apache/kerby/kerb-util/1.0.1/kerb-util-1.0.1.jar:/home/runner/.m2/repository/org/apache/kerby/token-provider/1.0.1/token-provider-1.0.1.jar:/home/runner/.m2/repository/org/apache/kerby/kerb-admin/1.0.1/kerb-admin-1.0.1.jar:/home/runner/.m2/repository/org/apache/kerby/kerb-server/1.0.1/kerb-server-1.0.1.jar:/home/runner/.m2/repository/org/apache/kerby/kerb-identity/1.0.1/kerb-identity-1.0.1.jar:/home/runner/.m2/repository/org/apache/kerby/kerby-xdr/1.0.1/kerby-xdr-1.0.1.jar:/home/runner/.m2/repository/com/jcraft/jsch/0.1.54/jsch-0.1.54.jar:/home/runner/.m2/repository/org/apache/htrace/htrace-core4/4.1.0-incubating/htrace-core4-4.1.0-incubating.jar:/home/runner/.m2/repository/org/apache/kerby/kerb-core/1.0.1/kerb-core-1.0.1.jar:/home/runner/.m2/repository/org/apache/kerby/kerby-pkix/1.0.1/kerby-pkix-1.0.1.jar:/home/runner/.m2/repository/org/apache/kerby/kerby-asn1/1.0.1/kerby-asn1-1.0.1.jar:/home/runner/.m2/repository/org/apache/kerby/kerby-util/1.0.1/kerby-util-1.0.1.jar:/home/runner/.m2/repository/org/codehaus/woodstox/stax2-api/3.1.4/stax2-api-3.1.4.jar:/home/runner/.m2/repository/com/fasterxml/woodstox/woodstox-core/5.0.3/woodstox-core-5.0.3.jar:/home/runner/.m2/repository/dnsjava/dnsjava/2.1.7/dnsjava-2.1.7.jar:/home/runner/.m2/repository/org/xerial/snappy/snappy-java/1.1.8.2/snappy-java-1.1.8.2.jar:/home/runner/.m2/repository/commons-cli/commons-cli/1.2/commons-cli-1.2.jar:/home/runner/.m2/repository/org/apache/hadoop/hadoop-hdfs/3.3.1/hadoop-hdfs-3.3.1.jar:/home/runner/.m2/repository/commons-daemon/commons-daemon/1.0.13/commons-daemon-1.0.13.jar:/home/runner/.m2/repository/org/bouncycastle/bcprov-jdk15on/1.67/bcprov-jdk15on-1.67.jar:/home/runner/.m2/repository/io/netty/netty-tcnative/2.0.38.Final/netty-tcnative-2.0.38.Final.jar:/home/runner/.m2/repository/io/netty/netty-tcnative-boringssl-static/2.0.38.Final/netty-tcnative-boringssl-static-2.0.38.Final.jar:/home/runner/.m2/repository/org/mockito/mockito-core/2.28.2/mockito-core-2.28.2.jar:/home/runner/.m2/repository/net/bytebuddy/byte-buddy/1.9.10/byte-buddy-1.9.10.jar:/home/runner/.m2/repository/net/bytebuddy/byte-buddy-agent/1.9.10/byte-buddy-agent-1.9.10.jar:/home/runner/.m2/repository/org/objenesis/objenesis/1.0/objenesis-1.0.jar:/home/runner/.m2/repository/com/github/spotbugs/spotbugs-annotations/3.1.12/spotbugs-annotations-3.1.12.jar:/home/runner/work/ozone/ozone/hadoop-hdds/common/target/test-classes:/home/runner/work/ozone/ozone/hadoop-hdds/hadoop-dependency-client/target/classes:/home/runner/.m2/repository/info/picocli/picocli/4.6.1/picocli-4.6.1.jar:/home/runner/.m2/repository/com/fasterxml/jackson/core/jackson-annotations/2.13.2/jackson-annotations-2.13.2.jar:/home/runner/work/ozone/ozone/hadoop-hdds/config/target/classes:/home/runner/.m2/repository/io/dropwizard/metrics/metrics-core/3.2.4/metrics-core-3.2.4.jar:/home/runner/.m2/repository/org/apache/ratis/ratis-netty/2.2.0/ratis-netty-2.2.0.jar:/home/runner/.m2/repository/org/apache/ratis/ratis-grpc/2.2.0/ratis-grpc-2.2.0.jar:/home/runner/.m2/repository/org/apache/logging/log4j/log4j-api/2.17.1/log4j-api-2.17.1.jar:/home/runner/.m2/repository/org/apache/commons/commons-pool2/2.6.0/commons-pool2-2.6.0.jar:/home/runner/.m2/repository/org/bouncycastle/bcpkix-jdk15on/1.67/bcpkix-jdk15on-1.67.jar:/home/runner/.m2/repository/commons-validator/commons-validator/1.6/commons-validator-1.6.jar:/home/runner/.m2/repository/commons-digester/commons-digester/1.8.1/commons-digester-1.8.1.jar:/home/runner/.m2/repository/io/jaegertracing/jaeger-client/1.6.0/jaeger-client-1.6.0.jar:/home/runner/.m2/repository/io/jaegertracing/jaeger-thrift/1.6.0/jaeger-thrift-1.6.0.jar:/home/runner/.m2/repository/org/apache/thrift/libthrift/0.14.1/libthrift-0.14.1.jar:/home/runner/.m2/repository/com/squareup/okhttp3/okhttp/4.9.0/okhttp-4.9.0.jar:/home/runner/.m2/repository/com/squareup/okio/okio/2.8.0/okio-2.8.0.jar:/home/runner/.m2/repository/io/jaegertracing/jaeger-core/1.6.0/jaeger-core-1.6.0.jar:/home/runner/.m2/repository/io/jaegertracing/jaeger-tracerresolver/1.6.0/jaeger-tracerresolver-1.6.0.jar:/home/runner/.m2/repository/io/opentracing/contrib/opentracing-tracerresolver/0.1.8/opentracing-tracerresolver-0.1.8.jar:/home/runner/.m2/repository/org/jetbrains/kotlin/kotlin-stdlib/1.4.31/kotlin-stdlib-1.4.31.jar:/home/runner/.m2/repository/org/jetbrains/kotlin/kotlin-stdlib-common/1.4.31/kotlin-stdlib-common-1.4.31.jar:/home/runner/.m2/repository/org/jetbrains/annotations/13.0/annotations-13.0.jar:/home/runner/.m2/repository/io/opentracing/opentracing-util/0.33.0/opentracing-util-0.33.0.jar:/home/runner/.m2/repository/io/opentracing/opentracing-api/0.33.0/opentracing-api-0.33.0.jar:/home/runner/.m2/repository/io/opentracing/opentracing-noop/0.33.0/opentracing-noop-0.33.0.jar:/home/runner/.m2/repository/org/yaml/snakeyaml/1.26/snakeyaml-1.26.jar:/home/runner/work/ozone/ozone/hadoop-hdds/hadoop-dependency-test/target/classes:/home/runner/.m2/repository/org/apache/hadoop/hadoop-common/3.3.1/hadoop-common-3.3.1-tests.jar:/home/runner/.m2/repository/org/apache/hadoop/hadoop-hdfs/3.3.1/hadoop-hdfs-3.3.1-tests.jar:/home/runner/.m2/repository/org/assertj/assertj-core/3.12.2/assertj-core-3.12.2.jar:/home/runner/work/ozone/ozone/hadoop-hdds/server-scm/target/test-classes:/home/runner/work/ozone/ozone/hadoop-hdds/container-service/target/classes:/home/runner/.m2/repository/javax/xml/bind/jaxb-api/2.3.0/jaxb-api-2.3.0.jar:/home/runner/.m2/repository/org/glassfish/jaxb/jaxb-runtime/2.3.0.1/jaxb-runtime-2.3.0.1.jar:/home/runner/.m2/repository/org/glassfish/jaxb/jaxb-core/2.3.0.1/jaxb-core-2.3.0.1.jar:/home/runner/.m2/repository/org/glassfish/jaxb/txw2/2.3.0.1/txw2-2.3.0.1.jar:/home/runner/.m2/repository/com/sun/istack/istack-commons-runtime/3.0.5/istack-commons-runtime-3.0.5.jar:/home/runner/.m2/repository/org/jvnet/staxex/stax-ex/1.7.8/stax-ex-1.7.8.jar:/home/runner/.m2/repository/com/sun/xml/fastinfoset/FastInfoset/1.2.13/FastInfoset-1.2.13.jar:/home/runner/.m2/repository/junit/junit/4.13.1/junit-4.13.1.jar:/home/runner/.m2/repository/org/hamcrest/hamcrest-core/1.3/hamcrest-core-1.3.jar:/home/runner/.m2/repository/org/jmockit/jmockit/1.24/jmockit-1.24.jar:/home/runner/.m2/repository/org/hamcrest/hamcrest-all/1.3/hamcrest-all-1.3.jar:/home/runner/.m2/repository/com/google/testing/compile/compile-testing/0.19/compile-testing-0.19.jar:/home/runner/.m2/repository/com/google/truth/truth/1.1/truth-1.1.jar:/home/runner/.m2/repository/com/google/auto/value/auto-value-annotations/1.7.4/auto-value-annotations-1.7.4.jar:/home/runner/.m2/repository/org/ow2/asm/asm/5.0.4/asm-5.0.4.jar:/home/runner/.m2/repository/com/google/auto/value/auto-value/1.7.4/auto-value-1.7.4.jar:/home/runner/.m2/repository/com/google/auto/auto-common/0.11/auto-common-0.11.jar:/usr/lib/jvm/temurin-8-jdk-amd64/jre/../lib/tools.jar:/home/runner/.m2/repository/org/reflections/reflections/0.9.11/reflections-0.9.11.jar:/home/runner/.m2/repository/org/javassist/javassist/3.21.0-GA/javassist-3.21.0-GA.jar:/home/runner/work/ozone/ozone/dev-support/annotations/target/classes:"/>
    <property name="sun.cpu.endian" value="little"/>
    <property name="user.home" value="/home/runner"/>
    <property name="user.language" value="en"/>
    <property name="java.specification.vendor" value="Oracle Corporation"/>
    <property name="java.home" value="/usr/lib/jvm/temurin-8-jdk-amd64/jre"/>
    <property name="java.security.krb5.conf" value="/home/runner/work/ozone/ozone/hadoop-ozone/ozone-manager/target/test-classes/krb5.conf"/>
    <property name="basedir" value="/home/runner/work/ozone/ozone/hadoop-ozone/ozone-manager"/>
    <property name="file.separator" value="/"/>
    <property name="line.separator" value="&#10;"/>
    <property name="java.vm.specification.vendor" value="Oracle Corporation"/>
    <property name="java.specification.name" value="Java Platform API Specification"/>
    <property name="java.awt.graphicsenv" value="sun.awt.X11GraphicsEnvironment"/>
    <property name="skip.installnpx" value="true"/>
    <property name="surefire.real.class.path" value="/home/runner/work/ozone/ozone/hadoop-ozone/ozone-manager/target/surefire/surefirebooter1071312449289583998.jar:/home/runner/.m2/repository/org/jacoco/org.jacoco.agent/0.8.5/org.jacoco.agent-0.8.5-runtime.jar"/>
    <property name="hadoop.log.dir" value="/home/runner/work/ozone/ozone/hadoop-ozone/ozone-manager/target/log"/>
    <property name="sun.boot.class.path" value="/usr/lib/jvm/temurin-8-jdk-amd64/jre/lib/resources.jar:/usr/lib/jvm/temurin-8-jdk-amd64/jre/lib/rt.jar:/usr/lib/jvm/temurin-8-jdk-amd64/jre/lib/sunrsasign.jar:/usr/lib/jvm/temurin-8-jdk-amd64/jre/lib/jsse.jar:/usr/lib/jvm/temurin-8-jdk-amd64/jre/lib/jce.jar:/usr/lib/jvm/temurin-8-jdk-amd64/jre/lib/charsets.jar:/usr/lib/jvm/temurin-8-jdk-amd64/jre/lib/jfr.jar:/usr/lib/jvm/temurin-8-jdk-amd64/jre/classes"/>
    <property name="sun.management.compiler" value="HotSpot 64-Bit Tiered Compilers"/>
    <property name="skip.npx" value="true"/>
    <property name="java.runtime.version" value="1.8.0_322-b06"/>
    <property name="java.net.preferIPv4Stack" value="true"/>
    <property name="user.name" value="runner"/>
    <property name="path.separator" value=":"/>
    <property name="java.security.egd" value="file:///dev/urandom"/>
    <property name="os.version" value="5.4.0-1077-azure"/>
    <property name="java.endorsed.dirs" value="/usr/lib/jvm/temurin-8-jdk-amd64/jre/lib/endorsed"/>
    <property name="java.runtime.name" value="OpenJDK Runtime Environment"/>
    <property name="file.encoding" value="UTF-8"/>
    <property name="java.vm.name" value="OpenJDK 64-Bit Server VM"/>
    <property name="test.build.webapps" value=""/>
    <property name="localRepository" value="/home/runner/.m2/repository"/>
    <property name="jetty.git.hash" value="526006ecfa3af7f1a27ef3a288e2bef7ea9dd7e8"/>
    <property name="java.vendor.url.bug" value="https://github.com/adoptium/adoptium-support/issues"/>
    <property name="java.io.tmpdir" value="/tmp"/>
    <property name="require.test.libhadoop" value=""/>
    <property name="java.version" value="1.8.0_322"/>
    <property name="user.dir" value="/home/runner/work/ozone/ozone/hadoop-ozone/ozone-manager"/>
    <property name="os.arch" value="amd64"/>
    <property name="java.vm.specification.name" value="Java Virtual Machine Specification"/>
    <property name="test.build.classes" value="/home/runner/work/ozone/ozone/hadoop-ozone/ozone-manager/target/test-classes"/>
    <property name="java.awt.printerjob" value="sun.print.PSPrinterJob"/>
    <property name="sun.os.patch.level" value="unknown"/>
    <property name="hadoop.tmp.dir" value="/home/runner/work/ozone/ozone/hadoop-ozone/ozone-manager/target/tmp"/>
    <property name="java.library.path" value="/usr/java/packages/lib/amd64:/usr/lib64:/lib64:/lib:/usr/lib"/>
    <property name="java.vm.info" value="mixed mode"/>
    <property name="java.vendor" value="Temurin"/>
    <property name="java.vm.version" value="25.322-b06"/>
    <property name="java.ext.dirs" value="/usr/lib/jvm/temurin-8-jdk-amd64/jre/lib/ext:/usr/java/packages/lib/ext"/>
    <property name="sun.io.unicode.encoding" value="UnicodeLittle"/>
    <property name="java.class.version" value="52.0"/>
  </properties>
  <testcase name="testBucketAcl" classname="org.apache.hadoop.ozone.security.acl.TestParentAcl" time="0.055">
    <system-out><![CDATA[2022-05-10 23:17:38,080 [main] WARN  server.ServerUtils (ServerUtils.java:getDBPath(225)) - ozone.om.db.dirs is not configured. We recommend adding this setting. Falling back to ozone.metadata.dirs instead.
2022-05-10 23:17:38,781 [main] INFO  audit.AuditLogger (AuditLogger.java:refreshDebugCmdSet(120)) - Refresh DebugCmdSet for OMAudit to [].
2022-05-10 23:17:39,076 [main] INFO  ha.OMHANodeDetails (OMHANodeDetails.java:loadOMHAConfig(112)) - ozone.om.internal.service.id is not defined, falling back to ozone.om.service.ids to find serviceID for OzoneManager if it is HA enabled cluster
2022-05-10 23:17:39,149 [main] INFO  ha.OMHANodeDetails (OMHANodeDetails.java:loadOMHAConfig(218)) - Configuration does not have ozone.om.address set. Falling back to the default OM address /0.0.0.0:9862
2022-05-10 23:17:39,150 [main] INFO  ha.OMHANodeDetails (OMHANodeDetails.java:getOMNodeDetailsForNonHA(246)) - OM Service ID is not set. Setting it to the default ID: omServiceIdDefault
2022-05-10 23:17:39,150 [main] INFO  ha.OMHANodeDetails (OMHANodeDetails.java:getOMNodeDetailsForNonHA(253)) - OM Node ID is not set. Setting it to the default ID: om1
2022-05-10 23:17:39,157 [main] WARN  server.ServerUtils (ServerUtils.java:getDBPath(225)) - ozone.om.db.dirs is not configured. We recommend adding this setting. Falling back to ozone.metadata.dirs instead.
2022-05-10 23:17:39,162 [main] INFO  upgrade.AbstractLayoutVersionManager (AbstractLayoutVersionManager.java:init(79)) - Initializing Layout version manager with metadata layout = ERASURE_CODED_STORAGE_SUPPORT (version = 1), software layout = ERASURE_CODED_STORAGE_SUPPORT (version = 1)
2022-05-10 23:17:39,358 [main] INFO  reflections.Reflections (Reflections.java:scan(232)) - Reflections took 148 ms to scan 2 urls, producing 143 keys and 369 values [using 2 cores]
2022-05-10 23:17:39,377 [main] INFO  upgrade.OMLayoutVersionManager (OMLayoutVersionManager.java:lambda$0(115)) - Skipping Upgrade Action MockOmUpgradeAction since it has been finalized.
2022-05-10 23:17:39,381 [main] WARN  server.ServerUtils (ServerUtils.java:getDBPath(225)) - ozone.om.db.dirs is not configured. We recommend adding this setting. Falling back to ozone.metadata.dirs instead.
2022-05-10 23:17:39,416 [main] WARN  util.NativeCodeLoader (NativeCodeLoader.java:<clinit>(60)) - Unable to load native-hadoop library for your platform... using builtin-java classes where applicable
2022-05-10 23:17:40,294 [main] WARN  server.ServerUtils (ServerUtils.java:getDBPath(225)) - ozone.om.db.dirs is not configured. We recommend adding this setting. Falling back to ozone.metadata.dirs instead.
2022-05-10 23:17:40,458 [main] INFO  codec.OmKeyInfoCodec (OmKeyInfoCodec.java:<init>(49)) - OmKeyInfoCodec ignorePipeline = true
2022-05-10 23:17:40,460 [main] INFO  codec.RepeatedOmKeyInfoCodec (RepeatedOmKeyInfoCodec.java:<init>(41)) - RepeatedOmKeyInfoCodec ignorePipeline = true
2022-05-10 23:17:40,685 [main] INFO  security.OzoneSecretStore (OzoneSecretStore.java:loadState(69)) - Loaded 0 tokens
2022-05-10 23:17:40,686 [main] INFO  security.OzoneDelegationTokenSecretManager (OzoneDelegationTokenSecretManager.java:loadTokenSecretState(517)) - Loading token state into token manager.
2022-05-10 23:17:40,799 [main] INFO  om.OzoneManager (OzoneManager.java:addS3GVolumeToDB(3880)) - Created Volume s3v With Owner runner required for S3Gateway operations.
2022-05-10 23:17:40,870 [main] WARN  server.ServerUtils (ServerUtils.java:getDefaultRatisDirectory(237)) - Storage directory for Ratis is not configured. It is a good idea to map this to an SSD disk. Falling back to ozone.metadata.dirs
2022-05-10 23:17:40,871 [main] WARN  utils.OzoneManagerRatisUtils (OzoneManagerRatisUtils.java:getOMRatisSnapshotDirectory(395)) - ozone.om.ratis.snapshot.dir is not configured. Falling back to ozone.metadata.dirs config
2022-05-10 23:17:40,905 [main] INFO  metrics.MetricRegistries (MetricRegistriesLoader.java:load(64)) - Loaded MetricRegistries class org.apache.ratis.metrics.impl.MetricRegistriesImpl
2022-05-10 23:17:40,927 [main] WARN  server.ServerUtils (ServerUtils.java:getDefaultRatisDirectory(237)) - Storage directory for Ratis is not configured. It is a good idea to map this to an SSD disk. Falling back to ozone.metadata.dirs
2022-05-10 23:17:40,985 [main] INFO  ratis.OzoneManagerRatisServer (OzoneManagerRatisServer.java:<init>(159)) - Instantiating OM Ratis server with groupID: omServiceIdDefault and peers: 0.0.0.0:9872
2022-05-10 23:17:40,997 [main] INFO  ratis.OzoneManagerStateMachine (OzoneManagerStateMachine.java:loadSnapshotInfoFromDB(627)) - LastAppliedIndex is set from TransactionInfo from OM DB as (t:0, i:~)
2022-05-10 23:17:41,048 [main] INFO  server.RaftServer (ConfUtils.java:logGet(44)) - raft.rpc.type = GRPC (default)
2022-05-10 23:17:41,124 [main] INFO  grpc.GrpcFactory (GrpcFactory.java:checkPooledByteBufAllocatorUseCacheForAllThreads(48)) - PERFORMANCE WARNING: useCacheForAllThreads is true that may cause Netty to create a lot garbage objects and, as a result, trigger GC.
	It is recommended to disable useCacheForAllThreads by setting -Dorg.apache.ratis.thirdparty.io.netty.allocator.useCacheForAllThreads=false in command line.
2022-05-10 23:17:41,129 [main] INFO  grpc.GrpcConfigKeys (ConfUtils.java:logGet(44)) - raft.grpc.admin.port = -1 (default)
2022-05-10 23:17:41,130 [main] INFO  grpc.GrpcConfigKeys (ConfUtils.java:logGet(44)) - raft.grpc.server.port = 9872 (custom)
2022-05-10 23:17:41,131 [main] INFO  grpc.GrpcConfigKeys (ConfUtils.java:logGet(44)) - raft.grpc.client.port = -1 (default)
2022-05-10 23:17:41,131 [main] INFO  grpc.GrpcConfigKeys (ConfUtils.java:logGet(44)) - raft.grpc.server.port = 9872 (custom)
2022-05-10 23:17:41,131 [main] INFO  grpc.GrpcConfigKeys (ConfUtils.java:logGet(44)) - raft.grpc.server.port = 9872 (custom)
2022-05-10 23:17:41,132 [main] INFO  server.GrpcService (ConfUtils.java:logGet(44)) - raft.grpc.message.size.max = 33554432 (custom)
2022-05-10 23:17:41,136 [main] INFO  server.RaftServerConfigKeys (ConfUtils.java:logGet(44)) - raft.server.log.appender.buffer.byte-limit = 33554432 (custom)
2022-05-10 23:17:41,137 [main] INFO  server.GrpcService (ConfUtils.java:logGet(44)) - raft.grpc.flow.control.window = 1MB (=1048576) (default)
2022-05-10 23:17:41,138 [main] INFO  server.RaftServerConfigKeys (ConfUtils.java:logGet(44)) - raft.server.rpc.request.timeout = 3000ms (default)
2022-05-10 23:17:41,389 [main] INFO  impl.DataStreamServerImpl (ConfUtils.java:logGet(44)) - raft.datastream.type = DISABLED (default)
2022-05-10 23:17:41,391 [main] INFO  server.RaftServerConfigKeys (ConfUtils.java:logGet(44)) - raft.server.rpc.slowness.timeout = 120s (custom)
2022-05-10 23:17:41,392 [main] INFO  server.RaftServerConfigKeys (ConfUtils.java:logGet(44)) - raft.server.leaderelection.leader.step-down.wait-time = 10s (default)
2022-05-10 23:17:41,407 [main] INFO  server.RaftServerConfigKeys (ConfUtils.java:logGet(44)) - raft.server.storage.dir = [/home/runner/work/ozone/ozone/hadoop-ozone/ozone-manager/target/test-dir/ljKFANSd8R/ratis] (custom)
2022-05-10 23:17:41,414 [main] INFO  server.RaftServer (RaftServerProxy.java:addNew(95)) - om1: addNew group-C5BA1605619E:[om1|rpc:0.0.0.0:9872|priority:0] returns group-C5BA1605619E:java.util.concurrent.CompletableFuture@1134a934[Not completed]
2022-05-10 23:17:41,414 [main] INFO  om.OzoneManager (OzoneManager.java:initializeRatisServer(1891)) - OzoneManager Ratis server initialized at port 9872
2022-05-10 23:17:41,428 [main] INFO  om.OzoneManager (OzoneManager.java:getRpcServer(1027)) - Creating RPC Server
2022-05-10 23:17:41,472 [pool-23-thread-1] INFO  server.RaftServer$Division (RaftServerImpl.java:<init>(184)) - om1: new RaftServerImpl for group-C5BA1605619E:[om1|rpc:0.0.0.0:9872|priority:0] with OzoneManagerStateMachine:uninitialized
2022-05-10 23:17:41,474 [pool-23-thread-1] INFO  server.RaftServerConfigKeys (ConfUtils.java:logGet(44)) - raft.server.rpc.timeout.min = 5s (custom)
2022-05-10 23:17:41,478 [pool-23-thread-1] INFO  server.RaftServerConfigKeys (ConfUtils.java:logGet(44)) - raft.server.rpc.timeout.max = 5200ms (custom)
2022-05-10 23:17:41,478 [pool-23-thread-1] INFO  server.RaftServerConfigKeys (ConfUtils.java:logGet(44)) - raft.server.rpc.sleep.time = 25ms (default)
2022-05-10 23:17:41,478 [pool-23-thread-1] INFO  server.RaftServerConfigKeys (ConfUtils.java:logGet(44)) - raft.server.rpc.slowness.timeout = 120s (custom)
2022-05-10 23:17:41,478 [pool-23-thread-1] INFO  server.RaftServerConfigKeys (ConfUtils.java:logGet(44)) - raft.server.leaderelection.leader.step-down.wait-time = 10s (default)
2022-05-10 23:17:41,478 [pool-23-thread-1] INFO  server.RaftServerConfigKeys (ConfUtils.java:logGet(44)) - raft.server.sleep.deviation.threshold = 300ms (default)
2022-05-10 23:17:41,479 [pool-23-thread-1] INFO  server.RaftServerConfigKeys (ConfUtils.java:logGet(44)) - raft.server.log.appender.install.snapshot.enabled = false (custom)
2022-05-10 23:17:41,485 [pool-23-thread-1] INFO  server.RaftServer$Division (ServerState.java:<init>(105)) - om1@group-C5BA1605619E: ConfigurationManager, init=-1: [om1|rpc:0.0.0.0:9872|priority:0], old=null, confs=<EMPTY_MAP>
2022-05-10 23:17:41,485 [pool-23-thread-1] INFO  server.RaftServerConfigKeys (ConfUtils.java:logGet(44)) - raft.server.storage.dir = [/home/runner/work/ozone/ozone/hadoop-ozone/ozone-manager/target/test-dir/ljKFANSd8R/ratis] (custom)
2022-05-10 23:17:41,502 [pool-23-thread-1] INFO  server.RaftServerConfigKeys (ConfUtils.java:logGet(44)) - raft.server.log.corruption.policy = EXCEPTION (default)
2022-05-10 23:17:41,503 [pool-23-thread-1] INFO  server.RaftServerConfigKeys (ConfUtils.java:logGet(44)) - raft.server.storage.free-space.min = 0MB (=0) (default)
2022-05-10 23:17:41,520 [pool-23-thread-1] INFO  storage.RaftStorageDirectory (RaftStorageDirectoryImpl.java:analyzeStorage(135)) - The storage directory /home/runner/work/ozone/ozone/hadoop-ozone/ozone-manager/target/test-dir/ljKFANSd8R/ratis/bf265839-605b-3f16-9796-c5ba1605619e does not exist. Creating ...
2022-05-10 23:17:41,533 [pool-23-thread-1] INFO  storage.RaftStorageDirectory (RaftStorageDirectoryImpl.java:tryLock(230)) - Lock on /home/runner/work/ozone/ozone/hadoop-ozone/ozone-manager/target/test-dir/ljKFANSd8R/ratis/bf265839-605b-3f16-9796-c5ba1605619e/in_use.lock acquired by nodename 12909@fv-az503-350
2022-05-10 23:17:41,554 [pool-23-thread-1] INFO  storage.RaftStorage (RaftStorageImpl.java:format(89)) - Storage directory /home/runner/work/ozone/ozone/hadoop-ozone/ozone-manager/target/test-dir/ljKFANSd8R/ratis/bf265839-605b-3f16-9796-c5ba1605619e has been successfully formatted.
2022-05-10 23:17:41,564 [pool-23-thread-1] INFO  server.RaftServerConfigKeys (ConfUtils.java:logGet(44)) - raft.server.notification.no-leader.timeout = 120s (custom)
2022-05-10 23:17:41,586 [pool-23-thread-1] INFO  server.RaftServerConfigKeys (ConfUtils.java:logGet(44)) - raft.server.log.use.memory = false (default)
2022-05-10 23:17:41,619 [pool-23-thread-1] INFO  server.RaftServerConfigKeys (ConfUtils.java:logGet(44)) - raft.server.log.purge.gap = 1000000 (custom)
2022-05-10 23:17:41,619 [pool-23-thread-1] INFO  server.RaftServerConfigKeys (ConfUtils.java:logGet(44)) - raft.server.log.appender.buffer.byte-limit = 33554432 (custom)
2022-05-10 23:17:41,708 [pool-23-thread-1] INFO  server.RaftServerConfigKeys (ConfUtils.java:logGet(44)) - raft.server.log.segment.size.max = 4194304 (custom)
2022-05-10 23:17:41,780 [pool-23-thread-1] INFO  server.RaftServerConfigKeys (ConfUtils.java:logGet(44)) - raft.server.log.segment.cache.num.max = 2 (custom)
2022-05-10 23:17:41,781 [pool-23-thread-1] INFO  server.RaftServerConfigKeys (ConfUtils.java:logGet(44)) - raft.server.log.segment.cache.size.max = 200MB (=209715200) (default)
2022-05-10 23:17:41,812 [pool-23-thread-1] INFO  segmented.SegmentedRaftLogWorker (SegmentedRaftLogWorker.java:<init>(182)) - new om1@group-C5BA1605619E-SegmentedRaftLogWorker for RaftStorageImpl:Storage Directory /home/runner/work/ozone/ozone/hadoop-ozone/ozone-manager/target/test-dir/ljKFANSd8R/ratis/bf265839-605b-3f16-9796-c5ba1605619e
2022-05-10 23:17:41,812 [pool-23-thread-1] INFO  server.RaftServerConfigKeys (ConfUtils.java:logGet(44)) - raft.server.log.queue.byte-limit = 64MB (=67108864) (default)
2022-05-10 23:17:41,813 [pool-23-thread-1] INFO  server.RaftServerConfigKeys (ConfUtils.java:logGet(44)) - raft.server.log.queue.element-limit = 4096 (default)
2022-05-10 23:17:41,823 [pool-23-thread-1] INFO  server.RaftServerConfigKeys (ConfUtils.java:logGet(44)) - raft.server.log.segment.size.max = 4194304 (custom)
2022-05-10 23:17:41,824 [pool-23-thread-1] INFO  server.RaftServerConfigKeys (ConfUtils.java:logGet(44)) - raft.server.log.preallocated.size = 4194304 (custom)
2022-05-10 23:17:41,824 [pool-23-thread-1] INFO  server.RaftServerConfigKeys (ConfUtils.java:logGet(44)) - raft.server.log.force.sync.num = 128 (default)
2022-05-10 23:17:41,835 [pool-23-thread-1] INFO  server.RaftServerConfigKeys (ConfUtils.java:logGet(44)) - raft.server.log.statemachine.data.sync = true (default)
2022-05-10 23:17:41,835 [pool-23-thread-1] INFO  server.RaftServerConfigKeys (ConfUtils.java:logGet(44)) - raft.server.log.statemachine.data.sync.timeout = 10s (default)
2022-05-10 23:17:41,836 [pool-23-thread-1] INFO  server.RaftServerConfigKeys (ConfUtils.java:logGet(44)) - raft.server.log.statemachine.data.sync.timeout.retry = -1 (default)
2022-05-10 23:17:41,871 [pool-23-thread-1] INFO  server.RaftServerConfigKeys (ConfUtils.java:logGet(44)) - raft.server.log.write.buffer.size = 64KB (=65536) (default)
2022-05-10 23:17:41,886 [pool-23-thread-1] INFO  server.RaftServerConfigKeys (ConfUtils.java:logGet(44)) - raft.server.log.statemachine.data.caching.enabled = false (default)
2022-05-10 23:17:41,904 [pool-23-thread-1] INFO  segmented.SegmentedRaftLogWorker (SegmentedRaftLogWorker.java:lambda$new$0(133)) - om1@group-C5BA1605619E-SegmentedRaftLogWorker: flushIndex: setUnconditionally 0 -> -1
2022-05-10 23:17:41,904 [pool-23-thread-1] INFO  segmented.SegmentedRaftLogWorker (SegmentedRaftLogWorker.java:lambda$new$0(133)) - om1@group-C5BA1605619E-SegmentedRaftLogWorker: safeCacheEvictIndex: setUnconditionally 0 -> -1
2022-05-10 23:17:41,926 [pool-23-thread-1] INFO  server.RaftServerConfigKeys (ConfUtils.java:logGet(44)) - raft.server.snapshot.auto.trigger.enabled = true (custom)
2022-05-10 23:17:41,927 [pool-23-thread-1] INFO  server.RaftServerConfigKeys (ConfUtils.java:logGet(44)) - raft.server.snapshot.auto.trigger.threshold = 400000 (default)
2022-05-10 23:17:41,929 [pool-23-thread-1] INFO  server.RaftServerConfigKeys (ConfUtils.java:logGet(44)) - raft.server.snapshot.retention.file.num = -1 (default)
2022-05-10 23:17:41,929 [pool-23-thread-1] INFO  server.RaftServerConfigKeys (ConfUtils.java:logGet(44)) - raft.server.log.purge.upto.snapshot.index = true (custom)
2022-05-10 23:17:41,931 [pool-23-thread-1] INFO  server.RaftServerConfigKeys (ConfUtils.java:logGet(44)) - raft.server.retrycache.expirytime = 300s (custom)
2022-05-10 23:17:41,932 [pool-23-thread-1] INFO  server.RaftServerConfigKeys (ConfUtils.java:logGet(44)) - raft.server.retrycache.statistics.expirytime = 100μs (default)
2022-05-10 23:17:42,100 [main] INFO  reflections.Reflections (Reflections.java:scan(232)) - Reflections took 585 ms to scan 12 urls, producing 35 keys and 1801 values [using 2 cores]
2022-05-10 23:17:42,295 [main] INFO  ipc.CallQueueManager (CallQueueManager.java:<init>(90)) - Using callQueue: class java.util.concurrent.LinkedBlockingQueue, queueCapacity: 10000, scheduler: class org.apache.hadoop.ipc.DefaultRpcScheduler, ipcBackoff: false.
2022-05-10 23:17:42,348 [Socket Reader #1 for port 9862] INFO  ipc.Server (Server.java:run(1265)) - Starting Socket Reader #1 for port 9862
2022-05-10 23:17:42,883 [Listener at 0.0.0.0/9862] WARN  impl.MetricsConfig (MetricsConfig.java:loadFirst(136)) - Cannot locate configuration: tried hadoop-metrics2-ozonemanager.properties,hadoop-metrics2.properties
2022-05-10 23:17:42,901 [Listener at 0.0.0.0/9862] INFO  impl.MetricsSystemImpl (MetricsSystemImpl.java:startTimer(378)) - Scheduled Metric snapshot period at 10 second(s).
2022-05-10 23:17:42,902 [Listener at 0.0.0.0/9862] INFO  impl.MetricsSystemImpl (MetricsSystemImpl.java:start(191)) - OzoneManager metrics system started
2022-05-10 23:17:42,971 [Listener at 0.0.0.0/9862] INFO  om.OzoneManager (OzoneManager.java:start(1395)) - OzoneManager RPC server is listening at /0.0.0.0:9862
2022-05-10 23:17:42,971 [Listener at 0.0.0.0/9862] INFO  ratis.OzoneManagerRatisServer (OzoneManagerRatisServer.java:start(554)) - Starting OzoneManagerRatisServer om1 at port 9872
2022-05-10 23:17:42,977 [Listener at 0.0.0.0/9862] INFO  server.RaftServer$Division (RaftServerImpl.java:start(301)) - om1@group-C5BA1605619E: start as a follower, conf=-1: [om1|rpc:0.0.0.0:9872|priority:0], old=null
2022-05-10 23:17:42,984 [Listener at 0.0.0.0/9862] INFO  server.RaftServer$Division (RaftServerImpl.java:setRole(290)) - om1@group-C5BA1605619E: changes role from      null to FOLLOWER at term 0 for startAsFollower
2022-05-10 23:17:42,986 [Listener at 0.0.0.0/9862] INFO  impl.RoleInfo (RoleInfo.java:updateAndGet(130)) - om1: start om1@group-C5BA1605619E-FollowerState
2022-05-10 23:17:42,988 [Listener at 0.0.0.0/9862] INFO  util.JmxRegister (JmxRegister.java:tryRegister(44)) - Successfully registered JMX Bean with object name Ratis:service=RaftServer,group=group-C5BA1605619E,id=om1
2022-05-10 23:17:42,992 [Listener at 0.0.0.0/9862] INFO  server.RaftServer (RaftServerProxy.java:lambda$start$5(374)) - om1: start RPC server
2022-05-10 23:17:43,070 [Listener at 0.0.0.0/9862] INFO  server.GrpcService (GrpcService.java:startImpl(253)) - om1: GrpcService started, listening on 9872
2022-05-10 23:17:43,076 [Listener at 0.0.0.0/9862] INFO  om.OzoneManager (OzoneManager.java:start(1411)) - Version File has different layout version (1) than OM DB (null). That is expected if this OM has never been finalized to a newer layout version.
2022-05-10 23:17:43,094 [org.apache.ratis.util.JvmPauseMonitor$$Lambda$465/1387966343@5a49c1e] INFO  util.JvmPauseMonitor (JvmPauseMonitor.java:run(103)) - JvmPauseMonitor-om1: Started
2022-05-10 23:17:43,158 [Listener at 0.0.0.0/9862] INFO  http.BaseHttpServer (BaseHttpServer.java:newHttpServer2BuilderForOzone(209)) - Starting Web-server for ozoneManager at: http://0.0.0.0:9874
2022-05-10 23:17:43,158 [Listener at 0.0.0.0/9862] INFO  http.BaseHttpServer (BaseHttpServer.java:<init>(107)) - Hadoop Security Enabled: false Ozone Security Enabled: false Ozone HTTP Security Enabled: false 
2022-05-10 23:17:43,226 [Listener at 0.0.0.0/9862] INFO  util.log (Log.java:initialized(170)) - Logging initialized @8341ms to org.eclipse.jetty.util.log.Slf4jLog
2022-05-10 23:17:43,384 [Listener at 0.0.0.0/9862] INFO  server.AuthenticationFilter (AuthenticationFilter.java:constructSecretProvider(240)) - Unable to initialize FileSignerSecretProvider, falling back to use random secrets.
2022-05-10 23:17:43,389 [Listener at 0.0.0.0/9862] INFO  http.HttpRequestLog (HttpRequestLog.java:getRequestLog(86)) - Http request log for http.requests.ozoneManager is not defined
2022-05-10 23:17:43,407 [Listener at 0.0.0.0/9862] INFO  http.HttpServer2 (HttpServer2.java:addGlobalFilter(1030)) - Added global filter 'safety' (class=org.apache.hadoop.hdds.server.http.HttpServer2$QuotingInputFilter)
2022-05-10 23:17:43,409 [Listener at 0.0.0.0/9862] INFO  http.HttpServer2 (HttpServer2.java:addFilter(1006)) - Added filter static_user_filter (class=org.apache.hadoop.http.lib.StaticUserWebFilter$StaticUserFilter) to context ozoneManager
2022-05-10 23:17:43,409 [Listener at 0.0.0.0/9862] INFO  http.HttpServer2 (HttpServer2.java:addFilter(1014)) - Added filter static_user_filter (class=org.apache.hadoop.http.lib.StaticUserWebFilter$StaticUserFilter) to context logs
2022-05-10 23:17:43,409 [Listener at 0.0.0.0/9862] INFO  http.HttpServer2 (HttpServer2.java:addFilter(1014)) - Added filter static_user_filter (class=org.apache.hadoop.http.lib.StaticUserWebFilter$StaticUserFilter) to context static
2022-05-10 23:17:43,490 [Listener at 0.0.0.0/9862] INFO  http.HttpServer2 (HttpServer2.java:bindListener(1249)) - Jetty bound to port 9874
2022-05-10 23:17:43,492 [Listener at 0.0.0.0/9862] INFO  server.Server (Server.java:doStart(375)) - jetty-9.4.43.v20210629; built: 2021-06-30T11:07:22.254Z; git: 526006ecfa3af7f1a27ef3a288e2bef7ea9dd7e8; jvm 1.8.0_322-b06
2022-05-10 23:17:43,527 [Listener at 0.0.0.0/9862] INFO  server.session (DefaultSessionIdManager.java:doStart(334)) - DefaultSessionIdManager workerName=node0
2022-05-10 23:17:43,527 [Listener at 0.0.0.0/9862] INFO  server.session (DefaultSessionIdManager.java:doStart(339)) - No SessionScavenger set, using defaults
2022-05-10 23:17:43,529 [Listener at 0.0.0.0/9862] INFO  server.session (HouseKeeper.java:startScavenging(132)) - node0 Scavenging every 660000ms
2022-05-10 23:17:43,556 [Listener at 0.0.0.0/9862] INFO  handler.ContextHandler (ContextHandler.java:doStart(915)) - Started o.e.j.s.ServletContextHandler@3d5a6aca{logs,/logs,file:///home/runner/work/ozone/ozone/hadoop-ozone/ozone-manager/target/log,AVAILABLE}
2022-05-10 23:17:43,557 [Listener at 0.0.0.0/9862] INFO  handler.ContextHandler (ContextHandler.java:doStart(915)) - Started o.e.j.s.ServletContextHandler@7327dba0{static,/static,file:///home/runner/work/ozone/ozone/hadoop-ozone/ozone-manager/target/classes/webapps/static,AVAILABLE}
2022-05-10 23:17:43,631 [Listener at 0.0.0.0/9862] INFO  handler.ContextHandler (ContextHandler.java:doStart(915)) - Started o.e.j.w.WebAppContext@46ce6678{ozoneManager,/,file:///home/runner/work/ozone/ozone/hadoop-ozone/ozone-manager/target/classes/webapps/ozoneManager/,AVAILABLE}{file:/home/runner/work/ozone/ozone/hadoop-ozone/ozone-manager/target/classes/webapps/ozoneManager}
2022-05-10 23:17:43,641 [Listener at 0.0.0.0/9862] INFO  server.AbstractConnector (AbstractConnector.java:doStart(331)) - Started ServerConnector@5e9650d3{HTTP/1.1, (http/1.1)}{0.0.0.0:9874}
2022-05-10 23:17:43,641 [Listener at 0.0.0.0/9862] INFO  server.Server (Server.java:doStart(415)) - Started @8756ms
2022-05-10 23:17:43,645 [Listener at 0.0.0.0/9862] INFO  impl.MetricsSinkAdapter (MetricsSinkAdapter.java:start(204)) - Sink prometheus started
2022-05-10 23:17:43,645 [Listener at 0.0.0.0/9862] INFO  impl.MetricsSystemImpl (MetricsSystemImpl.java:registerSink(305)) - Registered sink prometheus
2022-05-10 23:17:43,646 [Listener at 0.0.0.0/9862] INFO  http.BaseHttpServer (BaseHttpServer.java:updateConnectorAddress(329)) - HTTP server of ozoneManager listening at http://0.0.0.0:9874
2022-05-10 23:17:43,677 [Listener at 0.0.0.0/9862] INFO  om.OzoneManager (OzoneManager.java:startTrashEmptier(1835)) - Trash Interval set to 0. Files deleted won't move to trash
2022-05-10 23:17:43,647 [IPC Server Responder] INFO  ipc.Server (Server.java:run(1507)) - IPC Server Responder: starting
2022-05-10 23:17:43,648 [IPC Server listener on 9862] INFO  ipc.Server (Server.java:run(1344)) - IPC Server listener on 9862: starting
2022-05-10 23:17:43,693 [org.apache.hadoop.util.JvmPauseMonitor$Monitor@69e67993] INFO  util.JvmPauseMonitor (JvmPauseMonitor.java:run(188)) - Starting JVM pause monitor
2022-05-10 23:17:46,366 [Listener at 0.0.0.0/9862] INFO  retry.RetryInvocationHandler (RetryInvocationHandler.java:log(411)) - com.google.protobuf.ServiceException: org.apache.hadoop.ipc.RemoteException(org.apache.hadoop.ozone.om.exceptions.OMNotLeaderException): OM:om1 is not the leader. Could not determine the leader node.
	at org.apache.hadoop.ozone.protocolPB.OzoneManagerProtocolServerSideTranslatorPB.createNotLeaderException(OzoneManagerProtocolServerSideTranslatorPB.java:235)
	at org.apache.hadoop.ozone.protocolPB.OzoneManagerProtocolServerSideTranslatorPB.createLeaderErrorException(OzoneManagerProtocolServerSideTranslatorPB.java:222)
	at org.apache.hadoop.ozone.protocolPB.OzoneManagerProtocolServerSideTranslatorPB.submitReadRequestToOM(OzoneManagerProtocolServerSideTranslatorPB.java:215)
	at org.apache.hadoop.ozone.protocolPB.OzoneManagerProtocolServerSideTranslatorPB.processRequest(OzoneManagerProtocolServerSideTranslatorPB.java:174)
	at org.apache.hadoop.hdds.server.OzoneProtocolMessageDispatcher.processRequest(OzoneProtocolMessageDispatcher.java:87)
	at org.apache.hadoop.ozone.protocolPB.OzoneManagerProtocolServerSideTranslatorPB.submitRequest(OzoneManagerProtocolServerSideTranslatorPB.java:146)
	at org.apache.hadoop.ozone.protocol.proto.OzoneManagerProtocolProtos$OzoneManagerService$2.callBlockingMethod(OzoneManagerProtocolProtos.java)
	at org.apache.hadoop.ipc.ProtobufRpcEngine$Server.processCall(ProtobufRpcEngine.java:466)
	at org.apache.hadoop.ipc.ProtobufRpcEngine2$Server$ProtoBufRpcInvoker.call(ProtobufRpcEngine2.java:574)
	at org.apache.hadoop.ipc.ProtobufRpcEngine2$Server$ProtoBufRpcInvoker.call(ProtobufRpcEngine2.java:552)
	at org.apache.hadoop.ipc.RPC$Server.call(RPC.java:1093)
	at org.apache.hadoop.ipc.Server$RpcCall.run(Server.java:1035)
	at org.apache.hadoop.ipc.Server$RpcCall.run(Server.java:963)
	at java.security.AccessController.doPrivileged(Native Method)
	at javax.security.auth.Subject.doAs(Subject.java:422)
	at org.apache.hadoop.security.UserGroupInformation.doAs(UserGroupInformation.java:1878)
	at org.apache.hadoop.ipc.Server$Handler.run(Server.java:2966)
, while invoking $Proxy58.submitRequest over nodeId=null,nodeAddress=0.0.0.0:9862 after 1 failover attempts. Trying to failover after sleeping for 4000ms.
2022-05-10 23:17:48,165 [om1@group-C5BA1605619E-FollowerState] INFO  impl.FollowerState (FollowerState.java:run(134)) - om1@group-C5BA1605619E-FollowerState: change to CANDIDATE, lastRpcElapsedTime:5179776970ns, electionTimeout:5172ms
2022-05-10 23:17:48,167 [om1@group-C5BA1605619E-FollowerState] INFO  impl.RoleInfo (RoleInfo.java:shutdownFollowerState(108)) - om1: shutdown om1@group-C5BA1605619E-FollowerState
2022-05-10 23:17:48,168 [om1@group-C5BA1605619E-FollowerState] INFO  server.RaftServer$Division (RaftServerImpl.java:setRole(290)) - om1@group-C5BA1605619E: changes role from  FOLLOWER to CANDIDATE at term 0 for changeToCandidate
2022-05-10 23:17:48,172 [om1@group-C5BA1605619E-FollowerState] INFO  server.RaftServerConfigKeys (ConfUtils.java:logGet(44)) - raft.server.leaderelection.pre-vote = false (custom)
2022-05-10 23:17:48,172 [om1@group-C5BA1605619E-FollowerState] INFO  impl.RoleInfo (RoleInfo.java:updateAndGet(130)) - om1: start om1@group-C5BA1605619E-LeaderElection1
2022-05-10 23:17:48,178 [om1@group-C5BA1605619E-LeaderElection1] INFO  impl.LeaderElection (LeaderElection.java:askForVotes(306)) - om1@group-C5BA1605619E-LeaderElection1 ELECTION round 0: submit vote requests at term 1 for -1: [om1|rpc:0.0.0.0:9872|priority:0], old=null
2022-05-10 23:17:48,180 [om1@group-C5BA1605619E-LeaderElection1] INFO  impl.LeaderElection (LeaderElection.java:askForVotes(308)) - om1@group-C5BA1605619E-LeaderElection1 ELECTION round 0: result PASSED (term=1)
2022-05-10 23:17:48,181 [om1@group-C5BA1605619E-LeaderElection1] INFO  impl.RoleInfo (RoleInfo.java:shutdownLeaderElection(121)) - om1: shutdown om1@group-C5BA1605619E-LeaderElection1
2022-05-10 23:17:48,181 [om1@group-C5BA1605619E-LeaderElection1] INFO  server.RaftServer$Division (RaftServerImpl.java:setRole(290)) - om1@group-C5BA1605619E: changes role from CANDIDATE to LEADER at term 1 for changeToLeader
2022-05-10 23:17:48,181 [om1@group-C5BA1605619E-LeaderElection1] INFO  server.RaftServer$Division (ServerState.java:setLeader(285)) - om1@group-C5BA1605619E: change Leader from null to om1 at term 1 for becomeLeader, leader elected after 6617ms
2022-05-10 23:17:48,188 [om1@group-C5BA1605619E-LeaderElection1] INFO  server.RaftServerConfigKeys (ConfUtils.java:logGet(44)) - raft.server.staging.catchup.gap = 1000 (default)
2022-05-10 23:17:48,194 [om1@group-C5BA1605619E-LeaderElection1] INFO  server.RaftServerConfigKeys (ConfUtils.java:logGet(44)) - raft.server.write.element-limit = 4096 (default)
2022-05-10 23:17:48,195 [om1@group-C5BA1605619E-LeaderElection1] INFO  server.RaftServerConfigKeys (ConfUtils.java:logGet(44)) - raft.server.write.byte-limit = 64MB (=67108864) (default)
2022-05-10 23:17:48,202 [om1@group-C5BA1605619E-LeaderElection1] INFO  server.RaftServerConfigKeys (ConfUtils.java:logGet(44)) - raft.server.watch.timeout = 10s (default)
2022-05-10 23:17:48,202 [om1@group-C5BA1605619E-LeaderElection1] INFO  server.RaftServerConfigKeys (ConfUtils.java:logGet(44)) - raft.server.watch.timeout.denomination = 1s (default)
2022-05-10 23:17:48,203 [om1@group-C5BA1605619E-LeaderElection1] INFO  server.RaftServerConfigKeys (ConfUtils.java:logGet(44)) - raft.server.watch.element-limit = 65536 (default)
2022-05-10 23:17:48,208 [om1@group-C5BA1605619E-LeaderElection1] INFO  server.RaftServerConfigKeys (ConfUtils.java:logGet(44)) - raft.server.write.element-limit = 4096 (default)
2022-05-10 23:17:48,210 [om1@group-C5BA1605619E-LeaderElection1] INFO  server.RaftServerConfigKeys (ConfUtils.java:logGet(44)) - raft.server.write.follower.gap.ratio.max = -1.0 (default)
2022-05-10 23:17:48,213 [om1@group-C5BA1605619E-LeaderElection1] INFO  impl.RoleInfo (RoleInfo.java:updateAndGet(130)) - om1: start om1@group-C5BA1605619E-LeaderStateImpl
2022-05-10 23:17:48,241 [om1@group-C5BA1605619E-LeaderElection1] INFO  segmented.SegmentedRaftLogWorker (SegmentedRaftLogWorker.java:startLogSegment(394)) - om1@group-C5BA1605619E-SegmentedRaftLogWorker: Starting segment from index:0
2022-05-10 23:17:48,306 [om1@group-C5BA1605619E-LeaderElection1] INFO  server.RaftServer$Division (ServerState.java:setRaftConf(387)) - om1@group-C5BA1605619E: set configuration 0: [om1|rpc:0.0.0.0:9872|admin:|client:|dataStream:|priority:0], old=null
2022-05-10 23:17:48,379 [om1@group-C5BA1605619E-SegmentedRaftLogWorker] INFO  segmented.SegmentedRaftLogWorker (SegmentedRaftLogWorker.java:execute(601)) - om1@group-C5BA1605619E-SegmentedRaftLogWorker: created new log segment /home/runner/work/ozone/ozone/hadoop-ozone/ozone-manager/target/test-dir/ljKFANSd8R/ratis/bf265839-605b-3f16-9796-c5ba1605619e/current/log_inprogress_0
2022-05-10 23:17:48,457 [om1@group-C5BA1605619E-StateMachineUpdater] INFO  ratis.OzoneManagerStateMachine (OzoneManagerStateMachine.java:notifyConfigurationChanged(191)) - Received Configuration change notification from Ratis. New Peer list:
[id: "om1"
address: "0.0.0.0:9872"
]
]]></system-out>
  </testcase>
  <testcase name="testKeyAcl" classname="org.apache.hadoop.ozone.security.acl.TestParentAcl" time="0.295">
    <failure type="java.lang.AssertionError"><![CDATA[java.lang.AssertionError
	at org.junit.Assert.fail(Assert.java:87)
	at org.junit.Assert.assertTrue(Assert.java:42)
	at org.junit.Assert.assertTrue(Assert.java:53)
	at org.apache.hadoop.ozone.security.acl.TestParentAcl.testParentChild(TestParentAcl.java:266)
	at org.apache.hadoop.ozone.security.acl.TestParentAcl.testKeyAcl(TestParentAcl.java:158)
	at sun.reflect.NativeMethodAccessorImpl.invoke0(Native Method)
	at sun.reflect.NativeMethodAccessorImpl.invoke(NativeMethodAccessorImpl.java:62)
	at sun.reflect.DelegatingMethodAccessorImpl.invoke(DelegatingMethodAccessorImpl.java:43)
	at java.lang.reflect.Method.invoke(Method.java:498)
	at org.junit.runners.model.FrameworkMethod$1.runReflectiveCall(FrameworkMethod.java:59)
	at org.junit.internal.runners.model.ReflectiveCallable.run(ReflectiveCallable.java:12)
	at org.junit.runners.model.FrameworkMethod.invokeExplosively(FrameworkMethod.java:56)
	at org.junit.internal.runners.statements.InvokeMethod.evaluate(InvokeMethod.java:17)
	at org.junit.runners.ParentRunner$3.evaluate(ParentRunner.java:306)
	at org.junit.runners.BlockJUnit4ClassRunner$1.evaluate(BlockJUnit4ClassRunner.java:100)
	at org.junit.runners.ParentRunner.runLeaf(ParentRunner.java:366)
	at org.junit.runners.BlockJUnit4ClassRunner.runChild(BlockJUnit4ClassRunner.java:103)
	at org.junit.runners.BlockJUnit4ClassRunner.runChild(BlockJUnit4ClassRunner.java:63)
	at org.junit.runners.ParentRunner$4.run(ParentRunner.java:331)
	at org.junit.runners.ParentRunner$1.schedule(ParentRunner.java:79)
	at org.junit.runners.ParentRunner.runChildren(ParentRunner.java:329)
	at org.junit.runners.ParentRunner.access$100(ParentRunner.java:66)
	at org.junit.runners.ParentRunner$2.evaluate(ParentRunner.java:293)
	at org.junit.internal.runners.statements.RunBefores.evaluate(RunBefores.java:26)
	at org.junit.runners.ParentRunner$3.evaluate(ParentRunner.java:306)
	at org.junit.runners.ParentRunner.run(ParentRunner.java:413)
	at org.junit.runner.JUnitCore.run(JUnitCore.java:137)
	at org.junit.runner.JUnitCore.run(JUnitCore.java:115)
	at org.junit.vintage.engine.execution.RunnerExecutor.execute(RunnerExecutor.java:43)
	at java.util.stream.ForEachOps$ForEachOp$OfRef.accept(ForEachOps.java:183)
	at java.util.stream.ReferencePipeline$3$1.accept(ReferencePipeline.java:193)
	at java.util.Iterator.forEachRemaining(Iterator.java:116)
	at java.util.Spliterators$IteratorSpliterator.forEachRemaining(Spliterators.java:1801)
	at java.util.stream.AbstractPipeline.copyInto(AbstractPipeline.java:482)
	at java.util.stream.AbstractPipeline.wrapAndCopyInto(AbstractPipeline.java:472)
	at java.util.stream.ForEachOps$ForEachOp.evaluateSequential(ForEachOps.java:150)
	at java.util.stream.ForEachOps$ForEachOp$OfRef.evaluateSequential(ForEachOps.java:173)
	at java.util.stream.AbstractPipeline.evaluate(AbstractPipeline.java:234)
	at java.util.stream.ReferencePipeline.forEach(ReferencePipeline.java:485)
	at org.junit.vintage.engine.VintageTestEngine.executeAllChildren(VintageTestEngine.java:82)
	at org.junit.vintage.engine.VintageTestEngine.execute(VintageTestEngine.java:73)
	at org.junit.platform.launcher.core.EngineExecutionOrchestrator.execute(EngineExecutionOrchestrator.java:108)
	at org.junit.platform.launcher.core.EngineExecutionOrchestrator.execute(EngineExecutionOrchestrator.java:88)
	at org.junit.platform.launcher.core.EngineExecutionOrchestrator.lambda$execute$0(EngineExecutionOrchestrator.java:54)
	at org.junit.platform.launcher.core.EngineExecutionOrchestrator.withInterceptedStreams(EngineExecutionOrchestrator.java:67)
	at org.junit.platform.launcher.core.EngineExecutionOrchestrator.execute(EngineExecutionOrchestrator.java:52)
	at org.junit.platform.launcher.core.DefaultLauncher.execute(DefaultLauncher.java:96)
	at org.junit.platform.launcher.core.DefaultLauncher.execute(DefaultLauncher.java:75)
	at org.apache.maven.surefire.junitplatform.JUnitPlatformProvider.execute(JUnitPlatformProvider.java:188)
	at org.apache.maven.surefire.junitplatform.JUnitPlatformProvider.invokeAllTests(JUnitPlatformProvider.java:154)
	at org.apache.maven.surefire.junitplatform.JUnitPlatformProvider.invoke(JUnitPlatformProvider.java:124)
	at org.apache.maven.surefire.booter.ForkedBooter.runSuitesInProcess(ForkedBooter.java:428)
	at org.apache.maven.surefire.booter.ForkedBooter.execute(ForkedBooter.java:162)
	at org.apache.maven.surefire.booter.ForkedBooter.run(ForkedBooter.java:562)
	at org.apache.maven.surefire.booter.ForkedBooter.main(ForkedBooter.java:548)
]]></failure>
  </testcase>
</testsuite>